{"target": -872.7935404079119, "params": {"gamma": 4.903044972676658, "lr": 0.5991103076458784}, "datetime": {"datetime": "2024-06-13 18:39:21", "elapsed": 0.407458, "delta": 0.003989}}
{"target": -145.52082889902564, "params": {"gamma": 0.15631722223280642, "lr": 0.5934814081966372}, "datetime": {"datetime": "2024-06-13 18:39:21", "elapsed": 0.41045, "delta": 0.002992}}
{"target": -1197.333102770443, "params": {"gamma": 4.337329813545594, "lr": 0.8073605288848414}, "datetime": {"datetime": "2024-06-13 18:39:21", "elapsed": 0.41444, "delta": 0.00399}}
{"target": -963.16932622471, "params": {"gamma": 3.153132786150634, "lr": 0.8928887085251513}, "datetime": {"datetime": "2024-06-13 18:39:21", "elapsed": 0.417431, "delta": 0.002991}}
{"target": -1148.635894389984, "params": {"gamma": 5.778994295630071, "lr": 0.18401020162746506}, "datetime": {"datetime": "2024-06-13 18:39:21", "elapsed": 0.421421, "delta": 0.00399}}
{"target": -1459.213172591161, "params": {"gamma": 7.8795044090212185, "lr": 0.6120311770449339}, "datetime": {"datetime": "2024-06-13 18:39:21", "elapsed": 0.424413, "delta": 0.002992}}
{"target": -166.90915192855283, "params": {"gamma": 0.5400388114654558, "lr": 0.4201936800011322}, "datetime": {"datetime": "2024-06-13 18:39:21", "elapsed": 0.428402, "delta": 0.003989}}
{"target": -2139.6393307883022, "params": {"gamma": 6.791009296817731, "lr": 0.9186017779775258}, "datetime": {"datetime": "2024-06-13 18:39:21", "elapsed": 0.431394, "delta": 0.002992}}
{"target": -148.90712811437763, "params": {"gamma": 0.005019846888682974, "lr": 0.9767591490310596}, "datetime": {"datetime": "2024-06-13 18:39:21", "elapsed": 0.435411, "delta": 0.004017}}
{"target": -1194.534897384212, "params": {"gamma": 3.766426567142999, "lr": 0.9737835383583225}, "datetime": {"datetime": "2024-06-13 18:39:21", "elapsed": 0.439374, "delta": 0.003963}}
{"target": -1670.9242336393154, "params": {"gamma": 6.047556293639557, "lr": 0.828845807980693}, "datetime": {"datetime": "2024-06-13 18:39:21", "elapsed": 0.442365, "delta": 0.002991}}
{"target": -1127.5710488970842, "params": {"gamma": 5.747540335576315, "lr": 0.6280761983073504}, "datetime": {"datetime": "2024-06-13 18:39:21", "elapsed": 0.446355, "delta": 0.00399}}
{"target": -522.1978902971738, "params": {"gamma": 2.8564772406752437, "lr": 0.586833340656083}, "datetime": {"datetime": "2024-06-13 18:39:21", "elapsed": 0.449346, "delta": 0.002991}}
{"target": -2191.9393642251725, "params": {"gamma": 7.500467615262897, "lr": 0.8583138364290424}, "datetime": {"datetime": "2024-06-13 18:39:21", "elapsed": 0.453336, "delta": 0.00399}}
{"target": -1737.4590202461725, "params": {"gamma": 7.551066802488335, "lr": 0.698057248447303}, "datetime": {"datetime": "2024-06-13 18:39:21", "elapsed": 0.456328, "delta": 0.002992}}
{"target": -1431.19309859412, "params": {"gamma": 8.644929821115943, "lr": 0.32268099683674645}, "datetime": {"datetime": "2024-06-13 18:39:21", "elapsed": 0.460317, "delta": 0.003989}}
{"target": -1018.9089788568083, "params": {"gamma": 6.708217119085085, "lr": 0.45087393641334916}, "datetime": {"datetime": "2024-06-13 18:39:22", "elapsed": 0.463309, "delta": 0.002992}}
{"target": -638.6862390034851, "params": {"gamma": 3.8216454175631407, "lr": 0.4108113499221856}, "datetime": {"datetime": "2024-06-13 18:39:22", "elapsed": 0.467298, "delta": 0.003989}}
{"target": -680.5563712942492, "params": {"gamma": 4.015394355111937, "lr": 0.3173839459582769}, "datetime": {"datetime": "2024-06-13 18:39:22", "elapsed": 0.47029, "delta": 0.002992}}
{"target": -1038.4992416129103, "params": {"gamma": 6.219571759835095, "lr": 0.43024727082126435}, "datetime": {"datetime": "2024-06-13 18:39:22", "elapsed": 0.47428, "delta": 0.00399}}
{"target": -2232.7331126092904, "params": {"gamma": 9.738046977194596, "lr": 0.6778008914343111}, "datetime": {"datetime": "2024-06-13 18:39:22", "elapsed": 0.477272, "delta": 0.002992}}
{"target": -353.2189271218558, "params": {"gamma": 1.9865003143826816, "lr": 0.4267010093480328}, "datetime": {"datetime": "2024-06-13 18:39:22", "elapsed": 0.481261, "delta": 0.003989}}
{"target": -886.995488837591, "params": {"gamma": 3.4341190515044557, "lr": 0.7976388039585666}, "datetime": {"datetime": "2024-06-13 18:39:22", "elapsed": 0.484253, "delta": 0.002992}}
{"target": -2653.97486428523, "params": {"gamma": 8.800102887345755, "lr": 0.903841955826372}, "datetime": {"datetime": "2024-06-13 18:39:22", "elapsed": 0.488242, "delta": 0.003989}}
{"target": -1041.548392361349, "params": {"gamma": 6.627535403940247, "lr": 0.2702082620297578}, "datetime": {"datetime": "2024-06-13 18:39:22", "elapsed": 0.491235, "delta": 0.002993}}
{"target": -724.1326612808833, "params": {"gamma": 2.5244146483443926, "lr": 0.8548979426974024}, "datetime": {"datetime": "2024-06-13 18:39:22", "elapsed": 0.496221, "delta": 0.004986}}
{"target": -1452.0717761801188, "params": {"gamma": 5.277618748441158, "lr": 0.8021610840045981}, "datetime": {"datetime": "2024-06-13 18:39:22", "elapsed": 0.502205, "delta": 0.005984}}
{"target": -1351.3642859729096, "params": {"gamma": 5.725312683398872, "lr": 0.7331425252875111}, "datetime": {"datetime": "2024-06-13 18:39:22", "elapsed": 0.506194, "delta": 0.003989}}
{"target": -1283.9688881072302, "params": {"gamma": 5.190597263013095, "lr": 0.770883910501888}, "datetime": {"datetime": "2024-06-13 18:39:22", "elapsed": 0.51218, "delta": 0.005986}}
{"target": -887.6046317576925, "params": {"gamma": 5.689011049056451, "lr": 0.4657098785919809}, "datetime": {"datetime": "2024-06-13 18:39:22", "elapsed": 0.518162, "delta": 0.005982}}
{"target": -1645.0207428324018, "params": {"gamma": 3.4275463906248644, "lr": 0.06820934841670412}, "datetime": {"datetime": "2024-06-13 18:39:22", "elapsed": 0.522151, "delta": 0.003989}}
{"target": -1810.7129949583784, "params": {"gamma": 3.7798638691016704, "lr": 0.07962607769825236}, "datetime": {"datetime": "2024-06-13 18:39:22", "elapsed": 0.527138, "delta": 0.004987}}
{"target": -2051.012709608912, "params": {"gamma": 9.82818832019072, "lr": 0.18161285133076377}, "datetime": {"datetime": "2024-06-13 18:39:22", "elapsed": 0.531129, "delta": 0.003991}}
{"target": -2371.198495686201, "params": {"gamma": 8.118775118507678, "lr": 0.8749616449558981}, "datetime": {"datetime": "2024-06-13 18:39:22", "elapsed": 0.535118, "delta": 0.003989}}
{"target": -1253.5270517898532, "params": {"gamma": 6.884444110607048, "lr": 0.5694944127453757}, "datetime": {"datetime": "2024-06-13 18:39:22", "elapsed": 0.539108, "delta": 0.00399}}
{"target": -286.0508598490108, "params": {"gamma": 1.610553396719272, "lr": 0.4668800227633063}, "datetime": {"datetime": "2024-06-13 18:39:22", "elapsed": 0.543097, "delta": 0.003989}}
{"target": -477.59539551033413, "params": {"gamma": 3.452375339500995, "lr": 0.2250399578140846}, "datetime": {"datetime": "2024-06-13 18:39:22", "elapsed": 0.548082, "delta": 0.004985}}
{"target": -989.5848964370117, "params": {"gamma": 5.925526175789202, "lr": 0.31226983770191696}, "datetime": {"datetime": "2024-06-13 18:39:22", "elapsed": 0.553099, "delta": 0.005017}}
{"target": -2804.0951244191933, "params": {"gamma": 9.163139229130039, "lr": 0.9096355249515571}, "datetime": {"datetime": "2024-06-13 18:39:22", "elapsed": 0.556091, "delta": 0.002992}}
{"target": -1005.2023676867759, "params": {"gamma": 2.57192581952818, "lr": 0.1108913007440292}, "datetime": {"datetime": "2024-06-13 18:39:22", "elapsed": 0.560085, "delta": 0.003994}}
{"target": -330.05049675441717, "params": {"gamma": 1.9304343574591094, "lr": 0.49958417067888605}, "datetime": {"datetime": "2024-06-13 18:39:22", "elapsed": 0.56404, "delta": 0.003955}}
{"target": -1297.1266463396287, "params": {"gamma": 7.286128094077989, "lr": 0.20819443840879148}, "datetime": {"datetime": "2024-06-13 18:39:22", "elapsed": 0.567032, "delta": 0.002992}}
{"target": -712.3437761313226, "params": {"gamma": 2.48108755021393, "lr": 0.851671874936367}, "datetime": {"datetime": "2024-06-13 18:39:22", "elapsed": 0.571021, "delta": 0.003989}}
{"target": -783.6626406381714, "params": {"gamma": 4.159071333957006, "lr": 0.6166850671552362}, "datetime": {"datetime": "2024-06-13 18:39:22", "elapsed": 0.574013, "delta": 0.002992}}
{"target": -916.4093008029516, "params": {"gamma": 2.3374277262532615, "lr": 0.10196725942579743}, "datetime": {"datetime": "2024-06-13 18:39:22", "elapsed": 0.578002, "delta": 0.003989}}
{"target": -807.6227157079414, "params": {"gamma": 5.159054312668331, "lr": 0.47714098704978236}, "datetime": {"datetime": "2024-06-13 18:39:22", "elapsed": 0.581992, "delta": 0.00399}}
{"target": -317.7965905261718, "params": {"gamma": 1.5275637692875392, "lr": 0.6218062317404155}, "datetime": {"datetime": "2024-06-13 18:39:22", "elapsed": 0.584984, "delta": 0.002992}}
{"target": -1073.7153405273368, "params": {"gamma": 5.440557178020568, "lr": 0.6541373469707443}, "datetime": {"datetime": "2024-06-13 18:39:22", "elapsed": 0.588973, "delta": 0.003989}}
{"target": -386.8600477201066, "params": {"gamma": 1.4463108557064734, "lr": 0.7515278171352439}, "datetime": {"datetime": "2024-06-13 18:39:22", "elapsed": 0.591965, "delta": 0.002992}}
{"target": -419.57609068981355, "params": {"gamma": 2.221269348859427, "lr": 0.519351824366033}, "datetime": {"datetime": "2024-06-13 18:39:22", "elapsed": 0.595955, "delta": 0.00399}}
{"target": -3728.6608480850746, "params": {"gamma": 7.853174986187969, "lr": 0.02233042799180618}, "datetime": {"datetime": "2024-06-13 18:39:22", "elapsed": 0.598947, "delta": 0.002992}}
{"target": -960.6032478032005, "params": {"gamma": 3.2443002348021386, "lr": 0.872922376400111}, "datetime": {"datetime": "2024-06-13 18:39:22", "elapsed": 0.602936, "delta": 0.003989}}
{"target": -1497.0901013935138, "params": {"gamma": 8.447251366413093, "lr": 0.5384405925945437}, "datetime": {"datetime": "2024-06-13 18:39:22", "elapsed": 0.605928, "delta": 0.002992}}
{"target": -2726.449727425099, "params": {"gamma": 8.666216133390963, "lr": 0.9498059913536265}, "datetime": {"datetime": "2024-06-13 18:39:22", "elapsed": 0.609946, "delta": 0.004018}}
{"target": -2308.696601852431, "params": {"gamma": 8.264243569295784, "lr": 0.8541154438365387}, "datetime": {"datetime": "2024-06-13 18:39:22", "elapsed": 0.612909, "delta": 0.002963}}
{"target": -241.87047346369604, "params": {"gamma": 0.9883352748016633, "lr": 0.651304332340991}, "datetime": {"datetime": "2024-06-13 18:39:22", "elapsed": 0.616899, "delta": 0.00399}}
{"target": -1305.7101111212662, "params": {"gamma": 7.035466364538378, "lr": 0.6102408126466297}, "datetime": {"datetime": "2024-06-13 18:39:22", "elapsed": 0.61989, "delta": 0.002991}}
{"target": -3796.096346195937, "params": {"gamma": 7.996353002098545, "lr": 0.03457121987163425}, "datetime": {"datetime": "2024-06-13 18:39:22", "elapsed": 0.62388, "delta": 0.00399}}
{"target": -1808.8848642537012, "params": {"gamma": 7.702617106815245, "lr": 0.731728600739527}, "datetime": {"datetime": "2024-06-13 18:39:22", "elapsed": 0.626872, "delta": 0.002992}}
{"target": -434.8112583988639, "params": {"gamma": 2.5977242345902325, "lr": 0.2570692988221467}, "datetime": {"datetime": "2024-06-13 18:39:22", "elapsed": 0.630861, "delta": 0.003989}}
{"target": -911.3335506259999, "params": {"gamma": 6.323400870983849, "lr": 0.34529746159108154}, "datetime": {"datetime": "2024-06-13 18:39:22", "elapsed": 0.633854, "delta": 0.002993}}
{"target": -1204.8502948704472, "params": {"gamma": 7.966090191394868, "lr": 0.44614623200345727}, "datetime": {"datetime": "2024-06-13 18:39:22", "elapsed": 0.637843, "delta": 0.003989}}
{"target": -2464.036432840739, "params": {"gamma": 7.827711398426936, "lr": 0.9904717836238407}, "datetime": {"datetime": "2024-06-13 18:39:22", "elapsed": 0.640835, "delta": 0.002992}}
{"target": -757.4466461271699, "params": {"gamma": 3.0031831469994668, "lr": 0.14300582825809938}, "datetime": {"datetime": "2024-06-13 18:39:22", "elapsed": 0.644824, "delta": 0.003989}}
{"target": -1595.8012470453757, "params": {"gamma": 9.01318305505639, "lr": 0.5415593788873733}, "datetime": {"datetime": "2024-06-13 18:39:22", "elapsed": 0.647816, "delta": 0.002992}}
{"target": -1902.0975791404924, "params": {"gamma": 9.747428968179968, "lr": 0.6366044000018972}, "datetime": {"datetime": "2024-06-13 18:39:22", "elapsed": 0.651805, "delta": 0.003989}}
{"target": -1787.842067253325, "params": {"gamma": 9.939136333080178, "lr": 0.5460708041429516}, "datetime": {"datetime": "2024-06-13 18:39:22", "elapsed": 0.655795, "delta": 0.00399}}
{"target": -1485.4502697160972, "params": {"gamma": 5.264732913121308, "lr": 0.1354279030721699}, "datetime": {"datetime": "2024-06-13 18:39:22", "elapsed": 0.658786, "delta": 0.002991}}
{"target": -1706.2187887626917, "params": {"gamma": 3.5576960046678274, "lr": 0.026218567296373285}, "datetime": {"datetime": "2024-06-13 18:39:22", "elapsed": 0.662778, "delta": 0.003992}}
{"target": -408.23064861280636, "params": {"gamma": 1.6047914000169714, "lr": 0.7456371927074961}, "datetime": {"datetime": "2024-06-13 18:39:22", "elapsed": 0.665768, "delta": 0.00299}}
{"target": -147.26339504758397, "params": {"gamma": 0.3049664995979595, "lr": 0.36654309724374434}, "datetime": {"datetime": "2024-06-13 18:39:22", "elapsed": 0.669757, "delta": 0.003989}}
{"target": -1980.3379483079152, "params": {"gamma": 8.623600182127603, "lr": 0.6926777175073543}, "datetime": {"datetime": "2024-06-13 18:39:22", "elapsed": 0.673746, "delta": 0.003989}}
{"target": -1368.963883242398, "params": {"gamma": 6.90973047851962, "lr": 0.18863680095531088}, "datetime": {"datetime": "2024-06-13 18:39:22", "elapsed": 0.676739, "delta": 0.002993}}
{"target": -780.0458611021938, "params": {"gamma": 4.419600903203486, "lr": 0.5815774073442912}, "datetime": {"datetime": "2024-06-13 18:39:22", "elapsed": 0.680728, "delta": 0.003989}}
{"target": -1752.7686892027564, "params": {"gamma": 9.897527324929388, "lr": 0.20390622523312185}, "datetime": {"datetime": "2024-06-13 18:39:22", "elapsed": 0.68372, "delta": 0.002992}}
{"target": -417.3481702471973, "params": {"gamma": 2.478081284721786, "lr": 0.26217308377291193}, "datetime": {"datetime": "2024-06-13 18:39:22", "elapsed": 0.687709, "delta": 0.003989}}
{"target": -1161.7672202429474, "params": {"gamma": 7.50197396056663, "lr": 0.4569753274356928}, "datetime": {"datetime": "2024-06-13 18:39:22", "elapsed": 0.690701, "delta": 0.002992}}
{"target": -173.9923521244978, "params": {"gamma": 0.5702374546725388, "lr": 0.5085162406102396}, "datetime": {"datetime": "2024-06-13 18:39:22", "elapsed": 0.69469, "delta": 0.003989}}
{"target": -560.7915288695444, "params": {"gamma": 2.120389686272116, "lr": 0.7986042447602102}, "datetime": {"datetime": "2024-06-13 18:39:22", "elapsed": 0.697683, "delta": 0.002993}}
{"target": -1431.8897392424653, "params": {"gamma": 2.9740164836912153, "lr": 0.02760601195450363}, "datetime": {"datetime": "2024-06-13 18:39:22", "elapsed": 0.701672, "delta": 0.003989}}
{"target": -1663.7173715447577, "params": {"gamma": 5.934731062196747, "lr": 0.8438404289311888}, "datetime": {"datetime": "2024-06-13 18:39:22", "elapsed": 0.705661, "delta": 0.003989}}
{"target": -909.2318182840359, "params": {"gamma": 3.81078022449808, "lr": 0.7498583107261434}, "datetime": {"datetime": "2024-06-13 18:39:22", "elapsed": 0.708653, "delta": 0.002992}}
{"target": -916.0327812324498, "params": {"gamma": 5.111903641492986, "lr": 0.5409518049621886}, "datetime": {"datetime": "2024-06-13 18:39:22", "elapsed": 0.712645, "delta": 0.003992}}
{"target": -2623.6185052575597, "params": {"gamma": 9.594383776296462, "lr": 0.8039608914986468}, "datetime": {"datetime": "2024-06-13 18:39:22", "elapsed": 0.715635, "delta": 0.00299}}
{"target": -163.73267942137787, "params": {"gamma": 0.3241983431691163, "lr": 0.7093872512312951}, "datetime": {"datetime": "2024-06-13 18:39:22", "elapsed": 0.719624, "delta": 0.003989}}
{"target": -1470.358200636761, "params": {"gamma": 4.650549814153498, "lr": 0.9475489413950998}, "datetime": {"datetime": "2024-06-13 18:39:22", "elapsed": 0.722616, "delta": 0.002992}}
{"target": -379.3088416272405, "params": {"gamma": 2.2151059105005597, "lr": 0.2670720196843658}, "datetime": {"datetime": "2024-06-13 18:39:22", "elapsed": 0.726605, "delta": 0.003989}}
{"target": -194.13160600725143, "params": {"gamma": 0.8156581748077427, "lr": 0.42861882866378653}, "datetime": {"datetime": "2024-06-13 18:39:22", "elapsed": 0.730595, "delta": 0.00399}}
{"target": -257.92187728211803, "params": {"gamma": 1.091078621426664, "lr": 0.6337867606119179}, "datetime": {"datetime": "2024-06-13 18:39:22", "elapsed": 0.733586, "delta": 0.002991}}
{"target": -1845.8723891571542, "params": {"gamma": 8.029829410500005, "lr": 0.6968004961201785}, "datetime": {"datetime": "2024-06-13 18:39:22", "elapsed": 0.737576, "delta": 0.00399}}
{"target": -1098.5568340868376, "params": {"gamma": 7.66234759937663, "lr": 0.3424541198435198}, "datetime": {"datetime": "2024-06-13 18:39:22", "elapsed": 0.740568, "delta": 0.002992}}
{"target": -1403.1494588797686, "params": {"gamma": 8.45866897879375, "lr": 0.42876877499944255}, "datetime": {"datetime": "2024-06-13 18:39:22", "elapsed": 0.744557, "delta": 0.003989}}
{"target": -1604.4924489643374, "params": {"gamma": 8.240274694252776, "lr": 0.6264961586242938}, "datetime": {"datetime": "2024-06-13 18:39:22", "elapsed": 0.747549, "delta": 0.002992}}
{"target": -712.2346778004726, "params": {"gamma": 1.435087063653779, "lr": 0.07838689985494796}, "datetime": {"datetime": "2024-06-13 18:39:22", "elapsed": 0.751539, "delta": 0.00399}}
{"target": -184.54519118532087, "params": {"gamma": 0.1843080964871599, "lr": 0.06672499763935646}, "datetime": {"datetime": "2024-06-13 18:39:22", "elapsed": 0.75453, "delta": 0.002991}}
{"target": -1512.0931963540156, "params": {"gamma": 4.586379553270611, "lr": 0.11334192276759048}, "datetime": {"datetime": "2024-06-13 18:39:22", "elapsed": 0.75852, "delta": 0.00399}}
{"target": -160.520803729579, "params": {"gamma": 0.27880570513785086, "lr": 0.7548614813904674}, "datetime": {"datetime": "2024-06-13 18:39:22", "elapsed": 0.76251, "delta": 0.00399}}
{"target": -941.1016261383131, "params": {"gamma": 3.949109954125934, "lr": 0.7469384956075251}, "datetime": {"datetime": "2024-06-13 18:39:22", "elapsed": 0.766498, "delta": 0.003988}}
{"target": -696.9916049721226, "params": {"gamma": 4.52459586263777, "lr": 0.4500867470007611}, "datetime": {"datetime": "2024-06-13 18:39:22", "elapsed": 0.76949, "delta": 0.002992}}
{"target": -750.6884830295198, "params": {"gamma": 4.7812469946715925, "lr": 0.47400392656219403}, "datetime": {"datetime": "2024-06-13 18:39:22", "elapsed": 0.77348, "delta": 0.00399}}
{"target": -1312.1450524960596, "params": {"gamma": 8.031830257799582, "lr": 0.40239251985773583}, "datetime": {"datetime": "2024-06-13 18:39:22", "elapsed": 0.776472, "delta": 0.002992}}
{"target": -4290.925098214721, "params": {"gamma": 9.046956917275887, "lr": 0.037061047954035864}, "datetime": {"datetime": "2024-06-13 18:39:22", "elapsed": 0.780462, "delta": 0.00399}}
{"target": -2172.9520189923965, "params": {"gamma": 7.738969552861467, "lr": 0.12564138113773882}, "datetime": {"datetime": "2024-06-13 18:39:22", "elapsed": 0.783453, "delta": 0.002991}}
{"target": -2943.2374273050636, "params": {"gamma": 6.185517155553943, "lr": 0.010364261335231939}, "datetime": {"datetime": "2024-06-13 18:39:22", "elapsed": 0.787442, "delta": 0.003989}}
{"target": -2567.076054910507, "params": {"gamma": 5.386734198480894, "lr": 0.0030179566195963625}, "datetime": {"datetime": "2024-06-13 18:39:22", "elapsed": 0.790435, "delta": 0.002993}}
{"target": -2867.5141691051213, "params": {"gamma": 9.511986661116556, "lr": 0.905402033702778}, "datetime": {"datetime": "2024-06-13 18:39:22", "elapsed": 0.794424, "delta": 0.003989}}
{"target": -2437.7548225158084, "params": {"gamma": 7.959873452480752, "lr": 0.9152743199147875}, "datetime": {"datetime": "2024-06-13 18:39:22", "elapsed": 0.797416, "delta": 0.002992}}
{"target": -398.0249342727273, "params": {"gamma": 1.4564367533528122, "lr": 0.15773006987053328}, "datetime": {"datetime": "2024-06-13 18:39:22", "elapsed": 0.801405, "delta": 0.003989}}
{"target": -377.15638251653746, "params": {"gamma": 1.8771290973514374, "lr": 0.6224959022999211}, "datetime": {"datetime": "2024-06-13 18:39:22", "elapsed": 0.805394, "delta": 0.003989}}
{"target": -2849.125137785551, "params": {"gamma": 9.05818915058701, "lr": 0.9899551783590737}, "datetime": {"datetime": "2024-06-13 18:39:22", "elapsed": 0.808386, "delta": 0.002992}}
{"target": -1672.081487753263, "params": {"gamma": 7.111513465199394, "lr": 0.7318004091422953}, "datetime": {"datetime": "2024-06-13 18:39:22", "elapsed": 0.812376, "delta": 0.00399}}
{"target": -1482.3951447377415, "params": {"gamma": 9.093022752238, "lr": 0.4008737323711209}, "datetime": {"datetime": "2024-06-13 18:39:22", "elapsed": 0.815368, "delta": 0.002992}}
{"target": -544.06144179957, "params": {"gamma": 2.4992569515701426, "lr": 0.17343017078712286}, "datetime": {"datetime": "2024-06-13 18:39:22", "elapsed": 0.819357, "delta": 0.003989}}
{"target": -362.46678687180776, "params": {"gamma": 1.1954510462869563, "lr": 0.8126105880328287}, "datetime": {"datetime": "2024-06-13 18:39:22", "elapsed": 0.822349, "delta": 0.002992}}
{"target": -275.46540732771354, "params": {"gamma": 1.4687769417990144, "lr": 0.2642974827269007}, "datetime": {"datetime": "2024-06-13 18:39:22", "elapsed": 0.826339, "delta": 0.00399}}
{"target": -1357.458706081877, "params": {"gamma": 8.191072697156674, "lr": 0.31058725179421}, "datetime": {"datetime": "2024-06-13 18:39:22", "elapsed": 0.829331, "delta": 0.002992}}
{"target": -1527.2671347719097, "params": {"gamma": 9.824192075480136, "lr": 0.2666387021516352}, "datetime": {"datetime": "2024-06-13 18:39:22", "elapsed": 0.83332, "delta": 0.003989}}
