{"target": -1153.743115297681, "params": {"gamma": 6.586021847542061, "lr": 0.18119538195386165}, "datetime": {"datetime": "2024-06-13 21:42:35", "elapsed": 3.487023, "delta": 0.003989}}
{"target": -1164.7177559735894, "params": {"gamma": 7.8807074621719, "lr": 0.6028653375383973}, "datetime": {"datetime": "2024-06-13 21:42:35", "elapsed": 3.491012, "delta": 0.003989}}
{"target": -1566.9686349981566, "params": {"gamma": 9.80334851848814, "lr": 0.22238319353117575}, "datetime": {"datetime": "2024-06-13 21:42:35", "elapsed": 3.495002, "delta": 0.00399}}
{"target": -830.889433953003, "params": {"gamma": 4.663198475191569, "lr": 0.8956418025994466}, "datetime": {"datetime": "2024-06-13 21:42:35", "elapsed": 3.498991, "delta": 0.003989}}
{"target": -1002.2248742627779, "params": {"gamma": 6.014732663578183, "lr": 0.725958845848815}, "datetime": {"datetime": "2024-06-13 21:42:35", "elapsed": 3.50298, "delta": 0.003989}}
{"target": -667.3802557915905, "params": {"gamma": 4.137287971849402, "lr": 0.6843096218313198}, "datetime": {"datetime": "2024-06-13 21:42:35", "elapsed": 3.50697, "delta": 0.00399}}
{"target": -1504.0514590763996, "params": {"gamma": 9.460604243445784, "lr": 0.20018606573932207}, "datetime": {"datetime": "2024-06-13 21:42:35", "elapsed": 3.510959, "delta": 0.003989}}
{"target": -1422.5052021997249, "params": {"gamma": 8.073845273509328, "lr": 0.9695380120998964}, "datetime": {"datetime": "2024-06-13 21:42:35", "elapsed": 3.514948, "delta": 0.003989}}
{"target": -138.2125570990518, "params": {"gamma": 0.146672748901554, "lr": 0.21520958659442757}, "datetime": {"datetime": "2024-06-13 21:42:35", "elapsed": 3.518938, "delta": 0.00399}}
{"target": -229.19856778380847, "params": {"gamma": 1.1746518262109842, "lr": 0.7674235177414532}, "datetime": {"datetime": "2024-06-13 21:42:35", "elapsed": 3.522927, "delta": 0.003989}}
{"target": -192.37658123699242, "params": {"gamma": 0.8130846428413901, "lr": 0.9984135585909075}, "datetime": {"datetime": "2024-06-13 21:42:35", "elapsed": 3.526917, "delta": 0.00399}}
{"target": -698.2880762935724, "params": {"gamma": 3.8967305467771722, "lr": 0.9052027659330404}, "datetime": {"datetime": "2024-06-13 21:42:35", "elapsed": 3.530906, "delta": 0.003989}}
{"target": -274.4749247737937, "params": {"gamma": 1.886587457391179, "lr": 0.44087219982229087}, "datetime": {"datetime": "2024-06-13 21:42:35", "elapsed": 3.534895, "delta": 0.003989}}
{"target": -1271.4256672103108, "params": {"gamma": 8.448273378243028, "lr": 0.5952697806732562}, "datetime": {"datetime": "2024-06-13 21:42:35", "elapsed": 3.538885, "delta": 0.00399}}
{"target": -659.293627325617, "params": {"gamma": 4.6221188088168805, "lr": 0.5126497467571176}, "datetime": {"datetime": "2024-06-13 21:42:35", "elapsed": 3.542874, "delta": 0.003989}}
{"target": -764.2493691662245, "params": {"gamma": 5.739281383396582, "lr": 0.4403192075855932}, "datetime": {"datetime": "2024-06-13 21:42:35", "elapsed": 3.546863, "delta": 0.003989}}
{"target": -445.27954702369215, "params": {"gamma": 1.936396018280381, "lr": 0.11396576145918635}, "datetime": {"datetime": "2024-06-13 21:42:35", "elapsed": 3.550853, "delta": 0.00399}}
{"target": -399.66432460811245, "params": {"gamma": 1.5131280457741099, "lr": 0.0524909638531339}, "datetime": {"datetime": "2024-06-13 21:42:35", "elapsed": 3.554841, "delta": 0.003988}}
{"target": -948.6036919812851, "params": {"gamma": 5.587205434225252, "lr": 0.8477210140360106}, "datetime": {"datetime": "2024-06-13 21:42:35", "elapsed": 3.558831, "delta": 0.00399}}
{"target": -891.9343461656164, "params": {"gamma": 3.5918342699021832, "lr": 0.07531087263581782}, "datetime": {"datetime": "2024-06-13 21:42:35", "elapsed": 3.563818, "delta": 0.004987}}
{"target": -637.7697026495626, "params": {"gamma": 4.257818395439178, "lr": 0.6020078384720013}, "datetime": {"datetime": "2024-06-13 21:42:35", "elapsed": 3.56681, "delta": 0.002992}}
{"target": -705.9769832925115, "params": {"gamma": 4.254609252290801, "lr": 0.81072123360737}, "datetime": {"datetime": "2024-06-13 21:42:35", "elapsed": 3.571796, "delta": 0.004986}}
{"target": -1613.9649436991133, "params": {"gamma": 9.418920575620866, "lr": 0.8699107732683544}, "datetime": {"datetime": "2024-06-13 21:42:35", "elapsed": 3.575786, "delta": 0.00399}}
{"target": -924.7592629898065, "params": {"gamma": 7.040290983300606, "lr": 0.4702989247821753}, "datetime": {"datetime": "2024-06-13 21:42:35", "elapsed": 3.579775, "delta": 0.003989}}
{"target": -1670.4370523282917, "params": {"gamma": 6.827297730989611, "lr": 0.013418310556529534}, "datetime": {"datetime": "2024-06-13 21:42:35", "elapsed": 3.583765, "delta": 0.00399}}
{"target": -1710.6775862195134, "params": {"gamma": 9.824798706901937, "lr": 0.17207733182889595}, "datetime": {"datetime": "2024-06-13 21:42:35", "elapsed": 3.587754, "delta": 0.003989}}
{"target": -1478.5934687176616, "params": {"gamma": 9.062697699220857, "lr": 0.8071099016661061}, "datetime": {"datetime": "2024-06-13 21:42:35", "elapsed": 3.591744, "delta": 0.00399}}
{"target": -1304.9446223468556, "params": {"gamma": 8.00159670418549, "lr": 0.2689360577850649}, "datetime": {"datetime": "2024-06-13 21:42:35", "elapsed": 3.595733, "delta": 0.003989}}
{"target": -311.4709521672597, "params": {"gamma": 2.1923189037668234, "lr": 0.42880069291408873}, "datetime": {"datetime": "2024-06-13 21:42:35", "elapsed": 3.599722, "delta": 0.003989}}
{"target": -1121.710806638971, "params": {"gamma": 8.493861636205818, "lr": 0.45037964247172024}, "datetime": {"datetime": "2024-06-13 21:42:35", "elapsed": 3.603711, "delta": 0.003989}}
{"target": -1368.3681392992744, "params": {"gamma": 9.354265719956611, "lr": 0.352679327251738}, "datetime": {"datetime": "2024-06-13 21:42:35", "elapsed": 3.607701, "delta": 0.00399}}
{"target": -1096.0146783305245, "params": {"gamma": 6.194302264801901, "lr": 0.9806990363557802}, "datetime": {"datetime": "2024-06-13 21:42:35", "elapsed": 3.61169, "delta": 0.003989}}
{"target": -1575.922035189388, "params": {"gamma": 6.434981759885809, "lr": 0.04549821604060378}, "datetime": {"datetime": "2024-06-13 21:42:35", "elapsed": 3.615679, "delta": 0.003989}}
{"target": -687.3997154541142, "params": {"gamma": 4.636107352426167, "lr": 0.3347513437136638}, "datetime": {"datetime": "2024-06-13 21:42:35", "elapsed": 3.619668, "delta": 0.003989}}
{"target": -873.8883914936733, "params": {"gamma": 5.322283303668225, "lr": 0.2847462086131314}, "datetime": {"datetime": "2024-06-13 21:42:35", "elapsed": 3.623658, "delta": 0.00399}}
{"target": -229.60045646981553, "params": {"gamma": 1.223490041069798, "lr": 0.6682889887508018}, "datetime": {"datetime": "2024-06-13 21:42:35", "elapsed": 3.627647, "delta": 0.003989}}
{"target": -1172.7935514918852, "params": {"gamma": 6.8139161891581725, "lr": 0.8671392999990885}, "datetime": {"datetime": "2024-06-13 21:42:35", "elapsed": 3.631636, "delta": 0.003989}}
{"target": -250.2441129671372, "params": {"gamma": 1.3246825541338114, "lr": 0.798620308278031}, "datetime": {"datetime": "2024-06-13 21:42:35", "elapsed": 3.635626, "delta": 0.00399}}
{"target": -1261.8380089600537, "params": {"gamma": 8.267860615312884, "lr": 0.6465499357511519}, "datetime": {"datetime": "2024-06-13 21:42:35", "elapsed": 3.639615, "delta": 0.003989}}
{"target": -353.82620265989306, "params": {"gamma": 2.0500165356605575, "lr": 0.2614207144058379}, "datetime": {"datetime": "2024-06-13 21:42:35", "elapsed": 3.643605, "delta": 0.00399}}
{"target": -599.2320140796952, "params": {"gamma": 4.185549678574218, "lr": 0.5417990727827313}, "datetime": {"datetime": "2024-06-13 21:42:35", "elapsed": 3.648592, "delta": 0.004987}}
{"target": -634.0129012683311, "params": {"gamma": 4.774902117966579, "lr": 0.4674598920453694}, "datetime": {"datetime": "2024-06-13 21:42:35", "elapsed": 3.65258, "delta": 0.003988}}
{"target": -1441.1045087513398, "params": {"gamma": 8.398567261266477, "lr": 0.8701023653075677}, "datetime": {"datetime": "2024-06-13 21:42:35", "elapsed": 3.65657, "delta": 0.00399}}
{"target": -1421.0707440213835, "params": {"gamma": 8.16772288980329, "lr": 0.8778014186346996}, "datetime": {"datetime": "2024-06-13 21:42:35", "elapsed": 3.66056, "delta": 0.00399}}
{"target": -1012.0988841998545, "params": {"gamma": 5.710516610608794, "lr": 0.9640361333390818}, "datetime": {"datetime": "2024-06-13 21:42:35", "elapsed": 3.664549, "delta": 0.003989}}
{"target": -900.2174579572817, "params": {"gamma": 6.065836938156427, "lr": 0.6039477410796814}, "datetime": {"datetime": "2024-06-13 21:42:35", "elapsed": 3.668538, "delta": 0.003989}}
{"target": -521.125471854495, "params": {"gamma": 3.193658073009114, "lr": 0.681204184117019}, "datetime": {"datetime": "2024-06-13 21:42:35", "elapsed": 3.672527, "delta": 0.003989}}
{"target": -175.0316537105142, "params": {"gamma": 0.5206049193651046, "lr": 0.13454642101194225}, "datetime": {"datetime": "2024-06-13 21:42:35", "elapsed": 3.676517, "delta": 0.00399}}
{"target": -232.95136857085163, "params": {"gamma": 1.303291433560078, "lr": 0.6552012872247357}, "datetime": {"datetime": "2024-06-13 21:42:35", "elapsed": 3.680506, "delta": 0.003989}}
{"target": -280.9940005811268, "params": {"gamma": 1.7541505851216117, "lr": 0.3411468232515472}, "datetime": {"datetime": "2024-06-13 21:42:35", "elapsed": 3.684495, "delta": 0.003989}}
{"target": -144.46994226911085, "params": {"gamma": 0.44407224667521283, "lr": 0.2337343601165106}, "datetime": {"datetime": "2024-06-13 21:42:35", "elapsed": 3.688484, "delta": 0.003989}}
{"target": -1353.5365117863776, "params": {"gamma": 9.642279024168092, "lr": 0.5091394025163677}, "datetime": {"datetime": "2024-06-13 21:42:35", "elapsed": 3.692474, "delta": 0.00399}}
{"target": -242.61721121316018, "params": {"gamma": 1.5115941101958479, "lr": 0.5230085317344643}, "datetime": {"datetime": "2024-06-13 21:42:35", "elapsed": 3.696463, "delta": 0.003989}}
{"target": -1616.714817763947, "params": {"gamma": 9.435150329726897, "lr": 0.865686014006334}, "datetime": {"datetime": "2024-06-13 21:42:35", "elapsed": 3.700453, "delta": 0.00399}}
{"target": -649.164241489623, "params": {"gamma": 3.9212666234349385, "lr": 0.28386751597340265}, "datetime": {"datetime": "2024-06-13 21:42:35", "elapsed": 3.704442, "delta": 0.003989}}
{"target": -1221.6625868033645, "params": {"gamma": 7.617536897064726, "lr": 0.2404843248030878}, "datetime": {"datetime": "2024-06-13 21:42:35", "elapsed": 3.708431, "delta": 0.003989}}
{"target": -616.2099104503096, "params": {"gamma": 2.5430693142188665, "lr": 0.08408635417992949}, "datetime": {"datetime": "2024-06-13 21:42:35", "elapsed": 3.712421, "delta": 0.00399}}
{"target": -1140.900396845098, "params": {"gamma": 8.641576803545505, "lr": 0.44789891562027984}, "datetime": {"datetime": "2024-06-13 21:42:35", "elapsed": 3.71641, "delta": 0.003989}}
{"target": -933.8248058356338, "params": {"gamma": 5.618300819839127, "lr": 0.7367109576935199}, "datetime": {"datetime": "2024-06-13 21:42:35", "elapsed": 3.720399, "delta": 0.003989}}
{"target": -1053.0286163882854, "params": {"gamma": 7.965092182444826, "lr": 0.44750813899031383}, "datetime": {"datetime": "2024-06-13 21:42:35", "elapsed": 3.724389, "delta": 0.00399}}
{"target": -327.4752651029322, "params": {"gamma": 1.8420914342018075, "lr": 0.8287328515283018}, "datetime": {"datetime": "2024-06-13 21:42:35", "elapsed": 3.728378, "delta": 0.003989}}
{"target": -140.7519201485761, "params": {"gamma": 0.3109486003227299, "lr": 0.9467282696079524}, "datetime": {"datetime": "2024-06-13 21:42:35", "elapsed": 3.733364, "delta": 0.004986}}
{"target": -1009.4278436236016, "params": {"gamma": 5.770201486928539, "lr": 0.875388738450687}, "datetime": {"datetime": "2024-06-13 21:42:35", "elapsed": 3.736356, "delta": 0.002992}}
{"target": -996.689172335137, "params": {"gamma": 6.086045804298614, "lr": 0.2516595841523237}, "datetime": {"datetime": "2024-06-13 21:42:35", "elapsed": 3.740346, "delta": 0.00399}}
{"target": -432.1787276191619, "params": {"gamma": 2.962003105035548, "lr": 0.5329225590316532}, "datetime": {"datetime": "2024-06-13 21:42:35", "elapsed": 3.745333, "delta": 0.004987}}
{"target": -1593.8186303371504, "params": {"gamma": 9.620820050258088, "lr": 0.18449560449017766}, "datetime": {"datetime": "2024-06-13 21:42:35", "elapsed": 3.749322, "delta": 0.003989}}
{"target": -754.1057279769126, "params": {"gamma": 5.099473883052948, "lr": 0.3437881034368444}, "datetime": {"datetime": "2024-06-13 21:42:35", "elapsed": 3.753311, "delta": 0.003989}}
{"target": -1258.892679510265, "params": {"gamma": 7.697483724226901, "lr": 0.802866486432424}, "datetime": {"datetime": "2024-06-13 21:42:35", "elapsed": 3.757301, "delta": 0.00399}}
{"target": -686.3381745089087, "params": {"gamma": 4.246174543111865, "lr": 0.20412249999433585}, "datetime": {"datetime": "2024-06-13 21:42:35", "elapsed": 3.761291, "delta": 0.00399}}
{"target": -169.04187824796517, "params": {"gamma": 0.6718275138282244, "lr": 0.1986482644205615}, "datetime": {"datetime": "2024-06-13 21:42:35", "elapsed": 3.765279, "delta": 0.003988}}
{"target": -424.35860248823104, "params": {"gamma": 2.7247361004436925, "lr": 0.5987889179092104}, "datetime": {"datetime": "2024-06-13 21:42:35", "elapsed": 3.769268, "delta": 0.003989}}
{"target": -1989.8639970903916, "params": {"gamma": 8.730961889247082, "lr": 0.1282309388454863}, "datetime": {"datetime": "2024-06-13 21:42:35", "elapsed": 3.773258, "delta": 0.00399}}
{"target": -1520.3831570328048, "params": {"gamma": 9.581929228407246, "lr": 0.6831708438541465}, "datetime": {"datetime": "2024-06-13 21:42:35", "elapsed": 3.777247, "delta": 0.003989}}
{"target": -1308.850688287235, "params": {"gamma": 7.419900392548125, "lr": 0.9828807859209906}, "datetime": {"datetime": "2024-06-13 21:42:35", "elapsed": 3.781237, "delta": 0.00399}}
{"target": -595.9404093415026, "params": {"gamma": 4.161591625408803, "lr": 0.5315834658959018}, "datetime": {"datetime": "2024-06-13 21:42:35", "elapsed": 3.785226, "delta": 0.003989}}
{"target": -959.056702692074, "params": {"gamma": 6.792450289006991, "lr": 0.5128751425899913}, "datetime": {"datetime": "2024-06-13 21:42:35", "elapsed": 3.789215, "delta": 0.003989}}
{"target": -667.670342588246, "params": {"gamma": 2.991824334263695, "lr": 0.10538467273003926}, "datetime": {"datetime": "2024-06-13 21:42:35", "elapsed": 3.793205, "delta": 0.00399}}
{"target": -482.8715512334618, "params": {"gamma": 2.8500365250757254, "lr": 0.7688528482877579}, "datetime": {"datetime": "2024-06-13 21:42:35", "elapsed": 3.797194, "delta": 0.003989}}
{"target": -1051.5211904691726, "params": {"gamma": 6.40818626181401, "lr": 0.8013307032031926}, "datetime": {"datetime": "2024-06-13 21:42:35", "elapsed": 3.801183, "delta": 0.003989}}
{"target": -835.5947942628875, "params": {"gamma": 5.171688199172296, "lr": 0.23210002184633505}, "datetime": {"datetime": "2024-06-13 21:42:35", "elapsed": 3.805172, "delta": 0.003989}}
{"target": -959.867969648061, "params": {"gamma": 6.279991307892046, "lr": 0.30400549002230315}, "datetime": {"datetime": "2024-06-13 21:42:35", "elapsed": 3.809162, "delta": 0.00399}}
{"target": -139.72790459391396, "params": {"gamma": 0.29625792067526757, "lr": 0.9033311768168756}, "datetime": {"datetime": "2024-06-13 21:42:35", "elapsed": 3.814148, "delta": 0.004986}}
{"target": -556.6257307331989, "params": {"gamma": 4.2042753184590484, "lr": 0.4261307804247122}, "datetime": {"datetime": "2024-06-13 21:42:35", "elapsed": 3.818138, "delta": 0.00399}}
{"target": -1307.61276840071, "params": {"gamma": 7.412776101583259, "lr": 0.9484584043057936}, "datetime": {"datetime": "2024-06-13 21:42:35", "elapsed": 3.822127, "delta": 0.003989}}
{"target": -180.26796488896719, "params": {"gamma": 0.7260827649265881, "lr": 0.17270108813227492}, "datetime": {"datetime": "2024-06-13 21:42:35", "elapsed": 3.826117, "delta": 0.00399}}
{"target": -529.9418112793168, "params": {"gamma": 3.224252533837974, "lr": 0.248424246330199}, "datetime": {"datetime": "2024-06-13 21:42:35", "elapsed": 3.830106, "delta": 0.003989}}
{"target": -818.4339331379748, "params": {"gamma": 4.9554543186305695, "lr": 0.8244596107976835}, "datetime": {"datetime": "2024-06-13 21:42:35", "elapsed": 3.834095, "delta": 0.003989}}
{"target": -1285.0661685217285, "params": {"gamma": 8.539870177006817, "lr": 0.5958299420587015}, "datetime": {"datetime": "2024-06-13 21:42:35", "elapsed": 3.838084, "delta": 0.003989}}
{"target": -419.48285975019456, "params": {"gamma": 2.4024971645768356, "lr": 0.18649268827268528}, "datetime": {"datetime": "2024-06-13 21:42:35", "elapsed": 3.842074, "delta": 0.00399}}
{"target": -1192.6987190012942, "params": {"gamma": 7.434161733507989, "lr": 0.23721405764354764}, "datetime": {"datetime": "2024-06-13 21:42:35", "elapsed": 3.847061, "delta": 0.004987}}
{"target": -897.4812243694045, "params": {"gamma": 5.395369418374571, "lr": 0.7492807871271918}, "datetime": {"datetime": "2024-06-13 21:42:35", "elapsed": 3.85105, "delta": 0.003989}}
{"target": -419.99532068779905, "params": {"gamma": 2.283262797049244, "lr": 0.17450118757274402}, "datetime": {"datetime": "2024-06-13 21:42:35", "elapsed": 3.855039, "delta": 0.003989}}
{"target": -154.50206412963416, "params": {"gamma": 0.39831713007193664, "lr": 0.14756883769994755}, "datetime": {"datetime": "2024-06-13 21:42:35", "elapsed": 3.859029, "delta": 0.00399}}
{"target": -1857.8922580246876, "params": {"gamma": 8.51453763056296, "lr": 0.10463591174495857}, "datetime": {"datetime": "2024-06-13 21:42:35", "elapsed": 3.863018, "delta": 0.003989}}
{"target": -568.9041149072556, "params": {"gamma": 2.2372268102276505, "lr": 0.03275719974597713}, "datetime": {"datetime": "2024-06-13 21:42:35", "elapsed": 3.867007, "delta": 0.003989}}
{"target": -1086.8444872697112, "params": {"gamma": 6.763889997877335, "lr": 0.2317031414647196}, "datetime": {"datetime": "2024-06-13 21:42:35", "elapsed": 3.870997, "delta": 0.00399}}
{"target": -952.3092874604275, "params": {"gamma": 4.136503586299842, "lr": 0.13930117132372677}, "datetime": {"datetime": "2024-06-13 21:42:36", "elapsed": 3.874986, "delta": 0.003989}}
{"target": -502.2616260423172, "params": {"gamma": 3.772795658827454, "lr": 0.4244374662396153}, "datetime": {"datetime": "2024-06-13 21:42:36", "elapsed": 3.878975, "delta": 0.003989}}
{"target": -623.1296845536166, "params": {"gamma": 4.730176553648271, "lr": 0.4228418130386131}, "datetime": {"datetime": "2024-06-13 21:42:36", "elapsed": 3.882965, "delta": 0.00399}}
{"target": -209.41868607181303, "params": {"gamma": 1.028462882177769, "lr": 0.772580266631544}, "datetime": {"datetime": "2024-06-13 21:42:36", "elapsed": 3.886954, "delta": 0.003989}}
{"target": -212.3644665927854, "params": {"gamma": 1.3729228288956241, "lr": 0.424292374325812}, "datetime": {"datetime": "2024-06-13 21:42:36", "elapsed": 3.890943, "delta": 0.003989}}
{"target": -427.68538735490216, "params": {"gamma": 2.7202891684153423, "lr": 0.3010079430799063}, "datetime": {"datetime": "2024-06-13 21:42:36", "elapsed": 3.894932, "delta": 0.003989}}
{"target": -949.6618326098927, "params": {"gamma": 6.72453530509174, "lr": 0.5177867238134145}, "datetime": {"datetime": "2024-06-13 21:42:36", "elapsed": 3.899432, "delta": 0.0045}}
{"target": -274.77005196569013, "params": {"gamma": 1.9016804177489257, "lr": 0.4691344398333771}, "datetime": {"datetime": "2024-06-13 21:42:36", "elapsed": 3.903416, "delta": 0.003984}}
{"target": -556.3860089004025, "params": {"gamma": 3.396069147094239, "lr": 0.7044971982481261}, "datetime": {"datetime": "2024-06-13 21:42:36", "elapsed": 3.907406, "delta": 0.00399}}
{"target": -402.88730556399514, "params": {"gamma": 2.2617259291230574, "lr": 0.8449881373583452}, "datetime": {"datetime": "2024-06-13 21:42:36", "elapsed": 3.911395, "delta": 0.003989}}
{"target": -747.6351212040329, "params": {"gamma": 5.262770419251413, "lr": 0.5006195729230891}, "datetime": {"datetime": "2024-06-13 21:42:36", "elapsed": 3.915384, "delta": 0.003989}}
{"target": -440.8600562287854, "params": {"gamma": 2.537604383069914, "lr": 0.18615566973666398}, "datetime": {"datetime": "2024-06-13 21:42:36", "elapsed": 3.919374, "delta": 0.00399}}
{"target": -840.37183134881, "params": {"gamma": 4.7187188083132305, "lr": 0.9818244178252573}, "datetime": {"datetime": "2024-06-13 21:42:36", "elapsed": 3.923363, "delta": 0.003989}}
{"target": -246.51013010086453, "params": {"gamma": 1.3299294703806088, "lr": 0.28346243242805713}, "datetime": {"datetime": "2024-06-13 21:42:36", "elapsed": 3.927352, "delta": 0.003989}}
{"target": -1222.4222821412366, "params": {"gamma": 8.006611101660276, "lr": 0.6647768985107549}, "datetime": {"datetime": "2024-06-13 21:42:36", "elapsed": 3.931342, "delta": 0.00399}}
{"target": -437.68345432791375, "params": {"gamma": 2.788305328525677, "lr": 0.31464760677511183}, "datetime": {"datetime": "2024-06-13 21:42:36", "elapsed": 3.935331, "delta": 0.003989}}
{"target": -629.4260012065602, "params": {"gamma": 4.200062595764889, "lr": 0.6027867622422961}, "datetime": {"datetime": "2024-06-13 21:42:36", "elapsed": 3.93932, "delta": 0.003989}}
{"target": -1237.0679572769398, "params": {"gamma": 7.193668333443535, "lr": 0.8573003334512307}, "datetime": {"datetime": "2024-06-13 21:42:36", "elapsed": 3.94331, "delta": 0.00399}}
{"target": -1094.3519883881502, "params": {"gamma": 6.811433593113639, "lr": 0.23698206447169834}, "datetime": {"datetime": "2024-06-13 21:42:36", "elapsed": 3.947299, "delta": 0.003989}}
{"target": -1515.7237656304014, "params": {"gamma": 9.257279632827263, "lr": 0.7811954006757661}, "datetime": {"datetime": "2024-06-13 21:42:36", "elapsed": 3.951289, "delta": 0.00399}}
{"target": -479.9200136375544, "params": {"gamma": 3.0745074227980154, "lr": 0.3049656416420632}, "datetime": {"datetime": "2024-06-13 21:42:36", "elapsed": 3.955278, "delta": 0.003989}}
{"target": -2008.1324189460272, "params": {"gamma": 8.811802015970617, "lr": 0.1260784803971985}, "datetime": {"datetime": "2024-06-13 21:42:36", "elapsed": 3.959267, "delta": 0.003989}}
