{"target": -136.9733279379752, "params": {"gamma": 2.3106546042570515, "prior": 0.6739605523903935, "rate": 1.3890263639386906}, "datetime": {"datetime": "2024-06-14 06:59:08", "elapsed": 4.527157, "delta": 0.008976}}
{"target": -537.8189654641975, "params": {"gamma": 9.351596002308344, "prior": 8.896566823226658, "rate": 2.893315694333617}, "datetime": {"datetime": "2024-06-14 06:59:08", "elapsed": 4.53713, "delta": 0.009973}}
{"target": -477.7199965310241, "params": {"gamma": 9.477692896949968, "prior": 8.514312298791047, "rate": 4.347113285922664}, "datetime": {"datetime": "2024-06-14 06:59:08", "elapsed": 4.546696, "delta": 0.009566}}
{"target": -304.6512336721435, "params": {"gamma": 4.681027499109862, "prior": 6.335544913675885, "rate": 1.581160317803163}, "datetime": {"datetime": "2024-06-14 06:59:08", "elapsed": 4.555672, "delta": 0.008976}}
{"target": -149.2714851813037, "params": {"gamma": 0.14880608533418707, "prior": 2.72856897297662, "rate": 0.15542087579566607}, "datetime": {"datetime": "2024-06-14 06:59:08", "elapsed": 4.564649, "delta": 0.008977}}
{"target": -334.32610301326883, "params": {"gamma": 6.745313942778413, "prior": 5.559541474546487, "rate": 3.2171598078821737}, "datetime": {"datetime": "2024-06-14 06:59:08", "elapsed": 4.574622, "delta": 0.009973}}
{"target": -270.23258974751997, "params": {"gamma": 7.802243168860467, "prior": 1.543275769026293, "rate": 2.449561506980074}, "datetime": {"datetime": "2024-06-14 06:59:08", "elapsed": 4.583597, "delta": 0.008975}}
{"target": -193.25795102491247, "params": {"gamma": 2.923845306630798, "prior": 2.0397262703400223, "rate": 0.8802988990222627}, "datetime": {"datetime": "2024-06-14 06:59:08", "elapsed": 4.59357, "delta": 0.009973}}
{"target": -336.62677893576637, "params": {"gamma": 8.699891826535803, "prior": 0.9730675911579497, "rate": 6.837419647880558}, "datetime": {"datetime": "2024-06-14 06:59:08", "elapsed": 4.603545, "delta": 0.009975}}
{"target": -125.14705860351069, "params": {"gamma": 1.204888367700376, "prior": 0.20592013112732416, "rate": 5.573125032519063}, "datetime": {"datetime": "2024-06-14 06:59:08", "elapsed": 4.612549, "delta": 0.009004}}
{"target": -496.8137810295559, "params": {"gamma": 9.071183443148486, "prior": 8.618521006635163, "rate": 3.3851753897983823}, "datetime": {"datetime": "2024-06-14 06:59:08", "elapsed": 4.621527, "delta": 0.008978}}
{"target": -137.44048377168815, "params": {"gamma": 0.27256113442929636, "prior": 8.028507615787328, "rate": 8.06004333796437}, "datetime": {"datetime": "2024-06-14 06:59:08", "elapsed": 4.632497, "delta": 0.01097}}
{"target": -318.30846595974685, "params": {"gamma": 8.685012674911418, "prior": 6.729501338767777, "rate": 8.077980844288449}, "datetime": {"datetime": "2024-06-14 06:59:08", "elapsed": 4.642501, "delta": 0.010004}}
{"target": -325.9206504789928, "params": {"gamma": 8.9750853247459, "prior": 4.592916509851121, "rate": 5.578695211845391}, "datetime": {"datetime": "2024-06-14 06:59:08", "elapsed": 4.651482, "delta": 0.008981}}
{"target": -222.82316818543984, "params": {"gamma": 5.06180515715352, "prior": 6.9506406547897654, "rate": 6.829385769431119}, "datetime": {"datetime": "2024-06-14 06:59:08", "elapsed": 4.660423, "delta": 0.008941}}
{"target": -263.7850804159761, "params": {"gamma": 5.203616044997302, "prior": 8.301834666046165, "rate": 5.058288088511875}, "datetime": {"datetime": "2024-06-14 06:59:08", "elapsed": 4.670398, "delta": 0.009975}}
{"target": -392.11742499380466, "params": {"gamma": 8.248760765289934, "prior": 2.8902663726181053, "rate": 1.7857698349419049}, "datetime": {"datetime": "2024-06-14 06:59:08", "elapsed": 4.679373, "delta": 0.008975}}
{"target": -547.0091288547488, "params": {"gamma": 9.698735832876796, "prior": 7.44520130201516, "rate": 2.598657141350841}, "datetime": {"datetime": "2024-06-14 06:59:08", "elapsed": 4.688349, "delta": 0.008976}}
{"target": -429.0614244786567, "params": {"gamma": 5.8127721875694265, "prior": 9.557096310028049, "rate": 0.808458324212976}, "datetime": {"datetime": "2024-06-14 06:59:08", "elapsed": 4.698322, "delta": 0.009973}}
{"target": -143.84488547396577, "params": {"gamma": 0.8362585364103492, "prior": 6.229434831057081, "rate": 2.245710294880741}, "datetime": {"datetime": "2024-06-14 06:59:08", "elapsed": 4.707298, "delta": 0.008976}}
{"target": -289.6964844598218, "params": {"gamma": 7.652074383378348, "prior": 5.72471017519614, "rate": 6.66221471414473}, "datetime": {"datetime": "2024-06-14 06:59:08", "elapsed": 4.717271, "delta": 0.009973}}
{"target": -119.68718074890177, "params": {"gamma": 1.0790311940451294, "prior": 0.9344022092219122, "rate": 6.251585561986592}, "datetime": {"datetime": "2024-06-14 06:59:08", "elapsed": 4.727245, "delta": 0.009974}}
{"target": -179.72306669654034, "params": {"gamma": 4.097902880079071, "prior": 0.9637999863326198, "rate": 3.711268386216875}, "datetime": {"datetime": "2024-06-14 06:59:08", "elapsed": 4.738215, "delta": 0.01097}}
{"target": -253.18026692178023, "params": {"gamma": 6.72177195215883, "prior": 1.9769152618966988, "rate": 8.957395356178512}, "datetime": {"datetime": "2024-06-14 06:59:08", "elapsed": 4.751181, "delta": 0.012966}}
{"target": -412.63097978243854, "params": {"gamma": 9.498514042411992, "prior": 9.619568170101886, "rate": 7.301095494844863}, "datetime": {"datetime": "2024-06-14 06:59:08", "elapsed": 4.761154, "delta": 0.009973}}
{"target": -246.82505086808538, "params": {"gamma": 4.063477988455463, "prior": 7.463117043877074, "rate": 2.8805808058682407}, "datetime": {"datetime": "2024-06-14 06:59:08", "elapsed": 4.770696, "delta": 0.009542}}
{"target": -167.59665555753733, "params": {"gamma": 3.144857806685071, "prior": 6.098373976056793, "rate": 5.948876486945769}, "datetime": {"datetime": "2024-06-14 06:59:08", "elapsed": 4.78067, "delta": 0.009974}}
{"target": -288.5036204153723, "params": {"gamma": 8.786731102181795, "prior": 2.620547481039712, "rate": 7.662117463663015}, "datetime": {"datetime": "2024-06-14 06:59:08", "elapsed": 4.789646, "delta": 0.008976}}
{"target": -451.6549776620432, "params": {"gamma": 9.410191654922194, "prior": 0.11022603331157285, "rate": 4.761415090903047}, "datetime": {"datetime": "2024-06-14 06:59:08", "elapsed": 4.800616, "delta": 0.01097}}
{"target": -420.80092702103553, "params": {"gamma": 6.570746249918269, "prior": 8.448899817803273, "rate": 1.8382103793481412}, "datetime": {"datetime": "2024-06-14 06:59:08", "elapsed": 4.813581, "delta": 0.012965}}
{"target": -279.09023168513465, "params": {"gamma": 8.56173622063573, "prior": 3.7072182505845768, "rate": 8.922847018832448}, "datetime": {"datetime": "2024-06-14 06:59:08", "elapsed": 4.822589, "delta": 0.009008}}
{"target": -128.5189748665594, "params": {"gamma": 0.2780896894835276, "prior": 0.9453623773193891, "rate": 9.81412324707537}, "datetime": {"datetime": "2024-06-14 06:59:08", "elapsed": 4.832532, "delta": 0.009943}}
{"target": -342.0455215625729, "params": {"gamma": 6.095409755809193, "prior": 4.234560233460414, "rate": 1.6929726327522117}, "datetime": {"datetime": "2024-06-14 06:59:08", "elapsed": 4.842534, "delta": 0.010002}}
{"target": -264.3437264786018, "params": {"gamma": 6.499361629743811, "prior": 0.46605317675764246, "rate": 3.116827520693586}, "datetime": {"datetime": "2024-06-14 06:59:08", "elapsed": 4.85148, "delta": 0.008946}}
{"target": -167.18725000445346, "params": {"gamma": 3.2354684906937643, "prior": 6.11367474579408, "rate": 6.508661735500295}, "datetime": {"datetime": "2024-06-14 06:59:08", "elapsed": 4.861453, "delta": 0.009973}}
{"target": -380.535038483348, "params": {"gamma": 8.460699937765456, "prior": 9.28305133171568, "rate": 6.604916818383386}, "datetime": {"datetime": "2024-06-14 06:59:08", "elapsed": 4.874419, "delta": 0.012966}}
{"target": -212.4697022616388, "params": {"gamma": 5.782161010166973, "prior": 4.047283881927183, "rate": 9.666158313928777}, "datetime": {"datetime": "2024-06-14 06:59:08", "elapsed": 4.883431, "delta": 0.009012}}
{"target": -156.3817437349821, "params": {"gamma": 1.541637639151742, "prior": 8.96135940562162, "rate": 3.1108196657805305}, "datetime": {"datetime": "2024-06-14 06:59:08", "elapsed": 4.892371, "delta": 0.00894}}
{"target": -324.0112388462777, "params": {"gamma": 5.485342407571374, "prior": 6.852455958484867, "rate": 2.3654600436102275}, "datetime": {"datetime": "2024-06-14 06:59:08", "elapsed": 4.902344, "delta": 0.009973}}
{"target": -128.87339042532892, "params": {"gamma": 1.678199113817666, "prior": 5.133971932953198, "rate": 7.918846891971133}, "datetime": {"datetime": "2024-06-14 06:59:08", "elapsed": 4.91132, "delta": 0.008976}}
{"target": -280.0680830979389, "params": {"gamma": 6.9244522072085894, "prior": 1.277836038012847, "rate": 9.007521408502258}, "datetime": {"datetime": "2024-06-14 06:59:08", "elapsed": 4.920299, "delta": 0.008979}}
{"target": -250.56891283572725, "params": {"gamma": 4.797895932924502, "prior": 9.47209912447251, "rate": 5.53478362877641}, "datetime": {"datetime": "2024-06-14 06:59:08", "elapsed": 4.93007, "delta": 0.009771}}
{"target": -118.99155290247577, "params": {"gamma": 0.8489334147818686, "prior": 2.1043840531779026, "rate": 8.542525491190911}, "datetime": {"datetime": "2024-06-14 06:59:08", "elapsed": 4.939642, "delta": 0.009572}}
{"target": -399.85695343700627, "params": {"gamma": 7.0595677402804276, "prior": 8.95990124951395, "rate": 3.2921308719412035}, "datetime": {"datetime": "2024-06-14 06:59:08", "elapsed": 4.948618, "delta": 0.008976}}
{"target": -234.93379492352014, "params": {"gamma": 5.280485964979625, "prior": 6.538941511592786, "rate": 5.943314245013059}, "datetime": {"datetime": "2024-06-14 06:59:08", "elapsed": 4.957593, "delta": 0.008975}}
{"target": -162.4955634116602, "params": {"gamma": 2.315397892406944, "prior": 4.325531359537532, "rate": 2.481866529137688}, "datetime": {"datetime": "2024-06-14 06:59:08", "elapsed": 4.966569, "delta": 0.008976}}
{"target": -611.3561730720228, "params": {"gamma": 8.456304007349223, "prior": 9.868106705184019, "rate": 0.6666414605206605}, "datetime": {"datetime": "2024-06-14 06:59:08", "elapsed": 4.975545, "delta": 0.008976}}
{"target": -247.21606318426424, "params": {"gamma": 7.139566394637347, "prior": 3.3681439667708357, "rate": 6.254728347736019}, "datetime": {"datetime": "2024-06-14 06:59:08", "elapsed": 4.985518, "delta": 0.009973}}
{"target": -170.76371473568292, "params": {"gamma": 2.582038363169428, "prior": 6.5449753321541015, "rate": 3.7121006974428328}, "datetime": {"datetime": "2024-06-14 06:59:08", "elapsed": 4.994495, "delta": 0.008977}}
{"target": -160.8742715842118, "params": {"gamma": 2.9489139744901, "prior": 9.126455419608208, "rate": 9.425046243387849}, "datetime": {"datetime": "2024-06-14 06:59:08", "elapsed": 5.003885, "delta": 0.00939}}
{"target": -234.48907451786295, "params": {"gamma": 6.135886715574795, "prior": 2.223231030223857, "rate": 9.394249290190688}, "datetime": {"datetime": "2024-06-14 06:59:08", "elapsed": 5.013887, "delta": 0.010002}}
{"target": -451.81673683853495, "params": {"gamma": 7.504785013686519, "prior": 7.53578909249578, "rate": 2.1180016271500137}, "datetime": {"datetime": "2024-06-14 06:59:08", "elapsed": 5.0234, "delta": 0.009513}}
{"target": -273.31248737962574, "params": {"gamma": 8.30173510509683, "prior": 2.47694202619598, "rate": 6.316575831756353}, "datetime": {"datetime": "2024-06-14 06:59:08", "elapsed": 5.033372, "delta": 0.009972}}
{"target": -362.172361385211, "params": {"gamma": 7.107684959425964, "prior": 7.449595954100307, "rate": 3.9032567812912102}, "datetime": {"datetime": "2024-06-14 06:59:08", "elapsed": 5.042349, "delta": 0.008977}}
{"target": -357.0902698018974, "params": {"gamma": 7.598494141764259, "prior": 9.039065431004929, "rate": 5.8746127723565325}, "datetime": {"datetime": "2024-06-14 06:59:08", "elapsed": 5.052322, "delta": 0.009973}}
{"target": -132.54977790778005, "params": {"gamma": 0.9050067472322914, "prior": 1.376862243008533, "rate": 1.0535200041012063}, "datetime": {"datetime": "2024-06-14 06:59:08", "elapsed": 5.062295, "delta": 0.009973}}
{"target": -129.2047258237715, "params": {"gamma": 1.7281019057654774, "prior": 1.3516658138678819, "rate": 7.783230599786209}, "datetime": {"datetime": "2024-06-14 06:59:08", "elapsed": 5.071271, "delta": 0.008976}}
{"target": -126.74718181565181, "params": {"gamma": 0.39507571033225836, "prior": 2.491428331674554, "rate": 8.790784947183296}, "datetime": {"datetime": "2024-06-14 06:59:08", "elapsed": 5.080247, "delta": 0.008976}}
{"target": -321.16781311852253, "params": {"gamma": 9.7352150895021, "prior": 6.093677876497776, "rate": 9.762406407339324}, "datetime": {"datetime": "2024-06-14 06:59:08", "elapsed": 5.090221, "delta": 0.009974}}
{"target": -143.52693514570808, "params": {"gamma": 0.43547196560805285, "prior": 9.490870406922475, "rate": 3.113649528479215}, "datetime": {"datetime": "2024-06-14 06:59:09", "elapsed": 5.099196, "delta": 0.008975}}
{"target": -310.3171347001308, "params": {"gamma": 7.989929430775569, "prior": 8.125228124124325, "rate": 8.600125917211868}, "datetime": {"datetime": "2024-06-14 06:59:09", "elapsed": 5.108173, "delta": 0.008977}}
{"target": -293.1479145713358, "params": {"gamma": 4.586049558214109, "prior": 9.313379482437938, "rate": 2.579671951285972}, "datetime": {"datetime": "2024-06-14 06:59:09", "elapsed": 5.117149, "delta": 0.008976}}
{"target": -311.5635754750112, "params": {"gamma": 9.344520479803316, "prior": 6.229284369191439, "rate": 9.85446370453336}, "datetime": {"datetime": "2024-06-14 06:59:09", "elapsed": 5.127122, "delta": 0.009973}}
{"target": -137.77412322306847, "params": {"gamma": 0.3274060157599613, "prior": 7.279149922443812, "rate": 5.655976799568431}, "datetime": {"datetime": "2024-06-14 06:59:09", "elapsed": 5.136099, "delta": 0.008977}}
{"target": -206.69728416324634, "params": {"gamma": 4.924748049935798, "prior": 2.6662594439422964, "rate": 3.268980017978885}, "datetime": {"datetime": "2024-06-14 06:59:09", "elapsed": 5.147069, "delta": 0.01097}}
{"target": -141.6706986064015, "params": {"gamma": 2.495372604807176, "prior": 2.270752312218102, "rate": 7.996808714410864}, "datetime": {"datetime": "2024-06-14 06:59:09", "elapsed": 5.162029, "delta": 0.01496}}
{"target": -226.883084507909, "params": {"gamma": 5.024447663976686, "prior": 0.9235798981002775, "rate": 7.770064936081777}, "datetime": {"datetime": "2024-06-14 06:59:09", "elapsed": 5.171005, "delta": 0.008976}}
{"target": -258.14435505496124, "params": {"gamma": 5.336957111761226, "prior": 7.419939094729182, "rate": 5.154421537738071}, "datetime": {"datetime": "2024-06-14 06:59:09", "elapsed": 5.179981, "delta": 0.008976}}
{"target": -345.8134045235492, "params": {"gamma": 4.0000592939273325, "prior": 9.86384314611932, "rate": 0.2833979590089639}, "datetime": {"datetime": "2024-06-14 06:59:09", "elapsed": 5.188957, "delta": 0.008976}}
{"target": -500.4526201021031, "params": {"gamma": 9.327706315740619, "prior": 9.315464180823684, "rate": 3.909796196303079}, "datetime": {"datetime": "2024-06-14 06:59:09", "elapsed": 5.19893, "delta": 0.009973}}
{"target": -180.08263257164808, "params": {"gamma": 2.145434246462065, "prior": 6.230211649539066, "rate": 1.7805453823662243}, "datetime": {"datetime": "2024-06-14 06:59:09", "elapsed": 5.207906, "delta": 0.008976}}
{"target": -306.1640700682474, "params": {"gamma": 8.032278735085756, "prior": 2.613945173189579, "rate": 2.9087707441717465}, "datetime": {"datetime": "2024-06-14 06:59:09", "elapsed": 5.216882, "delta": 0.008976}}
{"target": -439.0735595559451, "params": {"gamma": 9.15924198430956, "prior": 9.038876651396649, "rate": 5.354273536413487}, "datetime": {"datetime": "2024-06-14 06:59:09", "elapsed": 5.225858, "delta": 0.008976}}
{"target": -283.08323827241463, "params": {"gamma": 8.628526966805577, "prior": 3.5900724311701118, "rate": 9.978844897970799}, "datetime": {"datetime": "2024-06-14 06:59:09", "elapsed": 5.234834, "delta": 0.008976}}
{"target": -316.98942906817035, "params": {"gamma": 4.337463704310366, "prior": 3.0186389168051044, "rate": 0.4167007652577235}, "datetime": {"datetime": "2024-06-14 06:59:09", "elapsed": 5.24381, "delta": 0.008976}}
{"target": -327.5545752892235, "params": {"gamma": 9.897079830913631, "prior": 4.702387546027041, "rate": 7.346115555489657}, "datetime": {"datetime": "2024-06-14 06:59:09", "elapsed": 5.252786, "delta": 0.008976}}
{"target": -475.025982342747, "params": {"gamma": 6.408435432834701, "prior": 7.258624656693496, "rate": 0.5120579273573367}, "datetime": {"datetime": "2024-06-14 06:59:09", "elapsed": 5.261762, "delta": 0.008976}}
{"target": -440.18513061502864, "params": {"gamma": 9.200534008691728, "prior": 9.275728057232191, "rate": 5.520398276514817}, "datetime": {"datetime": "2024-06-14 06:59:09", "elapsed": 5.270738, "delta": 0.008976}}
{"target": -306.5494842313703, "params": {"gamma": 9.639194970956826, "prior": 2.881459816204638, "rate": 6.0218641247383164}, "datetime": {"datetime": "2024-06-14 06:59:09", "elapsed": 5.280711, "delta": 0.009973}}
{"target": -229.89327933070666, "params": {"gamma": 3.9652304378361865, "prior": 6.317429994376759, "rate": 3.0070222529489574}, "datetime": {"datetime": "2024-06-14 06:59:09", "elapsed": 5.289688, "delta": 0.008977}}
{"target": -411.0718578784263, "params": {"gamma": 8.193764488175546, "prior": 0.7908811871916644, "rate": 0.4197338254296628}, "datetime": {"datetime": "2024-06-14 06:59:09", "elapsed": 5.298692, "delta": 0.009004}}
{"target": -125.57450999859996, "params": {"gamma": 0.49491444994850975, "prior": 1.5895047808398683, "rate": 3.954109387473109}, "datetime": {"datetime": "2024-06-14 06:59:09", "elapsed": 5.307639, "delta": 0.008947}}
{"target": -345.3477779873151, "params": {"gamma": 9.553944502582489, "prior": 1.1968748529899662, "rate": 6.475882305178456}, "datetime": {"datetime": "2024-06-14 06:59:09", "elapsed": 5.317613, "delta": 0.009974}}
{"target": -275.1778499092262, "params": {"gamma": 5.276687463055037, "prior": 3.5970998192322843, "rate": 1.9827940939725983}, "datetime": {"datetime": "2024-06-14 06:59:09", "elapsed": 5.326589, "delta": 0.008976}}
{"target": -147.68082221278036, "params": {"gamma": 2.20672022439151, "prior": 0.5338329462987547, "rate": 7.131926567624986}, "datetime": {"datetime": "2024-06-14 06:59:09", "elapsed": 5.335565, "delta": 0.008976}}
{"target": -237.10022658299295, "params": {"gamma": 6.538748151763354, "prior": 4.493320947974752, "rate": 7.189675941410347}, "datetime": {"datetime": "2024-06-14 06:59:09", "elapsed": 5.344541, "delta": 0.008976}}
{"target": -130.58234634724633, "params": {"gamma": 1.100649748480759, "prior": 9.393319816352417, "rate": 8.476419465684636}, "datetime": {"datetime": "2024-06-14 06:59:09", "elapsed": 5.354514, "delta": 0.009973}}
{"target": -263.4127508562594, "params": {"gamma": 6.590697560999168, "prior": 3.8504285697511453, "rate": 4.16625072341846}, "datetime": {"datetime": "2024-06-14 06:59:09", "elapsed": 5.36349, "delta": 0.008976}}
{"target": -219.1758730448315, "params": {"gamma": 4.822057067652517, "prior": 9.359309323067325, "rate": 8.636065956226108}, "datetime": {"datetime": "2024-06-14 06:59:09", "elapsed": 5.372466, "delta": 0.008976}}
{"target": -193.9371226976181, "params": {"gamma": 4.779760568316378, "prior": 5.589733132953853, "rate": 8.754163218930938}, "datetime": {"datetime": "2024-06-14 06:59:09", "elapsed": 5.381442, "delta": 0.008976}}
{"target": -347.2050421462622, "params": {"gamma": 9.492695073289129, "prior": 6.427929083095635, "rate": 7.485454680577448}, "datetime": {"datetime": "2024-06-14 06:59:09", "elapsed": 5.390418, "delta": 0.008976}}
{"target": -180.27578778384265, "params": {"gamma": 3.516897438698066, "prior": 9.188480358953182, "rate": 8.367683746488458}, "datetime": {"datetime": "2024-06-14 06:59:09", "elapsed": 5.399394, "delta": 0.008976}}
{"target": -237.5346298086222, "params": {"gamma": 5.521006756366404, "prior": 8.68950937519022, "rate": 8.498868942521883}, "datetime": {"datetime": "2024-06-14 06:59:09", "elapsed": 5.40837, "delta": 0.008976}}
{"target": -282.2152531167225, "params": {"gamma": 8.084305154704811, "prior": 1.393858961534142, "rate": 5.3604897456433}, "datetime": {"datetime": "2024-06-14 06:59:09", "elapsed": 5.418343, "delta": 0.009973}}
{"target": -445.4350814445647, "params": {"gamma": 9.007930363954452, "prior": 7.73123512248292, "rate": 4.207711277052893}, "datetime": {"datetime": "2024-06-14 06:59:09", "elapsed": 5.42732, "delta": 0.008977}}
{"target": -343.2057621912076, "params": {"gamma": 9.778826053206298, "prior": 2.5826542510627224, "rate": 3.336768678250129}, "datetime": {"datetime": "2024-06-14 06:59:09", "elapsed": 5.436296, "delta": 0.008976}}
{"target": -355.12193779247025, "params": {"gamma": 9.54205087378846, "prior": 8.106281947034368, "rate": 9.003499705102108}, "datetime": {"datetime": "2024-06-14 06:59:09", "elapsed": 5.445271, "delta": 0.008975}}
{"target": -143.79288208530346, "params": {"gamma": 0.11688430450954196, "prior": 3.859667887036548, "rate": 2.355984044142083}, "datetime": {"datetime": "2024-06-14 06:59:09", "elapsed": 5.454248, "delta": 0.008977}}
{"target": -162.7379328414899, "params": {"gamma": 2.9600545838222256, "prior": 7.406155414398024, "rate": 7.241124363795878}, "datetime": {"datetime": "2024-06-14 06:59:09", "elapsed": 5.464221, "delta": 0.009973}}
{"target": -189.91657000407935, "params": {"gamma": 4.618532302580416, "prior": 3.716217165950228, "rate": 5.847331438432254}, "datetime": {"datetime": "2024-06-14 06:59:09", "elapsed": 5.473197, "delta": 0.008976}}
{"target": -223.71502859534957, "params": {"gamma": 5.33754383858813, "prior": 5.550737634177834, "rate": 6.155155234075464}, "datetime": {"datetime": "2024-06-14 06:59:09", "elapsed": 5.482173, "delta": 0.008976}}
