{"target": -319.94343555923325, "params": {"gamma": 5.618566827974954, "prior": 4.710139830525047, "rate": 1.5828405185913081}, "datetime": {"datetime": "2024-06-14 05:32:51", "elapsed": 13.260804, "delta": 0.010051}}
{"target": -127.5451029749536, "params": {"gamma": 0.46548205758633604, "prior": 4.691938262951814, "rate": 6.54336650017196}, "datetime": {"datetime": "2024-06-14 05:32:51", "elapsed": 13.270778, "delta": 0.009974}}
{"target": -140.92670973562014, "params": {"gamma": 2.1262506191650012, "prior": 4.059501088269441, "rate": 4.976881207213625}, "datetime": {"datetime": "2024-06-14 05:32:51", "elapsed": 13.280751, "delta": 0.009973}}
{"target": -438.30770382027697, "params": {"gamma": 9.549084662565308, "prior": 8.786706772952215, "rate": 8.740622431637016}, "datetime": {"datetime": "2024-06-14 05:32:51", "elapsed": 13.290724, "delta": 0.009973}}
{"target": -571.6989242360952, "params": {"gamma": 9.966008787860254, "prior": 7.7571875030905035, "rate": 2.031395720720704}, "datetime": {"datetime": "2024-06-14 05:32:51", "elapsed": 13.299701, "delta": 0.008977}}
{"target": -356.6559446977764, "params": {"gamma": 8.399033519310658, "prior": 1.7458576605066427, "rate": 8.890981709818412}, "datetime": {"datetime": "2024-06-14 05:32:51", "elapsed": 13.309673, "delta": 0.009972}}
{"target": -175.1469919567167, "params": {"gamma": 3.3864593795504314, "prior": 2.950652172676902, "rate": 6.06262377611874}, "datetime": {"datetime": "2024-06-14 05:32:51", "elapsed": 13.319647, "delta": 0.009974}}
{"target": -134.47105655600197, "params": {"gamma": 0.6070548531937172, "prior": 9.080172928574301, "rate": 3.8113259129552914}, "datetime": {"datetime": "2024-06-14 05:32:51", "elapsed": 13.32962, "delta": 0.009973}}
{"target": -367.6759593606679, "params": {"gamma": 7.900041725850161, "prior": 7.134419608014303, "rate": 7.0417771519431795}, "datetime": {"datetime": "2024-06-14 05:32:51", "elapsed": 13.339594, "delta": 0.009974}}
{"target": -250.1128408632576, "params": {"gamma": 5.326729042736205, "prior": 4.720087553406988, "rate": 6.454333923418758}, "datetime": {"datetime": "2024-06-14 05:32:51", "elapsed": 13.349567, "delta": 0.009973}}
{"target": -298.4772591743311, "params": {"gamma": 6.916080494254339, "prior": 2.434600133254994, "rate": 7.538328274742676}, "datetime": {"datetime": "2024-06-14 05:32:51", "elapsed": 13.35954, "delta": 0.009973}}
{"target": -438.47044493872295, "params": {"gamma": 9.366235064689338, "prior": 8.169466711621713, "rate": 7.306366078682459}, "datetime": {"datetime": "2024-06-14 05:32:51", "elapsed": 13.369514, "delta": 0.009974}}
{"target": -360.0423600798077, "params": {"gamma": 8.217287677383837, "prior": 0.1688536836406846, "rate": 1.7490656420010366}, "datetime": {"datetime": "2024-06-14 05:32:51", "elapsed": 13.379487, "delta": 0.009973}}
{"target": -180.33503924089615, "params": {"gamma": 3.4204500359621868, "prior": 7.36182952566306, "rate": 9.783754518567227}, "datetime": {"datetime": "2024-06-14 05:32:51", "elapsed": 13.388463, "delta": 0.008976}}
{"target": -318.801576185524, "params": {"gamma": 7.329045588922614, "prior": 4.842030034998996, "rate": 9.210597067436987}, "datetime": {"datetime": "2024-06-14 05:32:51", "elapsed": 13.398436, "delta": 0.009973}}
{"target": -323.0861057823283, "params": {"gamma": 3.7776137015044906, "prior": 6.452737261640754, "rate": 0.01604319738412774}, "datetime": {"datetime": "2024-06-14 05:32:51", "elapsed": 13.40841, "delta": 0.009974}}
{"target": -132.63799918597505, "params": {"gamma": 1.794416084834932, "prior": 3.0189038120395777, "rate": 3.8705109944468274}, "datetime": {"datetime": "2024-06-14 05:32:51", "elapsed": 13.418383, "delta": 0.009973}}
{"target": -266.3737794764925, "params": {"gamma": 4.598745249224747, "prior": 7.987515713645756, "rate": 2.7991759941470526}, "datetime": {"datetime": "2024-06-14 05:32:51", "elapsed": 13.428356, "delta": 0.009973}}
{"target": -120.04255987646398, "params": {"gamma": 0.8275331899589359, "prior": 5.261564230524021, "rate": 9.81153872947284}, "datetime": {"datetime": "2024-06-14 05:32:51", "elapsed": 13.438337, "delta": 0.009981}}
{"target": -194.40780985416401, "params": {"gamma": 4.00818395641571, "prior": 2.6461917102343175, "rate": 7.763638646345232}, "datetime": {"datetime": "2024-06-14 05:32:51", "elapsed": 13.447957, "delta": 0.00962}}
{"target": -310.1508341522222, "params": {"gamma": 6.156219784190765, "prior": 0.17472852864200794, "rate": 9.862064844626225}, "datetime": {"datetime": "2024-06-14 05:32:51", "elapsed": 13.457947, "delta": 0.00999}}
{"target": -226.9076434390193, "params": {"gamma": 4.889696405678729, "prior": 3.109816521594326, "rate": 6.651105432765965}, "datetime": {"datetime": "2024-06-14 05:32:51", "elapsed": 13.467998, "delta": 0.010051}}
{"target": -161.09471896531267, "params": {"gamma": 2.8563222513640976, "prior": 4.689084919733314, "rate": 6.518558892191261}, "datetime": {"datetime": "2024-06-14 05:32:51", "elapsed": 13.478016, "delta": 0.010018}}
{"target": -122.12999411293181, "params": {"gamma": 1.2196983897335782, "prior": 4.725508951667924, "rate": 7.35232222858189}, "datetime": {"datetime": "2024-06-14 05:32:51", "elapsed": 13.487964, "delta": 0.009948}}
{"target": -437.606574315587, "params": {"gamma": 9.605219885684939, "prior": 0.3117559709580553, "rate": 8.324959625901556}, "datetime": {"datetime": "2024-06-14 05:32:51", "elapsed": 13.497986, "delta": 0.010022}}
{"target": -434.82955035520405, "params": {"gamma": 9.391521053346748, "prior": 9.859596421590911, "rate": 9.378378518554022}, "datetime": {"datetime": "2024-06-14 05:32:51", "elapsed": 13.507943, "delta": 0.009957}}
{"target": -151.24788096329607, "params": {"gamma": 1.2933848293668193, "prior": 8.871599920049611, "rate": 1.529468431828893}, "datetime": {"datetime": "2024-06-14 05:32:51", "elapsed": 13.517426, "delta": 0.009483}}
{"target": -197.27434336166598, "params": {"gamma": 3.6058030535750842, "prior": 3.6755031909663085, "rate": 2.7985741373137722}, "datetime": {"datetime": "2024-06-14 05:32:51", "elapsed": 13.527402, "delta": 0.009976}}
{"target": -242.92487946719876, "params": {"gamma": 3.548687634297447, "prior": 5.475715491805219, "rate": 0.7860916495607814}, "datetime": {"datetime": "2024-06-14 05:32:51", "elapsed": 13.537371, "delta": 0.009969}}
{"target": -238.10631633730276, "params": {"gamma": 3.7293238414408294, "prior": 5.873866921901378, "rate": 1.3433598503872748}, "datetime": {"datetime": "2024-06-14 05:32:51", "elapsed": 13.547856, "delta": 0.010485}}
{"target": -179.78153429106223, "params": {"gamma": 2.430636464974349, "prior": 3.1965129173207756, "rate": 0.7462639779838585}, "datetime": {"datetime": "2024-06-14 05:32:51", "elapsed": 13.557832, "delta": 0.009976}}
{"target": -354.04537727917096, "params": {"gamma": 8.077100262224654, "prior": 2.7076349809785905, "rate": 4.106599490946104}, "datetime": {"datetime": "2024-06-14 05:32:51", "elapsed": 13.567808, "delta": 0.009976}}
{"target": -234.604034056276, "params": {"gamma": 4.054723246527664, "prior": 3.1168827992527173, "rate": 1.2782527317471344}, "datetime": {"datetime": "2024-06-14 05:32:51", "elapsed": 13.577784, "delta": 0.009976}}
{"target": -485.5858034436808, "params": {"gamma": 8.935700181344412, "prior": 6.8458089939758615, "rate": 2.669647727792136}, "datetime": {"datetime": "2024-06-14 05:32:51", "elapsed": 13.587752, "delta": 0.009968}}
{"target": -119.21997662675524, "params": {"gamma": 0.9252168378068174, "prior": 1.3226006592467376, "rate": 2.765087577252426}, "datetime": {"datetime": "2024-06-14 05:32:51", "elapsed": 13.597732, "delta": 0.00998}}
{"target": -123.18295808755902, "params": {"gamma": 0.49138574517622646, "prior": 1.536953953174493, "rate": 4.75082044615585}, "datetime": {"datetime": "2024-06-14 05:32:51", "elapsed": 13.60771, "delta": 0.009978}}
{"target": -401.92520710192844, "params": {"gamma": 9.359858045746865, "prior": 4.39728295824498, "rate": 7.091695404396912}, "datetime": {"datetime": "2024-06-14 05:32:51", "elapsed": 13.617678, "delta": 0.009968}}
{"target": -350.7158989016051, "params": {"gamma": 5.703480436122253, "prior": 9.764817437319463, "rate": 1.7829338600348927}, "datetime": {"datetime": "2024-06-14 05:32:51", "elapsed": 13.627656, "delta": 0.009978}}
{"target": -316.39800783974874, "params": {"gamma": 7.391311728201115, "prior": 3.56902627908651, "rate": 9.912129823702113}, "datetime": {"datetime": "2024-06-14 05:32:51", "elapsed": 13.63771, "delta": 0.010054}}
{"target": -191.14480015742086, "params": {"gamma": 3.5287645393308957, "prior": 9.789953507003169, "rate": 8.603854098454429}, "datetime": {"datetime": "2024-06-14 05:32:51", "elapsed": 13.647654, "delta": 0.009944}}
{"target": -265.27223504375985, "params": {"gamma": 5.97776886311117, "prior": 0.3717347713456658, "rate": 1.8561349624416226}, "datetime": {"datetime": "2024-06-14 05:32:51", "elapsed": 13.657621, "delta": 0.009967}}
{"target": -150.38639201357958, "params": {"gamma": 0.5660612431019523, "prior": 7.945371439682299, "rate": 0.7404368885098506}, "datetime": {"datetime": "2024-06-14 05:32:51", "elapsed": 13.669339, "delta": 0.011718}}
{"target": -339.7470500523686, "params": {"gamma": 7.864807897266238, "prior": 0.37672330549397026, "rate": 2.552807324311116}, "datetime": {"datetime": "2024-06-14 05:32:51", "elapsed": 13.679313, "delta": 0.009974}}
{"target": -169.24363795997417, "params": {"gamma": 2.9765362830187123, "prior": 5.689604254646701, "rate": 5.621050378621821}, "datetime": {"datetime": "2024-06-14 05:32:51", "elapsed": 13.689289, "delta": 0.009976}}
{"target": -513.0517716528796, "params": {"gamma": 8.874122245059352, "prior": 6.41003665642897, "rate": 1.615458841587833}, "datetime": {"datetime": "2024-06-14 05:32:51", "elapsed": 13.699265, "delta": 0.009976}}
{"target": -138.41672670564586, "params": {"gamma": 0.27092093445094007, "prior": 7.6436267297477904, "rate": 5.3561524093705035}, "datetime": {"datetime": "2024-06-14 05:32:51", "elapsed": 13.709242, "delta": 0.009977}}
{"target": -267.15120017996276, "params": {"gamma": 5.786712866351162, "prior": 4.199639973876964, "rate": 5.898561065889926}, "datetime": {"datetime": "2024-06-14 05:32:51", "elapsed": 13.71945, "delta": 0.010208}}
{"target": -203.18342828111383, "params": {"gamma": 4.056908149188704, "prior": 4.512354814204365, "rate": 5.927803620451909}, "datetime": {"datetime": "2024-06-14 05:32:51", "elapsed": 13.729815, "delta": 0.010365}}
{"target": -234.66189003227268, "params": {"gamma": 4.923952760842727, "prior": 0.685123570453242, "rate": 9.767920289447702}, "datetime": {"datetime": "2024-06-14 05:32:51", "elapsed": 13.739788, "delta": 0.009973}}
{"target": -375.52846800747, "params": {"gamma": 8.55152126248045, "prior": 3.8529477154984746, "rate": 5.465701902352132}, "datetime": {"datetime": "2024-06-14 05:32:51", "elapsed": 13.749761, "delta": 0.009973}}
{"target": -390.44694658889114, "params": {"gamma": 9.328810392069327, "prior": 4.039856882837672, "rate": 9.447782220977258}, "datetime": {"datetime": "2024-06-14 05:32:51", "elapsed": 13.759735, "delta": 0.009974}}
{"target": -134.71724469230762, "params": {"gamma": 0.3058322755797807, "prior": 7.483415270128151, "rate": 7.9702691040219795}, "datetime": {"datetime": "2024-06-14 05:32:51", "elapsed": 13.769708, "delta": 0.009973}}
{"target": -132.0298111250396, "params": {"gamma": 1.93915729117472, "prior": 1.7123810753953614, "rate": 5.911191778228094}, "datetime": {"datetime": "2024-06-14 05:32:51", "elapsed": 13.779681, "delta": 0.009973}}
{"target": -293.53394368412637, "params": {"gamma": 4.797437426866516, "prior": 5.906771763997412, "rate": 1.3235786977154271}, "datetime": {"datetime": "2024-06-14 05:32:51", "elapsed": 13.789655, "delta": 0.009974}}
{"target": -158.78199360405088, "params": {"gamma": 2.7780929606304388, "prior": 0.789756371223281, "rate": 1.0808592298701158}, "datetime": {"datetime": "2024-06-14 05:32:51", "elapsed": 13.799628, "delta": 0.009973}}
{"target": -323.507669403212, "params": {"gamma": 7.164060397933428, "prior": 0.3613793596910616, "rate": 5.396963570672858}, "datetime": {"datetime": "2024-06-14 05:32:51", "elapsed": 13.809601, "delta": 0.009973}}
{"target": -178.00539407613232, "params": {"gamma": 2.9873312333774114, "prior": 8.698123271650664, "rate": 5.4508437359806505}, "datetime": {"datetime": "2024-06-14 05:32:52", "elapsed": 13.820573, "delta": 0.010972}}
{"target": -456.880069963234, "params": {"gamma": 9.975479797714407, "prior": 5.654651317130731, "rate": 5.621416031788874}, "datetime": {"datetime": "2024-06-14 05:32:52", "elapsed": 13.830546, "delta": 0.009973}}
{"target": -175.6741826791986, "params": {"gamma": 3.351731873456963, "prior": 2.598016846624347, "rate": 4.27426940599577}, "datetime": {"datetime": "2024-06-14 05:32:52", "elapsed": 13.840519, "delta": 0.009973}}
{"target": -140.33411741630246, "params": {"gamma": 2.2725263696062235, "prior": 0.8016724751186088, "rate": 4.2510872816074885}, "datetime": {"datetime": "2024-06-14 05:32:52", "elapsed": 13.850492, "delta": 0.009973}}
{"target": -134.37143233176533, "params": {"gamma": 1.0650645144221098, "prior": 7.2588960645487015, "rate": 2.984641891979689}, "datetime": {"datetime": "2024-06-14 05:32:52", "elapsed": 13.860465, "delta": 0.009973}}
{"target": -225.36083191442245, "params": {"gamma": 4.904126225336482, "prior": 2.036274494273748, "rate": 6.808584262587829}, "datetime": {"datetime": "2024-06-14 05:32:52", "elapsed": 13.870439, "delta": 0.009974}}
{"target": -557.4989584223001, "params": {"gamma": 8.308430641906321, "prior": 2.282027181056831, "rate": 0.07907888226929988}, "datetime": {"datetime": "2024-06-14 05:32:52", "elapsed": 13.880412, "delta": 0.009973}}
{"target": -165.86636826765795, "params": {"gamma": 2.5097921802793786, "prior": 6.31359939215205, "rate": 3.1088574555471813}, "datetime": {"datetime": "2024-06-14 05:32:52", "elapsed": 13.890386, "delta": 0.009974}}
{"target": -447.32672942650595, "params": {"gamma": 8.36222517696091, "prior": 8.542118072949869, "rate": 3.7180338874028376}, "datetime": {"datetime": "2024-06-14 05:32:52", "elapsed": 13.900359, "delta": 0.009973}}
{"target": -190.78726062040283, "params": {"gamma": 3.6539795857073187, "prior": 0.2639694600704467, "rate": 5.497237804999031}, "datetime": {"datetime": "2024-06-14 05:32:52", "elapsed": 13.910904, "delta": 0.010545}}
{"target": -140.41836835441208, "params": {"gamma": 1.5435516702923755, "prior": 1.2155274275217443, "rate": 0.5343279544192256}, "datetime": {"datetime": "2024-06-14 05:32:52", "elapsed": 13.920877, "delta": 0.009973}}
{"target": -159.56510425323327, "params": {"gamma": 1.7936587903460857, "prior": 1.6437150285544317, "rate": 0.3558683019833646}, "datetime": {"datetime": "2024-06-14 05:32:52", "elapsed": 13.930879, "delta": 0.010002}}
{"target": -496.57484277661115, "params": {"gamma": 9.82434211273752, "prior": 6.617214564837837, "rate": 3.8705537217530446}, "datetime": {"datetime": "2024-06-14 05:32:52", "elapsed": 13.940824, "delta": 0.009945}}
{"target": -117.22841433415459, "params": {"gamma": 0.6257922981876658, "prior": 0.5677285559900357, "rate": 8.049719394631913}, "datetime": {"datetime": "2024-06-14 05:32:52", "elapsed": 13.950797, "delta": 0.009973}}
{"target": -208.1199689169415, "params": {"gamma": 4.228375279460253, "prior": 1.1717762927933444, "rate": 1.6711743461337876}, "datetime": {"datetime": "2024-06-14 05:32:52", "elapsed": 13.959773, "delta": 0.008976}}
{"target": -403.38883017921495, "params": {"gamma": 6.802265132639049, "prior": 4.329618010053698, "rate": 0.9689860913418493}, "datetime": {"datetime": "2024-06-14 05:32:52", "elapsed": 13.970744, "delta": 0.010971}}
{"target": -191.59927254577093, "params": {"gamma": 3.920704589637105, "prior": 0.5430825876121436, "rate": 2.710990200499908}, "datetime": {"datetime": "2024-06-14 05:32:52", "elapsed": 13.979719, "delta": 0.008975}}
{"target": -235.19516490324358, "params": {"gamma": 5.031293904777502, "prior": 4.6290449340530495, "rate": 7.686577408158113}, "datetime": {"datetime": "2024-06-14 05:32:52", "elapsed": 13.99069, "delta": 0.010971}}
{"target": -149.8372077365537, "params": {"gamma": 1.6031430865858975, "prior": 5.149437940488653, "rate": 1.4161287835344174}, "datetime": {"datetime": "2024-06-14 05:32:52", "elapsed": 14.000664, "delta": 0.009974}}
{"target": -152.98161537758975, "params": {"gamma": 1.8945065357360218, "prior": 4.157996176719801, "rate": 1.4594799700408772}, "datetime": {"datetime": "2024-06-14 05:32:52", "elapsed": 14.010638, "delta": 0.009974}}
{"target": -254.0261040716311, "params": {"gamma": 5.623712931107031, "prior": 4.6067950147829295, "rate": 9.42102448081776}, "datetime": {"datetime": "2024-06-14 05:32:52", "elapsed": 14.02061, "delta": 0.009972}}
{"target": -292.8169489985417, "params": {"gamma": 6.700279053399254, "prior": 1.1211081382406665, "rate": 6.071461447289983}, "datetime": {"datetime": "2024-06-14 05:32:52", "elapsed": 14.030584, "delta": 0.009974}}
{"target": -208.80352989832815, "params": {"gamma": 4.203872166556974, "prior": 5.056256533803172, "rate": 6.558399608979977}, "datetime": {"datetime": "2024-06-14 05:32:52", "elapsed": 14.040557, "delta": 0.009973}}
{"target": -133.8566027457019, "params": {"gamma": 1.857995271651951, "prior": 3.659391503666097, "rate": 4.80431758722436}, "datetime": {"datetime": "2024-06-14 05:32:52", "elapsed": 14.049533, "delta": 0.008976}}
{"target": -276.309300454465, "params": {"gamma": 6.148214863550358, "prior": 2.9270157375806125, "rate": 5.028231781609626}, "datetime": {"datetime": "2024-06-14 05:32:52", "elapsed": 14.059506, "delta": 0.009973}}
{"target": -171.78440252085645, "params": {"gamma": 2.786182582989594, "prior": 5.766659556664776, "rate": 3.423551750452962}, "datetime": {"datetime": "2024-06-14 05:32:52", "elapsed": 14.06948, "delta": 0.009974}}
{"target": -378.0055174421176, "params": {"gamma": 8.3917704255985, "prior": 6.890536777175542, "rate": 8.16146205993121}, "datetime": {"datetime": "2024-06-14 05:32:52", "elapsed": 14.079453, "delta": 0.009973}}
{"target": -124.23687028133484, "params": {"gamma": 1.5433064281287947, "prior": 1.933417151252388, "rate": 5.426405215883123}, "datetime": {"datetime": "2024-06-14 05:32:52", "elapsed": 14.091422, "delta": 0.011969}}
{"target": -130.4843900293135, "params": {"gamma": 0.6149211908273852, "prior": 5.426779331886682, "rate": 3.360634014854361}, "datetime": {"datetime": "2024-06-14 05:32:52", "elapsed": 14.102453, "delta": 0.011031}}
{"target": -272.298231330702, "params": {"gamma": 3.2452188194691933, "prior": 2.3755465724366975, "rate": 0.0478627093242713}, "datetime": {"datetime": "2024-06-14 05:32:52", "elapsed": 14.113393, "delta": 0.01094}}
{"target": -369.0393058115556, "params": {"gamma": 6.87104638723164, "prior": 7.552533805640476, "rate": 3.383495876309245}, "datetime": {"datetime": "2024-06-14 05:32:52", "elapsed": 14.123367, "delta": 0.009974}}
{"target": -239.9407823251489, "params": {"gamma": 4.698566381850696, "prior": 7.994084512409785, "rate": 6.475029921813591}, "datetime": {"datetime": "2024-06-14 05:32:52", "elapsed": 14.162262, "delta": 0.038895}}
{"target": -134.35739123510504, "params": {"gamma": 0.23075873965417942, "prior": 2.91132760594111, "rate": 9.543993923653835}, "datetime": {"datetime": "2024-06-14 05:32:52", "elapsed": 14.172236, "delta": 0.009974}}
{"target": -370.1422532747816, "params": {"gamma": 8.831663399364862, "prior": 3.3196577156813976, "rate": 9.106428259046453}, "datetime": {"datetime": "2024-06-14 05:32:52", "elapsed": 14.182209, "delta": 0.009973}}
{"target": -230.9580825834059, "params": {"gamma": 4.792271643587237, "prior": 2.1004803357874806, "rate": 2.7152226317759873}, "datetime": {"datetime": "2024-06-14 05:32:52", "elapsed": 14.192182, "delta": 0.009973}}
{"target": -144.4040620271021, "params": {"gamma": 2.4105781820003296, "prior": 0.6501970175159, "rate": 4.371923976318957}, "datetime": {"datetime": "2024-06-14 05:32:52", "elapsed": 14.201487, "delta": 0.009305}}
{"target": -414.21905417961835, "params": {"gamma": 9.045924292349737, "prior": 5.304998895374705, "rate": 5.45501927258241}, "datetime": {"datetime": "2024-06-14 05:32:52", "elapsed": 14.21146, "delta": 0.009973}}
{"target": -141.12575401228642, "params": {"gamma": 2.270769102045196, "prior": 0.5593682144374752, "rate": 1.2589544199559672}, "datetime": {"datetime": "2024-06-14 05:32:52", "elapsed": 14.222229, "delta": 0.010769}}
{"target": -142.35761872420466, "params": {"gamma": 2.152041802423628, "prior": 8.746594812552626, "rate": 9.883297769252295}, "datetime": {"datetime": "2024-06-14 05:32:52", "elapsed": 14.231205, "delta": 0.008976}}
{"target": -141.81860876631805, "params": {"gamma": 0.17864471946155067, "prior": 4.488768556876849, "rate": 3.6926037105639593}, "datetime": {"datetime": "2024-06-14 05:32:52", "elapsed": 14.241178, "delta": 0.009973}}
{"target": -277.9882467950725, "params": {"gamma": 5.365099171557174, "prior": 6.203575904526908, "rate": 3.9606016122470797}, "datetime": {"datetime": "2024-06-14 05:32:52", "elapsed": 14.252149, "delta": 0.010971}}
{"target": -187.21874854028698, "params": {"gamma": 1.8394567778102808, "prior": 5.8942150336226105, "rate": 0.33393439959498467}, "datetime": {"datetime": "2024-06-14 05:32:52", "elapsed": 14.262122, "delta": 0.009973}}
{"target": -546.8513321819843, "params": {"gamma": 8.939882672498515, "prior": 6.47966689423678, "rate": 0.9463480982929026}, "datetime": {"datetime": "2024-06-14 05:32:52", "elapsed": 14.271651, "delta": 0.009529}}
{"target": -272.05247091686726, "params": {"gamma": 5.514198481896219, "prior": 1.37684577932591, "rate": 1.189089580581743}, "datetime": {"datetime": "2024-06-14 05:32:52", "elapsed": 14.281624, "delta": 0.009973}}
{"target": -159.7864578405191, "params": {"gamma": 2.656223467019746, "prior": 7.652792185558542, "rate": 6.982511237812883}, "datetime": {"datetime": "2024-06-14 05:32:52", "elapsed": 14.291598, "delta": 0.009974}}
