{"target": -158.55382886415703, "params": {"gamma": 2.2302911723421603, "prior": 9.971405383102082, "rate": 8.17356631642956}, "datetime": {"datetime": "2024-06-14 19:13:36", "elapsed": 11.33682, "delta": 0.010005}}
{"target": -145.85356063156607, "params": {"gamma": 0.42223947812043505, "prior": 3.7954509908618, "rate": 8.122057570514098}, "datetime": {"datetime": "2024-06-14 19:13:36", "elapsed": 11.345764, "delta": 0.008944}}
{"target": -293.7785814910696, "params": {"gamma": 5.284318582532073, "prior": 2.546595173441272, "rate": 7.9290864165444885}, "datetime": {"datetime": "2024-06-14 19:13:36", "elapsed": 11.355769, "delta": 0.010005}}
{"target": -202.07036166498798, "params": {"gamma": 2.6182486884007314, "prior": 0.10394396254204273, "rate": 2.3139578706383697}, "datetime": {"datetime": "2024-06-14 19:13:36", "elapsed": 11.365711, "delta": 0.009942}}
{"target": -382.80575874865275, "params": {"gamma": 9.933709519335848, "prior": 6.596388259986851, "rate": 2.20746055274965}, "datetime": {"datetime": "2024-06-14 19:13:36", "elapsed": 11.375684, "delta": 0.009973}}
{"target": -317.4450841562871, "params": {"gamma": 6.861710880085471, "prior": 6.900675292396006, "rate": 6.407786956598644}, "datetime": {"datetime": "2024-06-14 19:13:36", "elapsed": 11.385658, "delta": 0.009974}}
{"target": -144.86804266548685, "params": {"gamma": 0.7064146187020427, "prior": 2.5053447581940413, "rate": 8.708501091076558}, "datetime": {"datetime": "2024-06-14 19:13:36", "elapsed": 11.395632, "delta": 0.009974}}
{"target": -364.71048894893084, "params": {"gamma": 7.347673452195916, "prior": 1.761378459242426, "rate": 2.986596023304183}, "datetime": {"datetime": "2024-06-14 19:13:36", "elapsed": 11.405604, "delta": 0.009972}}
{"target": -240.58679483902392, "params": {"gamma": 5.627657565327734, "prior": 8.281813083626007, "rate": 2.0059625473387035}, "datetime": {"datetime": "2024-06-14 19:13:36", "elapsed": 11.414581, "delta": 0.008977}}
{"target": -145.0722526248998, "params": {"gamma": 1.0175512712412351, "prior": 3.8805020069474243, "rate": 9.123622339058336}, "datetime": {"datetime": "2024-06-14 19:13:36", "elapsed": 11.429541, "delta": 0.01496}}
{"target": -163.4866819172637, "params": {"gamma": 2.605874679054985, "prior": 1.1722130918594946, "rate": 0.56037370979255}, "datetime": {"datetime": "2024-06-14 19:13:36", "elapsed": 11.439514, "delta": 0.009973}}
{"target": -237.08803094478588, "params": {"gamma": 3.517353888144698, "prior": 0.47250675815837395, "rate": 5.830756178383219}, "datetime": {"datetime": "2024-06-14 19:13:36", "elapsed": 11.449487, "delta": 0.009973}}
{"target": -334.6452852314826, "params": {"gamma": 6.725895546392632, "prior": 4.658787540848907, "rate": 7.411427420391562}, "datetime": {"datetime": "2024-06-14 19:13:36", "elapsed": 11.458463, "delta": 0.008976}}
{"target": -226.04934291297704, "params": {"gamma": 5.010748619176405, "prior": 7.053290946278004, "rate": 2.307178418323752}, "datetime": {"datetime": "2024-06-14 19:13:36", "elapsed": 11.468467, "delta": 0.010004}}
{"target": -359.55863043020173, "params": {"gamma": 7.446379482205204, "prior": 5.066208299853456, "rate": 7.053982930260369}, "datetime": {"datetime": "2024-06-14 19:13:36", "elapsed": 11.478439, "delta": 0.009972}}
{"target": -204.20322376413768, "params": {"gamma": 4.467531205373577, "prior": 5.108812034796275, "rate": 0.41631029460275537}, "datetime": {"datetime": "2024-06-14 19:13:36", "elapsed": 11.488383, "delta": 0.009944}}
{"target": -243.30727024700056, "params": {"gamma": 4.893603596752043, "prior": 1.508646271753512, "rate": 1.425815973998472}, "datetime": {"datetime": "2024-06-14 19:13:36", "elapsed": 11.497359, "delta": 0.008976}}
{"target": -214.16367915171713, "params": {"gamma": 4.334070675192891, "prior": 5.804526419276483, "rate": 3.431143903220329}, "datetime": {"datetime": "2024-06-14 19:13:36", "elapsed": 11.507332, "delta": 0.009973}}
{"target": -149.45880852388783, "params": {"gamma": 1.6057554110518168, "prior": 7.439963128101519, "rate": 9.630952636256579}, "datetime": {"datetime": "2024-06-14 19:13:36", "elapsed": 11.517306, "delta": 0.009974}}
{"target": -437.57554242360163, "params": {"gamma": 7.3366892172191065, "prior": 0.8629358918245221, "rate": 8.409240673094226}, "datetime": {"datetime": "2024-06-14 19:13:36", "elapsed": 11.527279, "delta": 0.009973}}
{"target": -144.26566456102017, "params": {"gamma": 0.6760729900832833, "prior": 4.419489281132564, "rate": 9.288699130413471}, "datetime": {"datetime": "2024-06-14 19:13:36", "elapsed": 11.537252, "delta": 0.009973}}
{"target": -188.46535035850513, "params": {"gamma": 2.6325378562618087, "prior": 1.3667364017386738, "rate": 7.622625481835956}, "datetime": {"datetime": "2024-06-14 19:13:36", "elapsed": 11.547226, "delta": 0.009974}}
{"target": -396.86595538762964, "params": {"gamma": 9.286152605869912, "prior": 3.325107364972745, "rate": 2.3253485203555204}, "datetime": {"datetime": "2024-06-14 19:13:36", "elapsed": 11.557199, "delta": 0.009973}}
{"target": -149.43302649540863, "params": {"gamma": 1.8256722786407191, "prior": 9.636031674374332, "rate": 5.766769711868097}, "datetime": {"datetime": "2024-06-14 19:13:36", "elapsed": 11.566176, "delta": 0.008977}}
{"target": -323.7090482445014, "params": {"gamma": 8.601017631330931, "prior": 3.1526153619134747, "rate": 0.5653078671540508}, "datetime": {"datetime": "2024-06-14 19:13:36", "elapsed": 11.576148, "delta": 0.009972}}
{"target": -253.44639085388923, "params": {"gamma": 4.538588046967902, "prior": 2.150389949482985, "rate": 5.190317659626124}, "datetime": {"datetime": "2024-06-14 19:13:36", "elapsed": 11.586122, "delta": 0.009974}}
{"target": -263.61541495530156, "params": {"gamma": 5.3803383685417385, "prior": 3.0134533507087977, "rate": 3.0752313679559293}, "datetime": {"datetime": "2024-06-14 19:13:36", "elapsed": 11.595098, "delta": 0.008976}}
{"target": -147.80981344892822, "params": {"gamma": 0.24271254847611315, "prior": 4.261979937910767, "rate": 3.2375704471739803}, "datetime": {"datetime": "2024-06-14 19:13:36", "elapsed": 11.605071, "delta": 0.009973}}
{"target": -275.73797277792715, "params": {"gamma": 6.1952817624864025, "prior": 8.611654360250752, "rate": 4.926911767488365}, "datetime": {"datetime": "2024-06-14 19:13:36", "elapsed": 11.615045, "delta": 0.009974}}
{"target": -142.74452580726583, "params": {"gamma": 0.8280002720208621, "prior": 9.341456537509496, "rate": 8.083461341580708}, "datetime": {"datetime": "2024-06-14 19:13:36", "elapsed": 11.624021, "delta": 0.008976}}
{"target": -219.35222284473764, "params": {"gamma": 3.6558227125345977, "prior": 3.3742162191489324, "rate": 9.379402853367585}, "datetime": {"datetime": "2024-06-14 19:13:36", "elapsed": 11.633994, "delta": 0.009973}}
{"target": -212.02929144695992, "params": {"gamma": 3.7495685112706005, "prior": 6.3944419643693875, "rate": 9.853458036647636}, "datetime": {"datetime": "2024-06-14 19:13:36", "elapsed": 11.643967, "delta": 0.009973}}
{"target": -145.9608331976404, "params": {"gamma": 0.36836090554034395, "prior": 3.214846683672905, "rate": 2.313125983692789}, "datetime": {"datetime": "2024-06-14 19:13:36", "elapsed": 11.652943, "delta": 0.008976}}
{"target": -334.23412825111535, "params": {"gamma": 9.223731826093484, "prior": 5.556253632459004, "rate": 0.5380816705607578}, "datetime": {"datetime": "2024-06-14 19:13:36", "elapsed": 11.662918, "delta": 0.009975}}
{"target": -346.2728340101111, "params": {"gamma": 7.552727246484496, "prior": 6.872429831212706, "rate": 6.622078860248277}, "datetime": {"datetime": "2024-06-14 19:13:36", "elapsed": 11.67289, "delta": 0.009972}}
{"target": -419.7051005253722, "params": {"gamma": 9.557332020493899, "prior": 8.758555827281402, "rate": 7.532761600172254}, "datetime": {"datetime": "2024-06-14 19:13:37", "elapsed": 11.682863, "delta": 0.009973}}
{"target": -163.17849117380948, "params": {"gamma": 2.2274368777620133, "prior": 1.4663481242278644, "rate": 2.2096624750777165}, "datetime": {"datetime": "2024-06-14 19:13:37", "elapsed": 11.691839, "delta": 0.008976}}
{"target": -157.16712692289187, "params": {"gamma": 2.0558931010754273, "prior": 5.722849003564123, "rate": 6.63077518785403}, "datetime": {"datetime": "2024-06-14 19:13:37", "elapsed": 11.701812, "delta": 0.009973}}
{"target": -309.26433294673546, "params": {"gamma": 5.274647786496121, "prior": 0.6578589781712976, "rate": 3.6322627869363457}, "datetime": {"datetime": "2024-06-14 19:13:37", "elapsed": 11.711786, "delta": 0.009974}}
{"target": -395.91538582111065, "params": {"gamma": 9.677306363671502, "prior": 6.98556459651058, "rate": 3.698028055635611}, "datetime": {"datetime": "2024-06-14 19:13:37", "elapsed": 11.72176, "delta": 0.009974}}
{"target": -275.5842820981131, "params": {"gamma": 6.716589859874733, "prior": 2.7245859703372814, "rate": 0.7756981624656162}, "datetime": {"datetime": "2024-06-14 19:13:37", "elapsed": 11.731763, "delta": 0.010003}}
{"target": -273.90111827629636, "params": {"gamma": 5.281143325416827, "prior": 2.9687143459337384, "rate": 4.817037304645983}, "datetime": {"datetime": "2024-06-14 19:13:37", "elapsed": 11.740709, "delta": 0.008946}}
{"target": -413.2325902925302, "params": {"gamma": 9.020043950898684, "prior": 6.552229630812366, "rate": 7.233468037123845}, "datetime": {"datetime": "2024-06-14 19:13:37", "elapsed": 11.750682, "delta": 0.009973}}
{"target": -142.7859866952231, "params": {"gamma": 1.0267626657461268, "prior": 4.8486150493478055, "rate": 4.044014562004185}, "datetime": {"datetime": "2024-06-14 19:13:37", "elapsed": 11.760655, "delta": 0.009973}}
{"target": -315.39881438502186, "params": {"gamma": 6.468925570274098, "prior": 2.9485778320940845, "rate": 3.8312640574634482}, "datetime": {"datetime": "2024-06-14 19:13:37", "elapsed": 11.770629, "delta": 0.009974}}
{"target": -471.8385375935153, "params": {"gamma": 9.81018690271792, "prior": 1.23662462107414, "rate": 1.9998787227506973}, "datetime": {"datetime": "2024-06-14 19:13:37", "elapsed": 11.779606, "delta": 0.008977}}
{"target": -163.93012904085367, "params": {"gamma": 2.3912225972933583, "prior": 6.996876584358281, "rate": 7.1371672251136955}, "datetime": {"datetime": "2024-06-14 19:13:37", "elapsed": 11.789578, "delta": 0.009972}}
{"target": -400.19950113363495, "params": {"gamma": 7.847764610820117, "prior": 3.8723393107957245, "rate": 8.524180473287885}, "datetime": {"datetime": "2024-06-14 19:13:37", "elapsed": 11.799551, "delta": 0.009973}}
{"target": -330.9354152633763, "params": {"gamma": 6.973768049350303, "prior": 7.161272986009691, "rate": 8.220064454506392}, "datetime": {"datetime": "2024-06-14 19:13:37", "elapsed": 11.809525, "delta": 0.009974}}
{"target": -252.59045806053737, "params": {"gamma": 6.289615458969785, "prior": 4.280053466198156, "rate": 0.3089573128355685}, "datetime": {"datetime": "2024-06-14 19:13:37", "elapsed": 11.818501, "delta": 0.008976}}
{"target": -286.96722165913116, "params": {"gamma": 5.9549611772267355, "prior": 5.681259338068073, "rate": 6.008479407469643}, "datetime": {"datetime": "2024-06-14 19:13:37", "elapsed": 11.828474, "delta": 0.009973}}
{"target": -175.97744711982358, "params": {"gamma": 3.2292118332970405, "prior": 5.593331570762452, "rate": 1.7173913865365833}, "datetime": {"datetime": "2024-06-14 19:13:37", "elapsed": 11.838447, "delta": 0.009973}}
{"target": -394.08828629001056, "params": {"gamma": 6.49894440266871, "prior": 0.8095673895400698, "rate": 8.750896260863644}, "datetime": {"datetime": "2024-06-14 19:13:37", "elapsed": 11.848458, "delta": 0.010011}}
{"target": -167.0597898545979, "params": {"gamma": 2.1621633635158477, "prior": 3.0090612487247013, "rate": 8.847484449475706}, "datetime": {"datetime": "2024-06-14 19:13:37", "elapsed": 11.857397, "delta": 0.008939}}
{"target": -352.5948793347982, "params": {"gamma": 8.836037308166828, "prior": 8.37904543989899, "rate": 3.2700292334455643}, "datetime": {"datetime": "2024-06-14 19:13:37", "elapsed": 11.86737, "delta": 0.009973}}
{"target": -397.91479582638647, "params": {"gamma": 9.023544047406462, "prior": 7.740842728171373, "rate": 6.581171726876564}, "datetime": {"datetime": "2024-06-14 19:13:37", "elapsed": 11.877343, "delta": 0.009973}}
{"target": -372.64434265658, "params": {"gamma": 8.99813093515086, "prior": 7.853001575402082, "rate": 4.2480703423217}, "datetime": {"datetime": "2024-06-14 19:13:37", "elapsed": 11.88783, "delta": 0.010487}}
{"target": -174.2367851417372, "params": {"gamma": 3.2432279860467617, "prior": 3.999393563924491, "rate": 0.6150601284275855}, "datetime": {"datetime": "2024-06-14 19:13:37", "elapsed": 11.897699, "delta": 0.009869}}
{"target": -215.9359925638149, "params": {"gamma": 3.634945499368943, "prior": 3.595132489864901, "rate": 8.656379251086715}, "datetime": {"datetime": "2024-06-14 19:13:37", "elapsed": 11.907672, "delta": 0.009973}}
{"target": -349.1994448676848, "params": {"gamma": 8.887111795253091, "prior": 9.63421565993784, "rate": 3.282664276898728}, "datetime": {"datetime": "2024-06-14 19:13:37", "elapsed": 11.916648, "delta": 0.008976}}
{"target": -289.011646362028, "params": {"gamma": 6.933508237753853, "prior": 6.367356052167569, "rate": 2.425195012153892}, "datetime": {"datetime": "2024-06-14 19:13:37", "elapsed": 11.926621, "delta": 0.009973}}
{"target": -463.5149633492789, "params": {"gamma": 8.700006275800442, "prior": 2.219608966119336, "rate": 7.477392312505152}, "datetime": {"datetime": "2024-06-14 19:13:37", "elapsed": 11.936595, "delta": 0.009974}}
{"target": -153.8710460934009, "params": {"gamma": 1.4474946912067754, "prior": 1.1575145967721554, "rate": 7.20350177902532}, "datetime": {"datetime": "2024-06-14 19:13:37", "elapsed": 11.945571, "delta": 0.008976}}
{"target": -275.23471794996107, "params": {"gamma": 5.263654842331062, "prior": 4.484866730228926, "rate": 7.7820274969779515}, "datetime": {"datetime": "2024-06-14 19:13:37", "elapsed": 11.955544, "delta": 0.009973}}
{"target": -200.70601512636952, "params": {"gamma": 3.588074784629776, "prior": 8.548161025287675, "rate": 9.62176279907113}, "datetime": {"datetime": "2024-06-14 19:13:37", "elapsed": 11.965517, "delta": 0.009973}}
{"target": -463.9779611490702, "params": {"gamma": 9.791275810251324, "prior": 2.8485172225745474, "rate": 4.1506553568115665}, "datetime": {"datetime": "2024-06-14 19:13:37", "elapsed": 11.974494, "delta": 0.008977}}
{"target": -325.8255602474059, "params": {"gamma": 7.250373833289235, "prior": 8.95917274672825, "rate": 7.113399789936541}, "datetime": {"datetime": "2024-06-14 19:13:37", "elapsed": 11.984467, "delta": 0.009973}}
{"target": -312.8443743685713, "params": {"gamma": 7.5815646955077245, "prior": 8.84569615448094, "rate": 3.670115433263018}, "datetime": {"datetime": "2024-06-14 19:13:37", "elapsed": 11.99444, "delta": 0.009973}}
{"target": -270.3712683120407, "params": {"gamma": 5.425906871529926, "prior": 5.394222758269183, "rate": 6.4761782194627475}, "datetime": {"datetime": "2024-06-14 19:13:37", "elapsed": 12.004442, "delta": 0.010002}}
{"target": -432.9459146670712, "params": {"gamma": 8.951943613361554, "prior": 6.0481920136487215, "rate": 9.699415438622323}, "datetime": {"datetime": "2024-06-14 19:13:37", "elapsed": 12.01339, "delta": 0.008948}}
{"target": -353.8182842399825, "params": {"gamma": 7.3216234120977175, "prior": 4.211385766390366, "rate": 5.81180346318073}, "datetime": {"datetime": "2024-06-14 19:13:37", "elapsed": 12.023363, "delta": 0.009973}}
{"target": -423.7148465691757, "params": {"gamma": 9.223285503388022, "prior": 6.223153800877035, "rate": 7.099576105580202}, "datetime": {"datetime": "2024-06-14 19:13:37", "elapsed": 12.033336, "delta": 0.009973}}
{"target": -291.47636529102067, "params": {"gamma": 6.613259028912707, "prior": 3.42784974510567, "rate": 2.0341452163718596}, "datetime": {"datetime": "2024-06-14 19:13:37", "elapsed": 12.042312, "delta": 0.008976}}
{"target": -249.45259086759611, "params": {"gamma": 4.078721813041604, "prior": 1.592621080704164, "rate": 8.263509143662432}, "datetime": {"datetime": "2024-06-14 19:13:37", "elapsed": 12.052286, "delta": 0.009974}}
{"target": -297.4605182715732, "params": {"gamma": 7.104895674394641, "prior": 4.070456275164108, "rate": 1.7146555781871196}, "datetime": {"datetime": "2024-06-14 19:13:37", "elapsed": 12.062259, "delta": 0.009973}}
{"target": -422.3438474301493, "params": {"gamma": 8.75811759952061, "prior": 6.42673266977647, "rate": 9.966031596995483}, "datetime": {"datetime": "2024-06-14 19:13:37", "elapsed": 12.072232, "delta": 0.009973}}
{"target": -141.6630410655327, "params": {"gamma": 1.0118777980878546, "prior": 2.5239987554093983, "rate": 0.8374656866964549}, "datetime": {"datetime": "2024-06-14 19:13:37", "elapsed": 12.082206, "delta": 0.009974}}
{"target": -419.9409598588227, "params": {"gamma": 7.447673015821188, "prior": 1.6797955636247195, "rate": 8.816713679816221}, "datetime": {"datetime": "2024-06-14 19:13:37", "elapsed": 12.091261, "delta": 0.009055}}
{"target": -215.91133437662722, "params": {"gamma": 4.915303785862436, "prior": 5.309075700418279, "rate": 0.42616036762125126}, "datetime": {"datetime": "2024-06-14 19:13:37", "elapsed": 12.101235, "delta": 0.009974}}
{"target": -288.7844364597754, "params": {"gamma": 6.140922303680539, "prior": 2.353386412041166, "rate": 2.135827389380809}, "datetime": {"datetime": "2024-06-14 19:13:37", "elapsed": 12.111208, "delta": 0.009973}}
{"target": -324.62336554822616, "params": {"gamma": 8.953290370672992, "prior": 8.891332155070218, "rate": 0.05364657807886874}, "datetime": {"datetime": "2024-06-14 19:13:37", "elapsed": 12.121181, "delta": 0.009973}}
{"target": -350.6145937528068, "params": {"gamma": 8.323207291901435, "prior": 9.032758516193605, "rate": 5.119964633266645}, "datetime": {"datetime": "2024-06-14 19:13:37", "elapsed": 12.130158, "delta": 0.008977}}
{"target": -304.1769940027941, "params": {"gamma": 6.56208200669582, "prior": 7.701078270941128, "rate": 6.854714307550932}, "datetime": {"datetime": "2024-06-14 19:13:37", "elapsed": 12.139687, "delta": 0.009529}}
{"target": -233.53933109373924, "params": {"gamma": 4.59170508000715, "prior": 5.777177096628812, "rate": 5.74102025787266}, "datetime": {"datetime": "2024-06-14 19:13:37", "elapsed": 12.149661, "delta": 0.009974}}
{"target": -444.49331762179156, "params": {"gamma": 8.421463069722522, "prior": 2.4803729054295243, "rate": 7.572507436190774}, "datetime": {"datetime": "2024-06-14 19:13:37", "elapsed": 12.159663, "delta": 0.010002}}
{"target": -371.53464818252525, "params": {"gamma": 8.12355876007362, "prior": 7.99062037533525, "rate": 8.07727048210085}, "datetime": {"datetime": "2024-06-14 19:13:37", "elapsed": 12.169607, "delta": 0.009944}}
{"target": -398.4931640671424, "params": {"gamma": 8.292970943843157, "prior": 4.23340593789217, "rate": 6.179249469269826}, "datetime": {"datetime": "2024-06-14 19:13:37", "elapsed": 12.179582, "delta": 0.009975}}
{"target": -358.48116773370975, "params": {"gamma": 7.552699915952439, "prior": 7.720679136482666, "rate": 9.586087624632432}, "datetime": {"datetime": "2024-06-14 19:13:37", "elapsed": 12.189126, "delta": 0.009544}}
{"target": -424.2415861061872, "params": {"gamma": 9.750777680644457, "prior": 5.690872459899503, "rate": 4.657924948350314}, "datetime": {"datetime": "2024-06-14 19:13:37", "elapsed": 12.199068, "delta": 0.009942}}
{"target": -446.2196442660256, "params": {"gamma": 8.35541774153753, "prior": 2.2776131471709045, "rate": 7.664214496519479}, "datetime": {"datetime": "2024-06-14 19:13:37", "elapsed": 12.208044, "delta": 0.008976}}
{"target": -153.61880121862495, "params": {"gamma": 1.920923979668611, "prior": 5.957112902935368, "rate": 6.068707734799046}, "datetime": {"datetime": "2024-06-14 19:13:37", "elapsed": 12.218017, "delta": 0.009973}}
{"target": -217.9487403378173, "params": {"gamma": 4.418996184218967, "prior": 8.659051462799177, "rate": 5.435278379231555}, "datetime": {"datetime": "2024-06-14 19:13:37", "elapsed": 12.227992, "delta": 0.009975}}
{"target": -217.4323938713713, "params": {"gamma": 4.927804379534841, "prior": 4.2394437931335665, "rate": 0.6231896086801356}, "datetime": {"datetime": "2024-06-14 19:13:37", "elapsed": 12.237994, "delta": 0.010002}}
{"target": -229.66557359448078, "params": {"gamma": 3.622132449809016, "prior": 1.0188720461219751, "rate": 5.656819358260873}, "datetime": {"datetime": "2024-06-14 19:13:37", "elapsed": 12.247937, "delta": 0.009943}}
{"target": -295.23121775192936, "params": {"gamma": 6.4053758139443495, "prior": 7.701044399919781, "rate": 6.325720028185084}, "datetime": {"datetime": "2024-06-14 19:13:37", "elapsed": 12.257911, "delta": 0.009974}}
{"target": -150.98651519743794, "params": {"gamma": 1.8714204909994507, "prior": 7.527415112713252, "rate": 5.489045144907434}, "datetime": {"datetime": "2024-06-14 19:13:37", "elapsed": 12.266886, "delta": 0.008975}}
{"target": -148.14882559677986, "params": {"gamma": 1.0226014229845646, "prior": 0.34578758896028944, "rate": 2.988163177641064}, "datetime": {"datetime": "2024-06-14 19:13:37", "elapsed": 12.27686, "delta": 0.009974}}
{"target": -323.5319119992108, "params": {"gamma": 6.900460277619986, "prior": 9.334604669396944, "rate": 9.665005509601515}, "datetime": {"datetime": "2024-06-14 19:13:37", "elapsed": 12.286833, "delta": 0.009973}}
{"target": -387.82829518062505, "params": {"gamma": 7.645716345257133, "prior": 3.003166938498256, "rate": 6.2210691836043965}, "datetime": {"datetime": "2024-06-14 19:13:37", "elapsed": 12.297212, "delta": 0.010379}}
{"target": -154.97221105862215, "params": {"gamma": 2.3117301792407194, "prior": 7.53183467935155, "rate": 1.6595044277657995}, "datetime": {"datetime": "2024-06-14 19:13:37", "elapsed": 12.306187, "delta": 0.008975}}
{"target": -325.59746292439695, "params": {"gamma": 7.564947384855503, "prior": 8.699031089411767, "rate": 5.195544029510985}, "datetime": {"datetime": "2024-06-14 19:13:37", "elapsed": 12.31616, "delta": 0.009973}}
