{"target": -2604.2655694707864, "params": {"gamma": 5.53478362877641, "lr": 0.08480182166035288}, "datetime": {"datetime": "2024-06-14 01:34:34", "elapsed": 3.220716, "delta": 0.003988}}
{"target": -499.556299225784, "params": {"gamma": 2.0254278937096815, "lr": 0.8542379729163827}, "datetime": {"datetime": "2024-06-14 01:34:34", "elapsed": 3.224706, "delta": 0.00399}}
{"target": -1761.3962197745527, "params": {"gamma": 7.0595677402804276, "lr": 0.8949395201529242}, "datetime": {"datetime": "2024-06-14 01:34:34", "elapsed": 3.228695, "delta": 0.003989}}
{"target": -673.5564946380202, "params": {"gamma": 3.2921308719412035, "lr": 0.5280013966376261}, "datetime": {"datetime": "2024-06-14 01:34:34", "elapsed": 3.233681, "delta": 0.004986}}
{"target": -1321.8554400662058, "params": {"gamma": 6.504330926708715, "lr": 0.5942908535866644}, "datetime": {"datetime": "2024-06-14 01:34:34", "elapsed": 3.23767, "delta": 0.003989}}
{"target": -442.92871605699185, "params": {"gamma": 2.315397892406944, "lr": 0.4268213494482356}, "datetime": {"datetime": "2024-06-14 01:34:34", "elapsed": 3.24166, "delta": 0.00399}}
{"target": -603.86738643193, "params": {"gamma": 2.481866529137688, "lr": 0.8456149622311454}, "datetime": {"datetime": "2024-06-14 01:34:34", "elapsed": 3.245649, "delta": 0.003989}}
{"target": -4739.444266513187, "params": {"gamma": 9.866787772235858, "lr": 0.06657080313237929}, "datetime": {"datetime": "2024-06-14 01:34:34", "elapsed": 3.249639, "delta": 0.00399}}
{"target": -1277.336418225232, "params": {"gamma": 7.139566394637347, "lr": 0.3301155521990743}, "datetime": {"datetime": "2024-06-14 01:34:34", "elapsed": 3.253628, "delta": 0.003989}}
{"target": -1343.2555481861998, "params": {"gamma": 6.254728347736019, "lr": 0.258129649281871}, "datetime": {"datetime": "2024-06-14 01:34:34", "elapsed": 3.258615, "delta": 0.004987}}
{"target": -1253.2206334783832, "params": {"gamma": 6.510425085475643, "lr": 0.37114718446272954}, "datetime": {"datetime": "2024-06-14 01:34:34", "elapsed": 3.262604, "delta": 0.003989}}
{"target": -764.6052526851722, "params": {"gamma": 2.9489139744901, "lr": 0.9117631736977988}, "datetime": {"datetime": "2024-06-14 01:34:34", "elapsed": 3.266594, "delta": 0.00399}}
{"target": -1886.916069215179, "params": {"gamma": 9.425046243387849, "lr": 0.6135500265601355}, "datetime": {"datetime": "2024-06-14 01:34:34", "elapsed": 3.270583, "delta": 0.003989}}
{"target": -563.0075783268145, "params": {"gamma": 2.1454633405260957, "lr": 0.9394188709061594}, "datetime": {"datetime": "2024-06-14 01:34:34", "elapsed": 3.274572, "delta": 0.003989}}
{"target": -1685.8747381274516, "params": {"gamma": 7.504785013686519, "lr": 0.7510898073228061}, "datetime": {"datetime": "2024-06-14 01:34:34", "elapsed": 3.279558, "delta": 0.004986}}
{"target": -512.0057997424468, "params": {"gamma": 2.1180016271500137, "lr": 0.8301565261622993}, "datetime": {"datetime": "2024-06-14 01:34:34", "elapsed": 3.283548, "delta": 0.00399}}
{"target": -504.8753918917955, "params": {"gamma": 2.4017114464579397, "lr": 0.6316207452501602}, "datetime": {"datetime": "2024-06-14 01:34:34", "elapsed": 3.287537, "delta": 0.003989}}
{"target": -1574.9323298119082, "params": {"gamma": 7.107684959425964, "lr": 0.7423834297071017}, "datetime": {"datetime": "2024-06-14 01:34:34", "elapsed": 3.291527, "delta": 0.00399}}
{"target": -885.8918607614431, "params": {"gamma": 3.9032567812912102, "lr": 0.7598253967160974}, "datetime": {"datetime": "2024-06-14 01:34:34", "elapsed": 3.295516, "delta": 0.003989}}
{"target": -1827.837900814006, "params": {"gamma": 9.029456085314978, "lr": 0.5874200192375769}, "datetime": {"datetime": "2024-06-14 01:34:34", "elapsed": 3.299505, "delta": 0.003989}}
{"target": -364.5243225058051, "params": {"gamma": 0.9050067472322914, "lr": 0.12897598414227607}, "datetime": {"datetime": "2024-06-14 01:34:34", "elapsed": 3.303495, "delta": 0.00399}}
{"target": -426.74881551159615, "params": {"gamma": 1.0535200041012063, "lr": 0.17272746332288003}, "datetime": {"datetime": "2024-06-14 01:34:34", "elapsed": 3.307484, "delta": 0.003989}}
{"target": -316.48033430069, "params": {"gamma": 1.2651824720065605, "lr": 0.7783008900676276}, "datetime": {"datetime": "2024-06-14 01:34:34", "elapsed": 3.312471, "delta": 0.004987}}
{"target": -181.73632830223102, "params": {"gamma": 0.39507571033225836, "lr": 0.24155841734086403}, "datetime": {"datetime": "2024-06-14 01:34:34", "elapsed": 3.31646, "delta": 0.003989}}
{"target": -2240.35150118473, "params": {"gamma": 8.790784947183296, "lr": 0.9735188608362936}, "datetime": {"datetime": "2024-06-14 01:34:34", "elapsed": 3.32045, "delta": 0.00399}}
{"target": -1547.0991446347018, "params": {"gamma": 6.054614655262755, "lr": 0.9762382645603884}, "datetime": {"datetime": "2024-06-14 01:34:34", "elapsed": 3.324439, "delta": 0.003989}}
{"target": -175.21436408398506, "params": {"gamma": 0.43547196560805285, "lr": 0.9485727683760076}, "datetime": {"datetime": "2024-06-14 01:34:34", "elapsed": 3.328984, "delta": 0.004545}}
{"target": -716.0559432467289, "params": {"gamma": 3.113649528479215, "lr": 0.798972840361593}, "datetime": {"datetime": "2024-06-14 01:34:34", "elapsed": 3.332973, "delta": 0.003989}}
{"target": -1985.2562886951735, "params": {"gamma": 8.106480405365568, "lr": 0.8599985915803449}, "datetime": {"datetime": "2024-06-14 01:34:34", "elapsed": 3.336962, "delta": 0.003989}}
{"target": -1175.521818067463, "params": {"gamma": 4.586049558214109, "lr": 0.9306443921654484}, "datetime": {"datetime": "2024-06-14 01:34:34", "elapsed": 3.340952, "delta": 0.00399}}
{"target": -670.8295548771332, "params": {"gamma": 2.579671951285972, "lr": 0.9344454925295846}, "datetime": {"datetime": "2024-06-14 01:34:34", "elapsed": 3.345938, "delta": 0.004986}}
{"target": -1581.7827778840492, "params": {"gamma": 6.191577212883354, "lr": 0.9854449149448306}, "datetime": {"datetime": "2024-06-14 01:34:34", "elapsed": 3.349928, "delta": 0.00399}}
{"target": -156.00500059324182, "params": {"gamma": 0.3274060157599613, "lr": 0.7251666588327084}, "datetime": {"datetime": "2024-06-14 01:34:34", "elapsed": 3.353917, "delta": 0.003989}}
{"target": -1048.7156175044545, "params": {"gamma": 5.655976799568431, "lr": 0.4924240473983196}, "datetime": {"datetime": "2024-06-14 01:34:34", "elapsed": 3.357907, "delta": 0.00399}}
{"target": -489.82024137831337, "params": {"gamma": 2.5929220383817193, "lr": 0.3268306848663751}, "datetime": {"datetime": "2024-06-14 01:34:34", "elapsed": 3.362893, "delta": 0.004986}}
{"target": -760.2762681559356, "params": {"gamma": 2.495372604807176, "lr": 0.21926791032506077}, "datetime": {"datetime": "2024-06-14 01:34:34", "elapsed": 3.366883, "delta": 0.00399}}
{"target": -1601.6045069141633, "params": {"gamma": 7.996808714410864, "lr": 0.5023950058982584}, "datetime": {"datetime": "2024-06-14 01:34:34", "elapsed": 3.370872, "delta": 0.003989}}
{"target": -231.41045073840007, "params": {"gamma": 0.8328156970812803, "lr": 0.7769841920273803}, "datetime": {"datetime": "2024-06-14 01:34:34", "elapsed": 3.3754, "delta": 0.004528}}
{"target": -1186.7350204988868, "params": {"gamma": 5.336957111761226, "lr": 0.739387787346382}, "datetime": {"datetime": "2024-06-14 01:34:34", "elapsed": 3.379385, "delta": 0.003985}}
{"target": -991.1085199834265, "params": {"gamma": 5.154421537738071, "lr": 0.39994592398513173}, "datetime": {"datetime": "2024-06-14 01:34:34", "elapsed": 3.383375, "delta": 0.00399}}
{"target": -4737.379453786592, "params": {"gamma": 9.862481577580514, "lr": 0.02824262016291268}, "datetime": {"datetime": "2024-06-14 01:34:34", "elapsed": 3.387364, "delta": 0.003989}}
{"target": -2376.435614099714, "params": {"gamma": 9.327706315740619, "lr": 0.930854967759968}, "datetime": {"datetime": "2024-06-14 01:34:34", "elapsed": 3.391354, "delta": 0.00399}}
{"target": -1181.5012244403995, "params": {"gamma": 3.909796196303079, "lr": 0.2144648711333198}, "datetime": {"datetime": "2024-06-14 01:34:34", "elapsed": 3.395343, "delta": 0.003989}}
{"target": -2355.032513515445, "params": {"gamma": 6.192513766034457, "lr": 0.17797233547016944}, "datetime": {"datetime": "2024-06-14 01:34:34", "elapsed": 3.399332, "delta": 0.003989}}
{"target": -1719.7102479585103, "params": {"gamma": 8.032278735085756, "lr": 0.2539338558777352}, "datetime": {"datetime": "2024-06-14 01:34:34", "elapsed": 3.403321, "delta": 0.003989}}
{"target": -754.5300486592164, "params": {"gamma": 2.9087707441717465, "lr": 0.915915790009957}, "datetime": {"datetime": "2024-06-14 01:34:34", "elapsed": 3.408309, "delta": 0.004988}}
{"target": -1805.9413275809839, "params": {"gamma": 9.029265417910615, "lr": 0.5353808917305217}, "datetime": {"datetime": "2024-06-14 01:34:34", "elapsed": 3.412297, "delta": 0.003988}}
{"target": -1691.98237465695, "params": {"gamma": 8.628526966805577, "lr": 0.3525325688050618}, "datetime": {"datetime": "2024-06-14 01:34:34", "elapsed": 3.416287, "delta": 0.00399}}
{"target": -1833.973044298481, "params": {"gamma": 9.978844897970799, "lr": 0.433689739404977}, "datetime": {"datetime": "2024-06-14 01:34:34", "elapsed": 3.420276, "delta": 0.003989}}
{"target": -1424.0799355191016, "params": {"gamma": 2.948825305973155, "lr": 0.04157423394916726}, "datetime": {"datetime": "2024-06-14 01:34:34", "elapsed": 3.42416, "delta": 0.003884}}
{"target": -1815.7044049998847, "params": {"gamma": 9.897079830913631, "lr": 0.4648876309118224}, "datetime": {"datetime": "2024-06-14 01:34:34", "elapsed": 3.429147, "delta": 0.004987}}
{"target": -1478.1239293348754, "params": {"gamma": 7.346115555489657, "lr": 0.6408076240458747}, "datetime": {"datetime": "2024-06-14 01:34:34", "elapsed": 3.433136, "delta": 0.003989}}
{"target": -3475.7080002926614, "params": {"gamma": 7.231210903260432, "lr": 0.05111090382611627}, "datetime": {"datetime": "2024-06-14 01:34:34", "elapsed": 3.437125, "delta": 0.003989}}
{"target": -2344.202810817759, "params": {"gamma": 9.200534008691728, "lr": 0.9268412179022415}, "datetime": {"datetime": "2024-06-14 01:34:34", "elapsed": 3.441115, "delta": 0.00399}}
{"target": -1411.853345226652, "params": {"gamma": 5.520398276514817, "lr": 0.963915888684551}, "datetime": {"datetime": "2024-06-14 01:34:34", "elapsed": 3.446101, "delta": 0.004986}}
{"target": -579.2046311987881, "params": {"gamma": 2.8102744143666842, "lr": 0.6021466271365452}, "datetime": {"datetime": "2024-06-14 01:34:34", "elapsed": 3.450091, "delta": 0.00399}}
{"target": -813.2550796618189, "params": {"gamma": 3.9652304378361865, "lr": 0.6280232317552282}, "datetime": {"datetime": "2024-06-14 01:34:34", "elapsed": 3.45408, "delta": 0.003989}}
{"target": -713.6280206681349, "params": {"gamma": 3.0070222529489574, "lr": 0.8193583846560202}, "datetime": {"datetime": "2024-06-14 01:34:34", "elapsed": 3.458069, "delta": 0.003989}}
{"target": -370.1770948219149, "params": {"gamma": 0.6987899990635812, "lr": 0.04187757029999628}, "datetime": {"datetime": "2024-06-14 01:34:34", "elapsed": 3.463056, "delta": 0.004987}}
{"target": -241.6519108363597, "params": {"gamma": 0.49491444994850975, "lr": 0.15045502836766345}, "datetime": {"datetime": "2024-06-14 01:34:34", "elapsed": 3.467046, "delta": 0.00399}}
{"target": -1015.9563684375736, "params": {"gamma": 3.954109387473109, "lr": 0.9553899892571747}, "datetime": {"datetime": "2024-06-14 01:34:34", "elapsed": 3.471035, "delta": 0.003989}}
{"target": -262.0914290079095, "params": {"gamma": 1.1088436015198657, "lr": 0.6475529858164272}, "datetime": {"datetime": "2024-06-14 01:34:34", "elapsed": 3.475024, "delta": 0.003989}}
{"target": -1044.374546463508, "params": {"gamma": 5.276687463055037, "lr": 0.353242405983059}, "datetime": {"datetime": "2024-06-14 01:34:34", "elapsed": 3.479013, "delta": 0.003989}}
{"target": -609.5222591271188, "params": {"gamma": 1.9827940939725983, "lr": 0.22059408184733575}, "datetime": {"datetime": "2024-06-14 01:34:34", "elapsed": 3.484, "delta": 0.004987}}
{"target": -168.22794736989735, "params": {"gamma": 0.4391712757617422, "lr": 0.7131639731598145}, "datetime": {"datetime": "2024-06-14 01:34:34", "elapsed": 3.487989, "delta": 0.003989}}
{"target": -1211.6994946817529, "params": {"gamma": 6.538748151763354, "lr": 0.4437697927247224}, "datetime": {"datetime": "2024-06-14 01:34:34", "elapsed": 3.491979, "delta": 0.00399}}
{"target": -3236.5162051964608, "params": {"gamma": 7.189675941410347, "lr": 0.10997597244532042}, "datetime": {"datetime": "2024-06-14 01:34:34", "elapsed": 3.495968, "delta": 0.003989}}
{"target": -2217.995698163118, "params": {"gamma": 9.387253014515942, "lr": 0.8476267092393875}, "datetime": {"datetime": "2024-06-14 01:34:34", "elapsed": 3.500954, "delta": 0.004986}}
{"target": -1260.3969999284272, "params": {"gamma": 6.590697560999168, "lr": 0.37883116866173183}, "datetime": {"datetime": "2024-06-14 01:34:34", "elapsed": 3.504944, "delta": 0.00399}}
{"target": -780.2010829657456, "params": {"gamma": 4.16625072341846, "lr": 0.48215392215746744}, "datetime": {"datetime": "2024-06-14 01:34:34", "elapsed": 3.509932, "delta": 0.004988}}
{"target": -2288.0727942344215, "params": {"gamma": 9.352902416297999, "lr": 0.8635929549181026}, "datetime": {"datetime": "2024-06-14 01:34:34", "elapsed": 3.51392, "delta": 0.003988}}
{"target": -960.9764627129019, "params": {"gamma": 4.779760568316378, "lr": 0.554518498278167}, "datetime": {"datetime": "2024-06-14 01:34:34", "elapsed": 3.518907, "delta": 0.004987}}
{"target": -2231.0699161268276, "params": {"gamma": 8.754163218930938, "lr": 0.9492644337722901}, "datetime": {"datetime": "2024-06-14 01:34:34", "elapsed": 3.522897, "delta": 0.00399}}
{"target": -1418.0123967213685, "params": {"gamma": 6.392208373926592, "lr": 0.7485203200897537}, "datetime": {"datetime": "2024-06-14 01:34:34", "elapsed": 3.526885, "delta": 0.003988}}
{"target": -905.7883276910247, "params": {"gamma": 3.516897438698066, "lr": 0.91802831908618}, "datetime": {"datetime": "2024-06-14 01:34:34", "elapsed": 3.530875, "delta": 0.00399}}
{"target": -1666.6319567294317, "params": {"gamma": 8.367683746488458, "lr": 0.5520558812247628}, "datetime": {"datetime": "2024-06-14 01:34:34", "elapsed": 3.535862, "delta": 0.004987}}
{"target": -2051.324946313436, "params": {"gamma": 8.676404468942122, "lr": 0.8498718814403323}, "datetime": {"datetime": "2024-06-14 01:34:34", "elapsed": 3.539851, "delta": 0.003989}}
{"target": -2888.659953346333, "params": {"gamma": 8.084305154704811, "lr": 0.13069282439738805}, "datetime": {"datetime": "2024-06-14 01:34:34", "elapsed": 3.544837, "delta": 0.004986}}
{"target": -1343.9663424576438, "params": {"gamma": 5.3604897456433, "lr": 0.900783114706916}, "datetime": {"datetime": "2024-06-14 01:34:34", "elapsed": 3.548835, "delta": 0.003998}}
{"target": -1385.3698200259355, "params": {"gamma": 7.70854747370775, "lr": 0.4207131990251918}, "datetime": {"datetime": "2024-06-14 01:34:34", "elapsed": 3.552818, "delta": 0.003983}}
{"target": -2089.8396341023363, "params": {"gamma": 9.778826053206298, "lr": 0.25077315667300226}, "datetime": {"datetime": "2024-06-14 01:34:34", "elapsed": 3.556808, "delta": 0.00399}}
{"target": -860.4782972206549, "params": {"gamma": 3.336768678250129, "lr": 0.954200507429589}, "datetime": {"datetime": "2024-06-14 01:34:34", "elapsed": 3.560797, "delta": 0.003989}}
{"target": -2019.674598882195, "params": {"gamma": 8.087344766504712, "lr": 0.9003400045106619}, "datetime": {"datetime": "2024-06-14 01:34:34", "elapsed": 3.565784, "delta": 0.004987}}
{"target": -147.66562358668818, "params": {"gamma": 0.11688430450954196, "lr": 0.37976443303399476}, "datetime": {"datetime": "2024-06-14 01:34:34", "elapsed": 3.569773, "delta": 0.003989}}
{"target": -453.3731492736883, "params": {"gamma": 2.355984044142083, "lr": 0.2959350518874113}, "datetime": {"datetime": "2024-06-14 01:34:34", "elapsed": 3.57476, "delta": 0.004987}}
{"target": -1641.4046932563108, "params": {"gamma": 7.380216968542006, "lr": 0.7240848448640741}, "datetime": {"datetime": "2024-06-14 01:34:34", "elapsed": 3.578749, "delta": 0.003989}}
{"target": -896.8318149464055, "params": {"gamma": 4.618532302580416, "lr": 0.3652744612070937}, "datetime": {"datetime": "2024-06-14 01:34:34", "elapsed": 3.582738, "delta": 0.003989}}
{"target": -1176.4964303799427, "params": {"gamma": 5.847331438432254, "lr": 0.5337077546342763}, "datetime": {"datetime": "2024-06-14 01:34:34", "elapsed": 3.586728, "delta": 0.00399}}
{"target": -1109.7989436382989, "params": {"gamma": 5.5062450105196135, "lr": 0.6154770711146578}, "datetime": {"datetime": "2024-06-14 01:34:34", "elapsed": 3.590717, "delta": 0.003989}}
{"target": -897.8054579854789, "params": {"gamma": 3.957087074403221, "lr": 0.7717184824154584}, "datetime": {"datetime": "2024-06-14 01:34:34", "elapsed": 3.594706, "delta": 0.003989}}
{"target": -522.7917181156308, "params": {"gamma": 2.512780630310517, "lr": 0.655760767903366}, "datetime": {"datetime": "2024-06-14 01:34:34", "elapsed": 3.599693, "delta": 0.004987}}
{"target": -4613.443375026259, "params": {"gamma": 9.604011085051962, "lr": 0.0035547604644260433}, "datetime": {"datetime": "2024-06-14 01:34:34", "elapsed": 3.603682, "delta": 0.003989}}
{"target": -3256.3655399782024, "params": {"gamma": 7.233887082898668, "lr": 0.10899503392964371}, "datetime": {"datetime": "2024-06-14 01:34:34", "elapsed": 3.607672, "delta": 0.00399}}
{"target": -1107.2221253278874, "params": {"gamma": 5.438331129146589, "lr": 0.6269160166803346}, "datetime": {"datetime": "2024-06-14 01:34:34", "elapsed": 3.611661, "delta": 0.003989}}
{"target": -634.8296146289952, "params": {"gamma": 2.4302283105822404, "lr": 0.9138438752466082}, "datetime": {"datetime": "2024-06-14 01:34:34", "elapsed": 3.616648, "delta": 0.004987}}
{"target": -1658.3374834625129, "params": {"gamma": 6.223502974387487, "lr": 0.23169469139485988}, "datetime": {"datetime": "2024-06-14 01:34:34", "elapsed": 3.620637, "delta": 0.003989}}
{"target": -3466.3348434420905, "params": {"gamma": 7.701551743810476, "lr": 0.10550707999733477}, "datetime": {"datetime": "2024-06-14 01:34:34", "elapsed": 3.624627, "delta": 0.00399}}
{"target": -2557.1381008634175, "params": {"gamma": 5.552697959994914, "lr": 0.0949560698024915}, "datetime": {"datetime": "2024-06-14 01:34:34", "elapsed": 3.628615, "delta": 0.003988}}
{"target": -1249.2109034457474, "params": {"gamma": 5.810259742677521, "lr": 0.2529801127201884}, "datetime": {"datetime": "2024-06-14 01:34:34", "elapsed": 3.632605, "delta": 0.00399}}
{"target": -1446.3574055436422, "params": {"gamma": 6.495018612739509, "lr": 0.71582695285818}, "datetime": {"datetime": "2024-06-14 01:34:34", "elapsed": 3.637592, "delta": 0.004987}}
{"target": -1060.1778216466273, "params": {"gamma": 5.242331960072044, "lr": 0.6575214077031101}, "datetime": {"datetime": "2024-06-14 01:34:34", "elapsed": 3.641581, "delta": 0.003989}}
{"target": -1873.0080726792585, "params": {"gamma": 8.133125159405232, "lr": 0.8075122716430321}, "datetime": {"datetime": "2024-06-14 01:34:34", "elapsed": 3.645571, "delta": 0.00399}}
{"target": -1146.4811149307866, "params": {"gamma": 6.197200238546574, "lr": 0.45110246212077487}, "datetime": {"datetime": "2024-06-14 01:34:34", "elapsed": 3.65056, "delta": 0.004989}}
{"target": -1008.2419828976583, "params": {"gamma": 4.080091940484627, "lr": 0.8747476199043634}, "datetime": {"datetime": "2024-06-14 01:34:34", "elapsed": 3.654549, "delta": 0.003989}}
{"target": -2450.400197146333, "params": {"gamma": 7.029614389411599, "lr": 0.18493502237340165}, "datetime": {"datetime": "2024-06-14 01:34:34", "elapsed": 3.658538, "delta": 0.003989}}
{"target": -1417.5727379329312, "params": {"gamma": 5.657755734146004, "lr": 0.9088080323000569}, "datetime": {"datetime": "2024-06-14 01:34:34", "elapsed": 3.663354, "delta": 0.004816}}
{"target": -383.44358052815, "params": {"gamma": 1.5077492324904636, "lr": 0.8455176755307064}, "datetime": {"datetime": "2024-06-14 01:34:34", "elapsed": 3.667343, "delta": 0.003989}}
{"target": -1509.0349045051244, "params": {"gamma": 8.202204460687183, "lr": 0.4993411012978345}, "datetime": {"datetime": "2024-06-14 01:34:34", "elapsed": 3.671335, "delta": 0.003992}}
{"target": -209.99062150922478, "params": {"gamma": 0.37680093100554635, "lr": 0.14750250539693543}, "datetime": {"datetime": "2024-06-14 01:34:34", "elapsed": 3.676321, "delta": 0.004986}}
{"target": -4432.410747601797, "params": {"gamma": 9.226464308192023, "lr": 0.04415479603186245}, "datetime": {"datetime": "2024-06-14 01:34:34", "elapsed": 3.680313, "delta": 0.003992}}
{"target": -758.2194143016706, "params": {"gamma": 3.7256151652871896, "lr": 0.6190396347254709}, "datetime": {"datetime": "2024-06-14 01:34:34", "elapsed": 3.684302, "delta": 0.003989}}
{"target": -519.8279784299739, "params": {"gamma": 1.9702834411012529, "lr": 0.9810797572402973}, "datetime": {"datetime": "2024-06-14 01:34:34", "elapsed": 3.688291, "delta": 0.003989}}
{"target": -342.87892255229235, "params": {"gamma": 1.5605963552011808, "lr": 0.5396791951612744}, "datetime": {"datetime": "2024-06-14 01:34:34", "elapsed": 3.692277, "delta": 0.003986}}
{"target": -1646.9447791137436, "params": {"gamma": 6.180495232142101, "lr": 0.2309899486697039}, "datetime": {"datetime": "2024-06-14 01:34:34", "elapsed": 3.697263, "delta": 0.004986}}
{"target": -869.7100563955717, "params": {"gamma": 4.663623583104205, "lr": 0.49100852913292925}, "datetime": {"datetime": "2024-06-14 01:34:34", "elapsed": 3.701255, "delta": 0.003992}}
{"target": -1553.8036733712668, "params": {"gamma": 7.668856900889094, "lr": 0.6342807527738734}, "datetime": {"datetime": "2024-06-14 01:34:34", "elapsed": 3.705244, "delta": 0.003989}}
{"target": -1027.350415516095, "params": {"gamma": 4.676032980600331, "lr": 0.6669425431939752}, "datetime": {"datetime": "2024-06-14 01:34:34", "elapsed": 3.709242, "delta": 0.003998}}
