{"target": -180.09431812766454, "params": {"p_ai": 8.460699937765456, "p_al": 9.275881845032837, "p_ex": 6.604916818383386, "prior": 5.782161010166973, "rate": 3.987756720746455}, "datetime": {"datetime": "2024-06-12 20:59:00", "elapsed": 39.844816, "delta": 0.118525}}
{"target": -189.6920962620116, "params": {"p_ai": 9.666158313928777, "p_al": 1.541637639151742, "p_ex": 8.950972999677836, "prior": 3.1108196657805305, "rate": 5.485342407571374}, "datetime": {"datetime": "2024-06-12 20:59:00", "elapsed": 39.961504, "delta": 0.116688}}
{"target": -175.95925171263207, "params": {"p_ai": 6.8209805180697165, "p_al": 2.3654600436102275, "p_ex": 1.678199113817666, "prior": 5.085311652282731, "rate": 7.918846891971133}, "datetime": {"datetime": "2024-06-12 20:59:00", "elapsed": 40.082534, "delta": 0.12103}}
{"target": -148.47225778931013, "params": {"p_ai": 6.9244522072085894, "p_al": 1.1906143983929753, "p_ex": 9.007521408502258, "prior": 4.797895932924502, "rate": 9.466820115717237}, "datetime": {"datetime": "2024-06-12 20:59:00", "elapsed": 40.200374, "delta": 0.11784}}
{"target": -153.53550985281785, "params": {"p_ai": 5.53478362877641, "p_al": 0.8489334147818686, "p_ex": 2.0254278937096815, "prior": 8.542525491190911, "rate": 7.0595677402804276}, "datetime": {"datetime": "2024-06-12 20:59:01", "elapsed": 40.317573, "delta": 0.117199}}
{"target": -184.30605783407265, "params": {"p_ai": 8.949500262009089, "p_al": 3.2921308719412035, "p_ex": 5.280485964979625, "prior": 6.504330926708715, "rate": 5.943314245013059}, "datetime": {"datetime": "2024-06-12 20:59:01", "elapsed": 40.45181, "delta": 0.134237}}
{"target": -116.27329691767065, "params": {"p_ai": 2.315397892406944, "p_al": 4.268786673132908, "p_ex": 2.481866529137688, "prior": 8.456304007349223, "rate": 9.866787772235858}, "datetime": {"datetime": "2024-06-12 20:59:01", "elapsed": 40.571054, "delta": 0.119244}}
{"target": -131.7522373158788, "params": {"p_ai": 0.6666414605206605, "p_al": 7.139566394637347, "p_ex": 3.3018254064385437, "prior": 6.254728347736019, "rate": 2.582038363169428}, "datetime": {"datetime": "2024-06-12 20:59:01", "elapsed": 40.696139, "delta": 0.125085}}
{"target": -160.36889303159955, "params": {"p_ai": 6.510425085475643, "p_al": 3.7121006974428328, "p_ex": 2.9489139744901, "prior": 9.11771997380429, "rate": 9.425046243387849}, "datetime": {"datetime": "2024-06-12 20:59:01", "elapsed": 40.824948, "delta": 0.128809}}
{"target": -125.52098340702479, "params": {"p_ai": 6.135886715574795, "p_al": 2.1454633405260957, "p_ex": 9.394249290190688, "prior": 7.504785013686519, "rate": 7.511146983420739}, "datetime": {"datetime": "2024-06-12 20:59:01", "elapsed": 40.953204, "delta": 0.128256}}
{"target": -122.41588890837326, "params": {"p_ai": 2.1180016271500137, "p_al": 8.30173510509683, "p_ex": 2.4017114464579397, "prior": 6.316575831756353, "rate": 7.107684959425964}, "datetime": {"datetime": "2024-06-12 20:59:01", "elapsed": 41.07098, "delta": 0.117776}}
{"target": -148.59673173994503, "params": {"p_ai": 7.424091913641311, "p_al": 3.9032567812912102, "p_ex": 7.598494141764259, "prior": 9.029456085314978, "rate": 5.8746127723565325}, "datetime": {"datetime": "2024-06-12 20:59:01", "elapsed": 41.212173, "delta": 0.141193}}
{"target": -135.78621552369205, "params": {"p_ai": 0.9050067472322914, "p_al": 1.2906308654386183, "p_ex": 1.0535200041012063, "prior": 1.7281019057654774, "rate": 1.2651824720065605}, "datetime": {"datetime": "2024-06-12 20:59:02", "elapsed": 41.34921, "delta": 0.137037}}
{"target": -183.4843331170061, "params": {"p_ai": 7.783230599786209, "p_al": 0.39507571033225836, "p_ex": 2.4163426149912994, "prior": 8.790784947183296, "rate": 9.7352150895021}, "datetime": {"datetime": "2024-06-12 20:59:02", "elapsed": 41.470497, "delta": 0.121287}}
{"target": -198.71307161403175, "params": {"p_ai": 6.054614655262755, "p_al": 9.762406407339324, "p_ex": 0.43547196560805285, "prior": 9.4857791109917, "rate": 3.113649528479215}, "datetime": {"datetime": "2024-06-12 20:59:02", "elapsed": 41.595427, "delta": 0.12493}}
{"target": -164.94342885026725, "params": {"p_ai": 7.989929430775569, "p_al": 8.106480405365568, "p_ex": 8.600125917211868, "prior": 4.586049558214109, "rate": 9.306513277262319}, "datetime": {"datetime": "2024-06-12 20:59:02", "elapsed": 41.714725, "delta": 0.119298}}
{"target": -134.90345807655876, "params": {"p_ai": 2.579671951285972, "p_al": 9.344520479803316, "p_ex": 6.191577212883354, "prior": 9.85446370453336, "rate": 0.3274060157599613}, "datetime": {"datetime": "2024-06-12 20:59:02", "elapsed": 41.832339, "delta": 0.117614}}
{"target": -170.1498040962214, "params": {"p_ai": 7.251941421668252, "p_al": 5.655976799568431, "p_ex": 4.924748049935798, "prior": 2.5929220383817193, "rate": 3.268980017978885}, "datetime": {"datetime": "2024-06-12 20:59:02", "elapsed": 41.950024, "delta": 0.117685}}
{"target": -115.44119664999249, "params": {"p_ai": 2.495372604807176, "p_al": 2.1934598353402825, "p_ex": 7.996808714410864, "prior": 5.024447663976686, "rate": 0.8328156970812803}, "datetime": {"datetime": "2024-06-12 20:59:02", "elapsed": 42.067081, "delta": 0.117057}}
{"target": -157.71191661966319, "params": {"p_ai": 7.770064936081777, "p_al": 5.336957111761226, "p_ex": 7.394138485676474, "prior": 5.154421537738071, "rate": 4.0000592939273325}, "datetime": {"datetime": "2024-06-12 20:59:02", "elapsed": 42.187031, "delta": 0.11995}}
{"target": -178.7550638983328, "params": {"p_ai": 9.862481577580514, "p_al": 0.2833979590089639, "p_ex": 9.327706315740619, "prior": 9.30861882263192, "rate": 3.909796196303079}, "datetime": {"datetime": "2024-06-12 20:59:02", "elapsed": 42.30361, "delta": 0.116579}}
{"target": -133.0881564618819, "params": {"p_ai": 2.145434246462065, "p_al": 6.192513766034457, "p_ex": 1.7805453823662243, "prior": 8.032278735085756, "rate": 2.5400846249214744}, "datetime": {"datetime": "2024-06-12 20:59:03", "elapsed": 42.42232, "delta": 0.11871}}
{"target": -98.88236254265041, "params": {"p_ai": 2.9087707441717465, "p_al": 9.15924198430956, "p_ex": 9.029265417910615, "prior": 5.354273536413487, "rate": 8.628526966805577}, "datetime": {"datetime": "2024-06-12 20:59:03", "elapsed": 42.539573, "delta": 0.117253}}
{"target": -206.5721064713516, "params": {"p_ai": 3.525973155481813, "p_al": 9.978844897970799, "p_ex": 4.337463704310366, "prior": 2.948825305973155, "rate": 0.4167007652577235}, "datetime": {"datetime": "2024-06-12 20:59:03", "elapsed": 42.66025, "delta": 0.120677}}
{"target": -191.5635692364283, "params": {"p_ai": 9.897079830913631, "p_al": 4.649411421487312, "p_ex": 7.346115555489657, "prior": 6.408435432834701, "rate": 7.231210903260432}, "datetime": {"datetime": "2024-06-12 20:59:03", "elapsed": 42.778753, "delta": 0.118503}}
{"target": -114.88301953557014, "params": {"p_ai": 0.5120579273573367, "p_al": 9.200534008691728, "p_ex": 9.268485337804513, "prior": 5.520398276514817, "rate": 9.639194970956826}, "datetime": {"datetime": "2024-06-12 20:59:03", "elapsed": 42.899138, "delta": 0.120385}}
{"target": -119.5790493820832, "params": {"p_ai": 2.8102744143666842, "p_al": 6.0218641247383164, "p_ex": 3.9652304378361865, "prior": 6.280604294320527, "rate": 3.0070222529489574}, "datetime": {"datetime": "2024-06-12 20:59:03", "elapsed": 43.021343, "delta": 0.122205}}
{"target": -220.46992079814524, "params": {"p_ai": 8.193764488175546, "p_al": 0.6987899990635812, "p_ex": 0.4197338254296628, "prior": 0.49491444994850975, "rate": 1.5053998286482668}, "datetime": {"datetime": "2024-06-12 20:59:03", "elapsed": 43.139907, "delta": 0.118564}}
{"target": -161.2627374090499, "params": {"p_ai": 3.954109387473109, "p_al": 9.553944502582489, "p_ex": 1.1088436015198657, "prior": 6.475882305178456, "rate": 5.276687463055037}, "datetime": {"datetime": "2024-06-12 20:59:03", "elapsed": 43.257593, "delta": 0.117686}}
{"target": -123.26587913769357, "params": {"p_ai": 3.533070817424607, "p_al": 1.9827940939725983, "p_ex": 2.20672022439151, "prior": 0.4391712757617422, "rate": 7.131926567624986}, "datetime": {"datetime": "2024-06-12 20:59:04", "elapsed": 43.375038, "delta": 0.117445}}
{"target": -160.29528098362212, "params": {"p_ai": 6.538748151763354, "p_al": 4.4382541574545, "p_ex": 7.189675941410347, "prior": 1.100649748480759, "rate": 9.387253014515942}, "datetime": {"datetime": "2024-06-12 20:59:04", "elapsed": 43.492137, "delta": 0.117099}}
{"target": -193.82687545177504, "params": {"p_ai": 8.476419465684636, "p_al": 6.590697560999168, "p_ex": 3.7889328554486568, "prior": 4.16625072341846, "rate": 4.822057067652517}, "datetime": {"datetime": "2024-06-12 20:59:04", "elapsed": 43.609386, "delta": 0.117249}}
{"target": -197.092125279964, "params": {"p_ai": 9.352902416297999, "p_al": 8.636065956226108, "p_ex": 4.779760568316378, "prior": 5.545630464283392, "rate": 8.754163218930938}, "datetime": {"datetime": "2024-06-12 20:59:04", "elapsed": 43.726571, "delta": 0.117185}}
{"target": -193.33593557593807, "params": {"p_ai": 9.492695073289129, "p_al": 6.392208373926592, "p_ex": 7.485454680577448, "prior": 3.516897438698066, "rate": 9.180365162542714}, "datetime": {"datetime": "2024-06-12 20:59:04", "elapsed": 43.843365, "delta": 0.116794}}
{"target": -161.2846983435487, "params": {"p_ai": 8.367683746488458, "p_al": 5.521006756366404, "p_ex": 8.676404468942122, "prior": 8.498868942521883, "rate": 8.084305154704811}, "datetime": {"datetime": "2024-06-12 20:59:04", "elapsed": 43.960529, "delta": 0.117164}}
{"target": -113.49986114006359, "params": {"p_ai": 1.307797551149483, "p_al": 5.3604897456433, "p_ex": 9.007930363954452, "prior": 7.70854747370775, "rate": 4.207711277052893}, "datetime": {"datetime": "2024-06-12 20:59:04", "elapsed": 44.077702, "delta": 0.117173}}
{"target": -209.88917735951514, "params": {"p_ai": 9.778826053206298, "p_al": 2.5084807935733497, "p_ex": 3.336768678250129, "prior": 9.54205087378846, "rate": 8.087344766504712}, "datetime": {"datetime": "2024-06-12 20:59:04", "elapsed": 44.196132, "delta": 0.11843}}
{"target": -192.43474822694037, "params": {"p_ai": 9.003499705102108, "p_al": 0.11688430450954196, "p_ex": 3.798264565906914, "prior": 2.355984044142083, "rate": 2.9600545838222256}, "datetime": {"datetime": "2024-06-12 20:59:05", "elapsed": 44.315815, "delta": 0.119683}}
{"target": -168.88770827845573, "params": {"p_ai": 7.380216968542006, "p_al": 7.241124363795878, "p_ex": 4.618532302580416, "prior": 3.65337933760973, "rate": 5.847331438432254}, "datetime": {"datetime": "2024-06-12 20:59:05", "elapsed": 44.433095, "delta": 0.11728}}
{"target": -128.04366028753324, "params": {"p_ai": 5.33754383858813, "p_al": 5.5062450105196135, "p_ex": 6.155155234075464, "prior": 3.957087074403221, "rate": 7.717413105672169}, "datetime": {"datetime": "2024-06-12 20:59:05", "elapsed": 44.549976, "delta": 0.116881}}
{"target": -136.78496113254047, "params": {"p_ai": 2.512780630310517, "p_al": 6.557951918265758, "p_ex": 9.604011085051962, "prior": 0.03654404988379601, "rate": 7.233887082898668}, "datetime": {"datetime": "2024-06-12 20:59:05", "elapsed": 44.667411, "delta": 0.117435}}
{"target": -105.01358386953021, "params": {"p_ai": 1.0908413442625073, "p_al": 5.438331129146589, "p_ex": 6.269533250786666, "prior": 2.4302283105822404, "rate": 9.138524908590835}, "datetime": {"datetime": "2024-06-12 20:59:05", "elapsed": 44.784362, "delta": 0.116951}}
{"target": -151.31114698461425, "params": {"p_ai": 6.223502974387487, "p_al": 2.3177152192572037, "p_ex": 7.701551743810476, "prior": 1.0559652928933503, "rate": 5.552697959994914}, "datetime": {"datetime": "2024-06-12 20:59:05", "elapsed": 44.903224, "delta": 0.118862}}
{"target": -122.07973625603618, "params": {"p_ai": 0.9504657419551125, "p_al": 5.810259742677521, "p_ex": 2.5305481470891635, "prior": 6.495018612739509, "rate": 7.158553701628942}, "datetime": {"datetime": "2024-06-12 20:59:05", "elapsed": 45.030457, "delta": 0.127233}}
{"target": -116.20182197653148, "params": {"p_ai": 5.242331960072044, "p_al": 6.575556555623399, "p_ex": 8.133125159405232, "prior": 8.075315204158677, "rate": 6.197200238546574}, "datetime": {"datetime": "2024-06-12 20:59:05", "elapsed": 45.148669, "delta": 0.118212}}
{"target": -111.3848452389149, "params": {"p_ai": 4.511573518745629, "p_al": 4.080091940484627, "p_ex": 8.74760145142373, "prior": 7.029614389411599, "rate": 1.850165288711643}, "datetime": {"datetime": "2024-06-12 20:59:05", "elapsed": 45.267352, "delta": 0.118683}}
{"target": -170.86084807105138, "params": {"p_ai": 5.657755734146004, "p_al": 9.08817151496827, "p_ex": 1.5077492324904636, "prior": 8.455331237631533, "rate": 8.202204460687183}, "datetime": {"datetime": "2024-06-12 20:59:06", "elapsed": 45.386616, "delta": 0.119264}}
{"target": -161.50332175198977, "params": {"p_ai": 4.993911671877048, "p_al": 0.37680093100554635, "p_ex": 1.4758775514639575, "prior": 9.226464308192023, "rate": 0.4425038055225927}, "datetime": {"datetime": "2024-06-12 20:59:06", "elapsed": 45.507292, "delta": 0.120676}}
{"target": -146.75363544771545, "params": {"p_ai": 3.7256151652871896, "p_al": 6.1907773076199835, "p_ex": 1.9702834411012529, "prior": 9.810816492645733, "rate": 1.5605963552011808}, "datetime": {"datetime": "2024-06-12 20:59:06", "elapsed": 45.625975, "delta": 0.118683}}
{"target": -158.84641293294519, "params": {"p_ai": 5.3972522724175835, "p_al": 6.180495232142101, "p_ex": 2.3106684967483693, "prior": 4.663623583104205, "rate": 4.91059428280016}, "datetime": {"datetime": "2024-06-12 20:59:06", "elapsed": 45.743606, "delta": 0.117631}}
{"target": -172.50163753736047, "params": {"p_ai": 7.668856900889094, "p_al": 6.343173246985961, "p_ex": 4.676032980600331, "prior": 6.669758489396559, "rate": 4.534320887795462}, "datetime": {"datetime": "2024-06-12 20:59:06", "elapsed": 45.863256, "delta": 0.11965}}
{"target": -159.57100688345443, "params": {"p_ai": 5.257590201822755, "p_al": 6.586021847542061, "p_ex": 1.8127726241566626, "prior": 7.8807074621719, "rate": 6.029050510046435}, "datetime": {"datetime": "2024-06-12 20:59:06", "elapsed": 45.988435, "delta": 0.125179}}
{"target": -201.82160416311692, "params": {"p_ai": 9.80334851848814, "p_al": 2.2246095521182263, "p_ex": 4.663198475191569, "prior": 8.956522384191866, "rate": 6.014732663578183}, "datetime": {"datetime": "2024-06-12 20:59:06", "elapsed": 46.117426, "delta": 0.128991}}
{"target": -157.09343828217916, "params": {"p_ai": 7.259862499642302, "p_al": 4.137287971849402, "p_ex": 6.843411908691368, "prior": 9.460604243445784, "rate": 2.0026604713274816}, "datetime": {"datetime": "2024-06-12 20:59:06", "elapsed": 46.239272, "delta": 0.121846}}
{"target": -322.6651285456188, "params": {"p_ai": 8.073845273509328, "p_al": 9.695410582986865, "p_ex": 0.146672748901554, "prior": 2.152880656357681, "rate": 1.1746518262109842}, "datetime": {"datetime": "2024-06-12 20:59:07", "elapsed": 46.359338, "delta": 0.120066}}
{"target": -163.7132298128156, "params": {"p_ai": 7.674467753896792, "p_al": 0.8130846428413901, "p_ex": 9.984137172350485, "prior": 3.8967305467771722, "rate": 9.05212245656447}, "datetime": {"datetime": "2024-06-12 20:59:07", "elapsed": 46.475812, "delta": 0.116474}}
{"target": -100.59864503085461, "params": {"p_ai": 1.886587457391179, "p_al": 4.409281126023087, "p_ex": 8.448273378243028, "prior": 5.9531025369518895, "rate": 4.6221188088168805}, "datetime": {"datetime": "2024-06-12 20:59:07", "elapsed": 46.592502, "delta": 0.11669}}
{"target": -179.35900066052386, "params": {"p_ai": 5.12698481782442, "p_al": 5.739281383396582, "p_ex": 4.403751756648346, "prior": 1.936396018280381, "rate": 1.1405436488304044}, "datetime": {"datetime": "2024-06-12 20:59:07", "elapsed": 46.71076, "delta": 0.118258}}
{"target": -113.5926392812332, "params": {"p_ai": 1.5131280457741099, "p_al": 0.5258571475674859, "p_ex": 5.587205434225252, "prior": 8.47736241934607, "rate": 3.5918342699021832}, "datetime": {"datetime": "2024-06-12 20:59:07", "elapsed": 46.827146, "delta": 0.116386}}
{"target": -108.1824759201724, "params": {"p_ai": 0.7540334154855424, "p_al": 4.257818395439178, "p_ex": 6.020476376881542, "prior": 4.254609252290801, "rate": 8.107401614840093}, "datetime": {"datetime": "2024-06-12 20:59:07", "elapsed": 46.943835, "delta": 0.116689}}
{"target": -189.24734595347658, "params": {"p_ai": 9.418920575620866, "p_al": 8.699237821910275, "p_ex": 7.040290983300606, "prior": 4.7035189488969715, "rate": 6.827297730989611}, "datetime": {"datetime": "2024-06-12 20:59:07", "elapsed": 47.061524, "delta": 0.117689}}
{"target": -140.33448420469804, "params": {"p_ai": 0.13516968725473882, "p_al": 9.824798706901937, "p_ex": 1.7216012409571306, "prior": 9.062697699220857, "rate": 8.071291906759395}, "datetime": {"datetime": "2024-06-12 20:59:07", "elapsed": 47.220119, "delta": 0.158595}}
{"target": -188.99277233247247, "params": {"p_ai": 8.00159670418549, "p_al": 2.690091641792864, "p_ex": 2.1923189037668234, "prior": 4.288578128447973, "rate": 8.493861636205818}, "datetime": {"datetime": "2024-06-12 20:59:08", "elapsed": 47.347979, "delta": 0.12786}}
{"target": -131.02308042748697, "params": {"p_ai": 4.5043460450747315, "p_al": 9.354265719956611, "p_ex": 3.5274405931901285, "prior": 6.194302264801901, "rate": 9.807009664521445}, "datetime": {"datetime": "2024-06-12 20:59:08", "elapsed": 47.465238, "delta": 0.117259}}
{"target": -147.55719334361854, "params": {"p_ai": 6.434981759885809, "p_al": 0.45593666218999723, "p_ex": 4.636107352426167, "prior": 3.348178685792924, "rate": 5.322283303668225}, "datetime": {"datetime": "2024-06-12 20:59:08", "elapsed": 47.588034, "delta": 0.122796}}
{"target": -99.41748636402767, "params": {"p_ai": 2.848177339922701, "p_al": 1.223490041069798, "p_ex": 6.683221598519268, "prior": 6.8139161891581725, "rate": 8.671525860690885}, "datetime": {"datetime": "2024-06-12 20:59:08", "elapsed": 47.707305, "delta": 0.119271}}
{"target": -123.4231864006502, "params": {"p_ai": 1.3246825541338114, "p_al": 7.9864044624720325, "p_ex": 8.267860615312884, "prior": 6.465852807575769, "rate": 2.0500165356605575}, "datetime": {"datetime": "2024-06-12 20:59:08", "elapsed": 47.83092, "delta": 0.123615}}
{"target": -103.2208161474478, "params": {"p_ai": 2.6149457233439732, "p_al": 4.185549678574218, "p_ex": 5.418448928754531, "prior": 4.774902117966579, "rate": 4.67513146056165}, "datetime": {"datetime": "2024-06-12 20:59:08", "elapsed": 47.956159, "delta": 0.125239}}
{"target": -164.4011960936893, "params": {"p_ai": 8.398567261266477, "p_al": 8.70115355071037, "p_ex": 8.16772288980329, "prior": 8.778136384928361, "rate": 5.710516610608794}, "datetime": {"datetime": "2024-06-12 20:59:08", "elapsed": 48.082681, "delta": 0.126522}}
{"target": -196.78915154747293, "params": {"p_ai": 9.64039729725748, "p_al": 6.065836938156427, "p_ex": 6.039873463055735, "prior": 3.193658073009114, "rate": 6.812360636986074}, "datetime": {"datetime": "2024-06-12 20:59:08", "elapsed": 48.199996, "delta": 0.117315}}
{"target": -141.84667963054446, "params": {"p_ai": 0.5206049193651046, "p_al": 1.3463296636984106, "p_ex": 1.303291433560078, "prior": 6.5523576709601326, "rate": 1.7541505851216117}, "datetime": {"datetime": "2024-06-12 20:59:09", "elapsed": 48.336075, "delta": 0.136079}}
{"target": -126.43685096625045, "params": {"p_ai": 3.412127085692221, "p_al": 0.44407224667521283, "p_ex": 2.33810986680499, "prior": 9.642279024168092, "rate": 5.091884885761161}, "datetime": {"datetime": "2024-06-12 20:59:09", "elapsed": 48.455118, "delta": 0.119043}}
{"target": -113.61747828543072, "params": {"p_ai": 1.5115941101958479, "p_al": 5.2305623088129085, "p_ex": 9.435150329726897, "prior": 8.656994454049334, "rate": 3.9212666234349385}, "datetime": {"datetime": "2024-06-12 20:59:09", "elapsed": 48.571805, "delta": 0.116687}}
{"target": -182.1365608464581, "params": {"p_ai": 2.8393912922180533, "p_al": 7.617536897064726, "p_ex": 2.405602763706075, "prior": 2.5430693142188665, "rate": 0.841779455445115}, "datetime": {"datetime": "2024-06-12 20:59:09", "elapsed": 48.69603, "delta": 0.124225}}
{"target": -177.80163690182172, "params": {"p_ai": 8.641576803545505, "p_al": 4.4795412572871784, "p_ex": 5.618300819839127, "prior": 7.367372865977506, "rate": 7.965092182444826}, "datetime": {"datetime": "2024-06-12 20:59:09", "elapsed": 48.815707, "delta": 0.119677}}
{"target": -150.59572225171365, "params": {"p_ai": 4.475633881764149, "p_al": 1.8420914342018075, "p_ex": 8.287499782431489, "prior": 0.3109486003227299, "rate": 9.467335967809916}, "datetime": {"datetime": "2024-06-12 20:59:09", "elapsed": 48.931872, "delta": 0.116165}}
{"target": -156.26066339981733, "params": {"p_ai": 5.770201486928539, "p_al": 8.754011995768419, "p_ex": 6.086045804298614, "prior": 2.5173441819390847, "rate": 2.962003105035548}, "datetime": {"datetime": "2024-06-12 20:59:09", "elapsed": 49.049557, "delta": 0.117685}}
{"target": -182.27881964654034, "params": {"p_ai": 5.329692667757501, "p_al": 9.620820050258088, "p_ex": 1.8457715492972864, "prior": 5.099473883052948, "rate": 3.4385372462650072}, "datetime": {"datetime": "2024-06-12 20:59:09", "elapsed": 49.181022, "delta": 0.131465}}
{"target": -271.79159618870773, "params": {"p_ai": 7.697483724226901, "p_al": 8.028861997837808, "p_ex": 4.246174543111865, "prior": 2.042020877443364, "rate": 0.6718275138282244}, "datetime": {"datetime": "2024-06-12 20:59:09", "elapsed": 49.300119, "delta": 0.119097}}
{"target": -122.00303771790144, "params": {"p_ai": 1.9872839959411943, "p_al": 2.7247361004436925, "p_ex": 5.988290390174195, "prior": 8.730961889247082, "rate": 1.2831811575160175}, "datetime": {"datetime": "2024-06-12 20:59:10", "elapsed": 49.420309, "delta": 0.12019}}
{"target": -187.5758244752825, "params": {"p_ai": 9.581929228407246, "p_al": 6.832025267697611, "p_ex": 7.419900392548125, "prior": 9.828824978423985, "rate": 4.161591625408803}, "datetime": {"datetime": "2024-06-12 20:59:10", "elapsed": 49.537994, "delta": 0.117685}}
