{"target": -191.74986761819366, "params": {"gamma": 2.2302911723421603, "prior": 9.971405383102082, "rate": 8.17356631642956}, "datetime": {"datetime": "2024-06-14 11:40:48", "elapsed": 11.119344, "delta": 0.010244}}
{"target": -159.27595680896474, "params": {"gamma": 0.42223947812043505, "prior": 3.7954509908618, "rate": 8.122057570514098}, "datetime": {"datetime": "2024-06-14 11:40:48", "elapsed": 11.129317, "delta": 0.009973}}
{"target": -524.4393120334324, "params": {"gamma": 5.284318582532073, "prior": 2.546595173441272, "rate": 7.9290864165444885}, "datetime": {"datetime": "2024-06-14 11:40:48", "elapsed": 11.138807, "delta": 0.00949}}
{"target": -438.60031744106885, "params": {"gamma": 2.6182486884007314, "prior": 0.10394396254204273, "rate": 2.3139578706383697}, "datetime": {"datetime": "2024-06-14 11:40:48", "elapsed": 11.150775, "delta": 0.011968}}
{"target": -419.4687491015138, "params": {"gamma": 9.933709519335848, "prior": 6.596388259986851, "rate": 2.20746055274965}, "datetime": {"datetime": "2024-06-14 11:40:48", "elapsed": 11.160748, "delta": 0.009973}}
{"target": -369.16094796775076, "params": {"gamma": 6.861710880085471, "prior": 6.900675292396006, "rate": 6.407786956598644}, "datetime": {"datetime": "2024-06-14 11:40:48", "elapsed": 11.169724, "delta": 0.008976}}
{"target": -180.27890094313514, "params": {"gamma": 0.7064146187020427, "prior": 2.5053447581940413, "rate": 8.708501091076558}, "datetime": {"datetime": "2024-06-14 11:40:48", "elapsed": 11.179698, "delta": 0.009974}}
{"target": -508.56961333470747, "params": {"gamma": 7.347673452195916, "prior": 1.761378459242426, "rate": 2.986596023304183}, "datetime": {"datetime": "2024-06-14 11:40:48", "elapsed": 11.189671, "delta": 0.009973}}
{"target": -257.1590303586645, "params": {"gamma": 5.627657565327734, "prior": 8.281813083626007, "rate": 2.0059625473387035}, "datetime": {"datetime": "2024-06-14 11:40:48", "elapsed": 11.199644, "delta": 0.009973}}
{"target": -188.96538051415942, "params": {"gamma": 1.0175512712412351, "prior": 3.8805020069474243, "rate": 9.123622339058336}, "datetime": {"datetime": "2024-06-14 11:40:48", "elapsed": 11.20862, "delta": 0.008976}}
{"target": -181.52531484772226, "params": {"gamma": 2.605874679054985, "prior": 1.1722130918594946, "rate": 0.56037370979255}, "datetime": {"datetime": "2024-06-14 11:40:48", "elapsed": 11.218594, "delta": 0.009974}}
{"target": -527.690110520554, "params": {"gamma": 3.517353888144698, "prior": 0.47250675815837395, "rate": 5.830756178383219}, "datetime": {"datetime": "2024-06-14 11:40:48", "elapsed": 11.227569, "delta": 0.008975}}
{"target": -458.8005388785973, "params": {"gamma": 6.725895546392632, "prior": 4.658787540848907, "rate": 7.411427420391562}, "datetime": {"datetime": "2024-06-14 11:40:48", "elapsed": 11.23776, "delta": 0.010191}}
{"target": -243.13218827824616, "params": {"gamma": 5.010748619176405, "prior": 7.053290946278004, "rate": 2.307178418323752}, "datetime": {"datetime": "2024-06-14 11:40:48", "elapsed": 11.246736, "delta": 0.008976}}
{"target": -462.85199140045626, "params": {"gamma": 7.446379482205204, "prior": 5.066208299853456, "rate": 7.053982930260369}, "datetime": {"datetime": "2024-06-14 11:40:48", "elapsed": 11.25671, "delta": 0.009974}}
{"target": -215.6625171004697, "params": {"gamma": 4.467531205373577, "prior": 5.108812034796275, "rate": 0.41631029460275537}, "datetime": {"datetime": "2024-06-14 11:40:48", "elapsed": 11.265686, "delta": 0.008976}}
{"target": -294.4796826999406, "params": {"gamma": 4.893603596752043, "prior": 1.508646271753512, "rate": 1.425815973998472}, "datetime": {"datetime": "2024-06-14 11:40:48", "elapsed": 11.275853, "delta": 0.010167}}
{"target": -241.6100358281151, "params": {"gamma": 4.334070675192891, "prior": 5.804526419276483, "rate": 3.431143903220329}, "datetime": {"datetime": "2024-06-14 11:40:48", "elapsed": 11.285825, "delta": 0.009972}}
{"target": -192.59241383580573, "params": {"gamma": 1.6057554110518168, "prior": 7.439963128101519, "rate": 9.630952636256579}, "datetime": {"datetime": "2024-06-14 11:40:48", "elapsed": 11.294801, "delta": 0.008976}}
{"target": -988.2436871025888, "params": {"gamma": 7.3366892172191065, "prior": 0.8629358918245221, "rate": 8.409240673094226}, "datetime": {"datetime": "2024-06-14 11:40:48", "elapsed": 11.304775, "delta": 0.009974}}
{"target": -169.27377103989275, "params": {"gamma": 0.6760729900832833, "prior": 4.419489281132564, "rate": 9.288699130413471}, "datetime": {"datetime": "2024-06-14 11:40:48", "elapsed": 11.31375, "delta": 0.008975}}
{"target": -366.06188133018844, "params": {"gamma": 2.6325378562618087, "prior": 1.3667364017386738, "rate": 7.622625481835956}, "datetime": {"datetime": "2024-06-14 11:40:48", "elapsed": 11.323724, "delta": 0.009974}}
{"target": -438.8262571061084, "params": {"gamma": 9.286152605869912, "prior": 3.325107364972745, "rate": 2.3253485203555204}, "datetime": {"datetime": "2024-06-14 11:40:48", "elapsed": 11.332703, "delta": 0.008979}}
{"target": -169.476038469548, "params": {"gamma": 1.8256722786407191, "prior": 9.636031674374332, "rate": 5.766769711868097}, "datetime": {"datetime": "2024-06-14 11:40:48", "elapsed": 11.342678, "delta": 0.009975}}
{"target": -351.02873480506867, "params": {"gamma": 8.601017631330931, "prior": 3.1526153619134747, "rate": 0.5653078671540508}, "datetime": {"datetime": "2024-06-14 11:40:48", "elapsed": 11.352652, "delta": 0.009974}}
{"target": -417.48322247227765, "params": {"gamma": 4.538588046967902, "prior": 2.150389949482985, "rate": 5.190317659626124}, "datetime": {"datetime": "2024-06-14 11:40:48", "elapsed": 11.362203, "delta": 0.009551}}
{"target": -321.4700471826158, "params": {"gamma": 5.3803383685417385, "prior": 3.0134533507087977, "rate": 3.0752313679559293}, "datetime": {"datetime": "2024-06-14 11:40:48", "elapsed": 11.37217, "delta": 0.009967}}
{"target": -148.5962768912569, "params": {"gamma": 0.24271254847611315, "prior": 4.261979937910767, "rate": 3.2375704471739803}, "datetime": {"datetime": "2024-06-14 11:40:48", "elapsed": 11.381145, "delta": 0.008975}}
{"target": -305.66245354277885, "params": {"gamma": 6.1952817624864025, "prior": 8.611654360250752, "rate": 4.926911767488365}, "datetime": {"datetime": "2024-06-14 11:40:48", "elapsed": 11.391119, "delta": 0.009974}}
{"target": -157.39537073785132, "params": {"gamma": 0.8280002720208621, "prior": 9.341456537509496, "rate": 8.083461341580708}, "datetime": {"datetime": "2024-06-14 11:40:48", "elapsed": 11.401092, "delta": 0.009973}}
{"target": -377.4781182348607, "params": {"gamma": 3.6558227125345977, "prior": 3.3742162191489324, "rate": 9.379402853367585}, "datetime": {"datetime": "2024-06-14 11:40:48", "elapsed": 11.410671, "delta": 0.009579}}
{"target": -302.5218578018895, "params": {"gamma": 3.7495685112706005, "prior": 6.3944419643693875, "rate": 9.853458036647636}, "datetime": {"datetime": "2024-06-14 11:40:48", "elapsed": 11.420673, "delta": 0.010002}}
{"target": -149.21780626060388, "params": {"gamma": 0.36836090554034395, "prior": 3.214846683672905, "rate": 2.313125983692789}, "datetime": {"datetime": "2024-06-14 11:40:48", "elapsed": 11.429619, "delta": 0.008946}}
{"target": -362.28971122913333, "params": {"gamma": 9.223731826093484, "prior": 5.556253632459004, "rate": 0.5380816705607578}, "datetime": {"datetime": "2024-06-14 11:40:48", "elapsed": 11.439593, "delta": 0.009974}}
{"target": -401.40939281372215, "params": {"gamma": 7.552727246484496, "prior": 6.872429831212706, "rate": 6.622078860248277}, "datetime": {"datetime": "2024-06-14 11:40:48", "elapsed": 11.449566, "delta": 0.009973}}
{"target": -469.5362507265822, "params": {"gamma": 9.557332020493899, "prior": 8.758555827281402, "rate": 7.532761600172254}, "datetime": {"datetime": "2024-06-14 11:40:48", "elapsed": 11.458542, "delta": 0.008976}}
{"target": -227.89274195972789, "params": {"gamma": 2.2274368777620133, "prior": 1.4663481242278644, "rate": 2.2096624750777165}, "datetime": {"datetime": "2024-06-14 11:40:48", "elapsed": 11.468921, "delta": 0.010379}}
{"target": -203.95519482914855, "params": {"gamma": 2.0558931010754273, "prior": 5.722849003564123, "rate": 6.63077518785403}, "datetime": {"datetime": "2024-06-14 11:40:48", "elapsed": 11.477866, "delta": 0.008945}}
{"target": -640.063075567345, "params": {"gamma": 5.274647786496121, "prior": 0.6578589781712976, "rate": 3.6322627869363457}, "datetime": {"datetime": "2024-06-14 11:40:48", "elapsed": 11.48784, "delta": 0.009974}}
{"target": -434.79673910045403, "params": {"gamma": 9.677306363671502, "prior": 6.98556459651058, "rate": 3.698028055635611}, "datetime": {"datetime": "2024-06-14 11:40:48", "elapsed": 11.497843, "delta": 0.010003}}
{"target": -297.6832251665309, "params": {"gamma": 6.716589859874733, "prior": 2.7245859703372814, "rate": 0.7756981624656162}, "datetime": {"datetime": "2024-06-14 11:40:48", "elapsed": 11.507538, "delta": 0.009695}}
{"target": -387.78398606394074, "params": {"gamma": 5.281143325416827, "prior": 2.9687143459337384, "rate": 4.817037304645983}, "datetime": {"datetime": "2024-06-14 11:40:48", "elapsed": 11.516514, "delta": 0.008976}}
{"target": -483.7262444097009, "params": {"gamma": 9.020043950898684, "prior": 6.552229630812366, "rate": 7.233468037123845}, "datetime": {"datetime": "2024-06-14 11:40:48", "elapsed": 11.526488, "delta": 0.009974}}
{"target": -160.6998499900199, "params": {"gamma": 1.0267626657461268, "prior": 4.8486150493478055, "rate": 4.044014562004185}, "datetime": {"datetime": "2024-06-14 11:40:48", "elapsed": 11.536461, "delta": 0.009973}}
{"target": -403.06507575790374, "params": {"gamma": 6.468925570274098, "prior": 2.9485778320940845, "rate": 3.8312640574634482}, "datetime": {"datetime": "2024-06-14 11:40:48", "elapsed": 11.545437, "delta": 0.008976}}
{"target": -627.958001614841, "params": {"gamma": 9.81018690271792, "prior": 1.23662462107414, "rate": 1.9998787227506973}, "datetime": {"datetime": "2024-06-14 11:40:48", "elapsed": 11.55541, "delta": 0.009973}}
{"target": -208.61782786534218, "params": {"gamma": 2.3912225972933583, "prior": 6.996876584358281, "rate": 7.1371672251136955}, "datetime": {"datetime": "2024-06-14 11:40:48", "elapsed": 11.564386, "delta": 0.008976}}
{"target": -619.4481403619828, "params": {"gamma": 7.847764610820117, "prior": 3.8723393107957245, "rate": 8.524180473287885}, "datetime": {"datetime": "2024-06-14 11:40:48", "elapsed": 11.574241, "delta": 0.009855}}
{"target": -403.23381283949334, "params": {"gamma": 6.973768049350303, "prior": 7.161272986009691, "rate": 8.220064454506392}, "datetime": {"datetime": "2024-06-14 11:40:48", "elapsed": 11.584214, "delta": 0.009973}}
{"target": -270.07878538145906, "params": {"gamma": 6.289615458969785, "prior": 4.280053466198156, "rate": 0.3089573128355685}, "datetime": {"datetime": "2024-06-14 11:40:48", "elapsed": 11.59319, "delta": 0.008976}}
{"target": -348.84377987309176, "params": {"gamma": 5.9549611772267355, "prior": 5.681259338068073, "rate": 6.008479407469643}, "datetime": {"datetime": "2024-06-14 11:40:48", "elapsed": 11.603163, "delta": 0.009973}}
{"target": -187.7212405844565, "params": {"gamma": 3.2292118332970405, "prior": 5.593331570762452, "rate": 1.7173913865365833}, "datetime": {"datetime": "2024-06-14 11:40:48", "elapsed": 11.612387, "delta": 0.009224}}
{"target": -897.7200998842738, "params": {"gamma": 6.49894440266871, "prior": 0.8095673895400698, "rate": 8.750896260863644}, "datetime": {"datetime": "2024-06-14 11:40:48", "elapsed": 11.62236, "delta": 0.009973}}
{"target": -274.3863519008762, "params": {"gamma": 2.1621633635158477, "prior": 3.0090612487247013, "rate": 8.847484449475706}, "datetime": {"datetime": "2024-06-14 11:40:48", "elapsed": 11.632333, "delta": 0.009973}}
{"target": -385.8256859983247, "params": {"gamma": 8.836037308166828, "prior": 8.37904543989899, "rate": 3.2700292334455643}, "datetime": {"datetime": "2024-06-14 11:40:48", "elapsed": 11.642307, "delta": 0.009974}}
{"target": -446.3529456401177, "params": {"gamma": 9.023544047406462, "prior": 7.740842728171373, "rate": 6.581171726876564}, "datetime": {"datetime": "2024-06-14 11:40:48", "elapsed": 11.65228, "delta": 0.009973}}
{"target": -409.4806691612055, "params": {"gamma": 8.99813093515086, "prior": 7.853001575402082, "rate": 4.2480703423217}, "datetime": {"datetime": "2024-06-14 11:40:48", "elapsed": 11.661256, "delta": 0.008976}}
{"target": -182.07981381222407, "params": {"gamma": 3.2432279860467617, "prior": 3.999393563924491, "rate": 0.6150601284275855}, "datetime": {"datetime": "2024-06-14 11:40:48", "elapsed": 11.671229, "delta": 0.009973}}
{"target": -355.76520914967955, "params": {"gamma": 3.634945499368943, "prior": 3.595132489864901, "rate": 8.656379251086715}, "datetime": {"datetime": "2024-06-14 11:40:48", "elapsed": 11.680205, "delta": 0.008976}}
{"target": -381.65259544758425, "params": {"gamma": 8.887111795253091, "prior": 9.63421565993784, "rate": 3.282664276898728}, "datetime": {"datetime": "2024-06-14 11:40:48", "elapsed": 11.690179, "delta": 0.009974}}
{"target": -314.65147826303195, "params": {"gamma": 6.933508237753853, "prior": 6.367356052167569, "rate": 2.425195012153892}, "datetime": {"datetime": "2024-06-14 11:40:48", "elapsed": 11.700155, "delta": 0.009976}}
{"target": -839.8218514034502, "params": {"gamma": 8.700006275800442, "prior": 2.219608966119336, "rate": 7.477392312505152}, "datetime": {"datetime": "2024-06-14 11:40:48", "elapsed": 11.709131, "delta": 0.008976}}
{"target": -256.3584119481506, "params": {"gamma": 1.4474946912067754, "prior": 1.1575145967721554, "rate": 7.20350177902532}, "datetime": {"datetime": "2024-06-14 11:40:48", "elapsed": 11.719104, "delta": 0.009973}}
{"target": -399.5675485768826, "params": {"gamma": 5.263654842331062, "prior": 4.484866730228926, "rate": 7.7820274969779515}, "datetime": {"datetime": "2024-06-14 11:40:48", "elapsed": 11.729078, "delta": 0.009974}}
{"target": -261.05720902976094, "params": {"gamma": 3.588074784629776, "prior": 8.548161025287675, "rate": 9.62176279907113}, "datetime": {"datetime": "2024-06-14 11:40:48", "elapsed": 11.738515, "delta": 0.009437}}
{"target": -590.2466713735686, "params": {"gamma": 9.791275810251324, "prior": 2.8485172225745474, "rate": 4.1506553568115665}, "datetime": {"datetime": "2024-06-14 11:40:48", "elapsed": 11.748487, "delta": 0.009972}}
{"target": -368.5524673540388, "params": {"gamma": 7.250373833289235, "prior": 8.95917274672825, "rate": 7.113399789936541}, "datetime": {"datetime": "2024-06-14 11:40:48", "elapsed": 11.757463, "delta": 0.008976}}
{"target": -341.8059212883981, "params": {"gamma": 7.5815646955077245, "prior": 8.84569615448094, "rate": 3.670115433263018}, "datetime": {"datetime": "2024-06-14 11:40:48", "elapsed": 11.767437, "delta": 0.009974}}
{"target": -344.3253915949868, "params": {"gamma": 5.425906871529926, "prior": 5.394222758269183, "rate": 6.4761782194627475}, "datetime": {"datetime": "2024-06-14 11:40:48", "elapsed": 11.776413, "delta": 0.008976}}
{"target": -578.7586071493799, "params": {"gamma": 8.951943613361554, "prior": 6.0481920136487215, "rate": 9.699415438622323}, "datetime": {"datetime": "2024-06-14 11:40:48", "elapsed": 11.786386, "delta": 0.009973}}
{"target": -454.87824253227427, "params": {"gamma": 7.3216234120977175, "prior": 4.211385766390366, "rate": 5.81180346318073}, "datetime": {"datetime": "2024-06-14 11:40:48", "elapsed": 11.796359, "delta": 0.009973}}
{"target": -498.90926475085513, "params": {"gamma": 9.223285503388022, "prior": 6.223153800877035, "rate": 7.099576105580202}, "datetime": {"datetime": "2024-06-14 11:40:48", "elapsed": 11.806332, "delta": 0.009973}}
{"target": -323.22965645294846, "params": {"gamma": 6.613259028912707, "prior": 3.42784974510567, "rate": 2.0341452163718596}, "datetime": {"datetime": "2024-06-14 11:40:48", "elapsed": 11.816307, "delta": 0.009975}}
{"target": -504.6705560652447, "params": {"gamma": 4.078721813041604, "prior": 1.592621080704164, "rate": 8.263509143662432}, "datetime": {"datetime": "2024-06-14 11:40:48", "elapsed": 11.825282, "delta": 0.008975}}
{"target": -324.8565226153621, "params": {"gamma": 7.104895674394641, "prior": 4.070456275164108, "rate": 1.7146555781871196}, "datetime": {"datetime": "2024-06-14 11:40:48", "elapsed": 11.835256, "delta": 0.009974}}
{"target": -557.6499705534354, "params": {"gamma": 8.75811759952061, "prior": 6.42673266977647, "rate": 9.966031596995483}, "datetime": {"datetime": "2024-06-14 11:40:48", "elapsed": 11.844873, "delta": 0.009617}}
{"target": -147.76057392937744, "params": {"gamma": 1.0118777980878546, "prior": 2.5239987554093983, "rate": 0.8374656866964549}, "datetime": {"datetime": "2024-06-14 11:40:48", "elapsed": 11.854847, "delta": 0.009974}}
{"target": -861.8757991613998, "params": {"gamma": 7.447673015821188, "prior": 1.6797955636247195, "rate": 8.816713679816221}, "datetime": {"datetime": "2024-06-14 11:40:48", "elapsed": 11.864821, "delta": 0.009974}}
{"target": -228.71168085352562, "params": {"gamma": 4.915303785862436, "prior": 5.309075700418279, "rate": 0.42616036762125126}, "datetime": {"datetime": "2024-06-14 11:40:48", "elapsed": 11.875557, "delta": 0.010736}}
{"target": -338.3091548916874, "params": {"gamma": 6.140922303680539, "prior": 2.353386412041166, "rate": 2.135827389380809}, "datetime": {"datetime": "2024-06-14 11:40:48", "elapsed": 11.885531, "delta": 0.009974}}
{"target": -358.83298262273496, "params": {"gamma": 8.953290370672992, "prior": 8.891332155070218, "rate": 0.05364657807886874}, "datetime": {"datetime": "2024-06-14 11:40:48", "elapsed": 11.895504, "delta": 0.009973}}
{"target": -385.97466555448295, "params": {"gamma": 8.323207291901435, "prior": 9.032758516193605, "rate": 5.119964633266645}, "datetime": {"datetime": "2024-06-14 11:40:48", "elapsed": 11.905478, "delta": 0.009974}}
{"target": -352.7109490001831, "params": {"gamma": 6.56208200669582, "prior": 7.701078270941128, "rate": 6.854714307550932}, "datetime": {"datetime": "2024-06-14 11:40:48", "elapsed": 11.915451, "delta": 0.009973}}
{"target": -287.91110044786683, "params": {"gamma": 4.59170508000715, "prior": 5.777177096628812, "rate": 5.74102025787266}, "datetime": {"datetime": "2024-06-14 11:40:48", "elapsed": 11.925268, "delta": 0.009817}}
{"target": -779.129281892453, "params": {"gamma": 8.421463069722522, "prior": 2.4803729054295243, "rate": 7.572507436190774}, "datetime": {"datetime": "2024-06-14 11:40:48", "elapsed": 11.935242, "delta": 0.009974}}
{"target": -431.37502558738674, "params": {"gamma": 8.12355876007362, "prior": 7.99062037533525, "rate": 8.07727048210085}, "datetime": {"datetime": "2024-06-14 11:40:48", "elapsed": 11.945215, "delta": 0.009973}}
{"target": -516.0539133450676, "params": {"gamma": 8.292970943843157, "prior": 4.23340593789217, "rate": 6.179249469269826}, "datetime": {"datetime": "2024-06-14 11:40:48", "elapsed": 11.954191, "delta": 0.008976}}
{"target": -442.8235911267914, "params": {"gamma": 7.552699915952439, "prior": 7.720679136482666, "rate": 9.586087624632432}, "datetime": {"datetime": "2024-06-14 11:40:49", "elapsed": 11.964242, "delta": 0.010051}}
{"target": -472.12686767347554, "params": {"gamma": 9.750777680644457, "prior": 5.690872459899503, "rate": 4.657924948350314}, "datetime": {"datetime": "2024-06-14 11:40:49", "elapsed": 11.974216, "delta": 0.009974}}
{"target": -808.9105701864806, "params": {"gamma": 8.35541774153753, "prior": 2.2776131471709045, "rate": 7.664214496519479}, "datetime": {"datetime": "2024-06-14 11:40:49", "elapsed": 11.984189, "delta": 0.009973}}
{"target": -192.4140148261726, "params": {"gamma": 1.920923979668611, "prior": 5.957112902935368, "rate": 6.068707734799046}, "datetime": {"datetime": "2024-06-14 11:40:49", "elapsed": 11.994162, "delta": 0.009973}}
{"target": -247.5648885485941, "params": {"gamma": 4.418996184218967, "prior": 8.659051462799177, "rate": 5.435278379231555}, "datetime": {"datetime": "2024-06-14 11:40:49", "elapsed": 12.003138, "delta": 0.008976}}
{"target": -229.5883355677147, "params": {"gamma": 4.927804379534841, "prior": 4.2394437931335665, "rate": 0.6231896086801356}, "datetime": {"datetime": "2024-06-14 11:40:49", "elapsed": 12.013111, "delta": 0.009973}}
{"target": -466.3979424534259, "params": {"gamma": 3.622132449809016, "prior": 1.0188720461219751, "rate": 5.656819358260873}, "datetime": {"datetime": "2024-06-14 11:40:49", "elapsed": 12.023088, "delta": 0.009977}}
{"target": -338.81011719919263, "params": {"gamma": 6.4053758139443495, "prior": 7.701044399919781, "rate": 6.325720028185084}, "datetime": {"datetime": "2024-06-14 11:40:49", "elapsed": 12.033061, "delta": 0.009973}}
{"target": -176.89615788766585, "params": {"gamma": 1.8714204909994507, "prior": 7.527415112713252, "rate": 5.489045144907434}, "datetime": {"datetime": "2024-06-14 11:40:49", "elapsed": 12.042038, "delta": 0.008977}}
{"target": -224.34593604765982, "params": {"gamma": 1.0226014229845646, "prior": 0.34578758896028944, "rate": 2.988163177641064}, "datetime": {"datetime": "2024-06-14 11:40:49", "elapsed": 12.052011, "delta": 0.009973}}
{"target": -384.4817475709389, "params": {"gamma": 6.900460277619986, "prior": 9.334604669396944, "rate": 9.665005509601515}, "datetime": {"datetime": "2024-06-14 11:40:49", "elapsed": 12.0613, "delta": 0.009289}}
{"target": -586.2927507046488, "params": {"gamma": 7.645716345257133, "prior": 3.003166938498256, "rate": 6.2210691836043965}, "datetime": {"datetime": "2024-06-14 11:40:49", "elapsed": 12.071274, "delta": 0.009974}}
{"target": -162.4675512590624, "params": {"gamma": 2.3117301792407194, "prior": 7.53183467935155, "rate": 1.6595044277657995}, "datetime": {"datetime": "2024-06-14 11:40:49", "elapsed": 12.081247, "delta": 0.009973}}
{"target": -359.7933847854974, "params": {"gamma": 7.564947384855503, "prior": 8.699031089411767, "rate": 5.195544029510985}, "datetime": {"datetime": "2024-06-14 11:40:49", "elapsed": 12.090223, "delta": 0.008976}}
