{"target": -1118.6597797656761, "params": {"gamma": 4.676032980600331, "lr": 0.6669425431939752}, "datetime": {"datetime": "2024-06-13 22:26:36", "elapsed": 3.703901, "delta": 0.004987}}
{"target": -1004.7813241505341, "params": {"gamma": 4.534320887795462, "lr": 0.5257115913414097}, "datetime": {"datetime": "2024-06-13 22:26:36", "elapsed": 3.70789, "delta": 0.003989}}
{"target": -1927.8210835270522, "params": {"gamma": 6.586021847542061, "lr": 0.18119538195386165}, "datetime": {"datetime": "2024-06-13 22:26:36", "elapsed": 3.711879, "delta": 0.003989}}
{"target": -1809.866105388936, "params": {"gamma": 7.8807074621719, "lr": 0.6028653375383973}, "datetime": {"datetime": "2024-06-13 22:26:36", "elapsed": 3.715869, "delta": 0.00399}}
{"target": -2307.1359302277583, "params": {"gamma": 9.80334851848814, "lr": 0.22238319353117575}, "datetime": {"datetime": "2024-06-13 22:26:36", "elapsed": 3.720856, "delta": 0.004987}}
{"target": -1278.5758151947737, "params": {"gamma": 4.663198475191569, "lr": 0.8956418025994466}, "datetime": {"datetime": "2024-06-13 22:26:36", "elapsed": 3.724845, "delta": 0.003989}}
{"target": -1460.7030270092214, "params": {"gamma": 6.014732663578183, "lr": 0.725958845848815}, "datetime": {"datetime": "2024-06-13 22:26:36", "elapsed": 3.728834, "delta": 0.003989}}
{"target": -993.3106387025364, "params": {"gamma": 4.137287971849402, "lr": 0.6843096218313198}, "datetime": {"datetime": "2024-06-13 22:26:36", "elapsed": 3.732824, "delta": 0.00399}}
{"target": -2395.4444139356674, "params": {"gamma": 9.460604243445784, "lr": 0.20018606573932207}, "datetime": {"datetime": "2024-06-13 22:26:36", "elapsed": 3.736813, "delta": 0.003989}}
{"target": -2241.9286436277257, "params": {"gamma": 8.073845273509328, "lr": 0.9695380120998964}, "datetime": {"datetime": "2024-06-13 22:26:36", "elapsed": 3.740802, "delta": 0.003989}}
{"target": -150.1177253317177, "params": {"gamma": 0.146672748901554, "lr": 0.21520958659442757}, "datetime": {"datetime": "2024-06-13 22:26:36", "elapsed": 3.745789, "delta": 0.004987}}
{"target": -332.3576196104991, "params": {"gamma": 1.1746518262109842, "lr": 0.7674235177414532}, "datetime": {"datetime": "2024-06-13 22:26:36", "elapsed": 3.749779, "delta": 0.00399}}
{"target": -272.34358724439386, "params": {"gamma": 0.8130846428413901, "lr": 0.9984135585909075}, "datetime": {"datetime": "2024-06-13 22:26:36", "elapsed": 3.753767, "delta": 0.003988}}
{"target": -1077.0739929753179, "params": {"gamma": 3.8967305467771722, "lr": 0.9052027659330404}, "datetime": {"datetime": "2024-06-13 22:26:36", "elapsed": 3.757757, "delta": 0.00399}}
{"target": -434.8771219912868, "params": {"gamma": 1.886587457391179, "lr": 0.44087219982229087}, "datetime": {"datetime": "2024-06-13 22:26:36", "elapsed": 3.761746, "delta": 0.003989}}
{"target": -1905.0069872850875, "params": {"gamma": 8.448273378243028, "lr": 0.5952697806732562}, "datetime": {"datetime": "2024-06-13 22:26:36", "elapsed": 3.765737, "delta": 0.003991}}
{"target": -1023.8294320306145, "params": {"gamma": 4.6221188088168805, "lr": 0.5126497467571176}, "datetime": {"datetime": "2024-06-13 22:26:36", "elapsed": 3.769725, "delta": 0.003988}}
{"target": -1270.0219060561728, "params": {"gamma": 5.739281383396582, "lr": 0.4403192075855932}, "datetime": {"datetime": "2024-06-13 22:26:36", "elapsed": 3.773714, "delta": 0.003989}}
{"target": -629.063401254692, "params": {"gamma": 1.936396018280381, "lr": 0.11396576145918635}, "datetime": {"datetime": "2024-06-13 22:26:36", "elapsed": 3.777735, "delta": 0.004021}}
{"target": -535.7035148212777, "params": {"gamma": 1.5131280457741099, "lr": 0.0524909638531339}, "datetime": {"datetime": "2024-06-13 22:26:36", "elapsed": 3.781693, "delta": 0.003958}}
{"target": -1484.3491771675995, "params": {"gamma": 5.587205434225252, "lr": 0.8477210140360106}, "datetime": {"datetime": "2024-06-13 22:26:36", "elapsed": 3.785682, "delta": 0.003989}}
{"target": -1203.2767301325787, "params": {"gamma": 3.5918342699021832, "lr": 0.07531087263581782}, "datetime": {"datetime": "2024-06-13 22:26:36", "elapsed": 3.789671, "delta": 0.003989}}
{"target": -988.730276955935, "params": {"gamma": 4.257818395439178, "lr": 0.6020078384720013}, "datetime": {"datetime": "2024-06-13 22:26:36", "elapsed": 3.793661, "delta": 0.00399}}
{"target": -1089.669105372512, "params": {"gamma": 4.254609252290801, "lr": 0.81072123360737}, "datetime": {"datetime": "2024-06-13 22:26:36", "elapsed": 3.798648, "delta": 0.004987}}
{"target": -2521.0592213430623, "params": {"gamma": 9.418920575620866, "lr": 0.8699107732683544}, "datetime": {"datetime": "2024-06-13 22:26:36", "elapsed": 3.802637, "delta": 0.003989}}
{"target": -1544.64733790152, "params": {"gamma": 7.040290983300606, "lr": 0.4702989247821753}, "datetime": {"datetime": "2024-06-13 22:26:36", "elapsed": 3.806626, "delta": 0.003989}}
{"target": -2248.982458731937, "params": {"gamma": 6.827297730989611, "lr": 0.013418310556529534}, "datetime": {"datetime": "2024-06-13 22:26:36", "elapsed": 3.810617, "delta": 0.003991}}
{"target": -2870.138146201128, "params": {"gamma": 9.824798706901937, "lr": 0.17207733182889595}, "datetime": {"datetime": "2024-06-13 22:26:36", "elapsed": 3.814605, "delta": 0.003988}}
{"target": -2285.8017756622667, "params": {"gamma": 9.062697699220857, "lr": 0.8071099016661061}, "datetime": {"datetime": "2024-06-13 22:26:36", "elapsed": 3.818594, "delta": 0.003989}}
{"target": -1834.3131834483036, "params": {"gamma": 8.00159670418549, "lr": 0.2689360577850649}, "datetime": {"datetime": "2024-06-13 22:26:36", "elapsed": 3.822583, "delta": 0.003989}}
{"target": -499.1505593182262, "params": {"gamma": 2.1923189037668234, "lr": 0.42880069291408873}, "datetime": {"datetime": "2024-06-13 22:26:36", "elapsed": 3.826573, "delta": 0.00399}}
{"target": -1859.9253829142147, "params": {"gamma": 8.493861636205818, "lr": 0.45037964247172024}, "datetime": {"datetime": "2024-06-13 22:26:36", "elapsed": 3.830562, "delta": 0.003989}}
{"target": -2229.3045425116534, "params": {"gamma": 9.354265719956611, "lr": 0.352679327251738}, "datetime": {"datetime": "2024-06-13 22:26:36", "elapsed": 3.835549, "delta": 0.004987}}
{"target": -1724.547502950392, "params": {"gamma": 6.194302264801901, "lr": 0.9806990363557802}, "datetime": {"datetime": "2024-06-13 22:26:36", "elapsed": 3.839538, "delta": 0.003989}}
{"target": -2122.1051766222877, "params": {"gamma": 6.434981759885809, "lr": 0.04549821604060378}, "datetime": {"datetime": "2024-06-13 22:26:36", "elapsed": 3.843528, "delta": 0.00399}}
{"target": -1109.6133421596253, "params": {"gamma": 4.636107352426167, "lr": 0.3347513437136638}, "datetime": {"datetime": "2024-06-13 22:26:37", "elapsed": 3.847517, "delta": 0.003989}}
{"target": -1225.1653970110488, "params": {"gamma": 5.322283303668225, "lr": 0.2847462086131314}, "datetime": {"datetime": "2024-06-13 22:26:37", "elapsed": 3.851506, "delta": 0.003989}}
{"target": -328.08960293489474, "params": {"gamma": 1.223490041069798, "lr": 0.6682889887508018}, "datetime": {"datetime": "2024-06-13 22:26:37", "elapsed": 3.855496, "delta": 0.00399}}
{"target": -1830.9981276622855, "params": {"gamma": 6.8139161891581725, "lr": 0.8671392999990885}, "datetime": {"datetime": "2024-06-13 22:26:37", "elapsed": 3.860482, "delta": 0.004986}}
{"target": -366.615654329945, "params": {"gamma": 1.3246825541338114, "lr": 0.798620308278031}, "datetime": {"datetime": "2024-06-13 22:26:37", "elapsed": 3.864472, "delta": 0.00399}}
{"target": -1919.0831225881034, "params": {"gamma": 8.267860615312884, "lr": 0.6465499357511519}, "datetime": {"datetime": "2024-06-13 22:26:37", "elapsed": 3.868461, "delta": 0.003989}}
{"target": -487.8761755812939, "params": {"gamma": 2.0500165356605575, "lr": 0.2614207144058379}, "datetime": {"datetime": "2024-06-13 22:26:37", "elapsed": 3.87245, "delta": 0.003989}}
{"target": -929.175979397305, "params": {"gamma": 4.185549678574218, "lr": 0.5417990727827313}, "datetime": {"datetime": "2024-06-13 22:26:37", "elapsed": 3.876439, "delta": 0.003989}}
{"target": -1053.8400870758887, "params": {"gamma": 4.774902117966579, "lr": 0.4674598920453694}, "datetime": {"datetime": "2024-06-13 22:26:37", "elapsed": 3.880429, "delta": 0.00399}}
{"target": -2250.7288976115933, "params": {"gamma": 8.398567261266477, "lr": 0.8701023653075677}, "datetime": {"datetime": "2024-06-13 22:26:37", "elapsed": 3.884418, "delta": 0.003989}}
{"target": -2212.6922989178697, "params": {"gamma": 8.16772288980329, "lr": 0.8778014186346996}, "datetime": {"datetime": "2024-06-13 22:26:37", "elapsed": 3.889405, "delta": 0.004987}}
{"target": -1591.472982112426, "params": {"gamma": 5.710516610608794, "lr": 0.9640361333390818}, "datetime": {"datetime": "2024-06-13 22:26:37", "elapsed": 3.893394, "delta": 0.003989}}
{"target": -1398.1694961619226, "params": {"gamma": 6.065836938156427, "lr": 0.6039477410796814}, "datetime": {"datetime": "2024-06-13 22:26:37", "elapsed": 3.897383, "delta": 0.003989}}
{"target": -774.3533038200052, "params": {"gamma": 3.193658073009114, "lr": 0.681204184117019}, "datetime": {"datetime": "2024-06-13 22:26:37", "elapsed": 3.901373, "delta": 0.00399}}
{"target": -219.40017887196277, "params": {"gamma": 0.5206049193651046, "lr": 0.13454642101194225}, "datetime": {"datetime": "2024-06-13 22:26:37", "elapsed": 3.905362, "delta": 0.003989}}
{"target": -337.499499237369, "params": {"gamma": 1.303291433560078, "lr": 0.6552012872247357}, "datetime": {"datetime": "2024-06-13 22:26:37", "elapsed": 3.909352, "delta": 0.00399}}
{"target": -436.3571834269412, "params": {"gamma": 1.7541505851216117, "lr": 0.3411468232515472}, "datetime": {"datetime": "2024-06-13 22:26:37", "elapsed": 3.913341, "delta": 0.003989}}
{"target": -177.5760962010941, "params": {"gamma": 0.44407224667521283, "lr": 0.2337343601165106}, "datetime": {"datetime": "2024-06-13 22:26:37", "elapsed": 3.91733, "delta": 0.003989}}
{"target": -2116.679978203393, "params": {"gamma": 9.642279024168092, "lr": 0.5091394025163677}, "datetime": {"datetime": "2024-06-13 22:26:37", "elapsed": 3.92132, "delta": 0.00399}}
{"target": -360.6379359956214, "params": {"gamma": 1.5115941101958479, "lr": 0.5230085317344643}, "datetime": {"datetime": "2024-06-13 22:26:37", "elapsed": 3.926307, "delta": 0.004987}}
{"target": -2525.3593477950085, "params": {"gamma": 9.435150329726897, "lr": 0.865686014006334}, "datetime": {"datetime": "2024-06-13 22:26:37", "elapsed": 3.930296, "delta": 0.003989}}
{"target": -907.3594365976815, "params": {"gamma": 3.9212666234349385, "lr": 0.28386751597340265}, "datetime": {"datetime": "2024-06-13 22:26:37", "elapsed": 3.934286, "delta": 0.00399}}
{"target": -1796.827550217536, "params": {"gamma": 7.617536897064726, "lr": 0.2404843248030878}, "datetime": {"datetime": "2024-06-13 22:26:37", "elapsed": 3.938275, "delta": 0.003989}}
{"target": -863.8631679869194, "params": {"gamma": 2.5430693142188665, "lr": 0.08408635417992949}, "datetime": {"datetime": "2024-06-13 22:26:37", "elapsed": 3.942264, "delta": 0.003989}}
{"target": -1891.9704045482697, "params": {"gamma": 8.641576803545505, "lr": 0.44789891562027984}, "datetime": {"datetime": "2024-06-13 22:26:37", "elapsed": 3.946253, "delta": 0.003989}}
{"target": -1384.7394523970597, "params": {"gamma": 5.618300819839127, "lr": 0.7367109576935199}, "datetime": {"datetime": "2024-06-13 22:26:37", "elapsed": 3.950243, "delta": 0.00399}}
{"target": -1745.222237624215, "params": {"gamma": 7.965092182444826, "lr": 0.44750813899031383}, "datetime": {"datetime": "2024-06-13 22:26:37", "elapsed": 3.955229, "delta": 0.004986}}
{"target": -501.67394907987114, "params": {"gamma": 1.8420914342018075, "lr": 0.8287328515283018}, "datetime": {"datetime": "2024-06-13 22:26:37", "elapsed": 3.959219, "delta": 0.00399}}
{"target": -170.4004689244161, "params": {"gamma": 0.3109486003227299, "lr": 0.9467282696079524}, "datetime": {"datetime": "2024-06-13 22:26:37", "elapsed": 3.963207, "delta": 0.003988}}
{"target": -1570.619235036358, "params": {"gamma": 5.770201486928539, "lr": 0.875388738450687}, "datetime": {"datetime": "2024-06-13 22:26:37", "elapsed": 3.967198, "delta": 0.003991}}
{"target": -1398.7233949185536, "params": {"gamma": 6.086045804298614, "lr": 0.2516595841523237}, "datetime": {"datetime": "2024-06-13 22:26:37", "elapsed": 3.971186, "delta": 0.003988}}
{"target": -665.2557840629116, "params": {"gamma": 2.962003105035548, "lr": 0.5329225590316532}, "datetime": {"datetime": "2024-06-13 22:26:37", "elapsed": 3.975175, "delta": 0.003989}}
{"target": -2544.8669967470164, "params": {"gamma": 9.620820050258088, "lr": 0.18449560449017766}, "datetime": {"datetime": "2024-06-13 22:26:37", "elapsed": 3.979165, "delta": 0.00399}}
{"target": -1219.387870601417, "params": {"gamma": 5.099473883052948, "lr": 0.3437881034368444}, "datetime": {"datetime": "2024-06-13 22:26:37", "elapsed": 3.984153, "delta": 0.004988}}
{"target": -1945.9446290883109, "params": {"gamma": 7.697483724226901, "lr": 0.802866486432424}, "datetime": {"datetime": "2024-06-13 22:26:37", "elapsed": 3.988142, "delta": 0.003989}}
{"target": -1087.6279620914904, "params": {"gamma": 4.246174543111865, "lr": 0.20412249999433585}, "datetime": {"datetime": "2024-06-13 22:26:37", "elapsed": 3.99213, "delta": 0.003988}}
{"target": -227.75031281963655, "params": {"gamma": 0.6718275138282244, "lr": 0.1986482644205615}, "datetime": {"datetime": "2024-06-13 22:26:37", "elapsed": 3.99612, "delta": 0.00399}}
{"target": -631.0886979300434, "params": {"gamma": 2.7247361004436925, "lr": 0.5987889179092104}, "datetime": {"datetime": "2024-06-13 22:26:37", "elapsed": 4.00011, "delta": 0.00399}}
{"target": -2790.364831965647, "params": {"gamma": 8.730961889247082, "lr": 0.1282309388454863}, "datetime": {"datetime": "2024-06-13 22:26:37", "elapsed": 4.005096, "delta": 0.004986}}
{"target": -2263.1112852794668, "params": {"gamma": 9.581929228407246, "lr": 0.6831708438541465}, "datetime": {"datetime": "2024-06-13 22:26:37", "elapsed": 4.009085, "delta": 0.003989}}
{"target": -2061.8702657707736, "params": {"gamma": 7.419900392548125, "lr": 0.9828807859209906}, "datetime": {"datetime": "2024-06-13 22:26:37", "elapsed": 4.013074, "delta": 0.003989}}
{"target": -923.9865615798501, "params": {"gamma": 4.161591625408803, "lr": 0.5315834658959018}, "datetime": {"datetime": "2024-06-13 22:26:37", "elapsed": 4.017064, "delta": 0.00399}}
{"target": -1495.7860658892052, "params": {"gamma": 6.792450289006991, "lr": 0.5128751425899913}, "datetime": {"datetime": "2024-06-13 22:26:37", "elapsed": 4.021053, "delta": 0.003989}}
{"target": -980.6389752671836, "params": {"gamma": 2.991824334263695, "lr": 0.10538467273003926}, "datetime": {"datetime": "2024-06-13 22:26:37", "elapsed": 4.025042, "delta": 0.003989}}
{"target": -731.2054762245352, "params": {"gamma": 2.8500365250757254, "lr": 0.7688528482877579}, "datetime": {"datetime": "2024-06-13 22:26:37", "elapsed": 4.029031, "delta": 0.003989}}
{"target": -1625.0708392146735, "params": {"gamma": 6.40818626181401, "lr": 0.8013307032031926}, "datetime": {"datetime": "2024-06-13 22:26:37", "elapsed": 4.033022, "delta": 0.003991}}
{"target": -1226.16901036705, "params": {"gamma": 5.171688199172296, "lr": 0.23210002184633505}, "datetime": {"datetime": "2024-06-13 22:26:37", "elapsed": 4.038008, "delta": 0.004986}}
{"target": -1449.0331209887795, "params": {"gamma": 6.279991307892046, "lr": 0.30400549002230315}, "datetime": {"datetime": "2024-06-13 22:26:37", "elapsed": 4.041997, "delta": 0.003989}}
{"target": -168.04520681058747, "params": {"gamma": 0.29625792067526757, "lr": 0.9033311768168756}, "datetime": {"datetime": "2024-06-13 22:26:37", "elapsed": 4.045986, "delta": 0.003989}}
{"target": -919.3929002906259, "params": {"gamma": 4.2042753184590484, "lr": 0.4261307804247122}, "datetime": {"datetime": "2024-06-13 22:26:37", "elapsed": 4.049975, "delta": 0.003989}}
{"target": -2059.9088638150183, "params": {"gamma": 7.412776101583259, "lr": 0.9484584043057936}, "datetime": {"datetime": "2024-06-13 22:26:37", "elapsed": 4.053965, "delta": 0.00399}}
{"target": -253.28015776160026, "params": {"gamma": 0.7260827649265881, "lr": 0.17270108813227492}, "datetime": {"datetime": "2024-06-13 22:26:37", "elapsed": 4.058952, "delta": 0.004987}}
{"target": -773.511163484492, "params": {"gamma": 3.224252533837974, "lr": 0.248424246330199}, "datetime": {"datetime": "2024-06-13 22:26:37", "elapsed": 4.062941, "delta": 0.003989}}
{"target": -1281.109839827475, "params": {"gamma": 4.9554543186305695, "lr": 0.8244596107976835}, "datetime": {"datetime": "2024-06-13 22:26:37", "elapsed": 4.066931, "delta": 0.00399}}
{"target": -1925.4704197846995, "params": {"gamma": 8.539870177006817, "lr": 0.5958299420587015}, "datetime": {"datetime": "2024-06-13 22:26:37", "elapsed": 4.071917, "delta": 0.004986}}
{"target": -651.4750144339366, "params": {"gamma": 2.4024971645768356, "lr": 0.18649268827268528}, "datetime": {"datetime": "2024-06-13 22:26:37", "elapsed": 4.075906, "delta": 0.003989}}
{"target": -1754.0224295605854, "params": {"gamma": 7.434161733507989, "lr": 0.23721405764354764}, "datetime": {"datetime": "2024-06-13 22:26:37", "elapsed": 4.079896, "delta": 0.00399}}
{"target": -1330.8997779513577, "params": {"gamma": 5.395369418374571, "lr": 0.7492807871271918}, "datetime": {"datetime": "2024-06-13 22:26:37", "elapsed": 4.083885, "delta": 0.003989}}
{"target": -680.720130975601, "params": {"gamma": 2.283262797049244, "lr": 0.17450118757274402}, "datetime": {"datetime": "2024-06-13 22:26:37", "elapsed": 4.087874, "delta": 0.003989}}
{"target": -191.32002575020843, "params": {"gamma": 0.39831713007193664, "lr": 0.14756883769994755}, "datetime": {"datetime": "2024-06-13 22:26:37", "elapsed": 4.091864, "delta": 0.00399}}
{"target": -2750.5599304897337, "params": {"gamma": 8.51453763056296, "lr": 0.10463591174495857}, "datetime": {"datetime": "2024-06-13 22:26:37", "elapsed": 4.09685, "delta": 0.004986}}
{"target": -767.0822922932493, "params": {"gamma": 2.2372268102276505, "lr": 0.03275719974597713}, "datetime": {"datetime": "2024-06-13 22:26:37", "elapsed": 4.10084, "delta": 0.00399}}
{"target": -1597.578131509487, "params": {"gamma": 6.763889997877335, "lr": 0.2317031414647196}, "datetime": {"datetime": "2024-06-13 22:26:37", "elapsed": 4.104829, "delta": 0.003989}}
{"target": -1330.296878350575, "params": {"gamma": 4.136503586299842, "lr": 0.13930117132372677}, "datetime": {"datetime": "2024-06-13 22:26:37", "elapsed": 4.108819, "delta": 0.00399}}
{"target": -827.0214491881652, "params": {"gamma": 3.772795658827454, "lr": 0.4244374662396153}, "datetime": {"datetime": "2024-06-13 22:26:37", "elapsed": 4.112542, "delta": 0.003723}}
{"target": -1032.2234501166797, "params": {"gamma": 4.730176553648271, "lr": 0.4228418130386131}, "datetime": {"datetime": "2024-06-13 22:26:37", "elapsed": 4.117527, "delta": 0.004985}}
{"target": -299.6750365403193, "params": {"gamma": 1.028462882177769, "lr": 0.772580266631544}, "datetime": {"datetime": "2024-06-13 22:26:37", "elapsed": 4.121517, "delta": 0.00399}}
{"target": -326.7391647195796, "params": {"gamma": 1.3729228288956241, "lr": 0.424292374325812}, "datetime": {"datetime": "2024-06-13 22:26:37", "elapsed": 4.125506, "delta": 0.003989}}
{"target": -642.3616473053213, "params": {"gamma": 2.7202891684153423, "lr": 0.3010079430799063}, "datetime": {"datetime": "2024-06-13 22:26:37", "elapsed": 4.129495, "delta": 0.003989}}
{"target": -1480.9984933786375, "params": {"gamma": 6.72453530509174, "lr": 0.5177867238134145}, "datetime": {"datetime": "2024-06-13 22:26:37", "elapsed": 4.133485, "delta": 0.00399}}
{"target": -439.1981614436279, "params": {"gamma": 1.9016804177489257, "lr": 0.4691344398333771}, "datetime": {"datetime": "2024-06-13 22:26:37", "elapsed": 4.137474, "delta": 0.003989}}
{"target": -828.0502887297646, "params": {"gamma": 3.396069147094239, "lr": 0.7044971982481261}, "datetime": {"datetime": "2024-06-13 22:26:37", "elapsed": 4.141463, "delta": 0.003989}}
{"target": -622.6690690211121, "params": {"gamma": 2.2617259291230574, "lr": 0.8449881373583452}, "datetime": {"datetime": "2024-06-13 22:26:37", "elapsed": 4.14645, "delta": 0.004987}}
{"target": -1162.9646514157141, "params": {"gamma": 5.262770419251413, "lr": 0.5006195729230891}, "datetime": {"datetime": "2024-06-13 22:26:37", "elapsed": 4.150439, "delta": 0.003989}}
{"target": -686.4150938521273, "params": {"gamma": 2.537604383069914, "lr": 0.18615566973666398}, "datetime": {"datetime": "2024-06-13 22:26:37", "elapsed": 4.154429, "delta": 0.00399}}
{"target": -1318.9088514064204, "params": {"gamma": 4.7187188083132305, "lr": 0.9818244178252573}, "datetime": {"datetime": "2024-06-13 22:26:37", "elapsed": 4.159415, "delta": 0.004986}}
{"target": -333.3073233552843, "params": {"gamma": 1.3299294703806088, "lr": 0.28346243242805713}, "datetime": {"datetime": "2024-06-13 22:26:37", "elapsed": 4.163405, "delta": 0.00399}}
{"target": -1859.144824406982, "params": {"gamma": 8.006611101660276, "lr": 0.6647768985107549}, "datetime": {"datetime": "2024-06-13 22:26:37", "elapsed": 4.168391, "delta": 0.004986}}
{"target": -657.6321753044281, "params": {"gamma": 2.788305328525677, "lr": 0.31464760677511183}, "datetime": {"datetime": "2024-06-13 22:26:37", "elapsed": 4.172381, "delta": 0.00399}}
{"target": -975.6791663933901, "params": {"gamma": 4.200062595764889, "lr": 0.6027867622422961}, "datetime": {"datetime": "2024-06-13 22:26:37", "elapsed": 4.177367, "delta": 0.004986}}
{"target": -1931.566991558184, "params": {"gamma": 7.193668333443535, "lr": 0.8573003334512307}, "datetime": {"datetime": "2024-06-13 22:26:37", "elapsed": 4.182356, "delta": 0.004989}}
{"target": -1608.673947926916, "params": {"gamma": 6.811433593113639, "lr": 0.23698206447169834}, "datetime": {"datetime": "2024-06-13 22:26:37", "elapsed": 4.186343, "delta": 0.003987}}
