{"target": -355.22900351931514, "params": {"p_ai": 6.345552644202125, "p_al": 4.13978453744836, "p_ex": 9.909165409621975, "prior": 9.299626280909525, "rate": 1.4932110870651905}, "datetime": {"datetime": "2024-06-13 09:17:35", "elapsed": 26.446582, "delta": 0.104197}}
{"target": -281.28438080182, "params": {"p_ai": 3.9494277431054683, "p_al": 4.6163355299129, "p_ex": 5.609926602464331, "prior": 7.803854869369396, "rate": 4.872451896825164}, "datetime": {"datetime": "2024-06-13 09:17:35", "elapsed": 26.550334, "delta": 0.103752}}
{"target": -290.5441309434625, "params": {"p_ai": 4.200515526550398, "p_al": 2.6207350474886373, "p_ex": 9.108150584728497, "prior": 0.22369284381650878, "rate": 8.211397860291427}, "datetime": {"datetime": "2024-06-13 09:17:36", "elapsed": 26.655025, "delta": 0.104691}}
{"target": -213.2435210201377, "params": {"p_ai": 1.8854955282645185, "p_al": 6.857883234826301, "p_ex": 3.552738684007098, "prior": 9.742152066323019, "rate": 1.22859852236475}, "datetime": {"datetime": "2024-06-13 09:17:36", "elapsed": 26.75778, "delta": 0.102755}}
{"target": -306.1997963086114, "params": {"p_ai": 1.8765113562797784, "p_al": 8.894535312169324, "p_ex": 5.834479739767671, "prior": 3.0931546002031376, "rate": 0.008643090396402046}, "datetime": {"datetime": "2024-06-13 09:17:36", "elapsed": 26.863467, "delta": 0.105687}}
{"target": -219.89378357795493, "params": {"p_ai": 2.2767497854842085, "p_al": 1.4548909380781856, "p_ex": 2.035134809876536, "prior": 8.963329245483243, "rate": 8.731070688318136}, "datetime": {"datetime": "2024-06-13 09:17:36", "elapsed": 26.967845, "delta": 0.104378}}
{"target": -436.342787446065, "params": {"p_ai": 7.0031940868968645, "p_al": 4.705506263845939, "p_ex": 8.271532887320552, "prior": 4.958768144455039, "rate": 3.6355233441657675}, "datetime": {"datetime": "2024-06-13 09:17:36", "elapsed": 27.071688, "delta": 0.103843}}
{"target": -307.6435176936677, "params": {"p_ai": 2.7567554245058266, "p_al": 9.247483394570178, "p_ex": 3.8705053533286655, "prior": 4.929315853439772, "rate": 2.5451265850419067}, "datetime": {"datetime": "2024-06-13 09:17:36", "elapsed": 27.175591, "delta": 0.103903}}
{"target": -611.2319049349101, "params": {"p_ai": 8.849780221861796, "p_al": 3.833251304596062, "p_ex": 2.9764495784234386, "prior": 7.17623202698535, "rate": 1.909508561779902}, "datetime": {"datetime": "2024-06-13 09:17:36", "elapsed": 27.279282, "delta": 0.103691}}
{"target": -169.98371487870688, "params": {"p_ai": 1.1828081008410374, "p_al": 8.370140824352909, "p_ex": 7.441615077773983, "prior": 5.905614955923525, "rate": 2.429672858073742}, "datetime": {"datetime": "2024-06-13 09:17:36", "elapsed": 27.383567, "delta": 0.104285}}
{"target": -586.0375467714146, "params": {"p_ai": 6.2328482047306535, "p_al": 6.383914852090989, "p_ex": 3.276366871679139, "prior": 0.6758259413323553, "rate": 8.805505437045703}, "datetime": {"datetime": "2024-06-13 09:17:36", "elapsed": 27.487319, "delta": 0.103752}}
{"target": -398.3173409570891, "params": {"p_ai": 4.60010735401151, "p_al": 7.638963307946233, "p_ex": 2.539632320806454, "prior": 5.914280435492902, "rate": 4.288522808327629}, "datetime": {"datetime": "2024-06-13 09:17:37", "elapsed": 27.591042, "delta": 0.103723}}
{"target": -336.7591026623633, "params": {"p_ai": 3.8216243248488464, "p_al": 1.2680071250853806, "p_ex": 2.4434223654265494, "prior": 0.7943364880002312, "rate": 3.029280188871068}, "datetime": {"datetime": "2024-06-13 09:17:37", "elapsed": 27.694765, "delta": 0.103723}}
{"target": -706.1570459898138, "params": {"p_ai": 7.417306297515323, "p_al": 6.150542233985518, "p_ex": 6.724438578240325, "prior": 0.08482241217079087, "rate": 6.784091345540948}, "datetime": {"datetime": "2024-06-13 09:17:37", "elapsed": 27.804503, "delta": 0.109738}}
{"target": -403.4649190275801, "params": {"p_ai": 5.032303724738329, "p_al": 2.309853596391308, "p_ex": 1.7497901933102402, "prior": 1.8506446725427474, "rate": 8.44275579074591}, "datetime": {"datetime": "2024-06-13 09:17:37", "elapsed": 27.908197, "delta": 0.103694}}
{"target": -694.382254771705, "params": {"p_ai": 9.825915303261548, "p_al": 9.137482508791475, "p_ex": 3.4743468343077555, "prior": 7.802465572333946, "rate": 5.464999452423606}, "datetime": {"datetime": "2024-06-13 09:17:37", "elapsed": 28.0111, "delta": 0.102903}}
{"target": -532.9736825522986, "params": {"p_ai": 8.16460753316182, "p_al": 4.8377857849378705, "p_ex": 5.899923031695739, "prior": 7.872847211795091, "rate": 1.0032461963882202}, "datetime": {"datetime": "2024-06-13 09:17:37", "elapsed": 28.115821, "delta": 0.104721}}
{"target": -346.2474274681234, "params": {"p_ai": 5.370534161288567, "p_al": 3.660467483349873, "p_ex": 6.043464129845054, "prior": 9.588066353854368, "rate": 3.9288366270246278}, "datetime": {"datetime": "2024-06-13 09:17:37", "elapsed": 28.222401, "delta": 0.10658}}
{"target": -318.17727681135074, "params": {"p_ai": 3.930337006418223, "p_al": 7.9065792989023995, "p_ex": 6.451138912455179, "prior": 3.9394461945459094, "rate": 6.8898615272542845}, "datetime": {"datetime": "2024-06-13 09:17:37", "elapsed": 28.327625, "delta": 0.105224}}
{"target": -291.7130906823602, "params": {"p_ai": 4.040612088934736, "p_al": 1.3619954293269727, "p_ex": 4.506982043452673, "prior": 3.3448595075800287, "rate": 2.180471331681618}, "datetime": {"datetime": "2024-06-13 09:17:37", "elapsed": 28.432825, "delta": 0.1052}}
{"target": -607.0623492173064, "params": {"p_ai": 9.257822241562762, "p_al": 6.896704351396498, "p_ex": 5.988610085343597, "prior": 7.466828063757928, "rate": 5.420168646652644}, "datetime": {"datetime": "2024-06-13 09:17:37", "elapsed": 28.535579, "delta": 0.102754}}
{"target": -638.0247184556373, "params": {"p_ai": 7.005630193122407, "p_al": 9.305667632679201, "p_ex": 8.626304328357714, "prior": 1.6752511332077065, "rate": 2.6321271002148183}, "datetime": {"datetime": "2024-06-13 09:17:38", "elapsed": 28.639301, "delta": 0.103722}}
{"target": -209.42797978355838, "params": {"p_ai": 0.7170311841386036, "p_al": 9.786749378778312, "p_ex": 2.3646046025050955, "prior": 6.6063229609300596, "rate": 0.8972173585756926}, "datetime": {"datetime": "2024-06-13 09:17:38", "elapsed": 28.744024, "delta": 0.104723}}
{"target": -269.4124180334491, "params": {"p_ai": 2.1084986499281, "p_al": 5.028741010800528, "p_ex": 1.0504317296309502, "prior": 3.889345153544549, "rate": 5.3803392136766695}, "datetime": {"datetime": "2024-06-13 09:17:38", "elapsed": 28.852733, "delta": 0.108709}}
{"target": -278.7034890708753, "params": {"p_ai": 3.3927026446661146, "p_al": 5.559446211054629, "p_ex": 5.368146451102699, "prior": 3.906714376870321, "rate": 6.963004560927929}, "datetime": {"datetime": "2024-06-13 09:17:38", "elapsed": 28.956425, "delta": 0.103692}}
{"target": -496.9111907109927, "params": {"p_ai": 6.785146057525243, "p_al": 6.8733441905945245, "p_ex": 5.615351096734943, "prior": 3.5814410602153455, "rate": 6.131510241334756}, "datetime": {"datetime": "2024-06-13 09:17:38", "elapsed": 29.061465, "delta": 0.10504}}
{"target": -558.1475343541151, "params": {"p_ai": 9.35742692981539, "p_al": 5.969288360934786, "p_ex": 9.795922153419893, "prior": 4.4106251974683035, "rate": 7.39638001311296}, "datetime": {"datetime": "2024-06-13 09:17:38", "elapsed": 29.165619, "delta": 0.104154}}
{"target": -723.4325544022211, "params": {"p_ai": 0.3770011826173517, "p_al": 7.647501663365861, "p_ex": 5.1832975216877974, "prior": 0.05416001307807128, "rate": 2.772723847721202}, "datetime": {"datetime": "2024-06-13 09:17:38", "elapsed": 29.269352, "delta": 0.103733}}
{"target": -468.4050799408881, "params": {"p_ai": 5.348787492965596, "p_al": 7.679860819934835, "p_ex": 0.5318728619297984, "prior": 5.490985385061347, "rate": 8.010144563427762}, "datetime": {"datetime": "2024-06-13 09:17:38", "elapsed": 29.372048, "delta": 0.102696}}
{"target": -590.7737580209879, "params": {"p_ai": 6.496180965729911, "p_al": 9.314538702914113, "p_ex": 0.7482397187025968, "prior": 2.7687878195432654, "rate": 9.192455805057469}, "datetime": {"datetime": "2024-06-13 09:17:38", "elapsed": 29.475771, "delta": 0.103723}}
{"target": -453.57748323519945, "params": {"p_ai": 7.650286477833132, "p_al": 5.9978037043765156, "p_ex": 8.329848470226867, "prior": 8.960538872258445, "rate": 9.727230808175396}, "datetime": {"datetime": "2024-06-13 09:17:38", "elapsed": 29.579496, "delta": 0.103725}}
{"target": -798.1711780191512, "params": {"p_ai": 9.98520655039097, "p_al": 1.3973536875073507, "p_ex": 0.7063499053922482, "prior": 0.7355930769468734, "rate": 0.14842316520856935}, "datetime": {"datetime": "2024-06-13 09:17:39", "elapsed": 29.682256, "delta": 0.10276}}
{"target": -554.4026661859, "params": {"p_ai": 9.718228909706282, "p_al": 0.9485743976558341, "p_ex": 8.417526525032311, "prior": 6.852044796080089, "rate": 4.876084117661699}, "datetime": {"datetime": "2024-06-13 09:17:39", "elapsed": 29.786007, "delta": 0.103751}}
{"target": -286.0332522146225, "params": {"p_ai": 3.4676021187044235, "p_al": 3.5371242228829836, "p_ex": 2.539134984589525, "prior": 9.110268719012566, "rate": 7.256699812403196}, "datetime": {"datetime": "2024-06-13 09:17:39", "elapsed": 29.888765, "delta": 0.102758}}
{"target": -252.52870385690082, "params": {"p_ai": 0.2602320020499145, "p_al": 4.615751011217899, "p_ex": 2.813731424095577, "prior": 0.2906328955928069, "rate": 8.846934261198635}, "datetime": {"datetime": "2024-06-13 09:17:39", "elapsed": 29.992594, "delta": 0.103829}}
{"target": -483.098070973397, "params": {"p_ai": 7.710282574188869, "p_al": 3.298021057363365, "p_ex": 7.965789316779574, "prior": 3.247058583707763, "rate": 3.0795165557326496}, "datetime": {"datetime": "2024-06-13 09:17:39", "elapsed": 30.095959, "delta": 0.103365}}
{"target": -622.5995112899853, "params": {"p_ai": 9.281162675928762, "p_al": 9.769184703296556, "p_ex": 5.236029491864212, "prior": 9.519399740511682, "rate": 8.88007694277072}, "datetime": {"datetime": "2024-06-13 09:17:39", "elapsed": 30.198664, "delta": 0.102705}}
{"target": -331.08229830626544, "params": {"p_ai": 5.180807583382493, "p_al": 3.728115272172759, "p_ex": 7.103835428617774, "prior": 4.5569786029958985, "rate": 6.052523738337006}, "datetime": {"datetime": "2024-06-13 09:17:39", "elapsed": 30.302494, "delta": 0.10383}}
{"target": -1011.0930713999096, "params": {"p_ai": 9.904071562702576, "p_al": 7.739388583314729, "p_ex": 3.343429773533269, "prior": 0.8908932100029573, "rate": 1.8498709971938052}, "datetime": {"datetime": "2024-06-13 09:17:39", "elapsed": 30.407105, "delta": 0.104611}}
{"target": -319.6976779629922, "params": {"p_ai": 5.2689919070424525, "p_al": 4.1716070786504735, "p_ex": 8.006795921634268, "prior": 9.332090179528631, "rate": 1.779469614765534}, "datetime": {"datetime": "2024-06-13 09:17:39", "elapsed": 30.510369, "delta": 0.103264}}
{"target": -927.8125640130969, "params": {"p_ai": 8.600807641991286, "p_al": 9.57399186834036, "p_ex": 9.594746597890971, "prior": 0.37958801461658453, "rate": 0.576777472576129}, "datetime": {"datetime": "2024-06-13 09:17:40", "elapsed": 30.614863, "delta": 0.104494}}
{"target": -172.38030838576807, "params": {"p_ai": 0.05896813178397224, "p_al": 3.127498880398609, "p_ex": 0.5579284287083343, "prior": 2.939330992219971, "rate": 3.5608088438258343}, "datetime": {"datetime": "2024-06-13 09:17:40", "elapsed": 30.719906, "delta": 0.105043}}
{"target": -668.6215413949061, "params": {"p_ai": 9.536816507720744, "p_al": 4.770032273945294, "p_ex": 2.783106185770882, "prior": 5.030548945314497, "rate": 6.433935888566707}, "datetime": {"datetime": "2024-06-13 09:17:40", "elapsed": 30.82341, "delta": 0.103504}}
{"target": -135.5328534378778, "params": {"p_ai": 1.1133454800017826, "p_al": 7.580858519672953, "p_ex": 8.519605767101668, "prior": 8.442654345834713, "rate": 8.905177817288482}, "datetime": {"datetime": "2024-06-13 09:17:40", "elapsed": 30.928131, "delta": 0.104721}}
{"target": -368.55616600464566, "params": {"p_ai": 3.819042125160856, "p_al": 4.438608178466819, "p_ex": 1.0167131779857155, "prior": 2.25884341738992, "rate": 9.713233372262836}, "datetime": {"datetime": "2024-06-13 09:17:40", "elapsed": 31.031869, "delta": 0.103738}}
{"target": -210.4485853182224, "params": {"p_ai": 2.8469550657183857, "p_al": 9.074054026267731, "p_ex": 8.905632311496733, "prior": 9.225122468106674, "rate": 1.5623394948435068}, "datetime": {"datetime": "2024-06-13 09:17:40", "elapsed": 31.136562, "delta": 0.104693}}
{"target": -693.6727243134239, "params": {"p_ai": 8.797341712870308, "p_al": 6.320317509680909, "p_ex": 2.1070711560096056, "prior": 3.4518140318860318, "rate": 1.6000279671042428}, "datetime": {"datetime": "2024-06-13 09:17:40", "elapsed": 31.247669, "delta": 0.111107}}
{"target": -346.092375140232, "params": {"p_ai": 4.444037226303826, "p_al": 0.8386657635007598, "p_ex": 1.654019586311918, "prior": 1.972766268320226, "rate": 6.910582388225486}, "datetime": {"datetime": "2024-06-13 09:17:40", "elapsed": 31.360034, "delta": 0.112365}}
{"target": -486.34111383536464, "params": {"p_ai": 5.738454888784365, "p_al": 8.733358017233284, "p_ex": 2.447096023126362, "prior": 6.296449959232413, "rate": 0.3452782218056491}, "datetime": {"datetime": "2024-06-13 09:17:40", "elapsed": 31.463821, "delta": 0.103787}}
{"target": -819.4430759440543, "params": {"p_ai": 5.162468412309614, "p_al": 8.632401590656782, "p_ex": 9.841281312305282, "prior": 0.09971988061382621, "rate": 2.5291619792860742}, "datetime": {"datetime": "2024-06-13 09:17:40", "elapsed": 31.567502, "delta": 0.103681}}
{"target": -240.84295079629786, "params": {"p_ai": 2.239272853604926, "p_al": 0.4763284046833772, "p_ex": 0.10271439016149476, "prior": 4.902462927130074, "rate": 0.4557759745572704}, "datetime": {"datetime": "2024-06-13 09:17:41", "elapsed": 31.670265, "delta": 0.102763}}
{"target": -314.88546461615795, "params": {"p_ai": 2.784002980338173, "p_al": 6.400105716520015, "p_ex": 2.9476257235674814, "prior": 2.6972773568893555, "rate": 5.905874675913428}, "datetime": {"datetime": "2024-06-13 09:17:41", "elapsed": 31.774517, "delta": 0.104252}}
{"target": -310.6586136820614, "params": {"p_ai": 3.805960238019191, "p_al": 7.025527816580048, "p_ex": 4.961743388547362, "prior": 6.33245944879897, "rate": 3.5345900756692927}, "datetime": {"datetime": "2024-06-13 09:17:41", "elapsed": 31.877779, "delta": 0.103262}}
{"target": -165.61361673124608, "params": {"p_ai": 2.871152417608931, "p_al": 1.3329379303972684, "p_ex": 9.370866767604843, "prior": 8.04855362431193, "rate": 9.380347403020368}, "datetime": {"datetime": "2024-06-13 09:17:41", "elapsed": 31.981144, "delta": 0.103365}}
{"target": -242.32721292767542, "params": {"p_ai": 1.8546198659533752, "p_al": 9.331624472469432, "p_ex": 9.357596323713638, "prior": 2.8361615915229414, "rate": 2.7470678499902057}, "datetime": {"datetime": "2024-06-13 09:17:41", "elapsed": 32.084903, "delta": 0.103759}}
{"target": -375.99902882148325, "params": {"p_ai": 5.514764305160052, "p_al": 1.8537071044461548, "p_ex": 4.421569005157032, "prior": 1.8539911417309063, "rate": 9.473811803621638}, "datetime": {"datetime": "2024-06-13 09:17:41", "elapsed": 32.187751, "delta": 0.102848}}
{"target": -371.1463230470845, "params": {"p_ai": 4.938752750253366, "p_al": 9.639213756472554, "p_ex": 6.449771783449607, "prior": 4.843673414550824, "rate": 9.676984764366013}, "datetime": {"datetime": "2024-06-13 09:17:41", "elapsed": 32.293439, "delta": 0.105688}}
{"target": -194.34150877441, "params": {"p_ai": 1.4327546273059197, "p_al": 6.3236664167903, "p_ex": 6.6192217900001395, "prior": 4.3389644317001075, "rate": 0.594512896164236}, "datetime": {"datetime": "2024-06-13 09:17:41", "elapsed": 32.403146, "delta": 0.109707}}
{"target": -345.43644283281225, "params": {"p_ai": 4.927733289059168, "p_al": 4.651874301237257, "p_ex": 8.06766136093786, "prior": 2.5673532385398095, "rate": 3.914912199479702}, "datetime": {"datetime": "2024-06-13 09:17:41", "elapsed": 32.50842, "delta": 0.105274}}
{"target": -210.57060663606632, "params": {"p_ai": 2.402481900006551, "p_al": 6.864747708308469, "p_ex": 9.898844649917818, "prior": 1.7751179391457508, "rate": 8.214645955522746}, "datetime": {"datetime": "2024-06-13 09:17:42", "elapsed": 32.615166, "delta": 0.106746}}
{"target": -225.46540780046462, "params": {"p_ai": 2.3106546042570515, "p_al": 0.5807001579142975, "p_ex": 1.3890263639386906, "prior": 9.351596002308344, "rate": 8.885532491458925}, "datetime": {"datetime": "2024-06-13 09:17:42", "elapsed": 32.718427, "delta": 0.103261}}
{"target": -254.05273573719134, "params": {"p_ai": 2.893315694333617, "p_al": 9.477692896949968, "p_ex": 8.499455421778958, "prior": 4.347113285922664, "rate": 4.681027499109862}, "datetime": {"datetime": "2024-06-13 09:17:42", "elapsed": 32.834511, "delta": 0.116084}}
{"target": -503.68143097105843, "params": {"p_ai": 6.2989003628126445, "p_al": 1.581160317803163, "p_ex": 0.14880608533418707, "prior": 2.655854662706386, "rate": 0.15542087579566607}, "datetime": {"datetime": "2024-06-13 09:17:42", "elapsed": 32.938739, "delta": 0.104228}}
{"target": -491.2931719947067, "params": {"p_ai": 6.745313942778413, "p_al": 5.515136889291953, "p_ex": 3.2171598078821737, "prior": 7.802243168860467, "rate": 1.4587085267165556}, "datetime": {"datetime": "2024-06-13 09:17:42", "elapsed": 33.041715, "delta": 0.102976}}
{"target": -282.64880341682385, "params": {"p_ai": 2.449561506980074, "p_al": 2.923845306630798, "p_ex": 1.9601235330434226, "prior": 0.8802988990222627, "rate": 8.699891826535803}, "datetime": {"datetime": "2024-06-13 09:17:42", "elapsed": 33.145409, "delta": 0.103694}}
{"target": -545.7307162514518, "params": {"p_ai": 0.8827982670695292, "p_al": 6.837419647880558, "p_ex": 1.204888367700376, "prior": 0.1079793324385974, "rate": 5.573125032519063}, "datetime": {"datetime": "2024-06-13 09:17:42", "elapsed": 33.250009, "delta": 0.1046}}
{"target": -901.8137419698393, "params": {"p_ai": 9.071183443148486, "p_al": 8.604706216701516, "p_ex": 3.3851753897983823, "prior": 0.27256113442929636, "rate": 8.008792691945201}, "datetime": {"datetime": "2024-06-13 09:17:42", "elapsed": 33.353702, "delta": 0.103693}}
{"target": -524.7482711560192, "params": {"p_ai": 8.06004333796437, "p_al": 8.685012674911418, "p_ex": 6.696796352155456, "prior": 8.077980844288449, "rate": 8.9750853247459}, "datetime": {"datetime": "2024-06-13 09:17:42", "elapsed": 33.457306, "delta": 0.103604}}
{"target": -328.7182940477453, "params": {"p_ai": 4.538845674949633, "p_al": 5.578695211845391, "p_ex": 5.06180515715352, "prior": 6.920147061337664, "rate": 6.829385769431119}, "datetime": {"datetime": "2024-06-13 09:17:42", "elapsed": 33.562055, "delta": 0.104749}}
{"target": -387.7245286504439, "params": {"p_ai": 5.203616044997302, "p_al": 8.284853012706627, "p_ex": 5.058288088511875, "prior": 8.248760765289934, "rate": 2.8191690363442863}, "datetime": {"datetime": "2024-06-13 09:17:43", "elapsed": 33.666747, "delta": 0.104692}}
{"target": -248.40731671769228, "params": {"p_ai": 1.7857698349419049, "p_al": 9.698735832876796, "p_ex": 7.419653315035313, "prior": 2.598657141350841, "rate": 5.8127721875694265}, "datetime": {"datetime": "2024-06-13 09:17:43", "elapsed": 33.770497, "delta": 0.10375}}
{"target": -661.2166320393171, "params": {"p_ai": 9.55266727312833, "p_al": 0.808458324212976, "p_ex": 0.8362585364103492, "prior": 6.191729179367653, "rate": 2.245710294880741}, "datetime": {"datetime": "2024-06-13 09:17:43", "elapsed": 33.875217, "delta": 0.10472}}
{"target": -733.9213715098471, "params": {"p_ai": 7.652074383378348, "p_al": 5.681957276948102, "p_ex": 6.66221471414473, "prior": 1.0790311940451294, "rate": 0.8437462313141314}, "datetime": {"datetime": "2024-06-13 09:17:43", "elapsed": 33.978659, "delta": 0.103442}}
{"target": -501.12139605900563, "params": {"p_ai": 6.251585561986592, "p_al": 4.097902880079071, "p_ex": 0.8734379861959459, "prior": 3.711268386216875, "rate": 6.72177195215883}, "datetime": {"datetime": "2024-06-13 09:17:43", "elapsed": 34.082596, "delta": 0.103937}}
{"target": -155.0772360015227, "params": {"p_ai": 1.8966844145156656, "p_al": 8.957395356178512, "p_ex": 9.498514042411992, "prior": 9.615763851802903, "rate": 7.301095494844863}, "datetime": {"datetime": "2024-06-13 09:17:43", "elapsed": 34.186661, "delta": 0.104065}}
{"target": -393.5435365981047, "params": {"p_ai": 4.063477988455463, "p_al": 7.437748214315846, "p_ex": 2.8805808058682407, "prior": 3.144857806685071, "rate": 6.059357715817362}, "datetime": {"datetime": "2024-06-13 09:17:43", "elapsed": 34.290859, "delta": 0.104198}}
{"target": -465.01523485275396, "params": {"p_ai": 5.948876486945769, "p_al": 8.786731102181795, "p_ex": 2.546752955850109, "prior": 7.662117463663015, "rate": 9.410191654922194}, "datetime": {"datetime": "2024-06-13 09:17:43", "elapsed": 34.394581, "delta": 0.103722}}
{"target": -120.71474759440407, "params": {"p_ai": 0.011328293644688577, "p_al": 4.761415090903047, "p_ex": 6.570746249918269, "prior": 8.433388815981305, "rate": 1.8382103793481412}, "datetime": {"datetime": "2024-06-13 09:17:43", "elapsed": 34.498344, "delta": 0.103763}}
{"target": -920.5204391779706, "params": {"p_ai": 8.56173622063573, "p_al": 3.6442904330904224, "p_ex": 8.922847018832448, "prior": 0.2780896894835276, "rate": 0.854816001092583}, "datetime": {"datetime": "2024-06-13 09:17:44", "elapsed": 34.60203, "delta": 0.103686}}
{"target": -739.2358423423391, "params": {"p_ai": 9.81412324707537, "p_al": 6.095409755809193, "p_ex": 4.176905835795019, "prior": 1.6929726327522117, "rate": 6.499361629743811}, "datetime": {"datetime": "2024-06-13 09:17:44", "elapsed": 34.705759, "delta": 0.103729}}
{"target": -144.44828881345677, "params": {"p_ai": 0.3707137085252189, "p_al": 3.116827520693586, "p_ex": 3.2354684906937643, "prior": 6.074811493252022, "rate": 6.508661735500295}, "datetime": {"datetime": "2024-06-13 09:17:44", "elapsed": 34.808989, "delta": 0.10323}}
