{"target": -137.3915178407241, "params": {"p_ai": 6.769052402167239, "p_al": 2.935059826190939, "p_ex": 8.774877039679437, "prior": 7.7124659032652225, "rate": 8.537361539915066}, "datetime": {"datetime": "2024-06-12 21:02:07", "elapsed": 227.278102, "delta": 0.118509}}
{"target": -202.39496893978716, "params": {"p_ai": 9.371581875455856, "p_al": 2.3508042096415482, "p_ex": 7.173131504668459, "prior": 0.4404809544682865, "rate": 3.036942440429322}, "datetime": {"datetime": "2024-06-12 21:02:08", "elapsed": 227.397632, "delta": 0.11953}}
{"target": -144.154262492122, "params": {"p_ai": 4.8310017836709145, "p_al": 3.644838951583288, "p_ex": 1.9855339344892702, "prior": 6.987144597858653, "rate": 9.253095850988169}, "datetime": {"datetime": "2024-06-12 21:02:08", "elapsed": 227.51629, "delta": 0.118658}}
{"target": -123.88555189362907, "params": {"p_ai": 0.9994800071896959, "p_al": 2.302146241513983, "p_ex": 2.849180340028503, "prior": 6.6800625926414545, "rate": 3.866783199329621}, "datetime": {"datetime": "2024-06-12 21:02:08", "elapsed": 227.635006, "delta": 0.118716}}
{"target": -167.18389343508363, "params": {"p_ai": 7.6562105910740685, "p_al": 0.9573677553367381, "p_ex": 4.602344211627279, "prior": 2.9268592456242746, "rate": 5.1346429831113305}, "datetime": {"datetime": "2024-06-12 21:02:08", "elapsed": 227.770848, "delta": 0.135842}}
{"target": -104.04775307996981, "params": {"p_ai": 1.358318540902578, "p_al": 4.460527512339592, "p_ex": 5.164363125399383, "prior": 3.442718612238544, "rate": 5.546962687912887}, "datetime": {"datetime": "2024-06-12 21:02:08", "elapsed": 227.895658, "delta": 0.12481}}
{"target": -174.2216266275568, "params": {"p_ai": 7.143193457138365, "p_al": 6.6391352779985064, "p_ex": 3.5573604088930924, "prior": 0.7667124991441476, "rate": 8.33688654222292}, "datetime": {"datetime": "2024-06-12 21:02:08", "elapsed": 228.014371, "delta": 0.118713}}
{"target": -240.71902418663439, "params": {"p_ai": 9.262519396206374, "p_al": 2.342397665262998, "p_ex": 0.016235863133468375, "prior": 4.796890155913763, "rate": 6.153802061312725}, "datetime": {"datetime": "2024-06-12 21:02:08", "elapsed": 228.133056, "delta": 0.118685}}
{"target": -140.2360017548466, "params": {"p_ai": 6.528810886094876, "p_al": 6.035992321926878, "p_ex": 6.786976733212628, "prior": 7.332718450648246, "rate": 8.434264878500423}, "datetime": {"datetime": "2024-06-12 21:02:08", "elapsed": 228.252245, "delta": 0.119189}}
{"target": -121.85971360322691, "params": {"p_ai": 5.751636056415177, "p_al": 0.3342193504114132, "p_ex": 9.326432692222614, "prior": 4.172868879497032, "rate": 4.672617279678853}, "datetime": {"datetime": "2024-06-12 21:02:09", "elapsed": 228.369687, "delta": 0.117442}}
{"target": -129.69869620753303, "params": {"p_ai": 6.191020124914681, "p_al": 2.7652990433810527, "p_ex": 9.094310930273682, "prior": 6.579376577046878, "rate": 1.335769006689386}, "datetime": {"datetime": "2024-06-12 21:02:09", "elapsed": 228.48891, "delta": 0.119223}}
{"target": -124.62074007585487, "params": {"p_ai": 3.735756407129941, "p_al": 2.133213359637376, "p_ex": 4.433811854596573, "prior": 2.063523910296588, "rate": 0.9800510293910022}, "datetime": {"datetime": "2024-06-12 21:02:09", "elapsed": 228.607623, "delta": 0.118713}}
{"target": -143.98901655183727, "params": {"p_ai": 3.205278298461178, "p_al": 1.345699436872602, "p_ex": 0.351215070109687, "prior": 4.984437931401855, "rate": 6.046721227106048}, "datetime": {"datetime": "2024-06-12 21:02:09", "elapsed": 228.733845, "delta": 0.126222}}
{"target": -105.71715155962582, "params": {"p_ai": 1.9655098381327298, "p_al": 3.50590068321703, "p_ex": 4.53618988575595, "prior": 2.529128270705221, "rate": 3.380951687634526}, "datetime": {"datetime": "2024-06-12 21:02:09", "elapsed": 228.85209, "delta": 0.118245}}
{"target": -123.1252984382307, "params": {"p_ai": 2.6092045014035166, "p_al": 6.626499466487988, "p_ex": 3.8949639409484886, "prior": 4.658404582768081, "rate": 2.59049498310502}, "datetime": {"datetime": "2024-06-12 21:02:09", "elapsed": 228.97177, "delta": 0.11968}}
{"target": -142.06387830938792, "params": {"p_ai": 5.789364895032299, "p_al": 4.157123156697752, "p_ex": 4.572376709276866, "prior": 2.0964281602528154, "rate": 5.117392235543662}, "datetime": {"datetime": "2024-06-12 21:02:09", "elapsed": 229.090046, "delta": 0.118276}}
{"target": -121.01174077086974, "params": {"p_ai": 4.210910739976361, "p_al": 5.382094417316383, "p_ex": 5.155764332257101, "prior": 7.123449429744482, "rate": 3.454964521457407}, "datetime": {"datetime": "2024-06-12 21:02:09", "elapsed": 229.20818, "delta": 0.118134}}
{"target": -109.82500392867496, "params": {"p_ai": 2.2931827515641436, "p_al": 9.189542918200015, "p_ex": 3.9414414192874383, "prior": 8.151637524869336, "rate": 8.805022160226608}, "datetime": {"datetime": "2024-06-12 21:02:10", "elapsed": 229.336791, "delta": 0.128611}}
{"target": -134.57297005216077, "params": {"p_ai": 6.519273078273664, "p_al": 7.674987535528136, "p_ex": 8.975433780197474, "prior": 4.985360996917634, "rate": 4.21816112291727}, "datetime": {"datetime": "2024-06-12 21:02:10", "elapsed": 229.463455, "delta": 0.126664}}
{"target": -210.05616414544767, "params": {"p_ai": 7.285694043946162, "p_al": 5.784859461247112, "p_ex": 0.7020548163678142, "prior": 8.070796085153564, "rate": 2.0212435104253297}, "datetime": {"datetime": "2024-06-12 21:02:10", "elapsed": 229.583134, "delta": 0.119679}}
{"target": -97.3886215301357, "params": {"p_ai": 2.1508720684393, "p_al": 8.743025188211874, "p_ex": 8.102518908881354, "prior": 7.871767281004917, "rate": 9.784790514439791}, "datetime": {"datetime": "2024-06-12 21:02:10", "elapsed": 229.701402, "delta": 0.118268}}
{"target": -196.28067257617303, "params": {"p_ai": 9.357524229079237, "p_al": 1.2940300412025754, "p_ex": 4.683039243930658, "prior": 3.042344666650908, "rate": 8.904985985717063}, "datetime": {"datetime": "2024-06-12 21:02:10", "elapsed": 229.820614, "delta": 0.119212}}
{"target": -115.41698452358655, "params": {"p_ai": 1.3739923924996749, "p_al": 0.48067656559418387, "p_ex": 9.774627317478625, "prior": 5.649060566233409, "rate": 2.849552957820775}, "datetime": {"datetime": "2024-06-12 21:02:10", "elapsed": 229.9408, "delta": 0.120186}}
{"target": -101.49438351448141, "params": {"p_ai": 3.318719730075621, "p_al": 1.3846937437864795, "p_ex": 9.912674284735528, "prior": 8.707272454980922, "rate": 2.4172314834019453}, "datetime": {"datetime": "2024-06-12 21:02:10", "elapsed": 230.05899, "delta": 0.11819}}
{"target": -108.16697004831413, "params": {"p_ai": 3.325069900137527, "p_al": 1.65498168172433, "p_ex": 5.130820869824733, "prior": 9.797205555727889, "rate": 5.963172963914687}, "datetime": {"datetime": "2024-06-12 21:02:10", "elapsed": 230.177834, "delta": 0.118844}}
{"target": -191.51802441549503, "params": {"p_ai": 6.6449548260810465, "p_al": 6.712068693529449, "p_ex": 1.911991019045263, "prior": 2.409604742830703, "rate": 5.0096121267023355}, "datetime": {"datetime": "2024-06-12 21:02:10", "elapsed": 230.296518, "delta": 0.118684}}
{"target": -122.95092065044405, "params": {"p_ai": 4.669993169085791, "p_al": 3.241618802545425, "p_ex": 7.200616627397563, "prior": 2.7603972166988378, "rate": 8.955953644994121}, "datetime": {"datetime": "2024-06-12 21:02:11", "elapsed": 230.415643, "delta": 0.119125}}
{"target": -163.74897255456375, "params": {"p_ai": 1.2282998236556748, "p_al": 9.216407877116538, "p_ex": 1.03606386651808, "prior": 1.9306266363481848, "rate": 4.523999081153517}, "datetime": {"datetime": "2024-06-12 21:02:11", "elapsed": 230.534326, "delta": 0.118683}}
{"target": -210.4011602953809, "params": {"p_ai": 8.823606472437586, "p_al": 3.0759972260702058, "p_ex": 6.574586452950764, "prior": 3.389996508078041, "rate": 0.16236839486127655}, "datetime": {"datetime": "2024-06-12 21:02:11", "elapsed": 230.653038, "delta": 0.118712}}
{"target": -166.39616552771085, "params": {"p_ai": 6.244663189633926, "p_al": 2.3814540024306106, "p_ex": 1.9461666065538248, "prior": 8.088718911721868, "rate": 6.173886159941831}, "datetime": {"datetime": "2024-06-12 21:02:11", "elapsed": 230.771959, "delta": 0.118921}}
{"target": -211.12734879961914, "params": {"p_ai": 7.954580786861178, "p_al": 2.6541820806830834, "p_ex": 0.472724809441966, "prior": 8.53466944259079, "rate": 7.643530081357011}, "datetime": {"datetime": "2024-06-12 21:02:11", "elapsed": 230.889644, "delta": 0.117685}}
{"target": -131.62580002701245, "params": {"p_ai": 0.04600092811038332, "p_al": 6.998787795565987, "p_ex": 2.4173561208956085, "prior": 3.597382740540309, "rate": 7.807647124553472}, "datetime": {"datetime": "2024-06-12 21:02:11", "elapsed": 231.008327, "delta": 0.118683}}
{"target": -202.45356833101715, "params": {"p_ai": 9.86517804059674, "p_al": 2.4563841824271306, "p_ex": 4.675528614457568, "prior": 4.003953125442614, "rate": 5.583047951545892}, "datetime": {"datetime": "2024-06-12 21:02:11", "elapsed": 231.126935, "delta": 0.118608}}
{"target": -139.1977075972896, "params": {"p_ai": 5.293116937019591, "p_al": 6.580610506722293, "p_ex": 4.9677971345550285, "prior": 6.854154820690401, "rate": 3.1292609440339083}, "datetime": {"datetime": "2024-06-12 21:02:11", "elapsed": 231.24562, "delta": 0.118685}}
{"target": -384.0887282056847, "params": {"p_ai": 2.144550241074914, "p_al": 9.071862729316408, "p_ex": 5.576470548836427, "prior": 0.2911437618879527, "rate": 1.2205386305587063}, "datetime": {"datetime": "2024-06-12 21:02:12", "elapsed": 231.367078, "delta": 0.121458}}
{"target": -143.69573919036648, "params": {"p_ai": 6.814301578299707, "p_al": 8.087294770067228, "p_ex": 8.234982814168754, "prior": 4.33152015672816, "rate": 5.804720928438853}, "datetime": {"datetime": "2024-06-12 21:02:12", "elapsed": 231.489568, "delta": 0.12249}}
{"target": -169.41280312758113, "params": {"p_ai": 8.075836711183172, "p_al": 9.575877062312697, "p_ex": 8.797628214779126, "prior": 3.8857195541901555, "rate": 9.61487729711488}, "datetime": {"datetime": "2024-06-12 21:02:12", "elapsed": 231.612243, "delta": 0.122675}}
{"target": -106.94606454192736, "params": {"p_ai": 1.371343819883932, "p_al": 9.08747589789655, "p_ex": 5.213594276828904, "prior": 7.149162469428894, "rate": 7.846922750186959}, "datetime": {"datetime": "2024-06-12 21:02:12", "elapsed": 231.736526, "delta": 0.124283}}
{"target": -142.23020772977014, "params": {"p_ai": 3.3474678803751616, "p_al": 8.776975629787078, "p_ex": 2.5808522025136105, "prior": 0.83666265678653, "rate": 7.593948195149002}, "datetime": {"datetime": "2024-06-12 21:02:12", "elapsed": 231.859033, "delta": 0.122507}}
{"target": -233.3658974153681, "params": {"p_ai": 8.95092837417597, "p_al": 9.264551677562867, "p_ex": 3.7413412629632474, "prior": 3.415268176059033, "rate": 2.5576120050528046}, "datetime": {"datetime": "2024-06-12 21:02:12", "elapsed": 231.980915, "delta": 0.121882}}
{"target": -176.73705011715234, "params": {"p_ai": 4.708453993935255, "p_al": 9.671773539413003, "p_ex": 4.989160667334907, "prior": 2.3915018485082684, "rate": 2.079940128729959}, "datetime": {"datetime": "2024-06-12 21:02:12", "elapsed": 232.10401, "delta": 0.123095}}
{"target": -183.5047618400843, "params": {"p_ai": 9.267164088336514, "p_al": 6.879645509464755, "p_ex": 7.048112442802709, "prior": 5.889378773110729, "rate": 6.1876438425471845}, "datetime": {"datetime": "2024-06-12 21:02:12", "elapsed": 232.225685, "delta": 0.121675}}
{"target": -139.928292974461, "params": {"p_ai": 0.4609310094392283, "p_al": 3.562257950280492, "p_ex": 0.7985109091827932, "prior": 3.258387412465708, "rate": 7.1059762053863995}, "datetime": {"datetime": "2024-06-12 21:02:13", "elapsed": 232.348357, "delta": 0.122672}}
{"target": -271.6976809385472, "params": {"p_ai": 0.7257040600535904, "p_al": 8.990183690119414, "p_ex": 3.5437477900667638, "prior": 0.8986519230958506, "rate": 1.0056681597844719}, "datetime": {"datetime": "2024-06-12 21:02:13", "elapsed": 232.471801, "delta": 0.123444}}
{"target": -112.04774793868256, "params": {"p_ai": 1.4705867983363237, "p_al": 7.048346327370851, "p_ex": 9.43145928351281, "prior": 7.605646111189302, "rate": 3.9226853739576355}, "datetime": {"datetime": "2024-06-12 21:02:13", "elapsed": 232.593476, "delta": 0.121675}}
{"target": -227.63704746610637, "params": {"p_ai": 7.678372885914446, "p_al": 8.359465444265473, "p_ex": 0.6157150873045676, "prior": 3.106160641600712, "rate": 7.423046238536325}, "datetime": {"datetime": "2024-06-12 21:02:13", "elapsed": 232.715639, "delta": 0.122163}}
{"target": -132.005279257462, "params": {"p_ai": 2.6050085717251688, "p_al": 9.105379825933609, "p_ex": 2.4232546015906373, "prior": 7.872672760072909, "rate": 3.99003222258113}, "datetime": {"datetime": "2024-06-12 21:02:13", "elapsed": 232.837854, "delta": 0.122215}}
{"target": -205.99089448508508, "params": {"p_ai": 8.879709895547814, "p_al": 2.881998583476861, "p_ex": 5.764361978570896, "prior": 0.1547226888798665, "rate": 8.052070134855622}, "datetime": {"datetime": "2024-06-12 21:02:13", "elapsed": 232.960526, "delta": 0.122672}}
{"target": -121.841152467255, "params": {"p_ai": 0.33660797646871526, "p_al": 6.40946215137833, "p_ex": 5.636914467179616, "prior": 9.284192361657906, "rate": 9.191217031886074}, "datetime": {"datetime": "2024-06-12 21:02:13", "elapsed": 233.083198, "delta": 0.122672}}
{"target": -103.34373731891272, "params": {"p_ai": 2.4895491973250445, "p_al": 2.655888130607594, "p_ex": 6.574608379561944, "prior": 2.823404858297573, "rate": 1.7590508186307083}, "datetime": {"datetime": "2024-06-12 21:02:13", "elapsed": 233.206223, "delta": 0.123025}}
{"target": -106.2515445537111, "params": {"p_ai": 1.7271278257277167, "p_al": 0.2796921341580634, "p_ex": 4.67140222508191, "prior": 4.886139370753203, "rate": 4.2376971216011015}, "datetime": {"datetime": "2024-06-12 21:02:14", "elapsed": 233.325379, "delta": 0.119156}}
{"target": -215.61807488107684, "params": {"p_ai": 9.883673534153298, "p_al": 6.435712304622834, "p_ex": 5.622975505044778, "prior": 0.8654799214045155, "rate": 4.524079090921107}, "datetime": {"datetime": "2024-06-12 21:02:14", "elapsed": 233.445569, "delta": 0.12019}}
{"target": -153.99223409341624, "params": {"p_ai": 0.6981670968888053, "p_al": 4.87207411892542, "p_ex": 0.15688767405900336, "prior": 1.4161247847363267, "rate": 6.18967416332968}, "datetime": {"datetime": "2024-06-12 21:02:14", "elapsed": 233.565247, "delta": 0.119678}}
{"target": -181.40877827635427, "params": {"p_ai": 6.761841567540195, "p_al": 6.037644365737643, "p_ex": 2.510495077291836, "prior": 0.6627915410597356, "rate": 6.773071964217088}, "datetime": {"datetime": "2024-06-12 21:02:14", "elapsed": 233.687759, "delta": 0.122512}}
{"target": -160.91853971680325, "params": {"p_ai": 7.683627944622056, "p_al": 1.193630873788052, "p_ex": 7.395875370552233, "prior": 7.732109943460374, "rate": 1.1006153943531465}, "datetime": {"datetime": "2024-06-12 21:02:14", "elapsed": 233.806056, "delta": 0.118297}}
{"target": -117.27989658344451, "params": {"p_ai": 4.865207615109933, "p_al": 0.058244204271695785, "p_ex": 6.259494576122178, "prior": 8.589985562318814, "rate": 8.601869196225135}, "datetime": {"datetime": "2024-06-12 21:02:14", "elapsed": 233.925116, "delta": 0.11906}}
{"target": -198.29790070805743, "params": {"p_ai": 9.372836835270283, "p_al": 7.838598966904821, "p_ex": 4.32095503171597, "prior": 7.740408081831658, "rate": 9.835569322189354}, "datetime": {"datetime": "2024-06-12 21:02:14", "elapsed": 234.046038, "delta": 0.120922}}
{"target": -111.86219979385268, "params": {"p_ai": 3.6731485703528572, "p_al": 0.3599139619079784, "p_ex": 5.07790279342019, "prior": 3.5256412227906653, "rate": 1.7614437496880826}, "datetime": {"datetime": "2024-06-12 21:02:14", "elapsed": 234.165716, "delta": 0.119678}}
{"target": -198.41446510025878, "params": {"p_ai": 9.343086501575788, "p_al": 1.1970610915354551, "p_ex": 6.5429530555272635, "prior": 1.6881259931486678, "rate": 7.964580244936878}, "datetime": {"datetime": "2024-06-12 21:02:14", "elapsed": 234.283985, "delta": 0.118269}}
{"target": -112.26426951756707, "params": {"p_ai": 2.581797390048383, "p_al": 6.980372818587215, "p_ex": 6.279309106625949, "prior": 7.1582611729380785, "rate": 2.509045645020982}, "datetime": {"datetime": "2024-06-12 21:02:15", "elapsed": 234.402456, "delta": 0.118471}}
{"target": -148.2891157826558, "params": {"p_ai": 5.040739675586524, "p_al": 3.4219991979294457, "p_ex": 1.8038144159290055, "prior": 4.755592956498562, "rate": 9.121320206261762}, "datetime": {"datetime": "2024-06-12 21:02:15", "elapsed": 234.522366, "delta": 0.11991}}
{"target": -149.91271825680266, "params": {"p_ai": 5.679851593329904, "p_al": 6.3092680345791186, "p_ex": 5.492947356708023, "prior": 0.45125465964832556, "rate": 8.686803585738467}, "datetime": {"datetime": "2024-06-12 21:02:15", "elapsed": 234.64102, "delta": 0.118654}}
{"target": -108.66377459019441, "params": {"p_ai": 1.2488091352044703, "p_al": 7.364341651650799, "p_ex": 4.518124677923766, "prior": 7.10303533404568, "rate": 8.611423430034481}, "datetime": {"datetime": "2024-06-12 21:02:15", "elapsed": 234.759886, "delta": 0.118866}}
{"target": -195.87702802569888, "params": {"p_ai": 6.966020702292478, "p_al": 8.539175558401974, "p_ex": 4.871212886985774, "prior": 0.918884195524545, "rate": 3.7865239272439655}, "datetime": {"datetime": "2024-06-12 21:02:15", "elapsed": 234.879567, "delta": 0.119681}}
{"target": -99.05180967067542, "params": {"p_ai": 1.9149858840908718, "p_al": 7.635396338424311, "p_ex": 6.954013909748106, "prior": 5.795719129348575, "rate": 7.688642700710957}, "datetime": {"datetime": "2024-06-12 21:02:15", "elapsed": 234.998249, "delta": 0.118682}}
{"target": -106.08255278907173, "params": {"p_ai": 3.694271653183792, "p_al": 3.6923996638210648, "p_ex": 7.002394412067741, "prior": 4.523578447246285, "rate": 8.119345489453556}, "datetime": {"datetime": "2024-06-12 21:02:15", "elapsed": 235.116932, "delta": 0.118683}}
{"target": -122.56258907533025, "params": {"p_ai": 1.5469574316809762, "p_al": 5.898974533155622, "p_ex": 3.736309787079538, "prior": 2.4715388646961878, "rate": 2.544044252328794}, "datetime": {"datetime": "2024-06-12 21:02:15", "elapsed": 235.235615, "delta": 0.118683}}
{"target": -185.58333421982974, "params": {"p_ai": 7.437727992572913, "p_al": 3.2893167926474636, "p_ex": 2.279929885191457, "prior": 9.053660900901122, "rate": 4.163527066834268}, "datetime": {"datetime": "2024-06-12 21:02:16", "elapsed": 235.353302, "delta": 0.117687}}
{"target": -226.2827225380565, "params": {"p_ai": 5.344429334800736, "p_al": 3.721233388098805, "p_ex": 2.339332965914614, "prior": 1.0243329283321738, "rate": 0.552765917581405}, "datetime": {"datetime": "2024-06-12 21:02:16", "elapsed": 235.471846, "delta": 0.118544}}
{"target": -188.15619608845827, "params": {"p_ai": 8.728846271820581, "p_al": 1.7305261188770236, "p_ex": 5.389977736100399, "prior": 9.787262915137529, "rate": 1.6741303440042716}, "datetime": {"datetime": "2024-06-12 21:02:16", "elapsed": 235.590529, "delta": 0.118683}}
{"target": -188.32494218853947, "params": {"p_ai": 5.9580397526432485, "p_al": 7.513905802989992, "p_ex": 0.7997906390307579, "prior": 4.52781951549999, "rate": 7.918482157482571}, "datetime": {"datetime": "2024-06-12 21:02:16", "elapsed": 235.708776, "delta": 0.118247}}
{"target": -149.62358856166728, "params": {"p_ai": 7.218066620682272, "p_al": 6.785967564695583, "p_ex": 7.667126257505545, "prior": 5.821443127018461, "rate": 3.7495945385656966}, "datetime": {"datetime": "2024-06-12 21:02:16", "elapsed": 235.827607, "delta": 0.118831}}
{"target": -130.09949671457696, "params": {"p_ai": 4.471487619513789, "p_al": 2.8049829823986183, "p_ex": 3.3932177776488177, "prior": 8.801774626422448, "rate": 5.363962031098822}, "datetime": {"datetime": "2024-06-12 21:02:16", "elapsed": 235.946854, "delta": 0.119247}}
{"target": -115.41969998463064, "params": {"p_ai": 0.7383672180412829, "p_al": 6.72300831011704, "p_ex": 7.297835753188504, "prior": 3.9566998705923595, "rate": 3.4759925510493996}, "datetime": {"datetime": "2024-06-12 21:02:16", "elapsed": 236.065106, "delta": 0.118252}}
{"target": -120.68656951529735, "params": {"p_ai": 1.0762177778688427, "p_al": 5.466748475884789, "p_ex": 2.628961332513215, "prior": 9.180248732872576, "rate": 8.506602449242905}, "datetime": {"datetime": "2024-06-12 21:02:16", "elapsed": 236.184294, "delta": 0.119188}}
{"target": -138.2799450748659, "params": {"p_ai": 6.536425024163568, "p_al": 8.758501047052498, "p_ex": 9.689135799507397, "prior": 5.908278161390933, "rate": 9.801337037343496}, "datetime": {"datetime": "2024-06-12 21:02:16", "elapsed": 236.302478, "delta": 0.118184}}
{"target": -132.91033602070885, "params": {"p_ai": 5.493073404549781, "p_al": 2.936662168246929, "p_ex": 4.912876181602172, "prior": 4.051458022152253, "rate": 5.998158171162226}, "datetime": {"datetime": "2024-06-12 21:02:17", "elapsed": 236.420977, "delta": 0.118499}}
{"target": -133.39142282867317, "params": {"p_ai": 4.807494200542663, "p_al": 2.8677411327358473, "p_ex": 6.252256280872256, "prior": 8.054201911055628, "rate": 0.7883984302275981}, "datetime": {"datetime": "2024-06-12 21:02:17", "elapsed": 236.539659, "delta": 0.118682}}
{"target": -167.49452350592236, "params": {"p_ai": 4.236810197958907, "p_al": 6.450375344994171, "p_ex": 0.07383112556481046, "prior": 8.757015198397594, "rate": 6.94051629998809}, "datetime": {"datetime": "2024-06-12 21:02:17", "elapsed": 236.658599, "delta": 0.11894}}
{"target": -178.737820716239, "params": {"p_ai": 7.4979379751671615, "p_al": 5.2334304933340325, "p_ex": 9.754692363709557, "prior": 1.5317071824174862, "rate": 9.558208085259503}, "datetime": {"datetime": "2024-06-12 21:02:17", "elapsed": 236.776466, "delta": 0.117867}}
