{"target": -144.4170795659307, "params": {"gamma": 0.16150603946145364, "lr": 0.15270593118117648}, "datetime": {"datetime": "2024-06-13 17:05:02", "elapsed": 4.99264, "delta": 0.00399}}
{"target": -1010.6000836465314, "params": {"gamma": 4.621379845784425, "lr": 0.7559010975378051}, "datetime": {"datetime": "2024-06-13 17:05:02", "elapsed": 4.996629, "delta": 0.003989}}
{"target": -1121.3057017329415, "params": {"gamma": 7.2884205045195944, "lr": 0.3523894424830367}, "datetime": {"datetime": "2024-06-13 17:05:02", "elapsed": 5.000619, "delta": 0.00399}}
{"target": -1079.1256431050301, "params": {"gamma": 4.7919136483503735, "lr": 0.8140737533756652}, "datetime": {"datetime": "2024-06-13 17:05:02", "elapsed": 5.005605, "delta": 0.004986}}
{"target": -1295.2125703541585, "params": {"gamma": 8.384190660883412, "lr": 0.3199167004179855}, "datetime": {"datetime": "2024-06-13 17:05:02", "elapsed": 5.009595, "delta": 0.00399}}
{"target": -150.77977609385505, "params": {"gamma": 0.043645919052664246, "lr": 0.046930843226232644}, "datetime": {"datetime": "2024-06-13 17:05:02", "elapsed": 5.013584, "delta": 0.003989}}
{"target": -1138.7201745859934, "params": {"gamma": 7.378335968662237, "lr": 0.27263228107250803}, "datetime": {"datetime": "2024-06-13 17:05:02", "elapsed": 5.018571, "delta": 0.004987}}
{"target": -945.4452797618923, "params": {"gamma": 4.815376636054336, "lr": 0.1920312660311443}, "datetime": {"datetime": "2024-06-13 17:05:02", "elapsed": 5.02256, "delta": 0.003989}}
{"target": -1570.4109201745907, "params": {"gamma": 8.471282047905861, "lr": 0.5033776096365531}, "datetime": {"datetime": "2024-06-13 17:05:02", "elapsed": 5.026549, "delta": 0.003989}}
{"target": -836.5852383785902, "params": {"gamma": 5.272074597046892, "lr": 0.28807958808575485}, "datetime": {"datetime": "2024-06-13 17:05:02", "elapsed": 5.031536, "delta": 0.004987}}
{"target": -1994.6932370687095, "params": {"gamma": 5.120480307408566, "lr": 0.0019636453825200295}, "datetime": {"datetime": "2024-06-13 17:05:02", "elapsed": 5.035525, "delta": 0.003989}}
{"target": -446.00723901778207, "params": {"gamma": 2.7736731083917574, "lr": 0.34876298353843593}, "datetime": {"datetime": "2024-06-13 17:05:02", "elapsed": 5.039515, "delta": 0.00399}}
{"target": -1104.3426257427257, "params": {"gamma": 2.8402249120040706, "lr": 0.08595222757741783}, "datetime": {"datetime": "2024-06-13 17:05:02", "elapsed": 5.043504, "delta": 0.003989}}
{"target": -1146.2549698280388, "params": {"gamma": 5.2182903111313514, "lr": 0.7884791333735152}, "datetime": {"datetime": "2024-06-13 17:05:02", "elapsed": 5.048491, "delta": 0.004987}}
{"target": -1572.8041281609133, "params": {"gamma": 9.426041757646109, "lr": 0.49728979211666346}, "datetime": {"datetime": "2024-06-13 17:05:02", "elapsed": 5.05248, "delta": 0.003989}}
{"target": -938.9654644745206, "params": {"gamma": 5.93794482969608, "lr": 0.2908599378104706}, "datetime": {"datetime": "2024-06-13 17:05:02", "elapsed": 5.056469, "delta": 0.003989}}
{"target": -399.27791497213997, "params": {"gamma": 1.492445929692968, "lr": 0.13187169072844107}, "datetime": {"datetime": "2024-06-13 17:05:02", "elapsed": 5.060459, "delta": 0.00399}}
{"target": -1611.7031802100885, "params": {"gamma": 7.323875397919708, "lr": 0.7344694353499344}, "datetime": {"datetime": "2024-06-13 17:05:02", "elapsed": 5.065445, "delta": 0.004986}}
{"target": -330.13652364096134, "params": {"gamma": 1.7943208163497153, "lr": 0.41356037977579185}, "datetime": {"datetime": "2024-06-13 17:05:02", "elapsed": 5.069435, "delta": 0.00399}}
{"target": -1488.068394864464, "params": {"gamma": 5.941849134587504, "lr": 0.12528194618614874}, "datetime": {"datetime": "2024-06-13 17:05:02", "elapsed": 5.073424, "delta": 0.003989}}
{"target": -1565.796567516927, "params": {"gamma": 7.85390412973879, "lr": 0.619992203320239}, "datetime": {"datetime": "2024-06-13 17:05:02", "elapsed": 5.078411, "delta": 0.004987}}
{"target": -1337.916551782372, "params": {"gamma": 6.152601693393037, "lr": 0.7012080919186323}, "datetime": {"datetime": "2024-06-13 17:05:02", "elapsed": 5.0824, "delta": 0.003989}}
{"target": -1845.0367994873643, "params": {"gamma": 9.871843637581678, "lr": 0.5623944559571782}, "datetime": {"datetime": "2024-06-13 17:05:02", "elapsed": 5.086389, "delta": 0.003989}}
{"target": -1455.822678624258, "params": {"gamma": 8.644298200721781, "lr": 0.4187086750571659}, "datetime": {"datetime": "2024-06-13 17:05:02", "elapsed": 5.091376, "delta": 0.004987}}
{"target": -1613.745714217168, "params": {"gamma": 6.545039042923117, "lr": 0.9252611878587662}, "datetime": {"datetime": "2024-06-13 17:05:02", "elapsed": 5.095366, "delta": 0.00399}}
{"target": -1031.3528549361604, "params": {"gamma": 6.64184400562511, "lr": 0.3030806759430662}, "datetime": {"datetime": "2024-06-13 17:05:02", "elapsed": 5.099355, "delta": 0.003989}}
{"target": -957.6163866351351, "params": {"gamma": 6.199836992922438, "lr": 0.35131832035819255}, "datetime": {"datetime": "2024-06-13 17:05:02", "elapsed": 5.104342, "delta": 0.004987}}
{"target": -653.8590079108029, "params": {"gamma": 3.224344384669061, "lr": 0.6102050587463702}, "datetime": {"datetime": "2024-06-13 17:05:02", "elapsed": 5.10833, "delta": 0.003988}}
{"target": -299.2113154559827, "params": {"gamma": 1.6040719966518822, "lr": 0.4867389357577533}, "datetime": {"datetime": "2024-06-13 17:05:02", "elapsed": 5.112321, "delta": 0.003991}}
{"target": -1464.3465155747965, "params": {"gamma": 9.456397215578926, "lr": 0.38391424197853796}, "datetime": {"datetime": "2024-06-13 17:05:02", "elapsed": 5.117307, "delta": 0.004986}}
{"target": -342.8929500109599, "params": {"gamma": 1.8904369698648686, "lr": 0.468838949642181}, "datetime": {"datetime": "2024-06-13 17:05:02", "elapsed": 5.121296, "delta": 0.003989}}
{"target": -1935.4124851574618, "params": {"gamma": 8.409237406703872, "lr": 0.8426677225950326}, "datetime": {"datetime": "2024-06-13 17:05:02", "elapsed": 5.126283, "delta": 0.004987}}
{"target": -3197.669322104543, "params": {"gamma": 8.278204591352763, "lr": 0.011475512605813365}, "datetime": {"datetime": "2024-06-13 17:05:02", "elapsed": 5.130272, "delta": 0.003989}}
{"target": -670.5604822463215, "params": {"gamma": 2.6711360589730235, "lr": 0.9998757875742624}, "datetime": {"datetime": "2024-06-13 17:05:02", "elapsed": 5.134261, "delta": 0.003989}}
{"target": -240.01122654668174, "params": {"gamma": 1.1977130886476726, "lr": 0.4900894960876333}, "datetime": {"datetime": "2024-06-13 17:05:02", "elapsed": 5.138251, "delta": 0.00399}}
{"target": -2419.571000188532, "params": {"gamma": 7.900471479876251, "lr": 0.12221391009385618}, "datetime": {"datetime": "2024-06-13 17:05:02", "elapsed": 5.143237, "delta": 0.004986}}
{"target": -1112.105637097361, "params": {"gamma": 6.624429397731788, "lr": 0.4880804455213241}, "datetime": {"datetime": "2024-06-13 17:05:02", "elapsed": 5.147227, "delta": 0.00399}}
{"target": -474.0379901994057, "params": {"gamma": 1.9437055308797813, "lr": 0.8786300265827204}, "datetime": {"datetime": "2024-06-13 17:05:02", "elapsed": 5.151216, "delta": 0.003989}}
{"target": -382.1459256676634, "params": {"gamma": 1.8156924881797458, "lr": 0.6390528592947753}, "datetime": {"datetime": "2024-06-13 17:05:02", "elapsed": 5.156202, "delta": 0.004986}}
{"target": -1389.4149465633843, "params": {"gamma": 7.4085279551010945, "lr": 0.5626728865932282}, "datetime": {"datetime": "2024-06-13 17:05:02", "elapsed": 5.160192, "delta": 0.00399}}
{"target": -1928.8714398804068, "params": {"gamma": 6.288786844403314, "lr": 0.11896539662200445}, "datetime": {"datetime": "2024-06-13 17:05:02", "elapsed": 5.164181, "delta": 0.003989}}
{"target": -593.3156908094635, "params": {"gamma": 3.0810618335582585, "lr": 0.5869622072296792}, "datetime": {"datetime": "2024-06-13 17:05:02", "elapsed": 5.169168, "delta": 0.004987}}
{"target": -797.1518465464833, "params": {"gamma": 3.955241699358807, "lr": 0.6639460814328006}, "datetime": {"datetime": "2024-06-13 17:05:02", "elapsed": 5.173158, "delta": 0.00399}}
{"target": -1654.405746312843, "params": {"gamma": 8.519694493398179, "lr": 0.19022208931218354}, "datetime": {"datetime": "2024-06-13 17:05:02", "elapsed": 5.177147, "delta": 0.003989}}
{"target": -1399.7679225716258, "params": {"gamma": 9.032823736002479, "lr": 0.38317585043109326}, "datetime": {"datetime": "2024-06-13 17:05:02", "elapsed": 5.181136, "delta": 0.003989}}
{"target": -1877.2769062236928, "params": {"gamma": 9.431300182951817, "lr": 0.6173823130249652}, "datetime": {"datetime": "2024-06-13 17:05:02", "elapsed": 5.186123, "delta": 0.004987}}
{"target": -1466.1041336289484, "params": {"gamma": 7.901165115937855, "lr": 0.514775428373226}, "datetime": {"datetime": "2024-06-13 17:05:02", "elapsed": 5.190112, "delta": 0.003989}}
{"target": -830.1167089379381, "params": {"gamma": 5.311915799238696, "lr": 0.3275938987659719}, "datetime": {"datetime": "2024-06-13 17:05:02", "elapsed": 5.194103, "delta": 0.003991}}
{"target": -239.65935811868002, "params": {"gamma": 1.2945177075663274, "lr": 0.3838219118604237}, "datetime": {"datetime": "2024-06-13 17:05:02", "elapsed": 5.198091, "delta": 0.003988}}
{"target": -865.6768954863709, "params": {"gamma": 2.1505498314359848, "lr": 0.03286525588191658}, "datetime": {"datetime": "2024-06-13 17:05:02", "elapsed": 5.203078, "delta": 0.004987}}
{"target": -590.5837305179099, "params": {"gamma": 2.7495934114227696, "lr": 0.18057605266685695}, "datetime": {"datetime": "2024-06-13 17:05:02", "elapsed": 5.207067, "delta": 0.003989}}
{"target": -3379.489357710865, "params": {"gamma": 8.75542762006619, "lr": 0.08123656243140498}, "datetime": {"datetime": "2024-06-13 17:05:02", "elapsed": 5.211056, "delta": 0.003989}}
{"target": -419.91634971477134, "params": {"gamma": 1.8397720952197505, "lr": 0.7040306955363342}, "datetime": {"datetime": "2024-06-13 17:05:02", "elapsed": 5.216043, "delta": 0.004987}}
{"target": -1413.4694995777184, "params": {"gamma": 9.192339684311714, "lr": 0.2514584522319341}, "datetime": {"datetime": "2024-06-13 17:05:02", "elapsed": 5.220032, "delta": 0.003989}}
{"target": -143.53306421268442, "params": {"gamma": 0.21399001348235436, "lr": 0.9605044727550998}, "datetime": {"datetime": "2024-06-13 17:05:02", "elapsed": 5.224022, "delta": 0.00399}}
{"target": -1058.7079487510514, "params": {"gamma": 6.8225241840990325, "lr": 0.3106626960638559}, "datetime": {"datetime": "2024-06-13 17:05:02", "elapsed": 5.228011, "delta": 0.003989}}
{"target": -896.7947123417539, "params": {"gamma": 4.724262048710183, "lr": 0.5992558738787634}, "datetime": {"datetime": "2024-06-13 17:05:02", "elapsed": 5.232998, "delta": 0.004987}}
{"target": -884.5643108136677, "params": {"gamma": 3.7393118520813564, "lr": 0.874487796621177}, "datetime": {"datetime": "2024-06-13 17:05:02", "elapsed": 5.236987, "delta": 0.003989}}
{"target": -1788.9377791595748, "params": {"gamma": 7.261999710487967, "lr": 0.9543407046242112}, "datetime": {"datetime": "2024-06-13 17:05:02", "elapsed": 5.241973, "delta": 0.004986}}
{"target": -873.9291943085557, "params": {"gamma": 3.5113041629592687, "lr": 0.9371740887217811}, "datetime": {"datetime": "2024-06-13 17:05:02", "elapsed": 5.245963, "delta": 0.00399}}
{"target": -962.0155143630411, "params": {"gamma": 4.791526641683215, "lr": 0.6423226386484714}, "datetime": {"datetime": "2024-06-13 17:05:02", "elapsed": 5.250949, "delta": 0.004986}}
{"target": -1650.120231433856, "params": {"gamma": 7.36673540034412, "lr": 0.8093379690056801}, "datetime": {"datetime": "2024-06-13 17:05:02", "elapsed": 5.254939, "delta": 0.00399}}
{"target": -681.5221304076953, "params": {"gamma": 3.963197413459656, "lr": 0.44794597851477114}, "datetime": {"datetime": "2024-06-13 17:05:02", "elapsed": 5.258928, "delta": 0.003989}}
{"target": -1754.8003602842393, "params": {"gamma": 8.172952984101395, "lr": 0.7175572030909549}, "datetime": {"datetime": "2024-06-13 17:05:02", "elapsed": 5.263915, "delta": 0.004987}}
{"target": -2313.6267234010506, "params": {"gamma": 9.408551244537064, "lr": 0.9795978714178412}, "datetime": {"datetime": "2024-06-13 17:05:02", "elapsed": 5.267904, "delta": 0.003989}}
{"target": -333.0412258182263, "params": {"gamma": 1.7899544503221003, "lr": 0.2279194118127552}, "datetime": {"datetime": "2024-06-13 17:05:02", "elapsed": 5.272891, "delta": 0.004987}}
{"target": -1576.0982765684969, "params": {"gamma": 7.16014848634319, "lr": 0.7473827346542434}, "datetime": {"datetime": "2024-06-13 17:05:02", "elapsed": 5.27688, "delta": 0.003989}}
{"target": -1419.6040159318545, "params": {"gamma": 6.032192362771022, "lr": 0.8772997642215113}, "datetime": {"datetime": "2024-06-13 17:05:02", "elapsed": 5.280869, "delta": 0.003989}}
{"target": -409.0794895954289, "params": {"gamma": 2.5206526306452743, "lr": 0.3394873942967924}, "datetime": {"datetime": "2024-06-13 17:05:02", "elapsed": 5.284859, "delta": 0.00399}}
{"target": -774.9582336861145, "params": {"gamma": 4.946973834220983, "lr": 0.31502708896856757}, "datetime": {"datetime": "2024-06-13 17:05:02", "elapsed": 5.289845, "delta": 0.004986}}
{"target": -1177.4518921320935, "params": {"gamma": 5.454845454328703, "lr": 0.6824780792979444}, "datetime": {"datetime": "2024-06-13 17:05:02", "elapsed": 5.293835, "delta": 0.00399}}
{"target": -391.9098007742071, "params": {"gamma": 2.2044486446357947, "lr": 0.48533745396838057}, "datetime": {"datetime": "2024-06-13 17:05:02", "elapsed": 5.297824, "delta": 0.003989}}
{"target": -1529.3439798328754, "params": {"gamma": 9.929820595017146, "lr": 0.3241613031812349}, "datetime": {"datetime": "2024-06-13 17:05:02", "elapsed": 5.302811, "delta": 0.004987}}
{"target": -152.96315754993253, "params": {"gamma": 0.35458383299364826, "lr": 0.8173517292840132}, "datetime": {"datetime": "2024-06-13 17:05:02", "elapsed": 5.3068, "delta": 0.003989}}
{"target": -1961.5895332666387, "params": {"gamma": 5.033564529213024, "lr": 0.052783856118570505}, "datetime": {"datetime": "2024-06-13 17:05:02", "elapsed": 5.31079, "delta": 0.00399}}
{"target": -1498.7837551865284, "params": {"gamma": 8.903159967215188, "lr": 0.4045143799803578}, "datetime": {"datetime": "2024-06-13 17:05:02", "elapsed": 5.316774, "delta": 0.005984}}
{"target": -1563.452007585786, "params": {"gamma": 9.292802548221829, "lr": 0.40207817380056154}, "datetime": {"datetime": "2024-06-13 17:05:02", "elapsed": 5.323755, "delta": 0.006981}}
{"target": -188.27605335579602, "params": {"gamma": 0.7692460154620339, "lr": 0.2453011441199927}, "datetime": {"datetime": "2024-06-13 17:05:02", "elapsed": 5.328742, "delta": 0.004987}}
{"target": -771.639262732525, "params": {"gamma": 3.503254796566321, "lr": 0.7507282923552251}, "datetime": {"datetime": "2024-06-13 17:05:02", "elapsed": 5.333728, "delta": 0.004986}}
{"target": -338.12767433551244, "params": {"gamma": 1.8482967753404873, "lr": 0.4309736537258744}, "datetime": {"datetime": "2024-06-13 17:05:02", "elapsed": 5.338715, "delta": 0.004987}}
{"target": -1618.2198819101845, "params": {"gamma": 8.732580952739871, "lr": 0.5337610913727832}, "datetime": {"datetime": "2024-06-13 17:05:02", "elapsed": 5.342704, "delta": 0.003989}}
{"target": -447.28519016735873, "params": {"gamma": 1.0324440427708175, "lr": 0.024522487054632225}, "datetime": {"datetime": "2024-06-13 17:05:02", "elapsed": 5.346694, "delta": 0.00399}}
{"target": -1739.180965697115, "params": {"gamma": 7.058392201809326, "lr": 0.979127490958217}, "datetime": {"datetime": "2024-06-13 17:05:02", "elapsed": 5.35168, "delta": 0.004986}}
{"target": -1703.0112713150663, "params": {"gamma": 7.851867464260117, "lr": 0.7647261968454175}, "datetime": {"datetime": "2024-06-13 17:05:02", "elapsed": 5.356667, "delta": 0.004987}}
{"target": -1477.8899611607837, "params": {"gamma": 6.754799709264521, "lr": 0.7955027102986651}, "datetime": {"datetime": "2024-06-13 17:05:02", "elapsed": 5.360656, "delta": 0.003989}}
{"target": -146.35668861072847, "params": {"gamma": 0.40113783894076427, "lr": 0.264681631716854}, "datetime": {"datetime": "2024-06-13 17:05:02", "elapsed": 5.365643, "delta": 0.004987}}
{"target": -1630.8341641119287, "params": {"gamma": 6.9542799621795535, "lr": 0.8669883296077439}, "datetime": {"datetime": "2024-06-13 17:05:02", "elapsed": 5.369632, "delta": 0.003989}}
{"target": -1410.611738195343, "params": {"gamma": 6.746394111296426, "lr": 0.17627612798343162}, "datetime": {"datetime": "2024-06-13 17:05:02", "elapsed": 5.373621, "delta": 0.003989}}
{"target": -2228.990122595106, "params": {"gamma": 9.363148290996985, "lr": 0.9033787001108529}, "datetime": {"datetime": "2024-06-13 17:05:02", "elapsed": 5.378548, "delta": 0.004927}}
{"target": -218.07148544635743, "params": {"gamma": 0.8677009826349238, "lr": 0.193000037574253}, "datetime": {"datetime": "2024-06-13 17:05:02", "elapsed": 5.382533, "delta": 0.003985}}
{"target": -619.7939127774358, "params": {"gamma": 2.7526551130746566, "lr": 0.7384118706046068}, "datetime": {"datetime": "2024-06-13 17:05:02", "elapsed": 5.386522, "delta": 0.003989}}
{"target": -1615.8512963211922, "params": {"gamma": 8.59387390968027, "lr": 0.5783223874515512}, "datetime": {"datetime": "2024-06-13 17:05:02", "elapsed": 5.391509, "delta": 0.004987}}
{"target": -361.7125305457131, "params": {"gamma": 1.9972560609459706, "lr": 0.41508988762136245}, "datetime": {"datetime": "2024-06-13 17:05:02", "elapsed": 5.395499, "delta": 0.00399}}
{"target": -364.01811023935244, "params": {"gamma": 1.3794541434408072, "lr": 0.9173961868584244}, "datetime": {"datetime": "2024-06-13 17:05:02", "elapsed": 5.399488, "delta": 0.003989}}
{"target": -1419.3398311044227, "params": {"gamma": 7.645544873164326, "lr": 0.5102138338060775}, "datetime": {"datetime": "2024-06-13 17:05:02", "elapsed": 5.404475, "delta": 0.004987}}
{"target": -1613.8273974808637, "params": {"gamma": 4.536296856665209, "lr": 0.0978420783455699}, "datetime": {"datetime": "2024-06-13 17:05:02", "elapsed": 5.408464, "delta": 0.003989}}
{"target": -986.1314242051483, "params": {"gamma": 3.1874348876469725, "lr": 0.12063279535739646}, "datetime": {"datetime": "2024-06-13 17:05:02", "elapsed": 5.413075, "delta": 0.004611}}
{"target": -1451.9134755598084, "params": {"gamma": 7.823598295559239, "lr": 0.5448837066761946}, "datetime": {"datetime": "2024-06-13 17:05:02", "elapsed": 5.417064, "delta": 0.003989}}
{"target": -409.3841202904048, "params": {"gamma": 2.2735465367701733, "lr": 0.22420283925593631}, "datetime": {"datetime": "2024-06-13 17:05:02", "elapsed": 5.422051, "delta": 0.004987}}
{"target": -423.6274603851823, "params": {"gamma": 2.6047215769603396, "lr": 0.308872752316256}, "datetime": {"datetime": "2024-06-13 17:05:02", "elapsed": 5.42604, "delta": 0.003989}}
{"target": -622.7208596783424, "params": {"gamma": 3.8776636126823174, "lr": 0.29754893237723723}, "datetime": {"datetime": "2024-06-13 17:05:02", "elapsed": 5.43003, "delta": 0.00399}}
{"target": -2632.920880725495, "params": {"gamma": 6.795879389436971, "lr": 0.03507361930507891}, "datetime": {"datetime": "2024-06-13 17:05:02", "elapsed": 5.435017, "delta": 0.004987}}
{"target": -733.9011488361034, "params": {"gamma": 3.2817750389987497, "lr": 0.7452918728580155}, "datetime": {"datetime": "2024-06-13 17:05:02", "elapsed": 5.439006, "delta": 0.003989}}
{"target": -2107.6502966103776, "params": {"gamma": 9.428137042767773, "lr": 0.8027325501575512}, "datetime": {"datetime": "2024-06-13 17:05:02", "elapsed": 5.443992, "delta": 0.004986}}
{"target": -431.1231452735152, "params": {"gamma": 2.4090212695059683, "lr": 0.2329154683838317}, "datetime": {"datetime": "2024-06-13 17:05:02", "elapsed": 5.447982, "delta": 0.00399}}
{"target": -465.12247017907004, "params": {"gamma": 1.904177610377174, "lr": 0.8824975348586093}, "datetime": {"datetime": "2024-06-13 17:05:02", "elapsed": 5.452968, "delta": 0.004986}}
{"target": -533.1789641058652, "params": {"gamma": 2.3793190167249576, "lr": 0.7581806234131274}, "datetime": {"datetime": "2024-06-13 17:05:02", "elapsed": 5.456957, "delta": 0.003989}}
{"target": -1040.1597279955854, "params": {"gamma": 2.611236264315461, "lr": 0.03308184340751563}, "datetime": {"datetime": "2024-06-13 17:05:02", "elapsed": 5.461945, "delta": 0.004988}}
{"target": -1576.7017772770191, "params": {"gamma": 7.334743552987591, "lr": 0.7262018097952009}, "datetime": {"datetime": "2024-06-13 17:05:02", "elapsed": 5.465934, "delta": 0.003989}}
{"target": -188.3294799612311, "params": {"gamma": 0.8905021504995737, "lr": 0.3267012579296016}, "datetime": {"datetime": "2024-06-13 17:05:02", "elapsed": 5.469923, "delta": 0.003989}}
{"target": -2074.712945695969, "params": {"gamma": 9.483704536600037, "lr": 0.16294899858218448}, "datetime": {"datetime": "2024-06-13 17:05:02", "elapsed": 5.47491, "delta": 0.004987}}
{"target": -208.43731235321457, "params": {"gamma": 0.8676380540564483, "lr": 0.5946038881116259}, "datetime": {"datetime": "2024-06-13 17:05:02", "elapsed": 5.478899, "delta": 0.003989}}
{"target": -2321.550206458081, "params": {"gamma": 9.309967663594373, "lr": 0.1337783077430914}, "datetime": {"datetime": "2024-06-13 17:05:02", "elapsed": 5.482888, "delta": 0.003989}}
{"target": -1108.6311937656715, "params": {"gamma": 5.130609924306518, "lr": 0.6839992141169576}, "datetime": {"datetime": "2024-06-13 17:05:02", "elapsed": 5.486878, "delta": 0.00399}}
{"target": -702.9640247370248, "params": {"gamma": 1.7191257663086643, "lr": 0.011259893492189477}, "datetime": {"datetime": "2024-06-13 17:05:02", "elapsed": 5.491864, "delta": 0.004986}}
{"target": -3425.7865919751766, "params": {"gamma": 8.876943621666769, "lr": 0.035231270653359514}, "datetime": {"datetime": "2024-06-13 17:05:02", "elapsed": 5.495854, "delta": 0.00399}}
{"target": -527.3153619205181, "params": {"gamma": 2.575325379792938, "lr": 0.6516840317406685}, "datetime": {"datetime": "2024-06-13 17:05:02", "elapsed": 5.499843, "delta": 0.003989}}
