{"target": -228.32020565636782, "params": {"p_ai": 9.371581875455856, "p_al": 2.3508042096415482, "p_ex": 7.173131504668459, "prior": 0.4404809544682865, "rate": 3.036942440429322}, "datetime": {"datetime": "2024-06-12 22:28:18", "elapsed": 212.877256, "delta": 0.113206}}
{"target": -167.84609549405567, "params": {"p_ai": 4.8310017836709145, "p_al": 3.644838951583288, "p_ex": 1.9855339344892702, "prior": 6.987144597858653, "rate": 9.253095850988169}, "datetime": {"datetime": "2024-06-12 22:28:18", "elapsed": 212.991651, "delta": 0.114395}}
{"target": -132.93207015979345, "params": {"p_ai": 0.9994800071896959, "p_al": 2.302146241513983, "p_ex": 2.849180340028503, "prior": 6.6800625926414545, "rate": 3.866783199329621}, "datetime": {"datetime": "2024-06-12 22:28:18", "elapsed": 213.105347, "delta": 0.113696}}
{"target": -198.87344990992847, "params": {"p_ai": 7.6562105910740685, "p_al": 0.9573677553367381, "p_ex": 4.602344211627279, "prior": 2.9268592456242746, "rate": 5.1346429831113305}, "datetime": {"datetime": "2024-06-12 22:28:18", "elapsed": 213.219044, "delta": 0.113697}}
{"target": -118.11359943875938, "params": {"p_ai": 1.358318540902578, "p_al": 4.460527512339592, "p_ex": 5.164363125399383, "prior": 3.442718612238544, "rate": 5.546962687912887}, "datetime": {"datetime": "2024-06-12 22:28:18", "elapsed": 213.33274, "delta": 0.113696}}
{"target": -208.80249984086353, "params": {"p_ai": 7.143193457138365, "p_al": 6.6391352779985064, "p_ex": 3.5573604088930924, "prior": 0.7667124991441476, "rate": 8.33688654222292}, "datetime": {"datetime": "2024-06-12 22:28:18", "elapsed": 213.446436, "delta": 0.113696}}
{"target": -274.05332530846516, "params": {"p_ai": 9.262519396206374, "p_al": 2.342397665262998, "p_ex": 0.016235863133468375, "prior": 4.796890155913763, "rate": 6.153802061312725}, "datetime": {"datetime": "2024-06-12 22:28:19", "elapsed": 213.560132, "delta": 0.113696}}
{"target": -169.3048113817361, "params": {"p_ai": 6.528810886094876, "p_al": 6.035992321926878, "p_ex": 6.786976733212628, "prior": 7.332718450648246, "rate": 8.434264878500423}, "datetime": {"datetime": "2024-06-12 22:28:19", "elapsed": 213.673405, "delta": 0.113273}}
{"target": -142.6621329875404, "params": {"p_ai": 5.751636056415177, "p_al": 0.3342193504114132, "p_ex": 9.326432692222614, "prior": 4.172868879497032, "rate": 4.672617279678853}, "datetime": {"datetime": "2024-06-12 22:28:19", "elapsed": 213.787101, "delta": 0.113696}}
{"target": -160.06927501399468, "params": {"p_ai": 6.191020124914681, "p_al": 2.7652990433810527, "p_ex": 9.094310930273682, "prior": 6.579376577046878, "rate": 1.335769006689386}, "datetime": {"datetime": "2024-06-12 22:28:19", "elapsed": 213.900828, "delta": 0.113727}}
{"target": -147.94994129915295, "params": {"p_ai": 3.735756407129941, "p_al": 2.133213359637376, "p_ex": 4.433811854596573, "prior": 2.063523910296588, "rate": 0.9800510293910022}, "datetime": {"datetime": "2024-06-12 22:28:19", "elapsed": 214.013655, "delta": 0.112827}}
{"target": -156.62431506830245, "params": {"p_ai": 3.205278298461178, "p_al": 1.345699436872602, "p_ex": 0.351215070109687, "prior": 4.984437931401855, "rate": 6.046721227106048}, "datetime": {"datetime": "2024-06-12 22:28:19", "elapsed": 214.127856, "delta": 0.114201}}
{"target": -121.76389007030181, "params": {"p_ai": 1.9655098381327298, "p_al": 3.50590068321703, "p_ex": 4.53618988575595, "prior": 2.529128270705221, "rate": 3.380951687634526}, "datetime": {"datetime": "2024-06-12 22:28:19", "elapsed": 214.240555, "delta": 0.112699}}
{"target": -141.9064583953311, "params": {"p_ai": 2.6092045014035166, "p_al": 6.626499466487988, "p_ex": 3.8949639409484886, "prior": 4.658404582768081, "rate": 2.59049498310502}, "datetime": {"datetime": "2024-06-12 22:28:19", "elapsed": 214.354254, "delta": 0.113699}}
{"target": -169.44311880792148, "params": {"p_ai": 5.789364895032299, "p_al": 4.157123156697752, "p_ex": 4.572376709276866, "prior": 2.0964281602528154, "rate": 5.117392235543662}, "datetime": {"datetime": "2024-06-12 22:28:19", "elapsed": 214.46795, "delta": 0.113696}}
{"target": -145.86887868769682, "params": {"p_ai": 4.210910739976361, "p_al": 5.382094417316383, "p_ex": 5.155764332257101, "prior": 7.123449429744482, "rate": 3.454964521457407}, "datetime": {"datetime": "2024-06-12 22:28:20", "elapsed": 214.581155, "delta": 0.113205}}
{"target": -126.78757741505264, "params": {"p_ai": 2.2931827515641436, "p_al": 9.189542918200015, "p_ex": 3.9414414192874383, "prior": 8.151637524869336, "rate": 8.805022160226608}, "datetime": {"datetime": "2024-06-12 22:28:20", "elapsed": 214.693854, "delta": 0.112699}}
{"target": -166.14015769404944, "params": {"p_ai": 6.519273078273664, "p_al": 7.674987535528136, "p_ex": 8.975433780197474, "prior": 4.985360996917634, "rate": 4.21816112291727}, "datetime": {"datetime": "2024-06-12 22:28:20", "elapsed": 214.807595, "delta": 0.113741}}
{"target": -241.57919703180042, "params": {"p_ai": 7.285694043946162, "p_al": 5.784859461247112, "p_ex": 0.7020548163678142, "prior": 8.070796085153564, "rate": 2.0212435104253297}, "datetime": {"datetime": "2024-06-12 22:28:20", "elapsed": 214.92083, "delta": 0.113235}}
{"target": -113.08951465410694, "params": {"p_ai": 2.1508720684393, "p_al": 8.743025188211874, "p_ex": 8.102518908881354, "prior": 7.871767281004917, "rate": 9.784790514439791}, "datetime": {"datetime": "2024-06-12 22:28:20", "elapsed": 215.03398, "delta": 0.11315}}
{"target": -230.82980916103443, "params": {"p_ai": 9.357524229079237, "p_al": 1.2940300412025754, "p_ex": 4.683039243930658, "prior": 3.042344666650908, "rate": 8.904985985717063}, "datetime": {"datetime": "2024-06-12 22:28:20", "elapsed": 215.150669, "delta": 0.116689}}
{"target": -129.67389994934703, "params": {"p_ai": 1.3739923924996749, "p_al": 0.48067656559418387, "p_ex": 9.774627317478625, "prior": 5.649060566233409, "rate": 2.849552957820775}, "datetime": {"datetime": "2024-06-12 22:28:20", "elapsed": 215.263367, "delta": 0.112698}}
{"target": -120.360862102016, "params": {"p_ai": 3.318719730075621, "p_al": 1.3846937437864795, "p_ex": 9.912674284735528, "prior": 8.707272454980922, "rate": 2.4172314834019453}, "datetime": {"datetime": "2024-06-12 22:28:20", "elapsed": 215.377063, "delta": 0.113696}}
{"target": -128.07170024462778, "params": {"p_ai": 3.325069900137527, "p_al": 1.65498168172433, "p_ex": 5.130820869824733, "prior": 9.797205555727889, "rate": 5.963172963914687}, "datetime": {"datetime": "2024-06-12 22:28:20", "elapsed": 215.489762, "delta": 0.112699}}
{"target": -220.73597694086055, "params": {"p_ai": 6.6449548260810465, "p_al": 6.712068693529449, "p_ex": 1.911991019045263, "prior": 2.409604742830703, "rate": 5.0096121267023355}, "datetime": {"datetime": "2024-06-12 22:28:21", "elapsed": 215.603458, "delta": 0.113696}}
{"target": -133.87569644370532, "params": {"p_ai": 4.669993169085791, "p_al": 3.241618802545425, "p_ex": 7.200616627397563, "prior": 2.7603972166988378, "rate": 8.955953644994121}, "datetime": {"datetime": "2024-06-12 22:28:21", "elapsed": 215.717154, "delta": 0.113696}}
{"target": -163.9371895124294, "params": {"p_ai": 1.2282998236556748, "p_al": 9.216407877116538, "p_ex": 1.03606386651808, "prior": 1.9306266363481848, "rate": 4.523999081153517}, "datetime": {"datetime": "2024-06-12 22:28:21", "elapsed": 215.829853, "delta": 0.112699}}
{"target": -251.38020417312464, "params": {"p_ai": 8.823606472437586, "p_al": 3.0759972260702058, "p_ex": 6.574586452950764, "prior": 3.389996508078041, "rate": 0.16236839486127655}, "datetime": {"datetime": "2024-06-12 22:28:21", "elapsed": 215.943192, "delta": 0.113339}}
{"target": -194.98364169583596, "params": {"p_ai": 6.244663189633926, "p_al": 2.3814540024306106, "p_ex": 1.9461666065538248, "prior": 8.088718911721868, "rate": 6.173886159941831}, "datetime": {"datetime": "2024-06-12 22:28:21", "elapsed": 216.05653, "delta": 0.113338}}
{"target": -242.03799055124395, "params": {"p_ai": 7.954580786861178, "p_al": 2.6541820806830834, "p_ex": 0.472724809441966, "prior": 8.53466944259079, "rate": 7.643530081357011}, "datetime": {"datetime": "2024-06-12 22:28:21", "elapsed": 216.170225, "delta": 0.113695}}
{"target": -137.5705656303751, "params": {"p_ai": 0.04600092811038332, "p_al": 6.998787795565987, "p_ex": 2.4173561208956085, "prior": 3.597382740540309, "rate": 7.807647124553472}, "datetime": {"datetime": "2024-06-12 22:28:21", "elapsed": 216.282926, "delta": 0.112701}}
{"target": -244.4155674163528, "params": {"p_ai": 9.86517804059674, "p_al": 2.4563841824271306, "p_ex": 4.675528614457568, "prior": 4.003953125442614, "rate": 5.583047951545892}, "datetime": {"datetime": "2024-06-12 22:28:21", "elapsed": 216.396646, "delta": 0.11372}}
{"target": -168.60173498904226, "params": {"p_ai": 5.293116937019591, "p_al": 6.580610506722293, "p_ex": 4.9677971345550285, "prior": 6.854154820690401, "rate": 3.1292609440339083}, "datetime": {"datetime": "2024-06-12 22:28:21", "elapsed": 216.510018, "delta": 0.113372}}
{"target": -318.6594910998406, "params": {"p_ai": 2.144550241074914, "p_al": 9.071862729316408, "p_ex": 5.576470548836427, "prior": 0.2911437618879527, "rate": 1.2205386305587063}, "datetime": {"datetime": "2024-06-12 22:28:22", "elapsed": 216.622717, "delta": 0.112699}}
{"target": -173.38730387662184, "params": {"p_ai": 6.814301578299707, "p_al": 8.087294770067228, "p_ex": 8.234982814168754, "prior": 4.33152015672816, "rate": 5.804720928438853}, "datetime": {"datetime": "2024-06-12 22:28:22", "elapsed": 216.736417, "delta": 0.1137}}
{"target": -194.5207169615202, "params": {"p_ai": 8.075836711183172, "p_al": 9.575877062312697, "p_ex": 8.797628214779126, "prior": 3.8857195541901555, "rate": 9.61487729711488}, "datetime": {"datetime": "2024-06-12 22:28:22", "elapsed": 216.850119, "delta": 0.113702}}
{"target": -121.1544665341459, "params": {"p_ai": 1.371343819883932, "p_al": 9.08747589789655, "p_ex": 5.213594276828904, "prior": 7.149162469428894, "rate": 7.846922750186959}, "datetime": {"datetime": "2024-06-12 22:28:22", "elapsed": 216.964402, "delta": 0.114283}}
{"target": -160.86631629699954, "params": {"p_ai": 3.3474678803751616, "p_al": 8.776975629787078, "p_ex": 2.5808522025136105, "prior": 0.83666265678653, "rate": 7.593948195149002}, "datetime": {"datetime": "2024-06-12 22:28:22", "elapsed": 217.089178, "delta": 0.124776}}
{"target": -274.65891623322676, "params": {"p_ai": 8.95092837417597, "p_al": 9.264551677562867, "p_ex": 3.7413412629632474, "prior": 3.415268176059033, "rate": 2.5576120050528046}, "datetime": {"datetime": "2024-06-12 22:28:22", "elapsed": 217.20786, "delta": 0.118682}}
{"target": -201.5429570536638, "params": {"p_ai": 4.708453993935255, "p_al": 9.671773539413003, "p_ex": 4.989160667334907, "prior": 2.3915018485082684, "rate": 2.079940128729959}, "datetime": {"datetime": "2024-06-12 22:28:22", "elapsed": 217.321625, "delta": 0.113765}}
{"target": -223.88641967856043, "params": {"p_ai": 9.267164088336514, "p_al": 6.879645509464755, "p_ex": 7.048112442802709, "prior": 5.889378773110729, "rate": 6.1876438425471845}, "datetime": {"datetime": "2024-06-12 22:28:22", "elapsed": 217.434323, "delta": 0.112698}}
{"target": -142.02609323750158, "params": {"p_ai": 0.4609310094392283, "p_al": 3.562257950280492, "p_ex": 0.7985109091827932, "prior": 3.258387412465708, "rate": 7.1059762053863995}, "datetime": {"datetime": "2024-06-12 22:28:22", "elapsed": 217.54802, "delta": 0.113697}}
{"target": -265.23151252623126, "params": {"p_ai": 0.7257040600535904, "p_al": 8.990183690119414, "p_ex": 3.5437477900667638, "prior": 0.8986519230958506, "rate": 1.0056681597844719}, "datetime": {"datetime": "2024-06-12 22:28:23", "elapsed": 217.661745, "delta": 0.113725}}
{"target": -125.64074639995981, "params": {"p_ai": 1.4705867983363237, "p_al": 7.048346327370851, "p_ex": 9.43145928351281, "prior": 7.605646111189302, "rate": 3.9226853739576355}, "datetime": {"datetime": "2024-06-12 22:28:23", "elapsed": 217.775412, "delta": 0.113667}}
{"target": -253.75068782490612, "params": {"p_ai": 7.678372885914446, "p_al": 8.359465444265473, "p_ex": 0.6157150873045676, "prior": 3.106160641600712, "rate": 7.423046238536325}, "datetime": {"datetime": "2024-06-12 22:28:23", "elapsed": 217.888625, "delta": 0.113213}}
{"target": -149.1735899062023, "params": {"p_ai": 2.6050085717251688, "p_al": 9.105379825933609, "p_ex": 2.4232546015906373, "prior": 7.872672760072909, "rate": 3.99003222258113}, "datetime": {"datetime": "2024-06-12 22:28:23", "elapsed": 218.002264, "delta": 0.113639}}
{"target": -222.1970661402743, "params": {"p_ai": 8.879709895547814, "p_al": 2.881998583476861, "p_ex": 5.764361978570896, "prior": 0.1547226888798665, "rate": 8.052070134855622}, "datetime": {"datetime": "2024-06-12 22:28:23", "elapsed": 218.138954, "delta": 0.13669}}
{"target": -132.89260999004676, "params": {"p_ai": 0.33660797646871526, "p_al": 6.40946215137833, "p_ex": 5.636914467179616, "prior": 9.284192361657906, "rate": 9.191217031886074}, "datetime": {"datetime": "2024-06-12 22:28:23", "elapsed": 218.263621, "delta": 0.124667}}
{"target": -121.55620819584696, "params": {"p_ai": 2.4895491973250445, "p_al": 2.655888130607594, "p_ex": 6.574608379561944, "prior": 2.823404858297573, "rate": 1.7590508186307083}, "datetime": {"datetime": "2024-06-12 22:28:23", "elapsed": 218.377829, "delta": 0.114208}}
{"target": -120.73557632026802, "params": {"p_ai": 1.7271278257277167, "p_al": 0.2796921341580634, "p_ex": 4.67140222508191, "prior": 4.886139370753203, "rate": 4.2376971216011015}, "datetime": {"datetime": "2024-06-12 22:28:23", "elapsed": 218.498022, "delta": 0.120193}}
{"target": -258.85869859741257, "params": {"p_ai": 9.883673534153298, "p_al": 6.435712304622834, "p_ex": 5.622975505044778, "prior": 0.8654799214045155, "rate": 4.524079090921107}, "datetime": {"datetime": "2024-06-12 22:28:24", "elapsed": 218.620694, "delta": 0.122672}}
{"target": -151.06680813098006, "params": {"p_ai": 0.6981670968888053, "p_al": 4.87207411892542, "p_ex": 0.15688767405900336, "prior": 1.4161247847363267, "rate": 6.18967416332968}, "datetime": {"datetime": "2024-06-12 22:28:24", "elapsed": 218.737382, "delta": 0.116688}}
{"target": -214.42094097648888, "params": {"p_ai": 6.761841567540195, "p_al": 6.037644365737643, "p_ex": 2.510495077291836, "prior": 0.6627915410597356, "rate": 6.773071964217088}, "datetime": {"datetime": "2024-06-12 22:28:24", "elapsed": 218.858059, "delta": 0.120677}}
{"target": -195.27237073131147, "params": {"p_ai": 7.683627944622056, "p_al": 1.193630873788052, "p_ex": 7.395875370552233, "prior": 7.732109943460374, "rate": 1.1006153943531465}, "datetime": {"datetime": "2024-06-12 22:28:24", "elapsed": 218.973874, "delta": 0.115815}}
{"target": -140.01502415799368, "params": {"p_ai": 4.865207615109933, "p_al": 0.058244204271695785, "p_ex": 6.259494576122178, "prior": 8.589985562318814, "rate": 8.601869196225135}, "datetime": {"datetime": "2024-06-12 22:28:24", "elapsed": 219.087808, "delta": 0.113934}}
{"target": -240.41610576076397, "params": {"p_ai": 9.372836835270283, "p_al": 7.838598966904821, "p_ex": 4.32095503171597, "prior": 7.740408081831658, "rate": 9.835569322189354}, "datetime": {"datetime": "2024-06-12 22:28:24", "elapsed": 219.201504, "delta": 0.113696}}
{"target": -132.88779118483, "params": {"p_ai": 3.6731485703528572, "p_al": 0.3599139619079784, "p_ex": 5.07790279342019, "prior": 3.5256412227906653, "rate": 1.7614437496880826}, "datetime": {"datetime": "2024-06-12 22:28:24", "elapsed": 219.344123, "delta": 0.142619}}
{"target": -221.628537189603, "params": {"p_ai": 9.343086501575788, "p_al": 1.1970610915354551, "p_ex": 6.5429530555272635, "prior": 1.6881259931486678, "rate": 7.964580244936878}, "datetime": {"datetime": "2024-06-12 22:28:24", "elapsed": 219.457546, "delta": 0.113423}}
{"target": -130.61441729909942, "params": {"p_ai": 2.581797390048383, "p_al": 6.980372818587215, "p_ex": 6.279309106625949, "prior": 7.1582611729380785, "rate": 2.509045645020982}, "datetime": {"datetime": "2024-06-12 22:28:25", "elapsed": 219.571242, "delta": 0.113696}}
{"target": -172.5895497899711, "params": {"p_ai": 5.040739675586524, "p_al": 3.4219991979294457, "p_ex": 1.8038144159290055, "prior": 4.755592956498562, "rate": 9.121320206261762}, "datetime": {"datetime": "2024-06-12 22:28:25", "elapsed": 219.683942, "delta": 0.1127}}
{"target": -169.98137489892355, "params": {"p_ai": 5.679851593329904, "p_al": 6.3092680345791186, "p_ex": 5.492947356708023, "prior": 0.45125465964832556, "rate": 8.686803585738467}, "datetime": {"datetime": "2024-06-12 22:28:25", "elapsed": 219.797307, "delta": 0.113365}}
{"target": -122.0344717549273, "params": {"p_ai": 1.2488091352044703, "p_al": 7.364341651650799, "p_ex": 4.518124677923766, "prior": 7.10303533404568, "rate": 8.611423430034481}, "datetime": {"datetime": "2024-06-12 22:28:25", "elapsed": 219.909942, "delta": 0.112635}}
{"target": -227.9043034875643, "params": {"p_ai": 6.966020702292478, "p_al": 8.539175558401974, "p_ex": 4.871212886985774, "prior": 0.918884195524545, "rate": 3.7865239272439655}, "datetime": {"datetime": "2024-06-12 22:28:25", "elapsed": 220.024111, "delta": 0.114169}}
{"target": -114.64828421438223, "params": {"p_ai": 1.9149858840908718, "p_al": 7.635396338424311, "p_ex": 6.954013909748106, "prior": 5.795719129348575, "rate": 7.688642700710957}, "datetime": {"datetime": "2024-06-12 22:28:25", "elapsed": 220.137348, "delta": 0.113237}}
{"target": -121.74751764553667, "params": {"p_ai": 3.694271653183792, "p_al": 3.6923996638210648, "p_ex": 7.002394412067741, "prior": 4.523578447246285, "rate": 8.119345489453556}, "datetime": {"datetime": "2024-06-12 22:28:25", "elapsed": 220.250048, "delta": 0.1127}}
{"target": -136.43312515938516, "params": {"p_ai": 1.5469574316809762, "p_al": 5.898974533155622, "p_ex": 3.736309787079538, "prior": 2.4715388646961878, "rate": 2.544044252328794}, "datetime": {"datetime": "2024-06-12 22:28:25", "elapsed": 220.363743, "delta": 0.113695}}
{"target": -219.224668206435, "params": {"p_ai": 7.437727992572913, "p_al": 3.2893167926474636, "p_ex": 2.279929885191457, "prior": 9.053660900901122, "rate": 4.163527066834268}, "datetime": {"datetime": "2024-06-12 22:28:25", "elapsed": 220.47744, "delta": 0.113697}}
{"target": -255.69804112281412, "params": {"p_ai": 5.344429334800736, "p_al": 3.721233388098805, "p_ex": 2.339332965914614, "prior": 1.0243329283321738, "rate": 0.552765917581405}, "datetime": {"datetime": "2024-06-12 22:28:26", "elapsed": 220.590138, "delta": 0.112698}}
{"target": -226.6227363682057, "params": {"p_ai": 8.728846271820581, "p_al": 1.7305261188770236, "p_ex": 5.389977736100399, "prior": 9.787262915137529, "rate": 1.6741303440042716}, "datetime": {"datetime": "2024-06-12 22:28:26", "elapsed": 220.703834, "delta": 0.113696}}
{"target": -211.63983681248402, "params": {"p_ai": 5.9580397526432485, "p_al": 7.513905802989992, "p_ex": 0.7997906390307579, "prior": 4.52781951549999, "rate": 7.918482157482571}, "datetime": {"datetime": "2024-06-12 22:28:26", "elapsed": 220.816533, "delta": 0.112699}}
{"target": -185.27044840297947, "params": {"p_ai": 7.218066620682272, "p_al": 6.785967564695583, "p_ex": 7.667126257505545, "prior": 5.821443127018461, "rate": 3.7495945385656966}, "datetime": {"datetime": "2024-06-12 22:28:26", "elapsed": 220.929849, "delta": 0.113316}}
{"target": -153.82889491196104, "params": {"p_ai": 4.471487619513789, "p_al": 2.8049829823986183, "p_ex": 3.3932177776488177, "prior": 8.801774626422448, "rate": 5.363962031098822}, "datetime": {"datetime": "2024-06-12 22:28:26", "elapsed": 221.045068, "delta": 0.115219}}
{"target": -127.50436242599584, "params": {"p_ai": 0.7383672180412829, "p_al": 6.72300831011704, "p_ex": 7.297835753188504, "prior": 3.9566998705923595, "rate": 3.4759925510493996}, "datetime": {"datetime": "2024-06-12 22:28:26", "elapsed": 221.16413, "delta": 0.119062}}
{"target": -130.5948733983885, "params": {"p_ai": 1.0762177778688427, "p_al": 5.466748475884789, "p_ex": 2.628961332513215, "prior": 9.180248732872576, "rate": 8.506602449242905}, "datetime": {"datetime": "2024-06-12 22:28:26", "elapsed": 221.284812, "delta": 0.120682}}
{"target": -159.57482625357784, "params": {"p_ai": 6.536425024163568, "p_al": 8.758501047052498, "p_ex": 9.689135799507397, "prior": 5.908278161390933, "rate": 9.801337037343496}, "datetime": {"datetime": "2024-06-12 22:28:26", "elapsed": 221.398222, "delta": 0.11341}}
{"target": -158.69578459092529, "params": {"p_ai": 5.493073404549781, "p_al": 2.936662168246929, "p_ex": 4.912876181602172, "prior": 4.051458022152253, "rate": 5.998158171162226}, "datetime": {"datetime": "2024-06-12 22:28:26", "elapsed": 221.511918, "delta": 0.113696}}
{"target": -157.38769243619296, "params": {"p_ai": 4.807494200542663, "p_al": 2.8677411327358473, "p_ex": 6.252256280872256, "prior": 8.054201911055628, "rate": 0.7883984302275981}, "datetime": {"datetime": "2024-06-12 22:28:27", "elapsed": 221.62462, "delta": 0.112702}}
{"target": -183.40050599161813, "params": {"p_ai": 4.236810197958907, "p_al": 6.450375344994171, "p_ex": 0.07383112556481046, "prior": 8.757015198397594, "rate": 6.94051629998809}, "datetime": {"datetime": "2024-06-12 22:28:27", "elapsed": 221.737823, "delta": 0.113203}}
{"target": -180.98978752794176, "params": {"p_ai": 7.4979379751671615, "p_al": 5.2334304933340325, "p_ex": 9.754692363709557, "prior": 1.5317071824174862, "rate": 9.558208085259503}, "datetime": {"datetime": "2024-06-12 22:28:27", "elapsed": 221.851058, "delta": 0.113235}}
{"target": -257.75091913487915, "params": {"p_ai": 9.955988636673547, "p_al": 0.7864557259570133, "p_ex": 3.3695073241418894, "prior": 9.927443443215722, "rate": 4.268180535075375}, "datetime": {"datetime": "2024-06-12 22:28:27", "elapsed": 221.966941, "delta": 0.115883}}
