{"target": -357.6531736943515, "params": {"gamma": 7.113433866846732, "prior": 5.583457649409001, "rate": 3.0458753612182816}, "datetime": {"datetime": "2024-06-14 06:59:05", "elapsed": 1.774013, "delta": 0.008978}}
{"target": -274.557816079904, "params": {"gamma": 8.348705622270353, "prior": 4.409528980532247, "rate": 9.234638694972633}, "datetime": {"datetime": "2024-06-14 06:59:05", "elapsed": 1.781991, "delta": 0.007978}}
{"target": -433.6109700006586, "params": {"gamma": 7.0608119915549965, "prior": 4.8325099488563055, "rate": 1.2629748273898376}, "datetime": {"datetime": "2024-06-14 06:59:05", "elapsed": 1.790969, "delta": 0.008978}}
{"target": -351.2713044369813, "params": {"gamma": 9.760459461127008, "prior": 1.6823531384065245, "rate": 2.026818650071406}, "datetime": {"datetime": "2024-06-14 06:59:05", "elapsed": 1.799945, "delta": 0.008976}}
{"target": -263.1377615085704, "params": {"gamma": 4.312386369848549, "prior": 4.101598867173958, "rate": 1.4683680561621768}, "datetime": {"datetime": "2024-06-14 06:59:05", "elapsed": 1.808963, "delta": 0.009018}}
{"target": -254.961847936708, "params": {"gamma": 7.293459874691873, "prior": 1.968576162084141, "rate": 6.439312547472317}, "datetime": {"datetime": "2024-06-14 06:59:05", "elapsed": 1.817941, "delta": 0.008978}}
{"target": -256.20712333695417, "params": {"gamma": 7.543305199812411, "prior": 2.1862506816248755, "rate": 6.0099415268282925}, "datetime": {"datetime": "2024-06-14 06:59:05", "elapsed": 1.826919, "delta": 0.008978}}
{"target": -307.8581823677881, "params": {"gamma": 7.489534824083119, "prior": 6.418365235141301, "rate": 5.971675902163545}, "datetime": {"datetime": "2024-06-14 06:59:05", "elapsed": 1.835896, "delta": 0.008977}}
{"target": -155.50229597201582, "params": {"gamma": 2.955527374269315, "prior": 7.342904065290937, "rate": 9.453139091559498}, "datetime": {"datetime": "2024-06-14 06:59:05", "elapsed": 1.844874, "delta": 0.008978}}
{"target": -337.6522648439704, "params": {"gamma": 4.256188341225208, "prior": 7.843599986630912, "rate": 0.5623542555794911}, "datetime": {"datetime": "2024-06-14 06:59:05", "elapsed": 1.85385, "delta": 0.008976}}
{"target": -275.80034696931875, "params": {"gamma": 8.35288075329717, "prior": 2.0032751665392623, "rate": 3.951573592030842}, "datetime": {"datetime": "2024-06-14 06:59:05", "elapsed": 1.861828, "delta": 0.007978}}
{"target": -168.04501319316375, "params": {"gamma": 3.001510378207639, "prior": 0.893026073679888, "rate": 9.046405398359493}, "datetime": {"datetime": "2024-06-14 06:59:05", "elapsed": 1.870807, "delta": 0.008979}}
{"target": -185.06740581502578, "params": {"gamma": 3.702171621359829, "prior": 5.353904640913781, "rate": 4.941668542697355}, "datetime": {"datetime": "2024-06-14 06:59:05", "elapsed": 1.879783, "delta": 0.008976}}
{"target": -151.00955483573787, "params": {"gamma": 1.3224792582874385, "prior": 2.143895183005387, "rate": 0.7628119015141794}, "datetime": {"datetime": "2024-06-14 06:59:05", "elapsed": 1.888759, "delta": 0.008976}}
{"target": -207.2528208058901, "params": {"gamma": 5.07970907775293, "prior": 2.6893405631465725, "rate": 3.5712590272190368}, "datetime": {"datetime": "2024-06-14 06:59:05", "elapsed": 1.897243, "delta": 0.008484}}
{"target": -163.70060487384072, "params": {"gamma": 1.0815452216436712, "prior": 7.896763212559821, "rate": 1.0667321840112223}, "datetime": {"datetime": "2024-06-14 06:59:05", "elapsed": 1.906219, "delta": 0.008976}}
{"target": -317.5577804077699, "params": {"gamma": 9.857102528308165, "prior": 1.8538955279403317, "rate": 5.724478719234059}, "datetime": {"datetime": "2024-06-14 06:59:05", "elapsed": 1.914756, "delta": 0.008537}}
{"target": -146.20920766181075, "params": {"gamma": 0.4494085005562922, "prior": 7.892451267592758, "rate": 1.8968698722351471}, "datetime": {"datetime": "2024-06-14 06:59:05", "elapsed": 1.923747, "delta": 0.008991}}
{"target": -351.1564684290188, "params": {"gamma": 5.279511880102859, "prior": 7.426767677274809, "rate": 1.5001649176876422}, "datetime": {"datetime": "2024-06-14 06:59:05", "elapsed": 1.93271, "delta": 0.008963}}
{"target": -211.57597859960293, "params": {"gamma": 5.511320654695531, "prior": 2.2445103624549163, "rate": 7.592201297122131}, "datetime": {"datetime": "2024-06-14 06:59:05", "elapsed": 1.941688, "delta": 0.008978}}
{"target": -268.60811168769544, "params": {"gamma": 7.229429020368581, "prior": 1.847835439343122, "rate": 8.619803610113067}, "datetime": {"datetime": "2024-06-14 06:59:05", "elapsed": 1.950281, "delta": 0.008593}}
{"target": -141.63408001274948, "params": {"gamma": 0.1987312200639263, "prior": 8.61634627448884, "rate": 5.589479207798223}, "datetime": {"datetime": "2024-06-14 06:59:05", "elapsed": 1.959278, "delta": 0.008997}}
{"target": -193.86359189767845, "params": {"gamma": 4.032801500586387, "prior": 7.611594617121132, "rate": 7.169573087923007}, "datetime": {"datetime": "2024-06-14 06:59:05", "elapsed": 1.96827, "delta": 0.008992}}
{"target": -762.2452561352175, "params": {"gamma": 9.873274421909457, "prior": 2.8530419812685297, "rate": 0.03893293042101652}, "datetime": {"datetime": "2024-06-14 06:59:05", "elapsed": 1.977091, "delta": 0.008821}}
{"target": -387.9143489207573, "params": {"gamma": 9.339092180540563, "prior": 8.593181334925148, "rate": 7.28877992431504}, "datetime": {"datetime": "2024-06-14 06:59:05", "elapsed": 1.986066, "delta": 0.008975}}
{"target": -219.2361038446471, "params": {"gamma": 5.167371140432463, "prior": 7.098866827962734, "rate": 7.805515039210552}, "datetime": {"datetime": "2024-06-14 06:59:05", "elapsed": 1.995042, "delta": 0.008976}}
{"target": -184.2983339645723, "params": {"gamma": 3.749384559425057, "prior": 7.72619300076658, "rate": 7.506492567432579}, "datetime": {"datetime": "2024-06-14 06:59:05", "elapsed": 2.004018, "delta": 0.008976}}
{"target": -224.5836428982817, "params": {"gamma": 6.132498904231054, "prior": 4.07847264728159, "rate": 6.9733828846241455}, "datetime": {"datetime": "2024-06-14 06:59:05", "elapsed": 2.012994, "delta": 0.008976}}
{"target": -145.51132662650153, "params": {"gamma": 0.032125465394095866, "prior": 7.771476802573518, "rate": 8.964269607966013}, "datetime": {"datetime": "2024-06-14 06:59:05", "elapsed": 2.02197, "delta": 0.008976}}
{"target": -139.74951215956216, "params": {"gamma": 2.393917758667609, "prior": 1.2955951246613744, "rate": 2.2036195939494823}, "datetime": {"datetime": "2024-06-14 06:59:05", "elapsed": 2.030946, "delta": 0.008976}}
{"target": -181.6515388173331, "params": {"gamma": 3.021665216169693, "prior": 8.841982234781959, "rate": 5.432121135950708}, "datetime": {"datetime": "2024-06-14 06:59:05", "elapsed": 2.039923, "delta": 0.008977}}
{"target": -147.9613974438685, "params": {"gamma": 2.8678297844146994, "prior": 1.4697114289501707, "rate": 2.902154486582312}, "datetime": {"datetime": "2024-06-14 06:59:05", "elapsed": 2.047901, "delta": 0.007978}}
{"target": -233.55538248081908, "params": {"gamma": 6.139097026322785, "prior": 3.3089714459847217, "rate": 4.574144456728294}, "datetime": {"datetime": "2024-06-14 06:59:05", "elapsed": 2.056877, "delta": 0.008976}}
{"target": -245.0099488708888, "params": {"gamma": 4.441726953059129, "prior": 8.29854007124197, "rate": 4.264055194208071}, "datetime": {"datetime": "2024-06-14 06:59:05", "elapsed": 2.065853, "delta": 0.008976}}
{"target": -228.50691611014364, "params": {"gamma": 3.4576425129338477, "prior": 6.782218887610141, "rate": 2.215599075279554}, "datetime": {"datetime": "2024-06-14 06:59:05", "elapsed": 2.074832, "delta": 0.008979}}
{"target": -187.51359220909902, "params": {"gamma": 4.672990993441612, "prior": 3.216180304507763, "rate": 6.268929166026184}, "datetime": {"datetime": "2024-06-14 06:59:05", "elapsed": 2.083807, "delta": 0.008975}}
{"target": -290.9880046036112, "params": {"gamma": 8.773727386473432, "prior": 4.532121101441722, "rate": 7.84478973050044}, "datetime": {"datetime": "2024-06-14 06:59:05", "elapsed": 2.092784, "delta": 0.008977}}
{"target": -311.62437453954027, "params": {"gamma": 4.570200039914943, "prior": 6.596670383999601, "rate": 1.3192779092999938}, "datetime": {"datetime": "2024-06-14 06:59:06", "elapsed": 2.10176, "delta": 0.008976}}
{"target": -223.4366280483263, "params": {"gamma": 4.3303820881695145, "prior": 9.102188687683872, "rate": 6.055184531308316}, "datetime": {"datetime": "2024-06-14 06:59:06", "elapsed": 2.109738, "delta": 0.007978}}
{"target": -308.4987854569533, "params": {"gamma": 7.6679790977837845, "prior": 5.096536020149354, "rate": 4.981058192655247}, "datetime": {"datetime": "2024-06-14 06:59:06", "elapsed": 2.118717, "delta": 0.008979}}
{"target": -331.33698875036976, "params": {"gamma": 8.429155502088307, "prior": 0.7712886499754421, "rate": 5.733149443225297}, "datetime": {"datetime": "2024-06-14 06:59:06", "elapsed": 2.127695, "delta": 0.008978}}
{"target": -523.2668779895932, "params": {"gamma": 9.42768299175406, "prior": 5.226814476905987, "rate": 1.945463629469317}, "datetime": {"datetime": "2024-06-14 06:59:06", "elapsed": 2.137147, "delta": 0.009452}}
{"target": -278.72254331483794, "params": {"gamma": 8.479545985042318, "prior": 2.5912275093229433, "rate": 7.007559638788898}, "datetime": {"datetime": "2024-06-14 06:59:06", "elapsed": 2.146123, "delta": 0.008976}}
{"target": -265.356663357156, "params": {"gamma": 5.403069143028603, "prior": 9.493479253974174, "rate": 6.2437426873243576}, "datetime": {"datetime": "2024-06-14 06:59:06", "elapsed": 2.154102, "delta": 0.007979}}
{"target": -413.52321941789666, "params": {"gamma": 8.379941642515245, "prior": 0.17853547432577865, "rate": 9.893411221610213}, "datetime": {"datetime": "2024-06-14 06:59:06", "elapsed": 2.163077, "delta": 0.008975}}
{"target": -120.43652934701159, "params": {"gamma": 0.7780679887535326, "prior": 3.2890821847862193, "rate": 9.461577802172197}, "datetime": {"datetime": "2024-06-14 06:59:06", "elapsed": 2.172053, "delta": 0.008976}}
{"target": -143.27622598997527, "params": {"gamma": 0.09038208461007943, "prior": 8.24502705367716, "rate": 8.612255172029577}, "datetime": {"datetime": "2024-06-14 06:59:06", "elapsed": 2.181029, "delta": 0.008976}}
{"target": -182.89163653546433, "params": {"gamma": 4.398868311271517, "prior": 2.631877418678719, "rate": 8.027092506813352}, "datetime": {"datetime": "2024-06-14 06:59:06", "elapsed": 2.190005, "delta": 0.008976}}
{"target": -211.3215643591492, "params": {"gamma": 4.77914218231778, "prior": 1.429952225691392, "rate": 9.278562079257282}, "datetime": {"datetime": "2024-06-14 06:59:06", "elapsed": 2.198982, "delta": 0.008977}}
{"target": -295.9834502573009, "params": {"gamma": 8.959803700099478, "prior": 4.966296985167659, "rate": 8.567168262681404}, "datetime": {"datetime": "2024-06-14 06:59:06", "elapsed": 2.20696, "delta": 0.007978}}
{"target": -226.74019878065465, "params": {"gamma": 4.1863616796152225, "prior": 6.866302511646381, "rate": 3.9805084034398166}, "datetime": {"datetime": "2024-06-14 06:59:06", "elapsed": 2.215936, "delta": 0.008976}}
{"target": -210.43030070217785, "params": {"gamma": 5.057914432490653, "prior": 1.9765618580558806, "rate": 9.649924252185027}, "datetime": {"datetime": "2024-06-14 06:59:06", "elapsed": 2.224912, "delta": 0.008976}}
{"target": -155.2662958933787, "params": {"gamma": 2.9428626667543027, "prior": 1.1242496055523734, "rate": 1.4440096868902519}, "datetime": {"datetime": "2024-06-14 06:59:06", "elapsed": 2.233888, "delta": 0.008976}}
{"target": -142.3385041554089, "params": {"gamma": 0.14190884963023712, "prior": 7.187862424677705, "rate": 5.645418704088501}, "datetime": {"datetime": "2024-06-14 06:59:06", "elapsed": 2.242865, "delta": 0.008977}}
{"target": -275.5466700163017, "params": {"gamma": 7.945988933496338, "prior": 5.12009124051295, "rate": 7.918418574002035}, "datetime": {"datetime": "2024-06-14 06:59:06", "elapsed": 2.25187, "delta": 0.009005}}
{"target": -355.8725185350635, "params": {"gamma": 6.957946378504123, "prior": 7.800699920905836, "rate": 4.065422206901887}, "datetime": {"datetime": "2024-06-14 06:59:06", "elapsed": 2.260816, "delta": 0.008946}}
{"target": -233.10357401711636, "params": {"gamma": 6.478058561241625, "prior": 1.8799635471604466, "rate": 3.2188778139156518}, "datetime": {"datetime": "2024-06-14 06:59:06", "elapsed": 2.269792, "delta": 0.008976}}
{"target": -147.50138259700924, "params": {"gamma": 1.7268735965778053, "prior": 4.145508527631297, "rate": 2.4149460609080227}, "datetime": {"datetime": "2024-06-14 06:59:06", "elapsed": 2.277771, "delta": 0.007979}}
{"target": -256.80876848115787, "params": {"gamma": 4.069813019299451, "prior": 9.75470119012939, "rate": 3.2038729388944907}, "datetime": {"datetime": "2024-06-14 06:59:06", "elapsed": 2.286747, "delta": 0.008976}}
{"target": -471.010194784807, "params": {"gamma": 9.824926958803978, "prior": 6.399430645974237, "rate": 3.7515350929207165}, "datetime": {"datetime": "2024-06-14 06:59:06", "elapsed": 2.295723, "delta": 0.008976}}
{"target": -467.01208012621964, "params": {"gamma": 8.574987506336882, "prior": 6.2339087197488805, "rate": 2.521078768228263}, "datetime": {"datetime": "2024-06-14 06:59:06", "elapsed": 2.3047, "delta": 0.008977}}
{"target": -340.18415351800184, "params": {"gamma": 7.9287639240909, "prior": 4.386091236468214, "rate": 3.5757541621370836}, "datetime": {"datetime": "2024-06-14 06:59:06", "elapsed": 2.313958, "delta": 0.009258}}
{"target": -213.78406160366404, "params": {"gamma": 3.3034390883142843, "prior": 7.003951868570081, "rate": 2.6872325889383593}, "datetime": {"datetime": "2024-06-14 06:59:06", "elapsed": 2.322934, "delta": 0.008976}}
{"target": -271.71115869556405, "params": {"gamma": 8.082971859040095, "prior": 3.0233590645584933, "rate": 5.441669714469987}, "datetime": {"datetime": "2024-06-14 06:59:06", "elapsed": 2.33191, "delta": 0.008976}}
{"target": -214.11927815520121, "params": {"gamma": 4.879726996560219, "prior": 8.56802848469416, "rate": 8.883975957519464}, "datetime": {"datetime": "2024-06-14 06:59:06", "elapsed": 2.340886, "delta": 0.008976}}
{"target": -131.3913789256073, "params": {"gamma": 1.8446600392352996, "prior": 5.894949743488685, "rate": 8.982152255125355}, "datetime": {"datetime": "2024-06-14 06:59:06", "elapsed": 2.348865, "delta": 0.007979}}
{"target": -281.2139860474933, "params": {"gamma": 4.461726073125263, "prior": 9.226496224289772, "rate": 2.790629913679252}, "datetime": {"datetime": "2024-06-14 06:59:06", "elapsed": 2.357841, "delta": 0.008976}}
{"target": -358.45821379481737, "params": {"gamma": 6.0887029107637645, "prior": 6.856291726691472, "rate": 2.2828291277714907}, "datetime": {"datetime": "2024-06-14 06:59:06", "elapsed": 2.366817, "delta": 0.008976}}
{"target": -139.1977263223987, "params": {"gamma": 0.13866135806461027, "prior": 4.225567227469891, "rate": 9.384880436675484}, "datetime": {"datetime": "2024-06-14 06:59:06", "elapsed": 2.375793, "delta": 0.008976}}
{"target": -245.5318553510246, "params": {"gamma": 3.430938070194235, "prior": 7.819468525277739, "rate": 1.7481883919612469}, "datetime": {"datetime": "2024-06-14 06:59:06", "elapsed": 2.384769, "delta": 0.008976}}
{"target": -166.49879870143636, "params": {"gamma": 3.420186410188222, "prior": 1.531517436297158, "rate": 7.167991370649615}, "datetime": {"datetime": "2024-06-14 06:59:06", "elapsed": 2.393745, "delta": 0.008976}}
{"target": -396.6706427833532, "params": {"gamma": 6.993376929344446, "prior": 6.916123447694296, "rate": 2.5347069488285103}, "datetime": {"datetime": "2024-06-14 06:59:06", "elapsed": 2.402721, "delta": 0.008976}}
{"target": -242.58565296643653, "params": {"gamma": 6.923908856112466, "prior": 2.350245655067901, "rate": 4.247066510197466}, "datetime": {"datetime": "2024-06-14 06:59:06", "elapsed": 2.411697, "delta": 0.008976}}
{"target": -275.7007814706261, "params": {"gamma": 3.7198492945552046, "prior": 3.61754832503921, "rate": 0.5774904176053226}, "datetime": {"datetime": "2024-06-14 06:59:06", "elapsed": 2.420181, "delta": 0.008484}}
{"target": -274.36206399536803, "params": {"gamma": 6.316834622032531, "prior": 7.102434366548825, "rate": 6.136273356333854}, "datetime": {"datetime": "2024-06-14 06:59:06", "elapsed": 2.429157, "delta": 0.008976}}
{"target": -283.2349171957385, "params": {"gamma": 6.483479248875083, "prior": 1.7824130707508519, "rate": 1.495318542589686}, "datetime": {"datetime": "2024-06-14 06:59:06", "elapsed": 2.438133, "delta": 0.008976}}
{"target": -340.9215182214623, "params": {"gamma": 5.142236260215303, "prior": 8.765793990909938, "rate": 1.8403504620306732}, "datetime": {"datetime": "2024-06-14 06:59:06", "elapsed": 2.447109, "delta": 0.008976}}
{"target": -201.80091643381255, "params": {"gamma": 4.628928347963892, "prior": 4.3464301068960385, "rate": 4.973394570009244}, "datetime": {"datetime": "2024-06-14 06:59:06", "elapsed": 2.455088, "delta": 0.007979}}
{"target": -139.5708274175783, "params": {"gamma": 1.6159461940896331, "prior": 3.4901623472346244, "rate": 2.6195421606310987}, "datetime": {"datetime": "2024-06-14 06:59:06", "elapsed": 2.464064, "delta": 0.008976}}
{"target": -422.559565673538, "params": {"gamma": 8.44542490535156, "prior": 8.023289233186377, "rate": 4.266964943523168}, "datetime": {"datetime": "2024-06-14 06:59:06", "elapsed": 2.47304, "delta": 0.008976}}
{"target": -224.81093096977915, "params": {"gamma": 6.070547592429601, "prior": 1.5401095416355777, "rate": 5.096623328881369}, "datetime": {"datetime": "2024-06-14 06:59:06", "elapsed": 2.482016, "delta": 0.008976}}
{"target": -170.60161466880052, "params": {"gamma": 2.9701739107832585, "prior": 8.61054444033509, "rate": 6.716312210682993}, "datetime": {"datetime": "2024-06-14 06:59:06", "elapsed": 2.490992, "delta": 0.008976}}
{"target": -233.29366243091044, "params": {"gamma": 6.335106652211588, "prior": 1.3350378706848745, "rate": 4.706408207109359}, "datetime": {"datetime": "2024-06-14 06:59:06", "elapsed": 2.499968, "delta": 0.008976}}
{"target": -446.93399206624827, "params": {"gamma": 9.865741223089229, "prior": 9.488161823319384, "rate": 6.451211316964176}, "datetime": {"datetime": "2024-06-14 06:59:06", "elapsed": 2.508979, "delta": 0.009011}}
{"target": -134.9235237005601, "params": {"gamma": 1.5180969854487043, "prior": 6.427355802327059, "rate": 5.657055463326731}, "datetime": {"datetime": "2024-06-14 06:59:06", "elapsed": 2.517467, "delta": 0.008488}}
{"target": -195.55669320256825, "params": {"gamma": 4.6871897107748595, "prior": 4.337570947735874, "rate": 5.993098286824644}, "datetime": {"datetime": "2024-06-14 06:59:06", "elapsed": 2.526443, "delta": 0.008976}}
{"target": -370.62589251279246, "params": {"gamma": 8.499848915271139, "prior": 7.53609829968218, "rate": 5.794026042432034}, "datetime": {"datetime": "2024-06-14 06:59:06", "elapsed": 2.535866, "delta": 0.009423}}
{"target": -394.83592170996434, "params": {"gamma": 9.247117111178744, "prior": 0.7409258360713337, "rate": 9.913473740809359}, "datetime": {"datetime": "2024-06-14 06:59:06", "elapsed": 2.544414, "delta": 0.008548}}
{"target": -125.97598932965289, "params": {"gamma": 0.5308924321372274, "prior": 2.0750059067717572, "rate": 4.228103863783965}, "datetime": {"datetime": "2024-06-14 06:59:06", "elapsed": 2.553303, "delta": 0.008889}}
{"target": -171.1968619536709, "params": {"gamma": 1.0759812529754917, "prior": 6.274337068877248, "rate": 0.4808776479246243}, "datetime": {"datetime": "2024-06-14 06:59:06", "elapsed": 2.562278, "delta": 0.008975}}
{"target": -163.21345217591525, "params": {"gamma": 2.8469541861884147, "prior": 0.7042631430847438, "rate": 7.035489791719707}, "datetime": {"datetime": "2024-06-14 06:59:06", "elapsed": 2.571254, "delta": 0.008976}}
{"target": -350.1925868495015, "params": {"gamma": 6.684893219727232, "prior": 3.847947873180962, "rate": 1.8827544060381822}, "datetime": {"datetime": "2024-06-14 06:59:06", "elapsed": 2.58023, "delta": 0.008976}}
{"target": -252.51459458888712, "params": {"gamma": 7.4703012854704225, "prior": 3.469754978578126, "rate": 7.953216372889023}, "datetime": {"datetime": "2024-06-14 06:59:06", "elapsed": 2.589206, "delta": 0.008976}}
{"target": -386.1288726130294, "params": {"gamma": 4.879521490857024, "prior": 5.304127499074696, "rate": 0.28588000406618064}, "datetime": {"datetime": "2024-06-14 06:59:06", "elapsed": 2.598182, "delta": 0.008976}}
{"target": -309.9247303148639, "params": {"gamma": 6.442675966770439, "prior": 3.5714993740784573, "rate": 2.292821067893365}, "datetime": {"datetime": "2024-06-14 06:59:06", "elapsed": 2.607158, "delta": 0.008976}}
{"target": -191.56794719253594, "params": {"gamma": 4.339399878740795, "prior": 3.8864278269820844, "rate": 4.698420611823517}, "datetime": {"datetime": "2024-06-14 06:59:06", "elapsed": 2.616134, "delta": 0.008976}}
{"target": -310.44318556657856, "params": {"gamma": 9.794854058443883, "prior": 3.7073428966454816, "rate": 7.744326923227059}, "datetime": {"datetime": "2024-06-14 06:59:06", "elapsed": 2.62511, "delta": 0.008976}}
{"target": -314.1847374180045, "params": {"gamma": 5.528123197902375, "prior": 8.90239778216408, "rate": 3.55017355864457}, "datetime": {"datetime": "2024-06-14 06:59:06", "elapsed": 2.634086, "delta": 0.008976}}
{"target": -241.81976463441222, "params": {"gamma": 2.455941283184888, "prior": 9.119090472603986, "rate": 0.43629910331389593}, "datetime": {"datetime": "2024-06-14 06:59:06", "elapsed": 2.642065, "delta": 0.007979}}
{"target": -433.83674913880395, "params": {"gamma": 9.507583527181962, "prior": 5.60842846514216, "rate": 3.764255803654188}, "datetime": {"datetime": "2024-06-14 06:59:06", "elapsed": 2.651041, "delta": 0.008976}}
{"target": -383.38994299642366, "params": {"gamma": 9.950528171068772, "prior": 0.6777901968615533, "rate": 5.167546891316355}, "datetime": {"datetime": "2024-06-14 06:59:06", "elapsed": 2.660017, "delta": 0.008976}}
