{"target": -153.91102558751513, "params": {"p_ai": 8.577528406499894, "p_al": 6.455998518326055, "p_ex": 1.1538189613747907, "prior": 2.081766002579473, "rate": 7.455237809150899}, "datetime": {"datetime": "2024-06-12 21:59:05", "elapsed": 55.820222, "delta": 0.109707}}
{"target": -95.40062990250841, "params": {"p_ai": 4.034662876713395, "p_al": 4.84521613942412, "p_ex": 8.874663325649202, "prior": 1.3752980526926846, "rate": 9.64376360106379}, "datetime": {"datetime": "2024-06-12 21:59:05", "elapsed": 55.930311, "delta": 0.110089}}
{"target": -124.94583697446325, "params": {"p_ai": 0.4272541882840023, "p_al": 0.9953031322915933, "p_ex": 2.2331610709734946, "prior": 8.06604423752288, "rate": 4.559272200887655}, "datetime": {"datetime": "2024-06-12 21:59:05", "elapsed": 56.041015, "delta": 0.110704}}
{"target": -120.1137574029745, "params": {"p_ai": 6.5328581714709335, "p_al": 1.7440370540608525, "p_ex": 1.668052607332356, "prior": 5.208962557197339, "rate": 7.403196059166937}, "datetime": {"datetime": "2024-06-12 21:59:05", "elapsed": 56.150726, "delta": 0.109711}}
{"target": -103.3454137521944, "params": {"p_ai": 4.62528217768507, "p_al": 8.696271237126007, "p_ex": 6.604458934771733, "prior": 2.4916517944308763, "rate": 2.3497873058002465}, "datetime": {"datetime": "2024-06-12 21:59:05", "elapsed": 56.261313, "delta": 0.110587}}
{"target": -83.63266673839838, "params": {"p_ai": 3.741093121953829, "p_al": 7.566403946905877, "p_ex": 9.379438705433513, "prior": 8.61919808718901, "rate": 2.6168463160365345}, "datetime": {"datetime": "2024-06-12 21:59:05", "elapsed": 56.371289, "delta": 0.109976}}
{"target": -108.76896483591916, "params": {"p_ai": 4.12337700085772, "p_al": 6.115829450403766, "p_ex": 5.468797723702268, "prior": 3.893360179144248, "rate": 1.0151063480358857}, "datetime": {"datetime": "2024-06-12 21:59:06", "elapsed": 56.48156, "delta": 0.110271}}
{"target": -92.42537420991822, "params": {"p_ai": 7.122735799168159, "p_al": 0.8822635040904132, "p_ex": 8.660908216307822, "prior": 8.634620954886014, "rate": 7.084799464362212}, "datetime": {"datetime": "2024-06-12 21:59:06", "elapsed": 56.591157, "delta": 0.109597}}
{"target": -94.5620228782989, "params": {"p_ai": 4.864759313503054, "p_al": 6.991766507563753, "p_ex": 3.950475613957549, "prior": 7.975162346949194, "rate": 7.864384405716199}, "datetime": {"datetime": "2024-06-12 21:59:06", "elapsed": 56.701865, "delta": 0.110708}}
{"target": -91.63505970021228, "params": {"p_ai": 1.5561303101523432, "p_al": 3.1788576859556272, "p_ex": 3.4404877846831172, "prior": 3.6423388162366046, "rate": 5.6668889213223}, "datetime": {"datetime": "2024-06-12 21:59:06", "elapsed": 56.810574, "delta": 0.108709}}
{"target": -122.42870474119222, "params": {"p_ai": 0.4178327377603575, "p_al": 6.600037219920028, "p_ex": 2.0171159588072864, "prior": 4.165209099174909, "rate": 4.5094756723505}, "datetime": {"datetime": "2024-06-12 21:59:06", "elapsed": 56.920932, "delta": 0.110358}}
{"target": -109.66568747091138, "params": {"p_ai": 3.4879189687069116, "p_al": 3.8334198209699974, "p_ex": 1.8038803024167458, "prior": 0.68223244388335, "rate": 5.513015232709581}, "datetime": {"datetime": "2024-06-12 21:59:06", "elapsed": 57.031636, "delta": 0.110704}}
{"target": -107.82062971543215, "params": {"p_ai": 5.959073589220895, "p_al": 1.4558523924278663, "p_ex": 2.310186141512919, "prior": 2.864484938242287, "rate": 8.307682917677353}, "datetime": {"datetime": "2024-06-12 21:59:06", "elapsed": 57.141256, "delta": 0.10962}}
{"target": -88.91863736069642, "params": {"p_ai": 1.535055990682961, "p_al": 5.521835936727261, "p_ex": 5.681829037204232, "prior": 3.434857510993614, "rate": 3.5068212758802293}, "datetime": {"datetime": "2024-06-12 21:59:06", "elapsed": 57.250986, "delta": 0.10973}}
{"target": -121.30844565797901, "params": {"p_ai": 9.591161063174503, "p_al": 5.533886150645748, "p_ex": 6.527659277808647, "prior": 4.907910424327689, "rate": 6.466853166736234}, "datetime": {"datetime": "2024-06-12 21:59:06", "elapsed": 57.361552, "delta": 0.110566}}
{"target": -113.09368002560373, "params": {"p_ai": 6.052902604285114, "p_al": 1.452587755908036, "p_ex": 3.3474706483130476, "prior": 4.604879500595876, "rate": 1.2790887944022422}, "datetime": {"datetime": "2024-06-12 21:59:07", "elapsed": 57.471979, "delta": 0.110427}}
{"target": -75.36798071868743, "params": {"p_ai": 3.6313701627213772, "p_al": 2.2821882012949293, "p_ex": 8.47517852010175, "prior": 3.4153993261329654, "rate": 2.268666417341983}, "datetime": {"datetime": "2024-06-12 21:59:07", "elapsed": 57.581685, "delta": 0.109706}}
{"target": -133.57628236251188, "params": {"p_ai": 4.08240584711997, "p_al": 6.830957412174848, "p_ex": 0.657154367615287, "prior": 1.8081114068162947, "rate": 6.943375082298363}, "datetime": {"datetime": "2024-06-12 21:59:07", "elapsed": 57.692389, "delta": 0.110704}}
{"target": -115.79124392996961, "params": {"p_ai": 7.522813791436128, "p_al": 6.177925041821069, "p_ex": 8.792106406805418, "prior": 1.6888331005858586, "rate": 7.0357737742820845}, "datetime": {"datetime": "2024-06-12 21:59:07", "elapsed": 57.803093, "delta": 0.110704}}
{"target": -139.0932525971618, "params": {"p_ai": 9.172684330641006, "p_al": 1.508245851371479, "p_ex": 2.4383960099844155, "prior": 5.467299036335953, "rate": 3.441849250422999}, "datetime": {"datetime": "2024-06-12 21:59:07", "elapsed": 57.913715, "delta": 0.110622}}
{"target": -122.90559356940761, "params": {"p_ai": 6.90670016874316, "p_al": 0.5766186166326498, "p_ex": 1.6084806590922747, "prior": 7.162666826489736, "rate": 9.706216365641005}, "datetime": {"datetime": "2024-06-12 21:59:07", "elapsed": 58.023426, "delta": 0.109711}}
{"target": -287.40891049861, "params": {"p_ai": 9.295574214746894, "p_al": 9.010768867234715, "p_ex": 1.2783053957220292, "prior": 1.4601432517979631, "rate": 0.7235753033919117}, "datetime": {"datetime": "2024-06-12 21:59:07", "elapsed": 58.133705, "delta": 0.110279}}
{"target": -110.44755763029944, "params": {"p_ai": 5.425859791214765, "p_al": 8.824979242850812, "p_ex": 5.318387208768819, "prior": 7.817371138674004, "rate": 1.8853494153257044}, "datetime": {"datetime": "2024-06-12 21:59:07", "elapsed": 58.244282, "delta": 0.110577}}
{"target": -152.51584747067994, "params": {"p_ai": 8.631249490403183, "p_al": 1.8750602824827893, "p_ex": 0.548586496539166, "prior": 4.215488613270554, "rate": 5.551489195654376}, "datetime": {"datetime": "2024-06-12 21:59:07", "elapsed": 58.355021, "delta": 0.110739}}
{"target": -135.66344575830317, "params": {"p_ai": 9.707449353204424, "p_al": 0.9184465805784736, "p_ex": 2.7399070142023203, "prior": 1.0519655837514126, "rate": 3.9050059277394262}, "datetime": {"datetime": "2024-06-12 21:59:07", "elapsed": 58.464727, "delta": 0.109706}}
{"target": -89.98333356503521, "params": {"p_ai": 2.890821820794509, "p_al": 5.133490194329599, "p_ex": 3.483218560825719, "prior": 9.28235195448276, "rate": 7.8996880160340215}, "datetime": {"datetime": "2024-06-12 21:59:08", "elapsed": 58.579009, "delta": 0.114282}}
{"target": -118.67352667113475, "params": {"p_ai": 8.610252674771141, "p_al": 1.2958799584830156, "p_ex": 5.751126599720151, "prior": 2.1486105763127026, "rate": 8.682517475837448}, "datetime": {"datetime": "2024-06-12 21:59:08", "elapsed": 58.691708, "delta": 0.112699}}
{"target": -123.47620016903379, "params": {"p_ai": 0.15117919811248737, "p_al": 1.0583364070853916, "p_ex": 3.761194698397609, "prior": 4.021536967025843, "rate": 2.7729236097038474}, "datetime": {"datetime": "2024-06-12 21:59:08", "elapsed": 58.815377, "delta": 0.123669}}
{"target": -121.6988137942407, "params": {"p_ai": 0.9615339246006319, "p_al": 1.1881853207208233, "p_ex": 3.1801295937194918, "prior": 9.507977547943128, "rate": 2.0748582416284203}, "datetime": {"datetime": "2024-06-12 21:59:08", "elapsed": 58.933075, "delta": 0.117698}}
{"target": -223.04152258433643, "params": {"p_ai": 7.473055930271166, "p_al": 2.5826284514108324, "p_ex": 0.37336531585223737, "prior": 0.16150603946145364, "rate": 1.5279066058805837}, "datetime": {"datetime": "2024-06-12 21:59:08", "elapsed": 59.047263, "delta": 0.114188}}
{"target": -83.69118117750462, "params": {"p_ai": 4.621379845784425, "p_al": 7.559255074280514, "p_ex": 7.2884205045195944, "prior": 3.524542035387884, "rate": 4.7919136483503735}, "datetime": {"datetime": "2024-06-12 21:59:08", "elapsed": 59.16096, "delta": 0.113697}}
{"target": -812.1976269469234, "params": {"p_ai": 8.140923460003277, "p_al": 8.384190660883412, "p_ex": 3.1998470874794367, "prior": 0.043645919052664246, "rate": 0.4702615014191002}, "datetime": {"datetime": "2024-06-12 21:59:08", "elapsed": 59.275435, "delta": 0.114475}}
{"target": -109.99198450535434, "params": {"p_ai": 7.378335968662237, "p_al": 2.7270501784440078, "p_ex": 4.815376636054336, "prior": 1.9211206290454117, "rate": 8.471282047905861}, "datetime": {"datetime": "2024-06-12 21:59:08", "elapsed": 59.38913, "delta": 0.113695}}
{"target": -138.9630274299108, "params": {"p_ai": 5.034272718755895, "p_al": 5.272074597046892, "p_ex": 2.881507801269463, "prior": 5.120480307408566, "rate": 0.020634490179817777}, "datetime": {"datetime": "2024-06-12 21:59:09", "elapsed": 59.502827, "delta": 0.113697}}
{"target": -93.85396023994345, "params": {"p_ai": 2.7736731083917574, "p_al": 3.488281072400821, "p_ex": 2.8402249120040706, "prior": 0.8604363235466009, "rate": 5.2182903111313514}, "datetime": {"datetime": "2024-06-12 21:59:09", "elapsed": 59.620075, "delta": 0.117248}}
{"target": -127.49413047899684, "params": {"p_ai": 7.885002854601779, "p_al": 9.426041757646109, "p_ex": 4.973400631374519, "prior": 5.93794482969608, "rate": 2.9093085181668954}, "datetime": {"datetime": "2024-06-12 21:59:09", "elapsed": 59.733961, "delta": 0.113886}}
{"target": -110.14463524158079, "params": {"p_ai": 1.492445929692968, "p_al": 1.3195850355936822, "p_ex": 7.323875397919708, "prior": 7.344959884063995, "rate": 1.7943208163497153}, "datetime": {"datetime": "2024-06-12 21:59:09", "elapsed": 59.848206, "delta": 0.114245}}
{"target": -114.73423887495436, "params": {"p_ai": 4.136190237378143, "p_al": 5.941849134587504, "p_ex": 1.2536941799153012, "prior": 7.85390412973879, "rate": 6.20030204099907}, "datetime": {"datetime": "2024-06-12 21:59:09", "elapsed": 59.96345, "delta": 0.115244}}
{"target": -89.40704116880381, "params": {"p_ai": 6.152601693393037, "p_al": 7.012379711094405, "p_ex": 9.871843637581678, "prior": 5.624382165115826, "rate": 8.644298200721781}, "datetime": {"datetime": "2024-06-12 21:59:09", "elapsed": 60.077346, "delta": 0.113896}}
{"target": -79.11831294972549, "params": {"p_ai": 4.187668041896602, "p_al": 6.545039042923117, "p_ex": 9.252686617399803, "prior": 6.64184400562511, "rate": 3.031503678754719}, "datetime": {"datetime": "2024-06-12 21:59:09", "elapsed": 60.192042, "delta": 0.114696}}
{"target": -118.6194725652894, "params": {"p_ai": 6.199836992922438, "p_al": 3.5138318852615673, "p_ex": 3.224344384669061, "prior": 6.102440382404956, "rate": 1.6040719966518822}, "datetime": {"datetime": "2024-06-12 21:59:09", "elapsed": 60.305609, "delta": 0.113567}}
{"target": -113.65121558303042, "params": {"p_ai": 4.867902618641776, "p_al": 9.456397215578926, "p_ex": 3.839758505543401, "prior": 1.8904369698648686, "rate": 4.688920657472168}, "datetime": {"datetime": "2024-06-12 21:59:09", "elapsed": 60.419268, "delta": 0.113659}}
{"target": -164.88180280459744, "params": {"p_ai": 8.409237406703872, "p_al": 8.426834558227732, "p_ex": 8.278204591352763, "prior": 0.11574365054552785, "rate": 2.6711360589730235}, "datetime": {"datetime": "2024-06-12 21:59:10", "elapsed": 60.533962, "delta": 0.114694}}
{"target": -141.31821970026624, "params": {"p_ai": 9.99875799995505, "p_al": 1.1977130886476726, "p_ex": 4.901404871380246, "prior": 7.900471479876251, "rate": 1.223016887028468}, "datetime": {"datetime": "2024-06-12 21:59:10", "elapsed": 60.64666, "delta": 0.112698}}
{"target": -133.29340896426777, "params": {"p_ai": 6.624429397731788, "p_al": 4.881316374767721, "p_ex": 1.9437055308797813, "prior": 8.786421635800622, "rate": 1.8156924881797458}, "datetime": {"datetime": "2024-06-12 21:59:10", "elapsed": 60.760356, "delta": 0.113696}}
{"target": -120.63285496523761, "params": {"p_ai": 6.390889540088459, "p_al": 7.4085279551010945, "p_ex": 5.6271661930456895, "prior": 6.288786844403314, "rate": 1.1905350008234223}, "datetime": {"datetime": "2024-06-12 21:59:10", "elapsed": 60.874606, "delta": 0.11425}}
{"target": -85.54976039089291, "params": {"p_ai": 3.0810618335582585, "p_al": 5.870035110089563, "p_ex": 3.955241699358807, "prior": 6.639796868246575, "rate": 8.519694493398179}, "datetime": {"datetime": "2024-06-12 21:59:10", "elapsed": 60.988072, "delta": 0.113466}}
{"target": -96.50372866493882, "params": {"p_ai": 1.903030671032523, "p_al": 9.032823736002479, "p_ex": 3.8323753284605018, "prior": 9.431300182951817, "rate": 6.174205747936627}, "datetime": {"datetime": "2024-06-12 21:59:10", "elapsed": 61.102766, "delta": 0.114694}}
{"target": -129.487672087953, "params": {"p_ai": 7.901165115937855, "p_al": 5.148239508303887, "p_ex": 5.311915799238696, "prior": 3.276611393760953, "rate": 1.2945177075663274}, "datetime": {"datetime": "2024-06-12 21:59:10", "elapsed": 61.216462, "delta": 0.113696}}
{"target": -126.27502493159741, "params": {"p_ai": 3.8388352966923764, "p_al": 2.1505498314359848, "p_ex": 0.32961969356328386, "prior": 2.7495934114227696, "rate": 1.8065799506159026}, "datetime": {"datetime": "2024-06-12 21:59:10", "elapsed": 61.331563, "delta": 0.115101}}
{"target": -136.22885044111356, "params": {"p_ai": 8.75542762006619, "p_al": 0.8132843877516185, "p_ex": 1.8397720952197505, "prior": 7.040602924667807, "rate": 9.192339684311714}, "datetime": {"datetime": "2024-06-12 21:59:10", "elapsed": 61.444293, "delta": 0.11273}}
{"target": -83.7294585001989, "params": {"p_ai": 2.515333063867109, "p_al": 0.21399001348235436, "p_ex": 9.605084223078242, "prior": 6.8225241840990325, "rate": 3.107316297942495}, "datetime": {"datetime": "2024-06-12 21:59:11", "elapsed": 61.558989, "delta": 0.114696}}
{"target": -95.18116634161629, "params": {"p_ai": 4.724262048710183, "p_al": 5.992959482913756, "p_ex": 3.7393118520813564, "prior": 8.74500347841515, "rate": 7.261999710487967}, "datetime": {"datetime": "2024-06-12 21:59:11", "elapsed": 61.671688, "delta": 0.112699}}
{"target": -115.85660989682415, "params": {"p_ai": 9.543452705537488, "p_al": 3.5113041629592687, "p_ex": 9.37180371312909, "prior": 4.791526641683215, "rate": 6.423584063846066}, "datetime": {"datetime": "2024-06-12 21:59:11", "elapsed": 61.786383, "delta": 0.114695}}
{"target": -114.1372256401031, "params": {"p_ai": 7.36673540034412, "p_al": 8.093570352087795, "p_ex": 3.963197413459656, "prior": 4.480011839169197, "rate": 8.172952984101395}, "datetime": {"datetime": "2024-06-12 21:59:11", "elapsed": 61.9008, "delta": 0.114417}}
{"target": -116.95666619033783, "params": {"p_ai": 7.175854473706459, "p_al": 9.408551244537064, "p_ex": 9.795999116306994, "prior": 1.7899544503221003, "rate": 2.2799661987157394}, "datetime": {"datetime": "2024-06-12 21:59:11", "elapsed": 62.014092, "delta": 0.113292}}
{"target": -112.49591943304854, "params": {"p_ai": 7.16014848634319, "p_al": 7.474079963807781, "p_ex": 6.032192362771022, "prior": 8.773120342450891, "rate": 2.5206526306452743}, "datetime": {"datetime": "2024-06-12 21:59:11", "elapsed": 62.129061, "delta": 0.114969}}
{"target": -91.4193162584128, "params": {"p_ai": 3.3955344555736273, "p_al": 4.946973834220983, "p_ex": 3.150955862596707, "prior": 5.454845454328703, "rate": 6.8250983149001465}, "datetime": {"datetime": "2024-06-12 21:59:11", "elapsed": 62.243312, "delta": 0.114251}}
{"target": -115.88310550593238, "params": {"p_ai": 2.2044486446357947, "p_al": 4.853889202229838, "p_ex": 9.929820595017146, "prior": 3.242288870509168, "rate": 0.35458383299364826}, "datetime": {"datetime": "2024-06-12 21:59:11", "elapsed": 62.357837, "delta": 0.114525}}
{"target": -155.47012153689963, "params": {"p_ai": 8.173699941110849, "p_al": 5.033564529213024, "p_ex": 0.5287857773295865, "prior": 8.903159967215188, "rate": 4.045739285423598}, "datetime": {"datetime": "2024-06-12 21:59:12", "elapsed": 62.471235, "delta": 0.113398}}
{"target": -166.35504060758635, "params": {"p_ai": 9.292802548221829, "p_al": 4.0213796598318154, "p_ex": 0.7692460154620339, "prior": 2.4537661400558073, "rate": 3.503254796566321}, "datetime": {"datetime": "2024-06-12 21:59:12", "elapsed": 62.584931, "delta": 0.113696}}
{"target": -111.80226784589242, "params": {"p_ai": 7.507532195259897, "p_al": 1.8482967753404873, "p_ex": 4.310305563605018, "prior": 8.732580952739871, "rate": 5.338077152636459}, "datetime": {"datetime": "2024-06-12 21:59:12", "elapsed": 62.725555, "delta": 0.140624}}
{"target": -97.20188706190302, "params": {"p_ai": 1.0324440427708175, "p_al": 0.24620034805926763, "p_ex": 7.058392201809326, "prior": 9.791295782091213, "rate": 7.851867464260117}, "datetime": {"datetime": "2024-06-12 21:59:12", "elapsed": 62.839823, "delta": 0.114268}}
{"target": -151.1523500937502, "params": {"p_ai": 7.647497242257331, "p_al": 6.754799709264521, "p_ex": 7.9552316002763535, "prior": 0.40113783894076427, "rate": 2.647551635536823}, "datetime": {"datetime": "2024-06-12 21:59:12", "elapsed": 62.962094, "delta": 0.122271}}
{"target": -113.34237201899731, "params": {"p_ai": 6.9542799621795535, "p_al": 8.670016307747831, "p_ex": 6.746394111296426, "prior": 1.7635850037063328, "rate": 9.363148290996985}, "datetime": {"datetime": "2024-06-12 21:59:12", "elapsed": 63.077785, "delta": 0.115691}}
{"target": -135.80718297982665, "params": {"p_ai": 9.033883622408418, "p_al": 0.8677009826349238, "p_ex": 1.9308073757049558, "prior": 2.7526551130746566, "rate": 7.384380294175464}, "datetime": {"datetime": "2024-06-12 21:59:12", "elapsed": 63.192478, "delta": 0.114693}}
{"target": -159.88902650409247, "params": {"p_ai": 8.59387390968027, "p_al": 5.7836455521280605, "p_ex": 1.9972560609459706, "prior": 4.151483786326004, "rate": 1.3794541434408072}, "datetime": {"datetime": "2024-06-12 21:59:12", "elapsed": 63.306005, "delta": 0.113527}}
{"target": -156.0437573192001, "params": {"p_ai": 9.174044472397386, "p_al": 7.645544873164326, "p_ex": 5.10262812422697, "prior": 4.536296856665209, "rate": 0.9793229413773535}, "datetime": {"datetime": "2024-06-12 21:59:12", "elapsed": 63.419174, "delta": 0.113169}}
{"target": -80.52981075924822, "params": {"p_ai": 3.1874348876469725, "p_al": 1.2072073207786072, "p_ex": 7.823598295559239, "prior": 5.44929218305527, "rate": 2.2735465367701733}, "datetime": {"datetime": "2024-06-12 21:59:13", "elapsed": 63.533866, "delta": 0.114692}}
{"target": -95.389932919861, "params": {"p_ai": 2.242804189720107, "p_al": 2.6047215769603396, "p_ex": 3.0894186504102437, "prior": 3.8776636126823174, "rate": 2.9761917748399953}, "datetime": {"datetime": "2024-06-12 21:59:13", "elapsed": 63.648563, "delta": 0.114697}}
{"target": -108.3012490321, "params": {"p_ai": 6.795879389436971, "p_al": 0.351701119431484, "p_ex": 3.2817750389987497, "prior": 7.4531734367072975, "rate": 9.428137042767773}, "datetime": {"datetime": "2024-06-12 21:59:13", "elapsed": 63.768029, "delta": 0.119466}}
{"target": -124.78644347105828, "params": {"p_ai": 8.027522769025355, "p_al": 2.4090212695059683, "p_ex": 2.329921768369933, "prior": 1.904177610377174, "rate": 8.825092851051235}, "datetime": {"datetime": "2024-06-12 21:59:13", "elapsed": 63.88978, "delta": 0.121751}}
{"target": -136.20173609862942, "params": {"p_ai": 2.3793190167249576, "p_al": 7.582048053507862, "p_ex": 2.611236264315461, "prior": 0.3317853522317488, "rate": 7.334743552987591}, "datetime": {"datetime": "2024-06-12 21:59:13", "elapsed": 64.006471, "delta": 0.116691}}
{"target": -125.39281813393953, "params": {"p_ai": 7.262291896142214, "p_al": 0.8905021504995737, "p_ex": 3.2676858780380864, "prior": 9.483704536600037, "rate": 1.6303270368232625}, "datetime": {"datetime": "2024-06-12 21:59:13", "elapsed": 64.119675, "delta": 0.113204}}
{"target": -86.53185632578672, "params": {"p_ai": 0.8676380540564483, "p_al": 5.946444277228148, "p_ex": 9.309967663594373, "prior": 1.3386492991231709, "rate": 5.130609924306518}, "datetime": {"datetime": "2024-06-12 21:59:13", "elapsed": 64.234505, "delta": 0.11483}}
{"target": -146.9300931904398, "params": {"p_ai": 6.84030814195546, "p_al": 1.7191257663086643, "p_ex": 0.11358767502840258, "prior": 8.876943621666769, "rate": 0.3532774752629418}, "datetime": {"datetime": "2024-06-12 21:59:13", "elapsed": 64.349526, "delta": 0.115021}}
{"target": -145.2561295951944, "params": {"p_ai": 2.575325379792938, "p_al": 6.5171886333749445, "p_ex": 2.8585435506242662, "prior": 0.09806625815159087, "rate": 5.754942892815359}, "datetime": {"datetime": "2024-06-12 21:59:13", "elapsed": 64.463222, "delta": 0.113696}}
{"target": -85.79209469713602, "params": {"p_ai": 3.078614991068771, "p_al": 1.5159891044593792, "p_ex": 9.712861834014069, "prior": 1.6505577067216257, "rate": 7.272627175991628}, "datetime": {"datetime": "2024-06-12 21:59:14", "elapsed": 64.577915, "delta": 0.114693}}
{"target": -244.4222596921252, "params": {"p_ai": 8.907351190743636, "p_al": 8.587292442153725, "p_ex": 1.8433864145173096, "prior": 2.3688485284086984, "rate": 0.1846080023892216}, "datetime": {"datetime": "2024-06-12 21:59:14", "elapsed": 64.692744, "delta": 0.114829}}
{"target": -192.5987582910273, "params": {"p_ai": 9.314123267181278, "p_al": 8.871324645396406, "p_ex": 5.95506622352646, "prior": 1.0945671874130298, "rate": 1.736252925778173}, "datetime": {"datetime": "2024-06-12 21:59:14", "elapsed": 64.807437, "delta": 0.114693}}
{"target": -110.79974931117671, "params": {"p_ai": 5.770026748955153, "p_al": 2.5173180780279494, "p_ex": 3.0024181605272484, "prior": 1.7107025020812408, "rate": 1.8967275990085757}, "datetime": {"datetime": "2024-06-12 21:59:14", "elapsed": 64.923341, "delta": 0.115904}}
