{"target": -199.53599675512598, "params": {"p_ai": 9.475541865009603, "p_al": 2.2151059105005597, "p_ex": 2.6714531248239735, "prior": 0.8156581748077427, "rate": 4.286759667809202}, "datetime": {"datetime": "2024-06-13 00:14:24", "elapsed": 8.644655, "delta": 0.108709}}
{"target": -106.69584997933273, "params": {"p_ai": 1.091078621426664, "p_al": 6.3382338193585674, "p_ex": 8.029829410500005, "prior": 6.968308160705665, "rate": 7.66234759937663}, "datetime": {"datetime": "2024-06-13 00:14:24", "elapsed": 8.752507, "delta": 0.107852}}
{"target": -116.08959509034526, "params": {"p_ai": 3.4251987443153546, "p_al": 8.45866897879375, "p_ex": 4.2882589812194265, "prior": 8.240274694252776, "rate": 6.265335090084314}, "datetime": {"datetime": "2024-06-13 00:14:24", "elapsed": 8.860799, "delta": 0.108292}}
{"target": -132.89489849954228, "params": {"p_ai": 1.435087063653779, "p_al": 0.7847906116496246, "p_ex": 0.1843080964871599, "prior": 0.6681832513959254, "rate": 4.586379553270611}, "datetime": {"datetime": "2024-06-13 00:14:24", "elapsed": 8.971503, "delta": 0.110704}}
{"target": -104.97931325242597, "params": {"p_ai": 1.1343058857531372, "p_al": 0.27880570513785086, "p_ex": 7.5488599524232844, "prior": 3.949109954125934, "rate": 7.469638017579644}, "datetime": {"datetime": "2024-06-13 00:14:24", "elapsed": 9.080213, "delta": 0.10871}}
{"target": -120.62664336145022, "params": {"p_ai": 4.52459586263777, "p_al": 4.501417383260611, "p_ex": 4.7812469946715925, "prior": 4.740565261695378, "rate": 8.031830257799582}, "datetime": {"datetime": "2024-06-13 00:14:24", "elapsed": 9.189971, "delta": 0.109758}}
{"target": -157.00190477776553, "params": {"p_ai": 4.024522806057501, "p_al": 9.046956917275887, "p_ex": 0.3715734184924046, "prior": 7.738969552861467, "rate": 1.2572881699962504}, "datetime": {"datetime": "2024-06-13 00:14:24", "elapsed": 9.298188, "delta": 0.108217}}
{"target": -152.65528159319175, "params": {"p_ai": 6.185517155553943, "p_al": 0.10463224909098416, "p_ex": 5.386734198480894, "prior": 0.031176548239344033, "rate": 9.511986661116556}, "datetime": {"datetime": "2024-06-13 00:14:25", "elapsed": 9.408723, "delta": 0.110535}}
{"target": -207.71714652030218, "params": {"p_ai": 9.054114934994077, "p_al": 7.959873452480752, "p_ex": 9.15282792482796, "prior": 1.4564367533528122, "rate": 1.5781429686354622}, "datetime": {"datetime": "2024-06-13 00:14:25", "elapsed": 9.517366, "delta": 0.108643}}
{"target": -102.34681926146627, "params": {"p_ai": 1.8771290973514374, "p_al": 6.225336527096912, "p_ex": 9.05818915058701, "prior": 9.899561828412377, "rate": 7.111513465199394}, "datetime": {"datetime": "2024-06-13 00:14:25", "elapsed": 9.626892, "delta": 0.109526}}
{"target": -204.89632919825038, "params": {"p_ai": 7.318272291013812, "p_al": 9.093022752238, "p_ex": 4.009336449978838, "prior": 2.4992569515701426, "rate": 1.7351282777004415}, "datetime": {"datetime": "2024-06-13 00:14:25", "elapsed": 9.740881, "delta": 0.113989}}
{"target": -131.7377327632203, "params": {"p_ai": 1.1954510462869563, "p_al": 8.126293269740254, "p_ex": 1.4687769417990144, "prior": 2.6437105297862797, "rate": 8.191072697156674}, "datetime": {"datetime": "2024-06-13 00:14:25", "elapsed": 9.850847, "delta": 0.109966}}
{"target": -134.85123262502182, "params": {"p_ai": 3.106561930690306, "p_al": 9.824192075480136, "p_ex": 2.6671203828142005, "prior": 5.336999796367143, "rate": 3.1453556448473106}, "datetime": {"datetime": "2024-06-13 00:14:25", "elapsed": 9.95976, "delta": 0.108913}}
{"target": -179.45473083932654, "params": {"p_ai": 9.1078175389072, "p_al": 3.666199881868493, "p_ex": 4.336489680404373, "prior": 5.123414630091336, "rate": 9.388925887219763}, "datetime": {"datetime": "2024-06-13 00:14:25", "elapsed": 10.09257, "delta": 0.13281}}
{"target": -170.9140943256358, "params": {"p_ai": 0.310459113705236, "p_al": 7.1690697576532605, "p_ex": 8.910298523969097, "prior": 0.2738449479511707, "rate": 5.220990421277856}, "datetime": {"datetime": "2024-06-13 00:14:25", "elapsed": 10.203826, "delta": 0.111256}}
{"target": -112.02631059420814, "params": {"p_ai": 3.2605721278884827, "p_al": 8.595033719334992, "p_ex": 5.585606992674257, "prior": 6.902588453759316, "rate": 4.529082146015424}, "datetime": {"datetime": "2024-06-13 00:14:25", "elapsed": 10.316268, "delta": 0.112442}}
{"target": -175.1699847517062, "params": {"p_ai": 6.2834620661760505, "p_al": 2.901678420022571, "p_ex": 0.0944764310871913, "prior": 5.767982593935921, "rate": 3.1151306971104957}, "datetime": {"datetime": "2024-06-13 00:14:26", "elapsed": 10.421986, "delta": 0.105718}}
{"target": -154.38100118279752, "params": {"p_ai": 5.1731587174127975, "p_al": 9.164142124685924, "p_ex": 4.265321410225459, "prior": 2.4747129699872517, "rate": 3.7135663190292654}, "datetime": {"datetime": "2024-06-13 00:14:26", "elapsed": 10.528554, "delta": 0.106568}}
{"target": -174.46104897978233, "params": {"p_ai": 9.31867930524877, "p_al": 9.368746944709628, "p_ex": 8.443455155708566, "prior": 9.202144936542298, "rate": 2.279774999223218}, "datetime": {"datetime": "2024-06-13 00:14:26", "elapsed": 10.639257, "delta": 0.110703}}
{"target": -112.2871598386428, "params": {"p_ai": 0.8757346133263552, "p_al": 2.273870053110603, "p_ex": 3.1444517845243904, "prior": 1.7484839976867594, "rate": 6.071334525562633}, "datetime": {"datetime": "2024-06-13 00:14:26", "elapsed": 10.748883, "delta": 0.109626}}
{"target": -145.43888346350093, "params": {"p_ai": 4.136450563596613, "p_al": 8.163698766760314, "p_ex": 1.8521188522920375, "prior": 7.019063421033349, "rate": 2.4043158928665394}, "datetime": {"datetime": "2024-06-13 00:14:26", "elapsed": 10.860224, "delta": 0.111341}}
{"target": -166.18799686143777, "params": {"p_ai": 5.742616669319757, "p_al": 3.490526984610668, "p_ex": 0.5705870304288444, "prior": 2.288907895932798, "rate": 6.641361450992581}, "datetime": {"datetime": "2024-06-13 00:14:26", "elapsed": 10.972217, "delta": 0.111993}}
{"target": -142.4401406273522, "params": {"p_ai": 4.973003683511953, "p_al": 5.190640824752714, "p_ex": 1.7480267809391161, "prior": 5.7075877996110185, "rate": 9.967537498656892}, "datetime": {"datetime": "2024-06-13 00:14:26", "elapsed": 11.077892, "delta": 0.105675}}
{"target": -148.38072010514378, "params": {"p_ai": 8.168534252807428, "p_al": 5.944131865685947, "p_ex": 9.759914694240718, "prior": 9.015724284108543, "rate": 5.956483728092853}, "datetime": {"datetime": "2024-06-13 00:14:26", "elapsed": 11.183609, "delta": 0.105717}}
{"target": -137.58204660909595, "params": {"p_ai": 0.32523082681925664, "p_al": 0.93667738107899, "p_ex": 0.6546517787072217, "prior": 4.517879753766062, "rate": 3.75497289684541}, "datetime": {"datetime": "2024-06-13 00:14:26", "elapsed": 11.289829, "delta": 0.10622}}
{"target": -171.4246631541859, "params": {"p_ai": 9.753524992668595, "p_al": 1.6806649487029495, "p_ex": 9.72790313173462, "prior": 7.674981213761269, "rate": 8.242554158405353}, "datetime": {"datetime": "2024-06-13 00:14:27", "elapsed": 11.395547, "delta": 0.105718}}
{"target": -249.73166176650642, "params": {"p_ai": 6.326525551963195, "p_al": 6.6876589692971145, "p_ex": 4.769346452878413, "prior": 0.13235043287379938, "rate": 3.530707849332706}, "datetime": {"datetime": "2024-06-13 00:14:27", "elapsed": 11.50133, "delta": 0.105783}}
{"target": -145.1334458392227, "params": {"p_ai": 4.9212259431340915, "p_al": 7.3011820196899535, "p_ex": 4.686814799118347, "prior": 4.574591755978228, "rate": 1.377489746715086}, "datetime": {"datetime": "2024-06-13 00:14:27", "elapsed": 11.606022, "delta": 0.104692}}
{"target": -138.82754322717898, "params": {"p_ai": 0.10987644930098642, "p_al": 7.583024326509486, "p_ex": 3.200208427938706, "prior": 9.843850118484914, "rate": 2.2031220273654006}, "datetime": {"datetime": "2024-06-13 00:14:27", "elapsed": 11.710191, "delta": 0.104169}}
{"target": -113.07768015282235, "params": {"p_ai": 3.387741546791315, "p_al": 5.239437460525651, "p_ex": 7.549159679148268, "prior": 4.639113981219056, "rate": 1.2491006085736511}, "datetime": {"datetime": "2024-06-13 00:14:27", "elapsed": 11.815164, "delta": 0.104973}}
{"target": -114.76835492278941, "params": {"p_ai": 3.125701283542003, "p_al": 5.045687177840246, "p_ex": 6.73881623116066, "prior": 7.70172941316461, "rate": 1.3042274737625883}, "datetime": {"datetime": "2024-06-13 00:14:27", "elapsed": 11.92073, "delta": 0.105566}}
{"target": -176.61617477521335, "params": {"p_ai": 0.23012839809249527, "p_al": 5.191304139797683, "p_ex": 8.1000771179135, "prior": 0.12702506653173326, "rate": 6.725025976692686}, "datetime": {"datetime": "2024-06-13 00:14:27", "elapsed": 12.02645, "delta": 0.10572}}
{"target": -157.22690271156785, "params": {"p_ai": 6.868395458343262, "p_al": 4.49301828911279, "p_ex": 9.1479720787326, "prior": 6.443966486485173, "rate": 0.05339313667700704}, "datetime": {"datetime": "2024-06-13 00:14:27", "elapsed": 12.131676, "delta": 0.105226}}
{"target": -116.10906936526467, "params": {"p_ai": 4.844800026698242, "p_al": 8.593318743169903, "p_ex": 8.304165300803357, "prior": 6.491892816927667, "rate": 6.737310540562419}, "datetime": {"datetime": "2024-06-13 00:14:27", "elapsed": 12.237414, "delta": 0.105738}}
{"target": -131.1697551623129, "params": {"p_ai": 5.7854172983122165, "p_al": 2.741923631893355, "p_ex": 5.605739375370052, "prior": 6.717626118389386, "rate": 3.5249438725338718}, "datetime": {"datetime": "2024-06-13 00:14:27", "elapsed": 12.344567, "delta": 0.107153}}
{"target": -167.01188831873864, "params": {"p_ai": 8.558427844172023, "p_al": 1.9511798226010642, "p_ex": 7.473460782508901, "prior": 2.8967378591225876, "rate": 7.738219073154577}, "datetime": {"datetime": "2024-06-13 00:14:28", "elapsed": 12.450261, "delta": 0.105694}}
{"target": -136.66460674304506, "params": {"p_ai": 4.277945556031427, "p_al": 8.077176392712982, "p_ex": 3.535995091817236, "prior": 2.137718683058182, "rate": 7.673077799709245}, "datetime": {"datetime": "2024-06-13 00:14:28", "elapsed": 12.556133, "delta": 0.105872}}
{"target": -119.23503879054095, "params": {"p_ai": 3.0871108343588807, "p_al": 7.332717432196549, "p_ex": 7.444987057624244, "prior": 2.2147456123811025, "rate": 2.141907256069664}, "datetime": {"datetime": "2024-06-13 00:14:28", "elapsed": 12.661003, "delta": 0.10487}}
{"target": -125.73704721669525, "params": {"p_ai": 1.9902802863472397, "p_al": 1.4260408593206808, "p_ex": 3.7714489094741337, "prior": 0.26725221903152313, "rate": 1.110092769973372}, "datetime": {"datetime": "2024-06-13 00:14:28", "elapsed": 12.767533, "delta": 0.10653}}
{"target": -217.10958229754524, "params": {"p_ai": 6.745965673610343, "p_al": 7.997965592436966, "p_ex": 0.8062147417567307, "prior": 2.3177914025474347, "rate": 2.0770489923763398}, "datetime": {"datetime": "2024-06-13 00:14:28", "elapsed": 12.872696, "delta": 0.105163}}
{"target": -184.34651739178827, "params": {"p_ai": 9.173418297253225, "p_al": 7.113433866846732, "p_ex": 5.539292225903092, "prior": 3.0458753612182816, "rate": 8.348705622270353}, "datetime": {"datetime": "2024-06-13 00:14:28", "elapsed": 12.977998, "delta": 0.105302}}
{"target": -134.6652848137485, "params": {"p_ai": 4.353624270337571, "p_al": 9.234638694972633, "p_ex": 7.0608119915549965, "prior": 4.780835048344869, "rate": 1.2629748273898376}, "datetime": {"datetime": "2024-06-13 00:14:28", "elapsed": 13.084398, "delta": 0.1064}}
{"target": -201.44148538299476, "params": {"p_ai": 9.760459461127008, "p_al": 1.5991766697905894, "p_ex": 2.026818650071406, "prior": 4.312386369848549, "rate": 4.042614855845698}, "datetime": {"datetime": "2024-06-13 00:14:28", "elapsed": 13.188959, "delta": 0.104561}}
{"target": -121.75204536725744, "params": {"p_ai": 1.4683680561621768, "p_al": 7.293459874691873, "p_ex": 1.8882619237049822, "prior": 6.439312547472317, "rate": 7.543305199812411}, "datetime": {"datetime": "2024-06-13 00:14:28", "elapsed": 13.294692, "delta": 0.105733}}
{"target": -100.98086662526308, "params": {"p_ai": 2.108113188441124, "p_al": 6.0099415268282925, "p_ex": 7.489534824083119, "prior": 6.382548887492715, "rate": 5.971675902163545}, "datetime": {"datetime": "2024-06-13 00:14:29", "elapsed": 13.40041, "delta": 0.105718}}
{"target": -103.38017040289711, "params": {"p_ai": 2.955527374269315, "p_al": 7.316333105943847, "p_ex": 9.453139091559498, "prior": 4.256188341225208, "rate": 7.822035986497222}, "datetime": {"datetime": "2024-06-13 00:14:29", "elapsed": 13.50746, "delta": 0.10705}}
{"target": -133.0434351343213, "params": {"p_ai": 0.5623542555794911, "p_al": 8.35288075329717, "p_ex": 1.9233079182046549, "prior": 3.951573592030842, "rate": 3.001510378207639}, "datetime": {"datetime": "2024-06-13 00:14:29", "elapsed": 13.612168, "delta": 0.104708}}
{"target": -120.84441967325151, "params": {"p_ai": 0.8019563344166869, "p_al": 9.046405398359493, "p_ex": 3.702171621359829, "prior": 5.30744368732292, "rate": 4.941668542697355}, "datetime": {"datetime": "2024-06-13 00:14:29", "elapsed": 13.717936, "delta": 0.105768}}
{"target": -128.56973202943482, "params": {"p_ai": 1.3224792582874385, "p_al": 2.0653341348354406, "p_ex": 0.7628119015141794, "prior": 5.07970907775293, "rate": 2.616233968778038}, "datetime": {"datetime": "2024-06-13 00:14:29", "elapsed": 13.824176, "delta": 0.10624}}
{"target": -118.68463863426322, "params": {"p_ai": 3.5712590272190368, "p_al": 1.0815452216436712, "p_ex": 7.87573084468542, "prior": 1.0667321840112223, "rate": 9.857102528308165}, "datetime": {"datetime": "2024-06-13 00:14:29", "elapsed": 13.930123, "delta": 0.105947}}
{"target": -131.8175229215144, "params": {"p_ai": 1.772434483219735, "p_al": 5.724478719234059, "p_ex": 0.4494085005562922, "prior": 7.871375780268687, "rate": 1.8968698722351471}, "datetime": {"datetime": "2024-06-13 00:14:29", "elapsed": 14.035581, "delta": 0.105458}}
{"target": -163.61131784761898, "params": {"p_ai": 5.279511880102859, "p_al": 7.401035354047558, "p_ex": 1.5001649176876422, "prior": 5.511320654695531, "rate": 2.1669554660794654}, "datetime": {"datetime": "2024-06-13 00:14:29", "elapsed": 14.14065, "delta": 0.105069}}
{"target": -193.72361889431244, "params": {"p_ai": 7.592201297122131, "p_al": 7.229429020368581, "p_ex": 1.7663137937365532, "prior": 8.619803610113067, "rate": 0.1987312200639263}, "datetime": {"datetime": "2024-06-13 00:14:29", "elapsed": 14.246647, "delta": 0.105997}}
{"target": -175.5084901732839, "params": {"p_ai": 8.60250973723373, "p_al": 5.589479207798223, "p_ex": 4.032801500586387, "prior": 7.587710563292345, "rate": 7.169573087923007}, "datetime": {"datetime": "2024-06-13 00:14:29", "elapsed": 14.352357, "delta": 0.10571}}
{"target": -220.50345782117572, "params": {"p_ai": 9.873274421909457, "p_al": 2.7815724010812146, "p_ex": 0.03893293042101652, "prior": 9.339092180540563, "rate": 8.5791131482744}, "datetime": {"datetime": "2024-06-13 00:14:30", "elapsed": 14.457457, "delta": 0.1051}}
{"target": -145.77054124479952, "params": {"p_ai": 7.28877992431504, "p_al": 5.167371140432463, "p_ex": 7.069855496242362, "prior": 7.805515039210552, "rate": 3.749384559425057}, "datetime": {"datetime": "2024-06-13 00:14:30", "elapsed": 14.563137, "delta": 0.10568}}
{"target": -160.64824703779908, "params": {"p_ai": 7.703454930774247, "p_al": 7.506492567432579, "p_ex": 6.132498904231054, "prior": 4.019257373754407, "rate": 6.9733828846241455}, "datetime": {"datetime": "2024-06-13 00:14:30", "elapsed": 14.669126, "delta": 0.105989}}
{"target": -140.30114029957255, "params": {"p_ai": 0.032125465394095866, "p_al": 7.749191570599254, "p_ex": 8.964269607966013, "prior": 2.393917758667609, "rate": 1.208551075907988}, "datetime": {"datetime": "2024-06-13 00:14:30", "elapsed": 14.774138, "delta": 0.105012}}
{"target": -102.64762892051456, "params": {"p_ai": 2.2036195939494823, "p_al": 3.021665216169693, "p_ex": 8.830402057129778, "prior": 5.432121135950708, "rate": 2.8678297844146994}, "datetime": {"datetime": "2024-06-13 00:14:30", "elapsed": 14.880003, "delta": 0.105865}}
{"target": -103.77774258085206, "params": {"p_ai": 1.3844085432396722, "p_al": 2.902154486582312, "p_ex": 6.139097026322785, "prior": 3.242061160444569, "rate": 4.574144456728294}, "datetime": {"datetime": "2024-06-13 00:14:30", "elapsed": 14.985123, "delta": 0.10512}}
{"target": -129.85543930640702, "params": {"p_ai": 4.441726953059129, "p_al": 8.281525471954389, "p_ex": 4.264055194208071, "prior": 3.4576425129338477, "rate": 6.7500410764862435}, "datetime": {"datetime": "2024-06-13 00:14:30", "elapsed": 15.090842, "delta": 0.105719}}
{"target": -111.143273121461, "params": {"p_ai": 2.215599075279554, "p_al": 4.672990993441612, "p_ex": 3.1483421075528404, "prior": 6.268929166026184, "rate": 8.773727386473432}, "datetime": {"datetime": "2024-06-13 00:14:30", "elapsed": 15.212117, "delta": 0.121275}}
{"target": -138.0591712105442, "params": {"p_ai": 4.47744231245614, "p_al": 7.84478973050044, "p_ex": 4.570200039914943, "prior": 6.562637087839597, "rate": 1.3192779092999938}, "datetime": {"datetime": "2024-06-13 00:14:30", "elapsed": 15.318312, "delta": 0.106195}}
{"target": -118.09090650630215, "params": {"p_ai": 4.3303820881695145, "p_al": 9.093210574560711, "p_ex": 6.055184531308316, "prior": 7.6679790977837845, "rate": 5.047501380350848}, "datetime": {"datetime": "2024-06-13 00:14:31", "elapsed": 15.424104, "delta": 0.105792}}
{"target": -158.86555065708836, "params": {"p_ai": 4.981058192655247, "p_al": 8.429155502088307, "p_ex": 0.6790015364751966, "prior": 5.733149443225297, "rate": 9.42768299175406}, "datetime": {"datetime": "2024-06-13 00:14:31", "elapsed": 15.530067, "delta": 0.105963}}
{"target": -124.57201000315807, "params": {"p_ai": 5.179082621675048, "p_al": 1.945463629469317, "p_ex": 8.479545985042318, "prior": 2.5171397844161723, "rate": 7.007559638788898}, "datetime": {"datetime": "2024-06-13 00:14:31", "elapsed": 15.636097, "delta": 0.10603}}
{"target": -156.2633421366576, "params": {"p_ai": 5.403069143028603, "p_al": 9.488414046513915, "p_ex": 6.2437426873243576, "prior": 8.379941642515245, "rate": 0.08032082906903645}, "datetime": {"datetime": "2024-06-13 00:14:31", "elapsed": 15.742496, "delta": 0.106399}}
{"target": -209.49085547027488, "params": {"p_ai": 9.893411221610213, "p_al": 0.7780679887535326, "p_ex": 3.2219730066340815, "prior": 9.461577802172197, "rate": 0.09038208461007943}, "datetime": {"datetime": "2024-06-13 00:14:31", "elapsed": 15.848797, "delta": 0.106301}}
{"target": -180.47625292937354, "params": {"p_ai": 8.227477324213933, "p_al": 8.612255172029577, "p_ex": 4.398868311271517, "prior": 2.558196192865506, "rate": 8.027092506813352}, "datetime": {"datetime": "2024-06-13 00:14:31", "elapsed": 15.953639, "delta": 0.104842}}
{"target": -106.93349575196379, "params": {"p_ai": 4.77914218231778, "p_al": 1.3442517479483056, "p_ex": 9.278562079257282, "prior": 8.959803700099478, "rate": 4.915959955019337}, "datetime": {"datetime": "2024-06-13 00:14:31", "elapsed": 16.060353, "delta": 0.106714}}
{"target": -165.58601428418228, "params": {"p_ai": 8.567168262681404, "p_al": 4.1863616796152225, "p_ex": 6.834965536762845, "prior": 3.9805084034398166, "rate": 5.057914432490653}, "datetime": {"datetime": "2024-06-13 00:14:31", "elapsed": 16.166071, "delta": 0.105718}}
{"target": -225.64862200605626, "params": {"p_ai": 1.896327476636439, "p_al": 9.649924252185027, "p_ex": 2.9428626667543027, "prior": 1.035492101607897, "rate": 1.4440096868902519}, "datetime": {"datetime": "2024-06-13 00:14:31", "elapsed": 16.270779, "delta": 0.104708}}
{"target": -129.6079807624385, "params": {"p_ai": 0.14190884963023712, "p_al": 7.1597410489244835, "p_ex": 5.645418704088501, "prior": 7.945988933496338, "rate": 5.0712921529180806}, "datetime": {"datetime": "2024-06-13 00:14:32", "elapsed": 16.376285, "delta": 0.105506}}
{"target": -158.93826182053115, "params": {"p_ai": 7.918418574002035, "p_al": 6.957946378504123, "p_ex": 7.778706920114895, "prior": 4.065422206901887, "rate": 6.478058561241625}, "datetime": {"datetime": "2024-06-13 00:14:32", "elapsed": 16.482274, "delta": 0.105989}}
{"target": -123.56516223075747, "params": {"p_ai": 1.798763182632051, "p_al": 3.2188778139156518, "p_ex": 1.7268735965778053, "prior": 4.086963612907611, "rate": 2.4149460609080227}, "datetime": {"datetime": "2024-06-13 00:14:32", "elapsed": 16.587869, "delta": 0.105595}}
{"target": -128.31110659379186, "params": {"p_ai": 4.069813019299451, "p_al": 9.752248202030684, "p_ex": 3.2038729388944907, "prior": 9.824926958803978, "rate": 6.363424952433981}, "datetime": {"datetime": "2024-06-13 00:14:32", "elapsed": 16.694069, "delta": 0.1062}}
{"target": -120.40414863509169, "params": {"p_ai": 3.7515350929207165, "p_al": 8.574987506336882, "p_ex": 6.19624780694637, "prior": 2.521078768228263, "rate": 7.9287639240909}, "datetime": {"datetime": "2024-06-13 00:14:32", "elapsed": 16.798672, "delta": 0.104603}}
{"target": -129.09204329876033, "params": {"p_ai": 4.329952148832897, "p_al": 3.5757541621370836, "p_ex": 3.3034390883142843, "prior": 6.973991387255782, "rate": 2.6872325889383593}, "datetime": {"datetime": "2024-06-13 00:14:32", "elapsed": 16.911904, "delta": 0.113232}}
{"target": -161.44039969285186, "params": {"p_ai": 8.082971859040095, "p_al": 2.953592655204078, "p_ex": 5.441669714469987, "prior": 4.879726996560219, "rate": 8.553708769541101}, "datetime": {"datetime": "2024-06-13 00:14:32", "elapsed": 17.017653, "delta": 0.105749}}
{"target": -169.1060714447179, "params": {"p_ai": 8.883975957519464, "p_al": 1.8446600392352996, "p_ex": 5.853899240923573, "prior": 8.982152255125355, "rate": 4.461726073125263}, "datetime": {"datetime": "2024-06-13 00:14:32", "elapsed": 17.123395, "delta": 0.105742}}
{"target": -175.43830301324934, "params": {"p_ai": 9.218761186532669, "p_al": 2.790629913679252, "p_ex": 6.0887029107637645, "prior": 6.824854643958388, "rate": 2.2828291277714907}, "datetime": {"datetime": "2024-06-13 00:14:32", "elapsed": 17.229641, "delta": 0.106246}}
