{"target": -158.71292380800404, "params": {"gamma": 0.16150603946145364, "lr": 0.15270593118117648}, "datetime": {"datetime": "2024-06-13 22:59:29", "elapsed": 5.289007, "delta": 0.004987}}
{"target": -1060.924175728384, "params": {"gamma": 4.621379845784425, "lr": 0.7559010975378051}, "datetime": {"datetime": "2024-06-13 22:59:29", "elapsed": 5.292997, "delta": 0.00399}}
{"target": -1648.9346145550505, "params": {"gamma": 7.2884205045195944, "lr": 0.3523894424830367}, "datetime": {"datetime": "2024-06-13 22:59:29", "elapsed": 5.297983, "delta": 0.004986}}
{"target": -1112.4124567603465, "params": {"gamma": 4.7919136483503735, "lr": 0.8140737533756652}, "datetime": {"datetime": "2024-06-13 22:59:29", "elapsed": 5.30297, "delta": 0.004987}}
{"target": -1881.5392302065286, "params": {"gamma": 8.384190660883412, "lr": 0.3199167004179855}, "datetime": {"datetime": "2024-06-13 22:59:29", "elapsed": 5.306959, "delta": 0.003989}}
{"target": -151.06986084036836, "params": {"gamma": 0.043645919052664246, "lr": 0.046930843226232644}, "datetime": {"datetime": "2024-06-13 22:59:29", "elapsed": 5.311946, "delta": 0.004987}}
{"target": -1832.9606634337315, "params": {"gamma": 7.378335968662237, "lr": 0.27263228107250803}, "datetime": {"datetime": "2024-06-13 22:59:29", "elapsed": 5.316933, "delta": 0.004987}}
{"target": -1506.192493196455, "params": {"gamma": 4.815376636054336, "lr": 0.1920312660311443}, "datetime": {"datetime": "2024-06-13 22:59:29", "elapsed": 5.321919, "delta": 0.004986}}
{"target": -1778.872374726155, "params": {"gamma": 8.471282047905861, "lr": 0.5033776096365531}, "datetime": {"datetime": "2024-06-13 22:59:29", "elapsed": 5.325909, "delta": 0.00399}}
{"target": -1216.0395700178271, "params": {"gamma": 5.272074597046892, "lr": 0.28807958808575485}, "datetime": {"datetime": "2024-06-13 22:59:29", "elapsed": 5.330896, "delta": 0.004987}}
{"target": -1799.0950308614385, "params": {"gamma": 5.120480307408566, "lr": 0.0019636453825200295}, "datetime": {"datetime": "2024-06-13 22:59:29", "elapsed": 5.335882, "delta": 0.004986}}
{"target": -639.5297878701101, "params": {"gamma": 2.7736731083917574, "lr": 0.34876298353843593}, "datetime": {"datetime": "2024-06-13 22:59:29", "elapsed": 5.340868, "delta": 0.004986}}
{"target": -1017.9287527021282, "params": {"gamma": 2.8402249120040706, "lr": 0.08595222757741783}, "datetime": {"datetime": "2024-06-13 22:59:29", "elapsed": 5.345857, "delta": 0.004989}}
{"target": -1211.616630844121, "params": {"gamma": 5.2182903111313514, "lr": 0.7884791333735152}, "datetime": {"datetime": "2024-06-13 22:59:29", "elapsed": 5.349844, "delta": 0.003987}}
{"target": -1904.450143980503, "params": {"gamma": 9.426041757646109, "lr": 0.49728979211666346}, "datetime": {"datetime": "2024-06-13 22:59:29", "elapsed": 5.354862, "delta": 0.005018}}
{"target": -1367.2854571918806, "params": {"gamma": 5.93794482969608, "lr": 0.2908599378104706}, "datetime": {"datetime": "2024-06-13 22:59:29", "elapsed": 5.358821, "delta": 0.003959}}
{"target": -517.5594094559301, "params": {"gamma": 1.492445929692968, "lr": 0.13187169072844107}, "datetime": {"datetime": "2024-06-13 22:59:29", "elapsed": 5.363807, "delta": 0.004986}}
{"target": -1631.0869981649917, "params": {"gamma": 7.323875397919708, "lr": 0.7344694353499344}, "datetime": {"datetime": "2024-06-13 22:59:29", "elapsed": 5.367797, "delta": 0.00399}}
{"target": -395.9418987087822, "params": {"gamma": 1.7943208163497153, "lr": 0.41356037977579185}, "datetime": {"datetime": "2024-06-13 22:59:29", "elapsed": 5.372783, "delta": 0.004986}}
{"target": -1995.741667366684, "params": {"gamma": 5.941849134587504, "lr": 0.12528194618614874}, "datetime": {"datetime": "2024-06-13 22:59:29", "elapsed": 5.376773, "delta": 0.00399}}
{"target": -1639.3705975425307, "params": {"gamma": 7.85390412973879, "lr": 0.619992203320239}, "datetime": {"datetime": "2024-06-13 22:59:29", "elapsed": 5.381759, "delta": 0.004986}}
{"target": -1356.2725682945015, "params": {"gamma": 6.152601693393037, "lr": 0.7012080919186323}, "datetime": {"datetime": "2024-06-13 22:59:29", "elapsed": 5.385749, "delta": 0.00399}}
{"target": -2013.7211302463854, "params": {"gamma": 9.871843637581678, "lr": 0.5623944559571782}, "datetime": {"datetime": "2024-06-13 22:59:29", "elapsed": 5.390644, "delta": 0.004895}}
{"target": -1800.6262478244762, "params": {"gamma": 8.644298200721781, "lr": 0.4187086750571659}, "datetime": {"datetime": "2024-06-13 22:59:29", "elapsed": 5.395139, "delta": 0.004495}}
{"target": -1659.6369815132925, "params": {"gamma": 6.545039042923117, "lr": 0.9252611878587662}, "datetime": {"datetime": "2024-06-13 22:59:29", "elapsed": 5.399128, "delta": 0.003989}}
{"target": -1494.0551950062513, "params": {"gamma": 6.64184400562511, "lr": 0.3030806759430662}, "datetime": {"datetime": "2024-06-13 22:59:29", "elapsed": 5.404115, "delta": 0.004987}}
{"target": -1404.7291074976276, "params": {"gamma": 6.199836992922438, "lr": 0.35131832035819255}, "datetime": {"datetime": "2024-06-13 22:59:29", "elapsed": 5.408104, "delta": 0.003989}}
{"target": -686.6786250197715, "params": {"gamma": 3.224344384669061, "lr": 0.6102050587463702}, "datetime": {"datetime": "2024-06-13 22:59:29", "elapsed": 5.41309, "delta": 0.004986}}
{"target": -349.60955801217506, "params": {"gamma": 1.6040719966518822, "lr": 0.4867389357577533}, "datetime": {"datetime": "2024-06-13 22:59:29", "elapsed": 5.418077, "delta": 0.004987}}
{"target": -2001.8509519575096, "params": {"gamma": 9.456397215578926, "lr": 0.38391424197853796}, "datetime": {"datetime": "2024-06-13 22:59:29", "elapsed": 5.422066, "delta": 0.003989}}
{"target": -403.04737069694664, "params": {"gamma": 1.8904369698648686, "lr": 0.468838949642181}, "datetime": {"datetime": "2024-06-13 22:59:29", "elapsed": 5.426056, "delta": 0.00399}}
{"target": -1992.317358745587, "params": {"gamma": 8.409237406703872, "lr": 0.8426677225950326}, "datetime": {"datetime": "2024-06-13 22:59:29", "elapsed": 5.431042, "delta": 0.004986}}
{"target": -2894.722275048727, "params": {"gamma": 8.278204591352763, "lr": 0.011475512605813365}, "datetime": {"datetime": "2024-06-13 22:59:29", "elapsed": 5.435032, "delta": 0.00399}}
{"target": -689.8993150128455, "params": {"gamma": 2.6711360589730235, "lr": 0.9998757875742624}, "datetime": {"datetime": "2024-06-13 22:59:29", "elapsed": 5.440018, "delta": 0.004986}}
{"target": -276.9672067322347, "params": {"gamma": 1.1977130886476726, "lr": 0.4900894960876333}, "datetime": {"datetime": "2024-06-13 22:59:29", "elapsed": 5.444008, "delta": 0.00399}}
{"target": -2629.6210493801827, "params": {"gamma": 7.900471479876251, "lr": 0.12221391009385618}, "datetime": {"datetime": "2024-06-13 22:59:29", "elapsed": 5.448995, "delta": 0.004987}}
{"target": -1341.7172950622603, "params": {"gamma": 6.624429397731788, "lr": 0.4880804455213241}, "datetime": {"datetime": "2024-06-13 22:59:29", "elapsed": 5.452984, "delta": 0.003989}}
{"target": -496.9813569300711, "params": {"gamma": 1.9437055308797813, "lr": 0.8786300265827204}, "datetime": {"datetime": "2024-06-13 22:59:29", "elapsed": 5.45797, "delta": 0.004986}}
{"target": -405.75119168809516, "params": {"gamma": 1.8156924881797458, "lr": 0.6390528592947753}, "datetime": {"datetime": "2024-06-13 22:59:29", "elapsed": 5.46196, "delta": 0.00399}}
{"target": -1515.197777642828, "params": {"gamma": 7.4085279551010945, "lr": 0.5626728865932282}, "datetime": {"datetime": "2024-06-13 22:59:29", "elapsed": 5.466947, "delta": 0.004987}}
{"target": -2096.189233279842, "params": {"gamma": 6.288786844403314, "lr": 0.11896539662200445}, "datetime": {"datetime": "2024-06-13 22:59:29", "elapsed": 5.470936, "delta": 0.003989}}
{"target": -659.0158343923995, "params": {"gamma": 3.0810618335582585, "lr": 0.5869622072296792}, "datetime": {"datetime": "2024-06-13 22:59:29", "elapsed": 5.475923, "delta": 0.004987}}
{"target": -840.17357438152, "params": {"gamma": 3.955241699358807, "lr": 0.6639460814328006}, "datetime": {"datetime": "2024-06-13 22:59:29", "elapsed": 5.480909, "delta": 0.004986}}
{"target": -2654.2812885704107, "params": {"gamma": 8.519694493398179, "lr": 0.19022208931218354}, "datetime": {"datetime": "2024-06-13 22:59:29", "elapsed": 5.484898, "delta": 0.003989}}
{"target": -1912.9168420162482, "params": {"gamma": 9.032823736002479, "lr": 0.38317585043109326}, "datetime": {"datetime": "2024-06-13 22:59:29", "elapsed": 5.488888, "delta": 0.00399}}
{"target": -1964.984522153706, "params": {"gamma": 9.431300182951817, "lr": 0.6173823130249652}, "datetime": {"datetime": "2024-06-13 22:59:29", "elapsed": 5.493874, "delta": 0.004986}}
{"target": -1660.3607359792043, "params": {"gamma": 7.901165115937855, "lr": 0.514775428373226}, "datetime": {"datetime": "2024-06-13 22:59:29", "elapsed": 5.497864, "delta": 0.00399}}
{"target": -1198.5260834654753, "params": {"gamma": 5.311915799238696, "lr": 0.3275938987659719}, "datetime": {"datetime": "2024-06-13 22:59:29", "elapsed": 5.50285, "delta": 0.004986}}
{"target": -307.78117862902116, "params": {"gamma": 1.2945177075663274, "lr": 0.3838219118604237}, "datetime": {"datetime": "2024-06-13 22:59:29", "elapsed": 5.50684, "delta": 0.00399}}
{"target": -770.6921475025448, "params": {"gamma": 2.1505498314359848, "lr": 0.03286525588191658}, "datetime": {"datetime": "2024-06-13 22:59:29", "elapsed": 5.511827, "delta": 0.004987}}
{"target": -922.9620173784783, "params": {"gamma": 2.7495934114227696, "lr": 0.18057605266685695}, "datetime": {"datetime": "2024-06-13 22:59:29", "elapsed": 5.515816, "delta": 0.003989}}
{"target": -3060.3169308820998, "params": {"gamma": 8.75542762006619, "lr": 0.08123656243140498}, "datetime": {"datetime": "2024-06-13 22:59:29", "elapsed": 5.520803, "delta": 0.004987}}
{"target": -426.3474437437603, "params": {"gamma": 1.8397720952197505, "lr": 0.7040306955363342}, "datetime": {"datetime": "2024-06-13 22:59:29", "elapsed": 5.524792, "delta": 0.003989}}
{"target": -2278.2399298898517, "params": {"gamma": 9.192339684311714, "lr": 0.2514584522319341}, "datetime": {"datetime": "2024-06-13 22:59:29", "elapsed": 5.528781, "delta": 0.003989}}
{"target": -152.00212464365438, "params": {"gamma": 0.21399001348235436, "lr": 0.9605044727550998}, "datetime": {"datetime": "2024-06-13 22:59:29", "elapsed": 5.533768, "delta": 0.004987}}
{"target": -1534.226425318316, "params": {"gamma": 6.8225241840990325, "lr": 0.3106626960638559}, "datetime": {"datetime": "2024-06-13 22:59:29", "elapsed": 5.537757, "delta": 0.003989}}
{"target": -997.0536134879571, "params": {"gamma": 4.724262048710183, "lr": 0.5992558738787634}, "datetime": {"datetime": "2024-06-13 22:59:29", "elapsed": 5.542744, "delta": 0.004987}}
{"target": -916.0027004299058, "params": {"gamma": 3.7393118520813564, "lr": 0.874487796621177}, "datetime": {"datetime": "2024-06-13 22:59:29", "elapsed": 5.54773, "delta": 0.004986}}
{"target": -1839.8248125167381, "params": {"gamma": 7.261999710487967, "lr": 0.9543407046242112}, "datetime": {"datetime": "2024-06-13 22:59:29", "elapsed": 5.55172, "delta": 0.00399}}
{"target": -898.8797784036908, "params": {"gamma": 3.5113041629592687, "lr": 0.9371740887217811}, "datetime": {"datetime": "2024-06-13 22:59:29", "elapsed": 5.556707, "delta": 0.004987}}
{"target": -1012.7988916488853, "params": {"gamma": 4.791526641683215, "lr": 0.6423226386484714}, "datetime": {"datetime": "2024-06-13 22:59:29", "elapsed": 5.560696, "delta": 0.003989}}
{"target": -1702.1304327168045, "params": {"gamma": 7.36673540034412, "lr": 0.8093379690056801}, "datetime": {"datetime": "2024-06-13 22:59:29", "elapsed": 5.565682, "delta": 0.004986}}
{"target": -808.9314135278222, "params": {"gamma": 3.963197413459656, "lr": 0.44794597851477114}, "datetime": {"datetime": "2024-06-13 22:59:29", "elapsed": 5.569672, "delta": 0.00399}}
{"target": -1833.8758834903695, "params": {"gamma": 8.172952984101395, "lr": 0.7175572030909549}, "datetime": {"datetime": "2024-06-13 22:59:29", "elapsed": 5.573661, "delta": 0.003989}}
{"target": -2379.504697125594, "params": {"gamma": 9.408551244537064, "lr": 0.9795978714178412}, "datetime": {"datetime": "2024-06-13 22:59:29", "elapsed": 5.578648, "delta": 0.004987}}
{"target": -534.5202670765967, "params": {"gamma": 1.7899544503221003, "lr": 0.2279194118127552}, "datetime": {"datetime": "2024-06-13 22:59:29", "elapsed": 5.583634, "delta": 0.004986}}
{"target": -1595.0071453165576, "params": {"gamma": 7.16014848634319, "lr": 0.7473827346542434}, "datetime": {"datetime": "2024-06-13 22:59:29", "elapsed": 5.587624, "delta": 0.00399}}
{"target": -1487.1917080209716, "params": {"gamma": 6.032192362771022, "lr": 0.8772997642215113}, "datetime": {"datetime": "2024-06-13 22:59:29", "elapsed": 5.592611, "delta": 0.004987}}
{"target": -583.8195153457947, "params": {"gamma": 2.5206526306452743, "lr": 0.3394873942967924}, "datetime": {"datetime": "2024-06-13 22:59:29", "elapsed": 5.5966, "delta": 0.003989}}
{"target": -1117.5108321667733, "params": {"gamma": 4.946973834220983, "lr": 0.31502708896856757}, "datetime": {"datetime": "2024-06-13 22:59:29", "elapsed": 5.601586, "delta": 0.004986}}
{"target": -1209.1769406180654, "params": {"gamma": 5.454845454328703, "lr": 0.6824780792979444}, "datetime": {"datetime": "2024-06-13 22:59:29", "elapsed": 5.605576, "delta": 0.00399}}
{"target": -462.9225677242518, "params": {"gamma": 2.2044486446357947, "lr": 0.48533745396838057}, "datetime": {"datetime": "2024-06-13 22:59:29", "elapsed": 5.610563, "delta": 0.004987}}
{"target": -2225.378149111531, "params": {"gamma": 9.929820595017146, "lr": 0.3241613031812349}, "datetime": {"datetime": "2024-06-13 22:59:29", "elapsed": 5.614552, "delta": 0.003989}}
{"target": -162.20209328543427, "params": {"gamma": 0.35458383299364826, "lr": 0.8173517292840132}, "datetime": {"datetime": "2024-06-13 22:59:29", "elapsed": 5.619538, "delta": 0.004986}}
{"target": -1768.9450473964516, "params": {"gamma": 5.033564529213024, "lr": 0.052783856118570505}, "datetime": {"datetime": "2024-06-13 22:59:29", "elapsed": 5.623528, "delta": 0.00399}}
{"target": -1854.189719393276, "params": {"gamma": 8.903159967215188, "lr": 0.4045143799803578}, "datetime": {"datetime": "2024-06-13 22:59:29", "elapsed": 5.628515, "delta": 0.004987}}
{"target": -1934.8192417584714, "params": {"gamma": 9.292802548221829, "lr": 0.40207817380056154}, "datetime": {"datetime": "2024-06-13 22:59:29", "elapsed": 5.632504, "delta": 0.003989}}
{"target": -262.21110094795944, "params": {"gamma": 0.7692460154620339, "lr": 0.2453011441199927}, "datetime": {"datetime": "2024-06-13 22:59:29", "elapsed": 5.636493, "delta": 0.003989}}
{"target": -808.756143692076, "params": {"gamma": 3.503254796566321, "lr": 0.7507282923552251}, "datetime": {"datetime": "2024-06-13 22:59:29", "elapsed": 5.64148, "delta": 0.004987}}
{"target": -409.9590313827574, "params": {"gamma": 1.8482967753404873, "lr": 0.4309736537258744}, "datetime": {"datetime": "2024-06-13 22:59:29", "elapsed": 5.645469, "delta": 0.003989}}
{"target": -1833.1959852173154, "params": {"gamma": 8.732580952739871, "lr": 0.5337610913727832}, "datetime": {"datetime": "2024-06-13 22:59:29", "elapsed": 5.650456, "delta": 0.004987}}
{"target": -391.0401947726198, "params": {"gamma": 1.0324440427708175, "lr": 0.024522487054632225}, "datetime": {"datetime": "2024-06-13 22:59:29", "elapsed": 5.655443, "delta": 0.004987}}
{"target": -1788.6484450414862, "params": {"gamma": 7.058392201809326, "lr": 0.979127490958217}, "datetime": {"datetime": "2024-06-13 22:59:29", "elapsed": 5.66043, "delta": 0.004987}}
{"target": -1793.0027643261185, "params": {"gamma": 7.851867464260117, "lr": 0.7647261968454175}, "datetime": {"datetime": "2024-06-13 22:59:29", "elapsed": 5.664418, "delta": 0.003988}}
{"target": -1564.4196675965586, "params": {"gamma": 6.754799709264521, "lr": 0.7955027102986651}, "datetime": {"datetime": "2024-06-13 22:59:29", "elapsed": 5.669405, "delta": 0.004987}}
{"target": -176.65447492664973, "params": {"gamma": 0.40113783894076427, "lr": 0.264681631716854}, "datetime": {"datetime": "2024-06-13 22:59:29", "elapsed": 5.673395, "delta": 0.00399}}
{"target": -1688.7732915074216, "params": {"gamma": 6.9542799621795535, "lr": 0.8669883296077439}, "datetime": {"datetime": "2024-06-13 22:59:29", "elapsed": 5.678381, "delta": 0.004986}}
{"target": -2242.189427700256, "params": {"gamma": 6.746394111296426, "lr": 0.17627612798343162}, "datetime": {"datetime": "2024-06-13 22:59:29", "elapsed": 5.683368, "delta": 0.004987}}
{"target": -2376.7579408747793, "params": {"gamma": 9.363148290996985, "lr": 0.9033787001108529}, "datetime": {"datetime": "2024-06-13 22:59:29", "elapsed": 5.687357, "delta": 0.003989}}
{"target": -304.7872983985193, "params": {"gamma": 0.8677009826349238, "lr": 0.193000037574253}, "datetime": {"datetime": "2024-06-13 22:59:29", "elapsed": 5.691346, "delta": 0.003989}}
{"target": -627.5603005888705, "params": {"gamma": 2.7526551130746566, "lr": 0.7384118706046068}, "datetime": {"datetime": "2024-06-13 22:59:29", "elapsed": 5.696333, "delta": 0.004987}}
{"target": -1798.660883550814, "params": {"gamma": 8.59387390968027, "lr": 0.5783223874515512}, "datetime": {"datetime": "2024-06-13 22:59:29", "elapsed": 5.70132, "delta": 0.004987}}
{"target": -435.6526335746371, "params": {"gamma": 1.9972560609459706, "lr": 0.41508988762136245}, "datetime": {"datetime": "2024-06-13 22:59:29", "elapsed": 5.705309, "delta": 0.003989}}
{"target": -375.91563862980917, "params": {"gamma": 1.3794541434408072, "lr": 0.9173961868584244}, "datetime": {"datetime": "2024-06-13 22:59:30", "elapsed": 5.710296, "delta": 0.004987}}
{"target": -1607.2323947915563, "params": {"gamma": 7.645544873164326, "lr": 0.5102138338060775}, "datetime": {"datetime": "2024-06-13 22:59:30", "elapsed": 5.714285, "delta": 0.003989}}
{"target": -1579.890643005734, "params": {"gamma": 4.536296856665209, "lr": 0.0978420783455699}, "datetime": {"datetime": "2024-06-13 22:59:30", "elapsed": 5.719272, "delta": 0.004987}}
{"target": -1070.655366815346, "params": {"gamma": 3.1874348876469725, "lr": 0.12063279535739646}, "datetime": {"datetime": "2024-06-13 22:59:30", "elapsed": 5.723261, "delta": 0.003989}}
{"target": -1644.2385811910647, "params": {"gamma": 7.823598295559239, "lr": 0.5448837066761946}, "datetime": {"datetime": "2024-06-13 22:59:30", "elapsed": 5.728248, "delta": 0.004987}}
{"target": -671.5004873988725, "params": {"gamma": 2.2735465367701733, "lr": 0.22420283925593631}, "datetime": {"datetime": "2024-06-13 22:59:30", "elapsed": 5.732237, "delta": 0.003989}}
{"target": -600.6276545843722, "params": {"gamma": 2.6047215769603396, "lr": 0.308872752316256}, "datetime": {"datetime": "2024-06-13 22:59:30", "elapsed": 5.737224, "delta": 0.004987}}
{"target": -899.9499039979576, "params": {"gamma": 3.8776636126823174, "lr": 0.29754893237723723}, "datetime": {"datetime": "2024-06-13 22:59:30", "elapsed": 5.741213, "delta": 0.003989}}
{"target": -2380.3709927410323, "params": {"gamma": 6.795879389436971, "lr": 0.03507361930507891}, "datetime": {"datetime": "2024-06-13 22:59:30", "elapsed": 5.746203, "delta": 0.00499}}
{"target": -742.6300858685646, "params": {"gamma": 3.2817750389987497, "lr": 0.7452918728580155}, "datetime": {"datetime": "2024-06-13 22:59:30", "elapsed": 5.750193, "delta": 0.00399}}
{"target": -2174.976187580652, "params": {"gamma": 9.428137042767773, "lr": 0.8027325501575512}, "datetime": {"datetime": "2024-06-13 22:59:30", "elapsed": 5.75518, "delta": 0.004987}}
{"target": -710.1372258421541, "params": {"gamma": 2.4090212695059683, "lr": 0.2329154683838317}, "datetime": {"datetime": "2024-06-13 22:59:30", "elapsed": 5.760166, "delta": 0.004986}}
{"target": -487.67971597196896, "params": {"gamma": 1.904177610377174, "lr": 0.8824975348586093}, "datetime": {"datetime": "2024-06-13 22:59:30", "elapsed": 5.765153, "delta": 0.004987}}
{"target": -557.8830540141868, "params": {"gamma": 2.3793190167249576, "lr": 0.7581806234131274}, "datetime": {"datetime": "2024-06-13 22:59:30", "elapsed": 5.769142, "delta": 0.003989}}
{"target": -929.65311860501, "params": {"gamma": 2.611236264315461, "lr": 0.03308184340751563}, "datetime": {"datetime": "2024-06-13 22:59:30", "elapsed": 5.773131, "delta": 0.003989}}
{"target": -1647.4577339990578, "params": {"gamma": 7.334743552987591, "lr": 0.7262018097952009}, "datetime": {"datetime": "2024-06-13 22:59:30", "elapsed": 5.778118, "delta": 0.004987}}
{"target": -246.08736422419858, "params": {"gamma": 0.8905021504995737, "lr": 0.3267012579296016}, "datetime": {"datetime": "2024-06-13 22:59:30", "elapsed": 5.782107, "delta": 0.003989}}
{"target": -3258.568065814911, "params": {"gamma": 9.483704536600037, "lr": 0.16294899858218448}, "datetime": {"datetime": "2024-06-13 22:59:30", "elapsed": 5.787094, "delta": 0.004987}}
{"target": -228.98665569007466, "params": {"gamma": 0.8676380540564483, "lr": 0.5946038881116259}, "datetime": {"datetime": "2024-06-13 22:59:30", "elapsed": 5.791083, "delta": 0.003989}}
{"target": -3120.622089183065, "params": {"gamma": 9.309967663594373, "lr": 0.1337783077430914}, "datetime": {"datetime": "2024-06-13 22:59:30", "elapsed": 5.796071, "delta": 0.004988}}
{"target": -1138.3314446022428, "params": {"gamma": 5.130609924306518, "lr": 0.6839992141169576}, "datetime": {"datetime": "2024-06-13 22:59:30", "elapsed": 5.800059, "delta": 0.003988}}
{"target": -622.5182690215325, "params": {"gamma": 1.7191257663086643, "lr": 0.011259893492189477}, "datetime": {"datetime": "2024-06-13 22:59:30", "elapsed": 5.805046, "delta": 0.004987}}
{"target": -3102.4826588179694, "params": {"gamma": 8.876943621666769, "lr": 0.035231270653359514}, "datetime": {"datetime": "2024-06-13 22:59:30", "elapsed": 5.809035, "delta": 0.003989}}
{"target": -557.6898021825257, "params": {"gamma": 2.575325379792938, "lr": 0.6516840317406685}, "datetime": {"datetime": "2024-06-13 22:59:30", "elapsed": 5.814022, "delta": 0.004987}}
