{"target": -1104.2411207842863, "params": {"gamma": 6.7353566438421755, "lr": 0.4058204059990451}, "datetime": {"datetime": "2024-06-13 18:39:27", "elapsed": 6.148203, "delta": 0.003989}}
{"target": -148.51224212684193, "params": {"gamma": 0.04976556777778367, "lr": 0.3253313297689604}, "datetime": {"datetime": "2024-06-13 18:39:27", "elapsed": 6.15319, "delta": 0.004987}}
{"target": -3981.3177980510627, "params": {"gamma": 8.389610534784513, "lr": 0.06282398021726943}, "datetime": {"datetime": "2024-06-13 18:39:27", "elapsed": 6.158177, "delta": 0.004987}}
{"target": -286.42494089860827, "params": {"gamma": 1.0550920446467325, "lr": 0.7017873465119159}, "datetime": {"datetime": "2024-06-13 18:39:27", "elapsed": 6.162167, "delta": 0.00399}}
{"target": -805.0612655380539, "params": {"gamma": 5.142068519294122, "lr": 0.49816682499451226}, "datetime": {"datetime": "2024-06-13 18:39:27", "elapsed": 6.167153, "delta": 0.004986}}
{"target": -707.4010295519863, "params": {"gamma": 3.736723579545134, "lr": 0.603513616671319}, "datetime": {"datetime": "2024-06-13 18:39:27", "elapsed": 6.171142, "delta": 0.003989}}
{"target": -1328.2753422815015, "params": {"gamma": 8.514836200003508, "lr": 0.27692305646899273}, "datetime": {"datetime": "2024-06-13 18:39:27", "elapsed": 6.176129, "delta": 0.004987}}
{"target": -1378.8699144681107, "params": {"gamma": 8.447768867073506, "lr": 0.41661914857211835}, "datetime": {"datetime": "2024-06-13 18:39:27", "elapsed": 6.180118, "delta": 0.003989}}
{"target": -1186.0653847432945, "params": {"gamma": 5.010339139927012, "lr": 0.7296233785681803}, "datetime": {"datetime": "2024-06-13 18:39:27", "elapsed": 6.185105, "delta": 0.004987}}
{"target": -828.8376857065293, "params": {"gamma": 2.5879583533585664, "lr": 0.9216369186561401}, "datetime": {"datetime": "2024-06-13 18:39:27", "elapsed": 6.189094, "delta": 0.003989}}
{"target": -1303.0783309626752, "params": {"gamma": 7.020992572824255, "lr": 0.618930423097489}, "datetime": {"datetime": "2024-06-13 18:39:27", "elapsed": 6.194081, "delta": 0.004987}}
{"target": -649.0010438458406, "params": {"gamma": 2.7308153642818653, "lr": 0.6958484563594459}, "datetime": {"datetime": "2024-06-13 18:39:27", "elapsed": 6.198071, "delta": 0.00399}}
{"target": -722.1523025294895, "params": {"gamma": 2.5728902697861002, "lr": 0.8164526703274775}, "datetime": {"datetime": "2024-06-13 18:39:27", "elapsed": 6.203057, "delta": 0.004986}}
{"target": -153.68944523267226, "params": {"gamma": 0.11571307777403769, "lr": 0.1665376436115401}, "datetime": {"datetime": "2024-06-13 18:39:27", "elapsed": 6.208043, "delta": 0.004986}}
{"target": -1290.999070142786, "params": {"gamma": 5.578732058631829, "lr": 0.7122809996025021}, "datetime": {"datetime": "2024-06-13 18:39:27", "elapsed": 6.212033, "delta": 0.00399}}
{"target": -1447.1964241463306, "params": {"gamma": 4.925314058477191, "lr": 0.8778095014799501}, "datetime": {"datetime": "2024-06-13 18:39:27", "elapsed": 6.21702, "delta": 0.004987}}
{"target": -1503.4790525474234, "params": {"gamma": 9.758723505691574, "lr": 0.46427706754424325}, "datetime": {"datetime": "2024-06-13 18:39:27", "elapsed": 6.221009, "delta": 0.003989}}
{"target": -1188.7286781676087, "params": {"gamma": 7.680101807848576, "lr": 0.49477213383352725}, "datetime": {"datetime": "2024-06-13 18:39:27", "elapsed": 6.225996, "delta": 0.004987}}
{"target": -879.7121498034356, "params": {"gamma": 6.651322684579871, "lr": 0.22487497996736572}, "datetime": {"datetime": "2024-06-13 18:39:27", "elapsed": 6.229985, "delta": 0.003989}}
{"target": -378.13737825644057, "params": {"gamma": 1.0963076304454686, "lr": 0.9790089375741902}, "datetime": {"datetime": "2024-06-13 18:39:27", "elapsed": 6.234971, "delta": 0.004986}}
{"target": -1272.8547098465192, "params": {"gamma": 8.150131602400142, "lr": 0.28538353244953096}, "datetime": {"datetime": "2024-06-13 18:39:27", "elapsed": 6.238961, "delta": 0.00399}}
{"target": -928.5698890677256, "params": {"gamma": 5.858698015894784, "lr": 0.38007120527879124}, "datetime": {"datetime": "2024-06-13 18:39:27", "elapsed": 6.243948, "delta": 0.004987}}
{"target": -320.2878443532654, "params": {"gamma": 1.7642040696578871, "lr": 0.4188351430524928}, "datetime": {"datetime": "2024-06-13 18:39:27", "elapsed": 6.247937, "delta": 0.003989}}
{"target": -1431.215409295402, "params": {"gamma": 2.9725807541730793, "lr": 0.016624106532905913}, "datetime": {"datetime": "2024-06-13 18:39:27", "elapsed": 6.252924, "delta": 0.004987}}
{"target": -1228.1455227830927, "params": {"gamma": 3.8742957016810964, "lr": 0.9209130038047522}, "datetime": {"datetime": "2024-06-13 18:39:27", "elapsed": 6.25789, "delta": 0.004966}}
{"target": -1439.2640848513508, "params": {"gamma": 8.28217438681578, "lr": 0.5740747551965509}, "datetime": {"datetime": "2024-06-13 18:39:27", "elapsed": 6.26188, "delta": 0.00399}}
{"target": -444.8008779203822, "params": {"gamma": 3.1871500009390448, "lr": 0.23126429488543754}, "datetime": {"datetime": "2024-06-13 18:39:27", "elapsed": 6.266866, "delta": 0.004986}}
{"target": -1730.8581618539183, "params": {"gamma": 9.560239816725709, "lr": 0.5646100990687117}, "datetime": {"datetime": "2024-06-13 18:39:27", "elapsed": 6.271852, "delta": 0.004986}}
{"target": -322.6127094584669, "params": {"gamma": 2.176835430287672, "lr": 0.24948205109862287}, "datetime": {"datetime": "2024-06-13 18:39:27", "elapsed": 6.275842, "delta": 0.00399}}
{"target": -1252.0468033225102, "params": {"gamma": 9.59600242910666, "lr": 0.238814133296392}, "datetime": {"datetime": "2024-06-13 18:39:27", "elapsed": 6.280829, "delta": 0.004987}}
{"target": -259.2807107008049, "params": {"gamma": 1.068034169467023, "lr": 0.18396193975266917}, "datetime": {"datetime": "2024-06-13 18:39:27", "elapsed": 6.284818, "delta": 0.003989}}
{"target": -1762.6886014896365, "params": {"gamma": 7.662481844372273, "lr": 0.7087642559312614}, "datetime": {"datetime": "2024-06-13 18:39:27", "elapsed": 6.289805, "delta": 0.004987}}
{"target": -1124.4716014898213, "params": {"gamma": 4.379981305846461, "lr": 0.7938045071164251}, "datetime": {"datetime": "2024-06-13 18:39:27", "elapsed": 6.293794, "delta": 0.003989}}
{"target": -854.4800616012736, "params": {"gamma": 5.1756094087340525, "lr": 0.41359816112910697}, "datetime": {"datetime": "2024-06-13 18:39:27", "elapsed": 6.298781, "delta": 0.004987}}
{"target": -377.6621091883268, "params": {"gamma": 1.1753019203396682, "lr": 0.8839110659363493}, "datetime": {"datetime": "2024-06-13 18:39:27", "elapsed": 6.303767, "delta": 0.004986}}
{"target": -531.6269238850832, "params": {"gamma": 2.7566565508887577, "lr": 0.6162607233298604}, "datetime": {"datetime": "2024-06-13 18:39:27", "elapsed": 6.307756, "delta": 0.003989}}
{"target": -1941.4253234149523, "params": {"gamma": 9.8458132098281, "lr": 0.1894180220437538}, "datetime": {"datetime": "2024-06-13 18:39:27", "elapsed": 6.312743, "delta": 0.004987}}
{"target": -1883.714679836953, "params": {"gamma": 9.651914729938635, "lr": 0.6527153684256953}, "datetime": {"datetime": "2024-06-13 18:39:27", "elapsed": 6.316733, "delta": 0.00399}}
{"target": -351.125901118697, "params": {"gamma": 1.28818731436088, "lr": 0.7719271460730484}, "datetime": {"datetime": "2024-06-13 18:39:27", "elapsed": 6.321719, "delta": 0.004986}}
{"target": -1723.2858309804533, "params": {"gamma": 9.51780600679268, "lr": 0.5627805496894249}, "datetime": {"datetime": "2024-06-13 18:39:27", "elapsed": 6.326706, "delta": 0.004987}}
{"target": -3273.0735814455766, "params": {"gamma": 6.885863442381723, "lr": 0.0263478788699828}, "datetime": {"datetime": "2024-06-13 18:39:27", "elapsed": 6.330695, "delta": 0.003989}}
{"target": -1633.6143299110709, "params": {"gamma": 9.890767779393961, "lr": 0.3184571198136825}, "datetime": {"datetime": "2024-06-13 18:39:27", "elapsed": 6.335682, "delta": 0.004987}}
{"target": -161.41607706848043, "params": {"gamma": 0.24001388988282726, "lr": 0.8085641504743885}, "datetime": {"datetime": "2024-06-13 18:39:27", "elapsed": 6.339672, "delta": 0.00399}}
{"target": -2278.7578656164997, "params": {"gamma": 9.732552265118914, "lr": 0.7375885099166811}, "datetime": {"datetime": "2024-06-13 18:39:27", "elapsed": 6.344658, "delta": 0.004986}}
{"target": -152.63987427319069, "params": {"gamma": 0.028355324647958178, "lr": 0.06336051137403531}, "datetime": {"datetime": "2024-06-13 18:39:27", "elapsed": 6.348648, "delta": 0.00399}}
{"target": -844.2441578671446, "params": {"gamma": 5.843109782870581, "lr": 0.3357151077556031}, "datetime": {"datetime": "2024-06-13 18:39:27", "elapsed": 6.353634, "delta": 0.004986}}
{"target": -2574.0671419372857, "params": {"gamma": 8.818452974037214, "lr": 0.8736693693569384}, "datetime": {"datetime": "2024-06-13 18:39:27", "elapsed": 6.358621, "delta": 0.004987}}
{"target": -2274.364630834438, "params": {"gamma": 9.875201568135711, "lr": 0.7158319690725937}, "datetime": {"datetime": "2024-06-13 18:39:27", "elapsed": 6.36261, "delta": 0.003989}}
{"target": -1451.3441559879657, "params": {"gamma": 8.768960114386706, "lr": 0.3196501118620526}, "datetime": {"datetime": "2024-06-13 18:39:27", "elapsed": 6.367597, "delta": 0.004987}}
{"target": -360.67576345722665, "params": {"gamma": 1.1126583422461405, "lr": 0.8653641057823798}, "datetime": {"datetime": "2024-06-13 18:39:27", "elapsed": 6.371586, "delta": 0.003989}}
{"target": -514.6214021115678, "params": {"gamma": 3.035422507017289, "lr": 0.4193322981668862}, "datetime": {"datetime": "2024-06-13 18:39:27", "elapsed": 6.376573, "delta": 0.004987}}
{"target": -1201.210873467297, "params": {"gamma": 6.460656540458656, "lr": 0.6050991341555126}, "datetime": {"datetime": "2024-06-13 18:39:27", "elapsed": 6.380562, "delta": 0.003989}}
{"target": -675.9651414261253, "params": {"gamma": 4.209809922064285, "lr": 0.38615051187059357}, "datetime": {"datetime": "2024-06-13 18:39:27", "elapsed": 6.385549, "delta": 0.004987}}
{"target": -260.3566319628513, "params": {"gamma": 1.227687737548204, "lr": 0.5338618843034166}, "datetime": {"datetime": "2024-06-13 18:39:27", "elapsed": 6.390381, "delta": 0.004832}}
{"target": -593.1481300996614, "params": {"gamma": 2.329308118342716, "lr": 0.7548078511004613}, "datetime": {"datetime": "2024-06-13 18:39:27", "elapsed": 6.395367, "delta": 0.004986}}
{"target": -3208.6293830764594, "params": {"gamma": 6.749030971060837, "lr": 0.07192696480921446}, "datetime": {"datetime": "2024-06-13 18:39:27", "elapsed": 6.400353, "delta": 0.004986}}
{"target": -2515.262820261139, "params": {"gamma": 9.892657582673268, "lr": 0.7804569355743413}, "datetime": {"datetime": "2024-06-13 18:39:27", "elapsed": 6.404343, "delta": 0.00399}}
{"target": -1105.8870517825446, "params": {"gamma": 2.279031043019085, "lr": 0.030742818349697054}, "datetime": {"datetime": "2024-06-13 18:39:27", "elapsed": 6.40933, "delta": 0.004987}}
{"target": -696.6175264786077, "params": {"gamma": 4.784239938885914, "lr": 0.35274243750107404}, "datetime": {"datetime": "2024-06-13 18:39:27", "elapsed": 6.414316, "delta": 0.004986}}
{"target": -1078.5184510532322, "params": {"gamma": 5.465568482142916, "lr": 0.6596639554249211}, "datetime": {"datetime": "2024-06-13 18:39:27", "elapsed": 6.418306, "delta": 0.00399}}
{"target": -3784.8150965215978, "params": {"gamma": 7.972400853780025, "lr": 0.013544346839127641}, "datetime": {"datetime": "2024-06-13 18:39:27", "elapsed": 6.423292, "delta": 0.004986}}
{"target": -1176.5408376464377, "params": {"gamma": 7.143240843274906, "lr": 0.2953139661018992}, "datetime": {"datetime": "2024-06-13 18:39:27", "elapsed": 6.427281, "delta": 0.003989}}
{"target": -2751.7856579857703, "params": {"gamma": 9.864039353798532, "lr": 0.8462417305877817}, "datetime": {"datetime": "2024-06-13 18:39:27", "elapsed": 6.432268, "delta": 0.004987}}
{"target": -993.775432559863, "params": {"gamma": 5.604451409666734, "lr": 0.5977656853768393}, "datetime": {"datetime": "2024-06-13 18:39:27", "elapsed": 6.437255, "delta": 0.004987}}
{"target": -292.9193980462169, "params": {"gamma": 1.9215646543725684, "lr": 0.2262515885870655}, "datetime": {"datetime": "2024-06-13 18:39:27", "elapsed": 6.441244, "delta": 0.003989}}
{"target": -280.9588730912014, "params": {"gamma": 1.5409777702011733, "lr": 0.37781354746444173}, "datetime": {"datetime": "2024-06-13 18:39:27", "elapsed": 6.446231, "delta": 0.004987}}
{"target": -244.52241771039655, "params": {"gamma": 1.1204424879714694, "lr": 0.5112728936342619}, "datetime": {"datetime": "2024-06-13 18:39:27", "elapsed": 6.45022, "delta": 0.003989}}
{"target": -2094.508076612685, "params": {"gamma": 6.385141076060073, "lr": 0.12221237823698328}, "datetime": {"datetime": "2024-06-13 18:39:27", "elapsed": 6.455207, "delta": 0.004987}}
{"target": -1652.1075726793624, "params": {"gamma": 3.442619392943751, "lr": 0.07034787968520784}, "datetime": {"datetime": "2024-06-13 18:39:27", "elapsed": 6.460194, "delta": 0.004987}}
{"target": -1038.680352217573, "params": {"gamma": 5.25808611153342, "lr": 0.6502897692030054}, "datetime": {"datetime": "2024-06-13 18:39:28", "elapsed": 6.464183, "delta": 0.003989}}
{"target": -1690.0761631115115, "params": {"gamma": 6.155105941609653, "lr": 0.8138695628094851}, "datetime": {"datetime": "2024-06-13 18:39:28", "elapsed": 6.469169, "delta": 0.004986}}
{"target": -460.7277361357242, "params": {"gamma": 2.3564267987877012, "lr": 0.6181818418404456}, "datetime": {"datetime": "2024-06-13 18:39:28", "elapsed": 6.474156, "delta": 0.004987}}
{"target": -1470.9813646657951, "params": {"gamma": 3.028982363807174, "lr": 0.0887677060791423}, "datetime": {"datetime": "2024-06-13 18:39:28", "elapsed": 6.478146, "delta": 0.00399}}
{"target": -1469.1360104952344, "params": {"gamma": 3.053309454186566, "lr": 0.07135647494461617}, "datetime": {"datetime": "2024-06-13 18:39:28", "elapsed": 6.483132, "delta": 0.004986}}
{"target": -2208.52706622034, "params": {"gamma": 9.585783535985689, "lr": 0.7271654349269293}, "datetime": {"datetime": "2024-06-13 18:39:28", "elapsed": 6.487122, "delta": 0.00399}}
{"target": -298.72210706445276, "params": {"gamma": 1.0155071173822163, "lr": 0.7862693223485936}, "datetime": {"datetime": "2024-06-13 18:39:28", "elapsed": 6.492108, "delta": 0.004986}}
{"target": -1088.6928724671013, "params": {"gamma": 3.5222014456052215, "lr": 0.9114351403237924}, "datetime": {"datetime": "2024-06-13 18:39:28", "elapsed": 6.497096, "delta": 0.004988}}
{"target": -1454.5756049588877, "params": {"gamma": 4.955478850036387, "lr": 0.8726927229848721}, "datetime": {"datetime": "2024-06-13 18:39:28", "elapsed": 6.501084, "delta": 0.003988}}
{"target": -336.75773052961415, "params": {"gamma": 2.206077417642493, "lr": 0.36719232590326556}, "datetime": {"datetime": "2024-06-13 18:39:28", "elapsed": 6.506071, "delta": 0.004987}}
{"target": -1637.0504369897967, "params": {"gamma": 3.6690025846416687, "lr": 0.09713268160328525}, "datetime": {"datetime": "2024-06-13 18:39:28", "elapsed": 6.511058, "delta": 0.004987}}
{"target": -666.1636352024489, "params": {"gamma": 3.310813326223882, "lr": 0.6597098038387995}, "datetime": {"datetime": "2024-06-13 18:39:28", "elapsed": 6.516045, "delta": 0.004987}}
{"target": -1372.1528377197426, "params": {"gamma": 4.665968370246033, "lr": 0.8792315697444312}, "datetime": {"datetime": "2024-06-13 18:39:28", "elapsed": 6.521031, "delta": 0.004986}}
{"target": -409.58645247786654, "params": {"gamma": 2.6974329936370927, "lr": 0.3548193487216488}, "datetime": {"datetime": "2024-06-13 18:39:28", "elapsed": 6.52502, "delta": 0.003989}}
{"target": -596.277149707051, "params": {"gamma": 3.2042225472159718, "lr": 0.5517379706217076}, "datetime": {"datetime": "2024-06-13 18:39:28", "elapsed": 6.530007, "delta": 0.004987}}
{"target": -422.39712837448644, "params": {"gamma": 1.8830059366472722, "lr": 0.1732442715081729}, "datetime": {"datetime": "2024-06-13 18:39:28", "elapsed": 6.533996, "delta": 0.003989}}
{"target": -1472.553443373232, "params": {"gamma": 9.394879760160336, "lr": 0.37664771374633}, "datetime": {"datetime": "2024-06-13 18:39:28", "elapsed": 6.538983, "delta": 0.004987}}
{"target": -2795.3052822386608, "params": {"gamma": 5.871394250695616, "lr": 0.05515208501882385}, "datetime": {"datetime": "2024-06-13 18:39:28", "elapsed": 6.542972, "delta": 0.003989}}
{"target": -650.2149886360069, "params": {"gamma": 1.409439110996769, "lr": 0.09635855186124331}, "datetime": {"datetime": "2024-06-13 18:39:28", "elapsed": 6.547959, "delta": 0.004987}}
{"target": -3129.1082829404118, "params": {"gamma": 8.121343564013504, "lr": 0.10314678258346421}, "datetime": {"datetime": "2024-06-13 18:39:28", "elapsed": 6.552945, "delta": 0.004986}}
{"target": -1272.3693605085357, "params": {"gamma": 5.163644140749812, "lr": 0.1555778979920741}, "datetime": {"datetime": "2024-06-13 18:39:28", "elapsed": 6.556935, "delta": 0.00399}}
{"target": -831.060093424929, "params": {"gamma": 2.7888887375330564, "lr": 0.8826020025030701}, "datetime": {"datetime": "2024-06-13 18:39:28", "elapsed": 6.561922, "delta": 0.004987}}
{"target": -1991.1274707423445, "params": {"gamma": 6.316306057543976, "lr": 0.9636627102130699}, "datetime": {"datetime": "2024-06-13 18:39:28", "elapsed": 6.566908, "delta": 0.004986}}
{"target": -2854.7131071928266, "params": {"gamma": 5.997543941794315, "lr": 0.009519716216558005}, "datetime": {"datetime": "2024-06-13 18:39:28", "elapsed": 6.570898, "delta": 0.00399}}
{"target": -1988.1558629812876, "params": {"gamma": 4.156994414198696, "lr": 0.02244175435867979}, "datetime": {"datetime": "2024-06-13 18:39:28", "elapsed": 6.575884, "delta": 0.004986}}
{"target": -505.2731770594689, "params": {"gamma": 3.1405292961414175, "lr": 0.48162493072074175}, "datetime": {"datetime": "2024-06-13 18:39:28", "elapsed": 6.580871, "delta": 0.004987}}
{"target": -766.5200110634515, "params": {"gamma": 5.755017951896957, "lr": 0.2386502029289299}, "datetime": {"datetime": "2024-06-13 18:39:28", "elapsed": 6.58486, "delta": 0.003989}}
{"target": -886.2863434060293, "params": {"gamma": 5.583307497898072, "lr": 0.3949201341072339}, "datetime": {"datetime": "2024-06-13 18:39:28", "elapsed": 6.589847, "delta": 0.004987}}
{"target": -1009.9177742926531, "params": {"gamma": 5.066315292881764, "lr": 0.19596701454252152}, "datetime": {"datetime": "2024-06-13 18:39:28", "elapsed": 6.594834, "delta": 0.004987}}
{"target": -414.7936152761013, "params": {"gamma": 1.5683593484243095, "lr": 0.7545170076023864}, "datetime": {"datetime": "2024-06-13 18:39:28", "elapsed": 6.598823, "delta": 0.003989}}
{"target": -664.1843002489567, "params": {"gamma": 3.3004023148263886, "lr": 0.6441956925382164}, "datetime": {"datetime": "2024-06-13 18:39:28", "elapsed": 6.603809, "delta": 0.004986}}
{"target": -1710.8874974798732, "params": {"gamma": 5.654990510308829, "lr": 0.899530915886071}, "datetime": {"datetime": "2024-06-13 18:39:28", "elapsed": 6.607799, "delta": 0.00399}}
{"target": -1459.8986679723937, "params": {"gamma": 8.806955495452243, "lr": 0.4431114003267834}, "datetime": {"datetime": "2024-06-13 18:39:28", "elapsed": 6.612786, "delta": 0.004987}}
{"target": -427.0912674877464, "params": {"gamma": 2.048146129836078, "lr": 0.6321923752918258}, "datetime": {"datetime": "2024-06-13 18:39:28", "elapsed": 6.617772, "delta": 0.004986}}
{"target": -1469.772890976419, "params": {"gamma": 6.368722917490155, "lr": 0.6924175033786027}, "datetime": {"datetime": "2024-06-13 18:39:28", "elapsed": 6.621762, "delta": 0.00399}}
{"target": -2308.781172149606, "params": {"gamma": 9.074824554145266, "lr": 0.7825809780445985}, "datetime": {"datetime": "2024-06-13 18:39:28", "elapsed": 6.626748, "delta": 0.004986}}
{"target": -1163.522358637327, "params": {"gamma": 6.253284067622613, "lr": 0.6009655953980898}, "datetime": {"datetime": "2024-06-13 18:39:28", "elapsed": 6.630737, "delta": 0.003989}}
{"target": -443.57706826523696, "params": {"gamma": 2.1283776016453526, "lr": 0.651365361997868}, "datetime": {"datetime": "2024-06-13 18:39:28", "elapsed": 6.635725, "delta": 0.004988}}
{"target": -2563.3892043101173, "params": {"gamma": 8.145187207595269, "lr": 0.9223224808528965}, "datetime": {"datetime": "2024-06-13 18:39:28", "elapsed": 6.640711, "delta": 0.004986}}
{"target": -1660.612150950904, "params": {"gamma": 9.166584470697245, "lr": 0.5610988058726366}, "datetime": {"datetime": "2024-06-13 18:39:28", "elapsed": 6.6447, "delta": 0.003989}}
{"target": -396.3894754809799, "params": {"gamma": 2.599079923429137, "lr": 0.33379745682371664}, "datetime": {"datetime": "2024-06-13 18:39:28", "elapsed": 6.649687, "delta": 0.004987}}
{"target": -1764.0466411562777, "params": {"gamma": 9.977625893322635, "lr": 0.5255977882178193}, "datetime": {"datetime": "2024-06-13 18:39:28", "elapsed": 6.654673, "delta": 0.004986}}
{"target": -1435.2644746192195, "params": {"gamma": 8.159250821705387, "lr": 0.5970161877845721}, "datetime": {"datetime": "2024-06-13 18:39:28", "elapsed": 6.658663, "delta": 0.00399}}
{"target": -736.3761011116144, "params": {"gamma": 5.069796942895938, "lr": 0.34853961530569777}, "datetime": {"datetime": "2024-06-13 18:39:28", "elapsed": 6.66365, "delta": 0.004987}}
{"target": -2563.042167919638, "params": {"gamma": 5.378167511784794, "lr": 0.00673470699420331}, "datetime": {"datetime": "2024-06-13 18:39:28", "elapsed": 6.667639, "delta": 0.003989}}
{"target": -1589.3099496698558, "params": {"gamma": 8.766981380159143, "lr": 0.5614864815326793}, "datetime": {"datetime": "2024-06-13 18:39:28", "elapsed": 6.672626, "delta": 0.004987}}
{"target": -161.85377015008845, "params": {"gamma": 0.2437899718214612, "lr": 0.8181747453311654}, "datetime": {"datetime": "2024-06-13 18:39:28", "elapsed": 6.677612, "delta": 0.004986}}
{"target": -674.8774142943437, "params": {"gamma": 1.3544085542298703, "lr": 0.03063869809086972}, "datetime": {"datetime": "2024-06-13 18:39:28", "elapsed": 6.681602, "delta": 0.00399}}
