{"target": -130.60495692619025, "params": {"p_ai": 6.345552644202125, "p_al": 4.13978453744836, "p_ex": 9.909165409621975, "prior": 9.299626280909525, "rate": 1.4932110870651905}, "datetime": {"datetime": "2024-06-12 20:58:50", "elapsed": 30.081411, "delta": 0.124271}}
{"target": -112.37172926282393, "params": {"p_ai": 3.9494277431054683, "p_al": 4.6163355299129, "p_ex": 5.609926602464331, "prior": 7.803854869369396, "rate": 4.872451896825164}, "datetime": {"datetime": "2024-06-12 20:58:50", "elapsed": 30.208371, "delta": 0.12696}}
{"target": -154.44073894313007, "params": {"p_ai": 4.200515526550398, "p_al": 2.6207350474886373, "p_ex": 9.108150584728497, "prior": 0.22369284381650878, "rate": 8.211397860291427}, "datetime": {"datetime": "2024-06-12 20:58:51", "elapsed": 30.340746, "delta": 0.132375}}
{"target": -129.40555403187463, "params": {"p_ai": 1.8854955282645185, "p_al": 6.857883234826301, "p_ex": 3.552738684007098, "prior": 9.742152066323019, "rate": 1.22859852236475}, "datetime": {"datetime": "2024-06-12 20:58:51", "elapsed": 30.480373, "delta": 0.139627}}
{"target": -180.67394169328384, "params": {"p_ai": 1.8765113562797784, "p_al": 8.894535312169324, "p_ex": 5.834479739767671, "prior": 3.0931546002031376, "rate": 0.008643090396402046}, "datetime": {"datetime": "2024-06-12 20:58:51", "elapsed": 30.596988, "delta": 0.116615}}
{"target": -119.55922588869527, "params": {"p_ai": 2.2767497854842085, "p_al": 1.4548909380781856, "p_ex": 2.035134809876536, "prior": 8.963329245483243, "rate": 8.731070688318136}, "datetime": {"datetime": "2024-06-12 20:58:51", "elapsed": 30.714246, "delta": 0.117258}}
{"target": -141.36200098291218, "params": {"p_ai": 7.0031940868968645, "p_al": 4.705506263845939, "p_ex": 8.271532887320552, "prior": 4.958768144455039, "rate": 3.6355233441657675}, "datetime": {"datetime": "2024-06-12 20:58:51", "elapsed": 30.832289, "delta": 0.118043}}
{"target": -133.0849206182338, "params": {"p_ai": 2.7567554245058266, "p_al": 9.247483394570178, "p_ex": 3.8705053533286655, "prior": 4.929315853439772, "rate": 2.5451265850419067}, "datetime": {"datetime": "2024-06-12 20:58:51", "elapsed": 30.952473, "delta": 0.120184}}
{"target": -209.4604079731559, "params": {"p_ai": 8.849780221861796, "p_al": 3.833251304596062, "p_ex": 2.9764495784234386, "prior": 7.17623202698535, "rate": 1.909508561779902}, "datetime": {"datetime": "2024-06-12 20:58:51", "elapsed": 31.069667, "delta": 0.117194}}
{"target": -121.29999977977542, "params": {"p_ai": 1.1828081008410374, "p_al": 8.370140824352909, "p_ex": 7.441615077773983, "prior": 5.905614955923525, "rate": 2.429672858073742}, "datetime": {"datetime": "2024-06-12 20:58:51", "elapsed": 31.187754, "delta": 0.118087}}
{"target": -161.05136725008896, "params": {"p_ai": 6.2328482047306535, "p_al": 6.383914852090989, "p_ex": 3.276366871679139, "prior": 0.6758259413323553, "rate": 8.805505437045703}, "datetime": {"datetime": "2024-06-12 20:58:51", "elapsed": 31.304873, "delta": 0.117119}}
{"target": -150.08364438530057, "params": {"p_ai": 4.60010735401151, "p_al": 7.638963307946233, "p_ex": 2.539632320806454, "prior": 5.914280435492902, "rate": 4.288522808327629}, "datetime": {"datetime": "2024-06-12 20:58:52", "elapsed": 31.421633, "delta": 0.11676}}
{"target": -126.0660416687701, "params": {"p_ai": 3.8216243248488464, "p_al": 1.2680071250853806, "p_ex": 2.4434223654265494, "prior": 0.7943364880002312, "rate": 3.029280188871068}, "datetime": {"datetime": "2024-06-12 20:58:52", "elapsed": 31.539292, "delta": 0.117659}}
{"target": -180.60513099061757, "params": {"p_ai": 7.417306297515323, "p_al": 6.150542233985518, "p_ex": 6.724438578240325, "prior": 0.08482241217079087, "rate": 6.784091345540948}, "datetime": {"datetime": "2024-06-12 20:58:52", "elapsed": 31.665955, "delta": 0.126663}}
{"target": -146.7199568947063, "params": {"p_ai": 5.032303724738329, "p_al": 2.309853596391308, "p_ex": 1.7497901933102402, "prior": 1.8506446725427474, "rate": 8.44275579074591}, "datetime": {"datetime": "2024-06-12 20:58:52", "elapsed": 31.802346, "delta": 0.136391}}
{"target": -220.3482769755787, "params": {"p_ai": 9.825915303261548, "p_al": 9.137482508791475, "p_ex": 3.4743468343077555, "prior": 7.802465572333946, "rate": 5.464999452423606}, "datetime": {"datetime": "2024-06-12 20:58:52", "elapsed": 31.921114, "delta": 0.118768}}
{"target": -186.54850077423586, "params": {"p_ai": 8.16460753316182, "p_al": 4.8377857849378705, "p_ex": 5.899923031695739, "prior": 7.872847211795091, "rate": 1.0032461963882202}, "datetime": {"datetime": "2024-06-12 20:58:52", "elapsed": 32.037541, "delta": 0.116427}}
{"target": -127.92297688597327, "params": {"p_ai": 5.370534161288567, "p_al": 3.660467483349873, "p_ex": 6.043464129845054, "prior": 9.588066353854368, "rate": 3.9288366270246278}, "datetime": {"datetime": "2024-06-12 20:58:52", "elapsed": 32.155731, "delta": 0.11819}}
{"target": -110.95775216898895, "params": {"p_ai": 3.930337006418223, "p_al": 7.9065792989023995, "p_ex": 6.451138912455179, "prior": 3.9394461945459094, "rate": 6.8898615272542845}, "datetime": {"datetime": "2024-06-12 20:58:52", "elapsed": 32.277229, "delta": 0.121498}}
{"target": -117.89559154032538, "params": {"p_ai": 4.040612088934736, "p_al": 1.3619954293269727, "p_ex": 4.506982043452673, "prior": 3.3448595075800287, "rate": 2.180471331681618}, "datetime": {"datetime": "2024-06-12 20:58:53", "elapsed": 32.39652, "delta": 0.119291}}
{"target": -188.67914080327878, "params": {"p_ai": 9.257822241562762, "p_al": 6.896704351396498, "p_ex": 5.988610085343597, "prior": 7.466828063757928, "rate": 5.420168646652644}, "datetime": {"datetime": "2024-06-12 20:58:53", "elapsed": 32.516228, "delta": 0.119708}}
{"target": -174.11528188597921, "params": {"p_ai": 7.005630193122407, "p_al": 9.305667632679201, "p_ex": 8.626304328357714, "prior": 1.6752511332077065, "rate": 2.6321271002148183}, "datetime": {"datetime": "2024-06-12 20:58:53", "elapsed": 32.632887, "delta": 0.116659}}
{"target": -141.98457638964803, "params": {"p_ai": 0.7170311841386036, "p_al": 9.786749378778312, "p_ex": 2.3646046025050955, "prior": 6.6063229609300596, "rate": 0.8972173585756926}, "datetime": {"datetime": "2024-06-12 20:58:53", "elapsed": 32.753627, "delta": 0.12074}}
{"target": -135.81094824416826, "params": {"p_ai": 2.1084986499281, "p_al": 5.028741010800528, "p_ex": 1.0504317296309502, "prior": 3.889345153544549, "rate": 5.3803392136766695}, "datetime": {"datetime": "2024-06-12 20:58:53", "elapsed": 32.872311, "delta": 0.118684}}
{"target": -107.42393592349256, "params": {"p_ai": 3.3927026446661146, "p_al": 5.559446211054629, "p_ex": 5.368146451102699, "prior": 3.906714376870321, "rate": 6.963004560927929}, "datetime": {"datetime": "2024-06-12 20:58:53", "elapsed": 32.993988, "delta": 0.121677}}
{"target": -153.23321925097304, "params": {"p_ai": 6.785146057525243, "p_al": 6.8733441905945245, "p_ex": 5.615351096734943, "prior": 3.5814410602153455, "rate": 6.131510241334756}, "datetime": {"datetime": "2024-06-12 20:58:53", "elapsed": 33.110744, "delta": 0.116756}}
{"target": -182.65134420748112, "params": {"p_ai": 9.35742692981539, "p_al": 5.969288360934786, "p_ex": 9.795922153419893, "prior": 4.4106251974683035, "rate": 7.39638001311296}, "datetime": {"datetime": "2024-06-12 20:58:53", "elapsed": 33.227894, "delta": 0.11715}}
{"target": -182.956685882862, "params": {"p_ai": 0.3770011826173517, "p_al": 7.647501663365861, "p_ex": 5.1832975216877974, "prior": 0.05416001307807128, "rate": 2.772723847721202}, "datetime": {"datetime": "2024-06-12 20:58:54", "elapsed": 33.354662, "delta": 0.126768}}
{"target": -182.25550088388115, "params": {"p_ai": 5.348787492965596, "p_al": 7.679860819934835, "p_ex": 0.5318728619297984, "prior": 5.490985385061347, "rate": 8.010144563427762}, "datetime": {"datetime": "2024-06-12 20:58:54", "elapsed": 33.473563, "delta": 0.118901}}
{"target": -206.86027836267618, "params": {"p_ai": 6.496180965729911, "p_al": 9.314538702914113, "p_ex": 0.7482397187025968, "prior": 2.7687878195432654, "rate": 9.192455805057469}, "datetime": {"datetime": "2024-06-12 20:58:54", "elapsed": 33.593245, "delta": 0.119682}}
{"target": -152.06579205813108, "params": {"p_ai": 7.650286477833132, "p_al": 5.9978037043765156, "p_ex": 8.329848470226867, "prior": 8.960538872258445, "rate": 9.727230808175396}, "datetime": {"datetime": "2024-06-12 20:58:54", "elapsed": 33.710623, "delta": 0.117378}}
{"target": -284.70936893420236, "params": {"p_ai": 9.98520655039097, "p_al": 1.3973536875073507, "p_ex": 0.7063499053922482, "prior": 0.7355930769468734, "rate": 0.14842316520856935}, "datetime": {"datetime": "2024-06-12 20:58:54", "elapsed": 33.828868, "delta": 0.118245}}
{"target": -181.4679274175829, "params": {"p_ai": 9.718228909706282, "p_al": 0.9485743976558341, "p_ex": 8.417526525032311, "prior": 6.852044796080089, "rate": 4.876084117661699}, "datetime": {"datetime": "2024-06-12 20:58:54", "elapsed": 33.946555, "delta": 0.117687}}
{"target": -124.77169143365741, "params": {"p_ai": 3.4676021187044235, "p_al": 3.5371242228829836, "p_ex": 2.539134984589525, "prior": 9.110268719012566, "rate": 7.256699812403196}, "datetime": {"datetime": "2024-06-12 20:58:54", "elapsed": 34.066834, "delta": 0.120279}}
{"target": -122.82685771194892, "params": {"p_ai": 0.2602320020499145, "p_al": 4.615751011217899, "p_ex": 2.813731424095577, "prior": 0.2906328955928069, "rate": 8.846934261198635}, "datetime": {"datetime": "2024-06-12 20:58:54", "elapsed": 34.184975, "delta": 0.118141}}
{"target": -154.0195025944245, "params": {"p_ai": 7.710282574188869, "p_al": 3.298021057363365, "p_ex": 7.965789316779574, "prior": 3.247058583707763, "rate": 3.0795165557326496}, "datetime": {"datetime": "2024-06-12 20:58:54", "elapsed": 34.302128, "delta": 0.117153}}
{"target": -192.79168309301068, "params": {"p_ai": 9.281162675928762, "p_al": 9.769184703296556, "p_ex": 5.236029491864212, "prior": 9.519399740511682, "rate": 8.88007694277072}, "datetime": {"datetime": "2024-06-12 20:58:55", "elapsed": 34.418324, "delta": 0.116196}}
{"target": -120.68431512842722, "params": {"p_ai": 5.180807583382493, "p_al": 3.728115272172759, "p_ex": 7.103835428617774, "prior": 4.5569786029958985, "rate": 6.052523738337006}, "datetime": {"datetime": "2024-06-12 20:58:55", "elapsed": 34.535546, "delta": 0.117222}}
{"target": -321.05198153001726, "params": {"p_ai": 9.904071562702576, "p_al": 7.739388583314729, "p_ex": 3.343429773533269, "prior": 0.8908932100029573, "rate": 1.8498709971938052}, "datetime": {"datetime": "2024-06-12 20:58:55", "elapsed": 34.652339, "delta": 0.116793}}
{"target": -124.21843691112127, "params": {"p_ai": 5.2689919070424525, "p_al": 4.1716070786504735, "p_ex": 8.006795921634268, "prior": 9.332090179528631, "rate": 1.779469614765534}, "datetime": {"datetime": "2024-06-12 20:58:55", "elapsed": 34.773191, "delta": 0.120852}}
{"target": -529.289997538743, "params": {"p_ai": 8.600807641991286, "p_al": 9.57399186834036, "p_ex": 9.594746597890971, "prior": 0.37958801461658453, "rate": 0.576777472576129}, "datetime": {"datetime": "2024-06-12 20:58:55", "elapsed": 34.890876, "delta": 0.117685}}
{"target": -148.39512946667676, "params": {"p_ai": 0.05896813178397224, "p_al": 3.127498880398609, "p_ex": 0.5579284287083343, "prior": 2.939330992219971, "rate": 3.5608088438258343}, "datetime": {"datetime": "2024-06-12 20:58:55", "elapsed": 35.007564, "delta": 0.116688}}
{"target": -212.61893311808691, "params": {"p_ai": 9.536816507720744, "p_al": 4.770032273945294, "p_ex": 2.783106185770882, "prior": 5.030548945314497, "rate": 6.433935888566707}, "datetime": {"datetime": "2024-06-12 20:58:55", "elapsed": 35.125057, "delta": 0.117493}}
{"target": -107.26312237994995, "params": {"p_ai": 1.1133454800017826, "p_al": 7.580858519672953, "p_ex": 8.519605767101668, "prior": 8.442654345834713, "rate": 8.905177817288482}, "datetime": {"datetime": "2024-06-12 20:58:55", "elapsed": 35.242563, "delta": 0.117506}}
{"target": -144.98829113842442, "params": {"p_ai": 3.819042125160856, "p_al": 4.438608178466819, "p_ex": 1.0167131779857155, "prior": 2.25884341738992, "rate": 9.713233372262836}, "datetime": {"datetime": "2024-06-12 20:58:56", "elapsed": 35.381193, "delta": 0.13863}}
{"target": -116.34733697648643, "params": {"p_ai": 2.8469550657183857, "p_al": 9.074054026267731, "p_ex": 8.905632311496733, "prior": 9.225122468106674, "rate": 1.5623394948435068}, "datetime": {"datetime": "2024-06-12 20:58:56", "elapsed": 35.503624, "delta": 0.122431}}
{"target": -240.07897509732464, "params": {"p_ai": 8.797341712870308, "p_al": 6.320317509680909, "p_ex": 2.1070711560096056, "prior": 3.4518140318860318, "rate": 1.6000279671042428}, "datetime": {"datetime": "2024-06-12 20:58:56", "elapsed": 35.621309, "delta": 0.117685}}
{"target": -138.86721421905466, "params": {"p_ai": 4.444037226303826, "p_al": 0.8386657635007598, "p_ex": 1.654019586311918, "prior": 1.972766268320226, "rate": 6.910582388225486}, "datetime": {"datetime": "2024-06-12 20:58:56", "elapsed": 35.738185, "delta": 0.116876}}
{"target": -194.87405365787617, "params": {"p_ai": 5.738454888784365, "p_al": 8.733358017233284, "p_ex": 2.447096023126362, "prior": 6.296449959232413, "rate": 0.3452782218056491}, "datetime": {"datetime": "2024-06-12 20:58:56", "elapsed": 35.855348, "delta": 0.117163}}
{"target": -193.57267762349917, "params": {"p_ai": 5.162468412309614, "p_al": 8.632401590656782, "p_ex": 9.841281312305282, "prior": 0.09971988061382621, "rate": 2.5291619792860742}, "datetime": {"datetime": "2024-06-12 20:58:56", "elapsed": 35.971039, "delta": 0.115691}}
{"target": -140.49723877689263, "params": {"p_ai": 2.239272853604926, "p_al": 0.4763284046833772, "p_ex": 0.10271439016149476, "prior": 4.902462927130074, "rate": 0.4557759745572704}, "datetime": {"datetime": "2024-06-12 20:58:56", "elapsed": 36.104686, "delta": 0.133647}}
{"target": -120.65966932520196, "params": {"p_ai": 2.784002980338173, "p_al": 6.400105716520015, "p_ex": 2.9476257235674814, "prior": 2.6972773568893555, "rate": 5.905874675913428}, "datetime": {"datetime": "2024-06-12 20:58:56", "elapsed": 36.224335, "delta": 0.119649}}
{"target": -120.71221538407508, "params": {"p_ai": 3.805960238019191, "p_al": 7.025527816580048, "p_ex": 4.961743388547362, "prior": 6.33245944879897, "rate": 3.5345900756692927}, "datetime": {"datetime": "2024-06-12 20:58:57", "elapsed": 36.341993, "delta": 0.117658}}
{"target": -97.2526532207018, "params": {"p_ai": 2.871152417608931, "p_al": 1.3329379303972684, "p_ex": 9.370866767604843, "prior": 8.04855362431193, "rate": 9.380347403020368}, "datetime": {"datetime": "2024-06-12 20:58:57", "elapsed": 36.459979, "delta": 0.117986}}
{"target": -105.23192154089986, "params": {"p_ai": 1.8546198659533752, "p_al": 9.331624472469432, "p_ex": 9.357596323713638, "prior": 2.8361615915229414, "rate": 2.7470678499902057}, "datetime": {"datetime": "2024-06-12 20:58:57", "elapsed": 36.577678, "delta": 0.117699}}
{"target": -138.8829694446471, "params": {"p_ai": 5.514764305160052, "p_al": 1.8537071044461548, "p_ex": 4.421569005157032, "prior": 1.8539911417309063, "rate": 9.473811803621638}, "datetime": {"datetime": "2024-06-12 20:58:57", "elapsed": 36.695016, "delta": 0.117338}}
{"target": -123.14352851625219, "params": {"p_ai": 4.938752750253366, "p_al": 9.639213756472554, "p_ex": 6.449771783449607, "prior": 4.843673414550824, "rate": 9.676984764366013}, "datetime": {"datetime": "2024-06-12 20:58:57", "elapsed": 36.811769, "delta": 0.116753}}
{"target": -131.9786515782564, "params": {"p_ai": 1.4327546273059197, "p_al": 6.3236664167903, "p_ex": 6.6192217900001395, "prior": 4.3389644317001075, "rate": 0.594512896164236}, "datetime": {"datetime": "2024-06-12 20:58:57", "elapsed": 36.930043, "delta": 0.118274}}
{"target": -117.59088410924781, "params": {"p_ai": 4.927733289059168, "p_al": 4.651874301237257, "p_ex": 8.06766136093786, "prior": 2.5673532385398095, "rate": 3.914912199479702}, "datetime": {"datetime": "2024-06-12 20:58:57", "elapsed": 37.047739, "delta": 0.117696}}
{"target": -114.76839806382404, "params": {"p_ai": 2.402481900006551, "p_al": 6.864747708308469, "p_ex": 9.898844649917818, "prior": 1.7751179391457508, "rate": 8.214645955522746}, "datetime": {"datetime": "2024-06-12 20:58:57", "elapsed": 37.166467, "delta": 0.118728}}
{"target": -125.28560739807432, "params": {"p_ai": 2.3106546042570515, "p_al": 0.5807001579142975, "p_ex": 1.3890263639386906, "prior": 9.351596002308344, "rate": 8.885532491458925}, "datetime": {"datetime": "2024-06-12 20:58:57", "elapsed": 37.28569, "delta": 0.119223}}
{"target": -99.6209547374631, "params": {"p_ai": 2.893315694333617, "p_al": 9.477692896949968, "p_ex": 8.499455421778958, "prior": 4.347113285922664, "rate": 4.681027499109862}, "datetime": {"datetime": "2024-06-12 20:58:58", "elapsed": 37.402073, "delta": 0.116383}}
{"target": -198.20812859245598, "params": {"p_ai": 6.2989003628126445, "p_al": 1.581160317803163, "p_ex": 0.14880608533418707, "prior": 2.655854662706386, "rate": 0.15542087579566607}, "datetime": {"datetime": "2024-06-12 20:58:58", "elapsed": 37.520808, "delta": 0.118735}}
{"target": -180.7211316772603, "params": {"p_ai": 6.745313942778413, "p_al": 5.515136889291953, "p_ex": 3.2171598078821737, "prior": 7.802243168860467, "rate": 1.4587085267165556}, "datetime": {"datetime": "2024-06-12 20:58:58", "elapsed": 37.638493, "delta": 0.117685}}
{"target": -116.9329105817804, "params": {"p_ai": 2.449561506980074, "p_al": 2.923845306630798, "p_ex": 1.9601235330434226, "prior": 0.8802988990222627, "rate": 8.699891826535803}, "datetime": {"datetime": "2024-06-12 20:58:58", "elapsed": 37.76454, "delta": 0.126047}}
{"target": -180.23489820120577, "params": {"p_ai": 0.8827982670695292, "p_al": 6.837419647880558, "p_ex": 1.204888367700376, "prior": 0.1079793324385974, "rate": 5.573125032519063}, "datetime": {"datetime": "2024-06-12 20:58:58", "elapsed": 37.882223, "delta": 0.117683}}
{"target": -220.2206307344811, "params": {"p_ai": 9.071183443148486, "p_al": 8.604706216701516, "p_ex": 3.3851753897983823, "prior": 0.27256113442929636, "rate": 8.008792691945201}, "datetime": {"datetime": "2024-06-12 20:58:58", "elapsed": 38.00006, "delta": 0.117837}}
{"target": -165.11597310672852, "params": {"p_ai": 8.06004333796437, "p_al": 8.685012674911418, "p_ex": 6.696796352155456, "prior": 8.077980844288449, "rate": 8.9750853247459}, "datetime": {"datetime": "2024-06-12 20:58:58", "elapsed": 38.127797, "delta": 0.127737}}
{"target": -120.28857299400092, "params": {"p_ai": 4.538845674949633, "p_al": 5.578695211845391, "p_ex": 5.06180515715352, "prior": 6.920147061337664, "rate": 6.829385769431119}, "datetime": {"datetime": "2024-06-12 20:58:58", "elapsed": 38.249613, "delta": 0.121816}}
{"target": -141.9642620023074, "params": {"p_ai": 5.203616044997302, "p_al": 8.284853012706627, "p_ex": 5.058288088511875, "prior": 8.248760765289934, "rate": 2.8191690363442863}, "datetime": {"datetime": "2024-06-12 20:58:59", "elapsed": 38.366007, "delta": 0.116394}}
{"target": -101.56052880922229, "params": {"p_ai": 1.7857698349419049, "p_al": 9.698735832876796, "p_ex": 7.419653315035313, "prior": 2.598657141350841, "rate": 5.8127721875694265}, "datetime": {"datetime": "2024-06-12 20:58:59", "elapsed": 38.486887, "delta": 0.12088}}
{"target": -233.27150784072015, "params": {"p_ai": 9.55266727312833, "p_al": 0.808458324212976, "p_ex": 0.8362585364103492, "prior": 6.191729179367653, "rate": 2.245710294880741}, "datetime": {"datetime": "2024-06-12 20:58:59", "elapsed": 38.629319, "delta": 0.142432}}
{"target": -241.92009655373204, "params": {"p_ai": 7.652074383378348, "p_al": 5.681957276948102, "p_ex": 6.66221471414473, "prior": 1.0790311940451294, "rate": 0.8437462313141314}, "datetime": {"datetime": "2024-06-12 20:58:59", "elapsed": 38.758528, "delta": 0.129209}}
{"target": -183.41398481380395, "params": {"p_ai": 6.251585561986592, "p_al": 4.097902880079071, "p_ex": 0.8734379861959459, "prior": 3.711268386216875, "rate": 6.72177195215883}, "datetime": {"datetime": "2024-06-12 20:58:59", "elapsed": 38.875339, "delta": 0.116811}}
{"target": -100.80339944873843, "params": {"p_ai": 1.8966844145156656, "p_al": 8.957395356178512, "p_ex": 9.498514042411992, "prior": 9.615763851802903, "rate": 7.301095494844863}, "datetime": {"datetime": "2024-06-12 20:58:59", "elapsed": 38.993024, "delta": 0.117685}}
{"target": -136.79869019011443, "params": {"p_ai": 4.063477988455463, "p_al": 7.437748214315846, "p_ex": 2.8805808058682407, "prior": 3.144857806685071, "rate": 6.059357715817362}, "datetime": {"datetime": "2024-06-12 20:58:59", "elapsed": 39.117761, "delta": 0.124737}}
{"target": -160.48585138805356, "params": {"p_ai": 5.948876486945769, "p_al": 8.786731102181795, "p_ex": 2.546752955850109, "prior": 7.662117463663015, "rate": 9.410191654922194}, "datetime": {"datetime": "2024-06-12 20:58:59", "elapsed": 39.234542, "delta": 0.116781}}
{"target": -159.4787624975104, "params": {"p_ai": 0.011328293644688577, "p_al": 4.761415090903047, "p_ex": 6.570746249918269, "prior": 8.433388815981305, "rate": 1.8382103793481412}, "datetime": {"datetime": "2024-06-12 20:59:00", "elapsed": 39.355266, "delta": 0.120724}}
{"target": -238.7827970688815, "params": {"p_ai": 8.56173622063573, "p_al": 3.6442904330904224, "p_ex": 8.922847018832448, "prior": 0.2780896894835276, "rate": 0.854816001092583}, "datetime": {"datetime": "2024-06-12 20:59:00", "elapsed": 39.480438, "delta": 0.125172}}
{"target": -211.1111695570994, "params": {"p_ai": 9.81412324707537, "p_al": 6.095409755809193, "p_ex": 4.176905835795019, "prior": 1.6929726327522117, "rate": 6.499361629743811}, "datetime": {"datetime": "2024-06-12 20:59:00", "elapsed": 39.609012, "delta": 0.128574}}
{"target": -125.62690264068003, "params": {"p_ai": 0.3707137085252189, "p_al": 3.116827520693586, "p_ex": 3.2354684906937643, "prior": 6.074811493252022, "rate": 6.508661735500295}, "datetime": {"datetime": "2024-06-12 20:59:00", "elapsed": 39.726291, "delta": 0.117279}}
