{"target": -175.75127254414255, "params": {"gamma": 3.0455479552792557, "prior": 8.63861535707258, "rate": 8.421949009551232}, "datetime": {"datetime": "2024-06-14 04:07:34", "elapsed": 9.538882, "delta": 0.008976}}
{"target": -229.35858648075546, "params": {"gamma": 4.246702488235933, "prior": 3.7004756377425694, "rate": 2.825092294877215}, "datetime": {"datetime": "2024-06-14 04:07:34", "elapsed": 9.548856, "delta": 0.009974}}
{"target": -511.5082051491439, "params": {"gamma": 9.93237460787099, "prior": 2.6319351668238067, "rate": 9.206835301993463}, "datetime": {"datetime": "2024-06-14 04:07:34", "elapsed": 9.558829, "delta": 0.009973}}
{"target": -221.09243654969285, "params": {"gamma": 4.283923802383466, "prior": 9.360727422179947, "rate": 8.38860949714763}, "datetime": {"datetime": "2024-06-14 04:07:34", "elapsed": 9.567805, "delta": 0.008976}}
{"target": -134.31960323782403, "params": {"gamma": 1.5586174788295128, "prior": 5.785405208073743, "rate": 6.7353566438421755}, "datetime": {"datetime": "2024-06-14 04:07:34", "elapsed": 9.577779, "delta": 0.009974}}
{"target": -322.15891445417657, "params": {"gamma": 4.058798239584453, "prior": 0.14828274037404324, "rate": 3.2539879663598352}, "datetime": {"datetime": "2024-06-14 04:07:34", "elapsed": 9.587752, "delta": 0.009973}}
{"target": -345.22904681205557, "params": {"gamma": 8.389610534784513, "prior": 0.7219574041509673, "rate": 1.0550920446467325}, "datetime": {"datetime": "2024-06-14 04:07:34", "elapsed": 9.596728, "delta": 0.008976}}
{"target": -317.8812264274734, "params": {"gamma": 7.0181716777726475, "prior": 5.190166850786258, "rate": 4.9821700831201285}, "datetime": {"datetime": "2024-06-14 04:07:34", "elapsed": 9.606701, "delta": 0.009973}}
{"target": -189.7927845928497, "params": {"gamma": 3.736723579545134, "prior": 6.074784805046058, "rate": 8.514836200003508}, "datetime": {"datetime": "2024-06-14 04:07:34", "elapsed": 9.616674, "delta": 0.009973}}
{"target": -194.7517338325326, "params": {"gamma": 2.7699536416334585, "prior": 8.463137492151986, "rate": 4.166774866572612}, "datetime": {"datetime": "2024-06-14 04:07:34", "elapsed": 9.626336, "delta": 0.009662}}
{"target": -328.57735261686213, "params": {"gamma": 5.010339139927012, "prior": 7.323271447824984, "rate": 2.5879583533585664}, "datetime": {"datetime": "2024-06-14 04:07:34", "elapsed": 9.635312, "delta": 0.008976}}
{"target": -416.76685875204214, "params": {"gamma": 9.216447549642744, "prior": 7.050487695865598, "rate": 6.189685300551793}, "datetime": {"datetime": "2024-06-14 04:07:34", "elapsed": 9.645286, "delta": 0.009974}}
{"target": -206.7538727195401, "params": {"gamma": 2.7308153642818653, "prior": 6.988899717958515, "rate": 2.5728902697861002}, "datetime": {"datetime": "2024-06-14 04:07:34", "elapsed": 9.65482, "delta": 0.009534}}
{"target": -529.3492704240618, "params": {"gamma": 8.164710250604447, "prior": 0.21357730472677, "rate": 1.6662098984717895}, "datetime": {"datetime": "2024-06-14 04:07:34", "elapsed": 9.664793, "delta": 0.009973}}
{"target": -293.45597828623625, "params": {"gamma": 5.578732058631829, "prior": 7.151581896064771, "rate": 4.925314058477191}, "datetime": {"datetime": "2024-06-14 04:07:34", "elapsed": 9.674333, "delta": 0.00954}}
{"target": -506.64663759650716, "params": {"gamma": 8.77821720529802, "prior": 9.761112381872845, "rate": 4.643306398374889}, "datetime": {"datetime": "2024-06-14 04:07:34", "elapsed": 9.684306, "delta": 0.009973}}
{"target": -320.73599202799477, "params": {"gamma": 7.680101807848576, "prior": 4.99824412495192, "rate": 6.651322684579871}, "datetime": {"datetime": "2024-06-14 04:07:34", "elapsed": 9.69428, "delta": 0.009974}}
{"target": -180.87535465349234, "params": {"gamma": 2.2495249246936897, "prior": 1.1844630004410581, "rate": 9.790110366804328}, "datetime": {"datetime": "2024-06-14 04:07:34", "elapsed": 9.704253, "delta": 0.009973}}
{"target": -356.67698419379224, "params": {"gamma": 8.150131602400142, "prior": 2.925296971250357, "rate": 5.858698015894784}, "datetime": {"datetime": "2024-06-14 04:07:34", "elapsed": 9.714227, "delta": 0.009974}}
{"target": -200.68557462767689, "params": {"gamma": 3.8013319815826336, "prior": 1.8457466036216705, "rate": 4.188932595381877}, "datetime": {"datetime": "2024-06-14 04:07:34", "elapsed": 9.723202, "delta": 0.008975}}
{"target": -237.80160425991153, "params": {"gamma": 2.9725807541730793, "prior": 0.2645786546757686, "rate": 3.8742957016810964}, "datetime": {"datetime": "2024-06-14 04:07:34", "elapsed": 9.733176, "delta": 0.009974}}
{"target": -460.21973935366765, "params": {"gamma": 9.209209125043717, "prior": 8.299182561203743, "rate": 5.741173477210314}, "datetime": {"datetime": "2024-06-14 04:07:34", "elapsed": 9.743149, "delta": 0.009973}}
{"target": -199.66866145519114, "params": {"gamma": 3.1871500009390448, "prior": 2.3895165193658316, "rate": 9.560239816725709}, "datetime": {"datetime": "2024-06-14 04:07:34", "elapsed": 9.752125, "delta": 0.008976}}
{"target": -257.79921722057986, "params": {"gamma": 5.646536380588049, "prior": 2.254292505235319, "rate": 2.4955710289351303}, "datetime": {"datetime": "2024-06-14 04:07:34", "elapsed": 9.762099, "delta": 0.009974}}
{"target": -569.3908047084524, "params": {"gamma": 9.59600242910666, "prior": 2.464259919634281, "rate": 1.068034169467023}, "datetime": {"datetime": "2024-06-14 04:07:34", "elapsed": 9.772072, "delta": 0.009973}}
{"target": -144.05345753029047, "params": {"gamma": 1.840435435586939, "prior": 7.685625588487398, "rate": 7.087933795056683}, "datetime": {"datetime": "2024-06-14 04:07:34", "elapsed": 9.782046, "delta": 0.009974}}
{"target": -246.10860153740427, "params": {"gamma": 4.379981305846461, "prior": 7.958664620452609, "rate": 5.1756094087340525}, "datetime": {"datetime": "2024-06-14 04:07:34", "elapsed": 9.791021, "delta": 0.008975}}
{"target": -276.34358611094603, "params": {"gamma": 4.136568013129941, "prior": 1.262675168653137, "rate": 8.839226748297556}, "datetime": {"datetime": "2024-06-14 04:07:34", "elapsed": 9.800995, "delta": 0.009974}}
{"target": -160.43613454179032, "params": {"gamma": 2.7566565508887577, "prior": 6.200981160965617, "rate": 9.8458132098281}, "datetime": {"datetime": "2024-06-14 04:07:34", "elapsed": 9.810969, "delta": 0.009974}}
{"target": -153.38774437357048, "params": {"gamma": 1.8949908024154942, "prior": 9.655361118751124, "rate": 6.527500968888528}, "datetime": {"datetime": "2024-06-14 04:07:34", "elapsed": 9.819944, "delta": 0.008975}}
{"target": -129.71271477390582, "params": {"gamma": 1.28818731436088, "prior": 7.742078746123179, "rate": 9.51780600679268}, "datetime": {"datetime": "2024-06-14 04:07:34", "elapsed": 9.829917, "delta": 0.009973}}
{"target": -489.67690057461334, "params": {"gamma": 5.628242716344561, "prior": 6.916696477605665, "rate": 0.26445244082095803}, "datetime": {"datetime": "2024-06-14 04:07:34", "elapsed": 9.83989, "delta": 0.009973}}
{"target": -782.8341146915077, "params": {"gamma": 9.890767779393961, "prior": 3.252725486155457, "rate": 0.24001388988282726}, "datetime": {"datetime": "2024-06-14 04:07:34", "elapsed": 9.848866, "delta": 0.008976}}
{"target": -392.6737224359723, "params": {"gamma": 8.08583294059341, "prior": 9.735200262493974, "rate": 7.376147510656895}, "datetime": {"datetime": "2024-06-14 04:07:34", "elapsed": 9.858842, "delta": 0.009976}}
{"target": -152.70909751613095, "params": {"gamma": 0.028355324647958178, "prior": 0.7272690626029495, "rate": 5.843109782870581}, "datetime": {"datetime": "2024-06-14 04:07:34", "elapsed": 9.868816, "delta": 0.009974}}
{"target": -185.14299077827897, "params": {"gamma": 3.3578153624482754, "prior": 8.830151459442787, "rate": 8.736820024200027}, "datetime": {"datetime": "2024-06-14 04:07:34", "elapsed": 9.878789, "delta": 0.009973}}
{"target": -399.96069545368374, "params": {"gamma": 9.875201568135711, "prior": 7.186736493818677, "rate": 8.768960114386706}, "datetime": {"datetime": "2024-06-14 04:07:34", "elapsed": 9.887765, "delta": 0.008976}}
{"target": -225.70721156393856, "params": {"gamma": 3.197181468508664, "prior": 1.20065182400608, "rate": 8.653775693718016}, "datetime": {"datetime": "2024-06-14 04:07:34", "elapsed": 9.897738, "delta": 0.009973}}
{"target": -168.4525603127659, "params": {"gamma": 3.035422507017289, "prior": 4.251389751852173, "rate": 6.460656540458656}, "datetime": {"datetime": "2024-06-14 04:07:34", "elapsed": 9.907712, "delta": 0.009974}}
{"target": -286.51275704466775, "params": {"gamma": 6.051386242420971, "prior": 4.267138536697311, "rate": 3.862118968194065}, "datetime": {"datetime": "2024-06-14 04:07:34", "elapsed": 9.916688, "delta": 0.008976}}
{"target": -150.0694444410555, "params": {"gamma": 1.227687737548204, "prior": 5.385232654603825, "rate": 2.329308118342716}, "datetime": {"datetime": "2024-06-14 04:07:34", "elapsed": 9.926661, "delta": 0.009973}}
{"target": -587.9104117645139, "params": {"gamma": 7.548323703153514, "prior": 6.78121878322855, "rate": 0.7201977211273354}, "datetime": {"datetime": "2024-06-14 04:07:34", "elapsed": 9.936635, "delta": 0.009974}}
{"target": -652.2596033181336, "params": {"gamma": 9.892657582673268, "prior": 7.826523662185978, "rate": 2.279031043019085}, "datetime": {"datetime": "2024-06-14 04:07:34", "elapsed": 9.946608, "delta": 0.009973}}
{"target": -143.0212709859519, "params": {"gamma": 0.30839744067862085, "prior": 4.835881127609816, "rate": 3.5280716325732393}, "datetime": {"datetime": "2024-06-14 04:07:34", "elapsed": 9.956089, "delta": 0.009481}}
{"target": -248.29597249915656, "params": {"gamma": 5.465568482142916, "prior": 6.630673158706719, "rate": 7.972400853780025}, "datetime": {"datetime": "2024-06-14 04:07:34", "elapsed": 9.966063, "delta": 0.009974}}
{"target": -151.66421256776755, "params": {"gamma": 0.1364299240444373, "prior": 7.171525587400897, "rate": 2.95384434705289}, "datetime": {"datetime": "2024-06-14 04:07:34", "elapsed": 9.976036, "delta": 0.009973}}
{"target": -500.79131224344735, "params": {"gamma": 9.864039353798532, "prior": 8.47779313281904, "rate": 5.604451409666734}, "datetime": {"datetime": "2024-06-14 04:07:34", "elapsed": 9.985012, "delta": 0.008976}}
{"target": -268.2366743441048, "params": {"gamma": 5.9780590880830164, "prior": 2.001549162745117, "rate": 2.263289634282068}, "datetime": {"datetime": "2024-06-14 04:07:34", "elapsed": 9.994986, "delta": 0.009974}}
{"target": -168.2274718524092, "params": {"gamma": 1.5409777702011733, "prior": 3.8403541198979734, "rate": 1.1204424879714694}, "datetime": {"datetime": "2024-06-14 04:07:34", "elapsed": 10.004959, "delta": 0.009973}}
{"target": -381.1857139795325, "params": {"gamma": 5.113217663448985, "prior": 6.420931758475319, "rate": 1.2230015699915957}, "datetime": {"datetime": "2024-06-14 04:07:34", "elapsed": 10.014932, "delta": 0.009973}}
{"target": -234.96366266150682, "params": {"gamma": 3.442619392943751, "prior": 0.7964440088835576, "rate": 5.25808611153342}, "datetime": {"datetime": "2024-06-14 04:07:34", "elapsed": 10.024906, "delta": 0.009974}}
{"target": -280.95052601736245, "params": {"gamma": 6.503247402260852, "prior": 6.193174199613517, "rate": 8.138881758532042}, "datetime": {"datetime": "2024-06-14 04:07:34", "elapsed": 10.033881, "delta": 0.008975}}
{"target": -179.28914794220753, "params": {"gamma": 2.3564267987877012, "prior": 6.220000234220411, "rate": 3.028982363807174}, "datetime": {"datetime": "2024-06-14 04:07:34", "elapsed": 10.043855, "delta": 0.009974}}
{"target": -156.87047807479127, "params": {"gamma": 0.8885882930853439, "prior": 3.1220885685015505, "rate": 0.7144933929712171}, "datetime": {"datetime": "2024-06-14 04:07:34", "elapsed": 10.054334, "delta": 0.010479}}
{"target": -715.3262379507421, "params": {"gamma": 9.585783535985689, "prior": 7.2989378057766, "rate": 1.0155071173822163}, "datetime": {"datetime": "2024-06-14 04:07:34", "elapsed": 10.06331, "delta": 0.008976}}
{"target": -370.36273536658274, "params": {"gamma": 7.862906954163588, "prior": 3.5863380649556653, "rate": 9.1144399680976}, "datetime": {"datetime": "2024-06-14 04:07:34", "elapsed": 10.073283, "delta": 0.009973}}
{"target": -351.76368659793866, "params": {"gamma": 4.955478850036387, "prior": 8.739657957550234, "rate": 2.206077417642493}, "datetime": {"datetime": "2024-06-14 04:07:34", "elapsed": 10.082802, "delta": 0.009519}}
{"target": -273.0893526817693, "params": {"gamma": 3.6725560667067523, "prior": 3.731685727367989, "rate": 0.9722296833512493}, "datetime": {"datetime": "2024-06-14 04:07:34", "elapsed": 10.092776, "delta": 0.009974}}
{"target": -198.1737599158422, "params": {"gamma": 3.310813326223882, "prior": 6.6311270580041155, "rate": 4.665968370246033}, "datetime": {"datetime": "2024-06-14 04:07:34", "elapsed": 10.102749, "delta": 0.009973}}
{"target": -359.891597848856, "params": {"gamma": 8.792436465874568, "prior": 2.769735637264448, "rate": 3.5488386678677664}, "datetime": {"datetime": "2024-06-14 04:07:34", "elapsed": 10.111726, "delta": 0.008977}}
{"target": -233.49377687235216, "params": {"gamma": 3.2042225472159718, "prior": 5.562205909154905, "rate": 1.8830059366472722}, "datetime": {"datetime": "2024-06-14 04:07:34", "elapsed": 10.121698, "delta": 0.009972}}
{"target": -164.96615174193533, "params": {"gamma": 1.7332694708102208, "prior": 9.4008710496637, "rate": 3.767100489749554}, "datetime": {"datetime": "2024-06-14 04:07:34", "elapsed": 10.131672, "delta": 0.009974}}
{"target": -275.9031516427171, "params": {"gamma": 5.871394250695616, "prior": 0.6460056416863561, "rate": 1.409439110996769}, "datetime": {"datetime": "2024-06-14 04:07:34", "elapsed": 10.140648, "delta": 0.008976}}
{"target": -168.35323365646104, "params": {"gamma": 0.964489160060572, "prior": 8.139944122785648, "rate": 1.0323646790520586}, "datetime": {"datetime": "2024-06-14 04:07:34", "elapsed": 10.150621, "delta": 0.009973}}
{"target": -238.35959981419572, "params": {"gamma": 5.163644140749812, "prior": 1.6402211901215338, "rate": 2.7888887375330564}, "datetime": {"datetime": "2024-06-14 04:07:34", "elapsed": 10.160621, "delta": 0.01}}
{"target": -361.4177400769574, "params": {"gamma": 8.826137423028198, "prior": 6.352778274796015, "rate": 9.636663439420486}, "datetime": {"datetime": "2024-06-14 04:07:34", "elapsed": 10.1696, "delta": 0.008979}}
{"target": -460.8267381220934, "params": {"gamma": 5.997543941794315, "prior": 0.19424519054392425, "rate": 4.156994414198696}, "datetime": {"datetime": "2024-06-14 04:07:34", "elapsed": 10.179544, "delta": 0.009944}}
{"target": -141.214959222607, "params": {"gamma": 0.22539510183243922, "prior": 3.20844484766477, "rate": 4.816767682276697}, "datetime": {"datetime": "2024-06-14 04:07:34", "elapsed": 10.189517, "delta": 0.009973}}
{"target": -274.0212915227763, "params": {"gamma": 5.755017951896957, "prior": 2.4626370089964063, "rate": 5.583307497898072}, "datetime": {"datetime": "2024-06-14 04:07:34", "elapsed": 10.19949, "delta": 0.009973}}
{"target": -264.23851673275215, "params": {"gamma": 3.949806420938232, "prior": 5.115163656318577, "rate": 1.9604741784106727}, "datetime": {"datetime": "2024-06-14 04:07:35", "elapsed": 10.208466, "delta": 0.008976}}
{"target": -157.70140400477368, "params": {"gamma": 1.5683593484243095, "prior": 7.5697183752636255, "rate": 3.3004023148263886}, "datetime": {"datetime": "2024-06-14 04:07:35", "elapsed": 10.21844, "delta": 0.009974}}
{"target": -280.0300179604034, "params": {"gamma": 6.442312729689626, "prior": 5.698010406246365, "rate": 8.995409627944824}, "datetime": {"datetime": "2024-06-14 04:07:35", "elapsed": 10.228413, "delta": 0.009973}}
{"target": -515.2144658472782, "params": {"gamma": 8.806955495452243, "prior": 4.486802863235155, "rate": 2.048146129836078}, "datetime": {"datetime": "2024-06-14 04:07:35", "elapsed": 10.238386, "delta": 0.009973}}
{"target": -282.7468787098856, "params": {"gamma": 6.322291560542967, "prior": 6.404676155930846, "rate": 6.92448261628265}, "datetime": {"datetime": "2024-06-14 04:07:35", "elapsed": 10.247362, "delta": 0.008976}}
{"target": -427.6536235047108, "params": {"gamma": 9.074824554145266, "prior": 7.847551682641525, "rate": 6.253284067622613}, "datetime": {"datetime": "2024-06-14 04:07:35", "elapsed": 10.257336, "delta": 0.009974}}
{"target": -305.692482798035, "params": {"gamma": 6.010054988385501, "prior": 2.2063144570746065, "rate": 6.514002254616683}, "datetime": {"datetime": "2024-06-14 04:07:35", "elapsed": 10.267309, "delta": 0.009973}}
{"target": -356.91562079274917, "params": {"gamma": 8.145187207595269, "prior": 9.230992560443674, "rate": 9.166584470697245}, "datetime": {"datetime": "2024-06-14 04:07:35", "elapsed": 10.276285, "delta": 0.008976}}
{"target": -252.08032498213376, "params": {"gamma": 5.611426959920494, "prior": 2.6723563598308284, "rate": 3.338640770780343}, "datetime": {"datetime": "2024-06-14 04:07:35", "elapsed": 10.286258, "delta": 0.009973}}
{"target": -402.4612458806467, "params": {"gamma": 9.977625893322635, "prior": 5.303418103356411, "rate": 8.159250821705387}, "datetime": {"datetime": "2024-06-14 04:07:35", "elapsed": 10.295235, "delta": 0.008977}}
{"target": -312.1269677942416, "params": {"gamma": 5.970564861657937, "prior": 5.1186108345504335, "rate": 3.4860476134416722}, "datetime": {"datetime": "2024-06-14 04:07:35", "elapsed": 10.305208, "delta": 0.009973}}
{"target": -442.5852538390643, "params": {"gamma": 5.378167511784794, "prior": 0.16667359924261277, "rate": 8.766981380159143}, "datetime": {"datetime": "2024-06-14 04:07:35", "elapsed": 10.315181, "delta": 0.009973}}
{"target": -437.77776524374565, "params": {"gamma": 5.615303328845261, "prior": 0.340386110714318, "rate": 8.181929278566322}, "datetime": {"datetime": "2024-06-14 04:07:35", "elapsed": 10.325154, "delta": 0.009973}}
{"target": -145.2061971431152, "params": {"gamma": 1.3544085542298703, "prior": 0.4033231110996103, "rate": 4.623891705947023}, "datetime": {"datetime": "2024-06-14 04:07:35", "elapsed": 10.33413, "delta": 0.008976}}
{"target": -494.8695026221839, "params": {"gamma": 9.606606296174677, "prior": 1.0267810597935034, "rate": 0.656919562834297}, "datetime": {"datetime": "2024-06-14 04:07:35", "elapsed": 10.344104, "delta": 0.009974}}
{"target": -381.34248095483537, "params": {"gamma": 8.799475826643015, "prior": 8.231583211278556, "rate": 8.199874253028593}, "datetime": {"datetime": "2024-06-14 04:07:35", "elapsed": 10.354077, "delta": 0.009973}}
{"target": -233.5055597264282, "params": {"gamma": 4.678712660105902, "prior": 4.3321717361492516, "rate": 4.011281986039528}, "datetime": {"datetime": "2024-06-14 04:07:35", "elapsed": 10.36405, "delta": 0.009973}}
{"target": -265.6409174996666, "params": {"gamma": 5.822568206350932, "prior": 7.316809626823501, "rate": 7.843135731493912}, "datetime": {"datetime": "2024-06-14 04:07:35", "elapsed": 10.373026, "delta": 0.008976}}
{"target": -330.20867377967903, "params": {"gamma": 6.548337076416619, "prior": 5.668415030292531, "rate": 4.1245136895947505}, "datetime": {"datetime": "2024-06-14 04:07:35", "elapsed": 10.383, "delta": 0.009974}}
{"target": -179.47631900333397, "params": {"gamma": 3.1998307053765016, "prior": 2.9338531489792334, "rate": 2.9624710073123492}, "datetime": {"datetime": "2024-06-14 04:07:35", "elapsed": 10.392973, "delta": 0.009973}}
{"target": -333.5474115069811, "params": {"gamma": 6.827845908778269, "prior": 7.648167703379835, "rate": 5.976600250112773}, "datetime": {"datetime": "2024-06-14 04:07:35", "elapsed": 10.402947, "delta": 0.009974}}
{"target": -158.82431383330538, "params": {"gamma": 2.229416058643355, "prior": 2.0245107029967566, "rate": 7.657095501588769}, "datetime": {"datetime": "2024-06-14 04:07:35", "elapsed": 10.411923, "delta": 0.008976}}
{"target": -660.7088455556294, "params": {"gamma": 9.786959495931479, "prior": 0.257508619766369, "rate": 2.489732521683815}, "datetime": {"datetime": "2024-06-14 04:07:35", "elapsed": 10.421896, "delta": 0.009973}}
{"target": -506.3830661225196, "params": {"gamma": 7.923336404835708, "prior": 7.219736447758213, "rate": 2.4605535974366086}, "datetime": {"datetime": "2024-06-14 04:07:35", "elapsed": 10.431869, "delta": 0.009973}}
{"target": -250.57343959510493, "params": {"gamma": 5.549368918377377, "prior": 5.897299361580305, "rate": 7.21412138219565}, "datetime": {"datetime": "2024-06-14 04:07:35", "elapsed": 10.441842, "delta": 0.009973}}
{"target": -246.13230515976034, "params": {"gamma": 4.637273438415798, "prior": 4.1079998680749545, "rate": 3.080786698738075}, "datetime": {"datetime": "2024-06-14 04:07:35", "elapsed": 10.451816, "delta": 0.009974}}
{"target": -179.92508071580775, "params": {"gamma": 2.3838507751598206, "prior": 1.0157832456909792, "rate": 6.4591879907890055}, "datetime": {"datetime": "2024-06-14 04:07:35", "elapsed": 10.460792, "delta": 0.008976}}
{"target": -613.156208748433, "params": {"gamma": 6.696034914953822, "prior": 6.904700391776786, "rate": 0.03245405892326011}, "datetime": {"datetime": "2024-06-14 04:07:35", "elapsed": 10.470765, "delta": 0.009973}}
{"target": -254.53540164094008, "params": {"gamma": 4.383092072177341, "prior": 1.3132783126224954, "rate": 5.266566747727368}, "datetime": {"datetime": "2024-06-14 04:07:35", "elapsed": 10.480738, "delta": 0.009973}}
{"target": -473.40912605330556, "params": {"gamma": 9.797416469397842, "prior": 5.042842408537047, "rate": 3.747125142755934}, "datetime": {"datetime": "2024-06-14 04:07:35", "elapsed": 10.490712, "delta": 0.009974}}
{"target": -537.499193957607, "params": {"gamma": 8.13858608395356, "prior": 9.685194238622525, "rate": 2.8719466519104246}, "datetime": {"datetime": "2024-06-14 04:07:35", "elapsed": 10.500685, "delta": 0.009973}}
{"target": -619.2723910426167, "params": {"gamma": 8.030197397425262, "prior": 9.96180022989637, "rate": 1.1191305732763266}, "datetime": {"datetime": "2024-06-14 04:07:35", "elapsed": 10.509661, "delta": 0.008976}}
