{"target": -397.8180985766674, "params": {"gamma": 2.6097471361451294, "lr": 0.33415183351807476}, "datetime": {"datetime": "2024-06-13 18:39:28", "elapsed": 7.241126, "delta": 0.003989}}
{"target": -627.0339082327719, "params": {"gamma": 4.647854040432997, "lr": 0.2343564434014873}, "datetime": {"datetime": "2024-06-13 18:39:28", "elapsed": 7.246113, "delta": 0.004987}}
{"target": -1994.0773554586651, "params": {"gamma": 7.27531136269942, "lr": 0.807191102024009}, "datetime": {"datetime": "2024-06-13 18:39:28", "elapsed": 7.2511, "delta": 0.004987}}
{"target": -1827.3317175772472, "params": {"gamma": 7.909964984873447, "lr": 0.7157485483912336}, "datetime": {"datetime": "2024-06-13 18:39:28", "elapsed": 7.255089, "delta": 0.003989}}
{"target": -501.4586766028261, "params": {"gamma": 2.6971628183640655, "lr": 0.21045779104067575}, "datetime": {"datetime": "2024-06-13 18:39:28", "elapsed": 7.260076, "delta": 0.004987}}
{"target": -222.750822609315, "params": {"gamma": 1.092174154085908, "lr": 0.3966811014027529}, "datetime": {"datetime": "2024-06-13 18:39:28", "elapsed": 7.265063, "delta": 0.004987}}
{"target": -223.79026156861187, "params": {"gamma": 0.8735791351201521, "lr": 0.6553896564824753}, "datetime": {"datetime": "2024-06-13 18:39:28", "elapsed": 7.269052, "delta": 0.003989}}
{"target": -2332.300752306533, "params": {"gamma": 9.49833931470982, "lr": 0.755633280579152}, "datetime": {"datetime": "2024-06-13 18:39:28", "elapsed": 7.274039, "delta": 0.004987}}
{"target": -589.7585769504519, "params": {"gamma": 1.1698003792568261, "lr": 0.020481248718401956}, "datetime": {"datetime": "2024-06-13 18:39:28", "elapsed": 7.279026, "delta": 0.004987}}
{"target": -1064.8054496352486, "params": {"gamma": 3.349553409033682, "lr": 0.9928761567590365}, "datetime": {"datetime": "2024-06-13 18:39:28", "elapsed": 7.284012, "delta": 0.004986}}
{"target": -752.5329178292191, "params": {"gamma": 3.129004648022036, "lr": 0.7375077987941283}, "datetime": {"datetime": "2024-06-13 18:39:28", "elapsed": 7.290437, "delta": 0.006425}}
{"target": -1248.44412415857, "params": {"gamma": 7.165577236537339, "lr": 0.5725575976952813}, "datetime": {"datetime": "2024-06-13 18:39:28", "elapsed": 7.298414, "delta": 0.007977}}
{"target": -669.207206617994, "params": {"gamma": 3.6770929306387004, "lr": 0.2082656940300881}, "datetime": {"datetime": "2024-06-13 18:39:28", "elapsed": 7.306391, "delta": 0.007977}}
{"target": -4645.612500294418, "params": {"gamma": 9.800012165219913, "lr": 0.06589377000512553}, "datetime": {"datetime": "2024-06-13 18:39:28", "elapsed": 7.312377, "delta": 0.005986}}
{"target": -418.27648115704557, "params": {"gamma": 2.363041291619063, "lr": 0.3088994705101167}, "datetime": {"datetime": "2024-06-13 18:39:28", "elapsed": 7.317362, "delta": 0.004985}}
{"target": -2087.124752500013, "params": {"gamma": 9.09512403146957, "lr": 0.7133692630190983}, "datetime": {"datetime": "2024-06-13 18:39:28", "elapsed": 7.322349, "delta": 0.004987}}
{"target": -675.115911623206, "params": {"gamma": 2.654453130529889, "lr": 0.16450130293866305}, "datetime": {"datetime": "2024-06-13 18:39:28", "elapsed": 7.327335, "delta": 0.004986}}
{"target": -2240.683633738724, "params": {"gamma": 8.805093637851785, "lr": 0.7937831324318396}, "datetime": {"datetime": "2024-06-13 18:39:28", "elapsed": 7.332657, "delta": 0.005322}}
{"target": -185.77124489816038, "params": {"gamma": 0.38483593233206737, "lr": 0.8793008435965847}, "datetime": {"datetime": "2024-06-13 18:39:28", "elapsed": 7.337152, "delta": 0.004495}}
{"target": -916.4254695845824, "params": {"gamma": 5.879809512359401, "lr": 0.4575371969863721}, "datetime": {"datetime": "2024-06-13 18:39:28", "elapsed": 7.342139, "delta": 0.004987}}
{"target": -3203.8320634610686, "params": {"gamma": 6.73884491695568, "lr": 0.03944279853538757}, "datetime": {"datetime": "2024-06-13 18:39:28", "elapsed": 7.347125, "delta": 0.004986}}
{"target": -1602.5024364764759, "params": {"gamma": 3.303881713493146, "lr": 0.08804841780935202}, "datetime": {"datetime": "2024-06-13 18:39:28", "elapsed": 7.351115, "delta": 0.00399}}
{"target": -1078.880608970819, "params": {"gamma": 6.836691010345723, "lr": 0.3980117152162973}, "datetime": {"datetime": "2024-06-13 18:39:28", "elapsed": 7.356102, "delta": 0.004987}}
{"target": -798.3981764732155, "params": {"gamma": 4.790061963647635, "lr": 0.2898033391923721}, "datetime": {"datetime": "2024-06-13 18:39:28", "elapsed": 7.360091, "delta": 0.003989}}
{"target": -3742.7820342705, "params": {"gamma": 7.883156906603142, "lr": 0.046512682267751626}, "datetime": {"datetime": "2024-06-13 18:39:28", "elapsed": 7.366075, "delta": 0.005984}}
{"target": -514.6647697558436, "params": {"gamma": 2.811975337992219, "lr": 0.590595861758878}, "datetime": {"datetime": "2024-06-13 18:39:28", "elapsed": 7.371061, "delta": 0.004986}}
{"target": -1463.2222940854952, "params": {"gamma": 7.901544890842957, "lr": 0.6015993359119542}, "datetime": {"datetime": "2024-06-13 18:39:28", "elapsed": 7.375051, "delta": 0.00399}}
{"target": -3470.5513698407503, "params": {"gamma": 7.305156197867701, "lr": 0.023527914877828127}, "datetime": {"datetime": "2024-06-13 18:39:28", "elapsed": 7.380037, "delta": 0.004986}}
{"target": -1232.868711680173, "params": {"gamma": 2.5499809694961213, "lr": 0.04209175984237279}, "datetime": {"datetime": "2024-06-13 18:39:28", "elapsed": 7.384027, "delta": 0.00399}}
{"target": -1579.7257826691903, "params": {"gamma": 5.000623972289424, "lr": 0.9891402961407735}, "datetime": {"datetime": "2024-06-13 18:39:28", "elapsed": 7.389013, "delta": 0.004986}}
{"target": -146.4433740795076, "params": {"gamma": 0.1362915505440842, "lr": 0.4408790383372555}, "datetime": {"datetime": "2024-06-13 18:39:28", "elapsed": 7.394, "delta": 0.004987}}
{"target": -147.2718840637114, "params": {"gamma": 0.0488593946407395, "lr": 0.6128886193293469}, "datetime": {"datetime": "2024-06-13 18:39:28", "elapsed": 7.398917, "delta": 0.004917}}
{"target": -450.91359178543905, "params": {"gamma": 1.8344039025545689, "lr": 0.7127417837905282}, "datetime": {"datetime": "2024-06-13 18:39:28", "elapsed": 7.403903, "delta": 0.004986}}
{"target": -466.8580685464297, "params": {"gamma": 1.5973254712175065, "lr": 0.8285756552303601}, "datetime": {"datetime": "2024-06-13 18:39:28", "elapsed": 7.40889, "delta": 0.004987}}
{"target": -325.6212842606932, "params": {"gamma": 2.0625754591785816, "lr": 0.35221627383195075}, "datetime": {"datetime": "2024-06-13 18:39:28", "elapsed": 7.413877, "delta": 0.004987}}
{"target": -651.2257402119162, "params": {"gamma": 2.3065541407607677, "lr": 0.8076844924516463}, "datetime": {"datetime": "2024-06-13 18:39:28", "elapsed": 7.418864, "delta": 0.004987}}
{"target": -1439.4494724540648, "params": {"gamma": 4.903209285941475, "lr": 0.8738335058866241}, "datetime": {"datetime": "2024-06-13 18:39:28", "elapsed": 7.42385, "delta": 0.004986}}
{"target": -245.49330403309705, "params": {"gamma": 1.3017296410083459, "lr": 0.4989581103650381}, "datetime": {"datetime": "2024-06-13 18:39:28", "elapsed": 7.428839, "delta": 0.004989}}
{"target": -2444.8371117140273, "params": {"gamma": 7.766359726186858, "lr": 0.9812101687911365}, "datetime": {"datetime": "2024-06-13 18:39:28", "elapsed": 7.433824, "delta": 0.004985}}
{"target": -1334.731852903591, "params": {"gamma": 6.734103924215217, "lr": 0.18300117978695374}, "datetime": {"datetime": "2024-06-13 18:39:28", "elapsed": 7.437813, "delta": 0.003989}}
{"target": -3608.4621335121146, "params": {"gamma": 7.597969782524479, "lr": 0.07463521512286109}, "datetime": {"datetime": "2024-06-13 18:39:28", "elapsed": 7.4428, "delta": 0.004987}}
{"target": -2102.9772954060845, "params": {"gamma": 7.62796186474408, "lr": 0.8278152309219722}, "datetime": {"datetime": "2024-06-13 18:39:28", "elapsed": 7.447787, "delta": 0.004987}}
{"target": -873.036503212003, "params": {"gamma": 5.592537951402159, "lr": 0.49272082980822784}, "datetime": {"datetime": "2024-06-13 18:39:28", "elapsed": 7.452773, "delta": 0.004986}}
{"target": -4440.8816118125, "params": {"gamma": 9.36533769934676, "lr": 9.695068767479054e-05}, "datetime": {"datetime": "2024-06-13 18:39:28", "elapsed": 7.456763, "delta": 0.00399}}
{"target": -148.50205442734458, "params": {"gamma": 0.0966593768907281, "lr": 0.25195142314544017}, "datetime": {"datetime": "2024-06-13 18:39:29", "elapsed": 7.461749, "delta": 0.004986}}
{"target": -906.5366772350109, "params": {"gamma": 5.057258956122923, "lr": 0.5404166504960898}, "datetime": {"datetime": "2024-06-13 18:39:29", "elapsed": 7.466736, "delta": 0.004987}}
{"target": -626.4227133704298, "params": {"gamma": 3.7135529478230405, "lr": 0.29271137519518675}, "datetime": {"datetime": "2024-06-13 18:39:29", "elapsed": 7.471722, "delta": 0.004986}}
{"target": -576.5764661405602, "params": {"gamma": 2.0244710973929743, "lr": 0.8002818943961242}, "datetime": {"datetime": "2024-06-13 18:39:29", "elapsed": 7.475712, "delta": 0.00399}}
{"target": -508.14122263489395, "params": {"gamma": 3.159913122914842, "lr": 0.492467985547119}, "datetime": {"datetime": "2024-06-13 18:39:29", "elapsed": 7.480699, "delta": 0.004987}}
{"target": -1501.7047108200366, "params": {"gamma": 8.11309762614833, "lr": 0.6123589424601151}, "datetime": {"datetime": "2024-06-13 18:39:29", "elapsed": 7.485686, "delta": 0.004987}}
{"target": -866.7112588766994, "params": {"gamma": 4.086676353275073, "lr": 0.17690422236042747}, "datetime": {"datetime": "2024-06-13 18:39:29", "elapsed": 7.489674, "delta": 0.003988}}
{"target": -629.8965207368415, "params": {"gamma": 3.977123246381154, "lr": 0.48521265373011824}, "datetime": {"datetime": "2024-06-13 18:39:29", "elapsed": 7.497654, "delta": 0.00798}}
{"target": -1539.678781267161, "params": {"gamma": 9.905855341048484, "lr": 0.28419507592058557}, "datetime": {"datetime": "2024-06-13 18:39:29", "elapsed": 7.50264, "delta": 0.004986}}
{"target": -330.04965778449224, "params": {"gamma": 1.6572311251158391, "lr": 0.22057551351544413}, "datetime": {"datetime": "2024-06-13 18:39:29", "elapsed": 7.507626, "delta": 0.004986}}
{"target": -1029.3278600160018, "params": {"gamma": 2.115461976224172, "lr": 0.07604769057476157}, "datetime": {"datetime": "2024-06-13 18:39:29", "elapsed": 7.512615, "delta": 0.004989}}
{"target": -590.9874710792911, "params": {"gamma": 3.6497120765361126, "lr": 0.28473402479064247}, "datetime": {"datetime": "2024-06-13 18:39:29", "elapsed": 7.5176, "delta": 0.004985}}
{"target": -2258.5849222877514, "params": {"gamma": 8.876000332641663, "lr": 0.780259609956419}, "datetime": {"datetime": "2024-06-13 18:39:29", "elapsed": 7.522586, "delta": 0.004986}}
{"target": -343.32822675880607, "params": {"gamma": 1.09154050351661, "lr": 0.8505034953674093}, "datetime": {"datetime": "2024-06-13 18:39:29", "elapsed": 7.526576, "delta": 0.00399}}
{"target": -295.96177433389823, "params": {"gamma": 1.0968764704846565, "lr": 0.7202077467752445}, "datetime": {"datetime": "2024-06-13 18:39:29", "elapsed": 7.53256, "delta": 0.005984}}
{"target": -2765.9582080348077, "params": {"gamma": 5.728670154913063, "lr": 0.08680838426747961}, "datetime": {"datetime": "2024-06-13 18:39:29", "elapsed": 7.53655, "delta": 0.00399}}
{"target": -2642.1849294543867, "params": {"gamma": 9.053375032737591, "lr": 0.8745665148853765}, "datetime": {"datetime": "2024-06-13 18:39:29", "elapsed": 7.541536, "delta": 0.004986}}
{"target": -1174.1592686281124, "params": {"gamma": 8.438673461887907, "lr": 0.3695673551173151}, "datetime": {"datetime": "2024-06-13 18:39:29", "elapsed": 7.546524, "delta": 0.004988}}
{"target": -718.7927718415455, "params": {"gamma": 2.2302911723421603, "lr": 0.9971116548587963}, "datetime": {"datetime": "2024-06-13 18:39:29", "elapsed": 7.551509, "delta": 0.004985}}
{"target": -3879.5623957575654, "params": {"gamma": 8.17356631642956, "lr": 0.042128160628106315}, "datetime": {"datetime": "2024-06-13 18:39:29", "elapsed": 7.556496, "delta": 0.004987}}
{"target": -1034.0631411170802, "params": {"gamma": 3.733405500770418, "lr": 0.8121869757489847}, "datetime": {"datetime": "2024-06-13 18:39:29", "elapsed": 7.560485, "delta": 0.003989}}
{"target": -707.1531510055424, "params": {"gamma": 5.284318582532073, "lr": 0.24713082560012845}, "datetime": {"datetime": "2024-06-13 18:39:29", "elapsed": 7.56548, "delta": 0.004995}}
{"target": -1239.2666324774762, "params": {"gamma": 7.9290864165444885, "lr": 0.2617510439444676}, "datetime": {"datetime": "2024-06-13 18:39:29", "elapsed": 7.570461, "delta": 0.004981}}
{"target": -148.89572886352633, "params": {"gamma": 0.00498340216746315, "lr": 0.23131891895573253}, "datetime": {"datetime": "2024-06-13 18:39:29", "elapsed": 7.575454, "delta": 0.004993}}
{"target": -1937.95008308465, "params": {"gamma": 9.933709519335848, "lr": 0.6562008343421062}, "datetime": {"datetime": "2024-06-13 18:39:29", "elapsed": 7.579439, "delta": 0.003985}}
{"target": -532.6241777419133, "params": {"gamma": 2.20746055274965, "lr": 0.6861397019787449}, "datetime": {"datetime": "2024-06-13 18:39:29", "elapsed": 7.584426, "delta": 0.004987}}
{"target": -1348.3905225911587, "params": {"gamma": 6.8696820453199665, "lr": 0.640742769936858}, "datetime": {"datetime": "2024-06-13 18:39:29", "elapsed": 7.589364, "delta": 0.004938}}
{"target": -170.86481096558305, "params": {"gamma": 0.7064146187020427, "lr": 0.2429641169892971}, "datetime": {"datetime": "2024-06-13 18:39:29", "elapsed": 7.594351, "delta": 0.004987}}
{"target": -2041.709872236897, "params": {"gamma": 8.708501091076558, "lr": 0.7347408193015217}, "datetime": {"datetime": "2024-06-13 18:39:29", "elapsed": 7.599478, "delta": 0.005127}}
{"target": -312.01682508385255, "params": {"gamma": 1.6789922438348501, "lr": 0.29858946127654595}, "datetime": {"datetime": "2024-06-13 18:39:29", "elapsed": 7.603467, "delta": 0.003989}}
{"target": -1556.1871606619218, "params": {"gamma": 5.627657565327734, "lr": 0.826445766022829}, "datetime": {"datetime": "2024-06-13 18:39:29", "elapsed": 7.608457, "delta": 0.00499}}
{"target": -791.4449366296179, "params": {"gamma": 2.0059625473387035, "lr": 0.10166529365348886}, "datetime": {"datetime": "2024-06-13 18:39:29", "elapsed": 7.613443, "delta": 0.004986}}
{"target": -1178.6650155837915, "params": {"gamma": 3.8193070270168987, "lr": 0.912353469252759}, "datetime": {"datetime": "2024-06-13 18:39:29", "elapsed": 7.618432, "delta": 0.004989}}
{"target": -1018.0783254173621, "params": {"gamma": 2.605874679054985, "lr": 0.10830435271308025}, "datetime": {"datetime": "2024-06-13 18:39:29", "elapsed": 7.623419, "delta": 0.004987}}
{"target": -160.48505470536213, "params": {"gamma": 0.56037370979255, "lr": 0.3516705558700568}, "datetime": {"datetime": "2024-06-13 18:39:29", "elapsed": 7.627411, "delta": 0.003992}}
{"target": -153.39047609716434, "params": {"gamma": 0.37723182573995767, "lr": 0.583033921230445}, "datetime": {"datetime": "2024-06-13 18:39:29", "elapsed": 7.632397, "delta": 0.004986}}
{"target": -1044.3379464234608, "params": {"gamma": 6.725895546392632, "lr": 0.46048358998473815}, "datetime": {"datetime": "2024-06-13 18:39:29", "elapsed": 7.636936, "delta": 0.004539}}
{"target": -1316.4659530588592, "params": {"gamma": 7.411427420391562, "lr": 0.5010249644140818}, "datetime": {"datetime": "2024-06-13 18:39:29", "elapsed": 7.641922, "delta": 0.004986}}
{"target": -926.7875351819908, "params": {"gamma": 7.023823855740785, "lr": 0.2306409059229675}, "datetime": {"datetime": "2024-06-13 18:39:29", "elapsed": 7.64691, "delta": 0.004988}}
{"target": -1322.5594532524703, "params": {"gamma": 7.446379482205204, "lr": 0.5016372020053996}, "datetime": {"datetime": "2024-06-13 18:39:29", "elapsed": 7.651896, "delta": 0.004986}}
{"target": -1070.003110802972, "params": {"gamma": 7.053982930260369, "lr": 0.44669779031638923}, "datetime": {"datetime": "2024-06-13 18:39:29", "elapsed": 7.655886, "delta": 0.00399}}
{"target": -2413.1831501808297, "params": {"gamma": 5.059900155144239, "lr": 0.04153518297857339}, "datetime": {"datetime": "2024-06-13 18:39:29", "elapsed": 7.660872, "delta": 0.004986}}
{"target": -1382.4411161384146, "params": {"gamma": 4.893603596752043, "lr": 0.14228750219732444}, "datetime": {"datetime": "2024-06-13 18:39:29", "elapsed": 7.665859, "delta": 0.004987}}
{"target": -274.6767809503181, "params": {"gamma": 1.425815973998472, "lr": 0.43335040255954493}, "datetime": {"datetime": "2024-06-13 18:39:29", "elapsed": 7.670845, "delta": 0.004986}}
{"target": -832.9999232959614, "params": {"gamma": 5.762571683469249, "lr": 0.343048695191552}, "datetime": {"datetime": "2024-06-13 18:39:29", "elapsed": 7.675832, "delta": 0.004987}}
{"target": -408.4422868769761, "params": {"gamma": 1.6057554110518168, "lr": 0.7414104169799515}, "datetime": {"datetime": "2024-06-13 18:39:29", "elapsed": 7.679822, "delta": 0.00399}}
{"target": -2255.2390193641736, "params": {"gamma": 9.630952636256579, "lr": 0.7336422859505056}, "datetime": {"datetime": "2024-06-13 18:39:29", "elapsed": 7.684808, "delta": 0.004986}}
{"target": -264.84750513651227, "params": {"gamma": 0.7715652507427674, "lr": 0.8409081581252351}, "datetime": {"datetime": "2024-06-13 18:39:29", "elapsed": 7.689795, "delta": 0.004987}}
{"target": -178.90534689034868, "params": {"gamma": 0.6760729900832833, "lr": 0.4363120485992489}, "datetime": {"datetime": "2024-06-13 18:39:29", "elapsed": 7.694781, "delta": 0.004986}}
{"target": -1445.8815744831425, "params": {"gamma": 9.288699130413471, "lr": 0.26318010363654454}, "datetime": {"datetime": "2024-06-13 18:39:29", "elapsed": 7.69986, "delta": 0.005079}}
{"target": -349.3826320664938, "params": {"gamma": 1.2804037657560603, "lr": 0.7622387720608016}, "datetime": {"datetime": "2024-06-13 18:39:29", "elapsed": 7.703826, "delta": 0.003966}}
{"target": -1535.3749122671272, "params": {"gamma": 9.286152605869912, "lr": 0.32576842070431766}, "datetime": {"datetime": "2024-06-13 18:39:29", "elapsed": 7.708813, "delta": 0.004987}}
{"target": -482.75050692290375, "params": {"gamma": 2.3253485203555204, "lr": 0.1824854764117131}, "datetime": {"datetime": "2024-06-13 18:39:29", "elapsed": 7.7138, "delta": 0.004987}}
{"target": -1670.080556917811, "params": {"gamma": 9.632391991118075, "lr": 0.5766346346502746}, "datetime": {"datetime": "2024-06-13 18:39:29", "elapsed": 7.718786, "delta": 0.004986}}
{"target": -1424.0588178324574, "params": {"gamma": 8.601017631330931, "lr": 0.3083449860518661}, "datetime": {"datetime": "2024-06-13 18:39:29", "elapsed": 7.722775, "delta": 0.003989}}
{"target": -163.75057221894133, "params": {"gamma": 0.5653078671540508, "lr": 0.45380418511530174}, "datetime": {"datetime": "2024-06-13 18:39:29", "elapsed": 7.727762, "delta": 0.004987}}
{"target": -394.7625130581745, "params": {"gamma": 2.0718938489778145, "lr": 0.5189836643290452}, "datetime": {"datetime": "2024-06-13 18:39:29", "elapsed": 7.732749, "delta": 0.004987}}
{"target": -893.1008841652713, "params": {"gamma": 5.3803383685417385, "lr": 0.2942882172433129}, "datetime": {"datetime": "2024-06-13 18:39:29", "elapsed": 7.736738, "delta": 0.003989}}
{"target": -1479.434772716485, "params": {"gamma": 3.0752313679559293, "lr": 0.024173672214832798}, "datetime": {"datetime": "2024-06-13 18:39:29", "elapsed": 7.741753, "delta": 0.005015}}
{"target": -711.0380096755572, "params": {"gamma": 4.204599737289876, "lr": 0.3236894136587639}, "datetime": {"datetime": "2024-06-13 18:39:29", "elapsed": 7.746712, "delta": 0.004959}}
{"target": -1813.6385032072124, "params": {"gamma": 6.1952817624864025, "lr": 0.8597630666919952}, "datetime": {"datetime": "2024-06-13 18:39:29", "elapsed": 7.751698, "delta": 0.004986}}
{"target": -2350.569043852779, "params": {"gamma": 4.926911767488365, "lr": 0.0827082980318894}, "datetime": {"datetime": "2024-06-13 18:39:29", "elapsed": 7.756685, "delta": 0.004987}}
{"target": -2553.165305049037, "params": {"gamma": 9.334871102884591, "lr": 0.8083269668547564}, "datetime": {"datetime": "2024-06-13 18:39:29", "elapsed": 7.760674, "delta": 0.003989}}
{"target": -622.7794747450157, "params": {"gamma": 3.6558227125345977, "lr": 0.3307289110251447}, "datetime": {"datetime": "2024-06-13 18:39:29", "elapsed": 7.765903, "delta": 0.005229}}
{"target": -1302.0353469585207, "params": {"gamma": 9.379402853367585, "lr": 0.37489434056111615}, "datetime": {"datetime": "2024-06-13 18:39:29", "elapsed": 7.770889, "delta": 0.004986}}
{"target": -2004.2913278334054, "params": {"gamma": 6.358386384013082, "lr": 0.9853443380985734}, "datetime": {"datetime": "2024-06-13 18:39:29", "elapsed": 7.775876, "delta": 0.004987}}
{"target": -158.256054923492, "params": {"gamma": 0.36836090554034395, "lr": 0.3146309781487783}, "datetime": {"datetime": "2024-06-13 18:39:29", "elapsed": 7.780863, "delta": 0.004987}}
{"target": -744.2174072902557, "params": {"gamma": 2.313125983692789, "lr": 0.9223654191512636}, "datetime": {"datetime": "2024-06-13 18:39:29", "elapsed": 7.784852, "delta": 0.003989}}
{"target": -2625.9756890864805, "params": {"gamma": 5.511816168783595, "lr": 0.05371353840991677}, "datetime": {"datetime": "2024-06-13 18:39:29", "elapsed": 7.789839, "delta": 0.004987}}
{"target": -1737.8350048601665, "params": {"gamma": 7.552727246484496, "lr": 0.6840838213346168}, "datetime": {"datetime": "2024-06-13 18:39:29", "elapsed": 7.794825, "delta": 0.004986}}
{"target": -2086.7863179666556, "params": {"gamma": 6.622078860248277, "lr": 0.9557287749268826}, "datetime": {"datetime": "2024-06-13 18:39:29", "elapsed": 7.798815, "delta": 0.00399}}
{"target": -2149.1644922361475, "params": {"gamma": 8.746141385554216, "lr": 0.7532514851657419}, "datetime": {"datetime": "2024-06-13 18:39:29", "elapsed": 7.803801, "delta": 0.004986}}
{"target": -648.3504398297043, "params": {"gamma": 2.2274368777620133, "lr": 0.13801496204321861}, "datetime": {"datetime": "2024-06-13 18:39:29", "elapsed": 7.808788, "delta": 0.004987}}
