{"target": -138.78310867604407, "params": {"gamma": 0.311939657480023, "prior": 5.754639817943711, "rate": 1.8055046214421606}, "datetime": {"datetime": "2024-06-14 18:10:30", "elapsed": 2.643487, "delta": 0.008977}}
{"target": -274.76502192424505, "params": {"gamma": 6.309961044194965, "prior": 9.811144389930757, "rate": 8.749150609572597}, "datetime": {"datetime": "2024-06-14 18:10:30", "elapsed": 2.652462, "delta": 0.008975}}
{"target": -210.77626188289406, "params": {"gamma": 4.518910657959286, "prior": 7.113762613512001, "rate": 7.77491003128189}, "datetime": {"datetime": "2024-06-14 18:10:30", "elapsed": 2.661438, "delta": 0.008976}}
{"target": -214.75203862501309, "params": {"gamma": 4.9489359987414545, "prior": 5.332481552757894, "rate": 1.5086931993235537}, "datetime": {"datetime": "2024-06-14 18:10:30", "elapsed": 2.669417, "delta": 0.007979}}
{"target": -193.6004471361014, "params": {"gamma": 3.6946298561934507, "prior": 1.5079904054205882, "rate": 7.269210639692282}, "datetime": {"datetime": "2024-06-14 18:10:30", "elapsed": 2.678396, "delta": 0.008979}}
{"target": -225.6934486814997, "params": {"gamma": 4.770652931028231, "prior": 4.543900483396978, "rate": 8.860093713682348}, "datetime": {"datetime": "2024-06-14 18:10:30", "elapsed": 2.687372, "delta": 0.008976}}
{"target": -232.93637651311667, "params": {"gamma": 5.2766601043433035, "prior": 4.149999235976913, "rate": 2.6896513301042457}, "datetime": {"datetime": "2024-06-14 18:10:30", "elapsed": 2.696348, "delta": 0.008976}}
{"target": -137.76607592995194, "params": {"gamma": 0.7210483396625298, "prior": 4.239547723880626, "rate": 0.25850907058342715}, "datetime": {"datetime": "2024-06-14 18:10:30", "elapsed": 2.705324, "delta": 0.008976}}
{"target": -162.66583929288993, "params": {"gamma": 2.912248251583728, "prior": 5.084744147499125, "rate": 9.659364717132203}, "datetime": {"datetime": "2024-06-14 18:10:30", "elapsed": 2.713303, "delta": 0.007979}}
{"target": -130.25248194221177, "params": {"gamma": 1.0947197590216522, "prior": 6.7631064367445575, "rate": 4.999823778620901}, "datetime": {"datetime": "2024-06-14 18:10:30", "elapsed": 2.722278, "delta": 0.008975}}
{"target": -323.09780408702755, "params": {"gamma": 7.771205194528555, "prior": 1.521709278954672, "rate": 0.8329431617223197}, "datetime": {"datetime": "2024-06-14 18:10:30", "elapsed": 2.732252, "delta": 0.009974}}
{"target": -186.13568959100905, "params": {"gamma": 3.9927868349191855, "prior": 7.989926294601011, "rate": 1.917565713359991}, "datetime": {"datetime": "2024-06-14 18:10:30", "elapsed": 2.74023, "delta": 0.007978}}
{"target": -324.73898716379733, "params": {"gamma": 7.678004144280593, "prior": 2.9739501709124956, "rate": 2.1696979846303415}, "datetime": {"datetime": "2024-06-14 18:10:30", "elapsed": 2.749207, "delta": 0.008977}}
{"target": -140.27992096479798, "params": {"gamma": 0.1681391751809873, "prior": 4.046724693231549, "rate": 3.8114338314432303}, "datetime": {"datetime": "2024-06-14 18:10:30", "elapsed": 2.758182, "delta": 0.008975}}
{"target": -294.7818975999827, "params": {"gamma": 6.593790017017453, "prior": 0.8020921646568335, "rate": 1.5268872664356763}, "datetime": {"datetime": "2024-06-14 18:10:30", "elapsed": 2.767159, "delta": 0.008977}}
{"target": -139.18333614509044, "params": {"gamma": 0.16674225312644053, "prior": 1.2265839288293277, "rate": 6.518240970824895}, "datetime": {"datetime": "2024-06-14 18:10:30", "elapsed": 2.775137, "delta": 0.007978}}
{"target": -197.7068134900055, "params": {"gamma": 4.027165864897017, "prior": 3.278160510256427, "rate": 5.579562030443482}, "datetime": {"datetime": "2024-06-14 18:10:30", "elapsed": 2.784113, "delta": 0.008976}}
{"target": -416.05535348004037, "params": {"gamma": 9.9346111705354, "prior": 8.361416488778493, "rate": 6.99653220081344}, "datetime": {"datetime": "2024-06-14 18:10:30", "elapsed": 2.79309, "delta": 0.008977}}
{"target": -393.1679369333926, "params": {"gamma": 9.182667632731448, "prior": 0.4933141961625397, "rate": 0.7042640827136369}, "datetime": {"datetime": "2024-06-14 18:10:31", "elapsed": 2.802065, "delta": 0.008975}}
{"target": -227.86388190753962, "params": {"gamma": 4.740588893590559, "prior": 3.5567573882750656, "rate": 9.37258336922236}, "datetime": {"datetime": "2024-06-14 18:10:31", "elapsed": 2.811041, "delta": 0.008976}}
{"target": -228.4390130261392, "params": {"gamma": 4.896160046490541, "prior": 5.442526189924171, "rate": 8.952708396946477}, "datetime": {"datetime": "2024-06-14 18:10:31", "elapsed": 2.820017, "delta": 0.008976}}
{"target": -200.0843679243184, "params": {"gamma": 4.466903823191082, "prior": 8.782640453776484, "rate": 2.536563911966912}, "datetime": {"datetime": "2024-06-14 18:10:31", "elapsed": 2.827996, "delta": 0.007979}}
{"target": -156.87965889102998, "params": {"gamma": 2.7388232318769274, "prior": 3.3507777618671426, "rate": 5.476095140539054}, "datetime": {"datetime": "2024-06-14 18:10:31", "elapsed": 2.836972, "delta": 0.008976}}
{"target": -145.19701955138368, "params": {"gamma": 2.2020666115957854, "prior": 6.747148793704605, "rate": 1.4287900347472011}, "datetime": {"datetime": "2024-06-14 18:10:31", "elapsed": 2.845948, "delta": 0.008976}}
{"target": -133.6374887413756, "params": {"gamma": 0.9419086447218946, "prior": 8.714898287433238, "rate": 2.3694501668664283}, "datetime": {"datetime": "2024-06-14 18:10:31", "elapsed": 2.854924, "delta": 0.008976}}
{"target": -187.1261760660433, "params": {"gamma": 3.8606541062149327, "prior": 5.758266717980789, "rate": 5.258493897544749}, "datetime": {"datetime": "2024-06-14 18:10:31", "elapsed": 2.8639, "delta": 0.008976}}
{"target": -130.52293606630158, "params": {"gamma": 0.7611627705416266, "prior": 8.75384676242048, "rate": 9.511405048568502}, "datetime": {"datetime": "2024-06-14 18:10:31", "elapsed": 2.871878, "delta": 0.007978}}
{"target": -354.2994124558249, "params": {"gamma": 8.125260534442543, "prior": 2.9096381659740556, "rate": 5.278940114383477}, "datetime": {"datetime": "2024-06-14 18:10:31", "elapsed": 2.880857, "delta": 0.008979}}
{"target": -176.82662606600854, "params": {"gamma": 3.394827823452077, "prior": 5.5912063767979, "rate": 9.744060285661112}, "datetime": {"datetime": "2024-06-14 18:10:31", "elapsed": 2.889833, "delta": 0.008976}}
{"target": -162.70526027401212, "params": {"gamma": 3.1177174742720952, "prior": 6.72108639863641, "rate": 3.26034610588255}, "datetime": {"datetime": "2024-06-14 18:10:31", "elapsed": 2.898809, "delta": 0.008976}}
{"target": -345.35511263579247, "params": {"gamma": 7.744998182884782, "prior": 3.325518669470728, "rate": 8.898383587132303}, "datetime": {"datetime": "2024-06-14 18:10:31", "elapsed": 2.906788, "delta": 0.007979}}
{"target": -315.5949405213091, "params": {"gamma": 7.51732550147175, "prior": 7.650057744906595, "rate": 4.695320806570698}, "datetime": {"datetime": "2024-06-14 18:10:31", "elapsed": 2.915763, "delta": 0.008975}}
{"target": -145.39433404779635, "params": {"gamma": 2.108434260184585, "prior": 0.5106032878073389, "rate": 3.218966170902475}, "datetime": {"datetime": "2024-06-14 18:10:31", "elapsed": 2.924739, "delta": 0.008976}}
{"target": -135.83571468741238, "params": {"gamma": 0.3720895322754502, "prior": 6.969168572601607, "rate": 6.703829969329749}, "datetime": {"datetime": "2024-06-14 18:10:31", "elapsed": 2.933716, "delta": 0.008977}}
{"target": -199.91450488208645, "params": {"gamma": 4.305287355667006, "prior": 7.701110878815912, "rate": 5.360548938900898}, "datetime": {"datetime": "2024-06-14 18:10:31", "elapsed": 2.942692, "delta": 0.008976}}
{"target": -134.76788914323043, "params": {"gamma": 0.3995594064278903, "prior": 1.4344518678107228, "rate": 1.9349705737501688}, "datetime": {"datetime": "2024-06-14 18:10:31", "elapsed": 2.951667, "delta": 0.008975}}
{"target": -182.12617410098056, "params": {"gamma": 3.357302347845333, "prior": 0.6178981697310199, "rate": 6.051562688223163}, "datetime": {"datetime": "2024-06-14 18:10:31", "elapsed": 2.959646, "delta": 0.007979}}
{"target": -228.10501513340117, "params": {"gamma": 5.121098214211664, "prior": 6.212864018969845, "rate": 4.324123592048677}, "datetime": {"datetime": "2024-06-14 18:10:31", "elapsed": 2.968622, "delta": 0.008976}}
{"target": -319.0631658466346, "params": {"gamma": 8.47715698190614, "prior": 4.595184654985598, "rate": 0.15501979439941704}, "datetime": {"datetime": "2024-06-14 18:10:31", "elapsed": 2.978104, "delta": 0.009482}}
{"target": -373.40546841418353, "params": {"gamma": 8.730808416322548, "prior": 6.596395322666579, "rate": 8.23020740344406}, "datetime": {"datetime": "2024-06-14 18:10:31", "elapsed": 2.987079, "delta": 0.008975}}
{"target": -422.99068259329687, "params": {"gamma": 9.517805154645483, "prior": 0.6040325968171834, "rate": 2.3514835690460547}, "datetime": {"datetime": "2024-06-14 18:10:31", "elapsed": 2.995058, "delta": 0.007979}}
{"target": -130.7071162360412, "params": {"gamma": 0.6343710911199417, "prior": 4.274413071721264, "rate": 8.638427625869019}, "datetime": {"datetime": "2024-06-14 18:10:31", "elapsed": 3.004034, "delta": 0.008976}}
{"target": -134.14759833886924, "params": {"gamma": 0.817158203167966, "prior": 4.783808333570197, "rate": 1.2563055549774276}, "datetime": {"datetime": "2024-06-14 18:10:31", "elapsed": 3.013011, "delta": 0.008977}}
{"target": -295.6988924072117, "params": {"gamma": 7.729083136069011, "prior": 8.43007935227885, "rate": 0.4338660909233998}, "datetime": {"datetime": "2024-06-14 18:10:31", "elapsed": 3.020989, "delta": 0.007978}}
{"target": -235.8931587780006, "params": {"gamma": 4.864920990960778, "prior": 2.470169336963784, "rate": 9.5247853431509}, "datetime": {"datetime": "2024-06-14 18:10:31", "elapsed": 3.029965, "delta": 0.008976}}
{"target": -404.68770923911086, "params": {"gamma": 9.438982385210178, "prior": 6.1779466236085385, "rate": 9.734900485854638}, "datetime": {"datetime": "2024-06-14 18:10:31", "elapsed": 3.038941, "delta": 0.008976}}
{"target": -171.68716122937568, "params": {"gamma": 3.4492685758187935, "prior": 8.98872210491005, "rate": 4.346515139111687}, "datetime": {"datetime": "2024-06-14 18:10:31", "elapsed": 3.047917, "delta": 0.008976}}
{"target": -145.08549315905776, "params": {"gamma": 2.35891055683799, "prior": 9.414196835693854, "rate": 6.842496291781293}, "datetime": {"datetime": "2024-06-14 18:10:31", "elapsed": 3.056893, "delta": 0.008976}}
{"target": -132.20122513444412, "params": {"gamma": 0.6500509418059542, "prior": 8.717206082548355, "rate": 7.01410156603883}, "datetime": {"datetime": "2024-06-14 18:10:31", "elapsed": 3.065869, "delta": 0.008976}}
{"target": -252.55678676690718, "params": {"gamma": 6.049663802869843, "prior": 7.350511501875372, "rate": 2.535136985955308}, "datetime": {"datetime": "2024-06-14 18:10:31", "elapsed": 3.074353, "delta": 0.008484}}
{"target": -245.8261043111665, "params": {"gamma": 6.00528906379017, "prior": 8.164729894490387, "rate": 0.542082489579675}, "datetime": {"datetime": "2024-06-14 18:10:31", "elapsed": 3.083329, "delta": 0.008976}}
{"target": -130.8208130699293, "params": {"gamma": 1.3059762027213204, "prior": 8.440213518568495, "rate": 6.183840347409528}, "datetime": {"datetime": "2024-06-14 18:10:31", "elapsed": 3.091308, "delta": 0.007979}}
{"target": -240.00471530935047, "params": {"gamma": 5.3133468170001, "prior": 2.558078217071276, "rate": 2.9514906739197095}, "datetime": {"datetime": "2024-06-14 18:10:31", "elapsed": 3.100284, "delta": 0.008976}}
{"target": -328.75391600804744, "params": {"gamma": 8.726988963029699, "prior": 4.274492755012122, "rate": 0.6452381255404884}, "datetime": {"datetime": "2024-06-14 18:10:31", "elapsed": 3.10926, "delta": 0.008976}}
{"target": -400.53491764863264, "params": {"gamma": 8.969953710006317, "prior": 2.1134702449581058, "rate": 8.262449127388422}, "datetime": {"datetime": "2024-06-14 18:10:31", "elapsed": 3.118235, "delta": 0.008975}}
{"target": -376.5472460238368, "params": {"gamma": 8.81782446020499, "prior": 4.918832373701547, "rate": 5.98504846635326}, "datetime": {"datetime": "2024-06-14 18:10:31", "elapsed": 3.126215, "delta": 0.00798}}
{"target": -240.31002111004187, "params": {"gamma": 5.273147297397685, "prior": 6.28573081243644, "rate": 8.550562171752167}, "datetime": {"datetime": "2024-06-14 18:10:31", "elapsed": 3.13519, "delta": 0.008975}}
{"target": -155.55116814840943, "params": {"gamma": 2.8221123446002014, "prior": 8.849179530987948, "rate": 5.677335610861374}, "datetime": {"datetime": "2024-06-14 18:10:31", "elapsed": 3.144166, "delta": 0.008976}}
{"target": -129.2308105648532, "params": {"gamma": 1.151915306628067, "prior": 2.347311535625114, "rate": 5.960227873744525}, "datetime": {"datetime": "2024-06-14 18:10:31", "elapsed": 3.153142, "delta": 0.008976}}
{"target": -146.72809263702882, "params": {"gamma": 2.395222922809899, "prior": 1.4010150393208598, "rate": 1.6193152935242277}, "datetime": {"datetime": "2024-06-14 18:10:31", "elapsed": 3.162118, "delta": 0.008976}}
{"target": -365.34041241237514, "params": {"gamma": 8.448880309839154, "prior": 6.061618173537837, "rate": 9.635707304796231}, "datetime": {"datetime": "2024-06-14 18:10:31", "elapsed": 3.171094, "delta": 0.008976}}
{"target": -174.94629371165263, "params": {"gamma": 3.4574464537469587, "prior": 5.996688471536002, "rate": 5.9902539044452245}, "datetime": {"datetime": "2024-06-14 18:10:31", "elapsed": 3.179579, "delta": 0.008485}}
{"target": -286.25395846476687, "params": {"gamma": 6.157427167752284, "prior": 0.6858543511386517, "rate": 7.503421528562285}, "datetime": {"datetime": "2024-06-14 18:10:31", "elapsed": 3.188583, "delta": 0.009004}}
{"target": -376.37269616612934, "params": {"gamma": 9.482146772378064, "prior": 5.393322666077928, "rate": 1.926367653529729}, "datetime": {"datetime": "2024-06-14 18:10:31", "elapsed": 3.19753, "delta": 0.008947}}
{"target": -335.45935620313435, "params": {"gamma": 7.529506223884443, "prior": 0.17245779634585162, "rate": 3.2832327804041577}, "datetime": {"datetime": "2024-06-14 18:10:31", "elapsed": 3.20705, "delta": 0.00952}}
{"target": -393.0534991369032, "params": {"gamma": 9.176145870096288, "prior": 5.92483659564938, "rate": 8.55204764875745}, "datetime": {"datetime": "2024-06-14 18:10:31", "elapsed": 3.216023, "delta": 0.008973}}
{"target": -266.71206433252894, "params": {"gamma": 6.047115851439529, "prior": 8.243523709986324, "rate": 8.79495575076974}, "datetime": {"datetime": "2024-06-14 18:10:31", "elapsed": 3.225, "delta": 0.008977}}
{"target": -177.2657885681566, "params": {"gamma": 3.210542758870008, "prior": 1.3172522383665672, "rate": 7.213312138521522}, "datetime": {"datetime": "2024-06-14 18:10:31", "elapsed": 3.234972, "delta": 0.009972}}
{"target": -219.09018738697588, "params": {"gamma": 4.404030521225552, "prior": 1.3546835205058854, "rate": 5.898646657450783}, "datetime": {"datetime": "2024-06-14 18:10:31", "elapsed": 3.245943, "delta": 0.010971}}
{"target": -134.42047124335815, "params": {"gamma": 0.36164707738402946, "prior": 2.0818029524687707, "rate": 7.883223595490022}, "datetime": {"datetime": "2024-06-14 18:10:31", "elapsed": 3.256486, "delta": 0.010543}}
{"target": -142.86537169486155, "params": {"gamma": 0.12195550339356331, "prior": 3.1031221499148343, "rate": 0.2147382349196191}, "datetime": {"datetime": "2024-06-14 18:10:31", "elapsed": 3.265461, "delta": 0.008975}}
{"target": -405.49179646270443, "params": {"gamma": 9.974852442290567, "prior": 5.862096765800271, "rate": 2.93446940858208}, "datetime": {"datetime": "2024-06-14 18:10:31", "elapsed": 3.275435, "delta": 0.009974}}
{"target": -391.2978013002753, "params": {"gamma": 9.289565669469264, "prior": 5.120482293127225, "rate": 4.547467583296517}, "datetime": {"datetime": "2024-06-14 18:10:31", "elapsed": 3.284412, "delta": 0.008977}}
{"target": -260.896331237577, "params": {"gamma": 5.879127191455569, "prior": 2.7149626776846394, "rate": 3.0535777051749857}, "datetime": {"datetime": "2024-06-14 18:10:31", "elapsed": 3.29339, "delta": 0.008978}}
{"target": -189.87443329161167, "params": {"gamma": 3.7171741126651003, "prior": 2.520035193778948, "rate": 5.845888113900182}, "datetime": {"datetime": "2024-06-14 18:10:31", "elapsed": 3.30336, "delta": 0.00997}}
{"target": -317.5279872813681, "params": {"gamma": 6.958765493189333, "prior": 0.8122774796236112, "rate": 9.710862112935013}, "datetime": {"datetime": "2024-06-14 18:10:31", "elapsed": 3.312336, "delta": 0.008976}}
{"target": -322.4567535387493, "params": {"gamma": 7.53095348803868, "prior": 8.081015313238742, "rate": 7.516652400408825}, "datetime": {"datetime": "2024-06-14 18:10:31", "elapsed": 3.321312, "delta": 0.008976}}
{"target": -130.60975396897445, "params": {"gamma": 0.8015297117349018, "prior": 4.868793201909653, "rate": 4.457283891060159}, "datetime": {"datetime": "2024-06-14 18:10:31", "elapsed": 3.330288, "delta": 0.008976}}
{"target": -297.2169224868285, "params": {"gamma": 6.725054032598774, "prior": 4.5424988623607865, "rate": 7.043429670440712}, "datetime": {"datetime": "2024-06-14 18:10:31", "elapsed": 3.339264, "delta": 0.008976}}
{"target": -294.0736913701144, "params": {"gamma": 6.816771730688627, "prior": 7.001770434652286, "rate": 6.186388824872803}, "datetime": {"datetime": "2024-06-14 18:10:31", "elapsed": 3.348634, "delta": 0.00937}}
{"target": -131.78422579000787, "params": {"gamma": 1.5106563520631782, "prior": 7.631944317426985, "rate": 7.810677176117377}, "datetime": {"datetime": "2024-06-14 18:10:31", "elapsed": 3.357117, "delta": 0.008483}}
{"target": -378.1890570452481, "params": {"gamma": 9.041125756152136, "prior": 2.414310056780649, "rate": 1.7676122518303419}, "datetime": {"datetime": "2024-06-14 18:10:31", "elapsed": 3.366094, "delta": 0.008977}}
{"target": -197.22637558609784, "params": {"gamma": 3.9116001319445175, "prior": 3.2735900745520863, "rate": 8.154953813127257}, "datetime": {"datetime": "2024-06-14 18:10:31", "elapsed": 3.375575, "delta": 0.009481}}
{"target": -262.3113743478808, "params": {"gamma": 6.135645470784649, "prior": 7.624017348262513, "rate": 4.277223331869946}, "datetime": {"datetime": "2024-06-14 18:10:31", "elapsed": 3.384551, "delta": 0.008976}}
{"target": -128.8038905384594, "params": {"gamma": 0.9953061885929767, "prior": 1.238846619297438, "rate": 3.734697910240216}, "datetime": {"datetime": "2024-06-14 18:10:31", "elapsed": 3.393527, "delta": 0.008976}}
{"target": -137.43274606085922, "params": {"gamma": 1.939283827327562, "prior": 8.225390336367088, "rate": 5.996760448228745}, "datetime": {"datetime": "2024-06-14 18:10:31", "elapsed": 3.402503, "delta": 0.008976}}
{"target": -272.4205067913452, "params": {"gamma": 6.888763744927632, "prior": 4.9619886169125325, "rate": 0.8826486387405684}, "datetime": {"datetime": "2024-06-14 18:10:31", "elapsed": 3.411479, "delta": 0.008976}}
{"target": -145.32826854042298, "params": {"gamma": 2.351541289225017, "prior": 4.669860600827058, "rate": 1.9867164390362086}, "datetime": {"datetime": "2024-06-14 18:10:31", "elapsed": 3.420455, "delta": 0.008976}}
{"target": -138.16646743937494, "params": {"gamma": 0.2557368815524242, "prior": 7.321037212735911, "rate": 7.249442555443973}, "datetime": {"datetime": "2024-06-14 18:10:31", "elapsed": 3.429431, "delta": 0.008976}}
{"target": -167.77312551361834, "params": {"gamma": 3.304587071870666, "prior": 8.45059184803019, "rate": 4.284996317034784}, "datetime": {"datetime": "2024-06-14 18:10:31", "elapsed": 3.438407, "delta": 0.008976}}
{"target": -365.6491366911105, "params": {"gamma": 8.64699676149058, "prior": 6.604947703766606, "rate": 5.810775538523484}, "datetime": {"datetime": "2024-06-14 18:10:31", "elapsed": 3.44838, "delta": 0.009973}}
{"target": -139.64314036130926, "params": {"gamma": 2.008074152862875, "prior": 5.342511443736109, "rate": 8.944429751857296}, "datetime": {"datetime": "2024-06-14 18:10:31", "elapsed": 3.457356, "delta": 0.008976}}
{"target": -163.16572428008374, "params": {"gamma": 3.0506347643763254, "prior": 8.722361530694428, "rate": 9.087543983311022}, "datetime": {"datetime": "2024-06-14 18:10:31", "elapsed": 3.46733, "delta": 0.009974}}
{"target": -171.8054020726783, "params": {"gamma": 3.2991157822561417, "prior": 6.862436226731985, "rate": 8.992310274710121}, "datetime": {"datetime": "2024-06-14 18:10:31", "elapsed": 3.475814, "delta": 0.008484}}
{"target": -134.98526989125017, "params": {"gamma": 0.7578931207012753, "prior": 8.798019845727227, "rate": 1.9092027933215376}, "datetime": {"datetime": "2024-06-14 18:10:31", "elapsed": 3.48479, "delta": 0.008976}}
{"target": -349.41009839345975, "params": {"gamma": 8.497839331269288, "prior": 6.704476008122119, "rate": 3.4440476153050885}, "datetime": {"datetime": "2024-06-14 18:10:31", "elapsed": 3.493766, "delta": 0.008976}}
{"target": -131.7908734107202, "params": {"gamma": 1.5146043243579972, "prior": 6.390172518735689, "rate": 8.478032649103701}, "datetime": {"datetime": "2024-06-14 18:10:31", "elapsed": 3.502742, "delta": 0.008976}}
{"target": -355.5800236827248, "params": {"gamma": 8.218671898265342, "prior": 6.319572011593512, "rate": 9.563058796042565}, "datetime": {"datetime": "2024-06-14 18:10:31", "elapsed": 3.511718, "delta": 0.008976}}
{"target": -269.1291790804456, "params": {"gamma": 5.899641347630623, "prior": 2.058544568014401, "rate": 4.293877895442307}, "datetime": {"datetime": "2024-06-14 18:10:31", "elapsed": 3.520694, "delta": 0.008976}}
{"target": -169.12167939919064, "params": {"gamma": 3.3681232410129716, "prior": 9.920255617882082, "rate": 3.8029847246765303}, "datetime": {"datetime": "2024-06-14 18:10:31", "elapsed": 3.52967, "delta": 0.008976}}
{"target": -390.11522160093335, "params": {"gamma": 9.927016035774514, "prior": 5.2361620822608, "rate": 1.7236247350697775}, "datetime": {"datetime": "2024-06-14 18:10:31", "elapsed": 3.537648, "delta": 0.007978}}
