{"target": -275.6657300556683, "params": {"gamma": 3.957087074403221, "prior": 7.740012975913038, "rate": 2.512780630310517}, "datetime": {"datetime": "2024-06-14 04:07:30", "elapsed": 5.652343, "delta": 0.008976}}
{"target": -604.3142369501359, "params": {"gamma": 6.557951918265758, "prior": 9.60793176737818, "rate": 0.03654404988379601}, "datetime": {"datetime": "2024-06-14 04:07:30", "elapsed": 5.661858, "delta": 0.009515}}
{"target": -412.07308409619054, "params": {"gamma": 7.233887082898668, "prior": 1.1790508359034728, "rate": 5.438331129146589}, "datetime": {"datetime": "2024-06-14 04:07:30", "elapsed": 5.671339, "delta": 0.009481}}
{"target": -337.5398769176211, "params": {"gamma": 6.269533250786666, "prior": 2.5051765451309316, "rate": 9.138524908590835}, "datetime": {"datetime": "2024-06-14 04:07:30", "elapsed": 5.680315, "delta": 0.008976}}
{"target": -323.2162140945183, "params": {"gamma": 6.223502974387487, "prior": 2.393777444809113, "rate": 7.701551743810476}, "datetime": {"datetime": "2024-06-14 04:07:30", "elapsed": 5.690289, "delta": 0.009974}}
{"target": -165.99310134352095, "params": {"gamma": 1.0559652928933503, "prior": 5.596730653460311, "rate": 0.9504657419551125}, "datetime": {"datetime": "2024-06-14 04:07:30", "elapsed": 5.699264, "delta": 0.008975}}
{"target": -283.085752660617, "params": {"gamma": 5.810259742677521, "prior": 2.604503115929865, "rate": 6.495018612739509}, "datetime": {"datetime": "2024-06-14 04:07:30", "elapsed": 5.709237, "delta": 0.009973}}
{"target": -304.71534221460286, "params": {"gamma": 7.158553701628942, "prior": 5.289437584229746, "rate": 6.575556555623399}, "datetime": {"datetime": "2024-06-14 04:07:30", "elapsed": 5.718213, "delta": 0.008976}}
{"target": -393.10978375009574, "params": {"gamma": 8.133125159405232, "prior": 8.094371489266019, "rate": 6.197200238546574}, "datetime": {"datetime": "2024-06-14 04:07:30", "elapsed": 5.72719, "delta": 0.008977}}
{"target": -223.46636987152715, "params": {"gamma": 4.511573518745629, "prior": 4.1387048915689375, "rate": 8.74760145142373}, "datetime": {"datetime": "2024-06-14 04:07:30", "elapsed": 5.737163, "delta": 0.009973}}
{"target": -350.2038077791085, "params": {"gamma": 7.029614389411599, "prior": 1.9308567214966765, "rate": 5.657755734146004}, "datetime": {"datetime": "2024-06-14 04:07:30", "elapsed": 5.746139, "delta": 0.008976}}
{"target": -533.190645248681, "params": {"gamma": 9.08817151496827, "prior": 1.5918309232578849, "rate": 8.455331237631533}, "datetime": {"datetime": "2024-06-14 04:07:30", "elapsed": 5.755115, "delta": 0.008976}}
{"target": -655.9062827977889, "params": {"gamma": 8.202204460687183, "prior": 5.043476902848561, "rate": 0.37680093100554635}, "datetime": {"datetime": "2024-06-14 04:07:30", "elapsed": 5.765088, "delta": 0.009973}}
{"target": -203.47591377109075, "params": {"gamma": 1.4758775514639575, "prior": 9.234123077417845, "rate": 0.4425038055225927}, "datetime": {"datetime": "2024-06-14 04:07:30", "elapsed": 5.774064, "delta": 0.008976}}
{"target": -264.645111682749, "params": {"gamma": 3.7256151652871896, "prior": 6.228492383782162, "rate": 1.9702834411012529}, "datetime": {"datetime": "2024-06-14 04:07:30", "elapsed": 5.78304, "delta": 0.008976}}
{"target": -495.05245025994, "params": {"gamma": 9.810816492645733, "prior": 1.6441548071298822, "rate": 5.3972522724175835}, "datetime": {"datetime": "2024-06-14 04:07:30", "elapsed": 5.793013, "delta": 0.009973}}
{"target": -280.55313666203335, "params": {"gamma": 6.180495232142101, "prior": 2.3868004918300687, "rate": 4.663623583104205}, "datetime": {"datetime": "2024-06-14 04:07:30", "elapsed": 5.80199, "delta": 0.008977}}
{"target": -249.87801274753647, "params": {"gamma": 4.91059428280016, "prior": 7.691937525632765, "rate": 6.343173246985961}, "datetime": {"datetime": "2024-06-14 04:07:30", "elapsed": 5.810966, "delta": 0.008976}}
{"target": -255.7429618111992, "params": {"gamma": 4.676032980600331, "prior": 6.702731177620354, "rate": 4.534320887795462}, "datetime": {"datetime": "2024-06-14 04:07:30", "elapsed": 5.820939, "delta": 0.009973}}
{"target": -364.24061325318377, "params": {"gamma": 5.257590201822755, "prior": 6.619823611427782, "rate": 1.8127726241566626}, "datetime": {"datetime": "2024-06-14 04:07:30", "elapsed": 5.829915, "delta": 0.008976}}
{"target": -330.9367200419461, "params": {"gamma": 7.8807074621719, "prior": 6.068366841630134, "rate": 9.80334851848814}, "datetime": {"datetime": "2024-06-14 04:07:30", "elapsed": 5.839888, "delta": 0.009973}}
{"target": -146.5873427634326, "params": {"gamma": 2.2246095521182263, "prior": 4.716038094249078, "rate": 8.956522384191866}, "datetime": {"datetime": "2024-06-14 04:07:30", "elapsed": 5.848864, "delta": 0.008976}}
{"target": -334.84391428553437, "params": {"gamma": 6.014732663578183, "prior": 7.286992573903269, "rate": 4.137287971849402}, "datetime": {"datetime": "2024-06-14 04:07:30", "elapsed": 5.85784, "delta": 0.008976}}
{"target": -488.0265329318875, "params": {"gamma": 6.843411908691368, "prior": 9.465944795490875, "rate": 2.0026604713274816}, "datetime": {"datetime": "2024-06-14 04:07:30", "elapsed": 5.867813, "delta": 0.009973}}
{"target": -701.772708480361, "params": {"gamma": 8.073845273509328, "prior": 9.698426319788975, "rate": 0.146672748901554}, "datetime": {"datetime": "2024-06-14 04:07:30", "elapsed": 5.876792, "delta": 0.008979}}
{"target": -168.1063478291939, "params": {"gamma": 2.152880656357681, "prior": 1.2620315110999845, "rate": 7.674467753896792}, "datetime": {"datetime": "2024-06-14 04:07:30", "elapsed": 5.885767, "delta": 0.008975}}
{"target": -146.5424898620089, "params": {"gamma": 0.8130846428413901, "prior": 9.984294230049985, "rate": 3.8967305467771722}, "datetime": {"datetime": "2024-06-14 04:07:30", "elapsed": 5.89577, "delta": 0.010003}}
{"target": -404.70281475989, "params": {"gamma": 9.05212245656447, "prior": 1.9669182746447318, "rate": 4.409281126023087}, "datetime": {"datetime": "2024-06-14 04:07:30", "elapsed": 5.904717, "delta": 0.008947}}
{"target": -405.83100101767013, "params": {"gamma": 8.448273378243028, "prior": 5.993170828665236, "rate": 4.6221188088168805}, "datetime": {"datetime": "2024-06-14 04:07:30", "elapsed": 5.914692, "delta": 0.009975}}
{"target": -264.84746323368114, "params": {"gamma": 5.12698481782442, "prior": 5.781466716234239, "rate": 4.403751756648346}, "datetime": {"datetime": "2024-06-14 04:07:30", "elapsed": 5.923693, "delta": 0.009001}}
{"target": -140.9907700099549, "params": {"gamma": 1.936396018280381, "prior": 1.2282610384459451, "rate": 1.5131280457741099}, "datetime": {"datetime": "2024-06-14 04:07:30", "elapsed": 5.93364, "delta": 0.009947}}
{"target": -129.81964180274724, "params": {"gamma": 0.5258571475674859, "prior": 5.630896469529952, "rate": 8.47736241934607}, "datetime": {"datetime": "2024-06-14 04:07:30", "elapsed": 5.942616, "delta": 0.008976}}
{"target": -229.284483307322, "params": {"gamma": 3.5918342699021832, "prior": 0.8455776390945964, "rate": 4.257818395439178}, "datetime": {"datetime": "2024-06-14 04:07:30", "elapsed": 5.951592, "delta": 0.008976}}
{"target": -272.5322838877098, "params": {"gamma": 6.020476376881542, "prior": 4.311494309198812, "rate": 8.107401614840093}, "datetime": {"datetime": "2024-06-14 04:07:30", "elapsed": 5.961566, "delta": 0.009974}}
{"target": -440.0416123305736, "params": {"gamma": 9.418920575620866, "prior": 8.71211665535671, "rate": 7.040290983300606}, "datetime": {"datetime": "2024-06-14 04:07:30", "elapsed": 5.970542, "delta": 0.008976}}
{"target": -436.2179626616326, "params": {"gamma": 4.7035189488969715, "prior": 6.858710624742188, "rate": 0.13516968725473882}, "datetime": {"datetime": "2024-06-14 04:07:30", "elapsed": 5.980515, "delta": 0.009973}}
{"target": -566.0171865551488, "params": {"gamma": 9.824798706901937, "prior": 1.8035655851060701, "rate": 9.062697699220857}, "datetime": {"datetime": "2024-06-14 04:07:30", "elapsed": 5.989491, "delta": 0.008976}}
{"target": -517.5968154230007, "params": {"gamma": 8.071291906759395, "prior": 8.02138287543118, "rate": 2.690091641792864}, "datetime": {"datetime": "2024-06-14 04:07:30", "elapsed": 5.998467, "delta": 0.008976}}
{"target": -145.9395198716309, "params": {"gamma": 2.1923189037668234, "prior": 4.345126859849478, "rate": 8.493861636205818}, "datetime": {"datetime": "2024-06-14 04:07:30", "elapsed": 6.00844, "delta": 0.009973}}
{"target": -295.091733196649, "params": {"gamma": 4.5043460450747315, "prior": 9.360659128669912, "rate": 3.5274405931901285}, "datetime": {"datetime": "2024-06-14 04:07:30", "elapsed": 6.017416, "delta": 0.008976}}
{"target": -326.61399778357185, "params": {"gamma": 6.194302264801901, "prior": 9.808920459922224, "rate": 6.434981759885809}, "datetime": {"datetime": "2024-06-14 04:07:30", "elapsed": 6.027224, "delta": 0.009808}}
{"target": -139.5562826930974, "params": {"gamma": 0.45593666218999723, "prior": 4.6892152004219465, "rate": 3.348178685792924}, "datetime": {"datetime": "2024-06-14 04:07:30", "elapsed": 6.0362, "delta": 0.008976}}
{"target": -330.7135664491804, "params": {"gamma": 5.322283303668225, "prior": 2.9189874652700007, "rate": 1.223490041069798}, "datetime": {"datetime": "2024-06-14 04:07:30", "elapsed": 6.046174, "delta": 0.009974}}
{"target": -287.8927079621602, "params": {"gamma": 6.683221598519268, "prior": 6.845461573423933, "rate": 8.671525860690885}, "datetime": {"datetime": "2024-06-14 04:07:30", "elapsed": 6.056147, "delta": 0.009973}}
{"target": -132.72334338828824, "params": {"gamma": 1.3246825541338114, "prior": 8.006341051952507, "rate": 8.267860615312884}, "datetime": {"datetime": "2024-06-14 04:07:30", "elapsed": 6.071107, "delta": 0.01496}}
{"target": -281.4580052388339, "params": {"gamma": 6.465852807575769, "prior": 2.128729243228275, "rate": 2.6149457233439732}, "datetime": {"datetime": "2024-06-14 04:07:30", "elapsed": 6.080083, "delta": 0.008976}}
{"target": -218.90642824449407, "params": {"gamma": 4.185549678574218, "prior": 5.46381082054904, "rate": 4.774902117966579}, "datetime": {"datetime": "2024-06-14 04:07:30", "elapsed": 6.090056, "delta": 0.009973}}
{"target": -227.49404494019566, "params": {"gamma": 4.67513146056165, "prior": 8.414423030956907, "rate": 8.70115355071037}, "datetime": {"datetime": "2024-06-14 04:07:30", "elapsed": 6.099032, "delta": 0.008976}}
{"target": -421.6204052395959, "params": {"gamma": 8.16772288980329, "prior": 8.790234044483526, "rate": 5.710516610608794}, "datetime": {"datetime": "2024-06-14 04:07:30", "elapsed": 6.109051, "delta": 0.010019}}
{"target": -414.4590851296186, "params": {"gamma": 9.64039729725748, "prior": 6.104789047679629, "rate": 6.039873463055735}, "datetime": {"datetime": "2024-06-14 04:07:30", "elapsed": 6.121019, "delta": 0.011968}}
{"target": -294.88500569301823, "params": {"gamma": 3.193658073009114, "prior": 6.843921422758488, "rate": 0.5206049193651046}, "datetime": {"datetime": "2024-06-14 04:07:30", "elapsed": 6.131989, "delta": 0.01097}}
{"target": -133.11178281661947, "params": {"gamma": 1.3463296636984106, "prior": 1.3893974589703744, "rate": 6.5523576709601326}, "datetime": {"datetime": "2024-06-14 04:07:30", "elapsed": 6.140966, "delta": 0.008977}}
{"target": -198.11822663195636, "params": {"gamma": 1.7541505851216117, "prior": 3.4773535501903177, "rate": 0.44407224667521283}, "datetime": {"datetime": "2024-06-14 04:07:30", "elapsed": 6.150939, "delta": 0.009973}}
{"target": -175.43138722601964, "params": {"gamma": 2.33810986680499, "prior": 9.645820816008012, "rate": 5.091884885761161}, "datetime": {"datetime": "2024-06-14 04:07:30", "elapsed": 6.159915, "delta": 0.008976}}
{"target": -130.07352469566305, "params": {"gamma": 1.5115941101958479, "prior": 5.277784464171196, "rate": 9.435150329726897}, "datetime": {"datetime": "2024-06-14 04:07:30", "elapsed": 6.169888, "delta": 0.009973}}
{"target": -428.7468054514416, "params": {"gamma": 8.656994454049334, "prior": 3.98145210241083, "rate": 2.8393912922180533}, "datetime": {"datetime": "2024-06-14 04:07:30", "elapsed": 6.178867, "delta": 0.008979}}
{"target": -333.7864310687549, "params": {"gamma": 7.617536897064726, "prior": 2.4807948155505692, "rate": 2.5430693142188665}, "datetime": {"datetime": "2024-06-14 04:07:30", "elapsed": 6.187843, "delta": 0.008976}}
{"target": -141.66388793722746, "params": {"gamma": 0.841779455445115, "prior": 8.655026538163867, "rate": 4.4795412572871784}, "datetime": {"datetime": "2024-06-14 04:07:30", "elapsed": 6.197816, "delta": 0.009973}}
{"target": -258.2052044747041, "params": {"gamma": 5.618300819839127, "prior": 7.393438481165847, "rate": 7.965092182444826}, "datetime": {"datetime": "2024-06-14 04:07:31", "elapsed": 6.206792, "delta": 0.008976}}
{"target": -263.6957469461705, "params": {"gamma": 4.475633881764149, "prior": 1.9228628061404038, "rate": 8.287499782431489}, "datetime": {"datetime": "2024-06-14 04:07:31", "elapsed": 6.215768, "delta": 0.008976}}
{"target": -144.49068477427411, "params": {"gamma": 0.3109486003227299, "prior": 9.47260986911873, "rate": 5.770201486928539}, "datetime": {"datetime": "2024-06-14 04:07:31", "elapsed": 6.225742, "delta": 0.009974}}
{"target": -529.2675815120984, "params": {"gamma": 8.754011995768419, "prior": 6.124797826038231, "rate": 2.5173441819390847}, "datetime": {"datetime": "2024-06-14 04:07:31", "elapsed": 6.234718, "delta": 0.008976}}
{"target": -167.3089963349899, "params": {"gamma": 2.962003105035548, "prior": 5.375933334413366, "rate": 9.620820050258088}, "datetime": {"datetime": "2024-06-14 04:07:31", "elapsed": 6.243694, "delta": 0.008976}}
{"target": -152.46672089280165, "params": {"gamma": 1.8457715492972864, "prior": 5.147993943616779, "rate": 3.4385372462650072}, "datetime": {"datetime": "2024-06-14 04:07:31", "elapsed": 6.253667, "delta": 0.009973}}
{"target": -431.10671762536083, "params": {"gamma": 7.697483724226901, "prior": 8.048378215680998, "rate": 4.246174543111865}, "datetime": {"datetime": "2024-06-14 04:07:31", "elapsed": 6.262643, "delta": 0.008976}}
{"target": -145.1430898818136, "params": {"gamma": 2.042020877443364, "prior": 0.7641856572556677, "rate": 1.9872839959411943}, "datetime": {"datetime": "2024-06-14 04:07:31", "elapsed": 6.272124, "delta": 0.009481}}
{"target": -159.5866739881248, "params": {"gamma": 2.7247361004436925, "prior": 6.028010287301183, "rate": 8.730961889247082}, "datetime": {"datetime": "2024-06-14 04:07:31", "elapsed": 6.282098, "delta": 0.009974}}
{"target": -139.39427510296093, "params": {"gamma": 1.2831811575160175, "prior": 9.58606854297747, "rate": 6.832025267697611}, "datetime": {"datetime": "2024-06-14 04:07:31", "elapsed": 6.291074, "delta": 0.008976}}
{"target": -447.5574407372836, "params": {"gamma": 7.419900392548125, "prior": 9.830519780617808, "rate": 4.161591625408803}, "datetime": {"datetime": "2024-06-14 04:07:31", "elapsed": 6.30005, "delta": 0.008976}}
{"target": -273.8421982400354, "params": {"gamma": 5.316303075493122, "prior": 6.824208206937614, "rate": 5.129238550757324}, "datetime": {"datetime": "2024-06-14 04:07:31", "elapsed": 6.310023, "delta": 0.009973}}
{"target": -175.05431848633827, "params": {"gamma": 2.991824334263695, "prior": 1.143308260027389, "rate": 2.8500365250757254}, "datetime": {"datetime": "2024-06-14 04:07:31", "elapsed": 6.318999, "delta": 0.008976}}
{"target": -322.92105198162346, "params": {"gamma": 7.688759630029292, "prior": 6.443748774073277, "rate": 8.013505701328722}, "datetime": {"datetime": "2024-06-14 04:07:31", "elapsed": 6.327975, "delta": 0.008976}}
{"target": -260.6569966351475, "params": {"gamma": 5.171688199172296, "prior": 2.3977902162787172, "rate": 6.279991307892046}, "datetime": {"datetime": "2024-06-14 04:07:31", "elapsed": 6.337948, "delta": 0.009973}}
{"target": -253.4290683775564, "params": {"gamma": 3.040750894733009, "prior": 0.39233457492600754, "rate": 9.03340843699194}, "datetime": {"datetime": "2024-06-14 04:07:31", "elapsed": 6.354903, "delta": 0.016955}}
{"target": -206.30621236874777, "params": {"gamma": 4.2042753184590484, "prior": 4.318694726204651, "rate": 7.412776101583259}, "datetime": {"datetime": "2024-06-14 04:07:31", "elapsed": 6.368866, "delta": 0.013963}}
{"target": -414.7013051420098, "params": {"gamma": 9.484635584653631, "prior": 0.8179037276500872, "rate": 1.7278381802346168}, "datetime": {"datetime": "2024-06-14 04:07:31", "elapsed": 6.377842, "delta": 0.008976}}
{"target": -176.69640060754213, "params": {"gamma": 3.224252533837974, "prior": 2.5594000386689704, "rate": 4.9554543186305695}, "datetime": {"datetime": "2024-06-14 04:07:31", "elapsed": 6.387815, "delta": 0.009973}}
{"target": -413.63593409550685, "params": {"gamma": 8.244771648366036, "prior": 8.55432690792754, "rate": 5.958703590644958}, "datetime": {"datetime": "2024-06-14 04:07:31", "elapsed": 6.396791, "delta": 0.008976}}
{"target": -165.62748527653397, "params": {"gamma": 2.4024971645768356, "prior": 1.9462776138995845, "rate": 7.434161733507989}, "datetime": {"datetime": "2024-06-14 04:07:31", "elapsed": 6.406764, "delta": 0.009973}}
{"target": -150.35329767131708, "params": {"gamma": 2.372903362377833, "prior": 5.440959820172842, "rate": 7.493058590484791}, "datetime": {"datetime": "2024-06-14 04:07:31", "elapsed": 6.41574, "delta": 0.008976}}
{"target": -207.38257969367297, "params": {"gamma": 2.283262797049244, "prior": 1.8275617569701659, "rate": 0.39831713007193664}, "datetime": {"datetime": "2024-06-14 04:07:31", "elapsed": 6.425714, "delta": 0.009974}}
{"target": -186.88922098327248, "params": {"gamma": 1.4765408081617755, "prior": 8.52924517877521, "rate": 1.0472544815378406}, "datetime": {"datetime": "2024-06-14 04:07:31", "elapsed": 6.43469, "delta": 0.008976}}
{"target": -195.46754167021635, "params": {"gamma": 2.2372268102276505, "prior": 0.4242962774851736, "rate": 6.763889997877335}, "datetime": {"datetime": "2024-06-14 04:07:31", "elapsed": 6.444664, "delta": 0.009974}}
{"target": -193.09889631841392, "params": {"gamma": 2.317799711505731, "prior": 4.194558006237466, "rate": 1.393872412065944}, "datetime": {"datetime": "2024-06-14 04:07:31", "elapsed": 6.453639, "delta": 0.008975}}
{"target": -195.10888719451845, "params": {"gamma": 3.772795658827454, "prior": 4.301930915772191, "rate": 4.730176553648271}, "datetime": {"datetime": "2024-06-14 04:07:31", "elapsed": 6.463612, "delta": 0.009973}}
{"target": -280.86568687972573, "params": {"gamma": 4.228995288573093, "prior": 1.1172899823542268, "rate": 7.72603008604881}, "datetime": {"datetime": "2024-06-14 04:07:31", "elapsed": 6.472588, "delta": 0.008976}}
{"target": -143.5440600195864, "params": {"gamma": 1.3729228288956241, "prior": 4.300494505825538, "rate": 2.7202891684153423}, "datetime": {"datetime": "2024-06-14 04:07:31", "elapsed": 6.482562, "delta": 0.009974}}
{"target": -183.49625862451575, "params": {"gamma": 3.0107784228559833, "prior": 6.756965648605682, "rate": 5.178349451410332}, "datetime": {"datetime": "2024-06-14 04:07:31", "elapsed": 6.491538, "delta": 0.008976}}
{"target": -151.9126391913313, "params": {"gamma": 1.9016804177489257, "prior": 4.744430954350433, "rate": 3.396069147094239}, "datetime": {"datetime": "2024-06-14 04:07:31", "elapsed": 6.500514, "delta": 0.008976}}
{"target": -374.20380554129156, "params": {"gamma": 7.045267485283013, "prior": 2.338342504082235, "rate": 8.450036385446094}, "datetime": {"datetime": "2024-06-14 04:07:31", "elapsed": 6.510487, "delta": 0.009973}}
{"target": -310.17012384770265, "params": {"gamma": 5.262770419251413, "prior": 5.056133771938582, "rate": 2.537604383069914}, "datetime": {"datetime": "2024-06-14 04:07:31", "elapsed": 6.519463, "delta": 0.008976}}
{"target": -137.81952584000996, "params": {"gamma": 1.8623705416969032, "prior": 4.771008721102208, "rate": 9.818262353834747}, "datetime": {"datetime": "2024-06-14 04:07:31", "elapsed": 6.52844, "delta": 0.008977}}
{"target": -127.83248418739753, "params": {"gamma": 1.3299294703806088, "prior": 2.9062780810377657, "rate": 8.006611101660276}, "datetime": {"datetime": "2024-06-14 04:07:31", "elapsed": 6.538412, "delta": 0.009972}}
{"target": -293.1482093867392, "params": {"gamma": 6.648104208209039, "prior": 2.859708246065027, "rate": 3.1471614201443434}, "datetime": {"datetime": "2024-06-14 04:07:31", "elapsed": 6.547389, "delta": 0.008977}}
{"target": -206.83084194754147, "params": {"gamma": 4.200062595764889, "prior": 6.067588946198732, "rate": 7.193668333443535}, "datetime": {"datetime": "2024-06-14 04:07:31", "elapsed": 6.557362, "delta": 0.009973}}
{"target": -544.0688195294929, "params": {"gamma": 8.573146034178855, "prior": 6.843003557538256, "rate": 2.370583662652512}, "datetime": {"datetime": "2024-06-14 04:07:31", "elapsed": 6.566338, "delta": 0.008976}}
{"target": -566.4532408592398, "params": {"gamma": 9.257279632827263, "prior": 7.833834466690084, "rate": 3.0745074227980154}, "datetime": {"datetime": "2024-06-14 04:07:31", "elapsed": 6.575467, "delta": 0.009129}}
{"target": -264.65756505258275, "params": {"gamma": 3.0503514507789897, "prior": 8.823566352446155, "rate": 1.2616587254915876}, "datetime": {"datetime": "2024-06-14 04:07:31", "elapsed": 6.58544, "delta": 0.009973}}
{"target": -318.4450726158829, "params": {"gamma": 6.334974881523022, "prior": 2.8493560514869, "rate": 8.272176051067923}, "datetime": {"datetime": "2024-06-14 04:07:31", "elapsed": 6.59484, "delta": 0.0094}}
{"target": -271.35767353889725, "params": {"gamma": 3.645869952111327, "prior": 7.360324335241457, "rate": 1.9249864862469743}, "datetime": {"datetime": "2024-06-14 04:07:31", "elapsed": 6.603815, "delta": 0.008975}}
{"target": -289.1830444794619, "params": {"gamma": 4.814977529509854, "prior": 8.05558680166717, "rate": 3.9704851285120673}, "datetime": {"datetime": "2024-06-14 04:07:31", "elapsed": 6.613357, "delta": 0.009542}}
