{"target": -240.80651310066833, "params": {"gamma": 3.622798839194582, "prior": 8.091186697583844, "rate": 0.3607736956187603}, "datetime": {"datetime": "2024-06-14 10:30:32", "elapsed": 7.419886, "delta": 0.009247}}
{"target": -227.57008170838108, "params": {"gamma": 3.584594051008626, "prior": 6.41895351934156, "rate": 1.4308980910737081}, "datetime": {"datetime": "2024-06-14 10:30:32", "elapsed": 7.430333, "delta": 0.010447}}
{"target": -435.2425352799962, "params": {"gamma": 8.577528406499894, "prior": 6.491087641906984, "rate": 1.1538189613747907}, "datetime": {"datetime": "2024-06-14 10:30:32", "elapsed": 7.439713, "delta": 0.00938}}
{"target": -168.93971293269186, "params": {"gamma": 2.081766002579473, "prior": 7.48043347440683, "rate": 4.034662876713395}, "datetime": {"datetime": "2024-06-14 10:30:32", "elapsed": 7.449582, "delta": 0.009869}}
{"target": -281.3472465930948, "params": {"gamma": 4.84521613942412, "prior": 8.885805272920003, "rate": 1.3752980526926846}, "datetime": {"datetime": "2024-06-14 10:30:32", "elapsed": 7.459904, "delta": 0.010322}}
{"target": -498.21300968978005, "params": {"gamma": 9.64376360106379, "prior": 0.5220338497861409, "rate": 0.9953031322915933}, "datetime": {"datetime": "2024-06-14 10:30:32", "elapsed": 7.469351, "delta": 0.009447}}
{"target": -172.6926472661441, "params": {"gamma": 2.2331610709734946, "prior": 8.08519231437909, "rate": 4.559272200887655}, "datetime": {"datetime": "2024-06-14 10:30:32", "elapsed": 7.479323, "delta": 0.009972}}
{"target": -337.86213970927514, "params": {"gamma": 6.5328581714709335, "prior": 1.8257792614463888, "rate": 1.668052607332356}, "datetime": {"datetime": "2024-06-14 10:30:32", "elapsed": 7.489297, "delta": 0.009974}}
{"target": -281.0653192195644, "params": {"gamma": 5.208962557197339, "prior": 7.428906989274194, "rate": 4.62528217768507}, "datetime": {"datetime": "2024-06-14 10:30:32", "elapsed": 7.499271, "delta": 0.009974}}
{"target": -432.9710520619542, "params": {"gamma": 8.696271237126007, "prior": 6.638078153239339, "rate": 2.4916517944308763}, "datetime": {"datetime": "2024-06-14 10:30:32", "elapsed": 7.509244, "delta": 0.009973}}
{"target": -171.24015344329382, "params": {"gamma": 2.3497873058002465, "prior": 3.8030624969839892, "rate": 7.566403946905877}, "datetime": {"datetime": "2024-06-14 10:30:32", "elapsed": 7.519218, "delta": 0.009974}}
{"target": -463.8106665615873, "params": {"gamma": 9.379438705433513, "prior": 8.632869393256446, "rate": 2.6168463160365345}, "datetime": {"datetime": "2024-06-14 10:30:32", "elapsed": 7.529191, "delta": 0.009973}}
{"target": -235.0643408054279, "params": {"gamma": 4.12337700085772, "prior": 6.154286584558183, "rate": 5.468797723702268}, "datetime": {"datetime": "2024-06-14 10:30:32", "elapsed": 7.539164, "delta": 0.009973}}
{"target": -247.09322446551704, "params": {"gamma": 3.893360179144248, "prior": 1.1040656911246396, "rate": 7.122735799168159}, "datetime": {"datetime": "2024-06-14 10:30:32", "elapsed": 7.548139, "delta": 0.008975}}
{"target": -143.76124119921937, "params": {"gamma": 0.8822635040904132, "prior": 8.674166550799823, "rate": 8.634620954886014}, "datetime": {"datetime": "2024-06-14 10:30:32", "elapsed": 7.558115, "delta": 0.009976}}
{"target": -367.4907812720277, "params": {"gamma": 7.084799464362212, "prior": 4.915603280696092, "rate": 6.991766507563753}, "datetime": {"datetime": "2024-06-14 10:30:32", "elapsed": 7.568091, "delta": 0.009976}}
{"target": -227.91645622932495, "params": {"gamma": 3.950475613957549, "prior": 7.995210244504152, "rate": 7.864384405716199}, "datetime": {"datetime": "2024-06-14 10:30:32", "elapsed": 7.577063, "delta": 0.008972}}
{"target": -152.4043560142431, "params": {"gamma": 1.5561303101523432, "prior": 3.246393748470918, "rate": 3.4404877846831172}, "datetime": {"datetime": "2024-06-14 10:30:32", "elapsed": 7.587036, "delta": 0.009973}}
{"target": -239.2153246772375, "params": {"gamma": 3.6423388162366046, "prior": 5.709791011210197, "rate": 0.4178327377603575}, "datetime": {"datetime": "2024-06-14 10:30:32", "elapsed": 7.597009, "delta": 0.009973}}
{"target": -350.4074872451421, "params": {"gamma": 6.600037219920028, "prior": 2.09615441466068, "rate": 4.165209099174909}, "datetime": {"datetime": "2024-06-14 10:30:32", "elapsed": 7.606983, "delta": 0.009974}}
{"target": -250.4690499654197, "params": {"gamma": 4.5094756723505, "prior": 3.552395018521695, "rate": 3.8334198209699974}, "datetime": {"datetime": "2024-06-14 10:30:32", "elapsed": 7.616957, "delta": 0.009974}}
{"target": -164.6100477407729, "params": {"gamma": 1.8038803024167458, "prior": 0.7744875682013366, "rate": 5.513015232709581}, "datetime": {"datetime": "2024-06-14 10:30:32", "elapsed": 7.62693, "delta": 0.009973}}
{"target": -315.95816835401627, "params": {"gamma": 5.959073589220895, "prior": 1.5404479132949174, "rate": 2.310186141512919}, "datetime": {"datetime": "2024-06-14 10:30:32", "elapsed": 7.635906, "delta": 0.008976}}
{"target": -203.05892828719482, "params": {"gamma": 2.864484938242287, "prior": 8.324438532353815, "rate": 1.535055990682961}, "datetime": {"datetime": "2024-06-14 10:30:32", "elapsed": 7.645879, "delta": 0.009973}}
{"target": -294.3624164410023, "params": {"gamma": 5.521835936727261, "prior": 5.724583205152705, "rate": 3.434857510993614}, "datetime": {"datetime": "2024-06-14 10:30:32", "elapsed": 7.654855, "delta": 0.008976}}
{"target": -214.36829671881142, "params": {"gamma": 3.5068212758802293, "prior": 9.595208973440103, "rate": 5.533886150645748}, "datetime": {"datetime": "2024-06-14 10:30:32", "elapsed": 7.664828, "delta": 0.009973}}
{"target": -340.4295080344084, "params": {"gamma": 6.527659277808647, "prior": 4.958327152799692, "rate": 6.466853166736234}, "datetime": {"datetime": "2024-06-14 10:30:32", "elapsed": 7.673805, "delta": 0.008977}}
{"target": -326.0181097128736, "params": {"gamma": 6.052902604285114, "prior": 1.5372155999089467, "rate": 3.3474706483130476}, "datetime": {"datetime": "2024-06-14 10:30:32", "elapsed": 7.683778, "delta": 0.009973}}
{"target": -262.06079938019184, "params": {"gamma": 4.604879500595876, "prior": 1.3654344499032103, "rate": 3.6313701627213772}, "datetime": {"datetime": "2024-06-14 10:30:32", "elapsed": 7.693751, "delta": 0.009973}}
{"target": -177.0974563792676, "params": {"gamma": 2.2821882012949293, "prior": 8.49027576247698, "rate": 3.4153993261329654}, "datetime": {"datetime": "2024-06-14 10:30:32", "elapsed": 7.703724, "delta": 0.009973}}
{"target": -168.45371663841988, "params": {"gamma": 2.268666417341983, "prior": 4.140995888237594, "rate": 6.830957412174848}, "datetime": {"datetime": "2024-06-14 10:30:32", "elapsed": 7.713698, "delta": 0.009974}}
{"target": -139.66393204226202, "params": {"gamma": 0.657154367615287, "prior": 1.889219214669599, "rate": 6.943375082298363}, "datetime": {"datetime": "2024-06-14 10:30:32", "elapsed": 7.723671, "delta": 0.009973}}
{"target": -388.01263611874447, "params": {"gamma": 7.522813791436128, "prior": 6.215767368139672, "rate": 8.792106406805418}, "datetime": {"datetime": "2024-06-14 10:30:32", "elapsed": 7.732647, "delta": 0.008976}}
{"target": -154.21367075863057, "params": {"gamma": 1.6888331005858586, "prior": 7.065122548794142, "rate": 9.172684330641006}, "datetime": {"datetime": "2024-06-14 10:30:32", "elapsed": 7.743507, "delta": 0.01086}}
{"target": -149.9718304897636, "params": {"gamma": 1.508245851371479, "prior": 2.5132633762221936, "rate": 5.467299036335953}, "datetime": {"datetime": "2024-06-14 10:30:32", "elapsed": 7.752483, "delta": 0.008976}}
{"target": -230.52895600129642, "params": {"gamma": 3.441849250422999, "prior": 6.937326899745702, "rate": 0.5766186166326498}, "datetime": {"datetime": "2024-06-14 10:30:32", "elapsed": 7.762457, "delta": 0.009974}}
{"target": -152.44985560309513, "params": {"gamma": 1.6084806590922747, "prior": 7.190759234148253, "rate": 9.706216365641005}, "datetime": {"datetime": "2024-06-14 10:30:32", "elapsed": 7.771432, "delta": 0.008975}}
{"target": -468.66983323633394, "params": {"gamma": 9.295574214746894, "prior": 9.020563234885856, "rate": 1.2783053957220292}, "datetime": {"datetime": "2024-06-14 10:30:32", "elapsed": 7.781406, "delta": 0.009974}}
{"target": -154.01805696824914, "params": {"gamma": 1.4601432517979631, "prior": 0.8154210924672393, "rate": 5.425859791214765}, "datetime": {"datetime": "2024-06-14 10:30:32", "elapsed": 7.791379, "delta": 0.009973}}
{"target": -450.7086142653895, "params": {"gamma": 8.824979242850812, "prior": 5.364739810662196, "rate": 7.817371138674004}, "datetime": {"datetime": "2024-06-14 10:30:32", "elapsed": 7.801353, "delta": 0.009974}}
{"target": -170.7309747737545, "params": {"gamma": 1.8853494153257044, "prior": 8.644801475646716, "rate": 1.8750602824827893}, "datetime": {"datetime": "2024-06-14 10:30:32", "elapsed": 7.811326, "delta": 0.009973}}
{"target": -141.68309305802637, "params": {"gamma": 0.548586496539166, "prior": 4.2727610032381715, "rate": 5.551489195654376}, "datetime": {"datetime": "2024-06-14 10:30:32", "elapsed": 7.820301, "delta": 0.008975}}
{"target": -513.5734795687256, "params": {"gamma": 9.707449353204424, "prior": 1.0083629510677956, "rate": 2.7399070142023203}, "datetime": {"datetime": "2024-06-14 10:30:32", "elapsed": 7.830275, "delta": 0.009974}}
{"target": -146.7719921322847, "params": {"gamma": 1.0519655837514126, "prior": 3.9653524037024024, "rate": 2.890821820794509}, "datetime": {"datetime": "2024-06-14 10:30:32", "elapsed": 7.840249, "delta": 0.009974}}
{"target": -286.0057004223013, "params": {"gamma": 5.133490194329599, "prior": 3.547741149332395, "rate": 9.28235195448276}, "datetime": {"datetime": "2024-06-14 10:30:32", "elapsed": 7.849224, "delta": 0.008975}}
{"target": -408.7950178245245, "params": {"gamma": 7.8996880160340215, "prior": 8.624012549278358, "rate": 1.2958799584830156}, "datetime": {"datetime": "2024-06-14 10:30:32", "elapsed": 7.859198, "delta": 0.009974}}
{"target": -324.06347929047115, "params": {"gamma": 5.751126599720151, "prior": 2.2263471052601016, "rate": 8.682517475837448}, "datetime": {"datetime": "2024-06-14 10:30:32", "elapsed": 7.869171, "delta": 0.009973}}
{"target": -142.80540182187394, "params": {"gamma": 0.15117919811248737, "prior": 1.1468677297875165, "rate": 3.761194698397609}, "datetime": {"datetime": "2024-06-14 10:30:32", "elapsed": 7.878147, "delta": 0.008976}}
{"target": -239.41599961905612, "params": {"gamma": 4.021536967025843, "prior": 2.8444788214889583, "rate": 0.9615339246006319}, "datetime": {"datetime": "2024-06-14 10:30:32", "elapsed": 7.888121, "delta": 0.009974}}
{"target": -144.70644341420348, "params": {"gamma": 1.1881853207208233, "prior": 3.2476530630886056, "rate": 9.507977547943128}, "datetime": {"datetime": "2024-06-14 10:30:32", "elapsed": 7.898093, "delta": 0.009972}}
{"target": -172.54342986475464, "params": {"gamma": 2.0748582416284203, "prior": 7.498075178486302, "rate": 2.5826284514108324}, "datetime": {"datetime": "2024-06-14 10:30:33", "elapsed": 7.908067, "delta": 0.009974}}
{"target": -139.707146303439, "params": {"gamma": 0.37336531585223737, "prior": 0.2589168707539145, "rate": 1.5279066058805837}, "datetime": {"datetime": "2024-06-14 10:30:33", "elapsed": 7.918042, "delta": 0.009975}}
{"target": -255.15010686569403, "params": {"gamma": 4.621379845784425, "prior": 7.58342086562427, "rate": 7.2884205045195944}, "datetime": {"datetime": "2024-06-14 10:30:33", "elapsed": 7.928014, "delta": 0.009972}}
{"target": -211.81992680878218, "params": {"gamma": 3.524542035387884, "prior": 4.843478859752845, "rate": 8.140923460003277}, "datetime": {"datetime": "2024-06-14 10:30:33", "elapsed": 7.937987, "delta": 0.009973}}
{"target": -449.0757132203884, "params": {"gamma": 8.384190660883412, "prior": 3.2671753341380563, "rate": 0.043645919052664246}, "datetime": {"datetime": "2024-06-14 10:30:33", "elapsed": 7.947961, "delta": 0.009974}}
{"target": -144.97586064183784, "params": {"gamma": 0.4702615014191002, "prior": 7.404293038279442, "rate": 2.7270501784440078}, "datetime": {"datetime": "2024-06-14 10:30:33", "elapsed": 7.957934, "delta": 0.009973}}
{"target": -280.7164586031833, "params": {"gamma": 4.815376636054336, "prior": 2.0011095337083287, "rate": 8.471282047905861}, "datetime": {"datetime": "2024-06-14 10:30:33", "elapsed": 7.968905, "delta": 0.010971}}
{"target": -274.7865265836313, "params": {"gamma": 5.034272718755895, "prior": 5.318885739650387, "rate": 2.881507801269463}, "datetime": {"datetime": "2024-06-14 10:30:33", "elapsed": 7.978878, "delta": 0.009973}}
{"target": -341.67698821133257, "params": {"gamma": 5.120480307408566, "prior": 0.1194400892869483, "rate": 2.7736731083917574}, "datetime": {"datetime": "2024-06-14 10:30:33", "elapsed": 7.988852, "delta": 0.009974}}
{"target": -220.83839532752367, "params": {"gamma": 3.488281072400821, "prior": 2.9111137742614566, "rate": 0.8604363235466009}, "datetime": {"datetime": "2024-06-14 10:30:33", "elapsed": 7.997828, "delta": 0.008976}}
{"target": -280.9368136494357, "params": {"gamma": 5.2182903111313514, "prior": 7.9059434203978, "rate": 9.426041757646109}, "datetime": {"datetime": "2024-06-14 10:30:33", "elapsed": 8.0078, "delta": 0.009972}}
{"target": -273.2014242730782, "params": {"gamma": 4.973400631374519, "prior": 5.9781631977188905, "rate": 2.9093085181668954}, "datetime": {"datetime": "2024-06-14 10:30:33", "elapsed": 8.017776, "delta": 0.009976}}
{"target": -153.1951636888703, "params": {"gamma": 1.492445929692968, "prior": 1.4055297382115668, "rate": 7.323875397919708}, "datetime": {"datetime": "2024-06-14 10:30:33", "elapsed": 8.027749, "delta": 0.009973}}
{"target": -388.77750020503265, "params": {"gamma": 7.344959884063995, "prior": 1.8755651647026885, "rate": 4.136190237378143}, "datetime": {"datetime": "2024-06-14 10:30:33", "elapsed": 8.037722, "delta": 0.009973}}
{"target": -344.6281798475076, "params": {"gamma": 5.941849134587504, "prior": 1.3402912672428726, "rate": 7.85390412973879}, "datetime": {"datetime": "2024-06-14 10:30:33", "elapsed": 8.048693, "delta": 0.010971}}
{"target": -324.24249232220194, "params": {"gamma": 6.20030204099907, "prior": 6.190694745933699, "rate": 7.012379711094405}, "datetime": {"datetime": "2024-06-14 10:30:33", "elapsed": 8.058667, "delta": 0.009974}}
{"target": -502.54431958227485, "params": {"gamma": 9.871843637581678, "prior": 5.667705113976064, "rate": 8.644298200721781}, "datetime": {"datetime": "2024-06-14 10:30:33", "elapsed": 8.067642, "delta": 0.008975}}
{"target": -237.68997351817683, "params": {"gamma": 4.187668041896602, "prior": 6.5792465771516, "rate": 9.252686617399803}, "datetime": {"datetime": "2024-06-14 10:30:33", "elapsed": 8.077617, "delta": 0.009975}}
{"target": -352.533060457876, "params": {"gamma": 6.64184400562511, "prior": 3.1004986918363557, "rate": 6.199836992922438}, "datetime": {"datetime": "2024-06-14 10:30:33", "elapsed": 8.087589, "delta": 0.009972}}
{"target": -211.9441478703201, "params": {"gamma": 3.5138318852615673, "prior": 3.2914300838307535, "rate": 6.102440382404956}, "datetime": {"datetime": "2024-06-14 10:30:33", "elapsed": 8.097563, "delta": 0.009974}}
{"target": -151.84674359308633, "params": {"gamma": 1.6040719966518822, "prior": 4.918715464001758, "rate": 9.456397215578926}, "datetime": {"datetime": "2024-06-14 10:30:33", "elapsed": 8.106539, "delta": 0.008976}}
{"target": -227.30319159740796, "params": {"gamma": 3.839758505543401, "prior": 1.9707296731335333, "rate": 4.688920657472168}, "datetime": {"datetime": "2024-06-14 10:30:33", "elapsed": 8.116516, "delta": 0.009977}}
{"target": -423.8178851869721, "params": {"gamma": 8.409237406703872, "prior": 8.442410453690822, "rate": 8.278204591352763}, "datetime": {"datetime": "2024-06-14 10:30:33", "elapsed": 8.12649, "delta": 0.009974}}
{"target": -143.291253852088, "params": {"gamma": 0.11574365054552785, "prior": 2.7436990682901228, "rate": 9.99875799995505}, "datetime": {"datetime": "2024-06-14 10:30:33", "elapsed": 8.136464, "delta": 0.009974}}
{"target": -145.18031905682412, "params": {"gamma": 1.1977130886476726, "prior": 4.951886011267569, "rate": 7.900471479876251}, "datetime": {"datetime": "2024-06-14 10:30:33", "elapsed": 8.146435, "delta": 0.009971}}
{"target": -148.9189002323645, "params": {"gamma": 1.223016887028468, "prior": 6.657850888843354, "rate": 4.881316374767721}, "datetime": {"datetime": "2024-06-14 10:30:33", "elapsed": 8.156409, "delta": 0.009974}}
{"target": -172.66677130179846, "params": {"gamma": 1.9437055308797813, "prior": 8.798437263168932, "rate": 1.8156924881797458}, "datetime": {"datetime": "2024-06-14 10:30:33", "elapsed": 8.165385, "delta": 0.008976}}
{"target": -331.08577697814786, "params": {"gamma": 6.390889540088459, "prior": 7.434186094159498, "rate": 5.6271661930456895}, "datetime": {"datetime": "2024-06-14 10:30:33", "elapsed": 8.175359, "delta": 0.009974}}
{"target": -339.321902013835, "params": {"gamma": 6.288786844403314, "prior": 1.2777574265578442, "rate": 3.0810618335582585}, "datetime": {"datetime": "2024-06-14 10:30:33", "elapsed": 8.184334, "delta": 0.008975}}
{"target": -313.0928338037326, "params": {"gamma": 5.870035110089563, "prior": 4.015090791444363, "rate": 6.639796868246575}, "datetime": {"datetime": "2024-06-14 10:30:33", "elapsed": 8.194308, "delta": 0.009974}}
{"target": -470.4462933466667, "params": {"gamma": 8.519694493398179, "prior": 1.9831986841906173, "rate": 9.032823736002479}, "datetime": {"datetime": "2024-06-14 10:30:33", "elapsed": 8.20428, "delta": 0.009972}}
{"target": -225.47974911210824, "params": {"gamma": 3.8323753284605018, "prior": 9.43693087420972, "rate": 6.174205747936627}, "datetime": {"datetime": "2024-06-14 10:30:33", "elapsed": 8.213257, "delta": 0.008977}}
{"target": -400.89833857073546, "params": {"gamma": 7.901165115937855, "prior": 5.1962767408949375, "rate": 5.311915799238696}, "datetime": {"datetime": "2024-06-14 10:30:33", "elapsed": 8.224227, "delta": 0.01097}}
{"target": -206.24885757003634, "params": {"gamma": 3.276611393760953, "prior": 1.3807106015508195, "rate": 3.8388352966923764}, "datetime": {"datetime": "2024-06-14 10:30:33", "elapsed": 8.234202, "delta": 0.009975}}
{"target": -175.14987293803014, "params": {"gamma": 2.1505498314359848, "prior": 0.4253660332309741, "rate": 2.7495934114227696}, "datetime": {"datetime": "2024-06-14 10:30:33", "elapsed": 8.243177, "delta": 0.008975}}
{"target": -172.59530727028212, "params": {"gamma": 1.8065799506159026, "prior": 8.767750118877416, "rate": 0.8132843877516185}, "datetime": {"datetime": "2024-06-14 10:30:33", "elapsed": 8.254147, "delta": 0.01097}}
{"target": -157.54234487164155, "params": {"gamma": 1.8397720952197505, "prior": 7.069903885809709, "rate": 9.192339684311714}, "datetime": {"datetime": "2024-06-14 10:30:33", "elapsed": 8.264121, "delta": 0.009974}}
{"target": -208.81761910802288, "params": {"gamma": 2.515333063867109, "prior": 0.3108812014676776, "rate": 9.605084223078242}, "datetime": {"datetime": "2024-06-14 10:30:33", "elapsed": 8.273098, "delta": 0.008977}}
{"target": -355.8978621136732, "params": {"gamma": 6.8225241840990325, "prior": 3.175560691032173, "rate": 4.724262048710183}, "datetime": {"datetime": "2024-06-14 10:30:33", "elapsed": 8.28307, "delta": 0.009972}}
{"target": -324.18902357121306, "params": {"gamma": 5.992959482913756, "prior": 3.801298863446888, "rate": 8.74500347841515}, "datetime": {"datetime": "2024-06-14 10:30:33", "elapsed": 8.293044, "delta": 0.009974}}
{"target": -371.47967852968264, "params": {"gamma": 7.261999710487967, "prior": 9.547972975779691, "rate": 3.5113041629592687}, "datetime": {"datetime": "2024-06-14 10:30:33", "elapsed": 8.303017, "delta": 0.009973}}
{"target": -474.65911057810695, "params": {"gamma": 9.37180371312909, "prior": 4.843095684834866, "rate": 6.423584063846066}, "datetime": {"datetime": "2024-06-14 10:30:33", "elapsed": 8.312695, "delta": 0.009678}}
{"target": -374.2268733683801, "params": {"gamma": 7.36673540034412, "prior": 8.112445893156233, "rate": 3.963197413459656}, "datetime": {"datetime": "2024-06-14 10:30:33", "elapsed": 8.322189, "delta": 0.009494}}
{"target": -249.50039121616408, "params": {"gamma": 4.480011839169197, "prior": 8.191042558516232, "rate": 7.175854473706459}, "datetime": {"datetime": "2024-06-14 10:30:33", "elapsed": 8.331164, "delta": 0.008975}}
{"target": -470.1926512375762, "params": {"gamma": 9.408551244537064, "prior": 9.798018927036628, "rate": 1.7899544503221003}, "datetime": {"datetime": "2024-06-14 10:30:33", "elapsed": 8.341138, "delta": 0.009974}}
{"target": -169.73646989281542, "params": {"gamma": 2.2799661987157394, "prior": 7.188265828062564, "rate": 7.474079963807781}, "datetime": {"datetime": "2024-06-14 10:30:33", "elapsed": 8.351112, "delta": 0.009974}}
{"target": -322.3778291508855, "params": {"gamma": 6.032192362771022, "prior": 8.785267665792963, "rate": 2.5206526306452743}, "datetime": {"datetime": "2024-06-14 10:30:33", "elapsed": 8.361641, "delta": 0.010529}}
{"target": -209.52489287057318, "params": {"gamma": 3.3955344555736273, "prior": 4.997003796258398, "rate": 3.150955862596707}, "datetime": {"datetime": "2024-06-14 10:30:33", "elapsed": 8.370617, "delta": 0.008976}}
{"target": -297.2236216658574, "params": {"gamma": 5.454845454328703, "prior": 6.856532985049649, "rate": 2.2044486446357947}, "datetime": {"datetime": "2024-06-14 10:30:33", "elapsed": 8.380591, "delta": 0.009974}}
{"target": -272.63618722813004, "params": {"gamma": 4.853889202229838, "prior": 9.930515440611035, "rate": 3.242288870509168}, "datetime": {"datetime": "2024-06-14 10:30:33", "elapsed": 8.390564, "delta": 0.009973}}
{"target": -143.8209274131033, "params": {"gamma": 0.35458383299364826, "prior": 8.19178211991173, "rate": 5.033564529213024}, "datetime": {"datetime": "2024-06-14 10:30:33", "elapsed": 8.39954, "delta": 0.008976}}
