{"target": -242.61575599681584, "params": {"gamma": 6.864927298504364, "prior": 3.8399250110933036, "rate": 7.6314509854431005}, "datetime": {"datetime": "2024-06-14 08:53:26", "elapsed": 16.288076, "delta": 0.009974}}
{"target": -478.32588562367516, "params": {"gamma": 8.963993959368008, "prior": 9.110902413045697, "rate": 4.965364995168459}, "datetime": {"datetime": "2024-06-14 08:53:26", "elapsed": 16.298049, "delta": 0.009973}}
{"target": -291.0705795354475, "params": {"gamma": 7.626339709379889, "prior": 7.118724128793965, "rate": 9.513017241338671}, "datetime": {"datetime": "2024-06-14 08:53:26", "elapsed": 16.308023, "delta": 0.009974}}
{"target": -241.63986076268873, "params": {"gamma": 2.416303346981715, "prior": 5.657263107051882, "rate": 0.4386889024105297}, "datetime": {"datetime": "2024-06-14 08:53:26", "elapsed": 16.317996, "delta": 0.009973}}
{"target": -497.30760859626173, "params": {"gamma": 9.231856412216342, "prior": 9.458040129710191, "rate": 5.0095625425504435}, "datetime": {"datetime": "2024-06-14 08:53:26", "elapsed": 16.327998, "delta": 0.010002}}
{"target": -377.3297194360819, "params": {"gamma": 5.861588364410452, "prior": 7.742224266063105, "rate": 2.494062511590284}, "datetime": {"datetime": "2024-06-14 08:53:26", "elapsed": 16.337942, "delta": 0.009944}}
{"target": -170.16883883029257, "params": {"gamma": 3.7905257699858756, "prior": 2.9571954023700533, "rate": 5.388500848183928}, "datetime": {"datetime": "2024-06-14 08:53:26", "elapsed": 16.347916, "delta": 0.009974}}
{"target": -720.636409669376, "params": {"gamma": 9.489619281316324, "prior": 3.915466925543566, "rate": 0.4510526483715768}, "datetime": {"datetime": "2024-06-14 08:53:26", "elapsed": 16.357889, "delta": 0.009973}}
{"target": -358.9319759167289, "params": {"gamma": 6.8255038084621535, "prior": 5.0008035357807925, "rate": 2.96582349698632}, "datetime": {"datetime": "2024-06-14 08:53:26", "elapsed": 16.36886, "delta": 0.010971}}
{"target": -206.23902636311624, "params": {"gamma": 4.159470178485402, "prior": 8.638851939129534, "rate": 8.210356117785}, "datetime": {"datetime": "2024-06-14 08:53:26", "elapsed": 16.378833, "delta": 0.009973}}
{"target": -129.6483956620211, "params": {"gamma": 1.7092925546648687, "prior": 6.882819454636019, "rate": 9.976635949364582}, "datetime": {"datetime": "2024-06-14 08:53:26", "elapsed": 16.388806, "delta": 0.009973}}
{"target": -458.16345819653503, "params": {"gamma": 7.843808621110356, "prior": 7.277958918810155, "rate": 3.1008897721241295}, "datetime": {"datetime": "2024-06-14 08:53:26", "elapsed": 16.39878, "delta": 0.009974}}
{"target": -140.75611921510938, "params": {"gamma": 1.5955484350535305, "prior": 8.656789324831875, "rate": 6.103851837947851}, "datetime": {"datetime": "2024-06-14 08:53:26", "elapsed": 16.408753, "delta": 0.009973}}
{"target": -197.90662762524394, "params": {"gamma": 3.90151389493923, "prior": 7.580348274726708, "rate": 7.18656022932733}, "datetime": {"datetime": "2024-06-14 08:53:26", "elapsed": 16.418726, "delta": 0.009973}}
{"target": -222.44644274699442, "params": {"gamma": 6.473683921648569, "prior": 2.1519072794770633, "rate": 8.8553926501292}, "datetime": {"datetime": "2024-06-14 08:53:26", "elapsed": 16.4287, "delta": 0.009974}}
{"target": -505.83494121957733, "params": {"gamma": 7.190340618322544, "prior": 3.096042577804754, "rate": 0.636921390268151}, "datetime": {"datetime": "2024-06-14 08:53:26", "elapsed": 16.438673, "delta": 0.009973}}
{"target": -461.3002012312199, "params": {"gamma": 9.128051358543207, "prior": 7.959115578671122, "rate": 4.986337846072983}, "datetime": {"datetime": "2024-06-14 08:53:26", "elapsed": 16.448646, "delta": 0.009973}}
{"target": -230.05850392771873, "params": {"gamma": 4.139838016887461, "prior": 6.194068492491998, "rate": 3.9857532458547134}, "datetime": {"datetime": "2024-06-14 08:53:26", "elapsed": 16.45862, "delta": 0.009974}}
{"target": -134.60841647356722, "params": {"gamma": 0.3901414822148927, "prior": 3.089486487843047, "rate": 2.4635393026772414}, "datetime": {"datetime": "2024-06-14 08:53:26", "elapsed": 16.468595, "delta": 0.009975}}
{"target": -524.791240583976, "params": {"gamma": 9.723053574133592, "prior": 7.698230686083612, "rate": 4.03756244174214}, "datetime": {"datetime": "2024-06-14 08:53:26", "elapsed": 16.478571, "delta": 0.009976}}
{"target": -263.97903791455974, "params": {"gamma": 7.36653545986381, "prior": 3.096284649891858, "rate": 5.273430978494289}, "datetime": {"datetime": "2024-06-14 08:53:26", "elapsed": 16.489544, "delta": 0.010973}}
{"target": -134.34167359999557, "params": {"gamma": 2.0722252550467415, "prior": 2.617176807498664, "rate": 4.340796665124917}, "datetime": {"datetime": "2024-06-14 08:53:26", "elapsed": 16.499519, "delta": 0.009975}}
{"target": -125.695869206149, "params": {"gamma": 0.8251761637855287, "prior": 8.547550771616626, "rate": 9.163375833703464}, "datetime": {"datetime": "2024-06-14 08:53:26", "elapsed": 16.509075, "delta": 0.009556}}
{"target": -134.72688430303717, "params": {"gamma": 2.131865517652924, "prior": 4.789847916431056, "rate": 8.414755557056594}, "datetime": {"datetime": "2024-06-14 08:53:26", "elapsed": 16.519048, "delta": 0.009973}}
{"target": -176.834112441826, "params": {"gamma": 2.8835014556151, "prior": 6.146017338301501, "rate": 4.421038071544468}, "datetime": {"datetime": "2024-06-14 08:53:26", "elapsed": 16.529022, "delta": 0.009974}}
{"target": -229.32140997201043, "params": {"gamma": 3.9755172922412867, "prior": 7.914804790958176, "rate": 4.645661627447652}, "datetime": {"datetime": "2024-06-14 08:53:26", "elapsed": 16.538995, "delta": 0.009973}}
{"target": -221.34928196932597, "params": {"gamma": 4.648560381634333, "prior": 9.92108219282192, "rate": 9.622335724671418}, "datetime": {"datetime": "2024-06-14 08:53:26", "elapsed": 16.548968, "delta": 0.009973}}
{"target": -134.52874880177967, "params": {"gamma": 2.3515737989342904, "prior": 2.3468422945017595, "rate": 6.627717437420285}, "datetime": {"datetime": "2024-06-14 08:53:26", "elapsed": 16.558786, "delta": 0.009818}}
{"target": -201.26286608897848, "params": {"gamma": 4.12005240559699, "prior": 7.21566500145903, "rate": 7.33480011223453}, "datetime": {"datetime": "2024-06-14 08:53:26", "elapsed": 16.568761, "delta": 0.009975}}
{"target": -254.48653029899654, "params": {"gamma": 7.833165317126014, "prior": 2.706813429208478, "rate": 9.983583794835354}, "datetime": {"datetime": "2024-06-14 08:53:26", "elapsed": 16.57889, "delta": 0.010129}}
{"target": -217.0158698192853, "params": {"gamma": 4.937510667267648, "prior": 0.9308724921413128, "rate": 1.1210448167623643}, "datetime": {"datetime": "2024-06-14 08:53:26", "elapsed": 16.589893, "delta": 0.011003}}
{"target": -214.90056904725577, "params": {"gamma": 5.615435741740323, "prior": 5.150078530019021, "rate": 9.348420230005587}, "datetime": {"datetime": "2024-06-14 08:53:26", "elapsed": 16.599868, "delta": 0.009975}}
{"target": -518.6351412827976, "params": {"gamma": 9.008359782293162, "prior": 4.707496113752034, "rate": 2.0655648551479264}, "datetime": {"datetime": "2024-06-14 08:53:26", "elapsed": 16.616823, "delta": 0.016955}}
{"target": -211.09622260024503, "params": {"gamma": 5.644611641557381, "prior": 3.156460479596483, "rate": 6.506205753925493}, "datetime": {"datetime": "2024-06-14 08:53:26", "elapsed": 16.628127, "delta": 0.011304}}
{"target": -388.8827258097895, "params": {"gamma": 5.151524964800736, "prior": 8.447482905263575, "rate": 1.318272408917089}, "datetime": {"datetime": "2024-06-14 08:53:26", "elapsed": 16.638471, "delta": 0.010344}}
{"target": -153.31778885209576, "params": {"gamma": 2.510816765750457, "prior": 6.015561199030471, "rate": 6.252522597888486}, "datetime": {"datetime": "2024-06-14 08:53:26", "elapsed": 16.648661, "delta": 0.01019}}
{"target": -208.3435814733329, "params": {"gamma": 4.126528259704839, "prior": 9.015862526250485, "rate": 8.102939975399439}, "datetime": {"datetime": "2024-06-14 08:53:26", "elapsed": 16.658666, "delta": 0.010005}}
{"target": -247.74475920218083, "params": {"gamma": 5.408957978271053, "prior": 4.109790667839894, "rate": 3.9723842641831384}, "datetime": {"datetime": "2024-06-14 08:53:26", "elapsed": 16.66963, "delta": 0.010964}}
{"target": -154.98446200492958, "params": {"gamma": 1.1407744850837678, "prior": 9.378724974180852, "rate": 2.3461206012549862}, "datetime": {"datetime": "2024-06-14 08:53:26", "elapsed": 16.679633, "delta": 0.010003}}
{"target": -134.7282464746194, "params": {"gamma": 1.5290154598338772, "prior": 5.149156483909666, "rate": 4.550990310069778}, "datetime": {"datetime": "2024-06-14 08:53:26", "elapsed": 16.690056, "delta": 0.010423}}
{"target": -124.84045773105964, "params": {"gamma": 0.741195677957228, "prior": 5.798171437543058, "rate": 6.98565427848021}, "datetime": {"datetime": "2024-06-14 08:53:26", "elapsed": 16.700029, "delta": 0.009973}}
{"target": -191.94153903925866, "params": {"gamma": 4.905996798082162, "prior": 0.8216471576437056, "rate": 1.7974602213999658}, "datetime": {"datetime": "2024-06-14 08:53:26", "elapsed": 16.710002, "delta": 0.009973}}
{"target": -167.21638603753107, "params": {"gamma": 1.1602386580615005, "prior": 5.876279483963145, "rate": 0.8517929419359279}, "datetime": {"datetime": "2024-06-14 08:53:26", "elapsed": 16.720976, "delta": 0.010974}}
{"target": -165.08072821177933, "params": {"gamma": 3.8411646857898374, "prior": 1.5568483148669632, "rate": 4.115450872320082}, "datetime": {"datetime": "2024-06-14 08:53:26", "elapsed": 16.730951, "delta": 0.009975}}
{"target": -221.00227738383742, "params": {"gamma": 6.253124313642986, "prior": 3.6594426508543156, "rate": 8.959947493135243}, "datetime": {"datetime": "2024-06-14 08:53:26", "elapsed": 16.741921, "delta": 0.01097}}
{"target": -211.39393032765562, "params": {"gamma": 4.175385995901437, "prior": 9.343186839462406, "rate": 8.204747872100748}, "datetime": {"datetime": "2024-06-14 08:53:26", "elapsed": 16.751894, "delta": 0.009973}}
{"target": -125.43738757778252, "params": {"gamma": 1.1673082330925828, "prior": 1.1292596538179704, "rate": 1.3289685737075208}, "datetime": {"datetime": "2024-06-14 08:53:26", "elapsed": 16.761867, "delta": 0.009973}}
{"target": -265.9788444249724, "params": {"gamma": 6.3850452068779955, "prior": 6.877462138363933, "rate": 7.900310828063816}, "datetime": {"datetime": "2024-06-14 08:53:26", "elapsed": 16.77187, "delta": 0.010003}}
{"target": -244.57962443257148, "params": {"gamma": 5.423716313506835, "prior": 6.7860429050825894, "rate": 6.86782996092407}, "datetime": {"datetime": "2024-06-14 08:53:26", "elapsed": 16.781813, "delta": 0.009943}}
{"target": -202.07526852456152, "params": {"gamma": 3.3829604515267047, "prior": 6.540111495995206, "rate": 4.041556089281965}, "datetime": {"datetime": "2024-06-14 08:53:26", "elapsed": 16.791787, "delta": 0.009974}}
{"target": -369.2752005080483, "params": {"gamma": 6.402004807053291, "prior": 9.352740161515133, "rate": 4.300276952021971}, "datetime": {"datetime": "2024-06-14 08:53:27", "elapsed": 16.801789, "delta": 0.010002}}
{"target": -203.26420187329293, "params": {"gamma": 5.062169284611167, "prior": 3.387441539928508, "rate": 5.787626649270162}, "datetime": {"datetime": "2024-06-14 08:53:27", "elapsed": 16.811733, "delta": 0.009944}}
{"target": -274.97621093799273, "params": {"gamma": 8.63433961200101, "prior": 2.9081286245045184, "rate": 8.3440688316731}, "datetime": {"datetime": "2024-06-14 08:53:27", "elapsed": 16.822704, "delta": 0.010971}}
{"target": -204.7748510865634, "params": {"gamma": 5.19525257002433, "prior": 2.338154974562283, "rate": 4.195052837461809}, "datetime": {"datetime": "2024-06-14 08:53:27", "elapsed": 16.832677, "delta": 0.009973}}
{"target": -205.75402804648334, "params": {"gamma": 1.6707797438122824, "prior": 9.132705794826414, "rate": 0.5804135275146948}, "datetime": {"datetime": "2024-06-14 08:53:27", "elapsed": 16.842651, "delta": 0.009974}}
{"target": -213.79164645508467, "params": {"gamma": 6.0404303253472555, "prior": 1.1291215126301983, "rate": 3.135467231273893}, "datetime": {"datetime": "2024-06-14 08:53:27", "elapsed": 16.852624, "delta": 0.009973}}
{"target": -127.34169302015711, "params": {"gamma": 1.430273657454418, "prior": 5.045153826684863, "rate": 6.361341648049341}, "datetime": {"datetime": "2024-06-14 08:53:27", "elapsed": 16.862597, "delta": 0.009973}}
{"target": -289.76739833009765, "params": {"gamma": 8.292725454727396, "prior": 4.5551280553231495, "rate": 7.694721722549676}, "datetime": {"datetime": "2024-06-14 08:53:27", "elapsed": 16.872571, "delta": 0.009974}}
{"target": -459.0209887837313, "params": {"gamma": 5.953782798974832, "prior": 9.725416897155455, "rate": 1.1980382373790506}, "datetime": {"datetime": "2024-06-14 08:53:27", "elapsed": 16.883603, "delta": 0.011032}}
{"target": -351.2720375373153, "params": {"gamma": 8.163360508295652, "prior": 8.36804642863598, "rate": 7.915926255491784}, "datetime": {"datetime": "2024-06-14 08:53:27", "elapsed": 16.893566, "delta": 0.009963}}
{"target": -187.8023463989521, "params": {"gamma": 4.548793901755333, "prior": 5.319373120578599, "rate": 9.853860789595378}, "datetime": {"datetime": "2024-06-14 08:53:27", "elapsed": 16.903541, "delta": 0.009975}}
{"target": -484.43758268947084, "params": {"gamma": 9.446413498524006, "prior": 7.653717361291417, "rate": 4.603153079254813}, "datetime": {"datetime": "2024-06-14 08:53:27", "elapsed": 16.913632, "delta": 0.010091}}
{"target": -344.4732538228573, "params": {"gamma": 5.4028153672728605, "prior": 8.065147279335433, "rate": 2.7694190259593214}, "datetime": {"datetime": "2024-06-14 08:53:27", "elapsed": 16.923605, "delta": 0.009973}}
{"target": -139.424574753446, "params": {"gamma": 2.5660746449201204, "prior": 2.2172273194191625, "rate": 5.5125104016000455}, "datetime": {"datetime": "2024-06-14 08:53:27", "elapsed": 16.933578, "delta": 0.009973}}
{"target": -295.37061629409556, "params": {"gamma": 9.51400463278507, "prior": 2.453593275447689, "rate": 8.016191948242625}, "datetime": {"datetime": "2024-06-14 08:53:27", "elapsed": 16.94403, "delta": 0.010452}}
{"target": -139.61688999170894, "params": {"gamma": 0.3050697728019885, "prior": 5.111578112737991, "rate": 2.840969561694019}, "datetime": {"datetime": "2024-06-14 08:53:27", "elapsed": 16.954003, "delta": 0.009973}}
{"target": -154.5766386761391, "params": {"gamma": 2.8279345769967326, "prior": 3.9805415181824153, "rate": 5.35503815277569}, "datetime": {"datetime": "2024-06-14 08:53:27", "elapsed": 16.963977, "delta": 0.009974}}
{"target": -567.8235933258941, "params": {"gamma": 7.729080748891848, "prior": 9.620416719522808, "rate": 1.5047059924704762}, "datetime": {"datetime": "2024-06-14 08:53:27", "elapsed": 16.97395, "delta": 0.009973}}
{"target": -165.58027937467617, "params": {"gamma": 3.948506624298461, "prior": 1.711128575734629, "rate": 8.366584905960446}, "datetime": {"datetime": "2024-06-14 08:53:27", "elapsed": 16.983923, "delta": 0.009973}}
{"target": -128.45954587473096, "params": {"gamma": 0.848939363998362, "prior": 8.577228644378229, "rate": 7.408710726097538}, "datetime": {"datetime": "2024-06-14 08:53:27", "elapsed": 16.993896, "delta": 0.009973}}
{"target": -620.7678559378367, "params": {"gamma": 8.583506747549555, "prior": 8.910210077238986, "rate": 1.5086156837021263}, "datetime": {"datetime": "2024-06-14 08:53:27", "elapsed": 17.004867, "delta": 0.010971}}
{"target": -261.8088635368355, "params": {"gamma": 5.5673037568750585, "prior": 3.0949243389652152, "rate": 2.7129607380351044}, "datetime": {"datetime": "2024-06-14 08:53:27", "elapsed": 17.014841, "delta": 0.009974}}
{"target": -152.960245694182, "params": {"gamma": 0.16532732155215554, "prior": 5.200289634664171, "rate": 0.19147494677606597}, "datetime": {"datetime": "2024-06-14 08:53:27", "elapsed": 17.024814, "delta": 0.009973}}
{"target": -303.69697030960623, "params": {"gamma": 8.982387549518384, "prior": 2.743118745199252, "rate": 4.934240682090825}, "datetime": {"datetime": "2024-06-14 08:53:27", "elapsed": 17.034787, "delta": 0.009973}}
{"target": -230.0534465459154, "params": {"gamma": 6.364538822186757, "prior": 0.11484759273546576, "rate": 1.1332762215360346}, "datetime": {"datetime": "2024-06-14 08:53:27", "elapsed": 17.04476, "delta": 0.009973}}
{"target": -204.5865669286631, "params": {"gamma": 4.6659477575289365, "prior": 6.27045023526184, "rate": 8.196890952415792}, "datetime": {"datetime": "2024-06-14 08:53:27", "elapsed": 17.054734, "delta": 0.009974}}
{"target": -230.35897854170082, "params": {"gamma": 4.148641338539144, "prior": 9.27585593466577, "rate": 5.974235073828673}, "datetime": {"datetime": "2024-06-14 08:53:27", "elapsed": 17.065871, "delta": 0.011137}}
{"target": -148.60067715464808, "params": {"gamma": 0.019306140396848814, "prior": 6.83237546346491, "rate": 2.128523676734889}, "datetime": {"datetime": "2024-06-14 08:53:27", "elapsed": 17.075016, "delta": 0.009145}}
{"target": -142.33523826890524, "params": {"gamma": 0.1535430664843777, "prior": 7.383907493191389, "rate": 5.519551912752578}, "datetime": {"datetime": "2024-06-14 08:53:27", "elapsed": 17.085986, "delta": 0.01097}}
{"target": -254.5390111141904, "params": {"gamma": 7.836427271615353, "prior": 0.9728738222321646, "rate": 3.557641134340776}, "datetime": {"datetime": "2024-06-14 08:53:27", "elapsed": 17.09596, "delta": 0.009974}}
{"target": -172.09169138081674, "params": {"gamma": 2.997716685977381, "prior": 5.733129677407973, "rate": 5.102021899170938}, "datetime": {"datetime": "2024-06-14 08:53:27", "elapsed": 17.105934, "delta": 0.009974}}
{"target": -254.99535032285314, "params": {"gamma": 7.821480373966176, "prior": 1.951873292249901, "rate": 5.765378570105822}, "datetime": {"datetime": "2024-06-14 08:53:27", "elapsed": 17.115906, "delta": 0.009972}}
{"target": -264.0925219312827, "params": {"gamma": 6.444129706059222, "prior": 4.652693074134186, "rate": 5.580214322469496}, "datetime": {"datetime": "2024-06-14 08:53:27", "elapsed": 17.12588, "delta": 0.009974}}
{"target": -533.060315090722, "params": {"gamma": 9.743286307322958, "prior": 7.541556933766897, "rate": 3.8104826236472786}, "datetime": {"datetime": "2024-06-14 08:53:27", "elapsed": 17.135734, "delta": 0.009854}}
{"target": -343.98727994569975, "params": {"gamma": 4.340728838399114, "prior": 7.1570316925553605, "rate": 0.9380272253159303}, "datetime": {"datetime": "2024-06-14 08:53:27", "elapsed": 17.146704, "delta": 0.01097}}
{"target": -298.8400186168035, "params": {"gamma": 6.378444418173399, "prior": 1.2321491091836958, "rate": 1.0193780310022393}, "datetime": {"datetime": "2024-06-14 08:53:27", "elapsed": 17.156678, "delta": 0.009974}}
{"target": -227.37166093733902, "params": {"gamma": 6.667021122891057, "prior": 1.7542887876159898, "rate": 7.647419971523622}, "datetime": {"datetime": "2024-06-14 08:53:27", "elapsed": 17.16668, "delta": 0.010002}}
{"target": -264.5718647130207, "params": {"gamma": 7.506153520363204, "prior": 3.18900068961921, "rate": 5.7090751316208}, "datetime": {"datetime": "2024-06-14 08:53:27", "elapsed": 17.176624, "delta": 0.009944}}
{"target": -439.34020609307635, "params": {"gamma": 6.451761309420609, "prior": 8.133499632738395, "rate": 2.0154617304835343}, "datetime": {"datetime": "2024-06-14 08:53:27", "elapsed": 17.186598, "delta": 0.009974}}
{"target": -377.21831567694477, "params": {"gamma": 6.762750921175965, "prior": 8.246616776474657, "rate": 4.144442403173417}, "datetime": {"datetime": "2024-06-14 08:53:27", "elapsed": 17.196587, "delta": 0.009989}}
{"target": -198.05231773465385, "params": {"gamma": 4.93747435337824, "prior": 5.191069021280379, "rate": 9.393346948548995}, "datetime": {"datetime": "2024-06-14 08:53:27", "elapsed": 17.207095, "delta": 0.010508}}
{"target": -131.40301435519106, "params": {"gamma": 0.5174559628579339, "prior": 5.75837295853161, "rate": 4.89811116337683}, "datetime": {"datetime": "2024-06-14 08:53:27", "elapsed": 17.217067, "delta": 0.009972}}
{"target": -175.56524721911057, "params": {"gamma": 3.43893717379704, "prior": 6.732175526529206, "rate": 7.6946306666071145}, "datetime": {"datetime": "2024-06-14 08:53:27", "elapsed": 17.228038, "delta": 0.010971}}
{"target": -197.89435421605464, "params": {"gamma": 5.401055710011223, "prior": 0.5122166664564219, "rate": 2.351573570535765}, "datetime": {"datetime": "2024-06-14 08:53:27", "elapsed": 17.238012, "delta": 0.009974}}
{"target": -137.36373319083782, "params": {"gamma": 0.20537707355366863, "prior": 3.3450050943537124, "rate": 4.6810927226785255}, "datetime": {"datetime": "2024-06-14 08:53:27", "elapsed": 17.250009, "delta": 0.011997}}
{"target": -347.7762346767423, "params": {"gamma": 7.845906561782468, "prior": 5.369502262702111, "rate": 4.774787580289247}, "datetime": {"datetime": "2024-06-14 08:53:27", "elapsed": 17.259575, "delta": 0.009566}}
{"target": -261.9338003220794, "params": {"gamma": 6.97979925706494, "prior": 0.27243013449192005, "rate": 6.950212658575371}, "datetime": {"datetime": "2024-06-14 08:53:27", "elapsed": 17.269549, "delta": 0.009974}}
{"target": -168.78233303919768, "params": {"gamma": 3.120283908366149, "prior": 5.641930498717792, "rate": 6.068459647449929}, "datetime": {"datetime": "2024-06-14 08:53:27", "elapsed": 17.279522, "delta": 0.009973}}
{"target": -126.89381056048246, "params": {"gamma": 1.8222444288432162, "prior": 2.5776986435657308, "rate": 5.788601767479563}, "datetime": {"datetime": "2024-06-14 08:53:27", "elapsed": 17.289496, "delta": 0.009974}}
{"target": -148.1311658377403, "params": {"gamma": 2.626964094789226, "prior": 2.4702287887304846, "rate": 3.5909544712195682}, "datetime": {"datetime": "2024-06-14 08:53:27", "elapsed": 17.300466, "delta": 0.01097}}
{"target": -467.9587301414601, "params": {"gamma": 9.044205571519699, "prior": 8.705182024603866, "rate": 5.140843749597316}, "datetime": {"datetime": "2024-06-14 08:53:27", "elapsed": 17.310439, "delta": 0.009973}}
