{"target": -230.58998470541982, "params": {"gamma": 5.310942498517634, "prior": 8.153913136901503, "rate": 3.763565542385325}, "datetime": {"datetime": "2024-06-14 18:10:38", "elapsed": 10.031096, "delta": 0.008976}}
{"target": -200.12430938634665, "params": {"gamma": 4.4582994882209785, "prior": 7.53393534067921, "rate": 0.9843654431052541}, "datetime": {"datetime": "2024-06-14 18:10:38", "elapsed": 10.041069, "delta": 0.009973}}
{"target": -175.79766942693107, "params": {"gamma": 3.6059025236596125, "prior": 5.680691927335912, "rate": 2.3866173738298953}, "datetime": {"datetime": "2024-06-14 18:10:38", "elapsed": 10.050045, "delta": 0.008976}}
{"target": -360.34884073677995, "params": {"gamma": 8.399697763448607, "prior": 7.6819248236704, "rate": 9.655460253343795}, "datetime": {"datetime": "2024-06-14 18:10:38", "elapsed": 10.059527, "delta": 0.009482}}
{"target": -251.19950971404, "params": {"gamma": 5.230357762062273, "prior": 1.1545941141068716, "rate": 9.366233613591808}, "datetime": {"datetime": "2024-06-14 18:10:38", "elapsed": 10.0695, "delta": 0.009973}}
{"target": -360.57558764761444, "params": {"gamma": 8.342525658973996, "prior": 5.489739793932052, "rate": 8.363186471576656}, "datetime": {"datetime": "2024-06-14 18:10:38", "elapsed": 10.078476, "delta": 0.008976}}
{"target": -369.40510213444475, "params": {"gamma": 8.81702750262007, "prior": 7.783203259932287, "rate": 5.712968516447132}, "datetime": {"datetime": "2024-06-14 18:10:38", "elapsed": 10.087452, "delta": 0.008976}}
{"target": -266.54260421914927, "params": {"gamma": 6.153371915939358, "prior": 8.459467758169252, "rate": 6.222544146503024}, "datetime": {"datetime": "2024-06-14 18:10:38", "elapsed": 10.097426, "delta": 0.009974}}
{"target": -139.4911070067657, "params": {"gamma": 2.0655931119171287, "prior": 6.945735393184301, "rate": 5.320605487023739}, "datetime": {"datetime": "2024-06-14 18:10:38", "elapsed": 10.106401, "delta": 0.008975}}
{"target": -158.91270221324564, "params": {"gamma": 2.633207341942995, "prior": 0.10778676114340056, "rate": 2.3557421152378364}, "datetime": {"datetime": "2024-06-14 18:10:38", "elapsed": 10.116374, "delta": 0.009973}}
{"target": -291.75420323264836, "params": {"gamma": 6.735993413062344, "prior": 8.795369976841354, "rate": 8.307194989836436}, "datetime": {"datetime": "2024-06-14 18:10:38", "elapsed": 10.125351, "delta": 0.008977}}
{"target": -129.45978370189863, "params": {"gamma": 1.0819657484995155, "prior": 0.8041372972760987, "rate": 7.616161526478173}, "datetime": {"datetime": "2024-06-14 18:10:38", "elapsed": 10.135324, "delta": 0.009973}}
{"target": -169.73448511171705, "params": {"gamma": 2.849048887810949, "prior": 2.790850219716551, "rate": 0.021001005783708615}, "datetime": {"datetime": "2024-06-14 18:10:38", "elapsed": 10.1443, "delta": 0.008976}}
{"target": -129.46709276954192, "params": {"gamma": 0.9862915673948899, "prior": 1.442410769184296, "rate": 1.5944427020857364}, "datetime": {"datetime": "2024-06-14 18:10:38", "elapsed": 10.154273, "delta": 0.009973}}
{"target": -207.72365826209202, "params": {"gamma": 4.453690712551038, "prior": 8.159944565765821, "rate": 8.123168855569107}, "datetime": {"datetime": "2024-06-14 18:10:38", "elapsed": 10.163249, "delta": 0.008976}}
{"target": -391.1645527140397, "params": {"gamma": 9.099986227202798, "prior": 4.491561182341304, "rate": 7.087396368942189}, "datetime": {"datetime": "2024-06-14 18:10:38", "elapsed": 10.173223, "delta": 0.009974}}
{"target": -225.96016447242104, "params": {"gamma": 4.883852847086367, "prior": 0.5934413255317578, "rate": 0.8052339082615015}, "datetime": {"datetime": "2024-06-14 18:10:38", "elapsed": 10.182199, "delta": 0.008976}}
{"target": -147.2158728990967, "params": {"gamma": 2.4601774098261746, "prior": 9.818055113367866, "rate": 6.919480375538572}, "datetime": {"datetime": "2024-06-14 18:10:38", "elapsed": 10.191174, "delta": 0.008975}}
{"target": -152.89989843236648, "params": {"gamma": 2.680807810991347, "prior": 7.09200612105803, "rate": 6.6137999976813155}, "datetime": {"datetime": "2024-06-14 18:10:38", "elapsed": 10.201148, "delta": 0.009974}}
{"target": -133.52630231111914, "params": {"gamma": 0.4338583185782008, "prior": 3.6787270879532055, "rate": 7.737506106039536}, "datetime": {"datetime": "2024-06-14 18:10:38", "elapsed": 10.21068, "delta": 0.009532}}
{"target": -130.41067662164622, "params": {"gamma": 0.7861506254262016, "prior": 8.855402756081128, "rate": 9.308752094249328}, "datetime": {"datetime": "2024-06-14 18:10:38", "elapsed": 10.219656, "delta": 0.008976}}
{"target": -383.80754950852156, "params": {"gamma": 8.531002038386509, "prior": 1.2620382805993853, "rate": 5.652169643537417}, "datetime": {"datetime": "2024-06-14 18:10:38", "elapsed": 10.22963, "delta": 0.009974}}
{"target": -275.45845851489867, "params": {"gamma": 7.075891918374401, "prior": 8.89100289040774, "rate": 0.958664516968829}, "datetime": {"datetime": "2024-06-14 18:10:38", "elapsed": 10.239169, "delta": 0.009539}}
{"target": -357.71992692029664, "params": {"gamma": 8.157890074908734, "prior": 2.852361683520942, "rate": 5.923281570273373}, "datetime": {"datetime": "2024-06-14 18:10:38", "elapsed": 10.248141, "delta": 0.008972}}
{"target": -294.3603287556812, "params": {"gamma": 7.198237298029824, "prior": 7.7924895786681345, "rate": 2.947353825139696}, "datetime": {"datetime": "2024-06-14 18:10:38", "elapsed": 10.258114, "delta": 0.009973}}
{"target": -281.89252489062363, "params": {"gamma": 6.074158012949801, "prior": 2.945981454603072, "rate": 9.983169186094411}, "datetime": {"datetime": "2024-06-14 18:10:38", "elapsed": 10.26709, "delta": 0.008976}}
{"target": -357.35679966745, "params": {"gamma": 8.145241573815564, "prior": 4.198381371066737, "rate": 8.791542714456694}, "datetime": {"datetime": "2024-06-14 18:10:38", "elapsed": 10.277064, "delta": 0.009974}}
{"target": -286.6822815814472, "params": {"gamma": 7.325278649969429, "prior": 9.294594614204785, "rate": 1.7169353317749951}, "datetime": {"datetime": "2024-06-14 18:10:38", "elapsed": 10.286039, "delta": 0.008975}}
{"target": -166.79717259709523, "params": {"gamma": 2.9490552142038204, "prior": 1.0279930931389578, "rate": 3.1804923357554484}, "datetime": {"datetime": "2024-06-14 18:10:38", "elapsed": 10.296013, "delta": 0.009974}}
{"target": -184.30439690516965, "params": {"gamma": 3.812504948851634, "prior": 6.36385414222566, "rate": 4.715727863547479}, "datetime": {"datetime": "2024-06-14 18:10:38", "elapsed": 10.306015, "delta": 0.010002}}
{"target": -302.9467989163479, "params": {"gamma": 7.176972138789694, "prior": 2.7653129816669733, "rate": 1.7313941351026625}, "datetime": {"datetime": "2024-06-14 18:10:38", "elapsed": 10.314991, "delta": 0.008976}}
{"target": -185.17047493555688, "params": {"gamma": 3.7918469051508774, "prior": 4.43700623053576, "rate": 4.221843551590521}, "datetime": {"datetime": "2024-06-14 18:10:38", "elapsed": 10.323938, "delta": 0.008947}}
{"target": -389.77775723786226, "params": {"gamma": 9.135783296928588, "prior": 2.7687134816348475, "rate": 3.5210819835488736}, "datetime": {"datetime": "2024-06-14 18:10:38", "elapsed": 10.333913, "delta": 0.009975}}
{"target": -141.32797960376834, "params": {"gamma": 2.1528813919731067, "prior": 3.7820378129023013, "rate": 3.8991640529202587}, "datetime": {"datetime": "2024-06-14 18:10:38", "elapsed": 10.342917, "delta": 0.009004}}
{"target": -254.01845828112175, "params": {"gamma": 5.754695144061634, "prior": 2.855813288362186, "rate": 2.595663592769973}, "datetime": {"datetime": "2024-06-14 18:10:38", "elapsed": 10.352861, "delta": 0.009944}}
{"target": -279.6842473386959, "params": {"gamma": 7.190894889170183, "prior": 9.110769204968191, "rate": 1.2218460988148518}, "datetime": {"datetime": "2024-06-14 18:10:38", "elapsed": 10.362834, "delta": 0.009973}}
{"target": -138.82610533716303, "params": {"gamma": 1.8237074185290985, "prior": 1.4177854842714415, "rate": 6.836393220362168}, "datetime": {"datetime": "2024-06-14 18:10:38", "elapsed": 10.37181, "delta": 0.008976}}
{"target": -142.32041010694263, "params": {"gamma": 2.1408837173038955, "prior": 6.0852588727331, "rate": 2.0175856692950274}, "datetime": {"datetime": "2024-06-14 18:10:38", "elapsed": 10.380786, "delta": 0.008976}}
{"target": -358.4854206219826, "params": {"gamma": 8.177754179737551, "prior": 3.229460609356161, "rate": 6.696498030094077}, "datetime": {"datetime": "2024-06-14 18:10:38", "elapsed": 10.390759, "delta": 0.009973}}
{"target": -131.63721719633713, "params": {"gamma": 1.4881868944628063, "prior": 3.128859926152989, "rate": 2.9731172115714624}, "datetime": {"datetime": "2024-06-14 18:10:38", "elapsed": 10.399735, "delta": 0.008976}}
{"target": -279.9844052142072, "params": {"gamma": 6.3511642455179445, "prior": 6.840717218521033, "rate": 8.452641216391733}, "datetime": {"datetime": "2024-06-14 18:10:38", "elapsed": 10.409709, "delta": 0.009974}}
{"target": -135.76896964850312, "params": {"gamma": 1.8342857207824639, "prior": 7.628254666633741, "rate": 7.119682083391317}, "datetime": {"datetime": "2024-06-14 18:10:38", "elapsed": 10.418685, "delta": 0.008976}}
{"target": -231.5778114720445, "params": {"gamma": 5.575881596860648, "prior": 6.536613564525276, "rate": 0.9008610352239393}, "datetime": {"datetime": "2024-06-14 18:10:38", "elapsed": 10.428621, "delta": 0.009936}}
{"target": -131.44502519476464, "params": {"gamma": 1.4696112814099909, "prior": 4.214160035094695, "rate": 7.1139955123219485}, "datetime": {"datetime": "2024-06-14 18:10:38", "elapsed": 10.43759, "delta": 0.008969}}
{"target": -133.7213229596461, "params": {"gamma": 1.6790438150723197, "prior": 3.950893478320653, "rate": 4.979961592920374}, "datetime": {"datetime": "2024-06-14 18:10:38", "elapsed": 10.447563, "delta": 0.009973}}
{"target": -413.8711435102891, "params": {"gamma": 9.350522223405173, "prior": 0.6464428616796051, "rate": 8.290245901995016}, "datetime": {"datetime": "2024-06-14 18:10:38", "elapsed": 10.457566, "delta": 0.010003}}
{"target": -433.3748578164125, "params": {"gamma": 9.841614299141947, "prior": 2.7459988738469, "rate": 8.90068298043714}, "datetime": {"datetime": "2024-06-14 18:10:38", "elapsed": 10.466513, "delta": 0.008947}}
{"target": -157.4284422860883, "params": {"gamma": 2.9037110876153163, "prior": 8.010174232146655, "rate": 4.599113822624364}, "datetime": {"datetime": "2024-06-14 18:10:38", "elapsed": 10.476487, "delta": 0.009974}}
{"target": -275.9685953912847, "params": {"gamma": 5.976488880119824, "prior": 2.443007029974514, "rate": 6.87646200664599}, "datetime": {"datetime": "2024-06-14 18:10:38", "elapsed": 10.485462, "delta": 0.008975}}
{"target": -131.72314797178103, "params": {"gamma": 1.4876999762661907, "prior": 5.640896340117552, "rate": 4.943794976509587}, "datetime": {"datetime": "2024-06-14 18:10:38", "elapsed": 10.495438, "delta": 0.009976}}
{"target": -362.48054085742706, "params": {"gamma": 8.372222753498248, "prior": 4.866538302199957, "rate": 7.847524868907307}, "datetime": {"datetime": "2024-06-14 18:10:38", "elapsed": 10.504441, "delta": 0.009003}}
{"target": -200.49874931357502, "params": {"gamma": 4.003542773051022, "prior": 3.1482687409659618, "rate": 7.872484136639694}, "datetime": {"datetime": "2024-06-14 18:10:38", "elapsed": 10.514385, "delta": 0.009944}}
{"target": -199.64164537285563, "params": {"gamma": 4.185224174850338, "prior": 5.017984006012016, "rate": 5.773647990711966}, "datetime": {"datetime": "2024-06-14 18:10:38", "elapsed": 10.523361, "delta": 0.008976}}
{"target": -344.0736202785755, "params": {"gamma": 8.196837713155396, "prior": 5.8550677488045215, "rate": 4.062022883905419}, "datetime": {"datetime": "2024-06-14 18:10:38", "elapsed": 10.533335, "delta": 0.009974}}
{"target": -132.80330909983792, "params": {"gamma": 1.6067076982639186, "prior": 7.050901918649678, "rate": 8.832444983696695}, "datetime": {"datetime": "2024-06-14 18:10:38", "elapsed": 10.542311, "delta": 0.008976}}
{"target": -128.93956316083487, "params": {"gamma": 1.0846805001536175, "prior": 4.715518360549507, "rate": 9.34542051628517}, "datetime": {"datetime": "2024-06-14 18:10:38", "elapsed": 10.552284, "delta": 0.009973}}
{"target": -233.45288606595182, "params": {"gamma": 5.635528165584233, "prior": 5.4980097896596, "rate": 0.6356920232315505}, "datetime": {"datetime": "2024-06-14 18:10:38", "elapsed": 10.56126, "delta": 0.008976}}
{"target": -226.06722842303918, "params": {"gamma": 5.353466496108746, "prior": 6.579958907817386, "rate": 1.466771864485812}, "datetime": {"datetime": "2024-06-14 18:10:38", "elapsed": 10.571233, "delta": 0.009973}}
{"target": -422.33016254200226, "params": {"gamma": 9.563690911740819, "prior": 2.0418928402390932, "rate": 6.739586009585863}, "datetime": {"datetime": "2024-06-14 18:10:38", "elapsed": 10.580209, "delta": 0.008976}}
{"target": -158.79888310069404, "params": {"gamma": 2.744137192928587, "prior": 1.1734652549355584, "rate": 2.6097471361451294}, "datetime": {"datetime": "2024-06-14 18:10:38", "elapsed": 10.590182, "delta": 0.009973}}
{"target": -168.77311283221454, "params": {"gamma": 3.3421841833472294, "prior": 4.700845584587125, "rate": 2.3443300775714717}, "datetime": {"datetime": "2024-06-14 18:10:38", "elapsed": 10.600156, "delta": 0.009974}}
{"target": -313.0758627761607, "params": {"gamma": 7.27531136269942, "prior": 8.09119191003769, "rate": 7.909964984873447}, "datetime": {"datetime": "2024-06-14 18:10:38", "elapsed": 10.609132, "delta": 0.008976}}
{"target": -305.2296113728788, "params": {"gamma": 7.157769735363946, "prior": 2.7694681369941243, "rate": 2.1053674526157167}, "datetime": {"datetime": "2024-06-14 18:10:38", "elapsed": 10.619105, "delta": 0.009973}}
{"target": -134.37603339091015, "params": {"gamma": 1.092174154085908, "prior": 4.027142903887254, "rate": 0.8735791351201521}, "datetime": {"datetime": "2024-06-14 18:10:38", "elapsed": 10.628081, "delta": 0.008976}}
{"target": -282.6882347619972, "params": {"gamma": 6.554241175168271, "prior": 9.503306252187942, "rate": 7.556577172510941}, "datetime": {"datetime": "2024-06-14 18:10:38", "elapsed": 10.638054, "delta": 0.009973}}
{"target": -130.10586805674762, "params": {"gamma": 1.1698003792568261, "prior": 0.3027643623121794, "rate": 3.349553409033682}, "datetime": {"datetime": "2024-06-14 18:10:38", "elapsed": 10.64703, "delta": 0.008976}}
{"target": -430.5701484236526, "params": {"gamma": 9.928768691433605, "prior": 3.197034304972313, "rate": 7.37534048014249}, "datetime": {"datetime": "2024-06-14 18:10:38", "elapsed": 10.657004, "delta": 0.009974}}
{"target": -302.81032394388666, "params": {"gamma": 7.165577236537339, "prior": 5.768320217183284, "rate": 3.6770929306387004}, "datetime": {"datetime": "2024-06-14 18:10:38", "elapsed": 10.666977, "delta": 0.009973}}
{"target": -148.6874698022157, "params": {"gamma": 2.083448674606851, "prior": 9.801992242791993, "rate": 0.6598718062812502}, "datetime": {"datetime": "2024-06-14 18:10:38", "elapsed": 10.675953, "delta": 0.008976}}
{"target": -149.79002914424476, "params": {"gamma": 2.363041291619063, "prior": 3.1581047580501553, "rate": 9.09512403146957}, "datetime": {"datetime": "2024-06-14 18:10:38", "elapsed": 10.685927, "delta": 0.009974}}
{"target": -300.69464675474245, "params": {"gamma": 7.133979260927965, "prior": 2.727181317356326, "rate": 1.6458485280836919}, "datetime": {"datetime": "2024-06-14 18:10:38", "elapsed": 10.694902, "delta": 0.008975}}
{"target": -326.6380399633936, "params": {"gamma": 8.805093637851785, "prior": 7.958453011075212, "rate": 0.38483593233206737}, "datetime": {"datetime": "2024-06-14 18:10:38", "elapsed": 10.704876, "delta": 0.009974}}
{"target": -369.3787693428417, "params": {"gamma": 8.79312913512225, "prior": 5.9206034775835645, "rate": 4.575914432666735}, "datetime": {"datetime": "2024-06-14 18:10:38", "elapsed": 10.713852, "delta": 0.008976}}
{"target": -311.6086512071529, "params": {"gamma": 6.73884491695568, "prior": 0.49048370550033693, "rate": 3.303881713493146}, "datetime": {"datetime": "2024-06-14 18:10:38", "elapsed": 10.723825, "delta": 0.009973}}
{"target": -131.37609104404916, "params": {"gamma": 0.8813961296757109, "prior": 6.868010901332397, "rate": 3.9807191404477567}, "datetime": {"datetime": "2024-06-14 18:10:38", "elapsed": 10.733799, "delta": 0.009974}}
{"target": -229.79129842967689, "params": {"gamma": 4.790061963647635, "prior": 2.969053058004484, "rate": 7.883156906603142}, "datetime": {"datetime": "2024-06-14 18:10:38", "elapsed": 10.742775, "delta": 0.008976}}
{"target": -133.00079574303558, "params": {"gamma": 0.4660803099952485, "prior": 2.883143899002197, "rate": 5.906368021727022}, "datetime": {"datetime": "2024-06-14 18:10:38", "elapsed": 10.752748, "delta": 0.009973}}
{"target": -340.12784398634057, "params": {"gamma": 7.901544890842957, "prior": 6.055833425528347, "rate": 7.305156197867701}, "datetime": {"datetime": "2024-06-14 18:10:38", "elapsed": 10.761724, "delta": 0.008976}}
{"target": -140.72426744341135, "params": {"gamma": 0.23625562086340346, "prior": 2.623743534154576, "rate": 0.42187550666388557}, "datetime": {"datetime": "2024-06-14 18:10:38", "elapsed": 10.771697, "delta": 0.009973}}
{"target": -225.46384411154514, "params": {"gamma": 5.000623972289424, "prior": 9.892488931793658, "rate": 0.1362915505440842}, "datetime": {"datetime": "2024-06-14 18:10:38", "elapsed": 10.780673, "delta": 0.008976}}
{"target": -214.28279462636476, "params": {"gamma": 4.409349504334219, "prior": 0.14738553924825692, "rate": 6.1292733046741406}, "datetime": {"datetime": "2024-06-14 18:10:38", "elapsed": 10.790646, "delta": 0.009973}}
{"target": -139.58930876549013, "params": {"gamma": 1.8344039025545689, "prior": 7.156143659526229, "rate": 1.5973254712175065}, "datetime": {"datetime": "2024-06-14 18:10:39", "elapsed": 10.80062, "delta": 0.009974}}
{"target": -359.31415354653745, "params": {"gamma": 8.28592797664837, "prior": 2.141163820968893, "rate": 3.522810522045676}, "datetime": {"datetime": "2024-06-14 18:10:39", "elapsed": 10.809596, "delta": 0.008976}}
{"target": -144.01116961146474, "params": {"gamma": 2.3065541407607677, "prior": 8.0960764752713, "rate": 4.903209285941475}, "datetime": {"datetime": "2024-06-14 18:10:39", "elapsed": 10.819569, "delta": 0.009973}}
{"target": -389.9543256788788, "params": {"gamma": 8.738461225360355, "prior": 1.3878511297112337, "rate": 4.990082145540017}, "datetime": {"datetime": "2024-06-14 18:10:39", "elapsed": 10.828545, "delta": 0.008976}}
{"target": -327.1481245892464, "params": {"gamma": 7.766359726186858, "prior": 9.813980671032251, "rate": 6.734103924215217}, "datetime": {"datetime": "2024-06-14 18:10:39", "elapsed": 10.838518, "delta": 0.009973}}
{"target": -143.32259670970632, "params": {"gamma": 1.8308287966897505, "prior": 7.621752259925226, "rate": 0.747277516013488}, "datetime": {"datetime": "2024-06-14 18:10:39", "elapsed": 10.847494, "delta": 0.008976}}
{"target": -321.49400530114605, "params": {"gamma": 7.62796186474408, "prior": 8.295370786127524, "rate": 5.592537951402159}, "datetime": {"datetime": "2024-06-14 18:10:39", "elapsed": 10.857468, "delta": 0.009974}}
{"target": -226.66797995537152, "params": {"gamma": 4.927715577252471, "prior": 9.371621484501743, "rate": 0.0019694099260602308}, "datetime": {"datetime": "2024-06-14 18:10:39", "elapsed": 10.866444, "delta": 0.008976}}
{"target": -141.73683983458344, "params": {"gamma": 0.0966593768907281, "prior": 2.5943190891398578, "rate": 5.057258956122923}, "datetime": {"datetime": "2024-06-14 18:10:39", "elapsed": 10.876417, "delta": 0.009973}}
{"target": -239.41770209861016, "params": {"gamma": 5.404626088310402, "prior": 3.775794997844595, "rate": 2.9278210405766725}, "datetime": {"datetime": "2024-06-14 18:10:39", "elapsed": 10.886391, "delta": 0.009974}}
{"target": -139.91786072722496, "params": {"gamma": 2.0244710973929743, "prior": 8.02279075452163, "rate": 3.159913122914842}, "datetime": {"datetime": "2024-06-14 18:10:39", "elapsed": 10.895366, "delta": 0.008975}}
{"target": -221.89360939455085, "params": {"gamma": 4.925187387485644, "prior": 8.131779827869634, "rate": 6.123977065658692}, "datetime": {"datetime": "2024-06-14 18:10:39", "elapsed": 10.90534, "delta": 0.009974}}
{"target": -202.01108921343987, "params": {"gamma": 4.086676353275073, "prior": 1.851351801368232, "rate": 3.977123246381154}, "datetime": {"datetime": "2024-06-14 18:10:39", "elapsed": 10.914315, "delta": 0.008975}}
{"target": -211.83265284452165, "params": {"gamma": 4.852641324647453, "prior": 9.906787466384639, "rate": 2.842666564129935}, "datetime": {"datetime": "2024-06-14 18:10:39", "elapsed": 10.924289, "delta": 0.009974}}
{"target": -133.4142572044879, "params": {"gamma": 1.6572311251158391, "prior": 2.2836975838028972, "rate": 2.115461976224172}, "datetime": {"datetime": "2024-06-14 18:10:39", "elapsed": 10.933265, "delta": 0.008976}}
{"target": -131.32117823797523, "params": {"gamma": 0.761400858057041, "prior": 3.712586214392191, "rate": 2.848055513881634}, "datetime": {"datetime": "2024-06-14 18:10:39", "elapsed": 10.943238, "delta": 0.009973}}
{"target": -332.33827756977115, "params": {"gamma": 8.876000332641663, "prior": 7.824570138568547, "rate": 1.09154050351661}, "datetime": {"datetime": "2024-06-14 18:10:39", "elapsed": 10.952214, "delta": 0.008976}}
{"target": -383.95326774946886, "params": {"gamma": 8.505184450178726, "prior": 1.1850262084006502, "rate": 7.2023572600056704}, "datetime": {"datetime": "2024-06-14 18:10:39", "elapsed": 10.962188, "delta": 0.009974}}
{"target": -270.1491528565276, "params": {"gamma": 5.728670154913063, "prior": 0.9594030042480481, "rate": 9.053375032737591}, "datetime": {"datetime": "2024-06-14 18:10:39", "elapsed": 10.972161, "delta": 0.009973}}
{"target": -354.75345689537613, "params": {"gamma": 8.745790582338879, "prior": 8.454132140483077, "rate": 3.6963039838180336}, "datetime": {"datetime": "2024-06-14 18:10:39", "elapsed": 10.981137, "delta": 0.008976}}
