{"target": -237.4150688707358, "params": {"gamma": 3.957087074403221, "prior": 7.740012975913038, "rate": 2.512780630310517}, "datetime": {"datetime": "2024-06-14 10:30:30", "elapsed": 5.480212, "delta": 0.009006}}
{"target": -371.1614279254299, "params": {"gamma": 6.557951918265758, "prior": 9.60793176737818, "rate": 0.03654404988379601}, "datetime": {"datetime": "2024-06-14 10:30:30", "elapsed": 5.490155, "delta": 0.009943}}
{"target": -403.77082880517446, "params": {"gamma": 7.233887082898668, "prior": 1.1790508359034728, "rate": 5.438331129146589}, "datetime": {"datetime": "2024-06-14 10:30:30", "elapsed": 5.499131, "delta": 0.008976}}
{"target": -348.06467983909135, "params": {"gamma": 6.269533250786666, "prior": 2.5051765451309316, "rate": 9.138524908590835}, "datetime": {"datetime": "2024-06-14 10:30:30", "elapsed": 5.508107, "delta": 0.008976}}
{"target": -342.64214145416264, "params": {"gamma": 6.223502974387487, "prior": 2.393777444809113, "rate": 7.701551743810476}, "datetime": {"datetime": "2024-06-14 10:30:30", "elapsed": 5.517084, "delta": 0.008977}}
{"target": -153.10566555475444, "params": {"gamma": 1.0559652928933503, "prior": 5.596730653460311, "rate": 0.9504657419551125}, "datetime": {"datetime": "2024-06-14 10:30:30", "elapsed": 5.52606, "delta": 0.008976}}
{"target": -317.0210184323321, "params": {"gamma": 5.810259742677521, "prior": 2.604503115929865, "rate": 6.495018612739509}, "datetime": {"datetime": "2024-06-14 10:30:30", "elapsed": 5.535036, "delta": 0.008976}}
{"target": -369.002095175743, "params": {"gamma": 7.158553701628942, "prior": 5.289437584229746, "rate": 6.575556555623399}, "datetime": {"datetime": "2024-06-14 10:30:30", "elapsed": 5.544011, "delta": 0.008975}}
{"target": -408.6849749924944, "params": {"gamma": 8.133125159405232, "prior": 8.094371489266019, "rate": 6.197200238546574}, "datetime": {"datetime": "2024-06-14 10:30:30", "elapsed": 5.552988, "delta": 0.008977}}
{"target": -254.73965087654798, "params": {"gamma": 4.511573518745629, "prior": 4.1387048915689375, "rate": 8.74760145142373}, "datetime": {"datetime": "2024-06-14 10:30:30", "elapsed": 5.561963, "delta": 0.008975}}
{"target": -380.3165849575395, "params": {"gamma": 7.029614389411599, "prior": 1.9308567214966765, "rate": 5.657755734146004}, "datetime": {"datetime": "2024-06-14 10:30:30", "elapsed": 5.57094, "delta": 0.008977}}
{"target": -506.1962705545928, "params": {"gamma": 9.08817151496827, "prior": 1.5918309232578849, "rate": 8.455331237631533}, "datetime": {"datetime": "2024-06-14 10:30:30", "elapsed": 5.579915, "delta": 0.008975}}
{"target": -430.22150328883015, "params": {"gamma": 8.202204460687183, "prior": 5.043476902848561, "rate": 0.37680093100554635}, "datetime": {"datetime": "2024-06-14 10:30:30", "elapsed": 5.588891, "delta": 0.008976}}
{"target": -165.0475904080365, "params": {"gamma": 1.4758775514639575, "prior": 9.234123077417845, "rate": 0.4425038055225927}, "datetime": {"datetime": "2024-06-14 10:30:30", "elapsed": 5.598864, "delta": 0.009973}}
{"target": -228.91932296650344, "params": {"gamma": 3.7256151652871896, "prior": 6.228492383782162, "rate": 1.9702834411012529}, "datetime": {"datetime": "2024-06-14 10:30:30", "elapsed": 5.607841, "delta": 0.008977}}
{"target": -525.9284849541419, "params": {"gamma": 9.810816492645733, "prior": 1.6441548071298822, "rate": 5.3972522724175835}, "datetime": {"datetime": "2024-06-14 10:30:30", "elapsed": 5.616818, "delta": 0.008977}}
{"target": -330.13553733496883, "params": {"gamma": 6.180495232142101, "prior": 2.3868004918300687, "rate": 4.663623583104205}, "datetime": {"datetime": "2024-06-14 10:30:30", "elapsed": 5.625793, "delta": 0.008975}}
{"target": -267.4669112672949, "params": {"gamma": 4.91059428280016, "prior": 7.691937525632765, "rate": 6.343173246985961}, "datetime": {"datetime": "2024-06-14 10:30:30", "elapsed": 5.634769, "delta": 0.008976}}
{"target": -258.6179625240554, "params": {"gamma": 4.676032980600331, "prior": 6.702731177620354, "rate": 4.534320887795462}, "datetime": {"datetime": "2024-06-14 10:30:30", "elapsed": 5.643745, "delta": 0.008976}}
{"target": -291.1120872723111, "params": {"gamma": 5.257590201822755, "prior": 6.619823611427782, "rate": 1.8127726241566626}, "datetime": {"datetime": "2024-06-14 10:30:30", "elapsed": 5.652721, "delta": 0.008976}}
{"target": -407.66740949129286, "params": {"gamma": 7.8807074621719, "prior": 6.068366841630134, "rate": 9.80334851848814}, "datetime": {"datetime": "2024-06-14 10:30:30", "elapsed": 5.662694, "delta": 0.009973}}
{"target": -167.39152071335198, "params": {"gamma": 2.2246095521182263, "prior": 4.716038094249078, "rate": 8.956522384191866}, "datetime": {"datetime": "2024-06-14 10:30:30", "elapsed": 5.671671, "delta": 0.008977}}
{"target": -315.4968386239969, "params": {"gamma": 6.014732663578183, "prior": 7.286992573903269, "rate": 4.137287971849402}, "datetime": {"datetime": "2024-06-14 10:30:30", "elapsed": 5.680646, "delta": 0.008975}}
{"target": -359.95338770865914, "params": {"gamma": 6.843411908691368, "prior": 9.465944795490875, "rate": 2.0026604713274816}, "datetime": {"datetime": "2024-06-14 10:30:30", "elapsed": 5.689622, "delta": 0.008976}}
{"target": -435.16761878833177, "params": {"gamma": 8.073845273509328, "prior": 9.698426319788975, "rate": 0.146672748901554}, "datetime": {"datetime": "2024-06-14 10:30:30", "elapsed": 5.698598, "delta": 0.008976}}
{"target": -174.50450997576993, "params": {"gamma": 2.152880656357681, "prior": 1.2620315110999845, "rate": 7.674467753896792}, "datetime": {"datetime": "2024-06-14 10:30:30", "elapsed": 5.708571, "delta": 0.009973}}
{"target": -147.07370560225306, "params": {"gamma": 0.8130846428413901, "prior": 9.984294230049985, "rate": 3.8967305467771722}, "datetime": {"datetime": "2024-06-14 10:30:30", "elapsed": 5.717548, "delta": 0.008977}}
{"target": -473.9068738360276, "params": {"gamma": 9.05212245656447, "prior": 1.9669182746447318, "rate": 4.409281126023087}, "datetime": {"datetime": "2024-06-14 10:30:30", "elapsed": 5.726381, "delta": 0.008833}}
{"target": -422.9898878380446, "params": {"gamma": 8.448273378243028, "prior": 5.993170828665236, "rate": 4.6221188088168805}, "datetime": {"datetime": "2024-06-14 10:30:30", "elapsed": 5.735357, "delta": 0.008976}}
{"target": -276.75323187147313, "params": {"gamma": 5.12698481782442, "prior": 5.781466716234239, "rate": 4.403751756648346}, "datetime": {"datetime": "2024-06-14 10:30:30", "elapsed": 5.744333, "delta": 0.008976}}
{"target": -160.01137445597203, "params": {"gamma": 1.936396018280381, "prior": 1.2282610384459451, "rate": 1.5131280457741099}, "datetime": {"datetime": "2024-06-14 10:30:30", "elapsed": 5.753308, "delta": 0.008975}}
{"target": -141.29316793925503, "params": {"gamma": 0.5258571475674859, "prior": 5.630896469529952, "rate": 8.47736241934607}, "datetime": {"datetime": "2024-06-14 10:30:30", "elapsed": 5.762284, "delta": 0.008976}}
{"target": -228.48398480393388, "params": {"gamma": 3.5918342699021832, "prior": 0.8455776390945964, "rate": 4.257818395439178}, "datetime": {"datetime": "2024-06-14 10:30:30", "elapsed": 5.771261, "delta": 0.008977}}
{"target": -321.96434219539117, "params": {"gamma": 6.020476376881542, "prior": 4.311494309198812, "rate": 8.107401614840093}, "datetime": {"datetime": "2024-06-14 10:30:30", "elapsed": 5.780237, "delta": 0.008976}}
{"target": -467.75720371163226, "params": {"gamma": 9.418920575620866, "prior": 8.71211665535671, "rate": 7.040290983300606}, "datetime": {"datetime": "2024-06-14 10:30:30", "elapsed": 5.789213, "delta": 0.008976}}
{"target": -288.4512835870849, "params": {"gamma": 4.7035189488969715, "prior": 6.858710624742188, "rate": 0.13516968725473882}, "datetime": {"datetime": "2024-06-14 10:30:30", "elapsed": 5.798189, "delta": 0.008976}}
{"target": -543.3522417743062, "params": {"gamma": 9.824798706901937, "prior": 1.8035655851060701, "rate": 9.062697699220857}, "datetime": {"datetime": "2024-06-14 10:30:30", "elapsed": 5.807165, "delta": 0.008976}}
{"target": -406.79850936455875, "params": {"gamma": 8.071291906759395, "prior": 8.02138287543118, "rate": 2.690091641792864}, "datetime": {"datetime": "2024-06-14 10:30:30", "elapsed": 5.816175, "delta": 0.00901}}
{"target": -166.53115975442844, "params": {"gamma": 2.1923189037668234, "prior": 4.345126859849478, "rate": 8.493861636205818}, "datetime": {"datetime": "2024-06-14 10:30:30", "elapsed": 5.826114, "delta": 0.009939}}
{"target": -257.01351846910154, "params": {"gamma": 4.5043460450747315, "prior": 9.360659128669912, "rate": 3.5274405931901285}, "datetime": {"datetime": "2024-06-14 10:30:30", "elapsed": 5.83509, "delta": 0.008976}}
{"target": -322.6566344347537, "params": {"gamma": 6.194302264801901, "prior": 9.808920459922224, "rate": 6.434981759885809}, "datetime": {"datetime": "2024-06-14 10:30:30", "elapsed": 5.844066, "delta": 0.008976}}
{"target": -143.4176361765062, "params": {"gamma": 0.45593666218999723, "prior": 4.6892152004219465, "rate": 3.348178685792924}, "datetime": {"datetime": "2024-06-14 10:30:30", "elapsed": 5.853042, "delta": 0.008976}}
{"target": -288.89515513613156, "params": {"gamma": 5.322283303668225, "prior": 2.9189874652700007, "rate": 1.223490041069798}, "datetime": {"datetime": "2024-06-14 10:30:30", "elapsed": 5.862018, "delta": 0.008976}}
{"target": -347.2616912509223, "params": {"gamma": 6.683221598519268, "prior": 6.845461573423933, "rate": 8.671525860690885}, "datetime": {"datetime": "2024-06-14 10:30:30", "elapsed": 5.870994, "delta": 0.008976}}
{"target": -148.5812938868469, "params": {"gamma": 1.3246825541338114, "prior": 8.006341051952507, "rate": 8.267860615312884}, "datetime": {"datetime": "2024-06-14 10:30:30", "elapsed": 5.87997, "delta": 0.008976}}
{"target": -336.9739969239124, "params": {"gamma": 6.465852807575769, "prior": 2.128729243228275, "rate": 2.6149457233439732}, "datetime": {"datetime": "2024-06-14 10:30:30", "elapsed": 5.888947, "delta": 0.008977}}
{"target": -237.60206540936585, "params": {"gamma": 4.185549678574218, "prior": 5.46381082054904, "rate": 4.774902117966579}, "datetime": {"datetime": "2024-06-14 10:30:30", "elapsed": 5.898919, "delta": 0.009972}}
{"target": -257.3660918670543, "params": {"gamma": 4.67513146056165, "prior": 8.414423030956907, "rate": 8.70115355071037}, "datetime": {"datetime": "2024-06-14 10:30:31", "elapsed": 5.907895, "delta": 0.008976}}
{"target": -409.3420269781001, "params": {"gamma": 8.16772288980329, "prior": 8.790234044483526, "rate": 5.710516610608794}, "datetime": {"datetime": "2024-06-14 10:30:31", "elapsed": 5.916872, "delta": 0.008977}}
{"target": -481.2031044796133, "params": {"gamma": 9.64039729725748, "prior": 6.104789047679629, "rate": 6.039873463055735}, "datetime": {"datetime": "2024-06-14 10:30:31", "elapsed": 5.925847, "delta": 0.008975}}
{"target": -221.3891727649572, "params": {"gamma": 3.193658073009114, "prior": 6.843921422758488, "rate": 0.5206049193651046}, "datetime": {"datetime": "2024-06-14 10:30:31", "elapsed": 5.934823, "delta": 0.008976}}
{"target": -149.1974320968433, "params": {"gamma": 1.3463296636984106, "prior": 1.3893974589703744, "rate": 6.5523576709601326}, "datetime": {"datetime": "2024-06-14 10:30:31", "elapsed": 5.943799, "delta": 0.008976}}
{"target": -169.9050259565753, "params": {"gamma": 1.7541505851216117, "prior": 3.4773535501903177, "rate": 0.44407224667521283}, "datetime": {"datetime": "2024-06-14 10:30:31", "elapsed": 5.953773, "delta": 0.009974}}
{"target": -176.26516625779783, "params": {"gamma": 2.33810986680499, "prior": 9.645820816008012, "rate": 5.091884885761161}, "datetime": {"datetime": "2024-06-14 10:30:31", "elapsed": 5.962749, "delta": 0.008976}}
{"target": -150.03558951024272, "params": {"gamma": 1.5115941101958479, "prior": 5.277784464171196, "rate": 9.435150329726897}, "datetime": {"datetime": "2024-06-14 10:30:31", "elapsed": 5.972722, "delta": 0.009973}}
{"target": -431.80623023439915, "params": {"gamma": 8.656994454049334, "prior": 3.98145210241083, "rate": 2.8393912922180533}, "datetime": {"datetime": "2024-06-14 10:30:31", "elapsed": 5.985689, "delta": 0.012967}}
{"target": -387.87955987491495, "params": {"gamma": 7.617536897064726, "prior": 2.4807948155505692, "rate": 2.5430693142188665}, "datetime": {"datetime": "2024-06-14 10:30:31", "elapsed": 5.994664, "delta": 0.008975}}
{"target": -146.24958359900145, "params": {"gamma": 0.841779455445115, "prior": 8.655026538163867, "rate": 4.4795412572871784}, "datetime": {"datetime": "2024-06-14 10:30:31", "elapsed": 6.004638, "delta": 0.009974}}
{"target": -298.0374380661651, "params": {"gamma": 5.618300819839127, "prior": 7.393438481165847, "rate": 7.965092182444826}, "datetime": {"datetime": "2024-06-14 10:30:31", "elapsed": 6.013613, "delta": 0.008975}}
{"target": -265.1665811480721, "params": {"gamma": 4.475633881764149, "prior": 1.9228628061404038, "rate": 8.287499782431489}, "datetime": {"datetime": "2024-06-14 10:30:31", "elapsed": 6.023586, "delta": 0.009973}}
{"target": -143.91110299063047, "params": {"gamma": 0.3109486003227299, "prior": 9.47260986911873, "rate": 5.770201486928539}, "datetime": {"datetime": "2024-06-14 10:30:31", "elapsed": 6.032562, "delta": 0.008976}}
{"target": -435.0894468344877, "params": {"gamma": 8.754011995768419, "prior": 6.124797826038231, "rate": 2.5173441819390847}, "datetime": {"datetime": "2024-06-14 10:30:31", "elapsed": 6.042535, "delta": 0.009973}}
{"target": -191.12216936499698, "params": {"gamma": 2.962003105035548, "prior": 5.375933334413366, "rate": 9.620820050258088}, "datetime": {"datetime": "2024-06-14 10:30:31", "elapsed": 6.051512, "delta": 0.008977}}
{"target": -161.36057318742849, "params": {"gamma": 1.8457715492972864, "prior": 5.147993943616779, "rate": 3.4385372462650072}, "datetime": {"datetime": "2024-06-14 10:30:31", "elapsed": 6.060487, "delta": 0.008975}}
{"target": -388.38988881403515, "params": {"gamma": 7.697483724226901, "prior": 8.048378215680998, "rate": 4.246174543111865}, "datetime": {"datetime": "2024-06-14 10:30:31", "elapsed": 6.069464, "delta": 0.008977}}
{"target": -163.3745734620302, "params": {"gamma": 2.042020877443364, "prior": 0.7641856572556677, "rate": 1.9872839959411943}, "datetime": {"datetime": "2024-06-14 10:30:31", "elapsed": 6.079437, "delta": 0.009973}}
{"target": -182.55357096527663, "params": {"gamma": 2.7247361004436925, "prior": 6.028010287301183, "rate": 8.730961889247082}, "datetime": {"datetime": "2024-06-14 10:30:31", "elapsed": 6.088413, "delta": 0.008976}}
{"target": -149.96479495020918, "params": {"gamma": 1.2831811575160175, "prior": 9.58606854297747, "rate": 6.832025267697611}, "datetime": {"datetime": "2024-06-14 10:30:31", "elapsed": 6.097389, "delta": 0.008976}}
{"target": -377.22720643941955, "params": {"gamma": 7.419900392548125, "prior": 9.830519780617808, "rate": 4.161591625408803}, "datetime": {"datetime": "2024-06-14 10:30:31", "elapsed": 6.10749, "delta": 0.010101}}
{"target": -284.7739570878777, "params": {"gamma": 5.316303075493122, "prior": 6.824208206937614, "rate": 5.129238550757324}, "datetime": {"datetime": "2024-06-14 10:30:31", "elapsed": 6.117464, "delta": 0.009974}}
{"target": -194.31155395694543, "params": {"gamma": 2.991824334263695, "prior": 1.143308260027389, "rate": 2.8500365250757254}, "datetime": {"datetime": "2024-06-14 10:30:31", "elapsed": 6.12644, "delta": 0.008976}}
{"target": -393.70799690204416, "params": {"gamma": 7.688759630029292, "prior": 6.443748774073277, "rate": 8.013505701328722}, "datetime": {"datetime": "2024-06-14 10:30:31", "elapsed": 6.136139, "delta": 0.009699}}
{"target": -287.8010429297645, "params": {"gamma": 5.171688199172296, "prior": 2.3977902162787172, "rate": 6.279991307892046}, "datetime": {"datetime": "2024-06-14 10:30:31", "elapsed": 6.145325, "delta": 0.009186}}
{"target": -230.92164754166023, "params": {"gamma": 3.040750894733009, "prior": 0.39233457492600754, "rate": 9.03340843699194}, "datetime": {"datetime": "2024-06-14 10:30:31", "elapsed": 6.153809, "delta": 0.008484}}
{"target": -239.524569208002, "params": {"gamma": 4.2042753184590484, "prior": 4.318694726204651, "rate": 7.412776101583259}, "datetime": {"datetime": "2024-06-14 10:30:31", "elapsed": 6.162784, "delta": 0.008975}}
{"target": -493.61891200539145, "params": {"gamma": 9.484635584653631, "prior": 0.8179037276500872, "rate": 1.7278381802346168}, "datetime": {"datetime": "2024-06-14 10:30:31", "elapsed": 6.172758, "delta": 0.009974}}
{"target": -201.09591552445752, "params": {"gamma": 3.224252533837974, "prior": 2.5594000386689704, "rate": 4.9554543186305695}, "datetime": {"datetime": "2024-06-14 10:30:31", "elapsed": 6.181734, "delta": 0.008976}}
{"target": -413.1108080020873, "params": {"gamma": 8.244771648366036, "prior": 8.55432690792754, "rate": 5.958703590644958}, "datetime": {"datetime": "2024-06-14 10:30:31", "elapsed": 6.19071, "delta": 0.008976}}
{"target": -177.676225522221, "params": {"gamma": 2.4024971645768356, "prior": 1.9462776138995845, "rate": 7.434161733507989}, "datetime": {"datetime": "2024-06-14 10:30:31", "elapsed": 6.201681, "delta": 0.010971}}
{"target": -171.5507281952639, "params": {"gamma": 2.372903362377833, "prior": 5.440959820172842, "rate": 7.493058590484791}, "datetime": {"datetime": "2024-06-14 10:30:31", "elapsed": 6.210656, "delta": 0.008975}}
{"target": -182.3466646549765, "params": {"gamma": 2.283262797049244, "prior": 1.8275617569701659, "rate": 0.39831713007193664}, "datetime": {"datetime": "2024-06-14 10:30:31", "elapsed": 6.219632, "delta": 0.008976}}
{"target": -162.85582946352187, "params": {"gamma": 1.4765408081617755, "prior": 8.52924517877521, "rate": 1.0472544815378406}, "datetime": {"datetime": "2024-06-14 10:30:31", "elapsed": 6.229606, "delta": 0.009974}}
{"target": -189.29703226592306, "params": {"gamma": 2.2372268102276505, "prior": 0.4242962774851736, "rate": 6.763889997877335}, "datetime": {"datetime": "2024-06-14 10:30:31", "elapsed": 6.238582, "delta": 0.008976}}
{"target": -179.87686145155197, "params": {"gamma": 2.317799711505731, "prior": 4.194558006237466, "rate": 1.393872412065944}, "datetime": {"datetime": "2024-06-14 10:30:31", "elapsed": 6.247559, "delta": 0.008977}}
{"target": -220.74696870722735, "params": {"gamma": 3.772795658827454, "prior": 4.301930915772191, "rate": 4.730176553648271}, "datetime": {"datetime": "2024-06-14 10:30:31", "elapsed": 6.256534, "delta": 0.008975}}
{"target": -264.38818015792026, "params": {"gamma": 4.228995288573093, "prior": 1.1172899823542268, "rate": 7.72603008604881}, "datetime": {"datetime": "2024-06-14 10:30:31", "elapsed": 6.266507, "delta": 0.009973}}
{"target": -152.1296640369547, "params": {"gamma": 1.3729228288956241, "prior": 4.300494505825538, "rate": 2.7202891684153423}, "datetime": {"datetime": "2024-06-14 10:30:31", "elapsed": 6.276481, "delta": 0.009974}}
{"target": -194.45870179855714, "params": {"gamma": 3.0107784228559833, "prior": 6.756965648605682, "rate": 5.178349451410332}, "datetime": {"datetime": "2024-06-14 10:30:31", "elapsed": 6.285463, "delta": 0.008982}}
{"target": -162.1832522026858, "params": {"gamma": 1.9016804177489257, "prior": 4.744430954350433, "rate": 3.396069147094239}, "datetime": {"datetime": "2024-06-14 10:30:31", "elapsed": 6.294435, "delta": 0.008972}}
{"target": -386.8319788569527, "params": {"gamma": 7.045267485283013, "prior": 2.338342504082235, "rate": 8.450036385446094}, "datetime": {"datetime": "2024-06-14 10:30:31", "elapsed": 6.303411, "delta": 0.008976}}
{"target": -284.802765820982, "params": {"gamma": 5.262770419251413, "prior": 5.056133771938582, "rate": 2.537604383069914}, "datetime": {"datetime": "2024-06-14 10:30:31", "elapsed": 6.317374, "delta": 0.013963}}
{"target": -157.80401374519204, "params": {"gamma": 1.8623705416969032, "prior": 4.771008721102208, "rate": 9.818262353834747}, "datetime": {"datetime": "2024-06-14 10:30:31", "elapsed": 6.327932, "delta": 0.010558}}
{"target": -146.95735980265724, "params": {"gamma": 1.3299294703806088, "prior": 2.9062780810377657, "rate": 8.006611101660276}, "datetime": {"datetime": "2024-06-14 10:30:31", "elapsed": 6.336908, "delta": 0.008976}}
{"target": -344.2704338651919, "params": {"gamma": 6.648104208209039, "prior": 2.859708246065027, "rate": 3.1471614201443434}, "datetime": {"datetime": "2024-06-14 10:30:31", "elapsed": 6.345885, "delta": 0.008977}}
{"target": -237.78309624855774, "params": {"gamma": 4.200062595764889, "prior": 6.067588946198732, "rate": 7.193668333443535}, "datetime": {"datetime": "2024-06-14 10:30:31", "elapsed": 6.355452, "delta": 0.009567}}
{"target": -428.1235573214854, "params": {"gamma": 8.573146034178855, "prior": 6.843003557538256, "rate": 2.370583662652512}, "datetime": {"datetime": "2024-06-14 10:30:31", "elapsed": 6.364428, "delta": 0.008976}}
{"target": -457.17059401912115, "params": {"gamma": 9.257279632827263, "prior": 7.833834466690084, "rate": 3.0745074227980154}, "datetime": {"datetime": "2024-06-14 10:30:31", "elapsed": 6.373989, "delta": 0.009561}}
{"target": -211.84847291666955, "params": {"gamma": 3.0503514507789897, "prior": 8.823566352446155, "rate": 1.2616587254915876}, "datetime": {"datetime": "2024-06-14 10:30:31", "elapsed": 6.382965, "delta": 0.008976}}
{"target": -345.68082013171926, "params": {"gamma": 6.334974881523022, "prior": 2.8493560514869, "rate": 8.272176051067923}, "datetime": {"datetime": "2024-06-14 10:30:31", "elapsed": 6.391941, "delta": 0.008976}}
{"target": -228.10385904477545, "params": {"gamma": 3.645869952111327, "prior": 7.360324335241457, "rate": 1.9249864862469743}, "datetime": {"datetime": "2024-06-14 10:30:31", "elapsed": 6.400918, "delta": 0.008977}}
{"target": -266.65241344813205, "params": {"gamma": 4.814977529509854, "prior": 8.05558680166717, "rate": 3.9704851285120673}, "datetime": {"datetime": "2024-06-14 10:30:31", "elapsed": 6.409893, "delta": 0.008975}}
