{"target": -338.66198071684073, "params": {"gamma": 3.622798839194582, "prior": 8.091186697583844, "rate": 0.3607736956187603}, "datetime": {"datetime": "2024-06-14 04:07:32", "elapsed": 7.59245, "delta": 0.009974}}
{"target": -276.48039125534865, "params": {"gamma": 3.584594051008626, "prior": 6.41895351934156, "rate": 1.4308980910737081}, "datetime": {"datetime": "2024-06-14 04:07:32", "elapsed": 7.601426, "delta": 0.008976}}
{"target": -622.0820130379932, "params": {"gamma": 8.577528406499894, "prior": 6.491087641906984, "rate": 1.1538189613747907}, "datetime": {"datetime": "2024-06-14 04:07:32", "elapsed": 7.610969, "delta": 0.009543}}
{"target": -166.05965158530856, "params": {"gamma": 2.081766002579473, "prior": 7.48043347440683, "rate": 4.034662876713395}, "datetime": {"datetime": "2024-06-14 04:07:32", "elapsed": 7.620942, "delta": 0.009973}}
{"target": -375.9408040473785, "params": {"gamma": 4.84521613942412, "prior": 8.885805272920003, "rate": 1.3752980526926846}, "datetime": {"datetime": "2024-06-14 04:07:32", "elapsed": 7.629918, "delta": 0.008976}}
{"target": -408.86134137202504, "params": {"gamma": 9.64376360106379, "prior": 0.5220338497861409, "rate": 0.9953031322915933}, "datetime": {"datetime": "2024-06-14 04:07:32", "elapsed": 7.639891, "delta": 0.009973}}
{"target": -169.35422861496804, "params": {"gamma": 2.2331610709734946, "prior": 8.08519231437909, "rate": 4.559272200887655}, "datetime": {"datetime": "2024-06-14 04:07:32", "elapsed": 7.648867, "delta": 0.008976}}
{"target": -304.1964737722575, "params": {"gamma": 6.5328581714709335, "prior": 1.8257792614463888, "rate": 1.668052607332356}, "datetime": {"datetime": "2024-06-14 04:07:32", "elapsed": 7.658421, "delta": 0.009554}}
{"target": -286.6651304480444, "params": {"gamma": 5.208962557197339, "prior": 7.428906989274194, "rate": 4.62528217768507}, "datetime": {"datetime": "2024-06-14 04:07:32", "elapsed": 7.668394, "delta": 0.009973}}
{"target": -539.8440814704206, "params": {"gamma": 8.696271237126007, "prior": 6.638078153239339, "rate": 2.4916517944308763}, "datetime": {"datetime": "2024-06-14 04:07:32", "elapsed": 7.677371, "delta": 0.008977}}
{"target": -150.4614910420663, "params": {"gamma": 2.3497873058002465, "prior": 3.8030624969839892, "rate": 7.566403946905877}, "datetime": {"datetime": "2024-06-14 04:07:32", "elapsed": 7.687344, "delta": 0.009973}}
{"target": -613.5711483899499, "params": {"gamma": 9.379438705433513, "prior": 8.632869393256446, "rate": 2.6168463160365345}, "datetime": {"datetime": "2024-06-14 04:07:32", "elapsed": 7.697317, "delta": 0.009973}}
{"target": -215.7710348050933, "params": {"gamma": 4.12337700085772, "prior": 6.154286584558183, "rate": 5.468797723702268}, "datetime": {"datetime": "2024-06-14 04:07:32", "elapsed": 7.707291, "delta": 0.009974}}
{"target": -258.18581660124596, "params": {"gamma": 3.893360179144248, "prior": 1.1040656911246396, "rate": 7.122735799168159}, "datetime": {"datetime": "2024-06-14 04:07:32", "elapsed": 7.716267, "delta": 0.008976}}
{"target": -130.56474984591614, "params": {"gamma": 0.8822635040904132, "prior": 8.674166550799823, "rate": 8.634620954886014}, "datetime": {"datetime": "2024-06-14 04:07:32", "elapsed": 7.72624, "delta": 0.009973}}
{"target": -300.1482891663845, "params": {"gamma": 7.084799464362212, "prior": 4.915603280696092, "rate": 6.991766507563753}, "datetime": {"datetime": "2024-06-14 04:07:32", "elapsed": 7.735216, "delta": 0.008976}}
{"target": -204.94015134257862, "params": {"gamma": 3.950475613957549, "prior": 7.995210244504152, "rate": 7.864384405716199}, "datetime": {"datetime": "2024-06-14 04:07:32", "elapsed": 7.74519, "delta": 0.009974}}
{"target": -135.74907759300118, "params": {"gamma": 1.5561303101523432, "prior": 3.246393748470918, "rate": 3.4404877846831172}, "datetime": {"datetime": "2024-06-14 04:07:32", "elapsed": 7.754165, "delta": 0.008975}}
{"target": -326.119199059545, "params": {"gamma": 3.6423388162366046, "prior": 5.709791011210197, "rate": 0.4178327377603575}, "datetime": {"datetime": "2024-06-14 04:07:32", "elapsed": 7.764169, "delta": 0.010004}}
{"target": -297.2138746235735, "params": {"gamma": 6.600037219920028, "prior": 2.09615441466068, "rate": 4.165209099174909}, "datetime": {"datetime": "2024-06-14 04:07:32", "elapsed": 7.773114, "delta": 0.008945}}
{"target": -220.03061417789277, "params": {"gamma": 4.5094756723505, "prior": 3.552395018521695, "rate": 3.8334198209699974}, "datetime": {"datetime": "2024-06-14 04:07:32", "elapsed": 7.782648, "delta": 0.009534}}
{"target": -156.55513427649586, "params": {"gamma": 1.8038803024167458, "prior": 0.7744875682013366, "rate": 5.513015232709581}, "datetime": {"datetime": "2024-06-14 04:07:32", "elapsed": 7.791654, "delta": 0.009006}}
{"target": -262.5460011598713, "params": {"gamma": 5.959073589220895, "prior": 1.5404479132949174, "rate": 2.310186141512919}, "datetime": {"datetime": "2024-06-14 04:07:32", "elapsed": 7.801598, "delta": 0.009944}}
{"target": -243.93599199471421, "params": {"gamma": 2.864484938242287, "prior": 8.324438532353815, "rate": 1.535055990682961}, "datetime": {"datetime": "2024-06-14 04:07:32", "elapsed": 7.811572, "delta": 0.009974}}
{"target": -304.9177254432824, "params": {"gamma": 5.521835936727261, "prior": 5.724583205152705, "rate": 3.434857510993614}, "datetime": {"datetime": "2024-06-14 04:07:32", "elapsed": 7.820547, "delta": 0.008975}}
{"target": -216.88048731277266, "params": {"gamma": 3.5068212758802293, "prior": 9.595208973440103, "rate": 5.533886150645748}, "datetime": {"datetime": "2024-06-14 04:07:32", "elapsed": 7.830521, "delta": 0.009974}}
{"target": -281.91819135340967, "params": {"gamma": 6.527659277808647, "prior": 4.958327152799692, "rate": 6.466853166736234}, "datetime": {"datetime": "2024-06-14 04:07:32", "elapsed": 7.839496, "delta": 0.008975}}
{"target": -282.73993714087555, "params": {"gamma": 6.052902604285114, "prior": 1.5372155999089467, "rate": 3.3474706483130476}, "datetime": {"datetime": "2024-06-14 04:07:32", "elapsed": 7.848472, "delta": 0.008976}}
{"target": -238.6940152878885, "params": {"gamma": 4.604879500595876, "prior": 1.3654344499032103, "rate": 3.6313701627213772}, "datetime": {"datetime": "2024-06-14 04:07:32", "elapsed": 7.858446, "delta": 0.009974}}
{"target": -184.1076989994756, "params": {"gamma": 2.2821882012949293, "prior": 8.49027576247698, "rate": 3.4153993261329654}, "datetime": {"datetime": "2024-06-14 04:07:32", "elapsed": 7.868419, "delta": 0.009973}}
{"target": -147.14463548466136, "params": {"gamma": 2.268666417341983, "prior": 4.140995888237594, "rate": 6.830957412174848}, "datetime": {"datetime": "2024-06-14 04:07:32", "elapsed": 7.877395, "delta": 0.008976}}
{"target": -122.77766761065593, "params": {"gamma": 0.657154367615287, "prior": 1.889219214669599, "rate": 6.943375082298363}, "datetime": {"datetime": "2024-06-14 04:07:32", "elapsed": 7.887397, "delta": 0.010002}}
{"target": -315.0492593512929, "params": {"gamma": 7.522813791436128, "prior": 6.215767368139672, "rate": 8.792106406805418}, "datetime": {"datetime": "2024-06-14 04:07:32", "elapsed": 7.896345, "delta": 0.008948}}
{"target": -135.25359031134704, "params": {"gamma": 1.6888331005858586, "prior": 7.065122548794142, "rate": 9.172684330641006}, "datetime": {"datetime": "2024-06-14 04:07:32", "elapsed": 7.906318, "delta": 0.009973}}
{"target": -130.19766154071291, "params": {"gamma": 1.508245851371479, "prior": 2.5132633762221936, "rate": 5.467299036335953}, "datetime": {"datetime": "2024-06-14 04:07:32", "elapsed": 7.916291, "delta": 0.009973}}
{"target": -308.55891648721337, "params": {"gamma": 3.441849250422999, "prior": 6.937326899745702, "rate": 0.5766186166326498}, "datetime": {"datetime": "2024-06-14 04:07:32", "elapsed": 7.925267, "delta": 0.008976}}
{"target": -133.36497168095553, "params": {"gamma": 1.6084806590922747, "prior": 7.190759234148253, "rate": 9.706216365641005}, "datetime": {"datetime": "2024-06-14 04:07:32", "elapsed": 7.93524, "delta": 0.009973}}
{"target": -692.9641511217935, "params": {"gamma": 9.295574214746894, "prior": 9.020563234885856, "rate": 1.2783053957220292}, "datetime": {"datetime": "2024-06-14 04:07:32", "elapsed": 7.945214, "delta": 0.009974}}
{"target": -141.64412658734082, "params": {"gamma": 1.4601432517979631, "prior": 0.8154210924672393, "rate": 5.425859791214765}, "datetime": {"datetime": "2024-06-14 04:07:32", "elapsed": 7.95419, "delta": 0.008976}}
{"target": -360.2309280553315, "params": {"gamma": 8.824979242850812, "prior": 5.364739810662196, "rate": 7.817371138674004}, "datetime": {"datetime": "2024-06-14 04:07:32", "elapsed": 7.964163, "delta": 0.009973}}
{"target": -189.60055568370174, "params": {"gamma": 1.8853494153257044, "prior": 8.644801475646716, "rate": 1.8750602824827893}, "datetime": {"datetime": "2024-06-14 04:07:32", "elapsed": 7.973139, "delta": 0.008976}}
{"target": -130.7457391954937, "params": {"gamma": 0.548586496539166, "prior": 4.2727610032381715, "rate": 5.551489195654376}, "datetime": {"datetime": "2024-06-14 04:07:32", "elapsed": 7.983112, "delta": 0.009973}}
{"target": -459.83820148824657, "params": {"gamma": 9.707449353204424, "prior": 1.0083629510677956, "rate": 2.7399070142023203}, "datetime": {"datetime": "2024-06-14 04:07:32", "elapsed": 7.992088, "delta": 0.008976}}
{"target": -136.4051469033475, "params": {"gamma": 1.0519655837514126, "prior": 3.9653524037024024, "rate": 2.890821820794509}, "datetime": {"datetime": "2024-06-14 04:07:32", "elapsed": 8.002062, "delta": 0.009974}}
{"target": -259.0332528224272, "params": {"gamma": 5.133490194329599, "prior": 3.547741149332395, "rate": 9.28235195448276}, "datetime": {"datetime": "2024-06-14 04:07:32", "elapsed": 8.012036, "delta": 0.009974}}
{"target": -588.9918523629119, "params": {"gamma": 7.8996880160340215, "prior": 8.624012549278358, "rate": 1.2958799584830156}, "datetime": {"datetime": "2024-06-14 04:07:32", "elapsed": 8.025001, "delta": 0.012965}}
{"target": -318.5480129834655, "params": {"gamma": 5.751126599720151, "prior": 2.2263471052601016, "rate": 8.682517475837448}, "datetime": {"datetime": "2024-06-14 04:07:32", "elapsed": 8.037966, "delta": 0.012965}}
{"target": -142.66652098868394, "params": {"gamma": 0.15117919811248737, "prior": 1.1468677297875165, "rate": 3.761194698397609}, "datetime": {"datetime": "2024-06-14 04:07:32", "elapsed": 8.046942, "delta": 0.008976}}
{"target": -276.53276142529705, "params": {"gamma": 4.021536967025843, "prior": 2.8444788214889583, "rate": 0.9615339246006319}, "datetime": {"datetime": "2024-06-14 04:07:32", "elapsed": 8.056915, "delta": 0.009973}}
{"target": -125.61116507083781, "params": {"gamma": 1.1881853207208233, "prior": 3.2476530630886056, "rate": 9.507977547943128}, "datetime": {"datetime": "2024-06-14 04:07:32", "elapsed": 8.066889, "delta": 0.009974}}
{"target": -181.92878084189127, "params": {"gamma": 2.0748582416284203, "prior": 7.498075178486302, "rate": 2.5826284514108324}, "datetime": {"datetime": "2024-06-14 04:07:32", "elapsed": 8.075864, "delta": 0.008975}}
{"target": -128.48857125030315, "params": {"gamma": 0.37336531585223737, "prior": 0.2589168707539145, "rate": 1.5279066058805837}, "datetime": {"datetime": "2024-06-14 04:07:32", "elapsed": 8.085841, "delta": 0.009977}}
{"target": -229.33551578106233, "params": {"gamma": 4.621379845784425, "prior": 7.58342086562427, "rate": 7.2884205045195944}, "datetime": {"datetime": "2024-06-14 04:07:32", "elapsed": 8.094817, "delta": 0.008976}}
{"target": -183.99230060796023, "params": {"gamma": 3.524542035387884, "prior": 4.843478859752845, "rate": 8.140923460003277}, "datetime": {"datetime": "2024-06-14 04:07:32", "elapsed": 8.10479, "delta": 0.009973}}
{"target": -728.8320668634844, "params": {"gamma": 8.384190660883412, "prior": 3.2671753341380563, "rate": 0.043645919052664246}, "datetime": {"datetime": "2024-06-14 04:07:32", "elapsed": 8.113765, "delta": 0.008975}}
{"target": -147.07918181242835, "params": {"gamma": 0.4702615014191002, "prior": 7.404293038279442, "rate": 2.7270501784440078}, "datetime": {"datetime": "2024-06-14 04:07:32", "elapsed": 8.123739, "delta": 0.009974}}
{"target": -279.13649430011793, "params": {"gamma": 4.815376636054336, "prior": 2.0011095337083287, "rate": 8.471282047905861}, "datetime": {"datetime": "2024-06-14 04:07:32", "elapsed": 8.132715, "delta": 0.008976}}
{"target": -291.4970664694519, "params": {"gamma": 5.034272718755895, "prior": 5.318885739650387, "rate": 2.881507801269463}, "datetime": {"datetime": "2024-06-14 04:07:32", "elapsed": 8.142688, "delta": 0.009973}}
{"target": -400.1685221329001, "params": {"gamma": 5.120480307408566, "prior": 0.1194400892869483, "rate": 2.7736731083917574}, "datetime": {"datetime": "2024-06-14 04:07:32", "elapsed": 8.152662, "delta": 0.009974}}
{"target": -255.75367230802055, "params": {"gamma": 3.488281072400821, "prior": 2.9111137742614566, "rate": 0.8604363235466009}, "datetime": {"datetime": "2024-06-14 04:07:32", "elapsed": 8.161638, "delta": 0.008976}}
{"target": -240.2645065864145, "params": {"gamma": 5.2182903111313514, "prior": 7.9059434203978, "rate": 9.426041757646109}, "datetime": {"datetime": "2024-06-14 04:07:32", "elapsed": 8.171611, "delta": 0.009973}}
{"target": -298.33411106879277, "params": {"gamma": 4.973400631374519, "prior": 5.9781631977188905, "rate": 2.9093085181668954}, "datetime": {"datetime": "2024-06-14 04:07:32", "elapsed": 8.181585, "delta": 0.009974}}
{"target": -138.97740822974447, "params": {"gamma": 1.492445929692968, "prior": 1.4055297382115668, "rate": 7.323875397919708}, "datetime": {"datetime": "2024-06-14 04:07:32", "elapsed": 8.190561, "delta": 0.008976}}
{"target": -334.23987050137924, "params": {"gamma": 7.344959884063995, "prior": 1.8755651647026885, "rate": 4.136190237378143}, "datetime": {"datetime": "2024-06-14 04:07:32", "elapsed": 8.200535, "delta": 0.009974}}
{"target": -365.9298809858791, "params": {"gamma": 5.941849134587504, "prior": 1.3402912672428726, "rate": 7.85390412973879}, "datetime": {"datetime": "2024-06-14 04:07:33", "elapsed": 8.20951, "delta": 0.008975}}
{"target": -275.84840796513777, "params": {"gamma": 6.20030204099907, "prior": 6.190694745933699, "rate": 7.012379711094405}, "datetime": {"datetime": "2024-06-14 04:07:33", "elapsed": 8.219483, "delta": 0.009973}}
{"target": -398.3044839367791, "params": {"gamma": 9.871843637581678, "prior": 5.667705113976064, "rate": 8.644298200721781}, "datetime": {"datetime": "2024-06-14 04:07:33", "elapsed": 8.22846, "delta": 0.008977}}
{"target": -203.9841159226076, "params": {"gamma": 4.187668041896602, "prior": 6.5792465771516, "rate": 9.252686617399803}, "datetime": {"datetime": "2024-06-14 04:07:33", "elapsed": 8.238432, "delta": 0.009972}}
{"target": -299.2150298702462, "params": {"gamma": 6.64184400562511, "prior": 3.1004986918363557, "rate": 6.199836992922438}, "datetime": {"datetime": "2024-06-14 04:07:33", "elapsed": 8.247408, "delta": 0.008976}}
{"target": -185.19370108624534, "params": {"gamma": 3.5138318852615673, "prior": 3.2914300838307535, "rate": 6.102440382404956}, "datetime": {"datetime": "2024-06-14 04:07:33", "elapsed": 8.257382, "delta": 0.009974}}
{"target": -131.797517229882, "params": {"gamma": 1.6040719966518822, "prior": 4.918715464001758, "rate": 9.456397215578926}, "datetime": {"datetime": "2024-06-14 04:07:33", "elapsed": 8.267355, "delta": 0.009973}}
{"target": -203.86685060720237, "params": {"gamma": 3.839758505543401, "prior": 1.9707296731335333, "rate": 4.688920657472168}, "datetime": {"datetime": "2024-06-14 04:07:33", "elapsed": 8.276331, "delta": 0.008976}}
{"target": -368.4807063590472, "params": {"gamma": 8.409237406703872, "prior": 8.442410453690822, "rate": 8.278204591352763}, "datetime": {"datetime": "2024-06-14 04:07:33", "elapsed": 8.286305, "delta": 0.009974}}
{"target": -145.18698105371965, "params": {"gamma": 0.11574365054552785, "prior": 2.7436990682901228, "rate": 9.99875799995505}, "datetime": {"datetime": "2024-06-14 04:07:33", "elapsed": 8.295281, "delta": 0.008976}}
{"target": -126.20371921530952, "params": {"gamma": 1.1977130886476726, "prior": 4.951886011267569, "rate": 7.900471479876251}, "datetime": {"datetime": "2024-06-14 04:07:33", "elapsed": 8.305255, "delta": 0.009974}}
{"target": -137.992606991149, "params": {"gamma": 1.223016887028468, "prior": 6.657850888843354, "rate": 4.881316374767721}, "datetime": {"datetime": "2024-06-14 04:07:33", "elapsed": 8.315227, "delta": 0.009972}}
{"target": -193.61560528662952, "params": {"gamma": 1.9437055308797813, "prior": 8.798437263168932, "rate": 1.8156924881797458}, "datetime": {"datetime": "2024-06-14 04:07:33", "elapsed": 8.324203, "delta": 0.008976}}
{"target": -318.66112220404625, "params": {"gamma": 6.390889540088459, "prior": 7.434186094159498, "rate": 5.6271661930456895}, "datetime": {"datetime": "2024-06-14 04:07:33", "elapsed": 8.334176, "delta": 0.009973}}
{"target": -299.81588789994805, "params": {"gamma": 6.288786844403314, "prior": 1.2777574265578442, "rate": 3.0810618335582585}, "datetime": {"datetime": "2024-06-14 04:07:33", "elapsed": 8.343152, "delta": 0.008976}}
{"target": -261.7316324362782, "params": {"gamma": 5.870035110089563, "prior": 4.015090791444363, "rate": 6.639796868246575}, "datetime": {"datetime": "2024-06-14 04:07:33", "elapsed": 8.353126, "delta": 0.009974}}
{"target": -479.38630143654746, "params": {"gamma": 8.519694493398179, "prior": 1.9831986841906173, "rate": 9.032823736002479}, "datetime": {"datetime": "2024-06-14 04:07:33", "elapsed": 8.363099, "delta": 0.009973}}
{"target": -222.70737777044127, "params": {"gamma": 3.8323753284605018, "prior": 9.43693087420972, "rate": 6.174205747936627}, "datetime": {"datetime": "2024-06-14 04:07:33", "elapsed": 8.372075, "delta": 0.008976}}
{"target": -344.5718327859511, "params": {"gamma": 7.901165115937855, "prior": 5.1962767408949375, "rate": 5.311915799238696}, "datetime": {"datetime": "2024-06-14 04:07:33", "elapsed": 8.382049, "delta": 0.009974}}
{"target": -188.91009064981478, "params": {"gamma": 3.276611393760953, "prior": 1.3807106015508195, "rate": 3.8388352966923764}, "datetime": {"datetime": "2024-06-14 04:07:33", "elapsed": 8.391025, "delta": 0.008976}}
{"target": -169.61100003059835, "params": {"gamma": 2.1505498314359848, "prior": 0.4253660332309741, "rate": 2.7495934114227696}, "datetime": {"datetime": "2024-06-14 04:07:33", "elapsed": 8.400998, "delta": 0.009973}}
{"target": -207.94757397188923, "params": {"gamma": 1.8065799506159026, "prior": 8.767750118877416, "rate": 0.8132843877516185}, "datetime": {"datetime": "2024-06-14 04:07:33", "elapsed": 8.410972, "delta": 0.009974}}
{"target": -138.2614802509063, "params": {"gamma": 1.8397720952197505, "prior": 7.069903885809709, "rate": 9.192339684311714}, "datetime": {"datetime": "2024-06-14 04:07:33", "elapsed": 8.419947, "delta": 0.008975}}
{"target": -223.71275934424477, "params": {"gamma": 2.515333063867109, "prior": 0.3108812014676776, "rate": 9.605084223078242}, "datetime": {"datetime": "2024-06-14 04:07:33", "elapsed": 8.429921, "delta": 0.009974}}
{"target": -291.72339177394383, "params": {"gamma": 6.8225241840990325, "prior": 3.175560691032173, "rate": 4.724262048710183}, "datetime": {"datetime": "2024-06-14 04:07:33", "elapsed": 8.439894, "delta": 0.009973}}
{"target": -284.37095611293006, "params": {"gamma": 5.992959482913756, "prior": 3.801298863446888, "rate": 8.74500347841515}, "datetime": {"datetime": "2024-06-14 04:07:33", "elapsed": 8.44887, "delta": 0.008976}}
{"target": -456.63015598159996, "params": {"gamma": 7.261999710487967, "prior": 9.547972975779691, "rate": 3.5113041629592687}, "datetime": {"datetime": "2024-06-14 04:07:33", "elapsed": 8.458843, "delta": 0.009973}}
{"target": -378.955639127463, "params": {"gamma": 9.37180371312909, "prior": 4.843095684834866, "rate": 6.423584063846066}, "datetime": {"datetime": "2024-06-14 04:07:33", "elapsed": 8.468817, "delta": 0.009974}}
{"target": -424.6727369536613, "params": {"gamma": 7.36673540034412, "prior": 8.112445893156233, "rate": 3.963197413459656}, "datetime": {"datetime": "2024-06-14 04:07:33", "elapsed": 8.477794, "delta": 0.008977}}
{"target": -229.54021612914454, "params": {"gamma": 4.480011839169197, "prior": 8.191042558516232, "rate": 7.175854473706459}, "datetime": {"datetime": "2024-06-14 04:07:33", "elapsed": 8.487766, "delta": 0.009972}}
{"target": -677.1776583847791, "params": {"gamma": 9.408551244537064, "prior": 9.798018927036628, "rate": 1.7899544503221003}, "datetime": {"datetime": "2024-06-14 04:07:33", "elapsed": 8.497739, "delta": 0.009973}}
{"target": -152.10153816851553, "params": {"gamma": 2.2799661987157394, "prior": 7.188265828062564, "rate": 7.474079963807781}, "datetime": {"datetime": "2024-06-14 04:07:33", "elapsed": 8.506715, "delta": 0.008976}}
{"target": -408.23281756606394, "params": {"gamma": 6.032192362771022, "prior": 8.785267665792963, "rate": 2.5206526306452743}, "datetime": {"datetime": "2024-06-14 04:07:33", "elapsed": 8.516688, "delta": 0.009973}}
{"target": -207.22373442569102, "params": {"gamma": 3.3955344555736273, "prior": 4.997003796258398, "rate": 3.150955862596707}, "datetime": {"datetime": "2024-06-14 04:07:33", "elapsed": 8.525665, "delta": 0.008977}}
{"target": -362.72942812323595, "params": {"gamma": 5.454845454328703, "prior": 6.856532985049649, "rate": 2.2044486446357947}, "datetime": {"datetime": "2024-06-14 04:07:33", "elapsed": 8.535638, "delta": 0.009973}}
{"target": -326.0586214703919, "params": {"gamma": 4.853889202229838, "prior": 9.930515440611035, "rate": 3.242288870509168}, "datetime": {"datetime": "2024-06-14 04:07:33", "elapsed": 8.545612, "delta": 0.009974}}
{"target": -143.33497835561582, "params": {"gamma": 0.35458383299364826, "prior": 8.19178211991173, "rate": 5.033564529213024}, "datetime": {"datetime": "2024-06-14 04:07:33", "elapsed": 8.554587, "delta": 0.008975}}
