{"target": -166.15427487148585, "params": {"gamma": 0.657282747746784, "prior": 4.544031005383378, "rate": 8.378448285186794}, "datetime": {"datetime": "2024-06-14 11:40:49", "elapsed": 12.100196, "delta": 0.009973}}
{"target": -323.21688647274624, "params": {"gamma": 1.7983467816471097, "prior": 0.48173470650167005, "rate": 7.327203051217345}, "datetime": {"datetime": "2024-06-14 11:40:49", "elapsed": 12.11017, "delta": 0.009974}}
{"target": -844.8428284737751, "params": {"gamma": 5.630844195010378, "prior": 0.5164002018474038, "rate": 9.848867755318958}, "datetime": {"datetime": "2024-06-14 11:40:49", "elapsed": 12.119146, "delta": 0.008976}}
{"target": -373.4159874585281, "params": {"gamma": 5.693754542449788, "prior": 5.893051062330274, "rate": 7.899276512022575}, "datetime": {"datetime": "2024-06-14 11:40:49", "elapsed": 12.129119, "delta": 0.009973}}
{"target": -1013.4308910980329, "params": {"gamma": 9.026444072192401, "prior": 0.7014322896639713, "rate": 3.485783580678766}, "datetime": {"datetime": "2024-06-14 11:40:49", "elapsed": 12.139093, "delta": 0.009974}}
{"target": -156.09608646324014, "params": {"gamma": 2.001718538820858, "prior": 4.70500016338409, "rate": 0.9155879517141836}, "datetime": {"datetime": "2024-06-14 11:40:49", "elapsed": 12.149069, "delta": 0.009976}}
{"target": -175.7257179658486, "params": {"gamma": 0.6817896566229965, "prior": 3.07880538798981, "rate": 9.04354823246074}, "datetime": {"datetime": "2024-06-14 11:40:49", "elapsed": 12.158044, "delta": 0.008975}}
{"target": -385.2000596727695, "params": {"gamma": 9.755444236897075, "prior": 7.660828314655607, "rate": 0.008408388692528457}, "datetime": {"datetime": "2024-06-14 11:40:49", "elapsed": 12.168018, "delta": 0.009974}}
{"target": -854.6768693422352, "params": {"gamma": 7.3524203268081045, "prior": 0.3177258488517453, "rate": 1.6864882568683546}, "datetime": {"datetime": "2024-06-14 11:40:49", "elapsed": 12.177991, "delta": 0.009973}}
{"target": -151.05873099568808, "params": {"gamma": 0.10612956883701744, "prior": 1.576357287795895, "rate": 6.87536774608507}, "datetime": {"datetime": "2024-06-14 11:40:49", "elapsed": 12.187141, "delta": 0.00915}}
{"target": -527.1760765666104, "params": {"gamma": 7.020466736538225, "prior": 3.773666325556383, "rate": 7.312177051179447}, "datetime": {"datetime": "2024-06-14 11:40:49", "elapsed": 12.196656, "delta": 0.009515}}
{"target": -398.5633680650161, "params": {"gamma": 8.47319475004096, "prior": 1.3905393929713459, "rate": 0.8749857543012785}, "datetime": {"datetime": "2024-06-14 11:40:49", "elapsed": 12.20663, "delta": 0.009974}}
{"target": -228.20383282282614, "params": {"gamma": 3.7198426436825134, "prior": 4.098448011756622, "rate": 2.764765794383843}, "datetime": {"datetime": "2024-06-14 11:40:49", "elapsed": 12.216603, "delta": 0.009973}}
{"target": -631.5692063017646, "params": {"gamma": 7.5419276912585245, "prior": 3.2856833854686824, "rate": 8.001642974863078}, "datetime": {"datetime": "2024-06-14 11:40:49", "elapsed": 12.225579, "delta": 0.008976}}
{"target": -447.33597471544414, "params": {"gamma": 9.113172234382187, "prior": 5.180175174658037, "rate": 4.294790874776841}, "datetime": {"datetime": "2024-06-14 11:40:49", "elapsed": 12.235553, "delta": 0.009974}}
{"target": -191.44504357359844, "params": {"gamma": 0.9168564269132811, "prior": 2.8094053076691683, "rate": 8.866591497643999}, "datetime": {"datetime": "2024-06-14 11:40:49", "elapsed": 12.245228, "delta": 0.009675}}
{"target": -197.04585789206493, "params": {"gamma": 2.460197468394256, "prior": 6.24977493002166, "rate": 4.950578951032165}, "datetime": {"datetime": "2024-06-14 11:40:49", "elapsed": 12.255202, "delta": 0.009974}}
{"target": -143.18253046280674, "params": {"gamma": 0.9446309868062094, "prior": 9.003748460789474, "rate": 0.6786405537486796}, "datetime": {"datetime": "2024-06-14 11:40:49", "elapsed": 12.264178, "delta": 0.008976}}
{"target": -344.3387740151315, "params": {"gamma": 6.807342552340344, "prior": 9.722781585845405, "rate": 7.09402853441662}, "datetime": {"datetime": "2024-06-14 11:40:49", "elapsed": 12.274151, "delta": 0.009973}}
{"target": -451.9691831395424, "params": {"gamma": 3.2597612958632975, "prior": 0.8270576470431867, "rate": 5.797790733426387}, "datetime": {"datetime": "2024-06-14 11:40:49", "elapsed": 12.283406, "delta": 0.009255}}
{"target": -523.1436222276747, "params": {"gamma": 7.335436665512681, "prior": 3.6525757331700546, "rate": 6.537860973630521}, "datetime": {"datetime": "2024-06-14 11:40:49", "elapsed": 12.293379, "delta": 0.009973}}
{"target": -857.6648936808094, "params": {"gamma": 5.6663474905763875, "prior": 0.4376535322434657, "rate": 9.207023836034617}, "datetime": {"datetime": "2024-06-14 11:40:49", "elapsed": 12.303353, "delta": 0.009974}}
{"target": -353.40694290562953, "params": {"gamma": 3.80067802872134, "prior": 3.8560792455691626, "rate": 8.463712402100912}, "datetime": {"datetime": "2024-06-14 11:40:49", "elapsed": 12.312329, "delta": 0.008976}}
{"target": -341.43833768506073, "params": {"gamma": 4.843294742066144, "prior": 4.565581063206701, "rate": 6.398927296728125}, "datetime": {"datetime": "2024-06-14 11:40:49", "elapsed": 12.322302, "delta": 0.009973}}
{"target": -211.06757658304267, "params": {"gamma": 2.118501136597562, "prior": 5.330176857702819, "rate": 6.68601667563293}, "datetime": {"datetime": "2024-06-14 11:40:49", "elapsed": 12.332275, "delta": 0.009973}}
{"target": -302.31569313636834, "params": {"gamma": 5.388228223129067, "prior": 7.116735261329858, "rate": 5.985766383139416}, "datetime": {"datetime": "2024-06-14 11:40:49", "elapsed": 12.34205, "delta": 0.009775}}
{"target": -337.60887007598683, "params": {"gamma": 8.414213931463882, "prior": 8.803790551734272, "rate": 0.979294191124055}, "datetime": {"datetime": "2024-06-14 11:40:49", "elapsed": 12.352022, "delta": 0.009972}}
{"target": -323.1740918172115, "params": {"gamma": 2.5866813512262476, "prior": 0.6410959386512911, "rate": 2.289689785820543}, "datetime": {"datetime": "2024-06-14 11:40:49", "elapsed": 12.361735, "delta": 0.009713}}
{"target": -512.5397319750539, "params": {"gamma": 7.209446154413992, "prior": 0.8775978709769626, "rate": 1.5520400109873145}, "datetime": {"datetime": "2024-06-14 11:40:49", "elapsed": 12.371217, "delta": 0.009482}}
{"target": -370.2740824145452, "params": {"gamma": 7.707912505930211, "prior": 4.498819255990509, "rate": 2.9019172561855204}, "datetime": {"datetime": "2024-06-14 11:40:49", "elapsed": 12.38119, "delta": 0.009973}}
{"target": -276.17487119592846, "params": {"gamma": 6.440202978033387, "prior": 8.880690205028927, "rate": 0.3770167983173472}, "datetime": {"datetime": "2024-06-14 11:40:49", "elapsed": 12.391164, "delta": 0.009974}}
{"target": -422.87421217532597, "params": {"gamma": 6.931250350669296, "prior": 6.718652167826616, "rate": 8.680252973877208}, "datetime": {"datetime": "2024-06-14 11:40:49", "elapsed": 12.40014, "delta": 0.008976}}
{"target": -154.5638571013269, "params": {"gamma": 1.964524028194986, "prior": 7.156647032386309, "rate": 1.0399071814446177}, "datetime": {"datetime": "2024-06-14 11:40:49", "elapsed": 12.410675, "delta": 0.010535}}
{"target": -142.70144322514565, "params": {"gamma": 0.5672069415832846, "prior": 6.839880739152903, "rate": 0.22732450662229567}, "datetime": {"datetime": "2024-06-14 11:40:49", "elapsed": 12.420189, "delta": 0.009514}}
{"target": -173.91249812381614, "params": {"gamma": 0.4439465889324353, "prior": 0.46583492545602645, "rate": 4.65463967682463}, "datetime": {"datetime": "2024-06-14 11:40:49", "elapsed": 12.429165, "delta": 0.008976}}
{"target": -321.8437050688036, "params": {"gamma": 7.5789365730024665, "prior": 9.92277231453038, "rate": 2.2668503578440693}, "datetime": {"datetime": "2024-06-14 11:40:49", "elapsed": 12.439139, "delta": 0.009974}}
{"target": -435.461770991949, "params": {"gamma": 7.924009872480004, "prior": 7.972934055378927, "rate": 8.72255485071234}, "datetime": {"datetime": "2024-06-14 11:40:49", "elapsed": 12.449112, "delta": 0.009973}}
{"target": -418.51132994139135, "params": {"gamma": 3.1432456469635857, "prior": 1.4159580458583867, "rate": 7.967219098261448}, "datetime": {"datetime": "2024-06-14 11:40:49", "elapsed": 12.459085, "delta": 0.009973}}
{"target": -252.30974733937924, "params": {"gamma": 5.675065913341395, "prior": 4.2050738753286225, "rate": 0.587358130182522}, "datetime": {"datetime": "2024-06-14 11:40:49", "elapsed": 12.46843, "delta": 0.009345}}
{"target": -147.88688517068476, "params": {"gamma": 0.06656219698395709, "prior": 3.2286322867153814, "rate": 2.715316394543481}, "datetime": {"datetime": "2024-06-14 11:40:49", "elapsed": 12.478403, "delta": 0.009973}}
{"target": -244.32296929287037, "params": {"gamma": 4.757760549476385, "prior": 9.243757460551764, "rate": 4.167428176120559}, "datetime": {"datetime": "2024-06-14 11:40:49", "elapsed": 12.488377, "delta": 0.009974}}
{"target": -181.67489621321207, "params": {"gamma": 2.8795508249232378, "prior": 8.467940679140908, "rate": 3.0701917238377807}, "datetime": {"datetime": "2024-06-14 11:40:49", "elapsed": 12.497353, "delta": 0.008976}}
{"target": -438.14296274052424, "params": {"gamma": 9.155924640477402, "prior": 8.647777248513803, "rate": 6.388553062492898}, "datetime": {"datetime": "2024-06-14 11:40:49", "elapsed": 12.507326, "delta": 0.009973}}
{"target": -756.1550335653693, "params": {"gamma": 7.477004260543885, "prior": 1.6574956757483044, "rate": 6.029139826844452}, "datetime": {"datetime": "2024-06-14 11:40:49", "elapsed": 12.517299, "delta": 0.009973}}
{"target": -198.15196152639166, "params": {"gamma": 3.2710458013785924, "prior": 4.937912730263073, "rate": 2.2546291955209634}, "datetime": {"datetime": "2024-06-14 11:40:49", "elapsed": 12.527272, "delta": 0.009973}}
{"target": -490.314053469745, "params": {"gamma": 9.019674819004562, "prior": 4.174184394127804, "rate": 4.767863797915282}, "datetime": {"datetime": "2024-06-14 11:40:49", "elapsed": 12.536248, "delta": 0.008976}}
{"target": -748.5162766970626, "params": {"gamma": 7.214306126589714, "prior": 1.3097484479347787, "rate": 5.031147420462448}, "datetime": {"datetime": "2024-06-14 11:40:49", "elapsed": 12.546222, "delta": 0.009974}}
{"target": -368.5532224788101, "params": {"gamma": 8.131663485200999, "prior": 6.805684413213499, "rate": 3.2171856095203215}, "datetime": {"datetime": "2024-06-14 11:40:49", "elapsed": 12.556195, "delta": 0.009973}}
{"target": -382.52995599574115, "params": {"gamma": 7.106943301265306, "prior": 9.350952026926866, "rate": 8.947867607275063}, "datetime": {"datetime": "2024-06-14 11:40:49", "elapsed": 12.566169, "delta": 0.009974}}
{"target": -456.7388024204631, "params": {"gamma": 7.422605646963092, "prior": 2.7344015716166092, "rate": 3.725501581962508}, "datetime": {"datetime": "2024-06-14 11:40:49", "elapsed": 12.576142, "delta": 0.009973}}
{"target": -348.2146959494659, "params": {"gamma": 5.584620793314178, "prior": 3.872384078878505, "rate": 4.558012873762793}, "datetime": {"datetime": "2024-06-14 11:40:49", "elapsed": 12.585118, "delta": 0.008976}}
{"target": -1039.4202940084058, "params": {"gamma": 7.935465915232807, "prior": 1.1290073078901408, "rate": 9.7299927856935}, "datetime": {"datetime": "2024-06-14 11:40:49", "elapsed": 12.595091, "delta": 0.009973}}
{"target": -373.3005319184267, "params": {"gamma": 7.046486043044176, "prior": 8.660805896925622, "rate": 7.817018859374792}, "datetime": {"datetime": "2024-06-14 11:40:49", "elapsed": 12.605064, "delta": 0.009973}}
{"target": -217.15834618114388, "params": {"gamma": 4.322404951375301, "prior": 9.430860319493826, "rate": 2.5316090848682102}, "datetime": {"datetime": "2024-06-14 11:40:49", "elapsed": 12.61404, "delta": 0.008976}}
{"target": -159.45387045275234, "params": {"gamma": 0.46343798347233406, "prior": 1.0590944796215522, "rate": 2.0081654825988586}, "datetime": {"datetime": "2024-06-14 11:40:49", "elapsed": 12.624014, "delta": 0.009974}}
{"target": -565.7131139652467, "params": {"gamma": 5.3912662829380675, "prior": 2.3136652704027774, "rate": 8.353372877694195}, "datetime": {"datetime": "2024-06-14 11:40:49", "elapsed": 12.633987, "delta": 0.009973}}
{"target": -148.68935726190415, "params": {"gamma": 0.09437753374081341, "prior": 7.484419195067273, "rate": 9.69010921459811}, "datetime": {"datetime": "2024-06-14 11:40:49", "elapsed": 12.643961, "delta": 0.009974}}
{"target": -226.2661830708023, "params": {"gamma": 2.6725649276388403, "prior": 6.275773513641307, "rate": 7.148081569821106}, "datetime": {"datetime": "2024-06-14 11:40:49", "elapsed": 12.653936, "delta": 0.009975}}
{"target": -288.32350736312515, "params": {"gamma": 3.270247221878411, "prior": 4.387953061937092, "rate": 7.344354052301767}, "datetime": {"datetime": "2024-06-14 11:40:49", "elapsed": 12.662914, "delta": 0.008978}}
{"target": -207.69401917982398, "params": {"gamma": 1.3123707216933747, "prior": 1.5224911326883348, "rate": 3.7546878211627708}, "datetime": {"datetime": "2024-06-14 11:40:49", "elapsed": 12.672889, "delta": 0.009975}}
{"target": -173.7311192370649, "params": {"gamma": 2.2848621090646066, "prior": 3.139165298421994, "rate": 1.5015067831741629}, "datetime": {"datetime": "2024-06-14 11:40:49", "elapsed": 12.682864, "delta": 0.009975}}
{"target": -148.47387033017495, "params": {"gamma": 0.9672639623300204, "prior": 9.168241908051757, "rate": 3.4595881913084976}, "datetime": {"datetime": "2024-06-14 11:40:49", "elapsed": 12.6925, "delta": 0.009636}}
{"target": -309.92963156341204, "params": {"gamma": 5.660096601094165, "prior": 5.51726777421675, "rate": 4.5041251239749585}, "datetime": {"datetime": "2024-06-14 11:40:49", "elapsed": 12.702473, "delta": 0.009973}}
{"target": -653.122351252702, "params": {"gamma": 7.478457982844058, "prior": 3.3826069277300896, "rate": 8.924882091116567}, "datetime": {"datetime": "2024-06-14 11:40:49", "elapsed": 12.712447, "delta": 0.009974}}
{"target": -150.26063500065544, "params": {"gamma": 0.6812641898485671, "prior": 5.7914069679783005, "rate": 3.391186716940452}, "datetime": {"datetime": "2024-06-14 11:40:49", "elapsed": 12.721837, "delta": 0.00939}}
{"target": -326.19631155966005, "params": {"gamma": 3.6396395485330513, "prior": 3.120469153051323, "rate": 6.036259408805832}, "datetime": {"datetime": "2024-06-14 11:40:49", "elapsed": 12.731805, "delta": 0.009968}}
{"target": -202.77537403684903, "params": {"gamma": 2.34484488740895, "prior": 3.013631376935151, "rate": 2.8556604108589827}, "datetime": {"datetime": "2024-06-14 11:40:49", "elapsed": 12.74078, "delta": 0.008975}}
{"target": -146.8348208036786, "params": {"gamma": 0.06894765796633268, "prior": 3.779023243593732, "rate": 0.4899246143734417}, "datetime": {"datetime": "2024-06-14 11:40:49", "elapsed": 12.750754, "delta": 0.009974}}
{"target": -431.3886764163051, "params": {"gamma": 8.743887748991542, "prior": 7.246044050893931, "rate": 5.953475738168867}, "datetime": {"datetime": "2024-06-14 11:40:49", "elapsed": 12.760727, "delta": 0.009973}}
{"target": -373.19190390131575, "params": {"gamma": 7.439039471551036, "prior": 9.020831429535983, "rate": 6.941211543141177}, "datetime": {"datetime": "2024-06-14 11:40:49", "elapsed": 12.7707, "delta": 0.009973}}
{"target": -570.0062220783365, "params": {"gamma": 5.90797241496815, "prior": 1.3301665118919654, "rate": 4.046421932570356}, "datetime": {"datetime": "2024-06-14 11:40:49", "elapsed": 12.779677, "delta": 0.008977}}
{"target": -409.3072240764722, "params": {"gamma": 5.789933531360811, "prior": 6.068159221609412, "rate": 9.607817590001783}, "datetime": {"datetime": "2024-06-14 11:40:49", "elapsed": 12.78965, "delta": 0.009973}}
{"target": -164.08086028466752, "params": {"gamma": 2.0557977104341765, "prior": 6.665198142873705, "rate": 2.5650349774738426}, "datetime": {"datetime": "2024-06-14 11:40:49", "elapsed": 12.799623, "delta": 0.009973}}
{"target": -217.3691837856081, "params": {"gamma": 4.1781946638619605, "prior": 9.722309574884378, "rate": 3.31144322847995}, "datetime": {"datetime": "2024-06-14 11:40:49", "elapsed": 12.808599, "delta": 0.008976}}
{"target": -191.84925666483102, "params": {"gamma": 3.620869630590026, "prior": 4.451727639802938, "rate": 0.4076372311016773}, "datetime": {"datetime": "2024-06-14 11:40:49", "elapsed": 12.818573, "delta": 0.009974}}
{"target": -259.03350375460855, "params": {"gamma": 3.9863038148057774, "prior": 6.227952485750611, "rate": 5.7812217885154835}, "datetime": {"datetime": "2024-06-14 11:40:49", "elapsed": 12.828546, "delta": 0.009973}}
{"target": -436.3075954363835, "params": {"gamma": 8.734253865159978, "prior": 6.447746922370251, "rate": 5.570002490848631}, "datetime": {"datetime": "2024-06-14 11:40:49", "elapsed": 12.837522, "delta": 0.008976}}
{"target": -944.8447937324132, "params": {"gamma": 6.406830923563959, "prior": 0.5714061557653263, "rate": 9.961217364236495}, "datetime": {"datetime": "2024-06-14 11:40:49", "elapsed": 12.847495, "delta": 0.009973}}
{"target": -166.88776731779146, "params": {"gamma": 1.517902470777048, "prior": 4.242624178680719, "rate": 2.953219449966769}, "datetime": {"datetime": "2024-06-14 11:40:49", "elapsed": 12.857469, "delta": 0.009974}}
{"target": -295.0725181413406, "params": {"gamma": 5.7725917240622495, "prior": 5.6396541321313896, "rate": 3.5217911282734677}, "datetime": {"datetime": "2024-06-14 11:40:49", "elapsed": 12.867442, "delta": 0.009973}}
{"target": -528.7800722825593, "params": {"gamma": 9.73632101034662, "prior": 7.537589226886725, "rate": 8.898523787979325}, "datetime": {"datetime": "2024-06-14 11:40:49", "elapsed": 12.877415, "delta": 0.009973}}
{"target": -257.25095720992783, "params": {"gamma": 4.554646543417618, "prior": 6.0341202774811045, "rate": 4.135119304282028}, "datetime": {"datetime": "2024-06-14 11:40:49", "elapsed": 12.887085, "delta": 0.00967}}
{"target": -185.7877349855298, "params": {"gamma": 3.043247399234573, "prior": 5.302158650435817, "rate": 1.9104821219709982}, "datetime": {"datetime": "2024-06-14 11:40:49", "elapsed": 12.896061, "delta": 0.008976}}
{"target": -158.68601170817732, "params": {"gamma": 2.141803137630578, "prior": 5.156795441297785, "rate": 0.13950689289069168}, "datetime": {"datetime": "2024-06-14 11:40:49", "elapsed": 12.906052, "delta": 0.009991}}
{"target": -266.55560822719593, "params": {"gamma": 4.4554255996411385, "prior": 9.967336646400456, "rate": 8.227007128517913}, "datetime": {"datetime": "2024-06-14 11:40:49", "elapsed": 12.916044, "delta": 0.009992}}
{"target": -146.8886727342811, "params": {"gamma": 0.8355220043224125, "prior": 6.5933141384600535, "rate": 2.25470390737774}, "datetime": {"datetime": "2024-06-14 11:40:49", "elapsed": 12.926235, "delta": 0.010191}}
{"target": -190.36091401719662, "params": {"gamma": 1.1804405667721274, "prior": 3.551904901646867, "rate": 6.771991012506975}, "datetime": {"datetime": "2024-06-14 11:40:49", "elapsed": 12.936209, "delta": 0.009974}}
{"target": -812.4664075171366, "params": {"gamma": 5.508094840668205, "prior": 0.5352303689625977, "rate": 8.567685939201464}, "datetime": {"datetime": "2024-06-14 11:40:49", "elapsed": 12.949173, "delta": 0.012964}}
{"target": -228.28474394995777, "params": {"gamma": 4.776472641076445, "prior": 8.582084626197144, "rate": 1.8773524615382258}, "datetime": {"datetime": "2024-06-14 11:40:49", "elapsed": 12.9595, "delta": 0.010327}}
{"target": -157.74135355525968, "params": {"gamma": 0.8382489282379628, "prior": 5.208099654210848, "rate": 4.545992085303224}, "datetime": {"datetime": "2024-06-14 11:40:50", "elapsed": 12.970479, "delta": 0.010979}}
{"target": -150.317623193192, "params": {"gamma": 0.13993009549948474, "prior": 0.4896104379385867, "rate": 0.9372347244778493}, "datetime": {"datetime": "2024-06-14 11:40:50", "elapsed": 12.97945, "delta": 0.008971}}
{"target": -162.33886614787747, "params": {"gamma": 0.4077341217427622, "prior": 1.839816766707203, "rate": 5.7557859749589015}, "datetime": {"datetime": "2024-06-14 11:40:50", "elapsed": 12.99021, "delta": 0.01076}}
{"target": -224.6495769770261, "params": {"gamma": 4.768049447045129, "prior": 9.79972035532993, "rate": 0.7083006030293989}, "datetime": {"datetime": "2024-06-14 11:40:50", "elapsed": 13.000187, "delta": 0.009977}}
{"target": -543.9004196270797, "params": {"gamma": 8.67428890537549, "prior": 5.827345843187369, "rate": 8.764878981579999}, "datetime": {"datetime": "2024-06-14 11:40:50", "elapsed": 13.009165, "delta": 0.008978}}
{"target": -181.26962089534172, "params": {"gamma": 0.5580803899209963, "prior": 1.0816198620738768, "rate": 8.631084082751796}, "datetime": {"datetime": "2024-06-14 11:40:50", "elapsed": 13.019139, "delta": 0.009974}}
{"target": -256.2300432558217, "params": {"gamma": 5.7042698804473675, "prior": 5.629088630789569, "rate": 0.13111366674830982}, "datetime": {"datetime": "2024-06-14 11:40:50", "elapsed": 13.029112, "delta": 0.009973}}
{"target": -383.30495015788944, "params": {"gamma": 6.422885788360278, "prior": 8.491878366232083, "rate": 9.96126578479924}, "datetime": {"datetime": "2024-06-14 11:40:50", "elapsed": 13.039085, "delta": 0.009973}}
{"target": -305.0551946756867, "params": {"gamma": 4.3301149523829, "prior": 3.182949555977844, "rate": 4.0482984794974595}, "datetime": {"datetime": "2024-06-14 11:40:50", "elapsed": 13.048061, "delta": 0.008976}}
{"target": -246.0757987166541, "params": {"gamma": 2.2810229380137588, "prior": 2.3383759888621203, "rate": 4.337002443043325}, "datetime": {"datetime": "2024-06-14 11:40:50", "elapsed": 13.058035, "delta": 0.009974}}
{"target": -399.9865982487638, "params": {"gamma": 6.845710542660374, "prior": 6.641299157065754, "rate": 7.725129192452083}, "datetime": {"datetime": "2024-06-14 11:40:50", "elapsed": 13.068008, "delta": 0.009973}}
{"target": -204.46732596152142, "params": {"gamma": 2.1689300660171678, "prior": 7.314193149454935, "rate": 7.952743020363484}, "datetime": {"datetime": "2024-06-14 11:40:50", "elapsed": 13.077982, "delta": 0.009974}}
