{"target": -847.6425740742602, "params": {"gamma": 4.903044972676658, "lr": 0.5991103076458784}, "datetime": {"datetime": "2024-06-13 20:37:11", "elapsed": 0.40274, "delta": 0.003989}}
{"target": -142.12468220926405, "params": {"gamma": 0.15631722223280642, "lr": 0.5934814081966372}, "datetime": {"datetime": "2024-06-13 20:37:11", "elapsed": 0.405732, "delta": 0.002992}}
{"target": -832.8306572534188, "params": {"gamma": 4.337329813545594, "lr": 0.8073605288848414}, "datetime": {"datetime": "2024-06-13 20:37:11", "elapsed": 0.409721, "delta": 0.003989}}
{"target": -641.5688677814367, "params": {"gamma": 3.153132786150634, "lr": 0.8928887085251513}, "datetime": {"datetime": "2024-06-13 20:37:11", "elapsed": 0.412713, "delta": 0.002992}}
{"target": -1370.1438395543619, "params": {"gamma": 5.778994295630071, "lr": 0.18401020162746506}, "datetime": {"datetime": "2024-06-13 20:37:11", "elapsed": 0.416702, "delta": 0.003989}}
{"target": -1380.433102597221, "params": {"gamma": 7.8795044090212185, "lr": 0.6120311770449339}, "datetime": {"datetime": "2024-06-13 20:37:11", "elapsed": 0.419694, "delta": 0.002992}}
{"target": -150.6735770810015, "params": {"gamma": 0.5400388114654558, "lr": 0.4201936800011322}, "datetime": {"datetime": "2024-06-13 20:37:11", "elapsed": 0.423684, "delta": 0.00399}}
{"target": -1358.8497385354722, "params": {"gamma": 6.791009296817731, "lr": 0.9186017779775258}, "datetime": {"datetime": "2024-06-13 20:37:11", "elapsed": 0.426675, "delta": 0.002991}}
{"target": -150.6181546002839, "params": {"gamma": 0.005019846888682974, "lr": 0.9767591490310596}, "datetime": {"datetime": "2024-06-13 20:37:11", "elapsed": 0.430665, "delta": 0.00399}}
{"target": -761.8246384586201, "params": {"gamma": 3.766426567142999, "lr": 0.9737835383583225}, "datetime": {"datetime": "2024-06-13 20:37:11", "elapsed": 0.433657, "delta": 0.002992}}
{"target": -1154.826412696463, "params": {"gamma": 6.047556293639557, "lr": 0.828845807980693}, "datetime": {"datetime": "2024-06-13 20:37:11", "elapsed": 0.437646, "delta": 0.003989}}
{"target": -1010.9359699235553, "params": {"gamma": 5.747540335576315, "lr": 0.6280761983073504}, "datetime": {"datetime": "2024-06-13 20:37:11", "elapsed": 0.440638, "delta": 0.002992}}
{"target": -502.8908999817121, "params": {"gamma": 2.8564772406752437, "lr": 0.586833340656083}, "datetime": {"datetime": "2024-06-13 20:37:11", "elapsed": 0.444628, "delta": 0.00399}}
{"target": -1458.1130185363252, "params": {"gamma": 7.500467615262897, "lr": 0.8583138364290424}, "datetime": {"datetime": "2024-06-13 20:37:11", "elapsed": 0.447651, "delta": 0.003023}}
{"target": -1386.5459066936198, "params": {"gamma": 7.551066802488335, "lr": 0.698057248447303}, "datetime": {"datetime": "2024-06-13 20:37:11", "elapsed": 0.451609, "delta": 0.003958}}
{"target": -1562.0298341479138, "params": {"gamma": 8.644929821115943, "lr": 0.32268099683674645}, "datetime": {"datetime": "2024-06-13 20:37:11", "elapsed": 0.454601, "delta": 0.002992}}
{"target": -1099.8813845227544, "params": {"gamma": 6.708217119085085, "lr": 0.45087393641334916}, "datetime": {"datetime": "2024-06-13 20:37:11", "elapsed": 0.45859, "delta": 0.003989}}
{"target": -635.8048656466649, "params": {"gamma": 3.8216454175631407, "lr": 0.4108113499221856}, "datetime": {"datetime": "2024-06-13 20:37:11", "elapsed": 0.461582, "delta": 0.002992}}
{"target": -734.0940518656943, "params": {"gamma": 4.015394355111937, "lr": 0.3173839459582769}, "datetime": {"datetime": "2024-06-13 20:37:11", "elapsed": 0.465572, "delta": 0.00399}}
{"target": -1026.6976644039541, "params": {"gamma": 6.219571759835095, "lr": 0.43024727082126435}, "datetime": {"datetime": "2024-06-13 20:37:11", "elapsed": 0.468564, "delta": 0.002992}}
{"target": -1783.4227567481128, "params": {"gamma": 9.738046977194596, "lr": 0.6778008914343111}, "datetime": {"datetime": "2024-06-13 20:37:11", "elapsed": 0.472553, "delta": 0.003989}}
{"target": -342.0020083497105, "params": {"gamma": 1.9865003143826816, "lr": 0.4267010093480328}, "datetime": {"datetime": "2024-06-13 20:37:11", "elapsed": 0.475545, "delta": 0.002992}}
{"target": -665.8798198309768, "params": {"gamma": 3.4341190515044557, "lr": 0.7976388039585666}, "datetime": {"datetime": "2024-06-13 20:37:11", "elapsed": 0.479534, "delta": 0.003989}}
{"target": -1756.4103132368552, "params": {"gamma": 8.800102887345755, "lr": 0.903841955826372}, "datetime": {"datetime": "2024-06-13 20:37:11", "elapsed": 0.482528, "delta": 0.002994}}
{"target": -1323.527608144181, "params": {"gamma": 6.627535403940247, "lr": 0.2702082620297578}, "datetime": {"datetime": "2024-06-13 20:37:11", "elapsed": 0.486515, "delta": 0.003987}}
{"target": -501.76165326225754, "params": {"gamma": 2.5244146483443926, "lr": 0.8548979426974024}, "datetime": {"datetime": "2024-06-13 20:37:11", "elapsed": 0.490505, "delta": 0.00399}}
{"target": -1009.7073061266055, "params": {"gamma": 5.277618748441158, "lr": 0.8021610840045981}, "datetime": {"datetime": "2024-06-13 20:37:11", "elapsed": 0.493497, "delta": 0.002992}}
{"target": -1066.3903272035957, "params": {"gamma": 5.725312683398872, "lr": 0.7331425252875111}, "datetime": {"datetime": "2024-06-13 20:37:11", "elapsed": 0.497487, "delta": 0.00399}}
{"target": -997.5992979297451, "params": {"gamma": 5.190597263013095, "lr": 0.770883910501888}, "datetime": {"datetime": "2024-06-13 20:37:11", "elapsed": 0.500478, "delta": 0.002991}}
{"target": -934.3854294631279, "params": {"gamma": 5.689011049056451, "lr": 0.4657098785919809}, "datetime": {"datetime": "2024-06-13 20:37:11", "elapsed": 0.504468, "delta": 0.00399}}
{"target": -860.0429321607303, "params": {"gamma": 3.4275463906248644, "lr": 0.06820934841670412}, "datetime": {"datetime": "2024-06-13 20:37:11", "elapsed": 0.50746, "delta": 0.002992}}
{"target": -946.7750712606295, "params": {"gamma": 3.7798638691016704, "lr": 0.07962607769825236}, "datetime": {"datetime": "2024-06-13 20:37:11", "elapsed": 0.511019, "delta": 0.003559}}
{"target": -2374.8327896828287, "params": {"gamma": 9.82818832019072, "lr": 0.18161285133076377}, "datetime": {"datetime": "2024-06-13 20:37:11", "elapsed": 0.515003, "delta": 0.003984}}
{"target": -1577.0261256213755, "params": {"gamma": 8.118775118507678, "lr": 0.8749616449558981}, "datetime": {"datetime": "2024-06-13 20:37:11", "elapsed": 0.517995, "delta": 0.002992}}
{"target": -1158.1996892530242, "params": {"gamma": 6.884444110607048, "lr": 0.5694944127453757}, "datetime": {"datetime": "2024-06-13 20:37:11", "elapsed": 0.521985, "delta": 0.00399}}
{"target": -283.2331918038134, "params": {"gamma": 1.610553396719272, "lr": 0.4668800227633063}, "datetime": {"datetime": "2024-06-13 20:37:11", "elapsed": 0.524976, "delta": 0.002991}}
{"target": -818.2385673652042, "params": {"gamma": 3.452375339500995, "lr": 0.2250399578140846}, "datetime": {"datetime": "2024-06-13 20:37:11", "elapsed": 0.528966, "delta": 0.00399}}
{"target": -1075.4019581050677, "params": {"gamma": 5.925526175789202, "lr": 0.31226983770191696}, "datetime": {"datetime": "2024-06-13 20:37:11", "elapsed": 0.531958, "delta": 0.002992}}
{"target": -1828.2698405917606, "params": {"gamma": 9.163139229130039, "lr": 0.9096355249515571}, "datetime": {"datetime": "2024-06-13 20:37:11", "elapsed": 0.535947, "delta": 0.003989}}
{"target": -644.0337216555818, "params": {"gamma": 2.57192581952818, "lr": 0.1108913007440292}, "datetime": {"datetime": "2024-06-13 20:37:11", "elapsed": 0.538939, "delta": 0.002992}}
{"target": -331.58028057421944, "params": {"gamma": 1.9304343574591094, "lr": 0.49958417067888605}, "datetime": {"datetime": "2024-06-13 20:37:11", "elapsed": 0.542529, "delta": 0.00359}}
{"target": -1729.4214052203777, "params": {"gamma": 7.286128094077989, "lr": 0.20819443840879148}, "datetime": {"datetime": "2024-06-13 20:37:11", "elapsed": 0.546519, "delta": 0.00399}}
{"target": -493.6874498019348, "params": {"gamma": 2.48108755021393, "lr": 0.851671874936367}, "datetime": {"datetime": "2024-06-13 20:37:11", "elapsed": 0.54951, "delta": 0.002991}}
{"target": -736.3463425295707, "params": {"gamma": 4.159071333957006, "lr": 0.6166850671552362}, "datetime": {"datetime": "2024-06-13 20:37:11", "elapsed": 0.5535, "delta": 0.00399}}
{"target": -586.8453208841473, "params": {"gamma": 2.3374277262532615, "lr": 0.10196725942579743}, "datetime": {"datetime": "2024-06-13 20:37:11", "elapsed": 0.556491, "delta": 0.002991}}
{"target": -848.3971179151064, "params": {"gamma": 5.159054312668331, "lr": 0.47714098704978236}, "datetime": {"datetime": "2024-06-13 20:37:11", "elapsed": 0.560481, "delta": 0.00399}}
{"target": -292.01363616334083, "params": {"gamma": 1.5275637692875392, "lr": 0.6218062317404155}, "datetime": {"datetime": "2024-06-13 20:37:11", "elapsed": 0.563473, "delta": 0.002992}}
{"target": -957.1025470507147, "params": {"gamma": 5.440557178020568, "lr": 0.6541373469707443}, "datetime": {"datetime": "2024-06-13 20:37:11", "elapsed": 0.567462, "delta": 0.003989}}
{"target": -300.8889844379979, "params": {"gamma": 1.4463108557064734, "lr": 0.7515278171352439}, "datetime": {"datetime": "2024-06-13 20:37:11", "elapsed": 0.570454, "delta": 0.002992}}
{"target": -390.4382633951057, "params": {"gamma": 2.221269348859427, "lr": 0.519351824366033}, "datetime": {"datetime": "2024-06-13 20:37:11", "elapsed": 0.574443, "delta": 0.003989}}
{"target": -1952.2221406135036, "params": {"gamma": 7.853174986187969, "lr": 0.02233042799180618}, "datetime": {"datetime": "2024-06-13 20:37:11", "elapsed": 0.577436, "delta": 0.002993}}
{"target": -642.5940155574679, "params": {"gamma": 3.2443002348021386, "lr": 0.872922376400111}, "datetime": {"datetime": "2024-06-13 20:37:11", "elapsed": 0.581425, "delta": 0.003989}}
{"target": -1418.915671989926, "params": {"gamma": 8.447251366413093, "lr": 0.5384405925945437}, "datetime": {"datetime": "2024-06-13 20:37:11", "elapsed": 0.584417, "delta": 0.002992}}
{"target": -1729.909842776697, "params": {"gamma": 8.666216133390963, "lr": 0.9498059913536265}, "datetime": {"datetime": "2024-06-13 20:37:11", "elapsed": 0.588406, "delta": 0.003989}}
{"target": -1592.5171150508922, "params": {"gamma": 8.264243569295784, "lr": 0.8541154438365387}, "datetime": {"datetime": "2024-06-13 20:37:11", "elapsed": 0.591398, "delta": 0.002992}}
{"target": -210.42632103109895, "params": {"gamma": 0.9883352748016633, "lr": 0.651304332340991}, "datetime": {"datetime": "2024-06-13 20:37:11", "elapsed": 0.595388, "delta": 0.00399}}
{"target": -1234.0923867690929, "params": {"gamma": 7.035466364538378, "lr": 0.6102408126466297}, "datetime": {"datetime": "2024-06-13 20:37:11", "elapsed": 0.59838, "delta": 0.002992}}
{"target": -1987.5856068293128, "params": {"gamma": 7.996353002098545, "lr": 0.03457121987163425}, "datetime": {"datetime": "2024-06-13 20:37:11", "elapsed": 0.602369, "delta": 0.003989}}
{"target": -1428.8617376002767, "params": {"gamma": 7.702617106815245, "lr": 0.731728600739527}, "datetime": {"datetime": "2024-06-13 20:37:11", "elapsed": 0.605361, "delta": 0.002992}}
{"target": -529.6952880261574, "params": {"gamma": 2.5977242345902325, "lr": 0.2570692988221467}, "datetime": {"datetime": "2024-06-13 20:37:11", "elapsed": 0.60935, "delta": 0.003989}}
{"target": -1095.9242358405722, "params": {"gamma": 6.323400870983849, "lr": 0.34529746159108154}, "datetime": {"datetime": "2024-06-13 20:37:11", "elapsed": 0.612343, "delta": 0.002993}}
{"target": -1304.2285314476264, "params": {"gamma": 7.966090191394868, "lr": 0.44614623200345727}, "datetime": {"datetime": "2024-06-13 20:37:11", "elapsed": 0.616332, "delta": 0.003989}}
{"target": -1563.9606419672966, "params": {"gamma": 7.827711398426936, "lr": 0.9904717836238407}, "datetime": {"datetime": "2024-06-13 20:37:11", "elapsed": 0.619323, "delta": 0.002991}}
{"target": -721.4299605141485, "params": {"gamma": 3.0031831469994668, "lr": 0.14300582825809938}, "datetime": {"datetime": "2024-06-13 20:37:11", "elapsed": 0.623313, "delta": 0.00399}}
{"target": -1512.8500293311538, "params": {"gamma": 9.01318305505639, "lr": 0.5415593788873733}, "datetime": {"datetime": "2024-06-13 20:37:11", "elapsed": 0.626305, "delta": 0.002992}}
{"target": -1703.7188995875947, "params": {"gamma": 9.747428968179968, "lr": 0.6366044000018972}, "datetime": {"datetime": "2024-06-13 20:37:11", "elapsed": 0.630294, "delta": 0.003989}}
{"target": -1665.1684246035031, "params": {"gamma": 9.939136333080178, "lr": 0.5460708041429516}, "datetime": {"datetime": "2024-06-13 20:37:11", "elapsed": 0.633287, "delta": 0.002993}}
{"target": -1232.6691908519833, "params": {"gamma": 5.264732913121308, "lr": 0.1354279030721699}, "datetime": {"datetime": "2024-06-13 20:37:11", "elapsed": 0.637276, "delta": 0.003989}}
{"target": -892.0701045848339, "params": {"gamma": 3.5576960046678274, "lr": 0.026218567296373285}, "datetime": {"datetime": "2024-06-13 20:37:11", "elapsed": 0.640267, "delta": 0.002991}}
{"target": -321.0168650984451, "params": {"gamma": 1.6047914000169714, "lr": 0.7456371927074961}, "datetime": {"datetime": "2024-06-13 20:37:11", "elapsed": 0.644257, "delta": 0.00399}}
{"target": -141.80870923793842, "params": {"gamma": 0.3049664995979595, "lr": 0.36654309724374434}, "datetime": {"datetime": "2024-06-13 20:37:11", "elapsed": 0.647249, "delta": 0.002992}}
{"target": -1581.1715485308277, "params": {"gamma": 8.623600182127603, "lr": 0.6926777175073543}, "datetime": {"datetime": "2024-06-13 20:37:11", "elapsed": 0.651238, "delta": 0.003989}}
{"target": -1636.9548391789192, "params": {"gamma": 6.90973047851962, "lr": 0.18863680095531088}, "datetime": {"datetime": "2024-06-13 20:37:11", "elapsed": 0.655227, "delta": 0.003989}}
{"target": -765.8142048184203, "params": {"gamma": 4.419600903203486, "lr": 0.5815774073442912}, "datetime": {"datetime": "2024-06-13 20:37:11", "elapsed": 0.658219, "delta": 0.002992}}
{"target": -2347.004544456904, "params": {"gamma": 9.897527324929388, "lr": 0.20390622523312185}, "datetime": {"datetime": "2024-06-13 20:37:11", "elapsed": 0.662209, "delta": 0.00399}}
{"target": -506.36307713880086, "params": {"gamma": 2.478081284721786, "lr": 0.26217308377291193}, "datetime": {"datetime": "2024-06-13 20:37:11", "elapsed": 0.665201, "delta": 0.002992}}
{"target": -1228.824090419666, "params": {"gamma": 7.50197396056663, "lr": 0.4569753274356928}, "datetime": {"datetime": "2024-06-13 20:37:11", "elapsed": 0.66919, "delta": 0.003989}}
{"target": -156.9264175862282, "params": {"gamma": 0.5702374546725388, "lr": 0.5085162406102396}, "datetime": {"datetime": "2024-06-13 20:37:11", "elapsed": 0.672182, "delta": 0.002992}}
{"target": -421.48954531840127, "params": {"gamma": 2.120389686272116, "lr": 0.7986042447602102}, "datetime": {"datetime": "2024-06-13 20:37:11", "elapsed": 0.675174, "delta": 0.002992}}
{"target": -748.593823966502, "params": {"gamma": 2.9740164836912153, "lr": 0.02760601195450363}, "datetime": {"datetime": "2024-06-13 20:37:11", "elapsed": 0.679164, "delta": 0.00399}}
{"target": -1148.036333565059, "params": {"gamma": 5.934731062196747, "lr": 0.8438404289311888}, "datetime": {"datetime": "2024-06-13 20:37:11", "elapsed": 0.682156, "delta": 0.002992}}
{"target": -716.3464825030052, "params": {"gamma": 3.81078022449808, "lr": 0.7498583107261434}, "datetime": {"datetime": "2024-06-13 20:37:11", "elapsed": 0.686145, "delta": 0.003989}}
{"target": -865.5727025814928, "params": {"gamma": 5.111903641492986, "lr": 0.5409518049621886}, "datetime": {"datetime": "2024-06-13 20:37:11", "elapsed": 0.690134, "delta": 0.003989}}
{"target": -1824.5463406390393, "params": {"gamma": 9.594383776296462, "lr": 0.8039608914986468}, "datetime": {"datetime": "2024-06-13 20:37:11", "elapsed": 0.693126, "delta": 0.002992}}
{"target": -145.04600372002187, "params": {"gamma": 0.3241983431691163, "lr": 0.7093872512312951}, "datetime": {"datetime": "2024-06-13 20:37:11", "elapsed": 0.697116, "delta": 0.00399}}
{"target": -935.9255710545413, "params": {"gamma": 4.650549814153498, "lr": 0.9475489413950998}, "datetime": {"datetime": "2024-06-13 20:37:11", "elapsed": 0.700109, "delta": 0.002993}}
{"target": -455.2578233382921, "params": {"gamma": 2.2151059105005597, "lr": 0.2670720196843658}, "datetime": {"datetime": "2024-06-13 20:37:11", "elapsed": 0.704097, "delta": 0.003988}}
{"target": -176.36638875678858, "params": {"gamma": 0.8156581748077427, "lr": 0.42861882866378653}, "datetime": {"datetime": "2024-06-13 20:37:11", "elapsed": 0.708086, "delta": 0.003989}}
{"target": -225.36941290398417, "params": {"gamma": 1.091078621426664, "lr": 0.6337867606119179}, "datetime": {"datetime": "2024-06-13 20:37:11", "elapsed": 0.711078, "delta": 0.002992}}
{"target": -1473.4205320220128, "params": {"gamma": 8.029829410500005, "lr": 0.6968004961201785}, "datetime": {"datetime": "2024-06-13 20:37:11", "elapsed": 0.71507, "delta": 0.003992}}
{"target": -1324.8349530206183, "params": {"gamma": 7.66234759937663, "lr": 0.3424541198435198}, "datetime": {"datetime": "2024-06-13 20:37:11", "elapsed": 0.719057, "delta": 0.003987}}
{"target": -1392.7064060454786, "params": {"gamma": 8.45866897879375, "lr": 0.42876877499944255}, "datetime": {"datetime": "2024-06-13 20:37:11", "elapsed": 0.723047, "delta": 0.00399}}
{"target": -1442.996916656926, "params": {"gamma": 8.240274694252776, "lr": 0.6264961586242938}, "datetime": {"datetime": "2024-06-13 20:37:11", "elapsed": 0.726038, "delta": 0.002991}}
{"target": -375.438711814221, "params": {"gamma": 1.435087063653779, "lr": 0.07838689985494796}, "datetime": {"datetime": "2024-06-13 20:37:11", "elapsed": 0.730028, "delta": 0.00399}}
{"target": -141.6039646766369, "params": {"gamma": 0.1843080964871599, "lr": 0.06672499763935646}, "datetime": {"datetime": "2024-06-13 20:37:11", "elapsed": 0.734017, "delta": 0.003989}}
{"target": -1125.6333202041642, "params": {"gamma": 4.586379553270611, "lr": 0.11334192276759048}, "datetime": {"datetime": "2024-06-13 20:37:11", "elapsed": 0.737009, "delta": 0.002992}}
{"target": -144.21619518798488, "params": {"gamma": 0.27880570513785086, "lr": 0.7548614813904674}, "datetime": {"datetime": "2024-06-13 20:37:11", "elapsed": 0.740998, "delta": 0.003989}}
{"target": -741.5663937948633, "params": {"gamma": 3.949109954125934, "lr": 0.7469384956075251}, "datetime": {"datetime": "2024-06-13 20:37:11", "elapsed": 0.744988, "delta": 0.00399}}
{"target": -745.569142777515, "params": {"gamma": 4.52459586263777, "lr": 0.4500867470007611}, "datetime": {"datetime": "2024-06-13 20:37:11", "elapsed": 0.747984, "delta": 0.002996}}
{"target": -787.144901842786, "params": {"gamma": 4.7812469946715925, "lr": 0.47400392656219403}, "datetime": {"datetime": "2024-06-13 20:37:11", "elapsed": 0.751969, "delta": 0.003985}}
{"target": -1322.958362381495, "params": {"gamma": 8.031830257799582, "lr": 0.40239251985773583}, "datetime": {"datetime": "2024-06-13 20:37:11", "elapsed": 0.755958, "delta": 0.003989}}
{"target": -2247.0784227894624, "params": {"gamma": 9.046956917275887, "lr": 0.037061047954035864}, "datetime": {"datetime": "2024-06-13 20:37:11", "elapsed": 0.75895, "delta": 0.002992}}
{"target": -1806.5447957982065, "params": {"gamma": 7.738969552861467, "lr": 0.12564138113773882}, "datetime": {"datetime": "2024-06-13 20:37:11", "elapsed": 0.762739, "delta": 0.003789}}
{"target": -1540.359177625045, "params": {"gamma": 6.185517155553943, "lr": 0.010364261335231939}, "datetime": {"datetime": "2024-06-13 20:37:11", "elapsed": 0.765728, "delta": 0.002989}}
{"target": -1343.133118213605, "params": {"gamma": 5.386734198480894, "lr": 0.0030179566195963625}, "datetime": {"datetime": "2024-06-13 20:37:11", "elapsed": 0.769718, "delta": 0.00399}}
{"target": -1897.3243769752314, "params": {"gamma": 9.511986661116556, "lr": 0.905402033702778}, "datetime": {"datetime": "2024-06-13 20:37:11", "elapsed": 0.77271, "delta": 0.002992}}
{"target": -1590.1145725162532, "params": {"gamma": 7.959873452480752, "lr": 0.9152743199147875}, "datetime": {"datetime": "2024-06-13 20:37:11", "elapsed": 0.776699, "delta": 0.003989}}
{"target": -363.65758066965805, "params": {"gamma": 1.4564367533528122, "lr": 0.15773006987053328}, "datetime": {"datetime": "2024-06-13 20:37:11", "elapsed": 0.780689, "delta": 0.00399}}
{"target": -348.55360477833773, "params": {"gamma": 1.8771290973514374, "lr": 0.6224959022999211}, "datetime": {"datetime": "2024-06-13 20:37:11", "elapsed": 0.78368, "delta": 0.002991}}
{"target": -1807.495567215161, "params": {"gamma": 9.05818915058701, "lr": 0.9899551783590737}, "datetime": {"datetime": "2024-06-13 20:37:11", "elapsed": 0.78767, "delta": 0.00399}}
{"target": -1320.4625883234794, "params": {"gamma": 7.111513465199394, "lr": 0.7318004091422953}, "datetime": {"datetime": "2024-06-13 20:37:11", "elapsed": 0.790662, "delta": 0.002992}}
{"target": -1496.4393297751872, "params": {"gamma": 9.093022752238, "lr": 0.4008737323711209}, "datetime": {"datetime": "2024-06-13 20:37:11", "elapsed": 0.794651, "delta": 0.003989}}
{"target": -610.5621335856462, "params": {"gamma": 2.4992569515701426, "lr": 0.17343017078712286}, "datetime": {"datetime": "2024-06-13 20:37:11", "elapsed": 0.797643, "delta": 0.002992}}
{"target": -259.2246233901978, "params": {"gamma": 1.1954510462869563, "lr": 0.8126105880328287}, "datetime": {"datetime": "2024-06-13 20:37:11", "elapsed": 0.801632, "delta": 0.003989}}
{"target": -312.833022992497, "params": {"gamma": 1.4687769417990144, "lr": 0.2642974827269007}, "datetime": {"datetime": "2024-06-13 20:37:11", "elapsed": 0.805622, "delta": 0.00399}}
{"target": -1480.7989165402728, "params": {"gamma": 8.191072697156674, "lr": 0.31058725179421}, "datetime": {"datetime": "2024-06-13 20:37:11", "elapsed": 0.808614, "delta": 0.002992}}
{"target": -1954.835380123725, "params": {"gamma": 9.824192075480136, "lr": 0.2666387021516352}, "datetime": {"datetime": "2024-06-13 20:37:11", "elapsed": 0.812603, "delta": 0.003989}}
