{"target": -884.3660916454508, "params": {"gamma": 4.170803025021038, "lr": 0.7203244934421581}, "datetime": {"datetime": "2024-06-13 18:28:17", "elapsed": 0.0, "delta": 0.0}}
{"target": -149.5896350379453, "params": {"gamma": 0.002143633798631522, "lr": 0.30233257263183977}, "datetime": {"datetime": "2024-06-13 18:28:17", "elapsed": 0.004987, "delta": 0.004987}}
{"target": -554.7601666113729, "params": {"gamma": 1.4684121522803133, "lr": 0.0923385947687978}, "datetime": {"datetime": "2024-06-13 18:28:17", "elapsed": 0.007978, "delta": 0.002991}}
{"target": -293.2826827508328, "params": {"gamma": 1.8634158535653313, "lr": 0.34556072704304774}, "datetime": {"datetime": "2024-06-13 18:28:17", "elapsed": 0.010971, "delta": 0.002993}}
{"target": -652.2491361539604, "params": {"gamma": 3.968277974832469, "lr": 0.538816734003357}, "datetime": {"datetime": "2024-06-13 18:28:17", "elapsed": 0.01496, "delta": 0.003989}}
{"target": -852.608882617276, "params": {"gamma": 4.192525949518545, "lr": 0.6852195003967595}, "datetime": {"datetime": "2024-06-13 18:28:17", "elapsed": 0.017952, "delta": 0.002992}}
{"target": -535.8073283061709, "params": {"gamma": 2.045318045065443, "lr": 0.8781174363909454}, "datetime": {"datetime": "2024-06-13 18:28:17", "elapsed": 0.021942, "delta": 0.00399}}
{"target": -140.87624559660944, "params": {"gamma": 0.2748485443860637, "lr": 0.6704675101784022}, "datetime": {"datetime": "2024-06-13 18:28:17", "elapsed": 0.024933, "delta": 0.002991}}
{"target": -710.9653714941667, "params": {"gamma": 4.173630718868903, "lr": 0.5586898284457517}, "datetime": {"datetime": "2024-06-13 18:28:17", "elapsed": 0.028923, "delta": 0.00399}}
{"target": -262.27924543061727, "params": {"gamma": 1.4047289990137424, "lr": 0.1981014890848788}, "datetime": {"datetime": "2024-06-13 18:28:17", "elapsed": 0.031915, "delta": 0.002992}}
{"target": -2114.484398793271, "params": {"gamma": 8.00764494218669, "lr": 0.9682615757193975}, "datetime": {"datetime": "2024-06-13 18:28:17", "elapsed": 0.035904, "delta": 0.003989}}
{"target": -643.1354069133824, "params": {"gamma": 3.1349283574142692, "lr": 0.6923226156693141}, "datetime": {"datetime": "2024-06-13 18:28:17", "elapsed": 0.038896, "delta": 0.002992}}
{"target": -2262.1238570434716, "params": {"gamma": 8.764015133808087, "lr": 0.8946066635038473}, "datetime": {"datetime": "2024-06-13 18:28:17", "elapsed": 0.042885, "delta": 0.003989}}
{"target": -368.29458685541266, "params": {"gamma": 0.8513570694864094, "lr": 0.03905478323288236}, "datetime": {"datetime": "2024-06-13 18:28:17", "elapsed": 0.045878, "delta": 0.002993}}
{"target": -450.75011808735013, "params": {"gamma": 1.6991343652261244, "lr": 0.8781425034294131}, "datetime": {"datetime": "2024-06-13 18:28:17", "elapsed": 0.04887, "delta": 0.002992}}
{"target": -186.28756682123927, "params": {"gamma": 0.9843699914966679, "lr": 0.42110762500505217}, "datetime": {"datetime": "2024-06-13 18:28:17", "elapsed": 0.052859, "delta": 0.003989}}
{"target": -1547.9570229849412, "params": {"gamma": 9.578937411974868, "lr": 0.5331652849730171}, "datetime": {"datetime": "2024-06-13 18:28:17", "elapsed": 0.055851, "delta": 0.002992}}
{"target": -899.2644488767193, "params": {"gamma": 6.919079262390784, "lr": 0.31551563100606295}, "datetime": {"datetime": "2024-06-13 18:28:17", "elapsed": 0.05984, "delta": 0.003989}}
{"target": -1644.603563453597, "params": {"gamma": 6.865322775888155, "lr": 0.8346256718973729}, "datetime": {"datetime": "2024-06-13 18:28:17", "elapsed": 0.062832, "delta": 0.002992}}
{"target": -140.28509278183412, "params": {"gamma": 0.18386448516457388, "lr": 0.7501443149449675}, "datetime": {"datetime": "2024-06-13 18:28:17", "elapsed": 0.066822, "delta": 0.00399}}
{"target": -2057.2802146436807, "params": {"gamma": 9.88862202797604, "lr": 0.7481656543798394}, "datetime": {"datetime": "2024-06-13 18:28:17", "elapsed": 0.069814, "delta": 0.002992}}
{"target": -632.379635252727, "params": {"gamma": 2.8051594766519874, "lr": 0.7892793284514885}, "datetime": {"datetime": "2024-06-13 18:28:17", "elapsed": 0.073804, "delta": 0.00399}}
{"target": -189.9275819664827, "params": {"gamma": 1.0331568397698425, "lr": 0.44789352617590517}, "datetime": {"datetime": "2024-06-13 18:28:17", "elapsed": 0.077302, "delta": 0.003498}}
{"target": -1051.5026016508048, "params": {"gamma": 9.086046435427862, "lr": 0.2936141483736795}, "datetime": {"datetime": "2024-06-13 18:28:17", "elapsed": 0.080294, "delta": 0.002992}}
{"target": -693.4253429580203, "params": {"gamma": 2.878465610524901, "lr": 0.13002857211827767}, "datetime": {"datetime": "2024-06-13 18:28:17", "elapsed": 0.083287, "delta": 0.002993}}
{"target": -138.67196351427893, "params": {"gamma": 0.19465021174510047, "lr": 0.678835532939891}, "datetime": {"datetime": "2024-06-13 18:28:17", "elapsed": 0.087276, "delta": 0.003989}}
{"target": -298.36549747979643, "params": {"gamma": 2.1170695318845905, "lr": 0.2655466593722262}, "datetime": {"datetime": "2024-06-13 18:28:17", "elapsed": 0.090268, "delta": 0.002992}}
{"target": -1832.8795455026777, "params": {"gamma": 4.916240019644103, "lr": 0.053362545117080384}, "datetime": {"datetime": "2024-06-13 18:28:17", "elapsed": 0.094257, "delta": 0.003989}}
{"target": -1079.5623393524609, "params": {"gamma": 5.741601937314639, "lr": 0.14672857490581015}, "datetime": {"datetime": "2024-06-13 18:28:17", "elapsed": 0.097249, "delta": 0.002992}}
{"target": -1191.2283733059992, "params": {"gamma": 5.89346606349594, "lr": 0.6997583600209312}, "datetime": {"datetime": "2024-06-13 18:28:17", "elapsed": 0.100241, "delta": 0.002992}}
{"target": -190.40737821687918, "params": {"gamma": 1.0242419538494305, "lr": 0.4140559878195683}, "datetime": {"datetime": "2024-06-13 18:28:17", "elapsed": 0.104231, "delta": 0.00399}}
{"target": -983.5804670405976, "params": {"gamma": 6.9443071771197245, "lr": 0.41417926952690265}, "datetime": {"datetime": "2024-06-13 18:28:17", "elapsed": 0.107222, "delta": 0.002991}}
{"target": -148.56101033816427, "params": {"gamma": 0.5004846360019255, "lr": 0.5358964059155116}, "datetime": {"datetime": "2024-06-13 18:28:17", "elapsed": 0.111211, "delta": 0.003989}}
{"target": -1077.7563790109775, "params": {"gamma": 6.638282657552669, "lr": 0.5148891120583086}, "datetime": {"datetime": "2024-06-13 18:28:17", "elapsed": 0.114204, "delta": 0.002993}}
{"target": -1660.8963788549281, "params": {"gamma": 9.446002965152143, "lr": 0.5865550405019929}, "datetime": {"datetime": "2024-06-13 18:28:17", "elapsed": 0.117196, "delta": 0.002992}}
{"target": -2121.233367222579, "params": {"gamma": 9.034115750963547, "lr": 0.13747470414623753}, "datetime": {"datetime": "2024-06-13 18:28:17", "elapsed": 0.121185, "delta": 0.003989}}
{"target": -342.21611504830065, "params": {"gamma": 1.3936241961603346, "lr": 0.8073912887095238}, "datetime": {"datetime": "2024-06-13 18:28:17", "elapsed": 0.125175, "delta": 0.00399}}
{"target": -757.0487127028307, "params": {"gamma": 3.9773706930183503, "lr": 0.16535419711693278}, "datetime": {"datetime": "2024-06-13 18:28:17", "elapsed": 0.128166, "delta": 0.002991}}
{"target": -1320.081669276941, "params": {"gamma": 9.275158295379942, "lr": 0.34776585974550656}, "datetime": {"datetime": "2024-06-13 18:28:17", "elapsed": 0.132156, "delta": 0.00399}}
{"target": -1577.7528159305357, "params": {"gamma": 7.50837021925842, "lr": 0.7259979853504515}, "datetime": {"datetime": "2024-06-13 18:28:17", "elapsed": 0.135148, "delta": 0.002992}}
{"target": -1564.2234989375013, "params": {"gamma": 8.833177605966892, "lr": 0.6236722070556089}, "datetime": {"datetime": "2024-06-13 18:28:17", "elapsed": 0.139137, "delta": 0.003989}}
{"target": -1073.0301451522482, "params": {"gamma": 7.509673397839345, "lr": 0.34889834197784253}, "datetime": {"datetime": "2024-06-13 18:28:17", "elapsed": 0.142129, "delta": 0.002992}}
{"target": -707.3931361250927, "params": {"gamma": 2.7000089897584956, "lr": 0.8958862181960668}, "datetime": {"datetime": "2024-06-13 18:28:17", "elapsed": 0.146118, "delta": 0.003989}}
{"target": -1135.7204482955535, "params": {"gamma": 4.281483807523078, "lr": 0.9648400471483856}, "datetime": {"datetime": "2024-06-13 18:28:17", "elapsed": 0.14911, "delta": 0.002992}}
{"target": -1178.70660743854, "params": {"gamma": 6.634751536686663, "lr": 0.6216957202091218}, "datetime": {"datetime": "2024-06-13 18:28:17", "elapsed": 0.1531, "delta": 0.00399}}
{"target": -328.10642617265114, "params": {"gamma": 1.1483449835607984, "lr": 0.9494892587070712}, "datetime": {"datetime": "2024-06-13 18:28:17", "elapsed": 0.156092, "delta": 0.002992}}
{"target": -799.2064677223647, "params": {"gamma": 4.499671422665926, "lr": 0.5783896143871318}, "datetime": {"datetime": "2024-06-13 18:28:17", "elapsed": 0.159084, "delta": 0.002992}}
{"target": -606.4751645890493, "params": {"gamma": 4.081959890810051, "lr": 0.2370269802430277}, "datetime": {"datetime": "2024-06-13 18:28:17", "elapsed": 0.163073, "delta": 0.003989}}
{"target": -1589.005024128412, "params": {"gamma": 9.033891826101975, "lr": 0.5736794866722859}, "datetime": {"datetime": "2024-06-13 18:28:17", "elapsed": 0.166065, "delta": 0.002992}}
{"target": -146.69290812064355, "params": {"gamma": 0.029700399984558545, "lr": 0.6171449136207239}, "datetime": {"datetime": "2024-06-13 18:28:17", "elapsed": 0.170054, "delta": 0.003989}}
{"target": -541.4668510252485, "params": {"gamma": 3.2671223728191894, "lr": 0.5270581022576093}, "datetime": {"datetime": "2024-06-13 18:28:17", "elapsed": 0.173046, "delta": 0.002992}}
{"target": -1261.912223417718, "params": {"gamma": 8.859535051008434, "lr": 0.35726976000249977}, "datetime": {"datetime": "2024-06-13 18:28:17", "elapsed": 0.176545, "delta": 0.003499}}
{"target": -1608.4792006967011, "params": {"gamma": 9.085442974047073, "lr": 0.6233601157918027}, "datetime": {"datetime": "2024-06-13 18:28:17", "elapsed": 0.180534, "delta": 0.003989}}
{"target": -142.34583575571196, "params": {"gamma": 0.15919660722271628, "lr": 0.9294372337437613}, "datetime": {"datetime": "2024-06-13 18:28:17", "elapsed": 0.183526, "delta": 0.002992}}
{"target": -1825.7410095000348, "params": {"gamma": 6.9092782782517235, "lr": 0.9973228504514805}, "datetime": {"datetime": "2024-06-13 18:28:17", "elapsed": 0.186518, "delta": 0.002992}}
{"target": -433.00700295015974, "params": {"gamma": 1.7242327429449402, "lr": 0.13713574962887776}, "datetime": {"datetime": "2024-06-13 18:28:17", "elapsed": 0.190507, "delta": 0.003989}}
{"target": -1875.8136121626162, "params": {"gamma": 9.326022034908599, "lr": 0.6968181614899002}, "datetime": {"datetime": "2024-06-13 18:28:17", "elapsed": 0.193499, "delta": 0.002992}}
{"target": -190.9723532284164, "params": {"gamma": 0.6609357270479028, "lr": 0.7554630526024664}, "datetime": {"datetime": "2024-06-13 18:28:17", "elapsed": 0.197521, "delta": 0.004022}}
{"target": -1991.2774587436788, "params": {"gamma": 7.539008008424004, "lr": 0.9230245355464833}, "datetime": {"datetime": "2024-06-13 18:28:17", "elapsed": 0.200501, "delta": 0.00298}}
{"target": -1899.9336203106413, "params": {"gamma": 7.11553606152609, "lr": 0.1242709619721647}, "datetime": {"datetime": "2024-06-13 18:28:17", "elapsed": 0.20447, "delta": 0.003969}}
{"target": -175.5686750227003, "params": {"gamma": 0.1997814582641161, "lr": 0.026210986877719278}, "datetime": {"datetime": "2024-06-13 18:28:17", "elapsed": 0.207462, "delta": 0.002992}}
{"target": -145.94183775349234, "params": {"gamma": 0.2840365737199253, "lr": 0.2462110676030459}, "datetime": {"datetime": "2024-06-13 18:28:17", "elapsed": 0.210454, "delta": 0.002992}}
{"target": -1391.4462964954553, "params": {"gamma": 8.600419458880197, "lr": 0.5388310643416528}, "datetime": {"datetime": "2024-06-13 18:28:17", "elapsed": 0.214444, "delta": 0.00399}}
{"target": -1327.424943522785, "params": {"gamma": 5.5286669648789735, "lr": 0.8420308923596057}, "datetime": {"datetime": "2024-06-13 18:28:17", "elapsed": 0.217436, "delta": 0.002992}}
{"target": -206.82732734654243, "params": {"gamma": 1.2426089778839915, "lr": 0.2791836790111395}, "datetime": {"datetime": "2024-06-13 18:28:17", "elapsed": 0.221425, "delta": 0.003989}}
{"target": -1549.4884418526758, "params": {"gamma": 5.858006955311422, "lr": 0.9695957483196745}, "datetime": {"datetime": "2024-06-13 18:28:17", "elapsed": 0.224446, "delta": 0.003021}}
{"target": -2086.208029446434, "params": {"gamma": 5.6107411623378445, "lr": 0.01864728937294302}, "datetime": {"datetime": "2024-06-13 18:28:17", "elapsed": 0.228439, "delta": 0.003993}}
{"target": -1158.177386764935, "params": {"gamma": 8.006526094133482, "lr": 0.23297427384102043}, "datetime": {"datetime": "2024-06-13 18:28:17", "elapsed": 0.231427, "delta": 0.002988}}
{"target": -1127.3676632299603, "params": {"gamma": 8.071244850992173, "lr": 0.38786064406417176}, "datetime": {"datetime": "2024-06-13 18:28:17", "elapsed": 0.235388, "delta": 0.003961}}
{"target": -1798.5517885756467, "params": {"gamma": 8.635555003739727, "lr": 0.7471216427371846}, "datetime": {"datetime": "2024-06-13 18:28:17", "elapsed": 0.238379, "delta": 0.002991}}
{"target": -1314.3831918993844, "params": {"gamma": 5.562846099670199, "lr": 0.13645522566068502}, "datetime": {"datetime": "2024-06-13 18:28:17", "elapsed": 0.242369, "delta": 0.00399}}
{"target": -222.0855395196259, "params": {"gamma": 0.6001169774326044, "lr": 0.12134345574073735}, "datetime": {"datetime": "2024-06-13 18:28:17", "elapsed": 0.245361, "delta": 0.002992}}
{"target": -208.371118931916, "params": {"gamma": 0.4464742335690725, "lr": 0.1074941291060929}, "datetime": {"datetime": "2024-06-13 18:28:17", "elapsed": 0.24935, "delta": 0.003989}}
{"target": -478.54604754085176, "params": {"gamma": 2.2578676767399393, "lr": 0.7129889803826767}, "datetime": {"datetime": "2024-06-13 18:28:17", "elapsed": 0.252342, "delta": 0.002992}}
{"target": -2081.4173632602474, "params": {"gamma": 5.597610103559371, "lr": 0.012555980159115854}, "datetime": {"datetime": "2024-06-13 18:28:17", "elapsed": 0.256332, "delta": 0.00399}}
{"target": -228.45075288986047, "params": {"gamma": 0.7206708226151783, "lr": 0.967276330000272}, "datetime": {"datetime": "2024-06-13 18:28:17", "elapsed": 0.259323, "delta": 0.002991}}
{"target": -995.4747908974875, "params": {"gamma": 5.6814365187375016, "lr": 0.20329323466099047}, "datetime": {"datetime": "2024-06-13 18:28:17", "elapsed": 0.263313, "delta": 0.00399}}
{"target": -541.0015767345617, "params": {"gamma": 2.5240051199586637, "lr": 0.7438258540750929}, "datetime": {"datetime": "2024-06-13 18:28:17", "elapsed": 0.266305, "delta": 0.002992}}
{"target": -364.3077448652891, "params": {"gamma": 1.9550993816120785, "lr": 0.5813589272732578}, "datetime": {"datetime": "2024-06-13 18:28:17", "elapsed": 0.270294, "delta": 0.003989}}
{"target": -2317.7164065118586, "params": {"gamma": 9.700229870894034, "lr": 0.8468288014900353}, "datetime": {"datetime": "2024-06-13 18:28:17", "elapsed": 0.273286, "delta": 0.002992}}
{"target": -358.41857564239945, "params": {"gamma": 2.399237743716714, "lr": 0.49376971426872995}, "datetime": {"datetime": "2024-06-13 18:28:17", "elapsed": 0.276641, "delta": 0.003355}}
{"target": -1424.0315499176022, "params": {"gamma": 6.199937228095417, "lr": 0.8289808995501787}, "datetime": {"datetime": "2024-06-13 18:28:17", "elapsed": 0.280631, "delta": 0.00399}}
{"target": -619.6999986869341, "params": {"gamma": 1.5687571550661965, "lr": 0.018576202177409518}, "datetime": {"datetime": "2024-06-13 18:28:17", "elapsed": 0.283623, "delta": 0.002992}}
{"target": -158.60020771664932, "params": {"gamma": 0.7011514150485041, "lr": 0.4863451109370318}, "datetime": {"datetime": "2024-06-13 18:28:17", "elapsed": 0.287612, "delta": 0.003989}}
{"target": -1022.6883825384809, "params": {"gamma": 6.063688287071651, "lr": 0.5688514370864813}, "datetime": {"datetime": "2024-06-13 18:28:17", "elapsed": 0.290603, "delta": 0.002991}}
{"target": -846.149929362309, "params": {"gamma": 3.1743067308122854, "lr": 0.9886161544124489}, "datetime": {"datetime": "2024-06-13 18:28:17", "elapsed": 0.294592, "delta": 0.003989}}
{"target": -815.3807418138814, "params": {"gamma": 5.797872447238724, "lr": 0.3801411726235504}, "datetime": {"datetime": "2024-06-13 18:28:17", "elapsed": 0.297585, "delta": 0.002993}}
{"target": -1153.4682676847997, "params": {"gamma": 5.509931242959851, "lr": 0.7453344309065021}, "datetime": {"datetime": "2024-06-13 18:28:17", "elapsed": 0.301574, "delta": 0.003989}}
{"target": -836.6882151757164, "params": {"gamma": 6.6926597016383935, "lr": 0.2649195576628094}, "datetime": {"datetime": "2024-06-13 18:28:17", "elapsed": 0.305564, "delta": 0.00399}}
{"target": -157.49434031516182, "params": {"gamma": 0.6642820094499873, "lr": 0.3700841979141063}, "datetime": {"datetime": "2024-06-13 18:28:17", "elapsed": 0.308556, "delta": 0.002992}}
{"target": -1100.6876292573343, "params": {"gamma": 6.297545352708624, "lr": 0.2101740099148396}, "datetime": {"datetime": "2024-06-13 18:28:17", "elapsed": 0.311548, "delta": 0.002992}}
{"target": -2785.7953119124336, "params": {"gamma": 7.5278027818344, "lr": 0.06653648135411494}, "datetime": {"datetime": "2024-06-13 18:28:17", "elapsed": 0.315537, "delta": 0.003989}}
{"target": -606.847180743072, "params": {"gamma": 2.603890670686831, "lr": 0.8047545637433454}, "datetime": {"datetime": "2024-06-13 18:28:17", "elapsed": 0.318529, "delta": 0.002992}}
{"target": -368.4773915713979, "params": {"gamma": 1.935149391950654, "lr": 0.6394608808799401}, "datetime": {"datetime": "2024-06-13 18:28:17", "elapsed": 0.322519, "delta": 0.00399}}
{"target": -1389.0677962068169, "params": {"gamma": 5.247178420928214, "lr": 0.9248079703993507}, "datetime": {"datetime": "2024-06-13 18:28:17", "elapsed": 0.325511, "delta": 0.002992}}
{"target": -1002.5864891139897, "params": {"gamma": 2.633704408100623, "lr": 0.06596109068402378}, "datetime": {"datetime": "2024-06-13 18:28:17", "elapsed": 0.3295, "delta": 0.003989}}
{"target": -1608.4693934360998, "params": {"gamma": 7.350924566923407, "lr": 0.7721780295432468}, "datetime": {"datetime": "2024-06-13 18:28:17", "elapsed": 0.332492, "delta": 0.002992}}
{"target": -2395.986600159229, "params": {"gamma": 9.078250709182736, "lr": 0.9319720691968373}, "datetime": {"datetime": "2024-06-13 18:28:17", "elapsed": 0.336481, "delta": 0.003989}}
{"target": -145.07534312948596, "params": {"gamma": 0.14050177818299456, "lr": 0.2343620861214205}, "datetime": {"datetime": "2024-06-13 18:28:17", "elapsed": 0.339473, "delta": 0.002992}}
{"target": -1630.9756193849425, "params": {"gamma": 6.1681667916595755, "lr": 0.9490163206876164}, "datetime": {"datetime": "2024-06-13 18:28:17", "elapsed": 0.343462, "delta": 0.003989}}
{"target": -1591.3282368782786, "params": {"gamma": 9.50181101635155, "lr": 0.5566531881951564}, "datetime": {"datetime": "2024-06-13 18:28:17", "elapsed": 0.346454, "delta": 0.002992}}
{"target": -1647.63864111102, "params": {"gamma": 9.15614789131298, "lr": 0.6415662089463375}, "datetime": {"datetime": "2024-06-13 18:28:17", "elapsed": 0.350444, "delta": 0.00399}}
{"target": -561.535893401469, "params": {"gamma": 3.9006871336983213, "lr": 0.48599066709690975}, "datetime": {"datetime": "2024-06-13 18:28:17", "elapsed": 0.353436, "delta": 0.002992}}
{"target": -986.8087241392312, "params": {"gamma": 6.043500518716813, "lr": 0.5495479215085626}, "datetime": {"datetime": "2024-06-13 18:28:17", "elapsed": 0.357425, "delta": 0.003989}}
{"target": -2444.2751554118117, "params": {"gamma": 9.26188808563783, "lr": 0.9187334356336061}, "datetime": {"datetime": "2024-06-13 18:28:17", "elapsed": 0.360417, "delta": 0.002992}}
{"target": -1048.7171449988707, "params": {"gamma": 3.9493612536226252, "lr": 0.9632625284407118}, "datetime": {"datetime": "2024-06-13 18:28:17", "elapsed": 0.363409, "delta": 0.002992}}
{"target": -436.56415501090817, "params": {"gamma": 1.740382711137963, "lr": 0.12632951943963733}, "datetime": {"datetime": "2024-06-13 18:28:17", "elapsed": 0.367399, "delta": 0.00399}}
{"target": -249.83231154096387, "params": {"gamma": 1.3516565013092665, "lr": 0.5056621656768967}, "datetime": {"datetime": "2024-06-13 18:28:17", "elapsed": 0.37039, "delta": 0.002991}}
{"target": -145.05517732984657, "params": {"gamma": 0.2162265279367056, "lr": 0.947970211217681}, "datetime": {"datetime": "2024-06-13 18:28:17", "elapsed": 0.374381, "delta": 0.003991}}
{"target": -3057.1691750326195, "params": {"gamma": 8.271327596236153, "lr": 0.015018980742122379}, "datetime": {"datetime": "2024-06-13 18:28:17", "elapsed": 0.377878, "delta": 0.003497}}
{"target": -262.4294770281993, "params": {"gamma": 1.7627863594949775, "lr": 0.332063574366837}, "datetime": {"datetime": "2024-06-13 18:28:17", "elapsed": 0.38087, "delta": 0.002992}}
{"target": -324.73759349800116, "params": {"gamma": 1.310837451264358, "lr": 0.8094906921265821}, "datetime": {"datetime": "2024-06-13 18:28:17", "elapsed": 0.384859, "delta": 0.003989}}
{"target": -917.5922729372113, "params": {"gamma": 3.4480217901802512, "lr": 0.9401074823333672}, "datetime": {"datetime": "2024-06-13 18:28:17", "elapsed": 0.387851, "delta": 0.002992}}
{"target": -1486.2904758005043, "params": {"gamma": 5.820559785290854, "lr": 0.8788319844118441}, "datetime": {"datetime": "2024-06-13 18:28:17", "elapsed": 0.391841, "delta": 0.00399}}
{"target": -2180.792128940395, "params": {"gamma": 8.447499719476827, "lr": 0.9053923187086492}, "datetime": {"datetime": "2024-06-13 18:28:17", "elapsed": 0.394833, "delta": 0.002992}}
{"target": -756.4318957366676, "params": {"gamma": 4.599342777902254, "lr": 0.5463468160203733}, "datetime": {"datetime": "2024-06-13 18:28:17", "elapsed": 0.398822, "delta": 0.003989}}
{"target": -926.7826595681491, "params": {"gamma": 7.986237307929242, "lr": 0.28571885173414757}, "datetime": {"datetime": "2024-06-13 18:28:17", "elapsed": 0.401814, "delta": 0.002992}}
