{"target": -169.69471320680552, "params": {"gamma": 5.5889624922088075, "prior": 2.626743526039231, "rate": 5.1791698014639245}, "datetime": {"datetime": "2024-06-14 04:54:18", "elapsed": 14.191255, "delta": 0.009974}}
{"target": -279.54617688592697, "params": {"gamma": 9.297580185091476, "prior": 1.9346601105112133, "rate": 7.342339864091912}, "datetime": {"datetime": "2024-06-14 04:54:18", "elapsed": 14.201228, "delta": 0.009973}}
{"target": -563.7987462760143, "params": {"gamma": 8.72195678460364, "prior": 6.72761646306554, "rate": 2.0377529908899317}, "datetime": {"datetime": "2024-06-14 04:54:18", "elapsed": 14.211202, "delta": 0.009974}}
{"target": -157.80837653051304, "params": {"gamma": 1.2925307977203897, "prior": 5.198826614589597, "rate": 1.3039515035572151}, "datetime": {"datetime": "2024-06-14 04:54:18", "elapsed": 14.221175, "delta": 0.009973}}
{"target": -422.59199225810585, "params": {"gamma": 8.257174308347446, "prior": 5.284080834265936, "rate": 2.9149454507613863}, "datetime": {"datetime": "2024-06-14 04:54:18", "elapsed": 14.230151, "delta": 0.008976}}
{"target": -171.11769566321948, "params": {"gamma": 5.681699207758667, "prior": 2.6803100664115536, "rate": 5.845117576613796}, "datetime": {"datetime": "2024-06-14 04:54:18", "elapsed": 14.240124, "delta": 0.009973}}
{"target": -112.66887730181894, "params": {"gamma": 2.32199215010331, "prior": 2.268615316993386, "rate": 5.185542309916678}, "datetime": {"datetime": "2024-06-14 04:54:18", "elapsed": 14.250098, "delta": 0.009974}}
{"target": -630.6864762407475, "params": {"gamma": 8.35432241661817, "prior": 6.483230627566245, "rate": 0.9428132212047013}, "datetime": {"datetime": "2024-06-14 04:54:18", "elapsed": 14.261069, "delta": 0.010971}}
{"target": -124.93942548870511, "params": {"gamma": 1.3415491851440944, "prior": 3.963975898564573, "rate": 3.1963273640149286}, "datetime": {"datetime": "2024-06-14 04:54:18", "elapsed": 14.270807, "delta": 0.009738}}
{"target": -761.3219631013358, "params": {"gamma": 8.912314797811076, "prior": 8.92378573099424, "rate": 0.2992111861366949}, "datetime": {"datetime": "2024-06-14 04:54:18", "elapsed": 14.280781, "delta": 0.009974}}
{"target": -163.40936623466837, "params": {"gamma": 2.1060088559719117, "prior": 3.9446918559051225, "rate": 1.7645710751045083}, "datetime": {"datetime": "2024-06-14 04:54:18", "elapsed": 14.290754, "delta": 0.009973}}
{"target": -274.9698636831024, "params": {"gamma": 9.186944713043502, "prior": 1.9770256796040655, "rate": 7.3401256292133965}, "datetime": {"datetime": "2024-06-14 04:54:18", "elapsed": 14.300727, "delta": 0.009973}}
{"target": -255.19499268776622, "params": {"gamma": 9.569199419728829, "prior": 4.829408647933721, "rate": 8.142378714413438}, "datetime": {"datetime": "2024-06-14 04:54:18", "elapsed": 14.310701, "delta": 0.009974}}
{"target": -185.65330752551827, "params": {"gamma": 4.282765599393484, "prior": 8.153147623700525, "rate": 7.6172232645805815}, "datetime": {"datetime": "2024-06-14 04:54:18", "elapsed": 14.320674, "delta": 0.009973}}
{"target": -257.19852924701075, "params": {"gamma": 9.596076873702136, "prior": 3.432340065789796, "rate": 7.666177450236105}, "datetime": {"datetime": "2024-06-14 04:54:18", "elapsed": 14.330447, "delta": 0.009773}}
{"target": -319.9617652106436, "params": {"gamma": 9.216256420526488, "prior": 8.12663966088829, "rate": 8.143560581729513}, "datetime": {"datetime": "2024-06-14 04:54:18", "elapsed": 14.34042, "delta": 0.009973}}
{"target": -261.39234971334156, "params": {"gamma": 9.483034089579148, "prior": 2.9777607367995413, "rate": 4.402025448023279}, "datetime": {"datetime": "2024-06-14 04:54:18", "elapsed": 14.350394, "delta": 0.009974}}
{"target": -141.03399209974697, "params": {"gamma": 1.0614689514075122, "prior": 8.785093022870859, "rate": 3.4376495800562545}, "datetime": {"datetime": "2024-06-14 04:54:18", "elapsed": 14.360369, "delta": 0.009975}}
{"target": -245.0107871102971, "params": {"gamma": 9.052543557612724, "prior": 2.118189958793863, "rate": 3.49670854682447}, "datetime": {"datetime": "2024-06-14 04:54:18", "elapsed": 14.37034, "delta": 0.009971}}
{"target": -303.1864273906442, "params": {"gamma": 6.905103296395332, "prior": 9.234794588551267, "rate": 6.879772184061891}, "datetime": {"datetime": "2024-06-14 04:54:18", "elapsed": 14.379316, "delta": 0.008976}}
{"target": -143.12864643351563, "params": {"gamma": 3.4015950863695554, "prior": 0.49643025309015587, "rate": 3.3181754241303745}, "datetime": {"datetime": "2024-06-14 04:54:18", "elapsed": 14.38929, "delta": 0.009974}}
{"target": -175.4094519688194, "params": {"gamma": 4.762134435981242, "prior": 7.330961340576835, "rate": 8.936392304537144}, "datetime": {"datetime": "2024-06-14 04:54:18", "elapsed": 14.399263, "delta": 0.009973}}
{"target": -143.16866843605553, "params": {"gamma": 0.06408410135224346, "prior": 0.8596711762344525, "rate": 2.818623672892344}, "datetime": {"datetime": "2024-06-14 04:54:18", "elapsed": 14.409266, "delta": 0.010003}}
{"target": -237.9420138071874, "params": {"gamma": 5.356653678219738, "prior": 5.404277422789192, "rate": 4.25320952977812}, "datetime": {"datetime": "2024-06-14 04:54:18", "elapsed": 14.41921, "delta": 0.009944}}
{"target": -639.3611780441978, "params": {"gamma": 8.836490541785956, "prior": 7.300785245839415, "rate": 1.360477671934808}, "datetime": {"datetime": "2024-06-14 04:54:18", "elapsed": 14.429183, "delta": 0.009973}}
{"target": -149.22682966992983, "params": {"gamma": 2.3521283159904485, "prior": 5.10252796959535, "rate": 3.625823024683793}, "datetime": {"datetime": "2024-06-14 04:54:19", "elapsed": 14.439156, "delta": 0.009973}}
{"target": -222.79168597706564, "params": {"gamma": 8.086391818387844, "prior": 4.251421809439748, "rate": 9.41168440870445}, "datetime": {"datetime": "2024-06-14 04:54:19", "elapsed": 14.44913, "delta": 0.009974}}
{"target": -110.20807590731864, "params": {"gamma": 1.8253827869110664, "prior": 4.879596033761096, "rate": 8.942579468503189}, "datetime": {"datetime": "2024-06-14 04:54:19", "elapsed": 14.459103, "delta": 0.009973}}
{"target": -127.2166655010174, "params": {"gamma": 0.6582946776379386, "prior": 2.8643934665653927, "rate": 2.0285264812184285}, "datetime": {"datetime": "2024-06-14 04:54:19", "elapsed": 14.468079, "delta": 0.008976}}
{"target": -259.4537288052892, "params": {"gamma": 9.848142780102968, "prior": 4.737692189034398, "rate": 8.881823309179376}, "datetime": {"datetime": "2024-06-14 04:54:19", "elapsed": 14.478052, "delta": 0.009973}}
{"target": -246.613011133251, "params": {"gamma": 8.539400167342631, "prior": 1.1292889740891987, "rate": 3.500085683547541}, "datetime": {"datetime": "2024-06-14 04:54:19", "elapsed": 14.488026, "delta": 0.009974}}
{"target": -187.58051623366467, "params": {"gamma": 4.967458463909608, "prior": 8.801060937259923, "rate": 9.818558826019503}, "datetime": {"datetime": "2024-06-14 04:54:19", "elapsed": 14.497999, "delta": 0.009973}}
{"target": -151.25131666167948, "params": {"gamma": 3.370152344242372, "prior": 7.8412910908400715, "rate": 8.587314644739731}, "datetime": {"datetime": "2024-06-14 04:54:19", "elapsed": 14.507972, "delta": 0.009973}}
{"target": -118.70025601995683, "params": {"gamma": 2.8132116645345953, "prior": 2.0693816102392013, "rate": 6.46649017792085}, "datetime": {"datetime": "2024-06-14 04:54:19", "elapsed": 14.517946, "delta": 0.009974}}
{"target": -189.9887618764338, "params": {"gamma": 5.641829191069348, "prior": 1.630298027663653, "rate": 7.421983140023526}, "datetime": {"datetime": "2024-06-14 04:54:19", "elapsed": 14.528917, "delta": 0.010971}}
{"target": -370.73461029029727, "params": {"gamma": 3.6015667876147712, "prior": 6.08627280178168, "rate": 0.06592323285271869}, "datetime": {"datetime": "2024-06-14 04:54:19", "elapsed": 14.53889, "delta": 0.009973}}
{"target": -333.16782134515773, "params": {"gamma": 5.905563148843087, "prior": 7.360917509441076, "rate": 3.457397702569941}, "datetime": {"datetime": "2024-06-14 04:54:19", "elapsed": 14.548863, "delta": 0.009973}}
{"target": -276.48809716717983, "params": {"gamma": 7.593538905555558, "prior": 4.327004199431187, "rate": 4.2325773823623205}, "datetime": {"datetime": "2024-06-14 04:54:19", "elapsed": 14.559835, "delta": 0.010972}}
{"target": -137.5547941242134, "params": {"gamma": 2.994227023324736, "prior": 7.436483296398663, "rate": 9.17093155390691}, "datetime": {"datetime": "2024-06-14 04:54:19", "elapsed": 14.569807, "delta": 0.009972}}
{"target": -203.5496863900776, "params": {"gamma": 4.431569286643207, "prior": 9.87114802409179, "rate": 7.995077879366126}, "datetime": {"datetime": "2024-06-14 04:54:19", "elapsed": 14.579781, "delta": 0.009974}}
{"target": -132.19950723861336, "params": {"gamma": 3.1130412574876014, "prior": 2.407742452022888, "rate": 3.5900011043724316}, "datetime": {"datetime": "2024-06-14 04:54:19", "elapsed": 14.589754, "delta": 0.009973}}
{"target": -151.83072216626144, "params": {"gamma": 4.047288190987675, "prior": 5.009393075339859, "rate": 7.015635889608674}, "datetime": {"datetime": "2024-06-14 04:54:19", "elapsed": 14.599727, "delta": 0.009973}}
{"target": -293.12677478206274, "params": {"gamma": 8.410142349236114, "prior": 0.6848328152847544, "rate": 4.531267048059634}, "datetime": {"datetime": "2024-06-14 04:54:19", "elapsed": 14.6107, "delta": 0.010973}}
{"target": -160.00447852537548, "params": {"gamma": 4.276131343403098, "prior": 4.29792090355555, "rate": 5.637207208839824}, "datetime": {"datetime": "2024-06-14 04:54:19", "elapsed": 14.620671, "delta": 0.009971}}
{"target": -262.8966940698378, "params": {"gamma": 9.3980782998847, "prior": 3.3701820193455276, "rate": 9.489732453291571}, "datetime": {"datetime": "2024-06-14 04:54:19", "elapsed": 14.630644, "delta": 0.009973}}
{"target": -126.37907368720863, "params": {"gamma": 2.4595966948386168, "prior": 5.529209774430184, "rate": 7.134294959360631}, "datetime": {"datetime": "2024-06-14 04:54:19", "elapsed": 14.640618, "delta": 0.009974}}
{"target": -268.9187006564823, "params": {"gamma": 8.806336338229208, "prior": 7.838817028821818, "rate": 9.657646828616505}, "datetime": {"datetime": "2024-06-14 04:54:19", "elapsed": 14.650592, "delta": 0.009974}}
{"target": -255.0131381442108, "params": {"gamma": 5.511879884156932, "prior": 9.063720741650819, "rate": 6.547188885206358}, "datetime": {"datetime": "2024-06-14 04:54:19", "elapsed": 14.660565, "delta": 0.009973}}
{"target": -113.29902464785319, "params": {"gamma": 1.6909319518823145, "prior": 0.4035410799066549, "rate": 7.608044237084763}, "datetime": {"datetime": "2024-06-14 04:54:19", "elapsed": 14.670538, "delta": 0.009973}}
{"target": -419.0998915200415, "params": {"gamma": 6.776523100769331, "prior": 2.9543033032339645, "rate": 1.061060113331068}, "datetime": {"datetime": "2024-06-14 04:54:19", "elapsed": 14.680511, "delta": 0.009973}}
{"target": -303.40439716543426, "params": {"gamma": 6.894912753981151, "prior": 7.519579902429176, "rate": 5.583261815945312}, "datetime": {"datetime": "2024-06-14 04:54:19", "elapsed": 14.690487, "delta": 0.009976}}
{"target": -191.11484028770133, "params": {"gamma": 6.6527083965787845, "prior": 4.10020372138982, "rate": 8.661009108350234}, "datetime": {"datetime": "2024-06-14 04:54:19", "elapsed": 14.70046, "delta": 0.009973}}
{"target": -230.74539831376873, "params": {"gamma": 5.3244804162311095, "prior": 8.95890809663211, "rate": 7.397355841077811}, "datetime": {"datetime": "2024-06-14 04:54:19", "elapsed": 14.710464, "delta": 0.010004}}
{"target": -185.39364217418554, "params": {"gamma": 5.229495878098283, "prior": 7.224605596526511, "rate": 8.867573377717738}, "datetime": {"datetime": "2024-06-14 04:54:19", "elapsed": 14.720407, "delta": 0.009943}}
{"target": -110.25023825585095, "params": {"gamma": 1.9459183399439965, "prior": 4.355070012521711, "rate": 8.593650736304962}, "datetime": {"datetime": "2024-06-14 04:54:19", "elapsed": 14.730381, "delta": 0.009974}}
{"target": -123.43829537524954, "params": {"gamma": 0.30593315470351806, "prior": 1.417513603339808, "rate": 4.0540634531511355}, "datetime": {"datetime": "2024-06-14 04:54:19", "elapsed": 14.740354, "delta": 0.009973}}
{"target": -112.36477744854422, "params": {"gamma": 1.1244776218587826, "prior": 7.288904924237335, "rate": 9.74812518591709}, "datetime": {"datetime": "2024-06-14 04:54:19", "elapsed": 14.750327, "delta": 0.009973}}
{"target": -384.82241345861866, "params": {"gamma": 4.891176585226112, "prior": 9.606648176679078, "rate": 1.3585554114606393}, "datetime": {"datetime": "2024-06-14 04:54:19", "elapsed": 14.760302, "delta": 0.009975}}
{"target": -216.3714061501664, "params": {"gamma": 7.004733804599716, "prior": 5.8702973117927115, "rate": 7.917543891275795}, "datetime": {"datetime": "2024-06-14 04:54:19", "elapsed": 14.770274, "delta": 0.009972}}
{"target": -312.0077517879495, "params": {"gamma": 5.377468422835572, "prior": 9.80093869090961, "rate": 4.397088163352406}, "datetime": {"datetime": "2024-06-14 04:54:19", "elapsed": 14.780247, "delta": 0.009973}}
{"target": -526.6670796660584, "params": {"gamma": 9.502773262661462, "prior": 9.190957370002844, "rate": 4.2392728592820275}, "datetime": {"datetime": "2024-06-14 04:54:19", "elapsed": 14.790223, "delta": 0.009976}}
{"target": -180.0989974444428, "params": {"gamma": 4.105808538326242, "prior": 0.2974759465557887, "rate": 4.485492635920682}, "datetime": {"datetime": "2024-06-14 04:54:19", "elapsed": 14.800065, "delta": 0.009842}}
{"target": -134.46905179363597, "params": {"gamma": 1.9949007104567833, "prior": 3.4256637772910272, "rate": 2.8258754102309727}, "datetime": {"datetime": "2024-06-14 04:54:19", "elapsed": 14.810038, "delta": 0.009973}}
{"target": -209.89741097828832, "params": {"gamma": 6.702309477116513, "prior": 4.457718385964588, "rate": 6.002889962165791}, "datetime": {"datetime": "2024-06-14 04:54:19", "elapsed": 14.820038, "delta": 0.01}}
{"target": -376.56715240659145, "params": {"gamma": 8.435340806411245, "prior": 8.344442848168343, "rate": 5.855987869562886}, "datetime": {"datetime": "2024-06-14 04:54:19", "elapsed": 14.829985, "delta": 0.009947}}
{"target": -338.63420232573736, "params": {"gamma": 4.405923932616606, "prior": 4.064061545938616, "rate": 0.7122002336399037}, "datetime": {"datetime": "2024-06-14 04:54:19", "elapsed": 14.840047, "delta": 0.010062}}
{"target": -266.1962760425826, "params": {"gamma": 4.674352425274426, "prior": 4.090123873148685, "rate": 2.0161053969500373}, "datetime": {"datetime": "2024-06-14 04:54:19", "elapsed": 14.85002, "delta": 0.009973}}
{"target": -235.69664991653795, "params": {"gamma": 8.027446895117734, "prior": 7.011664981432901, "rate": 9.754105729983317}, "datetime": {"datetime": "2024-06-14 04:54:19", "elapsed": 14.859994, "delta": 0.009974}}
{"target": -155.07606330248973, "params": {"gamma": 3.8557726961887338, "prior": 4.227583085286738, "rate": 5.197829460123607}, "datetime": {"datetime": "2024-06-14 04:54:19", "elapsed": 14.869967, "delta": 0.009973}}
{"target": -136.60118224808198, "params": {"gamma": 3.5335312774873016, "prior": 5.497942769513592, "rate": 8.897635664817782}, "datetime": {"datetime": "2024-06-14 04:54:19", "elapsed": 14.879941, "delta": 0.009974}}
{"target": -224.71205312601714, "params": {"gamma": 7.305463347346481, "prior": 2.144468303025567, "rate": 8.001728642806308}, "datetime": {"datetime": "2024-06-14 04:54:19", "elapsed": 14.889485, "delta": 0.009544}}
{"target": -471.89297595911347, "params": {"gamma": 7.953285322327399, "prior": 8.011000507978151, "rate": 3.168709736973412}, "datetime": {"datetime": "2024-06-14 04:54:19", "elapsed": 14.899459, "delta": 0.009974}}
{"target": -452.0659945700382, "params": {"gamma": 6.129902255734795, "prior": 6.557680721273064, "rate": 1.203129814105274}, "datetime": {"datetime": "2024-06-14 04:54:19", "elapsed": 14.909432, "delta": 0.009973}}
{"target": -245.19879581987342, "params": {"gamma": 9.1868342285534, "prior": 3.7445441578197576, "rate": 6.884078859625151}, "datetime": {"datetime": "2024-06-14 04:54:19", "elapsed": 14.919405, "delta": 0.009973}}
{"target": -263.8872568646144, "params": {"gamma": 9.283455455258283, "prior": 6.781234415399158, "rate": 9.38483564986149}, "datetime": {"datetime": "2024-06-14 04:54:19", "elapsed": 14.929379, "delta": 0.009974}}
{"target": -220.9027453284974, "params": {"gamma": 6.991377462572233, "prior": 1.7914931567760517, "rate": 7.289326185240949}, "datetime": {"datetime": "2024-06-14 04:54:19", "elapsed": 14.939352, "delta": 0.009973}}
{"target": -139.5197139162475, "params": {"gamma": 4.05779575275768, "prior": 3.2538756044600095, "rate": 7.806682064739028}, "datetime": {"datetime": "2024-06-14 04:54:19", "elapsed": 14.948328, "delta": 0.008976}}
{"target": -558.5772929124308, "params": {"gamma": 7.905100864498175, "prior": 9.495216479998318, "rate": 2.032649766796406}, "datetime": {"datetime": "2024-06-14 04:54:19", "elapsed": 14.958301, "delta": 0.009973}}
{"target": -258.5833977368975, "params": {"gamma": 5.32711064694857, "prior": 7.744012340448712, "rate": 5.163972338729523}, "datetime": {"datetime": "2024-06-14 04:54:19", "elapsed": 14.968275, "delta": 0.009974}}
{"target": -137.36171898968, "params": {"gamma": 2.2886357530249133, "prior": 9.95337388401892, "rate": 8.893309115794231}, "datetime": {"datetime": "2024-06-14 04:54:19", "elapsed": 14.978249, "delta": 0.009974}}
{"target": -180.56312203154997, "params": {"gamma": 5.77185622802849, "prior": 5.426673287750362, "rate": 8.39992120466477}, "datetime": {"datetime": "2024-06-14 04:54:19", "elapsed": 14.988251, "delta": 0.010002}}
{"target": -476.8882164911911, "params": {"gamma": 9.146425179600218, "prior": 8.213895021249606, "rate": 4.3286649457508}, "datetime": {"datetime": "2024-06-14 04:54:19", "elapsed": 14.998195, "delta": 0.009944}}
{"target": -234.5157063986641, "params": {"gamma": 8.556375691660442, "prior": 2.333492784740386, "rate": 5.405620154121501}, "datetime": {"datetime": "2024-06-14 04:54:19", "elapsed": 15.008168, "delta": 0.009973}}
{"target": -144.68310922751758, "params": {"gamma": 3.1521877359098176, "prior": 1.2843815076826866, "rate": 1.455974015579314}, "datetime": {"datetime": "2024-06-14 04:54:19", "elapsed": 15.018142, "delta": 0.009974}}
{"target": -269.75693283841866, "params": {"gamma": 9.366111572060866, "prior": 2.0304250356307176, "rate": 6.499451382283563}, "datetime": {"datetime": "2024-06-14 04:54:19", "elapsed": 15.028115, "delta": 0.009973}}
{"target": -201.95064346886505, "params": {"gamma": 2.391972458242885, "prior": 5.302148770050018, "rate": 1.307211406941315}, "datetime": {"datetime": "2024-06-14 04:54:19", "elapsed": 15.038088, "delta": 0.009973}}
{"target": -124.44491990491632, "params": {"gamma": 2.89611392001835, "prior": 4.065192847476347, "rate": 7.067081063453817}, "datetime": {"datetime": "2024-06-14 04:54:19", "elapsed": 15.048062, "delta": 0.009974}}
{"target": -244.31094663587527, "params": {"gamma": 9.0107982835773, "prior": 4.342913606645138, "rate": 7.138505863828612}, "datetime": {"datetime": "2024-06-14 04:54:19", "elapsed": 15.057038, "delta": 0.008976}}
{"target": -102.54133591458913, "params": {"gamma": 1.391725519034242, "prior": 1.0956932372792056, "rate": 4.481647794143768}, "datetime": {"datetime": "2024-06-14 04:54:19", "elapsed": 15.067041, "delta": 0.010003}}
{"target": -227.39263260457827, "params": {"gamma": 7.605301828565939, "prior": 2.392991312329407, "rate": 8.09151910411932}, "datetime": {"datetime": "2024-06-14 04:54:19", "elapsed": 15.078012, "delta": 0.010971}}
{"target": -119.76924548501559, "params": {"gamma": 2.5248249478764953, "prior": 0.9296321465117505, "rate": 5.130493139683857}, "datetime": {"datetime": "2024-06-14 04:54:19", "elapsed": 15.087955, "delta": 0.009943}}
{"target": -149.56571559156365, "params": {"gamma": 0.010777103781384231, "prior": 7.110319091630252, "rate": 7.390853426863938}, "datetime": {"datetime": "2024-06-14 04:54:19", "elapsed": 15.097366, "delta": 0.009411}}
{"target": -415.36774152806146, "params": {"gamma": 9.73322264344219, "prior": 6.6653296080007065, "rate": 4.942673042576449}, "datetime": {"datetime": "2024-06-14 04:54:19", "elapsed": 15.10734, "delta": 0.009974}}
{"target": -145.32235289309864, "params": {"gamma": 0.7371595478477164, "prior": 5.389520768514386, "rate": 1.4191621099841882}, "datetime": {"datetime": "2024-06-14 04:54:19", "elapsed": 15.117313, "delta": 0.009973}}
{"target": -489.0347700082134, "params": {"gamma": 8.024085235114102, "prior": 5.803873620313776, "rate": 2.1299294622685796}, "datetime": {"datetime": "2024-06-14 04:54:19", "elapsed": 15.127287, "delta": 0.009974}}
{"target": -199.84101836832716, "params": {"gamma": 7.070844731569463, "prior": 3.3967839214683155, "rate": 6.691313025057773}, "datetime": {"datetime": "2024-06-14 04:54:19", "elapsed": 15.137259, "delta": 0.009972}}
{"target": -259.72634444754385, "params": {"gamma": 7.795731330379866, "prior": 0.9571035750915102, "rate": 5.107053969244893}, "datetime": {"datetime": "2024-06-14 04:54:19", "elapsed": 15.147261, "delta": 0.010002}}
{"target": -135.4426775794855, "params": {"gamma": 1.0376399462769927, "prior": 6.5296689069268, "rate": 3.155663327191296}, "datetime": {"datetime": "2024-06-14 04:54:19", "elapsed": 15.157206, "delta": 0.009945}}
{"target": -262.9701441436629, "params": {"gamma": 6.435368403054906, "prior": 0.5806824424773391, "rate": 8.67009697380327}, "datetime": {"datetime": "2024-06-14 04:54:19", "elapsed": 15.167179, "delta": 0.009973}}
{"target": -326.1193193674486, "params": {"gamma": 4.78211439086565, "prior": 7.956176567412768, "rate": 2.267143144700332}, "datetime": {"datetime": "2024-06-14 04:54:19", "elapsed": 15.177154, "delta": 0.009975}}
{"target": -149.86004589810267, "params": {"gamma": 3.3504024487870745, "prior": 7.661371739793161, "rate": 8.534375742625368}, "datetime": {"datetime": "2024-06-14 04:54:19", "elapsed": 15.188124, "delta": 0.01097}}
