{"target": -2069.547176889663, "params": {"gamma": 8.811802015970617, "lr": 0.1260784803971985}, "datetime": {"datetime": "2024-06-13 18:28:21", "elapsed": 4.071764, "delta": 0.004986}}
{"target": -793.9970476305775, "params": {"gamma": 6.334974881523022, "lr": 0.2777127324734242}, "datetime": {"datetime": "2024-06-13 18:28:21", "elapsed": 4.075753, "delta": 0.003989}}
{"target": -1148.7778548103474, "params": {"gamma": 8.272176051067923, "lr": 0.3645234475558883}, "datetime": {"datetime": "2024-06-13 18:28:21", "elapsed": 4.079743, "delta": 0.00399}}
{"target": -1159.5509515602248, "params": {"gamma": 7.3339275785938725, "lr": 0.1924178904137388}, "datetime": {"datetime": "2024-06-13 18:28:21", "elapsed": 4.083732, "delta": 0.003989}}
{"target": -1103.0023109465478, "params": {"gamma": 4.814977529509854, "lr": 0.8035946264310272}, "datetime": {"datetime": "2024-06-13 18:28:21", "elapsed": 4.088719, "delta": 0.004987}}
{"target": -755.7950425000315, "params": {"gamma": 3.9704851285120673, "lr": 0.16157403985608987}, "datetime": {"datetime": "2024-06-13 18:28:21", "elapsed": 4.092708, "delta": 0.003989}}
{"target": -1421.7850727084035, "params": {"gamma": 6.490173244263826, "lr": 0.7533258058943924}, "datetime": {"datetime": "2024-06-13 18:28:21", "elapsed": 4.096697, "delta": 0.003989}}
{"target": -412.2537472327567, "params": {"gamma": 2.8026461610955637, "lr": 0.45136186123240163}, "datetime": {"datetime": "2024-06-13 18:28:21", "elapsed": 4.100687, "delta": 0.00399}}
{"target": -2206.8834851209976, "params": {"gamma": 9.004588674948266, "lr": 0.8719856311909184}, "datetime": {"datetime": "2024-06-13 18:28:21", "elapsed": 4.104676, "delta": 0.003989}}
{"target": -1246.8973605689973, "params": {"gamma": 7.0721689102320395, "lr": 0.5909005994904067}, "datetime": {"datetime": "2024-06-13 18:28:21", "elapsed": 4.108665, "delta": 0.003989}}
{"target": -2110.51713741496, "params": {"gamma": 8.174005321700859, "lr": 0.907644646099839}, "datetime": {"datetime": "2024-06-13 18:28:21", "elapsed": 4.113652, "delta": 0.004987}}
{"target": -147.69862811344993, "params": {"gamma": 0.026073089119563617, "lr": 0.39722776623376177}, "datetime": {"datetime": "2024-06-13 18:28:21", "elapsed": 4.117641, "delta": 0.003989}}
{"target": -1175.0397083943913, "params": {"gamma": 5.614535427501098, "lr": 0.7339231362848766}, "datetime": {"datetime": "2024-06-13 18:28:21", "elapsed": 4.121631, "delta": 0.00399}}
{"target": -174.47727863495427, "params": {"gamma": 0.8756401490882502, "lr": 0.3997549876808645}, "datetime": {"datetime": "2024-06-13 18:28:21", "elapsed": 4.12562, "delta": 0.003989}}
{"target": -412.2579819808774, "params": {"gamma": 2.796932173319039, "lr": 0.42351005310518297}, "datetime": {"datetime": "2024-06-13 18:28:21", "elapsed": 4.129609, "delta": 0.003989}}
{"target": -903.1633365191614, "params": {"gamma": 4.980288348100211, "lr": 0.660015223526051}, "datetime": {"datetime": "2024-06-13 18:28:21", "elapsed": 4.133598, "delta": 0.003989}}
{"target": -886.0159090841502, "params": {"gamma": 4.962865153563822, "lr": 0.6204682006051905}, "datetime": {"datetime": "2024-06-13 18:28:21", "elapsed": 4.138585, "delta": 0.004987}}
{"target": -828.2649649518938, "params": {"gamma": 5.824816179030337, "lr": 0.42833239803885637}, "datetime": {"datetime": "2024-06-13 18:28:21", "elapsed": 4.142575, "delta": 0.00399}}
{"target": -147.107392339918, "params": {"gamma": 0.050758670747942644, "lr": 0.19451641385960183}, "datetime": {"datetime": "2024-06-13 18:28:21", "elapsed": 4.146564, "delta": 0.003989}}
{"target": -616.5460462477868, "params": {"gamma": 3.2027463362086017, "lr": 0.1469781258549313}, "datetime": {"datetime": "2024-06-13 18:28:21", "elapsed": 4.150554, "delta": 0.00399}}
{"target": -1065.2282411695596, "params": {"gamma": 5.987040152182751, "lr": 0.6114994766596024}, "datetime": {"datetime": "2024-06-13 18:28:21", "elapsed": 4.155051, "delta": 0.004497}}
{"target": -657.6204586574542, "params": {"gamma": 5.001432502709699, "lr": 0.32084890160086454}, "datetime": {"datetime": "2024-06-13 18:28:21", "elapsed": 4.15904, "delta": 0.003989}}
{"target": -1035.8869395478719, "params": {"gamma": 6.53292726219252, "lr": 0.19028348267904371}, "datetime": {"datetime": "2024-06-13 18:28:21", "elapsed": 4.164027, "delta": 0.004987}}
{"target": -143.77759214222067, "params": {"gamma": 0.05980393346483768, "lr": 0.7349420186839615}, "datetime": {"datetime": "2024-06-13 18:28:21", "elapsed": 4.168017, "delta": 0.00399}}
{"target": -900.9200331182192, "params": {"gamma": 4.435594915197448, "lr": 0.6978416560498484}, "datetime": {"datetime": "2024-06-13 18:28:21", "elapsed": 4.172005, "delta": 0.003988}}
{"target": -720.6280262961233, "params": {"gamma": 1.851248453020123, "lr": 0.06261980198391548}, "datetime": {"datetime": "2024-06-13 18:28:21", "elapsed": 4.176992, "delta": 0.004987}}
{"target": -771.068240376391, "params": {"gamma": 3.78170775924343, "lr": 0.695996510445494}, "datetime": {"datetime": "2024-06-13 18:28:21", "elapsed": 4.180981, "delta": 0.003989}}
{"target": -213.80259089140603, "params": {"gamma": 1.0290808561757039, "lr": 0.19583423367499242}, "datetime": {"datetime": "2024-06-13 18:28:21", "elapsed": 4.184971, "delta": 0.00399}}
{"target": -812.1675096879834, "params": {"gamma": 4.540072551414793, "lr": 0.6211491896936461}, "datetime": {"datetime": "2024-06-13 18:28:21", "elapsed": 4.18896, "delta": 0.003989}}
{"target": -2306.4166076457773, "params": {"gamma": 7.501492356441782, "lr": 0.1097350212856566}, "datetime": {"datetime": "2024-06-13 18:28:21", "elapsed": 4.192949, "delta": 0.003989}}
{"target": -876.8916038766154, "params": {"gamma": 6.246611447949256, "lr": 0.3873605221444808}, "datetime": {"datetime": "2024-06-13 18:28:21", "elapsed": 4.197936, "delta": 0.004987}}
{"target": -1169.6576669091462, "params": {"gamma": 6.701233597109323, "lr": 0.2035603776619016}, "datetime": {"datetime": "2024-06-13 18:28:21", "elapsed": 4.201925, "delta": 0.003989}}
{"target": -847.876221340177, "params": {"gamma": 5.2796600565097815, "lr": 0.1721625549559327}, "datetime": {"datetime": "2024-06-13 18:28:21", "elapsed": 4.205915, "delta": 0.00399}}
{"target": -139.134651634775, "params": {"gamma": 0.18779137895775708, "lr": 0.4869502464239571}, "datetime": {"datetime": "2024-06-13 18:28:21", "elapsed": 4.209904, "delta": 0.003989}}
{"target": -352.83087826729496, "params": {"gamma": 1.8425935878323698, "lr": 0.6383433300033875}, "datetime": {"datetime": "2024-06-13 18:28:21", "elapsed": 4.214891, "delta": 0.004987}}
{"target": -1178.14330853749, "params": {"gamma": 5.366211618584989, "lr": 0.7749453799977457}, "datetime": {"datetime": "2024-06-13 18:28:21", "elapsed": 4.21888, "delta": 0.003989}}
{"target": -1043.702075478244, "params": {"gamma": 3.930206066439398, "lr": 0.9894521308362529}, "datetime": {"datetime": "2024-06-13 18:28:21", "elapsed": 4.222869, "delta": 0.003989}}
{"target": -733.7927024438862, "params": {"gamma": 5.152631746924576, "lr": 0.47882340118547173}, "datetime": {"datetime": "2024-06-13 18:28:21", "elapsed": 4.226859, "delta": 0.00399}}
{"target": -1320.5568171035372, "params": {"gamma": 7.494675265050945, "lr": 0.5726882932924154}, "datetime": {"datetime": "2024-06-13 18:28:21", "elapsed": 4.230848, "delta": 0.003989}}
{"target": -523.8548737462601, "params": {"gamma": 3.625290707682954, "lr": 0.48924478546014216}, "datetime": {"datetime": "2024-06-13 18:28:21", "elapsed": 4.235835, "delta": 0.004987}}
{"target": -290.3652384196002, "params": {"gamma": 1.8921946110135588, "lr": 0.39358341429686194}, "datetime": {"datetime": "2024-06-13 18:28:21", "elapsed": 4.239824, "delta": 0.003989}}
{"target": -138.4132579933731, "params": {"gamma": 0.30058756348796134, "lr": 0.46252906034220287}, "datetime": {"datetime": "2024-06-13 18:28:21", "elapsed": 4.243814, "delta": 0.00399}}
{"target": -459.76374470966414, "params": {"gamma": 2.7454666539229047, "lr": 0.5267158603586157}, "datetime": {"datetime": "2024-06-13 18:28:21", "elapsed": 4.247803, "delta": 0.003989}}
{"target": -139.29303764702138, "params": {"gamma": 0.2936919419097222, "lr": 0.5550867665221745}, "datetime": {"datetime": "2024-06-13 18:28:21", "elapsed": 4.251792, "delta": 0.003989}}
{"target": -528.6188592155328, "params": {"gamma": 2.9306858383999437, "lr": 0.5774906810135474}, "datetime": {"datetime": "2024-06-13 18:28:21", "elapsed": 4.256781, "delta": 0.004989}}
{"target": -1060.8585834681026, "params": {"gamma": 7.327965762760406, "lr": 0.44033782679643774}, "datetime": {"datetime": "2024-06-13 18:28:21", "elapsed": 4.260771, "delta": 0.00399}}
{"target": -964.5333130944682, "params": {"gamma": 6.6319050719967745, "lr": 0.23890995487021205}, "datetime": {"datetime": "2024-06-13 18:28:21", "elapsed": 4.26476, "delta": 0.003989}}
{"target": -1437.1869657903985, "params": {"gamma": 9.985992286776213, "lr": 0.24287852161976753}, "datetime": {"datetime": "2024-06-13 18:28:21", "elapsed": 4.268749, "delta": 0.003989}}
{"target": -1632.4258488621138, "params": {"gamma": 9.408343315400867, "lr": 0.21721975039101793}, "datetime": {"datetime": "2024-06-13 18:28:21", "elapsed": 4.272739, "delta": 0.00399}}
{"target": -1146.0334594548285, "params": {"gamma": 4.97614628166607, "lr": 0.8211769648927358}, "datetime": {"datetime": "2024-06-13 18:28:21", "elapsed": 4.277725, "delta": 0.004986}}
{"target": -1469.3778533936706, "params": {"gamma": 7.166163879900548, "lr": 0.705580412120669}, "datetime": {"datetime": "2024-06-13 18:28:21", "elapsed": 4.281715, "delta": 0.00399}}
{"target": -970.0332303446125, "params": {"gamma": 4.4049651591972045, "lr": 0.7541750254551594}, "datetime": {"datetime": "2024-06-13 18:28:21", "elapsed": 4.285704, "delta": 0.003989}}
{"target": -1326.5120019357162, "params": {"gamma": 9.199615816571573, "lr": 0.4413517453158379}, "datetime": {"datetime": "2024-06-13 18:28:21", "elapsed": 4.29069, "delta": 0.004986}}
{"target": -1965.5981191258475, "params": {"gamma": 5.2801268760628535, "lr": 0.06603558401663734}, "datetime": {"datetime": "2024-06-13 18:28:21", "elapsed": 4.29468, "delta": 0.00399}}
{"target": -562.5845327674026, "params": {"gamma": 3.9083399636332565, "lr": 0.4672385663332459}, "datetime": {"datetime": "2024-06-13 18:28:21", "elapsed": 4.298669, "delta": 0.003989}}
{"target": -2747.91435361695, "params": {"gamma": 8.951481970324929, "lr": 0.11055744025544123}, "datetime": {"datetime": "2024-06-13 18:28:21", "elapsed": 4.303655, "delta": 0.004986}}
{"target": -1189.480044273705, "params": {"gamma": 7.311644894386467, "lr": 0.5454711685487195}, "datetime": {"datetime": "2024-06-13 18:28:21", "elapsed": 4.307646, "delta": 0.003991}}
{"target": -2252.225389524399, "params": {"gamma": 6.0657477697349185, "lr": 0.029782944129560285}, "datetime": {"datetime": "2024-06-13 18:28:21", "elapsed": 4.311634, "delta": 0.003988}}
{"target": -229.05395901409796, "params": {"gamma": 1.4683270502280348, "lr": 0.28398322546618515}, "datetime": {"datetime": "2024-06-13 18:28:21", "elapsed": 4.316621, "delta": 0.004987}}
{"target": -144.37476597357804, "params": {"gamma": 0.04971560748810713, "lr": 0.6691577977971368}, "datetime": {"datetime": "2024-06-13 18:28:21", "elapsed": 4.32061, "delta": 0.003989}}
{"target": -1411.93873616621, "params": {"gamma": 8.70270923127706, "lr": 0.5469683092712408}, "datetime": {"datetime": "2024-06-13 18:28:21", "elapsed": 4.3246, "delta": 0.00399}}
{"target": -968.078825178371, "params": {"gamma": 5.432097311144519, "lr": 0.6157259286130373}, "datetime": {"datetime": "2024-06-13 18:28:21", "elapsed": 4.328589, "delta": 0.003989}}
{"target": -436.94693238238835, "params": {"gamma": 3.022512822657626, "lr": 0.3667319816609417}, "datetime": {"datetime": "2024-06-13 18:28:21", "elapsed": 4.332578, "delta": 0.003989}}
{"target": -1313.864967093362, "params": {"gamma": 5.749822333050388, "lr": 0.8092165837173445}, "datetime": {"datetime": "2024-06-13 18:28:21", "elapsed": 4.337597, "delta": 0.005019}}
{"target": -291.3324675692543, "params": {"gamma": 2.016764747447303, "lr": 0.32752405584828914}, "datetime": {"datetime": "2024-06-13 18:28:21", "elapsed": 4.341555, "delta": 0.003958}}
{"target": -1061.8103633066198, "params": {"gamma": 7.429469582646582, "lr": 0.3409202491323421}, "datetime": {"datetime": "2024-06-13 18:28:21", "elapsed": 4.345544, "delta": 0.003989}}
{"target": -170.71488270685356, "params": {"gamma": 0.4770616761368438, "lr": 0.15635692867625162}, "datetime": {"datetime": "2024-06-13 18:28:21", "elapsed": 4.350531, "delta": 0.004987}}
{"target": -298.39370120163625, "params": {"gamma": 1.9394547317358086, "lr": 0.4951123625611782}, "datetime": {"datetime": "2024-06-13 18:28:21", "elapsed": 4.354522, "delta": 0.003991}}
{"target": -1620.8042918310523, "params": {"gamma": 6.351614485952291, "lr": 0.880219977218583}, "datetime": {"datetime": "2024-06-13 18:28:21", "elapsed": 4.358511, "delta": 0.003989}}
{"target": -1165.426565551727, "params": {"gamma": 9.025463027666028, "lr": 0.307160768485095}, "datetime": {"datetime": "2024-06-13 18:28:21", "elapsed": 4.3625, "delta": 0.003989}}
{"target": -937.1562064940883, "params": {"gamma": 7.534047351182733, "lr": 0.2824280305589726}, "datetime": {"datetime": "2024-06-13 18:28:21", "elapsed": 4.36649, "delta": 0.00399}}
{"target": -442.0675704254964, "params": {"gamma": 3.686400120782994, "lr": 0.2927265620931302}, "datetime": {"datetime": "2024-06-13 18:28:21", "elapsed": 4.371478, "delta": 0.004988}}
{"target": -732.4332100647879, "params": {"gamma": 4.137493671254815, "lr": 0.21471569566838056}, "datetime": {"datetime": "2024-06-13 18:28:21", "elapsed": 4.375466, "delta": 0.003988}}
{"target": -867.5474681186992, "params": {"gamma": 3.1905410786954205, "lr": 0.12191981389008766}, "datetime": {"datetime": "2024-06-13 18:28:21", "elapsed": 4.380453, "delta": 0.004987}}
{"target": -1556.1600951156133, "params": {"gamma": 9.63021937771575, "lr": 0.5039830093987828}, "datetime": {"datetime": "2024-06-13 18:28:21", "elapsed": 4.384442, "delta": 0.003989}}
{"target": -1921.5115395134926, "params": {"gamma": 9.23108372520405, "lr": 0.7461601407734211}, "datetime": {"datetime": "2024-06-13 18:28:21", "elapsed": 4.388432, "delta": 0.00399}}
{"target": -1007.3785971488586, "params": {"gamma": 4.577595171516512, "lr": 0.7546222253081317}, "datetime": {"datetime": "2024-06-13 18:28:21", "elapsed": 4.392421, "delta": 0.003989}}
{"target": -818.689818595492, "params": {"gamma": 6.280602762990652, "lr": 0.30375843415186865}, "datetime": {"datetime": "2024-06-13 18:28:21", "elapsed": 4.397407, "delta": 0.004986}}
{"target": -1074.0159058147665, "params": {"gamma": 5.217071474819306, "lr": 0.7123121956474292}, "datetime": {"datetime": "2024-06-13 18:28:21", "elapsed": 4.401397, "delta": 0.00399}}
{"target": -1154.8619378788223, "params": {"gamma": 3.0538300009516193, "lr": 0.012522836886473265}, "datetime": {"datetime": "2024-06-13 18:28:21", "elapsed": 4.405386, "delta": 0.003989}}
{"target": -606.0295466744645, "params": {"gamma": 2.6833600285302275, "lr": 0.7967454755900841}, "datetime": {"datetime": "2024-06-13 18:28:21", "elapsed": 4.409376, "delta": 0.00399}}
{"target": -1674.002598707598, "params": {"gamma": 9.300000896546049, "lr": 0.6253311549032551}, "datetime": {"datetime": "2024-06-13 18:28:21", "elapsed": 4.413365, "delta": 0.003989}}
{"target": -315.8685977554035, "params": {"gamma": 1.3289420383195298, "lr": 0.7575703592474212}, "datetime": {"datetime": "2024-06-13 18:28:21", "elapsed": 4.418352, "delta": 0.004987}}
{"target": -1157.1963668806902, "params": {"gamma": 5.269526555127393, "lr": 0.753869071621213}, "datetime": {"datetime": "2024-06-13 18:28:21", "elapsed": 4.422341, "delta": 0.003989}}
{"target": -2266.6186517091396, "params": {"gamma": 8.586258418997055, "lr": 0.9475415511018243}, "datetime": {"datetime": "2024-06-13 18:28:21", "elapsed": 4.42633, "delta": 0.003989}}
{"target": -1568.7440524268734, "params": {"gamma": 6.545720808693693, "lr": 0.8542582098426466}, "datetime": {"datetime": "2024-06-13 18:28:21", "elapsed": 4.430319, "delta": 0.003989}}
{"target": -1560.6524183147176, "params": {"gamma": 7.426137988907772, "lr": 0.7271011884036769}, "datetime": {"datetime": "2024-06-13 18:28:21", "elapsed": 4.434339, "delta": 0.00402}}
{"target": -2267.0894066466644, "params": {"gamma": 8.58804877191338, "lr": 0.9230030407536653}, "datetime": {"datetime": "2024-06-13 18:28:21", "elapsed": 4.438298, "delta": 0.003959}}
{"target": -1257.8446000184424, "params": {"gamma": 9.020857939246921, "lr": 0.39575026156518067}, "datetime": {"datetime": "2024-06-13 18:28:21", "elapsed": 4.443285, "delta": 0.004987}}
{"target": -230.12928147194282, "params": {"gamma": 0.8411287767074533, "lr": 0.8295737184581491}, "datetime": {"datetime": "2024-06-13 18:28:21", "elapsed": 4.447274, "delta": 0.003989}}
{"target": -878.4193940015011, "params": {"gamma": 5.389776601523036, "lr": 0.542076154739123}, "datetime": {"datetime": "2024-06-13 18:28:21", "elapsed": 4.451264, "delta": 0.00399}}
{"target": -3050.088595375123, "params": {"gamma": 8.25192813033363, "lr": 0.03198418437577388}, "datetime": {"datetime": "2024-06-13 18:28:21", "elapsed": 4.45625, "delta": 0.004986}}
{"target": -3242.7300892445337, "params": {"gamma": 8.779726226832842, "lr": 0.03463400133772032}, "datetime": {"datetime": "2024-06-13 18:28:21", "elapsed": 4.46024, "delta": 0.00399}}
{"target": -1222.5084633271088, "params": {"gamma": 6.932252389225503, "lr": 0.5874844793504092}, "datetime": {"datetime": "2024-06-13 18:28:21", "elapsed": 4.464229, "delta": 0.003989}}
{"target": -896.0336556728703, "params": {"gamma": 6.417850059155134, "lr": 0.37408018773825613}, "datetime": {"datetime": "2024-06-13 18:28:21", "elapsed": 4.468218, "delta": 0.003989}}
{"target": -461.30257130774106, "params": {"gamma": 2.755344804474391, "lr": 0.5094085814387623}, "datetime": {"datetime": "2024-06-13 18:28:21", "elapsed": 4.473205, "delta": 0.004987}}
{"target": -1484.8603759176556, "params": {"gamma": 8.858345348380066, "lr": 0.5652896703655683}, "datetime": {"datetime": "2024-06-13 18:28:21", "elapsed": 4.477194, "delta": 0.003989}}
{"target": -962.1034965702801, "params": {"gamma": 6.631825765751704, "lr": 0.44137923095350085}, "datetime": {"datetime": "2024-06-13 18:28:21", "elapsed": 4.481213, "delta": 0.004019}}
{"target": -2022.7555889160487, "params": {"gamma": 9.7214187321274, "lr": 0.7425224523517098}, "datetime": {"datetime": "2024-06-13 18:28:21", "elapsed": 4.486171, "delta": 0.004958}}
{"target": -649.4637637723267, "params": {"gamma": 3.5496702059968834, "lr": 0.6535310326636594}, "datetime": {"datetime": "2024-06-13 18:28:21", "elapsed": 4.490159, "delta": 0.003988}}
{"target": -1386.5393388750874, "params": {"gamma": 5.426621502305332, "lr": 0.884056212378686}, "datetime": {"datetime": "2024-06-13 18:28:21", "elapsed": 4.495146, "delta": 0.004987}}
{"target": -863.5493379093552, "params": {"gamma": 2.7512654566030514, "lr": 0.10806748517233733}, "datetime": {"datetime": "2024-06-13 18:28:21", "elapsed": 4.499136, "delta": 0.00399}}
{"target": -293.0540756549074, "params": {"gamma": 1.9135292453599602, "lr": 0.38704623260508586}, "datetime": {"datetime": "2024-06-13 18:28:22", "elapsed": 4.503125, "delta": 0.003989}}
{"target": -1057.409077572752, "params": {"gamma": 8.54074388954821, "lr": 0.2708449138359166}, "datetime": {"datetime": "2024-06-13 18:28:22", "elapsed": 4.508112, "delta": 0.004987}}
{"target": -1113.7350881585958, "params": {"gamma": 6.263961673283628, "lr": 0.6235518010455583}, "datetime": {"datetime": "2024-06-13 18:28:22", "elapsed": 4.512101, "delta": 0.003989}}
{"target": -1528.4668056713178, "params": {"gamma": 4.08106330634394, "lr": 0.05033512965945175}, "datetime": {"datetime": "2024-06-13 18:28:22", "elapsed": 4.51609, "delta": 0.003989}}
{"target": -865.8441826587563, "params": {"gamma": 7.448593896451896, "lr": 0.29572553442388116}, "datetime": {"datetime": "2024-06-13 18:28:22", "elapsed": 4.520079, "delta": 0.003989}}
{"target": -567.8806176527452, "params": {"gamma": 3.9851835072938524, "lr": 0.37723956753050947}, "datetime": {"datetime": "2024-06-13 18:28:22", "elapsed": 4.525066, "delta": 0.004987}}
{"target": -2397.6778788639613, "params": {"gamma": 6.636362714079265, "lr": 0.08633328681516406}, "datetime": {"datetime": "2024-06-13 18:28:22", "elapsed": 4.529085, "delta": 0.004019}}
{"target": -2045.5693500336297, "params": {"gamma": 5.49934931479934, "lr": 0.015421822343255842}, "datetime": {"datetime": "2024-06-13 18:28:22", "elapsed": 4.533045, "delta": 0.00396}}
{"target": -1727.9582419719418, "params": {"gamma": 9.830406796410628, "lr": 0.5984272223880148}, "datetime": {"datetime": "2024-06-13 18:28:22", "elapsed": 4.537034, "delta": 0.003989}}
{"target": -732.3699244393414, "params": {"gamma": 3.8417581657342703, "lr": 0.1467479307274827}, "datetime": {"datetime": "2024-06-13 18:28:22", "elapsed": 4.542021, "delta": 0.004987}}
{"target": -1800.9452741545947, "params": {"gamma": 6.9690863860416155, "lr": 0.9058084167065523}, "datetime": {"datetime": "2024-06-13 18:28:22", "elapsed": 4.54601, "delta": 0.003989}}
{"target": -706.1498253703779, "params": {"gamma": 3.1817694146938234, "lr": 0.7664921446562297}, "datetime": {"datetime": "2024-06-13 18:28:22", "elapsed": 4.550997, "delta": 0.004987}}
{"target": -768.3763487786581, "params": {"gamma": 2.8756935223098354, "lr": 0.9572253423743934}, "datetime": {"datetime": "2024-06-13 18:28:22", "elapsed": 4.554989, "delta": 0.003992}}
{"target": -1267.8520893138354, "params": {"gamma": 7.023455232193281, "lr": 0.6250155931933211}, "datetime": {"datetime": "2024-06-13 18:28:22", "elapsed": 4.558978, "delta": 0.003989}}
{"target": -1149.0069791363824, "params": {"gamma": 9.307416596768327, "lr": 0.26904238725191854}, "datetime": {"datetime": "2024-06-13 18:28:22", "elapsed": 4.562968, "delta": 0.00399}}
