{"target": -153.19227031497476, "params": {"gamma": 0.42223947812043505, "prior": 3.7954509908618, "rate": 8.122057570514098}, "datetime": {"datetime": "2024-06-14 12:31:19", "elapsed": 11.259956, "delta": 0.009975}}
{"target": -447.0355494676986, "params": {"gamma": 5.284318582532073, "prior": 2.546595173441272, "rate": 7.9290864165444885}, "datetime": {"datetime": "2024-06-14 12:31:19", "elapsed": 11.268929, "delta": 0.008973}}
{"target": -280.9152991788068, "params": {"gamma": 2.6182486884007314, "prior": 0.10394396254204273, "rate": 2.3139578706383697}, "datetime": {"datetime": "2024-06-14 12:31:19", "elapsed": 11.278903, "delta": 0.009974}}
{"target": -695.6674872759559, "params": {"gamma": 9.933709519335848, "prior": 6.596388259986851, "rate": 2.20746055274965}, "datetime": {"datetime": "2024-06-14 12:31:19", "elapsed": 11.288875, "delta": 0.009972}}
{"target": -525.2835224686064, "params": {"gamma": 6.861710880085471, "prior": 6.900675292396006, "rate": 6.407786956598644}, "datetime": {"datetime": "2024-06-14 12:31:19", "elapsed": 11.298849, "delta": 0.009974}}
{"target": -160.35795671957086, "params": {"gamma": 0.7064146187020427, "prior": 2.5053447581940413, "rate": 8.708501091076558}, "datetime": {"datetime": "2024-06-14 12:31:19", "elapsed": 11.308822, "delta": 0.009973}}
{"target": -582.0265562155677, "params": {"gamma": 7.347673452195916, "prior": 1.761378459242426, "rate": 2.986596023304183}, "datetime": {"datetime": "2024-06-14 12:31:19", "elapsed": 11.317798, "delta": 0.008976}}
{"target": -405.40769735440773, "params": {"gamma": 5.627657565327734, "prior": 8.281813083626007, "rate": 2.0059625473387035}, "datetime": {"datetime": "2024-06-14 12:31:19", "elapsed": 11.327772, "delta": 0.009974}}
{"target": -170.05959657306735, "params": {"gamma": 1.0175512712412351, "prior": 3.8805020069474243, "rate": 9.123622339058336}, "datetime": {"datetime": "2024-06-14 12:31:19", "elapsed": 11.337747, "delta": 0.009975}}
{"target": -234.2358220970589, "params": {"gamma": 2.605874679054985, "prior": 1.1722130918594946, "rate": 0.56037370979255}, "datetime": {"datetime": "2024-06-14 12:31:19", "elapsed": 11.347719, "delta": 0.009972}}
{"target": -341.7182668926892, "params": {"gamma": 3.517353888144698, "prior": 0.47250675815837395, "rate": 5.830756178383219}, "datetime": {"datetime": "2024-06-14 12:31:19", "elapsed": 11.357692, "delta": 0.009973}}
{"target": -533.7307384804251, "params": {"gamma": 6.725895546392632, "prior": 4.658787540848907, "rate": 7.411427420391562}, "datetime": {"datetime": "2024-06-14 12:31:19", "elapsed": 11.367173, "delta": 0.009481}}
{"target": -372.24970799302815, "params": {"gamma": 5.010748619176405, "prior": 7.053290946278004, "rate": 2.307178418323752}, "datetime": {"datetime": "2024-06-14 12:31:19", "elapsed": 11.377146, "delta": 0.009973}}
{"target": -582.1214897315159, "params": {"gamma": 7.446379482205204, "prior": 5.066208299853456, "rate": 7.053982930260369}, "datetime": {"datetime": "2024-06-14 12:31:19", "elapsed": 11.387119, "delta": 0.009973}}
{"target": -329.41589070919093, "params": {"gamma": 4.467531205373577, "prior": 5.108812034796275, "rate": 0.41631029460275537}, "datetime": {"datetime": "2024-06-14 12:31:19", "elapsed": 11.397095, "delta": 0.009976}}
{"target": -387.69056913845463, "params": {"gamma": 4.893603596752043, "prior": 1.508646271753512, "rate": 1.425815973998472}, "datetime": {"datetime": "2024-06-14 12:31:19", "elapsed": 11.407071, "delta": 0.009976}}
{"target": -340.1879800320965, "params": {"gamma": 4.334070675192891, "prior": 5.804526419276483, "rate": 3.431143903220329}, "datetime": {"datetime": "2024-06-14 12:31:19", "elapsed": 11.417045, "delta": 0.009974}}
{"target": -191.94695097067034, "params": {"gamma": 1.6057554110518168, "prior": 7.439963128101519, "rate": 9.630952636256579}, "datetime": {"datetime": "2024-06-14 12:31:19", "elapsed": 11.427018, "delta": 0.009973}}
{"target": -640.4962546219648, "params": {"gamma": 7.3366892172191065, "prior": 0.8629358918245221, "rate": 8.409240673094226}, "datetime": {"datetime": "2024-06-14 12:31:19", "elapsed": 11.437989, "delta": 0.010971}}
{"target": -158.67503356167921, "params": {"gamma": 0.6760729900832833, "prior": 4.419489281132564, "rate": 9.288699130413471}, "datetime": {"datetime": "2024-06-14 12:31:19", "elapsed": 11.447962, "delta": 0.009973}}
{"target": -267.4790512052414, "params": {"gamma": 2.6325378562618087, "prior": 1.3667364017386738, "rate": 7.622625481835956}, "datetime": {"datetime": "2024-06-14 12:31:19", "elapsed": 11.457935, "delta": 0.009973}}
{"target": -686.7751880444871, "params": {"gamma": 9.286152605869912, "prior": 3.325107364972745, "rate": 2.3253485203555204}, "datetime": {"datetime": "2024-06-14 12:31:19", "elapsed": 11.467909, "delta": 0.009974}}
{"target": -197.19083365894411, "params": {"gamma": 1.8256722786407191, "prior": 9.636031674374332, "rate": 5.766769711868097}, "datetime": {"datetime": "2024-06-14 12:31:19", "elapsed": 11.476885, "delta": 0.008976}}
{"target": -584.3013285512908, "params": {"gamma": 8.601017631330931, "prior": 3.1526153619134747, "rate": 0.5653078671540508}, "datetime": {"datetime": "2024-06-14 12:31:19", "elapsed": 11.486858, "delta": 0.009973}}
{"target": -385.90657630307237, "params": {"gamma": 4.538588046967902, "prior": 2.150389949482985, "rate": 5.190317659626124}, "datetime": {"datetime": "2024-06-14 12:31:19", "elapsed": 11.497829, "delta": 0.010971}}
{"target": -423.3618678508287, "params": {"gamma": 5.3803383685417385, "prior": 3.0134533507087977, "rate": 3.0752313679559293}, "datetime": {"datetime": "2024-06-14 12:31:19", "elapsed": 11.50731, "delta": 0.009481}}
{"target": -151.38406278796452, "params": {"gamma": 0.24271254847611315, "prior": 4.261979937910767, "rate": 3.2375704471739803}, "datetime": {"datetime": "2024-06-14 12:31:19", "elapsed": 11.516286, "delta": 0.008976}}
{"target": -463.39034367627056, "params": {"gamma": 6.1952817624864025, "prior": 8.611654360250752, "rate": 4.926911767488365}, "datetime": {"datetime": "2024-06-14 12:31:20", "elapsed": 11.527256, "delta": 0.01097}}
{"target": -161.63524729223175, "params": {"gamma": 0.8280002720208621, "prior": 9.341456537509496, "rate": 8.083461341580708}, "datetime": {"datetime": "2024-06-14 12:31:20", "elapsed": 11.53723, "delta": 0.009974}}
{"target": -326.4652245138605, "params": {"gamma": 3.6558227125345977, "prior": 3.3742162191489324, "rate": 9.379402853367585}, "datetime": {"datetime": "2024-06-14 12:31:20", "elapsed": 11.546206, "delta": 0.008976}}
{"target": -320.9116096118964, "params": {"gamma": 3.7495685112706005, "prior": 6.3944419643693875, "rate": 9.853458036647636}, "datetime": {"datetime": "2024-06-14 12:31:20", "elapsed": 11.55618, "delta": 0.009974}}
{"target": -152.69682474635033, "params": {"gamma": 0.36836090554034395, "prior": 3.214846683672905, "rate": 2.313125983692789}, "datetime": {"datetime": "2024-06-14 12:31:20", "elapsed": 11.566153, "delta": 0.009973}}
{"target": -607.2499168505756, "params": {"gamma": 9.223731826093484, "prior": 5.556253632459004, "rate": 0.5380816705607578}, "datetime": {"datetime": "2024-06-14 12:31:20", "elapsed": 11.576126, "delta": 0.009973}}
{"target": -576.1203571391956, "params": {"gamma": 7.552727246484496, "prior": 6.872429831212706, "rate": 6.622078860248277}, "datetime": {"datetime": "2024-06-14 12:31:20", "elapsed": 11.585102, "delta": 0.008976}}
{"target": -715.9543015281879, "params": {"gamma": 9.557332020493899, "prior": 8.758555827281402, "rate": 7.532761600172254}, "datetime": {"datetime": "2024-06-14 12:31:20", "elapsed": 11.595075, "delta": 0.009973}}
{"target": -225.44070945070396, "params": {"gamma": 2.2274368777620133, "prior": 1.4663481242278644, "rate": 2.2096624750777165}, "datetime": {"datetime": "2024-06-14 12:31:20", "elapsed": 11.604556, "delta": 0.009481}}
{"target": -213.30445783030908, "params": {"gamma": 2.0558931010754273, "prior": 5.722849003564123, "rate": 6.63077518785403}, "datetime": {"datetime": "2024-06-14 12:31:20", "elapsed": 11.61453, "delta": 0.009974}}
{"target": -461.03497366042507, "params": {"gamma": 5.274647786496121, "prior": 0.6578589781712976, "rate": 3.6322627869363457}, "datetime": {"datetime": "2024-06-14 12:31:20", "elapsed": 11.624503, "delta": 0.009973}}
{"target": -700.8675475586739, "params": {"gamma": 9.677306363671502, "prior": 6.98556459651058, "rate": 3.698028055635611}, "datetime": {"datetime": "2024-06-14 12:31:20", "elapsed": 11.634477, "delta": 0.009974}}
{"target": -477.94875645762573, "params": {"gamma": 6.716589859874733, "prior": 2.7245859703372814, "rate": 0.7756981624656162}, "datetime": {"datetime": "2024-06-14 12:31:20", "elapsed": 11.643452, "delta": 0.008975}}
{"target": -429.05284147847357, "params": {"gamma": 5.281143325416827, "prior": 2.9687143459337384, "rate": 4.817037304645983}, "datetime": {"datetime": "2024-06-14 12:31:20", "elapsed": 11.654423, "delta": 0.010971}}
{"target": -688.3661383747811, "params": {"gamma": 9.020043950898684, "prior": 6.552229630812366, "rate": 7.233468037123845}, "datetime": {"datetime": "2024-06-14 12:31:20", "elapsed": 11.663399, "delta": 0.008976}}
{"target": -167.3548508131009, "params": {"gamma": 1.0267626657461268, "prior": 4.8486150493478055, "rate": 4.044014562004185}, "datetime": {"datetime": "2024-06-14 12:31:20", "elapsed": 11.673401, "delta": 0.010002}}
{"target": -508.23298179021083, "params": {"gamma": 6.468925570274098, "prior": 2.9485778320940845, "rate": 3.8312640574634482}, "datetime": {"datetime": "2024-06-14 12:31:20", "elapsed": 11.684343, "delta": 0.010942}}
{"target": -764.7268622578705, "params": {"gamma": 9.81018690271792, "prior": 1.23662462107414, "rate": 1.9998787227506973}, "datetime": {"datetime": "2024-06-14 12:31:20", "elapsed": 11.693319, "delta": 0.008976}}
{"target": -230.02725248045166, "params": {"gamma": 2.3912225972933583, "prior": 6.996876584358281, "rate": 7.1371672251136955}, "datetime": {"datetime": "2024-06-14 12:31:20", "elapsed": 11.703798, "delta": 0.010479}}
{"target": -629.3311423868208, "params": {"gamma": 7.847764610820117, "prior": 3.8723393107957245, "rate": 8.524180473287885}, "datetime": {"datetime": "2024-06-14 12:31:20", "elapsed": 11.713771, "delta": 0.009973}}
{"target": -540.6463777209755, "params": {"gamma": 6.973768049350303, "prior": 7.161272986009691, "rate": 8.220064454506392}, "datetime": {"datetime": "2024-06-14 12:31:20", "elapsed": 11.723744, "delta": 0.009973}}
{"target": -432.560901530505, "params": {"gamma": 6.289615458969785, "prior": 4.280053466198156, "rate": 0.3089573128355685}, "datetime": {"datetime": "2024-06-14 12:31:20", "elapsed": 11.733718, "delta": 0.009974}}
{"target": -464.87947703756055, "params": {"gamma": 5.9549611772267355, "prior": 5.681259338068073, "rate": 6.008479407469643}, "datetime": {"datetime": "2024-06-14 12:31:20", "elapsed": 11.743691, "delta": 0.009973}}
{"target": -264.81969254238686, "params": {"gamma": 3.2292118332970405, "prior": 5.593331570762452, "rate": 1.7173913865365833}, "datetime": {"datetime": "2024-06-14 12:31:20", "elapsed": 11.753664, "delta": 0.009973}}
{"target": -575.1726243885922, "params": {"gamma": 6.49894440266871, "prior": 0.8095673895400698, "rate": 8.750896260863644}, "datetime": {"datetime": "2024-06-14 12:31:20", "elapsed": 11.763638, "delta": 0.009974}}
{"target": -229.57733051144368, "params": {"gamma": 2.1621633635158477, "prior": 3.0090612487247013, "rate": 8.847484449475706}, "datetime": {"datetime": "2024-06-14 12:31:20", "elapsed": 11.772614, "delta": 0.008976}}
{"target": -629.0152152385049, "params": {"gamma": 8.836037308166828, "prior": 8.37904543989899, "rate": 3.2700292334455643}, "datetime": {"datetime": "2024-06-14 12:31:20", "elapsed": 11.783584, "delta": 0.01097}}
{"target": -676.9412746309549, "params": {"gamma": 9.023544047406462, "prior": 7.740842728171373, "rate": 6.581171726876564}, "datetime": {"datetime": "2024-06-14 12:31:20", "elapsed": 11.793558, "delta": 0.009974}}
{"target": -654.6727606623292, "params": {"gamma": 8.99813093515086, "prior": 7.853001575402082, "rate": 4.2480703423217}, "datetime": {"datetime": "2024-06-14 12:31:20", "elapsed": 11.802534, "delta": 0.008976}}
{"target": -262.7147185850605, "params": {"gamma": 3.2432279860467617, "prior": 3.999393563924491, "rate": 0.6150601284275855}, "datetime": {"datetime": "2024-06-14 12:31:20", "elapsed": 11.813504, "delta": 0.01097}}
{"target": -322.1629448386949, "params": {"gamma": 3.634945499368943, "prior": 3.595132489864901, "rate": 8.656379251086715}, "datetime": {"datetime": "2024-06-14 12:31:20", "elapsed": 11.823478, "delta": 0.009974}}
{"target": -626.6067922573203, "params": {"gamma": 8.887111795253091, "prior": 9.63421565993784, "rate": 3.282664276898728}, "datetime": {"datetime": "2024-06-14 12:31:20", "elapsed": 11.832454, "delta": 0.008976}}
{"target": -500.63773944896036, "params": {"gamma": 6.933508237753853, "prior": 6.367356052167569, "rate": 2.425195012153892}, "datetime": {"datetime": "2024-06-14 12:31:20", "elapsed": 11.843424, "delta": 0.01097}}
{"target": -711.7334749811132, "params": {"gamma": 8.700006275800442, "prior": 2.219608966119336, "rate": 7.477392312505152}, "datetime": {"datetime": "2024-06-14 12:31:20", "elapsed": 11.852401, "delta": 0.008977}}
{"target": -195.0938582838787, "params": {"gamma": 1.4474946912067754, "prior": 1.1575145967721554, "rate": 7.20350177902532}, "datetime": {"datetime": "2024-06-14 12:31:20", "elapsed": 11.862374, "delta": 0.009973}}
{"target": -429.6327880732205, "params": {"gamma": 5.263654842331062, "prior": 4.484866730228926, "rate": 7.7820274969779515}, "datetime": {"datetime": "2024-06-14 12:31:20", "elapsed": 11.872347, "delta": 0.009973}}
{"target": -304.09259742436194, "params": {"gamma": 3.588074784629776, "prior": 8.548161025287675, "rate": 9.62176279907113}, "datetime": {"datetime": "2024-06-14 12:31:20", "elapsed": 11.883318, "delta": 0.010971}}
{"target": -758.3516254934765, "params": {"gamma": 9.791275810251324, "prior": 2.8485172225745474, "rate": 4.1506553568115665}, "datetime": {"datetime": "2024-06-14 12:31:20", "elapsed": 11.892294, "delta": 0.008976}}
{"target": -547.4698766829807, "params": {"gamma": 7.250373833289235, "prior": 8.95917274672825, "rate": 7.113399789936541}, "datetime": {"datetime": "2024-06-14 12:31:20", "elapsed": 11.903265, "delta": 0.010971}}
{"target": -546.8507690390509, "params": {"gamma": 7.5815646955077245, "prior": 8.84569615448094, "rate": 3.670115433263018}, "datetime": {"datetime": "2024-06-14 12:31:20", "elapsed": 11.913264, "delta": 0.009999}}
{"target": -431.0467841227034, "params": {"gamma": 5.425906871529926, "prior": 5.394222758269183, "rate": 6.4761782194627475}, "datetime": {"datetime": "2024-06-14 12:31:20", "elapsed": 11.922977, "delta": 0.009713}}
{"target": -699.8056440610068, "params": {"gamma": 8.951943613361554, "prior": 6.0481920136487215, "rate": 9.699415438622323}, "datetime": {"datetime": "2024-06-14 12:31:20", "elapsed": 11.93295, "delta": 0.009973}}
{"target": -572.6126800995338, "params": {"gamma": 7.3216234120977175, "prior": 4.211385766390366, "rate": 5.81180346318073}, "datetime": {"datetime": "2024-06-14 12:31:20", "elapsed": 11.943921, "delta": 0.010971}}
{"target": -704.775158779894, "params": {"gamma": 9.223285503388022, "prior": 6.223153800877035, "rate": 7.099576105580202}, "datetime": {"datetime": "2024-06-14 12:31:20", "elapsed": 11.953895, "delta": 0.009974}}
{"target": -493.1132862195379, "params": {"gamma": 6.613259028912707, "prior": 3.42784974510567, "rate": 2.0341452163718596}, "datetime": {"datetime": "2024-06-14 12:31:20", "elapsed": 11.96387, "delta": 0.009975}}
{"target": -369.2755470820053, "params": {"gamma": 4.078721813041604, "prior": 1.592621080704164, "rate": 8.263509143662432}, "datetime": {"datetime": "2024-06-14 12:31:20", "elapsed": 11.974395, "delta": 0.010525}}
{"target": -515.3316931292597, "params": {"gamma": 7.104895674394641, "prior": 4.070456275164108, "rate": 1.7146555781871196}, "datetime": {"datetime": "2024-06-14 12:31:20", "elapsed": 11.984369, "delta": 0.009974}}
{"target": -683.8346485980155, "params": {"gamma": 8.75811759952061, "prior": 6.42673266977647, "rate": 9.966031596995483}, "datetime": {"datetime": "2024-06-14 12:31:20", "elapsed": 11.994341, "delta": 0.009972}}
{"target": -166.35129191760865, "params": {"gamma": 1.0118777980878546, "prior": 2.5239987554093983, "rate": 0.8374656866964549}, "datetime": {"datetime": "2024-06-14 12:31:20", "elapsed": 12.004315, "delta": 0.009974}}
{"target": -629.6119190281576, "params": {"gamma": 7.447673015821188, "prior": 1.6797955636247195, "rate": 8.816713679816221}, "datetime": {"datetime": "2024-06-14 12:31:20", "elapsed": 12.014288, "delta": 0.009973}}
{"target": -354.4653606592141, "params": {"gamma": 4.915303785862436, "prior": 5.309075700418279, "rate": 0.42616036762125126}, "datetime": {"datetime": "2024-06-14 12:31:20", "elapsed": 12.024298, "delta": 0.01001}}
{"target": -473.42899401282494, "params": {"gamma": 6.140922303680539, "prior": 2.353386412041166, "rate": 2.135827389380809}, "datetime": {"datetime": "2024-06-14 12:31:20", "elapsed": 12.034235, "delta": 0.009937}}
{"target": -590.265028799176, "params": {"gamma": 8.953290370672992, "prior": 8.891332155070218, "rate": 0.05364657807886874}, "datetime": {"datetime": "2024-06-14 12:31:20", "elapsed": 12.044236, "delta": 0.010001}}
{"target": -609.7830425789739, "params": {"gamma": 8.323207291901435, "prior": 9.032758516193605, "rate": 5.119964633266645}, "datetime": {"datetime": "2024-06-14 12:31:20", "elapsed": 12.053184, "delta": 0.008948}}
{"target": -502.58605241509525, "params": {"gamma": 6.56208200669582, "prior": 7.701078270941128, "rate": 6.854714307550932}, "datetime": {"datetime": "2024-06-14 12:31:20", "elapsed": 12.065152, "delta": 0.011968}}
{"target": -368.2681682668919, "params": {"gamma": 4.59170508000715, "prior": 5.777177096628812, "rate": 5.74102025787266}, "datetime": {"datetime": "2024-06-14 12:31:20", "elapsed": 12.075125, "delta": 0.009973}}
{"target": -686.0870184323378, "params": {"gamma": 8.421463069722522, "prior": 2.4803729054295243, "rate": 7.572507436190774}, "datetime": {"datetime": "2024-06-14 12:31:20", "elapsed": 12.085098, "delta": 0.009973}}
{"target": -619.2220598570503, "params": {"gamma": 8.12355876007362, "prior": 7.99062037533525, "rate": 8.07727048210085}, "datetime": {"datetime": "2024-06-14 12:31:20", "elapsed": 12.095072, "delta": 0.009974}}
{"target": -646.6176985152898, "params": {"gamma": 8.292970943843157, "prior": 4.23340593789217, "rate": 6.179249469269826}, "datetime": {"datetime": "2024-06-14 12:31:20", "elapsed": 12.105045, "delta": 0.009973}}
{"target": -585.6581603681682, "params": {"gamma": 7.552699915952439, "prior": 7.720679136482666, "rate": 9.586087624632432}, "datetime": {"datetime": "2024-06-14 12:31:20", "elapsed": 12.115018, "delta": 0.009973}}
{"target": -727.514900244158, "params": {"gamma": 9.750777680644457, "prior": 5.690872459899503, "rate": 4.657924948350314}, "datetime": {"datetime": "2024-06-14 12:31:20", "elapsed": 12.124993, "delta": 0.009975}}
{"target": -684.7849879945251, "params": {"gamma": 8.35541774153753, "prior": 2.2776131471709045, "rate": 7.664214496519479}, "datetime": {"datetime": "2024-06-14 12:31:20", "elapsed": 12.134965, "delta": 0.009972}}
{"target": -205.25513312803676, "params": {"gamma": 1.920923979668611, "prior": 5.957112902935368, "rate": 6.068707734799046}, "datetime": {"datetime": "2024-06-14 12:31:20", "elapsed": 12.144938, "delta": 0.009973}}
{"target": -346.8617447225972, "params": {"gamma": 4.418996184218967, "prior": 8.659051462799177, "rate": 5.435278379231555}, "datetime": {"datetime": "2024-06-14 12:31:20", "elapsed": 12.154912, "delta": 0.009974}}
{"target": -357.1259351203474, "params": {"gamma": 4.927804379534841, "prior": 4.2394437931335665, "rate": 0.6231896086801356}, "datetime": {"datetime": "2024-06-14 12:31:20", "elapsed": 12.164885, "delta": 0.009973}}
{"target": -337.0420156311165, "params": {"gamma": 3.622132449809016, "prior": 1.0188720461219751, "rate": 5.656819358260873}, "datetime": {"datetime": "2024-06-14 12:31:20", "elapsed": 12.174859, "delta": 0.009974}}
{"target": -488.9689366925153, "params": {"gamma": 6.4053758139443495, "prior": 7.701044399919781, "rate": 6.325720028185084}, "datetime": {"datetime": "2024-06-14 12:31:20", "elapsed": 12.18583, "delta": 0.010971}}
{"target": -200.4191070218052, "params": {"gamma": 1.8714204909994507, "prior": 7.527415112713252, "rate": 5.489045144907434}, "datetime": {"datetime": "2024-06-14 12:31:20", "elapsed": 12.195803, "delta": 0.009973}}
{"target": -175.09904201672697, "params": {"gamma": 1.0226014229845646, "prior": 0.34578758896028944, "rate": 2.988163177641064}, "datetime": {"datetime": "2024-06-14 12:31:20", "elapsed": 12.206774, "delta": 0.010971}}
{"target": -531.7686713338534, "params": {"gamma": 6.900460277619986, "prior": 9.334604669396944, "rate": 9.665005509601515}, "datetime": {"datetime": "2024-06-14 12:31:20", "elapsed": 12.217744, "delta": 0.01097}}
{"target": -611.7450223202744, "params": {"gamma": 7.645716345257133, "prior": 3.003166938498256, "rate": 6.2210691836043965}, "datetime": {"datetime": "2024-06-14 12:31:20", "elapsed": 12.227718, "delta": 0.009974}}
{"target": -216.24285607531422, "params": {"gamma": 2.3117301792407194, "prior": 7.53183467935155, "rate": 1.6595044277657995}, "datetime": {"datetime": "2024-06-14 12:31:20", "elapsed": 12.238688, "delta": 0.01097}}
{"target": -559.1336765991969, "params": {"gamma": 7.564947384855503, "prior": 8.699031089411767, "rate": 5.195544029510985}, "datetime": {"datetime": "2024-06-14 12:31:20", "elapsed": 12.249659, "delta": 0.010971}}
{"target": -158.02893689922885, "params": {"gamma": 0.657282747746784, "prior": 4.544031005383378, "rate": 8.378448285186794}, "datetime": {"datetime": "2024-06-14 12:31:20", "elapsed": 12.259632, "delta": 0.009973}}
