{"target": -880.9342570465556, "params": {"gamma": 5.754942892815359, "lr": 0.30779227833471057}, "datetime": {"datetime": "2024-06-13 21:42:37", "elapsed": 5.46202, "delta": 0.003993}}
{"target": -298.023523759177, "params": {"gamma": 1.5159891044593792, "lr": 0.9712833117325801}, "datetime": {"datetime": "2024-06-13 21:42:37", "elapsed": 5.466009, "delta": 0.003989}}
{"target": -300.08050253963313, "params": {"gamma": 1.6505577067216257, "lr": 0.7272354411432771}, "datetime": {"datetime": "2024-06-13 21:42:37", "elapsed": 5.471229, "delta": 0.00522}}
{"target": -1527.2927664931246, "params": {"gamma": 8.907351190743636, "lr": 0.8587151157269453}, "datetime": {"datetime": "2024-06-13 21:42:37", "elapsed": 5.475219, "delta": 0.00399}}
{"target": -318.8046090085365, "params": {"gamma": 1.8433864145173096, "lr": 0.23680853369423926}, "datetime": {"datetime": "2024-06-13 21:42:37", "elapsed": 5.480207, "delta": 0.004988}}
{"target": -137.49096661826985, "params": {"gamma": 0.1846080023892216, "lr": 0.9314054672648543}, "datetime": {"datetime": "2024-06-13 21:42:37", "elapsed": 5.484197, "delta": 0.00399}}
{"target": -1334.4289756587896, "params": {"gamma": 8.871324645396406, "lr": 0.5954661689695429}, "datetime": {"datetime": "2024-06-13 21:42:37", "elapsed": 5.488186, "delta": 0.003989}}
{"target": -230.89325869038586, "params": {"gamma": 1.0945671874130298, "lr": 0.17354264684250154}, "datetime": {"datetime": "2024-06-13 21:42:37", "elapsed": 5.492644, "delta": 0.004458}}
{"target": -945.865498328488, "params": {"gamma": 5.770026748955153, "lr": 0.25165697350014493}, "datetime": {"datetime": "2024-06-13 21:42:37", "elapsed": 5.496633, "delta": 0.003989}}
{"target": -540.4901473172945, "params": {"gamma": 3.0024181605272484, "lr": 0.17098734894301837}, "datetime": {"datetime": "2024-06-13 21:42:37", "elapsed": 5.501245, "delta": 0.004612}}
{"target": -274.1842746652908, "params": {"gamma": 1.8967275990085757, "lr": 0.4634211543904514}, "datetime": {"datetime": "2024-06-13 21:42:37", "elapsed": 5.505234, "delta": 0.003989}}
{"target": -725.0666739072896, "params": {"gamma": 5.099229852311732, "lr": 0.5115798896647326}, "datetime": {"datetime": "2024-06-13 21:42:37", "elapsed": 5.510221, "delta": 0.004987}}
{"target": -2270.1851719010824, "params": {"gamma": 9.971390854869842, "lr": 0.1295958172701398}, "datetime": {"datetime": "2024-06-13 21:42:37", "elapsed": 5.51421, "delta": 0.003989}}
{"target": -1241.2291572077447, "params": {"gamma": 7.561942713988967, "lr": 0.7937567472248925}, "datetime": {"datetime": "2024-06-13 21:42:37", "elapsed": 5.519196, "delta": 0.004986}}
{"target": -771.6592942332705, "params": {"gamma": 5.849241105106437, "lr": 0.4627381802693252}, "datetime": {"datetime": "2024-06-13 21:42:37", "elapsed": 5.523185, "delta": 0.003989}}
{"target": -1457.9734091587243, "params": {"gamma": 8.934372946865443, "lr": 0.8281802190731247}, "datetime": {"datetime": "2024-06-13 21:42:37", "elapsed": 5.527175, "delta": 0.00399}}
{"target": -155.46644261596006, "params": {"gamma": 0.5038590693510084, "lr": 0.962983753087854}, "datetime": {"datetime": "2024-06-13 21:42:37", "elapsed": 5.531165, "delta": 0.00399}}
{"target": -140.50308282129822, "params": {"gamma": 0.07439157764468438, "lr": 0.5731322046839419}, "datetime": {"datetime": "2024-06-13 21:42:37", "elapsed": 5.536151, "delta": 0.004986}}
{"target": -971.4263277771721, "params": {"gamma": 5.7247357384538, "lr": 0.8343796647905168}, "datetime": {"datetime": "2024-06-13 21:42:37", "elapsed": 5.54014, "delta": 0.003989}}
{"target": -874.9517570757866, "params": {"gamma": 3.8477759631858306, "lr": 0.09104086904598219}, "datetime": {"datetime": "2024-06-13 21:42:37", "elapsed": 5.54413, "delta": 0.00399}}
{"target": -1427.137340118169, "params": {"gamma": 5.81729100641988, "lr": 0.024845860363731265}, "datetime": {"datetime": "2024-06-13 21:42:37", "elapsed": 5.549116, "delta": 0.004986}}
{"target": -650.7907093740272, "params": {"gamma": 3.618595813310707, "lr": 0.9853168020853229}, "datetime": {"datetime": "2024-06-13 21:42:37", "elapsed": 5.553106, "delta": 0.00399}}
{"target": -1717.0536541387269, "params": {"gamma": 8.687919916680645, "lr": 0.15249674176120542}, "datetime": {"datetime": "2024-06-13 21:42:37", "elapsed": 5.558094, "delta": 0.004988}}
{"target": -1305.7122427304382, "params": {"gamma": 7.988462064471767, "lr": 0.8109969194215267}, "datetime": {"datetime": "2024-06-13 21:42:37", "elapsed": 5.562082, "delta": 0.003988}}
{"target": -1484.6247112211959, "params": {"gamma": 9.282143984052633, "lr": 0.22438426604398454}, "datetime": {"datetime": "2024-06-13 21:42:37", "elapsed": 5.567068, "delta": 0.004986}}
{"target": -823.9986672143357, "params": {"gamma": 4.990175777525101, "lr": 0.8274440914110759}, "datetime": {"datetime": "2024-06-13 21:42:37", "elapsed": 5.571058, "delta": 0.00399}}
{"target": -1007.2678856642912, "params": {"gamma": 6.673670516196978, "lr": 0.5939361433837695}, "datetime": {"datetime": "2024-06-13 21:42:37", "elapsed": 5.575047, "delta": 0.003989}}
{"target": -1048.3520548411482, "params": {"gamma": 6.520106231886649, "lr": 0.23851601279901302}, "datetime": {"datetime": "2024-06-13 21:42:37", "elapsed": 5.580034, "delta": 0.004987}}
{"target": -137.39869129675236, "params": {"gamma": 0.2563753086730316, "lr": 0.736257257446534}, "datetime": {"datetime": "2024-06-13 21:42:37", "elapsed": 5.584023, "delta": 0.003989}}
{"target": -478.57211729548857, "params": {"gamma": 3.268591461483445, "lr": 0.3767568869201464}, "datetime": {"datetime": "2024-06-13 21:42:37", "elapsed": 5.58901, "delta": 0.004987}}
{"target": -938.9974229069844, "params": {"gamma": 6.126547925441392, "lr": 0.657165042363517}, "datetime": {"datetime": "2024-06-13 21:42:37", "elapsed": 5.592999, "delta": 0.003989}}
{"target": -355.9739067879521, "params": {"gamma": 2.0297861073278014, "lr": 0.8260315378454188}, "datetime": {"datetime": "2024-06-13 21:42:37", "elapsed": 5.597986, "delta": 0.004987}}
{"target": -590.4781788354436, "params": {"gamma": 3.802685845849549, "lr": 0.6317444085013915}, "datetime": {"datetime": "2024-06-13 21:42:37", "elapsed": 5.601975, "delta": 0.003989}}
{"target": -1369.6746494195957, "params": {"gamma": 9.664147745107453, "lr": 0.5647862352666362}, "datetime": {"datetime": "2024-06-13 21:42:37", "elapsed": 5.605964, "delta": 0.003989}}
{"target": -541.5440989913973, "params": {"gamma": 3.58975250674678, "lr": 0.6189701087401422}, "datetime": {"datetime": "2024-06-13 21:42:37", "elapsed": 5.610472, "delta": 0.004508}}
{"target": -670.976521182195, "params": {"gamma": 5.018429387513632, "lr": 0.45237624777785157}, "datetime": {"datetime": "2024-06-13 21:42:37", "elapsed": 5.615458, "delta": 0.004986}}
{"target": -1292.009476462444, "params": {"gamma": 7.32297507682793, "lr": 0.9245101499841026}, "datetime": {"datetime": "2024-06-13 21:42:37", "elapsed": 5.619448, "delta": 0.00399}}
{"target": -1139.8621613322377, "params": {"gamma": 4.793234881420612, "lr": 0.08823015100009579}, "datetime": {"datetime": "2024-06-13 21:42:37", "elapsed": 5.624434, "delta": 0.004986}}
{"target": -918.433013017543, "params": {"gamma": 5.696965913284056, "lr": 0.2449508551148344}, "datetime": {"datetime": "2024-06-13 21:42:37", "elapsed": 5.628424, "delta": 0.00399}}
{"target": -142.3235109721881, "params": {"gamma": 0.3967395368422162, "lr": 0.7881402066436831}, "datetime": {"datetime": "2024-06-13 21:42:37", "elapsed": 5.63341, "delta": 0.004986}}
{"target": -463.6961681034852, "params": {"gamma": 2.728409598411216, "lr": 0.7770704929423838}, "datetime": {"datetime": "2024-06-13 21:42:37", "elapsed": 5.637399, "delta": 0.003989}}
{"target": -749.9144200096111, "params": {"gamma": 4.882601221938961, "lr": 0.31793589107511533}, "datetime": {"datetime": "2024-06-13 21:42:37", "elapsed": 5.641389, "delta": 0.00399}}
{"target": -783.947546379563, "params": {"gamma": 3.1409404750589167, "lr": 0.04202476008611444}, "datetime": {"datetime": "2024-06-13 21:42:37", "elapsed": 5.646375, "delta": 0.004986}}
{"target": -880.8116581531709, "params": {"gamma": 5.344463969208603, "lr": 0.8235515559967603}, "datetime": {"datetime": "2024-06-13 21:42:37", "elapsed": 5.650365, "delta": 0.00399}}
{"target": -226.10188631402195, "params": {"gamma": 0.8398696296412803, "lr": 0.10855870560871761}, "datetime": {"datetime": "2024-06-13 21:42:37", "elapsed": 5.655351, "delta": 0.004986}}
{"target": -813.5964776304343, "params": {"gamma": 5.293030012750302, "lr": 0.6601418096235968}, "datetime": {"datetime": "2024-06-13 21:42:37", "elapsed": 5.659341, "delta": 0.00399}}
{"target": -1060.3010947741004, "params": {"gamma": 6.947765177374281, "lr": 0.313221695146886}, "datetime": {"datetime": "2024-06-13 21:42:37", "elapsed": 5.664327, "delta": 0.004986}}
{"target": -134.3563068005793, "params": {"gamma": 0.37873998028565886, "lr": 0.4145628796923949}, "datetime": {"datetime": "2024-06-13 21:42:37", "elapsed": 5.668317, "delta": 0.00399}}
{"target": -574.5740395654707, "params": {"gamma": 2.2612156645820662, "lr": 0.0011148302524066622}, "datetime": {"datetime": "2024-06-13 21:42:37", "elapsed": 5.672306, "delta": 0.003989}}
{"target": -1211.1468428157025, "params": {"gamma": 6.857480005685141, "lr": 0.9520625390545332}, "datetime": {"datetime": "2024-06-13 21:42:37", "elapsed": 5.677293, "delta": 0.004987}}
{"target": -604.5553212816377, "params": {"gamma": 3.9121264535897473, "lr": 0.3002984293714631}, "datetime": {"datetime": "2024-06-13 21:42:37", "elapsed": 5.681282, "delta": 0.003989}}
{"target": -940.433971183732, "params": {"gamma": 5.537964374290343, "lr": 0.8519762580648814}, "datetime": {"datetime": "2024-06-13 21:42:37", "elapsed": 5.685271, "delta": 0.003989}}
{"target": -1264.2585643625948, "params": {"gamma": 7.9498792795045405, "lr": 0.6847567049785765}, "datetime": {"datetime": "2024-06-13 21:42:37", "elapsed": 5.690258, "delta": 0.004987}}
{"target": -696.0959126512828, "params": {"gamma": 4.321638805905765, "lr": 0.6904340198543137}, "datetime": {"datetime": "2024-06-13 21:42:37", "elapsed": 5.694247, "delta": 0.003989}}
{"target": -370.9329369551375, "params": {"gamma": 2.161037487164819, "lr": 0.28394343784624676}, "datetime": {"datetime": "2024-06-13 21:42:37", "elapsed": 5.699234, "delta": 0.004987}}
{"target": -1371.1565721313941, "params": {"gamma": 7.778428288392944, "lr": 0.9299801363463566}, "datetime": {"datetime": "2024-06-13 21:42:37", "elapsed": 5.703223, "delta": 0.003989}}
{"target": -312.39179481638985, "params": {"gamma": 1.9013049866632814, "lr": 0.29606328941823257}, "datetime": {"datetime": "2024-06-13 21:42:37", "elapsed": 5.707213, "delta": 0.00399}}
{"target": -141.2276284088836, "params": {"gamma": 0.06309646163797043, "lr": 0.43156224528040166}, "datetime": {"datetime": "2024-06-13 21:42:37", "elapsed": 5.712199, "delta": 0.004986}}
{"target": -342.0645129998701, "params": {"gamma": 2.103740422454257, "lr": 0.6414247825536215}, "datetime": {"datetime": "2024-06-13 21:42:37", "elapsed": 5.716189, "delta": 0.00399}}
{"target": -1547.2609060097218, "params": {"gamma": 7.096182567565407, "lr": 0.11877771439848506}, "datetime": {"datetime": "2024-06-13 21:42:37", "elapsed": 5.720178, "delta": 0.003989}}
{"target": -192.78633425085675, "params": {"gamma": 0.8223578763172843, "lr": 0.9063350695803358}, "datetime": {"datetime": "2024-06-13 21:42:37", "elapsed": 5.725165, "delta": 0.004987}}
{"target": -559.0780577582905, "params": {"gamma": 3.8929983086548985, "lr": 0.5334034972660143}, "datetime": {"datetime": "2024-06-13 21:42:37", "elapsed": 5.729154, "delta": 0.003989}}
{"target": -1576.4836700887797, "params": {"gamma": 9.632452407571792, "lr": 0.7590540122163353}, "datetime": {"datetime": "2024-06-13 21:42:37", "elapsed": 5.734141, "delta": 0.004987}}
{"target": -781.1538617493292, "params": {"gamma": 3.256077435692296, "lr": 0.08584930112029354}, "datetime": {"datetime": "2024-06-13 21:42:37", "elapsed": 5.73813, "delta": 0.003989}}
{"target": -791.7496386019088, "params": {"gamma": 5.360704142867423, "lr": 0.33612544293733115}, "datetime": {"datetime": "2024-06-13 21:42:37", "elapsed": 5.742119, "delta": 0.003989}}
{"target": -136.2808902607327, "params": {"gamma": 0.21783235985649294, "lr": 0.7711523332537787}, "datetime": {"datetime": "2024-06-13 21:42:37", "elapsed": 5.747106, "delta": 0.004987}}
{"target": -557.5517434555497, "params": {"gamma": 3.849706389409975, "lr": 0.5713211500587355}, "datetime": {"datetime": "2024-06-13 21:42:37", "elapsed": 5.751096, "delta": 0.00399}}
{"target": -1332.7913408486313, "params": {"gamma": 7.557672815106508, "lr": 0.9408474199010457}, "datetime": {"datetime": "2024-06-13 21:42:37", "elapsed": 5.756082, "delta": 0.004986}}
{"target": -936.3544949093393, "params": {"gamma": 6.123611064507542, "lr": 0.31539617878014314}, "datetime": {"datetime": "2024-06-13 21:42:37", "elapsed": 5.760074, "delta": 0.003992}}
{"target": -306.4517233210359, "params": {"gamma": 1.1016550019623323, "lr": 0.07391888791127221}, "datetime": {"datetime": "2024-06-13 21:42:37", "elapsed": 5.765061, "delta": 0.004987}}
{"target": -500.7840966198616, "params": {"gamma": 3.197588047953422, "lr": 0.660839138956005}, "datetime": {"datetime": "2024-06-13 21:42:37", "elapsed": 5.76905, "delta": 0.003989}}
{"target": -1110.262276694489, "params": {"gamma": 6.9518254952121765, "lr": 0.20771804006298766}, "datetime": {"datetime": "2024-06-13 21:42:37", "elapsed": 5.774037, "delta": 0.004987}}
{"target": -170.85286226057238, "params": {"gamma": 0.8288765899448861, "lr": 0.3055106612860311}, "datetime": {"datetime": "2024-06-13 21:42:37", "elapsed": 5.779029, "delta": 0.004992}}
{"target": -903.9289253506917, "params": {"gamma": 5.476198023985873, "lr": 0.7546696744748647}, "datetime": {"datetime": "2024-06-13 21:42:37", "elapsed": 5.783015, "delta": 0.003986}}
{"target": -822.0360455967603, "params": {"gamma": 5.297043548379857, "lr": 0.28698375274707455}, "datetime": {"datetime": "2024-06-13 21:42:37", "elapsed": 5.788002, "delta": 0.004987}}
{"target": -1021.8033137409047, "params": {"gamma": 6.242173052915846, "lr": 0.2648366551761958}, "datetime": {"datetime": "2024-06-13 21:42:37", "elapsed": 5.791993, "delta": 0.003991}}
{"target": -1104.7133448343393, "params": {"gamma": 6.527276450430897, "lr": 0.8418980078267378}, "datetime": {"datetime": "2024-06-13 21:42:37", "elapsed": 5.79698, "delta": 0.004987}}
{"target": -911.5704580555167, "params": {"gamma": 6.389839255863949, "lr": 0.5656314689767339}, "datetime": {"datetime": "2024-06-13 21:42:37", "elapsed": 5.800971, "delta": 0.003991}}
{"target": -549.6132946894367, "params": {"gamma": 3.072113950599342, "lr": 0.8767770399379612}, "datetime": {"datetime": "2024-06-13 21:42:37", "elapsed": 5.804961, "delta": 0.00399}}
{"target": -1617.9092408764973, "params": {"gamma": 9.888230025288278, "lr": 0.777479431209941}, "datetime": {"datetime": "2024-06-13 21:42:37", "elapsed": 5.809948, "delta": 0.004987}}
{"target": -1313.3942995139587, "params": {"gamma": 5.736864931846622, "lr": 0.14127933264100168}, "datetime": {"datetime": "2024-06-13 21:42:37", "elapsed": 5.813937, "delta": 0.003989}}
{"target": -448.5612970883894, "params": {"gamma": 3.1499752949036433, "lr": 0.3668593185911837}, "datetime": {"datetime": "2024-06-13 21:42:37", "elapsed": 5.818924, "delta": 0.004987}}
{"target": -402.0312719271138, "params": {"gamma": 2.9196603150536307, "lr": 0.4459528147489278}, "datetime": {"datetime": "2024-06-13 21:42:37", "elapsed": 5.822933, "delta": 0.004009}}
{"target": -977.6773135846923, "params": {"gamma": 6.106714536159591, "lr": 0.2129145905151636}, "datetime": {"datetime": "2024-06-13 21:42:37", "elapsed": 5.826922, "delta": 0.003989}}
{"target": -562.9471812031559, "params": {"gamma": 2.4983477831127514, "lr": 0.11215048322109678}, "datetime": {"datetime": "2024-06-13 21:42:37", "elapsed": 5.831909, "delta": 0.004987}}
{"target": -418.68787302821005, "params": {"gamma": 3.07657830315885, "lr": 0.49744827858464324}, "datetime": {"datetime": "2024-06-13 21:42:37", "elapsed": 5.835898, "delta": 0.003989}}
{"target": -871.4751707204306, "params": {"gamma": 4.898588039316173, "lr": 0.9955772118463961}, "datetime": {"datetime": "2024-06-13 21:42:37", "elapsed": 5.840905, "delta": 0.005007}}
{"target": -1292.8633833003507, "params": {"gamma": 9.811104522073206, "lr": 0.4365627716811432}, "datetime": {"datetime": "2024-06-13 21:42:37", "elapsed": 5.845892, "delta": 0.004987}}
{"target": -1544.8103052094964, "params": {"gamma": 9.720234197281384, "lr": 0.21439790417581406}, "datetime": {"datetime": "2024-06-13 21:42:37", "elapsed": 5.849901, "delta": 0.004009}}
{"target": -721.8329100583671, "params": {"gamma": 5.411667740203425, "lr": 0.4534353144697316}, "datetime": {"datetime": "2024-06-13 21:42:37", "elapsed": 5.854883, "delta": 0.004982}}
{"target": -1628.5162537485492, "params": {"gamma": 9.67612136622795, "lr": 0.8361762231353584}, "datetime": {"datetime": "2024-06-13 21:42:37", "elapsed": 5.858873, "delta": 0.00399}}
{"target": -305.3547909712975, "params": {"gamma": 2.142255100882632, "lr": 0.43953910215539116}, "datetime": {"datetime": "2024-06-13 21:42:37", "elapsed": 5.862915, "delta": 0.004042}}
{"target": -264.1753366014907, "params": {"gamma": 1.685601239492825, "lr": 0.5290872104552504}, "datetime": {"datetime": "2024-06-13 21:42:37", "elapsed": 5.867902, "delta": 0.004987}}
{"target": -1937.3518869316576, "params": {"gamma": 7.935053256996167, "lr": 0.03587914896601674}, "datetime": {"datetime": "2024-06-13 21:42:37", "elapsed": 5.87207, "delta": 0.004168}}
{"target": -362.7002056173865, "params": {"gamma": 1.9143974164796644, "lr": 0.9774555643930162}, "datetime": {"datetime": "2024-06-13 21:42:38", "elapsed": 5.877057, "delta": 0.004987}}
{"target": -1361.817422802679, "params": {"gamma": 9.608012262900427, "lr": 0.5565916591021018}, "datetime": {"datetime": "2024-06-13 21:42:38", "elapsed": 5.881049, "delta": 0.003992}}
{"target": -1057.0496696625257, "params": {"gamma": 6.461261124237896, "lr": 0.27209301429327437}, "datetime": {"datetime": "2024-06-13 21:42:38", "elapsed": 5.885037, "delta": 0.003988}}
{"target": -1510.8133057588934, "params": {"gamma": 9.520958766042686, "lr": 0.66977480632724}, "datetime": {"datetime": "2024-06-13 21:42:38", "elapsed": 5.890026, "delta": 0.004989}}
{"target": -1632.1580691021275, "params": {"gamma": 6.6684131433924785, "lr": 0.011103333369922863}, "datetime": {"datetime": "2024-06-13 21:42:38", "elapsed": 5.894015, "delta": 0.003989}}
{"target": -1397.927005950785, "params": {"gamma": 8.529845528647078, "lr": 0.7783262186802019}, "datetime": {"datetime": "2024-06-13 21:42:38", "elapsed": 5.898005, "delta": 0.00399}}
{"target": -1134.7752966396567, "params": {"gamma": 6.849555045051163, "lr": 0.740781813019585}, "datetime": {"datetime": "2024-06-13 21:42:38", "elapsed": 5.902994, "delta": 0.004989}}
{"target": -287.4892561560711, "params": {"gamma": 1.5665676735591734, "lr": 0.71877505284865}, "datetime": {"datetime": "2024-06-13 21:42:38", "elapsed": 5.906982, "delta": 0.003988}}
{"target": -197.8785044829266, "params": {"gamma": 0.9690872885214075, "lr": 0.7069494480386341}, "datetime": {"datetime": "2024-06-13 21:42:38", "elapsed": 5.910989, "delta": 0.004007}}
{"target": -143.74014637781482, "params": {"gamma": 0.027315329458906884, "lr": 0.7762057874603809}, "datetime": {"datetime": "2024-06-13 21:42:38", "elapsed": 5.915976, "delta": 0.004987}}
{"target": -791.0856807042734, "params": {"gamma": 4.916080290630613, "lr": 0.20438686629786484}, "datetime": {"datetime": "2024-06-13 21:42:38", "elapsed": 5.919967, "delta": 0.003991}}
{"target": -1112.1965579416749, "params": {"gamma": 7.292736897839507, "lr": 0.3156541317831608}, "datetime": {"datetime": "2024-06-13 21:42:38", "elapsed": 5.924955, "delta": 0.004988}}
{"target": -1541.0130126922963, "params": {"gamma": 8.83829208238512, "lr": 0.18023352523222202}, "datetime": {"datetime": "2024-06-13 21:42:38", "elapsed": 5.929453, "delta": 0.004498}}
{"target": -1650.5850202174256, "params": {"gamma": 9.385567992205967, "lr": 0.9707501480531616}, "datetime": {"datetime": "2024-06-13 21:42:38", "elapsed": 5.933947, "delta": 0.004494}}
{"target": -538.5187554058958, "params": {"gamma": 3.0455479552792557, "lr": 0.8624863997043009}, "datetime": {"datetime": "2024-06-13 21:42:38", "elapsed": 5.937936, "delta": 0.003989}}
{"target": -1092.6710555762031, "params": {"gamma": 8.421949009551232, "lr": 0.4246127100946028}, "datetime": {"datetime": "2024-06-13 21:42:38", "elapsed": 5.942923, "delta": 0.004987}}
{"target": -603.8249590087687, "params": {"gamma": 3.637480394119995, "lr": 0.282437473235045}, "datetime": {"datetime": "2024-06-13 21:42:38", "elapsed": 5.946912, "delta": 0.003989}}
{"target": -1615.7640186521894, "params": {"gamma": 9.93237460787099, "lr": 0.25575102695189966}, "datetime": {"datetime": "2024-06-13 21:42:38", "elapsed": 5.950917, "delta": 0.004005}}
{"target": -1192.6908725277626, "params": {"gamma": 9.206835301993463, "lr": 0.4283352137597225}, "datetime": {"datetime": "2024-06-13 21:42:38", "elapsed": 5.955904, "delta": 0.004987}}
{"target": -1574.959066725004, "params": {"gamma": 9.354334696401745, "lr": 0.8388448341981828}, "datetime": {"datetime": "2024-06-13 21:42:38", "elapsed": 5.959893, "delta": 0.003989}}
{"target": -261.0915565872603, "params": {"gamma": 1.5586174788295128, "lr": 0.5742833543508832}, "datetime": {"datetime": "2024-06-13 21:42:38", "elapsed": 5.96488, "delta": 0.004987}}
{"target": -877.8678620348066, "params": {"gamma": 6.7353566438421755, "lr": 0.4058204059990451}, "datetime": {"datetime": "2024-06-13 21:42:38", "elapsed": 5.970115, "delta": 0.005235}}
{"target": -141.890822328042, "params": {"gamma": 0.04976556777778367, "lr": 0.3253313297689604}, "datetime": {"datetime": "2024-06-13 21:42:38", "elapsed": 5.975101, "delta": 0.004986}}
