{"target": -144.62033420444135, "params": {"gamma": 0.518425063389165, "prior": 8.023345278411995, "rate": 1.8127106900062346}, "datetime": {"datetime": "2024-06-14 11:40:54", "elapsed": 17.159863, "delta": 0.010969}}
{"target": -391.7571246713728, "params": {"gamma": 6.687743802830694, "prior": 8.370179976185053, "rate": 9.648000771149587}, "datetime": {"datetime": "2024-06-14 11:40:54", "elapsed": 17.169836, "delta": 0.009973}}
{"target": -188.1227722505991, "params": {"gamma": 1.2693322409733296, "prior": 5.2807820848604825, "rate": 8.506259835578277}, "datetime": {"datetime": "2024-06-14 11:40:54", "elapsed": 17.17981, "delta": 0.009974}}
{"target": -327.1781597459275, "params": {"gamma": 5.376554931110454, "prior": 7.327460113254701, "rate": 7.854811002586698}, "datetime": {"datetime": "2024-06-14 11:40:54", "elapsed": 17.190007, "delta": 0.010197}}
{"target": -497.09277373055994, "params": {"gamma": 8.36611885215124, "prior": 6.698671028783691, "rate": 8.977494158102747}, "datetime": {"datetime": "2024-06-14 11:40:54", "elapsed": 17.20031, "delta": 0.010303}}
{"target": -325.2711326225948, "params": {"gamma": 6.4782645488662265, "prior": 9.451910164511617, "rate": 6.293354520653859}, "datetime": {"datetime": "2024-06-14 11:40:54", "elapsed": 17.20979, "delta": 0.00948}}
{"target": -402.4611584286255, "params": {"gamma": 8.724413810278625, "prior": 5.996988068238829, "rate": 3.4441454939220204}, "datetime": {"datetime": "2024-06-14 11:40:54", "elapsed": 17.219764, "delta": 0.009974}}
{"target": -348.13111956160674, "params": {"gamma": 8.134761405617539, "prior": 4.380572177078845, "rate": 1.26633005871915}, "datetime": {"datetime": "2024-06-14 11:40:54", "elapsed": 17.230734, "delta": 0.01097}}
{"target": -450.0774455459644, "params": {"gamma": 9.685718757922707, "prior": 8.540378886592336, "rate": 5.613032976457021}, "datetime": {"datetime": "2024-06-14 11:40:54", "elapsed": 17.240708, "delta": 0.009974}}
{"target": -286.45908063650404, "params": {"gamma": 6.70645236332923, "prior": 9.97746979690073, "rate": 1.6139258941379875}, "datetime": {"datetime": "2024-06-14 11:40:54", "elapsed": 17.250681, "delta": 0.009973}}
{"target": -360.2658234914964, "params": {"gamma": 5.345865061083275, "prior": 3.9706892074339746, "rate": 5.411934552410746}, "datetime": {"datetime": "2024-06-14 11:40:54", "elapsed": 17.260654, "delta": 0.009973}}
{"target": -165.82028351397864, "params": {"gamma": 1.0346751548979976, "prior": 4.463348355283198, "rate": 4.615179910338178}, "datetime": {"datetime": "2024-06-14 11:40:54", "elapsed": 17.270628, "delta": 0.009974}}
{"target": -328.89304470211806, "params": {"gamma": 5.959320550265768, "prior": 6.657514292740112, "rate": 5.9019035859365445}, "datetime": {"datetime": "2024-06-14 11:40:54", "elapsed": 17.280601, "delta": 0.009973}}
{"target": -366.18245713577903, "params": {"gamma": 7.294098218201382, "prior": 5.850935976242481, "rate": 4.431587983023527}, "datetime": {"datetime": "2024-06-14 11:40:54", "elapsed": 17.291572, "delta": 0.010971}}
{"target": -254.0160670026967, "params": {"gamma": 4.968387656954369, "prior": 4.3578792885960675, "rate": 2.1015284571954447}, "datetime": {"datetime": "2024-06-14 11:40:54", "elapsed": 17.301547, "delta": 0.009975}}
{"target": -199.64232443127258, "params": {"gamma": 2.268784360438243, "prior": 4.628147893294655, "rate": 4.336093573615487}, "datetime": {"datetime": "2024-06-14 11:40:54", "elapsed": 17.311521, "delta": 0.009974}}
{"target": -512.5153375874338, "params": {"gamma": 7.793058306926475, "prior": 4.266497925247028, "rate": 6.734009957010978}, "datetime": {"datetime": "2024-06-14 11:40:54", "elapsed": 17.321494, "delta": 0.009973}}
{"target": -175.98038082117853, "params": {"gamma": 1.6612208005950855, "prior": 8.258183945490565, "rate": 6.8543823546258436}, "datetime": {"datetime": "2024-06-14 11:40:54", "elapsed": 17.331468, "delta": 0.009974}}
{"target": -558.7624702550152, "params": {"gamma": 7.890734933535461, "prior": 3.6588964274812152, "rate": 6.62582745539401}, "datetime": {"datetime": "2024-06-14 11:40:54", "elapsed": 17.342438, "delta": 0.01097}}
{"target": -203.1210850769393, "params": {"gamma": 2.1716875482551337, "prior": 2.287957296922715, "rate": 2.4253252674042707}, "datetime": {"datetime": "2024-06-14 11:40:54", "elapsed": 17.352412, "delta": 0.009974}}
{"target": -272.8258252288909, "params": {"gamma": 2.646618581923333, "prior": 4.143278360424636, "rate": 8.287125786730796}, "datetime": {"datetime": "2024-06-14 11:40:54", "elapsed": 17.362385, "delta": 0.009973}}
{"target": -385.26832951345364, "params": {"gamma": 9.474248122372826, "prior": 6.361334167652156, "rate": 1.348256625665745}, "datetime": {"datetime": "2024-06-14 11:40:54", "elapsed": 17.37289, "delta": 0.010505}}
{"target": -218.17368350459466, "params": {"gamma": 4.200514533381073, "prior": 9.36823535020746, "rate": 3.206122209008569}, "datetime": {"datetime": "2024-06-14 11:40:54", "elapsed": 17.383682, "delta": 0.010792}}
{"target": -298.2080823988964, "params": {"gamma": 6.1931905794918185, "prior": 9.357823108034191, "rate": 4.607362678122438}, "datetime": {"datetime": "2024-06-14 11:40:54", "elapsed": 17.393651, "delta": 0.009969}}
{"target": -305.68930068125445, "params": {"gamma": 5.004490142114326, "prior": 9.19506772656131, "rate": 9.298305886525743}, "datetime": {"datetime": "2024-06-14 11:40:54", "elapsed": 17.403624, "delta": 0.009973}}
{"target": -508.2345960459456, "params": {"gamma": 9.04496424702233, "prior": 5.184981853710656, "rate": 6.398472694701441}, "datetime": {"datetime": "2024-06-14 11:40:54", "elapsed": 17.413598, "delta": 0.009974}}
{"target": -618.4677268942818, "params": {"gamma": 5.890472752605639, "prior": 1.6690987172854312, "rate": 6.234866594810311}, "datetime": {"datetime": "2024-06-14 11:40:54", "elapsed": 17.42412, "delta": 0.010522}}
{"target": -275.54960967160804, "params": {"gamma": 3.1921240844594263, "prior": 1.3942814559414822, "rate": 2.1508150426858728}, "datetime": {"datetime": "2024-06-14 11:40:54", "elapsed": 17.434093, "delta": 0.009973}}
{"target": -237.05004144698475, "params": {"gamma": 3.1372893115280216, "prior": 9.519372827689537, "rate": 9.907680849822357}, "datetime": {"datetime": "2024-06-14 11:40:54", "elapsed": 17.444067, "delta": 0.009974}}
{"target": -451.916682518734, "params": {"gamma": 8.668996751551681, "prior": 4.672423692173761, "rate": 4.656706908529602}, "datetime": {"datetime": "2024-06-14 11:40:54", "elapsed": 17.45404, "delta": 0.009973}}
{"target": -1017.8926196260458, "params": {"gamma": 7.647520341309665, "prior": 1.074239963450954, "rate": 9.940379659168363}, "datetime": {"datetime": "2024-06-14 11:40:54", "elapsed": 17.464013, "delta": 0.009973}}
{"target": -645.8879459787432, "params": {"gamma": 6.9224566172976845, "prior": 3.0629283412837927, "rate": 9.088573077112654}, "datetime": {"datetime": "2024-06-14 11:40:54", "elapsed": 17.474391, "delta": 0.010378}}
{"target": -342.2893059014254, "params": {"gamma": 5.526235888770702, "prior": 0.9433807768511864, "rate": 1.0833491863453326}, "datetime": {"datetime": "2024-06-14 11:40:54", "elapsed": 17.48536, "delta": 0.010969}}
{"target": -145.3225975773496, "params": {"gamma": 0.3176168877888321, "prior": 2.240327888608129, "rate": 0.51508803577319}, "datetime": {"datetime": "2024-06-14 11:40:54", "elapsed": 17.495334, "delta": 0.009974}}
{"target": -596.7297671534027, "params": {"gamma": 5.103214380152735, "prior": 0.9211098493361365, "rate": 4.431779707933526}, "datetime": {"datetime": "2024-06-14 11:40:54", "elapsed": 17.50531, "delta": 0.009976}}
{"target": -193.27260088161898, "params": {"gamma": 2.362771206680796, "prior": 5.6412349065280925, "rate": 4.390238946627599}, "datetime": {"datetime": "2024-06-14 11:40:54", "elapsed": 17.515283, "delta": 0.009973}}
{"target": -399.26383119631504, "params": {"gamma": 8.375567087137503, "prior": 3.4317930698460395, "rate": 2.3030862375648358}, "datetime": {"datetime": "2024-06-14 11:40:54", "elapsed": 17.526254, "delta": 0.010971}}
{"target": -365.9459701167224, "params": {"gamma": 9.401218217622588, "prior": 4.71700059437067, "rate": 0.2825494345653465}, "datetime": {"datetime": "2024-06-14 11:40:54", "elapsed": 17.536227, "delta": 0.009973}}
{"target": -147.3380351799073, "params": {"gamma": 0.7952844018626734, "prior": 5.600160498896482, "rate": 2.1085032523654648}, "datetime": {"datetime": "2024-06-14 11:40:54", "elapsed": 17.5462, "delta": 0.009973}}
{"target": -236.96967365397268, "params": {"gamma": 1.4832079169213832, "prior": 2.03577051385278, "rate": 7.4477447466406055}, "datetime": {"datetime": "2024-06-14 11:40:54", "elapsed": 17.556203, "delta": 0.010003}}
{"target": -1147.5620472834742, "params": {"gamma": 9.490190594750429, "prior": 1.3808418827316682, "rate": 8.797922693851072}, "datetime": {"datetime": "2024-06-14 11:40:54", "elapsed": 17.566147, "delta": 0.009944}}
{"target": -296.8547459734029, "params": {"gamma": 7.119486308304545, "prior": 5.612748843111474, "rate": 0.6711193665390025}, "datetime": {"datetime": "2024-06-14 11:40:54", "elapsed": 17.577117, "delta": 0.01097}}
{"target": -409.71650115075244, "params": {"gamma": 7.877623428379662, "prior": 8.141573527504782, "rate": 7.546064084925807}, "datetime": {"datetime": "2024-06-14 11:40:54", "elapsed": 17.587091, "delta": 0.009974}}
{"target": -291.3013034000676, "params": {"gamma": 5.5053451266130216, "prior": 6.352887453044348, "rate": 4.367192277935727}, "datetime": {"datetime": "2024-06-14 11:40:54", "elapsed": 17.597064, "delta": 0.009973}}
{"target": -363.94680622231965, "params": {"gamma": 3.079162242084743, "prior": 2.1563415656940617, "rate": 7.70783813326756}, "datetime": {"datetime": "2024-06-14 11:40:54", "elapsed": 17.608035, "delta": 0.010971}}
{"target": -460.18553443177353, "params": {"gamma": 9.347823400996651, "prior": 6.253005567983246, "rate": 5.342940039040913}, "datetime": {"datetime": "2024-06-14 11:40:54", "elapsed": 17.617011, "delta": 0.008976}}
{"target": -1030.249656463368, "params": {"gamma": 8.832821399586447, "prior": 0.543549432321984, "rate": 3.027452733825171}, "datetime": {"datetime": "2024-06-14 11:40:54", "elapsed": 17.627982, "delta": 0.010971}}
{"target": -569.3904053344071, "params": {"gamma": 3.825328639516465, "prior": 0.4078849577947824, "rate": 5.199809613230569}, "datetime": {"datetime": "2024-06-14 11:40:54", "elapsed": 17.637955, "delta": 0.009973}}
{"target": -440.2210639833413, "params": {"gamma": 9.40582357294277, "prior": 7.992725691934161, "rate": 5.351408522523899}, "datetime": {"datetime": "2024-06-14 11:40:54", "elapsed": 17.648926, "delta": 0.010971}}
{"target": -303.88757957527, "params": {"gamma": 6.7657338580782405, "prior": 7.873824709873373, "rate": 2.611671926966363}, "datetime": {"datetime": "2024-06-14 11:40:54", "elapsed": 17.658899, "delta": 0.009973}}
{"target": -227.4175080988467, "params": {"gamma": 2.757360350509144, "prior": 6.091715488473178, "rate": 6.74213697673649}, "datetime": {"datetime": "2024-06-14 11:40:54", "elapsed": 17.66877, "delta": 0.009871}}
{"target": -147.2323361729191, "params": {"gamma": 0.037131121203666864, "prior": 8.571439691934431, "rate": 1.4499755526920097}, "datetime": {"datetime": "2024-06-14 11:40:54", "elapsed": 17.67974, "delta": 0.01097}}
{"target": -240.34887407221964, "params": {"gamma": 5.124009381904939, "prior": 5.6655858482099735, "rate": 0.07290430277148773}, "datetime": {"datetime": "2024-06-14 11:40:54", "elapsed": 17.689714, "delta": 0.009974}}
{"target": -304.34929073176187, "params": {"gamma": 4.289076528699282, "prior": 5.384053388047638, "rate": 6.907376297071434}, "datetime": {"datetime": "2024-06-14 11:40:54", "elapsed": 17.699687, "delta": 0.009973}}
{"target": -899.0027605366079, "params": {"gamma": 9.031835670784622, "prior": 0.7787551523432098, "rate": 2.8317040472904758}, "datetime": {"datetime": "2024-06-14 11:40:54", "elapsed": 17.71022, "delta": 0.010533}}
{"target": -363.1700832767318, "params": {"gamma": 5.279795197202099, "prior": 2.9733261504001245, "rate": 4.201892734282735}, "datetime": {"datetime": "2024-06-14 11:40:54", "elapsed": 17.720193, "delta": 0.009973}}
{"target": -1384.994734061873, "params": {"gamma": 9.820547479625972, "prior": 0.6636402718702625, "rate": 9.289203208835787}, "datetime": {"datetime": "2024-06-14 11:40:54", "elapsed": 17.730167, "delta": 0.009974}}
{"target": -361.26442333582924, "params": {"gamma": 6.680114161371072, "prior": 5.035947408040653, "rate": 4.647506170595227}, "datetime": {"datetime": "2024-06-14 11:40:54", "elapsed": 17.74014, "delta": 0.009973}}
{"target": -283.9304668784518, "params": {"gamma": 5.589785773928347, "prior": 2.9867128566196963, "rate": 1.7188330067587443}, "datetime": {"datetime": "2024-06-14 11:40:54", "elapsed": 17.750114, "delta": 0.009974}}
{"target": -301.1161325208587, "params": {"gamma": 6.197786816831587, "prior": 9.885925228469835, "rate": 5.162690424583267}, "datetime": {"datetime": "2024-06-14 11:40:54", "elapsed": 17.761084, "delta": 0.01097}}
{"target": -306.67672245742966, "params": {"gamma": 6.710412491894106, "prior": 5.243372538798067, "rate": 2.0011085780511912}, "datetime": {"datetime": "2024-06-14 11:40:54", "elapsed": 17.771057, "delta": 0.009973}}
{"target": -305.1021226701664, "params": {"gamma": 5.787379979419437, "prior": 9.583007643759036, "rate": 6.924549114998262}, "datetime": {"datetime": "2024-06-14 11:40:54", "elapsed": 17.781031, "delta": 0.009974}}
{"target": -153.02944473833588, "params": {"gamma": 0.274342053750928, "prior": 3.6948761925389584, "rate": 6.33921964079754}, "datetime": {"datetime": "2024-06-14 11:40:54", "elapsed": 17.791004, "delta": 0.009973}}
{"target": -731.2548264045487, "params": {"gamma": 5.67116400617658, "prior": 1.301203739015265, "rate": 9.364796358912931}, "datetime": {"datetime": "2024-06-14 11:40:54", "elapsed": 17.800977, "delta": 0.009973}}
{"target": -270.30645583143786, "params": {"gamma": 3.938997493293488, "prior": 7.319700947932855, "rate": 7.857086866488291}, "datetime": {"datetime": "2024-06-14 11:40:54", "elapsed": 17.811952, "delta": 0.010975}}
{"target": -186.9336617636935, "params": {"gamma": 2.1307142258890264, "prior": 6.659980991963436, "rate": 5.2341476294898825}, "datetime": {"datetime": "2024-06-14 11:40:54", "elapsed": 17.821925, "delta": 0.009973}}
{"target": -175.60580150455925, "params": {"gamma": 1.783794004691899, "prior": 7.212564495824819, "rate": 5.406224528163018}, "datetime": {"datetime": "2024-06-14 11:40:54", "elapsed": 17.831898, "delta": 0.009973}}
{"target": -228.3687504273514, "params": {"gamma": 2.1417238051544096, "prior": 4.238811933822576, "rate": 6.8079344253726966}, "datetime": {"datetime": "2024-06-14 11:40:54", "elapsed": 17.841872, "delta": 0.009974}}
{"target": -592.6805590651026, "params": {"gamma": 9.937621475494428, "prior": 5.5295345252227435, "rate": 7.939406449739636}, "datetime": {"datetime": "2024-06-14 11:40:54", "elapsed": 17.851844, "delta": 0.009972}}
{"target": -286.29780215330857, "params": {"gamma": 3.3064511453666356, "prior": 5.164454283417241, "rate": 8.350414978664054}, "datetime": {"datetime": "2024-06-14 11:40:54", "elapsed": 17.861818, "delta": 0.009974}}
{"target": -1052.6670219982602, "params": {"gamma": 9.704609444607442, "prior": 1.8668728599484044, "rate": 8.513224576444088}, "datetime": {"datetime": "2024-06-14 11:40:54", "elapsed": 17.872511, "delta": 0.010693}}
{"target": -460.23870721671375, "params": {"gamma": 9.8839813130555, "prior": 4.559573957621887, "rate": 3.0802934792591}, "datetime": {"datetime": "2024-06-14 11:40:54", "elapsed": 17.883482, "delta": 0.010971}}
{"target": -975.1607030000197, "params": {"gamma": 9.124683586378131, "prior": 2.2765865789701447, "rate": 9.88264881287327}, "datetime": {"datetime": "2024-06-14 11:40:54", "elapsed": 17.893455, "delta": 0.009973}}
{"target": -298.65699241839206, "params": {"gamma": 4.016014561459776, "prior": 1.0131129142505106, "rate": 1.368611993565815}, "datetime": {"datetime": "2024-06-14 11:40:54", "elapsed": 17.902936, "delta": 0.009481}}
{"target": -509.3525298874799, "params": {"gamma": 4.771246207156717, "prior": 0.7033829612030654, "rate": 2.519602463648642}, "datetime": {"datetime": "2024-06-14 11:40:54", "elapsed": 17.912909, "delta": 0.009973}}
{"target": -426.9273537858938, "params": {"gamma": 7.950227595281238, "prior": 7.874786065977949, "rate": 8.108387517165163}, "datetime": {"datetime": "2024-06-14 11:40:54", "elapsed": 17.92388, "delta": 0.010971}}
{"target": -153.21281638134326, "params": {"gamma": 0.4635818527703097, "prior": 7.687845099749461, "rate": 8.068658621836198}, "datetime": {"datetime": "2024-06-14 11:40:54", "elapsed": 17.933853, "delta": 0.009973}}
{"target": -151.20073647505765, "params": {"gamma": 0.1614807233633352, "prior": 3.9741465501415574, "rate": 8.655905140222567}, "datetime": {"datetime": "2024-06-14 11:40:54", "elapsed": 17.943827, "delta": 0.009974}}
{"target": -438.7466112115621, "params": {"gamma": 9.58478787486283, "prior": 9.203960219040058, "rate": 5.470332354994583}, "datetime": {"datetime": "2024-06-14 11:40:54", "elapsed": 17.9538, "delta": 0.009973}}
{"target": -232.97399527238565, "params": {"gamma": 3.0999028075571977, "prior": 5.933723461468355, "rate": 5.960308888277244}, "datetime": {"datetime": "2024-06-14 11:40:55", "elapsed": 17.963773, "delta": 0.009973}}
{"target": -434.84578578069863, "params": {"gamma": 6.645853962048891, "prior": 5.949068744119219, "rate": 8.680686431625688}, "datetime": {"datetime": "2024-06-14 11:40:55", "elapsed": 17.973747, "delta": 0.009974}}
{"target": -195.29008198247183, "params": {"gamma": 3.740404346465307, "prior": 2.51576369972239, "rate": 0.20584523782095557}, "datetime": {"datetime": "2024-06-14 11:40:55", "elapsed": 17.984717, "delta": 0.01097}}
{"target": -227.19411907861607, "params": {"gamma": 2.3276534032092466, "prior": 1.6998563265328037, "rate": 2.382365800220145}, "datetime": {"datetime": "2024-06-14 11:40:55", "elapsed": 17.994691, "delta": 0.009974}}
{"target": -377.66980822088624, "params": {"gamma": 8.809750700685962, "prior": 7.342834380593291, "rate": 2.4346474261497026}, "datetime": {"datetime": "2024-06-14 11:40:55", "elapsed": 18.00517, "delta": 0.010479}}
{"target": -389.3727828331266, "params": {"gamma": 7.93074966579814, "prior": 5.486796446527367, "rate": 4.065455958505244}, "datetime": {"datetime": "2024-06-14 11:40:55", "elapsed": 18.01614, "delta": 0.01097}}
{"target": -158.66519246087807, "params": {"gamma": 2.0588168270783345, "prior": 3.1762456147307865, "rate": 0.7933859337786535}, "datetime": {"datetime": "2024-06-14 11:40:55", "elapsed": 18.026114, "delta": 0.009974}}
{"target": -177.5695002408691, "params": {"gamma": 2.3370014693504007, "prior": 6.690938823288298, "rate": 3.510850519903707}, "datetime": {"datetime": "2024-06-14 11:40:55", "elapsed": 18.036087, "delta": 0.009973}}
{"target": -424.41817902801677, "params": {"gamma": 8.197382234314826, "prior": 6.645433517996546, "rate": 6.243886676338824}, "datetime": {"datetime": "2024-06-14 11:40:55", "elapsed": 18.04606, "delta": 0.009973}}
{"target": -306.8697832638877, "params": {"gamma": 4.203358120025224, "prior": 6.485522600358745, "rate": 8.748431716742354}, "datetime": {"datetime": "2024-06-14 11:40:55", "elapsed": 18.056034, "delta": 0.009974}}
{"target": -322.0810994792384, "params": {"gamma": 3.1134152627298404, "prior": 3.493245069587299, "rate": 8.486942886026812}, "datetime": {"datetime": "2024-06-14 11:40:55", "elapsed": 18.066007, "delta": 0.009973}}
{"target": -243.8403440449854, "params": {"gamma": 5.2994112343421165, "prior": 9.24451206335198, "rate": 1.876341924396167}, "datetime": {"datetime": "2024-06-14 11:40:55", "elapsed": 18.076978, "delta": 0.010971}}
{"target": -157.5128071279162, "params": {"gamma": 2.149517739976633, "prior": 8.638341582747344, "rate": 0.9958043191607387}, "datetime": {"datetime": "2024-06-14 11:40:55", "elapsed": 18.086951, "delta": 0.009973}}
{"target": -275.9562171902419, "params": {"gamma": 4.717152090529902, "prior": 8.410095236823695, "rate": 6.937672299169015}, "datetime": {"datetime": "2024-06-14 11:40:55", "elapsed": 18.123363, "delta": 0.036412}}
{"target": -474.20335417003605, "params": {"gamma": 4.622952603534849, "prior": 1.7354650920880788, "rate": 5.508608102481257}, "datetime": {"datetime": "2024-06-14 11:40:55", "elapsed": 18.133336, "delta": 0.009973}}
{"target": -381.06419500774115, "params": {"gamma": 9.879798710108535, "prior": 8.071059692189767, "rate": 0.5502334117385274}, "datetime": {"datetime": "2024-06-14 11:40:55", "elapsed": 18.144307, "delta": 0.010971}}
{"target": -302.854003538557, "params": {"gamma": 7.109572833570658, "prior": 9.768501118223332, "rate": 1.9345458616173425}, "datetime": {"datetime": "2024-06-14 11:40:55", "elapsed": 18.154281, "delta": 0.009974}}
{"target": -920.4149376916104, "params": {"gamma": 9.564120655508974, "prior": 2.4101209180042362, "rate": 8.194158826769996}, "datetime": {"datetime": "2024-06-14 11:40:55", "elapsed": 18.164254, "delta": 0.009973}}
{"target": -166.59507108089767, "params": {"gamma": 1.495037423229105, "prior": 5.18963690755791, "rate": 3.64078281665956}, "datetime": {"datetime": "2024-06-14 11:40:55", "elapsed": 18.174227, "delta": 0.009973}}
{"target": -640.4264058351445, "params": {"gamma": 6.707204581969504, "prior": 1.8732591939869123, "rate": 5.7979036601822145}, "datetime": {"datetime": "2024-06-14 11:40:55", "elapsed": 18.1842, "delta": 0.009973}}
{"target": -147.8610337914339, "params": {"gamma": 0.02523445285068334, "prior": 4.313976928799815, "rate": 5.158416296806499}, "datetime": {"datetime": "2024-06-14 11:40:55", "elapsed": 18.195171, "delta": 0.010971}}
{"target": -337.2938439994701, "params": {"gamma": 8.378128201572276, "prior": 7.600612871411063, "rate": 0.9198244994151032}, "datetime": {"datetime": "2024-06-14 11:40:55", "elapsed": 18.204653, "delta": 0.009482}}
