{"target": -312.11449584982074, "params": {"gamma": 3.622798839194582, "prior": 8.091186697583844, "rate": 0.3607736956187603}, "datetime": {"datetime": "2024-06-14 06:59:11", "elapsed": 7.356432, "delta": 0.008976}}
{"target": -253.38433077909323, "params": {"gamma": 3.584594051008626, "prior": 6.41895351934156, "rate": 1.4308980910737081}, "datetime": {"datetime": "2024-06-14 06:59:11", "elapsed": 7.366405, "delta": 0.009973}}
{"target": -557.9155985767546, "params": {"gamma": 8.577528406499894, "prior": 6.491087641906984, "rate": 1.1538189613747907}, "datetime": {"datetime": "2024-06-14 06:59:11", "elapsed": 7.375381, "delta": 0.008976}}
{"target": -158.0175797636706, "params": {"gamma": 2.081766002579473, "prior": 7.48043347440683, "rate": 4.034662876713395}, "datetime": {"datetime": "2024-06-14 06:59:11", "elapsed": 7.384357, "delta": 0.008976}}
{"target": -341.0887057798354, "params": {"gamma": 4.84521613942412, "prior": 8.885805272920003, "rate": 1.3752980526926846}, "datetime": {"datetime": "2024-06-14 06:59:11", "elapsed": 7.393333, "delta": 0.008976}}
{"target": -309.2349711891863, "params": {"gamma": 9.64376360106379, "prior": 0.5220338497861409, "rate": 0.9953031322915933}, "datetime": {"datetime": "2024-06-14 06:59:11", "elapsed": 7.403307, "delta": 0.009974}}
{"target": -160.75280073492846, "params": {"gamma": 2.2331610709734946, "prior": 8.08519231437909, "rate": 4.559272200887655}, "datetime": {"datetime": "2024-06-14 06:59:11", "elapsed": 7.412283, "delta": 0.008976}}
{"target": -276.59469744853817, "params": {"gamma": 6.5328581714709335, "prior": 1.8257792614463888, "rate": 1.668052607332356}, "datetime": {"datetime": "2024-06-14 06:59:11", "elapsed": 7.421259, "delta": 0.008976}}
{"target": -262.22055250329504, "params": {"gamma": 5.208962557197339, "prior": 7.428906989274194, "rate": 4.62528217768507}, "datetime": {"datetime": "2024-06-14 06:59:11", "elapsed": 7.431232, "delta": 0.009973}}
{"target": -483.35174180753006, "params": {"gamma": 8.696271237126007, "prior": 6.638078153239339, "rate": 2.4916517944308763}, "datetime": {"datetime": "2024-06-14 06:59:11", "elapsed": 7.440208, "delta": 0.008976}}
{"target": -137.8517284305879, "params": {"gamma": 2.3497873058002465, "prior": 3.8030624969839892, "rate": 7.566403946905877}, "datetime": {"datetime": "2024-06-14 06:59:11", "elapsed": 7.449184, "delta": 0.008976}}
{"target": -548.5861651763522, "params": {"gamma": 9.379438705433513, "prior": 8.632869393256446, "rate": 2.6168463160365345}, "datetime": {"datetime": "2024-06-14 06:59:11", "elapsed": 7.459158, "delta": 0.009974}}
{"target": -199.41457968652384, "params": {"gamma": 4.12337700085772, "prior": 6.154286584558183, "rate": 5.468797723702268}, "datetime": {"datetime": "2024-06-14 06:59:11", "elapsed": 7.468133, "delta": 0.008975}}
{"target": -185.5803826802455, "params": {"gamma": 3.893360179144248, "prior": 1.1040656911246396, "rate": 7.122735799168159}, "datetime": {"datetime": "2024-06-14 06:59:11", "elapsed": 7.478108, "delta": 0.009975}}
{"target": -128.9313289158128, "params": {"gamma": 0.8822635040904132, "prior": 8.674166550799823, "rate": 8.634620954886014}, "datetime": {"datetime": "2024-06-14 06:59:11", "elapsed": 7.488081, "delta": 0.009973}}
{"target": -257.5044388698916, "params": {"gamma": 7.084799464362212, "prior": 4.915603280696092, "rate": 6.991766507563753}, "datetime": {"datetime": "2024-06-14 06:59:11", "elapsed": 7.497056, "delta": 0.008975}}
{"target": -189.5161409987061, "params": {"gamma": 3.950475613957549, "prior": 7.995210244504152, "rate": 7.864384405716199}, "datetime": {"datetime": "2024-06-14 06:59:11", "elapsed": 7.507129, "delta": 0.010073}}
{"target": -132.27423031978884, "params": {"gamma": 1.5561303101523432, "prior": 3.246393748470918, "rate": 3.4404877846831172}, "datetime": {"datetime": "2024-06-14 06:59:11", "elapsed": 7.517105, "delta": 0.009976}}
{"target": -299.79394225781647, "params": {"gamma": 3.6423388162366046, "prior": 5.709791011210197, "rate": 0.4178327377603575}, "datetime": {"datetime": "2024-06-14 06:59:11", "elapsed": 7.527076, "delta": 0.009971}}
{"target": -232.74156330385887, "params": {"gamma": 6.600037219920028, "prior": 2.09615441466068, "rate": 4.165209099174909}, "datetime": {"datetime": "2024-06-14 06:59:11", "elapsed": 7.537051, "delta": 0.009975}}
{"target": -201.2494250597363, "params": {"gamma": 4.5094756723505, "prior": 3.552395018521695, "rate": 3.8334198209699974}, "datetime": {"datetime": "2024-06-14 06:59:11", "elapsed": 7.547022, "delta": 0.009971}}
{"target": -132.12212549852782, "params": {"gamma": 1.8038803024167458, "prior": 0.7744875682013366, "rate": 5.513015232709581}, "datetime": {"datetime": "2024-06-14 06:59:11", "elapsed": 7.556611, "delta": 0.009589}}
{"target": -224.9502543586418, "params": {"gamma": 5.959073589220895, "prior": 1.5404479132949174, "rate": 2.310186141512919}, "datetime": {"datetime": "2024-06-14 06:59:11", "elapsed": 7.565586, "delta": 0.008975}}
{"target": -225.79590991336318, "params": {"gamma": 2.864484938242287, "prior": 8.324438532353815, "rate": 1.535055990682961}, "datetime": {"datetime": "2024-06-14 06:59:11", "elapsed": 7.575559, "delta": 0.009973}}
{"target": -278.1981588291865, "params": {"gamma": 5.521835936727261, "prior": 5.724583205152705, "rate": 3.434857510993614}, "datetime": {"datetime": "2024-06-14 06:59:11", "elapsed": 7.584536, "delta": 0.008977}}
{"target": -201.35996913698264, "params": {"gamma": 3.5068212758802293, "prior": 9.595208973440103, "rate": 5.533886150645748}, "datetime": {"datetime": "2024-06-14 06:59:11", "elapsed": 7.594509, "delta": 0.009973}}
{"target": -247.61889241651753, "params": {"gamma": 6.527659277808647, "prior": 4.958327152799692, "rate": 6.466853166736234}, "datetime": {"datetime": "2024-06-14 06:59:11", "elapsed": 7.604483, "delta": 0.009974}}
{"target": -218.8471140282498, "params": {"gamma": 6.052902604285114, "prior": 1.5372155999089467, "rate": 3.3474706483130476}, "datetime": {"datetime": "2024-06-14 06:59:11", "elapsed": 7.613457, "delta": 0.008974}}
{"target": -185.95442329282173, "params": {"gamma": 4.604879500595876, "prior": 1.3654344499032103, "rate": 3.6313701627213772}, "datetime": {"datetime": "2024-06-14 06:59:11", "elapsed": 7.623431, "delta": 0.009974}}
{"target": -173.3218042272104, "params": {"gamma": 2.2821882012949293, "prior": 8.49027576247698, "rate": 3.4153993261329654}, "datetime": {"datetime": "2024-06-14 06:59:11", "elapsed": 7.632407, "delta": 0.008976}}
{"target": -137.72681437580962, "params": {"gamma": 2.268666417341983, "prior": 4.140995888237594, "rate": 6.830957412174848}, "datetime": {"datetime": "2024-06-14 06:59:11", "elapsed": 7.64238, "delta": 0.009973}}
{"target": -120.75586806426837, "params": {"gamma": 0.657154367615287, "prior": 1.889219214669599, "rate": 6.943375082298363}, "datetime": {"datetime": "2024-06-14 06:59:11", "elapsed": 7.651357, "delta": 0.008977}}
{"target": -269.85769801417416, "params": {"gamma": 7.522813791436128, "prior": 6.215767368139672, "rate": 8.792106406805418}, "datetime": {"datetime": "2024-06-14 06:59:11", "elapsed": 7.66133, "delta": 0.009973}}
{"target": -131.0607945323273, "params": {"gamma": 1.6888331005858586, "prior": 7.065122548794142, "rate": 9.172684330641006}, "datetime": {"datetime": "2024-06-14 06:59:11", "elapsed": 7.671304, "delta": 0.009974}}
{"target": -124.33012034406207, "params": {"gamma": 1.508245851371479, "prior": 2.5132633762221936, "rate": 5.467299036335953}, "datetime": {"datetime": "2024-06-14 06:59:11", "elapsed": 7.680279, "delta": 0.008975}}
{"target": -284.09510128523726, "params": {"gamma": 3.441849250422999, "prior": 6.937326899745702, "rate": 0.5766186166326498}, "datetime": {"datetime": "2024-06-14 06:59:11", "elapsed": 7.689255, "delta": 0.008976}}
{"target": -129.48151270641688, "params": {"gamma": 1.6084806590922747, "prior": 7.190759234148253, "rate": 9.706216365641005}, "datetime": {"datetime": "2024-06-14 06:59:11", "elapsed": 7.699229, "delta": 0.009974}}
{"target": -621.2569629465738, "params": {"gamma": 9.295574214746894, "prior": 9.020563234885856, "rate": 1.2783053957220292}, "datetime": {"datetime": "2024-06-14 06:59:11", "elapsed": 7.708205, "delta": 0.008976}}
{"target": -124.9144210856186, "params": {"gamma": 1.4601432517979631, "prior": 0.8154210924672393, "rate": 5.425859791214765}, "datetime": {"datetime": "2024-06-14 06:59:11", "elapsed": 7.717181, "delta": 0.008976}}
{"target": -303.69446953022594, "params": {"gamma": 8.824979242850812, "prior": 5.364739810662196, "rate": 7.817371138674004}, "datetime": {"datetime": "2024-06-14 06:59:11", "elapsed": 7.727154, "delta": 0.009973}}
{"target": -179.1166616870249, "params": {"gamma": 1.8853494153257044, "prior": 8.644801475646716, "rate": 1.8750602824827893}, "datetime": {"datetime": "2024-06-14 06:59:11", "elapsed": 7.73613, "delta": 0.008976}}
{"target": -129.15346264006033, "params": {"gamma": 0.548586496539166, "prior": 4.2727610032381715, "rate": 5.551489195654376}, "datetime": {"datetime": "2024-06-14 06:59:11", "elapsed": 7.746103, "delta": 0.009973}}
{"target": -309.1652137749036, "params": {"gamma": 9.707449353204424, "prior": 1.0083629510677956, "rate": 2.7399070142023203}, "datetime": {"datetime": "2024-06-14 06:59:11", "elapsed": 7.75508, "delta": 0.008977}}
{"target": -133.74317923348548, "params": {"gamma": 1.0519655837514126, "prior": 3.9653524037024024, "rate": 2.890821820794509}, "datetime": {"datetime": "2024-06-14 06:59:11", "elapsed": 7.764055, "delta": 0.008975}}
{"target": -197.99881718535752, "params": {"gamma": 5.133490194329599, "prior": 3.547741149332395, "rate": 9.28235195448276}, "datetime": {"datetime": "2024-06-14 06:59:11", "elapsed": 7.774029, "delta": 0.009974}}
{"target": -529.0447352374556, "params": {"gamma": 7.8996880160340215, "prior": 8.624012549278358, "rate": 1.2958799584830156}, "datetime": {"datetime": "2024-06-14 06:59:11", "elapsed": 7.783005, "delta": 0.008976}}
{"target": -221.6490850365263, "params": {"gamma": 5.751126599720151, "prior": 2.2263471052601016, "rate": 8.682517475837448}, "datetime": {"datetime": "2024-06-14 06:59:11", "elapsed": 7.791981, "delta": 0.008976}}
{"target": -137.5331854104639, "params": {"gamma": 0.15117919811248737, "prior": 1.1468677297875165, "rate": 3.761194698397609}, "datetime": {"datetime": "2024-06-14 06:59:11", "elapsed": 7.801954, "delta": 0.009973}}
{"target": -252.80129087490002, "params": {"gamma": 4.021536967025843, "prior": 2.8444788214889583, "rate": 0.9615339246006319}, "datetime": {"datetime": "2024-06-14 06:59:11", "elapsed": 7.81093, "delta": 0.008976}}
{"target": -120.46685302350396, "params": {"gamma": 1.1881853207208233, "prior": 3.2476530630886056, "rate": 9.507977547943128}, "datetime": {"datetime": "2024-06-14 06:59:11", "elapsed": 7.820904, "delta": 0.009974}}
{"target": -171.71406527804365, "params": {"gamma": 2.0748582416284203, "prior": 7.498075178486302, "rate": 2.5826284514108324}, "datetime": {"datetime": "2024-06-14 06:59:11", "elapsed": 7.829909, "delta": 0.009005}}
{"target": -125.81823223392004, "params": {"gamma": 0.37336531585223737, "prior": 0.2589168707539145, "rate": 1.5279066058805837}, "datetime": {"datetime": "2024-06-14 06:59:11", "elapsed": 7.838856, "delta": 0.008947}}
{"target": -210.56206449354855, "params": {"gamma": 4.621379845784425, "prior": 7.58342086562427, "rate": 7.2884205045195944}, "datetime": {"datetime": "2024-06-14 06:59:11", "elapsed": 7.848829, "delta": 0.009973}}
{"target": -163.32872892835823, "params": {"gamma": 3.524542035387884, "prior": 4.843478859752845, "rate": 8.140923460003277}, "datetime": {"datetime": "2024-06-14 06:59:11", "elapsed": 7.857805, "delta": 0.008976}}
{"target": -659.3415159394652, "params": {"gamma": 8.384190660883412, "prior": 3.2671753341380563, "rate": 0.043645919052664246}, "datetime": {"datetime": "2024-06-14 06:59:11", "elapsed": 7.867778, "delta": 0.009973}}
{"target": -142.4146592709844, "params": {"gamma": 0.4702615014191002, "prior": 7.404293038279442, "rate": 2.7270501784440078}, "datetime": {"datetime": "2024-06-14 06:59:11", "elapsed": 7.876754, "delta": 0.008976}}
{"target": -199.92687166793667, "params": {"gamma": 4.815376636054336, "prior": 2.0011095337083287, "rate": 8.471282047905861}, "datetime": {"datetime": "2024-06-14 06:59:11", "elapsed": 7.88573, "delta": 0.008976}}
{"target": -266.2340145600517, "params": {"gamma": 5.034272718755895, "prior": 5.318885739650387, "rate": 2.881507801269463}, "datetime": {"datetime": "2024-06-14 06:59:11", "elapsed": 7.895703, "delta": 0.009973}}
{"target": -257.582156648386, "params": {"gamma": 5.120480307408566, "prior": 0.1194400892869483, "rate": 2.7736731083917574}, "datetime": {"datetime": "2024-06-14 06:59:11", "elapsed": 7.904679, "delta": 0.008976}}
{"target": -234.93398628292536, "params": {"gamma": 3.488281072400821, "prior": 2.9111137742614566, "rate": 0.8604363235466009}, "datetime": {"datetime": "2024-06-14 06:59:11", "elapsed": 7.914653, "delta": 0.009974}}
{"target": -216.18936617804223, "params": {"gamma": 5.2182903111313514, "prior": 7.9059434203978, "rate": 9.426041757646109}, "datetime": {"datetime": "2024-06-14 06:59:11", "elapsed": 7.923629, "delta": 0.008976}}
{"target": -271.9905772667079, "params": {"gamma": 4.973400631374519, "prior": 5.9781631977188905, "rate": 2.9093085181668954}, "datetime": {"datetime": "2024-06-14 06:59:11", "elapsed": 7.932605, "delta": 0.008976}}
{"target": -124.49189194576094, "params": {"gamma": 1.492445929692968, "prior": 1.4055297382115668, "rate": 7.323875397919708}, "datetime": {"datetime": "2024-06-14 06:59:11", "elapsed": 7.942578, "delta": 0.009973}}
{"target": -249.6201848010545, "params": {"gamma": 7.344959884063995, "prior": 1.8755651647026885, "rate": 4.136190237378143}, "datetime": {"datetime": "2024-06-14 06:59:11", "elapsed": 7.951554, "delta": 0.008976}}
{"target": -241.89702398151294, "params": {"gamma": 5.941849134587504, "prior": 1.3402912672428726, "rate": 7.85390412973879}, "datetime": {"datetime": "2024-06-14 06:59:11", "elapsed": 7.96053, "delta": 0.008976}}
{"target": -247.88157611643987, "params": {"gamma": 6.20030204099907, "prior": 6.190694745933699, "rate": 7.012379711094405}, "datetime": {"datetime": "2024-06-14 06:59:11", "elapsed": 7.970504, "delta": 0.009974}}
{"target": -328.88870196985886, "params": {"gamma": 9.871843637581678, "prior": 5.667705113976064, "rate": 8.644298200721781}, "datetime": {"datetime": "2024-06-14 06:59:11", "elapsed": 7.979479, "delta": 0.008975}}
{"target": -182.52070118641322, "params": {"gamma": 4.187668041896602, "prior": 6.5792465771516, "rate": 9.252686617399803}, "datetime": {"datetime": "2024-06-14 06:59:11", "elapsed": 7.988456, "delta": 0.008977}}
{"target": -233.6584917617691, "params": {"gamma": 6.64184400562511, "prior": 3.1004986918363557, "rate": 6.199836992922438}, "datetime": {"datetime": "2024-06-14 06:59:11", "elapsed": 7.998429, "delta": 0.009973}}
{"target": -161.98680863210575, "params": {"gamma": 3.5138318852615673, "prior": 3.2914300838307535, "rate": 6.102440382404956}, "datetime": {"datetime": "2024-06-14 06:59:11", "elapsed": 8.007405, "delta": 0.008976}}
{"target": -126.13371403599592, "params": {"gamma": 1.6040719966518822, "prior": 4.918715464001758, "rate": 9.456397215578926}, "datetime": {"datetime": "2024-06-14 06:59:11", "elapsed": 8.017378, "delta": 0.009973}}
{"target": -168.16890316745753, "params": {"gamma": 3.839758505543401, "prior": 1.9707296731335333, "rate": 4.688920657472168}, "datetime": {"datetime": "2024-06-14 06:59:11", "elapsed": 8.026354, "delta": 0.008976}}
{"target": -333.5280113431924, "params": {"gamma": 8.409237406703872, "prior": 8.442410453690822, "rate": 8.278204591352763}, "datetime": {"datetime": "2024-06-14 06:59:11", "elapsed": 8.03533, "delta": 0.008976}}
{"target": -139.32717919771665, "params": {"gamma": 0.11574365054552785, "prior": 2.7436990682901228, "rate": 9.99875799995505}, "datetime": {"datetime": "2024-06-14 06:59:11", "elapsed": 8.045127, "delta": 0.009797}}
{"target": -123.89170261588828, "params": {"gamma": 1.1977130886476726, "prior": 4.951886011267569, "rate": 7.900471479876251}, "datetime": {"datetime": "2024-06-14 06:59:11", "elapsed": 8.054103, "delta": 0.008976}}
{"target": -134.89085202200494, "params": {"gamma": 1.223016887028468, "prior": 6.657850888843354, "rate": 4.881316374767721}, "datetime": {"datetime": "2024-06-14 06:59:11", "elapsed": 8.064077, "delta": 0.009974}}
{"target": -182.61989170431247, "params": {"gamma": 1.9437055308797813, "prior": 8.798437263168932, "rate": 1.8156924881797458}, "datetime": {"datetime": "2024-06-14 06:59:11", "elapsed": 8.073052, "delta": 0.008975}}
{"target": -290.4188074596993, "params": {"gamma": 6.390889540088459, "prior": 7.434186094159498, "rate": 5.6271661930456895}, "datetime": {"datetime": "2024-06-14 06:59:11", "elapsed": 8.083025, "delta": 0.009973}}
{"target": -224.4391256270902, "params": {"gamma": 6.288786844403314, "prior": 1.2777574265578442, "rate": 3.0810618335582585}, "datetime": {"datetime": "2024-06-14 06:59:11", "elapsed": 8.092001, "delta": 0.008976}}
{"target": -219.11467284054507, "params": {"gamma": 5.870035110089563, "prior": 4.015090791444363, "rate": 6.639796868246575}, "datetime": {"datetime": "2024-06-14 06:59:12", "elapsed": 8.101975, "delta": 0.009974}}
{"target": -303.60599532509093, "params": {"gamma": 8.519694493398179, "prior": 1.9831986841906173, "rate": 9.032823736002479}, "datetime": {"datetime": "2024-06-14 06:59:12", "elapsed": 8.110951, "delta": 0.008976}}
{"target": -206.40041826197302, "params": {"gamma": 3.8323753284605018, "prior": 9.43693087420972, "rate": 6.174205747936627}, "datetime": {"datetime": "2024-06-14 06:59:12", "elapsed": 8.120925, "delta": 0.009974}}
{"target": -311.3027346671415, "params": {"gamma": 7.901165115937855, "prior": 5.1962767408949375, "rate": 5.311915799238696}, "datetime": {"datetime": "2024-06-14 06:59:12", "elapsed": 8.130897, "delta": 0.009972}}
{"target": -156.62295922501534, "params": {"gamma": 3.276611393760953, "prior": 1.3807106015508195, "rate": 3.8388352966923764}, "datetime": {"datetime": "2024-06-14 06:59:12", "elapsed": 8.140529, "delta": 0.009632}}
{"target": -139.30166541829442, "params": {"gamma": 2.1505498314359848, "prior": 0.4253660332309741, "rate": 2.7495934114227696}, "datetime": {"datetime": "2024-06-14 06:59:12", "elapsed": 8.149506, "delta": 0.008977}}
{"target": -196.44623033956063, "params": {"gamma": 1.8065799506159026, "prior": 8.767750118877416, "rate": 0.8132843877516185}, "datetime": {"datetime": "2024-06-14 06:59:12", "elapsed": 8.159479, "delta": 0.009973}}
{"target": -133.28420217611108, "params": {"gamma": 1.8397720952197505, "prior": 7.069903885809709, "rate": 9.192339684311714}, "datetime": {"datetime": "2024-06-14 06:59:12", "elapsed": 8.168455, "delta": 0.008976}}
{"target": -164.8239843831948, "params": {"gamma": 2.515333063867109, "prior": 0.3108812014676776, "rate": 9.605084223078242}, "datetime": {"datetime": "2024-06-14 06:59:12", "elapsed": 8.178429, "delta": 0.009974}}
{"target": -247.88859191812028, "params": {"gamma": 6.8225241840990325, "prior": 3.175560691032173, "rate": 4.724262048710183}, "datetime": {"datetime": "2024-06-14 06:59:12", "elapsed": 8.187406, "delta": 0.008977}}
{"target": -217.32435181430563, "params": {"gamma": 5.992959482913756, "prior": 3.801298863446888, "rate": 8.74500347841515}, "datetime": {"datetime": "2024-06-14 06:59:12", "elapsed": 8.19638, "delta": 0.008974}}
{"target": -410.3503529189613, "params": {"gamma": 7.261999710487967, "prior": 9.547972975779691, "rate": 3.5113041629592687}, "datetime": {"datetime": "2024-06-14 06:59:12", "elapsed": 8.206354, "delta": 0.009974}}
{"target": -328.14470337088414, "params": {"gamma": 9.37180371312909, "prior": 4.843095684834866, "rate": 6.423584063846066}, "datetime": {"datetime": "2024-06-14 06:59:12", "elapsed": 8.21533, "delta": 0.008976}}
{"target": -382.71613907716113, "params": {"gamma": 7.36673540034412, "prior": 8.112445893156233, "rate": 3.963197413459656}, "datetime": {"datetime": "2024-06-14 06:59:12", "elapsed": 8.224306, "delta": 0.008976}}
{"target": -211.37001398780046, "params": {"gamma": 4.480011839169197, "prior": 8.191042558516232, "rate": 7.175854473706459}, "datetime": {"datetime": "2024-06-14 06:59:12", "elapsed": 8.23428, "delta": 0.009974}}
{"target": -606.5847402341777, "params": {"gamma": 9.408551244537064, "prior": 9.798018927036628, "rate": 1.7899544503221003}, "datetime": {"datetime": "2024-06-14 06:59:12", "elapsed": 8.243256, "delta": 0.008976}}
{"target": -145.28163490078762, "params": {"gamma": 2.2799661987157394, "prior": 7.188265828062564, "rate": 7.474079963807781}, "datetime": {"datetime": "2024-06-14 06:59:12", "elapsed": 8.253229, "delta": 0.009973}}
{"target": -368.1356980305084, "params": {"gamma": 6.032192362771022, "prior": 8.785267665792963, "rate": 2.5206526306452743}, "datetime": {"datetime": "2024-06-14 06:59:12", "elapsed": 8.262204, "delta": 0.008975}}
{"target": -193.02883603346322, "params": {"gamma": 3.3955344555736273, "prior": 4.997003796258398, "rate": 3.150955862596707}, "datetime": {"datetime": "2024-06-14 06:59:12", "elapsed": 8.272178, "delta": 0.009974}}
{"target": -328.0983090657399, "params": {"gamma": 5.454845454328703, "prior": 6.856532985049649, "rate": 2.2044486446357947}, "datetime": {"datetime": "2024-06-14 06:59:12", "elapsed": 8.281154, "delta": 0.008976}}
{"target": -295.99642438423456, "params": {"gamma": 4.853889202229838, "prior": 9.930515440611035, "rate": 3.242288870509168}, "datetime": {"datetime": "2024-06-14 06:59:12", "elapsed": 8.29013, "delta": 0.008976}}
{"target": -139.01818026560574, "params": {"gamma": 0.35458383299364826, "prior": 8.19178211991173, "rate": 5.033564529213024}, "datetime": {"datetime": "2024-06-14 06:59:12", "elapsed": 8.300103, "delta": 0.009973}}
