{"target": -253.2147915380466, "params": {"gamma": 5.5889624922088075, "prior": 2.626743526039231, "rate": 5.1791698014639245}, "datetime": {"datetime": "2024-06-14 05:32:52", "elapsed": 14.301571, "delta": 0.009973}}
{"target": -387.92103019769525, "params": {"gamma": 9.297580185091476, "prior": 1.9346601105112133, "rate": 7.342339864091912}, "datetime": {"datetime": "2024-06-14 05:32:52", "elapsed": 14.311544, "delta": 0.009973}}
{"target": -492.46415044957337, "params": {"gamma": 8.72195678460364, "prior": 6.72761646306554, "rate": 2.0377529908899317}, "datetime": {"datetime": "2024-06-14 05:32:52", "elapsed": 14.321518, "delta": 0.009974}}
{"target": -144.880716153822, "params": {"gamma": 1.2925307977203897, "prior": 5.198826614589597, "rate": 1.3039515035572151}, "datetime": {"datetime": "2024-06-14 05:32:52", "elapsed": 14.331491, "delta": 0.009973}}
{"target": -424.31132633785506, "params": {"gamma": 8.257174308347446, "prior": 5.284080834265936, "rate": 2.9149454507613863}, "datetime": {"datetime": "2024-06-14 05:32:52", "elapsed": 14.341464, "delta": 0.009973}}
{"target": -255.41825873736488, "params": {"gamma": 5.681699207758667, "prior": 2.6803100664115536, "rate": 5.845117576613796}, "datetime": {"datetime": "2024-06-14 05:32:52", "elapsed": 14.351438, "delta": 0.009974}}
{"target": -142.4409510167136, "params": {"gamma": 2.32199215010331, "prior": 2.268615316993386, "rate": 5.185542309916678}, "datetime": {"datetime": "2024-06-14 05:32:52", "elapsed": 14.361411, "delta": 0.009973}}
{"target": -512.6435255709322, "params": {"gamma": 8.35432241661817, "prior": 6.483230627566245, "rate": 0.9428132212047013}, "datetime": {"datetime": "2024-06-14 05:32:52", "elapsed": 14.371384, "delta": 0.009973}}
{"target": -128.89179283686295, "params": {"gamma": 1.3415491851440944, "prior": 3.963975898564573, "rate": 3.1963273640149286}, "datetime": {"datetime": "2024-06-14 05:32:52", "elapsed": 14.381358, "delta": 0.009974}}
{"target": -595.0696491736373, "params": {"gamma": 8.912314797811076, "prior": 8.92378573099424, "rate": 0.2992111861366949}, "datetime": {"datetime": "2024-06-14 05:32:52", "elapsed": 14.391331, "delta": 0.009973}}
{"target": -154.59314173869012, "params": {"gamma": 2.1060088559719117, "prior": 3.9446918559051225, "rate": 1.7645710751045083}, "datetime": {"datetime": "2024-06-14 05:32:52", "elapsed": 14.400488, "delta": 0.009157}}
{"target": -383.600569437493, "params": {"gamma": 9.186944713043502, "prior": 1.9770256796040655, "rate": 7.3401256292133965}, "datetime": {"datetime": "2024-06-14 05:32:52", "elapsed": 14.411458, "delta": 0.01097}}
{"target": -408.3187188092504, "params": {"gamma": 9.569199419728829, "prior": 4.829408647933721, "rate": 8.142378714413438}, "datetime": {"datetime": "2024-06-14 05:32:52", "elapsed": 14.421431, "delta": 0.009973}}
{"target": -218.9109518837721, "params": {"gamma": 4.282765599393484, "prior": 8.153147623700525, "rate": 7.6172232645805815}, "datetime": {"datetime": "2024-06-14 05:32:52", "elapsed": 14.431405, "delta": 0.009974}}
{"target": -401.3117360728237, "params": {"gamma": 9.596076873702136, "prior": 3.432340065789796, "rate": 7.666177450236105}, "datetime": {"datetime": "2024-06-14 05:32:52", "elapsed": 14.441378, "delta": 0.009973}}
{"target": -423.35908820856093, "params": {"gamma": 9.216256420526488, "prior": 8.12663966088829, "rate": 8.143560581729513}, "datetime": {"datetime": "2024-06-14 05:32:52", "elapsed": 14.451351, "delta": 0.009973}}
{"target": -410.6921008053465, "params": {"gamma": 9.483034089579148, "prior": 2.9777607367995413, "rate": 4.402025448023279}, "datetime": {"datetime": "2024-06-14 05:32:52", "elapsed": 14.461325, "delta": 0.009974}}
{"target": -135.02757164390735, "params": {"gamma": 1.0614689514075122, "prior": 8.785093022870859, "rate": 3.4376495800562545}, "datetime": {"datetime": "2024-06-14 05:32:52", "elapsed": 14.471298, "delta": 0.009973}}
{"target": -389.00153733112927, "params": {"gamma": 9.052543557612724, "prior": 2.118189958793863, "rate": 3.49670854682447}, "datetime": {"datetime": "2024-06-14 05:32:52", "elapsed": 14.481271, "delta": 0.009973}}
{"target": -340.24624744913234, "params": {"gamma": 6.905103296395332, "prior": 9.234794588551267, "rate": 6.879772184061891}, "datetime": {"datetime": "2024-06-14 05:32:52", "elapsed": 14.491245, "delta": 0.009974}}
{"target": -175.01720699620424, "params": {"gamma": 3.4015950863695554, "prior": 0.49643025309015587, "rate": 3.3181754241303745}, "datetime": {"datetime": "2024-06-14 05:32:52", "elapsed": 14.500529, "delta": 0.009284}}
{"target": -231.11072979144424, "params": {"gamma": 4.762134435981242, "prior": 7.330961340576835, "rate": 8.936392304537144}, "datetime": {"datetime": "2024-06-14 05:32:52", "elapsed": 14.510502, "delta": 0.009973}}
{"target": -146.59033598523985, "params": {"gamma": 0.06408410135224346, "prior": 0.8596711762344525, "rate": 2.818623672892344}, "datetime": {"datetime": "2024-06-14 05:32:52", "elapsed": 14.520475, "delta": 0.009973}}
{"target": -268.9437001807031, "params": {"gamma": 5.356653678219738, "prior": 5.404277422789192, "rate": 4.25320952977812}, "datetime": {"datetime": "2024-06-14 05:32:52", "elapsed": 14.530449, "delta": 0.009974}}
{"target": -528.5965985749935, "params": {"gamma": 8.836490541785956, "prior": 7.300785245839415, "rate": 1.360477671934808}, "datetime": {"datetime": "2024-06-14 05:32:52", "elapsed": 14.540422, "delta": 0.009973}}
{"target": -153.9956118019865, "params": {"gamma": 2.3521283159904485, "prior": 5.10252796959535, "rate": 3.625823024683793}, "datetime": {"datetime": "2024-06-14 05:32:52", "elapsed": 14.551393, "delta": 0.010971}}
{"target": -344.5448857974296, "params": {"gamma": 8.086391818387844, "prior": 4.251421809439748, "rate": 9.41168440870445}, "datetime": {"datetime": "2024-06-14 05:32:52", "elapsed": 14.560377, "delta": 0.008984}}
{"target": -131.13804840437294, "params": {"gamma": 1.8253827869110664, "prior": 4.879596033761096, "rate": 8.942579468503189}, "datetime": {"datetime": "2024-06-14 05:32:52", "elapsed": 14.57134, "delta": 0.010963}}
{"target": -128.66484880005424, "params": {"gamma": 0.6582946776379386, "prior": 2.8643934665653927, "rate": 2.0285264812184285}, "datetime": {"datetime": "2024-06-14 05:32:52", "elapsed": 14.58231, "delta": 0.01097}}
{"target": -415.3288167975615, "params": {"gamma": 9.848142780102968, "prior": 4.737692189034398, "rate": 8.881823309179376}, "datetime": {"datetime": "2024-06-14 05:32:52", "elapsed": 14.598267, "delta": 0.015957}}
{"target": -358.8081744021268, "params": {"gamma": 8.539400167342631, "prior": 1.1292889740891987, "rate": 3.500085683547541}, "datetime": {"datetime": "2024-06-14 05:32:52", "elapsed": 14.608241, "delta": 0.009974}}
{"target": -241.30069810339668, "params": {"gamma": 4.967458463909608, "prior": 8.801060937259923, "rate": 9.818558826019503}, "datetime": {"datetime": "2024-06-14 05:32:52", "elapsed": 14.618215, "delta": 0.009974}}
{"target": -181.34581067423497, "params": {"gamma": 3.370152344242372, "prior": 7.8412910908400715, "rate": 8.587314644739731}, "datetime": {"datetime": "2024-06-14 05:32:52", "elapsed": 14.628217, "delta": 0.010002}}
{"target": -155.72956953553248, "params": {"gamma": 2.8132116645345953, "prior": 2.0693816102392013, "rate": 6.46649017792085}, "datetime": {"datetime": "2024-06-14 05:32:52", "elapsed": 14.638161, "delta": 0.009944}}
{"target": -252.44797474626415, "params": {"gamma": 5.641829191069348, "prior": 1.630298027663653, "rate": 7.421983140023526}, "datetime": {"datetime": "2024-06-14 05:32:52", "elapsed": 14.648134, "delta": 0.009973}}
{"target": -301.36723872326877, "params": {"gamma": 3.6015667876147712, "prior": 6.08627280178168, "rate": 0.06592323285271869}, "datetime": {"datetime": "2024-06-14 05:32:52", "elapsed": 14.658107, "delta": 0.009973}}
{"target": -318.1337341915052, "params": {"gamma": 5.905563148843087, "prior": 7.360917509441076, "rate": 3.457397702569941}, "datetime": {"datetime": "2024-06-14 05:32:52", "elapsed": 14.668081, "delta": 0.009974}}
{"target": -355.05818279594473, "params": {"gamma": 7.593538905555558, "prior": 4.327004199431187, "rate": 4.2325773823623205}, "datetime": {"datetime": "2024-06-14 05:32:52", "elapsed": 14.679052, "delta": 0.010971}}
{"target": -166.83958938576467, "params": {"gamma": 2.994227023324736, "prior": 7.436483296398663, "rate": 9.17093155390691}, "datetime": {"datetime": "2024-06-14 05:32:52", "elapsed": 14.689025, "delta": 0.009973}}
{"target": -228.86630964793136, "params": {"gamma": 4.431569286643207, "prior": 9.87114802409179, "rate": 7.995077879366126}, "datetime": {"datetime": "2024-06-14 05:32:52", "elapsed": 14.698997, "delta": 0.009972}}
{"target": -168.69843418552404, "params": {"gamma": 3.1130412574876014, "prior": 2.407742452022888, "rate": 3.5900011043724316}, "datetime": {"datetime": "2024-06-14 05:32:52", "elapsed": 14.708972, "delta": 0.009975}}
{"target": -201.82225448631684, "params": {"gamma": 4.047288190987675, "prior": 5.009393075339859, "rate": 7.015635889608674}, "datetime": {"datetime": "2024-06-14 05:32:52", "elapsed": 14.718945, "delta": 0.009973}}
{"target": -360.5652381903016, "params": {"gamma": 8.410142349236114, "prior": 0.6848328152847544, "rate": 4.531267048059634}, "datetime": {"datetime": "2024-06-14 05:32:52", "elapsed": 14.728918, "delta": 0.009973}}
{"target": -211.27987228794487, "params": {"gamma": 4.276131343403098, "prior": 4.29792090355555, "rate": 5.637207208839824}, "datetime": {"datetime": "2024-06-14 05:32:52", "elapsed": 14.739292, "delta": 0.010374}}
{"target": -391.2324325345763, "params": {"gamma": 9.3980782998847, "prior": 3.3701820193455276, "rate": 9.489732453291571}, "datetime": {"datetime": "2024-06-14 05:32:52", "elapsed": 14.748776, "delta": 0.009484}}
{"target": -149.69335619028556, "params": {"gamma": 2.4595966948386168, "prior": 5.529209774430184, "rate": 7.134294959360631}, "datetime": {"datetime": "2024-06-14 05:32:52", "elapsed": 14.75875, "delta": 0.009974}}
{"target": -392.9096717573294, "params": {"gamma": 8.806336338229208, "prior": 7.838817028821818, "rate": 9.657646828616505}, "datetime": {"datetime": "2024-06-14 05:32:52", "elapsed": 14.768724, "delta": 0.009974}}
{"target": -279.25490185782155, "params": {"gamma": 5.511879884156932, "prior": 9.063720741650819, "rate": 6.547188885206358}, "datetime": {"datetime": "2024-06-14 05:32:52", "elapsed": 14.778696, "delta": 0.009972}}
{"target": -128.00960843110113, "params": {"gamma": 1.6909319518823145, "prior": 0.4035410799066549, "rate": 7.608044237084763}, "datetime": {"datetime": "2024-06-14 05:32:52", "elapsed": 14.789668, "delta": 0.010972}}
{"target": -377.09836301997774, "params": {"gamma": 6.776523100769331, "prior": 2.9543033032339645, "rate": 1.061060113331068}, "datetime": {"datetime": "2024-06-14 05:32:52", "elapsed": 14.79964, "delta": 0.009972}}
{"target": -339.97516833612286, "params": {"gamma": 6.894912753981151, "prior": 7.519579902429176, "rate": 5.583261815945312}, "datetime": {"datetime": "2024-06-14 05:32:52", "elapsed": 14.809614, "delta": 0.009974}}
{"target": -291.6340612627104, "params": {"gamma": 6.6527083965787845, "prior": 4.10020372138982, "rate": 8.661009108350234}, "datetime": {"datetime": "2024-06-14 05:32:53", "elapsed": 14.819587, "delta": 0.009973}}
{"target": -265.7053761664681, "params": {"gamma": 5.3244804162311095, "prior": 8.95890809663211, "rate": 7.397355841077811}, "datetime": {"datetime": "2024-06-14 05:32:53", "elapsed": 14.82956, "delta": 0.009973}}
{"target": -249.0344253371176, "params": {"gamma": 5.229495878098283, "prior": 7.224605596526511, "rate": 8.867573377717738}, "datetime": {"datetime": "2024-06-14 05:32:53", "elapsed": 14.839534, "delta": 0.009974}}
{"target": -133.51960838301937, "params": {"gamma": 1.9459183399439965, "prior": 4.355070012521711, "rate": 8.593650736304962}, "datetime": {"datetime": "2024-06-14 05:32:53", "elapsed": 14.849507, "delta": 0.009973}}
{"target": -130.6103081850158, "params": {"gamma": 0.30593315470351806, "prior": 1.417513603339808, "rate": 4.0540634531511355}, "datetime": {"datetime": "2024-06-14 05:32:53", "elapsed": 14.85948, "delta": 0.009973}}
{"target": -122.32120967289427, "params": {"gamma": 1.1244776218587826, "prior": 7.288904924237335, "rate": 9.74812518591709}, "datetime": {"datetime": "2024-06-14 05:32:53", "elapsed": 14.869454, "delta": 0.009974}}
{"target": -314.67310680140645, "params": {"gamma": 4.891176585226112, "prior": 9.606648176679078, "rate": 1.3585554114606393}, "datetime": {"datetime": "2024-06-14 05:32:53", "elapsed": 14.879427, "delta": 0.009973}}
{"target": -316.0610061383939, "params": {"gamma": 7.004733804599716, "prior": 5.8702973117927115, "rate": 7.917543891275795}, "datetime": {"datetime": "2024-06-14 05:32:53", "elapsed": 14.8894, "delta": 0.009973}}
{"target": -294.3945106441205, "params": {"gamma": 5.377468422835572, "prior": 9.80093869090961, "rate": 4.397088163352406}, "datetime": {"datetime": "2024-06-14 05:32:53", "elapsed": 14.899374, "delta": 0.009974}}
{"target": -501.48814324023516, "params": {"gamma": 9.502773262661462, "prior": 9.190957370002844, "rate": 4.2392728592820275}, "datetime": {"datetime": "2024-06-14 05:32:53", "elapsed": 14.909347, "delta": 0.009973}}
{"target": -204.46959069851573, "params": {"gamma": 4.105808538326242, "prior": 0.2974759465557887, "rate": 4.485492635920682}, "datetime": {"datetime": "2024-06-14 05:32:53", "elapsed": 14.920318, "delta": 0.010971}}
{"target": -141.77674358659135, "params": {"gamma": 1.9949007104567833, "prior": 3.4256637772910272, "rate": 2.8258754102309727}, "datetime": {"datetime": "2024-06-14 05:32:53", "elapsed": 14.930291, "delta": 0.009973}}
{"target": -304.1511188144173, "params": {"gamma": 6.702309477116513, "prior": 4.457718385964588, "rate": 6.002889962165791}, "datetime": {"datetime": "2024-06-14 05:32:53", "elapsed": 14.939267, "delta": 0.008976}}
{"target": -414.7248820293859, "params": {"gamma": 8.435340806411245, "prior": 8.344442848168343, "rate": 5.855987869562886}, "datetime": {"datetime": "2024-06-14 05:32:53", "elapsed": 14.949241, "delta": 0.009974}}
{"target": -281.292433277066, "params": {"gamma": 4.405923932616606, "prior": 4.064061545938616, "rate": 0.7122002336399037}, "datetime": {"datetime": "2024-06-14 05:32:53", "elapsed": 14.959214, "delta": 0.009973}}
{"target": -256.787643113205, "params": {"gamma": 4.674352425274426, "prior": 4.090123873148685, "rate": 2.0161053969500373}, "datetime": {"datetime": "2024-06-14 05:32:53", "elapsed": 14.969187, "delta": 0.009973}}
{"target": -355.49895378851875, "params": {"gamma": 8.027446895117734, "prior": 7.011664981432901, "rate": 9.754105729983317}, "datetime": {"datetime": "2024-06-14 05:32:53", "elapsed": 14.980158, "delta": 0.010971}}
{"target": -196.9413447590416, "params": {"gamma": 3.8557726961887338, "prior": 4.227583085286738, "rate": 5.197829460123607}, "datetime": {"datetime": "2024-06-14 05:32:53", "elapsed": 14.989134, "delta": 0.008976}}
{"target": -181.96564907369395, "params": {"gamma": 3.5335312774873016, "prior": 5.497942769513592, "rate": 8.897635664817782}, "datetime": {"datetime": "2024-06-14 05:32:53", "elapsed": 15.000104, "delta": 0.01097}}
{"target": -313.07837787384614, "params": {"gamma": 7.305463347346481, "prior": 2.144468303025567, "rate": 8.001728642806308}, "datetime": {"datetime": "2024-06-14 05:32:53", "elapsed": 15.010078, "delta": 0.009974}}
{"target": -432.8666812806636, "params": {"gamma": 7.953285322327399, "prior": 8.011000507978151, "rate": 3.168709736973412}, "datetime": {"datetime": "2024-06-14 05:32:53", "elapsed": 15.020051, "delta": 0.009973}}
{"target": -374.42826624138485, "params": {"gamma": 6.129902255734795, "prior": 6.557680721273064, "rate": 1.203129814105274}, "datetime": {"datetime": "2024-06-14 05:32:53", "elapsed": 15.030024, "delta": 0.009973}}
{"target": -390.51876925864985, "params": {"gamma": 9.1868342285534, "prior": 3.7445441578197576, "rate": 6.884078859625151}, "datetime": {"datetime": "2024-06-14 05:32:53", "elapsed": 15.039998, "delta": 0.009974}}
{"target": -406.0258835846085, "params": {"gamma": 9.283455455258283, "prior": 6.781234415399158, "rate": 9.38483564986149}, "datetime": {"datetime": "2024-06-14 05:32:53", "elapsed": 15.049971, "delta": 0.009973}}
{"target": -301.752452023479, "params": {"gamma": 6.991377462572233, "prior": 1.7914931567760517, "rate": 7.289326185240949}, "datetime": {"datetime": "2024-06-14 05:32:53", "elapsed": 15.059945, "delta": 0.009974}}
{"target": -196.85940868981106, "params": {"gamma": 4.05779575275768, "prior": 3.2538756044600095, "rate": 7.806682064739028}, "datetime": {"datetime": "2024-06-14 05:32:53", "elapsed": 15.069918, "delta": 0.009973}}
{"target": -467.8180510164387, "params": {"gamma": 7.905100864498175, "prior": 9.495216479998318, "rate": 2.032649766796406}, "datetime": {"datetime": "2024-06-14 05:32:53", "elapsed": 15.079891, "delta": 0.009973}}
{"target": -274.41657324416593, "params": {"gamma": 5.32711064694857, "prior": 7.744012340448712, "rate": 5.163972338729523}, "datetime": {"datetime": "2024-06-14 05:32:53", "elapsed": 15.089864, "delta": 0.009973}}
{"target": -148.7966505881798, "params": {"gamma": 2.2886357530249133, "prior": 9.95337388401892, "rate": 8.893309115794231}, "datetime": {"datetime": "2024-06-14 05:32:53", "elapsed": 15.099838, "delta": 0.009974}}
{"target": -264.2705148382544, "params": {"gamma": 5.77185622802849, "prior": 5.426673287750362, "rate": 8.39992120466477}, "datetime": {"datetime": "2024-06-14 05:32:53", "elapsed": 15.109811, "delta": 0.009973}}
{"target": -472.1058342689378, "params": {"gamma": 9.146425179600218, "prior": 8.213895021249606, "rate": 4.3286649457508}, "datetime": {"datetime": "2024-06-14 05:32:53", "elapsed": 15.119785, "delta": 0.009974}}
{"target": -361.5192408113113, "params": {"gamma": 8.556375691660442, "prior": 2.333492784740386, "rate": 5.405620154121501}, "datetime": {"datetime": "2024-06-14 05:32:53", "elapsed": 15.129758, "delta": 0.009973}}
{"target": -173.2371040026128, "params": {"gamma": 3.1521877359098176, "prior": 1.2843815076826866, "rate": 1.455974015579314}, "datetime": {"datetime": "2024-06-14 05:32:53", "elapsed": 15.139731, "delta": 0.009973}}
{"target": -389.79834306080926, "params": {"gamma": 9.366111572060866, "prior": 2.0304250356307176, "rate": 6.499451382283563}, "datetime": {"datetime": "2024-06-14 05:32:53", "elapsed": 15.149704, "delta": 0.009973}}
{"target": -177.03280670895248, "params": {"gamma": 2.391972458242885, "prior": 5.302148770050018, "rate": 1.307211406941315}, "datetime": {"datetime": "2024-06-14 05:32:53", "elapsed": 15.159678, "delta": 0.009974}}
{"target": -160.50181895392242, "params": {"gamma": 2.89611392001835, "prior": 4.065192847476347, "rate": 7.067081063453817}, "datetime": {"datetime": "2024-06-14 05:32:53", "elapsed": 15.170648, "delta": 0.01097}}
{"target": -387.53683260858645, "params": {"gamma": 9.0107982835773, "prior": 4.342913606645138, "rate": 7.138505863828612}, "datetime": {"datetime": "2024-06-14 05:32:53", "elapsed": 15.179625, "delta": 0.008977}}
{"target": -121.18560093204705, "params": {"gamma": 1.391725519034242, "prior": 1.0956932372792056, "rate": 4.481647794143768}, "datetime": {"datetime": "2024-06-14 05:32:53", "elapsed": 15.189598, "delta": 0.009973}}
{"target": -323.9940234066738, "params": {"gamma": 7.605301828565939, "prior": 2.392991312329407, "rate": 8.09151910411932}, "datetime": {"datetime": "2024-06-14 05:32:53", "elapsed": 15.200376, "delta": 0.010778}}
{"target": -147.36492223294155, "params": {"gamma": 2.5248249478764953, "prior": 0.9296321465117505, "rate": 5.130493139683857}, "datetime": {"datetime": "2024-06-14 05:32:53", "elapsed": 15.209463, "delta": 0.009087}}
{"target": -151.6932759948325, "params": {"gamma": 0.010777103781384231, "prior": 7.110319091630252, "rate": 7.390853426863938}, "datetime": {"datetime": "2024-06-14 05:32:53", "elapsed": 15.219996, "delta": 0.010533}}
{"target": -470.8256873884784, "params": {"gamma": 9.73322264344219, "prior": 6.6653296080007065, "rate": 4.942673042576449}, "datetime": {"datetime": "2024-06-14 05:32:53", "elapsed": 15.229969, "delta": 0.009973}}
{"target": -139.09099587109841, "params": {"gamma": 0.7371595478477164, "prior": 5.389520768514386, "rate": 1.4191621099841882}, "datetime": {"datetime": "2024-06-14 05:32:53", "elapsed": 15.239943, "delta": 0.009974}}
{"target": -441.70860475208246, "params": {"gamma": 8.024085235114102, "prior": 5.803873620313776, "rate": 2.1299294622685796}, "datetime": {"datetime": "2024-06-14 05:32:53", "elapsed": 15.249916, "delta": 0.009973}}
{"target": -308.3883159818897, "params": {"gamma": 7.070844731569463, "prior": 3.3967839214683155, "rate": 6.691313025057773}, "datetime": {"datetime": "2024-06-14 05:32:53", "elapsed": 15.259889, "delta": 0.009973}}
{"target": -334.16805008429435, "params": {"gamma": 7.795731330379866, "prior": 0.9571035750915102, "rate": 5.107053969244893}, "datetime": {"datetime": "2024-06-14 05:32:53", "elapsed": 15.269456, "delta": 0.009567}}
{"target": -132.0217451306578, "params": {"gamma": 1.0376399462769927, "prior": 6.5296689069268, "rate": 3.155663327191296}, "datetime": {"datetime": "2024-06-14 05:32:53", "elapsed": 15.27943, "delta": 0.009974}}
{"target": -294.2885966098597, "params": {"gamma": 6.435368403054906, "prior": 0.5806824424773391, "rate": 8.67009697380327}, "datetime": {"datetime": "2024-06-14 05:32:53", "elapsed": 15.289403, "delta": 0.009973}}
{"target": -283.6339739215289, "params": {"gamma": 4.78211439086565, "prior": 7.956176567412768, "rate": 2.267143144700332}, "datetime": {"datetime": "2024-06-14 05:32:53", "elapsed": 15.299377, "delta": 0.009974}}
{"target": -180.38187700914614, "params": {"gamma": 3.3504024487870745, "prior": 7.661371739793161, "rate": 8.534375742625368}, "datetime": {"datetime": "2024-06-14 05:32:53", "elapsed": 15.30935, "delta": 0.009973}}
