{"target": -938.6828480034687, "params": {"gamma": 6.139097026322785, "lr": 0.3241385298974466}, "datetime": {"datetime": "2024-06-13 21:42:33", "elapsed": 1.219223, "delta": 0.002992}}
{"target": -613.618836270451, "params": {"gamma": 4.574144456728294, "lr": 0.44411710701661444}, "datetime": {"datetime": "2024-06-13 21:42:33", "elapsed": 1.223212, "delta": 0.003989}}
{"target": -1074.7792413123886, "params": {"gamma": 8.281525471954389, "lr": 0.4263481542362306}, "datetime": {"datetime": "2024-06-13 21:42:33", "elapsed": 1.227201, "delta": 0.003989}}
{"target": -561.8815569440142, "params": {"gamma": 3.4576425129338477, "lr": 0.6749716048091052}, "datetime": {"datetime": "2024-06-13 21:42:33", "elapsed": 1.230193, "delta": 0.002992}}
{"target": -312.3832298952549, "params": {"gamma": 2.215599075279554, "lr": 0.4672458239265538}, "datetime": {"datetime": "2024-06-13 21:42:33", "elapsed": 1.234183, "delta": 0.00399}}
{"target": -493.5246159195264, "params": {"gamma": 3.1483421075528404, "lr": 0.6268556021628346}, "datetime": {"datetime": "2024-06-13 21:42:33", "elapsed": 1.237175, "delta": 0.002992}}
{"target": -1158.0688761782214, "params": {"gamma": 8.773727386473432, "lr": 0.4476890001456285}, "datetime": {"datetime": "2024-06-13 21:42:33", "elapsed": 1.241164, "delta": 0.003989}}
{"target": -1028.3283631888025, "params": {"gamma": 7.84478973050044, "lr": 0.4569657005615504}, "datetime": {"datetime": "2024-06-13 21:42:33", "elapsed": 1.245153, "delta": 0.003989}}
{"target": -1499.916324916749, "params": {"gamma": 6.562637087839597, "lr": 0.13184097502750214}, "datetime": {"datetime": "2024-06-13 21:42:33", "elapsed": 1.248145, "delta": 0.002992}}
{"target": -773.3040338918435, "params": {"gamma": 4.3303820881695145, "lr": 0.9093119886549367}, "datetime": {"datetime": "2024-06-13 21:42:33", "elapsed": 1.252135, "delta": 0.00399}}
{"target": -997.4757687859786, "params": {"gamma": 6.055184531308316, "lr": 0.7667745872371021}, "datetime": {"datetime": "2024-06-13 21:42:33", "elapsed": 1.255127, "delta": 0.002992}}
{"target": -668.8784794849546, "params": {"gamma": 5.047501380350848, "lr": 0.49805562482800747}, "datetime": {"datetime": "2024-06-13 21:42:33", "elapsed": 1.259116, "delta": 0.003989}}
{"target": -2056.417206550907, "params": {"gamma": 8.429155502088307, "lr": 0.06780693434095375}, "datetime": {"datetime": "2024-06-13 21:42:33", "elapsed": 1.262108, "delta": 0.002992}}
{"target": -1016.0229802854283, "params": {"gamma": 5.733149443225297, "lr": 0.9427625754329493}, "datetime": {"datetime": "2024-06-13 21:42:33", "elapsed": 1.266097, "delta": 0.003989}}
{"target": -868.0514093416361, "params": {"gamma": 5.179082621675048, "lr": 0.1944658095278845}, "datetime": {"datetime": "2024-06-13 21:42:33", "elapsed": 1.269958, "delta": 0.003861}}
{"target": -1381.8808162527873, "params": {"gamma": 8.479545985042318, "lr": 0.25163914235585283}, "datetime": {"datetime": "2024-06-13 21:42:33", "elapsed": 1.272947, "delta": 0.002989}}
{"target": -988.8164810626321, "params": {"gamma": 7.007559638788898, "lr": 0.5402609403968999}, "datetime": {"datetime": "2024-06-13 21:42:33", "elapsed": 1.276936, "delta": 0.003989}}
{"target": -1399.2882750414758, "params": {"gamma": 9.488414046513915, "lr": 0.6243367024026759}, "datetime": {"datetime": "2024-06-13 21:42:33", "elapsed": 1.279928, "delta": 0.002992}}
{"target": -2044.5578003117969, "params": {"gamma": 8.379941642515245, "lr": 0.007932876194523097}, "datetime": {"datetime": "2024-06-13 21:42:33", "elapsed": 1.283917, "delta": 0.003989}}
{"target": -2409.281436044831, "params": {"gamma": 9.893411221610213, "lr": 0.07771457033238649}, "datetime": {"datetime": "2024-06-13 21:42:33", "elapsed": 1.287456, "delta": 0.003539}}
{"target": -582.8702728563156, "params": {"gamma": 3.2219730066340815, "lr": 0.9461523954567653}, "datetime": {"datetime": "2024-06-13 21:42:33", "elapsed": 1.291447, "delta": 0.003991}}
{"target": -139.22521448354334, "params": {"gamma": 0.09038208461007943, "lr": 0.8227300054219355}, "datetime": {"datetime": "2024-06-13 21:42:33", "elapsed": 1.295472, "delta": 0.004025}}
{"target": -1137.09115629622, "params": {"gamma": 8.612255172029577, "lr": 0.4398308142085725}, "datetime": {"datetime": "2024-06-13 21:42:33", "elapsed": 1.298459, "delta": 0.002987}}
{"target": -437.10286237480307, "params": {"gamma": 2.558196192865506, "lr": 0.8026895196332986}, "datetime": {"datetime": "2024-06-13 21:42:33", "elapsed": 1.302417, "delta": 0.003958}}
{"target": -1097.2031509453302, "params": {"gamma": 4.77914218231778, "lr": 0.13433860865569613}, "datetime": {"datetime": "2024-06-13 21:42:33", "elapsed": 1.305409, "delta": 0.002992}}
{"target": -1634.5164195284856, "params": {"gamma": 9.278562079257282, "lr": 0.8959699670066484}, "datetime": {"datetime": "2024-06-13 21:42:33", "elapsed": 1.309398, "delta": 0.003989}}
{"target": -837.3269828790943, "params": {"gamma": 4.915959955019337, "lr": 0.8567024965177922}, "datetime": {"datetime": "2024-06-13 21:42:33", "elapsed": 1.313388, "delta": 0.00399}}
{"target": -675.0210028404803, "params": {"gamma": 4.1863616796152225, "lr": 0.6834649001663011}, "datetime": {"datetime": "2024-06-13 21:42:33", "elapsed": 1.31638, "delta": 0.002992}}
{"target": -571.0795840571673, "params": {"gamma": 3.9805084034398166, "lr": 0.5057420174508104}, "datetime": {"datetime": "2024-06-13 21:42:33", "elapsed": 1.32037, "delta": 0.00399}}
{"target": -359.72840592557105, "params": {"gamma": 1.896327476636439, "lr": 0.9649889241109139}, "datetime": {"datetime": "2024-06-13 21:42:33", "elapsed": 1.324358, "delta": 0.003988}}
{"target": -657.2223550878648, "params": {"gamma": 2.9428626667543027, "lr": 0.10345955611640134}, "datetime": {"datetime": "2024-06-13 21:42:33", "elapsed": 1.32735, "delta": 0.002992}}
{"target": -383.79072861798306, "params": {"gamma": 1.4440096868902519, "lr": 0.014092294192442956}, "datetime": {"datetime": "2024-06-13 21:42:33", "elapsed": 1.331398, "delta": 0.004048}}
{"target": -1019.2269933090953, "params": {"gamma": 7.1597410489244835, "lr": 0.5644983202408741}, "datetime": {"datetime": "2024-06-13 21:42:33", "elapsed": 1.334896, "delta": 0.003498}}
{"target": -1118.687451282011, "params": {"gamma": 7.945988933496338, "lr": 0.5070799232841364}, "datetime": {"datetime": "2024-06-13 21:42:33", "elapsed": 1.337888, "delta": 0.002992}}
{"target": -1259.3224292644968, "params": {"gamma": 7.918418574002035, "lr": 0.6957642142718394}, "datetime": {"datetime": "2024-06-13 21:42:33", "elapsed": 1.341878, "delta": 0.00399}}
{"target": -1010.7223360560171, "params": {"gamma": 7.778706920114895, "lr": 0.4064828689770863}, "datetime": {"datetime": "2024-06-13 21:42:33", "elapsed": 1.344869, "delta": 0.002991}}
{"target": -1135.1865189100017, "params": {"gamma": 6.478058561241625, "lr": 0.1797942976929744}, "datetime": {"datetime": "2024-06-13 21:42:33", "elapsed": 1.348859, "delta": 0.00399}}
{"target": -577.1231780099904, "params": {"gamma": 3.2188778139156518, "lr": 0.1726046201197925}, "datetime": {"datetime": "2024-06-13 21:42:33", "elapsed": 1.352848, "delta": 0.003989}}
{"target": -664.8977957809118, "params": {"gamma": 4.086963612907611, "lr": 0.2414187479655988}, "datetime": {"datetime": "2024-06-13 21:42:33", "elapsed": 1.35584, "delta": 0.002992}}
{"target": -728.3815593194835, "params": {"gamma": 4.069813019299451, "lr": 0.9752223424373121}, "datetime": {"datetime": "2024-06-13 21:42:33", "elapsed": 1.35983, "delta": 0.00399}}
{"target": -579.7786662284179, "params": {"gamma": 3.2038729388944907, "lr": 0.9824909449748953}, "datetime": {"datetime": "2024-06-13 21:42:33", "elapsed": 1.363819, "delta": 0.003989}}
{"target": -910.9770597538738, "params": {"gamma": 6.363424952433981, "lr": 0.375091018393911}, "datetime": {"datetime": "2024-06-13 21:42:33", "elapsed": 1.367808, "delta": 0.003989}}
{"target": -1265.9991015728397, "params": {"gamma": 8.574987506336882, "lr": 0.6195867393685738}, "datetime": {"datetime": "2024-06-13 21:42:33", "elapsed": 1.371798, "delta": 0.00399}}
{"target": -431.1550971875244, "params": {"gamma": 2.521078768228263, "lr": 0.7928556779768876}, "datetime": {"datetime": "2024-06-13 21:42:33", "elapsed": 1.375788, "delta": 0.00399}}
{"target": -643.3896758081945, "params": {"gamma": 4.329952148832897, "lr": 0.3575111673304414}, "datetime": {"datetime": "2024-06-13 21:42:33", "elapsed": 1.379777, "delta": 0.003989}}
{"target": -538.0550935980668, "params": {"gamma": 3.3034390883142843, "lr": 0.6973688756131394}, "datetime": {"datetime": "2024-06-13 21:42:33", "elapsed": 1.382768, "delta": 0.002991}}
{"target": -457.2826485950483, "params": {"gamma": 2.6872325889383593, "lr": 0.8082780137053801}, "datetime": {"datetime": "2024-06-13 21:42:33", "elapsed": 1.386757, "delta": 0.003989}}
{"target": -431.0415755259811, "params": {"gamma": 2.953592655204078, "lr": 0.5441213835853572}, "datetime": {"datetime": "2024-06-13 21:42:33", "elapsed": 1.389749, "delta": 0.002992}}
{"target": -831.3270230138179, "params": {"gamma": 4.879726996560219, "lr": 0.8553564125953698}, "datetime": {"datetime": "2024-06-13 21:42:33", "elapsed": 1.393739, "delta": 0.00399}}
{"target": -1473.356068826502, "params": {"gamma": 8.883975957519464, "lr": 0.18438444236776674}, "datetime": {"datetime": "2024-06-13 21:42:33", "elapsed": 1.397728, "delta": 0.003989}}
{"target": -1037.7192011497164, "params": {"gamma": 5.853899240923573, "lr": 0.8982050460171371}, "datetime": {"datetime": "2024-06-13 21:42:33", "elapsed": 1.40072, "delta": 0.002992}}
{"target": -795.9735434053766, "params": {"gamma": 4.461726073125263, "lr": 0.9218683054838154}, "datetime": {"datetime": "2024-06-13 21:42:33", "elapsed": 1.404709, "delta": 0.003989}}
{"target": -427.7365959115004, "params": {"gamma": 2.790629913679252, "lr": 0.6088311741937957}, "datetime": {"datetime": "2024-06-13 21:42:33", "elapsed": 1.408699, "delta": 0.00399}}
{"target": -1096.47130659247, "params": {"gamma": 6.824854643958388, "lr": 0.2282057333504841}, "datetime": {"datetime": "2024-06-13 21:42:33", "elapsed": 1.411691, "delta": 0.002992}}
{"target": -136.9098722792052, "params": {"gamma": 0.13866135806461027, "lr": 0.4167239623706961}, "datetime": {"datetime": "2024-06-13 21:42:33", "elapsed": 1.415681, "delta": 0.00399}}
{"target": -1372.7912801210605, "params": {"gamma": 9.384880436675484, "lr": 0.34302810983040655}, "datetime": {"datetime": "2024-06-13 21:42:33", "elapsed": 1.41967, "delta": 0.003989}}
{"target": -1362.056433116642, "params": {"gamma": 7.7976632105305175, "lr": 0.17473631282740743}, "datetime": {"datetime": "2024-06-13 21:42:33", "elapsed": 1.422661, "delta": 0.002991}}
{"target": -692.0007478062471, "params": {"gamma": 3.420186410188222, "lr": 0.14459772083809674}, "datetime": {"datetime": "2024-06-13 21:42:33", "elapsed": 1.426651, "delta": 0.00399}}
{"target": -1141.602181910273, "params": {"gamma": 7.167991370649615, "lr": 0.6993076236968142}, "datetime": {"datetime": "2024-06-13 21:42:33", "elapsed": 1.43064, "delta": 0.003989}}
{"target": -1125.2774424387728, "params": {"gamma": 6.88528468217124, "lr": 0.25339603448629966}, "datetime": {"datetime": "2024-06-13 21:42:33", "elapsed": 1.433632, "delta": 0.002992}}
{"target": -1112.1133545888636, "params": {"gamma": 6.923908856112466, "lr": 0.22729754091594956}, "datetime": {"datetime": "2024-06-13 21:42:33", "elapsed": 1.437621, "delta": 0.003989}}
{"target": -595.4289018140987, "params": {"gamma": 4.247066510197466, "lr": 0.37192212166768723}, "datetime": {"datetime": "2024-06-13 21:42:33", "elapsed": 1.440614, "delta": 0.002993}}
{"target": -882.7963281075138, "params": {"gamma": 3.553723808289602, "lr": 0.05765480724125638}, "datetime": {"datetime": "2024-06-13 21:42:33", "elapsed": 1.444603, "delta": 0.003989}}
{"target": -1015.1571017341277, "params": {"gamma": 6.316834622032531, "lr": 0.7073166026816995}, "datetime": {"datetime": "2024-06-13 21:42:33", "elapsed": 1.448592, "delta": 0.003989}}
{"target": -940.4619332250953, "params": {"gamma": 6.136273356333854, "lr": 0.6483127561631246}, "datetime": {"datetime": "2024-06-13 21:42:33", "elapsed": 1.451584, "delta": 0.002992}}
{"target": -365.55830872731553, "params": {"gamma": 1.7002372014583604, "lr": 0.14944679893886248}, "datetime": {"datetime": "2024-06-13 21:42:33", "elapsed": 1.455573, "delta": 0.003989}}
{"target": -901.8511251259738, "params": {"gamma": 5.142236260215303, "lr": 0.8753327263545391}, "datetime": {"datetime": "2024-06-13 21:42:33", "elapsed": 1.459563, "delta": 0.00399}}
{"target": -267.5363031131523, "params": {"gamma": 1.8403504620306732, "lr": 0.4628391187082599}, "datetime": {"datetime": "2024-06-13 21:42:33", "elapsed": 1.462555, "delta": 0.002992}}
{"target": -572.1249948070272, "params": {"gamma": 4.289894407965, "lr": 0.4972891859195163}, "datetime": {"datetime": "2024-06-13 21:42:33", "elapsed": 1.466544, "delta": 0.003989}}
{"target": -262.74779042903174, "params": {"gamma": 1.6159461940896331, "lr": 0.34244064113481054}, "datetime": {"datetime": "2024-06-13 21:42:33", "elapsed": 1.470534, "delta": 0.00399}}
{"target": -460.32370365612144, "params": {"gamma": 2.6195421606310987, "lr": 0.844526943229479}, "datetime": {"datetime": "2024-06-13 21:42:33", "elapsed": 1.473526, "delta": 0.002992}}
{"target": -1039.3609650839646, "params": {"gamma": 8.003522125518241, "lr": 0.4266391582681436}, "datetime": {"datetime": "2024-06-13 21:42:33", "elapsed": 1.477515, "delta": 0.003989}}
{"target": -1206.856147970781, "params": {"gamma": 6.070547592429601, "lr": 0.14546561026621996}, "datetime": {"datetime": "2024-06-13 21:42:33", "elapsed": 1.480507, "delta": 0.002992}}
{"target": -791.538816600491, "params": {"gamma": 5.096623328881369, "lr": 0.29694708578690454}, "datetime": {"datetime": "2024-06-13 21:42:33", "elapsed": 1.484496, "delta": 0.003989}}
{"target": -1365.7471665312562, "params": {"gamma": 8.596649884738442, "lr": 0.6715983809063899}, "datetime": {"datetime": "2024-06-13 21:42:33", "elapsed": 1.488485, "delta": 0.003989}}
{"target": -1383.6979966442723, "params": {"gamma": 6.335106652211588, "lr": 0.12475130006917923}, "datetime": {"datetime": "2024-06-13 21:42:33", "elapsed": 1.491478, "delta": 0.002993}}
{"target": -838.2438792047251, "params": {"gamma": 4.706408207109359, "lr": 0.9865727795868815}, "datetime": {"datetime": "2024-06-13 21:42:33", "elapsed": 1.495467, "delta": 0.003989}}
{"target": -1445.226637274695, "params": {"gamma": 9.483043441552578, "lr": 0.6450856402604436}, "datetime": {"datetime": "2024-06-13 21:42:33", "elapsed": 1.498459, "delta": 0.002992}}
{"target": -261.1482771793385, "params": {"gamma": 1.5180969854487043, "lr": 0.639126848719905}, "datetime": {"datetime": "2024-06-13 21:42:33", "elapsed": 1.502448, "delta": 0.003989}}
{"target": -746.9951772868483, "params": {"gamma": 5.657055463326731, "lr": 0.468665837661252}, "datetime": {"datetime": "2024-06-13 21:42:33", "elapsed": 1.506438, "delta": 0.00399}}
{"target": -652.1769044443287, "params": {"gamma": 4.280946657213234, "lr": 0.5992697556580301}, "datetime": {"datetime": "2024-06-13 21:42:33", "elapsed": 1.50943, "delta": 0.002992}}
{"target": -1393.069956239686, "params": {"gamma": 8.499848915271139, "lr": 0.7511210403719374}, "datetime": {"datetime": "2024-06-13 21:42:33", "elapsed": 1.513419, "delta": 0.003989}}
{"target": -1026.578716134361, "params": {"gamma": 5.794026042432034, "lr": 0.9247041815360281}, "datetime": {"datetime": "2024-06-13 21:42:33", "elapsed": 1.517408, "delta": 0.003989}}
{"target": -171.31706426389823, "params": {"gamma": 0.6483350944320471, "lr": 0.9913465087318091}, "datetime": {"datetime": "2024-06-13 21:42:33", "elapsed": 1.5204, "delta": 0.002992}}
{"target": -154.98137265918373, "params": {"gamma": 0.5308924321372274, "lr": 0.19949554613856135}, "datetime": {"datetime": "2024-06-13 21:42:33", "elapsed": 1.52439, "delta": 0.00399}}
{"target": -932.8765584198615, "params": {"gamma": 4.228103863783965, "lr": 0.10750887618516769}, "datetime": {"datetime": "2024-06-13 21:42:33", "elapsed": 1.528379, "delta": 0.003989}}
{"target": -1528.2488840358333, "params": {"gamma": 6.2370804395660215, "lr": 0.047992564048867314}, "datetime": {"datetime": "2024-06-13 21:42:33", "elapsed": 1.531371, "delta": 0.002992}}
{"target": -713.7321157324418, "params": {"gamma": 2.8469541861884147, "lr": 0.06103668111967109}, "datetime": {"datetime": "2024-06-13 21:42:33", "elapsed": 1.53536, "delta": 0.003989}}
{"target": -1120.821562351135, "params": {"gamma": 7.035489791719707, "lr": 0.668456167589482}, "datetime": {"datetime": "2024-06-13 21:42:33", "elapsed": 1.53935, "delta": 0.00399}}
{"target": -641.4925823295468, "params": {"gamma": 3.7864273519127716, "lr": 0.1881942600298212}, "datetime": {"datetime": "2024-06-13 21:42:33", "elapsed": 1.542342, "delta": 0.002992}}
{"target": -1096.2158333239527, "params": {"gamma": 7.4703012854704225, "lr": 0.34037929076546725}, "datetime": {"datetime": "2024-06-13 21:42:33", "elapsed": 1.546331, "delta": 0.003989}}
{"target": -1042.2932490561661, "params": {"gamma": 7.953216372889023, "lr": 0.4879009391796203}, "datetime": {"datetime": "2024-06-13 21:42:33", "elapsed": 1.549323, "delta": 0.002992}}
{"target": -1292.264557107381, "params": {"gamma": 5.257168774065444, "lr": 0.028490849491567216}, "datetime": {"datetime": "2024-06-13 21:42:33", "elapsed": 1.553312, "delta": 0.003989}}
{"target": -947.8354376302012, "params": {"gamma": 6.442675966770439, "lr": 0.3506565024321674}, "datetime": {"datetime": "2024-06-13 21:42:33", "elapsed": 1.557302, "delta": 0.00399}}
{"target": -323.806357486208, "params": {"gamma": 2.292821067893365, "lr": 0.4338833762117006}, "datetime": {"datetime": "2024-06-13 21:42:33", "elapsed": 1.560294, "delta": 0.002992}}
{"target": -513.0766602377892, "params": {"gamma": 3.825292105251905, "lr": 0.46978904008636024}, "datetime": {"datetime": "2024-06-13 21:42:33", "elapsed": 1.564283, "delta": 0.003989}}
{"target": -1345.9574034419586, "params": {"gamma": 9.794854058443883, "lr": 0.36437807036823044}, "datetime": {"datetime": "2024-06-13 21:42:33", "elapsed": 1.568272, "delta": 0.003989}}
{"target": -1086.209589817498, "params": {"gamma": 7.744326923227059, "lr": 0.5527675965498925}, "datetime": {"datetime": "2024-06-13 21:42:33", "elapsed": 1.571264, "delta": 0.002992}}
{"target": -1301.4992285828166, "params": {"gamma": 8.891421759985722, "lr": 0.354952851149572}, "datetime": {"datetime": "2024-06-13 21:42:33", "elapsed": 1.575254, "delta": 0.00399}}
{"target": -452.898399629377, "params": {"gamma": 2.455941283184888, "lr": 0.9110192396569683}, "datetime": {"datetime": "2024-06-13 21:42:33", "elapsed": 1.579243, "delta": 0.003989}}
{"target": -149.28122707351238, "params": {"gamma": 0.43629910331389593, "lr": 0.9507534280610023}, "datetime": {"datetime": "2024-06-13 21:42:33", "elapsed": 1.582235, "delta": 0.002992}}
{"target": -798.9221935544388, "params": {"gamma": 5.5645127497935825, "lr": 0.3763632166870875}, "datetime": {"datetime": "2024-06-13 21:42:33", "elapsed": 1.586224, "delta": 0.003989}}
{"target": -2423.0461196356423, "params": {"gamma": 9.950528171068772, "lr": 0.05836264614763165}, "datetime": {"datetime": "2024-06-13 21:42:33", "elapsed": 1.590214, "delta": 0.00399}}
{"target": -1270.6901400138602, "params": {"gamma": 5.167546891316355, "lr": 0.03109707545554785}, "datetime": {"datetime": "2024-06-13 21:42:33", "elapsed": 1.593206, "delta": 0.002992}}
{"target": -1003.5939215093235, "params": {"gamma": 5.712186216123149, "lr": 0.18046850899511557}, "datetime": {"datetime": "2024-06-13 21:42:33", "elapsed": 1.597195, "delta": 0.003989}}
{"target": -1116.0865530945532, "params": {"gamma": 6.309961044194965, "lr": 0.9809236757505815}, "datetime": {"datetime": "2024-06-13 21:42:33", "elapsed": 1.601185, "delta": 0.00399}}
{"target": -1154.875899314298, "params": {"gamma": 8.749150609572597, "lr": 0.45183624942087064}, "datetime": {"datetime": "2024-06-13 21:42:33", "elapsed": 1.605174, "delta": 0.003989}}
{"target": -1164.0244516429302, "params": {"gamma": 7.084900239647121, "lr": 0.7774687500031893}, "datetime": {"datetime": "2024-06-13 21:42:33", "elapsed": 1.608166, "delta": 0.002992}}
{"target": -704.3357318514184, "params": {"gamma": 4.9489359987414545, "lr": 0.5285334901775651}, "datetime": {"datetime": "2024-06-13 21:42:33", "elapsed": 1.612155, "delta": 0.003989}}
{"target": -237.70633810364953, "params": {"gamma": 1.5086931993235537, "lr": 0.36939992561190627}, "datetime": {"datetime": "2024-06-13 21:42:33", "elapsed": 1.616144, "delta": 0.003989}}
{"target": -266.2728078284388, "params": {"gamma": 1.4230703094747938, "lr": 0.7268937533445626}, "datetime": {"datetime": "2024-06-13 21:42:33", "elapsed": 1.619136, "delta": 0.002992}}
{"target": -638.9728496456042, "params": {"gamma": 4.770652931028231, "lr": 0.44887883670676554}, "datetime": {"datetime": "2024-06-13 21:42:33", "elapsed": 1.623125, "delta": 0.003989}}
{"target": -1245.2339768502275, "params": {"gamma": 8.860093713682348, "lr": 0.5276187723115614}, "datetime": {"datetime": "2024-06-13 21:42:33", "elapsed": 1.627115, "delta": 0.00399}}
{"target": -676.4028677253546, "params": {"gamma": 4.091499228336683, "lr": 0.26889202221264585}, "datetime": {"datetime": "2024-06-13 21:42:33", "elapsed": 1.630107, "delta": 0.002992}}
{"target": -151.1386935383898, "params": {"gamma": 0.7210483396625298, "lr": 0.4181361337253158}, "datetime": {"datetime": "2024-06-13 21:42:33", "elapsed": 1.634096, "delta": 0.003989}}
{"target": -134.36274787430364, "params": {"gamma": 0.25850907058342715, "lr": 0.29115394055242805}, "datetime": {"datetime": "2024-06-13 21:42:33", "elapsed": 1.638086, "delta": 0.00399}}
{"target": -895.1800357170257, "params": {"gamma": 5.035591588974117, "lr": 0.9659330650197223}, "datetime": {"datetime": "2024-06-13 21:42:33", "elapsed": 1.641078, "delta": 0.002992}}
