{"target": -1417.0015621396972, "params": {"gamma": 6.139097026322785, "lr": 0.3241385298974466}, "datetime": {"datetime": "2024-06-13 22:26:34", "elapsed": 1.37377, "delta": 0.002999}}
{"target": -1014.9228734392874, "params": {"gamma": 4.574144456728294, "lr": 0.44411710701661444}, "datetime": {"datetime": "2024-06-13 22:26:34", "elapsed": 1.377755, "delta": 0.003985}}
{"target": -1796.5756837473552, "params": {"gamma": 8.281525471954389, "lr": 0.4263481542362306}, "datetime": {"datetime": "2024-06-13 22:26:34", "elapsed": 1.381745, "delta": 0.00399}}
{"target": -835.4988745448198, "params": {"gamma": 3.4576425129338477, "lr": 0.6749716048091052}, "datetime": {"datetime": "2024-06-13 22:26:34", "elapsed": 1.385737, "delta": 0.003992}}
{"target": -504.8003550220948, "params": {"gamma": 2.215599075279554, "lr": 0.4672458239265538}, "datetime": {"datetime": "2024-06-13 22:26:34", "elapsed": 1.389726, "delta": 0.003989}}
{"target": -744.939313976682, "params": {"gamma": 3.1483421075528404, "lr": 0.6268556021628346}, "datetime": {"datetime": "2024-06-13 22:26:34", "elapsed": 1.392718, "delta": 0.002992}}
{"target": -1920.6394903188946, "params": {"gamma": 8.773727386473432, "lr": 0.4476890001456285}, "datetime": {"datetime": "2024-06-13 22:26:34", "elapsed": 1.398719, "delta": 0.006001}}
{"target": -1719.1274663742076, "params": {"gamma": 7.84478973050044, "lr": 0.4569657005615504}, "datetime": {"datetime": "2024-06-13 22:26:34", "elapsed": 1.403713, "delta": 0.004994}}
{"target": -2100.977195515595, "params": {"gamma": 6.562637087839597, "lr": 0.13184097502750214}, "datetime": {"datetime": "2024-06-13 22:26:34", "elapsed": 1.409692, "delta": 0.005979}}
{"target": -1207.5859020503074, "params": {"gamma": 4.3303820881695145, "lr": 0.9093119886549367}, "datetime": {"datetime": "2024-06-13 22:26:34", "elapsed": 1.412684, "delta": 0.002992}}
{"target": -1516.409253574343, "params": {"gamma": 6.055184531308316, "lr": 0.7667745872371021}, "datetime": {"datetime": "2024-06-13 22:26:34", "elapsed": 1.41671, "delta": 0.004026}}
{"target": -1112.8238092543643, "params": {"gamma": 5.047501380350848, "lr": 0.49805562482800747}, "datetime": {"datetime": "2024-06-13 22:26:34", "elapsed": 1.421665, "delta": 0.004955}}
{"target": -2767.096957622449, "params": {"gamma": 8.429155502088307, "lr": 0.06780693434095375}, "datetime": {"datetime": "2024-06-13 22:26:34", "elapsed": 1.425657, "delta": 0.003992}}
{"target": -1597.6971932519446, "params": {"gamma": 5.733149443225297, "lr": 0.9427625754329493}, "datetime": {"datetime": "2024-06-13 22:26:34", "elapsed": 1.429646, "delta": 0.003989}}
{"target": -1377.1818797031392, "params": {"gamma": 5.179082621675048, "lr": 0.1944658095278845}, "datetime": {"datetime": "2024-06-13 22:26:34", "elapsed": 1.433697, "delta": 0.004051}}
{"target": -1943.025839127176, "params": {"gamma": 8.479545985042318, "lr": 0.25163914235585283}, "datetime": {"datetime": "2024-06-13 22:26:34", "elapsed": 1.437667, "delta": 0.00397}}
{"target": -1542.627651471899, "params": {"gamma": 7.007559638788898, "lr": 0.5402609403968999}, "datetime": {"datetime": "2024-06-13 22:26:34", "elapsed": 1.442653, "delta": 0.004986}}
{"target": -2174.7283156495846, "params": {"gamma": 9.488414046513915, "lr": 0.6243367024026759}, "datetime": {"datetime": "2024-06-13 22:26:34", "elapsed": 1.449298, "delta": 0.006645}}
{"target": -2751.1779235674444, "params": {"gamma": 8.379941642515245, "lr": 0.007932876194523097}, "datetime": {"datetime": "2024-06-13 22:26:34", "elapsed": 1.456276, "delta": 0.006978}}
{"target": -3240.7503027319403, "params": {"gamma": 9.893411221610213, "lr": 0.07771457033238649}, "datetime": {"datetime": "2024-06-13 22:26:34", "elapsed": 1.462353, "delta": 0.006077}}
{"target": -908.9589576427678, "params": {"gamma": 3.2219730066340815, "lr": 0.9461523954567653}, "datetime": {"datetime": "2024-06-13 22:26:34", "elapsed": 1.469335, "delta": 0.006982}}
{"target": -147.96390475304437, "params": {"gamma": 0.09038208461007943, "lr": 0.8227300054219355}, "datetime": {"datetime": "2024-06-13 22:26:34", "elapsed": 1.473323, "delta": 0.003988}}
{"target": -1900.19677149671, "params": {"gamma": 8.612255172029577, "lr": 0.4398308142085725}, "datetime": {"datetime": "2024-06-13 22:26:34", "elapsed": 1.477312, "delta": 0.003989}}
{"target": -670.0575204140433, "params": {"gamma": 2.558196192865506, "lr": 0.8026895196332986}, "datetime": {"datetime": "2024-06-13 22:26:34", "elapsed": 1.481301, "delta": 0.003989}}
{"target": -1534.2686479330362, "params": {"gamma": 4.77914218231778, "lr": 0.13433860865569613}, "datetime": {"datetime": "2024-06-13 22:26:34", "elapsed": 1.48529, "delta": 0.003989}}
{"target": -2518.915572151218, "params": {"gamma": 9.278562079257282, "lr": 0.8959699670066484}, "datetime": {"datetime": "2024-06-13 22:26:34", "elapsed": 1.48928, "delta": 0.00399}}
{"target": -1309.7299894627156, "params": {"gamma": 4.915959955019337, "lr": 0.8567024965177922}, "datetime": {"datetime": "2024-06-13 22:26:34", "elapsed": 1.493269, "delta": 0.003989}}
{"target": -1004.7211839086883, "params": {"gamma": 4.1863616796152225, "lr": 0.6834649001663011}, "datetime": {"datetime": "2024-06-13 22:26:34", "elapsed": 1.496261, "delta": 0.002992}}
{"target": -884.7831320009695, "params": {"gamma": 3.9805084034398166, "lr": 0.5057420174508104}, "datetime": {"datetime": "2024-06-13 22:26:34", "elapsed": 1.500253, "delta": 0.003992}}
{"target": -550.2979513376305, "params": {"gamma": 1.896327476636439, "lr": 0.9649889241109139}, "datetime": {"datetime": "2024-06-13 22:26:34", "elapsed": 1.504242, "delta": 0.003989}}
{"target": -965.0479954644932, "params": {"gamma": 2.9428626667543027, "lr": 0.10345955611640134}, "datetime": {"datetime": "2024-06-13 22:26:34", "elapsed": 1.511252, "delta": 0.00701}}
{"target": -513.7732784358677, "params": {"gamma": 1.4440096868902519, "lr": 0.014092294192442956}, "datetime": {"datetime": "2024-06-13 22:26:34", "elapsed": 1.517238, "delta": 0.005986}}
{"target": -1569.9957145042683, "params": {"gamma": 7.1597410489244835, "lr": 0.5644983202408741}, "datetime": {"datetime": "2024-06-13 22:26:34", "elapsed": 1.522193, "delta": 0.004955}}
{"target": -1747.0389529337644, "params": {"gamma": 7.945988933496338, "lr": 0.5070799232841364}, "datetime": {"datetime": "2024-06-13 22:26:34", "elapsed": 1.526182, "delta": 0.003989}}
{"target": -1874.7950033151078, "params": {"gamma": 7.918418574002035, "lr": 0.6957642142718394}, "datetime": {"datetime": "2024-06-13 22:26:34", "elapsed": 1.529173, "delta": 0.002991}}
{"target": -1688.2580264165315, "params": {"gamma": 7.778706920114895, "lr": 0.4064828689770863}, "datetime": {"datetime": "2024-06-13 22:26:34", "elapsed": 1.533164, "delta": 0.003991}}
{"target": -1896.417695641628, "params": {"gamma": 6.478058561241625, "lr": 0.1797942976929744}, "datetime": {"datetime": "2024-06-13 22:26:34", "elapsed": 1.537153, "delta": 0.003989}}
{"target": -950.0643912869415, "params": {"gamma": 3.2188778139156518, "lr": 0.1726046201197925}, "datetime": {"datetime": "2024-06-13 22:26:34", "elapsed": 1.541141, "delta": 0.003988}}
{"target": -973.6096670807347, "params": {"gamma": 4.086963612907611, "lr": 0.2414187479655988}, "datetime": {"datetime": "2024-06-13 22:26:34", "elapsed": 1.545131, "delta": 0.00399}}
{"target": -1140.8793056525792, "params": {"gamma": 4.069813019299451, "lr": 0.9752223424373121}, "datetime": {"datetime": "2024-06-13 22:26:34", "elapsed": 1.549121, "delta": 0.00399}}
{"target": -904.0206552937371, "params": {"gamma": 3.2038729388944907, "lr": 0.9824909449748953}, "datetime": {"datetime": "2024-06-13 22:26:34", "elapsed": 1.554108, "delta": 0.004987}}
{"target": -1507.544053219736, "params": {"gamma": 6.363424952433981, "lr": 0.375091018393911}, "datetime": {"datetime": "2024-06-13 22:26:34", "elapsed": 1.561088, "delta": 0.00698}}
{"target": -1967.4202380180752, "params": {"gamma": 8.574987506336882, "lr": 0.6195867393685738}, "datetime": {"datetime": "2024-06-13 22:26:34", "elapsed": 1.567073, "delta": 0.005985}}
{"target": -651.3618572626912, "params": {"gamma": 2.521078768228263, "lr": 0.7928556779768876}, "datetime": {"datetime": "2024-06-13 22:26:34", "elapsed": 1.572059, "delta": 0.004986}}
{"target": -1037.1545655070577, "params": {"gamma": 4.329952148832897, "lr": 0.3575111673304414}, "datetime": {"datetime": "2024-06-13 22:26:34", "elapsed": 1.575053, "delta": 0.002994}}
{"target": -799.7681386888811, "params": {"gamma": 3.3034390883142843, "lr": 0.6973688756131394}, "datetime": {"datetime": "2024-06-13 22:26:34", "elapsed": 1.579043, "delta": 0.00399}}
{"target": -701.7949410585502, "params": {"gamma": 2.6872325889383593, "lr": 0.8082780137053801}, "datetime": {"datetime": "2024-06-13 22:26:34", "elapsed": 1.583033, "delta": 0.00399}}
{"target": -663.4529679307284, "params": {"gamma": 2.953592655204078, "lr": 0.5441213835853572}, "datetime": {"datetime": "2024-06-13 22:26:34", "elapsed": 1.587026, "delta": 0.003993}}
{"target": -1300.3078366715906, "params": {"gamma": 4.879726996560219, "lr": 0.8553564125953698}, "datetime": {"datetime": "2024-06-13 22:26:34", "elapsed": 1.591015, "delta": 0.003989}}
{"target": -2351.0944054633806, "params": {"gamma": 8.883975957519464, "lr": 0.18438444236776674}, "datetime": {"datetime": "2024-06-13 22:26:34", "elapsed": 1.594013, "delta": 0.002998}}
{"target": -1598.231101651249, "params": {"gamma": 5.853899240923573, "lr": 0.8982050460171371}, "datetime": {"datetime": "2024-06-13 22:26:34", "elapsed": 1.597999, "delta": 0.003986}}
{"target": -1248.3640396745743, "params": {"gamma": 4.461726073125263, "lr": 0.9218683054838154}, "datetime": {"datetime": "2024-06-13 22:26:34", "elapsed": 1.601988, "delta": 0.003989}}
{"target": -658.6301236181368, "params": {"gamma": 2.790629913679252, "lr": 0.6088311741937957}, "datetime": {"datetime": "2024-06-13 22:26:34", "elapsed": 1.605598, "delta": 0.00361}}
{"target": -1611.8062130440164, "params": {"gamma": 6.824854643958388, "lr": 0.2282057333504841}, "datetime": {"datetime": "2024-06-13 22:26:34", "elapsed": 1.609588, "delta": 0.00399}}
{"target": -147.64321878559227, "params": {"gamma": 0.13866135806461027, "lr": 0.4167239623706961}, "datetime": {"datetime": "2024-06-13 22:26:34", "elapsed": 1.613577, "delta": 0.003989}}
{"target": -2236.57483378131, "params": {"gamma": 9.384880436675484, "lr": 0.34302810983040655}, "datetime": {"datetime": "2024-06-13 22:26:34", "elapsed": 1.617567, "delta": 0.00399}}
{"target": -2280.306217722713, "params": {"gamma": 7.7976632105305175, "lr": 0.17473631282740743}, "datetime": {"datetime": "2024-06-13 22:26:34", "elapsed": 1.621555, "delta": 0.003988}}
{"target": -1110.5024101225188, "params": {"gamma": 3.420186410188222, "lr": 0.14459772083809674}, "datetime": {"datetime": "2024-06-13 22:26:34", "elapsed": 1.624548, "delta": 0.002993}}
{"target": -1699.6651059076191, "params": {"gamma": 7.167991370649615, "lr": 0.6993076236968142}, "datetime": {"datetime": "2024-06-13 22:26:34", "elapsed": 1.628537, "delta": 0.003989}}
{"target": -1580.4353563682505, "params": {"gamma": 6.88528468217124, "lr": 0.25339603448629966}, "datetime": {"datetime": "2024-06-13 22:26:34", "elapsed": 1.631529, "delta": 0.002992}}
{"target": -1634.9243769062064, "params": {"gamma": 6.923908856112466, "lr": 0.22729754091594956}, "datetime": {"datetime": "2024-06-13 22:26:34", "elapsed": 1.635518, "delta": 0.003989}}
{"target": -985.2885666763465, "params": {"gamma": 4.247066510197466, "lr": 0.37192212166768723}, "datetime": {"datetime": "2024-06-13 22:26:34", "elapsed": 1.639508, "delta": 0.00399}}
{"target": -1190.9785916612896, "params": {"gamma": 3.553723808289602, "lr": 0.05765480724125638}, "datetime": {"datetime": "2024-06-13 22:26:34", "elapsed": 1.643497, "delta": 0.003989}}
{"target": -1513.7234312387263, "params": {"gamma": 6.316834622032531, "lr": 0.7073166026816995}, "datetime": {"datetime": "2024-06-13 22:26:34", "elapsed": 1.646489, "delta": 0.002992}}
{"target": -1430.16788498236, "params": {"gamma": 6.136273356333854, "lr": 0.6483127561631246}, "datetime": {"datetime": "2024-06-13 22:26:34", "elapsed": 1.650479, "delta": 0.00399}}
{"target": -565.9789324126891, "params": {"gamma": 1.7002372014583604, "lr": 0.14944679893886248}, "datetime": {"datetime": "2024-06-13 22:26:34", "elapsed": 1.654468, "delta": 0.003989}}
{"target": -1402.6015960311383, "params": {"gamma": 5.142236260215303, "lr": 0.8753327263545391}, "datetime": {"datetime": "2024-06-13 22:26:34", "elapsed": 1.658457, "delta": 0.003989}}
{"target": -426.49804102945666, "params": {"gamma": 1.8403504620306732, "lr": 0.4628391187082599}, "datetime": {"datetime": "2024-06-13 22:26:34", "elapsed": 1.662446, "delta": 0.003989}}
{"target": -948.9985774657981, "params": {"gamma": 4.289894407965, "lr": 0.4972891859195163}, "datetime": {"datetime": "2024-06-13 22:26:34", "elapsed": 1.665438, "delta": 0.002992}}
{"target": -405.45651609021115, "params": {"gamma": 1.6159461940896331, "lr": 0.34244064113481054}, "datetime": {"datetime": "2024-06-13 22:26:34", "elapsed": 1.669427, "delta": 0.003989}}
{"target": -714.5308188885176, "params": {"gamma": 2.6195421606310987, "lr": 0.844526943229479}, "datetime": {"datetime": "2024-06-13 22:26:34", "elapsed": 1.673417, "delta": 0.00399}}
{"target": -1736.6864477285958, "params": {"gamma": 8.003522125518241, "lr": 0.4266391582681436}, "datetime": {"datetime": "2024-06-13 22:26:34", "elapsed": 1.677406, "delta": 0.003989}}
{"target": -1958.3582178576216, "params": {"gamma": 6.070547592429601, "lr": 0.14546561026621996}, "datetime": {"datetime": "2024-06-13 22:26:34", "elapsed": 1.680398, "delta": 0.002992}}
{"target": -1197.928412896043, "params": {"gamma": 5.096623328881369, "lr": 0.29694708578690454}, "datetime": {"datetime": "2024-06-13 22:26:34", "elapsed": 1.684388, "delta": 0.00399}}
{"target": -2033.1036607975634, "params": {"gamma": 8.596649884738442, "lr": 0.6715983809063899}, "datetime": {"datetime": "2024-06-13 22:26:34", "elapsed": 1.688377, "delta": 0.003989}}
{"target": -1993.437193516079, "params": {"gamma": 6.335106652211588, "lr": 0.12475130006917923}, "datetime": {"datetime": "2024-06-13 22:26:34", "elapsed": 1.691369, "delta": 0.002992}}
{"target": -1315.528616571695, "params": {"gamma": 4.706408207109359, "lr": 0.9865727795868815}, "datetime": {"datetime": "2024-06-13 22:26:34", "elapsed": 1.695359, "delta": 0.00399}}
{"target": -2197.909895675134, "params": {"gamma": 9.483043441552578, "lr": 0.6450856402604436}, "datetime": {"datetime": "2024-06-13 22:26:34", "elapsed": 1.699348, "delta": 0.003989}}
{"target": -383.30755029619866, "params": {"gamma": 1.5180969854487043, "lr": 0.639126848719905}, "datetime": {"datetime": "2024-06-13 22:26:34", "elapsed": 1.703337, "delta": 0.003989}}
{"target": -1244.8181781245491, "params": {"gamma": 5.657055463326731, "lr": 0.468665837661252}, "datetime": {"datetime": "2024-06-13 22:26:34", "elapsed": 1.706329, "delta": 0.002992}}
{"target": -975.2986317388968, "params": {"gamma": 4.280946657213234, "lr": 0.5992697556580301}, "datetime": {"datetime": "2024-06-13 22:26:34", "elapsed": 1.710317, "delta": 0.003988}}
{"target": -2117.4358207117402, "params": {"gamma": 8.499848915271139, "lr": 0.7511210403719374}, "datetime": {"datetime": "2024-06-13 22:26:34", "elapsed": 1.714307, "delta": 0.00399}}
{"target": -1614.439481953375, "params": {"gamma": 5.794026042432034, "lr": 0.9247041815360281}, "datetime": {"datetime": "2024-06-13 22:26:34", "elapsed": 1.718297, "delta": 0.00399}}
{"target": -234.64529263800188, "params": {"gamma": 0.6483350944320471, "lr": 0.9913465087318091}, "datetime": {"datetime": "2024-06-13 22:26:34", "elapsed": 1.722286, "delta": 0.003989}}
{"target": -200.27965653248938, "params": {"gamma": 0.5308924321372274, "lr": 0.19949554613856135}, "datetime": {"datetime": "2024-06-13 22:26:34", "elapsed": 1.725278, "delta": 0.002992}}
{"target": -1375.6203439959625, "params": {"gamma": 4.228103863783965, "lr": 0.10750887618516769}, "datetime": {"datetime": "2024-06-13 22:26:34", "elapsed": 1.729267, "delta": 0.003989}}
{"target": -2058.106433390175, "params": {"gamma": 6.2370804395660215, "lr": 0.047992564048867314}, "datetime": {"datetime": "2024-06-13 22:26:34", "elapsed": 1.733257, "delta": 0.00399}}
{"target": -963.1227706007065, "params": {"gamma": 2.8469541861884147, "lr": 0.06103668111967109}, "datetime": {"datetime": "2024-06-13 22:26:34", "elapsed": 1.73625, "delta": 0.002993}}
{"target": -1668.7471648963697, "params": {"gamma": 7.035489791719707, "lr": 0.668456167589482}, "datetime": {"datetime": "2024-06-13 22:26:34", "elapsed": 1.740238, "delta": 0.003988}}
{"target": -1011.9129848114815, "params": {"gamma": 3.7864273519127716, "lr": 0.1881942600298212}, "datetime": {"datetime": "2024-06-13 22:26:34", "elapsed": 1.744228, "delta": 0.00399}}
{"target": -1781.946902723468, "params": {"gamma": 7.4703012854704225, "lr": 0.34037929076546725}, "datetime": {"datetime": "2024-06-13 22:26:34", "elapsed": 1.748217, "delta": 0.003989}}
{"target": -1742.6462258842328, "params": {"gamma": 7.953216372889023, "lr": 0.4879009391796203}, "datetime": {"datetime": "2024-06-13 22:26:34", "elapsed": 1.752206, "delta": 0.003989}}
{"target": -1741.2695827266816, "params": {"gamma": 5.257168774065444, "lr": 0.028490849491567216}, "datetime": {"datetime": "2024-06-13 22:26:34", "elapsed": 1.755198, "delta": 0.002992}}
{"target": -1538.0044234756847, "params": {"gamma": 6.442675966770439, "lr": 0.3506565024321674}, "datetime": {"datetime": "2024-06-13 22:26:34", "elapsed": 1.759188, "delta": 0.00399}}
{"target": -520.4728649444618, "params": {"gamma": 2.292821067893365, "lr": 0.4338833762117006}, "datetime": {"datetime": "2024-06-13 22:26:34", "elapsed": 1.763177, "delta": 0.003989}}
{"target": -848.7450875602103, "params": {"gamma": 3.825292105251905, "lr": 0.46978904008636024}, "datetime": {"datetime": "2024-06-13 22:26:34", "elapsed": 1.766169, "delta": 0.002992}}
{"target": -2259.802815463511, "params": {"gamma": 9.794854058443883, "lr": 0.36437807036823044}, "datetime": {"datetime": "2024-06-13 22:26:34", "elapsed": 1.770158, "delta": 0.003989}}
{"target": -1696.0538121774002, "params": {"gamma": 7.744326923227059, "lr": 0.5527675965498925}, "datetime": {"datetime": "2024-06-13 22:26:34", "elapsed": 1.774147, "delta": 0.003989}}
{"target": -2119.391498757626, "params": {"gamma": 8.891421759985722, "lr": 0.354952851149572}, "datetime": {"datetime": "2024-06-13 22:26:34", "elapsed": 1.77714, "delta": 0.002993}}
{"target": -698.3663924449195, "params": {"gamma": 2.455941283184888, "lr": 0.9110192396569683}, "datetime": {"datetime": "2024-06-13 22:26:34", "elapsed": 1.781129, "delta": 0.003989}}
{"target": -191.35629465797072, "params": {"gamma": 0.43629910331389593, "lr": 0.9507534280610023}, "datetime": {"datetime": "2024-06-13 22:26:34", "elapsed": 1.785157, "delta": 0.004028}}
{"target": -1320.0226063130506, "params": {"gamma": 5.5645127497935825, "lr": 0.3763632166870875}, "datetime": {"datetime": "2024-06-13 22:26:34", "elapsed": 1.789108, "delta": 0.003951}}
{"target": -3259.226790597674, "params": {"gamma": 9.950528171068772, "lr": 0.05836264614763165}, "datetime": {"datetime": "2024-06-13 22:26:34", "elapsed": 1.7921, "delta": 0.002992}}
{"target": -1712.298076581706, "params": {"gamma": 5.167546891316355, "lr": 0.03109707545554785}, "datetime": {"datetime": "2024-06-13 22:26:34", "elapsed": 1.796089, "delta": 0.003989}}
{"target": -1673.686079888276, "params": {"gamma": 5.712186216123149, "lr": 0.18046850899511557}, "datetime": {"datetime": "2024-06-13 22:26:34", "elapsed": 1.800078, "delta": 0.003989}}
{"target": -1756.3697839382892, "params": {"gamma": 6.309961044194965, "lr": 0.9809236757505815}, "datetime": {"datetime": "2024-06-13 22:26:34", "elapsed": 1.804068, "delta": 0.00399}}
{"target": -1915.3076998084744, "params": {"gamma": 8.749150609572597, "lr": 0.45183624942087064}, "datetime": {"datetime": "2024-06-13 22:26:34", "elapsed": 1.807059, "delta": 0.002991}}
{"target": -1769.506239408998, "params": {"gamma": 7.084900239647121, "lr": 0.7774687500031893}, "datetime": {"datetime": "2024-06-13 22:26:34", "elapsed": 1.811049, "delta": 0.00399}}
{"target": -1094.7786239566403, "params": {"gamma": 4.9489359987414545, "lr": 0.5285334901775651}, "datetime": {"datetime": "2024-06-13 22:26:34", "elapsed": 1.815044, "delta": 0.003995}}
{"target": -370.3588333828427, "params": {"gamma": 1.5086931993235537, "lr": 0.36939992561190627}, "datetime": {"datetime": "2024-06-13 22:26:34", "elapsed": 1.81903, "delta": 0.003986}}
{"target": -378.4067302321686, "params": {"gamma": 1.4230703094747938, "lr": 0.7268937533445626}, "datetime": {"datetime": "2024-06-13 22:26:34", "elapsed": 1.824024, "delta": 0.004994}}
{"target": -1052.9210226874932, "params": {"gamma": 4.770652931028231, "lr": 0.44887883670676554}, "datetime": {"datetime": "2024-06-13 22:26:34", "elapsed": 1.827012, "delta": 0.002988}}
{"target": -1946.2164615309405, "params": {"gamma": 8.860093713682348, "lr": 0.5276187723115614}, "datetime": {"datetime": "2024-06-13 22:26:34", "elapsed": 1.831001, "delta": 0.003989}}
{"target": -945.9061548752597, "params": {"gamma": 4.091499228336683, "lr": 0.26889202221264585}, "datetime": {"datetime": "2024-06-13 22:26:34", "elapsed": 1.83499, "delta": 0.003989}}
{"target": -209.64314345407416, "params": {"gamma": 0.7210483396625298, "lr": 0.4181361337253158}, "datetime": {"datetime": "2024-06-13 22:26:34", "elapsed": 1.837983, "delta": 0.002993}}
{"target": -156.07085937212995, "params": {"gamma": 0.25850907058342715, "lr": 0.29115394055242805}, "datetime": {"datetime": "2024-06-13 22:26:34", "elapsed": 1.841972, "delta": 0.003989}}
{"target": -1405.9443640632232, "params": {"gamma": 5.035591588974117, "lr": 0.9659330650197223}, "datetime": {"datetime": "2024-06-13 22:26:35", "elapsed": 1.845962, "delta": 0.00399}}
