{"target": -303.9323014141721, "params": {"p_ai": 6.345552644202125, "p_al": 4.13978453744836, "p_ex": 9.909165409621975, "prior": 9.299626280909525, "rate": 1.4932110870651905}, "datetime": {"datetime": "2024-06-13 03:30:25", "elapsed": 26.405123, "delta": 0.107881}}
{"target": -257.5134149224458, "params": {"p_ai": 3.9494277431054683, "p_al": 4.6163355299129, "p_ex": 5.609926602464331, "prior": 7.803854869369396, "rate": 4.872451896825164}, "datetime": {"datetime": "2024-06-13 03:30:25", "elapsed": 26.513833, "delta": 0.10871}}
{"target": -399.9766575041554, "params": {"p_ai": 4.200515526550398, "p_al": 2.6207350474886373, "p_ex": 9.108150584728497, "prior": 0.22369284381650878, "rate": 8.211397860291427}, "datetime": {"datetime": "2024-06-13 03:30:25", "elapsed": 26.621052, "delta": 0.107219}}
{"target": -195.31951618458754, "params": {"p_ai": 1.8854955282645185, "p_al": 6.857883234826301, "p_ex": 3.552738684007098, "prior": 9.742152066323019, "rate": 1.22859852236475}, "datetime": {"datetime": "2024-06-13 03:30:25", "elapsed": 26.729693, "delta": 0.108641}}
{"target": -292.3393759920858, "params": {"p_ai": 1.8765113562797784, "p_al": 8.894535312169324, "p_ex": 5.834479739767671, "prior": 3.0931546002031376, "rate": 0.008643090396402046}, "datetime": {"datetime": "2024-06-13 03:30:25", "elapsed": 26.838405, "delta": 0.108712}}
{"target": -203.9303070536168, "params": {"p_ai": 2.2767497854842085, "p_al": 1.4548909380781856, "p_ex": 2.035134809876536, "prior": 8.963329245483243, "rate": 8.731070688318136}, "datetime": {"datetime": "2024-06-13 03:30:25", "elapsed": 26.947114, "delta": 0.108709}}
{"target": -392.5301247263184, "params": {"p_ai": 7.0031940868968645, "p_al": 4.705506263845939, "p_ex": 8.271532887320552, "prior": 4.958768144455039, "rate": 3.6355233441657675}, "datetime": {"datetime": "2024-06-13 03:30:26", "elapsed": 27.054828, "delta": 0.107714}}
{"target": -264.1707913541483, "params": {"p_ai": 2.7567554245058266, "p_al": 9.247483394570178, "p_ex": 3.8705053533286655, "prior": 4.929315853439772, "rate": 2.5451265850419067}, "datetime": {"datetime": "2024-06-13 03:30:26", "elapsed": 27.163067, "delta": 0.108239}}
{"target": -493.2408528394755, "params": {"p_ai": 8.849780221861796, "p_al": 3.833251304596062, "p_ex": 2.9764495784234386, "prior": 7.17623202698535, "rate": 1.909508561779902}, "datetime": {"datetime": "2024-06-13 03:30:26", "elapsed": 27.270079, "delta": 0.107012}}
{"target": -173.40124968727204, "params": {"p_ai": 1.1828081008410374, "p_al": 8.370140824352909, "p_ex": 7.441615077773983, "prior": 5.905614955923525, "rate": 2.429672858073742}, "datetime": {"datetime": "2024-06-13 03:30:26", "elapsed": 27.377934, "delta": 0.107855}}
{"target": -437.0944093525998, "params": {"p_ai": 6.2328482047306535, "p_al": 6.383914852090989, "p_ex": 3.276366871679139, "prior": 0.6758259413323553, "rate": 8.805505437045703}, "datetime": {"datetime": "2024-06-13 03:30:26", "elapsed": 27.485274, "delta": 0.10734}}
{"target": -326.48314892567004, "params": {"p_ai": 4.60010735401151, "p_al": 7.638963307946233, "p_ex": 2.539632320806454, "prior": 5.914280435492902, "rate": 4.288522808327629}, "datetime": {"datetime": "2024-06-13 03:30:26", "elapsed": 27.592494, "delta": 0.10722}}
{"target": -286.2314019020108, "params": {"p_ai": 3.8216243248488464, "p_al": 1.2680071250853806, "p_ex": 2.4434223654265494, "prior": 0.7943364880002312, "rate": 3.029280188871068}, "datetime": {"datetime": "2024-06-13 03:30:26", "elapsed": 27.700711, "delta": 0.108217}}
{"target": -550.9928055336353, "params": {"p_ai": 7.417306297515323, "p_al": 6.150542233985518, "p_ex": 6.724438578240325, "prior": 0.08482241217079087, "rate": 6.784091345540948}, "datetime": {"datetime": "2024-06-13 03:30:26", "elapsed": 27.80942, "delta": 0.108709}}
{"target": -334.0910426993439, "params": {"p_ai": 5.032303724738329, "p_al": 2.309853596391308, "p_ex": 1.7497901933102402, "prior": 1.8506446725427474, "rate": 8.44275579074591}, "datetime": {"datetime": "2024-06-13 03:30:26", "elapsed": 27.920128, "delta": 0.110708}}
{"target": -555.0409759047293, "params": {"p_ai": 9.825915303261548, "p_al": 9.137482508791475, "p_ex": 3.4743468343077555, "prior": 7.802465572333946, "rate": 5.464999452423606}, "datetime": {"datetime": "2024-06-13 03:30:27", "elapsed": 28.029834, "delta": 0.109706}}
{"target": -435.1029019363955, "params": {"p_ai": 8.16460753316182, "p_al": 4.8377857849378705, "p_ex": 5.899923031695739, "prior": 7.872847211795091, "rate": 1.0032461963882202}, "datetime": {"datetime": "2024-06-13 03:30:27", "elapsed": 28.137952, "delta": 0.108118}}
{"target": -304.5184803149503, "params": {"p_ai": 5.370534161288567, "p_al": 3.660467483349873, "p_ex": 6.043464129845054, "prior": 9.588066353854368, "rate": 3.9288366270246278}, "datetime": {"datetime": "2024-06-13 03:30:27", "elapsed": 28.24641, "delta": 0.108458}}
{"target": -297.46132271605705, "params": {"p_ai": 3.930337006418223, "p_al": 7.9065792989023995, "p_ex": 6.451138912455179, "prior": 3.9394461945459094, "rate": 6.8898615272542845}, "datetime": {"datetime": "2024-06-13 03:30:27", "elapsed": 28.354618, "delta": 0.108208}}
{"target": -263.45492413891833, "params": {"p_ai": 4.040612088934736, "p_al": 1.3619954293269727, "p_ex": 4.506982043452673, "prior": 3.3448595075800287, "rate": 2.180471331681618}, "datetime": {"datetime": "2024-06-13 03:30:27", "elapsed": 28.462907, "delta": 0.108289}}
{"target": -506.63298856599073, "params": {"p_ai": 9.257822241562762, "p_al": 6.896704351396498, "p_ex": 5.988610085343597, "prior": 7.466828063757928, "rate": 5.420168646652644}, "datetime": {"datetime": "2024-06-13 03:30:27", "elapsed": 28.570619, "delta": 0.107712}}
{"target": -509.3230379026754, "params": {"p_ai": 7.005630193122407, "p_al": 9.305667632679201, "p_ex": 8.626304328357714, "prior": 1.6752511332077065, "rate": 2.6321271002148183}, "datetime": {"datetime": "2024-06-13 03:30:27", "elapsed": 28.678331, "delta": 0.107712}}
{"target": -199.47654641167813, "params": {"p_ai": 0.7170311841386036, "p_al": 9.786749378778312, "p_ex": 2.3646046025050955, "prior": 6.6063229609300596, "rate": 0.8972173585756926}, "datetime": {"datetime": "2024-06-13 03:30:27", "elapsed": 28.786981, "delta": 0.10865}}
{"target": -225.78200393477164, "params": {"p_ai": 2.1084986499281, "p_al": 5.028741010800528, "p_ex": 1.0504317296309502, "prior": 3.889345153544549, "rate": 5.3803392136766695}, "datetime": {"datetime": "2024-06-13 03:30:27", "elapsed": 28.896054, "delta": 0.109073}}
{"target": -266.0958497997781, "params": {"p_ai": 3.3927026446661146, "p_al": 5.559446211054629, "p_ex": 5.368146451102699, "prior": 3.906714376870321, "rate": 6.963004560927929}, "datetime": {"datetime": "2024-06-13 03:30:28", "elapsed": 29.004765, "delta": 0.108711}}
{"target": -424.914256755572, "params": {"p_ai": 6.785146057525243, "p_al": 6.8733441905945245, "p_ex": 5.615351096734943, "prior": 3.5814410602153455, "rate": 6.131510241334756}, "datetime": {"datetime": "2024-06-13 03:30:28", "elapsed": 29.116469, "delta": 0.111704}}
{"target": -538.1572538866635, "params": {"p_ai": 9.35742692981539, "p_al": 5.969288360934786, "p_ex": 9.795922153419893, "prior": 4.4106251974683035, "rate": 7.39638001311296}, "datetime": {"datetime": "2024-06-13 03:30:28", "elapsed": 29.224182, "delta": 0.107713}}
{"target": -361.7784731115876, "params": {"p_ai": 0.3770011826173517, "p_al": 7.647501663365861, "p_ex": 5.1832975216877974, "prior": 0.05416001307807128, "rate": 2.772723847721202}, "datetime": {"datetime": "2024-06-13 03:30:28", "elapsed": 29.331749, "delta": 0.107567}}
{"target": -372.79632211374764, "params": {"p_ai": 5.348787492965596, "p_al": 7.679860819934835, "p_ex": 0.5318728619297984, "prior": 5.490985385061347, "rate": 8.010144563427762}, "datetime": {"datetime": "2024-06-13 03:30:28", "elapsed": 29.440602, "delta": 0.108853}}
{"target": -447.5200777893208, "params": {"p_ai": 6.496180965729911, "p_al": 9.314538702914113, "p_ex": 0.7482397187025968, "prior": 2.7687878195432654, "rate": 9.192455805057469}, "datetime": {"datetime": "2024-06-13 03:30:28", "elapsed": 29.547881, "delta": 0.107279}}
{"target": -430.35344098303045, "params": {"p_ai": 7.650286477833132, "p_al": 5.9978037043765156, "p_ex": 8.329848470226867, "prior": 8.960538872258445, "rate": 9.727230808175396}, "datetime": {"datetime": "2024-06-13 03:30:28", "elapsed": 29.656069, "delta": 0.108188}}
{"target": -647.508874183425, "params": {"p_ai": 9.98520655039097, "p_al": 1.3973536875073507, "p_ex": 0.7063499053922482, "prior": 0.7355930769468734, "rate": 0.14842316520856935}, "datetime": {"datetime": "2024-06-13 03:30:28", "elapsed": 29.763758, "delta": 0.107689}}
{"target": -500.77959335717327, "params": {"p_ai": 9.718228909706282, "p_al": 0.9485743976558341, "p_ex": 8.417526525032311, "prior": 6.852044796080089, "rate": 4.876084117661699}, "datetime": {"datetime": "2024-06-13 03:30:28", "elapsed": 29.872467, "delta": 0.108709}}
{"target": -249.91535617009023, "params": {"p_ai": 3.4676021187044235, "p_al": 3.5371242228829836, "p_ex": 2.539134984589525, "prior": 9.110268719012566, "rate": 7.256699812403196}, "datetime": {"datetime": "2024-06-13 03:30:29", "elapsed": 29.980181, "delta": 0.107714}}
{"target": -198.35976252576216, "params": {"p_ai": 0.2602320020499145, "p_al": 4.615751011217899, "p_ex": 2.813731424095577, "prior": 0.2906328955928069, "rate": 8.846934261198635}, "datetime": {"datetime": "2024-06-13 03:30:29", "elapsed": 30.088889, "delta": 0.108708}}
{"target": -435.7138311215513, "params": {"p_ai": 7.710282574188869, "p_al": 3.298021057363365, "p_ex": 7.965789316779574, "prior": 3.247058583707763, "rate": 3.0795165557326496}, "datetime": {"datetime": "2024-06-13 03:30:29", "elapsed": 30.196886, "delta": 0.107997}}
{"target": -517.16437889782, "params": {"p_ai": 9.281162675928762, "p_al": 9.769184703296556, "p_ex": 5.236029491864212, "prior": 9.519399740511682, "rate": 8.88007694277072}, "datetime": {"datetime": "2024-06-13 03:30:29", "elapsed": 30.305483, "delta": 0.108597}}
{"target": -328.0726295374756, "params": {"p_ai": 5.180807583382493, "p_al": 3.728115272172759, "p_ex": 7.103835428617774, "prior": 4.5569786029958985, "rate": 6.052523738337006}, "datetime": {"datetime": "2024-06-13 03:30:29", "elapsed": 30.413521, "delta": 0.108038}}
{"target": -762.7306736234971, "params": {"p_ai": 9.904071562702576, "p_al": 7.739388583314729, "p_ex": 3.343429773533269, "prior": 0.8908932100029573, "rate": 1.8498709971938052}, "datetime": {"datetime": "2024-06-13 03:30:29", "elapsed": 30.52223, "delta": 0.108709}}
{"target": -275.8224242716933, "params": {"p_ai": 5.2689919070424525, "p_al": 4.1716070786504735, "p_ex": 8.006795921634268, "prior": 9.332090179528631, "rate": 1.779469614765534}, "datetime": {"datetime": "2024-06-13 03:30:29", "elapsed": 30.629942, "delta": 0.107712}}
{"target": -924.7815567202292, "params": {"p_ai": 8.600807641991286, "p_al": 9.57399186834036, "p_ex": 9.594746597890971, "prior": 0.37958801461658453, "rate": 0.576777472576129}, "datetime": {"datetime": "2024-06-13 03:30:29", "elapsed": 30.739159, "delta": 0.109217}}
{"target": -164.09266093151254, "params": {"p_ai": 0.05896813178397224, "p_al": 3.127498880398609, "p_ex": 0.5579284287083343, "prior": 2.939330992219971, "rate": 3.5608088438258343}, "datetime": {"datetime": "2024-06-13 03:30:29", "elapsed": 30.847113, "delta": 0.107954}}
{"target": -537.679869000488, "params": {"p_ai": 9.536816507720744, "p_al": 4.770032273945294, "p_ex": 2.783106185770882, "prior": 5.030548945314497, "rate": 6.433935888566707}, "datetime": {"datetime": "2024-06-13 03:30:29", "elapsed": 30.95582, "delta": 0.108707}}
{"target": -173.29843186784052, "params": {"p_ai": 1.1133454800017826, "p_al": 7.580858519672953, "p_ex": 8.519605767101668, "prior": 8.442654345834713, "rate": 8.905177817288482}, "datetime": {"datetime": "2024-06-13 03:30:30", "elapsed": 31.06501, "delta": 0.10919}}
{"target": -287.7712408367123, "params": {"p_ai": 3.819042125160856, "p_al": 4.438608178466819, "p_ex": 1.0167131779857155, "prior": 2.25884341738992, "rate": 9.713233372262836}, "datetime": {"datetime": "2024-06-13 03:30:30", "elapsed": 31.173091, "delta": 0.108081}}
{"target": -196.5140743527703, "params": {"p_ai": 2.8469550657183857, "p_al": 9.074054026267731, "p_ex": 8.905632311496733, "prior": 9.225122468106674, "rate": 1.5623394948435068}, "datetime": {"datetime": "2024-06-13 03:30:30", "elapsed": 31.2818, "delta": 0.108709}}
{"target": -558.9255194759547, "params": {"p_ai": 8.797341712870308, "p_al": 6.320317509680909, "p_ex": 2.1070711560096056, "prior": 3.4518140318860318, "rate": 1.6000279671042428}, "datetime": {"datetime": "2024-06-13 03:30:30", "elapsed": 31.390482, "delta": 0.108682}}
{"target": -300.91622881265494, "params": {"p_ai": 4.444037226303826, "p_al": 0.8386657635007598, "p_ex": 1.654019586311918, "prior": 1.972766268320226, "rate": 6.910582388225486}, "datetime": {"datetime": "2024-06-13 03:30:30", "elapsed": 31.498955, "delta": 0.108473}}
{"target": -407.00912500425693, "params": {"p_ai": 5.738454888784365, "p_al": 8.733358017233284, "p_ex": 2.447096023126362, "prior": 6.296449959232413, "rate": 0.3452782218056491}, "datetime": {"datetime": "2024-06-13 03:30:30", "elapsed": 31.606924, "delta": 0.107969}}
{"target": -590.6956151160865, "params": {"p_ai": 5.162468412309614, "p_al": 8.632401590656782, "p_ex": 9.841281312305282, "prior": 0.09971988061382621, "rate": 2.5291619792860742}, "datetime": {"datetime": "2024-06-13 03:30:30", "elapsed": 31.714913, "delta": 0.107989}}
{"target": -210.23385078044853, "params": {"p_ai": 2.239272853604926, "p_al": 0.4763284046833772, "p_ex": 0.10271439016149476, "prior": 4.902462927130074, "rate": 0.4557759745572704}, "datetime": {"datetime": "2024-06-13 03:30:30", "elapsed": 31.831988, "delta": 0.117075}}
{"target": -256.8456225495289, "params": {"p_ai": 2.784002980338173, "p_al": 6.400105716520015, "p_ex": 2.9476257235674814, "prior": 2.6972773568893555, "rate": 5.905874675913428}, "datetime": {"datetime": "2024-06-13 03:30:30", "elapsed": 31.940139, "delta": 0.108151}}
{"target": -266.933490630998, "params": {"p_ai": 3.805960238019191, "p_al": 7.025527816580048, "p_ex": 4.961743388547362, "prior": 6.33245944879897, "rate": 3.5345900756692927}, "datetime": {"datetime": "2024-06-13 03:30:31", "elapsed": 32.050048, "delta": 0.109909}}
{"target": -217.54671073544424, "params": {"p_ai": 2.871152417608931, "p_al": 1.3329379303972684, "p_ex": 9.370866767604843, "prior": 8.04855362431193, "rate": 9.380347403020368}, "datetime": {"datetime": "2024-06-13 03:30:31", "elapsed": 32.157715, "delta": 0.107667}}
{"target": -230.5094333010152, "params": {"p_ai": 1.8546198659533752, "p_al": 9.331624472469432, "p_ex": 9.357596323713638, "prior": 2.8361615915229414, "rate": 2.7470678499902057}, "datetime": {"datetime": "2024-06-13 03:30:31", "elapsed": 32.266337, "delta": 0.108622}}
{"target": -367.5941748193082, "params": {"p_ai": 5.514764305160052, "p_al": 1.8537071044461548, "p_ex": 4.421569005157032, "prior": 1.8539911417309063, "rate": 9.473811803621638}, "datetime": {"datetime": "2024-06-13 03:30:31", "elapsed": 32.375022, "delta": 0.108685}}
{"target": -344.22769901050174, "params": {"p_ai": 4.938752750253366, "p_al": 9.639213756472554, "p_ex": 6.449771783449607, "prior": 4.843673414550824, "rate": 9.676984764366013}, "datetime": {"datetime": "2024-06-13 03:30:31", "elapsed": 32.484921, "delta": 0.109899}}
{"target": -190.08877132179774, "params": {"p_ai": 1.4327546273059197, "p_al": 6.3236664167903, "p_ex": 6.6192217900001395, "prior": 4.3389644317001075, "rate": 0.594512896164236}, "datetime": {"datetime": "2024-06-13 03:30:31", "elapsed": 32.593631, "delta": 0.10871}}
{"target": -336.01516332065074, "params": {"p_ai": 4.927733289059168, "p_al": 4.651874301237257, "p_ex": 8.06766136093786, "prior": 2.5673532385398095, "rate": 3.914912199479702}, "datetime": {"datetime": "2024-06-13 03:30:31", "elapsed": 32.701343, "delta": 0.107712}}
{"target": -283.5138771434501, "params": {"p_ai": 2.402481900006551, "p_al": 6.864747708308469, "p_ex": 9.898844649917818, "prior": 1.7751179391457508, "rate": 8.214645955522746}, "datetime": {"datetime": "2024-06-13 03:30:31", "elapsed": 32.810052, "delta": 0.108709}}
{"target": -205.50425346955024, "params": {"p_ai": 2.3106546042570515, "p_al": 0.5807001579142975, "p_ex": 1.3890263639386906, "prior": 9.351596002308344, "rate": 8.885532491458925}, "datetime": {"datetime": "2024-06-13 03:30:31", "elapsed": 32.918241, "delta": 0.108189}}
{"target": -246.896348003422, "params": {"p_ai": 2.893315694333617, "p_al": 9.477692896949968, "p_ex": 8.499455421778958, "prior": 4.347113285922664, "rate": 4.681027499109862}, "datetime": {"datetime": "2024-06-13 03:30:32", "elapsed": 33.027948, "delta": 0.109707}}
{"target": -412.5283884487205, "params": {"p_ai": 6.2989003628126445, "p_al": 1.581160317803163, "p_ex": 0.14880608533418707, "prior": 2.655854662706386, "rate": 0.15542087579566607}, "datetime": {"datetime": "2024-06-13 03:30:32", "elapsed": 33.136069, "delta": 0.108121}}
{"target": -402.5478129313995, "params": {"p_ai": 6.745313942778413, "p_al": 5.515136889291953, "p_ex": 3.2171598078821737, "prior": 7.802243168860467, "rate": 1.4587085267165556}, "datetime": {"datetime": "2024-06-13 03:30:32", "elapsed": 33.243781, "delta": 0.107712}}
{"target": -235.19250707631593, "params": {"p_ai": 2.449561506980074, "p_al": 2.923845306630798, "p_ex": 1.9601235330434226, "prior": 0.8802988990222627, "rate": 8.699891826535803}, "datetime": {"datetime": "2024-06-13 03:30:32", "elapsed": 33.351914, "delta": 0.108133}}
{"target": -291.0143375675583, "params": {"p_ai": 0.8827982670695292, "p_al": 6.837419647880558, "p_ex": 1.204888367700376, "prior": 0.1079793324385974, "rate": 5.573125032519063}, "datetime": {"datetime": "2024-06-13 03:30:32", "elapsed": 33.460247, "delta": 0.108333}}
{"target": -610.0201280152932, "params": {"p_ai": 9.071183443148486, "p_al": 8.604706216701516, "p_ex": 3.3851753897983823, "prior": 0.27256113442929636, "rate": 8.008792691945201}, "datetime": {"datetime": "2024-06-13 03:30:32", "elapsed": 33.576435, "delta": 0.116188}}
{"target": -460.70993036378263, "params": {"p_ai": 8.06004333796437, "p_al": 8.685012674911418, "p_ex": 6.696796352155456, "prior": 8.077980844288449, "rate": 8.9750853247459}, "datetime": {"datetime": "2024-06-13 03:30:32", "elapsed": 33.68415, "delta": 0.107715}}
{"target": -296.4910451468711, "params": {"p_ai": 4.538845674949633, "p_al": 5.578695211845391, "p_ex": 5.06180515715352, "prior": 6.920147061337664, "rate": 6.829385769431119}, "datetime": {"datetime": "2024-06-13 03:30:32", "elapsed": 33.792858, "delta": 0.108708}}
{"target": -323.5759819824669, "params": {"p_ai": 5.203616044997302, "p_al": 8.284853012706627, "p_ex": 5.058288088511875, "prior": 8.248760765289934, "rate": 2.8191690363442863}, "datetime": {"datetime": "2024-06-13 03:30:32", "elapsed": 33.901568, "delta": 0.10871}}
{"target": -237.86509607568027, "params": {"p_ai": 1.7857698349419049, "p_al": 9.698735832876796, "p_ex": 7.419653315035313, "prior": 2.598657141350841, "rate": 5.8127721875694265}, "datetime": {"datetime": "2024-06-13 03:30:33", "elapsed": 34.008803, "delta": 0.107235}}
{"target": -529.9308583999632, "params": {"p_ai": 9.55266727312833, "p_al": 0.808458324212976, "p_ex": 0.8362585364103492, "prior": 6.191729179367653, "rate": 2.245710294880741}, "datetime": {"datetime": "2024-06-13 03:30:33", "elapsed": 34.117515, "delta": 0.108712}}
{"target": -595.6157816260342, "params": {"p_ai": 7.652074383378348, "p_al": 5.681957276948102, "p_ex": 6.66221471414473, "prior": 1.0790311940451294, "rate": 0.8437462313141314}, "datetime": {"datetime": "2024-06-13 03:30:33", "elapsed": 34.225227, "delta": 0.107712}}
{"target": -396.9777978066577, "params": {"p_ai": 6.251585561986592, "p_al": 4.097902880079071, "p_ex": 0.8734379861959459, "prior": 3.711268386216875, "rate": 6.72177195215883}, "datetime": {"datetime": "2024-06-13 03:30:33", "elapsed": 34.332375, "delta": 0.107148}}
{"target": -184.44751038338836, "params": {"p_ai": 1.8966844145156656, "p_al": 8.957395356178512, "p_ex": 9.498514042411992, "prior": 9.615763851802903, "rate": 7.301095494844863}, "datetime": {"datetime": "2024-06-13 03:30:33", "elapsed": 34.441202, "delta": 0.108827}}
{"target": -313.52730925916075, "params": {"p_ai": 4.063477988455463, "p_al": 7.437748214315846, "p_ex": 2.8805808058682407, "prior": 3.144857806685071, "rate": 6.059357715817362}, "datetime": {"datetime": "2024-06-13 03:30:33", "elapsed": 34.548912, "delta": 0.10771}}
{"target": -376.8726333681771, "params": {"p_ai": 5.948876486945769, "p_al": 8.786731102181795, "p_ex": 2.546752955850109, "prior": 7.662117463663015, "rate": 9.410191654922194}, "datetime": {"datetime": "2024-06-13 03:30:33", "elapsed": 34.656625, "delta": 0.107713}}
{"target": -145.8171363224352, "params": {"p_ai": 0.011328293644688577, "p_al": 4.761415090903047, "p_ex": 6.570746249918269, "prior": 8.433388815981305, "rate": 1.8382103793481412}, "datetime": {"datetime": "2024-06-13 03:30:33", "elapsed": 34.765334, "delta": 0.108709}}
{"target": -694.4317051033336, "params": {"p_ai": 8.56173622063573, "p_al": 3.6442904330904224, "p_ex": 8.922847018832448, "prior": 0.2780896894835276, "rate": 0.854816001092583}, "datetime": {"datetime": "2024-06-13 03:30:33", "elapsed": 34.873046, "delta": 0.107712}}
{"target": -586.535276398007, "params": {"p_ai": 9.81412324707537, "p_al": 6.095409755809193, "p_ex": 4.176905835795019, "prior": 1.6929726327522117, "rate": 6.499361629743811}, "datetime": {"datetime": "2024-06-13 03:30:34", "elapsed": 34.981755, "delta": 0.108709}}
{"target": -155.91409814003413, "params": {"p_ai": 0.3707137085252189, "p_al": 3.116827520693586, "p_ex": 3.2354684906937643, "prior": 6.074811493252022, "rate": 6.508661735500295}, "datetime": {"datetime": "2024-06-13 03:30:34", "elapsed": 35.089973, "delta": 0.108218}}
