{"target": -186.1595468933597, "params": {"gamma": 1.0947197590216522, "lr": 0.673041054216622}, "datetime": {"datetime": "2024-06-13 19:11:56", "elapsed": 1.597913, "delta": 0.002992}}
{"target": -678.0551736681962, "params": {"gamma": 4.999823778620901, "lr": 0.777098229275783}, "datetime": {"datetime": "2024-06-13 19:11:56", "elapsed": 1.601903, "delta": 0.00399}}
{"target": -316.9409932602752, "params": {"gamma": 1.4369263717442184, "lr": 0.08320263643587555}, "datetime": {"datetime": "2024-06-13 19:11:56", "elapsed": 1.604895, "delta": 0.002992}}
{"target": -546.7248144751579, "params": {"gamma": 3.9927868349191855, "lr": 0.7969622519799001}, "datetime": {"datetime": "2024-06-13 19:11:56", "elapsed": 1.608884, "delta": 0.003989}}
{"target": -283.0751182160594, "params": {"gamma": 1.917565713359991, "lr": 0.767777192147274}, "datetime": {"datetime": "2024-06-13 19:11:56", "elapsed": 1.612873, "delta": 0.003989}}
{"target": -362.7963207285858, "params": {"gamma": 2.90368967262162, "lr": 0.21689148761179533}, "datetime": {"datetime": "2024-06-13 19:11:56", "elapsed": 1.616863, "delta": 0.00399}}
{"target": -130.1192403688029, "params": {"gamma": 0.1681391751809873, "lr": 0.3986590599223787}, "datetime": {"datetime": "2024-06-13 19:11:56", "elapsed": 1.619854, "delta": 0.002991}}
{"target": -425.98197063510355, "params": {"gamma": 3.8114338314432303, "lr": 0.6593449361953647}, "datetime": {"datetime": "2024-06-13 19:11:56", "elapsed": 1.623844, "delta": 0.00399}}
{"target": -154.88864838364435, "params": {"gamma": 0.7101130863034019, "lr": 0.15260398704227185}, "datetime": {"datetime": "2024-06-13 19:11:56", "elapsed": 1.627833, "delta": 0.003989}}
{"target": -131.1866463416825, "params": {"gamma": 0.16674225312644053, "lr": 0.11379635644740682}, "datetime": {"datetime": "2024-06-13 19:11:56", "elapsed": 1.631823, "delta": 0.00399}}
{"target": -630.2958607803246, "params": {"gamma": 6.518240970824895, "lr": 0.4026568521749192}, "datetime": {"datetime": "2024-06-13 19:11:56", "elapsed": 1.634815, "delta": 0.002992}}
{"target": -351.43677462449733, "params": {"gamma": 3.2109421153589914, "lr": 0.5579119942437725}, "datetime": {"datetime": "2024-06-13 19:11:56", "elapsed": 1.638833, "delta": 0.004018}}
{"target": -1523.8665418428127, "params": {"gamma": 9.9346111705354, "lr": 0.8344865140180296}, "datetime": {"datetime": "2024-06-13 19:11:56", "elapsed": 1.641796, "delta": 0.002963}}
{"target": -1147.4933859561158, "params": {"gamma": 6.99653220081344, "lr": 0.9182585891320579}, "datetime": {"datetime": "2024-06-13 19:11:56", "elapsed": 1.645785, "delta": 0.003989}}
{"target": -151.62000522524485, "params": {"gamma": 0.3982473381241651, "lr": 0.07033344161552524}, "datetime": {"datetime": "2024-06-13 19:11:56", "elapsed": 1.649776, "delta": 0.003991}}
{"target": -482.9003647229003, "params": {"gamma": 4.740588893590559, "lr": 0.3491674129570773}, "datetime": {"datetime": "2024-06-13 19:11:56", "elapsed": 1.652767, "delta": 0.002991}}
{"target": -887.6620889659087, "params": {"gamma": 9.37258336922236, "lr": 0.48956496114516856}, "datetime": {"datetime": "2024-06-13 19:11:56", "elapsed": 1.656755, "delta": 0.003988}}
{"target": -872.0438237947988, "params": {"gamma": 5.396951451823413, "lr": 0.8952603657312208}, "datetime": {"datetime": "2024-06-13 19:11:56", "elapsed": 1.660745, "delta": 0.00399}}
{"target": -710.5290148593298, "params": {"gamma": 4.466903823191082, "lr": 0.8770343892703519}, "datetime": {"datetime": "2024-06-13 19:11:56", "elapsed": 1.663737, "delta": 0.002992}}
{"target": -285.984231404412, "params": {"gamma": 2.536563911966912, "lr": 0.27380970415810857}, "datetime": {"datetime": "2024-06-13 19:11:56", "elapsed": 1.667727, "delta": 0.00399}}
{"target": -355.9195832029962, "params": {"gamma": 3.284285539485814, "lr": 0.5475642704809535}, "datetime": {"datetime": "2024-06-13 19:11:56", "elapsed": 1.671716, "delta": 0.003989}}
{"target": -312.0024202475403, "params": {"gamma": 2.2020666115957854, "lr": 0.6714291710812733}, "datetime": {"datetime": "2024-06-13 19:11:56", "elapsed": 1.674708, "delta": 0.002992}}
{"target": -299.4548680233486, "params": {"gamma": 1.4287900347472011, "lr": 0.09410027449963942}, "datetime": {"datetime": "2024-06-13 19:11:56", "elapsed": 1.678697, "delta": 0.003989}}
{"target": -1064.097645123003, "params": {"gamma": 8.70204727030757, "lr": 0.23686870355699852}, "datetime": {"datetime": "2024-06-13 19:11:56", "elapsed": 1.681689, "delta": 0.002992}}
{"target": -432.1806362542994, "params": {"gamma": 3.8606541062149327, "lr": 0.5715420927253323}, "datetime": {"datetime": "2024-06-13 19:11:56", "elapsed": 1.685678, "delta": 0.003989}}
{"target": -1028.1606221808122, "params": {"gamma": 5.258493897544749, "lr": 0.07602387944210687}, "datetime": {"datetime": "2024-06-13 19:11:56", "elapsed": 1.688671, "delta": 0.002993}}
{"target": -1429.1457793765967, "params": {"gamma": 8.741385230044685, "lr": 0.9511356184186921}, "datetime": {"datetime": "2024-06-13 19:11:56", "elapsed": 1.69266, "delta": 0.003989}}
{"target": -862.4367706055054, "params": {"gamma": 8.125260534442543, "lr": 0.2838018349468743}, "datetime": {"datetime": "2024-06-13 19:11:56", "elapsed": 1.695652, "delta": 0.002992}}
{"target": -536.021532185652, "params": {"gamma": 5.278940114383477, "lr": 0.3394167240176095}, "datetime": {"datetime": "2024-06-13 19:11:56", "elapsed": 1.699642, "delta": 0.00399}}
{"target": -913.7483963569807, "params": {"gamma": 5.54711844056588, "lr": 0.9744034689130026}, "datetime": {"datetime": "2024-06-13 19:11:56", "elapsed": 1.703631, "delta": 0.003989}}
{"target": -424.5287726235331, "params": {"gamma": 3.1177174742720952, "lr": 0.6687966059228697}, "datetime": {"datetime": "2024-06-13 19:11:56", "elapsed": 1.706623, "delta": 0.002992}}
{"target": -452.0498948188819, "params": {"gamma": 3.26034610588255, "lr": 0.7744772660150796}, "datetime": {"datetime": "2024-06-13 19:11:56", "elapsed": 1.710612, "delta": 0.003989}}
{"target": -536.5846368822047, "params": {"gamma": 3.258773856165435, "lr": 0.889827341447375}, "datetime": {"datetime": "2024-06-13 19:11:56", "elapsed": 1.713604, "delta": 0.002992}}
{"target": -1008.8016538769516, "params": {"gamma": 7.51732550147175, "lr": 0.7626320954451107}, "datetime": {"datetime": "2024-06-13 19:11:56", "elapsed": 1.717594, "delta": 0.00399}}
{"target": -567.2996256067091, "params": {"gamma": 4.695320806570698, "lr": 0.21076450246870537}, "datetime": {"datetime": "2024-06-13 19:11:56", "elapsed": 1.720585, "delta": 0.002991}}
{"target": -126.0188196992323, "params": {"gamma": 0.4157093206854123, "lr": 0.3218287999702445}, "datetime": {"datetime": "2024-06-13 19:11:56", "elapsed": 1.724575, "delta": 0.00399}}
{"target": -133.31237190693392, "params": {"gamma": 0.3720895322754502, "lr": 0.6938554113738997}, "datetime": {"datetime": "2024-06-13 19:11:56", "elapsed": 1.727567, "delta": 0.002992}}
{"target": -647.7871980228247, "params": {"gamma": 6.703829969329749, "lr": 0.430471782744975}, "datetime": {"datetime": "2024-06-13 19:11:56", "elapsed": 1.731556, "delta": 0.003989}}
{"target": -788.7400386452773, "params": {"gamma": 7.678121987604072, "lr": 0.5360084947395637}, "datetime": {"datetime": "2024-06-13 19:11:56", "elapsed": 1.735546, "delta": 0.00399}}
{"target": -132.56514143145503, "params": {"gamma": 0.3995594064278903, "lr": 0.13479311796067905}, "datetime": {"datetime": "2024-06-13 19:11:56", "elapsed": 1.738537, "delta": 0.002991}}
{"target": -213.36937101155485, "params": {"gamma": 1.9349705737501688, "lr": 0.3356638011646498}, "datetime": {"datetime": "2024-06-13 19:11:56", "elapsed": 1.742527, "delta": 0.00399}}
{"target": -132.24115323488112, "params": {"gamma": 0.52407715142833, "lr": 0.6051167805003662}, "datetime": {"datetime": "2024-06-13 19:11:56", "elapsed": 1.746516, "delta": 0.003989}}
{"target": -561.8575228233923, "params": {"gamma": 5.121098214211664, "lr": 0.6174610120171561}, "datetime": {"datetime": "2024-06-13 19:11:56", "elapsed": 1.749508, "delta": 0.002992}}
{"target": -675.3757666772356, "params": {"gamma": 4.324123592048677, "lr": 0.8477004682374377}, "datetime": {"datetime": "2024-06-13 19:11:56", "elapsed": 1.753497, "delta": 0.003989}}
{"target": -893.1461838794606, "params": {"gamma": 4.541136501535455, "lr": 0.015403519791920894}, "datetime": {"datetime": "2024-06-13 19:11:56", "elapsed": 1.757487, "delta": 0.00399}}
{"target": -939.7808469001027, "params": {"gamma": 8.730808416322548, "lr": 0.6562015477440989}, "datetime": {"datetime": "2024-06-13 19:11:56", "elapsed": 1.760479, "delta": 0.002992}}
{"target": -1346.617684469256, "params": {"gamma": 8.23020740344406, "lr": 0.9517756930338517}, "datetime": {"datetime": "2024-06-13 19:11:56", "elapsed": 1.764468, "delta": 0.003989}}
{"target": -130.7501318088668, "params": {"gamma": 0.5100729227853552, "lr": 0.23507186409101455}, "datetime": {"datetime": "2024-06-13 19:11:56", "elapsed": 1.76746, "delta": 0.002992}}
{"target": -124.62270436891953, "params": {"gamma": 0.6343710911199417, "lr": 0.4216578860324509}, "datetime": {"datetime": "2024-06-13 19:11:56", "elapsed": 1.771449, "delta": 0.003989}}
{"target": -1665.0871403257272, "params": {"gamma": 8.638427625869019, "lr": 0.0816239827150681}, "datetime": {"datetime": "2024-06-13 19:11:56", "elapsed": 1.775439, "delta": 0.00399}}
{"target": -686.4120438307451, "params": {"gamma": 4.7316464169059, "lr": 0.12554310980872363}, "datetime": {"datetime": "2024-06-13 19:11:56", "elapsed": 1.778431, "delta": 0.002992}}
{"target": -1189.859593741619, "params": {"gamma": 7.729083136069011, "lr": 0.8414221567958434}, "datetime": {"datetime": "2024-06-13 19:11:56", "elapsed": 1.782421, "delta": 0.00399}}
{"target": -122.67764064608646, "params": {"gamma": 0.4338660909233998, "lr": 0.48644074317039476}, "datetime": {"datetime": "2024-06-13 19:11:56", "elapsed": 1.78641, "delta": 0.003989}}
{"target": -410.5119763028271, "params": {"gamma": 2.3948710303334217, "lr": 0.9524737816932592}, "datetime": {"datetime": "2024-06-13 19:11:56", "elapsed": 1.790399, "delta": 0.003989}}
{"target": -1014.08643061166, "params": {"gamma": 9.438982385210178, "lr": 0.6139340023847009}, "datetime": {"datetime": "2024-06-13 19:11:56", "elapsed": 1.793391, "delta": 0.002992}}
{"target": -976.9275635858554, "params": {"gamma": 9.734900485854638, "lr": 0.344861343716251}, "datetime": {"datetime": "2024-06-13 19:11:56", "elapsed": 1.797006, "delta": 0.003615}}
{"target": -862.4601407701413, "params": {"gamma": 8.97860932595915, "lr": 0.4345949734085095}, "datetime": {"datetime": "2024-06-13 19:11:56", "elapsed": 1.800993, "delta": 0.003987}}
{"target": -404.91454932092284, "params": {"gamma": 2.35891055683799, "lr": 0.9408279632013994}, "datetime": {"datetime": "2024-06-13 19:11:56", "elapsed": 1.804982, "delta": 0.003989}}
{"target": -1326.5879141411629, "params": {"gamma": 6.842496291781293, "lr": 0.06491158533912933}, "datetime": {"datetime": "2024-06-13 19:11:56", "elapsed": 1.807975, "delta": 0.002993}}
{"target": -1143.2151658574223, "params": {"gamma": 8.704378143373837, "lr": 0.7013802946333463}, "datetime": {"datetime": "2024-06-13 19:11:56", "elapsed": 1.811964, "delta": 0.003989}}
{"target": -800.4047072379583, "params": {"gamma": 6.049663802869843, "lr": 0.7323748991793305}, "datetime": {"datetime": "2024-06-13 19:11:56", "elapsed": 1.814956, "delta": 0.002992}}
{"target": -296.4659345599628, "params": {"gamma": 2.535136985955308, "lr": 0.6004889552745444}, "datetime": {"datetime": "2024-06-13 19:11:56", "elapsed": 1.818945, "delta": 0.003989}}
{"target": -1572.3399132976933, "params": {"gamma": 8.146377193435292, "lr": 0.05411366032399989}, "datetime": {"datetime": "2024-06-13 19:11:56", "elapsed": 1.822935, "delta": 0.00399}}
{"target": -236.08761867416428, "params": {"gamma": 1.3059762027213204, "lr": 0.8424458099564136}, "datetime": {"datetime": "2024-06-13 19:11:56", "elapsed": 1.825927, "delta": 0.002992}}
{"target": -640.6506583177626, "params": {"gamma": 6.183840347409528, "lr": 0.531287810481058}, "datetime": {"datetime": "2024-06-13 19:11:56", "elapsed": 1.829511, "delta": 0.003584}}
{"target": -279.94789653567835, "params": {"gamma": 2.483658999241989, "lr": 0.2950785752494959}, "datetime": {"datetime": "2024-06-13 19:11:56", "elapsed": 1.8335, "delta": 0.003989}}
{"target": -838.6988863128, "params": {"gamma": 8.726988963029699, "lr": 0.42166593484970927}, "datetime": {"datetime": "2024-06-13 19:11:56", "elapsed": 1.837489, "delta": 0.003989}}
{"target": -161.69876169957018, "params": {"gamma": 0.6452381255404884, "lr": 0.8969850695075825}, "datetime": {"datetime": "2024-06-13 19:11:56", "elapsed": 1.840481, "delta": 0.002992}}
{"target": -318.3527205471571, "params": {"gamma": 2.0346049474076864, "lr": 0.8262275354923914}, "datetime": {"datetime": "2024-06-13 19:11:56", "elapsed": 1.84447, "delta": 0.003989}}
{"target": -836.0937893831426, "params": {"gamma": 8.81782446020499, "lr": 0.48675074481833813}, "datetime": {"datetime": "2024-06-13 19:11:56", "elapsed": 1.847463, "delta": 0.002993}}
{"target": -620.9920402882236, "params": {"gamma": 5.98504846635326, "lr": 0.527267456485417}, "datetime": {"datetime": "2024-06-13 19:11:56", "elapsed": 1.851452, "delta": 0.003989}}
{"target": -965.8193484686351, "params": {"gamma": 6.248588120560806, "lr": 0.8550417213473515}, "datetime": {"datetime": "2024-06-13 19:11:56", "elapsed": 1.855441, "delta": 0.003989}}
{"target": -460.0823855593629, "params": {"gamma": 2.8221123446002014, "lr": 0.8837555081806009}, "datetime": {"datetime": "2024-06-13 19:11:56", "elapsed": 1.858433, "delta": 0.002992}}
{"target": -878.7496290392471, "params": {"gamma": 5.677335610861374, "lr": 0.11510304096690338}, "datetime": {"datetime": "2024-06-13 19:11:56", "elapsed": 1.862422, "delta": 0.003989}}
{"target": -270.6388381436408, "params": {"gamma": 2.270784650981365, "lr": 0.5959823856130138}, "datetime": {"datetime": "2024-06-13 19:11:56", "elapsed": 1.865415, "delta": 0.002993}}
{"target": -363.255323920701, "params": {"gamma": 2.395222922809899, "lr": 0.13141566053746057}, "datetime": {"datetime": "2024-06-13 19:11:56", "elapsed": 1.869404, "delta": 0.003989}}
{"target": -278.26612251768233, "params": {"gamma": 1.6193152935242277, "lr": 0.8448725182357391}, "datetime": {"datetime": "2024-06-13 19:11:56", "elapsed": 1.873393, "delta": 0.003989}}
{"target": -990.3299693735598, "params": {"gamma": 6.022234355273215, "lr": 0.9635670871883419}, "datetime": {"datetime": "2024-06-13 19:11:56", "elapsed": 1.876424, "delta": 0.003031}}
{"target": -390.52201052807476, "params": {"gamma": 3.4574464537469587, "lr": 0.5956250981349497}, "datetime": {"datetime": "2024-06-13 19:11:56", "elapsed": 1.880375, "delta": 0.003951}}
{"target": -652.610907987692, "params": {"gamma": 5.9902539044452245, "lr": 0.6157042872039488}, "datetime": {"datetime": "2024-06-13 19:11:56", "elapsed": 1.910294, "delta": 0.029919}}
{"target": -144.41122573976088, "params": {"gamma": 0.5927128946500382, "lr": 0.7503171845746859}, "datetime": {"datetime": "2024-06-13 19:11:56", "elapsed": 1.914284, "delta": 0.00399}}
{"target": -967.9364800387949, "params": {"gamma": 9.482146772378064, "lr": 0.5346790571795887}, "datetime": {"datetime": "2024-06-13 19:11:56", "elapsed": 1.918274, "delta": 0.00399}}
{"target": -284.14506122042604, "params": {"gamma": 1.926367653529729, "lr": 0.7529259149799422}, "datetime": {"datetime": "2024-06-13 19:11:56", "elapsed": 1.921265, "delta": 0.002991}}
{"target": -138.86538482871322, "params": {"gamma": 0.07418237430931014, "lr": 0.32825610365078084}, "datetime": {"datetime": "2024-06-13 19:11:56", "elapsed": 1.925255, "delta": 0.00399}}
{"target": -990.390731032715, "params": {"gamma": 9.176145870096288, "lr": 0.5883673328938768}, "datetime": {"datetime": "2024-06-13 19:11:56", "elapsed": 1.929244, "delta": 0.003989}}
{"target": -921.0279564085162, "params": {"gamma": 8.55204764875745, "lr": 0.6046720523491877}, "datetime": {"datetime": "2024-06-13 19:11:56", "elapsed": 1.932236, "delta": 0.002992}}
{"target": -1289.8169912014073, "params": {"gamma": 8.225958947086186, "lr": 0.8794835234293169}, "datetime": {"datetime": "2024-06-13 19:11:56", "elapsed": 1.936226, "delta": 0.00399}}
{"target": -510.01176954782676, "params": {"gamma": 3.210542758870008, "lr": 0.12295477155217849}, "datetime": {"datetime": "2024-06-13 19:11:56", "elapsed": 1.940214, "delta": 0.003988}}
{"target": -695.8295909135231, "params": {"gamma": 7.213312138521522, "lr": 0.44034708683123824}, "datetime": {"datetime": "2024-06-13 19:11:56", "elapsed": 1.943207, "delta": 0.002993}}
{"target": -178.2483234339813, "params": {"gamma": 1.268230355710944, "lr": 0.5898236481098892}, "datetime": {"datetime": "2024-06-13 19:11:56", "elapsed": 1.947196, "delta": 0.003989}}
{"target": -130.28547559159898, "params": {"gamma": 0.36164707738402946, "lr": 0.20018211641098693}, "datetime": {"datetime": "2024-06-13 19:11:56", "elapsed": 1.950188, "delta": 0.002992}}
{"target": -1522.738774919083, "params": {"gamma": 7.883223595490022, "lr": 0.012096760015357866}, "datetime": {"datetime": "2024-06-13 19:11:56", "elapsed": 1.954177, "delta": 0.003989}}
{"target": -610.505339764325, "params": {"gamma": 3.034153371413982, "lr": 0.021375961088070716}, "datetime": {"datetime": "2024-06-13 19:11:56", "elapsed": 1.958167, "delta": 0.00399}}
{"target": -1074.611572231001, "params": {"gamma": 9.974852442290567, "lr": 0.5820299763434618}, "datetime": {"datetime": "2024-06-13 19:11:56", "elapsed": 1.961158, "delta": 0.002991}}
{"target": -495.25365619998075, "params": {"gamma": 2.93446940858208, "lr": 0.9289494618931157}, "datetime": {"datetime": "2024-06-13 19:11:56", "elapsed": 1.965148, "delta": 0.00399}}
{"target": -488.53424699994224, "params": {"gamma": 5.071687116058498, "lr": 0.4546922275524069}, "datetime": {"datetime": "2024-06-13 19:11:56", "elapsed": 1.968647, "delta": 0.003499}}
{"target": -629.0857052130971, "params": {"gamma": 5.879127191455569, "lr": 0.2641376442105696}, "datetime": {"datetime": "2024-06-13 19:11:56", "elapsed": 1.972637, "delta": 0.00399}}
{"target": -313.858142309608, "params": {"gamma": 3.0535777051749857, "lr": 0.37165457672418245}, "datetime": {"datetime": "2024-06-13 19:11:56", "elapsed": 1.976626, "delta": 0.003989}}
{"target": -287.8612586316087, "params": {"gamma": 2.4452355457167374, "lr": 0.5845472661166298}, "datetime": {"datetime": "2024-06-13 19:11:56", "elapsed": 1.979617, "delta": 0.002991}}
{"target": -1348.500206273413, "params": {"gamma": 6.958765493189333, "lr": 0.07194722016400112}, "datetime": {"datetime": "2024-06-13 19:11:56", "elapsed": 1.983607, "delta": 0.00399}}
{"target": -1297.9644507762637, "params": {"gamma": 9.710862112935013, "lr": 0.7530706558694549}, "datetime": {"datetime": "2024-06-13 19:11:56", "elapsed": 1.987596, "delta": 0.003989}}
{"target": -1080.5369014971548, "params": {"gamma": 8.061825466371129, "lr": 0.7516404040812905}, "datetime": {"datetime": "2024-06-13 19:11:56", "elapsed": 1.990588, "delta": 0.002992}}
{"target": -131.20890172608716, "params": {"gamma": 0.8015297117349018, "lr": 0.48169628302117706}, "datetime": {"datetime": "2024-06-13 19:11:56", "elapsed": 1.994577, "delta": 0.003989}}
{"target": -593.0159684983652, "params": {"gamma": 4.457283891060159, "lr": 0.6724726505249299}, "datetime": {"datetime": "2024-06-13 19:11:56", "elapsed": 1.998567, "delta": 0.00399}}
{"target": -601.3732122271083, "params": {"gamma": 4.487923850984395, "lr": 0.7043133983839096}, "datetime": {"datetime": "2024-06-13 19:11:56", "elapsed": 2.001558, "delta": 0.002991}}
{"target": -893.3074570197906, "params": {"gamma": 6.816771730688627, "lr": 0.6971485287527562}, "datetime": {"datetime": "2024-06-13 19:11:56", "elapsed": 2.005548, "delta": 0.00399}}
{"target": -871.2820039370439, "params": {"gamma": 6.186388824872803, "lr": 0.15098073327964578}, "datetime": {"datetime": "2024-06-13 19:11:56", "elapsed": 2.009537, "delta": 0.003989}}
{"target": -1020.7795134585721, "params": {"gamma": 7.608263760601256, "lr": 0.781045822193957}, "datetime": {"datetime": "2024-06-13 19:11:56", "elapsed": 2.012529, "delta": 0.002992}}
{"target": -1105.1157977275384, "params": {"gamma": 9.041125756152136, "lr": 0.23376869260410593}, "datetime": {"datetime": "2024-06-13 19:11:56", "elapsed": 2.01652, "delta": 0.003991}}
{"target": -197.4141468268132, "params": {"gamma": 1.7676122518303419, "lr": 0.3910991231067624}, "datetime": {"datetime": "2024-06-13 19:11:56", "elapsed": 2.020508, "delta": 0.003988}}
{"target": -474.88770744725116, "params": {"gamma": 3.206325975297607, "lr": 0.8154769290056262}, "datetime": {"datetime": "2024-06-13 19:11:56", "elapsed": 2.0235, "delta": 0.002992}}
{"target": -827.0158459263482, "params": {"gamma": 6.135645470784649, "lr": 0.7600017523497489}, "datetime": {"datetime": "2024-06-13 19:11:56", "elapsed": 2.02749, "delta": 0.00399}}
{"target": -796.4442927855185, "params": {"gamma": 4.277223331869946, "lr": 0.09944056291558923}, "datetime": {"datetime": "2024-06-13 19:11:56", "elapsed": 2.030481, "delta": 0.002991}}
{"target": -149.639742681474, "params": {"gamma": 1.151235085490412, "lr": 0.3734071317371953}, "datetime": {"datetime": "2024-06-13 19:11:56", "elapsed": 2.034471, "delta": 0.00399}}
{"target": -305.72077773942516, "params": {"gamma": 1.939283827327562, "lr": 0.8207464986229382}, "datetime": {"datetime": "2024-06-13 19:11:56", "elapsed": 2.03846, "delta": 0.003989}}
{"target": -788.7041750103281, "params": {"gamma": 5.996760448228745, "lr": 0.688845259018665}, "datetime": {"datetime": "2024-06-13 19:11:56", "elapsed": 2.042449, "delta": 0.003989}}
{"target": -903.8263380430483, "params": {"gamma": 4.911608503081658, "lr": 0.08817368124218106}, "datetime": {"datetime": "2024-06-13 19:11:56", "elapsed": 2.045441, "delta": 0.002992}}
{"target": -242.8872370464984, "params": {"gamma": 2.351541289225017, "lr": 0.461602080891622}, "datetime": {"datetime": "2024-06-13 19:11:56", "elapsed": 2.049431, "delta": 0.00399}}
