{"target": -534.2857061321623, "params": {"gamma": 2.0748582416284203, "lr": 0.7472803210592225}, "datetime": {"datetime": "2024-06-13 22:26:38", "elapsed": 5.236974, "delta": 0.003989}}
{"target": -878.0541831097547, "params": {"gamma": 2.5826284514108324, "lr": 0.03724025561078481}, "datetime": {"datetime": "2024-06-13 22:26:38", "elapsed": 5.241961, "delta": 0.004987}}
{"target": -153.3843189423963, "params": {"gamma": 0.16150603946145364, "lr": 0.15270593118117648}, "datetime": {"datetime": "2024-06-13 22:26:38", "elapsed": 5.24595, "delta": 0.003989}}
{"target": -1164.3416935312123, "params": {"gamma": 4.621379845784425, "lr": 0.7559010975378051}, "datetime": {"datetime": "2024-06-13 22:26:38", "elapsed": 5.24994, "delta": 0.00399}}
{"target": -1738.765348199579, "params": {"gamma": 7.2884205045195944, "lr": 0.3523894424830367}, "datetime": {"datetime": "2024-06-13 22:26:38", "elapsed": 5.254926, "delta": 0.004986}}
{"target": -1223.123063538952, "params": {"gamma": 4.7919136483503735, "lr": 0.8140737533756652}, "datetime": {"datetime": "2024-06-13 22:26:38", "elapsed": 5.258916, "delta": 0.00399}}
{"target": -1927.572442165045, "params": {"gamma": 8.384190660883412, "lr": 0.3199167004179855}, "datetime": {"datetime": "2024-06-13 22:26:38", "elapsed": 5.263485, "delta": 0.004569}}
{"target": -147.19393895307653, "params": {"gamma": 0.043645919052664246, "lr": 0.046930843226232644}, "datetime": {"datetime": "2024-06-13 22:26:38", "elapsed": 5.267474, "delta": 0.003989}}
{"target": -1692.5600964799182, "params": {"gamma": 7.378335968662237, "lr": 0.27263228107250803}, "datetime": {"datetime": "2024-06-13 22:26:38", "elapsed": 5.272461, "delta": 0.004987}}
{"target": -1281.6872128557386, "params": {"gamma": 4.815376636054336, "lr": 0.1920312660311443}, "datetime": {"datetime": "2024-06-13 22:26:38", "elapsed": 5.27645, "delta": 0.003989}}
{"target": -1861.49116564473, "params": {"gamma": 8.471282047905861, "lr": 0.5033776096365531}, "datetime": {"datetime": "2024-06-13 22:26:38", "elapsed": 5.280439, "delta": 0.003989}}
{"target": -1238.3997362692885, "params": {"gamma": 5.272074597046892, "lr": 0.28807958808575485}, "datetime": {"datetime": "2024-06-13 22:26:38", "elapsed": 5.285426, "delta": 0.004987}}
{"target": -1697.0836935582877, "params": {"gamma": 5.120480307408566, "lr": 0.0019636453825200295}, "datetime": {"datetime": "2024-06-13 22:26:38", "elapsed": 5.289415, "delta": 0.003989}}
{"target": -670.8433580447137, "params": {"gamma": 2.7736731083917574, "lr": 0.34876298353843593}, "datetime": {"datetime": "2024-06-13 22:26:38", "elapsed": 5.294592, "delta": 0.005177}}
{"target": -960.5299081736061, "params": {"gamma": 2.8402249120040706, "lr": 0.08595222757741783}, "datetime": {"datetime": "2024-06-13 22:26:38", "elapsed": 5.298676, "delta": 0.004084}}
{"target": -1310.837491053857, "params": {"gamma": 5.2182903111313514, "lr": 0.7884791333735152}, "datetime": {"datetime": "2024-06-13 22:26:38", "elapsed": 5.303282, "delta": 0.004606}}
{"target": -2062.161326205502, "params": {"gamma": 9.426041757646109, "lr": 0.49728979211666346}, "datetime": {"datetime": "2024-06-13 22:26:38", "elapsed": 5.306935, "delta": 0.003653}}
{"target": -1392.0549590151143, "params": {"gamma": 5.93794482969608, "lr": 0.2908599378104706}, "datetime": {"datetime": "2024-06-13 22:26:38", "elapsed": 5.311919, "delta": 0.004984}}
{"target": -499.06087286147573, "params": {"gamma": 1.492445929692968, "lr": 0.13187169072844107}, "datetime": {"datetime": "2024-06-13 22:26:38", "elapsed": 5.315914, "delta": 0.003995}}
{"target": -1796.9836845639823, "params": {"gamma": 7.323875397919708, "lr": 0.7344694353499344}, "datetime": {"datetime": "2024-06-13 22:26:38", "elapsed": 5.320896, "delta": 0.004982}}
{"target": -410.7359892850913, "params": {"gamma": 1.7943208163497153, "lr": 0.41356037977579185}, "datetime": {"datetime": "2024-06-13 22:26:38", "elapsed": 5.325881, "delta": 0.004985}}
{"target": -1903.660481674574, "params": {"gamma": 5.941849134587504, "lr": 0.12528194618614874}, "datetime": {"datetime": "2024-06-13 22:26:38", "elapsed": 5.329871, "delta": 0.00399}}
{"target": -1803.7839937796323, "params": {"gamma": 7.85390412973879, "lr": 0.619992203320239}, "datetime": {"datetime": "2024-06-13 22:26:38", "elapsed": 5.334859, "delta": 0.004988}}
{"target": -1475.089783601141, "params": {"gamma": 6.152601693393037, "lr": 0.7012080919186323}, "datetime": {"datetime": "2024-06-13 22:26:38", "elapsed": 5.339845, "delta": 0.004986}}
{"target": -2158.227629438662, "params": {"gamma": 9.871843637581678, "lr": 0.5623944559571782}, "datetime": {"datetime": "2024-06-13 22:26:38", "elapsed": 5.343784, "delta": 0.003939}}
{"target": -1874.7310544763889, "params": {"gamma": 8.644298200721781, "lr": 0.4187086750571659}, "datetime": {"datetime": "2024-06-13 22:26:38", "elapsed": 5.348771, "delta": 0.004987}}
{"target": -1821.0570494623232, "params": {"gamma": 6.545039042923117, "lr": 0.9252611878587662}, "datetime": {"datetime": "2024-06-13 22:26:38", "elapsed": 5.353757, "delta": 0.004986}}
{"target": -1531.3074333109864, "params": {"gamma": 6.64184400562511, "lr": 0.3030806759430662}, "datetime": {"datetime": "2024-06-13 22:26:38", "elapsed": 5.357747, "delta": 0.00399}}
{"target": -1480.3740972951805, "params": {"gamma": 6.199836992922438, "lr": 0.35131832035819255}, "datetime": {"datetime": "2024-06-13 22:26:38", "elapsed": 5.361736, "delta": 0.003989}}
{"target": -755.7876662720713, "params": {"gamma": 3.224344384669061, "lr": 0.6102050587463702}, "datetime": {"datetime": "2024-06-13 22:26:38", "elapsed": 5.366723, "delta": 0.004987}}
{"target": -378.0513521953458, "params": {"gamma": 1.6040719966518822, "lr": 0.4867389357577533}, "datetime": {"datetime": "2024-06-13 22:26:38", "elapsed": 5.370712, "delta": 0.003989}}
{"target": -2234.1016803083976, "params": {"gamma": 9.456397215578926, "lr": 0.38391424197853796}, "datetime": {"datetime": "2024-06-13 22:26:38", "elapsed": 5.374702, "delta": 0.00399}}
{"target": -436.86656945419264, "params": {"gamma": 1.8904369698648686, "lr": 0.468838949642181}, "datetime": {"datetime": "2024-06-13 22:26:38", "elapsed": 5.379688, "delta": 0.004986}}
{"target": -2219.1205384057553, "params": {"gamma": 8.409237406703872, "lr": 0.8426677225950326}, "datetime": {"datetime": "2024-06-13 22:26:38", "elapsed": 5.383678, "delta": 0.00399}}
{"target": -2718.269543654803, "params": {"gamma": 8.278204591352763, "lr": 0.011475512605813365}, "datetime": {"datetime": "2024-06-13 22:26:38", "elapsed": 5.387667, "delta": 0.003989}}
{"target": -759.0410606663605, "params": {"gamma": 2.6711360589730235, "lr": 0.9998757875742624}, "datetime": {"datetime": "2024-06-13 22:26:38", "elapsed": 5.392653, "delta": 0.004986}}
{"target": -297.41807564119773, "params": {"gamma": 1.1977130886476726, "lr": 0.4900894960876333}, "datetime": {"datetime": "2024-06-13 22:26:38", "elapsed": 5.396643, "delta": 0.00399}}
{"target": -2481.676327033025, "params": {"gamma": 7.900471479876251, "lr": 0.12221391009385618}, "datetime": {"datetime": "2024-06-13 22:26:38", "elapsed": 5.400632, "delta": 0.003989}}
{"target": -1454.4766829360701, "params": {"gamma": 6.624429397731788, "lr": 0.4880804455213241}, "datetime": {"datetime": "2024-06-13 22:26:38", "elapsed": 5.405618, "delta": 0.004986}}
{"target": -552.7853387017836, "params": {"gamma": 1.9437055308797813, "lr": 0.8786300265827204}, "datetime": {"datetime": "2024-06-13 22:26:38", "elapsed": 5.409608, "delta": 0.00399}}
{"target": -448.14376333645515, "params": {"gamma": 1.8156924881797458, "lr": 0.6390528592947753}, "datetime": {"datetime": "2024-06-13 22:26:38", "elapsed": 5.413597, "delta": 0.003989}}
{"target": -1623.9340878118696, "params": {"gamma": 7.4085279551010945, "lr": 0.5626728865932282}, "datetime": {"datetime": "2024-06-13 22:26:38", "elapsed": 5.418584, "delta": 0.004987}}
{"target": -1978.9931549916007, "params": {"gamma": 6.288786844403314, "lr": 0.11896539662200445}, "datetime": {"datetime": "2024-06-13 22:26:38", "elapsed": 5.422573, "delta": 0.003989}}
{"target": -709.454854955052, "params": {"gamma": 3.0810618335582585, "lr": 0.5869622072296792}, "datetime": {"datetime": "2024-06-13 22:26:38", "elapsed": 5.42756, "delta": 0.004987}}
{"target": -930.9148695201816, "params": {"gamma": 3.955241699358807, "lr": 0.6639460814328006}, "datetime": {"datetime": "2024-06-13 22:26:38", "elapsed": 5.43155, "delta": 0.00399}}
{"target": -2255.3002276245847, "params": {"gamma": 8.519694493398179, "lr": 0.19022208931218354}, "datetime": {"datetime": "2024-06-13 22:26:38", "elapsed": 5.436536, "delta": 0.004986}}
{"target": -2134.578062930278, "params": {"gamma": 9.032823736002479, "lr": 0.38317585043109326}, "datetime": {"datetime": "2024-06-13 22:26:38", "elapsed": 5.440526, "delta": 0.00399}}
{"target": -2161.7654096261226, "params": {"gamma": 9.431300182951817, "lr": 0.6173823130249652}, "datetime": {"datetime": "2024-06-13 22:26:38", "elapsed": 5.445512, "delta": 0.004986}}
{"target": -1737.2734871405528, "params": {"gamma": 7.901165115937855, "lr": 0.514775428373226}, "datetime": {"datetime": "2024-06-13 22:26:38", "elapsed": 5.449502, "delta": 0.00399}}
{"target": -1229.0042869477757, "params": {"gamma": 5.311915799238696, "lr": 0.3275938987659719}, "datetime": {"datetime": "2024-06-13 22:26:38", "elapsed": 5.454488, "delta": 0.004986}}
{"target": -334.0186496317688, "params": {"gamma": 1.2945177075663274, "lr": 0.3838219118604237}, "datetime": {"datetime": "2024-06-13 22:26:38", "elapsed": 5.458477, "delta": 0.003989}}
{"target": -739.2783288452192, "params": {"gamma": 2.1505498314359848, "lr": 0.03286525588191658}, "datetime": {"datetime": "2024-06-13 22:26:38", "elapsed": 5.462467, "delta": 0.00399}}
{"target": -814.6350220970312, "params": {"gamma": 2.7495934114227696, "lr": 0.18057605266685695}, "datetime": {"datetime": "2024-06-13 22:26:38", "elapsed": 5.467453, "delta": 0.004986}}
{"target": -2872.6361139218943, "params": {"gamma": 8.75542762006619, "lr": 0.08123656243140498}, "datetime": {"datetime": "2024-06-13 22:26:38", "elapsed": 5.471443, "delta": 0.00399}}
{"target": -467.82886254569803, "params": {"gamma": 1.8397720952197505, "lr": 0.7040306955363342}, "datetime": {"datetime": "2024-06-13 22:26:38", "elapsed": 5.476429, "delta": 0.004986}}
{"target": -2105.1647666877197, "params": {"gamma": 9.192339684311714, "lr": 0.2514584522319341}, "datetime": {"datetime": "2024-06-13 22:26:38", "elapsed": 5.480419, "delta": 0.00399}}
{"target": -157.86150350693435, "params": {"gamma": 0.21399001348235436, "lr": 0.9605044727550998}, "datetime": {"datetime": "2024-06-13 22:26:38", "elapsed": 5.484409, "delta": 0.00399}}
{"target": -1572.3926891539224, "params": {"gamma": 6.8225241840990325, "lr": 0.3106626960638559}, "datetime": {"datetime": "2024-06-13 22:26:38", "elapsed": 5.489395, "delta": 0.004986}}
{"target": -1073.9299120900466, "params": {"gamma": 4.724262048710183, "lr": 0.5992558738787634}, "datetime": {"datetime": "2024-06-13 22:26:38", "elapsed": 5.493384, "delta": 0.003989}}
{"target": -1018.0029394252987, "params": {"gamma": 3.7393118520813564, "lr": 0.874487796621177}, "datetime": {"datetime": "2024-06-13 22:26:38", "elapsed": 5.498193, "delta": 0.004809}}
{"target": -2018.3995882860077, "params": {"gamma": 7.261999710487967, "lr": 0.9543407046242112}, "datetime": {"datetime": "2024-06-13 22:26:38", "elapsed": 5.50318, "delta": 0.004987}}
{"target": -987.9830717690515, "params": {"gamma": 3.5113041629592687, "lr": 0.9371740887217811}, "datetime": {"datetime": "2024-06-13 22:26:38", "elapsed": 5.507169, "delta": 0.003989}}
{"target": -1122.092106878696, "params": {"gamma": 4.791526641683215, "lr": 0.6423226386484714}, "datetime": {"datetime": "2024-06-13 22:26:38", "elapsed": 5.511158, "delta": 0.003989}}
{"target": -1863.6190057718838, "params": {"gamma": 7.36673540034412, "lr": 0.8093379690056801}, "datetime": {"datetime": "2024-06-13 22:26:38", "elapsed": 5.516145, "delta": 0.004987}}
{"target": -878.4802267180808, "params": {"gamma": 3.963197413459656, "lr": 0.44794597851477114}, "datetime": {"datetime": "2024-06-13 22:26:38", "elapsed": 5.521132, "delta": 0.004987}}
{"target": -1975.0691608642414, "params": {"gamma": 8.172952984101395, "lr": 0.7175572030909549}, "datetime": {"datetime": "2024-06-13 22:26:38", "elapsed": 5.525122, "delta": 0.00399}}
{"target": -2609.5135598042007, "params": {"gamma": 9.408551244537064, "lr": 0.9795978714178412}, "datetime": {"datetime": "2024-06-13 22:26:38", "elapsed": 5.52911, "delta": 0.003988}}
{"target": -445.890797538696, "params": {"gamma": 1.7899544503221003, "lr": 0.2279194118127552}, "datetime": {"datetime": "2024-06-13 22:26:38", "elapsed": 5.534097, "delta": 0.004987}}
{"target": -1757.3923833034764, "params": {"gamma": 7.16014848634319, "lr": 0.7473827346542434}, "datetime": {"datetime": "2024-06-13 22:26:38", "elapsed": 5.538086, "delta": 0.003989}}
{"target": -1640.7456620389858, "params": {"gamma": 6.032192362771022, "lr": 0.8772997642215113}, "datetime": {"datetime": "2024-06-13 22:26:38", "elapsed": 5.543074, "delta": 0.004988}}
{"target": -611.9427203194829, "params": {"gamma": 2.5206526306452743, "lr": 0.3394873942967924}, "datetime": {"datetime": "2024-06-13 22:26:38", "elapsed": 5.546862, "delta": 0.003788}}
{"target": -1146.1084256944218, "params": {"gamma": 4.946973834220983, "lr": 0.31502708896856757}, "datetime": {"datetime": "2024-06-13 22:26:38", "elapsed": 5.551849, "delta": 0.004987}}
{"target": -1300.0932007990098, "params": {"gamma": 5.454845454328703, "lr": 0.6824780792979444}, "datetime": {"datetime": "2024-06-13 22:26:38", "elapsed": 5.556835, "delta": 0.004986}}
{"target": -502.45578000401053, "params": {"gamma": 2.2044486446357947, "lr": 0.48533745396838057}, "datetime": {"datetime": "2024-06-13 22:26:38", "elapsed": 5.560825, "delta": 0.00399}}
{"target": -2279.164929206288, "params": {"gamma": 9.929820595017146, "lr": 0.3241613031812349}, "datetime": {"datetime": "2024-06-13 22:26:38", "elapsed": 5.564814, "delta": 0.003989}}
{"target": -172.19915405957963, "params": {"gamma": 0.35458383299364826, "lr": 0.8173517292840132}, "datetime": {"datetime": "2024-06-13 22:26:38", "elapsed": 5.569801, "delta": 0.004987}}
{"target": -1668.9889971464397, "params": {"gamma": 5.033564529213024, "lr": 0.052783856118570505}, "datetime": {"datetime": "2024-06-13 22:26:38", "elapsed": 5.57379, "delta": 0.003989}}
{"target": -1930.5025706764243, "params": {"gamma": 8.903159967215188, "lr": 0.4045143799803578}, "datetime": {"datetime": "2024-06-13 22:26:38", "elapsed": 5.578777, "delta": 0.004987}}
{"target": -2014.4540070365538, "params": {"gamma": 9.292802548221829, "lr": 0.40207817380056154}, "datetime": {"datetime": "2024-06-13 22:26:38", "elapsed": 5.582767, "delta": 0.00399}}
{"target": -230.99616389274553, "params": {"gamma": 0.7692460154620339, "lr": 0.2453011441199927}, "datetime": {"datetime": "2024-06-13 22:26:38", "elapsed": 5.587753, "delta": 0.004986}}
{"target": -890.49560869255, "params": {"gamma": 3.503254796566321, "lr": 0.7507282923552251}, "datetime": {"datetime": "2024-06-13 22:26:38", "elapsed": 5.591742, "delta": 0.003989}}
{"target": -426.90399188967444, "params": {"gamma": 1.8482967753404873, "lr": 0.4309736537258744}, "datetime": {"datetime": "2024-06-13 22:26:38", "elapsed": 5.596729, "delta": 0.004987}}
{"target": -1918.4295656517722, "params": {"gamma": 8.732580952739871, "lr": 0.5337610913727832}, "datetime": {"datetime": "2024-06-13 22:26:38", "elapsed": 5.600718, "delta": 0.003989}}
{"target": -384.40626683147565, "params": {"gamma": 1.0324440427708175, "lr": 0.024522487054632225}, "datetime": {"datetime": "2024-06-13 22:26:38", "elapsed": 5.604707, "delta": 0.003989}}
{"target": -1962.3498089975274, "params": {"gamma": 7.058392201809326, "lr": 0.979127490958217}, "datetime": {"datetime": "2024-06-13 22:26:38", "elapsed": 5.609694, "delta": 0.004987}}
{"target": -1958.0860903704765, "params": {"gamma": 7.851867464260117, "lr": 0.7647261968454175}, "datetime": {"datetime": "2024-06-13 22:26:38", "elapsed": 5.613683, "delta": 0.003989}}
{"target": -1688.3564015922066, "params": {"gamma": 6.754799709264521, "lr": 0.7955027102986651}, "datetime": {"datetime": "2024-06-13 22:26:38", "elapsed": 5.617673, "delta": 0.00399}}
{"target": -169.15392905033772, "params": {"gamma": 0.40113783894076427, "lr": 0.264681631716854}, "datetime": {"datetime": "2024-06-13 22:26:38", "elapsed": 5.622659, "delta": 0.004986}}
{"target": -1868.1686881044677, "params": {"gamma": 6.9542799621795535, "lr": 0.8669883296077439}, "datetime": {"datetime": "2024-06-13 22:26:38", "elapsed": 5.626649, "delta": 0.00399}}
{"target": -1974.4705741958762, "params": {"gamma": 6.746394111296426, "lr": 0.17627612798343162}, "datetime": {"datetime": "2024-06-13 22:26:38", "elapsed": 5.630671, "delta": 0.004022}}
{"target": -2551.027829725662, "params": {"gamma": 9.363148290996985, "lr": 0.9033787001108529}, "datetime": {"datetime": "2024-06-13 22:26:38", "elapsed": 5.63548, "delta": 0.004809}}
{"target": -269.9947516859533, "params": {"gamma": 0.8677009826349238, "lr": 0.193000037574253}, "datetime": {"datetime": "2024-06-13 22:26:38", "elapsed": 5.640021, "delta": 0.004541}}
{"target": -695.1460764368088, "params": {"gamma": 2.7526551130746566, "lr": 0.7384118706046068}, "datetime": {"datetime": "2024-06-13 22:26:38", "elapsed": 5.64401, "delta": 0.003989}}
{"target": -1937.5354614486312, "params": {"gamma": 8.59387390968027, "lr": 0.5783223874515512}, "datetime": {"datetime": "2024-06-13 22:26:38", "elapsed": 5.648997, "delta": 0.004987}}
{"target": -452.25269097465696, "params": {"gamma": 1.9972560609459706, "lr": 0.41508988762136245}, "datetime": {"datetime": "2024-06-13 22:26:38", "elapsed": 5.653983, "delta": 0.004986}}
{"target": -414.0475949644027, "params": {"gamma": 1.3794541434408072, "lr": 0.9173961868584244}, "datetime": {"datetime": "2024-06-13 22:26:38", "elapsed": 5.657973, "delta": 0.00399}}
{"target": -1681.586252275579, "params": {"gamma": 7.645544873164326, "lr": 0.5102138338060775}, "datetime": {"datetime": "2024-06-13 22:26:38", "elapsed": 5.662959, "delta": 0.004986}}
{"target": -1479.858799873962, "params": {"gamma": 4.536296856665209, "lr": 0.0978420783455699}, "datetime": {"datetime": "2024-06-13 22:26:38", "elapsed": 5.666949, "delta": 0.00399}}
{"target": -1013.8096160515615, "params": {"gamma": 3.1874348876469725, "lr": 0.12063279535739646}, "datetime": {"datetime": "2024-06-13 22:26:38", "elapsed": 5.671935, "delta": 0.004986}}
{"target": -1720.3748845944865, "params": {"gamma": 7.823598295559239, "lr": 0.5448837066761946}, "datetime": {"datetime": "2024-06-13 22:26:38", "elapsed": 5.675925, "delta": 0.00399}}
{"target": -555.0712164766828, "params": {"gamma": 2.2735465367701733, "lr": 0.22420283925593631}, "datetime": {"datetime": "2024-06-13 22:26:38", "elapsed": 5.679914, "delta": 0.003989}}
{"target": -616.4506482495398, "params": {"gamma": 2.6047215769603396, "lr": 0.308872752316256}, "datetime": {"datetime": "2024-06-13 22:26:38", "elapsed": 5.684902, "delta": 0.004988}}
{"target": -917.0920497023614, "params": {"gamma": 3.8776636126823174, "lr": 0.29754893237723723}, "datetime": {"datetime": "2024-06-13 22:26:38", "elapsed": 5.689887, "delta": 0.004985}}
{"target": -2238.821267632649, "params": {"gamma": 6.795879389436971, "lr": 0.03507361930507891}, "datetime": {"datetime": "2024-06-13 22:26:38", "elapsed": 5.693876, "delta": 0.003989}}
{"target": -821.7705567064869, "params": {"gamma": 3.2817750389987497, "lr": 0.7452918728580155}, "datetime": {"datetime": "2024-06-13 22:26:38", "elapsed": 5.697866, "delta": 0.00399}}
{"target": -2376.782818819012, "params": {"gamma": 9.428137042767773, "lr": 0.8027325501575512}, "datetime": {"datetime": "2024-06-13 22:26:38", "elapsed": 5.702853, "delta": 0.004987}}
{"target": -585.9682156809429, "params": {"gamma": 2.4090212695059683, "lr": 0.2329154683838317}, "datetime": {"datetime": "2024-06-13 22:26:38", "elapsed": 5.706842, "delta": 0.003989}}
{"target": -542.4842472801573, "params": {"gamma": 1.904177610377174, "lr": 0.8824975348586093}, "datetime": {"datetime": "2024-06-13 22:26:38", "elapsed": 5.711828, "delta": 0.004986}}
{"target": -617.0700252284263, "params": {"gamma": 2.3793190167249576, "lr": 0.7581806234131274}, "datetime": {"datetime": "2024-06-13 22:26:38", "elapsed": 5.715818, "delta": 0.00399}}
{"target": -887.255861383721, "params": {"gamma": 2.611236264315461, "lr": 0.03308184340751563}, "datetime": {"datetime": "2024-06-13 22:26:38", "elapsed": 5.720804, "delta": 0.004986}}
{"target": -1775.2509128651845, "params": {"gamma": 7.334743552987591, "lr": 0.7262018097952009}, "datetime": {"datetime": "2024-06-13 22:26:38", "elapsed": 5.724794, "delta": 0.00399}}
{"target": -249.14699729093311, "params": {"gamma": 0.8905021504995737, "lr": 0.3267012579296016}, "datetime": {"datetime": "2024-06-13 22:26:38", "elapsed": 5.728783, "delta": 0.003989}}
{"target": -3052.0414314749955, "params": {"gamma": 9.483704536600037, "lr": 0.16294899858218448}, "datetime": {"datetime": "2024-06-13 22:26:38", "elapsed": 5.73377, "delta": 0.004987}}
{"target": -242.43853373144418, "params": {"gamma": 0.8676380540564483, "lr": 0.5946038881116259}, "datetime": {"datetime": "2024-06-13 22:26:38", "elapsed": 5.737759, "delta": 0.003989}}
{"target": -2974.4736155944, "params": {"gamma": 9.309967663594373, "lr": 0.1337783077430914}, "datetime": {"datetime": "2024-06-13 22:26:38", "elapsed": 5.741748, "delta": 0.003989}}
{"target": -1224.5337873619276, "params": {"gamma": 5.130609924306518, "lr": 0.6839992141169576}, "datetime": {"datetime": "2024-06-13 22:26:38", "elapsed": 5.746735, "delta": 0.004987}}
{"target": -601.2717698628901, "params": {"gamma": 1.7191257663086643, "lr": 0.011259893492189477}, "datetime": {"datetime": "2024-06-13 22:26:38", "elapsed": 5.751722, "delta": 0.004987}}
