{"target": -1326.7780017228447, "params": {"gamma": 4.797895932924502, "lr": 0.9466766792396476}, "datetime": {"datetime": "2024-06-13 17:15:19", "elapsed": 2.980577, "delta": 0.003989}}
{"target": -1869.5469479204032, "params": {"gamma": 5.53478362877641, "lr": 0.08480182166035288}, "datetime": {"datetime": "2024-06-13 17:15:19", "elapsed": 2.985564, "delta": 0.004987}}
{"target": -522.974062304402, "params": {"gamma": 2.0254278937096815, "lr": 0.8542379729163827}, "datetime": {"datetime": "2024-06-13 17:15:19", "elapsed": 2.989553, "delta": 0.003989}}
{"target": -1911.5781519854265, "params": {"gamma": 7.0595677402804276, "lr": 0.8949395201529242}, "datetime": {"datetime": "2024-06-13 17:15:19", "elapsed": 2.993543, "delta": 0.00399}}
{"target": -586.0036446977246, "params": {"gamma": 3.2921308719412035, "lr": 0.5280013966376261}, "datetime": {"datetime": "2024-06-13 17:15:19", "elapsed": 2.997532, "delta": 0.003989}}
{"target": -1223.189115447041, "params": {"gamma": 6.504330926708715, "lr": 0.5942908535866644}, "datetime": {"datetime": "2024-06-13 17:15:19", "elapsed": 3.001521, "delta": 0.003989}}
{"target": -358.480136829425, "params": {"gamma": 2.315397892406944, "lr": 0.4268213494482356}, "datetime": {"datetime": "2024-06-13 17:15:19", "elapsed": 3.00551, "delta": 0.003989}}
{"target": -634.4556611034333, "params": {"gamma": 2.481866529137688, "lr": 0.8456149622311454}, "datetime": {"datetime": "2024-06-13 17:15:19", "elapsed": 3.008502, "delta": 0.002992}}
{"target": -3521.669865120825, "params": {"gamma": 9.866787772235858, "lr": 0.06657080313237929}, "datetime": {"datetime": "2024-06-13 17:15:19", "elapsed": 3.012492, "delta": 0.00399}}
{"target": -959.1250570633697, "params": {"gamma": 7.139566394637347, "lr": 0.3301155521990743}, "datetime": {"datetime": "2024-06-13 17:15:19", "elapsed": 3.016482, "delta": 0.00399}}
{"target": -895.6484645156669, "params": {"gamma": 6.254728347736019, "lr": 0.258129649281871}, "datetime": {"datetime": "2024-06-13 17:15:19", "elapsed": 3.020471, "delta": 0.003989}}
{"target": -889.6190711513683, "params": {"gamma": 6.510425085475643, "lr": 0.37114718446272954}, "datetime": {"datetime": "2024-06-13 17:15:19", "elapsed": 3.02446, "delta": 0.003989}}
{"target": -815.6663561302976, "params": {"gamma": 2.9489139744901, "lr": 0.9117631736977988}, "datetime": {"datetime": "2024-06-13 17:15:19", "elapsed": 3.028449, "delta": 0.003989}}
{"target": -1851.0927348929192, "params": {"gamma": 9.425046243387849, "lr": 0.6135500265601355}, "datetime": {"datetime": "2024-06-13 17:15:19", "elapsed": 3.032438, "delta": 0.003989}}
{"target": -603.5977489291886, "params": {"gamma": 2.1454633405260957, "lr": 0.9394188709061594}, "datetime": {"datetime": "2024-06-13 17:15:19", "elapsed": 3.036428, "delta": 0.00399}}
{"target": -1836.920372070998, "params": {"gamma": 7.504785013686519, "lr": 0.7510898073228061}, "datetime": {"datetime": "2024-06-13 17:15:19", "elapsed": 3.040418, "delta": 0.00399}}
{"target": -547.3863611024292, "params": {"gamma": 2.1180016271500137, "lr": 0.8301565261622993}, "datetime": {"datetime": "2024-06-13 17:15:19", "elapsed": 3.044407, "delta": 0.003989}}
{"target": -508.0582622442308, "params": {"gamma": 2.4017114464579397, "lr": 0.6316207452501602}, "datetime": {"datetime": "2024-06-13 17:15:19", "elapsed": 3.048395, "delta": 0.003988}}
{"target": -1573.3536933078058, "params": {"gamma": 7.107684959425964, "lr": 0.7423834297071017}, "datetime": {"datetime": "2024-06-13 17:15:19", "elapsed": 3.052415, "delta": 0.00402}}
{"target": -962.7478163386996, "params": {"gamma": 3.9032567812912102, "lr": 0.7598253967160974}, "datetime": {"datetime": "2024-06-13 17:15:19", "elapsed": 3.056405, "delta": 0.00399}}
{"target": -1692.6971016242953, "params": {"gamma": 9.029456085314978, "lr": 0.5874200192375769}, "datetime": {"datetime": "2024-06-13 17:15:19", "elapsed": 3.060365, "delta": 0.00396}}
{"target": -255.91148828830478, "params": {"gamma": 0.9050067472322914, "lr": 0.12897598414227607}, "datetime": {"datetime": "2024-06-13 17:15:19", "elapsed": 3.064353, "delta": 0.003988}}
{"target": -235.42755113699377, "params": {"gamma": 1.0535200041012063, "lr": 0.17272746332288003}, "datetime": {"datetime": "2024-06-13 17:15:19", "elapsed": 3.068343, "delta": 0.00399}}
{"target": -333.9459113978534, "params": {"gamma": 1.2651824720065605, "lr": 0.7783008900676276}, "datetime": {"datetime": "2024-06-13 17:15:19", "elapsed": 3.072332, "delta": 0.003989}}
{"target": -135.72734107101715, "params": {"gamma": 0.39507571033225836, "lr": 0.24155841734086403}, "datetime": {"datetime": "2024-06-13 17:15:19", "elapsed": 3.076321, "delta": 0.003989}}
{"target": -2420.48660925067, "params": {"gamma": 8.790784947183296, "lr": 0.9735188608362936}, "datetime": {"datetime": "2024-06-13 17:15:19", "elapsed": 3.080311, "delta": 0.00399}}
{"target": -1670.8975457136373, "params": {"gamma": 6.054614655262755, "lr": 0.9762382645603884}, "datetime": {"datetime": "2024-06-13 17:15:19", "elapsed": 3.085297, "delta": 0.004986}}
{"target": -176.53190021890578, "params": {"gamma": 0.43547196560805285, "lr": 0.9485727683760076}, "datetime": {"datetime": "2024-06-13 17:15:19", "elapsed": 3.089286, "delta": 0.003989}}
{"target": -771.4087510514338, "params": {"gamma": 3.113649528479215, "lr": 0.798972840361593}, "datetime": {"datetime": "2024-06-13 17:15:19", "elapsed": 3.093276, "delta": 0.00399}}
{"target": -2181.0018786053897, "params": {"gamma": 8.106480405365568, "lr": 0.8599985915803449}, "datetime": {"datetime": "2024-06-13 17:15:19", "elapsed": 3.097265, "delta": 0.003989}}
{"target": -1268.7984080079204, "params": {"gamma": 4.586049558214109, "lr": 0.9306443921654484}, "datetime": {"datetime": "2024-06-13 17:15:19", "elapsed": 3.101255, "delta": 0.00399}}
{"target": -721.1512477955304, "params": {"gamma": 2.579671951285972, "lr": 0.9344454925295846}, "datetime": {"datetime": "2024-06-13 17:15:19", "elapsed": 3.105244, "delta": 0.003989}}
{"target": -1708.4120532573365, "params": {"gamma": 6.191577212883354, "lr": 0.9854449149448306}, "datetime": {"datetime": "2024-06-13 17:15:19", "elapsed": 3.109233, "delta": 0.003989}}
{"target": -148.98897155153492, "params": {"gamma": 0.3274060157599613, "lr": 0.7251666588327084}, "datetime": {"datetime": "2024-06-13 17:15:19", "elapsed": 3.113222, "delta": 0.003989}}
{"target": -867.1704083172918, "params": {"gamma": 5.655976799568431, "lr": 0.4924240473983196}, "datetime": {"datetime": "2024-06-13 17:15:19", "elapsed": 3.117212, "delta": 0.00399}}
{"target": -365.6487022530638, "params": {"gamma": 2.5929220383817193, "lr": 0.3268306848663751}, "datetime": {"datetime": "2024-06-13 17:15:19", "elapsed": 3.121201, "delta": 0.003989}}
{"target": -428.7038444212376, "params": {"gamma": 2.495372604807176, "lr": 0.21926791032506077}, "datetime": {"datetime": "2024-06-13 17:15:19", "elapsed": 3.12519, "delta": 0.003989}}
{"target": -1397.4166089259204, "params": {"gamma": 7.996808714410864, "lr": 0.5023950058982584}, "datetime": {"datetime": "2024-06-13 17:15:19", "elapsed": 3.12918, "delta": 0.00399}}
{"target": -240.09597012186012, "params": {"gamma": 0.8328156970812803, "lr": 0.7769841920273803}, "datetime": {"datetime": "2024-06-13 17:15:19", "elapsed": 3.134167, "delta": 0.004987}}
{"target": -1185.8302541024066, "params": {"gamma": 5.336957111761226, "lr": 0.739387787346382}, "datetime": {"datetime": "2024-06-13 17:15:19", "elapsed": 3.138157, "delta": 0.00399}}
{"target": -702.2115207926017, "params": {"gamma": 5.154421537738071, "lr": 0.39994592398513173}, "datetime": {"datetime": "2024-06-13 17:15:19", "elapsed": 3.142145, "delta": 0.003988}}
{"target": -3520.134711651664, "params": {"gamma": 9.862481577580514, "lr": 0.02824262016291268}, "datetime": {"datetime": "2024-06-13 17:15:19", "elapsed": 3.145137, "delta": 0.002992}}
{"target": -2567.5958565013752, "params": {"gamma": 9.327706315740619, "lr": 0.930854967759968}, "datetime": {"datetime": "2024-06-13 17:15:19", "elapsed": 3.149127, "delta": 0.00399}}
{"target": -659.2944572007738, "params": {"gamma": 3.909796196303079, "lr": 0.2144648711333198}, "datetime": {"datetime": "2024-06-13 17:15:19", "elapsed": 3.153116, "delta": 0.003989}}
{"target": -1214.6735765796261, "params": {"gamma": 6.192513766034457, "lr": 0.17797233547016944}, "datetime": {"datetime": "2024-06-13 17:15:19", "elapsed": 3.157105, "delta": 0.003989}}
{"target": -1145.240245067228, "params": {"gamma": 8.032278735085756, "lr": 0.2539338558777352}, "datetime": {"datetime": "2024-06-13 17:15:19", "elapsed": 3.161094, "delta": 0.003989}}
{"target": -804.8159225696162, "params": {"gamma": 2.9087707441717465, "lr": 0.915915790009957}, "datetime": {"datetime": "2024-06-13 17:15:19", "elapsed": 3.165084, "delta": 0.00399}}
{"target": -1575.9855869833757, "params": {"gamma": 9.029265417910615, "lr": 0.5353808917305217}, "datetime": {"datetime": "2024-06-13 17:15:19", "elapsed": 3.169073, "delta": 0.003989}}
{"target": -1171.6650424288027, "params": {"gamma": 8.628526966805577, "lr": 0.3525325688050618}, "datetime": {"datetime": "2024-06-13 17:15:19", "elapsed": 3.173066, "delta": 0.003993}}
{"target": -1482.7444159358895, "params": {"gamma": 9.978844897970799, "lr": 0.433689739404977}, "datetime": {"datetime": "2024-06-13 17:15:19", "elapsed": 3.177054, "delta": 0.003988}}
{"target": -1056.6914627892252, "params": {"gamma": 2.948825305973155, "lr": 0.04157423394916726}, "datetime": {"datetime": "2024-06-13 17:15:19", "elapsed": 3.181045, "delta": 0.003991}}
{"target": -1502.6632696528452, "params": {"gamma": 9.897079830913631, "lr": 0.4648876309118224}, "datetime": {"datetime": "2024-06-13 17:15:19", "elapsed": 3.185034, "delta": 0.003989}}
{"target": -1512.8054267677314, "params": {"gamma": 7.346115555489657, "lr": 0.6408076240458747}, "datetime": {"datetime": "2024-06-13 17:15:19", "elapsed": 3.189023, "delta": 0.003989}}
{"target": -2582.1015127972114, "params": {"gamma": 7.231210903260432, "lr": 0.05111090382611627}, "datetime": {"datetime": "2024-06-13 17:15:19", "elapsed": 3.193013, "delta": 0.00399}}
{"target": -2532.752149445148, "params": {"gamma": 9.200534008691728, "lr": 0.9268412179022415}, "datetime": {"datetime": "2024-06-13 17:15:19", "elapsed": 3.197001, "delta": 0.003988}}
{"target": -1524.5898188646738, "params": {"gamma": 5.520398276514817, "lr": 0.963915888684551}, "datetime": {"datetime": "2024-06-13 17:15:19", "elapsed": 3.200991, "delta": 0.00399}}
{"target": -564.5961148597179, "params": {"gamma": 2.8102744143666842, "lr": 0.6021466271365452}, "datetime": {"datetime": "2024-06-13 17:15:19", "elapsed": 3.20498, "delta": 0.003989}}
{"target": -824.628289715165, "params": {"gamma": 3.9652304378361865, "lr": 0.6280232317552282}, "datetime": {"datetime": "2024-06-13 17:15:19", "elapsed": 3.20897, "delta": 0.00399}}
{"target": -766.827516264728, "params": {"gamma": 3.0070222529489574, "lr": 0.8193583846560202}, "datetime": {"datetime": "2024-06-13 17:15:19", "elapsed": 3.212961, "delta": 0.003991}}
{"target": -279.72457662838957, "params": {"gamma": 0.6987899990635812, "lr": 0.04187757029999628}, "datetime": {"datetime": "2024-06-13 17:15:19", "elapsed": 3.216948, "delta": 0.003987}}
{"target": -158.17586745042524, "params": {"gamma": 0.49491444994850975, "lr": 0.15045502836766345}, "datetime": {"datetime": "2024-06-13 17:15:19", "elapsed": 3.220938, "delta": 0.00399}}
{"target": -1095.939371646167, "params": {"gamma": 3.954109387473109, "lr": 0.9553899892571747}, "datetime": {"datetime": "2024-06-13 17:15:19", "elapsed": 3.224927, "delta": 0.003989}}
{"target": -257.80461169560357, "params": {"gamma": 1.1088436015198657, "lr": 0.6475529858164272}, "datetime": {"datetime": "2024-06-13 17:15:19", "elapsed": 3.229914, "delta": 0.004987}}
{"target": -723.4977433075181, "params": {"gamma": 5.276687463055037, "lr": 0.353242405983059}, "datetime": {"datetime": "2024-06-13 17:15:19", "elapsed": 3.233903, "delta": 0.003989}}
{"target": -346.8355755275936, "params": {"gamma": 1.9827940939725983, "lr": 0.22059408184733575}, "datetime": {"datetime": "2024-06-13 17:15:19", "elapsed": 3.236895, "delta": 0.002992}}
{"target": -160.0595947530723, "params": {"gamma": 0.4391712757617422, "lr": 0.7131639731598145}, "datetime": {"datetime": "2024-06-13 17:15:19", "elapsed": 3.241882, "delta": 0.004987}}
{"target": -979.0361462490574, "params": {"gamma": 6.538748151763354, "lr": 0.4437697927247224}, "datetime": {"datetime": "2024-06-13 17:15:19", "elapsed": 3.244874, "delta": 0.002992}}
{"target": -2019.125594389831, "params": {"gamma": 7.189675941410347, "lr": 0.10997597244532042}, "datetime": {"datetime": "2024-06-13 17:15:19", "elapsed": 3.248863, "delta": 0.003989}}
{"target": -2347.300181004559, "params": {"gamma": 9.387253014515942, "lr": 0.8476267092393875}, "datetime": {"datetime": "2024-06-13 17:15:19", "elapsed": 3.252853, "delta": 0.00399}}
{"target": -891.8468092767623, "params": {"gamma": 6.590697560999168, "lr": 0.37883116866173183}, "datetime": {"datetime": "2024-06-13 17:15:19", "elapsed": 3.256842, "delta": 0.003989}}
{"target": -644.7938592001473, "params": {"gamma": 4.16625072341846, "lr": 0.48215392215746744}, "datetime": {"datetime": "2024-06-13 17:15:19", "elapsed": 3.260831, "delta": 0.003989}}
{"target": -2514.3986719882832, "params": {"gamma": 9.352902416297999, "lr": 0.8635929549181026}, "datetime": {"datetime": "2024-06-13 17:15:19", "elapsed": 3.264821, "delta": 0.00399}}
{"target": -838.4317280536221, "params": {"gamma": 4.779760568316378, "lr": 0.554518498278167}, "datetime": {"datetime": "2024-06-13 17:15:19", "elapsed": 3.26881, "delta": 0.003989}}
{"target": -2410.4528373579965, "params": {"gamma": 8.754163218930938, "lr": 0.9492644337722901}, "datetime": {"datetime": "2024-06-13 17:15:19", "elapsed": 3.272799, "delta": 0.003989}}
{"target": -1416.7353911365662, "params": {"gamma": 6.392208373926592, "lr": 0.7485203200897537}, "datetime": {"datetime": "2024-06-13 17:15:19", "elapsed": 3.276788, "delta": 0.003989}}
{"target": -976.4752788582043, "params": {"gamma": 3.516897438698066, "lr": 0.91802831908618}, "datetime": {"datetime": "2024-06-13 17:15:20", "elapsed": 3.280778, "delta": 0.00399}}
{"target": -1456.6666906087248, "params": {"gamma": 8.367683746488458, "lr": 0.5520558812247628}, "datetime": {"datetime": "2024-06-13 17:15:20", "elapsed": 3.284767, "delta": 0.003989}}
{"target": -2170.6608845493292, "params": {"gamma": 8.676404468942122, "lr": 0.8498718814403323}, "datetime": {"datetime": "2024-06-13 17:15:20", "elapsed": 3.288756, "delta": 0.003989}}
{"target": -2017.9740032763625, "params": {"gamma": 8.084305154704811, "lr": 0.13069282439738805}, "datetime": {"datetime": "2024-06-13 17:15:20", "elapsed": 3.293353, "delta": 0.004597}}
{"target": -1454.6923720054688, "params": {"gamma": 5.3604897456433, "lr": 0.900783114706916}, "datetime": {"datetime": "2024-06-13 17:15:20", "elapsed": 3.29734, "delta": 0.003987}}
{"target": -1123.9723839780515, "params": {"gamma": 7.70854747370775, "lr": 0.4207131990251918}, "datetime": {"datetime": "2024-06-13 17:15:20", "elapsed": 3.301329, "delta": 0.003989}}
{"target": -1390.5858645445676, "params": {"gamma": 9.778826053206298, "lr": 0.25077315667300226}, "datetime": {"datetime": "2024-06-13 17:15:20", "elapsed": 3.305318, "delta": 0.003989}}
{"target": -927.3039914543272, "params": {"gamma": 3.336768678250129, "lr": 0.954200507429589}, "datetime": {"datetime": "2024-06-13 17:15:20", "elapsed": 3.309307, "delta": 0.003989}}
{"target": -2188.014274088442, "params": {"gamma": 8.087344766504712, "lr": 0.9003400045106619}, "datetime": {"datetime": "2024-06-13 17:15:20", "elapsed": 3.313297, "delta": 0.00399}}
{"target": -137.10597365611167, "params": {"gamma": 0.11688430450954196, "lr": 0.37976443303399476}, "datetime": {"datetime": "2024-06-13 17:15:20", "elapsed": 3.317286, "delta": 0.003989}}
{"target": -334.195387296364, "params": {"gamma": 2.355984044142083, "lr": 0.2959350518874113}, "datetime": {"datetime": "2024-06-13 17:15:20", "elapsed": 3.32327, "delta": 0.005984}}
{"target": -1618.9519842212082, "params": {"gamma": 7.380216968542006, "lr": 0.7240848448640741}, "datetime": {"datetime": "2024-06-13 17:15:20", "elapsed": 3.329254, "delta": 0.005984}}
{"target": -637.2244359037778, "params": {"gamma": 4.618532302580416, "lr": 0.3652744612070937}, "datetime": {"datetime": "2024-06-13 17:15:20", "elapsed": 3.335238, "delta": 0.005984}}
{"target": -1025.8415482341895, "params": {"gamma": 5.847331438432254, "lr": 0.5337077546342763}, "datetime": {"datetime": "2024-06-13 17:15:20", "elapsed": 3.340225, "delta": 0.004987}}
{"target": -1087.2956602147526, "params": {"gamma": 5.5062450105196135, "lr": 0.6154770711146578}, "datetime": {"datetime": "2024-06-13 17:15:20", "elapsed": 3.345212, "delta": 0.004987}}
{"target": -975.781878575289, "params": {"gamma": 3.957087074403221, "lr": 0.7717184824154584}, "datetime": {"datetime": "2024-06-13 17:15:20", "elapsed": 3.349201, "delta": 0.003989}}
{"target": -528.9917742622893, "params": {"gamma": 2.512780630310517, "lr": 0.655760767903366}, "datetime": {"datetime": "2024-06-13 17:15:20", "elapsed": 3.354189, "delta": 0.004988}}
{"target": -3427.990319167601, "params": {"gamma": 9.604011085051962, "lr": 0.0035547604644260433}, "datetime": {"datetime": "2024-06-13 17:15:20", "elapsed": 3.358177, "delta": 0.003988}}
{"target": -2031.4589367432786, "params": {"gamma": 7.233887082898668, "lr": 0.10899503392964371}, "datetime": {"datetime": "2024-06-13 17:15:20", "elapsed": 3.362168, "delta": 0.003991}}
{"target": -1125.700153355484, "params": {"gamma": 5.438331129146589, "lr": 0.6269160166803346}, "datetime": {"datetime": "2024-06-13 17:15:20", "elapsed": 3.367153, "delta": 0.004985}}
{"target": -675.7521935618807, "params": {"gamma": 2.4302283105822404, "lr": 0.9138438752466082}, "datetime": {"datetime": "2024-06-13 17:15:20", "elapsed": 3.37214, "delta": 0.004987}}
{"target": -947.2026832888282, "params": {"gamma": 6.223502974387487, "lr": 0.23169469139485988}, "datetime": {"datetime": "2024-06-13 17:15:20", "elapsed": 3.376129, "delta": 0.003989}}
{"target": -2161.9244357784746, "params": {"gamma": 7.701551743810476, "lr": 0.10550707999733477}, "datetime": {"datetime": "2024-06-13 17:15:20", "elapsed": 3.381115, "delta": 0.004986}}
{"target": -1702.7430316364635, "params": {"gamma": 5.552697959994914, "lr": 0.0949560698024915}, "datetime": {"datetime": "2024-06-13 17:15:20", "elapsed": 3.385105, "delta": 0.00399}}
{"target": -833.2852587090936, "params": {"gamma": 5.810259742677521, "lr": 0.2529801127201884}, "datetime": {"datetime": "2024-06-13 17:15:20", "elapsed": 3.389094, "delta": 0.003989}}
{"target": -1426.9430089253674, "params": {"gamma": 6.495018612739509, "lr": 0.71582695285818}, "datetime": {"datetime": "2024-06-13 17:15:20", "elapsed": 3.393083, "delta": 0.003989}}
{"target": -1082.961104136597, "params": {"gamma": 5.242331960072044, "lr": 0.6575214077031101}, "datetime": {"datetime": "2024-06-13 17:15:20", "elapsed": 3.397074, "delta": 0.003991}}
{"target": -2042.3939716618097, "params": {"gamma": 8.133125159405232, "lr": 0.8075122716430321}, "datetime": {"datetime": "2024-06-13 17:15:20", "elapsed": 3.401062, "delta": 0.003988}}
{"target": -942.6508433940627, "params": {"gamma": 6.197200238546574, "lr": 0.45110246212077487}, "datetime": {"datetime": "2024-06-13 17:15:20", "elapsed": 3.405052, "delta": 0.00399}}
{"target": -1104.5777760703536, "params": {"gamma": 4.080091940484627, "lr": 0.8747476199043634}, "datetime": {"datetime": "2024-06-13 17:15:20", "elapsed": 3.410038, "delta": 0.004986}}
{"target": -1250.476052147199, "params": {"gamma": 7.029614389411599, "lr": 0.18493502237340165}, "datetime": {"datetime": "2024-06-13 17:15:20", "elapsed": 3.414028, "delta": 0.00399}}
{"target": -1534.610103856542, "params": {"gamma": 5.657755734146004, "lr": 0.9088080323000569}, "datetime": {"datetime": "2024-06-13 17:15:20", "elapsed": 3.418017, "delta": 0.003989}}
{"target": -398.3750604343986, "params": {"gamma": 1.5077492324904636, "lr": 0.8455176755307064}, "datetime": {"datetime": "2024-06-13 17:15:20", "elapsed": 3.422006, "delta": 0.003989}}
{"target": -1248.5424418538125, "params": {"gamma": 8.202204460687183, "lr": 0.4993411012978345}, "datetime": {"datetime": "2024-06-13 17:15:20", "elapsed": 3.425996, "delta": 0.00399}}
{"target": -144.9009768262331, "params": {"gamma": 0.37680093100554635, "lr": 0.14750250539693543}, "datetime": {"datetime": "2024-06-13 17:15:20", "elapsed": 3.429985, "delta": 0.003989}}
{"target": -3293.3955741819973, "params": {"gamma": 9.226464308192023, "lr": 0.04415479603186245}, "datetime": {"datetime": "2024-06-13 17:15:20", "elapsed": 3.433975, "delta": 0.00399}}
{"target": -741.2247553947043, "params": {"gamma": 3.7256151652871896, "lr": 0.6190396347254709}, "datetime": {"datetime": "2024-06-13 17:15:20", "elapsed": 3.437964, "delta": 0.003989}}
{"target": -556.423046671204, "params": {"gamma": 1.9702834411012529, "lr": 0.9810797572402973}, "datetime": {"datetime": "2024-06-13 17:15:20", "elapsed": 3.441953, "delta": 0.003989}}
{"target": -296.8975980113601, "params": {"gamma": 1.5605963552011808, "lr": 0.5396791951612744}, "datetime": {"datetime": "2024-06-13 17:15:20", "elapsed": 3.44694, "delta": 0.004987}}
{"target": -940.7778170817646, "params": {"gamma": 6.180495232142101, "lr": 0.2309899486697039}, "datetime": {"datetime": "2024-06-13 17:15:20", "elapsed": 3.450929, "delta": 0.003989}}
{"target": -718.9123030817814, "params": {"gamma": 4.663623583104205, "lr": 0.49100852913292925}, "datetime": {"datetime": "2024-06-13 17:15:20", "elapsed": 3.454918, "delta": 0.003989}}
{"target": -1582.6185865630544, "params": {"gamma": 7.668856900889094, "lr": 0.6342807527738734}, "datetime": {"datetime": "2024-06-13 17:15:20", "elapsed": 3.458908, "delta": 0.00399}}
{"target": -1022.3343071415759, "params": {"gamma": 4.676032980600331, "lr": 0.6669425431939752}, "datetime": {"datetime": "2024-06-13 17:15:20", "elapsed": 3.462897, "delta": 0.003989}}
