{"target": -159.82458308283574, "params": {"gamma": 0.46548205758633604, "prior": 4.691938262951814, "rate": 6.54336650017196}, "datetime": {"datetime": "2024-06-14 12:57:24", "elapsed": 13.225995, "delta": 0.009976}}
{"target": -244.0560220001874, "params": {"gamma": 2.1262506191650012, "prior": 4.059501088269441, "rate": 4.976881207213625}, "datetime": {"datetime": "2024-06-14 12:57:24", "elapsed": 13.234973, "delta": 0.008978}}
{"target": -794.642256467043, "params": {"gamma": 9.549084662565308, "prior": 8.786706772952215, "rate": 8.740622431637016}, "datetime": {"datetime": "2024-06-14 12:57:24", "elapsed": 13.245178, "delta": 0.010205}}
{"target": -632.9025600742382, "params": {"gamma": 9.966008787860254, "prior": 7.7571875030905035, "rate": 2.031395720720704}, "datetime": {"datetime": "2024-06-14 12:57:24", "elapsed": 13.25529, "delta": 0.010112}}
{"target": -972.2346359344597, "params": {"gamma": 8.399033519310658, "prior": 1.7458576605066427, "rate": 8.890981709818412}, "datetime": {"datetime": "2024-06-14 12:57:24", "elapsed": 13.264551, "delta": 0.009261}}
{"target": -366.02488366708326, "params": {"gamma": 3.3864593795504314, "prior": 2.950652172676902, "rate": 6.06262377611874}, "datetime": {"datetime": "2024-06-14 12:57:24", "elapsed": 13.274138, "delta": 0.009587}}
{"target": -158.37751659211918, "params": {"gamma": 0.6070548531937172, "prior": 9.080172928574301, "rate": 3.8113259129552914}, "datetime": {"datetime": "2024-06-14 12:57:24", "elapsed": 13.284111, "delta": 0.009973}}
{"target": -662.5117808977486, "params": {"gamma": 7.900041725850161, "prior": 7.134419608014303, "rate": 7.0417771519431795}, "datetime": {"datetime": "2024-06-14 12:57:24", "elapsed": 13.294085, "delta": 0.009974}}
{"target": -496.3739680408447, "params": {"gamma": 5.326729042736205, "prior": 4.720087553406988, "rate": 6.454333923418758}, "datetime": {"datetime": "2024-06-14 12:57:24", "elapsed": 13.304058, "delta": 0.009973}}
{"target": -745.1267953650805, "params": {"gamma": 6.916080494254339, "prior": 2.434600133254994, "rate": 7.538328274742676}, "datetime": {"datetime": "2024-06-14 12:57:24", "elapsed": 13.314031, "delta": 0.009973}}
{"target": -760.5143066004381, "params": {"gamma": 9.366235064689338, "prior": 8.169466711621713, "rate": 7.306366078682459}, "datetime": {"datetime": "2024-06-14 12:57:24", "elapsed": 13.324005, "delta": 0.009974}}
{"target": -1032.5065487059385, "params": {"gamma": 8.217287677383837, "prior": 0.1688536836406846, "rate": 1.7490656420010366}, "datetime": {"datetime": "2024-06-14 12:57:24", "elapsed": 13.333978, "delta": 0.009973}}
{"target": -340.53905563664387, "params": {"gamma": 3.4204500359621868, "prior": 7.36182952566306, "rate": 9.783754518567227}, "datetime": {"datetime": "2024-06-14 12:57:24", "elapsed": 13.343952, "delta": 0.009974}}
{"target": -716.3843362682203, "params": {"gamma": 7.329045588922614, "prior": 4.842030034998996, "rate": 9.210597067436987}, "datetime": {"datetime": "2024-06-14 12:57:24", "elapsed": 13.353925, "delta": 0.009973}}
{"target": -262.53075706440455, "params": {"gamma": 3.7776137015044906, "prior": 6.452737261640754, "rate": 0.01604319738412774}, "datetime": {"datetime": "2024-06-14 12:57:24", "elapsed": 13.362901, "delta": 0.008976}}
{"target": -224.43705385020485, "params": {"gamma": 1.794416084834932, "prior": 3.0189038120395777, "rate": 3.8705109944468274}, "datetime": {"datetime": "2024-06-14 12:57:24", "elapsed": 13.372876, "delta": 0.009975}}
{"target": -334.6399119365109, "params": {"gamma": 4.598745249224747, "prior": 7.987515713645756, "rate": 2.7991759941470526}, "datetime": {"datetime": "2024-06-14 12:57:24", "elapsed": 13.382486, "delta": 0.00961}}
{"target": -176.22675997126376, "params": {"gamma": 0.8275331899589359, "prior": 5.261564230524021, "rate": 9.81153872947284}, "datetime": {"datetime": "2024-06-14 12:57:24", "elapsed": 13.392474, "delta": 0.009988}}
{"target": -447.711612261396, "params": {"gamma": 4.00818395641571, "prior": 2.6461917102343175, "rate": 7.763638646345232}, "datetime": {"datetime": "2024-06-14 12:57:24", "elapsed": 13.401955, "delta": 0.009481}}
{"target": -866.6870184274196, "params": {"gamma": 6.156219784190765, "prior": 0.17472852864200794, "rate": 9.862064844626225}, "datetime": {"datetime": "2024-06-14 12:57:24", "elapsed": 13.411931, "delta": 0.009976}}
{"target": -503.8712422009441, "params": {"gamma": 4.889696405678729, "prior": 3.109816521594326, "rate": 6.651105432765965}, "datetime": {"datetime": "2024-06-14 12:57:24", "elapsed": 13.422409, "delta": 0.010478}}
{"target": -300.5921689714911, "params": {"gamma": 2.8563222513640976, "prior": 4.689084919733314, "rate": 6.518558892191261}, "datetime": {"datetime": "2024-06-14 12:57:24", "elapsed": 13.432385, "delta": 0.009976}}
{"target": -194.73552793933945, "params": {"gamma": 1.2196983897335782, "prior": 4.725508951667924, "rate": 7.35232222858189}, "datetime": {"datetime": "2024-06-14 12:57:24", "elapsed": 13.441393, "delta": 0.009008}}
{"target": -1287.2983439713234, "params": {"gamma": 9.605219885684939, "prior": 0.3117559709580553, "rate": 8.324959625901556}, "datetime": {"datetime": "2024-06-14 12:57:24", "elapsed": 13.451339, "delta": 0.009946}}
{"target": -773.7470815488796, "params": {"gamma": 9.391521053346748, "prior": 9.859596421590911, "rate": 9.378378518554022}, "datetime": {"datetime": "2024-06-14 12:57:24", "elapsed": 13.461313, "delta": 0.009974}}
{"target": -169.67280591819969, "params": {"gamma": 1.2933848293668193, "prior": 8.871599920049611, "rate": 1.529468431828893}, "datetime": {"datetime": "2024-06-14 12:57:24", "elapsed": 13.471288, "delta": 0.009975}}
{"target": -318.29462651495925, "params": {"gamma": 3.6058030535750842, "prior": 3.6755031909663085, "rate": 2.7985741373137722}, "datetime": {"datetime": "2024-06-14 12:57:24", "elapsed": 13.481264, "delta": 0.009976}}
{"target": -254.59621410438112, "params": {"gamma": 3.548687634297447, "prior": 5.475715491805219, "rate": 0.7860916495607814}, "datetime": {"datetime": "2024-06-14 12:57:24", "elapsed": 13.49124, "delta": 0.009976}}
{"target": -272.09432916958554, "params": {"gamma": 3.7293238414408294, "prior": 5.873866921901378, "rate": 1.3433598503872748}, "datetime": {"datetime": "2024-06-14 12:57:24", "elapsed": 13.500223, "delta": 0.008983}}
{"target": -212.13219488702484, "params": {"gamma": 2.430636464974349, "prior": 3.1965129173207756, "rate": 0.7462639779838585}, "datetime": {"datetime": "2024-06-14 12:57:24", "elapsed": 13.510569, "delta": 0.010346}}
{"target": -747.892786790389, "params": {"gamma": 8.077100262224654, "prior": 2.7076349809785905, "rate": 4.106599490946104}, "datetime": {"datetime": "2024-06-14 12:57:24", "elapsed": 13.520089, "delta": 0.00952}}
{"target": -311.1801159874252, "params": {"gamma": 4.054723246527664, "prior": 3.1168827992527173, "rate": 1.2782527317471344}, "datetime": {"datetime": "2024-06-14 12:57:24", "elapsed": 13.530273, "delta": 0.010184}}
{"target": -610.2306873545903, "params": {"gamma": 8.935700181344412, "prior": 6.8458089939758615, "rate": 2.669647727792136}, "datetime": {"datetime": "2024-06-14 12:57:24", "elapsed": 13.540247, "delta": 0.009974}}
{"target": -182.47361274080578, "params": {"gamma": 0.9252168378068174, "prior": 1.3226006592467376, "rate": 2.765087577252426}, "datetime": {"datetime": "2024-06-14 12:57:24", "elapsed": 13.550217, "delta": 0.00997}}
{"target": -163.47548587568502, "params": {"gamma": 0.49138574517622646, "prior": 1.536953953174493, "rate": 4.75082044615585}, "datetime": {"datetime": "2024-06-14 12:57:24", "elapsed": 13.56019, "delta": 0.009973}}
{"target": -874.1897317734886, "params": {"gamma": 9.359858045746865, "prior": 4.39728295824498, "rate": 7.091695404396912}, "datetime": {"datetime": "2024-06-14 12:57:24", "elapsed": 13.570163, "delta": 0.009973}}
{"target": -367.979906210761, "params": {"gamma": 5.703480436122253, "prior": 9.764817437319463, "rate": 1.7829338600348927}, "datetime": {"datetime": "2024-06-14 12:57:24", "elapsed": 13.580137, "delta": 0.009974}}
{"target": -778.7215920781516, "params": {"gamma": 7.391311728201115, "prior": 3.56902627908651, "rate": 9.912129823702113}, "datetime": {"datetime": "2024-06-14 12:57:24", "elapsed": 13.59011, "delta": 0.009973}}
{"target": -321.9635930828603, "params": {"gamma": 3.5287645393308957, "prior": 9.789953507003169, "rate": 8.603854098454429}, "datetime": {"datetime": "2024-06-14 12:57:24", "elapsed": 13.599086, "delta": 0.008976}}
{"target": -699.3220814107602, "params": {"gamma": 5.97776886311117, "prior": 0.3717347713456658, "rate": 1.8561349624416226}, "datetime": {"datetime": "2024-06-14 12:57:24", "elapsed": 13.609059, "delta": 0.009973}}
{"target": -154.43865388598195, "params": {"gamma": 0.5660612431019523, "prior": 7.945371439682299, "rate": 0.7404368885098506}, "datetime": {"datetime": "2024-06-14 12:57:24", "elapsed": 13.619032, "delta": 0.009973}}
{"target": -946.1515149298294, "params": {"gamma": 7.864807897266238, "prior": 0.37672330549397026, "rate": 2.552807324311116}, "datetime": {"datetime": "2024-06-14 12:57:24", "elapsed": 13.629006, "delta": 0.009974}}
{"target": -291.0873707380956, "params": {"gamma": 2.9765362830187123, "prior": 5.689604254646701, "rate": 5.621050378621821}, "datetime": {"datetime": "2024-06-14 12:57:24", "elapsed": 13.638979, "delta": 0.009973}}
{"target": -564.5904972975918, "params": {"gamma": 8.874122245059352, "prior": 6.41003665642897, "rate": 1.615458841587833}, "datetime": {"datetime": "2024-06-14 12:57:24", "elapsed": 13.648953, "delta": 0.009974}}
{"target": -153.80783441727766, "params": {"gamma": 0.27092093445094007, "prior": 7.6436267297477904, "rate": 5.3561524093705035}, "datetime": {"datetime": "2024-06-14 12:57:24", "elapsed": 13.657928, "delta": 0.008975}}
{"target": -538.0261239000827, "params": {"gamma": 5.786712866351162, "prior": 4.199639973876964, "rate": 5.898561065889926}, "datetime": {"datetime": "2024-06-14 12:57:24", "elapsed": 13.667902, "delta": 0.009974}}
{"target": -389.3093136224339, "params": {"gamma": 4.056908149188704, "prior": 4.512354814204365, "rate": 5.927803620451909}, "datetime": {"datetime": "2024-06-14 12:57:24", "elapsed": 13.677876, "delta": 0.009974}}
{"target": -651.7893564483674, "params": {"gamma": 4.923952760842727, "prior": 0.685123570453242, "rate": 9.767920289447702}, "datetime": {"datetime": "2024-06-14 12:57:24", "elapsed": 13.687849, "delta": 0.009973}}
{"target": -777.896966108791, "params": {"gamma": 8.55152126248045, "prior": 3.8529477154984746, "rate": 5.465701902352132}, "datetime": {"datetime": "2024-06-14 12:57:24", "elapsed": 13.697822, "delta": 0.009973}}
{"target": -944.0542049141086, "params": {"gamma": 9.328810392069327, "prior": 4.039856882837672, "rate": 9.447782220977258}, "datetime": {"datetime": "2024-06-14 12:57:25", "elapsed": 13.706798, "delta": 0.008976}}
{"target": -155.0830786944, "params": {"gamma": 0.3058322755797807, "prior": 7.483415270128151, "rate": 7.9702691040219795}, "datetime": {"datetime": "2024-06-14 12:57:25", "elapsed": 13.716771, "delta": 0.009973}}
{"target": -265.1921780146685, "params": {"gamma": 1.93915729117472, "prior": 1.7123810753953614, "rate": 5.911191778228094}, "datetime": {"datetime": "2024-06-14 12:57:25", "elapsed": 13.726746, "delta": 0.009975}}
{"target": -326.77327690426534, "params": {"gamma": 4.797437426866516, "prior": 5.906771763997412, "rate": 1.3235786977154271}, "datetime": {"datetime": "2024-06-14 12:57:25", "elapsed": 13.736718, "delta": 0.009972}}
{"target": -294.0169597356421, "params": {"gamma": 2.7780929606304388, "prior": 0.789756371223281, "rate": 1.0808592298701158}, "datetime": {"datetime": "2024-06-14 12:57:25", "elapsed": 13.746692, "delta": 0.009974}}
{"target": -932.5412149792606, "params": {"gamma": 7.164060397933428, "prior": 0.3613793596910616, "rate": 5.396963570672858}, "datetime": {"datetime": "2024-06-14 12:57:25", "elapsed": 13.756664, "delta": 0.009972}}
{"target": -269.3315551218183, "params": {"gamma": 2.9873312333774114, "prior": 8.698123271650664, "rate": 5.4508437359806505}, "datetime": {"datetime": "2024-06-14 12:57:25", "elapsed": 13.767636, "delta": 0.010972}}
{"target": -828.5107985588955, "params": {"gamma": 9.975479797714407, "prior": 5.654651317130731, "rate": 5.621416031788874}, "datetime": {"datetime": "2024-06-14 12:57:25", "elapsed": 13.77761, "delta": 0.009974}}
{"target": -348.86466274921645, "params": {"gamma": 3.351731873456963, "prior": 2.598016846624347, "rate": 4.27426940599577}, "datetime": {"datetime": "2024-06-14 12:57:25", "elapsed": 13.787583, "delta": 0.009973}}
{"target": -309.4366237220468, "params": {"gamma": 2.2725263696062235, "prior": 0.8016724751186088, "rate": 4.2510872816074885}, "datetime": {"datetime": "2024-06-14 12:57:25", "elapsed": 13.798553, "delta": 0.01097}}
{"target": -169.7174894573363, "params": {"gamma": 1.0650645144221098, "prior": 7.2588960645487015, "rate": 2.984641891979689}, "datetime": {"datetime": "2024-06-14 12:57:25", "elapsed": 13.808526, "delta": 0.009973}}
{"target": -547.3293670557213, "params": {"gamma": 4.904126225336482, "prior": 2.036274494273748, "rate": 6.808584262587829}, "datetime": {"datetime": "2024-06-14 12:57:25", "elapsed": 13.818499, "delta": 0.009973}}
{"target": -469.8015263288184, "params": {"gamma": 8.308430641906321, "prior": 2.282027181056831, "rate": 0.07907888226929988}, "datetime": {"datetime": "2024-06-14 12:57:25", "elapsed": 13.828473, "delta": 0.009974}}
{"target": -233.69124255863926, "params": {"gamma": 2.5097921802793786, "prior": 6.31359939215205, "rate": 3.1088574555471813}, "datetime": {"datetime": "2024-06-14 12:57:25", "elapsed": 13.838446, "delta": 0.009973}}
{"target": -585.2181506209231, "params": {"gamma": 8.36222517696091, "prior": 8.542118072949869, "rate": 3.7180338874028376}, "datetime": {"datetime": "2024-06-14 12:57:25", "elapsed": 13.848422, "delta": 0.009976}}
{"target": -510.57916910555923, "params": {"gamma": 3.6539795857073187, "prior": 0.2639694600704467, "rate": 5.497237804999031}, "datetime": {"datetime": "2024-06-14 12:57:25", "elapsed": 13.858395, "delta": 0.009973}}
{"target": -187.01919994179465, "params": {"gamma": 1.5435516702923755, "prior": 1.2155274275217443, "rate": 0.5343279544192256}, "datetime": {"datetime": "2024-06-14 12:57:25", "elapsed": 13.868368, "delta": 0.009973}}
{"target": -186.60337769007728, "params": {"gamma": 1.7936587903460857, "prior": 1.6437150285544317, "rate": 0.3558683019833646}, "datetime": {"datetime": "2024-06-14 12:57:25", "elapsed": 13.878342, "delta": 0.009974}}
{"target": -723.0270112586227, "params": {"gamma": 9.82434211273752, "prior": 6.617214564837837, "rate": 3.8705537217530446}, "datetime": {"datetime": "2024-06-14 12:57:25", "elapsed": 13.888315, "delta": 0.009973}}
{"target": -176.19076547999035, "params": {"gamma": 0.6257922981876658, "prior": 0.5677285559900357, "rate": 8.049719394631913}, "datetime": {"datetime": "2024-06-14 12:57:25", "elapsed": 13.898288, "delta": 0.009973}}
{"target": -409.7117368590801, "params": {"gamma": 4.228375279460253, "prior": 1.1717762927933444, "rate": 1.6711743461337876}, "datetime": {"datetime": "2024-06-14 12:57:25", "elapsed": 13.908262, "delta": 0.009974}}
{"target": -436.99505829089986, "params": {"gamma": 6.802265132639049, "prior": 4.329618010053698, "rate": 0.9689860913418493}, "datetime": {"datetime": "2024-06-14 12:57:25", "elapsed": 13.918235, "delta": 0.009973}}
{"target": -475.7231024623751, "params": {"gamma": 3.920704589637105, "prior": 0.5430825876121436, "rate": 2.710990200499908}, "datetime": {"datetime": "2024-06-14 12:57:25", "elapsed": 13.928209, "delta": 0.009974}}
{"target": -491.4443511643216, "params": {"gamma": 5.031293904777502, "prior": 4.6290449340530495, "rate": 7.686577408158113}, "datetime": {"datetime": "2024-06-14 12:57:25", "elapsed": 13.938182, "delta": 0.009973}}
{"target": -182.6326036237144, "params": {"gamma": 1.6031430865858975, "prior": 5.149437940488653, "rate": 1.4161287835344174}, "datetime": {"datetime": "2024-06-14 12:57:25", "elapsed": 13.947663, "delta": 0.009481}}
{"target": -197.03934073737634, "params": {"gamma": 1.8945065357360218, "prior": 4.157996176719801, "rate": 1.4594799700408772}, "datetime": {"datetime": "2024-06-14 12:57:25", "elapsed": 13.957636, "delta": 0.009973}}
{"target": -567.1394715876686, "params": {"gamma": 5.623712931107031, "prior": 4.6067950147829295, "rate": 9.42102448081776}, "datetime": {"datetime": "2024-06-14 12:57:25", "elapsed": 13.967457, "delta": 0.009821}}
{"target": -788.1537574661874, "params": {"gamma": 6.700279053399254, "prior": 1.1211081382406665, "rate": 6.071461447289983}, "datetime": {"datetime": "2024-06-14 12:57:25", "elapsed": 13.977431, "delta": 0.009974}}
{"target": -399.9322283152356, "params": {"gamma": 4.203872166556974, "prior": 5.056256533803172, "rate": 6.558399608979977}, "datetime": {"datetime": "2024-06-14 12:57:25", "elapsed": 13.987404, "delta": 0.009973}}
{"target": -229.12300179056803, "params": {"gamma": 1.857995271651951, "prior": 3.659391503666097, "rate": 4.80431758722436}, "datetime": {"datetime": "2024-06-14 12:57:25", "elapsed": 13.997377, "delta": 0.009973}}
{"target": -594.1250700394017, "params": {"gamma": 6.148214863550358, "prior": 2.9270157375806125, "rate": 5.028231781609626}, "datetime": {"datetime": "2024-06-14 12:57:25", "elapsed": 14.00735, "delta": 0.009973}}
{"target": -255.39993934174242, "params": {"gamma": 2.786182582989594, "prior": 5.766659556664776, "rate": 3.423551750452962}, "datetime": {"datetime": "2024-06-14 12:57:25", "elapsed": 14.017324, "delta": 0.009974}}
{"target": -732.3358124244146, "params": {"gamma": 8.3917704255985, "prior": 6.890536777175542, "rate": 8.16146205993121}, "datetime": {"datetime": "2024-06-14 12:57:25", "elapsed": 14.027328, "delta": 0.010004}}
{"target": -227.9128715046995, "params": {"gamma": 1.5433064281287947, "prior": 1.933417151252388, "rate": 5.426405215883123}, "datetime": {"datetime": "2024-06-14 12:57:25", "elapsed": 14.03727, "delta": 0.009942}}
{"target": -160.35972006557486, "params": {"gamma": 0.6149211908273852, "prior": 5.426779331886682, "rate": 3.360634014854361}, "datetime": {"datetime": "2024-06-14 12:57:25", "elapsed": 14.046753, "delta": 0.009483}}
{"target": -237.32742109908017, "params": {"gamma": 3.2452188194691933, "prior": 2.3755465724366975, "rate": 0.0478627093242713}, "datetime": {"datetime": "2024-06-14 12:57:25", "elapsed": 14.056725, "delta": 0.009972}}
{"target": -491.20456672577296, "params": {"gamma": 6.87104638723164, "prior": 7.552533805640476, "rate": 3.383495876309245}, "datetime": {"datetime": "2024-06-14 12:57:25", "elapsed": 14.066698, "delta": 0.009973}}
{"target": -397.7313962797127, "params": {"gamma": 4.698566381850696, "prior": 7.994084512409785, "rate": 6.475029921813591}, "datetime": {"datetime": "2024-06-14 12:57:25", "elapsed": 14.076672, "delta": 0.009974}}
{"target": -154.5670223986278, "params": {"gamma": 0.23075873965417942, "prior": 2.91132760594111, "rate": 9.543993923653835}, "datetime": {"datetime": "2024-06-14 12:57:25", "elapsed": 14.086645, "delta": 0.009973}}
{"target": -923.176654702421, "params": {"gamma": 8.831663399364862, "prior": 3.3196577156813976, "rate": 9.106428259046453}, "datetime": {"datetime": "2024-06-14 12:57:25", "elapsed": 14.096619, "delta": 0.009974}}
{"target": -446.80466631204604, "params": {"gamma": 4.792271643587237, "prior": 2.1004803357874806, "rate": 2.7152226317759873}, "datetime": {"datetime": "2024-06-14 12:57:25", "elapsed": 14.106592, "delta": 0.009973}}
{"target": -331.15632066404896, "params": {"gamma": 2.4105781820003296, "prior": 0.6501970175159, "rate": 4.371923976318957}, "datetime": {"datetime": "2024-06-14 12:57:25", "elapsed": 14.116149, "delta": 0.009557}}
{"target": -760.5976997780472, "params": {"gamma": 9.045924292349737, "prior": 5.304998895374705, "rate": 5.45501927258241}, "datetime": {"datetime": "2024-06-14 12:57:25", "elapsed": 14.126123, "delta": 0.009974}}
{"target": -277.67667449765133, "params": {"gamma": 2.270769102045196, "prior": 0.5593682144374752, "rate": 1.2589544199559672}, "datetime": {"datetime": "2024-06-14 12:57:25", "elapsed": 14.136096, "delta": 0.009973}}
{"target": -242.7624048849685, "params": {"gamma": 2.152041802423628, "prior": 8.746594812552626, "rate": 9.883297769252295}, "datetime": {"datetime": "2024-06-14 12:57:25", "elapsed": 14.146069, "delta": 0.009973}}
{"target": -152.69585884394286, "params": {"gamma": 0.17864471946155067, "prior": 4.488768556876849, "rate": 3.6926037105639593}, "datetime": {"datetime": "2024-06-14 12:57:25", "elapsed": 14.156129, "delta": 0.01006}}
{"target": -423.56183720359087, "params": {"gamma": 5.365099171557174, "prior": 6.203575904526908, "rate": 3.9606016122470797}, "datetime": {"datetime": "2024-06-14 12:57:25", "elapsed": 14.165611, "delta": 0.009482}}
{"target": -182.87682542765816, "params": {"gamma": 1.8394567778102808, "prior": 5.8942150336226105, "rate": 0.33393439959498467}, "datetime": {"datetime": "2024-06-14 12:57:25", "elapsed": 14.175584, "delta": 0.009973}}
{"target": -532.3292796985387, "params": {"gamma": 8.939882672498515, "prior": 6.47966689423678, "rate": 0.9463480982929026}, "datetime": {"datetime": "2024-06-14 12:57:25", "elapsed": 14.185558, "delta": 0.009974}}
{"target": -462.7475565406841, "params": {"gamma": 5.514198481896219, "prior": 1.37684577932591, "rate": 1.189089580581743}, "datetime": {"datetime": "2024-06-14 12:57:25", "elapsed": 14.195531, "delta": 0.009973}}
{"target": -266.15740805737545, "params": {"gamma": 2.656223467019746, "prior": 7.652792185558542, "rate": 6.982511237812883}, "datetime": {"datetime": "2024-06-14 12:57:25", "elapsed": 14.205504, "delta": 0.009973}}
{"target": -559.7953145561452, "params": {"gamma": 5.5889624922088075, "prior": 2.626743526039231, "rate": 5.1791698014639245}, "datetime": {"datetime": "2024-06-14 12:57:25", "elapsed": 14.215478, "delta": 0.009974}}
