{"target": -111.64334314550578, "params": {"gamma": 1.0947197590216522, "lr": 0.673041054216622}, "datetime": {"datetime": "2024-06-13 19:33:51", "elapsed": 1.632725, "delta": 0.003989}}
{"target": -414.6579493410053, "params": {"gamma": 4.999823778620901, "lr": 0.777098229275783}, "datetime": {"datetime": "2024-06-13 19:33:51", "elapsed": 1.635717, "delta": 0.002992}}
{"target": -301.2728029664077, "params": {"gamma": 1.4369263717442184, "lr": 0.08320263643587555}, "datetime": {"datetime": "2024-06-13 19:33:51", "elapsed": 1.639707, "delta": 0.00399}}
{"target": -332.7084115185862, "params": {"gamma": 3.9927868349191855, "lr": 0.7969622519799001}, "datetime": {"datetime": "2024-06-13 19:33:51", "elapsed": 1.643696, "delta": 0.003989}}
{"target": -168.60925471449394, "params": {"gamma": 1.917565713359991, "lr": 0.767777192147274}, "datetime": {"datetime": "2024-06-13 19:33:51", "elapsed": 1.646688, "delta": 0.002992}}
{"target": -483.28364958827297, "params": {"gamma": 2.90368967262162, "lr": 0.21689148761179533}, "datetime": {"datetime": "2024-06-13 19:33:51", "elapsed": 1.650677, "delta": 0.003989}}
{"target": -123.6967217868586, "params": {"gamma": 0.1681391751809873, "lr": 0.3986590599223787}, "datetime": {"datetime": "2024-06-13 19:33:51", "elapsed": 1.654667, "delta": 0.00399}}
{"target": -320.7957478923392, "params": {"gamma": 3.8114338314432303, "lr": 0.6593449361953647}, "datetime": {"datetime": "2024-06-13 19:33:51", "elapsed": 1.658656, "delta": 0.003989}}
{"target": -147.05793891494343, "params": {"gamma": 0.7101130863034019, "lr": 0.15260398704227185}, "datetime": {"datetime": "2024-06-13 19:33:51", "elapsed": 1.661648, "delta": 0.002992}}
{"target": -134.2784763525582, "params": {"gamma": 0.16674225312644053, "lr": 0.11379635644740682}, "datetime": {"datetime": "2024-06-13 19:33:51", "elapsed": 1.665636, "delta": 0.003988}}
{"target": -496.115696743856, "params": {"gamma": 6.518240970824895, "lr": 0.4026568521749192}, "datetime": {"datetime": "2024-06-13 19:33:51", "elapsed": 1.668629, "delta": 0.002993}}
{"target": -256.46277441478327, "params": {"gamma": 3.2109421153589914, "lr": 0.5579119942437725}, "datetime": {"datetime": "2024-06-13 19:33:51", "elapsed": 1.672619, "delta": 0.00399}}
{"target": -802.5317829444162, "params": {"gamma": 9.9346111705354, "lr": 0.8344865140180296}, "datetime": {"datetime": "2024-06-13 19:33:51", "elapsed": 1.676608, "delta": 0.003989}}
{"target": -598.2708335727756, "params": {"gamma": 6.99653220081344, "lr": 0.9182585891320579}, "datetime": {"datetime": "2024-06-13 19:33:51", "elapsed": 1.6796, "delta": 0.002992}}
{"target": -142.26532237046837, "params": {"gamma": 0.3982473381241651, "lr": 0.07033344161552524}, "datetime": {"datetime": "2024-06-13 19:33:51", "elapsed": 1.683589, "delta": 0.003989}}
{"target": -388.36774994739716, "params": {"gamma": 4.740588893590559, "lr": 0.3491674129570773}, "datetime": {"datetime": "2024-06-13 19:33:51", "elapsed": 1.687581, "delta": 0.003992}}
{"target": -703.3262294809988, "params": {"gamma": 9.37258336922236, "lr": 0.48956496114516856}, "datetime": {"datetime": "2024-06-13 19:33:51", "elapsed": 1.690571, "delta": 0.00299}}
{"target": -451.7422286481002, "params": {"gamma": 5.396951451823413, "lr": 0.8952603657312208}, "datetime": {"datetime": "2024-06-13 19:33:51", "elapsed": 1.69456, "delta": 0.003989}}
{"target": -374.9270483173073, "params": {"gamma": 4.466903823191082, "lr": 0.8770343892703519}, "datetime": {"datetime": "2024-06-13 19:33:51", "elapsed": 1.698549, "delta": 0.003989}}
{"target": -272.3378796807088, "params": {"gamma": 2.536563911966912, "lr": 0.27380970415810857}, "datetime": {"datetime": "2024-06-13 19:33:51", "elapsed": 1.701541, "delta": 0.002992}}
{"target": -261.8693297907288, "params": {"gamma": 3.284285539485814, "lr": 0.5475642704809535}, "datetime": {"datetime": "2024-06-13 19:33:51", "elapsed": 1.705531, "delta": 0.00399}}
{"target": -188.32847132306946, "params": {"gamma": 2.2020666115957854, "lr": 0.6714291710812733}, "datetime": {"datetime": "2024-06-13 19:33:51", "elapsed": 1.708522, "delta": 0.002991}}
{"target": -299.8057044516067, "params": {"gamma": 1.4287900347472011, "lr": 0.09410027449963942}, "datetime": {"datetime": "2024-06-13 19:33:51", "elapsed": 1.712514, "delta": 0.003992}}
{"target": -1398.575197435762, "params": {"gamma": 8.70204727030757, "lr": 0.23686870355699852}, "datetime": {"datetime": "2024-06-13 19:33:51", "elapsed": 1.716503, "delta": 0.003989}}
{"target": -310.12712883527036, "params": {"gamma": 3.8606541062149327, "lr": 0.5715420927253323}, "datetime": {"datetime": "2024-06-13 19:33:51", "elapsed": 1.719495, "delta": 0.002992}}
{"target": -1030.1377514538826, "params": {"gamma": 5.258493897544749, "lr": 0.07602387944210687}, "datetime": {"datetime": "2024-06-13 19:33:51", "elapsed": 1.723485, "delta": 0.00399}}
{"target": -746.515639416014, "params": {"gamma": 8.741385230044685, "lr": 0.9511356184186921}, "datetime": {"datetime": "2024-06-13 19:33:51", "elapsed": 1.727474, "delta": 0.003989}}
{"target": -804.3023377055985, "params": {"gamma": 8.125260534442543, "lr": 0.2838018349468743}, "datetime": {"datetime": "2024-06-13 19:33:51", "elapsed": 1.730466, "delta": 0.002992}}
{"target": -429.81084076451356, "params": {"gamma": 5.278940114383477, "lr": 0.3394167240176095}, "datetime": {"datetime": "2024-06-13 19:33:51", "elapsed": 1.734455, "delta": 0.003989}}
{"target": -475.26340655353005, "params": {"gamma": 5.54711844056588, "lr": 0.9744034689130026}, "datetime": {"datetime": "2024-06-13 19:33:51", "elapsed": 1.738445, "delta": 0.00399}}
{"target": -258.8572783764785, "params": {"gamma": 3.1177174742720952, "lr": 0.6687966059228697}, "datetime": {"datetime": "2024-06-13 19:33:51", "elapsed": 1.741437, "delta": 0.002992}}
{"target": -273.6268008798877, "params": {"gamma": 3.26034610588255, "lr": 0.7744772660150796}, "datetime": {"datetime": "2024-06-13 19:33:51", "elapsed": 1.745426, "delta": 0.003989}}
{"target": -275.98925590347545, "params": {"gamma": 3.258773856165435, "lr": 0.889827341447375}, "datetime": {"datetime": "2024-06-13 19:33:51", "elapsed": 1.748418, "delta": 0.002992}}
{"target": -620.6710152221427, "params": {"gamma": 7.51732550147175, "lr": 0.7626320954451107}, "datetime": {"datetime": "2024-06-13 19:33:51", "elapsed": 1.752408, "delta": 0.00399}}
{"target": -772.7796604538487, "params": {"gamma": 4.695320806570698, "lr": 0.21076450246870537}, "datetime": {"datetime": "2024-06-13 19:33:51", "elapsed": 1.756397, "delta": 0.003989}}
{"target": -116.06539908645914, "params": {"gamma": 0.4157093206854123, "lr": 0.3218287999702445}, "datetime": {"datetime": "2024-06-13 19:33:51", "elapsed": 1.759389, "delta": 0.002992}}
{"target": -94.07295190646771, "params": {"gamma": 0.3720895322754502, "lr": 0.6938554113738997}, "datetime": {"datetime": "2024-06-13 19:33:51", "elapsed": 1.763378, "delta": 0.003989}}
{"target": -502.938173475593, "params": {"gamma": 6.703829969329749, "lr": 0.430471782744975}, "datetime": {"datetime": "2024-06-13 19:33:51", "elapsed": 1.767367, "delta": 0.003989}}
{"target": -593.348760333202, "params": {"gamma": 7.678121987604072, "lr": 0.5360084947395637}, "datetime": {"datetime": "2024-06-13 19:33:51", "elapsed": 1.77036, "delta": 0.002993}}
{"target": -133.92918310420455, "params": {"gamma": 0.3995594064278903, "lr": 0.13479311796067905}, "datetime": {"datetime": "2024-06-13 19:33:51", "elapsed": 1.774349, "delta": 0.003989}}
{"target": -179.07062443125508, "params": {"gamma": 1.9349705737501688, "lr": 0.3356638011646498}, "datetime": {"datetime": "2024-06-13 19:33:51", "elapsed": 1.778338, "delta": 0.003989}}
{"target": -94.2327294212028, "params": {"gamma": 0.52407715142833, "lr": 0.6051167805003662}, "datetime": {"datetime": "2024-06-13 19:33:51", "elapsed": 1.782327, "delta": 0.003989}}
{"target": -431.03922931941287, "params": {"gamma": 5.121098214211664, "lr": 0.6174610120171561}, "datetime": {"datetime": "2024-06-13 19:33:51", "elapsed": 1.785319, "delta": 0.002992}}
{"target": -351.78999948809184, "params": {"gamma": 4.324123592048677, "lr": 0.8477004682374377}, "datetime": {"datetime": "2024-06-13 19:33:51", "elapsed": 1.789309, "delta": 0.00399}}
{"target": -891.2692403692223, "params": {"gamma": 4.541136501535455, "lr": 0.015403519791920894}, "datetime": {"datetime": "2024-06-13 19:33:51", "elapsed": 1.793298, "delta": 0.003989}}
{"target": -722.8906208135691, "params": {"gamma": 8.730808416322548, "lr": 0.6562015477440989}, "datetime": {"datetime": "2024-06-13 19:33:51", "elapsed": 1.79629, "delta": 0.002992}}
{"target": -703.0774748865782, "params": {"gamma": 8.23020740344406, "lr": 0.9517756930338517}, "datetime": {"datetime": "2024-06-13 19:33:51", "elapsed": 1.800279, "delta": 0.003989}}
{"target": -136.15697289773306, "params": {"gamma": 0.5100729227853552, "lr": 0.23507186409101455}, "datetime": {"datetime": "2024-06-13 19:33:51", "elapsed": 1.803273, "delta": 0.002994}}
{"target": -104.7477700494178, "params": {"gamma": 0.6343710911199417, "lr": 0.4216578860324509}, "datetime": {"datetime": "2024-06-13 19:33:51", "elapsed": 1.807261, "delta": 0.003988}}
{"target": -1685.5687655954912, "params": {"gamma": 8.638427625869019, "lr": 0.0816239827150681}, "datetime": {"datetime": "2024-06-13 19:33:51", "elapsed": 1.811251, "delta": 0.00399}}
{"target": -781.582722408837, "params": {"gamma": 4.7316464169059, "lr": 0.12554310980872363}, "datetime": {"datetime": "2024-06-13 19:33:51", "elapsed": 1.815239, "delta": 0.003988}}
{"target": -625.0458590150403, "params": {"gamma": 7.729083136069011, "lr": 0.8414221567958434}, "datetime": {"datetime": "2024-06-13 19:33:51", "elapsed": 1.818231, "delta": 0.002992}}
{"target": -102.28656951538387, "params": {"gamma": 0.4338660909233998, "lr": 0.48644074317039476}, "datetime": {"datetime": "2024-06-13 19:33:51", "elapsed": 1.822221, "delta": 0.00399}}
{"target": -211.5592965972829, "params": {"gamma": 2.3948710303334217, "lr": 0.9524737816932592}, "datetime": {"datetime": "2024-06-13 19:33:51", "elapsed": 1.82621, "delta": 0.003989}}
{"target": -789.0023770472342, "params": {"gamma": 9.438982385210178, "lr": 0.6139340023847009}, "datetime": {"datetime": "2024-06-13 19:33:51", "elapsed": 1.829202, "delta": 0.002992}}
{"target": -774.5972169146513, "params": {"gamma": 9.734900485854638, "lr": 0.344861343716251}, "datetime": {"datetime": "2024-06-13 19:33:51", "elapsed": 1.833192, "delta": 0.00399}}
{"target": -666.6005715407455, "params": {"gamma": 8.97860932595915, "lr": 0.4345949734085095}, "datetime": {"datetime": "2024-06-13 19:33:51", "elapsed": 1.83721, "delta": 0.004018}}
{"target": -208.65846509283972, "params": {"gamma": 2.35891055683799, "lr": 0.9408279632013994}, "datetime": {"datetime": "2024-06-13 19:33:51", "elapsed": 1.840813, "delta": 0.003603}}
{"target": -1337.2070561528142, "params": {"gamma": 6.842496291781293, "lr": 0.06491158533912933}, "datetime": {"datetime": "2024-06-13 19:33:51", "elapsed": 1.843801, "delta": 0.002988}}
{"target": -706.2805104479445, "params": {"gamma": 8.704378143373837, "lr": 0.7013802946333463}, "datetime": {"datetime": "2024-06-13 19:33:51", "elapsed": 1.84779, "delta": 0.003989}}
{"target": -505.5225370706363, "params": {"gamma": 6.049663802869843, "lr": 0.7323748991793305}, "datetime": {"datetime": "2024-06-13 19:33:51", "elapsed": 1.851779, "delta": 0.003989}}
{"target": -220.3999424962789, "params": {"gamma": 2.535136985955308, "lr": 0.6004889552745444}, "datetime": {"datetime": "2024-06-13 19:33:51", "elapsed": 1.854771, "delta": 0.002992}}
{"target": -1590.1171769352493, "params": {"gamma": 8.146377193435292, "lr": 0.05411366032399989}, "datetime": {"datetime": "2024-06-13 19:33:51", "elapsed": 1.85876, "delta": 0.003989}}
{"target": -122.41462575568681, "params": {"gamma": 1.3059762027213204, "lr": 0.8424458099564136}, "datetime": {"datetime": "2024-06-13 19:33:51", "elapsed": 1.86275, "delta": 0.00399}}
{"target": -479.9532373874644, "params": {"gamma": 6.183840347409528, "lr": 0.531287810481058}, "datetime": {"datetime": "2024-06-13 19:33:51", "elapsed": 1.865743, "delta": 0.002993}}
{"target": -245.27300399279275, "params": {"gamma": 2.483658999241989, "lr": 0.2950785752494959}, "datetime": {"datetime": "2024-06-13 19:33:51", "elapsed": 1.869731, "delta": 0.003988}}
{"target": -657.2170562960846, "params": {"gamma": 8.726988963029699, "lr": 0.42166593484970927}, "datetime": {"datetime": "2024-06-13 19:33:51", "elapsed": 1.873721, "delta": 0.00399}}
{"target": -89.64558931697196, "params": {"gamma": 0.6452381255404884, "lr": 0.8969850695075825}, "datetime": {"datetime": "2024-06-13 19:33:51", "elapsed": 1.87771, "delta": 0.003989}}
{"target": -174.65844227497976, "params": {"gamma": 2.0346049474076864, "lr": 0.8262275354923914}, "datetime": {"datetime": "2024-06-13 19:33:51", "elapsed": 1.8817, "delta": 0.00399}}
{"target": -662.2924419809177, "params": {"gamma": 8.81782446020499, "lr": 0.48675074481833813}, "datetime": {"datetime": "2024-06-13 19:33:51", "elapsed": 1.884691, "delta": 0.002991}}
{"target": -464.8851736974043, "params": {"gamma": 5.98504846635326, "lr": 0.527267456485417}, "datetime": {"datetime": "2024-06-13 19:33:51", "elapsed": 1.888286, "delta": 0.003595}}
{"target": -506.00017013626103, "params": {"gamma": 6.248588120560806, "lr": 0.8550417213473515}, "datetime": {"datetime": "2024-06-13 19:33:51", "elapsed": 1.892275, "delta": 0.003989}}
{"target": -240.74900730822705, "params": {"gamma": 2.8221123446002014, "lr": 0.8837555081806009}, "datetime": {"datetime": "2024-06-13 19:33:51", "elapsed": 1.896264, "delta": 0.003989}}
{"target": -1076.382085977014, "params": {"gamma": 5.677335610861374, "lr": 0.11510304096690338}, "datetime": {"datetime": "2024-06-13 19:33:51", "elapsed": 1.899256, "delta": 0.002992}}
{"target": -191.4155998518172, "params": {"gamma": 2.270784650981365, "lr": 0.5959823856130138}, "datetime": {"datetime": "2024-06-13 19:33:51", "elapsed": 1.903246, "delta": 0.00399}}
{"target": -408.9991968309697, "params": {"gamma": 2.395222922809899, "lr": 0.13141566053746057}, "datetime": {"datetime": "2024-06-13 19:33:51", "elapsed": 1.907235, "delta": 0.003989}}
{"target": -143.57765004700698, "params": {"gamma": 1.6193152935242277, "lr": 0.8448725182357391}, "datetime": {"datetime": "2024-06-13 19:33:51", "elapsed": 1.911225, "delta": 0.00399}}
{"target": -515.5584199326775, "params": {"gamma": 6.022234355273215, "lr": 0.9635670871883419}, "datetime": {"datetime": "2024-06-13 19:33:51", "elapsed": 1.915214, "delta": 0.003989}}
{"target": -279.4512508020797, "params": {"gamma": 3.4574464537469587, "lr": 0.5956250981349497}, "datetime": {"datetime": "2024-06-13 19:33:51", "elapsed": 1.918206, "delta": 0.002992}}
{"target": -502.95698617778527, "params": {"gamma": 5.9902539044452245, "lr": 0.6157042872039488}, "datetime": {"datetime": "2024-06-13 19:33:51", "elapsed": 1.922196, "delta": 0.00399}}
{"target": -89.47432331622119, "params": {"gamma": 0.5927128946500382, "lr": 0.7503171845746859}, "datetime": {"datetime": "2024-06-13 19:33:51", "elapsed": 1.926184, "delta": 0.003988}}
{"target": -730.3856430592673, "params": {"gamma": 9.482146772378064, "lr": 0.5346790571795887}, "datetime": {"datetime": "2024-06-13 19:33:51", "elapsed": 1.930174, "delta": 0.00399}}
{"target": -169.26963386501635, "params": {"gamma": 1.926367653529729, "lr": 0.7529259149799422}, "datetime": {"datetime": "2024-06-13 19:33:51", "elapsed": 1.933166, "delta": 0.002992}}
{"target": -137.84587262528427, "params": {"gamma": 0.07418237430931014, "lr": 0.32825610365078084}, "datetime": {"datetime": "2024-06-13 19:33:51", "elapsed": 1.937155, "delta": 0.003989}}
{"target": -720.8707681461501, "params": {"gamma": 9.176145870096288, "lr": 0.5883673328938768}, "datetime": {"datetime": "2024-06-13 19:33:51", "elapsed": 1.941145, "delta": 0.00399}}
{"target": -715.4022112693192, "params": {"gamma": 8.55204764875745, "lr": 0.6046720523491877}, "datetime": {"datetime": "2024-06-13 19:33:51", "elapsed": 1.945134, "delta": 0.003989}}
{"target": -686.2645564337606, "params": {"gamma": 8.225958947086186, "lr": 0.8794835234293169}, "datetime": {"datetime": "2024-06-13 19:33:51", "elapsed": 1.948126, "delta": 0.002992}}
{"target": -616.841273988061, "params": {"gamma": 3.210542758870008, "lr": 0.12295477155217849}, "datetime": {"datetime": "2024-06-13 19:33:51", "elapsed": 1.952115, "delta": 0.003989}}
{"target": -539.5748309867218, "params": {"gamma": 7.213312138521522, "lr": 0.44034708683123824}, "datetime": {"datetime": "2024-06-13 19:33:51", "elapsed": 1.956105, "delta": 0.00399}}
{"target": -124.38417784868807, "params": {"gamma": 1.268230355710944, "lr": 0.5898236481098892}, "datetime": {"datetime": "2024-06-13 19:33:51", "elapsed": 1.959096, "delta": 0.002991}}
{"target": -129.183823920778, "params": {"gamma": 0.36164707738402946, "lr": 0.20018211641098693}, "datetime": {"datetime": "2024-06-13 19:33:51", "elapsed": 1.963086, "delta": 0.00399}}
{"target": -1539.070177631623, "params": {"gamma": 7.883223595490022, "lr": 0.012096760015357866}, "datetime": {"datetime": "2024-06-13 19:33:51", "elapsed": 1.967075, "delta": 0.003989}}
{"target": -600.9367814610113, "params": {"gamma": 3.034153371413982, "lr": 0.021375961088070716}, "datetime": {"datetime": "2024-06-13 19:33:51", "elapsed": 1.970067, "delta": 0.002992}}
{"target": -782.76430047117, "params": {"gamma": 9.974852442290567, "lr": 0.5820299763434618}, "datetime": {"datetime": "2024-06-13 19:33:51", "elapsed": 1.974056, "delta": 0.003989}}
{"target": -255.64154185356853, "params": {"gamma": 2.93446940858208, "lr": 0.9289494618931157}, "datetime": {"datetime": "2024-06-13 19:33:51", "elapsed": 1.978046, "delta": 0.00399}}
{"target": -385.7693274932776, "params": {"gamma": 5.071687116058498, "lr": 0.4546922275524069}, "datetime": {"datetime": "2024-06-13 19:33:51", "elapsed": 1.982035, "delta": 0.003989}}
{"target": -588.8187879794145, "params": {"gamma": 5.879127191455569, "lr": 0.2641376442105696}, "datetime": {"datetime": "2024-06-13 19:33:51", "elapsed": 1.985027, "delta": 0.002992}}
{"target": -260.06780418066836, "params": {"gamma": 3.0535777051749857, "lr": 0.37165457672418245}, "datetime": {"datetime": "2024-06-13 19:33:51", "elapsed": 1.989016, "delta": 0.003989}}
{"target": -204.02261465512936, "params": {"gamma": 2.4452355457167374, "lr": 0.5845472661166298}, "datetime": {"datetime": "2024-06-13 19:33:51", "elapsed": 1.993006, "delta": 0.00399}}
{"target": -1359.756837450752, "params": {"gamma": 6.958765493189333, "lr": 0.07194722016400112}, "datetime": {"datetime": "2024-06-13 19:33:51", "elapsed": 1.995998, "delta": 0.002992}}
{"target": -800.4753297557322, "params": {"gamma": 9.710862112935013, "lr": 0.7530706558694549}, "datetime": {"datetime": "2024-06-13 19:33:51", "elapsed": 1.999987, "delta": 0.003989}}
{"target": -665.294313008475, "params": {"gamma": 8.061825466371129, "lr": 0.7516404040812905}, "datetime": {"datetime": "2024-06-13 19:33:51", "elapsed": 2.003977, "delta": 0.00399}}
{"target": -104.16173119128179, "params": {"gamma": 0.8015297117349018, "lr": 0.48169628302117706}, "datetime": {"datetime": "2024-06-13 19:33:51", "elapsed": 2.006968, "delta": 0.002991}}
{"target": -365.071873307963, "params": {"gamma": 4.457283891060159, "lr": 0.6724726505249299}, "datetime": {"datetime": "2024-06-13 19:33:51", "elapsed": 2.010958, "delta": 0.00399}}
{"target": -367.5200114626774, "params": {"gamma": 4.487923850984395, "lr": 0.7043133983839096}, "datetime": {"datetime": "2024-06-13 19:33:51", "elapsed": 2.015124, "delta": 0.004166}}
{"target": -554.4086398782108, "params": {"gamma": 6.816771730688627, "lr": 0.6971485287527562}, "datetime": {"datetime": "2024-06-13 19:33:51", "elapsed": 2.018116, "delta": 0.002992}}
{"target": -879.0315451114254, "params": {"gamma": 6.186388824872803, "lr": 0.15098073327964578}, "datetime": {"datetime": "2024-06-13 19:33:51", "elapsed": 2.022105, "delta": 0.003989}}
{"target": -628.1229737954353, "params": {"gamma": 7.608263760601256, "lr": 0.781045822193957}, "datetime": {"datetime": "2024-06-13 19:33:51", "elapsed": 2.026094, "delta": 0.003989}}
{"target": -1452.825078021678, "params": {"gamma": 9.041125756152136, "lr": 0.23376869260410593}, "datetime": {"datetime": "2024-06-13 19:33:51", "elapsed": 2.029087, "delta": 0.002993}}
{"target": -167.66735426702485, "params": {"gamma": 1.7676122518303419, "lr": 0.3910991231067624}, "datetime": {"datetime": "2024-06-13 19:33:51", "elapsed": 2.033076, "delta": 0.003989}}
{"target": -263.92765667625974, "params": {"gamma": 3.206325975297607, "lr": 0.8154769290056262}, "datetime": {"datetime": "2024-06-13 19:33:51", "elapsed": 2.037066, "delta": 0.00399}}
{"target": -507.50706251106726, "params": {"gamma": 6.135645470784649, "lr": 0.7600017523497489}, "datetime": {"datetime": "2024-06-13 19:33:51", "elapsed": 2.041055, "delta": 0.003989}}
{"target": -840.2458346081087, "params": {"gamma": 4.277223331869946, "lr": 0.09944056291558923}, "datetime": {"datetime": "2024-06-13 19:33:51", "elapsed": 2.044046, "delta": 0.002991}}
{"target": -129.36583531793264, "params": {"gamma": 1.151235085490412, "lr": 0.3734071317371953}, "datetime": {"datetime": "2024-06-13 19:33:51", "elapsed": 2.048036, "delta": 0.00399}}
{"target": -167.6284864398932, "params": {"gamma": 1.939283827327562, "lr": 0.8207464986229382}, "datetime": {"datetime": "2024-06-13 19:33:51", "elapsed": 2.052025, "delta": 0.003989}}
{"target": -488.4912323113514, "params": {"gamma": 5.996760448228745, "lr": 0.688845259018665}, "datetime": {"datetime": "2024-06-13 19:33:51", "elapsed": 2.055017, "delta": 0.002992}}
{"target": -962.9602402442343, "params": {"gamma": 4.911608503081658, "lr": 0.08817368124218106}, "datetime": {"datetime": "2024-06-13 19:33:51", "elapsed": 2.059006, "delta": 0.003989}}
{"target": -190.92891125265544, "params": {"gamma": 2.351541289225017, "lr": 0.461602080891622}, "datetime": {"datetime": "2024-06-13 19:33:51", "elapsed": 2.062996, "delta": 0.00399}}
