{"target": -1024.6399863016002, "params": {"gamma": 2.8585435506242662, "lr": 0.009707596574816568}, "datetime": {"datetime": "2024-06-13 17:15:22", "elapsed": 5.505289, "delta": 0.003989}}
{"target": -777.2786117729712, "params": {"gamma": 5.754942892815359, "lr": 0.30779227833471057}, "datetime": {"datetime": "2024-06-13 17:15:22", "elapsed": 5.509279, "delta": 0.00399}}
{"target": -435.26872527367414, "params": {"gamma": 1.5159891044593792, "lr": 0.9712833117325801}, "datetime": {"datetime": "2024-06-13 17:15:22", "elapsed": 5.514266, "delta": 0.004987}}
{"target": -383.86453460321616, "params": {"gamma": 1.6505577067216257, "lr": 0.7272354411432771}, "datetime": {"datetime": "2024-06-13 17:15:22", "elapsed": 5.518255, "delta": 0.003989}}
{"target": -2395.219493807106, "params": {"gamma": 8.907351190743636, "lr": 0.8587151157269453}, "datetime": {"datetime": "2024-06-13 17:15:22", "elapsed": 5.523241, "delta": 0.004986}}
{"target": -299.71907541675387, "params": {"gamma": 1.8433864145173096, "lr": 0.23680853369423926}, "datetime": {"datetime": "2024-06-13 17:15:22", "elapsed": 5.52723, "delta": 0.003989}}
{"target": -145.34973447978015, "params": {"gamma": 0.1846080023892216, "lr": 0.9314054672648543}, "datetime": {"datetime": "2024-06-13 17:15:22", "elapsed": 5.532217, "delta": 0.004987}}
{"target": -1663.2890606557455, "params": {"gamma": 8.871324645396406, "lr": 0.5954661689695429}, "datetime": {"datetime": "2024-06-13 17:15:22", "elapsed": 5.536206, "delta": 0.003989}}
{"target": -242.38387133132576, "params": {"gamma": 1.0945671874130298, "lr": 0.17354264684250154}, "datetime": {"datetime": "2024-06-13 17:15:22", "elapsed": 5.541193, "delta": 0.004987}}
{"target": -827.641811627075, "params": {"gamma": 5.770026748955153, "lr": 0.25165697350014493}, "datetime": {"datetime": "2024-06-13 17:15:22", "elapsed": 5.545182, "delta": 0.003989}}
{"target": -597.7532961877496, "params": {"gamma": 3.0024181605272484, "lr": 0.17098734894301837}, "datetime": {"datetime": "2024-06-13 17:15:22", "elapsed": 5.550169, "delta": 0.004987}}
{"target": -312.3994471502312, "params": {"gamma": 1.8967275990085757, "lr": 0.4634211543904514}, "datetime": {"datetime": "2024-06-13 17:15:22", "elapsed": 5.554158, "delta": 0.003989}}
{"target": -896.6789901117628, "params": {"gamma": 5.099229852311732, "lr": 0.5115798896647326}, "datetime": {"datetime": "2024-06-13 17:15:22", "elapsed": 5.558147, "delta": 0.003989}}
{"target": -2486.903549644337, "params": {"gamma": 9.971390854869842, "lr": 0.1295958172701398}, "datetime": {"datetime": "2024-06-13 17:15:22", "elapsed": 5.562137, "delta": 0.00399}}
{"target": -1850.136136460391, "params": {"gamma": 7.561942713988967, "lr": 0.7937567472248925}, "datetime": {"datetime": "2024-06-13 17:15:22", "elapsed": 5.567124, "delta": 0.004987}}
{"target": -896.0821088488019, "params": {"gamma": 5.849241105106437, "lr": 0.4627381802693252}, "datetime": {"datetime": "2024-06-13 17:15:22", "elapsed": 5.571113, "delta": 0.003989}}
{"target": -2246.778676577848, "params": {"gamma": 8.934372946865443, "lr": 0.8281802190731247}, "datetime": {"datetime": "2024-06-13 17:15:22", "elapsed": 5.5761, "delta": 0.004987}}
{"target": -189.07137974853177, "params": {"gamma": 0.5038590693510084, "lr": 0.962983753087854}, "datetime": {"datetime": "2024-06-13 17:15:22", "elapsed": 5.580089, "delta": 0.003989}}
{"target": -141.691609783895, "params": {"gamma": 0.07439157764468438, "lr": 0.5731322046839419}, "datetime": {"datetime": "2024-06-13 17:15:22", "elapsed": 5.584078, "delta": 0.003989}}
{"target": -1437.3114560023616, "params": {"gamma": 5.7247357384538, "lr": 0.8343796647905168}, "datetime": {"datetime": "2024-06-13 17:15:22", "elapsed": 5.589065, "delta": 0.004987}}
{"target": -1184.3323797597054, "params": {"gamma": 3.8477759631858306, "lr": 0.09104086904598219}, "datetime": {"datetime": "2024-06-13 17:15:22", "elapsed": 5.593057, "delta": 0.003992}}
{"target": -2078.088973047274, "params": {"gamma": 5.81729100641988, "lr": 0.024845860363731265}, "datetime": {"datetime": "2024-06-13 17:15:22", "elapsed": 5.597486, "delta": 0.004429}}
{"target": -1004.250402775291, "params": {"gamma": 3.618595813310707, "lr": 0.9853168020853229}, "datetime": {"datetime": "2024-06-13 17:15:22", "elapsed": 5.601982, "delta": 0.004496}}
{"target": -1909.6164604264336, "params": {"gamma": 8.687919916680645, "lr": 0.15249674176120542}, "datetime": {"datetime": "2024-06-13 17:15:22", "elapsed": 5.605972, "delta": 0.00399}}
{"target": -2006.302004571613, "params": {"gamma": 7.988462064471767, "lr": 0.8109969194215267}, "datetime": {"datetime": "2024-06-13 17:15:22", "elapsed": 5.610958, "delta": 0.004986}}
{"target": -1404.338339882548, "params": {"gamma": 9.282143984052633, "lr": 0.22438426604398454}, "datetime": {"datetime": "2024-06-13 17:15:22", "elapsed": 5.614948, "delta": 0.00399}}
{"target": -1261.0157279016018, "params": {"gamma": 4.990175777525101, "lr": 0.8274440914110759}, "datetime": {"datetime": "2024-06-13 17:15:22", "elapsed": 5.619934, "delta": 0.004986}}
{"target": -1254.664478693043, "params": {"gamma": 6.673670516196978, "lr": 0.5939361433837695}, "datetime": {"datetime": "2024-06-13 17:15:22", "elapsed": 5.623924, "delta": 0.00399}}
{"target": -991.5159542589967, "params": {"gamma": 6.520106231886649, "lr": 0.23851601279901302}, "datetime": {"datetime": "2024-06-13 17:15:22", "elapsed": 5.627913, "delta": 0.003989}}
{"target": -143.7044667765267, "params": {"gamma": 0.2563753086730316, "lr": 0.736257257446534}, "datetime": {"datetime": "2024-06-13 17:15:22", "elapsed": 5.632899, "delta": 0.004986}}
{"target": -454.9908961850674, "params": {"gamma": 3.268591461483445, "lr": 0.3767568869201464}, "datetime": {"datetime": "2024-06-13 17:15:22", "elapsed": 5.637887, "delta": 0.004988}}
{"target": -1263.5517613765871, "params": {"gamma": 6.126547925441392, "lr": 0.657165042363517}, "datetime": {"datetime": "2024-06-13 17:15:22", "elapsed": 5.641876, "delta": 0.003989}}
{"target": -525.8012031295689, "params": {"gamma": 2.0297861073278014, "lr": 0.8260315378454188}, "datetime": {"datetime": "2024-06-13 17:15:22", "elapsed": 5.646863, "delta": 0.004987}}
{"target": -791.4994108286513, "params": {"gamma": 3.802685845849549, "lr": 0.6317444085013915}, "datetime": {"datetime": "2024-06-13 17:15:22", "elapsed": 5.650852, "delta": 0.003989}}
{"target": -1739.6410163202047, "params": {"gamma": 9.664147745107453, "lr": 0.5647862352666362}, "datetime": {"datetime": "2024-06-13 17:15:22", "elapsed": 5.655838, "delta": 0.004986}}
{"target": -714.9165659957447, "params": {"gamma": 3.58975250674678, "lr": 0.6189701087401422}, "datetime": {"datetime": "2024-06-13 17:15:22", "elapsed": 5.659828, "delta": 0.00399}}
{"target": -767.5430203939959, "params": {"gamma": 5.018429387513632, "lr": 0.45237624777785157}, "datetime": {"datetime": "2024-06-13 17:15:22", "elapsed": 5.663817, "delta": 0.003989}}
{"target": -2018.3447421432656, "params": {"gamma": 7.32297507682793, "lr": 0.9245101499841026}, "datetime": {"datetime": "2024-06-13 17:15:22", "elapsed": 5.668804, "delta": 0.004987}}
{"target": -1619.8279519893338, "params": {"gamma": 4.793234881420612, "lr": 0.08823015100009579}, "datetime": {"datetime": "2024-06-13 17:15:22", "elapsed": 5.672793, "delta": 0.003989}}
{"target": -868.5574342396368, "params": {"gamma": 5.696965913284056, "lr": 0.2449508551148344}, "datetime": {"datetime": "2024-06-13 17:15:22", "elapsed": 5.67778, "delta": 0.004987}}
{"target": -163.0368847159594, "params": {"gamma": 0.3967395368422162, "lr": 0.7881402066436831}, "datetime": {"datetime": "2024-06-13 17:15:22", "elapsed": 5.681769, "delta": 0.003989}}
{"target": -679.1757023273451, "params": {"gamma": 2.728409598411216, "lr": 0.7770704929423838}, "datetime": {"datetime": "2024-06-13 17:15:22", "elapsed": 5.686756, "delta": 0.004987}}
{"target": -662.8914936315041, "params": {"gamma": 4.882601221938961, "lr": 0.31793589107511533}, "datetime": {"datetime": "2024-06-13 17:15:22", "elapsed": 5.690745, "delta": 0.003989}}
{"target": -1124.9389735179677, "params": {"gamma": 3.1409404750589167, "lr": 0.04202476008611444}, "datetime": {"datetime": "2024-06-13 17:15:22", "elapsed": 5.695369, "delta": 0.004624}}
{"target": -1349.5082659416612, "params": {"gamma": 5.344463969208603, "lr": 0.8235515559967603}, "datetime": {"datetime": "2024-06-13 17:15:22", "elapsed": 5.699359, "delta": 0.00399}}
{"target": -273.3182903429916, "params": {"gamma": 0.8398696296412803, "lr": 0.10855870560871761}, "datetime": {"datetime": "2024-06-13 17:15:22", "elapsed": 5.704345, "delta": 0.004986}}
{"target": -1093.310774059073, "params": {"gamma": 5.293030012750302, "lr": 0.6601418096235968}, "datetime": {"datetime": "2024-06-13 17:15:22", "elapsed": 5.708334, "delta": 0.003989}}
{"target": -933.9237458288547, "params": {"gamma": 6.947765177374281, "lr": 0.313221695146886}, "datetime": {"datetime": "2024-06-13 17:15:22", "elapsed": 5.712324, "delta": 0.00399}}
{"target": -138.44753909282284, "params": {"gamma": 0.37873998028565886, "lr": 0.4145628796923949}, "datetime": {"datetime": "2024-06-13 17:15:22", "elapsed": 5.717311, "delta": 0.004987}}
{"target": -813.0841830259125, "params": {"gamma": 2.2612156645820662, "lr": 0.0011148302524066622}, "datetime": {"datetime": "2024-06-13 17:15:22", "elapsed": 5.7213, "delta": 0.003989}}
{"target": -1890.8213323809312, "params": {"gamma": 6.857480005685141, "lr": 0.9520625390545332}, "datetime": {"datetime": "2024-06-13 17:15:22", "elapsed": 5.725289, "delta": 0.003989}}
{"target": -536.0454607501636, "params": {"gamma": 3.9121264535897473, "lr": 0.3002984293714631}, "datetime": {"datetime": "2024-06-13 17:15:22", "elapsed": 5.730276, "delta": 0.004987}}
{"target": -1390.9254185160069, "params": {"gamma": 5.537964374290343, "lr": 0.8519762580648814}, "datetime": {"datetime": "2024-06-13 17:15:22", "elapsed": 5.734265, "delta": 0.003989}}
{"target": -1724.047377173966, "params": {"gamma": 7.9498792795045405, "lr": 0.6847567049785765}, "datetime": {"datetime": "2024-06-13 17:15:22", "elapsed": 5.738802, "delta": 0.004537}}
{"target": -946.490246739809, "params": {"gamma": 4.321638805905765, "lr": 0.6904340198543137}, "datetime": {"datetime": "2024-06-13 17:15:22", "elapsed": 5.743785, "delta": 0.004983}}
{"target": -329.43310362642484, "params": {"gamma": 2.161037487164819, "lr": 0.28394343784624676}, "datetime": {"datetime": "2024-06-13 17:15:22", "elapsed": 5.747774, "delta": 0.003989}}
{"target": -2143.123064596638, "params": {"gamma": 7.778428288392944, "lr": 0.9299801363463566}, "datetime": {"datetime": "2024-06-13 17:15:22", "elapsed": 5.752761, "delta": 0.004987}}
{"target": -277.516340157076, "params": {"gamma": 1.9013049866632814, "lr": 0.29606328941823257}, "datetime": {"datetime": "2024-06-13 17:15:22", "elapsed": 5.75675, "delta": 0.003989}}
{"target": -142.28312929460995, "params": {"gamma": 0.06309646163797043, "lr": 0.43156224528040166}, "datetime": {"datetime": "2024-06-13 17:15:22", "elapsed": 5.761737, "delta": 0.004987}}
{"target": -447.6059693528333, "params": {"gamma": 2.103740422454257, "lr": 0.6414247825536215}, "datetime": {"datetime": "2024-06-13 17:15:22", "elapsed": 5.765726, "delta": 0.003989}}
{"target": -1833.373762332404, "params": {"gamma": 7.096182567565407, "lr": 0.11877771439848506}, "datetime": {"datetime": "2024-06-13 17:15:22", "elapsed": 5.770296, "delta": 0.00457}}
{"target": -255.35972521843505, "params": {"gamma": 0.8223578763172843, "lr": 0.9063350695803358}, "datetime": {"datetime": "2024-06-13 17:15:22", "elapsed": 5.77528, "delta": 0.004984}}
{"target": -688.9477285711571, "params": {"gamma": 3.8929983086548985, "lr": 0.5334034972660143}, "datetime": {"datetime": "2024-06-13 17:15:22", "elapsed": 5.779269, "delta": 0.003989}}
{"target": -2353.8820924252627, "params": {"gamma": 9.632452407571792, "lr": 0.7590540122163353}, "datetime": {"datetime": "2024-06-13 17:15:22", "elapsed": 5.784255, "delta": 0.004986}}
{"target": -1103.097516020842, "params": {"gamma": 3.256077435692296, "lr": 0.08584930112029354}, "datetime": {"datetime": "2024-06-13 17:15:22", "elapsed": 5.791237, "delta": 0.006982}}
{"target": -734.7008374005954, "params": {"gamma": 5.360704142867423, "lr": 0.33612544293733115}, "datetime": {"datetime": "2024-06-13 17:15:22", "elapsed": 5.795226, "delta": 0.003989}}
{"target": -145.5988280334656, "params": {"gamma": 0.21783235985649294, "lr": 0.7711523332537787}, "datetime": {"datetime": "2024-06-13 17:15:22", "elapsed": 5.800213, "delta": 0.004987}}
{"target": -703.2428706816318, "params": {"gamma": 3.849706389409975, "lr": 0.5713211500587355}, "datetime": {"datetime": "2024-06-13 17:15:22", "elapsed": 5.804202, "delta": 0.003989}}
{"target": -2082.6431470203684, "params": {"gamma": 7.557672815106508, "lr": 0.9408474199010457}, "datetime": {"datetime": "2024-06-13 17:15:22", "elapsed": 5.809189, "delta": 0.004987}}
{"target": -825.6735213292731, "params": {"gamma": 6.123611064507542, "lr": 0.31539617878014314}, "datetime": {"datetime": "2024-06-13 17:15:22", "elapsed": 5.813178, "delta": 0.003989}}
{"target": -410.2620656042503, "params": {"gamma": 1.1016550019623323, "lr": 0.07391888791127221}, "datetime": {"datetime": "2024-06-13 17:15:22", "elapsed": 5.817168, "delta": 0.00399}}
{"target": -666.8596598119346, "params": {"gamma": 3.197588047953422, "lr": 0.660839138956005}, "datetime": {"datetime": "2024-06-13 17:15:22", "elapsed": 5.822154, "delta": 0.004986}}
{"target": -1160.3164981390787, "params": {"gamma": 6.9518254952121765, "lr": 0.20771804006298766}, "datetime": {"datetime": "2024-06-13 17:15:22", "elapsed": 5.826144, "delta": 0.00399}}
{"target": -161.1747475759541, "params": {"gamma": 0.8288765899448861, "lr": 0.3055106612860311}, "datetime": {"datetime": "2024-06-13 17:15:22", "elapsed": 5.831131, "delta": 0.004987}}
{"target": -1344.2139197804074, "params": {"gamma": 5.476198023985873, "lr": 0.7546696744748647}, "datetime": {"datetime": "2024-06-13 17:15:22", "elapsed": 5.83512, "delta": 0.003989}}
{"target": -717.094139928012, "params": {"gamma": 5.297043548379857, "lr": 0.28698375274707455}, "datetime": {"datetime": "2024-06-13 17:15:22", "elapsed": 5.840106, "delta": 0.004986}}
{"target": -893.886443165524, "params": {"gamma": 6.242173052915846, "lr": 0.2648366551761958}, "datetime": {"datetime": "2024-06-13 17:15:22", "elapsed": 5.844095, "delta": 0.003989}}
{"target": -1636.6677011881259, "params": {"gamma": 6.527276450430897, "lr": 0.8418980078267378}, "datetime": {"datetime": "2024-06-13 17:15:22", "elapsed": 5.848085, "delta": 0.00399}}
{"target": -1155.377509470254, "params": {"gamma": 6.389839255863949, "lr": 0.5656314689767339}, "datetime": {"datetime": "2024-06-13 17:15:22", "elapsed": 5.853072, "delta": 0.004987}}
{"target": -835.9098740696917, "params": {"gamma": 3.072113950599342, "lr": 0.8767770399379612}, "datetime": {"datetime": "2024-06-13 17:15:22", "elapsed": 5.858058, "delta": 0.004986}}
{"target": -2416.0326700032933, "params": {"gamma": 9.888230025288278, "lr": 0.777479431209941}, "datetime": {"datetime": "2024-06-13 17:15:22", "elapsed": 5.862047, "delta": 0.003989}}
{"target": -1434.760555843044, "params": {"gamma": 5.736864931846622, "lr": 0.14127933264100168}, "datetime": {"datetime": "2024-06-13 17:15:22", "elapsed": 5.867035, "delta": 0.004988}}
{"target": -443.0685396519284, "params": {"gamma": 3.1499752949036433, "lr": 0.3668593185911837}, "datetime": {"datetime": "2024-06-13 17:15:22", "elapsed": 5.871023, "delta": 0.003988}}
{"target": -457.9797283333909, "params": {"gamma": 2.9196603150536307, "lr": 0.4459528147489278}, "datetime": {"datetime": "2024-06-13 17:15:22", "elapsed": 5.875013, "delta": 0.00399}}
{"target": -1020.9506101509473, "params": {"gamma": 6.106714536159591, "lr": 0.2129145905151636}, "datetime": {"datetime": "2024-06-13 17:15:22", "elapsed": 5.88, "delta": 0.004987}}
{"target": -657.3842590322297, "params": {"gamma": 2.4983477831127514, "lr": 0.11215048322109678}, "datetime": {"datetime": "2024-06-13 17:15:22", "elapsed": 5.883989, "delta": 0.003989}}
{"target": -483.3325480983068, "params": {"gamma": 3.07657830315885, "lr": 0.49744827858464324}, "datetime": {"datetime": "2024-06-13 17:15:22", "elapsed": 5.888976, "delta": 0.004987}}
{"target": -1354.3401632798543, "params": {"gamma": 4.898588039316173, "lr": 0.9955772118463961}, "datetime": {"datetime": "2024-06-13 17:15:22", "elapsed": 5.892971, "delta": 0.003995}}
{"target": -1458.1749055456805, "params": {"gamma": 9.811104522073206, "lr": 0.4365627716811432}, "datetime": {"datetime": "2024-06-13 17:15:22", "elapsed": 5.897954, "delta": 0.004983}}
{"target": -1617.026041909304, "params": {"gamma": 9.720234197281384, "lr": 0.21439790417581406}, "datetime": {"datetime": "2024-06-13 17:15:22", "elapsed": 5.901943, "delta": 0.003989}}
{"target": -825.9141044999623, "params": {"gamma": 5.411667740203425, "lr": 0.4534353144697316}, "datetime": {"datetime": "2024-06-13 17:15:22", "elapsed": 5.905933, "delta": 0.00399}}
{"target": -2419.0820916965413, "params": {"gamma": 9.67612136622795, "lr": 0.8361762231353584}, "datetime": {"datetime": "2024-06-13 17:15:22", "elapsed": 5.910919, "delta": 0.004986}}
{"target": -341.7522941454775, "params": {"gamma": 2.142255100882632, "lr": 0.43953910215539116}, "datetime": {"datetime": "2024-06-13 17:15:22", "elapsed": 5.914909, "delta": 0.00399}}
{"target": -316.91358410035355, "params": {"gamma": 1.685601239492825, "lr": 0.5290872104552504}, "datetime": {"datetime": "2024-06-13 17:15:22", "elapsed": 5.919895, "delta": 0.004986}}
{"target": -2833.0132501183975, "params": {"gamma": 7.935053256996167, "lr": 0.03587914896601674}, "datetime": {"datetime": "2024-06-13 17:15:22", "elapsed": 5.923884, "delta": 0.003989}}
{"target": -541.4152643003266, "params": {"gamma": 1.9143974164796644, "lr": 0.9774555643930162}, "datetime": {"datetime": "2024-06-13 17:15:22", "elapsed": 5.927874, "delta": 0.00399}}
{"target": -1729.621894727222, "params": {"gamma": 9.608012262900427, "lr": 0.5565916591021018}, "datetime": {"datetime": "2024-06-13 17:15:22", "elapsed": 5.932861, "delta": 0.004987}}
{"target": -924.6361595120678, "params": {"gamma": 6.461261124237896, "lr": 0.27209301429327437}, "datetime": {"datetime": "2024-06-13 17:15:22", "elapsed": 5.93685, "delta": 0.003989}}
{"target": -2060.996567039288, "params": {"gamma": 9.520958766042686, "lr": 0.66977480632724}, "datetime": {"datetime": "2024-06-13 17:15:22", "elapsed": 5.940839, "delta": 0.003989}}
{"target": -2381.4761872700365, "params": {"gamma": 6.6684131433924785, "lr": 0.011103333369922863}, "datetime": {"datetime": "2024-06-13 17:15:22", "elapsed": 5.945826, "delta": 0.004987}}
{"target": -2085.2914673341543, "params": {"gamma": 8.529845528647078, "lr": 0.7783262186802019}, "datetime": {"datetime": "2024-06-13 17:15:22", "elapsed": 5.949815, "delta": 0.003989}}
{"target": -1516.8451479516693, "params": {"gamma": 6.849555045051163, "lr": 0.740781813019585}, "datetime": {"datetime": "2024-06-13 17:15:22", "elapsed": 5.954802, "delta": 0.004987}}
{"target": -366.45261539576126, "params": {"gamma": 1.5665676735591734, "lr": 0.71877505284865}, "datetime": {"datetime": "2024-06-13 17:15:22", "elapsed": 5.958791, "delta": 0.003989}}
{"target": -245.40933219130935, "params": {"gamma": 0.9690872885214075, "lr": 0.7069494480386341}, "datetime": {"datetime": "2024-06-13 17:15:22", "elapsed": 5.963779, "delta": 0.004988}}
{"target": -145.08698890512935, "params": {"gamma": 0.027315329458906884, "lr": 0.7762057874603809}, "datetime": {"datetime": "2024-06-13 17:15:22", "elapsed": 5.968764, "delta": 0.004985}}
{"target": -824.7547234843361, "params": {"gamma": 4.916080290630613, "lr": 0.20438686629786484}, "datetime": {"datetime": "2024-06-13 17:15:22", "elapsed": 5.972754, "delta": 0.00399}}
{"target": -979.2523192840234, "params": {"gamma": 7.292736897839507, "lr": 0.3156541317831608}, "datetime": {"datetime": "2024-06-13 17:15:22", "elapsed": 5.976743, "delta": 0.003989}}
{"target": -1727.8271950457647, "params": {"gamma": 8.83829208238512, "lr": 0.18023352523222202}, "datetime": {"datetime": "2024-06-13 17:15:22", "elapsed": 5.98173, "delta": 0.004987}}
{"target": -2583.449307422706, "params": {"gamma": 9.385567992205967, "lr": 0.9707501480531616}, "datetime": {"datetime": "2024-06-13 17:15:22", "elapsed": 5.985719, "delta": 0.003989}}
{"target": -828.8446911345029, "params": {"gamma": 3.0455479552792557, "lr": 0.8624863997043009}, "datetime": {"datetime": "2024-06-13 17:15:22", "elapsed": 5.989708, "delta": 0.003989}}
{"target": -1225.9370461605527, "params": {"gamma": 8.421949009551232, "lr": 0.4246127100946028}, "datetime": {"datetime": "2024-06-13 17:15:22", "elapsed": 5.994695, "delta": 0.004987}}
{"target": -531.5459345996169, "params": {"gamma": 3.637480394119995, "lr": 0.282437473235045}, "datetime": {"datetime": "2024-06-13 17:15:22", "elapsed": 5.998684, "delta": 0.003989}}
{"target": -1412.1573842221464, "params": {"gamma": 9.93237460787099, "lr": 0.25575102695189966}, "datetime": {"datetime": "2024-06-13 17:15:22", "elapsed": 6.003671, "delta": 0.004987}}
{"target": -1338.1383013349566, "params": {"gamma": 9.206835301993463, "lr": 0.4283352137597225}, "datetime": {"datetime": "2024-06-13 17:15:22", "elapsed": 6.00766, "delta": 0.003989}}
{"target": -2339.120216745436, "params": {"gamma": 9.354334696401745, "lr": 0.8388448341981828}, "datetime": {"datetime": "2024-06-13 17:15:22", "elapsed": 6.01165, "delta": 0.00399}}
{"target": -313.7398997877259, "params": {"gamma": 1.5586174788295128, "lr": 0.5742833543508832}, "datetime": {"datetime": "2024-06-13 17:15:22", "elapsed": 6.016637, "delta": 0.004987}}
{"target": -984.9225837955601, "params": {"gamma": 6.7353566438421755, "lr": 0.4058204059990451}, "datetime": {"datetime": "2024-06-13 17:15:22", "elapsed": 6.020626, "delta": 0.003989}}
