{"target": -166.61065079659966, "params": {"gamma": 1.0550920446467325, "lr": 0.7017873465119159}, "datetime": {"datetime": "2024-06-13 19:54:38", "elapsed": 5.799624, "delta": 0.00399}}
{"target": -501.4711715786923, "params": {"gamma": 5.142068519294122, "lr": 0.49816682499451226}, "datetime": {"datetime": "2024-06-13 19:54:38", "elapsed": 5.80461, "delta": 0.004986}}
{"target": -379.15477424626806, "params": {"gamma": 3.736723579545134, "lr": 0.603513616671319}, "datetime": {"datetime": "2024-06-13 19:54:38", "elapsed": 5.808599, "delta": 0.003989}}
{"target": -798.226489675819, "params": {"gamma": 8.514836200003508, "lr": 0.27692305646899273}, "datetime": {"datetime": "2024-06-13 19:54:38", "elapsed": 5.812589, "delta": 0.00399}}
{"target": -822.6799746574568, "params": {"gamma": 8.447768867073506, "lr": 0.41661914857211835}, "datetime": {"datetime": "2024-06-13 19:54:38", "elapsed": 5.817575, "delta": 0.004986}}
{"target": -592.1833706833314, "params": {"gamma": 5.010339139927012, "lr": 0.7296233785681803}, "datetime": {"datetime": "2024-06-13 19:54:38", "elapsed": 5.821168, "delta": 0.003593}}
{"target": -379.06260140666853, "params": {"gamma": 2.5879583533585664, "lr": 0.9216369186561401}, "datetime": {"datetime": "2024-06-13 19:54:38", "elapsed": 5.826155, "delta": 0.004987}}
{"target": -677.8900977847, "params": {"gamma": 7.020992572824255, "lr": 0.618930423097489}, "datetime": {"datetime": "2024-06-13 19:54:38", "elapsed": 5.830145, "delta": 0.00399}}
{"target": -324.8676476889074, "params": {"gamma": 2.7308153642818653, "lr": 0.6958484563594459}, "datetime": {"datetime": "2024-06-13 19:54:38", "elapsed": 5.834134, "delta": 0.003989}}
{"target": -350.5995027351233, "params": {"gamma": 2.5728902697861002, "lr": 0.8164526703274775}, "datetime": {"datetime": "2024-06-13 19:54:38", "elapsed": 5.83912, "delta": 0.004986}}
{"target": -127.88417821821176, "params": {"gamma": 0.11571307777403769, "lr": 0.1665376436115401}, "datetime": {"datetime": "2024-06-13 19:54:38", "elapsed": 5.84311, "delta": 0.00399}}
{"target": -622.8695749257964, "params": {"gamma": 5.578732058631829, "lr": 0.7122809996025021}, "datetime": {"datetime": "2024-06-13 19:54:38", "elapsed": 5.847099, "delta": 0.003989}}
{"target": -637.6939075259144, "params": {"gamma": 4.925314058477191, "lr": 0.8778095014799501}, "datetime": {"datetime": "2024-06-13 19:54:38", "elapsed": 5.851088, "delta": 0.003989}}
{"target": -932.5613972359216, "params": {"gamma": 9.758723505691574, "lr": 0.46427706754424325}, "datetime": {"datetime": "2024-06-13 19:54:38", "elapsed": 5.855078, "delta": 0.00399}}
{"target": -738.2679801675046, "params": {"gamma": 7.680101807848576, "lr": 0.49477213383352725}, "datetime": {"datetime": "2024-06-13 19:54:38", "elapsed": 5.860064, "delta": 0.004986}}
{"target": -671.8838566869807, "params": {"gamma": 6.651322684579871, "lr": 0.22487497996736572}, "datetime": {"datetime": "2024-06-13 19:54:38", "elapsed": 5.864054, "delta": 0.00399}}
{"target": -198.58894901209587, "params": {"gamma": 1.0963076304454686, "lr": 0.9790089375741902}, "datetime": {"datetime": "2024-06-13 19:54:38", "elapsed": 5.868043, "delta": 0.003989}}
{"target": -765.4059330925456, "params": {"gamma": 8.150131602400142, "lr": 0.28538353244953096}, "datetime": {"datetime": "2024-06-13 19:54:38", "elapsed": 5.872032, "delta": 0.003989}}
{"target": -561.513834457871, "params": {"gamma": 5.858698015894784, "lr": 0.38007120527879124}, "datetime": {"datetime": "2024-06-13 19:54:38", "elapsed": 5.877019, "delta": 0.004987}}
{"target": -198.92536878200207, "params": {"gamma": 1.7642040696578871, "lr": 0.4188351430524928}, "datetime": {"datetime": "2024-06-13 19:54:38", "elapsed": 5.881008, "delta": 0.003989}}
{"target": -597.8911101997587, "params": {"gamma": 2.9725807541730793, "lr": 0.016624106532905913}, "datetime": {"datetime": "2024-06-13 19:54:38", "elapsed": 5.884998, "delta": 0.00399}}
{"target": -547.4050023386862, "params": {"gamma": 3.8742957016810964, "lr": 0.9209130038047522}, "datetime": {"datetime": "2024-06-13 19:54:38", "elapsed": 5.888987, "delta": 0.003989}}
{"target": -773.8970974984529, "params": {"gamma": 8.28217438681578, "lr": 0.5740747551965509}, "datetime": {"datetime": "2024-06-13 19:54:38", "elapsed": 5.893974, "delta": 0.004987}}
{"target": -333.5395473552455, "params": {"gamma": 3.1871500009390448, "lr": 0.23126429488543754}, "datetime": {"datetime": "2024-06-13 19:54:38", "elapsed": 5.897963, "delta": 0.003989}}
{"target": -981.1332719472142, "params": {"gamma": 9.560239816725709, "lr": 0.5646100990687117}, "datetime": {"datetime": "2024-06-13 19:54:38", "elapsed": 5.901952, "delta": 0.003989}}
{"target": -239.24187084146442, "params": {"gamma": 2.176835430287672, "lr": 0.24948205109862287}, "datetime": {"datetime": "2024-06-13 19:54:38", "elapsed": 5.906939, "delta": 0.004987}}
{"target": -961.8466675840747, "params": {"gamma": 9.59600242910666, "lr": 0.238814133296392}, "datetime": {"datetime": "2024-06-13 19:54:38", "elapsed": 5.910928, "delta": 0.003989}}
{"target": -166.0023394486181, "params": {"gamma": 1.068034169467023, "lr": 0.18396193975266917}, "datetime": {"datetime": "2024-06-13 19:54:38", "elapsed": 5.9155, "delta": 0.004572}}
{"target": -843.4839981842362, "params": {"gamma": 7.662481844372273, "lr": 0.7087642559312614}, "datetime": {"datetime": "2024-06-13 19:54:38", "elapsed": 5.919486, "delta": 0.003986}}
{"target": -567.7363118977215, "params": {"gamma": 4.379981305846461, "lr": 0.7938045071164251}, "datetime": {"datetime": "2024-06-13 19:54:38", "elapsed": 5.923475, "delta": 0.003989}}
{"target": -512.2371814539481, "params": {"gamma": 5.1756094087340525, "lr": 0.41359816112910697}, "datetime": {"datetime": "2024-06-13 19:54:38", "elapsed": 5.928462, "delta": 0.004987}}
{"target": -197.70006894310828, "params": {"gamma": 1.1753019203396682, "lr": 0.8839110659363493}, "datetime": {"datetime": "2024-06-13 19:54:38", "elapsed": 5.932451, "delta": 0.003989}}
{"target": -292.35053438244387, "params": {"gamma": 2.7566565508887577, "lr": 0.6162607233298604}, "datetime": {"datetime": "2024-06-13 19:54:38", "elapsed": 5.937438, "delta": 0.004987}}
{"target": -1158.610443373656, "params": {"gamma": 9.8458132098281, "lr": 0.1894180220437538}, "datetime": {"datetime": "2024-06-13 19:54:38", "elapsed": 5.941427, "delta": 0.003989}}
{"target": -918.5209870816446, "params": {"gamma": 9.651914729938635, "lr": 0.6527153684256953}, "datetime": {"datetime": "2024-06-13 19:54:38", "elapsed": 5.945417, "delta": 0.00399}}
{"target": -203.97216238647883, "params": {"gamma": 1.28818731436088, "lr": 0.7719271460730484}, "datetime": {"datetime": "2024-06-13 19:54:38", "elapsed": 5.949406, "delta": 0.003989}}
{"target": -976.9326685914658, "params": {"gamma": 9.51780600679268, "lr": 0.5627805496894249}, "datetime": {"datetime": "2024-06-13 19:54:38", "elapsed": 5.954393, "delta": 0.004987}}
{"target": -1371.7382122513582, "params": {"gamma": 6.885863442381723, "lr": 0.0263478788699828}, "datetime": {"datetime": "2024-06-13 19:54:38", "elapsed": 5.958382, "delta": 0.003989}}
{"target": -875.3747985951371, "params": {"gamma": 9.890767779393961, "lr": 0.3184571198136825}, "datetime": {"datetime": "2024-06-13 19:54:38", "elapsed": 5.962371, "delta": 0.003989}}
{"target": -136.03895257134351, "params": {"gamma": 0.24001388988282726, "lr": 0.8085641504743885}, "datetime": {"datetime": "2024-06-13 19:54:38", "elapsed": 5.966361, "delta": 0.00399}}
{"target": -1120.5629399739291, "params": {"gamma": 9.732552265118914, "lr": 0.7375885099166811}, "datetime": {"datetime": "2024-06-13 19:54:38", "elapsed": 5.971347, "delta": 0.004986}}
{"target": -140.33926252690816, "params": {"gamma": 0.028355324647958178, "lr": 0.06336051137403531}, "datetime": {"datetime": "2024-06-13 19:54:38", "elapsed": 5.975337, "delta": 0.00399}}
{"target": -542.5540552835249, "params": {"gamma": 5.843109782870581, "lr": 0.3357151077556031}, "datetime": {"datetime": "2024-06-13 19:54:38", "elapsed": 5.979326, "delta": 0.003989}}
{"target": -1113.647335012627, "params": {"gamma": 8.818452974037214, "lr": 0.8736693693569384}, "datetime": {"datetime": "2024-06-13 19:54:38", "elapsed": 5.984313, "delta": 0.004987}}
{"target": -1146.4132741291858, "params": {"gamma": 9.875201568135711, "lr": 0.7158319690725937}, "datetime": {"datetime": "2024-06-13 19:54:38", "elapsed": 5.988302, "delta": 0.003989}}
{"target": -780.0256592062277, "params": {"gamma": 8.768960114386706, "lr": 0.3196501118620526}, "datetime": {"datetime": "2024-06-13 19:54:38", "elapsed": 5.992291, "delta": 0.003989}}
{"target": -191.62829681605461, "params": {"gamma": 1.1126583422461405, "lr": 0.8653641057823798}, "datetime": {"datetime": "2024-06-13 19:54:38", "elapsed": 5.997279, "delta": 0.004988}}
{"target": -311.56517537404034, "params": {"gamma": 3.035422507017289, "lr": 0.4193322981668862}, "datetime": {"datetime": "2024-06-13 19:54:38", "elapsed": 6.001268, "delta": 0.003989}}
{"target": -626.6830484471309, "params": {"gamma": 6.460656540458656, "lr": 0.6050991341555126}, "datetime": {"datetime": "2024-06-13 19:54:38", "elapsed": 6.006254, "delta": 0.004986}}
{"target": -409.74551861591857, "params": {"gamma": 4.209809922064285, "lr": 0.38615051187059357}, "datetime": {"datetime": "2024-06-13 19:54:38", "elapsed": 6.010244, "delta": 0.00399}}
{"target": -175.31458788037048, "params": {"gamma": 1.227687737548204, "lr": 0.5338618843034166}, "datetime": {"datetime": "2024-06-13 19:54:38", "elapsed": 6.01523, "delta": 0.004986}}
{"target": -317.7355614044789, "params": {"gamma": 2.329308118342716, "lr": 0.7548078511004613}, "datetime": {"datetime": "2024-06-13 19:54:38", "elapsed": 6.019222, "delta": 0.003992}}
{"target": -1344.6482451539373, "params": {"gamma": 6.749030971060837, "lr": 0.07192696480921446}, "datetime": {"datetime": "2024-06-13 19:54:38", "elapsed": 6.024209, "delta": 0.004987}}
{"target": -1250.2674216484465, "params": {"gamma": 9.892657582673268, "lr": 0.7804569355743413}, "datetime": {"datetime": "2024-06-13 19:54:38", "elapsed": 6.028198, "delta": 0.003989}}
{"target": -461.64482822662933, "params": {"gamma": 2.279031043019085, "lr": 0.030742818349697054}, "datetime": {"datetime": "2024-06-13 19:54:38", "elapsed": 6.032187, "delta": 0.003989}}
{"target": -448.142583187571, "params": {"gamma": 4.784239938885914, "lr": 0.35274243750107404}, "datetime": {"datetime": "2024-06-13 19:54:38", "elapsed": 6.036177, "delta": 0.00399}}
{"target": -535.8600591589388, "params": {"gamma": 5.465568482142916, "lr": 0.6596639554249211}, "datetime": {"datetime": "2024-06-13 19:54:38", "elapsed": 6.041164, "delta": 0.004987}}
{"target": -1586.8597000050715, "params": {"gamma": 7.972400853780025, "lr": 0.013544346839127641}, "datetime": {"datetime": "2024-06-13 19:54:38", "elapsed": 6.045153, "delta": 0.003989}}
{"target": -641.8668717063742, "params": {"gamma": 7.143240843274906, "lr": 0.2953139661018992}, "datetime": {"datetime": "2024-06-13 19:54:38", "elapsed": 6.050139, "delta": 0.004986}}
{"target": -1268.5620580426282, "params": {"gamma": 9.864039353798532, "lr": 0.8462417305877817}, "datetime": {"datetime": "2024-06-13 19:54:38", "elapsed": 6.054129, "delta": 0.00399}}
{"target": -535.8737623946273, "params": {"gamma": 5.604451409666734, "lr": 0.5977656853768393}, "datetime": {"datetime": "2024-06-13 19:54:38", "elapsed": 6.060112, "delta": 0.005983}}
{"target": -216.52345907793577, "params": {"gamma": 1.9215646543725684, "lr": 0.2262515885870655}, "datetime": {"datetime": "2024-06-13 19:54:38", "elapsed": 6.065099, "delta": 0.004987}}
{"target": -177.12334344246278, "params": {"gamma": 1.5409777702011733, "lr": 0.37781354746444173}, "datetime": {"datetime": "2024-06-13 19:54:38", "elapsed": 6.069089, "delta": 0.00399}}
{"target": -167.6156485825825, "params": {"gamma": 1.1204424879714694, "lr": 0.5112728936342619}, "datetime": {"datetime": "2024-06-13 19:54:38", "elapsed": 6.073077, "delta": 0.003988}}
{"target": -878.2772346177135, "params": {"gamma": 6.385141076060073, "lr": 0.12221237823698328}, "datetime": {"datetime": "2024-06-13 19:54:38", "elapsed": 6.078065, "delta": 0.004988}}
{"target": -690.5767084575134, "params": {"gamma": 3.442619392943751, "lr": 0.07034787968520784}, "datetime": {"datetime": "2024-06-13 19:54:38", "elapsed": 6.082054, "delta": 0.003989}}
{"target": -516.9543099312197, "params": {"gamma": 5.25808611153342, "lr": 0.6502897692030054}, "datetime": {"datetime": "2024-06-13 19:54:38", "elapsed": 6.086043, "delta": 0.003989}}
{"target": -787.388461187396, "params": {"gamma": 6.155105941609653, "lr": 0.8138695628094851}, "datetime": {"datetime": "2024-06-13 19:54:38", "elapsed": 6.09103, "delta": 0.004987}}
{"target": -257.9882559638074, "params": {"gamma": 2.3564267987877012, "lr": 0.6181818418404456}, "datetime": {"datetime": "2024-06-13 19:54:38", "elapsed": 6.095019, "delta": 0.003989}}
{"target": -604.4587228976868, "params": {"gamma": 3.028982363807174, "lr": 0.0887677060791423}, "datetime": {"datetime": "2024-06-13 19:54:38", "elapsed": 6.099009, "delta": 0.00399}}
{"target": -613.7956455440554, "params": {"gamma": 3.053309454186566, "lr": 0.07135647494461617}, "datetime": {"datetime": "2024-06-13 19:54:38", "elapsed": 6.103995, "delta": 0.004986}}
{"target": -1113.7121690967504, "params": {"gamma": 9.585783535985689, "lr": 0.7271654349269293}, "datetime": {"datetime": "2024-06-13 19:54:38", "elapsed": 6.107985, "delta": 0.00399}}
{"target": -179.0011327797195, "params": {"gamma": 1.0155071173822163, "lr": 0.7862693223485936}, "datetime": {"datetime": "2024-06-13 19:54:38", "elapsed": 6.111974, "delta": 0.003989}}
{"target": -500.8987148281114, "params": {"gamma": 3.5222014456052215, "lr": 0.9114351403237924}, "datetime": {"datetime": "2024-06-13 19:54:38", "elapsed": 6.11696, "delta": 0.004986}}
{"target": -641.3754684846031, "params": {"gamma": 4.955478850036387, "lr": 0.8726927229848721}, "datetime": {"datetime": "2024-06-13 19:54:38", "elapsed": 6.121536, "delta": 0.004576}}
{"target": -224.47499754462442, "params": {"gamma": 2.206077417642493, "lr": 0.36719232590326556}, "datetime": {"datetime": "2024-06-13 19:54:38", "elapsed": 6.125525, "delta": 0.003989}}
{"target": -671.0818391704628, "params": {"gamma": 3.6690025846416687, "lr": 0.09713268160328525}, "datetime": {"datetime": "2024-06-13 19:54:38", "elapsed": 6.129515, "delta": 0.00399}}
{"target": -341.1058047132144, "params": {"gamma": 3.310813326223882, "lr": 0.6597098038387995}, "datetime": {"datetime": "2024-06-13 19:54:38", "elapsed": 6.134501, "delta": 0.004986}}
{"target": -606.1212148872199, "params": {"gamma": 4.665968370246033, "lr": 0.8792315697444312}, "datetime": {"datetime": "2024-06-13 19:54:38", "elapsed": 6.13849, "delta": 0.003989}}
{"target": -265.3908196966549, "params": {"gamma": 2.6974329936370927, "lr": 0.3548193487216488}, "datetime": {"datetime": "2024-06-13 19:54:38", "elapsed": 6.143507, "delta": 0.005017}}
{"target": -351.15539379126363, "params": {"gamma": 3.2042225472159718, "lr": 0.5517379706217076}, "datetime": {"datetime": "2024-06-13 19:54:38", "elapsed": 6.147691, "delta": 0.004184}}
{"target": -261.06791077288995, "params": {"gamma": 1.8830059366472722, "lr": 0.1732442715081729}, "datetime": {"datetime": "2024-06-13 19:54:38", "elapsed": 6.15168, "delta": 0.003989}}
{"target": -888.4395808033189, "params": {"gamma": 9.394879760160336, "lr": 0.37664771374633}, "datetime": {"datetime": "2024-06-13 19:54:38", "elapsed": 6.156666, "delta": 0.004986}}
{"target": -1170.9076778607698, "params": {"gamma": 5.871394250695616, "lr": 0.05515208501882385}, "datetime": {"datetime": "2024-06-13 19:54:38", "elapsed": 6.160655, "delta": 0.003989}}
{"target": -269.83005468855663, "params": {"gamma": 1.409439110996769, "lr": 0.09635855186124331}, "datetime": {"datetime": "2024-06-13 19:54:38", "elapsed": 6.164645, "delta": 0.00399}}
{"target": -1189.9878258541246, "params": {"gamma": 8.121343564013504, "lr": 0.10314678258346421}, "datetime": {"datetime": "2024-06-13 19:54:38", "elapsed": 6.169223, "delta": 0.004578}}
{"target": -626.1794436283235, "params": {"gamma": 5.163644140749812, "lr": 0.1555778979920741}, "datetime": {"datetime": "2024-06-13 19:54:38", "elapsed": 6.173212, "delta": 0.003989}}
{"target": -379.7969208509114, "params": {"gamma": 2.7888887375330564, "lr": 0.8826020025030701}, "datetime": {"datetime": "2024-06-13 19:54:38", "elapsed": 6.1782, "delta": 0.004988}}
{"target": -873.0103974883494, "params": {"gamma": 6.316306057543976, "lr": 0.9636627102130699}, "datetime": {"datetime": "2024-06-13 19:54:38", "elapsed": 6.182188, "delta": 0.003988}}
{"target": -1195.87891917246, "params": {"gamma": 5.997543941794315, "lr": 0.009519716216558005}, "datetime": {"datetime": "2024-06-13 19:54:38", "elapsed": 6.186178, "delta": 0.00399}}
{"target": -831.7039970921148, "params": {"gamma": 4.156994414198696, "lr": 0.02244175435867979}, "datetime": {"datetime": "2024-06-13 19:54:38", "elapsed": 6.191165, "delta": 0.004987}}
{"target": -317.37742281762127, "params": {"gamma": 3.1405292961414175, "lr": 0.48162493072074175}, "datetime": {"datetime": "2024-06-13 19:54:38", "elapsed": 6.195154, "delta": 0.003989}}
{"target": -583.7327757509042, "params": {"gamma": 5.755017951896957, "lr": 0.2386502029289299}, "datetime": {"datetime": "2024-06-13 19:54:38", "elapsed": 6.201138, "delta": 0.005984}}
{"target": -536.0964505779492, "params": {"gamma": 5.583307497898072, "lr": 0.3949201341072339}, "datetime": {"datetime": "2024-06-13 19:54:38", "elapsed": 6.20812, "delta": 0.006982}}
{"target": -609.2442745511377, "params": {"gamma": 5.066315292881764, "lr": 0.19596701454252152}, "datetime": {"datetime": "2024-06-13 19:54:38", "elapsed": 6.213106, "delta": 0.004986}}
{"target": -232.88623651981658, "params": {"gamma": 1.5683593484243095, "lr": 0.7545170076023864}, "datetime": {"datetime": "2024-06-13 19:54:38", "elapsed": 6.217096, "delta": 0.00399}}
{"target": -340.1808683259921, "params": {"gamma": 3.3004023148263886, "lr": 0.6441956925382164}, "datetime": {"datetime": "2024-06-13 19:54:38", "elapsed": 6.222041, "delta": 0.004945}}
{"target": -786.1258387173301, "params": {"gamma": 5.654990510308829, "lr": 0.899530915886071}, "datetime": {"datetime": "2024-06-13 19:54:38", "elapsed": 6.22603, "delta": 0.003989}}
{"target": -874.4083650238188, "params": {"gamma": 8.806955495452243, "lr": 0.4431114003267834}, "datetime": {"datetime": "2024-06-13 19:54:38", "elapsed": 6.231017, "delta": 0.004987}}
{"target": -232.28099124507912, "params": {"gamma": 2.048146129836078, "lr": 0.6321923752918258}, "datetime": {"datetime": "2024-06-13 19:54:38", "elapsed": 6.235006, "delta": 0.003989}}
{"target": -706.4538736794505, "params": {"gamma": 6.368722917490155, "lr": 0.6924175033786027}, "datetime": {"datetime": "2024-06-13 19:54:38", "elapsed": 6.239993, "delta": 0.004987}}
{"target": -1148.8644886684124, "params": {"gamma": 9.074824554145266, "lr": 0.7825809780445985}, "datetime": {"datetime": "2024-06-13 19:54:38", "elapsed": 6.243982, "delta": 0.003989}}
{"target": -607.7409548876029, "params": {"gamma": 6.253284067622613, "lr": 0.6009655953980898}, "datetime": {"datetime": "2024-06-13 19:54:38", "elapsed": 6.247972, "delta": 0.00399}}
{"target": -238.89148754063817, "params": {"gamma": 2.1283776016453526, "lr": 0.651365361997868}, "datetime": {"datetime": "2024-06-13 19:54:38", "elapsed": 6.252958, "delta": 0.004986}}
{"target": -1117.881390368059, "params": {"gamma": 8.145187207595269, "lr": 0.9223224808528965}, "datetime": {"datetime": "2024-06-13 19:54:38", "elapsed": 6.256948, "delta": 0.00399}}
{"target": -942.1650422699805, "params": {"gamma": 9.166584470697245, "lr": 0.5610988058726366}, "datetime": {"datetime": "2024-06-13 19:54:38", "elapsed": 6.260937, "delta": 0.003989}}
{"target": -257.07795842269917, "params": {"gamma": 2.599079923429137, "lr": 0.33379745682371664}, "datetime": {"datetime": "2024-06-13 19:54:38", "elapsed": 6.265924, "delta": 0.004987}}
{"target": -1012.4739971657075, "params": {"gamma": 9.977625893322635, "lr": 0.5255977882178193}, "datetime": {"datetime": "2024-06-13 19:54:38", "elapsed": 6.269913, "delta": 0.003989}}
{"target": -762.9608769830033, "params": {"gamma": 8.159250821705387, "lr": 0.5970161877845721}, "datetime": {"datetime": "2024-06-13 19:54:38", "elapsed": 6.273902, "delta": 0.003989}}
{"target": -473.5635568320304, "params": {"gamma": 5.069796942895938, "lr": 0.34853961530569777}, "datetime": {"datetime": "2024-06-13 19:54:38", "elapsed": 6.27875, "delta": 0.004848}}
{"target": -1073.2832489912428, "params": {"gamma": 5.378167511784794, "lr": 0.00673470699420331}, "datetime": {"datetime": "2024-06-13 19:54:38", "elapsed": 6.282732, "delta": 0.003982}}
{"target": -902.6093508939456, "params": {"gamma": 8.766981380159143, "lr": 0.5614864815326793}, "datetime": {"datetime": "2024-06-13 19:54:38", "elapsed": 6.286722, "delta": 0.00399}}
{"target": -136.02562029013086, "params": {"gamma": 0.2437899718214612, "lr": 0.8181747453311654}, "datetime": {"datetime": "2024-06-13 19:54:38", "elapsed": 6.291708, "delta": 0.004986}}
{"target": -282.90441912233774, "params": {"gamma": 1.3544085542298703, "lr": 0.03063869809086972}, "datetime": {"datetime": "2024-06-13 19:54:38", "elapsed": 6.295698, "delta": 0.00399}}
{"target": -646.967046422055, "params": {"gamma": 4.623891705947023, "lr": 0.9606566952869964}, "datetime": {"datetime": "2024-06-13 19:54:38", "elapsed": 6.299687, "delta": 0.003989}}
{"target": -206.5112919997802, "params": {"gamma": 0.9370488703914385, "lr": 0.0655985161350432}, "datetime": {"datetime": "2024-06-13 19:54:38", "elapsed": 6.304674, "delta": 0.004987}}
{"target": -1109.4516092460758, "params": {"gamma": 8.799475826643015, "lr": 0.8213720415432885}, "datetime": {"datetime": "2024-06-13 19:54:38", "elapsed": 6.308663, "delta": 0.003989}}
