{"target": -149.1615981683611, "params": {"gamma": 0.16150603946145364, "lr": 0.15270593118117648}, "datetime": {"datetime": "2024-06-13 18:28:22", "elapsed": 5.100021, "delta": 0.00399}}
{"target": -1016.8531005851769, "params": {"gamma": 4.621379845784425, "lr": 0.7559010975378051}, "datetime": {"datetime": "2024-06-13 18:28:22", "elapsed": 5.105008, "delta": 0.004987}}
{"target": -1042.0799820435584, "params": {"gamma": 7.2884205045195944, "lr": 0.3523894424830367}, "datetime": {"datetime": "2024-06-13 18:28:22", "elapsed": 5.108997, "delta": 0.003989}}
{"target": -1097.8037857525565, "params": {"gamma": 4.7919136483503735, "lr": 0.8140737533756652}, "datetime": {"datetime": "2024-06-13 18:28:22", "elapsed": 5.113984, "delta": 0.004987}}
{"target": -1084.3615441780235, "params": {"gamma": 8.384190660883412, "lr": 0.3199167004179855}, "datetime": {"datetime": "2024-06-13 18:28:22", "elapsed": 5.117973, "delta": 0.003989}}
{"target": -152.90512231741903, "params": {"gamma": 0.043645919052664246, "lr": 0.046930843226232644}, "datetime": {"datetime": "2024-06-13 18:28:22", "elapsed": 5.122959, "delta": 0.004986}}
{"target": -918.5596111948842, "params": {"gamma": 7.378335968662237, "lr": 0.27263228107250803}, "datetime": {"datetime": "2024-06-13 18:28:22", "elapsed": 5.126949, "delta": 0.00399}}
{"target": -771.1209405645064, "params": {"gamma": 4.815376636054336, "lr": 0.1920312660311443}, "datetime": {"datetime": "2024-06-13 18:28:22", "elapsed": 5.130938, "delta": 0.003989}}
{"target": -1370.793539165754, "params": {"gamma": 8.471282047905861, "lr": 0.5033776096365531}, "datetime": {"datetime": "2024-06-13 18:28:22", "elapsed": 5.135925, "delta": 0.004987}}
{"target": -619.6777931794256, "params": {"gamma": 5.272074597046892, "lr": 0.28807958808575485}, "datetime": {"datetime": "2024-06-13 18:28:22", "elapsed": 5.139914, "delta": 0.003989}}
{"target": -1907.3666284087049, "params": {"gamma": 5.120480307408566, "lr": 0.0019636453825200295}, "datetime": {"datetime": "2024-06-13 18:28:22", "elapsed": 5.143904, "delta": 0.00399}}
{"target": -414.5570696108594, "params": {"gamma": 2.7736731083917574, "lr": 0.34876298353843593}, "datetime": {"datetime": "2024-06-13 18:28:22", "elapsed": 5.14889, "delta": 0.004986}}
{"target": -1045.7547217879198, "params": {"gamma": 2.8402249120040706, "lr": 0.08595222757741783}, "datetime": {"datetime": "2024-06-13 18:28:22", "elapsed": 5.152879, "delta": 0.003989}}
{"target": -1159.1427230889888, "params": {"gamma": 5.2182903111313514, "lr": 0.7884791333735152}, "datetime": {"datetime": "2024-06-13 18:28:22", "elapsed": 5.156869, "delta": 0.00399}}
{"target": -1324.9727275231612, "params": {"gamma": 9.426041757646109, "lr": 0.49728979211666346}, "datetime": {"datetime": "2024-06-13 18:28:22", "elapsed": 5.161855, "delta": 0.004986}}
{"target": -694.8466878774758, "params": {"gamma": 5.93794482969608, "lr": 0.2908599378104706}, "datetime": {"datetime": "2024-06-13 18:28:22", "elapsed": 5.165845, "delta": 0.00399}}
{"target": -382.43537849707116, "params": {"gamma": 1.492445929692968, "lr": 0.13187169072844107}, "datetime": {"datetime": "2024-06-13 18:28:22", "elapsed": 5.170832, "delta": 0.004987}}
{"target": -1527.7587476443343, "params": {"gamma": 7.323875397919708, "lr": 0.7344694353499344}, "datetime": {"datetime": "2024-06-13 18:28:22", "elapsed": 5.174821, "delta": 0.003989}}
{"target": -280.8857993032796, "params": {"gamma": 1.7943208163497153, "lr": 0.41356037977579185}, "datetime": {"datetime": "2024-06-13 18:28:22", "elapsed": 5.17881, "delta": 0.003989}}
{"target": -1402.429680850747, "params": {"gamma": 5.941849134587504, "lr": 0.12528194618614874}, "datetime": {"datetime": "2024-06-13 18:28:22", "elapsed": 5.183798, "delta": 0.004988}}
{"target": -1392.4533658917576, "params": {"gamma": 7.85390412973879, "lr": 0.619992203320239}, "datetime": {"datetime": "2024-06-13 18:28:22", "elapsed": 5.187786, "delta": 0.003988}}
{"target": -1263.722989204608, "params": {"gamma": 6.152601693393037, "lr": 0.7012080919186323}, "datetime": {"datetime": "2024-06-13 18:28:22", "elapsed": 5.192773, "delta": 0.004987}}
{"target": -1652.5574767066607, "params": {"gamma": 9.871843637581678, "lr": 0.5623944559571782}, "datetime": {"datetime": "2024-06-13 18:28:22", "elapsed": 5.196762, "delta": 0.003989}}
{"target": -1219.6948164977407, "params": {"gamma": 8.644298200721781, "lr": 0.4187086750571659}, "datetime": {"datetime": "2024-06-13 18:28:22", "elapsed": 5.20175, "delta": 0.004988}}
{"target": -1730.0099792820863, "params": {"gamma": 6.545039042923117, "lr": 0.9252611878587662}, "datetime": {"datetime": "2024-06-13 18:28:22", "elapsed": 5.205739, "delta": 0.003989}}
{"target": -864.2684181271007, "params": {"gamma": 6.64184400562511, "lr": 0.3030806759430662}, "datetime": {"datetime": "2024-06-13 18:28:22", "elapsed": 5.210725, "delta": 0.004986}}
{"target": -889.8712120962914, "params": {"gamma": 6.199836992922438, "lr": 0.35131832035819255}, "datetime": {"datetime": "2024-06-13 18:28:22", "elapsed": 5.214715, "delta": 0.00399}}
{"target": -583.4356045792415, "params": {"gamma": 3.224344384669061, "lr": 0.6102050587463702}, "datetime": {"datetime": "2024-06-13 18:28:22", "elapsed": 5.218704, "delta": 0.003989}}
{"target": -256.10029660319265, "params": {"gamma": 1.6040719966518822, "lr": 0.4867389357577533}, "datetime": {"datetime": "2024-06-13 18:28:22", "elapsed": 5.22369, "delta": 0.004986}}
{"target": -1317.7015025190103, "params": {"gamma": 9.456397215578926, "lr": 0.38391424197853796}, "datetime": {"datetime": "2024-06-13 18:28:22", "elapsed": 5.227679, "delta": 0.003989}}
{"target": -292.11525544542457, "params": {"gamma": 1.8904369698648686, "lr": 0.468838949642181}, "datetime": {"datetime": "2024-06-13 18:28:22", "elapsed": 5.231669, "delta": 0.00399}}
{"target": -2011.1533236593825, "params": {"gamma": 8.409237406703872, "lr": 0.8426677225950326}, "datetime": {"datetime": "2024-06-13 18:28:22", "elapsed": 5.236656, "delta": 0.004987}}
{"target": -3059.6791993921033, "params": {"gamma": 8.278204591352763, "lr": 0.011475512605813365}, "datetime": {"datetime": "2024-06-13 18:28:22", "elapsed": 5.240645, "delta": 0.003989}}
{"target": -715.2306077928687, "params": {"gamma": 2.6711360589730235, "lr": 0.9998757875742624}, "datetime": {"datetime": "2024-06-13 18:28:22", "elapsed": 5.244635, "delta": 0.00399}}
{"target": -207.8907710583959, "params": {"gamma": 1.1977130886476726, "lr": 0.4900894960876333}, "datetime": {"datetime": "2024-06-13 18:28:22", "elapsed": 5.249621, "delta": 0.004986}}
{"target": -2106.7442115905797, "params": {"gamma": 7.900471479876251, "lr": 0.12221391009385618}, "datetime": {"datetime": "2024-06-13 18:28:22", "elapsed": 5.253611, "delta": 0.00399}}
{"target": -937.1758121983693, "params": {"gamma": 6.624429397731788, "lr": 0.4880804455213241}, "datetime": {"datetime": "2024-06-13 18:28:22", "elapsed": 5.2576, "delta": 0.003989}}
{"target": -510.736424858714, "params": {"gamma": 1.9437055308797813, "lr": 0.8786300265827204}, "datetime": {"datetime": "2024-06-13 18:28:22", "elapsed": 5.262586, "delta": 0.004986}}
{"target": -348.3006640925712, "params": {"gamma": 1.8156924881797458, "lr": 0.6390528592947753}, "datetime": {"datetime": "2024-06-13 18:28:22", "elapsed": 5.266576, "delta": 0.00399}}
{"target": -1245.023382247119, "params": {"gamma": 7.4085279551010945, "lr": 0.5626728865932282}, "datetime": {"datetime": "2024-06-13 18:28:22", "elapsed": 5.270565, "delta": 0.003989}}
{"target": -1682.1322618663285, "params": {"gamma": 6.288786844403314, "lr": 0.11896539662200445}, "datetime": {"datetime": "2024-06-13 18:28:22", "elapsed": 5.275552, "delta": 0.004987}}
{"target": -554.3394610704748, "params": {"gamma": 3.0810618335582585, "lr": 0.5869622072296792}, "datetime": {"datetime": "2024-06-13 18:28:22", "elapsed": 5.279541, "delta": 0.003989}}
{"target": -721.1841071077641, "params": {"gamma": 3.955241699358807, "lr": 0.6639460814328006}, "datetime": {"datetime": "2024-06-13 18:28:22", "elapsed": 5.283531, "delta": 0.00399}}
{"target": -1342.6878522253082, "params": {"gamma": 8.519694493398179, "lr": 0.19022208931218354}, "datetime": {"datetime": "2024-06-13 18:28:22", "elapsed": 5.288517, "delta": 0.004986}}
{"target": -1259.4889845496805, "params": {"gamma": 9.032823736002479, "lr": 0.38317585043109326}, "datetime": {"datetime": "2024-06-13 18:28:22", "elapsed": 5.292506, "delta": 0.003989}}
{"target": -1669.1573968109574, "params": {"gamma": 9.431300182951817, "lr": 0.6173823130249652}, "datetime": {"datetime": "2024-06-13 18:28:22", "elapsed": 5.297493, "delta": 0.004987}}
{"target": -1279.6246788562614, "params": {"gamma": 7.901165115937855, "lr": 0.514775428373226}, "datetime": {"datetime": "2024-06-13 18:28:22", "elapsed": 5.301482, "delta": 0.003989}}
{"target": -696.6509998362376, "params": {"gamma": 5.311915799238696, "lr": 0.3275938987659719}, "datetime": {"datetime": "2024-06-13 18:28:22", "elapsed": 5.306469, "delta": 0.004987}}
{"target": -218.2771494958953, "params": {"gamma": 1.2945177075663274, "lr": 0.3838219118604237}, "datetime": {"datetime": "2024-06-13 18:28:22", "elapsed": 5.310458, "delta": 0.003989}}
{"target": -828.1474856288752, "params": {"gamma": 2.1505498314359848, "lr": 0.03286525588191658}, "datetime": {"datetime": "2024-06-13 18:28:22", "elapsed": 5.314448, "delta": 0.00399}}
{"target": -458.92832996543893, "params": {"gamma": 2.7495934114227696, "lr": 0.18057605266685695}, "datetime": {"datetime": "2024-06-13 18:28:22", "elapsed": 5.319434, "delta": 0.004986}}
{"target": -3233.8612680081756, "params": {"gamma": 8.75542762006619, "lr": 0.08123656243140498}, "datetime": {"datetime": "2024-06-13 18:28:22", "elapsed": 5.324421, "delta": 0.004987}}
{"target": -396.6045625400589, "params": {"gamma": 1.8397720952197505, "lr": 0.7040306955363342}, "datetime": {"datetime": "2024-06-13 18:28:22", "elapsed": 5.32841, "delta": 0.003989}}
{"target": -1135.25762963267, "params": {"gamma": 9.192339684311714, "lr": 0.2514584522319341}, "datetime": {"datetime": "2024-06-13 18:28:22", "elapsed": 5.333398, "delta": 0.004988}}
{"target": -144.90549697039455, "params": {"gamma": 0.21399001348235436, "lr": 0.9605044727550998}, "datetime": {"datetime": "2024-06-13 18:28:22", "elapsed": 5.337386, "delta": 0.003988}}
{"target": -887.074644371127, "params": {"gamma": 6.8225241840990325, "lr": 0.3106626960638559}, "datetime": {"datetime": "2024-06-13 18:28:22", "elapsed": 5.342373, "delta": 0.004987}}
{"target": -838.1869608950823, "params": {"gamma": 4.724262048710183, "lr": 0.5992558738787634}, "datetime": {"datetime": "2024-06-13 18:28:22", "elapsed": 5.346362, "delta": 0.003989}}
{"target": -923.7416033299439, "params": {"gamma": 3.7393118520813564, "lr": 0.874487796621177}, "datetime": {"datetime": "2024-06-13 18:28:22", "elapsed": 5.350352, "delta": 0.00399}}
{"target": -1918.4568418213944, "params": {"gamma": 7.261999710487967, "lr": 0.9543407046242112}, "datetime": {"datetime": "2024-06-13 18:28:22", "elapsed": 5.355338, "delta": 0.004986}}
{"target": -934.1264876010097, "params": {"gamma": 3.5113041629592687, "lr": 0.9371740887217811}, "datetime": {"datetime": "2024-06-13 18:28:22", "elapsed": 5.359328, "delta": 0.00399}}
{"target": -869.599515815542, "params": {"gamma": 4.791526641683215, "lr": 0.6423226386484714}, "datetime": {"datetime": "2024-06-13 18:28:22", "elapsed": 5.363317, "delta": 0.003989}}
{"target": -1678.9640856121719, "params": {"gamma": 7.36673540034412, "lr": 0.8093379690056801}, "datetime": {"datetime": "2024-06-13 18:28:22", "elapsed": 5.368304, "delta": 0.004987}}
{"target": -570.1036342584124, "params": {"gamma": 3.963197413459656, "lr": 0.44794597851477114}, "datetime": {"datetime": "2024-06-13 18:28:22", "elapsed": 5.372293, "delta": 0.003989}}
{"target": -1715.9618083958476, "params": {"gamma": 8.172952984101395, "lr": 0.7175572030909549}, "datetime": {"datetime": "2024-06-13 18:28:22", "elapsed": 5.376282, "delta": 0.003989}}
{"target": -2482.8416630757265, "params": {"gamma": 9.408551244537064, "lr": 0.9795978714178412}, "datetime": {"datetime": "2024-06-13 18:28:22", "elapsed": 5.381269, "delta": 0.004987}}
{"target": -294.2732906617813, "params": {"gamma": 1.7899544503221003, "lr": 0.2279194118127552}, "datetime": {"datetime": "2024-06-13 18:28:22", "elapsed": 5.385259, "delta": 0.00399}}
{"target": -1493.9626326014504, "params": {"gamma": 7.16014848634319, "lr": 0.7473827346542434}, "datetime": {"datetime": "2024-06-13 18:28:22", "elapsed": 5.390245, "delta": 0.004986}}
{"target": -1539.8911212513287, "params": {"gamma": 6.032192362771022, "lr": 0.8772997642215113}, "datetime": {"datetime": "2024-06-13 18:28:22", "elapsed": 5.394234, "delta": 0.003989}}
{"target": -380.3034019071179, "params": {"gamma": 2.5206526306452743, "lr": 0.3394873942967924}, "datetime": {"datetime": "2024-06-13 18:28:22", "elapsed": 5.398224, "delta": 0.00399}}
{"target": -650.7804660951068, "params": {"gamma": 4.946973834220983, "lr": 0.31502708896856757}, "datetime": {"datetime": "2024-06-13 18:28:22", "elapsed": 5.40321, "delta": 0.004986}}
{"target": -1103.819877080955, "params": {"gamma": 5.454845454328703, "lr": 0.6824780792979444}, "datetime": {"datetime": "2024-06-13 18:28:22", "elapsed": 5.4072, "delta": 0.00399}}
{"target": -332.7711271564613, "params": {"gamma": 2.2044486446357947, "lr": 0.48533745396838057}, "datetime": {"datetime": "2024-06-13 18:28:22", "elapsed": 5.412186, "delta": 0.004986}}
{"target": -1279.7758306655521, "params": {"gamma": 9.929820595017146, "lr": 0.3241613031812349}, "datetime": {"datetime": "2024-06-13 18:28:22", "elapsed": 5.416176, "delta": 0.00399}}
{"target": -152.44073813198335, "params": {"gamma": 0.35458383299364826, "lr": 0.8173517292840132}, "datetime": {"datetime": "2024-06-13 18:28:22", "elapsed": 5.420165, "delta": 0.003989}}
{"target": -1875.6666698223444, "params": {"gamma": 5.033564529213024, "lr": 0.052783856118570505}, "datetime": {"datetime": "2024-06-13 18:28:22", "elapsed": 5.425152, "delta": 0.004987}}
{"target": -1255.6615723345417, "params": {"gamma": 8.903159967215188, "lr": 0.4045143799803578}, "datetime": {"datetime": "2024-06-13 18:28:22", "elapsed": 5.429141, "delta": 0.003989}}
{"target": -1309.8030429777423, "params": {"gamma": 9.292802548221829, "lr": 0.40207817380056154}, "datetime": {"datetime": "2024-06-13 18:28:22", "elapsed": 5.434128, "delta": 0.004987}}
{"target": -176.64876912600988, "params": {"gamma": 0.7692460154620339, "lr": 0.2453011441199927}, "datetime": {"datetime": "2024-06-13 18:28:22", "elapsed": 5.438117, "delta": 0.003989}}
{"target": -775.3321712070008, "params": {"gamma": 3.503254796566321, "lr": 0.7507282923552251}, "datetime": {"datetime": "2024-06-13 18:28:22", "elapsed": 5.442106, "delta": 0.003989}}
{"target": -293.8851278910454, "params": {"gamma": 1.8482967753404873, "lr": 0.4309736537258744}, "datetime": {"datetime": "2024-06-13 18:28:22", "elapsed": 5.447093, "delta": 0.004987}}
{"target": -1412.5833543015738, "params": {"gamma": 8.732580952739871, "lr": 0.5337610913727832}, "datetime": {"datetime": "2024-06-13 18:28:22", "elapsed": 5.451083, "delta": 0.00399}}
{"target": -430.64296414902276, "params": {"gamma": 1.0324440427708175, "lr": 0.024522487054632225}, "datetime": {"datetime": "2024-06-13 18:28:22", "elapsed": 5.456069, "delta": 0.004986}}
{"target": -1864.935597087771, "params": {"gamma": 7.058392201809326, "lr": 0.979127490958217}, "datetime": {"datetime": "2024-06-13 18:28:22", "elapsed": 5.460058, "delta": 0.003989}}
{"target": -1717.1371363321125, "params": {"gamma": 7.851867464260117, "lr": 0.7647261968454175}, "datetime": {"datetime": "2024-06-13 18:28:22", "elapsed": 5.464048, "delta": 0.00399}}
{"target": -1496.059532843036, "params": {"gamma": 6.754799709264521, "lr": 0.7955027102986651}, "datetime": {"datetime": "2024-06-13 18:28:22", "elapsed": 5.469035, "delta": 0.004987}}
{"target": -147.03787902479732, "params": {"gamma": 0.40113783894076427, "lr": 0.264681631716854}, "datetime": {"datetime": "2024-06-13 18:28:22", "elapsed": 5.473024, "delta": 0.003989}}
{"target": -1706.736941393298, "params": {"gamma": 6.9542799621795535, "lr": 0.8669883296077439}, "datetime": {"datetime": "2024-06-13 18:28:22", "elapsed": 5.477013, "delta": 0.003989}}
{"target": -1075.583881026905, "params": {"gamma": 6.746394111296426, "lr": 0.17627612798343162}, "datetime": {"datetime": "2024-06-13 18:28:22", "elapsed": 5.482, "delta": 0.004987}}
{"target": -2416.0824606598812, "params": {"gamma": 9.363148290996985, "lr": 0.9033787001108529}, "datetime": {"datetime": "2024-06-13 18:28:22", "elapsed": 5.485989, "delta": 0.003989}}
{"target": -194.76778139899665, "params": {"gamma": 0.8677009826349238, "lr": 0.193000037574253}, "datetime": {"datetime": "2024-06-13 18:28:22", "elapsed": 5.490976, "delta": 0.004987}}
{"target": -587.3737680267916, "params": {"gamma": 2.7526551130746566, "lr": 0.7384118706046068}, "datetime": {"datetime": "2024-06-13 18:28:22", "elapsed": 5.494965, "delta": 0.003989}}
{"target": -1512.2515620416186, "params": {"gamma": 8.59387390968027, "lr": 0.5783223874515512}, "datetime": {"datetime": "2024-06-13 18:28:23", "elapsed": 5.499952, "delta": 0.004987}}
{"target": -306.7437343371308, "params": {"gamma": 1.9972560609459706, "lr": 0.41508988762136245}, "datetime": {"datetime": "2024-06-13 18:28:23", "elapsed": 5.503942, "delta": 0.00399}}
{"target": -384.98906570039964, "params": {"gamma": 1.3794541434408072, "lr": 0.9173961868584244}, "datetime": {"datetime": "2024-06-13 18:28:23", "elapsed": 5.508928, "delta": 0.004986}}
{"target": -1238.7536797320715, "params": {"gamma": 7.645544873164326, "lr": 0.5102138338060775}, "datetime": {"datetime": "2024-06-13 18:28:23", "elapsed": 5.512917, "delta": 0.003989}}
{"target": -1623.536373501778, "params": {"gamma": 4.536296856665209, "lr": 0.0978420783455699}, "datetime": {"datetime": "2024-06-13 18:28:23", "elapsed": 5.517904, "delta": 0.004987}}
{"target": -866.7349749109809, "params": {"gamma": 3.1874348876469725, "lr": 0.12063279535739646}, "datetime": {"datetime": "2024-06-13 18:28:23", "elapsed": 5.521893, "delta": 0.003989}}
{"target": -1267.2221173017288, "params": {"gamma": 7.823598295559239, "lr": 0.5448837066761946}, "datetime": {"datetime": "2024-06-13 18:28:23", "elapsed": 5.525883, "delta": 0.00399}}
{"target": -357.78029484821417, "params": {"gamma": 2.2735465367701733, "lr": 0.22420283925593631}, "datetime": {"datetime": "2024-06-13 18:28:23", "elapsed": 5.530869, "delta": 0.004986}}
{"target": -360.7698204348483, "params": {"gamma": 2.6047215769603396, "lr": 0.308872752316256}, "datetime": {"datetime": "2024-06-13 18:28:23", "elapsed": 5.534859, "delta": 0.00399}}
{"target": -463.3110209101061, "params": {"gamma": 3.8776636126823174, "lr": 0.29754893237723723}, "datetime": {"datetime": "2024-06-13 18:28:23", "elapsed": 5.539845, "delta": 0.004986}}
{"target": -2518.669378507148, "params": {"gamma": 6.795879389436971, "lr": 0.03507361930507891}, "datetime": {"datetime": "2024-06-13 18:28:23", "elapsed": 5.543834, "delta": 0.003989}}
{"target": -695.272987079527, "params": {"gamma": 3.2817750389987497, "lr": 0.7452918728580155}, "datetime": {"datetime": "2024-06-13 18:28:23", "elapsed": 5.548821, "delta": 0.004987}}
{"target": -2144.695919335743, "params": {"gamma": 9.428137042767773, "lr": 0.8027325501575512}, "datetime": {"datetime": "2024-06-13 18:28:23", "elapsed": 5.55281, "delta": 0.003989}}
{"target": -375.9477423362285, "params": {"gamma": 2.4090212695059683, "lr": 0.2329154683838317}, "datetime": {"datetime": "2024-06-13 18:28:23", "elapsed": 5.557797, "delta": 0.004987}}
{"target": -501.0049697438169, "params": {"gamma": 1.904177610377174, "lr": 0.8824975348586093}, "datetime": {"datetime": "2024-06-13 18:28:23", "elapsed": 5.561786, "delta": 0.003989}}
{"target": -534.536769143412, "params": {"gamma": 2.3793190167249576, "lr": 0.7581806234131274}, "datetime": {"datetime": "2024-06-13 18:28:23", "elapsed": 5.565776, "delta": 0.00399}}
{"target": -994.4560996956428, "params": {"gamma": 2.611236264315461, "lr": 0.03308184340751563}, "datetime": {"datetime": "2024-06-13 18:28:23", "elapsed": 5.570762, "delta": 0.004986}}
{"target": -1541.647010583355, "params": {"gamma": 7.334743552987591, "lr": 0.7262018097952009}, "datetime": {"datetime": "2024-06-13 18:28:23", "elapsed": 5.574752, "delta": 0.00399}}
{"target": -174.4907545193553, "params": {"gamma": 0.8905021504995737, "lr": 0.3267012579296016}, "datetime": {"datetime": "2024-06-13 18:28:23", "elapsed": 5.579738, "delta": 0.004986}}
{"target": -1765.928847789704, "params": {"gamma": 9.483704536600037, "lr": 0.16294899858218448}, "datetime": {"datetime": "2024-06-13 18:28:23", "elapsed": 5.583728, "delta": 0.00399}}
{"target": -196.56289150563524, "params": {"gamma": 0.8676380540564483, "lr": 0.5946038881116259}, "datetime": {"datetime": "2024-06-13 18:28:23", "elapsed": 5.588714, "delta": 0.004986}}
{"target": -2185.367239534292, "params": {"gamma": 9.309967663594373, "lr": 0.1337783077430914}, "datetime": {"datetime": "2024-06-13 18:28:23", "elapsed": 5.592704, "delta": 0.00399}}
{"target": -1039.2341656351039, "params": {"gamma": 5.130609924306518, "lr": 0.6839992141169576}, "datetime": {"datetime": "2024-06-13 18:28:23", "elapsed": 5.59769, "delta": 0.004986}}
{"target": -673.3448300900214, "params": {"gamma": 1.7191257663086643, "lr": 0.011259893492189477}, "datetime": {"datetime": "2024-06-13 18:28:23", "elapsed": 5.60168, "delta": 0.00399}}
{"target": -3278.213797173161, "params": {"gamma": 8.876943621666769, "lr": 0.035231270653359514}, "datetime": {"datetime": "2024-06-13 18:28:23", "elapsed": 5.606666, "delta": 0.004986}}
{"target": -478.55698944865367, "params": {"gamma": 2.575325379792938, "lr": 0.6516840317406685}, "datetime": {"datetime": "2024-06-13 18:28:23", "elapsed": 5.610656, "delta": 0.00399}}
