{"target": -249.71283684481438, "params": {"gamma": 0.8908932100029573, "lr": 0.18490559027840836}, "datetime": {"datetime": "2024-06-13 15:57:55", "elapsed": 2.758266, "delta": 0.00399}}
{"target": -987.5848306397362, "params": {"gamma": 5.2689919070424525, "lr": 0.417102418106858}, "datetime": {"datetime": "2024-06-13 15:57:55", "elapsed": 2.762255, "delta": 0.003989}}
{"target": -1930.3615868379516, "params": {"gamma": 8.006795921634268, "lr": 0.9332023381866817}, "datetime": {"datetime": "2024-06-13 15:57:55", "elapsed": 2.767242, "delta": 0.004987}}
{"target": -439.91604511326494, "params": {"gamma": 1.779469614765534, "lr": 0.8600667708762162}, "datetime": {"datetime": "2024-06-13 15:57:55", "elapsed": 2.771231, "delta": 0.003989}}
{"target": -2304.863472106484, "params": {"gamma": 9.57399186834036, "lr": 0.9594706068497821}, "datetime": {"datetime": "2024-06-13 15:57:55", "elapsed": 2.77522, "delta": 0.003989}}
{"target": -212.64989953288, "params": {"gamma": 0.37958801461658453, "lr": 0.05758350560817371}, "datetime": {"datetime": "2024-06-13 15:57:55", "elapsed": 2.77921, "delta": 0.00399}}
{"target": -149.8923101283766, "params": {"gamma": 0.05896813178397224, "lr": 0.3126811561554764}, "datetime": {"datetime": "2024-06-13 15:57:56", "elapsed": 2.783212, "delta": 0.004002}}
{"target": -165.0410315274943, "params": {"gamma": 0.5579284287083343, "lr": 0.29386248547054417}, "datetime": {"datetime": "2024-06-13 15:57:56", "elapsed": 2.787201, "delta": 0.003989}}
{"target": -869.4686517661233, "params": {"gamma": 3.5608088438258343, "lr": 0.9536770184739218}, "datetime": {"datetime": "2024-06-13 15:57:56", "elapsed": 2.79119, "delta": 0.003989}}
{"target": -806.1945387622523, "params": {"gamma": 4.770032273945294, "lr": 0.27823844242133033}, "datetime": {"datetime": "2024-06-13 15:57:56", "elapsed": 2.79518, "delta": 0.00399}}
{"target": -1007.5454964354412, "params": {"gamma": 5.030548945314497, "lr": 0.6433579246491355}, "datetime": {"datetime": "2024-06-13 15:57:56", "elapsed": 2.79917, "delta": 0.00399}}
{"target": -274.734564367836, "params": {"gamma": 1.1133454800017826, "lr": 0.7580616581331086}, "datetime": {"datetime": "2024-06-13 15:57:56", "elapsed": 2.803112, "delta": 0.003942}}
{"target": -1947.790665038757, "params": {"gamma": 8.519605767101668, "lr": 0.8442498595694283}, "datetime": {"datetime": "2024-06-13 15:57:56", "elapsed": 2.807101, "delta": 0.003989}}
{"target": -1438.2493376917503, "params": {"gamma": 8.905177817288482, "lr": 0.38184239675576115}, "datetime": {"datetime": "2024-06-13 15:57:56", "elapsed": 2.811428, "delta": 0.004327}}
{"target": -1571.9020822471552, "params": {"gamma": 4.438608178466819, "lr": 0.10158147594616618}, "datetime": {"datetime": "2024-06-13 15:57:56", "elapsed": 2.815418, "delta": 0.00399}}
{"target": -561.9463998102104, "params": {"gamma": 2.25884341738992, "lr": 0.971320469273211}, "datetime": {"datetime": "2024-06-13 15:57:56", "elapsed": 2.819407, "delta": 0.003989}}
{"target": -691.9510677436136, "params": {"gamma": 2.8469550657183857, "lr": 0.9073961422409973}, "datetime": {"datetime": "2024-06-13 15:57:56", "elapsed": 2.823396, "delta": 0.003989}}
{"target": -2145.1441725896816, "params": {"gamma": 8.905632311496733, "lr": 0.9225044972603934}, "datetime": {"datetime": "2024-06-13 15:57:56", "elapsed": 2.827385, "delta": 0.003989}}
{"target": -392.6998719851384, "params": {"gamma": 1.5623394948435068, "lr": 0.8797221435013809}, "datetime": {"datetime": "2024-06-13 15:57:56", "elapsed": 2.832372, "delta": 0.004987}}
{"target": -1273.893401932272, "params": {"gamma": 6.320317509680909, "lr": 0.21062817841880244}, "datetime": {"datetime": "2024-06-13 15:57:56", "elapsed": 2.836361, "delta": 0.003989}}
{"target": -919.9555054888529, "params": {"gamma": 3.4518140318860318, "lr": 0.1599187885892832}, "datetime": {"datetime": "2024-06-13 15:57:56", "elapsed": 2.84035, "delta": 0.003989}}
{"target": -1632.0321109441707, "params": {"gamma": 4.444037226303826, "lr": 0.08377495384546052}, "datetime": {"datetime": "2024-06-13 15:57:56", "elapsed": 2.844339, "delta": 0.003989}}
{"target": -408.7853544970729, "params": {"gamma": 1.654019586311918, "lr": 0.19719634646666928}, "datetime": {"datetime": "2024-06-13 15:57:56", "elapsed": 2.84833, "delta": 0.003991}}
{"target": -1302.2981699522106, "params": {"gamma": 6.910582388225486, "lr": 0.573802869165353}, "datetime": {"datetime": "2024-06-13 15:57:56", "elapsed": 2.852318, "delta": 0.003988}}
{"target": -1559.555878056167, "params": {"gamma": 8.733358017233284, "lr": 0.2446340657192081}, "datetime": {"datetime": "2024-06-13 15:57:56", "elapsed": 2.856308, "delta": 0.00399}}
{"target": -2367.0565614441703, "params": {"gamma": 6.296449959232413, "lr": 0.034431265307095615}, "datetime": {"datetime": "2024-06-13 15:57:56", "elapsed": 2.860296, "delta": 0.003988}}
{"target": -1218.2377826168524, "params": {"gamma": 5.162468412309614, "lr": 0.8632264817138495}, "datetime": {"datetime": "2024-06-13 15:57:56", "elapsed": 2.864287, "delta": 0.003991}}
{"target": -3687.381037359155, "params": {"gamma": 9.841281312305282, "lr": 0.009872975358918512}, "datetime": {"datetime": "2024-06-13 15:57:56", "elapsed": 2.868276, "delta": 0.003989}}
{"target": -470.5296854110057, "params": {"gamma": 2.5291619792860742, "lr": 0.22384967032752534}, "datetime": {"datetime": "2024-06-13 15:57:56", "elapsed": 2.872265, "delta": 0.003989}}
{"target": -239.71431751265158, "params": {"gamma": 0.4763284046833772, "lr": 0.010172456261775653}, "datetime": {"datetime": "2024-06-13 15:57:56", "elapsed": 2.876254, "delta": 0.003989}}
{"target": -1848.0531761820919, "params": {"gamma": 4.902462927130074, "lr": 0.04548214567029407}, "datetime": {"datetime": "2024-06-13 15:57:56", "elapsed": 2.880244, "delta": 0.00399}}
{"target": -567.9841207166063, "params": {"gamma": 2.784002980338173, "lr": 0.6399745691089123}, "datetime": {"datetime": "2024-06-13 15:57:56", "elapsed": 2.884233, "delta": 0.003989}}
{"target": -511.9167151972741, "params": {"gamma": 2.9476257235674814, "lr": 0.26965470115905144}, "datetime": {"datetime": "2024-06-13 15:57:56", "elapsed": 2.888223, "delta": 0.00399}}
{"target": -961.9538271213306, "params": {"gamma": 5.905874675913428, "lr": 0.38053407720964005}, "datetime": {"datetime": "2024-06-13 15:57:56", "elapsed": 2.892248, "delta": 0.004025}}
{"target": -1297.6682787008363, "params": {"gamma": 7.025527816580048, "lr": 0.4961239512498611}, "datetime": {"datetime": "2024-06-13 15:57:56", "elapsed": 2.896201, "delta": 0.003953}}
{"target": -1031.8054262440883, "params": {"gamma": 6.33245944879897, "lr": 0.3533943470016294}, "datetime": {"datetime": "2024-06-13 15:57:56", "elapsed": 2.90019, "delta": 0.003989}}
{"target": -873.5278335917191, "params": {"gamma": 2.871152417608931, "lr": 0.13320711375110195}, "datetime": {"datetime": "2024-06-13 15:57:56", "elapsed": 2.90418, "delta": 0.00399}}
{"target": -2104.4750665837214, "params": {"gamma": 9.370866767604843, "lr": 0.8048358460157946}, "datetime": {"datetime": "2024-06-13 15:57:56", "elapsed": 2.909166, "delta": 0.004986}}
{"target": -2187.4963548866804, "params": {"gamma": 9.380347403020368, "lr": 0.1853805246478023}, "datetime": {"datetime": "2024-06-13 15:57:56", "elapsed": 2.912158, "delta": 0.002992}}
{"target": -2246.943638456081, "params": {"gamma": 9.331624472469432, "lr": 0.9357532076921331}, "datetime": {"datetime": "2024-06-13 15:57:56", "elapsed": 2.917145, "delta": 0.004987}}
{"target": -491.1958407112877, "params": {"gamma": 2.8361615915229414, "lr": 0.27463424842386297}, "datetime": {"datetime": "2024-06-13 15:57:56", "elapsed": 2.921134, "delta": 0.003989}}
{"target": -1292.7807793156735, "params": {"gamma": 5.514764305160052, "lr": 0.18528923936855235}, "datetime": {"datetime": "2024-06-13 15:57:56", "elapsed": 2.925124, "delta": 0.00399}}
{"target": -1040.049309242052, "params": {"gamma": 4.421569005157032, "lr": 0.1853176459376844}, "datetime": {"datetime": "2024-06-13 15:57:56", "elapsed": 2.929113, "delta": 0.003989}}
{"target": -1743.0309622357406, "params": {"gamma": 9.473811803621638, "lr": 0.4938246574910856}, "datetime": {"datetime": "2024-06-13 15:57:56", "elapsed": 2.933103, "delta": 0.00399}}
{"target": -1916.9664540097851, "params": {"gamma": 9.639213756472554, "lr": 0.6449416725122118}, "datetime": {"datetime": "2024-06-13 15:57:56", "elapsed": 2.937092, "delta": 0.003989}}
{"target": -1174.9736548291635, "params": {"gamma": 4.843673414550824, "lr": 0.9676952459611975}, "datetime": {"datetime": "2024-06-13 15:57:56", "elapsed": 2.944358, "delta": 0.007266}}
{"target": -312.46883805570695, "params": {"gamma": 1.4327546273059197, "lr": 0.6323298746664966}, "datetime": {"datetime": "2024-06-13 15:57:56", "elapsed": 2.951339, "delta": 0.006981}}
{"target": -1250.1214822492614, "params": {"gamma": 6.6192217900001395, "lr": 0.43383982715272595}, "datetime": {"datetime": "2024-06-13 15:57:56", "elapsed": 2.956326, "delta": 0.004987}}
{"target": -176.067482031738, "params": {"gamma": 0.594512896164236, "lr": 0.4927226011660333}, "datetime": {"datetime": "2024-06-13 15:57:56", "elapsed": 2.960315, "delta": 0.003989}}
{"target": -1055.2784225345267, "params": {"gamma": 4.651874301237257, "lr": 0.8067468107748635}, "datetime": {"datetime": "2024-06-13 15:57:56", "elapsed": 2.964549, "delta": 0.004234}}
{"target": -437.16581323684557, "params": {"gamma": 2.5673532385398095, "lr": 0.3914303629842686}, "datetime": {"datetime": "2024-06-13 15:57:56", "elapsed": 2.969218, "delta": 0.004669}}
{"target": -513.7622665173726, "params": {"gamma": 2.402481900006551, "lr": 0.6864434151723641}, "datetime": {"datetime": "2024-06-13 15:57:56", "elapsed": 2.973207, "delta": 0.003989}}
{"target": -2237.444882082665, "params": {"gamma": 9.898844649917818, "lr": 0.1774295368682619}, "datetime": {"datetime": "2024-06-13 15:57:56", "elapsed": 2.977197, "delta": 0.00399}}
{"target": -1468.0346211688573, "params": {"gamma": 8.214645955522746, "lr": 0.2309885592816333}, "datetime": {"datetime": "2024-06-13 15:57:56", "elapsed": 2.981186, "delta": 0.003989}}
{"target": -228.55565643314642, "params": {"gamma": 0.5807001579142975, "lr": 0.13881651804567363}, "datetime": {"datetime": "2024-06-13 15:57:56", "elapsed": 2.98557, "delta": 0.004384}}
{"target": -2207.56430654464, "params": {"gamma": 9.351596002308344, "lr": 0.8885421033562281}, "datetime": {"datetime": "2024-06-13 15:57:56", "elapsed": 2.98956, "delta": 0.00399}}
{"target": -711.2431119875981, "params": {"gamma": 2.893315694333617, "lr": 0.9477640661016069}, "datetime": {"datetime": "2024-06-13 15:57:56", "elapsed": 2.993549, "delta": 0.003989}}
{"target": -1600.534975336772, "params": {"gamma": 8.499455421778958, "lr": 0.4346547940716735}, "datetime": {"datetime": "2024-06-13 15:57:56", "elapsed": 2.997485, "delta": 0.003936}}
{"target": -934.0774693687118, "params": {"gamma": 4.681027499109862, "lr": 0.6298530215834227}, "datetime": {"datetime": "2024-06-13 15:57:56", "elapsed": 3.001473, "delta": 0.003988}}
{"target": -619.2448180594419, "params": {"gamma": 1.581160317803163, "lr": 0.014782086742092915}, "datetime": {"datetime": "2024-06-13 15:57:56", "elapsed": 3.005463, "delta": 0.00399}}
{"target": -1013.6341197828064, "params": {"gamma": 2.655854662706386, "lr": 0.015443631942760883}, "datetime": {"datetime": "2024-06-13 15:57:56", "elapsed": 3.009895, "delta": 0.004432}}
{"target": -1221.7483561655706, "params": {"gamma": 6.745313942778413, "lr": 0.5514688358127765}, "datetime": {"datetime": "2024-06-13 15:57:56", "elapsed": 3.013883, "delta": 0.003988}}
{"target": -705.3654182427597, "params": {"gamma": 3.2171598078821737, "lr": 0.7802023371197586}, "datetime": {"datetime": "2024-06-13 15:57:56", "elapsed": 3.017873, "delta": 0.00399}}
{"target": -293.0876611864347, "params": {"gamma": 1.4587085267165556, "lr": 0.2448806387618836}, "datetime": {"datetime": "2024-06-13 15:57:56", "elapsed": 3.022859, "delta": 0.004986}}
{"target": -695.2160664475118, "params": {"gamma": 2.923845306630798, "lr": 0.19593194649899215}, "datetime": {"datetime": "2024-06-13 15:57:56", "elapsed": 3.026849, "delta": 0.00399}}
{"target": -247.00478371613812, "params": {"gamma": 0.8802988990222627, "lr": 0.8699761802716075}, "datetime": {"datetime": "2024-06-13 15:57:56", "elapsed": 3.031836, "delta": 0.004987}}
{"target": -225.06863215167553, "params": {"gamma": 0.8827982670695292, "lr": 0.6837103358216379}, "datetime": {"datetime": "2024-06-13 15:57:56", "elapsed": 3.03782, "delta": 0.005984}}
{"target": -484.04791302286435, "params": {"gamma": 1.204888367700376, "lr": 0.010699003144174157}, "datetime": {"datetime": "2024-06-13 15:57:56", "elapsed": 3.041808, "delta": 0.003988}}
{"target": -1333.7351594371864, "params": {"gamma": 5.573125032519063, "lr": 0.9071090552203707}, "datetime": {"datetime": "2024-06-13 15:57:56", "elapsed": 3.045798, "delta": 0.00399}}
{"target": -1394.9458917865272, "params": {"gamma": 8.604706216701516, "lr": 0.33845138411825004}, "datetime": {"datetime": "2024-06-13 15:57:56", "elapsed": 3.049788, "delta": 0.00399}}
{"target": -152.6290971368572, "params": {"gamma": 0.27256113442929636, "lr": 0.8008593551300331}, "datetime": {"datetime": "2024-06-13 15:57:56", "elapsed": 3.053777, "delta": 0.003989}}
{"target": -1891.4052334267692, "params": {"gamma": 8.06004333796437, "lr": 0.8684881163027721}, "datetime": {"datetime": "2024-06-13 15:57:56", "elapsed": 3.057766, "delta": 0.003989}}
{"target": -1509.6640596460843, "params": {"gamma": 6.696796352155456, "lr": 0.8077788623150765}, "datetime": {"datetime": "2024-06-13 15:57:56", "elapsed": 3.061755, "delta": 0.003989}}
{"target": -1644.6982099466527, "params": {"gamma": 8.9750853247459, "lr": 0.4538299504900123}, "datetime": {"datetime": "2024-06-13 15:57:56", "elapsed": 3.066742, "delta": 0.004987}}
{"target": -1011.6055423685088, "params": {"gamma": 5.578695211845391, "lr": 0.5061311288282347}, "datetime": {"datetime": "2024-06-13 15:57:56", "elapsed": 3.070731, "delta": 0.003989}}
{"target": -1438.8626229335116, "params": {"gamma": 6.920147061337664, "lr": 0.6829068676298748}, "datetime": {"datetime": "2024-06-13 15:57:56", "elapsed": 3.07472, "delta": 0.003989}}
{"target": -1182.980962385099, "params": {"gamma": 5.203616044997302, "lr": 0.8284681480854713}, "datetime": {"datetime": "2024-06-13 15:57:56", "elapsed": 3.07871, "delta": 0.00399}}
{"target": -1150.5588568205806, "params": {"gamma": 5.058288088511875, "lr": 0.8248585623852319}, "datetime": {"datetime": "2024-06-13 15:57:56", "elapsed": 3.0827, "delta": 0.00399}}
{"target": -654.5571381397277, "params": {"gamma": 2.8191690363442863, "lr": 0.17849483297748825}, "datetime": {"datetime": "2024-06-13 15:57:56", "elapsed": 3.086688, "delta": 0.003988}}
{"target": -2033.3056128978005, "params": {"gamma": 9.698735832876796, "lr": 0.7419395254560768}, "datetime": {"datetime": "2024-06-13 15:57:56", "elapsed": 3.091675, "delta": 0.004987}}
{"target": -504.11062758583364, "params": {"gamma": 2.598657141350841, "lr": 0.5812353422911717}, "datetime": {"datetime": "2024-06-13 15:57:56", "elapsed": 3.095664, "delta": 0.003989}}
{"target": -3579.8751070310564, "params": {"gamma": 9.55266727312833, "lr": 0.0807539078120788}, "datetime": {"datetime": "2024-06-13 15:57:56", "elapsed": 3.099654, "delta": 0.00399}}
{"target": -216.43080806655556, "params": {"gamma": 0.8362585364103492, "lr": 0.6191348314199072}, "datetime": {"datetime": "2024-06-13 15:57:56", "elapsed": 3.103644, "delta": 0.00399}}
{"target": -501.58836630987633, "params": {"gamma": 2.245710294880741, "lr": 0.7651839567335081}, "datetime": {"datetime": "2024-06-13 15:57:56", "elapsed": 3.107632, "delta": 0.003988}}
{"target": -1135.892159649254, "params": {"gamma": 5.681957276948102, "lr": 0.6661880902234952}, "datetime": {"datetime": "2024-06-13 15:57:56", "elapsed": 3.111622, "delta": 0.00399}}
{"target": -433.8481203467727, "params": {"gamma": 1.0790311940451294, "lr": 0.08428305143655679}, "datetime": {"datetime": "2024-06-13 15:57:56", "elapsed": 3.115611, "delta": 0.003989}}
{"target": -1168.4631761229352, "params": {"gamma": 6.251585561986592, "lr": 0.4097312611340205}, "datetime": {"datetime": "2024-06-13 15:57:56", "elapsed": 3.1196, "delta": 0.003989}}
{"target": -195.26622259092449, "params": {"gamma": 0.8734379861959459, "lr": 0.3710639450161891}, "datetime": {"datetime": "2024-06-13 15:57:56", "elapsed": 3.124587, "delta": 0.004987}}
{"target": -1572.0833521539028, "params": {"gamma": 6.72177195215883, "lr": 0.1895874001915857}, "datetime": {"datetime": "2024-06-13 15:57:56", "elapsed": 3.128577, "delta": 0.00399}}
{"target": -2157.5138357662872, "params": {"gamma": 8.957395356178512, "lr": 0.9498463888800873}, "datetime": {"datetime": "2024-06-13 15:57:56", "elapsed": 3.132566, "delta": 0.003989}}
{"target": -2016.0486678830364, "params": {"gamma": 9.615763851802903, "lr": 0.7300825577402602}, "datetime": {"datetime": "2024-06-13 15:57:56", "elapsed": 3.136555, "delta": 0.003989}}
{"target": -862.3146596037067, "params": {"gamma": 4.063477988455463, "lr": 0.7437491963512196}, "datetime": {"datetime": "2024-06-13 15:57:56", "elapsed": 3.140544, "delta": 0.003989}}
{"target": -475.56481718248887, "params": {"gamma": 2.8805808058682407, "lr": 0.3144172223907462}, "datetime": {"datetime": "2024-06-13 15:57:56", "elapsed": 3.144534, "delta": 0.00399}}
{"target": -1143.7491450004557, "params": {"gamma": 6.059357715817362, "lr": 0.5948471334079176}, "datetime": {"datetime": "2024-06-13 15:57:56", "elapsed": 3.149521, "delta": 0.004987}}
{"target": -1478.3736561081475, "params": {"gamma": 8.786731102181795, "lr": 0.25460075566057694}, "datetime": {"datetime": "2024-06-13 15:57:56", "elapsed": 3.15351, "delta": 0.003989}}
{"target": -1848.0049655606244, "params": {"gamma": 7.662117463663015, "lr": 0.9410132668189013}, "datetime": {"datetime": "2024-06-13 15:57:56", "elapsed": 3.157499, "delta": 0.003989}}
{"target": -151.2258330916513, "params": {"gamma": 0.011328293644688577, "lr": 0.47608911800210485}, "datetime": {"datetime": "2024-06-13 15:57:56", "elapsed": 3.161488, "delta": 0.003989}}
{"target": -1506.53598359677, "params": {"gamma": 6.570746249918269, "lr": 0.8433232139195225}, "datetime": {"datetime": "2024-06-13 15:57:56", "elapsed": 3.165479, "delta": 0.003991}}
{"target": -443.2804097889225, "params": {"gamma": 1.8382103793481412, "lr": 0.8561592379873718}, "datetime": {"datetime": "2024-06-13 15:57:56", "elapsed": 3.169467, "delta": 0.003988}}
{"target": -867.9537890141039, "params": {"gamma": 3.6442904330904224, "lr": 0.8922739292761724}, "datetime": {"datetime": "2024-06-13 15:57:56", "elapsed": 3.173457, "delta": 0.00399}}
{"target": -188.1384053957067, "params": {"gamma": 0.2780896894835276, "lr": 0.08539013912317062}, "datetime": {"datetime": "2024-06-13 15:57:56", "elapsed": 3.177446, "delta": 0.003989}}
{"target": -1985.8558890355382, "params": {"gamma": 9.81412324707537, "lr": 0.6095019257734966}, "datetime": {"datetime": "2024-06-13 15:57:56", "elapsed": 3.181436, "delta": 0.00399}}
{"target": -956.4734381642568, "params": {"gamma": 4.176905835795019, "lr": 0.16921418469369054}, "datetime": {"datetime": "2024-06-13 15:57:56", "elapsed": 3.186422, "delta": 0.004986}}
{"target": -2442.622649107576, "params": {"gamma": 6.499361629743811, "lr": 0.03697506835935782}, "datetime": {"datetime": "2024-06-13 15:57:56", "elapsed": 3.190067, "delta": 0.003645}}
{"target": -511.20463923093376, "params": {"gamma": 3.116827520693586, "lr": 0.32347919698907535}, "datetime": {"datetime": "2024-06-13 15:57:56", "elapsed": 3.195044, "delta": 0.004977}}
{"target": -1213.3579200133254, "params": {"gamma": 6.074811493252022, "lr": 0.6508312566756971}, "datetime": {"datetime": "2024-06-13 15:57:56", "elapsed": 3.199034, "delta": 0.00399}}
{"target": -2038.822253471913, "params": {"gamma": 8.460699937765456, "lr": 0.9275809425975434}, "datetime": {"datetime": "2024-06-13 15:57:56", "elapsed": 3.203023, "delta": 0.003989}}
{"target": -1245.351960990327, "params": {"gamma": 6.604916818383386, "lr": 0.5781739184085382}, "datetime": {"datetime": "2024-06-13 15:57:56", "elapsed": 3.207013, "delta": 0.00399}}
{"target": -971.0056284547186, "params": {"gamma": 3.987756720746455, "lr": 0.966612492642142}, "datetime": {"datetime": "2024-06-13 15:57:56", "elapsed": 3.211002, "delta": 0.003989}}
{"target": -386.8795729237614, "params": {"gamma": 1.541637639151742, "lr": 0.8950868086486484}, "datetime": {"datetime": "2024-06-13 15:57:56", "elapsed": 3.214992, "delta": 0.00399}}
{"target": -577.9213464192314, "params": {"gamma": 3.1108196657805305, "lr": 0.548489089666104}, "datetime": {"datetime": "2024-06-13 15:57:56", "elapsed": 3.21898, "delta": 0.003988}}
{"target": -1222.2070860055032, "params": {"gamma": 6.8209805180697165, "lr": 0.23646965132615538}, "datetime": {"datetime": "2024-06-13 15:57:56", "elapsed": 3.22297, "delta": 0.00399}}
{"target": -331.20500374222183, "params": {"gamma": 1.678199113817666, "lr": 0.508482013429616}, "datetime": {"datetime": "2024-06-13 15:57:56", "elapsed": 3.226959, "delta": 0.003989}}
{"target": -1644.5272008987465, "params": {"gamma": 7.918846891971133, "lr": 0.6924144621670756}, "datetime": {"datetime": "2024-06-13 15:57:56", "elapsed": 3.231946, "delta": 0.004987}}
{"target": -314.1157159808153, "params": {"gamma": 1.1906143983929753, "lr": 0.900742215071733}, "datetime": {"datetime": "2024-06-13 15:57:56", "elapsed": 3.235935, "delta": 0.003989}}
{"target": -1164.055340836513, "params": {"gamma": 4.797895932924502, "lr": 0.9466766792396476}, "datetime": {"datetime": "2024-06-13 15:57:56", "elapsed": 3.239475, "delta": 0.00354}}
{"target": -2025.3776736422167, "params": {"gamma": 5.53478362877641, "lr": 0.08480182166035288}, "datetime": {"datetime": "2024-06-13 15:57:56", "elapsed": 3.243465, "delta": 0.00399}}
