{"target": -169.7147869117782, "params": {"gamma": 2.2302911723421603, "prior": 9.971405383102082, "rate": 8.17356631642956}, "datetime": {"datetime": "2024-06-14 10:30:36", "elapsed": 11.325293, "delta": 0.009973}}
{"target": -140.79726884720154, "params": {"gamma": 0.42223947812043505, "prior": 3.7954509908618, "rate": 8.122057570514098}, "datetime": {"datetime": "2024-06-14 10:30:36", "elapsed": 11.335267, "delta": 0.009974}}
{"target": -296.38776530439816, "params": {"gamma": 5.284318582532073, "prior": 2.546595173441272, "rate": 7.9290864165444885}, "datetime": {"datetime": "2024-06-14 10:30:36", "elapsed": 11.344243, "delta": 0.008976}}
{"target": -210.09543469092657, "params": {"gamma": 2.6182486884007314, "prior": 0.10394396254204273, "rate": 2.3139578706383697}, "datetime": {"datetime": "2024-06-14 10:30:36", "elapsed": 11.354216, "delta": 0.009973}}
{"target": -487.2367954160135, "params": {"gamma": 9.933709519335848, "prior": 6.596388259986851, "rate": 2.20746055274965}, "datetime": {"datetime": "2024-06-14 10:30:36", "elapsed": 11.363778, "delta": 0.009562}}
{"target": -352.6734481820701, "params": {"gamma": 6.861710880085471, "prior": 6.900675292396006, "rate": 6.407786956598644}, "datetime": {"datetime": "2024-06-14 10:30:36", "elapsed": 11.372754, "delta": 0.008976}}
{"target": -139.8717859699086, "params": {"gamma": 0.7064146187020427, "prior": 2.5053447581940413, "rate": 8.708501091076558}, "datetime": {"datetime": "2024-06-14 10:30:36", "elapsed": 11.383754, "delta": 0.011}}
{"target": -383.1030154991274, "params": {"gamma": 7.347673452195916, "prior": 1.761378459242426, "rate": 2.986596023304183}, "datetime": {"datetime": "2024-06-14 10:30:36", "elapsed": 11.393697, "delta": 0.009943}}
{"target": -307.7856872492168, "params": {"gamma": 5.627657565327734, "prior": 8.281813083626007, "rate": 2.0059625473387035}, "datetime": {"datetime": "2024-06-14 10:30:36", "elapsed": 11.403671, "delta": 0.009974}}
{"target": -142.44033826776544, "params": {"gamma": 1.0175512712412351, "prior": 3.8805020069474243, "rate": 9.123622339058336}, "datetime": {"datetime": "2024-06-14 10:30:36", "elapsed": 11.413644, "delta": 0.009973}}
{"target": -185.3024880100172, "params": {"gamma": 2.605874679054985, "prior": 1.1722130918594946, "rate": 0.56037370979255}, "datetime": {"datetime": "2024-06-14 10:30:36", "elapsed": 11.425612, "delta": 0.011968}}
{"target": -243.40080366622118, "params": {"gamma": 3.517353888144698, "prior": 0.47250675815837395, "rate": 5.830756178383219}, "datetime": {"datetime": "2024-06-14 10:30:36", "elapsed": 11.440572, "delta": 0.01496}}
{"target": -352.4233722134033, "params": {"gamma": 6.725895546392632, "prior": 4.658787540848907, "rate": 7.411427420391562}, "datetime": {"datetime": "2024-06-14 10:30:36", "elapsed": 11.449548, "delta": 0.008976}}
{"target": -278.93757578887596, "params": {"gamma": 5.010748619176405, "prior": 7.053290946278004, "rate": 2.307178418323752}, "datetime": {"datetime": "2024-06-14 10:30:36", "elapsed": 11.459522, "delta": 0.009974}}
{"target": -384.1354051372499, "params": {"gamma": 7.446379482205204, "prior": 5.066208299853456, "rate": 7.053982930260369}, "datetime": {"datetime": "2024-06-14 10:30:36", "elapsed": 11.469496, "delta": 0.009974}}
{"target": -271.99590603338277, "params": {"gamma": 4.467531205373577, "prior": 5.108812034796275, "rate": 0.41631029460275537}, "datetime": {"datetime": "2024-06-14 10:30:36", "elapsed": 11.479469, "delta": 0.009973}}
{"target": -266.5548595013919, "params": {"gamma": 4.893603596752043, "prior": 1.508646271753512, "rate": 1.425815973998472}, "datetime": {"datetime": "2024-06-14 10:30:36", "elapsed": 11.489442, "delta": 0.009973}}
{"target": -245.8140650468657, "params": {"gamma": 4.334070675192891, "prior": 5.804526419276483, "rate": 3.431143903220329}, "datetime": {"datetime": "2024-06-14 10:30:36", "elapsed": 11.499415, "delta": 0.009973}}
{"target": -152.53046186350718, "params": {"gamma": 1.6057554110518168, "prior": 7.439963128101519, "rate": 9.630952636256579}, "datetime": {"datetime": "2024-06-14 10:30:36", "elapsed": 11.509388, "delta": 0.009973}}
{"target": -434.88635262355257, "params": {"gamma": 7.3366892172191065, "prior": 0.8629358918245221, "rate": 8.409240673094226}, "datetime": {"datetime": "2024-06-14 10:30:36", "elapsed": 11.519362, "delta": 0.009974}}
{"target": -140.46207732526196, "params": {"gamma": 0.6760729900832833, "prior": 4.419489281132564, "rate": 9.288699130413471}, "datetime": {"datetime": "2024-06-14 10:30:36", "elapsed": 11.529335, "delta": 0.009973}}
{"target": -190.8298199897854, "params": {"gamma": 2.6325378562618087, "prior": 1.3667364017386738, "rate": 7.622625481835956}, "datetime": {"datetime": "2024-06-14 10:30:36", "elapsed": 11.539308, "delta": 0.009973}}
{"target": -460.09538322008035, "params": {"gamma": 9.286152605869912, "prior": 3.325107364972745, "rate": 2.3253485203555204}, "datetime": {"datetime": "2024-06-14 10:30:36", "elapsed": 11.549282, "delta": 0.009974}}
{"target": -161.70834743064148, "params": {"gamma": 1.8256722786407191, "prior": 9.636031674374332, "rate": 5.766769711868097}, "datetime": {"datetime": "2024-06-14 10:30:36", "elapsed": 11.560253, "delta": 0.010971}}
{"target": -436.12556097338216, "params": {"gamma": 8.601017631330931, "prior": 3.1526153619134747, "rate": 0.5653078671540508}, "datetime": {"datetime": "2024-06-14 10:30:36", "elapsed": 11.570226, "delta": 0.009973}}
{"target": -257.65117231059037, "params": {"gamma": 4.538588046967902, "prior": 2.150389949482985, "rate": 5.190317659626124}, "datetime": {"datetime": "2024-06-14 10:30:36", "elapsed": 11.581196, "delta": 0.01097}}
{"target": -287.45902016281616, "params": {"gamma": 5.3803383685417385, "prior": 3.0134533507087977, "rate": 3.0752313679559293}, "datetime": {"datetime": "2024-06-14 10:30:36", "elapsed": 11.59117, "delta": 0.009974}}
{"target": -143.79320253658057, "params": {"gamma": 0.24271254847611315, "prior": 4.261979937910767, "rate": 3.2375704471739803}, "datetime": {"datetime": "2024-06-14 10:30:36", "elapsed": 11.601144, "delta": 0.009974}}
{"target": -323.1578577063562, "params": {"gamma": 6.1952817624864025, "prior": 8.611654360250752, "rate": 4.926911767488365}, "datetime": {"datetime": "2024-06-14 10:30:36", "elapsed": 11.611117, "delta": 0.009973}}
{"target": -143.97737136221258, "params": {"gamma": 0.8280002720208621, "prior": 9.341456537509496, "rate": 8.083461341580708}, "datetime": {"datetime": "2024-06-14 10:30:36", "elapsed": 11.62109, "delta": 0.009973}}
{"target": -221.53596639463976, "params": {"gamma": 3.6558227125345977, "prior": 3.3742162191489324, "rate": 9.379402853367585}, "datetime": {"datetime": "2024-06-14 10:30:36", "elapsed": 11.631064, "delta": 0.009974}}
{"target": -220.28489163186345, "params": {"gamma": 3.7495685112706005, "prior": 6.3944419643693875, "rate": 9.853458036647636}, "datetime": {"datetime": "2024-06-14 10:30:36", "elapsed": 11.641037, "delta": 0.009973}}
{"target": -143.47952170541728, "params": {"gamma": 0.36836090554034395, "prior": 3.214846683672905, "rate": 2.313125983692789}, "datetime": {"datetime": "2024-06-14 10:30:36", "elapsed": 11.65101, "delta": 0.009973}}
{"target": -470.6256867400851, "params": {"gamma": 9.223731826093484, "prior": 5.556253632459004, "rate": 0.5380816705607578}, "datetime": {"datetime": "2024-06-14 10:30:36", "elapsed": 11.661981, "delta": 0.010971}}
{"target": -384.2735191152631, "params": {"gamma": 7.552727246484496, "prior": 6.872429831212706, "rate": 6.622078860248277}, "datetime": {"datetime": "2024-06-14 10:30:36", "elapsed": 11.671954, "delta": 0.009973}}
{"target": -475.00058962261824, "params": {"gamma": 9.557332020493899, "prior": 8.758555827281402, "rate": 7.532761600172254}, "datetime": {"datetime": "2024-06-14 10:30:36", "elapsed": 11.681928, "delta": 0.009974}}
{"target": -167.26500555590493, "params": {"gamma": 2.2274368777620133, "prior": 1.4663481242278644, "rate": 2.2096624750777165}, "datetime": {"datetime": "2024-06-14 10:30:36", "elapsed": 11.691901, "delta": 0.009973}}
{"target": -163.22833390261172, "params": {"gamma": 2.0558931010754273, "prior": 5.722849003564123, "rate": 6.63077518785403}, "datetime": {"datetime": "2024-06-14 10:30:36", "elapsed": 11.701875, "delta": 0.009974}}
{"target": -309.47641703235035, "params": {"gamma": 5.274647786496121, "prior": 0.6578589781712976, "rate": 3.6322627869363457}, "datetime": {"datetime": "2024-06-14 10:30:36", "elapsed": 11.712845, "delta": 0.01097}}
{"target": -475.8024827821251, "params": {"gamma": 9.677306363671502, "prior": 6.98556459651058, "rate": 3.698028055635611}, "datetime": {"datetime": "2024-06-14 10:30:36", "elapsed": 11.722818, "delta": 0.009973}}
{"target": -351.0070634215285, "params": {"gamma": 6.716589859874733, "prior": 2.7245859703372814, "rate": 0.7756981624656162}, "datetime": {"datetime": "2024-06-14 10:30:36", "elapsed": 11.732792, "delta": 0.009974}}
{"target": -286.03895866309284, "params": {"gamma": 5.281143325416827, "prior": 2.9687143459337384, "rate": 4.817037304645983}, "datetime": {"datetime": "2024-06-14 10:30:36", "elapsed": 11.743793, "delta": 0.011001}}
{"target": -454.15100378040137, "params": {"gamma": 9.020043950898684, "prior": 6.552229630812366, "rate": 7.233468037123845}, "datetime": {"datetime": "2024-06-14 10:30:36", "elapsed": 11.752767, "delta": 0.008974}}
{"target": -145.8315043718449, "params": {"gamma": 1.0267626657461268, "prior": 4.8486150493478055, "rate": 4.044014562004185}, "datetime": {"datetime": "2024-06-14 10:30:36", "elapsed": 11.762711, "delta": 0.009944}}
{"target": -337.6903394878179, "params": {"gamma": 6.468925570274098, "prior": 2.9485778320940845, "rate": 3.8312640574634482}, "datetime": {"datetime": "2024-06-14 10:30:36", "elapsed": 11.773682, "delta": 0.010971}}
{"target": -501.281177816464, "params": {"gamma": 9.81018690271792, "prior": 1.23662462107414, "rate": 1.9998787227506973}, "datetime": {"datetime": "2024-06-14 10:30:36", "elapsed": 11.783655, "delta": 0.009973}}
{"target": -173.02432400618443, "params": {"gamma": 2.3912225972933583, "prior": 6.996876584358281, "rate": 7.1371672251136955}, "datetime": {"datetime": "2024-06-14 10:30:36", "elapsed": 11.793693, "delta": 0.010038}}
{"target": -413.4786521275017, "params": {"gamma": 7.847764610820117, "prior": 3.8723393107957245, "rate": 8.524180473287885}, "datetime": {"datetime": "2024-06-14 10:30:36", "elapsed": 11.803667, "delta": 0.009974}}
{"target": -359.54203405692056, "params": {"gamma": 6.973768049350303, "prior": 7.161272986009691, "rate": 8.220064454506392}, "datetime": {"datetime": "2024-06-14 10:30:36", "elapsed": 11.81364, "delta": 0.009973}}
{"target": -349.2953802778343, "params": {"gamma": 6.289615458969785, "prior": 4.280053466198156, "rate": 0.3089573128355685}, "datetime": {"datetime": "2024-06-14 10:30:36", "elapsed": 11.823613, "delta": 0.009973}}
{"target": -312.84323522133127, "params": {"gamma": 5.9549611772267355, "prior": 5.681259338068073, "rate": 6.008479407469643}, "datetime": {"datetime": "2024-06-14 10:30:36", "elapsed": 11.834584, "delta": 0.010971}}
{"target": -210.978833229562, "params": {"gamma": 3.2292118332970405, "prior": 5.593331570762452, "rate": 1.7173913865365833}, "datetime": {"datetime": "2024-06-14 10:30:36", "elapsed": 11.844557, "delta": 0.009973}}
{"target": -393.4154910899622, "params": {"gamma": 6.49894440266871, "prior": 0.8095673895400698, "rate": 8.750896260863644}, "datetime": {"datetime": "2024-06-14 10:30:36", "elapsed": 11.854531, "delta": 0.009974}}
{"target": -167.62448902558475, "params": {"gamma": 2.1621633635158477, "prior": 3.0090612487247013, "rate": 8.847484449475706}, "datetime": {"datetime": "2024-06-14 10:30:36", "elapsed": 11.864504, "delta": 0.009973}}
{"target": -438.85318068813, "params": {"gamma": 8.836037308166828, "prior": 8.37904543989899, "rate": 3.2700292334455643}, "datetime": {"datetime": "2024-06-14 10:30:36", "elapsed": 11.874477, "delta": 0.009973}}
{"target": -450.25839189458986, "params": {"gamma": 9.023544047406462, "prior": 7.740842728171373, "rate": 6.581171726876564}, "datetime": {"datetime": "2024-06-14 10:30:36", "elapsed": 11.88445, "delta": 0.009973}}
{"target": -445.6768026647256, "params": {"gamma": 8.99813093515086, "prior": 7.853001575402082, "rate": 4.2480703423217}, "datetime": {"datetime": "2024-06-14 10:30:36", "elapsed": 11.894424, "delta": 0.009974}}
{"target": -218.39288810457208, "params": {"gamma": 3.2432279860467617, "prior": 3.999393563924491, "rate": 0.6150601284275855}, "datetime": {"datetime": "2024-06-14 10:30:36", "elapsed": 11.905394, "delta": 0.01097}}
{"target": -218.99408327854158, "params": {"gamma": 3.634945499368943, "prior": 3.595132489864901, "rate": 8.656379251086715}, "datetime": {"datetime": "2024-06-14 10:30:37", "elapsed": 11.915368, "delta": 0.009974}}
{"target": -441.7756419049526, "params": {"gamma": 8.887111795253091, "prior": 9.63421565993784, "rate": 3.282664276898728}, "datetime": {"datetime": "2024-06-14 10:30:37", "elapsed": 11.925341, "delta": 0.009973}}
{"target": -357.2207797248142, "params": {"gamma": 6.933508237753853, "prior": 6.367356052167569, "rate": 2.425195012153892}, "datetime": {"datetime": "2024-06-14 10:30:37", "elapsed": 11.934889, "delta": 0.009548}}
{"target": -469.4007750224158, "params": {"gamma": 8.700006275800442, "prior": 2.219608966119336, "rate": 7.477392312505152}, "datetime": {"datetime": "2024-06-14 10:30:37", "elapsed": 11.945855, "delta": 0.010966}}
{"target": -153.23423974816555, "params": {"gamma": 1.4474946912067754, "prior": 1.1575145967721554, "rate": 7.20350177902532}, "datetime": {"datetime": "2024-06-14 10:30:37", "elapsed": 11.955829, "delta": 0.009974}}
{"target": -285.9897715351076, "params": {"gamma": 5.263654842331062, "prior": 4.484866730228926, "rate": 7.7820274969779515}, "datetime": {"datetime": "2024-06-14 10:30:37", "elapsed": 11.966799, "delta": 0.01097}}
{"target": -213.6001447297631, "params": {"gamma": 3.588074784629776, "prior": 8.548161025287675, "rate": 9.62176279907113}, "datetime": {"datetime": "2024-06-14 10:30:37", "elapsed": 11.976773, "delta": 0.009974}}
{"target": -497.3238494513583, "params": {"gamma": 9.791275810251324, "prior": 2.8485172225745474, "rate": 4.1506553568115665}, "datetime": {"datetime": "2024-06-14 10:30:37", "elapsed": 11.986746, "delta": 0.009973}}
{"target": -369.24691110943354, "params": {"gamma": 7.250373833289235, "prior": 8.95917274672825, "rate": 7.113399789936541}, "datetime": {"datetime": "2024-06-14 10:30:37", "elapsed": 11.996719, "delta": 0.009973}}
{"target": -384.2959823006456, "params": {"gamma": 7.5815646955077245, "prior": 8.84569615448094, "rate": 3.670115433263018}, "datetime": {"datetime": "2024-06-14 10:30:37", "elapsed": 12.00769, "delta": 0.010971}}
{"target": -290.07642377215035, "params": {"gamma": 5.425906871529926, "prior": 5.394222758269183, "rate": 6.4761782194627475}, "datetime": {"datetime": "2024-06-14 10:30:37", "elapsed": 12.018661, "delta": 0.010971}}
{"target": -459.2439060621521, "params": {"gamma": 8.951943613361554, "prior": 6.0481920136487215, "rate": 9.699415438622323}, "datetime": {"datetime": "2024-06-14 10:30:37", "elapsed": 12.028634, "delta": 0.009973}}
{"target": -378.1203892571453, "params": {"gamma": 7.3216234120977175, "prior": 4.211385766390366, "rate": 5.81180346318073}, "datetime": {"datetime": "2024-06-14 10:30:37", "elapsed": 12.038607, "delta": 0.009973}}
{"target": -464.34391963786953, "params": {"gamma": 9.223285503388022, "prior": 6.223153800877035, "rate": 7.099576105580202}, "datetime": {"datetime": "2024-06-14 10:30:37", "elapsed": 12.048581, "delta": 0.009974}}
{"target": -340.9961681572285, "params": {"gamma": 6.613259028912707, "prior": 3.42784974510567, "rate": 2.0341452163718596}, "datetime": {"datetime": "2024-06-14 10:30:37", "elapsed": 12.058554, "delta": 0.009973}}
{"target": -250.84807574749078, "params": {"gamma": 4.078721813041604, "prior": 1.592621080704164, "rate": 8.263509143662432}, "datetime": {"datetime": "2024-06-14 10:30:37", "elapsed": 12.068527, "delta": 0.009973}}
{"target": -363.7579835021984, "params": {"gamma": 7.104895674394641, "prior": 4.070456275164108, "rate": 1.7146555781871196}, "datetime": {"datetime": "2024-06-14 10:30:37", "elapsed": 12.078501, "delta": 0.009974}}
{"target": -449.0017974342812, "params": {"gamma": 8.75811759952061, "prior": 6.42673266977647, "rate": 9.966031596995483}, "datetime": {"datetime": "2024-06-14 10:30:37", "elapsed": 12.088474, "delta": 0.009973}}
{"target": -150.04111514050234, "params": {"gamma": 1.0118777980878546, "prior": 2.5239987554093983, "rate": 0.8374656866964549}, "datetime": {"datetime": "2024-06-14 10:30:37", "elapsed": 12.098448, "delta": 0.009974}}
{"target": -419.0319721968907, "params": {"gamma": 7.447673015821188, "prior": 1.6797955636247195, "rate": 8.816713679816221}, "datetime": {"datetime": "2024-06-14 10:30:37", "elapsed": 12.10842, "delta": 0.009972}}
{"target": -290.6383138938245, "params": {"gamma": 4.915303785862436, "prior": 5.309075700418279, "rate": 0.42616036762125126}, "datetime": {"datetime": "2024-06-14 10:30:37", "elapsed": 12.119392, "delta": 0.010972}}
{"target": -320.4511488190672, "params": {"gamma": 6.140922303680539, "prior": 2.353386412041166, "rate": 2.135827389380809}, "datetime": {"datetime": "2024-06-14 10:30:37", "elapsed": 12.129365, "delta": 0.009973}}
{"target": -475.6441925248651, "params": {"gamma": 8.953290370672992, "prior": 8.891332155070218, "rate": 0.05364657807886874}, "datetime": {"datetime": "2024-06-14 10:30:37", "elapsed": 12.139338, "delta": 0.009973}}
{"target": -415.8795091526317, "params": {"gamma": 8.323207291901435, "prior": 9.032758516193605, "rate": 5.119964633266645}, "datetime": {"datetime": "2024-06-14 10:30:37", "elapsed": 12.150308, "delta": 0.01097}}
{"target": -339.0477731460032, "params": {"gamma": 6.56208200669582, "prior": 7.701078270941128, "rate": 6.854714307550932}, "datetime": {"datetime": "2024-06-14 10:30:37", "elapsed": 12.160282, "delta": 0.009974}}
{"target": -253.89126402395908, "params": {"gamma": 4.59170508000715, "prior": 5.777177096628812, "rate": 5.74102025787266}, "datetime": {"datetime": "2024-06-14 10:30:37", "elapsed": 12.170462, "delta": 0.01018}}
{"target": -451.86041975722327, "params": {"gamma": 8.421463069722522, "prior": 2.4803729054295243, "rate": 7.572507436190774}, "datetime": {"datetime": "2024-06-14 10:30:37", "elapsed": 12.181432, "delta": 0.01097}}
{"target": -411.0192704647053, "params": {"gamma": 8.12355876007362, "prior": 7.99062037533525, "rate": 8.07727048210085}, "datetime": {"datetime": "2024-06-14 10:30:37", "elapsed": 12.191406, "delta": 0.009974}}
{"target": -425.23789277849744, "params": {"gamma": 8.292970943843157, "prior": 4.23340593789217, "rate": 6.179249469269826}, "datetime": {"datetime": "2024-06-14 10:30:37", "elapsed": 12.201379, "delta": 0.009973}}
{"target": -387.3265970407853, "params": {"gamma": 7.552699915952439, "prior": 7.720679136482666, "rate": 9.586087624632432}, "datetime": {"datetime": "2024-06-14 10:30:37", "elapsed": 12.210356, "delta": 0.008977}}
{"target": -483.18963397185325, "params": {"gamma": 9.750777680644457, "prior": 5.690872459899503, "rate": 4.657924948350314}, "datetime": {"datetime": "2024-06-14 10:30:37", "elapsed": 12.22033, "delta": 0.009974}}
{"target": -451.621733324152, "params": {"gamma": 8.35541774153753, "prior": 2.2776131471709045, "rate": 7.664214496519479}, "datetime": {"datetime": "2024-06-14 10:30:37", "elapsed": 12.230303, "delta": 0.009973}}
{"target": -160.4484759182599, "params": {"gamma": 1.920923979668611, "prior": 5.957112902935368, "rate": 6.068707734799046}, "datetime": {"datetime": "2024-06-14 10:30:37", "elapsed": 12.240276, "delta": 0.009973}}
{"target": -248.73409782904386, "params": {"gamma": 4.418996184218967, "prior": 8.659051462799177, "rate": 5.435278379231555}, "datetime": {"datetime": "2024-06-14 10:30:37", "elapsed": 12.25025, "delta": 0.009974}}
{"target": -285.2929810844695, "params": {"gamma": 4.927804379534841, "prior": 4.2394437931335665, "rate": 0.6231896086801356}, "datetime": {"datetime": "2024-06-14 10:30:37", "elapsed": 12.26122, "delta": 0.01097}}
{"target": -231.71685378427955, "params": {"gamma": 3.622132449809016, "prior": 1.0188720461219751, "rate": 5.656819358260873}, "datetime": {"datetime": "2024-06-14 10:30:37", "elapsed": 12.271193, "delta": 0.009973}}
{"target": -331.8453849501435, "params": {"gamma": 6.4053758139443495, "prior": 7.701044399919781, "rate": 6.325720028185084}, "datetime": {"datetime": "2024-06-14 10:30:37", "elapsed": 12.281167, "delta": 0.009974}}
{"target": -161.33235426669677, "params": {"gamma": 1.8714204909994507, "prior": 7.527415112713252, "rate": 5.489045144907434}, "datetime": {"datetime": "2024-06-14 10:30:37", "elapsed": 12.29114, "delta": 0.009973}}
{"target": -145.19889087102334, "params": {"gamma": 1.0226014229845646, "prior": 0.34578758896028944, "rate": 2.988163177641064}, "datetime": {"datetime": "2024-06-14 10:30:37", "elapsed": 12.302143, "delta": 0.011003}}
{"target": -355.2169296223839, "params": {"gamma": 6.900460277619986, "prior": 9.334604669396944, "rate": 9.665005509601515}, "datetime": {"datetime": "2024-06-14 10:30:37", "elapsed": 12.311656, "delta": 0.009513}}
{"target": -402.00314521684544, "params": {"gamma": 7.645716345257133, "prior": 3.003166938498256, "rate": 6.2210691836043965}, "datetime": {"datetime": "2024-06-14 10:30:37", "elapsed": 12.322627, "delta": 0.010971}}
{"target": -183.1490519793351, "params": {"gamma": 2.3117301792407194, "prior": 7.53183467935155, "rate": 1.6595044277657995}, "datetime": {"datetime": "2024-06-14 10:30:37", "elapsed": 12.3326, "delta": 0.009973}}
{"target": -382.4944647616061, "params": {"gamma": 7.564947384855503, "prior": 8.699031089411767, "rate": 5.195544029510985}, "datetime": {"datetime": "2024-06-14 10:30:37", "elapsed": 12.343572, "delta": 0.010972}}
