{"target": -264.1028507028187, "params": {"gamma": 5.310942498517634, "prior": 8.153913136901503, "rate": 3.763565542385325}, "datetime": {"datetime": "2024-06-14 11:40:47", "elapsed": 10.153194, "delta": 0.009482}}
{"target": -215.22317603210456, "params": {"gamma": 4.4582994882209785, "prior": 7.53393534067921, "rate": 0.9843654431052541}, "datetime": {"datetime": "2024-06-14 11:40:47", "elapsed": 10.16217, "delta": 0.008976}}
{"target": -205.42355399292046, "params": {"gamma": 3.6059025236596125, "prior": 5.680691927335912, "rate": 2.3866173738298953}, "datetime": {"datetime": "2024-06-14 11:40:47", "elapsed": 10.172144, "delta": 0.009974}}
{"target": -483.41154687743733, "params": {"gamma": 8.399697763448607, "prior": 7.6819248236704, "rate": 9.655460253343795}, "datetime": {"datetime": "2024-06-14 11:40:47", "elapsed": 10.181119, "delta": 0.008975}}
{"target": -697.2822836851816, "params": {"gamma": 5.230357762062273, "prior": 1.1545941141068716, "rate": 9.366233613591808}, "datetime": {"datetime": "2024-06-14 11:40:47", "elapsed": 10.191093, "delta": 0.009974}}
{"target": -530.7671692495768, "params": {"gamma": 8.342525658973996, "prior": 5.489739793932052, "rate": 8.363186471576656}, "datetime": {"datetime": "2024-06-14 11:40:47", "elapsed": 10.200069, "delta": 0.008976}}
{"target": -423.92883845210605, "params": {"gamma": 8.81702750262007, "prior": 7.783203259932287, "rate": 5.712968516447132}, "datetime": {"datetime": "2024-06-14 11:40:47", "elapsed": 10.210043, "delta": 0.009974}}
{"target": -320.08866640420047, "params": {"gamma": 6.153371915939358, "prior": 8.459467758169252, "rate": 6.222544146503024}, "datetime": {"datetime": "2024-06-14 11:40:47", "elapsed": 10.219018, "delta": 0.008975}}
{"target": -184.01024227463566, "params": {"gamma": 2.0655931119171287, "prior": 6.945735393184301, "rate": 5.320605487023739}, "datetime": {"datetime": "2024-06-14 11:40:47", "elapsed": 10.228992, "delta": 0.009974}}
{"target": -440.0141393278833, "params": {"gamma": 2.633207341942995, "prior": 0.10778676114340056, "rate": 2.3557421152378364}, "datetime": {"datetime": "2024-06-14 11:40:47", "elapsed": 10.237967, "delta": 0.008975}}
{"target": -366.1315628733928, "params": {"gamma": 6.735993413062344, "prior": 8.795369976841354, "rate": 8.307194989836436}, "datetime": {"datetime": "2024-06-14 11:40:47", "elapsed": 10.247941, "delta": 0.009974}}
{"target": -232.07025342353316, "params": {"gamma": 1.0819657484995155, "prior": 0.8041372972760987, "rate": 7.616161526478173}, "datetime": {"datetime": "2024-06-14 11:40:47", "elapsed": 10.257422, "delta": 0.009481}}
{"target": -176.0920454539061, "params": {"gamma": 2.849048887810949, "prior": 2.790850219716551, "rate": 0.021001005783708615}, "datetime": {"datetime": "2024-06-14 11:40:47", "elapsed": 10.267395, "delta": 0.009973}}
{"target": -166.13705408512166, "params": {"gamma": 0.9862915673948899, "prior": 1.442410769184296, "rate": 1.5944427020857364}, "datetime": {"datetime": "2024-06-14 11:40:47", "elapsed": 10.276371, "delta": 0.008976}}
{"target": -282.80383450342174, "params": {"gamma": 4.453690712551038, "prior": 8.159944565765821, "rate": 8.123168855569107}, "datetime": {"datetime": "2024-06-14 11:40:47", "elapsed": 10.286344, "delta": 0.009973}}
{"target": -581.2651187333083, "params": {"gamma": 9.099986227202798, "prior": 4.491561182341304, "rate": 7.087396368942189}, "datetime": {"datetime": "2024-06-14 11:40:47", "elapsed": 10.295321, "delta": 0.008977}}
{"target": -338.43980462034955, "params": {"gamma": 4.883852847086367, "prior": 0.5934413255317578, "rate": 0.8052339082615015}, "datetime": {"datetime": "2024-06-14 11:40:47", "elapsed": 10.305295, "delta": 0.009974}}
{"target": -191.61968067261296, "params": {"gamma": 2.4601774098261746, "prior": 9.818055113367866, "rate": 6.919480375538572}, "datetime": {"datetime": "2024-06-14 11:40:47", "elapsed": 10.31427, "delta": 0.008975}}
{"target": -213.15900177303843, "params": {"gamma": 2.680807810991347, "prior": 7.09200612105803, "rate": 6.6137999976813155}, "datetime": {"datetime": "2024-06-14 11:40:47", "elapsed": 10.324252, "delta": 0.009982}}
{"target": -159.52353113687045, "params": {"gamma": 0.4338583185782008, "prior": 3.6787270879532055, "rate": 7.737506106039536}, "datetime": {"datetime": "2024-06-14 11:40:47", "elapsed": 10.334225, "delta": 0.009973}}
{"target": -159.89642707439924, "params": {"gamma": 0.7861506254262016, "prior": 8.855402756081128, "rate": 9.308752094249328}, "datetime": {"datetime": "2024-06-14 11:40:47", "elapsed": 10.344199, "delta": 0.009974}}
{"target": -926.3641735172325, "params": {"gamma": 8.531002038386509, "prior": 1.2620382805993853, "rate": 5.652169643537417}, "datetime": {"datetime": "2024-06-14 11:40:47", "elapsed": 10.35368, "delta": 0.009481}}
{"target": -294.86245776440825, "params": {"gamma": 7.075891918374401, "prior": 8.89100289040774, "rate": 0.958664516968829}, "datetime": {"datetime": "2024-06-14 11:40:47", "elapsed": 10.362656, "delta": 0.008976}}
{"target": -620.1765785463664, "params": {"gamma": 8.157890074908734, "prior": 2.852361683520942, "rate": 5.923281570273373}, "datetime": {"datetime": "2024-06-14 11:40:47", "elapsed": 10.372232, "delta": 0.009576}}
{"target": -323.9900994474241, "params": {"gamma": 7.198237298029824, "prior": 7.7924895786681345, "rate": 2.947353825139696}, "datetime": {"datetime": "2024-06-14 11:40:47", "elapsed": 10.382205, "delta": 0.009973}}
{"target": -610.911192417612, "params": {"gamma": 6.074158012949801, "prior": 2.945981454603072, "rate": 9.983169186094411}, "datetime": {"datetime": "2024-06-14 11:40:47", "elapsed": 10.392179, "delta": 0.009974}}
{"target": -622.21903559088, "params": {"gamma": 8.145241573815564, "prior": 4.198381371066737, "rate": 8.791542714456694}, "datetime": {"datetime": "2024-06-14 11:40:47", "elapsed": 10.401154, "delta": 0.008975}}
{"target": -308.8003049731159, "params": {"gamma": 7.325278649969429, "prior": 9.294594614204785, "rate": 1.7169353317749951}, "datetime": {"datetime": "2024-06-14 11:40:47", "elapsed": 10.411127, "delta": 0.009973}}
{"target": -337.5880414578412, "params": {"gamma": 2.9490552142038204, "prior": 1.0279930931389578, "rate": 3.1804923357554484}, "datetime": {"datetime": "2024-06-14 11:40:47", "elapsed": 10.42015, "delta": 0.009023}}
{"target": -236.72725244028774, "params": {"gamma": 3.812504948851634, "prior": 6.36385414222566, "rate": 4.715727863547479}, "datetime": {"datetime": "2024-06-14 11:40:47", "elapsed": 10.430124, "delta": 0.009974}}
{"target": -347.832279662266, "params": {"gamma": 7.176972138789694, "prior": 2.7653129816669733, "rate": 1.7313941351026625}, "datetime": {"datetime": "2024-06-14 11:40:47", "elapsed": 10.439139, "delta": 0.009015}}
{"target": -253.97129810020516, "params": {"gamma": 3.7918469051508774, "prior": 4.43700623053576, "rate": 4.221843551590521}, "datetime": {"datetime": "2024-06-14 11:40:47", "elapsed": 10.449073, "delta": 0.009934}}
{"target": -519.626316739257, "params": {"gamma": 9.135783296928588, "prior": 2.7687134816348475, "rate": 3.5210819835488736}, "datetime": {"datetime": "2024-06-14 11:40:47", "elapsed": 10.458554, "delta": 0.009481}}
{"target": -200.9174066519044, "params": {"gamma": 2.1528813919731067, "prior": 3.7820378129023013, "rate": 3.8991640529202587}, "datetime": {"datetime": "2024-06-14 11:40:47", "elapsed": 10.468527, "delta": 0.009973}}
{"target": -323.51546447253025, "params": {"gamma": 5.754695144061634, "prior": 2.855813288362186, "rate": 2.595663592769973}, "datetime": {"datetime": "2024-06-14 11:40:47", "elapsed": 10.477503, "delta": 0.008976}}
{"target": -300.0831393829898, "params": {"gamma": 7.190894889170183, "prior": 9.110769204968191, "rate": 1.2218460988148518}, "datetime": {"datetime": "2024-06-14 11:40:47", "elapsed": 10.487045, "delta": 0.009542}}
{"target": -279.4480985028436, "params": {"gamma": 1.8237074185290985, "prior": 1.4177854842714415, "rate": 6.836393220362168}, "datetime": {"datetime": "2024-06-14 11:40:47", "elapsed": 10.497018, "delta": 0.009973}}
{"target": -163.3592171954841, "params": {"gamma": 2.1408837173038955, "prior": 6.0852588727331, "rate": 2.0175856692950274}, "datetime": {"datetime": "2024-06-14 11:40:47", "elapsed": 10.505994, "delta": 0.008976}}
{"target": -620.9569351406991, "params": {"gamma": 8.177754179737551, "prior": 3.229460609356161, "rate": 6.696498030094077}, "datetime": {"datetime": "2024-06-14 11:40:47", "elapsed": 10.515968, "delta": 0.009974}}
{"target": -175.9646675280966, "params": {"gamma": 1.4881868944628063, "prior": 3.128859926152989, "rate": 2.9731172115714624}, "datetime": {"datetime": "2024-06-14 11:40:47", "elapsed": 10.524944, "delta": 0.008976}}
{"target": -388.8466929769428, "params": {"gamma": 6.3511642455179445, "prior": 6.840717218521033, "rate": 8.452641216391733}, "datetime": {"datetime": "2024-06-14 11:40:47", "elapsed": 10.534917, "delta": 0.009973}}
{"target": -185.6134104838882, "params": {"gamma": 1.8342857207824639, "prior": 7.628254666633741, "rate": 7.119682083391317}, "datetime": {"datetime": "2024-06-14 11:40:47", "elapsed": 10.543893, "delta": 0.008976}}
{"target": -249.1510283767017, "params": {"gamma": 5.575881596860648, "prior": 6.536613564525276, "rate": 0.9008610352239393}, "datetime": {"datetime": "2024-06-14 11:40:47", "elapsed": 10.553866, "delta": 0.009973}}
{"target": -199.19949734812252, "params": {"gamma": 1.4696112814099909, "prior": 4.214160035094695, "rate": 7.1139955123219485}, "datetime": {"datetime": "2024-06-14 11:40:47", "elapsed": 10.56384, "delta": 0.009974}}
{"target": -194.15015623564227, "params": {"gamma": 1.6790438150723197, "prior": 3.950893478320653, "rate": 4.979961592920374}, "datetime": {"datetime": "2024-06-14 11:40:47", "elapsed": 10.572816, "delta": 0.008976}}
{"target": -1304.3359055490173, "params": {"gamma": 9.350522223405173, "prior": 0.6464428616796051, "rate": 8.290245901995016}, "datetime": {"datetime": "2024-06-14 11:40:47", "elapsed": 10.582789, "delta": 0.009973}}
{"target": -924.6502882242887, "params": {"gamma": 9.841614299141947, "prior": 2.7459988738469, "rate": 8.90068298043714}, "datetime": {"datetime": "2024-06-14 11:40:47", "elapsed": 10.591766, "delta": 0.008977}}
{"target": -195.70379403276195, "params": {"gamma": 2.9037110876153163, "prior": 8.010174232146655, "rate": 4.599113822624364}, "datetime": {"datetime": "2024-06-14 11:40:47", "elapsed": 10.601738, "delta": 0.009972}}
{"target": -556.1695796345152, "params": {"gamma": 5.976488880119824, "prior": 2.443007029974514, "rate": 6.87646200664599}, "datetime": {"datetime": "2024-06-14 11:40:47", "elapsed": 10.610714, "delta": 0.008976}}
{"target": -173.1765718869316, "params": {"gamma": 1.4876999762661907, "prior": 5.640896340117552, "rate": 4.943794976509587}, "datetime": {"datetime": "2024-06-14 11:40:47", "elapsed": 10.62072, "delta": 0.010006}}
{"target": -549.4925050438986, "params": {"gamma": 8.372222753498248, "prior": 4.866538302199957, "rate": 7.847524868907307}, "datetime": {"datetime": "2024-06-14 11:40:47", "elapsed": 10.629664, "delta": 0.008944}}
{"target": -386.53558999328357, "params": {"gamma": 4.003542773051022, "prior": 3.1482687409659618, "rate": 7.872484136639694}, "datetime": {"datetime": "2024-06-14 11:40:47", "elapsed": 10.639638, "delta": 0.009974}}
{"target": -287.2552186689974, "params": {"gamma": 4.185224174850338, "prior": 5.017984006012016, "rate": 5.773647990711966}, "datetime": {"datetime": "2024-06-14 11:40:47", "elapsed": 10.649615, "delta": 0.009977}}
{"target": -394.6747689858431, "params": {"gamma": 8.196837713155396, "prior": 5.8550677488045215, "rate": 4.062022883905419}, "datetime": {"datetime": "2024-06-14 11:40:47", "elapsed": 10.659588, "delta": 0.009973}}
{"target": -191.11464465697676, "params": {"gamma": 1.6067076982639186, "prior": 7.050901918649678, "rate": 8.832444983696695}, "datetime": {"datetime": "2024-06-14 11:40:47", "elapsed": 10.668564, "delta": 0.008976}}
{"target": -186.9908561662089, "params": {"gamma": 1.0846805001536175, "prior": 4.715518360549507, "rate": 9.34542051628517}, "datetime": {"datetime": "2024-06-14 11:40:47", "elapsed": 10.678537, "delta": 0.009973}}
{"target": -250.29254345531052, "params": {"gamma": 5.635528165584233, "prior": 5.4980097896596, "rate": 0.6356920232315505}, "datetime": {"datetime": "2024-06-14 11:40:47", "elapsed": 10.688512, "delta": 0.009975}}
{"target": -246.85247493464271, "params": {"gamma": 5.353466496108746, "prior": 6.579958907817386, "rate": 1.466771864485812}, "datetime": {"datetime": "2024-06-14 11:40:47", "elapsed": 10.697487, "delta": 0.008975}}
{"target": -908.004483923496, "params": {"gamma": 9.563690911740819, "prior": 2.0418928402390932, "rate": 6.739586009585863}, "datetime": {"datetime": "2024-06-14 11:40:47", "elapsed": 10.707461, "delta": 0.009974}}
{"target": -288.8483834305441, "params": {"gamma": 2.744137192928587, "prior": 1.1734652549355584, "rate": 2.6097471361451294}, "datetime": {"datetime": "2024-06-14 11:40:47", "elapsed": 10.717434, "delta": 0.009973}}
{"target": -203.13010286261797, "params": {"gamma": 3.3421841833472294, "prior": 4.700845584587125, "rate": 2.3443300775714717}, "datetime": {"datetime": "2024-06-14 11:40:47", "elapsed": 10.726409, "delta": 0.008975}}
{"target": -392.0257668623974, "params": {"gamma": 7.27531136269942, "prior": 8.09119191003769, "rate": 7.909964984873447}, "datetime": {"datetime": "2024-06-14 11:40:47", "elapsed": 10.736383, "delta": 0.009974}}
{"target": -361.1757936136286, "params": {"gamma": 7.157769735363946, "prior": 2.7694681369941243, "rate": 2.1053674526157167}, "datetime": {"datetime": "2024-06-14 11:40:47", "elapsed": 10.745359, "delta": 0.008976}}
{"target": -145.81990969118172, "params": {"gamma": 1.092174154085908, "prior": 4.027142903887254, "rate": 0.8735791351201521}, "datetime": {"datetime": "2024-06-14 11:40:47", "elapsed": 10.755332, "delta": 0.009973}}
{"target": -341.65163522243887, "params": {"gamma": 6.554241175168271, "prior": 9.503306252187942, "rate": 7.556577172510941}, "datetime": {"datetime": "2024-06-14 11:40:47", "elapsed": 10.765305, "delta": 0.009973}}
{"target": -244.2778430402705, "params": {"gamma": 1.1698003792568261, "prior": 0.3027643623121794, "rate": 3.349553409033682}, "datetime": {"datetime": "2024-06-14 11:40:47", "elapsed": 10.774281, "delta": 0.008976}}
{"target": -781.4017593977809, "params": {"gamma": 9.928768691433605, "prior": 3.197034304972313, "rate": 7.37534048014249}, "datetime": {"datetime": "2024-06-14 11:40:47", "elapsed": 10.784255, "delta": 0.009974}}
{"target": -348.547898450544, "params": {"gamma": 7.165577236537339, "prior": 5.768320217183284, "rate": 3.6770929306387004}, "datetime": {"datetime": "2024-06-14 11:40:47", "elapsed": 10.794228, "delta": 0.009973}}
{"target": -156.56370102119408, "params": {"gamma": 2.083448674606851, "prior": 9.801992242791993, "rate": 0.6598718062812502}, "datetime": {"datetime": "2024-06-14 11:40:47", "elapsed": 10.803171, "delta": 0.008943}}
{"target": -287.18422020960463, "params": {"gamma": 2.363041291619063, "prior": 3.1581047580501553, "rate": 9.09512403146957}, "datetime": {"datetime": "2024-06-14 11:40:47", "elapsed": 10.813145, "delta": 0.009974}}
{"target": -343.91250623724295, "params": {"gamma": 7.133979260927965, "prior": 2.727181317356326, "rate": 1.6458485280836919}, "datetime": {"datetime": "2024-06-14 11:40:47", "elapsed": 10.822121, "delta": 0.008976}}
{"target": -347.7749700811948, "params": {"gamma": 8.805093637851785, "prior": 7.958453011075212, "rate": 0.38483593233206737}, "datetime": {"datetime": "2024-06-14 11:40:47", "elapsed": 10.832094, "delta": 0.009973}}
{"target": -427.5009080722266, "params": {"gamma": 8.79312913512225, "prior": 5.9206034775835645, "rate": 4.575914432666735}, "datetime": {"datetime": "2024-06-14 11:40:47", "elapsed": 10.84107, "delta": 0.008976}}
{"target": -843.4267619533315, "params": {"gamma": 6.73884491695568, "prior": 0.49048370550033693, "rate": 3.303881713493146}, "datetime": {"datetime": "2024-06-14 11:40:47", "elapsed": 10.851043, "delta": 0.009973}}
{"target": -152.25418657390748, "params": {"gamma": 0.8813961296757109, "prior": 6.868010901332397, "rate": 3.9807191404477567}, "datetime": {"datetime": "2024-06-14 11:40:47", "elapsed": 10.86002, "delta": 0.008977}}
{"target": -453.3388259532264, "params": {"gamma": 4.790061963647635, "prior": 2.969053058004484, "rate": 7.883156906603142}, "datetime": {"datetime": "2024-06-14 11:40:47", "elapsed": 10.869992, "delta": 0.009972}}
{"target": -160.41514663420492, "params": {"gamma": 0.4660803099952485, "prior": 2.883143899002197, "rate": 5.906368021727022}, "datetime": {"datetime": "2024-06-14 11:40:47", "elapsed": 10.879966, "delta": 0.009974}}
{"target": -452.45769734902603, "params": {"gamma": 7.901544890842957, "prior": 6.055833425528347, "rate": 7.305156197867701}, "datetime": {"datetime": "2024-06-14 11:40:47", "elapsed": 10.888942, "delta": 0.008976}}
{"target": -145.39166519133911, "params": {"gamma": 0.23625562086340346, "prior": 2.623743534154576, "rate": 0.42187550666388557}, "datetime": {"datetime": "2024-06-14 11:40:47", "elapsed": 10.898915, "delta": 0.009973}}
{"target": -236.5149137210828, "params": {"gamma": 5.000623972289424, "prior": 9.892488931793658, "rate": 0.1362915505440842}, "datetime": {"datetime": "2024-06-14 11:40:47", "elapsed": 10.908888, "delta": 0.009973}}
{"target": -711.1439068992522, "params": {"gamma": 4.409349504334219, "prior": 0.14738553924825692, "rate": 6.1292733046741406}, "datetime": {"datetime": "2024-06-14 11:40:47", "elapsed": 10.917865, "delta": 0.008977}}
{"target": -154.14668308578447, "params": {"gamma": 1.8344039025545689, "prior": 7.156143659526229, "rate": 1.5973254712175065}, "datetime": {"datetime": "2024-06-14 11:40:47", "elapsed": 10.927838, "delta": 0.009973}}
{"target": -551.0526428156887, "params": {"gamma": 8.28592797664837, "prior": 2.141163820968893, "rate": 3.522810522045676}, "datetime": {"datetime": "2024-06-14 11:40:47", "elapsed": 10.936845, "delta": 0.009007}}
{"target": -181.47399977155993, "params": {"gamma": 2.3065541407607677, "prior": 8.0960764752713, "rate": 4.903209285941475}, "datetime": {"datetime": "2024-06-14 11:40:47", "elapsed": 10.946816, "delta": 0.009971}}
{"target": -867.7318083892608, "params": {"gamma": 8.738461225360355, "prior": 1.3878511297112337, "rate": 4.990082145540017}, "datetime": {"datetime": "2024-06-14 11:40:47", "elapsed": 10.955764, "delta": 0.008948}}
{"target": -376.9134163378551, "params": {"gamma": 7.766359726186858, "prior": 9.813980671032251, "rate": 6.734103924215217}, "datetime": {"datetime": "2024-06-14 11:40:48", "elapsed": 10.965737, "delta": 0.009973}}
{"target": -152.11277773090296, "params": {"gamma": 1.8308287966897505, "prior": 7.621752259925226, "rate": 0.747277516013488}, "datetime": {"datetime": "2024-06-14 11:40:48", "elapsed": 10.97571, "delta": 0.009973}}
{"target": -370.2300839939306, "params": {"gamma": 7.62796186474408, "prior": 8.295370786127524, "rate": 5.592537951402159}, "datetime": {"datetime": "2024-06-14 11:40:48", "elapsed": 10.984686, "delta": 0.008976}}
{"target": -236.56957708855893, "params": {"gamma": 4.927715577252471, "prior": 9.371621484501743, "rate": 0.0019694099260602308}, "datetime": {"datetime": "2024-06-14 11:40:48", "elapsed": 10.994659, "delta": 0.009973}}
{"target": -149.43083513003327, "params": {"gamma": 0.0966593768907281, "prior": 2.5943190891398578, "rate": 5.057258956122923}, "datetime": {"datetime": "2024-06-14 11:40:48", "elapsed": 11.003635, "delta": 0.008976}}
{"target": -296.23104612817, "params": {"gamma": 5.404626088310402, "prior": 3.775794997844595, "rate": 2.9278210405766725}, "datetime": {"datetime": "2024-06-14 11:40:48", "elapsed": 11.013608, "delta": 0.009973}}
{"target": -163.88018746922933, "params": {"gamma": 2.0244710973929743, "prior": 8.02279075452163, "rate": 3.159913122914842}, "datetime": {"datetime": "2024-06-14 11:40:48", "elapsed": 11.023582, "delta": 0.009974}}
{"target": -276.5868376549348, "params": {"gamma": 4.925187387485644, "prior": 8.131779827869634, "rate": 6.123977065658692}, "datetime": {"datetime": "2024-06-14 11:40:48", "elapsed": 11.032404, "delta": 0.008822}}
{"target": -368.1715783342358, "params": {"gamma": 4.086676353275073, "prior": 1.851351801368232, "rate": 3.977123246381154}, "datetime": {"datetime": "2024-06-14 11:40:48", "elapsed": 11.042378, "delta": 0.009974}}
{"target": -235.0624837305432, "params": {"gamma": 4.852641324647453, "prior": 9.906787466384639, "rate": 2.842666564129935}, "datetime": {"datetime": "2024-06-14 11:40:48", "elapsed": 11.052351, "delta": 0.009973}}
{"target": -179.96269113463904, "params": {"gamma": 1.6572311251158391, "prior": 2.2836975838028972, "rate": 2.115461976224172}, "datetime": {"datetime": "2024-06-14 11:40:48", "elapsed": 11.061327, "delta": 0.008976}}
{"target": -154.39722165445312, "params": {"gamma": 0.761400858057041, "prior": 3.712586214392191, "rate": 2.848055513881634}, "datetime": {"datetime": "2024-06-14 11:40:48", "elapsed": 11.0713, "delta": 0.009973}}
{"target": -355.42774951159214, "params": {"gamma": 8.876000332641663, "prior": 7.824570138568547, "rate": 1.09154050351661}, "datetime": {"datetime": "2024-06-14 11:40:48", "elapsed": 11.080276, "delta": 0.008976}}
{"target": -1020.3336556500369, "params": {"gamma": 8.505184450178726, "prior": 1.1850262084006502, "rate": 7.2023572600056704}, "datetime": {"datetime": "2024-06-14 11:40:48", "elapsed": 11.09025, "delta": 0.009974}}
{"target": -779.8807684021771, "params": {"gamma": 5.728670154913063, "prior": 0.9594030042480481, "rate": 9.053375032737591}, "datetime": {"datetime": "2024-06-14 11:40:48", "elapsed": 11.100123, "delta": 0.009873}}
{"target": -387.94697995563905, "params": {"gamma": 8.745790582338879, "prior": 8.454132140483077, "rate": 3.6963039838180336}, "datetime": {"datetime": "2024-06-14 11:40:48", "elapsed": 11.1091, "delta": 0.008977}}
