{"target": -149.80048405500077, "params": {"gamma": 2.2302911723421603, "prior": 9.971405383102082, "rate": 8.17356631642956}, "datetime": {"datetime": "2024-06-14 06:59:15", "elapsed": 11.226024, "delta": 0.009973}}
{"target": -128.35106701263283, "params": {"gamma": 0.42223947812043505, "prior": 3.7954509908618, "rate": 8.122057570514098}, "datetime": {"datetime": "2024-06-14 06:59:15", "elapsed": 11.235997, "delta": 0.009973}}
{"target": -204.21552661754222, "params": {"gamma": 5.284318582532073, "prior": 2.546595173441272, "rate": 7.9290864165444885}, "datetime": {"datetime": "2024-06-14 06:59:15", "elapsed": 11.244973, "delta": 0.008976}}
{"target": -165.46261337674184, "params": {"gamma": 2.6182486884007314, "prior": 0.10394396254204273, "rate": 2.3139578706383697}, "datetime": {"datetime": "2024-06-14 06:59:15", "elapsed": 11.254973, "delta": 0.01}}
{"target": -565.8449036203889, "params": {"gamma": 9.933709519335848, "prior": 6.596388259986851, "rate": 2.20746055274965}, "datetime": {"datetime": "2024-06-14 06:59:15", "elapsed": 11.264946, "delta": 0.009973}}
{"target": -286.32116453228986, "params": {"gamma": 6.861710880085471, "prior": 6.900675292396006, "rate": 6.407786956598644}, "datetime": {"datetime": "2024-06-14 06:59:15", "elapsed": 11.273922, "delta": 0.008976}}
{"target": -120.35932153922171, "params": {"gamma": 0.7064146187020427, "prior": 2.5053447581940413, "rate": 8.708501091076558}, "datetime": {"datetime": "2024-06-14 06:59:15", "elapsed": 11.283895, "delta": 0.009973}}
{"target": -255.34117835851038, "params": {"gamma": 7.347673452195916, "prior": 1.761378459242426, "rate": 2.986596023304183}, "datetime": {"datetime": "2024-06-14 06:59:15", "elapsed": 11.292871, "delta": 0.008976}}
{"target": -358.69481055222377, "params": {"gamma": 5.627657565327734, "prior": 8.281813083626007, "rate": 2.0059625473387035}, "datetime": {"datetime": "2024-06-14 06:59:15", "elapsed": 11.302844, "delta": 0.009973}}
{"target": -120.6154036653116, "params": {"gamma": 1.0175512712412351, "prior": 3.8805020069474243, "rate": 9.123622339058336}, "datetime": {"datetime": "2024-06-14 06:59:15", "elapsed": 11.312818, "delta": 0.009974}}
{"target": -177.84493488089754, "params": {"gamma": 2.605874679054985, "prior": 1.1722130918594946, "rate": 0.56037370979255}, "datetime": {"datetime": "2024-06-14 06:59:15", "elapsed": 11.322791, "delta": 0.009973}}
{"target": -187.53610015037165, "params": {"gamma": 3.517353888144698, "prior": 0.47250675815837395, "rate": 5.830756178383219}, "datetime": {"datetime": "2024-06-14 06:59:15", "elapsed": 11.331767, "delta": 0.008976}}
{"target": -242.1367580056837, "params": {"gamma": 6.725895546392632, "prior": 4.658787540848907, "rate": 7.411427420391562}, "datetime": {"datetime": "2024-06-14 06:59:15", "elapsed": 11.34174, "delta": 0.009973}}
{"target": -303.846159752195, "params": {"gamma": 5.010748619176405, "prior": 7.053290946278004, "rate": 2.307178418323752}, "datetime": {"datetime": "2024-06-14 06:59:15", "elapsed": 11.351714, "delta": 0.009974}}
{"target": -268.8321110613424, "params": {"gamma": 7.446379482205204, "prior": 5.066208299853456, "rate": 7.053982930260369}, "datetime": {"datetime": "2024-06-14 06:59:15", "elapsed": 11.360693, "delta": 0.008979}}
{"target": -346.20760367811437, "params": {"gamma": 4.467531205373577, "prior": 5.108812034796275, "rate": 0.41631029460275537}, "datetime": {"datetime": "2024-06-14 06:59:15", "elapsed": 11.370666, "delta": 0.009973}}
{"target": -219.97182327297978, "params": {"gamma": 4.893603596752043, "prior": 1.508646271753512, "rate": 1.425815973998472}, "datetime": {"datetime": "2024-06-14 06:59:15", "elapsed": 11.379671, "delta": 0.009005}}
{"target": -231.25810839078443, "params": {"gamma": 4.334070675192891, "prior": 5.804526419276483, "rate": 3.431143903220329}, "datetime": {"datetime": "2024-06-14 06:59:15", "elapsed": 11.389644, "delta": 0.009973}}
{"target": -129.98444346994899, "params": {"gamma": 1.6057554110518168, "prior": 7.439963128101519, "rate": 9.630952636256579}, "datetime": {"datetime": "2024-06-14 06:59:15", "elapsed": 11.399618, "delta": 0.009974}}
{"target": -309.4629172503947, "params": {"gamma": 7.3366892172191065, "prior": 0.8629358918245221, "rate": 8.409240673094226}, "datetime": {"datetime": "2024-06-14 06:59:15", "elapsed": 11.408565, "delta": 0.008947}}
{"target": -123.27106560909705, "params": {"gamma": 0.6760729900832833, "prior": 4.419489281132564, "rate": 9.288699130413471}, "datetime": {"datetime": "2024-06-14 06:59:15", "elapsed": 11.418538, "delta": 0.009973}}
{"target": -149.40820597272116, "params": {"gamma": 2.6325378562618087, "prior": 1.3667364017386738, "rate": 7.622625481835956}, "datetime": {"datetime": "2024-06-14 06:59:15", "elapsed": 11.428512, "delta": 0.009974}}
{"target": -417.57252915600986, "params": {"gamma": 9.286152605869912, "prior": 3.325107364972745, "rate": 2.3253485203555204}, "datetime": {"datetime": "2024-06-14 06:59:15", "elapsed": 11.438485, "delta": 0.009973}}
{"target": -148.92926908042747, "params": {"gamma": 1.8256722786407191, "prior": 9.636031674374332, "rate": 5.766769711868097}, "datetime": {"datetime": "2024-06-14 06:59:15", "elapsed": 11.447461, "delta": 0.008976}}
{"target": -558.6108955027889, "params": {"gamma": 8.601017631330931, "prior": 3.1526153619134747, "rate": 0.5653078671540508}, "datetime": {"datetime": "2024-06-14 06:59:15", "elapsed": 11.457434, "delta": 0.009973}}
{"target": -183.82760971032394, "params": {"gamma": 4.538588046967902, "prior": 2.150389949482985, "rate": 5.190317659626124}, "datetime": {"datetime": "2024-06-14 06:59:15", "elapsed": 11.46641, "delta": 0.008976}}
{"target": -230.24329422966719, "params": {"gamma": 5.3803383685417385, "prior": 3.0134533507087977, "rate": 3.0752313679559293}, "datetime": {"datetime": "2024-06-14 06:59:15", "elapsed": 11.476383, "delta": 0.009973}}
{"target": -139.80939386521368, "params": {"gamma": 0.24271254847611315, "prior": 4.261979937910767, "rate": 3.2375704471739803}, "datetime": {"datetime": "2024-06-14 06:59:15", "elapsed": 11.486357, "delta": 0.009974}}
{"target": -311.45106108124975, "params": {"gamma": 6.1952817624864025, "prior": 8.611654360250752, "rate": 4.926911767488365}, "datetime": {"datetime": "2024-06-14 06:59:15", "elapsed": 11.49633, "delta": 0.009973}}
{"target": -130.89764725446074, "params": {"gamma": 0.8280002720208621, "prior": 9.341456537509496, "rate": 8.083461341580708}, "datetime": {"datetime": "2024-06-14 06:59:15", "elapsed": 11.505871, "delta": 0.009541}}
{"target": -164.93493039090959, "params": {"gamma": 3.6558227125345977, "prior": 3.3742162191489324, "rate": 9.379402853367585}, "datetime": {"datetime": "2024-06-14 06:59:15", "elapsed": 11.514847, "delta": 0.008976}}
{"target": -169.88761783466526, "params": {"gamma": 3.7495685112706005, "prior": 6.3944419643693875, "rate": 9.853458036647636}, "datetime": {"datetime": "2024-06-14 06:59:15", "elapsed": 11.52482, "delta": 0.009973}}
{"target": -137.5651713832427, "params": {"gamma": 0.36836090554034395, "prior": 3.214846683672905, "rate": 2.313125983692789}, "datetime": {"datetime": "2024-06-14 06:59:15", "elapsed": 11.534793, "delta": 0.009973}}
{"target": -642.7199188861629, "params": {"gamma": 9.223731826093484, "prior": 5.556253632459004, "rate": 0.5380816705607578}, "datetime": {"datetime": "2024-06-14 06:59:15", "elapsed": 11.543769, "delta": 0.008976}}
{"target": -306.1431420678831, "params": {"gamma": 7.552727246484496, "prior": 6.872429831212706, "rate": 6.622078860248277}, "datetime": {"datetime": "2024-06-14 06:59:15", "elapsed": 11.553296, "delta": 0.009527}}
{"target": -393.9004445515075, "params": {"gamma": 9.557332020493899, "prior": 8.758555827281402, "rate": 7.532761600172254}, "datetime": {"datetime": "2024-06-14 06:59:15", "elapsed": 11.563269, "delta": 0.009973}}
{"target": -137.97856920434586, "params": {"gamma": 2.2274368777620133, "prior": 1.4663481242278644, "rate": 2.2096624750777165}, "datetime": {"datetime": "2024-06-14 06:59:15", "elapsed": 11.573243, "delta": 0.009974}}
{"target": -138.76894925131106, "params": {"gamma": 2.0558931010754273, "prior": 5.722849003564123, "rate": 6.63077518785403}, "datetime": {"datetime": "2024-06-14 06:59:15", "elapsed": 11.582891, "delta": 0.009648}}
{"target": -220.42489019031962, "params": {"gamma": 5.274647786496121, "prior": 0.6578589781712976, "rate": 3.6322627869363457}, "datetime": {"datetime": "2024-06-14 06:59:15", "elapsed": 11.592864, "delta": 0.009973}}
{"target": -481.35623628296895, "params": {"gamma": 9.677306363671502, "prior": 6.98556459651058, "rate": 3.698028055635611}, "datetime": {"datetime": "2024-06-14 06:59:15", "elapsed": 11.602838, "delta": 0.009974}}
{"target": -406.5244308948149, "params": {"gamma": 6.716589859874733, "prior": 2.7245859703372814, "rate": 0.7756981624656162}, "datetime": {"datetime": "2024-06-14 06:59:15", "elapsed": 11.612811, "delta": 0.009973}}
{"target": -205.17660640880146, "params": {"gamma": 5.281143325416827, "prior": 2.9687143459337384, "rate": 4.817037304645983}, "datetime": {"datetime": "2024-06-14 06:59:15", "elapsed": 11.621787, "delta": 0.008976}}
{"target": -338.8961791678839, "params": {"gamma": 9.020043950898684, "prior": 6.552229630812366, "rate": 7.233468037123845}, "datetime": {"datetime": "2024-06-14 06:59:15", "elapsed": 11.63176, "delta": 0.009973}}
{"target": -131.49013040080666, "params": {"gamma": 1.0267626657461268, "prior": 4.8486150493478055, "rate": 4.044014562004185}, "datetime": {"datetime": "2024-06-14 06:59:15", "elapsed": 11.640736, "delta": 0.008976}}
{"target": -246.21594518027757, "params": {"gamma": 6.468925570274098, "prior": 2.9485778320940845, "rate": 3.8312640574634482}, "datetime": {"datetime": "2024-06-14 06:59:15", "elapsed": 11.650709, "delta": 0.009973}}
{"target": -322.4957456782515, "params": {"gamma": 9.81018690271792, "prior": 1.23662462107414, "rate": 1.9998787227506973}, "datetime": {"datetime": "2024-06-14 06:59:15", "elapsed": 11.660683, "delta": 0.009974}}
{"target": -148.08772997324692, "params": {"gamma": 2.3912225972933583, "prior": 6.996876584358281, "rate": 7.1371672251136955}, "datetime": {"datetime": "2024-06-14 06:59:15", "elapsed": 11.669659, "delta": 0.008976}}
{"target": -261.7963704426427, "params": {"gamma": 7.847764610820117, "prior": 3.8723393107957245, "rate": 8.524180473287885}, "datetime": {"datetime": "2024-06-14 06:59:15", "elapsed": 11.682624, "delta": 0.012965}}
{"target": -270.1989861239305, "params": {"gamma": 6.973768049350303, "prior": 7.161272986009691, "rate": 8.220064454506392}, "datetime": {"datetime": "2024-06-14 06:59:15", "elapsed": 11.694594, "delta": 0.01197}}
{"target": -466.3719198457026, "params": {"gamma": 6.289615458969785, "prior": 4.280053466198156, "rate": 0.3089573128355685}, "datetime": {"datetime": "2024-06-14 06:59:15", "elapsed": 11.704566, "delta": 0.009972}}
{"target": -245.48172865781774, "params": {"gamma": 5.9549611772267355, "prior": 5.681259338068073, "rate": 6.008479407469643}, "datetime": {"datetime": "2024-06-14 06:59:15", "elapsed": 11.71454, "delta": 0.009974}}
{"target": -221.2591022329202, "params": {"gamma": 3.2292118332970405, "prior": 5.593331570762452, "rate": 1.7173913865365833}, "datetime": {"datetime": "2024-06-14 06:59:15", "elapsed": 11.725509, "delta": 0.010969}}
{"target": -285.05431592142827, "params": {"gamma": 6.49894440266871, "prior": 0.8095673895400698, "rate": 8.750896260863644}, "datetime": {"datetime": "2024-06-14 06:59:15", "elapsed": 11.734486, "delta": 0.008977}}
{"target": -134.15370539669613, "params": {"gamma": 2.1621633635158477, "prior": 3.0090612487247013, "rate": 8.847484449475706}, "datetime": {"datetime": "2024-06-14 06:59:15", "elapsed": 11.744459, "delta": 0.009973}}
{"target": -485.4279654063049, "params": {"gamma": 8.836037308166828, "prior": 8.37904543989899, "rate": 3.2700292334455643}, "datetime": {"datetime": "2024-06-14 06:59:15", "elapsed": 11.753999, "delta": 0.00954}}
{"target": -375.5884174828085, "params": {"gamma": 9.023544047406462, "prior": 7.740842728171373, "rate": 6.581171726876564}, "datetime": {"datetime": "2024-06-14 06:59:15", "elapsed": 11.763966, "delta": 0.009967}}
{"target": -445.9140847936931, "params": {"gamma": 8.99813093515086, "prior": 7.853001575402082, "rate": 4.2480703423217}, "datetime": {"datetime": "2024-06-14 06:59:15", "elapsed": 11.773939, "delta": 0.009973}}
{"target": -251.71334157865488, "params": {"gamma": 3.2432279860467617, "prior": 3.999393563924491, "rate": 0.6150601284275855}, "datetime": {"datetime": "2024-06-14 06:59:15", "elapsed": 11.783912, "delta": 0.009973}}
{"target": -163.71587176283745, "params": {"gamma": 3.634945499368943, "prior": 3.595132489864901, "rate": 8.656379251086715}, "datetime": {"datetime": "2024-06-14 06:59:15", "elapsed": 11.792888, "delta": 0.008976}}
{"target": -506.26588455234133, "params": {"gamma": 8.887111795253091, "prior": 9.63421565993784, "rate": 3.282664276898728}, "datetime": {"datetime": "2024-06-14 06:59:15", "elapsed": 11.80386, "delta": 0.010972}}
{"target": -389.4827462699876, "params": {"gamma": 6.933508237753853, "prior": 6.367356052167569, "rate": 2.425195012153892}, "datetime": {"datetime": "2024-06-14 06:59:15", "elapsed": 11.813832, "delta": 0.009972}}
{"target": -291.9123367204793, "params": {"gamma": 8.700006275800442, "prior": 2.219608966119336, "rate": 7.477392312505152}, "datetime": {"datetime": "2024-06-14 06:59:15", "elapsed": 11.824803, "delta": 0.010971}}
{"target": -124.42433694013381, "params": {"gamma": 1.4474946912067754, "prior": 1.1575145967721554, "rate": 7.20350177902532}, "datetime": {"datetime": "2024-06-14 06:59:15", "elapsed": 11.834776, "delta": 0.009973}}
{"target": -203.05947450725117, "params": {"gamma": 5.263654842331062, "prior": 4.484866730228926, "rate": 7.7820274969779515}, "datetime": {"datetime": "2024-06-14 06:59:15", "elapsed": 11.84475, "delta": 0.009974}}
{"target": -174.45734041076662, "params": {"gamma": 3.588074784629776, "prior": 8.548161025287675, "rate": 9.62176279907113}, "datetime": {"datetime": "2024-06-14 06:59:15", "elapsed": 11.855256, "delta": 0.010506}}
{"target": -330.77804823364403, "params": {"gamma": 9.791275810251324, "prior": 2.8485172225745474, "rate": 4.1506553568115665}, "datetime": {"datetime": "2024-06-14 06:59:15", "elapsed": 11.864232, "delta": 0.008976}}
{"target": -317.77431814908925, "params": {"gamma": 7.250373833289235, "prior": 8.95917274672825, "rate": 7.113399789936541}, "datetime": {"datetime": "2024-06-14 06:59:15", "elapsed": 11.874205, "delta": 0.009973}}
{"target": -412.934294564772, "params": {"gamma": 7.5815646955077245, "prior": 8.84569615448094, "rate": 3.670115433263018}, "datetime": {"datetime": "2024-06-14 06:59:15", "elapsed": 11.884179, "delta": 0.009974}}
{"target": -221.6440537063638, "params": {"gamma": 5.425906871529926, "prior": 5.394222758269183, "rate": 6.4761782194627475}, "datetime": {"datetime": "2024-06-14 06:59:15", "elapsed": 11.894152, "delta": 0.009973}}
{"target": -300.07395889432365, "params": {"gamma": 8.951943613361554, "prior": 6.0481920136487215, "rate": 9.699415438622323}, "datetime": {"datetime": "2024-06-14 06:59:15", "elapsed": 11.903128, "delta": 0.008976}}
{"target": -265.98631004384663, "params": {"gamma": 7.3216234120977175, "prior": 4.211385766390366, "rate": 5.81180346318073}, "datetime": {"datetime": "2024-06-14 06:59:15", "elapsed": 11.913101, "delta": 0.009973}}
{"target": -341.26101407295226, "params": {"gamma": 9.223285503388022, "prior": 6.223153800877035, "rate": 7.099576105580202}, "datetime": {"datetime": "2024-06-14 06:59:15", "elapsed": 11.923075, "delta": 0.009974}}
{"target": -325.744810449069, "params": {"gamma": 6.613259028912707, "prior": 3.42784974510567, "rate": 2.0341452163718596}, "datetime": {"datetime": "2024-06-14 06:59:15", "elapsed": 11.933048, "delta": 0.009973}}
{"target": -185.6291178651629, "params": {"gamma": 4.078721813041604, "prior": 1.592621080704164, "rate": 8.263509143662432}, "datetime": {"datetime": "2024-06-14 06:59:15", "elapsed": 11.943021, "delta": 0.009973}}
{"target": -387.15138899683404, "params": {"gamma": 7.104895674394641, "prior": 4.070456275164108, "rate": 1.7146555781871196}, "datetime": {"datetime": "2024-06-14 06:59:15", "elapsed": 11.952995, "delta": 0.009974}}
{"target": -297.16188613099496, "params": {"gamma": 8.75811759952061, "prior": 6.42673266977647, "rate": 9.966031596995483}, "datetime": {"datetime": "2024-06-14 06:59:15", "elapsed": 11.961971, "delta": 0.008976}}
{"target": -147.170075277881, "params": {"gamma": 1.0118777980878546, "prior": 2.5239987554093983, "rate": 0.8374656866964549}, "datetime": {"datetime": "2024-06-14 06:59:15", "elapsed": 11.971944, "delta": 0.009973}}
{"target": -280.84489362026994, "params": {"gamma": 7.447673015821188, "prior": 1.6797955636247195, "rate": 8.816713679816221}, "datetime": {"datetime": "2024-06-14 06:59:15", "elapsed": 11.981917, "delta": 0.009973}}
{"target": -374.5458807119346, "params": {"gamma": 4.915303785862436, "prior": 5.309075700418279, "rate": 0.42616036762125126}, "datetime": {"datetime": "2024-06-14 06:59:15", "elapsed": 11.990893, "delta": 0.008976}}
{"target": -263.79848717236166, "params": {"gamma": 6.140922303680539, "prior": 2.353386412041166, "rate": 2.135827389380809}, "datetime": {"datetime": "2024-06-14 06:59:15", "elapsed": 12.000866, "delta": 0.009973}}
{"target": -712.7909415628001, "params": {"gamma": 8.953290370672992, "prior": 8.891332155070218, "rate": 0.05364657807886874}, "datetime": {"datetime": "2024-06-14 06:59:15", "elapsed": 12.01084, "delta": 0.009974}}
{"target": -407.79043313297143, "params": {"gamma": 8.323207291901435, "prior": 9.032758516193605, "rate": 5.119964633266645}, "datetime": {"datetime": "2024-06-14 06:59:15", "elapsed": 12.019817, "delta": 0.008977}}
{"target": -280.084856668467, "params": {"gamma": 6.56208200669582, "prior": 7.701078270941128, "rate": 6.854714307550932}, "datetime": {"datetime": "2024-06-14 06:59:15", "elapsed": 12.029789, "delta": 0.009972}}
{"target": -207.8466625190573, "params": {"gamma": 4.59170508000715, "prior": 5.777177096628812, "rate": 5.74102025787266}, "datetime": {"datetime": "2024-06-14 06:59:15", "elapsed": 12.039763, "delta": 0.009974}}
{"target": -280.84020184640417, "params": {"gamma": 8.421463069722522, "prior": 2.4803729054295243, "rate": 7.572507436190774}, "datetime": {"datetime": "2024-06-14 06:59:15", "elapsed": 12.049736, "delta": 0.009973}}
{"target": -320.05786043891777, "params": {"gamma": 8.12355876007362, "prior": 7.99062037533525, "rate": 8.07727048210085}, "datetime": {"datetime": "2024-06-14 06:59:15", "elapsed": 12.058712, "delta": 0.008976}}
{"target": -288.83378810946624, "params": {"gamma": 8.292970943843157, "prior": 4.23340593789217, "rate": 6.179249469269826}, "datetime": {"datetime": "2024-06-14 06:59:15", "elapsed": 12.068685, "delta": 0.009973}}
{"target": -280.8201041241659, "params": {"gamma": 7.552699915952439, "prior": 7.720679136482666, "rate": 9.586087624632432}, "datetime": {"datetime": "2024-06-14 06:59:15", "elapsed": 12.077661, "delta": 0.008976}}
{"target": -409.72810082240085, "params": {"gamma": 9.750777680644457, "prior": 5.690872459899503, "rate": 4.657924948350314}, "datetime": {"datetime": "2024-06-14 06:59:15", "elapsed": 12.087472, "delta": 0.009811}}
{"target": -283.00832151269265, "params": {"gamma": 8.35541774153753, "prior": 2.2776131471709045, "rate": 7.664214496519479}, "datetime": {"datetime": "2024-06-14 06:59:16", "elapsed": 12.097445, "delta": 0.009973}}
{"target": -138.65928840776076, "params": {"gamma": 1.920923979668611, "prior": 5.957112902935368, "rate": 6.068707734799046}, "datetime": {"datetime": "2024-06-14 06:59:16", "elapsed": 12.10745, "delta": 0.010005}}
{"target": -230.56661385783622, "params": {"gamma": 4.418996184218967, "prior": 8.659051462799177, "rate": 5.435278379231555}, "datetime": {"datetime": "2024-06-14 06:59:16", "elapsed": 12.116395, "delta": 0.008945}}
{"target": -348.59055525447286, "params": {"gamma": 4.927804379534841, "prior": 4.2394437931335665, "rate": 0.6231896086801356}, "datetime": {"datetime": "2024-06-14 06:59:16", "elapsed": 12.126368, "delta": 0.009973}}
{"target": -174.8784909340271, "params": {"gamma": 3.622132449809016, "prior": 1.0188720461219751, "rate": 5.656819358260873}, "datetime": {"datetime": "2024-06-14 06:59:16", "elapsed": 12.136342, "delta": 0.009974}}
{"target": -282.55698471534237, "params": {"gamma": 6.4053758139443495, "prior": 7.701044399919781, "rate": 6.325720028185084}, "datetime": {"datetime": "2024-06-14 06:59:16", "elapsed": 12.145317, "delta": 0.008975}}
{"target": -144.9464227477309, "params": {"gamma": 1.8714204909994507, "prior": 7.527415112713252, "rate": 5.489045144907434}, "datetime": {"datetime": "2024-06-14 06:59:16", "elapsed": 12.155291, "delta": 0.009974}}
{"target": -119.59732931093833, "params": {"gamma": 1.0226014229845646, "prior": 0.34578758896028944, "rate": 2.988163177641064}, "datetime": {"datetime": "2024-06-14 06:59:16", "elapsed": 12.166261, "delta": 0.01097}}
{"target": -277.13850625618113, "params": {"gamma": 6.900460277619986, "prior": 9.334604669396944, "rate": 9.665005509601515}, "datetime": {"datetime": "2024-06-14 06:59:16", "elapsed": 12.175237, "delta": 0.008976}}
{"target": -257.5038544086137, "params": {"gamma": 7.645716345257133, "prior": 3.003166938498256, "rate": 6.2210691836043965}, "datetime": {"datetime": "2024-06-14 06:59:16", "elapsed": 12.18567, "delta": 0.010433}}
{"target": -194.92348532627665, "params": {"gamma": 2.3117301792407194, "prior": 7.53183467935155, "rate": 1.6595044277657995}, "datetime": {"datetime": "2024-06-14 06:59:16", "elapsed": 12.194647, "delta": 0.008977}}
{"target": -366.63360447178655, "params": {"gamma": 7.564947384855503, "prior": 8.699031089411767, "rate": 5.195544029510985}, "datetime": {"datetime": "2024-06-14 06:59:16", "elapsed": 12.204621, "delta": 0.009974}}
