{"target": -182.85637294349831, "params": {"gamma": 3.0455479552792557, "prior": 8.63861535707258, "rate": 8.421949009551232}, "datetime": {"datetime": "2024-06-14 05:06:47", "elapsed": 9.098633, "delta": 0.008976}}
{"target": -240.82585165399215, "params": {"gamma": 4.246702488235933, "prior": 3.7004756377425694, "rate": 2.825092294877215}, "datetime": {"datetime": "2024-06-14 05:06:47", "elapsed": 9.108606, "delta": 0.009973}}
{"target": -367.17354901527676, "params": {"gamma": 9.93237460787099, "prior": 2.6319351668238067, "rate": 9.206835301993463}, "datetime": {"datetime": "2024-06-14 05:06:47", "elapsed": 9.117583, "delta": 0.008977}}
{"target": -234.8798626302783, "params": {"gamma": 4.283923802383466, "prior": 9.360727422179947, "rate": 8.38860949714763}, "datetime": {"datetime": "2024-06-14 05:06:47", "elapsed": 9.126559, "delta": 0.008976}}
{"target": -135.65956239913467, "params": {"gamma": 1.5586174788295128, "prior": 5.785405208073743, "rate": 6.7353566438421755}, "datetime": {"datetime": "2024-06-14 05:06:47", "elapsed": 9.136532, "delta": 0.009973}}
{"target": -204.69046656482283, "params": {"gamma": 4.058798239584453, "prior": 0.14828274037404324, "rate": 3.2539879663598352}, "datetime": {"datetime": "2024-06-14 05:06:47", "elapsed": 9.145508, "delta": 0.008976}}
{"target": -371.2741203161966, "params": {"gamma": 8.389610534784513, "prior": 0.7219574041509673, "rate": 1.0550920446467325}, "datetime": {"datetime": "2024-06-14 05:06:47", "elapsed": 9.15548, "delta": 0.009972}}
{"target": -351.6314127911936, "params": {"gamma": 7.0181716777726475, "prior": 5.190166850786258, "rate": 4.9821700831201285}, "datetime": {"datetime": "2024-06-14 05:06:47", "elapsed": 9.164457, "delta": 0.008977}}
{"target": -195.85654839975246, "params": {"gamma": 3.736723579545134, "prior": 6.074784805046058, "rate": 8.514836200003508}, "datetime": {"datetime": "2024-06-14 05:06:47", "elapsed": 9.17443, "delta": 0.009973}}
{"target": -192.92547547596698, "params": {"gamma": 2.7699536416334585, "prior": 8.463137492151986, "rate": 4.166774866572612}, "datetime": {"datetime": "2024-06-14 05:06:47", "elapsed": 9.183406, "delta": 0.008976}}
{"target": -317.2423770530283, "params": {"gamma": 5.010339139927012, "prior": 7.323271447824984, "rate": 2.5879583533585664}, "datetime": {"datetime": "2024-06-14 05:06:47", "elapsed": 9.192382, "delta": 0.008976}}
{"target": -463.89349019751853, "params": {"gamma": 9.216447549642744, "prior": 7.050487695865598, "rate": 6.189685300551793}, "datetime": {"datetime": "2024-06-14 05:06:47", "elapsed": 9.201358, "delta": 0.008976}}
{"target": -199.82688125331106, "params": {"gamma": 2.7308153642818653, "prior": 6.988899717958515, "rate": 2.5728902697861002}, "datetime": {"datetime": "2024-06-14 05:06:47", "elapsed": 9.211332, "delta": 0.009974}}
{"target": -321.4669261930988, "params": {"gamma": 8.164710250604447, "prior": 0.21357730472677, "rate": 1.6662098984717895}, "datetime": {"datetime": "2024-06-14 05:06:47", "elapsed": 9.220308, "delta": 0.008976}}
{"target": -308.8322455578295, "params": {"gamma": 5.578732058631829, "prior": 7.151581896064771, "rate": 4.925314058477191}, "datetime": {"datetime": "2024-06-14 05:06:47", "elapsed": 9.229284, "delta": 0.008976}}
{"target": -507.0911795293091, "params": {"gamma": 8.77821720529802, "prior": 9.761112381872845, "rate": 4.643306398374889}, "datetime": {"datetime": "2024-06-14 05:06:47", "elapsed": 9.239022, "delta": 0.009738}}
{"target": -351.19522813292014, "params": {"gamma": 7.680101807848576, "prior": 4.99824412495192, "rate": 6.651322684579871}, "datetime": {"datetime": "2024-06-14 05:06:47", "elapsed": 9.247999, "delta": 0.008977}}
{"target": -140.64962061292604, "params": {"gamma": 2.2495249246936897, "prior": 1.1844630004410581, "rate": 9.790110366804328}, "datetime": {"datetime": "2024-06-14 05:06:47", "elapsed": 9.257973, "delta": 0.009974}}
{"target": -335.6139317388646, "params": {"gamma": 8.150131602400142, "prior": 2.925296971250357, "rate": 5.858698015894784}, "datetime": {"datetime": "2024-06-14 05:06:47", "elapsed": 9.266949, "delta": 0.008976}}
{"target": -185.0130790361847, "params": {"gamma": 3.8013319815826336, "prior": 1.8457466036216705, "rate": 4.188932595381877}, "datetime": {"datetime": "2024-06-14 05:06:47", "elapsed": 9.276431, "delta": 0.009482}}
{"target": -164.77920237993197, "params": {"gamma": 2.9725807541730793, "prior": 0.2645786546757686, "rate": 3.8742957016810964}, "datetime": {"datetime": "2024-06-14 05:06:47", "elapsed": 9.285414, "delta": 0.008983}}
{"target": -491.25994904210427, "params": {"gamma": 9.209209125043717, "prior": 8.299182561203743, "rate": 5.741173477210314}, "datetime": {"datetime": "2024-06-14 05:06:47", "elapsed": 9.294385, "delta": 0.008971}}
{"target": -162.27347912860873, "params": {"gamma": 3.1871500009390448, "prior": 2.3895165193658316, "rate": 9.560239816725709}, "datetime": {"datetime": "2024-06-14 05:06:47", "elapsed": 9.304156, "delta": 0.009771}}
{"target": -280.73119091590985, "params": {"gamma": 5.646536380588049, "prior": 2.254292505235319, "rate": 2.4955710289351303}, "datetime": {"datetime": "2024-06-14 05:06:47", "elapsed": 9.313153, "delta": 0.008997}}
{"target": -561.9020603365586, "params": {"gamma": 9.59600242910666, "prior": 2.464259919634281, "rate": 1.068034169467023}, "datetime": {"datetime": "2024-06-14 05:06:47", "elapsed": 9.323126, "delta": 0.009973}}
{"target": -145.9255662917518, "params": {"gamma": 1.840435435586939, "prior": 7.685625588487398, "rate": 7.087933795056683}, "datetime": {"datetime": "2024-06-14 05:06:47", "elapsed": 9.332102, "delta": 0.008976}}
{"target": -254.62738029624572, "params": {"gamma": 4.379981305846461, "prior": 7.958664620452609, "rate": 5.1756094087340525}, "datetime": {"datetime": "2024-06-14 05:06:47", "elapsed": 9.341078, "delta": 0.008976}}
{"target": -191.52347996651537, "params": {"gamma": 4.136568013129941, "prior": 1.262675168653137, "rate": 8.839226748297556}, "datetime": {"datetime": "2024-06-14 05:06:47", "elapsed": 9.351052, "delta": 0.009974}}
{"target": -161.23205273632507, "params": {"gamma": 2.7566565508887577, "prior": 6.200981160965617, "rate": 9.8458132098281}, "datetime": {"datetime": "2024-06-14 05:06:47", "elapsed": 9.360027, "delta": 0.008975}}
{"target": -153.47770728594782, "params": {"gamma": 1.8949908024154942, "prior": 9.655361118751124, "rate": 6.527500968888528}, "datetime": {"datetime": "2024-06-14 05:06:47", "elapsed": 9.370001, "delta": 0.009974}}
{"target": -130.2003380894572, "params": {"gamma": 1.28818731436088, "prior": 7.742078746123179, "rate": 9.51780600679268}, "datetime": {"datetime": "2024-06-14 05:06:47", "elapsed": 9.378977, "delta": 0.008976}}
{"target": -427.447144366561, "params": {"gamma": 5.628242716344561, "prior": 6.916696477605665, "rate": 0.26445244082095803}, "datetime": {"datetime": "2024-06-14 05:06:47", "elapsed": 9.387953, "delta": 0.008976}}
{"target": -684.2360113971721, "params": {"gamma": 9.890767779393961, "prior": 3.252725486155457, "rate": 0.24001388988282726}, "datetime": {"datetime": "2024-06-14 05:06:47", "elapsed": 9.39733, "delta": 0.009377}}
{"target": -424.7941830606527, "params": {"gamma": 8.08583294059341, "prior": 9.735200262493974, "rate": 7.376147510656895}, "datetime": {"datetime": "2024-06-14 05:06:47", "elapsed": 9.407304, "delta": 0.009974}}
{"target": -141.24371523475818, "params": {"gamma": 0.028355324647958178, "prior": 0.7272690626029495, "rate": 5.843109782870581}, "datetime": {"datetime": "2024-06-14 05:06:47", "elapsed": 9.41628, "delta": 0.008976}}
{"target": -193.87084013286298, "params": {"gamma": 3.3578153624482754, "prior": 8.830151459442787, "rate": 8.736820024200027}, "datetime": {"datetime": "2024-06-14 05:06:47", "elapsed": 9.425256, "delta": 0.008976}}
{"target": -453.46186973440604, "params": {"gamma": 9.875201568135711, "prior": 7.186736493818677, "rate": 8.768960114386706}, "datetime": {"datetime": "2024-06-14 05:06:47", "elapsed": 9.435228, "delta": 0.009972}}
{"target": -164.826001737973, "params": {"gamma": 3.197181468508664, "prior": 1.20065182400608, "rate": 8.653775693718016}, "datetime": {"datetime": "2024-06-14 05:06:47", "elapsed": 9.444205, "delta": 0.008977}}
{"target": -170.5680956292169, "params": {"gamma": 3.035422507017289, "prior": 4.251389751852173, "rate": 6.460656540458656}, "datetime": {"datetime": "2024-06-14 05:06:47", "elapsed": 9.453181, "delta": 0.008976}}
{"target": -312.2618990855666, "params": {"gamma": 6.051386242420971, "prior": 4.267138536697311, "rate": 3.862118968194065}, "datetime": {"datetime": "2024-06-14 05:06:47", "elapsed": 9.463155, "delta": 0.009974}}
{"target": -144.50510223168556, "params": {"gamma": 1.227687737548204, "prior": 5.385232654603825, "rate": 2.329308118342716}, "datetime": {"datetime": "2024-06-14 05:06:47", "elapsed": 9.47213, "delta": 0.008975}}
{"target": -521.5073026919108, "params": {"gamma": 7.548323703153514, "prior": 6.78121878322855, "rate": 0.7201977211273354}, "datetime": {"datetime": "2024-06-14 05:06:47", "elapsed": 9.482104, "delta": 0.009974}}
{"target": -614.3295326078155, "params": {"gamma": 9.892657582673268, "prior": 7.826523662185978, "rate": 2.279031043019085}, "datetime": {"datetime": "2024-06-14 05:06:47", "elapsed": 9.49108, "delta": 0.008976}}
{"target": -134.6804385064523, "params": {"gamma": 0.30839744067862085, "prior": 4.835881127609816, "rate": 3.5280716325732393}, "datetime": {"datetime": "2024-06-14 05:06:47", "elapsed": 9.500056, "delta": 0.008976}}
{"target": -268.135518927186, "params": {"gamma": 5.465568482142916, "prior": 6.630673158706719, "rate": 7.972400853780025}, "datetime": {"datetime": "2024-06-14 05:06:47", "elapsed": 9.509032, "delta": 0.008976}}
{"target": -140.53772672076374, "params": {"gamma": 0.1364299240444373, "prior": 7.171525587400897, "rate": 2.95384434705289}, "datetime": {"datetime": "2024-06-14 05:06:47", "elapsed": 9.519036, "delta": 0.010004}}
{"target": -530.3877620160936, "params": {"gamma": 9.864039353798532, "prior": 8.47779313281904, "rate": 5.604451409666734}, "datetime": {"datetime": "2024-06-14 05:06:47", "elapsed": 9.527981, "delta": 0.008945}}
{"target": -293.2478981596954, "params": {"gamma": 5.9780590880830164, "prior": 2.001549162745117, "rate": 2.263289634282068}, "datetime": {"datetime": "2024-06-14 05:06:47", "elapsed": 9.537955, "delta": 0.009974}}
{"target": -159.5751275118399, "params": {"gamma": 1.5409777702011733, "prior": 3.8403541198979734, "rate": 1.1204424879714694}, "datetime": {"datetime": "2024-06-14 05:06:47", "elapsed": 9.547463, "delta": 0.009508}}
{"target": -349.75557964750925, "params": {"gamma": 5.113217663448985, "prior": 6.420931758475319, "rate": 1.2230015699915957}, "datetime": {"datetime": "2024-06-14 05:06:47", "elapsed": 9.557436, "delta": 0.009973}}
{"target": -170.93328199893475, "params": {"gamma": 3.442619392943751, "prior": 0.7964440088835576, "rate": 5.25808611153342}, "datetime": {"datetime": "2024-06-14 05:06:47", "elapsed": 9.566412, "delta": 0.008976}}
{"target": -304.2144892517261, "params": {"gamma": 6.503247402260852, "prior": 6.193174199613517, "rate": 8.138881758532042}, "datetime": {"datetime": "2024-06-14 05:06:47", "elapsed": 9.576386, "delta": 0.009974}}
{"target": -176.71265376808466, "params": {"gamma": 2.3564267987877012, "prior": 6.220000234220411, "rate": 3.028982363807174}, "datetime": {"datetime": "2024-06-14 05:06:47", "elapsed": 9.585361, "delta": 0.008975}}
{"target": -147.10453036737078, "params": {"gamma": 0.8885882930853439, "prior": 3.1220885685015505, "rate": 0.7144933929712171}, "datetime": {"datetime": "2024-06-14 05:06:47", "elapsed": 9.594338, "delta": 0.008977}}
{"target": -640.2518234020637, "params": {"gamma": 9.585783535985689, "prior": 7.2989378057766, "rate": 1.0155071173822163}, "datetime": {"datetime": "2024-06-14 05:06:47", "elapsed": 9.604311, "delta": 0.009973}}
{"target": -311.57925914879957, "params": {"gamma": 7.862906954163588, "prior": 3.5863380649556653, "rate": 9.1144399680976}, "datetime": {"datetime": "2024-06-14 05:06:47", "elapsed": 9.613287, "delta": 0.008976}}
{"target": -329.3407317847758, "params": {"gamma": 4.955478850036387, "prior": 8.739657957550234, "rate": 2.206077417642493}, "datetime": {"datetime": "2024-06-14 05:06:47", "elapsed": 9.622828, "delta": 0.009541}}
{"target": -256.94496680667555, "params": {"gamma": 3.6725560667067523, "prior": 3.731685727367989, "rate": 0.9722296833512493}, "datetime": {"datetime": "2024-06-14 05:06:47", "elapsed": 9.63182, "delta": 0.008992}}
{"target": -203.85248110688548, "params": {"gamma": 3.310813326223882, "prior": 6.6311270580041155, "rate": 4.665968370246033}, "datetime": {"datetime": "2024-06-14 05:06:48", "elapsed": 9.641812, "delta": 0.009992}}
{"target": -401.34627857976295, "params": {"gamma": 8.792436465874568, "prior": 2.769735637264448, "rate": 3.5488386678677664}, "datetime": {"datetime": "2024-06-14 05:06:48", "elapsed": 9.650805, "delta": 0.008993}}
{"target": -224.36747108134975, "params": {"gamma": 3.2042225472159718, "prior": 5.562205909154905, "rate": 1.8830059366472722}, "datetime": {"datetime": "2024-06-14 05:06:48", "elapsed": 9.65978, "delta": 0.008975}}
{"target": -159.3726747366198, "params": {"gamma": 1.7332694708102208, "prior": 9.4008710496637, "rate": 3.767100489749554}, "datetime": {"datetime": "2024-06-14 05:06:48", "elapsed": 9.669754, "delta": 0.009974}}
{"target": -251.952995640556, "params": {"gamma": 5.871394250695616, "prior": 0.6460056416863561, "rate": 1.409439110996769}, "datetime": {"datetime": "2024-06-14 05:06:48", "elapsed": 9.678748, "delta": 0.008994}}
{"target": -156.16952526486838, "params": {"gamma": 0.964489160060572, "prior": 8.139944122785648, "rate": 1.0323646790520586}, "datetime": {"datetime": "2024-06-14 05:06:48", "elapsed": 9.688742, "delta": 0.009994}}
{"target": -238.38510388502002, "params": {"gamma": 5.163644140749812, "prior": 1.6402211901215338, "rate": 2.7888887375330564}, "datetime": {"datetime": "2024-06-14 05:06:48", "elapsed": 9.697733, "delta": 0.008991}}
{"target": -385.04659041462764, "params": {"gamma": 8.826137423028198, "prior": 6.352778274796015, "rate": 9.636663439420486}, "datetime": {"datetime": "2024-06-14 05:06:48", "elapsed": 9.706709, "delta": 0.008976}}
{"target": -274.47668803266805, "params": {"gamma": 5.997543941794315, "prior": 0.19424519054392425, "rate": 4.156994414198696}, "datetime": {"datetime": "2024-06-14 05:06:48", "elapsed": 9.715685, "delta": 0.008976}}
{"target": -133.3663069147253, "params": {"gamma": 0.22539510183243922, "prior": 3.20844484766477, "rate": 4.816767682276697}, "datetime": {"datetime": "2024-06-14 05:06:48", "elapsed": 9.725677, "delta": 0.009992}}
{"target": -246.6275815979708, "params": {"gamma": 5.755017951896957, "prior": 2.4626370089964063, "rate": 5.583307497898072}, "datetime": {"datetime": "2024-06-14 05:06:48", "elapsed": 9.735159, "delta": 0.009482}}
{"target": -257.1011045900093, "params": {"gamma": 3.949806420938232, "prior": 5.115163656318577, "rate": 1.9604741784106727}, "datetime": {"datetime": "2024-06-14 05:06:48", "elapsed": 9.744641, "delta": 0.009482}}
{"target": -152.79428045322695, "params": {"gamma": 1.5683593484243095, "prior": 7.5697183752636255, "rate": 3.3004023148263886}, "datetime": {"datetime": "2024-06-14 05:06:48", "elapsed": 9.753634, "delta": 0.008993}}
{"target": -289.12686988795, "params": {"gamma": 6.442312729689626, "prior": 5.698010406246365, "rate": 8.995409627944824}, "datetime": {"datetime": "2024-06-14 05:06:48", "elapsed": 9.762628, "delta": 0.008994}}
{"target": -512.5245000596307, "params": {"gamma": 8.806955495452243, "prior": 4.486802863235155, "rate": 2.048146129836078}, "datetime": {"datetime": "2024-06-14 05:06:48", "elapsed": 9.772601, "delta": 0.009973}}
{"target": -311.1402009244595, "params": {"gamma": 6.322291560542967, "prior": 6.404676155930846, "rate": 6.92448261628265}, "datetime": {"datetime": "2024-06-14 05:06:48", "elapsed": 9.781596, "delta": 0.008995}}
{"target": -468.3235994290404, "params": {"gamma": 9.074824554145266, "prior": 7.847551682641525, "rate": 6.253284067622613}, "datetime": {"datetime": "2024-06-14 05:06:48", "elapsed": 9.790589, "delta": 0.008993}}
{"target": -246.88022331427783, "params": {"gamma": 6.010054988385501, "prior": 2.2063144570746065, "rate": 6.514002254616683}, "datetime": {"datetime": "2024-06-14 05:06:48", "elapsed": 9.800603, "delta": 0.010014}}
{"target": -399.9218824441512, "params": {"gamma": 8.145187207595269, "prior": 9.230992560443674, "rate": 9.166584470697245}, "datetime": {"datetime": "2024-06-14 05:06:48", "elapsed": 9.809596, "delta": 0.008993}}
{"target": -271.68763323391147, "params": {"gamma": 5.611426959920494, "prior": 2.6723563598308284, "rate": 3.338640770780343}, "datetime": {"datetime": "2024-06-14 05:06:48", "elapsed": 9.818572, "delta": 0.008976}}
{"target": -429.4986188168232, "params": {"gamma": 9.977625893322635, "prior": 5.303418103356411, "rate": 8.159250821705387}, "datetime": {"datetime": "2024-06-14 05:06:48", "elapsed": 9.828561, "delta": 0.009989}}
{"target": -328.8196576439071, "params": {"gamma": 5.970564861657937, "prior": 5.1186108345504335, "rate": 3.4860476134416722}, "datetime": {"datetime": "2024-06-14 05:06:48", "elapsed": 9.837556, "delta": 0.008995}}
{"target": -264.05942437246784, "params": {"gamma": 5.378167511784794, "prior": 0.16667359924261277, "rate": 8.766981380159143}, "datetime": {"datetime": "2024-06-14 05:06:48", "elapsed": 9.847529, "delta": 0.009973}}
{"target": -262.4463309572468, "params": {"gamma": 5.615303328845261, "prior": 0.340386110714318, "rate": 8.181929278566322}, "datetime": {"datetime": "2024-06-14 05:06:48", "elapsed": 9.856522, "delta": 0.008993}}
{"target": -122.04586077446882, "params": {"gamma": 1.3544085542298703, "prior": 0.4033231110996103, "rate": 4.623891705947023}, "datetime": {"datetime": "2024-06-14 05:06:48", "elapsed": 9.865498, "delta": 0.008976}}
{"target": -520.8099521344658, "params": {"gamma": 9.606606296174677, "prior": 1.0267810597935034, "rate": 0.656919562834297}, "datetime": {"datetime": "2024-06-14 05:06:48", "elapsed": 9.875498, "delta": 0.01}}
{"target": -429.62800191846793, "params": {"gamma": 8.799475826643015, "prior": 8.231583211278556, "rate": 8.199874253028593}, "datetime": {"datetime": "2024-06-14 05:06:48", "elapsed": 9.884979, "delta": 0.009481}}
{"target": -250.0576111913341, "params": {"gamma": 4.678712660105902, "prior": 4.3321717361492516, "rate": 4.011281986039528}, "datetime": {"datetime": "2024-06-14 05:06:48", "elapsed": 9.893951, "delta": 0.008972}}
{"target": -290.3035535718673, "params": {"gamma": 5.822568206350932, "prior": 7.316809626823501, "rate": 7.843135731493912}, "datetime": {"datetime": "2024-06-14 05:06:48", "elapsed": 9.903432, "delta": 0.009481}}
{"target": -352.377681049648, "params": {"gamma": 6.548337076416619, "prior": 5.668415030292531, "rate": 4.1245136895947505}, "datetime": {"datetime": "2024-06-14 05:06:48", "elapsed": 9.912408, "delta": 0.008976}}
{"target": -187.37136345969174, "params": {"gamma": 3.1998307053765016, "prior": 2.9338531489792334, "rate": 2.9624710073123492}, "datetime": {"datetime": "2024-06-14 05:06:48", "elapsed": 9.922381, "delta": 0.009973}}
{"target": -360.22467024964664, "params": {"gamma": 6.827845908778269, "prior": 7.648167703379835, "rate": 5.976600250112773}, "datetime": {"datetime": "2024-06-14 05:06:48", "elapsed": 9.931357, "delta": 0.008976}}
{"target": -138.80897617970223, "params": {"gamma": 2.229416058643355, "prior": 2.0245107029967566, "rate": 7.657095501588769}, "datetime": {"datetime": "2024-06-14 05:06:48", "elapsed": 9.940333, "delta": 0.008976}}
{"target": -384.9155102776033, "params": {"gamma": 9.786959495931479, "prior": 0.257508619766369, "rate": 2.489732521683815}, "datetime": {"datetime": "2024-06-14 05:06:48", "elapsed": 9.950307, "delta": 0.009974}}
{"target": -485.77057347248007, "params": {"gamma": 7.923336404835708, "prior": 7.219736447758213, "rate": 2.4605535974366086}, "datetime": {"datetime": "2024-06-14 05:06:48", "elapsed": 9.959282, "delta": 0.008975}}
{"target": -270.477488207412, "params": {"gamma": 5.549368918377377, "prior": 5.897299361580305, "rate": 7.21412138219565}, "datetime": {"datetime": "2024-06-14 05:06:48", "elapsed": 9.969256, "delta": 0.009974}}
{"target": -259.3025765271177, "params": {"gamma": 4.637273438415798, "prior": 4.1079998680749545, "rate": 3.080786698738075}, "datetime": {"datetime": "2024-06-14 05:06:48", "elapsed": 9.978232, "delta": 0.008976}}
{"target": -142.75157393954612, "params": {"gamma": 2.3838507751598206, "prior": 1.0157832456909792, "rate": 6.4591879907890055}, "datetime": {"datetime": "2024-06-14 05:06:48", "elapsed": 9.988205, "delta": 0.009973}}
{"target": -529.2956845952513, "params": {"gamma": 6.696034914953822, "prior": 6.904700391776786, "rate": 0.03245405892326011}, "datetime": {"datetime": "2024-06-14 05:06:48", "elapsed": 9.997185, "delta": 0.00898}}
{"target": -195.19850973403575, "params": {"gamma": 4.383092072177341, "prior": 1.3132783126224954, "rate": 5.266566747727368}, "datetime": {"datetime": "2024-06-14 05:06:48", "elapsed": 10.007158, "delta": 0.009973}}
{"target": -512.7370374785473, "params": {"gamma": 9.797416469397842, "prior": 5.042842408537047, "rate": 3.747125142755934}, "datetime": {"datetime": "2024-06-14 05:06:48", "elapsed": 10.016134, "delta": 0.008976}}
{"target": -508.1094652832103, "params": {"gamma": 8.13858608395356, "prior": 9.685194238622525, "rate": 2.8719466519104246}, "datetime": {"datetime": "2024-06-14 05:06:48", "elapsed": 10.02511, "delta": 0.008976}}
{"target": -550.1018336994073, "params": {"gamma": 8.030197397425262, "prior": 9.96180022989637, "rate": 1.1191305732763266}, "datetime": {"datetime": "2024-06-14 05:06:48", "elapsed": 10.035083, "delta": 0.009973}}
