{"target": -1027.4398947159023, "params": {"gamma": 9.297580185091476, "prior": 1.9346601105112133, "rate": 7.342339864091912}, "datetime": {"datetime": "2024-06-14 12:57:25", "elapsed": 14.225451, "delta": 0.009973}}
{"target": -571.3797169597228, "params": {"gamma": 8.72195678460364, "prior": 6.72761646306554, "rate": 2.0377529908899317}, "datetime": {"datetime": "2024-06-14 12:57:25", "elapsed": 14.235424, "delta": 0.009973}}
{"target": -171.99542435875227, "params": {"gamma": 1.2925307977203897, "prior": 5.198826614589597, "rate": 1.3039515035572151}, "datetime": {"datetime": "2024-06-14 12:57:25", "elapsed": 14.244906, "delta": 0.009482}}
{"target": -606.109902077211, "params": {"gamma": 8.257174308347446, "prior": 5.284080834265936, "rate": 2.9149454507613863}, "datetime": {"datetime": "2024-06-14 12:57:25", "elapsed": 14.254879, "delta": 0.009973}}
{"target": -579.8729074657982, "params": {"gamma": 5.681699207758667, "prior": 2.6803100664115536, "rate": 5.845117576613796}, "datetime": {"datetime": "2024-06-14 12:57:25", "elapsed": 14.264856, "delta": 0.009977}}
{"target": -282.40788721402157, "params": {"gamma": 2.32199215010331, "prior": 2.268615316993386, "rate": 5.185542309916678}, "datetime": {"datetime": "2024-06-14 12:57:25", "elapsed": 14.274831, "delta": 0.009975}}
{"target": -500.70465450941055, "params": {"gamma": 8.35432241661817, "prior": 6.483230627566245, "rate": 0.9428132212047013}, "datetime": {"datetime": "2024-06-14 12:57:25", "elapsed": 14.284808, "delta": 0.009977}}
{"target": -189.19550132146793, "params": {"gamma": 1.3415491851440944, "prior": 3.963975898564573, "rate": 3.1963273640149286}, "datetime": {"datetime": "2024-06-14 12:57:25", "elapsed": 14.294783, "delta": 0.009975}}
{"target": -498.3088618775915, "params": {"gamma": 8.912314797811076, "prior": 8.92378573099424, "rate": 0.2992111861366949}, "datetime": {"datetime": "2024-06-14 12:57:25", "elapsed": 14.304759, "delta": 0.009976}}
{"target": -211.29853383852756, "params": {"gamma": 2.1060088559719117, "prior": 3.9446918559051225, "rate": 1.7645710751045083}, "datetime": {"datetime": "2024-06-14 12:57:25", "elapsed": 14.314732, "delta": 0.009973}}
{"target": -1011.8479372891854, "params": {"gamma": 9.186944713043502, "prior": 1.9770256796040655, "rate": 7.3401256292133965}, "datetime": {"datetime": "2024-06-14 12:57:25", "elapsed": 14.324707, "delta": 0.009975}}
{"target": -902.2290669473344, "params": {"gamma": 9.569199419728829, "prior": 4.829408647933721, "rate": 8.142378714413438}, "datetime": {"datetime": "2024-06-14 12:57:25", "elapsed": 14.334684, "delta": 0.009977}}
{"target": -379.4976510414745, "params": {"gamma": 4.282765599393484, "prior": 8.153147623700525, "rate": 7.6172232645805815}, "datetime": {"datetime": "2024-06-14 12:57:25", "elapsed": 14.343693, "delta": 0.009009}}
{"target": -961.4275021186112, "params": {"gamma": 9.596076873702136, "prior": 3.432340065789796, "rate": 7.666177450236105}, "datetime": {"datetime": "2024-06-14 12:57:25", "elapsed": 14.353669, "delta": 0.009976}}
{"target": -769.4925318307352, "params": {"gamma": 9.216256420526488, "prior": 8.12663966088829, "rate": 8.143560581729513}, "datetime": {"datetime": "2024-06-14 12:57:25", "elapsed": 14.363642, "delta": 0.009973}}
{"target": -867.7315044860707, "params": {"gamma": 9.483034089579148, "prior": 2.9777607367995413, "rate": 4.402025448023279}, "datetime": {"datetime": "2024-06-14 12:57:25", "elapsed": 14.373647, "delta": 0.010005}}
{"target": -169.15764462298807, "params": {"gamma": 1.0614689514075122, "prior": 8.785093022870859, "rate": 3.4376495800562545}, "datetime": {"datetime": "2024-06-14 12:57:25", "elapsed": 14.383594, "delta": 0.009947}}
{"target": -850.8560770943938, "params": {"gamma": 9.052543557612724, "prior": 2.118189958793863, "rate": 3.49670854682447}, "datetime": {"datetime": "2024-06-14 12:57:25", "elapsed": 14.393569, "delta": 0.009975}}
{"target": -548.1364260113143, "params": {"gamma": 6.905103296395332, "prior": 9.234794588551267, "rate": 6.879772184061891}, "datetime": {"datetime": "2024-06-14 12:57:25", "elapsed": 14.403377, "delta": 0.009808}}
{"target": -436.22232255319966, "params": {"gamma": 3.4015950863695554, "prior": 0.49643025309015587, "rate": 3.3181754241303745}, "datetime": {"datetime": "2024-06-14 12:57:25", "elapsed": 14.41335, "delta": 0.009973}}
{"target": -438.87429567104493, "params": {"gamma": 4.762134435981242, "prior": 7.330961340576835, "rate": 8.936392304537144}, "datetime": {"datetime": "2024-06-14 12:57:25", "elapsed": 14.423326, "delta": 0.009976}}
{"target": -151.58488910811693, "params": {"gamma": 0.06408410135224346, "prior": 0.8596711762344525, "rate": 2.818623672892344}, "datetime": {"datetime": "2024-06-14 12:57:25", "elapsed": 14.433302, "delta": 0.009976}}
{"target": -442.1271234877111, "params": {"gamma": 5.356653678219738, "prior": 5.404277422789192, "rate": 4.25320952977812}, "datetime": {"datetime": "2024-06-14 12:57:25", "elapsed": 14.443278, "delta": 0.009976}}
{"target": -540.5559259120084, "params": {"gamma": 8.836490541785956, "prior": 7.300785245839415, "rate": 1.360477671934808}, "datetime": {"datetime": "2024-06-14 12:57:25", "elapsed": 14.453253, "delta": 0.009975}}
{"target": -237.8177968121857, "params": {"gamma": 2.3521283159904485, "prior": 5.10252796959535, "rate": 3.625823024683793}, "datetime": {"datetime": "2024-06-14 12:57:25", "elapsed": 14.463226, "delta": 0.009973}}
{"target": -812.5630929380678, "params": {"gamma": 8.086391818387844, "prior": 4.251421809439748, "rate": 9.41168440870445}, "datetime": {"datetime": "2024-06-14 12:57:25", "elapsed": 14.473203, "delta": 0.009977}}
{"target": -237.0781810451945, "params": {"gamma": 1.8253827869110664, "prior": 4.879596033761096, "rate": 8.942579468503189}, "datetime": {"datetime": "2024-06-14 12:57:25", "elapsed": 14.483179, "delta": 0.009976}}
{"target": -162.24058352018764, "params": {"gamma": 0.6582946776379386, "prior": 2.8643934665653927, "rate": 2.0285264812184285}, "datetime": {"datetime": "2024-06-14 12:57:25", "elapsed": 14.493153, "delta": 0.009974}}
{"target": -950.0455119369591, "params": {"gamma": 9.848142780102968, "prior": 4.737692189034398, "rate": 8.881823309179376}, "datetime": {"datetime": "2024-06-14 12:57:25", "elapsed": 14.503128, "delta": 0.009975}}
{"target": -913.5650748250665, "params": {"gamma": 8.539400167342631, "prior": 1.1292889740891987, "rate": 3.500085683547541}, "datetime": {"datetime": "2024-06-14 12:57:25", "elapsed": 14.513953, "delta": 0.010825}}
{"target": -446.65597558645885, "params": {"gamma": 4.967458463909608, "prior": 8.801060937259923, "rate": 9.818558826019503}, "datetime": {"datetime": "2024-06-14 12:57:25", "elapsed": 14.52393, "delta": 0.009977}}
{"target": -324.5220505597287, "params": {"gamma": 3.370152344242372, "prior": 7.8412910908400715, "rate": 8.587314644739731}, "datetime": {"datetime": "2024-06-14 12:57:25", "elapsed": 14.533906, "delta": 0.009976}}
{"target": -338.8673245661196, "params": {"gamma": 2.8132116645345953, "prior": 2.0693816102392013, "rate": 6.46649017792085}, "datetime": {"datetime": "2024-06-14 12:57:25", "elapsed": 14.543879, "delta": 0.009973}}
{"target": -653.639401324214, "params": {"gamma": 5.641829191069348, "prior": 1.630298027663653, "rate": 7.421983140023526}, "datetime": {"datetime": "2024-06-14 12:57:25", "elapsed": 14.553853, "delta": 0.009974}}
{"target": -253.59506443660462, "params": {"gamma": 3.6015667876147712, "prior": 6.08627280178168, "rate": 0.06592323285271869}, "datetime": {"datetime": "2024-06-14 12:57:25", "elapsed": 14.563826, "delta": 0.009973}}
{"target": -433.18909139411, "params": {"gamma": 5.905563148843087, "prior": 7.360917509441076, "rate": 3.457397702569941}, "datetime": {"datetime": "2024-06-14 12:57:25", "elapsed": 14.573798, "delta": 0.009972}}
{"target": -637.0247834027705, "params": {"gamma": 7.593538905555558, "prior": 4.327004199431187, "rate": 4.2325773823623205}, "datetime": {"datetime": "2024-06-14 12:57:25", "elapsed": 14.583772, "delta": 0.009974}}
{"target": -304.26858794117805, "params": {"gamma": 2.994227023324736, "prior": 7.436483296398663, "rate": 9.17093155390691}, "datetime": {"datetime": "2024-06-14 12:57:25", "elapsed": 14.593746, "delta": 0.009974}}
{"target": -378.88927057218575, "params": {"gamma": 4.431569286643207, "prior": 9.87114802409179, "rate": 7.995077879366126}, "datetime": {"datetime": "2024-06-14 12:57:25", "elapsed": 14.603719, "delta": 0.009973}}
{"target": -323.9427150639928, "params": {"gamma": 3.1130412574876014, "prior": 2.407742452022888, "rate": 3.5900011043724316}, "datetime": {"datetime": "2024-06-14 12:57:25", "elapsed": 14.613693, "delta": 0.009974}}
{"target": -393.5765818151231, "params": {"gamma": 4.047288190987675, "prior": 5.009393075339859, "rate": 7.015635889608674}, "datetime": {"datetime": "2024-06-14 12:57:25", "elapsed": 14.623666, "delta": 0.009973}}
{"target": -1006.9768893895628, "params": {"gamma": 8.410142349236114, "prior": 0.6848328152847544, "rate": 4.531267048059634}, "datetime": {"datetime": "2024-06-14 12:57:25", "elapsed": 14.633639, "delta": 0.009973}}
{"target": -406.6006950445004, "params": {"gamma": 4.276131343403098, "prior": 4.29792090355555, "rate": 5.637207208839824}, "datetime": {"datetime": "2024-06-14 12:57:25", "elapsed": 14.643612, "delta": 0.009973}}
{"target": -985.7904944976392, "params": {"gamma": 9.3980782998847, "prior": 3.3701820193455276, "rate": 9.489732453291571}, "datetime": {"datetime": "2024-06-14 12:57:25", "elapsed": 14.653586, "delta": 0.009974}}
{"target": -268.5064881658371, "params": {"gamma": 2.4595966948386168, "prior": 5.529209774430184, "rate": 7.134294959360631}, "datetime": {"datetime": "2024-06-14 12:57:25", "elapsed": 14.663559, "delta": 0.009973}}
{"target": -774.0385972928993, "params": {"gamma": 8.806336338229208, "prior": 7.838817028821818, "rate": 9.657646828616505}, "datetime": {"datetime": "2024-06-14 12:57:25", "elapsed": 14.673532, "delta": 0.009973}}
{"target": -444.99116366367605, "params": {"gamma": 5.511879884156932, "prior": 9.063720741650819, "rate": 6.547188885206358}, "datetime": {"datetime": "2024-06-14 12:57:25", "elapsed": 14.683506, "delta": 0.009974}}
{"target": -277.508709527827, "params": {"gamma": 1.6909319518823145, "prior": 0.4035410799066549, "rate": 7.608044237084763}, "datetime": {"datetime": "2024-06-14 12:57:25", "elapsed": 14.693479, "delta": 0.009973}}
{"target": -466.4410536189706, "params": {"gamma": 6.776523100769331, "prior": 2.9543033032339645, "rate": 1.061060113331068}, "datetime": {"datetime": "2024-06-14 12:57:26", "elapsed": 14.703453, "delta": 0.009974}}
{"target": -546.9888399244776, "params": {"gamma": 6.894912753981151, "prior": 7.519579902429176, "rate": 5.583261815945312}, "datetime": {"datetime": "2024-06-14 12:57:26", "elapsed": 14.713426, "delta": 0.009973}}
{"target": -667.8080020171595, "params": {"gamma": 6.6527083965787845, "prior": 4.10020372138982, "rate": 8.661009108350234}, "datetime": {"datetime": "2024-06-14 12:57:26", "elapsed": 14.723428, "delta": 0.010002}}
{"target": -444.40703801354863, "params": {"gamma": 5.3244804162311095, "prior": 8.95890809663211, "rate": 7.397355841077811}, "datetime": {"datetime": "2024-06-14 12:57:26", "elapsed": 14.732375, "delta": 0.008947}}
{"target": -477.02357429128875, "params": {"gamma": 5.229495878098283, "prior": 7.224605596526511, "rate": 8.867573377717738}, "datetime": {"datetime": "2024-06-14 12:57:26", "elapsed": 14.742349, "delta": 0.009974}}
{"target": -248.03771727998082, "params": {"gamma": 1.9459183399439965, "prior": 4.355070012521711, "rate": 8.593650736304962}, "datetime": {"datetime": "2024-06-14 12:57:26", "elapsed": 14.753322, "delta": 0.010973}}
{"target": -156.5300125362249, "params": {"gamma": 0.30593315470351806, "prior": 1.417513603339808, "rate": 4.0540634531511355}, "datetime": {"datetime": "2024-06-14 12:57:26", "elapsed": 14.763295, "delta": 0.009973}}
{"target": -187.1879923421366, "params": {"gamma": 1.1244776218587826, "prior": 7.288904924237335, "rate": 9.74812518591709}, "datetime": {"datetime": "2024-06-14 12:57:26", "elapsed": 14.773269, "delta": 0.009974}}
{"target": -319.24098943124926, "params": {"gamma": 4.891176585226112, "prior": 9.606648176679078, "rate": 1.3585554114606393}, "datetime": {"datetime": "2024-06-14 12:57:26", "elapsed": 14.783278, "delta": 0.010009}}
{"target": -636.2408195694318, "params": {"gamma": 7.004733804599716, "prior": 5.8702973117927115, "rate": 7.917543891275795}, "datetime": {"datetime": "2024-06-14 12:57:26", "elapsed": 14.793215, "delta": 0.009937}}
{"target": -396.2729765004118, "params": {"gamma": 5.377468422835572, "prior": 9.80093869090961, "rate": 4.397088163352406}, "datetime": {"datetime": "2024-06-14 12:57:26", "elapsed": 14.803188, "delta": 0.009973}}
{"target": -667.4740465886175, "params": {"gamma": 9.502773262661462, "prior": 9.190957370002844, "rate": 4.2392728592820275}, "datetime": {"datetime": "2024-06-14 12:57:26", "elapsed": 14.813162, "delta": 0.009974}}
{"target": -554.4666191656471, "params": {"gamma": 4.105808538326242, "prior": 0.2974759465557887, "rate": 4.485492635920682}, "datetime": {"datetime": "2024-06-14 12:57:26", "elapsed": 14.823135, "delta": 0.009973}}
{"target": -222.87350448839666, "params": {"gamma": 1.9949007104567833, "prior": 3.4256637772910272, "rate": 2.8258754102309727}, "datetime": {"datetime": "2024-06-14 12:57:26", "elapsed": 14.833108, "delta": 0.009973}}
{"target": -610.3090989726973, "params": {"gamma": 6.702309477116513, "prior": 4.457718385964588, "rate": 6.002889962165791}, "datetime": {"datetime": "2024-06-14 12:57:26", "elapsed": 14.843081, "delta": 0.009973}}
{"target": -651.2809773902245, "params": {"gamma": 8.435340806411245, "prior": 8.344442848168343, "rate": 5.855987869562886}, "datetime": {"datetime": "2024-06-14 12:57:26", "elapsed": 14.852563, "delta": 0.009482}}
{"target": -299.5198607323977, "params": {"gamma": 4.405923932616606, "prior": 4.064061545938616, "rate": 0.7122002336399037}, "datetime": {"datetime": "2024-06-14 12:57:26", "elapsed": 14.862537, "delta": 0.009974}}
{"target": -358.8559304127669, "params": {"gamma": 4.674352425274426, "prior": 4.090123873148685, "rate": 2.0161053969500373}, "datetime": {"datetime": "2024-06-14 12:57:26", "elapsed": 14.87251, "delta": 0.009973}}
{"target": -728.9256331581593, "params": {"gamma": 8.027446895117734, "prior": 7.011664981432901, "rate": 9.754105729983317}, "datetime": {"datetime": "2024-06-14 12:57:26", "elapsed": 14.882484, "delta": 0.009974}}
{"target": -368.5822129238035, "params": {"gamma": 3.8557726961887338, "prior": 4.227583085286738, "rate": 5.197829460123607}, "datetime": {"datetime": "2024-06-14 12:57:26", "elapsed": 14.892457, "delta": 0.009973}}
{"target": -362.55111520740195, "params": {"gamma": 3.5335312774873016, "prior": 5.497942769513592, "rate": 8.897635664817782}, "datetime": {"datetime": "2024-06-14 12:57:26", "elapsed": 14.90243, "delta": 0.009973}}
{"target": -810.5196708383969, "params": {"gamma": 7.305463347346481, "prior": 2.144468303025567, "rate": 8.001728642806308}, "datetime": {"datetime": "2024-06-14 12:57:26", "elapsed": 14.912404, "delta": 0.009974}}
{"target": -548.8042164079479, "params": {"gamma": 7.953285322327399, "prior": 8.011000507978151, "rate": 3.168709736973412}, "datetime": {"datetime": "2024-06-14 12:57:26", "elapsed": 14.923374, "delta": 0.01097}}
{"target": -390.9566786415202, "params": {"gamma": 6.129902255734795, "prior": 6.557680721273064, "rate": 1.203129814105274}, "datetime": {"datetime": "2024-06-14 12:57:26", "elapsed": 14.933347, "delta": 0.009973}}
{"target": -884.0506371257218, "params": {"gamma": 9.1868342285534, "prior": 3.7445441578197576, "rate": 6.884078859625151}, "datetime": {"datetime": "2024-06-14 12:57:26", "elapsed": 14.942323, "delta": 0.008976}}
{"target": -837.0295873775275, "params": {"gamma": 9.283455455258283, "prior": 6.781234415399158, "rate": 9.38483564986149}, "datetime": {"datetime": "2024-06-14 12:57:26", "elapsed": 14.952802, "delta": 0.010479}}
{"target": -787.7322182280732, "params": {"gamma": 6.991377462572233, "prior": 1.7914931567760517, "rate": 7.289326185240949}, "datetime": {"datetime": "2024-06-14 12:57:26", "elapsed": 14.962776, "delta": 0.009974}}
{"target": -437.0258427229687, "params": {"gamma": 4.05779575275768, "prior": 3.2538756044600095, "rate": 7.806682064739028}, "datetime": {"datetime": "2024-06-14 12:57:26", "elapsed": 14.97278, "delta": 0.010004}}
{"target": -496.8085013719354, "params": {"gamma": 7.905100864498175, "prior": 9.495216479998318, "rate": 2.032649766796406}, "datetime": {"datetime": "2024-06-14 12:57:26", "elapsed": 14.982663, "delta": 0.009883}}
{"target": -424.7975674970954, "params": {"gamma": 5.32711064694857, "prior": 7.744012340448712, "rate": 5.163972338729523}, "datetime": {"datetime": "2024-06-14 12:57:26", "elapsed": 14.992636, "delta": 0.009973}}
{"target": -242.535431444723, "params": {"gamma": 2.2886357530249133, "prior": 9.95337388401892, "rate": 8.893309115794231}, "datetime": {"datetime": "2024-06-14 12:57:26", "elapsed": 15.002639, "delta": 0.010003}}
{"target": -548.1830048527651, "params": {"gamma": 5.77185622802849, "prior": 5.426673287750362, "rate": 8.39992120466477}, "datetime": {"datetime": "2024-06-14 12:57:26", "elapsed": 15.012584, "delta": 0.009945}}
{"target": -661.0570813914554, "params": {"gamma": 9.146425179600218, "prior": 8.213895021249606, "rate": 4.3286649457508}, "datetime": {"datetime": "2024-06-14 12:57:26", "elapsed": 15.022585, "delta": 0.010001}}
{"target": -866.1835063888562, "params": {"gamma": 8.556375691660442, "prior": 2.333492784740386, "rate": 5.405620154121501}, "datetime": {"datetime": "2024-06-14 12:57:26", "elapsed": 15.032529, "delta": 0.009944}}
{"target": -310.91071789452235, "params": {"gamma": 3.1521877359098176, "prior": 1.2843815076826866, "rate": 1.455974015579314}, "datetime": {"datetime": "2024-06-14 12:57:26", "elapsed": 15.042503, "delta": 0.009974}}
{"target": -1005.5778581735827, "params": {"gamma": 9.366111572060866, "prior": 2.0304250356307176, "rate": 6.499451382283563}, "datetime": {"datetime": "2024-06-14 12:57:26", "elapsed": 15.051987, "delta": 0.009484}}
{"target": -211.39440814943646, "params": {"gamma": 2.391972458242885, "prior": 5.302148770050018, "rate": 1.307211406941315}, "datetime": {"datetime": "2024-06-14 12:57:26", "elapsed": 15.061957, "delta": 0.00997}}
{"target": -315.54551980394615, "params": {"gamma": 2.89611392001835, "prior": 4.065192847476347, "rate": 7.067081063453817}, "datetime": {"datetime": "2024-06-14 12:57:26", "elapsed": 15.071931, "delta": 0.009974}}
{"target": -846.2342441747446, "params": {"gamma": 9.0107982835773, "prior": 4.342913606645138, "rate": 7.138505863828612}, "datetime": {"datetime": "2024-06-14 12:57:26", "elapsed": 15.081933, "delta": 0.010002}}
{"target": -223.9949114502184, "params": {"gamma": 1.391725519034242, "prior": 1.0956932372792056, "rate": 4.481647794143768}, "datetime": {"datetime": "2024-06-14 12:57:26", "elapsed": 15.091878, "delta": 0.009945}}
{"target": -828.9184208839966, "params": {"gamma": 7.605301828565939, "prior": 2.392991312329407, "rate": 8.09151910411932}, "datetime": {"datetime": "2024-06-14 12:57:26", "elapsed": 15.101884, "delta": 0.010006}}
{"target": -335.81789867038367, "params": {"gamma": 2.5248249478764953, "prior": 0.9296321465117505, "rate": 5.130493139683857}, "datetime": {"datetime": "2024-06-14 12:57:26", "elapsed": 15.112421, "delta": 0.010537}}
{"target": -151.1675350035501, "params": {"gamma": 0.010777103781384231, "prior": 7.110319091630252, "rate": 7.390853426863938}, "datetime": {"datetime": "2024-06-14 12:57:26", "elapsed": 15.122394, "delta": 0.009973}}
{"target": -755.1419343552654, "params": {"gamma": 9.73322264344219, "prior": 6.6653296080007065, "rate": 4.942673042576449}, "datetime": {"datetime": "2024-06-14 12:57:26", "elapsed": 15.132368, "delta": 0.009974}}
{"target": -159.00432198277622, "params": {"gamma": 0.7371595478477164, "prior": 5.389520768514386, "rate": 1.4191621099841882}, "datetime": {"datetime": "2024-06-14 12:57:26", "elapsed": 15.142341, "delta": 0.009973}}
{"target": -546.0306163689704, "params": {"gamma": 8.024085235114102, "prior": 5.803873620313776, "rate": 2.1299294622685796}, "datetime": {"datetime": "2024-06-14 12:57:26", "elapsed": 15.152363, "delta": 0.010022}}
{"target": -697.44376635159, "params": {"gamma": 7.070844731569463, "prior": 3.3967839214683155, "rate": 6.691313025057773}, "datetime": {"datetime": "2024-06-14 12:57:26", "elapsed": 15.162334, "delta": 0.009971}}
{"target": -910.0996227923764, "params": {"gamma": 7.795731330379866, "prior": 0.9571035750915102, "rate": 5.107053969244893}, "datetime": {"datetime": "2024-06-14 12:57:26", "elapsed": 15.172307, "delta": 0.009973}}
{"target": -170.44794915147918, "params": {"gamma": 1.0376399462769927, "prior": 6.5296689069268, "rate": 3.155663327191296}, "datetime": {"datetime": "2024-06-14 12:57:26", "elapsed": 15.182281, "delta": 0.009974}}
{"target": -841.4209186487778, "params": {"gamma": 6.435368403054906, "prior": 0.5806824424773391, "rate": 8.67009697380327}, "datetime": {"datetime": "2024-06-14 12:57:26", "elapsed": 15.192254, "delta": 0.009973}}
{"target": -335.2922517479784, "params": {"gamma": 4.78211439086565, "prior": 7.956176567412768, "rate": 2.267143144700332}, "datetime": {"datetime": "2024-06-14 12:57:26", "elapsed": 15.202227, "delta": 0.009973}}
{"target": -324.1484722676307, "params": {"gamma": 3.3504024487870745, "prior": 7.661371739793161, "rate": 8.534375742625368}, "datetime": {"datetime": "2024-06-14 12:57:26", "elapsed": 15.212202, "delta": 0.009975}}
{"target": -355.37650232746836, "params": {"gamma": 4.371801524592517, "prior": 9.310290067062997, "rate": 5.796563374104747}, "datetime": {"datetime": "2024-06-14 12:57:26", "elapsed": 15.222174, "delta": 0.009972}}
