{"target": -291.77686340004215, "params": {"gamma": 2.0254278937096815, "lr": 0.8542379729163827}, "datetime": {"datetime": "2024-06-13 19:54:35", "elapsed": 2.885641, "delta": 0.003989}}
{"target": -974.695268082537, "params": {"gamma": 7.0595677402804276, "lr": 0.8949395201529242}, "datetime": {"datetime": "2024-06-13 19:54:35", "elapsed": 2.890014, "delta": 0.004373}}
{"target": -359.56369501396483, "params": {"gamma": 3.2921308719412035, "lr": 0.5280013966376261}, "datetime": {"datetime": "2024-06-13 19:54:35", "elapsed": 2.894003, "delta": 0.003989}}
{"target": -615.7885244025193, "params": {"gamma": 6.504330926708715, "lr": 0.5942908535866644}, "datetime": {"datetime": "2024-06-13 19:54:35", "elapsed": 2.896996, "delta": 0.002993}}
{"target": -246.36031734965644, "params": {"gamma": 2.315397892406944, "lr": 0.4268213494482356}, "datetime": {"datetime": "2024-06-13 19:54:35", "elapsed": 2.900985, "delta": 0.003989}}
{"target": -345.60011066010793, "params": {"gamma": 2.481866529137688, "lr": 0.8456149622311454}, "datetime": {"datetime": "2024-06-13 19:54:35", "elapsed": 2.904974, "delta": 0.003989}}
{"target": -1961.9427313250299, "params": {"gamma": 9.866787772235858, "lr": 0.06657080313237929}, "datetime": {"datetime": "2024-06-13 19:54:35", "elapsed": 2.908964, "delta": 0.00399}}
{"target": -641.5546690348865, "params": {"gamma": 7.139566394637347, "lr": 0.3301155521990743}, "datetime": {"datetime": "2024-06-13 19:54:35", "elapsed": 2.911955, "delta": 0.002991}}
{"target": -604.255320969593, "params": {"gamma": 6.254728347736019, "lr": 0.258129649281871}, "datetime": {"datetime": "2024-06-13 19:54:35", "elapsed": 2.915945, "delta": 0.00399}}
{"target": -602.1871314294195, "params": {"gamma": 6.510425085475643, "lr": 0.37114718446272954}, "datetime": {"datetime": "2024-06-13 19:54:35", "elapsed": 2.919934, "delta": 0.003989}}
{"target": -425.77800779671554, "params": {"gamma": 2.9489139744901, "lr": 0.9117631736977988}, "datetime": {"datetime": "2024-06-13 19:54:35", "elapsed": 2.923924, "delta": 0.00399}}
{"target": -897.7655283362367, "params": {"gamma": 9.425046243387849, "lr": 0.6135500265601355}, "datetime": {"datetime": "2024-06-13 19:54:35", "elapsed": 2.927913, "delta": 0.003989}}
{"target": -322.7681122290861, "params": {"gamma": 2.1454633405260957, "lr": 0.9394188709061594}, "datetime": {"datetime": "2024-06-13 19:54:35", "elapsed": 2.930905, "delta": 0.002992}}
{"target": -946.7201075032362, "params": {"gamma": 7.504785013686519, "lr": 0.7510898073228061}, "datetime": {"datetime": "2024-06-13 19:54:35", "elapsed": 2.934894, "delta": 0.003989}}
{"target": -297.45867219800834, "params": {"gamma": 2.1180016271500137, "lr": 0.8301565261622993}, "datetime": {"datetime": "2024-06-13 19:54:35", "elapsed": 2.938884, "delta": 0.00399}}
{"target": -261.8275740050685, "params": {"gamma": 2.4017114464579397, "lr": 0.6316207452501602}, "datetime": {"datetime": "2024-06-13 19:54:35", "elapsed": 2.942873, "delta": 0.003989}}
{"target": -826.6607885331085, "params": {"gamma": 7.107684959425964, "lr": 0.7423834297071017}, "datetime": {"datetime": "2024-06-13 19:54:35", "elapsed": 2.945864, "delta": 0.002991}}
{"target": -505.32505621163835, "params": {"gamma": 3.9032567812912102, "lr": 0.7598253967160974}, "datetime": {"datetime": "2024-06-13 19:54:35", "elapsed": 2.949854, "delta": 0.00399}}
{"target": -840.3873679040015, "params": {"gamma": 9.029456085314978, "lr": 0.5874200192375769}, "datetime": {"datetime": "2024-06-13 19:54:35", "elapsed": 2.953844, "delta": 0.00399}}
{"target": -153.66111012183467, "params": {"gamma": 0.9050067472322914, "lr": 0.12897598414227607}, "datetime": {"datetime": "2024-06-13 19:54:35", "elapsed": 2.957833, "delta": 0.003989}}
{"target": -170.65695535216122, "params": {"gamma": 1.0535200041012063, "lr": 0.17272746332288003}, "datetime": {"datetime": "2024-06-13 19:54:35", "elapsed": 2.961822, "delta": 0.003989}}
{"target": -202.94111415051748, "params": {"gamma": 1.2651824720065605, "lr": 0.7783008900676276}, "datetime": {"datetime": "2024-06-13 19:54:35", "elapsed": 2.965811, "delta": 0.003989}}
{"target": -120.560195353562, "params": {"gamma": 0.39507571033225836, "lr": 0.24155841734086403}, "datetime": {"datetime": "2024-06-13 19:54:35", "elapsed": 2.968803, "delta": 0.002992}}
{"target": -1204.3638523561751, "params": {"gamma": 8.790784947183296, "lr": 0.9735188608362936}, "datetime": {"datetime": "2024-06-13 19:54:35", "elapsed": 2.972793, "delta": 0.00399}}
{"target": -838.0021709452549, "params": {"gamma": 6.054614655262755, "lr": 0.9762382645603884}, "datetime": {"datetime": "2024-06-13 19:54:35", "elapsed": 2.976782, "delta": 0.003989}}
{"target": -142.50148544424465, "params": {"gamma": 0.43547196560805285, "lr": 0.9485727683760076}, "datetime": {"datetime": "2024-06-13 19:54:35", "elapsed": 2.980772, "delta": 0.00399}}
{"target": -413.21482099188904, "params": {"gamma": 3.113649528479215, "lr": 0.798972840361593}, "datetime": {"datetime": "2024-06-13 19:54:35", "elapsed": 2.983763, "delta": 0.002991}}
{"target": -1026.484056715914, "params": {"gamma": 8.106480405365568, "lr": 0.8599985915803449}, "datetime": {"datetime": "2024-06-13 19:54:35", "elapsed": 2.987753, "delta": 0.00399}}
{"target": -641.9280726182122, "params": {"gamma": 4.586049558214109, "lr": 0.9306443921654484}, "datetime": {"datetime": "2024-06-13 19:54:35", "elapsed": 2.991742, "delta": 0.003989}}
{"target": -377.9972959261627, "params": {"gamma": 2.579671951285972, "lr": 0.9344454925295846}, "datetime": {"datetime": "2024-06-13 19:54:35", "elapsed": 2.995731, "delta": 0.003989}}
{"target": -856.3230620308043, "params": {"gamma": 6.191577212883354, "lr": 0.9854449149448306}, "datetime": {"datetime": "2024-06-13 19:54:35", "elapsed": 2.999721, "delta": 0.00399}}
{"target": -131.8627336541235, "params": {"gamma": 0.3274060157599613, "lr": 0.7251666588327084}, "datetime": {"datetime": "2024-06-13 19:54:35", "elapsed": 3.002713, "delta": 0.002992}}
{"target": -549.3125913195256, "params": {"gamma": 5.655976799568431, "lr": 0.4924240473983196}, "datetime": {"datetime": "2024-06-13 19:54:35", "elapsed": 3.006702, "delta": 0.003989}}
{"target": -258.50552691690626, "params": {"gamma": 2.5929220383817193, "lr": 0.3268306848663751}, "datetime": {"datetime": "2024-06-13 19:54:35", "elapsed": 3.010691, "delta": 0.003989}}
{"target": -273.70903582211633, "params": {"gamma": 2.495372604807176, "lr": 0.21926791032506077}, "datetime": {"datetime": "2024-06-13 19:54:35", "elapsed": 3.014681, "delta": 0.00399}}
{"target": -818.3810222022555, "params": {"gamma": 7.996808714410864, "lr": 0.5023950058982584}, "datetime": {"datetime": "2024-06-13 19:54:35", "elapsed": 3.017674, "delta": 0.002993}}
{"target": -162.4546567095419, "params": {"gamma": 0.8328156970812803, "lr": 0.7769841920273803}, "datetime": {"datetime": "2024-06-13 19:54:35", "elapsed": 3.021662, "delta": 0.003988}}
{"target": -628.638297248208, "params": {"gamma": 5.336957111761226, "lr": 0.739387787346382}, "datetime": {"datetime": "2024-06-13 19:54:35", "elapsed": 3.025652, "delta": 0.00399}}
{"target": -496.55008181769546, "params": {"gamma": 5.154421537738071, "lr": 0.39994592398513173}, "datetime": {"datetime": "2024-06-13 19:54:35", "elapsed": 3.029641, "delta": 0.003989}}
{"target": -1961.09010904104, "params": {"gamma": 9.862481577580514, "lr": 0.02824262016291268}, "datetime": {"datetime": "2024-06-13 19:54:35", "elapsed": 3.03363, "delta": 0.003989}}
{"target": -1276.2956525534555, "params": {"gamma": 9.327706315740619, "lr": 0.930854967759968}, "datetime": {"datetime": "2024-06-13 19:54:35", "elapsed": 3.03762, "delta": 0.00399}}
{"target": -408.0265834846439, "params": {"gamma": 3.909796196303079, "lr": 0.2144648711333198}, "datetime": {"datetime": "2024-06-13 19:54:35", "elapsed": 3.040611, "delta": 0.002991}}
{"target": -775.7239059584515, "params": {"gamma": 6.192513766034457, "lr": 0.17797233547016944}, "datetime": {"datetime": "2024-06-13 19:54:35", "elapsed": 3.044601, "delta": 0.00399}}
{"target": -766.8487641950937, "params": {"gamma": 8.032278735085756, "lr": 0.2539338558777352}, "datetime": {"datetime": "2024-06-13 19:54:35", "elapsed": 3.048591, "delta": 0.00399}}
{"target": -420.55575642503743, "params": {"gamma": 2.9087707441717465, "lr": 0.915915790009957}, "datetime": {"datetime": "2024-06-13 19:54:35", "elapsed": 3.052579, "delta": 0.003988}}
{"target": -919.5427421133727, "params": {"gamma": 9.029265417910615, "lr": 0.5353808917305217}, "datetime": {"datetime": "2024-06-13 19:54:35", "elapsed": 3.056569, "delta": 0.00399}}
{"target": -791.6727670345475, "params": {"gamma": 8.628526966805577, "lr": 0.3525325688050618}, "datetime": {"datetime": "2024-06-13 19:54:35", "elapsed": 3.059561, "delta": 0.002992}}
{"target": -988.0653020050872, "params": {"gamma": 9.978844897970799, "lr": 0.433689739404977}, "datetime": {"datetime": "2024-06-13 19:54:35", "elapsed": 3.06355, "delta": 0.003989}}
{"target": -593.2123365685972, "params": {"gamma": 2.948825305973155, "lr": 0.04157423394916726}, "datetime": {"datetime": "2024-06-13 19:54:35", "elapsed": 3.06754, "delta": 0.00399}}
{"target": -945.4961446658813, "params": {"gamma": 9.897079830913631, "lr": 0.4648876309118224}, "datetime": {"datetime": "2024-06-13 19:54:35", "elapsed": 3.071529, "delta": 0.003989}}
{"target": -707.6134977243742, "params": {"gamma": 7.346115555489657, "lr": 0.6408076240458747}, "datetime": {"datetime": "2024-06-13 19:54:35", "elapsed": 3.075518, "delta": 0.003989}}
{"target": -1440.1113124648596, "params": {"gamma": 7.231210903260432, "lr": 0.05111090382611627}, "datetime": {"datetime": "2024-06-13 19:54:35", "elapsed": 3.07851, "delta": 0.002992}}
{"target": -1259.2578119907735, "params": {"gamma": 9.200534008691728, "lr": 0.9268412179022415}, "datetime": {"datetime": "2024-06-13 19:54:35", "elapsed": 3.0825, "delta": 0.00399}}
{"target": -766.5828183675802, "params": {"gamma": 5.520398276514817, "lr": 0.963915888684551}, "datetime": {"datetime": "2024-06-13 19:54:35", "elapsed": 3.086489, "delta": 0.003989}}
{"target": -297.01761560350786, "params": {"gamma": 2.8102744143666842, "lr": 0.6021466271365452}, "datetime": {"datetime": "2024-06-13 19:54:35", "elapsed": 3.090478, "delta": 0.003989}}
{"target": -399.7045827671113, "params": {"gamma": 3.9652304378361865, "lr": 0.6280232317552282}, "datetime": {"datetime": "2024-06-13 19:54:35", "elapsed": 3.09347, "delta": 0.002992}}
{"target": -401.4237164887888, "params": {"gamma": 3.0070222529489574, "lr": 0.8193583846560202}, "datetime": {"datetime": "2024-06-13 19:54:35", "elapsed": 3.097459, "delta": 0.003989}}
{"target": -167.18790584483986, "params": {"gamma": 0.6987899990635812, "lr": 0.04187757029999628}, "datetime": {"datetime": "2024-06-13 19:54:35", "elapsed": 3.101449, "delta": 0.00399}}
{"target": -122.71553272352708, "params": {"gamma": 0.49491444994850975, "lr": 0.15045502836766345}, "datetime": {"datetime": "2024-06-13 19:54:35", "elapsed": 3.105438, "delta": 0.003989}}
{"target": -557.9751176751629, "params": {"gamma": 3.954109387473109, "lr": 0.9553899892571747}, "datetime": {"datetime": "2024-06-13 19:54:35", "elapsed": 3.109427, "delta": 0.003989}}
{"target": -162.32079558579017, "params": {"gamma": 1.1088436015198657, "lr": 0.6475529858164272}, "datetime": {"datetime": "2024-06-13 19:54:35", "elapsed": 3.112985, "delta": 0.003558}}
{"target": -492.00337441944987, "params": {"gamma": 5.276687463055037, "lr": 0.353242405983059}, "datetime": {"datetime": "2024-06-13 19:54:35", "elapsed": 3.11697, "delta": 0.003985}}
{"target": -226.877156063177, "params": {"gamma": 1.9827940939725983, "lr": 0.22059408184733575}, "datetime": {"datetime": "2024-06-13 19:54:35", "elapsed": 3.120959, "delta": 0.003989}}
{"target": -131.95125284517763, "params": {"gamma": 0.4391712757617422, "lr": 0.7131639731598145}, "datetime": {"datetime": "2024-06-13 19:54:35", "elapsed": 3.124948, "delta": 0.003989}}
{"target": -654.5129061873837, "params": {"gamma": 6.538748151763354, "lr": 0.4437697927247224}, "datetime": {"datetime": "2024-06-13 19:54:35", "elapsed": 3.128937, "delta": 0.003989}}
{"target": -1054.4526294344628, "params": {"gamma": 7.189675941410347, "lr": 0.10997597244532042}, "datetime": {"datetime": "2024-06-13 19:54:35", "elapsed": 3.132927, "delta": 0.00399}}
{"target": -1208.5006951476391, "params": {"gamma": 9.387253014515942, "lr": 0.8476267092393875}, "datetime": {"datetime": "2024-06-13 19:54:35", "elapsed": 3.135919, "delta": 0.002992}}
{"target": -629.1320669303288, "params": {"gamma": 6.590697560999168, "lr": 0.37883116866173183}, "datetime": {"datetime": "2024-06-13 19:54:35", "elapsed": 3.139908, "delta": 0.003989}}
{"target": -411.0466234288258, "params": {"gamma": 4.16625072341846, "lr": 0.48215392215746744}, "datetime": {"datetime": "2024-06-13 19:54:35", "elapsed": 3.143898, "delta": 0.00399}}
{"target": -1179.089108821445, "params": {"gamma": 9.352902416297999, "lr": 0.8635929549181026}, "datetime": {"datetime": "2024-06-13 19:54:35", "elapsed": 3.147887, "delta": 0.003989}}
{"target": -503.6233562989829, "params": {"gamma": 4.779760568316378, "lr": 0.554518498278167}, "datetime": {"datetime": "2024-06-13 19:54:35", "elapsed": 3.151876, "delta": 0.003989}}
{"target": -1199.4578158794868, "params": {"gamma": 8.754163218930938, "lr": 0.9492644337722901}, "datetime": {"datetime": "2024-06-13 19:54:35", "elapsed": 3.155865, "delta": 0.003989}}
{"target": -746.5985286357993, "params": {"gamma": 6.392208373926592, "lr": 0.7485203200897537}, "datetime": {"datetime": "2024-06-13 19:54:35", "elapsed": 3.159438, "delta": 0.003573}}
{"target": -500.19990173389334, "params": {"gamma": 3.516897438698066, "lr": 0.91802831908618}, "datetime": {"datetime": "2024-06-13 19:54:35", "elapsed": 3.163425, "delta": 0.003987}}
{"target": -854.7180655618562, "params": {"gamma": 8.367683746488458, "lr": 0.5520558812247628}, "datetime": {"datetime": "2024-06-13 19:54:35", "elapsed": 3.167414, "delta": 0.003989}}
{"target": -1118.9628639565788, "params": {"gamma": 8.676404468942122, "lr": 0.8498718814403323}, "datetime": {"datetime": "2024-06-13 19:54:35", "elapsed": 3.171403, "delta": 0.003989}}
{"target": -966.1008274249186, "params": {"gamma": 8.084305154704811, "lr": 0.13069282439738805}, "datetime": {"datetime": "2024-06-13 19:54:35", "elapsed": 3.174395, "delta": 0.002992}}
{"target": -746.6477403643943, "params": {"gamma": 5.3604897456433, "lr": 0.900783114706916}, "datetime": {"datetime": "2024-06-13 19:54:35", "elapsed": 3.178385, "delta": 0.00399}}
{"target": -752.4795096518973, "params": {"gamma": 7.70854747370775, "lr": 0.4207131990251918}, "datetime": {"datetime": "2024-06-13 19:54:35", "elapsed": 3.182374, "delta": 0.003989}}
{"target": -926.6491734825505, "params": {"gamma": 9.778826053206298, "lr": 0.25077315667300226}, "datetime": {"datetime": "2024-06-13 19:54:35", "elapsed": 3.186363, "delta": 0.003989}}
{"target": -476.5044772171797, "params": {"gamma": 3.336768678250129, "lr": 0.954200507429589}, "datetime": {"datetime": "2024-06-13 19:54:35", "elapsed": 3.189355, "delta": 0.002992}}
{"target": -1112.8257593943604, "params": {"gamma": 8.087344766504712, "lr": 0.9003400045106619}, "datetime": {"datetime": "2024-06-13 19:54:35", "elapsed": 3.193345, "delta": 0.00399}}
{"target": -135.26482730734105, "params": {"gamma": 0.11688430450954196, "lr": 0.37976443303399476}, "datetime": {"datetime": "2024-06-13 19:54:35", "elapsed": 3.197367, "delta": 0.004022}}
{"target": -239.36962310420884, "params": {"gamma": 2.355984044142083, "lr": 0.2959350518874113}, "datetime": {"datetime": "2024-06-13 19:54:35", "elapsed": 3.201353, "delta": 0.003986}}
{"target": -864.5454708064494, "params": {"gamma": 7.380216968542006, "lr": 0.7240848448640741}, "datetime": {"datetime": "2024-06-13 19:54:35", "elapsed": 3.205343, "delta": 0.00399}}
{"target": -433.4109987539598, "params": {"gamma": 4.618532302580416, "lr": 0.3652744612070937}, "datetime": {"datetime": "2024-06-13 19:54:35", "elapsed": 3.208305, "delta": 0.002962}}
{"target": -607.9056649223412, "params": {"gamma": 5.847331438432254, "lr": 0.5337077546342763}, "datetime": {"datetime": "2024-06-13 19:54:35", "elapsed": 3.212294, "delta": 0.003989}}
{"target": -539.5681668782997, "params": {"gamma": 5.5062450105196135, "lr": 0.6154770711146578}, "datetime": {"datetime": "2024-06-13 19:54:35", "elapsed": 3.216283, "delta": 0.003989}}
{"target": -511.86280097145413, "params": {"gamma": 3.957087074403221, "lr": 0.7717184824154584}, "datetime": {"datetime": "2024-06-13 19:54:35", "elapsed": 3.220273, "delta": 0.00399}}
{"target": -271.3014638020739, "params": {"gamma": 2.512780630310517, "lr": 0.655760767903366}, "datetime": {"datetime": "2024-06-13 19:54:35", "elapsed": 3.223264, "delta": 0.002991}}
{"target": -1909.9132438030897, "params": {"gamma": 9.604011085051962, "lr": 0.0035547604644260433}, "datetime": {"datetime": "2024-06-13 19:54:35", "elapsed": 3.227254, "delta": 0.00399}}
{"target": -1060.8837484633948, "params": {"gamma": 7.233887082898668, "lr": 0.10899503392964371}, "datetime": {"datetime": "2024-06-13 19:54:35", "elapsed": 3.231243, "delta": 0.003989}}
{"target": -533.3773671949812, "params": {"gamma": 5.438331129146589, "lr": 0.6269160166803346}, "datetime": {"datetime": "2024-06-13 19:54:35", "elapsed": 3.235233, "delta": 0.00399}}
{"target": -358.8501506037857, "params": {"gamma": 2.4302283105822404, "lr": 0.9138438752466082}, "datetime": {"datetime": "2024-06-13 19:54:35", "elapsed": 3.239222, "delta": 0.003989}}
{"target": -629.7932849590999, "params": {"gamma": 6.223502974387487, "lr": 0.23169469139485988}, "datetime": {"datetime": "2024-06-13 19:54:35", "elapsed": 3.243211, "delta": 0.003989}}
{"target": -1128.9157218384776, "params": {"gamma": 7.701551743810476, "lr": 0.10550707999733477}, "datetime": {"datetime": "2024-06-13 19:54:35", "elapsed": 3.247201, "delta": 0.00399}}
{"target": -1010.6542523972291, "params": {"gamma": 5.552697959994914, "lr": 0.0949560698024915}, "datetime": {"datetime": "2024-06-13 19:54:35", "elapsed": 3.25119, "delta": 0.003989}}
{"target": -563.622241215124, "params": {"gamma": 5.810259742677521, "lr": 0.2529801127201884}, "datetime": {"datetime": "2024-06-13 19:54:35", "elapsed": 3.255029, "delta": 0.003839}}
{"target": -764.5923364343516, "params": {"gamma": 6.495018612739509, "lr": 0.71582695285818}, "datetime": {"datetime": "2024-06-13 19:54:35", "elapsed": 3.259014, "delta": 0.003985}}
{"target": -515.5194281346758, "params": {"gamma": 5.242331960072044, "lr": 0.6575214077031101}, "datetime": {"datetime": "2024-06-13 19:54:35", "elapsed": 3.262005, "delta": 0.002991}}
{"target": -1031.5121337072258, "params": {"gamma": 8.133125159405232, "lr": 0.8075122716430321}, "datetime": {"datetime": "2024-06-13 19:54:35", "elapsed": 3.265995, "delta": 0.00399}}
{"target": -599.7805353944618, "params": {"gamma": 6.197200238546574, "lr": 0.45110246212077487}, "datetime": {"datetime": "2024-06-13 19:54:35", "elapsed": 3.269984, "delta": 0.003989}}
{"target": -534.9838728034823, "params": {"gamma": 4.080091940484627, "lr": 0.8747476199043634}, "datetime": {"datetime": "2024-06-13 19:54:35", "elapsed": 3.273974, "delta": 0.00399}}
{"target": -834.7842516392847, "params": {"gamma": 7.029614389411599, "lr": 0.18493502237340165}, "datetime": {"datetime": "2024-06-13 19:54:35", "elapsed": 3.277963, "delta": 0.003989}}
{"target": -786.4966587122485, "params": {"gamma": 5.657755734146004, "lr": 0.9088080323000569}, "datetime": {"datetime": "2024-06-13 19:54:35", "elapsed": 3.281952, "delta": 0.003989}}
{"target": -233.4209317538635, "params": {"gamma": 1.5077492324904636, "lr": 0.8455176755307064}, "datetime": {"datetime": "2024-06-13 19:54:35", "elapsed": 3.285941, "delta": 0.003989}}
{"target": -787.0607854109104, "params": {"gamma": 8.202204460687183, "lr": 0.4993411012978345}, "datetime": {"datetime": "2024-06-13 19:54:35", "elapsed": 3.289931, "delta": 0.00399}}
{"target": -118.35870252200996, "params": {"gamma": 0.37680093100554635, "lr": 0.14750250539693543}, "datetime": {"datetime": "2024-06-13 19:54:35", "elapsed": 3.292923, "delta": 0.002992}}
{"target": -1835.159570736958, "params": {"gamma": 9.226464308192023, "lr": 0.04415479603186245}, "datetime": {"datetime": "2024-06-13 19:54:35", "elapsed": 3.296912, "delta": 0.003989}}
{"target": -378.157877588457, "params": {"gamma": 3.7256151652871896, "lr": 0.6190396347254709}, "datetime": {"datetime": "2024-06-13 19:54:35", "elapsed": 3.300901, "delta": 0.003989}}
{"target": -300.8995266620281, "params": {"gamma": 1.9702834411012529, "lr": 0.9810797572402973}, "datetime": {"datetime": "2024-06-13 19:54:35", "elapsed": 3.304891, "delta": 0.00399}}
{"target": -201.42488022447046, "params": {"gamma": 1.5605963552011808, "lr": 0.5396791951612744}, "datetime": {"datetime": "2024-06-13 19:54:35", "elapsed": 3.30888, "delta": 0.003989}}
{"target": -625.5632931890362, "params": {"gamma": 6.180495232142101, "lr": 0.2309899486697039}, "datetime": {"datetime": "2024-06-13 19:54:35", "elapsed": 3.311872, "delta": 0.002992}}
{"target": -457.0442956805713, "params": {"gamma": 4.663623583104205, "lr": 0.49100852913292925}, "datetime": {"datetime": "2024-06-13 19:54:35", "elapsed": 3.315861, "delta": 0.003989}}
{"target": -737.1249994352128, "params": {"gamma": 7.668856900889094, "lr": 0.6342807527738734}, "datetime": {"datetime": "2024-06-13 19:54:35", "elapsed": 3.319851, "delta": 0.00399}}
{"target": -527.5628482051658, "params": {"gamma": 4.676032980600331, "lr": 0.6669425431939752}, "datetime": {"datetime": "2024-06-13 19:54:35", "elapsed": 3.32384, "delta": 0.003989}}
{"target": -479.71129087725177, "params": {"gamma": 4.534320887795462, "lr": 0.5257115913414097}, "datetime": {"datetime": "2024-06-13 19:54:35", "elapsed": 3.32783, "delta": 0.00399}}
{"target": -823.3090359976783, "params": {"gamma": 6.586021847542061, "lr": 0.18119538195386165}, "datetime": {"datetime": "2024-06-13 19:54:35", "elapsed": 3.331819, "delta": 0.003989}}
