{"target": -245.5310687655973, "params": {"gamma": 4.371801524592517, "prior": 9.310290067062997, "rate": 5.796563374104747}, "datetime": {"datetime": "2024-06-14 11:40:52", "elapsed": 15.113592, "delta": 0.009974}}
{"target": -146.060200208462, "params": {"gamma": 0.4919257168276211, "prior": 4.583327245754565, "rate": 1.6048400632304824}, "datetime": {"datetime": "2024-06-14 11:40:52", "elapsed": 15.123565, "delta": 0.009973}}
{"target": -347.8438502147837, "params": {"gamma": 7.3285116447675644, "prior": 3.5387914125136177, "rate": 2.0125752194218203}, "datetime": {"datetime": "2024-06-14 11:40:52", "elapsed": 15.133539, "delta": 0.009974}}
{"target": -373.8975527910968, "params": {"gamma": 8.428037552609165, "prior": 8.196183684842598, "rate": 3.4371232618649366}, "datetime": {"datetime": "2024-06-14 11:40:52", "elapsed": 15.143512, "delta": 0.009973}}
{"target": -392.39174627969345, "params": {"gamma": 4.036824289622301, "prior": 0.6999381207727932, "rate": 1.789668289049935}, "datetime": {"datetime": "2024-06-14 11:40:52", "elapsed": 15.153487, "delta": 0.009975}}
{"target": -467.1552992830604, "params": {"gamma": 7.359452519624915, "prior": 5.704690450059553, "rate": 8.232546464042965}, "datetime": {"datetime": "2024-06-14 11:40:52", "elapsed": 15.163461, "delta": 0.009974}}
{"target": -271.1992632103592, "params": {"gamma": 5.011999831149711, "prior": 7.70183791518716, "rate": 5.099670086770199}, "datetime": {"datetime": "2024-06-14 11:40:52", "elapsed": 15.173434, "delta": 0.009973}}
{"target": -534.0287362895906, "params": {"gamma": 5.681122236748865, "prior": 1.9277178465421385, "rate": 5.444465844143353}, "datetime": {"datetime": "2024-06-14 11:40:52", "elapsed": 15.183225, "delta": 0.009791}}
{"target": -157.91537058589407, "params": {"gamma": 2.0111304539680037, "prior": 5.606569803760094, "rate": 1.4152709353449207}, "datetime": {"datetime": "2024-06-14 11:40:52", "elapsed": 15.193196, "delta": 0.009971}}
{"target": -152.58051311964024, "params": {"gamma": 1.860913882924621, "prior": 7.671361205911481, "rate": 0.7097917708485983}, "datetime": {"datetime": "2024-06-14 11:40:52", "elapsed": 15.203169, "delta": 0.009973}}
{"target": -193.58165589768524, "params": {"gamma": 3.693767142270499, "prior": 8.790992387293622, "rate": 1.0442696607468924}, "datetime": {"datetime": "2024-06-14 11:40:52", "elapsed": 15.213142, "delta": 0.009973}}
{"target": -490.7493300578914, "params": {"gamma": 3.592172999392244, "prior": 1.2282076392222137, "rate": 8.765531034947044}, "datetime": {"datetime": "2024-06-14 11:40:52", "elapsed": 15.223116, "delta": 0.009974}}
{"target": -187.84956975152454, "params": {"gamma": 1.2632448916905008, "prior": 2.6200995276429606, "rate": 4.219641618837235}, "datetime": {"datetime": "2024-06-14 11:40:52", "elapsed": 15.233089, "delta": 0.009973}}
{"target": -326.1420421246549, "params": {"gamma": 6.652894921984129, "prior": 3.5125825645272064, "rate": 2.135803151301911}, "datetime": {"datetime": "2024-06-14 11:40:52", "elapsed": 15.243062, "delta": 0.009973}}
{"target": -316.00815901574833, "params": {"gamma": 3.734477672558837, "prior": 5.753143799030497, "rate": 9.907522742580955}, "datetime": {"datetime": "2024-06-14 11:40:52", "elapsed": 15.253038, "delta": 0.009976}}
{"target": -304.03174227396977, "params": {"gamma": 3.2723245929378826, "prior": 3.685813030171733, "rate": 7.062646301466503}, "datetime": {"datetime": "2024-06-14 11:40:52", "elapsed": 15.263011, "delta": 0.009973}}
{"target": -329.42380927909187, "params": {"gamma": 2.9900579784113206, "prior": 3.5620371383838085, "rate": 9.947082647057805}, "datetime": {"datetime": "2024-06-14 11:40:52", "elapsed": 15.272985, "delta": 0.009974}}
{"target": -264.6177147944621, "params": {"gamma": 6.043069520448973, "prior": 8.305226870877545, "rate": 0.3176252391757072}, "datetime": {"datetime": "2024-06-14 11:40:52", "elapsed": 15.283956, "delta": 0.010971}}
{"target": -167.15453601603227, "params": {"gamma": 1.4557567070423627, "prior": 7.304510112747834, "rate": 5.397899711964559}, "datetime": {"datetime": "2024-06-14 11:40:52", "elapsed": 15.292931, "delta": 0.008975}}
{"target": -474.03186764060007, "params": {"gamma": 9.952649800093342, "prior": 5.00673362856301, "rate": 3.8416545812104723}, "datetime": {"datetime": "2024-06-14 11:40:52", "elapsed": 15.302904, "delta": 0.009973}}
{"target": -205.77699897526026, "params": {"gamma": 1.9445456383363844, "prior": 5.942647801204246, "rate": 7.666485240265026}, "datetime": {"datetime": "2024-06-14 11:40:52", "elapsed": 15.312878, "delta": 0.009974}}
{"target": -361.0968872631044, "params": {"gamma": 9.244467433023058, "prior": 1.462495679977994, "rate": 0.08189114312752561}, "datetime": {"datetime": "2024-06-14 11:40:52", "elapsed": 15.322852, "delta": 0.009974}}
{"target": -488.24894440268275, "params": {"gamma": 4.780126931726139, "prior": 1.9111811039435311, "rate": 6.103775776452777}, "datetime": {"datetime": "2024-06-14 11:40:52", "elapsed": 15.332824, "delta": 0.009972}}
{"target": -436.9821032238269, "params": {"gamma": 6.203072776459787, "prior": 4.1553388322066995, "rate": 6.772375433611433}, "datetime": {"datetime": "2024-06-14 11:40:52", "elapsed": 15.342799, "delta": 0.009975}}
{"target": -155.0887506947113, "params": {"gamma": 1.997506020536704, "prior": 8.104961606799353, "rate": 0.5043465023721727}, "datetime": {"datetime": "2024-06-14 11:40:52", "elapsed": 15.353769, "delta": 0.01097}}
{"target": -181.4489565007917, "params": {"gamma": 1.7194467246754197, "prior": 9.807962958788716, "rate": 9.003871416888757}, "datetime": {"datetime": "2024-06-14 11:40:52", "elapsed": 15.362744, "delta": 0.008975}}
{"target": -418.6264076914414, "params": {"gamma": 9.397350482215943, "prior": 9.093598504119935, "rate": 4.414730582333611}, "datetime": {"datetime": "2024-06-14 11:40:52", "elapsed": 15.373888, "delta": 0.011144}}
{"target": -380.93424240671845, "params": {"gamma": 9.38810223223617, "prior": 2.450393284380015, "rate": 0.4960936050759842}, "datetime": {"datetime": "2024-06-14 11:40:52", "elapsed": 15.383861, "delta": 0.009973}}
{"target": -407.7487167937126, "params": {"gamma": 5.573083480654817, "prior": 3.2018703277326415, "rate": 5.321241086655658}, "datetime": {"datetime": "2024-06-14 11:40:52", "elapsed": 15.392837, "delta": 0.008976}}
{"target": -310.78723825046853, "params": {"gamma": 4.716614085966288, "prior": 4.883010854206279, "rate": 5.701205216020305}, "datetime": {"datetime": "2024-06-14 11:40:52", "elapsed": 15.40281, "delta": 0.009973}}
{"target": -912.9985408060966, "params": {"gamma": 9.234499334273318, "prior": 2.4383056862365993, "rate": 8.76092541084365}, "datetime": {"datetime": "2024-06-14 11:40:52", "elapsed": 15.412509, "delta": 0.009699}}
{"target": -982.8281723976913, "params": {"gamma": 7.338620497153172, "prior": 0.8841865537306981, "rate": 8.35403947254459}, "datetime": {"datetime": "2024-06-14 11:40:52", "elapsed": 15.423055, "delta": 0.010546}}
{"target": -207.98975191532338, "params": {"gamma": 3.977042541433784, "prior": 3.4238072872295295, "rate": 0.004929638918432948}, "datetime": {"datetime": "2024-06-14 11:40:52", "elapsed": 15.433029, "delta": 0.009974}}
{"target": -223.47708234881333, "params": {"gamma": 2.4588060546759145, "prior": 6.91066886368868, "rate": 8.511875178501727}, "datetime": {"datetime": "2024-06-14 11:40:52", "elapsed": 15.443002, "delta": 0.009973}}
{"target": -172.35658586020503, "params": {"gamma": 2.411253644225826, "prior": 3.772303728049094, "rate": 1.5050829543145978}, "datetime": {"datetime": "2024-06-14 11:40:52", "elapsed": 15.452975, "delta": 0.009973}}
{"target": -422.3873162173321, "params": {"gamma": 8.035198140908488, "prior": 7.198534861704508, "rate": 7.005081395607865}, "datetime": {"datetime": "2024-06-14 11:40:52", "elapsed": 15.462949, "delta": 0.009974}}
{"target": -373.82510941507616, "params": {"gamma": 6.788866386536979, "prior": 8.931245540448607, "rate": 8.830426892992689}, "datetime": {"datetime": "2024-06-14 11:40:52", "elapsed": 15.47392, "delta": 0.010971}}
{"target": -402.1632525025805, "params": {"gamma": 6.254053116944359, "prior": 2.9589059326949623, "rate": 4.031624750430216}, "datetime": {"datetime": "2024-06-14 11:40:52", "elapsed": 15.483892, "delta": 0.009972}}
{"target": -148.85717558622866, "params": {"gamma": 0.29054354730172277, "prior": 9.173191738621183, "rate": 6.874789890986447}, "datetime": {"datetime": "2024-06-14 11:40:52", "elapsed": 15.493866, "delta": 0.009974}}
{"target": -835.0929408776774, "params": {"gamma": 9.08180006447146, "prior": 3.0906626574741516, "rate": 9.448319713154849}, "datetime": {"datetime": "2024-06-14 11:40:52", "elapsed": 15.503613, "delta": 0.009747}}
{"target": -350.9588404133158, "params": {"gamma": 8.640447686233587, "prior": 8.871526314972696, "rate": 0.0024131607540603924}, "datetime": {"datetime": "2024-06-14 11:40:52", "elapsed": 15.513586, "delta": 0.009973}}
{"target": -510.81572184603, "params": {"gamma": 3.773024949034168, "prior": 1.311020393599276, "rate": 9.328146256783993}, "datetime": {"datetime": "2024-06-14 11:40:52", "elapsed": 15.52356, "delta": 0.009974}}
{"target": -308.0372044650806, "params": {"gamma": 5.137558817898313, "prior": 4.94443049292636, "rate": 4.869724747174828}, "datetime": {"datetime": "2024-06-14 11:40:52", "elapsed": 15.533533, "delta": 0.009973}}
{"target": -415.71692203965557, "params": {"gamma": 5.703348718331128, "prior": 5.490624347569382, "rate": 9.171191497772435}, "datetime": {"datetime": "2024-06-14 11:40:52", "elapsed": 15.543507, "delta": 0.009974}}
{"target": -388.56624755501014, "params": {"gamma": 8.843961080725371, "prior": 7.858820667021336, "rate": 3.227950630409935}, "datetime": {"datetime": "2024-06-14 11:40:52", "elapsed": 15.553482, "delta": 0.009975}}
{"target": -922.7528349870945, "params": {"gamma": 7.8445897782918435, "prior": 1.537336203606739, "rate": 8.602401775503456}, "datetime": {"datetime": "2024-06-14 11:40:52", "elapsed": 15.563455, "delta": 0.009973}}
{"target": -374.78003528327434, "params": {"gamma": 7.730224416470844, "prior": 7.782074642130607, "rate": 5.287458244919481}, "datetime": {"datetime": "2024-06-14 11:40:52", "elapsed": 15.573429, "delta": 0.009974}}
{"target": -479.2444683004046, "params": {"gamma": 4.502403481540989, "prior": 2.3436517776557912, "rate": 8.086973092518448}, "datetime": {"datetime": "2024-06-14 11:40:52", "elapsed": 15.583402, "delta": 0.009973}}
{"target": -626.2427908137656, "params": {"gamma": 9.659325036522198, "prior": 5.480966524783521, "rate": 9.022172363016855}, "datetime": {"datetime": "2024-06-14 11:40:52", "elapsed": 15.593375, "delta": 0.009973}}
{"target": -197.08479820778038, "params": {"gamma": 2.824222069304223, "prior": 5.225776988360308, "rate": 3.282297731662208}, "datetime": {"datetime": "2024-06-14 11:40:52", "elapsed": 15.603349, "delta": 0.009974}}
{"target": -839.4161781726586, "params": {"gamma": 9.918019790908655, "prior": 2.5781348530454977, "rate": 6.7878761196273985}, "datetime": {"datetime": "2024-06-14 11:40:52", "elapsed": 15.613322, "delta": 0.009973}}
{"target": -1149.849866845036, "params": {"gamma": 7.642256587918056, "prior": 0.41904372335207496, "rate": 9.822730012274928}, "datetime": {"datetime": "2024-06-14 11:40:52", "elapsed": 15.623297, "delta": 0.009975}}
{"target": -145.35054245481587, "params": {"gamma": 0.914136075297375, "prior": 6.179340836196217, "rate": 1.4943587574456791}, "datetime": {"datetime": "2024-06-14 11:40:52", "elapsed": 15.63327, "delta": 0.009973}}
{"target": -685.8445430078547, "params": {"gamma": 5.208444170554118, "prior": 1.0241164266430445, "rate": 7.812223199457574}, "datetime": {"datetime": "2024-06-14 11:40:52", "elapsed": 15.650135, "delta": 0.016865}}
{"target": -317.408423640822, "params": {"gamma": 7.729537241828221, "prior": 6.02167277279802, "rate": 0.1464186524360543}, "datetime": {"datetime": "2024-06-14 11:40:52", "elapsed": 15.660111, "delta": 0.009976}}
{"target": -167.47791202481156, "params": {"gamma": 0.42120018122586705, "prior": 1.891609508368085, "rate": 9.720334679149751}, "datetime": {"datetime": "2024-06-14 11:40:52", "elapsed": 15.670084, "delta": 0.009973}}
{"target": -174.12850105564763, "params": {"gamma": 2.5467472891170426, "prior": 7.534987376045962, "rate": 2.8130708604490677}, "datetime": {"datetime": "2024-06-14 11:40:52", "elapsed": 15.680777, "delta": 0.010693}}
{"target": -220.63101550386733, "params": {"gamma": 2.555930656746099, "prior": 2.6528509861883998, "rate": 2.971232902105741}, "datetime": {"datetime": "2024-06-14 11:40:52", "elapsed": 15.690751, "delta": 0.009974}}
{"target": -147.52861916396003, "params": {"gamma": 0.0904371047664351, "prior": 9.873044202472457, "rate": 5.6650398975873095}, "datetime": {"datetime": "2024-06-14 11:40:52", "elapsed": 15.700724, "delta": 0.009973}}
{"target": -261.7154780212188, "params": {"gamma": 6.018822270456636, "prior": 5.428774701508513, "rate": 0.4393316428380598}, "datetime": {"datetime": "2024-06-14 11:40:52", "elapsed": 15.7097, "delta": 0.008976}}
{"target": -318.04667948146516, "params": {"gamma": 4.715733368498675, "prior": 5.44279736196503, "rate": 6.729884951727836}, "datetime": {"datetime": "2024-06-14 11:40:52", "elapsed": 15.719673, "delta": 0.009973}}
{"target": -734.0008655275991, "params": {"gamma": 5.342145859164941, "prior": 0.6452158589676233, "rate": 6.20136980037383}, "datetime": {"datetime": "2024-06-14 11:40:52", "elapsed": 15.729646, "delta": 0.009973}}
{"target": -403.90592662448614, "params": {"gamma": 5.812170852564193, "prior": 5.501403625658926, "rate": 8.432969520852312}, "datetime": {"datetime": "2024-06-14 11:40:52", "elapsed": 15.740212, "delta": 0.010566}}
{"target": -218.2085849742174, "params": {"gamma": 4.4744202102791135, "prior": 6.075297918451513, "rate": 1.2370052511020126}, "datetime": {"datetime": "2024-06-14 11:40:52", "elapsed": 15.750185, "delta": 0.009973}}
{"target": -167.3644177751363, "params": {"gamma": 2.524540150676985, "prior": 8.518507824967577, "rate": 0.16322740050218212}, "datetime": {"datetime": "2024-06-14 11:40:52", "elapsed": 15.760161, "delta": 0.009976}}
{"target": -151.9111360366678, "params": {"gamma": 1.563353530050915, "prior": 8.251511250120657, "rate": 2.2941474771120194}, "datetime": {"datetime": "2024-06-14 11:40:52", "elapsed": 15.770134, "delta": 0.009973}}
{"target": -237.24864727392708, "params": {"gamma": 2.5926903584258394, "prior": 7.0378270060594685, "rate": 9.665286266010238}, "datetime": {"datetime": "2024-06-14 11:40:52", "elapsed": 15.780108, "delta": 0.009974}}
{"target": -155.62905159764853, "params": {"gamma": 1.9835999198248373, "prior": 7.500223150149078, "rate": 1.4059219435725394}, "datetime": {"datetime": "2024-06-14 11:40:52", "elapsed": 15.790081, "delta": 0.009973}}
{"target": -384.45376417530673, "params": {"gamma": 3.8255932152218004, "prior": 3.3005635888934934, "rate": 8.837971404321385}, "datetime": {"datetime": "2024-06-14 11:40:52", "elapsed": 15.800054, "delta": 0.009973}}
{"target": -278.3456246690928, "params": {"gamma": 6.554158581010341, "prior": 3.4023960640121804, "rate": 0.2170579835200867}, "datetime": {"datetime": "2024-06-14 11:40:52", "elapsed": 15.810028, "delta": 0.009974}}
{"target": -217.02970867719446, "params": {"gamma": 3.690717582622661, "prior": 9.724588651254853, "rate": 5.291461768734136}, "datetime": {"datetime": "2024-06-14 11:40:52", "elapsed": 15.820001, "delta": 0.009973}}
{"target": -447.8735156420347, "params": {"gamma": 7.42170608723287, "prior": 3.5193494852507885, "rate": 4.606438063386967}, "datetime": {"datetime": "2024-06-14 11:40:52", "elapsed": 15.829974, "delta": 0.009973}}
{"target": -167.45034485013215, "params": {"gamma": 2.1171453464815797, "prior": 8.385901328359125, "rate": 3.5987287851418053}, "datetime": {"datetime": "2024-06-14 11:40:52", "elapsed": 15.839948, "delta": 0.009974}}
{"target": -145.04477132424222, "params": {"gamma": 0.37184424137389627, "prior": 6.920992980908198, "rate": 1.5587330522055973}, "datetime": {"datetime": "2024-06-14 11:40:52", "elapsed": 15.849921, "delta": 0.009973}}
{"target": -1199.3159861343981, "params": {"gamma": 7.98771294193551, "prior": 0.2510982809907867, "rate": 5.856645849985007}, "datetime": {"datetime": "2024-06-14 11:40:52", "elapsed": 15.859402, "delta": 0.009481}}
{"target": -230.0725111251625, "params": {"gamma": 4.955667253979119, "prior": 9.974871164209066, "rate": 1.344572993526239}, "datetime": {"datetime": "2024-06-14 11:40:52", "elapsed": 15.869375, "delta": 0.009973}}
{"target": -453.5668409435778, "params": {"gamma": 6.725864268561899, "prior": 1.0399602054672268, "rate": 1.6185223747759032}, "datetime": {"datetime": "2024-06-14 11:40:52", "elapsed": 15.879349, "delta": 0.009974}}
{"target": -413.0285781146966, "params": {"gamma": 9.883324584988317, "prior": 8.085984167867757, "rate": 2.447158246382357}, "datetime": {"datetime": "2024-06-14 11:40:52", "elapsed": 15.889322, "delta": 0.009973}}
{"target": -1170.5054448337673, "params": {"gamma": 8.46315815656222, "prior": 0.45244256444577213, "rate": 5.356534904767137}, "datetime": {"datetime": "2024-06-14 11:40:52", "elapsed": 15.899295, "delta": 0.009973}}
{"target": -153.14729985110665, "params": {"gamma": 0.9156560813263981, "prior": 9.711966099756669, "rate": 5.8314262663101335}, "datetime": {"datetime": "2024-06-14 11:40:52", "elapsed": 15.909269, "delta": 0.009974}}
{"target": -506.79562370903926, "params": {"gamma": 5.557857005100962, "prior": 3.2479334229382575, "rate": 8.499195516950698}, "datetime": {"datetime": "2024-06-14 11:40:52", "elapsed": 15.919242, "delta": 0.009973}}
{"target": -680.8363099270379, "params": {"gamma": 5.302014980143714, "prior": 0.26927241910209526, "rate": 1.849764010582726}, "datetime": {"datetime": "2024-06-14 11:40:52", "elapsed": 15.929215, "delta": 0.009973}}
{"target": -449.35347676596524, "params": {"gamma": 4.335249630012873, "prior": 0.8917664699406374, "rate": 2.807294876301211}, "datetime": {"datetime": "2024-06-14 11:40:52", "elapsed": 15.939189, "delta": 0.009974}}
{"target": -443.8499833216899, "params": {"gamma": 2.50470246829456, "prior": 0.10602555886107112, "rate": 6.929160306974375}, "datetime": {"datetime": "2024-06-14 11:40:52", "elapsed": 15.949162, "delta": 0.009973}}
{"target": -419.0764599981176, "params": {"gamma": 7.739122475175086, "prior": 8.221458050411275, "rate": 8.516444514251624}, "datetime": {"datetime": "2024-06-14 11:40:52", "elapsed": 15.959136, "delta": 0.009974}}
{"target": -168.5392726788636, "params": {"gamma": 1.516097284927453, "prior": 8.911362720684613, "rate": 6.582470685255508}, "datetime": {"datetime": "2024-06-14 11:40:53", "elapsed": 15.970108, "delta": 0.010972}}
{"target": -480.8008474261487, "params": {"gamma": 6.961640494479081, "prior": 5.684309475667977, "rate": 9.396880301472725}, "datetime": {"datetime": "2024-06-14 11:40:53", "elapsed": 15.981076, "delta": 0.010968}}
{"target": -188.4730560823979, "params": {"gamma": 2.5192185879677065, "prior": 7.8901544088551026, "rate": 4.953089405221723}, "datetime": {"datetime": "2024-06-14 11:40:53", "elapsed": 15.992047, "delta": 0.010971}}
{"target": -350.7793072567202, "params": {"gamma": 8.909111167255265, "prior": 2.834367028962495, "rate": 0.15345384499933612}, "datetime": {"datetime": "2024-06-14 11:40:53", "elapsed": 16.003019, "delta": 0.010972}}
{"target": -151.93548079872087, "params": {"gamma": 0.6498451553396644, "prior": 9.006387353591512, "rate": 6.411861082231753}, "datetime": {"datetime": "2024-06-14 11:40:53", "elapsed": 16.012992, "delta": 0.009973}}
{"target": -409.44241436260893, "params": {"gamma": 7.302956948346961, "prior": 5.093180874926231, "rate": 5.5761884295247635}, "datetime": {"datetime": "2024-06-14 11:40:53", "elapsed": 16.023962, "delta": 0.01097}}
{"target": -249.50250693564155, "params": {"gamma": 3.6395809320717802, "prior": 7.848092917900229, "rate": 7.568895646824035}, "datetime": {"datetime": "2024-06-14 11:40:53", "elapsed": 16.035931, "delta": 0.011969}}
{"target": -359.3509624228207, "params": {"gamma": 7.000361363341032, "prior": 9.622734907924354, "rate": 7.688614872456184}, "datetime": {"datetime": "2024-06-14 11:40:53", "elapsed": 16.046901, "delta": 0.01097}}
{"target": -505.6893518200325, "params": {"gamma": 9.779247988847397, "prior": 5.943736851967249, "rate": 6.192971647774601}, "datetime": {"datetime": "2024-06-14 11:40:53", "elapsed": 16.057872, "delta": 0.010971}}
{"target": -273.2115372387634, "params": {"gamma": 6.390893117652819, "prior": 3.331076730816897, "rate": 0.33125715159731645}, "datetime": {"datetime": "2024-06-14 11:40:53", "elapsed": 16.067845, "delta": 0.009973}}
{"target": -320.5760277695324, "params": {"gamma": 7.881975609758543, "prior": 7.130859720793782, "rate": 0.7912378849771072}, "datetime": {"datetime": "2024-06-14 11:40:53", "elapsed": 16.078816, "delta": 0.010971}}
{"target": -169.30424456385103, "params": {"gamma": 1.486669782533265, "prior": 6.894768417542823, "rate": 5.350838735760061}, "datetime": {"datetime": "2024-06-14 11:40:53", "elapsed": 16.088789, "delta": 0.009973}}
{"target": -320.25546870411756, "params": {"gamma": 1.9129532131472144, "prior": 0.6539381737611052, "rate": 6.114511590773306}, "datetime": {"datetime": "2024-06-14 11:40:53", "elapsed": 16.098762, "delta": 0.009973}}
{"target": -164.5004497623303, "params": {"gamma": 0.5370626571610718, "prior": 2.2143955883275006, "rate": 5.027124040449976}, "datetime": {"datetime": "2024-06-14 11:40:53", "elapsed": 16.109733, "delta": 0.010971}}
{"target": -143.02016282872995, "params": {"gamma": 0.941217065094407, "prior": 4.1481704960787145, "rate": 0.2021378650325921}, "datetime": {"datetime": "2024-06-14 11:40:53", "elapsed": 16.119706, "delta": 0.009973}}
{"target": -157.05468654157238, "params": {"gamma": 1.1955179943126049, "prior": 9.40661888678996, "rate": 5.589052028891483}, "datetime": {"datetime": "2024-06-14 11:40:53", "elapsed": 16.12968, "delta": 0.009974}}
