{"target": -763.6384817204389, "params": {"gamma": 9.297580185091476, "prior": 1.9346601105112133, "rate": 7.342339864091912}, "datetime": {"datetime": "2024-06-14 12:31:22", "elapsed": 14.321511, "delta": 0.009973}}
{"target": -610.783511143721, "params": {"gamma": 8.72195678460364, "prior": 6.72761646306554, "rate": 2.0377529908899317}, "datetime": {"datetime": "2024-06-14 12:31:22", "elapsed": 14.331485, "delta": 0.009974}}
{"target": -175.0085904167792, "params": {"gamma": 1.2925307977203897, "prior": 5.198826614589597, "rate": 1.3039515035572151}, "datetime": {"datetime": "2024-06-14 12:31:22", "elapsed": 14.341458, "delta": 0.009973}}
{"target": -604.0741450088464, "params": {"gamma": 8.257174308347446, "prior": 5.284080834265936, "rate": 2.9149454507613863}, "datetime": {"datetime": "2024-06-14 12:31:22", "elapsed": 14.351431, "delta": 0.009973}}
{"target": -466.5755786667658, "params": {"gamma": 5.681699207758667, "prior": 2.6803100664115536, "rate": 5.845117576613796}, "datetime": {"datetime": "2024-06-14 12:31:22", "elapsed": 14.361405, "delta": 0.009974}}
{"target": -236.0580420539985, "params": {"gamma": 2.32199215010331, "prior": 2.268615316993386, "rate": 5.185542309916678}, "datetime": {"datetime": "2024-06-14 12:31:22", "elapsed": 14.372375, "delta": 0.01097}}
{"target": -563.3046018306252, "params": {"gamma": 8.35432241661817, "prior": 6.483230627566245, "rate": 0.9428132212047013}, "datetime": {"datetime": "2024-06-14 12:31:22", "elapsed": 14.382349, "delta": 0.009974}}
{"target": -178.2681530265006, "params": {"gamma": 1.3415491851440944, "prior": 3.963975898564573, "rate": 3.1963273640149286}, "datetime": {"datetime": "2024-06-14 12:31:22", "elapsed": 14.392322, "delta": 0.009973}}
{"target": -581.9777963772336, "params": {"gamma": 8.912314797811076, "prior": 8.92378573099424, "rate": 0.2992111861366949}, "datetime": {"datetime": "2024-06-14 12:31:22", "elapsed": 14.403293, "delta": 0.010971}}
{"target": -208.66690755165737, "params": {"gamma": 2.1060088559719117, "prior": 3.9446918559051225, "rate": 1.7645710751045083}, "datetime": {"datetime": "2024-06-14 12:31:22", "elapsed": 14.413266, "delta": 0.009973}}
{"target": -753.9792883238557, "params": {"gamma": 9.186944713043502, "prior": 1.9770256796040655, "rate": 7.3401256292133965}, "datetime": {"datetime": "2024-06-14 12:31:22", "elapsed": 14.423239, "delta": 0.009973}}
{"target": -748.5039416543916, "params": {"gamma": 9.569199419728829, "prior": 4.829408647933721, "rate": 8.142378714413438}, "datetime": {"datetime": "2024-06-14 12:31:22", "elapsed": 14.43421, "delta": 0.010971}}
{"target": -346.0938297154502, "params": {"gamma": 4.282765599393484, "prior": 8.153147623700525, "rate": 7.6172232645805815}, "datetime": {"datetime": "2024-06-14 12:31:22", "elapsed": 14.444183, "delta": 0.009973}}
{"target": -763.4468835330655, "params": {"gamma": 9.596076873702136, "prior": 3.432340065789796, "rate": 7.666177450236105}, "datetime": {"datetime": "2024-06-14 12:31:22", "elapsed": 14.454156, "delta": 0.009973}}
{"target": -698.2997235091701, "params": {"gamma": 9.216256420526488, "prior": 8.12663966088829, "rate": 8.143560581729513}, "datetime": {"datetime": "2024-06-14 12:31:22", "elapsed": 14.465127, "delta": 0.010971}}
{"target": -735.9579192051126, "params": {"gamma": 9.483034089579148, "prior": 2.9777607367995413, "rate": 4.402025448023279}, "datetime": {"datetime": "2024-06-14 12:31:22", "elapsed": 14.4751, "delta": 0.009973}}
{"target": -167.71628473932904, "params": {"gamma": 1.0614689514075122, "prior": 8.785093022870859, "rate": 3.4376495800562545}, "datetime": {"datetime": "2024-06-14 12:31:22", "elapsed": 14.485074, "delta": 0.009974}}
{"target": -708.6282730371207, "params": {"gamma": 9.052543557612724, "prior": 2.118189958793863, "rate": 3.49670854682447}, "datetime": {"datetime": "2024-06-14 12:31:22", "elapsed": 14.495047, "delta": 0.009973}}
{"target": -520.8962652387005, "params": {"gamma": 6.905103296395332, "prior": 9.234794588551267, "rate": 6.879772184061891}, "datetime": {"datetime": "2024-06-14 12:31:22", "elapsed": 14.506018, "delta": 0.010971}}
{"target": -324.0879176262667, "params": {"gamma": 3.4015950863695554, "prior": 0.49643025309015587, "rate": 3.3181754241303745}, "datetime": {"datetime": "2024-06-14 12:31:22", "elapsed": 14.515991, "delta": 0.009973}}
{"target": -384.8978121898747, "params": {"gamma": 4.762134435981242, "prior": 7.330961340576835, "rate": 8.936392304537144}, "datetime": {"datetime": "2024-06-14 12:31:23", "elapsed": 14.525964, "delta": 0.009973}}
{"target": -150.21250723520154, "params": {"gamma": 0.06408410135224346, "prior": 0.8596711762344525, "rate": 2.818623672892344}, "datetime": {"datetime": "2024-06-14 12:31:23", "elapsed": 14.536285, "delta": 0.010321}}
{"target": -414.84753157667967, "params": {"gamma": 5.356653678219738, "prior": 5.404277422789192, "rate": 4.25320952977812}, "datetime": {"datetime": "2024-06-14 12:31:23", "elapsed": 14.546764, "delta": 0.010479}}
{"target": -600.2976690578068, "params": {"gamma": 8.836490541785956, "prior": 7.300785245839415, "rate": 1.360477671934808}, "datetime": {"datetime": "2024-06-14 12:31:23", "elapsed": 14.556737, "delta": 0.009973}}
{"target": -224.20663625272468, "params": {"gamma": 2.3521283159904485, "prior": 5.10252796959535, "rate": 3.625823024683793}, "datetime": {"datetime": "2024-06-14 12:31:23", "elapsed": 14.566711, "delta": 0.009974}}
{"target": -647.6817319881953, "params": {"gamma": 8.086391818387844, "prior": 4.251421809439748, "rate": 9.41168440870445}, "datetime": {"datetime": "2024-06-14 12:31:23", "elapsed": 14.576684, "delta": 0.009973}}
{"target": -205.651982683875, "params": {"gamma": 1.8253827869110664, "prior": 4.879596033761096, "rate": 8.942579468503189}, "datetime": {"datetime": "2024-06-14 12:31:23", "elapsed": 14.587655, "delta": 0.010971}}
{"target": -157.54004803676204, "params": {"gamma": 0.6582946776379386, "prior": 2.8643934665653927, "rate": 2.0285264812184285}, "datetime": {"datetime": "2024-06-14 12:31:23", "elapsed": 14.597628, "delta": 0.009973}}
{"target": -774.5852510093546, "params": {"gamma": 9.848142780102968, "prior": 4.737692189034398, "rate": 8.881823309179376}, "datetime": {"datetime": "2024-06-14 12:31:23", "elapsed": 14.607601, "delta": 0.009973}}
{"target": -695.8494739572255, "params": {"gamma": 8.539400167342631, "prior": 1.1292889740891987, "rate": 3.500085683547541}, "datetime": {"datetime": "2024-06-14 12:31:23", "elapsed": 14.618572, "delta": 0.010971}}
{"target": -396.9309202838548, "params": {"gamma": 4.967458463909608, "prior": 8.801060937259923, "rate": 9.818558826019503}, "datetime": {"datetime": "2024-06-14 12:31:23", "elapsed": 14.628545, "delta": 0.009973}}
{"target": -289.6174941515747, "params": {"gamma": 3.370152344242372, "prior": 7.8412910908400715, "rate": 8.587314644739731}, "datetime": {"datetime": "2024-06-14 12:31:23", "elapsed": 14.638519, "delta": 0.009974}}
{"target": -271.3737923333912, "params": {"gamma": 2.8132116645345953, "prior": 2.0693816102392013, "rate": 6.46649017792085}, "datetime": {"datetime": "2024-06-14 12:31:23", "elapsed": 14.648492, "delta": 0.009973}}
{"target": -484.28280247694784, "params": {"gamma": 5.641829191069348, "prior": 1.630298027663653, "rate": 7.421983140023526}, "datetime": {"datetime": "2024-06-14 12:31:23", "elapsed": 14.659463, "delta": 0.010971}}
{"target": -288.7382457161675, "params": {"gamma": 3.6015667876147712, "prior": 6.08627280178168, "rate": 0.06592323285271869}, "datetime": {"datetime": "2024-06-14 12:31:23", "elapsed": 14.669436, "delta": 0.009973}}
{"target": -438.33804761584497, "params": {"gamma": 5.905563148843087, "prior": 7.360917509441076, "rate": 3.457397702569941}, "datetime": {"datetime": "2024-06-14 12:31:23", "elapsed": 14.679412, "delta": 0.009976}}
{"target": -579.6201701664309, "params": {"gamma": 7.593538905555558, "prior": 4.327004199431187, "rate": 4.2325773823623205}, "datetime": {"datetime": "2024-06-14 12:31:23", "elapsed": 14.689383, "delta": 0.009971}}
{"target": -268.0461756961982, "params": {"gamma": 2.994227023324736, "prior": 7.436483296398663, "rate": 9.17093155390691}, "datetime": {"datetime": "2024-06-14 12:31:23", "elapsed": 14.700354, "delta": 0.010971}}
{"target": -352.96303655036144, "params": {"gamma": 4.431569286643207, "prior": 9.87114802409179, "rate": 7.995077879366126}, "datetime": {"datetime": "2024-06-14 12:31:23", "elapsed": 14.710327, "delta": 0.009973}}
{"target": -278.61479024295375, "params": {"gamma": 3.1130412574876014, "prior": 2.407742452022888, "rate": 3.5900011043724316}, "datetime": {"datetime": "2024-06-14 12:31:23", "elapsed": 14.7203, "delta": 0.009973}}
{"target": -339.0030487045501, "params": {"gamma": 4.047288190987675, "prior": 5.009393075339859, "rate": 7.015635889608674}, "datetime": {"datetime": "2024-06-14 12:31:23", "elapsed": 14.731272, "delta": 0.010972}}
{"target": -714.7895282687375, "params": {"gamma": 8.410142349236114, "prior": 0.6848328152847544, "rate": 4.531267048059634}, "datetime": {"datetime": "2024-06-14 12:31:23", "elapsed": 14.742242, "delta": 0.01097}}
{"target": -353.1395472428677, "params": {"gamma": 4.276131343403098, "prior": 4.29792090355555, "rate": 5.637207208839824}, "datetime": {"datetime": "2024-06-14 12:31:23", "elapsed": 14.752215, "delta": 0.009973}}
{"target": -758.5447478645503, "params": {"gamma": 9.3980782998847, "prior": 3.3701820193455276, "rate": 9.489732453291571}, "datetime": {"datetime": "2024-06-14 12:31:23", "elapsed": 14.762188, "delta": 0.009973}}
{"target": -236.7404240805498, "params": {"gamma": 2.4595966948386168, "prior": 5.529209774430184, "rate": 7.134294959360631}, "datetime": {"datetime": "2024-06-14 12:31:23", "elapsed": 14.772161, "delta": 0.009973}}
{"target": -677.5014218247336, "params": {"gamma": 8.806336338229208, "prior": 7.838817028821818, "rate": 9.657646828616505}, "datetime": {"datetime": "2024-06-14 12:31:23", "elapsed": 14.783132, "delta": 0.010971}}
{"target": -423.2307690686508, "params": {"gamma": 5.511879884156932, "prior": 9.063720741650819, "rate": 6.547188885206358}, "datetime": {"datetime": "2024-06-14 12:31:23", "elapsed": 14.793105, "delta": 0.009973}}
{"target": -215.7151814397021, "params": {"gamma": 1.6909319518823145, "prior": 0.4035410799066549, "rate": 7.608044237084763}, "datetime": {"datetime": "2024-06-14 12:31:23", "elapsed": 14.803079, "delta": 0.009974}}
{"target": -488.45906211164555, "params": {"gamma": 6.776523100769331, "prior": 2.9543033032339645, "rate": 1.061060113331068}, "datetime": {"datetime": "2024-06-14 12:31:23", "elapsed": 14.81405, "delta": 0.010971}}
{"target": -520.0672693461366, "params": {"gamma": 6.894912753981151, "prior": 7.519579902429176, "rate": 5.583261815945312}, "datetime": {"datetime": "2024-06-14 12:31:23", "elapsed": 14.824024, "delta": 0.009974}}
{"target": -537.7606878012033, "params": {"gamma": 6.6527083965787845, "prior": 4.10020372138982, "rate": 8.661009108350234}, "datetime": {"datetime": "2024-06-14 12:31:23", "elapsed": 14.833996, "delta": 0.009972}}
{"target": -413.88507283928817, "params": {"gamma": 5.3244804162311095, "prior": 8.95890809663211, "rate": 7.397355841077811}, "datetime": {"datetime": "2024-06-14 12:31:23", "elapsed": 14.844967, "delta": 0.010971}}
{"target": -417.7800067918292, "params": {"gamma": 5.229495878098283, "prior": 7.224605596526511, "rate": 8.867573377717738}, "datetime": {"datetime": "2024-06-14 12:31:23", "elapsed": 14.85494, "delta": 0.009973}}
{"target": -212.81901782762193, "params": {"gamma": 1.9459183399439965, "prior": 4.355070012521711, "rate": 8.593650736304962}, "datetime": {"datetime": "2024-06-14 12:31:23", "elapsed": 14.864913, "delta": 0.009973}}
{"target": -151.55452993145892, "params": {"gamma": 0.30593315470351806, "prior": 1.417513603339808, "rate": 4.0540634531511355}, "datetime": {"datetime": "2024-06-14 12:31:23", "elapsed": 14.874887, "delta": 0.009974}}
{"target": -171.96615301920926, "params": {"gamma": 1.1244776218587826, "prior": 7.288904924237335, "rate": 9.74812518591709}, "datetime": {"datetime": "2024-06-14 12:31:23", "elapsed": 14.88486, "delta": 0.009973}}
{"target": -354.736848367596, "params": {"gamma": 4.891176585226112, "prior": 9.606648176679078, "rate": 1.3585554114606393}, "datetime": {"datetime": "2024-06-14 12:31:23", "elapsed": 14.894833, "delta": 0.009973}}
{"target": -548.5434549860014, "params": {"gamma": 7.004733804599716, "prior": 5.8702973117927115, "rate": 7.917543891275795}, "datetime": {"datetime": "2024-06-14 12:31:23", "elapsed": 14.905806, "delta": 0.010973}}
{"target": -402.31145605277345, "params": {"gamma": 5.377468422835572, "prior": 9.80093869090961, "rate": 4.397088163352406}, "datetime": {"datetime": "2024-06-14 12:31:23", "elapsed": 14.915778, "delta": 0.009972}}
{"target": -682.0784733945529, "params": {"gamma": 9.502773262661462, "prior": 9.190957370002844, "rate": 4.2392728592820275}, "datetime": {"datetime": "2024-06-14 12:31:23", "elapsed": 14.925508, "delta": 0.00973}}
{"target": -390.10203168082006, "params": {"gamma": 4.105808538326242, "prior": 0.2974759465557887, "rate": 4.485492635920682}, "datetime": {"datetime": "2024-06-14 12:31:23", "elapsed": 14.936479, "delta": 0.010971}}
{"target": -207.2213716346257, "params": {"gamma": 1.9949007104567833, "prior": 3.4256637772910272, "rate": 2.8258754102309727}, "datetime": {"datetime": "2024-06-14 12:31:23", "elapsed": 14.946454, "delta": 0.009975}}
{"target": -526.3922382200356, "params": {"gamma": 6.702309477116513, "prior": 4.457718385964588, "rate": 6.002889962165791}, "datetime": {"datetime": "2024-06-14 12:31:23", "elapsed": 14.956426, "delta": 0.009972}}
{"target": -626.6021909434099, "params": {"gamma": 8.435340806411245, "prior": 8.344442848168343, "rate": 5.855987869562886}, "datetime": {"datetime": "2024-06-14 12:31:23", "elapsed": 14.966973, "delta": 0.010547}}
{"target": -327.98892541020024, "params": {"gamma": 4.405923932616606, "prior": 4.064061545938616, "rate": 0.7122002336399037}, "datetime": {"datetime": "2024-06-14 12:31:23", "elapsed": 14.976943, "delta": 0.00997}}
{"target": -358.6036723050156, "params": {"gamma": 4.674352425274426, "prior": 4.090123873148685, "rate": 2.0161053969500373}, "datetime": {"datetime": "2024-06-14 12:31:23", "elapsed": 14.986917, "delta": 0.009974}}
{"target": -624.9923388164399, "params": {"gamma": 8.027446895117734, "prior": 7.011664981432901, "rate": 9.754105729983317}, "datetime": {"datetime": "2024-06-14 12:31:23", "elapsed": 14.997888, "delta": 0.010971}}
{"target": -323.3956584476319, "params": {"gamma": 3.8557726961887338, "prior": 4.227583085286738, "rate": 5.197829460123607}, "datetime": {"datetime": "2024-06-14 12:31:23", "elapsed": 15.007861, "delta": 0.009973}}
{"target": -307.4609778617311, "params": {"gamma": 3.5335312774873016, "prior": 5.497942769513592, "rate": 8.897635664817782}, "datetime": {"datetime": "2024-06-14 12:31:23", "elapsed": 15.017834, "delta": 0.009973}}
{"target": -606.8171886453639, "params": {"gamma": 7.305463347346481, "prior": 2.144468303025567, "rate": 8.001728642806308}, "datetime": {"datetime": "2024-06-14 12:31:23", "elapsed": 15.027837, "delta": 0.010003}}
{"target": -570.0900539515776, "params": {"gamma": 7.953285322327399, "prior": 8.011000507978151, "rate": 3.168709736973412}, "datetime": {"datetime": "2024-06-14 12:31:23", "elapsed": 15.038778, "delta": 0.010941}}
{"target": -431.5657843836782, "params": {"gamma": 6.129902255734795, "prior": 6.557680721273064, "rate": 1.203129814105274}, "datetime": {"datetime": "2024-06-14 12:31:23", "elapsed": 15.048752, "delta": 0.009974}}
{"target": -723.5061027820443, "params": {"gamma": 9.1868342285534, "prior": 3.7445441578197576, "rate": 6.884078859625151}, "datetime": {"datetime": "2024-06-14 12:31:23", "elapsed": 15.058727, "delta": 0.009975}}
{"target": -718.0372464884355, "params": {"gamma": 9.283455455258283, "prior": 6.781234415399158, "rate": 9.38483564986149}, "datetime": {"datetime": "2024-06-14 12:31:23", "elapsed": 15.068698, "delta": 0.009971}}
{"target": -585.3018971535633, "params": {"gamma": 6.991377462572233, "prior": 1.7914931567760517, "rate": 7.289326185240949}, "datetime": {"datetime": "2024-06-14 12:31:23", "elapsed": 15.079669, "delta": 0.010971}}
{"target": -351.54183459716774, "params": {"gamma": 4.05779575275768, "prior": 3.2538756044600095, "rate": 7.806682064739028}, "datetime": {"datetime": "2024-06-14 12:31:23", "elapsed": 15.09064, "delta": 0.010971}}
{"target": -545.7781999580936, "params": {"gamma": 7.905100864498175, "prior": 9.495216479998318, "rate": 2.032649766796406}, "datetime": {"datetime": "2024-06-14 12:31:23", "elapsed": 15.100613, "delta": 0.009973}}
{"target": -408.5896191664789, "params": {"gamma": 5.32711064694857, "prior": 7.744012340448712, "rate": 5.163972338729523}, "datetime": {"datetime": "2024-06-14 12:31:23", "elapsed": 15.110587, "delta": 0.009974}}
{"target": -223.03270400325425, "params": {"gamma": 2.2886357530249133, "prior": 9.95337388401892, "rate": 8.893309115794231}, "datetime": {"datetime": "2024-06-14 12:31:23", "elapsed": 15.12056, "delta": 0.009973}}
{"target": -463.118021563763, "params": {"gamma": 5.77185622802849, "prior": 5.426673287750362, "rate": 8.39992120466477}, "datetime": {"datetime": "2024-06-14 12:31:23", "elapsed": 15.131531, "delta": 0.010971}}
{"target": -663.7716179759138, "params": {"gamma": 9.146425179600218, "prior": 8.213895021249606, "rate": 4.3286649457508}, "datetime": {"datetime": "2024-06-14 12:31:23", "elapsed": 15.141505, "delta": 0.009974}}
{"target": -685.3493903998143, "params": {"gamma": 8.556375691660442, "prior": 2.333492784740386, "rate": 5.405620154121501}, "datetime": {"datetime": "2024-06-14 12:31:23", "elapsed": 15.152474, "delta": 0.010969}}
{"target": -276.4884984599002, "params": {"gamma": 3.1521877359098176, "prior": 1.2843815076826866, "rate": 1.455974015579314}, "datetime": {"datetime": "2024-06-14 12:31:23", "elapsed": 15.162448, "delta": 0.009974}}
{"target": -761.6753667833116, "params": {"gamma": 9.366111572060866, "prior": 2.0304250356307176, "rate": 6.499451382283563}, "datetime": {"datetime": "2024-06-14 12:31:23", "elapsed": 15.172421, "delta": 0.009973}}
{"target": -220.21547454307347, "params": {"gamma": 2.391972458242885, "prior": 5.302148770050018, "rate": 1.307211406941315}, "datetime": {"datetime": "2024-06-14 12:31:23", "elapsed": 15.182394, "delta": 0.009973}}
{"target": -267.42105193684347, "params": {"gamma": 2.89611392001835, "prior": 4.065192847476347, "rate": 7.067081063453817}, "datetime": {"datetime": "2024-06-14 12:31:23", "elapsed": 15.192368, "delta": 0.009974}}
{"target": -705.3009751880588, "params": {"gamma": 9.0107982835773, "prior": 4.342913606645138, "rate": 7.138505863828612}, "datetime": {"datetime": "2024-06-14 12:31:23", "elapsed": 15.202341, "delta": 0.009973}}
{"target": -189.57716454654306, "params": {"gamma": 1.391725519034242, "prior": 1.0956932372792056, "rate": 4.481647794143768}, "datetime": {"datetime": "2024-06-14 12:31:23", "elapsed": 15.21282, "delta": 0.010479}}
{"target": -626.6274786350807, "params": {"gamma": 7.605301828565939, "prior": 2.392991312329407, "rate": 8.09151910411932}, "datetime": {"datetime": "2024-06-14 12:31:23", "elapsed": 15.222793, "delta": 0.009973}}
{"target": -260.1242829188133, "params": {"gamma": 2.5248249478764953, "prior": 0.9296321465117505, "rate": 5.130493139683857}, "datetime": {"datetime": "2024-06-14 12:31:23", "elapsed": 15.232767, "delta": 0.009974}}
{"target": -150.40084892864638, "params": {"gamma": 0.010777103781384231, "prior": 7.110319091630252, "rate": 7.390853426863938}, "datetime": {"datetime": "2024-06-14 12:31:23", "elapsed": 15.243737, "delta": 0.01097}}
{"target": -721.4306688947482, "params": {"gamma": 9.73322264344219, "prior": 6.6653296080007065, "rate": 4.942673042576449}, "datetime": {"datetime": "2024-06-14 12:31:23", "elapsed": 15.25371, "delta": 0.009973}}
{"target": -159.79936704678008, "params": {"gamma": 0.7371595478477164, "prior": 5.389520768514386, "rate": 1.4191621099841882}, "datetime": {"datetime": "2024-06-14 12:31:23", "elapsed": 15.263684, "delta": 0.009974}}
{"target": -571.9903554422892, "params": {"gamma": 8.024085235114102, "prior": 5.803873620313776, "rate": 2.1299294622685796}, "datetime": {"datetime": "2024-06-14 12:31:23", "elapsed": 15.274685, "delta": 0.011001}}
{"target": -566.6895216767258, "params": {"gamma": 7.070844731569463, "prior": 3.3967839214683155, "rate": 6.691313025057773}, "datetime": {"datetime": "2024-06-14 12:31:23", "elapsed": 15.285625, "delta": 0.01094}}
{"target": -657.814304180361, "params": {"gamma": 7.795731330379866, "prior": 0.9571035750915102, "rate": 5.107053969244893}, "datetime": {"datetime": "2024-06-14 12:31:23", "elapsed": 15.295599, "delta": 0.009974}}
{"target": -167.06782226528753, "params": {"gamma": 1.0376399462769927, "prior": 6.5296689069268, "rate": 3.155663327191296}, "datetime": {"datetime": "2024-06-14 12:31:23", "elapsed": 15.305572, "delta": 0.009973}}
{"target": -578.1790898495627, "params": {"gamma": 6.435368403054906, "prior": 0.5806824424773391, "rate": 8.67009697380327}, "datetime": {"datetime": "2024-06-14 12:31:23", "elapsed": 15.315547, "delta": 0.009975}}
{"target": -355.7573685960106, "params": {"gamma": 4.78211439086565, "prior": 7.956176567412768, "rate": 2.267143144700332}, "datetime": {"datetime": "2024-06-14 12:31:23", "elapsed": 15.32552, "delta": 0.009973}}
{"target": -288.66139130322347, "params": {"gamma": 3.3504024487870745, "prior": 7.661371739793161, "rate": 8.534375742625368}, "datetime": {"datetime": "2024-06-14 12:31:23", "elapsed": 15.336491, "delta": 0.010971}}
{"target": -343.63340843667567, "params": {"gamma": 4.371801524592517, "prior": 9.310290067062997, "rate": 5.796563374104747}, "datetime": {"datetime": "2024-06-14 12:31:23", "elapsed": 15.347462, "delta": 0.010971}}
