{"target": -213.85283493893263, "params": {"gamma": 4.170803025021038, "prior": 7.231212485077365, "rate": 0.002143633798631522}, "datetime": {"datetime": "2024-06-14 11:40:37", "elapsed": 0.0, "delta": 0.0}}
{"target": -200.62235294013678, "params": {"gamma": 3.024023393745766, "prior": 1.5528833190894193, "rate": 0.9242936090932092}, "datetime": {"datetime": "2024-06-14 11:40:37", "elapsed": 0.008977, "delta": 0.008977}}
{"target": -195.4310856331799, "params": {"gamma": 1.8634158535653313, "prior": 3.5210511977261727, "rate": 3.968277974832469}, "datetime": {"datetime": "2024-06-14 11:40:37", "elapsed": 0.017952, "delta": 0.008975}}
{"target": -392.16809350372074, "params": {"gamma": 5.388628523299567, "prior": 4.250025692592619, "rate": 6.852509784467199}, "datetime": {"datetime": "2024-06-14 11:40:37", "elapsed": 0.026928, "delta": 0.008976}}
{"target": -156.65862683232547, "params": {"gamma": 2.045318045065443, "prior": 8.79336262027036, "rate": 0.2748485443860637}, "datetime": {"datetime": "2024-06-14 11:40:37", "elapsed": 0.035904, "delta": 0.008976}}
{"target": -416.87323179572866, "params": {"gamma": 6.705004634273845, "prior": 4.231317543434557, "rate": 5.587339594629071}, "datetime": {"datetime": "2024-06-14 11:40:37", "elapsed": 0.044648, "delta": 0.008744}}
{"target": -233.57095900592483, "params": {"gamma": 1.4047289990137424, "prior": 2.0612047419403, "rate": 8.00764494218669}, "datetime": {"datetime": "2024-06-14 11:40:37", "elapsed": 0.052626, "delta": 0.007978}}
{"target": -736.3749295365875, "params": {"gamma": 9.682647495618255, "prior": 3.2028993637765044, "rate": 6.923533834077472}, "datetime": {"datetime": "2024-06-14 11:40:37", "elapsed": 0.061605, "delta": 0.008979}}
{"target": -347.52602309028873, "params": {"gamma": 8.764015133808087, "prior": 8.956605968688088, "rate": 0.8513570694864094}, "datetime": {"datetime": "2024-06-14 11:40:37", "elapsed": 0.070581, "delta": 0.008976}}
{"target": -165.3442843473581, "params": {"gamma": 0.39150877754559077, "prior": 1.7813211536892324, "rate": 8.781546891790702}, "datetime": {"datetime": "2024-06-14 11:40:37", "elapsed": 0.07856, "delta": 0.007979}}
{"target": -185.7699532436057, "params": {"gamma": 0.9843699914966679, "prior": 4.268965487550016, "rate": 9.578937411974868}, "datetime": {"datetime": "2024-06-14 11:40:37", "elapsed": 0.087694, "delta": 0.009134}}
{"target": -264.2098498845056, "params": {"gamma": 5.332119684445198, "prior": 6.949583428109686, "rate": 3.1558407944296234}, "datetime": {"datetime": "2024-06-14 11:40:37", "elapsed": 0.096178, "delta": 0.008484}}
{"target": -291.5137431248301, "params": {"gamma": 6.865322775888155, "prior": 8.362794151783993, "rate": 0.18386448516457388}, "datetime": {"datetime": "2024-06-14 11:40:37", "elapsed": 0.105154, "delta": 0.008976}}
{"target": -374.2088049104906, "params": {"gamma": 7.50169300513473, "prior": 9.889724780174298, "rate": 7.4819083781440145}, "datetime": {"datetime": "2024-06-14 11:40:37", "elapsed": 0.113132, "delta": 0.007978}}
{"target": -171.19704533619608, "params": {"gamma": 2.8051594766519874, "prior": 7.913865351669736, "rate": 1.0331568397698425}, "datetime": {"datetime": "2024-06-14 11:40:37", "elapsed": 0.12217, "delta": 0.009038}}
{"target": -225.6141951215566, "params": {"gamma": 4.479487368232876, "prior": 9.095095480621646, "rate": 2.9368478695884215}, "datetime": {"datetime": "2024-06-14 11:40:37", "elapsed": 0.130148, "delta": 0.007978}}
{"target": -172.97784154824055, "params": {"gamma": 2.878465610524901, "prior": 1.3872828639709491, "rate": 0.19465021174510047}, "datetime": {"datetime": "2024-06-14 11:40:37", "elapsed": 0.139125, "delta": 0.008977}}
{"target": -404.3157107421595, "params": {"gamma": 6.78867649386597, "prior": 2.1951183484005847, "rate": 2.65620104706289}, "datetime": {"datetime": "2024-06-14 11:40:37", "elapsed": 0.1481, "delta": 0.008975}}
{"target": -674.7564031628764, "params": {"gamma": 4.916240019644103, "prior": 0.6282891966590958, "rate": 5.741601937314639}, "datetime": {"datetime": "2024-06-14 11:40:37", "elapsed": 0.157077, "delta": 0.008977}}
{"target": -183.49438144810162, "params": {"gamma": 1.4681390204831957, "prior": 5.934124815342514, "rate": 6.9978838418492915}, "datetime": {"datetime": "2024-06-14 11:40:37", "elapsed": 0.1654, "delta": 0.008323}}
{"target": -178.51239419163852, "params": {"gamma": 1.0242419538494305, "prior": 4.199154279413726, "rate": 6.9443071771197245}, "datetime": {"datetime": "2024-06-14 11:40:37", "elapsed": 0.174376, "delta": 0.008976}}
{"target": -578.7022266319524, "params": {"gamma": 4.1423785159995, "prior": 0.5945392435662629, "rate": 5.359428162749201}, "datetime": {"datetime": "2024-06-14 11:40:37", "elapsed": 0.182355, "delta": 0.007979}}
{"target": -487.19200849551817, "params": {"gamma": 6.638282657552669, "prior": 5.1974022093772545, "rate": 9.446002965152143}, "datetime": {"datetime": "2024-06-14 11:40:37", "elapsed": 0.191331, "delta": 0.008976}}
{"target": -258.8905094830687, "params": {"gamma": 5.865963849979428, "prior": 9.043678961350047, "rate": 1.3756095667582289}, "datetime": {"datetime": "2024-06-14 11:40:37", "elapsed": 0.200307, "delta": 0.008976}}
{"target": -156.78022815520498, "params": {"gamma": 1.3936241961603346, "prior": 8.093173758224285, "rate": 3.9773706930183503}, "datetime": {"datetime": "2024-06-14 11:40:37", "elapsed": 0.208286, "delta": 0.007979}}
{"target": -156.52334933996218, "params": {"gamma": 1.6543766169722107, "prior": 9.282334945920736, "rate": 3.47831083159532}, "datetime": {"datetime": "2024-06-14 11:40:37", "elapsed": 0.217262, "delta": 0.008976}}
{"target": -436.1176211560404, "params": {"gamma": 7.50837021925842, "prior": 7.28738005496947, "rate": 8.833177605966892}, "datetime": {"datetime": "2024-06-14 11:40:37", "elapsed": 0.22524, "delta": 0.007978}}
{"target": -297.1388267402914, "params": {"gamma": 6.237098398349034, "prior": 7.534330096870638, "rate": 3.4896345214364475}, "datetime": {"datetime": "2024-06-14 11:40:37", "elapsed": 0.234216, "delta": 0.008976}}
{"target": -183.89655097643643, "params": {"gamma": 2.7000089897584956, "prior": 8.969273560141062, "rate": 4.281483807523078}, "datetime": {"datetime": "2024-06-14 11:40:37", "elapsed": 0.242195, "delta": 0.007979}}
{"target": -483.2594154468052, "params": {"gamma": 9.648435631436707, "prior": 6.6680708284026355, "rate": 6.217335506371009}, "datetime": {"datetime": "2024-06-14 11:40:37", "elapsed": 0.25101, "delta": 0.008815}}
{"target": -152.77401259277065, "params": {"gamma": 1.1483449835607984, "prior": 9.499943661200005, "rate": 4.499671422665926}, "datetime": {"datetime": "2024-06-14 11:40:37", "elapsed": 0.259987, "delta": 0.008977}}
{"target": -290.6914349098794, "params": {"gamma": 5.784317754256931, "prior": 4.140554347336684, "rate": 2.371032775450034}, "datetime": {"datetime": "2024-06-14 11:40:37", "elapsed": 0.268967, "delta": 0.00898}}
{"target": -361.5813840668506, "params": {"gamma": 9.033891826101975, "prior": 5.77942691805563, "rate": 0.029700399984558545}, "datetime": {"datetime": "2024-06-14 11:40:37", "elapsed": 0.276946, "delta": 0.007979}}
{"target": -428.6712299666861, "params": {"gamma": 6.171831991293619, "prior": 3.3337845275437523, "rate": 5.271053964473836}, "datetime": {"datetime": "2024-06-14 11:40:37", "elapsed": 0.285922, "delta": 0.008976}}
{"target": -737.1300301558075, "params": {"gamma": 8.859535051008434, "prior": 3.636970624024748, "rate": 9.085442974047073}, "datetime": {"datetime": "2024-06-14 11:40:37", "elapsed": 0.294898, "delta": 0.008976}}
{"target": -975.0018165545571, "params": {"gamma": 6.233977797802236, "prior": 0.2566303041809072, "rate": 9.294442900203869}, "datetime": {"datetime": "2024-06-14 11:40:37", "elapsed": 0.302876, "delta": 0.007978}}
{"target": -293.9681258925552, "params": {"gamma": 6.9092782782517235, "prior": 9.973496219469657, "rate": 1.7242327429449402}, "datetime": {"datetime": "2024-06-14 11:40:37", "elapsed": 0.311853, "delta": 0.008977}}
{"target": -165.54902307995084, "params": {"gamma": 1.3722203605391488, "prior": 9.33269508406792, "rate": 6.9684847967375125}, "datetime": {"datetime": "2024-06-14 11:40:37", "elapsed": 0.320857, "delta": 0.009004}}
{"target": -156.2841836806495, "params": {"gamma": 0.6609357270479028, "prior": 7.579084220764417, "rate": 7.539008008424004}, "datetime": {"datetime": "2024-06-14 11:40:37", "elapsed": 0.329804, "delta": 0.008947}}
{"target": -371.6072799471425, "params": {"gamma": 9.230322330929287, "prior": 7.14409511042187, "rate": 1.2435853487596746}, "datetime": {"datetime": "2024-06-14 11:40:37", "elapsed": 0.337783, "delta": 0.007979}}
{"target": -148.46373521027758, "params": {"gamma": 0.1997814582641161, "prior": 0.3594887700894208, "rate": 0.2840365737199253}, "datetime": {"datetime": "2024-06-14 11:40:37", "elapsed": 0.34683, "delta": 0.009047}}
{"target": -186.80156402955336, "params": {"gamma": 2.462864464962856, "prior": 8.61427669196059, "rate": 5.3887718123521875}, "datetime": {"datetime": "2024-06-14 11:40:37", "elapsed": 0.354808, "delta": 0.007978}}
{"target": -248.07448838093492, "params": {"gamma": 5.5286669648789735, "prior": 8.436105834360097, "rate": 1.2426089778839915}, "datetime": {"datetime": "2024-06-14 11:40:37", "elapsed": 0.363787, "delta": 0.008979}}
{"target": -262.2174456129671, "params": {"gamma": 2.792557606432384, "prior": 5.89901678743705, "rate": 9.695987887448426}, "datetime": {"datetime": "2024-06-14 11:40:37", "elapsed": 0.372837, "delta": 0.00905}}
{"target": -869.3776777955866, "params": {"gamma": 5.6107411623378445, "prior": 0.2846081647921359, "rate": 8.006526094133482}, "datetime": {"datetime": "2024-06-14 11:40:37", "elapsed": 0.381321, "delta": 0.008484}}
{"target": -174.8644754236868, "params": {"gamma": 2.3305097641363632, "prior": 8.090341436625915, "rate": 3.8792185799976533}, "datetime": {"datetime": "2024-06-14 11:40:37", "elapsed": 0.390298, "delta": 0.008977}}
{"target": -417.56908430496173, "params": {"gamma": 8.635555003739727, "prior": 7.496504263098128, "rate": 5.562846099670199}, "datetime": {"datetime": "2024-06-14 11:40:37", "elapsed": 0.399274, "delta": 0.008976}}
{"target": -195.92436315551205, "params": {"gamma": 1.3654158013811895, "prior": 0.6931851261708954, "rate": 1.2143132139516326}, "datetime": {"datetime": "2024-06-14 11:40:37", "elapsed": 0.408249, "delta": 0.008975}}
{"target": -159.11909740700446, "params": {"gamma": 0.4464742335690725, "prior": 1.16419187815032, "rate": 2.2578676767399393}, "datetime": {"datetime": "2024-06-14 11:40:37", "elapsed": 0.416228, "delta": 0.007979}}
{"target": -299.48480402708304, "params": {"gamma": 7.130176814846385, "prior": 5.64119812233601, "rate": 0.12654724561099942}, "datetime": {"datetime": "2024-06-14 11:40:37", "elapsed": 0.424873, "delta": 0.008645}}
{"target": -150.66242408086993, "params": {"gamma": 0.7206708226151783, "prior": 9.676035667002694, "rate": 5.6814365187375016}, "datetime": {"datetime": "2024-06-14 11:40:37", "elapsed": 0.433849, "delta": 0.008976}}
{"target": -263.3222438332832, "params": {"gamma": 2.033729053375244, "prior": 2.598024871246202, "rate": 7.438514714896855}, "datetime": {"datetime": "2024-06-14 11:40:37", "elapsed": 0.442825, "delta": 0.008976}}
{"target": -221.41976921608432, "params": {"gamma": 1.9550993816120785, "prior": 5.855453380005252, "rate": 9.700229870894034}, "datetime": {"datetime": "2024-06-14 11:40:37", "elapsed": 0.450804, "delta": 0.007979}}
{"target": -626.2086450308191, "params": {"gamma": 8.468441186098863, "prior": 2.4744928155611032, "rate": 4.938203372973032}, "datetime": {"datetime": "2024-06-14 11:40:37", "elapsed": 0.45978, "delta": 0.008976}}
{"target": -271.9753246594921, "params": {"gamma": 6.199937228095417, "prior": 8.306910905546768, "rate": 1.5687571550661965}, "datetime": {"datetime": "2024-06-14 11:40:37", "elapsed": 0.469317, "delta": 0.009537}}
{"target": -155.22193208102667, "params": {"gamma": 0.18674344557191777, "prior": 0.7932192228203011, "rate": 4.863964764259381}, "datetime": {"datetime": "2024-06-14 11:40:37", "elapsed": 0.484277, "delta": 0.01496}}
{"target": -299.12957244701806, "params": {"gamma": 6.063688287071651, "prior": 5.731629227156165, "rate": 3.1743067308122854}, "datetime": {"datetime": "2024-06-14 11:40:37", "elapsed": 0.492256, "delta": 0.007979}}
{"target": -457.45098586323144, "params": {"gamma": 9.886172927970076, "prior": 5.839477670533389, "rate": 3.8020315850628807}, "datetime": {"datetime": "2024-06-14 11:40:37", "elapsed": 0.501232, "delta": 0.008976}}
{"target": -312.60344350583534, "params": {"gamma": 5.509931242959851, "prior": 7.478810865974371, "rate": 6.6926597016383935}, "datetime": {"datetime": "2024-06-14 11:40:37", "elapsed": 0.510208, "delta": 0.008976}}
{"target": -356.82270048539885, "params": {"gamma": 2.6499306570704313, "prior": 0.7567148608415716, "rate": 3.701471894943149}, "datetime": {"datetime": "2024-06-14 11:40:37", "elapsed": 0.518186, "delta": 0.007978}}
{"target": -635.1882636613625, "params": {"gamma": 6.297545352708624, "prior": 2.180722698156912, "rate": 7.5278027818344}, "datetime": {"datetime": "2024-06-14 11:40:37", "elapsed": 0.527162, "delta": 0.008976}}
{"target": -175.27368494500314, "params": {"gamma": 0.6662982770597953, "prior": 2.677119475927556, "rate": 8.04774088286971}, "datetime": {"datetime": "2024-06-14 11:40:37", "elapsed": 0.536138, "delta": 0.008976}}
{"target": -182.92366188056135, "params": {"gamma": 1.935149391950654, "prior": 6.430662720711407, "rate": 5.247178420928214}, "datetime": {"datetime": "2024-06-14 11:40:37", "elapsed": 0.544117, "delta": 0.007979}}
{"target": -381.9004801307811, "params": {"gamma": 9.248154896023108, "prior": 2.706638027822399, "rate": 0.6605449457495538}, "datetime": {"datetime": "2024-06-14 11:40:37", "elapsed": 0.553093, "delta": 0.008976}}
{"target": -423.0275443830901, "params": {"gamma": 7.350924566923407, "prior": 7.744562492478143, "rate": 9.078250709182736}, "datetime": {"datetime": "2024-06-14 11:40:37", "elapsed": 0.562071, "delta": 0.008978}}
{"target": -1244.1582221835188, "params": {"gamma": 9.319788719899176, "prior": 0.23812057245841045, "rate": 2.344386499128084}, "datetime": {"datetime": "2024-06-14 11:40:37", "elapsed": 0.571047, "delta": 0.008976}}
{"target": -350.43560814840225, "params": {"gamma": 6.1681667916595755, "prior": 9.495261574807403, "rate": 9.50181101635155}, "datetime": {"datetime": "2024-06-14 11:40:37", "elapsed": 0.579026, "delta": 0.007979}}
{"target": -294.77229342102714, "params": {"gamma": 5.566975228763369, "prior": 9.164502862686119, "rate": 6.41602052325443}, "datetime": {"datetime": "2024-06-14 11:40:37", "elapsed": 0.588002, "delta": 0.008976}}
{"target": -282.85997493625723, "params": {"gamma": 3.9006871336983213, "prior": 4.911307604259406, "rate": 6.043500518716813}, "datetime": {"datetime": "2024-06-14 11:40:37", "elapsed": 0.596978, "delta": 0.008976}}
{"target": -322.7088881443744, "params": {"gamma": 5.495929667164118, "prior": 9.269196124393892, "rate": 9.187415622900428}, "datetime": {"datetime": "2024-06-14 11:40:37", "elapsed": 0.605955, "delta": 0.008977}}
{"target": -201.83043135582622, "params": {"gamma": 3.9493612536226252, "prior": 9.636299031563047, "rate": 1.740382711137963}, "datetime": {"datetime": "2024-06-14 11:40:37", "elapsed": 0.613933, "delta": 0.007978}}
{"target": -218.88477981227385, "params": {"gamma": 1.2641688648769336, "prior": 1.4372836646626401, "rate": 5.057115994603291}, "datetime": {"datetime": "2024-06-14 11:40:37", "elapsed": 0.622909, "delta": 0.008976}}
{"target": -148.90669645017869, "params": {"gamma": 0.2162265279367056, "prior": 9.484905091055042, "rate": 8.271327596236153}, "datetime": {"datetime": "2024-06-14 11:40:37", "elapsed": 0.631885, "delta": 0.008976}}
{"target": -150.39260113699666, "params": {"gamma": 0.15117478844048168, "prior": 1.8443429301930472, "rate": 3.3213036800940032}, "datetime": {"datetime": "2024-06-14 11:40:37", "elapsed": 0.640861, "delta": 0.008976}}
{"target": -153.34972354872482, "params": {"gamma": 1.310837451264358, "prior": 8.113957852053163, "rate": 3.4480217901802512}, "datetime": {"datetime": "2024-06-14 11:40:37", "elapsed": 0.649837, "delta": 0.008976}}
{"target": -579.9164591436389, "params": {"gamma": 9.401134715851338, "prior": 5.861940381476092, "rate": 8.78844101213403}, "datetime": {"datetime": "2024-06-14 11:40:37", "elapsed": 0.657816, "delta": 0.007979}}
{"target": -384.3928925780066, "params": {"gamma": 8.447499719476827, "prior": 9.063383955215627, "rate": 4.599342777902254}, "datetime": {"datetime": "2024-06-14 11:40:37", "elapsed": 0.666829, "delta": 0.009013}}
{"target": -260.70112654920194, "params": {"gamma": 5.463921813387713, "prior": 8.00617555240519, "rate": 2.8579027984897416}, "datetime": {"datetime": "2024-06-14 11:40:37", "elapsed": 0.675768, "delta": 0.008939}}
{"target": -231.99924514422776, "params": {"gamma": 4.903044972676658, "prior": 6.031192045694196, "rate": 0.15631722223280642}, "datetime": {"datetime": "2024-06-14 11:40:37", "elapsed": 0.683746, "delta": 0.007978}}
{"target": -449.3714436599825, "params": {"gamma": 5.935220600558176, "prior": 4.393395854995637, "rate": 8.073797928319529}, "datetime": {"datetime": "2024-06-14 11:40:37", "elapsed": 0.692722, "delta": 0.008976}}
{"target": -208.14121303089277, "params": {"gamma": 3.153132786150634, "prior": 8.939598214398998, "rate": 5.778994295630071}, "datetime": {"datetime": "2024-06-14 11:40:37", "elapsed": 0.701698, "delta": 0.008976}}
{"target": -178.29916335684922, "params": {"gamma": 1.8409180060730232, "prior": 7.900499414872493, "rate": 6.120699739272295}, "datetime": {"datetime": "2024-06-14 11:40:37", "elapsed": 0.710674, "delta": 0.008976}}
{"target": -159.8192438984695, "params": {"gamma": 0.5400388114654558, "prior": 4.259917432011209, "rate": 6.791009296817731}, "datetime": {"datetime": "2024-06-14 11:40:37", "elapsed": 0.718681, "delta": 0.008007}}
{"target": -1465.191273028139, "params": {"gamma": 9.186099177997281, "prior": 0.10398004642443859, "rate": 9.767614731161565}, "datetime": {"datetime": "2024-06-14 11:40:37", "elapsed": 0.727629, "delta": 0.008948}}
{"target": -225.40456440104919, "params": {"gamma": 3.766426567142999, "prior": 9.740457029747393, "rate": 6.047556293639557}, "datetime": {"datetime": "2024-06-14 11:40:37", "elapsed": 0.736605, "delta": 0.008976}}
{"target": -449.4577189640172, "params": {"gamma": 8.288629233998948, "prior": 5.789643896610213, "rate": 6.281133906875198}, "datetime": {"datetime": "2024-06-14 11:40:37", "elapsed": 0.744583, "delta": 0.007978}}
{"target": -242.07822822866632, "params": {"gamma": 2.8564772406752437, "prior": 5.9096500724952215, "rate": 7.500467615262897}, "datetime": {"datetime": "2024-06-14 11:40:37", "elapsed": 0.753559, "delta": 0.008976}}
{"target": -437.7491613232096, "params": {"gamma": 8.583280050453995, "prior": 7.575313665830033, "rate": 6.980874427224584}, "datetime": {"datetime": "2024-06-14 11:40:37", "elapsed": 0.762538, "delta": 0.008979}}
{"target": -644.6208262566893, "params": {"gamma": 8.644929821115943, "prior": 3.29454186868379, "rate": 6.708217119085085}, "datetime": {"datetime": "2024-06-14 11:40:37", "elapsed": 0.771513, "delta": 0.008975}}
{"target": -291.16951712469677, "params": {"gamma": 4.509288490197079, "prior": 3.8828172451120206, "rate": 4.108702687871935}, "datetime": {"datetime": "2024-06-14 11:40:37", "elapsed": 0.78049, "delta": 0.008977}}
{"target": -346.68594607745433, "params": {"gamma": 4.015394355111937, "prior": 3.2421010649869415, "rate": 6.219571759835095}, "datetime": {"datetime": "2024-06-14 11:40:37", "elapsed": 0.789586, "delta": 0.009096}}
{"target": -249.5100191855238, "params": {"gamma": 4.303042460941823, "prior": 9.740640571479798, "rate": 6.778331113451677}, "datetime": {"datetime": "2024-06-14 11:40:37", "elapsed": 0.797582, "delta": 0.007996}}
{"target": -183.26754510475476, "params": {"gamma": 1.9865003143826816, "prior": 4.324339992545524, "rate": 3.4341190515044557}, "datetime": {"datetime": "2024-06-14 11:40:37", "elapsed": 0.806559, "delta": 0.008977}}
{"target": -427.44479677720545, "params": {"gamma": 7.976590400781708, "prior": 8.811983056777974, "rate": 9.038515716307893}, "datetime": {"datetime": "2024-06-14 11:40:37", "elapsed": 0.815534, "delta": 0.008975}}
{"target": -357.6011251863656, "params": {"gamma": 6.627535403940247, "prior": 2.775061794094602, "rate": 2.5244146483443926}, "datetime": {"datetime": "2024-06-14 11:40:37", "elapsed": 0.82451, "delta": 0.008976}}
{"target": -538.0349402940051, "params": {"gamma": 8.549124529031326, "prior": 5.324374998456592, "rate": 8.021808678961976}, "datetime": {"datetime": "2024-06-14 11:40:37", "elapsed": 0.833486, "delta": 0.008976}}
{"target": -301.1104818528239, "params": {"gamma": 5.725312683398872, "prior": 7.35811100034636, "rate": 5.190597263013095}, "datetime": {"datetime": "2024-06-14 11:40:37", "elapsed": 0.841465, "delta": 0.007979}}
{"target": -388.7867553910504, "params": {"gamma": 7.709068221108379, "prior": 5.731694107976684, "rate": 4.6576330760412175}, "datetime": {"datetime": "2024-06-14 11:40:37", "elapsed": 0.850441, "delta": 0.008976}}
{"target": -431.4966065106415, "params": {"gamma": 3.4275463906248644, "prior": 0.7752725493253708, "rate": 3.7798638691016704}, "datetime": {"datetime": "2024-06-14 11:40:37", "elapsed": 0.859417, "delta": 0.008976}}
{"target": -144.07423069481084, "params": {"gamma": 0.7971811509048254, "prior": 9.829889425931405, "rate": 1.816946900456307}, "datetime": {"datetime": "2024-06-14 11:40:37", "elapsed": 0.868393, "delta": 0.008976}}
{"target": -401.94569758509203, "params": {"gamma": 8.118775118507678, "prior": 8.762120285063391, "rate": 6.884444110607048}, "datetime": {"datetime": "2024-06-14 11:40:37", "elapsed": 0.876372, "delta": 0.007979}}
