{"target": -185.12570981264165, "params": {"p_ai": 1.5683593484243095, "p_al": 7.545415559016262, "p_ex": 3.3004023148263886, "prior": 6.442312729689626, "rate": 5.654990510308829}, "datetime": {"datetime": "2024-06-13 08:07:35", "elapsed": 71.352616, "delta": 0.112699}}
{"target": -587.4660808161734, "params": {"p_ai": 8.995409627944824, "p_al": 8.806955495452243, "p_ex": 4.431670891867508, "prior": 2.048146129836078, "rate": 6.322291560542967}, "datetime": {"datetime": "2024-06-13 08:07:35", "elapsed": 71.465218, "delta": 0.112602}}
{"target": -317.48673690916775, "params": {"p_ai": 6.368722917490155, "p_al": 6.92448261628265, "p_ex": 9.074824554145266, "prior": 7.826027199467941, "rate": 6.253284067622613}, "datetime": {"datetime": "2024-06-13 08:07:35", "elapsed": 71.577917, "delta": 0.112699}}
{"target": -326.21565348985877, "params": {"p_ai": 6.010054988385501, "p_al": 2.1283776016453526, "p_ex": 6.514002254616683, "prior": 8.145187207595269, "rate": 9.223302486048112}, "datetime": {"datetime": "2024-06-13 08:07:35", "elapsed": 71.689618, "delta": 0.111701}}
{"target": -575.66770463993, "params": {"p_ai": 9.166584470697245, "p_al": 5.611426959920494, "p_ex": 2.599079923429137, "prior": 3.338640770780343, "rate": 9.977625893322635}, "datetime": {"datetime": "2024-06-13 08:07:35", "elapsed": 71.812261, "delta": 0.122643}}
{"target": -341.9049483490835, "params": {"p_ai": 5.256452284389976, "p_al": 8.159250821705387, "p_ex": 5.970564861657937, "prior": 5.069796942895938, "rate": 3.4860476134416722}, "datetime": {"datetime": "2024-06-13 08:07:35", "elapsed": 71.925958, "delta": 0.113697}}
{"target": -276.5712536766855, "params": {"p_ai": 5.378167511784794, "p_al": 0.06834033523503891, "p_ex": 8.766981380159143, "prior": 5.615303328845261, "rate": 0.2437899718214612}, "datetime": {"datetime": "2024-06-13 08:07:36", "elapsed": 72.038485, "delta": 0.112527}}
{"target": -550.5335483982593, "params": {"p_ai": 8.181929278566322, "p_al": 1.3544085542298703, "p_ex": 0.30735634221060637, "prior": 4.623891705947023, "rate": 9.606606296174677}, "datetime": {"datetime": "2024-06-13 08:07:36", "elapsed": 72.150185, "delta": 0.1117}}
{"target": -109.78885114471719, "params": {"p_ai": 0.9370488703914385, "p_al": 0.656919562834297, "p_ex": 8.799475826643015, "prior": 8.213899043391342, "rate": 8.199874253028593}, "datetime": {"datetime": "2024-06-13 08:07:36", "elapsed": 72.262119, "delta": 0.111934}}
{"target": -295.00517985619166, "params": {"p_ai": 4.678712660105902, "p_al": 4.275493453510745, "p_ex": 4.011281986039528, "prior": 5.822568206350932, "rate": 7.289977723091737}, "datetime": {"datetime": "2024-06-13 08:07:36", "elapsed": 72.373162, "delta": 0.111043}}
{"target": -485.30962804371285, "params": {"p_ai": 7.843135731493912, "p_al": 6.548337076416619, "p_ex": 5.625099180595456, "prior": 4.1245136895947505, "rate": 3.1998307053765016}, "datetime": {"datetime": "2024-06-13 08:07:36", "elapsed": 72.485701, "delta": 0.112539}}
{"target": -174.2795538219354, "params": {"p_ai": 2.8631916804690256, "p_al": 2.9624710073123492, "p_ex": 6.827845908778269, "prior": 7.624649380413635, "rate": 5.976600250112773}, "datetime": {"datetime": "2024-06-13 08:07:36", "elapsed": 72.597399, "delta": 0.111698}}
{"target": -165.27845789933076, "params": {"p_ai": 2.229416058643355, "p_al": 1.9447558100267244, "p_ex": 7.657095501588769, "prior": 9.786959495931479, "rate": 0.1600837059640327}, "datetime": {"datetime": "2024-06-13 08:07:36", "elapsed": 72.711069, "delta": 0.11367}}
{"target": -178.40234475687765, "params": {"p_ai": 2.489732521683815, "p_al": 7.923336404835708, "p_ex": 7.191933812235796, "prior": 2.4605535974366086, "rate": 5.549368918377377}, "datetime": {"datetime": "2024-06-13 08:07:36", "elapsed": 72.822051, "delta": 0.110982}}
{"target": -408.34327686576626, "params": {"p_ai": 5.856272355196109, "p_al": 7.21412138219565, "p_ex": 4.637273438415798, "prior": 4.049079866755705, "rate": 3.080786698738075}, "datetime": {"datetime": "2024-06-13 08:07:36", "elapsed": 72.935927, "delta": 0.113876}}
{"target": -157.44153866120095, "params": {"p_ai": 2.3838507751598206, "p_al": 0.925941078147889, "p_ex": 6.4591879907890055, "prior": 6.696034914953822, "rate": 6.873747395694555}, "datetime": {"datetime": "2024-06-13 08:07:37", "elapsed": 73.04714, "delta": 0.111213}}
{"target": -145.26410047015693, "params": {"p_ai": 0.03245405892326011, "p_al": 4.383092072177341, "p_ex": 1.22641109574872, "prior": 5.266566747727368, "rate": 9.797416469397842}, "datetime": {"datetime": "2024-06-13 08:07:37", "elapsed": 73.160348, "delta": 0.113208}}
{"target": -261.8871532812645, "params": {"p_ai": 4.993270832622418, "p_al": 3.747125142755934, "p_ex": 8.13858608395356, "prior": 9.68204618100875, "rate": 2.8719466519104246}, "datetime": {"datetime": "2024-06-13 08:07:37", "elapsed": 73.27132, "delta": 0.110972}}
{"target": -593.7574331904744, "params": {"p_ai": 8.030197397425262, "p_al": 9.961418232195335, "p_ex": 1.1191305732763266, "prior": 5.310942498517634, "rate": 8.135452268270518}, "datetime": {"datetime": "2024-06-13 08:07:37", "elapsed": 73.38402, "delta": 0.1127}}
{"target": -235.0480945557699, "params": {"p_ai": 3.763565542385325, "p_al": 4.4582994882209785, "p_ex": 7.5092746940860025, "prior": 0.9843654431052541, "rate": 3.6059025236596125}, "datetime": {"datetime": "2024-06-13 08:07:37", "elapsed": 73.493937, "delta": 0.109917}}
{"target": -281.0634250017709, "params": {"p_ai": 5.637498846609272, "p_al": 2.3866173738298953, "p_ex": 8.399697763448607, "prior": 7.658744071907105, "rate": 9.655460253343795}, "datetime": {"datetime": "2024-06-13 08:07:37", "elapsed": 73.601619, "delta": 0.107682}}
{"target": -249.22734311843513, "params": {"p_ai": 5.230357762062273, "p_al": 1.06614005524794, "p_ex": 9.366233613591808, "prior": 8.342525658973996, "rate": 5.444637191871373}, "datetime": {"datetime": "2024-06-13 08:07:37", "elapsed": 73.710394, "delta": 0.108775}}
{"target": -456.0050289471247, "params": {"p_ai": 8.363186471576656, "p_al": 8.81702750262007, "p_ex": 7.76103529253161, "prior": 5.712968516447132, "rate": 6.153371915939358}, "datetime": {"datetime": "2024-06-13 08:07:37", "elapsed": 73.821097, "delta": 0.110703}}
{"target": -564.1375043654693, "params": {"p_ai": 8.444062435750944, "p_al": 6.222544146503024, "p_ex": 2.0655931119171287, "prior": 6.915192747116144, "rate": 5.320605487023739}, "datetime": {"datetime": "2024-06-13 08:07:37", "elapsed": 73.929775, "delta": 0.108678}}
{"target": -212.17556917080753, "params": {"p_ai": 2.633207341942995, "p_al": 0.008864628754834562, "p_ex": 2.3557421152378364, "prior": 6.735993413062344, "rate": 8.783323676609767}, "datetime": {"datetime": "2024-06-13 08:07:38", "elapsed": 74.039141, "delta": 0.109366}}
{"target": -550.6954130544373, "params": {"p_ai": 8.307194989836436, "p_al": 1.0819657484995155, "p_ex": 0.7121786702488597, "prior": 7.616161526478173, "rate": 2.849048887810949}, "datetime": {"datetime": "2024-06-13 08:07:38", "elapsed": 74.14757, "delta": 0.108429}}
{"target": -236.24248262105965, "params": {"p_ai": 2.718758721913716, "p_al": 0.021001005783708615, "p_ex": 0.9862915673948899, "prior": 1.356834876876139, "rate": 1.5944427020857364}, "datetime": {"datetime": "2024-06-13 08:07:38", "elapsed": 74.256311, "delta": 0.108741}}
{"target": -241.95208882388812, "params": {"p_ai": 4.453690712551038, "p_al": 8.141544011423479, "p_ex": 8.123168855569107, "prior": 9.099986227202798, "rate": 4.436476794164717}, "datetime": {"datetime": "2024-06-13 08:07:38", "elapsed": 74.364497, "delta": 0.108186}}
{"target": -681.8828642621769, "params": {"p_ai": 7.087396368942189, "p_al": 4.883852847086367, "p_ex": 0.49937573878707536, "prior": 0.8052339082615015, "rate": 2.4601774098261746}, "datetime": {"datetime": "2024-06-13 08:07:38", "elapsed": 74.47332, "delta": 0.108823}}
{"target": -625.3605390334911, "params": {"p_ai": 9.816235664501544, "p_al": 6.919480375538572, "p_ex": 2.680807810991347, "prior": 7.062926182268611, "rate": 6.6137999976813155}, "datetime": {"datetime": "2024-06-13 08:07:38", "elapsed": 74.582565, "delta": 0.109245}}
{"target": -131.0431083302099, "params": {"p_ai": 0.4338583185782008, "p_al": 3.6155143588327374, "p_ex": 7.737506106039536, "prior": 0.7861506254262016, "rate": 8.84395678364194}, "datetime": {"datetime": "2024-06-13 08:07:38", "elapsed": 74.691303, "delta": 0.108738}}
{"target": -654.1665922582955, "params": {"p_ai": 9.308752094249328, "p_al": 8.531002038386509, "p_ex": 1.174658663405379, "prior": 5.652169643537417, "rate": 7.075891918374401}, "datetime": {"datetime": "2024-06-13 08:07:38", "elapsed": 74.799987, "delta": 0.108684}}
{"target": -463.3419690765089, "params": {"p_ai": 8.879912919311819, "p_al": 0.958664516968829, "p_ex": 8.157890074908734, "prior": 2.7808853003561516, "rate": 5.923281570273373}, "datetime": {"datetime": "2024-06-13 08:07:38", "elapsed": 74.908697, "delta": 0.10871}}
{"target": -509.89134286602655, "params": {"p_ai": 7.198237298029824, "p_al": 7.7704144744548165, "p_ex": 2.947353825139696, "prior": 6.074158012949801, "rate": 2.8754412691491025}, "datetime": {"datetime": "2024-06-13 08:07:38", "elapsed": 75.01744, "delta": 0.108743}}
{"target": -601.4586643475177, "params": {"p_ai": 9.983169186094411, "p_al": 8.145241573815564, "p_ex": 4.140365184777405, "prior": 8.791542714456694, "rate": 7.325278649969429}, "datetime": {"datetime": "2024-06-13 08:07:39", "elapsed": 75.128118, "delta": 0.110678}}
{"target": -574.4778710890816, "params": {"p_ai": 9.287540560346832, "p_al": 1.7169353317749951, "p_ex": 2.9490552142038204, "prior": 0.9382730240703474, "rate": 3.1804923357554484}, "datetime": {"datetime": "2024-06-13 08:07:39", "elapsed": 75.246375, "delta": 0.118257}}
{"target": -273.3736849632902, "params": {"p_ai": 3.812504948851634, "p_al": 6.327492683647917, "p_ex": 4.715727863547479, "prior": 7.176972138789694, "rate": 2.692966111483643}, "datetime": {"datetime": "2024-06-13 08:07:39", "elapsed": 75.356655, "delta": 0.11028}}
{"target": -155.05945936115245, "params": {"p_ai": 1.7313941351026625, "p_al": 3.7918469051508774, "p_ex": 4.381376292841118, "prior": 4.221843551590521, "rate": 9.135783296928588}, "datetime": {"datetime": "2024-06-13 08:07:39", "elapsed": 75.466042, "delta": 0.109387}}
{"target": -242.53030064095753, "params": {"p_ai": 2.696400616451196, "p_al": 3.5210819835488736, "p_ex": 2.1528813919731067, "prior": 3.7198581910313244, "rate": 3.8991640529202587}, "datetime": {"datetime": "2024-06-13 08:07:39", "elapsed": 75.573784, "delta": 0.107742}}
{"target": -371.8577655921713, "params": {"p_ai": 5.754695144061634, "p_al": 2.7843714212458077, "p_ex": 2.595663592769973, "prior": 7.190894889170183, "rate": 9.101876897017872}, "datetime": {"datetime": "2024-06-13 08:07:39", "elapsed": 75.682494, "delta": 0.10871}}
{"target": -181.14632956601662, "params": {"p_ai": 1.2218460988148518, "p_al": 1.8237074185290985, "p_ex": 1.3319633391141557, "prior": 6.836393220362168, "rate": 2.1408837173038955}, "datetime": {"datetime": "2024-06-13 08:07:39", "elapsed": 75.791175, "delta": 0.108681}}
{"target": -308.4173822592021, "params": {"p_ai": 6.046111461460431, "p_al": 2.0175856692950274, "p_ex": 8.177754179737551, "prior": 3.161755215449723, "rate": 6.696498030094077}, "datetime": {"datetime": "2024-06-13 08:07:39", "elapsed": 75.899912, "delta": 0.108737}}
{"target": -164.15309575498432, "params": {"p_ai": 1.4881868944628063, "p_al": 3.0601485254145184, "p_ex": 2.9731172115714624, "prior": 6.3511642455179445, "rate": 6.809124390706244}, "datetime": {"datetime": "2024-06-13 08:07:39", "elapsed": 76.008592, "delta": 0.10868}}
{"target": -448.00697536321906, "params": {"p_ai": 8.452641216391733, "p_al": 1.8342857207824639, "p_ex": 7.6045372133000795, "prior": 7.119682083391317, "rate": 5.575881596860648}, "datetime": {"datetime": "2024-06-13 08:07:40", "elapsed": 76.128389, "delta": 0.119797}}
{"target": -429.3447985344006, "params": {"p_ai": 6.50197970017053, "p_al": 0.9008610352239393, "p_ex": 1.4696112814099909, "prior": 4.156301635445642, "rate": 7.1139955123219485}, "datetime": {"datetime": "2024-06-13 08:07:40", "elapsed": 76.272176, "delta": 0.143787}}
{"target": -175.1798746050719, "params": {"p_ai": 1.6790438150723197, "p_al": 3.8904024131038595, "p_ex": 4.979961592920374, "prior": 9.350522223405173, "rate": 0.5529072902964012}, "datetime": {"datetime": "2024-06-13 08:07:40", "elapsed": 76.396464, "delta": 0.124288}}
{"target": -574.7851547888932, "params": {"p_ai": 8.290245901995016, "p_al": 9.841614299141947, "p_ex": 2.6734588625853686, "prior": 8.90068298043714, "rate": 2.9037110876153163}, "datetime": {"datetime": "2024-06-13 08:07:40", "elapsed": 76.509726, "delta": 0.113262}}
{"target": -453.79499065854804, "params": {"p_ai": 7.990275974468122, "p_al": 4.599113822624364, "p_ex": 5.976488880119824, "prior": 2.367437100274259, "rate": 6.87646200664599}, "datetime": {"datetime": "2024-06-13 08:07:40", "elapsed": 76.620439, "delta": 0.110713}}
{"target": -153.54893009755284, "params": {"p_ai": 1.4876999762661907, "p_al": 5.597305303518728, "p_ex": 4.943794976509587, "prior": 8.372222753498248, "rate": 4.815203685221957}, "datetime": {"datetime": "2024-06-13 08:07:40", "elapsed": 76.732198, "delta": 0.111759}}
{"target": -494.606456600165, "params": {"p_ai": 7.847524868907307, "p_al": 4.003542773051022, "p_ex": 3.0797514283756215, "prior": 7.872484136639694, "rate": 4.185224174850338}, "datetime": {"datetime": "2024-06-13 08:07:40", "elapsed": 76.847411, "delta": 0.115213}}
{"target": -260.8193080663468, "params": {"p_ai": 4.968163846072137, "p_al": 5.773647990711966, "p_ex": 8.196837713155396, "prior": 5.813618426292567, "rate": 4.062022883905419}, "datetime": {"datetime": "2024-06-13 08:07:40", "elapsed": 76.957634, "delta": 0.110223}}
{"target": -162.09309735346673, "params": {"p_ai": 1.6067076982639186, "p_al": 7.021410937836175, "p_ex": 8.832444983696695, "prior": 1.0846805001536175, "rate": 4.662673544155003}, "datetime": {"datetime": "2024-06-13 08:07:41", "elapsed": 77.070453, "delta": 0.112819}}
{"target": -596.1241193196981, "params": {"p_ai": 9.34542051628517, "p_al": 5.635528165584233, "p_ex": 5.452989887556196, "prior": 0.6356920232315505, "rate": 5.353466496108746}, "datetime": {"datetime": "2024-06-13 08:07:41", "elapsed": 77.178162, "delta": 0.107709}}
{"target": -326.2052069498401, "params": {"p_ai": 6.545758496895561, "p_al": 1.466771864485812, "p_ex": 9.563690911740819, "prior": 1.962311768641484, "rate": 6.739586009585863}, "datetime": {"datetime": "2024-06-13 08:07:41", "elapsed": 77.286412, "delta": 0.10825}}
{"target": -215.66093579644328, "params": {"p_ai": 2.744137192928587, "p_al": 1.085199907484914, "p_ex": 2.6097471361451294, "prior": 3.3421841833472294, "rate": 4.647854040432997}, "datetime": {"datetime": "2024-06-13 08:07:41", "elapsed": 77.395405, "delta": 0.108993}}
{"target": -147.05412918466996, "params": {"p_ai": 2.3443300775714717, "p_al": 7.27531136269942, "p_ex": 8.072103829138065, "prior": 7.909964984873447, "rate": 7.157769735363946}, "datetime": {"datetime": "2024-06-13 08:07:41", "elapsed": 77.504797, "delta": 0.109392}}
{"target": -263.69418818757026, "params": {"p_ai": 2.6971628183640655, "p_al": 2.1053674526157167, "p_ex": 1.092174154085908, "prior": 3.9674143329261264, "rate": 0.8735791351201521}, "datetime": {"datetime": "2024-06-13 08:07:41", "elapsed": 77.613518, "delta": 0.108721}}
{"target": -867.9323759945692, "params": {"p_ai": 6.554241175168271, "p_al": 9.49833931470982, "p_ex": 7.556577172510941, "prior": 1.1698003792568261, "rate": 0.20579200593530117}, "datetime": {"datetime": "2024-06-13 08:07:41", "elapsed": 77.72123, "delta": 0.107712}}
{"target": -273.68586053006135, "params": {"p_ai": 3.349553409033682, "p_al": 9.928768691433605, "p_ex": 3.129004648022036, "prior": 7.37534048014249, "rate": 7.165577236537339}, "datetime": {"datetime": "2024-06-13 08:07:41", "elapsed": 77.83038, "delta": 0.10915}}
{"target": -404.9210994660387, "params": {"p_ai": 5.726003419355118, "p_al": 3.6770929306387004, "p_ex": 2.083448674606851, "prior": 9.800012165219913, "rate": 0.6598718062812502}, "datetime": {"datetime": "2024-06-13 08:07:41", "elapsed": 77.938099, "delta": 0.107719}}
{"target": -143.73271682533056, "params": {"p_ai": 2.363041291619063, "p_al": 3.0896858056306566, "p_ex": 9.09512403146957, "prior": 7.133979260927965, "rate": 2.654453130529889}, "datetime": {"datetime": "2024-06-13 08:07:42", "elapsed": 78.046353, "delta": 0.108254}}
{"target": -233.01284327282926, "params": {"p_ai": 1.6458485280836919, "p_al": 8.805093637851785, "p_ex": 7.938037541185965, "prior": 0.38483593233206737, "rate": 8.79312913512225}, "datetime": {"datetime": "2024-06-13 08:07:42", "elapsed": 78.154469, "delta": 0.108116}}
{"target": -413.9943142294963, "params": {"p_ai": 5.879809512359401, "p_al": 4.575914432666735, "p_ex": 6.73884491695568, "prior": 0.39538854255534034, "rate": 3.303881713493146}, "datetime": {"datetime": "2024-06-13 08:07:42", "elapsed": 78.262212, "delta": 0.107743}}
{"target": -170.36195857812982, "params": {"p_ai": 0.8813961296757109, "p_al": 6.836691010345723, "p_ex": 3.9807191404477567, "prior": 4.790061963647635, "rate": 2.8987435885845287}, "datetime": {"datetime": "2024-06-13 08:07:42", "elapsed": 78.370889, "delta": 0.108677}}
{"target": -484.1731358212415, "params": {"p_ai": 7.883156906603142, "p_al": 0.4660803099952485, "p_ex": 2.811975337992219, "prior": 5.906368021727022, "rate": 7.901544890842957}, "datetime": {"datetime": "2024-06-13 08:07:42", "elapsed": 78.478831, "delta": 0.107942}}
{"target": -602.1249785418968, "params": {"p_ai": 6.016391759783631, "p_al": 7.305156197867701, "p_ex": 0.23625562086340346, "prior": 2.5499809694961213, "rate": 0.42187550666388557}, "datetime": {"datetime": "2024-06-13 08:07:42", "elapsed": 78.587541, "delta": 0.10871}}
{"target": -514.095896511935, "params": {"p_ai": 5.000623972289424, "p_al": 9.891413821111595, "p_ex": 0.1362915505440842, "prior": 4.409349504334219, "rate": 0.0488593946407395}, "datetime": {"datetime": "2024-06-13 08:07:42", "elapsed": 78.695251, "delta": 0.10771}}
{"target": -333.4031912158616, "params": {"p_ai": 6.1292733046741406, "p_al": 1.8344039025545689, "p_ex": 7.127705096121493, "prior": 1.5973254712175065, "rate": 8.28592797664837}, "datetime": {"datetime": "2024-06-13 08:07:42", "elapsed": 78.80377, "delta": 0.108519}}
{"target": -200.3153130480254, "params": {"p_ai": 2.0625754591785816, "p_al": 3.522810522045676, "p_ex": 2.3065541407607677, "prior": 8.077037240024012, "rate": 4.903209285941475}, "datetime": {"datetime": "2024-06-13 08:07:42", "elapsed": 78.913445, "delta": 0.109675}}
{"target": -499.1911156118957, "params": {"p_ai": 8.738461225360355, "p_al": 1.3017296410083459, "p_ex": 4.990082145540017, "prior": 7.766359726186858, "rate": 9.812120477742575}, "datetime": {"datetime": "2024-06-13 08:07:43", "elapsed": 79.021187, "delta": 0.107742}}
{"target": -376.2042569793129, "params": {"p_ai": 6.734103924215217, "p_al": 1.8308287966897505, "p_ex": 7.597969782524479, "prior": 0.747277516013488, "rate": 7.62796186474408}, "datetime": {"datetime": "2024-06-13 08:07:43", "elapsed": 79.129868, "delta": 0.108681}}
{"target": -525.2570963250621, "params": {"p_ai": 8.2783244939888, "p_al": 5.592537951402159, "p_ex": 4.927715577252471, "prior": 9.36533769934676, "rate": 0.0019694099260602308}, "datetime": {"datetime": "2024-06-13 08:07:43", "elapsed": 79.240585, "delta": 0.110717}}
{"target": -118.75737556883243, "params": {"p_ai": 0.0966593768907281, "p_al": 2.520262280031256, "p_ex": 5.057258956122923, "prior": 5.404626088310402, "rate": 3.7135529478230405}, "datetime": {"datetime": "2024-06-13 08:07:43", "elapsed": 79.350312, "delta": 0.109727}}
{"target": -163.34420326371804, "params": {"p_ai": 2.9278210405766725, "p_al": 2.0244710973929743, "p_ex": 8.003018662066845, "prior": 3.159913122914842, "rate": 4.925187387485644}, "datetime": {"datetime": "2024-06-13 08:07:43", "elapsed": 79.458808, "delta": 0.108496}}
{"target": -549.7031915373318, "params": {"p_ai": 8.11309762614833, "p_al": 6.123977065658692, "p_ex": 4.086676353275073, "prior": 1.7698653193819143, "rate": 3.977123246381154}, "datetime": {"datetime": "2024-06-13 08:07:43", "elapsed": 79.567549, "delta": 0.108741}}
{"target": -577.8421463833478, "params": {"p_ai": 4.852641324647453, "p_al": 9.905855341048484, "p_ex": 2.842666564129935, "prior": 1.6572311251158391, "rate": 2.206534559640926}, "datetime": {"datetime": "2024-06-13 08:07:43", "elapsed": 79.67623, "delta": 0.108681}}
{"target": -171.28043853668046, "params": {"p_ai": 2.115461976224172, "p_al": 0.761400858057041, "p_ex": 3.6497120765361126, "prior": 2.848055513881634, "rate": 8.876000332641663}, "datetime": {"datetime": "2024-06-13 08:07:43", "elapsed": 79.783942, "delta": 0.107712}}
{"target": -415.1752878782278, "params": {"p_ai": 7.802815839954234, "p_al": 1.09154050351661, "p_ex": 8.505184450178726, "prior": 1.0968764704846565, "rate": 7.2023572600056704}, "datetime": {"datetime": "2024-06-13 08:07:43", "elapsed": 79.892705, "delta": 0.108763}}
{"target": -276.49500819630265, "params": {"p_ai": 5.728670154913063, "p_al": 0.8689970342905287, "p_ex": 9.053375032737591, "prior": 8.745790582338879, "rate": 8.438673461887907}, "datetime": {"datetime": "2024-06-13 08:07:43", "elapsed": 80.001868, "delta": 0.109163}}
{"target": -195.6527888051259, "params": {"p_ai": 3.6963039838180336, "p_al": 2.2302911723421603, "p_ex": 9.971119436933105, "prior": 8.17356631642956, "rate": 0.42223947812043505}, "datetime": {"datetime": "2024-06-13 08:07:44", "elapsed": 80.111091, "delta": 0.109223}}
{"target": -251.3654067324126, "params": {"p_ai": 3.733405500770418, "p_al": 8.122057570514098, "p_ex": 5.284318582532073, "prior": 2.4720611251756845, "rate": 7.9290864165444885}, "datetime": {"datetime": "2024-06-13 08:07:44", "elapsed": 80.225784, "delta": 0.114693}}
