{"target": -276.8280722283362, "params": {"gamma": 3.622798839194582, "prior": 8.091186697583844, "rate": 0.3607736956187603}, "datetime": {"datetime": "2024-06-14 05:32:45", "elapsed": 7.353202, "delta": 0.009974}}
{"target": -231.84017833187622, "params": {"gamma": 3.584594051008626, "prior": 6.41895351934156, "rate": 1.4308980910737081}, "datetime": {"datetime": "2024-06-14 05:32:45", "elapsed": 7.362177, "delta": 0.008975}}
{"target": -516.0803664910379, "params": {"gamma": 8.577528406499894, "prior": 6.491087641906984, "rate": 1.1538189613747907}, "datetime": {"datetime": "2024-06-14 05:32:45", "elapsed": 7.371154, "delta": 0.008977}}
{"target": -150.49918707594938, "params": {"gamma": 2.081766002579473, "prior": 7.48043347440683, "rate": 4.034662876713395}, "datetime": {"datetime": "2024-06-14 05:32:45", "elapsed": 7.381127, "delta": 0.009973}}
{"target": -309.14601964524627, "params": {"gamma": 4.84521613942412, "prior": 8.885805272920003, "rate": 1.3752980526926846}, "datetime": {"datetime": "2024-06-14 05:32:45", "elapsed": 7.390103, "delta": 0.008976}}
{"target": -406.9548605217067, "params": {"gamma": 9.64376360106379, "prior": 0.5220338497861409, "rate": 0.9953031322915933}, "datetime": {"datetime": "2024-06-14 05:32:45", "elapsed": 7.399079, "delta": 0.008976}}
{"target": -154.23312497378572, "params": {"gamma": 2.2331610709734946, "prior": 8.08519231437909, "rate": 4.559272200887655}, "datetime": {"datetime": "2024-06-14 05:32:45", "elapsed": 7.409064, "delta": 0.009985}}
{"target": -313.1238927024527, "params": {"gamma": 6.5328581714709335, "prior": 1.8257792614463888, "rate": 1.668052607332356}, "datetime": {"datetime": "2024-06-14 05:32:45", "elapsed": 7.418032, "delta": 0.008968}}
{"target": -271.97215097394127, "params": {"gamma": 5.208962557197339, "prior": 7.428906989274194, "rate": 4.62528217768507}, "datetime": {"datetime": "2024-06-14 05:32:45", "elapsed": 7.428005, "delta": 0.009973}}
{"target": -475.7900291017639, "params": {"gamma": 8.696271237126007, "prior": 6.638078153239339, "rate": 2.4916517944308763}, "datetime": {"datetime": "2024-06-14 05:32:45", "elapsed": 7.437978, "delta": 0.009973}}
{"target": -143.72461246060573, "params": {"gamma": 2.3497873058002465, "prior": 3.8030624969839892, "rate": 7.566403946905877}, "datetime": {"datetime": "2024-06-14 05:32:45", "elapsed": 7.447952, "delta": 0.009974}}
{"target": -528.4885655557199, "params": {"gamma": 9.379438705433513, "prior": 8.632869393256446, "rate": 2.6168463160365345}, "datetime": {"datetime": "2024-06-14 05:32:45", "elapsed": 7.456928, "delta": 0.008976}}
{"target": -213.87655643006252, "params": {"gamma": 4.12337700085772, "prior": 6.154286584558183, "rate": 5.468797723702268}, "datetime": {"datetime": "2024-06-14 05:32:45", "elapsed": 7.466901, "delta": 0.009973}}
{"target": -191.51518863414205, "params": {"gamma": 3.893360179144248, "prior": 1.1040656911246396, "rate": 7.122735799168159}, "datetime": {"datetime": "2024-06-14 05:32:45", "elapsed": 7.476874, "delta": 0.009973}}
{"target": -124.02342849028433, "params": {"gamma": 0.8822635040904132, "prior": 8.674166550799823, "rate": 8.634620954886014}, "datetime": {"datetime": "2024-06-14 05:32:45", "elapsed": 7.48585, "delta": 0.008976}}
{"target": -317.3665581223996, "params": {"gamma": 7.084799464362212, "prior": 4.915603280696092, "rate": 6.991766507563753}, "datetime": {"datetime": "2024-06-14 05:32:45", "elapsed": 7.494826, "delta": 0.008976}}
{"target": -204.7633169712924, "params": {"gamma": 3.950475613957549, "prior": 7.995210244504152, "rate": 7.864384405716199}, "datetime": {"datetime": "2024-06-14 05:32:45", "elapsed": 7.504799, "delta": 0.009973}}
{"target": -129.53011315437584, "params": {"gamma": 1.5561303101523432, "prior": 3.246393748470918, "rate": 3.4404877846831172}, "datetime": {"datetime": "2024-06-14 05:32:45", "elapsed": 7.514281, "delta": 0.009482}}
{"target": -265.8576248761898, "params": {"gamma": 3.6423388162366046, "prior": 5.709791011210197, "rate": 0.4178327377603575}, "datetime": {"datetime": "2024-06-14 05:32:45", "elapsed": 7.524254, "delta": 0.009973}}
{"target": -290.59798343207535, "params": {"gamma": 6.600037219920028, "prior": 2.09615441466068, "rate": 4.165209099174909}, "datetime": {"datetime": "2024-06-14 05:32:45", "elapsed": 7.53323, "delta": 0.008976}}
{"target": -224.2178685797452, "params": {"gamma": 4.5094756723505, "prior": 3.552395018521695, "rate": 3.8334198209699974}, "datetime": {"datetime": "2024-06-14 05:32:45", "elapsed": 7.543203, "delta": 0.009973}}
{"target": -128.94275795893432, "params": {"gamma": 1.8038803024167458, "prior": 0.7744875682013366, "rate": 5.513015232709581}, "datetime": {"datetime": "2024-06-14 05:32:45", "elapsed": 7.55218, "delta": 0.008977}}
{"target": -272.1426258531277, "params": {"gamma": 5.959073589220895, "prior": 1.5404479132949174, "rate": 2.310186141512919}, "datetime": {"datetime": "2024-06-14 05:32:45", "elapsed": 7.562152, "delta": 0.009972}}
{"target": -203.63493352555403, "params": {"gamma": 2.864484938242287, "prior": 8.324438532353815, "rate": 1.535055990682961}, "datetime": {"datetime": "2024-06-14 05:32:45", "elapsed": 7.572127, "delta": 0.009975}}
{"target": -287.92595242899904, "params": {"gamma": 5.521835936727261, "prior": 5.724583205152705, "rate": 3.434857510993614}, "datetime": {"datetime": "2024-06-14 05:32:45", "elapsed": 7.582099, "delta": 0.009972}}
{"target": -200.31116092868197, "params": {"gamma": 3.5068212758802293, "prior": 9.595208973440103, "rate": 5.533886150645748}, "datetime": {"datetime": "2024-06-14 05:32:45", "elapsed": 7.592073, "delta": 0.009974}}
{"target": -298.32147269462723, "params": {"gamma": 6.527659277808647, "prior": 4.958327152799692, "rate": 6.466853166736234}, "datetime": {"datetime": "2024-06-14 05:32:45", "elapsed": 7.602046, "delta": 0.009973}}
{"target": -269.05123480877614, "params": {"gamma": 6.052902604285114, "prior": 1.5372155999089467, "rate": 3.3474706483130476}, "datetime": {"datetime": "2024-06-14 05:32:45", "elapsed": 7.611528, "delta": 0.009482}}
{"target": -215.37758235449223, "params": {"gamma": 4.604879500595876, "prior": 1.3654344499032103, "rate": 3.6313701627213772}, "datetime": {"datetime": "2024-06-14 05:32:45", "elapsed": 7.620504, "delta": 0.008976}}
{"target": -162.29470673538557, "params": {"gamma": 2.2821882012949293, "prior": 8.49027576247698, "rate": 3.4153993261329654}, "datetime": {"datetime": "2024-06-14 05:32:45", "elapsed": 7.630477, "delta": 0.009973}}
{"target": -142.5049693137401, "params": {"gamma": 2.268666417341983, "prior": 4.140995888237594, "rate": 6.830957412174848}, "datetime": {"datetime": "2024-06-14 05:32:45", "elapsed": 7.639453, "delta": 0.008976}}
{"target": -119.08379941166787, "params": {"gamma": 0.657154367615287, "prior": 1.889219214669599, "rate": 6.943375082298363}, "datetime": {"datetime": "2024-06-14 05:32:45", "elapsed": 7.649426, "delta": 0.009973}}
{"target": -334.82229418265234, "params": {"gamma": 7.522813791436128, "prior": 6.215767368139672, "rate": 8.792106406805418}, "datetime": {"datetime": "2024-06-14 05:32:45", "elapsed": 7.658403, "delta": 0.008977}}
{"target": -130.36068860132323, "params": {"gamma": 1.6888331005858586, "prior": 7.065122548794142, "rate": 9.172684330641006}, "datetime": {"datetime": "2024-06-14 05:32:45", "elapsed": 7.668234, "delta": 0.009831}}
{"target": -124.36708175972515, "params": {"gamma": 1.508245851371479, "prior": 2.5132633762221936, "rate": 5.467299036335953}, "datetime": {"datetime": "2024-06-14 05:32:45", "elapsed": 7.67721, "delta": 0.008976}}
{"target": -252.15859527457278, "params": {"gamma": 3.441849250422999, "prior": 6.937326899745702, "rate": 0.5766186166326498}, "datetime": {"datetime": "2024-06-14 05:32:45", "elapsed": 7.686186, "delta": 0.008976}}
{"target": -128.54961057745976, "params": {"gamma": 1.6084806590922747, "prior": 7.190759234148253, "rate": 9.706216365641005}, "datetime": {"datetime": "2024-06-14 05:32:45", "elapsed": 7.696159, "delta": 0.009973}}
{"target": -569.2334053450522, "params": {"gamma": 9.295574214746894, "prior": 9.020563234885856, "rate": 1.2783053957220292}, "datetime": {"datetime": "2024-06-14 05:32:45", "elapsed": 7.705135, "delta": 0.008976}}
{"target": -122.03096838794605, "params": {"gamma": 1.4601432517979631, "prior": 0.8154210924672393, "rate": 5.425859791214765}, "datetime": {"datetime": "2024-06-14 05:32:45", "elapsed": 7.715108, "delta": 0.009973}}
{"target": -385.2052348695036, "params": {"gamma": 8.824979242850812, "prior": 5.364739810662196, "rate": 7.817371138674004}, "datetime": {"datetime": "2024-06-14 05:32:45", "elapsed": 7.724084, "delta": 0.008976}}
{"target": -162.30572140337355, "params": {"gamma": 1.8853494153257044, "prior": 8.644801475646716, "rate": 1.8750602824827893}, "datetime": {"datetime": "2024-06-14 05:32:45", "elapsed": 7.734058, "delta": 0.009974}}
{"target": -125.84610964163808, "params": {"gamma": 0.548586496539166, "prior": 4.2727610032381715, "rate": 5.551489195654376}, "datetime": {"datetime": "2024-06-14 05:32:45", "elapsed": 7.743034, "delta": 0.008976}}
{"target": -403.05814029638947, "params": {"gamma": 9.707449353204424, "prior": 1.0083629510677956, "rate": 2.7399070142023203}, "datetime": {"datetime": "2024-06-14 05:32:45", "elapsed": 7.753007, "delta": 0.009973}}
{"target": -127.2385694521296, "params": {"gamma": 1.0519655837514126, "prior": 3.9653524037024024, "rate": 2.890821820794509}, "datetime": {"datetime": "2024-06-14 05:32:45", "elapsed": 7.761983, "delta": 0.008976}}
{"target": -234.20477546663514, "params": {"gamma": 5.133490194329599, "prior": 3.547741149332395, "rate": 9.28235195448276}, "datetime": {"datetime": "2024-06-14 05:32:45", "elapsed": 7.771956, "delta": 0.009973}}
{"target": -484.5915995833225, "params": {"gamma": 7.8996880160340215, "prior": 8.624012549278358, "rate": 1.2958799584830156}, "datetime": {"datetime": "2024-06-14 05:32:45", "elapsed": 7.780932, "delta": 0.008976}}
{"target": -255.91548533074163, "params": {"gamma": 5.751126599720151, "prior": 2.2263471052601016, "rate": 8.682517475837448}, "datetime": {"datetime": "2024-06-14 05:32:45", "elapsed": 7.789908, "delta": 0.008976}}
{"target": -139.65203634383806, "params": {"gamma": 0.15117919811248737, "prior": 1.1468677297875165, "rate": 3.761194698397609}, "datetime": {"datetime": "2024-06-14 05:32:45", "elapsed": 7.799882, "delta": 0.009974}}
{"target": -239.58757515896383, "params": {"gamma": 4.021536967025843, "prior": 2.8444788214889583, "rate": 0.9615339246006319}, "datetime": {"datetime": "2024-06-14 05:32:45", "elapsed": 7.809855, "delta": 0.009973}}
{"target": -119.28214530204244, "params": {"gamma": 1.1881853207208233, "prior": 3.2476530630886056, "rate": 9.507977547943128}, "datetime": {"datetime": "2024-06-14 05:32:46", "elapsed": 7.818832, "delta": 0.008977}}
{"target": -158.75285551337728, "params": {"gamma": 2.0748582416284203, "prior": 7.498075178486302, "rate": 2.5826284514108324}, "datetime": {"datetime": "2024-06-14 05:32:46", "elapsed": 7.828805, "delta": 0.009973}}
{"target": -125.62315903937679, "params": {"gamma": 0.37336531585223737, "prior": 0.2589168707539145, "rate": 1.5279066058805837}, "datetime": {"datetime": "2024-06-14 05:32:46", "elapsed": 7.83778, "delta": 0.008975}}
{"target": -231.6390983717694, "params": {"gamma": 4.621379845784425, "prior": 7.58342086562427, "rate": 7.2884205045195944}, "datetime": {"datetime": "2024-06-14 05:32:46", "elapsed": 7.847754, "delta": 0.009974}}
{"target": -181.29259847731694, "params": {"gamma": 3.524542035387884, "prior": 4.843478859752845, "rate": 8.140923460003277}, "datetime": {"datetime": "2024-06-14 05:32:46", "elapsed": 7.856731, "delta": 0.008977}}
{"target": -585.6260635245351, "params": {"gamma": 8.384190660883412, "prior": 3.2671753341380563, "rate": 0.043645919052664246}, "datetime": {"datetime": "2024-06-14 05:32:46", "elapsed": 7.866703, "delta": 0.009972}}
{"target": -137.68013707257447, "params": {"gamma": 0.4702615014191002, "prior": 7.404293038279442, "rate": 2.7270501784440078}, "datetime": {"datetime": "2024-06-14 05:32:46", "elapsed": 7.875679, "delta": 0.008976}}
{"target": -222.41225790763116, "params": {"gamma": 4.815376636054336, "prior": 2.0011095337083287, "rate": 8.471282047905861}, "datetime": {"datetime": "2024-06-14 05:32:46", "elapsed": 7.884656, "delta": 0.008977}}
{"target": -269.75929360874613, "params": {"gamma": 5.034272718755895, "prior": 5.318885739650387, "rate": 2.881507801269463}, "datetime": {"datetime": "2024-06-14 05:32:46", "elapsed": 7.894629, "delta": 0.009973}}
{"target": -248.13127161037167, "params": {"gamma": 5.120480307408566, "prior": 0.1194400892869483, "rate": 2.7736731083917574}, "datetime": {"datetime": "2024-06-14 05:32:46", "elapsed": 7.903604, "delta": 0.008975}}
{"target": -218.79494090507507, "params": {"gamma": 3.488281072400821, "prior": 2.9111137742614566, "rate": 0.8604363235466009}, "datetime": {"datetime": "2024-06-14 05:32:46", "elapsed": 7.913578, "delta": 0.009974}}
{"target": -249.36719688641836, "params": {"gamma": 5.2182903111313514, "prior": 7.9059434203978, "rate": 9.426041757646109}, "datetime": {"datetime": "2024-06-14 05:32:46", "elapsed": 7.922554, "delta": 0.008976}}
{"target": -271.36276920127, "params": {"gamma": 4.973400631374519, "prior": 5.9781631977188905, "rate": 2.9093085181668954}, "datetime": {"datetime": "2024-06-14 05:32:46", "elapsed": 7.932528, "delta": 0.009974}}
{"target": -122.63739000298861, "params": {"gamma": 1.492445929692968, "prior": 1.4055297382115668, "rate": 7.323875397919708}, "datetime": {"datetime": "2024-06-14 05:32:46", "elapsed": 7.941503, "delta": 0.008975}}
{"target": -316.83146753370585, "params": {"gamma": 7.344959884063995, "prior": 1.8755651647026885, "rate": 4.136190237378143}, "datetime": {"datetime": "2024-06-14 05:32:46", "elapsed": 7.951478, "delta": 0.009975}}
{"target": -265.03099886647306, "params": {"gamma": 5.941849134587504, "prior": 1.3402912672428726, "rate": 7.85390412973879}, "datetime": {"datetime": "2024-06-14 05:32:46", "elapsed": 7.960452, "delta": 0.008974}}
{"target": -290.18479988687244, "params": {"gamma": 6.20030204099907, "prior": 6.190694745933699, "rate": 7.012379711094405}, "datetime": {"datetime": "2024-06-14 05:32:46", "elapsed": 7.970426, "delta": 0.009974}}
{"target": -424.61003784018715, "params": {"gamma": 9.871843637581678, "prior": 5.667705113976064, "rate": 8.644298200721781}, "datetime": {"datetime": "2024-06-14 05:32:46", "elapsed": 7.979402, "delta": 0.008976}}
{"target": -206.85618728474142, "params": {"gamma": 4.187668041896602, "prior": 6.5792465771516, "rate": 9.252686617399803}, "datetime": {"datetime": "2024-06-14 05:32:46", "elapsed": 7.989375, "delta": 0.009973}}
{"target": -292.0573608068303, "params": {"gamma": 6.64184400562511, "prior": 3.1004986918363557, "rate": 6.199836992922438}, "datetime": {"datetime": "2024-06-14 05:32:46", "elapsed": 7.998351, "delta": 0.008976}}
{"target": -180.08743382725416, "params": {"gamma": 3.5138318852615673, "prior": 3.2914300838307535, "rate": 6.102440382404956}, "datetime": {"datetime": "2024-06-14 05:32:46", "elapsed": 8.008325, "delta": 0.009974}}
{"target": -126.5071437318271, "params": {"gamma": 1.6040719966518822, "prior": 4.918715464001758, "rate": 9.456397215578926}, "datetime": {"datetime": "2024-06-14 05:32:46", "elapsed": 8.018299, "delta": 0.009974}}
{"target": -189.4663463102766, "params": {"gamma": 3.839758505543401, "prior": 1.9707296731335333, "rate": 4.688920657472168}, "datetime": {"datetime": "2024-06-14 05:32:46", "elapsed": 8.027274, "delta": 0.008975}}
{"target": -389.9839741218757, "params": {"gamma": 8.409237406703872, "prior": 8.442410453690822, "rate": 8.278204591352763}, "datetime": {"datetime": "2024-06-14 05:32:46", "elapsed": 8.037276, "delta": 0.010002}}
{"target": -142.17466323491107, "params": {"gamma": 0.11574365054552785, "prior": 2.7436990682901228, "rate": 9.99875799995505}, "datetime": {"datetime": "2024-06-14 05:32:46", "elapsed": 8.047221, "delta": 0.009945}}
{"target": -121.78465205995278, "params": {"gamma": 1.1977130886476726, "prior": 4.951886011267569, "rate": 7.900471479876251}, "datetime": {"datetime": "2024-06-14 05:32:46", "elapsed": 8.056197, "delta": 0.008976}}
{"target": -128.51946113821228, "params": {"gamma": 1.223016887028468, "prior": 6.657850888843354, "rate": 4.881316374767721}, "datetime": {"datetime": "2024-06-14 05:32:46", "elapsed": 8.06617, "delta": 0.009973}}
{"target": -165.1880517010165, "params": {"gamma": 1.9437055308797813, "prior": 8.798437263168932, "rate": 1.8156924881797458}, "datetime": {"datetime": "2024-06-14 05:32:46", "elapsed": 8.075146, "delta": 0.008976}}
{"target": -316.2229496861525, "params": {"gamma": 6.390889540088459, "prior": 7.434186094159498, "rate": 5.6271661930456895}, "datetime": {"datetime": "2024-06-14 05:32:46", "elapsed": 8.085119, "delta": 0.009973}}
{"target": -276.69644296946643, "params": {"gamma": 6.288786844403314, "prior": 1.2777574265578442, "rate": 3.0810618335582585}, "datetime": {"datetime": "2024-06-14 05:32:46", "elapsed": 8.094096, "delta": 0.008977}}
{"target": -266.58970179620735, "params": {"gamma": 5.870035110089563, "prior": 4.015090791444363, "rate": 6.639796868246575}, "datetime": {"datetime": "2024-06-14 05:32:46", "elapsed": 8.104069, "delta": 0.009973}}
{"target": -360.04253698412475, "params": {"gamma": 8.519694493398179, "prior": 1.9831986841906173, "rate": 9.032823736002479}, "datetime": {"datetime": "2024-06-14 05:32:46", "elapsed": 8.113045, "delta": 0.008976}}
{"target": -210.27556821080356, "params": {"gamma": 3.8323753284605018, "prior": 9.43693087420972, "rate": 6.174205747936627}, "datetime": {"datetime": "2024-06-14 05:32:46", "elapsed": 8.123018, "delta": 0.009973}}
{"target": -365.69052226088525, "params": {"gamma": 7.901165115937855, "prior": 5.1962767408949375, "rate": 5.311915799238696}, "datetime": {"datetime": "2024-06-14 05:32:46", "elapsed": 8.131994, "delta": 0.008976}}
{"target": -170.32572490312054, "params": {"gamma": 3.276611393760953, "prior": 1.3807106015508195, "rate": 3.8388352966923764}, "datetime": {"datetime": "2024-06-14 05:32:46", "elapsed": 8.141967, "delta": 0.009973}}
{"target": -137.30118514337732, "params": {"gamma": 2.1505498314359848, "prior": 0.4253660332309741, "rate": 2.7495934114227696}, "datetime": {"datetime": "2024-06-14 05:32:46", "elapsed": 8.150944, "delta": 0.008977}}
{"target": -176.88618477619855, "params": {"gamma": 1.8065799506159026, "prior": 8.767750118877416, "rate": 0.8132843877516185}, "datetime": {"datetime": "2024-06-14 05:32:46", "elapsed": 8.15992, "delta": 0.008976}}
{"target": -133.5229878211315, "params": {"gamma": 1.8397720952197505, "prior": 7.069903885809709, "rate": 9.192339684311714}, "datetime": {"datetime": "2024-06-14 05:32:46", "elapsed": 8.169893, "delta": 0.009973}}
{"target": -154.3555743718129, "params": {"gamma": 2.515333063867109, "prior": 0.3108812014676776, "rate": 9.605084223078242}, "datetime": {"datetime": "2024-06-14 05:32:46", "elapsed": 8.178869, "delta": 0.008976}}
{"target": -305.68650142930824, "params": {"gamma": 6.8225241840990325, "prior": 3.175560691032173, "rate": 4.724262048710183}, "datetime": {"datetime": "2024-06-14 05:32:46", "elapsed": 8.188842, "delta": 0.009973}}
{"target": -266.2723232213092, "params": {"gamma": 5.992959482913756, "prior": 3.801298863446888, "rate": 8.74500347841515}, "datetime": {"datetime": "2024-06-14 05:32:46", "elapsed": 8.197818, "delta": 0.008976}}
{"target": -401.2632223610234, "params": {"gamma": 7.261999710487967, "prior": 9.547972975779691, "rate": 3.5113041629592687}, "datetime": {"datetime": "2024-06-14 05:32:46", "elapsed": 8.207791, "delta": 0.009973}}
{"target": -411.88447298835007, "params": {"gamma": 9.37180371312909, "prior": 4.843095684834866, "rate": 6.423584063846066}, "datetime": {"datetime": "2024-06-14 05:32:46", "elapsed": 8.216767, "delta": 0.008976}}
{"target": -388.5792669055346, "params": {"gamma": 7.36673540034412, "prior": 8.112445893156233, "rate": 3.963197413459656}, "datetime": {"datetime": "2024-06-14 05:32:46", "elapsed": 8.226293, "delta": 0.009526}}
{"target": -228.55489105438105, "params": {"gamma": 4.480011839169197, "prior": 8.191042558516232, "rate": 7.175854473706459}, "datetime": {"datetime": "2024-06-14 05:32:46", "elapsed": 8.236266, "delta": 0.009973}}
{"target": -562.8090848640878, "params": {"gamma": 9.408551244537064, "prior": 9.798018927036628, "rate": 1.7899544503221003}, "datetime": {"datetime": "2024-06-14 05:32:46", "elapsed": 8.245242, "delta": 0.008976}}
{"target": -146.72658560871096, "params": {"gamma": 2.2799661987157394, "prior": 7.188265828062564, "rate": 7.474079963807781}, "datetime": {"datetime": "2024-06-14 05:32:46", "elapsed": 8.255216, "delta": 0.009974}}
{"target": -349.22719480389657, "params": {"gamma": 6.032192362771022, "prior": 8.785267665792963, "rate": 2.5206526306452743}, "datetime": {"datetime": "2024-06-14 05:32:46", "elapsed": 8.264192, "delta": 0.008976}}
{"target": -193.55068187118675, "params": {"gamma": 3.3955344555736273, "prior": 4.997003796258398, "rate": 3.150955862596707}, "datetime": {"datetime": "2024-06-14 05:32:46", "elapsed": 8.277693, "delta": 0.013501}}
{"target": -313.4525864713903, "params": {"gamma": 5.454845454328703, "prior": 6.856532985049649, "rate": 2.2044486446357947}, "datetime": {"datetime": "2024-06-14 05:32:46", "elapsed": 8.287667, "delta": 0.009974}}
{"target": -281.92929814362077, "params": {"gamma": 4.853889202229838, "prior": 9.930515440611035, "rate": 3.242288870509168}, "datetime": {"datetime": "2024-06-14 05:32:46", "elapsed": 8.296643, "delta": 0.008976}}
{"target": -136.28858562694222, "params": {"gamma": 0.35458383299364826, "prior": 8.19178211991173, "rate": 5.033564529213024}, "datetime": {"datetime": "2024-06-14 05:32:46", "elapsed": 8.306616, "delta": 0.009973}}
