{"target": -195.55699872676885, "params": {"gamma": 3.957087074403221, "prior": 7.740012975913038, "rate": 2.512780630310517}, "datetime": {"datetime": "2024-06-14 19:13:30", "elapsed": 5.558954, "delta": 0.009973}}
{"target": -260.2342764293141, "params": {"gamma": 6.557951918265758, "prior": 9.60793176737818, "rate": 0.03654404988379601}, "datetime": {"datetime": "2024-06-14 19:13:30", "elapsed": 5.567929, "delta": 0.008975}}
{"target": -403.588409397086, "params": {"gamma": 7.233887082898668, "prior": 1.1790508359034728, "rate": 5.438331129146589}, "datetime": {"datetime": "2024-06-14 19:13:30", "elapsed": 5.576905, "delta": 0.008976}}
{"target": -346.1227503797219, "params": {"gamma": 6.269533250786666, "prior": 2.5051765451309316, "rate": 9.138524908590835}, "datetime": {"datetime": "2024-06-14 19:13:30", "elapsed": 5.585881, "delta": 0.008976}}
{"target": -339.41398121874346, "params": {"gamma": 6.223502974387487, "prior": 2.393777444809113, "rate": 7.701551743810476}, "datetime": {"datetime": "2024-06-14 19:13:30", "elapsed": 5.594858, "delta": 0.008977}}
{"target": -141.4439416643308, "params": {"gamma": 1.0559652928933503, "prior": 5.596730653460311, "rate": 0.9504657419551125}, "datetime": {"datetime": "2024-06-14 19:13:30", "elapsed": 5.604831, "delta": 0.009973}}
{"target": -311.07756258844495, "params": {"gamma": 5.810259742677521, "prior": 2.604503115929865, "rate": 6.495018612739509}, "datetime": {"datetime": "2024-06-14 19:13:30", "elapsed": 5.613807, "delta": 0.008976}}
{"target": -342.108512801305, "params": {"gamma": 7.158553701628942, "prior": 5.289437584229746, "rate": 6.575556555623399}, "datetime": {"datetime": "2024-06-14 19:13:30", "elapsed": 5.622783, "delta": 0.008976}}
{"target": -357.7759281258321, "params": {"gamma": 8.133125159405232, "prior": 8.094371489266019, "rate": 6.197200238546574}, "datetime": {"datetime": "2024-06-14 19:13:30", "elapsed": 5.63176, "delta": 0.008977}}
{"target": -249.0273907995213, "params": {"gamma": 4.511573518745629, "prior": 4.1387048915689375, "rate": 8.74760145142373}, "datetime": {"datetime": "2024-06-14 19:13:30", "elapsed": 5.641732, "delta": 0.009972}}
{"target": -374.64612696088136, "params": {"gamma": 7.029614389411599, "prior": 1.9308567214966765, "rate": 5.657755734146004}, "datetime": {"datetime": "2024-06-14 19:13:30", "elapsed": 5.650709, "delta": 0.008977}}
{"target": -507.3005414622473, "params": {"gamma": 9.08817151496827, "prior": 1.5918309232578849, "rate": 8.455331237631533}, "datetime": {"datetime": "2024-06-14 19:13:30", "elapsed": 5.659716, "delta": 0.009007}}
{"target": -304.73048299098406, "params": {"gamma": 8.202204460687183, "prior": 5.043476902848561, "rate": 0.37680093100554635}, "datetime": {"datetime": "2024-06-14 19:13:30", "elapsed": 5.669658, "delta": 0.009942}}
{"target": -143.4252859331475, "params": {"gamma": 1.4758775514639575, "prior": 9.234123077417845, "rate": 0.4425038055225927}, "datetime": {"datetime": "2024-06-14 19:13:31", "elapsed": 5.678634, "delta": 0.008976}}
{"target": -189.0390640773019, "params": {"gamma": 3.7256151652871896, "prior": 6.228492383782162, "rate": 1.9702834411012529}, "datetime": {"datetime": "2024-06-14 19:13:31", "elapsed": 5.688607, "delta": 0.009973}}
{"target": -517.7665935742465, "params": {"gamma": 9.810816492645733, "prior": 1.6441548071298822, "rate": 5.3972522724175835}, "datetime": {"datetime": "2024-06-14 19:13:31", "elapsed": 5.69858, "delta": 0.009973}}
{"target": -319.00362697371867, "params": {"gamma": 6.180495232142101, "prior": 2.3868004918300687, "rate": 4.663623583104205}, "datetime": {"datetime": "2024-06-14 19:13:31", "elapsed": 5.707557, "delta": 0.008977}}
{"target": -240.49996590632645, "params": {"gamma": 4.91059428280016, "prior": 7.691937525632765, "rate": 6.343173246985961}, "datetime": {"datetime": "2024-06-14 19:13:31", "elapsed": 5.717529, "delta": 0.009972}}
{"target": -227.90084803107098, "params": {"gamma": 4.676032980600331, "prior": 6.702731177620354, "rate": 4.534320887795462}, "datetime": {"datetime": "2024-06-14 19:13:31", "elapsed": 5.726505, "delta": 0.008976}}
{"target": -231.1656234154396, "params": {"gamma": 5.257590201822755, "prior": 6.619823611427782, "rate": 1.8127726241566626}, "datetime": {"datetime": "2024-06-14 19:13:31", "elapsed": 5.735481, "delta": 0.008976}}
{"target": -385.8574535353671, "params": {"gamma": 7.8807074621719, "prior": 6.068366841630134, "rate": 9.80334851848814}, "datetime": {"datetime": "2024-06-14 19:13:31", "elapsed": 5.745455, "delta": 0.009974}}
{"target": -165.0843673325232, "params": {"gamma": 2.2246095521182263, "prior": 4.716038094249078, "rate": 8.956522384191866}, "datetime": {"datetime": "2024-06-14 19:13:31", "elapsed": 5.754431, "delta": 0.008976}}
{"target": -269.29269013390245, "params": {"gamma": 6.014732663578183, "prior": 7.286992573903269, "rate": 4.137287971849402}, "datetime": {"datetime": "2024-06-14 19:13:31", "elapsed": 5.763407, "delta": 0.008976}}
{"target": -274.54097974533494, "params": {"gamma": 6.843411908691368, "prior": 9.465944795490875, "rate": 2.0026604713274816}, "datetime": {"datetime": "2024-06-14 19:13:31", "elapsed": 5.77338, "delta": 0.009973}}
{"target": -300.61466471593405, "params": {"gamma": 8.073845273509328, "prior": 9.698426319788975, "rate": 0.146672748901554}, "datetime": {"datetime": "2024-06-14 19:13:31", "elapsed": 5.784351, "delta": 0.010971}}
{"target": -172.43808229395515, "params": {"gamma": 2.152880656357681, "prior": 1.2620315110999845, "rate": 7.674467753896792}, "datetime": {"datetime": "2024-06-14 19:13:31", "elapsed": 5.793327, "delta": 0.008976}}
{"target": -142.05270607490206, "params": {"gamma": 0.8130846428413901, "prior": 9.984294230049985, "rate": 3.8967305467771722}, "datetime": {"datetime": "2024-06-14 19:13:31", "elapsed": 5.802303, "delta": 0.008976}}
{"target": -457.6816400609365, "params": {"gamma": 9.05212245656447, "prior": 1.9669182746447318, "rate": 4.409281126023087}, "datetime": {"datetime": "2024-06-14 19:13:31", "elapsed": 5.811279, "delta": 0.008976}}
{"target": -370.20706505168187, "params": {"gamma": 8.448273378243028, "prior": 5.993170828665236, "rate": 4.6221188088168805}, "datetime": {"datetime": "2024-06-14 19:13:31", "elapsed": 5.821018, "delta": 0.009739}}
{"target": -246.19108521924795, "params": {"gamma": 5.12698481782442, "prior": 5.781466716234239, "rate": 4.403751756648346}, "datetime": {"datetime": "2024-06-14 19:13:31", "elapsed": 5.829991, "delta": 0.008973}}
{"target": -155.08668211921304, "params": {"gamma": 1.936396018280381, "prior": 1.2282610384459451, "rate": 1.5131280457741099}, "datetime": {"datetime": "2024-06-14 19:13:31", "elapsed": 5.838966, "delta": 0.008975}}
{"target": -144.71372896005835, "params": {"gamma": 0.5258571475674859, "prior": 5.630896469529952, "rate": 8.47736241934607}, "datetime": {"datetime": "2024-06-14 19:13:31", "elapsed": 5.847942, "delta": 0.008976}}
{"target": -226.7346882770758, "params": {"gamma": 3.5918342699021832, "prior": 0.8455776390945964, "rate": 4.257818395439178}, "datetime": {"datetime": "2024-06-14 19:13:31", "elapsed": 5.857915, "delta": 0.009973}}
{"target": -310.51641283930775, "params": {"gamma": 6.020476376881542, "prior": 4.311494309198812, "rate": 8.107401614840093}, "datetime": {"datetime": "2024-06-14 19:13:31", "elapsed": 5.866892, "delta": 0.008977}}
{"target": -410.4392282854591, "params": {"gamma": 9.418920575620866, "prior": 8.71211665535671, "rate": 7.040290983300606}, "datetime": {"datetime": "2024-06-14 19:13:31", "elapsed": 5.875867, "delta": 0.008975}}
{"target": -210.61154592902125, "params": {"gamma": 4.7035189488969715, "prior": 6.858710624742188, "rate": 0.13516968725473882}, "datetime": {"datetime": "2024-06-14 19:13:31", "elapsed": 5.884843, "delta": 0.008976}}
{"target": -543.5046757645605, "params": {"gamma": 9.824798706901937, "prior": 1.8035655851060701, "rate": 9.062697699220857}, "datetime": {"datetime": "2024-06-14 19:13:31", "elapsed": 5.894817, "delta": 0.009974}}
{"target": -322.2001550740941, "params": {"gamma": 8.071291906759395, "prior": 8.02138287543118, "rate": 2.690091641792864}, "datetime": {"datetime": "2024-06-14 19:13:31", "elapsed": 5.903793, "delta": 0.008976}}
{"target": -164.48002973403527, "params": {"gamma": 2.1923189037668234, "prior": 4.345126859849478, "rate": 8.493861636205818}, "datetime": {"datetime": "2024-06-14 19:13:31", "elapsed": 5.912769, "delta": 0.008976}}
{"target": -212.77922386209238, "params": {"gamma": 4.5043460450747315, "prior": 9.360659128669912, "rate": 3.5274405931901285}, "datetime": {"datetime": "2024-06-14 19:13:31", "elapsed": 5.921745, "delta": 0.008976}}
{"target": -279.8768935548425, "params": {"gamma": 6.194302264801901, "prior": 9.808920459922224, "rate": 6.434981759885809}, "datetime": {"datetime": "2024-06-14 19:13:31", "elapsed": 5.930721, "delta": 0.008976}}
{"target": -144.9093712687404, "params": {"gamma": 0.45593666218999723, "prior": 4.6892152004219465, "rate": 3.348178685792924}, "datetime": {"datetime": "2024-06-14 19:13:31", "elapsed": 5.939697, "delta": 0.008976}}
{"target": -239.47173863347632, "params": {"gamma": 5.322283303668225, "prior": 2.9189874652700007, "rate": 1.223490041069798}, "datetime": {"datetime": "2024-06-14 19:13:31", "elapsed": 5.94967, "delta": 0.009973}}
{"target": -323.2215084562056, "params": {"gamma": 6.683221598519268, "prior": 6.845461573423933, "rate": 8.671525860690885}, "datetime": {"datetime": "2024-06-14 19:13:31", "elapsed": 5.958158, "delta": 0.008488}}
{"target": -145.09207924608666, "params": {"gamma": 1.3246825541338114, "prior": 8.006341051952507, "rate": 8.267860615312884}, "datetime": {"datetime": "2024-06-14 19:13:31", "elapsed": 5.968127, "delta": 0.009969}}
{"target": -313.02498104765056, "params": {"gamma": 6.465852807575769, "prior": 2.128729243228275, "rate": 2.6149457233439732}, "datetime": {"datetime": "2024-06-14 19:13:31", "elapsed": 5.977103, "delta": 0.008976}}
{"target": -216.44097437686938, "params": {"gamma": 4.185549678574218, "prior": 5.46381082054904, "rate": 4.774902117966579}, "datetime": {"datetime": "2024-06-14 19:13:31", "elapsed": 5.986109, "delta": 0.009006}}
{"target": -237.54580796438782, "params": {"gamma": 4.67513146056165, "prior": 8.414423030956907, "rate": 8.70115355071037}, "datetime": {"datetime": "2024-06-14 19:13:31", "elapsed": 5.995086, "delta": 0.008977}}
{"target": -351.20532457358786, "params": {"gamma": 8.16772288980329, "prior": 8.790234044483526, "rate": 5.710516610608794}, "datetime": {"datetime": "2024-06-14 19:13:31", "elapsed": 6.005029, "delta": 0.009943}}
{"target": -431.92837230857566, "params": {"gamma": 9.64039729725748, "prior": 6.104789047679629, "rate": 6.039873463055735}, "datetime": {"datetime": "2024-06-14 19:13:31", "elapsed": 6.014005, "delta": 0.008976}}
{"target": -172.74633213617716, "params": {"gamma": 3.193658073009114, "prior": 6.843921422758488, "rate": 0.5206049193651046}, "datetime": {"datetime": "2024-06-14 19:13:31", "elapsed": 6.022981, "delta": 0.008976}}
{"target": -150.9633041222853, "params": {"gamma": 1.3463296636984106, "prior": 1.3893974589703744, "rate": 6.5523576709601326}, "datetime": {"datetime": "2024-06-14 19:13:31", "elapsed": 6.032954, "delta": 0.009973}}
{"target": -146.1605095354795, "params": {"gamma": 1.7541505851216117, "prior": 3.4773535501903177, "rate": 0.44407224667521283}, "datetime": {"datetime": "2024-06-14 19:13:31", "elapsed": 6.04193, "delta": 0.008976}}
{"target": -158.20221953855, "params": {"gamma": 2.33810986680499, "prior": 9.645820816008012, "rate": 5.091884885761161}, "datetime": {"datetime": "2024-06-14 19:13:31", "elapsed": 6.050906, "delta": 0.008976}}
{"target": -149.5382506237516, "params": {"gamma": 1.5115941101958479, "prior": 5.277784464171196, "rate": 9.435150329726897}, "datetime": {"datetime": "2024-06-14 19:13:31", "elapsed": 6.059884, "delta": 0.008978}}
{"target": -374.0943664313237, "params": {"gamma": 8.656994454049334, "prior": 3.98145210241083, "rate": 2.8393912922180533}, "datetime": {"datetime": "2024-06-14 19:13:31", "elapsed": 6.06886, "delta": 0.008976}}
{"target": -351.82133891419045, "params": {"gamma": 7.617536897064726, "prior": 2.4807948155505692, "rate": 2.5430693142188665}, "datetime": {"datetime": "2024-06-14 19:13:31", "elapsed": 6.078834, "delta": 0.009974}}
{"target": -142.16510737155426, "params": {"gamma": 0.841779455445115, "prior": 8.655026538163867, "rate": 4.4795412572871784}, "datetime": {"datetime": "2024-06-14 19:13:31", "elapsed": 6.08781, "delta": 0.008976}}
{"target": -274.4564914790467, "params": {"gamma": 5.618300819839127, "prior": 7.393438481165847, "rate": 7.965092182444826}, "datetime": {"datetime": "2024-06-14 19:13:31", "elapsed": 6.097361, "delta": 0.009551}}
{"target": -264.2193923249335, "params": {"gamma": 4.475633881764149, "prior": 1.9228628061404038, "rate": 8.287499782431489}, "datetime": {"datetime": "2024-06-14 19:13:31", "elapsed": 6.106337, "delta": 0.008976}}
{"target": -146.71341349697352, "params": {"gamma": 0.3109486003227299, "prior": 9.47260986911873, "rate": 5.770201486928539}, "datetime": {"datetime": "2024-06-14 19:13:31", "elapsed": 6.11631, "delta": 0.009973}}
{"target": -351.8891737225914, "params": {"gamma": 8.754011995768419, "prior": 6.124797826038231, "rate": 2.5173441819390847}, "datetime": {"datetime": "2024-06-14 19:13:31", "elapsed": 6.125286, "delta": 0.008976}}
{"target": -186.67148485043708, "params": {"gamma": 2.962003105035548, "prior": 5.375933334413366, "rate": 9.620820050258088}, "datetime": {"datetime": "2024-06-14 19:13:31", "elapsed": 6.134262, "delta": 0.008976}}
{"target": -150.182188722074, "params": {"gamma": 1.8457715492972864, "prior": 5.147993943616779, "rate": 3.4385372462650072}, "datetime": {"datetime": "2024-06-14 19:13:31", "elapsed": 6.143238, "delta": 0.008976}}
{"target": -325.38934315547283, "params": {"gamma": 7.697483724226901, "prior": 8.048378215680998, "rate": 4.246174543111865}, "datetime": {"datetime": "2024-06-14 19:13:31", "elapsed": 6.152244, "delta": 0.009006}}
{"target": -162.84040038864265, "params": {"gamma": 2.042020877443364, "prior": 0.7641856572556677, "rate": 1.9872839959411943}, "datetime": {"datetime": "2024-06-14 19:13:31", "elapsed": 6.162192, "delta": 0.009948}}
{"target": -176.53163282075408, "params": {"gamma": 2.7247361004436925, "prior": 6.028010287301183, "rate": 8.730961889247082}, "datetime": {"datetime": "2024-06-14 19:13:31", "elapsed": 6.171166, "delta": 0.008974}}
{"target": -143.72989918139297, "params": {"gamma": 1.2831811575160175, "prior": 9.58606854297747, "rate": 6.832025267697611}, "datetime": {"datetime": "2024-06-14 19:13:31", "elapsed": 6.181139, "delta": 0.009973}}
{"target": -308.09801171244993, "params": {"gamma": 7.419900392548125, "prior": 9.830519780617808, "rate": 4.161591625408803}, "datetime": {"datetime": "2024-06-14 19:13:31", "elapsed": 6.190116, "delta": 0.008977}}
{"target": -252.5583279066951, "params": {"gamma": 5.316303075493122, "prior": 6.824208206937614, "rate": 5.129238550757324}, "datetime": {"datetime": "2024-06-14 19:13:31", "elapsed": 6.199092, "delta": 0.008976}}
{"target": -192.17411771417994, "params": {"gamma": 2.991824334263695, "prior": 1.143308260027389, "rate": 2.8500365250757254}, "datetime": {"datetime": "2024-06-14 19:13:31", "elapsed": 6.208067, "delta": 0.008975}}
{"target": -364.25486998297293, "params": {"gamma": 7.688759630029292, "prior": 6.443748774073277, "rate": 8.013505701328722}, "datetime": {"datetime": "2024-06-14 19:13:31", "elapsed": 6.218041, "delta": 0.009974}}
{"target": -283.57251622503975, "params": {"gamma": 5.171688199172296, "prior": 2.3977902162787172, "rate": 6.279991307892046}, "datetime": {"datetime": "2024-06-14 19:13:31", "elapsed": 6.227017, "delta": 0.008976}}
{"target": -222.291225010986, "params": {"gamma": 3.040750894733009, "prior": 0.39233457492600754, "rate": 9.03340843699194}, "datetime": {"datetime": "2024-06-14 19:13:31", "elapsed": 6.235993, "delta": 0.008976}}
{"target": -231.61014759510766, "params": {"gamma": 4.2042753184590484, "prior": 4.318694726204651, "rate": 7.412776101583259}, "datetime": {"datetime": "2024-06-14 19:13:31", "elapsed": 6.244969, "delta": 0.008976}}
{"target": -474.3796468003641, "params": {"gamma": 9.484635584653631, "prior": 0.8179037276500872, "rate": 1.7278381802346168}, "datetime": {"datetime": "2024-06-14 19:13:31", "elapsed": 6.254942, "delta": 0.009973}}
{"target": -196.84338056283113, "params": {"gamma": 3.224252533837974, "prior": 2.5594000386689704, "rate": 4.9554543186305695}, "datetime": {"datetime": "2024-06-14 19:13:31", "elapsed": 6.263918, "delta": 0.008976}}
{"target": -357.38599828784186, "params": {"gamma": 8.244771648366036, "prior": 8.55432690792754, "rate": 5.958703590644958}, "datetime": {"datetime": "2024-06-14 19:13:31", "elapsed": 6.272894, "delta": 0.008976}}
{"target": -176.686417387753, "params": {"gamma": 2.4024971645768356, "prior": 1.9462776138995845, "rate": 7.434161733507989}, "datetime": {"datetime": "2024-06-14 19:13:31", "elapsed": 6.281871, "delta": 0.008977}}
{"target": -166.11854356503028, "params": {"gamma": 2.372903362377833, "prior": 5.440959820172842, "rate": 7.493058590484791}, "datetime": {"datetime": "2024-06-14 19:13:31", "elapsed": 6.291874, "delta": 0.010003}}
{"target": -154.4423159384597, "params": {"gamma": 2.283262797049244, "prior": 1.8275617569701659, "rate": 0.39831713007193664}, "datetime": {"datetime": "2024-06-14 19:13:31", "elapsed": 6.30082, "delta": 0.008946}}
{"target": -143.3612050592381, "params": {"gamma": 1.4765408081617755, "prior": 8.52924517877521, "rate": 1.0472544815378406}, "datetime": {"datetime": "2024-06-14 19:13:31", "elapsed": 6.309827, "delta": 0.009007}}
{"target": -182.99974175103463, "params": {"gamma": 2.2372268102276505, "prior": 0.4242962774851736, "rate": 6.763889997877335}, "datetime": {"datetime": "2024-06-14 19:13:31", "elapsed": 6.319769, "delta": 0.009942}}
{"target": -155.94811088996357, "params": {"gamma": 2.317799711505731, "prior": 4.194558006237466, "rate": 1.393872412065944}, "datetime": {"datetime": "2024-06-14 19:13:31", "elapsed": 6.328745, "delta": 0.008976}}
{"target": -206.59713661084055, "params": {"gamma": 3.772795658827454, "prior": 4.301930915772191, "rate": 4.730176553648271}, "datetime": {"datetime": "2024-06-14 19:13:31", "elapsed": 6.338718, "delta": 0.009973}}
{"target": -262.2036685883147, "params": {"gamma": 4.228995288573093, "prior": 1.1172899823542268, "rate": 7.72603008604881}, "datetime": {"datetime": "2024-06-14 19:13:31", "elapsed": 6.347695, "delta": 0.008977}}
{"target": -144.15107019817702, "params": {"gamma": 1.3729228288956241, "prior": 4.300494505825538, "rate": 2.7202891684153423}, "datetime": {"datetime": "2024-06-14 19:13:31", "elapsed": 6.35667, "delta": 0.008975}}
{"target": -177.57409023027182, "params": {"gamma": 3.0107784228559833, "prior": 6.756965648605682, "rate": 5.178349451410332}, "datetime": {"datetime": "2024-06-14 19:13:31", "elapsed": 6.366644, "delta": 0.009974}}
{"target": -151.41155581191663, "params": {"gamma": 1.9016804177489257, "prior": 4.744430954350433, "rate": 3.396069147094239}, "datetime": {"datetime": "2024-06-14 19:13:31", "elapsed": 6.375654, "delta": 0.00901}}
{"target": -384.1305725863915, "params": {"gamma": 7.045267485283013, "prior": 2.338342504082235, "rate": 8.450036385446094}, "datetime": {"datetime": "2024-06-14 19:13:31", "elapsed": 6.384596, "delta": 0.008942}}
{"target": -241.09874630713523, "params": {"gamma": 5.262770419251413, "prior": 5.056133771938582, "rate": 2.537604383069914}, "datetime": {"datetime": "2024-06-14 19:13:31", "elapsed": 6.39457, "delta": 0.009974}}
{"target": -156.88732698830376, "params": {"gamma": 1.8623705416969032, "prior": 4.771008721102208, "rate": 9.818262353834747}, "datetime": {"datetime": "2024-06-14 19:13:31", "elapsed": 6.404543, "delta": 0.009973}}
{"target": -148.71171507374444, "params": {"gamma": 1.3299294703806088, "prior": 2.9062780810377657, "rate": 8.006611101660276}, "datetime": {"datetime": "2024-06-14 19:13:31", "elapsed": 6.413518, "delta": 0.008975}}
{"target": -315.973221251742, "params": {"gamma": 6.648104208209039, "prior": 2.859708246065027, "rate": 3.1471614201443434}, "datetime": {"datetime": "2024-06-14 19:13:31", "elapsed": 6.423492, "delta": 0.009974}}
{"target": -223.2597350500928, "params": {"gamma": 4.200062595764889, "prior": 6.067588946198732, "rate": 7.193668333443535}, "datetime": {"datetime": "2024-06-14 19:13:31", "elapsed": 6.432467, "delta": 0.008975}}
{"target": -339.52771307055156, "params": {"gamma": 8.573146034178855, "prior": 6.843003557538256, "rate": 2.370583662652512}, "datetime": {"datetime": "2024-06-14 19:13:31", "elapsed": 6.441445, "delta": 0.008978}}
{"target": -366.97570274570455, "params": {"gamma": 9.257279632827263, "prior": 7.833834466690084, "rate": 3.0745074227980154}, "datetime": {"datetime": "2024-06-14 19:13:31", "elapsed": 6.451417, "delta": 0.009972}}
{"target": -169.70575399938275, "params": {"gamma": 3.0503514507789897, "prior": 8.823566352446155, "rate": 1.2616587254915876}, "datetime": {"datetime": "2024-06-14 19:13:31", "elapsed": 6.460396, "delta": 0.008979}}
{"target": -340.99971806459786, "params": {"gamma": 6.334974881523022, "prior": 2.8493560514869, "rate": 8.272176051067923}, "datetime": {"datetime": "2024-06-14 19:13:31", "elapsed": 6.470369, "delta": 0.009973}}
{"target": -185.7788884995591, "params": {"gamma": 3.645869952111327, "prior": 7.360324335241457, "rate": 1.9249864862469743}, "datetime": {"datetime": "2024-06-14 19:13:31", "elapsed": 6.479345, "delta": 0.008976}}
{"target": -226.33206670913538, "params": {"gamma": 4.814977529509854, "prior": 8.05558680166717, "rate": 3.9704851285120673}, "datetime": {"datetime": "2024-06-14 19:13:31", "elapsed": 6.489318, "delta": 0.009973}}
