{"target": -815.7505973950686, "params": {"gamma": 4.534320887795462, "lr": 0.5257115913414097}, "datetime": {"datetime": "2024-06-13 18:39:25", "elapsed": 3.582078, "delta": 0.00399}}
{"target": -1381.610040730836, "params": {"gamma": 6.586021847542061, "lr": 0.18119538195386165}, "datetime": {"datetime": "2024-06-13 18:39:25", "elapsed": 3.586068, "delta": 0.00399}}
{"target": -1459.4320049248472, "params": {"gamma": 7.8807074621719, "lr": 0.6028653375383973}, "datetime": {"datetime": "2024-06-13 18:39:25", "elapsed": 3.590056, "delta": 0.003988}}
{"target": -1278.2727739097088, "params": {"gamma": 9.80334851848814, "lr": 0.22238319353117575}, "datetime": {"datetime": "2024-06-13 18:39:25", "elapsed": 3.594046, "delta": 0.00399}}
{"target": -1413.8715936218043, "params": {"gamma": 4.663198475191569, "lr": 0.8956418025994466}, "datetime": {"datetime": "2024-06-13 18:39:25", "elapsed": 3.598035, "delta": 0.003989}}
{"target": -1396.3567351846457, "params": {"gamma": 6.014732663578183, "lr": 0.725958845848815}, "datetime": {"datetime": "2024-06-13 18:39:25", "elapsed": 3.603022, "delta": 0.004987}}
{"target": -965.1945286291237, "params": {"gamma": 4.137287971849402, "lr": 0.6843096218313198}, "datetime": {"datetime": "2024-06-13 18:39:25", "elapsed": 3.607011, "delta": 0.003989}}
{"target": -1676.5276539328547, "params": {"gamma": 9.460604243445784, "lr": 0.20018606573932207}, "datetime": {"datetime": "2024-06-13 18:39:25", "elapsed": 3.611001, "delta": 0.00399}}
{"target": -2541.062728765096, "params": {"gamma": 8.073845273509328, "lr": 0.9695380120998964}, "datetime": {"datetime": "2024-06-13 18:39:25", "elapsed": 3.61499, "delta": 0.003989}}
{"target": -150.59954338519913, "params": {"gamma": 0.146672748901554, "lr": 0.21520958659442757}, "datetime": {"datetime": "2024-06-13 18:39:25", "elapsed": 3.618979, "delta": 0.003989}}
{"target": -325.8709731028918, "params": {"gamma": 1.1746518262109842, "lr": 0.7674235177414532}, "datetime": {"datetime": "2024-06-13 18:39:25", "elapsed": 3.622969, "delta": 0.00399}}
{"target": -298.0517657496272, "params": {"gamma": 0.8130846428413901, "lr": 0.9984135585909075}, "datetime": {"datetime": "2024-06-13 18:39:25", "elapsed": 3.626958, "delta": 0.003989}}
{"target": -1184.7437679841505, "params": {"gamma": 3.8967305467771722, "lr": 0.9052027659330404}, "datetime": {"datetime": "2024-06-13 18:39:25", "elapsed": 3.630948, "delta": 0.00399}}
{"target": -343.03689418256863, "params": {"gamma": 1.886587457391179, "lr": 0.44087219982229087}, "datetime": {"datetime": "2024-06-13 18:39:25", "elapsed": 3.635934, "delta": 0.004986}}
{"target": -1485.2442123695914, "params": {"gamma": 8.448273378243028, "lr": 0.5952697806732562}, "datetime": {"datetime": "2024-06-13 18:39:25", "elapsed": 3.639923, "delta": 0.003989}}
{"target": -830.9800497349207, "params": {"gamma": 4.6221188088168805, "lr": 0.5126497467571176}, "datetime": {"datetime": "2024-06-13 18:39:25", "elapsed": 3.643912, "delta": 0.003989}}
{"target": -960.365791031921, "params": {"gamma": 5.739281383396582, "lr": 0.4403192075855932}, "datetime": {"datetime": "2024-06-13 18:39:25", "elapsed": 3.647902, "delta": 0.00399}}
{"target": -659.8993734792468, "params": {"gamma": 1.936396018280381, "lr": 0.11396576145918635}, "datetime": {"datetime": "2024-06-13 18:39:25", "elapsed": 3.651891, "delta": 0.003989}}
{"target": -748.4399420209244, "params": {"gamma": 1.5131280457741099, "lr": 0.0524909638531339}, "datetime": {"datetime": "2024-06-13 18:39:25", "elapsed": 3.655881, "delta": 0.00399}}
{"target": -1567.5563881240173, "params": {"gamma": 5.587205434225252, "lr": 0.8477210140360106}, "datetime": {"datetime": "2024-06-13 18:39:25", "elapsed": 3.65987, "delta": 0.003989}}
{"target": -1722.2731766546456, "params": {"gamma": 3.5918342699021832, "lr": 0.07531087263581782}, "datetime": {"datetime": "2024-06-13 18:39:25", "elapsed": 3.663859, "delta": 0.003989}}
{"target": -801.519920030575, "params": {"gamma": 4.257818395439178, "lr": 0.6020078384720013}, "datetime": {"datetime": "2024-06-13 18:39:25", "elapsed": 3.667848, "delta": 0.003989}}
{"target": -1174.9486266344086, "params": {"gamma": 4.254609252290801, "lr": 0.81072123360737}, "datetime": {"datetime": "2024-06-13 18:39:25", "elapsed": 3.671839, "delta": 0.003991}}
{"target": -2748.1805381840536, "params": {"gamma": 9.418920575620866, "lr": 0.8699107732683544}, "datetime": {"datetime": "2024-06-13 18:39:25", "elapsed": 3.675827, "delta": 0.003988}}
{"target": -1091.9008607915916, "params": {"gamma": 7.040290983300606, "lr": 0.4702989247821753}, "datetime": {"datetime": "2024-06-13 18:39:25", "elapsed": 3.679817, "delta": 0.00399}}
{"target": -3245.4907337572995, "params": {"gamma": 6.827297730989611, "lr": 0.013418310556529534}, "datetime": {"datetime": "2024-06-13 18:39:25", "elapsed": 3.683806, "delta": 0.003989}}
{"target": -2050.3127689251846, "params": {"gamma": 9.824798706901937, "lr": 0.17207733182889595}, "datetime": {"datetime": "2024-06-13 18:39:25", "elapsed": 3.688793, "delta": 0.004987}}
{"target": -2479.2757865950434, "params": {"gamma": 9.062697699220857, "lr": 0.8071099016661061}, "datetime": {"datetime": "2024-06-13 18:39:25", "elapsed": 3.692782, "delta": 0.003989}}
{"target": -1250.2844641029556, "params": {"gamma": 8.00159670418549, "lr": 0.2689360577850649}, "datetime": {"datetime": "2024-06-13 18:39:25", "elapsed": 3.696772, "delta": 0.00399}}
{"target": -390.05491617087347, "params": {"gamma": 2.1923189037668234, "lr": 0.42880069291408873}, "datetime": {"datetime": "2024-06-13 18:39:25", "elapsed": 3.700761, "delta": 0.003989}}
{"target": -1282.9057214255704, "params": {"gamma": 8.493861636205818, "lr": 0.45037964247172024}, "datetime": {"datetime": "2024-06-13 18:39:25", "elapsed": 3.704751, "delta": 0.00399}}
{"target": -1335.3142908717164, "params": {"gamma": 9.354265719956611, "lr": 0.352679327251738}, "datetime": {"datetime": "2024-06-13 18:39:25", "elapsed": 3.709736, "delta": 0.004985}}
{"target": -1952.9627742501814, "params": {"gamma": 6.194302264801901, "lr": 0.9806990363557802}, "datetime": {"datetime": "2024-06-13 18:39:25", "elapsed": 3.713726, "delta": 0.00399}}
{"target": -3060.723442895934, "params": {"gamma": 6.434981759885809, "lr": 0.04549821604060378}, "datetime": {"datetime": "2024-06-13 18:39:25", "elapsed": 3.717715, "delta": 0.003989}}
{"target": -676.0146641189469, "params": {"gamma": 4.636107352426167, "lr": 0.3347513437136638}, "datetime": {"datetime": "2024-06-13 18:39:25", "elapsed": 3.721704, "delta": 0.003989}}
{"target": -843.4927085800834, "params": {"gamma": 5.322283303668225, "lr": 0.2847462086131314}, "datetime": {"datetime": "2024-06-13 18:39:25", "elapsed": 3.725694, "delta": 0.00399}}
{"target": -320.341377276239, "params": {"gamma": 1.223490041069798, "lr": 0.6682889887508018}, "datetime": {"datetime": "2024-06-13 18:39:25", "elapsed": 3.729683, "delta": 0.003989}}
{"target": -1992.9240674912508, "params": {"gamma": 6.8139161891581725, "lr": 0.8671392999990885}, "datetime": {"datetime": "2024-06-13 18:39:25", "elapsed": 3.733672, "delta": 0.003989}}
{"target": -369.4730021757438, "params": {"gamma": 1.3246825541338114, "lr": 0.798620308278031}, "datetime": {"datetime": "2024-06-13 18:39:25", "elapsed": 3.737662, "delta": 0.00399}}
{"target": -1617.363698136548, "params": {"gamma": 8.267860615312884, "lr": 0.6465499357511519}, "datetime": {"datetime": "2024-06-13 18:39:25", "elapsed": 3.741651, "delta": 0.003989}}
{"target": -355.72568602737294, "params": {"gamma": 2.0500165356605575, "lr": 0.2614207144058379}, "datetime": {"datetime": "2024-06-13 18:39:25", "elapsed": 3.745641, "delta": 0.00399}}
{"target": -755.3184099164948, "params": {"gamma": 4.185549678574218, "lr": 0.5417990727827313}, "datetime": {"datetime": "2024-06-13 18:39:25", "elapsed": 3.74963, "delta": 0.003989}}
{"target": -749.7331044367061, "params": {"gamma": 4.774902117966579, "lr": 0.4674598920453694}, "datetime": {"datetime": "2024-06-13 18:39:25", "elapsed": 3.754616, "delta": 0.004986}}
{"target": -2452.321126652679, "params": {"gamma": 8.398567261266477, "lr": 0.8701023653075677}, "datetime": {"datetime": "2024-06-13 18:39:25", "elapsed": 3.758606, "delta": 0.00399}}
{"target": -2386.7750231562313, "params": {"gamma": 8.16772288980329, "lr": 0.8778014186346996}, "datetime": {"datetime": "2024-06-13 18:39:25", "elapsed": 3.762596, "delta": 0.00399}}
{"target": -1801.6512869060978, "params": {"gamma": 5.710516610608794, "lr": 0.9640361333390818}, "datetime": {"datetime": "2024-06-13 18:39:25", "elapsed": 3.766584, "delta": 0.003988}}
{"target": -1129.4616352920527, "params": {"gamma": 6.065836938156427, "lr": 0.6039477410796814}, "datetime": {"datetime": "2024-06-13 18:39:25", "elapsed": 3.770574, "delta": 0.00399}}
{"target": -752.6896445707991, "params": {"gamma": 3.193658073009114, "lr": 0.681204184117019}, "datetime": {"datetime": "2024-06-13 18:39:25", "elapsed": 3.774563, "delta": 0.003989}}
{"target": -217.38453925349228, "params": {"gamma": 0.5206049193651046, "lr": 0.13454642101194225}, "datetime": {"datetime": "2024-06-13 18:39:25", "elapsed": 3.778553, "delta": 0.00399}}
{"target": -294.6548094360808, "params": {"gamma": 1.303291433560078, "lr": 0.6552012872247357}, "datetime": {"datetime": "2024-06-13 18:39:25", "elapsed": 3.782542, "delta": 0.003989}}
{"target": -286.29642085597686, "params": {"gamma": 1.7541505851216117, "lr": 0.3411468232515472}, "datetime": {"datetime": "2024-06-13 18:39:25", "elapsed": 3.787559, "delta": 0.005017}}
{"target": -154.7473069016275, "params": {"gamma": 0.44407224667521283, "lr": 0.2337343601165106}, "datetime": {"datetime": "2024-06-13 18:39:25", "elapsed": 3.791518, "delta": 0.003959}}
{"target": -1705.5431379283466, "params": {"gamma": 9.642279024168092, "lr": 0.5091394025163677}, "datetime": {"datetime": "2024-06-13 18:39:25", "elapsed": 3.795508, "delta": 0.00399}}
{"target": -304.02342826997403, "params": {"gamma": 1.5115941101958479, "lr": 0.5230085317344643}, "datetime": {"datetime": "2024-06-13 18:39:25", "elapsed": 3.800496, "delta": 0.004988}}
{"target": -2752.8866658587563, "params": {"gamma": 9.435150329726897, "lr": 0.865686014006334}, "datetime": {"datetime": "2024-06-13 18:39:25", "elapsed": 3.804483, "delta": 0.003987}}
{"target": -631.7754527975931, "params": {"gamma": 3.9212666234349385, "lr": 0.28386751597340265}, "datetime": {"datetime": "2024-06-13 18:39:25", "elapsed": 3.808472, "delta": 0.003989}}
{"target": -1001.8418101664827, "params": {"gamma": 7.617536897064726, "lr": 0.2404843248030878}, "datetime": {"datetime": "2024-06-13 18:39:25", "elapsed": 3.81346, "delta": 0.004988}}
{"target": -1238.967554541856, "params": {"gamma": 2.5430693142188665, "lr": 0.08408635417992949}, "datetime": {"datetime": "2024-06-13 18:39:25", "elapsed": 3.817449, "delta": 0.003989}}
{"target": -1304.7549357476805, "params": {"gamma": 8.641576803545505, "lr": 0.44789891562027984}, "datetime": {"datetime": "2024-06-13 18:39:25", "elapsed": 3.821438, "delta": 0.003989}}
{"target": -1326.615967868102, "params": {"gamma": 5.618300819839127, "lr": 0.7367109576935199}, "datetime": {"datetime": "2024-06-13 18:39:25", "elapsed": 3.825427, "delta": 0.003989}}
{"target": -1204.7027094139926, "params": {"gamma": 7.965092182444826, "lr": 0.44750813899031383}, "datetime": {"datetime": "2024-06-13 18:39:25", "elapsed": 3.830061, "delta": 0.004634}}
{"target": -530.9385145736113, "params": {"gamma": 1.8420914342018075, "lr": 0.8287328515283018}, "datetime": {"datetime": "2024-06-13 18:39:25", "elapsed": 3.834126, "delta": 0.004065}}
{"target": -177.32359695482407, "params": {"gamma": 0.3109486003227299, "lr": 0.9467282696079524}, "datetime": {"datetime": "2024-06-13 18:39:25", "elapsed": 3.838204, "delta": 0.004078}}
{"target": -1691.8534106967327, "params": {"gamma": 5.770201486928539, "lr": 0.875388738450687}, "datetime": {"datetime": "2024-06-13 18:39:25", "elapsed": 3.841722, "delta": 0.003518}}
{"target": -959.3405104931447, "params": {"gamma": 6.086045804298614, "lr": 0.2516595841523237}, "datetime": {"datetime": "2024-06-13 18:39:25", "elapsed": 3.846709, "delta": 0.004987}}
{"target": -544.7352093460498, "params": {"gamma": 2.962003105035548, "lr": 0.5329225590316532}, "datetime": {"datetime": "2024-06-13 18:39:25", "elapsed": 3.850698, "delta": 0.003989}}
{"target": -1897.5527132674324, "params": {"gamma": 9.620820050258088, "lr": 0.18449560449017766}, "datetime": {"datetime": "2024-06-13 18:39:25", "elapsed": 3.854687, "delta": 0.003989}}
{"target": -740.5108423568664, "params": {"gamma": 5.099473883052948, "lr": 0.3437881034368444}, "datetime": {"datetime": "2024-06-13 18:39:25", "elapsed": 3.858677, "delta": 0.00399}}
{"target": -2108.6695859627316, "params": {"gamma": 7.697483724226901, "lr": 0.802866486432424}, "datetime": {"datetime": "2024-06-13 18:39:25", "elapsed": 3.862667, "delta": 0.00399}}
{"target": -767.6787052218958, "params": {"gamma": 4.246174543111865, "lr": 0.20412249999433585}, "datetime": {"datetime": "2024-06-13 18:39:25", "elapsed": 3.866655, "delta": 0.003988}}
{"target": -200.06809855966634, "params": {"gamma": 0.6718275138282244, "lr": 0.1986482644205615}, "datetime": {"datetime": "2024-06-13 18:39:25", "elapsed": 3.870645, "delta": 0.00399}}
{"target": -499.9183897517211, "params": {"gamma": 2.7247361004436925, "lr": 0.5987889179092104}, "datetime": {"datetime": "2024-06-13 18:39:25", "elapsed": 3.874634, "delta": 0.003989}}
{"target": -2448.706434637785, "params": {"gamma": 8.730961889247082, "lr": 0.1282309388454863}, "datetime": {"datetime": "2024-06-13 18:39:25", "elapsed": 3.879173, "delta": 0.004539}}
{"target": -2197.3752765291424, "params": {"gamma": 9.581929228407246, "lr": 0.6831708438541465}, "datetime": {"datetime": "2024-06-13 18:39:25", "elapsed": 3.883162, "delta": 0.003989}}
{"target": -2336.419717288122, "params": {"gamma": 7.419900392548125, "lr": 0.9828807859209906}, "datetime": {"datetime": "2024-06-13 18:39:25", "elapsed": 3.887151, "delta": 0.003989}}
{"target": -751.1715545026647, "params": {"gamma": 4.161591625408803, "lr": 0.5315834658959018}, "datetime": {"datetime": "2024-06-13 18:39:25", "elapsed": 3.89114, "delta": 0.003989}}
{"target": -1208.5762620053638, "params": {"gamma": 6.792450289006991, "lr": 0.5128751425899913}, "datetime": {"datetime": "2024-06-13 18:39:25", "elapsed": 3.896127, "delta": 0.004987}}
{"target": -1164.760169806855, "params": {"gamma": 2.991824334263695, "lr": 0.10538467273003926}, "datetime": {"datetime": "2024-06-13 18:39:25", "elapsed": 3.900116, "delta": 0.003989}}
{"target": -717.523681857816, "params": {"gamma": 2.8500365250757254, "lr": 0.7688528482877579}, "datetime": {"datetime": "2024-06-13 18:39:25", "elapsed": 3.904106, "delta": 0.00399}}
{"target": -1758.746040038283, "params": {"gamma": 6.40818626181401, "lr": 0.8013307032031926}, "datetime": {"datetime": "2024-06-13 18:39:25", "elapsed": 3.908656, "delta": 0.00455}}
{"target": -692.9597027115166, "params": {"gamma": 5.171688199172296, "lr": 0.23210002184633505}, "datetime": {"datetime": "2024-06-13 18:39:25", "elapsed": 3.912647, "delta": 0.003991}}
{"target": -1047.1027687890141, "params": {"gamma": 6.279991307892046, "lr": 0.30400549002230315}, "datetime": {"datetime": "2024-06-13 18:39:25", "elapsed": 3.916635, "delta": 0.003988}}
{"target": -172.00723171021693, "params": {"gamma": 0.29625792067526757, "lr": 0.9033311768168756}, "datetime": {"datetime": "2024-06-13 18:39:25", "elapsed": 3.920624, "delta": 0.003989}}
{"target": -699.4885219047936, "params": {"gamma": 4.2042753184590484, "lr": 0.4261307804247122}, "datetime": {"datetime": "2024-06-13 18:39:25", "elapsed": 3.925227, "delta": 0.004603}}
{"target": -2334.1903786345188, "params": {"gamma": 7.412776101583259, "lr": 0.9484584043057936}, "datetime": {"datetime": "2024-06-13 18:39:25", "elapsed": 3.929216, "delta": 0.003989}}
{"target": -214.23068571705977, "params": {"gamma": 0.7260827649265881, "lr": 0.17270108813227492}, "datetime": {"datetime": "2024-06-13 18:39:25", "elapsed": 3.933205, "delta": 0.003989}}
{"target": -449.37648384428536, "params": {"gamma": 3.224252533837974, "lr": 0.248424246330199}, "datetime": {"datetime": "2024-06-13 18:39:25", "elapsed": 3.936704, "delta": 0.003499}}
{"target": -1372.6105163627287, "params": {"gamma": 4.9554543186305695, "lr": 0.8244596107976835}, "datetime": {"datetime": "2024-06-13 18:39:25", "elapsed": 3.94169, "delta": 0.004986}}
{"target": -1501.084444174451, "params": {"gamma": 8.539870177006817, "lr": 0.5958299420587015}, "datetime": {"datetime": "2024-06-13 18:39:25", "elapsed": 3.94568, "delta": 0.00399}}
{"target": -497.2052962356907, "params": {"gamma": 2.4024971645768356, "lr": 0.18649268827268528}, "datetime": {"datetime": "2024-06-13 18:39:25", "elapsed": 3.949669, "delta": 0.003989}}
{"target": -978.658046842113, "params": {"gamma": 7.434161733507989, "lr": 0.23721405764354764}, "datetime": {"datetime": "2024-06-13 18:39:25", "elapsed": 3.953658, "delta": 0.003989}}
{"target": -1275.0668855626814, "params": {"gamma": 5.395369418374571, "lr": 0.7492807871271918}, "datetime": {"datetime": "2024-06-13 18:39:25", "elapsed": 3.957648, "delta": 0.00399}}
{"target": -501.02882719837817, "params": {"gamma": 2.283262797049244, "lr": 0.17450118757274402}, "datetime": {"datetime": "2024-06-13 18:39:25", "elapsed": 3.961637, "delta": 0.003989}}
{"target": -184.99929099404054, "params": {"gamma": 0.39831713007193664, "lr": 0.14756883769994755}, "datetime": {"datetime": "2024-06-13 18:39:25", "elapsed": 3.966627, "delta": 0.00499}}
{"target": -3279.8927019642897, "params": {"gamma": 8.51453763056296, "lr": 0.10463591174495857}, "datetime": {"datetime": "2024-06-13 18:39:25", "elapsed": 3.970615, "delta": 0.003988}}
{"target": -1086.312476132918, "params": {"gamma": 2.2372268102276505, "lr": 0.03275719974597713}, "datetime": {"datetime": "2024-06-13 18:39:25", "elapsed": 3.974611, "delta": 0.003996}}
{"target": -893.9365316095733, "params": {"gamma": 6.763889997877335, "lr": 0.2317031414647196}, "datetime": {"datetime": "2024-06-13 18:39:25", "elapsed": 3.978597, "delta": 0.003986}}
{"target": -1172.568563950987, "params": {"gamma": 4.136503586299842, "lr": 0.13930117132372677}, "datetime": {"datetime": "2024-06-13 18:39:25", "elapsed": 3.983584, "delta": 0.004987}}
{"target": -630.9390645675119, "params": {"gamma": 3.772795658827454, "lr": 0.4244374662396153}, "datetime": {"datetime": "2024-06-13 18:39:25", "elapsed": 3.987576, "delta": 0.003992}}
{"target": -783.3189368673537, "params": {"gamma": 4.730176553648271, "lr": 0.4228418130386131}, "datetime": {"datetime": "2024-06-13 18:39:25", "elapsed": 3.991565, "delta": 0.003989}}
{"target": -294.0065556526046, "params": {"gamma": 1.028462882177769, "lr": 0.772580266631544}, "datetime": {"datetime": "2024-06-13 18:39:25", "elapsed": 3.995557, "delta": 0.003992}}
{"target": -264.4752846450461, "params": {"gamma": 1.3729228288956241, "lr": 0.424292374325812}, "datetime": {"datetime": "2024-06-13 18:39:25", "elapsed": 3.999546, "delta": 0.003989}}
{"target": -474.0280843439923, "params": {"gamma": 2.7202891684153423, "lr": 0.3010079430799063}, "datetime": {"datetime": "2024-06-13 18:39:25", "elapsed": 4.003535, "delta": 0.003989}}
{"target": -1196.7414439566533, "params": {"gamma": 6.72453530509174, "lr": 0.5177867238134145}, "datetime": {"datetime": "2024-06-13 18:39:25", "elapsed": 4.008522, "delta": 0.004987}}
{"target": -326.03368095695214, "params": {"gamma": 1.9016804177489257, "lr": 0.4691344398333771}, "datetime": {"datetime": "2024-06-13 18:39:25", "elapsed": 4.012512, "delta": 0.00399}}
{"target": -798.2396314114351, "params": {"gamma": 3.396069147094239, "lr": 0.7044971982481261}, "datetime": {"datetime": "2024-06-13 18:39:25", "elapsed": 4.017008, "delta": 0.004496}}
{"target": -652.805221211283, "params": {"gamma": 2.2617259291230574, "lr": 0.8449881373583452}, "datetime": {"datetime": "2024-06-13 18:39:25", "elapsed": 4.020997, "delta": 0.003989}}
{"target": -942.2577955509105, "params": {"gamma": 5.262770419251413, "lr": 0.5006195729230891}, "datetime": {"datetime": "2024-06-13 18:39:25", "elapsed": 4.024993, "delta": 0.003996}}
{"target": -522.6262885210418, "params": {"gamma": 2.537604383069914, "lr": 0.18615566973666398}, "datetime": {"datetime": "2024-06-13 18:39:25", "elapsed": 4.029976, "delta": 0.004983}}
{"target": -1491.6501024021645, "params": {"gamma": 4.7187188083132305, "lr": 0.9818244178252573}, "datetime": {"datetime": "2024-06-13 18:39:25", "elapsed": 4.033964, "delta": 0.003988}}
{"target": -257.23418848752334, "params": {"gamma": 1.3299294703806088, "lr": 0.28346243242805713}, "datetime": {"datetime": "2024-06-13 18:39:25", "elapsed": 4.038515, "delta": 0.004551}}
{"target": -1567.0962475904914, "params": {"gamma": 8.006611101660276, "lr": 0.6647768985107549}, "datetime": {"datetime": "2024-06-13 18:39:25", "elapsed": 4.042505, "delta": 0.00399}}
{"target": -484.7287069808847, "params": {"gamma": 2.788305328525677, "lr": 0.31464760677511183}, "datetime": {"datetime": "2024-06-13 18:39:25", "elapsed": 4.046495, "delta": 0.00399}}
{"target": -791.074369405388, "params": {"gamma": 4.200062595764889, "lr": 0.6027867622422961}, "datetime": {"datetime": "2024-06-13 18:39:25", "elapsed": 4.050483, "delta": 0.003988}}
{"target": -2103.0007228354625, "params": {"gamma": 7.193668333443535, "lr": 0.8573003334512307}, "datetime": {"datetime": "2024-06-13 18:39:25", "elapsed": 4.054472, "delta": 0.003989}}
{"target": -899.9447077635901, "params": {"gamma": 6.811433593113639, "lr": 0.23698206447169834}, "datetime": {"datetime": "2024-06-13 18:39:25", "elapsed": 4.058794, "delta": 0.004322}}
{"target": -2354.845448848107, "params": {"gamma": 9.257279632827263, "lr": 0.7811954006757661}, "datetime": {"datetime": "2024-06-13 18:39:25", "elapsed": 4.062787, "delta": 0.003993}}
