{"target": -131.48100381653666, "params": {"gamma": 1.6165788245210426, "prior": 6.524924004221608, "rate": 7.53350473313803}, "datetime": {"datetime": "2024-06-14 08:53:16", "elapsed": 6.394757, "delta": 0.008976}}
{"target": -146.71002440475502, "params": {"gamma": 2.8026461610955637, "prior": 4.5684824262007755, "rate": 9.004588674948266}, "datetime": {"datetime": "2024-06-14 08:53:16", "elapsed": 6.403734, "delta": 0.008977}}
{"target": -393.1799787023815, "params": {"gamma": 8.719984326277993, "prior": 7.1011573368634044, "rate": 5.909415094304578}, "datetime": {"datetime": "2024-06-14 08:53:16", "elapsed": 6.412709, "delta": 0.008975}}
{"target": -743.2034207934009, "params": {"gamma": 8.174005321700859, "prior": 9.085681996388406, "rate": 0.026073089119563617}, "datetime": {"datetime": "2024-06-14 08:53:16", "elapsed": 6.422191, "delta": 0.009482}}
{"target": -185.51900450345545, "params": {"gamma": 3.972880434571384, "prior": 5.657955868812967, "rate": 7.339497439712482}, "datetime": {"datetime": "2024-06-14 08:53:16", "elapsed": 6.431167, "delta": 0.008976}}
{"target": -131.82707830866872, "params": {"gamma": 0.8756401490882502, "prior": 4.057574378040559, "rate": 2.796932173319039}, "datetime": {"datetime": "2024-06-14 08:53:16", "elapsed": 6.44114, "delta": 0.009973}}
{"target": -192.30356041969745, "params": {"gamma": 4.235677020998725, "prior": 5.029988463465554, "rate": 6.600492220036985}, "datetime": {"datetime": "2024-06-14 08:53:16", "elapsed": 6.451114, "delta": 0.009974}}
{"target": -234.84241127688165, "params": {"gamma": 4.962865153563822, "prior": 6.242635185991386, "rate": 5.824816179030337}, "datetime": {"datetime": "2024-06-14 08:53:16", "elapsed": 6.46009, "delta": 0.008976}}
{"target": -179.34215754668372, "params": {"gamma": 4.2838956479905255, "prior": 0.1492660106415274, "rate": 1.9459696221821587}, "datetime": {"datetime": "2024-06-14 08:53:16", "elapsed": 6.47004, "delta": 0.00995}}
{"target": -149.8710783727784, "params": {"gamma": 3.2027463362086017, "prior": 1.55508344596382, "rate": 5.987040152182751}, "datetime": {"datetime": "2024-06-14 08:53:16", "elapsed": 6.479016, "delta": 0.008976}}
{"target": -317.3494129228451, "params": {"gamma": 6.115383267119364, "prior": 5.050923270009602, "rate": 3.2091681671070447}, "datetime": {"datetime": "2024-06-14 08:53:16", "elapsed": 6.488989, "delta": 0.009973}}
{"target": -564.4794026264824, "params": {"gamma": 6.53292726219252, "prior": 1.983806478522533, "rate": 0.05980393346483768}, "datetime": {"datetime": "2024-06-14 08:53:16", "elapsed": 6.498962, "delta": 0.009973}}
{"target": -269.9412007210665, "params": {"gamma": 7.3496852448209316, "prior": 4.490688034848957, "rate": 6.978718718842435}, "datetime": {"datetime": "2024-06-14 08:53:16", "elapsed": 6.507938, "delta": 0.008976}}
{"target": -124.63582770803593, "params": {"gamma": 1.851248453020123, "prior": 0.7199360396407632, "rate": 3.78170775924343}, "datetime": {"datetime": "2024-06-14 08:53:16", "elapsed": 6.516914, "delta": 0.008976}}
{"target": -251.38964264710052, "params": {"gamma": 6.960269107944495, "prior": 1.1179018377977268, "rate": 1.959146502516249}, "datetime": {"datetime": "2024-06-14 08:53:16", "elapsed": 6.526318, "delta": 0.009404}}
{"target": -205.3142097124397, "params": {"gamma": 4.540072551414793, "prior": 6.249376977967096, "rate": 7.501492356441782}, "datetime": {"datetime": "2024-06-14 08:53:16", "elapsed": 6.535294, "delta": 0.008976}}
{"target": -135.29556165749014, "params": {"gamma": 1.0982404778352803, "prior": 6.283773710840847, "rate": 3.8742178609226636}, "datetime": {"datetime": "2024-06-14 08:53:16", "elapsed": 6.545267, "delta": 0.009973}}
{"target": -231.20039901463582, "params": {"gamma": 6.701233597109323, "prior": 2.115247738852826, "rate": 5.2796600565097815}, "datetime": {"datetime": "2024-06-14 08:53:16", "elapsed": 6.554243, "delta": 0.008976}}
{"target": -123.94243275350685, "params": {"gamma": 1.722453387004371, "prior": 0.2849419593641159, "rate": 4.870015513993148}, "datetime": {"datetime": "2024-06-14 08:53:16", "elapsed": 6.564217, "delta": 0.009974}}
{"target": -142.28277986335388, "params": {"gamma": 1.8425935878323698, "prior": 6.4195989670335365, "rate": 5.366211618584989}, "datetime": {"datetime": "2024-06-14 08:53:16", "elapsed": 6.573193, "delta": 0.008976}}
{"target": -256.56860654839807, "params": {"gamma": 7.74967885459746, "prior": 3.990303036078612, "rate": 9.894531856231692}, "datetime": {"datetime": "2024-06-14 08:53:16", "elapsed": 6.583166, "delta": 0.009973}}
{"target": -209.79729286114502, "params": {"gamma": 5.152631746924576, "prior": 4.84035167173617, "rate": 7.494675265050945}, "datetime": {"datetime": "2024-06-14 08:53:16", "elapsed": 6.592143, "delta": 0.008977}}
{"target": -234.4954758342722, "params": {"gamma": 5.727310244630862, "prior": 3.6884066412702516, "rate": 4.892958609815962}, "datetime": {"datetime": "2024-06-14 08:53:16", "elapsed": 6.602145, "delta": 0.010002}}
{"target": -213.3639285735698, "params": {"gamma": 1.8921946110135588, "prior": 3.9964758015389337, "rate": 0.30058756348796134}, "datetime": {"datetime": "2024-06-14 08:53:16", "elapsed": 6.612089, "delta": 0.009944}}
{"target": -189.39380279352793, "params": {"gamma": 4.625828074361687, "prior": 2.8172937167553513, "rate": 5.267631887725799}, "datetime": {"datetime": "2024-06-14 08:53:16", "elapsed": 6.620573, "delta": 0.008484}}
{"target": -140.32461989155874, "params": {"gamma": 0.2936919419097222, "prior": 5.595358988569528, "rate": 2.9306858383999437}, "datetime": {"datetime": "2024-06-14 08:53:16", "elapsed": 6.630546, "delta": 0.009973}}
{"target": -308.1971514833892, "params": {"gamma": 5.775329319454461, "prior": 7.35442154728753, "rate": 4.403937930137581}, "datetime": {"datetime": "2024-06-14 08:53:16", "elapsed": 6.64052, "delta": 0.009974}}
{"target": -226.1155704233764, "params": {"gamma": 6.6319050719967745, "prior": 2.4652085532150996, "rate": 9.985992286776213}, "datetime": {"datetime": "2024-06-14 08:53:16", "elapsed": 6.650493, "delta": 0.009973}}
{"target": -205.48430829681192, "params": {"gamma": 2.4295423376760557, "prior": 9.414201302377094, "rate": 2.1729802841597885}, "datetime": {"datetime": "2024-06-14 08:53:16", "elapsed": 6.659469, "delta": 0.008976}}
{"target": -240.52015927712563, "params": {"gamma": 4.97614628166607, "prior": 8.229651952438084, "rate": 7.166163879900548}, "datetime": {"datetime": "2024-06-14 08:53:16", "elapsed": 6.669442, "delta": 0.009973}}
{"target": -256.07810484690356, "params": {"gamma": 7.05609854079457, "prior": 4.460361543759608, "rate": 7.541996079526139}, "datetime": {"datetime": "2024-06-14 08:53:16", "elapsed": 6.678419, "delta": 0.008977}}
{"target": -356.45766434411746, "params": {"gamma": 9.199615816571573, "prior": 4.469382278626795, "rate": 5.2801268760628535}, "datetime": {"datetime": "2024-06-14 08:53:16", "elapsed": 6.688392, "delta": 0.009973}}
{"target": -125.8799579781194, "params": {"gamma": 0.6612898045823568, "prior": 3.968653429339858, "rate": 4.672918424766126}, "datetime": {"datetime": "2024-06-14 08:53:16", "elapsed": 6.697368, "delta": 0.008976}}
{"target": -289.7937642956689, "params": {"gamma": 8.951481970324929, "prior": 1.1945186585288683, "rate": 7.311644894386467}, "datetime": {"datetime": "2024-06-14 08:53:16", "elapsed": 6.707342, "delta": 0.009974}}
{"target": -466.0820525505295, "params": {"gamma": 5.455166214318647, "prior": 6.10470076211378, "rate": 0.2987996583514733}, "datetime": {"datetime": "2024-06-14 08:53:16", "elapsed": 6.716317, "delta": 0.008975}}
{"target": -213.52172046697805, "params": {"gamma": 1.4683270502280348, "prior": 2.911433932115233, "rate": 0.04971560748810713}, "datetime": {"datetime": "2024-06-14 08:53:16", "elapsed": 6.726797, "delta": 0.01048}}
{"target": -345.34907516413966, "params": {"gamma": 6.6919088201735715, "prior": 8.715553694333723, "rate": 5.470136124403138}, "datetime": {"datetime": "2024-06-14 08:53:16", "elapsed": 6.73677, "delta": 0.009973}}
{"target": -312.5403425371393, "params": {"gamma": 5.432097311144519, "prior": 6.195686693269069, "rate": 3.022512822657626}, "datetime": {"datetime": "2024-06-14 08:53:16", "elapsed": 6.745745, "delta": 0.008975}}
{"target": -174.66101878107693, "params": {"gamma": 3.6679530846277557, "prior": 5.7919033000498885, "rate": 8.092356620589728}, "datetime": {"datetime": "2024-06-14 08:53:16", "elapsed": 6.754722, "delta": 0.008977}}
{"target": -130.20989772233486, "params": {"gamma": 2.016764747447303, "prior": 3.3424881528980626, "rate": 7.429469582646582}, "datetime": {"datetime": "2024-06-14 08:53:16", "elapsed": 6.764695, "delta": 0.009973}}
{"target": -155.6291803082987, "params": {"gamma": 3.4098615710742886, "prior": 0.5713481941948949, "rate": 1.5644129298338398}, "datetime": {"datetime": "2024-06-14 08:53:16", "elapsed": 6.77467, "delta": 0.009975}}
{"target": -135.8515141188045, "params": {"gamma": 1.9394547317358086, "prior": 5.001612389355664, "rate": 6.351614485952291}, "datetime": {"datetime": "2024-06-14 08:53:16", "elapsed": 6.784642, "delta": 0.009972}}
{"target": -547.9035572887184, "params": {"gamma": 8.802319552208612, "prior": 9.035111908580227, "rate": 3.072300524082465}, "datetime": {"datetime": "2024-06-14 08:53:16", "elapsed": 6.793618, "delta": 0.008976}}
{"target": -293.023939956467, "params": {"gamma": 7.534047351182733, "prior": 2.896037502533829, "rate": 3.686400120782994}, "datetime": {"datetime": "2024-06-14 08:53:17", "elapsed": 6.803591, "delta": 0.009973}}
{"target": -193.3714838662191, "params": {"gamma": 2.927972894369209, "prior": 4.195538288371103, "rate": 2.147942240988137}, "datetime": {"datetime": "2024-06-14 08:53:17", "elapsed": 6.812567, "delta": 0.008976}}
{"target": -150.7394977304766, "params": {"gamma": 3.1905410786954205, "prior": 1.3070061575118679, "rate": 9.63021937771575}, "datetime": {"datetime": "2024-06-14 08:53:17", "elapsed": 6.823109, "delta": 0.010542}}
{"target": -248.87987785243024, "params": {"gamma": 5.04032611097843, "prior": 9.238696757627771, "rate": 7.461855247593438}, "datetime": {"datetime": "2024-06-14 08:53:17", "elapsed": 6.832083, "delta": 0.008974}}
{"target": -229.47518446486552, "params": {"gamma": 4.577595171516512, "prior": 7.570760030550504, "rate": 6.280602762990652}, "datetime": {"datetime": "2024-06-14 08:53:17", "elapsed": 6.842057, "delta": 0.009974}}
{"target": -159.5908793584964, "params": {"gamma": 3.0382805830845347, "prior": 5.264427202791391, "rate": 7.123409644278645}, "datetime": {"datetime": "2024-06-14 08:53:17", "elapsed": 6.85203, "delta": 0.009973}}
{"target": -149.8465395659176, "params": {"gamma": 3.0538300009516193, "prior": 0.22397608517608533, "rate": 2.6833600285302275}, "datetime": {"datetime": "2024-06-14 08:53:17", "elapsed": 6.861007, "delta": 0.008977}}
{"target": -394.7633257574945, "params": {"gamma": 7.967658010425252, "prior": 9.306931580738663, "rate": 6.2536862178776484}, "datetime": {"datetime": "2024-06-14 08:53:17", "elapsed": 6.869982, "delta": 0.008975}}
{"target": -136.15318589545248, "params": {"gamma": 1.3289420383195298, "prior": 7.59994655654947, "rate": 5.269526555127393}, "datetime": {"datetime": "2024-06-14 08:53:17", "elapsed": 6.879955, "delta": 0.009973}}
{"target": -308.88683024599953, "params": {"gamma": 7.538936847140509, "prior": 8.600255860393125, "rate": 9.475467969467141}, "datetime": {"datetime": "2024-06-14 08:53:17", "elapsed": 6.888932, "delta": 0.008977}}
{"target": -300.0709911708851, "params": {"gamma": 6.545720808693693, "prior": 8.557156277442202, "rate": 7.426137988907772}, "datetime": {"datetime": "2024-06-14 08:53:17", "elapsed": 6.897908, "delta": 0.008976}}
{"target": -302.6765896126865, "params": {"gamma": 7.271284782848366, "prior": 8.60202848704295, "rate": 9.2301074044959}, "datetime": {"datetime": "2024-06-14 08:53:17", "elapsed": 6.907881, "delta": 0.009973}}
{"target": -628.008980854235, "params": {"gamma": 9.020857939246921, "prior": 4.017927589495288, "rate": 0.8411287767074533}, "datetime": {"datetime": "2024-06-14 08:53:17", "elapsed": 6.916856, "delta": 0.008975}}
{"target": -348.6957376444622, "params": {"gamma": 8.295907610863033, "prior": 5.43542237774558, "rate": 5.421219471236491}, "datetime": {"datetime": "2024-06-14 08:53:17", "elapsed": 6.925834, "delta": 0.008978}}
{"target": -297.3930050301155, "params": {"gamma": 8.25192813033363, "prior": 0.4166434253201614, "rate": 8.779726226832842}, "datetime": {"datetime": "2024-06-14 08:53:17", "elapsed": 6.935835, "delta": 0.010001}}
{"target": -135.22421030159603, "params": {"gamma": 0.34730537937586553, "prior": 6.9626261279460415, "rate": 5.875257309024742}, "datetime": {"datetime": "2024-06-14 08:53:17", "elapsed": 6.944782, "delta": 0.008947}}
{"target": -315.60676061768623, "params": {"gamma": 6.417850059155134, "prior": 3.803393858608736, "rate": 2.755344804474391}, "datetime": {"datetime": "2024-06-14 08:53:17", "elapsed": 6.953758, "delta": 0.008976}}
{"target": -271.4019927246556, "params": {"gamma": 5.094576405806185, "prior": 8.869648859782243, "rate": 5.653331413985319}, "datetime": {"datetime": "2024-06-14 08:53:17", "elapsed": 6.963731, "delta": 0.009973}}
{"target": -233.3750262307005, "params": {"gamma": 6.631825765751704, "prior": 4.469654386439658, "rate": 9.7214187321274}, "datetime": {"datetime": "2024-06-14 08:53:17", "elapsed": 6.972707, "delta": 0.008976}}
{"target": -261.8318037608076, "params": {"gamma": 7.425482001064747, "prior": 3.613534857422657, "rate": 6.5356567956039315}, "datetime": {"datetime": "2024-06-14 08:53:17", "elapsed": 6.982681, "delta": 0.009974}}
{"target": -354.841269305594, "params": {"gamma": 5.426621502305332, "prior": 8.852156502548992, "rate": 2.7512654566030514}, "datetime": {"datetime": "2024-06-14 08:53:17", "elapsed": 6.991657, "delta": 0.008976}}
{"target": -119.72232456347517, "params": {"gamma": 1.0815667842382009, "prior": 1.9935933122375844, "rate": 3.8710752798182537}, "datetime": {"datetime": "2024-06-14 08:53:17", "elapsed": 7.00163, "delta": 0.009973}}
{"target": -279.2635204544261, "params": {"gamma": 8.54074388954821, "prior": 2.7813646469755744, "rate": 6.263961673283628}, "datetime": {"datetime": "2024-06-14 08:53:17", "elapsed": 7.010606, "delta": 0.008976}}
{"target": -479.7766809131859, "params": {"gamma": 6.235894458654538, "prior": 4.139666639944494, "rate": 0.504300961464858}, "datetime": {"datetime": "2024-06-14 08:53:17", "elapsed": 7.020579, "delta": 0.009973}}
{"target": -287.06601574819155, "params": {"gamma": 7.448593896451896, "prior": 3.027682790796424, "rate": 3.9851835072938524}, "datetime": {"datetime": "2024-06-14 08:53:17", "elapsed": 7.029555, "delta": 0.008976}}
{"target": -307.1750511861898, "params": {"gamma": 3.7730184357375642, "prior": 6.669666053543827, "rate": 0.8642465348648255}, "datetime": {"datetime": "2024-06-14 08:53:17", "elapsed": 7.038535, "delta": 0.00898}}
{"target": -222.72982191018158, "params": {"gamma": 5.49934931479934, "prior": 0.25267604119823284, "rate": 9.830406796410628}, "datetime": {"datetime": "2024-06-14 08:53:17", "elapsed": 7.048505, "delta": 0.00997}}
{"target": -368.75922041556237, "params": {"gamma": 5.984673796657761, "prior": 3.902730857162644, "rate": 1.4683325593440997}, "datetime": {"datetime": "2024-06-14 08:53:17", "elapsed": 7.058386, "delta": 0.009881}}
{"target": -433.70808716919817, "params": {"gamma": 6.9690863860416155, "prior": 9.067503325394869, "rate": 3.1817694146938234}, "datetime": {"datetime": "2024-06-14 08:53:17", "elapsed": 7.067932, "delta": 0.009546}}
{"target": -250.5132263743251, "params": {"gamma": 7.665154954417642, "prior": 2.946231210207758, "rate": 9.57229619840156}, "datetime": {"datetime": "2024-06-14 08:53:17", "elapsed": 7.076908, "delta": 0.008976}}
{"target": -264.35792196264623, "params": {"gamma": 7.023455232193281, "prior": 6.287654372613879, "rate": 9.307416596768327}, "datetime": {"datetime": "2024-06-14 08:53:17", "elapsed": 7.086881, "delta": 0.009973}}
{"target": -169.7492684174998, "params": {"gamma": 2.6911548301319335, "prior": 9.243795888773532, "rate": 6.781151258305702}, "datetime": {"datetime": "2024-06-14 08:53:17", "elapsed": 7.095858, "delta": 0.008977}}
{"target": -286.2170748587245, "params": {"gamma": 7.713853709507418, "prior": 5.759189830706018, "rate": 8.339212870314833}, "datetime": {"datetime": "2024-06-14 08:53:17", "elapsed": 7.105831, "delta": 0.009973}}
{"target": -234.34805966182623, "params": {"gamma": 6.983119711119335, "prior": 1.551426147591399, "rate": 6.1249988251521215}, "datetime": {"datetime": "2024-06-14 08:53:17", "elapsed": 7.115804, "delta": 0.009973}}
{"target": -226.40390503008015, "params": {"gamma": 2.793924035827702, "prior": 9.167199358366272, "rate": 1.9831246698113274}, "datetime": {"datetime": "2024-06-14 08:53:17", "elapsed": 7.12478, "delta": 0.008976}}
{"target": -143.99187746268134, "params": {"gamma": 2.857879237217657, "prior": 0.5717815791998215, "rate": 4.476343861362332}, "datetime": {"datetime": "2024-06-14 08:53:17", "elapsed": 7.134753, "delta": 0.009973}}
{"target": -220.56344381692873, "params": {"gamma": 5.576320563895948, "prior": 5.778254717513243, "rate": 9.053868422216771}, "datetime": {"datetime": "2024-06-14 08:53:17", "elapsed": 7.143729, "delta": 0.008976}}
{"target": -162.22422361513955, "params": {"gamma": 3.47479191407325, "prior": 4.5305309579534265, "rate": 8.512525387352474}, "datetime": {"datetime": "2024-06-14 08:53:17", "elapsed": 7.153703, "delta": 0.009974}}
{"target": -344.44187287497715, "params": {"gamma": 5.768716203017017, "prior": 6.574530055289563, "rate": 2.784314944612766}, "datetime": {"datetime": "2024-06-14 08:53:17", "elapsed": 7.164154, "delta": 0.010451}}
{"target": -350.23586975153404, "params": {"gamma": 4.875225544956866, "prior": 6.247428637046675, "rate": 1.3348069074222546}, "datetime": {"datetime": "2024-06-14 08:53:17", "elapsed": 7.173117, "delta": 0.008963}}
{"target": -127.45984839947735, "params": {"gamma": 0.3300542572087522, "prior": 1.222768911195179, "rate": 4.775133302320191}, "datetime": {"datetime": "2024-06-14 08:53:17", "elapsed": 7.18309, "delta": 0.009973}}
{"target": -149.14077897958387, "params": {"gamma": 0.24124331957345432, "prior": 6.299468398458495, "rate": 0.9767285971428687}, "datetime": {"datetime": "2024-06-14 08:53:17", "elapsed": 7.192066, "delta": 0.008976}}
{"target": -203.41412465877113, "params": {"gamma": 2.5103644156247413, "prior": 4.322280163976562, "rate": 1.159151640315784}, "datetime": {"datetime": "2024-06-14 08:53:17", "elapsed": 7.202039, "delta": 0.009973}}
{"target": -145.8885287048154, "params": {"gamma": 2.706249385980867, "prior": 0.3086887610715615, "rate": 9.850470490551084}, "datetime": {"datetime": "2024-06-14 08:53:17", "elapsed": 7.21057, "delta": 0.008531}}
{"target": -500.8880134897319, "params": {"gamma": 6.116124507605985, "prior": 3.8457030044689664, "rate": 0.2662569827533811}, "datetime": {"datetime": "2024-06-14 08:53:17", "elapsed": 7.220543, "delta": 0.009973}}
{"target": -170.29598477995833, "params": {"gamma": 3.8989976450014674, "prior": 4.580330401225699, "rate": 9.310100934451263}, "datetime": {"datetime": "2024-06-14 08:53:17", "elapsed": 7.229519, "delta": 0.008976}}
{"target": -159.5997509447233, "params": {"gamma": 2.7857632142087283, "prior": 6.186340721724661, "rate": 6.6520183774673525}, "datetime": {"datetime": "2024-06-14 08:53:17", "elapsed": 7.238495, "delta": 0.008976}}
{"target": -131.4344782933517, "params": {"gamma": 1.8604237369935928, "prior": 5.107057154965675, "rate": 7.86522112783649}, "datetime": {"datetime": "2024-06-14 08:53:17", "elapsed": 7.247471, "delta": 0.008976}}
{"target": -179.26781431496633, "params": {"gamma": 0.966693765249707, "prior": 6.099749451872725, "rate": 0.261573266951244}, "datetime": {"datetime": "2024-06-14 08:53:17", "elapsed": 7.25754, "delta": 0.010069}}
{"target": -142.67090032969134, "params": {"gamma": 0.07146019137694642, "prior": 0.6893332106867064, "rate": 4.814523191031215}, "datetime": {"datetime": "2024-06-14 08:53:17", "elapsed": 7.266516, "delta": 0.008976}}
{"target": -660.0172533683569, "params": {"gamma": 9.257115382793618, "prior": 4.1150181029763395, "rate": 0.7512513607260716}, "datetime": {"datetime": "2024-06-14 08:53:17", "elapsed": 7.275492, "delta": 0.008976}}
{"target": -441.50632974326476, "params": {"gamma": 8.613663392355804, "prior": 5.241046096157358, "rate": 3.1900397533053235}, "datetime": {"datetime": "2024-06-14 08:53:17", "elapsed": 7.285466, "delta": 0.009974}}
{"target": -630.7150127167865, "params": {"gamma": 9.630360355507971, "prior": 9.388791508173545, "rate": 2.6009297005949668}, "datetime": {"datetime": "2024-06-14 08:53:17", "elapsed": 7.294441, "delta": 0.008975}}
{"target": -135.48417795762865, "params": {"gamma": 2.014717145283489, "prior": 5.930196162730165, "rate": 8.425339580205748}, "datetime": {"datetime": "2024-06-14 08:53:17", "elapsed": 7.303418, "delta": 0.008977}}
{"target": -245.5881253702933, "params": {"gamma": 3.3678741763608038, "prior": 5.90565127249619, "rate": 1.623287749788599}, "datetime": {"datetime": "2024-06-14 08:53:17", "elapsed": 7.312394, "delta": 0.008976}}
{"target": -189.01128660799316, "params": {"gamma": 1.94674275864618, "prior": 7.637218638321746, "rate": 1.5018345150591474}, "datetime": {"datetime": "2024-06-14 08:53:17", "elapsed": 7.322367, "delta": 0.009973}}
{"target": -286.2282119049611, "params": {"gamma": 2.659804503437227, "prior": 6.925999145458927, "rate": 0.15187798702215813}, "datetime": {"datetime": "2024-06-14 08:53:17", "elapsed": 7.331344, "delta": 0.008977}}
{"target": -133.73507793563883, "params": {"gamma": 0.3229118442818368, "prior": 2.946506806237884, "rate": 3.366895181942479}, "datetime": {"datetime": "2024-06-14 08:53:17", "elapsed": 7.341318, "delta": 0.009974}}
