{"target": -358.9672360789957, "params": {"gamma": 5.618566827974954, "prior": 4.710139830525047, "rate": 1.5828405185913081}, "datetime": {"datetime": "2024-06-14 08:53:23", "elapsed": 13.268619, "delta": 0.009973}}
{"target": -127.99130978501356, "params": {"gamma": 0.46548205758633604, "prior": 4.691938262951814, "rate": 6.54336650017196}, "datetime": {"datetime": "2024-06-14 08:53:23", "elapsed": 13.278593, "delta": 0.009974}}
{"target": -140.36525805647145, "params": {"gamma": 2.1262506191650012, "prior": 4.059501088269441, "rate": 4.976881207213625}, "datetime": {"datetime": "2024-06-14 08:53:23", "elapsed": 13.288567, "delta": 0.009974}}
{"target": -395.870677164876, "params": {"gamma": 9.549084662565308, "prior": 8.786706772952215, "rate": 8.740622431637016}, "datetime": {"datetime": "2024-06-14 08:53:23", "elapsed": 13.29854, "delta": 0.009973}}
{"target": -660.8887941416622, "params": {"gamma": 9.966008787860254, "prior": 7.7571875030905035, "rate": 2.031395720720704}, "datetime": {"datetime": "2024-06-14 08:53:23", "elapsed": 13.308513, "delta": 0.009973}}
{"target": -271.92244870017777, "params": {"gamma": 8.399033519310658, "prior": 1.7458576605066427, "rate": 8.890981709818412}, "datetime": {"datetime": "2024-06-14 08:53:23", "elapsed": 13.318487, "delta": 0.009974}}
{"target": -158.63515663395182, "params": {"gamma": 3.3864593795504314, "prior": 2.950652172676902, "rate": 6.06262377611874}, "datetime": {"datetime": "2024-06-14 08:53:23", "elapsed": 13.327462, "delta": 0.008975}}
{"target": -139.28561005584976, "params": {"gamma": 0.6070548531937172, "prior": 9.080172928574301, "rate": 3.8113259129552914}, "datetime": {"datetime": "2024-06-14 08:53:23", "elapsed": 13.337942, "delta": 0.01048}}
{"target": -335.50634989153224, "params": {"gamma": 7.900041725850161, "prior": 7.134419608014303, "rate": 7.0417771519431795}, "datetime": {"datetime": "2024-06-14 08:53:23", "elapsed": 13.347944, "delta": 0.010002}}
{"target": -221.0204482818699, "params": {"gamma": 5.326729042736205, "prior": 4.720087553406988, "rate": 6.454333923418758}, "datetime": {"datetime": "2024-06-14 08:53:23", "elapsed": 13.356891, "delta": 0.008947}}
{"target": -233.04596620895242, "params": {"gamma": 6.916080494254339, "prior": 2.434600133254994, "rate": 7.538328274742676}, "datetime": {"datetime": "2024-06-14 08:53:23", "elapsed": 13.366864, "delta": 0.009973}}
{"target": -407.1909301312628, "params": {"gamma": 9.366235064689338, "prior": 8.169466711621713, "rate": 7.306366078682459}, "datetime": {"datetime": "2024-06-14 08:53:23", "elapsed": 13.376837, "delta": 0.009973}}
{"target": -281.7258122703352, "params": {"gamma": 8.217287677383837, "prior": 0.1688536836406846, "rate": 1.7490656420010366}, "datetime": {"datetime": "2024-06-14 08:53:23", "elapsed": 13.386811, "delta": 0.009974}}
{"target": -169.8452809112116, "params": {"gamma": 3.4204500359621868, "prior": 7.36182952566306, "rate": 9.783754518567227}, "datetime": {"datetime": "2024-06-14 08:53:23", "elapsed": 13.395787, "delta": 0.008976}}
{"target": -256.5285480058658, "params": {"gamma": 7.329045588922614, "prior": 4.842030034998996, "rate": 9.210597067436987}, "datetime": {"datetime": "2024-06-14 08:53:23", "elapsed": 13.406758, "delta": 0.010971}}
{"target": -390.8428792250949, "params": {"gamma": 3.7776137015044906, "prior": 6.452737261640754, "rate": 0.01604319738412774}, "datetime": {"datetime": "2024-06-14 08:53:23", "elapsed": 13.41673, "delta": 0.009972}}
{"target": -132.92894907509688, "params": {"gamma": 1.794416084834932, "prior": 3.0189038120395777, "rate": 3.8705109944468274}, "datetime": {"datetime": "2024-06-14 08:53:23", "elapsed": 13.425706, "delta": 0.008976}}
{"target": -297.4195111861797, "params": {"gamma": 4.598745249224747, "prior": 7.987515713645756, "rate": 2.7991759941470526}, "datetime": {"datetime": "2024-06-14 08:53:23", "elapsed": 13.43568, "delta": 0.009974}}
{"target": -120.18168474015391, "params": {"gamma": 0.8275331899589359, "prior": 5.261564230524021, "rate": 9.81153872947284}, "datetime": {"datetime": "2024-06-14 08:53:23", "elapsed": 13.445654, "delta": 0.009974}}
{"target": -167.71751799432738, "params": {"gamma": 4.00818395641571, "prior": 2.6461917102343175, "rate": 7.763638646345232}, "datetime": {"datetime": "2024-06-14 08:53:23", "elapsed": 13.456629, "delta": 0.010975}}
{"target": -246.7511501302216, "params": {"gamma": 6.156219784190765, "prior": 0.17472852864200794, "rate": 9.862064844626225}, "datetime": {"datetime": "2024-06-14 08:53:23", "elapsed": 13.466597, "delta": 0.009968}}
{"target": -192.08828506072393, "params": {"gamma": 4.889696405678729, "prior": 3.109816521594326, "rate": 6.651105432765965}, "datetime": {"datetime": "2024-06-14 08:53:23", "elapsed": 13.47657, "delta": 0.009973}}
{"target": -154.47050052870748, "params": {"gamma": 2.8563222513640976, "prior": 4.689084919733314, "rate": 6.518558892191261}, "datetime": {"datetime": "2024-06-14 08:53:23", "elapsed": 13.486544, "delta": 0.009974}}
{"target": -122.55297743259192, "params": {"gamma": 1.2196983897335782, "prior": 4.725508951667924, "rate": 7.35232222858189}, "datetime": {"datetime": "2024-06-14 08:53:23", "elapsed": 13.496518, "delta": 0.009974}}
{"target": -344.6669325427493, "params": {"gamma": 9.605219885684939, "prior": 0.3117559709580553, "rate": 8.324959625901556}, "datetime": {"datetime": "2024-06-14 08:53:23", "elapsed": 13.507488, "delta": 0.01097}}
{"target": -397.5063231241623, "params": {"gamma": 9.391521053346748, "prior": 9.859596421590911, "rate": 9.378378518554022}, "datetime": {"datetime": "2024-06-14 08:53:23", "elapsed": 13.517461, "delta": 0.009973}}
{"target": -167.68478895318816, "params": {"gamma": 1.2933848293668193, "prior": 8.871599920049611, "rate": 1.529468431828893}, "datetime": {"datetime": "2024-06-14 08:53:23", "elapsed": 13.527809, "delta": 0.010348}}
{"target": -199.35156956585374, "params": {"gamma": 3.6058030535750842, "prior": 3.6755031909663085, "rate": 2.7985741373137722}, "datetime": {"datetime": "2024-06-14 08:53:23", "elapsed": 13.537782, "delta": 0.009973}}
{"target": -288.25854084706936, "params": {"gamma": 3.548687634297447, "prior": 5.475715491805219, "rate": 0.7860916495607814}, "datetime": {"datetime": "2024-06-14 08:53:23", "elapsed": 13.550747, "delta": 0.012965}}
{"target": -275.8277940833612, "params": {"gamma": 3.7293238414408294, "prior": 5.873866921901378, "rate": 1.3433598503872748}, "datetime": {"datetime": "2024-06-14 08:53:23", "elapsed": 13.560721, "delta": 0.009974}}
{"target": -205.0996588100231, "params": {"gamma": 2.430636464974349, "prior": 3.1965129173207756, "rate": 0.7462639779838585}, "datetime": {"datetime": "2024-06-14 08:53:23", "elapsed": 13.570694, "delta": 0.009973}}
{"target": -292.6638744318961, "params": {"gamma": 8.077100262224654, "prior": 2.7076349809785905, "rate": 4.106599490946104}, "datetime": {"datetime": "2024-06-14 08:53:23", "elapsed": 13.580927, "delta": 0.010233}}
{"target": -257.2537738184026, "params": {"gamma": 4.054723246527664, "prior": 3.1168827992527173, "rate": 1.2782527317471344}, "datetime": {"datetime": "2024-06-14 08:53:23", "elapsed": 13.590902, "delta": 0.009975}}
{"target": -534.2154079242079, "params": {"gamma": 8.935700181344412, "prior": 6.8458089939758615, "rate": 2.669647727792136}, "datetime": {"datetime": "2024-06-14 08:53:23", "elapsed": 13.600874, "delta": 0.009972}}
{"target": -118.98212548626304, "params": {"gamma": 0.9252168378068174, "prior": 1.3226006592467376, "rate": 2.765087577252426}, "datetime": {"datetime": "2024-06-14 08:53:23", "elapsed": 13.610847, "delta": 0.009973}}
{"target": -122.49740112493386, "params": {"gamma": 0.49138574517622646, "prior": 1.536953953174493, "rate": 4.75082044615585}, "datetime": {"datetime": "2024-06-14 08:53:23", "elapsed": 13.620821, "delta": 0.009974}}
{"target": -323.6525753809429, "params": {"gamma": 9.359858045746865, "prior": 4.39728295824498, "rate": 7.091695404396912}, "datetime": {"datetime": "2024-06-14 08:53:23", "elapsed": 13.629826, "delta": 0.009005}}
{"target": -415.59419548430037, "params": {"gamma": 5.703480436122253, "prior": 9.764817437319463, "rate": 1.7829338600348927}, "datetime": {"datetime": "2024-06-14 08:53:23", "elapsed": 13.63977, "delta": 0.009944}}
{"target": -245.56251291964355, "params": {"gamma": 7.391311728201115, "prior": 3.56902627908651, "rate": 9.912129823702113}, "datetime": {"datetime": "2024-06-14 08:53:23", "elapsed": 13.649743, "delta": 0.009973}}
{"target": -189.48961450871656, "params": {"gamma": 3.5287645393308957, "prior": 9.789953507003169, "rate": 8.603854098454429}, "datetime": {"datetime": "2024-06-14 08:53:23", "elapsed": 13.659716, "delta": 0.009973}}
{"target": -211.93558418282294, "params": {"gamma": 5.97776886311117, "prior": 0.3717347713456658, "rate": 1.8561349624416226}, "datetime": {"datetime": "2024-06-14 08:53:23", "elapsed": 13.66969, "delta": 0.009974}}
{"target": -157.79298206459976, "params": {"gamma": 0.5660612431019523, "prior": 7.945371439682299, "rate": 0.7404368885098506}, "datetime": {"datetime": "2024-06-14 08:53:23", "elapsed": 13.679664, "delta": 0.009974}}
{"target": -263.24267613123703, "params": {"gamma": 7.864807897266238, "prior": 0.37672330549397026, "rate": 2.552807324311116}, "datetime": {"datetime": "2024-06-14 08:53:23", "elapsed": 13.689637, "delta": 0.009973}}
{"target": -167.65008693012808, "params": {"gamma": 2.9765362830187123, "prior": 5.689604254646701, "rate": 5.621050378621821}, "datetime": {"datetime": "2024-06-14 08:53:23", "elapsed": 13.69961, "delta": 0.009973}}
{"target": -594.9818830399016, "params": {"gamma": 8.874122245059352, "prior": 6.41003665642897, "rate": 1.615458841587833}, "datetime": {"datetime": "2024-06-14 08:53:23", "elapsed": 13.709584, "delta": 0.009974}}
{"target": -138.76826666711463, "params": {"gamma": 0.27092093445094007, "prior": 7.6436267297477904, "rate": 5.3561524093705035}, "datetime": {"datetime": "2024-06-14 08:53:23", "elapsed": 13.719557, "delta": 0.009973}}
{"target": -232.56234842693414, "params": {"gamma": 5.786712866351162, "prior": 4.199639973876964, "rate": 5.898561065889926}, "datetime": {"datetime": "2024-06-14 08:53:23", "elapsed": 13.730527, "delta": 0.01097}}
{"target": -187.31756556544002, "params": {"gamma": 4.056908149188704, "prior": 4.512354814204365, "rate": 5.927803620451909}, "datetime": {"datetime": "2024-06-14 08:53:23", "elapsed": 13.740501, "delta": 0.009974}}
{"target": -196.4444631742366, "params": {"gamma": 4.923952760842727, "prior": 0.685123570453242, "rate": 9.767920289447702}, "datetime": {"datetime": "2024-06-14 08:53:23", "elapsed": 13.750474, "delta": 0.009973}}
{"target": -313.13041446492343, "params": {"gamma": 8.55152126248045, "prior": 3.8529477154984746, "rate": 5.465701902352132}, "datetime": {"datetime": "2024-06-14 08:53:23", "elapsed": 13.760447, "delta": 0.009973}}
{"target": -297.42525335771455, "params": {"gamma": 9.328810392069327, "prior": 4.039856882837672, "rate": 9.447782220977258}, "datetime": {"datetime": "2024-06-14 08:53:23", "elapsed": 13.770421, "delta": 0.009974}}
{"target": -134.79309148752387, "params": {"gamma": 0.3058322755797807, "prior": 7.483415270128151, "rate": 7.9702691040219795}, "datetime": {"datetime": "2024-06-14 08:53:23", "elapsed": 13.780394, "delta": 0.009973}}
{"target": -126.5829636010214, "params": {"gamma": 1.93915729117472, "prior": 1.7123810753953614, "rate": 5.911191778228094}, "datetime": {"datetime": "2024-06-14 08:53:23", "elapsed": 13.790368, "delta": 0.009974}}
{"target": -342.04468637906297, "params": {"gamma": 4.797437426866516, "prior": 5.906771763997412, "rate": 1.3235786977154271}, "datetime": {"datetime": "2024-06-14 08:53:24", "elapsed": 13.799343, "delta": 0.008975}}
{"target": -152.9678868482838, "params": {"gamma": 2.7780929606304388, "prior": 0.789756371223281, "rate": 1.0808592298701158}, "datetime": {"datetime": "2024-06-14 08:53:24", "elapsed": 13.809317, "delta": 0.009974}}
{"target": -258.7696654914305, "params": {"gamma": 7.164060397933428, "prior": 0.3613793596910616, "rate": 5.396963570672858}, "datetime": {"datetime": "2024-06-14 08:53:24", "elapsed": 13.81929, "delta": 0.009973}}
{"target": -186.3990177232473, "params": {"gamma": 2.9873312333774114, "prior": 8.698123271650664, "rate": 5.4508437359806505}, "datetime": {"datetime": "2024-06-14 08:53:24", "elapsed": 13.829263, "delta": 0.009973}}
{"target": -412.06909008444387, "params": {"gamma": 9.975479797714407, "prior": 5.654651317130731, "rate": 5.621416031788874}, "datetime": {"datetime": "2024-06-14 08:53:24", "elapsed": 13.840236, "delta": 0.010973}}
{"target": -162.26150222254662, "params": {"gamma": 3.351731873456963, "prior": 2.598016846624347, "rate": 4.27426940599577}, "datetime": {"datetime": "2024-06-14 08:53:24", "elapsed": 13.850236, "delta": 0.01}}
{"target": -131.8721897618326, "params": {"gamma": 2.2725263696062235, "prior": 0.8016724751186088, "rate": 4.2510872816074885}, "datetime": {"datetime": "2024-06-14 08:53:24", "elapsed": 13.860181, "delta": 0.009945}}
{"target": -142.87838304112003, "params": {"gamma": 1.0650645144221098, "prior": 7.2588960645487015, "rate": 2.984641891979689}, "datetime": {"datetime": "2024-06-14 08:53:24", "elapsed": 13.870154, "delta": 0.009973}}
{"target": -186.48266147222287, "params": {"gamma": 4.904126225336482, "prior": 2.036274494273748, "rate": 6.808584262587829}, "datetime": {"datetime": "2024-06-14 08:53:24", "elapsed": 13.87913, "delta": 0.008976}}
{"target": -696.070503838389, "params": {"gamma": 8.308430641906321, "prior": 2.282027181056831, "rate": 0.07907888226929988}, "datetime": {"datetime": "2024-06-14 08:53:24", "elapsed": 13.889103, "delta": 0.009973}}
{"target": -178.83119635345315, "params": {"gamma": 2.5097921802793786, "prior": 6.31359939215205, "rate": 3.1088574555471813}, "datetime": {"datetime": "2024-06-14 08:53:24", "elapsed": 13.899077, "delta": 0.009974}}
{"target": -483.88587471252134, "params": {"gamma": 8.36222517696091, "prior": 8.542118072949869, "rate": 3.7180338874028376}, "datetime": {"datetime": "2024-06-14 08:53:24", "elapsed": 13.90905, "delta": 0.009973}}
{"target": -166.84157695965195, "params": {"gamma": 3.6539795857073187, "prior": 0.2639694600704467, "rate": 5.497237804999031}, "datetime": {"datetime": "2024-06-14 08:53:24", "elapsed": 13.919023, "delta": 0.009973}}
{"target": -151.21594464755142, "params": {"gamma": 1.5435516702923755, "prior": 1.2155274275217443, "rate": 0.5343279544192256}, "datetime": {"datetime": "2024-06-14 08:53:24", "elapsed": 13.928, "delta": 0.008977}}
{"target": -179.7093852796454, "params": {"gamma": 1.7936587903460857, "prior": 1.6437150285544317, "rate": 0.3558683019833646}, "datetime": {"datetime": "2024-06-14 08:53:24", "elapsed": 13.937973, "delta": 0.009973}}
{"target": -508.6014487792795, "params": {"gamma": 9.82434211273752, "prior": 6.617214564837837, "rate": 3.8705537217530446}, "datetime": {"datetime": "2024-06-14 08:53:24", "elapsed": 13.948944, "delta": 0.010971}}
{"target": -116.52392080086224, "params": {"gamma": 0.6257922981876658, "prior": 0.5677285559900357, "rate": 8.049719394631913}, "datetime": {"datetime": "2024-06-14 08:53:24", "elapsed": 13.95792, "delta": 0.008976}}
{"target": -188.66563706011016, "params": {"gamma": 4.228375279460253, "prior": 1.1717762927933444, "rate": 1.6711743461337876}, "datetime": {"datetime": "2024-06-14 08:53:24", "elapsed": 13.96889, "delta": 0.01097}}
{"target": -471.90985628869856, "params": {"gamma": 6.802265132639049, "prior": 4.329618010053698, "rate": 0.9689860913418493}, "datetime": {"datetime": "2024-06-14 08:53:24", "elapsed": 13.978863, "delta": 0.009973}}
{"target": -165.03265628050966, "params": {"gamma": 3.920704589637105, "prior": 0.5430825876121436, "rate": 2.710990200499908}, "datetime": {"datetime": "2024-06-14 08:53:24", "elapsed": 13.988837, "delta": 0.009974}}
{"target": -203.60038915212914, "params": {"gamma": 5.031293904777502, "prior": 4.6290449340530495, "rate": 7.686577408158113}, "datetime": {"datetime": "2024-06-14 08:53:24", "elapsed": 13.997813, "delta": 0.008976}}
{"target": -165.81666576032953, "params": {"gamma": 1.6031430865858975, "prior": 5.149437940488653, "rate": 1.4161287835344174}, "datetime": {"datetime": "2024-06-14 08:53:24", "elapsed": 14.007786, "delta": 0.009973}}
{"target": -168.4130914595888, "params": {"gamma": 1.8945065357360218, "prior": 4.157996176719801, "rate": 1.4594799700408772}, "datetime": {"datetime": "2024-06-14 08:53:24", "elapsed": 14.017759, "delta": 0.009973}}
{"target": -210.83717841793714, "params": {"gamma": 5.623712931107031, "prior": 4.6067950147829295, "rate": 9.42102448081776}, "datetime": {"datetime": "2024-06-14 08:53:24", "elapsed": 14.027733, "delta": 0.009974}}
{"target": -230.20331013187982, "params": {"gamma": 6.700279053399254, "prior": 1.1211081382406665, "rate": 6.071461447289983}, "datetime": {"datetime": "2024-06-14 08:53:24", "elapsed": 14.037706, "delta": 0.009973}}
{"target": -191.92256789775678, "params": {"gamma": 4.203872166556974, "prior": 5.056256533803172, "rate": 6.558399608979977}, "datetime": {"datetime": "2024-06-14 08:53:24", "elapsed": 14.047679, "delta": 0.009973}}
{"target": -133.72933397131314, "params": {"gamma": 1.857995271651951, "prior": 3.659391503666097, "rate": 4.80431758722436}, "datetime": {"datetime": "2024-06-14 08:53:24", "elapsed": 14.057653, "delta": 0.009974}}
{"target": -231.08513202936007, "params": {"gamma": 6.148214863550358, "prior": 2.9270157375806125, "rate": 5.028231781609626}, "datetime": {"datetime": "2024-06-14 08:53:24", "elapsed": 14.067626, "delta": 0.009973}}
{"target": -181.40406880563245, "params": {"gamma": 2.786182582989594, "prior": 5.766659556664776, "rate": 3.423551750452962}, "datetime": {"datetime": "2024-06-14 08:53:24", "elapsed": 14.076602, "delta": 0.008976}}
{"target": -328.98932790126395, "params": {"gamma": 8.3917704255985, "prior": 6.890536777175542, "rate": 8.16146205993121}, "datetime": {"datetime": "2024-06-14 08:53:24", "elapsed": 14.086575, "delta": 0.009973}}
{"target": -121.53400459675979, "params": {"gamma": 1.5433064281287947, "prior": 1.933417151252388, "rate": 5.426405215883123}, "datetime": {"datetime": "2024-06-14 08:53:24", "elapsed": 14.096578, "delta": 0.010003}}
{"target": -133.97479236959487, "params": {"gamma": 0.6149211908273852, "prior": 5.426779331886682, "rate": 3.360634014854361}, "datetime": {"datetime": "2024-06-14 08:53:24", "elapsed": 14.106551, "delta": 0.009973}}
{"target": -328.88182079260616, "params": {"gamma": 3.2452188194691933, "prior": 2.3755465724366975, "rate": 0.0478627093242713}, "datetime": {"datetime": "2024-06-14 08:53:24", "elapsed": 14.115498, "delta": 0.008947}}
{"target": -397.6657370330288, "params": {"gamma": 6.87104638723164, "prior": 7.552533805640476, "rate": 3.383495876309245}, "datetime": {"datetime": "2024-06-14 08:53:24", "elapsed": 14.126469, "delta": 0.010971}}
{"target": -235.69630840585393, "params": {"gamma": 4.698566381850696, "prior": 7.994084512409785, "rate": 6.475029921813591}, "datetime": {"datetime": "2024-06-14 08:53:24", "elapsed": 14.136442, "delta": 0.009973}}
{"target": -132.94337398008946, "params": {"gamma": 0.23075873965417942, "prior": 2.91132760594111, "rate": 9.543993923653835}, "datetime": {"datetime": "2024-06-14 08:53:24", "elapsed": 14.145418, "delta": 0.008976}}
{"target": -280.53155111377714, "params": {"gamma": 8.831663399364862, "prior": 3.3196577156813976, "rate": 9.106428259046453}, "datetime": {"datetime": "2024-06-14 08:53:24", "elapsed": 14.155392, "delta": 0.009974}}
{"target": -208.77851429212657, "params": {"gamma": 4.792271643587237, "prior": 2.1004803357874806, "rate": 2.7152226317759873}, "datetime": {"datetime": "2024-06-14 08:53:24", "elapsed": 14.165365, "delta": 0.009973}}
{"target": -134.72241413329817, "params": {"gamma": 2.4105781820003296, "prior": 0.6501970175159, "rate": 4.371923976318957}, "datetime": {"datetime": "2024-06-14 08:53:24", "elapsed": 14.175338, "delta": 0.009973}}
{"target": -371.7772533553688, "params": {"gamma": 9.045924292349737, "prior": 5.304998895374705, "rate": 5.45501927258241}, "datetime": {"datetime": "2024-06-14 08:53:24", "elapsed": 14.185312, "delta": 0.009974}}
{"target": -134.66908293395247, "params": {"gamma": 2.270769102045196, "prior": 0.5593682144374752, "rate": 1.2589544199559672}, "datetime": {"datetime": "2024-06-14 08:53:24", "elapsed": 14.195285, "delta": 0.009973}}
{"target": -142.595045968121, "params": {"gamma": 2.152041802423628, "prior": 8.746594812552626, "rate": 9.883297769252295}, "datetime": {"datetime": "2024-06-14 08:53:24", "elapsed": 14.204884, "delta": 0.009599}}
{"target": -140.9476129980773, "params": {"gamma": 0.17864471946155067, "prior": 4.488768556876849, "rate": 3.6926037105639593}, "datetime": {"datetime": "2024-06-14 08:53:24", "elapsed": 14.214857, "delta": 0.009973}}
{"target": -283.15171183397223, "params": {"gamma": 5.365099171557174, "prior": 6.203575904526908, "rate": 3.9606016122470797}, "datetime": {"datetime": "2024-06-14 08:53:24", "elapsed": 14.22483, "delta": 0.009973}}
{"target": -216.96348994515787, "params": {"gamma": 1.8394567778102808, "prior": 5.8942150336226105, "rate": 0.33393439959498467}, "datetime": {"datetime": "2024-06-14 08:53:24", "elapsed": 14.234804, "delta": 0.009974}}
{"target": -660.1390552030916, "params": {"gamma": 8.939882672498515, "prior": 6.47966689423678, "rate": 0.9463480982929026}, "datetime": {"datetime": "2024-06-14 08:53:24", "elapsed": 14.244778, "delta": 0.009974}}
{"target": -261.1491953296041, "params": {"gamma": 5.514198481896219, "prior": 1.37684577932591, "rate": 1.189089580581743}, "datetime": {"datetime": "2024-06-14 08:53:24", "elapsed": 14.254328, "delta": 0.00955}}
{"target": -161.12483552147052, "params": {"gamma": 2.656223467019746, "prior": 7.652792185558542, "rate": 6.982511237812883}, "datetime": {"datetime": "2024-06-14 08:53:24", "elapsed": 14.264302, "delta": 0.009974}}
