{"target": -245.8719731153594, "params": {"gamma": 1.5159891044593792, "lr": 0.9712833117325801}, "datetime": {"datetime": "2024-06-13 19:54:37", "elapsed": 5.257977, "delta": 0.00399}}
{"target": -228.8551004037246, "params": {"gamma": 1.6505577067216257, "lr": 0.7272354411432771}, "datetime": {"datetime": "2024-06-13 19:54:37", "elapsed": 5.261966, "delta": 0.003989}}
{"target": -1124.532070490784, "params": {"gamma": 8.907351190743636, "lr": 0.8587151157269453}, "datetime": {"datetime": "2024-06-13 19:54:37", "elapsed": 5.266953, "delta": 0.004987}}
{"target": -209.70779786575184, "params": {"gamma": 1.8433864145173096, "lr": 0.23680853369423926}, "datetime": {"datetime": "2024-06-13 19:54:37", "elapsed": 5.270778, "delta": 0.003825}}
{"target": -137.29820887095732, "params": {"gamma": 0.1846080023892216, "lr": 0.9314054672648543}, "datetime": {"datetime": "2024-06-13 19:54:37", "elapsed": 5.275765, "delta": 0.004987}}
{"target": -826.3166856448596, "params": {"gamma": 8.871324645396406, "lr": 0.5954661689695429}, "datetime": {"datetime": "2024-06-13 19:54:37", "elapsed": 5.279754, "delta": 0.003989}}
{"target": -174.83713382081012, "params": {"gamma": 1.0945671874130298, "lr": 0.17354264684250154}, "datetime": {"datetime": "2024-06-13 19:54:37", "elapsed": 5.283743, "delta": 0.003989}}
{"target": -559.945038118729, "params": {"gamma": 5.770026748955153, "lr": 0.25165697350014493}, "datetime": {"datetime": "2024-06-13 19:54:37", "elapsed": 5.287733, "delta": 0.00399}}
{"target": -391.8412159080984, "params": {"gamma": 3.0024181605272484, "lr": 0.17098734894301837}, "datetime": {"datetime": "2024-06-13 19:54:37", "elapsed": 5.291722, "delta": 0.003989}}
{"target": -209.5888043786464, "params": {"gamma": 1.8967275990085757, "lr": 0.4634211543904514}, "datetime": {"datetime": "2024-06-13 19:54:37", "elapsed": 5.295711, "delta": 0.003989}}
{"target": -534.7915733092035, "params": {"gamma": 5.099229852311732, "lr": 0.5115798896647326}, "datetime": {"datetime": "2024-06-13 19:54:37", "elapsed": 5.299701, "delta": 0.00399}}
{"target": -1185.9300829835877, "params": {"gamma": 9.971390854869842, "lr": 0.1295958172701398}, "datetime": {"datetime": "2024-06-13 19:54:37", "elapsed": 5.304687, "delta": 0.004986}}
{"target": -961.3095019330166, "params": {"gamma": 7.561942713988967, "lr": 0.7937567472248925}, "datetime": {"datetime": "2024-06-13 19:54:37", "elapsed": 5.308677, "delta": 0.00399}}
{"target": -567.3263222097878, "params": {"gamma": 5.849241105106437, "lr": 0.4627381802693252}, "datetime": {"datetime": "2024-06-13 19:54:37", "elapsed": 5.312667, "delta": 0.00399}}
{"target": -1126.0379297642473, "params": {"gamma": 8.934372946865443, "lr": 0.8281802190731247}, "datetime": {"datetime": "2024-06-13 19:54:37", "elapsed": 5.317653, "delta": 0.004986}}
{"target": -146.22517129991294, "params": {"gamma": 0.5038590693510084, "lr": 0.962983753087854}, "datetime": {"datetime": "2024-06-13 19:54:37", "elapsed": 5.324634, "delta": 0.006981}}
{"target": -140.84684722417353, "params": {"gamma": 0.07439157764468438, "lr": 0.5731322046839419}, "datetime": {"datetime": "2024-06-13 19:54:37", "elapsed": 5.330618, "delta": 0.005984}}
{"target": -747.5187806893472, "params": {"gamma": 5.7247357384538, "lr": 0.8343796647905168}, "datetime": {"datetime": "2024-06-13 19:54:37", "elapsed": 5.334607, "delta": 0.003989}}
{"target": -703.2641463217803, "params": {"gamma": 3.8477759631858306, "lr": 0.09104086904598219}, "datetime": {"datetime": "2024-06-13 19:54:37", "elapsed": 5.338597, "delta": 0.00399}}
{"target": -1160.1982374715005, "params": {"gamma": 5.81729100641988, "lr": 0.024845860363731265}, "datetime": {"datetime": "2024-06-13 19:54:37", "elapsed": 5.342586, "delta": 0.003989}}
{"target": -513.6087382134428, "params": {"gamma": 3.618595813310707, "lr": 0.9853168020853229}, "datetime": {"datetime": "2024-06-13 19:54:37", "elapsed": 5.346576, "delta": 0.00399}}
{"target": -1036.4132791260927, "params": {"gamma": 8.687919916680645, "lr": 0.15249674176120542}, "datetime": {"datetime": "2024-06-13 19:54:37", "elapsed": 5.350565, "delta": 0.003989}}
{"target": -1013.6508431271855, "params": {"gamma": 7.988462064471767, "lr": 0.8109969194215267}, "datetime": {"datetime": "2024-06-13 19:54:37", "elapsed": 5.355552, "delta": 0.004987}}
{"target": -930.9334158664384, "params": {"gamma": 9.282143984052633, "lr": 0.22438426604398454}, "datetime": {"datetime": "2024-06-13 19:54:37", "elapsed": 5.359541, "delta": 0.003989}}
{"target": -641.7566319997715, "params": {"gamma": 4.990175777525101, "lr": 0.8274440914110759}, "datetime": {"datetime": "2024-06-13 19:54:37", "elapsed": 5.36353, "delta": 0.003989}}
{"target": -630.8395786455096, "params": {"gamma": 6.673670516196978, "lr": 0.5939361433837695}, "datetime": {"datetime": "2024-06-13 19:54:37", "elapsed": 5.36752, "delta": 0.00399}}
{"target": -658.9720806305436, "params": {"gamma": 6.520106231886649, "lr": 0.23851601279901302}, "datetime": {"datetime": "2024-06-13 19:54:37", "elapsed": 5.371509, "delta": 0.003989}}
{"target": -132.05043312751343, "params": {"gamma": 0.2563753086730316, "lr": 0.736257257446534}, "datetime": {"datetime": "2024-06-13 19:54:37", "elapsed": 5.376496, "delta": 0.004987}}
{"target": -324.17854605586086, "params": {"gamma": 3.268591461483445, "lr": 0.3767568869201464}, "datetime": {"datetime": "2024-06-13 19:54:37", "elapsed": 5.380485, "delta": 0.003989}}
{"target": -596.167545988395, "params": {"gamma": 6.126547925441392, "lr": 0.657165042363517}, "datetime": {"datetime": "2024-06-13 19:54:37", "elapsed": 5.384475, "delta": 0.00399}}
{"target": -287.43903634996377, "params": {"gamma": 2.0297861073278014, "lr": 0.8260315378454188}, "datetime": {"datetime": "2024-06-13 19:54:37", "elapsed": 5.388464, "delta": 0.003989}}
{"target": -385.07860297278165, "params": {"gamma": 3.802685845849549, "lr": 0.6317444085013915}, "datetime": {"datetime": "2024-06-13 19:54:37", "elapsed": 5.39345, "delta": 0.004986}}
{"target": -991.4193589132898, "params": {"gamma": 9.664147745107453, "lr": 0.5647862352666362}, "datetime": {"datetime": "2024-06-13 19:54:37", "elapsed": 5.39744, "delta": 0.00399}}
{"target": -365.9829874407793, "params": {"gamma": 3.58975250674678, "lr": 0.6189701087401422}, "datetime": {"datetime": "2024-06-13 19:54:37", "elapsed": 5.401429, "delta": 0.003989}}
{"target": -489.9777889690224, "params": {"gamma": 5.018429387513632, "lr": 0.45237624777785157}, "datetime": {"datetime": "2024-06-13 19:54:37", "elapsed": 5.405418, "delta": 0.003989}}
{"target": -1007.7633188186618, "params": {"gamma": 7.32297507682793, "lr": 0.9245101499841026}, "datetime": {"datetime": "2024-06-13 19:54:37", "elapsed": 5.410405, "delta": 0.004987}}
{"target": -950.347309496367, "params": {"gamma": 4.793234881420612, "lr": 0.08823015100009579}, "datetime": {"datetime": "2024-06-13 19:54:37", "elapsed": 5.414395, "delta": 0.00399}}
{"target": -578.0282737674855, "params": {"gamma": 5.696965913284056, "lr": 0.2449508551148344}, "datetime": {"datetime": "2024-06-13 19:54:37", "elapsed": 5.419381, "delta": 0.004986}}
{"target": -137.24352320922327, "params": {"gamma": 0.3967395368422162, "lr": 0.7881402066436831}, "datetime": {"datetime": "2024-06-13 19:54:37", "elapsed": 5.423371, "delta": 0.00399}}
{"target": -364.33921785729905, "params": {"gamma": 2.728409598411216, "lr": 0.7770704929423838}, "datetime": {"datetime": "2024-06-13 19:54:37", "elapsed": 5.428358, "delta": 0.004987}}
{"target": -450.0073447291379, "params": {"gamma": 4.882601221938961, "lr": 0.31793589107511533}, "datetime": {"datetime": "2024-06-13 19:54:37", "elapsed": 5.432347, "delta": 0.003989}}
{"target": -631.0674115205111, "params": {"gamma": 3.1409404750589167, "lr": 0.04202476008611444}, "datetime": {"datetime": "2024-06-13 19:54:37", "elapsed": 5.437335, "delta": 0.004988}}
{"target": -685.1230861152869, "params": {"gamma": 5.344463969208603, "lr": 0.8235515559967603}, "datetime": {"datetime": "2024-06-13 19:54:37", "elapsed": 5.44232, "delta": 0.004985}}
{"target": -157.77664878904054, "params": {"gamma": 0.8398696296412803, "lr": 0.10855870560871761}, "datetime": {"datetime": "2024-06-13 19:54:37", "elapsed": 5.44631, "delta": 0.00399}}
{"target": -520.1373230043217, "params": {"gamma": 5.293030012750302, "lr": 0.6601418096235968}, "datetime": {"datetime": "2024-06-13 19:54:37", "elapsed": 5.451297, "delta": 0.004987}}
{"target": -625.2587996205979, "params": {"gamma": 6.947765177374281, "lr": 0.313221695146886}, "datetime": {"datetime": "2024-06-13 19:54:37", "elapsed": 5.456283, "delta": 0.004986}}
{"target": -124.29787415344613, "params": {"gamma": 0.37873998028565886, "lr": 0.4145628796923949}, "datetime": {"datetime": "2024-06-13 19:54:37", "elapsed": 5.462266, "delta": 0.005983}}
{"target": -458.15809878967593, "params": {"gamma": 2.2612156645820662, "lr": 0.0011148302524066622}, "datetime": {"datetime": "2024-06-13 19:54:37", "elapsed": 5.467253, "delta": 0.004987}}
{"target": -945.4389954104765, "params": {"gamma": 6.857480005685141, "lr": 0.9520625390545332}, "datetime": {"datetime": "2024-06-13 19:54:37", "elapsed": 5.471242, "delta": 0.003989}}
{"target": -368.0661387651794, "params": {"gamma": 3.9121264535897473, "lr": 0.3002984293714631}, "datetime": {"datetime": "2024-06-13 19:54:37", "elapsed": 5.475232, "delta": 0.00399}}
{"target": -724.0629161416625, "params": {"gamma": 5.537964374290343, "lr": 0.8519762580648814}, "datetime": {"datetime": "2024-06-13 19:54:37", "elapsed": 5.480218, "delta": 0.004986}}
{"target": -873.9358362445623, "params": {"gamma": 7.9498792795045405, "lr": 0.6847567049785765}, "datetime": {"datetime": "2024-06-13 19:54:37", "elapsed": 5.484208, "delta": 0.00399}}
{"target": -490.2567034743423, "params": {"gamma": 4.321638805905765, "lr": 0.6904340198543137}, "datetime": {"datetime": "2024-06-13 19:54:37", "elapsed": 5.489194, "delta": 0.004986}}
{"target": -231.070070035493, "params": {"gamma": 2.161037487164819, "lr": 0.28394343784624676}, "datetime": {"datetime": "2024-06-13 19:54:37", "elapsed": 5.493184, "delta": 0.00399}}
{"target": -1068.7576426372718, "params": {"gamma": 7.778428288392944, "lr": 0.9299801363463566}, "datetime": {"datetime": "2024-06-13 19:54:37", "elapsed": 5.497173, "delta": 0.003989}}
{"target": -203.6615138317459, "params": {"gamma": 1.9013049866632814, "lr": 0.29606328941823257}, "datetime": {"datetime": "2024-06-13 19:54:37", "elapsed": 5.50216, "delta": 0.004987}}
{"target": -139.55900084595305, "params": {"gamma": 0.06309646163797043, "lr": 0.43156224528040166}, "datetime": {"datetime": "2024-06-13 19:54:37", "elapsed": 5.506149, "delta": 0.003989}}
{"target": -236.8549747219456, "params": {"gamma": 2.103740422454257, "lr": 0.6414247825536215}, "datetime": {"datetime": "2024-06-13 19:54:37", "elapsed": 5.511136, "delta": 0.004987}}
{"target": -973.8778648560033, "params": {"gamma": 7.096182567565407, "lr": 0.11877771439848506}, "datetime": {"datetime": "2024-06-13 19:54:37", "elapsed": 5.515125, "delta": 0.003989}}
{"target": -171.01267596115258, "params": {"gamma": 0.8223578763172843, "lr": 0.9063350695803358}, "datetime": {"datetime": "2024-06-13 19:54:37", "elapsed": 5.519372, "delta": 0.004247}}
{"target": -417.4399762173785, "params": {"gamma": 3.8929983086548985, "lr": 0.5334034972660143}, "datetime": {"datetime": "2024-06-13 19:54:37", "elapsed": 5.523362, "delta": 0.00399}}
{"target": -1208.3716355235297, "params": {"gamma": 9.632452407571792, "lr": 0.7590540122163353}, "datetime": {"datetime": "2024-06-13 19:54:37", "elapsed": 5.528349, "delta": 0.004987}}
{"target": -648.886886840774, "params": {"gamma": 3.256077435692296, "lr": 0.08584930112029354}, "datetime": {"datetime": "2024-06-13 19:54:37", "elapsed": 5.532338, "delta": 0.003989}}
{"target": -499.4959559605766, "params": {"gamma": 5.360704142867423, "lr": 0.33612544293733115}, "datetime": {"datetime": "2024-06-13 19:54:37", "elapsed": 5.536326, "delta": 0.003988}}
{"target": -135.4040647223988, "params": {"gamma": 0.21783235985649294, "lr": 0.7711523332537787}, "datetime": {"datetime": "2024-06-13 19:54:37", "elapsed": 5.541315, "delta": 0.004989}}
{"target": -417.1010281394283, "params": {"gamma": 3.849706389409975, "lr": 0.5713211500587355}, "datetime": {"datetime": "2024-06-13 19:54:37", "elapsed": 5.545303, "delta": 0.003988}}
{"target": -1039.1925864913633, "params": {"gamma": 7.557672815106508, "lr": 0.9408474199010457}, "datetime": {"datetime": "2024-06-13 19:54:37", "elapsed": 5.549292, "delta": 0.003989}}
{"target": -555.2588405977826, "params": {"gamma": 6.123611064507542, "lr": 0.31539617878014314}, "datetime": {"datetime": "2024-06-13 19:54:37", "elapsed": 5.554279, "delta": 0.004987}}
{"target": -235.92299721310695, "params": {"gamma": 1.1016550019623323, "lr": 0.07391888791127221}, "datetime": {"datetime": "2024-06-13 19:54:37", "elapsed": 5.558269, "delta": 0.00399}}
{"target": -331.0623470460315, "params": {"gamma": 3.197588047953422, "lr": 0.660839138956005}, "datetime": {"datetime": "2024-06-13 19:54:37", "elapsed": 5.562258, "delta": 0.003989}}
{"target": -703.5058691455331, "params": {"gamma": 6.9518254952121765, "lr": 0.20771804006298766}, "datetime": {"datetime": "2024-06-13 19:54:37", "elapsed": 5.566247, "delta": 0.003989}}
{"target": -134.23702767649937, "params": {"gamma": 0.8288765899448861, "lr": 0.3055106612860311}, "datetime": {"datetime": "2024-06-13 19:54:37", "elapsed": 5.571234, "delta": 0.004987}}
{"target": -697.5172979032254, "params": {"gamma": 5.476198023985873, "lr": 0.7546696744748647}, "datetime": {"datetime": "2024-06-13 19:54:37", "elapsed": 5.57622, "delta": 0.004986}}
{"target": -485.12279744718813, "params": {"gamma": 5.297043548379857, "lr": 0.28698375274707455}, "datetime": {"datetime": "2024-06-13 19:54:37", "elapsed": 5.58021, "delta": 0.00399}}
{"target": -603.1073158707902, "params": {"gamma": 6.242173052915846, "lr": 0.2648366551761958}, "datetime": {"datetime": "2024-06-13 19:54:37", "elapsed": 5.585197, "delta": 0.004987}}
{"target": -848.4080722803878, "params": {"gamma": 6.527276450430897, "lr": 0.8418980078267378}, "datetime": {"datetime": "2024-06-13 19:54:37", "elapsed": 5.589186, "delta": 0.003989}}
{"target": -667.3829096791874, "params": {"gamma": 6.389839255863949, "lr": 0.5656314689767339}, "datetime": {"datetime": "2024-06-13 19:54:37", "elapsed": 5.593175, "delta": 0.003989}}
{"target": -413.5290707215915, "params": {"gamma": 3.072113950599342, "lr": 0.8767770399379612}, "datetime": {"datetime": "2024-06-13 19:54:37", "elapsed": 5.598162, "delta": 0.004987}}
{"target": -1239.8302069876368, "params": {"gamma": 9.888230025288278, "lr": 0.777479431209941}, "datetime": {"datetime": "2024-06-13 19:54:37", "elapsed": 5.602151, "delta": 0.003989}}
{"target": -692.8049662658742, "params": {"gamma": 5.736864931846622, "lr": 0.14127933264100168}, "datetime": {"datetime": "2024-06-13 19:54:37", "elapsed": 5.60614, "delta": 0.003989}}
{"target": -304.1944705673662, "params": {"gamma": 3.1499752949036433, "lr": 0.3668593185911837}, "datetime": {"datetime": "2024-06-13 19:54:37", "elapsed": 5.611127, "delta": 0.004987}}
{"target": -297.57507852999606, "params": {"gamma": 2.9196603150536307, "lr": 0.4459528147489278}, "datetime": {"datetime": "2024-06-13 19:54:37", "elapsed": 5.615116, "delta": 0.003989}}
{"target": -621.1824561580518, "params": {"gamma": 6.106714536159591, "lr": 0.2129145905151636}, "datetime": {"datetime": "2024-06-13 19:54:37", "elapsed": 5.619106, "delta": 0.00399}}
{"target": -358.8886958466237, "params": {"gamma": 2.4983477831127514, "lr": 0.11215048322109678}, "datetime": {"datetime": "2024-06-13 19:54:37", "elapsed": 5.623095, "delta": 0.003989}}
{"target": -311.6251622700757, "params": {"gamma": 3.07657830315885, "lr": 0.49744827858464324}, "datetime": {"datetime": "2024-06-13 19:54:37", "elapsed": 5.628082, "delta": 0.004987}}
{"target": -683.5741492328577, "params": {"gamma": 4.898588039316173, "lr": 0.9955772118463961}, "datetime": {"datetime": "2024-06-13 19:54:37", "elapsed": 5.632071, "delta": 0.003989}}
{"target": -971.7961264217123, "params": {"gamma": 9.811104522073206, "lr": 0.4365627716811432}, "datetime": {"datetime": "2024-06-13 19:54:37", "elapsed": 5.63606, "delta": 0.003989}}
{"target": -973.3728231419146, "params": {"gamma": 9.720234197281384, "lr": 0.21439790417581406}, "datetime": {"datetime": "2024-06-13 19:54:37", "elapsed": 5.64005, "delta": 0.00399}}
{"target": -526.5568682597865, "params": {"gamma": 5.411667740203425, "lr": 0.4534353144697316}, "datetime": {"datetime": "2024-06-13 19:54:37", "elapsed": 5.645036, "delta": 0.004986}}
{"target": -1244.8893538909924, "params": {"gamma": 9.67612136622795, "lr": 0.8361762231353584}, "datetime": {"datetime": "2024-06-13 19:54:37", "elapsed": 5.649026, "delta": 0.00399}}
{"target": -235.41386311267564, "params": {"gamma": 2.142255100882632, "lr": 0.43953910215539116}, "datetime": {"datetime": "2024-06-13 19:54:37", "elapsed": 5.653015, "delta": 0.003989}}
{"target": -211.86997474842093, "params": {"gamma": 1.685601239492825, "lr": 0.5290872104552504}, "datetime": {"datetime": "2024-06-13 19:54:37", "elapsed": 5.657004, "delta": 0.003989}}
{"target": -1579.4651259011316, "params": {"gamma": 7.935053256996167, "lr": 0.03587914896601674}, "datetime": {"datetime": "2024-06-13 19:54:37", "elapsed": 5.661991, "delta": 0.004987}}
{"target": -293.9867389624641, "params": {"gamma": 1.9143974164796644, "lr": 0.9774555643930162}, "datetime": {"datetime": "2024-06-13 19:54:37", "elapsed": 5.695905, "delta": 0.033914}}
{"target": -985.8623696905046, "params": {"gamma": 9.608012262900427, "lr": 0.5565916591021018}, "datetime": {"datetime": "2024-06-13 19:54:37", "elapsed": 5.700888, "delta": 0.004983}}
{"target": -623.1412123092425, "params": {"gamma": 6.461261124237896, "lr": 0.27209301429327437}, "datetime": {"datetime": "2024-06-13 19:54:37", "elapsed": 5.704876, "delta": 0.003988}}
{"target": -1040.4344115696415, "params": {"gamma": 9.520958766042686, "lr": 0.66977480632724}, "datetime": {"datetime": "2024-06-13 19:54:37", "elapsed": 5.709863, "delta": 0.004987}}
{"target": -1328.6877948596702, "params": {"gamma": 6.6684131433924785, "lr": 0.011103333369922863}, "datetime": {"datetime": "2024-06-13 19:54:38", "elapsed": 5.714849, "delta": 0.004986}}
{"target": -1081.2966322754958, "params": {"gamma": 8.529845528647078, "lr": 0.7783262186802019}, "datetime": {"datetime": "2024-06-13 19:54:38", "elapsed": 5.718839, "delta": 0.00399}}
{"target": -797.7712158513066, "params": {"gamma": 6.849555045051163, "lr": 0.740781813019585}, "datetime": {"datetime": "2024-06-13 19:54:38", "elapsed": 5.722857, "delta": 0.004018}}
{"target": -220.46503141944785, "params": {"gamma": 1.5665676735591734, "lr": 0.71877505284865}, "datetime": {"datetime": "2024-06-13 19:54:38", "elapsed": 5.727815, "delta": 0.004958}}
{"target": -160.0648671901295, "params": {"gamma": 0.9690872885214075, "lr": 0.7069494480386341}, "datetime": {"datetime": "2024-06-13 19:54:38", "elapsed": 5.731804, "delta": 0.003989}}
{"target": -143.44619245523597, "params": {"gamma": 0.027315329458906884, "lr": 0.7762057874603809}, "datetime": {"datetime": "2024-06-13 19:54:38", "elapsed": 5.735794, "delta": 0.00399}}
{"target": -505.3955486531281, "params": {"gamma": 4.916080290630613, "lr": 0.20438686629786484}, "datetime": {"datetime": "2024-06-13 19:54:38", "elapsed": 5.74078, "delta": 0.004986}}
{"target": -654.5693044952419, "params": {"gamma": 7.292736897839507, "lr": 0.3156541317831608}, "datetime": {"datetime": "2024-06-13 19:54:38", "elapsed": 5.74477, "delta": 0.00399}}
{"target": -1095.7793213976004, "params": {"gamma": 8.83829208238512, "lr": 0.18023352523222202}, "datetime": {"datetime": "2024-06-13 19:54:38", "elapsed": 5.748759, "delta": 0.003989}}
{"target": -1284.0477214409086, "params": {"gamma": 9.385567992205967, "lr": 0.9707501480531616}, "datetime": {"datetime": "2024-06-13 19:54:38", "elapsed": 5.753746, "delta": 0.004987}}
{"target": -410.39947541160547, "params": {"gamma": 3.0455479552792557, "lr": 0.8624863997043009}, "datetime": {"datetime": "2024-06-13 19:54:38", "elapsed": 5.757736, "delta": 0.00399}}
{"target": -820.2277666258404, "params": {"gamma": 8.421949009551232, "lr": 0.4246127100946028}, "datetime": {"datetime": "2024-06-13 19:54:38", "elapsed": 5.761724, "delta": 0.003988}}
{"target": -360.1850397959131, "params": {"gamma": 3.637480394119995, "lr": 0.282437473235045}, "datetime": {"datetime": "2024-06-13 19:54:38", "elapsed": 5.765714, "delta": 0.00399}}
{"target": -940.6986068322504, "params": {"gamma": 9.93237460787099, "lr": 0.25575102695189966}, "datetime": {"datetime": "2024-06-13 19:54:38", "elapsed": 5.7707, "delta": 0.004986}}
{"target": -894.7759815099279, "params": {"gamma": 9.206835301993463, "lr": 0.4283352137597225}, "datetime": {"datetime": "2024-06-13 19:54:38", "elapsed": 5.77469, "delta": 0.00399}}
{"target": -1204.3540809011881, "params": {"gamma": 9.354334696401745, "lr": 0.8388448341981828}, "datetime": {"datetime": "2024-06-13 19:54:38", "elapsed": 5.778679, "delta": 0.003989}}
{"target": -190.40389460130578, "params": {"gamma": 1.5586174788295128, "lr": 0.5742833543508832}, "datetime": {"datetime": "2024-06-13 19:54:38", "elapsed": 5.782669, "delta": 0.00399}}
{"target": -660.0923204880853, "params": {"gamma": 6.7353566438421755, "lr": 0.4058204059990451}, "datetime": {"datetime": "2024-06-13 19:54:38", "elapsed": 5.787655, "delta": 0.004986}}
{"target": -140.9889197122781, "params": {"gamma": 0.04976556777778367, "lr": 0.3253313297689604}, "datetime": {"datetime": "2024-06-13 19:54:38", "elapsed": 5.791644, "delta": 0.003989}}
{"target": -1669.4649759290141, "params": {"gamma": 8.389610534784513, "lr": 0.06282398021726943}, "datetime": {"datetime": "2024-06-13 19:54:38", "elapsed": 5.795634, "delta": 0.00399}}
