{"target": -264.9023372003015, "params": {"gamma": 6.250711640076693, "prior": 6.634028573401182, "rate": 7.340553331594224}, "datetime": {"datetime": "2024-06-14 08:53:28", "elapsed": 18.392595, "delta": 0.009974}}
{"target": -202.52604598477976, "params": {"gamma": 5.54904548691878, "prior": 1.162819548016187, "rate": 6.403837458691426}, "datetime": {"datetime": "2024-06-14 08:53:28", "elapsed": 18.402731, "delta": 0.010136}}
{"target": -227.57136755382203, "params": {"gamma": 6.705637999047665, "prior": 2.5760592163646616, "rate": 9.48280432589309}, "datetime": {"datetime": "2024-06-14 08:53:28", "elapsed": 18.413702, "delta": 0.010971}}
{"target": -234.54749472796348, "params": {"gamma": 4.527038501594155, "prior": 8.680484824940818, "rate": 6.5311578451151915}, "datetime": {"datetime": "2024-06-14 08:53:28", "elapsed": 18.423675, "delta": 0.009973}}
{"target": -257.36868644680834, "params": {"gamma": 6.165734558182161, "prior": 5.53906870999164, "rate": 6.4760270347112066}, "datetime": {"datetime": "2024-06-14 08:53:28", "elapsed": 18.433649, "delta": 0.009974}}
{"target": -375.9628276792592, "params": {"gamma": 8.443508165581074, "prior": 7.79110035202588, "rate": 6.726602036977152}, "datetime": {"datetime": "2024-06-14 08:53:28", "elapsed": 18.444619, "delta": 0.01097}}
{"target": -125.56403844745205, "params": {"gamma": 0.31942149138614195, "prior": 0.18607824607212345, "rate": 3.5860179122930487}, "datetime": {"datetime": "2024-06-14 08:53:28", "elapsed": 18.454621, "delta": 0.010002}}
{"target": -159.89425154858907, "params": {"gamma": 0.30730757815686666, "prior": 5.226689787064359, "rate": 0.036535454134401193}, "datetime": {"datetime": "2024-06-14 08:53:28", "elapsed": 18.464569, "delta": 0.009948}}
{"target": -187.1705916676924, "params": {"gamma": 4.80782326402619, "prior": 3.8383252631823646, "rate": 9.57468291548391}, "datetime": {"datetime": "2024-06-14 08:53:28", "elapsed": 18.474545, "delta": 0.009976}}
{"target": -117.8753966520513, "params": {"gamma": 0.5594796463757505, "prior": 0.7453906352106907, "rate": 8.492816205896958}, "datetime": {"datetime": "2024-06-14 08:53:28", "elapsed": 18.485519, "delta": 0.010974}}
{"target": -628.1261964979808, "params": {"gamma": 7.95278352446082, "prior": 9.364876906499536, "rate": 0.7832882493134576}, "datetime": {"datetime": "2024-06-14 08:53:28", "elapsed": 18.495492, "delta": 0.009973}}
{"target": -324.1942566216473, "params": {"gamma": 6.201377645038051, "prior": 5.192608250406824, "rate": 3.2164188746044267}, "datetime": {"datetime": "2024-06-14 08:53:28", "elapsed": 18.505468, "delta": 0.009976}}
{"target": -501.0096677965722, "params": {"gamma": 6.108503694482293, "prior": 9.188970106003065, "rate": 0.6265924993176286}, "datetime": {"datetime": "2024-06-14 08:53:28", "elapsed": 18.515441, "delta": 0.009973}}
{"target": -256.93493566086835, "params": {"gamma": 6.597601675698143, "prior": 2.9231979136433965, "rate": 4.05507146708443}, "datetime": {"datetime": "2024-06-14 08:53:28", "elapsed": 18.525417, "delta": 0.009976}}
{"target": -278.9395519962577, "params": {"gamma": 8.497095650065528, "prior": 1.3051221032419362, "rate": 8.429867764940202}, "datetime": {"datetime": "2024-06-14 08:53:28", "elapsed": 18.53639, "delta": 0.010973}}
{"target": -203.41884609144196, "params": {"gamma": 4.043023200888809, "prior": 9.840486039447793, "rate": 9.180238599391384}, "datetime": {"datetime": "2024-06-14 08:53:28", "elapsed": 18.546365, "delta": 0.009975}}
{"target": -219.7333120496496, "params": {"gamma": 4.077336153001339, "prior": 3.0494110501065124, "rate": 2.210242885260159}, "datetime": {"datetime": "2024-06-14 08:53:28", "elapsed": 18.556341, "delta": 0.009976}}
{"target": -146.45825706694418, "params": {"gamma": 2.178141660255354, "prior": 7.710506836041361, "rate": 7.554669376147851}, "datetime": {"datetime": "2024-06-14 08:53:28", "elapsed": 18.566314, "delta": 0.009973}}
{"target": -308.05388207785956, "params": {"gamma": 9.782554060479685, "prior": 0.9247667416835517, "rate": 2.20261362016969}, "datetime": {"datetime": "2024-06-14 08:53:28", "elapsed": 18.577285, "delta": 0.010971}}
{"target": -404.90716929089746, "params": {"gamma": 9.837125648386799, "prior": 5.509106350626703, "rate": 5.537150485250019}, "datetime": {"datetime": "2024-06-14 08:53:28", "elapsed": 18.587033, "delta": 0.009748}}
{"target": -198.97610848041634, "params": {"gamma": 3.4883611819824956, "prior": 7.06748571585924, "rate": 4.998138049601288}, "datetime": {"datetime": "2024-06-14 08:53:28", "elapsed": 18.597513, "delta": 0.01048}}
{"target": -412.59854667919177, "params": {"gamma": 4.695463118034527, "prior": 5.542751161345011, "rate": 0.25277683452447997}, "datetime": {"datetime": "2024-06-14 08:53:28", "elapsed": 18.607486, "delta": 0.009973}}
{"target": -195.77871647860766, "params": {"gamma": 5.313075133078175, "prior": 1.4163491522539797, "rate": 4.589832013123402}, "datetime": {"datetime": "2024-06-14 08:53:28", "elapsed": 18.618808, "delta": 0.011322}}
{"target": -139.62490670320403, "params": {"gamma": 0.8236297527845414, "prior": 8.900720326296751, "rate": 3.7848776219177442}, "datetime": {"datetime": "2024-06-14 08:53:28", "elapsed": 18.628782, "delta": 0.009974}}
{"target": -315.6492568575014, "params": {"gamma": 4.304116749507192, "prior": 7.4464056980919, "rate": 1.5585894193146912}, "datetime": {"datetime": "2024-06-14 08:53:28", "elapsed": 18.638755, "delta": 0.009973}}
{"target": -288.7978148191366, "params": {"gamma": 5.750661895522346, "prior": 5.159372732252272, "rate": 3.6836674731700536}, "datetime": {"datetime": "2024-06-14 08:53:28", "elapsed": 18.649725, "delta": 0.01097}}
{"target": -360.61814561943527, "params": {"gamma": 6.833671828543643, "prior": 7.965413407633205, "rate": 4.677377247445764}, "datetime": {"datetime": "2024-06-14 08:53:28", "elapsed": 18.659698, "delta": 0.009973}}
{"target": -352.6228643915611, "params": {"gamma": 6.273883706867163, "prior": 9.134137256508124, "rate": 4.570261651531608}, "datetime": {"datetime": "2024-06-14 08:53:28", "elapsed": 18.669672, "delta": 0.009974}}
{"target": -134.06179980294235, "params": {"gamma": 1.3510644515976318, "prior": 5.4780076342581925, "rate": 4.300850527874765}, "datetime": {"datetime": "2024-06-14 08:53:28", "elapsed": 18.680643, "delta": 0.010971}}
{"target": -534.617079513881, "params": {"gamma": 7.6833624868607115, "prior": 7.996978647259612, "rate": 1.719287872743418}, "datetime": {"datetime": "2024-06-14 08:53:28", "elapsed": 18.690616, "delta": 0.009973}}
{"target": -174.82410179837984, "params": {"gamma": 4.379951424269699, "prior": 2.741527848856144, "rate": 9.54693755681465}, "datetime": {"datetime": "2024-06-14 08:53:28", "elapsed": 18.70065, "delta": 0.010034}}
{"target": -391.63928562811293, "params": {"gamma": 9.368784466603346, "prior": 4.400052644616815, "rate": 4.310675867474359}, "datetime": {"datetime": "2024-06-14 08:53:28", "elapsed": 18.710594, "delta": 0.009944}}
{"target": -435.12541241115696, "params": {"gamma": 7.465025027815888, "prior": 6.000161900798046, "rate": 2.5914507949566294}, "datetime": {"datetime": "2024-06-14 08:53:28", "elapsed": 18.721432, "delta": 0.010838}}
{"target": -245.19653899921792, "params": {"gamma": 4.832217482249796, "prior": 8.912072929132934, "rate": 6.815859364103486}, "datetime": {"datetime": "2024-06-14 08:53:28", "elapsed": 18.731409, "delta": 0.009977}}
{"target": -365.8721005885506, "params": {"gamma": 5.631702156360547, "prior": 8.779863851817137, "rate": 2.763487550262558}, "datetime": {"datetime": "2024-06-14 08:53:28", "elapsed": 18.742809, "delta": 0.0114}}
{"target": -308.07649126468937, "params": {"gamma": 9.968477906522146, "prior": 2.07841434989855, "rate": 8.398095485642296}, "datetime": {"datetime": "2024-06-14 08:53:28", "elapsed": 18.753282, "delta": 0.010473}}
{"target": -369.0168119357933, "params": {"gamma": 7.423677265955892, "prior": 8.654133782311007, "rate": 5.849590827242212}, "datetime": {"datetime": "2024-06-14 08:53:28", "elapsed": 18.763256, "delta": 0.009974}}
{"target": -138.42503043176694, "params": {"gamma": 2.324580257505538, "prior": 4.8868473200156455, "rate": 8.623889760611993}, "datetime": {"datetime": "2024-06-14 08:53:28", "elapsed": 18.776223, "delta": 0.012967}}
{"target": -262.3371398289956, "params": {"gamma": 7.9782472422770105, "prior": 1.8177543148375053, "rate": 9.922107078907667}, "datetime": {"datetime": "2024-06-14 08:53:28", "elapsed": 18.791185, "delta": 0.014962}}
{"target": -131.4487989461752, "params": {"gamma": 0.30509199963247896, "prior": 3.987219786468616, "rate": 7.544258751962611}, "datetime": {"datetime": "2024-06-14 08:53:29", "elapsed": 18.801191, "delta": 0.010006}}
{"target": -310.76677383847, "params": {"gamma": 9.737423089296351, "prior": 1.5070537571269909, "rate": 9.240481445983646}, "datetime": {"datetime": "2024-06-14 08:53:29", "elapsed": 18.812134, "delta": 0.010943}}
{"target": -152.93917934573668, "params": {"gamma": 2.1910205215764544, "prior": 5.571121613460873, "rate": 4.328641890073879}, "datetime": {"datetime": "2024-06-14 08:53:29", "elapsed": 18.823143, "delta": 0.011009}}
{"target": -308.23219060254496, "params": {"gamma": 8.080742990009732, "prior": 1.471838851029407, "rate": 1.909508341737192}, "datetime": {"datetime": "2024-06-14 08:53:29", "elapsed": 18.83312, "delta": 0.009977}}
{"target": -203.7502866055828, "params": {"gamma": 5.6755575331194175, "prior": 2.178521665483254, "rate": 8.800046492896152}, "datetime": {"datetime": "2024-06-14 08:53:29", "elapsed": 18.844091, "delta": 0.010971}}
{"target": -274.2799010065565, "params": {"gamma": 5.783951692141619, "prior": 9.126375539251068, "rate": 7.643651482024123}, "datetime": {"datetime": "2024-06-14 08:53:29", "elapsed": 18.855065, "delta": 0.010974}}
{"target": -391.9771939705235, "params": {"gamma": 4.749956447996781, "prior": 6.954842154506416, "rate": 0.5989622103785784}, "datetime": {"datetime": "2024-06-14 08:53:29", "elapsed": 18.866039, "delta": 0.010974}}
{"target": -485.50159996587064, "params": {"gamma": 6.3129540540322955, "prior": 9.842067917397047, "rate": 1.1947254178184115}, "datetime": {"datetime": "2024-06-14 08:53:29", "elapsed": 18.876395, "delta": 0.010356}}
{"target": -190.3729545791777, "params": {"gamma": 4.516215172846799, "prior": 0.2834860525337505, "rate": 6.881590456377558}, "datetime": {"datetime": "2024-06-14 08:53:29", "elapsed": 18.886368, "delta": 0.009973}}
{"target": -143.2056724677235, "params": {"gamma": 0.19520689181535128, "prior": 4.607194980262459, "rate": 2.192284951246659}, "datetime": {"datetime": "2024-06-14 08:53:29", "elapsed": 18.89734, "delta": 0.010972}}
{"target": -336.56449892878345, "params": {"gamma": 8.072347745473287, "prior": 6.491810326909217, "rate": 6.663022020111727}, "datetime": {"datetime": "2024-06-14 08:53:29", "elapsed": 18.90831, "delta": 0.01097}}
{"target": -200.1314008374075, "params": {"gamma": 5.49936117147423, "prior": 2.5794193904395852, "rate": 8.157094551477481}, "datetime": {"datetime": "2024-06-14 08:53:29", "elapsed": 18.918283, "delta": 0.009973}}
{"target": -328.848266574726, "params": {"gamma": 8.801319434535824, "prior": 4.439339280064714, "rate": 5.863711820741532}, "datetime": {"datetime": "2024-06-14 08:53:29", "elapsed": 18.929255, "delta": 0.010972}}
{"target": -295.8936822214979, "params": {"gamma": 6.243379942629359, "prior": 7.303295041403323, "rate": 5.909446588136741}, "datetime": {"datetime": "2024-06-14 08:53:29", "elapsed": 18.939227, "delta": 0.009972}}
{"target": -398.81920312067496, "params": {"gamma": 8.066169168171944, "prior": 8.258471981731269, "rate": 5.56594710415588}, "datetime": {"datetime": "2024-06-14 08:53:29", "elapsed": 18.950198, "delta": 0.010971}}
{"target": -293.6855250004562, "params": {"gamma": 8.829655088096155, "prior": 2.109092556269915, "rate": 4.136740721638024}, "datetime": {"datetime": "2024-06-14 08:53:29", "elapsed": 18.960171, "delta": 0.009973}}
{"target": -222.41937909578823, "params": {"gamma": 6.301468383632087, "prior": 1.1154697020039852, "rate": 7.186717564230962}, "datetime": {"datetime": "2024-06-14 08:53:29", "elapsed": 18.969682, "delta": 0.009511}}
{"target": -214.31132289184833, "params": {"gamma": 4.797353694402805, "prior": 3.852038987367971, "rate": 4.519015226631978}, "datetime": {"datetime": "2024-06-14 08:53:29", "elapsed": 18.980623, "delta": 0.010941}}
{"target": -159.6730635283217, "params": {"gamma": 3.6764939669400882, "prior": 2.471426634522078, "rate": 9.158808384961374}, "datetime": {"datetime": "2024-06-14 08:53:29", "elapsed": 18.990597, "delta": 0.009974}}
{"target": -443.27001812466216, "params": {"gamma": 7.993823586812164, "prior": 3.406006211735859, "rate": 1.691347664222673}, "datetime": {"datetime": "2024-06-14 08:53:29", "elapsed": 19.00057, "delta": 0.009973}}
{"target": -129.72570683110624, "params": {"gamma": 1.1671456351759943, "prior": 7.973795195960528, "rate": 7.020580256606766}, "datetime": {"datetime": "2024-06-14 08:53:29", "elapsed": 19.011092, "delta": 0.010522}}
{"target": -115.53001208545706, "params": {"gamma": 0.7532513187567459, "prior": 1.2542804976959159, "rate": 9.138126532938669}, "datetime": {"datetime": "2024-06-14 08:53:29", "elapsed": 19.021066, "delta": 0.009974}}
{"target": -540.970656019688, "params": {"gamma": 8.697844167744172, "prior": 2.990329199931283, "rate": 1.0208976946159853}, "datetime": {"datetime": "2024-06-14 08:53:29", "elapsed": 19.032036, "delta": 0.01097}}
{"target": -289.0851377545848, "params": {"gamma": 8.089104924003614, "prior": 0.35911927558226864, "rate": 6.363840611525337}, "datetime": {"datetime": "2024-06-14 08:53:29", "elapsed": 19.04201, "delta": 0.009974}}
{"target": -169.35904085534548, "params": {"gamma": 1.6017100608988064, "prior": 6.947081844135219, "rate": 1.6810289418629691}, "datetime": {"datetime": "2024-06-14 08:53:29", "elapsed": 19.052012, "delta": 0.010002}}
{"target": -159.89437602988713, "params": {"gamma": 3.491138224246637, "prior": 1.3086604715542876, "rate": 2.8715832231230745}, "datetime": {"datetime": "2024-06-14 08:53:29", "elapsed": 19.061956, "delta": 0.009944}}
{"target": -124.50243263870065, "params": {"gamma": 1.2918445291131877, "prior": 4.687523094792548, "rate": 6.494427895595687}, "datetime": {"datetime": "2024-06-14 08:53:29", "elapsed": 19.072927, "delta": 0.010971}}
{"target": -209.41113276707796, "params": {"gamma": 3.945711176055152, "prior": 9.534289164446331, "rate": 7.5488990420267905}, "datetime": {"datetime": "2024-06-14 08:53:29", "elapsed": 19.0829, "delta": 0.009973}}
{"target": -298.69994541343095, "params": {"gamma": 5.444208932057693, "prior": 5.67887663019228, "rate": 3.2067189291281246}, "datetime": {"datetime": "2024-06-14 08:53:29", "elapsed": 19.092874, "delta": 0.009974}}
{"target": -498.2489231898667, "params": {"gamma": 5.1256851497310105, "prior": 7.602335802195582, "rate": 0.019094445132394236}, "datetime": {"datetime": "2024-06-14 08:53:29", "elapsed": 19.102847, "delta": 0.009973}}
{"target": -228.96815162183862, "params": {"gamma": 4.806438381858799, "prior": 9.051149756240171, "rate": 8.49515263986085}, "datetime": {"datetime": "2024-06-14 08:53:29", "elapsed": 19.11282, "delta": 0.009973}}
{"target": -152.94443005177627, "params": {"gamma": 2.210733350081861, "prior": 7.388740776568681, "rate": 5.849151492900638}, "datetime": {"datetime": "2024-06-14 08:53:29", "elapsed": 19.123791, "delta": 0.010971}}
{"target": -243.69173996180035, "params": {"gamma": 5.255835607120612, "prior": 6.648300677217822, "rate": 6.321044057567672}, "datetime": {"datetime": "2024-06-14 08:53:29", "elapsed": 19.133764, "delta": 0.009973}}
{"target": -137.5287750585407, "params": {"gamma": 0.7151025607260231, "prior": 4.226738133427656, "rate": 1.9937729109275177}, "datetime": {"datetime": "2024-06-14 08:53:29", "elapsed": 19.144734, "delta": 0.01097}}
{"target": -260.2325910895041, "params": {"gamma": 7.006133824526521, "prior": 2.8057722884778102, "rate": 4.36475792464087}, "datetime": {"datetime": "2024-06-14 08:53:29", "elapsed": 19.154708, "delta": 0.009974}}
{"target": -333.96419851465896, "params": {"gamma": 8.216434846465544, "prior": 7.852323575275002, "rate": 8.541747338132712}, "datetime": {"datetime": "2024-06-14 08:53:29", "elapsed": 19.164681, "delta": 0.009973}}
{"target": -428.98632293443336, "params": {"gamma": 4.791059397936408, "prior": 9.272297925997325, "rate": 0.31651532588659786}, "datetime": {"datetime": "2024-06-14 08:53:29", "elapsed": 19.174655, "delta": 0.009974}}
{"target": -299.6796559998584, "params": {"gamma": 9.382894180194201, "prior": 3.551425046560445, "rate": 8.128417943848676}, "datetime": {"datetime": "2024-06-14 08:53:29", "elapsed": 19.185625, "delta": 0.01097}}
{"target": -436.4497494125037, "params": {"gamma": 9.483262648120892, "prior": 8.928959309652628, "rate": 6.980493154617331}, "datetime": {"datetime": "2024-06-14 08:53:29", "elapsed": 19.195598, "delta": 0.009973}}
{"target": -380.50553723761726, "params": {"gamma": 6.702161211463432, "prior": 9.738421930452827, "rate": 4.651622241751715}, "datetime": {"datetime": "2024-06-14 08:53:29", "elapsed": 19.205579, "delta": 0.009981}}
{"target": -115.41884629835528, "params": {"gamma": 1.041066599814464, "prior": 0.3390594280462933, "rate": 8.813120742542266}, "datetime": {"datetime": "2024-06-14 08:53:29", "elapsed": 19.216267, "delta": 0.010688}}
{"target": -140.06955299805753, "params": {"gamma": 0.2628840047433559, "prior": 9.513197094050101, "rate": 5.699606506289468}, "datetime": {"datetime": "2024-06-14 08:53:29", "elapsed": 19.22624, "delta": 0.009973}}
{"target": -115.44196702015637, "params": {"gamma": 1.0873943825156032, "prior": 0.12808924763751406, "rate": 1.8532876710508426}, "datetime": {"datetime": "2024-06-14 08:54:22", "elapsed": 72.644475, "delta": 53.418235}}
{"target": -148.96919700657133, "params": {"gamma": 0.001, "prior": 10.0, "rate": 10.0}, "datetime": {"datetime": "2024-06-14 08:54:51", "elapsed": 100.992576, "delta": 28.348101}}
{"target": -115.59168227852719, "params": {"gamma": 0.9312473212180036, "prior": 0.1, "rate": 9.99544136586947}, "datetime": {"datetime": "2024-06-14 08:55:36", "elapsed": 145.905073, "delta": 44.912497}}
{"target": -114.91974405940965, "params": {"gamma": 0.9279820164360713, "prior": 1.4433879869330972, "rate": 9.950670671753839}, "datetime": {"datetime": "2024-06-14 08:56:20", "elapsed": 190.019806, "delta": 44.114733}}
{"target": -115.012955506914, "params": {"gamma": 1.0132540770627771, "prior": 0.6396498111615939, "rate": 9.595459809518994}, "datetime": {"datetime": "2024-06-14 08:56:45", "elapsed": 215.156476, "delta": 25.13667}}
{"target": -114.83401057385281, "params": {"gamma": 0.8113592054606471, "prior": 0.30979546925866697, "rate": 6.805496698754322}, "datetime": {"datetime": "2024-06-14 08:57:22", "elapsed": 252.541918, "delta": 37.385442}}
{"target": -115.19804709299852, "params": {"gamma": 1.0662484822206735, "prior": 0.10897708305422965, "rate": 1.0011141506338852}, "datetime": {"datetime": "2024-06-14 08:57:58", "elapsed": 287.875616, "delta": 35.333698}}
{"target": -118.27374566679428, "params": {"gamma": 0.521534418151926, "prior": 0.17089988086297542, "rate": 8.84346303909617}, "datetime": {"datetime": "2024-06-14 08:58:21", "elapsed": 311.652289, "delta": 23.776673}}
{"target": -115.77560355665592, "params": {"gamma": 1.0493018865609083, "prior": 0.1717356357300951, "rate": 7.305920152941964}, "datetime": {"datetime": "2024-06-14 08:59:04", "elapsed": 354.70597, "delta": 43.053681}}
{"target": -114.76728154299956, "params": {"gamma": 0.8557116324158699, "prior": 0.17711751142718474, "rate": 4.118570601450691}, "datetime": {"datetime": "2024-06-14 08:59:36", "elapsed": 385.826665, "delta": 31.120695}}
{"target": -116.58500723704825, "params": {"gamma": 1.2379590806948548, "prior": 1.630359591526065, "rate": 9.425247326186746}, "datetime": {"datetime": "2024-06-14 08:59:59", "elapsed": 409.499892, "delta": 23.673227}}
{"target": -115.13624379889507, "params": {"gamma": 0.794558354099166, "prior": 0.6271432870803401, "rate": 5.071837885452029}, "datetime": {"datetime": "2024-06-14 09:00:24", "elapsed": 434.752718, "delta": 25.252826}}
{"target": -115.33959351615587, "params": {"gamma": 0.8683660067980528, "prior": 0.7911077021036999, "rate": 4.240869523556881}, "datetime": {"datetime": "2024-06-14 09:00:50", "elapsed": 460.534688, "delta": 25.78197}}
{"target": -115.18676328334182, "params": {"gamma": 0.798859492303661, "prior": 0.13512002294074368, "rate": 9.529011417116047}, "datetime": {"datetime": "2024-06-14 09:01:29", "elapsed": 499.534902, "delta": 39.000214}}
{"target": -114.84517899806376, "params": {"gamma": 0.8511683429613919, "prior": 0.2802298614745672, "rate": 2.4386464594691586}, "datetime": {"datetime": "2024-06-14 09:01:52", "elapsed": 522.707327, "delta": 23.172425}}
{"target": -120.47438980008884, "params": {"gamma": 1.3616793562988536, "prior": 0.1, "rate": 10.0}, "datetime": {"datetime": "2024-06-14 09:02:22", "elapsed": 551.889189, "delta": 29.181862}}
{"target": -115.00508876700476, "params": {"gamma": 1.0092463179442275, "prior": 1.1243356657844839, "rate": 8.357380182110635}, "datetime": {"datetime": "2024-06-14 09:03:20", "elapsed": 610.439036, "delta": 58.549847}}
{"target": -117.5473717770634, "params": {"gamma": 1.1730300593702636, "prior": 3.305790566493602, "rate": 9.98437957890221}, "datetime": {"datetime": "2024-06-14 09:03:57", "elapsed": 647.508679, "delta": 37.069643}}
{"target": -115.41262026815753, "params": {"gamma": 0.9889346821012147, "prior": 0.17252064815756102, "rate": 7.911699153821619}, "datetime": {"datetime": "2024-06-14 09:04:49", "elapsed": 699.671088, "delta": 52.162409}}
{"target": -115.31106763911872, "params": {"gamma": 0.9682301144587294, "prior": 0.10828951110989306, "rate": 5.072107941965682}, "datetime": {"datetime": "2024-06-14 09:05:27", "elapsed": 737.634295, "delta": 37.963207}}
