{"target": -1134.0131578319194, "params": {"gamma": 2.8585435506242662, "lr": 0.009707596574816568}, "datetime": {"datetime": "2024-06-13 17:05:02", "elapsed": 5.50483, "delta": 0.004987}}
{"target": -897.1223413766663, "params": {"gamma": 5.754942892815359, "lr": 0.30779227833471057}, "datetime": {"datetime": "2024-06-13 17:05:02", "elapsed": 5.508819, "delta": 0.003989}}
{"target": -395.67329397447963, "params": {"gamma": 1.5159891044593792, "lr": 0.9712833117325801}, "datetime": {"datetime": "2024-06-13 17:05:02", "elapsed": 5.512808, "delta": 0.003989}}
{"target": -377.42655063611585, "params": {"gamma": 1.6505577067216257, "lr": 0.7272354411432771}, "datetime": {"datetime": "2024-06-13 17:05:02", "elapsed": 5.517795, "delta": 0.004987}}
{"target": -2084.850928493131, "params": {"gamma": 8.907351190743636, "lr": 0.8587151157269453}, "datetime": {"datetime": "2024-06-13 17:05:02", "elapsed": 5.521784, "delta": 0.003989}}
{"target": -341.3528433471951, "params": {"gamma": 1.8433864145173096, "lr": 0.23680853369423926}, "datetime": {"datetime": "2024-06-13 17:05:02", "elapsed": 5.525774, "delta": 0.00399}}
{"target": -142.07004516942516, "params": {"gamma": 0.1846080023892216, "lr": 0.9314054672648543}, "datetime": {"datetime": "2024-06-13 17:05:02", "elapsed": 5.53076, "delta": 0.004986}}
{"target": -1667.4482295206094, "params": {"gamma": 8.871324645396406, "lr": 0.5954661689695429}, "datetime": {"datetime": "2024-06-13 17:05:02", "elapsed": 5.53475, "delta": 0.00399}}
{"target": -267.0331536719006, "params": {"gamma": 1.0945671874130298, "lr": 0.17354264684250154}, "datetime": {"datetime": "2024-06-13 17:05:02", "elapsed": 5.538739, "delta": 0.003989}}
{"target": -895.2859346085351, "params": {"gamma": 5.770026748955153, "lr": 0.25165697350014493}, "datetime": {"datetime": "2024-06-13 17:05:02", "elapsed": 5.543725, "delta": 0.004986}}
{"target": -641.8970469920614, "params": {"gamma": 3.0024181605272484, "lr": 0.17098734894301837}, "datetime": {"datetime": "2024-06-13 17:05:02", "elapsed": 5.547715, "delta": 0.00399}}
{"target": -343.86499124147707, "params": {"gamma": 1.8967275990085757, "lr": 0.4634211543904514}, "datetime": {"datetime": "2024-06-13 17:05:02", "elapsed": 5.551704, "delta": 0.003989}}
{"target": -953.7866977312995, "params": {"gamma": 5.099229852311732, "lr": 0.5115798896647326}, "datetime": {"datetime": "2024-06-13 17:05:02", "elapsed": 5.556691, "delta": 0.004987}}
{"target": -2485.250253574523, "params": {"gamma": 9.971390854869842, "lr": 0.1295958172701398}, "datetime": {"datetime": "2024-06-13 17:05:02", "elapsed": 5.56068, "delta": 0.003989}}
{"target": -1652.1789449791902, "params": {"gamma": 7.561942713988967, "lr": 0.7937567472248925}, "datetime": {"datetime": "2024-06-13 17:05:02", "elapsed": 5.565667, "delta": 0.004987}}
{"target": -984.7279309453816, "params": {"gamma": 5.849241105106437, "lr": 0.4627381802693252}, "datetime": {"datetime": "2024-06-13 17:05:02", "elapsed": 5.569656, "delta": 0.003989}}
{"target": -2024.8523536856603, "params": {"gamma": 8.934372946865443, "lr": 0.8281802190731247}, "datetime": {"datetime": "2024-06-13 17:05:02", "elapsed": 5.573646, "delta": 0.00399}}
{"target": -178.8850325065323, "params": {"gamma": 0.5038590693510084, "lr": 0.962983753087854}, "datetime": {"datetime": "2024-06-13 17:05:02", "elapsed": 5.578633, "delta": 0.004987}}
{"target": -142.87210480078545, "params": {"gamma": 0.07439157764468438, "lr": 0.5731322046839419}, "datetime": {"datetime": "2024-06-13 17:05:02", "elapsed": 5.582621, "delta": 0.003988}}
{"target": -1322.2115900709282, "params": {"gamma": 5.7247357384538, "lr": 0.8343796647905168}, "datetime": {"datetime": "2024-06-13 17:05:02", "elapsed": 5.587608, "delta": 0.004987}}
{"target": -1372.41284153625, "params": {"gamma": 3.8477759631858306, "lr": 0.09104086904598219}, "datetime": {"datetime": "2024-06-13 17:05:02", "elapsed": 5.591598, "delta": 0.00399}}
{"target": -2260.1165177254884, "params": {"gamma": 5.81729100641988, "lr": 0.024845860363731265}, "datetime": {"datetime": "2024-06-13 17:05:02", "elapsed": 5.595587, "delta": 0.003989}}
{"target": -899.991520221809, "params": {"gamma": 3.618595813310707, "lr": 0.9853168020853229}, "datetime": {"datetime": "2024-06-13 17:05:02", "elapsed": 5.599576, "delta": 0.003989}}
{"target": -1902.4296544500248, "params": {"gamma": 8.687919916680645, "lr": 0.15249674176120542}, "datetime": {"datetime": "2024-06-13 17:05:02", "elapsed": 5.604563, "delta": 0.004987}}
{"target": -1788.0992126191368, "params": {"gamma": 7.988462064471767, "lr": 0.8109969194215267}, "datetime": {"datetime": "2024-06-13 17:05:02", "elapsed": 5.608685, "delta": 0.004122}}
{"target": -1569.7707714584064, "params": {"gamma": 9.282143984052633, "lr": 0.22438426604398454}, "datetime": {"datetime": "2024-06-13 17:05:02", "elapsed": 5.613672, "delta": 0.004987}}
{"target": -1138.0174241648028, "params": {"gamma": 4.990175777525101, "lr": 0.8274440914110759}, "datetime": {"datetime": "2024-06-13 17:05:02", "elapsed": 5.617662, "delta": 0.00399}}
{"target": -1258.8260306922252, "params": {"gamma": 6.673670516196978, "lr": 0.5939361433837695}, "datetime": {"datetime": "2024-06-13 17:05:02", "elapsed": 5.621651, "delta": 0.003989}}
{"target": -1110.047731342768, "params": {"gamma": 6.520106231886649, "lr": 0.23851601279901302}, "datetime": {"datetime": "2024-06-13 17:05:02", "elapsed": 5.626665, "delta": 0.005014}}
{"target": -145.4673655368827, "params": {"gamma": 0.2563753086730316, "lr": 0.736257257446534}, "datetime": {"datetime": "2024-06-13 17:05:02", "elapsed": 5.630656, "delta": 0.003991}}
{"target": -523.774746038758, "params": {"gamma": 3.268591461483445, "lr": 0.3767568869201464}, "datetime": {"datetime": "2024-06-13 17:05:02", "elapsed": 5.634615, "delta": 0.003959}}
{"target": -1225.8606910440974, "params": {"gamma": 6.126547925441392, "lr": 0.657165042363517}, "datetime": {"datetime": "2024-06-13 17:05:02", "elapsed": 5.639602, "delta": 0.004987}}
{"target": -478.5523298152902, "params": {"gamma": 2.0297861073278014, "lr": 0.8260315378454188}, "datetime": {"datetime": "2024-06-13 17:05:02", "elapsed": 5.643591, "delta": 0.003989}}
{"target": -772.0377282619435, "params": {"gamma": 3.802685845849549, "lr": 0.6317444085013915}, "datetime": {"datetime": "2024-06-13 17:05:02", "elapsed": 5.648578, "delta": 0.004987}}
{"target": -1806.6166702441517, "params": {"gamma": 9.664147745107453, "lr": 0.5647862352666362}, "datetime": {"datetime": "2024-06-13 17:05:02", "elapsed": 5.652567, "delta": 0.003989}}
{"target": -725.3579153495955, "params": {"gamma": 3.58975250674678, "lr": 0.6189701087401422}, "datetime": {"datetime": "2024-06-13 17:05:02", "elapsed": 5.657554, "delta": 0.004987}}
{"target": -855.8716843922294, "params": {"gamma": 5.018429387513632, "lr": 0.45237624777785157}, "datetime": {"datetime": "2024-06-13 17:05:02", "elapsed": 5.661544, "delta": 0.00399}}
{"target": -1803.8392873485948, "params": {"gamma": 7.32297507682793, "lr": 0.9245101499841026}, "datetime": {"datetime": "2024-06-13 17:05:02", "elapsed": 5.66653, "delta": 0.004986}}
{"target": -1843.0088030979146, "params": {"gamma": 4.793234881420612, "lr": 0.08823015100009579}, "datetime": {"datetime": "2024-06-13 17:05:02", "elapsed": 5.670519, "delta": 0.003989}}
{"target": -973.1494293498591, "params": {"gamma": 5.696965913284056, "lr": 0.2449508551148344}, "datetime": {"datetime": "2024-06-13 17:05:02", "elapsed": 5.674509, "delta": 0.00399}}
{"target": -157.0376561300439, "params": {"gamma": 0.3967395368422162, "lr": 0.7881402066436831}, "datetime": {"datetime": "2024-06-13 17:05:02", "elapsed": 5.679495, "delta": 0.004986}}
{"target": -606.9002344043353, "params": {"gamma": 2.728409598411216, "lr": 0.7770704929423838}, "datetime": {"datetime": "2024-06-13 17:05:02", "elapsed": 5.683524, "delta": 0.004029}}
{"target": -765.2332793437851, "params": {"gamma": 4.882601221938961, "lr": 0.31793589107511533}, "datetime": {"datetime": "2024-06-13 17:05:02", "elapsed": 5.687474, "delta": 0.00395}}
{"target": -1241.2892665738411, "params": {"gamma": 3.1409404750589167, "lr": 0.04202476008611444}, "datetime": {"datetime": "2024-06-13 17:05:02", "elapsed": 5.692461, "delta": 0.004987}}
{"target": -1217.5874248455498, "params": {"gamma": 5.344463969208603, "lr": 0.8235515559967603}, "datetime": {"datetime": "2024-06-13 17:05:02", "elapsed": 5.696451, "delta": 0.00399}}
{"target": -324.6644379327657, "params": {"gamma": 0.8398696296412803, "lr": 0.10855870560871761}, "datetime": {"datetime": "2024-06-13 17:05:02", "elapsed": 5.701436, "delta": 0.004985}}
{"target": -1061.068523303317, "params": {"gamma": 5.293030012750302, "lr": 0.6601418096235968}, "datetime": {"datetime": "2024-06-13 17:05:02", "elapsed": 5.705426, "delta": 0.00399}}
{"target": -1077.6708460478653, "params": {"gamma": 6.947765177374281, "lr": 0.313221695146886}, "datetime": {"datetime": "2024-06-13 17:05:02", "elapsed": 5.710413, "delta": 0.004987}}
{"target": -149.42027477852918, "params": {"gamma": 0.37873998028565886, "lr": 0.4145628796923949}, "datetime": {"datetime": "2024-06-13 17:05:02", "elapsed": 5.714402, "delta": 0.003989}}
{"target": -907.5383382970891, "params": {"gamma": 2.2612156645820662, "lr": 0.0011148302524066622}, "datetime": {"datetime": "2024-06-13 17:05:02", "elapsed": 5.719388, "delta": 0.004986}}
{"target": -1690.086097608092, "params": {"gamma": 6.857480005685141, "lr": 0.9520625390545332}, "datetime": {"datetime": "2024-06-13 17:05:02", "elapsed": 5.723378, "delta": 0.00399}}
{"target": -618.8840400629268, "params": {"gamma": 3.9121264535897473, "lr": 0.3002984293714631}, "datetime": {"datetime": "2024-06-13 17:05:02", "elapsed": 5.727367, "delta": 0.003989}}
{"target": -1279.5728897868255, "params": {"gamma": 5.537964374290343, "lr": 0.8519762580648814}, "datetime": {"datetime": "2024-06-13 17:05:02", "elapsed": 5.732354, "delta": 0.004987}}
{"target": -1707.420452817969, "params": {"gamma": 7.9498792795045405, "lr": 0.6847567049785765}, "datetime": {"datetime": "2024-06-13 17:05:02", "elapsed": 5.736343, "delta": 0.003989}}
{"target": -937.0593574364464, "params": {"gamma": 4.321638805905765, "lr": 0.6904340198543137}, "datetime": {"datetime": "2024-06-13 17:05:02", "elapsed": 5.74133, "delta": 0.004987}}
{"target": -355.87530376926884, "params": {"gamma": 2.161037487164819, "lr": 0.28394343784624676}, "datetime": {"datetime": "2024-06-13 17:05:02", "elapsed": 5.74532, "delta": 0.00399}}
{"target": -1915.1528228929726, "params": {"gamma": 7.778428288392944, "lr": 0.9299801363463566}, "datetime": {"datetime": "2024-06-13 17:05:02", "elapsed": 5.750307, "delta": 0.004987}}
{"target": -325.4987931186889, "params": {"gamma": 1.9013049866632814, "lr": 0.29606328941823257}, "datetime": {"datetime": "2024-06-13 17:05:02", "elapsed": 5.754295, "delta": 0.003988}}
{"target": -143.93016854853656, "params": {"gamma": 0.06309646163797043, "lr": 0.43156224528040166}, "datetime": {"datetime": "2024-06-13 17:05:02", "elapsed": 5.759282, "delta": 0.004987}}
{"target": -436.6659499340605, "params": {"gamma": 2.103740422454257, "lr": 0.6414247825536215}, "datetime": {"datetime": "2024-06-13 17:05:02", "elapsed": 5.763272, "delta": 0.00399}}
{"target": -2174.6829723438686, "params": {"gamma": 7.096182567565407, "lr": 0.11877771439848506}, "datetime": {"datetime": "2024-06-13 17:05:02", "elapsed": 5.768258, "delta": 0.004986}}
{"target": -235.0384559637791, "params": {"gamma": 0.8223578763172843, "lr": 0.9063350695803358}, "datetime": {"datetime": "2024-06-13 17:05:02", "elapsed": 5.773244, "delta": 0.004986}}
{"target": -733.8293918014741, "params": {"gamma": 3.8929983086548985, "lr": 0.5334034972660143}, "datetime": {"datetime": "2024-06-13 17:05:02", "elapsed": 5.777234, "delta": 0.00399}}
{"target": -2084.9022467319537, "params": {"gamma": 9.632452407571792, "lr": 0.7590540122163353}, "datetime": {"datetime": "2024-06-13 17:05:02", "elapsed": 5.78222, "delta": 0.004986}}
{"target": -1261.163647155111, "params": {"gamma": 3.256077435692296, "lr": 0.08584930112029354}, "datetime": {"datetime": "2024-06-13 17:05:02", "elapsed": 5.78621, "delta": 0.00399}}
{"target": -831.5544492015179, "params": {"gamma": 5.360704142867423, "lr": 0.33612544293733115}, "datetime": {"datetime": "2024-06-13 17:05:02", "elapsed": 5.791226, "delta": 0.005016}}
{"target": -142.6772637107234, "params": {"gamma": 0.21783235985649294, "lr": 0.7711523332537787}, "datetime": {"datetime": "2024-06-13 17:05:02", "elapsed": 5.795186, "delta": 0.00396}}
{"target": -732.3723106771887, "params": {"gamma": 3.849706389409975, "lr": 0.5713211500587355}, "datetime": {"datetime": "2024-06-13 17:05:02", "elapsed": 5.800173, "delta": 0.004987}}
{"target": -1861.1983106033888, "params": {"gamma": 7.557672815106508, "lr": 0.9408474199010457}, "datetime": {"datetime": "2024-06-13 17:05:02", "elapsed": 5.804162, "delta": 0.003989}}
{"target": -952.9080006809734, "params": {"gamma": 6.123611064507542, "lr": 0.31539617878014314}, "datetime": {"datetime": "2024-06-13 17:05:02", "elapsed": 5.808151, "delta": 0.003989}}
{"target": -472.7090337897419, "params": {"gamma": 1.1016550019623323, "lr": 0.07391888791127221}, "datetime": {"datetime": "2024-06-13 17:05:02", "elapsed": 5.813139, "delta": 0.004988}}
{"target": -648.4539060319626, "params": {"gamma": 3.197588047953422, "lr": 0.660839138956005}, "datetime": {"datetime": "2024-06-13 17:05:02", "elapsed": 5.817127, "delta": 0.003988}}
{"target": -1288.1912066824154, "params": {"gamma": 6.9518254952121765, "lr": 0.20771804006298766}, "datetime": {"datetime": "2024-06-13 17:05:02", "elapsed": 5.822114, "delta": 0.004987}}
{"target": -181.57805350674812, "params": {"gamma": 0.8288765899448861, "lr": 0.3055106612860311}, "datetime": {"datetime": "2024-06-13 17:05:02", "elapsed": 5.826103, "delta": 0.003989}}
{"target": -1193.6799711478911, "params": {"gamma": 5.476198023985873, "lr": 0.7546696744748647}, "datetime": {"datetime": "2024-06-13 17:05:02", "elapsed": 5.83109, "delta": 0.004987}}
{"target": -840.4225501444907, "params": {"gamma": 5.297043548379857, "lr": 0.28698375274707455}, "datetime": {"datetime": "2024-06-13 17:05:02", "elapsed": 5.835079, "delta": 0.003989}}
{"target": -966.7186318518893, "params": {"gamma": 6.242173052915846, "lr": 0.2648366551761958}, "datetime": {"datetime": "2024-06-13 17:05:02", "elapsed": 5.839068, "delta": 0.003989}}
{"target": -1505.481130366504, "params": {"gamma": 6.527276450430897, "lr": 0.8418980078267378}, "datetime": {"datetime": "2024-06-13 17:05:02", "elapsed": 5.844055, "delta": 0.004987}}
{"target": -1201.0654820298635, "params": {"gamma": 6.389839255863949, "lr": 0.5656314689767339}, "datetime": {"datetime": "2024-06-13 17:05:02", "elapsed": 5.848045, "delta": 0.00399}}
{"target": -732.1848097762335, "params": {"gamma": 3.072113950599342, "lr": 0.8767770399379612}, "datetime": {"datetime": "2024-06-13 17:05:02", "elapsed": 5.853031, "delta": 0.004986}}
{"target": -2139.763191285236, "params": {"gamma": 9.888230025288278, "lr": 0.777479431209941}, "datetime": {"datetime": "2024-06-13 17:05:02", "elapsed": 5.857021, "delta": 0.00399}}
{"target": -1437.3649439314622, "params": {"gamma": 5.736864931846622, "lr": 0.14127933264100168}, "datetime": {"datetime": "2024-06-13 17:05:02", "elapsed": 5.862007, "delta": 0.004986}}
{"target": -488.121555717887, "params": {"gamma": 3.1499752949036433, "lr": 0.3668593185911837}, "datetime": {"datetime": "2024-06-13 17:05:02", "elapsed": 5.865997, "delta": 0.00399}}
{"target": -510.43118948818494, "params": {"gamma": 2.9196603150536307, "lr": 0.4459528147489278}, "datetime": {"datetime": "2024-06-13 17:05:02", "elapsed": 5.870983, "delta": 0.004986}}
{"target": -1134.4693997653103, "params": {"gamma": 6.106714536159591, "lr": 0.2129145905151636}, "datetime": {"datetime": "2024-06-13 17:05:02", "elapsed": 5.87597, "delta": 0.004987}}
{"target": -778.1177869047751, "params": {"gamma": 2.4983477831127514, "lr": 0.11215048322109678}, "datetime": {"datetime": "2024-06-13 17:05:02", "elapsed": 5.87996, "delta": 0.00399}}
{"target": -531.4037558369706, "params": {"gamma": 3.07657830315885, "lr": 0.49744827858464324}, "datetime": {"datetime": "2024-06-13 17:05:02", "elapsed": 5.884946, "delta": 0.004986}}
{"target": -1211.7330759639206, "params": {"gamma": 4.898588039316173, "lr": 0.9955772118463961}, "datetime": {"datetime": "2024-06-13 17:05:02", "elapsed": 5.888935, "delta": 0.003989}}
{"target": -1645.2649985994526, "params": {"gamma": 9.811104522073206, "lr": 0.4365627716811432}, "datetime": {"datetime": "2024-06-13 17:05:02", "elapsed": 5.892924, "delta": 0.003989}}
{"target": -1791.967625203244, "params": {"gamma": 9.720234197281384, "lr": 0.21439790417581406}, "datetime": {"datetime": "2024-06-13 17:05:02", "elapsed": 5.897911, "delta": 0.004987}}
{"target": -920.990475549575, "params": {"gamma": 5.411667740203425, "lr": 0.4534353144697316}, "datetime": {"datetime": "2024-06-13 17:05:02", "elapsed": 5.901901, "delta": 0.00399}}
{"target": -2224.87503551683, "params": {"gamma": 9.67612136622795, "lr": 0.8361762231353584}, "datetime": {"datetime": "2024-06-13 17:05:02", "elapsed": 5.906742, "delta": 0.004841}}
{"target": -384.08503802767603, "params": {"gamma": 2.142255100882632, "lr": 0.43953910215539116}, "datetime": {"datetime": "2024-06-13 17:05:02", "elapsed": 5.910732, "delta": 0.00399}}
{"target": -338.7541191654524, "params": {"gamma": 1.685601239492825, "lr": 0.5290872104552504}, "datetime": {"datetime": "2024-06-13 17:05:02", "elapsed": 5.915718, "delta": 0.004986}}
{"target": -3066.930757267203, "params": {"gamma": 7.935053256996167, "lr": 0.03587914896601674}, "datetime": {"datetime": "2024-06-13 17:05:02", "elapsed": 5.919708, "delta": 0.00399}}
{"target": -489.4062807851206, "params": {"gamma": 1.9143974164796644, "lr": 0.9774555643930162}, "datetime": {"datetime": "2024-06-13 17:05:02", "elapsed": 5.95262, "delta": 0.032912}}
{"target": -1796.232657108076, "params": {"gamma": 9.608012262900427, "lr": 0.5565916591021018}, "datetime": {"datetime": "2024-06-13 17:05:02", "elapsed": 5.957606, "delta": 0.004986}}
{"target": -999.8764930292804, "params": {"gamma": 6.461261124237896, "lr": 0.27209301429327437}, "datetime": {"datetime": "2024-06-13 17:05:02", "elapsed": 5.961596, "delta": 0.00399}}
{"target": -2041.2451137653595, "params": {"gamma": 9.520958766042686, "lr": 0.66977480632724}, "datetime": {"datetime": "2024-06-13 17:05:03", "elapsed": 5.966583, "delta": 0.004987}}
{"target": -2584.3593230726938, "params": {"gamma": 6.6684131433924785, "lr": 0.011103333369922863}, "datetime": {"datetime": "2024-06-13 17:05:03", "elapsed": 5.971569, "delta": 0.004986}}
{"target": -1861.209810292751, "params": {"gamma": 8.529845528647078, "lr": 0.7783262186802019}, "datetime": {"datetime": "2024-06-13 17:05:03", "elapsed": 5.975558, "delta": 0.003989}}
{"target": -1508.5573639890679, "params": {"gamma": 6.849555045051163, "lr": 0.740781813019585}, "datetime": {"datetime": "2024-06-13 17:05:03", "elapsed": 5.979548, "delta": 0.00399}}
{"target": -360.4940102963929, "params": {"gamma": 1.5665676735591734, "lr": 0.71877505284865}, "datetime": {"datetime": "2024-06-13 17:05:03", "elapsed": 5.984535, "delta": 0.004987}}
{"target": -247.19919546296998, "params": {"gamma": 0.9690872885214075, "lr": 0.7069494480386341}, "datetime": {"datetime": "2024-06-13 17:05:03", "elapsed": 5.988524, "delta": 0.003989}}
{"target": -144.80276858472322, "params": {"gamma": 0.027315329458906884, "lr": 0.7762057874603809}, "datetime": {"datetime": "2024-06-13 17:05:03", "elapsed": 5.99351, "delta": 0.004986}}
{"target": -918.1029933483529, "params": {"gamma": 4.916080290630613, "lr": 0.20438686629786484}, "datetime": {"datetime": "2024-06-13 17:05:03", "elapsed": 5.9975, "delta": 0.00399}}
{"target": -1129.908179728728, "params": {"gamma": 7.292736897839507, "lr": 0.3156541317831608}, "datetime": {"datetime": "2024-06-13 17:05:03", "elapsed": 6.001489, "delta": 0.003989}}
{"target": -1841.4899917646503, "params": {"gamma": 8.83829208238512, "lr": 0.18023352523222202}, "datetime": {"datetime": "2024-06-13 17:05:03", "elapsed": 6.006476, "delta": 0.004987}}
{"target": -2308.0081149702623, "params": {"gamma": 9.385567992205967, "lr": 0.9707501480531616}, "datetime": {"datetime": "2024-06-13 17:05:03", "elapsed": 6.010465, "delta": 0.003989}}
{"target": -724.4268554105619, "params": {"gamma": 3.0455479552792557, "lr": 0.8624863997043009}, "datetime": {"datetime": "2024-06-13 17:05:03", "elapsed": 6.015452, "delta": 0.004987}}
{"target": -1418.9226145140676, "params": {"gamma": 8.421949009551232, "lr": 0.4246127100946028}, "datetime": {"datetime": "2024-06-13 17:05:03", "elapsed": 6.019441, "delta": 0.003989}}
{"target": -573.7813809460928, "params": {"gamma": 3.637480394119995, "lr": 0.282437473235045}, "datetime": {"datetime": "2024-06-13 17:05:03", "elapsed": 6.024428, "delta": 0.004987}}
{"target": -1525.5726295300249, "params": {"gamma": 9.93237460787099, "lr": 0.25575102695189966}, "datetime": {"datetime": "2024-06-13 17:05:03", "elapsed": 6.028417, "delta": 0.003989}}
{"target": -1549.1839467427615, "params": {"gamma": 9.206835301993463, "lr": 0.4283352137597225}, "datetime": {"datetime": "2024-06-13 17:05:03", "elapsed": 6.033404, "delta": 0.004987}}
{"target": -2151.3505030163496, "params": {"gamma": 9.354334696401745, "lr": 0.8388448341981828}, "datetime": {"datetime": "2024-06-13 17:05:03", "elapsed": 6.037393, "delta": 0.003989}}
{"target": -320.12597136971374, "params": {"gamma": 1.5586174788295128, "lr": 0.5742833543508832}, "datetime": {"datetime": "2024-06-13 17:05:03", "elapsed": 6.041382, "delta": 0.003989}}
{"target": -1139.0930944523893, "params": {"gamma": 6.7353566438421755, "lr": 0.4058204059990451}, "datetime": {"datetime": "2024-06-13 17:05:03", "elapsed": 6.046369, "delta": 0.004987}}
