{"target": -1158.908643883227, "params": {"gamma": 7.713853709507418, "lr": 0.5716353364349513}, "datetime": {"datetime": "2024-06-13 21:42:36", "elapsed": 4.448188, "delta": 0.004987}}
{"target": -1325.348837153288, "params": {"gamma": 8.339212870314833, "lr": 0.6982817992918626}, "datetime": {"datetime": "2024-06-13 21:42:36", "elapsed": 4.452177, "delta": 0.003989}}
{"target": -247.658332593775, "params": {"gamma": 1.466940409067313, "lr": 0.6124611286280749}, "datetime": {"datetime": "2024-06-13 21:42:36", "elapsed": 4.456166, "delta": 0.003989}}
{"target": -509.99453289413555, "params": {"gamma": 2.793924035827702, "lr": 0.9158787230673001}, "datetime": {"datetime": "2024-06-13 21:42:36", "elapsed": 4.460156, "delta": 0.00399}}
{"target": -324.1538859474422, "params": {"gamma": 1.9831246698113274, "lr": 0.28571649537130284}, "datetime": {"datetime": "2024-06-13 21:42:36", "elapsed": 4.465142, "delta": 0.004986}}
{"target": -137.8512928293, "params": {"gamma": 0.47749939499181976, "lr": 0.44757914405063814}, "datetime": {"datetime": "2024-06-13 21:42:36", "elapsed": 4.469131, "delta": 0.003989}}
{"target": -842.0428304303574, "params": {"gamma": 5.576320563895948, "lr": 0.5735610825770953}, "datetime": {"datetime": "2024-06-13 21:42:36", "elapsed": 4.473121, "delta": 0.00399}}
{"target": -1324.9681605728433, "params": {"gamma": 9.053868422216771, "lr": 0.34741393280060506}, "datetime": {"datetime": "2024-06-13 21:42:36", "elapsed": 4.477111, "delta": 0.00399}}
{"target": -764.5056568045263, "params": {"gamma": 4.475836267532962, "lr": 0.8512376625014975}, "datetime": {"datetime": "2024-06-13 21:42:36", "elapsed": 4.482097, "delta": 0.004986}}
{"target": -885.1320564437485, "params": {"gamma": 5.768716203017017, "lr": 0.6539929348777337}, "datetime": {"datetime": "2024-06-13 21:42:36", "elapsed": 4.486086, "delta": 0.003989}}
{"target": -382.23859059085737, "params": {"gamma": 2.784314944612766, "lr": 0.48747130162584906}, "datetime": {"datetime": "2024-06-13 21:42:36", "elapsed": 4.490076, "delta": 0.00399}}
{"target": -1420.2339744845103, "params": {"gamma": 6.209902923417142, "lr": 0.13339403014523998}, "datetime": {"datetime": "2024-06-13 21:42:36", "elapsed": 4.494065, "delta": 0.003989}}
{"target": -150.88050736437467, "params": {"gamma": 0.3300542572087522, "lr": 0.11341100113082614}, "datetime": {"datetime": "2024-06-13 21:42:36", "elapsed": 4.498054, "delta": 0.003989}}
{"target": -1176.2514544273495, "params": {"gamma": 4.775133302320191, "lr": 0.02402673463080851}, "datetime": {"datetime": "2024-06-13 21:42:36", "elapsed": 4.502046, "delta": 0.003992}}
{"target": -1408.7889649871177, "params": {"gamma": 6.26246308244308, "lr": 0.09758261797608447}, "datetime": {"datetime": "2024-06-13 21:42:36", "elapsed": 4.506035, "delta": 0.003989}}
{"target": -345.3489365585141, "params": {"gamma": 2.5103644156247413, "lr": 0.42649294585621844}, "datetime": {"datetime": "2024-06-13 21:42:36", "elapsed": 4.511022, "delta": 0.004987}}
{"target": -222.67319341518245, "params": {"gamma": 1.159151640315784, "lr": 0.2705519937974664}, "datetime": {"datetime": "2024-06-13 21:42:36", "elapsed": 4.515011, "delta": 0.003989}}
{"target": -137.64246937466427, "params": {"gamma": 0.21177564868227716, "lr": 0.9850455536104694}, "datetime": {"datetime": "2024-06-13 21:42:36", "elapsed": 4.519001, "delta": 0.00399}}
{"target": -876.2792920108641, "params": {"gamma": 6.116124507605985, "lr": 0.3783538388352491}, "datetime": {"datetime": "2024-06-13 21:42:36", "elapsed": 4.523651, "delta": 0.00465}}
{"target": -134.53038713554054, "params": {"gamma": 0.2662569827533811, "lr": 0.3898387483749842}, "datetime": {"datetime": "2024-06-13 21:42:36", "elapsed": 4.527746, "delta": 0.004095}}
{"target": -807.0956628353051, "params": {"gamma": 4.526133705237957, "lr": 0.9310031937645028}, "datetime": {"datetime": "2024-06-13 21:42:36", "elapsed": 4.531317, "delta": 0.003571}}
{"target": -427.050192178203, "params": {"gamma": 2.7857632142087283, "lr": 0.6147818910832991}, "datetime": {"datetime": "2024-06-13 21:42:36", "elapsed": 4.536299, "delta": 0.004982}}
{"target": -1108.5462177946392, "params": {"gamma": 6.6520183774673525, "lr": 0.18596096979633892}, "datetime": {"datetime": "2024-06-13 21:42:36", "elapsed": 4.540289, "delta": 0.00399}}
{"target": -836.4544695861873, "params": {"gamma": 5.058127726515332, "lr": 0.7865007628599349}, "datetime": {"datetime": "2024-06-13 21:42:36", "elapsed": 4.544279, "delta": 0.00399}}
{"target": -187.58956679477006, "params": {"gamma": 0.966693765249707, "lr": 0.6060352981689622}, "datetime": {"datetime": "2024-06-13 21:42:36", "elapsed": 4.548268, "delta": 0.003989}}
{"target": -149.62373514106912, "params": {"gamma": 0.261573266951244, "lr": 0.00704672381007565}, "datetime": {"datetime": "2024-06-13 21:42:36", "elapsed": 4.552257, "delta": 0.003989}}
{"target": -143.68296288107925, "params": {"gamma": 0.5962265427935735, "lr": 0.4814004591490364}, "datetime": {"datetime": "2024-06-13 21:42:36", "elapsed": 4.556246, "delta": 0.003989}}
{"target": -1199.0988885832376, "params": {"gamma": 9.257115382793618, "lr": 0.4055573841390242}, "datetime": {"datetime": "2024-06-13 21:42:36", "elapsed": 4.561234, "delta": 0.004988}}
{"target": -180.79441138301144, "params": {"gamma": 0.7512513607260716, "lr": 0.8613524744830288}, "datetime": {"datetime": "2024-06-13 21:42:36", "elapsed": 4.565222, "delta": 0.003988}}
{"target": -796.5782878621818, "params": {"gamma": 5.193456557118933, "lr": 0.3189358689174241}, "datetime": {"datetime": "2024-06-13 21:42:36", "elapsed": 4.569212, "delta": 0.00399}}
{"target": -1693.1593272200096, "params": {"gamma": 9.630360355507971, "lr": 0.9382617685023783}, "datetime": {"datetime": "2024-06-13 21:42:36", "elapsed": 4.573201, "delta": 0.003989}}
{"target": -431.5115863176625, "params": {"gamma": 2.6009297005949668, "lr": 0.20139185371372026}, "datetime": {"datetime": "2024-06-13 21:42:36", "elapsed": 4.577191, "delta": 0.00399}}
{"target": -998.7762416952836, "params": {"gamma": 5.889498124357467, "lr": 0.8425182098415589}, "datetime": {"datetime": "2024-06-13 21:42:36", "elapsed": 4.582177, "delta": 0.004986}}
{"target": -517.8446916278064, "params": {"gamma": 3.3678741763608038, "lr": 0.5864294214642616}, "datetime": {"datetime": "2024-06-13 21:42:36", "elapsed": 4.586464, "delta": 0.004287}}
{"target": -298.877442997953, "params": {"gamma": 1.623287749788599, "lr": 0.19459373523814183}, "datetime": {"datetime": "2024-06-13 21:42:36", "elapsed": 4.59045, "delta": 0.003986}}
{"target": -1507.5961586691726, "params": {"gamma": 7.613590824704965, "lr": 0.15009846135204996}, "datetime": {"datetime": "2024-06-13 21:42:36", "elapsed": 4.594439, "delta": 0.003989}}
{"target": -439.31257035441763, "params": {"gamma": 2.659804503437227, "lr": 0.6894948631776694}, "datetime": {"datetime": "2024-06-13 21:42:36", "elapsed": 4.599425, "delta": 0.004986}}
{"target": -142.5143459210467, "params": {"gamma": 0.15187798702215813, "lr": 0.03219440386857053}, "datetime": {"datetime": "2024-06-13 21:42:36", "elapsed": 4.603026, "delta": 0.003601}}
{"target": -435.89701522827403, "params": {"gamma": 2.8759718743002627, "lr": 0.3366231805122991}, "datetime": {"datetime": "2024-06-13 21:42:36", "elapsed": 4.607016, "delta": 0.00399}}
{"target": -605.177396711142, "params": {"gamma": 3.622798839194582, "lr": 0.8071905755135196}, "datetime": {"datetime": "2024-06-13 21:42:36", "elapsed": 4.612002, "delta": 0.004986}}
{"target": -135.95676321715476, "params": {"gamma": 0.3607736956187603, "lr": 0.3583952446253251}, "datetime": {"datetime": "2024-06-13 21:42:36", "elapsed": 4.615991, "delta": 0.003989}}
{"target": -1267.7636200609006, "params": {"gamma": 6.383143054534976, "lr": 0.14300410951832265}, "datetime": {"datetime": "2024-06-13 21:42:36", "elapsed": 4.619981, "delta": 0.00399}}
{"target": -1308.5645053919393, "params": {"gamma": 8.577528406499894, "lr": 0.6455644082734328}, "datetime": {"datetime": "2024-06-13 21:42:36", "elapsed": 4.62397, "delta": 0.003989}}
{"target": -220.52593381726652, "params": {"gamma": 1.1538189613747907, "lr": 0.2080974099989472}, "datetime": {"datetime": "2024-06-13 21:42:36", "elapsed": 4.627959, "delta": 0.003989}}
{"target": -969.5226939854256, "params": {"gamma": 7.455237809150899, "lr": 0.40340662833417285}, "datetime": {"datetime": "2024-06-13 21:42:36", "elapsed": 4.632946, "delta": 0.004987}}
{"target": -851.0369209529757, "params": {"gamma": 4.84521613942412, "lr": 0.8874550780727275}, "datetime": {"datetime": "2024-06-13 21:42:36", "elapsed": 4.636935, "delta": 0.003989}}
{"target": -275.7345496045976, "params": {"gamma": 1.3752980526926846, "lr": 0.9643727973861176}, "datetime": {"datetime": "2024-06-13 21:42:36", "elapsed": 4.640925, "delta": 0.00399}}
{"target": -163.20111133663804, "params": {"gamma": 0.4272541882840023, "lr": 0.09944025725488481}, "datetime": {"datetime": "2024-06-13 21:42:36", "elapsed": 4.644914, "delta": 0.003989}}
{"target": -386.643473844825, "params": {"gamma": 2.2331610709734946, "lr": 0.8065850822605141}, "datetime": {"datetime": "2024-06-13 21:42:36", "elapsed": 4.648903, "delta": 0.003989}}
{"target": -703.4897371637647, "params": {"gamma": 4.559272200887655, "lr": 0.6532511422613194}, "datetime": {"datetime": "2024-06-13 21:42:36", "elapsed": 4.65389, "delta": 0.004987}}
{"target": -331.7517800620041, "params": {"gamma": 1.7440370540608525, "lr": 0.16672193292652826}, "datetime": {"datetime": "2024-06-13 21:42:36", "elapsed": 4.65788, "delta": 0.00399}}
{"target": -867.1065333192885, "params": {"gamma": 5.208962557197339, "lr": 0.7402936352802216}, "datetime": {"datetime": "2024-06-13 21:42:36", "elapsed": 4.661869, "delta": 0.003989}}
{"target": -803.0819821825264, "params": {"gamma": 4.62528217768507, "lr": 0.8696140851211128}, "datetime": {"datetime": "2024-06-13 21:42:36", "elapsed": 4.665858, "delta": 0.003989}}
{"target": -1061.670406837267, "params": {"gamma": 6.604458934771733, "lr": 0.2490900884519328}, "datetime": {"datetime": "2024-06-13 21:42:36", "elapsed": 4.669847, "delta": 0.003989}}
{"target": -343.33321501803107, "params": {"gamma": 2.3497873058002465, "lr": 0.3740467168670696}, "datetime": {"datetime": "2024-06-13 21:42:36", "elapsed": 4.673837, "delta": 0.00399}}
{"target": -1334.3086239349018, "params": {"gamma": 7.566403946905877, "lr": 0.9379376643097822}, "datetime": {"datetime": "2024-06-13 21:42:36", "elapsed": 4.678824, "delta": 0.004987}}
{"target": -1404.361614617843, "params": {"gamma": 8.61919808718901, "lr": 0.26161079268292176}, "datetime": {"datetime": "2024-06-13 21:42:36", "elapsed": 4.682813, "delta": 0.003989}}
{"target": -618.3537601003626, "params": {"gamma": 4.12337700085772, "lr": 0.6115440994503215}, "datetime": {"datetime": "2024-06-13 21:42:36", "elapsed": 4.686802, "delta": 0.003989}}
{"target": -785.5060221206636, "params": {"gamma": 5.468797723702268, "lr": 0.3892749454089657}, "datetime": {"datetime": "2024-06-13 21:42:36", "elapsed": 4.690792, "delta": 0.00399}}
{"target": -203.67503419378485, "params": {"gamma": 1.0151063480358857, "lr": 0.7122448043972556}, "datetime": {"datetime": "2024-06-13 21:42:36", "elapsed": 4.697773, "delta": 0.006981}}
{"target": -197.78398735034045, "params": {"gamma": 0.8822635040904132, "lr": 0.8660774293737196}, "datetime": {"datetime": "2024-06-13 21:42:36", "elapsed": 4.703759, "delta": 0.005986}}
{"target": -1381.0334221974226, "params": {"gamma": 8.634620954886014, "lr": 0.7084507915153727}, "datetime": {"datetime": "2024-06-13 21:42:36", "elapsed": 4.708747, "delta": 0.004988}}
{"target": -780.8575082472155, "params": {"gamma": 4.864759313503054, "lr": 0.6991465654129165}, "datetime": {"datetime": "2024-06-13 21:42:36", "elapsed": 4.712735, "delta": 0.003988}}
{"target": -658.2214075067483, "params": {"gamma": 3.950475613957549, "lr": 0.7974959842933487}, "datetime": {"datetime": "2024-06-13 21:42:36", "elapsed": 4.717722, "delta": 0.004987}}
{"target": -1556.4895356398529, "params": {"gamma": 7.864384405716199, "lr": 0.15552858387362167}, "datetime": {"datetime": "2024-06-13 21:42:36", "elapsed": 4.721712, "delta": 0.00399}}
{"target": -478.79345177164504, "params": {"gamma": 3.1788576859556272, "lr": 0.34398317678599033}, "datetime": {"datetime": "2024-06-13 21:42:36", "elapsed": 4.727696, "delta": 0.005984}}
{"target": -528.8565179180823, "params": {"gamma": 3.6423388162366046, "lr": 0.5666455566878987}, "datetime": {"datetime": "2024-06-13 21:42:36", "elapsed": 4.735674, "delta": 0.007978}}
{"target": -141.8689054736962, "params": {"gamma": 0.4178327377603575, "lr": 0.6599697189638991}, "datetime": {"datetime": "2024-06-13 21:42:36", "elapsed": 4.740661, "delta": 0.004987}}
{"target": -285.9014963338495, "params": {"gamma": 2.0171159588072864, "lr": 0.4164625561731081}, "datetime": {"datetime": "2024-06-13 21:42:36", "elapsed": 4.745648, "delta": 0.004987}}
{"target": -669.1889689652304, "params": {"gamma": 4.5094756723505, "lr": 0.3487267695476459}, "datetime": {"datetime": "2024-06-13 21:42:36", "elapsed": 4.749637, "delta": 0.003989}}
{"target": -681.6706781000588, "params": {"gamma": 3.8334198209699974, "lr": 0.18030606084775935}, "datetime": {"datetime": "2024-06-13 21:42:36", "elapsed": 4.753626, "delta": 0.003989}}
{"target": -153.58186604011243, "params": {"gamma": 0.68223244388335, "lr": 0.5512566489358516}, "datetime": {"datetime": "2024-06-13 21:42:36", "elapsed": 4.757616, "delta": 0.00399}}
{"target": -1185.1394844680256, "params": {"gamma": 5.959073589220895, "lr": 0.1454997892217088}, "datetime": {"datetime": "2024-06-13 21:42:36", "elapsed": 4.762602, "delta": 0.004986}}
{"target": -371.7723999050253, "params": {"gamma": 2.310186141512919, "lr": 0.2863771315373824}, "datetime": {"datetime": "2024-06-13 21:42:36", "elapsed": 4.766592, "delta": 0.00399}}
{"target": -1642.9172463825564, "params": {"gamma": 8.307682917677353, "lr": 0.15342094116241234}, "datetime": {"datetime": "2024-06-13 21:42:36", "elapsed": 4.770581, "delta": 0.003989}}
{"target": -790.3048842964482, "params": {"gamma": 5.521835936727261, "lr": 0.5681397176921924}, "datetime": {"datetime": "2024-06-13 21:42:36", "elapsed": 4.77457, "delta": 0.003989}}
{"target": -515.2250791418596, "params": {"gamma": 3.434857510993614, "lr": 0.3506171893069536}, "datetime": {"datetime": "2024-06-13 21:42:36", "elapsed": 4.779557, "delta": 0.004987}}
{"target": -1340.969612952281, "params": {"gamma": 9.591161063174503, "lr": 0.5533439494595207}, "datetime": {"datetime": "2024-06-13 21:42:36", "elapsed": 4.783546, "delta": 0.003989}}
{"target": -858.8212248736414, "params": {"gamma": 6.527659277808647, "lr": 0.4907401164444133}, "datetime": {"datetime": "2024-06-13 21:42:36", "elapsed": 4.787535, "delta": 0.003989}}
{"target": -958.6135612597694, "params": {"gamma": 6.466853166736234, "lr": 0.605250785507062}, "datetime": {"datetime": "2024-06-13 21:42:36", "elapsed": 4.792522, "delta": 0.004987}}
{"target": -241.6253558253701, "params": {"gamma": 1.452587755908036, "lr": 0.3346805328845932}, "datetime": {"datetime": "2024-06-13 21:42:36", "elapsed": 4.796512, "delta": 0.00399}}
{"target": -1057.8938225857648, "params": {"gamma": 4.604879500595876, "lr": 0.12782166160638486}, "datetime": {"datetime": "2024-06-13 21:42:36", "elapsed": 4.801011, "delta": 0.004499}}
{"target": -593.48936213967, "params": {"gamma": 3.6313701627213772, "lr": 0.22814163429292222}, "datetime": {"datetime": "2024-06-13 21:42:36", "elapsed": 4.804997, "delta": 0.003986}}
{"target": -1241.366209537334, "params": {"gamma": 8.47517852010175, "lr": 0.34147408002129864}, "datetime": {"datetime": "2024-06-13 21:42:36", "elapsed": 4.808987, "delta": 0.00399}}
{"target": -316.00355993325024, "params": {"gamma": 2.268666417341983, "lr": 0.4081814028522822}, "datetime": {"datetime": "2024-06-13 21:42:36", "elapsed": 4.813972, "delta": 0.004985}}
{"target": -1671.318771794768, "params": {"gamma": 6.830957412174848, "lr": 0.06562199896142484}, "datetime": {"datetime": "2024-06-13 21:42:36", "elapsed": 4.817962, "delta": 0.00399}}
{"target": -311.9246717564465, "params": {"gamma": 1.8081114068162947, "lr": 0.6943069389237286}, "datetime": {"datetime": "2024-06-13 21:42:36", "elapsed": 4.821951, "delta": 0.003989}}
{"target": -1112.522910874885, "params": {"gamma": 7.522813791436128, "lr": 0.6177542796100679}, "datetime": {"datetime": "2024-06-13 21:42:36", "elapsed": 4.825941, "delta": 0.00399}}
{"target": -1533.0700301903369, "params": {"gamma": 8.792106406805418, "lr": 0.16880019007759361}, "datetime": {"datetime": "2024-06-13 21:42:36", "elapsed": 4.830927, "delta": 0.004986}}
{"target": -1242.1147711241645, "params": {"gamma": 7.0357737742820845, "lr": 0.9172601590800086}, "datetime": {"datetime": "2024-06-13 21:42:36", "elapsed": 4.834916, "delta": 0.003989}}
{"target": -269.94538447669385, "params": {"gamma": 1.508245851371479, "lr": 0.24376397739618116}, "datetime": {"datetime": "2024-06-13 21:42:36", "elapsed": 4.838906, "delta": 0.00399}}
{"target": -807.116192003266, "params": {"gamma": 5.467299036335953, "lr": 0.3441193369759975}, "datetime": {"datetime": "2024-06-13 21:42:36", "elapsed": 4.843892, "delta": 0.004986}}
{"target": -1689.5674824121295, "params": {"gamma": 6.90670016874316, "lr": 0.05756761842510749}, "datetime": {"datetime": "2024-06-13 21:42:36", "elapsed": 4.847882, "delta": 0.00399}}
{"target": -293.7580972988303, "params": {"gamma": 1.6084806590922747, "lr": 0.7162383064796215}, "datetime": {"datetime": "2024-06-13 21:42:36", "elapsed": 4.851871, "delta": 0.003989}}
{"target": -1706.352693412477, "params": {"gamma": 9.706216365641005, "lr": 0.9295503765123406}, "datetime": {"datetime": "2024-06-13 21:42:36", "elapsed": 4.85586, "delta": 0.003989}}
{"target": -2053.0956732830336, "params": {"gamma": 9.010768867234715, "lr": 0.12774331390359328}, "datetime": {"datetime": "2024-06-13 21:42:36", "elapsed": 4.85985, "delta": 0.00399}}
{"target": -387.48968618882486, "params": {"gamma": 1.4601432517979631, "lr": 0.07226475681487265}, "datetime": {"datetime": "2024-06-13 21:42:36", "elapsed": 4.864837, "delta": 0.004987}}
{"target": -950.4176264190563, "params": {"gamma": 5.425859791214765, "lr": 0.8824861729023715}, "datetime": {"datetime": "2024-06-13 21:42:36", "elapsed": 4.868826, "delta": 0.003989}}
{"target": -878.4503966635571, "params": {"gamma": 5.318387208768819, "lr": 0.7817152853959399}, "datetime": {"datetime": "2024-06-13 21:42:37", "elapsed": 4.872815, "delta": 0.003989}}
{"target": -348.8797630020564, "params": {"gamma": 1.8853494153257044, "lr": 0.863111260166335}, "datetime": {"datetime": "2024-06-13 21:42:37", "elapsed": 4.876805, "delta": 0.00399}}
{"target": -483.7145226811306, "params": {"gamma": 1.8750602824827893, "lr": 0.054764126066523255}, "datetime": {"datetime": "2024-06-13 21:42:37", "elapsed": 4.880794, "delta": 0.003989}}
{"target": -600.5584761282254, "params": {"gamma": 4.215488613270554, "lr": 0.5551044300084385}, "datetime": {"datetime": "2024-06-13 21:42:37", "elapsed": 4.885781, "delta": 0.004987}}
{"target": -2171.7056886221985, "params": {"gamma": 9.707449353204424, "lr": 0.09175383344119148}, "datetime": {"datetime": "2024-06-13 21:42:37", "elapsed": 4.889769, "delta": 0.003988}}
{"target": -613.9854785772984, "params": {"gamma": 2.7399070142023203, "lr": 0.10510706908204948}, "datetime": {"datetime": "2024-06-13 21:42:37", "elapsed": 4.893759, "delta": 0.00399}}
{"target": -610.6087476660863, "params": {"gamma": 3.9050059277394262, "lr": 0.2890110831877697}, "datetime": {"datetime": "2024-06-13 21:42:37", "elapsed": 4.898746, "delta": 0.004987}}
{"target": -759.0062606259355, "params": {"gamma": 5.133490194329599, "lr": 0.348256681750747}, "datetime": {"datetime": "2024-06-13 21:42:37", "elapsed": 4.902735, "delta": 0.003989}}
{"target": -1519.7841557811678, "params": {"gamma": 9.28235195448276, "lr": 0.7899477963830404}, "datetime": {"datetime": "2024-06-13 21:42:37", "elapsed": 4.907722, "delta": 0.004987}}
{"target": -1962.5860227365815, "params": {"gamma": 8.610252674771141, "lr": 0.12950094594289585}, "datetime": {"datetime": "2024-06-13 21:42:37", "elapsed": 4.911712, "delta": 0.00399}}
{"target": -921.9170141212533, "params": {"gamma": 5.751126599720151, "lr": 0.21478253588485874}, "datetime": {"datetime": "2024-06-13 21:42:37", "elapsed": 4.915701, "delta": 0.003989}}
{"target": -2117.4721616724405, "params": {"gamma": 8.682517475837448, "lr": 0.015019421753424078}, "datetime": {"datetime": "2024-06-13 21:42:37", "elapsed": 4.920687, "delta": 0.004986}}
{"target": -190.030693613763, "params": {"gamma": 1.0583364070853916, "lr": 0.3760570755473156}, "datetime": {"datetime": "2024-06-13 21:42:37", "elapsed": 4.924677, "delta": 0.00399}}
{"target": -665.2050436185857, "params": {"gamma": 4.021536967025843, "lr": 0.2772200829786826}, "datetime": {"datetime": "2024-06-13 21:42:37", "elapsed": 4.928665, "delta": 0.003988}}
{"target": -249.7518324073548, "params": {"gamma": 0.9615339246006319, "lr": 0.11873040511259358}, "datetime": {"datetime": "2024-06-13 21:42:37", "elapsed": 4.933653, "delta": 0.004988}}
{"target": -575.7243460106658, "params": {"gamma": 3.1801295937194918, "lr": 0.9507928340777205}, "datetime": {"datetime": "2024-06-13 21:42:37", "elapsed": 4.937642, "delta": 0.003989}}
{"target": -363.7506340158359, "params": {"gamma": 2.0748582416284203, "lr": 0.7472803210592225}, "datetime": {"datetime": "2024-06-13 21:42:37", "elapsed": 4.941631, "delta": 0.003989}}
{"target": -650.7860861775118, "params": {"gamma": 2.5826284514108324, "lr": 0.03724025561078481}, "datetime": {"datetime": "2024-06-13 21:42:37", "elapsed": 4.945621, "delta": 0.00399}}
{"target": -140.67492649417443, "params": {"gamma": 0.16150603946145364, "lr": 0.15270593118117648}, "datetime": {"datetime": "2024-06-13 21:42:37", "elapsed": 4.950607, "delta": 0.004986}}
