{"target": -359.5030849670893, "params": {"gamma": 5.618566827974954, "prior": 4.710139830525047, "rate": 1.5828405185913081}, "datetime": {"datetime": "2024-06-14 04:54:17", "elapsed": 13.193576, "delta": 0.009974}}
{"target": -121.83240771199945, "params": {"gamma": 0.46548205758633604, "prior": 4.691938262951814, "rate": 6.54336650017196}, "datetime": {"datetime": "2024-06-14 04:54:17", "elapsed": 13.205543, "delta": 0.011967}}
{"target": -122.86276520576415, "params": {"gamma": 2.1262506191650012, "prior": 4.059501088269441, "rate": 4.976881207213625}, "datetime": {"datetime": "2024-06-14 04:54:17", "elapsed": 13.215516, "delta": 0.009973}}
{"target": -331.653726626975, "params": {"gamma": 9.549084662565308, "prior": 8.786706772952215, "rate": 8.740622431637016}, "datetime": {"datetime": "2024-06-14 04:54:17", "elapsed": 13.225489, "delta": 0.009973}}
{"target": -668.1461063303893, "params": {"gamma": 9.966008787860254, "prior": 7.7571875030905035, "rate": 2.031395720720704}, "datetime": {"datetime": "2024-06-14 04:54:17", "elapsed": 13.235463, "delta": 0.009974}}
{"target": -274.70041111696924, "params": {"gamma": 8.399033519310658, "prior": 1.7458576605066427, "rate": 8.890981709818412}, "datetime": {"datetime": "2024-06-14 04:54:17", "elapsed": 13.245436, "delta": 0.009973}}
{"target": -129.04367921292715, "params": {"gamma": 3.3864593795504314, "prior": 2.950652172676902, "rate": 6.06262377611874}, "datetime": {"datetime": "2024-06-14 04:54:17", "elapsed": 13.254413, "delta": 0.008977}}
{"target": -136.69159702077502, "params": {"gamma": 0.6070548531937172, "prior": 9.080172928574301, "rate": 3.8113259129552914}, "datetime": {"datetime": "2024-06-14 04:54:17", "elapsed": 13.265208, "delta": 0.010795}}
{"target": -283.9512722832695, "params": {"gamma": 7.900041725850161, "prior": 7.134419608014303, "rate": 7.0417771519431795}, "datetime": {"datetime": "2024-06-14 04:54:17", "elapsed": 13.275182, "delta": 0.009974}}
{"target": -179.16889356749414, "params": {"gamma": 5.326729042736205, "prior": 4.720087553406988, "rate": 6.454333923418758}, "datetime": {"datetime": "2024-06-14 04:54:17", "elapsed": 13.285156, "delta": 0.009974}}
{"target": -206.1077697563764, "params": {"gamma": 6.916080494254339, "prior": 2.434600133254994, "rate": 7.538328274742676}, "datetime": {"datetime": "2024-06-14 04:54:17", "elapsed": 13.295128, "delta": 0.009972}}
{"target": -352.1309043489341, "params": {"gamma": 9.366235064689338, "prior": 8.169466711621713, "rate": 7.306366078682459}, "datetime": {"datetime": "2024-06-14 04:54:17", "elapsed": 13.305102, "delta": 0.009974}}
{"target": -311.8317781048894, "params": {"gamma": 8.217287677383837, "prior": 0.1688536836406846, "rate": 1.7490656420010366}, "datetime": {"datetime": "2024-06-14 04:54:17", "elapsed": 13.314112, "delta": 0.00901}}
{"target": -142.30432328337042, "params": {"gamma": 3.4204500359621868, "prior": 7.36182952566306, "rate": 9.783754518567227}, "datetime": {"datetime": "2024-06-14 04:54:17", "elapsed": 13.324058, "delta": 0.009946}}
{"target": -205.46615093281488, "params": {"gamma": 7.329045588922614, "prior": 4.842030034998996, "rate": 9.210597067436987}, "datetime": {"datetime": "2024-06-14 04:54:17", "elapsed": 13.334027, "delta": 0.009969}}
{"target": -397.8178770071446, "params": {"gamma": 3.7776137015044906, "prior": 6.452737261640754, "rate": 0.01604319738412774}, "datetime": {"datetime": "2024-06-14 04:54:17", "elapsed": 13.34428, "delta": 0.010253}}
{"target": -117.27616524482404, "params": {"gamma": 1.794416084834932, "prior": 3.0189038120395777, "rate": 3.8705109944468274}, "datetime": {"datetime": "2024-06-14 04:54:17", "elapsed": 13.354253, "delta": 0.009973}}
{"target": -296.704620943671, "params": {"gamma": 4.598745249224747, "prior": 7.987515713645756, "rate": 2.7991759941470526}, "datetime": {"datetime": "2024-06-14 04:54:17", "elapsed": 13.363229, "delta": 0.008976}}
{"target": -109.51471824907162, "params": {"gamma": 0.8275331899589359, "prior": 5.261564230524021, "rate": 9.81153872947284}, "datetime": {"datetime": "2024-06-14 04:54:17", "elapsed": 13.373202, "delta": 0.009973}}
{"target": -139.6487753778171, "params": {"gamma": 4.00818395641571, "prior": 2.6461917102343175, "rate": 7.763638646345232}, "datetime": {"datetime": "2024-06-14 04:54:17", "elapsed": 13.383176, "delta": 0.009974}}
{"target": -286.7898910116594, "params": {"gamma": 6.156219784190765, "prior": 0.17472852864200794, "rate": 9.862064844626225}, "datetime": {"datetime": "2024-06-14 04:54:17", "elapsed": 13.393149, "delta": 0.009973}}
{"target": -155.45397709692298, "params": {"gamma": 4.889696405678729, "prior": 3.109816521594326, "rate": 6.651105432765965}, "datetime": {"datetime": "2024-06-14 04:54:17", "elapsed": 13.403122, "delta": 0.009973}}
{"target": -130.34469584802733, "params": {"gamma": 2.8563222513640976, "prior": 4.689084919733314, "rate": 6.518558892191261}, "datetime": {"datetime": "2024-06-14 04:54:17", "elapsed": 13.413096, "delta": 0.009974}}
{"target": -109.66946634035428, "params": {"gamma": 1.2196983897335782, "prior": 4.725508951667924, "rate": 7.35232222858189}, "datetime": {"datetime": "2024-06-14 04:54:17", "elapsed": 13.422072, "delta": 0.008976}}
{"target": -411.40336711999885, "params": {"gamma": 9.605219885684939, "prior": 0.3117559709580553, "rate": 8.324959625901556}, "datetime": {"datetime": "2024-06-14 04:54:17", "elapsed": 13.432045, "delta": 0.009973}}
{"target": -337.66558841494907, "params": {"gamma": 9.391521053346748, "prior": 9.859596421590911, "rate": 9.378378518554022}, "datetime": {"datetime": "2024-06-14 04:54:18", "elapsed": 13.442018, "delta": 0.009973}}
{"target": -167.47314789299006, "params": {"gamma": 1.2933848293668193, "prior": 8.871599920049611, "rate": 1.529468431828893}, "datetime": {"datetime": "2024-06-14 04:54:18", "elapsed": 13.451992, "delta": 0.009974}}
{"target": -182.36193274246062, "params": {"gamma": 3.6058030535750842, "prior": 3.6755031909663085, "rate": 2.7985741373137722}, "datetime": {"datetime": "2024-06-14 04:54:18", "elapsed": 13.460968, "delta": 0.008976}}
{"target": -293.55667543550084, "params": {"gamma": 3.548687634297447, "prior": 5.475715491805219, "rate": 0.7860916495607814}, "datetime": {"datetime": "2024-06-14 04:54:18", "elapsed": 13.470941, "delta": 0.009973}}
{"target": -279.0911178091395, "params": {"gamma": 3.7293238414408294, "prior": 5.873866921901378, "rate": 1.3433598503872748}, "datetime": {"datetime": "2024-06-14 04:54:18", "elapsed": 13.480914, "delta": 0.009973}}
{"target": -206.22876159231325, "params": {"gamma": 2.430636464974349, "prior": 3.1965129173207756, "rate": 0.7462639779838585}, "datetime": {"datetime": "2024-06-14 04:54:18", "elapsed": 13.490888, "delta": 0.009974}}
{"target": -229.30447358042505, "params": {"gamma": 8.077100262224654, "prior": 2.7076349809785905, "rate": 4.106599490946104}, "datetime": {"datetime": "2024-06-14 04:54:18", "elapsed": 13.499864, "delta": 0.008976}}
{"target": -253.63042338685793, "params": {"gamma": 4.054723246527664, "prior": 3.1168827992527173, "rate": 1.2782527317471344}, "datetime": {"datetime": "2024-06-14 04:54:18", "elapsed": 13.509837, "delta": 0.009973}}
{"target": -530.9906076355483, "params": {"gamma": 8.935700181344412, "prior": 6.8458089939758615, "rate": 2.669647727792136}, "datetime": {"datetime": "2024-06-14 04:54:18", "elapsed": 13.51981, "delta": 0.009973}}
{"target": -107.05109122863111, "params": {"gamma": 0.9252168378068174, "prior": 1.3226006592467376, "rate": 2.765087577252426}, "datetime": {"datetime": "2024-06-14 04:54:18", "elapsed": 13.529786, "delta": 0.009976}}
{"target": -113.45628345054257, "params": {"gamma": 0.49138574517622646, "prior": 1.536953953174493, "rate": 4.75082044615585}, "datetime": {"datetime": "2024-06-14 04:54:18", "elapsed": 13.539759, "delta": 0.009973}}
{"target": -252.6207401711089, "params": {"gamma": 9.359858045746865, "prior": 4.39728295824498, "rate": 7.091695404396912}, "datetime": {"datetime": "2024-06-14 04:54:18", "elapsed": 13.549765, "delta": 0.010006}}
{"target": -423.1783935810335, "params": {"gamma": 5.703480436122253, "prior": 9.764817437319463, "rate": 1.7829338600348927}, "datetime": {"datetime": "2024-06-14 04:54:18", "elapsed": 13.559706, "delta": 0.009941}}
{"target": -213.42013239585188, "params": {"gamma": 7.391311728201115, "prior": 3.56902627908651, "rate": 9.912129823702113}, "datetime": {"datetime": "2024-06-14 04:54:18", "elapsed": 13.569679, "delta": 0.009973}}
{"target": -169.37271421421653, "params": {"gamma": 3.5287645393308957, "prior": 9.789953507003169, "rate": 8.603854098454429}, "datetime": {"datetime": "2024-06-14 04:54:18", "elapsed": 13.579653, "delta": 0.009974}}
{"target": -203.35481274325028, "params": {"gamma": 5.97776886311117, "prior": 0.3717347713456658, "rate": 1.8561349624416226}, "datetime": {"datetime": "2024-06-14 04:54:18", "elapsed": 13.588629, "delta": 0.008976}}
{"target": -157.64850801455574, "params": {"gamma": 0.5660612431019523, "prior": 7.945371439682299, "rate": 0.7404368885098506}, "datetime": {"datetime": "2024-06-14 04:54:18", "elapsed": 13.598602, "delta": 0.009973}}
{"target": -277.1032833375572, "params": {"gamma": 7.864807897266238, "prior": 0.37672330549397026, "rate": 2.552807324311116}, "datetime": {"datetime": "2024-06-14 04:54:18", "elapsed": 13.608575, "delta": 0.009973}}
{"target": -148.01395523154613, "params": {"gamma": 2.9765362830187123, "prior": 5.689604254646701, "rate": 5.621050378621821}, "datetime": {"datetime": "2024-06-14 04:54:18", "elapsed": 13.618549, "delta": 0.009974}}
{"target": -602.2412904549032, "params": {"gamma": 8.874122245059352, "prior": 6.41003665642897, "rate": 1.615458841587833}, "datetime": {"datetime": "2024-06-14 04:54:18", "elapsed": 13.628523, "delta": 0.009974}}
{"target": -136.64512178582174, "params": {"gamma": 0.27092093445094007, "prior": 7.6436267297477904, "rate": 5.3561524093705035}, "datetime": {"datetime": "2024-06-14 04:54:18", "elapsed": 13.638495, "delta": 0.009972}}
{"target": -186.90058112708712, "params": {"gamma": 5.786712866351162, "prior": 4.199639973876964, "rate": 5.898561065889926}, "datetime": {"datetime": "2024-06-14 04:54:18", "elapsed": 13.648469, "delta": 0.009974}}
{"target": -155.42747893347652, "params": {"gamma": 4.056908149188704, "prior": 4.512354814204365, "rate": 5.927803620451909}, "datetime": {"datetime": "2024-06-14 04:54:18", "elapsed": 13.658443, "delta": 0.009974}}
{"target": -206.94195234328254, "params": {"gamma": 4.923952760842727, "prior": 0.685123570453242, "rate": 9.767920289447702}, "datetime": {"datetime": "2024-06-14 04:54:18", "elapsed": 13.667418, "delta": 0.008975}}
{"target": -245.15477383585056, "params": {"gamma": 8.55152126248045, "prior": 3.8529477154984746, "rate": 5.465701902352132}, "datetime": {"datetime": "2024-06-14 04:54:18", "elapsed": 13.677392, "delta": 0.009974}}
{"target": -252.63523072492004, "params": {"gamma": 9.328810392069327, "prior": 4.039856882837672, "rate": 9.447782220977258}, "datetime": {"datetime": "2024-06-14 04:54:18", "elapsed": 13.687365, "delta": 0.009973}}
{"target": -131.27961501466163, "params": {"gamma": 0.3058322755797807, "prior": 7.483415270128151, "rate": 7.9702691040219795}, "datetime": {"datetime": "2024-06-14 04:54:18", "elapsed": 13.697338, "delta": 0.009973}}
{"target": -107.02094263253879, "params": {"gamma": 1.93915729117472, "prior": 1.7123810753953614, "rate": 5.911191778228094}, "datetime": {"datetime": "2024-06-14 04:54:18", "elapsed": 13.707311, "delta": 0.009973}}
{"target": -346.9280034839343, "params": {"gamma": 4.797437426866516, "prior": 5.906771763997412, "rate": 1.3235786977154271}, "datetime": {"datetime": "2024-06-14 04:54:18", "elapsed": 13.717285, "delta": 0.009974}}
{"target": -129.586086406621, "params": {"gamma": 2.7780929606304388, "prior": 0.789756371223281, "rate": 1.0808592298701158}, "datetime": {"datetime": "2024-06-14 04:54:18", "elapsed": 13.726262, "delta": 0.008977}}
{"target": -290.1791651558625, "params": {"gamma": 7.164060397933428, "prior": 0.3613793596910616, "rate": 5.396963570672858}, "datetime": {"datetime": "2024-06-14 04:54:18", "elapsed": 13.736235, "delta": 0.009973}}
{"target": -175.65386178812753, "params": {"gamma": 2.9873312333774114, "prior": 8.698123271650664, "rate": 5.4508437359806505}, "datetime": {"datetime": "2024-06-14 04:54:18", "elapsed": 13.746208, "delta": 0.009973}}
{"target": -344.68954939277205, "params": {"gamma": 9.975479797714407, "prior": 5.654651317130731, "rate": 5.621416031788874}, "datetime": {"datetime": "2024-06-14 04:54:18", "elapsed": 13.756181, "delta": 0.009973}}
{"target": -133.047192133826, "params": {"gamma": 3.351731873456963, "prior": 2.598016846624347, "rate": 4.27426940599577}, "datetime": {"datetime": "2024-06-14 04:54:18", "elapsed": 13.766154, "delta": 0.009973}}
{"target": -114.63935262105127, "params": {"gamma": 2.2725263696062235, "prior": 0.8016724751186088, "rate": 4.2510872816074885}, "datetime": {"datetime": "2024-06-14 04:54:18", "elapsed": 13.77513, "delta": 0.008976}}
{"target": -139.84161559160827, "params": {"gamma": 1.0650645144221098, "prior": 7.2588960645487015, "rate": 2.984641891979689}, "datetime": {"datetime": "2024-06-14 04:54:18", "elapsed": 13.785133, "delta": 0.010003}}
{"target": -160.97051443465443, "params": {"gamma": 4.904126225336482, "prior": 2.036274494273748, "rate": 6.808584262587829}, "datetime": {"datetime": "2024-06-14 04:54:18", "elapsed": 13.795078, "delta": 0.009945}}
{"target": -712.0793405261807, "params": {"gamma": 8.308430641906321, "prior": 2.282027181056831, "rate": 0.07907888226929988}, "datetime": {"datetime": "2024-06-14 04:54:18", "elapsed": 13.80505, "delta": 0.009972}}
{"target": -172.87511925956937, "params": {"gamma": 2.5097921802793786, "prior": 6.31359939215205, "rate": 3.1088574555471813}, "datetime": {"datetime": "2024-06-14 04:54:18", "elapsed": 13.815023, "delta": 0.009973}}
{"target": -476.9677693501368, "params": {"gamma": 8.36222517696091, "prior": 8.542118072949869, "rate": 3.7180338874028376}, "datetime": {"datetime": "2024-06-14 04:54:18", "elapsed": 13.825026, "delta": 0.010003}}
{"target": -170.4091937399034, "params": {"gamma": 3.6539795857073187, "prior": 0.2639694600704467, "rate": 5.497237804999031}, "datetime": {"datetime": "2024-06-14 04:54:18", "elapsed": 13.834971, "delta": 0.009945}}
{"target": -147.4573170789856, "params": {"gamma": 1.5435516702923755, "prior": 1.2155274275217443, "rate": 0.5343279544192256}, "datetime": {"datetime": "2024-06-14 04:54:18", "elapsed": 13.844597, "delta": 0.009626}}
{"target": -180.03659033531196, "params": {"gamma": 1.7936587903460857, "prior": 1.6437150285544317, "rate": 0.3558683019833646}, "datetime": {"datetime": "2024-06-14 04:54:18", "elapsed": 13.85457, "delta": 0.009973}}
{"target": -483.9053704004022, "params": {"gamma": 9.82434211273752, "prior": 6.617214564837837, "rate": 3.8705537217530446}, "datetime": {"datetime": "2024-06-14 04:54:18", "elapsed": 13.864543, "delta": 0.009973}}
{"target": -105.68335577050875, "params": {"gamma": 0.6257922981876658, "prior": 0.5677285559900357, "rate": 8.049719394631913}, "datetime": {"datetime": "2024-06-14 04:54:18", "elapsed": 13.874517, "delta": 0.009974}}
{"target": -154.42847811536296, "params": {"gamma": 4.228375279460253, "prior": 1.1717762927933444, "rate": 1.6711743461337876}, "datetime": {"datetime": "2024-06-14 04:54:18", "elapsed": 13.88449, "delta": 0.009973}}
{"target": -479.01920011957276, "params": {"gamma": 6.802265132639049, "prior": 4.329618010053698, "rate": 0.9689860913418493}, "datetime": {"datetime": "2024-06-14 04:54:18", "elapsed": 13.89401, "delta": 0.00952}}
{"target": -148.88434268711043, "params": {"gamma": 3.920704589637105, "prior": 0.5430825876121436, "rate": 2.710990200499908}, "datetime": {"datetime": "2024-06-14 04:54:18", "elapsed": 13.903982, "delta": 0.009972}}
{"target": -163.02916980301583, "params": {"gamma": 5.031293904777502, "prior": 4.6290449340530495, "rate": 7.686577408158113}, "datetime": {"datetime": "2024-06-14 04:54:18", "elapsed": 13.913956, "delta": 0.009974}}
{"target": -164.91498571978096, "params": {"gamma": 1.6031430865858975, "prior": 5.149437940488653, "rate": 1.4161287835344174}, "datetime": {"datetime": "2024-06-14 04:54:18", "elapsed": 13.923929, "delta": 0.009973}}
{"target": -166.29754121155833, "params": {"gamma": 1.8945065357360218, "prior": 4.157996176719801, "rate": 1.4594799700408772}, "datetime": {"datetime": "2024-06-14 04:54:18", "elapsed": 13.933903, "delta": 0.009974}}
{"target": -170.06734531984756, "params": {"gamma": 5.623712931107031, "prior": 4.6067950147829295, "rate": 9.42102448081776}, "datetime": {"datetime": "2024-06-14 04:54:18", "elapsed": 13.943877, "delta": 0.009974}}
{"target": -228.08909035411034, "params": {"gamma": 6.700279053399254, "prior": 1.1211081382406665, "rate": 6.071461447289983}, "datetime": {"datetime": "2024-06-14 04:54:18", "elapsed": 13.953848, "delta": 0.009971}}
{"target": -159.17768879268178, "params": {"gamma": 4.203872166556974, "prior": 5.056256533803172, "rate": 6.558399608979977}, "datetime": {"datetime": "2024-06-14 04:54:18", "elapsed": 13.963823, "delta": 0.009975}}
{"target": -117.39291193430675, "params": {"gamma": 1.857995271651951, "prior": 3.659391503666097, "rate": 4.80431758722436}, "datetime": {"datetime": "2024-06-14 04:54:18", "elapsed": 13.973796, "delta": 0.009973}}
{"target": -183.64505396121444, "params": {"gamma": 6.148214863550358, "prior": 2.9270157375806125, "rate": 5.028231781609626}, "datetime": {"datetime": "2024-06-14 04:54:18", "elapsed": 13.983769, "delta": 0.009973}}
{"target": -172.09429465125385, "params": {"gamma": 2.786182582989594, "prior": 5.766659556664776, "rate": 3.423551750452962}, "datetime": {"datetime": "2024-06-14 04:54:18", "elapsed": 13.993743, "delta": 0.009974}}
{"target": -265.0252227017039, "params": {"gamma": 8.3917704255985, "prior": 6.890536777175542, "rate": 8.16146205993121}, "datetime": {"datetime": "2024-06-14 04:54:18", "elapsed": 14.003716, "delta": 0.009973}}
{"target": -104.11596893100236, "params": {"gamma": 1.5433064281287947, "prior": 1.933417151252388, "rate": 5.426405215883123}, "datetime": {"datetime": "2024-06-14 04:54:18", "elapsed": 14.012692, "delta": 0.008976}}
{"target": -130.04075042608602, "params": {"gamma": 0.6149211908273852, "prior": 5.426779331886682, "rate": 3.360634014854361}, "datetime": {"datetime": "2024-06-14 04:54:18", "elapsed": 14.022665, "delta": 0.009973}}
{"target": -333.32804108349575, "params": {"gamma": 3.2452188194691933, "prior": 2.3755465724366975, "rate": 0.0478627093242713}, "datetime": {"datetime": "2024-06-14 04:54:18", "elapsed": 14.032638, "delta": 0.009973}}
{"target": -390.8670039333316, "params": {"gamma": 6.87104638723164, "prior": 7.552533805640476, "rate": 3.383495876309245}, "datetime": {"datetime": "2024-06-14 04:54:18", "elapsed": 14.042612, "delta": 0.009974}}
{"target": -212.26075049764214, "params": {"gamma": 4.698566381850696, "prior": 7.994084512409785, "rate": 6.475029921813591}, "datetime": {"datetime": "2024-06-14 04:54:18", "elapsed": 14.052585, "delta": 0.009973}}
{"target": -127.9406939728079, "params": {"gamma": 0.23075873965417942, "prior": 2.91132760594111, "rate": 9.543993923653835}, "datetime": {"datetime": "2024-06-14 04:54:18", "elapsed": 14.062559, "delta": 0.009974}}
{"target": -247.6179645506552, "params": {"gamma": 8.831663399364862, "prior": 3.3196577156813976, "rate": 9.106428259046453}, "datetime": {"datetime": "2024-06-14 04:54:18", "elapsed": 14.072532, "delta": 0.009973}}
{"target": -171.7914473474085, "params": {"gamma": 4.792271643587237, "prior": 2.1004803357874806, "rate": 2.7152226317759873}, "datetime": {"datetime": "2024-06-14 04:54:18", "elapsed": 14.082505, "delta": 0.009973}}
{"target": -120.16611739260259, "params": {"gamma": 2.4105781820003296, "prior": 0.6501970175159, "rate": 4.371923976318957}, "datetime": {"datetime": "2024-06-14 04:54:18", "elapsed": 14.091481, "delta": 0.008976}}
{"target": -309.20291024736025, "params": {"gamma": 9.045924292349737, "prior": 5.304998895374705, "rate": 5.45501927258241}, "datetime": {"datetime": "2024-06-14 04:54:18", "elapsed": 14.101454, "delta": 0.009973}}
{"target": -112.20120933902291, "params": {"gamma": 2.270769102045196, "prior": 0.5593682144374752, "rate": 1.2589544199559672}, "datetime": {"datetime": "2024-06-14 04:54:18", "elapsed": 14.111468, "delta": 0.010014}}
{"target": -125.88773782175267, "params": {"gamma": 2.152041802423628, "prior": 8.746594812552626, "rate": 9.883297769252295}, "datetime": {"datetime": "2024-06-14 04:54:18", "elapsed": 14.121441, "delta": 0.009973}}
{"target": -139.55869928920458, "params": {"gamma": 0.17864471946155067, "prior": 4.488768556876849, "rate": 3.6926037105639593}, "datetime": {"datetime": "2024-06-14 04:54:18", "elapsed": 14.131415, "delta": 0.009974}}
{"target": -265.88975890081156, "params": {"gamma": 5.365099171557174, "prior": 6.203575904526908, "rate": 3.9606016122470797}, "datetime": {"datetime": "2024-06-14 04:54:18", "elapsed": 14.141417, "delta": 0.010002}}
{"target": -218.48231344868023, "params": {"gamma": 1.8394567778102808, "prior": 5.8942150336226105, "rate": 0.33393439959498467}, "datetime": {"datetime": "2024-06-14 04:54:18", "elapsed": 14.151362, "delta": 0.009945}}
{"target": -672.901677858055, "params": {"gamma": 8.939882672498515, "prior": 6.47966689423678, "rate": 0.9463480982929026}, "datetime": {"datetime": "2024-06-14 04:54:18", "elapsed": 14.161335, "delta": 0.009973}}
{"target": -231.2237273918929, "params": {"gamma": 5.514198481896219, "prior": 1.37684577932591, "rate": 1.189089580581743}, "datetime": {"datetime": "2024-06-14 04:54:18", "elapsed": 14.171308, "delta": 0.009973}}
{"target": -144.63985227903171, "params": {"gamma": 2.656223467019746, "prior": 7.652792185558542, "rate": 6.982511237812883}, "datetime": {"datetime": "2024-06-14 04:54:18", "elapsed": 14.181281, "delta": 0.009973}}
