{"target": -140.6344950957898, "params": {"gamma": 0.7466661384435471, "prior": 3.766026368361488, "rate": 1.235065179287484}, "datetime": {"datetime": "2024-06-14 05:06:41", "elapsed": 3.535003, "delta": 0.009974}}
{"target": -264.5026862927304, "params": {"gamma": 6.345552644202125, "prior": 4.1978064727211475, "rate": 9.909165409621975}, "datetime": {"datetime": "2024-06-14 05:06:41", "elapsed": 3.543979, "delta": 0.008976}}
{"target": -360.74752165942414, "params": {"gamma": 9.299626280909525, "prior": 1.5774367198665253, "rate": 3.9494277431054683}, "datetime": {"datetime": "2024-06-14 05:06:41", "elapsed": 3.552955, "delta": 0.008976}}
{"target": -227.99570142194418, "params": {"gamma": 4.6163355299129, "prior": 5.6533926757072575, "rate": 7.803854869369396}, "datetime": {"datetime": "2024-06-14 05:06:41", "elapsed": 3.561931, "delta": 0.008976}}
{"target": -281.0707714967239, "params": {"gamma": 4.872451896825164, "prior": 4.257936164901384, "rate": 2.6207350474886373}, "datetime": {"datetime": "2024-06-14 05:06:41", "elapsed": 3.571904, "delta": 0.009973}}
{"target": -400.0318165656025, "params": {"gamma": 9.108150584728497, "prior": 0.32048796417476116, "rate": 8.211397860291427}, "datetime": {"datetime": "2024-06-14 05:06:41", "elapsed": 3.580881, "delta": 0.008977}}
{"target": -158.89554143768498, "params": {"gamma": 1.8854955282645185, "prior": 6.888993301808218, "rate": 3.552738684007098}, "datetime": {"datetime": "2024-06-14 05:06:41", "elapsed": 3.589856, "delta": 0.008975}}
{"target": -428.79549135836555, "params": {"gamma": 9.742152066323019, "prior": 1.3154440815492576, "rate": 1.8765113562797784}, "datetime": {"datetime": "2024-06-14 05:06:41", "elapsed": 3.598832, "delta": 0.008976}}
{"target": -503.7104134183565, "params": {"gamma": 8.894535312169324, "prior": 5.875722514621456, "rate": 3.0931546002031376}, "datetime": {"datetime": "2024-06-14 05:06:41", "elapsed": 3.607808, "delta": 0.008976}}
{"target": -143.18394564422127, "params": {"gamma": 0.008643090396402046, "prior": 2.353217609390305, "rate": 1.4548909380781856}, "datetime": {"datetime": "2024-06-14 05:06:41", "elapsed": 3.616785, "delta": 0.008977}}
{"target": -150.16116465168534, "params": {"gamma": 2.035134809876536, "prior": 8.973593312359645, "rate": 8.731070688318136}, "datetime": {"datetime": "2024-06-14 05:06:41", "elapsed": 3.625761, "delta": 0.008976}}
{"target": -303.682430577274, "params": {"gamma": 7.0031940868968645, "prior": 4.757926993906869, "rate": 8.271532887320552}, "datetime": {"datetime": "2024-06-14 05:06:41", "elapsed": 3.634736, "delta": 0.008975}}
{"target": -274.46178339204806, "params": {"gamma": 4.958768144455039, "prior": 3.698537964520562, "rate": 2.7567554245058266}, "datetime": {"datetime": "2024-06-14 05:06:42", "elapsed": 3.64471, "delta": 0.009974}}
{"target": -423.1157720746855, "params": {"gamma": 9.247483394570178, "prior": 3.931193419137293, "rate": 4.929315853439772}, "datetime": {"datetime": "2024-06-14 05:06:42", "elapsed": 3.653686, "delta": 0.008976}}
{"target": -187.34074268906443, "params": {"gamma": 2.5451265850419067, "prior": 8.861168536496827, "rate": 3.833251304596062}, "datetime": {"datetime": "2024-06-14 05:06:42", "elapsed": 3.662662, "delta": 0.008976}}
{"target": -220.87297865358073, "params": {"gamma": 2.9764495784234386, "prior": 7.2041901257280685, "rate": 1.909508561779902}, "datetime": {"datetime": "2024-06-14 05:06:42", "elapsed": 3.671637, "delta": 0.008975}}
{"target": -132.89305795216833, "params": {"gamma": 1.1828081008410374, "prior": 8.386278043913771, "rate": 7.441615077773983}, "datetime": {"datetime": "2024-06-14 05:06:42", "elapsed": 3.682116, "delta": 0.010479}}
{"target": -248.27695897564672, "params": {"gamma": 5.905614955923525, "prior": 2.5046265921522197, "rate": 6.2328482047306535}, "datetime": {"datetime": "2024-06-14 05:06:42", "elapsed": 3.691092, "delta": 0.008976}}
{"target": -423.5651071210567, "params": {"gamma": 6.383914852090989, "prior": 3.342937496712019, "rate": 0.6758259413323553}, "datetime": {"datetime": "2024-06-14 05:06:42", "elapsed": 3.700068, "delta": 0.008976}}
{"target": -376.470705838343, "params": {"gamma": 8.805505437045703, "prior": 4.6535716376351575, "rate": 7.638963307946233}, "datetime": {"datetime": "2024-06-14 05:06:42", "elapsed": 3.709044, "delta": 0.008976}}
{"target": -173.17255097953972, "params": {"gamma": 2.539632320806454, "prior": 5.954733104448417, "rate": 4.288522808327629}, "datetime": {"datetime": "2024-06-14 05:06:42", "elapsed": 3.718049, "delta": 0.009005}}
{"target": -191.0603042000543, "params": {"gamma": 3.8216243248488464, "prior": 1.3544625000845356, "rate": 2.4434223654265494}, "datetime": {"datetime": "2024-06-14 05:06:42", "elapsed": 3.726996, "delta": 0.008947}}
{"target": -120.7936187699901, "params": {"gamma": 0.7943364880002312, "prior": 3.098297216704028, "rate": 7.417306297515323}, "datetime": {"datetime": "2024-06-14 05:06:42", "elapsed": 3.735973, "delta": 0.008977}}
{"target": -481.89527862107417, "params": {"gamma": 6.150542233985518, "prior": 6.7568698794458655, "rate": 0.08482241217079087}, "datetime": {"datetime": "2024-06-14 05:06:42", "elapsed": 3.744948, "delta": 0.008975}}
{"target": -400.38605520431776, "params": {"gamma": 6.784091345540948, "prior": 5.081488836374581, "rate": 2.309853596391308}, "datetime": {"datetime": "2024-06-14 05:06:42", "elapsed": 3.754922, "delta": 0.009974}}
{"target": -128.45345699887386, "params": {"gamma": 1.7497901933102402, "prior": 1.9313313589532155, "rate": 8.44275579074591}, "datetime": {"datetime": "2024-06-14 05:06:42", "elapsed": 3.763898, "delta": 0.008976}}
{"target": -587.6164965029051, "params": {"gamma": 9.825915303261548, "prior": 9.146022285932153, "rate": 3.4743468343077555}, "datetime": {"datetime": "2024-06-14 05:06:42", "elapsed": 3.772874, "delta": 0.008976}}
{"target": -346.5822679313324, "params": {"gamma": 7.802465572333946, "prior": 5.509900447944164, "rate": 8.16460753316182}, "datetime": {"datetime": "2024-06-14 05:06:42", "elapsed": 3.781358, "delta": 0.008484}}
{"target": -238.2028511095185, "params": {"gamma": 4.8377857849378705, "prior": 5.9405178531640965, "rate": 7.872847211795091}, "datetime": {"datetime": "2024-06-14 05:06:42", "elapsed": 3.790333, "delta": 0.008975}}
{"target": -134.2188633253031, "params": {"gamma": 1.0032461963882202, "prior": 5.416370456721353, "rate": 3.660467483349873}, "datetime": {"datetime": "2024-06-14 05:06:42", "elapsed": 3.799309, "delta": 0.008976}}
{"target": -366.3478783349662, "params": {"gamma": 6.043464129845054, "prior": 9.592144904806304, "rate": 3.9288366270246278}, "datetime": {"datetime": "2024-06-14 05:06:42", "elapsed": 3.808285, "delta": 0.008976}}
{"target": -224.22634914507253, "params": {"gamma": 3.930337006418223, "prior": 7.927306236537028, "rate": 6.451138912455179}, "datetime": {"datetime": "2024-06-14 05:06:42", "elapsed": 3.817261, "delta": 0.008976}}
{"target": -238.96090776458573, "params": {"gamma": 3.9394461945459094, "prior": 6.920654977479489, "rate": 4.040612088934736}, "datetime": {"datetime": "2024-06-14 05:06:42", "elapsed": 3.826238, "delta": 0.008977}}
{"target": -138.75597427161188, "params": {"gamma": 1.3619954293269727, "prior": 4.561368359854131, "rate": 3.3448595075800287}, "datetime": {"datetime": "2024-06-14 05:06:42", "elapsed": 3.835213, "delta": 0.008975}}
{"target": -160.16418738650438, "params": {"gamma": 2.180471331681618, "prior": 9.265170536200754, "rate": 6.896704351396498}, "datetime": {"datetime": "2024-06-14 05:06:42", "elapsed": 3.844189, "delta": 0.008976}}
{"target": -325.4352466679492, "params": {"gamma": 5.988610085343597, "prior": 7.49190897401775, "rate": 5.420168646652644}, "datetime": {"datetime": "2024-06-14 05:06:42", "elapsed": 3.853165, "delta": 0.008976}}
{"target": -354.1436772875058, "params": {"gamma": 7.005630193122407, "prior": 9.312542210573467, "rate": 8.626304328357714}, "datetime": {"datetime": "2024-06-14 05:06:42", "elapsed": 3.862141, "delta": 0.008976}}
{"target": -165.7648847635685, "params": {"gamma": 1.6752511332077065, "prior": 2.705076336846355, "rate": 0.7170311841386036}, "datetime": {"datetime": "2024-06-14 05:06:42", "elapsed": 3.871117, "delta": 0.008976}}
{"target": -372.5928218784555, "params": {"gamma": 9.786749378778312, "prior": 2.4402025767377182, "rate": 6.6063229609300596}, "datetime": {"datetime": "2024-06-14 05:06:42", "elapsed": 3.880096, "delta": 0.008979}}
{"target": -121.03794538959717, "params": {"gamma": 0.8972173585756926, "prior": 2.1866323266614858, "rate": 5.028741010800528}, "datetime": {"datetime": "2024-06-14 05:06:42", "elapsed": 3.889072, "delta": 0.008976}}
{"target": -126.26029103690445, "params": {"gamma": 1.0504317296309502, "prior": 3.9498466866777715, "rate": 5.3803392136766695}, "datetime": {"datetime": "2024-06-14 05:06:42", "elapsed": 3.898047, "delta": 0.008975}}
{"target": -196.28457688751905, "params": {"gamma": 3.3927026446661146, "prior": 5.603412090153097, "rate": 5.368146451102699}, "datetime": {"datetime": "2024-06-14 05:06:42", "elapsed": 3.906026, "delta": 0.007979}}
{"target": -215.87642694116494, "params": {"gamma": 3.906714376870321, "prior": 6.993073822700919, "rate": 6.785146057525243}, "datetime": {"datetime": "2024-06-14 05:06:42", "elapsed": 3.915002, "delta": 0.008976}}
{"target": -379.86590613725673, "params": {"gamma": 6.8733441905945245, "prior": 5.6587634621138045, "rate": 3.5814410602153455}, "datetime": {"datetime": "2024-06-14 05:06:42", "elapsed": 3.923978, "delta": 0.008976}}
{"target": -341.5465000817109, "params": {"gamma": 6.131510241334756, "prior": 9.363789039421178, "rate": 5.969288360934786}, "datetime": {"datetime": "2024-06-14 05:06:42", "elapsed": 3.932954, "delta": 0.008976}}
{"target": -414.01591213590785, "params": {"gamma": 9.795922153419893, "prior": 4.465965542047824, "rate": 7.39638001311296}, "datetime": {"datetime": "2024-06-14 05:06:42", "elapsed": 3.94193, "delta": 0.008976}}
{"target": -134.0554271299653, "params": {"gamma": 0.3770011826173517, "prior": 7.6707937261048125, "rate": 5.1832975216877974}, "datetime": {"datetime": "2024-06-14 05:06:42", "elapsed": 3.950906, "delta": 0.008976}}
{"target": -140.40811558532639, "params": {"gamma": 0.05416001307807128, "prior": 2.8442810373477254, "rate": 5.348787492965596}, "datetime": {"datetime": "2024-06-14 05:06:42", "elapsed": 3.959882, "delta": 0.008976}}
{"target": -309.24242123868817, "params": {"gamma": 7.679860819934835, "prior": 0.6256166949799984, "rate": 5.490985385061347}, "datetime": {"datetime": "2024-06-14 05:06:42", "elapsed": 3.967861, "delta": 0.007979}}
{"target": -358.3119790449747, "params": {"gamma": 8.010144563427762, "prior": 6.530872243296941, "rate": 9.314538702914113}, "datetime": {"datetime": "2024-06-14 05:06:42", "elapsed": 3.976839, "delta": 0.008978}}
{"target": -119.275219597085, "params": {"gamma": 0.7482397187025968, "prior": 2.8403839797458077, "rate": 9.192455805057469}, "datetime": {"datetime": "2024-06-14 05:06:42", "elapsed": 3.985815, "delta": 0.008976}}
{"target": -346.7543707393153, "params": {"gamma": 7.650286477833132, "prior": 6.037429410273777, "rate": 8.329848470226867}, "datetime": {"datetime": "2024-06-14 05:06:42", "elapsed": 3.994791, "delta": 0.008976}}
{"target": -433.6199097391252, "params": {"gamma": 8.960538872258445, "prior": 9.729931493242967, "rate": 9.98520655039097}, "datetime": {"datetime": "2024-06-14 05:06:42", "elapsed": 4.003767, "delta": 0.008976}}
{"target": -135.9350198244213, "params": {"gamma": 1.3973536875073507, "prior": 0.7983662429626219, "rate": 0.7355930769468734}, "datetime": {"datetime": "2024-06-14 05:06:42", "elapsed": 4.012743, "delta": 0.008976}}
{"target": -144.3759517029085, "params": {"gamma": 0.14842316520856935, "prior": 9.721018722481467, "rate": 0.9485743976558341}, "datetime": {"datetime": "2024-06-14 05:06:42", "elapsed": 4.021719, "delta": 0.008976}}
{"target": -448.3075560254651, "params": {"gamma": 8.417526525032311, "prior": 6.883212669386226, "rate": 4.876084117661699}, "datetime": {"datetime": "2024-06-14 05:06:42", "elapsed": 4.030695, "delta": 0.008976}}
{"target": -210.34314485998345, "params": {"gamma": 3.4676021187044235, "prior": 3.6011130919633505, "rate": 2.539134984589525}, "datetime": {"datetime": "2024-06-14 05:06:42", "elapsed": 4.039671, "delta": 0.008976}}
{"target": -653.7493773071054, "params": {"gamma": 9.110268719012566, "prior": 7.283861200399203, "rate": 0.2602320020499145}, "datetime": {"datetime": "2024-06-14 05:06:42", "elapsed": 4.048647, "delta": 0.008976}}
{"target": -340.56879215376256, "params": {"gamma": 4.615751011217899, "prior": 2.884882598114433, "rate": 0.2906328955928069}, "datetime": {"datetime": "2024-06-14 05:06:42", "elapsed": 4.057176, "delta": 0.008529}}
{"target": -520.9463966476852, "params": {"gamma": 8.846934261198635, "prior": 7.732953043751355, "rate": 3.298021057363365}, "datetime": {"datetime": "2024-06-14 05:06:42", "elapsed": 4.066153, "delta": 0.008977}}
{"target": -398.39815919667825, "params": {"gamma": 7.965789316779574, "prior": 3.3139193898096666, "rate": 3.0795165557326496}, "datetime": {"datetime": "2024-06-14 05:06:42", "elapsed": 4.075128, "delta": 0.008975}}
{"target": -522.9531257386293, "params": {"gamma": 9.281162675928762, "prior": 9.771470003263916, "rate": 5.236029491864212}, "datetime": {"datetime": "2024-06-14 05:06:42", "elapsed": 4.084104, "delta": 0.008976}}
{"target": -526.7833128721888, "params": {"gamma": 9.519399740511682, "prior": 8.891165289872, "rate": 5.180807583382493}, "datetime": {"datetime": "2024-06-14 05:06:42", "elapsed": 4.093222, "delta": 0.009118}}
{"target": -225.5251295184294, "params": {"gamma": 3.728115272172759, "prior": 7.132510325364133, "rate": 4.5569786029958985}, "datetime": {"datetime": "2024-06-14 05:06:42", "elapsed": 4.102199, "delta": 0.008977}}
{"target": -322.9855025076126, "params": {"gamma": 6.052523738337006, "prior": 9.905021349210472, "rate": 7.739388583314729}, "datetime": {"datetime": "2024-06-14 05:06:42", "elapsed": 4.111174, "delta": 0.008975}}
{"target": -175.14222659621097, "params": {"gamma": 3.343429773533269, "prior": 0.9810823861415419, "rate": 1.8498709971938052}, "datetime": {"datetime": "2024-06-14 05:06:42", "elapsed": 4.12015, "delta": 0.008976}}
{"target": -237.4472346365698, "params": {"gamma": 5.2689919070424525, "prior": 4.229313939257894, "rate": 8.006795921634268}, "datetime": {"datetime": "2024-06-14 05:06:42", "elapsed": 4.129127, "delta": 0.008977}}
{"target": -346.16331557030605, "params": {"gamma": 9.332090179528631, "prior": 1.8608610047183507, "rate": 8.600807641991286}, "datetime": {"datetime": "2024-06-14 05:06:42", "elapsed": 4.138102, "delta": 0.008975}}
{"target": -681.4604269526884, "params": {"gamma": 9.57399186834036, "prior": 9.598759007812843, "rate": 0.37958801461658453}, "datetime": {"datetime": "2024-06-14 05:06:42", "elapsed": 4.147079, "delta": 0.008977}}
{"target": -117.09040972885694, "params": {"gamma": 0.576777472576129, "prior": 0.15739418988512105, "rate": 3.127498880398609}, "datetime": {"datetime": "2024-06-14 05:06:42", "elapsed": 4.155057, "delta": 0.007978}}
{"target": -127.54535987302985, "params": {"gamma": 0.5579284287083343, "prior": 3.0092386061583873, "rate": 3.5608088438258343}, "datetime": {"datetime": "2024-06-14 05:06:42", "elapsed": 4.164033, "delta": 0.008976}}
{"target": -528.7661645163295, "params": {"gamma": 9.536816507720744, "prior": 4.821814132619101, "rate": 2.783106185770882}, "datetime": {"datetime": "2024-06-14 05:06:42", "elapsed": 4.173009, "delta": 0.008976}}
{"target": -348.5785231108924, "params": {"gamma": 5.030548945314497, "prior": 6.469243454026442, "rate": 1.1133454800017826}, "datetime": {"datetime": "2024-06-14 05:06:42", "elapsed": 4.181985, "delta": 0.008976}}
{"target": -374.530527859062, "params": {"gamma": 7.580858519672953, "prior": 8.534263135744226, "rate": 8.442654345834713}, "datetime": {"datetime": "2024-06-14 05:06:42", "elapsed": 4.190961, "delta": 0.008976}}
{"target": -418.75096908526535, "params": {"gamma": 8.905177817288482, "prior": 3.8802397278820355, "rate": 4.438608178466819}, "datetime": {"datetime": "2024-06-14 05:06:42", "elapsed": 4.199937, "delta": 0.008976}}
{"target": -118.47786894588164, "params": {"gamma": 1.0167131779857155, "prior": 2.335488532069228, "rate": 9.713233372262836}, "datetime": {"datetime": "2024-06-14 05:06:42", "elapsed": 4.208913, "delta": 0.008976}}
{"target": -175.66319247027076, "params": {"gamma": 2.8469550657183857, "prior": 9.083221808185874, "rate": 8.905632311496733}, "datetime": {"datetime": "2024-06-14 05:06:42", "elapsed": 4.217889, "delta": 0.008976}}
{"target": -344.72657195407277, "params": {"gamma": 9.225122468106674, "prior": 1.645880687963868, "rate": 8.797341712870308}, "datetime": {"datetime": "2024-06-14 05:06:42", "elapsed": 4.226865, "delta": 0.008976}}
{"target": -284.49724407027145, "params": {"gamma": 6.320317509680909, "prior": 2.1852189663461443, "rate": 3.4518140318860318}, "datetime": {"datetime": "2024-06-14 05:06:42", "elapsed": 4.235841, "delta": 0.008976}}
{"target": -169.8004753693061, "params": {"gamma": 1.6000279671042428, "prior": 4.499046758716659, "rate": 0.8386657635007598}, "datetime": {"datetime": "2024-06-14 05:06:42", "elapsed": 4.246732, "delta": 0.010891}}
{"target": -127.44409994530895, "params": {"gamma": 1.654019586311918, "prior": 2.052243830020026, "rate": 6.910582388225486}, "datetime": {"datetime": "2024-06-14 05:06:42", "elapsed": 4.260694, "delta": 0.013962}}
{"target": -369.9306062175613, "params": {"gamma": 5.738454888784365, "prior": 8.745899026963649, "rate": 2.447096023126362}, "datetime": {"datetime": "2024-06-14 05:06:42", "elapsed": 4.26967, "delta": 0.008976}}
{"target": -270.7335253687977, "params": {"gamma": 6.296449959232413, "prior": 0.4408695265402466, "rate": 5.162468412309614}, "datetime": {"datetime": "2024-06-14 05:06:42", "elapsed": 4.280641, "delta": 0.010971}}
{"target": -648.3701491307141, "params": {"gamma": 8.632401590656782, "prior": 9.842852784460677, "rate": 0.09971988061382621}, "datetime": {"datetime": "2024-06-14 05:06:42", "elapsed": 4.289617, "delta": 0.008976}}
{"target": -206.33039068601084, "params": {"gamma": 2.5291619792860742, "prior": 2.316111736242501, "rate": 0.4763284046833772}, "datetime": {"datetime": "2024-06-14 05:06:42", "elapsed": 4.298593, "delta": 0.008976}}
{"target": -144.12711807541677, "params": {"gamma": 0.10271439016149476, "prior": 4.952933591217894, "rate": 0.4557759745572704}, "datetime": {"datetime": "2024-06-14 05:06:42", "elapsed": 4.30757, "delta": 0.008977}}
{"target": -195.6840839081048, "params": {"gamma": 2.784002980338173, "prior": 6.435748234178231, "rate": 2.9476257235674814}, "datetime": {"datetime": "2024-06-14 05:06:42", "elapsed": 4.316545, "delta": 0.008975}}
{"target": -182.29015425741827, "params": {"gamma": 2.6972773568893555, "prior": 5.946410570211314, "rate": 3.805960238019191}, "datetime": {"datetime": "2024-06-14 05:06:42", "elapsed": 4.325521, "delta": 0.008976}}
{"target": -328.6300818450528, "params": {"gamma": 7.025527816580048, "prior": 5.011627117373624, "rate": 6.33245944879897}, "datetime": {"datetime": "2024-06-14 05:06:42", "elapsed": 4.333499, "delta": 0.007978}}
{"target": -230.04320809084498, "params": {"gamma": 3.5345900756692927, "prior": 2.9417350669395357, "rate": 1.3329379303972684}, "datetime": {"datetime": "2024-06-14 05:06:42", "elapsed": 4.342475, "delta": 0.008976}}
{"target": -437.34702459084895, "params": {"gamma": 9.370866767604843, "prior": 8.067874875556367, "rate": 9.380347403020368}, "datetime": {"datetime": "2024-06-14 05:06:42", "elapsed": 4.351451, "delta": 0.008976}}
{"target": -144.80085110258074, "params": {"gamma": 1.8546198659533752, "prior": 9.338242051949933, "rate": 9.357596323713638}, "datetime": {"datetime": "2024-06-14 05:06:42", "elapsed": 4.361425, "delta": 0.009974}}
{"target": -159.72020072011878, "params": {"gamma": 2.8361615915229414, "prior": 2.8188790593962434, "rate": 5.514764305160052}, "datetime": {"datetime": "2024-06-14 05:06:42", "elapsed": 4.370401, "delta": 0.008976}}
{"target": -162.57838078555307, "params": {"gamma": 1.8537071044461548, "prior": 4.476800995204981, "rate": 1.8539911417309063}, "datetime": {"datetime": "2024-06-14 05:06:42", "elapsed": 4.3789, "delta": 0.008499}}
{"target": -386.631027873396, "params": {"gamma": 9.473811803621638, "prior": 4.988864109161748, "rate": 9.639213756472554}, "datetime": {"datetime": "2024-06-14 05:06:42", "elapsed": 4.388873, "delta": 0.009973}}
{"target": -276.20530224222955, "params": {"gamma": 6.449771783449607, "prior": 4.894726153020617, "rate": 9.676984764366013}, "datetime": {"datetime": "2024-06-14 05:06:42", "elapsed": 4.39785, "delta": 0.008977}}
{"target": -134.82209077236328, "params": {"gamma": 1.4327546273059197, "prior": 6.360065759198316, "rate": 6.6192217900001395}, "datetime": {"datetime": "2024-06-14 05:06:42", "elapsed": 4.405828, "delta": 0.007978}}
{"target": -197.84277952736466, "params": {"gamma": 4.3389644317001075, "prior": 0.6876365308556791, "rate": 4.927733289059168}, "datetime": {"datetime": "2024-06-14 05:06:42", "elapsed": 4.414833, "delta": 0.009005}}
{"target": -302.4215969149119, "params": {"gamma": 4.651874301237257, "prior": 8.08679342667115, "rate": 2.5673532385398095}, "datetime": {"datetime": "2024-06-14 05:06:42", "elapsed": 4.42378, "delta": 0.008947}}
{"target": -184.91650329310502, "params": {"gamma": 3.914912199479702, "prior": 2.4777048514916347, "rate": 6.864747708308469}, "datetime": {"datetime": "2024-06-14 05:06:42", "elapsed": 4.432756, "delta": 0.008976}}
{"target": -363.8394713203348, "params": {"gamma": 9.898844649917818, "prior": 1.856552414995793, "rate": 8.214645955522746}, "datetime": {"datetime": "2024-06-14 05:06:42", "elapsed": 4.441732, "delta": 0.008976}}
