{"target": -1964.981987806521, "params": {"gamma": 5.53478362877641, "lr": 0.08480182166035288}, "datetime": {"datetime": "2024-06-13 22:59:27", "elapsed": 3.255237, "delta": 0.00381}}
{"target": -498.6847777854844, "params": {"gamma": 2.0254278937096815, "lr": 0.8542379729163827}, "datetime": {"datetime": "2024-06-13 22:59:27", "elapsed": 3.260222, "delta": 0.004985}}
{"target": -1788.2516151910231, "params": {"gamma": 7.0595677402804276, "lr": 0.8949395201529242}, "datetime": {"datetime": "2024-06-13 22:59:27", "elapsed": 3.264211, "delta": 0.003989}}
{"target": -705.5669837790217, "params": {"gamma": 3.2921308719412035, "lr": 0.5280013966376261}, "datetime": {"datetime": "2024-06-13 22:59:27", "elapsed": 3.268201, "delta": 0.00399}}
{"target": -1365.4490307806998, "params": {"gamma": 6.504330926708715, "lr": 0.5942908535866644}, "datetime": {"datetime": "2024-06-13 22:59:27", "elapsed": 3.272191, "delta": 0.00399}}
{"target": -498.80524220231797, "params": {"gamma": 2.315397892406944, "lr": 0.4268213494482356}, "datetime": {"datetime": "2024-06-13 22:59:27", "elapsed": 3.27618, "delta": 0.003989}}
{"target": -602.9855615804682, "params": {"gamma": 2.481866529137688, "lr": 0.8456149622311454}, "datetime": {"datetime": "2024-06-13 22:59:27", "elapsed": 3.280169, "delta": 0.003989}}
{"target": -3445.957000395342, "params": {"gamma": 9.866787772235858, "lr": 0.06657080313237929}, "datetime": {"datetime": "2024-06-13 22:59:27", "elapsed": 3.284158, "delta": 0.003989}}
{"target": -1604.723138549815, "params": {"gamma": 7.139566394637347, "lr": 0.3301155521990743}, "datetime": {"datetime": "2024-06-13 22:59:27", "elapsed": 3.289145, "delta": 0.004987}}
{"target": -1557.2063150680333, "params": {"gamma": 6.254728347736019, "lr": 0.258129649281871}, "datetime": {"datetime": "2024-06-13 22:59:27", "elapsed": 3.293135, "delta": 0.00399}}
{"target": -1458.1206815840558, "params": {"gamma": 6.510425085475643, "lr": 0.37114718446272954}, "datetime": {"datetime": "2024-06-13 22:59:27", "elapsed": 3.297124, "delta": 0.003989}}
{"target": -758.7948388951874, "params": {"gamma": 2.9489139744901, "lr": 0.9117631736977988}, "datetime": {"datetime": "2024-06-13 22:59:27", "elapsed": 3.301113, "delta": 0.003989}}
{"target": -1963.6933817453244, "params": {"gamma": 9.425046243387849, "lr": 0.6135500265601355}, "datetime": {"datetime": "2024-06-13 22:59:27", "elapsed": 3.3061, "delta": 0.004987}}
{"target": -560.4020806201224, "params": {"gamma": 2.1454633405260957, "lr": 0.9394188709061594}, "datetime": {"datetime": "2024-06-13 22:59:27", "elapsed": 3.31009, "delta": 0.00399}}
{"target": -1714.2622820738532, "params": {"gamma": 7.504785013686519, "lr": 0.7510898073228061}, "datetime": {"datetime": "2024-06-13 22:59:27", "elapsed": 3.314078, "delta": 0.003988}}
{"target": -506.5981531452941, "params": {"gamma": 2.1180016271500137, "lr": 0.8301565261622993}, "datetime": {"datetime": "2024-06-13 22:59:27", "elapsed": 3.318068, "delta": 0.00399}}
{"target": -524.9892128862032, "params": {"gamma": 2.4017114464579397, "lr": 0.6316207452501602}, "datetime": {"datetime": "2024-06-13 22:59:27", "elapsed": 3.323054, "delta": 0.004986}}
{"target": -1583.4464362800263, "params": {"gamma": 7.107684959425964, "lr": 0.7423834297071017}, "datetime": {"datetime": "2024-06-13 22:59:27", "elapsed": 3.327044, "delta": 0.00399}}
{"target": -898.7987303668374, "params": {"gamma": 3.9032567812912102, "lr": 0.7598253967160974}, "datetime": {"datetime": "2024-06-13 22:59:27", "elapsed": 3.331033, "delta": 0.003989}}
{"target": -1889.007477560565, "params": {"gamma": 9.029456085314978, "lr": 0.5874200192375769}, "datetime": {"datetime": "2024-06-13 22:59:27", "elapsed": 3.335023, "delta": 0.00399}}
{"target": -332.41495048178615, "params": {"gamma": 0.9050067472322914, "lr": 0.12897598414227607}, "datetime": {"datetime": "2024-06-13 22:59:27", "elapsed": 3.339012, "delta": 0.003989}}
{"target": -375.27637977158645, "params": {"gamma": 1.0535200041012063, "lr": 0.17272746332288003}, "datetime": {"datetime": "2024-06-13 22:59:27", "elapsed": 3.343001, "delta": 0.003989}}
{"target": -322.1587167442556, "params": {"gamma": 1.2651824720065605, "lr": 0.7783008900676276}, "datetime": {"datetime": "2024-06-13 22:59:27", "elapsed": 3.34699, "delta": 0.003989}}
{"target": -185.40051474158173, "params": {"gamma": 0.39507571033225836, "lr": 0.24155841734086403}, "datetime": {"datetime": "2024-06-13 22:59:27", "elapsed": 3.351977, "delta": 0.004987}}
{"target": -2224.168330530491, "params": {"gamma": 8.790784947183296, "lr": 0.9735188608362936}, "datetime": {"datetime": "2024-06-13 22:59:27", "elapsed": 3.355967, "delta": 0.00399}}
{"target": -1536.4211271849422, "params": {"gamma": 6.054614655262755, "lr": 0.9762382645603884}, "datetime": {"datetime": "2024-06-13 22:59:27", "elapsed": 3.35996, "delta": 0.003993}}
{"target": -178.04129982299492, "params": {"gamma": 0.43547196560805285, "lr": 0.9485727683760076}, "datetime": {"datetime": "2024-06-13 22:59:27", "elapsed": 3.363945, "delta": 0.003985}}
{"target": -730.6389472457765, "params": {"gamma": 3.113649528479215, "lr": 0.798972840361593}, "datetime": {"datetime": "2024-06-13 22:59:27", "elapsed": 3.367934, "delta": 0.003989}}
{"target": -1966.3063953565913, "params": {"gamma": 8.106480405365568, "lr": 0.8599985915803449}, "datetime": {"datetime": "2024-06-13 22:59:27", "elapsed": 3.371924, "delta": 0.00399}}
{"target": -1167.8222807242378, "params": {"gamma": 4.586049558214109, "lr": 0.9306443921654484}, "datetime": {"datetime": "2024-06-13 22:59:27", "elapsed": 3.376911, "delta": 0.004987}}
{"target": -667.2728583705161, "params": {"gamma": 2.579671951285972, "lr": 0.9344454925295846}, "datetime": {"datetime": "2024-06-13 22:59:27", "elapsed": 3.3809, "delta": 0.003989}}
{"target": -1570.8280771394384, "params": {"gamma": 6.191577212883354, "lr": 0.9854449149448306}, "datetime": {"datetime": "2024-06-13 22:59:27", "elapsed": 3.384889, "delta": 0.003989}}
{"target": -159.0246247946957, "params": {"gamma": 0.3274060157599613, "lr": 0.7251666588327084}, "datetime": {"datetime": "2024-06-13 22:59:27", "elapsed": 3.388878, "delta": 0.003989}}
{"target": -1147.4391582866986, "params": {"gamma": 5.655976799568431, "lr": 0.4924240473983196}, "datetime": {"datetime": "2024-06-13 22:59:27", "elapsed": 3.392868, "delta": 0.00399}}
{"target": -598.0558745359369, "params": {"gamma": 2.5929220383817193, "lr": 0.3268306848663751}, "datetime": {"datetime": "2024-06-13 22:59:27", "elapsed": 3.396857, "delta": 0.003989}}
{"target": -773.7974794255238, "params": {"gamma": 2.495372604807176, "lr": 0.21926791032506077}, "datetime": {"datetime": "2024-06-13 22:59:27", "elapsed": 3.400846, "delta": 0.003989}}
{"target": -1680.240792086469, "params": {"gamma": 7.996808714410864, "lr": 0.5023950058982584}, "datetime": {"datetime": "2024-06-13 22:59:27", "elapsed": 3.404836, "delta": 0.00399}}
{"target": -234.28912559798022, "params": {"gamma": 0.8328156970812803, "lr": 0.7769841920273803}, "datetime": {"datetime": "2024-06-13 22:59:27", "elapsed": 3.408825, "delta": 0.003989}}
{"target": -1193.4788501751398, "params": {"gamma": 5.336957111761226, "lr": 0.739387787346382}, "datetime": {"datetime": "2024-06-13 22:59:27", "elapsed": 3.413812, "delta": 0.004987}}
{"target": -1099.1494687256059, "params": {"gamma": 5.154421537738071, "lr": 0.39994592398513173}, "datetime": {"datetime": "2024-06-13 22:59:27", "elapsed": 3.417801, "delta": 0.003989}}
{"target": -3444.4627548791236, "params": {"gamma": 9.862481577580514, "lr": 0.02824262016291268}, "datetime": {"datetime": "2024-06-13 22:59:27", "elapsed": 3.42179, "delta": 0.003989}}
{"target": -2359.1757920351815, "params": {"gamma": 9.327706315740619, "lr": 0.930854967759968}, "datetime": {"datetime": "2024-06-13 22:59:27", "elapsed": 3.426778, "delta": 0.004988}}
{"target": -1202.770384818947, "params": {"gamma": 3.909796196303079, "lr": 0.2144648711333198}, "datetime": {"datetime": "2024-06-13 22:59:27", "elapsed": 3.430766, "delta": 0.003988}}
{"target": -2059.15392289105, "params": {"gamma": 6.192513766034457, "lr": 0.17797233547016944}, "datetime": {"datetime": "2024-06-13 22:59:27", "elapsed": 3.434755, "delta": 0.003989}}
{"target": -1993.4746989547216, "params": {"gamma": 8.032278735085756, "lr": 0.2539338558777352}, "datetime": {"datetime": "2024-06-13 22:59:27", "elapsed": 3.438745, "delta": 0.00399}}
{"target": -748.8236548526482, "params": {"gamma": 2.9087707441717465, "lr": 0.915915790009957}, "datetime": {"datetime": "2024-06-13 22:59:27", "elapsed": 3.442735, "delta": 0.00399}}
{"target": -1894.8803425726207, "params": {"gamma": 9.029265417910615, "lr": 0.5353808917305217}, "datetime": {"datetime": "2024-06-13 22:59:27", "elapsed": 3.446724, "delta": 0.003989}}
{"target": -1949.6809801407126, "params": {"gamma": 8.628526966805577, "lr": 0.3525325688050618}, "datetime": {"datetime": "2024-06-13 22:59:27", "elapsed": 3.450713, "delta": 0.003989}}
{"target": -2096.072892181788, "params": {"gamma": 9.978844897970799, "lr": 0.433689739404977}, "datetime": {"datetime": "2024-06-13 22:59:27", "elapsed": 3.454702, "delta": 0.003989}}
{"target": -1046.387897731351, "params": {"gamma": 2.948825305973155, "lr": 0.04157423394916726}, "datetime": {"datetime": "2024-06-13 22:59:27", "elapsed": 3.45969, "delta": 0.004988}}
{"target": -1999.1047020695228, "params": {"gamma": 9.897079830913631, "lr": 0.4648876309118224}, "datetime": {"datetime": "2024-06-13 22:59:27", "elapsed": 3.463678, "delta": 0.003988}}
{"target": -1541.9257085569739, "params": {"gamma": 7.346115555489657, "lr": 0.6408076240458747}, "datetime": {"datetime": "2024-06-13 22:59:27", "elapsed": 3.467668, "delta": 0.00399}}
{"target": -2531.4239204830546, "params": {"gamma": 7.231210903260432, "lr": 0.05111090382611627}, "datetime": {"datetime": "2024-06-13 22:59:27", "elapsed": 3.471657, "delta": 0.003989}}
{"target": -2327.1979342841164, "params": {"gamma": 9.200534008691728, "lr": 0.9268412179022415}, "datetime": {"datetime": "2024-06-13 22:59:27", "elapsed": 3.475682, "delta": 0.004025}}
{"target": -1402.2561447254923, "params": {"gamma": 5.520398276514817, "lr": 0.963915888684551}, "datetime": {"datetime": "2024-06-13 22:59:27", "elapsed": 3.479636, "delta": 0.003954}}
{"target": -602.4866373953237, "params": {"gamma": 2.8102744143666842, "lr": 0.6021466271365452}, "datetime": {"datetime": "2024-06-13 22:59:27", "elapsed": 3.484134, "delta": 0.004498}}
{"target": -846.1965376900072, "params": {"gamma": 3.9652304378361865, "lr": 0.6280232317552282}, "datetime": {"datetime": "2024-06-13 22:59:27", "elapsed": 3.48812, "delta": 0.003986}}
{"target": -705.64174161638, "params": {"gamma": 3.0070222529489574, "lr": 0.8193583846560202}, "datetime": {"datetime": "2024-06-13 22:59:27", "elapsed": 3.492109, "delta": 0.003989}}
{"target": -285.25354578105646, "params": {"gamma": 0.6987899990635812, "lr": 0.04187757029999628}, "datetime": {"datetime": "2024-06-13 22:59:27", "elapsed": 3.497096, "delta": 0.004987}}
{"target": -221.2497651583275, "params": {"gamma": 0.49491444994850975, "lr": 0.15045502836766345}, "datetime": {"datetime": "2024-06-13 22:59:27", "elapsed": 3.501085, "delta": 0.003989}}
{"target": -1009.546914877213, "params": {"gamma": 3.954109387473109, "lr": 0.9553899892571747}, "datetime": {"datetime": "2024-06-13 22:59:27", "elapsed": 3.505075, "delta": 0.00399}}
{"target": -271.8767602741956, "params": {"gamma": 1.1088436015198657, "lr": 0.6475529858164272}, "datetime": {"datetime": "2024-06-13 22:59:27", "elapsed": 3.509065, "delta": 0.00399}}
{"target": -1197.7815412514942, "params": {"gamma": 5.276687463055037, "lr": 0.353242405983059}, "datetime": {"datetime": "2024-06-13 22:59:27", "elapsed": 3.513053, "delta": 0.003988}}
{"target": -619.6417229077458, "params": {"gamma": 1.9827940939725983, "lr": 0.22059408184733575}, "datetime": {"datetime": "2024-06-13 22:59:27", "elapsed": 3.517042, "delta": 0.003989}}
{"target": -170.16783556681577, "params": {"gamma": 0.4391712757617422, "lr": 0.7131639731598145}, "datetime": {"datetime": "2024-06-13 22:59:27", "elapsed": 3.521032, "delta": 0.00399}}
{"target": -1377.5837567092906, "params": {"gamma": 6.538748151763354, "lr": 0.4437697927247224}, "datetime": {"datetime": "2024-06-13 22:59:27", "elapsed": 3.52602, "delta": 0.004988}}
{"target": -2487.8310178515053, "params": {"gamma": 7.189675941410347, "lr": 0.10997597244532042}, "datetime": {"datetime": "2024-06-13 22:59:27", "elapsed": 3.530008, "delta": 0.003988}}
{"target": -2222.576567511843, "params": {"gamma": 9.387253014515942, "lr": 0.8476267092393875}, "datetime": {"datetime": "2024-06-13 22:59:27", "elapsed": 3.534994, "delta": 0.004986}}
{"target": -1400.3060128017057, "params": {"gamma": 6.590697560999168, "lr": 0.37883116866173183}, "datetime": {"datetime": "2024-06-13 22:59:27", "elapsed": 3.538984, "delta": 0.00399}}
{"target": -849.4035325414517, "params": {"gamma": 4.16625072341846, "lr": 0.48215392215746744}, "datetime": {"datetime": "2024-06-13 22:59:27", "elapsed": 3.542974, "delta": 0.00399}}
{"target": -2266.613287802628, "params": {"gamma": 9.352902416297999, "lr": 0.8635929549181026}, "datetime": {"datetime": "2024-06-13 22:59:27", "elapsed": 3.546963, "delta": 0.003989}}
{"target": -996.3807371743866, "params": {"gamma": 4.779760568316378, "lr": 0.554518498278167}, "datetime": {"datetime": "2024-06-13 22:59:27", "elapsed": 3.550952, "delta": 0.003989}}
{"target": -2214.960208295645, "params": {"gamma": 8.754163218930938, "lr": 0.9492644337722901}, "datetime": {"datetime": "2024-06-13 22:59:27", "elapsed": 3.555939, "delta": 0.004987}}
{"target": -1425.8145698985084, "params": {"gamma": 6.392208373926592, "lr": 0.7485203200897537}, "datetime": {"datetime": "2024-06-13 22:59:27", "elapsed": 3.559929, "delta": 0.00399}}
{"target": -900.2760006828614, "params": {"gamma": 3.516897438698066, "lr": 0.91802831908618}, "datetime": {"datetime": "2024-06-13 22:59:27", "elapsed": 3.564914, "delta": 0.004985}}
{"target": -1728.7415552446844, "params": {"gamma": 8.367683746488458, "lr": 0.5520558812247628}, "datetime": {"datetime": "2024-06-13 22:59:27", "elapsed": 3.568904, "delta": 0.00399}}
{"target": -2055.214379489466, "params": {"gamma": 8.676404468942122, "lr": 0.8498718814403323}, "datetime": {"datetime": "2024-06-13 22:59:27", "elapsed": 3.572893, "delta": 0.003989}}
{"target": -2711.2569120131034, "params": {"gamma": 8.084305154704811, "lr": 0.13069282439738805}, "datetime": {"datetime": "2024-06-13 22:59:27", "elapsed": 3.576883, "delta": 0.00399}}
{"target": -1366.782557754422, "params": {"gamma": 5.3604897456433, "lr": 0.900783114706916}, "datetime": {"datetime": "2024-06-13 22:59:27", "elapsed": 3.580872, "delta": 0.003989}}
{"target": -1607.0316258370824, "params": {"gamma": 7.70854747370775, "lr": 0.4207131990251918}, "datetime": {"datetime": "2024-06-13 22:59:27", "elapsed": 3.585366, "delta": 0.004494}}
{"target": -2422.2134393112024, "params": {"gamma": 9.778826053206298, "lr": 0.25077315667300226}, "datetime": {"datetime": "2024-06-13 22:59:27", "elapsed": 3.589356, "delta": 0.00399}}
{"target": -855.3372631434819, "params": {"gamma": 3.336768678250129, "lr": 0.954200507429589}, "datetime": {"datetime": "2024-06-13 22:59:27", "elapsed": 3.593345, "delta": 0.003989}}
{"target": -2054.699654826192, "params": {"gamma": 8.087344766504712, "lr": 0.9003400045106619}, "datetime": {"datetime": "2024-06-13 22:59:27", "elapsed": 3.597335, "delta": 0.00399}}
{"target": -150.23195846792296, "params": {"gamma": 0.11688430450954196, "lr": 0.37976443303399476}, "datetime": {"datetime": "2024-06-13 22:59:27", "elapsed": 3.601324, "delta": 0.003989}}
{"target": -558.3435855011769, "params": {"gamma": 2.355984044142083, "lr": 0.2959350518874113}, "datetime": {"datetime": "2024-06-13 22:59:27", "elapsed": 3.605313, "delta": 0.003989}}
{"target": -1657.5699164216237, "params": {"gamma": 7.380216968542006, "lr": 0.7240848448640741}, "datetime": {"datetime": "2024-06-13 22:59:27", "elapsed": 3.609303, "delta": 0.00399}}
{"target": -1038.8928077335074, "params": {"gamma": 4.618532302580416, "lr": 0.3652744612070937}, "datetime": {"datetime": "2024-06-13 22:59:27", "elapsed": 3.613292, "delta": 0.003989}}
{"target": -1233.7393654562034, "params": {"gamma": 5.847331438432254, "lr": 0.5337077546342763}, "datetime": {"datetime": "2024-06-13 22:59:27", "elapsed": 3.618279, "delta": 0.004987}}
{"target": -1155.151084616955, "params": {"gamma": 5.5062450105196135, "lr": 0.6154770711146578}, "datetime": {"datetime": "2024-06-13 22:59:27", "elapsed": 3.622268, "delta": 0.003989}}
{"target": -910.933458307079, "params": {"gamma": 3.957087074403221, "lr": 0.7717184824154584}, "datetime": {"datetime": "2024-06-13 22:59:27", "elapsed": 3.626258, "delta": 0.00399}}
{"target": -545.0284236390546, "params": {"gamma": 2.512780630310517, "lr": 0.655760767903366}, "datetime": {"datetime": "2024-06-13 22:59:27", "elapsed": 3.630247, "delta": 0.003989}}
{"target": -3354.773770541918, "params": {"gamma": 9.604011085051962, "lr": 0.0035547604644260433}, "datetime": {"datetime": "2024-06-13 22:59:27", "elapsed": 3.635234, "delta": 0.004987}}
{"target": -2503.038508568691, "params": {"gamma": 7.233887082898668, "lr": 0.10899503392964371}, "datetime": {"datetime": "2024-06-13 22:59:27", "elapsed": 3.639222, "delta": 0.003988}}
{"target": -1152.0445479056584, "params": {"gamma": 5.438331129146589, "lr": 0.6269160166803346}, "datetime": {"datetime": "2024-06-13 22:59:27", "elapsed": 3.643212, "delta": 0.00399}}
{"target": -630.3794261733586, "params": {"gamma": 2.4302283105822404, "lr": 0.9138438752466082}, "datetime": {"datetime": "2024-06-13 22:59:27", "elapsed": 3.647201, "delta": 0.003989}}
{"target": -1808.0429676154972, "params": {"gamma": 6.223502974387487, "lr": 0.23169469139485988}, "datetime": {"datetime": "2024-06-13 22:59:27", "elapsed": 3.65119, "delta": 0.003989}}
{"target": -2663.905715581976, "params": {"gamma": 7.701551743810476, "lr": 0.10550707999733477}, "datetime": {"datetime": "2024-06-13 22:59:27", "elapsed": 3.65518, "delta": 0.00399}}
{"target": -1930.3495012171732, "params": {"gamma": 5.552697959994914, "lr": 0.0949560698024915}, "datetime": {"datetime": "2024-06-13 22:59:27", "elapsed": 3.660168, "delta": 0.004988}}
{"target": -1448.1510472904006, "params": {"gamma": 5.810259742677521, "lr": 0.2529801127201884}, "datetime": {"datetime": "2024-06-13 22:59:27", "elapsed": 3.664156, "delta": 0.003988}}
{"target": -1460.7570238474802, "params": {"gamma": 6.495018612739509, "lr": 0.71582695285818}, "datetime": {"datetime": "2024-06-13 22:59:27", "elapsed": 3.669142, "delta": 0.004986}}
{"target": -1106.0404532238083, "params": {"gamma": 5.242331960072044, "lr": 0.6575214077031101}, "datetime": {"datetime": "2024-06-13 22:59:27", "elapsed": 3.673132, "delta": 0.00399}}
{"target": -1877.8928427782362, "params": {"gamma": 8.133125159405232, "lr": 0.8075122716430321}, "datetime": {"datetime": "2024-06-13 22:59:27", "elapsed": 3.677122, "delta": 0.00399}}
{"target": -1255.9836245677745, "params": {"gamma": 6.197200238546574, "lr": 0.45110246212077487}, "datetime": {"datetime": "2024-06-13 22:59:27", "elapsed": 3.681111, "delta": 0.003989}}
{"target": -997.6287618596565, "params": {"gamma": 4.080091940484627, "lr": 0.8747476199043634}, "datetime": {"datetime": "2024-06-13 22:59:27", "elapsed": 3.6851, "delta": 0.003989}}
{"target": -2192.377844055228, "params": {"gamma": 7.029614389411599, "lr": 0.18493502237340165}, "datetime": {"datetime": "2024-06-13 22:59:27", "elapsed": 3.689089, "delta": 0.003989}}
{"target": -1441.7141374118476, "params": {"gamma": 5.657755734146004, "lr": 0.9088080323000569}, "datetime": {"datetime": "2024-06-13 22:59:27", "elapsed": 3.693079, "delta": 0.00399}}
{"target": -382.86452795214507, "params": {"gamma": 1.5077492324904636, "lr": 0.8455176755307064}, "datetime": {"datetime": "2024-06-13 22:59:27", "elapsed": 3.698065, "delta": 0.004986}}
{"target": -1658.559298467427, "params": {"gamma": 8.202204460687183, "lr": 0.4993411012978345}, "datetime": {"datetime": "2024-06-13 22:59:27", "elapsed": 3.702054, "delta": 0.003989}}
{"target": -193.8350514411144, "params": {"gamma": 0.37680093100554635, "lr": 0.14750250539693543}, "datetime": {"datetime": "2024-06-13 22:59:28", "elapsed": 3.706044, "delta": 0.00399}}
{"target": -3223.765595959889, "params": {"gamma": 9.226464308192023, "lr": 0.04415479603186245}, "datetime": {"datetime": "2024-06-13 22:59:28", "elapsed": 3.710034, "delta": 0.00399}}
{"target": -789.1228032889146, "params": {"gamma": 3.7256151652871896, "lr": 0.6190396347254709}, "datetime": {"datetime": "2024-06-13 22:59:28", "elapsed": 3.714023, "delta": 0.003989}}
{"target": -517.6259090360503, "params": {"gamma": 1.9702834411012529, "lr": 0.9810797572402973}, "datetime": {"datetime": "2024-06-13 22:59:28", "elapsed": 3.719009, "delta": 0.004986}}
{"target": -357.6566341390804, "params": {"gamma": 1.5605963552011808, "lr": 0.5396791951612744}, "datetime": {"datetime": "2024-06-13 22:59:28", "elapsed": 3.722999, "delta": 0.00399}}
{"target": -1795.638028218411, "params": {"gamma": 6.180495232142101, "lr": 0.2309899486697039}, "datetime": {"datetime": "2024-06-13 22:59:28", "elapsed": 3.726988, "delta": 0.003989}}
{"target": -948.7331591624973, "params": {"gamma": 4.663623583104205, "lr": 0.49100852913292925}, "datetime": {"datetime": "2024-06-13 22:59:28", "elapsed": 3.730978, "delta": 0.00399}}
{"target": -1616.518884425203, "params": {"gamma": 7.668856900889094, "lr": 0.6342807527738734}, "datetime": {"datetime": "2024-06-13 22:59:28", "elapsed": 3.734967, "delta": 0.003989}}
{"target": -1039.083116445468, "params": {"gamma": 4.676032980600331, "lr": 0.6669425431939752}, "datetime": {"datetime": "2024-06-13 22:59:28", "elapsed": 3.738956, "delta": 0.003989}}
{"target": -961.6304379339284, "params": {"gamma": 4.534320887795462, "lr": 0.5257115913414097}, "datetime": {"datetime": "2024-06-13 22:59:28", "elapsed": 3.743944, "delta": 0.004988}}
