{"target": -502.86513091316294, "params": {"gamma": 4.170803025021038, "lr": 0.7203244934421581}, "datetime": {"datetime": "2024-06-13 19:54:32", "elapsed": 0.0, "delta": 0.0}}
{"target": -145.35088565638438, "params": {"gamma": 0.002143633798631522, "lr": 0.30233257263183977}, "datetime": {"datetime": "2024-06-13 19:54:32", "elapsed": 0.003989, "delta": 0.003989}}
{"target": -279.8990123971255, "params": {"gamma": 1.4684121522803133, "lr": 0.0923385947687978}, "datetime": {"datetime": "2024-06-13 19:54:32", "elapsed": 0.006981, "delta": 0.002992}}
{"target": -197.1794582109915, "params": {"gamma": 1.8634158535653313, "lr": 0.34556072704304774}, "datetime": {"datetime": "2024-06-13 19:54:32", "elapsed": 0.009973, "delta": 0.002992}}
{"target": -424.7289319662959, "params": {"gamma": 3.968277974832469, "lr": 0.538816734003357}, "datetime": {"datetime": "2024-06-13 19:54:32", "elapsed": 0.013963, "delta": 0.00399}}
{"target": -476.68896360746385, "params": {"gamma": 4.192525949518545, "lr": 0.6852195003967595}, "datetime": {"datetime": "2024-06-13 19:54:32", "elapsed": 0.016955, "delta": 0.002992}}
{"target": -292.82514480035974, "params": {"gamma": 2.045318045065443, "lr": 0.8781174363909454}, "datetime": {"datetime": "2024-06-13 19:54:32", "elapsed": 0.019947, "delta": 0.002992}}
{"target": -131.13138972983538, "params": {"gamma": 0.2748485443860637, "lr": 0.6704675101784022}, "datetime": {"datetime": "2024-06-13 19:54:32", "elapsed": 0.022939, "delta": 0.002992}}
{"target": -448.8170560990349, "params": {"gamma": 4.173630718868903, "lr": 0.5586898284457517}, "datetime": {"datetime": "2024-06-13 19:54:32", "elapsed": 0.025931, "delta": 0.002992}}
{"target": -199.33638432218407, "params": {"gamma": 1.4047289990137424, "lr": 0.1981014890848788}, "datetime": {"datetime": "2024-06-13 19:54:32", "elapsed": 0.028923, "delta": 0.002992}}
{"target": -1099.4583175507069, "params": {"gamma": 8.00764494218669, "lr": 0.9682615757193975}, "datetime": {"datetime": "2024-06-13 19:54:32", "elapsed": 0.032912, "delta": 0.003989}}
{"target": -366.36518394357284, "params": {"gamma": 3.1349283574142692, "lr": 0.6923226156693141}, "datetime": {"datetime": "2024-06-13 19:54:32", "elapsed": 0.035904, "delta": 0.002992}}
{"target": -1203.7981889420962, "params": {"gamma": 8.764015133808087, "lr": 0.8946066635038473}, "datetime": {"datetime": "2024-06-13 19:54:32", "elapsed": 0.038896, "delta": 0.002992}}
{"target": -191.80151304753701, "params": {"gamma": 0.8513570694864094, "lr": 0.03905478323288236}, "datetime": {"datetime": "2024-06-13 19:54:32", "elapsed": 0.041888, "delta": 0.002992}}
{"target": -253.6582144115686, "params": {"gamma": 1.6991343652261244, "lr": 0.8781425034294131}, "datetime": {"datetime": "2024-06-13 19:54:32", "elapsed": 0.04488, "delta": 0.002992}}
{"target": -141.93502969770864, "params": {"gamma": 0.9843699914966679, "lr": 0.42110762500505217}, "datetime": {"datetime": "2024-06-13 19:54:32", "elapsed": 0.048869, "delta": 0.003989}}
{"target": -973.4052483480075, "params": {"gamma": 9.578937411974868, "lr": 0.5331652849730171}, "datetime": {"datetime": "2024-06-13 19:54:32", "elapsed": 0.051861, "delta": 0.002992}}
{"target": -622.8217033666854, "params": {"gamma": 6.919079262390784, "lr": 0.31551563100606295}, "datetime": {"datetime": "2024-06-13 19:54:32", "elapsed": 0.054853, "delta": 0.002992}}
{"target": -890.9388637308839, "params": {"gamma": 6.865322775888155, "lr": 0.8346256718973729}, "datetime": {"datetime": "2024-06-13 19:54:32", "elapsed": 0.057846, "delta": 0.002993}}
{"target": -136.02402054405948, "params": {"gamma": 0.18386448516457388, "lr": 0.7501443149449675}, "datetime": {"datetime": "2024-06-13 19:54:32", "elapsed": 0.061835, "delta": 0.003989}}
{"target": -1138.041133556992, "params": {"gamma": 9.88862202797604, "lr": 0.7481656543798394}, "datetime": {"datetime": "2024-06-13 19:54:32", "elapsed": 0.064827, "delta": 0.002992}}
{"target": -376.2100574279435, "params": {"gamma": 2.8051594766519874, "lr": 0.7892793284514885}, "datetime": {"datetime": "2024-06-13 19:54:32", "elapsed": 0.067819, "delta": 0.002992}}
{"target": -147.08430420656236, "params": {"gamma": 1.0331568397698425, "lr": 0.44789352617590517}, "datetime": {"datetime": "2024-06-13 19:54:32", "elapsed": 0.070811, "delta": 0.002992}}
{"target": -806.9761779275183, "params": {"gamma": 9.086046435427862, "lr": 0.2936141483736795}, "datetime": {"datetime": "2024-06-13 19:54:32", "elapsed": 0.073803, "delta": 0.002992}}
{"target": -363.04149566686374, "params": {"gamma": 2.878465610524901, "lr": 0.13002857211827767}, "datetime": {"datetime": "2024-06-13 19:54:32", "elapsed": 0.077792, "delta": 0.003989}}
{"target": -133.03744762019053, "params": {"gamma": 0.19465021174510047, "lr": 0.678835532939891}, "datetime": {"datetime": "2024-06-13 19:54:32", "elapsed": 0.080784, "delta": 0.002992}}
{"target": -230.51707137049056, "params": {"gamma": 2.1170695318845905, "lr": 0.2655466593722262}, "datetime": {"datetime": "2024-06-13 19:54:32", "elapsed": 0.083776, "delta": 0.002992}}
{"target": -981.873710003705, "params": {"gamma": 4.916240019644103, "lr": 0.053362545117080384}, "datetime": {"datetime": "2024-06-13 19:54:32", "elapsed": 0.086769, "delta": 0.002993}}
{"target": -693.3558823440114, "params": {"gamma": 5.741601937314639, "lr": 0.14672857490581015}, "datetime": {"datetime": "2024-06-13 19:54:32", "elapsed": 0.0901, "delta": 0.003331}}
{"target": -656.1567605748278, "params": {"gamma": 5.89346606349594, "lr": 0.6997583600209312}, "datetime": {"datetime": "2024-06-13 19:54:32", "elapsed": 0.093092, "delta": 0.002992}}
{"target": -144.28562895675327, "params": {"gamma": 1.0242419538494305, "lr": 0.4140559878195683}, "datetime": {"datetime": "2024-06-13 19:54:32", "elapsed": 0.096084, "delta": 0.002992}}
{"target": -679.9238359092637, "params": {"gamma": 6.9443071771197245, "lr": 0.41417926952690265}, "datetime": {"datetime": "2024-06-13 19:54:32", "elapsed": 0.100073, "delta": 0.003989}}
{"target": -136.14136655801693, "params": {"gamma": 0.5004846360019255, "lr": 0.5358964059155116}, "datetime": {"datetime": "2024-06-13 19:54:32", "elapsed": 0.103065, "delta": 0.002992}}
{"target": -685.3157629033577, "params": {"gamma": 6.638282657552669, "lr": 0.5148891120583086}, "datetime": {"datetime": "2024-06-13 19:54:32", "elapsed": 0.106058, "delta": 0.002993}}
{"target": -877.453509483516, "params": {"gamma": 9.446002965152143, "lr": 0.5865550405019929}, "datetime": {"datetime": "2024-06-13 19:54:32", "elapsed": 0.109049, "delta": 0.002991}}
{"target": -1076.742033333656, "params": {"gamma": 9.034115750963547, "lr": 0.13747470414623753}, "datetime": {"datetime": "2024-06-13 19:54:32", "elapsed": 0.112041, "delta": 0.002992}}
{"target": -218.02355528642337, "params": {"gamma": 1.3936241961603346, "lr": 0.8073912887095238}, "datetime": {"datetime": "2024-06-13 19:54:32", "elapsed": 0.116031, "delta": 0.00399}}
{"target": -488.7820626876793, "params": {"gamma": 3.9773706930183503, "lr": 0.16535419711693278}, "datetime": {"datetime": "2024-06-13 19:54:32", "elapsed": 0.119023, "delta": 0.002992}}
{"target": -849.5407985952187, "params": {"gamma": 9.275158295379942, "lr": 0.34776585974550656}, "datetime": {"datetime": "2024-06-13 19:54:32", "elapsed": 0.121567, "delta": 0.002544}}
{"target": -879.0197683457974, "params": {"gamma": 7.50837021925842, "lr": 0.7259979853504515}, "datetime": {"datetime": "2024-06-13 19:54:32", "elapsed": 0.125556, "delta": 0.003989}}
{"target": -843.6200363372012, "params": {"gamma": 8.833177605966892, "lr": 0.6236722070556089}, "datetime": {"datetime": "2024-06-13 19:54:32", "elapsed": 0.128549, "delta": 0.002993}}
{"target": -691.559112965267, "params": {"gamma": 7.509673397839345, "lr": 0.34889834197784253}, "datetime": {"datetime": "2024-06-13 19:54:32", "elapsed": 0.131541, "delta": 0.002992}}
{"target": -393.9338406579091, "params": {"gamma": 2.7000089897584956, "lr": 0.8958862181960668}, "datetime": {"datetime": "2024-06-13 19:54:32", "elapsed": 0.134533, "delta": 0.002992}}
{"target": -601.4157486682672, "params": {"gamma": 4.281483807523078, "lr": 0.9648400471483856}, "datetime": {"datetime": "2024-06-13 19:54:32", "elapsed": 0.138522, "delta": 0.003989}}
{"target": -642.589616459725, "params": {"gamma": 6.634751536686663, "lr": 0.6216957202091218}, "datetime": {"datetime": "2024-06-13 19:54:32", "elapsed": 0.141514, "delta": 0.002992}}
{"target": -204.1743765214832, "params": {"gamma": 1.1483449835607984, "lr": 0.9494892587070712}, "datetime": {"datetime": "2024-06-13 19:54:32", "elapsed": 0.144506, "delta": 0.002992}}
{"target": -438.0861122034554, "params": {"gamma": 4.499671422665926, "lr": 0.5783896143871318}, "datetime": {"datetime": "2024-06-13 19:54:32", "elapsed": 0.147498, "delta": 0.002992}}
{"target": -419.92266413015284, "params": {"gamma": 4.081959890810051, "lr": 0.2370269802430277}, "datetime": {"datetime": "2024-06-13 19:54:32", "elapsed": 0.151487, "delta": 0.003989}}
{"target": -840.7820689564817, "params": {"gamma": 9.033891826101975, "lr": 0.5736794866722859}, "datetime": {"datetime": "2024-06-13 19:54:32", "elapsed": 0.154479, "delta": 0.002992}}
{"target": -143.58373550504288, "params": {"gamma": 0.029700399984558545, "lr": 0.6171449136207239}, "datetime": {"datetime": "2024-06-13 19:54:32", "elapsed": 0.157471, "delta": 0.002992}}
{"target": -357.1697703984599, "params": {"gamma": 3.2671223728191894, "lr": 0.5270581022576093}, "datetime": {"datetime": "2024-06-13 19:54:32", "elapsed": 0.160463, "delta": 0.002992}}
{"target": -812.3456194358381, "params": {"gamma": 8.859535051008434, "lr": 0.35726976000249977}, "datetime": {"datetime": "2024-06-13 19:54:32", "elapsed": 0.163456, "delta": 0.002993}}
{"target": -866.697308386769, "params": {"gamma": 9.085442974047073, "lr": 0.6233601157918027}, "datetime": {"datetime": "2024-06-13 19:54:32", "elapsed": 0.16749, "delta": 0.004034}}
{"target": -137.73347059195524, "params": {"gamma": 0.15919660722271628, "lr": 0.9294372337437613}, "datetime": {"datetime": "2024-06-13 19:54:32", "elapsed": 0.169992, "delta": 0.002502}}
{"target": -952.3732452965702, "params": {"gamma": 6.9092782782517235, "lr": 0.9973228504514805}, "datetime": {"datetime": "2024-06-13 19:54:32", "elapsed": 0.173982, "delta": 0.00399}}
{"target": -235.73146135605603, "params": {"gamma": 1.7242327429449402, "lr": 0.13713574962887776}, "datetime": {"datetime": "2024-06-13 19:54:32", "elapsed": 0.176974, "delta": 0.002992}}
{"target": -1019.7737403878899, "params": {"gamma": 9.326022034908599, "lr": 0.6968181614899002}, "datetime": {"datetime": "2024-06-13 19:54:32", "elapsed": 0.179966, "delta": 0.002992}}
{"target": -149.8886593381617, "params": {"gamma": 0.6609357270479028, "lr": 0.7554630526024664}, "datetime": {"datetime": "2024-06-13 19:54:32", "elapsed": 0.182958, "delta": 0.002992}}
{"target": -1036.69298956724, "params": {"gamma": 7.539008008424004, "lr": 0.9230245355464833}, "datetime": {"datetime": "2024-06-13 19:54:32", "elapsed": 0.18595, "delta": 0.002992}}
{"target": -976.480273010785, "params": {"gamma": 7.11553606152609, "lr": 0.1242709619721647}, "datetime": {"datetime": "2024-06-13 19:54:32", "elapsed": 0.188944, "delta": 0.002994}}
{"target": -123.82709029044909, "params": {"gamma": 0.1997814582641161, "lr": 0.026210986877719278}, "datetime": {"datetime": "2024-06-13 19:54:32", "elapsed": 0.192934, "delta": 0.00399}}
{"target": -122.63009626567222, "params": {"gamma": 0.2840365737199253, "lr": 0.2462110676030459}, "datetime": {"datetime": "2024-06-13 19:54:32", "elapsed": 0.195925, "delta": 0.002991}}
{"target": -877.5219011484941, "params": {"gamma": 8.600419458880197, "lr": 0.5388310643416528}, "datetime": {"datetime": "2024-06-13 19:54:32", "elapsed": 0.198917, "delta": 0.002992}}
{"target": -722.89559655456, "params": {"gamma": 5.5286669648789735, "lr": 0.8420308923596057}, "datetime": {"datetime": "2024-06-13 19:54:32", "elapsed": 0.201909, "delta": 0.002992}}
{"target": -158.4874476354788, "params": {"gamma": 1.2426089778839915, "lr": 0.2791836790111395}, "datetime": {"datetime": "2024-06-13 19:54:32", "elapsed": 0.204902, "delta": 0.002993}}
{"target": -811.7094623808039, "params": {"gamma": 5.858006955311422, "lr": 0.9695957483196745}, "datetime": {"datetime": "2024-06-13 19:54:32", "elapsed": 0.208891, "delta": 0.003989}}
{"target": -1119.3144532894805, "params": {"gamma": 5.6107411623378445, "lr": 0.01864728937294302}, "datetime": {"datetime": "2024-06-13 19:54:32", "elapsed": 0.211883, "delta": 0.002992}}
{"target": -805.3023483607533, "params": {"gamma": 8.006526094133482, "lr": 0.23297427384102043}, "datetime": {"datetime": "2024-06-13 19:54:32", "elapsed": 0.215193, "delta": 0.00331}}
{"target": -766.0173976694649, "params": {"gamma": 8.071244850992173, "lr": 0.38786064406417176}, "datetime": {"datetime": "2024-06-13 19:54:32", "elapsed": 0.218203, "delta": 0.00301}}
{"target": -997.7169054238137, "params": {"gamma": 8.635555003739727, "lr": 0.7471216427371846}, "datetime": {"datetime": "2024-06-13 19:54:32", "elapsed": 0.221194, "delta": 0.002991}}
{"target": -672.5697793572958, "params": {"gamma": 5.562846099670199, "lr": 0.13645522566068502}, "datetime": {"datetime": "2024-06-13 19:54:32", "elapsed": 0.224187, "delta": 0.002993}}
{"target": -132.94403621434657, "params": {"gamma": 0.6001169774326044, "lr": 0.12134345574073735}, "datetime": {"datetime": "2024-06-13 19:54:32", "elapsed": 0.228176, "delta": 0.003989}}
{"target": -123.4413121963965, "params": {"gamma": 0.4464742335690725, "lr": 0.1074941291060929}, "datetime": {"datetime": "2024-06-13 19:54:32", "elapsed": 0.231168, "delta": 0.002992}}
{"target": -277.17696913173444, "params": {"gamma": 2.2578676767399393, "lr": 0.7129889803826767}, "datetime": {"datetime": "2024-06-13 19:54:32", "elapsed": 0.23416, "delta": 0.002992}}
{"target": -1116.7154308765405, "params": {"gamma": 5.597610103559371, "lr": 0.012555980159115854}, "datetime": {"datetime": "2024-06-13 19:54:32", "elapsed": 0.237152, "delta": 0.002992}}
{"target": -162.14800005758212, "params": {"gamma": 0.7206708226151783, "lr": 0.967276330000272}, "datetime": {"datetime": "2024-06-13 19:54:32", "elapsed": 0.240144, "delta": 0.002992}}
{"target": -579.7873831134169, "params": {"gamma": 5.6814365187375016, "lr": 0.20329323466099047}, "datetime": {"datetime": "2024-06-13 19:54:32", "elapsed": 0.244133, "delta": 0.003989}}
{"target": -318.23964484650924, "params": {"gamma": 2.5240051199586637, "lr": 0.7438258540750929}, "datetime": {"datetime": "2024-06-13 19:54:32", "elapsed": 0.247125, "delta": 0.002992}}
{"target": -220.6139876164024, "params": {"gamma": 1.9550993816120785, "lr": 0.5813589272732578}, "datetime": {"datetime": "2024-06-13 19:54:32", "elapsed": 0.250117, "delta": 0.002992}}
{"target": -1247.9263586785119, "params": {"gamma": 9.700229870894034, "lr": 0.8468288014900353}, "datetime": {"datetime": "2024-06-13 19:54:32", "elapsed": 0.253109, "delta": 0.002992}}
{"target": -251.83110268738105, "params": {"gamma": 2.399237743716714, "lr": 0.49376971426872995}, "datetime": {"datetime": "2024-06-13 19:54:32", "elapsed": 0.257099, "delta": 0.00399}}
{"target": -790.0255438457644, "params": {"gamma": 6.199937228095417, "lr": 0.8289808995501787}, "datetime": {"datetime": "2024-06-13 19:54:32", "elapsed": 0.26009, "delta": 0.002991}}
{"target": -323.71601774630096, "params": {"gamma": 1.5687571550661965, "lr": 0.018576202177409518}, "datetime": {"datetime": "2024-06-13 19:54:32", "elapsed": 0.263084, "delta": 0.002994}}
{"target": -131.23372060652005, "params": {"gamma": 0.7011514150485041, "lr": 0.4863451109370318}, "datetime": {"datetime": "2024-06-13 19:54:32", "elapsed": 0.266074, "delta": 0.00299}}
{"target": -635.1363030797057, "params": {"gamma": 6.063688287071651, "lr": 0.5688514370864813}, "datetime": {"datetime": "2024-06-13 19:54:32", "elapsed": 0.270064, "delta": 0.00399}}
{"target": -455.20195290591886, "params": {"gamma": 3.1743067308122854, "lr": 0.9886161544124489}, "datetime": {"datetime": "2024-06-13 19:54:32", "elapsed": 0.273056, "delta": 0.002992}}
{"target": -555.898582287281, "params": {"gamma": 5.797872447238724, "lr": 0.3801411726235504}, "datetime": {"datetime": "2024-06-13 19:54:32", "elapsed": 0.276048, "delta": 0.002992}}
{"target": -647.9581599831562, "params": {"gamma": 5.509931242959851, "lr": 0.7453344309065021}, "datetime": {"datetime": "2024-06-13 19:54:32", "elapsed": 0.279039, "delta": 0.002991}}
{"target": -644.3035425409747, "params": {"gamma": 6.6926597016383935, "lr": 0.2649195576628094}, "datetime": {"datetime": "2024-06-13 19:54:32", "elapsed": 0.283029, "delta": 0.00399}}
{"target": -125.2971325842574, "params": {"gamma": 0.6642820094499873, "lr": 0.3700841979141063}, "datetime": {"datetime": "2024-06-13 19:54:32", "elapsed": 0.286021, "delta": 0.002992}}
{"target": -639.7656571305861, "params": {"gamma": 6.297545352708624, "lr": 0.2101740099148396}, "datetime": {"datetime": "2024-06-13 19:54:32", "elapsed": 0.289013, "delta": 0.002992}}
{"target": -1498.8329619773035, "params": {"gamma": 7.5278027818344, "lr": 0.06653648135411494}, "datetime": {"datetime": "2024-06-13 19:54:32", "elapsed": 0.292005, "delta": 0.002992}}
{"target": -354.2545970735914, "params": {"gamma": 2.603890670686831, "lr": 0.8047545637433454}, "datetime": {"datetime": "2024-06-13 19:54:32", "elapsed": 0.294997, "delta": 0.002992}}
{"target": -223.08330204056747, "params": {"gamma": 1.935149391950654, "lr": 0.6394608808799401}, "datetime": {"datetime": "2024-06-13 19:54:32", "elapsed": 0.298987, "delta": 0.00399}}
{"target": -730.0891389910374, "params": {"gamma": 5.247178420928214, "lr": 0.9248079703993507}, "datetime": {"datetime": "2024-06-13 19:54:32", "elapsed": 0.301979, "delta": 0.002992}}
{"target": -531.2158368805212, "params": {"gamma": 2.633704408100623, "lr": 0.06596109068402378}, "datetime": {"datetime": "2024-06-13 19:54:32", "elapsed": 0.304971, "delta": 0.002992}}
{"target": -927.803989018104, "params": {"gamma": 7.350924566923407, "lr": 0.7721780295432468}, "datetime": {"datetime": "2024-06-13 19:54:32", "elapsed": 0.307963, "delta": 0.002992}}
{"target": -1242.8752253648252, "params": {"gamma": 9.078250709182736, "lr": 0.9319720691968373}, "datetime": {"datetime": "2024-06-13 19:54:32", "elapsed": 0.311952, "delta": 0.003989}}
{"target": -130.63449060622588, "params": {"gamma": 0.14050177818299456, "lr": 0.2343620861214205}, "datetime": {"datetime": "2024-06-13 19:54:32", "elapsed": 0.314944, "delta": 0.002992}}
{"target": -853.1913048579555, "params": {"gamma": 6.1681667916595755, "lr": 0.9490163206876164}, "datetime": {"datetime": "2024-06-13 19:54:32", "elapsed": 0.317936, "delta": 0.002992}}
{"target": -975.3492969659973, "params": {"gamma": 9.50181101635155, "lr": 0.5566531881951564}, "datetime": {"datetime": "2024-06-13 19:54:32", "elapsed": 0.320928, "delta": 0.002992}}
{"target": -873.1655580528143, "params": {"gamma": 9.15614789131298, "lr": 0.6415662089463375}, "datetime": {"datetime": "2024-06-13 19:54:32", "elapsed": 0.32392, "delta": 0.002992}}
{"target": -386.60282064639773, "params": {"gamma": 3.9006871336983213, "lr": 0.48599066709690975}, "datetime": {"datetime": "2024-06-13 19:54:32", "elapsed": 0.327909, "delta": 0.003989}}
{"target": -627.0972766077591, "params": {"gamma": 6.043500518716813, "lr": 0.5495479215085626}, "datetime": {"datetime": "2024-06-13 19:54:32", "elapsed": 0.330901, "delta": 0.002992}}
{"target": -1267.4776590958982, "params": {"gamma": 9.26188808563783, "lr": 0.9187334356336061}, "datetime": {"datetime": "2024-06-13 19:54:32", "elapsed": 0.333893, "delta": 0.002992}}
{"target": -557.3460479956957, "params": {"gamma": 3.9493612536226252, "lr": 0.9632625284407118}, "datetime": {"datetime": "2024-06-13 19:54:32", "elapsed": 0.336885, "delta": 0.002992}}
{"target": -237.44876042334735, "params": {"gamma": 1.740382711137963, "lr": 0.12632951943963733}, "datetime": {"datetime": "2024-06-13 19:54:32", "elapsed": 0.340874, "delta": 0.003989}}
{"target": -184.69464071346852, "params": {"gamma": 1.3516565013092665, "lr": 0.5056621656768967}, "datetime": {"datetime": "2024-06-13 19:54:32", "elapsed": 0.343867, "delta": 0.002993}}
{"target": -137.04102544542033, "params": {"gamma": 0.2162265279367056, "lr": 0.947970211217681}, "datetime": {"datetime": "2024-06-13 19:54:32", "elapsed": 0.346859, "delta": 0.002992}}
{"target": -1646.045497472665, "params": {"gamma": 8.271327596236153, "lr": 0.015018980742122379}, "datetime": {"datetime": "2024-06-13 19:54:32", "elapsed": 0.34985, "delta": 0.002991}}
{"target": -193.17379541914826, "params": {"gamma": 1.7627863594949775, "lr": 0.332063574366837}, "datetime": {"datetime": "2024-06-13 19:54:32", "elapsed": 0.352843, "delta": 0.002993}}
{"target": -209.51054540161516, "params": {"gamma": 1.310837451264358, "lr": 0.8094906921265821}, "datetime": {"datetime": "2024-06-13 19:54:32", "elapsed": 0.356832, "delta": 0.003989}}
{"target": -491.13084195940274, "params": {"gamma": 3.4480217901802512, "lr": 0.9401074823333672}, "datetime": {"datetime": "2024-06-13 19:54:32", "elapsed": 0.359824, "delta": 0.002992}}
{"target": -746.9038312746185, "params": {"gamma": 5.820559785290854, "lr": 0.8788319844118441}, "datetime": {"datetime": "2024-06-13 19:54:32", "elapsed": 0.362816, "delta": 0.002992}}
{"target": -1161.2433970016768, "params": {"gamma": 8.447499719476827, "lr": 0.9053923187086492}, "datetime": {"datetime": "2024-06-13 19:54:32", "elapsed": 0.365808, "delta": 0.002992}}
{"target": -486.04272838617493, "params": {"gamma": 4.599342777902254, "lr": 0.5463468160203733}, "datetime": {"datetime": "2024-06-13 19:54:32", "elapsed": 0.369797, "delta": 0.003989}}
{"target": -713.5021709624999, "params": {"gamma": 7.986237307929242, "lr": 0.28571885173414757}, "datetime": {"datetime": "2024-06-13 19:54:32", "elapsed": 0.372789, "delta": 0.002992}}
