{"target": -1102.9829104995358, "params": {"gamma": 6.139097026322785, "lr": 0.3241385298974466}, "datetime": {"datetime": "2024-06-14 01:34:32", "elapsed": 1.321563, "delta": 0.002993}}
{"target": -857.0711694985333, "params": {"gamma": 4.574144456728294, "lr": 0.44411710701661444}, "datetime": {"datetime": "2024-06-14 01:34:32", "elapsed": 1.325551, "delta": 0.003988}}
{"target": -1486.1500478560745, "params": {"gamma": 8.281525471954389, "lr": 0.4263481542362306}, "datetime": {"datetime": "2024-06-14 01:34:32", "elapsed": 1.329541, "delta": 0.00399}}
{"target": -765.2376644443376, "params": {"gamma": 3.4576425129338477, "lr": 0.6749716048091052}, "datetime": {"datetime": "2024-06-14 01:34:32", "elapsed": 1.333109, "delta": 0.003568}}
{"target": -433.3828038880134, "params": {"gamma": 2.215599075279554, "lr": 0.4672458239265538}, "datetime": {"datetime": "2024-06-14 01:34:32", "elapsed": 1.336606, "delta": 0.003497}}
{"target": -651.2805309082711, "params": {"gamma": 3.1483421075528404, "lr": 0.6268556021628346}, "datetime": {"datetime": "2024-06-14 01:34:32", "elapsed": 1.340596, "delta": 0.00399}}
{"target": -1612.4349567773024, "params": {"gamma": 8.773727386473432, "lr": 0.4476890001456285}, "datetime": {"datetime": "2024-06-14 01:34:32", "elapsed": 1.344585, "delta": 0.003989}}
{"target": -1444.3796311465505, "params": {"gamma": 7.84478973050044, "lr": 0.4569657005615504}, "datetime": {"datetime": "2024-06-14 01:34:32", "elapsed": 1.348799, "delta": 0.004214}}
{"target": -2348.5273789897456, "params": {"gamma": 6.562637087839597, "lr": 0.13184097502750214}, "datetime": {"datetime": "2024-06-14 01:34:32", "elapsed": 1.352297, "delta": 0.003498}}
{"target": -1113.0943039232495, "params": {"gamma": 4.3303820881695145, "lr": 0.9093119886549367}, "datetime": {"datetime": "2024-06-14 01:34:32", "elapsed": 1.356286, "delta": 0.003989}}
{"target": -1363.5170517111494, "params": {"gamma": 6.055184531308316, "lr": 0.7667745872371021}, "datetime": {"datetime": "2024-06-14 01:34:32", "elapsed": 1.360275, "delta": 0.003989}}
{"target": -938.9048407541936, "params": {"gamma": 5.047501380350848, "lr": 0.49805562482800747}, "datetime": {"datetime": "2024-06-14 01:34:32", "elapsed": 1.364265, "delta": 0.00399}}
{"target": -4050.1052554085063, "params": {"gamma": 8.429155502088307, "lr": 0.06780693434095375}, "datetime": {"datetime": "2024-06-14 01:34:32", "elapsed": 1.367948, "delta": 0.003683}}
{"target": -1465.707135168803, "params": {"gamma": 5.733149443225297, "lr": 0.9427625754329493}, "datetime": {"datetime": "2024-06-14 01:34:32", "elapsed": 1.37094, "delta": 0.002992}}
{"target": -1808.4464541812956, "params": {"gamma": 5.179082621675048, "lr": 0.1944658095278845}, "datetime": {"datetime": "2024-06-14 01:34:32", "elapsed": 1.37493, "delta": 0.00399}}
{"target": -1814.482017499331, "params": {"gamma": 8.479545985042318, "lr": 0.25163914235585283}, "datetime": {"datetime": "2024-06-14 01:34:32", "elapsed": 1.378919, "delta": 0.003989}}
{"target": -1405.8841157634595, "params": {"gamma": 7.007559638788898, "lr": 0.5402609403968999}, "datetime": {"datetime": "2024-06-14 01:34:32", "elapsed": 1.382908, "delta": 0.003989}}
{"target": -1899.491299708024, "params": {"gamma": 9.488414046513915, "lr": 0.6243367024026759}, "datetime": {"datetime": "2024-06-14 01:34:32", "elapsed": 1.386898, "delta": 0.00399}}
{"target": -4026.5075843572913, "params": {"gamma": 8.379941642515245, "lr": 0.007932876194523097}, "datetime": {"datetime": "2024-06-14 01:34:32", "elapsed": 1.390887, "delta": 0.003989}}
{"target": -4752.210164155383, "params": {"gamma": 9.893411221610213, "lr": 0.07771457033238649}, "datetime": {"datetime": "2024-06-14 01:34:32", "elapsed": 1.393879, "delta": 0.002992}}
{"target": -831.6322978576504, "params": {"gamma": 3.2219730066340815, "lr": 0.9461523954567653}, "datetime": {"datetime": "2024-06-14 01:34:32", "elapsed": 1.39768, "delta": 0.003801}}
{"target": -145.02883469732564, "params": {"gamma": 0.09038208461007943, "lr": 0.8227300054219355}, "datetime": {"datetime": "2024-06-14 01:34:32", "elapsed": 1.40167, "delta": 0.00399}}
{"target": -1586.6976258402256, "params": {"gamma": 8.612255172029577, "lr": 0.4398308142085725}, "datetime": {"datetime": "2024-06-14 01:34:32", "elapsed": 1.405659, "delta": 0.003989}}
{"target": -603.6895805088687, "params": {"gamma": 2.558196192865506, "lr": 0.8026895196332986}, "datetime": {"datetime": "2024-06-14 01:34:32", "elapsed": 1.409649, "delta": 0.00399}}
{"target": -1715.7636360230536, "params": {"gamma": 4.77914218231778, "lr": 0.13433860865569613}, "datetime": {"datetime": "2024-06-14 01:34:32", "elapsed": 1.413638, "delta": 0.003989}}
{"target": -2310.396897947747, "params": {"gamma": 9.278562079257282, "lr": 0.8959699670066484}, "datetime": {"datetime": "2024-06-14 01:34:32", "elapsed": 1.41663, "delta": 0.002992}}
{"target": -1170.172626143369, "params": {"gamma": 4.915959955019337, "lr": 0.8567024965177922}, "datetime": {"datetime": "2024-06-14 01:34:32", "elapsed": 1.420619, "delta": 0.003989}}
{"target": -921.8129764868081, "params": {"gamma": 4.1863616796152225, "lr": 0.6834649001663011}, "datetime": {"datetime": "2024-06-14 01:34:32", "elapsed": 1.424609, "delta": 0.00399}}
{"target": -808.4275461822792, "params": {"gamma": 3.9805084034398166, "lr": 0.5057420174508104}, "datetime": {"datetime": "2024-06-14 01:34:32", "elapsed": 1.428598, "delta": 0.003989}}
{"target": -501.6721134243098, "params": {"gamma": 1.896327476636439, "lr": 0.9649889241109139}, "datetime": {"datetime": "2024-06-14 01:34:32", "elapsed": 1.432587, "delta": 0.003989}}
{"target": -1332.0264830451913, "params": {"gamma": 2.9428626667543027, "lr": 0.10345955611640134}, "datetime": {"datetime": "2024-06-14 01:34:32", "elapsed": 1.436576, "delta": 0.003989}}
{"target": -709.7576071286458, "params": {"gamma": 1.4440096868902519, "lr": 0.014092294192442956}, "datetime": {"datetime": "2024-06-14 01:34:32", "elapsed": 1.440566, "delta": 0.00399}}
{"target": -1428.8279268471736, "params": {"gamma": 7.1597410489244835, "lr": 0.5644983202408741}, "datetime": {"datetime": "2024-06-14 01:34:32", "elapsed": 1.443558, "delta": 0.002992}}
{"target": -1591.5480526688546, "params": {"gamma": 7.945988933496338, "lr": 0.5070799232841364}, "datetime": {"datetime": "2024-06-14 01:34:32", "elapsed": 1.447547, "delta": 0.003989}}
{"target": -1728.3514599577825, "params": {"gamma": 7.918418574002035, "lr": 0.6957642142718394}, "datetime": {"datetime": "2024-06-14 01:34:32", "elapsed": 1.451536, "delta": 0.003989}}
{"target": -1397.708939788416, "params": {"gamma": 7.778706920114895, "lr": 0.4064828689770863}, "datetime": {"datetime": "2024-06-14 01:34:32", "elapsed": 1.455588, "delta": 0.004052}}
{"target": -2463.0924069173516, "params": {"gamma": 6.478058561241625, "lr": 0.1797942976929744}, "datetime": {"datetime": "2024-06-14 01:34:32", "elapsed": 1.459515, "delta": 0.003927}}
{"target": -1230.9365226625926, "params": {"gamma": 3.2188778139156518, "lr": 0.1726046201197925}, "datetime": {"datetime": "2024-06-14 01:34:32", "elapsed": 1.463504, "delta": 0.003989}}
{"target": -1092.9120316311487, "params": {"gamma": 4.086963612907611, "lr": 0.2414187479655988}, "datetime": {"datetime": "2024-06-14 01:34:32", "elapsed": 1.466496, "delta": 0.002992}}
{"target": -1045.147198656696, "params": {"gamma": 4.069813019299451, "lr": 0.9752223424373121}, "datetime": {"datetime": "2024-06-14 01:34:32", "elapsed": 1.470486, "delta": 0.00399}}
{"target": -827.0864449633676, "params": {"gamma": 3.2038729388944907, "lr": 0.9824909449748953}, "datetime": {"datetime": "2024-06-14 01:34:32", "elapsed": 1.474475, "delta": 0.003989}}
{"target": -1217.745574393078, "params": {"gamma": 6.363424952433981, "lr": 0.375091018393911}, "datetime": {"datetime": "2024-06-14 01:34:32", "elapsed": 1.478464, "delta": 0.003989}}
{"target": -1718.2360478886326, "params": {"gamma": 8.574987506336882, "lr": 0.6195867393685738}, "datetime": {"datetime": "2024-06-14 01:34:32", "elapsed": 1.482454, "delta": 0.00399}}
{"target": -585.2846312045763, "params": {"gamma": 2.521078768228263, "lr": 0.7928556779768876}, "datetime": {"datetime": "2024-06-14 01:34:32", "elapsed": 1.486443, "delta": 0.003989}}
{"target": -862.1056276822562, "params": {"gamma": 4.329952148832897, "lr": 0.3575111673304414}, "datetime": {"datetime": "2024-06-14 01:34:32", "elapsed": 1.489435, "delta": 0.002992}}
{"target": -732.2177592962071, "params": {"gamma": 3.3034390883142843, "lr": 0.6973688756131394}, "datetime": {"datetime": "2024-06-14 01:34:32", "elapsed": 1.493425, "delta": 0.00399}}
{"target": -632.6238182985993, "params": {"gamma": 2.6872325889383593, "lr": 0.8082780137053801}, "datetime": {"datetime": "2024-06-14 01:34:32", "elapsed": 1.497414, "delta": 0.003989}}
{"target": -607.6027941377705, "params": {"gamma": 2.953592655204078, "lr": 0.5441213835853572}, "datetime": {"datetime": "2024-06-14 01:34:32", "elapsed": 1.501403, "delta": 0.003989}}
{"target": -1161.6955973771646, "params": {"gamma": 4.879726996560219, "lr": 0.8553564125953698}, "datetime": {"datetime": "2024-06-14 01:34:32", "elapsed": 1.505393, "delta": 0.00399}}
{"target": -3093.835278857798, "params": {"gamma": 8.883975957519464, "lr": 0.18438444236776674}, "datetime": {"datetime": "2024-06-14 01:34:32", "elapsed": 1.509382, "delta": 0.003989}}
{"target": -1463.2741176890647, "params": {"gamma": 5.853899240923573, "lr": 0.8982050460171371}, "datetime": {"datetime": "2024-06-14 01:34:32", "elapsed": 1.51437, "delta": 0.004988}}
{"target": -1144.1069977386906, "params": {"gamma": 4.461726073125263, "lr": 0.9218683054838154}, "datetime": {"datetime": "2024-06-14 01:34:32", "elapsed": 1.517361, "delta": 0.002991}}
{"target": -575.3899939839796, "params": {"gamma": 2.790629913679252, "lr": 0.6088311741937957}, "datetime": {"datetime": "2024-06-14 01:34:32", "elapsed": 1.52135, "delta": 0.003989}}
{"target": -1817.6510860119868, "params": {"gamma": 6.824854643958388, "lr": 0.2282057333504841}, "datetime": {"datetime": "2024-06-14 01:34:32", "elapsed": 1.526337, "delta": 0.004987}}
{"target": -146.13057667830287, "params": {"gamma": 0.13866135806461027, "lr": 0.4167239623706961}, "datetime": {"datetime": "2024-06-14 01:34:32", "elapsed": 1.530326, "delta": 0.003989}}
{"target": -1838.27786992341, "params": {"gamma": 9.384880436675484, "lr": 0.34302810983040655}, "datetime": {"datetime": "2024-06-14 01:34:32", "elapsed": 1.533318, "delta": 0.002992}}
{"target": -2962.52107752411, "params": {"gamma": 7.7976632105305175, "lr": 0.17473631282740743}, "datetime": {"datetime": "2024-06-14 01:34:32", "elapsed": 1.537307, "delta": 0.003989}}
{"target": -1274.0978289929635, "params": {"gamma": 3.420186410188222, "lr": 0.14459772083809674}, "datetime": {"datetime": "2024-06-14 01:34:32", "elapsed": 1.541297, "delta": 0.00399}}
{"target": -1565.9642259827763, "params": {"gamma": 7.167991370649615, "lr": 0.6993076236968142}, "datetime": {"datetime": "2024-06-14 01:34:32", "elapsed": 1.545286, "delta": 0.003989}}
{"target": -1476.7482159841882, "params": {"gamma": 6.88528468217124, "lr": 0.25339603448629966}, "datetime": {"datetime": "2024-06-14 01:34:32", "elapsed": 1.549275, "delta": 0.003989}}
{"target": -1843.895367596148, "params": {"gamma": 6.923908856112466, "lr": 0.22729754091594956}, "datetime": {"datetime": "2024-06-14 01:34:32", "elapsed": 1.553264, "delta": 0.003989}}
{"target": -827.0968690767148, "params": {"gamma": 4.247066510197466, "lr": 0.37192212166768723}, "datetime": {"datetime": "2024-06-14 01:34:32", "elapsed": 1.557255, "delta": 0.003991}}
{"target": -1713.3058674196623, "params": {"gamma": 3.553723808289602, "lr": 0.05765480724125638}, "datetime": {"datetime": "2024-06-14 01:34:32", "elapsed": 1.561243, "delta": 0.003988}}
{"target": -1400.1006754921468, "params": {"gamma": 6.316834622032531, "lr": 0.7073166026816995}, "datetime": {"datetime": "2024-06-14 01:34:32", "elapsed": 1.565232, "delta": 0.003989}}
{"target": -1237.6576750629022, "params": {"gamma": 6.136273356333854, "lr": 0.6483127561631246}, "datetime": {"datetime": "2024-06-14 01:34:32", "elapsed": 1.569222, "delta": 0.00399}}
{"target": -648.8615364328997, "params": {"gamma": 1.7002372014583604, "lr": 0.14944679893886248}, "datetime": {"datetime": "2024-06-14 01:34:32", "elapsed": 1.573211, "delta": 0.003989}}
{"target": -1270.7013945875278, "params": {"gamma": 5.142236260215303, "lr": 0.8753327263545391}, "datetime": {"datetime": "2024-06-14 01:34:32", "elapsed": 1.576203, "delta": 0.002992}}
{"target": -368.7160621159611, "params": {"gamma": 1.8403504620306732, "lr": 0.4628391187082599}, "datetime": {"datetime": "2024-06-14 01:34:32", "elapsed": 1.580193, "delta": 0.00399}}
{"target": -802.4338141444376, "params": {"gamma": 4.289894407965, "lr": 0.4972891859195163}, "datetime": {"datetime": "2024-06-14 01:34:32", "elapsed": 1.584182, "delta": 0.003989}}
{"target": -350.8998225101507, "params": {"gamma": 1.6159461940896331, "lr": 0.34244064113481054}, "datetime": {"datetime": "2024-06-14 01:34:32", "elapsed": 1.588172, "delta": 0.00399}}
{"target": -635.5496412720381, "params": {"gamma": 2.6195421606310987, "lr": 0.844526943229479}, "datetime": {"datetime": "2024-06-14 01:34:32", "elapsed": 1.592161, "delta": 0.003989}}
{"target": -1437.249975464929, "params": {"gamma": 8.003522125518241, "lr": 0.4266391582681436}, "datetime": {"datetime": "2024-06-14 01:34:32", "elapsed": 1.59615, "delta": 0.003989}}
{"target": -2247.9376525778366, "params": {"gamma": 6.070547592429601, "lr": 0.14546561026621996}, "datetime": {"datetime": "2024-06-14 01:34:32", "elapsed": 1.600139, "delta": 0.003989}}
{"target": -929.1887727161711, "params": {"gamma": 5.096623328881369, "lr": 0.29694708578690454}, "datetime": {"datetime": "2024-06-14 01:34:32", "elapsed": 1.604129, "delta": 0.00399}}
{"target": -1875.1415783288091, "params": {"gamma": 8.596649884738442, "lr": 0.6715983809063899}, "datetime": {"datetime": "2024-06-14 01:34:32", "elapsed": 1.608119, "delta": 0.00399}}
{"target": -2513.024283053698, "params": {"gamma": 6.335106652211588, "lr": 0.12475130006917923}, "datetime": {"datetime": "2024-06-14 01:34:32", "elapsed": 1.612107, "delta": 0.003988}}
{"target": -1205.94338023513, "params": {"gamma": 4.706408207109359, "lr": 0.9865727795868815}, "datetime": {"datetime": "2024-06-14 01:34:32", "elapsed": 1.616097, "delta": 0.00399}}
{"target": -1903.1669531726398, "params": {"gamma": 9.483043441552578, "lr": 0.6450856402604436}, "datetime": {"datetime": "2024-06-14 01:34:32", "elapsed": 1.620086, "delta": 0.003989}}
{"target": -334.6406752392693, "params": {"gamma": 1.5180969854487043, "lr": 0.639126848719905}, "datetime": {"datetime": "2024-06-14 01:34:32", "elapsed": 1.624075, "delta": 0.003989}}
{"target": -1048.9103924071987, "params": {"gamma": 5.657055463326731, "lr": 0.468665837661252}, "datetime": {"datetime": "2024-06-14 01:34:32", "elapsed": 1.628065, "delta": 0.00399}}
{"target": -877.2947583888739, "params": {"gamma": 4.280946657213234, "lr": 0.5992697556580301}, "datetime": {"datetime": "2024-06-14 01:34:32", "elapsed": 1.632054, "delta": 0.003989}}
{"target": -1907.2246192026698, "params": {"gamma": 8.499848915271139, "lr": 0.7511210403719374}, "datetime": {"datetime": "2024-06-14 01:34:32", "elapsed": 1.636043, "delta": 0.003989}}
{"target": -1481.1188577944206, "params": {"gamma": 5.794026042432034, "lr": 0.9247041815360281}, "datetime": {"datetime": "2024-06-14 01:34:32", "elapsed": 1.640033, "delta": 0.00399}}
{"target": -213.31659824884284, "params": {"gamma": 0.6483350944320471, "lr": 0.9913465087318091}, "datetime": {"datetime": "2024-06-14 01:34:32", "elapsed": 1.644022, "delta": 0.003989}}
{"target": -238.41738340411558, "params": {"gamma": 0.5308924321372274, "lr": 0.19949554613856135}, "datetime": {"datetime": "2024-06-14 01:34:32", "elapsed": 1.648011, "delta": 0.003989}}
{"target": -1907.3913126760099, "params": {"gamma": 4.228103863783965, "lr": 0.10750887618516769}, "datetime": {"datetime": "2024-06-14 01:34:32", "elapsed": 1.652, "delta": 0.003989}}
{"target": -2999.064341546155, "params": {"gamma": 6.2370804395660215, "lr": 0.047992564048867314}, "datetime": {"datetime": "2024-06-14 01:34:32", "elapsed": 1.655994, "delta": 0.003994}}
{"target": -1375.4291090439597, "params": {"gamma": 2.8469541861884147, "lr": 0.06103668111967109}, "datetime": {"datetime": "2024-06-14 01:34:32", "elapsed": 1.65998, "delta": 0.003986}}
{"target": -1537.2961745381847, "params": {"gamma": 7.035489791719707, "lr": 0.668456167589482}, "datetime": {"datetime": "2024-06-14 01:34:32", "elapsed": 1.663969, "delta": 0.003989}}
{"target": -1325.849010635177, "params": {"gamma": 3.7864273519127716, "lr": 0.1881942600298212}, "datetime": {"datetime": "2024-06-14 01:34:32", "elapsed": 1.667958, "delta": 0.003989}}
{"target": -1468.0192139901794, "params": {"gamma": 7.4703012854704225, "lr": 0.34037929076546725}, "datetime": {"datetime": "2024-06-14 01:34:32", "elapsed": 1.671947, "delta": 0.003989}}
{"target": -1463.9929027168478, "params": {"gamma": 7.953216372889023, "lr": 0.4879009391796203}, "datetime": {"datetime": "2024-06-14 01:34:32", "elapsed": 1.675937, "delta": 0.00399}}
{"target": -2529.3074504631168, "params": {"gamma": 5.257168774065444, "lr": 0.028490849491567216}, "datetime": {"datetime": "2024-06-14 01:34:32", "elapsed": 1.679926, "delta": 0.003989}}
{"target": -1269.4270440508308, "params": {"gamma": 6.442675966770439, "lr": 0.3506565024321674}, "datetime": {"datetime": "2024-06-14 01:34:32", "elapsed": 1.683915, "delta": 0.003989}}
{"target": -449.75373707989246, "params": {"gamma": 2.292821067893365, "lr": 0.4338833762117006}, "datetime": {"datetime": "2024-06-14 01:34:32", "elapsed": 1.687904, "delta": 0.003989}}
{"target": -718.9740071657012, "params": {"gamma": 3.825292105251905, "lr": 0.46978904008636024}, "datetime": {"datetime": "2024-06-14 01:34:32", "elapsed": 1.691894, "delta": 0.00399}}
{"target": -1873.5077209461283, "params": {"gamma": 9.794854058443883, "lr": 0.36437807036823044}, "datetime": {"datetime": "2024-06-14 01:34:32", "elapsed": 1.695883, "delta": 0.003989}}
{"target": -1543.8996363981275, "params": {"gamma": 7.744326923227059, "lr": 0.5527675965498925}, "datetime": {"datetime": "2024-06-14 01:34:32", "elapsed": 1.699873, "delta": 0.00399}}
{"target": -1742.8292919479702, "params": {"gamma": 8.891421759985722, "lr": 0.354952851149572}, "datetime": {"datetime": "2024-06-14 01:34:32", "elapsed": 1.703862, "delta": 0.003989}}
{"target": -641.2386674378322, "params": {"gamma": 2.455941283184888, "lr": 0.9110192396569683}, "datetime": {"datetime": "2024-06-14 01:34:32", "elapsed": 1.707851, "delta": 0.003989}}
{"target": -175.34402911829943, "params": {"gamma": 0.43629910331389593, "lr": 0.9507534280610023}, "datetime": {"datetime": "2024-06-14 01:34:32", "elapsed": 1.71184, "delta": 0.003989}}
{"target": -1067.922827620613, "params": {"gamma": 5.5645127497935825, "lr": 0.3763632166870875}, "datetime": {"datetime": "2024-06-14 01:34:32", "elapsed": 1.714832, "delta": 0.002992}}
{"target": -4779.597646085996, "params": {"gamma": 9.950528171068772, "lr": 0.05836264614763165}, "datetime": {"datetime": "2024-06-14 01:34:32", "elapsed": 1.718822, "delta": 0.00399}}
{"target": -2486.3503901522986, "params": {"gamma": 5.167546891316355, "lr": 0.03109707545554785}, "datetime": {"datetime": "2024-06-14 01:34:32", "elapsed": 1.722818, "delta": 0.003996}}
{"target": -2173.2752576391044, "params": {"gamma": 5.712186216123149, "lr": 0.18046850899511557}, "datetime": {"datetime": "2024-06-14 01:34:32", "elapsed": 1.726801, "delta": 0.003983}}
{"target": -1611.7641329594164, "params": {"gamma": 6.309961044194965, "lr": 0.9809236757505815}, "datetime": {"datetime": "2024-06-14 01:34:32", "elapsed": 1.730791, "delta": 0.00399}}
{"target": -1607.9882416707076, "params": {"gamma": 8.749150609572597, "lr": 0.45183624942087064}, "datetime": {"datetime": "2024-06-14 01:34:32", "elapsed": 1.734779, "delta": 0.003988}}
{"target": -1592.4848002958834, "params": {"gamma": 7.084900239647121, "lr": 0.7774687500031893}, "datetime": {"datetime": "2024-06-14 01:34:32", "elapsed": 1.738771, "delta": 0.003992}}
{"target": -999.1173673798135, "params": {"gamma": 4.9489359987414545, "lr": 0.5285334901775651}, "datetime": {"datetime": "2024-06-14 01:34:32", "elapsed": 1.742758, "delta": 0.003987}}
{"target": -325.3732979829082, "params": {"gamma": 1.5086931993235537, "lr": 0.36939992561190627}, "datetime": {"datetime": "2024-06-14 01:34:32", "elapsed": 1.746747, "delta": 0.003989}}
{"target": -344.39207203523426, "params": {"gamma": 1.4230703094747938, "lr": 0.7268937533445626}, "datetime": {"datetime": "2024-06-14 01:34:32", "elapsed": 1.750737, "delta": 0.00399}}
{"target": -888.9942073067202, "params": {"gamma": 4.770652931028231, "lr": 0.44887883670676554}, "datetime": {"datetime": "2024-06-14 01:34:32", "elapsed": 1.753729, "delta": 0.002992}}
{"target": -1772.4567965748065, "params": {"gamma": 8.860093713682348, "lr": 0.5276187723115614}, "datetime": {"datetime": "2024-06-14 01:34:32", "elapsed": 1.757718, "delta": 0.003989}}
{"target": -886.4063529170777, "params": {"gamma": 4.091499228336683, "lr": 0.26889202221264585}, "datetime": {"datetime": "2024-06-14 01:34:32", "elapsed": 1.762705, "delta": 0.004987}}
{"target": -191.94387285445927, "params": {"gamma": 0.7210483396625298, "lr": 0.4181361337253158}, "datetime": {"datetime": "2024-06-14 01:34:32", "elapsed": 1.766694, "delta": 0.003989}}
{"target": -153.6971312606218, "params": {"gamma": 0.25850907058342715, "lr": 0.29115394055242805}, "datetime": {"datetime": "2024-06-14 01:34:32", "elapsed": 1.770683, "delta": 0.003989}}
{"target": -1289.1838543490528, "params": {"gamma": 5.035591588974117, "lr": 0.9659330650197223}, "datetime": {"datetime": "2024-06-14 01:34:32", "elapsed": 1.774673, "delta": 0.00399}}
