{"target": -129.88888164292172, "params": {"gamma": 1.6165788245210426, "prior": 6.524924004221608, "rate": 7.53350473313803}, "datetime": {"datetime": "2024-06-14 05:32:44", "elapsed": 6.40544, "delta": 0.008976}}
{"target": -156.86490547243335, "params": {"gamma": 2.8026461610955637, "prior": 4.5684824262007755, "rate": 9.004588674948266}, "datetime": {"datetime": "2024-06-14 05:32:44", "elapsed": 6.414416, "delta": 0.008976}}
{"target": -415.05143226251846, "params": {"gamma": 8.719984326277993, "prior": 7.1011573368634044, "rate": 5.909415094304578}, "datetime": {"datetime": "2024-06-14 05:32:44", "elapsed": 6.424389, "delta": 0.009973}}
{"target": -596.4982845689832, "params": {"gamma": 8.174005321700859, "prior": 9.085681996388406, "rate": 0.026073089119563617}, "datetime": {"datetime": "2024-06-14 05:32:44", "elapsed": 6.433365, "delta": 0.008976}}
{"target": -200.3242632646235, "params": {"gamma": 3.972880434571384, "prior": 5.657955868812967, "rate": 7.339497439712482}, "datetime": {"datetime": "2024-06-14 05:32:44", "elapsed": 6.442341, "delta": 0.008976}}
{"target": -127.49275106982356, "params": {"gamma": 0.8756401490882502, "prior": 4.057574378040559, "rate": 2.796932173319039}, "datetime": {"datetime": "2024-06-14 05:32:44", "elapsed": 6.452315, "delta": 0.009974}}
{"target": -209.77446534856722, "params": {"gamma": 4.235677020998725, "prior": 5.029988463465554, "rate": 6.600492220036985}, "datetime": {"datetime": "2024-06-14 05:32:44", "elapsed": 6.46129, "delta": 0.008975}}
{"target": -246.34549173390798, "params": {"gamma": 4.962865153563822, "prior": 6.242635185991386, "rate": 5.824816179030337}, "datetime": {"datetime": "2024-06-14 05:32:44", "elapsed": 6.471264, "delta": 0.009974}}
{"target": -209.80910495211728, "params": {"gamma": 4.2838956479905255, "prior": 0.1492660106415274, "rate": 1.9459696221821587}, "datetime": {"datetime": "2024-06-14 05:32:44", "elapsed": 6.48024, "delta": 0.008976}}
{"target": -167.61036037327236, "params": {"gamma": 3.2027463362086017, "prior": 1.55508344596382, "rate": 5.987040152182751}, "datetime": {"datetime": "2024-06-14 05:32:44", "elapsed": 6.489245, "delta": 0.009005}}
{"target": -312.65815657128843, "params": {"gamma": 6.115383267119364, "prior": 5.050923270009602, "rate": 3.2091681671070447}, "datetime": {"datetime": "2024-06-14 05:32:44", "elapsed": 6.49919, "delta": 0.009945}}
{"target": -454.19114423903466, "params": {"gamma": 6.53292726219252, "prior": 1.983806478522533, "rate": 0.05980393346483768}, "datetime": {"datetime": "2024-06-14 05:32:44", "elapsed": 6.508165, "delta": 0.008975}}
{"target": -324.82830185589984, "params": {"gamma": 7.3496852448209316, "prior": 4.490688034848957, "rate": 6.978718718842435}, "datetime": {"datetime": "2024-06-14 05:32:44", "elapsed": 6.518139, "delta": 0.009974}}
{"target": -129.8719774516675, "params": {"gamma": 1.851248453020123, "prior": 0.7199360396407632, "rate": 3.78170775924343}, "datetime": {"datetime": "2024-06-14 05:32:44", "elapsed": 6.527114, "delta": 0.008975}}
{"target": -306.6273227042589, "params": {"gamma": 6.960269107944495, "prior": 1.1179018377977268, "rate": 1.959146502516249}, "datetime": {"datetime": "2024-06-14 05:32:44", "elapsed": 6.53709, "delta": 0.009976}}
{"target": -222.95429032769775, "params": {"gamma": 4.540072551414793, "prior": 6.249376977967096, "rate": 7.501492356441782}, "datetime": {"datetime": "2024-06-14 05:32:44", "elapsed": 6.546064, "delta": 0.008974}}
{"target": -129.41036205993478, "params": {"gamma": 1.0982404778352803, "prior": 6.283773710840847, "rate": 3.8742178609226636}, "datetime": {"datetime": "2024-06-14 05:32:44", "elapsed": 6.55504, "delta": 0.008976}}
{"target": -291.58972035598225, "params": {"gamma": 6.701233597109323, "prior": 2.115247738852826, "rate": 5.2796600565097815}, "datetime": {"datetime": "2024-06-14 05:32:44", "elapsed": 6.565013, "delta": 0.009973}}
{"target": -128.48294136770534, "params": {"gamma": 1.722453387004371, "prior": 0.2849419593641159, "rate": 4.870015513993148}, "datetime": {"datetime": "2024-06-14 05:32:44", "elapsed": 6.573989, "delta": 0.008976}}
{"target": -137.88037709829632, "params": {"gamma": 1.8425935878323698, "prior": 6.4195989670335365, "rate": 5.366211618584989}, "datetime": {"datetime": "2024-06-14 05:32:44", "elapsed": 6.582965, "delta": 0.008976}}
{"target": -330.5331114031199, "params": {"gamma": 7.74967885459746, "prior": 3.990303036078612, "rate": 9.894531856231692}, "datetime": {"datetime": "2024-06-14 05:32:44", "elapsed": 6.592938, "delta": 0.009973}}
{"target": -240.9129184714258, "params": {"gamma": 5.152631746924576, "prior": 4.84035167173617, "rate": 7.494675265050945}, "datetime": {"datetime": "2024-06-14 05:32:44", "elapsed": 6.602193, "delta": 0.009255}}
{"target": -266.35685782965714, "params": {"gamma": 5.727310244630862, "prior": 3.6884066412702516, "rate": 4.892958609815962}, "datetime": {"datetime": "2024-06-14 05:32:44", "elapsed": 6.612166, "delta": 0.009973}}
{"target": -183.97979617812436, "params": {"gamma": 1.8921946110135588, "prior": 3.9964758015389337, "rate": 0.30058756348796134}, "datetime": {"datetime": "2024-06-14 05:32:44", "elapsed": 6.621142, "delta": 0.008976}}
{"target": -218.81389157738144, "params": {"gamma": 4.625828074361687, "prior": 2.8172937167553513, "rate": 5.267631887725799}, "datetime": {"datetime": "2024-06-14 05:32:44", "elapsed": 6.630118, "delta": 0.008976}}
{"target": -139.31133106843805, "params": {"gamma": 0.2936919419097222, "prior": 5.595358988569528, "rate": 2.9306858383999437}, "datetime": {"datetime": "2024-06-14 05:32:44", "elapsed": 6.640091, "delta": 0.009973}}
{"target": -299.7928932285557, "params": {"gamma": 5.775329319454461, "prior": 7.35442154728753, "rate": 4.403937930137581}, "datetime": {"datetime": "2024-06-14 05:32:44", "elapsed": 6.649067, "delta": 0.008976}}
{"target": -288.3892767413657, "params": {"gamma": 6.6319050719967745, "prior": 2.4652085532150996, "rate": 9.985992286776213}, "datetime": {"datetime": "2024-06-14 05:32:44", "elapsed": 6.658886, "delta": 0.009819}}
{"target": -180.007534212349, "params": {"gamma": 2.4295423376760557, "prior": 9.414201302377094, "rate": 2.1729802841597885}, "datetime": {"datetime": "2024-06-14 05:32:44", "elapsed": 6.667862, "delta": 0.008976}}
{"target": -249.1366024214214, "params": {"gamma": 4.97614628166607, "prior": 8.229651952438084, "rate": 7.166163879900548}, "datetime": {"datetime": "2024-06-14 05:32:44", "elapsed": 6.676838, "delta": 0.008976}}
{"target": -311.14565860194415, "params": {"gamma": 7.05609854079457, "prior": 4.460361543759608, "rate": 7.541996079526139}, "datetime": {"datetime": "2024-06-14 05:32:44", "elapsed": 6.686811, "delta": 0.009973}}
{"target": -411.6310481517043, "params": {"gamma": 9.199615816571573, "prior": 4.469382278626795, "rate": 5.2801268760628535}, "datetime": {"datetime": "2024-06-14 05:32:44", "elapsed": 6.695787, "delta": 0.008976}}
{"target": -124.4713115537649, "params": {"gamma": 0.6612898045823568, "prior": 3.968653429339858, "rate": 4.672918424766126}, "datetime": {"datetime": "2024-06-14 05:32:44", "elapsed": 6.704763, "delta": 0.008976}}
{"target": -380.4154873237013, "params": {"gamma": 8.951481970324929, "prior": 1.1945186585288683, "rate": 7.311644894386467}, "datetime": {"datetime": "2024-06-14 05:32:44", "elapsed": 6.714736, "delta": 0.009973}}
{"target": -378.0010855820048, "params": {"gamma": 5.455166214318647, "prior": 6.10470076211378, "rate": 0.2987996583514733}, "datetime": {"datetime": "2024-06-14 05:32:44", "elapsed": 6.723712, "delta": 0.008976}}
{"target": -188.43969484031743, "params": {"gamma": 1.4683270502280348, "prior": 2.911433932115233, "rate": 0.04971560748810713}, "datetime": {"datetime": "2024-06-14 05:32:44", "elapsed": 6.732689, "delta": 0.008977}}
{"target": -340.2592561556099, "params": {"gamma": 6.6919088201735715, "prior": 8.715553694333723, "rate": 5.470136124403138}, "datetime": {"datetime": "2024-06-14 05:32:44", "elapsed": 6.742662, "delta": 0.009973}}
{"target": -293.2038246453034, "params": {"gamma": 5.432097311144519, "prior": 6.195686693269069, "rate": 3.022512822657626}, "datetime": {"datetime": "2024-06-14 05:32:44", "elapsed": 6.751638, "delta": 0.008976}}
{"target": -188.3172115268904, "params": {"gamma": 3.6679530846277557, "prior": 5.7919033000498885, "rate": 8.092356620589728}, "datetime": {"datetime": "2024-06-14 05:32:44", "elapsed": 6.761611, "delta": 0.009973}}
{"target": -134.7498027268289, "params": {"gamma": 2.016764747447303, "prior": 3.3424881528980626, "rate": 7.429469582646582}, "datetime": {"datetime": "2024-06-14 05:32:44", "elapsed": 6.770587, "delta": 0.008976}}
{"target": -174.6629654985865, "params": {"gamma": 3.4098615710742886, "prior": 0.5713481941948949, "rate": 1.5644129298338398}, "datetime": {"datetime": "2024-06-14 05:32:44", "elapsed": 6.779563, "delta": 0.008976}}
{"target": -135.99022410404544, "params": {"gamma": 1.9394547317358086, "prior": 5.001612389355664, "rate": 6.351614485952291}, "datetime": {"datetime": "2024-06-14 05:32:44", "elapsed": 6.789536, "delta": 0.009973}}
{"target": -488.69508711339336, "params": {"gamma": 8.802319552208612, "prior": 9.035111908580227, "rate": 3.072300524082465}, "datetime": {"datetime": "2024-06-14 05:32:44", "elapsed": 6.79951, "delta": 0.009974}}
{"target": -339.5013344939971, "params": {"gamma": 7.534047351182733, "prior": 2.896037502533829, "rate": 3.686400120782994}, "datetime": {"datetime": "2024-06-14 05:32:44", "elapsed": 6.808488, "delta": 0.008978}}
{"target": -180.2878747680877, "params": {"gamma": 2.927972894369209, "prior": 4.195538288371103, "rate": 2.147942240988137}, "datetime": {"datetime": "2024-06-14 05:32:45", "elapsed": 6.818462, "delta": 0.009974}}
{"target": -168.42410799522253, "params": {"gamma": 3.1905410786954205, "prior": 1.3070061575118679, "rate": 9.63021937771575}, "datetime": {"datetime": "2024-06-14 05:32:45", "elapsed": 6.827437, "delta": 0.008975}}
{"target": -254.42898146918142, "params": {"gamma": 5.04032611097843, "prior": 9.238696757627771, "rate": 7.461855247593438}, "datetime": {"datetime": "2024-06-14 05:32:45", "elapsed": 6.837411, "delta": 0.009974}}
{"target": -234.1642421628519, "params": {"gamma": 4.577595171516512, "prior": 7.570760030550504, "rate": 6.280602762990652}, "datetime": {"datetime": "2024-06-14 05:32:45", "elapsed": 6.846387, "delta": 0.008976}}
{"target": -167.2374556096444, "params": {"gamma": 3.0382805830845347, "prior": 5.264427202791391, "rate": 7.123409644278645}, "datetime": {"datetime": "2024-06-14 05:32:45", "elapsed": 6.855363, "delta": 0.008976}}
{"target": -166.00268920935042, "params": {"gamma": 3.0538300009516193, "prior": 0.22397608517608533, "rate": 2.6833600285302275}, "datetime": {"datetime": "2024-06-14 05:32:45", "elapsed": 6.865336, "delta": 0.009973}}
{"target": -395.94788532152677, "params": {"gamma": 7.967658010425252, "prior": 9.306931580738663, "rate": 6.2536862178776484}, "datetime": {"datetime": "2024-06-14 05:32:45", "elapsed": 6.874312, "delta": 0.008976}}
{"target": -130.43300990579908, "params": {"gamma": 1.3289420383195298, "prior": 7.59994655654947, "rate": 5.269526555127393}, "datetime": {"datetime": "2024-06-14 05:32:45", "elapsed": 6.883288, "delta": 0.008976}}
{"target": -346.4327637171613, "params": {"gamma": 7.538936847140509, "prior": 8.600255860393125, "rate": 9.475467969467141}, "datetime": {"datetime": "2024-06-14 05:32:45", "elapsed": 6.893262, "delta": 0.009974}}
{"target": -316.16855109550903, "params": {"gamma": 6.545720808693693, "prior": 8.557156277442202, "rate": 7.426137988907772}, "datetime": {"datetime": "2024-06-14 05:32:45", "elapsed": 6.902238, "delta": 0.008976}}
{"target": -336.58604236110773, "params": {"gamma": 7.271284782848366, "prior": 8.60202848704295, "rate": 9.2301074044959}, "datetime": {"datetime": "2024-06-14 05:32:45", "elapsed": 6.911808, "delta": 0.00957}}
{"target": -532.6903738850715, "params": {"gamma": 9.020857939246921, "prior": 4.017927589495288, "rate": 0.8411287767074533}, "datetime": {"datetime": "2024-06-14 05:32:45", "elapsed": 6.920784, "delta": 0.008976}}
{"target": -384.0281455776577, "params": {"gamma": 8.295907610863033, "prior": 5.43542237774558, "rate": 5.421219471236491}, "datetime": {"datetime": "2024-06-14 05:32:45", "elapsed": 6.92976, "delta": 0.008976}}
{"target": -374.26593796749626, "params": {"gamma": 8.25192813033363, "prior": 0.4166434253201614, "rate": 8.779726226832842}, "datetime": {"datetime": "2024-06-14 05:32:45", "elapsed": 6.939734, "delta": 0.009974}}
{"target": -134.44526882248127, "params": {"gamma": 0.34730537937586553, "prior": 6.9626261279460415, "rate": 5.875257309024742}, "datetime": {"datetime": "2024-06-14 05:32:45", "elapsed": 6.94871, "delta": 0.008976}}
{"target": -319.708077956913, "params": {"gamma": 6.417850059155134, "prior": 3.803393858608736, "rate": 2.755344804474391}, "datetime": {"datetime": "2024-06-14 05:32:45", "elapsed": 6.958683, "delta": 0.009973}}
{"target": -265.84163592503745, "params": {"gamma": 5.094576405806185, "prior": 8.869648859782243, "rate": 5.653331413985319}, "datetime": {"datetime": "2024-06-14 05:32:45", "elapsed": 6.967659, "delta": 0.008976}}
{"target": -290.46464385767894, "params": {"gamma": 6.631825765751704, "prior": 4.469654386439658, "rate": 9.7214187321274}, "datetime": {"datetime": "2024-06-14 05:32:45", "elapsed": 6.976635, "delta": 0.008976}}
{"target": -323.58033485320067, "params": {"gamma": 7.425482001064747, "prior": 3.613534857422657, "rate": 6.5356567956039315}, "datetime": {"datetime": "2024-06-14 05:32:45", "elapsed": 6.986608, "delta": 0.009973}}
{"target": -313.4872844915384, "params": {"gamma": 5.426621502305332, "prior": 8.852156502548992, "rate": 2.7512654566030514}, "datetime": {"datetime": "2024-06-14 05:32:45", "elapsed": 6.995584, "delta": 0.008976}}
{"target": -119.94996505433745, "params": {"gamma": 1.0815667842382009, "prior": 1.9935933122375844, "rate": 3.8710752798182537}, "datetime": {"datetime": "2024-06-14 05:32:45", "elapsed": 7.00456, "delta": 0.008976}}
{"target": -361.3531927089912, "params": {"gamma": 8.54074388954821, "prior": 2.7813646469755744, "rate": 6.263961673283628}, "datetime": {"datetime": "2024-06-14 05:32:45", "elapsed": 7.014533, "delta": 0.009973}}
{"target": -395.9749472985396, "params": {"gamma": 6.235894458654538, "prior": 4.139666639944494, "rate": 0.504300961464858}, "datetime": {"datetime": "2024-06-14 05:32:45", "elapsed": 7.023509, "delta": 0.008976}}
{"target": -334.67115584346396, "params": {"gamma": 7.448593896451896, "prior": 3.027682790796424, "rate": 3.9851835072938524}, "datetime": {"datetime": "2024-06-14 05:32:45", "elapsed": 7.033482, "delta": 0.009973}}
{"target": -257.28411999994063, "params": {"gamma": 3.7730184357375642, "prior": 6.669666053543827, "rate": 0.8642465348648255}, "datetime": {"datetime": "2024-06-14 05:32:45", "elapsed": 7.042491, "delta": 0.009009}}
{"target": -272.8293069658583, "params": {"gamma": 5.49934931479934, "prior": 0.25267604119823284, "rate": 9.830406796410628}, "datetime": {"datetime": "2024-06-14 05:32:45", "elapsed": 7.052626, "delta": 0.010135}}
{"target": -333.3952552016232, "params": {"gamma": 5.984673796657761, "prior": 3.902730857162644, "rate": 1.4683325593440997}, "datetime": {"datetime": "2024-06-14 05:32:45", "elapsed": 7.062109, "delta": 0.009483}}
{"target": -388.5918821097411, "params": {"gamma": 6.9690863860416155, "prior": 9.067503325394869, "rate": 3.1817694146938234}, "datetime": {"datetime": "2024-06-14 05:32:45", "elapsed": 7.071085, "delta": 0.008976}}
{"target": -326.1903266666893, "params": {"gamma": 7.665154954417642, "prior": 2.946231210207758, "rate": 9.57229619840156}, "datetime": {"datetime": "2024-06-14 05:32:45", "elapsed": 7.081058, "delta": 0.009973}}
{"target": -313.6615104634794, "params": {"gamma": 7.023455232193281, "prior": 6.287654372613879, "rate": 9.307416596768327}, "datetime": {"datetime": "2024-06-14 05:32:45", "elapsed": 7.090034, "delta": 0.008976}}
{"target": -164.42925688252103, "params": {"gamma": 2.6911548301319335, "prior": 9.243795888773532, "rate": 6.781151258305702}, "datetime": {"datetime": "2024-06-14 05:32:45", "elapsed": 7.099011, "delta": 0.008977}}
{"target": -341.48844135789665, "params": {"gamma": 7.713853709507418, "prior": 5.759189830706018, "rate": 8.339212870314833}, "datetime": {"datetime": "2024-06-14 05:32:45", "elapsed": 7.108984, "delta": 0.009973}}
{"target": -301.30956388322915, "params": {"gamma": 6.983119711119335, "prior": 1.551426147591399, "rate": 6.1249988251521215}, "datetime": {"datetime": "2024-06-14 05:32:45", "elapsed": 7.117959, "delta": 0.008975}}
{"target": -196.44512215359924, "params": {"gamma": 2.793924035827702, "prior": 9.167199358366272, "rate": 1.9831246698113274}, "datetime": {"datetime": "2024-06-14 05:32:45", "elapsed": 7.127933, "delta": 0.009974}}
{"target": -158.03135469941694, "params": {"gamma": 2.857879237217657, "prior": 0.5717815791998215, "rate": 4.476343861362332}, "datetime": {"datetime": "2024-06-14 05:32:45", "elapsed": 7.136909, "delta": 0.008976}}
{"target": -256.6069207788343, "params": {"gamma": 5.576320563895948, "prior": 5.778254717513243, "rate": 9.053868422216771}, "datetime": {"datetime": "2024-06-14 05:32:45", "elapsed": 7.146882, "delta": 0.009973}}
{"target": -178.6784560048654, "params": {"gamma": 3.47479191407325, "prior": 4.5305309579534265, "rate": 8.512525387352474}, "datetime": {"datetime": "2024-06-14 05:32:45", "elapsed": 7.155858, "delta": 0.008976}}
{"target": -316.51793950498075, "params": {"gamma": 5.768716203017017, "prior": 6.574530055289563, "rate": 2.784314944612766}, "datetime": {"datetime": "2024-06-14 05:32:45", "elapsed": 7.164834, "delta": 0.008976}}
{"target": -299.43161904093904, "params": {"gamma": 4.875225544956866, "prior": 6.247428637046675, "rate": 1.3348069074222546}, "datetime": {"datetime": "2024-06-14 05:32:45", "elapsed": 7.174807, "delta": 0.009973}}
{"target": -128.545281979415, "params": {"gamma": 0.3300542572087522, "prior": 1.222768911195179, "rate": 4.775133302320191}, "datetime": {"datetime": "2024-06-14 05:32:45", "elapsed": 7.183783, "delta": 0.008976}}
{"target": -147.8933550632035, "params": {"gamma": 0.24124331957345432, "prior": 6.299468398458495, "rate": 0.9767285971428687}, "datetime": {"datetime": "2024-06-14 05:32:45", "elapsed": 7.193757, "delta": 0.009974}}
{"target": -179.57101495683418, "params": {"gamma": 2.5103644156247413, "prior": 4.322280163976562, "rate": 1.159151640315784}, "datetime": {"datetime": "2024-06-14 05:32:45", "elapsed": 7.202733, "delta": 0.008976}}
{"target": -161.03876576038684, "params": {"gamma": 2.706249385980867, "prior": 0.3086887610715615, "rate": 9.850470490551084}, "datetime": {"datetime": "2024-06-14 05:32:45", "elapsed": 7.212383, "delta": 0.00965}}
{"target": -406.990096668987, "params": {"gamma": 6.116124507605985, "prior": 3.8457030044689664, "rate": 0.2662569827533811}, "datetime": {"datetime": "2024-06-14 05:32:45", "elapsed": 7.221359, "delta": 0.008976}}
{"target": -192.46337319432507, "params": {"gamma": 3.8989976450014674, "prior": 4.580330401225699, "rate": 9.310100934451263}, "datetime": {"datetime": "2024-06-14 05:32:45", "elapsed": 7.230985, "delta": 0.009626}}
{"target": -161.72510924366486, "params": {"gamma": 2.7857632142087283, "prior": 6.186340721724661, "rate": 6.6520183774673525}, "datetime": {"datetime": "2024-06-14 05:32:45", "elapsed": 7.239962, "delta": 0.008977}}
{"target": -132.8312418016943, "params": {"gamma": 1.8604237369935928, "prior": 5.107057154965675, "rate": 7.86522112783649}, "datetime": {"datetime": "2024-06-14 05:32:45", "elapsed": 7.249935, "delta": 0.009973}}
{"target": -163.98818313343037, "params": {"gamma": 0.966693765249707, "prior": 6.099749451872725, "rate": 0.261573266951244}, "datetime": {"datetime": "2024-06-14 05:32:45", "elapsed": 7.258911, "delta": 0.008976}}
{"target": -145.34690446128874, "params": {"gamma": 0.07146019137694642, "prior": 0.6893332106867064, "rate": 4.814523191031215}, "datetime": {"datetime": "2024-06-14 05:32:45", "elapsed": 7.268884, "delta": 0.009973}}
{"target": -554.0618737638346, "params": {"gamma": 9.257115382793618, "prior": 4.1150181029763395, "rate": 0.7512513607260716}, "datetime": {"datetime": "2024-06-14 05:32:45", "elapsed": 7.278402, "delta": 0.009518}}
{"target": -434.1645083565448, "params": {"gamma": 8.613663392355804, "prior": 5.241046096157358, "rate": 3.1900397533053235}, "datetime": {"datetime": "2024-06-14 05:32:45", "elapsed": 7.287378, "delta": 0.008976}}
{"target": -548.9013573939768, "params": {"gamma": 9.630360355507971, "prior": 9.388791508173545, "rate": 2.6009297005949668}, "datetime": {"datetime": "2024-06-14 05:32:45", "elapsed": 7.296353, "delta": 0.008975}}
{"target": -136.9574281891037, "params": {"gamma": 2.014717145283489, "prior": 5.930196162730165, "rate": 8.425339580205748}, "datetime": {"datetime": "2024-06-14 05:32:45", "elapsed": 7.306327, "delta": 0.009974}}
{"target": -215.40607799880257, "params": {"gamma": 3.3678741763608038, "prior": 5.90565127249619, "rate": 1.623287749788599}, "datetime": {"datetime": "2024-06-14 05:32:45", "elapsed": 7.315303, "delta": 0.008976}}
{"target": -166.29659270424068, "params": {"gamma": 1.94674275864618, "prior": 7.637218638321746, "rate": 1.5018345150591474}, "datetime": {"datetime": "2024-06-14 05:32:45", "elapsed": 7.324279, "delta": 0.008976}}
{"target": -240.01897555870755, "params": {"gamma": 2.659804503437227, "prior": 6.925999145458927, "rate": 0.15187798702215813}, "datetime": {"datetime": "2024-06-14 05:32:45", "elapsed": 7.334252, "delta": 0.009973}}
{"target": -133.6412835404262, "params": {"gamma": 0.3229118442818368, "prior": 2.946506806237884, "rate": 3.366895181942479}, "datetime": {"datetime": "2024-06-14 05:32:45", "elapsed": 7.343228, "delta": 0.008976}}
