{"target": -239.13999805928117, "params": {"gamma": 6.864927298504364, "prior": 3.8399250110933036, "rate": 7.6314509854431005}, "datetime": {"datetime": "2024-06-14 06:59:20", "elapsed": 16.252265, "delta": 0.009974}}
{"target": -443.174966459674, "params": {"gamma": 8.963993959368008, "prior": 9.110902413045697, "rate": 4.965364995168459}, "datetime": {"datetime": "2024-06-14 06:59:20", "elapsed": 16.262268, "delta": 0.010003}}
{"target": -276.8941271933384, "params": {"gamma": 7.626339709379889, "prior": 7.118724128793965, "rate": 9.513017241338671}, "datetime": {"datetime": "2024-06-14 06:59:20", "elapsed": 16.272251, "delta": 0.009983}}
{"target": -229.47359298279133, "params": {"gamma": 2.416303346981715, "prior": 5.657263107051882, "rate": 0.4386889024105297}, "datetime": {"datetime": "2024-06-14 06:59:20", "elapsed": 16.282227, "delta": 0.009976}}
{"target": -460.1853788422733, "params": {"gamma": 9.231856412216342, "prior": 9.458040129710191, "rate": 5.0095625425504435}, "datetime": {"datetime": "2024-06-14 06:59:20", "elapsed": 16.293201, "delta": 0.010974}}
{"target": -349.32253690351166, "params": {"gamma": 5.861588364410452, "prior": 7.742224266063105, "rate": 2.494062511590284}, "datetime": {"datetime": "2024-06-14 06:59:20", "elapsed": 16.303553, "delta": 0.010352}}
{"target": -168.2296673958835, "params": {"gamma": 3.7905257699858756, "prior": 2.9571954023700533, "rate": 5.388500848183928}, "datetime": {"datetime": "2024-06-14 06:59:20", "elapsed": 16.313526, "delta": 0.009973}}
{"target": -648.8278164585729, "params": {"gamma": 9.489619281316324, "prior": 3.915466925543566, "rate": 0.4510526483715768}, "datetime": {"datetime": "2024-06-14 06:59:20", "elapsed": 16.32356, "delta": 0.010034}}
{"target": -335.0425630032925, "params": {"gamma": 6.8255038084621535, "prior": 5.0008035357807925, "rate": 2.96582349698632}, "datetime": {"datetime": "2024-06-14 06:59:20", "elapsed": 16.333536, "delta": 0.009976}}
{"target": -197.1998714444596, "params": {"gamma": 4.159470178485402, "prior": 8.638851939129534, "rate": 8.210356117785}, "datetime": {"datetime": "2024-06-14 06:59:20", "elapsed": 16.343509, "delta": 0.009973}}
{"target": -129.97274526691274, "params": {"gamma": 1.7092925546648687, "prior": 6.882819454636019, "rate": 9.976635949364582}, "datetime": {"datetime": "2024-06-14 06:59:20", "elapsed": 16.353486, "delta": 0.009977}}
{"target": -422.93078243307093, "params": {"gamma": 7.843808621110356, "prior": 7.277958918810155, "rate": 3.1008897721241295}, "datetime": {"datetime": "2024-06-14 06:59:20", "elapsed": 16.363459, "delta": 0.009973}}
{"target": -140.57963883716798, "params": {"gamma": 1.5955484350535305, "prior": 8.656789324831875, "rate": 6.103851837947851}, "datetime": {"datetime": "2024-06-14 06:59:20", "elapsed": 16.373506, "delta": 0.010047}}
{"target": -189.71343825753092, "params": {"gamma": 3.90151389493923, "prior": 7.580348274726708, "rate": 7.18656022932733}, "datetime": {"datetime": "2024-06-14 06:59:20", "elapsed": 16.383483, "delta": 0.009977}}
{"target": -242.44442115268987, "params": {"gamma": 6.473683921648569, "prior": 2.1519072794770633, "rate": 8.8553926501292}, "datetime": {"datetime": "2024-06-14 06:59:20", "elapsed": 16.393458, "delta": 0.009975}}
{"target": -461.7731111101659, "params": {"gamma": 7.190340618322544, "prior": 3.096042577804754, "rate": 0.636921390268151}, "datetime": {"datetime": "2024-06-14 06:59:20", "elapsed": 16.403435, "delta": 0.009977}}
{"target": -428.70091451222765, "params": {"gamma": 9.128051358543207, "prior": 7.959115578671122, "rate": 4.986337846072983}, "datetime": {"datetime": "2024-06-14 06:59:20", "elapsed": 16.413408, "delta": 0.009973}}
{"target": -218.49654696173974, "params": {"gamma": 4.139838016887461, "prior": 6.194068492491998, "rate": 3.9857532458547134}, "datetime": {"datetime": "2024-06-14 06:59:20", "elapsed": 16.423384, "delta": 0.009976}}
{"target": -136.34688785477513, "params": {"gamma": 0.3901414822148927, "prior": 3.089486487843047, "rate": 2.4635393026772414}, "datetime": {"datetime": "2024-06-14 06:59:20", "elapsed": 16.433361, "delta": 0.009977}}
{"target": -485.06824792985685, "params": {"gamma": 9.723053574133592, "prior": 7.698230686083612, "rate": 4.03756244174214}, "datetime": {"datetime": "2024-06-14 06:59:20", "elapsed": 16.443337, "delta": 0.009976}}
{"target": -255.6399722842308, "params": {"gamma": 7.36653545986381, "prior": 3.096284649891858, "rate": 5.273430978494289}, "datetime": {"datetime": "2024-06-14 06:59:20", "elapsed": 16.45331, "delta": 0.009973}}
{"target": -134.20989138605387, "params": {"gamma": 2.0722252550467415, "prior": 2.617176807498664, "rate": 4.340796665124917}, "datetime": {"datetime": "2024-06-14 06:59:20", "elapsed": 16.463283, "delta": 0.009973}}
{"target": -128.20827197571126, "params": {"gamma": 0.8251761637855287, "prior": 8.547550771616626, "rate": 9.163375833703464}, "datetime": {"datetime": "2024-06-14 06:59:20", "elapsed": 16.474266, "delta": 0.010983}}
{"target": -134.72599914319787, "params": {"gamma": 2.131865517652924, "prior": 4.789847916431056, "rate": 8.414755557056594}, "datetime": {"datetime": "2024-06-14 06:59:20", "elapsed": 16.484287, "delta": 0.010021}}
{"target": -171.10130918466075, "params": {"gamma": 2.8835014556151, "prior": 6.146017338301501, "rate": 4.421038071544468}, "datetime": {"datetime": "2024-06-14 06:59:20", "elapsed": 16.49421, "delta": 0.009923}}
{"target": -217.85937913288927, "params": {"gamma": 3.9755172922412867, "prior": 7.914804790958176, "rate": 4.645661627447652}, "datetime": {"datetime": "2024-06-14 06:59:20", "elapsed": 16.50419, "delta": 0.00998}}
{"target": -210.8866051563198, "params": {"gamma": 4.648560381634333, "prior": 9.92108219282192, "rate": 9.622335724671418}, "datetime": {"datetime": "2024-06-14 06:59:20", "elapsed": 16.514265, "delta": 0.010075}}
{"target": -137.61305671361356, "params": {"gamma": 2.3515737989342904, "prior": 2.3468422945017595, "rate": 6.627717437420285}, "datetime": {"datetime": "2024-06-14 06:59:20", "elapsed": 16.524281, "delta": 0.010016}}
{"target": -192.92552145390422, "params": {"gamma": 4.12005240559699, "prior": 7.21566500145903, "rate": 7.33480011223453}, "datetime": {"datetime": "2024-06-14 06:59:20", "elapsed": 16.534213, "delta": 0.009932}}
{"target": -273.5849230814433, "params": {"gamma": 7.833165317126014, "prior": 2.706813429208478, "rate": 9.983583794835354}, "datetime": {"datetime": "2024-06-14 06:59:20", "elapsed": 16.544744, "delta": 0.010531}}
{"target": -207.89371538803954, "params": {"gamma": 4.937510667267648, "prior": 0.9308724921413128, "rate": 1.1210448167623643}, "datetime": {"datetime": "2024-06-14 06:59:20", "elapsed": 16.554714, "delta": 0.00997}}
{"target": -210.59593331675987, "params": {"gamma": 5.615435741740323, "prior": 5.150078530019021, "rate": 9.348420230005587}, "datetime": {"datetime": "2024-06-14 06:59:20", "elapsed": 16.564687, "delta": 0.009973}}
{"target": -477.6853729357586, "params": {"gamma": 9.008359782293162, "prior": 4.707496113752034, "rate": 2.0655648551479264}, "datetime": {"datetime": "2024-06-14 06:59:20", "elapsed": 16.574975, "delta": 0.010288}}
{"target": -209.59071942520384, "params": {"gamma": 5.644611641557381, "prior": 3.156460479596483, "rate": 6.506205753925493}, "datetime": {"datetime": "2024-06-14 06:59:20", "elapsed": 16.58491, "delta": 0.009935}}
{"target": -358.69668452801346, "params": {"gamma": 5.151524964800736, "prior": 8.447482905263575, "rate": 1.318272408917089}, "datetime": {"datetime": "2024-06-14 06:59:20", "elapsed": 16.594883, "delta": 0.009973}}
{"target": -150.31760771610655, "params": {"gamma": 2.510816765750457, "prior": 6.015561199030471, "rate": 6.252522597888486}, "datetime": {"datetime": "2024-06-14 06:59:20", "elapsed": 16.604857, "delta": 0.009974}}
{"target": -198.9421999986187, "params": {"gamma": 4.126528259704839, "prior": 9.015862526250485, "rate": 8.102939975399439}, "datetime": {"datetime": "2024-06-14 06:59:20", "elapsed": 16.61483, "delta": 0.009973}}
{"target": -234.79934194877532, "params": {"gamma": 5.408957978271053, "prior": 4.109790667839894, "rate": 3.9723842641831384}, "datetime": {"datetime": "2024-06-14 06:59:20", "elapsed": 16.624803, "delta": 0.009973}}
{"target": -154.56561953759362, "params": {"gamma": 1.1407744850837678, "prior": 9.378724974180852, "rate": 2.3461206012549862}, "datetime": {"datetime": "2024-06-14 06:59:20", "elapsed": 16.634777, "delta": 0.009974}}
{"target": -134.99605978790512, "params": {"gamma": 1.5290154598338772, "prior": 5.149156483909666, "rate": 4.550990310069778}, "datetime": {"datetime": "2024-06-14 06:59:20", "elapsed": 16.644758, "delta": 0.009981}}
{"target": -127.42624313807316, "params": {"gamma": 0.741195677957228, "prior": 5.798171437543058, "rate": 6.98565427848021}, "datetime": {"datetime": "2024-06-14 06:59:20", "elapsed": 16.654726, "delta": 0.009968}}
{"target": -192.1388881127613, "params": {"gamma": 4.905996798082162, "prior": 0.8216471576437056, "rate": 1.7974602213999658}, "datetime": {"datetime": "2024-06-14 06:59:20", "elapsed": 16.664699, "delta": 0.009973}}
{"target": -164.7656581613753, "params": {"gamma": 1.1602386580615005, "prior": 5.876279483963145, "rate": 0.8517929419359279}, "datetime": {"datetime": "2024-06-14 06:59:20", "elapsed": 16.674679, "delta": 0.00998}}
{"target": -168.65328414607166, "params": {"gamma": 3.8411646857898374, "prior": 1.5568483148669632, "rate": 4.115450872320082}, "datetime": {"datetime": "2024-06-14 06:59:20", "elapsed": 16.684656, "delta": 0.009977}}
{"target": -223.6874666339973, "params": {"gamma": 6.253124313642986, "prior": 3.6594426508543156, "rate": 8.959947493135243}, "datetime": {"datetime": "2024-06-14 06:59:20", "elapsed": 16.694631, "delta": 0.009975}}
{"target": -201.6353025826291, "params": {"gamma": 4.175385995901437, "prior": 9.343186839462406, "rate": 8.204747872100748}, "datetime": {"datetime": "2024-06-14 06:59:20", "elapsed": 16.7046, "delta": 0.009969}}
{"target": -127.16712881698324, "params": {"gamma": 1.1673082330925828, "prior": 1.1292596538179704, "rate": 1.3289685737075208}, "datetime": {"datetime": "2024-06-14 06:59:20", "elapsed": 16.715571, "delta": 0.010971}}
{"target": -252.36895499718386, "params": {"gamma": 6.3850452068779955, "prior": 6.877462138363933, "rate": 7.900310828063816}, "datetime": {"datetime": "2024-06-14 06:59:20", "elapsed": 16.725591, "delta": 0.01002}}
{"target": -232.13388440389883, "params": {"gamma": 5.423716313506835, "prior": 6.7860429050825894, "rate": 6.86782996092407}, "datetime": {"datetime": "2024-06-14 06:59:20", "elapsed": 16.735566, "delta": 0.009975}}
{"target": -193.56091658130265, "params": {"gamma": 3.3829604515267047, "prior": 6.540111495995206, "rate": 4.041556089281965}, "datetime": {"datetime": "2024-06-14 06:59:20", "elapsed": 16.745542, "delta": 0.009976}}
{"target": -343.301080933396, "params": {"gamma": 6.402004807053291, "prior": 9.352740161515133, "rate": 4.300276952021971}, "datetime": {"datetime": "2024-06-14 06:59:20", "elapsed": 16.755516, "delta": 0.009974}}
{"target": -198.58598334636312, "params": {"gamma": 5.062169284611167, "prior": 3.387441539928508, "rate": 5.787626649270162}, "datetime": {"datetime": "2024-06-14 06:59:20", "elapsed": 16.765492, "delta": 0.009976}}
{"target": -284.1302298377316, "params": {"gamma": 8.63433961200101, "prior": 2.9081286245045184, "rate": 8.3440688316731}, "datetime": {"datetime": "2024-06-14 06:59:20", "elapsed": 16.775467, "delta": 0.009975}}
{"target": -200.7862897014293, "params": {"gamma": 5.19525257002433, "prior": 2.338154974562283, "rate": 4.195052837461809}, "datetime": {"datetime": "2024-06-14 06:59:20", "elapsed": 16.785441, "delta": 0.009974}}
{"target": -197.27204829005385, "params": {"gamma": 1.6707797438122824, "prior": 9.132705794826414, "rate": 0.5804135275146948}, "datetime": {"datetime": "2024-06-14 06:59:20", "elapsed": 16.796414, "delta": 0.010973}}
{"target": -220.16527593617676, "params": {"gamma": 6.0404303253472555, "prior": 1.1291215126301983, "rate": 3.135467231273893}, "datetime": {"datetime": "2024-06-14 06:59:20", "elapsed": 16.806387, "delta": 0.009973}}
{"target": -128.29712360813468, "params": {"gamma": 1.430273657454418, "prior": 5.045153826684863, "rate": 6.361341648049341}, "datetime": {"datetime": "2024-06-14 06:59:20", "elapsed": 16.81636, "delta": 0.009973}}
{"target": -279.7678135244537, "params": {"gamma": 8.292725454727396, "prior": 4.5551280553231495, "rate": 7.694721722549676}, "datetime": {"datetime": "2024-06-14 06:59:20", "elapsed": 16.826334, "delta": 0.009974}}
{"target": -420.0223661705569, "params": {"gamma": 5.953782798974832, "prior": 9.725416897155455, "rate": 1.1980382373790506}, "datetime": {"datetime": "2024-06-14 06:59:20", "elapsed": 16.836307, "delta": 0.009973}}
{"target": -329.4755942625178, "params": {"gamma": 8.163360508295652, "prior": 8.36804642863598, "rate": 7.915926255491784}, "datetime": {"datetime": "2024-06-14 06:59:20", "elapsed": 16.84628, "delta": 0.009973}}
{"target": -185.21135192450265, "params": {"gamma": 4.548793901755333, "prior": 5.319373120578599, "rate": 9.853860789595378}, "datetime": {"datetime": "2024-06-14 06:59:20", "elapsed": 16.856254, "delta": 0.009974}}
{"target": -449.54420241473935, "params": {"gamma": 9.446413498524006, "prior": 7.653717361291417, "rate": 4.603153079254813}, "datetime": {"datetime": "2024-06-14 06:59:20", "elapsed": 16.866227, "delta": 0.009973}}
{"target": -320.20520326194713, "params": {"gamma": 5.4028153672728605, "prior": 8.065147279335433, "rate": 2.7694190259593214}, "datetime": {"datetime": "2024-06-14 06:59:20", "elapsed": 16.8762, "delta": 0.009973}}
{"target": -141.4859885070867, "params": {"gamma": 2.5660746449201204, "prior": 2.2172273194191625, "rate": 5.5125104016000455}, "datetime": {"datetime": "2024-06-14 06:59:20", "elapsed": 16.886174, "delta": 0.009974}}
{"target": -311.4327729895259, "params": {"gamma": 9.51400463278507, "prior": 2.453593275447689, "rate": 8.016191948242625}, "datetime": {"datetime": "2024-06-14 06:59:20", "elapsed": 16.895655, "delta": 0.009481}}
{"target": -140.49911705568857, "params": {"gamma": 0.3050697728019885, "prior": 5.111578112737991, "rate": 2.840969561694019}, "datetime": {"datetime": "2024-06-14 06:59:20", "elapsed": 16.905629, "delta": 0.009974}}
{"target": -151.78492942717202, "params": {"gamma": 2.8279345769967326, "prior": 3.9805415181824153, "rate": 5.35503815277569}, "datetime": {"datetime": "2024-06-14 06:59:20", "elapsed": 16.915602, "delta": 0.009973}}
{"target": -515.5463819673033, "params": {"gamma": 7.729080748891848, "prior": 9.620416719522808, "rate": 1.5047059924704762}, "datetime": {"datetime": "2024-06-14 06:59:20", "elapsed": 16.926572, "delta": 0.01097}}
{"target": -180.86581180901052, "params": {"gamma": 3.948506624298461, "prior": 1.711128575734629, "rate": 8.366584905960446}, "datetime": {"datetime": "2024-06-14 06:59:20", "elapsed": 16.936546, "delta": 0.009974}}
{"target": -130.8686541253643, "params": {"gamma": 0.848939363998362, "prior": 8.577228644378229, "rate": 7.408710726097538}, "datetime": {"datetime": "2024-06-14 06:59:20", "elapsed": 16.946519, "delta": 0.009973}}
{"target": -562.3671636430172, "params": {"gamma": 8.583506747549555, "prior": 8.910210077238986, "rate": 1.5086156837021263}, "datetime": {"datetime": "2024-06-14 06:59:20", "elapsed": 16.957491, "delta": 0.010972}}
{"target": -247.17541857178966, "params": {"gamma": 5.5673037568750585, "prior": 3.0949243389652152, "rate": 2.7129607380351044}, "datetime": {"datetime": "2024-06-14 06:59:20", "elapsed": 16.967464, "delta": 0.009973}}
{"target": -150.17503766135863, "params": {"gamma": 0.16532732155215554, "prior": 5.200289634664171, "rate": 0.19147494677606597}, "datetime": {"datetime": "2024-06-14 06:59:20", "elapsed": 16.977469, "delta": 0.010005}}
{"target": -294.628553704905, "params": {"gamma": 8.982387549518384, "prior": 2.743118745199252, "rate": 4.934240682090825}, "datetime": {"datetime": "2024-06-14 06:59:20", "elapsed": 16.98741, "delta": 0.009941}}
{"target": -276.74928130909524, "params": {"gamma": 6.364538822186757, "prior": 0.11484759273546576, "rate": 1.1332762215360346}, "datetime": {"datetime": "2024-06-14 06:59:20", "elapsed": 16.997889, "delta": 0.010479}}
{"target": -197.06593215675858, "params": {"gamma": 4.6659477575289365, "prior": 6.27045023526184, "rate": 8.196890952415792}, "datetime": {"datetime": "2024-06-14 06:59:20", "elapsed": 17.007862, "delta": 0.009973}}
{"target": -218.76584612573114, "params": {"gamma": 4.148641338539144, "prior": 9.27585593466577, "rate": 5.974235073828673}, "datetime": {"datetime": "2024-06-14 06:59:20", "elapsed": 17.017835, "delta": 0.009973}}
{"target": -146.69352773072083, "params": {"gamma": 0.019306140396848814, "prior": 6.83237546346491, "rate": 2.128523676734889}, "datetime": {"datetime": "2024-06-14 06:59:20", "elapsed": 17.027809, "delta": 0.009974}}
{"target": -142.1821947816761, "params": {"gamma": 0.1535430664843777, "prior": 7.383907493191389, "rate": 5.519551912752578}, "datetime": {"datetime": "2024-06-14 06:59:20", "elapsed": 17.037797, "delta": 0.009988}}
{"target": -273.27996273991994, "params": {"gamma": 7.836427271615353, "prior": 0.9728738222321646, "rate": 3.557641134340776}, "datetime": {"datetime": "2024-06-14 06:59:20", "elapsed": 17.047787, "delta": 0.00999}}
{"target": -166.66889748419203, "params": {"gamma": 2.997716685977381, "prior": 5.733129677407973, "rate": 5.102021899170938}, "datetime": {"datetime": "2024-06-14 06:59:20", "elapsed": 17.057761, "delta": 0.009974}}
{"target": -264.8539878236357, "params": {"gamma": 7.821480373966176, "prior": 1.951873292249901, "rate": 5.765378570105822}, "datetime": {"datetime": "2024-06-14 06:59:20", "elapsed": 17.067734, "delta": 0.009973}}
{"target": -250.95159168276527, "params": {"gamma": 6.444129706059222, "prior": 4.652693074134186, "rate": 5.580214322469496}, "datetime": {"datetime": "2024-06-14 06:59:20", "elapsed": 17.07771, "delta": 0.009976}}
{"target": -492.192724728758, "params": {"gamma": 9.743286307322958, "prior": 7.541556933766897, "rate": 3.8104826236472786}, "datetime": {"datetime": "2024-06-14 06:59:20", "elapsed": 17.087685, "delta": 0.009975}}
{"target": -319.5022516739775, "params": {"gamma": 4.340728838399114, "prior": 7.1570316925553605, "rate": 0.9380272253159303}, "datetime": {"datetime": "2024-06-14 06:59:21", "elapsed": 17.097658, "delta": 0.009973}}
{"target": -280.8554032614366, "params": {"gamma": 6.378444418173399, "prior": 1.2321491091836958, "rate": 1.0193780310022393}, "datetime": {"datetime": "2024-06-14 06:59:21", "elapsed": 17.107632, "delta": 0.009974}}
{"target": -250.0013753435049, "params": {"gamma": 6.667021122891057, "prior": 1.7542887876159898, "rate": 7.647419971523622}, "datetime": {"datetime": "2024-06-14 06:59:21", "elapsed": 17.117608, "delta": 0.009976}}
{"target": -257.3625767626533, "params": {"gamma": 7.506153520363204, "prior": 3.18900068961921, "rate": 5.7090751316208}, "datetime": {"datetime": "2024-06-14 06:59:21", "elapsed": 17.127584, "delta": 0.009976}}
{"target": -403.5260124234354, "params": {"gamma": 6.451761309420609, "prior": 8.133499632738395, "rate": 2.0154617304835343}, "datetime": {"datetime": "2024-06-14 06:59:21", "elapsed": 17.137559, "delta": 0.009975}}
{"target": -350.9079716619754, "params": {"gamma": 6.762750921175965, "prior": 8.246616776474657, "rate": 4.144442403173417}, "datetime": {"datetime": "2024-06-14 06:59:21", "elapsed": 17.148533, "delta": 0.010974}}
{"target": -194.56641413525546, "params": {"gamma": 4.93747435337824, "prior": 5.191069021280379, "rate": 9.393346948548995}, "datetime": {"datetime": "2024-06-14 06:59:21", "elapsed": 17.158507, "delta": 0.009974}}
{"target": -133.68182345228703, "params": {"gamma": 0.5174559628579339, "prior": 5.75837295853161, "rate": 4.89811116337683}, "datetime": {"datetime": "2024-06-14 06:59:21", "elapsed": 17.16848, "delta": 0.009973}}
{"target": -170.14940756428408, "params": {"gamma": 3.43893717379704, "prior": 6.732175526529206, "rate": 7.6946306666071145}, "datetime": {"datetime": "2024-06-14 06:59:21", "elapsed": 17.178372, "delta": 0.009892}}
{"target": -217.76448725213726, "params": {"gamma": 5.401055710011223, "prior": 0.5122166664564219, "rate": 2.351573570535765}, "datetime": {"datetime": "2024-06-14 06:59:21", "elapsed": 17.188346, "delta": 0.009974}}
{"target": -137.9166107943611, "params": {"gamma": 0.20537707355366863, "prior": 3.3450050943537124, "rate": 4.6810927226785255}, "datetime": {"datetime": "2024-06-14 06:59:21", "elapsed": 17.198319, "delta": 0.009973}}
{"target": -325.79996096481887, "params": {"gamma": 7.845906561782468, "prior": 5.369502262702111, "rate": 4.774787580289247}, "datetime": {"datetime": "2024-06-14 06:59:21", "elapsed": 17.208292, "delta": 0.009973}}
{"target": -333.2658314965959, "params": {"gamma": 6.97979925706494, "prior": 0.27243013449192005, "rate": 6.950212658575371}, "datetime": {"datetime": "2024-06-14 06:59:21", "elapsed": 17.218265, "delta": 0.009973}}
{"target": -163.96846191909216, "params": {"gamma": 3.120283908366149, "prior": 5.641930498717792, "rate": 6.068459647449929}, "datetime": {"datetime": "2024-06-14 06:59:21", "elapsed": 17.229236, "delta": 0.010971}}
{"target": -128.42446746409237, "params": {"gamma": 1.8222444288432162, "prior": 2.5776986435657308, "rate": 5.788601767479563}, "datetime": {"datetime": "2024-06-14 06:59:21", "elapsed": 17.239209, "delta": 0.009973}}
{"target": -146.23078927451976, "params": {"gamma": 2.626964094789226, "prior": 2.4702287887304846, "rate": 3.5909544712195682}, "datetime": {"datetime": "2024-06-14 06:59:21", "elapsed": 17.248691, "delta": 0.009482}}
{"target": -434.36349562514584, "params": {"gamma": 9.044205571519699, "prior": 8.705182024603866, "rate": 5.140843749597316}, "datetime": {"datetime": "2024-06-14 06:59:21", "elapsed": 17.258664, "delta": 0.009973}}
