{"target": -930.6680158741715, "params": {"gamma": 4.623891705947023, "lr": 0.9606566952869964}, "datetime": {"datetime": "2024-06-13 20:37:17", "elapsed": 6.627798, "delta": 0.004987}}
{"target": -260.9403023026991, "params": {"gamma": 0.9370488703914385, "lr": 0.0655985161350432}, "datetime": {"datetime": "2024-06-13 20:37:17", "elapsed": 6.632785, "delta": 0.004987}}
{"target": -1674.3674517421098, "params": {"gamma": 8.799475826643015, "lr": 0.8213720415432885}, "datetime": {"datetime": "2024-06-13 20:37:17", "elapsed": 6.637772, "delta": 0.004987}}
{"target": -1342.2130077058582, "params": {"gamma": 8.199874253028593, "lr": 0.46781804781537173}, "datetime": {"datetime": "2024-06-13 20:37:17", "elapsed": 6.641761, "delta": 0.003989}}
{"target": -709.5921710430566, "params": {"gamma": 4.275493453510745, "lr": 0.4010683054344961}, "datetime": {"datetime": "2024-06-13 20:37:17", "elapsed": 6.646748, "delta": 0.004987}}
{"target": -1084.2066884928886, "params": {"gamma": 5.822568206350932, "lr": 0.7289706693761112}, "datetime": {"datetime": "2024-06-13 20:37:17", "elapsed": 6.651734, "delta": 0.004986}}
{"target": -1373.4337451084023, "params": {"gamma": 7.843135731493912, "lr": 0.6547991875604179}, "datetime": {"datetime": "2024-06-13 20:37:17", "elapsed": 6.655723, "delta": 0.003989}}
{"target": -929.6841615060843, "params": {"gamma": 5.625099180595456, "lr": 0.412392608220297}, "datetime": {"datetime": "2024-06-13 20:37:17", "elapsed": 6.66071, "delta": 0.004987}}
{"target": -608.0174539619754, "params": {"gamma": 3.1998307053765016, "lr": 0.2862477928261852}, "datetime": {"datetime": "2024-06-13 20:37:17", "elapsed": 6.665697, "delta": 0.004987}}
{"target": -556.0704828641393, "params": {"gamma": 2.9624710073123492, "lr": 0.6827528661644432}, "datetime": {"datetime": "2024-06-13 20:37:17", "elapsed": 6.669686, "delta": 0.003989}}
{"target": -1309.5541414472932, "params": {"gamma": 7.624649380413635, "lr": 0.5976197869899762}, "datetime": {"datetime": "2024-06-13 20:37:17", "elapsed": 6.674673, "delta": 0.004987}}
{"target": -535.1451850501658, "params": {"gamma": 2.229416058643355, "lr": 0.1943950205047229}, "datetime": {"datetime": "2024-06-13 20:37:17", "elapsed": 6.678661, "delta": 0.003988}}
{"target": -1530.1985631354976, "params": {"gamma": 7.657095501588769, "lr": 0.9786938189750454}, "datetime": {"datetime": "2024-06-13 20:37:17", "elapsed": 6.683649, "delta": 0.004988}}
{"target": -140.54175035612877, "params": {"gamma": 0.1600837059640327, "lr": 0.24889814198257976}, "datetime": {"datetime": "2024-06-13 20:37:17", "elapsed": 6.687638, "delta": 0.003989}}
{"target": -1473.2319581338907, "params": {"gamma": 7.923336404835708, "lr": 0.7191652977533548}, "datetime": {"datetime": "2024-06-13 20:37:17", "elapsed": 6.692625, "delta": 0.004987}}
{"target": -428.09813413107645, "params": {"gamma": 2.4605535974366086, "lr": 0.5548923810758453}, "datetime": {"datetime": "2024-06-13 20:37:17", "elapsed": 6.697612, "delta": 0.004987}}
{"target": -1093.1180857412073, "params": {"gamma": 5.856272355196109, "lr": 0.7213842766472296}, "datetime": {"datetime": "2024-06-13 20:37:17", "elapsed": 6.701601, "delta": 0.003989}}
{"target": -768.5175677672651, "params": {"gamma": 4.637273438415798, "lr": 0.40484847152272274}, "datetime": {"datetime": "2024-06-13 20:37:17", "elapsed": 6.706587, "delta": 0.004986}}
{"target": -731.2582680334069, "params": {"gamma": 3.080786698738075, "lr": 0.23830890840682273}, "datetime": {"datetime": "2024-06-13 20:37:17", "elapsed": 6.710577, "delta": 0.00399}}
{"target": -201.9099435853678, "params": {"gamma": 0.925941078147889, "lr": 0.6458833874176423}, "datetime": {"datetime": "2024-06-13 20:37:17", "elapsed": 6.715563, "delta": 0.004986}}
{"target": -1231.4162287778195, "params": {"gamma": 6.696034914953822, "lr": 0.6873434739168471}, "datetime": {"datetime": "2024-06-13 20:37:17", "elapsed": 6.72055, "delta": 0.004987}}
{"target": -148.20279376336177, "params": {"gamma": 0.03245405892326011, "lr": 0.43825303252098613}, "datetime": {"datetime": "2024-06-13 20:37:17", "elapsed": 6.72454, "delta": 0.00399}}
{"target": -236.83210521324716, "params": {"gamma": 1.22641109574872, "lr": 0.5266093357063074}, "datetime": {"datetime": "2024-06-13 20:37:17", "elapsed": 6.729526, "delta": 0.004986}}
{"target": -1601.7942812615302, "params": {"gamma": 9.797416469397842, "lr": 0.4992770109633381}, "datetime": {"datetime": "2024-06-13 20:37:17", "elapsed": 6.733516, "delta": 0.00399}}
{"target": -722.1579928410526, "params": {"gamma": 3.747125142755934, "lr": 0.8138399923945955}, "datetime": {"datetime": "2024-06-13 20:37:17", "elapsed": 6.738502, "delta": 0.004986}}
{"target": -1805.751933540437, "params": {"gamma": 9.68204618100875, "lr": 0.28712337752879535}, "datetime": {"datetime": "2024-06-13 20:37:17", "elapsed": 6.742491, "delta": 0.003989}}
{"target": -1604.0315890522668, "params": {"gamma": 8.030197397425262, "lr": 0.9961414373632698}, "datetime": {"datetime": "2024-06-13 20:37:17", "elapsed": 6.747478, "delta": 0.004987}}
{"target": -221.68579560728145, "params": {"gamma": 1.1191305732763266, "lr": 0.5310473545872221}, "datetime": {"datetime": "2024-06-13 20:37:17", "elapsed": 6.752466, "delta": 0.004988}}
{"target": -1369.1367461526315, "params": {"gamma": 8.135452268270518, "lr": 0.37629418365689815}, "datetime": {"datetime": "2024-06-13 20:37:17", "elapsed": 6.757452, "delta": 0.004986}}
{"target": -859.0116022157232, "params": {"gamma": 4.4582994882209785, "lr": 0.7509025596645666}, "datetime": {"datetime": "2024-06-13 20:37:17", "elapsed": 6.761441, "delta": 0.003989}}
{"target": -205.19124687736317, "params": {"gamma": 0.9843654431052541, "lr": 0.3605263049964609}, "datetime": {"datetime": "2024-06-13 20:37:17", "elapsed": 6.766427, "delta": 0.004986}}
{"target": -1331.1230762997707, "params": {"gamma": 5.637498846609272, "lr": 0.23858559594258377}, "datetime": {"datetime": "2024-06-13 20:37:17", "elapsed": 6.770417, "delta": 0.00399}}
{"target": -1606.5114155165434, "params": {"gamma": 8.399697763448607, "lr": 0.7658509922899394}, "datetime": {"datetime": "2024-06-13 20:37:17", "elapsed": 6.775403, "delta": 0.004986}}
{"target": -1619.4600652816812, "params": {"gamma": 9.655460253343795, "lr": 0.5229880750137287}, "datetime": {"datetime": "2024-06-13 20:37:17", "elapsed": 6.78039, "delta": 0.004987}}
{"target": -247.75028791952045, "params": {"gamma": 1.06614005524794, "lr": 0.936617023061487}, "datetime": {"datetime": "2024-06-13 20:37:17", "elapsed": 6.784379, "delta": 0.003989}}
{"target": -1401.533568149481, "params": {"gamma": 8.342525658973996, "lr": 0.5444181610032376}, "datetime": {"datetime": "2024-06-13 20:37:17", "elapsed": 6.789366, "delta": 0.004987}}
{"target": -1649.2435704738132, "params": {"gamma": 8.363186471576656, "lr": 0.8816909193539424}, "datetime": {"datetime": "2024-06-13 20:37:17", "elapsed": 6.793356, "delta": 0.00399}}
{"target": -1303.6582491089193, "params": {"gamma": 7.76103529253161, "lr": 0.5712539770424174}, "datetime": {"datetime": "2024-06-13 20:37:17", "elapsed": 6.798342, "delta": 0.004986}}
{"target": -1189.723504998544, "params": {"gamma": 6.153371915939358, "lr": 0.8443906826433587}, "datetime": {"datetime": "2024-06-13 20:37:17", "elapsed": 6.803329, "delta": 0.004987}}
{"target": -1477.9101804511265, "params": {"gamma": 6.222544146503024, "lr": 0.20647995918763162}, "datetime": {"datetime": "2024-06-13 20:37:17", "elapsed": 6.807318, "delta": 0.003989}}
{"target": -1164.6537407649444, "params": {"gamma": 6.915192747116144, "lr": 0.5320137500773816}, "datetime": {"datetime": "2024-06-13 20:37:17", "elapsed": 6.812336, "delta": 0.005018}}
{"target": -665.0716909851999, "params": {"gamma": 2.633207341942995, "lr": 0.0007865415296364198}, "datetime": {"datetime": "2024-06-13 20:37:17", "elapsed": 6.81732, "delta": 0.004984}}
{"target": -447.8910560101919, "params": {"gamma": 2.3557421152378364, "lr": 0.673566697976032}, "datetime": {"datetime": "2024-06-13 20:37:17", "elapsed": 6.82131, "delta": 0.00399}}
{"target": -1671.3161586465221, "params": {"gamma": 8.783323676609767, "lr": 0.8307025692405677}, "datetime": {"datetime": "2024-06-13 20:37:17", "elapsed": 6.826267, "delta": 0.004957}}
{"target": -293.3927771008417, "params": {"gamma": 1.0819657484995155, "lr": 0.07112497952283825}, "datetime": {"datetime": "2024-06-13 20:37:17", "elapsed": 6.830257, "delta": 0.00399}}
{"target": -1518.7603419823945, "params": {"gamma": 7.616161526478173, "lr": 0.2848333721183067}, "datetime": {"datetime": "2024-06-13 20:37:17", "elapsed": 6.835243, "delta": 0.004986}}
{"target": -686.0139147543207, "params": {"gamma": 2.718758721913716, "lr": 0.0020003006084317043}, "datetime": {"datetime": "2024-06-13 20:37:17", "elapsed": 6.84023, "delta": 0.004987}}
{"target": -257.25023963015144, "params": {"gamma": 0.9862915673948899, "lr": 0.13559704739235312}, "datetime": {"datetime": "2024-06-13 20:37:17", "elapsed": 6.844251, "delta": 0.004021}}
{"target": -280.8438668158451, "params": {"gamma": 1.5944427020857364, "lr": 0.44531360261536523}, "datetime": {"datetime": "2024-06-13 20:37:17", "elapsed": 6.849235, "delta": 0.004984}}
{"target": -1550.0892666425373, "params": {"gamma": 8.141544011423479, "lr": 0.8122981153684475}, "datetime": {"datetime": "2024-06-13 20:37:17", "elapsed": 6.854193, "delta": 0.004958}}
{"target": -1497.5570573001728, "params": {"gamma": 9.099986227202798, "lr": 0.4435920386203337}, "datetime": {"datetime": "2024-06-13 20:37:17", "elapsed": 6.859179, "delta": 0.004986}}
{"target": -1161.4739169919956, "params": {"gamma": 7.087396368942189, "lr": 0.4883341181204487}, "datetime": {"datetime": "2024-06-13 20:37:17", "elapsed": 6.864166, "delta": 0.004987}}
{"target": -174.05215557573266, "params": {"gamma": 0.49937573878707536, "lr": 0.0804314339695471}, "datetime": {"datetime": "2024-06-13 20:37:17", "elapsed": 6.869153, "delta": 0.004987}}
{"target": -506.73971984564406, "params": {"gamma": 2.4601774098261746, "lr": 0.9816217286230167}, "datetime": {"datetime": "2024-06-13 20:37:17", "elapsed": 6.873142, "delta": 0.003989}}
{"target": -1381.1782918847784, "params": {"gamma": 6.919480375538572, "lr": 0.26800758185732043}, "datetime": {"datetime": "2024-06-13 20:37:17", "elapsed": 6.878129, "delta": 0.004987}}
{"target": -1238.160272792701, "params": {"gamma": 7.062926182268611, "lr": 0.6613461343815696}, "datetime": {"datetime": "2024-06-13 20:37:17", "elapsed": 6.882118, "delta": 0.003989}}
{"target": -147.00621019529828, "params": {"gamma": 0.4338583185782008, "lr": 0.3614875846417379}, "datetime": {"datetime": "2024-06-13 20:37:17", "elapsed": 6.887105, "delta": 0.004987}}
{"target": -1923.6533095482937, "params": {"gamma": 7.737506106039536, "lr": 0.07852291483410356}, "datetime": {"datetime": "2024-06-13 20:37:17", "elapsed": 6.892091, "delta": 0.004986}}
{"target": -1765.0905403231393, "params": {"gamma": 8.84395678364194, "lr": 0.9308682962545582}, "datetime": {"datetime": "2024-06-13 20:37:17", "elapsed": 6.896081, "delta": 0.00399}}
{"target": -2087.808937880235, "params": {"gamma": 8.531002038386509, "lr": 0.117377604100948}, "datetime": {"datetime": "2024-06-13 20:37:17", "elapsed": 6.901067, "delta": 0.004986}}
{"target": -1042.0978129301425, "params": {"gamma": 5.652169643537417, "lr": 0.7075599478322232}, "datetime": {"datetime": "2024-06-13 20:37:17", "elapsed": 6.906054, "delta": 0.004987}}
{"target": -2205.126168176898, "params": {"gamma": 8.879912919311819, "lr": 0.09577602929981288}, "datetime": {"datetime": "2024-06-13 20:37:17", "elapsed": 6.910043, "delta": 0.003989}}
{"target": -1625.7465588880284, "params": {"gamma": 8.157890074908734, "lr": 0.27801633166878204}, "datetime": {"datetime": "2024-06-13 20:37:17", "elapsed": 6.91503, "delta": 0.004987}}
{"target": -1105.43417589375, "params": {"gamma": 5.923281570273373, "lr": 0.7197957093739197}, "datetime": {"datetime": "2024-06-13 20:37:17", "elapsed": 6.920017, "delta": 0.004987}}
{"target": -1452.1340555817249, "params": {"gamma": 7.7704144744548165, "lr": 0.29466484899886947}, "datetime": {"datetime": "2024-06-13 20:37:17", "elapsed": 6.924006, "delta": 0.003989}}
{"target": -1138.4274922160973, "params": {"gamma": 6.074158012949801, "lr": 0.2874728742023305}, "datetime": {"datetime": "2024-06-13 20:37:17", "elapsed": 6.929022, "delta": 0.005016}}
{"target": -1898.0057547672004, "params": {"gamma": 9.983169186094411, "lr": 0.8145056079423507}, "datetime": {"datetime": "2024-06-13 20:37:17", "elapsed": 6.933979, "delta": 0.004957}}
{"target": -824.3944848419426, "params": {"gamma": 4.140365184777405, "lr": 0.8791421856642359}, "datetime": {"datetime": "2024-06-13 20:37:17", "elapsed": 6.937969, "delta": 0.00399}}
{"target": -1464.5433132471567, "params": {"gamma": 7.325278649969429, "lr": 0.928746930727756}, "datetime": {"datetime": "2024-06-13 20:37:17", "elapsed": 6.942956, "delta": 0.004987}}
{"target": -339.16236620948393, "params": {"gamma": 1.7169353317749951, "lr": 0.2948350049208741}, "datetime": {"datetime": "2024-06-13 20:37:17", "elapsed": 6.947942, "delta": 0.004986}}
{"target": -204.42720895909486, "params": {"gamma": 0.9382730240703474, "lr": 0.3179810316787127}, "datetime": {"datetime": "2024-06-13 20:37:17", "elapsed": 6.952929, "delta": 0.004987}}
{"target": -676.6514805132439, "params": {"gamma": 3.812504948851634, "lr": 0.6327125396187535}, "datetime": {"datetime": "2024-06-13 20:37:17", "elapsed": 6.956918, "delta": 0.003989}}
{"target": -883.6392646021825, "params": {"gamma": 4.715727863547479, "lr": 0.717668980777047}, "datetime": {"datetime": "2024-06-13 20:37:17", "elapsed": 6.961905, "delta": 0.004987}}
{"target": -656.8442864575052, "params": {"gamma": 2.692966111483643, "lr": 0.17305671918218446}, "datetime": {"datetime": "2024-06-13 20:37:17", "elapsed": 6.965895, "delta": 0.00399}}
{"target": -630.7442710393674, "params": {"gamma": 3.7918469051508774, "lr": 0.43808143742785455}, "datetime": {"datetime": "2024-06-13 20:37:17", "elapsed": 6.970881, "delta": 0.004986}}
{"target": -851.4281473136055, "params": {"gamma": 4.221843551590521, "lr": 0.913569686661525}, "datetime": {"datetime": "2024-06-13 20:37:17", "elapsed": 6.975867, "delta": 0.004986}}
{"target": -478.3112070410118, "params": {"gamma": 2.696400616451196, "lr": 0.3520434026951569}, "datetime": {"datetime": "2024-06-13 20:37:17", "elapsed": 6.980855, "delta": 0.004988}}
{"target": -383.2838767038879, "params": {"gamma": 2.1528813919731067, "lr": 0.37192301140427286}, "datetime": {"datetime": "2024-06-13 20:37:17", "elapsed": 6.984844, "delta": 0.003989}}
{"target": -677.9064292704796, "params": {"gamma": 3.8991640529202587, "lr": 0.5754270571118745}, "datetime": {"datetime": "2024-06-13 20:37:17", "elapsed": 6.98983, "delta": 0.004986}}
{"target": -566.1717702290614, "params": {"gamma": 2.7843714212458077, "lr": 0.2594923085078481}, "datetime": {"datetime": "2024-06-13 20:37:17", "elapsed": 6.993819, "delta": 0.003989}}
{"target": -1437.9558437994676, "params": {"gamma": 7.190894889170183, "lr": 0.9101787075725445}, "datetime": {"datetime": "2024-06-13 20:37:17", "elapsed": 6.998806, "delta": 0.004987}}
{"target": -305.5840061876477, "params": {"gamma": 1.2218460988148518, "lr": 0.18228897074998485}, "datetime": {"datetime": "2024-06-13 20:37:17", "elapsed": 7.003793, "delta": 0.004987}}
{"target": -271.79807521567767, "params": {"gamma": 1.3319633391141557, "lr": 0.6836076828044971}, "datetime": {"datetime": "2024-06-13 20:37:17", "elapsed": 7.007782, "delta": 0.003989}}
{"target": -392.2023986392196, "params": {"gamma": 2.1408837173038955, "lr": 0.6045716033063737}, "datetime": {"datetime": "2024-06-13 20:37:17", "elapsed": 7.012769, "delta": 0.004987}}
{"target": -402.42000918254655, "params": {"gamma": 2.0175856692950274, "lr": 0.8177571936931245}, "datetime": {"datetime": "2024-06-13 20:37:17", "elapsed": 7.017755, "delta": 0.004986}}
{"target": -591.8359568539466, "params": {"gamma": 3.161755215449723, "lr": 0.6696167646858762}, "datetime": {"datetime": "2024-06-13 20:37:17", "elapsed": 7.021745, "delta": 0.00399}}
{"target": -290.8563536570064, "params": {"gamma": 1.4881868944628063, "lr": 0.30594544708616045}, "datetime": {"datetime": "2024-06-13 20:37:17", "elapsed": 7.026731, "delta": 0.004986}}
{"target": -532.7785567225874, "params": {"gamma": 2.9731172115714624, "lr": 0.6350799325450489}, "datetime": {"datetime": "2024-06-13 20:37:17", "elapsed": 7.030721, "delta": 0.00399}}
{"target": -1314.8017774734235, "params": {"gamma": 6.809124390706244, "lr": 0.8452486465038237}, "datetime": {"datetime": "2024-06-13 20:37:17", "elapsed": 7.035707, "delta": 0.004986}}
{"target": -369.55655596002026, "params": {"gamma": 1.8342857207824639, "lr": 0.7604297643064385}, "datetime": {"datetime": "2024-06-13 20:37:17", "elapsed": 7.041198, "delta": 0.005491}}
{"target": -1197.230801619783, "params": {"gamma": 7.119682083391317, "lr": 0.5575439140774725}, "datetime": {"datetime": "2024-06-13 20:37:17", "elapsed": 7.045188, "delta": 0.00399}}
{"target": -1617.8175427031504, "params": {"gamma": 6.50197970017053, "lr": 0.0899951030326972}, "datetime": {"datetime": "2024-06-13 20:37:17", "elapsed": 7.050175, "delta": 0.004987}}
{"target": -263.5862437724118, "params": {"gamma": 1.4696112814099909, "lr": 0.41557172071663584}, "datetime": {"datetime": "2024-06-13 20:37:17", "elapsed": 7.055162, "delta": 0.004987}}
{"target": -1720.7276319134362, "params": {"gamma": 7.1139955123219485, "lr": 0.16782116362359434}, "datetime": {"datetime": "2024-06-13 20:37:17", "elapsed": 7.059151, "delta": 0.003989}}
{"target": -643.0164091525525, "params": {"gamma": 3.8904024131038595, "lr": 0.49794595388742613}, "datetime": {"datetime": "2024-06-13 20:37:17", "elapsed": 7.064138, "delta": 0.004987}}
{"target": -2322.058159251471, "params": {"gamma": 9.350522223405173, "lr": 0.055196248654505564}, "datetime": {"datetime": "2024-06-13 20:37:17", "elapsed": 7.069125, "delta": 0.004987}}
{"target": -1655.4970974291277, "params": {"gamma": 8.290245901995016, "lr": 0.9841598458987846}, "datetime": {"datetime": "2024-06-13 20:37:17", "elapsed": 7.074111, "delta": 0.004986}}
{"target": -548.0662974637028, "params": {"gamma": 2.6734588625853686, "lr": 0.8900573037740913}, "datetime": {"datetime": "2024-06-13 20:37:17", "elapsed": 7.078101, "delta": 0.00399}}
{"target": -566.4883906686972, "params": {"gamma": 2.9037110876153163, "lr": 0.7990074981966317}, "datetime": {"datetime": "2024-06-13 20:37:17", "elapsed": 7.083088, "delta": 0.004987}}
{"target": -796.183485689029, "params": {"gamma": 4.599113822624364, "lr": 0.59760864887687}, "datetime": {"datetime": "2024-06-13 20:37:17", "elapsed": 7.088074, "delta": 0.004986}}
{"target": -449.96208874195094, "params": {"gamma": 2.367437100274259, "lr": 0.687614962160815}, "datetime": {"datetime": "2024-06-13 20:37:17", "elapsed": 7.092294, "delta": 0.00422}}
{"target": -274.8138674746821, "params": {"gamma": 1.4876999762661907, "lr": 0.5596864990017729}, "datetime": {"datetime": "2024-06-13 20:37:18", "elapsed": 7.097282, "delta": 0.004988}}
{"target": -959.2583914924232, "params": {"gamma": 4.943794976509587, "lr": 0.8372059959494197}, "datetime": {"datetime": "2024-06-13 20:37:18", "elapsed": 7.102267, "delta": 0.004985}}
{"target": -926.5218917806894, "params": {"gamma": 4.815203685221957, "lr": 0.7847309599867293}, "datetime": {"datetime": "2024-06-13 20:37:18", "elapsed": 7.107254, "delta": 0.004987}}
{"target": -731.9805567995115, "params": {"gamma": 4.003542773051022, "lr": 0.3079059334309052}, "datetime": {"datetime": "2024-06-13 20:37:18", "elapsed": 7.112241, "delta": 0.004987}}
{"target": -1296.910683238317, "params": {"gamma": 7.872484136639694, "lr": 0.4184642639114249}, "datetime": {"datetime": "2024-06-13 20:37:18", "elapsed": 7.11623, "delta": 0.003989}}
{"target": -858.6737257968665, "params": {"gamma": 4.968163846072137, "lr": 0.577322531324329}, "datetime": {"datetime": "2024-06-13 20:37:18", "elapsed": 7.121216, "delta": 0.004986}}
{"target": -1406.7746786086298, "params": {"gamma": 8.196837713155396, "lr": 0.5813199746267194}, "datetime": {"datetime": "2024-06-13 20:37:18", "elapsed": 7.125206, "delta": 0.00399}}
{"target": -970.2668948327596, "params": {"gamma": 4.062022883905419, "lr": 0.16058682850924277}, "datetime": {"datetime": "2024-06-13 20:37:18", "elapsed": 7.130193, "delta": 0.004987}}
{"target": -1386.6018947819853, "params": {"gamma": 7.021410937836175, "lr": 0.8832328216518347}, "datetime": {"datetime": "2024-06-13 20:37:18", "elapsed": 7.135179, "delta": 0.004986}}
{"target": -209.0834644049245, "params": {"gamma": 1.0846805001536175, "lr": 0.46621397581308155}, "datetime": {"datetime": "2024-06-13 20:37:18", "elapsed": 7.139168, "delta": 0.003989}}
{"target": -1566.6201957545682, "params": {"gamma": 9.34542051628517, "lr": 0.5635091674751708}, "datetime": {"datetime": "2024-06-13 20:37:18", "elapsed": 7.144191, "delta": 0.005023}}
{"target": -1359.4897154457499, "params": {"gamma": 5.452989887556196, "lr": 0.06347554987814286}, "datetime": {"datetime": "2024-06-13 20:37:18", "elapsed": 7.149177, "delta": 0.004986}}
{"target": -942.0306469619471, "params": {"gamma": 5.353466496108746, "lr": 0.654541303819938}, "datetime": {"datetime": "2024-06-13 20:37:18", "elapsed": 7.154166, "delta": 0.004989}}
{"target": -318.69854369351214, "params": {"gamma": 1.466771864485812, "lr": 0.9563647276468465}, "datetime": {"datetime": "2024-06-13 20:37:18", "elapsed": 7.158155, "delta": 0.003989}}
{"target": -378.73703924753914, "params": {"gamma": 1.962311768641484, "lr": 0.673925993557942}, "datetime": {"datetime": "2024-06-13 20:37:18", "elapsed": 7.163144, "delta": 0.004989}}
{"target": -686.1455239562592, "params": {"gamma": 2.744137192928587, "lr": 0.10843083383187457}, "datetime": {"datetime": "2024-06-13 20:37:18", "elapsed": 7.168131, "delta": 0.004987}}
