{"target": -1353.6849280711876, "params": {"gamma": 4.647854040432997, "lr": 0.2343564434014873}, "datetime": {"datetime": "2024-06-13 22:59:31", "elapsed": 7.469544, "delta": 0.005984}}
{"target": -1681.1672315804274, "params": {"gamma": 7.27531136269942, "lr": 0.807191102024009}, "datetime": {"datetime": "2024-06-13 22:59:31", "elapsed": 7.473533, "delta": 0.003989}}
{"target": -1775.3830249483149, "params": {"gamma": 7.909964984873447, "lr": 0.7157485483912336}, "datetime": {"datetime": "2024-06-13 22:59:31", "elapsed": 7.47852, "delta": 0.004987}}
{"target": -834.7853273189916, "params": {"gamma": 2.6971628183640655, "lr": 0.21045779104067575}, "datetime": {"datetime": "2024-06-13 22:59:31", "elapsed": 7.483506, "delta": 0.004986}}
{"target": -270.7663237663248, "params": {"gamma": 1.092174154085908, "lr": 0.3966811014027529}, "datetime": {"datetime": "2024-06-13 22:59:31", "elapsed": 7.488493, "delta": 0.004987}}
{"target": -231.23564847869756, "params": {"gamma": 0.8735791351201521, "lr": 0.6553896564824753}, "datetime": {"datetime": "2024-06-13 22:59:31", "elapsed": 7.49448, "delta": 0.005987}}
{"target": -2166.6182991612873, "params": {"gamma": 9.49833931470982, "lr": 0.755633280579152}, "datetime": {"datetime": "2024-06-13 22:59:31", "elapsed": 7.499464, "delta": 0.004984}}
{"target": -436.47535336950307, "params": {"gamma": 1.1698003792568261, "lr": 0.020481248718401956}, "datetime": {"datetime": "2024-06-13 22:59:31", "elapsed": 7.50445, "delta": 0.004986}}
{"target": -858.5249535485873, "params": {"gamma": 3.349553409033682, "lr": 0.9928761567590365}, "datetime": {"datetime": "2024-06-13 22:59:31", "elapsed": 7.50844, "delta": 0.00399}}
{"target": -709.3296000309664, "params": {"gamma": 3.129004648022036, "lr": 0.7375077987941283}, "datetime": {"datetime": "2024-06-13 22:59:31", "elapsed": 7.513426, "delta": 0.004986}}
{"target": -1502.4925950984778, "params": {"gamma": 7.165577236537339, "lr": 0.5725575976952813}, "datetime": {"datetime": "2024-06-13 22:59:31", "elapsed": 7.518413, "delta": 0.004987}}
{"target": -1132.0393667200346, "params": {"gamma": 3.6770929306387004, "lr": 0.2082656940300881}, "datetime": {"datetime": "2024-06-13 22:59:31", "elapsed": 7.5234, "delta": 0.004987}}
{"target": -3422.785929235256, "params": {"gamma": 9.800012165219913, "lr": 0.06589377000512553}, "datetime": {"datetime": "2024-06-13 22:59:31", "elapsed": 7.528386, "delta": 0.004986}}
{"target": -548.0968438107425, "params": {"gamma": 2.363041291619063, "lr": 0.3088994705101167}, "datetime": {"datetime": "2024-06-13 22:59:31", "elapsed": 7.533373, "delta": 0.004987}}
{"target": -1997.3820431746544, "params": {"gamma": 9.09512403146957, "lr": 0.7133692630190983}, "datetime": {"datetime": "2024-06-13 22:59:31", "elapsed": 7.537363, "delta": 0.00399}}
{"target": -921.5624599986238, "params": {"gamma": 2.654453130529889, "lr": 0.16450130293866305}, "datetime": {"datetime": "2024-06-13 22:59:31", "elapsed": 7.54235, "delta": 0.004987}}
{"target": -2035.7089474180111, "params": {"gamma": 8.805093637851785, "lr": 0.7937831324318396}, "datetime": {"datetime": "2024-06-13 22:59:31", "elapsed": 7.547336, "delta": 0.004986}}
{"target": -168.8651500343303, "params": {"gamma": 0.38483593233206737, "lr": 0.8793008435965847}, "datetime": {"datetime": "2024-06-13 22:59:31", "elapsed": 7.552322, "delta": 0.004986}}
{"target": -1192.319216174037, "params": {"gamma": 5.879809512359401, "lr": 0.4575371969863721}, "datetime": {"datetime": "2024-06-13 22:59:31", "elapsed": 7.557309, "delta": 0.004987}}
{"target": -2360.581212818227, "params": {"gamma": 6.73884491695568, "lr": 0.03944279853538757}, "datetime": {"datetime": "2024-06-13 22:59:31", "elapsed": 7.562296, "delta": 0.004987}}
{"target": -1180.560764351145, "params": {"gamma": 3.303881713493146, "lr": 0.08804841780935202}, "datetime": {"datetime": "2024-06-13 22:59:31", "elapsed": 7.566285, "delta": 0.003989}}
{"target": -1451.9219497848312, "params": {"gamma": 6.836691010345723, "lr": 0.3980117152162973}, "datetime": {"datetime": "2024-06-13 22:59:31", "elapsed": 7.571272, "delta": 0.004987}}
{"target": -1106.6445286995413, "params": {"gamma": 4.790061963647635, "lr": 0.2898033391923721}, "datetime": {"datetime": "2024-06-13 22:59:31", "elapsed": 7.576259, "delta": 0.004987}}
{"target": -2757.642943551867, "params": {"gamma": 7.883156906603142, "lr": 0.046512682267751626}, "datetime": {"datetime": "2024-06-13 22:59:31", "elapsed": 7.581246, "delta": 0.004987}}
{"target": -604.1489793365588, "params": {"gamma": 2.811975337992219, "lr": 0.590595861758878}, "datetime": {"datetime": "2024-06-13 22:59:31", "elapsed": 7.586232, "delta": 0.004986}}
{"target": -1649.2031381718195, "params": {"gamma": 7.901544890842957, "lr": 0.6015993359119542}, "datetime": {"datetime": "2024-06-13 22:59:31", "elapsed": 7.591218, "delta": 0.004986}}
{"target": -2557.08200904482, "params": {"gamma": 7.305156197867701, "lr": 0.023527914877828127}, "datetime": {"datetime": "2024-06-13 22:59:31", "elapsed": 7.597202, "delta": 0.005984}}
{"target": -908.4899800809188, "params": {"gamma": 2.5499809694961213, "lr": 0.04209175984237279}, "datetime": {"datetime": "2024-06-13 22:59:31", "elapsed": 7.601192, "delta": 0.00399}}
{"target": -1271.7965204456768, "params": {"gamma": 5.000623972289424, "lr": 0.9891402961407735}, "datetime": {"datetime": "2024-06-13 22:59:31", "elapsed": 7.606179, "delta": 0.004987}}
{"target": -150.18505848521457, "params": {"gamma": 0.1362915505440842, "lr": 0.4408790383372555}, "datetime": {"datetime": "2024-06-13 22:59:31", "elapsed": 7.611166, "delta": 0.004987}}
{"target": -148.6403180096544, "params": {"gamma": 0.0488593946407395, "lr": 0.6128886193293469}, "datetime": {"datetime": "2024-06-13 22:59:31", "elapsed": 7.616152, "delta": 0.004986}}
{"target": -425.23366734419255, "params": {"gamma": 1.8344039025545689, "lr": 0.7127417837905282}, "datetime": {"datetime": "2024-06-13 22:59:31", "elapsed": 7.621138, "delta": 0.004986}}
{"target": -392.8224966556776, "params": {"gamma": 1.5973254712175065, "lr": 0.8285756552303601}, "datetime": {"datetime": "2024-06-13 22:59:31", "elapsed": 7.625128, "delta": 0.00399}}
{"target": -483.9271639417991, "params": {"gamma": 2.0625754591785816, "lr": 0.35221627383195075}, "datetime": {"datetime": "2024-06-13 22:59:31", "elapsed": 7.630115, "delta": 0.004987}}
{"target": -548.9609909353087, "params": {"gamma": 2.3065541407607677, "lr": 0.8076844924516463}, "datetime": {"datetime": "2024-06-13 22:59:31", "elapsed": 7.635101, "delta": 0.004986}}
{"target": -1195.2193791388665, "params": {"gamma": 4.903209285941475, "lr": 0.8738335058866241}, "datetime": {"datetime": "2024-06-13 22:59:31", "elapsed": 7.640088, "delta": 0.004987}}
{"target": -295.0781930861423, "params": {"gamma": 1.3017296410083459, "lr": 0.4989581103650381}, "datetime": {"datetime": "2024-06-13 22:59:31", "elapsed": 7.645075, "delta": 0.004987}}
{"target": -1966.6088118448592, "params": {"gamma": 7.766359726186858, "lr": 0.9812101687911365}, "datetime": {"datetime": "2024-06-13 22:59:31", "elapsed": 7.650061, "delta": 0.004986}}
{"target": -2100.7791182811907, "params": {"gamma": 6.734103924215217, "lr": 0.18300117978695374}, "datetime": {"datetime": "2024-06-13 22:59:31", "elapsed": 7.654051, "delta": 0.00399}}
{"target": -2658.685251543272, "params": {"gamma": 7.597969782524479, "lr": 0.07463521512286109}, "datetime": {"datetime": "2024-06-13 22:59:31", "elapsed": 7.659038, "delta": 0.004987}}
{"target": -1761.3414736455038, "params": {"gamma": 7.62796186474408, "lr": 0.8278152309219722}, "datetime": {"datetime": "2024-06-13 22:59:31", "elapsed": 7.664024, "delta": 0.004986}}
{"target": -1134.722329896798, "params": {"gamma": 5.592537951402159, "lr": 0.49272082980822784}, "datetime": {"datetime": "2024-06-13 22:59:31", "elapsed": 7.66901, "delta": 0.004986}}
{"target": -3271.9544330251406, "params": {"gamma": 9.36533769934676, "lr": 9.695068767479054e-05}, "datetime": {"datetime": "2024-06-13 22:59:31", "elapsed": 7.673, "delta": 0.00399}}
{"target": -150.9517530547508, "params": {"gamma": 0.0966593768907281, "lr": 0.25195142314544017}, "datetime": {"datetime": "2024-06-13 22:59:31", "elapsed": 7.678984, "delta": 0.005984}}
{"target": -1069.8999123956721, "params": {"gamma": 5.057258956122923, "lr": 0.5404166504960898}, "datetime": {"datetime": "2024-06-13 22:59:31", "elapsed": 7.683971, "delta": 0.004987}}
{"target": -862.8561239148095, "params": {"gamma": 3.7135529478230405, "lr": 0.29271137519518675}, "datetime": {"datetime": "2024-06-13 22:59:31", "elapsed": 7.688957, "delta": 0.004986}}
{"target": -486.40559268948834, "params": {"gamma": 2.0244710973929743, "lr": 0.8002818943961242}, "datetime": {"datetime": "2024-06-13 22:59:31", "elapsed": 7.692947, "delta": 0.00399}}
{"target": -649.5408833911602, "params": {"gamma": 3.159913122914842, "lr": 0.492467985547119}, "datetime": {"datetime": "2024-06-13 22:59:31", "elapsed": 7.697933, "delta": 0.004986}}
{"target": -1692.866972614922, "params": {"gamma": 8.11309762614833, "lr": 0.6123589424601151}, "datetime": {"datetime": "2024-06-13 22:59:31", "elapsed": 7.70292, "delta": 0.004987}}
{"target": -1363.5553701146846, "params": {"gamma": 4.086676353275073, "lr": 0.17690422236042747}, "datetime": {"datetime": "2024-06-13 22:59:32", "elapsed": 7.707906, "delta": 0.004986}}
{"target": -811.7052933802728, "params": {"gamma": 3.977123246381154, "lr": 0.48521265373011824}, "datetime": {"datetime": "2024-06-13 22:59:32", "elapsed": 7.711896, "delta": 0.00399}}
{"target": -2453.3975606272948, "params": {"gamma": 9.905855341048484, "lr": 0.28419507592058557}, "datetime": {"datetime": "2024-06-13 22:59:32", "elapsed": 7.71788, "delta": 0.005984}}
{"target": -522.760706280728, "params": {"gamma": 1.6572311251158391, "lr": 0.22057551351544413}, "datetime": {"datetime": "2024-06-13 22:59:32", "elapsed": 7.721869, "delta": 0.003989}}
{"target": -758.6089774052763, "params": {"gamma": 2.115461976224172, "lr": 0.07604769057476157}, "datetime": {"datetime": "2024-06-13 22:59:32", "elapsed": 7.726856, "delta": 0.004987}}
{"target": -918.7067607208887, "params": {"gamma": 3.6497120765361126, "lr": 0.28473402479064247}, "datetime": {"datetime": "2024-06-13 22:59:32", "elapsed": 7.731842, "delta": 0.004986}}
{"target": -2052.01241814274, "params": {"gamma": 8.876000332641663, "lr": 0.780259609956419}, "datetime": {"datetime": "2024-06-13 22:59:32", "elapsed": 7.735832, "delta": 0.00399}}
{"target": -293.5260574523966, "params": {"gamma": 1.09154050351661, "lr": 0.8505034953674093}, "datetime": {"datetime": "2024-06-13 22:59:32", "elapsed": 7.740818, "delta": 0.004986}}
{"target": -282.2561489877135, "params": {"gamma": 1.0968764704846565, "lr": 0.7202077467752445}, "datetime": {"datetime": "2024-06-13 22:59:32", "elapsed": 7.745805, "delta": 0.004987}}
{"target": -2033.211958622357, "params": {"gamma": 5.728670154913063, "lr": 0.08680838426747961}, "datetime": {"datetime": "2024-06-13 22:59:32", "elapsed": 7.750792, "delta": 0.004987}}
{"target": -2194.441899767703, "params": {"gamma": 9.053375032737591, "lr": 0.8745665148853765}, "datetime": {"datetime": "2024-06-13 22:59:32", "elapsed": 7.755779, "delta": 0.004987}}
{"target": -1885.9737087911142, "params": {"gamma": 8.438673461887907, "lr": 0.3695673551173151}, "datetime": {"datetime": "2024-06-13 22:59:32", "elapsed": 7.759769, "delta": 0.00399}}
{"target": -581.1964670399462, "params": {"gamma": 2.2302911723421603, "lr": 0.9971116548587963}, "datetime": {"datetime": "2024-06-13 22:59:32", "elapsed": 7.764754, "delta": 0.004985}}
{"target": -2858.4132980157474, "params": {"gamma": 8.17356631642956, "lr": 0.042128160628106315}, "datetime": {"datetime": "2024-06-13 22:59:32", "elapsed": 7.769741, "delta": 0.004987}}
{"target": -870.9713113273925, "params": {"gamma": 3.733405500770418, "lr": 0.8121869757489847}, "datetime": {"datetime": "2024-06-13 22:59:32", "elapsed": 7.774728, "delta": 0.004987}}
{"target": -1537.1803860639875, "params": {"gamma": 5.284318582532073, "lr": 0.24713082560012845}, "datetime": {"datetime": "2024-06-13 22:59:32", "elapsed": 7.779715, "delta": 0.004987}}
{"target": -1968.1447888901641, "params": {"gamma": 7.9290864165444885, "lr": 0.2617510439444676}, "datetime": {"datetime": "2024-06-13 22:59:32", "elapsed": 7.784701, "delta": 0.004986}}
{"target": -150.42024117630618, "params": {"gamma": 0.00498340216746315, "lr": 0.23131891895573253}, "datetime": {"datetime": "2024-06-13 22:59:32", "elapsed": 7.789688, "delta": 0.004987}}
{"target": -2078.6448537918814, "params": {"gamma": 9.933709519335848, "lr": 0.6562008343421062}, "datetime": {"datetime": "2024-06-13 22:59:32", "elapsed": 7.794675, "delta": 0.004987}}
{"target": -505.2806559751258, "params": {"gamma": 2.20746055274965, "lr": 0.6861397019787449}, "datetime": {"datetime": "2024-06-13 22:59:32", "elapsed": 7.799661, "delta": 0.004986}}
{"target": -1443.148851237073, "params": {"gamma": 6.8696820453199665, "lr": 0.640742769936858}, "datetime": {"datetime": "2024-06-13 22:59:32", "elapsed": 7.804648, "delta": 0.004987}}
{"target": -247.60979211491258, "params": {"gamma": 0.7064146187020427, "lr": 0.2429641169892971}, "datetime": {"datetime": "2024-06-13 22:59:32", "elapsed": 7.809635, "delta": 0.004987}}
{"target": -1936.2758310650047, "params": {"gamma": 8.708501091076558, "lr": 0.7347408193015217}, "datetime": {"datetime": "2024-06-13 22:59:32", "elapsed": 7.814621, "delta": 0.004986}}
{"target": -410.349214203088, "params": {"gamma": 1.6789922438348501, "lr": 0.29858946127654595}, "datetime": {"datetime": "2024-06-13 22:59:32", "elapsed": 7.818611, "delta": 0.00399}}
{"target": -1302.9208006506205, "params": {"gamma": 5.627657565327734, "lr": 0.826445766022829}, "datetime": {"datetime": "2024-06-13 22:59:32", "elapsed": 7.823597, "delta": 0.004986}}
{"target": -709.5435581072144, "params": {"gamma": 2.0059625473387035, "lr": 0.10166529365348886}, "datetime": {"datetime": "2024-06-13 22:59:32", "elapsed": 7.828584, "delta": 0.004987}}
{"target": -975.8310210745086, "params": {"gamma": 3.8193070270168987, "lr": 0.912353469252759}, "datetime": {"datetime": "2024-06-13 22:59:32", "elapsed": 7.833571, "delta": 0.004987}}
{"target": -913.6071754942759, "params": {"gamma": 2.605874679054985, "lr": 0.10830435271308025}, "datetime": {"datetime": "2024-06-13 22:59:32", "elapsed": 7.83756, "delta": 0.003989}}
{"target": -191.35371263129656, "params": {"gamma": 0.56037370979255, "lr": 0.3516705558700568}, "datetime": {"datetime": "2024-06-13 22:59:32", "elapsed": 7.845539, "delta": 0.007979}}
{"target": -162.11825712663148, "params": {"gamma": 0.37723182573995767, "lr": 0.583033921230445}, "datetime": {"datetime": "2024-06-13 22:59:32", "elapsed": 7.854514, "delta": 0.008975}}
{"target": -1362.0839929838605, "params": {"gamma": 6.725895546392632, "lr": 0.46048358998473815}, "datetime": {"datetime": "2024-06-13 22:59:32", "elapsed": 7.859502, "delta": 0.004988}}
{"target": -1558.578597652158, "params": {"gamma": 7.411427420391562, "lr": 0.5010249644140818}, "datetime": {"datetime": "2024-06-13 22:59:32", "elapsed": 7.864488, "delta": 0.004986}}
{"target": -2038.8980738117339, "params": {"gamma": 7.023823855740785, "lr": 0.2306409059229675}, "datetime": {"datetime": "2024-06-13 22:59:32", "elapsed": 7.869475, "delta": 0.004987}}
{"target": -1565.8419042306866, "params": {"gamma": 7.446379482205204, "lr": 0.5016372020053996}, "datetime": {"datetime": "2024-06-13 22:59:32", "elapsed": 7.874461, "delta": 0.004986}}
{"target": -1427.9500218594053, "params": {"gamma": 7.053982930260369, "lr": 0.44669779031638923}, "datetime": {"datetime": "2024-06-13 22:59:32", "elapsed": 7.87845, "delta": 0.003989}}
{"target": -1778.0804520410713, "params": {"gamma": 5.059900155144239, "lr": 0.04153518297857339}, "datetime": {"datetime": "2024-06-13 22:59:32", "elapsed": 7.883437, "delta": 0.004987}}
{"target": -1645.764966913456, "params": {"gamma": 4.893603596752043, "lr": 0.14228750219732444}, "datetime": {"datetime": "2024-06-13 22:59:32", "elapsed": 7.888424, "delta": 0.004987}}
{"target": -328.29895343015403, "params": {"gamma": 1.425815973998472, "lr": 0.43335040255954493}, "datetime": {"datetime": "2024-06-13 22:59:32", "elapsed": 7.89341, "delta": 0.004986}}
{"target": -1306.6812063607379, "params": {"gamma": 5.762571683469249, "lr": 0.343048695191552}, "datetime": {"datetime": "2024-06-13 22:59:32", "elapsed": 7.898398, "delta": 0.004988}}
{"target": -383.1839599328724, "params": {"gamma": 1.6057554110518168, "lr": 0.7414104169799515}, "datetime": {"datetime": "2024-06-13 22:59:32", "elapsed": 7.903384, "delta": 0.004986}}
{"target": -2139.6347047263607, "params": {"gamma": 9.630952636256579, "lr": 0.7336422859505056}, "datetime": {"datetime": "2024-06-13 22:59:32", "elapsed": 7.908371, "delta": 0.004987}}
{"target": -229.76364758595315, "params": {"gamma": 0.7715652507427674, "lr": 0.8409081581252351}, "datetime": {"datetime": "2024-06-13 22:59:32", "elapsed": 7.913357, "delta": 0.004986}}
{"target": -200.00312862411766, "params": {"gamma": 0.6760729900832833, "lr": 0.4363120485992489}, "datetime": {"datetime": "2024-06-13 22:59:32", "elapsed": 7.918344, "delta": 0.004987}}
{"target": -2301.8945014247784, "params": {"gamma": 9.288699130413471, "lr": 0.26318010363654454}, "datetime": {"datetime": "2024-06-13 22:59:32", "elapsed": 7.923331, "delta": 0.004987}}
{"target": -321.65064877667834, "params": {"gamma": 1.2804037657560603, "lr": 0.7622387720608016}, "datetime": {"datetime": "2024-06-13 22:59:32", "elapsed": 7.928317, "delta": 0.004986}}
{"target": -2082.1822262698893, "params": {"gamma": 9.286152605869912, "lr": 0.32576842070431766}, "datetime": {"datetime": "2024-06-13 22:59:32", "elapsed": 7.932306, "delta": 0.003989}}
{"target": -737.4342537255789, "params": {"gamma": 2.3253485203555204, "lr": 0.1824854764117131}, "datetime": {"datetime": "2024-06-13 22:59:32", "elapsed": 7.937296, "delta": 0.00499}}
{"target": -2014.0779182669157, "params": {"gamma": 9.632391991118075, "lr": 0.5766346346502746}, "datetime": {"datetime": "2024-06-13 22:59:32", "elapsed": 7.942284, "delta": 0.004988}}
{"target": -1929.7706756205841, "params": {"gamma": 8.601017631330931, "lr": 0.3083449860518661}, "datetime": {"datetime": "2024-06-13 22:59:32", "elapsed": 7.948266, "delta": 0.005982}}
{"target": -181.25532320974838, "params": {"gamma": 0.5653078671540508, "lr": 0.45380418511530174}, "datetime": {"datetime": "2024-06-13 22:59:32", "elapsed": 7.952256, "delta": 0.00399}}
{"target": -458.05574833406985, "params": {"gamma": 2.0718938489778145, "lr": 0.5189836643290452}, "datetime": {"datetime": "2024-06-13 22:59:32", "elapsed": 7.957243, "delta": 0.004987}}
{"target": -1240.6224420086203, "params": {"gamma": 5.3803383685417385, "lr": 0.2942882172433129}, "datetime": {"datetime": "2024-06-13 22:59:32", "elapsed": 7.962229, "delta": 0.004986}}
{"target": -1090.1329078002, "params": {"gamma": 3.0752313679559293, "lr": 0.024173672214832798}, "datetime": {"datetime": "2024-06-13 22:59:32", "elapsed": 7.967216, "delta": 0.004987}}
{"target": -952.9139037682124, "params": {"gamma": 4.204599737289876, "lr": 0.3236894136587639}, "datetime": {"datetime": "2024-06-13 22:59:32", "elapsed": 7.972203, "delta": 0.004987}}
{"target": -1506.0255936448057, "params": {"gamma": 6.1952817624864025, "lr": 0.8597630666919952}, "datetime": {"datetime": "2024-06-13 22:59:32", "elapsed": 7.97719, "delta": 0.004987}}
{"target": -1731.9497821224834, "params": {"gamma": 4.926911767488365, "lr": 0.0827082980318894}, "datetime": {"datetime": "2024-06-13 22:59:32", "elapsed": 7.981178, "delta": 0.003988}}
{"target": -2153.577924929348, "params": {"gamma": 9.334871102884591, "lr": 0.8083269668547564}, "datetime": {"datetime": "2024-06-13 22:59:32", "elapsed": 7.986165, "delta": 0.004987}}
{"target": -831.5369361821107, "params": {"gamma": 3.6558227125345977, "lr": 0.3307289110251447}, "datetime": {"datetime": "2024-06-13 22:59:32", "elapsed": 7.991152, "delta": 0.004987}}
{"target": -2094.771755627048, "params": {"gamma": 9.379402853367585, "lr": 0.37489434056111615}, "datetime": {"datetime": "2024-06-13 22:59:32", "elapsed": 7.996139, "delta": 0.004987}}
{"target": -1612.7372665386526, "params": {"gamma": 6.358386384013082, "lr": 0.9853443380985734}, "datetime": {"datetime": "2024-06-13 22:59:32", "elapsed": 8.001126, "delta": 0.004987}}
{"target": -168.89483051599464, "params": {"gamma": 0.36836090554034395, "lr": 0.3146309781487783}, "datetime": {"datetime": "2024-06-13 22:59:32", "elapsed": 8.006112, "delta": 0.004986}}
{"target": -601.54604038581, "params": {"gamma": 2.313125983692789, "lr": 0.9223654191512636}, "datetime": {"datetime": "2024-06-13 22:59:32", "elapsed": 8.011099, "delta": 0.004987}}
{"target": -1934.8536776315707, "params": {"gamma": 5.511816168783595, "lr": 0.05371353840991677}, "datetime": {"datetime": "2024-06-13 22:59:32", "elapsed": 8.016085, "delta": 0.004986}}
{"target": -1668.115150415233, "params": {"gamma": 7.552727246484496, "lr": 0.6840838213346168}, "datetime": {"datetime": "2024-06-13 22:59:32", "elapsed": 8.020074, "delta": 0.003989}}
{"target": -1678.9959746429884, "params": {"gamma": 6.622078860248277, "lr": 0.9557287749268826}, "datetime": {"datetime": "2024-06-13 22:59:32", "elapsed": 8.025061, "delta": 0.004987}}
{"target": -1995.9160284589193, "params": {"gamma": 8.746141385554216, "lr": 0.7532514851657419}, "datetime": {"datetime": "2024-06-13 22:59:32", "elapsed": 8.030048, "delta": 0.004987}}
{"target": -758.3810063541684, "params": {"gamma": 2.2274368777620133, "lr": 0.13801496204321861}, "datetime": {"datetime": "2024-06-13 22:59:32", "elapsed": 8.035042, "delta": 0.004994}}
{"target": -687.6987054696746, "params": {"gamma": 2.2096624750777165, "lr": 0.2055098610936521}, "datetime": {"datetime": "2024-06-13 22:59:32", "elapsed": 8.040024, "delta": 0.004982}}
