{"target": -964.9920899941364, "params": {"gamma": 4.797895932924502, "lr": 0.9466766792396476}, "datetime": {"datetime": "2024-06-13 20:37:13", "elapsed": 3.081332, "delta": 0.00399}}
{"target": -1378.9937535991653, "params": {"gamma": 5.53478362877641, "lr": 0.08480182166035288}, "datetime": {"datetime": "2024-06-13 20:37:13", "elapsed": 3.085321, "delta": 0.003989}}
{"target": -409.4297188909143, "params": {"gamma": 2.0254278937096815, "lr": 0.8542379729163827}, "datetime": {"datetime": "2024-06-13 20:37:13", "elapsed": 3.089311, "delta": 0.00399}}
{"target": -1411.9746881143844, "params": {"gamma": 7.0595677402804276, "lr": 0.8949395201529242}, "datetime": {"datetime": "2024-06-13 20:37:13", "elapsed": 3.0933, "delta": 0.003989}}
{"target": -564.8719876503749, "params": {"gamma": 3.2921308719412035, "lr": 0.5280013966376261}, "datetime": {"datetime": "2024-06-13 20:37:14", "elapsed": 3.09729, "delta": 0.00399}}
{"target": -1119.2684549852843, "params": {"gamma": 6.504330926708715, "lr": 0.5942908535866644}, "datetime": {"datetime": "2024-06-13 20:37:14", "elapsed": 3.101278, "delta": 0.003988}}
{"target": -393.5766005972852, "params": {"gamma": 2.315397892406944, "lr": 0.4268213494482356}, "datetime": {"datetime": "2024-06-13 20:37:14", "elapsed": 3.105268, "delta": 0.00399}}
{"target": -493.832538658516, "params": {"gamma": 2.481866529137688, "lr": 0.8456149622311454}, "datetime": {"datetime": "2024-06-13 20:37:14", "elapsed": 3.109257, "delta": 0.003989}}
{"target": -2449.574733245359, "params": {"gamma": 9.866787772235858, "lr": 0.06657080313237929}, "datetime": {"datetime": "2024-06-13 20:37:14", "elapsed": 3.113247, "delta": 0.00399}}
{"target": -1292.616399109276, "params": {"gamma": 7.139566394637347, "lr": 0.3301155521990743}, "datetime": {"datetime": "2024-06-13 20:37:14", "elapsed": 3.117236, "delta": 0.003989}}
{"target": -1249.9133211653523, "params": {"gamma": 6.254728347736019, "lr": 0.258129649281871}, "datetime": {"datetime": "2024-06-13 20:37:14", "elapsed": 3.121225, "delta": 0.003989}}
{"target": -1114.8731457658735, "params": {"gamma": 6.510425085475643, "lr": 0.37114718446272954}, "datetime": {"datetime": "2024-06-13 20:37:14", "elapsed": 3.125214, "delta": 0.003989}}
{"target": -601.6827137781903, "params": {"gamma": 2.9489139744901, "lr": 0.9117631736977988}, "datetime": {"datetime": "2024-06-13 20:37:14", "elapsed": 3.129204, "delta": 0.00399}}
{"target": -1648.4900849491844, "params": {"gamma": 9.425046243387849, "lr": 0.6135500265601355}, "datetime": {"datetime": "2024-06-13 20:37:14", "elapsed": 3.133193, "delta": 0.003989}}
{"target": -446.18035171142407, "params": {"gamma": 2.1454633405260957, "lr": 0.9394188709061594}, "datetime": {"datetime": "2024-06-13 20:37:14", "elapsed": 3.137183, "delta": 0.00399}}
{"target": -1436.5807592556243, "params": {"gamma": 7.504785013686519, "lr": 0.7510898073228061}, "datetime": {"datetime": "2024-06-13 20:37:14", "elapsed": 3.141172, "delta": 0.003989}}
{"target": -420.5747091525763, "params": {"gamma": 2.1180016271500137, "lr": 0.8301565261622993}, "datetime": {"datetime": "2024-06-13 20:37:14", "elapsed": 3.145161, "delta": 0.003989}}
{"target": -435.8986525778088, "params": {"gamma": 2.4017114464579397, "lr": 0.6316207452501602}, "datetime": {"datetime": "2024-06-13 20:37:14", "elapsed": 3.14915, "delta": 0.003989}}
{"target": -1319.7605805536618, "params": {"gamma": 7.107684959425964, "lr": 0.7423834297071017}, "datetime": {"datetime": "2024-06-13 20:37:14", "elapsed": 3.15314, "delta": 0.00399}}
{"target": -754.2052176051536, "params": {"gamma": 3.9032567812912102, "lr": 0.7598253967160974}, "datetime": {"datetime": "2024-06-13 20:37:14", "elapsed": 3.157129, "delta": 0.003989}}
{"target": -1548.2691078670923, "params": {"gamma": 9.029456085314978, "lr": 0.5874200192375769}, "datetime": {"datetime": "2024-06-13 20:37:14", "elapsed": 3.161118, "delta": 0.003989}}
{"target": -240.77072877318776, "params": {"gamma": 0.9050067472322914, "lr": 0.12897598414227607}, "datetime": {"datetime": "2024-06-13 20:37:14", "elapsed": 3.165108, "delta": 0.00399}}
{"target": -274.4821512665532, "params": {"gamma": 1.0535200041012063, "lr": 0.17272746332288003}, "datetime": {"datetime": "2024-06-13 20:37:14", "elapsed": 3.169097, "delta": 0.003989}}
{"target": -269.9489859374873, "params": {"gamma": 1.2651824720065605, "lr": 0.7783008900676276}, "datetime": {"datetime": "2024-06-13 20:37:14", "elapsed": 3.173086, "delta": 0.003989}}
{"target": -152.80028116386862, "params": {"gamma": 0.39507571033225836, "lr": 0.24155841734086403}, "datetime": {"datetime": "2024-06-13 20:37:14", "elapsed": 3.177076, "delta": 0.00399}}
{"target": -1754.5659740492536, "params": {"gamma": 8.790784947183296, "lr": 0.9735188608362936}, "datetime": {"datetime": "2024-06-13 20:37:14", "elapsed": 3.181066, "delta": 0.00399}}
{"target": -1213.2276438362417, "params": {"gamma": 6.054614655262755, "lr": 0.9762382645603884}, "datetime": {"datetime": "2024-06-13 20:37:14", "elapsed": 3.185054, "delta": 0.003988}}
{"target": -157.36453539110587, "params": {"gamma": 0.43547196560805285, "lr": 0.9485727683760076}, "datetime": {"datetime": "2024-06-13 20:37:14", "elapsed": 3.189044, "delta": 0.00399}}
{"target": -605.7514242249406, "params": {"gamma": 3.113649528479215, "lr": 0.798972840361593}, "datetime": {"datetime": "2024-06-13 20:37:14", "elapsed": 3.193033, "delta": 0.003989}}
{"target": -1574.6612716935444, "params": {"gamma": 8.106480405365568, "lr": 0.8599985915803449}, "datetime": {"datetime": "2024-06-13 20:37:14", "elapsed": 3.197023, "delta": 0.00399}}
{"target": -923.2053993636548, "params": {"gamma": 4.586049558214109, "lr": 0.9306443921654484}, "datetime": {"datetime": "2024-06-13 20:37:14", "elapsed": 3.201012, "delta": 0.003989}}
{"target": -529.8700658977546, "params": {"gamma": 2.579671951285972, "lr": 0.9344454925295846}, "datetime": {"datetime": "2024-06-13 20:37:14", "elapsed": 3.205001, "delta": 0.003989}}
{"target": -1240.3055881953937, "params": {"gamma": 6.191577212883354, "lr": 0.9854449149448306}, "datetime": {"datetime": "2024-06-13 20:37:14", "elapsed": 3.208991, "delta": 0.00399}}
{"target": -145.63374599670902, "params": {"gamma": 0.3274060157599613, "lr": 0.7251666588327084}, "datetime": {"datetime": "2024-06-13 20:37:14", "elapsed": 3.21298, "delta": 0.003989}}
{"target": -929.0237005726902, "params": {"gamma": 5.655976799568431, "lr": 0.4924240473983196}, "datetime": {"datetime": "2024-06-13 20:37:14", "elapsed": 3.216969, "delta": 0.003989}}
{"target": -481.57640609501743, "params": {"gamma": 2.5929220383817193, "lr": 0.3268306848663751}, "datetime": {"datetime": "2024-06-13 20:37:14", "elapsed": 3.220959, "delta": 0.00399}}
{"target": -598.3930172291484, "params": {"gamma": 2.495372604807176, "lr": 0.21926791032506077}, "datetime": {"datetime": "2024-06-13 20:37:14", "elapsed": 3.224948, "delta": 0.003989}}
{"target": -1344.153660855108, "params": {"gamma": 7.996808714410864, "lr": 0.5023950058982584}, "datetime": {"datetime": "2024-06-13 20:37:14", "elapsed": 3.228937, "delta": 0.003989}}
{"target": -201.6245409510696, "params": {"gamma": 0.8328156970812803, "lr": 0.7769841920273803}, "datetime": {"datetime": "2024-06-13 20:37:14", "elapsed": 3.232927, "delta": 0.00399}}
{"target": -995.267881147163, "params": {"gamma": 5.336957111761226, "lr": 0.739387787346382}, "datetime": {"datetime": "2024-06-13 20:37:14", "elapsed": 3.236916, "delta": 0.003989}}
{"target": -873.0582732035767, "params": {"gamma": 5.154421537738071, "lr": 0.39994592398513173}, "datetime": {"datetime": "2024-06-13 20:37:14", "elapsed": 3.240905, "delta": 0.003989}}
{"target": -2448.511109657274, "params": {"gamma": 9.862481577580514, "lr": 0.02824262016291268}, "datetime": {"datetime": "2024-06-13 20:37:14", "elapsed": 3.244894, "delta": 0.003989}}
{"target": -1860.8455894044337, "params": {"gamma": 9.327706315740619, "lr": 0.930854967759968}, "datetime": {"datetime": "2024-06-13 20:37:14", "elapsed": 3.248884, "delta": 0.00399}}
{"target": -931.331012325015, "params": {"gamma": 3.909796196303079, "lr": 0.2144648711333198}, "datetime": {"datetime": "2024-06-13 20:37:14", "elapsed": 3.252873, "delta": 0.003989}}
{"target": -1498.6755527770727, "params": {"gamma": 6.192513766034457, "lr": 0.17797233547016944}, "datetime": {"datetime": "2024-06-13 20:37:14", "elapsed": 3.256863, "delta": 0.00399}}
{"target": -1600.9392814157886, "params": {"gamma": 8.032278735085756, "lr": 0.2539338558777352}, "datetime": {"datetime": "2024-06-13 20:37:14", "elapsed": 3.26077, "delta": 0.003907}}
{"target": -593.8546683021696, "params": {"gamma": 2.9087707441717465, "lr": 0.915915790009957}, "datetime": {"datetime": "2024-06-13 20:37:14", "elapsed": 3.264759, "delta": 0.003989}}
{"target": -1515.519460223823, "params": {"gamma": 9.029265417910615, "lr": 0.5353808917305217}, "datetime": {"datetime": "2024-06-13 20:37:14", "elapsed": 3.268777, "delta": 0.004018}}
{"target": -1490.0408279366295, "params": {"gamma": 8.628526966805577, "lr": 0.3525325688050618}, "datetime": {"datetime": "2024-06-13 20:37:14", "elapsed": 3.272765, "delta": 0.003988}}
{"target": -1641.2473808088087, "params": {"gamma": 9.978844897970799, "lr": 0.433689739404977}, "datetime": {"datetime": "2024-06-13 20:37:14", "elapsed": 3.276726, "delta": 0.003961}}
{"target": -742.4122891797891, "params": {"gamma": 2.948825305973155, "lr": 0.04157423394916726}, "datetime": {"datetime": "2024-06-13 20:37:14", "elapsed": 3.281713, "delta": 0.004987}}
{"target": -1617.988969405249, "params": {"gamma": 9.897079830913631, "lr": 0.4648876309118224}, "datetime": {"datetime": "2024-06-13 20:37:14", "elapsed": 3.285833, "delta": 0.00412}}
{"target": -1287.2548547974995, "params": {"gamma": 7.346115555489657, "lr": 0.6408076240458747}, "datetime": {"datetime": "2024-06-13 20:37:14", "elapsed": 3.290327, "delta": 0.004494}}
{"target": -1798.606737746933, "params": {"gamma": 7.231210903260432, "lr": 0.05111090382611627}, "datetime": {"datetime": "2024-06-13 20:37:14", "elapsed": 3.294316, "delta": 0.003989}}
{"target": -1835.672002257974, "params": {"gamma": 9.200534008691728, "lr": 0.9268412179022415}, "datetime": {"datetime": "2024-06-13 20:37:14", "elapsed": 3.298305, "delta": 0.003989}}
{"target": -1107.648697613016, "params": {"gamma": 5.520398276514817, "lr": 0.963915888684551}, "datetime": {"datetime": "2024-06-13 20:37:14", "elapsed": 3.302295, "delta": 0.00399}}
{"target": -505.0478018358213, "params": {"gamma": 2.8102744143666842, "lr": 0.6021466271365452}, "datetime": {"datetime": "2024-06-13 20:37:14", "elapsed": 3.306284, "delta": 0.003989}}
{"target": -702.9429469318325, "params": {"gamma": 3.9652304378361865, "lr": 0.6280232317552282}, "datetime": {"datetime": "2024-06-13 20:37:14", "elapsed": 3.310273, "delta": 0.003989}}
{"target": -584.0997644698107, "params": {"gamma": 3.0070222529489574, "lr": 0.8193583846560202}, "datetime": {"datetime": "2024-06-13 20:37:14", "elapsed": 3.314263, "delta": 0.00399}}
{"target": -210.62205536159223, "params": {"gamma": 0.6987899990635812, "lr": 0.04187757029999628}, "datetime": {"datetime": "2024-06-13 20:37:14", "elapsed": 3.318252, "delta": 0.003989}}
{"target": -169.0884516363407, "params": {"gamma": 0.49491444994850975, "lr": 0.15045502836766345}, "datetime": {"datetime": "2024-06-13 20:37:14", "elapsed": 3.322242, "delta": 0.00399}}
{"target": -798.7272851067443, "params": {"gamma": 3.954109387473109, "lr": 0.9553899892571747}, "datetime": {"datetime": "2024-06-13 20:37:14", "elapsed": 3.32623, "delta": 0.003988}}
{"target": -227.53660873162983, "params": {"gamma": 1.1088436015198657, "lr": 0.6475529858164272}, "datetime": {"datetime": "2024-06-13 20:37:14", "elapsed": 3.33022, "delta": 0.00399}}
{"target": -917.060030199558, "params": {"gamma": 5.276687463055037, "lr": 0.353242405983059}, "datetime": {"datetime": "2024-06-13 20:37:14", "elapsed": 3.334209, "delta": 0.003989}}
{"target": -478.89313374465206, "params": {"gamma": 1.9827940939725983, "lr": 0.22059408184733575}, "datetime": {"datetime": "2024-06-13 20:37:14", "elapsed": 3.338199, "delta": 0.00399}}
{"target": -152.15920860733627, "params": {"gamma": 0.4391712757617422, "lr": 0.7131639731598145}, "datetime": {"datetime": "2024-06-13 20:37:14", "elapsed": 3.342188, "delta": 0.003989}}
{"target": -1078.8574046183383, "params": {"gamma": 6.538748151763354, "lr": 0.4437697927247224}, "datetime": {"datetime": "2024-06-13 20:37:14", "elapsed": 3.346177, "delta": 0.003989}}
{"target": -1782.1116799020715, "params": {"gamma": 7.189675941410347, "lr": 0.10997597244532042}, "datetime": {"datetime": "2024-06-13 20:37:14", "elapsed": 3.350167, "delta": 0.00399}}
{"target": -1806.9312665908924, "params": {"gamma": 9.387253014515942, "lr": 0.8476267092393875}, "datetime": {"datetime": "2024-06-13 20:37:14", "elapsed": 3.354156, "delta": 0.003989}}
{"target": -1111.9948627534736, "params": {"gamma": 6.590697560999168, "lr": 0.37883116866173183}, "datetime": {"datetime": "2024-06-13 20:37:14", "elapsed": 3.358145, "delta": 0.003989}}
{"target": -687.5837244025514, "params": {"gamma": 4.16625072341846, "lr": 0.48215392215746744}, "datetime": {"datetime": "2024-06-13 20:37:14", "elapsed": 3.362135, "delta": 0.00399}}
{"target": -1814.4565742383222, "params": {"gamma": 9.352902416297999, "lr": 0.8635929549181026}, "datetime": {"datetime": "2024-06-13 20:37:14", "elapsed": 3.366124, "delta": 0.003989}}
{"target": -809.2730933611648, "params": {"gamma": 4.779760568316378, "lr": 0.554518498278167}, "datetime": {"datetime": "2024-06-13 20:37:14", "elapsed": 3.371111, "delta": 0.004987}}
{"target": -1747.3173106476715, "params": {"gamma": 8.754163218930938, "lr": 0.9492644337722901}, "datetime": {"datetime": "2024-06-13 20:37:14", "elapsed": 3.374103, "delta": 0.002992}}
{"target": -1188.592462488889, "params": {"gamma": 6.392208373926592, "lr": 0.7485203200897537}, "datetime": {"datetime": "2024-06-13 20:37:14", "elapsed": 3.378092, "delta": 0.003989}}
{"target": -712.8263972161585, "params": {"gamma": 3.516897438698066, "lr": 0.91802831908618}, "datetime": {"datetime": "2024-06-13 20:37:14", "elapsed": 3.382081, "delta": 0.003989}}
{"target": -1404.3387477941149, "params": {"gamma": 8.367683746488458, "lr": 0.5520558812247628}, "datetime": {"datetime": "2024-06-13 20:37:14", "elapsed": 3.387068, "delta": 0.004987}}
{"target": -1671.2045634364372, "params": {"gamma": 8.676404468942122, "lr": 0.8498718814403323}, "datetime": {"datetime": "2024-06-13 20:37:14", "elapsed": 3.391065, "delta": 0.003997}}
{"target": -1886.6587111066074, "params": {"gamma": 8.084305154704811, "lr": 0.13069282439738805}, "datetime": {"datetime": "2024-06-13 20:37:14", "elapsed": 3.395049, "delta": 0.003984}}
{"target": -1076.0595285050142, "params": {"gamma": 5.3604897456433, "lr": 0.900783114706916}, "datetime": {"datetime": "2024-06-13 20:37:14", "elapsed": 3.399038, "delta": 0.003989}}
{"target": -1270.1133035615069, "params": {"gamma": 7.70854747370775, "lr": 0.4207131990251918}, "datetime": {"datetime": "2024-06-13 20:37:14", "elapsed": 3.403029, "delta": 0.003991}}
{"target": -1945.8756536168871, "params": {"gamma": 9.778826053206298, "lr": 0.25077315667300226}, "datetime": {"datetime": "2024-06-13 20:37:14", "elapsed": 3.407017, "delta": 0.003988}}
{"target": -677.511782359897, "params": {"gamma": 3.336768678250129, "lr": 0.954200507429589}, "datetime": {"datetime": "2024-06-13 20:37:14", "elapsed": 3.411006, "delta": 0.003989}}
{"target": -1615.3411768205376, "params": {"gamma": 8.087344766504712, "lr": 0.9003400045106619}, "datetime": {"datetime": "2024-06-13 20:37:14", "elapsed": 3.414995, "delta": 0.003989}}
{"target": -143.57074756153793, "params": {"gamma": 0.11688430450954196, "lr": 0.37976443303399476}, "datetime": {"datetime": "2024-06-13 20:37:14", "elapsed": 3.418985, "delta": 0.00399}}
{"target": -453.81677704785415, "params": {"gamma": 2.355984044142083, "lr": 0.2959350518874113}, "datetime": {"datetime": "2024-06-13 20:37:14", "elapsed": 3.422974, "delta": 0.003989}}
{"target": -1373.3309054242911, "params": {"gamma": 7.380216968542006, "lr": 0.7240848448640741}, "datetime": {"datetime": "2024-06-13 20:37:14", "elapsed": 3.426964, "delta": 0.00399}}
{"target": -795.4575403507346, "params": {"gamma": 4.618532302580416, "lr": 0.3652744612070937}, "datetime": {"datetime": "2024-06-13 20:37:14", "elapsed": 3.431951, "delta": 0.004987}}
{"target": -987.4975974892444, "params": {"gamma": 5.847331438432254, "lr": 0.5337077546342763}, "datetime": {"datetime": "2024-06-13 20:37:14", "elapsed": 3.435939, "delta": 0.003988}}
{"target": -969.1610668770694, "params": {"gamma": 5.5062450105196135, "lr": 0.6154770711146578}, "datetime": {"datetime": "2024-06-13 20:37:14", "elapsed": 3.439929, "delta": 0.00399}}
{"target": -764.3574307445182, "params": {"gamma": 3.957087074403221, "lr": 0.7717184824154584}, "datetime": {"datetime": "2024-06-13 20:37:14", "elapsed": 3.443918, "delta": 0.003989}}
{"target": -454.0099527895245, "params": {"gamma": 2.512780630310517, "lr": 0.655760767903366}, "datetime": {"datetime": "2024-06-13 20:37:14", "elapsed": 3.447908, "delta": 0.00399}}
{"target": -2384.6693436129744, "params": {"gamma": 9.604011085051962, "lr": 0.0035547604644260433}, "datetime": {"datetime": "2024-06-13 20:37:14", "elapsed": 3.451897, "delta": 0.003989}}
{"target": -1793.0308193861035, "params": {"gamma": 7.233887082898668, "lr": 0.10899503392964371}, "datetime": {"datetime": "2024-06-13 20:37:14", "elapsed": 3.455886, "delta": 0.003989}}
{"target": -957.4060885113029, "params": {"gamma": 5.438331129146589, "lr": 0.6269160166803346}, "datetime": {"datetime": "2024-06-13 20:37:14", "elapsed": 3.459876, "delta": 0.00399}}
{"target": -500.95285682587127, "params": {"gamma": 2.4302283105822404, "lr": 0.9138438752466082}, "datetime": {"datetime": "2024-06-13 20:37:14", "elapsed": 3.464863, "delta": 0.004987}}
{"target": -1468.8016572863141, "params": {"gamma": 6.223502974387487, "lr": 0.23169469139485988}, "datetime": {"datetime": "2024-06-13 20:37:14", "elapsed": 3.468851, "delta": 0.003988}}
{"target": -1908.5356260357787, "params": {"gamma": 7.701551743810476, "lr": 0.10550707999733477}, "datetime": {"datetime": "2024-06-13 20:37:14", "elapsed": 3.472841, "delta": 0.00399}}
{"target": -1383.4164810140953, "params": {"gamma": 5.552697959994914, "lr": 0.0949560698024915}, "datetime": {"datetime": "2024-06-13 20:37:14", "elapsed": 3.47683, "delta": 0.003989}}
{"target": -1162.158031230308, "params": {"gamma": 5.810259742677521, "lr": 0.2529801127201884}, "datetime": {"datetime": "2024-06-13 20:37:14", "elapsed": 3.48082, "delta": 0.00399}}
{"target": -1210.5412284240824, "params": {"gamma": 6.495018612739509, "lr": 0.71582695285818}, "datetime": {"datetime": "2024-06-13 20:37:14", "elapsed": 3.484809, "delta": 0.003989}}
{"target": -922.8012513984478, "params": {"gamma": 5.242331960072044, "lr": 0.6575214077031101}, "datetime": {"datetime": "2024-06-13 20:37:14", "elapsed": 3.488798, "delta": 0.003989}}
{"target": -1548.4991808292714, "params": {"gamma": 8.133125159405232, "lr": 0.8075122716430321}, "datetime": {"datetime": "2024-06-13 20:37:14", "elapsed": 3.49279, "delta": 0.003992}}
{"target": -1016.889574410319, "params": {"gamma": 6.197200238546574, "lr": 0.45110246212077487}, "datetime": {"datetime": "2024-06-13 20:37:14", "elapsed": 3.496779, "delta": 0.003989}}
{"target": -801.8333948648124, "params": {"gamma": 4.080091940484627, "lr": 0.8747476199043634}, "datetime": {"datetime": "2024-06-13 20:37:14", "elapsed": 3.500768, "delta": 0.003989}}
{"target": -1665.2451588567415, "params": {"gamma": 7.029614389411599, "lr": 0.18493502237340165}, "datetime": {"datetime": "2024-06-13 20:37:14", "elapsed": 3.504758, "delta": 0.00399}}
{"target": -1134.788680016923, "params": {"gamma": 5.657755734146004, "lr": 0.9088080323000569}, "datetime": {"datetime": "2024-06-13 20:37:14", "elapsed": 3.509289, "delta": 0.004531}}
{"target": -316.1410836324866, "params": {"gamma": 1.5077492324904636, "lr": 0.8455176755307064}, "datetime": {"datetime": "2024-06-13 20:37:14", "elapsed": 3.513276, "delta": 0.003987}}
{"target": -1342.5916173014361, "params": {"gamma": 8.202204460687183, "lr": 0.4993411012978345}, "datetime": {"datetime": "2024-06-13 20:37:14", "elapsed": 3.517265, "delta": 0.003989}}
{"target": -153.74235080985153, "params": {"gamma": 0.37680093100554635, "lr": 0.14750250539693543}, "datetime": {"datetime": "2024-06-13 20:37:14", "elapsed": 3.521255, "delta": 0.00399}}
{"target": -2291.4161871683054, "params": {"gamma": 9.226464308192023, "lr": 0.04415479603186245}, "datetime": {"datetime": "2024-06-13 20:37:14", "elapsed": 3.525244, "delta": 0.003989}}
{"target": -661.7055531275379, "params": {"gamma": 3.7256151652871896, "lr": 0.6190396347254709}, "datetime": {"datetime": "2024-06-13 20:37:14", "elapsed": 3.529233, "delta": 0.003989}}
{"target": -412.76858259963126, "params": {"gamma": 1.9702834411012529, "lr": 0.9810797572402973}, "datetime": {"datetime": "2024-06-13 20:37:14", "elapsed": 3.533223, "delta": 0.00399}}
{"target": -286.4821249197487, "params": {"gamma": 1.5605963552011808, "lr": 0.5396791951612744}, "datetime": {"datetime": "2024-06-13 20:37:14", "elapsed": 3.538209, "delta": 0.004986}}
{"target": -1458.6966158060563, "params": {"gamma": 6.180495232142101, "lr": 0.2309899486697039}, "datetime": {"datetime": "2024-06-13 20:37:14", "elapsed": 3.542007, "delta": 0.003798}}
{"target": -768.0867055103487, "params": {"gamma": 4.663623583104205, "lr": 0.49100852913292925}, "datetime": {"datetime": "2024-06-13 20:37:14", "elapsed": 3.5461, "delta": 0.004093}}
{"target": -1343.9062560781317, "params": {"gamma": 7.668856900889094, "lr": 0.6342807527738734}, "datetime": {"datetime": "2024-06-13 20:37:14", "elapsed": 3.550208, "delta": 0.004108}}
{"target": -865.2252235326289, "params": {"gamma": 4.676032980600331, "lr": 0.6669425431939752}, "datetime": {"datetime": "2024-06-13 20:37:14", "elapsed": 3.554283, "delta": 0.004075}}
