{"target": -128.89088108767172, "params": {"gamma": 0.8779812515700798, "prior": 0.6694426869688446, "rate": 5.012510444795621}, "datetime": {"datetime": "2024-06-14 18:21:18", "elapsed": 650.195927, "delta": 24.379591}}
{"target": -128.9499979958822, "params": {"gamma": 1.012660109646778, "prior": 3.823650713941565, "rate": 6.276834706638306}, "datetime": {"datetime": "2024-06-14 18:22:00", "elapsed": 692.046642, "delta": 41.850715}}
{"target": -128.99061211983505, "params": {"gamma": 0.974802507542419, "prior": 2.9460410455543657, "rate": 4.73960322310539}, "datetime": {"datetime": "2024-06-14 18:22:44", "elapsed": 736.406572, "delta": 44.35993}}
{"target": -128.78439441483332, "params": {"gamma": 0.9543570685014748, "prior": 1.8150239549118379, "rate": 5.809524926352801}, "datetime": {"datetime": "2024-06-14 18:23:13", "elapsed": 765.273876, "delta": 28.867304}}
{"target": -128.82965297649898, "params": {"gamma": 0.9259299602625325, "prior": 1.944743523152433, "rate": 9.953914392533699}, "datetime": {"datetime": "2024-06-14 18:23:38", "elapsed": 789.903161, "delta": 24.629285}}
