{"target": -456.0336586985874, "params": {"gamma": 2.2274368777620133, "lr": 0.13801496204321861}, "datetime": {"datetime": "2024-06-13 14:28:21", "elapsed": 8.06966, "delta": 0.004986}}
{"target": -365.47723004846756, "params": {"gamma": 2.2096624750777165, "lr": 0.2055098610936521}, "datetime": {"datetime": "2024-06-13 14:28:21", "elapsed": 8.074647, "delta": 0.004987}}
{"target": -1383.9619256016297, "params": {"gamma": 5.680077493599765, "lr": 0.6630438231677197}, "datetime": {"datetime": "2024-06-13 14:28:21", "elapsed": 8.079634, "delta": 0.004987}}
{"target": -2221.3876584991513, "params": {"gamma": 5.274647786496121, "lr": 0.05634939173447451}, "datetime": {"datetime": "2024-06-13 14:28:21", "elapsed": 8.08462, "delta": 0.004986}}
{"target": -1179.469978516553, "params": {"gamma": 3.6322627869363457, "lr": 0.9677274091080609}, "datetime": {"datetime": "2024-06-13 14:28:21", "elapsed": 8.089607, "delta": 0.004987}}
{"target": -1082.4552252867934, "params": {"gamma": 6.955420242475687, "lr": 0.36973977954151527}, "datetime": {"datetime": "2024-06-13 14:28:21", "elapsed": 8.094593, "delta": 0.004986}}
{"target": -1052.46579356049, "params": {"gamma": 6.716589859874733, "lr": 0.26510969397346273}, "datetime": {"datetime": "2024-06-13 14:28:21", "elapsed": 8.098583, "delta": 0.00399}}
{"target": -214.37690977967526, "params": {"gamma": 0.7756981624656162, "lr": 0.5280671392556082}, "datetime": {"datetime": "2024-06-13 14:28:21", "elapsed": 8.10357, "delta": 0.004987}}
{"target": -536.8525799964788, "params": {"gamma": 2.8984014893930756, "lr": 0.48165189565416366}, "datetime": {"datetime": "2024-06-13 14:28:21", "elapsed": 8.108556, "delta": 0.004986}}
{"target": -2186.7409942028876, "params": {"gamma": 9.020043950898684, "lr": 0.6517403667487239}, "datetime": {"datetime": "2024-06-13 14:28:21", "elapsed": 8.113581, "delta": 0.005025}}
{"target": -2146.044160599214, "params": {"gamma": 7.233468037123845, "lr": 0.1025865252271354}, "datetime": {"datetime": "2024-06-13 14:28:21", "elapsed": 8.118558, "delta": 0.004977}}
{"target": -784.6502397204257, "params": {"gamma": 4.7971011998412845, "lr": 0.40434189038945745}, "datetime": {"datetime": "2024-06-13 14:28:21", "elapsed": 8.123516, "delta": 0.004958}}
{"target": -1009.0825455605495, "params": {"gamma": 6.468925570274098, "lr": 0.287735134554958}, "datetime": {"datetime": "2024-06-13 14:28:21", "elapsed": 8.128503, "delta": 0.004987}}
{"target": -1242.8900838718844, "params": {"gamma": 3.8312640574634482, "lr": 0.981016791950987}, "datetime": {"datetime": "2024-06-13 14:28:21", "elapsed": 8.13349, "delta": 0.004987}}
{"target": -229.93720788044746, "params": {"gamma": 1.1489908672848812, "lr": 0.19990786306137587}, "datetime": {"datetime": "2024-06-13 14:28:21", "elapsed": 8.138477, "delta": 0.004987}}
{"target": -621.6894210888582, "params": {"gamma": 2.3912225972933583, "lr": 0.6966542004402304}, "datetime": {"datetime": "2024-06-13 14:28:21", "elapsed": 8.142465, "delta": 0.003988}}
{"target": -2078.218361419824, "params": {"gamma": 7.1371672251136955, "lr": 0.7847549365756692}, "datetime": {"datetime": "2024-06-13 14:28:21", "elapsed": 8.147452, "delta": 0.004987}}
{"target": -1148.828855635593, "params": {"gamma": 3.8110627039036813, "lr": 0.8524032876575542}, "datetime": {"datetime": "2024-06-13 14:28:21", "elapsed": 8.152439, "delta": 0.004987}}
{"target": -1757.466563146598, "params": {"gamma": 6.973768049350303, "lr": 0.7132598975767365}, "datetime": {"datetime": "2024-06-13 14:28:21", "elapsed": 8.157426, "delta": 0.004987}}
{"target": -1936.1610231791649, "params": {"gamma": 8.220064454506392, "lr": 0.6289244383408126}, "datetime": {"datetime": "2024-06-13 14:28:21", "elapsed": 8.162412, "delta": 0.004986}}
{"target": -1786.334342559067, "params": {"gamma": 4.2228540008601385, "lr": 0.030798811164673312}, "datetime": {"datetime": "2024-06-13 14:28:21", "elapsed": 8.167399, "delta": 0.004987}}
{"target": -1262.8428961782802, "params": {"gamma": 5.9549611772267355, "lr": 0.5637635695018256}, "datetime": {"datetime": "2024-06-13 14:28:21", "elapsed": 8.171999, "delta": 0.0046}}
{"target": -910.2679073599675, "params": {"gamma": 6.008479407469643, "lr": 0.3228534686765717}, "datetime": {"datetime": "2024-06-13 14:28:21", "elapsed": 8.176986, "delta": 0.004987}}
{"target": -909.5985331281231, "params": {"gamma": 5.549264886470077, "lr": 0.17165630428408674}, "datetime": {"datetime": "2024-06-13 14:28:21", "elapsed": 8.181972, "delta": 0.004986}}
{"target": -2728.0851816287263, "params": {"gamma": 6.49894440266871, "lr": 0.07167347369091615}, "datetime": {"datetime": "2024-06-13 14:28:21", "elapsed": 8.186959, "delta": 0.004987}}
{"target": -1364.0760013139832, "params": {"gamma": 8.750896260863644, "lr": 0.21613795014659942}, "datetime": {"datetime": "2024-06-13 14:28:22", "elapsed": 8.191946, "delta": 0.004987}}
{"target": -915.9675221107825, "params": {"gamma": 2.9391518612119483, "lr": 0.8847369186394346}, "datetime": {"datetime": "2024-06-13 14:28:22", "elapsed": 8.196932, "delta": 0.004986}}
{"target": -2639.6187947112485, "params": {"gamma": 8.836037308166828, "lr": 0.8362672161514131}, "datetime": {"datetime": "2024-06-13 14:28:22", "elapsed": 8.200922, "delta": 0.00399}}
{"target": -1017.0250420438309, "params": {"gamma": 3.2700292334455643, "lr": 0.9023446392045666}, "datetime": {"datetime": "2024-06-13 14:28:22", "elapsed": 8.205909, "delta": 0.004987}}
{"target": -1873.7506214128202, "params": {"gamma": 7.718251155453087, "lr": 0.6580829809857549}, "datetime": {"datetime": "2024-06-13 14:28:22", "elapsed": 8.210895, "delta": 0.004986}}
{"target": -2616.8245179762816, "params": {"gamma": 8.99813093515086, "lr": 0.7831314722628366}, "datetime": {"datetime": "2024-06-13 14:28:22", "elapsed": 8.215882, "delta": 0.004987}}
{"target": -650.4561280462386, "params": {"gamma": 4.2480703423217, "lr": 0.32425522412708885}, "datetime": {"datetime": "2024-06-13 14:28:22", "elapsed": 8.220868, "delta": 0.004986}}
{"target": -1669.1691743582105, "params": {"gamma": 3.9393874995637357, "lr": 0.06141215405816436}, "datetime": {"datetime": "2024-06-13 14:28:22", "elapsed": 8.225855, "delta": 0.004987}}
{"target": -581.1848710696062, "params": {"gamma": 3.634945499368943, "lr": 0.3530436858449395}, "datetime": {"datetime": "2024-06-13 14:28:22", "elapsed": 8.230841, "delta": 0.004986}}
{"target": -2659.17830746754, "params": {"gamma": 8.656379251086715, "lr": 0.8887000495302622}, "datetime": {"datetime": "2024-06-13 14:28:22", "elapsed": 8.235828, "delta": 0.004987}}
{"target": -1446.1363410828483, "params": {"gamma": 9.630557816537218, "lr": 0.32819924761463426}, "datetime": {"datetime": "2024-06-13 14:28:22", "elapsed": 8.240816, "delta": 0.004988}}
{"target": -1635.8927975785941, "params": {"gamma": 6.933508237753853, "lr": 0.6330662678957141}, "datetime": {"datetime": "2024-06-13 14:28:22", "elapsed": 8.245802, "delta": 0.004986}}
{"target": -761.1710302341843, "params": {"gamma": 2.425195012153892, "lr": 0.8699876263426785}, "datetime": {"datetime": "2024-06-13 14:28:22", "elapsed": 8.250789, "delta": 0.004987}}
{"target": -574.045855322901, "params": {"gamma": 2.1418050557805293, "lr": 0.7477140026507801}, "datetime": {"datetime": "2024-06-13 14:28:22", "elapsed": 8.254778, "delta": 0.003989}}
{"target": -470.470184715993, "params": {"gamma": 1.4474946912067754, "lr": 0.10681965623961165}, "datetime": {"datetime": "2024-06-13 14:28:22", "elapsed": 8.259765, "delta": 0.004987}}
{"target": -1551.147339513589, "params": {"gamma": 7.20350177902532, "lr": 0.5263181160447106}, "datetime": {"datetime": "2024-06-13 14:28:22", "elapsed": 8.265749, "delta": 0.005984}}
{"target": -1295.371562552029, "params": {"gamma": 4.429715397531216, "lr": 0.7781805677545706}, "datetime": {"datetime": "2024-06-13 14:28:22", "elapsed": 8.270735, "delta": 0.004986}}
{"target": -1082.9278701397657, "params": {"gamma": 3.588074784629776, "lr": 0.8533495985139066}, "datetime": {"datetime": "2024-06-13 14:28:22", "elapsed": 8.275722, "delta": 0.004987}}
{"target": -3094.2644336555345, "params": {"gamma": 9.62176279907113, "lr": 0.97912549357449}, "datetime": {"datetime": "2024-06-13 14:28:22", "elapsed": 8.280708, "delta": 0.004986}}
{"target": -465.6561916915213, "params": {"gamma": 2.777002394800293, "lr": 0.4150070363847951}, "datetime": {"datetime": "2024-06-13 14:28:22", "elapsed": 8.284698, "delta": 0.00399}}
{"target": -2229.7819643889484, "params": {"gamma": 7.250373833289235, "lr": 0.8948659340129544}, "datetime": {"datetime": "2024-06-13 14:28:22", "elapsed": 8.289685, "delta": 0.004987}}
{"target": -2060.670636529358, "params": {"gamma": 7.113399789936541, "lr": 0.7581322827790503}, "datetime": {"datetime": "2024-06-13 14:28:22", "elapsed": 8.294671, "delta": 0.004986}}
{"target": -1369.7375105975832, "params": {"gamma": 8.83415311602575, "lr": 0.3669482381501168}, "datetime": {"datetime": "2024-06-13 14:28:22", "elapsed": 8.299658, "delta": 0.004987}}
{"target": -1172.8616948754325, "params": {"gamma": 5.425906871529926, "lr": 0.5347699755827457}, "datetime": {"datetime": "2024-06-13 14:28:22", "elapsed": 8.304644, "delta": 0.004986}}
{"target": -1993.3935358445642, "params": {"gamma": 6.4761782194627475, "lr": 0.8951838797241277}, "datetime": {"datetime": "2024-06-13 14:28:22", "elapsed": 8.309631, "delta": 0.004987}}
{"target": -1938.4064751188844, "params": {"gamma": 6.00867393378521, "lr": 0.9699385377160038}, "datetime": {"datetime": "2024-06-13 14:28:22", "elapsed": 8.314618, "delta": 0.004987}}
{"target": -1186.6694284074297, "params": {"gamma": 7.3216234120977175, "lr": 0.41529149155458245}, "datetime": {"datetime": "2024-06-13 14:28:22", "elapsed": 8.318607, "delta": 0.003989}}
{"target": -1875.4570755227078, "params": {"gamma": 5.81180346318073, "lr": 0.9223207824170438}, "datetime": {"datetime": "2024-06-13 14:28:22", "elapsed": 8.323594, "delta": 0.004987}}
{"target": -1560.8750417979334, "params": {"gamma": 6.185385338885807, "lr": 0.709928603418362}, "datetime": {"datetime": "2024-06-13 14:28:22", "elapsed": 8.328581, "delta": 0.004987}}
{"target": -1039.388530145582, "params": {"gamma": 6.613259028912707, "lr": 0.33614643889956264}, "datetime": {"datetime": "2024-06-13 14:28:22", "elapsed": 8.333596, "delta": 0.005015}}
{"target": -351.1769276504975, "params": {"gamma": 2.0341452163718596, "lr": 0.4078129626004203}, "datetime": {"datetime": "2024-06-13 14:28:22", "elapsed": 8.365482, "delta": 0.031886}}
{"target": -464.3775238583263, "params": {"gamma": 1.5085472915112057, "lr": 0.8263335477210154}, "datetime": {"datetime": "2024-06-13 14:28:22", "elapsed": 8.370469, "delta": 0.004987}}
{"target": -1152.1226209536062, "params": {"gamma": 7.104895674394641, "lr": 0.4010561894105159}, "datetime": {"datetime": "2024-06-13 14:28:22", "elapsed": 8.375455, "delta": 0.004986}}
{"target": -548.1448101955108, "params": {"gamma": 1.7146555781871196, "lr": 0.8757993398860495}, "datetime": {"datetime": "2024-06-13 14:28:22", "elapsed": 8.380442, "delta": 0.004987}}
{"target": -2060.6722551566454, "params": {"gamma": 6.3909999964742354, "lr": 0.9966028199815464}, "datetime": {"datetime": "2024-06-13 14:28:22", "elapsed": 8.385429, "delta": 0.004987}}
{"target": -197.15170588270325, "params": {"gamma": 1.0118777980878546, "lr": 0.24484835913226244}, "datetime": {"datetime": "2024-06-13 14:28:22", "elapsed": 8.390415, "delta": 0.004986}}
{"target": -259.01481724500775, "params": {"gamma": 0.8374656866964549, "lr": 0.7447417757596947}, "datetime": {"datetime": "2024-06-13 14:28:22", "elapsed": 8.395402, "delta": 0.004987}}
{"target": -513.2032834077883, "params": {"gamma": 1.5965935192609664, "lr": 0.8816595339350156}, "datetime": {"datetime": "2024-06-13 14:28:22", "elapsed": 8.400389, "delta": 0.004987}}
{"target": -1064.318512861349, "params": {"gamma": 4.915303785862436, "lr": 0.526169262668513}, "datetime": {"datetime": "2024-06-13 14:28:22", "elapsed": 8.405376, "delta": 0.004987}}
{"target": -172.49610568976567, "params": {"gamma": 0.42616036762125126, "lr": 0.614053635731627}, "datetime": {"datetime": "2024-06-13 14:28:22", "elapsed": 8.410362, "delta": 0.004986}}
{"target": -375.4144759480746, "params": {"gamma": 2.2769202761615777, "lr": 0.2135040893470156}, "datetime": {"datetime": "2024-06-13 14:28:22", "elapsed": 8.415378, "delta": 0.005016}}
{"target": -2749.8703685481905, "params": {"gamma": 8.953290370672992, "lr": 0.8880133489969917}, "datetime": {"datetime": "2024-06-13 14:28:22", "elapsed": 8.419367, "delta": 0.003989}}
{"target": -153.46723499121273, "params": {"gamma": 0.05364657807886874, "lr": 0.832303959586102}, "datetime": {"datetime": "2024-06-13 14:28:22", "elapsed": 8.424324, "delta": 0.004957}}
{"target": -1938.612553181084, "params": {"gamma": 9.02308610135554, "lr": 0.5119476580924737}, "datetime": {"datetime": "2024-06-13 14:28:22", "elapsed": 8.429311, "delta": 0.004987}}
{"target": -1901.9754026102828, "params": {"gamma": 6.56208200669582, "lr": 0.7677856839334473}, "datetime": {"datetime": "2024-06-13 14:28:22", "elapsed": 8.434298, "delta": 0.004987}}
{"target": -1235.634220468921, "params": {"gamma": 6.854714307550932, "lr": 0.45911641964267924}, "datetime": {"datetime": "2024-06-13 14:28:22", "elapsed": 8.439285, "delta": 0.004987}}
{"target": -1237.9024336263878, "params": {"gamma": 5.7349488675951, "lr": 0.5740594317304389}, "datetime": {"datetime": "2024-06-13 14:28:22", "elapsed": 8.444271, "delta": 0.004986}}
{"target": -1276.3104445492863, "params": {"gamma": 8.421463069722522, "lr": 0.24044170761914385}, "datetime": {"datetime": "2024-06-13 14:28:22", "elapsed": 8.449258, "delta": 0.004987}}
{"target": -2213.832031024908, "params": {"gamma": 7.572507436190774, "lr": 0.8123371097183338}, "datetime": {"datetime": "2024-06-13 14:28:22", "elapsed": 8.454245, "delta": 0.004987}}
{"target": -2329.4255950819193, "params": {"gamma": 7.970526579088603, "lr": 0.8077078189919843}, "datetime": {"datetime": "2024-06-13 14:28:22", "elapsed": 8.460229, "delta": 0.005984}}
{"target": -1341.5331181954073, "params": {"gamma": 8.292970943843157, "lr": 0.4175157513022394}, "datetime": {"datetime": "2024-06-13 14:28:22", "elapsed": 8.465215, "delta": 0.004986}}
{"target": -1791.7982070315647, "params": {"gamma": 6.179249469269826, "lr": 0.7552455161468585}, "datetime": {"datetime": "2024-06-13 14:28:22", "elapsed": 8.470202, "delta": 0.004987}}
{"target": -2478.7160249880817, "params": {"gamma": 7.697885927847493, "lr": 0.9586046229255358}, "datetime": {"datetime": "2024-06-13 14:28:22", "elapsed": 8.475189, "delta": 0.004987}}
{"target": -2053.8868244398495, "params": {"gamma": 9.750777680644457, "lr": 0.5647345919090407}, "datetime": {"datetime": "2024-06-13 14:28:22", "elapsed": 8.481173, "delta": 0.005984}}
{"target": -1399.546037218309, "params": {"gamma": 4.657924948350314, "lr": 0.8355253266864215}, "datetime": {"datetime": "2024-06-13 14:28:22", "elapsed": 8.486159, "delta": 0.004986}}
{"target": -652.1112582361123, "params": {"gamma": 2.2003892786426134, "lr": 0.7663980894608939}, "datetime": {"datetime": "2024-06-13 14:28:22", "elapsed": 8.491146, "delta": 0.004987}}
{"target": -436.9707260312498, "params": {"gamma": 1.920923979668611, "lr": 0.5916275659530674}, "datetime": {"datetime": "2024-06-13 14:28:22", "elapsed": 8.496132, "delta": 0.004986}}
{"target": -1113.7452650715618, "params": {"gamma": 6.068707734799046, "lr": 0.44184380280217683}, "datetime": {"datetime": "2024-06-13 14:28:22", "elapsed": 8.501119, "delta": 0.004987}}
{"target": -1858.2305515544313, "params": {"gamma": 8.645641977427168, "lr": 0.5434821861417696}, "datetime": {"datetime": "2024-06-13 14:28:22", "elapsed": 8.506106, "delta": 0.004987}}
{"target": -805.4260742897708, "params": {"gamma": 4.927804379534841, "lr": 0.4181256356700572}, "datetime": {"datetime": "2024-06-13 14:28:22", "elapsed": 8.510601, "delta": 0.004495}}
{"target": -158.56207659192665, "params": {"gamma": 0.6231896086801356, "lr": 0.3621494599268943}, "datetime": {"datetime": "2024-06-13 14:28:22", "elapsed": 8.515588, "delta": 0.004987}}
{"target": -239.22172297657926, "params": {"gamma": 0.9290607665831948, "lr": 0.5656384996760548}, "datetime": {"datetime": "2024-06-13 14:28:22", "elapsed": 8.520574, "delta": 0.004986}}
{"target": -1856.8738464936791, "params": {"gamma": 6.4053758139443495, "lr": 0.7677822626181597}, "datetime": {"datetime": "2024-06-13 14:28:22", "elapsed": 8.525561, "delta": 0.004987}}
{"target": -1027.3262575315118, "params": {"gamma": 6.325720028185084, "lr": 0.1870607551754626}, "datetime": {"datetime": "2024-06-13 14:28:22", "elapsed": 8.530548, "delta": 0.004987}}
{"target": -1610.8306201821924, "params": {"gamma": 7.502689263840385, "lr": 0.5488594004307864}, "datetime": {"datetime": "2024-06-13 14:28:22", "elapsed": 8.535535, "delta": 0.004987}}
{"target": -475.90492182838017, "params": {"gamma": 1.0226014229845646, "lr": 0.024827029187908023}, "datetime": {"datetime": "2024-06-13 14:28:22", "elapsed": 8.540522, "delta": 0.004987}}
{"target": -769.5436521231388, "params": {"gamma": 2.988163177641064, "lr": 0.6900150292649251}, "datetime": {"datetime": "2024-06-13 14:28:22", "elapsed": 8.545508, "delta": 0.004986}}
{"target": -3000.253067468694, "params": {"gamma": 9.327950716090912, "lr": 0.9664972006802195}, "datetime": {"datetime": "2024-06-13 14:28:22", "elapsed": 8.550495, "delta": 0.004987}}
{"target": -1189.628548971585, "params": {"gamma": 7.645716345257133, "lr": 0.2932491857068945}, "datetime": {"datetime": "2024-06-13 14:28:22", "elapsed": 8.556479, "delta": 0.005984}}
{"target": -948.5628685451626, "params": {"gamma": 6.2210691836043965, "lr": 0.23109612753682562}, "datetime": {"datetime": "2024-06-13 14:28:22", "elapsed": 8.561943, "delta": 0.005464}}
{"target": -1281.172795023393, "params": {"gamma": 7.507153026145066, "lr": 0.16586702947952792}, "datetime": {"datetime": "2024-06-13 14:28:22", "elapsed": 8.567436, "delta": 0.005493}}
{"target": -2326.4954609006495, "params": {"gamma": 7.564947384855503, "lr": 0.8685889989304815}, "datetime": {"datetime": "2024-06-13 14:28:22", "elapsed": 8.57342, "delta": 0.005984}}
{"target": -2188.656583976607, "params": {"gamma": 5.195544029510985, "lr": 0.06563483825850425}, "datetime": {"datetime": "2024-06-13 14:28:22", "elapsed": 8.578407, "delta": 0.004987}}
{"target": -1349.6328804788257, "params": {"gamma": 4.4894713154372115, "lr": 0.8378286113798175}, "datetime": {"datetime": "2024-06-13 14:28:22", "elapsed": 8.584391, "delta": 0.005984}}
{"target": -788.4458883928476, "params": {"gamma": 1.7983467816471097, "lr": 0.03855906126279496}, "datetime": {"datetime": "2024-06-13 14:28:22", "elapsed": 8.589378, "delta": 0.004987}}
{"target": -1548.7165540694466, "params": {"gamma": 7.327203051217345, "lr": 0.5630407235733951}, "datetime": {"datetime": "2024-06-13 14:28:22", "elapsed": 8.594932, "delta": 0.005554}}
{"target": -198.5606167754229, "params": {"gamma": 0.42156420386587773, "lr": 0.9848852640583016}, "datetime": {"datetime": "2024-06-13 14:28:22", "elapsed": 8.599919, "delta": 0.004987}}
{"target": -1234.1690333292934, "params": {"gamma": 5.693754542449788, "lr": 0.585156672962654}, "datetime": {"datetime": "2024-06-13 14:28:22", "elapsed": 8.604906, "delta": 0.004987}}
{"target": -2428.6438475500636, "params": {"gamma": 7.899276512022575, "lr": 0.9026346706863088}, "datetime": {"datetime": "2024-06-13 14:28:22", "elapsed": 8.610672, "delta": 0.005766}}
{"target": -157.3341551262952, "params": {"gamma": 0.6084466125606112, "lr": 0.34851320938881547}, "datetime": {"datetime": "2024-06-13 14:28:22", "elapsed": 8.615658, "delta": 0.004986}}
{"target": -382.4070249915974, "params": {"gamma": 2.001718538820858, "lr": 0.4651515316549586}, "datetime": {"datetime": "2024-06-13 14:28:22", "elapsed": 8.620645, "delta": 0.004987}}
{"target": -433.78285861486563, "params": {"gamma": 0.9155879517141836, "lr": 0.06808577423972362}, "datetime": {"datetime": "2024-06-13 14:28:22", "elapsed": 8.625631, "delta": 0.004986}}
{"target": -938.051930267083, "params": {"gamma": 3.009593441869708, "lr": 0.9043452577718513}, "datetime": {"datetime": "2024-06-13 14:28:22", "elapsed": 8.630618, "delta": 0.004987}}
{"target": -2821.406746189585, "params": {"gamma": 9.755444236897075, "lr": 0.7637200317833946}, "datetime": {"datetime": "2024-06-13 14:28:22", "elapsed": 8.635605, "delta": 0.004987}}
{"target": -155.3100141251513, "params": {"gamma": 0.008408388692528457, "lr": 0.735215554236234}, "datetime": {"datetime": "2024-06-13 14:28:22", "elapsed": 8.640257, "delta": 0.004652}}
{"target": -144.16832610299642, "params": {"gamma": 0.22090310734026275, "lr": 0.16856568225506097}, "datetime": {"datetime": "2024-06-13 14:28:22", "elapsed": 8.645243, "delta": 0.004986}}
{"target": -147.79160871197251, "params": {"gamma": 0.10612956883701744, "lr": 0.1491269987672621}, "datetime": {"datetime": "2024-06-13 14:28:22", "elapsed": 8.65023, "delta": 0.004987}}
{"target": -1732.9264978359652, "params": {"gamma": 6.87536774608507, "lr": 0.7020168753413566}, "datetime": {"datetime": "2024-06-13 14:28:22", "elapsed": 8.656214, "delta": 0.005984}}
{"target": -972.4454251404813, "params": {"gamma": 3.7114029888119466, "lr": 0.7311908242003646}, "datetime": {"datetime": "2024-06-13 14:28:22", "elapsed": 8.661201, "delta": 0.004987}}
{"target": -1650.5268845668652, "params": {"gamma": 8.47319475004096, "lr": 0.13035751444155008}, "datetime": {"datetime": "2024-06-13 14:28:22", "elapsed": 8.666187, "delta": 0.004986}}
{"target": -183.35784175501036, "params": {"gamma": 0.8749857543012785, "lr": 0.37192145651390274}, "datetime": {"datetime": "2024-06-13 14:28:22", "elapsed": 8.672172, "delta": 0.005985}}
{"target": -676.8065351022153, "params": {"gamma": 4.039432491874189, "lr": 0.27640421986037034}, "datetime": {"datetime": "2024-06-13 14:28:22", "elapsed": 8.677158, "delta": 0.004986}}
