{"target": -130.23955434238542, "params": {"p_ai": 1.5683593484243095, "p_al": 7.545415559016262, "p_ex": 3.3004023148263886, "prior": 6.442312729689626, "rate": 5.654990510308829}, "datetime": {"datetime": "2024-06-12 22:25:58", "elapsed": 73.336199, "delta": 0.113066}}
{"target": -245.18398282554534, "params": {"p_ai": 8.995409627944824, "p_al": 8.806955495452243, "p_ex": 4.431670891867508, "prior": 2.048146129836078, "rate": 6.322291560542967}, "datetime": {"datetime": "2024-06-12 22:25:58", "elapsed": 73.447947, "delta": 0.111748}}
{"target": -157.7435642773286, "params": {"p_ai": 6.368722917490155, "p_al": 6.92448261628265, "p_ex": 9.074824554145266, "prior": 7.826027199467941, "rate": 6.253284067622613}, "datetime": {"datetime": "2024-06-12 22:25:59", "elapsed": 73.559724, "delta": 0.111777}}
{"target": -158.5357956637107, "params": {"p_ai": 6.010054988385501, "p_al": 2.1283776016453526, "p_ex": 6.514002254616683, "prior": 8.145187207595269, "rate": 9.223302486048112}, "datetime": {"datetime": "2024-06-12 22:25:59", "elapsed": 73.67276, "delta": 0.113036}}
{"target": -247.43594737062926, "params": {"p_ai": 9.166584470697245, "p_al": 5.611426959920494, "p_ex": 2.599079923429137, "prior": 3.338640770780343, "rate": 9.977625893322635}, "datetime": {"datetime": "2024-06-12 22:25:59", "elapsed": 73.784741, "delta": 0.111981}}
{"target": -165.02966670269495, "params": {"p_ai": 5.256452284389976, "p_al": 8.159250821705387, "p_ex": 5.970564861657937, "prior": 5.069796942895938, "rate": 3.4860476134416722}, "datetime": {"datetime": "2024-06-12 22:25:59", "elapsed": 73.896669, "delta": 0.111928}}
{"target": -153.41668708556494, "params": {"p_ai": 5.378167511784794, "p_al": 0.06834033523503891, "p_ex": 8.766981380159143, "prior": 5.615303328845261, "rate": 0.2437899718214612}, "datetime": {"datetime": "2024-06-12 22:25:59", "elapsed": 74.009099, "delta": 0.11243}}
{"target": -244.95275075772216, "params": {"p_ai": 8.181929278566322, "p_al": 1.3544085542298703, "p_ex": 0.30735634221060637, "prior": 4.623891705947023, "rate": 9.606606296174677}, "datetime": {"datetime": "2024-06-12 22:25:59", "elapsed": 74.121797, "delta": 0.112698}}
{"target": -128.01544022708728, "params": {"p_ai": 0.9370488703914385, "p_al": 0.656919562834297, "p_ex": 8.799475826643015, "prior": 8.213899043391342, "rate": 8.199874253028593}, "datetime": {"datetime": "2024-06-12 22:25:59", "elapsed": 74.233498, "delta": 0.111701}}
{"target": -151.2954736648789, "params": {"p_ai": 4.678712660105902, "p_al": 4.275493453510745, "p_ex": 4.011281986039528, "prior": 5.822568206350932, "rate": 7.289977723091737}, "datetime": {"datetime": "2024-06-12 22:25:59", "elapsed": 74.345277, "delta": 0.111779}}
{"target": -213.93074363492815, "params": {"p_ai": 7.843135731493912, "p_al": 6.548337076416619, "p_ex": 5.625099180595456, "prior": 4.1245136895947505, "rate": 3.1998307053765016}, "datetime": {"datetime": "2024-06-12 22:25:59", "elapsed": 74.4583, "delta": 0.113023}}
{"target": -117.86335132284837, "params": {"p_ai": 2.8631916804690256, "p_al": 2.9624710073123492, "p_ex": 6.827845908778269, "prior": 7.624649380413635, "rate": 5.976600250112773}, "datetime": {"datetime": "2024-06-12 22:26:00", "elapsed": 74.570031, "delta": 0.111731}}
{"target": -144.8206471616844, "params": {"p_ai": 2.229416058643355, "p_al": 1.9447558100267244, "p_ex": 7.657095501588769, "prior": 9.786959495931479, "rate": 0.1600837059640327}, "datetime": {"datetime": "2024-06-12 22:26:00", "elapsed": 74.690678, "delta": 0.120647}}
{"target": -117.65267646691207, "params": {"p_ai": 2.489732521683815, "p_al": 7.923336404835708, "p_ex": 7.191933812235796, "prior": 2.4605535974366086, "rate": 5.549368918377377}, "datetime": {"datetime": "2024-06-12 22:26:00", "elapsed": 74.813351, "delta": 0.122673}}
{"target": -186.50812539584032, "params": {"p_ai": 5.856272355196109, "p_al": 7.21412138219565, "p_ex": 4.637273438415798, "prior": 4.049079866755705, "rate": 3.080786698738075}, "datetime": {"datetime": "2024-06-12 22:26:00", "elapsed": 74.926689, "delta": 0.113338}}
{"target": -115.30033776162635, "params": {"p_ai": 2.3838507751598206, "p_al": 0.925941078147889, "p_ex": 6.4591879907890055, "prior": 6.696034914953822, "rate": 6.873747395694555}, "datetime": {"datetime": "2024-06-12 22:26:00", "elapsed": 75.038976, "delta": 0.112287}}
{"target": -143.51372330603274, "params": {"p_ai": 0.03245405892326011, "p_al": 4.383092072177341, "p_ex": 1.22641109574872, "prior": 5.266566747727368, "rate": 9.797416469397842}, "datetime": {"datetime": "2024-06-12 22:26:00", "elapsed": 75.152528, "delta": 0.113552}}
{"target": -141.8995309449443, "params": {"p_ai": 4.993270832622418, "p_al": 3.747125142755934, "p_ex": 8.13858608395356, "prior": 9.68204618100875, "rate": 2.8719466519104246}, "datetime": {"datetime": "2024-06-12 22:26:00", "elapsed": 75.264941, "delta": 0.112413}}
{"target": -252.9856682693024, "params": {"p_ai": 8.030197397425262, "p_al": 9.961418232195335, "p_ex": 1.1191305732763266, "prior": 5.310942498517634, "rate": 8.135452268270518}, "datetime": {"datetime": "2024-06-12 22:26:00", "elapsed": 75.377594, "delta": 0.112653}}
{"target": -129.1598003535633, "params": {"p_ai": 3.763565542385325, "p_al": 4.4582994882209785, "p_ex": 7.5092746940860025, "prior": 0.9843654431052541, "rate": 3.6059025236596125}, "datetime": {"datetime": "2024-06-12 22:26:00", "elapsed": 75.488457, "delta": 0.110863}}
{"target": -144.29440255346023, "params": {"p_ai": 5.637498846609272, "p_al": 2.3866173738298953, "p_ex": 8.399697763448607, "prior": 7.658744071907105, "rate": 9.655460253343795}, "datetime": {"datetime": "2024-06-12 22:26:01", "elapsed": 75.600158, "delta": 0.111701}}
{"target": -134.5471791169833, "params": {"p_ai": 5.230357762062273, "p_al": 1.06614005524794, "p_ex": 9.366233613591808, "prior": 8.342525658973996, "rate": 5.444637191871373}, "datetime": {"datetime": "2024-06-12 22:26:01", "elapsed": 75.712752, "delta": 0.112594}}
{"target": -205.2777431165971, "params": {"p_ai": 8.363186471576656, "p_al": 8.81702750262007, "p_ex": 7.76103529253161, "prior": 5.712968516447132, "rate": 6.153371915939358}, "datetime": {"datetime": "2024-06-12 22:26:01", "elapsed": 75.824011, "delta": 0.111259}}
{"target": -245.3217173070025, "params": {"p_ai": 8.444062435750944, "p_al": 6.222544146503024, "p_ex": 2.0655931119171287, "prior": 6.915192747116144, "rate": 5.320605487023739}, "datetime": {"datetime": "2024-06-12 22:26:01", "elapsed": 75.936909, "delta": 0.112898}}
{"target": -131.84738604797644, "params": {"p_ai": 2.633207341942995, "p_al": 0.008864628754834562, "p_ex": 2.3557421152378364, "prior": 6.735993413062344, "rate": 8.783323676609767}, "datetime": {"datetime": "2024-06-12 22:26:01", "elapsed": 76.049174, "delta": 0.112265}}
{"target": -246.68306005902573, "params": {"p_ai": 8.307194989836436, "p_al": 1.0819657484995155, "p_ex": 0.7121786702488597, "prior": 7.616161526478173, "rate": 2.849048887810949}, "datetime": {"datetime": "2024-06-12 22:26:01", "elapsed": 76.160916, "delta": 0.111742}}
{"target": -143.17941978414078, "params": {"p_ai": 2.718758721913716, "p_al": 0.021001005783708615, "p_ex": 0.9862915673948899, "prior": 1.356834876876139, "rate": 1.5944427020857364}, "datetime": {"datetime": "2024-06-12 22:26:01", "elapsed": 76.273616, "delta": 0.1127}}
{"target": -135.38501567989326, "params": {"p_ai": 4.453690712551038, "p_al": 8.141544011423479, "p_ex": 8.123168855569107, "prior": 9.099986227202798, "rate": 4.436476794164717}, "datetime": {"datetime": "2024-06-12 22:26:01", "elapsed": 76.386173, "delta": 0.112557}}
{"target": -272.99552115649624, "params": {"p_ai": 7.087396368942189, "p_al": 4.883852847086367, "p_ex": 0.49937573878707536, "prior": 0.8052339082615015, "rate": 2.4601774098261746}, "datetime": {"datetime": "2024-06-12 22:26:01", "elapsed": 76.498249, "delta": 0.112076}}
{"target": -265.84662263444943, "params": {"p_ai": 9.816235664501544, "p_al": 6.919480375538572, "p_ex": 2.680807810991347, "prior": 7.062926182268611, "rate": 6.6137999976813155}, "datetime": {"datetime": "2024-06-12 22:26:02", "elapsed": 76.610948, "delta": 0.112699}}
{"target": -122.79442377666248, "params": {"p_ai": 0.4338583185782008, "p_al": 3.6155143588327374, "p_ex": 7.737506106039536, "prior": 0.7861506254262016, "rate": 8.84395678364194}, "datetime": {"datetime": "2024-06-12 22:26:02", "elapsed": 76.723646, "delta": 0.112698}}
{"target": -275.78653720332363, "params": {"p_ai": 9.308752094249328, "p_al": 8.531002038386509, "p_ex": 1.174658663405379, "prior": 5.652169643537417, "rate": 7.075891918374401}, "datetime": {"datetime": "2024-06-12 22:26:02", "elapsed": 76.835348, "delta": 0.111702}}
{"target": -206.1291598505867, "params": {"p_ai": 8.879912919311819, "p_al": 0.958664516968829, "p_ex": 8.157890074908734, "prior": 2.7808853003561516, "rate": 5.923281570273373}, "datetime": {"datetime": "2024-06-12 22:26:02", "elapsed": 76.94749, "delta": 0.112142}}
{"target": -226.7442211992428, "params": {"p_ai": 7.198237298029824, "p_al": 7.7704144744548165, "p_ex": 2.947353825139696, "prior": 6.074158012949801, "rate": 2.8754412691491025}, "datetime": {"datetime": "2024-06-12 22:26:02", "elapsed": 77.060368, "delta": 0.112878}}
{"target": -257.3671920262022, "params": {"p_ai": 9.983169186094411, "p_al": 8.145241573815564, "p_ex": 4.140365184777405, "prior": 8.791542714456694, "rate": 7.325278649969429}, "datetime": {"datetime": "2024-06-12 22:26:02", "elapsed": 77.172139, "delta": 0.111771}}
{"target": -246.2123196028241, "params": {"p_ai": 9.287540560346832, "p_al": 1.7169353317749951, "p_ex": 2.9490552142038204, "prior": 0.9382730240703474, "rate": 3.1804923357554484}, "datetime": {"datetime": "2024-06-12 22:26:02", "elapsed": 77.284837, "delta": 0.112698}}
{"target": -147.8818025896139, "params": {"p_ai": 3.812504948851634, "p_al": 6.327492683647917, "p_ex": 4.715727863547479, "prior": 7.176972138789694, "rate": 2.692966111483643}, "datetime": {"datetime": "2024-06-12 22:26:02", "elapsed": 77.396539, "delta": 0.111702}}
{"target": -117.07137873356346, "params": {"p_ai": 1.7313941351026625, "p_al": 3.7918469051508774, "p_ex": 4.381376292841118, "prior": 4.221843551590521, "rate": 9.135783296928588}, "datetime": {"datetime": "2024-06-12 22:26:02", "elapsed": 77.509126, "delta": 0.112587}}
{"target": -141.1074576842175, "params": {"p_ai": 2.696400616451196, "p_al": 3.5210819835488736, "p_ex": 2.1528813919731067, "prior": 3.7198581910313244, "rate": 3.8991640529202587}, "datetime": {"datetime": "2024-06-12 22:26:03", "elapsed": 77.620827, "delta": 0.111701}}
{"target": -178.45483595625595, "params": {"p_ai": 5.754695144061634, "p_al": 2.7843714212458077, "p_ex": 2.595663592769973, "prior": 7.190894889170183, "rate": 9.101876897017872}, "datetime": {"datetime": "2024-06-12 22:26:03", "elapsed": 77.733577, "delta": 0.11275}}
{"target": -140.06664842925642, "params": {"p_ai": 1.2218460988148518, "p_al": 1.8237074185290985, "p_ex": 1.3319633391141557, "prior": 6.836393220362168, "rate": 2.1408837173038955}, "datetime": {"datetime": "2024-06-12 22:26:03", "elapsed": 77.849269, "delta": 0.115692}}
{"target": -152.85515979850607, "params": {"p_ai": 6.046111461460431, "p_al": 2.0175856692950274, "p_ex": 8.177754179737551, "prior": 3.161755215449723, "rate": 6.696498030094077}, "datetime": {"datetime": "2024-06-12 22:26:03", "elapsed": 77.96455, "delta": 0.115281}}
{"target": -126.40369922403868, "params": {"p_ai": 1.4881868944628063, "p_al": 3.0601485254145184, "p_ex": 2.9731172115714624, "prior": 6.3511642455179445, "rate": 6.809124390706244}, "datetime": {"datetime": "2024-06-12 22:26:03", "elapsed": 78.076826, "delta": 0.112276}}
{"target": -200.56291121641476, "params": {"p_ai": 8.452641216391733, "p_al": 1.8342857207824639, "p_ex": 7.6045372133000795, "prior": 7.119682083391317, "rate": 5.575881596860648}, "datetime": {"datetime": "2024-06-12 22:26:03", "elapsed": 78.188222, "delta": 0.111396}}
{"target": -200.3830292881538, "params": {"p_ai": 6.50197970017053, "p_al": 0.9008610352239393, "p_ex": 1.4696112814099909, "prior": 4.156301635445642, "rate": 7.1139955123219485}, "datetime": {"datetime": "2024-06-12 22:26:03", "elapsed": 78.301484, "delta": 0.113262}}
{"target": -142.7105808926594, "params": {"p_ai": 1.6790438150723197, "p_al": 3.8904024131038595, "p_ex": 4.979961592920374, "prior": 9.350522223405173, "rate": 0.5529072902964012}, "datetime": {"datetime": "2024-06-12 22:26:03", "elapsed": 78.414544, "delta": 0.11306}}
{"target": -252.61343485165776, "params": {"p_ai": 8.290245901995016, "p_al": 9.841614299141947, "p_ex": 2.6734588625853686, "prior": 8.90068298043714, "rate": 2.9037110876153163}, "datetime": {"datetime": "2024-06-12 22:26:03", "elapsed": 78.526753, "delta": 0.112209}}
{"target": -201.80260779226904, "params": {"p_ai": 7.990275974468122, "p_al": 4.599113822624364, "p_ex": 5.976488880119824, "prior": 2.367437100274259, "rate": 6.87646200664599}, "datetime": {"datetime": "2024-06-12 22:26:04", "elapsed": 78.638962, "delta": 0.112209}}
{"target": -125.90978133544554, "params": {"p_ai": 1.4876999762661907, "p_al": 5.597305303518728, "p_ex": 4.943794976509587, "prior": 8.372222753498248, "rate": 4.815203685221957}, "datetime": {"datetime": "2024-06-12 22:26:04", "elapsed": 78.751661, "delta": 0.112699}}
{"target": -222.01541338384408, "params": {"p_ai": 7.847524868907307, "p_al": 4.003542773051022, "p_ex": 3.0797514283756215, "prior": 7.872484136639694, "rate": 4.185224174850338}, "datetime": {"datetime": "2024-06-12 22:26:04", "elapsed": 78.863362, "delta": 0.111701}}
{"target": -139.89979378990193, "params": {"p_ai": 4.968163846072137, "p_al": 5.773647990711966, "p_ex": 8.196837713155396, "prior": 5.813618426292567, "rate": 4.062022883905419}, "datetime": {"datetime": "2024-06-12 22:26:04", "elapsed": 78.976155, "delta": 0.112793}}
{"target": -117.29693251166532, "params": {"p_ai": 1.6067076982639186, "p_al": 7.021410937836175, "p_ex": 8.832444983696695, "prior": 1.0846805001536175, "rate": 4.662673544155003}, "datetime": {"datetime": "2024-06-12 22:26:04", "elapsed": 79.091843, "delta": 0.115688}}
{"target": -243.7149189183353, "params": {"p_ai": 9.34542051628517, "p_al": 5.635528165584233, "p_ex": 5.452989887556196, "prior": 0.6356920232315505, "rate": 5.353466496108746}, "datetime": {"datetime": "2024-06-12 22:26:04", "elapsed": 79.20554, "delta": 0.113697}}
{"target": -158.88630905871094, "params": {"p_ai": 6.545758496895561, "p_al": 1.466771864485812, "p_ex": 9.563690911740819, "prior": 1.962311768641484, "rate": 6.739586009585863}, "datetime": {"datetime": "2024-06-12 22:26:04", "elapsed": 79.322227, "delta": 0.116687}}
{"target": -131.92429166908283, "params": {"p_ai": 2.744137192928587, "p_al": 1.085199907484914, "p_ex": 2.6097471361451294, "prior": 3.3421841833472294, "rate": 4.647854040432997}, "datetime": {"datetime": "2024-06-12 22:26:04", "elapsed": 79.434835, "delta": 0.112608}}
{"target": -114.59800250653235, "params": {"p_ai": 2.3443300775714717, "p_al": 7.27531136269942, "p_ex": 8.072103829138065, "prior": 7.909964984873447, "rate": 7.157769735363946}, "datetime": {"datetime": "2024-06-12 22:26:04", "elapsed": 79.546578, "delta": 0.111743}}
{"target": -154.50422055884943, "params": {"p_ai": 2.6971628183640655, "p_al": 2.1053674526157167, "p_ex": 1.092174154085908, "prior": 3.9674143329261264, "rate": 0.8735791351201521}, "datetime": {"datetime": "2024-06-12 22:26:05", "elapsed": 79.659276, "delta": 0.112698}}
{"target": -482.37568054456347, "params": {"p_ai": 6.554241175168271, "p_al": 9.49833931470982, "p_ex": 7.556577172510941, "prior": 1.1698003792568261, "rate": 0.20579200593530117}, "datetime": {"datetime": "2024-06-12 22:26:05", "elapsed": 79.770978, "delta": 0.111702}}
{"target": -146.40078303591093, "params": {"p_ai": 3.349553409033682, "p_al": 9.928768691433605, "p_ex": 3.129004648022036, "prior": 7.37534048014249, "rate": 7.165577236537339}, "datetime": {"datetime": "2024-06-12 22:26:05", "elapsed": 79.882708, "delta": 0.11173}}
{"target": -198.16145267470293, "params": {"p_ai": 5.726003419355118, "p_al": 3.6770929306387004, "p_ex": 2.083448674606851, "prior": 9.800012165219913, "rate": 0.6598718062812502}, "datetime": {"datetime": "2024-06-12 22:26:05", "elapsed": 79.995616, "delta": 0.112908}}
{"target": -120.78391292175289, "params": {"p_ai": 2.363041291619063, "p_al": 3.0896858056306566, "p_ex": 9.09512403146957, "prior": 7.133979260927965, "rate": 2.654453130529889}, "datetime": {"datetime": "2024-06-12 22:26:05", "elapsed": 80.106777, "delta": 0.111161}}
{"target": -120.7276125154445, "params": {"p_ai": 1.6458485280836919, "p_al": 8.805093637851785, "p_ex": 7.938037541185965, "prior": 0.38483593233206737, "rate": 8.79312913512225}, "datetime": {"datetime": "2024-06-12 22:26:05", "elapsed": 80.218984, "delta": 0.112207}}
{"target": -177.72702005255513, "params": {"p_ai": 5.879809512359401, "p_al": 4.575914432666735, "p_ex": 6.73884491695568, "prior": 0.39538854255534034, "rate": 3.303881713493146}, "datetime": {"datetime": "2024-06-12 22:26:05", "elapsed": 80.330685, "delta": 0.111701}}
{"target": -135.44609339853767, "params": {"p_ai": 0.8813961296757109, "p_al": 6.836691010345723, "p_ex": 3.9807191404477567, "prior": 4.790061963647635, "rate": 2.8987435885845287}, "datetime": {"datetime": "2024-06-12 22:26:05", "elapsed": 80.443384, "delta": 0.112699}}
{"target": -215.73847821191103, "params": {"p_ai": 7.883156906603142, "p_al": 0.4660803099952485, "p_ex": 2.811975337992219, "prior": 5.906368021727022, "rate": 7.901544890842957}, "datetime": {"datetime": "2024-06-12 22:26:06", "elapsed": 80.555713, "delta": 0.112329}}
{"target": -296.7889824622521, "params": {"p_ai": 6.016391759783631, "p_al": 7.305156197867701, "p_ex": 0.23625562086340346, "prior": 2.5499809694961213, "rate": 0.42187550666388557}, "datetime": {"datetime": "2024-06-12 22:26:06", "elapsed": 80.668411, "delta": 0.112698}}
{"target": -268.05812044304247, "params": {"p_ai": 5.000623972289424, "p_al": 9.891413821111595, "p_ex": 0.1362915505440842, "prior": 4.409349504334219, "rate": 0.0488593946407395}, "datetime": {"datetime": "2024-06-12 22:26:06", "elapsed": 80.780143, "delta": 0.111732}}
{"target": -158.296885357666, "params": {"p_ai": 6.1292733046741406, "p_al": 1.8344039025545689, "p_ex": 7.127705096121493, "prior": 1.5973254712175065, "rate": 8.28592797664837}, "datetime": {"datetime": "2024-06-12 22:26:06", "elapsed": 80.891814, "delta": 0.111671}}
{"target": -134.61020474106348, "params": {"p_ai": 2.0625754591785816, "p_al": 3.522810522045676, "p_ex": 2.3065541407607677, "prior": 8.077037240024012, "rate": 4.903209285941475}, "datetime": {"datetime": "2024-06-12 22:26:06", "elapsed": 81.004171, "delta": 0.112357}}
{"target": -218.32002421692297, "params": {"p_ai": 8.738461225360355, "p_al": 1.3017296410083459, "p_ex": 4.990082145540017, "prior": 7.766359726186858, "rate": 9.812120477742575}, "datetime": {"datetime": "2024-06-12 22:26:06", "elapsed": 81.116839, "delta": 0.112668}}
{"target": -169.32290122511967, "params": {"p_ai": 6.734103924215217, "p_al": 1.8308287966897505, "p_ex": 7.597969782524479, "prior": 0.747277516013488, "rate": 7.62796186474408}, "datetime": {"datetime": "2024-06-12 22:26:06", "elapsed": 81.22854, "delta": 0.111701}}
{"target": -244.25745579267655, "params": {"p_ai": 8.2783244939888, "p_al": 5.592537951402159, "p_ex": 4.927715577252471, "prior": 9.36533769934676, "rate": 0.0019694099260602308}, "datetime": {"datetime": "2024-06-12 22:26:06", "elapsed": 81.340864, "delta": 0.112324}}
{"target": -141.77605594453075, "params": {"p_ai": 0.0966593768907281, "p_al": 2.520262280031256, "p_ex": 5.057258956122923, "prior": 5.404626088310402, "rate": 3.7135529478230405}, "datetime": {"datetime": "2024-06-12 22:26:06", "elapsed": 81.456075, "delta": 0.115211}}
{"target": -113.2270428280744, "params": {"p_ai": 2.9278210405766725, "p_al": 2.0244710973929743, "p_ex": 8.003018662066845, "prior": 3.159913122914842, "rate": 4.925187387485644}, "datetime": {"datetime": "2024-06-12 22:26:07", "elapsed": 81.568567, "delta": 0.112492}}
{"target": -231.47862339311442, "params": {"p_ai": 8.11309762614833, "p_al": 6.123977065658692, "p_ex": 4.086676353275073, "prior": 1.7698653193819143, "rate": 3.977123246381154}, "datetime": {"datetime": "2024-06-12 22:26:07", "elapsed": 81.681552, "delta": 0.112985}}
{"target": -244.06341746341593, "params": {"p_ai": 4.852641324647453, "p_al": 9.905855341048484, "p_ex": 2.842666564129935, "prior": 1.6572311251158391, "rate": 2.206534559640926}, "datetime": {"datetime": "2024-06-12 22:26:07", "elapsed": 81.794251, "delta": 0.112699}}
{"target": -118.57361733874836, "params": {"p_ai": 2.115461976224172, "p_al": 0.761400858057041, "p_ex": 3.6497120765361126, "prior": 2.848055513881634, "rate": 8.876000332641663}, "datetime": {"datetime": "2024-06-12 22:26:07", "elapsed": 81.907978, "delta": 0.113727}}
{"target": -186.00537917246524, "params": {"p_ai": 7.802815839954234, "p_al": 1.09154050351661, "p_ex": 8.505184450178726, "prior": 1.0968764704846565, "rate": 7.2023572600056704}, "datetime": {"datetime": "2024-06-12 22:26:07", "elapsed": 82.020771, "delta": 0.112793}}
{"target": -143.10807106840457, "params": {"p_ai": 5.728670154913063, "p_al": 0.8689970342905287, "p_ex": 9.053375032737591, "prior": 8.745790582338879, "rate": 8.438673461887907}, "datetime": {"datetime": "2024-06-12 22:26:07", "elapsed": 82.133471, "delta": 0.1127}}
{"target": -137.3343751316988, "params": {"p_ai": 3.6963039838180336, "p_al": 2.2302911723421603, "p_ex": 9.971119436933105, "prior": 8.17356631642956, "rate": 0.42223947812043505}, "datetime": {"datetime": "2024-06-12 22:26:07", "elapsed": 82.245678, "delta": 0.112207}}
{"target": -134.6940899467234, "params": {"p_ai": 3.733405500770418, "p_al": 8.122057570514098, "p_ex": 5.284318582532073, "prior": 2.4720611251756845, "rate": 7.9290864165444885}, "datetime": {"datetime": "2024-06-12 22:26:07", "elapsed": 82.357887, "delta": 0.112209}}
