{"target": -2189.1915475224346, "params": {"gamma": 6.586021847542061, "lr": 0.18119538195386165}, "datetime": {"datetime": "2024-06-13 22:59:28", "elapsed": 3.747933, "delta": 0.003989}}
{"target": -1644.9024996934036, "params": {"gamma": 7.8807074621719, "lr": 0.6028653375383973}, "datetime": {"datetime": "2024-06-13 22:59:28", "elapsed": 3.751922, "delta": 0.003989}}
{"target": -2840.7512658272367, "params": {"gamma": 9.80334851848814, "lr": 0.22238319353117575}, "datetime": {"datetime": "2024-06-13 22:59:28", "elapsed": 3.755911, "delta": 0.003989}}
{"target": -1186.4804945265166, "params": {"gamma": 4.663198475191569, "lr": 0.8956418025994466}, "datetime": {"datetime": "2024-06-13 22:59:28", "elapsed": 3.760898, "delta": 0.004987}}
{"target": -1354.012191167662, "params": {"gamma": 6.014732663578183, "lr": 0.725958845848815}, "datetime": {"datetime": "2024-06-13 22:59:28", "elapsed": 3.764887, "delta": 0.003989}}
{"target": -921.6290257636363, "params": {"gamma": 4.137287971849402, "lr": 0.6843096218313198}, "datetime": {"datetime": "2024-06-13 22:59:28", "elapsed": 3.768876, "delta": 0.003989}}
{"target": -2892.53913359889, "params": {"gamma": 9.460604243445784, "lr": 0.20018606573932207}, "datetime": {"datetime": "2024-06-13 22:59:28", "elapsed": 3.772865, "delta": 0.003989}}
{"target": -2043.911237076563, "params": {"gamma": 8.073845273509328, "lr": 0.9695380120998964}, "datetime": {"datetime": "2024-06-13 22:59:28", "elapsed": 3.776855, "delta": 0.00399}}
{"target": -156.45568669239913, "params": {"gamma": 0.146672748901554, "lr": 0.21520958659442757}, "datetime": {"datetime": "2024-06-13 22:59:28", "elapsed": 3.781842, "delta": 0.004987}}
{"target": -300.1759181041729, "params": {"gamma": 1.1746518262109842, "lr": 0.7674235177414532}, "datetime": {"datetime": "2024-06-13 22:59:28", "elapsed": 3.785833, "delta": 0.003991}}
{"target": -248.54668288845184, "params": {"gamma": 0.8130846428413901, "lr": 0.9984135585909075}, "datetime": {"datetime": "2024-06-13 22:59:28", "elapsed": 3.789822, "delta": 0.003989}}
{"target": -998.4169773707303, "params": {"gamma": 3.8967305467771722, "lr": 0.9052027659330404}, "datetime": {"datetime": "2024-06-13 22:59:28", "elapsed": 3.794849, "delta": 0.005027}}
{"target": -417.5116820756041, "params": {"gamma": 1.886587457391179, "lr": 0.44087219982229087}, "datetime": {"datetime": "2024-06-13 22:59:28", "elapsed": 3.800827, "delta": 0.005978}}
{"target": -1768.4630593045772, "params": {"gamma": 8.448273378243028, "lr": 0.5952697806732562}, "datetime": {"datetime": "2024-06-13 22:59:28", "elapsed": 3.804822, "delta": 0.003995}}
{"target": -979.795218300179, "params": {"gamma": 4.6221188088168805, "lr": 0.5126497467571176}, "datetime": {"datetime": "2024-06-13 22:59:28", "elapsed": 3.808809, "delta": 0.003987}}
{"target": -1210.8260855380945, "params": {"gamma": 5.739281383396582, "lr": 0.4403192075855932}, "datetime": {"datetime": "2024-06-13 22:59:28", "elapsed": 3.813795, "delta": 0.004986}}
{"target": -659.8934059161695, "params": {"gamma": 1.936396018280381, "lr": 0.11396576145918635}, "datetime": {"datetime": "2024-06-13 22:59:28", "elapsed": 3.817786, "delta": 0.003991}}
{"target": -552.2296587939461, "params": {"gamma": 1.5131280457741099, "lr": 0.0524909638531339}, "datetime": {"datetime": "2024-06-13 22:59:28", "elapsed": 3.821776, "delta": 0.00399}}
{"target": -1328.339291435912, "params": {"gamma": 5.587205434225252, "lr": 0.8477210140360106}, "datetime": {"datetime": "2024-06-13 22:59:28", "elapsed": 3.825767, "delta": 0.003991}}
{"target": -1269.047478177628, "params": {"gamma": 3.5918342699021832, "lr": 0.07531087263581782}, "datetime": {"datetime": "2024-06-13 22:59:28", "elapsed": 3.829757, "delta": 0.00399}}
{"target": -898.2778305577993, "params": {"gamma": 4.257818395439178, "lr": 0.6020078384720013}, "datetime": {"datetime": "2024-06-13 22:59:28", "elapsed": 3.833746, "delta": 0.003989}}
{"target": -989.7163998514219, "params": {"gamma": 4.254609252290801, "lr": 0.81072123360737}, "datetime": {"datetime": "2024-06-13 22:59:28", "elapsed": 3.837738, "delta": 0.003992}}
{"target": -2282.520728732302, "params": {"gamma": 9.418920575620866, "lr": 0.8699107732683544}, "datetime": {"datetime": "2024-06-13 22:59:28", "elapsed": 3.842726, "delta": 0.004988}}
{"target": -1425.2009542470914, "params": {"gamma": 7.040290983300606, "lr": 0.4702989247821753}, "datetime": {"datetime": "2024-06-13 22:59:28", "elapsed": 3.847258, "delta": 0.004532}}
{"target": -2391.272534362168, "params": {"gamma": 6.827297730989611, "lr": 0.013418310556529534}, "datetime": {"datetime": "2024-06-13 22:59:28", "elapsed": 3.851247, "delta": 0.003989}}
{"target": -3259.5739754636174, "params": {"gamma": 9.824798706901937, "lr": 0.17207733182889595}, "datetime": {"datetime": "2024-06-13 22:59:28", "elapsed": 3.855237, "delta": 0.00399}}
{"target": -2091.134279365198, "params": {"gamma": 9.062697699220857, "lr": 0.8071099016661061}, "datetime": {"datetime": "2024-06-13 22:59:28", "elapsed": 3.860223, "delta": 0.004986}}
{"target": -1985.943365964556, "params": {"gamma": 8.00159670418549, "lr": 0.2689360577850649}, "datetime": {"datetime": "2024-06-13 22:59:28", "elapsed": 3.864213, "delta": 0.00399}}
{"target": -478.4273328805225, "params": {"gamma": 2.1923189037668234, "lr": 0.42880069291408873}, "datetime": {"datetime": "2024-06-13 22:59:28", "elapsed": 3.868202, "delta": 0.003989}}
{"target": -1717.1520163200864, "params": {"gamma": 8.493861636205818, "lr": 0.45037964247172024}, "datetime": {"datetime": "2024-06-13 22:59:28", "elapsed": 3.872191, "delta": 0.003989}}
{"target": -2112.577530506041, "params": {"gamma": 9.354265719956611, "lr": 0.352679327251738}, "datetime": {"datetime": "2024-06-13 22:59:28", "elapsed": 3.876181, "delta": 0.00399}}
{"target": -1571.5126829920348, "params": {"gamma": 6.194302264801901, "lr": 0.9806990363557802}, "datetime": {"datetime": "2024-06-13 22:59:28", "elapsed": 3.881167, "delta": 0.004986}}
{"target": -2255.148268955668, "params": {"gamma": 6.434981759885809, "lr": 0.04549821604060378}, "datetime": {"datetime": "2024-06-13 22:59:28", "elapsed": 3.885157, "delta": 0.00399}}
{"target": -1054.3348990752409, "params": {"gamma": 4.636107352426167, "lr": 0.3347513437136638}, "datetime": {"datetime": "2024-06-13 22:59:28", "elapsed": 3.889146, "delta": 0.003989}}
{"target": -1328.4494865789547, "params": {"gamma": 5.322283303668225, "lr": 0.2847462086131314}, "datetime": {"datetime": "2024-06-13 22:59:28", "elapsed": 3.893135, "delta": 0.003989}}
{"target": -303.2905032836655, "params": {"gamma": 1.223490041069798, "lr": 0.6682889887508018}, "datetime": {"datetime": "2024-06-13 22:59:28", "elapsed": 3.897124, "delta": 0.003989}}
{"target": -1654.9714612307027, "params": {"gamma": 6.8139161891581725, "lr": 0.8671392999990885}, "datetime": {"datetime": "2024-06-13 22:59:28", "elapsed": 3.901114, "delta": 0.00399}}
{"target": -334.55608733924873, "params": {"gamma": 1.3246825541338114, "lr": 0.798620308278031}, "datetime": {"datetime": "2024-06-13 22:59:28", "elapsed": 3.905104, "delta": 0.00399}}
{"target": -1733.079498775419, "params": {"gamma": 8.267860615312884, "lr": 0.6465499357511519}, "datetime": {"datetime": "2024-06-13 22:59:28", "elapsed": 3.91009, "delta": 0.004986}}
{"target": -530.1209146447163, "params": {"gamma": 2.0500165356605575, "lr": 0.2614207144058379}, "datetime": {"datetime": "2024-06-13 22:59:28", "elapsed": 3.914079, "delta": 0.003989}}
{"target": -889.5371711561367, "params": {"gamma": 4.185549678574218, "lr": 0.5417990727827313}, "datetime": {"datetime": "2024-06-13 22:59:28", "elapsed": 3.918069, "delta": 0.00399}}
{"target": -970.9863150612035, "params": {"gamma": 4.774902117966579, "lr": 0.4674598920453694}, "datetime": {"datetime": "2024-06-13 22:59:28", "elapsed": 3.922058, "delta": 0.003989}}
{"target": -2036.6751268517753, "params": {"gamma": 8.398567261266477, "lr": 0.8701023653075677}, "datetime": {"datetime": "2024-06-13 22:59:28", "elapsed": 3.927045, "delta": 0.004987}}
{"target": -2008.9545917056664, "params": {"gamma": 8.16772288980329, "lr": 0.8778014186346996}, "datetime": {"datetime": "2024-06-13 22:59:28", "elapsed": 3.931034, "delta": 0.003989}}
{"target": -1449.9953921508866, "params": {"gamma": 5.710516610608794, "lr": 0.9640361333390818}, "datetime": {"datetime": "2024-06-13 22:59:28", "elapsed": 3.935023, "delta": 0.003989}}
{"target": -1270.4883957714267, "params": {"gamma": 6.065836938156427, "lr": 0.6039477410796814}, "datetime": {"datetime": "2024-06-13 22:59:28", "elapsed": 3.939013, "delta": 0.00399}}
{"target": -716.7328588023585, "params": {"gamma": 3.193658073009114, "lr": 0.681204184117019}, "datetime": {"datetime": "2024-06-13 22:59:28", "elapsed": 3.943003, "delta": 0.00399}}
{"target": -224.93430639437688, "params": {"gamma": 0.5206049193651046, "lr": 0.13454642101194225}, "datetime": {"datetime": "2024-06-13 22:59:28", "elapsed": 3.947744, "delta": 0.004741}}
{"target": -307.3969514468022, "params": {"gamma": 1.303291433560078, "lr": 0.6552012872247357}, "datetime": {"datetime": "2024-06-13 22:59:28", "elapsed": 3.951734, "delta": 0.00399}}
{"target": -417.79777818913766, "params": {"gamma": 1.7541505851216117, "lr": 0.3411468232515472}, "datetime": {"datetime": "2024-06-13 22:59:28", "elapsed": 3.955723, "delta": 0.003989}}
{"target": -193.74029990482617, "params": {"gamma": 0.44407224667521283, "lr": 0.2337343601165106}, "datetime": {"datetime": "2024-06-13 22:59:28", "elapsed": 3.96071, "delta": 0.004987}}
{"target": -2022.3447218002332, "params": {"gamma": 9.642279024168092, "lr": 0.5091394025163677}, "datetime": {"datetime": "2024-06-13 22:59:28", "elapsed": 3.964699, "delta": 0.003989}}
{"target": -348.2430694897749, "params": {"gamma": 1.5115941101958479, "lr": 0.5230085317344643}, "datetime": {"datetime": "2024-06-13 22:59:28", "elapsed": 3.968689, "delta": 0.00399}}
{"target": -2286.4313936012773, "params": {"gamma": 9.435150329726897, "lr": 0.865686014006334}, "datetime": {"datetime": "2024-06-13 22:59:28", "elapsed": 3.973675, "delta": 0.004986}}
{"target": -985.1320323851899, "params": {"gamma": 3.9212666234349385, "lr": 0.28386751597340265}, "datetime": {"datetime": "2024-06-13 22:59:28", "elapsed": 3.977665, "delta": 0.00399}}
{"target": -2210.1683579586092, "params": {"gamma": 7.617536897064726, "lr": 0.2404843248030878}, "datetime": {"datetime": "2024-06-13 22:59:28", "elapsed": 3.981654, "delta": 0.003989}}
{"target": -913.8781530429864, "params": {"gamma": 2.5430693142188665, "lr": 0.08408635417992949}, "datetime": {"datetime": "2024-06-13 22:59:28", "elapsed": 3.985643, "delta": 0.003989}}
{"target": -1746.8291555721394, "params": {"gamma": 8.641576803545505, "lr": 0.44789891562027984}, "datetime": {"datetime": "2024-06-13 22:59:28", "elapsed": 3.989632, "delta": 0.003989}}
{"target": -1255.3970724088774, "params": {"gamma": 5.618300819839127, "lr": 0.7367109576935199}, "datetime": {"datetime": "2024-06-13 22:59:28", "elapsed": 3.994619, "delta": 0.004987}}
{"target": -1610.9283539981575, "params": {"gamma": 7.965092182444826, "lr": 0.44750813899031383}, "datetime": {"datetime": "2024-06-13 22:59:28", "elapsed": 3.998608, "delta": 0.003989}}
{"target": -445.90956585611866, "params": {"gamma": 1.8420914342018075, "lr": 0.8287328515283018}, "datetime": {"datetime": "2024-06-13 22:59:28", "elapsed": 4.002598, "delta": 0.00399}}
{"target": -161.17984481096948, "params": {"gamma": 0.3109486003227299, "lr": 0.9467282696079524}, "datetime": {"datetime": "2024-06-13 22:59:28", "elapsed": 4.006587, "delta": 0.003989}}
{"target": -1423.2257459089888, "params": {"gamma": 5.770201486928539, "lr": 0.875388738450687}, "datetime": {"datetime": "2024-06-13 22:59:28", "elapsed": 4.010577, "delta": 0.00399}}
{"target": -1515.8158425125184, "params": {"gamma": 6.086045804298614, "lr": 0.2516595841523237}, "datetime": {"datetime": "2024-06-13 22:59:28", "elapsed": 4.015563, "delta": 0.004986}}
{"target": -637.9979376849966, "params": {"gamma": 2.962003105035548, "lr": 0.5329225590316532}, "datetime": {"datetime": "2024-06-13 22:59:28", "elapsed": 4.019552, "delta": 0.003989}}
{"target": -2995.626071105417, "params": {"gamma": 9.620820050258088, "lr": 0.18449560449017766}, "datetime": {"datetime": "2024-06-13 22:59:28", "elapsed": 4.023542, "delta": 0.00399}}
{"target": -1158.0808017020333, "params": {"gamma": 5.099473883052948, "lr": 0.3437881034368444}, "datetime": {"datetime": "2024-06-13 22:59:28", "elapsed": 4.027531, "delta": 0.003989}}
{"target": -1777.9772027506065, "params": {"gamma": 7.697483724226901, "lr": 0.802866486432424}, "datetime": {"datetime": "2024-06-13 22:59:28", "elapsed": 4.031521, "delta": 0.00399}}
{"target": -1305.062686161995, "params": {"gamma": 4.246174543111865, "lr": 0.20412249999433585}, "datetime": {"datetime": "2024-06-13 22:59:28", "elapsed": 4.036507, "delta": 0.004986}}
{"target": -253.36653454803752, "params": {"gamma": 0.6718275138282244, "lr": 0.1986482644205615}, "datetime": {"datetime": "2024-06-13 22:59:28", "elapsed": 4.040496, "delta": 0.003989}}
{"target": -586.4143405559312, "params": {"gamma": 2.7247361004436925, "lr": 0.5987889179092104}, "datetime": {"datetime": "2024-06-13 22:59:28", "elapsed": 4.044486, "delta": 0.00399}}
{"target": -2927.23614861815, "params": {"gamma": 8.730961889247082, "lr": 0.1282309388454863}, "datetime": {"datetime": "2024-06-13 22:59:28", "elapsed": 4.048475, "delta": 0.003989}}
{"target": -2112.3747161783103, "params": {"gamma": 9.581929228407246, "lr": 0.6831708438541465}, "datetime": {"datetime": "2024-06-13 22:59:28", "elapsed": 4.053462, "delta": 0.004987}}
{"target": -1879.5152647153827, "params": {"gamma": 7.419900392548125, "lr": 0.9828807859209906}, "datetime": {"datetime": "2024-06-13 22:59:28", "elapsed": 4.057451, "delta": 0.003989}}
{"target": -884.5892117442493, "params": {"gamma": 4.161591625408803, "lr": 0.5315834658959018}, "datetime": {"datetime": "2024-06-13 22:59:28", "elapsed": 4.06144, "delta": 0.003989}}
{"target": -1429.9752182099369, "params": {"gamma": 6.792450289006991, "lr": 0.5128751425899913}, "datetime": {"datetime": "2024-06-13 22:59:28", "elapsed": 4.06643, "delta": 0.00499}}
{"target": -1045.517508083357, "params": {"gamma": 2.991824334263695, "lr": 0.10538467273003926}, "datetime": {"datetime": "2024-06-13 22:59:28", "elapsed": 4.071415, "delta": 0.004985}}
{"target": -662.4177800146139, "params": {"gamma": 2.8500365250757254, "lr": 0.7688528482877579}, "datetime": {"datetime": "2024-06-13 22:59:28", "elapsed": 4.076405, "delta": 0.00499}}
{"target": -1482.3961887356195, "params": {"gamma": 6.40818626181401, "lr": 0.8013307032031926}, "datetime": {"datetime": "2024-06-13 22:59:28", "elapsed": 4.081387, "delta": 0.004982}}
{"target": -1504.7036079283207, "params": {"gamma": 5.171688199172296, "lr": 0.23210002184633505}, "datetime": {"datetime": "2024-06-13 22:59:28", "elapsed": 4.085377, "delta": 0.00399}}
{"target": -1413.6150036802792, "params": {"gamma": 6.279991307892046, "lr": 0.30400549002230315}, "datetime": {"datetime": "2024-06-13 22:59:28", "elapsed": 4.090363, "delta": 0.004986}}
{"target": -160.28159369963836, "params": {"gamma": 0.29625792067526757, "lr": 0.9033311768168756}, "datetime": {"datetime": "2024-06-13 22:59:28", "elapsed": 4.094353, "delta": 0.00399}}
{"target": -883.4602099483477, "params": {"gamma": 4.2042753184590484, "lr": 0.4261307804247122}, "datetime": {"datetime": "2024-06-13 22:59:28", "elapsed": 4.099339, "delta": 0.004986}}
{"target": -1877.7244367244075, "params": {"gamma": 7.412776101583259, "lr": 0.9484584043057936}, "datetime": {"datetime": "2024-06-13 22:59:28", "elapsed": 4.10433, "delta": 0.004991}}
{"target": -278.4653792828279, "params": {"gamma": 0.7260827649265881, "lr": 0.17270108813227492}, "datetime": {"datetime": "2024-06-13 22:59:28", "elapsed": 4.109888, "delta": 0.005558}}
{"target": -943.7956264890929, "params": {"gamma": 3.224252533837974, "lr": 0.248424246330199}, "datetime": {"datetime": "2024-06-13 22:59:28", "elapsed": 4.116868, "delta": 0.00698}}
{"target": -1149.119230922893, "params": {"gamma": 4.9554543186305695, "lr": 0.8244596107976835}, "datetime": {"datetime": "2024-06-13 22:59:28", "elapsed": 4.120857, "delta": 0.003989}}
{"target": -1787.4602789488636, "params": {"gamma": 8.539870177006817, "lr": 0.5958299420587015}, "datetime": {"datetime": "2024-06-13 22:59:28", "elapsed": 4.125844, "delta": 0.004987}}
{"target": -761.0725700558065, "params": {"gamma": 2.4024971645768356, "lr": 0.18649268827268528}, "datetime": {"datetime": "2024-06-13 22:59:28", "elapsed": 4.129833, "delta": 0.003989}}
{"target": -2157.2688010675497, "params": {"gamma": 7.434161733507989, "lr": 0.23721405764354764}, "datetime": {"datetime": "2024-06-13 22:59:28", "elapsed": 4.133822, "delta": 0.003989}}
{"target": -1206.3323007842037, "params": {"gamma": 5.395369418374571, "lr": 0.7492807871271918}, "datetime": {"datetime": "2024-06-13 22:59:28", "elapsed": 4.138809, "delta": 0.004987}}
{"target": -770.0142302492579, "params": {"gamma": 2.283262797049244, "lr": 0.17450118757274402}, "datetime": {"datetime": "2024-06-13 22:59:28", "elapsed": 4.142798, "delta": 0.003989}}
{"target": -198.4878394837081, "params": {"gamma": 0.39831713007193664, "lr": 0.14756883769994755}, "datetime": {"datetime": "2024-06-13 22:59:28", "elapsed": 4.147785, "delta": 0.004987}}
{"target": -2943.564054423455, "params": {"gamma": 8.51453763056296, "lr": 0.10463591174495857}, "datetime": {"datetime": "2024-06-13 22:59:28", "elapsed": 4.151774, "delta": 0.003989}}
{"target": -800.5585479331909, "params": {"gamma": 2.2372268102276505, "lr": 0.03275719974597713}, "datetime": {"datetime": "2024-06-13 22:59:28", "elapsed": 4.156528, "delta": 0.004754}}
{"target": -1963.916793726657, "params": {"gamma": 6.763889997877335, "lr": 0.2317031414647196}, "datetime": {"datetime": "2024-06-13 22:59:28", "elapsed": 4.160518, "delta": 0.00399}}
{"target": -1393.135410298409, "params": {"gamma": 4.136503586299842, "lr": 0.13930117132372677}, "datetime": {"datetime": "2024-06-13 22:59:28", "elapsed": 4.164507, "delta": 0.003989}}
{"target": -794.846821945574, "params": {"gamma": 3.772795658827454, "lr": 0.4244374662396153}, "datetime": {"datetime": "2024-06-13 22:59:28", "elapsed": 4.169493, "delta": 0.004986}}
{"target": -991.7242258368786, "params": {"gamma": 4.730176553648271, "lr": 0.4228418130386131}, "datetime": {"datetime": "2024-06-13 22:59:28", "elapsed": 4.173483, "delta": 0.00399}}
{"target": -271.2198587899172, "params": {"gamma": 1.028462882177769, "lr": 0.772580266631544}, "datetime": {"datetime": "2024-06-13 22:59:28", "elapsed": 4.177472, "delta": 0.003989}}
{"target": -315.77013401522004, "params": {"gamma": 1.3729228288956241, "lr": 0.424292374325812}, "datetime": {"datetime": "2024-06-13 22:59:28", "elapsed": 4.182459, "delta": 0.004987}}
{"target": -625.8493478317857, "params": {"gamma": 2.7202891684153423, "lr": 0.3010079430799063}, "datetime": {"datetime": "2024-06-13 22:59:28", "elapsed": 4.186448, "delta": 0.003989}}
{"target": -1415.868008100678, "params": {"gamma": 6.72453530509174, "lr": 0.5177867238134145}, "datetime": {"datetime": "2024-06-13 22:59:28", "elapsed": 4.190437, "delta": 0.003989}}
{"target": -405.1713381631932, "params": {"gamma": 1.9016804177489257, "lr": 0.4691344398333771}, "datetime": {"datetime": "2024-06-13 22:59:28", "elapsed": 4.195425, "delta": 0.004988}}
{"target": -757.7192821839872, "params": {"gamma": 3.396069147094239, "lr": 0.7044971982481261}, "datetime": {"datetime": "2024-06-13 22:59:28", "elapsed": 4.199413, "delta": 0.003988}}
{"target": -552.5010140282225, "params": {"gamma": 2.2617259291230574, "lr": 0.8449881373583452}, "datetime": {"datetime": "2024-06-13 22:59:28", "elapsed": 4.203403, "delta": 0.00399}}
{"target": -1112.4923627765736, "params": {"gamma": 5.262770419251413, "lr": 0.5006195729230891}, "datetime": {"datetime": "2024-06-13 22:59:28", "elapsed": 4.207392, "delta": 0.003989}}
{"target": -802.5269339931964, "params": {"gamma": 2.537604383069914, "lr": 0.18615566973666398}, "datetime": {"datetime": "2024-06-13 22:59:28", "elapsed": 4.212379, "delta": 0.004987}}
{"target": -1201.0857904527197, "params": {"gamma": 4.7187188083132305, "lr": 0.9818244178252573}, "datetime": {"datetime": "2024-06-13 22:59:28", "elapsed": 4.216368, "delta": 0.003989}}
{"target": -360.49865357640437, "params": {"gamma": 1.3299294703806088, "lr": 0.28346243242805713}, "datetime": {"datetime": "2024-06-13 22:59:28", "elapsed": 4.220357, "delta": 0.003989}}
{"target": -1678.8954370740644, "params": {"gamma": 8.006611101660276, "lr": 0.6647768985107549}, "datetime": {"datetime": "2024-06-13 22:59:28", "elapsed": 4.225345, "delta": 0.004988}}
{"target": -640.7192478406054, "params": {"gamma": 2.788305328525677, "lr": 0.31464760677511183}, "datetime": {"datetime": "2024-06-13 22:59:28", "elapsed": 4.229333, "delta": 0.003988}}
{"target": -886.4179828581831, "params": {"gamma": 4.200062595764889, "lr": 0.6027867622422961}, "datetime": {"datetime": "2024-06-13 22:59:28", "elapsed": 4.233323, "delta": 0.00399}}
{"target": -1746.4265883348698, "params": {"gamma": 7.193668333443535, "lr": 0.8573003334512307}, "datetime": {"datetime": "2024-06-13 22:59:28", "elapsed": 4.238051, "delta": 0.004728}}
{"target": -1977.6312066979272, "params": {"gamma": 6.811433593113639, "lr": 0.23698206447169834}, "datetime": {"datetime": "2024-06-13 22:59:28", "elapsed": 4.24204, "delta": 0.003989}}
{"target": -2139.682465384087, "params": {"gamma": 9.257279632827263, "lr": 0.7811954006757661}, "datetime": {"datetime": "2024-06-13 22:59:28", "elapsed": 4.247027, "delta": 0.004987}}
{"target": -703.4651955838962, "params": {"gamma": 3.0745074227980154, "lr": 0.3049656416420632}, "datetime": {"datetime": "2024-06-13 22:59:28", "elapsed": 4.252014, "delta": 0.004987}}
