{"target": -205.92826484314665, "params": {"gamma": 5.695374633041013, "prior": 1.693617224474527, "rate": 4.6693333476103005}, "datetime": {"datetime": "2024-06-14 08:53:11", "elapsed": 0.893612, "delta": 0.008976}}
{"target": -157.20032756172063, "params": {"gamma": 3.452375339500995, "prior": 2.327895582359438, "rate": 5.925526175789202}, "datetime": {"datetime": "2024-06-14 08:53:11", "elapsed": 0.90259, "delta": 0.008978}}
{"target": -171.78197485033706, "params": {"gamma": 3.1233861071814677, "prior": 9.171424979336672, "rate": 9.09644561399062}, "datetime": {"datetime": "2024-06-14 08:53:11", "elapsed": 0.911566, "delta": 0.008976}}
{"target": -144.9703297907786, "params": {"gamma": 2.57192581952818, "prior": 1.1978238773658891, "rate": 1.9304343574591094}, "datetime": {"datetime": "2024-06-14 08:53:11", "elapsed": 0.920542, "delta": 0.008976}}
{"target": -336.52436654543266, "params": {"gamma": 4.996342122618183, "prior": 7.312998112948502, "rate": 2.082736189649506}, "datetime": {"datetime": "2024-06-14 08:53:11", "elapsed": 0.929225, "delta": 0.008683}}
{"target": -178.15390551791123, "params": {"gamma": 2.48108755021393, "prior": 8.531551561870033, "rate": 4.159071333957006}, "datetime": {"datetime": "2024-06-14 08:53:11", "elapsed": 0.93848, "delta": 0.009255}}
{"target": -366.2528749685365, "params": {"gamma": 6.167233986485208, "prior": 2.413294778468576, "rate": 1.0205706269985484}, "datetime": {"datetime": "2024-06-14 08:53:11", "elapsed": 0.947023, "delta": 0.008543}}
{"target": -337.4657980452175, "params": {"gamma": 5.159054312668331, "prior": 4.8236957717928455, "rate": 1.5275637692875392}, "datetime": {"datetime": "2024-06-14 08:53:11", "elapsed": 0.956, "delta": 0.008977}}
{"target": -257.4053652653361, "params": {"gamma": 6.218440511172415, "prior": 5.485700176257987, "rate": 6.541719332360473}, "datetime": {"datetime": "2024-06-14 08:53:11", "elapsed": 0.964976, "delta": 0.008976}}
{"target": -159.09880668253803, "params": {"gamma": 1.4463108557064734, "prior": 7.540125389638914, "rate": 2.221269348859427}, "datetime": {"datetime": "2024-06-14 08:53:11", "elapsed": 0.973952, "delta": 0.008976}}
{"target": -464.57081796775975, "params": {"gamma": 5.193998891835965, "prior": 7.8744306793940275, "rate": 0.22428194949007}, "datetime": {"datetime": "2024-06-14 08:53:11", "elapsed": 0.982927, "delta": 0.008975}}
{"target": -176.3854962296067, "params": {"gamma": 3.2443002348021386, "prior": 8.7419315263611, "rate": 8.447251366413093}, "datetime": {"datetime": "2024-06-14 08:53:11", "elapsed": 0.991904, "delta": 0.008977}}
{"target": -237.34697157424418, "params": {"gamma": 5.384867485352843, "prior": 8.67942191424848, "rate": 9.498110107544912}, "datetime": {"datetime": "2024-06-14 08:53:11", "elapsed": 1.000882, "delta": 0.008978}}
{"target": -630.311194448953, "params": {"gamma": 8.264243569295784, "prior": 8.555742893981733, "rate": 0.9883352748016633}, "datetime": {"datetime": "2024-06-14 08:53:11", "elapsed": 1.009858, "delta": 0.008976}}
{"target": -299.3336452916724, "params": {"gamma": 6.51339201907757, "prior": 7.064818182711264, "rate": 6.102797885653651}, "datetime": {"datetime": "2024-06-14 08:53:11", "elapsed": 1.017837, "delta": 0.007979}}
{"target": -285.97323505604066, "params": {"gamma": 7.996353002098545, "prior": 0.4422550767291791, "rate": 7.702617106815245}, "datetime": {"datetime": "2024-06-14 08:53:11", "elapsed": 1.026813, "delta": 0.008976}}
{"target": -317.13757786985866, "params": {"gamma": 7.317554278794531, "prior": 2.671014093653696, "rate": 2.571435918922645}, "datetime": {"datetime": "2024-06-14 08:53:11", "elapsed": 1.035789, "delta": 0.008976}}
{"target": -224.6594396401877, "params": {"gamma": 6.323400870983849, "prior": 3.5184448697517077, "rate": 7.966090191394868}, "datetime": {"datetime": "2024-06-14 08:53:11", "elapsed": 1.044765, "delta": 0.008976}}
{"target": -200.50053022675706, "params": {"gamma": 4.46201617380257, "prior": 7.849219206363302, "rate": 9.904727364454784}, "datetime": {"datetime": "2024-06-14 08:53:11", "elapsed": 1.053741, "delta": 0.008976}}
{"target": -146.16876274938002, "params": {"gamma": 3.0031831469994668, "prior": 1.515757699755184, "rate": 9.01318305505639}, "datetime": {"datetime": "2024-06-14 08:53:11", "elapsed": 1.062717, "delta": 0.008976}}
{"target": -283.2386192549603, "params": {"gamma": 5.416052229494846, "prior": 9.749929671465313, "rate": 6.366407395618971}, "datetime": {"datetime": "2024-06-14 08:53:11", "elapsed": 1.071693, "delta": 0.008976}}
{"target": -417.74404267158684, "params": {"gamma": 9.939136333080178, "prior": 5.506100961015221, "rate": 5.264732913121308}, "datetime": {"datetime": "2024-06-14 08:53:11", "elapsed": 1.081666, "delta": 0.009973}}
{"target": -188.22303262446812, "params": {"gamma": 1.3551436028186268, "prior": 3.6214811927404233, "rate": 0.2631594543964365}, "datetime": {"datetime": "2024-06-14 08:53:11", "elapsed": 1.090644, "delta": 0.008978}}
{"target": -210.50927119295648, "params": {"gamma": 1.6047914000169714, "prior": 7.481808207804211, "rate": 0.3049664995979595}, "datetime": {"datetime": "2024-06-14 08:53:11", "elapsed": 1.101121, "delta": 0.010477}}
{"target": -198.73904023439917, "params": {"gamma": 3.6660644293402, "prior": 8.637227903096637, "rate": 6.927084497356036}, "datetime": {"datetime": "2024-06-14 08:53:11", "elapsed": 1.110097, "delta": 0.008976}}
{"target": -239.09233421887464, "params": {"gamma": 6.90973047851962, "prior": 1.9675043294575778, "rate": 4.419600903203486}, "datetime": {"datetime": "2024-06-14 08:53:11", "elapsed": 1.119073, "delta": 0.008976}}
{"target": -413.9366853781612, "params": {"gamma": 5.816192496035568, "prior": 9.898541905870681, "rate": 2.0398583461059854}, "datetime": {"datetime": "2024-06-14 08:53:11", "elapsed": 1.12805, "delta": 0.008977}}
{"target": -136.95949914639814, "params": {"gamma": 2.478081284721786, "prior": 2.695513529351828, "rate": 7.50197396056663}, "datetime": {"datetime": "2024-06-14 08:53:11", "elapsed": 1.137025, "delta": 0.008975}}
{"target": -182.03862571327284, "params": {"gamma": 4.570296299029493, "prior": 0.6636014402698404, "rate": 5.085653889861787}, "datetime": {"datetime": "2024-06-14 08:53:11", "elapsed": 1.146001, "delta": 0.008976}}
{"target": -174.69409940222374, "params": {"gamma": 2.120389686272116, "prior": 8.006182023126081, "rate": 2.9740164836912153}, "datetime": {"datetime": "2024-06-14 08:53:11", "elapsed": 1.154977, "delta": 0.008976}}
{"target": -134.1587488063821, "params": {"gamma": 0.2770325135330818, "prior": 5.9749812496997485, "rate": 8.438560448882956}, "datetime": {"datetime": "2024-06-14 08:53:11", "elapsed": 1.163954, "delta": 0.008977}}
{"target": -213.4277127229301, "params": {"gamma": 3.81078022449808, "prior": 7.52359727618882, "rate": 5.111903641492986}, "datetime": {"datetime": "2024-06-14 08:53:11", "elapsed": 1.17293, "delta": 0.008976}}
{"target": -259.91562430917025, "params": {"gamma": 5.409977097816925, "prior": 9.598399778511348, "rate": 8.039804954094969}, "datetime": {"datetime": "2024-06-14 08:53:11", "elapsed": 1.181906, "delta": 0.008976}}
{"target": -137.88898106292154, "params": {"gamma": 0.3241983431691163, "prior": 7.1229337871898215, "rate": 4.650549814153498}, "datetime": {"datetime": "2024-06-14 08:53:11", "elapsed": 1.190882, "delta": 0.008976}}
{"target": -367.8187593680989, "params": {"gamma": 9.475541865009603, "prior": 2.2921840698025346, "rate": 2.6714531248239735}, "datetime": {"datetime": "2024-06-14 08:53:11", "elapsed": 1.200363, "delta": 0.009481}}
{"target": -148.69926233198544, "params": {"gamma": 0.8156581748077427, "prior": 4.343326403771487, "rate": 1.091078621426664}, "datetime": {"datetime": "2024-06-14 08:53:11", "elapsed": 1.208342, "delta": 0.007979}}
{"target": -292.3171411080043, "params": {"gamma": 6.3382338193585674, "prior": 8.049336050000004, "rate": 6.968308160705665}, "datetime": {"datetime": "2024-06-14 08:53:11", "elapsed": 1.217877, "delta": 0.009535}}
{"target": -255.08281856381288, "params": {"gamma": 7.66234759937663, "prior": 3.4902957864508464, "rate": 8.45866897879375}, "datetime": {"datetime": "2024-06-14 08:53:11", "elapsed": 1.226853, "delta": 0.008976}}
{"target": -224.79540276132553, "params": {"gamma": 4.2882589812194265, "prior": 8.257697717081955, "rate": 6.265335090084314}, "datetime": {"datetime": "2024-06-14 08:53:11", "elapsed": 1.235829, "delta": 0.008976}}
{"target": -167.4716164641709, "params": {"gamma": 1.435087063653779, "prior": 0.8760303085639848, "rate": 0.1843080964871599}, "datetime": {"datetime": "2024-06-14 08:53:11", "elapsed": 1.244805, "delta": 0.008976}}
{"target": -147.363707217568, "params": {"gamma": 0.6681832513959254, "prior": 4.639979755713475, "rate": 1.1343058857531372}, "datetime": {"datetime": "2024-06-14 08:53:11", "elapsed": 1.253781, "delta": 0.008976}}
{"target": -140.67910018352416, "params": {"gamma": 0.27880570513785086, "prior": 7.573128665765627, "rate": 3.949109954125934}, "datetime": {"datetime": "2024-06-14 08:53:11", "elapsed": 1.262939, "delta": 0.009158}}
{"target": -320.15990643952614, "params": {"gamma": 7.469638017579644, "prior": 4.57880778478987, "rate": 4.501417383260611}, "datetime": {"datetime": "2024-06-14 08:53:11", "elapsed": 1.271915, "delta": 0.008976}}
{"target": -196.8571759621551, "params": {"gamma": 4.7812469946715925, "prior": 4.79263887296572, "rate": 8.031830257799582}, "datetime": {"datetime": "2024-06-14 08:53:11", "elapsed": 1.279894, "delta": 0.007979}}
{"target": -367.3670604396944, "params": {"gamma": 4.024522806057501, "prior": 9.056392987401868, "rate": 0.3715734184924046}, "datetime": {"datetime": "2024-06-14 08:53:11", "elapsed": 1.289869, "delta": 0.009975}}
{"target": -253.94256673209938, "params": {"gamma": 7.738969552861467, "prior": 1.3438496732636145, "rate": 6.185517155553943}, "datetime": {"datetime": "2024-06-14 08:53:11", "elapsed": 1.298356, "delta": 0.008487}}
{"target": -152.53016032412464, "params": {"gamma": 0.10463224909098416, "prior": 5.4324100975058345, "rate": 0.031176548239344033}, "datetime": {"datetime": "2024-06-14 08:53:11", "elapsed": 1.307331, "delta": 0.008975}}
{"target": -416.2904090935565, "params": {"gamma": 9.511986661116556, "prior": 9.063480133657503, "rate": 7.959873452480752}, "datetime": {"datetime": "2024-06-14 08:53:11", "elapsed": 1.316304, "delta": 0.008973}}
{"target": -376.3465448434646, "params": {"gamma": 9.15282792482796, "prior": 1.541026488468131, "rate": 1.5781429686354622}, "datetime": {"datetime": "2024-06-14 08:53:11", "elapsed": 1.325281, "delta": 0.008977}}
{"target": -132.60867199606216, "params": {"gamma": 1.8771290973514374, "prior": 6.262709432769219, "rate": 9.05818915058701}, "datetime": {"datetime": "2024-06-14 08:53:11", "elapsed": 1.334285, "delta": 0.009004}}
{"target": -403.80721415804095, "params": {"gamma": 9.899561828412377, "prior": 7.1401123417815775, "rate": 7.318272291013812}, "datetime": {"datetime": "2024-06-14 08:53:11", "elapsed": 1.343233, "delta": 0.008948}}
{"target": -463.2026313190388, "params": {"gamma": 9.093022752238, "prior": 4.0686499504740965, "rate": 2.4992569515701426}, "datetime": {"datetime": "2024-06-14 08:53:11", "elapsed": 1.352208, "delta": 0.008975}}
{"target": -122.84838437754033, "params": {"gamma": 1.7351282777004415, "prior": 1.2826247983039172, "rate": 8.126293269740254}, "datetime": {"datetime": "2024-06-14 08:53:11", "elapsed": 1.361184, "delta": 0.008976}}
{"target": -120.30259065602856, "params": {"gamma": 1.4687769417990144, "prior": 2.716545078996317, "rate": 8.191072697156674}, "datetime": {"datetime": "2024-06-14 08:53:11", "elapsed": 1.37016, "delta": 0.008976}}
{"target": -232.41363823643982, "params": {"gamma": 3.106561930690306, "prior": 9.825932748000135, "rate": 2.6671203828142005}, "datetime": {"datetime": "2024-06-14 08:53:11", "elapsed": 1.379137, "delta": 0.008977}}
{"target": -197.40970394635437, "params": {"gamma": 5.336999796367143, "prior": 3.2132234107399116, "rate": 9.1078175389072}, "datetime": {"datetime": "2024-06-14 08:53:11", "elapsed": 1.388112, "delta": 0.008975}}
{"target": -181.21439610474448, "params": {"gamma": 3.666199881868493, "prior": 4.392564040004329, "rate": 5.123414630091336}, "datetime": {"datetime": "2024-06-14 08:53:11", "elapsed": 1.397088, "delta": 0.008976}}
{"target": -328.4257041740358, "params": {"gamma": 9.388925887219763, "prior": 0.4063951620843921, "rate": 7.1690697576532605}, "datetime": {"datetime": "2024-06-14 08:53:11", "elapsed": 1.406065, "delta": 0.008977}}
{"target": -308.71214787284487, "params": {"gamma": 8.910298523969097, "prior": 0.37014351282294133, "rate": 5.220990421277856}, "datetime": {"datetime": "2024-06-14 08:53:11", "elapsed": 1.414927, "delta": 0.008862}}
{"target": -194.89907888031468, "params": {"gamma": 3.2605721278884827, "prior": 8.6089442765693, "rate": 5.585606992674257}, "datetime": {"datetime": "2024-06-14 08:53:11", "elapsed": 1.423899, "delta": 0.008972}}
{"target": -266.89352510153554, "params": {"gamma": 6.902588453759316, "prior": 4.58324964952022, "rate": 6.2834620661760505}, "datetime": {"datetime": "2024-06-14 08:53:11", "elapsed": 1.432875, "delta": 0.008976}}
{"target": -150.25880164048706, "params": {"gamma": 2.901678420022571, "prior": 0.19255092186850625, "rate": 5.767982593935921}, "datetime": {"datetime": "2024-06-14 08:53:11", "elapsed": 1.441852, "delta": 0.008977}}
{"target": -155.4271603045566, "params": {"gamma": 3.1151306971104957, "prior": 5.220949225161185, "rate": 9.164142124685924}, "datetime": {"datetime": "2024-06-14 08:53:11", "elapsed": 1.450828, "delta": 0.008976}}
{"target": -188.82090380110867, "params": {"gamma": 4.265321410225459, "prior": 2.549220762363616, "rate": 3.7135663190292654}, "datetime": {"datetime": "2024-06-14 08:53:11", "elapsed": 1.459804, "delta": 0.008976}}
{"target": -404.06991352818204, "params": {"gamma": 9.31867930524877, "prior": 9.374996974960027, "rate": 8.443455155708566}, "datetime": {"datetime": "2024-06-14 08:53:11", "elapsed": 1.46878, "delta": 0.008976}}
{"target": -557.7369591817012, "params": {"gamma": 9.202144936542298, "prior": 2.356212870518038, "rate": 0.8757346133263552}, "datetime": {"datetime": "2024-06-14 08:53:11", "elapsed": 1.477756, "delta": 0.008976}}
{"target": -166.77368823507933, "params": {"gamma": 2.273870053110603, "prior": 3.2123284995290997, "rate": 1.7484839976867594}, "datetime": {"datetime": "2024-06-14 08:53:11", "elapsed": 1.486731, "delta": 0.008975}}
{"target": -223.585179884665, "params": {"gamma": 6.071334525562633, "prior": 4.194505508511497, "rate": 8.163698766760314}, "datetime": {"datetime": "2024-06-14 08:53:11", "elapsed": 1.495708, "delta": 0.008977}}
{"target": -167.842808419197, "params": {"gamma": 1.8521188522920375, "prior": 7.048577644587473, "rate": 2.4043158928665394}, "datetime": {"datetime": "2024-06-14 08:53:11", "elapsed": 1.504684, "delta": 0.008976}}
{"target": -427.31768979955325, "params": {"gamma": 5.742616669319757, "prior": 3.55497721248581, "rate": 0.5705870304288444}, "datetime": {"datetime": "2024-06-14 08:53:11", "elapsed": 1.51366, "delta": 0.008976}}
{"target": -156.93549871754138, "params": {"gamma": 2.288907895932798, "prior": 6.674615298012455, "rate": 4.973003683511953}, "datetime": {"datetime": "2024-06-14 08:53:11", "elapsed": 1.522636, "delta": 0.008976}}
{"target": -193.25349304499068, "params": {"gamma": 5.190640824752714, "prior": 1.8297294860783329, "rate": 5.7075877996110185}, "datetime": {"datetime": "2024-06-14 08:53:11", "elapsed": 1.531612, "delta": 0.008976}}
{"target": -472.14701107710675, "params": {"gamma": 9.967537498656892, "prior": 8.186667577037056, "rate": 5.944131865685947}, "datetime": {"datetime": "2024-06-14 08:53:11", "elapsed": 1.540589, "delta": 0.008977}}
{"target": -481.56223141029756, "params": {"gamma": 9.759914694240718, "prior": 9.025469588226281, "rate": 5.956483728092853}, "datetime": {"datetime": "2024-06-14 08:53:11", "elapsed": 1.549564, "delta": 0.008975}}
{"target": -138.054117212285, "params": {"gamma": 0.32523082681925664, "prior": 1.0264132485930595, "rate": 0.6546517787072217}, "datetime": {"datetime": "2024-06-14 08:53:11", "elapsed": 1.55854, "delta": 0.008976}}
{"target": -180.3050915440127, "params": {"gamma": 4.517879753766062, "prior": 3.816804848361792, "rate": 9.753524992668595}, "datetime": {"datetime": "2024-06-14 08:53:11", "elapsed": 1.567516, "delta": 0.008976}}
{"target": -140.0335048466703, "params": {"gamma": 1.6806649487029495, "prior": 9.730597160133286, "rate": 7.674981213761269}, "datetime": {"datetime": "2024-06-14 08:53:11", "elapsed": 1.577489, "delta": 0.009973}}
{"target": -339.48388780260296, "params": {"gamma": 8.242554158405353, "prior": 6.362896586102173, "rate": 6.6876589692971145}, "datetime": {"datetime": "2024-06-14 08:53:11", "elapsed": 1.586467, "delta": 0.008978}}
{"target": -193.10193420848344, "params": {"gamma": 4.769346452878413, "prior": 0.23004993353841524, "rate": 3.530707849332706}, "datetime": {"datetime": "2024-06-14 08:53:11", "elapsed": 1.597474, "delta": 0.011007}}
{"target": -263.5542738330761, "params": {"gamma": 4.9212259431340915, "prior": 7.327902989792033, "rate": 4.686814799118347}, "datetime": {"datetime": "2024-06-14 08:53:11", "elapsed": 1.607441, "delta": 0.009967}}
{"target": -385.3442191332076, "params": {"gamma": 4.574591755978228, "prior": 1.4628611353614713, "rate": 0.10987644930098642}, "datetime": {"datetime": "2024-06-14 08:53:11", "elapsed": 1.617415, "delta": 0.009974}}
{"target": -249.0856083521731, "params": {"gamma": 7.583024326509486, "prior": 3.267533096969016, "rate": 9.843850118484914}, "datetime": {"datetime": "2024-06-14 08:53:11", "elapsed": 1.626391, "delta": 0.008976}}
{"target": -138.20942874161335, "params": {"gamma": 2.2031220273654006, "prior": 3.453209452268629, "rate": 5.239437460525651}, "datetime": {"datetime": "2024-06-14 08:53:11", "elapsed": 1.635367, "delta": 0.008976}}
{"target": -502.31374368947826, "params": {"gamma": 7.549159679148268, "prior": 4.692192060612927, "rate": 1.2491006085736511}, "datetime": {"datetime": "2024-06-14 08:53:11", "elapsed": 1.644343, "delta": 0.008976}}
{"target": -162.40838191666452, "params": {"gamma": 3.125701283542003, "prior": 5.094739780039847, "rate": 6.73881623116066}, "datetime": {"datetime": "2024-06-14 08:53:11", "elapsed": 1.653319, "delta": 0.008976}}
{"target": -560.9900386595075, "params": {"gamma": 7.70172941316461, "prior": 1.3903242314481075, "rate": 0.23012839809249527}, "datetime": {"datetime": "2024-06-14 08:53:11", "elapsed": 1.662295, "delta": 0.008976}}
{"target": -479.98544682664664, "params": {"gamma": 5.191304139797683, "prior": 8.118888235557922, "rate": 0.12702506653173326}, "datetime": {"datetime": "2024-06-14 08:53:11", "elapsed": 1.671271, "delta": 0.008976}}
{"target": -342.1998882487444, "params": {"gamma": 6.725025976692686, "prior": 6.899401443904219, "rate": 4.49301828911279}, "datetime": {"datetime": "2024-06-14 08:53:11", "elapsed": 1.680247, "delta": 0.008976}}
{"target": -805.0745700760242, "params": {"gamma": 9.1479720787326, "prior": 6.47917473909423, "rate": 0.05339313667700704}, "datetime": {"datetime": "2024-06-14 08:53:11", "elapsed": 1.688226, "delta": 0.007979}}
{"target": -228.36508733837277, "params": {"gamma": 4.844800026698242, "prior": 8.60724628036624, "rate": 8.304165300803357}, "datetime": {"datetime": "2024-06-14 08:53:11", "elapsed": 1.698199, "delta": 0.009973}}
{"target": -299.69407787145093, "params": {"gamma": 6.491892816927667, "prior": 6.769614396596453, "rate": 5.7854172983122165}, "datetime": {"datetime": "2024-06-14 08:53:11", "elapsed": 1.707175, "delta": 0.008976}}
{"target": -155.6053450784602, "params": {"gamma": 2.741923631893355, "prior": 5.649246906306982, "rate": 6.717626118389386}, "datetime": {"datetime": "2024-06-14 08:53:11", "elapsed": 1.716151, "delta": 0.008976}}
{"target": -264.2632986804697, "params": {"gamma": 3.5249438725338718, "prior": 8.572700835813885, "rate": 1.9511798226010642}, "datetime": {"datetime": "2024-06-14 08:53:11", "elapsed": 1.724129, "delta": 0.007978}}
{"target": -248.692662162828, "params": {"gamma": 7.473460782508901, "prior": 2.9670671872500867, "rate": 7.738219073154577}, "datetime": {"datetime": "2024-06-14 08:53:11", "elapsed": 1.733105, "delta": 0.008976}}
{"target": -263.96651595399555, "params": {"gamma": 4.277945556031427, "prior": 8.096214250210874, "rate": 3.535995091817236}, "datetime": {"datetime": "2024-06-14 08:53:11", "elapsed": 1.742081, "delta": 0.008976}}
{"target": -172.65842592941084, "params": {"gamma": 2.137718683058182, "prior": 7.696116633375489, "rate": 3.0871108343588807}, "datetime": {"datetime": "2024-06-14 08:53:11", "elapsed": 1.751058, "delta": 0.008977}}
{"target": -476.01075152969304, "params": {"gamma": 7.332717432196549, "prior": 7.4702842154695475, "rate": 2.2147456123811025}, "datetime": {"datetime": "2024-06-14 08:53:11", "elapsed": 1.760033, "delta": 0.008975}}
{"target": -155.0741159138306, "params": {"gamma": 2.141907256069664, "prior": 2.0695844419279603, "rate": 1.4260408593206808}, "datetime": {"datetime": "2024-06-14 08:53:11", "elapsed": 1.76904, "delta": 0.009007}}
{"target": -162.4076809034694, "params": {"gamma": 3.7714489094741337, "prior": 0.3636160584470526, "rate": 1.110092769973372}, "datetime": {"datetime": "2024-06-14 08:53:11", "elapsed": 1.777986, "delta": 0.008946}}
{"target": -528.1463689750645, "params": {"gamma": 6.745965673610343, "prior": 8.017787715284124, "rate": 0.8062147417567307}, "datetime": {"datetime": "2024-06-14 08:53:11", "elapsed": 1.786961, "delta": 0.008975}}
{"target": -132.7229269899306, "params": {"gamma": 2.3177914025474347, "prior": 2.1554940518577625, "rate": 9.173418297253225}, "datetime": {"datetime": "2024-06-14 08:53:11", "elapsed": 1.795937, "delta": 0.008976}}
