{"target": -99.93241383668271, "params": {"p_ai": 0.13866135806461027, "p_al": 4.167822899744591, "p_ex": 9.384880436675484, "prior": 3.430938070194235, "rate": 7.7976632105305175}, "datetime": {"datetime": "2024-06-13 01:38:26", "elapsed": 17.353542, "delta": 0.103724}}
{"target": -109.96210013565185, "params": {"p_ai": 1.7481883919612469, "p_al": 3.420186410188222, "p_ex": 1.4468326106601292, "prior": 7.167991370649615, "rate": 6.993376929344446}, "datetime": {"datetime": "2024-06-13 01:38:26", "elapsed": 17.457264, "delta": 0.103722}}
{"target": -108.42391688115492, "params": {"p_ai": 6.88528468217124, "p_al": 2.5347069488285103, "p_ex": 6.923908856112466, "prior": 2.2737481116185796, "rate": 4.247066510197466}, "datetime": {"datetime": "2024-06-13 01:38:26", "elapsed": 17.560198, "delta": 0.102934}}
{"target": -122.95971021685604, "params": {"p_ai": 3.7198492945552046, "p_al": 3.553723808289602, "p_ex": 0.5774904176053226, "prior": 6.316834622032531, "rate": 7.073458710214314}, "datetime": {"datetime": "2024-06-13 01:38:26", "elapsed": 17.66392, "delta": 0.103722}}
{"target": -144.95112029722438, "params": {"p_ai": 6.136273356333854, "p_al": 6.483479248875083, "p_ex": 1.7002372014583604, "prior": 1.495318542589686, "rate": 5.142236260215303}, "datetime": {"datetime": "2024-06-13 01:38:26", "elapsed": 17.767644, "delta": 0.103724}}
{"target": -131.62397246209028, "params": {"p_ai": 8.753451930819036, "p_al": 1.8403504620306732, "p_ex": 4.628928347963892, "prior": 4.289894407965, "rate": 4.973394570009244}, "datetime": {"datetime": "2024-06-13 01:38:26", "elapsed": 17.872363, "delta": 0.104719}}
{"target": -101.23349196247632, "params": {"p_ai": 1.6159461940896331, "p_al": 3.4250639707069706, "p_ex": 2.6195421606310987, "prior": 8.44542490535156, "rate": 8.003522125518241}, "datetime": {"datetime": "2024-06-13 01:38:26", "elapsed": 17.976086, "delta": 0.103723}}
{"target": -128.07936117933224, "params": {"p_ai": 4.266964943523168, "p_al": 6.070547592429601, "p_ex": 1.4555106370519333, "prior": 5.096623328881369, "rate": 2.9701739107832585}, "datetime": {"datetime": "2024-06-13 01:38:26", "elapsed": 18.080142, "delta": 0.104056}}
{"target": -140.2135360611317, "params": {"p_ai": 8.596649884738442, "p_al": 6.716312210682993, "p_ex": 6.335106652211588, "prior": 1.248388249391723, "rate": 4.706408207109359}, "datetime": {"datetime": "2024-06-13 01:38:27", "elapsed": 18.189377, "delta": 0.109235}}
{"target": -155.05680100838006, "params": {"p_ai": 9.865741223089229, "p_al": 9.483043441552578, "p_ex": 6.451211316964176, "prior": 1.5180969854487043, "rate": 6.391629360350331}, "datetime": {"datetime": "2024-06-13 01:38:27", "elapsed": 18.293219, "delta": 0.103842}}
{"target": -104.47386906628033, "params": {"p_ai": 5.657055463326731, "p_al": 4.6871897107748595, "p_ex": 4.280946657213234, "prior": 5.993098286824644, "rate": 8.499848915271139}, "datetime": {"datetime": "2024-06-13 01:38:27", "elapsed": 18.396945, "delta": 0.103726}}
{"target": -134.87042138655076, "params": {"p_ai": 7.511459282679002, "p_al": 5.794026042432034, "p_ex": 9.247117111178744, "prior": 0.6483350944320471, "rate": 9.913473740809359}, "datetime": {"datetime": "2024-06-13 01:38:27", "elapsed": 18.502434, "delta": 0.105489}}
{"target": -91.75255082140983, "params": {"p_ai": 0.5308924321372274, "p_al": 1.995755965839475, "p_ex": 4.228103863783965, "prior": 1.0759812529754917, "rate": 6.2370804395660215}, "datetime": {"datetime": "2024-06-13 01:38:27", "elapsed": 18.613353, "delta": 0.110919}}
{"target": -130.17951791804123, "params": {"p_ai": 0.4808776479246243, "p_al": 2.8469541861884147, "p_ex": 0.6113057745155912, "prior": 7.035489791719707, "rate": 6.684893219727232}, "datetime": {"datetime": "2024-06-13 01:38:27", "elapsed": 18.716578, "delta": 0.103225}}
{"target": -82.64693781564203, "params": {"p_ai": 3.7864273519127716, "p_al": 1.8827544060381822, "p_ex": 7.4703012854704225, "prior": 3.404452528363907, "rate": 7.953216372889023}, "datetime": {"datetime": "2024-06-13 01:38:27", "elapsed": 18.820304, "delta": 0.103726}}
{"target": -141.65665627860741, "params": {"p_ai": 4.879521490857024, "p_al": 5.257168774065444, "p_ex": 0.28588000406618064, "prior": 6.442675966770439, "rate": 3.507214367819242}, "datetime": {"datetime": "2024-06-13 01:38:27", "elapsed": 18.924531, "delta": 0.104227}}
{"target": -87.42742908821107, "params": {"p_ai": 2.292821067893365, "p_al": 4.339399878740795, "p_ex": 3.825292105251905, "prior": 4.698420611823517, "rate": 9.794854058443883}, "datetime": {"datetime": "2024-06-13 01:38:27", "elapsed": 19.028655, "delta": 0.104124}}
{"target": -97.86804477780602, "params": {"p_ai": 3.644416325611936, "p_al": 7.744326923227059, "p_ex": 5.528123197902375, "prior": 8.891421759985722, "rate": 3.55017355864457}, "datetime": {"datetime": "2024-06-13 01:38:27", "elapsed": 19.132915, "delta": 0.10426}}
{"target": -126.0113624807107, "params": {"p_ai": 2.455941283184888, "p_al": 9.110281377330026, "p_ex": 0.43629910331389593, "prior": 9.507583527181962, "rate": 5.5645127497935825}, "datetime": {"datetime": "2024-06-13 01:38:28", "elapsed": 19.237222, "delta": 0.104307}}
{"target": -161.59629385390923, "params": {"p_ai": 3.764255803654188, "p_al": 9.950528171068772, "p_ex": 0.5845680988301689, "prior": 5.167546891316355, "rate": 0.311939657480023}, "datetime": {"datetime": "2024-06-13 01:38:28", "elapsed": 19.342939, "delta": 0.105717}}
{"target": -96.85775299582663, "params": {"p_ai": 5.712186216123149, "p_al": 1.8055046214421606, "p_ex": 6.309961044194965, "prior": 9.809255833830065, "rate": 8.749150609572597}, "datetime": {"datetime": "2024-06-13 01:38:28", "elapsed": 19.446661, "delta": 0.103722}}
{"target": -89.42932779841342, "params": {"p_ai": 4.518910657959286, "p_al": 7.084900239647121, "p_ex": 7.77491003128189, "prior": 4.9489359987414545, "rate": 5.285806368285474}, "datetime": {"datetime": "2024-06-13 01:38:28", "elapsed": 19.551537, "delta": 0.104876}}
{"target": -114.10249204435107, "params": {"p_ai": 1.5086931993235537, "p_al": 3.6946298561934507, "p_ex": 1.4230703094747938, "prior": 7.269210639692282, "rate": 4.770652931028231}, "datetime": {"datetime": "2024-06-13 01:38:28", "elapsed": 19.655248, "delta": 0.103711}}
{"target": -113.43521672265804, "params": {"p_ai": 4.489339488230949, "p_al": 8.860093713682348, "p_ex": 5.2766601043433035, "prior": 4.091499228336683, "rate": 2.6896513301042457}, "datetime": {"datetime": "2024-06-13 01:38:28", "elapsed": 19.758532, "delta": 0.103284}}
{"target": -132.02297184875454, "params": {"p_ai": 0.7210483396625298, "p_al": 4.181943201119433, "p_ex": 0.25850907058342715, "prior": 2.912248251583728, "rate": 5.035591588974117}, "datetime": {"datetime": "2024-06-13 01:38:28", "elapsed": 19.863251, "delta": 0.104719}}
{"target": -133.60175443521683, "params": {"p_ai": 9.659364717132203, "p_al": 1.0947197590216522, "p_ex": 6.730737501112004, "prior": 4.999823778620901, "rate": 7.771205194528555}, "datetime": {"datetime": "2024-06-13 01:38:28", "elapsed": 19.965978, "delta": 0.102727}}
{"target": -110.98975045749917, "params": {"p_ai": 1.4369263717442184, "p_al": 0.8329431617223197, "p_ex": 3.9927868349191855, "prior": 7.969825557547022, "rate": 1.917565713359991}, "datetime": {"datetime": "2024-06-13 01:38:28", "elapsed": 20.070697, "delta": 0.104719}}
{"target": -162.00744793840795, "params": {"p_ai": 7.678004144280593, "p_al": 2.90368967262162, "p_ex": 2.1696979846303415, "prior": 0.1681391751809873, "rate": 3.9871919401638647}, "datetime": {"datetime": "2024-06-13 01:38:29", "elapsed": 20.177411, "delta": 0.106714}}
{"target": -234.42873017980187, "params": {"p_ai": 3.8114338314432303, "p_al": 6.593790017017453, "p_ex": 0.7101130863034019, "prior": 1.5268872664356763, "rate": 0.16674225312644053}, "datetime": {"datetime": "2024-06-13 01:38:29", "elapsed": 20.285519, "delta": 0.108108}}
{"target": -97.67199060132474, "params": {"p_ai": 1.1388497681176208, "p_al": 6.518240970824895, "p_ex": 4.027165864897017, "prior": 3.2109421153589914, "rate": 5.579562030443482}, "datetime": {"datetime": "2024-06-13 01:38:29", "elapsed": 20.391441, "delta": 0.105922}}
{"target": -172.74337795570827, "params": {"p_ai": 9.9346111705354, "p_al": 8.345030653666278, "p_ex": 6.99653220081344, "prior": 9.182667632731448, "rate": 0.3982473381241651}, "datetime": {"datetime": "2024-06-13 01:38:29", "elapsed": 20.498727, "delta": 0.107286}}
{"target": -114.5402725250473, "params": {"p_ai": 0.7042640827136369, "p_al": 4.740588893590559, "p_ex": 3.492324962157816, "prior": 9.37258336922236, "rate": 4.896160046490541}, "datetime": {"datetime": "2024-06-13 01:38:29", "elapsed": 20.609444, "delta": 0.110717}}
{"target": -120.45481998559713, "params": {"p_ai": 5.396951451823413, "p_al": 8.952708396946477, "p_ex": 4.466903823191082, "prior": 8.770466858314249, "rate": 2.536563911966912}, "datetime": {"datetime": "2024-06-13 01:38:29", "elapsed": 20.717632, "delta": 0.108188}}
{"target": -81.78895006937027, "params": {"p_ai": 2.7388232318769274, "p_al": 3.284285539485814, "p_ex": 5.476095140539054, "prior": 2.2020666115957854, "rate": 6.714620281641652}, "datetime": {"datetime": "2024-06-13 01:38:29", "elapsed": 20.8236, "delta": 0.105968}}
{"target": -85.38153362450313, "params": {"p_ai": 1.4287900347472011, "p_al": 0.9419086447218946, "p_ex": 8.70204727030757, "prior": 2.3694501668664283, "rate": 3.8606541062149327}, "datetime": {"datetime": "2024-06-13 01:38:29", "elapsed": 20.931311, "delta": 0.107711}}
{"target": -136.12244835771426, "params": {"p_ai": 5.715849385160598, "p_al": 5.258493897544749, "p_ex": 0.7611627705416266, "prior": 8.741385230044685, "rate": 9.511405048568502}, "datetime": {"datetime": "2024-06-13 01:38:29", "elapsed": 21.037927, "delta": 0.106616}}
{"target": -123.37764734224452, "params": {"p_ai": 8.125260534442543, "p_al": 2.8387345476337957, "p_ex": 5.278940114383477, "prior": 3.394827823452077, "rate": 5.54711844056588}, "datetime": {"datetime": "2024-06-13 01:38:30", "elapsed": 21.146038, "delta": 0.108111}}
{"target": -136.72707144612153, "params": {"p_ai": 9.744060285661112, "p_al": 3.1177174742720952, "p_ex": 6.688297262622775, "prior": 3.26034610588255, "rate": 7.744998182884782}, "datetime": {"datetime": "2024-06-13 01:38:30", "elapsed": 21.253656, "delta": 0.107618}}
{"target": -88.06098948797754, "params": {"p_ai": 3.258773856165435, "p_al": 8.898383587132303, "p_ex": 7.51732550147175, "prior": 7.626558322355662, "rate": 4.695320806570698}, "datetime": {"datetime": "2024-06-13 01:38:30", "elapsed": 21.356887, "delta": 0.103231}}
{"target": -85.11688062223178, "params": {"p_ai": 2.108434260184585, "p_al": 0.4157093206854123, "p_ex": 3.218966170902475, "prior": 0.3720895322754502, "rate": 6.938860258327624}, "datetime": {"datetime": "2024-06-13 01:38:30", "elapsed": 21.461115, "delta": 0.104228}}
{"target": -130.28764004054932, "params": {"p_ai": 6.703829969329749, "p_al": 4.305287355667006, "p_ex": 7.678121987604072, "prior": 5.360548938900898, "rate": 0.3995594064278903}, "datetime": {"datetime": "2024-06-13 01:38:30", "elapsed": 21.564751, "delta": 0.103636}}
{"target": -89.58633034436953, "params": {"p_ai": 1.34879638648883, "p_al": 1.9349705737501688, "p_ex": 3.357302347845333, "prior": 0.52407715142833, "rate": 6.051562688223163}, "datetime": {"datetime": "2024-06-13 01:38:30", "elapsed": 21.669471, "delta": 0.10472}}
{"target": -107.51396103206545, "params": {"p_ai": 5.121098214211664, "p_al": 6.174992659159544, "p_ex": 4.324123592048677, "prior": 8.47715698190614, "rate": 4.541136501535455}, "datetime": {"datetime": "2024-06-13 01:38:30", "elapsed": 21.772732, "delta": 0.103261}}
{"target": -109.54760632389593, "params": {"p_ai": 0.15501979439941704, "p_al": 8.730808416322548, "p_ex": 6.562359275893246, "prior": 8.23020740344406, "rate": 9.517805154645483}, "datetime": {"datetime": "2024-06-13 01:38:30", "elapsed": 21.877446, "delta": 0.104714}}
{"target": -127.62461269171011, "params": {"p_ai": 0.5100729227853552, "p_al": 2.3514835690460547, "p_ex": 0.6343710911199417, "prior": 4.217157202438477, "rate": 8.638427625869019}, "datetime": {"datetime": "2024-06-13 01:38:30", "elapsed": 21.990329, "delta": 0.112883}}
{"target": -119.23052134435727, "params": {"p_ai": 0.817158203167966, "p_al": 4.7316464169059, "p_ex": 1.2563055549774276, "prior": 7.729083136069011, "rate": 8.414380145801639}, "datetime": {"datetime": "2024-06-13 01:38:30", "elapsed": 22.095267, "delta": 0.104938}}
{"target": -116.49747798425, "params": {"p_ai": 0.4338660909233998, "p_al": 4.864920990960778, "p_ex": 2.3948710303334217, "prior": 9.5247853431509, "rate": 9.438982385210178}, "datetime": {"datetime": "2024-06-13 01:38:31", "elapsed": 22.198681, "delta": 0.103414}}
{"target": -127.6901205813647, "params": {"p_ai": 6.139726089844625, "p_al": 9.734900485854638, "p_ex": 3.4492685758187935, "prior": 8.97860932595915, "rate": 4.346515139111687}, "datetime": {"datetime": "2024-06-13 01:38:31", "elapsed": 22.308227, "delta": 0.109546}}
{"target": -101.13006676456186, "params": {"p_ai": 2.35891055683799, "p_al": 9.408338804050793, "p_ex": 6.842496291781293, "prior": 0.6500509418059542, "rate": 8.704378143373837}, "datetime": {"datetime": "2024-06-13 01:38:31", "elapsed": 22.41302, "delta": 0.104793}}
{"target": -112.90063306638395, "params": {"p_ai": 7.01410156603883, "p_al": 6.049663802869843, "p_ex": 7.324016616894126, "prior": 2.535136985955308, "rate": 6.00528906379017}, "datetime": {"datetime": "2024-06-13 01:38:31", "elapsed": 22.515962, "delta": 0.102942}}
{"target": -150.2140627853689, "params": {"p_ai": 8.146377193435292, "p_al": 0.542082489579675, "p_ex": 1.3059762027213204, "prior": 8.424615653754179, "rate": 6.183840347409528}, "datetime": {"datetime": "2024-06-13 01:38:31", "elapsed": 22.620257, "delta": 0.104295}}
{"target": -114.06994025364558, "params": {"p_ai": 5.3133468170001, "p_al": 2.483658999241989, "p_ex": 2.9514906739197095, "prior": 8.726988963029699, "rate": 4.217237682562244}, "datetime": {"datetime": "2024-06-13 01:38:31", "elapsed": 22.724263, "delta": 0.104006}}
{"target": -116.67996401868324, "params": {"p_ai": 0.6452381255404884, "p_al": 8.969953710006317, "p_ex": 2.0346049474076864, "prior": 8.262449127388422, "rate": 8.81782446020499}, "datetime": {"datetime": "2024-06-13 01:38:31", "elapsed": 22.827017, "delta": 0.102754}}
{"target": -94.98816502341107, "params": {"p_ai": 4.868020697438563, "p_al": 5.98504846635326, "p_ex": 5.273147297397685, "prior": 6.248588120560806, "rate": 8.550562171752167}, "datetime": {"datetime": "2024-06-13 01:38:31", "elapsed": 22.931629, "delta": 0.104612}}
{"target": -134.68237035253398, "params": {"p_ai": 2.8221123446002014, "p_al": 8.837671326297828, "p_ex": 5.677335610861374, "prior": 1.151915306628067, "rate": 2.270784650981365}, "datetime": {"datetime": "2024-06-13 01:38:31", "elapsed": 23.036319, "delta": 0.10469}}
{"target": -125.8014417832418, "params": {"p_ai": 5.960227873744525, "p_al": 2.395222922809899, "p_ex": 1.3150251897140681, "prior": 1.6193152935242277, "rate": 8.448880309839154}, "datetime": {"datetime": "2024-06-13 01:38:32", "elapsed": 23.140729, "delta": 0.10441}}
{"target": -123.30227884022145, "params": {"p_ai": 6.022234355273215, "p_al": 9.635707304796231, "p_ex": 3.4574464537469587, "prior": 5.956655356251362, "rate": 5.9902539044452245}, "datetime": {"datetime": "2024-06-13 01:38:32", "elapsed": 23.244454, "delta": 0.103725}}
{"target": -97.98182786817529, "params": {"p_ai": 6.157427167752284, "p_al": 0.5927128946500382, "p_ex": 7.503421528562285, "prior": 9.482146772378064, "rate": 5.347255892738708}, "datetime": {"datetime": "2024-06-13 01:38:32", "elapsed": 23.353753, "delta": 0.109299}}
{"target": -132.75905681704558, "params": {"p_ai": 1.926367653529729, "p_al": 7.529506223884443, "p_ex": 0.07418237430931014, "prior": 3.2832327804041577, "rate": 9.176145870096288}, "datetime": {"datetime": "2024-06-13 01:38:32", "elapsed": 23.45947, "delta": 0.105717}}
{"target": -102.46434702054876, "params": {"p_ai": 5.884084961605875, "p_al": 8.55204764875745, "p_ex": 6.047115851439529, "prior": 8.225958947086186, "rate": 8.79495575076974}, "datetime": {"datetime": "2024-06-13 01:38:32", "elapsed": 23.563793, "delta": 0.104323}}
{"target": -91.24963001200882, "params": {"p_ai": 3.210542758870008, "p_al": 1.2304247607502325, "p_ex": 7.213312138521522, "prior": 4.404030521225552, "rate": 1.268230355710944}, "datetime": {"datetime": "2024-06-13 01:38:32", "elapsed": 23.667517, "delta": 0.103724}}
{"target": -140.31683724837347, "params": {"p_ai": 5.898646657450783, "p_al": 0.36164707738402946, "p_ex": 2.0026209819934584, "prior": 7.883223595490022, "rate": 0.12195550339356331}, "datetime": {"datetime": "2024-06-13 01:38:32", "elapsed": 23.772239, "delta": 0.104722}}
{"target": -83.24071682953767, "params": {"p_ai": 3.034153371413982, "p_al": 0.2147382349196191, "p_ex": 9.974852442290567, "prior": 5.820717733458275, "rate": 2.93446940858208}, "datetime": {"datetime": "2024-06-13 01:38:32", "elapsed": 23.877344, "delta": 0.105105}}
{"target": -149.31642154477478, "params": {"p_ai": 9.289565669469264, "p_al": 5.071687116058498, "p_ex": 4.547467583296517, "prior": 5.879127191455569, "rate": 2.642112304461486}, "datetime": {"datetime": "2024-06-13 01:38:32", "elapsed": 23.981573, "delta": 0.104229}}
{"target": -99.90268003385526, "params": {"p_ai": 3.0535777051749857, "p_al": 3.7171741126651003, "p_ex": 2.4452355457167374, "prior": 5.845888113900182, "rate": 6.958765493189333}, "datetime": {"datetime": "2024-06-13 01:38:32", "elapsed": 24.085605, "delta": 0.104032}}
{"target": -101.9437767931401, "params": {"p_ai": 0.7204002544198472, "p_al": 9.710862112935013, "p_ex": 7.53095348803868, "prior": 8.061825466371129, "rate": 7.516652400408825}, "datetime": {"datetime": "2024-06-13 01:38:33", "elapsed": 24.189405, "delta": 0.1038}}
{"target": -107.79887201967465, "params": {"p_ai": 0.8015297117349018, "p_al": 4.81748113392875, "p_ex": 4.457283891060159, "prior": 6.725054032598774, "rate": 4.487923850984395}, "datetime": {"datetime": "2024-06-13 01:38:33", "elapsed": 24.293801, "delta": 0.104396}}
{"target": -126.67017363948206, "params": {"p_ai": 7.043429670440712, "p_al": 6.816771730688627, "p_ex": 6.97178813899881, "prior": 6.186388824872803, "rate": 1.5106563520631782}, "datetime": {"datetime": "2024-06-13 01:38:33", "elapsed": 24.398542, "delta": 0.104741}}
{"target": -137.27990731724807, "params": {"p_ai": 7.608263760601256, "p_al": 7.810677176117377, "p_ex": 9.041125756152136, "prior": 2.338453157348455, "rate": 1.7676122518303419}, "datetime": {"datetime": "2024-06-13 01:38:33", "elapsed": 24.502267, "delta": 0.103725}}
{"target": -81.97075112919458, "params": {"p_ai": 3.9116001319445175, "p_al": 3.206325975297607, "p_ex": 8.154953813127257, "prior": 6.135645470784649, "rate": 7.60025752174514}, "datetime": {"datetime": "2024-06-13 01:38:33", "elapsed": 24.607889, "delta": 0.105622}}
{"target": -120.73336961619212, "params": {"p_ai": 4.277223331869946, "p_al": 0.9953061885929767, "p_ex": 1.151235085490412, "prior": 3.734697910240216, "rate": 1.939283827327562}, "datetime": {"datetime": "2024-06-13 01:38:33", "elapsed": 24.711942, "delta": 0.104053}}
{"target": -145.42060155921257, "params": {"p_ai": 8.20764423973076, "p_al": 5.996760448228745, "p_ex": 6.888763744927632, "prior": 4.911608503081658, "rate": 0.8826486387405684}, "datetime": {"datetime": "2024-06-13 01:38:33", "elapsed": 24.816313, "delta": 0.104371}}
{"target": -125.73453924375949, "params": {"p_ai": 2.351541289225017, "p_al": 4.616559206835329, "p_ex": 1.9867164390362086, "prior": 0.2557368815524242, "rate": 7.294247584863271}, "datetime": {"datetime": "2024-06-13 01:38:33", "elapsed": 24.921197, "delta": 0.104884}}
{"target": -110.17242248580834, "params": {"p_ai": 7.249442555443973, "p_al": 3.304587071870666, "p_ex": 8.435097766510491, "prior": 4.284996317034784, "rate": 8.64699676149058}, "datetime": {"datetime": "2024-06-13 01:38:33", "elapsed": 25.024918, "delta": 0.103721}}
{"target": -129.7217038200817, "params": {"p_ai": 6.570997180804273, "p_al": 5.810775538523484, "p_ex": 2.008074152862875, "prior": 5.295936558173471, "rate": 8.944429751857296}, "datetime": {"datetime": "2024-06-13 01:38:33", "elapsed": 25.128125, "delta": 0.103207}}
{"target": -82.4674404748947, "params": {"p_ai": 3.0506347643763254, "p_al": 8.709585146001372, "p_ex": 9.087543983311022, "prior": 3.2991157822561417, "rate": 6.831060588999306}, "datetime": {"datetime": "2024-06-13 01:38:34", "elapsed": 25.241822, "delta": 0.113697}}
{"target": -132.16481681858016, "params": {"p_ai": 8.992310274710121, "p_al": 0.7578931207012753, "p_ex": 8.7860000441845, "prior": 1.9092027933215376, "rate": 8.497839331269288}, "datetime": {"datetime": "2024-06-13 01:38:34", "elapsed": 25.371458, "delta": 0.129636}}
{"target": -133.57668624895183, "params": {"p_ai": 6.671520768203341, "p_al": 3.4440476153050885, "p_ex": 1.5146043243579972, "prior": 6.354074243923046, "rate": 8.478032649103701}, "datetime": {"datetime": "2024-06-13 01:38:34", "elapsed": 25.47853, "delta": 0.107072}}
{"target": -122.8719348524674, "params": {"p_ai": 8.218671898265342, "p_al": 6.282767731709448, "p_ex": 9.563058796042565, "prior": 5.899641347630623, "rate": 1.979130013694545}, "datetime": {"datetime": "2024-06-13 01:38:34", "elapsed": 25.594022, "delta": 0.115492}}
{"target": -87.07767712260905, "params": {"p_ai": 4.293877895442307, "p_al": 3.3681232410129716, "p_ex": 9.919458174060903, "prior": 3.8029847246765303, "rate": 9.927016035774514}, "datetime": {"datetime": "2024-06-13 01:38:34", "elapsed": 25.707395, "delta": 0.113373}}
{"target": -136.52263466384267, "params": {"p_ai": 5.188523703083409, "p_al": 1.7236247350697775, "p_ex": 0.7466661384435471, "prior": 3.7036866320451027, "rate": 1.235065179287484}, "datetime": {"datetime": "2024-06-13 01:38:34", "elapsed": 25.81411, "delta": 0.106715}}
