{"target": -90.26327829488733, "params": {"p_ai": 3.6170261609041106, "p_al": 10.0, "p_ex": 10.0, "prior": 8.583295450582925, "rate": 8.035636105922729}, "datetime": {"datetime": "2024-06-13 02:17:31", "elapsed": 701.229814, "delta": 22.165832}}
{"target": -86.83786394730554, "params": {"p_ai": 2.9526604007911392, "p_al": 1.221162878693479, "p_ex": 10.0, "prior": 1.1554567290415676, "rate": 2.1183695167449748}, "datetime": {"datetime": "2024-06-13 02:18:04", "elapsed": 735.01259, "delta": 33.782776}}
{"target": -86.68203712410957, "params": {"p_ai": 3.2645145785390666, "p_al": 2.643860839103689, "p_ex": 10.0, "prior": 10.0, "rate": 10.0}, "datetime": {"datetime": "2024-06-13 02:18:31", "elapsed": 762.015262, "delta": 27.002672}}
{"target": -86.51023038836138, "params": {"p_ai": 2.812862044507393, "p_al": 0.001, "p_ex": 10.0, "prior": 4.774383814411664, "rate": 5.787198825591764}, "datetime": {"datetime": "2024-06-13 02:19:18", "elapsed": 809.010857, "delta": 46.995595}}
{"target": -89.79434364658091, "params": {"p_ai": 1.6629374511559611, "p_al": 0.001, "p_ex": 4.4389834692580585, "prior": 0.7480293910025326, "rate": 3.1980627795936223}, "datetime": {"datetime": "2024-06-13 02:19:40", "elapsed": 830.344584, "delta": 21.333727}}
{"target": -91.06517012303591, "params": {"p_ai": 2.621518066478967, "p_al": 10.0, "p_ex": 7.018406713679507, "prior": 10.0, "rate": 10.0}, "datetime": {"datetime": "2024-06-13 02:20:17", "elapsed": 867.413934, "delta": 37.06935}}
