{"target": -227.90269041523794, "params": {"p_ai": 2.6182486884007314, "p_al": 0.00498340216746315, "p_ex": 2.3139578706383697, "prior": 9.933709519335848, "rate": 6.562352142586721}, "datetime": {"datetime": "2024-06-13 09:18:27", "elapsed": 78.391762, "delta": 0.139014}}
{"target": -208.75663961987092, "params": {"p_ai": 2.20746055274965, "p_al": 6.861710880085471, "p_ex": 6.8696820453199665, "prior": 6.407786956598644, "rate": 0.7064146187020427}, "datetime": {"datetime": "2024-06-13 09:18:27", "elapsed": 78.503772, "delta": 0.11201}}
{"target": -357.4517300159305, "params": {"p_ai": 2.430398205775982, "p_al": 8.708501091076558, "p_ex": 7.347673452195916, "prior": 1.6789922438348501, "rate": 2.986596023304183}, "datetime": {"datetime": "2024-06-13 09:18:28", "elapsed": 78.623767, "delta": 0.119995}}
{"target": -679.0466178183603, "params": {"p_ai": 5.627657565327734, "p_al": 8.264631214462268, "p_ex": 2.0059625473387035, "prior": 1.0175512712412351, "rate": 3.8193070270168987}, "datetime": {"datetime": "2024-06-13 09:18:28", "elapsed": 78.744482, "delta": 0.120715}}
{"target": -751.1950657351512, "params": {"p_ai": 9.123622339058336, "p_al": 2.605874679054985, "p_ex": 1.0839352227780894, "prior": 0.56037370979255, "rate": 3.517353888144698}, "datetime": {"datetime": "2024-06-13 09:18:28", "elapsed": 78.855865, "delta": 0.111383}}
{"target": -133.2856200896776, "params": {"p_ai": 0.37723182573995767, "p_al": 5.830756178383219, "p_ex": 6.725895546392632, "prior": 4.605375416257397, "rate": 7.411427420391562}, "datetime": {"datetime": "2024-06-13 09:18:28", "elapsed": 78.970102, "delta": 0.114237}}
{"target": -408.24174995823967, "params": {"p_ai": 5.010748619176405, "p_al": 7.023823855740785, "p_ex": 2.307178418323752, "prior": 7.446379482205204, "rate": 5.016870382851992}, "datetime": {"datetime": "2024-06-13 09:18:28", "elapsed": 79.08741, "delta": 0.117308}}
{"target": -641.1896469767094, "params": {"p_ai": 7.053982930260369, "p_al": 4.467531205373577, "p_ex": 5.059900155144239, "prior": 0.41631029460275537, "rate": 4.893603596752043}, "datetime": {"datetime": "2024-06-13 09:18:28", "elapsed": 79.202664, "delta": 0.115254}}
{"target": -163.6484872174778, "params": {"p_ai": 1.423732734471047, "p_al": 1.425815973998472, "p_ex": 4.334070675192891, "prior": 5.762571683469249, "rate": 3.431143903220329}, "datetime": {"datetime": "2024-06-13 09:18:28", "elapsed": 79.317077, "delta": 0.114413}}
{"target": -155.87547813893292, "params": {"p_ai": 1.6057554110518168, "p_al": 7.414362759382535, "p_ex": 9.630952636256579, "prior": 7.3366892172191065, "rate": 0.7715652507427674}, "datetime": {"datetime": "2024-06-13 09:18:28", "elapsed": 79.474379, "delta": 0.157302}}
{"target": -535.2973933102753, "params": {"p_ai": 8.409240673094226, "p_al": 0.6760729900832833, "p_ex": 4.3636841739438905, "prior": 9.288699130413471, "rate": 2.6325378562618087}, "datetime": {"datetime": "2024-06-13 09:18:29", "elapsed": 79.601624, "delta": 0.127245}}
{"target": -184.47383795757526, "params": {"p_ai": 1.2804037657560603, "p_al": 7.622625481835956, "p_ex": 9.286152605869912, "prior": 3.2583584386224724, "rate": 2.3253485203555204}, "datetime": {"datetime": "2024-06-13 09:18:29", "elapsed": 79.730095, "delta": 0.128471}}
{"target": -202.1503874960018, "params": {"p_ai": 1.8256722786407191, "p_al": 9.632391991118075, "p_ex": 5.766769711868097, "prior": 8.601017631330931, "rate": 3.0841415155326093}, "datetime": {"datetime": "2024-06-13 09:18:29", "elapsed": 79.836963, "delta": 0.106868}}
{"target": -172.28711499923085, "params": {"p_ai": 0.5653078671540508, "p_al": 4.538588046967902, "p_ex": 2.0718938489778145, "prior": 5.190317659626124, "rate": 5.3803383685417385}, "datetime": {"datetime": "2024-06-13 09:18:29", "elapsed": 79.941527, "delta": 0.104564}}
{"target": -305.78083011746617, "params": {"p_ai": 2.943587884215886, "p_al": 3.0752313679559293, "p_ex": 0.24271254847611315, "prior": 4.204599737289876, "rate": 3.2375704471739803}, "datetime": {"datetime": "2024-06-13 09:18:29", "elapsed": 80.046657, "delta": 0.10513}}
{"target": -589.8560860591472, "params": {"p_ai": 6.1952817624864025, "p_al": 8.59777090385326, "p_ex": 4.926911767488365, "prior": 0.8280002720208621, "rate": 9.334871102884591}, "datetime": {"datetime": "2024-06-13 09:18:29", "elapsed": 80.150978, "delta": 0.104321}}
{"target": -550.0295922232153, "params": {"p_ai": 8.083461341580708, "p_al": 3.6558227125345977, "p_ex": 3.3079583813404216, "prior": 9.379402853367585, "rate": 3.7495685112706005}, "datetime": {"datetime": "2024-06-13 09:18:29", "elapsed": 80.255516, "delta": 0.104538}}
{"target": -635.4621080380142, "params": {"p_ai": 6.358386384013082, "p_al": 9.853458036647636, "p_ex": 0.36836090554034395, "prior": 3.146995150509634, "rate": 2.313125983692789}, "datetime": {"datetime": "2024-06-13 09:18:29", "elapsed": 80.360965, "delta": 0.105449}}
{"target": -675.8025651188004, "params": {"p_ai": 9.223731826093484, "p_al": 5.511816168783595, "p_ex": 0.5380816705607578, "prior": 7.552727246484496, "rate": 6.841154129524834}, "datetime": {"datetime": "2024-06-13 09:18:29", "elapsed": 80.46654, "delta": 0.105575}}
{"target": -434.9286221934162, "params": {"p_ai": 6.622078860248277, "p_al": 9.557332020493899, "p_ex": 8.746141385554216, "prior": 7.532761600172254, "rate": 2.2274368777620133}, "datetime": {"datetime": "2024-06-13 09:18:29", "elapsed": 80.569427, "delta": 0.102887}}
{"target": -187.65858819514642, "params": {"p_ai": 1.381011605470143, "p_al": 2.2096624750777165, "p_ex": 2.0558931010754273, "prior": 5.680077493599765, "rate": 6.63077518785403}, "datetime": {"datetime": "2024-06-13 09:18:30", "elapsed": 80.674003, "delta": 0.104576}}
{"target": -356.29447400172046, "params": {"p_ai": 5.274647786496121, "p_al": 0.5644375679530106, "p_ex": 3.6322627869363457, "prior": 9.677306363671502, "rate": 6.955420242475687}, "datetime": {"datetime": "2024-06-13 09:18:30", "elapsed": 80.778756, "delta": 0.104753}}
{"target": -499.1210025015504, "params": {"p_ai": 3.698028055635611, "p_al": 6.716589859874733, "p_ex": 2.651831830040654, "prior": 0.7756981624656162, "rate": 5.281143325416827}, "datetime": {"datetime": "2024-06-13 09:18:30", "elapsed": 80.88267, "delta": 0.103914}}
{"target": -187.34292783386073, "params": {"p_ai": 2.8984014893930756, "p_al": 4.817037304645983, "p_ex": 9.020043950898684, "prior": 6.517751927120491, "rate": 7.233468037123845}, "datetime": {"datetime": "2024-06-13 09:18:30", "elapsed": 80.988886, "delta": 0.106216}}
{"target": -170.60521015321953, "params": {"p_ai": 1.0267626657461268, "p_al": 4.7971011998412845, "p_ex": 4.044014562004185, "prior": 6.468925570274098, "rate": 2.8780636104150252}, "datetime": {"datetime": "2024-06-13 09:18:30", "elapsed": 81.093239, "delta": 0.104353}}
{"target": -543.7460692158576, "params": {"p_ai": 3.8312640574634482, "p_al": 9.81018690271792, "p_ex": 1.1489908672848812, "prior": 1.9998787227506973, "rate": 2.3912225972933583}, "datetime": {"datetime": "2024-06-13 09:18:30", "elapsed": 81.199572, "delta": 0.106333}}
{"target": -459.7124451657494, "params": {"p_ai": 6.966845350201865, "p_al": 7.1371672251136955, "p_ex": 7.847764610820117, "prior": 3.8110627039036813, "rate": 8.524180473287885}, "datetime": {"datetime": "2024-06-13 09:18:30", "elapsed": 81.305064, "delta": 0.105492}}
{"target": -447.27383265266394, "params": {"p_ai": 6.973768049350303, "p_al": 7.132885715869788, "p_ex": 8.220064454506392, "prior": 6.289615458969785, "rate": 4.2228540008601385}, "datetime": {"datetime": "2024-06-13 09:18:30", "elapsed": 81.4306, "delta": 0.125536}}
{"target": -141.10297535057254, "params": {"p_ai": 0.3089573128355685, "p_al": 5.9549611772267355, "p_ex": 5.638071931448755, "prior": 6.008479407469643, "rate": 3.2292118332970405}, "datetime": {"datetime": "2024-06-13 09:18:30", "elapsed": 81.5364, "delta": 0.1058}}
{"target": -352.9996909323731, "params": {"p_ai": 5.549264886470077, "p_al": 1.7173913865365833, "p_ex": 6.49894440266871, "prior": 0.7176630634354706, "rate": 8.750896260863644}, "datetime": {"datetime": "2024-06-13 09:18:31", "elapsed": 81.641965, "delta": 0.105565}}
{"target": -149.95750236147703, "params": {"p_ai": 2.1621633635158477, "p_al": 2.9391518612119483, "p_ex": 8.847484449475706, "prior": 8.836037308166828, "rate": 8.36283589429798}, "datetime": {"datetime": "2024-06-13 09:18:31", "elapsed": 81.747423, "delta": 0.105458}}
{"target": -242.39741266540602, "params": {"p_ai": 3.2700292334455643, "p_al": 9.023544047406462, "p_ex": 7.718251155453087, "prior": 6.581171726876564, "rate": 8.99813093515086}, "datetime": {"datetime": "2024-06-13 09:18:31", "elapsed": 81.852815, "delta": 0.105392}}
{"target": -579.9991241150234, "params": {"p_ai": 7.8315315911561045, "p_al": 4.2480703423217, "p_ex": 3.2432279860467617, "prior": 3.9393874995637357, "rate": 0.6150601284275855}, "datetime": {"datetime": "2024-06-13 09:18:31", "elapsed": 81.958635, "delta": 0.10582}}
{"target": -211.6156631530435, "params": {"p_ai": 3.634945499368943, "p_al": 3.53108381476355, "p_ex": 8.656379251086715, "prior": 8.887111795253091, "rate": 9.630557816537218}, "datetime": {"datetime": "2024-06-13 09:18:31", "elapsed": 82.064439, "delta": 0.105804}}
{"target": -288.9548816911026, "params": {"p_ai": 3.282664276898728, "p_al": 6.933508237753853, "p_ex": 6.331029612689246, "prior": 2.425195012153892, "rate": 8.700006275800442}, "datetime": {"datetime": "2024-06-13 09:18:31", "elapsed": 82.169156, "delta": 0.104717}}
{"target": -382.52075218424426, "params": {"p_ai": 2.1418050557805293, "p_al": 7.477392312505152, "p_ex": 1.4474946912067754, "prior": 1.069089742739877, "rate": 7.20350177902532}, "datetime": {"datetime": "2024-06-13 09:18:31", "elapsed": 82.273425, "delta": 0.104269}}
{"target": -332.10774281726026, "params": {"p_ai": 5.263654842331062, "p_al": 4.429715397531216, "p_ex": 7.7820274969779515, "prior": 3.588074784629776, "rate": 8.533642635540552}, "datetime": {"datetime": "2024-06-13 09:18:31", "elapsed": 82.378522, "delta": 0.105097}}
{"target": -734.1642666631323, "params": {"p_ai": 9.62176279907113, "p_al": 9.791275810251324, "p_ex": 2.777002394800293, "prior": 4.1506553568115665, "rate": 7.250373833289235}, "datetime": {"datetime": "2024-06-13 09:18:31", "elapsed": 82.483591, "delta": 0.105069}}
{"target": -562.6400695009833, "params": {"p_ai": 8.948764474195531, "p_al": 7.113399789936541, "p_ex": 7.5815646955077245, "prior": 8.83415311602575, "rate": 3.670115433263018}, "datetime": {"datetime": "2024-06-13 09:18:31", "elapsed": 82.589345, "delta": 0.105754}}
{"target": -351.75228710477006, "params": {"p_ai": 5.425906871529926, "p_al": 5.348164985851875, "p_ex": 6.4761782194627475, "prior": 8.951943613361554, "rate": 6.00867393378521}, "datetime": {"datetime": "2024-06-13 09:18:32", "elapsed": 82.695065, "delta": 0.10572}}
{"target": -668.160350139768, "params": {"p_ai": 9.699415438622323, "p_al": 7.3216234120977175, "p_ex": 4.1534996240542705, "prior": 5.81180346318073, "rate": 9.223285503388022}, "datetime": {"datetime": "2024-06-13 09:18:32", "elapsed": 82.799887, "delta": 0.104822}}
{"target": -480.30892179242676, "params": {"p_ai": 6.185385338885807, "p_al": 7.099576105580202, "p_ex": 6.613259028912707, "prior": 3.362128242556727, "rate": 2.0341452163718596}, "datetime": {"datetime": "2024-06-13 09:18:32", "elapsed": 82.906174, "delta": 0.106287}}
{"target": -234.55497112749026, "params": {"p_ai": 4.078721813041604, "p_al": 1.5085472915112057, "p_ex": 8.263509143662432, "prior": 7.104895674394641, "rate": 4.0111608379157495}, "datetime": {"datetime": "2024-06-13 09:18:32", "elapsed": 83.011052, "delta": 0.104878}}
{"target": -183.8890609718067, "params": {"p_ai": 1.7146555781871196, "p_al": 8.75811759952061, "p_ex": 6.3909999964742354, "prior": 9.966031596995483, "rate": 1.0118777980878546}, "datetime": {"datetime": "2024-06-13 09:18:32", "elapsed": 83.118897, "delta": 0.107845}}
{"target": -168.12651883995517, "params": {"p_ai": 2.4492387429634923, "p_al": 0.8374656866964549, "p_ex": 7.447673015821188, "prior": 1.5965935192609664, "rate": 8.816713679816221}, "datetime": {"datetime": "2024-06-13 09:18:32", "elapsed": 83.22358, "delta": 0.104683}}
{"target": -428.6316384030955, "params": {"p_ai": 4.915303785862436, "p_al": 5.262166457422462, "p_ex": 0.42616036762125126, "prior": 6.140922303680539, "rate": 2.2769202761615777}, "datetime": {"datetime": "2024-06-13 09:18:32", "elapsed": 83.332978, "delta": 0.109398}}
{"target": -414.0287974019793, "params": {"p_ai": 2.135827389380809, "p_al": 8.953290370672992, "p_ex": 8.88024547662092, "prior": 0.05364657807886874, "rate": 8.323207291901435}, "datetime": {"datetime": "2024-06-13 09:18:32", "elapsed": 83.439852, "delta": 0.106874}}
{"target": -566.6056299274134, "params": {"p_ai": 9.02308610135554, "p_al": 5.119964633266645, "p_ex": 6.56208200669582, "prior": 7.67808905365054, "rate": 6.854714307550932}, "datetime": {"datetime": "2024-06-13 09:18:32", "elapsed": 83.546277, "delta": 0.106425}}
{"target": -324.86577751293754, "params": {"p_ai": 4.59170508000715, "p_al": 5.7349488675951, "p_ex": 5.74102025787266, "prior": 8.421463069722522, "rate": 2.4051766344838192}, "datetime": {"datetime": "2024-06-13 09:18:33", "elapsed": 83.652291, "delta": 0.106014}}
{"target": -472.7642843148274, "params": {"p_ai": 7.572507436190774, "p_al": 8.12355876007362, "p_ex": 7.970526579088603, "prior": 8.07727048210085, "rate": 8.292970943843157}, "datetime": {"datetime": "2024-06-13 09:18:33", "elapsed": 83.757449, "delta": 0.105158}}
{"target": -268.8826329401446, "params": {"p_ai": 4.1757399972710925, "p_al": 6.179249469269826, "p_ex": 7.552699915952439, "prior": 7.697885927847493, "rate": 9.586087624632432}, "datetime": {"datetime": "2024-06-13 09:18:33", "elapsed": 83.862724, "delta": 0.105275}}
{"target": -649.7667940858371, "params": {"p_ai": 9.750777680644457, "p_al": 5.647781184498499, "p_ex": 4.657924948350314, "prior": 8.35541774153753, "rate": 2.2003892786426134}, "datetime": {"datetime": "2024-06-13 09:18:33", "elapsed": 83.967686, "delta": 0.104962}}
{"target": -477.1555467219208, "params": {"p_ai": 7.664214496519479, "p_al": 1.920923979668611, "p_ex": 5.916684031964722, "prior": 6.068707734799046, "rate": 4.418996184218967}, "datetime": {"datetime": "2024-06-13 09:18:33", "elapsed": 84.072814, "delta": 0.105128}}
{"target": -618.5872840523717, "params": {"p_ai": 8.645641977427168, "p_al": 5.435278379231555, "p_ex": 4.927804379534841, "prior": 4.181838231064903, "rate": 0.6231896086801356}, "datetime": {"datetime": "2024-06-13 09:18:33", "elapsed": 84.178509, "delta": 0.105695}}
{"target": -239.08551582789843, "params": {"p_ai": 3.622132449809016, "p_al": 0.9290607665831948, "p_ex": 5.656819358260873, "prior": 6.4053758139443495, "rate": 7.67805484391898}, "datetime": {"datetime": "2024-06-13 09:18:33", "elapsed": 84.299029, "delta": 0.12052}}
{"target": -381.6859298529475, "params": {"p_ai": 6.325720028185084, "p_al": 1.8714204909994507, "p_ex": 7.502689263840385, "prior": 5.489045144907434, "rate": 1.0226014229845646}, "datetime": {"datetime": "2024-06-13 09:18:33", "elapsed": 84.405033, "delta": 0.106004}}
{"target": -115.22611472030297, "params": {"p_ai": 0.24924546484989232, "p_al": 2.988163177641064, "p_ex": 6.900460277619986, "prior": 9.327950716090912, "rate": 9.665005509601515}, "datetime": {"datetime": "2024-06-13 09:18:33", "elapsed": 84.509967, "delta": 0.104934}}
{"target": -492.39922061595047, "params": {"p_ai": 7.645716345257133, "p_al": 2.9331986078832384, "p_ex": 6.2210691836043965, "prior": 2.3117301792407194, "rate": 7.507153026145066}, "datetime": {"datetime": "2024-06-13 09:18:34", "elapsed": 84.615118, "delta": 0.105151}}
{"target": -183.06492417247702, "params": {"p_ai": 1.6595044277657995, "p_al": 7.564947384855503, "p_ex": 8.686021400305885, "prior": 5.195544029510985, "rate": 0.657282747746784}, "datetime": {"datetime": "2024-06-13 09:18:34", "elapsed": 84.721359, "delta": 0.106241}}
{"target": -650.2487723489919, "params": {"p_ai": 4.4894713154372115, "p_al": 8.378448285186794, "p_ex": 1.7983467816471097, "prior": 0.3865520535666868, "rate": 7.327203051217345}, "datetime": {"datetime": "2024-06-13 09:18:34", "elapsed": 84.826813, "delta": 0.105454}}
{"target": -290.0650135796708, "params": {"p_ai": 5.630844195010378, "p_al": 0.42156420386587773, "p_ex": 9.848867755318958, "prior": 5.693754542449788, "rate": 5.851981572953577}, "datetime": {"datetime": "2024-06-13 09:18:34", "elapsed": 84.938864, "delta": 0.112051}}
{"target": -701.2558353043321, "params": {"p_ai": 7.899276512022575, "p_al": 9.026444072192401, "p_ex": 0.6084466125606112, "prior": 3.485783580678766, "rate": 2.001718538820858}, "datetime": {"datetime": "2024-06-13 09:18:34", "elapsed": 85.048574, "delta": 0.10971}}
{"target": -370.81410047935054, "params": {"p_ai": 4.652050165017932, "p_al": 0.9155879517141836, "p_ex": 0.6817896566229965, "prior": 3.009593441869708, "rate": 9.04354823246074}, "datetime": {"datetime": "2024-06-13 09:18:34", "elapsed": 85.17351, "delta": 0.124936}}
{"target": -744.591878358897, "params": {"p_ai": 9.755444236897075, "p_al": 7.637436597802163, "p_ex": 0.008408388692528457, "prior": 7.3524203268081045, "rate": 0.22090310734026275}, "datetime": {"datetime": "2024-06-13 09:18:34", "elapsed": 85.285621, "delta": 0.112111}}
{"target": -194.1575832524811, "params": {"p_ai": 1.6864882568683546, "p_al": 0.10612956883701744, "p_ex": 1.4921208606738536, "prior": 6.87536774608507, "rate": 7.020466736538225}, "datetime": {"datetime": "2024-06-13 09:18:34", "elapsed": 85.394113, "delta": 0.108492}}
{"target": -493.3096338663106, "params": {"p_ai": 3.7114029888119466, "p_al": 7.312177051179447, "p_ex": 8.47319475004096, "prior": 1.3044447869010591, "rate": 0.8749857543012785}, "datetime": {"datetime": "2024-06-13 09:18:34", "elapsed": 85.499828, "delta": 0.105715}}
{"target": -307.27949946985024, "params": {"p_ai": 3.7198426436825134, "p_al": 4.039432491874189, "p_ex": 2.764765794383843, "prior": 7.5419276912585245, "rate": 3.218540219323369}, "datetime": {"datetime": "2024-06-13 09:18:35", "elapsed": 85.606896, "delta": 0.107068}}
{"target": -625.2173142682597, "params": {"p_ai": 8.001642974863078, "p_al": 9.113172234382187, "p_ex": 5.131976926404618, "prior": 4.294790874776841, "rate": 0.9168564269132811}, "datetime": {"datetime": "2024-06-13 09:18:35", "elapsed": 85.712758, "delta": 0.105862}}
{"target": -297.8356834879385, "params": {"p_ai": 2.7374993607458595, "p_al": 8.866591497643999, "p_ex": 2.460197468394256, "prior": 6.212272679321877, "rate": 4.950578951032165}, "datetime": {"datetime": "2024-06-13 09:18:35", "elapsed": 85.821571, "delta": 0.108813}}
{"target": -216.11303068165975, "params": {"p_ai": 0.9446309868062094, "p_al": 8.993785945397368, "p_ex": 0.6786405537486796, "prior": 6.807342552340344, "rate": 9.720009401703859}, "datetime": {"datetime": "2024-06-13 09:18:35", "elapsed": 85.928514, "delta": 0.106943}}
{"target": -532.6957342216356, "params": {"p_ai": 7.09402853441662, "p_al": 3.2597612958632975, "p_ex": 0.7353282235136186, "prior": 5.797790733426387, "rate": 7.335436665512681}, "datetime": {"datetime": "2024-06-13 09:18:35", "elapsed": 86.034765, "delta": 0.106251}}
{"target": -428.5360095127733, "params": {"p_ai": 3.589101490501755, "p_al": 6.537860973630521, "p_ex": 5.6663474905763875, "prior": 0.3420300675659004, "rate": 9.207023836034617}, "datetime": {"datetime": "2024-06-13 09:18:35", "elapsed": 86.140204, "delta": 0.105439}}
{"target": -239.84873053283815, "params": {"p_ai": 3.80067802872134, "p_al": 3.794640038024854, "p_ex": 8.463712402100912, "prior": 4.843294742066144, "rate": 4.511236873838769}, "datetime": {"datetime": "2024-06-13 09:18:35", "elapsed": 86.244956, "delta": 0.104752}}
{"target": -410.35634526251647, "params": {"p_ai": 6.398927296728125, "p_al": 2.118501136597562, "p_ex": 5.283478626279848, "prior": 6.68601667563293, "rate": 5.388228223129067}, "datetime": {"datetime": "2024-06-13 09:18:35", "elapsed": 86.349708, "delta": 0.104752}}
{"target": -435.7070626033501, "params": {"p_ai": 7.087902613943157, "p_al": 5.985766383139416, "p_ex": 8.414213931463882, "prior": 8.791828457251615, "rate": 0.979294191124055}, "datetime": {"datetime": "2024-06-13 09:18:35", "elapsed": 86.455661, "delta": 0.105953}}
{"target": -230.6502439317489, "params": {"p_ai": 2.5866813512262476, "p_al": 0.5475068980378041, "p_ex": 2.289689785820543, "prior": 7.209446154413992, "rate": 0.7863738496867323}, "datetime": {"datetime": "2024-06-13 09:18:35", "elapsed": 86.559932, "delta": 0.104271}}
{"target": -238.26412152876856, "params": {"p_ai": 1.5520400109873145, "p_al": 7.707912505930211, "p_ex": 4.443807448550414, "prior": 2.9019172561855204, "rate": 6.440202978033387}, "datetime": {"datetime": "2024-06-13 09:18:36", "elapsed": 86.668675, "delta": 0.108743}}
{"target": -522.2122456319137, "params": {"p_ai": 8.869497107079216, "p_al": 0.3770167983173472, "p_ex": 6.931250350669296, "prior": 6.685838689504883, "rate": 8.680252973877208}, "datetime": {"datetime": "2024-06-13 09:18:36", "elapsed": 86.77458, "delta": 0.105905}}
{"target": -436.6132105310655, "params": {"p_ai": 1.964524028194986, "p_al": 7.128213502710173, "p_ex": 1.0399071814446177, "prior": 0.5672069415832846, "rate": 6.8082795465444335}, "datetime": {"datetime": "2024-06-13 09:18:36", "elapsed": 86.879647, "delta": 0.105067}}
{"target": -151.80334734701356, "params": {"p_ai": 0.22732450662229567, "p_al": 0.4439465889324353, "p_ex": 0.3704932747105868, "prior": 4.65463967682463, "rate": 7.5789365730024665}, "datetime": {"datetime": "2024-06-13 09:18:36", "elapsed": 86.984688, "delta": 0.105041}}
{"target": -577.7663032227075, "params": {"p_ai": 9.922000037675685, "p_al": 2.2668503578440693, "p_ex": 7.924009872480004, "prior": 7.952663395932717, "rate": 8.72255485071234}, "datetime": {"datetime": "2024-06-13 09:18:36", "elapsed": 87.096256, "delta": 0.111568}}
