{"target": -749.5982504370667, "params": {"gamma": 5.131976926404618, "lr": 0.42942202968065213}, "datetime": {"datetime": "2024-06-13 18:28:25", "elapsed": 8.452311, "delta": 0.004986}}
{"target": -177.90165547550208, "params": {"gamma": 0.9168564269132811, "lr": 0.27367730380496647}, "datetime": {"datetime": "2024-06-13 18:28:25", "elapsed": 8.457298, "delta": 0.004987}}
{"target": -1279.3919916121392, "params": {"gamma": 8.866591497643999, "lr": 0.2459443412735529}, "datetime": {"datetime": "2024-06-13 18:28:25", "elapsed": 8.461287, "delta": 0.003989}}
{"target": -880.1758043022875, "params": {"gamma": 6.212272679321877, "lr": 0.49500739584280073}, "datetime": {"datetime": "2024-06-13 18:28:25", "elapsed": 8.466274, "delta": 0.004987}}
{"target": -274.3836424543941, "params": {"gamma": 0.9446309868062094, "lr": 0.8993685313928761}, "datetime": {"datetime": "2024-06-13 18:28:25", "elapsed": 8.47126, "delta": 0.004986}}
{"target": -184.60466871882488, "params": {"gamma": 0.6786405537486796, "lr": 0.680702325466581}, "datetime": {"datetime": "2024-06-13 18:28:25", "elapsed": 8.476247, "delta": 0.004987}}
{"target": -1987.7362069140293, "params": {"gamma": 9.720009401703859, "lr": 0.709373790820744}, "datetime": {"datetime": "2024-06-13 18:28:25", "elapsed": 8.481234, "delta": 0.004987}}
{"target": -1229.642149441562, "params": {"gamma": 3.2597612958632975, "lr": 0.07344016636799866}, "datetime": {"datetime": "2024-06-13 18:28:25", "elapsed": 8.486221, "delta": 0.004987}}
{"target": -1212.835978170959, "params": {"gamma": 5.797790733426387, "lr": 0.7335170182530933}, "datetime": {"datetime": "2024-06-13 18:28:25", "elapsed": 8.491207, "delta": 0.004986}}
{"target": -179.1143717424937, "params": {"gamma": 0.5239594410412508, "lr": 0.8376741304024212}, "datetime": {"datetime": "2024-06-13 18:28:54", "elapsed": 37.030572, "delta": 28.539365}}
{"target": -473.8821137127766, "params": {"gamma": 1.7328344314002284, "lr": 0.9983606440368625}, "datetime": {"datetime": "2024-06-13 18:29:22", "elapsed": 65.146365, "delta": 28.115793}}
{"target": -149.71979100094845, "params": {"gamma": 0.001, "lr": 0.0}, "datetime": {"datetime": "2024-06-13 18:29:45", "elapsed": 88.199331, "delta": 23.052966}}
{"target": -274.8693812984565, "params": {"gamma": 0.9254224820487047, "lr": 0.9872254773367676}, "datetime": {"datetime": "2024-06-13 18:30:24", "elapsed": 127.494837, "delta": 39.295506}}
{"target": -144.04238596918648, "params": {"gamma": 0.06015614373944889, "lr": 0.9327220747026002}, "datetime": {"datetime": "2024-06-13 18:30:40", "elapsed": 142.777724, "delta": 15.282887}}
{"target": -149.71979100094845, "params": {"gamma": 0.5905007825256969, "lr": 0.0}, "datetime": {"datetime": "2024-06-13 18:31:01", "elapsed": 164.467986, "delta": 21.690262}}
{"target": -198.5335799942829, "params": {"gamma": 0.7566253944136422, "lr": 0.7029035768617027}, "datetime": {"datetime": "2024-06-13 18:31:18", "elapsed": 180.597356, "delta": 16.12937}}
{"target": -143.09665819657073, "params": {"gamma": 0.067067259425178, "lr": 1.0}, "datetime": {"datetime": "2024-06-13 18:32:07", "elapsed": 229.902081, "delta": 49.304725}}
{"target": -1137.9511422785047, "params": {"gamma": 5.532459911594318, "lr": 0.7020481994531945}, "datetime": {"datetime": "2024-06-13 18:32:17", "elapsed": 239.769762, "delta": 9.867681}}
{"target": -242.7339192296335, "params": {"gamma": 1.4853000029868202, "lr": 0.4066836824442297}, "datetime": {"datetime": "2024-06-13 18:32:26", "elapsed": 249.076649, "delta": 9.306887}}
{"target": -165.1628163531026, "params": {"gamma": 0.6048606179205505, "lr": 0.631856938533556}, "datetime": {"datetime": "2024-06-13 18:33:05", "elapsed": 288.176122, "delta": 39.099473}}
{"target": -162.37548685810373, "params": {"gamma": 0.5150687397236244, "lr": 0.689826050678103}, "datetime": {"datetime": "2024-06-13 18:33:33", "elapsed": 316.001997, "delta": 27.825875}}
{"target": -149.51786148974404, "params": {"gamma": 0.0015745689865474533, "lr": 0.8692443224384971}, "datetime": {"datetime": "2024-06-13 18:33:58", "elapsed": 341.046973, "delta": 25.044976}}
{"target": -447.08980897300177, "params": {"gamma": 1.6270390108474166, "lr": 0.9986922594466423}, "datetime": {"datetime": "2024-06-13 18:34:17", "elapsed": 360.208129, "delta": 19.161156}}
{"target": -387.8582986750285, "params": {"gamma": 2.620602149179272, "lr": 0.47486844558851055}, "datetime": {"datetime": "2024-06-13 18:34:34", "elapsed": 376.812878, "delta": 16.604749}}
{"target": -507.972207670362, "params": {"gamma": 3.508939326288651, "lr": 0.47208982898677165}, "datetime": {"datetime": "2024-06-13 18:35:24", "elapsed": 427.071371, "delta": 50.258493}}
{"target": -205.0131701617479, "params": {"gamma": 0.5658946569075223, "lr": 1.0}, "datetime": {"datetime": "2024-06-13 18:36:02", "elapsed": 464.789784, "delta": 37.718413}}
{"target": -149.68623309451576, "params": {"gamma": 0.001, "lr": 0.14405237472382812}, "datetime": {"datetime": "2024-06-13 18:36:39", "elapsed": 502.091448, "delta": 37.301664}}
{"target": -518.8028856204987, "params": {"gamma": 2.195616609602122, "lr": 0.832826239704753}, "datetime": {"datetime": "2024-06-13 18:36:48", "elapsed": 511.27991, "delta": 9.188462}}
{"target": -149.71979100094845, "params": {"gamma": 0.769795024022334, "lr": 0.0}, "datetime": {"datetime": "2024-06-13 18:37:08", "elapsed": 531.277291, "delta": 19.997381}}
{"target": -177.30761138611783, "params": {"gamma": 0.909256164238558, "lr": 0.49446725879602493}, "datetime": {"datetime": "2024-06-13 18:37:43", "elapsed": 565.897818, "delta": 34.620527}}
{"target": -180.10490813040317, "params": {"gamma": 0.73871343454262, "lr": 0.6145985045526104}, "datetime": {"datetime": "2024-06-13 18:38:23", "elapsed": 605.883678, "delta": 39.98586}}
{"target": -191.6936534680798, "params": {"gamma": 0.5973446315975962, "lr": 0.8391356729910586}, "datetime": {"datetime": "2024-06-13 18:38:41", "elapsed": 623.843118, "delta": 17.95944}}
{"target": -659.6751919250165, "params": {"gamma": 4.614963540072418, "lr": 0.487979895010642}, "datetime": {"datetime": "2024-06-13 18:38:50", "elapsed": 633.150835, "delta": 9.307717}}
{"target": -208.21875740788312, "params": {"gamma": 1.027156291525557, "lr": 0.5462184204798283}, "datetime": {"datetime": "2024-06-13 18:39:21", "elapsed": 664.009368, "delta": 30.858533}}
