{"target": -146.10858670279598, "params": {"gamma": 0.518425063389165, "prior": 8.023345278411995, "rate": 1.8127106900062346}, "datetime": {"datetime": "2024-06-14 10:30:42", "elapsed": 17.531274, "delta": 0.01097}}
{"target": -346.49209789751575, "params": {"gamma": 6.687743802830694, "prior": 8.370179976185053, "rate": 9.648000771149587}, "datetime": {"datetime": "2024-06-14 10:30:42", "elapsed": 17.541248, "delta": 0.009974}}
{"target": -146.14428600958658, "params": {"gamma": 1.2693322409733296, "prior": 5.2807820848604825, "rate": 8.506259835578277}, "datetime": {"datetime": "2024-06-14 10:30:42", "elapsed": 17.552219, "delta": 0.010971}}
{"target": -287.4325344897684, "params": {"gamma": 5.376554931110454, "prior": 7.327460113254701, "rate": 7.854811002586698}, "datetime": {"datetime": "2024-06-14 10:30:42", "elapsed": 17.562192, "delta": 0.009973}}
{"target": -426.93350922245594, "params": {"gamma": 8.36611885215124, "prior": 6.698671028783691, "rate": 8.977494158102747}, "datetime": {"datetime": "2024-06-14 10:30:42", "elapsed": 17.573163, "delta": 0.010971}}
{"target": -334.9226001047476, "params": {"gamma": 6.4782645488662265, "prior": 9.451910164511617, "rate": 6.293354520653859}, "datetime": {"datetime": "2024-06-14 10:30:42", "elapsed": 17.583136, "delta": 0.009973}}
{"target": -433.6923355564865, "params": {"gamma": 8.724413810278625, "prior": 5.996988068238829, "rate": 3.4441454939220204}, "datetime": {"datetime": "2024-06-14 10:30:42", "elapsed": 17.594107, "delta": 0.010971}}
{"target": -410.8280265990935, "params": {"gamma": 8.134761405617539, "prior": 4.380572177078845, "rate": 1.26633005871915}, "datetime": {"datetime": "2024-06-14 10:30:42", "elapsed": 17.605078, "delta": 0.010971}}
{"target": -477.6174939179278, "params": {"gamma": 9.685718757922707, "prior": 8.540378886592336, "rate": 5.613032976457021}, "datetime": {"datetime": "2024-06-14 10:30:42", "elapsed": 17.616048, "delta": 0.01097}}
{"target": -357.71200442941404, "params": {"gamma": 6.70645236332923, "prior": 9.97746979690073, "rate": 1.6139258941379875}, "datetime": {"datetime": "2024-06-14 10:30:42", "elapsed": 17.626021, "delta": 0.009973}}
{"target": -287.3396573530133, "params": {"gamma": 5.345865061083275, "prior": 3.9706892074339746, "rate": 5.411934552410746}, "datetime": {"datetime": "2024-06-14 10:30:42", "elapsed": 17.637996, "delta": 0.011975}}
{"target": -144.90794725541744, "params": {"gamma": 1.0346751548979976, "prior": 4.463348355283198, "rate": 4.615179910338178}, "datetime": {"datetime": "2024-06-14 10:30:42", "elapsed": 17.647962, "delta": 0.009966}}
{"target": -312.40667574083756, "params": {"gamma": 5.959320550265768, "prior": 6.657514292740112, "rate": 5.9019035859365445}, "datetime": {"datetime": "2024-06-14 10:30:42", "elapsed": 17.657936, "delta": 0.009974}}
{"target": -370.9975151501963, "params": {"gamma": 7.294098218201382, "prior": 5.850935976242481, "rate": 4.431587983023527}, "datetime": {"datetime": "2024-06-14 10:30:42", "elapsed": 17.668907, "delta": 0.010971}}
{"target": -273.08010813751315, "params": {"gamma": 4.968387656954369, "prior": 4.3578792885960675, "rate": 2.1015284571954447}, "datetime": {"datetime": "2024-06-14 10:30:42", "elapsed": 17.679877, "delta": 0.01097}}
{"target": -169.9590227548215, "params": {"gamma": 2.268784360438243, "prior": 4.628147893294655, "rate": 4.336093573615487}, "datetime": {"datetime": "2024-06-14 10:30:42", "elapsed": 17.690847, "delta": 0.01097}}
{"target": -402.97042423305146, "params": {"gamma": 7.793058306926475, "prior": 4.266497925247028, "rate": 6.734009957010978}, "datetime": {"datetime": "2024-06-14 10:30:42", "elapsed": 17.701818, "delta": 0.010971}}
{"target": -155.8282717934407, "params": {"gamma": 1.6612208005950855, "prior": 8.258183945490565, "rate": 6.8543823546258436}, "datetime": {"datetime": "2024-06-14 10:30:42", "elapsed": 17.711792, "delta": 0.009974}}
{"target": -410.72811577261365, "params": {"gamma": 7.890734933535461, "prior": 3.6588964274812152, "rate": 6.62582745539401}, "datetime": {"datetime": "2024-06-14 10:30:42", "elapsed": 17.722763, "delta": 0.010971}}
{"target": -166.65862478216363, "params": {"gamma": 2.1716875482551337, "prior": 2.287957296922715, "rate": 2.4253252674042707}, "datetime": {"datetime": "2024-06-14 10:30:42", "elapsed": 17.733733, "delta": 0.01097}}
{"target": -180.7338763768808, "params": {"gamma": 2.646618581923333, "prior": 4.143278360424636, "rate": 8.287125786730796}, "datetime": {"datetime": "2024-06-14 10:30:42", "elapsed": 17.744704, "delta": 0.010971}}
{"target": -471.2342257104897, "params": {"gamma": 9.474248122372826, "prior": 6.361334167652156, "rate": 1.348256625665745}, "datetime": {"datetime": "2024-06-14 10:30:42", "elapsed": 17.754677, "delta": 0.009973}}
{"target": -246.19928585972494, "params": {"gamma": 4.200514533381073, "prior": 9.36823535020746, "rate": 3.206122209008569}, "datetime": {"datetime": "2024-06-14 10:30:42", "elapsed": 17.765648, "delta": 0.010971}}
{"target": -323.89643283165725, "params": {"gamma": 6.1931905794918185, "prior": 9.357823108034191, "rate": 4.607362678122438}, "datetime": {"datetime": "2024-06-14 10:30:42", "elapsed": 17.775622, "delta": 0.009974}}
{"target": -271.27333906596306, "params": {"gamma": 5.004490142114326, "prior": 9.19506772656131, "rate": 9.298305886525743}, "datetime": {"datetime": "2024-06-14 10:30:42", "elapsed": 17.786593, "delta": 0.010971}}
{"target": -457.4968845675322, "params": {"gamma": 9.04496424702233, "prior": 5.184981853710656, "rate": 6.398472694701441}, "datetime": {"datetime": "2024-06-14 10:30:42", "elapsed": 17.797562, "delta": 0.010969}}
{"target": -329.8658903424812, "params": {"gamma": 5.890472752605639, "prior": 1.6690987172854312, "rate": 6.234866594810311}, "datetime": {"datetime": "2024-06-14 10:30:42", "elapsed": 17.807536, "delta": 0.009974}}
{"target": -198.94675642066173, "params": {"gamma": 3.1921240844594263, "prior": 1.3942814559414822, "rate": 2.1508150426858728}, "datetime": {"datetime": "2024-06-14 10:30:42", "elapsed": 17.818507, "delta": 0.010971}}
{"target": -197.21662022699672, "params": {"gamma": 3.1372893115280216, "prior": 9.519372827689537, "rate": 9.907680849822357}, "datetime": {"datetime": "2024-06-14 10:30:42", "elapsed": 17.828481, "delta": 0.009974}}
{"target": -436.0740589044438, "params": {"gamma": 8.668996751551681, "prior": 4.672423692173761, "rate": 4.656706908529602}, "datetime": {"datetime": "2024-06-14 10:30:42", "elapsed": 17.839451, "delta": 0.01097}}
{"target": -449.77726877361033, "params": {"gamma": 7.647520341309665, "prior": 1.074239963450954, "rate": 9.940379659168363}, "datetime": {"datetime": "2024-06-14 10:30:42", "elapsed": 17.849423, "delta": 0.009972}}
{"target": -375.29772209304747, "params": {"gamma": 6.9224566172976845, "prior": 3.0629283412837927, "rate": 9.088573077112654}, "datetime": {"datetime": "2024-06-14 10:30:42", "elapsed": 17.860294, "delta": 0.010871}}
{"target": -294.27208760436326, "params": {"gamma": 5.526235888770702, "prior": 0.9433807768511864, "rate": 1.0833491863453326}, "datetime": {"datetime": "2024-06-14 10:30:42", "elapsed": 17.871832, "delta": 0.011538}}
{"target": -145.22984416970155, "params": {"gamma": 0.3176168877888321, "prior": 2.240327888608129, "rate": 0.51508803577319}, "datetime": {"datetime": "2024-06-14 10:30:42", "elapsed": 17.881805, "delta": 0.009973}}
{"target": -297.5476452359766, "params": {"gamma": 5.103214380152735, "prior": 0.9211098493361365, "rate": 4.431779707933526}, "datetime": {"datetime": "2024-06-14 10:30:42", "elapsed": 17.892776, "delta": 0.010971}}
{"target": -173.8151014684059, "params": {"gamma": 2.362771206680796, "prior": 5.6412349065280925, "rate": 4.390238946627599}, "datetime": {"datetime": "2024-06-14 10:30:42", "elapsed": 17.90275, "delta": 0.009974}}
{"target": -418.77260985049327, "params": {"gamma": 8.375567087137503, "prior": 3.4317930698460395, "rate": 2.3030862375648358}, "datetime": {"datetime": "2024-06-14 10:30:43", "elapsed": 17.912723, "delta": 0.009973}}
{"target": -483.81778584841095, "params": {"gamma": 9.401218217622588, "prior": 4.71700059437067, "rate": 0.2825494345653465}, "datetime": {"datetime": "2024-06-14 10:30:43", "elapsed": 17.923693, "delta": 0.01097}}
{"target": -147.03040891320367, "params": {"gamma": 0.7952844018626734, "prior": 5.600160498896482, "rate": 2.1085032523654648}, "datetime": {"datetime": "2024-06-14 10:30:43", "elapsed": 17.935662, "delta": 0.011969}}
{"target": -150.9557546444569, "params": {"gamma": 1.4832079169213832, "prior": 2.03577051385278, "rate": 7.4477447466406055}, "datetime": {"datetime": "2024-06-14 10:30:43", "elapsed": 17.946632, "delta": 0.01097}}
{"target": -534.9454101965666, "params": {"gamma": 9.490190594750429, "prior": 1.3808418827316682, "rate": 8.797922693851072}, "datetime": {"datetime": "2024-06-14 10:30:43", "elapsed": 17.957603, "delta": 0.010971}}
{"target": -378.8714106588229, "params": {"gamma": 7.119486308304545, "prior": 5.612748843111474, "rate": 0.6711193665390025}, "datetime": {"datetime": "2024-06-14 10:30:43", "elapsed": 17.968573, "delta": 0.01097}}
{"target": -398.72868670548746, "params": {"gamma": 7.877623428379662, "prior": 8.141573527504782, "rate": 7.546064084925807}, "datetime": {"datetime": "2024-06-14 10:30:43", "elapsed": 17.979544, "delta": 0.010971}}
{"target": -293.05615635934737, "params": {"gamma": 5.5053451266130216, "prior": 6.352887453044348, "rate": 4.367192277935727}, "datetime": {"datetime": "2024-06-14 10:30:43", "elapsed": 17.989517, "delta": 0.009973}}
{"target": -201.66722832546517, "params": {"gamma": 3.079162242084743, "prior": 2.1563415656940617, "rate": 7.70783813326756}, "datetime": {"datetime": "2024-06-14 10:30:43", "elapsed": 17.99949, "delta": 0.009973}}
{"target": -465.2426298205212, "params": {"gamma": 9.347823400996651, "prior": 6.253005567983246, "rate": 5.342940039040913}, "datetime": {"datetime": "2024-06-14 10:30:43", "elapsed": 18.010461, "delta": 0.010971}}
{"target": -494.3681155022352, "params": {"gamma": 8.832821399586447, "prior": 0.543549432321984, "rate": 3.027452733825171}, "datetime": {"datetime": "2024-06-14 10:30:43", "elapsed": 18.022431, "delta": 0.01197}}
{"target": -259.06940727376093, "params": {"gamma": 3.825328639516465, "prior": 0.4078849577947824, "rate": 5.199809613230569}, "datetime": {"datetime": "2024-06-14 10:30:43", "elapsed": 18.034398, "delta": 0.011967}}
{"target": -465.12307954069183, "params": {"gamma": 9.40582357294277, "prior": 7.992725691934161, "rate": 5.351408522523899}, "datetime": {"datetime": "2024-06-14 10:30:43", "elapsed": 18.04437, "delta": 0.009972}}
{"target": -351.414206910734, "params": {"gamma": 6.7657338580782405, "prior": 7.873824709873373, "rate": 2.611671926966363}, "datetime": {"datetime": "2024-06-14 10:30:43", "elapsed": 18.055342, "delta": 0.010972}}
{"target": -184.05913558811696, "params": {"gamma": 2.757360350509144, "prior": 6.091715488473178, "rate": 6.74213697673649}, "datetime": {"datetime": "2024-06-14 10:30:43", "elapsed": 18.066313, "delta": 0.010971}}
{"target": -145.44484371071286, "params": {"gamma": 0.037131121203666864, "prior": 8.571439691934431, "rate": 1.4499755526920097}, "datetime": {"datetime": "2024-06-14 10:30:43", "elapsed": 18.07828, "delta": 0.011967}}
{"target": -307.3704815938819, "params": {"gamma": 5.124009381904939, "prior": 5.6655858482099735, "rate": 0.07290430277148773}, "datetime": {"datetime": "2024-06-14 10:30:43", "elapsed": 18.089251, "delta": 0.010971}}
{"target": -241.57827332853617, "params": {"gamma": 4.289076528699282, "prior": 5.384053388047638, "rate": 6.907376297071434}, "datetime": {"datetime": "2024-06-14 10:30:43", "elapsed": 18.100222, "delta": 0.010971}}
{"target": -489.24268515207586, "params": {"gamma": 9.031835670784622, "prior": 0.7787551523432098, "rate": 2.8317040472904758}, "datetime": {"datetime": "2024-06-14 10:30:43", "elapsed": 18.111192, "delta": 0.01097}}
{"target": -284.6930919866656, "params": {"gamma": 5.279795197202099, "prior": 2.9733261504001245, "rate": 4.201892734282735}, "datetime": {"datetime": "2024-06-14 10:30:43", "elapsed": 18.122163, "delta": 0.010971}}
{"target": -588.1854272302163, "params": {"gamma": 9.820547479625972, "prior": 0.6636402718702625, "rate": 9.289203208835787}, "datetime": {"datetime": "2024-06-14 10:30:43", "elapsed": 18.133134, "delta": 0.010971}}
{"target": -344.491129374225, "params": {"gamma": 6.680114161371072, "prior": 5.035947408040653, "rate": 4.647506170595227}, "datetime": {"datetime": "2024-06-14 10:30:43", "elapsed": 18.144104, "delta": 0.01097}}
{"target": -297.45399101668744, "params": {"gamma": 5.589785773928347, "prior": 2.9867128566196963, "rate": 1.7188330067587443}, "datetime": {"datetime": "2024-06-14 10:30:43", "elapsed": 18.154077, "delta": 0.009973}}
{"target": -323.7286844708982, "params": {"gamma": 6.197786816831587, "prior": 9.885925228469835, "rate": 5.162690424583267}, "datetime": {"datetime": "2024-06-14 10:30:43", "elapsed": 18.165048, "delta": 0.010971}}
{"target": -347.7498302610696, "params": {"gamma": 6.710412491894106, "prior": 5.243372538798067, "rate": 2.0011085780511912}, "datetime": {"datetime": "2024-06-14 10:30:43", "elapsed": 18.175022, "delta": 0.009974}}
{"target": -304.9469404632094, "params": {"gamma": 5.787379979419437, "prior": 9.583007643759036, "rate": 6.924549114998262}, "datetime": {"datetime": "2024-06-14 10:30:43", "elapsed": 18.185993, "delta": 0.010971}}
{"target": -142.23245093865262, "params": {"gamma": 0.274342053750928, "prior": 3.6948761925389584, "rate": 6.33921964079754}, "datetime": {"datetime": "2024-06-14 10:30:43", "elapsed": 18.195966, "delta": 0.009973}}
{"target": -336.88590258454724, "params": {"gamma": 5.67116400617658, "prior": 1.301203739015265, "rate": 9.364796358912931}, "datetime": {"datetime": "2024-06-14 10:30:43", "elapsed": 18.206936, "delta": 0.01097}}
{"target": -227.30084975860774, "params": {"gamma": 3.938997493293488, "prior": 7.319700947932855, "rate": 7.857086866488291}, "datetime": {"datetime": "2024-06-14 10:30:43", "elapsed": 18.217906, "delta": 0.01097}}
{"target": -167.3078444723697, "params": {"gamma": 2.1307142258890264, "prior": 6.659980991963436, "rate": 5.2341476294898825}, "datetime": {"datetime": "2024-06-14 10:30:43", "elapsed": 18.22788, "delta": 0.009974}}
{"target": -159.1272015665478, "params": {"gamma": 1.783794004691899, "prior": 7.212564495824819, "rate": 5.406224528163018}, "datetime": {"datetime": "2024-06-14 10:30:43", "elapsed": 18.23885, "delta": 0.01097}}
{"target": -164.86237077632956, "params": {"gamma": 2.1417238051544096, "prior": 4.238811933822576, "rate": 6.8079344253726966}, "datetime": {"datetime": "2024-06-14 10:30:43", "elapsed": 18.249822, "delta": 0.010972}}
{"target": -503.98810300297504, "params": {"gamma": 9.937621475494428, "prior": 5.5295345252227435, "rate": 7.939406449739636}, "datetime": {"datetime": "2024-06-14 10:30:43", "elapsed": 18.26179, "delta": 0.011968}}
{"target": -203.3262140083614, "params": {"gamma": 3.3064511453666356, "prior": 5.164454283417241, "rate": 8.350414978664054}, "datetime": {"datetime": "2024-06-14 10:30:43", "elapsed": 18.273756, "delta": 0.011966}}
{"target": -533.0905632457948, "params": {"gamma": 9.704609444607442, "prior": 1.8668728599484044, "rate": 8.513224576444088}, "datetime": {"datetime": "2024-06-14 10:30:43", "elapsed": 18.284729, "delta": 0.010973}}
{"target": -486.8746892743566, "params": {"gamma": 9.8839813130555, "prior": 4.559573957621887, "rate": 3.0802934792591}, "datetime": {"datetime": "2024-06-14 10:30:43", "elapsed": 18.295698, "delta": 0.010969}}
{"target": -500.5481070678892, "params": {"gamma": 9.124683586378131, "prior": 2.2765865789701447, "rate": 9.88264881287327}, "datetime": {"datetime": "2024-06-14 10:30:43", "elapsed": 18.306669, "delta": 0.010971}}
{"target": -230.52443907326813, "params": {"gamma": 4.016014561459776, "prior": 1.0131129142505106, "rate": 1.368611993565815}, "datetime": {"datetime": "2024-06-14 10:30:43", "elapsed": 18.318637, "delta": 0.011968}}
{"target": -275.07207285092227, "params": {"gamma": 4.771246207156717, "prior": 0.7033829612030654, "rate": 2.519602463648642}, "datetime": {"datetime": "2024-06-14 10:30:43", "elapsed": 18.329173, "delta": 0.010536}}
{"target": -403.2504381091366, "params": {"gamma": 7.950227595281238, "prior": 7.874786065977949, "rate": 8.108387517165163}, "datetime": {"datetime": "2024-06-14 10:30:43", "elapsed": 18.339146, "delta": 0.009973}}
{"target": -142.38949126627196, "params": {"gamma": 0.4635818527703097, "prior": 7.687845099749461, "rate": 8.068658621836198}, "datetime": {"datetime": "2024-06-14 10:30:43", "elapsed": 18.350117, "delta": 0.010971}}
{"target": -143.0841338845477, "params": {"gamma": 0.1614807233633352, "prior": 3.9741465501415574, "rate": 8.655905140222567}, "datetime": {"datetime": "2024-06-14 10:30:43", "elapsed": 18.360696, "delta": 0.010579}}
{"target": -472.28215026946225, "params": {"gamma": 9.58478787486283, "prior": 9.203960219040058, "rate": 5.470332354994583}, "datetime": {"datetime": "2024-06-14 10:30:43", "elapsed": 18.371615, "delta": 0.010919}}
{"target": -196.03233199136164, "params": {"gamma": 3.0999028075571977, "prior": 5.933723461468355, "rate": 5.960308888277244}, "datetime": {"datetime": "2024-06-14 10:30:43", "elapsed": 18.382095, "delta": 0.01048}}
{"target": -347.3548039079626, "params": {"gamma": 6.645853962048891, "prior": 5.949068744119219, "rate": 8.680686431625688}, "datetime": {"datetime": "2024-06-14 10:30:43", "elapsed": 18.394062, "delta": 0.011967}}
{"target": -242.44314742301924, "params": {"gamma": 3.740404346465307, "prior": 2.51576369972239, "rate": 0.20584523782095557}, "datetime": {"datetime": "2024-06-14 10:30:43", "elapsed": 18.405033, "delta": 0.010971}}
{"target": -170.20087133572994, "params": {"gamma": 2.3276534032092466, "prior": 1.6998563265328037, "rate": 2.382365800220145}, "datetime": {"datetime": "2024-06-14 10:30:43", "elapsed": 18.415007, "delta": 0.009974}}
{"target": -438.6166181701667, "params": {"gamma": 8.809750700685962, "prior": 7.342834380593291, "rate": 2.4346474261497026}, "datetime": {"datetime": "2024-06-14 10:30:43", "elapsed": 18.425977, "delta": 0.01097}}
{"target": -399.36860547825904, "params": {"gamma": 7.93074966579814, "prior": 5.486796446527367, "rate": 4.065455958505244}, "datetime": {"datetime": "2024-06-14 10:30:43", "elapsed": 18.43595, "delta": 0.009973}}
{"target": -174.61991922872758, "params": {"gamma": 2.0588168270783345, "prior": 3.1762456147307865, "rate": 0.7933859337786535}, "datetime": {"datetime": "2024-06-14 10:30:43", "elapsed": 18.446921, "delta": 0.010971}}
{"target": -176.28661878374524, "params": {"gamma": 2.3370014693504007, "prior": 6.690938823288298, "rate": 3.510850519903707}, "datetime": {"datetime": "2024-06-14 10:30:43", "elapsed": 18.456894, "delta": 0.009973}}
{"target": -413.52529472611633, "params": {"gamma": 8.197382234314826, "prior": 6.645433517996546, "rate": 6.243886676338824}, "datetime": {"datetime": "2024-06-14 10:30:43", "elapsed": 18.466869, "delta": 0.009975}}
{"target": -238.18072942370824, "params": {"gamma": 4.203358120025224, "prior": 6.485522600358745, "rate": 8.748431716742354}, "datetime": {"datetime": "2024-06-14 10:30:43", "elapsed": 18.504767, "delta": 0.037898}}
{"target": -198.6158824323629, "params": {"gamma": 3.1134152627298404, "prior": 3.493245069587299, "rate": 8.486942886026812}, "datetime": {"datetime": "2024-06-14 10:30:43", "elapsed": 18.51474, "delta": 0.009973}}
{"target": -296.58438862651934, "params": {"gamma": 5.2994112343421165, "prior": 9.24451206335198, "rate": 1.876341924396167}, "datetime": {"datetime": "2024-06-14 10:30:43", "elapsed": 18.524713, "delta": 0.009973}}
{"target": -182.11281785045188, "params": {"gamma": 2.149517739976633, "prior": 8.638341582747344, "rate": 0.9958043191607387}, "datetime": {"datetime": "2024-06-14 10:30:43", "elapsed": 18.534687, "delta": 0.009974}}
{"target": -259.42465520298276, "params": {"gamma": 4.717152090529902, "prior": 8.410095236823695, "rate": 6.937672299169015}, "datetime": {"datetime": "2024-06-14 10:30:43", "elapsed": 18.545657, "delta": 0.01097}}
{"target": -265.88569369160126, "params": {"gamma": 4.622952603534849, "prior": 1.7354650920880788, "rate": 5.508608102481257}, "datetime": {"datetime": "2024-06-14 10:30:43", "elapsed": 18.555631, "delta": 0.009974}}
{"target": -502.8909146220376, "params": {"gamma": 9.879798710108535, "prior": 8.071059692189767, "rate": 0.5502334117385274}, "datetime": {"datetime": "2024-06-14 10:30:43", "elapsed": 18.565604, "delta": 0.009973}}
{"target": -371.9501590841881, "params": {"gamma": 7.109572833570658, "prior": 9.768501118223332, "rate": 1.9345458616173425}, "datetime": {"datetime": "2024-06-14 10:30:43", "elapsed": 18.575578, "delta": 0.009974}}
{"target": -514.4503136639914, "params": {"gamma": 9.564120655508974, "prior": 2.4101209180042362, "rate": 8.194158826769996}, "datetime": {"datetime": "2024-06-14 10:30:43", "elapsed": 18.586549, "delta": 0.010971}}
{"target": -153.64367344262004, "params": {"gamma": 1.495037423229105, "prior": 5.18963690755791, "rate": 3.64078281665956}, "datetime": {"datetime": "2024-06-14 10:30:43", "elapsed": 18.59752, "delta": 0.010971}}
{"target": -365.65629323568845, "params": {"gamma": 6.707204581969504, "prior": 1.8732591939869123, "rate": 5.7979036601822145}, "datetime": {"datetime": "2024-06-14 10:30:43", "elapsed": 18.60849, "delta": 0.01097}}
{"target": -145.23957446008762, "params": {"gamma": 0.02523445285068334, "prior": 4.313976928799815, "rate": 5.158416296806499}, "datetime": {"datetime": "2024-06-14 10:30:43", "elapsed": 18.619461, "delta": 0.010971}}
{"target": -431.8565012953991, "params": {"gamma": 8.378128201572276, "prior": 7.600612871411063, "rate": 0.9198244994151032}, "datetime": {"datetime": "2024-06-14 10:30:43", "elapsed": 18.629433, "delta": 0.009972}}
