{"target": -722.4481652910657, "params": {"gamma": 5.336999796367143, "lr": 0.31446701118584963}, "datetime": {"datetime": "2024-06-13 17:15:17", "elapsed": 0.799303, "delta": 0.003989}}
{"target": -1237.2338890307728, "params": {"gamma": 9.1078175389072, "lr": 0.36655664385123443}, "datetime": {"datetime": "2024-06-13 17:15:17", "elapsed": 0.802295, "delta": 0.002992}}
{"target": -765.208496590692, "params": {"gamma": 4.336489680404373, "lr": 0.5122926922783614}, "datetime": {"datetime": "2024-06-13 17:15:17", "elapsed": 0.806284, "delta": 0.003989}}
{"target": -3351.3128023736363, "params": {"gamma": 9.388925887219763, "lr": 0.030949006271150714}, "datetime": {"datetime": "2024-06-13 17:15:17", "elapsed": 0.809276, "delta": 0.002992}}
{"target": -1941.0290713568352, "params": {"gamma": 7.1690697576532605, "lr": 0.8910189542923389}, "datetime": {"datetime": "2024-06-13 17:15:17", "elapsed": 0.813266, "delta": 0.00399}}
{"target": -138.87273619844402, "params": {"gamma": 0.2738449479511707, "lr": 0.5220512472525107}, "datetime": {"datetime": "2024-06-13 17:15:17", "elapsed": 0.816258, "delta": 0.002992}}
{"target": -886.0607081651053, "params": {"gamma": 3.2605721278884827, "lr": 0.8594893208655858}, "datetime": {"datetime": "2024-06-13 17:15:17", "elapsed": 0.819249, "delta": 0.002991}}
{"target": -1217.1613400442686, "params": {"gamma": 5.585606992674257, "lr": 0.6902278681627478}, "datetime": {"datetime": "2024-06-13 17:15:17", "elapsed": 0.823239, "delta": 0.00399}}
{"target": -939.7296365051272, "params": {"gamma": 4.529082146015424, "lr": 0.6283090375213571}, "datetime": {"datetime": "2024-06-13 17:15:17", "elapsed": 0.826231, "delta": 0.002992}}
{"target": -1039.9517490692951, "params": {"gamma": 2.901678420022571, "lr": 0.009348577966515781}, "datetime": {"datetime": "2024-06-13 17:15:17", "elapsed": 0.83022, "delta": 0.003989}}
{"target": -778.9899206152783, "params": {"gamma": 5.767982593935921, "lr": 0.3114442141324628}, "datetime": {"datetime": "2024-06-13 17:15:17", "elapsed": 0.833213, "delta": 0.002993}}
{"target": -1419.1622761764957, "params": {"gamma": 5.1731587174127975, "lr": 0.9164058530538978}, "datetime": {"datetime": "2024-06-13 17:15:17", "elapsed": 0.837201, "delta": 0.003988}}
{"target": -655.0102121105043, "params": {"gamma": 4.265321410225459, "lr": 0.2473960366023854}, "datetime": {"datetime": "2024-06-13 17:15:17", "elapsed": 0.840193, "delta": 0.002992}}
{"target": -1030.1957946148889, "params": {"gamma": 3.7135663190292654, "lr": 0.9318611166365406}, "datetime": {"datetime": "2024-06-13 17:15:17", "elapsed": 0.844183, "delta": 0.00399}}
{"target": -2342.7015556833753, "params": {"gamma": 9.368746944709628, "lr": 0.8443299485657132}, "datetime": {"datetime": "2024-06-13 17:15:17", "elapsed": 0.847175, "delta": 0.002992}}
{"target": -1392.3795189047166, "params": {"gamma": 9.202144936542298, "lr": 0.22790028995131695}, "datetime": {"datetime": "2024-06-13 17:15:17", "elapsed": 0.851164, "delta": 0.003989}}
{"target": -174.20803952057025, "params": {"gamma": 0.8757346133263552, "lr": 0.22730973628468876}, "datetime": {"datetime": "2024-06-13 17:15:17", "elapsed": 0.854156, "delta": 0.002992}}
{"target": -625.0474882825553, "params": {"gamma": 3.1444517845243904, "lr": 0.17476587635631158}, "datetime": {"datetime": "2024-06-13 17:15:17", "elapsed": 0.858145, "delta": 0.003989}}
{"target": -890.0982867438927, "params": {"gamma": 6.071334525562633, "lr": 0.41358641500116133}, "datetime": {"datetime": "2024-06-13 17:15:17", "elapsed": 0.861649, "delta": 0.003504}}
{"target": -1450.0256542043678, "params": {"gamma": 8.163698766760314, "lr": 0.18513039826903066}, "datetime": {"datetime": "2024-06-13 17:15:17", "elapsed": 0.864635, "delta": 0.002986}}
{"target": -1066.074248622589, "params": {"gamma": 7.019063421033349, "lr": 0.24035562484913886}, "datetime": {"datetime": "2024-06-13 17:15:17", "elapsed": 0.868624, "delta": 0.003989}}
{"target": -785.6598852788824, "params": {"gamma": 5.742616669319757, "lr": 0.34898759722078887}, "datetime": {"datetime": "2024-06-13 17:15:17", "elapsed": 0.871616, "delta": 0.002992}}
{"target": -145.709196433536, "params": {"gamma": 0.5705870304288444, "lr": 0.22881367096037586}, "datetime": {"datetime": "2024-06-13 17:15:17", "elapsed": 0.875605, "delta": 0.003989}}
{"target": -1014.6610680164557, "params": {"gamma": 6.641361450992581, "lr": 0.4972500933605313}, "datetime": {"datetime": "2024-06-13 17:15:17", "elapsed": 0.878597, "delta": 0.002992}}
{"target": -1020.4829165455021, "params": {"gamma": 5.190640824752714, "lr": 0.1747201501089225}, "datetime": {"datetime": "2024-06-13 17:15:17", "elapsed": 0.882588, "delta": 0.003991}}
{"target": -1575.852757154075, "params": {"gamma": 5.7075877996110185, "lr": 0.99675342520821}, "datetime": {"datetime": "2024-06-13 17:15:17", "elapsed": 0.886576, "delta": 0.003988}}
{"target": -1532.5956134734026, "params": {"gamma": 8.168534252807428, "lr": 0.5943726238309778}, "datetime": {"datetime": "2024-06-13 17:15:17", "elapsed": 0.889568, "delta": 0.002992}}
{"target": -2637.9101708060084, "params": {"gamma": 9.759914694240718, "lr": 0.9015625846693213}, "datetime": {"datetime": "2024-06-13 17:15:17", "elapsed": 0.893557, "delta": 0.003989}}
{"target": -2127.7025790337216, "params": {"gamma": 5.956483728092853, "lr": 0.032426325314457105}, "datetime": {"datetime": "2024-06-13 17:15:17", "elapsed": 0.89655, "delta": 0.002993}}
{"target": -355.5023178979738, "params": {"gamma": 0.93667738107899, "lr": 0.06537171504222639}, "datetime": {"datetime": "2024-06-13 17:15:17", "elapsed": 0.900538, "delta": 0.003988}}
{"target": -618.4185679440508, "params": {"gamma": 4.517879753766062, "lr": 0.37543483316785775}, "datetime": {"datetime": "2024-06-13 17:15:17", "elapsed": 0.90353, "delta": 0.002992}}
{"target": -1905.3707479809586, "params": {"gamma": 9.753524992668595, "lr": 0.1679832931996149}, "datetime": {"datetime": "2024-06-13 17:15:17", "elapsed": 0.90752, "delta": 0.00399}}
{"target": -2377.0752977639454, "params": {"gamma": 9.72790313173462, "lr": 0.7674748688630131}, "datetime": {"datetime": "2024-06-13 17:15:17", "elapsed": 0.910512, "delta": 0.002992}}
{"target": -1700.1965416845942, "params": {"gamma": 8.242554158405353, "lr": 0.6326158167779973}, "datetime": {"datetime": "2024-06-13 17:15:17", "elapsed": 0.914501, "delta": 0.003989}}
{"target": -1021.5948900074245, "params": {"gamma": 6.6876589692971145, "lr": 0.47688233352119336}, "datetime": {"datetime": "2024-06-13 17:15:17", "elapsed": 0.917493, "delta": 0.002992}}
{"target": -136.4508657070656, "params": {"gamma": 0.13235043287379938, "lr": 0.3530060855418248}, "datetime": {"datetime": "2024-06-13 17:15:17", "elapsed": 0.921482, "delta": 0.003989}}
{"target": -1094.9143269952579, "params": {"gamma": 4.9212259431340915, "lr": 0.7300912110901043}, "datetime": {"datetime": "2024-06-13 17:15:17", "elapsed": 0.924474, "delta": 0.002992}}
{"target": -722.372139187311, "params": {"gamma": 4.686814799118347, "lr": 0.4574049160894317}, "datetime": {"datetime": "2024-06-13 17:15:17", "elapsed": 0.928464, "delta": 0.00399}}
{"target": -504.08427310280354, "params": {"gamma": 1.377489746715086, "lr": 0.01088873380347899}, "datetime": {"datetime": "2024-06-13 17:15:17", "elapsed": 0.931456, "delta": 0.002992}}
{"target": -1017.4009929334634, "params": {"gamma": 7.583024326509486, "lr": 0.3199528380776784}, "datetime": {"datetime": "2024-06-13 17:15:17", "elapsed": 0.935445, "delta": 0.003989}}
{"target": -1637.4214952110133, "params": {"gamma": 9.843850118484914, "lr": 0.220234226159156}, "datetime": {"datetime": "2024-06-13 17:15:17", "elapsed": 0.938437, "delta": 0.002992}}
{"target": -602.3448949925903, "params": {"gamma": 3.387741546791315, "lr": 0.5238961356661317}, "datetime": {"datetime": "2024-06-13 17:15:17", "elapsed": 0.942427, "delta": 0.00399}}
{"target": -1150.6633004063178, "params": {"gamma": 7.549159679148268, "lr": 0.46385778390029564}, "datetime": {"datetime": "2024-06-13 17:15:17", "elapsed": 0.945418, "delta": 0.002991}}
{"target": -202.91134752644723, "params": {"gamma": 1.2491006085736511, "lr": 0.3125013784920495}, "datetime": {"datetime": "2024-06-13 17:15:17", "elapsed": 0.949408, "delta": 0.00399}}
{"target": -1101.4893890158273, "params": {"gamma": 5.045687177840246, "lr": 0.6738490080168676}, "datetime": {"datetime": "2024-06-13 17:15:17", "elapsed": 0.9524, "delta": 0.002992}}
{"target": -1922.9101111613977, "params": {"gamma": 7.70172941316461, "lr": 0.13033578095435427}, "datetime": {"datetime": "2024-06-13 17:15:17", "elapsed": 0.956389, "delta": 0.003989}}
{"target": -138.06706499547315, "params": {"gamma": 0.23012839809249527, "lr": 0.5190823222119895}, "datetime": {"datetime": "2024-06-13 17:15:17", "elapsed": 0.959381, "delta": 0.002992}}
{"target": -2891.8430569279076, "params": {"gamma": 8.1000771179135, "lr": 0.012603767029876312}, "datetime": {"datetime": "2024-06-13 17:15:17", "elapsed": 0.963373, "delta": 0.003992}}
{"target": -1461.399661894444, "params": {"gamma": 6.725025976692686, "lr": 0.6868082266569918}, "datetime": {"datetime": "2024-06-13 17:15:17", "elapsed": 0.966365, "delta": 0.002992}}
{"target": -1234.3550803219418, "params": {"gamma": 4.49301828911279, "lr": 0.9147886867419343}, "datetime": {"datetime": "2024-06-13 17:15:17", "elapsed": 0.970354, "delta": 0.003989}}
{"target": -2301.4680263063774, "params": {"gamma": 6.443966486485173, "lr": 0.005239837651465851}, "datetime": {"datetime": "2024-06-13 17:15:17", "elapsed": 0.973346, "delta": 0.002992}}
{"target": -1308.8271757750904, "params": {"gamma": 4.844800026698242, "lr": 0.8593178060976}, "datetime": {"datetime": "2024-06-13 17:15:17", "elapsed": 0.977335, "delta": 0.003989}}
{"target": -1708.671882230447, "params": {"gamma": 8.304165300803357, "lr": 0.6491541971124779}, "datetime": {"datetime": "2024-06-13 17:15:17", "elapsed": 0.980328, "delta": 0.002993}}
{"target": -1259.7578595701814, "params": {"gamma": 6.737310540562419, "lr": 0.5784995797892005}, "datetime": {"datetime": "2024-06-13 17:15:17", "elapsed": 0.984317, "delta": 0.003989}}
{"target": -507.9330376653881, "params": {"gamma": 2.741923631893355, "lr": 0.5605299905360588}, "datetime": {"datetime": "2024-06-13 17:15:17", "elapsed": 0.988307, "delta": 0.00399}}
{"target": -915.9382344920804, "params": {"gamma": 6.717626118389386, "lr": 0.35242963021640883}, "datetime": {"datetime": "2024-06-13 17:15:17", "elapsed": 0.992299, "delta": 0.003992}}
{"target": -1519.4882970450694, "params": {"gamma": 8.558427844172023, "lr": 0.1950374860087073}, "datetime": {"datetime": "2024-06-13 17:15:17", "elapsed": 0.996287, "delta": 0.003988}}
{"target": -1003.9672371600457, "params": {"gamma": 7.473460782508901, "lr": 0.2896027461868774}, "datetime": {"datetime": "2024-06-13 17:15:17", "elapsed": 1.000274, "delta": 0.003987}}
{"target": -1128.2128219651952, "params": {"gamma": 7.738219073154577, "lr": 0.4277373293360762}, "datetime": {"datetime": "2024-06-13 17:15:17", "elapsed": 1.003266, "delta": 0.002992}}
{"target": -1097.847874073203, "params": {"gamma": 8.077176392712982, "lr": 0.3535348626679904}, "datetime": {"datetime": "2024-06-13 17:15:17", "elapsed": 1.007255, "delta": 0.003989}}
{"target": -537.8997150688868, "params": {"gamma": 2.137718683058182, "lr": 0.7672845084217665}, "datetime": {"datetime": "2024-06-13 17:15:17", "elapsed": 1.010247, "delta": 0.002992}}
{"target": -694.8325869299006, "params": {"gamma": 3.0871108343588807, "lr": 0.7332450677264275}, "datetime": {"datetime": "2024-06-13 17:15:17", "elapsed": 1.014237, "delta": 0.00399}}
{"target": -1241.6615232017596, "params": {"gamma": 7.444987057624244, "lr": 0.22139670090820107}, "datetime": {"datetime": "2024-06-13 17:15:17", "elapsed": 1.018226, "delta": 0.003989}}
{"target": -395.9832479708954, "params": {"gamma": 2.141907256069664, "lr": 0.1989479234270667}, "datetime": {"datetime": "2024-06-13 17:15:17", "elapsed": 1.022216, "delta": 0.00399}}
{"target": -223.54368944628663, "params": {"gamma": 1.4260408593206808, "lr": 0.3770825992073341}, "datetime": {"datetime": "2024-06-13 17:15:17", "elapsed": 1.026205, "delta": 0.003989}}
{"target": -158.90195516224478, "params": {"gamma": 0.26725221903152313, "lr": 0.11092036903424063}, "datetime": {"datetime": "2024-06-13 17:15:17", "elapsed": 1.031194, "delta": 0.004989}}
{"target": -1651.9202110929066, "params": {"gamma": 6.745965673610343, "lr": 0.7997765368973863}, "datetime": {"datetime": "2024-06-13 17:15:17", "elapsed": 1.035181, "delta": 0.003987}}
{"target": -166.84236630249137, "params": {"gamma": 0.8062147417567307, "lr": 0.23170231048579204}, "datetime": {"datetime": "2024-06-13 17:15:17", "elapsed": 1.038173, "delta": 0.002992}}
{"target": -585.1524987927727, "params": {"gamma": 2.0770489923763398, "lr": 0.9173335630816306}, "datetime": {"datetime": "2024-06-13 17:15:17", "elapsed": 1.042162, "delta": 0.003989}}
{"target": -1240.3881492335388, "params": {"gamma": 7.113433866846732, "lr": 0.5538846110514143}, "datetime": {"datetime": "2024-06-13 17:15:17", "elapsed": 1.045154, "delta": 0.002992}}
{"target": -773.2476104149024, "params": {"gamma": 3.0458753612182816, "lr": 0.8348540476317985}, "datetime": {"datetime": "2024-06-13 17:15:17", "elapsed": 1.049144, "delta": 0.00399}}
{"target": -1205.202503152546, "params": {"gamma": 4.353624270337571, "lr": 0.9234562151187752}, "datetime": {"datetime": "2024-06-13 17:15:17", "elapsed": 1.052135, "delta": 0.002991}}
{"target": -1077.4905191067733, "params": {"gamma": 7.0608119915549965, "lr": 0.47803130796528337}, "datetime": {"datetime": "2024-06-13 17:15:17", "elapsed": 1.056125, "delta": 0.00399}}
{"target": -369.060511386485, "params": {"gamma": 1.2629748273898376, "lr": 0.9760435504677476}, "datetime": {"datetime": "2024-06-13 17:15:17", "elapsed": 1.059117, "delta": 0.002992}}
{"target": -287.11105175124754, "params": {"gamma": 1.5991766697905894, "lr": 0.2026021252196626}, "datetime": {"datetime": "2024-06-13 17:15:17", "elapsed": 1.063109, "delta": 0.003992}}
{"target": -639.4074143197668, "params": {"gamma": 4.312386369848549, "lr": 0.40420190577514725}, "datetime": {"datetime": "2024-06-13 17:15:17", "elapsed": 1.066101, "delta": 0.002992}}
{"target": -348.3035699639077, "params": {"gamma": 1.4683680561621768, "lr": 0.7293189193611234}, "datetime": {"datetime": "2024-06-13 17:15:17", "elapsed": 1.07009, "delta": 0.003989}}
{"target": -405.21898474255147, "params": {"gamma": 1.8882619237049822, "lr": 0.6438956443116628}, "datetime": {"datetime": "2024-06-13 17:15:17", "elapsed": 1.074079, "delta": 0.003989}}
{"target": -1257.8797732653773, "params": {"gamma": 7.543305199812411, "lr": 0.21073239208332073}, "datetime": {"datetime": "2024-06-13 17:15:17", "elapsed": 1.077071, "delta": 0.002992}}
{"target": -1333.0734565432451, "params": {"gamma": 6.0099415268282925, "lr": 0.7489283752458364}, "datetime": {"datetime": "2024-06-13 17:15:17", "elapsed": 1.081061, "delta": 0.00399}}
{"target": -1200.5550604984098, "params": {"gamma": 6.382548887492715, "lr": 0.5971273029466491}, "datetime": {"datetime": "2024-06-13 17:15:17", "elapsed": 1.084053, "delta": 0.002992}}
{"target": -666.2652940845784, "params": {"gamma": 2.955527374269315, "lr": 0.7316064712415088}, "datetime": {"datetime": "2024-06-13 17:15:17", "elapsed": 1.088042, "delta": 0.003989}}
{"target": -1373.3509258639053, "params": {"gamma": 9.453139091559498, "lr": 0.42556139026154693}, "datetime": {"datetime": "2024-06-13 17:15:17", "elapsed": 1.092031, "delta": 0.003989}}
{"target": -2792.7235368858082, "params": {"gamma": 7.822035986497222, "lr": 0.056141039661915304}, "datetime": {"datetime": "2024-06-13 17:15:17", "elapsed": 1.095023, "delta": 0.002992}}
{"target": -1483.3167191526138, "params": {"gamma": 8.35288075329717, "lr": 0.1922500168221477}, "datetime": {"datetime": "2024-06-13 17:15:17", "elapsed": 1.099013, "delta": 0.00399}}
{"target": -541.1872552451695, "params": {"gamma": 3.951573592030842, "lr": 0.30008104592535645}, "datetime": {"datetime": "2024-06-13 17:15:17", "elapsed": 1.103002, "delta": 0.003989}}
{"target": -250.6318325045321, "params": {"gamma": 0.8019563344166869, "lr": 0.9046310029362429}, "datetime": {"datetime": "2024-06-13 17:15:17", "elapsed": 1.105994, "delta": 0.002992}}
{"target": -656.1969236763346, "params": {"gamma": 3.702171621359829, "lr": 0.5306974384761395}, "datetime": {"datetime": "2024-06-13 17:15:17", "elapsed": 1.109983, "delta": 0.003989}}
{"target": -1237.3228753836638, "params": {"gamma": 4.941668542697355, "lr": 0.13216114194293815}, "datetime": {"datetime": "2024-06-13 17:15:17", "elapsed": 1.112978, "delta": 0.002995}}
{"target": -744.0053184197102, "params": {"gamma": 2.0653341348354406, "lr": 0.07618880903232117}, "datetime": {"datetime": "2024-06-13 17:15:17", "elapsed": 1.116965, "delta": 0.003987}}
{"target": -730.8720697627401, "params": {"gamma": 5.07970907775293, "lr": 0.2615495518329871}, "datetime": {"datetime": "2024-06-13 17:15:17", "elapsed": 1.120954, "delta": 0.003989}}
{"target": -1010.9050642826269, "params": {"gamma": 3.5712590272190368, "lr": 0.10806532869723684}, "datetime": {"datetime": "2024-06-13 17:15:17", "elapsed": 1.123946, "delta": 0.002992}}
{"target": -2210.5169355373205, "params": {"gamma": 7.87573084468542, "lr": 0.1065838767888011}, "datetime": {"datetime": "2024-06-13 17:15:17", "elapsed": 1.127935, "delta": 0.003989}}
{"target": -1925.4638375364214, "params": {"gamma": 9.857102528308165, "lr": 0.17716116443841734}, "datetime": {"datetime": "2024-06-13 17:15:17", "elapsed": 1.131925, "delta": 0.00399}}
{"target": -2045.007837442692, "params": {"gamma": 5.724478719234059, "lr": 0.044845334589088126}, "datetime": {"datetime": "2024-06-13 17:15:17", "elapsed": 1.134916, "delta": 0.002991}}
{"target": -1398.5859007404217, "params": {"gamma": 7.871375780268687, "lr": 0.18960594781829654}, "datetime": {"datetime": "2024-06-13 17:15:17", "elapsed": 1.138906, "delta": 0.00399}}
{"target": -1173.2652616102139, "params": {"gamma": 5.279511880102859, "lr": 0.7400775431590716}, "datetime": {"datetime": "2024-06-13 17:15:17", "elapsed": 1.142895, "delta": 0.003989}}
{"target": -286.12070156483196, "params": {"gamma": 1.5001649176876422, "lr": 0.5510871741869717}, "datetime": {"datetime": "2024-06-13 17:15:17", "elapsed": 1.145887, "delta": 0.002992}}
{"target": -544.8544304526399, "params": {"gamma": 2.1669554660794654, "lr": 0.7591960493171447}, "datetime": {"datetime": "2024-06-13 17:15:17", "elapsed": 1.149877, "delta": 0.00399}}
{"target": -1415.7561171876982, "params": {"gamma": 7.229429020368581, "lr": 0.17654903427708302}, "datetime": {"datetime": "2024-06-13 17:15:17", "elapsed": 1.153866, "delta": 0.003989}}
{"target": -3077.122842395149, "params": {"gamma": 8.619803610113067, "lr": 0.019775099516344263}, "datetime": {"datetime": "2024-06-13 17:15:17", "elapsed": 1.156858, "delta": 0.002992}}
{"target": -1550.1660241103425, "params": {"gamma": 8.60250973723373, "lr": 0.5589038111609383}, "datetime": {"datetime": "2024-06-13 17:15:17", "elapsed": 1.160847, "delta": 0.003989}}
{"target": -994.1185354942897, "params": {"gamma": 4.032801500586387, "lr": 0.7587469310223366}, "datetime": {"datetime": "2024-06-13 17:15:17", "elapsed": 1.16384, "delta": 0.002993}}
{"target": -1976.3191432098952, "params": {"gamma": 7.169573087923007, "lr": 0.9873261748084265}, "datetime": {"datetime": "2024-06-13 17:15:17", "elapsed": 1.167828, "delta": 0.003988}}
{"target": -997.3260990812425, "params": {"gamma": 2.7815724010812146, "lr": 0.0037936724093425855}, "datetime": {"datetime": "2024-06-13 17:15:17", "elapsed": 1.170821, "delta": 0.002993}}
{"target": -2510.7045908713562, "params": {"gamma": 9.339092180540563, "lr": 0.8578971045378938}, "datetime": {"datetime": "2024-06-13 17:15:17", "elapsed": 1.17481, "delta": 0.003989}}
{"target": -1274.981104029809, "params": {"gamma": 7.28877992431504, "lr": 0.5166887829215384}, "datetime": {"datetime": "2024-06-13 17:15:17", "elapsed": 1.178799, "delta": 0.003989}}
{"target": -1730.5947288515442, "params": {"gamma": 7.069855496242362, "lr": 0.7805295568767427}, "datetime": {"datetime": "2024-06-13 17:15:17", "elapsed": 1.181791, "delta": 0.002992}}
{"target": -925.5037305111045, "params": {"gamma": 3.749384559425057, "lr": 0.7703225253299576}, "datetime": {"datetime": "2024-06-13 17:15:17", "elapsed": 1.185781, "delta": 0.00399}}
{"target": -1477.0500820751204, "params": {"gamma": 7.506492567432579, "lr": 0.6132112115442597}, "datetime": {"datetime": "2024-06-13 17:15:17", "elapsed": 1.18977, "delta": 0.003989}}
{"target": -881.8234024458073, "params": {"gamma": 4.019257373754407, "lr": 0.6973080192643409}, "datetime": {"datetime": "2024-06-13 17:15:17", "elapsed": 1.192762, "delta": 0.002992}}
{"target": -144.81246323833687, "params": {"gamma": 0.032125465394095866, "lr": 0.7748966467245978}, "datetime": {"datetime": "2024-06-13 17:15:17", "elapsed": 1.196752, "delta": 0.00399}}
{"target": -1356.8205644728407, "params": {"gamma": 8.964269607966013, "lr": 0.23931570743750463}, "datetime": {"datetime": "2024-06-13 17:15:17", "elapsed": 1.20074, "delta": 0.003988}}
{"target": -229.06988464486912, "params": {"gamma": 1.208551075907988, "lr": 0.2202839877937276}, "datetime": {"datetime": "2024-06-13 17:15:17", "elapsed": 1.203733, "delta": 0.002993}}
{"target": -822.4941066402365, "params": {"gamma": 3.021665216169693, "lr": 0.8830285085638342}, "datetime": {"datetime": "2024-06-13 17:15:17", "elapsed": 1.207721, "delta": 0.003988}}
{"target": -734.8754822680243, "params": {"gamma": 5.432121135950708, "lr": 0.2867116496064306}, "datetime": {"datetime": "2024-06-13 17:15:17", "elapsed": 1.211711, "delta": 0.00399}}
{"target": -216.2742736009083, "params": {"gamma": 1.3844085432396722, "lr": 0.29014446310454167}, "datetime": {"datetime": "2024-06-13 17:15:17", "elapsed": 1.214704, "delta": 0.002993}}
