{"target": -112.53190432986675, "params": {"p_ai": 2.0558855352123273, "p_al": 0.994129546634683, "p_ex": 5.2440273923637495, "prior": 2.126509929595719, "rate": 9.043863370876949}, "datetime": {"datetime": "2024-06-12 22:27:21", "elapsed": 155.664781, "delta": 0.112283}}
{"target": -159.26974132396742, "params": {"p_ai": 0.4612609769887088, "p_al": 8.972847420576791, "p_ex": 5.877759258904735, "prior": 8.616106541168397, "rate": 0.2926751386192975}, "datetime": {"datetime": "2024-06-12 22:27:21", "elapsed": 155.777224, "delta": 0.112443}}
{"target": -179.80445472573837, "params": {"p_ai": 3.3307736556222323, "p_al": 5.011600389259751, "p_ex": 2.171900960239031, "prior": 4.226542048262939, "rate": 0.2962973203527067}, "datetime": {"datetime": "2024-06-12 22:27:21", "elapsed": 155.889922, "delta": 0.112698}}
{"target": -211.2355837879431, "params": {"p_ai": 5.872255317999027, "p_al": 9.297403698742512, "p_ex": 0.7590081579617658, "prior": 8.418390613411091, "rate": 7.4780521531022766}, "datetime": {"datetime": "2024-06-12 22:27:21", "elapsed": 156.002367, "delta": 0.112445}}
{"target": -141.25122276681392, "params": {"p_ai": 2.3006310614234695, "p_al": 5.181658884888734, "p_ex": 3.138270543109958, "prior": 6.158246453687983, "rate": 2.1325167369125833}, "datetime": {"datetime": "2024-06-12 22:27:21", "elapsed": 156.115065, "delta": 0.112698}}
{"target": -144.80685958442785, "params": {"p_ai": 4.359448858877968, "p_al": 7.890962946486213, "p_ex": 4.665210568130128, "prior": 6.735875652050375, "rate": 8.848479686219505}, "datetime": {"datetime": "2024-06-12 22:27:21", "elapsed": 156.227627, "delta": 0.112562}}
{"target": -235.7973679173715, "params": {"p_ai": 9.381446348042989, "p_al": 9.847391744765389, "p_ex": 8.835685613139463, "prior": 2.4365576352302862, "rate": 4.0836389886417725}, "datetime": {"datetime": "2024-06-12 22:27:21", "elapsed": 156.34074, "delta": 0.113113}}
{"target": -159.68563059380116, "params": {"p_ai": 3.748683184308519, "p_al": 1.5231348534117821, "p_ex": 0.7054881796361647, "prior": 2.9581396518596472, "rate": 8.599757434392542}, "datetime": {"datetime": "2024-06-12 22:27:21", "elapsed": 156.453437, "delta": 0.112697}}
{"target": -134.93963546267582, "params": {"p_ai": 0.390795181927564, "p_al": 2.1554424388419346, "p_ex": 3.4661312344210558, "prior": 6.48195109939891, "rate": 5.632101113959296}, "datetime": {"datetime": "2024-06-12 22:27:22", "elapsed": 156.566653, "delta": 0.113216}}
{"target": -190.32308969056123, "params": {"p_ai": 7.962033343657571, "p_al": 6.869950064493667, "p_ex": 8.89514615735082, "prior": 4.869532826993671, "rate": 5.359664452923338}, "datetime": {"datetime": "2024-06-12 22:27:22", "elapsed": 156.679355, "delta": 0.112702}}
{"target": -226.6002003780782, "params": {"p_ai": 8.376624080146625, "p_al": 0.057926066118149384, "p_ex": 2.4264704752358455, "prior": 2.215848232817908, "rate": 5.615901403001188}, "datetime": {"datetime": "2024-06-12 22:27:22", "elapsed": 156.792338, "delta": 0.112983}}
{"target": -189.22712721494014, "params": {"p_ai": 7.1764059218745455, "p_al": 2.5256977959463165, "p_ex": 5.060703510986309, "prior": 7.392961690832119, "rate": 7.223300187934845}, "datetime": {"datetime": "2024-06-12 22:27:22", "elapsed": 156.90578, "delta": 0.113442}}
{"target": -148.8027422890716, "params": {"p_ai": 4.683654747636425, "p_al": 7.062229406736143, "p_ex": 5.591106515017654, "prior": 0.7850295801987324, "rate": 9.528083390609376}, "datetime": {"datetime": "2024-06-12 22:27:22", "elapsed": 157.019146, "delta": 0.113366}}
{"target": -245.60396377072527, "params": {"p_ai": 9.756566302852098, "p_al": 1.620977555940097, "p_ex": 4.178851453108906, "prior": 6.196287433481734, "rate": 5.681633101033839}, "datetime": {"datetime": "2024-06-12 22:27:22", "elapsed": 157.131031, "delta": 0.111885}}
{"target": -137.4399261256601, "params": {"p_ai": 3.747944142023713, "p_al": 9.03564329203637, "p_ex": 6.772125448142913, "prior": 1.1271803419327922, "rate": 6.695964632134947}, "datetime": {"datetime": "2024-06-12 22:27:22", "elapsed": 157.244755, "delta": 0.113724}}
{"target": -122.1055343196319, "params": {"p_ai": 2.18068963528753, "p_al": 0.8618604729833367, "p_ex": 3.599962226962259, "prior": 0.49702327008777214, "rate": 1.4670171019764853}, "datetime": {"datetime": "2024-06-12 22:27:22", "elapsed": 157.361455, "delta": 0.1167}}
{"target": -137.7832812142759, "params": {"p_ai": 4.5312087777237045, "p_al": 9.832040614902116, "p_ex": 8.41883222121433, "prior": 0.13303637727585385, "rate": 8.689075551096517}, "datetime": {"datetime": "2024-06-12 22:27:22", "elapsed": 157.476149, "delta": 0.114694}}
{"target": -132.2124482254124, "params": {"p_ai": 2.8348631641518267, "p_al": 1.9771804243319206, "p_ex": 3.09701893341332, "prior": 5.292810531405799, "rate": 4.8273698313983395}, "datetime": {"datetime": "2024-06-12 22:27:23", "elapsed": 157.591839, "delta": 0.11569}}
{"target": -179.07603859750728, "params": {"p_ai": 6.299088073481109, "p_al": 1.6685445249045965, "p_ex": 3.7435840670055476, "prior": 5.8252943868723, "rate": 8.108005443266556}, "datetime": {"datetime": "2024-06-12 22:27:23", "elapsed": 157.705535, "delta": 0.113696}}
{"target": -152.091019661276, "params": {"p_ai": 3.6850872876640413, "p_al": 8.393983370820937, "p_ex": 4.1686750633831595, "prior": 9.42493847348532, "rate": 2.964330973099551}, "datetime": {"datetime": "2024-06-12 22:27:23", "elapsed": 157.818234, "delta": 0.112699}}
{"target": -132.99455262551078, "params": {"p_ai": 3.686656960153546, "p_al": 6.527647985772258, "p_ex": 5.834576969942827, "prior": 3.542343487882648, "rate": 4.843569399172687}, "datetime": {"datetime": "2024-06-12 22:27:23", "elapsed": 157.931607, "delta": 0.113373}}
{"target": -171.9650070293295, "params": {"p_ai": 6.643548383227865, "p_al": 0.5643409207938824, "p_ex": 6.0644173203711365, "prior": 7.468080985734469, "rate": 7.9399106854738335}, "datetime": {"datetime": "2024-06-12 22:27:23", "elapsed": 158.044647, "delta": 0.11304}}
{"target": -209.65145487276848, "params": {"p_ai": 2.1386283609698182, "p_al": 6.411409241241745, "p_ex": 7.31161622706472, "prior": 0.9515248299512967, "rate": 0.7016591649364254}, "datetime": {"datetime": "2024-06-12 22:27:23", "elapsed": 158.157346, "delta": 0.112699}}
{"target": -215.51544592924256, "params": {"p_ai": 8.85966378915354, "p_al": 3.6138840128491796, "p_ex": 7.0346181633871465, "prior": 5.601918467378615, "rate": 3.3781264160570954}, "datetime": {"datetime": "2024-06-12 22:27:23", "elapsed": 158.269944, "delta": 0.112598}}
{"target": -133.00935024436097, "params": {"p_ai": 3.457181993467776, "p_al": 9.05472094319778, "p_ex": 4.535377941842694, "prior": 4.82581626909371, "rate": 9.791487159136903}, "datetime": {"datetime": "2024-06-12 22:27:23", "elapsed": 158.383642, "delta": 0.113698}}
{"target": -182.2798248741563, "params": {"p_ai": 4.117478747487042, "p_al": 3.695097354988469, "p_ex": 0.80055092712391, "prior": 3.878436053681967, "rate": 1.780136676686786}, "datetime": {"datetime": "2024-06-12 22:27:23", "elapsed": 158.503116, "delta": 0.119474}}
{"target": -133.0620391047063, "params": {"p_ai": 1.3142866430943358, "p_al": 3.67736858024043, "p_ex": 1.5889414577993433, "prior": 3.0763272222271136, "rate": 6.880101164833305}, "datetime": {"datetime": "2024-06-12 22:27:24", "elapsed": 158.615813, "delta": 0.112697}}
{"target": -223.12210420349487, "params": {"p_ai": 8.384561972759963, "p_al": 3.04892010422055, "p_ex": 3.5316239823002844, "prior": 7.306682867503822, "rate": 7.778549164423028}, "datetime": {"datetime": "2024-06-12 22:27:24", "elapsed": 158.728514, "delta": 0.112701}}
{"target": -148.9792501250849, "params": {"p_ai": 1.7711335149414804, "p_al": 4.01816254564012, "p_ex": 0.03041149271902403, "prior": 4.006570284990276, "rate": 8.932131769503012}, "datetime": {"datetime": "2024-06-12 22:27:24", "elapsed": 158.840452, "delta": 0.111938}}
{"target": -136.20892091533767, "params": {"p_ai": 0.5755763757839906, "p_al": 3.8969058047189162, "p_ex": 2.6541743643407223, "prior": 0.36872947752671464, "rate": 4.005635126169413}, "datetime": {"datetime": "2024-06-12 22:27:24", "elapsed": 158.953519, "delta": 0.113067}}
{"target": -116.95568959446967, "params": {"p_ai": 2.378848800846906, "p_al": 8.309864574884987, "p_ex": 6.436609939453869, "prior": 4.766209595915574, "rate": 7.088357892627507}, "datetime": {"datetime": "2024-06-12 22:27:24", "elapsed": 159.065756, "delta": 0.112237}}
{"target": -152.95966207788612, "params": {"p_ai": 0.9947367634478994, "p_al": 7.57002535083619, "p_ex": 2.9866225634417494, "prior": 5.02823423459667, "rate": 0.9426824650897777}, "datetime": {"datetime": "2024-06-12 22:27:24", "elapsed": 159.177963, "delta": 0.112207}}
{"target": -217.47943505766665, "params": {"p_ai": 8.145739832737526, "p_al": 5.105157423875881, "p_ex": 4.420267083745346, "prior": 1.3497803047479748, "rate": 6.349121354391908}, "datetime": {"datetime": "2024-06-12 22:27:24", "elapsed": 159.290214, "delta": 0.112251}}
{"target": -158.9861785007721, "params": {"p_ai": 3.5237463002571756, "p_al": 6.827405946697661, "p_ex": 7.624808497867999, "prior": 0.0684713650751335, "rate": 2.5913364785668547}, "datetime": {"datetime": "2024-06-12 22:27:24", "elapsed": 159.402914, "delta": 0.1127}}
{"target": -168.88668542776892, "params": {"p_ai": 6.779463714448853, "p_al": 3.361662606702258, "p_ex": 7.501503664948246, "prior": 5.570225707626225, "rate": 8.582544507369946}, "datetime": {"datetime": "2024-06-12 22:27:24", "elapsed": 159.515612, "delta": 0.112698}}
{"target": -221.63624038619201, "params": {"p_ai": 5.7062493337935365, "p_al": 8.894102889818864, "p_ex": 2.275558269388311, "prior": 7.940005019907525, "rate": 0.34043222035471227}, "datetime": {"datetime": "2024-06-12 22:27:25", "elapsed": 159.638572, "delta": 0.12296}}
{"target": -135.9217866581615, "params": {"p_ai": 0.7735953898149317, "p_al": 3.9596290498361615, "p_ex": 1.858481245602828, "prior": 9.44198930356615, "rate": 7.7970552024926905}, "datetime": {"datetime": "2024-06-12 22:27:25", "elapsed": 159.75127, "delta": 0.112698}}
{"target": -198.48143480020696, "params": {"p_ai": 7.436912104917503, "p_al": 4.920486026132645, "p_ex": 4.900995627237186, "prior": 5.811525545692184, "rate": 5.9666670497750935}, "datetime": {"datetime": "2024-06-12 22:27:25", "elapsed": 159.863, "delta": 0.11173}}
{"target": -226.49176196747186, "params": {"p_ai": 8.980365692933121, "p_al": 1.2092260058543152, "p_ex": 5.09663154025606, "prior": 9.955224741731815, "rate": 4.814813735576268}, "datetime": {"datetime": "2024-06-12 22:27:25", "elapsed": 159.975799, "delta": 0.112799}}
{"target": -207.0211320054222, "params": {"p_ai": 8.378289726275693, "p_al": 6.03695086264971, "p_ex": 6.644085065236975, "prior": 2.725341460214868, "rate": 8.309501550148768}, "datetime": {"datetime": "2024-06-12 22:27:25", "elapsed": 160.088497, "delta": 0.112698}}
{"target": -186.0166494998087, "params": {"p_ai": 2.4454184617260206, "p_al": 6.733951031559131, "p_ex": 0.882212553052717, "prior": 0.18950161050769068, "rate": 4.723989780544485}, "datetime": {"datetime": "2024-06-12 22:27:25", "elapsed": 160.200199, "delta": 0.111702}}
{"target": -247.18082245827628, "params": {"p_ai": 9.39001230944057, "p_al": 3.256422619578878, "p_ex": 3.222208033992586, "prior": 0.5212552071808798, "rate": 6.753180779354503}, "datetime": {"datetime": "2024-06-12 22:27:25", "elapsed": 160.312756, "delta": 0.112557}}
{"target": -467.7276025443678, "params": {"p_ai": 7.217684871269275, "p_al": 9.037273786916757, "p_ex": 4.372048963561963, "prior": 1.0960571047111918, "rate": 0.37703297289000987}, "datetime": {"datetime": "2024-06-12 22:27:25", "elapsed": 160.424963, "delta": 0.112207}}
{"target": -204.6635304639621, "params": {"p_ai": 8.807808295944852, "p_al": 6.522904180784222, "p_ex": 9.155052172669194, "prior": 8.806088422417087, "rate": 4.702935754687456}, "datetime": {"datetime": "2024-06-12 22:27:25", "elapsed": 160.536948, "delta": 0.111985}}
{"target": -224.63985908402128, "params": {"p_ai": 6.703733658621222, "p_al": 7.450913844206583, "p_ex": 4.22269932112063, "prior": 1.5400257385527027, "rate": 2.8415420690724544}, "datetime": {"datetime": "2024-06-12 22:27:26", "elapsed": 160.649646, "delta": 0.112698}}
{"target": -140.38997767871325, "params": {"p_ai": 5.485222884070994, "p_al": 2.55810290007105, "p_ex": 8.917456231268647, "prior": 5.807922888107249, "rate": 7.187017429062295}, "datetime": {"datetime": "2024-06-12 22:27:26", "elapsed": 160.761953, "delta": 0.112307}}
{"target": -199.46839928229474, "params": {"p_ai": 8.620448537861462, "p_al": 8.965731642615792, "p_ex": 9.5761348250341, "prior": 6.275455992647012, "rate": 9.989806763568094}, "datetime": {"datetime": "2024-06-12 22:27:26", "elapsed": 160.873178, "delta": 0.111225}}
{"target": -182.65930938697826, "params": {"p_ai": 7.905283274373116, "p_al": 2.7089703697996903, "p_ex": 9.90551474523876, "prior": 8.015254629452599, "rate": 2.531895219296102}, "datetime": {"datetime": "2024-06-12 22:27:26", "elapsed": 160.985512, "delta": 0.112334}}
{"target": -161.53279055953058, "params": {"p_ai": 0.319940729328112, "p_al": 9.52814514193915, "p_ex": 5.568763239301098, "prior": 5.527546519872178, "rate": 0.47473086453618707}, "datetime": {"datetime": "2024-06-12 22:27:26", "elapsed": 161.098211, "delta": 0.112699}}
{"target": -170.52345674333674, "params": {"p_ai": 6.390744167617777, "p_al": 5.001536614475041, "p_ex": 8.04314525588731, "prior": 0.6964276216856988, "rate": 5.629746909341975}, "datetime": {"datetime": "2024-06-12 22:27:26", "elapsed": 161.210981, "delta": 0.11277}}
{"target": -151.89981719818618, "params": {"p_ai": 4.087392623862128, "p_al": 5.518135216934039, "p_ex": 3.585276007828329, "prior": 9.993754323035986, "rate": 4.503788133315129}, "datetime": {"datetime": "2024-06-12 22:27:26", "elapsed": 161.324542, "delta": 0.113561}}
{"target": -116.3635652144897, "params": {"p_ai": 3.4588912664741214, "p_al": 1.8980664054295406, "p_ex": 9.235353228748629, "prior": 1.0438367019956678, "rate": 4.403997122483987}, "datetime": {"datetime": "2024-06-12 22:27:26", "elapsed": 161.43724, "delta": 0.112698}}
{"target": -168.60564158215203, "params": {"p_ai": 6.8623192636499555, "p_al": 1.4249131073648498, "p_ex": 9.315030248562637, "prior": 0.5896900810170312, "rate": 2.181778079663362}, "datetime": {"datetime": "2024-06-12 22:27:26", "elapsed": 161.548941, "delta": 0.111701}}
{"target": -124.31139323826878, "params": {"p_ai": 0.7728756763117778, "p_al": 4.11570732769188, "p_ex": 5.972988403638313, "prior": 7.311686632534911, "rate": 8.784454289590984}, "datetime": {"datetime": "2024-06-12 22:27:27", "elapsed": 161.66164, "delta": 0.112699}}
{"target": -174.39413560950726, "params": {"p_ai": 3.533130909542927, "p_al": 7.024924910904777, "p_ex": 0.48711513063939865, "prior": 8.192799182413792, "rate": 3.1834381339588895}, "datetime": {"datetime": "2024-06-12 22:27:27", "elapsed": 161.775035, "delta": 0.113395}}
{"target": -171.85202647080283, "params": {"p_ai": 2.2172018137272484, "p_al": 3.6110032767813616, "p_ex": 1.141585201956885, "prior": 2.937757248346579, "rate": 0.08888170871388551}, "datetime": {"datetime": "2024-06-12 22:27:27", "elapsed": 161.887735, "delta": 0.1127}}
{"target": -118.12920526049757, "params": {"p_ai": 2.533383695780048, "p_al": 8.377290099980405, "p_ex": 8.077752516395089, "prior": 3.8262940165913872, "rate": 4.307366462305053}, "datetime": {"datetime": "2024-06-12 22:27:27", "elapsed": 162.000989, "delta": 0.113254}}
{"target": -122.08391428274828, "params": {"p_ai": 1.8266915489467377, "p_al": 3.169424477157168, "p_ex": 4.174267239128969, "prior": 0.6656172331886133, "rate": 3.3795361726642934}, "datetime": {"datetime": "2024-06-12 22:27:27", "elapsed": 162.113195, "delta": 0.112206}}
{"target": -151.34158259051497, "params": {"p_ai": 4.95721719801526, "p_al": 0.06820653721901922, "p_ex": 4.381313907962638, "prior": 2.187672233884425, "rate": 2.1347759862135067}, "datetime": {"datetime": "2024-06-12 22:27:27", "elapsed": 162.225895, "delta": 0.1127}}
{"target": -111.57942898072413, "params": {"p_ai": 2.49314021139705, "p_al": 1.2841289587836024, "p_ex": 9.448188075410462, "prior": 1.691578168855795, "rate": 5.67655780442632}, "datetime": {"datetime": "2024-06-12 22:27:27", "elapsed": 162.339424, "delta": 0.113529}}
{"target": -128.32910093449914, "params": {"p_ai": 1.7159024798604, "p_al": 2.609918671652933, "p_ex": 6.768073771020467, "prior": 5.0331536140100654, "rate": 1.5737215349730902}, "datetime": {"datetime": "2024-06-12 22:27:27", "elapsed": 162.451848, "delta": 0.112424}}
{"target": -134.14987992184436, "params": {"p_ai": 0.8259847780523347, "p_al": 8.819057239287222, "p_ex": 2.4196701627500965, "prior": 9.589776781191212, "rate": 8.92374863045554}, "datetime": {"datetime": "2024-06-12 22:27:28", "elapsed": 162.564905, "delta": 0.113057}}
{"target": -142.4019000589706, "params": {"p_ai": 1.6006163084713398, "p_al": 5.037551411379846, "p_ex": 1.1900847898410376, "prior": 1.1092699567215725, "rate": 6.963261437513524}, "datetime": {"datetime": "2024-06-12 22:27:28", "elapsed": 162.678101, "delta": 0.113196}}
{"target": -137.0832557349399, "params": {"p_ai": 2.7162334808394535, "p_al": 9.663915427539312, "p_ex": 8.392620059816272, "prior": 0.9261097373446263, "rate": 3.906183017534992}, "datetime": {"datetime": "2024-06-12 22:27:28", "elapsed": 162.790748, "delta": 0.112647}}
{"target": -142.4925755747084, "params": {"p_ai": 1.243049163248632, "p_al": 5.554366994832198, "p_ex": 1.621888059253872, "prior": 8.317838000950376, "rate": 2.577690773878029}, "datetime": {"datetime": "2024-06-12 22:27:28", "elapsed": 162.905442, "delta": 0.114694}}
{"target": -152.90655116358894, "params": {"p_ai": 5.106155004863554, "p_al": 7.824755517687508, "p_ex": 5.383850258576215, "prior": 5.288705375476819, "rate": 8.548546065159313}, "datetime": {"datetime": "2024-06-12 22:27:28", "elapsed": 163.017808, "delta": 0.112366}}
{"target": -114.5491942966616, "params": {"p_ai": 2.4517590330340826, "p_al": 1.2718727136191073, "p_ex": 5.602886965645464, "prior": 1.2846707440219591, "rate": 3.3122432327982927}, "datetime": {"datetime": "2024-06-12 22:27:28", "elapsed": 163.130506, "delta": 0.112698}}
{"target": -136.59741015699646, "params": {"p_ai": 3.265071842219258, "p_al": 9.48049701044885, "p_ex": 3.7597670096434608, "prior": 4.691636256683498, "rate": 9.473475192340146}, "datetime": {"datetime": "2024-06-12 22:27:28", "elapsed": 163.242208, "delta": 0.111702}}
{"target": -263.3911071081049, "params": {"p_ai": 8.283975476109763, "p_al": 6.720327358482428, "p_ex": 2.6738455539050126, "prior": 1.3335156881039736, "rate": 3.3402929930453955}, "datetime": {"datetime": "2024-06-12 22:27:28", "elapsed": 163.354723, "delta": 0.112515}}
{"target": -143.0536396589857, "params": {"p_ai": 1.5990411930530612, "p_al": 9.604039822179217, "p_ex": 2.010175989567496, "prior": 3.107359184254481, "rate": 6.614538646758534}, "datetime": {"datetime": "2024-06-12 22:27:28", "elapsed": 163.467422, "delta": 0.112699}}
{"target": -128.85257930001066, "params": {"p_ai": 4.37678808370781, "p_al": 5.89872859819017, "p_ex": 8.488612171761474, "prior": 5.881892936139609, "rate": 4.970284017491149}, "datetime": {"datetime": "2024-06-12 22:27:29", "elapsed": 163.58012, "delta": 0.112698}}
{"target": -191.33703663980717, "params": {"p_ai": 8.355940839879088, "p_al": 7.979860191460579, "p_ex": 9.811625590279693, "prior": 9.486111970792946, "rate": 9.17197316118671}, "datetime": {"datetime": "2024-06-12 22:27:29", "elapsed": 163.693392, "delta": 0.113272}}
{"target": -155.07111184160883, "params": {"p_ai": 4.948755710293945, "p_al": 7.37178729631658, "p_ex": 6.005614192626915, "prior": 7.380255671368934, "rate": 3.758232523153045}, "datetime": {"datetime": "2024-06-12 22:27:29", "elapsed": 163.808443, "delta": 0.115051}}
{"target": -231.58444760108137, "params": {"p_ai": 9.11115592778481, "p_al": 8.723213633193073, "p_ex": 7.046952341405632, "prior": 2.6130258749117306, "rate": 5.011192894046693}, "datetime": {"datetime": "2024-06-12 22:27:29", "elapsed": 163.921142, "delta": 0.112699}}
{"target": -121.72519448627001, "params": {"p_ai": 2.17783981095381, "p_al": 1.0260979254877194, "p_ex": 5.780032861824755, "prior": 4.796479676205616, "rate": 2.475670454206242}, "datetime": {"datetime": "2024-06-12 22:27:29", "elapsed": 164.060945, "delta": 0.139803}}
{"target": -139.8978499422086, "params": {"p_ai": 4.467313442321816, "p_al": 1.3847932899081115, "p_ex": 5.228500992493444, "prior": 9.703747416749897, "rate": 8.237998191683403}, "datetime": {"datetime": "2024-06-12 22:27:29", "elapsed": 164.174641, "delta": 0.113696}}
{"target": -148.90276215944405, "params": {"p_ai": 0.04539181368461302, "p_al": 0.9171034740261821, "p_ex": 0.256731315853256, "prior": 3.0849617630196033, "rate": 9.806449056410758}, "datetime": {"datetime": "2024-06-12 22:27:29", "elapsed": 164.287343, "delta": 0.112702}}
{"target": -152.06336724718003, "params": {"p_ai": 4.604577213484676, "p_al": 4.098043027245584, "p_ex": 4.082781044934731, "prior": 8.24831868985997, "rate": 5.817468351338353}, "datetime": {"datetime": "2024-06-12 22:27:29", "elapsed": 164.40086, "delta": 0.113517}}
{"target": -145.24191105778866, "params": {"p_ai": 1.194398932848572, "p_al": 4.447888804875501, "p_ex": 1.464898722112708, "prior": 6.661061324152497, "rate": 1.2245706894526878}, "datetime": {"datetime": "2024-06-12 22:27:29", "elapsed": 164.513559, "delta": 0.112699}}
{"target": -132.8643028495458, "params": {"p_ai": 0.8678033866291002, "p_al": 7.033904856031638, "p_ex": 4.113172644181687, "prior": 9.961111769859151, "rate": 5.340957501885814}, "datetime": {"datetime": "2024-06-12 22:27:30", "elapsed": 164.626327, "delta": 0.112768}}
{"target": -196.96659516950538, "params": {"p_ai": 7.790366706899352, "p_al": 8.686423277767584, "p_ex": 7.987675177701189, "prior": 2.1416545662349087, "rate": 6.803995167925384}, "datetime": {"datetime": "2024-06-12 22:27:30", "elapsed": 164.740025, "delta": 0.113698}}
