{"target": -397.01744430106095, "params": {"gamma": 2.351541289225017, "lr": 0.461602080891622}, "datetime": {"datetime": "2024-06-13 20:37:13", "elapsed": 2.151885, "delta": 0.003987}}
{"target": -507.6179934585659, "params": {"gamma": 1.9867164390362086, "lr": 0.0254762357788203}, "datetime": {"datetime": "2024-06-13 20:37:13", "elapsed": 2.155875, "delta": 0.00399}}
{"target": -1357.518891554373, "params": {"gamma": 7.294247584863271, "lr": 0.7249167472191191}, "datetime": {"datetime": "2024-06-13 20:37:13", "elapsed": 2.158867, "delta": 0.002992}}
{"target": -648.2568060642478, "params": {"gamma": 3.304587071870666, "lr": 0.8434941260636555}, "datetime": {"datetime": "2024-06-13 20:37:13", "elapsed": 2.163372, "delta": 0.004505}}
{"target": -840.9956671448665, "params": {"gamma": 4.284996317034784, "lr": 0.8646861447635343}, "datetime": {"datetime": "2024-06-13 20:37:13", "elapsed": 2.167353, "delta": 0.003981}}
{"target": -1130.5881444423885, "params": {"gamma": 6.570997180804273, "lr": 0.5810356574180902}, "datetime": {"datetime": "2024-06-13 20:37:13", "elapsed": 2.171343, "delta": 0.00399}}
{"target": -356.375560948874, "params": {"gamma": 2.008074152862875, "lr": 0.5295466104783949}, "datetime": {"datetime": "2024-06-13 20:37:13", "elapsed": 2.175333, "delta": 0.00399}}
{"target": -1615.6353946489403, "params": {"gamma": 8.944429751857296, "lr": 0.30499397583521604}, "datetime": {"datetime": "2024-06-13 20:37:13", "elapsed": 2.179322, "delta": 0.003989}}
{"target": -1738.4938858314943, "params": {"gamma": 8.709585146001372, "lr": 0.9087452728583881}, "datetime": {"datetime": "2024-06-13 20:37:13", "elapsed": 2.183311, "delta": 0.003989}}
{"target": -616.5325649882249, "params": {"gamma": 3.2991157822561417, "lr": 0.6830743663365642}, "datetime": {"datetime": "2024-06-13 20:37:13", "elapsed": 2.1873, "delta": 0.003989}}
{"target": -2233.580893900872, "params": {"gamma": 8.992310274710121, "lr": 0.07569688175830336}, "datetime": {"datetime": "2024-06-13 20:37:13", "elapsed": 2.191289, "delta": 0.003989}}
{"target": -2079.737400594071, "params": {"gamma": 8.7860000441845, "lr": 0.1908393632684806}, "datetime": {"datetime": "2024-06-13 20:37:13", "elapsed": 2.194282, "delta": 0.002993}}
{"target": -1558.3493036338132, "params": {"gamma": 8.497839331269288, "lr": 0.6671187886992039}, "datetime": {"datetime": "2024-06-13 20:37:13", "elapsed": 2.198272, "delta": 0.00399}}
{"target": -824.8953076733948, "params": {"gamma": 3.4440476153050885, "lr": 0.151375569992799}, "datetime": {"datetime": "2024-06-13 20:37:13", "elapsed": 2.203257, "delta": 0.004985}}
{"target": -1227.9983603631251, "params": {"gamma": 6.354074243923046, "lr": 0.8477880437147416}, "datetime": {"datetime": "2024-06-13 20:37:13", "elapsed": 2.207247, "delta": 0.00399}}
{"target": -1439.2504509182938, "params": {"gamma": 8.218671898265342, "lr": 0.6282395971306578}, "datetime": {"datetime": "2024-06-13 20:37:13", "elapsed": 2.211238, "delta": 0.003991}}
{"target": -1638.959321418397, "params": {"gamma": 9.563058796042565, "lr": 0.5899231270757698}, "datetime": {"datetime": "2024-06-13 20:37:13", "elapsed": 2.215227, "delta": 0.003989}}
{"target": -340.52641872562776, "params": {"gamma": 1.979130013694545, "lr": 0.4293307226164923}, "datetime": {"datetime": "2024-06-13 20:37:13", "elapsed": 2.220213, "delta": 0.004986}}
{"target": -683.6550741945678, "params": {"gamma": 3.3681232410129716, "lr": 0.991945011907281}, "datetime": {"datetime": "2024-06-13 20:37:13", "elapsed": 2.224202, "delta": 0.003989}}
{"target": -769.0097997516821, "params": {"gamma": 3.8029847246765303, "lr": 0.992700873664818}, "datetime": {"datetime": "2024-06-13 20:37:13", "elapsed": 2.228192, "delta": 0.00399}}
{"target": -1256.7869118733215, "params": {"gamma": 5.188523703083409, "lr": 0.17227970147712546}, "datetime": {"datetime": "2024-06-13 20:37:13", "elapsed": 2.234178, "delta": 0.005986}}
{"target": -174.3624644341593, "params": {"gamma": 0.7466661384435471, "lr": 0.37030569377388767}, "datetime": {"datetime": "2024-06-13 20:37:13", "elapsed": 2.239162, "delta": 0.004984}}
{"target": -246.644098722996, "params": {"gamma": 1.235065179287484, "lr": 0.6345187162918416}, "datetime": {"datetime": "2024-06-13 20:37:13", "elapsed": 2.243152, "delta": 0.00399}}
{"target": -835.2691235281405, "params": {"gamma": 4.13978453744836, "lr": 0.9909156325254501}, "datetime": {"datetime": "2024-06-13 20:37:13", "elapsed": 2.248076, "delta": 0.004924}}
{"target": -2205.804992540734, "params": {"gamma": 9.299626280909525, "lr": 0.14923603230975002}, "datetime": {"datetime": "2024-06-13 20:37:13", "elapsed": 2.252065, "delta": 0.003989}}
{"target": -652.546709132557, "params": {"gamma": 3.9494277431054683, "lr": 0.46157971096238615}, "datetime": {"datetime": "2024-06-13 20:37:13", "elapsed": 2.257052, "delta": 0.004987}}
{"target": -1077.0586063143917, "params": {"gamma": 5.609926602464331, "lr": 0.7803635232892685}, "datetime": {"datetime": "2024-06-13 20:37:13", "elapsed": 2.260044, "delta": 0.002992}}
{"target": -806.8581845235346, "params": {"gamma": 4.872451896825164, "lr": 0.4199935520102408}, "datetime": {"datetime": "2024-06-13 20:37:13", "elapsed": 2.265031, "delta": 0.004987}}
{"target": -537.8326276947669, "params": {"gamma": 2.6207350474886373, "lr": 0.9108061390867584}, "datetime": {"datetime": "2024-06-13 20:37:13", "elapsed": 2.26902, "delta": 0.003989}}
{"target": -143.39051421295667, "params": {"gamma": 0.22369284381650878, "lr": 0.8211218982189646}, "datetime": {"datetime": "2024-06-13 20:37:13", "elapsed": 2.27301, "delta": 0.00399}}
{"target": -365.3853721587042, "params": {"gamma": 1.8854955282645185, "lr": 0.6857568991725472}, "datetime": {"datetime": "2024-06-13 20:37:13", "elapsed": 2.276001, "delta": 0.002991}}
{"target": -719.8591338656016, "params": {"gamma": 3.552738684007098, "lr": 0.9742126278950913}, "datetime": {"datetime": "2024-06-13 20:37:13", "elapsed": 2.280988, "delta": 0.004987}}
{"target": -307.06086964935326, "params": {"gamma": 1.22859852236475, "lr": 0.18756989261723955}, "datetime": {"datetime": "2024-06-13 20:37:13", "elapsed": 2.284977, "delta": 0.003989}}
{"target": -1525.3392960796843, "params": {"gamma": 8.894535312169324, "lr": 0.5834063146082279}, "datetime": {"datetime": "2024-06-13 20:37:13", "elapsed": 2.288967, "delta": 0.00399}}
{"target": -777.8427843762732, "params": {"gamma": 3.0931546002031376, "lr": 0.0007643854781880233}, "datetime": {"datetime": "2024-06-13 20:37:13", "elapsed": 2.293953, "delta": 0.004986}}
{"target": -551.8261220838273, "params": {"gamma": 2.2767497854842085, "lr": 0.1454036341712357}, "datetime": {"datetime": "2024-06-13 20:37:13", "elapsed": 2.297943, "delta": 0.00399}}
{"target": -425.109739632509, "params": {"gamma": 2.035134809876536, "lr": 0.8963225568040046}, "datetime": {"datetime": "2024-06-13 20:37:13", "elapsed": 2.301932, "delta": 0.003989}}
{"target": -1600.6747792469255, "params": {"gamma": 8.731070688318136, "lr": 0.7002894376334498}, "datetime": {"datetime": "2024-06-13 20:37:13", "elapsed": 2.305921, "delta": 0.003989}}
{"target": -902.0255969409603, "params": {"gamma": 4.705506263845939, "lr": 0.8271360023322883}, "datetime": {"datetime": "2024-06-13 20:37:13", "elapsed": 2.309911, "delta": 0.00399}}
{"target": -862.7675839812338, "params": {"gamma": 4.958768144455039, "lr": 0.36348868328490525}, "datetime": {"datetime": "2024-06-13 20:37:13", "elapsed": 2.3139, "delta": 0.003989}}
{"target": -564.2538648877126, "params": {"gamma": 2.7567554245058266, "lr": 0.9247408135383717}, "datetime": {"datetime": "2024-06-13 20:37:13", "elapsed": 2.317889, "delta": 0.003989}}
{"target": -639.8046345468832, "params": {"gamma": 3.8705053533286655, "lr": 0.49288087343132025}, "datetime": {"datetime": "2024-06-13 20:37:13", "elapsed": 2.321878, "delta": 0.003989}}
{"target": -516.6800261802391, "params": {"gamma": 2.5451265850419067, "lr": 0.8849665188380633}, "datetime": {"datetime": "2024-06-13 20:37:13", "elapsed": 2.325869, "delta": 0.003991}}
{"target": -724.5582182449848, "params": {"gamma": 3.833251304596062, "lr": 0.29757471531387525}, "datetime": {"datetime": "2024-06-13 20:37:13", "elapsed": 2.329857, "delta": 0.003988}}
{"target": -1699.84447892881, "params": {"gamma": 7.17623202698535, "lr": 0.19086994317230743}, "datetime": {"datetime": "2024-06-13 20:37:13", "elapsed": 2.333847, "delta": 0.00399}}
{"target": -260.2315834766095, "params": {"gamma": 1.1828081008410374, "lr": 0.8369977822135122}, "datetime": {"datetime": "2024-06-13 20:37:13", "elapsed": 2.336838, "delta": 0.002991}}
{"target": -1278.4587117741544, "params": {"gamma": 7.441615077773983, "lr": 0.5905205476471171}, "datetime": {"datetime": "2024-06-13 20:37:13", "elapsed": 2.340828, "delta": 0.00399}}
{"target": -440.6071321912559, "params": {"gamma": 2.429672858073742, "lr": 0.6232471451875841}, "datetime": {"datetime": "2024-06-13 20:37:13", "elapsed": 2.344817, "delta": 0.003989}}
{"target": -1157.4052215411225, "params": {"gamma": 6.383914852090989, "lr": 0.32756944411232514}, "datetime": {"datetime": "2024-06-13 20:37:13", "elapsed": 2.348807, "delta": 0.00399}}
{"target": -185.23382776424302, "params": {"gamma": 0.6758259413323553, "lr": 0.8805385975643267}, "datetime": {"datetime": "2024-06-13 20:37:13", "elapsed": 2.352796, "delta": 0.003989}}
{"target": -885.8263033560385, "params": {"gamma": 4.60010735401151, "lr": 0.7638727180664299}, "datetime": {"datetime": "2024-06-13 20:37:13", "elapsed": 2.356785, "delta": 0.003989}}
{"target": -450.2581738672199, "params": {"gamma": 2.539632320806454, "lr": 0.5913871822675169}, "datetime": {"datetime": "2024-06-13 20:37:13", "elapsed": 2.360774, "delta": 0.003989}}
{"target": -729.2304593363427, "params": {"gamma": 4.288522808327629, "lr": 0.38210064254913956}, "datetime": {"datetime": "2024-06-13 20:37:13", "elapsed": 2.364764, "delta": 0.00399}}
{"target": -314.2611702846262, "params": {"gamma": 1.2680071250853806, "lr": 0.24426666320897583}, "datetime": {"datetime": "2024-06-13 20:37:13", "elapsed": 2.368753, "delta": 0.003989}}
{"target": -184.6796809011225, "params": {"gamma": 0.7943364880002312, "lr": 0.3028583047175786}, "datetime": {"datetime": "2024-06-13 20:37:13", "elapsed": 2.372742, "delta": 0.003989}}
{"target": -1300.2902394091261, "params": {"gamma": 7.417306297515323, "lr": 0.6150157249710488}, "datetime": {"datetime": "2024-06-13 20:37:13", "elapsed": 2.376732, "delta": 0.00399}}
{"target": -1673.4478395204098, "params": {"gamma": 6.724438578240325, "lr": 0.00838307952503159}, "datetime": {"datetime": "2024-06-13 20:37:13", "elapsed": 2.379724, "delta": 0.002992}}
{"target": -1142.8998639389579, "params": {"gamma": 6.784091345540948, "lr": 0.503180690542887}, "datetime": {"datetime": "2024-06-13 20:37:13", "elapsed": 2.384227, "delta": 0.004503}}
{"target": -565.4202849902485, "params": {"gamma": 2.309853596391308, "lr": 0.17489650898192222}, "datetime": {"datetime": "2024-06-13 20:37:13", "elapsed": 2.388217, "delta": 0.00399}}
{"target": -377.5464682855583, "params": {"gamma": 1.8506446725427474, "lr": 0.8442600050750985}, "datetime": {"datetime": "2024-06-13 20:37:13", "elapsed": 2.392206, "delta": 0.003989}}
{"target": -1959.4691959666438, "params": {"gamma": 9.825915303261548, "lr": 0.9137396248416316}, "datetime": {"datetime": "2024-06-13 20:37:13", "elapsed": 2.396195, "delta": 0.003989}}
{"target": -673.4411253606567, "params": {"gamma": 3.4743468343077555, "lr": 0.7802245796913637}, "datetime": {"datetime": "2024-06-13 20:37:13", "elapsed": 2.400184, "delta": 0.003989}}
{"target": -1045.0073690811857, "params": {"gamma": 5.464999452423606, "lr": 0.8164423975559377}, "datetime": {"datetime": "2024-06-13 20:37:13", "elapsed": 2.404173, "delta": 0.003989}}
{"target": -836.5895591420963, "params": {"gamma": 4.8377857849378705, "lr": 0.5899512982994037}, "datetime": {"datetime": "2024-06-13 20:37:13", "elapsed": 2.408163, "delta": 0.00399}}
{"target": -1950.8433987478777, "params": {"gamma": 7.872847211795091, "lr": 0.10023464310313235}, "datetime": {"datetime": "2024-06-13 20:37:13", "elapsed": 2.41256, "delta": 0.004397}}
{"target": -922.3496254370515, "params": {"gamma": 5.370534161288567, "lr": 0.36598334666965426}, "datetime": {"datetime": "2024-06-13 20:37:13", "elapsed": 2.416649, "delta": 0.004089}}
{"target": -1211.023300334037, "params": {"gamma": 6.043464129845054, "lr": 0.9588025156370005}, "datetime": {"datetime": "2024-06-13 20:37:13", "elapsed": 2.420276, "delta": 0.003627}}
{"target": -669.5966609445863, "params": {"gamma": 3.9288366270246278, "lr": 0.39297299794161644}, "datetime": {"datetime": "2024-06-13 20:37:13", "elapsed": 2.424264, "delta": 0.003988}}
{"target": -1384.4353588296283, "params": {"gamma": 7.9065792989023995, "lr": 0.6450783990854264}, "datetime": {"datetime": "2024-06-13 20:37:13", "elapsed": 2.428253, "delta": 0.003989}}
{"target": -731.9957787793311, "params": {"gamma": 3.9394461945459094, "lr": 0.6889550482302514}, "datetime": {"datetime": "2024-06-13 20:37:13", "elapsed": 2.432243, "delta": 0.00399}}
{"target": -949.0636518131956, "params": {"gamma": 4.040612088934736, "lr": 0.1361131542481221}, "datetime": {"datetime": "2024-06-13 20:37:13", "elapsed": 2.436231, "delta": 0.003988}}
{"target": -785.6634688829197, "params": {"gamma": 4.506982043452673, "lr": 0.3344193926972726}, "datetime": {"datetime": "2024-06-13 20:37:13", "elapsed": 2.440221, "delta": 0.00399}}
{"target": -452.88619164302077, "params": {"gamma": 2.180471331681618, "lr": 0.9257748016364399}, "datetime": {"datetime": "2024-06-13 20:37:13", "elapsed": 2.44421, "delta": 0.003989}}
{"target": -1185.8995741907916, "params": {"gamma": 6.896704351396498, "lr": 0.5988208906234219}, "datetime": {"datetime": "2024-06-13 20:37:13", "elapsed": 2.448204, "delta": 0.003994}}
{"target": -1256.1958734417997, "params": {"gamma": 7.466828063757928, "lr": 0.5419710617714415}, "datetime": {"datetime": "2024-06-13 20:37:13", "elapsed": 2.452189, "delta": 0.003985}}
{"target": -1401.3044139993222, "params": {"gamma": 7.005630193122407, "lr": 0.9305598192498451}, "datetime": {"datetime": "2024-06-13 20:37:13", "elapsed": 2.456178, "delta": 0.003989}}
{"target": -2085.181265014576, "params": {"gamma": 8.626304328357714, "lr": 0.1674418575065213}, "datetime": {"datetime": "2024-06-13 20:37:13", "elapsed": 2.460168, "delta": 0.00399}}
{"target": -664.8073744038145, "params": {"gamma": 2.6321271002148183, "lr": 0.07161027944180454}, "datetime": {"datetime": "2024-06-13 20:37:13", "elapsed": 2.464157, "delta": 0.003989}}
{"target": -2306.125554255447, "params": {"gamma": 9.786749378778312, "lr": 0.23638409866037557}, "datetime": {"datetime": "2024-06-13 20:37:13", "elapsed": 2.468147, "delta": 0.00399}}
{"target": -1643.585860264577, "params": {"gamma": 6.6063229609300596, "lr": 0.089630698927462}, "datetime": {"datetime": "2024-06-13 20:37:13", "elapsed": 2.471138, "delta": 0.002991}}
{"target": -372.3758572796026, "params": {"gamma": 2.1084986499281, "lr": 0.5028243835184045}, "datetime": {"datetime": "2024-06-13 20:37:13", "elapsed": 2.475128, "delta": 0.00399}}
{"target": -211.0242851236275, "params": {"gamma": 1.0504317296309502, "lr": 0.38887340269472437}, "datetime": {"datetime": "2024-06-13 20:37:13", "elapsed": 2.479117, "delta": 0.003989}}
{"target": -934.7656448805199, "params": {"gamma": 5.3803392136766695, "lr": 0.33920418488509996}, "datetime": {"datetime": "2024-06-13 20:37:13", "elapsed": 2.483107, "delta": 0.00399}}
{"target": -939.7583521872052, "params": {"gamma": 5.559446211054629, "lr": 0.536768321942464}, "datetime": {"datetime": "2024-06-13 20:37:13", "elapsed": 2.487096, "delta": 0.003989}}
{"target": -726.0834631596697, "params": {"gamma": 3.906714376870321, "lr": 0.6962700831011029}, "datetime": {"datetime": "2024-06-13 20:37:13", "elapsed": 2.491085, "delta": 0.003989}}
{"target": -1247.5820459034292, "params": {"gamma": 6.785146057525243, "lr": 0.6873031493743899}, "datetime": {"datetime": "2024-06-13 20:37:13", "elapsed": 2.495074, "delta": 0.003989}}
{"target": -974.9166089970678, "params": {"gamma": 5.615351096734943, "lr": 0.3580799140129358}, "datetime": {"datetime": "2024-06-13 20:37:13", "elapsed": 2.499064, "delta": 0.00399}}
{"target": -1228.429736101712, "params": {"gamma": 6.131510241334756, "lr": 0.9357362666081998}, "datetime": {"datetime": "2024-06-13 20:37:13", "elapsed": 2.503053, "delta": 0.003989}}
{"target": -1196.3601300921657, "params": {"gamma": 5.969288360934786, "lr": 0.9795901743594252}, "datetime": {"datetime": "2024-06-13 20:37:13", "elapsed": 2.507042, "delta": 0.003989}}
{"target": -825.8196037645326, "params": {"gamma": 4.4106251974683035, "lr": 0.7396119625075467}, "datetime": {"datetime": "2024-06-13 20:37:13", "elapsed": 2.511032, "delta": 0.00399}}
{"target": -149.54561186175593, "params": {"gamma": 0.3770011826173517, "lr": 0.7647266390004861}, "datetime": {"datetime": "2024-06-13 20:37:13", "elapsed": 2.514665, "delta": 0.003633}}
{"target": -1292.9144019899838, "params": {"gamma": 5.1832975216877974, "lr": 0.0053165329611032375}, "datetime": {"datetime": "2024-06-13 20:37:13", "elapsed": 2.518654, "delta": 0.003989}}
{"target": -479.783656667005, "params": {"gamma": 2.772723847721202, "lr": 0.5348322325198115}, "datetime": {"datetime": "2024-06-13 20:37:13", "elapsed": 2.522643, "delta": 0.003989}}
{"target": -1909.415674867825, "params": {"gamma": 7.679860819934835, "lr": 0.05309259545252509}, "datetime": {"datetime": "2024-06-13 20:37:13", "elapsed": 2.526632, "delta": 0.003989}}
{"target": -1049.9037963554124, "params": {"gamma": 5.490985385061347, "lr": 0.800994555798356}, "datetime": {"datetime": "2024-06-13 20:37:13", "elapsed": 2.530622, "delta": 0.00399}}
{"target": -1300.5379175253383, "params": {"gamma": 6.496180965729911, "lr": 0.9314470149929107}, "datetime": {"datetime": "2024-06-13 20:37:13", "elapsed": 2.534612, "delta": 0.00399}}
{"target": -188.6188224166844, "params": {"gamma": 0.7482397187025968, "lr": 0.2768064626005866}, "datetime": {"datetime": "2024-06-13 20:37:13", "elapsed": 2.5386, "delta": 0.003988}}
{"target": -1757.0778081483895, "params": {"gamma": 9.192455805057469, "lr": 0.7650051482981429}, "datetime": {"datetime": "2024-06-13 20:37:13", "elapsed": 2.542661, "delta": 0.004061}}
{"target": -1145.4437843391775, "params": {"gamma": 5.9978037043765156, "lr": 0.8329681438370704}, "datetime": {"datetime": "2024-06-13 20:37:13", "elapsed": 2.546158, "delta": 0.003497}}
{"target": -1788.166546876863, "params": {"gamma": 8.960538872258445, "lr": 0.9727203528528249}, "datetime": {"datetime": "2024-06-13 20:37:13", "elapsed": 2.550147, "delta": 0.003989}}
{"target": -2327.6597029918307, "params": {"gamma": 9.98520655039097, "lr": 0.13964933368410348}, "datetime": {"datetime": "2024-06-13 20:37:13", "elapsed": 2.554137, "delta": 0.00399}}
{"target": -212.1337653017028, "params": {"gamma": 0.7063499053922482, "lr": 0.07346665436012334}, "datetime": {"datetime": "2024-06-13 20:37:13", "elapsed": 2.558126, "delta": 0.003989}}
{"target": -143.07569858032954, "params": {"gamma": 0.14842316520856935, "lr": 0.971820072977926}, "datetime": {"datetime": "2024-06-13 20:37:13", "elapsed": 2.562116, "delta": 0.00399}}
{"target": -222.34358665778157, "params": {"gamma": 0.9485743976558341, "lr": 0.8417368261858497}, "datetime": {"datetime": "2024-06-13 20:37:13", "elapsed": 2.566105, "delta": 0.003989}}
{"target": -1123.2432868584826, "params": {"gamma": 6.852044796080089, "lr": 0.4875571674829181}, "datetime": {"datetime": "2024-06-13 20:37:13", "elapsed": 2.570094, "delta": 0.003989}}
{"target": -608.7073769613144, "params": {"gamma": 3.4676021187044235, "lr": 0.35364778706700506}, "datetime": {"datetime": "2024-06-13 20:37:13", "elapsed": 2.574083, "delta": 0.003989}}
{"target": -522.0163433591523, "params": {"gamma": 2.539134984589525, "lr": 0.9110179736986265}, "datetime": {"datetime": "2024-06-13 20:37:13", "elapsed": 2.578073, "delta": 0.00399}}
{"target": -1804.9019696794242, "params": {"gamma": 7.256699812403196, "lr": 0.025925792784269874}, "datetime": {"datetime": "2024-06-13 20:37:13", "elapsed": 2.581065, "delta": 0.002992}}
{"target": -926.4198255204129, "params": {"gamma": 4.615751011217899, "lr": 0.28130127253681136}, "datetime": {"datetime": "2024-06-13 20:37:13", "elapsed": 2.585054, "delta": 0.003989}}
{"target": -145.96020075968013, "params": {"gamma": 0.2906328955928069, "lr": 0.8846818943092944}, "datetime": {"datetime": "2024-06-13 20:37:13", "elapsed": 2.589044, "delta": 0.00399}}
{"target": -1394.7511915570703, "params": {"gamma": 7.710282574188869, "lr": 0.32973507924426093}, "datetime": {"datetime": "2024-06-13 20:37:13", "elapsed": 2.593033, "delta": 0.003989}}
{"target": -1440.4790669047939, "params": {"gamma": 7.965789316779574, "lr": 0.3246383222029966}, "datetime": {"datetime": "2024-06-13 20:37:13", "elapsed": 2.597022, "delta": 0.003989}}
{"target": -627.1794061923048, "params": {"gamma": 3.0795165557326496, "lr": 0.9281090785007262}, "datetime": {"datetime": "2024-06-13 20:37:13", "elapsed": 2.601012, "delta": 0.00399}}
{"target": -1638.3372106331428, "params": {"gamma": 9.769184703296556, "lr": 0.5235553047168928}, "datetime": {"datetime": "2024-06-13 20:37:13", "elapsed": 2.605001, "delta": 0.003989}}
{"target": -1875.704622625971, "params": {"gamma": 9.519399740511682, "lr": 0.8879964939264646}, "datetime": {"datetime": "2024-06-13 20:37:13", "elapsed": 2.60899, "delta": 0.003989}}
{"target": -890.3222462099458, "params": {"gamma": 5.180807583382493, "lr": 0.3727488020974856}, "datetime": {"datetime": "2024-06-13 20:37:13", "elapsed": 2.61298, "delta": 0.00399}}
{"target": -1164.144389450291, "params": {"gamma": 7.103835428617774, "lr": 0.455643424642054}, "datetime": {"datetime": "2024-06-13 20:37:13", "elapsed": 2.615972, "delta": 0.002992}}
