{"target": -608.4965575125084, "params": {"gamma": 1.3544085542298703, "lr": 0.03063869809086972}, "datetime": {"datetime": "2024-06-13 14:28:20", "elapsed": 6.870689, "delta": 0.004986}}
{"target": -1495.8274316180546, "params": {"gamma": 4.623891705947023, "lr": 0.9606566952869964}, "datetime": {"datetime": "2024-06-13 14:28:20", "elapsed": 6.874679, "delta": 0.00399}}
{"target": -442.19457652581883, "params": {"gamma": 0.9370488703914385, "lr": 0.0655985161350432}, "datetime": {"datetime": "2024-06-13 14:28:20", "elapsed": 6.880663, "delta": 0.005984}}
{"target": -2570.190092937611, "params": {"gamma": 8.799475826643015, "lr": 0.8213720415432885}, "datetime": {"datetime": "2024-06-13 14:28:20", "elapsed": 6.885649, "delta": 0.004986}}
{"target": -1474.2872326076028, "params": {"gamma": 8.199874253028593, "lr": 0.46781804781537173}, "datetime": {"datetime": "2024-06-13 14:28:20", "elapsed": 6.889668, "delta": 0.004019}}
{"target": -701.8296546126517, "params": {"gamma": 4.275493453510745, "lr": 0.4010683054344961}, "datetime": {"datetime": "2024-06-13 14:28:20", "elapsed": 6.894654, "delta": 0.004986}}
{"target": -1513.5202084646683, "params": {"gamma": 5.822568206350932, "lr": 0.7289706693761112}, "datetime": {"datetime": "2024-06-13 14:28:20", "elapsed": 6.898643, "delta": 0.003989}}
{"target": -1903.7735214011525, "params": {"gamma": 7.843135731493912, "lr": 0.6547991875604179}, "datetime": {"datetime": "2024-06-13 14:28:20", "elapsed": 6.90363, "delta": 0.004987}}
{"target": -916.3671186878546, "params": {"gamma": 5.625099180595456, "lr": 0.412392608220297}, "datetime": {"datetime": "2024-06-13 14:28:20", "elapsed": 6.908588, "delta": 0.004958}}
{"target": -509.7501170960606, "params": {"gamma": 3.1998307053765016, "lr": 0.2862477928261852}, "datetime": {"datetime": "2024-06-13 14:28:20", "elapsed": 6.914573, "delta": 0.005985}}
{"target": -763.1580495120677, "params": {"gamma": 2.9624710073123492, "lr": 0.6827528661644432}, "datetime": {"datetime": "2024-06-13 14:28:20", "elapsed": 6.919558, "delta": 0.004985}}
{"target": -1646.0570497486844, "params": {"gamma": 7.624649380413635, "lr": 0.5976197869899762}, "datetime": {"datetime": "2024-06-13 14:28:20", "elapsed": 6.924546, "delta": 0.004988}}
{"target": -386.2521144287926, "params": {"gamma": 2.229416058643355, "lr": 0.1943950205047229}, "datetime": {"datetime": "2024-06-13 14:28:20", "elapsed": 6.928535, "delta": 0.003989}}
{"target": -2465.666367505317, "params": {"gamma": 7.657095501588769, "lr": 0.9786938189750454}, "datetime": {"datetime": "2024-06-13 14:28:20", "elapsed": 6.933521, "delta": 0.004986}}
{"target": -144.47651038044643, "params": {"gamma": 0.1600837059640327, "lr": 0.24889814198257976}, "datetime": {"datetime": "2024-06-13 14:28:20", "elapsed": 6.938509, "delta": 0.004988}}
{"target": -1986.3844099100477, "params": {"gamma": 7.923336404835708, "lr": 0.7191652977533548}, "datetime": {"datetime": "2024-06-13 14:28:20", "elapsed": 6.943495, "delta": 0.004986}}
{"target": -546.6569860042623, "params": {"gamma": 2.4605535974366086, "lr": 0.5548923810758453}, "datetime": {"datetime": "2024-06-13 14:28:20", "elapsed": 6.948481, "delta": 0.004986}}
{"target": -1472.9715627307903, "params": {"gamma": 5.856272355196109, "lr": 0.7213842766472296}, "datetime": {"datetime": "2024-06-13 14:28:20", "elapsed": 6.953468, "delta": 0.004987}}
{"target": -759.256028958903, "params": {"gamma": 4.637273438415798, "lr": 0.40484847152272274}, "datetime": {"datetime": "2024-06-13 14:28:20", "elapsed": 6.957458, "delta": 0.00399}}
{"target": -482.98464480489616, "params": {"gamma": 3.080786698738075, "lr": 0.23830890840682273}, "datetime": {"datetime": "2024-06-13 14:28:20", "elapsed": 6.962447, "delta": 0.004989}}
{"target": -264.15986488650753, "params": {"gamma": 0.925941078147889, "lr": 0.6458833874176423}, "datetime": {"datetime": "2024-06-13 14:28:20", "elapsed": 6.967434, "delta": 0.004987}}
{"target": -1697.5555201828104, "params": {"gamma": 6.696034914953822, "lr": 0.6873434739168471}, "datetime": {"datetime": "2024-06-13 14:28:20", "elapsed": 6.972421, "delta": 0.004987}}
{"target": -153.19495273977273, "params": {"gamma": 0.03245405892326011, "lr": 0.43825303252098613}, "datetime": {"datetime": "2024-06-13 14:28:20", "elapsed": 6.977407, "delta": 0.004986}}
{"target": -295.8175454470649, "params": {"gamma": 1.22641109574872, "lr": 0.5266093357063074}, "datetime": {"datetime": "2024-06-13 14:28:20", "elapsed": 6.981426, "delta": 0.004019}}
{"target": -1757.796044247557, "params": {"gamma": 9.797416469397842, "lr": 0.4992770109633381}, "datetime": {"datetime": "2024-06-13 14:28:20", "elapsed": 6.986414, "delta": 0.004988}}
{"target": -1104.2375079929602, "params": {"gamma": 3.747125142755934, "lr": 0.8138399923945955}, "datetime": {"datetime": "2024-06-13 14:28:20", "elapsed": 6.99137, "delta": 0.004956}}
{"target": -1502.1555216436154, "params": {"gamma": 9.68204618100875, "lr": 0.28712337752879535}, "datetime": {"datetime": "2024-06-13 14:28:20", "elapsed": 6.996356, "delta": 0.004986}}
{"target": -2585.0317478052807, "params": {"gamma": 8.030197397425262, "lr": 0.9961414373632698}, "datetime": {"datetime": "2024-06-13 14:28:20", "elapsed": 7.000346, "delta": 0.00399}}
{"target": -275.4622600571503, "params": {"gamma": 1.1191305732763266, "lr": 0.5310473545872221}, "datetime": {"datetime": "2024-06-13 14:28:20", "elapsed": 7.00633, "delta": 0.005984}}
{"target": -1309.0087399429597, "params": {"gamma": 8.135452268270518, "lr": 0.37629418365689815}, "datetime": {"datetime": "2024-06-13 14:28:20", "elapsed": 7.011317, "delta": 0.004987}}
{"target": -1296.9374371212448, "params": {"gamma": 4.4582994882209785, "lr": 0.7509025596645666}, "datetime": {"datetime": "2024-06-13 14:28:20", "elapsed": 7.016303, "delta": 0.004986}}
{"target": -196.34850635331392, "params": {"gamma": 0.9843654431052541, "lr": 0.3605263049964609}, "datetime": {"datetime": "2024-06-13 14:28:20", "elapsed": 7.02129, "delta": 0.004987}}
{"target": -861.6991231056642, "params": {"gamma": 5.637498846609272, "lr": 0.23858559594258377}, "datetime": {"datetime": "2024-06-13 14:28:20", "elapsed": 7.026276, "delta": 0.004986}}
{"target": -2431.009228425044, "params": {"gamma": 8.399697763448607, "lr": 0.7658509922899394}, "datetime": {"datetime": "2024-06-13 14:28:20", "elapsed": 7.031295, "delta": 0.005019}}
{"target": -2073.291124575787, "params": {"gamma": 9.655460253343795, "lr": 0.5229880750137287}, "datetime": {"datetime": "2024-06-13 14:28:20", "elapsed": 7.03625, "delta": 0.004955}}
{"target": -374.3284640285696, "params": {"gamma": 1.06614005524794, "lr": 0.936617023061487}, "datetime": {"datetime": "2024-06-13 14:28:20", "elapsed": 7.041237, "delta": 0.004987}}
{"target": -1793.6800979980756, "params": {"gamma": 8.342525658973996, "lr": 0.5444181610032376}, "datetime": {"datetime": "2024-06-13 14:28:20", "elapsed": 7.046223, "delta": 0.004986}}
{"target": -2569.6245446298, "params": {"gamma": 8.363186471576656, "lr": 0.8816909193539424}, "datetime": {"datetime": "2024-06-13 14:28:20", "elapsed": 7.050243, "delta": 0.00402}}
{"target": -1639.1282331038906, "params": {"gamma": 7.76103529253161, "lr": 0.5712539770424174}, "datetime": {"datetime": "2024-06-13 14:28:20", "elapsed": 7.0552, "delta": 0.004957}}
{"target": -1843.1219588707481, "params": {"gamma": 6.153371915939358, "lr": 0.8443906826433587}, "datetime": {"datetime": "2024-06-13 14:28:20", "elapsed": 7.060186, "delta": 0.004986}}
{"target": -976.0806218885136, "params": {"gamma": 6.222544146503024, "lr": 0.20647995918763162}, "datetime": {"datetime": "2024-06-13 14:28:20", "elapsed": 7.064682, "delta": 0.004496}}
{"target": -1489.7685722254407, "params": {"gamma": 6.915192747116144, "lr": 0.5320137500773816}, "datetime": {"datetime": "2024-06-13 14:28:20", "elapsed": 7.070666, "delta": 0.005984}}
{"target": -1130.429243466691, "params": {"gamma": 2.633207341942995, "lr": 0.0007865415296364198}, "datetime": {"datetime": "2024-06-13 14:28:20", "elapsed": 7.074655, "delta": 0.003989}}
{"target": -612.9440143855426, "params": {"gamma": 2.3557421152378364, "lr": 0.673566697976032}, "datetime": {"datetime": "2024-06-13 14:28:20", "elapsed": 7.079642, "delta": 0.004987}}
{"target": -2565.4985843359223, "params": {"gamma": 8.783323676609767, "lr": 0.8307025692405677}, "datetime": {"datetime": "2024-06-13 14:28:20", "elapsed": 7.084628, "delta": 0.004986}}
{"target": -499.4383979044811, "params": {"gamma": 1.0819657484995155, "lr": 0.07112497952283825}, "datetime": {"datetime": "2024-06-13 14:28:20", "elapsed": 7.088618, "delta": 0.00399}}
{"target": -1258.8101826211355, "params": {"gamma": 7.616161526478173, "lr": 0.2848333721183067}, "datetime": {"datetime": "2024-06-13 14:28:20", "elapsed": 7.093605, "delta": 0.004987}}
{"target": -1165.621741509641, "params": {"gamma": 2.718758721913716, "lr": 0.0020003006084317043}, "datetime": {"datetime": "2024-06-13 14:28:20", "elapsed": 7.099385, "delta": 0.00578}}
{"target": -239.0527913141832, "params": {"gamma": 0.9862915673948899, "lr": 0.13559704739235312}, "datetime": {"datetime": "2024-06-13 14:28:20", "elapsed": 7.103374, "delta": 0.003989}}
{"target": -314.444941158913, "params": {"gamma": 1.5944427020857364, "lr": 0.44531360261536523}, "datetime": {"datetime": "2024-06-13 14:28:20", "elapsed": 7.108361, "delta": 0.004987}}
{"target": -2379.0949494433603, "params": {"gamma": 8.141544011423479, "lr": 0.8122981153684475}, "datetime": {"datetime": "2024-06-13 14:28:20", "elapsed": 7.113347, "delta": 0.004986}}
{"target": -1660.6260425165988, "params": {"gamma": 9.099986227202798, "lr": 0.4435920386203337}, "datetime": {"datetime": "2024-06-13 14:28:20", "elapsed": 7.118334, "delta": 0.004987}}
{"target": -1276.9080675237217, "params": {"gamma": 7.087396368942189, "lr": 0.4883341181204487}, "datetime": {"datetime": "2024-06-13 14:28:20", "elapsed": 7.122323, "delta": 0.003989}}
{"target": -277.4988252184374, "params": {"gamma": 0.49937573878707536, "lr": 0.0804314339695471}, "datetime": {"datetime": "2024-06-13 14:28:20", "elapsed": 7.12731, "delta": 0.004987}}
{"target": -807.302813113365, "params": {"gamma": 2.4601774098261746, "lr": 0.9816217286230167}, "datetime": {"datetime": "2024-06-13 14:28:20", "elapsed": 7.132296, "delta": 0.004986}}
{"target": -1083.6975609482338, "params": {"gamma": 6.919480375538572, "lr": 0.26800758185732043}, "datetime": {"datetime": "2024-06-13 14:28:20", "elapsed": 7.137283, "delta": 0.004987}}
{"target": -1716.223239169554, "params": {"gamma": 7.062926182268611, "lr": 0.6613461343815696}, "datetime": {"datetime": "2024-06-13 14:28:20", "elapsed": 7.14227, "delta": 0.004987}}
{"target": -145.72764328816555, "params": {"gamma": 0.4338583185782008, "lr": 0.3614875846417379}, "datetime": {"datetime": "2024-06-13 14:28:20", "elapsed": 7.146259, "delta": 0.003989}}
{"target": -3240.793847404764, "params": {"gamma": 7.737506106039536, "lr": 0.07852291483410356}, "datetime": {"datetime": "2024-06-13 14:28:20", "elapsed": 7.151246, "delta": 0.004987}}
{"target": -2845.392384573235, "params": {"gamma": 8.84395678364194, "lr": 0.9308682962545582}, "datetime": {"datetime": "2024-06-13 14:28:20", "elapsed": 7.156232, "delta": 0.004986}}
{"target": -1965.5668370365725, "params": {"gamma": 8.531002038386509, "lr": 0.117377604100948}, "datetime": {"datetime": "2024-06-13 14:28:20", "elapsed": 7.162217, "delta": 0.005985}}
{"target": -1427.9539474325343, "params": {"gamma": 5.652169643537417, "lr": 0.7075599478322232}, "datetime": {"datetime": "2024-06-13 14:28:20", "elapsed": 7.167203, "delta": 0.004986}}
{"target": -3380.4752376924303, "params": {"gamma": 8.879912919311819, "lr": 0.09577602929981288}, "datetime": {"datetime": "2024-06-13 14:28:20", "elapsed": 7.171192, "delta": 0.003989}}
{"target": -1347.0962046958277, "params": {"gamma": 8.157890074908734, "lr": 0.27801633166878204}, "datetime": {"datetime": "2024-06-13 14:28:20", "elapsed": 7.176179, "delta": 0.004987}}
{"target": -1489.608543413948, "params": {"gamma": 5.923281570273373, "lr": 0.7197957093739197}, "datetime": {"datetime": "2024-06-13 14:28:20", "elapsed": 7.183161, "delta": 0.006982}}
{"target": -1208.7641344055592, "params": {"gamma": 7.7704144744548165, "lr": 0.29466484899886947}, "datetime": {"datetime": "2024-06-13 14:28:21", "elapsed": 7.192137, "delta": 0.008976}}
{"target": -948.5425050926401, "params": {"gamma": 6.074158012949801, "lr": 0.2874728742023305}, "datetime": {"datetime": "2024-06-13 14:28:21", "elapsed": 7.19815, "delta": 0.006013}}
{"target": -2914.016117245478, "params": {"gamma": 9.983169186094411, "lr": 0.8145056079423507}, "datetime": {"datetime": "2024-06-13 14:28:21", "elapsed": 7.203136, "delta": 0.004986}}
{"target": -1280.880231669177, "params": {"gamma": 4.140365184777405, "lr": 0.8791421856642359}, "datetime": {"datetime": "2024-06-13 14:28:21", "elapsed": 7.211086, "delta": 0.00795}}
{"target": -2359.514872786175, "params": {"gamma": 7.325278649969429, "lr": 0.928746930727756}, "datetime": {"datetime": "2024-06-13 14:28:21", "elapsed": 7.219065, "delta": 0.007979}}
{"target": -291.1929389758694, "params": {"gamma": 1.7169353317749951, "lr": 0.2948350049208741}, "datetime": {"datetime": "2024-06-13 14:28:21", "elapsed": 7.226047, "delta": 0.006982}}
{"target": -188.36397314232383, "params": {"gamma": 0.9382730240703474, "lr": 0.3179810316787127}, "datetime": {"datetime": "2024-06-13 14:28:21", "elapsed": 7.231033, "delta": 0.004986}}
{"target": -908.8222241057888, "params": {"gamma": 3.812504948851634, "lr": 0.6327125396187535}, "datetime": {"datetime": "2024-06-13 14:28:21", "elapsed": 7.236019, "delta": 0.004986}}
{"target": -1189.951291496629, "params": {"gamma": 4.715727863547479, "lr": 0.717668980777047}, "datetime": {"datetime": "2024-06-13 14:28:21", "elapsed": 7.242005, "delta": 0.005986}}
{"target": -458.5282375932534, "params": {"gamma": 2.692966111483643, "lr": 0.17305671918218446}, "datetime": {"datetime": "2024-06-13 14:28:21", "elapsed": 7.247022, "delta": 0.005017}}
{"target": -704.0291801532152, "params": {"gamma": 3.7918469051508774, "lr": 0.43808143742785455}, "datetime": {"datetime": "2024-06-13 14:28:21", "elapsed": 7.251008, "delta": 0.003986}}
{"target": -1319.5256510891122, "params": {"gamma": 4.221843551590521, "lr": 0.913569686661525}, "datetime": {"datetime": "2024-06-13 14:28:21", "elapsed": 7.256963, "delta": 0.005955}}
{"target": -438.7224700938058, "params": {"gamma": 2.696400616451196, "lr": 0.3520434026951569}, "datetime": {"datetime": "2024-06-13 14:28:21", "elapsed": 7.26195, "delta": 0.004987}}
{"target": -355.13313530804777, "params": {"gamma": 2.1528813919731067, "lr": 0.37192301140427286}, "datetime": {"datetime": "2024-06-13 14:28:21", "elapsed": 7.26597, "delta": 0.00402}}
{"target": -849.008619917659, "params": {"gamma": 3.8991640529202587, "lr": 0.5754270571118745}, "datetime": {"datetime": "2024-06-13 14:28:21", "elapsed": 7.270926, "delta": 0.004956}}
{"target": -450.05093075867813, "params": {"gamma": 2.7843714212458077, "lr": 0.2594923085078481}, "datetime": {"datetime": "2024-06-13 14:28:21", "elapsed": 7.275912, "delta": 0.004986}}
{"target": -2233.004848882099, "params": {"gamma": 7.190894889170183, "lr": 0.9101787075725445}, "datetime": {"datetime": "2024-06-13 14:28:21", "elapsed": 7.280899, "delta": 0.004987}}
{"target": -239.68332475519645, "params": {"gamma": 1.2218460988148518, "lr": 0.18228897074998485}, "datetime": {"datetime": "2024-06-13 14:28:21", "elapsed": 7.284888, "delta": 0.003989}}
{"target": -365.10057777647535, "params": {"gamma": 1.3319633391141557, "lr": 0.6836076828044971}, "datetime": {"datetime": "2024-06-13 14:28:21", "elapsed": 7.290873, "delta": 0.005985}}
{"target": -523.8485707928038, "params": {"gamma": 2.1408837173038955, "lr": 0.6045716033063737}, "datetime": {"datetime": "2024-06-13 14:28:21", "elapsed": 7.295859, "delta": 0.004986}}
{"target": -607.5661172029976, "params": {"gamma": 2.0175856692950274, "lr": 0.8177571936931245}, "datetime": {"datetime": "2024-06-13 14:28:21", "elapsed": 7.299848, "delta": 0.003989}}
{"target": -812.7271091767586, "params": {"gamma": 3.161755215449723, "lr": 0.6696167646858762}, "datetime": {"datetime": "2024-06-13 14:28:21", "elapsed": 7.304836, "delta": 0.004988}}
{"target": -255.5511296098686, "params": {"gamma": 1.4881868944628063, "lr": 0.30594544708616045}, "datetime": {"datetime": "2024-06-13 14:28:21", "elapsed": 7.309822, "delta": 0.004986}}
{"target": -714.5127184431519, "params": {"gamma": 2.9731172115714624, "lr": 0.6350799325450489}, "datetime": {"datetime": "2024-06-13 14:28:21", "elapsed": 7.314809, "delta": 0.004987}}
{"target": -2037.7723220328157, "params": {"gamma": 6.809124390706244, "lr": 0.8452486465038237}, "datetime": {"datetime": "2024-06-13 14:28:21", "elapsed": 7.320195, "delta": 0.005386}}
{"target": -549.2861385985442, "params": {"gamma": 1.8342857207824639, "lr": 0.7604297643064385}, "datetime": {"datetime": "2024-06-13 14:28:21", "elapsed": 7.325176, "delta": 0.004981}}
{"target": -1505.4728742664263, "params": {"gamma": 7.119682083391317, "lr": 0.5575439140774725}, "datetime": {"datetime": "2024-06-13 14:28:21", "elapsed": 7.330163, "delta": 0.004987}}
{"target": -2757.841384959798, "params": {"gamma": 6.50197970017053, "lr": 0.0899951030326972}, "datetime": {"datetime": "2024-06-13 14:28:21", "elapsed": 7.335149, "delta": 0.004986}}
{"target": -267.5713357223707, "params": {"gamma": 1.4696112814099909, "lr": 0.41557172071663584}, "datetime": {"datetime": "2024-06-13 14:28:21", "elapsed": 7.339139, "delta": 0.00399}}
{"target": -1158.2220453414168, "params": {"gamma": 7.1139955123219485, "lr": 0.16782116362359434}, "datetime": {"datetime": "2024-06-13 14:28:21", "elapsed": 7.344126, "delta": 0.004987}}
{"target": -710.8739356223005, "params": {"gamma": 3.8904024131038595, "lr": 0.49794595388742613}, "datetime": {"datetime": "2024-06-13 14:28:21", "elapsed": 7.348115, "delta": 0.003989}}
{"target": -3908.558557289474, "params": {"gamma": 9.350522223405173, "lr": 0.055196248654505564}, "datetime": {"datetime": "2024-06-13 14:28:21", "elapsed": 7.354099, "delta": 0.005984}}
{"target": -2668.231527689678, "params": {"gamma": 8.290245901995016, "lr": 0.9841598458987846}, "datetime": {"datetime": "2024-06-13 14:28:21", "elapsed": 7.359085, "delta": 0.004986}}
{"target": -835.7708441268555, "params": {"gamma": 2.6734588625853686, "lr": 0.8900573037740913}, "datetime": {"datetime": "2024-06-13 14:28:21", "elapsed": 7.364072, "delta": 0.004987}}
{"target": -856.0639516623324, "params": {"gamma": 2.9037110876153163, "lr": 0.7990074981966317}, "datetime": {"datetime": "2024-06-13 14:28:21", "elapsed": 7.368061, "delta": 0.003989}}
{"target": -1001.0103990039021, "params": {"gamma": 4.599113822624364, "lr": 0.59760864887687}, "datetime": {"datetime": "2024-06-13 14:28:21", "elapsed": 7.373048, "delta": 0.004987}}
{"target": -615.8259837736381, "params": {"gamma": 2.367437100274259, "lr": 0.687614962160815}, "datetime": {"datetime": "2024-06-13 14:28:21", "elapsed": 7.378035, "delta": 0.004987}}
{"target": -343.618264067848, "params": {"gamma": 1.4876999762661907, "lr": 0.5596864990017729}, "datetime": {"datetime": "2024-06-13 14:28:21", "elapsed": 7.383021, "delta": 0.004986}}
{"target": -1484.2833368032896, "params": {"gamma": 4.943794976509587, "lr": 0.8372059959494197}, "datetime": {"datetime": "2024-06-13 14:28:21", "elapsed": 7.388008, "delta": 0.004987}}
{"target": -1406.7002984668597, "params": {"gamma": 4.815203685221957, "lr": 0.7847309599867293}, "datetime": {"datetime": "2024-06-13 14:28:21", "elapsed": 7.392995, "delta": 0.004987}}
{"target": -614.4978530648091, "params": {"gamma": 4.003542773051022, "lr": 0.3079059334309052}, "datetime": {"datetime": "2024-06-13 14:28:21", "elapsed": 7.396984, "delta": 0.003989}}
{"target": -1274.4893165947558, "params": {"gamma": 7.872484136639694, "lr": 0.4184642639114249}, "datetime": {"datetime": "2024-06-13 14:28:21", "elapsed": 7.401452, "delta": 0.004468}}
{"target": -1075.2783692099026, "params": {"gamma": 4.968163846072137, "lr": 0.577322531324329}, "datetime": {"datetime": "2024-06-13 14:28:21", "elapsed": 7.406438, "delta": 0.004986}}
{"target": -1760.6687201028174, "params": {"gamma": 8.196837713155396, "lr": 0.5813199746267194}, "datetime": {"datetime": "2024-06-13 14:28:21", "elapsed": 7.411425, "delta": 0.004987}}
{"target": -708.1818210534014, "params": {"gamma": 4.062022883905419, "lr": 0.16058682850924277}, "datetime": {"datetime": "2024-06-13 14:28:21", "elapsed": 7.417409, "delta": 0.005984}}
{"target": -2159.837196792509, "params": {"gamma": 7.021410937836175, "lr": 0.8832328216518347}, "datetime": {"datetime": "2024-06-13 14:28:21", "elapsed": 7.421399, "delta": 0.00399}}
{"target": -234.14754811082824, "params": {"gamma": 1.0846805001536175, "lr": 0.46621397581308155}, "datetime": {"datetime": "2024-06-13 14:28:21", "elapsed": 7.426385, "delta": 0.004986}}
{"target": -1969.3827786651937, "params": {"gamma": 9.34542051628517, "lr": 0.5635091674751708}, "datetime": {"datetime": "2024-06-13 14:28:21", "elapsed": 7.431372, "delta": 0.004987}}
{"target": -2295.185436867761, "params": {"gamma": 5.452989887556196, "lr": 0.06347554987814286}, "datetime": {"datetime": "2024-06-13 14:28:21", "elapsed": 7.436358, "delta": 0.004986}}
{"target": -1305.536681241894, "params": {"gamma": 5.353466496108746, "lr": 0.654541303819938}, "datetime": {"datetime": "2024-06-13 14:28:21", "elapsed": 7.440347, "delta": 0.003989}}
{"target": -496.3202645102606, "params": {"gamma": 1.466771864485812, "lr": 0.9563647276468465}, "datetime": {"datetime": "2024-06-13 14:28:21", "elapsed": 7.446332, "delta": 0.005985}}
{"target": -516.4568196716432, "params": {"gamma": 1.962311768641484, "lr": 0.673925993557942}, "datetime": {"datetime": "2024-06-13 14:28:21", "elapsed": 7.450321, "delta": 0.003989}}
