{"target": -566.8881251712199, "params": {"gamma": 9.292802548221829, "prior": 4.080573920625559, "rate": 0.7692460154620339}, "datetime": {"datetime": "2024-06-14 12:57:19", "elapsed": 8.336046, "delta": 0.009973}}
{"target": -289.5303338965356, "params": {"gamma": 2.4537661400558073, "prior": 3.5675790065013078, "rate": 7.507532195259897}, "datetime": {"datetime": "2024-06-14 12:57:19", "elapsed": 8.346019, "delta": 0.009973}}
{"target": -241.35013112165757, "params": {"gamma": 1.8482967753404873, "prior": 4.366639171886156, "rate": 8.732580952739871}, "datetime": {"datetime": "2024-06-14 12:57:19", "elapsed": 8.354995, "delta": 0.008976}}
{"target": -355.0822266034485, "params": {"gamma": 5.338077152636459, "prior": 1.121231725515661, "rate": 0.24620034805926763}, "datetime": {"datetime": "2024-06-14 12:57:19", "elapsed": 8.364969, "delta": 0.009974}}
{"target": -568.5944627782401, "params": {"gamma": 7.058392201809326, "prior": 9.79336216048635, "rate": 7.851867464260117}, "datetime": {"datetime": "2024-06-14 12:57:19", "elapsed": 8.373945, "delta": 0.008976}}
{"target": -668.9926256899505, "params": {"gamma": 7.647497242257331, "prior": 6.786930405212397, "rate": 7.9552316002763535}, "datetime": {"datetime": "2024-06-14 12:57:19", "elapsed": 8.383918, "delta": 0.009973}}
{"target": -159.44121948568772, "params": {"gamma": 0.40113783894076427, "prior": 2.720348153996855, "rate": 6.9542799621795535}, "datetime": {"datetime": "2024-06-14 12:57:19", "elapsed": 8.392894, "delta": 0.008976}}
{"target": -555.1202502380073, "params": {"gamma": 8.670016307747831, "prior": 6.778608030986559, "rate": 1.7635850037063328}, "datetime": {"datetime": "2024-06-14 12:57:19", "elapsed": 8.40187, "delta": 0.008976}}
{"target": -536.9048448451488, "params": {"gamma": 9.363148290996985, "prior": 9.043449131097443, "rate": 0.8677009826349238}, "datetime": {"datetime": "2024-06-14 12:57:19", "elapsed": 8.411844, "delta": 0.009974}}
{"target": -255.91251774951695, "params": {"gamma": 1.9308073757049558, "prior": 2.824411003044214, "rate": 7.384380294175464}, "datetime": {"datetime": "2024-06-14 12:57:19", "elapsed": 8.421816, "delta": 0.009972}}
{"target": -575.19263257439, "params": {"gamma": 8.59387390968027, "prior": 5.825391635770356, "rate": 1.9972560609459706}, "datetime": {"datetime": "2024-06-14 12:57:19", "elapsed": 8.430792, "delta": 0.008976}}
{"target": -514.9959806394376, "params": {"gamma": 4.151483786326004, "prior": 1.4648060826146607, "rate": 9.174044472397386}, "datetime": {"datetime": "2024-06-14 12:57:19", "elapsed": 8.439768, "delta": 0.008976}}
{"target": -625.6203257221086, "params": {"gamma": 7.645544873164326, "prior": 5.151116954680168, "rate": 4.536296856665209}, "datetime": {"datetime": "2024-06-14 12:57:19", "elapsed": 8.449742, "delta": 0.009974}}
{"target": -166.4163981277139, "params": {"gamma": 0.9793229413773535, "prior": 3.2548860273732405, "rate": 1.2072073207786072}, "datetime": {"datetime": "2024-06-14 12:57:19", "elapsed": 8.458718, "delta": 0.008976}}
{"target": -544.9783755587608, "params": {"gamma": 7.823598295559239, "prior": 5.494348696094326, "rate": 2.2735465367701733}, "datetime": {"datetime": "2024-06-14 12:57:19", "elapsed": 8.468691, "delta": 0.009973}}
{"target": -249.36409338584514, "params": {"gamma": 2.242804189720107, "prior": 2.677942155406277, "rate": 3.0894186504102437}, "datetime": {"datetime": "2024-06-14 12:57:19", "elapsed": 8.477667, "delta": 0.008976}}
{"target": -415.0510064009548, "params": {"gamma": 3.8776636126823174, "prior": 3.0457344305346488, "rate": 6.795879389436971}, "datetime": {"datetime": "2024-06-14 12:57:19", "elapsed": 8.487641, "delta": 0.009974}}
{"target": -157.54652242569895, "params": {"gamma": 0.351701119431484, "prior": 3.3482921178205443, "rate": 7.4531734367072975}, "datetime": {"datetime": "2024-06-14 12:57:19", "elapsed": 8.496616, "delta": 0.008975}}
{"target": -613.4198919716205, "params": {"gamma": 9.428137042767773, "prior": 8.047052246559756, "rate": 2.4090212695059683}, "datetime": {"datetime": "2024-06-14 12:57:19", "elapsed": 8.50659, "delta": 0.009974}}
{"target": -308.83609693015933, "params": {"gamma": 2.329921768369933, "prior": 1.9843342677001725, "rate": 8.825092851051235}, "datetime": {"datetime": "2024-06-14 12:57:19", "elapsed": 8.515566, "delta": 0.008976}}
{"target": -217.42329414976905, "params": {"gamma": 2.3793190167249576, "prior": 7.605988171789962, "rate": 2.611236264315461}, "datetime": {"datetime": "2024-06-14 12:57:19", "elapsed": 8.524542, "delta": 0.008976}}
{"target": -155.4722969075334, "params": {"gamma": 0.3317853522317488, "prior": 7.3611322306807825, "rate": 7.262291896142214}, "datetime": {"datetime": "2024-06-14 12:57:19", "elapsed": 8.534515, "delta": 0.009973}}
{"target": -183.7120264250298, "params": {"gamma": 0.8905021504995737, "prior": 3.334342453503056, "rate": 9.483704536600037}, "datetime": {"datetime": "2024-06-14 12:57:19", "elapsed": 8.544489, "delta": 0.009974}}
{"target": -252.66277504516324, "params": {"gamma": 1.6303270368232625, "prior": 0.9580574792638101, "rate": 5.946444277228148}, "datetime": {"datetime": "2024-06-14 12:57:19", "elapsed": 8.554462, "delta": 0.009973}}
{"target": -1020.0170272137589, "params": {"gamma": 9.309967663594373, "prior": 1.424405246656605, "rate": 5.130609924306518}, "datetime": {"datetime": "2024-06-14 12:57:19", "elapsed": 8.563438, "delta": 0.008976}}
{"target": -403.30881061400646, "params": {"gamma": 6.84030814195546, "prior": 1.8011146201075885, "rate": 0.11358767502840258}, "datetime": {"datetime": "2024-06-14 12:57:19", "elapsed": 8.573411, "delta": 0.009973}}
{"target": -1042.753993957078, "params": {"gamma": 8.876943621666769, "prior": 0.44878957946825926, "rate": 2.575325379792938}, "datetime": {"datetime": "2024-06-14 12:57:19", "elapsed": 8.582387, "delta": 0.008976}}
{"target": -385.2951624304598, "params": {"gamma": 6.5171886333749445, "prior": 2.929251040222046, "rate": 0.09806625815159087}, "datetime": {"datetime": "2024-06-14 12:57:19", "elapsed": 8.592361, "delta": 0.009974}}
{"target": -425.5744325326778, "params": {"gamma": 5.754942892815359, "prior": 3.147143555513635, "rate": 1.5159891044593792}, "datetime": {"datetime": "2024-06-14 12:57:19", "elapsed": 8.601336, "delta": 0.008975}}
{"target": -1089.5370362989577, "params": {"gamma": 9.712861834014069, "prior": 1.7332254521996295, "rate": 7.272627175991628}, "datetime": {"datetime": "2024-06-14 12:57:19", "elapsed": 8.611311, "delta": 0.009975}}
{"target": -554.0454022494386, "params": {"gamma": 8.907351190743636, "prior": 8.601279645696758, "rate": 1.8433864145173096}, "datetime": {"datetime": "2024-06-14 12:57:19", "elapsed": 8.620315, "delta": 0.009004}}
{"target": -363.59725606739175, "params": {"gamma": 2.3688485284086984, "prior": 0.2817901013754669, "rate": 9.314123267181278}, "datetime": {"datetime": "2024-06-14 12:57:19", "elapsed": 8.630259, "delta": 0.009944}}
{"target": -541.2126717171956, "params": {"gamma": 8.871324645396406, "prior": 5.995115072798474, "rate": 1.0945671874130298}, "datetime": {"datetime": "2024-06-14 12:57:19", "elapsed": 8.639235, "delta": 0.008976}}
{"target": -194.4570991157983, "params": {"gamma": 1.736252925778173, "prior": 5.811907672232824, "rate": 2.5173180780279494}, "datetime": {"datetime": "2024-06-14 12:57:19", "elapsed": 8.649209, "delta": 0.009974}}
{"target": -296.50471401945146, "params": {"gamma": 3.0024181605272484, "prior": 1.792774754535882, "rate": 1.8967275990085757}, "datetime": {"datetime": "2024-06-14 12:57:19", "elapsed": 8.658184, "delta": 0.008975}}
{"target": -410.5896186918812, "params": {"gamma": 4.634748122750124, "prior": 5.1477523290215155, "rate": 5.116287316757662}, "datetime": {"datetime": "2024-06-14 12:57:19", "elapsed": 8.667161, "delta": 0.008977}}
{"target": -1161.2392064378057, "params": {"gamma": 9.971390854869842, "prior": 1.3829985909743843, "rate": 7.561942713988967}, "datetime": {"datetime": "2024-06-14 12:57:19", "elapsed": 8.677134, "delta": 0.009973}}
{"target": -631.128982536706, "params": {"gamma": 7.937773715501701, "prior": 5.890337727828154, "rate": 4.627919064512984}, "datetime": {"datetime": "2024-06-14 12:57:19", "elapsed": 8.68611, "delta": 0.008976}}
{"target": -504.66107546581895, "params": {"gamma": 8.934372946865443, "prior": 8.298984168823933, "rate": 0.5038590693510084}, "datetime": {"datetime": "2024-06-14 12:57:19", "elapsed": 8.696083, "delta": 0.009973}}
{"target": -1305.1729135319054, "params": {"gamma": 9.629874547125452, "prior": 0.17266492836107364, "rate": 5.731748914634736}, "datetime": {"datetime": "2024-06-14 12:57:20", "elapsed": 8.705059, "delta": 0.008976}}
{"target": -420.04570677132017, "params": {"gamma": 5.7247357384538, "prior": 8.360358681426117, "rate": 3.8477759631858306}, "datetime": {"datetime": "2024-06-14 12:57:20", "elapsed": 8.715032, "delta": 0.009973}}
{"target": -159.13725117624153, "params": {"gamma": 0.911317649590776, "prior": 5.858703966752355, "rate": 0.24943375777694893}, "datetime": {"datetime": "2024-06-14 12:57:20", "elapsed": 8.724008, "delta": 0.008976}}
{"target": -328.32691899590395, "params": {"gamma": 3.618595813310707, "prior": 9.854636340644698, "rate": 8.687919916680645}, "datetime": {"datetime": "2024-06-14 12:57:20", "elapsed": 8.733982, "delta": 0.009974}}
{"target": -202.89601438994265, "params": {"gamma": 1.525814920870293, "prior": 8.008378281655215, "rate": 8.110158197295846}, "datetime": {"datetime": "2024-06-14 12:57:20", "elapsed": 8.742958, "delta": 0.008976}}
{"target": -923.3617803911039, "params": {"gamma": 9.282143984052633, "prior": 2.3214042338354473, "rate": 4.990175777525101}, "datetime": {"datetime": "2024-06-14 12:57:20", "elapsed": 8.752931, "delta": 0.009973}}
{"target": -674.6691700253507, "params": {"gamma": 8.274613470019348, "prior": 6.706604471482155, "rate": 5.939767497694312}, "datetime": {"datetime": "2024-06-14 12:57:20", "elapsed": 8.762905, "delta": 0.009974}}
{"target": -394.8687580424337, "params": {"gamma": 6.520106231886649, "prior": 2.461308526710229, "rate": 0.2563753086730316}, "datetime": {"datetime": "2024-06-14 12:57:20", "elapsed": 8.771883, "delta": 0.008978}}
{"target": -640.0476267299545, "params": {"gamma": 7.362836317207894, "prior": 3.3352390707756885, "rate": 3.7681921123145443}, "datetime": {"datetime": "2024-06-14 12:57:20", "elapsed": 8.781492, "delta": 0.009609}}
{"target": -416.3595967775394, "params": {"gamma": 6.126547925441392, "prior": 6.605933919398819, "rate": 2.0297861073278014}, "datetime": {"datetime": "2024-06-14 12:57:20", "elapsed": 8.791479, "delta": 0.009987}}
{"target": -777.2432269978754, "params": {"gamma": 8.260489346916343, "prior": 3.864045391930247, "rate": 6.317812340605414}, "datetime": {"datetime": "2024-06-14 12:57:20", "elapsed": 8.800476, "delta": 0.008997}}
{"target": -723.420627320059, "params": {"gamma": 9.664147745107453, "prior": 5.691383729139698, "rate": 3.58975250674678}, "datetime": {"datetime": "2024-06-14 12:57:20", "elapsed": 8.810466, "delta": 0.00999}}
{"target": -516.8253434660003, "params": {"gamma": 6.1900821172926825, "prior": 5.067751868825378, "rate": 4.524310101530738}, "datetime": {"datetime": "2024-06-14 12:57:20", "elapsed": 8.819949, "delta": 0.009483}}
{"target": -535.4245288091647, "params": {"gamma": 7.32297507682793, "prior": 9.252650484842617, "rate": 4.793234881420612}, "datetime": {"datetime": "2024-06-14 12:57:20", "elapsed": 8.82892, "delta": 0.008971}}
{"target": -164.9117461420722, "params": {"gamma": 0.8832132798499579, "prior": 5.739570211172332, "rate": 2.450263600293229}, "datetime": {"datetime": "2024-06-14 12:57:20", "elapsed": 8.838896, "delta": 0.009976}}
{"target": -154.326298286887, "params": {"gamma": 0.3967395368422162, "prior": 7.902588045772463, "rate": 2.728409598411216}, "datetime": {"datetime": "2024-06-14 12:57:20", "elapsed": 8.848377, "delta": 0.009481}}
{"target": -592.0359093579335, "params": {"gamma": 7.7709278589308965, "prior": 4.933268536573228, "rate": 3.1800409748600784}, "datetime": {"datetime": "2024-06-14 12:57:20", "elapsed": 8.857384, "delta": 0.009007}}
{"target": -425.914795464981, "params": {"gamma": 3.1409404750589167, "prior": 0.516045124852533, "rate": 5.344463969208603}, "datetime": {"datetime": "2024-06-14 12:57:20", "elapsed": 8.866636, "delta": 0.009252}}
{"target": -716.9357935517238, "params": {"gamma": 8.235692008411606, "prior": 0.9305639897438418, "rate": 1.0864784973815673}, "datetime": {"datetime": "2024-06-14 12:57:20", "elapsed": 8.876612, "delta": 0.009976}}
{"target": -465.68330459466273, "params": {"gamma": 5.293030012750302, "prior": 6.635403915273608, "rate": 6.947765177374281}, "datetime": {"datetime": "2024-06-14 12:57:20", "elapsed": 8.885588, "delta": 0.008976}}
{"target": -418.5095254655617, "params": {"gamma": 3.1329037297737132, "prior": 0.47399998048085035, "rate": 4.146214234044257}, "datetime": {"datetime": "2024-06-14 12:57:20", "elapsed": 8.895564, "delta": 0.009976}}
{"target": -358.94344095057545, "params": {"gamma": 2.2612156645820662, "prior": 0.11103681949882596, "rate": 6.857480005685141}, "datetime": {"datetime": "2024-06-14 12:57:20", "elapsed": 8.905539, "delta": 0.009975}}
{"target": -742.7319328138236, "params": {"gamma": 9.520673328006277, "prior": 3.9724024292967792, "rate": 3.0036839952852596}, "datetime": {"datetime": "2024-06-14 12:57:20", "elapsed": 8.915029, "delta": 0.00949}}
{"target": -472.31127294613844, "params": {"gamma": 5.537964374290343, "prior": 8.534564954842326, "rate": 7.9498792795045405}, "datetime": {"datetime": "2024-06-14 12:57:20", "elapsed": 8.924034, "delta": 0.009005}}
{"target": -645.0560291747365, "params": {"gamma": 6.847882293080787, "prior": 4.377860203867094, "rate": 6.904649764523284}, "datetime": {"datetime": "2024-06-14 12:57:20", "elapsed": 8.933978, "delta": 0.009944}}
{"target": -275.27118783124826, "params": {"gamma": 2.161037487164819, "prior": 2.911040034677843, "rate": 7.778428288392944}, "datetime": {"datetime": "2024-06-14 12:57:20", "elapsed": 8.942955, "delta": 0.008977}}
{"target": -853.6654303388646, "params": {"gamma": 9.299871383327218, "prior": 1.9814900858052293, "rate": 2.9613368308929076}, "datetime": {"datetime": "2024-06-14 12:57:20", "elapsed": 8.952928, "delta": 0.009973}}
{"target": -151.41379489021082, "params": {"gamma": 0.06309646163797043, "prior": 4.372466228275976, "rate": 2.103740422454257}, "datetime": {"datetime": "2024-06-14 12:57:20", "elapsed": 8.961904, "delta": 0.008976}}
{"target": -402.6490263374317, "params": {"gamma": 6.414606400753661, "prior": 7.124933235213273, "rate": 1.188658366270452}, "datetime": {"datetime": "2024-06-14 12:57:20", "elapsed": 8.97188, "delta": 0.009976}}
{"target": -163.37236377504928, "params": {"gamma": 0.8223578763172843, "prior": 9.072717188845324, "rate": 3.8929983086548985}, "datetime": {"datetime": "2024-06-14 12:57:20", "elapsed": 8.980863, "delta": 0.008983}}
{"target": -440.62684358517436, "params": {"gamma": 5.334501569162878, "prior": 9.636091492645338, "rate": 7.590781068151137}, "datetime": {"datetime": "2024-06-14 12:57:20", "elapsed": 8.990838, "delta": 0.009975}}
{"target": -412.2486244894226, "params": {"gamma": 3.256077435692296, "prior": 0.9499080810909061, "rate": 5.360704142867423}, "datetime": {"datetime": "2024-06-14 12:57:20", "elapsed": 9.000449, "delta": 0.009611}}
{"target": -479.1064767037959, "params": {"gamma": 3.3619183039303744, "prior": 0.31468550480840884, "rate": 7.711752180204535}, "datetime": {"datetime": "2024-06-14 12:57:20", "elapsed": 9.00942, "delta": 0.008971}}
{"target": -372.96176259411067, "params": {"gamma": 3.849706389409975, "prior": 5.756079385581481, "rate": 7.557672815106508}, "datetime": {"datetime": "2024-06-14 12:57:20", "elapsed": 9.019394, "delta": 0.009974}}
{"target": -675.0064640303341, "params": {"gamma": 9.408533351590556, "prior": 6.161991152977763, "rate": 3.1546463916226513}, "datetime": {"datetime": "2024-06-14 12:57:20", "elapsed": 9.028404, "delta": 0.00901}}
{"target": -201.04363309023307, "params": {"gamma": 1.1016550019623323, "prior": 0.8317969903215949, "rate": 3.197588047953422}, "datetime": {"datetime": "2024-06-14 12:57:20", "elapsed": 9.038343, "delta": 0.009939}}
{"target": -442.7941446032062, "params": {"gamma": 6.608730550421095, "prior": 6.982005440804134, "rate": 2.0779726825898135}, "datetime": {"datetime": "2024-06-14 12:57:20", "elapsed": 9.047319, "delta": 0.008976}}
{"target": -175.7159673319204, "params": {"gamma": 0.8288765899448861, "prior": 3.1245555467317083, "rate": 5.476198023985873}, "datetime": {"datetime": "2024-06-14 12:57:20", "elapsed": 9.057292, "delta": 0.009973}}
{"target": -554.5201694508743, "params": {"gamma": 7.546942075074172, "prior": 5.343607473643421, "rate": 2.8705505437179983}, "datetime": {"datetime": "2024-06-14 12:57:20", "elapsed": 9.066269, "delta": 0.008977}}
{"target": -644.8699186099556, "params": {"gamma": 6.242173052915846, "prior": 2.7218828862443387, "rate": 6.527276450430897}, "datetime": {"datetime": "2024-06-14 12:57:20", "elapsed": 9.075244, "delta": 0.008975}}
{"target": -684.809736424833, "params": {"gamma": 8.419138180259552, "prior": 6.425583421647474, "rate": 5.656749058298363}, "datetime": {"datetime": "2024-06-14 12:57:20", "elapsed": 9.085217, "delta": 0.009973}}
{"target": -304.82503242818126, "params": {"gamma": 3.072113950599342, "prior": 8.780092695385816, "rate": 9.888230025288278}, "datetime": {"datetime": "2024-06-14 12:57:20", "elapsed": 9.094222, "delta": 0.009005}}
{"target": -498.0209162641281, "params": {"gamma": 7.775016832668201, "prior": 5.779074189947149, "rate": 1.4136520470773757}, "datetime": {"datetime": "2024-06-14 12:57:20", "elapsed": 9.104167, "delta": 0.009945}}
{"target": -290.1925018046556, "params": {"gamma": 3.1499752949036433, "prior": 3.731907254052719, "rate": 2.9196603150536307}, "datetime": {"datetime": "2024-06-14 12:57:20", "elapsed": 9.113814, "delta": 0.009647}}
{"target": -326.17893391165063, "params": {"gamma": 4.46008219467453, "prior": 6.145261916989693, "rate": 2.129932990561121}, "datetime": {"datetime": "2024-06-14 12:57:20", "elapsed": 9.12279, "delta": 0.008976}}
{"target": -301.4782396852225, "params": {"gamma": 2.4983477831127514, "prior": 1.2102897838888582, "rate": 3.07657830315885}, "datetime": {"datetime": "2024-06-14 12:57:20", "elapsed": 9.132763, "delta": 0.009973}}
{"target": -505.68223354554345, "params": {"gamma": 4.9749853375678486, "prior": 4.949097068629873, "rate": 9.955776541252115}, "datetime": {"datetime": "2024-06-14 12:57:20", "elapsed": 9.14174, "delta": 0.008977}}
{"target": -979.2645295798321, "params": {"gamma": 9.811104522073206, "prior": 4.421971439643317, "rate": 9.720234197281384}, "datetime": {"datetime": "2024-06-14 12:57:20", "elapsed": 9.15126, "delta": 0.00952}}
{"target": -231.53328422705937, "params": {"gamma": 2.1447646438539647, "prior": 5.457096772478638, "rate": 4.534899709382847}, "datetime": {"datetime": "2024-06-14 12:57:20", "elapsed": 9.161227, "delta": 0.009967}}
{"target": -613.3620233076238, "params": {"gamma": 9.67612136622795, "prior": 8.37814460904005, "rate": 2.142255100882632}, "datetime": {"datetime": "2024-06-14 12:57:20", "elapsed": 9.170203, "delta": 0.008976}}
{"target": -487.0003902244963, "params": {"gamma": 4.395951482451757, "prior": 1.7679220192998268, "rate": 5.29134301734205}, "datetime": {"datetime": "2024-06-14 12:57:20", "elapsed": 9.180179, "delta": 0.009976}}
{"target": -894.664253498166, "params": {"gamma": 7.935053256996167, "prior": 0.45520357476356577, "rate": 1.9143974164796644}, "datetime": {"datetime": "2024-06-14 12:57:20", "elapsed": 9.189575, "delta": 0.009396}}
{"target": -718.0175179998082, "params": {"gamma": 9.77457818836577, "prior": 9.611893329604383, "rate": 5.566359999361917}, "datetime": {"datetime": "2024-06-14 12:57:20", "elapsed": 9.199549, "delta": 0.009974}}
{"target": -709.9482527364909, "params": {"gamma": 6.461261124237896, "prior": 2.7937208415034163, "rate": 9.520958766042686}, "datetime": {"datetime": "2024-06-14 12:57:20", "elapsed": 9.208527, "delta": 0.008978}}
{"target": -394.50086695553654, "params": {"gamma": 6.698078288466073, "prior": 6.701399151873741, "rate": 0.11202223036585872}, "datetime": {"datetime": "2024-06-14 12:57:20", "elapsed": 9.2185, "delta": 0.009973}}
{"target": -692.790374086301, "params": {"gamma": 8.529845528647078, "prior": 7.805429564933998, "rate": 6.849555045051163}, "datetime": {"datetime": "2024-06-14 12:57:20", "elapsed": 9.227477, "delta": 0.008977}}
{"target": -841.5884671472513, "params": {"gamma": 7.4080773483828315, "prior": 1.6500670035239342, "rate": 7.188031753433652}, "datetime": {"datetime": "2024-06-14 12:57:20", "elapsed": 9.237452, "delta": 0.009975}}
{"target": -160.22209796793365, "params": {"gamma": 0.9690872885214075, "prior": 7.098799535582478, "rate": 0.027315329458906884}, "datetime": {"datetime": "2024-06-14 12:57:20", "elapsed": 9.24643, "delta": 0.008978}}
{"target": -540.5320655693694, "params": {"gamma": 7.76228166881635, "prior": 4.96641612933724, "rate": 2.044664276112351}, "datetime": {"datetime": "2024-06-14 12:57:20", "elapsed": 9.257403, "delta": 0.010973}}
{"target": -766.8446513864657, "params": {"gamma": 7.292736897839507, "prior": 3.2249759046532924, "rate": 8.83829208238512}, "datetime": {"datetime": "2024-06-14 12:57:20", "elapsed": 9.269375, "delta": 0.011972}}
{"target": -218.75458753759207, "params": {"gamma": 1.803155018796988, "prior": 9.39165147743165, "rate": 9.707530730383564}, "datetime": {"datetime": "2024-06-14 12:57:20", "elapsed": 9.278353, "delta": 0.008978}}
{"target": -295.0559664599429, "params": {"gamma": 3.0455479552792557, "prior": 8.63861535707258, "rate": 8.421949009551232}, "datetime": {"datetime": "2024-06-14 12:57:20", "elapsed": 9.288329, "delta": 0.009976}}
