{"target": -167.25172184620672, "params": {"p_ai": 4.408103106386452, "p_al": 9.613169406877505, "p_ex": 5.736607220990137, "prior": 0.4671094025813809, "rate": 6.587481023391573}, "datetime": {"datetime": "2024-06-13 02:09:24", "elapsed": 214.33307, "delta": 0.112699}}
{"target": -116.65410246834908, "params": {"p_ai": 0.1487234155321392, "p_al": 7.424971015947326, "p_ex": 4.207624598002892, "prior": 5.339313074890572, "rate": 7.888526660649675}, "datetime": {"datetime": "2024-06-13 02:09:24", "elapsed": 214.448781, "delta": 0.115711}}
{"target": -182.3906457610514, "params": {"p_ai": 9.05604556125701, "p_al": 9.868796342786228, "p_ex": 8.020962538866408, "prior": 0.026423601686483965, "rate": 6.001253760693126}, "datetime": {"datetime": "2024-06-13 02:09:24", "elapsed": 214.565011, "delta": 0.11623}}
{"target": -104.89231776760838, "params": {"p_ai": 2.8891714248604496, "p_al": 7.097447712852041, "p_ex": 3.0561323897351946, "prior": 5.559116755024119, "rate": 9.180773914005606}, "datetime": {"datetime": "2024-06-13 02:09:24", "elapsed": 214.675988, "delta": 0.110977}}
{"target": -108.7124223394324, "params": {"p_ai": 2.479454855440029, "p_al": 1.11930196523077, "p_ex": 5.135894220893158, "prior": 9.137244761986132, "rate": 1.7932038323176576}, "datetime": {"datetime": "2024-06-13 02:09:24", "elapsed": 214.787827, "delta": 0.111839}}
{"target": -127.92712603694696, "params": {"p_ai": 2.5595284250867927, "p_al": 0.3409243101748873, "p_ex": 0.15470207973635725, "prior": 5.422645236796178, "rate": 8.553747523723965}, "datetime": {"datetime": "2024-06-13 02:09:24", "elapsed": 214.898246, "delta": 0.110419}}
{"target": -92.50962385425744, "params": {"p_ai": 4.4657816155356675, "p_al": 2.357135848615219, "p_ex": 9.36540396422141, "prior": 6.192469585732864, "rate": 8.645897035050032}, "datetime": {"datetime": "2024-06-13 02:09:24", "elapsed": 215.008921, "delta": 0.110675}}
{"target": -99.53014338029384, "params": {"p_ai": 1.282005745817034, "p_al": 4.412942570473553, "p_ex": 8.575682143149248, "prior": 8.982037953044289, "rate": 8.772761648279566}, "datetime": {"datetime": "2024-06-13 02:09:25", "elapsed": 215.120504, "delta": 0.111583}}
{"target": -118.67710627064933, "params": {"p_ai": 6.255094516482575, "p_al": 7.581360105825246, "p_ex": 6.755308180003398, "prior": 8.451789636967945, "rate": 6.32484141935293}, "datetime": {"datetime": "2024-06-13 02:09:25", "elapsed": 215.231208, "delta": 0.110704}}
{"target": -126.35247731631054, "params": {"p_ai": 1.7197256280146134, "p_al": 6.505549393951734, "p_ex": 4.553944860862338, "prior": 0.5894475654255449, "rate": 5.3590922745746745}, "datetime": {"datetime": "2024-06-13 02:09:25", "elapsed": 215.34291, "delta": 0.111702}}
{"target": -127.7282310638693, "params": {"p_ai": 4.393482215124105, "p_al": 8.747389417664913, "p_ex": 6.607572295198009, "prior": 2.608620400961451, "rate": 2.1684377884048662}, "datetime": {"datetime": "2024-06-13 02:09:25", "elapsed": 215.453829, "delta": 0.110919}}
{"target": -128.115705224267, "params": {"p_ai": 0.9741343125990107, "p_al": 4.6919722422118255, "p_ex": 3.49864716108863, "prior": 5.773912930700538, "rate": 0.5703629844543111}, "datetime": {"datetime": "2024-06-13 02:09:25", "elapsed": 215.564533, "delta": 0.110704}}
{"target": -105.7505792474254, "params": {"p_ai": 2.499922353769078, "p_al": 5.1234334402008574, "p_ex": 3.760205919567236, "prior": 6.269392688573962, "rate": 3.732826110384206}, "datetime": {"datetime": "2024-06-13 02:09:25", "elapsed": 215.675238, "delta": 0.110705}}
{"target": -115.2742207231708, "params": {"p_ai": 4.603671029238606, "p_al": 2.3429211183676726, "p_ex": 2.996592129373345, "prior": 1.1537282156041937, "rate": 7.72462135063049}, "datetime": {"datetime": "2024-06-13 02:09:25", "elapsed": 215.786931, "delta": 0.111693}}
{"target": -161.447562255341, "params": {"p_ai": 7.939035508710159, "p_al": 0.44031459326531047, "p_ex": 1.6104517992516383, "prior": 8.028774521030188, "rate": 9.104856994771925}, "datetime": {"datetime": "2024-06-13 02:09:25", "elapsed": 215.904124, "delta": 0.117193}}
{"target": -119.74694908530803, "params": {"p_ai": 3.6925387525356554, "p_al": 6.753429509418871, "p_ex": 1.900747060859965, "prior": 8.712451966416536, "rate": 8.247238520857891}, "datetime": {"datetime": "2024-06-13 02:09:25", "elapsed": 216.015119, "delta": 0.110995}}
{"target": -96.02309242701823, "params": {"p_ai": 2.5008789009692247, "p_al": 5.928901706805605, "p_ex": 7.3578939279952476, "prior": 8.838553387439257, "rate": 4.677811991869022}, "datetime": {"datetime": "2024-06-13 02:09:26", "elapsed": 216.125797, "delta": 0.110678}}
{"target": -90.40144734288211, "params": {"p_ai": 1.3470733481294213, "p_al": 1.094841814191649, "p_ex": 5.297243675558832, "prior": 0.49383643442013075, "rate": 6.209338226934207}, "datetime": {"datetime": "2024-06-13 02:09:26", "elapsed": 216.23717, "delta": 0.111373}}
{"target": -135.6745373903903, "params": {"p_ai": 0.3342487213443545, "p_al": 0.2128158500293292, "p_ex": 0.7530176178456772, "prior": 3.6809175726662704, "rate": 3.818141513157325}, "datetime": {"datetime": "2024-06-13 02:09:26", "elapsed": 216.346877, "delta": 0.109707}}
{"target": -134.43176635922944, "params": {"p_ai": 7.669934398787617, "p_al": 8.459621377194617, "p_ex": 7.272280709633233, "prior": 8.844447408912934, "rate": 5.749449999119452}, "datetime": {"datetime": "2024-06-13 02:09:26", "elapsed": 216.458197, "delta": 0.11132}}
{"target": -167.3482065150985, "params": {"p_ai": 9.398903366834306, "p_al": 9.06798682019018, "p_ex": 4.48492000028398, "prior": 4.797781289050013, "rate": 8.566736123057751}, "datetime": {"datetime": "2024-06-13 02:09:26", "elapsed": 216.568694, "delta": 0.110497}}
{"target": -173.50773687383898, "params": {"p_ai": 3.984662715258157, "p_al": 9.420055749190025, "p_ex": 2.933826269617242, "prior": 2.590815299665099, "rate": 1.0901714124352648}, "datetime": {"datetime": "2024-06-13 02:09:26", "elapsed": 216.679904, "delta": 0.11121}}
{"target": -89.67811136455124, "params": {"p_ai": 2.471187095298555, "p_al": 5.3779986604796, "p_ex": 9.802393583495558, "prior": 2.0780894529072613, "rate": 5.470652839172488}, "datetime": {"datetime": "2024-06-13 02:09:26", "elapsed": 216.791875, "delta": 0.111971}}
{"target": -178.47983989978817, "params": {"p_ai": 8.784026964746444, "p_al": 5.897029210758115, "p_ex": 8.352926533735896, "prior": 2.393615931358836, "rate": 0.7317241750859406}, "datetime": {"datetime": "2024-06-13 02:09:26", "elapsed": 216.90258, "delta": 0.110705}}
{"target": -148.5785381390626, "params": {"p_ai": 9.529711071203222, "p_al": 1.12415740911268, "p_ex": 8.024162561181278, "prior": 6.51049956673395, "rate": 8.651276327807269}, "datetime": {"datetime": "2024-06-13 02:09:26", "elapsed": 217.013283, "delta": 0.110703}}
{"target": -109.66669989346177, "params": {"p_ai": 6.297865904193896, "p_al": 2.982484717370885, "p_ex": 9.314887904714922, "prior": 6.923328164237853, "rate": 8.766491081598325}, "datetime": {"datetime": "2024-06-13 02:09:27", "elapsed": 217.123988, "delta": 0.110705}}
{"target": -134.2254865002954, "params": {"p_ai": 8.155107426895412, "p_al": 1.3608872102611669, "p_ex": 6.994424876763647, "prior": 6.810378925463789, "rate": 7.558203771887153}, "datetime": {"datetime": "2024-06-13 02:09:27", "elapsed": 217.234939, "delta": 0.110951}}
{"target": -193.7608539674096, "params": {"p_ai": 7.996706469346298, "p_al": 9.414519270096738, "p_ex": 0.6524073948204284, "prior": 5.086641906303749, "rate": 4.997070133205862}, "datetime": {"datetime": "2024-06-13 02:09:27", "elapsed": 217.346641, "delta": 0.111702}}
{"target": -138.41078881148667, "params": {"p_ai": 7.0079414003989475, "p_al": 9.95603813701815, "p_ex": 9.079903831413358, "prior": 2.9695743927041773, "rate": 3.3582093092894074}, "datetime": {"datetime": "2024-06-13 02:09:27", "elapsed": 217.458135, "delta": 0.111494}}
{"target": -160.41383091596438, "params": {"p_ai": 8.201886874036, "p_al": 3.6167752366875074, "p_ex": 3.254424386140797, "prior": 4.447593325863283, "rate": 2.7719288711687775}, "datetime": {"datetime": "2024-06-13 02:09:27", "elapsed": 217.597791, "delta": 0.139656}}
{"target": -165.48234415035463, "params": {"p_ai": 7.490303509857709, "p_al": 4.527305674218615, "p_ex": 1.6400712810933544, "prior": 9.904617162543863, "rate": 3.380634836004196}, "datetime": {"datetime": "2024-06-13 02:09:27", "elapsed": 217.717442, "delta": 0.119651}}
{"target": -97.97580961904154, "params": {"p_ai": 3.0182894374658042, "p_al": 2.2540360879178154, "p_ex": 4.258012506403847, "prior": 6.951510100013808, "rate": 6.024463090968305}, "datetime": {"datetime": "2024-06-13 02:09:27", "elapsed": 217.834009, "delta": 0.116567}}
{"target": -102.31604707989008, "params": {"p_ai": 1.8154277802533894, "p_al": 2.646352911067262, "p_ex": 5.982902835498565, "prior": 8.580609180581801, "rate": 4.129748274092657}, "datetime": {"datetime": "2024-06-13 02:09:27", "elapsed": 217.94571, "delta": 0.111701}}
{"target": -104.2902235415068, "params": {"p_ai": 2.159265882128531, "p_al": 3.234561011888553, "p_ex": 6.9172126440284645, "prior": 7.009786877455434, "rate": 2.234282424435185}, "datetime": {"datetime": "2024-06-13 02:09:28", "elapsed": 218.06634, "delta": 0.12063}}
{"target": -112.24901192327248, "params": {"p_ai": 3.9655599000973614, "p_al": 6.993599747463365, "p_ex": 7.206028835833273, "prior": 1.3060269515928042, "rate": 6.094130941477607}, "datetime": {"datetime": "2024-06-13 02:09:28", "elapsed": 218.177044, "delta": 0.110704}}
{"target": -163.7163020582964, "params": {"p_ai": 8.860780604176751, "p_al": 5.824031202572268, "p_ex": 3.072782268537545, "prior": 7.451659090914785, "rate": 9.776990621630928}, "datetime": {"datetime": "2024-06-13 02:09:28", "elapsed": 218.294451, "delta": 0.117407}}
{"target": -215.42738024264116, "params": {"p_ai": 9.04633231716986, "p_al": 8.716160144918383, "p_ex": 0.003922193057461108, "prior": 5.826579941183415, "rate": 2.6279371999932573}, "datetime": {"datetime": "2024-06-13 02:09:28", "elapsed": 218.406152, "delta": 0.111701}}
{"target": -134.8163947868001, "params": {"p_ai": 8.130244891969703, "p_al": 5.23526283745264, "p_ex": 8.939108850131829, "prior": 5.237925787644913, "rate": 8.911460302578277}, "datetime": {"datetime": "2024-06-13 02:09:28", "elapsed": 218.522919, "delta": 0.116767}}
{"target": -98.2810604427962, "params": {"p_ai": 4.497764508230413, "p_al": 5.615436937758651, "p_ex": 8.125032960357574, "prior": 4.032314414262975, "rate": 5.687113316080488}, "datetime": {"datetime": "2024-06-13 02:09:28", "elapsed": 218.634621, "delta": 0.111702}}
{"target": -149.98801426158474, "params": {"p_ai": 8.984714318038437, "p_al": 4.8467417158094594, "p_ex": 5.906300764710574, "prior": 9.363857452858312, "rate": 8.83263271940978}, "datetime": {"datetime": "2024-06-13 02:09:28", "elapsed": 218.746913, "delta": 0.112292}}
{"target": -159.28245863115026, "params": {"p_ai": 7.577434997922026, "p_al": 7.112598718301506, "p_ex": 8.192131754208267, "prior": 1.0617119662258163, "rate": 3.810952160479885}, "datetime": {"datetime": "2024-06-13 02:09:28", "elapsed": 218.86298, "delta": 0.116067}}
{"target": -146.69329291634892, "params": {"p_ai": 5.458359106284024, "p_al": 8.585235455408231, "p_ex": 1.4648771670928944, "prior": 7.140681245430711, "rate": 5.910080443703744}, "datetime": {"datetime": "2024-06-13 02:09:28", "elapsed": 218.973909, "delta": 0.110929}}
{"target": -107.5113674482064, "params": {"p_ai": 6.0875909936487345, "p_al": 3.726815752106986, "p_ex": 9.15830642449183, "prior": 7.13933726242808, "rate": 6.683325835506722}, "datetime": {"datetime": "2024-06-13 02:09:29", "elapsed": 219.084894, "delta": 0.110985}}
{"target": -122.51839101850884, "params": {"p_ai": 2.2154321038106217, "p_al": 8.1289389260247, "p_ex": 4.95904725217079, "prior": 5.084200781464436, "rate": 0.8482490698586993}, "datetime": {"datetime": "2024-06-13 02:09:29", "elapsed": 219.198561, "delta": 0.113667}}
{"target": -114.61026192710284, "params": {"p_ai": 4.373244258236222, "p_al": 8.632149255500682, "p_ex": 6.802683723363489, "prior": 1.8950581131297959, "rate": 5.841148942244931}, "datetime": {"datetime": "2024-06-13 02:09:29", "elapsed": 219.309906, "delta": 0.111345}}
{"target": -151.3371840488232, "params": {"p_ai": 9.440120998803936, "p_al": 5.075095122577021, "p_ex": 9.674056937250327, "prior": 3.663304010988193, "rate": 2.9081982683005547}, "datetime": {"datetime": "2024-06-13 02:09:29", "elapsed": 219.4202, "delta": 0.110294}}
{"target": -175.47080602399416, "params": {"p_ai": 8.398665743541141, "p_al": 8.697381609098198, "p_ex": 2.017460785212376, "prior": 7.194800422731128, "rate": 5.921473523245135}, "datetime": {"datetime": "2024-06-13 02:09:29", "elapsed": 219.530996, "delta": 0.110796}}
{"target": -142.24618628033488, "params": {"p_ai": 8.94522136625385, "p_al": 1.4953085457292612, "p_ex": 7.630508798302322, "prior": 6.89986272904379, "rate": 7.950362828454771}, "datetime": {"datetime": "2024-06-13 02:09:29", "elapsed": 219.641701, "delta": 0.110705}}
{"target": -112.72090929496827, "params": {"p_ai": 4.5334216455871585, "p_al": 2.285080750396072, "p_ex": 2.8612639050635336, "prior": 3.0437248840947517, "rate": 8.402831110698429}, "datetime": {"datetime": "2024-06-13 02:09:29", "elapsed": 219.752746, "delta": 0.111045}}
{"target": -127.03289088533458, "params": {"p_ai": 5.372038987196228, "p_al": 5.636276018949885, "p_ex": 2.8423948482288677, "prior": 8.341748975598378, "rate": 7.049602636525978}, "datetime": {"datetime": "2024-06-13 02:09:29", "elapsed": 219.870278, "delta": 0.117532}}
{"target": -158.31044601274402, "params": {"p_ai": 8.781517473429453, "p_al": 1.3161352297481828, "p_ex": 8.496128765204425, "prior": 0.5220714718378262, "rate": 8.771411721092127}, "datetime": {"datetime": "2024-06-13 02:09:29", "elapsed": 219.979985, "delta": 0.109707}}
{"target": -106.54379628016673, "params": {"p_ai": 2.398175280570108, "p_al": 8.856757888094753, "p_ex": 3.7937200294297595, "prior": 8.429330555103737, "rate": 5.396590617151947}, "datetime": {"datetime": "2024-06-13 02:09:30", "elapsed": 220.090689, "delta": 0.110704}}
{"target": -146.9839638732779, "params": {"p_ai": 5.642190342955606, "p_al": 9.84022894951784, "p_ex": 9.63751153551982, "prior": 1.1441289022704242, "rate": 3.6421150962027857}, "datetime": {"datetime": "2024-06-13 02:09:30", "elapsed": 220.201964, "delta": 0.111275}}
{"target": -117.35005896900302, "params": {"p_ai": 2.506212038324754, "p_al": 4.483507611579368, "p_ex": 1.2644028687416509, "prior": 5.116170822812115, "rate": 8.655956316551622}, "datetime": {"datetime": "2024-06-13 02:09:30", "elapsed": 220.312668, "delta": 0.110704}}
{"target": -120.24850046445023, "params": {"p_ai": 3.524182459137863, "p_al": 1.557248674792178, "p_ex": 3.0733042597656954, "prior": 7.429002665405236, "rate": 0.9136723471660736}, "datetime": {"datetime": "2024-06-13 02:09:30", "elapsed": 220.425021, "delta": 0.112353}}
{"target": -184.92474819460557, "params": {"p_ai": 7.356081525521679, "p_al": 6.139605696996387, "p_ex": 7.4028472256456945, "prior": 0.09148820794806983, "rate": 7.205005956911262}, "datetime": {"datetime": "2024-06-13 02:09:30", "elapsed": 220.53479, "delta": 0.109769}}
{"target": -131.84523173459283, "params": {"p_ai": 3.20652192916414, "p_al": 6.330086992140342, "p_ex": 0.5393129725551014, "prior": 5.564785932218573, "rate": 9.416039732034474}, "datetime": {"datetime": "2024-06-13 02:09:30", "elapsed": 220.645015, "delta": 0.110225}}
{"target": -121.91506793990779, "params": {"p_ai": 3.2015370071173717, "p_al": 5.227843986477157, "p_ex": 4.077705890820247, "prior": 5.69696279590871, "rate": 0.6841180889586145}, "datetime": {"datetime": "2024-06-13 02:09:30", "elapsed": 220.75569, "delta": 0.110675}}
{"target": -130.38180110183157, "params": {"p_ai": 3.619441042802784, "p_al": 5.207068985721982, "p_ex": 0.8491598305113975, "prior": 4.677000648386591, "rate": 7.722524554423631}, "datetime": {"datetime": "2024-06-13 02:09:30", "elapsed": 220.873973, "delta": 0.118283}}
{"target": -134.091331630643, "params": {"p_ai": 4.4305910985625685, "p_al": 3.9098719950651493, "p_ex": 2.7294917556221026, "prior": 0.519464887551938, "rate": 7.61845485482411}, "datetime": {"datetime": "2024-06-13 02:09:30", "elapsed": 220.985674, "delta": 0.111701}}
{"target": -139.61154585981967, "params": {"p_ai": 4.858303293752173, "p_al": 1.614305665250888, "p_ex": 0.6617195267770156, "prior": 7.57924671380558, "rate": 5.884534108373207}, "datetime": {"datetime": "2024-06-13 02:09:31", "elapsed": 221.095403, "delta": 0.109729}}
{"target": -109.64049159561593, "params": {"p_ai": 5.588089049819353, "p_al": 2.0640425222684375, "p_ex": 5.943811569671102, "prior": 9.342191524625699, "rate": 7.255065057177155}, "datetime": {"datetime": "2024-06-13 02:09:31", "elapsed": 221.206313, "delta": 0.11091}}
{"target": -116.62225522654234, "params": {"p_ai": 5.866398132628953, "p_al": 8.653086394752902, "p_ex": 9.965692892765754, "prior": 8.651215789322743, "rate": 1.792646185609348}, "datetime": {"datetime": "2024-06-13 02:09:31", "elapsed": 221.31772, "delta": 0.111407}}
{"target": -170.19667982599307, "params": {"p_ai": 6.946946260957495, "p_al": 2.963016051488197, "p_ex": 0.5962774150678829, "prior": 1.0813285195441542, "rate": 7.628174982654579}, "datetime": {"datetime": "2024-06-13 02:09:31", "elapsed": 221.42963, "delta": 0.11191}}
{"target": -109.27139824752473, "params": {"p_ai": 0.001, "p_al": 0.001, "p_ex": 10.0, "prior": 0.33533828044065134, "rate": 10.0}, "datetime": {"datetime": "2024-06-13 02:09:53", "elapsed": 243.910183, "delta": 22.480553}}
{"target": -86.50874605879457, "params": {"p_ai": 3.2892382433826333, "p_al": 0.001, "p_ex": 10.0, "prior": 10.0, "rate": 10.0}, "datetime": {"datetime": "2024-06-13 02:10:17", "elapsed": 267.130123, "delta": 23.21994}}
{"target": -109.95292088174264, "params": {"p_ai": 1.2060920940008513, "p_al": 0.001, "p_ex": 10.0, "prior": 0.001, "rate": 3.4307644708063982}, "datetime": {"datetime": "2024-06-13 02:11:02", "elapsed": 312.888175, "delta": 45.758052}}
{"target": -88.31702340912102, "params": {"p_ai": 3.18348336411535, "p_al": 0.001, "p_ex": 10.0, "prior": 10.0, "rate": 6.8171029085323145}, "datetime": {"datetime": "2024-06-13 02:11:23", "elapsed": 333.152528, "delta": 20.264353}}
{"target": -88.19331563307009, "params": {"p_ai": 3.072346436421066, "p_al": 10.0, "p_ex": 10.0, "prior": 10.0, "rate": 10.0}, "datetime": {"datetime": "2024-06-13 02:11:44", "elapsed": 354.108194, "delta": 20.955666}}
{"target": -90.29337602261126, "params": {"p_ai": 1.0622252419043454, "p_al": 0.10801484765047122, "p_ex": 5.792457303361541, "prior": 0.3305247133718464, "rate": 1.810567494151791}, "datetime": {"datetime": "2024-06-13 02:12:03", "elapsed": 373.226995, "delta": 19.118801}}
{"target": -96.62987234773158, "params": {"p_ai": 3.9082674312150854, "p_al": 0.001, "p_ex": 10.0, "prior": 1.5637291851082493, "rate": 0.3406092272493706}, "datetime": {"datetime": "2024-06-13 02:12:21", "elapsed": 391.317062, "delta": 18.090067}}
{"target": -87.83309231671947, "params": {"p_ai": 3.411964611777141, "p_al": 7.308507021205731, "p_ex": 10.0, "prior": 10.0, "rate": 10.0}, "datetime": {"datetime": "2024-06-13 02:12:39", "elapsed": 409.518184, "delta": 18.201122}}
{"target": -87.90853994537973, "params": {"p_ai": 2.8571213534097013, "p_al": 0.001, "p_ex": 7.160562571874725, "prior": 10.0, "rate": 10.0}, "datetime": {"datetime": "2024-06-13 02:13:11", "elapsed": 441.400695, "delta": 31.882511}}
{"target": -86.12396704798759, "params": {"p_ai": 3.107605576194921, "p_al": 0.001, "p_ex": 10.0, "prior": 6.474912196017472, "rate": 8.06525701456521}, "datetime": {"datetime": "2024-06-13 02:13:28", "elapsed": 458.132047, "delta": 16.731352}}
{"target": -91.08241527772108, "params": {"p_ai": 1.9515846714511216, "p_al": 10.0, "p_ex": 10.0, "prior": 3.04432309131981, "rate": 10.0}, "datetime": {"datetime": "2024-06-13 02:13:46", "elapsed": 476.411886, "delta": 18.279839}}
{"target": -88.31135931974354, "params": {"p_ai": 3.616344269410059, "p_al": 3.052895041415247, "p_ex": 10.0, "prior": 10.0, "rate": 7.2529415399130555}, "datetime": {"datetime": "2024-06-13 02:14:04", "elapsed": 494.602623, "delta": 18.190737}}
{"target": -91.37059708900792, "params": {"p_ai": 1.1969974555229796, "p_al": 6.372253034304191, "p_ex": 10.0, "prior": 3.4015209517409812, "rate": 10.0}, "datetime": {"datetime": "2024-06-13 02:14:32", "elapsed": 522.670694, "delta": 28.068071}}
{"target": -103.94456932677406, "params": {"p_ai": 0.001, "p_al": 0.001, "p_ex": 6.232042998258724, "prior": 1.3531132577881093, "rate": 10.0}, "datetime": {"datetime": "2024-06-13 02:14:51", "elapsed": 541.385059, "delta": 18.714365}}
{"target": -87.76419028284482, "params": {"p_ai": 2.8840536427626717, "p_al": 10.0, "p_ex": 10.0, "prior": 7.325795462266754, "rate": 10.0}, "datetime": {"datetime": "2024-06-13 02:15:14", "elapsed": 564.498235, "delta": 23.113176}}
{"target": -86.96226984790441, "params": {"p_ai": 2.0690688839797278, "p_al": 0.001, "p_ex": 6.770673931450638, "prior": 5.263720423956796, "rate": 10.0}, "datetime": {"datetime": "2024-06-13 02:15:41", "elapsed": 591.889056, "delta": 27.390821}}
{"target": -86.4560939963618, "params": {"p_ai": 2.489769716452122, "p_al": 3.96102615158514, "p_ex": 10.0, "prior": 6.312576034609451, "rate": 10.0}, "datetime": {"datetime": "2024-06-13 02:16:05", "elapsed": 615.864394, "delta": 23.975338}}
{"target": -89.77626496473471, "params": {"p_ai": 1.5006999022725485, "p_al": 2.0972184830351446, "p_ex": 10.0, "prior": 2.519050783076523, "rate": 10.0}, "datetime": {"datetime": "2024-06-13 02:16:43", "elapsed": 654.020536, "delta": 38.156142}}
{"target": -91.66591841202467, "params": {"p_ai": 1.701008830856797, "p_al": 0.001, "p_ex": 10.0, "prior": 6.128536867916188, "rate": 10.0}, "datetime": {"datetime": "2024-06-13 02:17:09", "elapsed": 679.063982, "delta": 25.043446}}
