{"target": -1214.2564929905423, "params": {"gamma": 6.7353566438421755, "lr": 0.4058204059990451}, "datetime": {"datetime": "2024-06-14 01:34:37", "elapsed": 6.397443, "delta": 0.004987}}
{"target": -148.33227235483199, "params": {"gamma": 0.04976556777778367, "lr": 0.3253313297689604}, "datetime": {"datetime": "2024-06-14 01:34:37", "elapsed": 6.402429, "delta": 0.004986}}
{"target": -4031.143743138632, "params": {"gamma": 8.389610534784513, "lr": 0.06282398021726943}, "datetime": {"datetime": "2024-06-14 01:34:37", "elapsed": 6.406418, "delta": 0.003989}}
{"target": -270.38875769827007, "params": {"gamma": 1.0550920446467325, "lr": 0.7017873465119159}, "datetime": {"datetime": "2024-06-14 01:34:37", "elapsed": 6.411405, "delta": 0.004987}}
{"target": -955.9619824822823, "params": {"gamma": 5.142068519294122, "lr": 0.49816682499451226}, "datetime": {"datetime": "2024-06-14 01:34:37", "elapsed": 6.416392, "delta": 0.004987}}
{"target": -760.4030516550644, "params": {"gamma": 3.736723579545134, "lr": 0.603513616671319}, "datetime": {"datetime": "2024-06-14 01:34:37", "elapsed": 6.420381, "delta": 0.003989}}
{"target": -1813.4455418775428, "params": {"gamma": 8.514836200003508, "lr": 0.27692305646899273}, "datetime": {"datetime": "2024-06-14 01:34:37", "elapsed": 6.425368, "delta": 0.004987}}
{"target": -1515.3937720856115, "params": {"gamma": 8.447768867073506, "lr": 0.41661914857211835}, "datetime": {"datetime": "2024-06-14 01:34:37", "elapsed": 6.430354, "delta": 0.004986}}
{"target": -1115.2185899859494, "params": {"gamma": 5.010339139927012, "lr": 0.7296233785681803}, "datetime": {"datetime": "2024-06-14 01:34:37", "elapsed": 6.434343, "delta": 0.003989}}
{"target": -672.8957857813538, "params": {"gamma": 2.5879583533585664, "lr": 0.9216369186561401}, "datetime": {"datetime": "2024-06-14 01:34:37", "elapsed": 6.439331, "delta": 0.004988}}
{"target": -1409.9739426663377, "params": {"gamma": 7.020992572824255, "lr": 0.618930423097489}, "datetime": {"datetime": "2024-06-14 01:34:37", "elapsed": 6.444317, "delta": 0.004986}}
{"target": -610.1550462742763, "params": {"gamma": 2.7308153642818653, "lr": 0.6958484563594459}, "datetime": {"datetime": "2024-06-14 01:34:37", "elapsed": 6.448306, "delta": 0.003989}}
{"target": -606.9807174679446, "params": {"gamma": 2.5728902697861002, "lr": 0.8164526703274775}, "datetime": {"datetime": "2024-06-14 01:34:37", "elapsed": 6.453293, "delta": 0.004987}}
{"target": -159.2039418917107, "params": {"gamma": 0.11571307777403769, "lr": 0.1665376436115401}, "datetime": {"datetime": "2024-06-14 01:34:37", "elapsed": 6.457282, "delta": 0.003989}}
{"target": -1238.3169124388992, "params": {"gamma": 5.578732058631829, "lr": 0.7122809996025021}, "datetime": {"datetime": "2024-06-14 01:34:37", "elapsed": 6.462269, "delta": 0.004987}}
{"target": -1217.8854674939737, "params": {"gamma": 4.925314058477191, "lr": 0.8778095014799501}, "datetime": {"datetime": "2024-06-14 01:34:37", "elapsed": 6.467256, "delta": 0.004987}}
{"target": -1790.6672685777858, "params": {"gamma": 9.758723505691574, "lr": 0.46427706754424325}, "datetime": {"datetime": "2024-06-14 01:34:37", "elapsed": 6.472243, "delta": 0.004987}}
{"target": -1414.590731078152, "params": {"gamma": 7.680101807848576, "lr": 0.49477213383352725}, "datetime": {"datetime": "2024-06-14 01:34:37", "elapsed": 6.477229, "delta": 0.004986}}
{"target": -1771.6753438383678, "params": {"gamma": 6.651322684579871, "lr": 0.22487497996736572}, "datetime": {"datetime": "2024-06-14 01:34:37", "elapsed": 6.481218, "delta": 0.003989}}
{"target": -310.2844143646876, "params": {"gamma": 1.0963076304454686, "lr": 0.9790089375741902}, "datetime": {"datetime": "2024-06-14 01:34:37", "elapsed": 6.486205, "delta": 0.004987}}
{"target": -1736.531125423166, "params": {"gamma": 8.150131602400142, "lr": 0.28538353244953096}, "datetime": {"datetime": "2024-06-14 01:34:37", "elapsed": 6.491192, "delta": 0.004987}}
{"target": -1123.069607224711, "params": {"gamma": 5.858698015894784, "lr": 0.38007120527879124}, "datetime": {"datetime": "2024-06-14 01:34:37", "elapsed": 6.496179, "delta": 0.004987}}
{"target": -350.2733066998955, "params": {"gamma": 1.7642040696578871, "lr": 0.4188351430524928}, "datetime": {"datetime": "2024-06-14 01:34:37", "elapsed": 6.501165, "delta": 0.004986}}
{"target": -1435.4277954866407, "params": {"gamma": 2.9725807541730793, "lr": 0.016624106532905913}, "datetime": {"datetime": "2024-06-14 01:34:37", "elapsed": 6.505155, "delta": 0.00399}}
{"target": -995.8280332443936, "params": {"gamma": 3.8742957016810964, "lr": 0.9209130038047522}, "datetime": {"datetime": "2024-06-14 01:34:37", "elapsed": 6.510141, "delta": 0.004986}}
{"target": -1678.0578601133716, "params": {"gamma": 8.28217438681578, "lr": 0.5740747551965509}, "datetime": {"datetime": "2024-06-14 01:34:37", "elapsed": 6.515128, "delta": 0.004987}}
{"target": -855.7745790594804, "params": {"gamma": 3.1871500009390448, "lr": 0.23126429488543754}, "datetime": {"datetime": "2024-06-14 01:34:37", "elapsed": 6.520115, "delta": 0.004987}}
{"target": -1901.4841428602335, "params": {"gamma": 9.560239816725709, "lr": 0.5646100990687117}, "datetime": {"datetime": "2024-06-14 01:34:37", "elapsed": 6.525101, "delta": 0.004986}}
{"target": -592.2847972003224, "params": {"gamma": 2.176835430287672, "lr": 0.24948205109862287}, "datetime": {"datetime": "2024-06-14 01:34:37", "elapsed": 6.52909, "delta": 0.003989}}
{"target": -2551.9548958953415, "params": {"gamma": 9.59600242910666, "lr": 0.238814133296392}, "datetime": {"datetime": "2024-06-14 01:34:37", "elapsed": 6.534077, "delta": 0.004987}}
{"target": -399.1467258994343, "params": {"gamma": 1.068034169467023, "lr": 0.18396193975266917}, "datetime": {"datetime": "2024-06-14 01:34:37", "elapsed": 6.539064, "delta": 0.004987}}
{"target": -1695.259227807975, "params": {"gamma": 7.662481844372273, "lr": 0.7087642559312614}, "datetime": {"datetime": "2024-06-14 01:34:37", "elapsed": 6.54405, "delta": 0.004986}}
{"target": -997.9451741155365, "params": {"gamma": 4.379981305846461, "lr": 0.7938045071164251}, "datetime": {"datetime": "2024-06-14 01:34:37", "elapsed": 6.549037, "delta": 0.004987}}
{"target": -940.3254560354189, "params": {"gamma": 5.1756094087340525, "lr": 0.41359816112910697}, "datetime": {"datetime": "2024-06-14 01:34:37", "elapsed": 6.553026, "delta": 0.003989}}
{"target": -320.22912291332494, "params": {"gamma": 1.1753019203396682, "lr": 0.8839110659363493}, "datetime": {"datetime": "2024-06-14 01:34:37", "elapsed": 6.558013, "delta": 0.004987}}
{"target": -568.7966251404499, "params": {"gamma": 2.7566565508887577, "lr": 0.6162607233298604}, "datetime": {"datetime": "2024-06-14 01:34:37", "elapsed": 6.562999, "delta": 0.004986}}
{"target": -3427.589551533165, "params": {"gamma": 9.8458132098281, "lr": 0.1894180220437538}, "datetime": {"datetime": "2024-06-14 01:34:37", "elapsed": 6.566989, "delta": 0.00399}}
{"target": -1936.7641098430395, "params": {"gamma": 9.651914729938635, "lr": 0.6527153684256953}, "datetime": {"datetime": "2024-06-14 01:34:37", "elapsed": 6.571976, "delta": 0.004987}}
{"target": -319.76445813100474, "params": {"gamma": 1.28818731436088, "lr": 0.7719271460730484}, "datetime": {"datetime": "2024-06-14 01:34:37", "elapsed": 6.576962, "delta": 0.004986}}
{"target": -1893.1267810467252, "params": {"gamma": 9.51780600679268, "lr": 0.5627805496894249}, "datetime": {"datetime": "2024-06-14 01:34:37", "elapsed": 6.580951, "delta": 0.003989}}
{"target": -3310.124043552501, "params": {"gamma": 6.885863442381723, "lr": 0.0263478788699828}, "datetime": {"datetime": "2024-06-14 01:34:37", "elapsed": 6.585938, "delta": 0.004987}}
{"target": -1757.197002878762, "params": {"gamma": 9.890767779393961, "lr": 0.3184571198136825}, "datetime": {"datetime": "2024-06-14 01:34:37", "elapsed": 6.590926, "delta": 0.004988}}
{"target": -149.06525416716457, "params": {"gamma": 0.24001388988282726, "lr": 0.8085641504743885}, "datetime": {"datetime": "2024-06-14 01:34:37", "elapsed": 6.595912, "delta": 0.004986}}
{"target": -2150.908048484458, "params": {"gamma": 9.732552265118914, "lr": 0.7375885099166811}, "datetime": {"datetime": "2024-06-14 01:34:37", "elapsed": 6.600899, "delta": 0.004987}}
{"target": -152.36669250402107, "params": {"gamma": 0.028355324647958178, "lr": 0.06336051137403531}, "datetime": {"datetime": "2024-06-14 01:34:37", "elapsed": 6.606386, "delta": 0.005487}}
{"target": -1153.6500320710206, "params": {"gamma": 5.843109782870581, "lr": 0.3357151077556031}, "datetime": {"datetime": "2024-06-14 01:34:37", "elapsed": 6.610376, "delta": 0.00399}}
{"target": -2158.223731046267, "params": {"gamma": 8.818452974037214, "lr": 0.8736693693569384}, "datetime": {"datetime": "2024-06-14 01:34:37", "elapsed": 6.615362, "delta": 0.004986}}
{"target": -2191.3974866678973, "params": {"gamma": 9.875201568135711, "lr": 0.7158319690725937}, "datetime": {"datetime": "2024-06-14 01:34:37", "elapsed": 6.620349, "delta": 0.004987}}
{"target": -1561.4946275879201, "params": {"gamma": 8.768960114386706, "lr": 0.3196501118620526}, "datetime": {"datetime": "2024-06-14 01:34:37", "elapsed": 6.625335, "delta": 0.004986}}
{"target": -305.2675102061738, "params": {"gamma": 1.1126583422461405, "lr": 0.8653641057823798}, "datetime": {"datetime": "2024-06-14 01:34:37", "elapsed": 6.630322, "delta": 0.004987}}
{"target": -566.6606419892628, "params": {"gamma": 3.035422507017289, "lr": 0.4193322981668862}, "datetime": {"datetime": "2024-06-14 01:34:37", "elapsed": 6.635308, "delta": 0.004986}}
{"target": -1298.8807648092825, "params": {"gamma": 6.460656540458656, "lr": 0.6050991341555126}, "datetime": {"datetime": "2024-06-14 01:34:37", "elapsed": 6.639298, "delta": 0.00399}}
{"target": -814.587807753341, "params": {"gamma": 4.209809922064285, "lr": 0.38615051187059357}, "datetime": {"datetime": "2024-06-14 01:34:37", "elapsed": 6.644284, "delta": 0.004986}}
{"target": -283.36982817761987, "params": {"gamma": 1.227687737548204, "lr": 0.5338618843034166}, "datetime": {"datetime": "2024-06-14 01:34:37", "elapsed": 6.648274, "delta": 0.00399}}
{"target": -540.1227197519148, "params": {"gamma": 2.329308118342716, "lr": 0.7548078511004613}, "datetime": {"datetime": "2024-06-14 01:34:37", "elapsed": 6.65326, "delta": 0.004986}}
{"target": -3244.51797087088, "params": {"gamma": 6.749030971060837, "lr": 0.07192696480921446}, "datetime": {"datetime": "2024-06-14 01:34:37", "elapsed": 6.658247, "delta": 0.004987}}
{"target": -2231.921164872099, "params": {"gamma": 9.892657582673268, "lr": 0.7804569355743413}, "datetime": {"datetime": "2024-06-14 01:34:37", "elapsed": 6.663234, "delta": 0.004987}}
{"target": -1104.6960790524427, "params": {"gamma": 2.279031043019085, "lr": 0.030742818349697054}, "datetime": {"datetime": "2024-06-14 01:34:37", "elapsed": 6.667223, "delta": 0.003989}}
{"target": -949.490622642557, "params": {"gamma": 4.784239938885914, "lr": 0.35274243750107404}, "datetime": {"datetime": "2024-06-14 01:34:37", "elapsed": 6.67221, "delta": 0.004987}}
{"target": -1104.4744041347294, "params": {"gamma": 5.465568482142916, "lr": 0.6596639554249211}, "datetime": {"datetime": "2024-06-14 01:34:37", "elapsed": 6.677196, "delta": 0.004986}}
{"target": -3831.0957009339627, "params": {"gamma": 7.972400853780025, "lr": 0.013544346839127641}, "datetime": {"datetime": "2024-06-14 01:34:37", "elapsed": 6.681186, "delta": 0.00399}}
{"target": -1288.6918695902584, "params": {"gamma": 7.143240843274906, "lr": 0.2953139661018992}, "datetime": {"datetime": "2024-06-14 01:34:37", "elapsed": 6.686172, "delta": 0.004986}}
{"target": -2329.791033798072, "params": {"gamma": 9.864039353798532, "lr": 0.8462417305877817}, "datetime": {"datetime": "2024-06-14 01:34:37", "elapsed": 6.69116, "delta": 0.004988}}
{"target": -1141.7168534430436, "params": {"gamma": 5.604451409666734, "lr": 0.5977656853768393}, "datetime": {"datetime": "2024-06-14 01:34:37", "elapsed": 6.695148, "delta": 0.003988}}
{"target": -526.7734270605351, "params": {"gamma": 1.9215646543725684, "lr": 0.2262515885870655}, "datetime": {"datetime": "2024-06-14 01:34:37", "elapsed": 6.700135, "delta": 0.004987}}
{"target": -328.94988042093956, "params": {"gamma": 1.5409777702011733, "lr": 0.37781354746444173}, "datetime": {"datetime": "2024-06-14 01:34:37", "elapsed": 6.705122, "delta": 0.004987}}
{"target": -264.8789318523431, "params": {"gamma": 1.1204424879714694, "lr": 0.5112728936342619}, "datetime": {"datetime": "2024-06-14 01:34:37", "elapsed": 6.71011, "delta": 0.004988}}
{"target": -2532.7099696898104, "params": {"gamma": 6.385141076060073, "lr": 0.12221237823698328}, "datetime": {"datetime": "2024-06-14 01:34:37", "elapsed": 6.715096, "delta": 0.004986}}
{"target": -1660.1469546088158, "params": {"gamma": 3.442619392943751, "lr": 0.07034787968520784}, "datetime": {"datetime": "2024-06-14 01:34:37", "elapsed": 6.719084, "delta": 0.003988}}
{"target": -1063.303252465136, "params": {"gamma": 5.25808611153342, "lr": 0.6502897692030054}, "datetime": {"datetime": "2024-06-14 01:34:37", "elapsed": 6.724071, "delta": 0.004987}}
{"target": -1421.1581301593537, "params": {"gamma": 6.155105941609653, "lr": 0.8138695628094851}, "datetime": {"datetime": "2024-06-14 01:34:37", "elapsed": 6.729058, "delta": 0.004987}}
{"target": -491.5414663795654, "params": {"gamma": 2.3564267987877012, "lr": 0.6181818418404456}, "datetime": {"datetime": "2024-06-14 01:34:37", "elapsed": 6.734044, "delta": 0.004986}}
{"target": -1430.5730353972183, "params": {"gamma": 3.028982363807174, "lr": 0.0887677060791423}, "datetime": {"datetime": "2024-06-14 01:34:37", "elapsed": 6.738034, "delta": 0.00399}}
{"target": -1473.9991345738817, "params": {"gamma": 3.053309454186566, "lr": 0.07135647494461617}, "datetime": {"datetime": "2024-06-14 01:34:37", "elapsed": 6.74302, "delta": 0.004986}}
{"target": -2127.5894317262696, "params": {"gamma": 9.585783535985689, "lr": 0.7271654349269293}, "datetime": {"datetime": "2024-06-14 01:34:37", "elapsed": 6.748007, "delta": 0.004987}}
{"target": -266.67510054675057, "params": {"gamma": 1.0155071173822163, "lr": 0.7862693223485936}, "datetime": {"datetime": "2024-06-14 01:34:37", "elapsed": 6.751996, "delta": 0.003989}}
{"target": -908.8844018532881, "params": {"gamma": 3.5222014456052215, "lr": 0.9114351403237924}, "datetime": {"datetime": "2024-06-14 01:34:37", "elapsed": 6.756983, "delta": 0.004987}}
{"target": -1220.2734168689844, "params": {"gamma": 4.955478850036387, "lr": 0.8726927229848721}, "datetime": {"datetime": "2024-06-14 01:34:37", "elapsed": 6.76197, "delta": 0.004987}}
{"target": -448.9276652621139, "params": {"gamma": 2.206077417642493, "lr": 0.36719232590326556}, "datetime": {"datetime": "2024-06-14 01:34:37", "elapsed": 6.765959, "delta": 0.003989}}
{"target": -1693.2644813066556, "params": {"gamma": 3.6690025846416687, "lr": 0.09713268160328525}, "datetime": {"datetime": "2024-06-14 01:34:37", "elapsed": 6.770946, "delta": 0.004987}}
{"target": -678.4551033014503, "params": {"gamma": 3.310813326223882, "lr": 0.6597098038387995}, "datetime": {"datetime": "2024-06-14 01:34:37", "elapsed": 6.775933, "delta": 0.004987}}
{"target": -1154.7666450016145, "params": {"gamma": 4.665968370246033, "lr": 0.8792315697444312}, "datetime": {"datetime": "2024-06-14 01:34:37", "elapsed": 6.780919, "delta": 0.004986}}
{"target": -550.6530541137307, "params": {"gamma": 2.6974329936370927, "lr": 0.3548193487216488}, "datetime": {"datetime": "2024-06-14 01:34:37", "elapsed": 6.785906, "delta": 0.004987}}
{"target": -653.2026749154285, "params": {"gamma": 3.2042225472159718, "lr": 0.5517379706217076}, "datetime": {"datetime": "2024-06-14 01:34:37", "elapsed": 6.789895, "delta": 0.003989}}
{"target": -729.8888013962938, "params": {"gamma": 1.8830059366472722, "lr": 0.1732442715081729}, "datetime": {"datetime": "2024-06-14 01:34:37", "elapsed": 6.794882, "delta": 0.004987}}
{"target": -1787.1545566365296, "params": {"gamma": 9.394879760160336, "lr": 0.37664771374633}, "datetime": {"datetime": "2024-06-14 01:34:37", "elapsed": 6.799869, "delta": 0.004987}}
{"target": -2823.7471862939283, "params": {"gamma": 5.871394250695616, "lr": 0.05515208501882385}, "datetime": {"datetime": "2024-06-14 01:34:37", "elapsed": 6.804856, "delta": 0.004987}}
{"target": -665.0654337225251, "params": {"gamma": 1.409439110996769, "lr": 0.09635855186124331}, "datetime": {"datetime": "2024-06-14 01:34:37", "elapsed": 6.809843, "delta": 0.004987}}
{"target": -3654.814396649637, "params": {"gamma": 8.121343564013504, "lr": 0.10314678258346421}, "datetime": {"datetime": "2024-06-14 01:34:37", "elapsed": 6.814828, "delta": 0.004985}}
{"target": -1914.364372944254, "params": {"gamma": 5.163644140749812, "lr": 0.1555778979920741}, "datetime": {"datetime": "2024-06-14 01:34:37", "elapsed": 6.818818, "delta": 0.00399}}
{"target": -699.8126094709816, "params": {"gamma": 2.7888887375330564, "lr": 0.8826020025030701}, "datetime": {"datetime": "2024-06-14 01:34:37", "elapsed": 6.823805, "delta": 0.004987}}
{"target": -1613.3711036742561, "params": {"gamma": 6.316306057543976, "lr": 0.9636627102130699}, "datetime": {"datetime": "2024-06-14 01:34:37", "elapsed": 6.828791, "delta": 0.004986}}
{"target": -2884.224596570209, "params": {"gamma": 5.997543941794315, "lr": 0.009519716216558005}, "datetime": {"datetime": "2024-06-14 01:34:37", "elapsed": 6.83278, "delta": 0.003989}}
{"target": -2002.1300249429978, "params": {"gamma": 4.156994414198696, "lr": 0.02244175435867979}, "datetime": {"datetime": "2024-06-14 01:34:37", "elapsed": 6.837767, "delta": 0.004987}}
{"target": -596.5343910325862, "params": {"gamma": 3.1405292961414175, "lr": 0.48162493072074175}, "datetime": {"datetime": "2024-06-14 01:34:37", "elapsed": 6.842754, "delta": 0.004987}}
{"target": -1534.2482179309907, "params": {"gamma": 5.755017951896957, "lr": 0.2386502029289299}, "datetime": {"datetime": "2024-06-14 01:34:37", "elapsed": 6.847741, "delta": 0.004987}}
{"target": -1071.445058817911, "params": {"gamma": 5.583307497898072, "lr": 0.3949201341072339}, "datetime": {"datetime": "2024-06-14 01:34:37", "elapsed": 6.85173, "delta": 0.003989}}
{"target": -1769.3418394411367, "params": {"gamma": 5.066315292881764, "lr": 0.19596701454252152}, "datetime": {"datetime": "2024-06-14 01:34:37", "elapsed": 6.856717, "delta": 0.004987}}
{"target": -377.54533861158393, "params": {"gamma": 1.5683593484243095, "lr": 0.7545170076023864}, "datetime": {"datetime": "2024-06-14 01:34:37", "elapsed": 6.861703, "delta": 0.004986}}
{"target": -676.4115365558672, "params": {"gamma": 3.3004023148263886, "lr": 0.6441956925382164}, "datetime": {"datetime": "2024-06-14 01:34:37", "elapsed": 6.86669, "delta": 0.004987}}
{"target": -1414.1144220149263, "params": {"gamma": 5.654990510308829, "lr": 0.899530915886071}, "datetime": {"datetime": "2024-06-14 01:34:37", "elapsed": 6.871677, "delta": 0.004987}}
{"target": -1621.9236999999757, "params": {"gamma": 8.806955495452243, "lr": 0.4431114003267834}, "datetime": {"datetime": "2024-06-14 01:34:37", "elapsed": 6.876663, "delta": 0.004986}}
{"target": -436.60977526618245, "params": {"gamma": 2.048146129836078, "lr": 0.6321923752918258}, "datetime": {"datetime": "2024-06-14 01:34:37", "elapsed": 6.88165, "delta": 0.004987}}
{"target": -1393.063332267403, "params": {"gamma": 6.368722917490155, "lr": 0.6924175033786027}, "datetime": {"datetime": "2024-06-14 01:34:37", "elapsed": 6.885639, "delta": 0.003989}}
{"target": -2048.7400712206663, "params": {"gamma": 9.074824554145266, "lr": 0.7825809780445985}, "datetime": {"datetime": "2024-06-14 01:34:37", "elapsed": 6.890626, "delta": 0.004987}}
{"target": -1257.7795633338865, "params": {"gamma": 6.253284067622613, "lr": 0.6009655953980898}, "datetime": {"datetime": "2024-06-14 01:34:37", "elapsed": 6.895613, "delta": 0.004987}}
{"target": -448.91323869730905, "params": {"gamma": 2.1283776016453526, "lr": 0.651365361997868}, "datetime": {"datetime": "2024-06-14 01:34:37", "elapsed": 6.9006, "delta": 0.004987}}
{"target": -2076.734926908114, "params": {"gamma": 8.145187207595269, "lr": 0.9223224808528965}, "datetime": {"datetime": "2024-06-14 01:34:37", "elapsed": 6.904588, "delta": 0.003988}}
{"target": -1823.9554480564914, "params": {"gamma": 9.166584470697245, "lr": 0.5610988058726366}, "datetime": {"datetime": "2024-06-14 01:34:37", "elapsed": 6.910573, "delta": 0.005985}}
{"target": -532.1348499769969, "params": {"gamma": 2.599079923429137, "lr": 0.33379745682371664}, "datetime": {"datetime": "2024-06-14 01:34:37", "elapsed": 6.915559, "delta": 0.004986}}
{"target": -1993.6684530081532, "params": {"gamma": 9.977625893322635, "lr": 0.5255977882178193}, "datetime": {"datetime": "2024-06-14 01:34:38", "elapsed": 6.919549, "delta": 0.00399}}
{"target": -1653.4220814842904, "params": {"gamma": 8.159250821705387, "lr": 0.5970161877845721}, "datetime": {"datetime": "2024-06-14 01:34:38", "elapsed": 6.924535, "delta": 0.004986}}
{"target": -1004.4948439557617, "params": {"gamma": 5.069796942895938, "lr": 0.34853961530569777}, "datetime": {"datetime": "2024-06-14 01:34:38", "elapsed": 6.929522, "delta": 0.004987}}
{"target": -2587.3061317307215, "params": {"gamma": 5.378167511784794, "lr": 0.00673470699420331}, "datetime": {"datetime": "2024-06-14 01:34:38", "elapsed": 6.934509, "delta": 0.004987}}
{"target": -1745.2605016378689, "params": {"gamma": 8.766981380159143, "lr": 0.5614864815326793}, "datetime": {"datetime": "2024-06-14 01:34:38", "elapsed": 6.939501, "delta": 0.004992}}
{"target": -149.3192194966037, "params": {"gamma": 0.2437899718214612, "lr": 0.8181747453311654}, "datetime": {"datetime": "2024-06-14 01:34:38", "elapsed": 6.944482, "delta": 0.004981}}
{"target": -667.8475111809386, "params": {"gamma": 1.3544085542298703, "lr": 0.03063869809086972}, "datetime": {"datetime": "2024-06-14 01:34:38", "elapsed": 6.948471, "delta": 0.003989}}
