{"target": -484.2092069828226, "params": {"gamma": 2.0254278937096815, "lr": 0.8542379729163827}, "datetime": {"datetime": "2024-06-13 15:57:56", "elapsed": 3.248451, "delta": 0.004986}}
{"target": -1663.8347777865954, "params": {"gamma": 7.0595677402804276, "lr": 0.8949395201529242}, "datetime": {"datetime": "2024-06-13 15:57:56", "elapsed": 3.25244, "delta": 0.003989}}
{"target": -608.1570851846413, "params": {"gamma": 3.2921308719412035, "lr": 0.5280013966376261}, "datetime": {"datetime": "2024-06-13 15:57:56", "elapsed": 3.25643, "delta": 0.00399}}
{"target": -1226.6153961211835, "params": {"gamma": 6.504330926708715, "lr": 0.5942908535866644}, "datetime": {"datetime": "2024-06-13 15:57:56", "elapsed": 3.260419, "delta": 0.003989}}
{"target": -449.8353398883718, "params": {"gamma": 2.315397892406944, "lr": 0.4268213494482356}, "datetime": {"datetime": "2024-06-13 15:57:56", "elapsed": 3.264409, "delta": 0.00399}}
{"target": -585.0387607414937, "params": {"gamma": 2.481866529137688, "lr": 0.8456149622311454}, "datetime": {"datetime": "2024-06-13 15:57:56", "elapsed": 3.269395, "delta": 0.004986}}
{"target": -3696.8819685794533, "params": {"gamma": 9.866787772235858, "lr": 0.06657080313237929}, "datetime": {"datetime": "2024-06-13 15:57:56", "elapsed": 3.273385, "delta": 0.00399}}
{"target": -1128.974547125759, "params": {"gamma": 7.139566394637347, "lr": 0.3301155521990743}, "datetime": {"datetime": "2024-06-13 15:57:56", "elapsed": 3.277374, "delta": 0.003989}}
{"target": -1057.2274509345486, "params": {"gamma": 6.254728347736019, "lr": 0.258129649281871}, "datetime": {"datetime": "2024-06-13 15:57:56", "elapsed": 3.282362, "delta": 0.004988}}
{"target": -1055.0974689027003, "params": {"gamma": 6.510425085475643, "lr": 0.37114718446272954}, "datetime": {"datetime": "2024-06-13 15:57:56", "elapsed": 3.28635, "delta": 0.003988}}
{"target": -724.3883277455881, "params": {"gamma": 2.9489139744901, "lr": 0.9117631736977988}, "datetime": {"datetime": "2024-06-13 15:57:56", "elapsed": 3.290339, "delta": 0.003989}}
{"target": -1907.6623448731746, "params": {"gamma": 9.425046243387849, "lr": 0.6135500265601355}, "datetime": {"datetime": "2024-06-13 15:57:56", "elapsed": 3.29436, "delta": 0.004021}}
{"target": -535.4576405102508, "params": {"gamma": 2.1454633405260957, "lr": 0.9394188709061594}, "datetime": {"datetime": "2024-06-13 15:57:56", "elapsed": 3.298348, "delta": 0.003988}}
{"target": -1620.0520699015945, "params": {"gamma": 7.504785013686519, "lr": 0.7510898073228061}, "datetime": {"datetime": "2024-06-13 15:57:56", "elapsed": 3.303305, "delta": 0.004957}}
{"target": -499.32512222261505, "params": {"gamma": 2.1180016271500137, "lr": 0.8301565261622993}, "datetime": {"datetime": "2024-06-13 15:57:56", "elapsed": 3.307294, "delta": 0.003989}}
{"target": -492.0973971145499, "params": {"gamma": 2.4017114464579397, "lr": 0.6316207452501602}, "datetime": {"datetime": "2024-06-13 15:57:56", "elapsed": 3.311283, "delta": 0.003989}}
{"target": -1494.4625811709025, "params": {"gamma": 7.107684959425964, "lr": 0.7423834297071017}, "datetime": {"datetime": "2024-06-13 15:57:56", "elapsed": 3.315272, "delta": 0.003989}}
{"target": -850.9353566218864, "params": {"gamma": 3.9032567812912102, "lr": 0.7598253967160974}, "datetime": {"datetime": "2024-06-13 15:57:56", "elapsed": 3.319262, "delta": 0.00399}}
{"target": -1697.2571715029735, "params": {"gamma": 9.029456085314978, "lr": 0.5874200192375769}, "datetime": {"datetime": "2024-06-13 15:57:56", "elapsed": 3.323251, "delta": 0.003989}}
{"target": -309.06067758330596, "params": {"gamma": 0.9050067472322914, "lr": 0.12897598414227607}, "datetime": {"datetime": "2024-06-13 15:57:56", "elapsed": 3.32724, "delta": 0.003989}}
{"target": -277.34206966214015, "params": {"gamma": 1.0535200041012063, "lr": 0.17272746332288003}, "datetime": {"datetime": "2024-06-13 15:57:56", "elapsed": 3.332227, "delta": 0.004987}}
{"target": -303.4037530153044, "params": {"gamma": 1.2651824720065605, "lr": 0.7783008900676276}, "datetime": {"datetime": "2024-06-13 15:57:56", "elapsed": 3.336217, "delta": 0.00399}}
{"target": -157.88423880329185, "params": {"gamma": 0.39507571033225836, "lr": 0.24155841734086403}, "datetime": {"datetime": "2024-06-13 15:57:56", "elapsed": 3.341203, "delta": 0.004986}}
{"target": -2117.6996172388754, "params": {"gamma": 8.790784947183296, "lr": 0.9735188608362936}, "datetime": {"datetime": "2024-06-13 15:57:56", "elapsed": 3.345193, "delta": 0.00399}}
{"target": -1464.0058742253711, "params": {"gamma": 6.054614655262755, "lr": 0.9762382645603884}, "datetime": {"datetime": "2024-06-13 15:57:56", "elapsed": 3.349182, "delta": 0.003989}}
{"target": -171.54980303312314, "params": {"gamma": 0.43547196560805285, "lr": 0.9485727683760076}, "datetime": {"datetime": "2024-06-13 15:57:56", "elapsed": 3.354169, "delta": 0.004987}}
{"target": -683.4853282335822, "params": {"gamma": 3.113649528479215, "lr": 0.798972840361593}, "datetime": {"datetime": "2024-06-13 15:57:56", "elapsed": 3.358158, "delta": 0.003989}}
{"target": -1902.19895685489, "params": {"gamma": 8.106480405365568, "lr": 0.8599985915803449}, "datetime": {"datetime": "2024-06-13 15:57:56", "elapsed": 3.362147, "delta": 0.003989}}
{"target": -1113.5395339155484, "params": {"gamma": 4.586049558214109, "lr": 0.9306443921654484}, "datetime": {"datetime": "2024-06-13 15:57:56", "elapsed": 3.366138, "delta": 0.003991}}
{"target": -637.2520328478354, "params": {"gamma": 2.579671951285972, "lr": 0.9344454925295846}, "datetime": {"datetime": "2024-06-13 15:57:56", "elapsed": 3.371123, "delta": 0.004985}}
{"target": -1496.7141884392713, "params": {"gamma": 6.191577212883354, "lr": 0.9854449149448306}, "datetime": {"datetime": "2024-06-13 15:57:56", "elapsed": 3.375112, "delta": 0.003989}}
{"target": -153.41234810484482, "params": {"gamma": 0.3274060157599613, "lr": 0.7251666588327084}, "datetime": {"datetime": "2024-06-13 15:57:56", "elapsed": 3.379102, "delta": 0.00399}}
{"target": -1048.789010248802, "params": {"gamma": 5.655976799568431, "lr": 0.4924240473983196}, "datetime": {"datetime": "2024-06-13 15:57:56", "elapsed": 3.383091, "delta": 0.003989}}
{"target": -432.46864123996374, "params": {"gamma": 2.5929220383817193, "lr": 0.3268306848663751}, "datetime": {"datetime": "2024-06-13 15:57:56", "elapsed": 3.388078, "delta": 0.004987}}
{"target": -517.4607415977689, "params": {"gamma": 2.495372604807176, "lr": 0.21926791032506077}, "datetime": {"datetime": "2024-06-13 15:57:56", "elapsed": 3.392067, "delta": 0.003989}}
{"target": -1440.3707264061884, "params": {"gamma": 7.996808714410864, "lr": 0.5023950058982584}, "datetime": {"datetime": "2024-06-13 15:57:56", "elapsed": 3.396056, "delta": 0.003989}}
{"target": -224.1511146027286, "params": {"gamma": 0.8328156970812803, "lr": 0.7769841920273803}, "datetime": {"datetime": "2024-06-13 15:57:56", "elapsed": 3.400046, "delta": 0.00399}}
{"target": -1126.4506804747562, "params": {"gamma": 5.336957111761226, "lr": 0.739387787346382}, "datetime": {"datetime": "2024-06-13 15:57:56", "elapsed": 3.404035, "delta": 0.003989}}
{"target": -842.8860684796091, "params": {"gamma": 5.154421537738071, "lr": 0.39994592398513173}, "datetime": {"datetime": "2024-06-13 15:57:56", "elapsed": 3.408024, "delta": 0.003989}}
{"target": -3695.2779488370556, "params": {"gamma": 9.862481577580514, "lr": 0.02824262016291268}, "datetime": {"datetime": "2024-06-13 15:57:56", "elapsed": 3.412014, "delta": 0.00399}}
{"target": -2246.0073022856595, "params": {"gamma": 9.327706315740619, "lr": 0.930854967759968}, "datetime": {"datetime": "2024-06-13 15:57:56", "elapsed": 3.417001, "delta": 0.004987}}
{"target": -795.338389226956, "params": {"gamma": 3.909796196303079, "lr": 0.2144648711333198}, "datetime": {"datetime": "2024-06-13 15:57:56", "elapsed": 3.42099, "delta": 0.003989}}
{"target": -1407.3228215456786, "params": {"gamma": 6.192513766034457, "lr": 0.17797233547016944}, "datetime": {"datetime": "2024-06-13 15:57:56", "elapsed": 3.424979, "delta": 0.003989}}
{"target": -1352.8253637998564, "params": {"gamma": 8.032278735085756, "lr": 0.2539338558777352}, "datetime": {"datetime": "2024-06-13 15:57:56", "elapsed": 3.428968, "delta": 0.003989}}
{"target": -714.8964061568809, "params": {"gamma": 2.9087707441717465, "lr": 0.915915790009957}, "datetime": {"datetime": "2024-06-13 15:57:56", "elapsed": 3.43296, "delta": 0.003992}}
{"target": -1623.5707639900013, "params": {"gamma": 9.029265417910615, "lr": 0.5353808917305217}, "datetime": {"datetime": "2024-06-13 15:57:56", "elapsed": 3.437945, "delta": 0.004985}}
{"target": -1398.75508518758, "params": {"gamma": 8.628526966805577, "lr": 0.3525325688050618}, "datetime": {"datetime": "2024-06-13 15:57:56", "elapsed": 3.441934, "delta": 0.003989}}
{"target": -1876.3671184299762, "params": {"gamma": 9.978844897970799, "lr": 0.433689739404977}, "datetime": {"datetime": "2024-06-13 15:57:56", "elapsed": 3.445923, "delta": 0.003989}}
{"target": -1122.0702440075638, "params": {"gamma": 2.948825305973155, "lr": 0.04157423394916726}, "datetime": {"datetime": "2024-06-13 15:57:56", "elapsed": 3.449913, "delta": 0.00399}}
{"target": -1820.0495391476186, "params": {"gamma": 9.897079830913631, "lr": 0.4648876309118224}, "datetime": {"datetime": "2024-06-13 15:57:56", "elapsed": 3.454899, "delta": 0.004986}}
{"target": -1464.214977760631, "params": {"gamma": 7.346115555489657, "lr": 0.6408076240458747}, "datetime": {"datetime": "2024-06-13 15:57:56", "elapsed": 3.458889, "delta": 0.00399}}
{"target": -2715.189184909809, "params": {"gamma": 7.231210903260432, "lr": 0.05111090382611627}, "datetime": {"datetime": "2024-06-13 15:57:56", "elapsed": 3.462878, "delta": 0.003989}}
{"target": -2215.6165981588583, "params": {"gamma": 9.200534008691728, "lr": 0.9268412179022415}, "datetime": {"datetime": "2024-06-13 15:57:56", "elapsed": 3.466868, "delta": 0.00399}}
{"target": -1336.456147463385, "params": {"gamma": 5.520398276514817, "lr": 0.963915888684551}, "datetime": {"datetime": "2024-06-13 15:57:56", "elapsed": 3.470856, "delta": 0.003988}}
{"target": -582.8869409303617, "params": {"gamma": 2.8102744143666842, "lr": 0.6021466271365452}, "datetime": {"datetime": "2024-06-13 15:57:56", "elapsed": 3.475844, "delta": 0.004988}}
{"target": -794.2106861279098, "params": {"gamma": 3.9652304378361865, "lr": 0.6280232317552282}, "datetime": {"datetime": "2024-06-13 15:57:56", "elapsed": 3.479864, "delta": 0.00402}}
{"target": -694.4373242461199, "params": {"gamma": 3.0070222529489574, "lr": 0.8193583846560202}, "datetime": {"datetime": "2024-06-13 15:57:56", "elapsed": 3.483857, "delta": 0.003993}}
{"target": -309.4265102189506, "params": {"gamma": 0.6987899990635812, "lr": 0.04187757029999628}, "datetime": {"datetime": "2024-06-13 15:57:56", "elapsed": 3.48784, "delta": 0.003983}}
{"target": -196.4024809971814, "params": {"gamma": 0.49491444994850975, "lr": 0.15045502836766345}, "datetime": {"datetime": "2024-06-13 15:57:56", "elapsed": 3.4918, "delta": 0.00396}}
{"target": -962.9971660741979, "params": {"gamma": 3.954109387473109, "lr": 0.9553899892571747}, "datetime": {"datetime": "2024-06-13 15:57:56", "elapsed": 3.496787, "delta": 0.004987}}
{"target": -257.3365937173174, "params": {"gamma": 1.1088436015198657, "lr": 0.6475529858164272}, "datetime": {"datetime": "2024-06-13 15:57:56", "elapsed": 3.500777, "delta": 0.00399}}
{"target": -863.3928272836508, "params": {"gamma": 5.276687463055037, "lr": 0.353242405983059}, "datetime": {"datetime": "2024-06-13 15:57:56", "elapsed": 3.504766, "delta": 0.003989}}
{"target": -418.8761554616414, "params": {"gamma": 1.9827940939725983, "lr": 0.22059408184733575}, "datetime": {"datetime": "2024-06-13 15:57:56", "elapsed": 3.508755, "delta": 0.003989}}
{"target": -165.16522283737203, "params": {"gamma": 0.4391712757617422, "lr": 0.7131639731598145}, "datetime": {"datetime": "2024-06-13 15:57:56", "elapsed": 3.512744, "delta": 0.003989}}
{"target": -1235.1315843729024, "params": {"gamma": 6.538748151763354, "lr": 0.4437697927247224}, "datetime": {"datetime": "2024-06-13 15:57:56", "elapsed": 3.516734, "delta": 0.00399}}
{"target": -2529.9533914334847, "params": {"gamma": 7.189675941410347, "lr": 0.10997597244532042}, "datetime": {"datetime": "2024-06-13 15:57:56", "elapsed": 3.521721, "delta": 0.004987}}
{"target": -2144.283550287026, "params": {"gamma": 9.387253014515942, "lr": 0.8476267092393875}, "datetime": {"datetime": "2024-06-13 15:57:56", "elapsed": 3.52571, "delta": 0.003989}}
{"target": -1070.602975096931, "params": {"gamma": 6.590697560999168, "lr": 0.37883116866173183}, "datetime": {"datetime": "2024-06-13 15:57:56", "elapsed": 3.529699, "delta": 0.003989}}
{"target": -778.7880308791586, "params": {"gamma": 4.16625072341846, "lr": 0.48215392215746744}, "datetime": {"datetime": "2024-06-13 15:57:56", "elapsed": 3.533689, "delta": 0.00399}}
{"target": -2191.9370571971554, "params": {"gamma": 9.352902416297999, "lr": 0.8635929549181026}, "datetime": {"datetime": "2024-06-13 15:57:56", "elapsed": 3.537678, "delta": 0.003989}}
{"target": -872.5806575343761, "params": {"gamma": 4.779760568316378, "lr": 0.554518498278167}, "datetime": {"datetime": "2024-06-13 15:57:56", "elapsed": 3.541667, "delta": 0.003989}}
{"target": -2108.9483437202043, "params": {"gamma": 8.754163218930938, "lr": 0.9492644337722901}, "datetime": {"datetime": "2024-06-13 15:57:56", "elapsed": 3.545656, "delta": 0.003989}}
{"target": -1345.7181132047158, "params": {"gamma": 6.392208373926592, "lr": 0.7485203200897537}, "datetime": {"datetime": "2024-06-13 15:57:56", "elapsed": 3.550643, "delta": 0.004987}}
{"target": -859.0372330936965, "params": {"gamma": 3.516897438698066, "lr": 0.91802831908618}, "datetime": {"datetime": "2024-06-13 15:57:56", "elapsed": 3.554633, "delta": 0.00399}}
{"target": -1510.3582346105761, "params": {"gamma": 8.367683746488458, "lr": 0.5520558812247628}, "datetime": {"datetime": "2024-06-13 15:57:56", "elapsed": 3.558622, "delta": 0.003989}}
{"target": -1983.299154493646, "params": {"gamma": 8.676404468942122, "lr": 0.8498718814403323}, "datetime": {"datetime": "2024-06-13 15:57:56", "elapsed": 3.562611, "delta": 0.003989}}
{"target": -2429.0406733040977, "params": {"gamma": 8.084305154704811, "lr": 0.13069282439738805}, "datetime": {"datetime": "2024-06-13 15:57:56", "elapsed": 3.566601, "delta": 0.00399}}
{"target": -1283.5135460696529, "params": {"gamma": 5.3604897456433, "lr": 0.900783114706916}, "datetime": {"datetime": "2024-06-13 15:57:56", "elapsed": 3.571587, "delta": 0.004986}}
{"target": -1436.9956814941977, "params": {"gamma": 7.70854747370775, "lr": 0.4207131990251918}, "datetime": {"datetime": "2024-06-13 15:57:56", "elapsed": 3.575576, "delta": 0.003989}}
{"target": -1643.5027763332942, "params": {"gamma": 9.778826053206298, "lr": 0.25077315667300226}, "datetime": {"datetime": "2024-06-13 15:57:56", "elapsed": 3.579566, "delta": 0.00399}}
{"target": -816.2746247431899, "params": {"gamma": 3.336768678250129, "lr": 0.954200507429589}, "datetime": {"datetime": "2024-06-13 15:57:56", "elapsed": 3.584553, "delta": 0.004987}}
{"target": -1928.0046039234535, "params": {"gamma": 8.087344766504712, "lr": 0.9003400045106619}, "datetime": {"datetime": "2024-06-13 15:57:56", "elapsed": 3.588542, "delta": 0.003989}}
{"target": -147.65379641565002, "params": {"gamma": 0.11688430450954196, "lr": 0.37976443303399476}, "datetime": {"datetime": "2024-06-13 15:57:56", "elapsed": 3.592539, "delta": 0.003997}}
{"target": -390.2946128053413, "params": {"gamma": 2.355984044142083, "lr": 0.2959350518874113}, "datetime": {"datetime": "2024-06-13 15:57:56", "elapsed": 3.596523, "delta": 0.003984}}
{"target": -1565.8894982670522, "params": {"gamma": 7.380216968542006, "lr": 0.7240848448640741}, "datetime": {"datetime": "2024-06-13 15:57:56", "elapsed": 3.60151, "delta": 0.004987}}
{"target": -755.4095975694041, "params": {"gamma": 4.618532302580416, "lr": 0.3652744612070937}, "datetime": {"datetime": "2024-06-13 15:57:56", "elapsed": 3.6065, "delta": 0.00499}}
{"target": -1059.1959073745898, "params": {"gamma": 5.847331438432254, "lr": 0.5337077546342763}, "datetime": {"datetime": "2024-06-13 15:57:56", "elapsed": 3.610489, "delta": 0.003989}}
{"target": -1120.5284169595245, "params": {"gamma": 5.5062450105196135, "lr": 0.6154770711146578}, "datetime": {"datetime": "2024-06-13 15:57:56", "elapsed": 3.615173, "delta": 0.004684}}
{"target": -862.3830131955812, "params": {"gamma": 3.957087074403221, "lr": 0.7717184824154584}, "datetime": {"datetime": "2024-06-13 15:57:56", "elapsed": 3.619669, "delta": 0.004496}}
{"target": -515.759285918893, "params": {"gamma": 2.512780630310517, "lr": 0.655760767903366}, "datetime": {"datetime": "2024-06-13 15:57:56", "elapsed": 3.62366, "delta": 0.003991}}
{"target": -3599.000143102776, "params": {"gamma": 9.604011085051962, "lr": 0.0035547604644260433}, "datetime": {"datetime": "2024-06-13 15:57:56", "elapsed": 3.627649, "delta": 0.003989}}
{"target": -2545.3582050108116, "params": {"gamma": 7.233887082898668, "lr": 0.10899503392964371}, "datetime": {"datetime": "2024-06-13 15:57:56", "elapsed": 3.632171, "delta": 0.004522}}
{"target": -1082.434541426341, "params": {"gamma": 5.438331129146589, "lr": 0.6269160166803346}, "datetime": {"datetime": "2024-06-13 15:57:56", "elapsed": 3.636153, "delta": 0.003982}}
{"target": -602.1171725239564, "params": {"gamma": 2.4302283105822404, "lr": 0.9138438752466082}, "datetime": {"datetime": "2024-06-13 15:57:56", "elapsed": 3.640142, "delta": 0.003989}}
{"target": -1116.8747295550709, "params": {"gamma": 6.223502974387487, "lr": 0.23169469139485988}, "datetime": {"datetime": "2024-06-13 15:57:56", "elapsed": 3.644132, "delta": 0.00399}}
{"target": -2708.3151791459472, "params": {"gamma": 7.701551743810476, "lr": 0.10550707999733477}, "datetime": {"datetime": "2024-06-13 15:57:56", "elapsed": 3.64912, "delta": 0.004988}}
{"target": -1962.3935363539288, "params": {"gamma": 5.552697959994914, "lr": 0.0949560698024915}, "datetime": {"datetime": "2024-06-13 15:57:56", "elapsed": 3.653137, "delta": 0.004017}}
{"target": -983.4042526848834, "params": {"gamma": 5.810259742677521, "lr": 0.2529801127201884}, "datetime": {"datetime": "2024-06-13 15:57:56", "elapsed": 3.658124, "delta": 0.004987}}
{"target": -1380.077676765806, "params": {"gamma": 6.495018612739509, "lr": 0.71582695285818}, "datetime": {"datetime": "2024-06-13 15:57:56", "elapsed": 3.662084, "delta": 0.00396}}
{"target": -1049.2553599740545, "params": {"gamma": 5.242331960072044, "lr": 0.6575214077031101}, "datetime": {"datetime": "2024-06-13 15:57:56", "elapsed": 3.666075, "delta": 0.003991}}
{"target": -1829.1243309252418, "params": {"gamma": 8.133125159405232, "lr": 0.8075122716430321}, "datetime": {"datetime": "2024-06-13 15:57:56", "elapsed": 3.67106, "delta": 0.004985}}
{"target": -1142.2858476591257, "params": {"gamma": 6.197200238546574, "lr": 0.45110246212077487}, "datetime": {"datetime": "2024-06-13 15:57:56", "elapsed": 3.675049, "delta": 0.003989}}
{"target": -967.2744289844525, "params": {"gamma": 4.080091940484627, "lr": 0.8747476199043634}, "datetime": {"datetime": "2024-06-13 15:57:56", "elapsed": 3.679039, "delta": 0.00399}}
{"target": -1643.3354036507355, "params": {"gamma": 7.029614389411599, "lr": 0.18493502237340165}, "datetime": {"datetime": "2024-06-13 15:57:56", "elapsed": 3.683028, "delta": 0.003989}}
{"target": -1353.7265981132907, "params": {"gamma": 5.657755734146004, "lr": 0.9088080323000569}, "datetime": {"datetime": "2024-06-13 15:57:56", "elapsed": 3.687017, "delta": 0.003989}}
{"target": -371.991465509357, "params": {"gamma": 1.5077492324904636, "lr": 0.8455176755307064}, "datetime": {"datetime": "2024-06-13 15:57:56", "elapsed": 3.692003, "delta": 0.004986}}
{"target": -1511.6771381026492, "params": {"gamma": 8.202204460687183, "lr": 0.4993411012978345}, "datetime": {"datetime": "2024-06-13 15:57:56", "elapsed": 3.695993, "delta": 0.00399}}
{"target": -176.89773245129211, "params": {"gamma": 0.37680093100554635, "lr": 0.14750250539693543}, "datetime": {"datetime": "2024-06-13 15:57:56", "elapsed": 3.699983, "delta": 0.00399}}
{"target": -3458.3683107799143, "params": {"gamma": 9.226464308192023, "lr": 0.04415479603186245}, "datetime": {"datetime": "2024-06-13 15:57:56", "elapsed": 3.703974, "delta": 0.003991}}
{"target": -764.2791108805249, "params": {"gamma": 3.7256151652871896, "lr": 0.6190396347254709}, "datetime": {"datetime": "2024-06-13 15:57:56", "elapsed": 3.707964, "delta": 0.00399}}
{"target": -494.69619034463943, "params": {"gamma": 1.9702834411012529, "lr": 0.9810797572402973}, "datetime": {"datetime": "2024-06-13 15:57:56", "elapsed": 3.711953, "delta": 0.003989}}
{"target": -311.9337575633316, "params": {"gamma": 1.5605963552011808, "lr": 0.5396791951612744}, "datetime": {"datetime": "2024-06-13 15:57:56", "elapsed": 3.716942, "delta": 0.004989}}
{"target": -1109.2947444086724, "params": {"gamma": 6.180495232142101, "lr": 0.2309899486697039}, "datetime": {"datetime": "2024-06-13 15:57:56", "elapsed": 3.720931, "delta": 0.003989}}
{"target": -868.7879585539637, "params": {"gamma": 4.663623583104205, "lr": 0.49100852913292925}, "datetime": {"datetime": "2024-06-13 15:57:56", "elapsed": 3.724923, "delta": 0.003992}}
{"target": -1520.2551674346362, "params": {"gamma": 7.668856900889094, "lr": 0.6342807527738734}, "datetime": {"datetime": "2024-06-13 15:57:56", "elapsed": 3.728912, "delta": 0.003989}}
{"target": -977.1844026333705, "params": {"gamma": 4.676032980600331, "lr": 0.6669425431939752}, "datetime": {"datetime": "2024-06-13 15:57:56", "elapsed": 3.733639, "delta": 0.004727}}
{"target": -826.8280634452893, "params": {"gamma": 4.534320887795462, "lr": 0.5257115913414097}, "datetime": {"datetime": "2024-06-13 15:57:56", "elapsed": 3.737629, "delta": 0.00399}}
