{"target": -118.05847657340237, "params": {"gamma": 1.6165788245210426, "prior": 6.524924004221608, "rate": 7.53350473313803}, "datetime": {"datetime": "2024-06-14 04:54:10", "elapsed": 6.422964, "delta": 0.009973}}
{"target": -120.7355936968702, "params": {"gamma": 2.8026461610955637, "prior": 4.5684824262007755, "rate": 9.004588674948266}, "datetime": {"datetime": "2024-06-14 04:54:10", "elapsed": 6.43194, "delta": 0.008976}}
{"target": -347.3317403726115, "params": {"gamma": 8.719984326277993, "prior": 7.1011573368634044, "rate": 5.909415094304578}, "datetime": {"datetime": "2024-06-14 04:54:11", "elapsed": 6.440916, "delta": 0.008976}}
{"target": -758.2426671442671, "params": {"gamma": 8.174005321700859, "prior": 9.085681996388406, "rate": 0.026073089119563617}, "datetime": {"datetime": "2024-06-14 04:54:11", "elapsed": 6.449892, "delta": 0.008976}}
{"target": -154.42792169306807, "params": {"gamma": 3.972880434571384, "prior": 5.657955868812967, "rate": 7.339497439712482}, "datetime": {"datetime": "2024-06-14 04:54:11", "elapsed": 6.459866, "delta": 0.009974}}
{"target": -126.40467423949707, "params": {"gamma": 0.8756401490882502, "prior": 4.057574378040559, "rate": 2.796932173319039}, "datetime": {"datetime": "2024-06-14 04:54:11", "elapsed": 6.468871, "delta": 0.009005}}
{"target": -159.14382283390574, "params": {"gamma": 4.235677020998725, "prior": 5.029988463465554, "rate": 6.600492220036985}, "datetime": {"datetime": "2024-06-14 04:54:11", "elapsed": 6.478815, "delta": 0.009944}}
{"target": -205.23803908794287, "params": {"gamma": 4.962865153563822, "prior": 6.242635185991386, "rate": 5.824816179030337}, "datetime": {"datetime": "2024-06-14 04:54:11", "elapsed": 6.487791, "delta": 0.008976}}
{"target": -182.98609201203436, "params": {"gamma": 4.2838956479905255, "prior": 0.1492660106415274, "rate": 1.9459696221821587}, "datetime": {"datetime": "2024-06-14 04:54:11", "elapsed": 6.496767, "delta": 0.008976}}
{"target": -127.59750030978938, "params": {"gamma": 3.2027463362086017, "prior": 1.55508344596382, "rate": 5.987040152182751}, "datetime": {"datetime": "2024-06-14 04:54:11", "elapsed": 6.505743, "delta": 0.008976}}
{"target": -298.16405547581155, "params": {"gamma": 6.115383267119364, "prior": 5.050923270009602, "rate": 3.2091681671070447}, "datetime": {"datetime": "2024-06-14 04:54:11", "elapsed": 6.514719, "delta": 0.008976}}
{"target": -576.5107291005788, "params": {"gamma": 6.53292726219252, "prior": 1.983806478522533, "rate": 0.05980393346483768}, "datetime": {"datetime": "2024-06-14 04:54:11", "elapsed": 6.524692, "delta": 0.009973}}
{"target": -212.50625636716518, "params": {"gamma": 7.3496852448209316, "prior": 4.490688034848957, "rate": 6.978718718842435}, "datetime": {"datetime": "2024-06-14 04:54:11", "elapsed": 6.533668, "delta": 0.008976}}
{"target": -107.99548642509863, "params": {"gamma": 1.851248453020123, "prior": 0.7199360396407632, "rate": 3.78170775924343}, "datetime": {"datetime": "2024-06-14 04:54:11", "elapsed": 6.542644, "delta": 0.008976}}
{"target": -199.40077194672475, "params": {"gamma": 6.960269107944495, "prior": 1.1179018377977268, "rate": 1.959146502516249}, "datetime": {"datetime": "2024-06-14 04:54:11", "elapsed": 6.55162, "delta": 0.008976}}
{"target": -171.57854621588567, "params": {"gamma": 4.540072551414793, "prior": 6.249376977967096, "rate": 7.501492356441782}, "datetime": {"datetime": "2024-06-14 04:54:11", "elapsed": 6.560596, "delta": 0.008976}}
{"target": -129.85217821215772, "params": {"gamma": 1.0982404778352803, "prior": 6.283773710840847, "rate": 3.8742178609226636}, "datetime": {"datetime": "2024-06-14 04:54:11", "elapsed": 6.57057, "delta": 0.009974}}
{"target": -194.47035466119098, "params": {"gamma": 6.701233597109323, "prior": 2.115247738852826, "rate": 5.2796600565097815}, "datetime": {"datetime": "2024-06-14 04:54:11", "elapsed": 6.579545, "delta": 0.008975}}
{"target": -113.42182819389089, "params": {"gamma": 1.722453387004371, "prior": 0.2849419593641159, "rate": 4.870015513993148}, "datetime": {"datetime": "2024-06-14 04:54:11", "elapsed": 6.588521, "delta": 0.008976}}
{"target": -131.0801951970216, "params": {"gamma": 1.8425935878323698, "prior": 6.4195989670335365, "rate": 5.366211618584989}, "datetime": {"datetime": "2024-06-14 04:54:11", "elapsed": 6.597497, "delta": 0.008976}}
{"target": -218.10795826860337, "params": {"gamma": 7.74967885459746, "prior": 3.990303036078612, "rate": 9.894531856231692}, "datetime": {"datetime": "2024-06-14 04:54:11", "elapsed": 6.606477, "delta": 0.00898}}
{"target": -168.3001133633811, "params": {"gamma": 5.152631746924576, "prior": 4.84035167173617, "rate": 7.494675265050945}, "datetime": {"datetime": "2024-06-14 04:54:11", "elapsed": 6.616451, "delta": 0.009974}}
{"target": -189.97981144137023, "params": {"gamma": 5.727310244630862, "prior": 3.6884066412702516, "rate": 4.892958609815962}, "datetime": {"datetime": "2024-06-14 04:54:11", "elapsed": 6.625426, "delta": 0.008975}}
{"target": -214.99890774121434, "params": {"gamma": 1.8921946110135588, "prior": 3.9964758015389337, "rate": 0.30058756348796134}, "datetime": {"datetime": "2024-06-14 04:54:11", "elapsed": 6.634403, "delta": 0.008977}}
{"target": -152.16109461947207, "params": {"gamma": 4.625828074361687, "prior": 2.8172937167553513, "rate": 5.267631887725799}, "datetime": {"datetime": "2024-06-14 04:54:11", "elapsed": 6.644376, "delta": 0.009973}}
{"target": -138.59478087355603, "params": {"gamma": 0.2936919419097222, "prior": 5.595358988569528, "rate": 2.9306858383999437}, "datetime": {"datetime": "2024-06-14 04:54:11", "elapsed": 6.653351, "delta": 0.008975}}
{"target": -292.32318313822645, "params": {"gamma": 5.775329319454461, "prior": 7.35442154728753, "rate": 4.403937930137581}, "datetime": {"datetime": "2024-06-14 04:54:11", "elapsed": 6.662328, "delta": 0.008977}}
{"target": -211.03875345053, "params": {"gamma": 6.6319050719967745, "prior": 2.4652085532150996, "rate": 9.985992286776213}, "datetime": {"datetime": "2024-06-14 04:54:11", "elapsed": 6.672301, "delta": 0.009973}}
{"target": -206.67278082678118, "params": {"gamma": 2.4295423376760557, "prior": 9.414201302377094, "rate": 2.1729802841597885}, "datetime": {"datetime": "2024-06-14 04:54:11", "elapsed": 6.681277, "delta": 0.008976}}
{"target": -213.20497389249445, "params": {"gamma": 4.97614628166607, "prior": 8.229651952438084, "rate": 7.166163879900548}, "datetime": {"datetime": "2024-06-14 04:54:11", "elapsed": 6.692254, "delta": 0.010977}}
{"target": -202.49337629247083, "params": {"gamma": 7.05609854079457, "prior": 4.460361543759608, "rate": 7.541996079526139}, "datetime": {"datetime": "2024-06-14 04:54:11", "elapsed": 6.701225, "delta": 0.008971}}
{"target": -285.5871874238446, "params": {"gamma": 9.199615816571573, "prior": 4.469382278626795, "rate": 5.2801268760628535}, "datetime": {"datetime": "2024-06-14 04:54:11", "elapsed": 6.711199, "delta": 0.009974}}
{"target": -118.74900804865585, "params": {"gamma": 0.6612898045823568, "prior": 3.968653429339858, "rate": 4.672918424766126}, "datetime": {"datetime": "2024-06-14 04:54:11", "elapsed": 6.720175, "delta": 0.008976}}
{"target": -304.7013775850295, "params": {"gamma": 8.951481970324929, "prior": 1.1945186585288683, "rate": 7.311644894386467}, "datetime": {"datetime": "2024-06-14 04:54:11", "elapsed": 6.729151, "delta": 0.008976}}
{"target": -476.2409168839611, "params": {"gamma": 5.455166214318647, "prior": 6.10470076211378, "rate": 0.2987996583514733}, "datetime": {"datetime": "2024-06-14 04:54:11", "elapsed": 6.738127, "delta": 0.008976}}
{"target": -215.44546343648972, "params": {"gamma": 1.4683270502280348, "prior": 2.911433932115233, "rate": 0.04971560748810713}, "datetime": {"datetime": "2024-06-14 04:54:11", "elapsed": 6.7481, "delta": 0.009973}}
{"target": -325.0728415113777, "params": {"gamma": 6.6919088201735715, "prior": 8.715553694333723, "rate": 5.470136124403138}, "datetime": {"datetime": "2024-06-14 04:54:11", "elapsed": 6.757077, "delta": 0.008977}}
{"target": -304.2479261271053, "params": {"gamma": 5.432097311144519, "prior": 6.195686693269069, "rate": 3.022512822657626}, "datetime": {"datetime": "2024-06-14 04:54:11", "elapsed": 6.766053, "delta": 0.008976}}
{"target": -144.69257040886458, "params": {"gamma": 3.6679530846277557, "prior": 5.7919033000498885, "rate": 8.092356620589728}, "datetime": {"datetime": "2024-06-14 04:54:11", "elapsed": 6.775028, "delta": 0.008975}}
{"target": -109.55489546061749, "params": {"gamma": 2.016764747447303, "prior": 3.3424881528980626, "rate": 7.429469582646582}, "datetime": {"datetime": "2024-06-14 04:54:11", "elapsed": 6.785002, "delta": 0.009974}}
{"target": -128.14030566705057, "params": {"gamma": 3.4098615710742886, "prior": 0.5713481941948949, "rate": 1.5644129298338398}, "datetime": {"datetime": "2024-06-14 04:54:11", "elapsed": 6.793981, "delta": 0.008979}}
{"target": -119.26657328641438, "params": {"gamma": 1.9394547317358086, "prior": 5.001612389355664, "rate": 6.351614485952291}, "datetime": {"datetime": "2024-06-14 04:54:11", "elapsed": 6.802956, "delta": 0.008975}}
{"target": -548.9028082694084, "params": {"gamma": 8.802319552208612, "prior": 9.035111908580227, "rate": 3.072300524082465}, "datetime": {"datetime": "2024-06-14 04:54:11", "elapsed": 6.811932, "delta": 0.008976}}
{"target": -234.5078644114251, "params": {"gamma": 7.534047351182733, "prior": 2.896037502533829, "rate": 3.686400120782994}, "datetime": {"datetime": "2024-06-14 04:54:11", "elapsed": 6.820908, "delta": 0.008976}}
{"target": -186.34647792325876, "params": {"gamma": 2.927972894369209, "prior": 4.195538288371103, "rate": 2.147942240988137}, "datetime": {"datetime": "2024-06-14 04:54:11", "elapsed": 6.829884, "delta": 0.008976}}
{"target": -139.67923263343616, "params": {"gamma": 3.1905410786954205, "prior": 1.3070061575118679, "rate": 9.63021937771575}, "datetime": {"datetime": "2024-06-14 04:54:11", "elapsed": 6.839857, "delta": 0.009973}}
{"target": -223.93616729349628, "params": {"gamma": 5.04032611097843, "prior": 9.238696757627771, "rate": 7.461855247593438}, "datetime": {"datetime": "2024-06-14 04:54:11", "elapsed": 6.848833, "delta": 0.008976}}
{"target": -205.82805008747914, "params": {"gamma": 4.577595171516512, "prior": 7.570760030550504, "rate": 6.280602762990652}, "datetime": {"datetime": "2024-06-14 04:54:11", "elapsed": 6.858356, "delta": 0.009523}}
{"target": -134.50449776169017, "params": {"gamma": 3.0382805830845347, "prior": 5.264427202791391, "rate": 7.123409644278645}, "datetime": {"datetime": "2024-06-14 04:54:11", "elapsed": 6.867331, "delta": 0.008975}}
{"target": -143.36786519138496, "params": {"gamma": 3.0538300009516193, "prior": 0.22397608517608533, "rate": 2.6833600285302275}, "datetime": {"datetime": "2024-06-14 04:54:11", "elapsed": 6.877306, "delta": 0.009975}}
{"target": -366.73586773277594, "params": {"gamma": 7.967658010425252, "prior": 9.306931580738663, "rate": 6.2536862178776484}, "datetime": {"datetime": "2024-06-14 04:54:11", "elapsed": 6.886281, "delta": 0.008975}}
{"target": -129.0618461578675, "params": {"gamma": 1.3289420383195298, "prior": 7.59994655654947, "rate": 5.269526555127393}, "datetime": {"datetime": "2024-06-14 04:54:11", "elapsed": 6.895258, "delta": 0.008977}}
{"target": -254.71796084798862, "params": {"gamma": 7.538936847140509, "prior": 8.600255860393125, "rate": 9.475467969467141}, "datetime": {"datetime": "2024-06-14 04:54:11", "elapsed": 6.904842, "delta": 0.009584}}
{"target": -264.1279594135465, "params": {"gamma": 6.545720808693693, "prior": 8.557156277442202, "rate": 7.426137988907772}, "datetime": {"datetime": "2024-06-14 04:54:11", "elapsed": 6.913819, "delta": 0.008977}}
{"target": -251.7059412508143, "params": {"gamma": 7.271284782848366, "prior": 8.60202848704295, "rate": 9.2301074044959}, "datetime": {"datetime": "2024-06-14 04:54:11", "elapsed": 6.92282, "delta": 0.009001}}
{"target": -637.8332202846221, "params": {"gamma": 9.020857939246921, "prior": 4.017927589495288, "rate": 0.8411287767074533}, "datetime": {"datetime": "2024-06-14 04:54:11", "elapsed": 6.932768, "delta": 0.009948}}
{"target": -293.6513638511906, "params": {"gamma": 8.295907610863033, "prior": 5.43542237774558, "rate": 5.421219471236491}, "datetime": {"datetime": "2024-06-14 04:54:11", "elapsed": 6.941774, "delta": 0.009006}}
{"target": -346.3156733244996, "params": {"gamma": 8.25192813033363, "prior": 0.4166434253201614, "rate": 8.779726226832842}, "datetime": {"datetime": "2024-06-14 04:54:11", "elapsed": 6.95072, "delta": 0.008946}}
{"target": -131.9277750785698, "params": {"gamma": 0.34730537937586553, "prior": 6.9626261279460415, "rate": 5.875257309024742}, "datetime": {"datetime": "2024-06-14 04:54:11", "elapsed": 6.960694, "delta": 0.009974}}
{"target": -289.27898097065577, "params": {"gamma": 6.417850059155134, "prior": 3.803393858608736, "rate": 2.755344804474391}, "datetime": {"datetime": "2024-06-14 04:54:11", "elapsed": 6.969698, "delta": 0.009004}}
{"target": -254.9429598427805, "params": {"gamma": 5.094576405806185, "prior": 8.869648859782243, "rate": 5.653331413985319}, "datetime": {"datetime": "2024-06-14 04:54:11", "elapsed": 6.979643, "delta": 0.009945}}
{"target": -190.87094463599655, "params": {"gamma": 6.631825765751704, "prior": 4.469654386439658, "rate": 9.7214187321274}, "datetime": {"datetime": "2024-06-14 04:54:11", "elapsed": 6.988619, "delta": 0.008976}}
{"target": -208.20449631152906, "params": {"gamma": 7.425482001064747, "prior": 3.613534857422657, "rate": 6.5356567956039315}, "datetime": {"datetime": "2024-06-14 04:54:11", "elapsed": 6.997594, "delta": 0.008975}}
{"target": -356.5692251845118, "params": {"gamma": 5.426621502305332, "prior": 8.852156502548992, "rate": 2.7512654566030514}, "datetime": {"datetime": "2024-06-14 04:54:11", "elapsed": 7.007568, "delta": 0.009974}}
{"target": -106.82120300252994, "params": {"gamma": 1.0815667842382009, "prior": 1.9935933122375844, "rate": 3.8710752798182537}, "datetime": {"datetime": "2024-06-14 04:54:11", "elapsed": 7.016544, "delta": 0.008976}}
{"target": -233.37917870320427, "params": {"gamma": 8.54074388954821, "prior": 2.7813646469755744, "rate": 6.263961673283628}, "datetime": {"datetime": "2024-06-14 04:54:11", "elapsed": 7.02552, "delta": 0.008976}}
{"target": -490.1606826643031, "params": {"gamma": 6.235894458654538, "prior": 4.139666639944494, "rate": 0.504300961464858}, "datetime": {"datetime": "2024-06-14 04:54:11", "elapsed": 7.034496, "delta": 0.008976}}
{"target": -228.7220366657523, "params": {"gamma": 7.448593896451896, "prior": 3.027682790796424, "rate": 3.9851835072938524}, "datetime": {"datetime": "2024-06-14 04:54:11", "elapsed": 7.04447, "delta": 0.009974}}
{"target": -313.2022816766261, "params": {"gamma": 3.7730184357375642, "prior": 6.669666053543827, "rate": 0.8642465348648255}, "datetime": {"datetime": "2024-06-14 04:54:11", "elapsed": 7.053446, "delta": 0.008976}}
{"target": -251.8069742876728, "params": {"gamma": 5.49934931479934, "prior": 0.25267604119823284, "rate": 9.830406796410628}, "datetime": {"datetime": "2024-06-14 04:54:11", "elapsed": 7.062422, "delta": 0.008976}}
{"target": -367.109226996534, "params": {"gamma": 5.984673796657761, "prior": 3.902730857162644, "rate": 1.4683325593440997}, "datetime": {"datetime": "2024-06-14 04:54:11", "elapsed": 7.072395, "delta": 0.009973}}
{"target": -433.77434081021937, "params": {"gamma": 6.9690863860416155, "prior": 9.067503325394869, "rate": 3.1817694146938234}, "datetime": {"datetime": "2024-06-14 04:54:11", "elapsed": 7.08137, "delta": 0.008975}}
{"target": -226.8997236160818, "params": {"gamma": 7.665154954417642, "prior": 2.946231210207758, "rate": 9.57229619840156}, "datetime": {"datetime": "2024-06-14 04:54:11", "elapsed": 7.090346, "delta": 0.008976}}
{"target": -208.94310045897592, "params": {"gamma": 7.023455232193281, "prior": 6.287654372613879, "rate": 9.307416596768327}, "datetime": {"datetime": "2024-06-14 04:54:11", "elapsed": 7.099633, "delta": 0.009287}}
{"target": -156.9511849077705, "params": {"gamma": 2.6911548301319335, "prior": 9.243795888773532, "rate": 6.781151258305702}, "datetime": {"datetime": "2024-06-14 04:54:11", "elapsed": 7.109606, "delta": 0.009973}}
{"target": -225.2415311053035, "params": {"gamma": 7.713853709507418, "prior": 5.759189830706018, "rate": 8.339212870314833}, "datetime": {"datetime": "2024-06-14 04:54:11", "elapsed": 7.118582, "delta": 0.008976}}
{"target": -219.1060024900494, "params": {"gamma": 6.983119711119335, "prior": 1.551426147591399, "rate": 6.1249988251521215}, "datetime": {"datetime": "2024-06-14 04:54:11", "elapsed": 7.128556, "delta": 0.009974}}
{"target": -228.5560477457, "params": {"gamma": 2.793924035827702, "prior": 9.167199358366272, "rate": 1.9831246698113274}, "datetime": {"datetime": "2024-06-14 04:54:11", "elapsed": 7.137531, "delta": 0.008975}}
{"target": -132.25976164243212, "params": {"gamma": 2.857879237217657, "prior": 0.5717815791998215, "rate": 4.476343861362332}, "datetime": {"datetime": "2024-06-14 04:54:11", "elapsed": 7.146508, "delta": 0.008977}}
{"target": -176.06098953815433, "params": {"gamma": 5.576320563895948, "prior": 5.778254717513243, "rate": 9.053868422216771}, "datetime": {"datetime": "2024-06-14 04:54:11", "elapsed": 7.156481, "delta": 0.009973}}
{"target": -131.90343396343496, "params": {"gamma": 3.47479191407325, "prior": 4.5305309579534265, "rate": 8.512525387352474}, "datetime": {"datetime": "2024-06-14 04:54:11", "elapsed": 7.165457, "delta": 0.008976}}
{"target": -339.9157599109197, "params": {"gamma": 5.768716203017017, "prior": 6.574530055289563, "rate": 2.784314944612766}, "datetime": {"datetime": "2024-06-14 04:54:11", "elapsed": 7.174433, "delta": 0.008976}}
{"target": -355.60922130226817, "params": {"gamma": 4.875225544956866, "prior": 6.247428637046675, "rate": 1.3348069074222546}, "datetime": {"datetime": "2024-06-14 04:54:11", "elapsed": 7.184689, "delta": 0.010256}}
{"target": -120.22962441677109, "params": {"gamma": 0.3300542572087522, "prior": 1.222768911195179, "rate": 4.775133302320191}, "datetime": {"datetime": "2024-06-14 04:54:11", "elapsed": 7.193714, "delta": 0.009025}}
{"target": -149.2220791446352, "params": {"gamma": 0.24124331957345432, "prior": 6.299468398458495, "rate": 0.9767285971428687}, "datetime": {"datetime": "2024-06-14 04:54:11", "elapsed": 7.203625, "delta": 0.009911}}
{"target": -203.7981222150577, "params": {"gamma": 2.5103644156247413, "prior": 4.322280163976562, "rate": 1.159151640315784}, "datetime": {"datetime": "2024-06-14 04:54:11", "elapsed": 7.212601, "delta": 0.008976}}
{"target": -143.88246582013716, "params": {"gamma": 2.706249385980867, "prior": 0.3086887610715615, "rate": 9.850470490551084}, "datetime": {"datetime": "2024-06-14 04:54:11", "elapsed": 7.221577, "delta": 0.008976}}
{"target": -512.4195781214231, "params": {"gamma": 6.116124507605985, "prior": 3.8457030044689664, "rate": 0.2662569827533811}, "datetime": {"datetime": "2024-06-14 04:54:11", "elapsed": 7.23155, "delta": 0.009973}}
{"target": -137.77080591361548, "params": {"gamma": 3.8989976450014674, "prior": 4.580330401225699, "rate": 9.310100934451263}, "datetime": {"datetime": "2024-06-14 04:54:11", "elapsed": 7.240526, "delta": 0.008976}}
{"target": -139.59994137464523, "params": {"gamma": 2.7857632142087283, "prior": 6.186340721724661, "rate": 6.6520183774673525}, "datetime": {"datetime": "2024-06-14 04:54:11", "elapsed": 7.249502, "delta": 0.008976}}
{"target": -113.66623192181486, "params": {"gamma": 1.8604237369935928, "prior": 5.107057154965675, "rate": 7.86522112783649}, "datetime": {"datetime": "2024-06-14 04:54:11", "elapsed": 7.259476, "delta": 0.009974}}
{"target": -179.8832975095507, "params": {"gamma": 0.966693765249707, "prior": 6.099749451872725, "rate": 0.261573266951244}, "datetime": {"datetime": "2024-06-14 04:54:11", "elapsed": 7.268452, "delta": 0.008976}}
{"target": -141.3070569532603, "params": {"gamma": 0.07146019137694642, "prior": 0.6893332106867064, "rate": 4.814523191031215}, "datetime": {"datetime": "2024-06-14 04:54:11", "elapsed": 7.277428, "delta": 0.008976}}
{"target": -671.427151076413, "params": {"gamma": 9.257115382793618, "prior": 4.1150181029763395, "rate": 0.7512513607260716}, "datetime": {"datetime": "2024-06-14 04:54:11", "elapsed": 7.287401, "delta": 0.009973}}
{"target": -417.48339973812557, "params": {"gamma": 8.613663392355804, "prior": 5.241046096157358, "rate": 3.1900397533053235}, "datetime": {"datetime": "2024-06-14 04:54:11", "elapsed": 7.296651, "delta": 0.00925}}
{"target": -636.7211376711352, "params": {"gamma": 9.630360355507971, "prior": 9.388791508173545, "rate": 2.6009297005949668}, "datetime": {"datetime": "2024-06-14 04:54:11", "elapsed": 7.306625, "delta": 0.009974}}
{"target": -117.24677192569499, "params": {"gamma": 2.014717145283489, "prior": 5.930196162730165, "rate": 8.425339580205748}, "datetime": {"datetime": "2024-06-14 04:54:11", "elapsed": 7.3156, "delta": 0.008975}}
{"target": -246.82264792976414, "params": {"gamma": 3.3678741763608038, "prior": 5.90565127249619, "rate": 1.623287749788599}, "datetime": {"datetime": "2024-06-14 04:54:11", "elapsed": 7.324576, "delta": 0.008976}}
{"target": -189.9470030278625, "params": {"gamma": 1.94674275864618, "prior": 7.637218638321746, "rate": 1.5018345150591474}, "datetime": {"datetime": "2024-06-14 04:54:11", "elapsed": 7.333558, "delta": 0.008982}}
{"target": -289.57157039457655, "params": {"gamma": 2.659804503437227, "prior": 6.925999145458927, "rate": 0.15187798702215813}, "datetime": {"datetime": "2024-06-14 04:54:11", "elapsed": 7.343529, "delta": 0.009971}}
{"target": -129.8232908182305, "params": {"gamma": 0.3229118442818368, "prior": 2.946506806237884, "rate": 3.366895181942479}, "datetime": {"datetime": "2024-06-14 04:54:11", "elapsed": 7.352505, "delta": 0.008976}}
