{"target": -240.95439234803789, "params": {"gamma": 5.310942498517634, "prior": 8.153913136901503, "rate": 3.763565542385325}, "datetime": {"datetime": "2024-06-14 19:13:35", "elapsed": 10.358275, "delta": 0.009973}}
{"target": -204.54079106351085, "params": {"gamma": 4.4582994882209785, "prior": 7.53393534067921, "rate": 0.9843654431052541}, "datetime": {"datetime": "2024-06-14 19:13:35", "elapsed": 10.367252, "delta": 0.008977}}
{"target": -188.06621663899216, "params": {"gamma": 3.6059025236596125, "prior": 5.680691927335912, "rate": 2.3866173738298953}, "datetime": {"datetime": "2024-06-14 19:13:35", "elapsed": 10.377253, "delta": 0.010001}}
{"target": -394.76355786825917, "params": {"gamma": 8.399697763448607, "prior": 7.6819248236704, "rate": 9.655460253343795}, "datetime": {"datetime": "2024-06-14 19:13:35", "elapsed": 10.38723, "delta": 0.009977}}
{"target": -316.8865831472164, "params": {"gamma": 5.230357762062273, "prior": 1.1545941141068716, "rate": 9.366233613591808}, "datetime": {"datetime": "2024-06-14 19:13:35", "elapsed": 10.396174, "delta": 0.008944}}
{"target": -403.02826503220473, "params": {"gamma": 8.342525658973996, "prior": 5.489739793932052, "rate": 8.363186471576656}, "datetime": {"datetime": "2024-06-14 19:13:35", "elapsed": 10.406147, "delta": 0.009973}}
{"target": -381.70184904540685, "params": {"gamma": 8.81702750262007, "prior": 7.783203259932287, "rate": 5.712968516447132}, "datetime": {"datetime": "2024-06-14 19:13:35", "elapsed": 10.416121, "delta": 0.009974}}
{"target": -282.08966123625015, "params": {"gamma": 6.153371915939358, "prior": 8.459467758169252, "rate": 6.222544146503024}, "datetime": {"datetime": "2024-06-14 19:13:35", "elapsed": 10.425096, "delta": 0.008975}}
{"target": -154.7506614194214, "params": {"gamma": 2.0655931119171287, "prior": 6.945735393184301, "rate": 5.320605487023739}, "datetime": {"datetime": "2024-06-14 19:13:35", "elapsed": 10.43507, "delta": 0.009974}}
{"target": -202.54725204236317, "params": {"gamma": 2.633207341942995, "prior": 0.10778676114340056, "rate": 2.3557421152378364}, "datetime": {"datetime": "2024-06-14 19:13:35", "elapsed": 10.444046, "delta": 0.008976}}
{"target": -313.2390307440971, "params": {"gamma": 6.735993413062344, "prior": 8.795369976841354, "rate": 8.307194989836436}, "datetime": {"datetime": "2024-06-14 19:13:35", "elapsed": 10.454019, "delta": 0.009973}}
{"target": -149.08930324299567, "params": {"gamma": 1.0819657484995155, "prior": 0.8041372972760987, "rate": 7.616161526478173}, "datetime": {"datetime": "2024-06-14 19:13:35", "elapsed": 10.463992, "delta": 0.009973}}
{"target": -165.61784250199702, "params": {"gamma": 2.849048887810949, "prior": 2.790850219716551, "rate": 0.021001005783708615}, "datetime": {"datetime": "2024-06-14 19:13:35", "elapsed": 10.472968, "delta": 0.008976}}
{"target": -143.2159707732061, "params": {"gamma": 0.9862915673948899, "prior": 1.442410769184296, "rate": 1.5944427020857364}, "datetime": {"datetime": "2024-06-14 19:13:35", "elapsed": 10.482942, "delta": 0.009974}}
{"target": -228.59452708839493, "params": {"gamma": 4.453690712551038, "prior": 8.159944565765821, "rate": 8.123168855569107}, "datetime": {"datetime": "2024-06-14 19:13:35", "elapsed": 10.491918, "delta": 0.008976}}
{"target": -438.5428090368354, "params": {"gamma": 9.099986227202798, "prior": 4.491561182341304, "rate": 7.087396368942189}, "datetime": {"datetime": "2024-06-14 19:13:35", "elapsed": 10.501891, "delta": 0.009973}}
{"target": -252.57739288476014, "params": {"gamma": 4.883852847086367, "prior": 0.5934413255317578, "rate": 0.8052339082615015}, "datetime": {"datetime": "2024-06-14 19:13:35", "elapsed": 10.511865, "delta": 0.009974}}
{"target": -162.66656710171742, "params": {"gamma": 2.4601774098261746, "prior": 9.818055113367866, "rate": 6.919480375538572}, "datetime": {"datetime": "2024-06-14 19:13:35", "elapsed": 10.521838, "delta": 0.009973}}
{"target": -170.5539695518487, "params": {"gamma": 2.680807810991347, "prior": 7.09200612105803, "rate": 6.6137999976813155}, "datetime": {"datetime": "2024-06-14 19:13:35", "elapsed": 10.532639, "delta": 0.010801}}
{"target": -145.73247795216318, "params": {"gamma": 0.4338583185782008, "prior": 3.6787270879532055, "rate": 7.737506106039536}, "datetime": {"datetime": "2024-06-14 19:13:35", "elapsed": 10.542613, "delta": 0.009974}}
{"target": -143.07845593461627, "params": {"gamma": 0.7861506254262016, "prior": 8.855402756081128, "rate": 9.308752094249328}, "datetime": {"datetime": "2024-06-14 19:13:35", "elapsed": 10.551589, "delta": 0.008976}}
{"target": -469.44192987157334, "params": {"gamma": 8.531002038386509, "prior": 1.2620382805993853, "rate": 5.652169643537417}, "datetime": {"datetime": "2024-06-14 19:13:35", "elapsed": 10.561562, "delta": 0.009973}}
{"target": -275.1818734791636, "params": {"gamma": 7.075891918374401, "prior": 8.89100289040774, "rate": 0.958664516968829}, "datetime": {"datetime": "2024-06-14 19:13:35", "elapsed": 10.571535, "delta": 0.009973}}
{"target": -411.57852930068805, "params": {"gamma": 8.157890074908734, "prior": 2.852361683520942, "rate": 5.923281570273373}, "datetime": {"datetime": "2024-06-14 19:13:35", "elapsed": 10.581509, "delta": 0.009974}}
{"target": -297.42136858777764, "params": {"gamma": 7.198237298029824, "prior": 7.7924895786681345, "rate": 2.947353825139696}, "datetime": {"datetime": "2024-06-14 19:13:35", "elapsed": 10.590485, "delta": 0.008976}}
{"target": -334.0246821969214, "params": {"gamma": 6.074158012949801, "prior": 2.945981454603072, "rate": 9.983169186094411}, "datetime": {"datetime": "2024-06-14 19:13:35", "elapsed": 10.600458, "delta": 0.009973}}
{"target": -411.43556885663844, "params": {"gamma": 8.145241573815564, "prior": 4.198381371066737, "rate": 8.791542714456694}, "datetime": {"datetime": "2024-06-14 19:13:35", "elapsed": 10.610432, "delta": 0.009974}}
{"target": -286.8201735558247, "params": {"gamma": 7.325278649969429, "prior": 9.294594614204785, "rate": 1.7169353317749951}, "datetime": {"datetime": "2024-06-14 19:13:35", "elapsed": 10.620405, "delta": 0.009973}}
{"target": -193.47892397456204, "params": {"gamma": 2.9490552142038204, "prior": 1.0279930931389578, "rate": 3.1804923357554484}, "datetime": {"datetime": "2024-06-14 19:13:35", "elapsed": 10.630048, "delta": 0.009643}}
{"target": -201.22673892478775, "params": {"gamma": 3.812504948851634, "prior": 6.36385414222566, "rate": 4.715727863547479}, "datetime": {"datetime": "2024-06-14 19:13:35", "elapsed": 10.641018, "delta": 0.01097}}
{"target": -313.487186453875, "params": {"gamma": 7.176972138789694, "prior": 2.7653129816669733, "rate": 1.7313941351026625}, "datetime": {"datetime": "2024-06-14 19:13:35", "elapsed": 10.650992, "delta": 0.009974}}
{"target": -204.68603649657413, "params": {"gamma": 3.7918469051508774, "prior": 4.43700623053576, "rate": 4.221843551590521}, "datetime": {"datetime": "2024-06-14 19:13:35", "elapsed": 10.660965, "delta": 0.009973}}
{"target": -426.755746532065, "params": {"gamma": 9.135783296928588, "prior": 2.7687134816348475, "rate": 3.5210819835488736}, "datetime": {"datetime": "2024-06-14 19:13:35", "elapsed": 10.670939, "delta": 0.009974}}
{"target": -158.45479343705784, "params": {"gamma": 2.1528813919731067, "prior": 3.7820378129023013, "rate": 3.8991640529202587}, "datetime": {"datetime": "2024-06-14 19:13:36", "elapsed": 10.679915, "delta": 0.008976}}
{"target": -274.1971019496198, "params": {"gamma": 5.754695144061634, "prior": 2.855813288362186, "rate": 2.595663592769973}, "datetime": {"datetime": "2024-06-14 19:13:36", "elapsed": 10.689888, "delta": 0.009973}}
{"target": -279.72711425972386, "params": {"gamma": 7.190894889170183, "prior": 9.110769204968191, "rate": 1.2218460988148518}, "datetime": {"datetime": "2024-06-14 19:13:36", "elapsed": 10.699863, "delta": 0.009975}}
{"target": -161.305531967446, "params": {"gamma": 1.8237074185290985, "prior": 1.4177854842714415, "rate": 6.836393220362168}, "datetime": {"datetime": "2024-06-14 19:13:36", "elapsed": 10.709834, "delta": 0.009971}}
{"target": -152.7212316324109, "params": {"gamma": 2.1408837173038955, "prior": 6.0852588727331, "rate": 2.0175856692950274}, "datetime": {"datetime": "2024-06-14 19:13:36", "elapsed": 10.71881, "delta": 0.008976}}
{"target": -412.4190522483913, "params": {"gamma": 8.177754179737551, "prior": 3.229460609356161, "rate": 6.696498030094077}, "datetime": {"datetime": "2024-06-14 19:13:36", "elapsed": 10.728784, "delta": 0.009974}}
{"target": -146.5496143053325, "params": {"gamma": 1.4881868944628063, "prior": 3.128859926152989, "rate": 2.9731172115714624}, "datetime": {"datetime": "2024-06-14 19:13:36", "elapsed": 10.738758, "delta": 0.009974}}
{"target": -308.56852596651896, "params": {"gamma": 6.3511642455179445, "prior": 6.840717218521033, "rate": 8.452641216391733}, "datetime": {"datetime": "2024-06-14 19:13:36", "elapsed": 10.748731, "delta": 0.009973}}
{"target": -151.5639312314653, "params": {"gamma": 1.8342857207824639, "prior": 7.628254666633741, "rate": 7.119682083391317}, "datetime": {"datetime": "2024-06-14 19:13:36", "elapsed": 10.757707, "delta": 0.008976}}
{"target": -234.87683895053786, "params": {"gamma": 5.575881596860648, "prior": 6.536613564525276, "rate": 0.9008610352239393}, "datetime": {"datetime": "2024-06-14 19:13:36", "elapsed": 10.76768, "delta": 0.009973}}
{"target": -148.65932438280177, "params": {"gamma": 1.4696112814099909, "prior": 4.214160035094695, "rate": 7.1139955123219485}, "datetime": {"datetime": "2024-06-14 19:13:36", "elapsed": 10.776687, "delta": 0.009007}}
{"target": -150.49321728046473, "params": {"gamma": 1.6790438150723197, "prior": 3.950893478320653, "rate": 4.979961592920374}, "datetime": {"datetime": "2024-06-14 19:13:36", "elapsed": 10.78663, "delta": 0.009943}}
{"target": -564.1085355908164, "params": {"gamma": 9.350522223405173, "prior": 0.6464428616796051, "rate": 8.290245901995016}, "datetime": {"datetime": "2024-06-14 19:13:36", "elapsed": 10.796603, "delta": 0.009973}}
{"target": -518.5327682557395, "params": {"gamma": 9.841614299141947, "prior": 2.7459988738469, "rate": 8.90068298043714}, "datetime": {"datetime": "2024-06-14 19:13:36", "elapsed": 10.805579, "delta": 0.008976}}
{"target": -171.962076625084, "params": {"gamma": 2.9037110876153163, "prior": 8.010174232146655, "rate": 4.599113822624364}, "datetime": {"datetime": "2024-06-14 19:13:36", "elapsed": 10.815552, "delta": 0.009973}}
{"target": -322.9504175226921, "params": {"gamma": 5.976488880119824, "prior": 2.443007029974514, "rate": 6.87646200664599}, "datetime": {"datetime": "2024-06-14 19:13:36", "elapsed": 10.824557, "delta": 0.009005}}
{"target": -146.2540037236554, "params": {"gamma": 1.4876999762661907, "prior": 5.640896340117552, "rate": 4.943794976509587}, "datetime": {"datetime": "2024-06-14 19:13:36", "elapsed": 10.835075, "delta": 0.010518}}
{"target": -407.50471772819844, "params": {"gamma": 8.372222753498248, "prior": 4.866538302199957, "rate": 7.847524868907307}, "datetime": {"datetime": "2024-06-14 19:13:36", "elapsed": 10.84405, "delta": 0.008975}}
{"target": -231.61084769829827, "params": {"gamma": 4.003542773051022, "prior": 3.1482687409659618, "rate": 7.872484136639694}, "datetime": {"datetime": "2024-06-14 19:13:36", "elapsed": 10.854024, "delta": 0.009974}}
{"target": -222.0769229799074, "params": {"gamma": 4.185224174850338, "prior": 5.017984006012016, "rate": 5.773647990711966}, "datetime": {"datetime": "2024-06-14 19:13:36", "elapsed": 10.863001, "delta": 0.008977}}
{"target": -355.39587101392556, "params": {"gamma": 8.196837713155396, "prior": 5.8550677488045215, "rate": 4.062022883905419}, "datetime": {"datetime": "2024-06-14 19:13:36", "elapsed": 10.872973, "delta": 0.009972}}
{"target": -149.31761023110042, "params": {"gamma": 1.6067076982639186, "prior": 7.050901918649678, "rate": 8.832444983696695}, "datetime": {"datetime": "2024-06-14 19:13:36", "elapsed": 10.882765, "delta": 0.009792}}
{"target": -145.0737445884254, "params": {"gamma": 1.0846805001536175, "prior": 4.715518360549507, "rate": 9.34542051628517}, "datetime": {"datetime": "2024-06-14 19:13:36", "elapsed": 10.89174, "delta": 0.008975}}
{"target": -235.84975465284998, "params": {"gamma": 5.635528165584233, "prior": 5.4980097896596, "rate": 0.6356920232315505}, "datetime": {"datetime": "2024-06-14 19:13:36", "elapsed": 10.901713, "delta": 0.009973}}
{"target": -231.82428824734328, "params": {"gamma": 5.353466496108746, "prior": 6.579958907817386, "rate": 1.466771864485812}, "datetime": {"datetime": "2024-06-14 19:13:36", "elapsed": 10.911687, "delta": 0.009974}}
{"target": -505.6847030511984, "params": {"gamma": 9.563690911740819, "prior": 2.0418928402390932, "rate": 6.739586009585863}, "datetime": {"datetime": "2024-06-14 19:13:36", "elapsed": 10.920663, "delta": 0.008976}}
{"target": -182.20874572613653, "params": {"gamma": 2.744137192928587, "prior": 1.1734652549355584, "rate": 2.6097471361451294}, "datetime": {"datetime": "2024-06-14 19:13:36", "elapsed": 10.930636, "delta": 0.009973}}
{"target": -182.38722162647394, "params": {"gamma": 3.3421841833472294, "prior": 4.700845584587125, "rate": 2.3443300775714717}, "datetime": {"datetime": "2024-06-14 19:13:36", "elapsed": 10.94061, "delta": 0.009974}}
{"target": -335.92673850160037, "params": {"gamma": 7.27531136269942, "prior": 8.09119191003769, "rate": 7.909964984873447}, "datetime": {"datetime": "2024-06-14 19:13:36", "elapsed": 10.949586, "delta": 0.008976}}
{"target": -320.5073423360736, "params": {"gamma": 7.157769735363946, "prior": 2.7694681369941243, "rate": 2.1053674526157167}, "datetime": {"datetime": "2024-06-14 19:13:36", "elapsed": 10.959559, "delta": 0.009973}}
{"target": -141.54876453571026, "params": {"gamma": 1.092174154085908, "prior": 4.027142903887254, "rate": 0.8735791351201521}, "datetime": {"datetime": "2024-06-14 19:13:36", "elapsed": 10.969532, "delta": 0.009973}}
{"target": -299.6257259027687, "params": {"gamma": 6.554241175168271, "prior": 9.503306252187942, "rate": 7.556577172510941}, "datetime": {"datetime": "2024-06-14 19:13:36", "elapsed": 10.978508, "delta": 0.008976}}
{"target": -150.79002391523846, "params": {"gamma": 1.1698003792568261, "prior": 0.3027643623121794, "rate": 3.349553409033682}, "datetime": {"datetime": "2024-06-14 19:13:36", "elapsed": 10.988481, "delta": 0.009973}}
{"target": -501.0655468482242, "params": {"gamma": 9.928768691433605, "prior": 3.197034304972313, "rate": 7.37534048014249}, "datetime": {"datetime": "2024-06-14 19:13:36", "elapsed": 10.998455, "delta": 0.009974}}
{"target": -313.76558017796714, "params": {"gamma": 7.165577236537339, "prior": 5.768320217183284, "rate": 3.6770929306387004}, "datetime": {"datetime": "2024-06-14 19:13:36", "elapsed": 11.007431, "delta": 0.008976}}
{"target": -150.76145759303512, "params": {"gamma": 2.083448674606851, "prior": 9.801992242791993, "rate": 0.6598718062812502}, "datetime": {"datetime": "2024-06-14 19:13:36", "elapsed": 11.017404, "delta": 0.009973}}
{"target": -172.8032434294945, "params": {"gamma": 2.363041291619063, "prior": 3.1581047580501553, "rate": 9.09512403146957}, "datetime": {"datetime": "2024-06-14 19:13:36", "elapsed": 11.02638, "delta": 0.008976}}
{"target": -310.55350513251665, "params": {"gamma": 7.133979260927965, "prior": 2.727181317356326, "rate": 1.6458485280836919}, "datetime": {"datetime": "2024-06-14 19:13:36", "elapsed": 11.036354, "delta": 0.009974}}
{"target": -320.2771627489772, "params": {"gamma": 8.805093637851785, "prior": 7.958453011075212, "rate": 0.38483593233206737}, "datetime": {"datetime": "2024-06-14 19:13:36", "elapsed": 11.046328, "delta": 0.009974}}
{"target": -383.58296381130793, "params": {"gamma": 8.79312913512225, "prior": 5.9206034775835645, "rate": 4.575914432666735}, "datetime": {"datetime": "2024-06-14 19:13:36", "elapsed": 11.0563, "delta": 0.009972}}
{"target": -391.7197773220357, "params": {"gamma": 6.73884491695568, "prior": 0.49048370550033693, "rate": 3.303881713493146}, "datetime": {"datetime": "2024-06-14 19:13:36", "elapsed": 11.065276, "delta": 0.008976}}
{"target": -142.19460871204402, "params": {"gamma": 0.8813961296757109, "prior": 6.868010901332397, "rate": 3.9807191404477567}, "datetime": {"datetime": "2024-06-14 19:13:36", "elapsed": 11.075249, "delta": 0.009973}}
{"target": -266.86184793534704, "params": {"gamma": 4.790061963647635, "prior": 2.969053058004484, "rate": 7.883156906603142}, "datetime": {"datetime": "2024-06-14 19:13:36", "elapsed": 11.084225, "delta": 0.008976}}
{"target": -145.42654022142167, "params": {"gamma": 0.4660803099952485, "prior": 2.883143899002197, "rate": 5.906368021727022}, "datetime": {"datetime": "2024-06-14 19:13:36", "elapsed": 11.094763, "delta": 0.010538}}
{"target": -371.6081893616672, "params": {"gamma": 7.901544890842957, "prior": 6.055833425528347, "rate": 7.305156197867701}, "datetime": {"datetime": "2024-06-14 19:13:36", "elapsed": 11.10374, "delta": 0.008977}}
{"target": -147.77261841419102, "params": {"gamma": 0.23625562086340346, "prior": 2.623743534154576, "rate": 0.42187550666388557}, "datetime": {"datetime": "2024-06-14 19:13:36", "elapsed": 11.113712, "delta": 0.009972}}
{"target": -218.49759344670002, "params": {"gamma": 5.000623972289424, "prior": 9.892488931793658, "rate": 0.1362915505440842}, "datetime": {"datetime": "2024-06-14 19:13:36", "elapsed": 11.123685, "delta": 0.009973}}
{"target": -305.6362375927745, "params": {"gamma": 4.409349504334219, "prior": 0.14738553924825692, "rate": 6.1292733046741406}, "datetime": {"datetime": "2024-06-14 19:13:36", "elapsed": 11.132661, "delta": 0.008976}}
{"target": -147.40949227314053, "params": {"gamma": 1.8344039025545689, "prior": 7.156143659526229, "rate": 1.5973254712175065}, "datetime": {"datetime": "2024-06-14 19:13:36", "elapsed": 11.142308, "delta": 0.009647}}
{"target": -404.78588458299834, "params": {"gamma": 8.28592797664837, "prior": 2.141163820968893, "rate": 3.522810522045676}, "datetime": {"datetime": "2024-06-14 19:13:36", "elapsed": 11.152315, "delta": 0.010007}}
{"target": -158.29150961073162, "params": {"gamma": 2.3065541407607677, "prior": 8.0960764752713, "rate": 4.903209285941475}, "datetime": {"datetime": "2024-06-14 19:13:36", "elapsed": 11.162285, "delta": 0.00997}}
{"target": -468.8994656295062, "params": {"gamma": 8.738461225360355, "prior": 1.3878511297112337, "rate": 4.990082145540017}, "datetime": {"datetime": "2024-06-14 19:13:36", "elapsed": 11.171231, "delta": 0.008946}}
{"target": -338.84217259332115, "params": {"gamma": 7.766359726186858, "prior": 9.813980671032251, "rate": 6.734103924215217}, "datetime": {"datetime": "2024-06-14 19:13:36", "elapsed": 11.181205, "delta": 0.009974}}
{"target": -147.10515961135533, "params": {"gamma": 1.8308287966897505, "prior": 7.621752259925226, "rate": 0.747277516013488}, "datetime": {"datetime": "2024-06-14 19:13:36", "elapsed": 11.191178, "delta": 0.009973}}
{"target": -332.94805285231297, "params": {"gamma": 7.62796186474408, "prior": 8.295370786127524, "rate": 5.592537951402159}, "datetime": {"datetime": "2024-06-14 19:13:36", "elapsed": 11.200154, "delta": 0.008976}}
{"target": -216.94121080588084, "params": {"gamma": 4.927715577252471, "prior": 9.371621484501743, "rate": 0.0019694099260602308}, "datetime": {"datetime": "2024-06-14 19:13:36", "elapsed": 11.210127, "delta": 0.009973}}
{"target": -150.50911323845332, "params": {"gamma": 0.0966593768907281, "prior": 2.5943190891398578, "rate": 5.057258956122923}, "datetime": {"datetime": "2024-06-14 19:13:36", "elapsed": 11.220101, "delta": 0.009974}}
{"target": -256.5630224201578, "params": {"gamma": 5.404626088310402, "prior": 3.775794997844595, "rate": 2.9278210405766725}, "datetime": {"datetime": "2024-06-14 19:13:36", "elapsed": 11.230075, "delta": 0.009974}}
{"target": -151.21008216827653, "params": {"gamma": 2.0244710973929743, "prior": 8.02279075452163, "rate": 3.159913122914842}, "datetime": {"datetime": "2024-06-14 19:13:36", "elapsed": 11.23905, "delta": 0.008975}}
{"target": -238.82218892785403, "params": {"gamma": 4.925187387485644, "prior": 8.131779827869634, "rate": 6.123977065658692}, "datetime": {"datetime": "2024-06-14 19:13:36", "elapsed": 11.249023, "delta": 0.009973}}
{"target": -231.83293618307283, "params": {"gamma": 4.086676353275073, "prior": 1.851351801368232, "rate": 3.977123246381154}, "datetime": {"datetime": "2024-06-14 19:13:36", "elapsed": 11.259035, "delta": 0.010012}}
{"target": -219.8725686952339, "params": {"gamma": 4.852641324647453, "prior": 9.906787466384639, "rate": 2.842666564129935}, "datetime": {"datetime": "2024-06-14 19:13:36", "elapsed": 11.26897, "delta": 0.009935}}
{"target": -148.69648048568192, "params": {"gamma": 1.6572311251158391, "prior": 2.2836975838028972, "rate": 2.115461976224172}, "datetime": {"datetime": "2024-06-14 19:13:36", "elapsed": 11.277946, "delta": 0.008976}}
{"target": -142.77660371351385, "params": {"gamma": 0.761400858057041, "prior": 3.712586214392191, "rate": 2.848055513881634}, "datetime": {"datetime": "2024-06-14 19:13:36", "elapsed": 11.287919, "delta": 0.009973}}
{"target": -327.9864730440712, "params": {"gamma": 8.876000332641663, "prior": 7.824570138568547, "rate": 1.09154050351661}, "datetime": {"datetime": "2024-06-14 19:13:36", "elapsed": 11.297893, "delta": 0.009974}}
{"target": -482.5902402087877, "params": {"gamma": 8.505184450178726, "prior": 1.1850262084006502, "rate": 7.2023572600056704}, "datetime": {"datetime": "2024-06-14 19:13:36", "elapsed": 11.306869, "delta": 0.008976}}
{"target": -347.5540341027954, "params": {"gamma": 5.728670154913063, "prior": 0.9594030042480481, "rate": 9.053375032737591}, "datetime": {"datetime": "2024-06-14 19:13:36", "elapsed": 11.316842, "delta": 0.009973}}
{"target": -354.13974783197636, "params": {"gamma": 8.745790582338879, "prior": 8.454132140483077, "rate": 3.6963039838180336}, "datetime": {"datetime": "2024-06-14 19:13:36", "elapsed": 11.326815, "delta": 0.009973}}
