{"target": -144.12409167033468, "params": {"gamma": 0.5287857773295865, "prior": 8.914019769519989, "rate": 4.045739285423598}, "datetime": {"datetime": "2024-06-14 04:07:33", "elapsed": 8.56456, "delta": 0.009973}}
{"target": -665.913764119534, "params": {"gamma": 9.292802548221829, "prior": 4.080573920625559, "rate": 0.7692460154620339}, "datetime": {"datetime": "2024-06-14 04:07:33", "elapsed": 8.573536, "delta": 0.008976}}
{"target": -154.16916476080078, "params": {"gamma": 2.4537661400558073, "prior": 3.5675790065013078, "rate": 7.507532195259897}, "datetime": {"datetime": "2024-06-14 04:07:33", "elapsed": 8.58351, "delta": 0.009974}}
{"target": -137.313118806206, "params": {"gamma": 1.8482967753404873, "prior": 4.366639171886156, "rate": 8.732580952739871}, "datetime": {"datetime": "2024-06-14 04:07:33", "elapsed": 8.592486, "delta": 0.008976}}
{"target": -386.0693865246662, "params": {"gamma": 5.338077152636459, "prior": 1.121231725515661, "rate": 0.24620034805926763}, "datetime": {"datetime": "2024-06-14 04:07:33", "elapsed": 8.602459, "delta": 0.009973}}
{"target": -340.0950724229943, "params": {"gamma": 7.058392201809326, "prior": 9.79336216048635, "rate": 7.851867464260117}, "datetime": {"datetime": "2024-06-14 04:07:33", "elapsed": 8.612003, "delta": 0.009544}}
{"target": -324.40254181751203, "params": {"gamma": 7.647497242257331, "prior": 6.786930405212397, "rate": 7.9552316002763535}, "datetime": {"datetime": "2024-06-14 04:07:33", "elapsed": 8.621976, "delta": 0.009973}}
{"target": -129.95117651603118, "params": {"gamma": 0.40113783894076427, "prior": 2.720348153996855, "rate": 6.9542799621795535}, "datetime": {"datetime": "2024-06-14 04:07:33", "elapsed": 8.631788, "delta": 0.009812}}
{"target": -587.7889945817484, "params": {"gamma": 8.670016307747831, "prior": 6.778608030986559, "rate": 1.7635850037063328}, "datetime": {"datetime": "2024-06-14 04:07:33", "elapsed": 8.640764, "delta": 0.008976}}
{"target": -727.2339513624723, "params": {"gamma": 9.363148290996985, "prior": 9.043449131097443, "rate": 0.8677009826349238}, "datetime": {"datetime": "2024-06-14 04:07:33", "elapsed": 8.650737, "delta": 0.009973}}
{"target": -142.01144967862973, "params": {"gamma": 1.9308073757049558, "prior": 2.824411003044214, "rate": 7.384380294175464}, "datetime": {"datetime": "2024-06-14 04:07:33", "elapsed": 8.660271, "delta": 0.009534}}
{"target": -546.8108693522851, "params": {"gamma": 8.59387390968027, "prior": 5.825391635770356, "rate": 1.9972560609459706}, "datetime": {"datetime": "2024-06-14 04:07:33", "elapsed": 8.669246, "delta": 0.008975}}
{"target": -270.6348738707573, "params": {"gamma": 4.151483786326004, "prior": 1.4648060826146607, "rate": 9.174044472397386}, "datetime": {"datetime": "2024-06-14 04:07:33", "elapsed": 8.67922, "delta": 0.009974}}
{"target": -352.2775476464791, "params": {"gamma": 7.645544873164326, "prior": 5.151116954680168, "rate": 4.536296856665209}, "datetime": {"datetime": "2024-06-14 04:07:33", "elapsed": 8.689193, "delta": 0.009973}}
{"target": -149.30506537442773, "params": {"gamma": 0.9793229413773535, "prior": 3.2548860273732405, "rate": 1.2072073207786072}, "datetime": {"datetime": "2024-06-14 04:07:33", "elapsed": 8.698169, "delta": 0.008976}}
{"target": -473.9943145484011, "params": {"gamma": 7.823598295559239, "prior": 5.494348696094326, "rate": 2.2735465367701733}, "datetime": {"datetime": "2024-06-14 04:07:33", "elapsed": 8.708143, "delta": 0.009974}}
{"target": -149.21299664028788, "params": {"gamma": 2.242804189720107, "prior": 2.677942155406277, "rate": 3.0894186504102437}, "datetime": {"datetime": "2024-06-14 04:07:33", "elapsed": 8.718116, "delta": 0.009973}}
{"target": -202.7930554826531, "params": {"gamma": 3.8776636126823174, "prior": 3.0457344305346488, "rate": 6.795879389436971}, "datetime": {"datetime": "2024-06-14 04:07:33", "elapsed": 8.728119, "delta": 0.010003}}
{"target": -132.7132361133636, "params": {"gamma": 0.351701119431484, "prior": 3.3482921178205443, "rate": 7.4531734367072975}, "datetime": {"datetime": "2024-06-14 04:07:33", "elapsed": 8.737066, "delta": 0.008947}}
{"target": -618.4570454031049, "params": {"gamma": 9.428137042767773, "prior": 8.047052246559756, "rate": 2.4090212695059683}, "datetime": {"datetime": "2024-06-14 04:07:33", "elapsed": 8.747069, "delta": 0.010003}}
{"target": -166.99496890694536, "params": {"gamma": 2.329921768369933, "prior": 1.9843342677001725, "rate": 8.825092851051235}, "datetime": {"datetime": "2024-06-14 04:07:33", "elapsed": 8.757012, "delta": 0.009943}}
{"target": -194.40107406732307, "params": {"gamma": 2.3793190167249576, "prior": 7.605988171789962, "rate": 2.611236264315461}, "datetime": {"datetime": "2024-06-14 04:07:33", "elapsed": 8.765988, "delta": 0.008976}}
{"target": -139.64848199828, "params": {"gamma": 0.3317853522317488, "prior": 7.3611322306807825, "rate": 7.262291896142214}, "datetime": {"datetime": "2024-06-14 04:07:33", "elapsed": 8.775961, "delta": 0.009973}}
{"target": -122.45837593563404, "params": {"gamma": 0.8905021504995737, "prior": 3.334342453503056, "rate": 9.483704536600037}, "datetime": {"datetime": "2024-06-14 04:07:33", "elapsed": 8.784937, "delta": 0.008976}}
{"target": -146.8306234925139, "params": {"gamma": 1.6303270368232625, "prior": 0.9580574792638101, "rate": 5.946444277228148}, "datetime": {"datetime": "2024-06-14 04:07:33", "elapsed": 8.794419, "delta": 0.009482}}
{"target": -485.3694164549986, "params": {"gamma": 9.309967663594373, "prior": 1.424405246656605, "rate": 5.130609924306518}, "datetime": {"datetime": "2024-06-14 04:07:33", "elapsed": 8.804394, "delta": 0.009975}}
{"target": -562.5333004454379, "params": {"gamma": 6.84030814195546, "prior": 1.8011146201075885, "rate": 0.11358767502840258}, "datetime": {"datetime": "2024-06-14 04:07:33", "elapsed": 8.814369, "delta": 0.009975}}
{"target": -532.3394785577801, "params": {"gamma": 8.876943621666769, "prior": 0.44878957946825926, "rate": 2.575325379792938}, "datetime": {"datetime": "2024-06-14 04:07:33", "elapsed": 8.823345, "delta": 0.008976}}
{"target": -560.7974289807212, "params": {"gamma": 6.5171886333749445, "prior": 2.929251040222046, "rate": 0.09806625815159087}, "datetime": {"datetime": "2024-06-14 04:07:33", "elapsed": 8.833319, "delta": 0.009974}}
{"target": -339.9019390953108, "params": {"gamma": 5.754942892815359, "prior": 3.147143555513635, "rate": 1.5159891044593792}, "datetime": {"datetime": "2024-06-14 04:07:33", "elapsed": 8.842295, "delta": 0.008976}}
{"target": -530.3397488393455, "params": {"gamma": 9.712861834014069, "prior": 1.7332254521996295, "rate": 7.272627175991628}, "datetime": {"datetime": "2024-06-14 04:07:33", "elapsed": 8.852268, "delta": 0.009973}}
{"target": -625.8696392154549, "params": {"gamma": 8.907351190743636, "prior": 8.601279645696758, "rate": 1.8433864145173096}, "datetime": {"datetime": "2024-06-14 04:07:33", "elapsed": 8.861943, "delta": 0.009675}}
{"target": -215.04239819581642, "params": {"gamma": 2.3688485284086984, "prior": 0.2817901013754669, "rate": 9.314123267181278}, "datetime": {"datetime": "2024-06-14 04:07:33", "elapsed": 8.871677, "delta": 0.009734}}
{"target": -639.9262713374627, "params": {"gamma": 8.871324645396406, "prior": 5.995115072798474, "rate": 1.0945671874130298}, "datetime": {"datetime": "2024-06-14 04:07:33", "elapsed": 8.881754, "delta": 0.010077}}
{"target": -162.64348466432347, "params": {"gamma": 1.736252925778173, "prior": 5.811907672232824, "rate": 2.5173180780279494}, "datetime": {"datetime": "2024-06-14 04:07:33", "elapsed": 8.891262, "delta": 0.009508}}
{"target": -172.10987640566688, "params": {"gamma": 3.0024181605272484, "prior": 1.792774754535882, "rate": 1.8967275990085757}, "datetime": {"datetime": "2024-06-14 04:07:33", "elapsed": 8.900238, "delta": 0.008976}}
{"target": -228.03839300476014, "params": {"gamma": 4.634748122750124, "prior": 5.1477523290215155, "rate": 5.116287316757662}, "datetime": {"datetime": "2024-06-14 04:07:33", "elapsed": 8.910211, "delta": 0.009973}}
{"target": -588.1494251578989, "params": {"gamma": 9.971390854869842, "prior": 1.3829985909743843, "rate": 7.561942713988967}, "datetime": {"datetime": "2024-06-14 04:07:33", "elapsed": 8.920217, "delta": 0.010006}}
{"target": -380.539978125876, "params": {"gamma": 7.937773715501701, "prior": 5.890337727828154, "rate": 4.627919064512984}, "datetime": {"datetime": "2024-06-14 04:07:33", "elapsed": 8.930158, "delta": 0.009941}}
{"target": -721.2476870266456, "params": {"gamma": 8.934372946865443, "prior": 8.298984168823933, "rate": 0.5038590693510084}, "datetime": {"datetime": "2024-06-14 04:07:33", "elapsed": 8.940131, "delta": 0.009973}}
{"target": -758.7282614660744, "params": {"gamma": 9.629874547125452, "prior": 0.17266492836107364, "rate": 5.731748914634736}, "datetime": {"datetime": "2024-06-14 04:07:33", "elapsed": 8.949107, "delta": 0.008976}}
{"target": -343.1501124353656, "params": {"gamma": 5.7247357384538, "prior": 8.360358681426117, "rate": 3.8477759631858306}, "datetime": {"datetime": "2024-06-14 04:07:33", "elapsed": 8.95908, "delta": 0.009973}}
{"target": -180.1402275106592, "params": {"gamma": 0.911317649590776, "prior": 5.858703966752355, "rate": 0.24943375777694893}, "datetime": {"datetime": "2024-06-14 04:07:33", "elapsed": 8.969053, "delta": 0.009973}}
{"target": -198.36227480313258, "params": {"gamma": 3.618595813310707, "prior": 9.854636340644698, "rate": 8.687919916680645}, "datetime": {"datetime": "2024-06-14 04:07:33", "elapsed": 8.97803, "delta": 0.008977}}
{"target": -136.02265929880522, "params": {"gamma": 1.525814920870293, "prior": 8.008378281655215, "rate": 8.110158197295846}, "datetime": {"datetime": "2024-06-14 04:07:33", "elapsed": 8.988003, "delta": 0.009973}}
{"target": -408.76034019839625, "params": {"gamma": 9.282143984052633, "prior": 2.3214042338354473, "rate": 4.990175777525101}, "datetime": {"datetime": "2024-06-14 04:07:33", "elapsed": 8.997976, "delta": 0.009973}}
{"target": -376.9255193439101, "params": {"gamma": 8.274613470019348, "prior": 6.706604471482155, "rate": 5.939767497694312}, "datetime": {"datetime": "2024-06-14 04:07:33", "elapsed": 9.006952, "delta": 0.008976}}
{"target": -514.7592680692844, "params": {"gamma": 6.520106231886649, "prior": 2.461308526710229, "rate": 0.2563753086730316}, "datetime": {"datetime": "2024-06-14 04:07:33", "elapsed": 9.016926, "delta": 0.009974}}
{"target": -316.69371106511926, "params": {"gamma": 7.362836317207894, "prior": 3.3352390707756885, "rate": 3.7681921123145443}, "datetime": {"datetime": "2024-06-14 04:07:33", "elapsed": 9.026899, "delta": 0.009973}}
{"target": -407.59727234005334, "params": {"gamma": 6.126547925441392, "prior": 6.605933919398819, "rate": 2.0297861073278014}, "datetime": {"datetime": "2024-06-14 04:07:33", "elapsed": 9.036872, "delta": 0.009973}}
{"target": -344.9793993249846, "params": {"gamma": 8.260489346916343, "prior": 3.864045391930247, "rate": 6.317812340605414}, "datetime": {"datetime": "2024-06-14 04:07:33", "elapsed": 9.045849, "delta": 0.008977}}
{"target": -500.61135362693994, "params": {"gamma": 9.664147745107453, "prior": 5.691383729139698, "rate": 3.58975250674678}, "datetime": {"datetime": "2024-06-14 04:07:33", "elapsed": 9.055822, "delta": 0.009973}}
{"target": -293.1167126469618, "params": {"gamma": 6.1900821172926825, "prior": 5.067751868825378, "rate": 4.524310101530738}, "datetime": {"datetime": "2024-06-14 04:07:33", "elapsed": 9.065635, "delta": 0.009813}}
{"target": -413.9479481075204, "params": {"gamma": 7.32297507682793, "prior": 9.252650484842617, "rate": 4.793234881420612}, "datetime": {"datetime": "2024-06-14 04:07:33", "elapsed": 9.074611, "delta": 0.008976}}
{"target": -145.48146242179408, "params": {"gamma": 0.8832132798499579, "prior": 5.739570211172332, "rate": 2.450263600293229}, "datetime": {"datetime": "2024-06-14 04:07:33", "elapsed": 9.084584, "delta": 0.009973}}
{"target": -148.32124233289125, "params": {"gamma": 0.3967395368422162, "prior": 7.902588045772463, "rate": 2.728409598411216}, "datetime": {"datetime": "2024-06-14 04:07:33", "elapsed": 9.094558, "delta": 0.009974}}
{"target": -403.6981382642594, "params": {"gamma": 7.7709278589308965, "prior": 4.933268536573228, "rate": 3.1800409748600784}, "datetime": {"datetime": "2024-06-14 04:07:33", "elapsed": 9.104531, "delta": 0.009973}}
{"target": -236.83258188383678, "params": {"gamma": 3.1409404750589167, "prior": 0.516045124852533, "rate": 5.344463969208603}, "datetime": {"datetime": "2024-06-14 04:07:33", "elapsed": 9.113508, "delta": 0.008977}}
{"target": -345.27291605198394, "params": {"gamma": 8.235692008411606, "prior": 0.9305639897438418, "rate": 1.0864784973815673}, "datetime": {"datetime": "2024-06-14 04:07:33", "elapsed": 9.123481, "delta": 0.009973}}
{"target": -248.35177752735794, "params": {"gamma": 5.293030012750302, "prior": 6.635403915273608, "rate": 6.947765177374281}, "datetime": {"datetime": "2024-06-14 04:07:33", "elapsed": 9.133454, "delta": 0.009973}}
{"target": -230.02362735939465, "params": {"gamma": 3.1329037297737132, "prior": 0.47399998048085035, "rate": 4.146214234044257}, "datetime": {"datetime": "2024-06-14 04:07:33", "elapsed": 9.14243, "delta": 0.008976}}
{"target": -213.77377228966944, "params": {"gamma": 2.2612156645820662, "prior": 0.11103681949882596, "rate": 6.857480005685141}, "datetime": {"datetime": "2024-06-14 04:07:33", "elapsed": 9.152403, "delta": 0.009973}}
{"target": -457.3282651380958, "params": {"gamma": 9.520673328006277, "prior": 3.9724024292967792, "rate": 3.0036839952852596}, "datetime": {"datetime": "2024-06-14 04:07:33", "elapsed": 9.16138, "delta": 0.008977}}
{"target": -264.7299692095259, "params": {"gamma": 5.537964374290343, "prior": 8.534564954842326, "rate": 7.9498792795045405}, "datetime": {"datetime": "2024-06-14 04:07:33", "elapsed": 9.171353, "delta": 0.009973}}
{"target": -293.9749166344731, "params": {"gamma": 6.847882293080787, "prior": 4.377860203867094, "rate": 6.904649764523284}, "datetime": {"datetime": "2024-06-14 04:07:33", "elapsed": 9.181326, "delta": 0.009973}}
{"target": -149.16689909949687, "params": {"gamma": 2.161037487164819, "prior": 2.911040034677843, "rate": 7.778428288392944}, "datetime": {"datetime": "2024-06-14 04:07:33", "elapsed": 9.190302, "delta": 0.008976}}
{"target": -377.43566013480273, "params": {"gamma": 9.299871383327218, "prior": 1.9814900858052293, "rate": 2.9613368308929076}, "datetime": {"datetime": "2024-06-14 04:07:33", "elapsed": 9.200276, "delta": 0.009974}}
{"target": -153.53218010488513, "params": {"gamma": 0.06309646163797043, "prior": 4.372466228275976, "rate": 2.103740422454257}, "datetime": {"datetime": "2024-06-14 04:07:34", "elapsed": 9.210249, "delta": 0.009973}}
{"target": -477.7078970202903, "params": {"gamma": 6.414606400753661, "prior": 7.124933235213273, "rate": 1.188658366270452}, "datetime": {"datetime": "2024-06-14 04:07:34", "elapsed": 9.220222, "delta": 0.009973}}
{"target": -144.92984795015855, "params": {"gamma": 0.8223578763172843, "prior": 9.072717188845324, "rate": 3.8929983086548985}, "datetime": {"datetime": "2024-06-14 04:07:34", "elapsed": 9.229198, "delta": 0.008976}}
{"target": -270.42842398205534, "params": {"gamma": 5.334501569162878, "prior": 9.636091492645338, "rate": 7.590781068151137}, "datetime": {"datetime": "2024-06-14 04:07:34", "elapsed": 9.239171, "delta": 0.009973}}
{"target": -218.04137346492482, "params": {"gamma": 3.256077435692296, "prior": 0.9499080810909061, "rate": 5.360704142867423}, "datetime": {"datetime": "2024-06-14 04:07:34", "elapsed": 9.249145, "delta": 0.009974}}
{"target": -276.5808954665908, "params": {"gamma": 3.3619183039303744, "prior": 0.31468550480840884, "rate": 7.711752180204535}, "datetime": {"datetime": "2024-06-14 04:07:34", "elapsed": 9.258627, "delta": 0.009482}}
{"target": -193.82524017796456, "params": {"gamma": 3.849706389409975, "prior": 5.756079385581481, "rate": 7.557672815106508}, "datetime": {"datetime": "2024-06-14 04:07:34", "elapsed": 9.267603, "delta": 0.008976}}
{"target": -528.2750654490873, "params": {"gamma": 9.408533351590556, "prior": 6.161991152977763, "rate": 3.1546463916226513}, "datetime": {"datetime": "2024-06-14 04:07:34", "elapsed": 9.277576, "delta": 0.009973}}
{"target": -125.55720324548024, "params": {"gamma": 1.1016550019623323, "prior": 0.8317969903215949, "rate": 3.197588047953422}, "datetime": {"datetime": "2024-06-14 04:07:34", "elapsed": 9.28755, "delta": 0.009974}}
{"target": -440.62344454439426, "params": {"gamma": 6.608730550421095, "prior": 6.982005440804134, "rate": 2.0779726825898135}, "datetime": {"datetime": "2024-06-14 04:07:34", "elapsed": 9.296526, "delta": 0.008976}}
{"target": -124.28326805739935, "params": {"gamma": 0.8288765899448861, "prior": 3.1245555467317083, "rate": 5.476198023985873}, "datetime": {"datetime": "2024-06-14 04:07:34", "elapsed": 9.306499, "delta": 0.009973}}
{"target": -420.4436042436685, "params": {"gamma": 7.546942075074172, "prior": 5.343607473643421, "rate": 2.8705505437179983}, "datetime": {"datetime": "2024-06-14 04:07:34", "elapsed": 9.316472, "delta": 0.009973}}
{"target": -297.4869708429864, "params": {"gamma": 6.242173052915846, "prior": 2.7218828862443387, "rate": 6.527276450430897}, "datetime": {"datetime": "2024-06-14 04:07:34", "elapsed": 9.325448, "delta": 0.008976}}
{"target": -383.6705537959786, "params": {"gamma": 8.419138180259552, "prior": 6.425583421647474, "rate": 5.656749058298363}, "datetime": {"datetime": "2024-06-14 04:07:34", "elapsed": 9.335422, "delta": 0.009974}}
{"target": -172.71304955376337, "params": {"gamma": 3.072113950599342, "prior": 8.780092695385816, "rate": 9.888230025288278}, "datetime": {"datetime": "2024-06-14 04:07:34", "elapsed": 9.345395, "delta": 0.009973}}
{"target": -535.9488879471329, "params": {"gamma": 7.775016832668201, "prior": 5.779074189947149, "rate": 1.4136520470773757}, "datetime": {"datetime": "2024-06-14 04:07:34", "elapsed": 9.354373, "delta": 0.008978}}
{"target": -187.4068318621444, "params": {"gamma": 3.1499752949036433, "prior": 3.731907254052719, "rate": 2.9196603150536307}, "datetime": {"datetime": "2024-06-14 04:07:34", "elapsed": 9.364347, "delta": 0.009974}}
{"target": -299.0086972667437, "params": {"gamma": 4.46008219467453, "prior": 6.145261916989693, "rate": 2.129932990561121}, "datetime": {"datetime": "2024-06-14 04:07:34", "elapsed": 9.37432, "delta": 0.009973}}
{"target": -158.90737069712895, "params": {"gamma": 2.4983477831127514, "prior": 1.2102897838888582, "rate": 3.07657830315885}, "datetime": {"datetime": "2024-06-14 04:07:34", "elapsed": 9.383296, "delta": 0.008976}}
{"target": -238.06232494428772, "params": {"gamma": 4.9749853375678486, "prior": 4.949097068629873, "rate": 9.955776541252115}, "datetime": {"datetime": "2024-06-14 04:07:34", "elapsed": 9.393269, "delta": 0.009973}}
{"target": -433.03359944016455, "params": {"gamma": 9.811104522073206, "prior": 4.421971439643317, "rate": 9.720234197281384}, "datetime": {"datetime": "2024-06-14 04:07:34", "elapsed": 9.403243, "delta": 0.009974}}
{"target": -154.0654424349503, "params": {"gamma": 2.1447646438539647, "prior": 5.457096772478638, "rate": 4.534899709382847}, "datetime": {"datetime": "2024-06-14 04:07:34", "elapsed": 9.413217, "delta": 0.009974}}
{"target": -656.1782992324017, "params": {"gamma": 9.67612136622795, "prior": 8.37814460904005, "rate": 2.142255100882632}, "datetime": {"datetime": "2024-06-14 04:07:34", "elapsed": 9.42319, "delta": 0.009973}}
{"target": -237.10431729693633, "params": {"gamma": 4.395951482451757, "prior": 1.7679220192998268, "rate": 5.29134301734205}, "datetime": {"datetime": "2024-06-14 04:07:34", "elapsed": 9.432165, "delta": 0.008975}}
{"target": -437.5581968208049, "params": {"gamma": 7.935053256996167, "prior": 0.45520357476356577, "rate": 1.9143974164796644}, "datetime": {"datetime": "2024-06-14 04:07:34", "elapsed": 9.442139, "delta": 0.009974}}
{"target": -523.5795025108318, "params": {"gamma": 9.77457818836577, "prior": 9.611893329604383, "rate": 5.566359999361917}, "datetime": {"datetime": "2024-06-14 04:07:34", "elapsed": 9.452114, "delta": 0.009975}}
{"target": -339.9583744677334, "params": {"gamma": 6.461261124237896, "prior": 2.7937208415034163, "rate": 9.520958766042686}, "datetime": {"datetime": "2024-06-14 04:07:34", "elapsed": 9.461091, "delta": 0.008977}}
{"target": -592.5552335514435, "params": {"gamma": 6.698078288466073, "prior": 6.701399151873741, "rate": 0.11202223036585872}, "datetime": {"datetime": "2024-06-14 04:07:34", "elapsed": 9.471093, "delta": 0.010002}}
{"target": -388.66492062162166, "params": {"gamma": 8.529845528647078, "prior": 7.805429564933998, "rate": 6.849555045051163}, "datetime": {"datetime": "2024-06-14 04:07:34", "elapsed": 9.481037, "delta": 0.009944}}
{"target": -414.45448648451685, "params": {"gamma": 7.4080773483828315, "prior": 1.6500670035239342, "rate": 7.188031753433652}, "datetime": {"datetime": "2024-06-14 04:07:34", "elapsed": 9.49101, "delta": 0.009973}}
{"target": -193.90314980825082, "params": {"gamma": 0.9690872885214075, "prior": 7.098799535582478, "rate": 0.027315329458906884}, "datetime": {"datetime": "2024-06-14 04:07:34", "elapsed": 9.499986, "delta": 0.008976}}
{"target": -471.154098806991, "params": {"gamma": 7.76228166881635, "prior": 4.96641612933724, "rate": 2.044664276112351}, "datetime": {"datetime": "2024-06-14 04:07:34", "elapsed": 9.50996, "delta": 0.009974}}
{"target": -354.4380789011406, "params": {"gamma": 7.292736897839507, "prior": 3.2249759046532924, "rate": 8.83829208238512}, "datetime": {"datetime": "2024-06-14 04:07:34", "elapsed": 9.519933, "delta": 0.009973}}
{"target": -140.92177799271212, "params": {"gamma": 1.803155018796988, "prior": 9.39165147743165, "rate": 9.707530730383564}, "datetime": {"datetime": "2024-06-14 04:07:34", "elapsed": 9.529906, "delta": 0.009973}}
