{"target": -137.82295515546028, "params": {"p_ai": 9.475541865009603, "p_al": 2.2151059105005597, "p_ex": 2.6714531248239735, "prior": 0.8156581748077427, "rate": 4.286759667809202}, "datetime": {"datetime": "2024-06-12 21:58:18", "elapsed": 9.06353, "delta": 0.118682}}
{"target": -89.0237687888152, "params": {"p_ai": 1.091078621426664, "p_al": 6.3382338193585674, "p_ex": 8.029829410500005, "prior": 6.968308160705665, "rate": 7.66234759937663}, "datetime": {"datetime": "2024-06-12 21:58:18", "elapsed": 9.197894, "delta": 0.134364}}
{"target": -89.52017502688663, "params": {"p_ai": 3.4251987443153546, "p_al": 8.45866897879375, "p_ex": 4.2882589812194265, "prior": 8.240274694252776, "rate": 6.265335090084314}, "datetime": {"datetime": "2024-06-12 21:58:18", "elapsed": 9.31159, "delta": 0.113696}}
{"target": -124.4780832742065, "params": {"p_ai": 1.435087063653779, "p_al": 0.7847906116496246, "p_ex": 0.1843080964871599, "prior": 0.6681832513959254, "rate": 4.586379553270611}, "datetime": {"datetime": "2024-06-12 21:58:18", "elapsed": 9.425286, "delta": 0.113696}}
{"target": -86.07209745501508, "params": {"p_ai": 1.1343058857531372, "p_al": 0.27880570513785086, "p_ex": 7.5488599524232844, "prior": 3.949109954125934, "rate": 7.469638017579644}, "datetime": {"datetime": "2024-06-12 21:58:19", "elapsed": 9.539387, "delta": 0.114101}}
{"target": -86.31713604723366, "params": {"p_ai": 4.52459586263777, "p_al": 4.501417383260611, "p_ex": 4.7812469946715925, "prior": 4.740565261695378, "rate": 8.031830257799582}, "datetime": {"datetime": "2024-06-12 21:58:19", "elapsed": 9.648974, "delta": 0.109587}}
{"target": -137.0346159466046, "params": {"p_ai": 4.024522806057501, "p_al": 9.046956917275887, "p_ex": 0.3715734184924046, "prior": 7.738969552861467, "rate": 1.2572881699962504}, "datetime": {"datetime": "2024-06-12 21:58:19", "elapsed": 9.758189, "delta": 0.109215}}
{"target": -111.5580829792036, "params": {"p_ai": 6.185517155553943, "p_al": 0.10463224909098416, "p_ex": 5.386734198480894, "prior": 0.031176548239344033, "rate": 9.511986661116556}, "datetime": {"datetime": "2024-06-12 21:58:19", "elapsed": 9.868085, "delta": 0.109896}}
{"target": -144.50987323707383, "params": {"p_ai": 9.054114934994077, "p_al": 7.959873452480752, "p_ex": 9.15282792482796, "prior": 1.4564367533528122, "rate": 1.5781429686354622}, "datetime": {"datetime": "2024-06-12 21:58:19", "elapsed": 9.977353, "delta": 0.109268}}
{"target": -84.01645728344918, "params": {"p_ai": 1.8771290973514374, "p_al": 6.225336527096912, "p_ex": 9.05818915058701, "prior": 9.899561828412377, "rate": 7.111513465199394}, "datetime": {"datetime": "2024-06-12 21:58:19", "elapsed": 10.087429, "delta": 0.110076}}
{"target": -160.5806887578759, "params": {"p_ai": 7.318272291013812, "p_al": 9.093022752238, "p_ex": 4.009336449978838, "prior": 2.4992569515701426, "rate": 1.7351282777004415}, "datetime": {"datetime": "2024-06-12 21:58:19", "elapsed": 10.197236, "delta": 0.109807}}
{"target": -115.85948426827694, "params": {"p_ai": 1.1954510462869563, "p_al": 8.126293269740254, "p_ex": 1.4687769417990144, "prior": 2.6437105297862797, "rate": 8.191072697156674}, "datetime": {"datetime": "2024-06-12 21:58:19", "elapsed": 10.306946, "delta": 0.10971}}
{"target": -112.95162938854972, "params": {"p_ai": 3.106561930690306, "p_al": 9.824192075480136, "p_ex": 2.6671203828142005, "prior": 5.336999796367143, "rate": 3.1453556448473106}, "datetime": {"datetime": "2024-06-12 21:58:19", "elapsed": 10.417354, "delta": 0.110408}}
{"target": -123.08435058178897, "params": {"p_ai": 9.1078175389072, "p_al": 3.666199881868493, "p_ex": 4.336489680404373, "prior": 5.123414630091336, "rate": 9.388925887219763}, "datetime": {"datetime": "2024-06-12 21:58:20", "elapsed": 10.527076, "delta": 0.109722}}
{"target": -114.92537923290833, "params": {"p_ai": 0.310459113705236, "p_al": 7.1690697576532605, "p_ex": 8.910298523969097, "prior": 0.2738449479511707, "rate": 5.220990421277856}, "datetime": {"datetime": "2024-06-12 21:58:20", "elapsed": 10.637288, "delta": 0.110212}}
{"target": -86.37645804986671, "params": {"p_ai": 3.2605721278884827, "p_al": 8.595033719334992, "p_ex": 5.585606992674257, "prior": 6.902588453759316, "rate": 4.529082146015424}, "datetime": {"datetime": "2024-06-12 21:58:20", "elapsed": 10.748324, "delta": 0.111036}}
{"target": -143.8595335991481, "params": {"p_ai": 6.2834620661760505, "p_al": 2.901678420022571, "p_ex": 0.0944764310871913, "prior": 5.767982593935921, "rate": 3.1151306971104957}, "datetime": {"datetime": "2024-06-12 21:58:20", "elapsed": 10.857193, "delta": 0.108869}}
{"target": -113.40292292258457, "params": {"p_ai": 5.1731587174127975, "p_al": 9.164142124685924, "p_ex": 4.265321410225459, "prior": 2.4747129699872517, "rate": 3.7135663190292654}, "datetime": {"datetime": "2024-06-12 21:58:20", "elapsed": 10.967458, "delta": 0.110265}}
{"target": -124.34391650446887, "params": {"p_ai": 9.31867930524877, "p_al": 9.368746944709628, "p_ex": 8.443455155708566, "prior": 9.202144936542298, "rate": 2.279774999223218}, "datetime": {"datetime": "2024-06-12 21:58:20", "elapsed": 11.078309, "delta": 0.110851}}
{"target": -95.51440502508622, "params": {"p_ai": 0.8757346133263552, "p_al": 2.273870053110603, "p_ex": 3.1444517845243904, "prior": 1.7484839976867594, "rate": 6.071334525562633}, "datetime": {"datetime": "2024-06-12 21:58:20", "elapsed": 11.188016, "delta": 0.109707}}
{"target": -121.11327211012451, "params": {"p_ai": 4.136450563596613, "p_al": 8.163698766760314, "p_ex": 1.8521188522920375, "prior": 7.019063421033349, "rate": 2.4043158928665394}, "datetime": {"datetime": "2024-06-12 21:58:20", "elapsed": 11.297297, "delta": 0.109281}}
{"target": -132.36580822643145, "params": {"p_ai": 5.742616669319757, "p_al": 3.490526984610668, "p_ex": 0.5705870304288444, "prior": 2.288907895932798, "rate": 6.641361450992581}, "datetime": {"datetime": "2024-06-12 21:58:20", "elapsed": 11.408002, "delta": 0.110705}}
{"target": -109.54785518296845, "params": {"p_ai": 4.973003683511953, "p_al": 5.190640824752714, "p_ex": 1.7480267809391161, "prior": 5.7075877996110185, "rate": 9.967537498656892}, "datetime": {"datetime": "2024-06-12 21:58:21", "elapsed": 11.517758, "delta": 0.109756}}
{"target": -99.66428078593479, "params": {"p_ai": 8.168534252807428, "p_al": 5.944131865685947, "p_ex": 9.759914694240718, "prior": 9.015724284108543, "rate": 5.956483728092853}, "datetime": {"datetime": "2024-06-12 21:58:21", "elapsed": 11.626467, "delta": 0.108709}}
{"target": -135.96367176856808, "params": {"p_ai": 0.32523082681925664, "p_al": 0.93667738107899, "p_ex": 0.6546517787072217, "prior": 4.517879753766062, "rate": 3.75497289684541}, "datetime": {"datetime": "2024-06-12 21:58:21", "elapsed": 11.736026, "delta": 0.109559}}
{"target": -114.88673315648289, "params": {"p_ai": 9.753524992668595, "p_al": 1.6806649487029495, "p_ex": 9.72790313173462, "prior": 7.674981213761269, "rate": 8.242554158405353}, "datetime": {"datetime": "2024-06-12 21:58:21", "elapsed": 11.846232, "delta": 0.110206}}
{"target": -153.46145001837877, "params": {"p_ai": 6.326525551963195, "p_al": 6.6876589692971145, "p_ex": 4.769346452878413, "prior": 0.13235043287379938, "rate": 3.530707849332706}, "datetime": {"datetime": "2024-06-12 21:58:21", "elapsed": 11.956335, "delta": 0.110103}}
{"target": -115.57579476891175, "params": {"p_ai": 4.9212259431340915, "p_al": 7.3011820196899535, "p_ex": 4.686814799118347, "prior": 4.574591755978228, "rate": 1.377489746715086}, "datetime": {"datetime": "2024-06-12 21:58:21", "elapsed": 12.066547, "delta": 0.110212}}
{"target": -137.726148757426, "params": {"p_ai": 0.10987644930098642, "p_al": 7.583024326509486, "p_ex": 3.200208427938706, "prior": 9.843850118484914, "rate": 2.2031220273654006}, "datetime": {"datetime": "2024-06-12 21:58:21", "elapsed": 12.176256, "delta": 0.109709}}
{"target": -92.31604243394065, "params": {"p_ai": 3.387741546791315, "p_al": 5.239437460525651, "p_ex": 7.549159679148268, "prior": 4.639113981219056, "rate": 1.2491006085736511}, "datetime": {"datetime": "2024-06-12 21:58:21", "elapsed": 12.288957, "delta": 0.112701}}
{"target": -97.02536129931231, "params": {"p_ai": 3.125701283542003, "p_al": 5.045687177840246, "p_ex": 6.73881623116066, "prior": 7.70172941316461, "rate": 1.3042274737625883}, "datetime": {"datetime": "2024-06-12 21:58:21", "elapsed": 12.39965, "delta": 0.110693}}
{"target": -121.26594006523138, "params": {"p_ai": 0.23012839809249527, "p_al": 5.191304139797683, "p_ex": 8.1000771179135, "prior": 0.12702506653173326, "rate": 6.725025976692686}, "datetime": {"datetime": "2024-06-12 21:58:22", "elapsed": 12.509387, "delta": 0.109737}}
{"target": -131.9938203525861, "params": {"p_ai": 6.868395458343262, "p_al": 4.49301828911279, "p_ex": 9.1479720787326, "prior": 6.443966486485173, "rate": 0.05339313667700704}, "datetime": {"datetime": "2024-06-12 21:58:22", "elapsed": 12.61957, "delta": 0.110183}}
{"target": -80.2251570302837, "params": {"p_ai": 4.844800026698242, "p_al": 8.593318743169903, "p_ex": 8.304165300803357, "prior": 6.491892816927667, "rate": 6.737310540562419}, "datetime": {"datetime": "2024-06-12 21:58:22", "elapsed": 12.730169, "delta": 0.110599}}
{"target": -94.04714041593527, "params": {"p_ai": 5.7854172983122165, "p_al": 2.741923631893355, "p_ex": 5.605739375370052, "prior": 6.717626118389386, "rate": 3.5249438725338718}, "datetime": {"datetime": "2024-06-12 21:58:22", "elapsed": 12.84194, "delta": 0.111771}}
{"target": -114.97964606115761, "params": {"p_ai": 8.558427844172023, "p_al": 1.9511798226010642, "p_ex": 7.473460782508901, "prior": 2.8967378591225876, "rate": 7.738219073154577}, "datetime": {"datetime": "2024-06-12 21:58:22", "elapsed": 12.963373, "delta": 0.121433}}
{"target": -98.1453006044936, "params": {"p_ai": 4.277945556031427, "p_al": 8.077176392712982, "p_ex": 3.535995091817236, "prior": 2.137718683058182, "rate": 7.673077799709245}, "datetime": {"datetime": "2024-06-12 21:58:22", "elapsed": 13.074077, "delta": 0.110704}}
{"target": -89.44952052059452, "params": {"p_ai": 3.0871108343588807, "p_al": 7.332717432196549, "p_ex": 7.444987057624244, "prior": 2.2147456123811025, "rate": 2.141907256069664}, "datetime": {"datetime": "2024-06-12 21:58:22", "elapsed": 13.184505, "delta": 0.110428}}
{"target": -95.13673226464411, "params": {"p_ai": 1.9902802863472397, "p_al": 1.4260408593206808, "p_ex": 3.7714489094741337, "prior": 0.26725221903152313, "rate": 1.110092769973372}, "datetime": {"datetime": "2024-06-12 21:58:22", "elapsed": 13.295209, "delta": 0.110704}}
{"target": -181.57084297004522, "params": {"p_ai": 6.745965673610343, "p_al": 7.997965592436966, "p_ex": 0.8062147417567307, "prior": 2.3177914025474347, "rate": 2.0770489923763398}, "datetime": {"datetime": "2024-06-12 21:58:22", "elapsed": 13.405913, "delta": 0.110704}}
{"target": -124.209285801367, "params": {"p_ai": 9.173418297253225, "p_al": 7.113433866846732, "p_ex": 5.539292225903092, "prior": 3.0458753612182816, "rate": 8.348705622270353}, "datetime": {"datetime": "2024-06-12 21:58:23", "elapsed": 13.51562, "delta": 0.109707}}
{"target": -109.24940026067608, "params": {"p_ai": 4.353624270337571, "p_al": 9.234638694972633, "p_ex": 7.0608119915549965, "prior": 4.780835048344869, "rate": 1.2629748273898376}, "datetime": {"datetime": "2024-06-12 21:58:23", "elapsed": 13.627365, "delta": 0.111745}}
{"target": -145.91418993174258, "params": {"p_ai": 9.760459461127008, "p_al": 1.5991766697905894, "p_ex": 2.026818650071406, "prior": 4.312386369848549, "rate": 4.042614855845698}, "datetime": {"datetime": "2024-06-12 21:58:23", "elapsed": 13.737863, "delta": 0.110498}}
{"target": -108.01935563458947, "params": {"p_ai": 1.4683680561621768, "p_al": 7.293459874691873, "p_ex": 1.8882619237049822, "prior": 6.439312547472317, "rate": 7.543305199812411}, "datetime": {"datetime": "2024-06-12 21:58:23", "elapsed": 13.847569, "delta": 0.109706}}
{"target": -79.44823607097506, "params": {"p_ai": 2.108113188441124, "p_al": 6.0099415268282925, "p_ex": 7.489534824083119, "prior": 6.382548887492715, "rate": 5.971675902163545}, "datetime": {"datetime": "2024-06-12 21:58:23", "elapsed": 13.957874, "delta": 0.110305}}
{"target": -74.76414757948619, "params": {"p_ai": 2.955527374269315, "p_al": 7.316333105943847, "p_ex": 9.453139091559498, "prior": 4.256188341225208, "rate": 7.822035986497222}, "datetime": {"datetime": "2024-06-12 21:58:23", "elapsed": 14.067581, "delta": 0.109707}}
{"target": -125.95494778834203, "params": {"p_ai": 0.5623542555794911, "p_al": 8.35288075329717, "p_ex": 1.9233079182046549, "prior": 3.951573592030842, "rate": 3.001510378207639}, "datetime": {"datetime": "2024-06-12 21:58:23", "elapsed": 14.183274, "delta": 0.115693}}
{"target": -108.6515617981927, "params": {"p_ai": 0.8019563344166869, "p_al": 9.046405398359493, "p_ex": 3.702171621359829, "prior": 5.30744368732292, "rate": 4.941668542697355}, "datetime": {"datetime": "2024-06-12 21:58:23", "elapsed": 14.292983, "delta": 0.109709}}
{"target": -121.01173132690701, "params": {"p_ai": 1.3224792582874385, "p_al": 2.0653341348354406, "p_ex": 0.7628119015141794, "prior": 5.07970907775293, "rate": 2.616233968778038}, "datetime": {"datetime": "2024-06-12 21:58:23", "elapsed": 14.403687, "delta": 0.110704}}
{"target": -91.59451935993968, "params": {"p_ai": 3.5712590272190368, "p_al": 1.0815452216436712, "p_ex": 7.87573084468542, "prior": 1.0667321840112223, "rate": 9.857102528308165}, "datetime": {"datetime": "2024-06-12 21:58:24", "elapsed": 14.513098, "delta": 0.109411}}
{"target": -123.14226526399212, "params": {"p_ai": 1.772434483219735, "p_al": 5.724478719234059, "p_ex": 0.4494085005562922, "prior": 7.871375780268687, "rate": 1.8968698722351471}, "datetime": {"datetime": "2024-06-12 21:58:24", "elapsed": 14.622837, "delta": 0.109739}}
{"target": -133.9211396142896, "params": {"p_ai": 5.279511880102859, "p_al": 7.401035354047558, "p_ex": 1.5001649176876422, "prior": 5.511320654695531, "rate": 2.1669554660794654}, "datetime": {"datetime": "2024-06-12 21:58:24", "elapsed": 14.733392, "delta": 0.110555}}
{"target": -157.30998872596984, "params": {"p_ai": 7.592201297122131, "p_al": 7.229429020368581, "p_ex": 1.7663137937365532, "prior": 8.619803610113067, "rate": 0.1987312200639263}, "datetime": {"datetime": "2024-06-12 21:58:24", "elapsed": 14.842662, "delta": 0.10927}}
{"target": -122.78015745624657, "params": {"p_ai": 8.60250973723373, "p_al": 5.589479207798223, "p_ex": 4.032801500586387, "prior": 7.587710563292345, "rate": 7.169573087923007}, "datetime": {"datetime": "2024-06-12 21:58:24", "elapsed": 14.952355, "delta": 0.109693}}
{"target": -171.50746066127707, "params": {"p_ai": 9.873274421909457, "p_al": 2.7815724010812146, "p_ex": 0.03893293042101652, "prior": 9.339092180540563, "rate": 8.5791131482744}, "datetime": {"datetime": "2024-06-12 21:58:24", "elapsed": 15.061954, "delta": 0.109599}}
{"target": -101.72709948244307, "params": {"p_ai": 7.28877992431504, "p_al": 5.167371140432463, "p_ex": 7.069855496242362, "prior": 7.805515039210552, "rate": 3.749384559425057}, "datetime": {"datetime": "2024-06-12 21:58:24", "elapsed": 15.170664, "delta": 0.10871}}
{"target": -108.65334215102762, "params": {"p_ai": 7.703454930774247, "p_al": 7.506492567432579, "p_ex": 6.132498904231054, "prior": 4.019257373754407, "rate": 6.9733828846241455}, "datetime": {"datetime": "2024-06-12 21:58:24", "elapsed": 15.28037, "delta": 0.109706}}
{"target": -136.14217473028089, "params": {"p_ai": 0.032125465394095866, "p_al": 7.749191570599254, "p_ex": 8.964269607966013, "prior": 2.393917758667609, "rate": 1.208551075907988}, "datetime": {"datetime": "2024-06-12 21:58:24", "elapsed": 15.391074, "delta": 0.110704}}
{"target": -84.73494971484509, "params": {"p_ai": 2.2036195939494823, "p_al": 3.021665216169693, "p_ex": 8.830402057129778, "prior": 5.432121135950708, "rate": 2.8678297844146994}, "datetime": {"datetime": "2024-06-12 21:58:25", "elapsed": 15.500811, "delta": 0.109737}}
{"target": -84.25241988270021, "params": {"p_ai": 1.3844085432396722, "p_al": 2.902154486582312, "p_ex": 6.139097026322785, "prior": 3.242061160444569, "rate": 4.574144456728294}, "datetime": {"datetime": "2024-06-12 21:58:25", "elapsed": 15.609841, "delta": 0.10903}}
{"target": -93.22038937539551, "params": {"p_ai": 4.441726953059129, "p_al": 8.281525471954389, "p_ex": 4.264055194208071, "prior": 3.4576425129338477, "rate": 6.7500410764862435}, "datetime": {"datetime": "2024-06-12 21:58:25", "elapsed": 15.72044, "delta": 0.110599}}
{"target": -90.18946641990651, "params": {"p_ai": 2.215599075279554, "p_al": 4.672990993441612, "p_ex": 3.1483421075528404, "prior": 6.268929166026184, "rate": 8.773727386473432}, "datetime": {"datetime": "2024-06-12 21:58:25", "elapsed": 15.831143, "delta": 0.110703}}
{"target": -112.21351596857002, "params": {"p_ai": 4.47744231245614, "p_al": 7.84478973050044, "p_ex": 4.570200039914943, "prior": 6.562637087839597, "rate": 1.3192779092999938}, "datetime": {"datetime": "2024-06-12 21:58:25", "elapsed": 15.941033, "delta": 0.10989}}
{"target": -86.8063277395853, "params": {"p_ai": 4.3303820881695145, "p_al": 9.093210574560711, "p_ex": 6.055184531308316, "prior": 7.6679790977837845, "rate": 5.047501380350848}, "datetime": {"datetime": "2024-06-12 21:58:25", "elapsed": 16.052242, "delta": 0.111209}}
{"target": -129.56057064886252, "params": {"p_ai": 4.981058192655247, "p_al": 8.429155502088307, "p_ex": 0.6790015364751966, "prior": 5.733149443225297, "rate": 9.42768299175406}, "datetime": {"datetime": "2024-06-12 21:58:25", "elapsed": 16.162332, "delta": 0.11009}}
{"target": -89.04118281264583, "params": {"p_ai": 5.179082621675048, "p_al": 1.945463629469317, "p_ex": 8.479545985042318, "prior": 2.5171397844161723, "rate": 7.007559638788898}, "datetime": {"datetime": "2024-06-12 21:58:25", "elapsed": 16.273301, "delta": 0.110969}}
{"target": -135.381446873835, "params": {"p_ai": 5.403069143028603, "p_al": 9.488414046513915, "p_ex": 6.2437426873243576, "prior": 8.379941642515245, "rate": 0.08032082906903645}, "datetime": {"datetime": "2024-06-12 21:58:25", "elapsed": 16.383269, "delta": 0.109968}}
{"target": -164.12054109379204, "params": {"p_ai": 9.893411221610213, "p_al": 0.7780679887535326, "p_ex": 3.2219730066340815, "prior": 9.461577802172197, "rate": 0.09038208461007943}, "datetime": {"datetime": "2024-06-12 21:58:26", "elapsed": 16.493268, "delta": 0.109999}}
{"target": -122.79435777594615, "params": {"p_ai": 8.227477324213933, "p_al": 8.612255172029577, "p_ex": 4.398868311271517, "prior": 2.558196192865506, "rate": 8.027092506813352}, "datetime": {"datetime": "2024-06-12 21:58:26", "elapsed": 16.604589, "delta": 0.111321}}
{"target": -76.16339213538983, "params": {"p_ai": 4.77914218231778, "p_al": 1.3442517479483056, "p_ex": 9.278562079257282, "prior": 8.959803700099478, "rate": 4.915959955019337}, "datetime": {"datetime": "2024-06-12 21:58:26", "elapsed": 16.715166, "delta": 0.110577}}
{"target": -111.4641279661831, "params": {"p_ai": 8.567168262681404, "p_al": 4.1863616796152225, "p_ex": 6.834965536762845, "prior": 3.9805084034398166, "rate": 5.057914432490653}, "datetime": {"datetime": "2024-06-12 21:58:26", "elapsed": 16.826867, "delta": 0.111701}}
{"target": -208.54040519347018, "params": {"p_ai": 1.896327476636439, "p_al": 9.649924252185027, "p_ex": 2.9428626667543027, "prior": 1.035492101607897, "rate": 1.4440096868902519}, "datetime": {"datetime": "2024-06-12 21:58:26", "elapsed": 16.937813, "delta": 0.110946}}
{"target": -122.50256790566607, "params": {"p_ai": 0.14190884963023712, "p_al": 7.1597410489244835, "p_ex": 5.645418704088501, "prior": 7.945988933496338, "rate": 5.0712921529180806}, "datetime": {"datetime": "2024-06-12 21:58:26", "elapsed": 17.050151, "delta": 0.112338}}
{"target": -106.56727324523894, "params": {"p_ai": 7.918418574002035, "p_al": 6.957946378504123, "p_ex": 7.778706920114895, "prior": 4.065422206901887, "rate": 6.478058561241625}, "datetime": {"datetime": "2024-06-12 21:58:26", "elapsed": 17.16051, "delta": 0.110359}}
{"target": -110.46476392212193, "params": {"p_ai": 1.798763182632051, "p_al": 3.2188778139156518, "p_ex": 1.7268735965778053, "prior": 4.086963612907611, "rate": 2.4149460609080227}, "datetime": {"datetime": "2024-06-12 21:58:26", "elapsed": 17.271214, "delta": 0.110704}}
{"target": -100.00686403439599, "params": {"p_ai": 4.069813019299451, "p_al": 9.752248202030684, "p_ex": 3.2038729388944907, "prior": 9.824926958803978, "rate": 6.363424952433981}, "datetime": {"datetime": "2024-06-12 21:58:26", "elapsed": 17.381023, "delta": 0.109809}}
{"target": -84.80091759605436, "params": {"p_ai": 3.7515350929207165, "p_al": 8.574987506336882, "p_ex": 6.19624780694637, "prior": 2.521078768228263, "rate": 7.9287639240909}, "datetime": {"datetime": "2024-06-12 21:58:27", "elapsed": 17.491727, "delta": 0.110704}}
{"target": -101.31143625856818, "params": {"p_ai": 4.329952148832897, "p_al": 3.5757541621370836, "p_ex": 3.3034390883142843, "prior": 6.973991387255782, "rate": 2.6872325889383593}, "datetime": {"datetime": "2024-06-12 21:58:27", "elapsed": 17.601434, "delta": 0.109707}}
{"target": -110.4567998586935, "params": {"p_ai": 8.082971859040095, "p_al": 2.953592655204078, "p_ex": 5.441669714469987, "prior": 4.879726996560219, "rate": 8.553708769541101}, "datetime": {"datetime": "2024-06-12 21:58:27", "elapsed": 17.712168, "delta": 0.110734}}
{"target": -117.09729543578014, "params": {"p_ai": 8.883975957519464, "p_al": 1.8446600392352996, "p_ex": 5.853899240923573, "prior": 8.982152255125355, "rate": 4.461726073125263}, "datetime": {"datetime": "2024-06-12 21:58:27", "elapsed": 17.823086, "delta": 0.110918}}
{"target": -123.37447025646757, "params": {"p_ai": 9.218761186532669, "p_al": 2.790629913679252, "p_ex": 6.0887029107637645, "prior": 6.824854643958388, "rate": 2.2828291277714907}, "datetime": {"datetime": "2024-06-12 21:58:27", "elapsed": 17.935937, "delta": 0.112851}}
