{"target": -183.06065930441855, "params": {"gamma": 1.0550920446467325, "lr": 0.7017873465119159}, "datetime": {"datetime": "2024-06-13 19:12:00", "elapsed": 5.822708, "delta": 0.003989}}
{"target": -495.035043652684, "params": {"gamma": 5.142068519294122, "lr": 0.49816682499451226}, "datetime": {"datetime": "2024-06-13 19:12:00", "elapsed": 5.82727, "delta": 0.004562}}
{"target": -418.31187319849965, "params": {"gamma": 3.736723579545134, "lr": 0.603513616671319}, "datetime": {"datetime": "2024-06-13 19:12:00", "elapsed": 5.831259, "delta": 0.003989}}
{"target": -902.9365242015948, "params": {"gamma": 8.514836200003508, "lr": 0.27692305646899273}, "datetime": {"datetime": "2024-06-13 19:12:00", "elapsed": 5.835248, "delta": 0.003989}}
{"target": -812.3342980185331, "params": {"gamma": 8.447768867073506, "lr": 0.41661914857211835}, "datetime": {"datetime": "2024-06-13 19:12:00", "elapsed": 5.839792, "delta": 0.004544}}
{"target": -667.503049988137, "params": {"gamma": 5.010339139927012, "lr": 0.7296233785681803}, "datetime": {"datetime": "2024-06-13 19:12:00", "elapsed": 5.844772, "delta": 0.00498}}
{"target": -440.6874298548791, "params": {"gamma": 2.5879583533585664, "lr": 0.9216369186561401}, "datetime": {"datetime": "2024-06-13 19:12:00", "elapsed": 5.848762, "delta": 0.00399}}
{"target": -760.5056182681017, "params": {"gamma": 7.020992572824255, "lr": 0.618930423097489}, "datetime": {"datetime": "2024-06-13 19:12:00", "elapsed": 5.852751, "delta": 0.003989}}
{"target": -376.5623245211286, "params": {"gamma": 2.7308153642818653, "lr": 0.6958484563594459}, "datetime": {"datetime": "2024-06-13 19:12:00", "elapsed": 5.857738, "delta": 0.004987}}
{"target": -388.37171318874397, "params": {"gamma": 2.5728902697861002, "lr": 0.8164526703274775}, "datetime": {"datetime": "2024-06-13 19:12:00", "elapsed": 5.861727, "delta": 0.003989}}
{"target": -136.59093055270193, "params": {"gamma": 0.11571307777403769, "lr": 0.1665376436115401}, "datetime": {"datetime": "2024-06-13 19:12:00", "elapsed": 5.865716, "delta": 0.003989}}
{"target": -741.0287622421816, "params": {"gamma": 5.578732058631829, "lr": 0.7122809996025021}, "datetime": {"datetime": "2024-06-13 19:12:00", "elapsed": 5.869705, "delta": 0.003989}}
{"target": -780.9271782729535, "params": {"gamma": 4.925314058477191, "lr": 0.8778095014799501}, "datetime": {"datetime": "2024-06-13 19:12:00", "elapsed": 5.874692, "delta": 0.004987}}
{"target": -923.5602159806871, "params": {"gamma": 9.758723505691574, "lr": 0.46427706754424325}, "datetime": {"datetime": "2024-06-13 19:12:00", "elapsed": 5.878681, "delta": 0.003989}}
{"target": -730.3690626863289, "params": {"gamma": 7.680101807848576, "lr": 0.49477213383352725}, "datetime": {"datetime": "2024-06-13 19:12:00", "elapsed": 5.882671, "delta": 0.00399}}
{"target": -816.1066038843546, "params": {"gamma": 6.651322684579871, "lr": 0.22487497996736572}, "datetime": {"datetime": "2024-06-13 19:12:00", "elapsed": 5.88766, "delta": 0.004989}}
{"target": -217.64391214445962, "params": {"gamma": 1.0963076304454686, "lr": 0.9790089375741902}, "datetime": {"datetime": "2024-06-13 19:12:00", "elapsed": 5.891649, "delta": 0.003989}}
{"target": -865.0222114153366, "params": {"gamma": 8.150131602400142, "lr": 0.28538353244953096}, "datetime": {"datetime": "2024-06-13 19:12:00", "elapsed": 5.895638, "delta": 0.003989}}
{"target": -584.605490881311, "params": {"gamma": 5.858698015894784, "lr": 0.38007120527879124}, "datetime": {"datetime": "2024-06-13 19:12:00", "elapsed": 5.899629, "delta": 0.003991}}
{"target": -195.1348935574539, "params": {"gamma": 1.7642040696578871, "lr": 0.4188351430524928}, "datetime": {"datetime": "2024-06-13 19:12:00", "elapsed": 5.904614, "delta": 0.004985}}
{"target": -599.015477061042, "params": {"gamma": 2.9725807541730793, "lr": 0.016624106532905913}, "datetime": {"datetime": "2024-06-13 19:12:00", "elapsed": 5.908604, "delta": 0.00399}}
{"target": -644.8966381712494, "params": {"gamma": 3.8742957016810964, "lr": 0.9209130038047522}, "datetime": {"datetime": "2024-06-13 19:12:00", "elapsed": 5.91359, "delta": 0.004986}}
{"target": -896.1521425180682, "params": {"gamma": 8.28217438681578, "lr": 0.5740747551965509}, "datetime": {"datetime": "2024-06-13 19:12:00", "elapsed": 5.91758, "delta": 0.00399}}
{"target": -399.6373295132362, "params": {"gamma": 3.1871500009390448, "lr": 0.23126429488543754}, "datetime": {"datetime": "2024-06-13 19:12:00", "elapsed": 5.921569, "delta": 0.003989}}
{"target": -983.8729890220927, "params": {"gamma": 9.560239816725709, "lr": 0.5646100990687117}, "datetime": {"datetime": "2024-06-13 19:12:00", "elapsed": 5.926556, "delta": 0.004987}}
{"target": -281.9750285502497, "params": {"gamma": 2.176835430287672, "lr": 0.24948205109862287}, "datetime": {"datetime": "2024-06-13 19:12:00", "elapsed": 5.930545, "delta": 0.003989}}
{"target": -1172.2429018785479, "params": {"gamma": 9.59600242910666, "lr": 0.238814133296392}, "datetime": {"datetime": "2024-06-13 19:12:00", "elapsed": 5.935532, "delta": 0.004987}}
{"target": -187.20586388456888, "params": {"gamma": 1.068034169467023, "lr": 0.18396193975266917}, "datetime": {"datetime": "2024-06-13 19:12:00", "elapsed": 5.939521, "delta": 0.003989}}
{"target": -1008.9859936082199, "params": {"gamma": 7.662481844372273, "lr": 0.7087642559312614}, "datetime": {"datetime": "2024-06-13 19:12:00", "elapsed": 5.94351, "delta": 0.003989}}
{"target": -597.1018970742775, "params": {"gamma": 4.379981305846461, "lr": 0.7938045071164251}, "datetime": {"datetime": "2024-06-13 19:12:00", "elapsed": 5.9475, "delta": 0.00399}}
{"target": -504.00095531636407, "params": {"gamma": 5.1756094087340525, "lr": 0.41359816112910697}, "datetime": {"datetime": "2024-06-13 19:12:00", "elapsed": 5.952486, "delta": 0.004986}}
{"target": -222.84108282606002, "params": {"gamma": 1.1753019203396682, "lr": 0.8839110659363493}, "datetime": {"datetime": "2024-06-13 19:12:00", "elapsed": 5.956476, "delta": 0.00399}}
{"target": -318.5610648587586, "params": {"gamma": 2.7566565508887577, "lr": 0.6162607233298604}, "datetime": {"datetime": "2024-06-13 19:12:00", "elapsed": 5.960465, "delta": 0.003989}}
{"target": -1335.935016138378, "params": {"gamma": 9.8458132098281, "lr": 0.1894180220437538}, "datetime": {"datetime": "2024-06-13 19:12:00", "elapsed": 5.965452, "delta": 0.004987}}
{"target": -1036.4318861465451, "params": {"gamma": 9.651914729938635, "lr": 0.6527153684256953}, "datetime": {"datetime": "2024-06-13 19:12:00", "elapsed": 5.969441, "delta": 0.003989}}
{"target": -209.4830657070942, "params": {"gamma": 1.28818731436088, "lr": 0.7719271460730484}, "datetime": {"datetime": "2024-06-13 19:12:00", "elapsed": 5.97343, "delta": 0.003989}}
{"target": -979.6126160641782, "params": {"gamma": 9.51780600679268, "lr": 0.5627805496894249}, "datetime": {"datetime": "2024-06-13 19:12:00", "elapsed": 5.978417, "delta": 0.004987}}
{"target": -1334.760900542073, "params": {"gamma": 6.885863442381723, "lr": 0.0263478788699828}, "datetime": {"datetime": "2024-06-13 19:12:00", "elapsed": 5.982406, "delta": 0.003989}}
{"target": -1040.388453711048, "params": {"gamma": 9.890767779393961, "lr": 0.3184571198136825}, "datetime": {"datetime": "2024-06-13 19:12:00", "elapsed": 5.987401, "delta": 0.004995}}
{"target": -134.32112004294788, "params": {"gamma": 0.24001388988282726, "lr": 0.8085641504743885}, "datetime": {"datetime": "2024-06-13 19:12:00", "elapsed": 5.991385, "delta": 0.003984}}
{"target": -1272.938515056795, "params": {"gamma": 9.732552265118914, "lr": 0.7375885099166811}, "datetime": {"datetime": "2024-06-13 19:12:00", "elapsed": 5.995374, "delta": 0.003989}}
{"target": -142.88692758594632, "params": {"gamma": 0.028355324647958178, "lr": 0.06336051137403531}, "datetime": {"datetime": "2024-06-13 19:12:00", "elapsed": 5.999364, "delta": 0.00399}}
{"target": -591.7705193629754, "params": {"gamma": 5.843109782870581, "lr": 0.3357151077556031}, "datetime": {"datetime": "2024-06-13 19:12:00", "elapsed": 6.004351, "delta": 0.004987}}
{"target": -1381.3060733628665, "params": {"gamma": 8.818452974037214, "lr": 0.8736693693569384}, "datetime": {"datetime": "2024-06-13 19:12:00", "elapsed": 6.00834, "delta": 0.003989}}
{"target": -1291.260253137424, "params": {"gamma": 9.875201568135711, "lr": 0.7158319690725937}, "datetime": {"datetime": "2024-06-13 19:12:00", "elapsed": 6.013326, "delta": 0.004986}}
{"target": -924.3273647259516, "params": {"gamma": 8.768960114386706, "lr": 0.3196501118620526}, "datetime": {"datetime": "2024-06-13 19:12:00", "elapsed": 6.018313, "delta": 0.004987}}
{"target": -214.71934696770597, "params": {"gamma": 1.1126583422461405, "lr": 0.8653641057823798}, "datetime": {"datetime": "2024-06-13 19:12:00", "elapsed": 6.022302, "delta": 0.003989}}
{"target": -305.5312786772331, "params": {"gamma": 3.035422507017289, "lr": 0.4193322981668862}, "datetime": {"datetime": "2024-06-13 19:12:00", "elapsed": 6.026292, "delta": 0.00399}}
{"target": -701.8254394081661, "params": {"gamma": 6.460656540458656, "lr": 0.6050991341555126}, "datetime": {"datetime": "2024-06-13 19:12:00", "elapsed": 6.031278, "delta": 0.004986}}
{"target": -424.6013755318754, "params": {"gamma": 4.209809922064285, "lr": 0.38615051187059357}, "datetime": {"datetime": "2024-06-13 19:12:00", "elapsed": 6.035268, "delta": 0.00399}}
{"target": -171.36532178508213, "params": {"gamma": 1.227687737548204, "lr": 0.5338618843034166}, "datetime": {"datetime": "2024-06-13 19:12:00", "elapsed": 6.040254, "delta": 0.004986}}
{"target": -333.84866383061035, "params": {"gamma": 2.329308118342716, "lr": 0.7548078511004613}, "datetime": {"datetime": "2024-06-13 19:12:00", "elapsed": 6.044244, "delta": 0.00399}}
{"target": -1308.9736752082722, "params": {"gamma": 6.749030971060837, "lr": 0.07192696480921446}, "datetime": {"datetime": "2024-06-13 19:12:00", "elapsed": 6.048233, "delta": 0.003989}}
{"target": -1321.9449825032675, "params": {"gamma": 9.892657582673268, "lr": 0.7804569355743413}, "datetime": {"datetime": "2024-06-13 19:12:00", "elapsed": 6.05322, "delta": 0.004987}}
{"target": -470.24697248480715, "params": {"gamma": 2.279031043019085, "lr": 0.030742818349697054}, "datetime": {"datetime": "2024-06-13 19:12:00", "elapsed": 6.057209, "delta": 0.003989}}
{"target": -487.2036062352823, "params": {"gamma": 4.784239938885914, "lr": 0.35274243750107404}, "datetime": {"datetime": "2024-06-13 19:12:00", "elapsed": 6.061199, "delta": 0.00399}}
{"target": -597.7863257705436, "params": {"gamma": 5.465568482142916, "lr": 0.6596639554249211}, "datetime": {"datetime": "2024-06-13 19:12:00", "elapsed": 6.066186, "delta": 0.004987}}
{"target": -1539.5474658101718, "params": {"gamma": 7.972400853780025, "lr": 0.013544346839127641}, "datetime": {"datetime": "2024-06-13 19:12:00", "elapsed": 6.070174, "delta": 0.003988}}
{"target": -756.9023895521084, "params": {"gamma": 7.143240843274906, "lr": 0.2953139661018992}, "datetime": {"datetime": "2024-06-13 19:12:00", "elapsed": 6.075161, "delta": 0.004987}}
{"target": -1513.1770788023719, "params": {"gamma": 9.864039353798532, "lr": 0.8462417305877817}, "datetime": {"datetime": "2024-06-13 19:12:00", "elapsed": 6.07915, "delta": 0.003989}}
{"target": -614.3425837894771, "params": {"gamma": 5.604451409666734, "lr": 0.5977656853768393}, "datetime": {"datetime": "2024-06-13 19:12:00", "elapsed": 6.08314, "delta": 0.00399}}
{"target": -253.31389249925758, "params": {"gamma": 1.9215646543725684, "lr": 0.2262515885870655}, "datetime": {"datetime": "2024-06-13 19:12:00", "elapsed": 6.088126, "delta": 0.004986}}
{"target": -178.81764550571657, "params": {"gamma": 1.5409777702011733, "lr": 0.37781354746444173}, "datetime": {"datetime": "2024-06-13 19:12:00", "elapsed": 6.092115, "delta": 0.003989}}
{"target": -163.4562954070713, "params": {"gamma": 1.1204424879714694, "lr": 0.5112728936342619}, "datetime": {"datetime": "2024-06-13 19:12:00", "elapsed": 6.097103, "delta": 0.004988}}
{"target": -984.8612828709767, "params": {"gamma": 6.385141076060073, "lr": 0.12221237823698328}, "datetime": {"datetime": "2024-06-13 19:12:00", "elapsed": 6.101092, "delta": 0.003989}}
{"target": -686.8864810094892, "params": {"gamma": 3.442619392943751, "lr": 0.07034787968520784}, "datetime": {"datetime": "2024-06-13 19:12:00", "elapsed": 6.105081, "delta": 0.003989}}
{"target": -576.1355054397694, "params": {"gamma": 5.25808611153342, "lr": 0.6502897692030054}, "datetime": {"datetime": "2024-06-13 19:12:00", "elapsed": 6.109971, "delta": 0.00489}}
{"target": -886.2257401994187, "params": {"gamma": 6.155105941609653, "lr": 0.8138695628094851}, "datetime": {"datetime": "2024-06-13 19:12:00", "elapsed": 6.11396, "delta": 0.003989}}
{"target": -278.8304797161139, "params": {"gamma": 2.3564267987877012, "lr": 0.6181818418404456}, "datetime": {"datetime": "2024-06-13 19:12:00", "elapsed": 6.11795, "delta": 0.00399}}
{"target": -574.819442927093, "params": {"gamma": 3.028982363807174, "lr": 0.0887677060791423}, "datetime": {"datetime": "2024-06-13 19:12:00", "elapsed": 6.122937, "delta": 0.004987}}
{"target": -614.0814437992532, "params": {"gamma": 3.053309454186566, "lr": 0.07135647494461617}, "datetime": {"datetime": "2024-06-13 19:12:00", "elapsed": 6.126926, "delta": 0.003989}}
{"target": -1254.088371344849, "params": {"gamma": 9.585783535985689, "lr": 0.7271654349269293}, "datetime": {"datetime": "2024-06-13 19:12:00", "elapsed": 6.131913, "delta": 0.004987}}
{"target": -180.5884812578422, "params": {"gamma": 1.0155071173822163, "lr": 0.7862693223485936}, "datetime": {"datetime": "2024-06-13 19:12:00", "elapsed": 6.135902, "delta": 0.003989}}
{"target": -588.6326554200508, "params": {"gamma": 3.5222014456052215, "lr": 0.9114351403237924}, "datetime": {"datetime": "2024-06-13 19:12:00", "elapsed": 6.140889, "delta": 0.004987}}
{"target": -785.5642025606953, "params": {"gamma": 4.955478850036387, "lr": 0.8726927229848721}, "datetime": {"datetime": "2024-06-13 19:12:00", "elapsed": 6.144878, "delta": 0.003989}}
{"target": -235.4464606799534, "params": {"gamma": 2.206077417642493, "lr": 0.36719232590326556}, "datetime": {"datetime": "2024-06-13 19:12:00", "elapsed": 6.148867, "delta": 0.003989}}
{"target": -688.9050980867263, "params": {"gamma": 3.6690025846416687, "lr": 0.09713268160328525}, "datetime": {"datetime": "2024-06-13 19:12:00", "elapsed": 6.153854, "delta": 0.004987}}
{"target": -374.6214421568783, "params": {"gamma": 3.310813326223882, "lr": 0.6597098038387995}, "datetime": {"datetime": "2024-06-13 19:12:00", "elapsed": 6.157844, "delta": 0.00399}}
{"target": -741.081955199072, "params": {"gamma": 4.665968370246033, "lr": 0.8792315697444312}, "datetime": {"datetime": "2024-06-13 19:12:00", "elapsed": 6.16283, "delta": 0.004986}}
{"target": -283.8409224214989, "params": {"gamma": 2.6974329936370927, "lr": 0.3548193487216488}, "datetime": {"datetime": "2024-06-13 19:12:00", "elapsed": 6.16682, "delta": 0.00399}}
{"target": -348.23514055003074, "params": {"gamma": 3.2042225472159718, "lr": 0.5517379706217076}, "datetime": {"datetime": "2024-06-13 19:12:00", "elapsed": 6.170809, "delta": 0.003989}}
{"target": -296.6568768711309, "params": {"gamma": 1.8830059366472722, "lr": 0.1732442715081729}, "datetime": {"datetime": "2024-06-13 19:12:00", "elapsed": 6.175795, "delta": 0.004986}}
{"target": -929.1842409721612, "params": {"gamma": 9.394879760160336, "lr": 0.37664771374633}, "datetime": {"datetime": "2024-06-13 19:12:00", "elapsed": 6.179784, "delta": 0.003989}}
{"target": -1143.6017369985589, "params": {"gamma": 5.871394250695616, "lr": 0.05515208501882385}, "datetime": {"datetime": "2024-06-13 19:12:00", "elapsed": 6.183775, "delta": 0.003991}}
{"target": -296.21571576187995, "params": {"gamma": 1.409439110996769, "lr": 0.09635855186124331}, "datetime": {"datetime": "2024-06-13 19:12:00", "elapsed": 6.188769, "delta": 0.004994}}
{"target": -1364.4907409693485, "params": {"gamma": 8.121343564013504, "lr": 0.10314678258346421}, "datetime": {"datetime": "2024-06-13 19:12:00", "elapsed": 6.19275, "delta": 0.003981}}
{"target": -731.3862005975113, "params": {"gamma": 5.163644140749812, "lr": 0.1555778979920741}, "datetime": {"datetime": "2024-06-13 19:12:00", "elapsed": 6.197737, "delta": 0.004987}}
{"target": -455.08765997474956, "params": {"gamma": 2.7888887375330564, "lr": 0.8826020025030701}, "datetime": {"datetime": "2024-06-13 19:12:00", "elapsed": 6.201726, "delta": 0.003989}}
{"target": -1037.7527382773808, "params": {"gamma": 6.316306057543976, "lr": 0.9636627102130699}, "datetime": {"datetime": "2024-06-13 19:12:00", "elapsed": 6.205715, "delta": 0.003989}}
{"target": -1167.3682581100693, "params": {"gamma": 5.997543941794315, "lr": 0.009519716216558005}, "datetime": {"datetime": "2024-06-13 19:12:00", "elapsed": 6.210702, "delta": 0.004987}}
{"target": -820.9251962980808, "params": {"gamma": 4.156994414198696, "lr": 0.02244175435867979}, "datetime": {"datetime": "2024-06-13 19:12:00", "elapsed": 6.214692, "delta": 0.00399}}
{"target": -312.1362654919299, "params": {"gamma": 3.1405292961414175, "lr": 0.48162493072074175}, "datetime": {"datetime": "2024-06-13 19:12:00", "elapsed": 6.218681, "delta": 0.003989}}
{"target": -707.8261709284184, "params": {"gamma": 5.755017951896957, "lr": 0.2386502029289299}, "datetime": {"datetime": "2024-06-13 19:12:00", "elapsed": 6.223667, "delta": 0.004986}}
{"target": -557.8139947505887, "params": {"gamma": 5.583307497898072, "lr": 0.3949201341072339}, "datetime": {"datetime": "2024-06-13 19:12:00", "elapsed": 6.227657, "delta": 0.00399}}
{"target": -698.4313412537296, "params": {"gamma": 5.066315292881764, "lr": 0.19596701454252152}, "datetime": {"datetime": "2024-06-13 19:12:00", "elapsed": 6.232644, "delta": 0.004987}}
{"target": -241.39614172936373, "params": {"gamma": 1.5683593484243095, "lr": 0.7545170076023864}, "datetime": {"datetime": "2024-06-13 19:12:00", "elapsed": 6.236633, "delta": 0.003989}}
{"target": -373.55885208928294, "params": {"gamma": 3.3004023148263886, "lr": 0.6441956925382164}, "datetime": {"datetime": "2024-06-13 19:12:00", "elapsed": 6.24162, "delta": 0.004987}}
{"target": -912.717837671341, "params": {"gamma": 5.654990510308829, "lr": 0.899530915886071}, "datetime": {"datetime": "2024-06-13 19:12:00", "elapsed": 6.245609, "delta": 0.003989}}
{"target": -846.250105055344, "params": {"gamma": 8.806955495452243, "lr": 0.4431114003267834}, "datetime": {"datetime": "2024-06-13 19:12:00", "elapsed": 6.250596, "delta": 0.004987}}
{"target": -248.91737339420914, "params": {"gamma": 2.048146129836078, "lr": 0.6321923752918258}, "datetime": {"datetime": "2024-06-13 19:12:00", "elapsed": 6.254585, "delta": 0.003989}}
{"target": -836.1326006119164, "params": {"gamma": 6.368722917490155, "lr": 0.6924175033786027}, "datetime": {"datetime": "2024-06-13 19:12:00", "elapsed": 6.258574, "delta": 0.003989}}
{"target": -1214.0787089416192, "params": {"gamma": 9.074824554145266, "lr": 0.7825809780445985}, "datetime": {"datetime": "2024-06-13 19:12:00", "elapsed": 6.263561, "delta": 0.004987}}
{"target": -680.1233721108904, "params": {"gamma": 6.253284067622613, "lr": 0.6009655953980898}, "datetime": {"datetime": "2024-06-13 19:12:00", "elapsed": 6.26755, "delta": 0.003989}}
{"target": -256.5276101154711, "params": {"gamma": 2.1283776016453526, "lr": 0.651365361997868}, "datetime": {"datetime": "2024-06-13 19:12:00", "elapsed": 6.272537, "delta": 0.004987}}
{"target": -1332.892293036573, "params": {"gamma": 8.145187207595269, "lr": 0.9223224808528965}, "datetime": {"datetime": "2024-06-13 19:12:00", "elapsed": 6.276526, "delta": 0.003989}}
{"target": -944.3535703399898, "params": {"gamma": 9.166584470697245, "lr": 0.5610988058726366}, "datetime": {"datetime": "2024-06-13 19:12:00", "elapsed": 6.280515, "delta": 0.003989}}
{"target": -274.5225667019013, "params": {"gamma": 2.599079923429137, "lr": 0.33379745682371664}, "datetime": {"datetime": "2024-06-13 19:12:00", "elapsed": 6.285502, "delta": 0.004987}}
{"target": -1017.191831844654, "params": {"gamma": 9.977625893322635, "lr": 0.5255977882178193}, "datetime": {"datetime": "2024-06-13 19:12:00", "elapsed": 6.289491, "delta": 0.003989}}
{"target": -883.1972689028562, "params": {"gamma": 8.159250821705387, "lr": 0.5970161877845721}, "datetime": {"datetime": "2024-06-13 19:12:00", "elapsed": 6.294478, "delta": 0.004987}}
{"target": -515.3731501945291, "params": {"gamma": 5.069796942895938, "lr": 0.34853961530569777}, "datetime": {"datetime": "2024-06-13 19:12:00", "elapsed": 6.298467, "delta": 0.003989}}
{"target": -1050.6967968754552, "params": {"gamma": 5.378167511784794, "lr": 0.00673470699420331}, "datetime": {"datetime": "2024-06-13 19:12:00", "elapsed": 6.302457, "delta": 0.00399}}
{"target": -904.2468743873751, "params": {"gamma": 8.766981380159143, "lr": 0.5614864815326793}, "datetime": {"datetime": "2024-06-13 19:12:00", "elapsed": 6.307443, "delta": 0.004986}}
{"target": -134.31755079983157, "params": {"gamma": 0.2437899718214612, "lr": 0.8181747453311654}, "datetime": {"datetime": "2024-06-13 19:12:00", "elapsed": 6.311433, "delta": 0.00399}}
{"target": -302.26057259479313, "params": {"gamma": 1.3544085542298703, "lr": 0.03063869809086972}, "datetime": {"datetime": "2024-06-13 19:12:00", "elapsed": 6.316419, "delta": 0.004986}}
{"target": -765.1518555130908, "params": {"gamma": 4.623891705947023, "lr": 0.9606566952869964}, "datetime": {"datetime": "2024-06-13 19:12:00", "elapsed": 6.320409, "delta": 0.00399}}
{"target": -229.99085589446622, "params": {"gamma": 0.9370488703914385, "lr": 0.0655985161350432}, "datetime": {"datetime": "2024-06-13 19:12:00", "elapsed": 6.324398, "delta": 0.003989}}
{"target": -1267.116308489122, "params": {"gamma": 8.799475826643015, "lr": 0.8213720415432885}, "datetime": {"datetime": "2024-06-13 19:12:00", "elapsed": 6.329385, "delta": 0.004987}}
