{"target": -557.2661748152267, "params": {"gamma": 2.0748582416284203, "lr": 0.7472803210592225}, "datetime": {"datetime": "2024-06-13 14:28:19", "elapsed": 5.226311, "delta": 0.003989}}
{"target": -1109.6324984284545, "params": {"gamma": 2.5826284514108324, "lr": 0.03724025561078481}, "datetime": {"datetime": "2024-06-13 14:28:19", "elapsed": 5.231298, "delta": 0.004987}}
{"target": -145.6879652570621, "params": {"gamma": 0.16150603946145364, "lr": 0.15270593118117648}, "datetime": {"datetime": "2024-06-13 14:28:19", "elapsed": 5.235287, "delta": 0.003989}}
{"target": -1343.7830194806618, "params": {"gamma": 4.621379845784425, "lr": 0.7559010975378051}, "datetime": {"datetime": "2024-06-13 14:28:19", "elapsed": 5.240274, "delta": 0.004987}}
{"target": -1143.6004932454875, "params": {"gamma": 7.2884205045195944, "lr": 0.3523894424830367}, "datetime": {"datetime": "2024-06-13 14:28:19", "elapsed": 5.245261, "delta": 0.004987}}
{"target": -1406.77892276831, "params": {"gamma": 4.7919136483503735, "lr": 0.8140737533756652}, "datetime": {"datetime": "2024-06-13 14:28:19", "elapsed": 5.250247, "delta": 0.004986}}
{"target": -1261.6958657955654, "params": {"gamma": 8.384190660883412, "lr": 0.3199167004179855}, "datetime": {"datetime": "2024-06-13 14:28:19", "elapsed": 5.254237, "delta": 0.00399}}
{"target": -160.2074240345983, "params": {"gamma": 0.043645919052664246, "lr": 0.046930843226232644}, "datetime": {"datetime": "2024-06-13 14:28:19", "elapsed": 5.259223, "delta": 0.004986}}
{"target": -1154.3385228520863, "params": {"gamma": 7.378335968662237, "lr": 0.27263228107250803}, "datetime": {"datetime": "2024-06-13 14:28:19", "elapsed": 5.263212, "delta": 0.003989}}
{"target": -789.0744094808913, "params": {"gamma": 4.815376636054336, "lr": 0.1920312660311443}, "datetime": {"datetime": "2024-06-13 14:28:19", "elapsed": 5.268199, "delta": 0.004987}}
{"target": -1821.0992560502586, "params": {"gamma": 8.471282047905861, "lr": 0.5033776096365531}, "datetime": {"datetime": "2024-06-13 14:28:19", "elapsed": 5.273188, "delta": 0.004989}}
{"target": -825.620243239867, "params": {"gamma": 5.272074597046892, "lr": 0.28807958808575485}, "datetime": {"datetime": "2024-06-13 14:28:19", "elapsed": 5.277175, "delta": 0.003987}}
{"target": -2157.598420168453, "params": {"gamma": 5.120480307408566, "lr": 0.0019636453825200295}, "datetime": {"datetime": "2024-06-13 14:28:19", "elapsed": 5.282162, "delta": 0.004987}}
{"target": -450.35749291221236, "params": {"gamma": 2.7736731083917574, "lr": 0.34876298353843593}, "datetime": {"datetime": "2024-06-13 14:28:19", "elapsed": 5.286151, "delta": 0.003989}}
{"target": -1216.704668646175, "params": {"gamma": 2.8402249120040706, "lr": 0.08595222757741783}, "datetime": {"datetime": "2024-06-13 14:28:19", "elapsed": 5.29014, "delta": 0.003989}}
{"target": -1523.1835006867454, "params": {"gamma": 5.2182903111313514, "lr": 0.7884791333735152}, "datetime": {"datetime": "2024-06-13 14:28:19", "elapsed": 5.295127, "delta": 0.004987}}
{"target": -1691.8857049768915, "params": {"gamma": 9.426041757646109, "lr": 0.49728979211666346}, "datetime": {"datetime": "2024-06-13 14:28:19", "elapsed": 5.299116, "delta": 0.003989}}
{"target": -927.6582932608014, "params": {"gamma": 5.93794482969608, "lr": 0.2908599378104706}, "datetime": {"datetime": "2024-06-13 14:28:19", "elapsed": 5.304105, "delta": 0.004989}}
{"target": -323.4660338402402, "params": {"gamma": 1.492445929692968, "lr": 0.13187169072844107}, "datetime": {"datetime": "2024-06-13 14:28:19", "elapsed": 5.30909, "delta": 0.004985}}
{"target": -1899.0742208140523, "params": {"gamma": 7.323875397919708, "lr": 0.7344694353499344}, "datetime": {"datetime": "2024-06-13 14:28:19", "elapsed": 5.313079, "delta": 0.003989}}
{"target": -315.1160226740967, "params": {"gamma": 1.7943208163497153, "lr": 0.41356037977579185}, "datetime": {"datetime": "2024-06-13 14:28:19", "elapsed": 5.318066, "delta": 0.004987}}
{"target": -1163.4453715725112, "params": {"gamma": 5.941849134587504, "lr": 0.12528194618614874}, "datetime": {"datetime": "2024-06-13 14:28:19", "elapsed": 5.323053, "delta": 0.004987}}
{"target": -1848.1515868015958, "params": {"gamma": 7.85390412973879, "lr": 0.619992203320239}, "datetime": {"datetime": "2024-06-13 14:28:19", "elapsed": 5.327042, "delta": 0.003989}}
{"target": -1552.7014830170708, "params": {"gamma": 6.152601693393037, "lr": 0.7012080919186323}, "datetime": {"datetime": "2024-06-13 14:28:19", "elapsed": 5.331031, "delta": 0.003989}}
{"target": -2079.1257287312674, "params": {"gamma": 9.871843637581678, "lr": 0.5623944559571782}, "datetime": {"datetime": "2024-06-13 14:28:19", "elapsed": 5.337015, "delta": 0.005984}}
{"target": -1397.5540521812165, "params": {"gamma": 8.644298200721781, "lr": 0.4187086750571659}, "datetime": {"datetime": "2024-06-13 14:28:19", "elapsed": 5.341005, "delta": 0.00399}}
{"target": -2109.93833098429, "params": {"gamma": 6.545039042923117, "lr": 0.9252611878587662}, "datetime": {"datetime": "2024-06-13 14:28:19", "elapsed": 5.345991, "delta": 0.004986}}
{"target": -1003.9227228214652, "params": {"gamma": 6.64184400562511, "lr": 0.3030806759430662}, "datetime": {"datetime": "2024-06-13 14:28:19", "elapsed": 5.349981, "delta": 0.00399}}
{"target": -975.6019840049404, "params": {"gamma": 6.199836992922438, "lr": 0.35131832035819255}, "datetime": {"datetime": "2024-06-13 14:28:19", "elapsed": 5.353971, "delta": 0.00399}}
{"target": -772.2320400377322, "params": {"gamma": 3.224344384669061, "lr": 0.6102050587463702}, "datetime": {"datetime": "2024-06-13 14:28:19", "elapsed": 5.358957, "delta": 0.004986}}
{"target": -316.0241161812162, "params": {"gamma": 1.6040719966518822, "lr": 0.4867389357577533}, "datetime": {"datetime": "2024-06-13 14:28:19", "elapsed": 5.363943, "delta": 0.004986}}
{"target": -1518.3120714010424, "params": {"gamma": 9.456397215578926, "lr": 0.38391424197853796}, "datetime": {"datetime": "2024-06-13 14:28:19", "elapsed": 5.36893, "delta": 0.004987}}
{"target": -363.63303067294356, "params": {"gamma": 1.8904369698648686, "lr": 0.468838949642181}, "datetime": {"datetime": "2024-06-13 14:28:19", "elapsed": 5.372919, "delta": 0.003989}}
{"target": -2512.8768610457473, "params": {"gamma": 8.409237406703872, "lr": 0.8426677225950326}, "datetime": {"datetime": "2024-06-13 14:28:19", "elapsed": 5.376909, "delta": 0.00399}}
{"target": -3464.631604058764, "params": {"gamma": 8.278204591352763, "lr": 0.011475512605813365}, "datetime": {"datetime": "2024-06-13 14:28:19", "elapsed": 5.381895, "delta": 0.004986}}
{"target": -874.0399225290682, "params": {"gamma": 2.6711360589730235, "lr": 0.9998757875742624}, "datetime": {"datetime": "2024-06-13 14:28:19", "elapsed": 5.385885, "delta": 0.00399}}
{"target": -251.23164232874535, "params": {"gamma": 1.1977130886476726, "lr": 0.4900894960876333}, "datetime": {"datetime": "2024-06-13 14:28:19", "elapsed": 5.390872, "delta": 0.004987}}
{"target": -1822.7654529945744, "params": {"gamma": 7.900471479876251, "lr": 0.12221391009385618}, "datetime": {"datetime": "2024-06-13 14:28:19", "elapsed": 5.394861, "delta": 0.003989}}
{"target": -1194.7901857808324, "params": {"gamma": 6.624429397731788, "lr": 0.4880804455213241}, "datetime": {"datetime": "2024-06-13 14:28:19", "elapsed": 5.399847, "delta": 0.004986}}
{"target": -616.311698341143, "params": {"gamma": 1.9437055308797813, "lr": 0.8786300265827204}, "datetime": {"datetime": "2024-06-13 14:28:19", "elapsed": 5.404835, "delta": 0.004988}}
{"target": -463.14855866899245, "params": {"gamma": 1.8156924881797458, "lr": 0.6390528592947753}, "datetime": {"datetime": "2024-06-13 14:28:19", "elapsed": 5.408823, "delta": 0.003988}}
{"target": -1565.6640140151592, "params": {"gamma": 7.4085279551010945, "lr": 0.5626728865932282}, "datetime": {"datetime": "2024-06-13 14:28:19", "elapsed": 5.41381, "delta": 0.004987}}
{"target": -1457.8163882020965, "params": {"gamma": 6.288786844403314, "lr": 0.11896539662200445}, "datetime": {"datetime": "2024-06-13 14:28:19", "elapsed": 5.417799, "delta": 0.003989}}
{"target": -679.1025340568391, "params": {"gamma": 3.0810618335582585, "lr": 0.5869622072296792}, "datetime": {"datetime": "2024-06-13 14:28:19", "elapsed": 5.422786, "delta": 0.004987}}
{"target": -970.2858513783301, "params": {"gamma": 3.955241699358807, "lr": 0.6639460814328006}, "datetime": {"datetime": "2024-06-13 14:28:19", "elapsed": 5.426775, "delta": 0.003989}}
{"target": -1373.8622277935985, "params": {"gamma": 8.519694493398179, "lr": 0.19022208931218354}, "datetime": {"datetime": "2024-06-13 14:28:19", "elapsed": 5.432759, "delta": 0.005984}}
{"target": -1451.1919100825044, "params": {"gamma": 9.032823736002479, "lr": 0.38317585043109326}, "datetime": {"datetime": "2024-06-13 14:28:19", "elapsed": 5.436749, "delta": 0.00399}}
{"target": -2215.5889714164655, "params": {"gamma": 9.431300182951817, "lr": 0.6173823130249652}, "datetime": {"datetime": "2024-06-13 14:28:19", "elapsed": 5.440738, "delta": 0.003989}}
{"target": -1699.6946029013077, "params": {"gamma": 7.901165115937855, "lr": 0.514775428373226}, "datetime": {"datetime": "2024-06-13 14:28:19", "elapsed": 5.445725, "delta": 0.004987}}
{"target": -807.3393257250575, "params": {"gamma": 5.311915799238696, "lr": 0.3275938987659719}, "datetime": {"datetime": "2024-06-13 14:28:19", "elapsed": 5.449714, "delta": 0.003989}}
{"target": -243.0251343662376, "params": {"gamma": 1.2945177075663274, "lr": 0.3838219118604237}, "datetime": {"datetime": "2024-06-13 14:28:19", "elapsed": 5.454701, "delta": 0.004987}}
{"target": -932.3261931582839, "params": {"gamma": 2.1505498314359848, "lr": 0.03286525588191658}, "datetime": {"datetime": "2024-06-13 14:28:19", "elapsed": 5.45869, "delta": 0.003989}}
{"target": -467.3516214421861, "params": {"gamma": 2.7495934114227696, "lr": 0.18057605266685695}, "datetime": {"datetime": "2024-06-13 14:28:19", "elapsed": 5.464674, "delta": 0.005984}}
{"target": -3662.1951321645106, "params": {"gamma": 8.75542762006619, "lr": 0.08123656243140498}, "datetime": {"datetime": "2024-06-13 14:28:19", "elapsed": 5.468663, "delta": 0.003989}}
{"target": -484.43305704975654, "params": {"gamma": 1.8397720952197505, "lr": 0.7040306955363342}, "datetime": {"datetime": "2024-06-13 14:28:19", "elapsed": 5.472653, "delta": 0.00399}}
{"target": -1433.6567701020165, "params": {"gamma": 9.192339684311714, "lr": 0.2514584522319341}, "datetime": {"datetime": "2024-06-13 14:28:19", "elapsed": 5.477639, "delta": 0.004986}}
{"target": -162.55590782364555, "params": {"gamma": 0.21399001348235436, "lr": 0.9605044727550998}, "datetime": {"datetime": "2024-06-13 14:28:19", "elapsed": 5.481629, "delta": 0.00399}}
{"target": -1030.646669210216, "params": {"gamma": 6.8225241840990325, "lr": 0.3106626960638559}, "datetime": {"datetime": "2024-06-13 14:28:19", "elapsed": 5.486616, "delta": 0.004987}}
{"target": -1027.6422582130904, "params": {"gamma": 4.724262048710183, "lr": 0.5992558738787634}, "datetime": {"datetime": "2024-06-13 14:28:19", "elapsed": 5.490605, "delta": 0.003989}}
{"target": -1159.383769582019, "params": {"gamma": 3.7393118520813564, "lr": 0.874487796621177}, "datetime": {"datetime": "2024-06-13 14:28:19", "elapsed": 5.495591, "delta": 0.004986}}
{"target": -2339.272033388748, "params": {"gamma": 7.261999710487967, "lr": 0.9543407046242112}, "datetime": {"datetime": "2024-06-13 14:28:19", "elapsed": 5.500578, "delta": 0.004987}}
{"target": -1140.944049672447, "params": {"gamma": 3.5113041629592687, "lr": 0.9371740887217811}, "datetime": {"datetime": "2024-06-13 14:28:19", "elapsed": 5.504596, "delta": 0.004018}}
{"target": -1170.6824938420052, "params": {"gamma": 4.791526641683215, "lr": 0.6423226386484714}, "datetime": {"datetime": "2024-06-13 14:28:19", "elapsed": 5.509554, "delta": 0.004958}}
{"target": -2154.0744845218346, "params": {"gamma": 7.36673540034412, "lr": 0.8093379690056801}, "datetime": {"datetime": "2024-06-13 14:28:19", "elapsed": 5.513543, "delta": 0.003989}}
{"target": -723.7052470868693, "params": {"gamma": 3.963197413459656, "lr": 0.44794597851477114}, "datetime": {"datetime": "2024-06-13 14:28:19", "elapsed": 5.51853, "delta": 0.004987}}
{"target": -2048.4004231182885, "params": {"gamma": 8.172952984101395, "lr": 0.7175572030909549}, "datetime": {"datetime": "2024-06-13 14:28:19", "elapsed": 5.522519, "delta": 0.003989}}
{"target": -3026.0427674273787, "params": {"gamma": 9.408551244537064, "lr": 0.9795978714178412}, "datetime": {"datetime": "2024-06-13 14:28:19", "elapsed": 5.528503, "delta": 0.005984}}
{"target": -297.7845752701674, "params": {"gamma": 1.7899544503221003, "lr": 0.2279194118127552}, "datetime": {"datetime": "2024-06-13 14:28:19", "elapsed": 5.532493, "delta": 0.00399}}
{"target": -1857.0158383506669, "params": {"gamma": 7.16014848634319, "lr": 0.7473827346542434}, "datetime": {"datetime": "2024-06-13 14:28:19", "elapsed": 5.537479, "delta": 0.004986}}
{"target": -1857.817223356577, "params": {"gamma": 6.032192362771022, "lr": 0.8772997642215113}, "datetime": {"datetime": "2024-06-13 14:28:19", "elapsed": 5.542466, "delta": 0.004987}}
{"target": -412.3523226944274, "params": {"gamma": 2.5206526306452743, "lr": 0.3394873942967924}, "datetime": {"datetime": "2024-06-13 14:28:19", "elapsed": 5.546455, "delta": 0.003989}}
{"target": -753.463500382736, "params": {"gamma": 4.946973834220983, "lr": 0.31502708896856757}, "datetime": {"datetime": "2024-06-13 14:28:19", "elapsed": 5.551442, "delta": 0.004987}}
{"target": -1386.266859370386, "params": {"gamma": 5.454845454328703, "lr": 0.6824780792979444}, "datetime": {"datetime": "2024-06-13 14:28:19", "elapsed": 5.556429, "delta": 0.004987}}
{"target": -416.90053532586677, "params": {"gamma": 2.2044486446357947, "lr": 0.48533745396838057}, "datetime": {"datetime": "2024-06-13 14:28:19", "elapsed": 5.561415, "delta": 0.004986}}
{"target": -1490.4241619262414, "params": {"gamma": 9.929820595017146, "lr": 0.3241613031812349}, "datetime": {"datetime": "2024-06-13 14:28:19", "elapsed": 5.565405, "delta": 0.00399}}
{"target": -177.52121292620097, "params": {"gamma": 0.35458383299364826, "lr": 0.8173517292840132}, "datetime": {"datetime": "2024-06-13 14:28:19", "elapsed": 5.570392, "delta": 0.004987}}
{"target": -2121.6380237189796, "params": {"gamma": 5.033564529213024, "lr": 0.052783856118570505}, "datetime": {"datetime": "2024-06-13 14:28:19", "elapsed": 5.574381, "delta": 0.003989}}
{"target": -1438.8328128114367, "params": {"gamma": 8.903159967215188, "lr": 0.4045143799803578}, "datetime": {"datetime": "2024-06-13 14:28:19", "elapsed": 5.579367, "delta": 0.004986}}
{"target": -1500.9686996669302, "params": {"gamma": 9.292802548221829, "lr": 0.40207817380056154}, "datetime": {"datetime": "2024-06-13 14:28:19", "elapsed": 5.583357, "delta": 0.00399}}
{"target": -171.22906357189646, "params": {"gamma": 0.7692460154620339, "lr": 0.2453011441199927}, "datetime": {"datetime": "2024-06-13 14:28:19", "elapsed": 5.588344, "delta": 0.004987}}
{"target": -1023.0237103681476, "params": {"gamma": 3.503254796566321, "lr": 0.7507282923552251}, "datetime": {"datetime": "2024-06-13 14:28:19", "elapsed": 5.59333, "delta": 0.004986}}
{"target": -360.58981016269325, "params": {"gamma": 1.8482967753404873, "lr": 0.4309736537258744}, "datetime": {"datetime": "2024-06-13 14:28:19", "elapsed": 5.597319, "delta": 0.003989}}
{"target": -1876.7451517413595, "params": {"gamma": 8.732580952739871, "lr": 0.5337610913727832}, "datetime": {"datetime": "2024-06-13 14:28:19", "elapsed": 5.602011, "delta": 0.004692}}
{"target": -479.79943967796845, "params": {"gamma": 1.0324440427708175, "lr": 0.024522487054632225}, "datetime": {"datetime": "2024-06-13 14:28:19", "elapsed": 5.606, "delta": 0.003989}}
{"target": -2274.140083676818, "params": {"gamma": 7.058392201809326, "lr": 0.979127490958217}, "datetime": {"datetime": "2024-06-13 14:28:19", "elapsed": 5.610987, "delta": 0.004987}}
{"target": -2273.2728771020284, "params": {"gamma": 7.851867464260117, "lr": 0.7647261968454175}, "datetime": {"datetime": "2024-06-13 14:28:19", "elapsed": 5.615974, "delta": 0.004987}}
{"target": -1967.5774413614356, "params": {"gamma": 6.754799709264521, "lr": 0.7955027102986651}, "datetime": {"datetime": "2024-06-13 14:28:19", "elapsed": 5.62096, "delta": 0.004986}}
{"target": -143.36184537310518, "params": {"gamma": 0.40113783894076427, "lr": 0.264681631716854}, "datetime": {"datetime": "2024-06-13 14:28:19", "elapsed": 5.624949, "delta": 0.003989}}
{"target": -2140.0006945826917, "params": {"gamma": 6.9542799621795535, "lr": 0.8669883296077439}, "datetime": {"datetime": "2024-06-13 14:28:19", "elapsed": 5.629937, "delta": 0.004988}}
{"target": -1099.794976984545, "params": {"gamma": 6.746394111296426, "lr": 0.17627612798343162}, "datetime": {"datetime": "2024-06-13 14:28:19", "elapsed": 5.634923, "delta": 0.004986}}
{"target": -2875.767821438489, "params": {"gamma": 9.363148290996985, "lr": 0.9033787001108529}, "datetime": {"datetime": "2024-06-13 14:28:19", "elapsed": 5.638913, "delta": 0.00399}}
{"target": -194.66908682760283, "params": {"gamma": 0.8677009826349238, "lr": 0.193000037574253}, "datetime": {"datetime": "2024-06-13 14:28:19", "elapsed": 5.643899, "delta": 0.004986}}
{"target": -728.2223103650093, "params": {"gamma": 2.7526551130746566, "lr": 0.7384118706046068}, "datetime": {"datetime": "2024-06-13 14:28:19", "elapsed": 5.64845, "delta": 0.004551}}
{"target": -1845.0148604913509, "params": {"gamma": 8.59387390968027, "lr": 0.5783223874515512}, "datetime": {"datetime": "2024-06-13 14:28:19", "elapsed": 5.653437, "delta": 0.004987}}
{"target": -345.59084064779563, "params": {"gamma": 1.9972560609459706, "lr": 0.41508988762136245}, "datetime": {"datetime": "2024-06-13 14:28:19", "elapsed": 5.657427, "delta": 0.00399}}
{"target": -469.4458024023044, "params": {"gamma": 1.3794541434408072, "lr": 0.9173961868584244}, "datetime": {"datetime": "2024-06-13 14:28:19", "elapsed": 5.662413, "delta": 0.004986}}
{"target": -1645.2648961163382, "params": {"gamma": 7.645544873164326, "lr": 0.5102138338060775}, "datetime": {"datetime": "2024-06-13 14:28:19", "elapsed": 5.6674, "delta": 0.004987}}
{"target": -1737.1370954745307, "params": {"gamma": 4.536296856665209, "lr": 0.0978420783455699}, "datetime": {"datetime": "2024-06-13 14:28:19", "elapsed": 5.671389, "delta": 0.003989}}
{"target": -757.5072872829132, "params": {"gamma": 3.1874348876469725, "lr": 0.12063279535739646}, "datetime": {"datetime": "2024-06-13 14:28:19", "elapsed": 5.676377, "delta": 0.004988}}
{"target": -1683.1778618570775, "params": {"gamma": 7.823598295559239, "lr": 0.5448837066761946}, "datetime": {"datetime": "2024-06-13 14:28:19", "elapsed": 5.681363, "delta": 0.004986}}
{"target": -365.89547506420257, "params": {"gamma": 2.2735465367701733, "lr": 0.22420283925593631}, "datetime": {"datetime": "2024-06-13 14:28:19", "elapsed": 5.686349, "delta": 0.004986}}
{"target": -410.72546865531655, "params": {"gamma": 2.6047215769603396, "lr": 0.308872752316256}, "datetime": {"datetime": "2024-06-13 14:28:19", "elapsed": 5.690339, "delta": 0.00399}}
{"target": -612.5647261615619, "params": {"gamma": 3.8776636126823174, "lr": 0.29754893237723723}, "datetime": {"datetime": "2024-06-13 14:28:19", "elapsed": 5.695325, "delta": 0.004986}}
{"target": -2850.9971765464948, "params": {"gamma": 6.795879389436971, "lr": 0.03507361930507891}, "datetime": {"datetime": "2024-06-13 14:28:19", "elapsed": 5.699315, "delta": 0.00399}}
{"target": -862.7852739338143, "params": {"gamma": 3.2817750389987497, "lr": 0.7452918728580155}, "datetime": {"datetime": "2024-06-13 14:28:19", "elapsed": 5.704301, "delta": 0.004986}}
{"target": -2752.79362303355, "params": {"gamma": 9.428137042767773, "lr": 0.8027325501575512}, "datetime": {"datetime": "2024-06-13 14:28:19", "elapsed": 5.708291, "delta": 0.00399}}
{"target": -385.32688117038384, "params": {"gamma": 2.4090212695059683, "lr": 0.2329154683838317}, "datetime": {"datetime": "2024-06-13 14:28:19", "elapsed": 5.714275, "delta": 0.005984}}
{"target": -604.517348019511, "params": {"gamma": 1.904177610377174, "lr": 0.8824975348586093}, "datetime": {"datetime": "2024-06-13 14:28:19", "elapsed": 5.718264, "delta": 0.003989}}
{"target": -702.6897687736436, "params": {"gamma": 2.3793190167249576, "lr": 0.7581806234131274}, "datetime": {"datetime": "2024-06-13 14:28:19", "elapsed": 5.722254, "delta": 0.00399}}
{"target": -1121.3944041768161, "params": {"gamma": 2.611236264315461, "lr": 0.03308184340751563}, "datetime": {"datetime": "2024-06-13 14:28:19", "elapsed": 5.72724, "delta": 0.004986}}
{"target": -1840.1608885801525, "params": {"gamma": 7.334743552987591, "lr": 0.7262018097952009}, "datetime": {"datetime": "2024-06-13 14:28:19", "elapsed": 5.732227, "delta": 0.004987}}
{"target": -183.22366427160497, "params": {"gamma": 0.8905021504995737, "lr": 0.3267012579296016}, "datetime": {"datetime": "2024-06-13 14:28:19", "elapsed": 5.736216, "delta": 0.003989}}
{"target": -1610.2394717703212, "params": {"gamma": 9.483704536600037, "lr": 0.16294899858218448}, "datetime": {"datetime": "2024-06-13 14:28:19", "elapsed": 5.740206, "delta": 0.00399}}
{"target": -231.58080262458014, "params": {"gamma": 0.8676380540564483, "lr": 0.5946038881116259}, "datetime": {"datetime": "2024-06-13 14:28:19", "elapsed": 5.746189, "delta": 0.005983}}
{"target": -1811.5926111334404, "params": {"gamma": 9.309967663594373, "lr": 0.1337783077430914}, "datetime": {"datetime": "2024-06-13 14:28:19", "elapsed": 5.751176, "delta": 0.004987}}
{"target": -1304.995124595477, "params": {"gamma": 5.130609924306518, "lr": 0.6839992141169576}, "datetime": {"datetime": "2024-06-13 14:28:19", "elapsed": 5.755167, "delta": 0.003991}}
{"target": -756.1954645010524, "params": {"gamma": 1.7191257663086643, "lr": 0.011259893492189477}, "datetime": {"datetime": "2024-06-13 14:28:19", "elapsed": 5.760152, "delta": 0.004985}}
