{"target": -373.2656025666554, "params": {"p_ai": 4.408103106386452, "p_al": 9.613169406877505, "p_ex": 5.736607220990137, "prior": 0.4671094025813809, "rate": 6.587481023391573}, "datetime": {"datetime": "2024-06-13 13:35:08", "elapsed": 221.309323, "delta": 0.113305}}
{"target": -146.13294754396713, "params": {"p_ai": 0.1487234155321392, "p_al": 7.424971015947326, "p_ex": 4.207624598002892, "prior": 5.339313074890572, "rate": 7.888526660649675}, "datetime": {"datetime": "2024-06-13 13:35:08", "elapsed": 221.423019, "delta": 0.113696}}
{"target": -464.6718186199351, "params": {"p_ai": 9.05604556125701, "p_al": 9.868796342786228, "p_ex": 8.020962538866408, "prior": 0.026423601686483965, "rate": 6.001253760693126}, "datetime": {"datetime": "2024-06-13 13:35:08", "elapsed": 221.536304, "delta": 0.113285}}
{"target": -195.71178662776612, "params": {"p_ai": 2.8891714248604496, "p_al": 7.097447712852041, "p_ex": 3.0561323897351946, "prior": 5.559116755024119, "rate": 9.180773914005606}, "datetime": {"datetime": "2024-06-13 13:35:08", "elapsed": 221.650205, "delta": 0.113901}}
{"target": -162.52028349208504, "params": {"p_ai": 2.479454855440029, "p_al": 1.11930196523077, "p_ex": 5.135894220893158, "prior": 9.137244761986132, "rate": 1.7932038323176576}, "datetime": {"datetime": "2024-06-13 13:35:08", "elapsed": 221.763901, "delta": 0.113696}}
{"target": -194.45153343502372, "params": {"p_ai": 2.5595284250867927, "p_al": 0.3409243101748873, "p_ex": 0.15470207973635725, "prior": 5.422645236796178, "rate": 8.553747523723965}, "datetime": {"datetime": "2024-06-13 13:35:08", "elapsed": 221.8766, "delta": 0.112699}}
{"target": -204.4493059658706, "params": {"p_ai": 4.4657816155356675, "p_al": 2.357135848615219, "p_ex": 9.36540396422141, "prior": 6.192469585732864, "rate": 8.645897035050032}, "datetime": {"datetime": "2024-06-13 13:35:08", "elapsed": 221.989689, "delta": 0.113089}}
{"target": -147.17299339981733, "params": {"p_ai": 1.282005745817034, "p_al": 4.412942570473553, "p_ex": 8.575682143149248, "prior": 8.982037953044289, "rate": 8.772761648279566}, "datetime": {"datetime": "2024-06-13 13:35:09", "elapsed": 222.103083, "delta": 0.113394}}
{"target": -280.47215301586806, "params": {"p_ai": 6.255094516482575, "p_al": 7.581360105825246, "p_ex": 6.755308180003398, "prior": 8.451789636967945, "rate": 6.32484141935293}, "datetime": {"datetime": "2024-06-13 13:35:09", "elapsed": 222.216774, "delta": 0.113691}}
{"target": -240.3822300685533, "params": {"p_ai": 1.7197256280146134, "p_al": 6.505549393951734, "p_ex": 4.553944860862338, "prior": 0.5894475654255449, "rate": 5.3590922745746745}, "datetime": {"datetime": "2024-06-13 13:35:09", "elapsed": 222.329475, "delta": 0.112701}}
{"target": -276.1603594452132, "params": {"p_ai": 4.393482215124105, "p_al": 8.747389417664913, "p_ex": 6.607572295198009, "prior": 2.608620400961451, "rate": 2.1684377884048662}, "datetime": {"datetime": "2024-06-13 13:35:09", "elapsed": 222.443676, "delta": 0.114201}}
{"target": -156.6337926184623, "params": {"p_ai": 0.9741343125990107, "p_al": 4.6919722422118255, "p_ex": 3.49864716108863, "prior": 5.773912930700538, "rate": 0.5703629844543111}, "datetime": {"datetime": "2024-06-13 13:35:09", "elapsed": 222.558486, "delta": 0.11481}}
{"target": -178.96038232175556, "params": {"p_ai": 2.499922353769078, "p_al": 5.1234334402008574, "p_ex": 3.760205919567236, "prior": 6.269392688573962, "rate": 3.732826110384206}, "datetime": {"datetime": "2024-06-13 13:35:09", "elapsed": 222.673219, "delta": 0.114733}}
{"target": -252.1094921116373, "params": {"p_ai": 4.603671029238606, "p_al": 2.3429211183676726, "p_ex": 2.996592129373345, "prior": 1.1537282156041937, "rate": 7.72462135063049}, "datetime": {"datetime": "2024-06-13 13:35:09", "elapsed": 222.787912, "delta": 0.114693}}
{"target": -367.66244005823273, "params": {"p_ai": 7.939035508710159, "p_al": 0.44031459326531047, "p_ex": 1.6104517992516383, "prior": 8.028774521030188, "rate": 9.104856994771925}, "datetime": {"datetime": "2024-06-13 13:35:09", "elapsed": 222.901608, "delta": 0.113696}}
{"target": -225.32735117536353, "params": {"p_ai": 3.6925387525356554, "p_al": 6.753429509418871, "p_ex": 1.900747060859965, "prior": 8.712451966416536, "rate": 8.247238520857891}, "datetime": {"datetime": "2024-06-13 13:35:09", "elapsed": 223.014306, "delta": 0.112698}}
{"target": -159.8476996749487, "params": {"p_ai": 2.5008789009692247, "p_al": 5.928901706805605, "p_ex": 7.3578939279952476, "prior": 8.838553387439257, "rate": 4.677811991869022}, "datetime": {"datetime": "2024-06-13 13:35:10", "elapsed": 223.128003, "delta": 0.113697}}
{"target": -160.5234506678842, "params": {"p_ai": 1.3470733481294213, "p_al": 1.094841814191649, "p_ex": 5.297243675558832, "prior": 0.49383643442013075, "rate": 6.209338226934207}, "datetime": {"datetime": "2024-06-13 13:35:10", "elapsed": 223.240701, "delta": 0.112698}}
{"target": -150.27984674838603, "params": {"p_ai": 0.3342487213443545, "p_al": 0.2128158500293292, "p_ex": 0.7530176178456772, "prior": 3.6809175726662704, "rate": 3.818141513157325}, "datetime": {"datetime": "2024-06-13 13:35:10", "elapsed": 223.354138, "delta": 0.113437}}
{"target": -330.02635559371544, "params": {"p_ai": 7.669934398787617, "p_al": 8.459621377194617, "p_ex": 7.272280709633233, "prior": 8.844447408912934, "rate": 5.749449999119452}, "datetime": {"datetime": "2024-06-13 13:35:10", "elapsed": 223.467342, "delta": 0.113204}}
{"target": -426.4853258578654, "params": {"p_ai": 9.398903366834306, "p_al": 9.06798682019018, "p_ex": 4.48492000028398, "prior": 4.797781289050013, "rate": 8.566736123057751}, "datetime": {"datetime": "2024-06-13 13:35:10", "elapsed": 223.595987, "delta": 0.128645}}
{"target": -321.2766394133722, "params": {"p_ai": 3.984662715258157, "p_al": 9.420055749190025, "p_ex": 2.933826269617242, "prior": 2.590815299665099, "rate": 1.0901714124352648}, "datetime": {"datetime": "2024-06-13 13:35:10", "elapsed": 223.709683, "delta": 0.113696}}
{"target": -183.28193596494782, "params": {"p_ai": 2.471187095298555, "p_al": 5.3779986604796, "p_ex": 9.802393583495558, "prior": 2.0780894529072613, "rate": 5.470652839172488}, "datetime": {"datetime": "2024-06-13 13:35:10", "elapsed": 223.822381, "delta": 0.112698}}
{"target": -418.42152703709263, "params": {"p_ai": 8.784026964746444, "p_al": 5.897029210758115, "p_ex": 8.352926533735896, "prior": 2.393615931358836, "rate": 0.7317241750859406}, "datetime": {"datetime": "2024-06-13 13:35:10", "elapsed": 223.937396, "delta": 0.115015}}
{"target": -385.4485379954055, "params": {"p_ai": 9.529711071203222, "p_al": 1.12415740911268, "p_ex": 8.024162561181278, "prior": 6.51049956673395, "rate": 8.651276327807269}, "datetime": {"datetime": "2024-06-13 13:35:10", "elapsed": 224.051093, "delta": 0.113697}}
{"target": -264.183682021435, "params": {"p_ai": 6.297865904193896, "p_al": 2.982484717370885, "p_ex": 9.314887904714922, "prior": 6.923328164237853, "rate": 8.766491081598325}, "datetime": {"datetime": "2024-06-13 13:35:11", "elapsed": 224.163448, "delta": 0.112355}}
{"target": -338.3833420609112, "params": {"p_ai": 8.155107426895412, "p_al": 1.3608872102611669, "p_ex": 6.994424876763647, "prior": 6.810378925463789, "rate": 7.558203771887153}, "datetime": {"datetime": "2024-06-13 13:35:11", "elapsed": 224.277144, "delta": 0.113696}}
{"target": -419.8718146742341, "params": {"p_ai": 7.996706469346298, "p_al": 9.414519270096738, "p_ex": 0.6524073948204284, "prior": 5.086641906303749, "rate": 4.997070133205862}, "datetime": {"datetime": "2024-06-13 13:35:11", "elapsed": 224.39084, "delta": 0.113696}}
{"target": -345.8850780727145, "params": {"p_ai": 7.0079414003989475, "p_al": 9.95603813701815, "p_ex": 9.079903831413358, "prior": 2.9695743927041773, "rate": 3.3582093092894074}, "datetime": {"datetime": "2024-06-13 13:35:11", "elapsed": 224.504624, "delta": 0.113784}}
{"target": -379.5289152042558, "params": {"p_ai": 8.201886874036, "p_al": 3.6167752366875074, "p_ex": 3.254424386140797, "prior": 4.447593325863283, "rate": 2.7719288711687775}, "datetime": {"datetime": "2024-06-13 13:35:11", "elapsed": 224.617697, "delta": 0.113073}}
{"target": -363.42142831994727, "params": {"p_ai": 7.490303509857709, "p_al": 4.527305674218615, "p_ex": 1.6400712810933544, "prior": 9.904617162543863, "rate": 3.380634836004196}, "datetime": {"datetime": "2024-06-13 13:35:11", "elapsed": 224.73243, "delta": 0.114733}}
{"target": -181.3423435276791, "params": {"p_ai": 3.0182894374658042, "p_al": 2.2540360879178154, "p_ex": 4.258012506403847, "prior": 6.951510100013808, "rate": 6.024463090968305}, "datetime": {"datetime": "2024-06-13 13:35:11", "elapsed": 224.845088, "delta": 0.112658}}
{"target": -149.85820311312813, "params": {"p_ai": 1.8154277802533894, "p_al": 2.646352911067262, "p_ex": 5.982902835498565, "prior": 8.580609180581801, "rate": 4.129748274092657}, "datetime": {"datetime": "2024-06-13 13:35:11", "elapsed": 224.959781, "delta": 0.114693}}
{"target": -153.06045875890942, "params": {"p_ai": 2.159265882128531, "p_al": 3.234561011888553, "p_ex": 6.9172126440284645, "prior": 7.009786877455434, "rate": 2.234282424435185}, "datetime": {"datetime": "2024-06-13 13:35:11", "elapsed": 225.072565, "delta": 0.112784}}
{"target": -256.0286588069485, "params": {"p_ai": 3.9655599000973614, "p_al": 6.993599747463365, "p_ex": 7.206028835833273, "prior": 1.3060269515928042, "rate": 6.094130941477607}, "datetime": {"datetime": "2024-06-13 13:35:12", "elapsed": 225.186263, "delta": 0.113698}}
{"target": -400.2144294999737, "params": {"p_ai": 8.860780604176751, "p_al": 5.824031202572268, "p_ex": 3.072782268537545, "prior": 7.451659090914785, "rate": 9.776990621630928}, "datetime": {"datetime": "2024-06-13 13:35:12", "elapsed": 225.300507, "delta": 0.114244}}
{"target": -468.4007389640596, "params": {"p_ai": 9.04633231716986, "p_al": 8.716160144918383, "p_ex": 0.003922193057461108, "prior": 5.826579941183415, "rate": 2.6279371999932573}, "datetime": {"datetime": "2024-06-13 13:35:12", "elapsed": 225.413207, "delta": 0.1127}}
{"target": -344.13269402458627, "params": {"p_ai": 8.130244891969703, "p_al": 5.23526283745264, "p_ex": 8.939108850131829, "prior": 5.237925787644913, "rate": 8.911460302578277}, "datetime": {"datetime": "2024-06-13 13:35:12", "elapsed": 225.527116, "delta": 0.113909}}
{"target": -223.13863449254794, "params": {"p_ai": 4.497764508230413, "p_al": 5.615436937758651, "p_ex": 8.125032960357574, "prior": 4.032314414262975, "rate": 5.687113316080488}, "datetime": {"datetime": "2024-06-13 13:35:12", "elapsed": 225.640217, "delta": 0.113101}}
{"target": -380.79908985997855, "params": {"p_ai": 8.984714318038437, "p_al": 4.8467417158094594, "p_ex": 5.906300764710574, "prior": 9.363857452858312, "rate": 8.83263271940978}, "datetime": {"datetime": "2024-06-13 13:35:12", "elapsed": 225.755908, "delta": 0.115691}}
{"target": -404.4127857585085, "params": {"p_ai": 7.577434997922026, "p_al": 7.112598718301506, "p_ex": 8.192131754208267, "prior": 1.0617119662258163, "rate": 3.810952160479885}, "datetime": {"datetime": "2024-06-13 13:35:12", "elapsed": 225.86861, "delta": 0.112702}}
{"target": -302.7039549773862, "params": {"p_ai": 5.458359106284024, "p_al": 8.585235455408231, "p_ex": 1.4648771670928944, "prior": 7.140681245430711, "rate": 5.910080443703744}, "datetime": {"datetime": "2024-06-13 13:35:12", "elapsed": 225.983303, "delta": 0.114693}}
{"target": -255.51287252123228, "params": {"p_ai": 6.0875909936487345, "p_al": 3.726815752106986, "p_ex": 9.15830642449183, "prior": 7.13933726242808, "rate": 6.683325835506722}, "datetime": {"datetime": "2024-06-13 13:35:13", "elapsed": 226.095497, "delta": 0.112194}}
{"target": -190.78942413792254, "params": {"p_ai": 2.2154321038106217, "p_al": 8.1289389260247, "p_ex": 4.95904725217079, "prior": 5.084200781464436, "rate": 0.8482490698586993}, "datetime": {"datetime": "2024-06-13 13:35:13", "elapsed": 226.209196, "delta": 0.113699}}
{"target": -265.8609122187415, "params": {"p_ai": 4.373244258236222, "p_al": 8.632149255500682, "p_ex": 6.802683723363489, "prior": 1.8950581131297959, "rate": 5.841148942244931}, "datetime": {"datetime": "2024-06-13 13:35:13", "elapsed": 226.322892, "delta": 0.113696}}
{"target": -390.94119498266696, "params": {"p_ai": 9.440120998803936, "p_al": 5.075095122577021, "p_ex": 9.674056937250327, "prior": 3.663304010988193, "rate": 2.9081982683005547}, "datetime": {"datetime": "2024-06-13 13:35:13", "elapsed": 226.436588, "delta": 0.113696}}
{"target": -406.7491149439945, "params": {"p_ai": 8.398665743541141, "p_al": 8.697381609098198, "p_ex": 2.017460785212376, "prior": 7.194800422731128, "rate": 5.921473523245135}, "datetime": {"datetime": "2024-06-13 13:35:13", "elapsed": 226.55041, "delta": 0.113822}}
{"target": -364.9309664533173, "params": {"p_ai": 8.94522136625385, "p_al": 1.4953085457292612, "p_ex": 7.630508798302322, "prior": 6.89986272904379, "rate": 7.950362828454771}, "datetime": {"datetime": "2024-06-13 13:35:13", "elapsed": 226.666966, "delta": 0.116556}}
{"target": -240.94905538495567, "params": {"p_ai": 4.5334216455871585, "p_al": 2.285080750396072, "p_ex": 2.8612639050635336, "prior": 3.0437248840947517, "rate": 8.402831110698429}, "datetime": {"datetime": "2024-06-13 13:35:13", "elapsed": 226.789638, "delta": 0.122672}}
{"target": -273.1387814213377, "params": {"p_ai": 5.372038987196228, "p_al": 5.636276018949885, "p_ex": 2.8423948482288677, "prior": 8.341748975598378, "rate": 7.049602636525978}, "datetime": {"datetime": "2024-06-13 13:35:13", "elapsed": 226.905328, "delta": 0.11569}}
{"target": -395.2451578585222, "params": {"p_ai": 8.781517473429453, "p_al": 1.3161352297481828, "p_ex": 8.496128765204425, "prior": 0.5220714718378262, "rate": 8.771411721092127}, "datetime": {"datetime": "2024-06-13 13:35:13", "elapsed": 227.020326, "delta": 0.114998}}
{"target": -180.23499551689682, "params": {"p_ai": 2.398175280570108, "p_al": 8.856757888094753, "p_ex": 3.7937200294297595, "prior": 8.429330555103737, "rate": 5.396590617151947}, "datetime": {"datetime": "2024-06-13 13:35:14", "elapsed": 227.13286, "delta": 0.112534}}
{"target": -361.3761611860375, "params": {"p_ai": 5.642190342955606, "p_al": 9.84022894951784, "p_ex": 9.63751153551982, "prior": 1.1441289022704242, "rate": 3.6421150962027857}, "datetime": {"datetime": "2024-06-13 13:35:14", "elapsed": 227.246421, "delta": 0.113561}}
{"target": -192.94703500343752, "params": {"p_ai": 2.506212038324754, "p_al": 4.483507611579368, "p_ex": 1.2644028687416509, "prior": 5.116170822812115, "rate": 8.655956316551622}, "datetime": {"datetime": "2024-06-13 13:35:14", "elapsed": 227.362199, "delta": 0.115778}}
{"target": -205.1138058469352, "params": {"p_ai": 3.524182459137863, "p_al": 1.557248674792178, "p_ex": 3.0733042597656954, "prior": 7.429002665405236, "rate": 0.9136723471660736}, "datetime": {"datetime": "2024-06-13 13:35:14", "elapsed": 227.476893, "delta": 0.114694}}
{"target": -429.3169230243114, "params": {"p_ai": 7.356081525521679, "p_al": 6.139605696996387, "p_ex": 7.4028472256456945, "prior": 0.09148820794806983, "rate": 7.205005956911262}, "datetime": {"datetime": "2024-06-13 13:35:14", "elapsed": 227.596216, "delta": 0.119323}}
{"target": -225.56140307565016, "params": {"p_ai": 3.20652192916414, "p_al": 6.330086992140342, "p_ex": 0.5393129725551014, "prior": 5.564785932218573, "rate": 9.416039732034474}, "datetime": {"datetime": "2024-06-13 13:35:14", "elapsed": 227.709868, "delta": 0.113652}}
{"target": -207.330766771283, "params": {"p_ai": 3.2015370071173717, "p_al": 5.227843986477157, "p_ex": 4.077705890820247, "prior": 5.69696279590871, "rate": 0.6841180889586145}, "datetime": {"datetime": "2024-06-13 13:35:14", "elapsed": 227.822567, "delta": 0.112699}}
{"target": -235.49243186013285, "params": {"p_ai": 3.619441042802784, "p_al": 5.207068985721982, "p_ex": 0.8491598305113975, "prior": 4.677000648386591, "rate": 7.722524554423631}, "datetime": {"datetime": "2024-06-13 13:35:14", "elapsed": 227.93665, "delta": 0.114083}}
{"target": -286.9993309724102, "params": {"p_ai": 4.4305910985625685, "p_al": 3.9098719950651493, "p_ex": 2.7294917556221026, "prior": 0.519464887551938, "rate": 7.61845485482411}, "datetime": {"datetime": "2024-06-13 13:35:14", "elapsed": 228.049348, "delta": 0.112698}}
{"target": -267.3574198520162, "params": {"p_ai": 4.858303293752173, "p_al": 1.614305665250888, "p_ex": 0.6617195267770156, "prior": 7.57924671380558, "rate": 5.884534108373207}, "datetime": {"datetime": "2024-06-13 13:35:15", "elapsed": 228.16296, "delta": 0.113612}}
{"target": -250.07437580864809, "params": {"p_ai": 5.588089049819353, "p_al": 2.0640425222684375, "p_ex": 5.943811569671102, "prior": 9.342191524625699, "rate": 7.255065057177155}, "datetime": {"datetime": "2024-06-13 13:35:15", "elapsed": 228.276583, "delta": 0.113623}}
{"target": -247.609447078958, "params": {"p_ai": 5.866398132628953, "p_al": 8.653086394752902, "p_ex": 9.965692892765754, "prior": 8.651215789322743, "rate": 1.792646185609348}, "datetime": {"datetime": "2024-06-13 13:35:15", "elapsed": 228.390279, "delta": 0.113696}}
{"target": -361.56761802998835, "params": {"p_ai": 6.946946260957495, "p_al": 2.963016051488197, "p_ex": 0.5962774150678829, "prior": 1.0813285195441542, "rate": 7.628174982654579}, "datetime": {"datetime": "2024-06-13 13:35:15", "elapsed": 228.504571, "delta": 0.114292}}
{"target": -173.69815392253784, "params": {"p_ai": 0.001, "p_al": 0.001, "p_ex": 10.0, "prior": 10.0, "rate": 0.001}, "datetime": {"datetime": "2024-06-13 13:35:39", "elapsed": 253.021641, "delta": 24.51707}}
{"target": -155.62179601391574, "params": {"p_ai": 0.001, "p_al": 10.0, "p_ex": 10.0, "prior": 10.0, "rate": 0.001}, "datetime": {"datetime": "2024-06-13 13:36:04", "elapsed": 277.781916, "delta": 24.760275}}
{"target": -154.49416175546978, "params": {"p_ai": 0.2158766437573719, "p_al": 1.0647300248302833, "p_ex": 0.0024173823896923973, "prior": 3.1752516119267282, "rate": 0.07980671380037022}, "datetime": {"datetime": "2024-06-13 13:36:39", "elapsed": 312.154308, "delta": 34.372392}}
{"target": -144.43761986316426, "params": {"p_ai": 0.001, "p_al": 0.001, "p_ex": 4.769041711468655, "prior": 1.4526662556977374, "rate": 1.4889949314031712}, "datetime": {"datetime": "2024-06-13 13:37:03", "elapsed": 336.493436, "delta": 24.339128}}
{"target": -143.98136122490072, "params": {"p_ai": 0.001, "p_al": 0.001, "p_ex": 4.185399986756174, "prior": 10.0, "rate": 10.0}, "datetime": {"datetime": "2024-06-13 13:37:24", "elapsed": 357.258442, "delta": 20.765006}}
{"target": -162.1446143541979, "params": {"p_ai": 0.001, "p_al": 0.001, "p_ex": 10.0, "prior": 10.0, "rate": 10.0}, "datetime": {"datetime": "2024-06-13 13:37:42", "elapsed": 375.363568, "delta": 18.105126}}
{"target": -151.80200584938146, "params": {"p_ai": 0.001, "p_al": 0.001, "p_ex": 0.001, "prior": 10.0, "rate": 0.001}, "datetime": {"datetime": "2024-06-13 13:38:05", "elapsed": 398.355142, "delta": 22.991574}}
{"target": -161.28703035368272, "params": {"p_ai": 0.001, "p_al": 0.001, "p_ex": 10.0, "prior": 10.0, "rate": 5.025758737575541}, "datetime": {"datetime": "2024-06-13 13:38:31", "elapsed": 424.096986, "delta": 25.741844}}
{"target": -143.75858081610514, "params": {"p_ai": 0.001, "p_al": 0.001, "p_ex": 4.584671469144799, "prior": 6.1760922743774325, "rate": 10.0}, "datetime": {"datetime": "2024-06-13 13:38:57", "elapsed": 450.976525, "delta": 26.879539}}
{"target": -147.74350171184653, "params": {"p_ai": 0.001, "p_al": 10.0, "p_ex": 4.439085008758677, "prior": 5.436204333255176, "rate": 10.0}, "datetime": {"datetime": "2024-06-13 13:39:18", "elapsed": 471.680343, "delta": 20.703818}}
{"target": -151.79868308781425, "params": {"p_ai": 0.001, "p_al": 0.001, "p_ex": 0.001, "prior": 10.0, "rate": 10.0}, "datetime": {"datetime": "2024-06-13 13:39:40", "elapsed": 493.235358, "delta": 21.555015}}
{"target": -157.30936045541557, "params": {"p_ai": 0.001, "p_al": 0.001, "p_ex": 5.682338968213723, "prior": 10.0, "rate": 0.001}, "datetime": {"datetime": "2024-06-13 13:39:59", "elapsed": 512.149227, "delta": 18.913869}}
{"target": -164.22698864311198, "params": {"p_ai": 0.001, "p_al": 0.001, "p_ex": 10.0, "prior": 5.9622425891320425, "rate": 10.0}, "datetime": {"datetime": "2024-06-13 13:40:31", "elapsed": 544.173025, "delta": 32.023798}}
{"target": -145.46191648914092, "params": {"p_ai": 0.001, "p_al": 0.001, "p_ex": 4.617671998083072, "prior": 10.0, "rate": 5.849026645271139}, "datetime": {"datetime": "2024-06-13 13:40:52", "elapsed": 566.007161, "delta": 21.834136}}
{"target": -151.661523613157, "params": {"p_ai": 2.381099736622233, "p_al": 0.001, "p_ex": 10.0, "prior": 3.261588948412671, "rate": 0.001}, "datetime": {"datetime": "2024-06-13 13:41:17", "elapsed": 590.890669, "delta": 24.883508}}
{"target": -160.34183595898952, "params": {"p_ai": 0.001, "p_al": 10.0, "p_ex": 0.001, "prior": 10.0, "rate": 0.001}, "datetime": {"datetime": "2024-06-13 13:41:46", "elapsed": 619.463191, "delta": 28.572522}}
{"target": -146.90733412736867, "params": {"p_ai": 0.001, "p_al": 0.001, "p_ex": 5.7987692890087175, "prior": 1.3896176993993936, "rate": 4.305205617286527}, "datetime": {"datetime": "2024-06-13 13:42:28", "elapsed": 661.331057, "delta": 41.867866}}
{"target": -174.1035730770803, "params": {"p_ai": 0.001, "p_al": 0.001, "p_ex": 10.0, "prior": 1.2372850820049943, "rate": 10.0}, "datetime": {"datetime": "2024-06-13 13:43:10", "elapsed": 703.364372, "delta": 42.033315}}
{"target": -145.52381019307072, "params": {"p_ai": 0.001, "p_al": 0.001, "p_ex": 4.9813527010250285, "prior": 1.804277578114387, "rate": 10.0}, "datetime": {"datetime": "2024-06-13 13:43:38", "elapsed": 731.227259, "delta": 27.862887}}
{"target": -153.41361706149965, "params": {"p_ai": 0.001, "p_al": 10.0, "p_ex": 10.0, "prior": 5.1728399596490995, "rate": 0.001}, "datetime": {"datetime": "2024-06-13 13:44:05", "elapsed": 758.716841, "delta": 27.489582}}
