{"target": -1024.237376578629, "params": {"gamma": 6.139097026322785, "lr": 0.3241385298974466}, "datetime": {"datetime": "2024-06-13 18:39:22", "elapsed": 1.286358, "delta": 0.00399}}
{"target": -771.1403376393844, "params": {"gamma": 4.574144456728294, "lr": 0.44411710701661444}, "datetime": {"datetime": "2024-06-13 18:39:22", "elapsed": 1.289349, "delta": 0.002991}}
{"target": -1352.200177867804, "params": {"gamma": 8.281525471954389, "lr": 0.4263481542362306}, "datetime": {"datetime": "2024-06-13 18:39:22", "elapsed": 1.293716, "delta": 0.004367}}
{"target": -812.025844469133, "params": {"gamma": 3.4576425129338477, "lr": 0.6749716048091052}, "datetime": {"datetime": "2024-06-13 18:39:22", "elapsed": 1.297701, "delta": 0.003985}}
{"target": -370.39317526470825, "params": {"gamma": 2.215599075279554, "lr": 0.4672458239265538}, "datetime": {"datetime": "2024-06-13 18:39:22", "elapsed": 1.300693, "delta": 0.002992}}
{"target": -632.6598431137663, "params": {"gamma": 3.1483421075528404, "lr": 0.6268556021628346}, "datetime": {"datetime": "2024-06-13 18:39:22", "elapsed": 1.304682, "delta": 0.003989}}
{"target": -1324.302767240888, "params": {"gamma": 8.773727386473432, "lr": 0.4476890001456285}, "datetime": {"datetime": "2024-06-13 18:39:22", "elapsed": 1.307674, "delta": 0.002992}}
{"target": -1213.658102975173, "params": {"gamma": 7.84478973050044, "lr": 0.4569657005615504}, "datetime": {"datetime": "2024-06-13 18:39:22", "elapsed": 1.311664, "delta": 0.00399}}
{"target": -1846.0009233122157, "params": {"gamma": 6.562637087839597, "lr": 0.13184097502750214}, "datetime": {"datetime": "2024-06-13 18:39:22", "elapsed": 1.315653, "delta": 0.003989}}
{"target": -1333.6850386296849, "params": {"gamma": 4.3303820881695145, "lr": 0.9093119886549367}, "datetime": {"datetime": "2024-06-13 18:39:22", "elapsed": 1.318645, "delta": 0.002992}}
{"target": -1494.20424816786, "params": {"gamma": 6.055184531308316, "lr": 0.7667745872371021}, "datetime": {"datetime": "2024-06-13 18:39:22", "elapsed": 1.322634, "delta": 0.003989}}
{"target": -790.8033736335191, "params": {"gamma": 5.047501380350848, "lr": 0.49805562482800747}, "datetime": {"datetime": "2024-06-13 18:39:22", "elapsed": 1.326623, "delta": 0.003989}}
{"target": -3999.9432486094674, "params": {"gamma": 8.429155502088307, "lr": 0.06780693434095375}, "datetime": {"datetime": "2024-06-13 18:39:22", "elapsed": 1.329615, "delta": 0.002992}}
{"target": -1808.729038563387, "params": {"gamma": 5.733149443225297, "lr": 0.9427625754329493}, "datetime": {"datetime": "2024-06-13 18:39:22", "elapsed": 1.333605, "delta": 0.00399}}
{"target": -1031.8541839053291, "params": {"gamma": 5.179082621675048, "lr": 0.1944658095278845}, "datetime": {"datetime": "2024-06-13 18:39:22", "elapsed": 1.337594, "delta": 0.003989}}
{"target": -1322.912472899474, "params": {"gamma": 8.479545985042318, "lr": 0.25163914235585283}, "datetime": {"datetime": "2024-06-13 18:39:22", "elapsed": 1.341361, "delta": 0.003767}}
{"target": -1246.0653071046163, "params": {"gamma": 7.007559638788898, "lr": 0.5402609403968999}, "datetime": {"datetime": "2024-06-13 18:39:22", "elapsed": 1.344353, "delta": 0.002992}}
{"target": -1751.9259677609894, "params": {"gamma": 9.488414046513915, "lr": 0.6243367024026759}, "datetime": {"datetime": "2024-06-13 18:39:22", "elapsed": 1.348342, "delta": 0.003989}}
{"target": -3976.7638071852934, "params": {"gamma": 8.379941642515245, "lr": 0.007932876194523097}, "datetime": {"datetime": "2024-06-13 18:39:22", "elapsed": 1.352332, "delta": 0.00399}}
{"target": -4689.603327297744, "params": {"gamma": 9.893411221610213, "lr": 0.07771457033238649}, "datetime": {"datetime": "2024-06-13 18:39:22", "elapsed": 1.355324, "delta": 0.002992}}
{"target": -1025.1666612805982, "params": {"gamma": 3.2219730066340815, "lr": 0.9461523954567653}, "datetime": {"datetime": "2024-06-13 18:39:22", "elapsed": 1.359313, "delta": 0.003989}}
{"target": -149.64717400760173, "params": {"gamma": 0.09038208461007943, "lr": 0.8227300054219355}, "datetime": {"datetime": "2024-06-13 18:39:22", "elapsed": 1.363302, "delta": 0.003989}}
{"target": -1428.1740055902585, "params": {"gamma": 8.612255172029577, "lr": 0.4398308142085725}, "datetime": {"datetime": "2024-06-13 18:39:22", "elapsed": 1.366295, "delta": 0.002993}}
{"target": -718.2300299846731, "params": {"gamma": 2.558196192865506, "lr": 0.8026895196332986}, "datetime": {"datetime": "2024-06-13 18:39:22", "elapsed": 1.370284, "delta": 0.003989}}
{"target": -1350.6852841169612, "params": {"gamma": 4.77914218231778, "lr": 0.13433860865569613}, "datetime": {"datetime": "2024-06-13 18:39:22", "elapsed": 1.374273, "delta": 0.003989}}
{"target": -2797.494136551421, "params": {"gamma": 9.278562079257282, "lr": 0.8959699670066484}, "datetime": {"datetime": "2024-06-13 18:39:22", "elapsed": 1.378264, "delta": 0.003991}}
{"target": -1381.9223526466676, "params": {"gamma": 4.915959955019337, "lr": 0.8567024965177922}, "datetime": {"datetime": "2024-06-13 18:39:22", "elapsed": 1.381254, "delta": 0.00299}}
{"target": -976.2700881838894, "params": {"gamma": 4.1863616796152225, "lr": 0.6834649001663011}, "datetime": {"datetime": "2024-06-13 18:39:22", "elapsed": 1.385244, "delta": 0.00399}}
{"target": -719.8496352893866, "params": {"gamma": 3.9805084034398166, "lr": 0.5057420174508104}, "datetime": {"datetime": "2024-06-13 18:39:22", "elapsed": 1.389233, "delta": 0.003989}}
{"target": -616.7768368013249, "params": {"gamma": 1.896327476636439, "lr": 0.9649889241109139}, "datetime": {"datetime": "2024-06-13 18:39:22", "elapsed": 1.393223, "delta": 0.00399}}
{"target": -1146.1251145602723, "params": {"gamma": 2.9428626667543027, "lr": 0.10345955611640134}, "datetime": {"datetime": "2024-06-13 18:39:22", "elapsed": 1.396215, "delta": 0.002992}}
{"target": -716.3708959751037, "params": {"gamma": 1.4440096868902519, "lr": 0.014092294192442956}, "datetime": {"datetime": "2024-06-13 18:39:22", "elapsed": 1.400204, "delta": 0.003989}}
{"target": -1302.6122383979136, "params": {"gamma": 7.1597410489244835, "lr": 0.5644983202408741}, "datetime": {"datetime": "2024-06-13 18:39:22", "elapsed": 1.404193, "delta": 0.003989}}
{"target": -1409.6720702718133, "params": {"gamma": 7.945988933496338, "lr": 0.5070799232841364}, "datetime": {"datetime": "2024-06-13 18:39:22", "elapsed": 1.407689, "delta": 0.003496}}
{"target": -1820.6432814475074, "params": {"gamma": 7.918418574002035, "lr": 0.6957642142718394}, "datetime": {"datetime": "2024-06-13 18:39:22", "elapsed": 1.411679, "delta": 0.00399}}
{"target": -1271.5434698630695, "params": {"gamma": 7.778706920114895, "lr": 0.4064828689770863}, "datetime": {"datetime": "2024-06-13 18:39:22", "elapsed": 1.414671, "delta": 0.002992}}
{"target": -1359.32804318896, "params": {"gamma": 6.478058561241625, "lr": 0.1797942976929744}, "datetime": {"datetime": "2024-06-13 18:39:22", "elapsed": 1.418661, "delta": 0.00399}}
{"target": -689.3385956005233, "params": {"gamma": 3.2188778139156518, "lr": 0.1726046201197925}, "datetime": {"datetime": "2024-06-13 18:39:22", "elapsed": 1.42265, "delta": 0.003989}}
{"target": -556.6795579989047, "params": {"gamma": 4.086963612907611, "lr": 0.2414187479655988}, "datetime": {"datetime": "2024-06-13 18:39:22", "elapsed": 1.425642, "delta": 0.002992}}
{"target": -1289.1011408064694, "params": {"gamma": 4.069813019299451, "lr": 0.9752223424373121}, "datetime": {"datetime": "2024-06-13 18:39:22", "elapsed": 1.429631, "delta": 0.003989}}
{"target": -1019.5459217436635, "params": {"gamma": 3.2038729388944907, "lr": 0.9824909449748953}, "datetime": {"datetime": "2024-06-13 18:39:22", "elapsed": 1.43362, "delta": 0.003989}}
{"target": -1006.1191811893211, "params": {"gamma": 6.363424952433981, "lr": 0.375091018393911}, "datetime": {"datetime": "2024-06-13 18:39:22", "elapsed": 1.43761, "delta": 0.00399}}
{"target": -1585.7321510648, "params": {"gamma": 8.574987506336882, "lr": 0.6195867393685738}, "datetime": {"datetime": "2024-06-13 18:39:22", "elapsed": 1.441599, "delta": 0.003989}}
{"target": -659.5014364823797, "params": {"gamma": 2.521078768228263, "lr": 0.7928556779768876}, "datetime": {"datetime": "2024-06-13 18:39:22", "elapsed": 1.444591, "delta": 0.002992}}
{"target": -633.4926696223367, "params": {"gamma": 4.329952148832897, "lr": 0.3575111673304414}, "datetime": {"datetime": "2024-06-13 18:39:22", "elapsed": 1.448581, "delta": 0.00399}}
{"target": -777.3513518619864, "params": {"gamma": 3.3034390883142843, "lr": 0.6973688756131394}, "datetime": {"datetime": "2024-06-13 18:39:22", "elapsed": 1.45257, "delta": 0.003989}}
{"target": -752.7054291725896, "params": {"gamma": 2.6872325889383593, "lr": 0.8082780137053801}, "datetime": {"datetime": "2024-06-13 18:39:22", "elapsed": 1.455562, "delta": 0.002992}}
{"target": -543.3000601773571, "params": {"gamma": 2.953592655204078, "lr": 0.5441213835853572}, "datetime": {"datetime": "2024-06-13 18:39:22", "elapsed": 1.459551, "delta": 0.003989}}
{"target": -1371.907167151253, "params": {"gamma": 4.879726996560219, "lr": 0.8553564125953698}, "datetime": {"datetime": "2024-06-13 18:39:23", "elapsed": 1.463541, "delta": 0.00399}}
{"target": -1753.8738247458532, "params": {"gamma": 8.883975957519464, "lr": 0.18438444236776674}, "datetime": {"datetime": "2024-06-13 18:39:23", "elapsed": 1.466533, "delta": 0.002992}}
{"target": -1770.495343501885, "params": {"gamma": 5.853899240923573, "lr": 0.8982050460171371}, "datetime": {"datetime": "2024-06-13 18:39:23", "elapsed": 1.470522, "delta": 0.003989}}
{"target": -1411.3957339228878, "params": {"gamma": 4.461726073125263, "lr": 0.9218683054838154}, "datetime": {"datetime": "2024-06-13 18:39:23", "elapsed": 1.474512, "delta": 0.00399}}
{"target": -537.676940294567, "params": {"gamma": 2.790629913679252, "lr": 0.6088311741937957}, "datetime": {"datetime": "2024-06-13 18:39:23", "elapsed": 1.477503, "delta": 0.002991}}
{"target": -901.6407936556902, "params": {"gamma": 6.824854643958388, "lr": 0.2282057333504841}, "datetime": {"datetime": "2024-06-13 18:39:23", "elapsed": 1.481493, "delta": 0.00399}}
{"target": -147.38488816680527, "params": {"gamma": 0.13866135806461027, "lr": 0.4167239623706961}, "datetime": {"datetime": "2024-06-13 18:39:23", "elapsed": 1.485482, "delta": 0.003989}}
{"target": -1339.5991956257913, "params": {"gamma": 9.384880436675484, "lr": 0.34302810983040655}, "datetime": {"datetime": "2024-06-13 18:39:23", "elapsed": 1.489471, "delta": 0.003989}}
{"target": -1631.737458973381, "params": {"gamma": 7.7976632105305175, "lr": 0.17473631282740743}, "datetime": {"datetime": "2024-06-13 18:39:23", "elapsed": 1.492463, "delta": 0.002992}}
{"target": -856.3507066150826, "params": {"gamma": 3.420186410188222, "lr": 0.14459772083809674}, "datetime": {"datetime": "2024-06-13 18:39:23", "elapsed": 1.496453, "delta": 0.00399}}
{"target": -1650.7201996066685, "params": {"gamma": 7.167991370649615, "lr": 0.6993076236968142}, "datetime": {"datetime": "2024-06-13 18:39:23", "elapsed": 1.500442, "delta": 0.003989}}
{"target": -1080.6926834071467, "params": {"gamma": 6.88528468217124, "lr": 0.25339603448629966}, "datetime": {"datetime": "2024-06-13 18:39:23", "elapsed": 1.504433, "delta": 0.003991}}
{"target": -914.159316234158, "params": {"gamma": 6.923908856112466, "lr": 0.22729754091594956}, "datetime": {"datetime": "2024-06-13 18:39:23", "elapsed": 1.507452, "delta": 0.003019}}
{"target": -606.0088369726687, "params": {"gamma": 4.247066510197466, "lr": 0.37192212166768723}, "datetime": {"datetime": "2024-06-13 18:39:23", "elapsed": 1.511441, "delta": 0.003989}}
{"target": -1704.350817435393, "params": {"gamma": 3.553723808289602, "lr": 0.05765480724125638}, "datetime": {"datetime": "2024-06-13 18:39:23", "elapsed": 1.515454, "delta": 0.004013}}
{"target": -1458.031293274479, "params": {"gamma": 6.316834622032531, "lr": 0.7073166026816995}, "datetime": {"datetime": "2024-06-13 18:39:23", "elapsed": 1.519438, "delta": 0.003984}}
{"target": -1207.3815729544908, "params": {"gamma": 6.136273356333854, "lr": 0.6483127561631246}, "datetime": {"datetime": "2024-06-13 18:39:23", "elapsed": 1.523427, "delta": 0.003989}}
{"target": -453.2400574497347, "params": {"gamma": 1.7002372014583604, "lr": 0.14944679893886248}, "datetime": {"datetime": "2024-06-13 18:39:23", "elapsed": 1.527431, "delta": 0.004004}}
{"target": -1509.9882530959, "params": {"gamma": 5.142236260215303, "lr": 0.8753327263545391}, "datetime": {"datetime": "2024-06-13 18:39:23", "elapsed": 1.530424, "delta": 0.002993}}
{"target": -317.5026858980656, "params": {"gamma": 1.8403504620306732, "lr": 0.4628391187082599}, "datetime": {"datetime": "2024-06-13 18:39:23", "elapsed": 1.534923, "delta": 0.004499}}
{"target": -676.8001526401794, "params": {"gamma": 4.289894407965, "lr": 0.4972891859195163}, "datetime": {"datetime": "2024-06-13 18:39:23", "elapsed": 1.53842, "delta": 0.003497}}
{"target": -269.1520710775074, "params": {"gamma": 1.6159461940896331, "lr": 0.34244064113481054}, "datetime": {"datetime": "2024-06-13 18:39:23", "elapsed": 1.541412, "delta": 0.002992}}
{"target": -750.0456394802613, "params": {"gamma": 2.6195421606310987, "lr": 0.844526943229479}, "datetime": {"datetime": "2024-06-13 18:39:23", "elapsed": 1.545426, "delta": 0.004014}}
{"target": -1307.6041768055886, "params": {"gamma": 8.003522125518241, "lr": 0.4266391582681436}, "datetime": {"datetime": "2024-06-13 18:39:23", "elapsed": 1.549409, "delta": 0.003983}}
{"target": -1489.3783176926302, "params": {"gamma": 6.070547592429601, "lr": 0.14546561026621996}, "datetime": {"datetime": "2024-06-13 18:39:23", "elapsed": 1.553399, "delta": 0.00399}}
{"target": -847.5604377257184, "params": {"gamma": 5.096623328881369, "lr": 0.29694708578690454}, "datetime": {"datetime": "2024-06-13 18:39:23", "elapsed": 1.557407, "delta": 0.004008}}
{"target": -1974.2346012811036, "params": {"gamma": 8.596649884738442, "lr": 0.6715983809063899}, "datetime": {"datetime": "2024-06-13 18:39:23", "elapsed": 1.560398, "delta": 0.002991}}
{"target": -2078.300820439378, "params": {"gamma": 6.335106652211588, "lr": 0.12475130006917923}, "datetime": {"datetime": "2024-06-13 18:39:23", "elapsed": 1.564389, "delta": 0.003991}}
{"target": -1487.8048161235404, "params": {"gamma": 4.706408207109359, "lr": 0.9865727795868815}, "datetime": {"datetime": "2024-06-13 18:39:23", "elapsed": 1.568395, "delta": 0.004006}}
{"target": -1851.213771540572, "params": {"gamma": 9.483043441552578, "lr": 0.6450856402604436}, "datetime": {"datetime": "2024-06-13 18:39:23", "elapsed": 1.571387, "delta": 0.002992}}
{"target": -332.3851951735966, "params": {"gamma": 1.5180969854487043, "lr": 0.639126848719905}, "datetime": {"datetime": "2024-06-13 18:39:23", "elapsed": 1.575448, "delta": 0.004061}}
{"target": -882.7787547360338, "params": {"gamma": 5.657055463326731, "lr": 0.468665837661252}, "datetime": {"datetime": "2024-06-13 18:39:23", "elapsed": 1.579433, "delta": 0.003985}}
{"target": -765.6952038773436, "params": {"gamma": 4.280946657213234, "lr": 0.5992697556580301}, "datetime": {"datetime": "2024-06-13 18:39:23", "elapsed": 1.583422, "delta": 0.003989}}
{"target": -2089.2027423664, "params": {"gamma": 8.499848915271139, "lr": 0.7511210403719374}, "datetime": {"datetime": "2024-06-13 18:39:23", "elapsed": 1.586414, "delta": 0.002992}}
{"target": -1827.7669562833557, "params": {"gamma": 5.794026042432034, "lr": 0.9247041815360281}, "datetime": {"datetime": "2024-06-13 18:39:23", "elapsed": 1.590403, "delta": 0.003989}}
{"target": -254.0124549753665, "params": {"gamma": 0.6483350944320471, "lr": 0.9913465087318091}, "datetime": {"datetime": "2024-06-13 18:39:23", "elapsed": 1.594392, "delta": 0.003989}}
{"target": -182.3131309241671, "params": {"gamma": 0.5308924321372274, "lr": 0.19949554613856135}, "datetime": {"datetime": "2024-06-13 18:39:23", "elapsed": 1.598382, "delta": 0.00399}}
{"target": -1636.8627157583726, "params": {"gamma": 4.228103863783965, "lr": 0.10750887618516769}, "datetime": {"datetime": "2024-06-13 18:39:23", "elapsed": 1.602371, "delta": 0.003989}}
{"target": -2967.52104521871, "params": {"gamma": 6.2370804395660215, "lr": 0.047992564048867314}, "datetime": {"datetime": "2024-06-13 18:39:23", "elapsed": 1.605384, "delta": 0.003013}}
{"target": -1372.2225225025354, "params": {"gamma": 2.8469541861884147, "lr": 0.06103668111967109}, "datetime": {"datetime": "2024-06-13 18:39:23", "elapsed": 1.60937, "delta": 0.003986}}
{"target": -1620.7199453715912, "params": {"gamma": 7.035489791719707, "lr": 0.668456167589482}, "datetime": {"datetime": "2024-06-13 18:39:23", "elapsed": 1.613359, "delta": 0.003989}}
{"target": -761.637384214601, "params": {"gamma": 3.7864273519127716, "lr": 0.1881942600298212}, "datetime": {"datetime": "2024-06-13 18:39:23", "elapsed": 1.616403, "delta": 0.003044}}
{"target": -1071.6919961295264, "params": {"gamma": 7.4703012854704225, "lr": 0.34037929076546725}, "datetime": {"datetime": "2024-06-13 18:39:23", "elapsed": 1.620392, "delta": 0.003989}}
{"target": -1230.0721100093567, "params": {"gamma": 7.953216372889023, "lr": 0.4879009391796203}, "datetime": {"datetime": "2024-06-13 18:39:23", "elapsed": 1.624381, "delta": 0.003989}}
{"target": -2506.0671783254074, "params": {"gamma": 5.257168774065444, "lr": 0.028490849491567216}, "datetime": {"datetime": "2024-06-13 18:39:23", "elapsed": 1.628371, "delta": 0.00399}}
{"target": -928.0019922046071, "params": {"gamma": 6.442675966770439, "lr": 0.3506565024321674}, "datetime": {"datetime": "2024-06-13 18:39:23", "elapsed": 1.63236, "delta": 0.003989}}
{"target": -405.6999343515721, "params": {"gamma": 2.292821067893365, "lr": 0.4338833762117006}, "datetime": {"datetime": "2024-06-13 18:39:23", "elapsed": 1.63537, "delta": 0.00301}}
{"target": -607.1759616131005, "params": {"gamma": 3.825292105251905, "lr": 0.46978904008636024}, "datetime": {"datetime": "2024-06-13 18:39:23", "elapsed": 1.639357, "delta": 0.003987}}
{"target": -1358.5177494225597, "params": {"gamma": 9.794854058443883, "lr": 0.36437807036823044}, "datetime": {"datetime": "2024-06-13 18:39:23", "elapsed": 1.643346, "delta": 0.003989}}
{"target": -1398.4315884106782, "params": {"gamma": 7.744326923227059, "lr": 0.5527675965498925}, "datetime": {"datetime": "2024-06-13 18:39:23", "elapsed": 1.64637, "delta": 0.003024}}
{"target": -1270.5363408202766, "params": {"gamma": 8.891421759985722, "lr": 0.354952851149572}, "datetime": {"datetime": "2024-06-13 18:39:23", "elapsed": 1.650358, "delta": 0.003988}}
{"target": -767.4607008041215, "params": {"gamma": 2.455941283184888, "lr": 0.9110192396569683}, "datetime": {"datetime": "2024-06-13 18:39:23", "elapsed": 1.654349, "delta": 0.003991}}
{"target": -202.67931600829937, "params": {"gamma": 0.43629910331389593, "lr": 0.9507534280610023}, "datetime": {"datetime": "2024-06-13 18:39:23", "elapsed": 1.658392, "delta": 0.004043}}
{"target": -883.4015070338467, "params": {"gamma": 5.5645127497935825, "lr": 0.3763632166870875}, "datetime": {"datetime": "2024-06-13 18:39:23", "elapsed": 1.661384, "delta": 0.002992}}
{"target": -4716.505337591615, "params": {"gamma": 9.950528171068772, "lr": 0.05836264614763165}, "datetime": {"datetime": "2024-06-13 18:39:23", "elapsed": 1.665394, "delta": 0.00401}}
{"target": -2463.8679525740235, "params": {"gamma": 5.167546891316355, "lr": 0.03109707545554785}, "datetime": {"datetime": "2024-06-13 18:39:23", "elapsed": 1.66938, "delta": 0.003986}}
{"target": -1201.3150619193107, "params": {"gamma": 5.712186216123149, "lr": 0.18046850899511557}, "datetime": {"datetime": "2024-06-13 18:39:23", "elapsed": 1.673369, "delta": 0.003989}}
{"target": -1989.142600364389, "params": {"gamma": 6.309961044194965, "lr": 0.9809236757505815}, "datetime": {"datetime": "2024-06-13 18:39:23", "elapsed": 1.676361, "delta": 0.002992}}
{"target": -1320.667291224568, "params": {"gamma": 8.749150609572597, "lr": 0.45183624942087064}, "datetime": {"datetime": "2024-06-13 18:39:23", "elapsed": 1.68035, "delta": 0.003989}}
{"target": -1744.7675946845357, "params": {"gamma": 7.084900239647121, "lr": 0.7774687500031893}, "datetime": {"datetime": "2024-06-13 18:39:23", "elapsed": 1.68434, "delta": 0.00399}}
{"target": -887.7170672759311, "params": {"gamma": 4.9489359987414545, "lr": 0.5285334901775651}, "datetime": {"datetime": "2024-06-13 18:39:23", "elapsed": 1.687396, "delta": 0.003056}}
{"target": -251.33809190218452, "params": {"gamma": 1.5086931993235537, "lr": 0.36939992561190627}, "datetime": {"datetime": "2024-06-13 18:39:23", "elapsed": 1.691385, "delta": 0.003989}}
{"target": -364.02165288792645, "params": {"gamma": 1.4230703094747938, "lr": 0.7268937533445626}, "datetime": {"datetime": "2024-06-13 18:39:23", "elapsed": 1.695399, "delta": 0.004014}}
{"target": -733.1520461755606, "params": {"gamma": 4.770652931028231, "lr": 0.44887883670676554}, "datetime": {"datetime": "2024-06-13 18:39:23", "elapsed": 1.699381, "delta": 0.003982}}
{"target": -1569.0977332442885, "params": {"gamma": 8.860093713682348, "lr": 0.5276187723115614}, "datetime": {"datetime": "2024-06-13 18:39:23", "elapsed": 1.70337, "delta": 0.003989}}
{"target": -657.4027252284308, "params": {"gamma": 4.091499228336683, "lr": 0.26889202221264585}, "datetime": {"datetime": "2024-06-13 18:39:23", "elapsed": 1.706362, "delta": 0.002992}}
{"target": -183.81992723252978, "params": {"gamma": 0.7210483396625298, "lr": 0.4181361337253158}, "datetime": {"datetime": "2024-06-13 18:39:23", "elapsed": 1.710351, "delta": 0.003989}}
{"target": -151.90098079810906, "params": {"gamma": 0.25850907058342715, "lr": 0.29115394055242805}, "datetime": {"datetime": "2024-06-13 18:39:23", "elapsed": 1.714342, "delta": 0.003991}}
{"target": -1590.6532595141564, "params": {"gamma": 5.035591588974117, "lr": 0.9659330650197223}, "datetime": {"datetime": "2024-06-13 18:39:23", "elapsed": 1.718355, "delta": 0.004013}}
