{"target": -1952.4283399823971, "params": {"gamma": 6.052523738337006, "lr": 0.9904061968899467}, "datetime": {"datetime": "2024-06-13 14:28:16", "elapsed": 2.670499, "delta": 0.00399}}
{"target": -1213.2279875431393, "params": {"gamma": 7.739388583314729, "lr": 0.33427640499382627}, "datetime": {"datetime": "2024-06-13 14:28:16", "elapsed": 2.674487, "delta": 0.003988}}
{"target": -197.39692459765104, "params": {"gamma": 0.8908932100029573, "lr": 0.18490559027840836}, "datetime": {"datetime": "2024-06-13 14:28:16", "elapsed": 2.678477, "delta": 0.00399}}
{"target": -859.6908757606843, "params": {"gamma": 5.2689919070424525, "lr": 0.417102418106858}, "datetime": {"datetime": "2024-06-13 14:28:16", "elapsed": 2.682466, "delta": 0.003989}}
{"target": -2577.5448126260644, "params": {"gamma": 8.006795921634268, "lr": 0.9332023381866817}, "datetime": {"datetime": "2024-06-13 14:28:16", "elapsed": 2.686455, "delta": 0.003989}}
{"target": -567.733499449973, "params": {"gamma": 1.779469614765534, "lr": 0.8600667708762162}, "datetime": {"datetime": "2024-06-13 14:28:16", "elapsed": 2.690445, "delta": 0.00399}}
{"target": -3078.9790269797822, "params": {"gamma": 9.57399186834036, "lr": 0.9594706068497821}, "datetime": {"datetime": "2024-06-13 14:28:16", "elapsed": 2.694434, "delta": 0.003989}}
{"target": -237.53278695968115, "params": {"gamma": 0.37958801461658453, "lr": 0.05758350560817371}, "datetime": {"datetime": "2024-06-13 14:28:16", "elapsed": 2.698423, "delta": 0.003989}}
{"target": -150.49772620808244, "params": {"gamma": 0.05896813178397224, "lr": 0.3126811561554764}, "datetime": {"datetime": "2024-06-13 14:28:16", "elapsed": 2.702413, "delta": 0.00399}}
{"target": -153.0251643308641, "params": {"gamma": 0.5579284287083343, "lr": 0.29386248547054417}, "datetime": {"datetime": "2024-06-13 14:28:16", "elapsed": 2.706403, "delta": 0.00399}}
{"target": -1156.7092959027907, "params": {"gamma": 3.5608088438258343, "lr": 0.9536770184739218}, "datetime": {"datetime": "2024-06-13 14:28:16", "elapsed": 2.710392, "delta": 0.003989}}
{"target": -795.373299223764, "params": {"gamma": 4.770032273945294, "lr": 0.27823844242133033}, "datetime": {"datetime": "2024-06-13 14:28:16", "elapsed": 2.714381, "delta": 0.003989}}
{"target": -1228.0288441768027, "params": {"gamma": 5.030548945314497, "lr": 0.6433579246491355}, "datetime": {"datetime": "2024-06-13 14:28:16", "elapsed": 2.718882, "delta": 0.004501}}
{"target": -351.9243756087222, "params": {"gamma": 1.1133454800017826, "lr": 0.7580616581331086}, "datetime": {"datetime": "2024-06-13 14:28:16", "elapsed": 2.722865, "delta": 0.003983}}
{"target": -2545.651265859577, "params": {"gamma": 8.519605767101668, "lr": 0.8442498595694283}, "datetime": {"datetime": "2024-06-13 14:28:16", "elapsed": 2.726854, "delta": 0.003989}}
{"target": -1430.9657183151842, "params": {"gamma": 8.905177817288482, "lr": 0.38184239675576115}, "datetime": {"datetime": "2024-06-13 14:28:16", "elapsed": 2.730843, "delta": 0.003989}}
{"target": -1331.906127939954, "params": {"gamma": 4.438608178466819, "lr": 0.10158147594616618}, "datetime": {"datetime": "2024-06-13 14:28:16", "elapsed": 2.734832, "delta": 0.003989}}
{"target": -743.7684927733826, "params": {"gamma": 2.25884341738992, "lr": 0.971320469273211}, "datetime": {"datetime": "2024-06-13 14:28:16", "elapsed": 2.738822, "delta": 0.00399}}
{"target": -888.8064802135852, "params": {"gamma": 2.8469550657183857, "lr": 0.9073961422409973}, "datetime": {"datetime": "2024-06-13 14:28:16", "elapsed": 2.742812, "delta": 0.00399}}
{"target": -2865.1260710388674, "params": {"gamma": 8.905632311496733, "lr": 0.9225044972603934}, "datetime": {"datetime": "2024-06-13 14:28:16", "elapsed": 2.7468, "delta": 0.003988}}
{"target": -503.09550165373355, "params": {"gamma": 1.5623394948435068, "lr": 0.8797221435013809}, "datetime": {"datetime": "2024-06-13 14:28:16", "elapsed": 2.749793, "delta": 0.002993}}
{"target": -991.0791115615539, "params": {"gamma": 6.320317509680909, "lr": 0.21062817841880244}, "datetime": {"datetime": "2024-06-13 14:28:16", "elapsed": 2.75478, "delta": 0.004987}}
{"target": -607.0877396429851, "params": {"gamma": 3.4518140318860318, "lr": 0.1599187885892832}, "datetime": {"datetime": "2024-06-13 14:28:16", "elapsed": 2.757771, "delta": 0.002991}}
{"target": -1890.1702036579627, "params": {"gamma": 4.444037226303826, "lr": 0.08377495384546052}, "datetime": {"datetime": "2024-06-13 14:28:16", "elapsed": 2.762758, "delta": 0.004987}}
{"target": -300.5777518100212, "params": {"gamma": 1.654019586311918, "lr": 0.19719634646666928}, "datetime": {"datetime": "2024-06-13 14:28:16", "elapsed": 2.766747, "delta": 0.003989}}
{"target": -1487.4694220271394, "params": {"gamma": 6.910582388225486, "lr": 0.573802869165353}, "datetime": {"datetime": "2024-06-13 14:28:16", "elapsed": 2.770737, "delta": 0.00399}}
{"target": -1322.777953199048, "params": {"gamma": 8.733358017233284, "lr": 0.2446340657192081}, "datetime": {"datetime": "2024-06-13 14:28:16", "elapsed": 2.774726, "delta": 0.003989}}
{"target": -2644.268619029978, "params": {"gamma": 6.296449959232413, "lr": 0.034431265307095615}, "datetime": {"datetime": "2024-06-13 14:28:16", "elapsed": 2.778715, "delta": 0.003989}}
{"target": -1593.0399885707727, "params": {"gamma": 5.162468412309614, "lr": 0.8632264817138495}, "datetime": {"datetime": "2024-06-13 14:28:16", "elapsed": 2.781707, "delta": 0.002992}}
{"target": -4111.72959456344, "params": {"gamma": 9.841281312305282, "lr": 0.009872975358918512}, "datetime": {"datetime": "2024-06-13 14:28:16", "elapsed": 2.785697, "delta": 0.00399}}
{"target": -402.6498875962337, "params": {"gamma": 2.5291619792860742, "lr": 0.22384967032752534}, "datetime": {"datetime": "2024-06-13 14:28:16", "elapsed": 2.789686, "delta": 0.003989}}
{"target": -269.52336083941435, "params": {"gamma": 0.4763284046833772, "lr": 0.010172456261775653}, "datetime": {"datetime": "2024-06-13 14:28:16", "elapsed": 2.793675, "delta": 0.003989}}
{"target": -2067.3999189856804, "params": {"gamma": 4.902462927130074, "lr": 0.04548214567029407}, "datetime": {"datetime": "2024-06-13 14:28:16", "elapsed": 2.797664, "delta": 0.003989}}
{"target": -690.9278994864226, "params": {"gamma": 2.784002980338173, "lr": 0.6399745691089123}, "datetime": {"datetime": "2024-06-13 14:28:16", "elapsed": 2.801654, "delta": 0.00399}}
{"target": -474.7002148075873, "params": {"gamma": 2.9476257235674814, "lr": 0.26965470115905144}, "datetime": {"datetime": "2024-06-13 14:28:16", "elapsed": 2.805643, "delta": 0.003989}}
{"target": -955.9635969782497, "params": {"gamma": 5.905874675913428, "lr": 0.38053407720964005}, "datetime": {"datetime": "2024-06-13 14:28:16", "elapsed": 2.809633, "delta": 0.00399}}
{"target": -1265.9332261114155, "params": {"gamma": 7.025527816580048, "lr": 0.4961239512498611}, "datetime": {"datetime": "2024-06-13 14:28:16", "elapsed": 2.813622, "delta": 0.003989}}
{"target": -996.061540829362, "params": {"gamma": 6.33245944879897, "lr": 0.3533943470016294}, "datetime": {"datetime": "2024-06-13 14:28:16", "elapsed": 2.81766, "delta": 0.004038}}
{"target": -576.2505651632498, "params": {"gamma": 2.871152417608931, "lr": 0.13320711375110195}, "datetime": {"datetime": "2024-06-13 14:28:16", "elapsed": 2.821602, "delta": 0.003942}}
{"target": -2736.1583516138953, "params": {"gamma": 9.370866767604843, "lr": 0.8048358460157946}, "datetime": {"datetime": "2024-06-13 14:28:16", "elapsed": 2.82559, "delta": 0.003988}}
{"target": -1509.8343945881343, "params": {"gamma": 9.380347403020368, "lr": 0.1853805246478023}, "datetime": {"datetime": "2024-06-13 14:28:16", "elapsed": 2.829579, "delta": 0.003989}}
{"target": -3001.428554579343, "params": {"gamma": 9.331624472469432, "lr": 0.9357532076921331}, "datetime": {"datetime": "2024-06-13 14:28:16", "elapsed": 2.833568, "delta": 0.003989}}
{"target": -483.03137080553927, "params": {"gamma": 2.8361615915229414, "lr": 0.27463424842386297}, "datetime": {"datetime": "2024-06-13 14:28:16", "elapsed": 2.837558, "delta": 0.00399}}
{"target": -899.3347050949333, "params": {"gamma": 5.514764305160052, "lr": 0.18528923936855235}, "datetime": {"datetime": "2024-06-13 14:28:16", "elapsed": 2.841547, "delta": 0.003989}}
{"target": -727.080765224754, "params": {"gamma": 4.421569005157032, "lr": 0.1853176459376844}, "datetime": {"datetime": "2024-06-13 14:28:16", "elapsed": 2.845536, "delta": 0.003989}}
{"target": -1700.3636685109093, "params": {"gamma": 9.473811803621638, "lr": 0.4938246574910856}, "datetime": {"datetime": "2024-06-13 14:28:16", "elapsed": 2.849526, "delta": 0.00399}}
{"target": -2335.6261700003342, "params": {"gamma": 9.639213756472554, "lr": 0.6449416725122118}, "datetime": {"datetime": "2024-06-13 14:28:16", "elapsed": 2.853515, "delta": 0.003989}}
{"target": -1566.0285493404017, "params": {"gamma": 4.843673414550824, "lr": 0.9676952459611975}, "datetime": {"datetime": "2024-06-13 14:28:16", "elapsed": 2.857505, "delta": 0.00399}}
{"target": -365.22446282861966, "params": {"gamma": 1.4327546273059197, "lr": 0.6323298746664966}, "datetime": {"datetime": "2024-06-13 14:28:16", "elapsed": 2.861494, "delta": 0.003989}}
{"target": -1213.020616399343, "params": {"gamma": 6.6192217900001395, "lr": 0.43383982715272595}, "datetime": {"datetime": "2024-06-13 14:28:16", "elapsed": 2.865483, "delta": 0.003989}}
{"target": -170.1164859849744, "params": {"gamma": 0.594512896164236, "lr": 0.4927226011660333}, "datetime": {"datetime": "2024-06-13 14:28:16", "elapsed": 2.869472, "delta": 0.003989}}
{"target": -1366.1853184782497, "params": {"gamma": 4.651874301237257, "lr": 0.8067468107748635}, "datetime": {"datetime": "2024-06-13 14:28:16", "elapsed": 2.873462, "delta": 0.00399}}
{"target": -431.63952028021794, "params": {"gamma": 2.5673532385398095, "lr": 0.3914303629842686}, "datetime": {"datetime": "2024-06-13 14:28:16", "elapsed": 2.878448, "delta": 0.004986}}
{"target": -624.4659177037461, "params": {"gamma": 2.402481900006551, "lr": 0.6864434151723641}, "datetime": {"datetime": "2024-06-13 14:28:16", "elapsed": 2.883435, "delta": 0.004987}}
{"target": -1600.9583135474204, "params": {"gamma": 9.898844649917818, "lr": 0.1774295368682619}, "datetime": {"datetime": "2024-06-13 14:28:16", "elapsed": 2.887424, "delta": 0.003989}}
{"target": -1245.4986244595968, "params": {"gamma": 8.214645955522746, "lr": 0.2309885592816333}, "datetime": {"datetime": "2024-06-13 14:28:16", "elapsed": 2.891445, "delta": 0.004021}}
{"target": -182.0969578322724, "params": {"gamma": 0.5807001579142975, "lr": 0.13881651804567363}, "datetime": {"datetime": "2024-06-13 14:28:16", "elapsed": 2.895403, "delta": 0.003958}}
{"target": -2871.5368959181715, "params": {"gamma": 9.351596002308344, "lr": 0.8885421033562281}, "datetime": {"datetime": "2024-06-13 14:28:16", "elapsed": 2.899393, "delta": 0.00399}}
{"target": -944.4732431456158, "params": {"gamma": 2.893315694333617, "lr": 0.9477640661016069}, "datetime": {"datetime": "2024-06-13 14:28:16", "elapsed": 2.903382, "delta": 0.003989}}
{"target": -1552.2519264346863, "params": {"gamma": 8.499455421778958, "lr": 0.4346547940716735}, "datetime": {"datetime": "2024-06-13 14:28:16", "elapsed": 2.907372, "delta": 0.00399}}
{"target": -1110.7475434810906, "params": {"gamma": 4.681027499109862, "lr": 0.6298530215834227}, "datetime": {"datetime": "2024-06-13 14:28:16", "elapsed": 2.912358, "delta": 0.004986}}
{"target": -700.1572319947096, "params": {"gamma": 1.581160317803163, "lr": 0.014782086742092915}, "datetime": {"datetime": "2024-06-13 14:28:16", "elapsed": 2.916348, "delta": 0.00399}}
{"target": -1139.743565342027, "params": {"gamma": 2.655854662706386, "lr": 0.015443631942760883}, "datetime": {"datetime": "2024-06-13 14:28:16", "elapsed": 2.921062, "delta": 0.004714}}
{"target": -1450.3527793546357, "params": {"gamma": 6.745313942778413, "lr": 0.5514688358127765}, "datetime": {"datetime": "2024-06-13 14:28:16", "elapsed": 2.925051, "delta": 0.003989}}
{"target": -946.0085644935011, "params": {"gamma": 3.2171598078821737, "lr": 0.7802023371197586}, "datetime": {"datetime": "2024-06-13 14:28:16", "elapsed": 2.92904, "delta": 0.003989}}
{"target": -252.94046871570924, "params": {"gamma": 1.4587085267165556, "lr": 0.2448806387618836}, "datetime": {"datetime": "2024-06-13 14:28:16", "elapsed": 2.93303, "delta": 0.00399}}
{"target": -492.82623723938497, "params": {"gamma": 2.923845306630798, "lr": 0.19593194649899215}, "datetime": {"datetime": "2024-06-13 14:28:16", "elapsed": 2.937019, "delta": 0.003989}}
{"target": -307.21082029215347, "params": {"gamma": 0.8802988990222627, "lr": 0.8699761802716075}, "datetime": {"datetime": "2024-06-13 14:28:16", "elapsed": 2.942007, "delta": 0.004988}}
{"target": -263.1892946609627, "params": {"gamma": 0.8827982670695292, "lr": 0.6837103358216379}, "datetime": {"datetime": "2024-06-13 14:28:16", "elapsed": 2.945995, "delta": 0.003988}}
{"target": -548.4594876270043, "params": {"gamma": 1.204888367700376, "lr": 0.010699003144174157}, "datetime": {"datetime": "2024-06-13 14:28:16", "elapsed": 2.949985, "delta": 0.00399}}
{"target": -1718.4510784975348, "params": {"gamma": 5.573125032519063, "lr": 0.9071090552203707}, "datetime": {"datetime": "2024-06-13 14:28:16", "elapsed": 2.953974, "delta": 0.003989}}
{"target": -1346.8579915807493, "params": {"gamma": 8.604706216701516, "lr": 0.33845138411825004}, "datetime": {"datetime": "2024-06-13 14:28:16", "elapsed": 2.957964, "delta": 0.00399}}
{"target": -165.75586203017997, "params": {"gamma": 0.27256113442929636, "lr": 0.8008593551300331}, "datetime": {"datetime": "2024-06-13 14:28:16", "elapsed": 2.961952, "delta": 0.003988}}
{"target": -2477.7102061839496, "params": {"gamma": 8.06004333796437, "lr": 0.8684881163027721}, "datetime": {"datetime": "2024-06-13 14:28:16", "elapsed": 2.965942, "delta": 0.00399}}
{"target": -1959.5402307698039, "params": {"gamma": 6.696796352155456, "lr": 0.8077788623150765}, "datetime": {"datetime": "2024-06-13 14:28:16", "elapsed": 2.969931, "delta": 0.003989}}
{"target": -1611.8542486445747, "params": {"gamma": 8.9750853247459, "lr": 0.4538299504900123}, "datetime": {"datetime": "2024-06-13 14:28:16", "elapsed": 2.974918, "delta": 0.004987}}
{"target": -1205.356067723797, "params": {"gamma": 5.578695211845391, "lr": 0.5061311288282347}, "datetime": {"datetime": "2024-06-13 14:28:16", "elapsed": 2.979905, "delta": 0.004987}}
{"target": -1753.78106874838, "params": {"gamma": 6.920147061337664, "lr": 0.6829068676298748}, "datetime": {"datetime": "2024-06-13 14:28:16", "elapsed": 2.983894, "delta": 0.003989}}
{"target": -1526.1688525231252, "params": {"gamma": 5.203616044997302, "lr": 0.8284681480854713}, "datetime": {"datetime": "2024-06-13 14:28:16", "elapsed": 2.987883, "delta": 0.003989}}
{"target": -1484.0177156157615, "params": {"gamma": 5.058288088511875, "lr": 0.8248585623852319}, "datetime": {"datetime": "2024-06-13 14:28:16", "elapsed": 2.991872, "delta": 0.003989}}
{"target": -478.20662739768073, "params": {"gamma": 2.8191690363442863, "lr": 0.17849483297748825}, "datetime": {"datetime": "2024-06-13 14:28:16", "elapsed": 2.995862, "delta": 0.00399}}
{"target": -2509.2675966044008, "params": {"gamma": 9.698735832876796, "lr": 0.7419395254560768}, "datetime": {"datetime": "2024-06-13 14:28:16", "elapsed": 2.999851, "delta": 0.003989}}
{"target": -575.6372299684849, "params": {"gamma": 2.598657141350841, "lr": 0.5812353422911717}, "datetime": {"datetime": "2024-06-13 14:28:16", "elapsed": 3.005835, "delta": 0.005984}}
{"target": -3992.2451467939145, "params": {"gamma": 9.55266727312833, "lr": 0.0807539078120788}, "datetime": {"datetime": "2024-06-13 14:28:16", "elapsed": 3.009825, "delta": 0.00399}}
{"target": -240.969630465543, "params": {"gamma": 0.8362585364103492, "lr": 0.6191348314199072}, "datetime": {"datetime": "2024-06-13 14:28:16", "elapsed": 3.013814, "delta": 0.003989}}
{"target": -664.9055553615663, "params": {"gamma": 2.245710294880741, "lr": 0.7651839567335081}, "datetime": {"datetime": "2024-06-13 14:28:16", "elapsed": 3.017803, "delta": 0.003989}}
{"target": -1384.4133716431004, "params": {"gamma": 5.681957276948102, "lr": 0.6661880902234952}, "datetime": {"datetime": "2024-06-13 14:28:16", "elapsed": 3.022791, "delta": 0.004988}}
{"target": -493.35673846438596, "params": {"gamma": 1.0790311940451294, "lr": 0.08428305143655679}, "datetime": {"datetime": "2024-06-13 14:28:16", "elapsed": 3.027777, "delta": 0.004986}}
{"target": -1016.1414017880988, "params": {"gamma": 6.251585561986592, "lr": 0.4097312611340205}, "datetime": {"datetime": "2024-06-13 14:28:16", "elapsed": 3.031766, "delta": 0.003989}}
{"target": -183.18780150340413, "params": {"gamma": 0.8734379861959459, "lr": 0.3710639450161891}, "datetime": {"datetime": "2024-06-13 14:28:16", "elapsed": 3.035758, "delta": 0.003992}}
{"target": -1089.8639791164214, "params": {"gamma": 6.72177195215883, "lr": 0.1895874001915857}, "datetime": {"datetime": "2024-06-13 14:28:16", "elapsed": 3.040742, "delta": 0.004984}}
{"target": -2881.6882268819895, "params": {"gamma": 8.957395356178512, "lr": 0.9498463888800873}, "datetime": {"datetime": "2024-06-13 14:28:16", "elapsed": 3.044731, "delta": 0.003989}}
{"target": -2487.946303928109, "params": {"gamma": 9.615763851802903, "lr": 0.7300825577402602}, "datetime": {"datetime": "2024-06-13 14:28:16", "elapsed": 3.048721, "delta": 0.00399}}
{"target": -1062.4844077299988, "params": {"gamma": 4.063477988455463, "lr": 0.7437491963512196}, "datetime": {"datetime": "2024-06-13 14:28:16", "elapsed": 3.05271, "delta": 0.003989}}
{"target": -450.4980672797753, "params": {"gamma": 2.8805808058682407, "lr": 0.3144172223907462}, "datetime": {"datetime": "2024-06-13 14:28:16", "elapsed": 3.0567, "delta": 0.00399}}
{"target": -1312.1191576586564, "params": {"gamma": 6.059357715817362, "lr": 0.5948471334079176}, "datetime": {"datetime": "2024-06-13 14:28:16", "elapsed": 3.060689, "delta": 0.003989}}
{"target": -1371.1975926010155, "params": {"gamma": 8.786731102181795, "lr": 0.25460075566057694}, "datetime": {"datetime": "2024-06-13 14:28:16", "elapsed": 3.064678, "delta": 0.003989}}
{"target": -2467.2729873425783, "params": {"gamma": 7.662117463663015, "lr": 0.9410132668189013}, "datetime": {"datetime": "2024-06-13 14:28:16", "elapsed": 3.069594, "delta": 0.004916}}
{"target": -154.94389656645455, "params": {"gamma": 0.011328293644688577, "lr": 0.47608911800210485}, "datetime": {"datetime": "2024-06-13 14:28:16", "elapsed": 3.073583, "delta": 0.003989}}
{"target": -1967.0077206913732, "params": {"gamma": 6.570746249918269, "lr": 0.8433232139195225}, "datetime": {"datetime": "2024-06-13 14:28:16", "elapsed": 3.078569, "delta": 0.004986}}
{"target": -570.2238606942235, "params": {"gamma": 1.8382103793481412, "lr": 0.8561592379873718}, "datetime": {"datetime": "2024-06-13 14:28:16", "elapsed": 3.082099, "delta": 0.00353}}
{"target": -1130.0626878713913, "params": {"gamma": 3.6442904330904224, "lr": 0.8922739292761724}, "datetime": {"datetime": "2024-06-13 14:28:16", "elapsed": 3.086086, "delta": 0.003987}}
{"target": -206.48974722471903, "params": {"gamma": 0.2780896894835276, "lr": 0.08539013912317062}, "datetime": {"datetime": "2024-06-13 14:28:16", "elapsed": 3.091073, "delta": 0.004987}}
{"target": -2304.7734486259233, "params": {"gamma": 9.81412324707537, "lr": 0.6095019257734966}, "datetime": {"datetime": "2024-06-13 14:28:16", "elapsed": 3.095062, "delta": 0.003989}}
{"target": -691.9610926722244, "params": {"gamma": 4.176905835795019, "lr": 0.16921418469369054}, "datetime": {"datetime": "2024-06-13 14:28:16", "elapsed": 3.100049, "delta": 0.004987}}
{"target": -2728.257883239061, "params": {"gamma": 6.499361629743811, "lr": 0.03697506835935782}, "datetime": {"datetime": "2024-06-13 14:28:16", "elapsed": 3.104038, "delta": 0.003989}}
{"target": -484.7734528230828, "params": {"gamma": 3.116827520693586, "lr": 0.32347919698907535}, "datetime": {"datetime": "2024-06-13 14:28:16", "elapsed": 3.108027, "delta": 0.003989}}
{"target": -1478.7765905730955, "params": {"gamma": 6.074811493252022, "lr": 0.6508312566756971}, "datetime": {"datetime": "2024-06-13 14:28:16", "elapsed": 3.112017, "delta": 0.00399}}
{"target": -2722.7677123678914, "params": {"gamma": 8.460699937765456, "lr": 0.9275809425975434}, "datetime": {"datetime": "2024-06-13 14:28:16", "elapsed": 3.116006, "delta": 0.003989}}
{"target": -1422.5644329649801, "params": {"gamma": 6.604916818383386, "lr": 0.5781739184085382}, "datetime": {"datetime": "2024-06-13 14:28:16", "elapsed": 3.119996, "delta": 0.00399}}
{"target": -1292.7911418523672, "params": {"gamma": 3.987756720746455, "lr": 0.966612492642142}, "datetime": {"datetime": "2024-06-13 14:28:16", "elapsed": 3.123985, "delta": 0.003989}}
{"target": -497.1273001848823, "params": {"gamma": 1.541637639151742, "lr": 0.8950868086486484}, "datetime": {"datetime": "2024-06-13 14:28:16", "elapsed": 3.127974, "delta": 0.003989}}
{"target": -682.4434585622695, "params": {"gamma": 3.1108196657805305, "lr": 0.548489089666104}, "datetime": {"datetime": "2024-06-13 14:28:16", "elapsed": 3.132961, "delta": 0.004987}}
{"target": -1037.8967089616756, "params": {"gamma": 6.8209805180697165, "lr": 0.23646965132615538}, "datetime": {"datetime": "2024-06-13 14:28:16", "elapsed": 3.13695, "delta": 0.003989}}
{"target": -385.0024781295108, "params": {"gamma": 1.678199113817666, "lr": 0.508482013429616}, "datetime": {"datetime": "2024-06-13 14:28:16", "elapsed": 3.140939, "delta": 0.003989}}
{"target": -2004.373015799147, "params": {"gamma": 7.918846891971133, "lr": 0.6924144621670756}, "datetime": {"datetime": "2024-06-13 14:28:16", "elapsed": 3.144929, "delta": 0.00399}}
{"target": -394.9911086227318, "params": {"gamma": 1.1906143983929753, "lr": 0.900742215071733}, "datetime": {"datetime": "2024-06-13 14:28:16", "elapsed": 3.148918, "delta": 0.003989}}
