{"target": -1212.8142893982401, "params": {"gamma": 6.052523738337006, "lr": 0.9904061968899467}, "datetime": {"datetime": "2024-06-13 20:37:13", "elapsed": 2.619961, "delta": 0.003989}}
{"target": -1338.0076683607745, "params": {"gamma": 7.739388583314729, "lr": 0.33427640499382627}, "datetime": {"datetime": "2024-06-13 20:37:13", "elapsed": 2.62395, "delta": 0.003989}}
{"target": -235.75415636556275, "params": {"gamma": 0.8908932100029573, "lr": 0.18490559027840836}, "datetime": {"datetime": "2024-06-13 20:37:13", "elapsed": 2.627939, "delta": 0.003989}}
{"target": -871.5512986895593, "params": {"gamma": 5.2689919070424525, "lr": 0.417102418106858}, "datetime": {"datetime": "2024-06-13 20:37:13", "elapsed": 2.631929, "delta": 0.00399}}
{"target": -1599.400437297377, "params": {"gamma": 8.006795921634268, "lr": 0.9332023381866817}, "datetime": {"datetime": "2024-06-13 20:37:13", "elapsed": 2.635918, "delta": 0.003989}}
{"target": -368.36597328220233, "params": {"gamma": 1.779469614765534, "lr": 0.8600667708762162}, "datetime": {"datetime": "2024-06-13 20:37:13", "elapsed": 2.639908, "delta": 0.00399}}
{"target": -1909.5986578568143, "params": {"gamma": 9.57399186834036, "lr": 0.9594706068497821}, "datetime": {"datetime": "2024-06-13 20:37:13", "elapsed": 2.643897, "delta": 0.003989}}
{"target": -156.66129682122732, "params": {"gamma": 0.37958801461658453, "lr": 0.05758350560817371}, "datetime": {"datetime": "2024-06-13 20:37:13", "elapsed": 2.647887, "delta": 0.00399}}
{"target": -146.0913241377505, "params": {"gamma": 0.05896813178397224, "lr": 0.3126811561554764}, "datetime": {"datetime": "2024-06-13 20:37:13", "elapsed": 2.651876, "delta": 0.003989}}
{"target": -159.8408022589343, "params": {"gamma": 0.5579284287083343, "lr": 0.29386248547054417}, "datetime": {"datetime": "2024-06-13 20:37:13", "elapsed": 2.655865, "delta": 0.003989}}
{"target": -721.4429076193805, "params": {"gamma": 3.5608088438258343, "lr": 0.9536770184739218}, "datetime": {"datetime": "2024-06-13 20:37:13", "elapsed": 2.658857, "delta": 0.002992}}
{"target": -956.8537047664262, "params": {"gamma": 4.770032273945294, "lr": 0.27823844242133033}, "datetime": {"datetime": "2024-06-13 20:37:13", "elapsed": 2.662846, "delta": 0.003989}}
{"target": -886.1690832212214, "params": {"gamma": 5.030548945314497, "lr": 0.6433579246491355}, "datetime": {"datetime": "2024-06-13 20:37:13", "elapsed": 2.666836, "delta": 0.00399}}
{"target": -244.85850364883592, "params": {"gamma": 1.1133454800017826, "lr": 0.7580616581331086}, "datetime": {"datetime": "2024-06-13 20:37:13", "elapsed": 2.670825, "delta": 0.003989}}
{"target": -1641.2685280820149, "params": {"gamma": 8.519605767101668, "lr": 0.8442498595694283}, "datetime": {"datetime": "2024-06-13 20:37:13", "elapsed": 2.67442, "delta": 0.003595}}
{"target": -1497.284811687565, "params": {"gamma": 8.905177817288482, "lr": 0.38184239675576115}, "datetime": {"datetime": "2024-06-13 20:37:13", "elapsed": 2.678409, "delta": 0.003989}}
{"target": -1102.9441063570816, "params": {"gamma": 4.438608178466819, "lr": 0.10158147594616618}, "datetime": {"datetime": "2024-06-13 20:37:13", "elapsed": 2.682399, "delta": 0.00399}}
{"target": -467.92883033066687, "params": {"gamma": 2.25884341738992, "lr": 0.971320469273211}, "datetime": {"datetime": "2024-06-13 20:37:13", "elapsed": 2.686388, "delta": 0.003989}}
{"target": -581.8095053993827, "params": {"gamma": 2.8469550657183857, "lr": 0.9073961422409973}, "datetime": {"datetime": "2024-06-13 20:37:13", "elapsed": 2.690377, "delta": 0.003989}}
{"target": -1777.2984051168207, "params": {"gamma": 8.905632311496733, "lr": 0.9225044972603934}, "datetime": {"datetime": "2024-06-13 20:37:13", "elapsed": 2.694366, "delta": 0.003989}}
{"target": -332.66597467259146, "params": {"gamma": 1.5623394948435068, "lr": 0.8797221435013809}, "datetime": {"datetime": "2024-06-13 20:37:13", "elapsed": 2.698356, "delta": 0.00399}}
{"target": -1501.0298134572936, "params": {"gamma": 6.320317509680909, "lr": 0.21062817841880244}, "datetime": {"datetime": "2024-06-13 20:37:13", "elapsed": 2.701347, "delta": 0.002991}}
{"target": -826.7202061202918, "params": {"gamma": 3.4518140318860318, "lr": 0.1599187885892832}, "datetime": {"datetime": "2024-06-13 20:37:13", "elapsed": 2.705337, "delta": 0.00399}}
{"target": -1109.8157005049857, "params": {"gamma": 4.444037226303826, "lr": 0.08377495384546052}, "datetime": {"datetime": "2024-06-13 20:37:13", "elapsed": 2.709326, "delta": 0.003989}}
{"target": -402.40085961798155, "params": {"gamma": 1.654019586311918, "lr": 0.19719634646666928}, "datetime": {"datetime": "2024-06-13 20:37:13", "elapsed": 2.713316, "delta": 0.00399}}
{"target": -1188.2565880554428, "params": {"gamma": 6.910582388225486, "lr": 0.573802869165353}, "datetime": {"datetime": "2024-06-13 20:37:13", "elapsed": 2.717306, "delta": 0.00399}}
{"target": -2058.580690150232, "params": {"gamma": 8.733358017233284, "lr": 0.2446340657192081}, "datetime": {"datetime": "2024-06-13 20:37:13", "elapsed": 2.721296, "delta": 0.00399}}
{"target": -1567.7532945714247, "params": {"gamma": 6.296449959232413, "lr": 0.034431265307095615}, "datetime": {"datetime": "2024-06-13 20:37:13", "elapsed": 2.725312, "delta": 0.004016}}
{"target": -1009.0355832276524, "params": {"gamma": 5.162468412309614, "lr": 0.8632264817138495}, "datetime": {"datetime": "2024-06-13 20:37:13", "elapsed": 2.729301, "delta": 0.003989}}
{"target": -2443.274676505498, "params": {"gamma": 9.841281312305282, "lr": 0.009872975358918512}, "datetime": {"datetime": "2024-06-13 20:37:13", "elapsed": 2.733262, "delta": 0.003961}}
{"target": -602.5181558168339, "params": {"gamma": 2.5291619792860742, "lr": 0.22384967032752534}, "datetime": {"datetime": "2024-06-13 20:37:13", "elapsed": 2.737252, "delta": 0.00399}}
{"target": -170.36582005474077, "params": {"gamma": 0.4763284046833772, "lr": 0.010172456261775653}, "datetime": {"datetime": "2024-06-13 20:37:13", "elapsed": 2.741241, "delta": 0.003989}}
{"target": -1223.6014503817935, "params": {"gamma": 4.902462927130074, "lr": 0.04548214567029407}, "datetime": {"datetime": "2024-06-13 20:37:13", "elapsed": 2.74523, "delta": 0.003989}}
{"target": -499.9485513533089, "params": {"gamma": 2.784002980338173, "lr": 0.6399745691089123}, "datetime": {"datetime": "2024-06-13 20:37:13", "elapsed": 2.74922, "delta": 0.00399}}
{"target": -598.1392757836967, "params": {"gamma": 2.9476257235674814, "lr": 0.26965470115905144}, "datetime": {"datetime": "2024-06-13 20:37:13", "elapsed": 2.753209, "delta": 0.003989}}
{"target": -998.0371272444645, "params": {"gamma": 5.905874675913428, "lr": 0.38053407720964005}, "datetime": {"datetime": "2024-06-13 20:37:13", "elapsed": 2.757198, "delta": 0.003989}}
{"target": -1151.4236836128443, "params": {"gamma": 7.025527816580048, "lr": 0.4961239512498611}, "datetime": {"datetime": "2024-06-13 20:37:13", "elapsed": 2.761188, "delta": 0.00399}}
{"target": -1097.472650762494, "params": {"gamma": 6.33245944879897, "lr": 0.3533943470016294}, "datetime": {"datetime": "2024-06-13 20:37:13", "elapsed": 2.765177, "delta": 0.003989}}
{"target": -679.0242066135444, "params": {"gamma": 2.871152417608931, "lr": 0.13320711375110195}, "datetime": {"datetime": "2024-06-13 20:37:13", "elapsed": 2.769166, "delta": 0.003989}}
{"target": -1782.315767301052, "params": {"gamma": 9.370866767604843, "lr": 0.8048358460157946}, "datetime": {"datetime": "2024-06-13 20:37:13", "elapsed": 2.773156, "delta": 0.00399}}
{"target": -2220.002002404528, "params": {"gamma": 9.380347403020368, "lr": 0.1853805246478023}, "datetime": {"datetime": "2024-06-13 20:37:13", "elapsed": 2.777145, "delta": 0.003989}}
{"target": -1861.6211901099248, "params": {"gamma": 9.331624472469432, "lr": 0.9357532076921331}, "datetime": {"datetime": "2024-06-13 20:37:13", "elapsed": 2.781134, "delta": 0.003989}}
{"target": -576.3073324892163, "params": {"gamma": 2.8361615915229414, "lr": 0.27463424842386297}, "datetime": {"datetime": "2024-06-13 20:37:13", "elapsed": 2.785124, "delta": 0.00399}}
{"target": -1307.8048329731296, "params": {"gamma": 5.514764305160052, "lr": 0.18528923936855235}, "datetime": {"datetime": "2024-06-13 20:37:13", "elapsed": 2.789113, "delta": 0.003989}}
{"target": -1049.9793510014238, "params": {"gamma": 4.421569005157032, "lr": 0.1853176459376844}, "datetime": {"datetime": "2024-06-13 20:37:13", "elapsed": 2.793103, "delta": 0.00399}}
{"target": -1549.210822320762, "params": {"gamma": 9.473811803621638, "lr": 0.4938246574910856}, "datetime": {"datetime": "2024-06-13 20:37:13", "elapsed": 2.797092, "delta": 0.003989}}
{"target": -1684.9472083029734, "params": {"gamma": 9.639213756472554, "lr": 0.6449416725122118}, "datetime": {"datetime": "2024-06-13 20:37:13", "elapsed": 2.801081, "delta": 0.003989}}
{"target": -974.0246457529487, "params": {"gamma": 4.843673414550824, "lr": 0.9676952459611975}, "datetime": {"datetime": "2024-06-13 20:37:13", "elapsed": 2.805101, "delta": 0.00402}}
{"target": -277.0582695453869, "params": {"gamma": 1.4327546273059197, "lr": 0.6323298746664966}, "datetime": {"datetime": "2024-06-13 20:37:13", "elapsed": 2.808091, "delta": 0.00299}}
{"target": -1092.0095816964756, "params": {"gamma": 6.6192217900001395, "lr": 0.43383982715272595}, "datetime": {"datetime": "2024-06-13 20:37:13", "elapsed": 2.812052, "delta": 0.003961}}
{"target": -154.96837014589795, "params": {"gamma": 0.594512896164236, "lr": 0.4927226011660333}, "datetime": {"datetime": "2024-06-13 20:37:13", "elapsed": 2.816041, "delta": 0.003989}}
{"target": -891.9403064657639, "params": {"gamma": 4.651874301237257, "lr": 0.8067468107748635}, "datetime": {"datetime": "2024-06-13 20:37:13", "elapsed": 2.821028, "delta": 0.004987}}
{"target": -445.4448141821524, "params": {"gamma": 2.5673532385398095, "lr": 0.3914303629842686}, "datetime": {"datetime": "2024-06-13 20:37:13", "elapsed": 2.825017, "delta": 0.003989}}
{"target": -456.17231392731674, "params": {"gamma": 2.402481900006551, "lr": 0.6864434151723641}, "datetime": {"datetime": "2024-06-13 20:37:13", "elapsed": 2.829006, "delta": 0.003989}}
{"target": -2391.8608914213896, "params": {"gamma": 9.898844649917818, "lr": 0.1774295368682619}, "datetime": {"datetime": "2024-06-13 20:37:13", "elapsed": 2.832995, "delta": 0.003989}}
{"target": -1936.6855576891533, "params": {"gamma": 8.214645955522746, "lr": 0.2309885592816333}, "datetime": {"datetime": "2024-06-13 20:37:13", "elapsed": 2.837021, "delta": 0.004026}}
{"target": -181.06444073357102, "params": {"gamma": 0.5807001579142975, "lr": 0.13881651804567363}, "datetime": {"datetime": "2024-06-13 20:37:13", "elapsed": 2.841004, "delta": 0.003983}}
{"target": -1842.8325476652315, "params": {"gamma": 9.351596002308344, "lr": 0.8885421033562281}, "datetime": {"datetime": "2024-06-13 20:37:13", "elapsed": 2.844993, "delta": 0.003989}}
{"target": -590.8420781819943, "params": {"gamma": 2.893315694333617, "lr": 0.9477640661016069}, "datetime": {"datetime": "2024-06-13 20:37:13", "elapsed": 2.848993, "delta": 0.004}}
{"target": -1399.3745910779003, "params": {"gamma": 8.499455421778958, "lr": 0.4346547940716735}, "datetime": {"datetime": "2024-06-13 20:37:13", "elapsed": 2.852971, "delta": 0.003978}}
{"target": -826.438482844006, "params": {"gamma": 4.681027499109862, "lr": 0.6298530215834227}, "datetime": {"datetime": "2024-06-13 20:37:13", "elapsed": 2.855963, "delta": 0.002992}}
{"target": -410.1140935209571, "params": {"gamma": 1.581160317803163, "lr": 0.014782086742092915}, "datetime": {"datetime": "2024-06-13 20:37:13", "elapsed": 2.859924, "delta": 0.003961}}
{"target": -670.6137907931142, "params": {"gamma": 2.655854662706386, "lr": 0.015443631942760883}, "datetime": {"datetime": "2024-06-13 20:37:13", "elapsed": 2.863913, "delta": 0.003989}}
{"target": -1135.1165172818176, "params": {"gamma": 6.745313942778413, "lr": 0.5514688358127765}, "datetime": {"datetime": "2024-06-13 20:37:13", "elapsed": 2.867902, "delta": 0.003989}}
{"target": -625.1498135316571, "params": {"gamma": 3.2171598078821737, "lr": 0.7802023371197586}, "datetime": {"datetime": "2024-06-13 20:37:13", "elapsed": 2.871892, "delta": 0.00399}}
{"target": -356.5886872757092, "params": {"gamma": 1.4587085267165556, "lr": 0.2448806387618836}, "datetime": {"datetime": "2024-06-13 20:37:13", "elapsed": 2.875882, "delta": 0.00399}}
{"target": -697.4997981964539, "params": {"gamma": 2.923845306630798, "lr": 0.19593194649899215}, "datetime": {"datetime": "2024-06-13 20:37:13", "elapsed": 2.87987, "delta": 0.003988}}
{"target": -213.62927111487627, "params": {"gamma": 0.8802988990222627, "lr": 0.8699761802716075}, "datetime": {"datetime": "2024-06-13 20:37:13", "elapsed": 2.88386, "delta": 0.00399}}
{"target": -202.8648186377396, "params": {"gamma": 0.8827982670695292, "lr": 0.6837103358216379}, "datetime": {"datetime": "2024-06-13 20:37:13", "elapsed": 2.887849, "delta": 0.003989}}
{"target": -321.5793407709617, "params": {"gamma": 1.204888367700376, "lr": 0.010699003144174157}, "datetime": {"datetime": "2024-06-13 20:37:13", "elapsed": 2.891839, "delta": 0.00399}}
{"target": -1118.0662059364936, "params": {"gamma": 5.573125032519063, "lr": 0.9071090552203707}, "datetime": {"datetime": "2024-06-13 20:37:13", "elapsed": 2.89483, "delta": 0.002991}}
{"target": -1485.9676394718006, "params": {"gamma": 8.604706216701516, "lr": 0.33845138411825004}, "datetime": {"datetime": "2024-06-13 20:37:13", "elapsed": 2.89882, "delta": 0.00399}}
{"target": -144.86003273177548, "params": {"gamma": 0.27256113442929636, "lr": 0.8008593551300331}, "datetime": {"datetime": "2024-06-13 20:37:13", "elapsed": 2.90281, "delta": 0.00399}}
{"target": -1565.7293398226877, "params": {"gamma": 8.06004333796437, "lr": 0.8684881163027721}, "datetime": {"datetime": "2024-06-13 20:37:13", "elapsed": 2.906798, "delta": 0.003988}}
{"target": -1277.3118026168233, "params": {"gamma": 6.696796352155456, "lr": 0.8077788623150765}, "datetime": {"datetime": "2024-06-13 20:37:13", "elapsed": 2.910788, "delta": 0.00399}}
{"target": -1468.172568013599, "params": {"gamma": 8.9750853247459, "lr": 0.4538299504900123}, "datetime": {"datetime": "2024-06-13 20:37:13", "elapsed": 2.914777, "delta": 0.003989}}
{"target": -942.9499706218143, "params": {"gamma": 5.578695211845391, "lr": 0.5061311288282347}, "datetime": {"datetime": "2024-06-13 20:37:13", "elapsed": 2.918767, "delta": 0.00399}}
{"target": -1272.0737317548676, "params": {"gamma": 6.920147061337664, "lr": 0.6829068676298748}, "datetime": {"datetime": "2024-06-13 20:37:13", "elapsed": 2.922757, "delta": 0.00399}}
{"target": -995.7699416355088, "params": {"gamma": 5.203616044997302, "lr": 0.8284681480854713}, "datetime": {"datetime": "2024-06-13 20:37:13", "elapsed": 2.926745, "delta": 0.003988}}
{"target": -968.4064203656997, "params": {"gamma": 5.058288088511875, "lr": 0.8248585623852319}, "datetime": {"datetime": "2024-06-13 20:37:13", "elapsed": 2.930735, "delta": 0.00399}}
{"target": -687.0456139669185, "params": {"gamma": 2.8191690363442863, "lr": 0.17849483297748825}, "datetime": {"datetime": "2024-06-13 20:37:13", "elapsed": 2.934724, "delta": 0.003989}}
{"target": -1795.0315890256747, "params": {"gamma": 9.698735832876796, "lr": 0.7419395254560768}, "datetime": {"datetime": "2024-06-13 20:37:13", "elapsed": 2.938713, "delta": 0.003989}}
{"target": -460.03290979884787, "params": {"gamma": 2.598657141350841, "lr": 0.5812353422911717}, "datetime": {"datetime": "2024-06-13 20:37:13", "elapsed": 2.942702, "delta": 0.003989}}
{"target": -2371.987525142606, "params": {"gamma": 9.55266727312833, "lr": 0.0807539078120788}, "datetime": {"datetime": "2024-06-13 20:37:13", "elapsed": 2.946692, "delta": 0.00399}}
{"target": -190.51452891757464, "params": {"gamma": 0.8362585364103492, "lr": 0.6191348314199072}, "datetime": {"datetime": "2024-06-13 20:37:13", "elapsed": 2.950681, "delta": 0.003989}}
{"target": -444.46275308848584, "params": {"gamma": 2.245710294880741, "lr": 0.7651839567335081}, "datetime": {"datetime": "2024-06-13 20:37:13", "elapsed": 2.95467, "delta": 0.003989}}
{"target": -998.890540539511, "params": {"gamma": 5.681957276948102, "lr": 0.6661880902234952}, "datetime": {"datetime": "2024-06-13 20:37:13", "elapsed": 2.95866, "delta": 0.00399}}
{"target": -292.3257980271901, "params": {"gamma": 1.0790311940451294, "lr": 0.08428305143655679}, "datetime": {"datetime": "2024-06-13 20:37:13", "elapsed": 2.962649, "delta": 0.003989}}
{"target": -1032.0094330118714, "params": {"gamma": 6.251585561986592, "lr": 0.4097312611340205}, "datetime": {"datetime": "2024-06-13 20:37:13", "elapsed": 2.966638, "delta": 0.003989}}
{"target": -189.35838688839075, "params": {"gamma": 0.8734379861959459, "lr": 0.3710639450161891}, "datetime": {"datetime": "2024-06-13 20:37:13", "elapsed": 2.96963, "delta": 0.002992}}
{"target": -1592.6008115235195, "params": {"gamma": 6.72177195215883, "lr": 0.1895874001915857}, "datetime": {"datetime": "2024-06-13 20:37:13", "elapsed": 2.97362, "delta": 0.00399}}
{"target": -1787.5443202769623, "params": {"gamma": 8.957395356178512, "lr": 0.9498463888800873}, "datetime": {"datetime": "2024-06-13 20:37:13", "elapsed": 2.977609, "delta": 0.003989}}
{"target": -1779.8090286111856, "params": {"gamma": 9.615763851802903, "lr": 0.7300825577402602}, "datetime": {"datetime": "2024-06-13 20:37:13", "elapsed": 2.981599, "delta": 0.00399}}
{"target": -762.4304685104761, "params": {"gamma": 4.063477988455463, "lr": 0.7437491963512196}, "datetime": {"datetime": "2024-06-13 20:37:13", "elapsed": 2.985588, "delta": 0.003989}}
{"target": -532.3585406981241, "params": {"gamma": 2.8805808058682407, "lr": 0.3144172223907462}, "datetime": {"datetime": "2024-06-13 20:37:13", "elapsed": 2.989577, "delta": 0.003989}}
{"target": -1043.729981506558, "params": {"gamma": 6.059357715817362, "lr": 0.5948471334079176}, "datetime": {"datetime": "2024-06-13 20:37:13", "elapsed": 2.993566, "delta": 0.003989}}
{"target": -1749.9393083944988, "params": {"gamma": 8.786731102181795, "lr": 0.25460075566057694}, "datetime": {"datetime": "2024-06-13 20:37:13", "elapsed": 2.997556, "delta": 0.00399}}
{"target": -1531.1922995966354, "params": {"gamma": 7.662117463663015, "lr": 0.9410132668189013}, "datetime": {"datetime": "2024-06-13 20:37:13", "elapsed": 3.001545, "delta": 0.003989}}
{"target": -150.06118559516756, "params": {"gamma": 0.011328293644688577, "lr": 0.47608911800210485}, "datetime": {"datetime": "2024-06-13 20:37:13", "elapsed": 3.005534, "delta": 0.003989}}
{"target": -1269.3261132402329, "params": {"gamma": 6.570746249918269, "lr": 0.8433232139195225}, "datetime": {"datetime": "2024-06-13 20:37:13", "elapsed": 3.009524, "delta": 0.00399}}
{"target": -375.29068471054353, "params": {"gamma": 1.8382103793481412, "lr": 0.8561592379873718}, "datetime": {"datetime": "2024-06-13 20:37:13", "elapsed": 3.013513, "delta": 0.003989}}
{"target": -737.8315018383483, "params": {"gamma": 3.6442904330904224, "lr": 0.8922739292761724}, "datetime": {"datetime": "2024-06-13 20:37:13", "elapsed": 3.017503, "delta": 0.00399}}
{"target": -146.13967977609425, "params": {"gamma": 0.2780896894835276, "lr": 0.08539013912317062}, "datetime": {"datetime": "2024-06-13 20:37:13", "elapsed": 3.021492, "delta": 0.003989}}
{"target": -1715.981303860219, "params": {"gamma": 9.81412324707537, "lr": 0.6095019257734966}, "datetime": {"datetime": "2024-06-13 20:37:13", "elapsed": 3.025482, "delta": 0.00399}}
{"target": -1013.1956228032249, "params": {"gamma": 4.176905835795019, "lr": 0.16921418469369054}, "datetime": {"datetime": "2024-06-13 20:37:13", "elapsed": 3.02947, "delta": 0.003988}}
{"target": -1617.8626414378562, "params": {"gamma": 6.499361629743811, "lr": 0.03697506835935782}, "datetime": {"datetime": "2024-06-13 20:37:13", "elapsed": 3.03346, "delta": 0.00399}}
{"target": -574.2100265478482, "params": {"gamma": 3.116827520693586, "lr": 0.32347919698907535}, "datetime": {"datetime": "2024-06-13 20:37:13", "elapsed": 3.037449, "delta": 0.003989}}
{"target": -1066.9259223283486, "params": {"gamma": 6.074811493252022, "lr": 0.6508312566756971}, "datetime": {"datetime": "2024-06-13 20:37:13", "elapsed": 3.041438, "delta": 0.003989}}
{"target": -1689.232947913109, "params": {"gamma": 8.460699937765456, "lr": 0.9275809425975434}, "datetime": {"datetime": "2024-06-13 20:37:13", "elapsed": 3.045428, "delta": 0.00399}}
{"target": -1136.3477913050021, "params": {"gamma": 6.604916818383386, "lr": 0.5781739184085382}, "datetime": {"datetime": "2024-06-13 20:37:13", "elapsed": 3.049417, "delta": 0.003989}}
{"target": -805.3469166134196, "params": {"gamma": 3.987756720746455, "lr": 0.966612492642142}, "datetime": {"datetime": "2024-06-13 20:37:13", "elapsed": 3.053406, "delta": 0.003989}}
{"target": -332.4432154449201, "params": {"gamma": 1.541637639151742, "lr": 0.8950868086486484}, "datetime": {"datetime": "2024-06-13 20:37:13", "elapsed": 3.057396, "delta": 0.00399}}
{"target": -534.0182144758593, "params": {"gamma": 3.1108196657805305, "lr": 0.548489089666104}, "datetime": {"datetime": "2024-06-13 20:37:13", "elapsed": 3.061385, "delta": 0.003989}}
{"target": -1609.1907441817507, "params": {"gamma": 6.8209805180697165, "lr": 0.23646965132615538}, "datetime": {"datetime": "2024-06-13 20:37:13", "elapsed": 3.065375, "delta": 0.00399}}
{"target": -304.57116438495177, "params": {"gamma": 1.678199113817666, "lr": 0.508482013429616}, "datetime": {"datetime": "2024-06-13 20:37:13", "elapsed": 3.069364, "delta": 0.003989}}
{"target": -1453.2814676800913, "params": {"gamma": 7.918846891971133, "lr": 0.6924144621670756}, "datetime": {"datetime": "2024-06-13 20:37:13", "elapsed": 3.073354, "delta": 0.00399}}
{"target": -269.2461649896197, "params": {"gamma": 1.1906143983929753, "lr": 0.900742215071733}, "datetime": {"datetime": "2024-06-13 20:37:13", "elapsed": 3.077342, "delta": 0.003988}}
