{"target": -142.98789009249538, "params": {"gamma": 1.5159891044593792, "lr": 0.9712833117325801}, "datetime": {"datetime": "2024-06-13 19:33:54", "elapsed": 5.381229, "delta": 0.00399}}
{"target": -147.9964658061906, "params": {"gamma": 1.6505577067216257, "lr": 0.7272354411432771}, "datetime": {"datetime": "2024-06-13 19:33:54", "elapsed": 5.385218, "delta": 0.003989}}
{"target": -742.8051142568313, "params": {"gamma": 8.907351190743636, "lr": 0.8587151157269453}, "datetime": {"datetime": "2024-06-13 19:33:54", "elapsed": 5.389208, "delta": 0.00399}}
{"target": -310.1534013078682, "params": {"gamma": 1.8433864145173096, "lr": 0.23680853369423926}, "datetime": {"datetime": "2024-06-13 19:33:54", "elapsed": 5.394194, "delta": 0.004986}}
{"target": -107.72755322684873, "params": {"gamma": 0.1846080023892216, "lr": 0.9314054672648543}, "datetime": {"datetime": "2024-06-13 19:33:54", "elapsed": 5.398183, "delta": 0.003989}}
{"target": -697.2506629983968, "params": {"gamma": 8.871324645396406, "lr": 0.5954661689695429}, "datetime": {"datetime": "2024-06-13 19:33:54", "elapsed": 5.402173, "delta": 0.00399}}
{"target": -177.53160971327242, "params": {"gamma": 1.0945671874130298, "lr": 0.17354264684250154}, "datetime": {"datetime": "2024-06-13 19:33:54", "elapsed": 5.406162, "delta": 0.003989}}
{"target": -578.3638737362513, "params": {"gamma": 5.770026748955153, "lr": 0.25165697350014493}, "datetime": {"datetime": "2024-06-13 19:33:54", "elapsed": 5.411149, "delta": 0.004987}}
{"target": -408.5741396111219, "params": {"gamma": 3.0024181605272484, "lr": 0.17098734894301837}, "datetime": {"datetime": "2024-06-13 19:33:54", "elapsed": 5.415138, "delta": 0.003989}}
{"target": -161.04906423661825, "params": {"gamma": 1.8967275990085757, "lr": 0.4634211543904514}, "datetime": {"datetime": "2024-06-13 19:33:54", "elapsed": 5.419128, "delta": 0.00399}}
{"target": -397.84259342316193, "params": {"gamma": 5.099229852311732, "lr": 0.5115798896647326}, "datetime": {"datetime": "2024-06-13 19:33:54", "elapsed": 5.424115, "delta": 0.004987}}
{"target": -1624.8040578557354, "params": {"gamma": 9.971390854869842, "lr": 0.1295958172701398}, "datetime": {"datetime": "2024-06-13 19:33:54", "elapsed": 5.428103, "delta": 0.003988}}
{"target": -624.3271450207783, "params": {"gamma": 7.561942713988967, "lr": 0.7937567472248925}, "datetime": {"datetime": "2024-06-13 19:33:54", "elapsed": 5.433091, "delta": 0.004988}}
{"target": -442.9832825344073, "params": {"gamma": 5.849241105106437, "lr": 0.4627381802693252}, "datetime": {"datetime": "2024-06-13 19:33:55", "elapsed": 5.43708, "delta": 0.003989}}
{"target": -723.4158173853932, "params": {"gamma": 8.934372946865443, "lr": 0.8281802190731247}, "datetime": {"datetime": "2024-06-13 19:33:55", "elapsed": 5.442066, "delta": 0.004986}}
{"target": -88.04301790623647, "params": {"gamma": 0.5038590693510084, "lr": 0.962983753087854}, "datetime": {"datetime": "2024-06-13 19:33:55", "elapsed": 5.446056, "delta": 0.00399}}
{"target": -132.71785782836153, "params": {"gamma": 0.07439157764468438, "lr": 0.5731322046839419}, "datetime": {"datetime": "2024-06-13 19:33:55", "elapsed": 5.45204, "delta": 0.005984}}
{"target": -463.92772832072967, "params": {"gamma": 5.7247357384538, "lr": 0.8343796647905168}, "datetime": {"datetime": "2024-06-13 19:33:55", "elapsed": 5.457027, "delta": 0.004987}}
{"target": -757.3379856041454, "params": {"gamma": 3.8477759631858306, "lr": 0.09104086904598219}, "datetime": {"datetime": "2024-06-13 19:33:55", "elapsed": 5.462016, "delta": 0.004989}}
{"target": -1138.4221171711436, "params": {"gamma": 5.81729100641988, "lr": 0.024845860363731265}, "datetime": {"datetime": "2024-06-13 19:33:55", "elapsed": 5.466006, "delta": 0.00399}}
{"target": -312.5269823850441, "params": {"gamma": 3.618595813310707, "lr": 0.9853168020853229}, "datetime": {"datetime": "2024-06-13 19:33:55", "elapsed": 5.469995, "delta": 0.003989}}
{"target": -1230.3682740719676, "params": {"gamma": 8.687919916680645, "lr": 0.15249674176120542}, "datetime": {"datetime": "2024-06-13 19:33:55", "elapsed": 5.474981, "delta": 0.004986}}
{"target": -646.606638208278, "params": {"gamma": 7.988462064471767, "lr": 0.8109969194215267}, "datetime": {"datetime": "2024-06-13 19:33:55", "elapsed": 5.478971, "delta": 0.00399}}
{"target": -1491.386574018189, "params": {"gamma": 9.282143984052633, "lr": 0.22438426604398454}, "datetime": {"datetime": "2024-06-13 19:33:55", "elapsed": 5.48296, "delta": 0.003989}}
{"target": -406.3994546100271, "params": {"gamma": 4.990175777525101, "lr": 0.8274440914110759}, "datetime": {"datetime": "2024-06-13 19:33:55", "elapsed": 5.48695, "delta": 0.00399}}
{"target": -527.0130910020267, "params": {"gamma": 6.673670516196978, "lr": 0.5939361433837695}, "datetime": {"datetime": "2024-06-13 19:33:55", "elapsed": 5.491936, "delta": 0.004986}}
{"target": -1049.5378257492696, "params": {"gamma": 6.520106231886649, "lr": 0.23851601279901302}, "datetime": {"datetime": "2024-06-13 19:33:55", "elapsed": 5.495925, "delta": 0.003989}}
{"target": -101.11013211255504, "params": {"gamma": 0.2563753086730316, "lr": 0.736257257446534}, "datetime": {"datetime": "2024-06-13 19:33:55", "elapsed": 5.499915, "delta": 0.00399}}
{"target": -276.18215274790754, "params": {"gamma": 3.268591461483445, "lr": 0.3767568869201464}, "datetime": {"datetime": "2024-06-13 19:33:55", "elapsed": 5.504902, "delta": 0.004987}}
{"target": -509.5027781887637, "params": {"gamma": 6.126547925441392, "lr": 0.657165042363517}, "datetime": {"datetime": "2024-06-13 19:33:55", "elapsed": 5.508891, "delta": 0.003989}}
{"target": -174.30149986949485, "params": {"gamma": 2.0297861073278014, "lr": 0.8260315378454188}, "datetime": {"datetime": "2024-06-13 19:33:55", "elapsed": 5.51288, "delta": 0.003989}}
{"target": -320.0888022095616, "params": {"gamma": 3.802685845849549, "lr": 0.6317444085013915}, "datetime": {"datetime": "2024-06-13 19:33:55", "elapsed": 5.516869, "delta": 0.003989}}
{"target": -744.2140952158479, "params": {"gamma": 9.664147745107453, "lr": 0.5647862352666362}, "datetime": {"datetime": "2024-06-13 19:33:55", "elapsed": 5.521856, "delta": 0.004987}}
{"target": -305.16747027336964, "params": {"gamma": 3.58975250674678, "lr": 0.6189701087401422}, "datetime": {"datetime": "2024-06-13 19:33:55", "elapsed": 5.525846, "delta": 0.00399}}
{"target": -381.85897290001407, "params": {"gamma": 5.018429387513632, "lr": 0.45237624777785157}, "datetime": {"datetime": "2024-06-13 19:33:55", "elapsed": 5.529835, "delta": 0.003989}}
{"target": -625.9984032784498, "params": {"gamma": 7.32297507682793, "lr": 0.9245101499841026}, "datetime": {"datetime": "2024-06-13 19:33:55", "elapsed": 5.534821, "delta": 0.004986}}
{"target": -940.0464021365531, "params": {"gamma": 4.793234881420612, "lr": 0.08823015100009579}, "datetime": {"datetime": "2024-06-13 19:33:55", "elapsed": 5.538854, "delta": 0.004033}}
{"target": -917.9407500451085, "params": {"gamma": 5.696965913284056, "lr": 0.2449508551148344}, "datetime": {"datetime": "2024-06-13 19:33:55", "elapsed": 5.543349, "delta": 0.004495}}
{"target": -91.11288643060291, "params": {"gamma": 0.3967395368422162, "lr": 0.7881402066436831}, "datetime": {"datetime": "2024-06-13 19:33:55", "elapsed": 5.574269, "delta": 0.03092}}
{"target": -231.2781696423177, "params": {"gamma": 2.728409598411216, "lr": 0.7770704929423838}, "datetime": {"datetime": "2024-06-13 19:33:55", "elapsed": 5.579255, "delta": 0.004986}}
{"target": -447.98008310545293, "params": {"gamma": 4.882601221938961, "lr": 0.31793589107511533}, "datetime": {"datetime": "2024-06-13 19:33:55", "elapsed": 5.583245, "delta": 0.00399}}
{"target": -621.3928170017575, "params": {"gamma": 3.1409404750589167, "lr": 0.04202476008611444}, "datetime": {"datetime": "2024-06-13 19:33:55", "elapsed": 5.588232, "delta": 0.004987}}
{"target": -434.79459765273975, "params": {"gamma": 5.344463969208603, "lr": 0.8235515559967603}, "datetime": {"datetime": "2024-06-13 19:33:55", "elapsed": 5.592221, "delta": 0.003989}}
{"target": -198.78029760872636, "params": {"gamma": 0.8398696296412803, "lr": 0.10855870560871761}, "datetime": {"datetime": "2024-06-13 19:33:55", "elapsed": 5.59621, "delta": 0.003989}}
{"target": -441.3344145089857, "params": {"gamma": 5.293030012750302, "lr": 0.6601418096235968}, "datetime": {"datetime": "2024-06-13 19:33:55", "elapsed": 5.600199, "delta": 0.003989}}
{"target": -626.0813193628965, "params": {"gamma": 6.947765177374281, "lr": 0.313221695146886}, "datetime": {"datetime": "2024-06-13 19:33:55", "elapsed": 5.605186, "delta": 0.004987}}
{"target": -107.17416021536378, "params": {"gamma": 0.37873998028565886, "lr": 0.4145628796923949}, "datetime": {"datetime": "2024-06-13 19:33:55", "elapsed": 5.609175, "delta": 0.003989}}
{"target": -453.95694557298964, "params": {"gamma": 2.2612156645820662, "lr": 0.0011148302524066622}, "datetime": {"datetime": "2024-06-13 19:33:55", "elapsed": 5.613165, "delta": 0.00399}}
{"target": -586.4616257480757, "params": {"gamma": 6.857480005685141, "lr": 0.9520625390545332}, "datetime": {"datetime": "2024-06-13 19:33:55", "elapsed": 5.618181, "delta": 0.005016}}
{"target": -364.88555697743027, "params": {"gamma": 3.9121264535897473, "lr": 0.3002984293714631}, "datetime": {"datetime": "2024-06-13 19:33:55", "elapsed": 5.622141, "delta": 0.00396}}
{"target": -448.93873319612703, "params": {"gamma": 5.537964374290343, "lr": 0.8519762580648814}, "datetime": {"datetime": "2024-06-13 19:33:55", "elapsed": 5.627127, "delta": 0.004986}}
{"target": -645.5631968808891, "params": {"gamma": 7.9498792795045405, "lr": 0.6847567049785765}, "datetime": {"datetime": "2024-06-13 19:33:55", "elapsed": 5.631117, "delta": 0.00399}}
{"target": -354.2402873152634, "params": {"gamma": 4.321638805905765, "lr": 0.6904340198543137}, "datetime": {"datetime": "2024-06-13 19:33:55", "elapsed": 5.635106, "delta": 0.003989}}
{"target": -238.35966042344356, "params": {"gamma": 2.161037487164819, "lr": 0.28394343784624676}, "datetime": {"datetime": "2024-06-13 19:33:55", "elapsed": 5.640093, "delta": 0.004987}}
{"target": -664.6910708028968, "params": {"gamma": 7.778428288392944, "lr": 0.9299801363463566}, "datetime": {"datetime": "2024-06-13 19:33:55", "elapsed": 5.644082, "delta": 0.003989}}
{"target": -198.88635486128203, "params": {"gamma": 1.9013049866632814, "lr": 0.29606328941823257}, "datetime": {"datetime": "2024-06-13 19:33:55", "elapsed": 5.648071, "delta": 0.003989}}
{"target": -137.4650419272668, "params": {"gamma": 0.06309646163797043, "lr": 0.43156224528040166}, "datetime": {"datetime": "2024-06-13 19:33:55", "elapsed": 5.653058, "delta": 0.004987}}
{"target": -185.9188761242404, "params": {"gamma": 2.103740422454257, "lr": 0.6414247825536215}, "datetime": {"datetime": "2024-06-13 19:33:55", "elapsed": 5.657047, "delta": 0.003989}}
{"target": -1341.5819963132797, "params": {"gamma": 7.096182567565407, "lr": 0.11877771439848506}, "datetime": {"datetime": "2024-06-13 19:33:55", "elapsed": 5.662034, "delta": 0.004987}}
{"target": -96.36384730910736, "params": {"gamma": 0.8223578763172843, "lr": 0.9063350695803358}, "datetime": {"datetime": "2024-06-13 19:33:55", "elapsed": 5.666023, "delta": 0.003989}}
{"target": -307.10501390198647, "params": {"gamma": 3.8929983086548985, "lr": 0.5334034972660143}, "datetime": {"datetime": "2024-06-13 19:33:55", "elapsed": 5.670012, "delta": 0.003989}}
{"target": -794.0468632771365, "params": {"gamma": 9.632452407571792, "lr": 0.7590540122163353}, "datetime": {"datetime": "2024-06-13 19:33:55", "elapsed": 5.674999, "delta": 0.004987}}
{"target": -643.477222257297, "params": {"gamma": 3.256077435692296, "lr": 0.08584930112029354}, "datetime": {"datetime": "2024-06-13 19:33:55", "elapsed": 5.678989, "delta": 0.00399}}
{"target": -436.11472294918315, "params": {"gamma": 5.360704142867423, "lr": 0.33612544293733115}, "datetime": {"datetime": "2024-06-13 19:33:55", "elapsed": 5.683975, "delta": 0.004986}}
{"target": -104.96046730311554, "params": {"gamma": 0.21783235985649294, "lr": 0.7711523332537787}, "datetime": {"datetime": "2024-06-13 19:33:55", "elapsed": 5.687965, "delta": 0.00399}}
{"target": -303.87046272260244, "params": {"gamma": 3.849706389409975, "lr": 0.5713211500587355}, "datetime": {"datetime": "2024-06-13 19:33:55", "elapsed": 5.692951, "delta": 0.004986}}
{"target": -645.9360799946921, "params": {"gamma": 7.557672815106508, "lr": 0.9408474199010457}, "datetime": {"datetime": "2024-06-13 19:33:55", "elapsed": 5.69694, "delta": 0.003989}}
{"target": -554.9076934533907, "params": {"gamma": 6.123611064507542, "lr": 0.31539617878014314}, "datetime": {"datetime": "2024-06-13 19:33:55", "elapsed": 5.70093, "delta": 0.00399}}
{"target": -242.07119078392026, "params": {"gamma": 1.1016550019623323, "lr": 0.07391888791127221}, "datetime": {"datetime": "2024-06-13 19:33:55", "elapsed": 5.705917, "delta": 0.004987}}
{"target": -271.44582782824455, "params": {"gamma": 3.197588047953422, "lr": 0.660839138956005}, "datetime": {"datetime": "2024-06-13 19:33:55", "elapsed": 5.709906, "delta": 0.003989}}
{"target": -1140.132603331216, "params": {"gamma": 6.9518254952121765, "lr": 0.20771804006298766}, "datetime": {"datetime": "2024-06-13 19:33:55", "elapsed": 5.713895, "delta": 0.003989}}
{"target": -126.43691489738886, "params": {"gamma": 0.8288765899448861, "lr": 0.3055106612860311}, "datetime": {"datetime": "2024-06-13 19:33:55", "elapsed": 5.717885, "delta": 0.00399}}
{"target": -453.5670299516978, "params": {"gamma": 5.476198023985873, "lr": 0.7546696744748647}, "datetime": {"datetime": "2024-06-13 19:33:55", "elapsed": 5.722871, "delta": 0.004986}}
{"target": -483.6377913949428, "params": {"gamma": 5.297043548379857, "lr": 0.28698375274707455}, "datetime": {"datetime": "2024-06-13 19:33:55", "elapsed": 5.726861, "delta": 0.00399}}
{"target": -623.6217294617968, "params": {"gamma": 6.242173052915846, "lr": 0.2648366551761958}, "datetime": {"datetime": "2024-06-13 19:33:55", "elapsed": 5.73085, "delta": 0.003989}}
{"target": -528.3968892011263, "params": {"gamma": 6.527276450430897, "lr": 0.8418980078267378}, "datetime": {"datetime": "2024-06-13 19:33:55", "elapsed": 5.735837, "delta": 0.004987}}
{"target": -495.573506189421, "params": {"gamma": 6.389839255863949, "lr": 0.5656314689767339}, "datetime": {"datetime": "2024-06-13 19:33:55", "elapsed": 5.739826, "delta": 0.003989}}
{"target": -260.8744363741933, "params": {"gamma": 3.072113950599342, "lr": 0.8767770399379612}, "datetime": {"datetime": "2024-06-13 19:33:55", "elapsed": 5.743815, "delta": 0.003989}}
{"target": -815.0171268922983, "params": {"gamma": 9.888230025288278, "lr": 0.777479431209941}, "datetime": {"datetime": "2024-06-13 19:33:55", "elapsed": 5.748802, "delta": 0.004987}}
{"target": -943.1821949243708, "params": {"gamma": 5.736864931846622, "lr": 0.14127933264100168}, "datetime": {"datetime": "2024-06-13 19:33:55", "elapsed": 5.752791, "delta": 0.003989}}
{"target": -267.27883138458776, "params": {"gamma": 3.1499752949036433, "lr": 0.3668593185911837}, "datetime": {"datetime": "2024-06-13 19:33:55", "elapsed": 5.757778, "delta": 0.004987}}
{"target": -230.10416361708394, "params": {"gamma": 2.9196603150536307, "lr": 0.4459528147489278}, "datetime": {"datetime": "2024-06-13 19:33:55", "elapsed": 5.761767, "delta": 0.003989}}
{"target": -1002.4506486985196, "params": {"gamma": 6.106714536159591, "lr": 0.2129145905151636}, "datetime": {"datetime": "2024-06-13 19:33:55", "elapsed": 5.765757, "delta": 0.00399}}
{"target": -485.6110087636863, "params": {"gamma": 2.4983477831127514, "lr": 0.11215048322109678}, "datetime": {"datetime": "2024-06-13 19:33:55", "elapsed": 5.770744, "delta": 0.004987}}
{"target": -241.16141665029215, "params": {"gamma": 3.07657830315885, "lr": 0.49744827858464324}, "datetime": {"datetime": "2024-06-13 19:33:55", "elapsed": 5.774733, "delta": 0.003989}}
{"target": -420.33922565539933, "params": {"gamma": 4.898588039316173, "lr": 0.9955772118463961}, "datetime": {"datetime": "2024-06-13 19:33:55", "elapsed": 5.778722, "delta": 0.003989}}
{"target": -726.5255079158588, "params": {"gamma": 9.811104522073206, "lr": 0.4365627716811432}, "datetime": {"datetime": "2024-06-13 19:33:55", "elapsed": 5.783709, "delta": 0.004987}}
{"target": -1591.3330090552727, "params": {"gamma": 9.720234197281384, "lr": 0.21439790417581406}, "datetime": {"datetime": "2024-06-13 19:33:55", "elapsed": 5.788696, "delta": 0.004987}}
{"target": -410.7605711361828, "params": {"gamma": 5.411667740203425, "lr": 0.4534353144697316}, "datetime": {"datetime": "2024-06-13 19:33:55", "elapsed": 5.792685, "delta": 0.003989}}
{"target": -781.7268576429996, "params": {"gamma": 9.67612136622795, "lr": 0.8361762231353584}, "datetime": {"datetime": "2024-06-13 19:33:55", "elapsed": 5.796674, "delta": 0.003989}}
{"target": -181.0940771410534, "params": {"gamma": 2.142255100882632, "lr": 0.43953910215539116}, "datetime": {"datetime": "2024-06-13 19:33:55", "elapsed": 5.801661, "delta": 0.004987}}
{"target": -149.01404313616098, "params": {"gamma": 1.685601239492825, "lr": 0.5290872104552504}, "datetime": {"datetime": "2024-06-13 19:33:55", "elapsed": 5.80565, "delta": 0.003989}}
{"target": -1549.1240844146575, "params": {"gamma": 7.935053256996167, "lr": 0.03587914896601674}, "datetime": {"datetime": "2024-06-13 19:33:55", "elapsed": 5.809639, "delta": 0.003989}}
{"target": -173.35360939041092, "params": {"gamma": 1.9143974164796644, "lr": 0.9774555643930162}, "datetime": {"datetime": "2024-06-13 19:33:55", "elapsed": 5.813629, "delta": 0.00399}}
{"target": -739.9488751267446, "params": {"gamma": 9.608012262900427, "lr": 0.5565916591021018}, "datetime": {"datetime": "2024-06-13 19:33:55", "elapsed": 5.818615, "delta": 0.004986}}
{"target": -644.6319525313447, "params": {"gamma": 6.461261124237896, "lr": 0.27209301429327437}, "datetime": {"datetime": "2024-06-13 19:33:55", "elapsed": 5.822605, "delta": 0.00399}}
{"target": -772.0026340030595, "params": {"gamma": 9.520958766042686, "lr": 0.66977480632724}, "datetime": {"datetime": "2024-06-13 19:33:55", "elapsed": 5.826594, "delta": 0.003989}}
{"target": -1303.4460875890934, "params": {"gamma": 6.6684131433924785, "lr": 0.011103333369922863}, "datetime": {"datetime": "2024-06-13 19:33:55", "elapsed": 5.831581, "delta": 0.004987}}
{"target": -703.6561814332653, "params": {"gamma": 8.529845528647078, "lr": 0.7783262186802019}, "datetime": {"datetime": "2024-06-13 19:33:55", "elapsed": 5.83557, "delta": 0.003989}}
{"target": -571.432062827538, "params": {"gamma": 6.849555045051163, "lr": 0.740781813019585}, "datetime": {"datetime": "2024-06-13 19:33:55", "elapsed": 5.839559, "delta": 0.003989}}
{"target": -142.12207592522907, "params": {"gamma": 1.5665676735591734, "lr": 0.71877505284865}, "datetime": {"datetime": "2024-06-13 19:33:55", "elapsed": 5.844135, "delta": 0.004576}}
{"target": -104.72002878927941, "params": {"gamma": 0.9690872885214075, "lr": 0.7069494480386341}, "datetime": {"datetime": "2024-06-13 19:33:55", "elapsed": 5.849122, "delta": 0.004987}}
{"target": -141.4851239532105, "params": {"gamma": 0.027315329458906884, "lr": 0.7762057874603809}, "datetime": {"datetime": "2024-06-13 19:33:55", "elapsed": 5.853111, "delta": 0.003989}}
{"target": -808.66237509708, "params": {"gamma": 4.916080290630613, "lr": 0.20438686629786484}, "datetime": {"datetime": "2024-06-13 19:33:55", "elapsed": 5.858098, "delta": 0.004987}}
{"target": -655.891075961375, "params": {"gamma": 7.292736897839507, "lr": 0.3156541317831608}, "datetime": {"datetime": "2024-06-13 19:33:55", "elapsed": 5.86209, "delta": 0.003992}}
{"target": -1172.6537369596479, "params": {"gamma": 8.83829208238512, "lr": 0.18023352523222202}, "datetime": {"datetime": "2024-06-13 19:33:55", "elapsed": 5.866079, "delta": 0.003989}}
{"target": -801.2609468498933, "params": {"gamma": 9.385567992205967, "lr": 0.9707501480531616}, "datetime": {"datetime": "2024-06-13 19:33:55", "elapsed": 5.871066, "delta": 0.004987}}
{"target": -258.77305549889155, "params": {"gamma": 3.0455479552792557, "lr": 0.8624863997043009}, "datetime": {"datetime": "2024-06-13 19:33:55", "elapsed": 5.876053, "delta": 0.004987}}
{"target": -634.9580739213008, "params": {"gamma": 8.421949009551232, "lr": 0.4246127100946028}, "datetime": {"datetime": "2024-06-13 19:33:55", "elapsed": 5.880042, "delta": 0.003989}}
{"target": -374.98432045011265, "params": {"gamma": 3.637480394119995, "lr": 0.282437473235045}, "datetime": {"datetime": "2024-06-13 19:33:55", "elapsed": 5.885029, "delta": 0.004987}}
{"target": -977.7709317452446, "params": {"gamma": 9.93237460787099, "lr": 0.25575102695189966}, "datetime": {"datetime": "2024-06-13 19:33:55", "elapsed": 5.88958, "delta": 0.004551}}
{"target": -692.23487093468, "params": {"gamma": 9.206835301993463, "lr": 0.4283352137597225}, "datetime": {"datetime": "2024-06-13 19:33:55", "elapsed": 5.894075, "delta": 0.004495}}
{"target": -755.8282168075978, "params": {"gamma": 9.354334696401745, "lr": 0.8388448341981828}, "datetime": {"datetime": "2024-06-13 19:33:55", "elapsed": 5.898064, "delta": 0.003989}}
{"target": -142.3994912870861, "params": {"gamma": 1.5586174788295128, "lr": 0.5742833543508832}, "datetime": {"datetime": "2024-06-13 19:33:55", "elapsed": 5.902053, "delta": 0.003989}}
{"target": -511.9400621351315, "params": {"gamma": 6.7353566438421755, "lr": 0.4058204059990451}, "datetime": {"datetime": "2024-06-13 19:33:55", "elapsed": 5.906042, "delta": 0.003989}}
{"target": -141.23222879491493, "params": {"gamma": 0.04976556777778367, "lr": 0.3253313297689604}, "datetime": {"datetime": "2024-06-13 19:33:55", "elapsed": 5.91103, "delta": 0.004988}}
{"target": -1637.3010032554855, "params": {"gamma": 8.389610534784513, "lr": 0.06282398021726943}, "datetime": {"datetime": "2024-06-13 19:33:55", "elapsed": 5.915018, "delta": 0.003988}}
