{"target": -125.15680265333498, "params": {"p_ai": 9.124683586378131, "p_al": 2.199352444759846, "p_ex": 9.88264881287327, "prior": 4.016014561459776, "rate": 0.9232440433930157}, "datetime": {"datetime": "2024-06-13 01:27:19", "elapsed": 131.23225, "delta": 0.116666}}
{"target": -121.692834673087, "params": {"p_ai": 1.368611993565815, "p_al": 4.771246207156717, "p_ex": 0.610416790815096, "prior": 2.519602463648642, "rate": 7.950227595281238}, "datetime": {"datetime": "2024-06-13 01:27:19", "elapsed": 131.35009, "delta": 0.11784}}
{"target": -162.4464927652833, "params": {"p_ai": 7.853533926637729, "p_al": 8.108387517165163, "p_ex": 0.4635818527703097, "prior": 7.664723550746957, "rate": 8.068658621836198}, "datetime": {"datetime": "2024-06-13 01:27:19", "elapsed": 131.464688, "delta": 0.114598}}
{"target": -116.06960513329483, "params": {"p_ai": 0.1614807233633352, "p_al": 3.9138880156429727, "p_ex": 8.655905140222567, "prior": 9.58478787486283, "rate": 9.195999821230458}, "datetime": {"datetime": "2024-06-13 01:27:19", "elapsed": 131.579381, "delta": 0.114693}}
{"target": -97.39422605289955, "params": {"p_ai": 5.470332354994583, "p_al": 3.0999028075571977, "p_ex": 5.8930606960830385, "prior": 5.960308888277244, "rate": 6.645853962048891}, "datetime": {"datetime": "2024-06-13 01:27:20", "elapsed": 131.695012, "delta": 0.115631}}
{"target": -208.15078984129306, "params": {"p_ai": 5.908559431560412, "p_al": 8.680686431625688, "p_ex": 3.740404346465307, "prior": 2.440921336719614, "rate": 0.20584523782095557}, "datetime": {"datetime": "2024-06-13 01:27:20", "elapsed": 131.809706, "delta": 0.114694}}
{"target": -100.15334562064487, "params": {"p_ai": 2.3276534032092466, "p_al": 1.6168548897981316, "p_ex": 2.382365800220145, "prior": 8.809750700685962, "rate": 7.316262724399225}, "datetime": {"datetime": "2024-06-13 01:27:20", "elapsed": 131.925396, "delta": 0.11569}}
{"target": -98.42283611975985, "params": {"p_ai": 2.4346474261497026, "p_al": 7.93074966579814, "p_ex": 5.441664410992642, "prior": 4.065455958505244, "rate": 2.0588168270783345}, "datetime": {"datetime": "2024-06-13 01:27:20", "elapsed": 132.03963, "delta": 0.114234}}
{"target": -103.21640629722637, "params": {"p_ai": 3.108008070878094, "p_al": 0.7933859337786535, "p_ex": 2.3370014693504007, "prior": 6.6578482115211814, "rate": 3.510850519903707}, "datetime": {"datetime": "2024-06-13 01:27:20", "elapsed": 132.154875, "delta": 0.115245}}
{"target": -124.42034445164273, "params": {"p_ai": 8.197382234314826, "p_al": 6.611887853176512, "p_ex": 6.243886676338824, "prior": 4.203358120025224, "rate": 6.450377826362334}, "datetime": {"datetime": "2024-06-13 01:27:20", "elapsed": 132.268878, "delta": 0.114003}}
{"target": -140.05922571225116, "params": {"p_ai": 8.748431716742354, "p_al": 3.1134152627298404, "p_ex": 3.4281775202831715, "prior": 8.486942886026812, "rate": 5.2994112343421165}, "datetime": {"datetime": "2024-06-13 01:27:20", "elapsed": 132.383572, "delta": 0.114694}}
{"target": -165.6543937996532, "params": {"p_ai": 9.2369571839855, "p_al": 1.876341924396167, "p_ex": 2.149517739976633, "prior": 8.624724998574818, "rate": 0.9958043191607387}, "datetime": {"datetime": "2024-06-13 01:27:20", "elapsed": 132.504627, "delta": 0.121055}}
{"target": -104.81375109748491, "params": {"p_ai": 4.717152090529902, "p_al": 8.394196189191932, "p_ex": 6.937672299169015, "prior": 4.622952603534849, "rate": 1.6528197430089593}, "datetime": {"datetime": "2024-06-13 01:27:20", "elapsed": 132.619349, "delta": 0.114722}}
{"target": -115.9850558511617, "params": {"p_ai": 5.508608102481257, "p_al": 9.879798710108535, "p_ex": 8.051770289111666, "prior": 0.5502334117385274, "rate": 7.109572833570658}, "datetime": {"datetime": "2024-06-13 01:27:21", "elapsed": 132.73372, "delta": 0.114371}}
{"target": -148.56087567199995, "params": {"p_ai": 9.766186129405565, "p_al": 1.9345458616173425, "p_ex": 9.564120655508974, "prior": 2.3342221271842782, "rate": 8.194158826769996}, "datetime": {"datetime": "2024-06-13 01:27:21", "elapsed": 132.848915, "delta": 0.115195}}
{"target": -111.66102359977906, "params": {"p_ai": 1.495037423229105, "p_al": 5.141533276633489, "p_ex": 3.64078281665956, "prior": 6.707204581969504, "rate": 1.7919917859267813}, "datetime": {"datetime": "2024-06-13 01:27:21", "elapsed": 132.962612, "delta": 0.113697}}
{"target": -103.95700354941701, "params": {"p_ai": 5.7979036601822145, "p_al": 0.02523445285068334, "p_ex": 4.257116698087814, "prior": 5.158416296806499, "rate": 8.378128201572276}, "datetime": {"datetime": "2024-06-13 01:27:21", "elapsed": 133.077341, "delta": 0.114729}}
{"target": -115.4556539544877, "params": {"p_ai": 7.5766190001251745, "p_al": 0.9198244994151032, "p_ex": 6.250711640076693, "prior": 6.600368859135195, "rate": 7.340553331594224}, "datetime": {"datetime": "2024-06-13 01:27:21", "elapsed": 133.192037, "delta": 0.114696}}
{"target": -98.37201526887806, "params": {"p_ai": 5.54904548691878, "p_al": 1.0744477434963486, "p_ex": 6.403837458691426, "prior": 6.705637999047665, "rate": 2.501819808528308}, "datetime": {"datetime": "2024-06-13 01:27:21", "elapsed": 133.307235, "delta": 0.115198}}
{"target": -131.65978886655193, "params": {"p_ai": 9.48280432589309, "p_al": 4.527038501594155, "p_ex": 8.667289673190226, "prior": 6.5311578451151915, "rate": 6.165734558182161}, "datetime": {"datetime": "2024-06-13 01:27:21", "elapsed": 133.421718, "delta": 0.114483}}
{"target": -93.8891568007502, "params": {"p_ai": 5.494459397091557, "p_al": 6.4760270347112066, "p_ex": 8.443508165581074, "prior": 7.76901135554614, "rate": 6.726602036977152}, "datetime": {"datetime": "2024-06-13 01:27:21", "elapsed": 133.536411, "delta": 0.114693}}
{"target": -100.77989548525741, "params": {"p_ai": 0.31942149138614195, "p_al": 0.08793902853284469, "p_ex": 3.5860179122930487, "prior": 0.30730757815686666, "rate": 5.178956684935004}, "datetime": {"datetime": "2024-06-13 01:27:22", "elapsed": 133.651104, "delta": 0.114693}}
{"target": -154.93324300569756, "params": {"p_ai": 0.036535454134401193, "p_al": 4.80782326402619, "p_ex": 3.7767085158141884, "prior": 9.57468291548391, "rate": 0.5594796463757505}, "datetime": {"datetime": "2024-06-13 01:27:22", "elapsed": 133.765994, "delta": 0.11489}}
{"target": -147.97881491318523, "params": {"p_ai": 0.6528445415627977, "p_al": 8.492816205896958, "p_ex": 7.95278352446082, "prior": 9.35852567556453, "rate": 0.7832882493134576}, "datetime": {"datetime": "2024-06-13 01:27:22", "elapsed": 133.883762, "delta": 0.117768}}
{"target": -113.75773432939366, "params": {"p_ai": 6.201377645038051, "p_al": 5.144534332910894, "p_ex": 3.2164188746044267, "prior": 6.108503694482293, "rate": 9.180859807063097}, "datetime": {"datetime": "2024-06-13 01:27:22", "elapsed": 134.002001, "delta": 0.118239}}
{"target": -105.93525111540721, "params": {"p_ai": 0.6265924993176286, "p_al": 6.597601675698143, "p_ex": 2.8524298927798304, "prior": 4.05507146708443, "rate": 8.497095650065528}, "datetime": {"datetime": "2024-06-13 01:27:22", "elapsed": 134.120243, "delta": 0.118242}}
{"target": -98.43181288024155, "params": {"p_ai": 1.2181733242743553, "p_al": 8.429867764940202, "p_ex": 4.043023200888809, "prior": 9.838890899842271, "rate": 9.180238599391384}, "datetime": {"datetime": "2024-06-13 01:27:22", "elapsed": 134.239923, "delta": 0.11968}}
{"target": -101.67006848036898, "params": {"p_ai": 4.077336153001339, "p_al": 2.9799051606075775, "p_ex": 2.210242885260159, "prior": 2.178141660255354, "rate": 7.687611904401776}, "datetime": {"datetime": "2024-06-13 01:27:22", "elapsed": 134.358606, "delta": 0.118683}}
{"target": -155.55167609661467, "params": {"p_ai": 7.554669376147851, "p_al": 9.782554060479685, "p_ex": 0.8340144091003872, "prior": 2.20261362016969, "rate": 9.837125648386799}, "datetime": {"datetime": "2024-06-13 01:27:22", "elapsed": 134.477286, "delta": 0.11868}}
{"target": -109.89615282577141, "params": {"p_ai": 5.464197414132971, "p_al": 5.537150485250019, "p_ex": 3.4883611819824956, "prior": 7.038160573017834, "rate": 4.998138049601288}, "datetime": {"datetime": "2024-06-13 01:27:22", "elapsed": 134.595973, "delta": 0.118687}}
{"target": -143.84379576424206, "params": {"p_ai": 4.695463118034527, "p_al": 5.4981786729584625, "p_ex": 0.25277683452447997, "prior": 5.313075133078175, "rate": 1.3305126437765193}, "datetime": {"datetime": "2024-06-13 01:27:23", "elapsed": 134.714656, "delta": 0.118683}}
{"target": -88.27655227328108, "params": {"p_ai": 4.589832013123402, "p_al": 0.8236297527845414, "p_ex": 8.88972752955972, "prior": 3.7848776219177442, "rate": 4.304116749507192}, "datetime": {"datetime": "2024-06-13 01:27:23", "elapsed": 134.832387, "delta": 0.117731}}
{"target": -115.29868679676068, "params": {"p_ai": 7.42086975507282, "p_al": 1.5585894193146912, "p_ex": 5.750661895522346, "prior": 5.110966459574796, "rate": 3.6836674731700536}, "datetime": {"datetime": "2024-06-13 01:27:23", "elapsed": 134.951412, "delta": 0.119025}}
{"target": -114.25933343337654, "params": {"p_ai": 6.833671828543643, "p_al": 7.9450675417095376, "p_ex": 4.677377247445764, "prior": 6.273883706867163, "rate": 9.125478629073205}, "datetime": {"datetime": "2024-06-13 01:27:23", "elapsed": 135.069225, "delta": 0.117813}}
{"target": -91.73926467006027, "params": {"p_ai": 4.570261651531608, "p_al": 1.3510644515976318, "p_ex": 5.432787710600775, "prior": 4.300850527874765, "rate": 7.6833624868607115}, "datetime": {"datetime": "2024-06-13 01:27:23", "elapsed": 135.18891, "delta": 0.119685}}
{"target": -124.72722726543965, "params": {"p_ai": 7.9769484337322085, "p_al": 1.719287872743418, "p_ex": 4.379951424269699, "prior": 2.6689431273447055, "rate": 9.54693755681465}, "datetime": {"datetime": "2024-06-13 01:27:23", "elapsed": 135.31508, "delta": 0.12617}}
{"target": -140.8287933288875, "params": {"p_ai": 9.368784466603346, "p_al": 4.344053171062984, "p_ex": 4.310675867474359, "prior": 7.465025027815888, "rate": 5.960163519806027}, "datetime": {"datetime": "2024-06-13 01:27:23", "elapsed": 135.433617, "delta": 0.118537}}
{"target": -82.2820032016025, "params": {"p_ai": 2.5914507949566294, "p_al": 4.832217482249796, "p_ex": 8.901193658424264, "prior": 6.815859364103486, "rate": 5.631702156360547}, "datetime": {"datetime": "2024-06-13 01:27:23", "elapsed": 135.553418, "delta": 0.119801}}
{"target": -141.58050074048307, "params": {"p_ai": 8.767662490335308, "p_al": 2.763487550262558, "p_ex": 9.968477906522146, "prior": 1.9991984933975355, "rate": 8.398095485642296}, "datetime": {"datetime": "2024-06-13 01:27:24", "elapsed": 135.672101, "delta": 0.118683}}
{"target": -122.67711536252993, "params": {"p_ai": 7.423677265955892, "p_al": 8.640675120134116, "p_ex": 5.849590827242212, "prior": 2.324580257505538, "rate": 4.835715793215803}, "datetime": {"datetime": "2024-06-13 01:27:24", "elapsed": 135.790784, "delta": 0.118683}}
{"target": -175.97164513298603, "params": {"p_ai": 8.623889760611993, "p_al": 7.9782472422770105, "p_ex": 1.7359318579858802, "prior": 9.922107078907667, "rate": 0.30509199963247896}, "datetime": {"datetime": "2024-06-13 01:27:24", "elapsed": 135.907471, "delta": 0.116687}}
{"target": -100.80875369675901, "params": {"p_ai": 3.9270919843333023, "p_al": 7.544258751962611, "p_ex": 9.737423089296351, "prior": 1.4221242946982606, "rate": 9.240481445983646}, "datetime": {"datetime": "2024-06-13 01:27:24", "elapsed": 136.027469, "delta": 0.119998}}
{"target": -108.79646239098032, "params": {"p_ai": 2.1910205215764544, "p_al": 5.526832829595483, "p_ex": 4.328641890073879, "prior": 8.080742990009732, "rate": 1.3865572395397008}, "datetime": {"datetime": "2024-06-13 01:27:24", "elapsed": 136.150745, "delta": 0.123276}}
{"target": -106.76034914152814, "params": {"p_ai": 1.909508341737192, "p_al": 5.6755575331194175, "p_ex": 2.1003068821380864, "prior": 8.800046492896152, "rate": 5.783951692141619}, "datetime": {"datetime": "2024-06-13 01:27:24", "elapsed": 136.300344, "delta": 0.149599}}
{"target": -166.7000626255595, "params": {"p_ai": 9.11763929464358, "p_al": 7.643651482024123, "p_ex": 4.749956447996781, "prior": 6.924390576051481, "rate": 0.5989622103785784}, "datetime": {"datetime": "2024-06-13 01:27:24", "elapsed": 136.423202, "delta": 0.122858}}
{"target": -186.44086444870757, "params": {"p_ai": 6.3129540540322955, "p_al": 9.840488596571019, "p_ex": 1.1947254178184115, "prior": 4.516215172846799, "rate": 0.186320913059088}, "datetime": {"datetime": "2024-06-13 01:27:24", "elapsed": 136.548923, "delta": 0.125721}}
{"target": -114.21857452585489, "params": {"p_ai": 6.881590456377558, "p_al": 0.19520689181535128, "p_ex": 4.553266930065085, "prior": 2.192284951246659, "rate": 8.072347745473287}, "datetime": {"datetime": "2024-06-13 01:27:25", "elapsed": 136.667779, "delta": 0.118856}}
{"target": -110.63620912187564, "params": {"p_ai": 6.45672843017831, "p_al": 6.663022020111727, "p_ex": 5.49936117147423, "prior": 2.505213584343981, "rate": 8.157094551477481}, "datetime": {"datetime": "2024-06-13 01:27:25", "elapsed": 136.796435, "delta": 0.128656}}
{"target": -129.15264922666722, "params": {"p_ai": 8.801319434535824, "p_al": 4.383732672865362, "p_ex": 5.863711820741532, "prior": 6.243379942629359, "rate": 7.2763279918173565}, "datetime": {"datetime": "2024-06-13 01:27:25", "elapsed": 136.921608, "delta": 0.125173}}
{"target": -101.48928831926834, "params": {"p_ai": 5.909446588136741, "p_al": 8.066169168171944, "p_ex": 8.241056701548581, "prior": 5.56594710415588, "rate": 8.829655088096155}, "datetime": {"datetime": "2024-06-13 01:27:25", "elapsed": 137.04692, "delta": 0.125312}}
{"target": -84.62403792997175, "params": {"p_ai": 2.030183481832614, "p_al": 4.136740721638024, "p_ex": 6.301468383632087, "prior": 1.026624399024025, "rate": 7.186717564230962}, "datetime": {"datetime": "2024-06-13 01:27:25", "elapsed": 137.165201, "delta": 0.118281}}
{"target": -100.98667397731948, "params": {"p_ai": 4.797353694402805, "p_al": 3.7905593772416504, "p_ex": 4.519015226631978, "prior": 3.6764939669400882, "rate": 2.396140900867299}, "datetime": {"datetime": "2024-06-13 01:27:25", "elapsed": 137.282886, "delta": 0.117685}}
{"target": -201.94292190696117, "params": {"p_ai": 9.158808384961374, "p_al": 7.993823586812164, "p_ex": 3.3400662738532176, "prior": 1.691347664222673, "rate": 1.1671456351759943}, "datetime": {"datetime": "2024-06-13 01:27:25", "elapsed": 137.407556, "delta": 0.12467}}
{"target": -157.46293069632793, "params": {"p_ai": 7.953533147920134, "p_al": 7.020580256606766, "p_ex": 0.7532513187567459, "prior": 1.166823302672875, "rate": 9.138126532938669}, "datetime": {"datetime": "2024-06-13 01:27:25", "elapsed": 137.525618, "delta": 0.118062}}
{"target": -172.93813479490305, "params": {"p_ai": 8.697844167744172, "p_al": 2.920232491930596, "p_ex": 1.0208976946159853, "prior": 8.089104924003614, "rate": 0.2627104683380913}, "datetime": {"datetime": "2024-06-13 01:27:26", "elapsed": 137.644553, "delta": 0.118935}}
{"target": -106.72664877534127, "params": {"p_ai": 6.363840611525337, "p_al": 1.6017100608988064, "p_ex": 6.9165526625765725, "prior": 1.6810289418629691, "rate": 3.491138224246637}, "datetime": {"datetime": "2024-06-13 01:27:26", "elapsed": 137.763741, "delta": 0.119188}}
{"target": -114.55692208793019, "params": {"p_ai": 1.2217470762698304, "p_al": 2.8715832231230745, "p_ex": 1.2918445291131877, "prior": 4.634398325740474, "rate": 6.494427895595687}, "datetime": {"datetime": "2024-06-13 01:27:26", "elapsed": 137.881425, "delta": 0.117684}}
{"target": -86.46592818172411, "params": {"p_ai": 3.945711176055152, "p_al": 9.529632056090795, "p_ex": 7.5488990420267905, "prior": 5.444208932057693, "rate": 5.635665396494203}, "datetime": {"datetime": "2024-06-13 01:27:26", "elapsed": 138.000108, "delta": 0.118683}}
{"target": -117.55457580101194, "params": {"p_ai": 3.2067189291281246, "p_al": 5.1256851497310105, "p_ex": 7.578359160217539, "prior": 0.019094445132394236, "rate": 4.806438381858799}, "datetime": {"datetime": "2024-06-13 01:27:26", "elapsed": 138.119177, "delta": 0.119069}}
{"target": -155.55688070162273, "params": {"p_ai": 9.041661253802573, "p_al": 8.49515263986085, "p_ex": 2.210733350081861, "prior": 7.362628184334368, "rate": 5.849151492900638}, "datetime": {"datetime": "2024-06-13 01:27:26", "elapsed": 138.23783, "delta": 0.118653}}
{"target": -107.88116267431582, "params": {"p_ai": 5.255835607120612, "p_al": 6.614783683990001, "p_ex": 6.321044057567672, "prior": 0.7151025607260231, "rate": 4.169005514761933}, "datetime": {"datetime": "2024-06-13 01:27:26", "elapsed": 138.358195, "delta": 0.120365}}
{"target": -96.00270240225095, "params": {"p_ai": 1.9937729109275177, "p_al": 7.006133824526521, "p_ex": 2.733830011362588, "prior": 4.36475792464087, "rate": 8.216434846465544}, "datetime": {"datetime": "2024-06-13 01:27:26", "elapsed": 138.47296, "delta": 0.114765}}
{"target": -157.71532018115295, "params": {"p_ai": 7.830846811027753, "p_al": 8.541747338132712, "p_ex": 4.791059397936408, "prior": 9.265020905257298, "rate": 0.31651532588659786}, "datetime": {"datetime": "2024-06-13 01:27:26", "elapsed": 138.588613, "delta": 0.115653}}
{"target": -130.63619394450598, "params": {"p_ai": 9.382894180194201, "p_al": 3.486939297026049, "p_ex": 8.128417943848676, "prior": 9.483262648120892, "rate": 8.918248902749156}, "datetime": {"datetime": "2024-06-13 01:27:27", "elapsed": 138.703306, "delta": 0.114693}}
{"target": -115.11915229348112, "params": {"p_ai": 6.980493154617331, "p_al": 6.702161211463432, "p_ex": 9.735806149757353, "prior": 4.651622241751715, "rate": 1.041066599814464}, "datetime": {"datetime": "2024-06-13 01:27:27", "elapsed": 138.818997, "delta": 0.115691}}
{"target": -140.07822976717722, "params": {"p_ai": 0.24245002232675625, "p_al": 8.813120742542266, "p_ex": 0.2628840047433559, "prior": 9.508329064990603, "rate": 5.699606506289468}, "datetime": {"datetime": "2024-06-13 01:27:27", "elapsed": 138.934316, "delta": 0.115319}}
{"target": -108.7513808870501, "params": {"p_ai": 6.576021749131163, "p_al": 9.09179504001318, "p_ex": 9.019620872778102, "prior": 3.9091594587470984, "rate": 6.125782177941578}, "datetime": {"datetime": "2024-06-13 01:27:27", "elapsed": 139.049094, "delta": 0.114778}}
{"target": -141.9760432324937, "params": {"p_ai": 5.218831682013069, "p_al": 8.17059517218126, "p_ex": 0.5627719463722749, "prior": 6.270127500862848, "rate": 4.297954011811012}, "datetime": {"datetime": "2024-06-13 01:27:27", "elapsed": 139.163026, "delta": 0.113932}}
{"target": -146.52045006230523, "params": {"p_ai": 8.609447038019638, "p_al": 6.878977413745697, "p_ex": 2.6109850302264275, "prior": 1.3432532705529092, "rate": 5.413875453092533}, "datetime": {"datetime": "2024-06-13 01:27:27", "elapsed": 139.278719, "delta": 0.115693}}
{"target": -130.74580158318986, "params": {"p_ai": 9.819012120756634, "p_al": 3.499722646397456, "p_ex": 9.954122077242438, "prior": 5.181234164226793, "rate": 1.904182550810897}, "datetime": {"datetime": "2024-06-13 01:27:27", "elapsed": 139.393948, "delta": 0.115229}}
{"target": -140.08894045482992, "params": {"p_ai": 0.30712590686761615, "p_al": 3.0309276516409356, "p_ex": 0.35174656833291573, "prior": 5.900921198720781, "rate": 7.0165037393658105}, "datetime": {"datetime": "2024-06-13 01:27:27", "elapsed": 139.510132, "delta": 0.116184}}
{"target": -152.06214613229392, "params": {"p_ai": 6.700208631568559, "p_al": 3.562742211934341, "p_ex": 1.1173356401792924, "prior": 6.413560588425594, "rate": 0.6329099655243793}, "datetime": {"datetime": "2024-06-13 01:27:27", "elapsed": 139.624831, "delta": 0.114699}}
{"target": -152.4076595873793, "params": {"p_ai": 6.443987648198351, "p_al": 8.353053532336451, "p_ex": 0.5725332547723604, "prior": 3.5593410688867464, "rate": 6.187575523511704}, "datetime": {"datetime": "2024-06-13 01:27:28", "elapsed": 139.739701, "delta": 0.11487}}
{"target": -105.58450540565039, "params": {"p_ai": 6.38636927872118, "p_al": 1.9801894893735854, "p_ex": 6.234005158129913, "prior": 5.575848835909828, "rate": 8.85729191957795}, "datetime": {"datetime": "2024-06-13 01:27:28", "elapsed": 139.853902, "delta": 0.114201}}
{"target": -136.00475177568717, "params": {"p_ai": 6.97055744473302, "p_al": 3.643266741262771, "p_ex": 2.254250283076692, "prior": 6.109480458106601, "rate": 2.556398171689667}, "datetime": {"datetime": "2024-06-13 01:27:28", "elapsed": 139.968132, "delta": 0.11423}}
{"target": -109.28254179146336, "params": {"p_ai": 0.7590572493322048, "p_al": 8.227198340682186, "p_ex": 2.280295035026282, "prior": 3.796148655644795, "rate": 8.465027322047543}, "datetime": {"datetime": "2024-06-13 01:27:28", "elapsed": 140.083584, "delta": 0.115452}}
{"target": -95.75928515833301, "params": {"p_ai": 1.0324033580838927, "p_al": 9.693928441604834, "p_ex": 5.228714566158481, "prior": 6.733691686640446, "rate": 7.315572776262529}, "datetime": {"datetime": "2024-06-13 01:27:28", "elapsed": 140.197951, "delta": 0.114367}}
{"target": -137.15066430187443, "params": {"p_ai": 9.809807071293001, "p_al": 5.528017017073172, "p_ex": 6.9975437198086, "prior": 6.827180526705036, "rate": 6.30270117869245}, "datetime": {"datetime": "2024-06-13 01:27:28", "elapsed": 140.313644, "delta": 0.115693}}
{"target": -126.96565394940788, "params": {"p_ai": 7.993650272269142, "p_al": 3.4571993404763477, "p_ex": 4.819436430599305, "prior": 0.7821472683712241, "rate": 9.101148277456305}, "datetime": {"datetime": "2024-06-13 01:27:28", "elapsed": 140.429001, "delta": 0.115357}}
{"target": -140.91273275625412, "params": {"p_ai": 5.592698182356974, "p_al": 5.250336684538481, "p_ex": 2.6702519463633063, "prior": 9.000028862901125, "rate": 0.14012176821010291}, "datetime": {"datetime": "2024-06-13 01:27:28", "elapsed": 140.544311, "delta": 0.11531}}
