{"target": -152.65647080590944, "params": {"gamma": 0.518425063389165, "prior": 8.023345278411995, "rate": 1.8127106900062346}, "datetime": {"datetime": "2024-06-14 04:07:42", "elapsed": 17.701274, "delta": 0.010971}}
{"target": -291.87484944499863, "params": {"gamma": 6.687743802830694, "prior": 8.370179976185053, "rate": 9.648000771149587}, "datetime": {"datetime": "2024-06-14 04:07:42", "elapsed": 17.711248, "delta": 0.009974}}
{"target": -126.90368308750469, "params": {"gamma": 1.2693322409733296, "prior": 5.2807820848604825, "rate": 8.506259835578277}, "datetime": {"datetime": "2024-06-14 04:07:42", "elapsed": 17.722218, "delta": 0.01097}}
{"target": -250.0425510807368, "params": {"gamma": 5.376554931110454, "prior": 7.327460113254701, "rate": 7.854811002586698}, "datetime": {"datetime": "2024-06-14 04:07:42", "elapsed": 17.732191, "delta": 0.009973}}
{"target": -344.1303324287946, "params": {"gamma": 8.36611885215124, "prior": 6.698671028783691, "rate": 8.977494158102747}, "datetime": {"datetime": "2024-06-14 04:07:42", "elapsed": 17.743161, "delta": 0.01097}}
{"target": -337.9701650797963, "params": {"gamma": 6.4782645488662265, "prior": 9.451910164511617, "rate": 6.293354520653859}, "datetime": {"datetime": "2024-06-14 04:07:42", "elapsed": 17.753152, "delta": 0.009991}}
{"target": -470.7879499092175, "params": {"gamma": 8.724413810278625, "prior": 5.996988068238829, "rate": 3.4441454939220204}, "datetime": {"datetime": "2024-06-14 04:07:42", "elapsed": 17.763145, "delta": 0.009993}}
{"target": -540.3724379801473, "params": {"gamma": 8.134761405617539, "prior": 4.380572177078845, "rate": 1.26633005871915}, "datetime": {"datetime": "2024-06-14 04:07:42", "elapsed": 17.773135, "delta": 0.00999}}
{"target": -493.29294643307014, "params": {"gamma": 9.685718757922707, "prior": 8.540378886592336, "rate": 5.613032976457021}, "datetime": {"datetime": "2024-06-14 04:07:42", "elapsed": 17.783108, "delta": 0.009973}}
{"target": -500.04088836726856, "params": {"gamma": 6.70645236332923, "prior": 9.97746979690073, "rate": 1.6139258941379875}, "datetime": {"datetime": "2024-06-14 04:07:42", "elapsed": 17.794095, "delta": 0.010987}}
{"target": -241.8133694829705, "params": {"gamma": 5.345865061083275, "prior": 3.9706892074339746, "rate": 5.411934552410746}, "datetime": {"datetime": "2024-06-14 04:07:42", "elapsed": 17.805082, "delta": 0.010987}}
{"target": -130.20523860326966, "params": {"gamma": 1.0346751548979976, "prior": 4.463348355283198, "rate": 4.615179910338178}, "datetime": {"datetime": "2024-06-14 04:07:42", "elapsed": 17.814563, "delta": 0.009481}}
{"target": -284.7987011132405, "params": {"gamma": 5.959320550265768, "prior": 6.657514292740112, "rate": 5.9019035859365445}, "datetime": {"datetime": "2024-06-14 04:07:42", "elapsed": 17.824536, "delta": 0.009973}}
{"target": -357.7981660428308, "params": {"gamma": 7.294098218201382, "prior": 5.850935976242481, "rate": 4.431587983023527}, "datetime": {"datetime": "2024-06-14 04:07:42", "elapsed": 17.835507, "delta": 0.010971}}
{"target": -298.9073015620356, "params": {"gamma": 4.968387656954369, "prior": 4.3578792885960675, "rate": 2.1015284571954447}, "datetime": {"datetime": "2024-06-14 04:07:42", "elapsed": 17.845483, "delta": 0.009976}}
{"target": -154.22450637191614, "params": {"gamma": 2.268784360438243, "prior": 4.628147893294655, "rate": 4.336093573615487}, "datetime": {"datetime": "2024-06-14 04:07:42", "elapsed": 17.856455, "delta": 0.010972}}
{"target": -326.8494918859447, "params": {"gamma": 7.793058306926475, "prior": 4.266497925247028, "rate": 6.734009957010978}, "datetime": {"datetime": "2024-06-14 04:07:42", "elapsed": 17.866431, "delta": 0.009976}}
{"target": -142.5881229546403, "params": {"gamma": 1.6612208005950855, "prior": 8.258183945490565, "rate": 6.8543823546258436}, "datetime": {"datetime": "2024-06-14 04:07:42", "elapsed": 17.876406, "delta": 0.009975}}
{"target": -338.3811181604199, "params": {"gamma": 7.890734933535461, "prior": 3.6588964274812152, "rate": 6.62582745539401}, "datetime": {"datetime": "2024-06-14 04:07:42", "elapsed": 17.886382, "delta": 0.009976}}
{"target": -148.95957028862054, "params": {"gamma": 2.1716875482551337, "prior": 2.287957296922715, "rate": 2.4253252674042707}, "datetime": {"datetime": "2024-06-14 04:07:42", "elapsed": 17.897355, "delta": 0.010973}}
{"target": -159.21227083530312, "params": {"gamma": 2.646618581923333, "prior": 4.143278360424636, "rate": 8.287125786730796}, "datetime": {"datetime": "2024-06-14 04:07:42", "elapsed": 17.907328, "delta": 0.009973}}
{"target": -665.6432835681281, "params": {"gamma": 9.474248122372826, "prior": 6.361334167652156, "rate": 1.348256625665745}, "datetime": {"datetime": "2024-06-14 04:07:42", "elapsed": 17.917304, "delta": 0.009976}}
{"target": -285.5130676925633, "params": {"gamma": 4.200514533381073, "prior": 9.36823535020746, "rate": 3.206122209008569}, "datetime": {"datetime": "2024-06-14 04:07:42", "elapsed": 17.928311, "delta": 0.011007}}
{"target": -360.6143077512322, "params": {"gamma": 6.1931905794918185, "prior": 9.357823108034191, "rate": 4.607362678122438}, "datetime": {"datetime": "2024-06-14 04:07:42", "elapsed": 17.938283, "delta": 0.009972}}
{"target": -240.1062801098606, "params": {"gamma": 5.004490142114326, "prior": 9.19506772656131, "rate": 9.298305886525743}, "datetime": {"datetime": "2024-06-14 04:07:42", "elapsed": 17.949261, "delta": 0.010978}}
{"target": -370.26910977471056, "params": {"gamma": 9.04496424702233, "prior": 5.184981853710656, "rate": 6.398472694701441}, "datetime": {"datetime": "2024-06-14 04:07:42", "elapsed": 17.959269, "delta": 0.010008}}
{"target": -321.45152568103924, "params": {"gamma": 5.890472752605639, "prior": 1.6690987172854312, "rate": 6.234866594810311}, "datetime": {"datetime": "2024-06-14 04:07:42", "elapsed": 17.969719, "delta": 0.01045}}
{"target": -173.1386533357563, "params": {"gamma": 3.1921240844594263, "prior": 1.3942814559414822, "rate": 2.1508150426858728}, "datetime": {"datetime": "2024-06-14 04:07:42", "elapsed": 17.979687, "delta": 0.009968}}
{"target": -176.6449702510171, "params": {"gamma": 3.1372893115280216, "prior": 9.519372827689537, "rate": 9.907680849822357}, "datetime": {"datetime": "2024-06-14 04:07:42", "elapsed": 17.990658, "delta": 0.010971}}
{"target": -376.3226981025927, "params": {"gamma": 8.668996751551681, "prior": 4.672423692173761, "rate": 4.656706908529602}, "datetime": {"datetime": "2024-06-14 04:07:42", "elapsed": 18.000631, "delta": 0.009973}}
{"target": -515.0051820180242, "params": {"gamma": 7.647520341309665, "prior": 1.074239963450954, "rate": 9.940379659168363}, "datetime": {"datetime": "2024-06-14 04:07:42", "elapsed": 18.010604, "delta": 0.009973}}
{"target": -346.7590082689681, "params": {"gamma": 6.9224566172976845, "prior": 3.0629283412837927, "rate": 9.088573077112654}, "datetime": {"datetime": "2024-06-14 04:07:42", "elapsed": 18.021575, "delta": 0.010971}}
{"target": -252.0334230940868, "params": {"gamma": 5.526235888770702, "prior": 0.9433807768511864, "rate": 1.0833491863453326}, "datetime": {"datetime": "2024-06-14 04:07:42", "elapsed": 18.031548, "delta": 0.009973}}
{"target": -152.37264856797538, "params": {"gamma": 0.3176168877888321, "prior": 2.240327888608129, "rate": 0.51508803577319}, "datetime": {"datetime": "2024-06-14 04:07:42", "elapsed": 18.041522, "delta": 0.009974}}
{"target": -303.43130294089514, "params": {"gamma": 5.103214380152735, "prior": 0.9211098493361365, "rate": 4.431779707933526}, "datetime": {"datetime": "2024-06-14 04:07:42", "elapsed": 18.052492, "delta": 0.01097}}
{"target": -162.15319689696588, "params": {"gamma": 2.362771206680796, "prior": 5.6412349065280925, "rate": 4.390238946627599}, "datetime": {"datetime": "2024-06-14 04:07:42", "elapsed": 18.062466, "delta": 0.009974}}
{"target": -426.1124629621603, "params": {"gamma": 8.375567087137503, "prior": 3.4317930698460395, "rate": 2.3030862375648358}, "datetime": {"datetime": "2024-06-14 04:07:42", "elapsed": 18.073437, "delta": 0.010971}}
{"target": -757.1696861060077, "params": {"gamma": 9.401218217622588, "prior": 4.71700059437067, "rate": 0.2825494345653465}, "datetime": {"datetime": "2024-06-14 04:07:42", "elapsed": 18.083409, "delta": 0.009972}}
{"target": -147.03519474953774, "params": {"gamma": 0.7952844018626734, "prior": 5.600160498896482, "rate": 2.1085032523654648}, "datetime": {"datetime": "2024-06-14 04:07:42", "elapsed": 18.09438, "delta": 0.010971}}
{"target": -133.82045382388364, "params": {"gamma": 1.4832079169213832, "prior": 2.03577051385278, "rate": 7.4477447466406055}, "datetime": {"datetime": "2024-06-14 04:07:42", "elapsed": 18.104353, "delta": 0.009973}}
{"target": -583.785750212503, "params": {"gamma": 9.490190594750429, "prior": 1.3808418827316682, "rate": 8.797922693851072}, "datetime": {"datetime": "2024-06-14 04:07:42", "elapsed": 18.115324, "delta": 0.010971}}
{"target": -549.6356624878161, "params": {"gamma": 7.119486308304545, "prior": 5.612748843111474, "rate": 0.6711193665390025}, "datetime": {"datetime": "2024-06-14 04:07:42", "elapsed": 18.125297, "delta": 0.009973}}
{"target": -354.988544089438, "params": {"gamma": 7.877623428379662, "prior": 8.141573527504782, "rate": 7.546064084925807}, "datetime": {"datetime": "2024-06-14 04:07:42", "elapsed": 18.135271, "delta": 0.009974}}
{"target": -290.3991728562113, "params": {"gamma": 5.5053451266130216, "prior": 6.352887453044348, "rate": 4.367192277935727}, "datetime": {"datetime": "2024-06-14 04:07:42", "elapsed": 18.146242, "delta": 0.010971}}
{"target": -190.5880707061488, "params": {"gamma": 3.079162242084743, "prior": 2.1563415656940617, "rate": 7.70783813326756}, "datetime": {"datetime": "2024-06-14 04:07:42", "elapsed": 18.156215, "delta": 0.009973}}
{"target": -426.88116995521625, "params": {"gamma": 9.347823400996651, "prior": 6.253005567983246, "rate": 5.342940039040913}, "datetime": {"datetime": "2024-06-14 04:07:42", "elapsed": 18.166188, "delta": 0.009973}}
{"target": -525.5310095942265, "params": {"gamma": 8.832821399586447, "prior": 0.543549432321984, "rate": 3.027452733825171}, "datetime": {"datetime": "2024-06-14 04:07:42", "elapsed": 18.176958, "delta": 0.01077}}
{"target": -287.1009878095963, "params": {"gamma": 3.825328639516465, "prior": 0.4078849577947824, "rate": 5.199809613230569}, "datetime": {"datetime": "2024-06-14 04:07:42", "elapsed": 18.187929, "delta": 0.010971}}
{"target": -475.98139285269735, "params": {"gamma": 9.40582357294277, "prior": 7.992725691934161, "rate": 5.351408522523899}, "datetime": {"datetime": "2024-06-14 04:07:42", "elapsed": 18.197902, "delta": 0.009973}}
{"target": -438.7969073730671, "params": {"gamma": 6.7657338580782405, "prior": 7.873824709873373, "rate": 2.611671926966363}, "datetime": {"datetime": "2024-06-14 04:07:43", "elapsed": 18.207875, "delta": 0.009973}}
{"target": -163.8678928849982, "params": {"gamma": 2.757360350509144, "prior": 6.091715488473178, "rate": 6.74213697673649}, "datetime": {"datetime": "2024-06-14 04:07:43", "elapsed": 18.218846, "delta": 0.010971}}
{"target": -155.58250617322523, "params": {"gamma": 0.037131121203666864, "prior": 8.571439691934431, "rate": 1.4499755526920097}, "datetime": {"datetime": "2024-06-14 04:07:43", "elapsed": 18.228819, "delta": 0.009973}}
{"target": -476.16385918415875, "params": {"gamma": 5.124009381904939, "prior": 5.6655858482099735, "rate": 0.07290430277148773}, "datetime": {"datetime": "2024-06-14 04:07:43", "elapsed": 18.23979, "delta": 0.010971}}
{"target": -208.08051458305405, "params": {"gamma": 4.289076528699282, "prior": 5.384053388047638, "rate": 6.907376297071434}, "datetime": {"datetime": "2024-06-14 04:07:43", "elapsed": 18.249763, "delta": 0.009973}}
{"target": -472.9758969668812, "params": {"gamma": 9.031835670784622, "prior": 0.7787551523432098, "rate": 2.8317040472904758}, "datetime": {"datetime": "2024-06-14 04:07:43", "elapsed": 18.259737, "delta": 0.009974}}
{"target": -239.49265359478537, "params": {"gamma": 5.279795197202099, "prior": 2.9733261504001245, "rate": 4.201892734282735}, "datetime": {"datetime": "2024-06-14 04:07:43", "elapsed": 18.270707, "delta": 0.01097}}
{"target": -706.1183374665803, "params": {"gamma": 9.820547479625972, "prior": 0.6636402718702625, "rate": 9.289203208835787}, "datetime": {"datetime": "2024-06-14 04:07:43", "elapsed": 18.280688, "delta": 0.009981}}
{"target": -308.8860761749615, "params": {"gamma": 6.680114161371072, "prior": 5.035947408040653, "rate": 4.647506170595227}, "datetime": {"datetime": "2024-06-14 04:07:43", "elapsed": 18.290657, "delta": 0.009969}}
{"target": -312.52484910082944, "params": {"gamma": 5.589785773928347, "prior": 2.9867128566196963, "rate": 1.7188330067587443}, "datetime": {"datetime": "2024-06-14 04:07:43", "elapsed": 18.301628, "delta": 0.010971}}
{"target": -353.90365187487686, "params": {"gamma": 6.197786816831587, "prior": 9.885925228469835, "rate": 5.162690424583267}, "datetime": {"datetime": "2024-06-14 04:07:43", "elapsed": 18.311602, "delta": 0.009974}}
{"target": -419.5272373419122, "params": {"gamma": 6.710412491894106, "prior": 5.243372538798067, "rate": 2.0011085780511912}, "datetime": {"datetime": "2024-06-14 04:07:43", "elapsed": 18.322572, "delta": 0.01097}}
{"target": -297.68581364339735, "params": {"gamma": 5.787379979419437, "prior": 9.583007643759036, "rate": 6.924549114998262}, "datetime": {"datetime": "2024-06-14 04:07:43", "elapsed": 18.332545, "delta": 0.009973}}
{"target": -137.90058969614128, "params": {"gamma": 0.274342053750928, "prior": 3.6948761925389584, "rate": 6.33921964079754}, "datetime": {"datetime": "2024-06-14 04:07:43", "elapsed": 18.342518, "delta": 0.009973}}
{"target": -367.98565360900915, "params": {"gamma": 5.67116400617658, "prior": 1.301203739015265, "rate": 9.364796358912931}, "datetime": {"datetime": "2024-06-14 04:07:43", "elapsed": 18.353489, "delta": 0.010971}}
{"target": -201.25820861315336, "params": {"gamma": 3.938997493293488, "prior": 7.319700947932855, "rate": 7.857086866488291}, "datetime": {"datetime": "2024-06-14 04:07:43", "elapsed": 18.363463, "delta": 0.009974}}
{"target": -155.26819616363414, "params": {"gamma": 2.1307142258890264, "prior": 6.659980991963436, "rate": 5.2341476294898825}, "datetime": {"datetime": "2024-06-14 04:07:43", "elapsed": 18.373436, "delta": 0.009973}}
{"target": -147.77651750457093, "params": {"gamma": 1.783794004691899, "prior": 7.212564495824819, "rate": 5.406224528163018}, "datetime": {"datetime": "2024-06-14 04:07:43", "elapsed": 18.383915, "delta": 0.010479}}
{"target": -143.91522882681548, "params": {"gamma": 2.1417238051544096, "prior": 4.238811933822576, "rate": 6.8079344253726966}, "datetime": {"datetime": "2024-06-14 04:07:43", "elapsed": 18.393888, "delta": 0.009973}}
{"target": -398.5566932643202, "params": {"gamma": 9.937621475494428, "prior": 5.5295345252227435, "rate": 7.939406449739636}, "datetime": {"datetime": "2024-06-14 04:07:43", "elapsed": 18.404859, "delta": 0.010971}}
{"target": -176.83072658209417, "params": {"gamma": 3.3064511453666356, "prior": 5.164454283417241, "rate": 8.350414978664054}, "datetime": {"datetime": "2024-06-14 04:07:43", "elapsed": 18.414832, "delta": 0.009973}}
{"target": -543.5281798028639, "params": {"gamma": 9.704609444607442, "prior": 1.8668728599484044, "rate": 8.513224576444088}, "datetime": {"datetime": "2024-06-14 04:07:43", "elapsed": 18.425803, "delta": 0.010971}}
{"target": -497.2256056757997, "params": {"gamma": 9.8839813130555, "prior": 4.559573957621887, "rate": 3.0802934792591}, "datetime": {"datetime": "2024-06-14 04:07:43", "elapsed": 18.435776, "delta": 0.009973}}
{"target": -504.6347480004802, "params": {"gamma": 9.124683586378131, "prior": 2.2765865789701447, "rate": 9.88264881287327}, "datetime": {"datetime": "2024-06-14 04:07:43", "elapsed": 18.445788, "delta": 0.010012}}
{"target": -198.7717772281092, "params": {"gamma": 4.016014561459776, "prior": 1.0131129142505106, "rate": 1.368611993565815}, "datetime": {"datetime": "2024-06-14 04:07:43", "elapsed": 18.45672, "delta": 0.010932}}
{"target": -265.1758724671445, "params": {"gamma": 4.771246207156717, "prior": 0.7033829612030654, "rate": 2.519602463648642}, "datetime": {"datetime": "2024-06-14 04:07:43", "elapsed": 18.466693, "delta": 0.009973}}
{"target": -345.64143710693173, "params": {"gamma": 7.950227595281238, "prior": 7.874786065977949, "rate": 8.108387517165163}, "datetime": {"datetime": "2024-06-14 04:07:43", "elapsed": 18.476667, "delta": 0.009974}}
{"target": -135.06979245908465, "params": {"gamma": 0.4635818527703097, "prior": 7.687845099749461, "rate": 8.068658621836198}, "datetime": {"datetime": "2024-06-14 04:07:43", "elapsed": 18.488635, "delta": 0.011968}}
{"target": -143.2736157734966, "params": {"gamma": 0.1614807233633352, "prior": 3.9741465501415574, "rate": 8.655905140222567}, "datetime": {"datetime": "2024-06-14 04:07:43", "elapsed": 18.498608, "delta": 0.009973}}
{"target": -508.5554534815387, "params": {"gamma": 9.58478787486283, "prior": 9.203960219040058, "rate": 5.470332354994583}, "datetime": {"datetime": "2024-06-14 04:07:43", "elapsed": 18.509579, "delta": 0.010971}}
{"target": -176.52318571259798, "params": {"gamma": 3.0999028075571977, "prior": 5.933723461468355, "rate": 5.960308888277244}, "datetime": {"datetime": "2024-06-14 04:07:43", "elapsed": 18.519552, "delta": 0.009973}}
{"target": -285.4490964579169, "params": {"gamma": 6.645853962048891, "prior": 5.949068744119219, "rate": 8.680686431625688}, "datetime": {"datetime": "2024-06-14 04:07:43", "elapsed": 18.530523, "delta": 0.010971}}
{"target": -329.1534885709805, "params": {"gamma": 3.740404346465307, "prior": 2.51576369972239, "rate": 0.20584523782095557}, "datetime": {"datetime": "2024-06-14 04:07:43", "elapsed": 18.540496, "delta": 0.009973}}
{"target": -149.06843377224413, "params": {"gamma": 2.3276534032092466, "prior": 1.6998563265328037, "rate": 2.382365800220145}, "datetime": {"datetime": "2024-06-14 04:07:43", "elapsed": 18.551467, "delta": 0.010971}}
{"target": -564.9179204363643, "params": {"gamma": 8.809750700685962, "prior": 7.342834380593291, "rate": 2.4346474261497026}, "datetime": {"datetime": "2024-06-14 04:07:43", "elapsed": 18.561441, "delta": 0.009974}}
{"target": -389.2689205438898, "params": {"gamma": 7.93074966579814, "prior": 5.486796446527367, "rate": 4.065455958505244}, "datetime": {"datetime": "2024-06-14 04:07:43", "elapsed": 18.571443, "delta": 0.010002}}
{"target": -192.48598458006518, "params": {"gamma": 2.0588168270783345, "prior": 3.1762456147307865, "rate": 0.7933859337786535}, "datetime": {"datetime": "2024-06-14 04:07:43", "elapsed": 18.582384, "delta": 0.010941}}
{"target": -175.6286132817523, "params": {"gamma": 2.3370014693504007, "prior": 6.690938823288298, "rate": 3.510850519903707}, "datetime": {"datetime": "2024-06-14 04:07:43", "elapsed": 18.592357, "delta": 0.009973}}
{"target": -365.7593848830599, "params": {"gamma": 8.197382234314826, "prior": 6.645433517996546, "rate": 6.243886676338824}, "datetime": {"datetime": "2024-06-14 04:07:43", "elapsed": 18.602331, "delta": 0.009974}}
{"target": -204.72832213254247, "params": {"gamma": 4.203358120025224, "prior": 6.485522600358745, "rate": 8.748431716742354}, "datetime": {"datetime": "2024-06-14 04:07:43", "elapsed": 18.6398, "delta": 0.037469}}
{"target": -178.55259623550072, "params": {"gamma": 3.1134152627298404, "prior": 3.493245069587299, "rate": 8.486942886026812}, "datetime": {"datetime": "2024-06-14 04:07:43", "elapsed": 18.650771, "delta": 0.010971}}
{"target": -389.11132410257545, "params": {"gamma": 5.2994112343421165, "prior": 9.24451206335198, "rate": 1.876341924396167}, "datetime": {"datetime": "2024-06-14 04:07:43", "elapsed": 18.661383, "delta": 0.010612}}
{"target": -220.34111022499522, "params": {"gamma": 2.149517739976633, "prior": 8.638341582747344, "rate": 0.9958043191607387}, "datetime": {"datetime": "2024-06-14 04:07:43", "elapsed": 18.671355, "delta": 0.009972}}
{"target": -242.36546587782854, "params": {"gamma": 4.717152090529902, "prior": 8.410095236823695, "rate": 6.937672299169015}, "datetime": {"datetime": "2024-06-14 04:07:43", "elapsed": 18.682326, "delta": 0.010971}}
{"target": -250.43110515285696, "params": {"gamma": 4.622952603534849, "prior": 1.7354650920880788, "rate": 5.508608102481257}, "datetime": {"datetime": "2024-06-14 04:07:43", "elapsed": 18.692299, "delta": 0.009973}}
{"target": -786.5009948995543, "params": {"gamma": 9.879798710108535, "prior": 8.071059692189767, "rate": 0.5502334117385274}, "datetime": {"datetime": "2024-06-14 04:07:43", "elapsed": 18.70327, "delta": 0.010971}}
{"target": -511.62893298623163, "params": {"gamma": 7.109572833570658, "prior": 9.768501118223332, "rate": 1.9345458616173425}, "datetime": {"datetime": "2024-06-14 04:07:43", "elapsed": 18.713243, "delta": 0.009973}}
{"target": -488.82007504089677, "params": {"gamma": 9.564120655508974, "prior": 2.4101209180042362, "rate": 8.194158826769996}, "datetime": {"datetime": "2024-06-14 04:07:43", "elapsed": 18.724214, "delta": 0.010971}}
{"target": -143.29247022191745, "params": {"gamma": 1.495037423229105, "prior": 5.18963690755791, "rate": 3.64078281665956}, "datetime": {"datetime": "2024-06-14 04:07:43", "elapsed": 18.734187, "delta": 0.009973}}
{"target": -341.48596555820495, "params": {"gamma": 6.707204581969504, "prior": 1.8732591939869123, "rate": 5.7979036601822145}, "datetime": {"datetime": "2024-06-14 04:07:43", "elapsed": 18.745158, "delta": 0.010971}}
{"target": -154.2033140630704, "params": {"gamma": 0.02523445285068334, "prior": 4.313976928799815, "rate": 5.158416296806499}, "datetime": {"datetime": "2024-06-14 04:07:43", "elapsed": 18.755131, "delta": 0.009973}}
{"target": -639.335342368735, "params": {"gamma": 8.378128201572276, "prior": 7.600612871411063, "rate": 0.9198244994151032}, "datetime": {"datetime": "2024-06-14 04:07:43", "elapsed": 18.766102, "delta": 0.010971}}
