{"target": -143.4509880770842, "params": {"gamma": 0.7466661384435471, "prior": 3.766026368361488, "rate": 1.235065179287484}, "datetime": {"datetime": "2024-06-14 08:53:13", "elapsed": 3.618329, "delta": 0.008976}}
{"target": -224.067340452092, "params": {"gamma": 6.345552644202125, "prior": 4.1978064727211475, "rate": 9.909165409621975}, "datetime": {"datetime": "2024-06-14 08:53:13", "elapsed": 3.627305, "delta": 0.008976}}
{"target": -294.2854909404644, "params": {"gamma": 9.299626280909525, "prior": 1.5774367198665253, "rate": 3.9494277431054683}, "datetime": {"datetime": "2024-06-14 08:53:13", "elapsed": 3.636764, "delta": 0.009459}}
{"target": -200.5769556982709, "params": {"gamma": 4.6163355299129, "prior": 5.6533926757072575, "rate": 7.803854869369396}, "datetime": {"datetime": "2024-06-14 08:53:13", "elapsed": 3.64574, "delta": 0.008976}}
{"target": -264.6872466320425, "params": {"gamma": 4.872451896825164, "prior": 4.257936164901384, "rate": 2.6207350474886373}, "datetime": {"datetime": "2024-06-14 08:53:13", "elapsed": 3.654716, "delta": 0.008976}}
{"target": -327.97902578641475, "params": {"gamma": 9.108150584728497, "prior": 0.32048796417476116, "rate": 8.211397860291427}, "datetime": {"datetime": "2024-06-14 08:53:13", "elapsed": 3.663692, "delta": 0.008976}}
{"target": -156.24614705407689, "params": {"gamma": 1.8854955282645185, "prior": 6.888993301808218, "rate": 3.552738684007098}, "datetime": {"datetime": "2024-06-14 08:53:13", "elapsed": 3.672668, "delta": 0.008976}}
{"target": -348.55745508832484, "params": {"gamma": 9.742152066323019, "prior": 1.3154440815492576, "rate": 1.8765113562797784}, "datetime": {"datetime": "2024-06-14 08:53:13", "elapsed": 3.681644, "delta": 0.008976}}
{"target": -480.8637537011664, "params": {"gamma": 8.894535312169324, "prior": 5.875722514621456, "rate": 3.0931546002031376}, "datetime": {"datetime": "2024-06-14 08:53:13", "elapsed": 3.69062, "delta": 0.008976}}
{"target": -148.65479896953957, "params": {"gamma": 0.008643090396402046, "prior": 2.353217609390305, "rate": 1.4548909380781856}, "datetime": {"datetime": "2024-06-14 08:53:13", "elapsed": 3.699596, "delta": 0.008976}}
{"target": -143.22101390597268, "params": {"gamma": 2.035134809876536, "prior": 8.973593312359645, "rate": 8.731070688318136}, "datetime": {"datetime": "2024-06-14 08:53:13", "elapsed": 3.708572, "delta": 0.008976}}
{"target": -252.99203482121894, "params": {"gamma": 7.0031940868968645, "prior": 4.757926993906869, "rate": 8.271532887320552}, "datetime": {"datetime": "2024-06-14 08:53:13", "elapsed": 3.717548, "delta": 0.008976}}
{"target": -252.26784706158418, "params": {"gamma": 4.958768144455039, "prior": 3.698537964520562, "rate": 2.7567554245058266}, "datetime": {"datetime": "2024-06-14 08:53:13", "elapsed": 3.726524, "delta": 0.008976}}
{"target": -349.7713073627216, "params": {"gamma": 9.247483394570178, "prior": 3.931193419137293, "rate": 4.929315853439772}, "datetime": {"datetime": "2024-06-14 08:53:13", "elapsed": 3.7355, "delta": 0.008976}}
{"target": -185.38851137605963, "params": {"gamma": 2.5451265850419067, "prior": 8.861168536496827, "rate": 3.833251304596062}, "datetime": {"datetime": "2024-06-14 08:53:13", "elapsed": 3.745474, "delta": 0.009974}}
{"target": -226.82533870742398, "params": {"gamma": 2.9764495784234386, "prior": 7.2041901257280685, "rate": 1.909508561779902}, "datetime": {"datetime": "2024-06-14 08:53:13", "elapsed": 3.754449, "delta": 0.008975}}
{"target": -129.75441790907632, "params": {"gamma": 1.1828081008410374, "prior": 8.386278043913771, "rate": 7.441615077773983}, "datetime": {"datetime": "2024-06-14 08:53:13", "elapsed": 3.763425, "delta": 0.008976}}
{"target": -212.48790790853468, "params": {"gamma": 5.905614955923525, "prior": 2.5046265921522197, "rate": 6.2328482047306535}, "datetime": {"datetime": "2024-06-14 08:53:13", "elapsed": 3.772402, "delta": 0.008977}}
{"target": -453.2274169534258, "params": {"gamma": 6.383914852090989, "prior": 3.342937496712019, "rate": 0.6758259413323553}, "datetime": {"datetime": "2024-06-14 08:53:13", "elapsed": 3.781377, "delta": 0.008975}}
{"target": -306.3553598198379, "params": {"gamma": 8.805505437045703, "prior": 4.6535716376351575, "rate": 7.638963307946233}, "datetime": {"datetime": "2024-06-14 08:53:13", "elapsed": 3.790354, "delta": 0.008977}}
{"target": -165.60473600939375, "params": {"gamma": 2.539632320806454, "prior": 5.954733104448417, "rate": 4.288522808327629}, "datetime": {"datetime": "2024-06-14 08:53:14", "elapsed": 3.799329, "delta": 0.008975}}
{"target": -171.1379799857175, "params": {"gamma": 3.8216243248488464, "prior": 1.3544625000845356, "rate": 2.4434223654265494}, "datetime": {"datetime": "2024-06-14 08:53:14", "elapsed": 3.808306, "delta": 0.008977}}
{"target": -118.69046058876164, "params": {"gamma": 0.7943364880002312, "prior": 3.098297216704028, "rate": 7.417306297515323}, "datetime": {"datetime": "2024-06-14 08:53:14", "elapsed": 3.817281, "delta": 0.008975}}
{"target": -559.2466375896752, "params": {"gamma": 6.150542233985518, "prior": 6.7568698794458655, "rate": 0.08482241217079087}, "datetime": {"datetime": "2024-06-14 08:53:14", "elapsed": 3.826257, "delta": 0.008976}}
{"target": -391.11820030407364, "params": {"gamma": 6.784091345540948, "prior": 5.081488836374581, "rate": 2.309853596391308}, "datetime": {"datetime": "2024-06-14 08:53:14", "elapsed": 3.835233, "delta": 0.008976}}
{"target": -123.17600784703812, "params": {"gamma": 1.7497901933102402, "prior": 1.9313313589532155, "rate": 8.44275579074591}, "datetime": {"datetime": "2024-06-14 08:53:14", "elapsed": 3.844209, "delta": 0.008976}}
{"target": -590.7940748992241, "params": {"gamma": 9.825915303261548, "prior": 9.146022285932153, "rate": 3.4743468343077555}, "datetime": {"datetime": "2024-06-14 08:53:14", "elapsed": 3.853185, "delta": 0.008976}}
{"target": -286.76518990976064, "params": {"gamma": 7.802465572333946, "prior": 5.509900447944164, "rate": 8.16460753316182}, "datetime": {"datetime": "2024-06-14 08:53:14", "elapsed": 3.862161, "delta": 0.008976}}
{"target": -208.7809648303743, "params": {"gamma": 4.8377857849378705, "prior": 5.9405178531640965, "rate": 7.872847211795091}, "datetime": {"datetime": "2024-06-14 08:53:14", "elapsed": 3.871137, "delta": 0.008976}}
{"target": -132.77666295262975, "params": {"gamma": 1.0032461963882202, "prior": 5.416370456721353, "rate": 3.660467483349873}, "datetime": {"datetime": "2024-06-14 08:53:14", "elapsed": 3.880113, "delta": 0.008976}}
{"target": -362.98095205398187, "params": {"gamma": 6.043464129845054, "prior": 9.592144904806304, "rate": 3.9288366270246278}, "datetime": {"datetime": "2024-06-14 08:53:14", "elapsed": 3.88909, "delta": 0.008977}}
{"target": -207.26380478103906, "params": {"gamma": 3.930337006418223, "prior": 7.927306236537028, "rate": 6.451138912455179}, "datetime": {"datetime": "2024-06-14 08:53:14", "elapsed": 3.898066, "delta": 0.008976}}
{"target": -228.1342904483053, "params": {"gamma": 3.9394461945459094, "prior": 6.920654977479489, "rate": 4.040612088934736}, "datetime": {"datetime": "2024-06-14 08:53:14", "elapsed": 3.907041, "delta": 0.008975}}
{"target": -135.5623556347055, "params": {"gamma": 1.3619954293269727, "prior": 4.561368359854131, "rate": 3.3448595075800287}, "datetime": {"datetime": "2024-06-14 08:53:14", "elapsed": 3.916017, "delta": 0.008976}}
{"target": -153.88613601197758, "params": {"gamma": 2.180471331681618, "prior": 9.265170536200754, "rate": 6.896704351396498}, "datetime": {"datetime": "2024-06-14 08:53:14", "elapsed": 3.924993, "delta": 0.008976}}
{"target": -297.4840004584618, "params": {"gamma": 5.988610085343597, "prior": 7.49190897401775, "rate": 5.420168646652644}, "datetime": {"datetime": "2024-06-14 08:53:14", "elapsed": 3.933998, "delta": 0.009005}}
{"target": -310.12682429924354, "params": {"gamma": 7.005630193122407, "prior": 9.312542210573467, "rate": 8.626304328357714}, "datetime": {"datetime": "2024-06-14 08:53:14", "elapsed": 3.942945, "delta": 0.008947}}
{"target": -169.31364872219265, "params": {"gamma": 1.6752511332077065, "prior": 2.705076336846355, "rate": 0.7170311841386036}, "datetime": {"datetime": "2024-06-14 08:53:14", "elapsed": 3.951921, "delta": 0.008976}}
{"target": -304.24325290001957, "params": {"gamma": 9.786749378778312, "prior": 2.4402025767377182, "rate": 6.6063229609300596}, "datetime": {"datetime": "2024-06-14 08:53:14", "elapsed": 3.960897, "delta": 0.008976}}
{"target": -118.40969659116294, "params": {"gamma": 0.8972173585756926, "prior": 2.1866323266614858, "rate": 5.028741010800528}, "datetime": {"datetime": "2024-06-14 08:53:14", "elapsed": 3.969873, "delta": 0.008976}}
{"target": -122.96974275520647, "params": {"gamma": 1.0504317296309502, "prior": 3.9498466866777715, "rate": 5.3803392136766695}, "datetime": {"datetime": "2024-06-14 08:53:14", "elapsed": 3.978849, "delta": 0.008976}}
{"target": -181.27177556558368, "params": {"gamma": 3.3927026446661146, "prior": 5.603412090153097, "rate": 5.368146451102699}, "datetime": {"datetime": "2024-06-14 08:53:14", "elapsed": 3.987825, "delta": 0.008976}}
{"target": -196.880227195412, "params": {"gamma": 3.906714376870321, "prior": 6.993073822700919, "rate": 6.785146057525243}, "datetime": {"datetime": "2024-06-14 08:53:14", "elapsed": 3.996801, "delta": 0.008976}}
{"target": -352.70814269731625, "params": {"gamma": 6.8733441905945245, "prior": 5.6587634621138045, "rate": 3.5814410602153455}, "datetime": {"datetime": "2024-06-14 08:53:14", "elapsed": 4.005778, "delta": 0.008977}}
{"target": -317.70567187708394, "params": {"gamma": 6.131510241334756, "prior": 9.363789039421178, "rate": 5.969288360934786}, "datetime": {"datetime": "2024-06-14 08:53:14", "elapsed": 4.015751, "delta": 0.009973}}
{"target": -333.37436224009423, "params": {"gamma": 9.795922153419893, "prior": 4.465965542047824, "rate": 7.39638001311296}, "datetime": {"datetime": "2024-06-14 08:53:14", "elapsed": 4.024726, "delta": 0.008975}}
{"target": -136.3894334215171, "params": {"gamma": 0.3770011826173517, "prior": 7.6707937261048125, "rate": 5.1832975216877974}, "datetime": {"datetime": "2024-06-14 08:53:14", "elapsed": 4.033703, "delta": 0.008977}}
{"target": -145.1956962424537, "params": {"gamma": 0.05416001307807128, "prior": 2.8442810373477254, "rate": 5.348787492965596}, "datetime": {"datetime": "2024-06-14 08:53:14", "elapsed": 4.042678, "delta": 0.008975}}
{"target": -263.4027071686185, "params": {"gamma": 7.679860819934835, "prior": 0.6256166949799984, "rate": 5.490985385061347}, "datetime": {"datetime": "2024-06-14 08:53:14", "elapsed": 4.051654, "delta": 0.008976}}
{"target": -296.37962061972223, "params": {"gamma": 8.010144563427762, "prior": 6.530872243296941, "rate": 9.314538702914113}, "datetime": {"datetime": "2024-06-14 08:53:14", "elapsed": 4.06063, "delta": 0.008976}}
{"target": -117.57828534716843, "params": {"gamma": 0.7482397187025968, "prior": 2.8403839797458077, "rate": 9.192455805057469}, "datetime": {"datetime": "2024-06-14 08:53:14", "elapsed": 4.069607, "delta": 0.008977}}
{"target": -288.74705234008235, "params": {"gamma": 7.650286477833132, "prior": 6.037429410273777, "rate": 8.329848470226867}, "datetime": {"datetime": "2024-06-14 08:53:14", "elapsed": 4.078583, "delta": 0.008976}}
{"target": -368.95343765612586, "params": {"gamma": 8.960538872258445, "prior": 9.729931493242967, "rate": 9.98520655039097}, "datetime": {"datetime": "2024-06-14 08:53:14", "elapsed": 4.087752, "delta": 0.009169}}
{"target": -131.82061691824404, "params": {"gamma": 1.3973536875073507, "prior": 0.7983662429626219, "rate": 0.7355930769468734}, "datetime": {"datetime": "2024-06-14 08:53:14", "elapsed": 4.096727, "delta": 0.008975}}
{"target": -150.35599109094048, "params": {"gamma": 0.14842316520856935, "prior": 9.721018722481467, "rate": 0.9485743976558341}, "datetime": {"datetime": "2024-06-14 08:53:14", "elapsed": 4.105703, "delta": 0.008976}}
{"target": -406.76242300954914, "params": {"gamma": 8.417526525032311, "prior": 6.883212669386226, "rate": 4.876084117661699}, "datetime": {"datetime": "2024-06-14 08:53:14", "elapsed": 4.114679, "delta": 0.008976}}
{"target": -198.36721968215736, "params": {"gamma": 3.4676021187044235, "prior": 3.6011130919633505, "rate": 2.539134984589525}, "datetime": {"datetime": "2024-06-14 08:53:14", "elapsed": 4.123656, "delta": 0.008977}}
{"target": -756.9669467963406, "params": {"gamma": 9.110268719012566, "prior": 7.283861200399203, "rate": 0.2602320020499145}, "datetime": {"datetime": "2024-06-14 08:53:14", "elapsed": 4.133628, "delta": 0.009972}}
{"target": -375.4743691043, "params": {"gamma": 4.615751011217899, "prior": 2.884882598114433, "rate": 0.2906328955928069}, "datetime": {"datetime": "2024-06-14 08:53:14", "elapsed": 4.142605, "delta": 0.008977}}
{"target": -514.3696875680581, "params": {"gamma": 8.846934261198635, "prior": 7.732953043751355, "rate": 3.298021057363365}, "datetime": {"datetime": "2024-06-14 08:53:14", "elapsed": 4.15158, "delta": 0.008975}}
{"target": -346.2473811860227, "params": {"gamma": 7.965789316779574, "prior": 3.3139193898096666, "rate": 3.0795165557326496}, "datetime": {"datetime": "2024-06-14 08:53:14", "elapsed": 4.160556, "delta": 0.008976}}
{"target": -497.7316384578212, "params": {"gamma": 9.281162675928762, "prior": 9.771470003263916, "rate": 5.236029491864212}, "datetime": {"datetime": "2024-06-14 08:53:14", "elapsed": 4.169532, "delta": 0.008976}}
{"target": -494.09794086851747, "params": {"gamma": 9.519399740511682, "prior": 8.891165289872, "rate": 5.180807583382493}, "datetime": {"datetime": "2024-06-14 08:53:14", "elapsed": 4.178509, "delta": 0.008977}}
{"target": -213.83408387800648, "params": {"gamma": 3.728115272172759, "prior": 7.132510325364133, "rate": 4.5569786029958985}, "datetime": {"datetime": "2024-06-14 08:53:14", "elapsed": 4.187513, "delta": 0.009004}}
{"target": -291.94486109242143, "params": {"gamma": 6.052523738337006, "prior": 9.905021349210472, "rate": 7.739388583314729}, "datetime": {"datetime": "2024-06-14 08:53:14", "elapsed": 4.19646, "delta": 0.008947}}
{"target": -159.1917508718458, "params": {"gamma": 3.343429773533269, "prior": 0.9810823861415419, "rate": 1.8498709971938052}, "datetime": {"datetime": "2024-06-14 08:53:14", "elapsed": 4.205974, "delta": 0.009514}}
{"target": -204.70252265224875, "params": {"gamma": 5.2689919070424525, "prior": 4.229313939257894, "rate": 8.006795921634268}, "datetime": {"datetime": "2024-06-14 08:53:14", "elapsed": 4.214978, "delta": 0.009004}}
{"target": -294.0521730246303, "params": {"gamma": 9.332090179528631, "prior": 1.8608610047183507, "rate": 8.600807641991286}, "datetime": {"datetime": "2024-06-14 08:53:14", "elapsed": 4.223925, "delta": 0.008947}}
{"target": -788.782336692327, "params": {"gamma": 9.57399186834036, "prior": 9.598759007812843, "rate": 0.37958801461658453}, "datetime": {"datetime": "2024-06-14 08:53:14", "elapsed": 4.233898, "delta": 0.009973}}
{"target": -117.24384305547359, "params": {"gamma": 0.576777472576129, "prior": 0.15739418988512105, "rate": 3.127498880398609}, "datetime": {"datetime": "2024-06-14 08:53:14", "elapsed": 4.242874, "delta": 0.008976}}
{"target": -127.3806713584477, "params": {"gamma": 0.5579284287083343, "prior": 3.0092386061583873, "rate": 3.5608088438258343}, "datetime": {"datetime": "2024-06-14 08:53:14", "elapsed": 4.25188, "delta": 0.009006}}
{"target": -496.7874251709179, "params": {"gamma": 9.536816507720744, "prior": 4.821814132619101, "rate": 2.783106185770882}, "datetime": {"datetime": "2024-06-14 08:53:14", "elapsed": 4.260365, "delta": 0.008485}}
{"target": -374.64147365509496, "params": {"gamma": 5.030548945314497, "prior": 6.469243454026442, "rate": 1.1133454800017826}, "datetime": {"datetime": "2024-06-14 08:53:14", "elapsed": 4.269341, "delta": 0.008976}}
{"target": -323.45758233547025, "params": {"gamma": 7.580858519672953, "prior": 8.534263135744226, "rate": 8.442654345834713}, "datetime": {"datetime": "2024-06-14 08:53:14", "elapsed": 4.278317, "delta": 0.008976}}
{"target": -350.9969230061413, "params": {"gamma": 8.905177817288482, "prior": 3.8802397278820355, "rate": 4.438608178466819}, "datetime": {"datetime": "2024-06-14 08:53:14", "elapsed": 4.287293, "delta": 0.008976}}
{"target": -115.83861183308768, "params": {"gamma": 1.0167131779857155, "prior": 2.335488532069228, "rate": 9.713233372262836}, "datetime": {"datetime": "2024-06-14 08:53:14", "elapsed": 4.296269, "delta": 0.008976}}
{"target": -164.20196688567125, "params": {"gamma": 2.8469550657183857, "prior": 9.083221808185874, "rate": 8.905632311496733}, "datetime": {"datetime": "2024-06-14 08:53:14", "elapsed": 4.305245, "delta": 0.008976}}
{"target": -294.07993318552604, "params": {"gamma": 9.225122468106674, "prior": 1.645880687963868, "rate": 8.797341712870308}, "datetime": {"datetime": "2024-06-14 08:53:14", "elapsed": 4.315218, "delta": 0.009973}}
{"target": -240.28578413279877, "params": {"gamma": 6.320317509680909, "prior": 2.1852189663461443, "rate": 3.4518140318860318}, "datetime": {"datetime": "2024-06-14 08:53:14", "elapsed": 4.32439, "delta": 0.009172}}
{"target": -176.49978158754038, "params": {"gamma": 1.6000279671042428, "prior": 4.499046758716659, "rate": 0.8386657635007598}, "datetime": {"datetime": "2024-06-14 08:53:14", "elapsed": 4.333366, "delta": 0.008976}}
{"target": -122.31890749960586, "params": {"gamma": 1.654019586311918, "prior": 2.052243830020026, "rate": 6.910582388225486}, "datetime": {"datetime": "2024-06-14 08:53:14", "elapsed": 4.342342, "delta": 0.008976}}
{"target": -383.10256867873875, "params": {"gamma": 5.738454888784365, "prior": 8.745899026963649, "rate": 2.447096023126362}, "datetime": {"datetime": "2024-06-14 08:53:14", "elapsed": 4.351318, "delta": 0.008976}}
{"target": -230.69918316289588, "params": {"gamma": 6.296449959232413, "prior": 0.4408695265402466, "rate": 5.162468412309614}, "datetime": {"datetime": "2024-06-14 08:53:14", "elapsed": 4.360294, "delta": 0.008976}}
{"target": -759.42007374649, "params": {"gamma": 8.632401590656782, "prior": 9.842852784460677, "rate": 0.09971988061382621}, "datetime": {"datetime": "2024-06-14 08:53:14", "elapsed": 4.370267, "delta": 0.009973}}
{"target": -214.8328239540304, "params": {"gamma": 2.5291619792860742, "prior": 2.316111736242501, "rate": 0.4763284046833772}, "datetime": {"datetime": "2024-06-14 08:53:14", "elapsed": 4.38024, "delta": 0.009973}}
{"target": -149.9983320289271, "params": {"gamma": 0.10271439016149476, "prior": 4.952933591217894, "rate": 0.4557759745572704}, "datetime": {"datetime": "2024-06-14 08:53:14", "elapsed": 4.389217, "delta": 0.008977}}
{"target": -192.602016054276, "params": {"gamma": 2.784002980338173, "prior": 6.435748234178231, "rate": 2.9476257235674814}, "datetime": {"datetime": "2024-06-14 08:53:14", "elapsed": 4.398193, "delta": 0.008976}}
{"target": -175.18698705135867, "params": {"gamma": 2.6972773568893555, "prior": 5.946410570211314, "rate": 3.805960238019191}, "datetime": {"datetime": "2024-06-14 08:53:14", "elapsed": 4.407169, "delta": 0.008976}}
{"target": -277.77088589207125, "params": {"gamma": 7.025527816580048, "prior": 5.011627117373624, "rate": 6.33245944879897}, "datetime": {"datetime": "2024-06-14 08:53:14", "elapsed": 4.416144, "delta": 0.008975}}
{"target": -225.87951808844088, "params": {"gamma": 3.5345900756692927, "prior": 2.9417350669395357, "rate": 1.3329379303972684}, "datetime": {"datetime": "2024-06-14 08:53:14", "elapsed": 4.425121, "delta": 0.008977}}
{"target": -364.5974056560208, "params": {"gamma": 9.370866767604843, "prior": 8.067874875556367, "rate": 9.380347403020368}, "datetime": {"datetime": "2024-06-14 08:53:14", "elapsed": 4.434096, "delta": 0.008975}}
{"target": -138.58729513006526, "params": {"gamma": 1.8546198659533752, "prior": 9.338242051949933, "rate": 9.357596323713638}, "datetime": {"datetime": "2024-06-14 08:53:14", "elapsed": 4.44299, "delta": 0.008894}}
{"target": -147.52161423450326, "params": {"gamma": 2.8361615915229414, "prior": 2.8188790593962434, "rate": 5.514764305160052}, "datetime": {"datetime": "2024-06-14 08:53:14", "elapsed": 4.451966, "delta": 0.008976}}
{"target": -161.8835181778399, "params": {"gamma": 1.8537071044461548, "prior": 4.476800995204981, "rate": 1.8539911417309063}, "datetime": {"datetime": "2024-06-14 08:53:14", "elapsed": 4.460942, "delta": 0.008976}}
{"target": -311.5595753217396, "params": {"gamma": 9.473811803621638, "prior": 4.988864109161748, "rate": 9.639213756472554}, "datetime": {"datetime": "2024-06-14 08:53:14", "elapsed": 4.469918, "delta": 0.008976}}
{"target": -232.41495824593983, "params": {"gamma": 6.449771783449607, "prior": 4.894726153020617, "rate": 9.676984764366013}, "datetime": {"datetime": "2024-06-14 08:53:14", "elapsed": 4.479891, "delta": 0.009973}}
{"target": -130.27181918187043, "params": {"gamma": 1.4327546273059197, "prior": 6.360065759198316, "rate": 6.6192217900001395}, "datetime": {"datetime": "2024-06-14 08:53:14", "elapsed": 4.488867, "delta": 0.008976}}
{"target": -176.1336954092048, "params": {"gamma": 4.3389644317001075, "prior": 0.6876365308556791, "rate": 4.927733289059168}, "datetime": {"datetime": "2024-06-14 08:53:14", "elapsed": 4.497843, "delta": 0.008976}}
{"target": -307.9601082197079, "params": {"gamma": 4.651874301237257, "prior": 8.08679342667115, "rate": 2.5673532385398095}, "datetime": {"datetime": "2024-06-14 08:53:14", "elapsed": 4.50682, "delta": 0.008977}}
{"target": -166.201504288166, "params": {"gamma": 3.914912199479702, "prior": 2.4777048514916347, "rate": 6.864747708308469}, "datetime": {"datetime": "2024-06-14 08:53:14", "elapsed": 4.51682, "delta": 0.01}}
{"target": -307.7623635900319, "params": {"gamma": 9.898844649917818, "prior": 1.856552414995793, "rate": 8.214645955522746}, "datetime": {"datetime": "2024-06-14 08:53:14", "elapsed": 4.525768, "delta": 0.008948}}
