{"target": -974.6170065828289, "params": {"gamma": 6.139097026322785, "lr": 0.3241385298974466}, "datetime": {"datetime": "2024-06-13 15:57:54", "elapsed": 1.36139, "delta": 0.003989}}
{"target": -869.7028490898284, "params": {"gamma": 4.574144456728294, "lr": 0.44411710701661444}, "datetime": {"datetime": "2024-06-13 15:57:54", "elapsed": 1.365383, "delta": 0.003993}}
{"target": -1542.6530592259935, "params": {"gamma": 8.281525471954389, "lr": 0.4263481542362306}, "datetime": {"datetime": "2024-06-13 15:57:54", "elapsed": 1.369369, "delta": 0.003986}}
{"target": -727.5737422152941, "params": {"gamma": 3.4576425129338477, "lr": 0.6749716048091052}, "datetime": {"datetime": "2024-06-13 15:57:54", "elapsed": 1.373358, "delta": 0.003989}}
{"target": -430.20515434347425, "params": {"gamma": 2.215599075279554, "lr": 0.4672458239265538}, "datetime": {"datetime": "2024-06-13 15:57:54", "elapsed": 1.37635, "delta": 0.002992}}
{"target": -635.4635356783436, "params": {"gamma": 3.1483421075528404, "lr": 0.6268556021628346}, "datetime": {"datetime": "2024-06-13 15:57:54", "elapsed": 1.380339, "delta": 0.003989}}
{"target": -1608.2643218394123, "params": {"gamma": 8.773727386473432, "lr": 0.4476890001456285}, "datetime": {"datetime": "2024-06-13 15:57:54", "elapsed": 1.38433, "delta": 0.003991}}
{"target": -1446.6619614699973, "params": {"gamma": 7.84478973050044, "lr": 0.4569657005615504}, "datetime": {"datetime": "2024-06-13 15:57:54", "elapsed": 1.388318, "delta": 0.003988}}
{"target": -1974.1550487215845, "params": {"gamma": 6.562637087839597, "lr": 0.13184097502750214}, "datetime": {"datetime": "2024-06-13 15:57:54", "elapsed": 1.392307, "delta": 0.003989}}
{"target": -1052.6034058060875, "params": {"gamma": 4.3303820881695145, "lr": 0.9093119886549367}, "datetime": {"datetime": "2024-06-13 15:57:54", "elapsed": 1.396297, "delta": 0.00399}}
{"target": -1310.0675314178422, "params": {"gamma": 6.055184531308316, "lr": 0.7667745872371021}, "datetime": {"datetime": "2024-06-13 15:57:54", "elapsed": 1.400286, "delta": 0.003989}}
{"target": -938.3661818704103, "params": {"gamma": 5.047501380350848, "lr": 0.49805562482800747}, "datetime": {"datetime": "2024-06-13 15:57:54", "elapsed": 1.404275, "delta": 0.003989}}
{"target": -3161.3841034240954, "params": {"gamma": 8.429155502088307, "lr": 0.06780693434095375}, "datetime": {"datetime": "2024-06-13 15:57:54", "elapsed": 1.408265, "delta": 0.00399}}
{"target": -1387.246768805649, "params": {"gamma": 5.733149443225297, "lr": 0.9427625754329493}, "datetime": {"datetime": "2024-06-13 15:57:54", "elapsed": 1.411286, "delta": 0.003021}}
{"target": -1215.1389785854556, "params": {"gamma": 5.179082621675048, "lr": 0.1944658095278845}, "datetime": {"datetime": "2024-06-13 15:57:54", "elapsed": 1.415249, "delta": 0.003963}}
{"target": -1427.2514876358077, "params": {"gamma": 8.479545985042318, "lr": 0.25163914235585283}, "datetime": {"datetime": "2024-06-13 15:57:54", "elapsed": 1.419235, "delta": 0.003986}}
{"target": -1264.8855125301222, "params": {"gamma": 7.007559638788898, "lr": 0.5402609403968999}, "datetime": {"datetime": "2024-06-13 15:57:54", "elapsed": 1.423225, "delta": 0.00399}}
{"target": -1920.3973246395224, "params": {"gamma": 9.488414046513915, "lr": 0.6243367024026759}, "datetime": {"datetime": "2024-06-13 15:57:54", "elapsed": 1.427214, "delta": 0.003989}}
{"target": -3143.053008169716, "params": {"gamma": 8.379941642515245, "lr": 0.007932876194523097}, "datetime": {"datetime": "2024-06-13 15:57:54", "elapsed": 1.430206, "delta": 0.002992}}
{"target": -3706.798972088861, "params": {"gamma": 9.893411221610213, "lr": 0.07771457033238649}, "datetime": {"datetime": "2024-06-13 15:57:54", "elapsed": 1.434195, "delta": 0.003989}}
{"target": -789.0485623653007, "params": {"gamma": 3.2219730066340815, "lr": 0.9461523954567653}, "datetime": {"datetime": "2024-06-13 15:57:54", "elapsed": 1.438185, "delta": 0.00399}}
{"target": -147.30109821095996, "params": {"gamma": 0.09038208461007943, "lr": 0.8227300054219355}, "datetime": {"datetime": "2024-06-13 15:57:54", "elapsed": 1.442174, "delta": 0.003989}}
{"target": -1621.564137015195, "params": {"gamma": 8.612255172029577, "lr": 0.4398308142085725}, "datetime": {"datetime": "2024-06-13 15:57:54", "elapsed": 1.446163, "delta": 0.003989}}
{"target": -592.9961367953931, "params": {"gamma": 2.558196192865506, "lr": 0.8026895196332986}, "datetime": {"datetime": "2024-06-13 15:57:54", "elapsed": 1.450153, "delta": 0.00399}}
{"target": -1441.3360062910149, "params": {"gamma": 4.77914218231778, "lr": 0.13433860865569613}, "datetime": {"datetime": "2024-06-13 15:57:54", "elapsed": 1.454143, "delta": 0.00399}}
{"target": -2181.845038891315, "params": {"gamma": 9.278562079257282, "lr": 0.8959699670066484}, "datetime": {"datetime": "2024-06-13 15:57:54", "elapsed": 1.457134, "delta": 0.002991}}
{"target": -1132.1955102994625, "params": {"gamma": 4.915959955019337, "lr": 0.8567024965177922}, "datetime": {"datetime": "2024-06-13 15:57:54", "elapsed": 1.461123, "delta": 0.003989}}
{"target": -876.6896190390502, "params": {"gamma": 4.1863616796152225, "lr": 0.6834649001663011}, "datetime": {"datetime": "2024-06-13 15:57:54", "elapsed": 1.465113, "delta": 0.00399}}
{"target": -729.1102386711938, "params": {"gamma": 3.9805084034398166, "lr": 0.5057420174508104}, "datetime": {"datetime": "2024-06-13 15:57:54", "elapsed": 1.469102, "delta": 0.003989}}
{"target": -477.5590932262368, "params": {"gamma": 1.896327476636439, "lr": 0.9649889241109139}, "datetime": {"datetime": "2024-06-13 15:57:54", "elapsed": 1.473092, "delta": 0.00399}}
{"target": -1052.8707051046028, "params": {"gamma": 2.9428626667543027, "lr": 0.10345955611640134}, "datetime": {"datetime": "2024-06-13 15:57:54", "elapsed": 1.477081, "delta": 0.003989}}
{"target": -569.6687577128591, "params": {"gamma": 1.4440096868902519, "lr": 0.014092294192442956}, "datetime": {"datetime": "2024-06-13 15:57:54", "elapsed": 1.48107, "delta": 0.003989}}
{"target": -1321.3246106338077, "params": {"gamma": 7.1597410489244835, "lr": 0.5644983202408741}, "datetime": {"datetime": "2024-06-13 15:57:54", "elapsed": 1.485059, "delta": 0.003989}}
{"target": -1431.354269538976, "params": {"gamma": 7.945988933496338, "lr": 0.5070799232841364}, "datetime": {"datetime": "2024-06-13 15:57:54", "elapsed": 1.488052, "delta": 0.002993}}
{"target": -1644.4389872622114, "params": {"gamma": 7.918418574002035, "lr": 0.6957642142718394}, "datetime": {"datetime": "2024-06-13 15:57:54", "elapsed": 1.492041, "delta": 0.003989}}
{"target": -1449.9320396286894, "params": {"gamma": 7.778706920114895, "lr": 0.4064828689770863}, "datetime": {"datetime": "2024-06-13 15:57:54", "elapsed": 1.49603, "delta": 0.003989}}
{"target": -1471.2603594620716, "params": {"gamma": 6.478058561241625, "lr": 0.1797942976929744}, "datetime": {"datetime": "2024-06-13 15:57:54", "elapsed": 1.50002, "delta": 0.00399}}
{"target": -743.0966136918385, "params": {"gamma": 3.2188778139156518, "lr": 0.1726046201197925}, "datetime": {"datetime": "2024-06-13 15:57:54", "elapsed": 1.504009, "delta": 0.003989}}
{"target": -741.0852816442751, "params": {"gamma": 4.086963612907611, "lr": 0.2414187479655988}, "datetime": {"datetime": "2024-06-13 15:57:54", "elapsed": 1.507001, "delta": 0.002992}}
{"target": -990.539895318866, "params": {"gamma": 4.069813019299451, "lr": 0.9752223424373121}, "datetime": {"datetime": "2024-06-13 15:57:54", "elapsed": 1.510964, "delta": 0.003963}}
{"target": -784.7578652755611, "params": {"gamma": 3.2038729388944907, "lr": 0.9824909449748953}, "datetime": {"datetime": "2024-06-13 15:57:54", "elapsed": 1.514951, "delta": 0.003987}}
{"target": -1034.5346755461435, "params": {"gamma": 6.363424952433981, "lr": 0.375091018393911}, "datetime": {"datetime": "2024-06-13 15:57:54", "elapsed": 1.51894, "delta": 0.003989}}
{"target": -1736.8349304658138, "params": {"gamma": 8.574987506336882, "lr": 0.6195867393685738}, "datetime": {"datetime": "2024-06-13 15:57:54", "elapsed": 1.522929, "delta": 0.003989}}
{"target": -558.8668538410894, "params": {"gamma": 2.521078768228263, "lr": 0.7928556779768876}, "datetime": {"datetime": "2024-06-13 15:57:54", "elapsed": 1.526919, "delta": 0.00399}}
{"target": -712.82452207895, "params": {"gamma": 4.329952148832897, "lr": 0.3575111673304414}, "datetime": {"datetime": "2024-06-13 15:57:54", "elapsed": 1.530431, "delta": 0.003512}}
{"target": -696.124463162754, "params": {"gamma": 3.3034390883142843, "lr": 0.6973688756131394}, "datetime": {"datetime": "2024-06-13 15:57:54", "elapsed": 1.534421, "delta": 0.00399}}
{"target": -621.2312534632408, "params": {"gamma": 2.6872325889383593, "lr": 0.8082780137053801}, "datetime": {"datetime": "2024-06-13 15:57:54", "elapsed": 1.53841, "delta": 0.003989}}
{"target": -549.0156030174725, "params": {"gamma": 2.953592655204078, "lr": 0.5441213835853572}, "datetime": {"datetime": "2024-06-13 15:57:54", "elapsed": 1.542399, "delta": 0.003989}}
{"target": -1124.0070494414842, "params": {"gamma": 4.879726996560219, "lr": 0.8553564125953698}, "datetime": {"datetime": "2024-06-13 15:57:54", "elapsed": 1.546389, "delta": 0.00399}}
{"target": -2072.588645733706, "params": {"gamma": 8.883975957519464, "lr": 0.18438444236776674}, "datetime": {"datetime": "2024-06-13 15:57:54", "elapsed": 1.549381, "delta": 0.002992}}
{"target": -1382.5031990992843, "params": {"gamma": 5.853899240923573, "lr": 0.8982050460171371}, "datetime": {"datetime": "2024-06-13 15:57:54", "elapsed": 1.553369, "delta": 0.003988}}
{"target": -1083.9037270308713, "params": {"gamma": 4.461726073125263, "lr": 0.9218683054838154}, "datetime": {"datetime": "2024-06-13 15:57:54", "elapsed": 1.557359, "delta": 0.00399}}
{"target": -579.0219416827316, "params": {"gamma": 2.790629913679252, "lr": 0.6088311741937957}, "datetime": {"datetime": "2024-06-13 15:57:54", "elapsed": 1.561348, "delta": 0.003989}}
{"target": -1222.8902238940916, "params": {"gamma": 6.824854643958388, "lr": 0.2282057333504841}, "datetime": {"datetime": "2024-06-13 15:57:54", "elapsed": 1.565338, "delta": 0.00399}}
{"target": -148.05582132374568, "params": {"gamma": 0.13866135806461027, "lr": 0.4167239623706961}, "datetime": {"datetime": "2024-06-13 15:57:54", "elapsed": 1.569327, "delta": 0.003989}}
{"target": -1519.7166209099985, "params": {"gamma": 9.384880436675484, "lr": 0.34302810983040655}, "datetime": {"datetime": "2024-06-13 15:57:54", "elapsed": 1.573317, "delta": 0.00399}}
{"target": -1766.797567537234, "params": {"gamma": 7.7976632105305175, "lr": 0.17473631282740743}, "datetime": {"datetime": "2024-06-13 15:57:54", "elapsed": 1.576309, "delta": 0.002992}}
{"target": -911.8125871780748, "params": {"gamma": 3.420186410188222, "lr": 0.14459772083809674}, "datetime": {"datetime": "2024-06-13 15:57:54", "elapsed": 1.580298, "delta": 0.003989}}
{"target": -1489.896938250745, "params": {"gamma": 7.167991370649615, "lr": 0.6993076236968142}, "datetime": {"datetime": "2024-06-13 15:57:54", "elapsed": 1.584287, "delta": 0.003989}}
{"target": -1162.0367478489031, "params": {"gamma": 6.88528468217124, "lr": 0.25339603448629966}, "datetime": {"datetime": "2024-06-13 15:57:54", "elapsed": 1.588277, "delta": 0.00399}}
{"target": -1240.3573351340383, "params": {"gamma": 6.923908856112466, "lr": 0.22729754091594956}, "datetime": {"datetime": "2024-06-13 15:57:54", "elapsed": 1.592266, "delta": 0.003989}}
{"target": -696.801503070901, "params": {"gamma": 4.247066510197466, "lr": 0.37192212166768723}, "datetime": {"datetime": "2024-06-13 15:57:54", "elapsed": 1.596255, "delta": 0.003989}}
{"target": -1346.4828256450032, "params": {"gamma": 3.553723808289602, "lr": 0.05765480724125638}, "datetime": {"datetime": "2024-06-13 15:57:54", "elapsed": 1.600245, "delta": 0.00399}}
{"target": -1365.872454257616, "params": {"gamma": 6.316834622032531, "lr": 0.7073166026816995}, "datetime": {"datetime": "2024-06-13 15:57:54", "elapsed": 1.604234, "delta": 0.003989}}
{"target": -1225.480446362293, "params": {"gamma": 6.136273356333854, "lr": 0.6483127561631246}, "datetime": {"datetime": "2024-06-13 15:57:54", "elapsed": 1.608223, "delta": 0.003989}}
{"target": -473.67904457316007, "params": {"gamma": 1.7002372014583604, "lr": 0.14944679893886248}, "datetime": {"datetime": "2024-06-13 15:57:54", "elapsed": 1.612213, "delta": 0.00399}}
{"target": -1221.0773286618012, "params": {"gamma": 5.142236260215303, "lr": 0.8753327263545391}, "datetime": {"datetime": "2024-06-13 15:57:54", "elapsed": 1.616202, "delta": 0.003989}}
{"target": -365.2551106068922, "params": {"gamma": 1.8403504620306732, "lr": 0.4628391187082599}, "datetime": {"datetime": "2024-06-13 15:57:54", "elapsed": 1.620192, "delta": 0.00399}}
{"target": -801.142000101731, "params": {"gamma": 4.289894407965, "lr": 0.4972891859195163}, "datetime": {"datetime": "2024-06-13 15:57:54", "elapsed": 1.624181, "delta": 0.003989}}
{"target": -293.2627387004647, "params": {"gamma": 1.6159461940896331, "lr": 0.34244064113481054}, "datetime": {"datetime": "2024-06-13 15:57:54", "elapsed": 1.62817, "delta": 0.003989}}
{"target": -615.6609456148343, "params": {"gamma": 2.6195421606310987, "lr": 0.844526943229479}, "datetime": {"datetime": "2024-06-13 15:57:54", "elapsed": 1.632159, "delta": 0.003989}}
{"target": -1491.3867542212151, "params": {"gamma": 8.003522125518241, "lr": 0.4266391582681436}, "datetime": {"datetime": "2024-06-13 15:57:54", "elapsed": 1.637146, "delta": 0.004987}}
{"target": -1596.7230432876818, "params": {"gamma": 6.070547592429601, "lr": 0.14546561026621996}, "datetime": {"datetime": "2024-06-13 15:57:54", "elapsed": 1.641135, "delta": 0.003989}}
{"target": -796.3717714001602, "params": {"gamma": 5.096623328881369, "lr": 0.29694708578690454}, "datetime": {"datetime": "2024-06-13 15:57:54", "elapsed": 1.645124, "delta": 0.003989}}
{"target": -1784.1294334995055, "params": {"gamma": 8.596649884738442, "lr": 0.6715983809063899}, "datetime": {"datetime": "2024-06-13 15:57:54", "elapsed": 1.649114, "delta": 0.00399}}
{"target": -2040.5822813505836, "params": {"gamma": 6.335106652211588, "lr": 0.12475130006917923}, "datetime": {"datetime": "2024-06-13 15:57:54", "elapsed": 1.653103, "delta": 0.003989}}
{"target": -1142.2372631238586, "params": {"gamma": 4.706408207109359, "lr": 0.9865727795868815}, "datetime": {"datetime": "2024-06-13 15:57:54", "elapsed": 1.657092, "delta": 0.003989}}
{"target": -1886.1273447359756, "params": {"gamma": 9.483043441552578, "lr": 0.6450856402604436}, "datetime": {"datetime": "2024-06-13 15:57:54", "elapsed": 1.661082, "delta": 0.00399}}
{"target": -329.1822299376057, "params": {"gamma": 1.5180969854487043, "lr": 0.639126848719905}, "datetime": {"datetime": "2024-06-13 15:57:54", "elapsed": 1.665073, "delta": 0.003991}}
{"target": -1048.9848728733666, "params": {"gamma": 5.657055463326731, "lr": 0.468665837661252}, "datetime": {"datetime": "2024-06-13 15:57:54", "elapsed": 1.669061, "delta": 0.003988}}
{"target": -813.2419475553813, "params": {"gamma": 4.280946657213234, "lr": 0.5992697556580301}, "datetime": {"datetime": "2024-06-13 15:57:54", "elapsed": 1.67305, "delta": 0.003989}}
{"target": -1832.9251895777563, "params": {"gamma": 8.499848915271139, "lr": 0.7511210403719374}, "datetime": {"datetime": "2024-06-13 15:57:54", "elapsed": 1.677039, "delta": 0.003989}}
{"target": -1401.7815398101015, "params": {"gamma": 5.794026042432034, "lr": 0.9247041815360281}, "datetime": {"datetime": "2024-06-13 15:57:54", "elapsed": 1.681029, "delta": 0.00399}}
{"target": -206.46592381294758, "params": {"gamma": 0.6483350944320471, "lr": 0.9913465087318091}, "datetime": {"datetime": "2024-06-13 15:57:54", "elapsed": 1.685018, "delta": 0.003989}}
{"target": -187.98219963882732, "params": {"gamma": 0.5308924321372274, "lr": 0.19949554613856135}, "datetime": {"datetime": "2024-06-13 15:57:54", "elapsed": 1.689007, "delta": 0.003989}}
{"target": -1498.6993659746902, "params": {"gamma": 4.228103863783965, "lr": 0.10750887618516769}, "datetime": {"datetime": "2024-06-13 15:57:54", "elapsed": 1.691999, "delta": 0.002992}}
{"target": -2344.9474107042456, "params": {"gamma": 6.2370804395660215, "lr": 0.047992564048867314}, "datetime": {"datetime": "2024-06-13 15:57:54", "elapsed": 1.695988, "delta": 0.003989}}
{"target": -1084.340851957162, "params": {"gamma": 2.8469541861884147, "lr": 0.06103668111967109}, "datetime": {"datetime": "2024-06-13 15:57:54", "elapsed": 1.699978, "delta": 0.00399}}
{"target": -1462.6126679686129, "params": {"gamma": 7.035489791719707, "lr": 0.668456167589482}, "datetime": {"datetime": "2024-06-13 15:57:54", "elapsed": 1.703967, "delta": 0.003989}}
{"target": -893.4815333994027, "params": {"gamma": 3.7864273519127716, "lr": 0.1881942600298212}, "datetime": {"datetime": "2024-06-13 15:57:54", "elapsed": 1.707957, "delta": 0.00399}}
{"target": -1213.5833477528106, "params": {"gamma": 7.4703012854704225, "lr": 0.34037929076546725}, "datetime": {"datetime": "2024-06-13 15:57:54", "elapsed": 1.712943, "delta": 0.004986}}
{"target": -1466.3844478198885, "params": {"gamma": 7.953216372889023, "lr": 0.4879009391796203}, "datetime": {"datetime": "2024-06-13 15:57:54", "elapsed": 1.716933, "delta": 0.00399}}
{"target": -1980.0851454776432, "params": {"gamma": 5.257168774065444, "lr": 0.028490849491567216}, "datetime": {"datetime": "2024-06-13 15:57:54", "elapsed": 1.720922, "delta": 0.003989}}
{"target": -1049.4041292536979, "params": {"gamma": 6.442675966770439, "lr": 0.3506565024321674}, "datetime": {"datetime": "2024-06-13 15:57:54", "elapsed": 1.723914, "delta": 0.002992}}
{"target": -450.6692693452984, "params": {"gamma": 2.292821067893365, "lr": 0.4338833762117006}, "datetime": {"datetime": "2024-06-13 15:57:54", "elapsed": 1.727903, "delta": 0.003989}}
{"target": -717.2303091907924, "params": {"gamma": 3.825292105251905, "lr": 0.46978904008636024}, "datetime": {"datetime": "2024-06-13 15:57:54", "elapsed": 1.731893, "delta": 0.00399}}
{"target": -1576.882072467958, "params": {"gamma": 9.794854058443883, "lr": 0.36437807036823044}, "datetime": {"datetime": "2024-06-13 15:57:54", "elapsed": 1.735882, "delta": 0.003989}}
{"target": -1399.4479154233095, "params": {"gamma": 7.744326923227059, "lr": 0.5527675965498925}, "datetime": {"datetime": "2024-06-13 15:57:54", "elapsed": 1.739871, "delta": 0.003989}}
{"target": -1440.7965306650517, "params": {"gamma": 8.891421759985722, "lr": 0.354952851149572}, "datetime": {"datetime": "2024-06-13 15:57:54", "elapsed": 1.743861, "delta": 0.00399}}
{"target": -608.1558811857197, "params": {"gamma": 2.455941283184888, "lr": 0.9110192396569683}, "datetime": {"datetime": "2024-06-13 15:57:54", "elapsed": 1.74785, "delta": 0.003989}}
{"target": -171.6666057534074, "params": {"gamma": 0.43629910331389593, "lr": 0.9507534280610023}, "datetime": {"datetime": "2024-06-13 15:57:54", "elapsed": 1.751839, "delta": 0.003989}}
{"target": -907.8400798933737, "params": {"gamma": 5.5645127497935825, "lr": 0.3763632166870875}, "datetime": {"datetime": "2024-06-13 15:57:54", "elapsed": 1.755828, "delta": 0.003989}}
{"target": -3728.0745514094065, "params": {"gamma": 9.950528171068772, "lr": 0.05836264614763165}, "datetime": {"datetime": "2024-06-13 15:57:54", "elapsed": 1.759818, "delta": 0.00399}}
{"target": -1946.7225372696505, "params": {"gamma": 5.167546891316355, "lr": 0.03109707545554785}, "datetime": {"datetime": "2024-06-13 15:57:54", "elapsed": 1.76281, "delta": 0.002992}}
{"target": -1299.7903379736704, "params": {"gamma": 5.712186216123149, "lr": 0.18046850899511557}, "datetime": {"datetime": "2024-06-13 15:57:54", "elapsed": 1.7668, "delta": 0.00399}}
{"target": -1524.9875548298303, "params": {"gamma": 6.309961044194965, "lr": 0.9809236757505815}, "datetime": {"datetime": "2024-06-13 15:57:54", "elapsed": 1.770789, "delta": 0.003989}}
{"target": -1603.81746992968, "params": {"gamma": 8.749150609572597, "lr": 0.45183624942087064}, "datetime": {"datetime": "2024-06-13 15:57:54", "elapsed": 1.774576, "delta": 0.003787}}
{"target": -1530.242378290396, "params": {"gamma": 7.084900239647121, "lr": 0.7774687500031893}, "datetime": {"datetime": "2024-06-13 15:57:54", "elapsed": 1.778563, "delta": 0.003987}}
{"target": -900.1266533524231, "params": {"gamma": 4.9489359987414545, "lr": 0.5285334901775651}, "datetime": {"datetime": "2024-06-13 15:57:55", "elapsed": 1.782554, "delta": 0.003991}}
{"target": -277.5895323630587, "params": {"gamma": 1.5086931993235537, "lr": 0.36939992561190627}, "datetime": {"datetime": "2024-06-13 15:57:55", "elapsed": 1.786386, "delta": 0.003832}}
{"target": -328.9644897805217, "params": {"gamma": 1.4230703094747938, "lr": 0.7268937533445626}, "datetime": {"datetime": "2024-06-13 15:57:55", "elapsed": 1.790377, "delta": 0.003991}}
{"target": -884.7774741763468, "params": {"gamma": 4.770652931028231, "lr": 0.44887883670676554}, "datetime": {"datetime": "2024-06-13 15:57:55", "elapsed": 1.794365, "delta": 0.003988}}
{"target": -1593.5504923899457, "params": {"gamma": 8.860093713682348, "lr": 0.5276187723115614}, "datetime": {"datetime": "2024-06-13 15:57:55", "elapsed": 1.798354, "delta": 0.003989}}
{"target": -698.9015949291157, "params": {"gamma": 4.091499228336683, "lr": 0.26889202221264585}, "datetime": {"datetime": "2024-06-13 15:57:55", "elapsed": 1.802343, "delta": 0.003989}}
{"target": -190.9191456825586, "params": {"gamma": 0.7210483396625298, "lr": 0.4181361337253158}, "datetime": {"datetime": "2024-06-13 15:57:55", "elapsed": 1.806333, "delta": 0.00399}}
{"target": -149.63230136729058, "params": {"gamma": 0.25850907058342715, "lr": 0.29115394055242805}, "datetime": {"datetime": "2024-06-13 15:57:55", "elapsed": 1.810322, "delta": 0.003989}}
{"target": -1220.7560438186476, "params": {"gamma": 5.035591588974117, "lr": 0.9659330650197223}, "datetime": {"datetime": "2024-06-13 15:57:55", "elapsed": 1.814312, "delta": 0.00399}}
