{"target": -1065.701279971186, "params": {"gamma": 4.903044972676658, "lr": 0.5991103076458784}, "datetime": {"datetime": "2024-06-13 14:28:14", "elapsed": 0.429512, "delta": 0.003989}}
{"target": -149.7034739265405, "params": {"gamma": 0.15631722223280642, "lr": 0.5934814081966372}, "datetime": {"datetime": "2024-06-13 14:28:14", "elapsed": 0.432504, "delta": 0.002992}}
{"target": -1275.0466136938305, "params": {"gamma": 4.337329813545594, "lr": 0.8073605288848414}, "datetime": {"datetime": "2024-06-13 14:28:14", "elapsed": 0.436494, "delta": 0.00399}}
{"target": -980.9441291293303, "params": {"gamma": 3.153132786150634, "lr": 0.8928887085251513}, "datetime": {"datetime": "2024-06-13 14:28:14", "elapsed": 0.439526, "delta": 0.003032}}
{"target": -941.025702795787, "params": {"gamma": 5.778994295630071, "lr": 0.18401020162746506}, "datetime": {"datetime": "2024-06-13 14:28:14", "elapsed": 0.443477, "delta": 0.003951}}
{"target": -1854.1141313189962, "params": {"gamma": 7.8795044090212185, "lr": 0.6120311770449339}, "datetime": {"datetime": "2024-06-13 14:28:14", "elapsed": 0.447467, "delta": 0.00399}}
{"target": -155.28694504992734, "params": {"gamma": 0.5400388114654558, "lr": 0.4201936800011322}, "datetime": {"datetime": "2024-06-13 14:28:14", "elapsed": 0.450459, "delta": 0.002992}}
{"target": -2188.6117512081087, "params": {"gamma": 6.791009296817731, "lr": 0.9186017779775258}, "datetime": {"datetime": "2024-06-13 14:28:14", "elapsed": 0.454448, "delta": 0.003989}}
{"target": -155.63288493130332, "params": {"gamma": 0.005019846888682974, "lr": 0.9767591490310596}, "datetime": {"datetime": "2024-06-13 14:28:14", "elapsed": 0.45744, "delta": 0.002992}}
{"target": -1222.2222029617985, "params": {"gamma": 3.766426567142999, "lr": 0.9737835383583225}, "datetime": {"datetime": "2024-06-13 14:28:14", "elapsed": 0.46143, "delta": 0.00399}}
{"target": -1771.060046430473, "params": {"gamma": 6.047556293639557, "lr": 0.828845807980693}, "datetime": {"datetime": "2024-06-13 14:28:14", "elapsed": 0.464421, "delta": 0.002991}}
{"target": -1359.247852699973, "params": {"gamma": 5.747540335576315, "lr": 0.6280761983073504}, "datetime": {"datetime": "2024-06-13 14:28:14", "elapsed": 0.468411, "delta": 0.00399}}
{"target": -631.7999992468104, "params": {"gamma": 2.8564772406752437, "lr": 0.586833340656083}, "datetime": {"datetime": "2024-06-13 14:28:14", "elapsed": 0.4724, "delta": 0.003989}}
{"target": -2306.802581094157, "params": {"gamma": 7.500467615262897, "lr": 0.8583138364290424}, "datetime": {"datetime": "2024-06-13 14:28:14", "elapsed": 0.475392, "delta": 0.002992}}
{"target": -1912.0846229595534, "params": {"gamma": 7.551066802488335, "lr": 0.698057248447303}, "datetime": {"datetime": "2024-06-13 14:28:14", "elapsed": 0.479381, "delta": 0.003989}}
{"target": -1300.2790375112409, "params": {"gamma": 8.644929821115943, "lr": 0.32268099683674645}, "datetime": {"datetime": "2024-06-13 14:28:14", "elapsed": 0.482373, "delta": 0.002992}}
{"target": -1209.6504494007104, "params": {"gamma": 6.708217119085085, "lr": 0.45087393641334916}, "datetime": {"datetime": "2024-06-13 14:28:14", "elapsed": 0.486362, "delta": 0.003989}}
{"target": -629.9366341053311, "params": {"gamma": 3.8216454175631407, "lr": 0.4108113499221856}, "datetime": {"datetime": "2024-06-13 14:28:14", "elapsed": 0.489355, "delta": 0.002993}}
{"target": -616.2393474839193, "params": {"gamma": 4.015394355111937, "lr": 0.3173839459582769}, "datetime": {"datetime": "2024-06-13 14:28:14", "elapsed": 0.493344, "delta": 0.003989}}
{"target": -1140.9472887677116, "params": {"gamma": 6.219571759835095, "lr": 0.43024727082126435}, "datetime": {"datetime": "2024-06-13 14:28:14", "elapsed": 0.497333, "delta": 0.003989}}
{"target": -2460.92559161346, "params": {"gamma": 9.738046977194596, "lr": 0.6778008914343111}, "datetime": {"datetime": "2024-06-13 14:28:14", "elapsed": 0.500325, "delta": 0.002992}}
{"target": -343.98314476651984, "params": {"gamma": 1.9865003143826816, "lr": 0.4267010093480328}, "datetime": {"datetime": "2024-06-13 14:28:14", "elapsed": 0.504315, "delta": 0.00399}}
{"target": -1008.3821065768899, "params": {"gamma": 3.4341190515044557, "lr": 0.7976388039585666}, "datetime": {"datetime": "2024-06-13 14:28:14", "elapsed": 0.507307, "delta": 0.002992}}
{"target": -2703.7835664428003, "params": {"gamma": 8.800102887345755, "lr": 0.903841955826372}, "datetime": {"datetime": "2024-06-13 14:28:14", "elapsed": 0.511296, "delta": 0.003989}}
{"target": -1038.7580764980848, "params": {"gamma": 6.627535403940247, "lr": 0.2702082620297578}, "datetime": {"datetime": "2024-06-13 14:28:14", "elapsed": 0.515285, "delta": 0.003989}}
{"target": -769.8915427643136, "params": {"gamma": 2.5244146483443926, "lr": 0.8548979426974024}, "datetime": {"datetime": "2024-06-13 14:28:14", "elapsed": 0.518277, "delta": 0.002992}}
{"target": -1547.6353931739127, "params": {"gamma": 5.277618748441158, "lr": 0.8021610840045981}, "datetime": {"datetime": "2024-06-13 14:28:14", "elapsed": 0.522267, "delta": 0.00399}}
{"target": -1488.5552132814544, "params": {"gamma": 5.725312683398872, "lr": 0.7331425252875111}, "datetime": {"datetime": "2024-06-13 14:28:14", "elapsed": 0.525259, "delta": 0.002992}}
{"target": -1507.3934110022515, "params": {"gamma": 5.190597263013095, "lr": 0.770883910501888}, "datetime": {"datetime": "2024-06-13 14:28:14", "elapsed": 0.529248, "delta": 0.003989}}
{"target": -1028.9507030104398, "params": {"gamma": 5.689011049056451, "lr": 0.4657098785919809}, "datetime": {"datetime": "2024-06-13 14:28:14", "elapsed": 0.533237, "delta": 0.003989}}
{"target": -1457.7734549436955, "params": {"gamma": 3.4275463906248644, "lr": 0.06820934841670412}, "datetime": {"datetime": "2024-06-13 14:28:14", "elapsed": 0.536229, "delta": 0.002992}}
{"target": -1603.258319802451, "params": {"gamma": 3.7798638691016704, "lr": 0.07962607769825236}, "datetime": {"datetime": "2024-06-13 14:28:14", "elapsed": 0.540219, "delta": 0.00399}}
{"target": -1589.7243721353504, "params": {"gamma": 9.82818832019072, "lr": 0.18161285133076377}, "datetime": {"datetime": "2024-06-13 14:28:14", "elapsed": 0.544209, "delta": 0.00399}}
{"target": -2495.649045955179, "params": {"gamma": 8.118775118507678, "lr": 0.8749616449558981}, "datetime": {"datetime": "2024-06-13 14:28:14", "elapsed": 0.5472, "delta": 0.002991}}
{"target": -1456.4574351280721, "params": {"gamma": 6.884444110607048, "lr": 0.5694944127453757}, "datetime": {"datetime": "2024-06-13 14:28:14", "elapsed": 0.551194, "delta": 0.003994}}
{"target": -317.0879679903957, "params": {"gamma": 1.610553396719272, "lr": 0.4668800227633063}, "datetime": {"datetime": "2024-06-13 14:28:14", "elapsed": 0.554186, "delta": 0.002992}}
{"target": -537.5937878560259, "params": {"gamma": 3.452375339500995, "lr": 0.2250399578140846}, "datetime": {"datetime": "2024-06-13 14:28:14", "elapsed": 0.558204, "delta": 0.004018}}
{"target": -898.0054244125439, "params": {"gamma": 5.925526175789202, "lr": 0.31226983770191696}, "datetime": {"datetime": "2024-06-13 14:28:14", "elapsed": 0.562193, "delta": 0.003989}}
{"target": -2840.3332925087525, "params": {"gamma": 9.163139229130039, "lr": 0.9096355249515571}, "datetime": {"datetime": "2024-06-13 14:28:14", "elapsed": 0.565185, "delta": 0.002992}}
{"target": -790.7305761085614, "params": {"gamma": 2.57192581952818, "lr": 0.1108913007440292}, "datetime": {"datetime": "2024-06-13 14:28:14", "elapsed": 0.569145, "delta": 0.00396}}
{"target": -370.36606342572395, "params": {"gamma": 1.9304343574591094, "lr": 0.49958417067888605}, "datetime": {"datetime": "2024-06-13 14:28:14", "elapsed": 0.573135, "delta": 0.00399}}
{"target": -1139.2691380272986, "params": {"gamma": 7.286128094077989, "lr": 0.20819443840879148}, "datetime": {"datetime": "2024-06-13 14:28:14", "elapsed": 0.576127, "delta": 0.002992}}
{"target": -757.2106742764466, "params": {"gamma": 2.48108755021393, "lr": 0.851671874936367}, "datetime": {"datetime": "2024-06-13 14:28:14", "elapsed": 0.580117, "delta": 0.00399}}
{"target": -988.5997647250472, "params": {"gamma": 4.159071333957006, "lr": 0.6166850671552362}, "datetime": {"datetime": "2024-06-13 14:28:14", "elapsed": 0.583108, "delta": 0.002991}}
{"target": -723.2879340128203, "params": {"gamma": 2.3374277262532615, "lr": 0.10196725942579743}, "datetime": {"datetime": "2024-06-13 14:28:14", "elapsed": 0.587097, "delta": 0.003989}}
{"target": -935.0742538524265, "params": {"gamma": 5.159054312668331, "lr": 0.47714098704978236}, "datetime": {"datetime": "2024-06-13 14:28:14", "elapsed": 0.590089, "delta": 0.002992}}
{"target": -386.360000714138, "params": {"gamma": 1.5275637692875392, "lr": 0.6218062317404155}, "datetime": {"datetime": "2024-06-13 14:28:14", "elapsed": 0.594079, "delta": 0.00399}}
{"target": -1326.446015953902, "params": {"gamma": 5.440557178020568, "lr": 0.6541373469707443}, "datetime": {"datetime": "2024-06-13 14:28:14", "elapsed": 0.597621, "delta": 0.003542}}
{"target": -441.83839695843847, "params": {"gamma": 1.4463108557064734, "lr": 0.7515278171352439}, "datetime": {"datetime": "2024-06-13 14:28:14", "elapsed": 0.601611, "delta": 0.00399}}
{"target": -496.17254177344154, "params": {"gamma": 2.221269348859427, "lr": 0.519351824366033}, "datetime": {"datetime": "2024-06-13 14:28:14", "elapsed": 0.604602, "delta": 0.002991}}
{"target": -3288.6778983084487, "params": {"gamma": 7.853174986187969, "lr": 0.02233042799180618}, "datetime": {"datetime": "2024-06-13 14:28:14", "elapsed": 0.608592, "delta": 0.00399}}
{"target": -1008.9705675395682, "params": {"gamma": 3.2443002348021386, "lr": 0.872922376400111}, "datetime": {"datetime": "2024-06-13 14:28:14", "elapsed": 0.612581, "delta": 0.003989}}
{"target": -1815.9817975226558, "params": {"gamma": 8.447251366413093, "lr": 0.5384405925945437}, "datetime": {"datetime": "2024-06-13 14:28:14", "elapsed": 0.615573, "delta": 0.002992}}
{"target": -2788.52303055752, "params": {"gamma": 8.666216133390963, "lr": 0.9498059913536265}, "datetime": {"datetime": "2024-06-13 14:28:14", "elapsed": 0.619562, "delta": 0.003989}}
{"target": -2469.8207832443827, "params": {"gamma": 8.264243569295784, "lr": 0.8541154438365387}, "datetime": {"datetime": "2024-06-13 14:28:14", "elapsed": 0.622555, "delta": 0.002993}}
{"target": -277.25067143741285, "params": {"gamma": 0.9883352748016633, "lr": 0.651304332340991}, "datetime": {"datetime": "2024-06-13 14:28:14", "elapsed": 0.626544, "delta": 0.003989}}
{"target": -1657.5511440742252, "params": {"gamma": 7.035466364538378, "lr": 0.6102408126466297}, "datetime": {"datetime": "2024-06-13 14:28:14", "elapsed": 0.629584, "delta": 0.00304}}
{"target": -3347.950394606855, "params": {"gamma": 7.996353002098545, "lr": 0.03457121987163425}, "datetime": {"datetime": "2024-06-13 14:28:14", "elapsed": 0.633573, "delta": 0.003989}}
{"target": -1996.372573515926, "params": {"gamma": 7.702617106815245, "lr": 0.731728600739527}, "datetime": {"datetime": "2024-06-13 14:28:14", "elapsed": 0.637562, "delta": 0.003989}}
{"target": -421.98745866412224, "params": {"gamma": 2.5977242345902325, "lr": 0.2570692988221467}, "datetime": {"datetime": "2024-06-13 14:28:14", "elapsed": 0.640555, "delta": 0.002993}}
{"target": -994.6639958975235, "params": {"gamma": 6.323400870983849, "lr": 0.34529746159108154}, "datetime": {"datetime": "2024-06-13 14:28:14", "elapsed": 0.644092, "delta": 0.003537}}
{"target": -1432.8039271864297, "params": {"gamma": 7.966090191394868, "lr": 0.44614623200345727}, "datetime": {"datetime": "2024-06-13 14:28:14", "elapsed": 0.648078, "delta": 0.003986}}
{"target": -2520.2502554702696, "params": {"gamma": 7.827711398426936, "lr": 0.9904717836238407}, "datetime": {"datetime": "2024-06-13 14:28:14", "elapsed": 0.65107, "delta": 0.002992}}
{"target": -533.0204809065139, "params": {"gamma": 3.0031831469994668, "lr": 0.14300582825809938}, "datetime": {"datetime": "2024-06-13 14:28:14", "elapsed": 0.655061, "delta": 0.003991}}
{"target": -1936.5035244313706, "params": {"gamma": 9.01318305505639, "lr": 0.5415593788873733}, "datetime": {"datetime": "2024-06-13 14:28:14", "elapsed": 0.659049, "delta": 0.003988}}
{"target": -2361.6483204735646, "params": {"gamma": 9.747428968179968, "lr": 0.6366044000018972}, "datetime": {"datetime": "2024-06-13 14:28:14", "elapsed": 0.662041, "delta": 0.002992}}
{"target": -2127.24144266391, "params": {"gamma": 9.939136333080178, "lr": 0.5460708041429516}, "datetime": {"datetime": "2024-06-13 14:28:14", "elapsed": 0.66603, "delta": 0.003989}}
{"target": -1033.2955583045352, "params": {"gamma": 5.264732913121308, "lr": 0.1354279030721699}, "datetime": {"datetime": "2024-06-13 14:28:14", "elapsed": 0.669022, "delta": 0.002992}}
{"target": -1511.5019275887535, "params": {"gamma": 3.5576960046678274, "lr": 0.026218567296373285}, "datetime": {"datetime": "2024-06-13 14:28:14", "elapsed": 0.673012, "delta": 0.00399}}
{"target": -440.5060485830838, "params": {"gamma": 1.6047914000169714, "lr": 0.7456371927074961}, "datetime": {"datetime": "2024-06-13 14:28:14", "elapsed": 0.677001, "delta": 0.003989}}
{"target": -142.36241039904564, "params": {"gamma": 0.3049664995979595, "lr": 0.36654309724374434}, "datetime": {"datetime": "2024-06-13 14:28:14", "elapsed": 0.679993, "delta": 0.002992}}
{"target": -2181.231917609697, "params": {"gamma": 8.623600182127603, "lr": 0.6926777175073543}, "datetime": {"datetime": "2024-06-13 14:28:14", "elapsed": 0.683982, "delta": 0.003989}}
{"target": -1119.5474319930995, "params": {"gamma": 6.90973047851962, "lr": 0.18863680095531088}, "datetime": {"datetime": "2024-06-13 14:28:14", "elapsed": 0.686974, "delta": 0.002992}}
{"target": -959.0748988288847, "params": {"gamma": 4.419600903203486, "lr": 0.5815774073442912}, "datetime": {"datetime": "2024-06-13 14:28:14", "elapsed": 0.690964, "delta": 0.00399}}
{"target": -1540.0739917684527, "params": {"gamma": 9.897527324929388, "lr": 0.20390622523312185}, "datetime": {"datetime": "2024-06-13 14:28:14", "elapsed": 0.694953, "delta": 0.003989}}
{"target": -404.07825606361104, "params": {"gamma": 2.478081284721786, "lr": 0.26217308377291193}, "datetime": {"datetime": "2024-06-13 14:28:14", "elapsed": 0.697945, "delta": 0.002992}}
{"target": -1350.456388163327, "params": {"gamma": 7.50197396056663, "lr": 0.4569753274356928}, "datetime": {"datetime": "2024-06-13 14:28:14", "elapsed": 0.701934, "delta": 0.003989}}
{"target": -183.06185033774665, "params": {"gamma": 0.5702374546725388, "lr": 0.5085162406102396}, "datetime": {"datetime": "2024-06-13 14:28:14", "elapsed": 0.704927, "delta": 0.002993}}
{"target": -632.7118134392613, "params": {"gamma": 2.120389686272116, "lr": 0.7986042447602102}, "datetime": {"datetime": "2024-06-13 14:28:14", "elapsed": 0.709226, "delta": 0.004299}}
{"target": -1270.728959710598, "params": {"gamma": 2.9740164836912153, "lr": 0.02760601195450363}, "datetime": {"datetime": "2024-06-13 14:28:14", "elapsed": 0.713205, "delta": 0.003979}}
{"target": -1778.2344703160582, "params": {"gamma": 5.934731062196747, "lr": 0.8438404289311888}, "datetime": {"datetime": "2024-06-13 14:28:14", "elapsed": 0.716717, "delta": 0.003512}}
{"target": -997.8466478289242, "params": {"gamma": 3.81078022449808, "lr": 0.7498583107261434}, "datetime": {"datetime": "2024-06-13 14:28:14", "elapsed": 0.720707, "delta": 0.00399}}
{"target": -1106.101063501373, "params": {"gamma": 5.111903641492986, "lr": 0.5409518049621886}, "datetime": {"datetime": "2024-06-13 14:28:14", "elapsed": 0.723699, "delta": 0.002992}}
{"target": -2801.083538412453, "params": {"gamma": 9.594383776296462, "lr": 0.8039608914986468}, "datetime": {"datetime": "2024-06-13 14:28:14", "elapsed": 0.727688, "delta": 0.003989}}
{"target": -163.31940419825744, "params": {"gamma": 0.3241983431691163, "lr": 0.7093872512312951}, "datetime": {"datetime": "2024-06-13 14:28:14", "elapsed": 0.731678, "delta": 0.00399}}
{"target": -1504.3411920387316, "params": {"gamma": 4.650549814153498, "lr": 0.9475489413950998}, "datetime": {"datetime": "2024-06-13 14:28:14", "elapsed": 0.734669, "delta": 0.002991}}
{"target": -364.99238832860993, "params": {"gamma": 2.2151059105005597, "lr": 0.2670720196843658}, "datetime": {"datetime": "2024-06-13 14:28:14", "elapsed": 0.738659, "delta": 0.00399}}
{"target": -197.09250139644473, "params": {"gamma": 0.8156581748077427, "lr": 0.42861882866378653}, "datetime": {"datetime": "2024-06-13 14:28:14", "elapsed": 0.741651, "delta": 0.002992}}
{"target": -291.93479435089444, "params": {"gamma": 1.091078621426664, "lr": 0.6337867606119179}, "datetime": {"datetime": "2024-06-13 14:28:14", "elapsed": 0.74564, "delta": 0.003989}}
{"target": -2032.2232632592443, "params": {"gamma": 8.029829410500005, "lr": 0.6968004961201785}, "datetime": {"datetime": "2024-06-13 14:28:14", "elapsed": 0.74963, "delta": 0.00399}}
{"target": -1201.3323141879969, "params": {"gamma": 7.66234759937663, "lr": 0.3424541198435198}, "datetime": {"datetime": "2024-06-13 14:28:14", "elapsed": 0.752622, "delta": 0.002992}}
{"target": -1544.8917377055795, "params": {"gamma": 8.45866897879375, "lr": 0.42876877499944255}, "datetime": {"datetime": "2024-06-13 14:28:14", "elapsed": 0.756611, "delta": 0.003989}}
{"target": -1940.878610437063, "params": {"gamma": 8.240274694252776, "lr": 0.6264961586242938}, "datetime": {"datetime": "2024-06-13 14:28:14", "elapsed": 0.7606, "delta": 0.003989}}
{"target": -641.0365629777223, "params": {"gamma": 1.435087063653779, "lr": 0.07838689985494796}, "datetime": {"datetime": "2024-06-13 14:28:14", "elapsed": 0.763592, "delta": 0.002992}}
{"target": -184.12274461707847, "params": {"gamma": 0.1843080964871599, "lr": 0.06672499763935646}, "datetime": {"datetime": "2024-06-13 14:28:14", "elapsed": 0.767581, "delta": 0.003989}}
{"target": -1072.6935949095557, "params": {"gamma": 4.586379553270611, "lr": 0.11334192276759048}, "datetime": {"datetime": "2024-06-13 14:28:14", "elapsed": 0.771572, "delta": 0.003991}}
{"target": -166.33066145640092, "params": {"gamma": 0.27880570513785086, "lr": 0.7548614813904674}, "datetime": {"datetime": "2024-06-13 14:28:14", "elapsed": 0.774563, "delta": 0.002991}}
{"target": -1033.2223273559182, "params": {"gamma": 3.949109954125934, "lr": 0.7469384956075251}, "datetime": {"datetime": "2024-06-13 14:28:14", "elapsed": 0.778552, "delta": 0.003989}}
{"target": -822.822425673234, "params": {"gamma": 4.52459586263777, "lr": 0.4500867470007611}, "datetime": {"datetime": "2024-06-13 14:28:14", "elapsed": 0.781544, "delta": 0.002992}}
{"target": -868.2075247730529, "params": {"gamma": 4.7812469946715925, "lr": 0.47400392656219403}, "datetime": {"datetime": "2024-06-13 14:28:14", "elapsed": 0.785534, "delta": 0.00399}}
{"target": -1299.8952569473745, "params": {"gamma": 8.031830257799582, "lr": 0.40239251985773583}, "datetime": {"datetime": "2024-06-13 14:28:14", "elapsed": 0.789523, "delta": 0.003989}}
{"target": -3782.88514327568, "params": {"gamma": 9.046956917275887, "lr": 0.037061047954035864}, "datetime": {"datetime": "2024-06-13 14:28:14", "elapsed": 0.792515, "delta": 0.002992}}
{"target": -1509.2104660698983, "params": {"gamma": 7.738969552861467, "lr": 0.12564138113773882}, "datetime": {"datetime": "2024-06-13 14:28:14", "elapsed": 0.796504, "delta": 0.003989}}
{"target": -2598.352569786611, "params": {"gamma": 6.185517155553943, "lr": 0.010364261335231939}, "datetime": {"datetime": "2024-06-13 14:28:14", "elapsed": 0.799496, "delta": 0.002992}}
{"target": -2267.7682222612784, "params": {"gamma": 5.386734198480894, "lr": 0.0030179566195963625}, "datetime": {"datetime": "2024-06-13 14:28:14", "elapsed": 0.803485, "delta": 0.003989}}
{"target": -2921.2322592865326, "params": {"gamma": 9.511986661116556, "lr": 0.905402033702778}, "datetime": {"datetime": "2024-06-13 14:28:14", "elapsed": 0.807475, "delta": 0.00399}}
{"target": -2469.7854795478015, "params": {"gamma": 7.959873452480752, "lr": 0.9152743199147875}, "datetime": {"datetime": "2024-06-13 14:28:14", "elapsed": 0.810467, "delta": 0.002992}}
{"target": -283.3026896087537, "params": {"gamma": 1.4564367533528122, "lr": 0.15773006987053328}, "datetime": {"datetime": "2024-06-13 14:28:14", "elapsed": 0.814456, "delta": 0.003989}}
{"target": -464.25662008842795, "params": {"gamma": 1.8771290973514374, "lr": 0.6224959022999211}, "datetime": {"datetime": "2024-06-13 14:28:14", "elapsed": 0.817448, "delta": 0.002992}}
{"target": -2913.9384738086073, "params": {"gamma": 9.05818915058701, "lr": 0.9899551783590737}, "datetime": {"datetime": "2024-06-13 14:28:14", "elapsed": 0.821438, "delta": 0.00399}}
{"target": -1844.5227937376553, "params": {"gamma": 7.111513465199394, "lr": 0.7318004091422953}, "datetime": {"datetime": "2024-06-13 14:28:14", "elapsed": 0.825427, "delta": 0.003989}}
{"target": -1469.109690568707, "params": {"gamma": 9.093022752238, "lr": 0.4008737323711209}, "datetime": {"datetime": "2024-06-13 14:28:14", "elapsed": 0.828419, "delta": 0.002992}}
{"target": -428.4335060225385, "params": {"gamma": 2.4992569515701426, "lr": 0.17343017078712286}, "datetime": {"datetime": "2024-06-13 14:28:14", "elapsed": 0.832409, "delta": 0.00399}}
{"target": -378.1957248550194, "params": {"gamma": 1.1954510462869563, "lr": 0.8126105880328287}, "datetime": {"datetime": "2024-06-13 14:28:14", "elapsed": 0.836397, "delta": 0.003988}}
{"target": -257.727272199044, "params": {"gamma": 1.4687769417990144, "lr": 0.2642974827269007}, "datetime": {"datetime": "2024-06-13 14:28:14", "elapsed": 0.83939, "delta": 0.002993}}
{"target": -1233.1198204160476, "params": {"gamma": 8.191072697156674, "lr": 0.31058725179421}, "datetime": {"datetime": "2024-06-13 14:28:14", "elapsed": 0.842794, "delta": 0.003404}}
{"target": -1530.9571761488041, "params": {"gamma": 9.824192075480136, "lr": 0.2666387021516352}, "datetime": {"datetime": "2024-06-13 14:28:14", "elapsed": 0.846783, "delta": 0.003989}}
