{"target": -268.03769165749867, "params": {"gamma": 4.170803025021038, "prior": 7.231212485077365, "rate": 0.002143633798631522}, "datetime": {"datetime": "2024-06-14 10:30:25", "elapsed": 0.0, "delta": 0.0}}
{"target": -196.95648566775915, "params": {"gamma": 3.024023393745766, "prior": 1.5528833190894193, "rate": 0.9242936090932092}, "datetime": {"datetime": "2024-06-14 10:30:25", "elapsed": 0.007979, "delta": 0.007979}}
{"target": -158.61690809263692, "params": {"gamma": 1.8634158535653313, "prior": 3.5210511977261727, "rate": 3.968277974832469}, "datetime": {"datetime": "2024-06-14 10:30:25", "elapsed": 0.016955, "delta": 0.008976}}
{"target": -290.81374674810127, "params": {"gamma": 5.388628523299567, "prior": 4.250025692592619, "rate": 6.852509784467199}, "datetime": {"datetime": "2024-06-14 10:30:25", "elapsed": 0.025931, "delta": 0.008976}}
{"target": -182.55325923394125, "params": {"gamma": 2.045318045065443, "prior": 8.79336262027036, "rate": 0.2748485443860637}, "datetime": {"datetime": "2024-06-14 10:30:25", "elapsed": 0.034907, "delta": 0.008976}}
{"target": -348.7481334206355, "params": {"gamma": 6.705004634273845, "prior": 4.231317543434557, "rate": 5.587339594629071}, "datetime": {"datetime": "2024-06-14 10:30:25", "elapsed": 0.042886, "delta": 0.007979}}
{"target": -149.5217184117631, "params": {"gamma": 1.4047289990137424, "prior": 2.0612047419403, "rate": 8.00764494218669}, "datetime": {"datetime": "2024-06-14 10:30:25", "elapsed": 0.051862, "delta": 0.008976}}
{"target": -504.28476797943813, "params": {"gamma": 9.682647495618255, "prior": 3.2028993637765044, "rate": 6.923533834077472}, "datetime": {"datetime": "2024-06-14 10:30:25", "elapsed": 0.060867, "delta": 0.009005}}
{"target": -451.30928897832996, "params": {"gamma": 8.764015133808087, "prior": 8.956605968688088, "rate": 0.8513570694864094}, "datetime": {"datetime": "2024-06-14 10:30:25", "elapsed": 0.069814, "delta": 0.008947}}
{"target": -139.74371851584155, "params": {"gamma": 0.39150877754559077, "prior": 1.7813211536892324, "rate": 8.781546891790702}, "datetime": {"datetime": "2024-06-14 10:30:25", "elapsed": 0.077793, "delta": 0.007979}}
{"target": -142.15098698575954, "params": {"gamma": 0.9843699914966679, "prior": 4.268965487550016, "rate": 9.578937411974868}, "datetime": {"datetime": "2024-06-14 10:30:25", "elapsed": 0.08677, "delta": 0.008977}}
{"target": -288.5335236302656, "params": {"gamma": 5.332119684445198, "prior": 6.949583428109686, "rate": 3.1558407944296234}, "datetime": {"datetime": "2024-06-14 10:30:25", "elapsed": 0.095745, "delta": 0.008975}}
{"target": -381.33101843749654, "params": {"gamma": 6.865322775888155, "prior": 8.362794151783993, "rate": 0.18386448516457388}, "datetime": {"datetime": "2024-06-14 10:30:25", "elapsed": 0.103723, "delta": 0.007978}}
{"target": -380.25657694377765, "params": {"gamma": 7.50169300513473, "prior": 9.889724780174298, "rate": 7.4819083781440145}, "datetime": {"datetime": "2024-06-14 10:30:25", "elapsed": 0.112699, "delta": 0.008976}}
{"target": -203.62418927684143, "params": {"gamma": 2.8051594766519874, "prior": 7.913865351669736, "rate": 1.0331568397698425}, "datetime": {"datetime": "2024-06-14 10:30:25", "elapsed": 0.121675, "delta": 0.008976}}
{"target": -257.83758845681984, "params": {"gamma": 4.479487368232876, "prior": 9.095095480621646, "rate": 2.9368478695884215}, "datetime": {"datetime": "2024-06-14 10:30:25", "elapsed": 0.129653, "delta": 0.007978}}
{"target": -205.74041414708807, "params": {"gamma": 2.878465610524901, "prior": 1.3872828639709491, "rate": 0.19465021174510047}, "datetime": {"datetime": "2024-06-14 10:30:25", "elapsed": 0.138702, "delta": 0.009049}}
{"target": -351.6073742544247, "params": {"gamma": 6.78867649386597, "prior": 2.1951183484005847, "rate": 2.65620104706289}, "datetime": {"datetime": "2024-06-14 10:30:25", "elapsed": 0.147648, "delta": 0.008946}}
{"target": -305.35733888161514, "params": {"gamma": 4.916240019644103, "prior": 0.6282891966590958, "rate": 5.741601937314639}, "datetime": {"datetime": "2024-06-14 10:30:25", "elapsed": 0.155629, "delta": 0.007981}}
{"target": -150.32227174703766, "params": {"gamma": 1.4681390204831957, "prior": 5.934124815342514, "rate": 6.9978838418492915}, "datetime": {"datetime": "2024-06-14 10:30:25", "elapsed": 0.164605, "delta": 0.008976}}
{"target": -143.10720400196143, "params": {"gamma": 1.0242419538494305, "prior": 4.199154279413726, "rate": 6.9443071771197245}, "datetime": {"datetime": "2024-06-14 10:30:25", "elapsed": 0.1726, "delta": 0.007995}}
{"target": -266.59810181928674, "params": {"gamma": 4.1423785159995, "prior": 0.5945392435662629, "rate": 5.359428162749201}, "datetime": {"datetime": "2024-06-14 10:30:25", "elapsed": 0.181576, "delta": 0.008976}}
{"target": -350.56442414100786, "params": {"gamma": 6.638282657552669, "prior": 5.1974022093772545, "rate": 9.446002965152143}, "datetime": {"datetime": "2024-06-14 10:30:25", "elapsed": 0.189574, "delta": 0.007998}}
{"target": -323.50071678939065, "params": {"gamma": 5.865963849979428, "prior": 9.043678961350047, "rate": 1.3756095667582289}, "datetime": {"datetime": "2024-06-14 10:30:25", "elapsed": 0.198056, "delta": 0.008482}}
{"target": -154.0845831510625, "params": {"gamma": 1.3936241961603346, "prior": 8.093173758224285, "rate": 3.9773706930183503}, "datetime": {"datetime": "2024-06-14 10:30:25", "elapsed": 0.207032, "delta": 0.008976}}
{"target": -161.24374551000216, "params": {"gamma": 1.6543766169722107, "prior": 9.282334945920736, "rate": 3.47831083159532}, "datetime": {"datetime": "2024-06-14 10:30:25", "elapsed": 0.21601, "delta": 0.008978}}
{"target": -384.92030807769635, "params": {"gamma": 7.50837021925842, "prior": 7.28738005496947, "rate": 8.833177605966892}, "datetime": {"datetime": "2024-06-14 10:30:25", "elapsed": 0.223989, "delta": 0.007979}}
{"target": -326.1782172491136, "params": {"gamma": 6.237098398349034, "prior": 7.534330096870638, "rate": 3.4896345214364475}, "datetime": {"datetime": "2024-06-14 10:30:25", "elapsed": 0.232911, "delta": 0.008922}}
{"target": -188.31217294587796, "params": {"gamma": 2.7000089897584956, "prior": 8.969273560141062, "rate": 4.281483807523078}, "datetime": {"datetime": "2024-06-14 10:30:25", "elapsed": 0.24089, "delta": 0.007979}}
{"target": -480.5213101102343, "params": {"gamma": 9.648435631436707, "prior": 6.6680708284026355, "rate": 6.217335506371009}, "datetime": {"datetime": "2024-06-14 10:30:25", "elapsed": 0.249868, "delta": 0.008978}}
{"target": -150.27829652691977, "params": {"gamma": 1.1483449835607984, "prior": 9.499943661200005, "rate": 4.499671422665926}, "datetime": {"datetime": "2024-06-14 10:30:25", "elapsed": 0.264837, "delta": 0.014969}}
{"target": -305.6824649916091, "params": {"gamma": 5.784317754256931, "prior": 4.140554347336684, "rate": 2.371032775450034}, "datetime": {"datetime": "2024-06-14 10:30:25", "elapsed": 0.273808, "delta": 0.008971}}
{"target": -479.39587279600215, "params": {"gamma": 9.033891826101975, "prior": 5.77942691805563, "rate": 0.029700399984558545}, "datetime": {"datetime": "2024-06-14 10:30:25", "elapsed": 0.282611, "delta": 0.008803}}
{"target": -326.44474452923873, "params": {"gamma": 6.171831991293619, "prior": 3.3337845275437523, "rate": 5.271053964473836}, "datetime": {"datetime": "2024-06-14 10:30:25", "elapsed": 0.290589, "delta": 0.007978}}
{"target": -467.67115323593805, "params": {"gamma": 8.859535051008434, "prior": 3.636970624024748, "rate": 9.085442974047073}, "datetime": {"datetime": "2024-06-14 10:30:25", "elapsed": 0.29958, "delta": 0.008991}}
{"target": -417.4939543856486, "params": {"gamma": 6.233977797802236, "prior": 0.2566303041809072, "rate": 9.294442900203869}, "datetime": {"datetime": "2024-06-14 10:30:25", "elapsed": 0.308572, "delta": 0.008992}}
{"target": -365.3298049970846, "params": {"gamma": 6.9092782782517235, "prior": 9.973496219469657, "rate": 1.7242327429449402}, "datetime": {"datetime": "2024-06-14 10:30:25", "elapsed": 0.316702, "delta": 0.00813}}
{"target": -151.10364961656398, "params": {"gamma": 1.3722203605391488, "prior": 9.33269508406792, "rate": 6.9684847967375125}, "datetime": {"datetime": "2024-06-14 10:30:25", "elapsed": 0.32568, "delta": 0.008978}}
{"target": -142.6633902451914, "params": {"gamma": 0.6609357270479028, "prior": 7.579084220764417, "rate": 7.539008008424004}, "datetime": {"datetime": "2024-06-14 10:30:25", "elapsed": 0.334656, "delta": 0.008976}}
{"target": -463.2155442026995, "params": {"gamma": 9.230322330929287, "prior": 7.14409511042187, "rate": 1.2435853487596746}, "datetime": {"datetime": "2024-06-14 10:30:25", "elapsed": 0.342634, "delta": 0.007978}}
{"target": -143.96733418237645, "params": {"gamma": 0.1997814582641161, "prior": 0.3594887700894208, "rate": 0.2840365737199253}, "datetime": {"datetime": "2024-06-14 10:30:25", "elapsed": 0.351613, "delta": 0.008979}}
{"target": -178.46589831066436, "params": {"gamma": 2.462864464962856, "prior": 8.61427669196059, "rate": 5.3887718123521875}, "datetime": {"datetime": "2024-06-14 10:30:25", "elapsed": 0.359609, "delta": 0.007996}}
{"target": -309.9375686590875, "params": {"gamma": 5.5286669648789735, "prior": 8.436105834360097, "rate": 1.2426089778839915}, "datetime": {"datetime": "2024-06-14 10:30:25", "elapsed": 0.368156, "delta": 0.008547}}
{"target": -184.97936857473348, "params": {"gamma": 2.792557606432384, "prior": 5.89901678743705, "rate": 9.695987887448426}, "datetime": {"datetime": "2024-06-14 10:30:25", "elapsed": 0.378131, "delta": 0.009975}}
{"target": -374.39316661935754, "params": {"gamma": 5.6107411623378445, "prior": 0.2846081647921359, "rate": 8.006526094133482}, "datetime": {"datetime": "2024-06-14 10:30:25", "elapsed": 0.386654, "delta": 0.008523}}
{"target": -176.91005834958045, "params": {"gamma": 2.3305097641363632, "prior": 8.090341436625915, "rate": 3.8792185799976533}, "datetime": {"datetime": "2024-06-14 10:30:25", "elapsed": 0.39563, "delta": 0.008976}}
{"target": -431.1491179413395, "params": {"gamma": 8.635555003739727, "prior": 7.496504263098128, "rate": 5.562846099670199}, "datetime": {"datetime": "2024-06-14 10:30:25", "elapsed": 0.404606, "delta": 0.008976}}
{"target": -147.46874230552268, "params": {"gamma": 1.3654158013811895, "prior": 0.6931851261708954, "rate": 1.2143132139516326}, "datetime": {"datetime": "2024-06-14 10:30:25", "elapsed": 0.413196, "delta": 0.00859}}
{"target": -140.89641963886507, "params": {"gamma": 0.4464742335690725, "prior": 1.16419187815032, "rate": 2.2578676767399393}, "datetime": {"datetime": "2024-06-14 10:30:25", "elapsed": 0.421175, "delta": 0.007979}}
{"target": -392.7344639550576, "params": {"gamma": 7.130176814846385, "prior": 5.64119812233601, "rate": 0.12654724561099942}, "datetime": {"datetime": "2024-06-14 10:30:25", "elapsed": 0.430151, "delta": 0.008976}}
{"target": -144.8482197728548, "params": {"gamma": 0.7206708226151783, "prior": 9.676035667002694, "rate": 5.6814365187375016}, "datetime": {"datetime": "2024-06-14 10:30:25", "elapsed": 0.43813, "delta": 0.007979}}
{"target": -163.68026082074505, "params": {"gamma": 2.033729053375244, "prior": 2.598024871246202, "rate": 7.438514714896855}, "datetime": {"datetime": "2024-06-14 10:30:25", "elapsed": 0.447106, "delta": 0.008976}}
{"target": -159.93925748333953, "params": {"gamma": 1.9550993816120785, "prior": 5.855453380005252, "rate": 9.700229870894034}, "datetime": {"datetime": "2024-06-14 10:30:25", "elapsed": 0.455084, "delta": 0.007978}}
{"target": -441.47677503151726, "params": {"gamma": 8.468441186098863, "prior": 2.4744928155611032, "rate": 4.938203372973032}, "datetime": {"datetime": "2024-06-14 10:30:25", "elapsed": 0.46406, "delta": 0.008976}}
{"target": -334.6093691681182, "params": {"gamma": 6.199937228095417, "prior": 8.306910905546768, "rate": 1.5687571550661965}, "datetime": {"datetime": "2024-06-14 10:30:25", "elapsed": 0.473037, "delta": 0.008977}}
{"target": -141.69733861247425, "params": {"gamma": 0.18674344557191777, "prior": 0.7932192228203011, "rate": 4.863964764259381}, "datetime": {"datetime": "2024-06-14 10:30:25", "elapsed": 0.481015, "delta": 0.007978}}
{"target": -317.70542971226996, "params": {"gamma": 6.063688287071651, "prior": 5.731629227156165, "rate": 3.1743067308122854}, "datetime": {"datetime": "2024-06-14 10:30:25", "elapsed": 0.489991, "delta": 0.008976}}
{"target": -486.6029423337886, "params": {"gamma": 9.886172927970076, "prior": 5.839477670533389, "rate": 3.8020315850628807}, "datetime": {"datetime": "2024-06-14 10:30:25", "elapsed": 0.498967, "delta": 0.008976}}
{"target": -292.8678160459951, "params": {"gamma": 5.509931242959851, "prior": 7.478810865974371, "rate": 6.6926597016383935}, "datetime": {"datetime": "2024-06-14 10:30:25", "elapsed": 0.506946, "delta": 0.007979}}
{"target": -189.60850882379833, "params": {"gamma": 2.6499306570704313, "prior": 0.7567148608415716, "rate": 3.701471894943149}, "datetime": {"datetime": "2024-06-14 10:30:25", "elapsed": 0.515922, "delta": 0.008976}}
{"target": -348.04962693775036, "params": {"gamma": 6.297545352708624, "prior": 2.180722698156912, "rate": 7.5278027818344}, "datetime": {"datetime": "2024-06-14 10:30:25", "elapsed": 0.524898, "delta": 0.008976}}
{"target": -139.85521403804628, "params": {"gamma": 0.6662982770597953, "prior": 2.677119475927556, "rate": 8.04774088286971}, "datetime": {"datetime": "2024-06-14 10:30:25", "elapsed": 0.532877, "delta": 0.007979}}
{"target": -162.08886705389304, "params": {"gamma": 1.935149391950654, "prior": 6.430662720711407, "rate": 5.247178420928214}, "datetime": {"datetime": "2024-06-14 10:30:25", "elapsed": 0.541852, "delta": 0.008975}}
{"target": -460.0614080179316, "params": {"gamma": 9.248154896023108, "prior": 2.706638027822399, "rate": 0.6605449457495538}, "datetime": {"datetime": "2024-06-14 10:30:25", "elapsed": 0.549831, "delta": 0.007979}}
{"target": -377.17055834796406, "params": {"gamma": 7.350924566923407, "prior": 7.744562492478143, "rate": 9.078250709182736}, "datetime": {"datetime": "2024-06-14 10:30:25", "elapsed": 0.558807, "delta": 0.008976}}
{"target": -543.9504245890284, "params": {"gamma": 9.319788719899176, "prior": 0.23812057245841045, "rate": 2.344386499128084}, "datetime": {"datetime": "2024-06-14 10:30:25", "elapsed": 0.567784, "delta": 0.008977}}
{"target": -322.04973387795843, "params": {"gamma": 6.1681667916595755, "prior": 9.495261574807403, "rate": 9.50181101635155}, "datetime": {"datetime": "2024-06-14 10:30:25", "elapsed": 0.576759, "delta": 0.008975}}
{"target": -295.6115947243277, "params": {"gamma": 5.566975228763369, "prior": 9.164502862686119, "rate": 6.41602052325443}, "datetime": {"datetime": "2024-06-14 10:30:25", "elapsed": 0.584738, "delta": 0.007979}}
{"target": -225.74157813938197, "params": {"gamma": 3.9006871336983213, "prior": 4.911307604259406, "rate": 6.043500518716813}, "datetime": {"datetime": "2024-06-14 10:30:25", "elapsed": 0.593714, "delta": 0.008976}}
{"target": -292.4132705490893, "params": {"gamma": 5.495929667164118, "prior": 9.269196124393892, "rate": 9.187415622900428}, "datetime": {"datetime": "2024-06-14 10:30:25", "elapsed": 0.601693, "delta": 0.007979}}
{"target": -243.8586646701301, "params": {"gamma": 3.9493612536226252, "prior": 9.636299031563047, "rate": 1.740382711137963}, "datetime": {"datetime": "2024-06-14 10:30:25", "elapsed": 0.610668, "delta": 0.008975}}
{"target": -146.37721249788396, "params": {"gamma": 1.2641688648769336, "prior": 1.4372836646626401, "rate": 5.057115994603291}, "datetime": {"datetime": "2024-06-14 10:30:25", "elapsed": 0.619644, "delta": 0.008976}}
{"target": -143.7408835390408, "params": {"gamma": 0.2162265279367056, "prior": 9.484905091055042, "rate": 8.271327596236153}, "datetime": {"datetime": "2024-06-14 10:30:25", "elapsed": 0.627623, "delta": 0.007979}}
{"target": -143.4211954590601, "params": {"gamma": 0.15117478844048168, "prior": 1.8443429301930472, "rate": 3.3213036800940032}, "datetime": {"datetime": "2024-06-14 10:30:25", "elapsed": 0.6366, "delta": 0.008977}}
{"target": -153.49280602062538, "params": {"gamma": 1.310837451264358, "prior": 8.113957852053163, "rate": 3.4480217901802512}, "datetime": {"datetime": "2024-06-14 10:30:25", "elapsed": 0.645606, "delta": 0.009006}}
{"target": -479.2253238109941, "params": {"gamma": 9.401134715851338, "prior": 5.861940381476092, "rate": 8.78844101213403}, "datetime": {"datetime": "2024-06-14 10:30:25", "elapsed": 0.653554, "delta": 0.007948}}
{"target": -421.2893585186491, "params": {"gamma": 8.447499719476827, "prior": 9.063383955215627, "rate": 4.599342777902254}, "datetime": {"datetime": "2024-06-14 10:30:25", "elapsed": 0.66253, "delta": 0.008976}}
{"target": -296.4029266739204, "params": {"gamma": 5.463921813387713, "prior": 8.00617555240519, "rate": 2.8579027984897416}, "datetime": {"datetime": "2024-06-14 10:30:25", "elapsed": 0.670509, "delta": 0.007979}}
{"target": -296.19814839045915, "params": {"gamma": 4.903044972676658, "prior": 6.031192045694196, "rate": 0.15631722223280642}, "datetime": {"datetime": "2024-06-14 10:30:25", "elapsed": 0.679249, "delta": 0.00874}}
{"target": -317.61827350924193, "params": {"gamma": 5.935220600558176, "prior": 4.393395854995637, "rate": 8.073797928319529}, "datetime": {"datetime": "2024-06-14 10:30:25", "elapsed": 0.688221, "delta": 0.008972}}
{"target": -200.69135059864112, "params": {"gamma": 3.153132786150634, "prior": 8.939598214398998, "rate": 5.778994295630071}, "datetime": {"datetime": "2024-06-14 10:30:25", "elapsed": 0.696998, "delta": 0.008777}}
{"target": -160.2038601353872, "params": {"gamma": 1.8409180060730232, "prior": 7.900499414872493, "rate": 6.120699739272295}, "datetime": {"datetime": "2024-06-14 10:30:25", "elapsed": 0.705483, "delta": 0.008485}}
{"target": -141.11901854470733, "params": {"gamma": 0.5400388114654558, "prior": 4.259917432011209, "rate": 6.791009296817731}, "datetime": {"datetime": "2024-06-14 10:30:25", "elapsed": 0.714459, "delta": 0.008976}}
{"target": -625.9712693664218, "params": {"gamma": 9.186099177997281, "prior": 0.10398004642443859, "rate": 9.767614731161565}, "datetime": {"datetime": "2024-06-14 10:30:25", "elapsed": 0.722438, "delta": 0.007979}}
{"target": -223.395105107818, "params": {"gamma": 3.766426567142999, "prior": 9.740457029747393, "rate": 6.047556293639557}, "datetime": {"datetime": "2024-06-14 10:30:25", "elapsed": 0.731413, "delta": 0.008975}}
{"target": -419.65447834686887, "params": {"gamma": 8.288629233998948, "prior": 5.789643896610213, "rate": 6.281133906875198}, "datetime": {"datetime": "2024-06-14 10:30:25", "elapsed": 0.740389, "delta": 0.008976}}
{"target": -187.02129006492908, "params": {"gamma": 2.8564772406752437, "prior": 5.9096500724952215, "rate": 7.500467615262897}, "datetime": {"datetime": "2024-06-14 10:30:25", "elapsed": 0.748368, "delta": 0.007979}}
{"target": -431.03613567127314, "params": {"gamma": 8.583280050453995, "prior": 7.575313665830033, "rate": 6.980874427224584}, "datetime": {"datetime": "2024-06-14 10:30:25", "elapsed": 0.757344, "delta": 0.008976}}
{"target": -450.75509561694577, "params": {"gamma": 8.644929821115943, "prior": 3.29454186868379, "rate": 6.708217119085085}, "datetime": {"datetime": "2024-06-14 10:30:25", "elapsed": 0.765323, "delta": 0.007979}}
{"target": -250.45547622885715, "params": {"gamma": 4.509288490197079, "prior": 3.8828172451120206, "rate": 4.108702687871935}, "datetime": {"datetime": "2024-06-14 10:30:25", "elapsed": 0.774299, "delta": 0.008976}}
{"target": -232.4972666536358, "params": {"gamma": 4.015394355111937, "prior": 3.2421010649869415, "rate": 6.219571759835095}, "datetime": {"datetime": "2024-06-14 10:30:25", "elapsed": 0.783275, "delta": 0.008976}}
{"target": -243.41142795945262, "params": {"gamma": 4.303042460941823, "prior": 9.740640571479798, "rate": 6.778331113451677}, "datetime": {"datetime": "2024-06-14 10:30:25", "elapsed": 0.791253, "delta": 0.007978}}
{"target": -163.5297585483083, "params": {"gamma": 1.9865003143826816, "prior": 4.324339992545524, "rate": 3.4341190515044557}, "datetime": {"datetime": "2024-06-14 10:30:25", "elapsed": 0.800229, "delta": 0.008976}}
{"target": -404.4190558457116, "params": {"gamma": 7.976590400781708, "prior": 8.811983056777974, "rate": 9.038515716307893}, "datetime": {"datetime": "2024-06-14 10:30:25", "elapsed": 0.809205, "delta": 0.008976}}
{"target": -342.066131837737, "params": {"gamma": 6.627535403940247, "prior": 2.775061794094602, "rate": 2.5244146483443926}, "datetime": {"datetime": "2024-06-14 10:30:25", "elapsed": 0.817214, "delta": 0.008009}}
{"target": -438.2344643652703, "params": {"gamma": 8.549124529031326, "prior": 5.324374998456592, "rate": 8.021808678961976}, "datetime": {"datetime": "2024-06-14 10:30:25", "elapsed": 0.82616, "delta": 0.008946}}
{"target": -302.3413703935442, "params": {"gamma": 5.725312683398872, "prior": 7.35811100034636, "rate": 5.190597263013095}, "datetime": {"datetime": "2024-06-14 10:30:25", "elapsed": 0.835136, "delta": 0.008976}}
{"target": -389.9711141961907, "params": {"gamma": 7.709068221108379, "prior": 5.731694107976684, "rate": 4.6576330760412175}, "datetime": {"datetime": "2024-06-14 10:30:25", "elapsed": 0.844112, "delta": 0.008976}}
{"target": -220.81385627146162, "params": {"gamma": 3.4275463906248644, "prior": 0.7752725493253708, "rate": 3.7798638691016704}, "datetime": {"datetime": "2024-06-14 10:30:25", "elapsed": 0.852091, "delta": 0.007979}}
{"target": -149.0939211928064, "params": {"gamma": 0.7971811509048254, "prior": 9.829889425931405, "rate": 1.816946900456307}, "datetime": {"datetime": "2024-06-14 10:30:25", "elapsed": 0.861069, "delta": 0.008978}}
{"target": -408.2269446833924, "params": {"gamma": 8.118775118507678, "prior": 8.762120285063391, "rate": 6.884444110607048}, "datetime": {"datetime": "2024-06-14 10:30:25", "elapsed": 0.870046, "delta": 0.008977}}
