{"target": -944.8314302445602, "params": {"gamma": 4.170803025021038, "lr": 0.7203244934421581}, "datetime": {"datetime": "2024-06-13 22:59:24", "elapsed": 0.0, "delta": 0.0}}
{"target": -150.39124164563606, "params": {"gamma": 0.002143633798631522, "lr": 0.30233257263183977}, "datetime": {"datetime": "2024-06-13 22:59:24", "elapsed": 0.004988, "delta": 0.004988}}
{"target": -529.3070788076728, "params": {"gamma": 1.4684121522803133, "lr": 0.0923385947687978}, "datetime": {"datetime": "2024-06-13 22:59:24", "elapsed": 0.009974, "delta": 0.004986}}
{"target": -441.0849528598273, "params": {"gamma": 1.8634158535653313, "lr": 0.34556072704304774}, "datetime": {"datetime": "2024-06-13 22:59:24", "elapsed": 0.012966, "delta": 0.002992}}
{"target": -844.6887084570815, "params": {"gamma": 3.968277974832469, "lr": 0.538816734003357}, "datetime": {"datetime": "2024-06-13 22:59:24", "elapsed": 0.016955, "delta": 0.003989}}
{"target": -933.6605457101691, "params": {"gamma": 4.192525949518545, "lr": 0.6852195003967595}, "datetime": {"datetime": "2024-06-13 22:59:24", "elapsed": 0.019947, "delta": 0.002992}}
{"target": -520.9605417120465, "params": {"gamma": 2.045318045065443, "lr": 0.8781174363909454}, "datetime": {"datetime": "2024-06-13 22:59:24", "elapsed": 0.023936, "delta": 0.003989}}
{"target": -154.89461020530499, "params": {"gamma": 0.2748485443860637, "lr": 0.6704675101784022}, "datetime": {"datetime": "2024-06-13 22:59:24", "elapsed": 0.027926, "delta": 0.00399}}
{"target": -862.2623723066084, "params": {"gamma": 4.173630718868903, "lr": 0.5586898284457517}, "datetime": {"datetime": "2024-06-13 22:59:24", "elapsed": 0.030919, "delta": 0.002993}}
{"target": -458.87064477459336, "params": {"gamma": 1.4047289990137424, "lr": 0.1981014890848788}, "datetime": {"datetime": "2024-06-13 22:59:24", "elapsed": 0.034909, "delta": 0.00399}}
{"target": -2027.267919975051, "params": {"gamma": 8.00764494218669, "lr": 0.9682615757193975}, "datetime": {"datetime": "2024-06-13 22:59:24", "elapsed": 0.038897, "delta": 0.003988}}
{"target": -704.0368401648385, "params": {"gamma": 3.1349283574142692, "lr": 0.6923226156693141}, "datetime": {"datetime": "2024-06-13 22:59:24", "elapsed": 0.042887, "delta": 0.00399}}
{"target": -2216.744366308109, "params": {"gamma": 8.764015133808087, "lr": 0.8946066635038473}, "datetime": {"datetime": "2024-06-13 22:59:24", "elapsed": 0.045879, "delta": 0.002992}}
{"target": -332.53951068511776, "params": {"gamma": 0.8513570694864094, "lr": 0.03905478323288236}, "datetime": {"datetime": "2024-06-13 22:59:24", "elapsed": 0.049868, "delta": 0.003989}}
{"target": -439.708434483185, "params": {"gamma": 1.6991343652261244, "lr": 0.8781425034294131}, "datetime": {"datetime": "2024-06-13 22:59:24", "elapsed": 0.053857, "delta": 0.003989}}
{"target": -246.75984892141605, "params": {"gamma": 0.9843699914966679, "lr": 0.42110762500505217}, "datetime": {"datetime": "2024-06-13 22:59:24", "elapsed": 0.057847, "delta": 0.00399}}
{"target": -2009.1734500199068, "params": {"gamma": 9.578937411974868, "lr": 0.5331652849730171}, "datetime": {"datetime": "2024-06-13 22:59:24", "elapsed": 0.060838, "delta": 0.002991}}
{"target": -1555.695205878919, "params": {"gamma": 6.919079262390784, "lr": 0.31551563100606295}, "datetime": {"datetime": "2024-06-13 22:59:24", "elapsed": 0.064827, "delta": 0.003989}}
{"target": -1628.9332886808568, "params": {"gamma": 6.865322775888155, "lr": 0.8346256718973729}, "datetime": {"datetime": "2024-06-13 22:59:24", "elapsed": 0.068817, "delta": 0.00399}}
{"target": -149.09407923835354, "params": {"gamma": 0.18386448516457388, "lr": 0.7501443149449675}, "datetime": {"datetime": "2024-06-13 22:59:24", "elapsed": 0.072806, "delta": 0.003989}}
{"target": -2196.4424152144757, "params": {"gamma": 9.88862202797604, "lr": 0.7481656543798394}, "datetime": {"datetime": "2024-06-13 22:59:24", "elapsed": 0.076796, "delta": 0.00399}}
{"target": -660.7703946641374, "params": {"gamma": 2.8051594766519874, "lr": 0.7892793284514885}, "datetime": {"datetime": "2024-06-13 22:59:24", "elapsed": 0.079787, "delta": 0.002991}}
{"target": -249.26629881936452, "params": {"gamma": 1.0331568397698425, "lr": 0.44789352617590517}, "datetime": {"datetime": "2024-06-13 22:59:24", "elapsed": 0.083777, "delta": 0.00399}}
{"target": -2083.0967025748355, "params": {"gamma": 9.086046435427862, "lr": 0.2936141483736795}, "datetime": {"datetime": "2024-06-13 22:59:24", "elapsed": 0.086769, "delta": 0.002992}}
{"target": -974.1468769859823, "params": {"gamma": 2.878465610524901, "lr": 0.13002857211827767}, "datetime": {"datetime": "2024-06-13 22:59:24", "elapsed": 0.090758, "delta": 0.003989}}
{"target": -150.0899272545984, "params": {"gamma": 0.19465021174510047, "lr": 0.678835532939891}, "datetime": {"datetime": "2024-06-13 22:59:24", "elapsed": 0.09375, "delta": 0.002992}}
{"target": -546.2162092905768, "params": {"gamma": 2.1170695318845905, "lr": 0.2655466593722262}, "datetime": {"datetime": "2024-06-13 22:59:24", "elapsed": 0.09774, "delta": 0.00399}}
{"target": -1728.2480904652361, "params": {"gamma": 4.916240019644103, "lr": 0.053362545117080384}, "datetime": {"datetime": "2024-06-13 22:59:24", "elapsed": 0.101729, "delta": 0.003989}}
{"target": -1976.9827434039971, "params": {"gamma": 5.741601937314639, "lr": 0.14672857490581015}, "datetime": {"datetime": "2024-06-13 22:59:24", "elapsed": 0.104721, "delta": 0.002992}}
{"target": -1305.067419028569, "params": {"gamma": 5.89346606349594, "lr": 0.6997583600209312}, "datetime": {"datetime": "2024-06-13 22:59:24", "elapsed": 0.10871, "delta": 0.003989}}
{"target": -253.5043731595351, "params": {"gamma": 1.0242419538494305, "lr": 0.4140559878195683}, "datetime": {"datetime": "2024-06-13 22:59:24", "elapsed": 0.112754, "delta": 0.004044}}
{"target": -1448.9726710143716, "params": {"gamma": 6.9443071771197245, "lr": 0.41417926952690265}, "datetime": {"datetime": "2024-06-13 22:59:24", "elapsed": 0.116254, "delta": 0.0035}}
{"target": -177.53387121554164, "params": {"gamma": 0.5004846360019255, "lr": 0.5358964059155116}, "datetime": {"datetime": "2024-06-13 22:59:24", "elapsed": 0.119245, "delta": 0.002991}}
{"target": -1397.9528320262118, "params": {"gamma": 6.638282657552669, "lr": 0.5148891120583086}, "datetime": {"datetime": "2024-06-13 22:59:24", "elapsed": 0.123235, "delta": 0.00399}}
{"target": -1975.4129034809616, "params": {"gamma": 9.446002965152143, "lr": 0.5865550405019929}, "datetime": {"datetime": "2024-06-13 22:59:24", "elapsed": 0.126227, "delta": 0.002992}}
{"target": -3028.488355572908, "params": {"gamma": 9.034115750963547, "lr": 0.13747470414623753}, "datetime": {"datetime": "2024-06-13 22:59:24", "elapsed": 0.131213, "delta": 0.004986}}
{"target": -349.7187586459307, "params": {"gamma": 1.3936241961603346, "lr": 0.8073912887095238}, "datetime": {"datetime": "2024-06-13 22:59:24", "elapsed": 0.134205, "delta": 0.002992}}
{"target": -1373.1599537085376, "params": {"gamma": 3.9773706930183503, "lr": 0.16535419711693278}, "datetime": {"datetime": "2024-06-13 22:59:24", "elapsed": 0.138195, "delta": 0.00399}}
{"target": -2094.8207965986517, "params": {"gamma": 9.275158295379942, "lr": 0.34776585974550656}, "datetime": {"datetime": "2024-06-13 22:59:24", "elapsed": 0.141187, "delta": 0.002992}}
{"target": -1686.0688808981372, "params": {"gamma": 7.50837021925842, "lr": 0.7259979853504515}, "datetime": {"datetime": "2024-06-13 22:59:24", "elapsed": 0.145177, "delta": 0.00399}}
{"target": -1841.505732697133, "params": {"gamma": 8.833177605966892, "lr": 0.6236722070556089}, "datetime": {"datetime": "2024-06-13 22:59:24", "elapsed": 0.149166, "delta": 0.003989}}
{"target": -1698.581821446895, "params": {"gamma": 7.509673397839345, "lr": 0.34889834197784253}, "datetime": {"datetime": "2024-06-13 22:59:24", "elapsed": 0.152157, "delta": 0.002991}}
{"target": -696.422068921711, "params": {"gamma": 2.7000089897584956, "lr": 0.8958862181960668}, "datetime": {"datetime": "2024-06-13 22:59:24", "elapsed": 0.156147, "delta": 0.00399}}
{"target": -1091.50182161779, "params": {"gamma": 4.281483807523078, "lr": 0.9648400471483856}, "datetime": {"datetime": "2024-06-13 22:59:24", "elapsed": 0.159139, "delta": 0.002992}}
{"target": -1387.8139227328336, "params": {"gamma": 6.634751536686663, "lr": 0.6216957202091218}, "datetime": {"datetime": "2024-06-13 22:59:24", "elapsed": 0.163702, "delta": 0.004563}}
{"target": -322.34736129774717, "params": {"gamma": 1.1483449835607984, "lr": 0.9494892587070712}, "datetime": {"datetime": "2024-06-13 22:59:24", "elapsed": 0.167691, "delta": 0.003989}}
{"target": -950.6735803616775, "params": {"gamma": 4.499671422665926, "lr": 0.5783896143871318}, "datetime": {"datetime": "2024-06-13 22:59:24", "elapsed": 0.170683, "delta": 0.002992}}
{"target": -1190.6199888762312, "params": {"gamma": 4.081959890810051, "lr": 0.2370269802430277}, "datetime": {"datetime": "2024-06-13 22:59:24", "elapsed": 0.173675, "delta": 0.002992}}
{"target": -1889.9275616573998, "params": {"gamma": 9.033891826101975, "lr": 0.5736794866722859}, "datetime": {"datetime": "2024-06-13 22:59:24", "elapsed": 0.177664, "delta": 0.003989}}
{"target": -149.20215128309383, "params": {"gamma": 0.029700399984558545, "lr": 0.6171449136207239}, "datetime": {"datetime": "2024-06-13 22:59:24", "elapsed": 0.181654, "delta": 0.00399}}
{"target": -700.4383046070034, "params": {"gamma": 3.2671223728191894, "lr": 0.5270581022576093}, "datetime": {"datetime": "2024-06-13 22:59:24", "elapsed": 0.184646, "delta": 0.002992}}
{"target": -2001.5307590557366, "params": {"gamma": 8.859535051008434, "lr": 0.35726976000249977}, "datetime": {"datetime": "2024-06-13 22:59:24", "elapsed": 0.188635, "delta": 0.003989}}
{"target": -1893.5830772619106, "params": {"gamma": 9.085442974047073, "lr": 0.6233601157918027}, "datetime": {"datetime": "2024-06-13 22:59:24", "elapsed": 0.191627, "delta": 0.002992}}
{"target": -148.83647423419382, "params": {"gamma": 0.15919660722271628, "lr": 0.9294372337437613}, "datetime": {"datetime": "2024-06-13 22:59:24", "elapsed": 0.196614, "delta": 0.004987}}
{"target": -1751.1714197102933, "params": {"gamma": 6.9092782782517235, "lr": 0.9973228504514805}, "datetime": {"datetime": "2024-06-13 22:59:24", "elapsed": 0.199606, "delta": 0.002992}}
{"target": -592.9508004189189, "params": {"gamma": 1.7242327429449402, "lr": 0.13713574962887776}, "datetime": {"datetime": "2024-06-13 22:59:24", "elapsed": 0.203595, "delta": 0.003989}}
{"target": -2056.3409378569663, "params": {"gamma": 9.326022034908599, "lr": 0.6968181614899002}, "datetime": {"datetime": "2024-06-13 22:59:24", "elapsed": 0.206587, "delta": 0.002992}}
{"target": -204.40063251331685, "params": {"gamma": 0.6609357270479028, "lr": 0.7554630526024664}, "datetime": {"datetime": "2024-06-13 22:59:24", "elapsed": 0.210577, "delta": 0.00399}}
{"target": -1909.4558161774862, "params": {"gamma": 7.539008008424004, "lr": 0.9230245355464833}, "datetime": {"datetime": "2024-06-13 22:59:24", "elapsed": 0.213568, "delta": 0.002991}}
{"target": -2369.818048950485, "params": {"gamma": 7.11553606152609, "lr": 0.1242709619721647}, "datetime": {"datetime": "2024-06-13 22:59:24", "elapsed": 0.217558, "delta": 0.00399}}
{"target": -164.85494170943147, "params": {"gamma": 0.1997814582641161, "lr": 0.026210986877719278}, "datetime": {"datetime": "2024-06-13 22:59:24", "elapsed": 0.22055, "delta": 0.002992}}
{"target": -169.24178054274475, "params": {"gamma": 0.2840365737199253, "lr": 0.2462110676030459}, "datetime": {"datetime": "2024-06-13 22:59:24", "elapsed": 0.224601, "delta": 0.004051}}
{"target": -1805.719366580073, "params": {"gamma": 8.600419458880197, "lr": 0.5388310643416528}, "datetime": {"datetime": "2024-06-13 22:59:24", "elapsed": 0.228569, "delta": 0.003968}}
{"target": -1314.5812260667403, "params": {"gamma": 5.5286669648789735, "lr": 0.8420308923596057}, "datetime": {"datetime": "2024-06-13 22:59:24", "elapsed": 0.232559, "delta": 0.00399}}
{"target": -340.62106472337126, "params": {"gamma": 1.2426089778839915, "lr": 0.2791836790111395}, "datetime": {"datetime": "2024-06-13 22:59:24", "elapsed": 0.235551, "delta": 0.002992}}
{"target": -1487.0368042141934, "params": {"gamma": 5.858006955311422, "lr": 0.9695957483196745}, "datetime": {"datetime": "2024-06-13 22:59:24", "elapsed": 0.23954, "delta": 0.003989}}
{"target": -1969.1737917739126, "params": {"gamma": 5.6107411623378445, "lr": 0.01864728937294302}, "datetime": {"datetime": "2024-06-13 22:59:24", "elapsed": 0.24353, "delta": 0.00399}}
{"target": -2322.3845467080396, "params": {"gamma": 8.006526094133482, "lr": 0.23297427384102043}, "datetime": {"datetime": "2024-06-13 22:59:24", "elapsed": 0.246522, "delta": 0.002992}}
{"target": -1711.0405722300404, "params": {"gamma": 8.071244850992173, "lr": 0.38786064406417176}, "datetime": {"datetime": "2024-06-13 22:59:24", "elapsed": 0.250511, "delta": 0.003989}}
{"target": -1920.195503710494, "params": {"gamma": 8.635555003739727, "lr": 0.7471216427371846}, "datetime": {"datetime": "2024-06-13 22:59:24", "elapsed": 0.253503, "delta": 0.002992}}
{"target": -1869.1887138269815, "params": {"gamma": 5.562846099670199, "lr": 0.13645522566068502}, "datetime": {"datetime": "2024-06-13 22:59:24", "elapsed": 0.258489, "delta": 0.004986}}
{"target": -247.1854453787038, "params": {"gamma": 0.6001169774326044, "lr": 0.12134345574073735}, "datetime": {"datetime": "2024-06-13 22:59:24", "elapsed": 0.262479, "delta": 0.00399}}
{"target": -213.67728456235676, "params": {"gamma": 0.4464742335690725, "lr": 0.1074941291060929}, "datetime": {"datetime": "2024-06-13 22:59:24", "elapsed": 0.265471, "delta": 0.002992}}
{"target": -514.0126984760966, "params": {"gamma": 2.2578676767399393, "lr": 0.7129889803826767}, "datetime": {"datetime": "2024-06-13 22:59:24", "elapsed": 0.26946, "delta": 0.003989}}
{"target": -1964.6181861260304, "params": {"gamma": 5.597610103559371, "lr": 0.012555980159115854}, "datetime": {"datetime": "2024-06-13 22:59:24", "elapsed": 0.272453, "delta": 0.002993}}
{"target": -229.55662001299584, "params": {"gamma": 0.7206708226151783, "lr": 0.967276330000272}, "datetime": {"datetime": "2024-06-13 22:59:24", "elapsed": 0.276443, "delta": 0.00399}}
{"target": -1741.8541420709967, "params": {"gamma": 5.6814365187375016, "lr": 0.20329323466099047}, "datetime": {"datetime": "2024-06-13 22:59:24", "elapsed": 0.280431, "delta": 0.003988}}
{"target": -578.1257909384962, "params": {"gamma": 2.5240051199586637, "lr": 0.7438258540750929}, "datetime": {"datetime": "2024-06-13 22:59:24", "elapsed": 0.283423, "delta": 0.002992}}
{"target": -431.7562482674181, "params": {"gamma": 1.9550993816120785, "lr": 0.5813589272732578}, "datetime": {"datetime": "2024-06-13 22:59:24", "elapsed": 0.288409, "delta": 0.004986}}
{"target": -2296.2684303766514, "params": {"gamma": 9.700229870894034, "lr": 0.8468288014900353}, "datetime": {"datetime": "2024-06-13 22:59:24", "elapsed": 0.291401, "delta": 0.002992}}
{"target": -500.53455195165344, "params": {"gamma": 2.399237743716714, "lr": 0.49376971426872995}, "datetime": {"datetime": "2024-06-13 22:59:24", "elapsed": 0.295391, "delta": 0.00399}}
{"target": -1433.9900561867244, "params": {"gamma": 6.199937228095417, "lr": 0.8289808995501787}, "datetime": {"datetime": "2024-06-13 22:59:24", "elapsed": 0.298383, "delta": 0.002992}}
{"target": -571.1676849432548, "params": {"gamma": 1.5687571550661965, "lr": 0.018576202177409518}, "datetime": {"datetime": "2024-06-13 22:59:24", "elapsed": 0.302372, "delta": 0.003989}}
{"target": -198.72968030917838, "params": {"gamma": 0.7011514150485041, "lr": 0.4863451109370318}, "datetime": {"datetime": "2024-06-13 22:59:24", "elapsed": 0.306361, "delta": 0.003989}}
{"target": -1243.3057741443433, "params": {"gamma": 6.063688287071651, "lr": 0.5688514370864813}, "datetime": {"datetime": "2024-06-13 22:59:24", "elapsed": 0.309354, "delta": 0.002993}}
{"target": -814.857381124001, "params": {"gamma": 3.1743067308122854, "lr": 0.9886161544124489}, "datetime": {"datetime": "2024-06-13 22:59:24", "elapsed": 0.313343, "delta": 0.003989}}
{"target": -1234.009684647986, "params": {"gamma": 5.797872447238724, "lr": 0.3801411726235504}, "datetime": {"datetime": "2024-06-13 22:59:24", "elapsed": 0.316335, "delta": 0.002992}}
{"target": -1231.5443346588586, "params": {"gamma": 5.509931242959851, "lr": 0.7453344309065021}, "datetime": {"datetime": "2024-06-13 22:59:24", "elapsed": 0.321322, "delta": 0.004987}}
{"target": -1664.674281457299, "params": {"gamma": 6.6926597016383935, "lr": 0.2649195576628094}, "datetime": {"datetime": "2024-06-13 22:59:24", "elapsed": 0.324313, "delta": 0.002991}}
{"target": -205.78162778900142, "params": {"gamma": 0.6642820094499873, "lr": 0.3700841979141063}, "datetime": {"datetime": "2024-06-13 22:59:24", "elapsed": 0.328303, "delta": 0.00399}}
{"target": -1929.4253218109309, "params": {"gamma": 6.297545352708624, "lr": 0.2101740099148396}, "datetime": {"datetime": "2024-06-13 22:59:24", "elapsed": 0.332292, "delta": 0.003989}}
{"target": -2634.337958532985, "params": {"gamma": 7.5278027818344, "lr": 0.06653648135411494}, "datetime": {"datetime": "2024-06-13 22:59:24", "elapsed": 0.335284, "delta": 0.002992}}
{"target": -615.4551369505793, "params": {"gamma": 2.603890670686831, "lr": 0.8047545637433454}, "datetime": {"datetime": "2024-06-13 22:59:24", "elapsed": 0.339273, "delta": 0.003989}}
{"target": -429.3033374183781, "params": {"gamma": 1.935149391950654, "lr": 0.6394608808799401}, "datetime": {"datetime": "2024-06-13 22:59:24", "elapsed": 0.342266, "delta": 0.002993}}
{"target": -1333.6682002352582, "params": {"gamma": 5.247178420928214, "lr": 0.9248079703993507}, "datetime": {"datetime": "2024-06-13 22:59:24", "elapsed": 0.346257, "delta": 0.003991}}
{"target": -937.4172671548746, "params": {"gamma": 2.633704408100623, "lr": 0.06596109068402378}, "datetime": {"datetime": "2024-06-13 22:59:24", "elapsed": 0.350244, "delta": 0.003987}}
{"target": -1679.3600731280178, "params": {"gamma": 7.350924566923407, "lr": 0.7721780295432468}, "datetime": {"datetime": "2024-06-13 22:59:24", "elapsed": 0.354233, "delta": 0.003989}}
{"target": -2296.449828725851, "params": {"gamma": 9.078250709182736, "lr": 0.9319720691968373}, "datetime": {"datetime": "2024-06-13 22:59:24", "elapsed": 0.357225, "delta": 0.002992}}
{"target": -155.20378432342525, "params": {"gamma": 0.14050177818299456, "lr": 0.2343620861214205}, "datetime": {"datetime": "2024-06-13 22:59:24", "elapsed": 0.361215, "delta": 0.00399}}
{"target": -1564.9468068515, "params": {"gamma": 6.1681667916595755, "lr": 0.9490163206876164}, "datetime": {"datetime": "2024-06-13 22:59:24", "elapsed": 0.365205, "delta": 0.00399}}
{"target": -1938.8136756788083, "params": {"gamma": 9.50181101635155, "lr": 0.5566531881951564}, "datetime": {"datetime": "2024-06-13 22:59:24", "elapsed": 0.368196, "delta": 0.002991}}
{"target": -1917.3360322411588, "params": {"gamma": 9.15614789131298, "lr": 0.6415662089463375}, "datetime": {"datetime": "2024-06-13 22:59:24", "elapsed": 0.372185, "delta": 0.003989}}
{"target": -796.4835258054917, "params": {"gamma": 3.9006871336983213, "lr": 0.48599066709690975}, "datetime": {"datetime": "2024-06-13 22:59:24", "elapsed": 0.376175, "delta": 0.00399}}
{"target": -1253.9917025676314, "params": {"gamma": 6.043500518716813, "lr": 0.5495479215085626}, "datetime": {"datetime": "2024-06-13 22:59:24", "elapsed": 0.379167, "delta": 0.002992}}
{"target": -2342.6255501138944, "params": {"gamma": 9.26188808563783, "lr": 0.9187334356336061}, "datetime": {"datetime": "2024-06-13 22:59:24", "elapsed": 0.386148, "delta": 0.006981}}
{"target": -1008.3590092682219, "params": {"gamma": 3.9493612536226252, "lr": 0.9632625284407118}, "datetime": {"datetime": "2024-06-13 22:59:24", "elapsed": 0.391135, "delta": 0.004987}}
{"target": -598.2285869864777, "params": {"gamma": 1.740382711137963, "lr": 0.12632951943963733}, "datetime": {"datetime": "2024-06-13 22:59:24", "elapsed": 0.395124, "delta": 0.003989}}
{"target": -317.88628871313955, "params": {"gamma": 1.3516565013092665, "lr": 0.5056621656768967}, "datetime": {"datetime": "2024-06-13 22:59:24", "elapsed": 0.399113, "delta": 0.003989}}
{"target": -152.16522954627357, "params": {"gamma": 0.2162265279367056, "lr": 0.947970211217681}, "datetime": {"datetime": "2024-06-13 22:59:24", "elapsed": 0.402105, "delta": 0.002992}}
{"target": -2892.3359892951694, "params": {"gamma": 8.271327596236153, "lr": 0.015018980742122379}, "datetime": {"datetime": "2024-06-13 22:59:24", "elapsed": 0.406095, "delta": 0.00399}}
{"target": -419.58429596032323, "params": {"gamma": 1.7627863594949775, "lr": 0.332063574366837}, "datetime": {"datetime": "2024-06-13 22:59:24", "elapsed": 0.410084, "delta": 0.003989}}
{"target": -332.3161476958083, "params": {"gamma": 1.310837451264358, "lr": 0.8094906921265821}, "datetime": {"datetime": "2024-06-13 22:59:24", "elapsed": 0.416068, "delta": 0.005984}}
{"target": -883.0863725580264, "params": {"gamma": 3.4480217901802512, "lr": 0.9401074823333672}, "datetime": {"datetime": "2024-06-13 22:59:24", "elapsed": 0.42305, "delta": 0.006982}}
{"target": -1435.5196447251278, "params": {"gamma": 5.820559785290854, "lr": 0.8788319844118441}, "datetime": {"datetime": "2024-06-13 22:59:24", "elapsed": 0.427039, "delta": 0.003989}}
{"target": -2145.6095480470535, "params": {"gamma": 8.447499719476827, "lr": 0.9053923187086492}, "datetime": {"datetime": "2024-06-13 22:59:24", "elapsed": 0.431028, "delta": 0.003989}}
{"target": -959.6689977135895, "params": {"gamma": 4.599342777902254, "lr": 0.5463468160203733}, "datetime": {"datetime": "2024-06-13 22:59:24", "elapsed": 0.435017, "delta": 0.003989}}
{"target": -1832.953320260026, "params": {"gamma": 7.986237307929242, "lr": 0.28571885173414757}, "datetime": {"datetime": "2024-06-13 22:59:24", "elapsed": 0.43801, "delta": 0.002993}}
