{"target": -193.76737306818637, "params": {"gamma": 3.622798839194582, "prior": 8.091186697583844, "rate": 0.3607736956187603}, "datetime": {"datetime": "2024-06-14 11:40:44", "elapsed": 7.28424, "delta": 0.008976}}
{"target": -193.23943934152712, "params": {"gamma": 3.584594051008626, "prior": 6.41895351934156, "rate": 1.4308980910737081}, "datetime": {"datetime": "2024-06-14 11:40:44", "elapsed": 7.294214, "delta": 0.009974}}
{"target": -350.0469308974667, "params": {"gamma": 8.577528406499894, "prior": 6.491087641906984, "rate": 1.1538189613747907}, "datetime": {"datetime": "2024-06-14 11:40:44", "elapsed": 7.302988, "delta": 0.008774}}
{"target": -172.3180483786335, "params": {"gamma": 2.081766002579473, "prior": 7.48043347440683, "rate": 4.034662876713395}, "datetime": {"datetime": "2024-06-14 11:40:44", "elapsed": 7.311964, "delta": 0.008976}}
{"target": -227.35158446939792, "params": {"gamma": 4.84521613942412, "prior": 8.885805272920003, "rate": 1.3752980526926846}, "datetime": {"datetime": "2024-06-14 11:40:44", "elapsed": 7.321937, "delta": 0.009973}}
{"target": -682.3229963914478, "params": {"gamma": 9.64376360106379, "prior": 0.5220338497861409, "rate": 0.9953031322915933}, "datetime": {"datetime": "2024-06-14 11:40:44", "elapsed": 7.330913, "delta": 0.008976}}
{"target": -177.2449786090055, "params": {"gamma": 2.2331610709734946, "prior": 8.08519231437909, "rate": 4.559272200887655}, "datetime": {"datetime": "2024-06-14 11:40:44", "elapsed": 7.340889, "delta": 0.009976}}
{"target": -354.34580085656836, "params": {"gamma": 6.5328581714709335, "prior": 1.8257792614463888, "rate": 1.668052607332356}, "datetime": {"datetime": "2024-06-14 11:40:44", "elapsed": 7.349865, "delta": 0.008976}}
{"target": -274.58879927160336, "params": {"gamma": 5.208962557197339, "prior": 7.428906989274194, "rate": 4.62528217768507}, "datetime": {"datetime": "2024-06-14 11:40:44", "elapsed": 7.358841, "delta": 0.008976}}
{"target": -378.82490986884847, "params": {"gamma": 8.696271237126007, "prior": 6.638078153239339, "rate": 2.4916517944308763}, "datetime": {"datetime": "2024-06-14 11:40:44", "elapsed": 7.367817, "delta": 0.008976}}
{"target": -255.45143875950305, "params": {"gamma": 2.3497873058002465, "prior": 3.8030624969839892, "rate": 7.566403946905877}, "datetime": {"datetime": "2024-06-14 11:40:44", "elapsed": 7.377452, "delta": 0.009635}}
{"target": -394.7464797848059, "params": {"gamma": 9.379438705433513, "prior": 8.632869393256446, "rate": 2.6168463160365345}, "datetime": {"datetime": "2024-06-14 11:40:44", "elapsed": 7.386427, "delta": 0.008975}}
{"target": -260.43578689154685, "params": {"gamma": 4.12337700085772, "prior": 6.154286584558183, "rate": 5.468797723702268}, "datetime": {"datetime": "2024-06-14 11:40:44", "elapsed": 7.396402, "delta": 0.009975}}
{"target": -513.3330428703949, "params": {"gamma": 3.893360179144248, "prior": 1.1040656911246396, "rate": 7.122735799168159}, "datetime": {"datetime": "2024-06-14 11:40:44", "elapsed": 7.405377, "delta": 0.008975}}
{"target": -161.13034296231638, "params": {"gamma": 0.8822635040904132, "prior": 8.674166550799823, "rate": 8.634620954886014}, "datetime": {"datetime": "2024-06-14 11:40:44", "elapsed": 7.414934, "delta": 0.009557}}
{"target": -450.4366683754327, "params": {"gamma": 7.084799464362212, "prior": 4.915603280696092, "rate": 6.991766507563753}, "datetime": {"datetime": "2024-06-14 11:40:44", "elapsed": 7.42391, "delta": 0.008976}}
{"target": -262.6716830147993, "params": {"gamma": 3.950475613957549, "prior": 7.995210244504152, "rate": 7.864384405716199}, "datetime": {"datetime": "2024-06-14 11:40:44", "elapsed": 7.432888, "delta": 0.008978}}
{"target": -182.16095606453783, "params": {"gamma": 1.5561303101523432, "prior": 3.246393748470918, "rate": 3.4404877846831172}, "datetime": {"datetime": "2024-06-14 11:40:44", "elapsed": 7.442862, "delta": 0.009974}}
{"target": -192.90557406837704, "params": {"gamma": 3.6423388162366046, "prior": 5.709791011210197, "rate": 0.4178327377603575}, "datetime": {"datetime": "2024-06-14 11:40:44", "elapsed": 7.451838, "delta": 0.008976}}
{"target": -508.29112278072955, "params": {"gamma": 6.600037219920028, "prior": 2.09615441466068, "rate": 4.165209099174909}, "datetime": {"datetime": "2024-06-14 11:40:44", "elapsed": 7.460814, "delta": 0.008976}}
{"target": -293.27683055848587, "params": {"gamma": 4.5094756723505, "prior": 3.552395018521695, "rate": 3.8334198209699974}, "datetime": {"datetime": "2024-06-14 11:40:44", "elapsed": 7.46979, "delta": 0.008976}}
{"target": -297.05672070456296, "params": {"gamma": 1.8038803024167458, "prior": 0.7744875682013366, "rate": 5.513015232709581}, "datetime": {"datetime": "2024-06-14 11:40:44", "elapsed": 7.479763, "delta": 0.009973}}
{"target": -406.83968089471324, "params": {"gamma": 5.959073589220895, "prior": 1.5404479132949174, "rate": 2.310186141512919}, "datetime": {"datetime": "2024-06-14 11:40:44", "elapsed": 7.48874, "delta": 0.008977}}
{"target": -173.4560270945381, "params": {"gamma": 2.864484938242287, "prior": 8.324438532353815, "rate": 1.535055990682961}, "datetime": {"datetime": "2024-06-14 11:40:44", "elapsed": 7.498712, "delta": 0.009972}}
{"target": -283.71974001656383, "params": {"gamma": 5.521835936727261, "prior": 5.724583205152705, "rate": 3.434857510993614}, "datetime": {"datetime": "2024-06-14 11:40:44", "elapsed": 7.507688, "delta": 0.008976}}
{"target": -213.79623152113766, "params": {"gamma": 3.5068212758802293, "prior": 9.595208973440103, "rate": 5.533886150645748}, "datetime": {"datetime": "2024-06-14 11:40:44", "elapsed": 7.516664, "delta": 0.008976}}
{"target": -406.4230900572445, "params": {"gamma": 6.527659277808647, "prior": 4.958327152799692, "rate": 6.466853166736234}, "datetime": {"datetime": "2024-06-14 11:40:44", "elapsed": 7.526638, "delta": 0.009974}}
{"target": -497.0020320690905, "params": {"gamma": 6.052902604285114, "prior": 1.5372155999089467, "rate": 3.3474706483130476}, "datetime": {"datetime": "2024-06-14 11:40:44", "elapsed": 7.535614, "delta": 0.008976}}
{"target": -440.0604548947237, "params": {"gamma": 4.604879500595876, "prior": 1.3654344499032103, "rate": 3.6313701627213772}, "datetime": {"datetime": "2024-06-14 11:40:44", "elapsed": 7.54459, "delta": 0.008976}}
{"target": -169.6420317886868, "params": {"gamma": 2.2821882012949293, "prior": 8.49027576247698, "rate": 3.4153993261329654}, "datetime": {"datetime": "2024-06-14 11:40:44", "elapsed": 7.554401, "delta": 0.009811}}
{"target": -236.47396682160277, "params": {"gamma": 2.268666417341983, "prior": 4.140995888237594, "rate": 6.830957412174848}, "datetime": {"datetime": "2024-06-14 11:40:44", "elapsed": 7.563377, "delta": 0.008976}}
{"target": -178.18627375831704, "params": {"gamma": 0.657154367615287, "prior": 1.889219214669599, "rate": 6.943375082298363}, "datetime": {"datetime": "2024-06-14 11:40:44", "elapsed": 7.572354, "delta": 0.008977}}
{"target": -470.25301789392745, "params": {"gamma": 7.522813791436128, "prior": 6.215767368139672, "rate": 8.792106406805418}, "datetime": {"datetime": "2024-06-14 11:40:44", "elapsed": 7.582327, "delta": 0.009973}}
{"target": -195.96734857258562, "params": {"gamma": 1.6888331005858586, "prior": 7.065122548794142, "rate": 9.172684330641006}, "datetime": {"datetime": "2024-06-14 11:40:44", "elapsed": 7.591303, "delta": 0.008976}}
{"target": -213.3857731505414, "params": {"gamma": 1.508245851371479, "prior": 2.5132633762221936, "rate": 5.467299036335953}, "datetime": {"datetime": "2024-06-14 11:40:44", "elapsed": 7.600279, "delta": 0.008976}}
{"target": -187.29288775766378, "params": {"gamma": 3.441849250422999, "prior": 6.937326899745702, "rate": 0.5766186166326498}, "datetime": {"datetime": "2024-06-14 11:40:44", "elapsed": 7.610252, "delta": 0.009973}}
{"target": -194.66467297863468, "params": {"gamma": 1.6084806590922747, "prior": 7.190759234148253, "rate": 9.706216365641005}, "datetime": {"datetime": "2024-06-14 11:40:44", "elapsed": 7.619228, "delta": 0.008976}}
{"target": -369.528783247571, "params": {"gamma": 9.295574214746894, "prior": 9.020563234885856, "rate": 1.2783053957220292}, "datetime": {"datetime": "2024-06-14 11:40:44", "elapsed": 7.628204, "delta": 0.008976}}
{"target": -260.03230852168974, "params": {"gamma": 1.4601432517979631, "prior": 0.8154210924672393, "rate": 5.425859791214765}, "datetime": {"datetime": "2024-06-14 11:40:44", "elapsed": 7.638684, "delta": 0.01048}}
{"target": -542.0059840463865, "params": {"gamma": 8.824979242850812, "prior": 5.364739810662196, "rate": 7.817371138674004}, "datetime": {"datetime": "2024-06-14 11:40:44", "elapsed": 7.64766, "delta": 0.008976}}
{"target": -154.76743163344267, "params": {"gamma": 1.8853494153257044, "prior": 8.644801475646716, "rate": 1.8750602824827893}, "datetime": {"datetime": "2024-06-14 11:40:44", "elapsed": 7.657633, "delta": 0.009973}}
{"target": -157.3773204307137, "params": {"gamma": 0.548586496539166, "prior": 4.2727610032381715, "rate": 5.551489195654376}, "datetime": {"datetime": "2024-06-14 11:40:44", "elapsed": 7.666609, "delta": 0.008976}}
{"target": -836.9513480162499, "params": {"gamma": 9.707449353204424, "prior": 1.0083629510677956, "rate": 2.7399070142023203}, "datetime": {"datetime": "2024-06-14 11:40:44", "elapsed": 7.676582, "delta": 0.009973}}
{"target": -158.4686096787049, "params": {"gamma": 1.0519655837514126, "prior": 3.9653524037024024, "rate": 2.890821820794509}, "datetime": {"datetime": "2024-06-14 11:40:44", "elapsed": 7.685558, "delta": 0.008976}}
{"target": -475.5508932924322, "params": {"gamma": 5.133490194329599, "prior": 3.547741149332395, "rate": 9.28235195448276}, "datetime": {"datetime": "2024-06-14 11:40:44", "elapsed": 7.695531, "delta": 0.009973}}
{"target": -324.4771137843822, "params": {"gamma": 7.8996880160340215, "prior": 8.624012549278358, "rate": 1.2958799584830156}, "datetime": {"datetime": "2024-06-14 11:40:44", "elapsed": 7.705505, "delta": 0.009974}}
{"target": -615.7427143460708, "params": {"gamma": 5.751126599720151, "prior": 2.2263471052601016, "rate": 8.682517475837448}, "datetime": {"datetime": "2024-06-14 11:40:44", "elapsed": 7.714481, "delta": 0.008976}}
{"target": -152.06000626697497, "params": {"gamma": 0.15117919811248737, "prior": 1.1468677297875165, "rate": 3.761194698397609}, "datetime": {"datetime": "2024-06-14 11:40:44", "elapsed": 7.724454, "delta": 0.009973}}
{"target": -212.3783730482579, "params": {"gamma": 4.021536967025843, "prior": 2.8444788214889583, "rate": 0.9615339246006319}, "datetime": {"datetime": "2024-06-14 11:40:44", "elapsed": 7.734428, "delta": 0.009974}}
{"target": -206.6882921463237, "params": {"gamma": 1.1881853207208233, "prior": 3.2476530630886056, "rate": 9.507977547943128}, "datetime": {"datetime": "2024-06-14 11:40:44", "elapsed": 7.743403, "delta": 0.008975}}
{"target": -162.63945180423877, "params": {"gamma": 2.0748582416284203, "prior": 7.498075178486302, "rate": 2.5826284514108324}, "datetime": {"datetime": "2024-06-14 11:40:44", "elapsed": 7.753377, "delta": 0.009974}}
{"target": -165.52981279784296, "params": {"gamma": 0.37336531585223737, "prior": 0.2589168707539145, "rate": 1.5279066058805837}, "datetime": {"datetime": "2024-06-14 11:40:44", "elapsed": 7.763351, "delta": 0.009974}}
{"target": -285.7789817589004, "params": {"gamma": 4.621379845784425, "prior": 7.58342086562427, "rate": 7.2884205045195944}, "datetime": {"datetime": "2024-06-14 11:40:44", "elapsed": 7.772327, "delta": 0.008976}}
{"target": -301.9378913949476, "params": {"gamma": 3.524542035387884, "prior": 4.843478859752845, "rate": 8.140923460003277}, "datetime": {"datetime": "2024-06-14 11:40:44", "elapsed": 7.7823, "delta": 0.009973}}
{"target": -339.4721435338647, "params": {"gamma": 8.384190660883412, "prior": 3.2671753341380563, "rate": 0.043645919052664246}, "datetime": {"datetime": "2024-06-14 11:40:44", "elapsed": 7.791275, "delta": 0.008975}}
{"target": -146.2546309995915, "params": {"gamma": 0.4702615014191002, "prior": 7.404293038279442, "rate": 2.7270501784440078}, "datetime": {"datetime": "2024-06-14 11:40:44", "elapsed": 7.801248, "delta": 0.009973}}
{"target": -544.579508933434, "params": {"gamma": 4.815376636054336, "prior": 2.0011095337083287, "rate": 8.471282047905861}, "datetime": {"datetime": "2024-06-14 11:40:44", "elapsed": 7.810225, "delta": 0.008977}}
{"target": -261.3114303068311, "params": {"gamma": 5.034272718755895, "prior": 5.318885739650387, "rate": 2.881507801269463}, "datetime": {"datetime": "2024-06-14 11:40:44", "elapsed": 7.820198, "delta": 0.009973}}
{"target": -787.2017663598932, "params": {"gamma": 5.120480307408566, "prior": 0.1194400892869483, "rate": 2.7736731083917574}, "datetime": {"datetime": "2024-06-14 11:40:44", "elapsed": 7.829174, "delta": 0.008976}}
{"target": -194.18218088109634, "params": {"gamma": 3.488281072400821, "prior": 2.9111137742614566, "rate": 0.8604363235466009}, "datetime": {"datetime": "2024-06-14 11:40:44", "elapsed": 7.839148, "delta": 0.009974}}
{"target": -334.53390807341106, "params": {"gamma": 5.2182903111313514, "prior": 7.9059434203978, "rate": 9.426041757646109}, "datetime": {"datetime": "2024-06-14 11:40:44", "elapsed": 7.848123, "delta": 0.008975}}
{"target": -254.55457461424885, "params": {"gamma": 4.973400631374519, "prior": 5.9781631977188905, "rate": 2.9093085181668954}, "datetime": {"datetime": "2024-06-14 11:40:44", "elapsed": 7.858096, "delta": 0.009973}}
{"target": -253.47313356837532, "params": {"gamma": 1.492445929692968, "prior": 1.4055297382115668, "rate": 7.323875397919708}, "datetime": {"datetime": "2024-06-14 11:40:44", "elapsed": 7.867073, "delta": 0.008977}}
{"target": -586.2174357958266, "params": {"gamma": 7.344959884063995, "prior": 1.8755651647026885, "rate": 4.136190237378143}, "datetime": {"datetime": "2024-06-14 11:40:44", "elapsed": 7.876049, "delta": 0.008976}}
{"target": -724.1167620321314, "params": {"gamma": 5.941849134587504, "prior": 1.3402912672428726, "rate": 7.85390412973879}, "datetime": {"datetime": "2024-06-14 11:40:44", "elapsed": 7.886022, "delta": 0.009973}}
{"target": -368.4906627792396, "params": {"gamma": 6.20030204099907, "prior": 6.190694745933699, "rate": 7.012379711094405}, "datetime": {"datetime": "2024-06-14 11:40:44", "elapsed": 7.894998, "delta": 0.008976}}
{"target": -609.9840393865943, "params": {"gamma": 9.871843637581678, "prior": 5.667705113976064, "rate": 8.644298200721781}, "datetime": {"datetime": "2024-06-14 11:40:44", "elapsed": 7.904972, "delta": 0.009974}}
{"target": -311.5513358761545, "params": {"gamma": 4.187668041896602, "prior": 6.5792465771516, "rate": 9.252686617399803}, "datetime": {"datetime": "2024-06-14 11:40:44", "elapsed": 7.913948, "delta": 0.008976}}
{"target": -512.5496812742329, "params": {"gamma": 6.64184400562511, "prior": 3.1004986918363557, "rate": 6.199836992922438}, "datetime": {"datetime": "2024-06-14 11:40:44", "elapsed": 7.923921, "delta": 0.009973}}
{"target": -313.5633353899838, "params": {"gamma": 3.5138318852615673, "prior": 3.2914300838307535, "rate": 6.102440382404956}, "datetime": {"datetime": "2024-06-14 11:40:44", "elapsed": 7.932896, "delta": 0.008975}}
{"target": -212.336081045228, "params": {"gamma": 1.6040719966518822, "prior": 4.918715464001758, "rate": 9.456397215578926}, "datetime": {"datetime": "2024-06-14 11:40:44", "elapsed": 7.942862, "delta": 0.009966}}
{"target": -367.7665147137535, "params": {"gamma": 3.839758505543401, "prior": 1.9707296731335333, "rate": 4.688920657472168}, "datetime": {"datetime": "2024-06-14 11:40:44", "elapsed": 7.951839, "delta": 0.008977}}
{"target": -438.81866387510735, "params": {"gamma": 8.409237406703872, "prior": 8.442410453690822, "rate": 8.278204591352763}, "datetime": {"datetime": "2024-06-14 11:40:45", "elapsed": 7.960814, "delta": 0.008975}}
{"target": -151.0887007724976, "params": {"gamma": 0.11574365054552785, "prior": 2.7436990682901228, "rate": 9.99875799995505}, "datetime": {"datetime": "2024-06-14 11:40:45", "elapsed": 7.970788, "delta": 0.009974}}
{"target": -184.67200001407642, "params": {"gamma": 1.1977130886476726, "prior": 4.951886011267569, "rate": 7.900471479876251}, "datetime": {"datetime": "2024-06-14 11:40:45", "elapsed": 7.979764, "delta": 0.008976}}
{"target": -161.90479119315978, "params": {"gamma": 1.223016887028468, "prior": 6.657850888843354, "rate": 4.881316374767721}, "datetime": {"datetime": "2024-06-14 11:40:45", "elapsed": 7.98874, "delta": 0.008976}}
{"target": -155.42695501507532, "params": {"gamma": 1.9437055308797813, "prior": 8.798437263168932, "rate": 1.8156924881797458}, "datetime": {"datetime": "2024-06-14 11:40:45", "elapsed": 7.997716, "delta": 0.008976}}
{"target": -331.2997890494565, "params": {"gamma": 6.390889540088459, "prior": 7.434186094159498, "rate": 5.6271661930456895}, "datetime": {"datetime": "2024-06-14 11:40:45", "elapsed": 8.007718, "delta": 0.010002}}
{"target": -539.1994595562611, "params": {"gamma": 6.288786844403314, "prior": 1.2777574265578442, "rate": 3.0810618335582585}, "datetime": {"datetime": "2024-06-14 11:40:45", "elapsed": 8.016665, "delta": 0.008947}}
{"target": -422.5071202852976, "params": {"gamma": 5.870035110089563, "prior": 4.015090791444363, "rate": 6.639796868246575}, "datetime": {"datetime": "2024-06-14 11:40:45", "elapsed": 8.025641, "delta": 0.008976}}
{"target": -930.9260011251766, "params": {"gamma": 8.519694493398179, "prior": 1.9831986841906173, "rate": 9.032823736002479}, "datetime": {"datetime": "2024-06-14 11:40:45", "elapsed": 8.035614, "delta": 0.009973}}
{"target": -230.23060097759605, "params": {"gamma": 3.8323753284605018, "prior": 9.43693087420972, "rate": 6.174205747936627}, "datetime": {"datetime": "2024-06-14 11:40:45", "elapsed": 8.044757, "delta": 0.009143}}
{"target": -423.8213068368157, "params": {"gamma": 7.901165115937855, "prior": 5.1962767408949375, "rate": 5.311915799238696}, "datetime": {"datetime": "2024-06-14 11:40:45", "elapsed": 8.053733, "delta": 0.008976}}
{"target": -349.7185690548392, "params": {"gamma": 3.276611393760953, "prior": 1.3807106015508195, "rate": 3.8388352966923764}, "datetime": {"datetime": "2024-06-14 11:40:45", "elapsed": 8.062709, "delta": 0.008976}}
{"target": -327.6581015241013, "params": {"gamma": 2.1505498314359848, "prior": 0.4253660332309741, "rate": 2.7495934114227696}, "datetime": {"datetime": "2024-06-14 11:40:45", "elapsed": 8.072683, "delta": 0.009974}}
{"target": -151.74074555841804, "params": {"gamma": 1.8065799506159026, "prior": 8.767750118877416, "rate": 0.8132843877516185}, "datetime": {"datetime": "2024-06-14 11:40:45", "elapsed": 8.081658, "delta": 0.008975}}
{"target": -202.0170055249499, "params": {"gamma": 1.8397720952197505, "prior": 7.069903885809709, "rate": 9.192339684311714}, "datetime": {"datetime": "2024-06-14 11:40:45", "elapsed": 8.091632, "delta": 0.009974}}
{"target": -433.3695785482648, "params": {"gamma": 2.515333063867109, "prior": 0.3108812014676776, "rate": 9.605084223078242}, "datetime": {"datetime": "2024-06-14 11:40:45", "elapsed": 8.100607, "delta": 0.008975}}
{"target": -447.896751978241, "params": {"gamma": 6.8225241840990325, "prior": 3.175560691032173, "rate": 4.724262048710183}, "datetime": {"datetime": "2024-06-14 11:40:45", "elapsed": 8.110581, "delta": 0.009974}}
{"target": -506.6187714048129, "params": {"gamma": 5.992959482913756, "prior": 3.801298863446888, "rate": 8.74500347841515}, "datetime": {"datetime": "2024-06-14 11:40:45", "elapsed": 8.119557, "delta": 0.008976}}
{"target": -325.24822439537445, "params": {"gamma": 7.261999710487967, "prior": 9.547972975779691, "rate": 3.5113041629592687}, "datetime": {"datetime": "2024-06-14 11:40:45", "elapsed": 8.129234, "delta": 0.009677}}
{"target": -541.5208321927199, "params": {"gamma": 9.37180371312909, "prior": 4.843095684834866, "rate": 6.423584063846066}, "datetime": {"datetime": "2024-06-14 11:40:45", "elapsed": 8.138211, "delta": 0.008977}}
{"target": -341.27199495621755, "params": {"gamma": 7.36673540034412, "prior": 8.112445893156233, "rate": 3.963197413459656}, "datetime": {"datetime": "2024-06-14 11:40:45", "elapsed": 8.148184, "delta": 0.009973}}
{"target": -272.22734669159377, "params": {"gamma": 4.480011839169197, "prior": 8.191042558516232, "rate": 7.175854473706459}, "datetime": {"datetime": "2024-06-14 11:40:45", "elapsed": 8.15716, "delta": 0.008976}}
{"target": -378.840686832248, "params": {"gamma": 9.408551244537064, "prior": 9.798018927036628, "rate": 1.7899544503221003}, "datetime": {"datetime": "2024-06-14 11:40:45", "elapsed": 8.167163, "delta": 0.010003}}
{"target": -205.83574724200193, "params": {"gamma": 2.2799661987157394, "prior": 7.188265828062564, "rate": 7.474079963807781}, "datetime": {"datetime": "2024-06-14 11:40:45", "elapsed": 8.175849, "delta": 0.008686}}
{"target": -274.3065938116019, "params": {"gamma": 6.032192362771022, "prior": 8.785267665792963, "rate": 2.5206526306452743}, "datetime": {"datetime": "2024-06-14 11:40:45", "elapsed": 8.184825, "delta": 0.008976}}
{"target": -214.4214242870481, "params": {"gamma": 3.3955344555736273, "prior": 4.997003796258398, "rate": 3.150955862596707}, "datetime": {"datetime": "2024-06-14 11:40:45", "elapsed": 8.194798, "delta": 0.009973}}
{"target": -257.5354583213643, "params": {"gamma": 5.454845454328703, "prior": 6.856532985049649, "rate": 2.2044486446357947}, "datetime": {"datetime": "2024-06-14 11:40:45", "elapsed": 8.203774, "delta": 0.008976}}
{"target": -237.93377690334293, "params": {"gamma": 4.853889202229838, "prior": 9.930515440611035, "rate": 3.242288870509168}, "datetime": {"datetime": "2024-06-14 11:40:45", "elapsed": 8.21275, "delta": 0.008976}}
{"target": -148.2999111093822, "params": {"gamma": 0.35458383299364826, "prior": 8.19178211991173, "rate": 5.033564529213024}, "datetime": {"datetime": "2024-06-14 11:40:45", "elapsed": 8.222724, "delta": 0.009974}}
