{"target": -110.8030623497673, "params": {"p_ai": 0.6686440453019826, "p_al": 4.5499409671176085, "p_ex": 3.6991043576209, "prior": 1.8340027966477117, "rate": 7.915461711347692}, "datetime": {"datetime": "2024-06-12 21:08:52", "elapsed": 631.851121, "delta": 23.142211}}
{"target": -131.95148877157663, "params": {"p_ai": 0.001, "p_al": 0.001, "p_ex": 3.9833005390087677, "prior": 10.0, "rate": 10.0}, "datetime": {"datetime": "2024-06-12 21:09:29", "elapsed": 669.259328, "delta": 37.408207}}
{"target": -108.16432916588492, "params": {"p_ai": 2.0424640865733372, "p_al": 0.001, "p_ex": 10.0, "prior": 10.0, "rate": 3.893464541574913}, "datetime": {"datetime": "2024-06-12 21:09:57", "elapsed": 696.601728, "delta": 27.3424}}
{"target": -97.41771185109975, "params": {"p_ai": 3.284122388588985, "p_al": 0.001, "p_ex": 8.387451274030925, "prior": 10.0, "rate": 8.445688870111066}, "datetime": {"datetime": "2024-06-12 21:10:15", "elapsed": 714.981378, "delta": 18.37965}}
{"target": -106.88307741851527, "params": {"p_ai": 2.4664059628267956, "p_al": 10.0, "p_ex": 10.0, "prior": 3.4346363330894234, "rate": 10.0}, "datetime": {"datetime": "2024-06-12 21:10:47", "elapsed": 746.814389, "delta": 31.833011}}
{"target": -121.97170633441579, "params": {"p_ai": 0.001, "p_al": 10.0, "p_ex": 8.460401854332849, "prior": 1.8336884324858402, "rate": 3.3011354526119785}, "datetime": {"datetime": "2024-06-12 21:11:16", "elapsed": 775.622742, "delta": 28.808353}}
{"target": -97.06139088941295, "params": {"p_ai": 3.7937985542863752, "p_al": 6.998444313885636, "p_ex": 10.0, "prior": 10.0, "rate": 7.129955390327766}, "datetime": {"datetime": "2024-06-12 21:11:48", "elapsed": 808.193191, "delta": 32.570449}}
{"target": -103.37162671621108, "params": {"p_ai": 1.7430209350162589, "p_al": 4.226851006700349, "p_ex": 10.0, "prior": 6.001581799398857, "rate": 10.0}, "datetime": {"datetime": "2024-06-12 21:12:07", "elapsed": 826.779882, "delta": 18.586691}}
{"target": -98.87990006175083, "params": {"p_ai": 2.336858058375993, "p_al": 10.0, "p_ex": 6.910535809228661, "prior": 10.0, "rate": 10.0}, "datetime": {"datetime": "2024-06-12 21:12:40", "elapsed": 859.591928, "delta": 32.812046}}
