{"target": -290.45533154439187, "params": {"gamma": 6.864927298504364, "prior": 3.8399250110933036, "rate": 7.6314509854431005}, "datetime": {"datetime": "2024-06-14 05:06:54", "elapsed": 15.993641, "delta": 0.009973}}
{"target": -504.0014176700471, "params": {"gamma": 8.963993959368008, "prior": 9.110902413045697, "rate": 4.965364995168459}, "datetime": {"datetime": "2024-06-14 05:06:54", "elapsed": 16.003614, "delta": 0.009973}}
{"target": -348.61037107698354, "params": {"gamma": 7.626339709379889, "prior": 7.118724128793965, "rate": 9.513017241338671}, "datetime": {"datetime": "2024-06-14 05:06:54", "elapsed": 16.013589, "delta": 0.009975}}
{"target": -222.06223864524787, "params": {"gamma": 2.416303346981715, "prior": 5.657263107051882, "rate": 0.4386889024105297}, "datetime": {"datetime": "2024-06-14 05:06:54", "elapsed": 16.024558, "delta": 0.010969}}
{"target": -521.4749421184631, "params": {"gamma": 9.231856412216342, "prior": 9.458040129710191, "rate": 5.0095625425504435}, "datetime": {"datetime": "2024-06-14 05:06:54", "elapsed": 16.034532, "delta": 0.009974}}
{"target": -369.8256215942074, "params": {"gamma": 5.861588364410452, "prior": 7.742224266063105, "rate": 2.494062511590284}, "datetime": {"datetime": "2024-06-14 05:06:54", "elapsed": 16.044505, "delta": 0.009973}}
{"target": -189.80111046592668, "params": {"gamma": 3.7905257699858756, "prior": 2.9571954023700533, "rate": 5.388500848183928}, "datetime": {"datetime": "2024-06-14 05:06:54", "elapsed": 16.054027, "delta": 0.009522}}
{"target": -642.2629178451975, "params": {"gamma": 9.489619281316324, "prior": 3.915466925543566, "rate": 0.4510526483715768}, "datetime": {"datetime": "2024-06-14 05:06:54", "elapsed": 16.064002, "delta": 0.009975}}
{"target": -382.5893375378171, "params": {"gamma": 6.8255038084621535, "prior": 5.0008035357807925, "rate": 2.96582349698632}, "datetime": {"datetime": "2024-06-14 05:06:54", "elapsed": 16.073974, "delta": 0.009972}}
{"target": -227.00231067929508, "params": {"gamma": 4.159470178485402, "prior": 8.638851939129534, "rate": 8.210356117785}, "datetime": {"datetime": "2024-06-14 05:06:54", "elapsed": 16.083947, "delta": 0.009973}}
{"target": -135.73542337283675, "params": {"gamma": 1.7092925546648687, "prior": 6.882819454636019, "rate": 9.976635949364582}, "datetime": {"datetime": "2024-06-14 05:06:54", "elapsed": 16.09392, "delta": 0.009973}}
{"target": -464.33711321030506, "params": {"gamma": 7.843808621110356, "prior": 7.277958918810155, "rate": 3.1008897721241295}, "datetime": {"datetime": "2024-06-14 05:06:54", "elapsed": 16.10447, "delta": 0.01055}}
{"target": -144.59298155508722, "params": {"gamma": 1.5955484350535305, "prior": 8.656789324831875, "rate": 6.103851837947851}, "datetime": {"datetime": "2024-06-14 05:06:54", "elapsed": 16.114445, "delta": 0.009975}}
{"target": -216.61970037345787, "params": {"gamma": 3.90151389493923, "prior": 7.580348274726708, "rate": 7.18656022932733}, "datetime": {"datetime": "2024-06-14 05:06:54", "elapsed": 16.124417, "delta": 0.009972}}
{"target": -257.1038266550147, "params": {"gamma": 6.473683921648569, "prior": 2.1519072794770633, "rate": 8.8553926501292}, "datetime": {"datetime": "2024-06-14 05:06:54", "elapsed": 16.13439, "delta": 0.009973}}
{"target": -471.87052447636427, "params": {"gamma": 7.190340618322544, "prior": 3.096042577804754, "rate": 0.636921390268151}, "datetime": {"datetime": "2024-06-14 05:06:54", "elapsed": 16.144213, "delta": 0.009823}}
{"target": -498.070954801879, "params": {"gamma": 9.128051358543207, "prior": 7.959115578671122, "rate": 4.986337846072983}, "datetime": {"datetime": "2024-06-14 05:06:54", "elapsed": 16.154187, "delta": 0.009974}}
{"target": -243.9483646120579, "params": {"gamma": 4.139838016887461, "prior": 6.194068492491998, "rate": 3.9857532458547134}, "datetime": {"datetime": "2024-06-14 05:06:54", "elapsed": 16.16416, "delta": 0.009973}}
{"target": -132.7073851044242, "params": {"gamma": 0.3901414822148927, "prior": 3.089486487843047, "rate": 2.4635393026772414}, "datetime": {"datetime": "2024-06-14 05:06:54", "elapsed": 16.174133, "delta": 0.009973}}
{"target": -549.345691255392, "params": {"gamma": 9.723053574133592, "prior": 7.698230686083612, "rate": 4.03756244174214}, "datetime": {"datetime": "2024-06-14 05:06:54", "elapsed": 16.184107, "delta": 0.009974}}
{"target": -318.60503379278754, "params": {"gamma": 7.36653545986381, "prior": 3.096284649891858, "rate": 5.273430978494289}, "datetime": {"datetime": "2024-06-14 05:06:54", "elapsed": 16.19408, "delta": 0.009973}}
{"target": -142.13383420176697, "params": {"gamma": 2.0722252550467415, "prior": 2.617176807498664, "rate": 4.340796665124917}, "datetime": {"datetime": "2024-06-14 05:06:54", "elapsed": 16.203056, "delta": 0.008976}}
{"target": -127.50399728867532, "params": {"gamma": 0.8251761637855287, "prior": 8.547550771616626, "rate": 9.163375833703464}, "datetime": {"datetime": "2024-06-14 05:06:54", "elapsed": 16.214027, "delta": 0.010971}}
{"target": -142.79735119503042, "params": {"gamma": 2.131865517652924, "prior": 4.789847916431056, "rate": 8.414755557056594}, "datetime": {"datetime": "2024-06-14 05:06:54", "elapsed": 16.223003, "delta": 0.008976}}
{"target": -186.0088734662912, "params": {"gamma": 2.8835014556151, "prior": 6.146017338301501, "rate": 4.421038071544468}, "datetime": {"datetime": "2024-06-14 05:06:54", "elapsed": 16.232976, "delta": 0.009973}}
{"target": -240.41587358066423, "params": {"gamma": 3.9755172922412867, "prior": 7.914804790958176, "rate": 4.645661627447652}, "datetime": {"datetime": "2024-06-14 05:06:54", "elapsed": 16.242949, "delta": 0.009973}}
{"target": -246.37256448777043, "params": {"gamma": 4.648560381634333, "prior": 9.92108219282192, "rate": 9.622335724671418}, "datetime": {"datetime": "2024-06-14 05:06:54", "elapsed": 16.252923, "delta": 0.009974}}
{"target": -143.06542193293353, "params": {"gamma": 2.3515737989342904, "prior": 2.3468422945017595, "rate": 6.627717437420285}, "datetime": {"datetime": "2024-06-14 05:06:54", "elapsed": 16.262896, "delta": 0.009973}}
{"target": -222.44160839177601, "params": {"gamma": 4.12005240559699, "prior": 7.21566500145903, "rate": 7.33480011223453}, "datetime": {"datetime": "2024-06-14 05:06:54", "elapsed": 16.272869, "delta": 0.009973}}
{"target": -299.72391261612034, "params": {"gamma": 7.833165317126014, "prior": 2.706813429208478, "rate": 9.983583794835354}, "datetime": {"datetime": "2024-06-14 05:06:54", "elapsed": 16.282843, "delta": 0.009974}}
{"target": -246.90643481781282, "params": {"gamma": 4.937510667267648, "prior": 0.9308724921413128, "rate": 1.1210448167623643}, "datetime": {"datetime": "2024-06-14 05:06:54", "elapsed": 16.292816, "delta": 0.009973}}
{"target": -251.27434770999125, "params": {"gamma": 5.615435741740323, "prior": 5.150078530019021, "rate": 9.348420230005587}, "datetime": {"datetime": "2024-06-14 05:06:54", "elapsed": 16.302789, "delta": 0.009973}}
{"target": -527.4938343578176, "params": {"gamma": 9.008359782293162, "prior": 4.707496113752034, "rate": 2.0655648551479264}, "datetime": {"datetime": "2024-06-14 05:06:54", "elapsed": 16.312763, "delta": 0.009974}}
{"target": -246.6747020316576, "params": {"gamma": 5.644611641557381, "prior": 3.156460479596483, "rate": 6.506205753925493}, "datetime": {"datetime": "2024-06-14 05:06:54", "elapsed": 16.322736, "delta": 0.009973}}
{"target": -359.2623960417708, "params": {"gamma": 5.151524964800736, "prior": 8.447482905263575, "rate": 1.318272408917089}, "datetime": {"datetime": "2024-06-14 05:06:54", "elapsed": 16.332709, "delta": 0.009973}}
{"target": -162.99515084673845, "params": {"gamma": 2.510816765750457, "prior": 6.015561199030471, "rate": 6.252522597888486}, "datetime": {"datetime": "2024-06-14 05:06:54", "elapsed": 16.342683, "delta": 0.009974}}
{"target": -228.13816571185322, "params": {"gamma": 4.126528259704839, "prior": 9.015862526250485, "rate": 8.102939975399439}, "datetime": {"datetime": "2024-06-14 05:06:54", "elapsed": 16.352657, "delta": 0.009974}}
{"target": -279.18472297889053, "params": {"gamma": 5.408957978271053, "prior": 4.109790667839894, "rate": 3.9723842641831384}, "datetime": {"datetime": "2024-06-14 05:06:54", "elapsed": 16.36263, "delta": 0.009973}}
{"target": -151.17157766740613, "params": {"gamma": 1.1407744850837678, "prior": 9.378724974180852, "rate": 2.3461206012549862}, "datetime": {"datetime": "2024-06-14 05:06:54", "elapsed": 16.372603, "delta": 0.009973}}
{"target": -139.2329024680827, "params": {"gamma": 1.5290154598338772, "prior": 5.149156483909666, "rate": 4.550990310069778}, "datetime": {"datetime": "2024-06-14 05:06:54", "elapsed": 16.382576, "delta": 0.009973}}
{"target": -126.32768153728152, "params": {"gamma": 0.741195677957228, "prior": 5.798171437543058, "rate": 6.98565427848021}, "datetime": {"datetime": "2024-06-14 05:06:54", "elapsed": 16.392549, "delta": 0.009973}}
{"target": -220.24893689809005, "params": {"gamma": 4.905996798082162, "prior": 0.8216471576437056, "rate": 1.7974602213999658}, "datetime": {"datetime": "2024-06-14 05:06:54", "elapsed": 16.402388, "delta": 0.009839}}
{"target": -159.72408606269016, "params": {"gamma": 1.1602386580615005, "prior": 5.876279483963145, "rate": 0.8517929419359279}, "datetime": {"datetime": "2024-06-14 05:06:54", "elapsed": 16.412361, "delta": 0.009973}}
{"target": -183.48147271435116, "params": {"gamma": 3.8411646857898374, "prior": 1.5568483148669632, "rate": 4.115450872320082}, "datetime": {"datetime": "2024-06-14 05:06:54", "elapsed": 16.430318, "delta": 0.017957}}
{"target": -260.0803673970439, "params": {"gamma": 6.253124313642986, "prior": 3.6594426508543156, "rate": 8.959947493135243}, "datetime": {"datetime": "2024-06-14 05:06:54", "elapsed": 16.442282, "delta": 0.011964}}
{"target": -231.23522871050528, "params": {"gamma": 4.175385995901437, "prior": 9.343186839462406, "rate": 8.204747872100748}, "datetime": {"datetime": "2024-06-14 05:06:54", "elapsed": 16.457241, "delta": 0.014959}}
{"target": -129.0923759113759, "params": {"gamma": 1.1673082330925828, "prior": 1.1292596538179704, "rate": 1.3289685737075208}, "datetime": {"datetime": "2024-06-14 05:06:54", "elapsed": 16.467215, "delta": 0.009974}}
{"target": -309.28550470104136, "params": {"gamma": 6.3850452068779955, "prior": 6.877462138363933, "rate": 7.900310828063816}, "datetime": {"datetime": "2024-06-14 05:06:54", "elapsed": 16.476191, "delta": 0.008976}}
{"target": -276.95237085972957, "params": {"gamma": 5.423716313506835, "prior": 6.7860429050825894, "rate": 6.86782996092407}, "datetime": {"datetime": "2024-06-14 05:06:54", "elapsed": 16.486164, "delta": 0.009973}}
{"target": -211.59400533600095, "params": {"gamma": 3.3829604515267047, "prior": 6.540111495995206, "rate": 4.041556089281965}, "datetime": {"datetime": "2024-06-14 05:06:54", "elapsed": 16.497136, "delta": 0.010972}}
{"target": -378.63783349882, "params": {"gamma": 6.402004807053291, "prior": 9.352740161515133, "rate": 4.300276952021971}, "datetime": {"datetime": "2024-06-14 05:06:54", "elapsed": 16.507108, "delta": 0.009972}}
{"target": -234.6100156929627, "params": {"gamma": 5.062169284611167, "prior": 3.387441539928508, "rate": 5.787626649270162}, "datetime": {"datetime": "2024-06-14 05:06:54", "elapsed": 16.517081, "delta": 0.009973}}
{"target": -331.6506423349972, "params": {"gamma": 8.63433961200101, "prior": 2.9081286245045184, "rate": 8.3440688316731}, "datetime": {"datetime": "2024-06-14 05:06:54", "elapsed": 16.527055, "delta": 0.009974}}
{"target": -237.1571136280127, "params": {"gamma": 5.19525257002433, "prior": 2.338154974562283, "rate": 4.195052837461809}, "datetime": {"datetime": "2024-06-14 05:06:54", "elapsed": 16.537028, "delta": 0.009973}}
{"target": -190.18724752831665, "params": {"gamma": 1.6707797438122824, "prior": 9.132705794826414, "rate": 0.5804135275146948}, "datetime": {"datetime": "2024-06-14 05:06:54", "elapsed": 16.547002, "delta": 0.009974}}
{"target": -249.31988637638193, "params": {"gamma": 6.0404303253472555, "prior": 1.1291215126301983, "rate": 3.135467231273893}, "datetime": {"datetime": "2024-06-14 05:06:54", "elapsed": 16.556975, "delta": 0.009973}}
{"target": -132.17177607413487, "params": {"gamma": 1.430273657454418, "prior": 5.045153826684863, "rate": 6.361341648049341}, "datetime": {"datetime": "2024-06-14 05:06:54", "elapsed": 16.567945, "delta": 0.01097}}
{"target": -354.2092637236466, "params": {"gamma": 8.292725454727396, "prior": 4.5551280553231495, "rate": 7.694721722549676}, "datetime": {"datetime": "2024-06-14 05:06:54", "elapsed": 16.576922, "delta": 0.008977}}
{"target": -416.34764399599504, "params": {"gamma": 5.953782798974832, "prior": 9.725416897155455, "rate": 1.1980382373790506}, "datetime": {"datetime": "2024-06-14 05:06:54", "elapsed": 16.586924, "delta": 0.010002}}
{"target": -405.7832974145931, "params": {"gamma": 8.163360508295652, "prior": 8.36804642863598, "rate": 7.915926255491784}, "datetime": {"datetime": "2024-06-14 05:06:54", "elapsed": 16.597866, "delta": 0.010942}}
{"target": -213.98819284098582, "params": {"gamma": 4.548793901755333, "prior": 5.319373120578599, "rate": 9.853860789595378}, "datetime": {"datetime": "2024-06-14 05:06:54", "elapsed": 16.607839, "delta": 0.009973}}
{"target": -519.3792344234596, "params": {"gamma": 9.446413498524006, "prior": 7.653717361291417, "rate": 4.603153079254813}, "datetime": {"datetime": "2024-06-14 05:06:54", "elapsed": 16.616815, "delta": 0.008976}}
{"target": -340.48891178391034, "params": {"gamma": 5.4028153672728605, "prior": 8.065147279335433, "rate": 2.7694190259593214}, "datetime": {"datetime": "2024-06-14 05:06:54", "elapsed": 16.626788, "delta": 0.009973}}
{"target": -149.4048439643477, "params": {"gamma": 2.5660746449201204, "prior": 2.2172273194191625, "rate": 5.5125104016000455}, "datetime": {"datetime": "2024-06-14 05:06:54", "elapsed": 16.636762, "delta": 0.009974}}
{"target": -355.555487266049, "params": {"gamma": 9.51400463278507, "prior": 2.453593275447689, "rate": 8.016191948242625}, "datetime": {"datetime": "2024-06-14 05:06:55", "elapsed": 16.646735, "delta": 0.009973}}
{"target": -136.3630275634189, "params": {"gamma": 0.3050697728019885, "prior": 5.111578112737991, "rate": 2.840969561694019}, "datetime": {"datetime": "2024-06-14 05:06:55", "elapsed": 16.656708, "delta": 0.009973}}
{"target": -166.95674075964854, "params": {"gamma": 2.8279345769967326, "prior": 3.9805415181824153, "rate": 5.35503815277569}, "datetime": {"datetime": "2024-06-14 05:06:55", "elapsed": 16.666682, "delta": 0.009974}}
{"target": -517.8686224281423, "params": {"gamma": 7.729080748891848, "prior": 9.620416719522808, "rate": 1.5047059924704762}, "datetime": {"datetime": "2024-06-14 05:06:55", "elapsed": 16.676655, "delta": 0.009973}}
{"target": -183.1149079866179, "params": {"gamma": 3.948506624298461, "prior": 1.711128575734629, "rate": 8.366584905960446}, "datetime": {"datetime": "2024-06-14 05:06:55", "elapsed": 16.686628, "delta": 0.009973}}
{"target": -129.92168978940953, "params": {"gamma": 0.848939363998362, "prior": 8.577228644378229, "rate": 7.408710726097538}, "datetime": {"datetime": "2024-06-14 05:06:55", "elapsed": 16.696632, "delta": 0.010004}}
{"target": -567.6910255902939, "params": {"gamma": 8.583506747549555, "prior": 8.910210077238986, "rate": 1.5086156837021263}, "datetime": {"datetime": "2024-06-14 05:06:55", "elapsed": 16.707572, "delta": 0.01094}}
{"target": -292.48765266338654, "params": {"gamma": 5.5673037568750585, "prior": 3.0949243389652152, "rate": 2.7129607380351044}, "datetime": {"datetime": "2024-06-14 05:06:55", "elapsed": 16.717545, "delta": 0.009973}}
{"target": -146.31410573804826, "params": {"gamma": 0.16532732155215554, "prior": 5.200289634664171, "rate": 0.19147494677606597}, "datetime": {"datetime": "2024-06-14 05:06:55", "elapsed": 16.726521, "delta": 0.008976}}
{"target": -374.7831118597568, "params": {"gamma": 8.982387549518384, "prior": 2.743118745199252, "rate": 4.934240682090825}, "datetime": {"datetime": "2024-06-14 05:06:55", "elapsed": 16.736495, "delta": 0.009974}}
{"target": -268.5675540249409, "params": {"gamma": 6.364538822186757, "prior": 0.11484759273546576, "rate": 1.1332762215360346}, "datetime": {"datetime": "2024-06-14 05:06:55", "elapsed": 16.746974, "delta": 0.010479}}
{"target": -232.3372615792, "params": {"gamma": 4.6659477575289365, "prior": 6.27045023526184, "rate": 8.196890952415792}, "datetime": {"datetime": "2024-06-14 05:06:55", "elapsed": 16.756947, "delta": 0.009973}}
{"target": -244.3137509668761, "params": {"gamma": 4.148641338539144, "prior": 9.27585593466577, "rate": 5.974235073828673}, "datetime": {"datetime": "2024-06-14 05:06:55", "elapsed": 16.76692, "delta": 0.009973}}
{"target": -143.13171001709398, "params": {"gamma": 0.019306140396848814, "prior": 6.83237546346491, "rate": 2.128523676734889}, "datetime": {"datetime": "2024-06-14 05:06:55", "elapsed": 16.776894, "delta": 0.009974}}
{"target": -138.2554022428336, "params": {"gamma": 0.1535430664843777, "prior": 7.383907493191389, "rate": 5.519551912752578}, "datetime": {"datetime": "2024-06-14 05:06:55", "elapsed": 16.786867, "delta": 0.009973}}
{"target": -299.92933963157094, "params": {"gamma": 7.836427271615353, "prior": 0.9728738222321646, "rate": 3.557641134340776}, "datetime": {"datetime": "2024-06-14 05:06:55", "elapsed": 16.796841, "delta": 0.009974}}
{"target": -183.85859963660292, "params": {"gamma": 2.997716685977381, "prior": 5.733129677407973, "rate": 5.102021899170938}, "datetime": {"datetime": "2024-06-14 05:06:55", "elapsed": 16.806814, "delta": 0.009973}}
{"target": -304.22808132056434, "params": {"gamma": 7.821480373966176, "prior": 1.951873292249901, "rate": 5.765378570105822}, "datetime": {"datetime": "2024-06-14 05:06:55", "elapsed": 16.816787, "delta": 0.009973}}
{"target": -308.54484915133025, "params": {"gamma": 6.444129706059222, "prior": 4.652693074134186, "rate": 5.580214322469496}, "datetime": {"datetime": "2024-06-14 05:06:55", "elapsed": 16.82676, "delta": 0.009973}}
{"target": -554.4721905401128, "params": {"gamma": 9.743286307322958, "prior": 7.541556933766897, "rate": 3.8104826236472786}, "datetime": {"datetime": "2024-06-14 05:06:55", "elapsed": 16.837731, "delta": 0.010971}}
{"target": -316.5969980628981, "params": {"gamma": 4.340728838399114, "prior": 7.1570316925553605, "rate": 0.9380272253159303}, "datetime": {"datetime": "2024-06-14 05:06:55", "elapsed": 16.847212, "delta": 0.009481}}
{"target": -334.15455423775506, "params": {"gamma": 6.378444418173399, "prior": 1.2321491091836958, "rate": 1.0193780310022393}, "datetime": {"datetime": "2024-06-14 05:06:55", "elapsed": 16.857186, "delta": 0.009974}}
{"target": -263.00770116449894, "params": {"gamma": 6.667021122891057, "prior": 1.7542887876159898, "rate": 7.647419971523622}, "datetime": {"datetime": "2024-06-14 05:06:55", "elapsed": 16.867159, "delta": 0.009973}}
{"target": -320.20643929144126, "params": {"gamma": 7.506153520363204, "prior": 3.18900068961921, "rate": 5.7090751316208}, "datetime": {"datetime": "2024-06-14 05:06:55", "elapsed": 16.877132, "delta": 0.009973}}
{"target": -417.98648872659254, "params": {"gamma": 6.451761309420609, "prior": 8.133499632738395, "rate": 2.0154617304835343}, "datetime": {"datetime": "2024-06-14 05:06:55", "elapsed": 16.887106, "delta": 0.009974}}
{"target": -391.92932154025294, "params": {"gamma": 6.762750921175965, "prior": 8.246616776474657, "rate": 4.144442403173417}, "datetime": {"datetime": "2024-06-14 05:06:55", "elapsed": 16.897079, "delta": 0.009973}}
{"target": -227.9436349983449, "params": {"gamma": 4.93747435337824, "prior": 5.191069021280379, "rate": 9.393346948548995}, "datetime": {"datetime": "2024-06-14 05:06:55", "elapsed": 16.907052, "delta": 0.009973}}
{"target": -130.6519302812664, "params": {"gamma": 0.5174559628579339, "prior": 5.75837295853161, "rate": 4.89811116337683}, "datetime": {"datetime": "2024-06-14 05:06:55", "elapsed": 16.917025, "delta": 0.009973}}
{"target": -192.05907166235951, "params": {"gamma": 3.43893717379704, "prior": 6.732175526529206, "rate": 7.6946306666071145}, "datetime": {"datetime": "2024-06-14 05:06:55", "elapsed": 16.926999, "delta": 0.009974}}
{"target": -224.97378255057868, "params": {"gamma": 5.401055710011223, "prior": 0.5122166664564219, "rate": 2.351573570535765}, "datetime": {"datetime": "2024-06-14 05:06:55", "elapsed": 16.936972, "delta": 0.009973}}
{"target": -134.34517767668234, "params": {"gamma": 0.20537707355366863, "prior": 3.3450050943537124, "rate": 4.6810927226785255}, "datetime": {"datetime": "2024-06-14 05:06:55", "elapsed": 16.947452, "delta": 0.01048}}
{"target": -397.1638674231253, "params": {"gamma": 7.845906561782468, "prior": 5.369502262702111, "rate": 4.774787580289247}, "datetime": {"datetime": "2024-06-14 05:06:55", "elapsed": 16.957424, "delta": 0.009972}}
{"target": -315.7768012202741, "params": {"gamma": 6.97979925706494, "prior": 0.27243013449192005, "rate": 6.950212658575371}, "datetime": {"datetime": "2024-06-14 05:06:55", "elapsed": 16.967397, "delta": 0.009973}}
{"target": -182.5897069879909, "params": {"gamma": 3.120283908366149, "prior": 5.641930498717792, "rate": 6.068459647449929}, "datetime": {"datetime": "2024-06-14 05:06:55", "elapsed": 16.97737, "delta": 0.009973}}
{"target": -133.21350713452526, "params": {"gamma": 1.8222444288432162, "prior": 2.5776986435657308, "rate": 5.788601767479563}, "datetime": {"datetime": "2024-06-14 05:06:55", "elapsed": 16.987344, "delta": 0.009974}}
{"target": -159.20534010623314, "params": {"gamma": 2.626964094789226, "prior": 2.4702287887304846, "rate": 3.5909544712195682}, "datetime": {"datetime": "2024-06-14 05:06:55", "elapsed": 16.997318, "delta": 0.009974}}
{"target": -499.9828603906321, "params": {"gamma": 9.044205571519699, "prior": 8.705182024603866, "rate": 5.140843749597316}, "datetime": {"datetime": "2024-06-14 05:06:55", "elapsed": 17.00732, "delta": 0.010002}}
