{"target": -150.32720664968852, "params": {"gamma": 0.04976556777778367, "lr": 0.3253313297689604}, "datetime": {"datetime": "2024-06-13 22:59:30", "elapsed": 6.359115, "delta": 0.004988}}
{"target": -2933.3796553920415, "params": {"gamma": 8.389610534784513, "lr": 0.06282398021726943}, "datetime": {"datetime": "2024-06-13 22:59:30", "elapsed": 6.364101, "delta": 0.004986}}
{"target": -269.6836156916599, "params": {"gamma": 1.0550920446467325, "lr": 0.7017873465119159}, "datetime": {"datetime": "2024-06-13 22:59:30", "elapsed": 6.36809, "delta": 0.003989}}
{"target": -1044.4700155540042, "params": {"gamma": 5.142068519294122, "lr": 0.49816682499451226}, "datetime": {"datetime": "2024-06-13 22:59:30", "elapsed": 6.373077, "delta": 0.004987}}
{"target": -791.3977059755157, "params": {"gamma": 3.736723579545134, "lr": 0.603513616671319}, "datetime": {"datetime": "2024-06-13 22:59:30", "elapsed": 6.377067, "delta": 0.00399}}
{"target": -2111.9276539762814, "params": {"gamma": 8.514836200003508, "lr": 0.27692305646899273}, "datetime": {"datetime": "2024-06-13 22:59:30", "elapsed": 6.382053, "delta": 0.004986}}
{"target": -1759.962625389368, "params": {"gamma": 8.447768867073506, "lr": 0.41661914857211835}, "datetime": {"datetime": "2024-06-13 22:59:30", "elapsed": 6.387042, "delta": 0.004989}}
{"target": -1121.6297685364332, "params": {"gamma": 5.010339139927012, "lr": 0.7296233785681803}, "datetime": {"datetime": "2024-06-13 22:59:30", "elapsed": 6.391031, "delta": 0.003989}}
{"target": -669.3213861958617, "params": {"gamma": 2.5879583533585664, "lr": 0.9216369186561401}, "datetime": {"datetime": "2024-06-13 22:59:30", "elapsed": 6.396033, "delta": 0.005002}}
{"target": -1467.4940431479044, "params": {"gamma": 7.020992572824255, "lr": 0.618930423097489}, "datetime": {"datetime": "2024-06-13 22:59:30", "elapsed": 6.40101, "delta": 0.004977}}
{"target": -616.9618532278648, "params": {"gamma": 2.7308153642818653, "lr": 0.6958484563594459}, "datetime": {"datetime": "2024-06-13 22:59:30", "elapsed": 6.406005, "delta": 0.004995}}
{"target": -608.5010108553495, "params": {"gamma": 2.5728902697861002, "lr": 0.8164526703274775}, "datetime": {"datetime": "2024-06-13 22:59:30", "elapsed": 6.409989, "delta": 0.003984}}
{"target": -154.56927138875315, "params": {"gamma": 0.11571307777403769, "lr": 0.1665376436115401}, "datetime": {"datetime": "2024-06-13 22:59:30", "elapsed": 6.414975, "delta": 0.004986}}
{"target": -1231.3548390593185, "params": {"gamma": 5.578732058631829, "lr": 0.7122809996025021}, "datetime": {"datetime": "2024-06-13 22:59:30", "elapsed": 6.419253, "delta": 0.004278}}
{"target": -1217.0841216072731, "params": {"gamma": 4.925314058477191, "lr": 0.8778095014799501}, "datetime": {"datetime": "2024-06-13 22:59:30", "elapsed": 6.424239, "delta": 0.004986}}
{"target": -1971.301544925637, "params": {"gamma": 9.758723505691574, "lr": 0.46427706754424325}, "datetime": {"datetime": "2024-06-13 22:59:30", "elapsed": 6.429226, "delta": 0.004987}}
{"target": -1553.685200237218, "params": {"gamma": 7.680101807848576, "lr": 0.49477213383352725}, "datetime": {"datetime": "2024-06-13 22:59:30", "elapsed": 6.433215, "delta": 0.003989}}
{"target": -1931.4459573981908, "params": {"gamma": 6.651322684579871, "lr": 0.22487497996736572}, "datetime": {"datetime": "2024-06-13 22:59:30", "elapsed": 6.438202, "delta": 0.004987}}
{"target": -310.52547102034333, "params": {"gamma": 1.0963076304454686, "lr": 0.9790089375741902}, "datetime": {"datetime": "2024-06-13 22:59:30", "elapsed": 6.443192, "delta": 0.00499}}
{"target": -2022.4035216576294, "params": {"gamma": 8.150131602400142, "lr": 0.28538353244953096}, "datetime": {"datetime": "2024-06-13 22:59:30", "elapsed": 6.448175, "delta": 0.004983}}
{"target": -1246.7638411674668, "params": {"gamma": 5.858698015894784, "lr": 0.38007120527879124}, "datetime": {"datetime": "2024-06-13 22:59:30", "elapsed": 6.452164, "delta": 0.003989}}
{"target": -390.097575808563, "params": {"gamma": 1.7642040696578871, "lr": 0.4188351430524928}, "datetime": {"datetime": "2024-06-13 22:59:30", "elapsed": 6.457151, "delta": 0.004987}}
{"target": -1054.6076350373485, "params": {"gamma": 2.9725807541730793, "lr": 0.016624106532905913}, "datetime": {"datetime": "2024-06-13 22:59:30", "elapsed": 6.461141, "delta": 0.00399}}
{"target": -989.5820106478777, "params": {"gamma": 3.8742957016810964, "lr": 0.9209130038047522}, "datetime": {"datetime": "2024-06-13 22:59:30", "elapsed": 6.466127, "delta": 0.004986}}
{"target": -1734.015231642606, "params": {"gamma": 8.28217438681578, "lr": 0.5740747551965509}, "datetime": {"datetime": "2024-06-13 22:59:30", "elapsed": 6.471114, "delta": 0.004987}}
{"target": -933.1338551147725, "params": {"gamma": 3.1871500009390448, "lr": 0.23126429488543754}, "datetime": {"datetime": "2024-06-13 22:59:30", "elapsed": 6.475103, "delta": 0.003989}}
{"target": -1950.6413806224227, "params": {"gamma": 9.560239816725709, "lr": 0.5646100990687117}, "datetime": {"datetime": "2024-06-13 22:59:30", "elapsed": 6.48009, "delta": 0.004987}}
{"target": -643.9740298613908, "params": {"gamma": 2.176835430287672, "lr": 0.24948205109862287}, "datetime": {"datetime": "2024-06-13 22:59:30", "elapsed": 6.485077, "delta": 0.004987}}
{"target": -2780.9329928865545, "params": {"gamma": 9.59600242910666, "lr": 0.238814133296392}, "datetime": {"datetime": "2024-06-13 22:59:30", "elapsed": 6.489066, "delta": 0.003989}}
{"target": -360.731556344255, "params": {"gamma": 1.068034169467023, "lr": 0.18396193975266917}, "datetime": {"datetime": "2024-06-13 22:59:30", "elapsed": 6.494053, "delta": 0.004987}}
{"target": -1685.1681438315911, "params": {"gamma": 7.662481844372273, "lr": 0.7087642559312614}, "datetime": {"datetime": "2024-06-13 22:59:30", "elapsed": 6.498223, "delta": 0.00417}}
{"target": -1019.5014696575795, "params": {"gamma": 4.379981305846461, "lr": 0.7938045071164251}, "datetime": {"datetime": "2024-06-13 22:59:30", "elapsed": 6.503209, "delta": 0.004986}}
{"target": -1083.5721200096643, "params": {"gamma": 5.1756094087340525, "lr": 0.41359816112910697}, "datetime": {"datetime": "2024-06-13 22:59:30", "elapsed": 6.508195, "delta": 0.004986}}
{"target": -320.40575192117586, "params": {"gamma": 1.1753019203396682, "lr": 0.8839110659363493}, "datetime": {"datetime": "2024-06-13 22:59:30", "elapsed": 6.512185, "delta": 0.00399}}
{"target": -591.6242521525076, "params": {"gamma": 2.7566565508887577, "lr": 0.6162607233298604}, "datetime": {"datetime": "2024-06-13 22:59:30", "elapsed": 6.517172, "delta": 0.004987}}
{"target": -3065.3735354692726, "params": {"gamma": 9.8458132098281, "lr": 0.1894180220437538}, "datetime": {"datetime": "2024-06-13 22:59:30", "elapsed": 6.521161, "delta": 0.003989}}
{"target": -2020.1835598397552, "params": {"gamma": 9.651914729938635, "lr": 0.6527153684256953}, "datetime": {"datetime": "2024-06-13 22:59:30", "elapsed": 6.526148, "delta": 0.004987}}
{"target": -323.24595859094643, "params": {"gamma": 1.28818731436088, "lr": 0.7719271460730484}, "datetime": {"datetime": "2024-06-13 22:59:30", "elapsed": 6.531134, "delta": 0.004986}}
{"target": -1942.0515189941332, "params": {"gamma": 9.51780600679268, "lr": 0.5627805496894249}, "datetime": {"datetime": "2024-06-13 22:59:30", "elapsed": 6.535124, "delta": 0.00399}}
{"target": -2411.5937260875235, "params": {"gamma": 6.885863442381723, "lr": 0.0263478788699828}, "datetime": {"datetime": "2024-06-13 22:59:30", "elapsed": 6.54011, "delta": 0.004986}}
{"target": -2216.6899339251504, "params": {"gamma": 9.890767779393961, "lr": 0.3184571198136825}, "datetime": {"datetime": "2024-06-13 22:59:30", "elapsed": 6.545098, "delta": 0.004988}}
{"target": -151.99240654469997, "params": {"gamma": 0.24001388988282726, "lr": 0.8085641504743885}, "datetime": {"datetime": "2024-06-13 22:59:30", "elapsed": 6.549086, "delta": 0.003988}}
{"target": -2162.0339762610456, "params": {"gamma": 9.732552265118914, "lr": 0.7375885099166811}, "datetime": {"datetime": "2024-06-13 22:59:30", "elapsed": 6.554073, "delta": 0.004987}}
{"target": -150.67317975265604, "params": {"gamma": 0.028355324647958178, "lr": 0.06336051137403531}, "datetime": {"datetime": "2024-06-13 22:59:30", "elapsed": 6.558309, "delta": 0.004236}}
{"target": -1324.7375111744257, "params": {"gamma": 5.843109782870581, "lr": 0.3357151077556031}, "datetime": {"datetime": "2024-06-13 22:59:30", "elapsed": 6.563296, "delta": 0.004987}}
{"target": -2137.8390161307266, "params": {"gamma": 8.818452974037214, "lr": 0.8736693693569384}, "datetime": {"datetime": "2024-06-13 22:59:30", "elapsed": 6.568282, "delta": 0.004986}}
{"target": -2212.5408175169587, "params": {"gamma": 9.875201568135711, "lr": 0.7158319690725937}, "datetime": {"datetime": "2024-06-13 22:59:30", "elapsed": 6.572272, "delta": 0.00399}}
{"target": -1967.1291571211086, "params": {"gamma": 8.768960114386706, "lr": 0.3196501118620526}, "datetime": {"datetime": "2024-06-13 22:59:30", "elapsed": 6.577259, "delta": 0.004987}}
{"target": -303.35149776023843, "params": {"gamma": 1.1126583422461405, "lr": 0.8653641057823798}, "datetime": {"datetime": "2024-06-13 22:59:30", "elapsed": 6.582245, "delta": 0.004986}}
{"target": -644.1655551121344, "params": {"gamma": 3.035422507017289, "lr": 0.4193322981668862}, "datetime": {"datetime": "2024-06-13 22:59:30", "elapsed": 6.586235, "delta": 0.00399}}
{"target": -1351.905198450515, "params": {"gamma": 6.460656540458656, "lr": 0.6050991341555126}, "datetime": {"datetime": "2024-06-13 22:59:30", "elapsed": 6.591221, "delta": 0.004986}}
{"target": -901.5028547820827, "params": {"gamma": 4.209809922064285, "lr": 0.38615051187059357}, "datetime": {"datetime": "2024-06-13 22:59:30", "elapsed": 6.596209, "delta": 0.004988}}
{"target": -294.83004019445667, "params": {"gamma": 1.227687737548204, "lr": 0.5338618843034166}, "datetime": {"datetime": "2024-06-13 22:59:30", "elapsed": 6.601225, "delta": 0.005016}}
{"target": -546.8451895596246, "params": {"gamma": 2.329308118342716, "lr": 0.7548078511004613}, "datetime": {"datetime": "2024-06-13 22:59:30", "elapsed": 6.606181, "delta": 0.004956}}
{"target": -2364.115557511465, "params": {"gamma": 6.749030971060837, "lr": 0.07192696480921446}, "datetime": {"datetime": "2024-06-13 22:59:30", "elapsed": 6.611168, "delta": 0.004987}}
{"target": -2285.788504925053, "params": {"gamma": 9.892657582673268, "lr": 0.7804569355743413}, "datetime": {"datetime": "2024-06-13 22:59:30", "elapsed": 6.615157, "delta": 0.003989}}
{"target": -814.9712294479862, "params": {"gamma": 2.279031043019085, "lr": 0.030742818349697054}, "datetime": {"datetime": "2024-06-13 22:59:30", "elapsed": 6.620144, "delta": 0.004987}}
{"target": -1087.4901559578334, "params": {"gamma": 4.784239938885914, "lr": 0.35274243750107404}, "datetime": {"datetime": "2024-06-13 22:59:30", "elapsed": 6.624133, "delta": 0.003989}}
{"target": -1152.2445917730076, "params": {"gamma": 5.465568482142916, "lr": 0.6596639554249211}, "datetime": {"datetime": "2024-06-13 22:59:30", "elapsed": 6.62912, "delta": 0.004987}}
{"target": -2788.610013713328, "params": {"gamma": 7.972400853780025, "lr": 0.013544346839127641}, "datetime": {"datetime": "2024-06-13 22:59:30", "elapsed": 6.633109, "delta": 0.003989}}
{"target": -1641.2564346772533, "params": {"gamma": 7.143240843274906, "lr": 0.2953139661018992}, "datetime": {"datetime": "2024-06-13 22:59:30", "elapsed": 6.638096, "delta": 0.004987}}
{"target": -2334.839026988313, "params": {"gamma": 9.864039353798532, "lr": 0.8462417305877817}, "datetime": {"datetime": "2024-06-13 22:59:30", "elapsed": 6.643084, "delta": 0.004988}}
{"target": -1179.081606635872, "params": {"gamma": 5.604451409666734, "lr": 0.5977656853768393}, "datetime": {"datetime": "2024-06-13 22:59:30", "elapsed": 6.647072, "delta": 0.003988}}
{"target": -571.6090960793128, "params": {"gamma": 1.9215646543725684, "lr": 0.2262515885870655}, "datetime": {"datetime": "2024-06-13 22:59:30", "elapsed": 6.652058, "delta": 0.004986}}
{"target": -354.7206979444762, "params": {"gamma": 1.5409777702011733, "lr": 0.37781354746444173}, "datetime": {"datetime": "2024-06-13 22:59:30", "elapsed": 6.657045, "delta": 0.004987}}
{"target": -275.30989439243257, "params": {"gamma": 1.1204424879714694, "lr": 0.5112728936342619}, "datetime": {"datetime": "2024-06-13 22:59:30", "elapsed": 6.661034, "delta": 0.003989}}
{"target": -2128.078367404408, "params": {"gamma": 6.385141076060073, "lr": 0.12221237823698328}, "datetime": {"datetime": "2024-06-13 22:59:30", "elapsed": 6.666021, "delta": 0.004987}}
{"target": -1217.3516276920232, "params": {"gamma": 3.442619392943751, "lr": 0.07034787968520784}, "datetime": {"datetime": "2024-06-13 22:59:30", "elapsed": 6.67101, "delta": 0.004989}}
{"target": -1109.3005522225335, "params": {"gamma": 5.25808611153342, "lr": 0.6502897692030054}, "datetime": {"datetime": "2024-06-13 22:59:30", "elapsed": 6.675996, "delta": 0.004986}}
{"target": -1424.4080289725823, "params": {"gamma": 6.155105941609653, "lr": 0.8138695628094851}, "datetime": {"datetime": "2024-06-13 22:59:30", "elapsed": 6.680981, "delta": 0.004985}}
{"target": -510.94121382881855, "params": {"gamma": 2.3564267987877012, "lr": 0.6181818418404456}, "datetime": {"datetime": "2024-06-13 22:59:30", "elapsed": 6.68497, "delta": 0.003989}}
{"target": -1084.1033714091948, "params": {"gamma": 3.028982363807174, "lr": 0.0887677060791423}, "datetime": {"datetime": "2024-06-13 22:59:30", "elapsed": 6.689957, "delta": 0.004987}}
{"target": -1082.5453148391414, "params": {"gamma": 3.053309454186566, "lr": 0.07135647494461617}, "datetime": {"datetime": "2024-06-13 22:59:30", "elapsed": 6.693947, "delta": 0.00399}}
{"target": -2148.1548628023716, "params": {"gamma": 9.585783535985689, "lr": 0.7271654349269293}, "datetime": {"datetime": "2024-06-13 22:59:30", "elapsed": 6.698933, "delta": 0.004986}}
{"target": -271.5591111348948, "params": {"gamma": 1.0155071173822163, "lr": 0.7862693223485936}, "datetime": {"datetime": "2024-06-13 22:59:30", "elapsed": 6.70392, "delta": 0.004987}}
{"target": -901.6000590623712, "params": {"gamma": 3.5222014456052215, "lr": 0.9114351403237924}, "datetime": {"datetime": "2024-06-13 22:59:31", "elapsed": 6.707909, "delta": 0.003989}}
{"target": -1207.7811637329933, "params": {"gamma": 4.955478850036387, "lr": 0.8726927229848721}, "datetime": {"datetime": "2024-06-13 22:59:31", "elapsed": 6.713894, "delta": 0.005985}}
{"target": -509.85771404028475, "params": {"gamma": 2.206077417642493, "lr": 0.36719232590326556}, "datetime": {"datetime": "2024-06-13 22:59:31", "elapsed": 6.71888, "delta": 0.004986}}
{"target": -1281.1105622954053, "params": {"gamma": 3.6690025846416687, "lr": 0.09713268160328525}, "datetime": {"datetime": "2024-06-13 22:59:31", "elapsed": 6.722869, "delta": 0.003989}}
{"target": -707.6973635896504, "params": {"gamma": 3.310813326223882, "lr": 0.6597098038387995}, "datetime": {"datetime": "2024-06-13 22:59:31", "elapsed": 6.727856, "delta": 0.004987}}
{"target": -1153.868904670782, "params": {"gamma": 4.665968370246033, "lr": 0.8792315697444312}, "datetime": {"datetime": "2024-06-13 22:59:31", "elapsed": 6.731845, "delta": 0.003989}}
{"target": -622.7132415219124, "params": {"gamma": 2.6974329936370927, "lr": 0.3548193487216488}, "datetime": {"datetime": "2024-06-13 22:59:31", "elapsed": 6.736832, "delta": 0.004987}}
{"target": -676.9939244102059, "params": {"gamma": 3.2042225472159718, "lr": 0.5517379706217076}, "datetime": {"datetime": "2024-06-13 22:59:31", "elapsed": 6.741818, "delta": 0.004986}}
{"target": -639.4729456081509, "params": {"gamma": 1.8830059366472722, "lr": 0.1732442715081729}, "datetime": {"datetime": "2024-06-13 22:59:31", "elapsed": 6.746805, "delta": 0.004987}}
{"target": -1988.93442662049, "params": {"gamma": 9.394879760160336, "lr": 0.37664771374633}, "datetime": {"datetime": "2024-06-13 22:59:31", "elapsed": 6.750794, "delta": 0.003989}}
{"target": -2059.6052835439014, "params": {"gamma": 5.871394250695616, "lr": 0.05515208501882385}, "datetime": {"datetime": "2024-06-13 22:59:31", "elapsed": 6.755781, "delta": 0.004987}}
{"target": -509.60898294667385, "params": {"gamma": 1.409439110996769, "lr": 0.09635855186124331}, "datetime": {"datetime": "2024-06-13 22:59:31", "elapsed": 6.759771, "delta": 0.00399}}
{"target": -2808.3086765650664, "params": {"gamma": 8.121343564013504, "lr": 0.10314678258346421}, "datetime": {"datetime": "2024-06-13 22:59:31", "elapsed": 6.764757, "delta": 0.004986}}
{"target": -1779.1004655503082, "params": {"gamma": 5.163644140749812, "lr": 0.1555778979920741}, "datetime": {"datetime": "2024-06-13 22:59:31", "elapsed": 6.769744, "delta": 0.004987}}
{"target": -698.5405377959697, "params": {"gamma": 2.7888887375330564, "lr": 0.8826020025030701}, "datetime": {"datetime": "2024-06-13 22:59:31", "elapsed": 6.773733, "delta": 0.003989}}
{"target": -1602.164569204872, "params": {"gamma": 6.316306057543976, "lr": 0.9636627102130699}, "datetime": {"datetime": "2024-06-13 22:59:31", "elapsed": 6.77872, "delta": 0.004987}}
{"target": -2103.3732062206336, "params": {"gamma": 5.997543941794315, "lr": 0.009519716216558005}, "datetime": {"datetime": "2024-06-13 22:59:31", "elapsed": 6.783706, "delta": 0.004986}}
{"target": -1464.9407260230337, "params": {"gamma": 4.156994414198696, "lr": 0.02244175435867979}, "datetime": {"datetime": "2024-06-13 22:59:31", "elapsed": 6.787696, "delta": 0.00399}}
{"target": -645.7141438994831, "params": {"gamma": 3.1405292961414175, "lr": 0.48162493072074175}, "datetime": {"datetime": "2024-06-13 22:59:31", "elapsed": 6.792683, "delta": 0.004987}}
{"target": -1672.9217261419988, "params": {"gamma": 5.755017951896957, "lr": 0.2386502029289299}, "datetime": {"datetime": "2024-06-13 22:59:31", "elapsed": 6.797669, "delta": 0.004986}}
{"target": -1189.025865751659, "params": {"gamma": 5.583307497898072, "lr": 0.3949201341072339}, "datetime": {"datetime": "2024-06-13 22:59:31", "elapsed": 6.801658, "delta": 0.003989}}
{"target": -1583.9261487705528, "params": {"gamma": 5.066315292881764, "lr": 0.19596701454252152}, "datetime": {"datetime": "2024-06-13 22:59:31", "elapsed": 6.806645, "delta": 0.004987}}
{"target": -381.7343432650935, "params": {"gamma": 1.5683593484243095, "lr": 0.7545170076023864}, "datetime": {"datetime": "2024-06-13 22:59:31", "elapsed": 6.811632, "delta": 0.004987}}
{"target": -705.5631993104888, "params": {"gamma": 3.3004023148263886, "lr": 0.6441956925382164}, "datetime": {"datetime": "2024-06-13 22:59:31", "elapsed": 6.815621, "delta": 0.003989}}
{"target": -1435.3620057907754, "params": {"gamma": 5.654990510308829, "lr": 0.899530915886071}, "datetime": {"datetime": "2024-06-13 22:59:31", "elapsed": 6.820608, "delta": 0.004987}}
{"target": -1851.2279060145754, "params": {"gamma": 8.806955495452243, "lr": 0.4431114003267834}, "datetime": {"datetime": "2024-06-13 22:59:31", "elapsed": 6.825595, "delta": 0.004987}}
{"target": -453.76113084187745, "params": {"gamma": 2.048146129836078, "lr": 0.6321923752918258}, "datetime": {"datetime": "2024-06-13 22:59:31", "elapsed": 6.830581, "delta": 0.004986}}
{"target": -1409.0158841410337, "params": {"gamma": 6.368722917490155, "lr": 0.6924175033786027}, "datetime": {"datetime": "2024-06-13 22:59:31", "elapsed": 6.835568, "delta": 0.004987}}
{"target": -2097.7287611749393, "params": {"gamma": 9.074824554145266, "lr": 0.7825809780445985}, "datetime": {"datetime": "2024-06-13 22:59:31", "elapsed": 6.839557, "delta": 0.003989}}
{"target": -1309.138888069007, "params": {"gamma": 6.253284067622613, "lr": 0.6009655953980898}, "datetime": {"datetime": "2024-06-13 22:59:31", "elapsed": 6.844544, "delta": 0.004987}}
{"target": -467.7232720975178, "params": {"gamma": 2.1283776016453526, "lr": 0.651365361997868}, "datetime": {"datetime": "2024-06-13 22:59:31", "elapsed": 6.849531, "delta": 0.004987}}
{"target": -2061.8474425549025, "params": {"gamma": 8.145187207595269, "lr": 0.9223224808528965}, "datetime": {"datetime": "2024-06-13 22:59:31", "elapsed": 6.854517, "delta": 0.004986}}
{"target": -1870.9565568903067, "params": {"gamma": 9.166584470697245, "lr": 0.5610988058726366}, "datetime": {"datetime": "2024-06-13 22:59:31", "elapsed": 6.859504, "delta": 0.004987}}
{"target": -601.0560264237655, "params": {"gamma": 2.599079923429137, "lr": 0.33379745682371664}, "datetime": {"datetime": "2024-06-13 22:59:31", "elapsed": 6.86449, "delta": 0.004986}}
{"target": -2092.078787277271, "params": {"gamma": 9.977625893322635, "lr": 0.5255977882178193}, "datetime": {"datetime": "2024-06-13 22:59:31", "elapsed": 6.86848, "delta": 0.00399}}
{"target": -1708.5227551930893, "params": {"gamma": 8.159250821705387, "lr": 0.5970161877845721}, "datetime": {"datetime": "2024-06-13 22:59:31", "elapsed": 6.873466, "delta": 0.004986}}
{"target": -1151.433453953707, "params": {"gamma": 5.069796942895938, "lr": 0.34853961530569777}, "datetime": {"datetime": "2024-06-13 22:59:31", "elapsed": 6.878453, "delta": 0.004987}}
{"target": -1888.4880084019192, "params": {"gamma": 5.378167511784794, "lr": 0.00673470699420331}, "datetime": {"datetime": "2024-06-13 22:59:31", "elapsed": 6.882442, "delta": 0.003989}}
{"target": -1790.0748604909104, "params": {"gamma": 8.766981380159143, "lr": 0.5614864815326793}, "datetime": {"datetime": "2024-06-13 22:59:31", "elapsed": 6.887429, "delta": 0.004987}}
{"target": -152.25027216041707, "params": {"gamma": 0.2437899718214612, "lr": 0.8181747453311654}, "datetime": {"datetime": "2024-06-13 22:59:31", "elapsed": 6.891418, "delta": 0.003989}}
{"target": -498.43093557357855, "params": {"gamma": 1.3544085542298703, "lr": 0.03063869809086972}, "datetime": {"datetime": "2024-06-13 22:59:31", "elapsed": 6.896405, "delta": 0.004987}}
{"target": -1177.309235964246, "params": {"gamma": 4.623891705947023, "lr": 0.9606566952869964}, "datetime": {"datetime": "2024-06-13 22:59:31", "elapsed": 6.901392, "delta": 0.004987}}
