{"target": -384.49872210439594, "params": {"gamma": 4.170803025021038, "prior": 7.231212485077365, "rate": 0.002143633798631522}, "datetime": {"datetime": "2024-06-14 06:59:03", "elapsed": 0.0, "delta": 0.0}}
{"target": -183.06200764195157, "params": {"gamma": 3.024023393745766, "prior": 1.5528833190894193, "rate": 0.9242936090932092}, "datetime": {"datetime": "2024-06-14 06:59:03", "elapsed": 0.008976, "delta": 0.008976}}
{"target": -135.8636533552749, "params": {"gamma": 1.8634158535653313, "prior": 3.5210511977261727, "rate": 3.968277974832469}, "datetime": {"datetime": "2024-06-14 06:59:03", "elapsed": 0.017952, "delta": 0.008976}}
{"target": -207.9952267605991, "params": {"gamma": 5.388628523299567, "prior": 4.250025692592619, "rate": 6.852509784467199}, "datetime": {"datetime": "2024-06-14 06:59:03", "elapsed": 0.026928, "delta": 0.008976}}
{"target": -226.05987625121554, "params": {"gamma": 2.045318045065443, "prior": 8.79336262027036, "rate": 0.2748485443860637}, "datetime": {"datetime": "2024-06-14 06:59:03", "elapsed": 0.035904, "delta": 0.008976}}
{"target": -251.7720290267882, "params": {"gamma": 6.705004634273845, "prior": 4.231317543434557, "rate": 5.587339594629071}, "datetime": {"datetime": "2024-06-14 06:59:03", "elapsed": 0.04488, "delta": 0.008976}}
{"target": -122.49387178716897, "params": {"gamma": 1.4047289990137424, "prior": 2.0612047419403, "rate": 8.00764494218669}, "datetime": {"datetime": "2024-06-14 06:59:03", "elapsed": 0.053857, "delta": 0.008977}}
{"target": -307.0537535988679, "params": {"gamma": 9.682647495618255, "prior": 3.2028993637765044, "rate": 6.923533834077472}, "datetime": {"datetime": "2024-06-14 06:59:03", "elapsed": 0.061835, "delta": 0.007978}}
{"target": -613.8165988081316, "params": {"gamma": 8.764015133808087, "prior": 8.956605968688088, "rate": 0.8513570694864094}, "datetime": {"datetime": "2024-06-14 06:59:03", "elapsed": 0.070811, "delta": 0.008976}}
{"target": -125.70387306353574, "params": {"gamma": 0.39150877754559077, "prior": 1.7813211536892324, "rate": 8.781546891790702}, "datetime": {"datetime": "2024-06-14 06:59:03", "elapsed": 0.078789, "delta": 0.007978}}
{"target": -120.86629812349115, "params": {"gamma": 0.9843699914966679, "prior": 4.268965487550016, "rate": 9.578937411974868}, "datetime": {"datetime": "2024-06-14 06:59:03", "elapsed": 0.087766, "delta": 0.008977}}
{"target": -293.87150301516544, "params": {"gamma": 5.332119684445198, "prior": 6.949583428109686, "rate": 3.1558407944296234}, "datetime": {"datetime": "2024-06-14 06:59:04", "elapsed": 0.096741, "delta": 0.008975}}
{"target": -543.3656818569164, "params": {"gamma": 6.865322775888155, "prior": 8.362794151783993, "rate": 0.18386448516457388}, "datetime": {"datetime": "2024-06-14 06:59:04", "elapsed": 0.105717, "delta": 0.008976}}
{"target": -333.475578194377, "params": {"gamma": 7.50169300513473, "prior": 9.889724780174298, "rate": 7.4819083781440145}, "datetime": {"datetime": "2024-06-14 06:59:04", "elapsed": 0.113696, "delta": 0.007979}}
{"target": -234.90497276705688, "params": {"gamma": 2.8051594766519874, "prior": 7.913865351669736, "rate": 1.0331568397698425}, "datetime": {"datetime": "2024-06-14 06:59:04", "elapsed": 0.122672, "delta": 0.008976}}
{"target": -277.9224088681581, "params": {"gamma": 4.479487368232876, "prior": 9.095095480621646, "rate": 2.9368478695884215}, "datetime": {"datetime": "2024-06-14 06:59:04", "elapsed": 0.131648, "delta": 0.008976}}
{"target": -236.22804737233236, "params": {"gamma": 2.878465610524901, "prior": 1.3872828639709491, "rate": 0.19465021174510047}, "datetime": {"datetime": "2024-06-14 06:59:04", "elapsed": 0.139627, "delta": 0.007979}}
{"target": -260.3952497828097, "params": {"gamma": 6.78867649386597, "prior": 2.1951183484005847, "rate": 2.65620104706289}, "datetime": {"datetime": "2024-06-14 06:59:04", "elapsed": 0.148603, "delta": 0.008976}}
{"target": -225.9756236519661, "params": {"gamma": 4.916240019644103, "prior": 0.6282891966590958, "rate": 5.741601937314639}, "datetime": {"datetime": "2024-06-14 06:59:04", "elapsed": 0.157579, "delta": 0.008976}}
{"target": -129.60391517294389, "params": {"gamma": 1.4681390204831957, "prior": 5.934124815342514, "rate": 6.9978838418492915}, "datetime": {"datetime": "2024-06-14 06:59:04", "elapsed": 0.166555, "delta": 0.008976}}
{"target": -123.07449910125764, "params": {"gamma": 1.0242419538494305, "prior": 4.199154279413726, "rate": 6.9443071771197245}, "datetime": {"datetime": "2024-06-14 06:59:04", "elapsed": 0.174534, "delta": 0.007979}}
{"target": -200.9664150314469, "params": {"gamma": 4.1423785159995, "prior": 0.5945392435662629, "rate": 5.359428162749201}, "datetime": {"datetime": "2024-06-14 06:59:04", "elapsed": 0.183509, "delta": 0.008975}}
{"target": -235.39889909781607, "params": {"gamma": 6.638282657552669, "prior": 5.1974022093772545, "rate": 9.446002965152143}, "datetime": {"datetime": "2024-06-14 06:59:04", "elapsed": 0.192486, "delta": 0.008977}}
{"target": -402.9417420142036, "params": {"gamma": 5.865963849979428, "prior": 9.043678961350047, "rate": 1.3756095667582289}, "datetime": {"datetime": "2024-06-14 06:59:04", "elapsed": 0.200464, "delta": 0.007978}}
{"target": -145.1700734003638, "params": {"gamma": 1.3936241961603346, "prior": 8.093173758224285, "rate": 3.9773706930183503}, "datetime": {"datetime": "2024-06-14 06:59:04", "elapsed": 0.209441, "delta": 0.008977}}
{"target": -157.2004436046264, "params": {"gamma": 1.6543766169722107, "prior": 9.282334945920736, "rate": 3.47831083159532}, "datetime": {"datetime": "2024-06-14 06:59:04", "elapsed": 0.218445, "delta": 0.009004}}
{"target": -281.60058086217094, "params": {"gamma": 7.50837021925842, "prior": 7.28738005496947, "rate": 8.833177605966892}, "datetime": {"datetime": "2024-06-14 06:59:04", "elapsed": 0.227392, "delta": 0.008947}}
{"target": -334.6907806918339, "params": {"gamma": 6.237098398349034, "prior": 7.534330096870638, "rate": 3.4896345214364475}, "datetime": {"datetime": "2024-06-14 06:59:04", "elapsed": 0.235373, "delta": 0.007981}}
{"target": -181.08985317849442, "params": {"gamma": 2.7000089897584956, "prior": 8.969273560141062, "rate": 4.281483807523078}, "datetime": {"datetime": "2024-06-14 06:59:04", "elapsed": 0.244349, "delta": 0.008976}}
{"target": -384.45169712627046, "params": {"gamma": 9.648435631436707, "prior": 6.6680708284026355, "rate": 6.217335506371009}, "datetime": {"datetime": "2024-06-14 06:59:04", "elapsed": 0.253325, "delta": 0.008976}}
{"target": -142.3234856177591, "params": {"gamma": 1.1483449835607984, "prior": 9.499943661200005, "rate": 4.499671422665926}, "datetime": {"datetime": "2024-06-14 06:59:04", "elapsed": 0.262301, "delta": 0.008976}}
{"target": -293.5717155718227, "params": {"gamma": 5.784317754256931, "prior": 4.140554347336684, "rate": 2.371032775450034}, "datetime": {"datetime": "2024-06-14 06:59:04", "elapsed": 0.270309, "delta": 0.008008}}
{"target": -720.4824545646132, "params": {"gamma": 9.033891826101975, "prior": 5.77942691805563, "rate": 0.029700399984558545}, "datetime": {"datetime": "2024-06-14 06:59:04", "elapsed": 0.279256, "delta": 0.008947}}
{"target": -228.24377571545108, "params": {"gamma": 6.171831991293619, "prior": 3.3337845275437523, "rate": 5.271053964473836}, "datetime": {"datetime": "2024-06-14 06:59:04", "elapsed": 0.287235, "delta": 0.007979}}
{"target": -286.6825033377129, "params": {"gamma": 8.859535051008434, "prior": 3.636970624024748, "rate": 9.085442974047073}, "datetime": {"datetime": "2024-06-14 06:59:04", "elapsed": 0.29621, "delta": 0.008975}}
{"target": -311.9064129097386, "params": {"gamma": 6.233977797802236, "prior": 0.2566303041809072, "rate": 9.294442900203869}, "datetime": {"datetime": "2024-06-14 06:59:04", "elapsed": 0.305187, "delta": 0.008977}}
{"target": -458.04012865998607, "params": {"gamma": 6.9092782782517235, "prior": 9.973496219469657, "rate": 1.7242327429449402}, "datetime": {"datetime": "2024-06-14 06:59:04", "elapsed": 0.314163, "delta": 0.008976}}
{"target": -136.15979273209624, "params": {"gamma": 1.3722203605391488, "prior": 9.33269508406792, "rate": 6.9684847967375125}, "datetime": {"datetime": "2024-06-14 06:59:04", "elapsed": 0.322141, "delta": 0.007978}}
{"target": -130.285432027466, "params": {"gamma": 0.6609357270479028, "prior": 7.579084220764417, "rate": 7.539008008424004}, "datetime": {"datetime": "2024-06-14 06:59:04", "elapsed": 0.331117, "delta": 0.008976}}
{"target": -600.0101695098513, "params": {"gamma": 9.230322330929287, "prior": 7.14409511042187, "rate": 1.2435853487596746}, "datetime": {"datetime": "2024-06-14 06:59:04", "elapsed": 0.340093, "delta": 0.008976}}
{"target": -140.69708509413692, "params": {"gamma": 0.1997814582641161, "prior": 0.3594887700894208, "rate": 0.2840365737199253}, "datetime": {"datetime": "2024-06-14 06:59:04", "elapsed": 0.349069, "delta": 0.008976}}
{"target": -163.83672243848795, "params": {"gamma": 2.462864464962856, "prior": 8.61427669196059, "rate": 5.3887718123521875}, "datetime": {"datetime": "2024-06-14 06:59:04", "elapsed": 0.357048, "delta": 0.007979}}
{"target": -384.3831461506775, "params": {"gamma": 5.5286669648789735, "prior": 8.436105834360097, "rate": 1.2426089778839915}, "datetime": {"datetime": "2024-06-14 06:59:04", "elapsed": 0.366024, "delta": 0.008976}}
{"target": -147.961187844273, "params": {"gamma": 2.792557606432384, "prior": 5.89901678743705, "rate": 9.695987887448426}, "datetime": {"datetime": "2024-06-14 06:59:04", "elapsed": 0.375001, "delta": 0.008977}}
{"target": -281.0005422504983, "params": {"gamma": 5.6107411623378445, "prior": 0.2846081647921359, "rate": 8.006526094133482}, "datetime": {"datetime": "2024-06-14 06:59:04", "elapsed": 0.383976, "delta": 0.008975}}
{"target": -168.882729789779, "params": {"gamma": 2.3305097641363632, "prior": 8.090341436625915, "rate": 3.8792185799976533}, "datetime": {"datetime": "2024-06-14 06:59:04", "elapsed": 0.392952, "delta": 0.008976}}
{"target": -381.3677887763519, "params": {"gamma": 8.635555003739727, "prior": 7.496504263098128, "rate": 5.562846099670199}, "datetime": {"datetime": "2024-06-14 06:59:04", "elapsed": 0.40093, "delta": 0.007978}}
{"target": -124.22996335719222, "params": {"gamma": 1.3654158013811895, "prior": 0.6931851261708954, "rate": 1.2143132139516326}, "datetime": {"datetime": "2024-06-14 06:59:04", "elapsed": 0.409906, "delta": 0.008976}}
{"target": -128.29845792281833, "params": {"gamma": 0.4464742335690725, "prior": 1.16419187815032, "rate": 2.2578676767399393}, "datetime": {"datetime": "2024-06-14 06:59:04", "elapsed": 0.418882, "delta": 0.008976}}
{"target": -560.8998823075619, "params": {"gamma": 7.130176814846385, "prior": 5.64119812233601, "rate": 0.12654724561099942}, "datetime": {"datetime": "2024-06-14 06:59:04", "elapsed": 0.427858, "delta": 0.008976}}
{"target": -136.4383241162317, "params": {"gamma": 0.7206708226151783, "prior": 9.676035667002694, "rate": 5.6814365187375016}, "datetime": {"datetime": "2024-06-14 06:59:04", "elapsed": 0.435839, "delta": 0.007981}}
{"target": -131.76284973697759, "params": {"gamma": 2.033729053375244, "prior": 2.598024871246202, "rate": 7.438514714896855}, "datetime": {"datetime": "2024-06-14 06:59:04", "elapsed": 0.444815, "delta": 0.008976}}
{"target": -132.28263402161951, "params": {"gamma": 1.9550993816120785, "prior": 5.855453380005252, "rate": 9.700229870894034}, "datetime": {"datetime": "2024-06-14 06:59:04", "elapsed": 0.453792, "delta": 0.008977}}
{"target": -278.4036123117095, "params": {"gamma": 8.468441186098863, "prior": 2.4744928155611032, "rate": 4.938203372973032}, "datetime": {"datetime": "2024-06-14 06:59:04", "elapsed": 0.462768, "delta": 0.008976}}
{"target": -409.2962303535096, "params": {"gamma": 6.199937228095417, "prior": 8.306910905546768, "rate": 1.5687571550661965}, "datetime": {"datetime": "2024-06-14 06:59:04", "elapsed": 0.471744, "delta": 0.008976}}
{"target": -134.1401547866553, "params": {"gamma": 0.18674344557191777, "prior": 0.7932192228203011, "rate": 4.863964764259381}, "datetime": {"datetime": "2024-06-14 06:59:04", "elapsed": 0.479723, "delta": 0.007979}}
{"target": -308.9555432124734, "params": {"gamma": 6.063688287071651, "prior": 5.731629227156165, "rate": 3.1743067308122854}, "datetime": {"datetime": "2024-06-14 06:59:04", "elapsed": 0.488698, "delta": 0.008975}}
{"target": -455.4572223999665, "params": {"gamma": 9.886172927970076, "prior": 5.839477670533389, "rate": 3.8020315850628807}, "datetime": {"datetime": "2024-06-14 06:59:04", "elapsed": 0.497674, "delta": 0.008976}}
{"target": -243.6525726236604, "params": {"gamma": 5.509931242959851, "prior": 7.478810865974371, "rate": 6.6926597016383935}, "datetime": {"datetime": "2024-06-14 06:59:04", "elapsed": 0.505653, "delta": 0.007979}}
{"target": -148.26874201118582, "params": {"gamma": 2.6499306570704313, "prior": 0.7567148608415716, "rate": 3.701471894943149}, "datetime": {"datetime": "2024-06-14 06:59:04", "elapsed": 0.515183, "delta": 0.00953}}
{"target": -231.6846730545617, "params": {"gamma": 6.297545352708624, "prior": 2.180722698156912, "rate": 7.5278027818344}, "datetime": {"datetime": "2024-06-14 06:59:04", "elapsed": 0.524159, "delta": 0.008976}}
{"target": -121.4171496245635, "params": {"gamma": 0.6662982770597953, "prior": 2.677119475927556, "rate": 8.04774088286971}, "datetime": {"datetime": "2024-06-14 06:59:04", "elapsed": 0.532138, "delta": 0.007979}}
{"target": -143.56086228426645, "params": {"gamma": 1.935149391950654, "prior": 6.430662720711407, "rate": 5.247178420928214}, "datetime": {"datetime": "2024-06-14 06:59:04", "elapsed": 0.541116, "delta": 0.008978}}
{"target": -567.028066587187, "params": {"gamma": 9.248154896023108, "prior": 2.706638027822399, "rate": 0.6605449457495538}, "datetime": {"datetime": "2024-06-14 06:59:04", "elapsed": 0.550092, "delta": 0.008976}}
{"target": -279.82590988872266, "params": {"gamma": 7.350924566923407, "prior": 7.744562492478143, "rate": 9.078250709182736}, "datetime": {"datetime": "2024-06-14 06:59:04", "elapsed": 0.558625, "delta": 0.008533}}
{"target": -379.29186225919926, "params": {"gamma": 9.319788719899176, "prior": 0.23812057245841045, "rate": 2.344386499128084}, "datetime": {"datetime": "2024-06-14 06:59:04", "elapsed": 0.566604, "delta": 0.007979}}
{"target": -256.49361008850144, "params": {"gamma": 6.1681667916595755, "prior": 9.495261574807403, "rate": 9.50181101635155}, "datetime": {"datetime": "2024-06-14 06:59:04", "elapsed": 0.57558, "delta": 0.008976}}
{"target": -266.3151143933402, "params": {"gamma": 5.566975228763369, "prior": 9.164502862686119, "rate": 6.41602052325443}, "datetime": {"datetime": "2024-06-14 06:59:04", "elapsed": 0.584556, "delta": 0.008976}}
{"target": -179.5159986237206, "params": {"gamma": 3.9006871336983213, "prior": 4.911307604259406, "rate": 6.043500518716813}, "datetime": {"datetime": "2024-06-14 06:59:04", "elapsed": 0.593532, "delta": 0.008976}}
{"target": -235.80934226993125, "params": {"gamma": 5.495929667164118, "prior": 9.269196124393892, "rate": 9.187415622900428}, "datetime": {"datetime": "2024-06-14 06:59:04", "elapsed": 0.602508, "delta": 0.008976}}
{"target": -282.6246221175045, "params": {"gamma": 3.9493612536226252, "prior": 9.636299031563047, "rate": 1.740382711137963}, "datetime": {"datetime": "2024-06-14 06:59:04", "elapsed": 0.610487, "delta": 0.007979}}
{"target": -120.86414426759916, "params": {"gamma": 1.2641688648769336, "prior": 1.4372836646626401, "rate": 5.057115994603291}, "datetime": {"datetime": "2024-06-14 06:59:04", "elapsed": 0.619463, "delta": 0.008976}}
{"target": -139.77419000319532, "params": {"gamma": 0.2162265279367056, "prior": 9.484905091055042, "rate": 8.271327596236153}, "datetime": {"datetime": "2024-06-14 06:59:04", "elapsed": 0.628439, "delta": 0.008976}}
{"target": -139.21344554388273, "params": {"gamma": 0.15117478844048168, "prior": 1.8443429301930472, "rate": 3.3213036800940032}, "datetime": {"datetime": "2024-06-14 06:59:04", "elapsed": 0.636975, "delta": 0.008536}}
{"target": -146.92399257383394, "params": {"gamma": 1.310837451264358, "prior": 8.113957852053163, "rate": 3.4480217901802512}, "datetime": {"datetime": "2024-06-14 06:59:04", "elapsed": 0.644954, "delta": 0.007979}}
{"target": -317.3307263992114, "params": {"gamma": 9.401134715851338, "prior": 5.861940381476092, "rate": 8.78844101213403}, "datetime": {"datetime": "2024-06-14 06:59:04", "elapsed": 0.65393, "delta": 0.008976}}
{"target": -429.33141497676957, "params": {"gamma": 8.447499719476827, "prior": 9.063383955215627, "rate": 4.599342777902254}, "datetime": {"datetime": "2024-06-14 06:59:04", "elapsed": 0.662906, "delta": 0.008976}}
{"target": -320.208982073906, "params": {"gamma": 5.463921813387713, "prior": 8.00617555240519, "rate": 2.8579027984897416}, "datetime": {"datetime": "2024-06-14 06:59:04", "elapsed": 0.671882, "delta": 0.008976}}
{"target": -407.2513437708794, "params": {"gamma": 4.903044972676658, "prior": 6.031192045694196, "rate": 0.15631722223280642}, "datetime": {"datetime": "2024-06-14 06:59:04", "elapsed": 0.679861, "delta": 0.007979}}
{"target": -218.04934078337297, "params": {"gamma": 5.935220600558176, "prior": 4.393395854995637, "rate": 8.073797928319529}, "datetime": {"datetime": "2024-06-14 06:59:04", "elapsed": 0.688836, "delta": 0.008975}}
{"target": -183.77858418450535, "params": {"gamma": 3.153132786150634, "prior": 8.939598214398998, "rate": 5.778994295630071}, "datetime": {"datetime": "2024-06-14 06:59:04", "elapsed": 0.697813, "delta": 0.008977}}
{"target": -142.90940868400395, "params": {"gamma": 1.8409180060730232, "prior": 7.900499414872493, "rate": 6.120699739272295}, "datetime": {"datetime": "2024-06-14 06:59:04", "elapsed": 0.705791, "delta": 0.007978}}
{"target": -127.57407545952609, "params": {"gamma": 0.5400388114654558, "prior": 4.259917432011209, "rate": 6.791009296817731}, "datetime": {"datetime": "2024-06-14 06:59:04", "elapsed": 0.714768, "delta": 0.008977}}
{"target": -461.209909456343, "params": {"gamma": 9.186099177997281, "prior": 0.10398004642443859, "rate": 9.767614731161565}, "datetime": {"datetime": "2024-06-14 06:59:04", "elapsed": 0.723743, "delta": 0.008975}}
{"target": -206.9073317168397, "params": {"gamma": 3.766426567142999, "prior": 9.740457029747393, "rate": 6.047556293639557}, "datetime": {"datetime": "2024-06-14 06:59:04", "elapsed": 0.732719, "delta": 0.008976}}
{"target": -317.2415044340311, "params": {"gamma": 8.288629233998948, "prior": 5.789643896610213, "rate": 6.281133906875198}, "datetime": {"datetime": "2024-06-14 06:59:04", "elapsed": 0.7407, "delta": 0.007981}}
{"target": -153.58261059084558, "params": {"gamma": 2.8564772406752437, "prior": 5.9096500724952215, "rate": 7.500467615262897}, "datetime": {"datetime": "2024-06-14 06:59:04", "elapsed": 0.749676, "delta": 0.008976}}
{"target": -347.75727097140435, "params": {"gamma": 8.583280050453995, "prior": 7.575313665830033, "rate": 6.980874427224584}, "datetime": {"datetime": "2024-06-14 06:59:04", "elapsed": 0.758652, "delta": 0.008976}}
{"target": -282.3546866194464, "params": {"gamma": 8.644929821115943, "prior": 3.29454186868379, "rate": 6.708217119085085}, "datetime": {"datetime": "2024-06-14 06:59:04", "elapsed": 0.766633, "delta": 0.007981}}
{"target": -202.20375743692935, "params": {"gamma": 4.509288490197079, "prior": 3.8828172451120206, "rate": 4.108702687871935}, "datetime": {"datetime": "2024-06-14 06:59:04", "elapsed": 0.775612, "delta": 0.008979}}
{"target": -172.75410384076037, "params": {"gamma": 4.015394355111937, "prior": 3.2421010649869415, "rate": 6.219571759835095}, "datetime": {"datetime": "2024-06-14 06:59:04", "elapsed": 0.784594, "delta": 0.008982}}
{"target": -219.57948736804602, "params": {"gamma": 4.303042460941823, "prior": 9.740640571479798, "rate": 6.778331113451677}, "datetime": {"datetime": "2024-06-14 06:59:04", "elapsed": 0.792568, "delta": 0.007974}}
{"target": -145.25337410696707, "params": {"gamma": 1.9865003143826816, "prior": 4.324339992545524, "rate": 3.4341190515044557}, "datetime": {"datetime": "2024-06-14 06:59:04", "elapsed": 0.801544, "delta": 0.008976}}
{"target": -313.4345841277872, "params": {"gamma": 7.976590400781708, "prior": 8.811983056777974, "rate": 9.038515716307893}, "datetime": {"datetime": "2024-06-14 06:59:04", "elapsed": 0.810521, "delta": 0.008977}}
{"target": -280.2644099829035, "params": {"gamma": 6.627535403940247, "prior": 2.775061794094602, "rate": 2.5244146483443926}, "datetime": {"datetime": "2024-06-14 06:59:04", "elapsed": 0.819499, "delta": 0.008978}}
{"target": -293.53905459418166, "params": {"gamma": 8.549124529031326, "prior": 5.324374998456592, "rate": 8.021808678961976}, "datetime": {"datetime": "2024-06-14 06:59:04", "elapsed": 0.82748, "delta": 0.007981}}
{"target": -271.74554571764924, "params": {"gamma": 5.725312683398872, "prior": 7.35811100034636, "rate": 5.190597263013095}, "datetime": {"datetime": "2024-06-14 06:59:04", "elapsed": 0.836459, "delta": 0.008979}}
{"target": -332.2766978485264, "params": {"gamma": 7.709068221108379, "prior": 5.731694107976684, "rate": 4.6576330760412175}, "datetime": {"datetime": "2024-06-14 06:59:04", "elapsed": 0.845438, "delta": 0.008979}}
{"target": -167.37919307984396, "params": {"gamma": 3.4275463906248644, "prior": 0.7752725493253708, "rate": 3.7798638691016704}, "datetime": {"datetime": "2024-06-14 06:59:04", "elapsed": 0.85445, "delta": 0.009012}}
{"target": -152.88182908159158, "params": {"gamma": 0.7971811509048254, "prior": 9.829889425931405, "rate": 1.816946900456307}, "datetime": {"datetime": "2024-06-14 06:59:04", "elapsed": 0.862392, "delta": 0.007942}}
{"target": -352.5433131075687, "params": {"gamma": 8.118775118507678, "prior": 8.762120285063391, "rate": 6.884444110607048}, "datetime": {"datetime": "2024-06-14 06:59:04", "elapsed": 0.871749, "delta": 0.009357}}
