{"target": -355.62402781549656, "params": {"gamma": 0.9370488703914385, "lr": 0.0655985161350432}, "datetime": {"datetime": "2024-06-13 17:15:23", "elapsed": 6.578135, "delta": 0.003989}}
{"target": -2213.0557998876525, "params": {"gamma": 8.799475826643015, "lr": 0.8213720415432885}, "datetime": {"datetime": "2024-06-13 17:15:23", "elapsed": 6.583122, "delta": 0.004987}}
{"target": -1248.193141345949, "params": {"gamma": 8.199874253028593, "lr": 0.46781804781537173}, "datetime": {"datetime": "2024-06-13 17:15:23", "elapsed": 6.588109, "delta": 0.004987}}
{"target": -634.1637249183908, "params": {"gamma": 4.275493453510745, "lr": 0.4010683054344961}, "datetime": {"datetime": "2024-06-13 17:15:23", "elapsed": 6.592098, "delta": 0.003989}}
{"target": -1292.0712103597389, "params": {"gamma": 5.822568206350932, "lr": 0.7289706693761112}, "datetime": {"datetime": "2024-06-13 17:15:23", "elapsed": 6.597085, "delta": 0.004987}}
{"target": -1614.4134918086586, "params": {"gamma": 7.843135731493912, "lr": 0.6547991875604179}, "datetime": {"datetime": "2024-06-13 17:15:23", "elapsed": 6.602071, "delta": 0.004986}}
{"target": -826.4125192969445, "params": {"gamma": 5.625099180595456, "lr": 0.412392608220297}, "datetime": {"datetime": "2024-06-13 17:15:23", "elapsed": 6.606061, "delta": 0.00399}}
{"target": -442.4591898634237, "params": {"gamma": 3.1998307053765016, "lr": 0.2862477928261852}, "datetime": {"datetime": "2024-06-13 17:15:23", "elapsed": 6.611441, "delta": 0.00538}}
{"target": -656.426747078536, "params": {"gamma": 2.9624710073123492, "lr": 0.6827528661644432}, "datetime": {"datetime": "2024-06-13 17:15:23", "elapsed": 6.615425, "delta": 0.003984}}
{"target": -1431.4621248263381, "params": {"gamma": 7.624649380413635, "lr": 0.5976197869899762}, "datetime": {"datetime": "2024-06-13 17:15:23", "elapsed": 6.620411, "delta": 0.004986}}
{"target": -410.8771009160403, "params": {"gamma": 2.229416058643355, "lr": 0.1943950205047229}, "datetime": {"datetime": "2024-06-13 17:15:23", "elapsed": 6.624401, "delta": 0.00399}}
{"target": -2109.881644530796, "params": {"gamma": 7.657095501588769, "lr": 0.9786938189750454}, "datetime": {"datetime": "2024-06-13 17:15:23", "elapsed": 6.629645, "delta": 0.005244}}
{"target": -135.24294637668092, "params": {"gamma": 0.1600837059640327, "lr": 0.24889814198257976}, "datetime": {"datetime": "2024-06-13 17:15:23", "elapsed": 6.63463, "delta": 0.004985}}
{"target": -1736.7782810105487, "params": {"gamma": 7.923336404835708, "lr": 0.7191652977533548}, "datetime": {"datetime": "2024-06-13 17:15:23", "elapsed": 6.63862, "delta": 0.00399}}
{"target": -443.0007523268057, "params": {"gamma": 2.4605535974366086, "lr": 0.5548923810758453}, "datetime": {"datetime": "2024-06-13 17:15:23", "elapsed": 6.643607, "delta": 0.004987}}
{"target": -1288.429571177945, "params": {"gamma": 5.856272355196109, "lr": 0.7213842766472296}, "datetime": {"datetime": "2024-06-13 17:15:23", "elapsed": 6.648593, "delta": 0.004986}}
{"target": -685.6208534985124, "params": {"gamma": 4.637273438415798, "lr": 0.40484847152272274}, "datetime": {"datetime": "2024-06-13 17:15:23", "elapsed": 6.652583, "delta": 0.00399}}
{"target": -479.2802031920002, "params": {"gamma": 3.080786698738075, "lr": 0.23830890840682273}, "datetime": {"datetime": "2024-06-13 17:15:23", "elapsed": 6.657569, "delta": 0.004986}}
{"target": -225.9569296802322, "params": {"gamma": 0.925941078147889, "lr": 0.6458833874176423}, "datetime": {"datetime": "2024-06-13 17:15:23", "elapsed": 6.661599, "delta": 0.00403}}
{"target": -1455.183933656728, "params": {"gamma": 6.696034914953822, "lr": 0.6873434739168471}, "datetime": {"datetime": "2024-06-13 17:15:23", "elapsed": 6.666545, "delta": 0.004946}}
{"target": -144.35822833889245, "params": {"gamma": 0.03245405892326011, "lr": 0.43825303252098613}, "datetime": {"datetime": "2024-06-13 17:15:23", "elapsed": 6.670534, "delta": 0.003989}}
{"target": -244.99701914861612, "params": {"gamma": 1.22641109574872, "lr": 0.5266093357063074}, "datetime": {"datetime": "2024-06-13 17:15:23", "elapsed": 6.704033, "delta": 0.033499}}
{"target": -1487.7179031284984, "params": {"gamma": 9.797416469397842, "lr": 0.4992770109633381}, "datetime": {"datetime": "2024-06-13 17:15:23", "elapsed": 6.709019, "delta": 0.004986}}
{"target": -948.8749064516165, "params": {"gamma": 3.747125142755934, "lr": 0.8138399923945955}, "datetime": {"datetime": "2024-06-13 17:15:23", "elapsed": 6.713011, "delta": 0.003992}}
{"target": -1295.4007396813774, "params": {"gamma": 9.68204618100875, "lr": 0.28712337752879535}, "datetime": {"datetime": "2024-06-13 17:15:23", "elapsed": 6.717995, "delta": 0.004984}}
{"target": -2212.1008850806656, "params": {"gamma": 8.030197397425262, "lr": 0.9961414373632698}, "datetime": {"datetime": "2024-06-13 17:15:23", "elapsed": 6.722982, "delta": 0.004987}}
{"target": -229.03953987733257, "params": {"gamma": 1.1191305732763266, "lr": 0.5310473545872221}, "datetime": {"datetime": "2024-06-13 17:15:23", "elapsed": 6.726972, "delta": 0.00399}}
{"target": -1096.2171136591849, "params": {"gamma": 8.135452268270518, "lr": 0.37629418365689815}, "datetime": {"datetime": "2024-06-13 17:15:23", "elapsed": 6.731959, "delta": 0.004987}}
{"target": -1097.2345387788162, "params": {"gamma": 4.4582994882209785, "lr": 0.7509025596645666}, "datetime": {"datetime": "2024-06-13 17:15:23", "elapsed": 6.736511, "delta": 0.004552}}
{"target": -175.833513602983, "params": {"gamma": 0.9843654431052541, "lr": 0.3605263049964609}, "datetime": {"datetime": "2024-06-13 17:15:23", "elapsed": 6.740494, "delta": 0.003983}}
{"target": -859.6774057014202, "params": {"gamma": 5.637498846609272, "lr": 0.23858559594258377}, "datetime": {"datetime": "2024-06-13 17:15:23", "elapsed": 6.74548, "delta": 0.004986}}
{"target": -2054.3484561009986, "params": {"gamma": 8.399697763448607, "lr": 0.7658509922899394}, "datetime": {"datetime": "2024-06-13 17:15:23", "elapsed": 6.74947, "delta": 0.00399}}
{"target": -1684.300255408142, "params": {"gamma": 9.655460253343795, "lr": 0.5229880750137287}, "datetime": {"datetime": "2024-06-13 17:15:23", "elapsed": 6.754456, "delta": 0.004986}}
{"target": -318.6950902997517, "params": {"gamma": 1.06614005524794, "lr": 0.936617023061487}, "datetime": {"datetime": "2024-06-13 17:15:23", "elapsed": 6.758446, "delta": 0.00399}}
{"target": -1457.206970288063, "params": {"gamma": 8.342525658973996, "lr": 0.5444181610032376}, "datetime": {"datetime": "2024-06-13 17:15:23", "elapsed": 6.763433, "delta": 0.004987}}
{"target": -2249.6649802167763, "params": {"gamma": 8.363186471576656, "lr": 0.8816909193539424}, "datetime": {"datetime": "2024-06-13 17:15:23", "elapsed": 6.767422, "delta": 0.003989}}
{"target": -1400.0014360457321, "params": {"gamma": 7.76103529253161, "lr": 0.5712539770424174}, "datetime": {"datetime": "2024-06-13 17:15:23", "elapsed": 6.77241, "delta": 0.004988}}
{"target": -1543.7809337949052, "params": {"gamma": 6.153371915939358, "lr": 0.8443906826433587}, "datetime": {"datetime": "2024-06-13 17:15:23", "elapsed": 6.777395, "delta": 0.004985}}
{"target": -1040.0485620757725, "params": {"gamma": 6.222544146503024, "lr": 0.20647995918763162}, "datetime": {"datetime": "2024-06-13 17:15:23", "elapsed": 6.782382, "delta": 0.004987}}
{"target": -1210.390352759303, "params": {"gamma": 6.915192747116144, "lr": 0.5320137500773816}, "datetime": {"datetime": "2024-06-13 17:15:23", "elapsed": 6.786371, "delta": 0.003989}}
{"target": -944.7138587163206, "params": {"gamma": 2.633207341942995, "lr": 0.0007865415296364198}, "datetime": {"datetime": "2024-06-13 17:15:23", "elapsed": 6.791358, "delta": 0.004987}}
{"target": -527.9076462628128, "params": {"gamma": 2.3557421152378364, "lr": 0.673566697976032}, "datetime": {"datetime": "2024-06-13 17:15:23", "elapsed": 6.795347, "delta": 0.003989}}
{"target": -2209.0179397006027, "params": {"gamma": 8.783323676609767, "lr": 0.8307025692405677}, "datetime": {"datetime": "2024-06-13 17:15:23", "elapsed": 6.800335, "delta": 0.004988}}
{"target": -403.66075472368783, "params": {"gamma": 1.0819657484995155, "lr": 0.07112497952283825}, "datetime": {"datetime": "2024-06-13 17:15:23", "elapsed": 6.80532, "delta": 0.004985}}
{"target": -1088.8752419806865, "params": {"gamma": 7.616161526478173, "lr": 0.2848333721183067}, "datetime": {"datetime": "2024-06-13 17:15:23", "elapsed": 6.810338, "delta": 0.005018}}
{"target": -975.0452886158691, "params": {"gamma": 2.718758721913716, "lr": 0.0020003006084317043}, "datetime": {"datetime": "2024-06-13 17:15:23", "elapsed": 6.814326, "delta": 0.003988}}
{"target": -273.7077158891686, "params": {"gamma": 0.9862915673948899, "lr": 0.13559704739235312}, "datetime": {"datetime": "2024-06-13 17:15:23", "elapsed": 6.819283, "delta": 0.004957}}
{"target": -269.2801881972621, "params": {"gamma": 1.5944427020857364, "lr": 0.44531360261536523}, "datetime": {"datetime": "2024-06-13 17:15:23", "elapsed": 6.823272, "delta": 0.003989}}
{"target": -2044.4943958164122, "params": {"gamma": 8.141544011423479, "lr": 0.8122981153684475}, "datetime": {"datetime": "2024-06-13 17:15:23", "elapsed": 6.828259, "delta": 0.004987}}
{"target": -1354.0201185109431, "params": {"gamma": 9.099986227202798, "lr": 0.4435920386203337}, "datetime": {"datetime": "2024-06-13 17:15:23", "elapsed": 6.832248, "delta": 0.003989}}
{"target": -1081.47327074182, "params": {"gamma": 7.087396368942189, "lr": 0.4883341181204487}, "datetime": {"datetime": "2024-06-13 17:15:23", "elapsed": 6.838233, "delta": 0.005985}}
{"target": -221.62405733619403, "params": {"gamma": 0.49937573878707536, "lr": 0.0804314339695471}, "datetime": {"datetime": "2024-06-13 17:15:23", "elapsed": 6.84322, "delta": 0.004987}}
{"target": -688.7308980173166, "params": {"gamma": 2.4601774098261746, "lr": 0.9816217286230167}, "datetime": {"datetime": "2024-06-13 17:15:23", "elapsed": 6.848205, "delta": 0.004985}}
{"target": -988.9640853163988, "params": {"gamma": 6.919480375538572, "lr": 0.26800758185732043}, "datetime": {"datetime": "2024-06-13 17:15:23", "elapsed": 6.852195, "delta": 0.00399}}
{"target": -1454.9172016787752, "params": {"gamma": 7.062926182268611, "lr": 0.6613461343815696}, "datetime": {"datetime": "2024-06-13 17:15:23", "elapsed": 6.857182, "delta": 0.004987}}
{"target": -134.9523016373287, "params": {"gamma": 0.4338583185782008, "lr": 0.3614875846417379}, "datetime": {"datetime": "2024-06-13 17:15:23", "elapsed": 6.861171, "delta": 0.003989}}
{"target": -2762.5894135446224, "params": {"gamma": 7.737506106039536, "lr": 0.07852291483410356}, "datetime": {"datetime": "2024-06-13 17:15:23", "elapsed": 6.866158, "delta": 0.004987}}
{"target": -2435.05487065364, "params": {"gamma": 8.84395678364194, "lr": 0.9308682962545582}, "datetime": {"datetime": "2024-06-13 17:15:23", "elapsed": 6.871145, "delta": 0.004987}}
{"target": -2201.3797099547796, "params": {"gamma": 8.531002038386509, "lr": 0.117377604100948}, "datetime": {"datetime": "2024-06-13 17:15:23", "elapsed": 6.875134, "delta": 0.003989}}
{"target": -1231.4252186232395, "params": {"gamma": 5.652169643537417, "lr": 0.7075599478322232}, "datetime": {"datetime": "2024-06-13 17:15:23", "elapsed": 6.880121, "delta": 0.004987}}
{"target": -2715.722830776957, "params": {"gamma": 8.879912919311819, "lr": 0.09577602929981288}, "datetime": {"datetime": "2024-06-13 17:15:23", "elapsed": 6.88411, "delta": 0.003989}}
{"target": -1164.962671401839, "params": {"gamma": 8.157890074908734, "lr": 0.27801633166878204}, "datetime": {"datetime": "2024-06-13 17:15:23", "elapsed": 6.889096, "delta": 0.004986}}
{"target": -1302.9585603041298, "params": {"gamma": 5.923281570273373, "lr": 0.7197957093739197}, "datetime": {"datetime": "2024-06-13 17:15:23", "elapsed": 6.893086, "delta": 0.00399}}
{"target": -1043.1428676378525, "params": {"gamma": 7.7704144744548165, "lr": 0.29466484899886947}, "datetime": {"datetime": "2024-06-13 17:15:23", "elapsed": 6.898073, "delta": 0.004987}}
{"target": -819.4495502982884, "params": {"gamma": 6.074158012949801, "lr": 0.2874728742023305}, "datetime": {"datetime": "2024-06-13 17:15:23", "elapsed": 6.90306, "delta": 0.004987}}
{"target": -2503.971988976256, "params": {"gamma": 9.983169186094411, "lr": 0.8145056079423507}, "datetime": {"datetime": "2024-06-13 17:15:23", "elapsed": 6.907048, "delta": 0.003988}}
{"target": -1120.6678306145957, "params": {"gamma": 4.140365184777405, "lr": 0.8791421856642359}, "datetime": {"datetime": "2024-06-13 17:15:23", "elapsed": 6.912035, "delta": 0.004987}}
{"target": -2018.97582806083, "params": {"gamma": 7.325278649969429, "lr": 0.928746930727756}, "datetime": {"datetime": "2024-06-13 17:15:23", "elapsed": 6.917022, "delta": 0.004987}}
{"target": -255.14878804795626, "params": {"gamma": 1.7169353317749951, "lr": 0.2948350049208741}, "datetime": {"datetime": "2024-06-13 17:15:23", "elapsed": 6.921011, "delta": 0.003989}}
{"target": -171.0785715434627, "params": {"gamma": 0.9382730240703474, "lr": 0.3179810316787127}, "datetime": {"datetime": "2024-06-13 17:15:23", "elapsed": 6.925998, "delta": 0.004987}}
{"target": -793.499857004282, "params": {"gamma": 3.812504948851634, "lr": 0.6327125396187535}, "datetime": {"datetime": "2024-06-13 17:15:23", "elapsed": 6.929988, "delta": 0.00399}}
{"target": -1041.2611688912534, "params": {"gamma": 4.715727863547479, "lr": 0.717668980777047}, "datetime": {"datetime": "2024-06-13 17:15:23", "elapsed": 6.934974, "delta": 0.004986}}
{"target": -538.4385691286202, "params": {"gamma": 2.692966111483643, "lr": 0.17305671918218446}, "datetime": {"datetime": "2024-06-13 17:15:23", "elapsed": 6.93996, "delta": 0.004986}}
{"target": -578.1471702280771, "params": {"gamma": 3.7918469051508774, "lr": 0.43808143742785455}, "datetime": {"datetime": "2024-06-13 17:15:23", "elapsed": 6.94395, "delta": 0.00399}}
{"target": -1160.7100583427507, "params": {"gamma": 4.221843551590521, "lr": 0.913569686661525}, "datetime": {"datetime": "2024-06-13 17:15:23", "elapsed": 6.948936, "delta": 0.004986}}
{"target": -382.67286599632905, "params": {"gamma": 2.696400616451196, "lr": 0.3520434026951569}, "datetime": {"datetime": "2024-06-13 17:15:23", "elapsed": 6.952926, "delta": 0.00399}}
{"target": -314.18523649579834, "params": {"gamma": 2.1528813919731067, "lr": 0.37192301140427286}, "datetime": {"datetime": "2024-06-13 17:15:23", "elapsed": 6.957913, "delta": 0.004987}}
{"target": -735.9292645534491, "params": {"gamma": 3.8991640529202587, "lr": 0.5754270571118745}, "datetime": {"datetime": "2024-06-13 17:15:23", "elapsed": 6.961902, "delta": 0.003989}}
{"target": -411.75135778138593, "params": {"gamma": 2.7843714212458077, "lr": 0.2594923085078481}, "datetime": {"datetime": "2024-06-13 17:15:23", "elapsed": 6.966889, "delta": 0.004987}}
{"target": -1967.7785750401376, "params": {"gamma": 7.190894889170183, "lr": 0.9101787075725445}, "datetime": {"datetime": "2024-06-13 17:15:23", "elapsed": 6.971875, "delta": 0.004986}}
{"target": -245.04598015722863, "params": {"gamma": 1.2218460988148518, "lr": 0.18228897074998485}, "datetime": {"datetime": "2024-06-13 17:15:23", "elapsed": 6.975864, "delta": 0.003989}}
{"target": -315.9758060192487, "params": {"gamma": 1.3319633391141557, "lr": 0.6836076828044971}, "datetime": {"datetime": "2024-06-13 17:15:23", "elapsed": 6.980851, "delta": 0.004987}}
{"target": -437.05829943572763, "params": {"gamma": 2.1408837173038955, "lr": 0.6045716033063737}, "datetime": {"datetime": "2024-06-13 17:15:23", "elapsed": 6.98484, "delta": 0.003989}}
{"target": -521.5987661038148, "params": {"gamma": 2.0175856692950274, "lr": 0.8177571936931245}, "datetime": {"datetime": "2024-06-13 17:15:23", "elapsed": 6.989827, "delta": 0.004987}}
{"target": -698.8252362140006, "params": {"gamma": 3.161755215449723, "lr": 0.6696167646858762}, "datetime": {"datetime": "2024-06-13 17:15:23", "elapsed": 6.994814, "delta": 0.004987}}
{"target": -229.81418877149852, "params": {"gamma": 1.4881868944628063, "lr": 0.30594544708616045}, "datetime": {"datetime": "2024-06-13 17:15:23", "elapsed": 6.998803, "delta": 0.003989}}
{"target": -623.0373930094081, "params": {"gamma": 2.9731172115714624, "lr": 0.6350799325450489}, "datetime": {"datetime": "2024-06-13 17:15:23", "elapsed": 7.003298, "delta": 0.004495}}
{"target": -1706.690738487642, "params": {"gamma": 6.809124390706244, "lr": 0.8452486465038237}, "datetime": {"datetime": "2024-06-13 17:15:23", "elapsed": 7.008285, "delta": 0.004987}}
{"target": -466.0667497201614, "params": {"gamma": 1.8342857207824639, "lr": 0.7604297643064385}, "datetime": {"datetime": "2024-06-13 17:15:23", "elapsed": 7.012274, "delta": 0.003989}}
{"target": -1285.5673382338155, "params": {"gamma": 7.119682083391317, "lr": 0.5575439140774725}, "datetime": {"datetime": "2024-06-13 17:15:23", "elapsed": 7.017261, "delta": 0.004987}}
{"target": -2195.389091024228, "params": {"gamma": 6.50197970017053, "lr": 0.0899951030326972}, "datetime": {"datetime": "2024-06-13 17:15:23", "elapsed": 7.022247, "delta": 0.004986}}
{"target": -245.36472056532452, "params": {"gamma": 1.4696112814099909, "lr": 0.41557172071663584}, "datetime": {"datetime": "2024-06-13 17:15:23", "elapsed": 7.026237, "delta": 0.00399}}
{"target": -1393.3680636181857, "params": {"gamma": 7.1139955123219485, "lr": 0.16782116362359434}, "datetime": {"datetime": "2024-06-13 17:15:23", "elapsed": 7.031225, "delta": 0.004988}}
{"target": -603.7729692087562, "params": {"gamma": 3.8904024131038595, "lr": 0.49794595388742613}, "datetime": {"datetime": "2024-06-13 17:15:23", "elapsed": 7.03621, "delta": 0.004985}}
{"target": -3337.6219682925466, "params": {"gamma": 9.350522223405173, "lr": 0.055196248654505564}, "datetime": {"datetime": "2024-06-13 17:15:23", "elapsed": 7.0402, "delta": 0.00399}}
{"target": -2283.3481189321897, "params": {"gamma": 8.290245901995016, "lr": 0.9841598458987846}, "datetime": {"datetime": "2024-06-13 17:15:23", "elapsed": 7.045186, "delta": 0.004986}}
{"target": -733.9569349554558, "params": {"gamma": 2.6734588625853686, "lr": 0.8900573037740913}, "datetime": {"datetime": "2024-06-13 17:15:23", "elapsed": 7.049175, "delta": 0.003989}}
{"target": -720.8492999475442, "params": {"gamma": 2.9037110876153163, "lr": 0.7990074981966317}, "datetime": {"datetime": "2024-06-13 17:15:23", "elapsed": 7.054162, "delta": 0.004987}}
{"target": -869.4102112210611, "params": {"gamma": 4.599113822624364, "lr": 0.59760864887687}, "datetime": {"datetime": "2024-06-13 17:15:23", "elapsed": 7.058151, "delta": 0.003989}}
{"target": -530.3738125404294, "params": {"gamma": 2.367437100274259, "lr": 0.687614962160815}, "datetime": {"datetime": "2024-06-13 17:15:23", "elapsed": 7.063138, "delta": 0.004987}}
{"target": -293.72531530506586, "params": {"gamma": 1.4876999762661907, "lr": 0.5596864990017729}, "datetime": {"datetime": "2024-06-13 17:15:23", "elapsed": 7.068125, "delta": 0.004987}}
{"target": -1243.397067773498, "params": {"gamma": 4.943794976509587, "lr": 0.8372059959494197}, "datetime": {"datetime": "2024-06-13 17:15:23", "elapsed": 7.072114, "delta": 0.003989}}
{"target": -1183.1886223388035, "params": {"gamma": 4.815203685221957, "lr": 0.7847309599867293}, "datetime": {"datetime": "2024-06-13 17:15:23", "elapsed": 7.077101, "delta": 0.004987}}
{"target": -547.9636331194573, "params": {"gamma": 4.003542773051022, "lr": 0.3079059334309052}, "datetime": {"datetime": "2024-06-13 17:15:23", "elapsed": 7.08109, "delta": 0.003989}}
{"target": -1147.4015004580567, "params": {"gamma": 7.872484136639694, "lr": 0.4184642639114249}, "datetime": {"datetime": "2024-06-13 17:15:23", "elapsed": 7.086077, "delta": 0.004987}}
{"target": -932.8984556655563, "params": {"gamma": 4.968163846072137, "lr": 0.577322531324329}, "datetime": {"datetime": "2024-06-13 17:15:23", "elapsed": 7.090066, "delta": 0.003989}}
{"target": -1529.662237923922, "params": {"gamma": 8.196837713155396, "lr": 0.5813199746267194}, "datetime": {"datetime": "2024-06-13 17:15:23", "elapsed": 7.095053, "delta": 0.004987}}
{"target": -897.2532735823413, "params": {"gamma": 4.062022883905419, "lr": 0.16058682850924277}, "datetime": {"datetime": "2024-06-13 17:15:23", "elapsed": 7.100039, "delta": 0.004986}}
{"target": -1890.7846307837854, "params": {"gamma": 7.021410937836175, "lr": 0.8832328216518347}, "datetime": {"datetime": "2024-06-13 17:15:23", "elapsed": 7.104029, "delta": 0.00399}}
{"target": -203.87076426407302, "params": {"gamma": 1.0846805001536175, "lr": 0.46621397581308155}, "datetime": {"datetime": "2024-06-13 17:15:23", "elapsed": 7.109015, "delta": 0.004986}}
{"target": -1682.7547183716497, "params": {"gamma": 9.34542051628517, "lr": 0.5635091674751708}, "datetime": {"datetime": "2024-06-13 17:15:23", "elapsed": 7.113005, "delta": 0.00399}}
{"target": -1948.2448065224132, "params": {"gamma": 5.452989887556196, "lr": 0.06347554987814286}, "datetime": {"datetime": "2024-06-13 17:15:23", "elapsed": 7.117992, "delta": 0.004987}}
{"target": -1105.6494244017383, "params": {"gamma": 5.353466496108746, "lr": 0.654541303819938}, "datetime": {"datetime": "2024-06-13 17:15:23", "elapsed": 7.122978, "delta": 0.004986}}
{"target": -422.2944276303611, "params": {"gamma": 1.466771864485812, "lr": 0.9563647276468465}, "datetime": {"datetime": "2024-06-13 17:15:23", "elapsed": 7.126967, "delta": 0.003989}}
{"target": -445.34057765746604, "params": {"gamma": 1.962311768641484, "lr": 0.673925993557942}, "datetime": {"datetime": "2024-06-13 17:15:23", "elapsed": 7.131954, "delta": 0.004987}}
{"target": -781.8998456997015, "params": {"gamma": 2.744137192928587, "lr": 0.10843083383187457}, "datetime": {"datetime": "2024-06-13 17:15:23", "elapsed": 7.136941, "delta": 0.004987}}
{"target": -371.4660075600135, "params": {"gamma": 2.6097471361451294, "lr": 0.33415183351807476}, "datetime": {"datetime": "2024-06-13 17:15:23", "elapsed": 7.14093, "delta": 0.003989}}
