{"target": -390.4272937707446, "params": {"gamma": 6.557951918265758, "prior": 9.60793176737818, "rate": 0.03654404988379601}, "datetime": {"datetime": "2024-06-14 12:57:16", "elapsed": 5.498141, "delta": 0.008976}}
{"target": -829.489767231615, "params": {"gamma": 7.233887082898668, "prior": 1.1790508359034728, "rate": 5.438331129146589}, "datetime": {"datetime": "2024-06-14 12:57:16", "elapsed": 5.508115, "delta": 0.009974}}
{"target": -697.7430714644394, "params": {"gamma": 6.269533250786666, "prior": 2.5051765451309316, "rate": 9.138524908590835}, "datetime": {"datetime": "2024-06-14 12:57:16", "elapsed": 5.51709, "delta": 0.008975}}
{"target": -678.4919359226103, "params": {"gamma": 6.223502974387487, "prior": 2.393777444809113, "rate": 7.701551743810476}, "datetime": {"datetime": "2024-06-14 12:57:16", "elapsed": 5.527064, "delta": 0.009974}}
{"target": -163.84709508280017, "params": {"gamma": 1.0559652928933503, "prior": 5.596730653460311, "rate": 0.9504657419551125}, "datetime": {"datetime": "2024-06-14 12:57:16", "elapsed": 5.536039, "delta": 0.008975}}
{"target": -607.5333658486898, "params": {"gamma": 5.810259742677521, "prior": 2.604503115929865, "rate": 6.495018612739509}, "datetime": {"datetime": "2024-06-14 12:57:16", "elapsed": 5.546014, "delta": 0.009975}}
{"target": -637.3363191803581, "params": {"gamma": 7.158553701628942, "prior": 5.289437584229746, "rate": 6.575556555623399}, "datetime": {"datetime": "2024-06-14 12:57:16", "elapsed": 5.554989, "delta": 0.008975}}
{"target": -641.8564363941136, "params": {"gamma": 8.133125159405232, "prior": 8.094371489266019, "rate": 6.197200238546574}, "datetime": {"datetime": "2024-06-14 12:57:16", "elapsed": 5.564962, "delta": 0.009973}}
{"target": -468.09121585112166, "params": {"gamma": 4.511573518745629, "prior": 4.1387048915689375, "rate": 8.74760145142373}, "datetime": {"datetime": "2024-06-14 12:57:16", "elapsed": 5.573938, "delta": 0.008976}}
{"target": -749.4250141208956, "params": {"gamma": 7.029614389411599, "prior": 1.9308567214966765, "rate": 5.657755734146004}, "datetime": {"datetime": "2024-06-14 12:57:16", "elapsed": 5.582914, "delta": 0.008976}}
{"target": -1056.134914169872, "params": {"gamma": 9.08817151496827, "prior": 1.5918309232578849, "rate": 8.455331237631533}, "datetime": {"datetime": "2024-06-14 12:57:16", "elapsed": 5.592887, "delta": 0.009973}}
{"target": -472.20408851881604, "params": {"gamma": 8.202204460687183, "prior": 5.043476902848561, "rate": 0.37680093100554635}, "datetime": {"datetime": "2024-06-14 12:57:16", "elapsed": 5.601864, "delta": 0.008977}}
{"target": -172.07372869245756, "params": {"gamma": 1.4758775514639575, "prior": 9.234123077417845, "rate": 0.4425038055225927}, "datetime": {"datetime": "2024-06-14 12:57:16", "elapsed": 5.611837, "delta": 0.009973}}
{"target": -281.92170399317916, "params": {"gamma": 3.7256151652871896, "prior": 6.228492383782162, "rate": 1.9702834411012529}, "datetime": {"datetime": "2024-06-14 12:57:16", "elapsed": 5.621132, "delta": 0.009295}}
{"target": -1057.0232256906409, "params": {"gamma": 9.810816492645733, "prior": 1.6441548071298822, "rate": 5.3972522724175835}, "datetime": {"datetime": "2024-06-14 12:57:16", "elapsed": 5.629822, "delta": 0.00869}}
{"target": -613.3214928817158, "params": {"gamma": 6.180495232142101, "prior": 2.3868004918300687, "rate": 4.663623583104205}, "datetime": {"datetime": "2024-06-14 12:57:16", "elapsed": 5.639795, "delta": 0.009973}}
{"target": -414.40137121002283, "params": {"gamma": 4.91059428280016, "prior": 7.691937525632765, "rate": 6.343173246985961}, "datetime": {"datetime": "2024-06-14 12:57:16", "elapsed": 5.648771, "delta": 0.008976}}
{"target": -381.64826189988054, "params": {"gamma": 4.676032980600331, "prior": 6.702731177620354, "rate": 4.534320887795462}, "datetime": {"datetime": "2024-06-14 12:57:16", "elapsed": 5.657747, "delta": 0.008976}}
{"target": -360.0597475425306, "params": {"gamma": 5.257590201822755, "prior": 6.619823611427782, "rate": 1.8127726241566626}, "datetime": {"datetime": "2024-06-14 12:57:16", "elapsed": 5.666723, "delta": 0.008976}}
{"target": -740.9554105524076, "params": {"gamma": 7.8807074621719, "prior": 6.068366841630134, "rate": 9.80334851848814}, "datetime": {"datetime": "2024-06-14 12:57:16", "elapsed": 5.675699, "delta": 0.008976}}
{"target": -267.4427572487304, "params": {"gamma": 2.2246095521182263, "prior": 4.716038094249078, "rate": 8.956522384191866}, "datetime": {"datetime": "2024-06-14 12:57:16", "elapsed": 5.685673, "delta": 0.009974}}
{"target": -456.83800418769835, "params": {"gamma": 6.014732663578183, "prior": 7.286992573903269, "rate": 4.137287971849402}, "datetime": {"datetime": "2024-06-14 12:57:16", "elapsed": 5.694649, "delta": 0.008976}}
{"target": -436.3690440094063, "params": {"gamma": 6.843411908691368, "prior": 9.465944795490875, "rate": 2.0026604713274816}, "datetime": {"datetime": "2024-06-14 12:57:17", "elapsed": 5.703625, "delta": 0.008976}}
{"target": -458.8752416047687, "params": {"gamma": 8.073845273509328, "prior": 9.698426319788975, "rate": 0.146672748901554}, "datetime": {"datetime": "2024-06-14 12:57:17", "elapsed": 5.712601, "delta": 0.008976}}
{"target": -302.02833245844187, "params": {"gamma": 2.152880656357681, "prior": 1.2620315110999845, "rate": 7.674467753896792}, "datetime": {"datetime": "2024-06-14 12:57:17", "elapsed": 5.722574, "delta": 0.009973}}
{"target": -162.54222229323872, "params": {"gamma": 0.8130846428413901, "prior": 9.984294230049985, "rate": 3.8967305467771722}, "datetime": {"datetime": "2024-06-14 12:57:17", "elapsed": 5.731551, "delta": 0.008977}}
{"target": -908.8849241109272, "params": {"gamma": 9.05212245656447, "prior": 1.9669182746447318, "rate": 4.409281126023087}, "datetime": {"datetime": "2024-06-14 12:57:17", "elapsed": 5.740555, "delta": 0.009004}}
{"target": -666.2961537813488, "params": {"gamma": 8.448273378243028, "prior": 5.993170828665236, "rate": 4.6221188088168805}, "datetime": {"datetime": "2024-06-14 12:57:17", "elapsed": 5.750499, "delta": 0.009944}}
{"target": -422.7388593370157, "params": {"gamma": 5.12698481782442, "prior": 5.781466716234239, "rate": 4.403751756648346}, "datetime": {"datetime": "2024-06-14 12:57:17", "elapsed": 5.759476, "delta": 0.008977}}
{"target": -232.0784806772368, "params": {"gamma": 1.936396018280381, "prior": 1.2282610384459451, "rate": 1.5131280457741099}, "datetime": {"datetime": "2024-06-14 12:57:17", "elapsed": 5.769449, "delta": 0.009973}}
{"target": -162.08636033145868, "params": {"gamma": 0.5258571475674859, "prior": 5.630896469529952, "rate": 8.47736241934607}, "datetime": {"datetime": "2024-06-14 12:57:17", "elapsed": 5.778425, "delta": 0.008976}}
{"target": -441.50070365513307, "params": {"gamma": 3.5918342699021832, "prior": 0.8455776390945964, "rate": 4.257818395439178}, "datetime": {"datetime": "2024-06-14 12:57:17", "elapsed": 5.788398, "delta": 0.009973}}
{"target": -593.8077168447982, "params": {"gamma": 6.020476376881542, "prior": 4.311494309198812, "rate": 8.107401614840093}, "datetime": {"datetime": "2024-06-14 12:57:17", "elapsed": 5.797374, "delta": 0.008976}}
{"target": -746.5651668965497, "params": {"gamma": 9.418920575620866, "prior": 8.71211665535671, "rate": 7.040290983300606}, "datetime": {"datetime": "2024-06-14 12:57:17", "elapsed": 5.80635, "delta": 0.008976}}
{"target": -302.0403638683311, "params": {"gamma": 4.7035189488969715, "prior": 6.858710624742188, "rate": 0.13516968725473882}, "datetime": {"datetime": "2024-06-14 12:57:17", "elapsed": 5.815327, "delta": 0.008977}}
{"target": -1131.3526354719138, "params": {"gamma": 9.824798706901937, "prior": 1.8035655851060701, "rate": 9.062697699220857}, "datetime": {"datetime": "2024-06-14 12:57:17", "elapsed": 5.825329, "delta": 0.010002}}
{"target": -540.6452920477252, "params": {"gamma": 8.071291906759395, "prior": 8.02138287543118, "rate": 2.690091641792864}, "datetime": {"datetime": "2024-06-14 12:57:17", "elapsed": 5.834276, "delta": 0.008947}}
{"target": -266.1042434815889, "params": {"gamma": 2.1923189037668234, "prior": 4.345126859849478, "rate": 8.493861636205818}, "datetime": {"datetime": "2024-06-14 12:57:17", "elapsed": 5.843252, "delta": 0.008976}}
{"target": -332.8980045387459, "params": {"gamma": 4.5043460450747315, "prior": 9.360659128669912, "rate": 3.5274405931901285}, "datetime": {"datetime": "2024-06-14 12:57:17", "elapsed": 5.853225, "delta": 0.009973}}
{"target": -483.2520203332531, "params": {"gamma": 6.194302264801901, "prior": 9.808920459922224, "rate": 6.434981759885809}, "datetime": {"datetime": "2024-06-14 12:57:17", "elapsed": 5.862201, "delta": 0.008976}}
{"target": -157.25572884584616, "params": {"gamma": 0.45593666218999723, "prior": 4.6892152004219465, "rate": 3.348178685792924}, "datetime": {"datetime": "2024-06-14 12:57:17", "elapsed": 5.871177, "delta": 0.008976}}
{"target": -388.1324879687861, "params": {"gamma": 5.322283303668225, "prior": 2.9189874652700007, "rate": 1.223490041069798}, "datetime": {"datetime": "2024-06-14 12:57:17", "elapsed": 5.88096, "delta": 0.009783}}
{"target": -600.3257231502384, "params": {"gamma": 6.683221598519268, "prior": 6.845461573423933, "rate": 8.671525860690885}, "datetime": {"datetime": "2024-06-14 12:57:17", "elapsed": 5.889937, "delta": 0.008977}}
{"target": -192.93468795750766, "params": {"gamma": 1.3246825541338114, "prior": 8.006341051952507, "rate": 8.267860615312884}, "datetime": {"datetime": "2024-06-14 12:57:17", "elapsed": 5.898912, "delta": 0.008975}}
{"target": -578.1749934846737, "params": {"gamma": 6.465852807575769, "prior": 2.128729243228275, "rate": 2.6149457233439732}, "datetime": {"datetime": "2024-06-14 12:57:17", "elapsed": 5.907888, "delta": 0.008976}}
{"target": -367.37693230553066, "params": {"gamma": 4.185549678574218, "prior": 5.46381082054904, "rate": 4.774902117966579}, "datetime": {"datetime": "2024-06-14 12:57:17", "elapsed": 5.917862, "delta": 0.009974}}
{"target": -417.12265040677033, "params": {"gamma": 4.67513146056165, "prior": 8.414423030956907, "rate": 8.70115355071037}, "datetime": {"datetime": "2024-06-14 12:57:17", "elapsed": 5.926838, "delta": 0.008976}}
{"target": -621.2077218940244, "params": {"gamma": 8.16772288980329, "prior": 8.790234044483526, "rate": 5.710516610608794}, "datetime": {"datetime": "2024-06-14 12:57:17", "elapsed": 5.936811, "delta": 0.009973}}
{"target": -800.8709951652946, "params": {"gamma": 9.64039729725748, "prior": 6.104789047679629, "rate": 6.039873463055735}, "datetime": {"datetime": "2024-06-14 12:57:17", "elapsed": 5.945787, "delta": 0.008976}}
{"target": -234.48816789947819, "params": {"gamma": 3.193658073009114, "prior": 6.843921422758488, "rate": 0.5206049193651046}, "datetime": {"datetime": "2024-06-14 12:57:17", "elapsed": 5.955904, "delta": 0.010117}}
{"target": -222.8644024437578, "params": {"gamma": 1.3463296636984106, "prior": 1.3893974589703744, "rate": 6.5523576709601326}, "datetime": {"datetime": "2024-06-14 12:57:17", "elapsed": 5.96488, "delta": 0.008976}}
{"target": -181.66601860496817, "params": {"gamma": 1.7541505851216117, "prior": 3.4773535501903177, "rate": 0.44407224667521283}, "datetime": {"datetime": "2024-06-14 12:57:17", "elapsed": 5.973856, "delta": 0.008976}}
{"target": -227.11986405091727, "params": {"gamma": 2.33810986680499, "prior": 9.645820816008012, "rate": 5.091884885761161}, "datetime": {"datetime": "2024-06-14 12:57:17", "elapsed": 5.982832, "delta": 0.008976}}
{"target": -215.22625223376482, "params": {"gamma": 1.5115941101958479, "prior": 5.277784464171196, "rate": 9.435150329726897}, "datetime": {"datetime": "2024-06-14 12:57:17", "elapsed": 5.991808, "delta": 0.008976}}
{"target": -669.7819469067598, "params": {"gamma": 8.656994454049334, "prior": 3.98145210241083, "rate": 2.8393912922180533}, "datetime": {"datetime": "2024-06-14 12:57:17", "elapsed": 6.001781, "delta": 0.009973}}
{"target": -645.9479639600582, "params": {"gamma": 7.617536897064726, "prior": 2.4807948155505692, "rate": 2.5430693142188665}, "datetime": {"datetime": "2024-06-14 12:57:17", "elapsed": 6.01084, "delta": 0.009059}}
{"target": -165.22644403128274, "params": {"gamma": 0.841779455445115, "prior": 8.655026538163867, "rate": 4.4795412572871784}, "datetime": {"datetime": "2024-06-14 12:57:17", "elapsed": 6.019733, "delta": 0.008893}}
{"target": -494.07592739664983, "params": {"gamma": 5.618300819839127, "prior": 7.393438481165847, "rate": 7.965092182444826}, "datetime": {"datetime": "2024-06-14 12:57:17", "elapsed": 6.02871, "delta": 0.008977}}
{"target": -524.1485276000778, "params": {"gamma": 4.475633881764149, "prior": 1.9228628061404038, "rate": 8.287499782431489}, "datetime": {"datetime": "2024-06-14 12:57:17", "elapsed": 6.038682, "delta": 0.009972}}
{"target": -154.19230221987655, "params": {"gamma": 0.3109486003227299, "prior": 9.47260986911873, "rate": 5.770201486928539}, "datetime": {"datetime": "2024-06-14 12:57:17", "elapsed": 6.047659, "delta": 0.008977}}
{"target": -604.3458984952052, "params": {"gamma": 8.754011995768419, "prior": 6.124797826038231, "rate": 2.5173441819390847}, "datetime": {"datetime": "2024-06-14 12:57:17", "elapsed": 6.056635, "delta": 0.008976}}
{"target": -322.39462604689334, "params": {"gamma": 2.962003105035548, "prior": 5.375933334413366, "rate": 9.620820050258088}, "datetime": {"datetime": "2024-06-14 12:57:17", "elapsed": 6.065611, "delta": 0.008976}}
{"target": -209.0957252071349, "params": {"gamma": 1.8457715492972864, "prior": 5.147993943616779, "rate": 3.4385372462650072}, "datetime": {"datetime": "2024-06-14 12:57:17", "elapsed": 6.075612, "delta": 0.010001}}
{"target": -562.65664233108, "params": {"gamma": 7.697483724226901, "prior": 8.048378215680998, "rate": 4.246174543111865}, "datetime": {"datetime": "2024-06-14 12:57:17", "elapsed": 6.08456, "delta": 0.008948}}
{"target": -264.62106896348115, "params": {"gamma": 2.042020877443364, "prior": 0.7641856572556677, "rate": 1.9872839959411943}, "datetime": {"datetime": "2024-06-14 12:57:17", "elapsed": 6.093536, "delta": 0.008976}}
{"target": -292.93240293728263, "params": {"gamma": 2.7247361004436925, "prior": 6.028010287301183, "rate": 8.730961889247082}, "datetime": {"datetime": "2024-06-14 12:57:17", "elapsed": 6.103509, "delta": 0.009973}}
{"target": -184.52503828932592, "params": {"gamma": 1.2831811575160175, "prior": 9.58606854297747, "rate": 6.832025267697611}, "datetime": {"datetime": "2024-06-14 12:57:17", "elapsed": 6.11257, "delta": 0.009061}}
{"target": -521.2463027686788, "params": {"gamma": 7.419900392548125, "prior": 9.830519780617808, "rate": 4.161591625408803}, "datetime": {"datetime": "2024-06-14 12:57:17", "elapsed": 6.122053, "delta": 0.009483}}
{"target": -434.9171246723439, "params": {"gamma": 5.316303075493122, "prior": 6.824208206937614, "rate": 5.129238550757324}, "datetime": {"datetime": "2024-06-14 12:57:17", "elapsed": 6.131029, "delta": 0.008976}}
{"target": -343.1652477757859, "params": {"gamma": 2.991824334263695, "prior": 1.143308260027389, "rate": 2.8500365250757254}, "datetime": {"datetime": "2024-06-14 12:57:17", "elapsed": 6.140034, "delta": 0.009005}}
{"target": -681.7419828245733, "params": {"gamma": 7.688759630029292, "prior": 6.443748774073277, "rate": 8.013505701328722}, "datetime": {"datetime": "2024-06-14 12:57:17", "elapsed": 6.148982, "delta": 0.008948}}
{"target": -550.6400578327705, "params": {"gamma": 5.171688199172296, "prior": 2.3977902162787172, "rate": 6.279991307892046}, "datetime": {"datetime": "2024-06-14 12:57:17", "elapsed": 6.15918, "delta": 0.010198}}
{"target": -438.11403701200214, "params": {"gamma": 3.040750894733009, "prior": 0.39233457492600754, "rate": 9.03340843699194}, "datetime": {"datetime": "2024-06-14 12:57:17", "elapsed": 6.168156, "delta": 0.008976}}
{"target": -423.06041226290927, "params": {"gamma": 4.2042753184590484, "prior": 4.318694726204651, "rate": 7.412776101583259}, "datetime": {"datetime": "2024-06-14 12:57:17", "elapsed": 6.177132, "delta": 0.008976}}
{"target": -939.5828278832581, "params": {"gamma": 9.484635584653631, "prior": 0.8179037276500872, "rate": 1.7278381802346168}, "datetime": {"datetime": "2024-06-14 12:57:17", "elapsed": 6.186108, "delta": 0.008976}}
{"target": -348.52330305289576, "params": {"gamma": 3.224252533837974, "prior": 2.5594000386689704, "rate": 4.9554543186305695}, "datetime": {"datetime": "2024-06-14 12:57:17", "elapsed": 6.196081, "delta": 0.009973}}
{"target": -636.4071278685525, "params": {"gamma": 8.244771648366036, "prior": 8.55432690792754, "rate": 5.958703590644958}, "datetime": {"datetime": "2024-06-14 12:57:17", "elapsed": 6.205057, "delta": 0.008976}}
{"target": -309.9050899322602, "params": {"gamma": 2.4024971645768356, "prior": 1.9462776138995845, "rate": 7.434161733507989}, "datetime": {"datetime": "2024-06-14 12:57:17", "elapsed": 6.214033, "delta": 0.008976}}
{"target": -265.2454800056587, "params": {"gamma": 2.372903362377833, "prior": 5.440959820172842, "rate": 7.493058590484791}, "datetime": {"datetime": "2024-06-14 12:57:17", "elapsed": 6.22301, "delta": 0.008977}}
{"target": -205.06258149515696, "params": {"gamma": 2.283262797049244, "prior": 1.8275617569701659, "rate": 0.39831713007193664}, "datetime": {"datetime": "2024-06-14 12:57:17", "elapsed": 6.232982, "delta": 0.009972}}
{"target": -173.254890854052, "params": {"gamma": 1.4765408081617755, "prior": 8.52924517877521, "rate": 1.0472544815378406}, "datetime": {"datetime": "2024-06-14 12:57:17", "elapsed": 6.241959, "delta": 0.008977}}
{"target": -335.20357312401353, "params": {"gamma": 2.2372268102276505, "prior": 0.4242962774851736, "rate": 6.763889997877335}, "datetime": {"datetime": "2024-06-14 12:57:17", "elapsed": 6.250935, "delta": 0.008976}}
{"target": -213.93415894204236, "params": {"gamma": 2.317799711505731, "prior": 4.194558006237466, "rate": 1.393872412065944}, "datetime": {"datetime": "2024-06-14 12:57:17", "elapsed": 6.260908, "delta": 0.009973}}
{"target": -354.2556131458921, "params": {"gamma": 3.772795658827454, "prior": 4.301930915772191, "rate": 4.730176553648271}, "datetime": {"datetime": "2024-06-14 12:57:17", "elapsed": 6.269884, "delta": 0.008976}}
{"target": -529.7065461644282, "params": {"gamma": 4.228995288573093, "prior": 1.1172899823542268, "rate": 7.72603008604881}, "datetime": {"datetime": "2024-06-14 12:57:17", "elapsed": 6.27886, "delta": 0.008976}}
{"target": -186.30110041189403, "params": {"gamma": 1.3729228288956241, "prior": 4.300494505825538, "rate": 2.7202891684153423}, "datetime": {"datetime": "2024-06-14 12:57:17", "elapsed": 6.288833, "delta": 0.009973}}
{"target": -280.311168718995, "params": {"gamma": 3.0107784228559833, "prior": 6.756965648605682, "rate": 5.178349451410332}, "datetime": {"datetime": "2024-06-14 12:57:17", "elapsed": 6.297809, "delta": 0.008976}}
{"target": -213.76455401117911, "params": {"gamma": 1.9016804177489257, "prior": 4.744430954350433, "rate": 3.396069147094239}, "datetime": {"datetime": "2024-06-14 12:57:17", "elapsed": 6.306785, "delta": 0.008976}}
{"target": -778.6648568434538, "params": {"gamma": 7.045267485283013, "prior": 2.338342504082235, "rate": 8.450036385446094}, "datetime": {"datetime": "2024-06-14 12:57:17", "elapsed": 6.315761, "delta": 0.008976}}
{"target": -397.24794654481383, "params": {"gamma": 5.262770419251413, "prior": 5.056133771938582, "rate": 2.537604383069914}, "datetime": {"datetime": "2024-06-14 12:57:17", "elapsed": 6.324737, "delta": 0.008976}}
{"target": -243.2483240707442, "params": {"gamma": 1.8623705416969032, "prior": 4.771008721102208, "rate": 9.818262353834747}, "datetime": {"datetime": "2024-06-14 12:57:17", "elapsed": 6.334711, "delta": 0.009974}}
{"target": -212.00075852910845, "params": {"gamma": 1.3299294703806088, "prior": 2.9062780810377657, "rate": 8.006611101660276}, "datetime": {"datetime": "2024-06-14 12:57:17", "elapsed": 6.343688, "delta": 0.008977}}
{"target": -578.5268186833091, "params": {"gamma": 6.648104208209039, "prior": 2.859708246065027, "rate": 3.1471614201443434}, "datetime": {"datetime": "2024-06-14 12:57:17", "elapsed": 6.352663, "delta": 0.008975}}
{"target": -392.3336993070663, "params": {"gamma": 4.200062595764889, "prior": 6.067588946198732, "rate": 7.193668333443535}, "datetime": {"datetime": "2024-06-14 12:57:17", "elapsed": 6.362636, "delta": 0.009973}}
{"target": -574.911951375657, "params": {"gamma": 8.573146034178855, "prior": 6.843003557538256, "rate": 2.370583662652512}, "datetime": {"datetime": "2024-06-14 12:57:17", "elapsed": 6.371613, "delta": 0.008977}}
{"target": -631.6378410776266, "params": {"gamma": 9.257279632827263, "prior": 7.833834466690084, "rate": 3.0745074227980154}, "datetime": {"datetime": "2024-06-14 12:57:17", "elapsed": 6.381585, "delta": 0.009972}}
{"target": -232.15543107121755, "params": {"gamma": 3.0503514507789897, "prior": 8.823566352446155, "rate": 1.2616587254915876}, "datetime": {"datetime": "2024-06-14 12:57:17", "elapsed": 6.390561, "delta": 0.008976}}
{"target": -677.6283667666005, "params": {"gamma": 6.334974881523022, "prior": 2.8493560514869, "rate": 8.272176051067923}, "datetime": {"datetime": "2024-06-14 12:57:17", "elapsed": 6.399537, "delta": 0.008976}}
{"target": -271.58103706730765, "params": {"gamma": 3.645869952111327, "prior": 7.360324335241457, "rate": 1.9249864862469743}, "datetime": {"datetime": "2024-06-14 12:57:17", "elapsed": 6.409511, "delta": 0.009974}}
{"target": -367.6292629334943, "params": {"gamma": 4.814977529509854, "prior": 8.05558680166717, "rate": 3.9704851285120673}, "datetime": {"datetime": "2024-06-14 12:57:17", "elapsed": 6.418487, "delta": 0.008976}}
{"target": -211.01751328118732, "params": {"gamma": 1.6165788245210426, "prior": 6.524924004221608, "rate": 7.53350473313803}, "datetime": {"datetime": "2024-06-14 12:57:17", "elapsed": 6.427463, "delta": 0.008976}}
