{"target": -80.40199268649438, "params": {"p_ai": 3.5825294390803735, "p_al": 7.656182649398891, "p_ex": 10.0, "prior": 10.0, "rate": 10.0}, "datetime": {"datetime": "2024-06-13 01:49:41", "elapsed": 692.522448, "delta": 25.922344}}
{"target": -82.09995584171533, "params": {"p_ai": 1.903465805866705, "p_al": 4.289689168107978, "p_ex": 10.0, "prior": 5.76030669778844, "rate": 10.0}, "datetime": {"datetime": "2024-06-13 01:49:58", "elapsed": 709.681844, "delta": 17.159396}}
{"target": -104.84774482936321, "params": {"p_ai": 0.7421577379235975, "p_al": 0.001, "p_ex": 10.0, "prior": 10.0, "rate": 10.0}, "datetime": {"datetime": "2024-06-13 01:50:32", "elapsed": 743.192563, "delta": 33.510719}}
