{"target": -1015.1548235410985, "params": {"gamma": 2.8585435506242662, "lr": 0.009707596574816568}, "datetime": {"datetime": "2024-06-13 22:59:30", "elapsed": 5.819008, "delta": 0.004986}}
{"target": -1296.932832773212, "params": {"gamma": 5.754942892815359, "lr": 0.30779227833471057}, "datetime": {"datetime": "2024-06-13 22:59:30", "elapsed": 5.822998, "delta": 0.00399}}
{"target": -408.1838520311672, "params": {"gamma": 1.5159891044593792, "lr": 0.9712833117325801}, "datetime": {"datetime": "2024-06-13 22:59:30", "elapsed": 5.827985, "delta": 0.004987}}
{"target": -394.9845747764087, "params": {"gamma": 1.6505577067216257, "lr": 0.7272354411432771}, "datetime": {"datetime": "2024-06-13 22:59:30", "elapsed": 5.832972, "delta": 0.004987}}
{"target": -2159.2582392530217, "params": {"gamma": 8.907351190743636, "lr": 0.8587151157269453}, "datetime": {"datetime": "2024-06-13 22:59:30", "elapsed": 5.836961, "delta": 0.003989}}
{"target": -549.5558579561751, "params": {"gamma": 1.8433864145173096, "lr": 0.23680853369423926}, "datetime": {"datetime": "2024-06-13 22:59:30", "elapsed": 5.841947, "delta": 0.004986}}
{"target": -150.10032293660086, "params": {"gamma": 0.1846080023892216, "lr": 0.9314054672648543}, "datetime": {"datetime": "2024-06-13 22:59:30", "elapsed": 5.845939, "delta": 0.003992}}
{"target": -1856.2075645482928, "params": {"gamma": 8.871324645396406, "lr": 0.5954661689695429}, "datetime": {"datetime": "2024-06-13 22:59:30", "elapsed": 5.850926, "delta": 0.004987}}
{"target": -387.91523074710386, "params": {"gamma": 1.0945671874130298, "lr": 0.17354264684250154}, "datetime": {"datetime": "2024-06-13 22:59:30", "elapsed": 5.854915, "delta": 0.003989}}
{"target": -1438.2805176249988, "params": {"gamma": 5.770026748955153, "lr": 0.25165697350014493}, "datetime": {"datetime": "2024-06-13 22:59:30", "elapsed": 5.859902, "delta": 0.004987}}
{"target": -1006.107131869559, "params": {"gamma": 3.0024181605272484, "lr": 0.17098734894301837}, "datetime": {"datetime": "2024-06-13 22:59:30", "elapsed": 5.863891, "delta": 0.003989}}
{"target": -404.2355070242186, "params": {"gamma": 1.8967275990085757, "lr": 0.4634211543904514}, "datetime": {"datetime": "2024-06-13 22:59:30", "elapsed": 5.868878, "delta": 0.004987}}
{"target": -1078.5967162456234, "params": {"gamma": 5.099229852311732, "lr": 0.5115798896647326}, "datetime": {"datetime": "2024-06-13 22:59:30", "elapsed": 5.873864, "delta": 0.004986}}
{"target": -3341.5362085503775, "params": {"gamma": 9.971390854869842, "lr": 0.1295958172701398}, "datetime": {"datetime": "2024-06-13 22:59:30", "elapsed": 5.877854, "delta": 0.00399}}
{"target": -1749.9139577039416, "params": {"gamma": 7.561942713988967, "lr": 0.7937567472248925}, "datetime": {"datetime": "2024-06-13 22:59:30", "elapsed": 5.881843, "delta": 0.003989}}
{"target": -1186.1890861925776, "params": {"gamma": 5.849241105106437, "lr": 0.4627381802693252}, "datetime": {"datetime": "2024-06-13 22:59:30", "elapsed": 5.88683, "delta": 0.004987}}
{"target": -2061.0014126313326, "params": {"gamma": 8.934372946865443, "lr": 0.8281802190731247}, "datetime": {"datetime": "2024-06-13 22:59:30", "elapsed": 5.890819, "delta": 0.003989}}
{"target": -189.0811394533753, "params": {"gamma": 0.5038590693510084, "lr": 0.962983753087854}, "datetime": {"datetime": "2024-06-13 22:59:30", "elapsed": 5.895807, "delta": 0.004988}}
{"target": -148.18165689365586, "params": {"gamma": 0.07439157764468438, "lr": 0.5731322046839419}, "datetime": {"datetime": "2024-06-13 22:59:30", "elapsed": 5.900792, "delta": 0.004985}}
{"target": -1360.6666497327676, "params": {"gamma": 5.7247357384538, "lr": 0.8343796647905168}, "datetime": {"datetime": "2024-06-13 22:59:30", "elapsed": 5.904782, "delta": 0.00399}}
{"target": -1342.6634534278203, "params": {"gamma": 3.8477759631858306, "lr": 0.09104086904598219}, "datetime": {"datetime": "2024-06-13 22:59:30", "elapsed": 5.909769, "delta": 0.004987}}
{"target": -2040.8342820014882, "params": {"gamma": 5.81729100641988, "lr": 0.024845860363731265}, "datetime": {"datetime": "2024-06-13 22:59:30", "elapsed": 5.913758, "delta": 0.003989}}
{"target": -925.6706901469526, "params": {"gamma": 3.618595813310707, "lr": 0.9853168020853229}, "datetime": {"datetime": "2024-06-13 22:59:30", "elapsed": 5.918744, "delta": 0.004986}}
{"target": -2986.0143322348945, "params": {"gamma": 8.687919916680645, "lr": 0.15249674176120542}, "datetime": {"datetime": "2024-06-13 22:59:30", "elapsed": 5.922734, "delta": 0.00399}}
{"target": -1844.7122773250535, "params": {"gamma": 7.988462064471767, "lr": 0.8109969194215267}, "datetime": {"datetime": "2024-06-13 22:59:30", "elapsed": 5.927721, "delta": 0.004987}}
{"target": -2690.386748220114, "params": {"gamma": 9.282143984052633, "lr": 0.22438426604398454}, "datetime": {"datetime": "2024-06-13 22:59:30", "elapsed": 5.932707, "delta": 0.004986}}
{"target": -1157.0581981302462, "params": {"gamma": 4.990175777525101, "lr": 0.8274440914110759}, "datetime": {"datetime": "2024-06-13 22:59:30", "elapsed": 5.936696, "delta": 0.003989}}
{"target": -1400.5385894122376, "params": {"gamma": 6.673670516196978, "lr": 0.5939361433837695}, "datetime": {"datetime": "2024-06-13 22:59:30", "elapsed": 5.940686, "delta": 0.00399}}
{"target": -1893.5962282640041, "params": {"gamma": 6.520106231886649, "lr": 0.23851601279901302}, "datetime": {"datetime": "2024-06-13 22:59:30", "elapsed": 5.945673, "delta": 0.004987}}
{"target": -153.00149274291257, "params": {"gamma": 0.2563753086730316, "lr": 0.736257257446534}, "datetime": {"datetime": "2024-06-13 22:59:30", "elapsed": 5.950659, "delta": 0.004986}}
{"target": -705.4348289363174, "params": {"gamma": 3.268591461483445, "lr": 0.3767568869201464}, "datetime": {"datetime": "2024-06-13 22:59:30", "elapsed": 5.954649, "delta": 0.00399}}
{"target": -1289.1368056290644, "params": {"gamma": 6.126547925441392, "lr": 0.657165042363517}, "datetime": {"datetime": "2024-06-13 22:59:30", "elapsed": 5.959636, "delta": 0.004987}}
{"target": -487.11490873041487, "params": {"gamma": 2.0297861073278014, "lr": 0.8260315378454188}, "datetime": {"datetime": "2024-06-13 22:59:30", "elapsed": 5.964622, "delta": 0.004986}}
{"target": -812.5581406577976, "params": {"gamma": 3.802685845849549, "lr": 0.6317444085013915}, "datetime": {"datetime": "2024-06-13 22:59:30", "elapsed": 5.969608, "delta": 0.004986}}
{"target": -1971.6756977935784, "params": {"gamma": 9.664147745107453, "lr": 0.5647862352666362}, "datetime": {"datetime": "2024-06-13 22:59:30", "elapsed": 5.973598, "delta": 0.00399}}
{"target": -761.3138727413168, "params": {"gamma": 3.58975250674678, "lr": 0.6189701087401422}, "datetime": {"datetime": "2024-06-13 22:59:30", "elapsed": 5.978584, "delta": 0.004986}}
{"target": -1019.7160718870373, "params": {"gamma": 5.018429387513632, "lr": 0.45237624777785157}, "datetime": {"datetime": "2024-06-13 22:59:30", "elapsed": 5.982574, "delta": 0.00399}}
{"target": -1855.1515523520472, "params": {"gamma": 7.32297507682793, "lr": 0.9245101499841026}, "datetime": {"datetime": "2024-06-13 22:59:30", "elapsed": 5.987561, "delta": 0.004987}}
{"target": -1704.0696444041434, "params": {"gamma": 4.793234881420612, "lr": 0.08823015100009579}, "datetime": {"datetime": "2024-06-13 22:59:30", "elapsed": 5.99155, "delta": 0.003989}}
{"target": -1656.1793741806387, "params": {"gamma": 5.696965913284056, "lr": 0.2449508551148344}, "datetime": {"datetime": "2024-06-13 22:59:30", "elapsed": 5.996536, "delta": 0.004986}}
{"target": -167.53888116537416, "params": {"gamma": 0.3967395368422162, "lr": 0.7881402066436831}, "datetime": {"datetime": "2024-06-13 22:59:30", "elapsed": 6.001523, "delta": 0.004987}}
{"target": -635.3121865139813, "params": {"gamma": 2.728409598411216, "lr": 0.7770704929423838}, "datetime": {"datetime": "2024-06-13 22:59:30", "elapsed": 6.005513, "delta": 0.00399}}
{"target": -1103.2260290296203, "params": {"gamma": 4.882601221938961, "lr": 0.31793589107511533}, "datetime": {"datetime": "2024-06-13 22:59:30", "elapsed": 6.0105, "delta": 0.004987}}
{"target": -1112.8787264962516, "params": {"gamma": 3.1409404750589167, "lr": 0.04202476008611444}, "datetime": {"datetime": "2024-06-13 22:59:30", "elapsed": 6.014488, "delta": 0.003988}}
{"target": -1238.100999231983, "params": {"gamma": 5.344463969208603, "lr": 0.8235515559967603}, "datetime": {"datetime": "2024-06-13 22:59:30", "elapsed": 6.019475, "delta": 0.004987}}
{"target": -325.15014102220084, "params": {"gamma": 0.8398696296412803, "lr": 0.10855870560871761}, "datetime": {"datetime": "2024-06-13 22:59:30", "elapsed": 6.023465, "delta": 0.00399}}
{"target": -1116.5320383376647, "params": {"gamma": 5.293030012750302, "lr": 0.6601418096235968}, "datetime": {"datetime": "2024-06-13 22:59:30", "elapsed": 6.028451, "delta": 0.004986}}
{"target": -1562.0736177330111, "params": {"gamma": 6.947765177374281, "lr": 0.313221695146886}, "datetime": {"datetime": "2024-06-13 22:59:30", "elapsed": 6.03244, "delta": 0.003989}}
{"target": -163.79245359925537, "params": {"gamma": 0.37873998028565886, "lr": 0.4145628796923949}, "datetime": {"datetime": "2024-06-13 22:59:30", "elapsed": 6.037427, "delta": 0.004987}}
{"target": -808.8284821790934, "params": {"gamma": 2.2612156645820662, "lr": 0.0011148302524066622}, "datetime": {"datetime": "2024-06-13 22:59:30", "elapsed": 6.042414, "delta": 0.004987}}
{"target": -1738.1534186255117, "params": {"gamma": 6.857480005685141, "lr": 0.9520625390545332}, "datetime": {"datetime": "2024-06-13 22:59:30", "elapsed": 6.046406, "delta": 0.003992}}
{"target": -888.1831131247171, "params": {"gamma": 3.9121264535897473, "lr": 0.3002984293714631}, "datetime": {"datetime": "2024-06-13 22:59:30", "elapsed": 6.051393, "delta": 0.004987}}
{"target": -1316.7662855528117, "params": {"gamma": 5.537964374290343, "lr": 0.8519762580648814}, "datetime": {"datetime": "2024-06-13 22:59:30", "elapsed": 6.055383, "delta": 0.00399}}
{"target": -1755.051309657955, "params": {"gamma": 7.9498792795045405, "lr": 0.6847567049785765}, "datetime": {"datetime": "2024-06-13 22:59:30", "elapsed": 6.060371, "delta": 0.004988}}
{"target": -961.7939379800263, "params": {"gamma": 4.321638805905765, "lr": 0.6904340198543137}, "datetime": {"datetime": "2024-06-13 22:59:30", "elapsed": 6.065356, "delta": 0.004985}}
{"target": -556.7866657327219, "params": {"gamma": 2.161037487164819, "lr": 0.28394343784624676}, "datetime": {"datetime": "2024-06-13 22:59:30", "elapsed": 6.069345, "delta": 0.003989}}
{"target": -1969.6427688857093, "params": {"gamma": 7.778428288392944, "lr": 0.9299801363463566}, "datetime": {"datetime": "2024-06-13 22:59:30", "elapsed": 6.074331, "delta": 0.004986}}
{"target": -458.3913955337673, "params": {"gamma": 1.9013049866632814, "lr": 0.29606328941823257}, "datetime": {"datetime": "2024-06-13 22:59:30", "elapsed": 6.078321, "delta": 0.00399}}
{"target": -149.48967368239715, "params": {"gamma": 0.06309646163797043, "lr": 0.43156224528040166}, "datetime": {"datetime": "2024-06-13 22:59:30", "elapsed": 6.083308, "delta": 0.004987}}
{"target": -462.80524427496533, "params": {"gamma": 2.103740422454257, "lr": 0.6414247825536215}, "datetime": {"datetime": "2024-06-13 22:59:30", "elapsed": 6.088295, "delta": 0.004987}}
{"target": -2363.412424434814, "params": {"gamma": 7.096182567565407, "lr": 0.11877771439848506}, "datetime": {"datetime": "2024-06-13 22:59:30", "elapsed": 6.093281, "delta": 0.004986}}
{"target": -251.23610412991187, "params": {"gamma": 0.8223578763172843, "lr": 0.9063350695803358}, "datetime": {"datetime": "2024-06-13 22:59:30", "elapsed": 6.098268, "delta": 0.004987}}
{"target": -829.1632089484585, "params": {"gamma": 3.8929983086548985, "lr": 0.5334034972660143}, "datetime": {"datetime": "2024-06-13 22:59:30", "elapsed": 6.102258, "delta": 0.00399}}
{"target": -2197.0554394039063, "params": {"gamma": 9.632452407571792, "lr": 0.7590540122163353}, "datetime": {"datetime": "2024-06-13 22:59:30", "elapsed": 6.107244, "delta": 0.004986}}
{"target": -1163.7810225157625, "params": {"gamma": 3.256077435692296, "lr": 0.08584930112029354}, "datetime": {"datetime": "2024-06-13 22:59:30", "elapsed": 6.11223, "delta": 0.004986}}
{"target": -1216.6072463155367, "params": {"gamma": 5.360704142867423, "lr": 0.33612544293733115}, "datetime": {"datetime": "2024-06-13 22:59:30", "elapsed": 6.11622, "delta": 0.00399}}
{"target": -150.7321026649675, "params": {"gamma": 0.21783235985649294, "lr": 0.7711523332537787}, "datetime": {"datetime": "2024-06-13 22:59:30", "elapsed": 6.120753, "delta": 0.004533}}
{"target": -797.2411559522802, "params": {"gamma": 3.849706389409975, "lr": 0.5713211500587355}, "datetime": {"datetime": "2024-06-13 22:59:30", "elapsed": 6.12574, "delta": 0.004987}}
{"target": -1914.1477542117777, "params": {"gamma": 7.557672815106508, "lr": 0.9408474199010457}, "datetime": {"datetime": "2024-06-13 22:59:30", "elapsed": 6.130726, "delta": 0.004986}}
{"target": -1378.8572888077508, "params": {"gamma": 6.123611064507542, "lr": 0.31539617878014314}, "datetime": {"datetime": "2024-06-13 22:59:30", "elapsed": 6.134716, "delta": 0.00399}}
{"target": -413.8457901335026, "params": {"gamma": 1.1016550019623323, "lr": 0.07391888791127221}, "datetime": {"datetime": "2024-06-13 22:59:30", "elapsed": 6.139703, "delta": 0.004987}}
{"target": -684.500312922167, "params": {"gamma": 3.197588047953422, "lr": 0.660839138956005}, "datetime": {"datetime": "2024-06-13 22:59:30", "elapsed": 6.143692, "delta": 0.003989}}
{"target": -2128.634672239617, "params": {"gamma": 6.9518254952121765, "lr": 0.20771804006298766}, "datetime": {"datetime": "2024-06-13 22:59:30", "elapsed": 6.148682, "delta": 0.00499}}
{"target": -235.23427565865217, "params": {"gamma": 0.8288765899448861, "lr": 0.3055106612860311}, "datetime": {"datetime": "2024-06-13 22:59:30", "elapsed": 6.153669, "delta": 0.004987}}
{"target": -1254.3662933089527, "params": {"gamma": 5.476198023985873, "lr": 0.7546696744748647}, "datetime": {"datetime": "2024-06-13 22:59:30", "elapsed": 6.15766, "delta": 0.003991}}
{"target": -1221.7088017612225, "params": {"gamma": 5.297043548379857, "lr": 0.28698375274707455}, "datetime": {"datetime": "2024-06-13 22:59:30", "elapsed": 6.162646, "delta": 0.004986}}
{"target": -1554.1254723232798, "params": {"gamma": 6.242173052915846, "lr": 0.2648366551761958}, "datetime": {"datetime": "2024-06-13 22:59:30", "elapsed": 6.166752, "delta": 0.004106}}
{"target": -1549.4003885405982, "params": {"gamma": 6.527276450430897, "lr": 0.8418980078267378}, "datetime": {"datetime": "2024-06-13 22:59:30", "elapsed": 6.171738, "delta": 0.004986}}
{"target": -1309.2124113269767, "params": {"gamma": 6.389839255863949, "lr": 0.5656314689767339}, "datetime": {"datetime": "2024-06-13 22:59:30", "elapsed": 6.175724, "delta": 0.003986}}
{"target": -766.8171650843611, "params": {"gamma": 3.072113950599342, "lr": 0.8767770399379612}, "datetime": {"datetime": "2024-06-13 22:59:30", "elapsed": 6.180701, "delta": 0.004977}}
{"target": -2255.105708948663, "params": {"gamma": 9.888230025288278, "lr": 0.777479431209941}, "datetime": {"datetime": "2024-06-13 22:59:30", "elapsed": 6.185728, "delta": 0.005027}}
{"target": -1927.293751079605, "params": {"gamma": 5.736864931846622, "lr": 0.14127933264100168}, "datetime": {"datetime": "2024-06-13 22:59:30", "elapsed": 6.190676, "delta": 0.004948}}
{"target": -715.0983096771575, "params": {"gamma": 3.1499752949036433, "lr": 0.3668593185911837}, "datetime": {"datetime": "2024-06-13 22:59:30", "elapsed": 6.194666, "delta": 0.00399}}
{"target": -602.2002632167445, "params": {"gamma": 2.9196603150536307, "lr": 0.4459528147489278}, "datetime": {"datetime": "2024-06-13 22:59:30", "elapsed": 6.199656, "delta": 0.00499}}
{"target": -1871.3256832208822, "params": {"gamma": 6.106714536159591, "lr": 0.2129145905151636}, "datetime": {"datetime": "2024-06-13 22:59:30", "elapsed": 6.204642, "delta": 0.004986}}
{"target": -843.7645748292067, "params": {"gamma": 2.4983477831127514, "lr": 0.11215048322109678}, "datetime": {"datetime": "2024-06-13 22:59:30", "elapsed": 6.208635, "delta": 0.003993}}
{"target": -633.0975387374239, "params": {"gamma": 3.07657830315885, "lr": 0.49744827858464324}, "datetime": {"datetime": "2024-06-13 22:59:30", "elapsed": 6.213621, "delta": 0.004986}}
{"target": -1246.1983577141111, "params": {"gamma": 4.898588039316173, "lr": 0.9955772118463961}, "datetime": {"datetime": "2024-06-13 22:59:30", "elapsed": 6.21861, "delta": 0.004989}}
{"target": -2061.0238172671143, "params": {"gamma": 9.811104522073206, "lr": 0.4365627716811432}, "datetime": {"datetime": "2024-06-13 22:59:30", "elapsed": 6.2226, "delta": 0.00399}}
{"target": -2971.596079244302, "params": {"gamma": 9.720234197281384, "lr": 0.21439790417581406}, "datetime": {"datetime": "2024-06-13 22:59:30", "elapsed": 6.227726, "delta": 0.005126}}
{"target": -1098.4739402231614, "params": {"gamma": 5.411667740203425, "lr": 0.4534353144697316}, "datetime": {"datetime": "2024-06-13 22:59:30", "elapsed": 6.231715, "delta": 0.003989}}
{"target": -2290.5918883328864, "params": {"gamma": 9.67612136622795, "lr": 0.8361762231353584}, "datetime": {"datetime": "2024-06-13 22:59:30", "elapsed": 6.236906, "delta": 0.005191}}
{"target": -468.3875361107182, "params": {"gamma": 2.142255100882632, "lr": 0.43953910215539116}, "datetime": {"datetime": "2024-06-13 22:59:30", "elapsed": 6.241893, "delta": 0.004987}}
{"target": -381.8690379222418, "params": {"gamma": 1.685601239492825, "lr": 0.5290872104552504}, "datetime": {"datetime": "2024-06-13 22:59:30", "elapsed": 6.245882, "delta": 0.003989}}
{"target": -2775.6506338699, "params": {"gamma": 7.935053256996167, "lr": 0.03587914896601674}, "datetime": {"datetime": "2024-06-13 22:59:30", "elapsed": 6.250869, "delta": 0.004987}}
{"target": -504.03391797715756, "params": {"gamma": 1.9143974164796644, "lr": 0.9774555643930162}, "datetime": {"datetime": "2024-06-13 22:59:30", "elapsed": 6.254858, "delta": 0.003989}}
{"target": -1960.3120180593398, "params": {"gamma": 9.608012262900427, "lr": 0.5565916591021018}, "datetime": {"datetime": "2024-06-13 22:59:30", "elapsed": 6.260102, "delta": 0.005244}}
{"target": -1607.887560473262, "params": {"gamma": 6.461261124237896, "lr": 0.27209301429327437}, "datetime": {"datetime": "2024-06-13 22:59:30", "elapsed": 6.265088, "delta": 0.004986}}
{"target": -2099.02441998508, "params": {"gamma": 9.520958766042686, "lr": 0.66977480632724}, "datetime": {"datetime": "2024-06-13 22:59:30", "elapsed": 6.269077, "delta": 0.003989}}
{"target": -2336.1429432935347, "params": {"gamma": 6.6684131433924785, "lr": 0.011103333369922863}, "datetime": {"datetime": "2024-06-13 22:59:30", "elapsed": 6.273067, "delta": 0.00399}}
{"target": -1972.4235033200277, "params": {"gamma": 8.529845528647078, "lr": 0.7783262186802019}, "datetime": {"datetime": "2024-06-13 22:59:30", "elapsed": 6.278054, "delta": 0.004987}}
{"target": -1526.5693956508203, "params": {"gamma": 6.849555045051163, "lr": 0.740781813019585}, "datetime": {"datetime": "2024-06-13 22:59:30", "elapsed": 6.283041, "delta": 0.004987}}
{"target": -377.41675421037064, "params": {"gamma": 1.5665676735591734, "lr": 0.71877505284865}, "datetime": {"datetime": "2024-06-13 22:59:30", "elapsed": 6.288029, "delta": 0.004988}}
{"target": -253.77066530140522, "params": {"gamma": 0.9690872885214075, "lr": 0.7069494480386341}, "datetime": {"datetime": "2024-06-13 22:59:30", "elapsed": 6.292785, "delta": 0.004756}}
{"target": -149.02060879746307, "params": {"gamma": 0.027315329458906884, "lr": 0.7762057874603809}, "datetime": {"datetime": "2024-06-13 22:59:30", "elapsed": 6.298278, "delta": 0.005493}}
{"target": -1508.8896741538474, "params": {"gamma": 4.916080290630613, "lr": 0.20438686629786484}, "datetime": {"datetime": "2024-06-13 22:59:30", "elapsed": 6.303264, "delta": 0.004986}}
{"target": -1638.7847440650853, "params": {"gamma": 7.292736897839507, "lr": 0.3156541317831608}, "datetime": {"datetime": "2024-06-13 22:59:30", "elapsed": 6.307253, "delta": 0.003989}}
{"target": -2933.5358148698497, "params": {"gamma": 8.83829208238512, "lr": 0.18023352523222202}, "datetime": {"datetime": "2024-06-13 22:59:30", "elapsed": 6.312239, "delta": 0.004986}}
{"target": -2373.7254153498457, "params": {"gamma": 9.385567992205967, "lr": 0.9707501480531616}, "datetime": {"datetime": "2024-06-13 22:59:30", "elapsed": 6.317226, "delta": 0.004987}}
{"target": -750.3962322238742, "params": {"gamma": 3.0455479552792557, "lr": 0.8624863997043009}, "datetime": {"datetime": "2024-06-13 22:59:30", "elapsed": 6.321215, "delta": 0.003989}}
{"target": -1754.620418704813, "params": {"gamma": 8.421949009551232, "lr": 0.4246127100946028}, "datetime": {"datetime": "2024-06-13 22:59:30", "elapsed": 6.326204, "delta": 0.004989}}
{"target": -915.7162609783151, "params": {"gamma": 3.637480394119995, "lr": 0.282437473235045}, "datetime": {"datetime": "2024-06-13 22:59:30", "elapsed": 6.331189, "delta": 0.004985}}
{"target": -2459.9077268736087, "params": {"gamma": 9.93237460787099, "lr": 0.25575102695189966}, "datetime": {"datetime": "2024-06-13 22:59:30", "elapsed": 6.336176, "delta": 0.004987}}
{"target": -1917.029403890975, "params": {"gamma": 9.206835301993463, "lr": 0.4283352137597225}, "datetime": {"datetime": "2024-06-13 22:59:30", "elapsed": 6.340165, "delta": 0.003989}}
{"target": -2214.825938161346, "params": {"gamma": 9.354334696401745, "lr": 0.8388448341981828}, "datetime": {"datetime": "2024-06-13 22:59:30", "elapsed": 6.345152, "delta": 0.004987}}
{"target": -354.30536321481134, "params": {"gamma": 1.5586174788295128, "lr": 0.5742833543508832}, "datetime": {"datetime": "2024-06-13 22:59:30", "elapsed": 6.350138, "delta": 0.004986}}
{"target": -1405.7698800022752, "params": {"gamma": 6.7353566438421755, "lr": 0.4058204059990451}, "datetime": {"datetime": "2024-06-13 22:59:30", "elapsed": 6.354127, "delta": 0.003989}}
