{"target": -226.85368017442926, "params": {"p_ai": 2.8891714248604496, "p_al": 7.097447712852041, "p_ex": 3.0561323897351946, "prior": 5.559116755024119, "rate": 9.180773914005606}, "datetime": {"datetime": "2024-06-13 10:49:20", "elapsed": 210.515717, "delta": 0.108219}}
{"target": -176.03736735971393, "params": {"p_ai": 2.479454855440029, "p_al": 1.11930196523077, "p_ex": 5.135894220893158, "prior": 9.137244761986132, "rate": 1.7932038323176576}, "datetime": {"datetime": "2024-06-13 10:49:20", "elapsed": 210.623459, "delta": 0.107742}}
{"target": -219.28191977213245, "params": {"p_ai": 2.5595284250867927, "p_al": 0.3409243101748873, "p_ex": 0.15470207973635725, "prior": 5.422645236796178, "rate": 8.553747523723965}, "datetime": {"datetime": "2024-06-13 10:49:20", "elapsed": 210.730288, "delta": 0.106829}}
{"target": -217.5079316170249, "params": {"p_ai": 4.4657816155356675, "p_al": 2.357135848615219, "p_ex": 9.36540396422141, "prior": 6.192469585732864, "rate": 8.645897035050032}, "datetime": {"datetime": "2024-06-13 10:49:20", "elapsed": 210.837999, "delta": 0.107711}}
{"target": -134.28147050690728, "params": {"p_ai": 1.282005745817034, "p_al": 4.412942570473553, "p_ex": 8.575682143149248, "prior": 8.982037953044289, "rate": 8.772761648279566}, "datetime": {"datetime": "2024-06-13 10:49:20", "elapsed": 210.945529, "delta": 0.10753}}
{"target": -330.3331651325311, "params": {"p_ai": 6.255094516482575, "p_al": 7.581360105825246, "p_ex": 6.755308180003398, "prior": 8.451789636967945, "rate": 6.32484141935293}, "datetime": {"datetime": "2024-06-13 10:49:20", "elapsed": 211.053241, "delta": 0.107712}}
{"target": -279.4348114280185, "params": {"p_ai": 1.7197256280146134, "p_al": 6.505549393951734, "p_ex": 4.553944860862338, "prior": 0.5894475654255449, "rate": 5.3590922745746745}, "datetime": {"datetime": "2024-06-13 10:49:20", "elapsed": 211.159858, "delta": 0.106617}}
{"target": -337.6262162873937, "params": {"p_ai": 4.393482215124105, "p_al": 8.747389417664913, "p_ex": 6.607572295198009, "prior": 2.608620400961451, "rate": 2.1684377884048662}, "datetime": {"datetime": "2024-06-13 10:49:20", "elapsed": 211.266972, "delta": 0.107114}}
{"target": -167.6925944705948, "params": {"p_ai": 0.9741343125990107, "p_al": 4.6919722422118255, "p_ex": 3.49864716108863, "prior": 5.773912930700538, "rate": 0.5703629844543111}, "datetime": {"datetime": "2024-06-13 10:49:21", "elapsed": 211.375681, "delta": 0.108709}}
{"target": -202.21279934794376, "params": {"p_ai": 2.499922353769078, "p_al": 5.1234334402008574, "p_ex": 3.760205919567236, "prior": 6.269392688573962, "rate": 3.732826110384206}, "datetime": {"datetime": "2024-06-13 10:49:21", "elapsed": 211.482396, "delta": 0.106715}}
{"target": -294.19642999939333, "params": {"p_ai": 4.603671029238606, "p_al": 2.3429211183676726, "p_ex": 2.996592129373345, "prior": 1.1537282156041937, "rate": 7.72462135063049}, "datetime": {"datetime": "2024-06-13 10:49:21", "elapsed": 211.589711, "delta": 0.107315}}
{"target": -445.0250864296244, "params": {"p_ai": 7.939035508710159, "p_al": 0.44031459326531047, "p_ex": 1.6104517992516383, "prior": 8.028774521030188, "rate": 9.104856994771925}, "datetime": {"datetime": "2024-06-13 10:49:21", "elapsed": 211.6981, "delta": 0.108389}}
{"target": -266.7108122737551, "params": {"p_ai": 3.6925387525356554, "p_al": 6.753429509418871, "p_ex": 1.900747060859965, "prior": 8.712451966416536, "rate": 8.247238520857891}, "datetime": {"datetime": "2024-06-13 10:49:21", "elapsed": 211.804937, "delta": 0.106837}}
{"target": -169.37584689064576, "params": {"p_ai": 2.5008789009692247, "p_al": 5.928901706805605, "p_ex": 7.3578939279952476, "prior": 8.838553387439257, "rate": 4.677811991869022}, "datetime": {"datetime": "2024-06-13 10:49:21", "elapsed": 211.920631, "delta": 0.115694}}
{"target": -153.90639416345562, "params": {"p_ai": 1.3470733481294213, "p_al": 1.094841814191649, "p_ex": 5.297243675558832, "prior": 0.49383643442013075, "rate": 6.209338226934207}, "datetime": {"datetime": "2024-06-13 10:49:21", "elapsed": 212.028995, "delta": 0.108364}}
{"target": -148.97430103021392, "params": {"p_ai": 0.3342487213443545, "p_al": 0.2128158500293292, "p_ex": 0.7530176178456772, "prior": 3.6809175726662704, "rate": 3.818141513157325}, "datetime": {"datetime": "2024-06-13 10:49:21", "elapsed": 212.136897, "delta": 0.107902}}
{"target": -393.11737032587433, "params": {"p_ai": 7.669934398787617, "p_al": 8.459621377194617, "p_ex": 7.272280709633233, "prior": 8.844447408912934, "rate": 5.749449999119452}, "datetime": {"datetime": "2024-06-13 10:49:21", "elapsed": 212.244449, "delta": 0.107552}}
{"target": -522.3152985828744, "params": {"p_ai": 9.398903366834306, "p_al": 9.06798682019018, "p_ex": 4.48492000028398, "prior": 4.797781289050013, "rate": 8.566736123057751}, "datetime": {"datetime": "2024-06-13 10:49:22", "elapsed": 212.352821, "delta": 0.108372}}
{"target": -407.09742845257637, "params": {"p_ai": 3.984662715258157, "p_al": 9.420055749190025, "p_ex": 2.933826269617242, "prior": 2.590815299665099, "rate": 1.0901714124352648}, "datetime": {"datetime": "2024-06-13 10:49:22", "elapsed": 212.461069, "delta": 0.108248}}
{"target": -175.05881768085393, "params": {"p_ai": 2.471187095298555, "p_al": 5.3779986604796, "p_ex": 9.802393583495558, "prior": 2.0780894529072613, "rate": 5.470652839172488}, "datetime": {"datetime": "2024-06-13 10:49:22", "elapsed": 212.569258, "delta": 0.108189}}
{"target": -515.2642848853694, "params": {"p_ai": 8.784026964746444, "p_al": 5.897029210758115, "p_ex": 8.352926533735896, "prior": 2.393615931358836, "rate": 0.7317241750859406}, "datetime": {"datetime": "2024-06-13 10:49:22", "elapsed": 212.676284, "delta": 0.107026}}
{"target": -456.37721319714154, "params": {"p_ai": 9.529711071203222, "p_al": 1.12415740911268, "p_ex": 8.024162561181278, "prior": 6.51049956673395, "rate": 8.651276327807269}, "datetime": {"datetime": "2024-06-13 10:49:22", "elapsed": 212.784044, "delta": 0.10776}}
{"target": -295.72611599461044, "params": {"p_ai": 6.297865904193896, "p_al": 2.982484717370885, "p_ex": 9.314887904714922, "prior": 6.923328164237853, "rate": 8.766491081598325}, "datetime": {"datetime": "2024-06-13 10:49:22", "elapsed": 212.890749, "delta": 0.106705}}
{"target": -400.3933667293057, "params": {"p_ai": 8.155107426895412, "p_al": 1.3608872102611669, "p_ex": 6.994424876763647, "prior": 6.810378925463789, "rate": 7.558203771887153}, "datetime": {"datetime": "2024-06-13 10:49:22", "elapsed": 213.000047, "delta": 0.109298}}
{"target": -526.2140017673219, "params": {"p_ai": 7.996706469346298, "p_al": 9.414519270096738, "p_ex": 0.6524073948204284, "prior": 5.086641906303749, "rate": 4.997070133205862}, "datetime": {"datetime": "2024-06-13 10:49:22", "elapsed": 213.108786, "delta": 0.108739}}
{"target": -406.5522510305561, "params": {"p_ai": 7.0079414003989475, "p_al": 9.95603813701815, "p_ex": 9.079903831413358, "prior": 2.9695743927041773, "rate": 3.3582093092894074}, "datetime": {"datetime": "2024-06-13 10:49:22", "elapsed": 213.21987, "delta": 0.111084}}
{"target": -462.67903778166135, "params": {"p_ai": 8.201886874036, "p_al": 3.6167752366875074, "p_ex": 3.254424386140797, "prior": 4.447593325863283, "rate": 2.7719288711687775}, "datetime": {"datetime": "2024-06-13 10:49:23", "elapsed": 213.331572, "delta": 0.111702}}
{"target": -440.9524858244514, "params": {"p_ai": 7.490303509857709, "p_al": 4.527305674218615, "p_ex": 1.6400712810933544, "prior": 9.904617162543863, "rate": 3.380634836004196}, "datetime": {"datetime": "2024-06-13 10:49:23", "elapsed": 213.439284, "delta": 0.107712}}
{"target": -202.91796992585145, "params": {"p_ai": 3.0182894374658042, "p_al": 2.2540360879178154, "p_ex": 4.258012506403847, "prior": 6.951510100013808, "rate": 6.024463090968305}, "datetime": {"datetime": "2024-06-13 10:49:23", "elapsed": 213.546997, "delta": 0.107713}}
{"target": -154.4804639911539, "params": {"p_ai": 1.8154277802533894, "p_al": 2.646352911067262, "p_ex": 5.982902835498565, "prior": 8.580609180581801, "rate": 4.129748274092657}, "datetime": {"datetime": "2024-06-13 10:49:23", "elapsed": 213.654322, "delta": 0.107325}}
{"target": -160.70098330146917, "params": {"p_ai": 2.159265882128531, "p_al": 3.234561011888553, "p_ex": 6.9172126440284645, "prior": 7.009786877455434, "rate": 2.234282424435185}, "datetime": {"datetime": "2024-06-13 10:49:23", "elapsed": 213.761136, "delta": 0.106814}}
{"target": -285.80888739386825, "params": {"p_ai": 3.9655599000973614, "p_al": 6.993599747463365, "p_ex": 7.206028835833273, "prior": 1.3060269515928042, "rate": 6.094130941477607}, "datetime": {"datetime": "2024-06-13 10:49:23", "elapsed": 213.867823, "delta": 0.106687}}
{"target": -488.34866898655, "params": {"p_ai": 8.860780604176751, "p_al": 5.824031202572268, "p_ex": 3.072782268537545, "prior": 7.451659090914785, "rate": 9.776990621630928}, "datetime": {"datetime": "2024-06-13 10:49:23", "elapsed": 213.975534, "delta": 0.107711}}
{"target": -581.2733645616919, "params": {"p_ai": 9.04633231716986, "p_al": 8.716160144918383, "p_ex": 0.003922193057461108, "prior": 5.826579941183415, "rate": 2.6279371999932573}, "datetime": {"datetime": "2024-06-13 10:49:23", "elapsed": 214.088741, "delta": 0.113207}}
{"target": -393.33480778099124, "params": {"p_ai": 8.130244891969703, "p_al": 5.23526283745264, "p_ex": 8.939108850131829, "prior": 5.237925787644913, "rate": 8.911460302578277}, "datetime": {"datetime": "2024-06-13 10:49:23", "elapsed": 214.19706, "delta": 0.108319}}
{"target": -246.10302401675554, "params": {"p_ai": 4.497764508230413, "p_al": 5.615436937758651, "p_ex": 8.125032960357574, "prior": 4.032314414262975, "rate": 5.687113316080488}, "datetime": {"datetime": "2024-06-13 10:49:24", "elapsed": 214.327712, "delta": 0.130652}}
{"target": -456.6349147403349, "params": {"p_ai": 8.984714318038437, "p_al": 4.8467417158094594, "p_ex": 5.906300764710574, "prior": 9.363857452858312, "rate": 8.83263271940978}, "datetime": {"datetime": "2024-06-13 10:49:24", "elapsed": 214.434665, "delta": 0.106953}}
{"target": -482.4608878650885, "params": {"p_ai": 7.577434997922026, "p_al": 7.112598718301506, "p_ex": 8.192131754208267, "prior": 1.0617119662258163, "rate": 3.810952160479885}, "datetime": {"datetime": "2024-06-13 10:49:24", "elapsed": 214.542376, "delta": 0.107711}}
{"target": -371.8385804295315, "params": {"p_ai": 5.458359106284024, "p_al": 8.585235455408231, "p_ex": 1.4648771670928944, "prior": 7.140681245430711, "rate": 5.910080443703744}, "datetime": {"datetime": "2024-06-13 10:49:24", "elapsed": 214.658676, "delta": 0.1163}}
{"target": -287.6943276691242, "params": {"p_ai": 6.0875909936487345, "p_al": 3.726815752106986, "p_ex": 9.15830642449183, "prior": 7.13933726242808, "rate": 6.683325835506722}, "datetime": {"datetime": "2024-06-13 10:49:24", "elapsed": 214.777465, "delta": 0.118789}}
{"target": -223.27521498891156, "params": {"p_ai": 2.2154321038106217, "p_al": 8.1289389260247, "p_ex": 4.95904725217079, "prior": 5.084200781464436, "rate": 0.8482490698586993}, "datetime": {"datetime": "2024-06-13 10:49:24", "elapsed": 214.892015, "delta": 0.11455}}
{"target": -308.7666102100112, "params": {"p_ai": 4.373244258236222, "p_al": 8.632149255500682, "p_ex": 6.802683723363489, "prior": 1.8950581131297959, "rate": 5.841148942244931}, "datetime": {"datetime": "2024-06-13 10:49:24", "elapsed": 215.014196, "delta": 0.122181}}
{"target": -461.4277588484119, "params": {"p_ai": 9.440120998803936, "p_al": 5.075095122577021, "p_ex": 9.674056937250327, "prior": 3.663304010988193, "rate": 2.9081982683005547}, "datetime": {"datetime": "2024-06-13 10:49:24", "elapsed": 215.124442, "delta": 0.110246}}
{"target": -502.97971891289853, "params": {"p_ai": 8.398665743541141, "p_al": 8.697381609098198, "p_ex": 2.017460785212376, "prior": 7.194800422731128, "rate": 5.921473523245135}, "datetime": {"datetime": "2024-06-13 10:49:24", "elapsed": 215.230529, "delta": 0.106087}}
{"target": -431.83718762579264, "params": {"p_ai": 8.94522136625385, "p_al": 1.4953085457292612, "p_ex": 7.630508798302322, "prior": 6.89986272904379, "rate": 7.950362828454771}, "datetime": {"datetime": "2024-06-13 10:49:25", "elapsed": 215.336783, "delta": 0.106254}}
{"target": -282.37096683347585, "params": {"p_ai": 4.5334216455871585, "p_al": 2.285080750396072, "p_ex": 2.8612639050635336, "prior": 3.0437248840947517, "rate": 8.402831110698429}, "datetime": {"datetime": "2024-06-13 10:49:25", "elapsed": 215.44247, "delta": 0.105687}}
{"target": -327.1157708161566, "params": {"p_ai": 5.372038987196228, "p_al": 5.636276018949885, "p_ex": 2.8423948482288677, "prior": 8.341748975598378, "rate": 7.049602636525978}, "datetime": {"datetime": "2024-06-13 10:49:25", "elapsed": 215.549184, "delta": 0.106714}}
{"target": -450.4809182722571, "params": {"p_ai": 8.781517473429453, "p_al": 1.3161352297481828, "p_ex": 8.496128765204425, "prior": 0.5220714718378262, "rate": 8.771411721092127}, "datetime": {"datetime": "2024-06-13 10:49:25", "elapsed": 215.656495, "delta": 0.107311}}
{"target": -205.31871914081572, "params": {"p_ai": 2.398175280570108, "p_al": 8.856757888094753, "p_ex": 3.7937200294297595, "prior": 8.429330555103737, "rate": 5.396590617151947}, "datetime": {"datetime": "2024-06-13 10:49:25", "elapsed": 215.762273, "delta": 0.105778}}
{"target": -426.7022847815577, "params": {"p_ai": 5.642190342955606, "p_al": 9.84022894951784, "p_ex": 9.63751153551982, "prior": 1.1441289022704242, "rate": 3.6421150962027857}, "datetime": {"datetime": "2024-06-13 10:49:25", "elapsed": 215.868989, "delta": 0.106716}}
{"target": -223.4087397322433, "params": {"p_ai": 2.506212038324754, "p_al": 4.483507611579368, "p_ex": 1.2644028687416509, "prior": 5.116170822812115, "rate": 8.655956316551622}, "datetime": {"datetime": "2024-06-13 10:49:25", "elapsed": 215.9767, "delta": 0.107711}}
{"target": -235.5278218740764, "params": {"p_ai": 3.524182459137863, "p_al": 1.557248674792178, "p_ex": 3.0733042597656954, "prior": 7.429002665405236, "rate": 0.9136723471660736}, "datetime": {"datetime": "2024-06-13 10:49:25", "elapsed": 216.085409, "delta": 0.108709}}
{"target": -532.2724374189058, "params": {"p_ai": 7.356081525521679, "p_al": 6.139605696996387, "p_ex": 7.4028472256456945, "prior": 0.09148820794806983, "rate": 7.205005956911262}, "datetime": {"datetime": "2024-06-13 10:49:25", "elapsed": 216.192097, "delta": 0.106688}}
{"target": -271.4535443153689, "params": {"p_ai": 3.20652192916414, "p_al": 6.330086992140342, "p_ex": 0.5393129725551014, "prior": 5.564785932218573, "rate": 9.416039732034474}, "datetime": {"datetime": "2024-06-13 10:49:26", "elapsed": 216.299318, "delta": 0.107221}}
{"target": -243.28494404855257, "params": {"p_ai": 3.2015370071173717, "p_al": 5.227843986477157, "p_ex": 4.077705890820247, "prior": 5.69696279590871, "rate": 0.6841180889586145}, "datetime": {"datetime": "2024-06-13 10:49:26", "elapsed": 216.406032, "delta": 0.106714}}
{"target": -284.21226212048134, "params": {"p_ai": 3.619441042802784, "p_al": 5.207068985721982, "p_ex": 0.8491598305113975, "prior": 4.677000648386591, "rate": 7.722524554423631}, "datetime": {"datetime": "2024-06-13 10:49:26", "elapsed": 216.512805, "delta": 0.106773}}
{"target": -339.4932991321542, "params": {"p_ai": 4.4305910985625685, "p_al": 3.9098719950651493, "p_ex": 2.7294917556221026, "prior": 0.519464887551938, "rate": 7.61845485482411}, "datetime": {"datetime": "2024-06-13 10:49:26", "elapsed": 216.619522, "delta": 0.106717}}
{"target": -316.88334564568606, "params": {"p_ai": 4.858303293752173, "p_al": 1.614305665250888, "p_ex": 0.6617195267770156, "prior": 7.57924671380558, "rate": 5.884534108373207}, "datetime": {"datetime": "2024-06-13 10:49:26", "elapsed": 216.727408, "delta": 0.107886}}
{"target": -291.60624598547787, "params": {"p_ai": 5.588089049819353, "p_al": 2.0640425222684375, "p_ex": 5.943811569671102, "prior": 9.342191524625699, "rate": 7.255065057177155}, "datetime": {"datetime": "2024-06-13 10:49:26", "elapsed": 216.833763, "delta": 0.106355}}
{"target": -291.5596861715855, "params": {"p_ai": 5.866398132628953, "p_al": 8.653086394752902, "p_ex": 9.965692892765754, "prior": 8.651215789322743, "rate": 1.792646185609348}, "datetime": {"datetime": "2024-06-13 10:49:26", "elapsed": 216.941407, "delta": 0.107644}}
{"target": -454.00699968400437, "params": {"p_ai": 6.946946260957495, "p_al": 2.963016051488197, "p_ex": 0.5962774150678829, "prior": 1.0813285195441542, "rate": 7.628174982654579}, "datetime": {"datetime": "2024-06-13 10:49:26", "elapsed": 217.048185, "delta": 0.106778}}
{"target": -137.44563056307473, "params": {"p_ai": 0.001, "p_al": 0.001, "p_ex": 10.0, "prior": 10.0, "rate": 0.001}, "datetime": {"datetime": "2024-06-13 10:49:49", "elapsed": 239.652046, "delta": 22.603861}}
{"target": -126.14152505974849, "params": {"p_ai": 0.001, "p_al": 0.001, "p_ex": 10.0, "prior": 10.0, "rate": 10.0}, "datetime": {"datetime": "2024-06-13 10:50:12", "elapsed": 262.303228, "delta": 22.651182}}
{"target": -146.6744234360995, "params": {"p_ai": 0.001, "p_al": 0.001, "p_ex": 10.0, "prior": 0.4003738187833208, "rate": 3.690812335155636}, "datetime": {"datetime": "2024-06-13 10:51:10", "elapsed": 321.276962, "delta": 58.973734}}
{"target": -176.75306175511335, "params": {"p_ai": 0.001, "p_al": 0.001, "p_ex": 10.0, "prior": 0.2298394505820777, "rate": 10.0}, "datetime": {"datetime": "2024-06-13 10:51:33", "elapsed": 343.34674, "delta": 22.069778}}
{"target": -127.89280776242539, "params": {"p_ai": 0.001, "p_al": 0.001, "p_ex": 10.0, "prior": 10.0, "rate": 5.0362192813724995}, "datetime": {"datetime": "2024-06-13 10:51:52", "elapsed": 362.646521, "delta": 19.299781}}
{"target": -138.05673003369046, "params": {"p_ai": 0.001, "p_al": 10.0, "p_ex": 10.0, "prior": 10.0, "rate": 0.001}, "datetime": {"datetime": "2024-06-13 10:52:10", "elapsed": 380.292381, "delta": 17.64586}}
{"target": -133.82910738148001, "params": {"p_ai": 0.001, "p_al": 7.603190422679444, "p_ex": 10.0, "prior": 2.9874062858408137, "rate": 10.0}, "datetime": {"datetime": "2024-06-13 10:52:32", "elapsed": 402.599284, "delta": 22.306903}}
{"target": -146.9610713906248, "params": {"p_ai": 0.001, "p_al": 0.001, "p_ex": 0.001, "prior": 10.0, "rate": 0.001}, "datetime": {"datetime": "2024-06-13 10:52:55", "elapsed": 425.655007, "delta": 23.055723}}
{"target": -146.9656612803268, "params": {"p_ai": 0.001, "p_al": 0.001, "p_ex": 0.001, "prior": 2.7769339329603016, "rate": 0.001}, "datetime": {"datetime": "2024-06-13 10:53:17", "elapsed": 447.683229, "delta": 22.028222}}
{"target": -130.19197724745473, "params": {"p_ai": 0.001, "p_al": 0.001, "p_ex": 4.552584659253971, "prior": 10.0, "rate": 10.0}, "datetime": {"datetime": "2024-06-13 10:53:36", "elapsed": 466.410684, "delta": 18.727455}}
{"target": -126.68815726790142, "params": {"p_ai": 0.001, "p_al": 0.001, "p_ex": 10.0, "prior": 6.245488163717087, "rate": 10.0}, "datetime": {"datetime": "2024-06-13 10:53:53", "elapsed": 483.421034, "delta": 17.01035}}
{"target": -126.96101888341411, "params": {"p_ai": 0.001, "p_al": 0.001, "p_ex": 5.901147984276311, "prior": 5.311055295249024, "rate": 10.0}, "datetime": {"datetime": "2024-06-13 10:54:12", "elapsed": 502.656194, "delta": 19.23516}}
{"target": -133.6380249135499, "params": {"p_ai": 0.001, "p_al": 0.001, "p_ex": 3.532649848672276, "prior": 0.3417330139524168, "rate": 10.0}, "datetime": {"datetime": "2024-06-13 10:54:42", "elapsed": 533.039048, "delta": 30.382854}}
{"target": -134.93996942152265, "params": {"p_ai": 0.001, "p_al": 0.001, "p_ex": 6.233879719148693, "prior": 10.0, "rate": 0.001}, "datetime": {"datetime": "2024-06-13 10:55:02", "elapsed": 552.948032, "delta": 19.908984}}
{"target": -146.95864645324994, "params": {"p_ai": 0.001, "p_al": 0.001, "p_ex": 0.001, "prior": 10.0, "rate": 10.0}, "datetime": {"datetime": "2024-06-13 10:55:25", "elapsed": 576.165124, "delta": 23.217092}}
{"target": -136.48620257977717, "params": {"p_ai": 0.001, "p_al": 10.0, "p_ex": 10.0, "prior": 3.4346385907743335, "rate": 4.803048722460966}, "datetime": {"datetime": "2024-06-13 10:55:51", "elapsed": 601.438243, "delta": 25.273119}}
{"target": -127.46448416700056, "params": {"p_ai": 0.001, "p_al": 10.0, "p_ex": 10.0, "prior": 8.244356563600926, "rate": 10.0}, "datetime": {"datetime": "2024-06-13 10:56:15", "elapsed": 626.061969, "delta": 24.623726}}
{"target": -130.15228537886256, "params": {"p_ai": 0.001, "p_al": 0.001, "p_ex": 5.320288263536283, "prior": 10.0, "rate": 5.439252752493717}, "datetime": {"datetime": "2024-06-13 10:56:53", "elapsed": 663.439869, "delta": 37.3779}}
{"target": -130.38273115803315, "params": {"p_ai": 0.001, "p_al": 0.001, "p_ex": 4.682529042772327, "prior": 1.742097499203598, "rate": 1.4062499635236332}, "datetime": {"datetime": "2024-06-13 10:57:26", "elapsed": 696.665072, "delta": 33.225203}}
{"target": -129.80837834401135, "params": {"p_ai": 0.001, "p_al": 0.001, "p_ex": 6.751551577349993, "prior": 1.869716676088606, "rate": 10.0}, "datetime": {"datetime": "2024-06-13 10:57:54", "elapsed": 724.940048, "delta": 28.274976}}
{"target": -137.44212648160197, "params": {"p_ai": 0.001, "p_al": 0.001, "p_ex": 10.0, "prior": 5.495949995109663, "rate": 0.001}, "datetime": {"datetime": "2024-06-13 10:58:25", "elapsed": 755.886416, "delta": 30.946368}}
{"target": -146.49325945728484, "params": {"p_ai": 0.001, "p_al": 10.0, "p_ex": 10.0, "prior": 5.77379771193719, "rate": 0.001}, "datetime": {"datetime": "2024-06-13 10:58:52", "elapsed": 783.207205, "delta": 27.320789}}
{"target": -131.3503488975659, "params": {"p_ai": 0.001, "p_al": 7.337872456447123, "p_ex": 10.0, "prior": 10.0, "rate": 2.659412252258158}, "datetime": {"datetime": "2024-06-13 10:59:27", "elapsed": 817.628141, "delta": 34.420936}}
{"target": -126.64746027332394, "params": {"p_ai": 0.001, "p_al": 3.4099083337881946, "p_ex": 10.0, "prior": 6.246795004103967, "rate": 10.0}, "datetime": {"datetime": "2024-06-13 10:59:48", "elapsed": 838.485241, "delta": 20.8571}}
