{"target": -556.2442770819024, "params": {"gamma": 6.139097026322785, "lr": 0.3241385298974466}, "datetime": {"datetime": "2024-06-13 19:33:50", "elapsed": 1.209434, "delta": 0.003989}}
{"target": -350.2212757158753, "params": {"gamma": 4.574144456728294, "lr": 0.44411710701661444}, "datetime": {"datetime": "2024-06-13 19:33:50", "elapsed": 1.213423, "delta": 0.003989}}
{"target": -624.7119064898073, "params": {"gamma": 8.281525471954389, "lr": 0.4263481542362306}, "datetime": {"datetime": "2024-06-13 19:33:50", "elapsed": 1.216415, "delta": 0.002992}}
{"target": -285.601584460783, "params": {"gamma": 3.4576425129338477, "lr": 0.6749716048091052}, "datetime": {"datetime": "2024-06-13 19:33:50", "elapsed": 1.219407, "delta": 0.002992}}
{"target": -181.8228184144006, "params": {"gamma": 2.215599075279554, "lr": 0.4672458239265538}, "datetime": {"datetime": "2024-06-13 19:33:50", "elapsed": 1.223397, "delta": 0.00399}}
{"target": -267.51469006062206, "params": {"gamma": 3.1483421075528404, "lr": 0.6268556021628346}, "datetime": {"datetime": "2024-06-13 19:33:50", "elapsed": 1.227386, "delta": 0.003989}}
{"target": -659.0309997870418, "params": {"gamma": 8.773727386473432, "lr": 0.4476890001456285}, "datetime": {"datetime": "2024-06-13 19:33:50", "elapsed": 1.230378, "delta": 0.002992}}
{"target": -590.3400617671356, "params": {"gamma": 7.84478973050044, "lr": 0.4569657005615504}, "datetime": {"datetime": "2024-06-13 19:33:50", "elapsed": 1.234367, "delta": 0.003989}}
{"target": -1076.0534614903547, "params": {"gamma": 6.562637087839597, "lr": 0.13184097502750214}, "datetime": {"datetime": "2024-06-13 19:33:50", "elapsed": 1.23736, "delta": 0.002993}}
{"target": -372.34381027755256, "params": {"gamma": 4.3303820881695145, "lr": 0.9093119886549367}, "datetime": {"datetime": "2024-06-13 19:33:50", "elapsed": 1.241349, "delta": 0.003989}}
{"target": -500.9221822454827, "params": {"gamma": 6.055184531308316, "lr": 0.7667745872371021}, "datetime": {"datetime": "2024-06-13 19:33:50", "elapsed": 1.245338, "delta": 0.003989}}
{"target": -383.99336437571793, "params": {"gamma": 5.047501380350848, "lr": 0.49805562482800747}, "datetime": {"datetime": "2024-06-13 19:33:50", "elapsed": 1.24833, "delta": 0.002992}}
{"target": -1644.9722422704572, "params": {"gamma": 8.429155502088307, "lr": 0.06780693434095375}, "datetime": {"datetime": "2024-06-13 19:33:50", "elapsed": 1.252319, "delta": 0.003989}}
{"target": -491.03647751643155, "params": {"gamma": 5.733149443225297, "lr": 0.9427625754329493}, "datetime": {"datetime": "2024-06-13 19:33:50", "elapsed": 1.255312, "delta": 0.002993}}
{"target": -691.8755101605248, "params": {"gamma": 5.179082621675048, "lr": 0.1944658095278845}, "datetime": {"datetime": "2024-06-13 19:33:50", "elapsed": 1.259301, "delta": 0.003989}}
{"target": -838.3086162978451, "params": {"gamma": 8.479545985042318, "lr": 0.25163914235585283}, "datetime": {"datetime": "2024-06-13 19:33:50", "elapsed": 1.262293, "delta": 0.002992}}
{"target": -542.4407837328763, "params": {"gamma": 7.007559638788898, "lr": 0.5402609403968999}, "datetime": {"datetime": "2024-06-13 19:33:50", "elapsed": 1.266282, "delta": 0.003989}}
{"target": -793.1045850050435, "params": {"gamma": 9.488414046513915, "lr": 0.6243367024026759}, "datetime": {"datetime": "2024-06-13 19:33:50", "elapsed": 1.269274, "delta": 0.002992}}
{"target": -1635.4253595965833, "params": {"gamma": 8.379941642515245, "lr": 0.007932876194523097}, "datetime": {"datetime": "2024-06-13 19:33:50", "elapsed": 1.273263, "delta": 0.003989}}
{"target": -1929.028615664194, "params": {"gamma": 9.893411221610213, "lr": 0.07771457033238649}, "datetime": {"datetime": "2024-06-13 19:33:50", "elapsed": 1.277253, "delta": 0.00399}}
{"target": -279.4467403521982, "params": {"gamma": 3.2219730066340815, "lr": 0.9461523954567653}, "datetime": {"datetime": "2024-06-13 19:33:50", "elapsed": 1.280245, "delta": 0.002992}}
{"target": -126.30491475943548, "params": {"gamma": 0.09038208461007943, "lr": 0.8227300054219355}, "datetime": {"datetime": "2024-06-13 19:33:50", "elapsed": 1.284234, "delta": 0.003989}}
{"target": -640.2323896419699, "params": {"gamma": 8.612255172029577, "lr": 0.4398308142085725}, "datetime": {"datetime": "2024-06-13 19:33:50", "elapsed": 1.288225, "delta": 0.003991}}
{"target": -213.61271107141235, "params": {"gamma": 2.558196192865506, "lr": 0.8026895196332986}, "datetime": {"datetime": "2024-06-13 19:33:50", "elapsed": 1.292214, "delta": 0.003989}}
{"target": -789.2119251740124, "params": {"gamma": 4.77914218231778, "lr": 0.13433860865569613}, "datetime": {"datetime": "2024-06-13 19:33:50", "elapsed": 1.295205, "delta": 0.002991}}
{"target": -773.60973475211, "params": {"gamma": 9.278562079257282, "lr": 0.8959699670066484}, "datetime": {"datetime": "2024-06-13 19:33:50", "elapsed": 1.299223, "delta": 0.004018}}
{"target": -399.08468250561015, "params": {"gamma": 4.915959955019337, "lr": 0.8567024965177922}, "datetime": {"datetime": "2024-06-13 19:33:50", "elapsed": 1.302215, "delta": 0.002992}}
{"target": -343.44968581818875, "params": {"gamma": 4.1863616796152225, "lr": 0.6834649001663011}, "datetime": {"datetime": "2024-06-13 19:33:50", "elapsed": 1.306176, "delta": 0.003961}}
{"target": -313.6497408292243, "params": {"gamma": 3.9805084034398166, "lr": 0.5057420174508104}, "datetime": {"datetime": "2024-06-13 19:33:50", "elapsed": 1.31017, "delta": 0.003994}}
{"target": -171.94478982228551, "params": {"gamma": 1.896327476636439, "lr": 0.9649889241109139}, "datetime": {"datetime": "2024-06-13 19:33:50", "elapsed": 1.313159, "delta": 0.002989}}
{"target": -583.4718325006211, "params": {"gamma": 2.9428626667543027, "lr": 0.10345955611640134}, "datetime": {"datetime": "2024-06-13 19:33:50", "elapsed": 1.317148, "delta": 0.003989}}
{"target": -302.55098215095967, "params": {"gamma": 1.4440096868902519, "lr": 0.014092294192442956}, "datetime": {"datetime": "2024-06-13 19:33:50", "elapsed": 1.321111, "delta": 0.003963}}
{"target": -553.9918312812207, "params": {"gamma": 7.1597410489244835, "lr": 0.5644983202408741}, "datetime": {"datetime": "2024-06-13 19:33:50", "elapsed": 1.324102, "delta": 0.002991}}
{"target": -613.6908305457955, "params": {"gamma": 7.945988933496338, "lr": 0.5070799232841364}, "datetime": {"datetime": "2024-06-13 19:33:50", "elapsed": 1.328092, "delta": 0.00399}}
{"target": -643.0316908163511, "params": {"gamma": 7.918418574002035, "lr": 0.6957642142718394}, "datetime": {"datetime": "2024-06-13 19:33:50", "elapsed": 1.331084, "delta": 0.002992}}
{"target": -588.027353531378, "params": {"gamma": 7.778706920114895, "lr": 0.4064828689770863}, "datetime": {"datetime": "2024-06-13 19:33:50", "elapsed": 1.335073, "delta": 0.003989}}
{"target": -862.3974471186883, "params": {"gamma": 6.478058561241625, "lr": 0.1797942976929744}, "datetime": {"datetime": "2024-06-13 19:33:50", "elapsed": 1.338066, "delta": 0.002993}}
{"target": -436.4037351709018, "params": {"gamma": 3.2188778139156518, "lr": 0.1726046201197925}, "datetime": {"datetime": "2024-06-13 19:33:50", "elapsed": 1.342055, "delta": 0.003989}}
{"target": -661.0914030968081, "params": {"gamma": 4.086963612907611, "lr": 0.2414187479655988}, "datetime": {"datetime": "2024-06-13 19:33:50", "elapsed": 1.346044, "delta": 0.003989}}
{"target": -350.3957905353056, "params": {"gamma": 4.069813019299451, "lr": 0.9752223424373121}, "datetime": {"datetime": "2024-06-13 19:33:50", "elapsed": 1.349036, "delta": 0.002992}}
{"target": -277.9431561404691, "params": {"gamma": 3.2038729388944907, "lr": 0.9824909449748953}, "datetime": {"datetime": "2024-06-13 19:33:50", "elapsed": 1.353025, "delta": 0.003989}}
{"target": -513.5532369756564, "params": {"gamma": 6.363424952433981, "lr": 0.375091018393911}, "datetime": {"datetime": "2024-06-13 19:33:50", "elapsed": 1.357014, "delta": 0.003989}}
{"target": -717.3056917890448, "params": {"gamma": 8.574987506336882, "lr": 0.6195867393685738}, "datetime": {"datetime": "2024-06-13 19:33:50", "elapsed": 1.360006, "delta": 0.002992}}
{"target": -214.97746534563245, "params": {"gamma": 2.521078768228263, "lr": 0.7928556779768876}, "datetime": {"datetime": "2024-06-13 19:33:50", "elapsed": 1.363996, "delta": 0.00399}}
{"target": -356.8569723034592, "params": {"gamma": 4.329952148832897, "lr": 0.3575111673304414}, "datetime": {"datetime": "2024-06-13 19:33:50", "elapsed": 1.366988, "delta": 0.002992}}
{"target": -273.44451540724884, "params": {"gamma": 3.3034390883142843, "lr": 0.6973688756131394}, "datetime": {"datetime": "2024-06-13 19:33:50", "elapsed": 1.370981, "delta": 0.003993}}
{"target": -223.53129618886516, "params": {"gamma": 2.6872325889383593, "lr": 0.8082780137053801}, "datetime": {"datetime": "2024-06-13 19:33:50", "elapsed": 1.374966, "delta": 0.003985}}
{"target": -237.59338129838227, "params": {"gamma": 2.953592655204078, "lr": 0.5441213835853572}, "datetime": {"datetime": "2024-06-13 19:33:50", "elapsed": 1.377958, "delta": 0.002992}}
{"target": -396.18447955675634, "params": {"gamma": 4.879726996560219, "lr": 0.8553564125953698}, "datetime": {"datetime": "2024-06-13 19:33:50", "elapsed": 1.381947, "delta": 0.003989}}
{"target": -1178.6604890559365, "params": {"gamma": 8.883975957519464, "lr": 0.18438444236776674}, "datetime": {"datetime": "2024-06-13 19:33:50", "elapsed": 1.38494, "delta": 0.002993}}
{"target": -489.5699070360279, "params": {"gamma": 5.853899240923573, "lr": 0.8982050460171371}, "datetime": {"datetime": "2024-06-13 19:33:50", "elapsed": 1.388929, "delta": 0.003989}}
{"target": -383.42380852286715, "params": {"gamma": 4.461726073125263, "lr": 0.9218683054838154}, "datetime": {"datetime": "2024-06-13 19:33:50", "elapsed": 1.392919, "delta": 0.00399}}
{"target": -240.65719699558863, "params": {"gamma": 2.790629913679252, "lr": 0.6088311741937957}, "datetime": {"datetime": "2024-06-13 19:33:50", "elapsed": 1.39591, "delta": 0.002991}}
{"target": -1098.2759010217017, "params": {"gamma": 6.824854643958388, "lr": 0.2282057333504841}, "datetime": {"datetime": "2024-06-13 19:33:50", "elapsed": 1.3999, "delta": 0.00399}}
{"target": -126.34722525923584, "params": {"gamma": 0.13866135806461027, "lr": 0.4167239623706961}, "datetime": {"datetime": "2024-06-13 19:33:50", "elapsed": 1.402892, "delta": 0.002992}}
{"target": -747.4791507370419, "params": {"gamma": 9.384880436675484, "lr": 0.34302810983040655}, "datetime": {"datetime": "2024-06-13 19:33:50", "elapsed": 1.406881, "delta": 0.003989}}
{"target": -1035.8358957422213, "params": {"gamma": 7.7976632105305175, "lr": 0.17473631282740743}, "datetime": {"datetime": "2024-06-13 19:33:50", "elapsed": 1.409873, "delta": 0.002992}}
{"target": -492.4559474418958, "params": {"gamma": 3.420186410188222, "lr": 0.14459772083809674}, "datetime": {"datetime": "2024-06-13 19:33:50", "elapsed": 1.413311, "delta": 0.003438}}
{"target": -582.6571912840493, "params": {"gamma": 7.167991370649615, "lr": 0.6993076236968142}, "datetime": {"datetime": "2024-06-13 19:33:50", "elapsed": 1.417301, "delta": 0.00399}}
{"target": -685.3068496673133, "params": {"gamma": 6.88528468217124, "lr": 0.25339603448629966}, "datetime": {"datetime": "2024-06-13 19:33:50", "elapsed": 1.421291, "delta": 0.00399}}
{"target": -1114.1188385747241, "params": {"gamma": 6.923908856112466, "lr": 0.22729754091594956}, "datetime": {"datetime": "2024-06-13 19:33:50", "elapsed": 1.425279, "delta": 0.003988}}
{"target": -350.51091957651744, "params": {"gamma": 4.247066510197466, "lr": 0.37192212166768723}, "datetime": {"datetime": "2024-06-13 19:33:50", "elapsed": 1.428271, "delta": 0.002992}}
{"target": -700.6864553619585, "params": {"gamma": 3.553723808289602, "lr": 0.05765480724125638}, "datetime": {"datetime": "2024-06-13 19:33:50", "elapsed": 1.43226, "delta": 0.003989}}
{"target": -514.2131020322898, "params": {"gamma": 6.316834622032531, "lr": 0.7073166026816995}, "datetime": {"datetime": "2024-06-13 19:33:51", "elapsed": 1.43625, "delta": 0.00399}}
{"target": -510.29883156773315, "params": {"gamma": 6.136273356333854, "lr": 0.6483127561631246}, "datetime": {"datetime": "2024-06-13 19:33:51", "elapsed": 1.439242, "delta": 0.002992}}
{"target": -260.962212694002, "params": {"gamma": 1.7002372014583604, "lr": 0.14944679893886248}, "datetime": {"datetime": "2024-06-13 19:33:51", "elapsed": 1.443232, "delta": 0.00399}}
{"target": -430.67569309437505, "params": {"gamma": 5.142236260215303, "lr": 0.8753327263545391}, "datetime": {"datetime": "2024-06-13 19:33:51", "elapsed": 1.447221, "delta": 0.003989}}
{"target": -157.4806198127849, "params": {"gamma": 1.8403504620306732, "lr": 0.4628391187082599}, "datetime": {"datetime": "2024-06-13 19:33:51", "elapsed": 1.45121, "delta": 0.003989}}
{"target": -328.54141553662225, "params": {"gamma": 4.289894407965, "lr": 0.4972891859195163}, "datetime": {"datetime": "2024-06-13 19:33:51", "elapsed": 1.454203, "delta": 0.002993}}
{"target": -157.61315482280332, "params": {"gamma": 1.6159461940896331, "lr": 0.34244064113481054}, "datetime": {"datetime": "2024-06-13 19:33:51", "elapsed": 1.458192, "delta": 0.003989}}
{"target": -217.68241208751752, "params": {"gamma": 2.6195421606310987, "lr": 0.844526943229479}, "datetime": {"datetime": "2024-06-13 19:33:51", "elapsed": 1.462181, "delta": 0.003989}}
{"target": -604.4284865029621, "params": {"gamma": 8.003522125518241, "lr": 0.4266391582681436}, "datetime": {"datetime": "2024-06-13 19:33:51", "elapsed": 1.465173, "delta": 0.002992}}
{"target": -862.7730234035536, "params": {"gamma": 6.070547592429601, "lr": 0.14546561026621996}, "datetime": {"datetime": "2024-06-13 19:33:51", "elapsed": 1.469162, "delta": 0.003989}}
{"target": -466.38548002405565, "params": {"gamma": 5.096623328881369, "lr": 0.29694708578690454}, "datetime": {"datetime": "2024-06-13 19:33:51", "elapsed": 1.472155, "delta": 0.002993}}
{"target": -697.6106228618711, "params": {"gamma": 8.596649884738442, "lr": 0.6715983809063899}, "datetime": {"datetime": "2024-06-13 19:33:51", "elapsed": 1.476143, "delta": 0.003988}}
{"target": -1199.3061431228766, "params": {"gamma": 6.335106652211588, "lr": 0.12475130006917923}, "datetime": {"datetime": "2024-06-13 19:33:51", "elapsed": 1.480133, "delta": 0.00399}}
{"target": -404.08931635608013, "params": {"gamma": 4.706408207109359, "lr": 0.9865727795868815}, "datetime": {"datetime": "2024-06-13 19:33:51", "elapsed": 1.483125, "delta": 0.002992}}
{"target": -784.56198985012, "params": {"gamma": 9.483043441552578, "lr": 0.6450856402604436}, "datetime": {"datetime": "2024-06-13 19:33:51", "elapsed": 1.487116, "delta": 0.003991}}
{"target": -143.1070687637618, "params": {"gamma": 1.5180969854487043, "lr": 0.639126848719905}, "datetime": {"datetime": "2024-06-13 19:33:51", "elapsed": 1.491104, "delta": 0.003988}}
{"target": -428.82413322950504, "params": {"gamma": 5.657055463326731, "lr": 0.468665837661252}, "datetime": {"datetime": "2024-06-13 19:33:51", "elapsed": 1.494096, "delta": 0.002992}}
{"target": -342.3007730283935, "params": {"gamma": 4.280946657213234, "lr": 0.5992697556580301}, "datetime": {"datetime": "2024-06-13 19:33:51", "elapsed": 1.498085, "delta": 0.003989}}
{"target": -701.1973340026187, "params": {"gamma": 8.499848915271139, "lr": 0.7511210403719374}, "datetime": {"datetime": "2024-06-13 19:33:51", "elapsed": 1.501077, "delta": 0.002992}}
{"target": -496.1993524086797, "params": {"gamma": 5.794026042432034, "lr": 0.9247041815360281}, "datetime": {"datetime": "2024-06-13 19:33:51", "elapsed": 1.505067, "delta": 0.00399}}
{"target": -90.47943657867047, "params": {"gamma": 0.6483350944320471, "lr": 0.9913465087318091}, "datetime": {"datetime": "2024-06-13 19:33:51", "elapsed": 1.509056, "delta": 0.003989}}
{"target": -128.86352432268336, "params": {"gamma": 0.5308924321372274, "lr": 0.19949554613856135}, "datetime": {"datetime": "2024-06-13 19:33:51", "elapsed": 1.512048, "delta": 0.002992}}
{"target": -830.7547515982604, "params": {"gamma": 4.228103863783965, "lr": 0.10750887618516769}, "datetime": {"datetime": "2024-06-13 19:33:51", "elapsed": 1.516037, "delta": 0.003989}}
{"target": -1219.8052116194535, "params": {"gamma": 6.2370804395660215, "lr": 0.047992564048867314}, "datetime": {"datetime": "2024-06-13 19:33:51", "elapsed": 1.519029, "delta": 0.002992}}
{"target": -565.148144499574, "params": {"gamma": 2.8469541861884147, "lr": 0.06103668111967109}, "datetime": {"datetime": "2024-06-13 19:33:51", "elapsed": 1.523018, "delta": 0.003989}}
{"target": -571.9993207366289, "params": {"gamma": 7.035489791719707, "lr": 0.668456167589482}, "datetime": {"datetime": "2024-06-13 19:33:51", "elapsed": 1.527007, "delta": 0.003989}}
{"target": -509.891931379724, "params": {"gamma": 3.7864273519127716, "lr": 0.1881942600298212}, "datetime": {"datetime": "2024-06-13 19:33:51", "elapsed": 1.529999, "delta": 0.002992}}
{"target": -599.1949935434359, "params": {"gamma": 7.4703012854704225, "lr": 0.34037929076546725}, "datetime": {"datetime": "2024-06-13 19:33:51", "elapsed": 1.533989, "delta": 0.00399}}
{"target": -598.3560862063581, "params": {"gamma": 7.953216372889023, "lr": 0.4879009391796203}, "datetime": {"datetime": "2024-06-13 19:33:51", "elapsed": 1.536981, "delta": 0.002992}}
{"target": -1029.881055941826, "params": {"gamma": 5.257168774065444, "lr": 0.028490849491567216}, "datetime": {"datetime": "2024-06-13 19:33:51", "elapsed": 1.54097, "delta": 0.003989}}
{"target": -519.6810904704215, "params": {"gamma": 6.442675966770439, "lr": 0.3506565024321674}, "datetime": {"datetime": "2024-06-13 19:33:51", "elapsed": 1.54496, "delta": 0.00399}}
{"target": -191.0228431007522, "params": {"gamma": 2.292821067893365, "lr": 0.4338833762117006}, "datetime": {"datetime": "2024-06-13 19:33:51", "elapsed": 1.547952, "delta": 0.002992}}
{"target": -294.7908659880652, "params": {"gamma": 3.825292105251905, "lr": 0.46978904008636024}, "datetime": {"datetime": "2024-06-13 19:33:51", "elapsed": 1.551941, "delta": 0.003989}}
{"target": -779.242325854698, "params": {"gamma": 9.794854058443883, "lr": 0.36437807036823044}, "datetime": {"datetime": "2024-06-13 19:33:51", "elapsed": 1.554933, "delta": 0.002992}}
{"target": -598.3761617052684, "params": {"gamma": 7.744326923227059, "lr": 0.5527675965498925}, "datetime": {"datetime": "2024-06-13 19:33:51", "elapsed": 1.558923, "delta": 0.00399}}
{"target": -709.2513699675409, "params": {"gamma": 8.891421759985722, "lr": 0.354952851149572}, "datetime": {"datetime": "2024-06-13 19:33:51", "elapsed": 1.562912, "delta": 0.003989}}
{"target": -216.49807341204453, "params": {"gamma": 2.455941283184888, "lr": 0.9110192396569683}, "datetime": {"datetime": "2024-06-13 19:33:51", "elapsed": 1.565904, "delta": 0.002992}}
{"target": -88.6224653529331, "params": {"gamma": 0.43629910331389593, "lr": 0.9507534280610023}, "datetime": {"datetime": "2024-06-13 19:33:51", "elapsed": 1.570892, "delta": 0.004988}}
{"target": -451.8366344739283, "params": {"gamma": 5.5645127497935825, "lr": 0.3763632166870875}, "datetime": {"datetime": "2024-06-13 19:33:51", "elapsed": 1.57488, "delta": 0.003988}}
{"target": -1940.1091496204792, "params": {"gamma": 9.950528171068772, "lr": 0.05836264614763165}, "datetime": {"datetime": "2024-06-13 19:33:51", "elapsed": 1.577872, "delta": 0.002992}}
{"target": -1012.5212010482988, "params": {"gamma": 5.167546891316355, "lr": 0.03109707545554785}, "datetime": {"datetime": "2024-06-13 19:33:51", "elapsed": 1.581861, "delta": 0.003989}}
{"target": -761.8146359303629, "params": {"gamma": 5.712186216123149, "lr": 0.18046850899511557}, "datetime": {"datetime": "2024-06-13 19:33:51", "elapsed": 1.584853, "delta": 0.002992}}
{"target": -539.9759153925498, "params": {"gamma": 6.309961044194965, "lr": 0.9809236757505815}, "datetime": {"datetime": "2024-06-13 19:33:51", "elapsed": 1.588843, "delta": 0.00399}}
{"target": -657.2133093312876, "params": {"gamma": 8.749150609572597, "lr": 0.45183624942087064}, "datetime": {"datetime": "2024-06-13 19:33:51", "elapsed": 1.592832, "delta": 0.003989}}
{"target": -585.2406643078214, "params": {"gamma": 7.084900239647121, "lr": 0.7774687500031893}, "datetime": {"datetime": "2024-06-13 19:33:51", "elapsed": 1.595824, "delta": 0.002992}}
{"target": -386.4911616774456, "params": {"gamma": 4.9489359987414545, "lr": 0.5285334901775651}, "datetime": {"datetime": "2024-06-13 19:33:51", "elapsed": 1.599813, "delta": 0.003989}}
{"target": -150.70137935887342, "params": {"gamma": 1.5086931993235537, "lr": 0.36939992561190627}, "datetime": {"datetime": "2024-06-13 19:33:51", "elapsed": 1.602805, "delta": 0.002992}}
{"target": -132.33139862211058, "params": {"gamma": 1.4230703094747938, "lr": 0.7268937533445626}, "datetime": {"datetime": "2024-06-13 19:33:51", "elapsed": 1.606794, "delta": 0.003989}}
{"target": -363.68585760034983, "params": {"gamma": 4.770652931028231, "lr": 0.44887883670676554}, "datetime": {"datetime": "2024-06-13 19:33:51", "elapsed": 1.610784, "delta": 0.00399}}
{"target": -683.1253818873697, "params": {"gamma": 8.860093713682348, "lr": 0.5276187723115614}, "datetime": {"datetime": "2024-06-13 19:33:51", "elapsed": 1.614773, "delta": 0.003989}}
{"target": -418.0140945594749, "params": {"gamma": 4.091499228336683, "lr": 0.26889202221264585}, "datetime": {"datetime": "2024-06-13 19:33:51", "elapsed": 1.617765, "delta": 0.002992}}
{"target": -106.34549701547041, "params": {"gamma": 0.7210483396625298, "lr": 0.4181361337253158}, "datetime": {"datetime": "2024-06-13 19:33:51", "elapsed": 1.621755, "delta": 0.00399}}
{"target": -120.86109384724945, "params": {"gamma": 0.25850907058342715, "lr": 0.29115394055242805}, "datetime": {"datetime": "2024-06-13 19:33:51", "elapsed": 1.625744, "delta": 0.003989}}
{"target": -431.93202561735797, "params": {"gamma": 5.035591588974117, "lr": 0.9659330650197223}, "datetime": {"datetime": "2024-06-13 19:33:51", "elapsed": 1.628736, "delta": 0.002992}}
