{"target": -300.04860769121694, "params": {"gamma": 3.622798839194582, "prior": 8.091186697583844, "rate": 0.3607736956187603}, "datetime": {"datetime": "2024-06-14 05:06:45", "elapsed": 7.21948, "delta": 0.008948}}
{"target": -257.39848109412765, "params": {"gamma": 3.584594051008626, "prior": 6.41895351934156, "rate": 1.4308980910737081}, "datetime": {"datetime": "2024-06-14 05:06:45", "elapsed": 7.228456, "delta": 0.008976}}
{"target": -564.9057337401526, "params": {"gamma": 8.577528406499894, "prior": 6.491087641906984, "rate": 1.1538189613747907}, "datetime": {"datetime": "2024-06-14 05:06:45", "elapsed": 7.237432, "delta": 0.008976}}
{"target": -164.33072912646674, "params": {"gamma": 2.081766002579473, "prior": 7.48043347440683, "rate": 4.034662876713395}, "datetime": {"datetime": "2024-06-14 05:06:45", "elapsed": 7.247406, "delta": 0.009974}}
{"target": -341.22525706452154, "params": {"gamma": 4.84521613942412, "prior": 8.885805272920003, "rate": 1.3752980526926846}, "datetime": {"datetime": "2024-06-14 05:06:45", "elapsed": 7.256381, "delta": 0.008975}}
{"target": -394.131207177213, "params": {"gamma": 9.64376360106379, "prior": 0.5220338497861409, "rate": 0.9953031322915933}, "datetime": {"datetime": "2024-06-14 05:06:45", "elapsed": 7.265357, "delta": 0.008976}}
{"target": -168.50476242193963, "params": {"gamma": 2.2331610709734946, "prior": 8.08519231437909, "rate": 4.559272200887655}, "datetime": {"datetime": "2024-06-14 05:06:45", "elapsed": 7.274333, "delta": 0.008976}}
{"target": -333.5484157887133, "params": {"gamma": 6.5328581714709335, "prior": 1.8257792614463888, "rate": 1.668052607332356}, "datetime": {"datetime": "2024-06-14 05:06:45", "elapsed": 7.28325, "delta": 0.008917}}
{"target": -296.9544658769285, "params": {"gamma": 5.208962557197339, "prior": 7.428906989274194, "rate": 4.62528217768507}, "datetime": {"datetime": "2024-06-14 05:06:45", "elapsed": 7.293226, "delta": 0.009976}}
{"target": -523.26954658865, "params": {"gamma": 8.696271237126007, "prior": 6.638078153239339, "rate": 2.4916517944308763}, "datetime": {"datetime": "2024-06-14 05:06:45", "elapsed": 7.302202, "delta": 0.008976}}
{"target": -146.55226293889348, "params": {"gamma": 2.3497873058002465, "prior": 3.8030624969839892, "rate": 7.566403946905877}, "datetime": {"datetime": "2024-06-14 05:06:45", "elapsed": 7.311178, "delta": 0.008976}}
{"target": -580.469802258151, "params": {"gamma": 9.379438705433513, "prior": 8.632869393256446, "rate": 2.6168463160365345}, "datetime": {"datetime": "2024-06-14 05:06:45", "elapsed": 7.320154, "delta": 0.008976}}
{"target": -228.5136422129815, "params": {"gamma": 4.12337700085772, "prior": 6.154286584558183, "rate": 5.468797723702268}, "datetime": {"datetime": "2024-06-14 05:06:45", "elapsed": 7.330128, "delta": 0.009974}}
{"target": -183.53115606131448, "params": {"gamma": 3.893360179144248, "prior": 1.1040656911246396, "rate": 7.122735799168159}, "datetime": {"datetime": "2024-06-14 05:06:45", "elapsed": 7.339103, "delta": 0.008975}}
{"target": -128.50391431025383, "params": {"gamma": 0.8822635040904132, "prior": 8.674166550799823, "rate": 8.634620954886014}, "datetime": {"datetime": "2024-06-14 05:06:45", "elapsed": 7.34808, "delta": 0.008977}}
{"target": -321.50529204448935, "params": {"gamma": 7.084799464362212, "prior": 4.915603280696092, "rate": 6.991766507563753}, "datetime": {"datetime": "2024-06-14 05:06:45", "elapsed": 7.357055, "delta": 0.008975}}
{"target": -217.05957833763455, "params": {"gamma": 3.950475613957549, "prior": 7.995210244504152, "rate": 7.864384405716199}, "datetime": {"datetime": "2024-06-14 05:06:45", "elapsed": 7.366032, "delta": 0.008977}}
{"target": -136.98349622179296, "params": {"gamma": 1.5561303101523432, "prior": 3.246393748470918, "rate": 3.4404877846831172}, "datetime": {"datetime": "2024-06-14 05:06:45", "elapsed": 7.376005, "delta": 0.009973}}
{"target": -290.7533835626578, "params": {"gamma": 3.6423388162366046, "prior": 5.709791011210197, "rate": 0.4178327377603575}, "datetime": {"datetime": "2024-06-14 05:06:45", "elapsed": 7.384981, "delta": 0.008976}}
{"target": -281.1821048433515, "params": {"gamma": 6.600037219920028, "prior": 2.09615441466068, "rate": 4.165209099174909}, "datetime": {"datetime": "2024-06-14 05:06:45", "elapsed": 7.394463, "delta": 0.009482}}
{"target": -235.33695414038172, "params": {"gamma": 4.5094756723505, "prior": 3.552395018521695, "rate": 3.8334198209699974}, "datetime": {"datetime": "2024-06-14 05:06:45", "elapsed": 7.403438, "delta": 0.008975}}
{"target": -129.81553236971723, "params": {"gamma": 1.8038803024167458, "prior": 0.7744875682013366, "rate": 5.513015232709581}, "datetime": {"datetime": "2024-06-14 05:06:45", "elapsed": 7.412414, "delta": 0.008976}}
{"target": -274.08078365876753, "params": {"gamma": 5.959073589220895, "prior": 1.5404479132949174, "rate": 2.310186141512919}, "datetime": {"datetime": "2024-06-14 05:06:45", "elapsed": 7.42139, "delta": 0.008976}}
{"target": -225.38967094113218, "params": {"gamma": 2.864484938242287, "prior": 8.324438532353815, "rate": 1.535055990682961}, "datetime": {"datetime": "2024-06-14 05:06:45", "elapsed": 7.430367, "delta": 0.008977}}
{"target": -314.8345622171528, "params": {"gamma": 5.521835936727261, "prior": 5.724583205152705, "rate": 3.434857510993614}, "datetime": {"datetime": "2024-06-14 05:06:45", "elapsed": 7.44034, "delta": 0.009973}}
{"target": -219.6365253515373, "params": {"gamma": 3.5068212758802293, "prior": 9.595208973440103, "rate": 5.533886150645748}, "datetime": {"datetime": "2024-06-14 05:06:45", "elapsed": 7.449316, "delta": 0.008976}}
{"target": -305.75834312271996, "params": {"gamma": 6.527659277808647, "prior": 4.958327152799692, "rate": 6.466853166736234}, "datetime": {"datetime": "2024-06-14 05:06:45", "elapsed": 7.458292, "delta": 0.008976}}
{"target": -258.091192226061, "params": {"gamma": 6.052902604285114, "prior": 1.5372155999089467, "rate": 3.3474706483130476}, "datetime": {"datetime": "2024-06-14 05:06:45", "elapsed": 7.467268, "delta": 0.008976}}
{"target": -205.97078118172, "params": {"gamma": 4.604879500595876, "prior": 1.3654344499032103, "rate": 3.6313701627213772}, "datetime": {"datetime": "2024-06-14 05:06:45", "elapsed": 7.477241, "delta": 0.009973}}
{"target": -178.74247685552425, "params": {"gamma": 2.2821882012949293, "prior": 8.49027576247698, "rate": 3.4153993261329654}, "datetime": {"datetime": "2024-06-14 05:06:45", "elapsed": 7.486501, "delta": 0.00926}}
{"target": -147.1154011738102, "params": {"gamma": 2.268666417341983, "prior": 4.140995888237594, "rate": 6.830957412174848}, "datetime": {"datetime": "2024-06-14 05:06:45", "elapsed": 7.495498, "delta": 0.008997}}
{"target": -119.34439095433717, "params": {"gamma": 0.657154367615287, "prior": 1.889219214669599, "rate": 6.943375082298363}, "datetime": {"datetime": "2024-06-14 05:06:45", "elapsed": 7.505442, "delta": 0.009944}}
{"target": -339.4497528104666, "params": {"gamma": 7.522813791436128, "prior": 6.215767368139672, "rate": 8.792106406805418}, "datetime": {"datetime": "2024-06-14 05:06:45", "elapsed": 7.513985, "delta": 0.008543}}
{"target": -136.80955932245462, "params": {"gamma": 1.6888331005858586, "prior": 7.065122548794142, "rate": 9.172684330641006}, "datetime": {"datetime": "2024-06-14 05:06:45", "elapsed": 7.52296, "delta": 0.008975}}
{"target": -127.68062260420517, "params": {"gamma": 1.508245851371479, "prior": 2.5132633762221936, "rate": 5.467299036335953}, "datetime": {"datetime": "2024-06-14 05:06:45", "elapsed": 7.532933, "delta": 0.009973}}
{"target": -276.2652289006374, "params": {"gamma": 3.441849250422999, "prior": 6.937326899745702, "rate": 0.5766186166326498}, "datetime": {"datetime": "2024-06-14 05:06:45", "elapsed": 7.54191, "delta": 0.008977}}
{"target": -134.6169231897924, "params": {"gamma": 1.6084806590922747, "prior": 7.190759234148253, "rate": 9.706216365641005}, "datetime": {"datetime": "2024-06-14 05:06:45", "elapsed": 7.551883, "delta": 0.009973}}
{"target": -620.9836161252695, "params": {"gamma": 9.295574214746894, "prior": 9.020563234885856, "rate": 1.2783053957220292}, "datetime": {"datetime": "2024-06-14 05:06:45", "elapsed": 7.560859, "delta": 0.008976}}
{"target": -123.12230641534737, "params": {"gamma": 1.4601432517979631, "prior": 0.8154210924672393, "rate": 5.425859791214765}, "datetime": {"datetime": "2024-06-14 05:06:45", "elapsed": 7.569835, "delta": 0.008976}}
{"target": -389.09660891519246, "params": {"gamma": 8.824979242850812, "prior": 5.364739810662196, "rate": 7.817371138674004}, "datetime": {"datetime": "2024-06-14 05:06:45", "elapsed": 7.579809, "delta": 0.009974}}
{"target": -177.447507278927, "params": {"gamma": 1.8853494153257044, "prior": 8.644801475646716, "rate": 1.8750602824827893}, "datetime": {"datetime": "2024-06-14 05:06:45", "elapsed": 7.588787, "delta": 0.008978}}
{"target": -126.91752945934849, "params": {"gamma": 0.548586496539166, "prior": 4.2727610032381715, "rate": 5.551489195654376}, "datetime": {"datetime": "2024-06-14 05:06:45", "elapsed": 7.597763, "delta": 0.008976}}
{"target": -369.73547954031983, "params": {"gamma": 9.707449353204424, "prior": 1.0083629510677956, "rate": 2.7399070142023203}, "datetime": {"datetime": "2024-06-14 05:06:45", "elapsed": 7.607736, "delta": 0.009973}}
{"target": -133.79321955250558, "params": {"gamma": 1.0519655837514126, "prior": 3.9653524037024024, "rate": 2.890821820794509}, "datetime": {"datetime": "2024-06-14 05:06:45", "elapsed": 7.616713, "delta": 0.008977}}
{"target": -222.49565811166153, "params": {"gamma": 5.133490194329599, "prior": 3.547741149332395, "rate": 9.28235195448276}, "datetime": {"datetime": "2024-06-14 05:06:45", "elapsed": 7.625688, "delta": 0.008975}}
{"target": -530.2895068984162, "params": {"gamma": 7.8996880160340215, "prior": 8.624012549278358, "rate": 1.2958799584830156}, "datetime": {"datetime": "2024-06-14 05:06:45", "elapsed": 7.634664, "delta": 0.008976}}
{"target": -235.42376217857407, "params": {"gamma": 5.751126599720151, "prior": 2.2263471052601016, "rate": 8.682517475837448}, "datetime": {"datetime": "2024-06-14 05:06:46", "elapsed": 7.644638, "delta": 0.009974}}
{"target": -134.30653762229886, "params": {"gamma": 0.15117919811248737, "prior": 1.1468677297875165, "rate": 3.761194698397609}, "datetime": {"datetime": "2024-06-14 05:06:46", "elapsed": 7.653614, "delta": 0.008976}}
{"target": -265.83093283067655, "params": {"gamma": 4.021536967025843, "prior": 2.8444788214889583, "rate": 0.9615339246006319}, "datetime": {"datetime": "2024-06-14 05:06:46", "elapsed": 7.66259, "delta": 0.008976}}
{"target": -121.38727631843585, "params": {"gamma": 1.1881853207208233, "prior": 3.2476530630886056, "rate": 9.507977547943128}, "datetime": {"datetime": "2024-06-14 05:06:46", "elapsed": 7.671566, "delta": 0.008976}}
{"target": -174.5457521150553, "params": {"gamma": 2.0748582416284203, "prior": 7.498075178486302, "rate": 2.5826284514108324}, "datetime": {"datetime": "2024-06-14 05:06:46", "elapsed": 7.685529, "delta": 0.013963}}
{"target": -123.38301254833054, "params": {"gamma": 0.37336531585223737, "prior": 0.2589168707539145, "rate": 1.5279066058805837}, "datetime": {"datetime": "2024-06-14 05:06:46", "elapsed": 7.6965, "delta": 0.010971}}
{"target": -245.69452254849554, "params": {"gamma": 4.621379845784425, "prior": 7.58342086562427, "rate": 7.2884205045195944}, "datetime": {"datetime": "2024-06-14 05:06:46", "elapsed": 7.705475, "delta": 0.008975}}
{"target": -183.4591253003639, "params": {"gamma": 3.524542035387884, "prior": 4.843478859752845, "rate": 8.140923460003277}, "datetime": {"datetime": "2024-06-14 05:06:46", "elapsed": 7.715448, "delta": 0.009973}}
{"target": -627.2713260825426, "params": {"gamma": 8.384190660883412, "prior": 3.2671753341380563, "rate": 0.043645919052664246}, "datetime": {"datetime": "2024-06-14 05:06:46", "elapsed": 7.724424, "delta": 0.008976}}
{"target": -138.10320920420463, "params": {"gamma": 0.4702615014191002, "prior": 7.404293038279442, "rate": 2.7270501784440078}, "datetime": {"datetime": "2024-06-14 05:06:46", "elapsed": 7.733401, "delta": 0.008977}}
{"target": -207.60281906082724, "params": {"gamma": 4.815376636054336, "prior": 2.0011095337083287, "rate": 8.471282047905861}, "datetime": {"datetime": "2024-06-14 05:06:46", "elapsed": 7.743377, "delta": 0.009976}}
{"target": -296.1939693181978, "params": {"gamma": 5.034272718755895, "prior": 5.318885739650387, "rate": 2.881507801269463}, "datetime": {"datetime": "2024-06-14 05:06:46", "elapsed": 7.752353, "delta": 0.008976}}
{"target": -243.5148793457013, "params": {"gamma": 5.120480307408566, "prior": 0.1194400892869483, "rate": 2.7736731083917574}, "datetime": {"datetime": "2024-06-14 05:06:46", "elapsed": 7.761329, "delta": 0.008976}}
{"target": -243.04898797798197, "params": {"gamma": 3.488281072400821, "prior": 2.9111137742614566, "rate": 0.8604363235466009}, "datetime": {"datetime": "2024-06-14 05:06:46", "elapsed": 7.771302, "delta": 0.009973}}
{"target": -258.65146803145245, "params": {"gamma": 5.2182903111313514, "prior": 7.9059434203978, "rate": 9.426041757646109}, "datetime": {"datetime": "2024-06-14 05:06:46", "elapsed": 7.781276, "delta": 0.009974}}
{"target": -298.91881956388914, "params": {"gamma": 4.973400631374519, "prior": 5.9781631977188905, "rate": 2.9093085181668954}, "datetime": {"datetime": "2024-06-14 05:06:46", "elapsed": 7.790251, "delta": 0.008975}}
{"target": -123.63889575549997, "params": {"gamma": 1.492445929692968, "prior": 1.4055297382115668, "rate": 7.323875397919708}, "datetime": {"datetime": "2024-06-14 05:06:46", "elapsed": 7.799227, "delta": 0.008976}}
{"target": -301.33088715231014, "params": {"gamma": 7.344959884063995, "prior": 1.8755651647026885, "rate": 4.136190237378143}, "datetime": {"datetime": "2024-06-14 05:06:46", "elapsed": 7.808203, "delta": 0.008976}}
{"target": -243.61238564397945, "params": {"gamma": 5.941849134587504, "prior": 1.3402912672428726, "rate": 7.85390412973879}, "datetime": {"datetime": "2024-06-14 05:06:46", "elapsed": 7.817179, "delta": 0.008976}}
{"target": -302.50177806268255, "params": {"gamma": 6.20030204099907, "prior": 6.190694745933699, "rate": 7.012379711094405}, "datetime": {"datetime": "2024-06-14 05:06:46", "elapsed": 7.826156, "delta": 0.008977}}
{"target": -426.26574897034004, "params": {"gamma": 9.871843637581678, "prior": 5.667705113976064, "rate": 8.644298200721781}, "datetime": {"datetime": "2024-06-14 05:06:46", "elapsed": 7.836129, "delta": 0.009973}}
{"target": -211.61198294915982, "params": {"gamma": 4.187668041896602, "prior": 6.5792465771516, "rate": 9.252686617399803}, "datetime": {"datetime": "2024-06-14 05:06:46", "elapsed": 7.845105, "delta": 0.008976}}
{"target": -282.3040261061173, "params": {"gamma": 6.64184400562511, "prior": 3.1004986918363557, "rate": 6.199836992922438}, "datetime": {"datetime": "2024-06-14 05:06:46", "elapsed": 7.854081, "delta": 0.008976}}
{"target": -180.71041071496302, "params": {"gamma": 3.5138318852615673, "prior": 3.2914300838307535, "rate": 6.102440382404956}, "datetime": {"datetime": "2024-06-14 05:06:46", "elapsed": 7.863057, "delta": 0.008976}}
{"target": -130.44893296166654, "params": {"gamma": 1.6040719966518822, "prior": 4.918715464001758, "rate": 9.456397215578926}, "datetime": {"datetime": "2024-06-14 05:06:46", "elapsed": 7.87303, "delta": 0.009973}}
{"target": -185.237509970726, "params": {"gamma": 3.839758505543401, "prior": 1.9707296731335333, "rate": 4.688920657472168}, "datetime": {"datetime": "2024-06-14 05:06:46", "elapsed": 7.882006, "delta": 0.008976}}
{"target": -413.3845282529829, "params": {"gamma": 8.409237406703872, "prior": 8.442410453690822, "rate": 8.278204591352763}, "datetime": {"datetime": "2024-06-14 05:06:46", "elapsed": 7.890982, "delta": 0.008976}}
{"target": -136.05619643773156, "params": {"gamma": 0.11574365054552785, "prior": 2.7436990682901228, "rate": 9.99875799995505}, "datetime": {"datetime": "2024-06-14 05:06:46", "elapsed": 7.899958, "delta": 0.008976}}
{"target": -126.12527354367381, "params": {"gamma": 1.1977130886476726, "prior": 4.951886011267569, "rate": 7.900471479876251}, "datetime": {"datetime": "2024-06-14 05:06:46", "elapsed": 7.909931, "delta": 0.009973}}
{"target": -136.21791563807392, "params": {"gamma": 1.223016887028468, "prior": 6.657850888843354, "rate": 4.881316374767721}, "datetime": {"datetime": "2024-06-14 05:06:46", "elapsed": 7.918907, "delta": 0.008976}}
{"target": -180.77467021058735, "params": {"gamma": 1.9437055308797813, "prior": 8.798437263168932, "rate": 1.8156924881797458}, "datetime": {"datetime": "2024-06-14 05:06:46", "elapsed": 7.927913, "delta": 0.009006}}
{"target": -341.6164256718533, "params": {"gamma": 6.390889540088459, "prior": 7.434186094159498, "rate": 5.6271661930456895}, "datetime": {"datetime": "2024-06-14 05:06:46", "elapsed": 7.93686, "delta": 0.008947}}
{"target": -261.81281715355874, "params": {"gamma": 6.288786844403314, "prior": 1.2777574265578442, "rate": 3.0810618335582585}, "datetime": {"datetime": "2024-06-14 05:06:46", "elapsed": 7.946834, "delta": 0.009974}}
{"target": -265.0997985954586, "params": {"gamma": 5.870035110089563, "prior": 4.015090791444363, "rate": 6.639796868246575}, "datetime": {"datetime": "2024-06-14 05:06:46", "elapsed": 7.956806, "delta": 0.009972}}
{"target": -320.53654400802515, "params": {"gamma": 8.519694493398179, "prior": 1.9831986841906173, "rate": 9.032823736002479}, "datetime": {"datetime": "2024-06-14 05:06:46", "elapsed": 7.967392, "delta": 0.010586}}
{"target": -229.21217503775637, "params": {"gamma": 3.8323753284605018, "prior": 9.43693087420972, "rate": 6.174205747936627}, "datetime": {"datetime": "2024-06-14 05:06:46", "elapsed": 7.976368, "delta": 0.008976}}
{"target": -385.8779415136958, "params": {"gamma": 7.901165115937855, "prior": 5.1962767408949375, "rate": 5.311915799238696}, "datetime": {"datetime": "2024-06-14 05:06:46", "elapsed": 7.985344, "delta": 0.008976}}
{"target": -166.94032448569254, "params": {"gamma": 3.276611393760953, "prior": 1.3807106015508195, "rate": 3.8388352966923764}, "datetime": {"datetime": "2024-06-14 05:06:46", "elapsed": 7.99432, "delta": 0.008976}}
{"target": -137.2515244042602, "params": {"gamma": 2.1505498314359848, "prior": 0.4253660332309741, "rate": 2.7495934114227696}, "datetime": {"datetime": "2024-06-14 05:06:46", "elapsed": 8.003296, "delta": 0.008976}}
{"target": -190.16922408439237, "params": {"gamma": 1.8065799506159026, "prior": 8.767750118877416, "rate": 0.8132843877516185}, "datetime": {"datetime": "2024-06-14 05:06:46", "elapsed": 8.01327, "delta": 0.009974}}
{"target": -140.15989706049865, "params": {"gamma": 1.8397720952197505, "prior": 7.069903885809709, "rate": 9.192339684311714}, "datetime": {"datetime": "2024-06-14 05:06:46", "elapsed": 8.022245, "delta": 0.008975}}
{"target": -155.88299055384664, "params": {"gamma": 2.515333063867109, "prior": 0.3108812014676776, "rate": 9.605084223078242}, "datetime": {"datetime": "2024-06-14 05:06:46", "elapsed": 8.031221, "delta": 0.008976}}
{"target": -307.7877807386137, "params": {"gamma": 6.8225241840990325, "prior": 3.175560691032173, "rate": 4.724262048710183}, "datetime": {"datetime": "2024-06-14 05:06:46", "elapsed": 8.040764, "delta": 0.009543}}
{"target": -253.89631812521256, "params": {"gamma": 5.992959482913756, "prior": 3.801298863446888, "rate": 8.74500347841515}, "datetime": {"datetime": "2024-06-14 05:06:46", "elapsed": 8.049738, "delta": 0.008974}}
{"target": -442.15391516378105, "params": {"gamma": 7.261999710487967, "prior": 9.547972975779691, "rate": 3.5113041629592687}, "datetime": {"datetime": "2024-06-14 05:06:46", "elapsed": 8.058714, "delta": 0.008976}}
{"target": -421.89919037278514, "params": {"gamma": 9.37180371312909, "prior": 4.843095684834866, "rate": 6.423584063846066}, "datetime": {"datetime": "2024-06-14 05:06:46", "elapsed": 8.067691, "delta": 0.008977}}
{"target": -426.92688389622987, "params": {"gamma": 7.36673540034412, "prior": 8.112445893156233, "rate": 3.963197413459656}, "datetime": {"datetime": "2024-06-14 05:06:46", "elapsed": 8.077664, "delta": 0.009973}}
{"target": -244.3468115495446, "params": {"gamma": 4.480011839169197, "prior": 8.191042558516232, "rate": 7.175854473706459}, "datetime": {"datetime": "2024-06-14 05:06:46", "elapsed": 8.08664, "delta": 0.008976}}
{"target": -615.3993768541336, "params": {"gamma": 9.408551244537064, "prior": 9.798018927036628, "rate": 1.7899544503221003}, "datetime": {"datetime": "2024-06-14 05:06:46", "elapsed": 8.096185, "delta": 0.009545}}
{"target": -155.88365857624603, "params": {"gamma": 2.2799661987157394, "prior": 7.188265828062564, "rate": 7.474079963807781}, "datetime": {"datetime": "2024-06-14 05:06:46", "elapsed": 8.106159, "delta": 0.009974}}
{"target": -385.75993986205344, "params": {"gamma": 6.032192362771022, "prior": 8.785267665792963, "rate": 2.5206526306452743}, "datetime": {"datetime": "2024-06-14 05:06:46", "elapsed": 8.115134, "delta": 0.008975}}
{"target": -211.39913867063808, "params": {"gamma": 3.3955344555736273, "prior": 4.997003796258398, "rate": 3.150955862596707}, "datetime": {"datetime": "2024-06-14 05:06:46", "elapsed": 8.12411, "delta": 0.008976}}
{"target": -346.7563469136087, "params": {"gamma": 5.454845454328703, "prior": 6.856532985049649, "rate": 2.2044486446357947}, "datetime": {"datetime": "2024-06-14 05:06:46", "elapsed": 8.133086, "delta": 0.008976}}
{"target": -312.3285492299902, "params": {"gamma": 4.853889202229838, "prior": 9.930515440611035, "rate": 3.242288870509168}, "datetime": {"datetime": "2024-06-14 05:06:46", "elapsed": 8.14306, "delta": 0.009974}}
{"target": -135.01597957214258, "params": {"gamma": 0.35458383299364826, "prior": 8.19178211991173, "rate": 5.033564529213024}, "datetime": {"datetime": "2024-06-14 05:06:46", "elapsed": 8.152036, "delta": 0.008976}}
