{"target": -306.05488347600345, "params": {"p_ai": 5.570707065746649, "p_al": 3.8618893998999058, "p_ex": 6.87097682961531, "prior": 6.809352847294272, "rate": 1.8202456075422737}, "datetime": {"datetime": "2024-06-13 03:32:39", "elapsed": 160.804766, "delta": 0.114534}}
{"target": -428.09304632664225, "params": {"p_ai": 7.641746500371065, "p_al": 1.6526003053425689, "p_ex": 3.2417494592425355, "prior": 8.702238530429504, "rate": 5.717108934550803}, "datetime": {"datetime": "2024-06-13 03:32:39", "elapsed": 160.916467, "delta": 0.111701}}
{"target": -237.21870471782438, "params": {"p_ai": 2.5667353379030313, "p_al": 9.23932009155619, "p_ex": 6.606113728339876, "prior": 5.545550824057651, "rate": 9.933210616589482}, "datetime": {"datetime": "2024-06-13 03:32:40", "elapsed": 161.030165, "delta": 0.113698}}
{"target": -530.423926443131, "params": {"p_ai": 8.455687753580412, "p_al": 6.772250851531259, "p_ex": 0.8182235485602576, "prior": 3.6450932454243863, "rate": 5.022181600633578}, "datetime": {"datetime": "2024-06-13 03:32:40", "elapsed": 161.141242, "delta": 0.111077}}
{"target": -349.5570258486269, "params": {"p_ai": 6.1769374633694545, "p_al": 6.399141051907529, "p_ex": 7.251423345425811, "prior": 9.102478473258811, "rate": 5.68320259597498}, "datetime": {"datetime": "2024-06-13 03:32:40", "elapsed": 161.253309, "delta": 0.112067}}
{"target": -573.2587558032473, "params": {"p_ai": 9.802709051425852, "p_al": 1.132867148596149, "p_ex": 4.657323807567154, "prior": 1.0176245468442442, "rate": 7.424757290371788}, "datetime": {"datetime": "2024-06-13 03:32:40", "elapsed": 161.365572, "delta": 0.112263}}
{"target": -530.2069172232433, "params": {"p_ai": 8.068449360272416, "p_al": 5.2320457837101975, "p_ex": 4.325879597688983, "prior": 0.6708823978417238, "rate": 5.646563656382959}, "datetime": {"datetime": "2024-06-13 03:32:40", "elapsed": 161.47782, "delta": 0.112248}}
{"target": -186.5852205492074, "params": {"p_ai": 2.549022595029336, "p_al": 0.8242363640196037, "p_ex": 7.337359610523183, "prior": 7.43468597913671, "rate": 3.7114298106728287}, "datetime": {"datetime": "2024-06-13 03:32:40", "elapsed": 161.591516, "delta": 0.113696}}
{"target": -206.70087365939963, "params": {"p_ai": 1.845560863914552, "p_al": 5.129381674275744, "p_ex": 0.9354702702971923, "prior": 7.784640160871572, "rate": 4.760067048122293}, "datetime": {"datetime": "2024-06-13 03:32:40", "elapsed": 161.705211, "delta": 0.113695}}
{"target": -509.4181462829953, "params": {"p_ai": 9.609669775653595, "p_al": 1.0910953604333562, "p_ex": 6.979897988792099, "prior": 8.035812360308835, "rate": 7.269009336494058}, "datetime": {"datetime": "2024-06-13 03:32:40", "elapsed": 161.817813, "delta": 0.112602}}
{"target": -385.0979662802125, "params": {"p_ai": 4.6150821682690095, "p_al": 5.461554103867576, "p_ex": 6.152271588669034, "prior": 0.5919952593190889, "rate": 9.956734917533865}, "datetime": {"datetime": "2024-06-13 03:32:40", "elapsed": 161.934008, "delta": 0.116195}}
{"target": -281.5656810599334, "params": {"p_ai": 2.549821268966647, "p_al": 6.434430472061677, "p_ex": 1.2652046007720967, "prior": 1.679464516635827, "rate": 4.911557570716647}, "datetime": {"datetime": "2024-06-13 03:32:41", "elapsed": 162.044348, "delta": 0.11034}}
{"target": -265.81542179210936, "params": {"p_ai": 2.8857188289562163, "p_al": 5.042897344255423, "p_ex": 1.0227116003946706, "prior": 4.193530323359763, "rate": 2.6867470652735372}, "datetime": {"datetime": "2024-06-13 03:32:41", "elapsed": 162.15306, "delta": 0.108712}}
{"target": -345.92051677441526, "params": {"p_ai": 5.819440487578645, "p_al": 1.7178834329509671, "p_ex": 9.623255002566271, "prior": 5.442570978471566, "rate": 7.019820788358971}, "datetime": {"datetime": "2024-06-13 03:32:41", "elapsed": 162.262311, "delta": 0.109251}}
{"target": -488.6133912458333, "params": {"p_ai": 9.323729947047374, "p_al": 3.454332308812005, "p_ex": 5.157651729646913, "prior": 7.866126970289994, "rate": 0.6950313988201535}, "datetime": {"datetime": "2024-06-13 03:32:41", "elapsed": 162.372111, "delta": 0.1098}}
{"target": -404.25251477805074, "params": {"p_ai": 7.532460476975046, "p_al": 1.1756767278394176, "p_ex": 3.8919114159978747, "prior": 6.97023169596312, "rate": 0.5996583880118789}, "datetime": {"datetime": "2024-06-13 03:32:41", "elapsed": 162.481396, "delta": 0.109285}}
{"target": -562.9652762669419, "params": {"p_ai": 6.650163606858123, "p_al": 9.719171641644328, "p_ex": 2.4949528876446143, "prior": 2.5921151685676955, "rate": 0.8732224909576163}, "datetime": {"datetime": "2024-06-13 03:32:41", "elapsed": 162.591015, "delta": 0.109619}}
{"target": -161.28928648504368, "params": {"p_ai": 0.9311546173432517, "p_al": 3.144738983084279, "p_ex": 8.325478322610477, "prior": 5.124685126834491, "rate": 3.857018291271997}, "datetime": {"datetime": "2024-06-13 03:32:41", "elapsed": 162.699966, "delta": 0.108951}}
{"target": -231.67949546933093, "params": {"p_ai": 1.825860476246027, "p_al": 9.760200540550123, "p_ex": 7.414637711366844, "prior": 3.4022965841828734, "rate": 9.223420470499212}, "datetime": {"datetime": "2024-06-13 03:32:41", "elapsed": 162.809027, "delta": 0.109061}}
{"target": -347.3341929596633, "params": {"p_ai": 5.863722456927596, "p_al": 2.6527101212907347, "p_ex": 4.816182444659119, "prior": 4.344425040422925, "rate": 3.025705323209395}, "datetime": {"datetime": "2024-06-13 03:32:41", "elapsed": 162.918723, "delta": 0.109696}}
{"target": -413.90265345119616, "params": {"p_ai": 6.567963904475069, "p_al": 7.922147393430575, "p_ex": 3.533286895679186, "prior": 4.379301965349058, "rate": 9.63039754689752}, "datetime": {"datetime": "2024-06-13 03:32:42", "elapsed": 163.030425, "delta": 0.111702}}
{"target": -192.14286208915985, "params": {"p_ai": 2.595870119091476, "p_al": 7.1928850233868555, "p_ex": 8.51152805591894, "prior": 7.418586210097494, "rate": 2.1663143590325595}, "datetime": {"datetime": "2024-06-13 03:32:42", "elapsed": 163.143344, "delta": 0.112919}}
{"target": -266.31346601611483, "params": {"p_ai": 4.353639765707252, "p_al": 6.087989214150046, "p_ex": 5.91597437659046, "prior": 9.518904172044687, "rate": 3.584674882177731}, "datetime": {"datetime": "2024-06-13 03:32:42", "elapsed": 163.255303, "delta": 0.111959}}
{"target": -346.60193022659575, "params": {"p_ai": 5.3184013885853965, "p_al": 3.9843758336063404, "p_ex": 6.1476783430983035, "prior": 4.6489963534302525, "rate": 9.554909499707458}, "datetime": {"datetime": "2024-06-13 03:32:42", "elapsed": 163.36761, "delta": 0.112307}}
{"target": -442.36959706622014, "params": {"p_ai": 7.085161850979339, "p_al": 4.98898575822155, "p_ex": 4.9295913692550375, "prior": 2.485717918581682, "rate": 2.154647890609912}, "datetime": {"datetime": "2024-06-13 03:32:42", "elapsed": 163.48143, "delta": 0.11382}}
{"target": -282.9914570756822, "params": {"p_ai": 3.839213345484957, "p_al": 2.6948981495554443, "p_ex": 2.9837535145475824, "prior": 2.15053359947619, "rate": 4.307723323043663}, "datetime": {"datetime": "2024-06-13 03:32:42", "elapsed": 163.59413, "delta": 0.1127}}
{"target": -256.7657739208039, "params": {"p_ai": 2.3742519356894274, "p_al": 4.291053292961831, "p_ex": 7.382547600181749, "prior": 1.9039327426028603, "rate": 9.804812350553577}, "datetime": {"datetime": "2024-06-13 03:32:42", "elapsed": 163.714806, "delta": 0.120676}}
{"target": -240.78020720747074, "params": {"p_ai": 2.510149272471791, "p_al": 0.9201850394391212, "p_ex": 6.622377220843448, "prior": 1.2422326310329728, "rate": 4.585985552074093}, "datetime": {"datetime": "2024-06-13 03:32:42", "elapsed": 163.828331, "delta": 0.113525}}
{"target": -371.5064746420957, "params": {"p_ai": 5.549552121286815, "p_al": 9.122267296699032, "p_ex": 8.40796832527321, "prior": 4.765261881514484, "rate": 8.806117671423612}, "datetime": {"datetime": "2024-06-13 03:32:42", "elapsed": 163.940064, "delta": 0.111733}}
{"target": -443.88470341940393, "params": {"p_ai": 8.135497423493536, "p_al": 1.9471917037767061, "p_ex": 6.724817912877283, "prior": 7.192553425857825, "rate": 6.526073980659255}, "datetime": {"datetime": "2024-06-13 03:32:43", "elapsed": 164.053283, "delta": 0.113219}}
{"target": -303.25262037111895, "params": {"p_ai": 4.057167300283953, "p_al": 0.43706055846466224, "p_ex": 3.790552867999634, "prior": 0.33257894683759875, "rate": 2.4427912670623453}, "datetime": {"datetime": "2024-06-13 03:32:43", "elapsed": 164.166981, "delta": 0.113698}}
{"target": -484.7593252676334, "params": {"p_ai": 8.427994479486472, "p_al": 4.747672284544124, "p_ex": 1.9562151115667903, "prior": 9.33445475081842, "rate": 1.7592635009829212}, "datetime": {"datetime": "2024-06-13 03:32:43", "elapsed": 164.27971, "delta": 0.112729}}
{"target": -426.9454759495916, "params": {"p_ai": 7.102185784940643, "p_al": 2.5223293312259516, "p_ex": 1.2584243859027127, "prior": 4.235788430787851, "rate": 3.069439271607996}, "datetime": {"datetime": "2024-06-13 03:32:43", "elapsed": 164.392557, "delta": 0.112847}}
{"target": -324.6049813632466, "params": {"p_ai": 5.5627939162736055, "p_al": 0.057950088725271263, "p_ex": 4.0193390792164285, "prior": 3.244414864326125, "rate": 2.0895692938485664}, "datetime": {"datetime": "2024-06-13 03:32:43", "elapsed": 164.505256, "delta": 0.112699}}
{"target": -478.66929733165244, "params": {"p_ai": 7.647203244653368, "p_al": 2.158057811143895, "p_ex": 3.672919163743425, "prior": 0.6155566824563551, "rate": 7.990938077660049}, "datetime": {"datetime": "2024-06-13 03:32:43", "elapsed": 164.617956, "delta": 0.1127}}
{"target": -482.471754058447, "params": {"p_ai": 8.577774053116217, "p_al": 9.790052219653413, "p_ex": 9.506482093495103, "prior": 4.8714088622083676, "rate": 2.963844578804496}, "datetime": {"datetime": "2024-06-13 03:32:43", "elapsed": 164.730658, "delta": 0.112702}}
{"target": -460.84963850095386, "params": {"p_ai": 6.941959592334977, "p_al": 7.246334888135901, "p_ex": 8.683682540763046, "prior": 2.0640130834583252, "rate": 3.9901377594360703}, "datetime": {"datetime": "2024-06-13 03:32:43", "elapsed": 164.845298, "delta": 0.11464}}
{"target": -436.13812576354746, "params": {"p_ai": 7.888644250363198, "p_al": 2.227648655419227, "p_ex": 4.82232740498444, "prior": 7.809873960783892, "rate": 6.046992979618699}, "datetime": {"datetime": "2024-06-13 03:32:43", "elapsed": 164.958993, "delta": 0.113695}}
{"target": -222.94054586479214, "params": {"p_ai": 1.991212741788793, "p_al": 4.923909201502932, "p_ex": 9.802765005727752, "prior": 1.9199717037804547, "rate": 2.427832758701525}, "datetime": {"datetime": "2024-06-13 03:32:44", "elapsed": 165.070695, "delta": 0.111702}}
{"target": -258.49359309048043, "params": {"p_ai": 4.155134299366303, "p_al": 7.950636379009953, "p_ex": 8.599370987311648, "prior": 7.688080461729196, "rate": 4.227157523440218}, "datetime": {"datetime": "2024-06-13 03:32:44", "elapsed": 165.183322, "delta": 0.112627}}
{"target": -237.2845981665254, "params": {"p_ai": 2.626669492861092, "p_al": 5.911498217644846, "p_ex": 5.563710236157524, "prior": 3.230864751305254, "rate": 2.4487955235744954}, "datetime": {"datetime": "2024-06-13 03:32:44", "elapsed": 165.296585, "delta": 0.113263}}
{"target": -383.5241239339851, "params": {"p_ai": 6.292076079141393, "p_al": 3.6150392336227193, "p_ex": 4.466163623909623, "prior": 4.237468544878544, "rate": 6.050216734749668}, "datetime": {"datetime": "2024-06-13 03:32:44", "elapsed": 165.409406, "delta": 0.112821}}
{"target": -215.76092509008356, "params": {"p_ai": 0.6720996143698694, "p_al": 4.6483715961135195, "p_ex": 9.363241142865018, "prior": 1.4816917977329311, "rate": 8.81601186201042}, "datetime": {"datetime": "2024-06-13 03:32:44", "elapsed": 165.521108, "delta": 0.111702}}
{"target": -221.73733219953536, "params": {"p_ai": 1.9867116676457621, "p_al": 4.828800929418997, "p_ex": 4.910182450155894, "prior": 2.3487670795262607, "rate": 5.966237893981851}, "datetime": {"datetime": "2024-06-13 03:32:44", "elapsed": 165.633839, "delta": 0.112731}}
{"target": -478.17790442162396, "params": {"p_ai": 8.370755177596735, "p_al": 2.428470066784845, "p_ex": 5.057751716277262, "prior": 4.6844784297828275, "rate": 8.049214381625918}, "datetime": {"datetime": "2024-06-13 03:32:44", "elapsed": 165.746505, "delta": 0.112666}}
{"target": -300.95330011953405, "params": {"p_ai": 4.8551720373679625, "p_al": 0.4808923524723822, "p_ex": 2.989784086816148, "prior": 7.216616729239001, "rate": 5.408084708481691}, "datetime": {"datetime": "2024-06-13 03:32:44", "elapsed": 165.861303, "delta": 0.114798}}
{"target": -612.142577277981, "params": {"p_ai": 7.130408516250978, "p_al": 8.904361093565882, "p_ex": 0.37043952512420786, "prior": 1.6165813179834319, "rate": 2.062616153311377}, "datetime": {"datetime": "2024-06-13 03:32:45", "elapsed": 165.975999, "delta": 0.114696}}
{"target": -343.5292232855195, "params": {"p_ai": 5.482373770995407, "p_al": 6.875285638033866, "p_ex": 3.4239746509233417, "prior": 8.69815134313035, "rate": 8.792097795595758}, "datetime": {"datetime": "2024-06-13 03:32:45", "elapsed": 166.089676, "delta": 0.113677}}
{"target": -389.0911826043415, "params": {"p_ai": 1.9020281611260257, "p_al": 5.318731289606638, "p_ex": 9.89533223269701, "prior": 0.5766681566686965, "rate": 0.8352246167464471}, "datetime": {"datetime": "2024-06-13 03:32:45", "elapsed": 166.203373, "delta": 0.113697}}
{"target": -403.9511800633193, "params": {"p_ai": 4.17687548119399, "p_al": 8.546270166610421, "p_ex": 3.986491570183943, "prior": 0.10047872209267601, "rate": 6.455776471782982}, "datetime": {"datetime": "2024-06-13 03:32:45", "elapsed": 166.345992, "delta": 0.142619}}
{"target": -231.57663309262293, "params": {"p_ai": 2.938740758027726, "p_al": 1.5001546469653306, "p_ex": 1.0787439610589478, "prior": 8.689114300105738, "rate": 0.033649190010560236}, "datetime": {"datetime": "2024-06-13 03:32:45", "elapsed": 166.461487, "delta": 0.115495}}
{"target": -359.3190085376993, "params": {"p_ai": 5.1863463087416415, "p_al": 5.508657930632633, "p_ex": 1.160383142892338, "prior": 2.0012109061146504, "rate": 8.622359909234016}, "datetime": {"datetime": "2024-06-13 03:32:45", "elapsed": 166.592646, "delta": 0.131159}}
{"target": -184.76599981267003, "params": {"p_ai": 1.1706045030374341, "p_al": 8.247211703646046, "p_ex": 1.9317000898235421, "prior": 9.95546289182723, "rate": 4.714645365285202}, "datetime": {"datetime": "2024-06-13 03:32:45", "elapsed": 166.717643, "delta": 0.124997}}
{"target": -351.7064835838936, "params": {"p_ai": 5.47316235739433, "p_al": 0.8236566490081167, "p_ex": 0.5138813084825806, "prior": 2.0750373843877523, "rate": 1.6087283408450508}, "datetime": {"datetime": "2024-06-13 03:32:45", "elapsed": 166.844305, "delta": 0.126662}}
{"target": -295.90644111708025, "params": {"p_ai": 4.5111904649630885, "p_al": 6.299850282915464, "p_ex": 7.263567878118075, "prior": 4.561033003776881, "rate": 3.769926324961166}, "datetime": {"datetime": "2024-06-13 03:32:45", "elapsed": 166.958948, "delta": 0.114643}}
{"target": -177.13023789576022, "params": {"p_ai": 0.6450811413443532, "p_al": 5.3838314013031106, "p_ex": 4.510915596950936, "prior": 4.024173450925323, "rate": 0.739297377549636}, "datetime": {"datetime": "2024-06-13 03:32:46", "elapsed": 167.08461, "delta": 0.125662}}
{"target": -190.97747088475694, "params": {"p_ai": 1.9389589620400425, "p_al": 6.084710003782394, "p_ex": 9.150926960614223, "prior": 6.315562232208938, "rate": 5.777179416959185}, "datetime": {"datetime": "2024-06-13 03:32:46", "elapsed": 167.197384, "delta": 0.112774}}
{"target": -248.06519447845037, "params": {"p_ai": 3.424458668570204, "p_al": 1.3555854633492914, "p_ex": 5.08436213366298, "prior": 6.462997600713831, "rate": 9.67519299616602}, "datetime": {"datetime": "2024-06-13 03:32:46", "elapsed": 167.310381, "delta": 0.112997}}
{"target": -433.0747532775536, "params": {"p_ai": 7.619765598704901, "p_al": 1.8308008482704898, "p_ex": 2.397370725640492, "prior": 9.57009458791186, "rate": 7.580236326081433}, "datetime": {"datetime": "2024-06-13 03:32:46", "elapsed": 167.423272, "delta": 0.112891}}
{"target": -202.74961720214233, "params": {"p_ai": 1.9300095784021698, "p_al": 7.01981330459048, "p_ex": 8.334912290375726, "prior": 4.363068671345741, "rate": 0.09575780663839235}, "datetime": {"datetime": "2024-06-13 03:32:46", "elapsed": 167.535971, "delta": 0.112699}}
{"target": -410.7475149031149, "params": {"p_ai": 6.681434519852933, "p_al": 0.6982839964459406, "p_ex": 2.378790532340036, "prior": 0.9712126349750136, "rate": 8.704808021732656}, "datetime": {"datetime": "2024-06-13 03:32:46", "elapsed": 167.64867, "delta": 0.112699}}
{"target": -451.4663631493214, "params": {"p_ai": 8.34054282055566, "p_al": 2.3523727837850754, "p_ex": 7.544077071128042, "prior": 5.084126551345622, "rate": 4.212130083272633}, "datetime": {"datetime": "2024-06-13 03:32:46", "elapsed": 167.761368, "delta": 0.112698}}
{"target": -213.9344224161439, "params": {"p_ai": 2.1879858666385315, "p_al": 2.2173554367748403, "p_ex": 0.908931616755804, "prior": 2.4889238271796565, "rate": 5.896920756142721}, "datetime": {"datetime": "2024-06-13 03:32:46", "elapsed": 167.874923, "delta": 0.113555}}
{"target": -482.3381138737676, "params": {"p_ai": 8.822265306848173, "p_al": 1.5513240228977372, "p_ex": 2.6195303249388067, "prior": 6.336155320254513, "rate": 1.0128605823073944}, "datetime": {"datetime": "2024-06-13 03:32:47", "elapsed": 167.986626, "delta": 0.111703}}
{"target": -353.6705258487502, "params": {"p_ai": 5.153921282646919, "p_al": 4.46909154508257, "p_ex": 0.5052938192735241, "prior": 7.6579931162870505, "rate": 0.9528564523206144}, "datetime": {"datetime": "2024-06-13 03:32:47", "elapsed": 168.105897, "delta": 0.119271}}
{"target": -293.8565975877243, "params": {"p_ai": 3.3843657437612205, "p_al": 5.790074844308275, "p_ex": 8.508682332431707, "prior": 2.6092797416438254, "rate": 8.103007595133162}, "datetime": {"datetime": "2024-06-13 03:32:47", "elapsed": 168.218599, "delta": 0.112702}}
{"target": -288.3866548819561, "params": {"p_ai": 4.367210182917103, "p_al": 8.27634847928233, "p_ex": 9.215999806660857, "prior": 4.382605484176173, "rate": 2.6213106647344735}, "datetime": {"datetime": "2024-06-13 03:32:47", "elapsed": 168.330301, "delta": 0.111702}}
{"target": -278.07115829534627, "params": {"p_ai": 4.614951273141985, "p_al": 0.9490248493347024, "p_ex": 6.5881187182673475, "prior": 6.323835312579325, "rate": 4.968501963004823}, "datetime": {"datetime": "2024-06-13 03:32:47", "elapsed": 168.445164, "delta": 0.114863}}
{"target": -311.0011883955241, "params": {"p_ai": 4.7020856765161065, "p_al": 1.2859370672436552, "p_ex": 3.344550147403386, "prior": 2.6866939699212384, "rate": 5.358561014717092}, "datetime": {"datetime": "2024-06-13 03:32:47", "elapsed": 168.558832, "delta": 0.113668}}
{"target": -296.84772666626884, "params": {"p_ai": 4.198659544982929, "p_al": 8.360489112107674, "p_ex": 7.012377753383944, "prior": 4.959488359464544, "rate": 5.995609167902584}, "datetime": {"datetime": "2024-06-13 03:32:47", "elapsed": 168.672043, "delta": 0.113211}}
{"target": -227.33062363774758, "params": {"p_ai": 3.967775618698588, "p_al": 2.17528315801882, "p_ex": 7.422640148841071, "prior": 9.226456982114145, "rate": 2.613604563077292}, "datetime": {"datetime": "2024-06-13 03:32:47", "elapsed": 168.784249, "delta": 0.112206}}
{"target": -430.2715687187604, "params": {"p_ai": 6.323284870025931, "p_al": 7.09607452720982, "p_ex": 7.3710671943071, "prior": 2.7029262942568364, "rate": 1.024334263146277}, "datetime": {"datetime": "2024-06-13 03:32:47", "elapsed": 168.898363, "delta": 0.114114}}
{"target": -506.76923079344454, "params": {"p_ai": 7.185838421507484, "p_al": 4.432502126422837, "p_ex": 6.827359618129039, "prior": 0.5852331553316763, "rate": 6.543172400849333}, "datetime": {"datetime": "2024-06-13 03:32:48", "elapsed": 169.016048, "delta": 0.117685}}
{"target": -258.4650373484116, "params": {"p_ai": 2.884487893175923, "p_al": 8.778583385115077, "p_ex": 1.653832432604621, "prior": 4.456248424711869, "rate": 9.691567095079847}, "datetime": {"datetime": "2024-06-13 03:32:48", "elapsed": 169.130741, "delta": 0.114693}}
{"target": -193.00353073179028, "params": {"p_ai": 0.8621946199190262, "p_al": 4.00523582405112, "p_ex": 2.8553005975311763, "prior": 0.8277057437039895, "rate": 7.0980192589693125}, "datetime": {"datetime": "2024-06-13 03:32:48", "elapsed": 169.243569, "delta": 0.112828}}
{"target": -491.58064955134995, "params": {"p_ai": 5.624844106177818, "p_al": 9.88043777704123, "p_ex": 2.2768642495507527, "prior": 1.0475183180092338, "rate": 4.699600102098296}, "datetime": {"datetime": "2024-06-13 03:32:48", "elapsed": 169.35881, "delta": 0.115241}}
{"target": -461.8280645148822, "params": {"p_ai": 7.252886102412543, "p_al": 2.031980046884213, "p_ex": 1.9353061132368568, "prior": 0.16547877208318693, "rate": 6.134148945872518}, "datetime": {"datetime": "2024-06-13 03:32:48", "elapsed": 169.473112, "delta": 0.114302}}
{"target": -448.2878130585555, "params": {"p_ai": 5.867117373471412, "p_al": 4.601979168445047, "p_ex": 7.062314912212693, "prior": 0.5940881024687412, "rate": 6.650141696408433}, "datetime": {"datetime": "2024-06-13 03:32:48", "elapsed": 169.58581, "delta": 0.112698}}
{"target": -180.4819017439138, "params": {"p_ai": 1.8859377873976535, "p_al": 1.3427130043020572, "p_ex": 8.948826097560175, "prior": 6.886089309604159, "rate": 6.348178656416854}, "datetime": {"datetime": "2024-06-13 03:32:48", "elapsed": 169.698509, "delta": 0.112699}}
{"target": -146.92165549816397, "params": {"p_ai": 0.6252493986436388, "p_al": 1.004604058030337, "p_ex": 4.1820213069373615, "prior": 7.761981454491674, "rate": 0.09359866520452383}, "datetime": {"datetime": "2024-06-13 03:32:48", "elapsed": 169.810211, "delta": 0.111702}}
