{"target": -98.35323003313158, "params": {"p_ai": 2.989343133846575, "p_al": 0.001, "p_ex": 10.0, "prior": 6.857074809335852, "rate": 7.453959461087259}, "datetime": {"datetime": "2024-06-13 00:25:01", "elapsed": 646.320244, "delta": 26.464166}}
{"target": -118.59885290141506, "params": {"p_ai": 0.001, "p_al": 0.001, "p_ex": 4.634266970403437, "prior": 1.2544589370993673, "rate": 10.0}, "datetime": {"datetime": "2024-06-13 00:25:20", "elapsed": 665.345807, "delta": 19.025563}}
{"target": -102.19777684625139, "params": {"p_ai": 3.603359896022453, "p_al": 10.0, "p_ex": 10.0, "prior": 10.0, "rate": 4.514317766921021}, "datetime": {"datetime": "2024-06-13 00:25:52", "elapsed": 696.635907, "delta": 31.2901}}
{"target": -119.95271745283102, "params": {"p_ai": 0.001, "p_al": 10.0, "p_ex": 10.0, "prior": 3.2798541762742977, "rate": 6.3957055174817485}, "datetime": {"datetime": "2024-06-13 00:26:19", "elapsed": 724.114546, "delta": 27.478639}}
{"target": -101.42959495526121, "params": {"p_ai": 2.256698471355224, "p_al": 10.0, "p_ex": 6.944795342592874, "prior": 10.0, "rate": 10.0}, "datetime": {"datetime": "2024-06-13 00:26:49", "elapsed": 754.085838, "delta": 29.971292}}
{"target": -100.29322518701238, "params": {"p_ai": 2.013474692296052, "p_al": 3.885333575653114, "p_ex": 10.0, "prior": 6.263048814979944, "rate": 10.0}, "datetime": {"datetime": "2024-06-13 00:27:09", "elapsed": 773.445074, "delta": 19.359236}}
{"target": -106.48546665528303, "params": {"p_ai": 1.9957573705823823, "p_al": 10.0, "p_ex": 10.0, "prior": 3.536858727946779, "rate": 10.0}, "datetime": {"datetime": "2024-06-13 00:27:40", "elapsed": 805.30012, "delta": 31.855046}}
