{"target": -289.86144226321977, "params": {"gamma": 5.310942498517634, "prior": 8.153913136901503, "rate": 3.763565542385325}, "datetime": {"datetime": "2024-06-14 05:32:48", "elapsed": 10.266739, "delta": 0.009627}}
{"target": -293.4624672434949, "params": {"gamma": 4.4582994882209785, "prior": 7.53393534067921, "rate": 0.9843654431052541}, "datetime": {"datetime": "2024-06-14 05:32:48", "elapsed": 10.276712, "delta": 0.009973}}
{"target": -213.52390055035036, "params": {"gamma": 3.6059025236596125, "prior": 5.680691927335912, "rate": 2.3866173738298953}, "datetime": {"datetime": "2024-06-14 05:32:48", "elapsed": 10.286686, "delta": 0.009974}}
{"target": -375.20275904376996, "params": {"gamma": 8.399697763448607, "prior": 7.6819248236704, "rate": 9.655460253343795}, "datetime": {"datetime": "2024-06-14 05:32:48", "elapsed": 10.295662, "delta": 0.008976}}
{"target": -241.07247444214414, "params": {"gamma": 5.230357762062273, "prior": 1.1545941141068716, "rate": 9.366233613591808}, "datetime": {"datetime": "2024-06-14 05:32:48", "elapsed": 10.305635, "delta": 0.009973}}
{"target": -364.29598271437055, "params": {"gamma": 8.342525658973996, "prior": 5.489739793932052, "rate": 8.363186471576656}, "datetime": {"datetime": "2024-06-14 05:32:48", "elapsed": 10.315608, "delta": 0.009973}}
{"target": -429.06640599396013, "params": {"gamma": 8.81702750262007, "prior": 7.783203259932287, "rate": 5.712968516447132}, "datetime": {"datetime": "2024-06-14 05:32:48", "elapsed": 10.324584, "delta": 0.008976}}
{"target": -307.0202831919814, "params": {"gamma": 6.153371915939358, "prior": 8.459467758169252, "rate": 6.222544146503024}, "datetime": {"datetime": "2024-06-14 05:32:48", "elapsed": 10.334558, "delta": 0.009974}}
{"target": -144.60892214940958, "params": {"gamma": 2.0655931119171287, "prior": 6.945735393184301, "rate": 5.320605487023739}, "datetime": {"datetime": "2024-06-14 05:32:48", "elapsed": 10.370462, "delta": 0.035904}}
{"target": -155.72333065581378, "params": {"gamma": 2.633207341942995, "prior": 0.10778676114340056, "rate": 2.3557421152378364}, "datetime": {"datetime": "2024-06-14 05:32:48", "elapsed": 10.380435, "delta": 0.009973}}
{"target": -320.21621403235844, "params": {"gamma": 6.735993413062344, "prior": 8.795369976841354, "rate": 8.307194989836436}, "datetime": {"datetime": "2024-06-14 05:32:48", "elapsed": 10.390409, "delta": 0.009974}}
{"target": -116.93346877698777, "params": {"gamma": 1.0819657484995155, "prior": 0.8041372972760987, "rate": 7.616161526478173}, "datetime": {"datetime": "2024-06-14 05:32:48", "elapsed": 10.40041, "delta": 0.010001}}
{"target": -262.3667216886757, "params": {"gamma": 2.849048887810949, "prior": 2.790850219716551, "rate": 0.021001005783708615}, "datetime": {"datetime": "2024-06-14 05:32:48", "elapsed": 10.409358, "delta": 0.008948}}
{"target": -123.14444638558489, "params": {"gamma": 0.9862915673948899, "prior": 1.442410769184296, "rate": 1.5944427020857364}, "datetime": {"datetime": "2024-06-14 05:32:48", "elapsed": 10.419332, "delta": 0.009974}}
{"target": -224.03821101792155, "params": {"gamma": 4.453690712551038, "prior": 8.159944565765821, "rate": 8.123168855569107}, "datetime": {"datetime": "2024-06-14 05:32:48", "elapsed": 10.429304, "delta": 0.009972}}
{"target": -392.63465659720003, "params": {"gamma": 9.099986227202798, "prior": 4.491561182341304, "rate": 7.087396368942189}, "datetime": {"datetime": "2024-06-14 05:32:48", "elapsed": 10.43828, "delta": 0.008976}}
{"target": -233.40643975457448, "params": {"gamma": 4.883852847086367, "prior": 0.5934413255317578, "rate": 0.8052339082615015}, "datetime": {"datetime": "2024-06-14 05:32:48", "elapsed": 10.448254, "delta": 0.009974}}
{"target": -157.51556525332683, "params": {"gamma": 2.4601774098261746, "prior": 9.818055113367866, "rate": 6.919480375538572}, "datetime": {"datetime": "2024-06-14 05:32:48", "elapsed": 10.458227, "delta": 0.009973}}
{"target": -160.26595625830777, "params": {"gamma": 2.680807810991347, "prior": 7.09200612105803, "rate": 6.6137999976813155}, "datetime": {"datetime": "2024-06-14 05:32:48", "elapsed": 10.4682, "delta": 0.009973}}
{"target": -126.47792905945113, "params": {"gamma": 0.4338583185782008, "prior": 3.6787270879532055, "rate": 7.737506106039536}, "datetime": {"datetime": "2024-06-14 05:32:48", "elapsed": 10.478174, "delta": 0.009974}}
{"target": -124.01744315944352, "params": {"gamma": 0.7861506254262016, "prior": 8.855402756081128, "rate": 9.308752094249328}, "datetime": {"datetime": "2024-06-14 05:32:48", "elapsed": 10.48715, "delta": 0.008976}}
{"target": -360.30678688481976, "params": {"gamma": 8.531002038386509, "prior": 1.2620382805993853, "rate": 5.652169643537417}, "datetime": {"datetime": "2024-06-14 05:32:48", "elapsed": 10.497123, "delta": 0.009973}}
{"target": -449.28237934214474, "params": {"gamma": 7.075891918374401, "prior": 8.89100289040774, "rate": 0.958664516968829}, "datetime": {"datetime": "2024-06-14 05:32:48", "elapsed": 10.506099, "delta": 0.008976}}
{"target": -348.3456781563729, "params": {"gamma": 8.157890074908734, "prior": 2.852361683520942, "rate": 5.923281570273373}, "datetime": {"datetime": "2024-06-14 05:32:48", "elapsed": 10.516072, "delta": 0.009973}}
{"target": -396.19243445012296, "params": {"gamma": 7.198237298029824, "prior": 7.7924895786681345, "rate": 2.947353825139696}, "datetime": {"datetime": "2024-06-14 05:32:48", "elapsed": 10.526046, "delta": 0.009974}}
{"target": -267.5109378829098, "params": {"gamma": 6.074158012949801, "prior": 2.945981454603072, "rate": 9.983169186094411}, "datetime": {"datetime": "2024-06-14 05:32:48", "elapsed": 10.536045, "delta": 0.009999}}
{"target": -347.71065689093507, "params": {"gamma": 8.145241573815564, "prior": 4.198381371066737, "rate": 8.791542714456694}, "datetime": {"datetime": "2024-06-14 05:32:48", "elapsed": 10.545992, "delta": 0.009947}}
{"target": -442.05940309027926, "params": {"gamma": 7.325278649969429, "prior": 9.294594614204785, "rate": 1.7169353317749951}, "datetime": {"datetime": "2024-06-14 05:32:48", "elapsed": 10.554968, "delta": 0.008976}}
{"target": -159.85621626763862, "params": {"gamma": 2.9490552142038204, "prior": 1.0279930931389578, "rate": 3.1804923357554484}, "datetime": {"datetime": "2024-06-14 05:32:48", "elapsed": 10.564942, "delta": 0.009974}}
{"target": -206.12842893138978, "params": {"gamma": 3.812504948851634, "prior": 6.36385414222566, "rate": 4.715727863547479}, "datetime": {"datetime": "2024-06-14 05:32:48", "elapsed": 10.574915, "delta": 0.009973}}
{"target": -363.31230472454985, "params": {"gamma": 7.176972138789694, "prior": 2.7653129816669733, "rate": 1.7313941351026625}, "datetime": {"datetime": "2024-06-14 05:32:48", "elapsed": 10.58489, "delta": 0.009975}}
{"target": -199.42982499363555, "params": {"gamma": 3.7918469051508774, "prior": 4.43700623053576, "rate": 4.221843551590521}, "datetime": {"datetime": "2024-06-14 05:32:48", "elapsed": 10.594862, "delta": 0.009972}}
{"target": -404.629114555969, "params": {"gamma": 9.135783296928588, "prior": 2.7687134816348475, "rate": 3.5210819835488736}, "datetime": {"datetime": "2024-06-14 05:32:48", "elapsed": 10.604835, "delta": 0.009973}}
{"target": -143.3181336110987, "params": {"gamma": 2.1528813919731067, "prior": 3.7820378129023013, "rate": 3.8991640529202587}, "datetime": {"datetime": "2024-06-14 05:32:48", "elapsed": 10.613811, "delta": 0.008976}}
{"target": -280.22468642894233, "params": {"gamma": 5.754695144061634, "prior": 2.855813288362186, "rate": 2.595663592769973}, "datetime": {"datetime": "2024-06-14 05:32:48", "elapsed": 10.623784, "delta": 0.009973}}
{"target": -447.9234827084712, "params": {"gamma": 7.190894889170183, "prior": 9.110769204968191, "rate": 1.2218460988148518}, "datetime": {"datetime": "2024-06-14 05:32:48", "elapsed": 10.633758, "delta": 0.009974}}
{"target": -129.25047643866716, "params": {"gamma": 1.8237074185290985, "prior": 1.4177854842714415, "rate": 6.836393220362168}, "datetime": {"datetime": "2024-06-14 05:32:48", "elapsed": 10.643572, "delta": 0.009814}}
{"target": -161.64806564376877, "params": {"gamma": 2.1408837173038955, "prior": 6.0852588727331, "rate": 2.0175856692950274}, "datetime": {"datetime": "2024-06-14 05:32:48", "elapsed": 10.652548, "delta": 0.008976}}
{"target": -349.1237812582023, "params": {"gamma": 8.177754179737551, "prior": 3.229460609356161, "rate": 6.696498030094077}, "datetime": {"datetime": "2024-06-14 05:32:48", "elapsed": 10.662521, "delta": 0.009973}}
{"target": -129.39422033031963, "params": {"gamma": 1.4881868944628063, "prior": 3.128859926152989, "rate": 2.9731172115714624}, "datetime": {"datetime": "2024-06-14 05:32:48", "elapsed": 10.672494, "delta": 0.009973}}
{"target": -293.1493813586426, "params": {"gamma": 6.3511642455179445, "prior": 6.840717218521033, "rate": 8.452641216391733}, "datetime": {"datetime": "2024-06-14 05:32:48", "elapsed": 10.68147, "delta": 0.008976}}
{"target": -136.43625551252995, "params": {"gamma": 1.8342857207824639, "prior": 7.628254666633741, "rate": 7.119682083391317}, "datetime": {"datetime": "2024-06-14 05:32:48", "elapsed": 10.691444, "delta": 0.009974}}
{"target": -353.8774677987917, "params": {"gamma": 5.575881596860648, "prior": 6.536613564525276, "rate": 0.9008610352239393}, "datetime": {"datetime": "2024-06-14 05:32:48", "elapsed": 10.701239, "delta": 0.009795}}
{"target": -124.84772052899827, "params": {"gamma": 1.4696112814099909, "prior": 4.214160035094695, "rate": 7.1139955123219485}, "datetime": {"datetime": "2024-06-14 05:32:48", "elapsed": 10.711212, "delta": 0.009973}}
{"target": -130.38882033986857, "params": {"gamma": 1.6790438150723197, "prior": 3.950893478320653, "rate": 4.979961592920374}, "datetime": {"datetime": "2024-06-14 05:32:48", "elapsed": 10.720188, "delta": 0.008976}}
{"target": -409.74011970294816, "params": {"gamma": 9.350522223405173, "prior": 0.6464428616796051, "rate": 8.290245901995016}, "datetime": {"datetime": "2024-06-14 05:32:48", "elapsed": 10.730162, "delta": 0.009974}}
{"target": -407.70512742586243, "params": {"gamma": 9.841614299141947, "prior": 2.7459988738469, "rate": 8.90068298043714}, "datetime": {"datetime": "2024-06-14 05:32:48", "elapsed": 10.740135, "delta": 0.009973}}
{"target": -176.79322819333171, "params": {"gamma": 2.9037110876153163, "prior": 8.010174232146655, "rate": 4.599113822624364}, "datetime": {"datetime": "2024-06-14 05:32:48", "elapsed": 10.749111, "delta": 0.008976}}
{"target": -264.309917496854, "params": {"gamma": 5.976488880119824, "prior": 2.443007029974514, "rate": 6.87646200664599}, "datetime": {"datetime": "2024-06-14 05:32:48", "elapsed": 10.759085, "delta": 0.009974}}
{"target": -130.20417154167586, "params": {"gamma": 1.4876999762661907, "prior": 5.640896340117552, "rate": 4.943794976509587}, "datetime": {"datetime": "2024-06-14 05:32:48", "elapsed": 10.769058, "delta": 0.009973}}
{"target": -363.35938342295486, "params": {"gamma": 8.372222753498248, "prior": 4.866538302199957, "rate": 7.847524868907307}, "datetime": {"datetime": "2024-06-14 05:32:48", "elapsed": 10.779032, "delta": 0.009974}}
{"target": -194.7999372954336, "params": {"gamma": 4.003542773051022, "prior": 3.1482687409659618, "rate": 7.872484136639694}, "datetime": {"datetime": "2024-06-14 05:32:48", "elapsed": 10.789005, "delta": 0.009973}}
{"target": -210.37860822291773, "params": {"gamma": 4.185224174850338, "prior": 5.017984006012016, "rate": 5.773647990711966}, "datetime": {"datetime": "2024-06-14 05:32:48", "elapsed": 10.798978, "delta": 0.009973}}
{"target": -404.41375729246863, "params": {"gamma": 8.196837713155396, "prior": 5.8550677488045215, "rate": 4.062022883905419}, "datetime": {"datetime": "2024-06-14 05:32:48", "elapsed": 10.807954, "delta": 0.008976}}
{"target": -129.05900819740808, "params": {"gamma": 1.6067076982639186, "prior": 7.050901918649678, "rate": 8.832444983696695}, "datetime": {"datetime": "2024-06-14 05:32:49", "elapsed": 10.817929, "delta": 0.009975}}
{"target": -119.87354563450405, "params": {"gamma": 1.0846805001536175, "prior": 4.715518360549507, "rate": 9.34542051628517}, "datetime": {"datetime": "2024-06-14 05:32:49", "elapsed": 10.8279, "delta": 0.009971}}
{"target": -363.2133782658089, "params": {"gamma": 5.635528165584233, "prior": 5.4980097896596, "rate": 0.6356920232315505}, "datetime": {"datetime": "2024-06-14 05:32:49", "elapsed": 10.837874, "delta": 0.009974}}
{"target": -323.5763123065974, "params": {"gamma": 5.353466496108746, "prior": 6.579958907817386, "rate": 1.466771864485812}, "datetime": {"datetime": "2024-06-14 05:32:49", "elapsed": 10.847847, "delta": 0.009973}}
{"target": -397.2805662799899, "params": {"gamma": 9.563690911740819, "prior": 2.0418928402390932, "rate": 6.739586009585863}, "datetime": {"datetime": "2024-06-14 05:32:49", "elapsed": 10.856823, "delta": 0.008976}}
{"target": -154.54831576705465, "params": {"gamma": 2.744137192928587, "prior": 1.1734652549355584, "rate": 2.6097471361451294}, "datetime": {"datetime": "2024-06-14 05:32:49", "elapsed": 10.866796, "delta": 0.009973}}
{"target": -197.41261280553397, "params": {"gamma": 3.3421841833472294, "prior": 4.700845584587125, "rate": 2.3443300775714717}, "datetime": {"datetime": "2024-06-14 05:32:49", "elapsed": 10.87677, "delta": 0.009974}}
{"target": -341.4879673551413, "params": {"gamma": 7.27531136269942, "prior": 8.09119191003769, "rate": 7.909964984873447}, "datetime": {"datetime": "2024-06-14 05:32:49", "elapsed": 10.886743, "delta": 0.009973}}
{"target": -350.5129185041351, "params": {"gamma": 7.157769735363946, "prior": 2.7694681369941243, "rate": 2.1053674526157167}, "datetime": {"datetime": "2024-06-14 05:32:49", "elapsed": 10.895719, "delta": 0.008976}}
{"target": -144.13383934437778, "params": {"gamma": 1.092174154085908, "prior": 4.027142903887254, "rate": 0.8735791351201521}, "datetime": {"datetime": "2024-06-14 05:32:49", "elapsed": 10.905479, "delta": 0.00976}}
{"target": -320.96431523658373, "params": {"gamma": 6.554241175168271, "prior": 9.503306252187942, "rate": 7.556577172510941}, "datetime": {"datetime": "2024-06-14 05:32:49", "elapsed": 10.915452, "delta": 0.009973}}
{"target": -117.80326778672571, "params": {"gamma": 1.1698003792568261, "prior": 0.3027643623121794, "rate": 3.349553409033682}, "datetime": {"datetime": "2024-06-14 05:32:49", "elapsed": 10.924428, "delta": 0.008976}}
{"target": -413.31641935026283, "params": {"gamma": 9.928768691433605, "prior": 3.197034304972313, "rate": 7.37534048014249}, "datetime": {"datetime": "2024-06-14 05:32:49", "elapsed": 10.934401, "delta": 0.009973}}
{"target": -361.64593451407245, "params": {"gamma": 7.165577236537339, "prior": 5.768320217183284, "rate": 3.6770929306387004}, "datetime": {"datetime": "2024-06-14 05:32:49", "elapsed": 10.944374, "delta": 0.009973}}
{"target": -193.52265413918423, "params": {"gamma": 2.083448674606851, "prior": 9.801992242791993, "rate": 0.6598718062812502}, "datetime": {"datetime": "2024-06-14 05:32:49", "elapsed": 10.954348, "delta": 0.009974}}
{"target": -142.97524707992903, "params": {"gamma": 2.363041291619063, "prior": 3.1581047580501553, "rate": 9.09512403146957}, "datetime": {"datetime": "2024-06-14 05:32:49", "elapsed": 10.963324, "delta": 0.008976}}
{"target": -363.5781773560058, "params": {"gamma": 7.133979260927965, "prior": 2.727181317356326, "rate": 1.6458485280836919}, "datetime": {"datetime": "2024-06-14 05:32:49", "elapsed": 10.973297, "delta": 0.009973}}
{"target": -578.3293947586182, "params": {"gamma": 8.805093637851785, "prior": 7.958453011075212, "rate": 0.38483593233206737}, "datetime": {"datetime": "2024-06-14 05:32:49", "elapsed": 10.98327, "delta": 0.009973}}
{"target": -423.9559646922811, "params": {"gamma": 8.79312913512225, "prior": 5.9206034775835645, "rate": 4.575914432666735}, "datetime": {"datetime": "2024-06-14 05:32:49", "elapsed": 10.992246, "delta": 0.008976}}
{"target": -296.3699630352013, "params": {"gamma": 6.73884491695568, "prior": 0.49048370550033693, "rate": 3.303881713493146}, "datetime": {"datetime": "2024-06-14 05:32:49", "elapsed": 11.00222, "delta": 0.009974}}
{"target": -129.36227935104938, "params": {"gamma": 0.8813961296757109, "prior": 6.868010901332397, "rate": 3.9807191404477567}, "datetime": {"datetime": "2024-06-14 05:32:49", "elapsed": 11.012193, "delta": 0.009973}}
{"target": -221.9133812063236, "params": {"gamma": 4.790061963647635, "prior": 2.969053058004484, "rate": 7.883156906603142}, "datetime": {"datetime": "2024-06-14 05:32:49", "elapsed": 11.022166, "delta": 0.009973}}
{"target": -125.5602516571071, "params": {"gamma": 0.4660803099952485, "prior": 2.883143899002197, "rate": 5.906368021727022}, "datetime": {"datetime": "2024-06-14 05:32:49", "elapsed": 11.031142, "delta": 0.008976}}
{"target": -356.9030666063093, "params": {"gamma": 7.901544890842957, "prior": 6.055833425528347, "rate": 7.305156197867701}, "datetime": {"datetime": "2024-06-14 05:32:49", "elapsed": 11.041116, "delta": 0.009974}}
{"target": -147.77823905512406, "params": {"gamma": 0.23625562086340346, "prior": 2.623743534154576, "rate": 0.42187550666388557}, "datetime": {"datetime": "2024-06-14 05:32:49", "elapsed": 11.051089, "delta": 0.009973}}
{"target": -379.9391799651512, "params": {"gamma": 5.000623972289424, "prior": 9.892488931793658, "rate": 0.1362915505440842}, "datetime": {"datetime": "2024-06-14 05:32:49", "elapsed": 11.061062, "delta": 0.009973}}
{"target": -228.96339270609272, "params": {"gamma": 4.409349504334219, "prior": 0.14738553924825692, "rate": 6.1292733046741406}, "datetime": {"datetime": "2024-06-14 05:32:49", "elapsed": 11.071071, "delta": 0.010009}}
{"target": -160.16525963953052, "params": {"gamma": 1.8344039025545689, "prior": 7.156143659526229, "rate": 1.5973254712175065}, "datetime": {"datetime": "2024-06-14 05:32:49", "elapsed": 11.081009, "delta": 0.009938}}
{"target": -359.3169599454987, "params": {"gamma": 8.28592797664837, "prior": 2.141163820968893, "rate": 3.522810522045676}, "datetime": {"datetime": "2024-06-14 05:32:49", "elapsed": 11.089985, "delta": 0.008976}}
{"target": -155.249554972625, "params": {"gamma": 2.3065541407607677, "prior": 8.0960764752713, "rate": 4.903209285941475}, "datetime": {"datetime": "2024-06-14 05:32:49", "elapsed": 11.099959, "delta": 0.009974}}
{"target": -366.5450805830944, "params": {"gamma": 8.738461225360355, "prior": 1.3878511297112337, "rate": 4.990082145540017}, "datetime": {"datetime": "2024-06-14 05:32:49", "elapsed": 11.11008, "delta": 0.010121}}
{"target": -385.05327011203997, "params": {"gamma": 7.766359726186858, "prior": 9.813980671032251, "rate": 6.734103924215217}, "datetime": {"datetime": "2024-06-14 05:32:49", "elapsed": 11.119562, "delta": 0.009482}}
{"target": -176.6442945689919, "params": {"gamma": 1.8308287966897505, "prior": 7.621752259925226, "rate": 0.747277516013488}, "datetime": {"datetime": "2024-06-14 05:32:49", "elapsed": 11.129535, "delta": 0.009973}}
{"target": -379.76790403623096, "params": {"gamma": 7.62796186474408, "prior": 8.295370786127524, "rate": 5.592537951402159}, "datetime": {"datetime": "2024-06-14 05:32:49", "elapsed": 11.139511, "delta": 0.009976}}
{"target": -398.79947309927866, "params": {"gamma": 4.927715577252471, "prior": 9.371621484501743, "rate": 0.0019694099260602308}, "datetime": {"datetime": "2024-06-14 05:32:49", "elapsed": 11.148487, "delta": 0.008976}}
{"target": -144.6120313138529, "params": {"gamma": 0.0966593768907281, "prior": 2.5943190891398578, "rate": 5.057258956122923}, "datetime": {"datetime": "2024-06-14 05:32:49", "elapsed": 11.15846, "delta": 0.009973}}
{"target": -271.61101159650434, "params": {"gamma": 5.404626088310402, "prior": 3.775794997844595, "rate": 2.9278210405766725}, "datetime": {"datetime": "2024-06-14 05:32:49", "elapsed": 11.168434, "delta": 0.009974}}
{"target": -154.56393748388172, "params": {"gamma": 2.0244710973929743, "prior": 8.02279075452163, "rate": 3.159913122914842}, "datetime": {"datetime": "2024-06-14 05:32:49", "elapsed": 11.178407, "delta": 0.009973}}
{"target": -252.02108864869658, "params": {"gamma": 4.925187387485644, "prior": 8.131779827869634, "rate": 6.123977065658692}, "datetime": {"datetime": "2024-06-14 05:32:49", "elapsed": 11.187701, "delta": 0.009294}}
{"target": -198.5310455578965, "params": {"gamma": 4.086676353275073, "prior": 1.851351801368232, "rate": 3.977123246381154}, "datetime": {"datetime": "2024-06-14 05:32:49", "elapsed": 11.197674, "delta": 0.009973}}
{"target": -286.99871448323876, "params": {"gamma": 4.852641324647453, "prior": 9.906787466384639, "rate": 2.842666564129935}, "datetime": {"datetime": "2024-06-14 05:32:49", "elapsed": 11.207647, "delta": 0.009973}}
{"target": -132.7267412618265, "params": {"gamma": 1.6572311251158391, "prior": 2.2836975838028972, "rate": 2.115461976224172}, "datetime": {"datetime": "2024-06-14 05:32:49", "elapsed": 11.216624, "delta": 0.008977}}
{"target": -126.92286562769003, "params": {"gamma": 0.761400858057041, "prior": 3.712586214392191, "rate": 2.848055513881634}, "datetime": {"datetime": "2024-06-14 05:32:49", "elapsed": 11.227177, "delta": 0.010553}}
{"target": -545.2010994890829, "params": {"gamma": 8.876000332641663, "prior": 7.824570138568547, "rate": 1.09154050351661}, "datetime": {"datetime": "2024-06-14 05:32:49", "elapsed": 11.236154, "delta": 0.008977}}
{"target": -363.0230099807154, "params": {"gamma": 8.505184450178726, "prior": 1.1850262084006502, "rate": 7.2023572600056704}, "datetime": {"datetime": "2024-06-14 05:32:49", "elapsed": 11.245755, "delta": 0.009601}}
{"target": -261.2699793670419, "params": {"gamma": 5.728670154913063, "prior": 0.9594030042480481, "rate": 9.053375032737591}, "datetime": {"datetime": "2024-06-14 05:32:49", "elapsed": 11.255728, "delta": 0.009973}}
{"target": -466.81507900691884, "params": {"gamma": 8.745790582338879, "prior": 8.454132140483077, "rate": 3.6963039838180336}, "datetime": {"datetime": "2024-06-14 05:32:49", "elapsed": 11.265701, "delta": 0.009973}}
