{"target": -368.4515605224655, "params": {"gamma": 5.618566827974954, "prior": 4.710139830525047, "rate": 1.5828405185913081}, "datetime": {"datetime": "2024-06-14 04:07:38", "elapsed": 13.524191, "delta": 0.009973}}
{"target": -132.1346934204257, "params": {"gamma": 0.46548205758633604, "prior": 4.691938262951814, "rate": 6.54336650017196}, "datetime": {"datetime": "2024-06-14 04:07:38", "elapsed": 13.534165, "delta": 0.009974}}
{"target": -145.4382846173018, "params": {"gamma": 2.1262506191650012, "prior": 4.059501088269441, "rate": 4.976881207213625}, "datetime": {"datetime": "2024-06-14 04:07:38", "elapsed": 13.544138, "delta": 0.009973}}
{"target": -410.14876353914127, "params": {"gamma": 9.549084662565308, "prior": 8.786706772952215, "rate": 8.740622431637016}, "datetime": {"datetime": "2024-06-14 04:07:38", "elapsed": 13.554111, "delta": 0.009973}}
{"target": -672.084075266411, "params": {"gamma": 9.966008787860254, "prior": 7.7571875030905035, "rate": 2.031395720720704}, "datetime": {"datetime": "2024-06-14 04:07:38", "elapsed": 13.564084, "delta": 0.009973}}
{"target": -488.3844194805468, "params": {"gamma": 8.399033519310658, "prior": 1.7458576605066427, "rate": 8.890981709818412}, "datetime": {"datetime": "2024-06-14 04:07:38", "elapsed": 13.574058, "delta": 0.009974}}
{"target": -183.3046965938226, "params": {"gamma": 3.3864593795504314, "prior": 2.950652172676902, "rate": 6.06262377611874}, "datetime": {"datetime": "2024-06-14 04:07:38", "elapsed": 13.584031, "delta": 0.009973}}
{"target": -144.8103373806367, "params": {"gamma": 0.6070548531937172, "prior": 9.080172928574301, "rate": 3.8113259129552914}, "datetime": {"datetime": "2024-06-14 04:07:38", "elapsed": 13.594004, "delta": 0.009973}}
{"target": -348.337764746478, "params": {"gamma": 7.900041725850161, "prior": 7.134419608014303, "rate": 7.0417771519431795}, "datetime": {"datetime": "2024-06-14 04:07:38", "elapsed": 13.603978, "delta": 0.009974}}
{"target": -241.1563022970035, "params": {"gamma": 5.326729042736205, "prior": 4.720087553406988, "rate": 6.454333923418758}, "datetime": {"datetime": "2024-06-14 04:07:38", "elapsed": 13.613951, "delta": 0.009973}}
{"target": -351.0571073134384, "params": {"gamma": 6.916080494254339, "prior": 2.434600133254994, "rate": 7.538328274742676}, "datetime": {"datetime": "2024-06-14 04:07:38", "elapsed": 13.623481, "delta": 0.00953}}
{"target": -419.78482474210296, "params": {"gamma": 9.366235064689338, "prior": 8.169466711621713, "rate": 7.306366078682459}, "datetime": {"datetime": "2024-06-14 04:07:38", "elapsed": 13.633455, "delta": 0.009974}}
{"target": -564.1805211818349, "params": {"gamma": 8.217287677383837, "prior": 0.1688536836406846, "rate": 1.7490656420010366}, "datetime": {"datetime": "2024-06-14 04:07:38", "elapsed": 13.643427, "delta": 0.009972}}
{"target": -180.45695889334968, "params": {"gamma": 3.4204500359621868, "prior": 7.36182952566306, "rate": 9.783754518567227}, "datetime": {"datetime": "2024-06-14 04:07:38", "elapsed": 13.654398, "delta": 0.010971}}
{"target": -321.2898185823768, "params": {"gamma": 7.329045588922614, "prior": 4.842030034998996, "rate": 9.210597067436987}, "datetime": {"datetime": "2024-06-14 04:07:38", "elapsed": 13.664416, "delta": 0.010018}}
{"target": -387.4662433048976, "params": {"gamma": 3.7776137015044906, "prior": 6.452737261640754, "rate": 0.01604319738412774}, "datetime": {"datetime": "2024-06-14 04:07:38", "elapsed": 13.673899, "delta": 0.009483}}
{"target": -137.48030041880568, "params": {"gamma": 1.794416084834932, "prior": 3.0189038120395777, "rate": 3.8705109944468274}, "datetime": {"datetime": "2024-06-14 04:07:38", "elapsed": 13.683872, "delta": 0.009973}}
{"target": -305.93615083236654, "params": {"gamma": 4.598745249224747, "prior": 7.987515713645756, "rate": 2.7991759941470526}, "datetime": {"datetime": "2024-06-14 04:07:38", "elapsed": 13.693846, "delta": 0.009974}}
{"target": -123.84268087976756, "params": {"gamma": 0.8275331899589359, "prior": 5.261564230524021, "rate": 9.81153872947284}, "datetime": {"datetime": "2024-06-14 04:07:38", "elapsed": 13.704816, "delta": 0.01097}}
{"target": -219.97306254592968, "params": {"gamma": 4.00818395641571, "prior": 2.6461917102343175, "rate": 7.763638646345232}, "datetime": {"datetime": "2024-06-14 04:07:38", "elapsed": 13.71479, "delta": 0.009974}}
{"target": -505.00488589859845, "params": {"gamma": 6.156219784190765, "prior": 0.17472852864200794, "rate": 9.862064844626225}, "datetime": {"datetime": "2024-06-14 04:07:38", "elapsed": 13.724763, "delta": 0.009973}}
{"target": -237.81450632372724, "params": {"gamma": 4.889696405678729, "prior": 3.109816521594326, "rate": 6.651105432765965}, "datetime": {"datetime": "2024-06-14 04:07:38", "elapsed": 13.734736, "delta": 0.009973}}
{"target": -163.4797007192584, "params": {"gamma": 2.8563222513640976, "prior": 4.689084919733314, "rate": 6.518558892191261}, "datetime": {"datetime": "2024-06-14 04:07:38", "elapsed": 13.744711, "delta": 0.009975}}
{"target": -126.60673541484742, "params": {"gamma": 1.2196983897335782, "prior": 4.725508951667924, "rate": 7.35232222858189}, "datetime": {"datetime": "2024-06-14 04:07:38", "elapsed": 13.754683, "delta": 0.009972}}
{"target": -743.9989346403285, "params": {"gamma": 9.605219885684939, "prior": 0.3117559709580553, "rate": 8.324959625901556}, "datetime": {"datetime": "2024-06-14 04:07:38", "elapsed": 13.764657, "delta": 0.009974}}
{"target": -410.79923300869774, "params": {"gamma": 9.391521053346748, "prior": 9.859596421590911, "rate": 9.378378518554022}, "datetime": {"datetime": "2024-06-14 04:07:38", "elapsed": 13.77463, "delta": 0.009973}}
{"target": -172.90835310204403, "params": {"gamma": 1.2933848293668193, "prior": 8.871599920049611, "rate": 1.529468431828893}, "datetime": {"datetime": "2024-06-14 04:07:38", "elapsed": 13.784603, "delta": 0.009973}}
{"target": -205.07462779440223, "params": {"gamma": 3.6058030535750842, "prior": 3.6755031909663085, "rate": 2.7985741373137722}, "datetime": {"datetime": "2024-06-14 04:07:38", "elapsed": 13.794577, "delta": 0.009974}}
{"target": -295.1467951023138, "params": {"gamma": 3.548687634297447, "prior": 5.475715491805219, "rate": 0.7860916495607814}, "datetime": {"datetime": "2024-06-14 04:07:38", "elapsed": 13.80455, "delta": 0.009973}}
{"target": -283.60685323645333, "params": {"gamma": 3.7293238414408294, "prior": 5.873866921901378, "rate": 1.3433598503872748}, "datetime": {"datetime": "2024-06-14 04:07:38", "elapsed": 13.814523, "delta": 0.009973}}
{"target": -211.96643780578785, "params": {"gamma": 2.430636464974349, "prior": 3.1965129173207756, "rate": 0.7462639779838585}, "datetime": {"datetime": "2024-06-14 04:07:38", "elapsed": 13.852422, "delta": 0.037899}}
{"target": -335.34106328663177, "params": {"gamma": 8.077100262224654, "prior": 2.7076349809785905, "rate": 4.106599490946104}, "datetime": {"datetime": "2024-06-14 04:07:38", "elapsed": 13.862395, "delta": 0.009973}}
{"target": -264.9886594993102, "params": {"gamma": 4.054723246527664, "prior": 3.1168827992527173, "rate": 1.2782527317471344}, "datetime": {"datetime": "2024-06-14 04:07:38", "elapsed": 13.872369, "delta": 0.009974}}
{"target": -548.3091179315638, "params": {"gamma": 8.935700181344412, "prior": 6.8458089939758615, "rate": 2.669647727792136}, "datetime": {"datetime": "2024-06-14 04:07:38", "elapsed": 13.882342, "delta": 0.009973}}
{"target": -123.13896078156597, "params": {"gamma": 0.9252168378068174, "prior": 1.3226006592467376, "rate": 2.765087577252426}, "datetime": {"datetime": "2024-06-14 04:07:38", "elapsed": 13.892315, "delta": 0.009973}}
{"target": -126.16162807887969, "params": {"gamma": 0.49138574517622646, "prior": 1.536953953174493, "rate": 4.75082044615585}, "datetime": {"datetime": "2024-06-14 04:07:38", "elapsed": 13.902289, "delta": 0.009974}}
{"target": -383.2783721312811, "params": {"gamma": 9.359858045746865, "prior": 4.39728295824498, "rate": 7.091695404396912}, "datetime": {"datetime": "2024-06-14 04:07:38", "elapsed": 13.912262, "delta": 0.009973}}
{"target": -423.1273943488202, "params": {"gamma": 5.703480436122253, "prior": 9.764817437319463, "rate": 1.7829338600348927}, "datetime": {"datetime": "2024-06-14 04:07:38", "elapsed": 13.922235, "delta": 0.009973}}
{"target": -360.2611469996018, "params": {"gamma": 7.391311728201115, "prior": 3.56902627908651, "rate": 9.912129823702113}, "datetime": {"datetime": "2024-06-14 04:07:38", "elapsed": 13.932242, "delta": 0.010007}}
{"target": -195.40520782416786, "params": {"gamma": 3.5287645393308957, "prior": 9.789953507003169, "rate": 8.603854098454429}, "datetime": {"datetime": "2024-06-14 04:07:38", "elapsed": 13.943179, "delta": 0.010937}}
{"target": -353.0313008838061, "params": {"gamma": 5.97776886311117, "prior": 0.3717347713456658, "rate": 1.8561349624416226}, "datetime": {"datetime": "2024-06-14 04:07:38", "elapsed": 13.953153, "delta": 0.009974}}
{"target": -162.41753490308176, "params": {"gamma": 0.5660612431019523, "prior": 7.945371439682299, "rate": 0.7404368885098506}, "datetime": {"datetime": "2024-06-14 04:07:38", "elapsed": 13.963126, "delta": 0.009973}}
{"target": -494.14726112333534, "params": {"gamma": 7.864807897266238, "prior": 0.37672330549397026, "rate": 2.552807324311116}, "datetime": {"datetime": "2024-06-14 04:07:38", "elapsed": 13.973099, "delta": 0.009973}}
{"target": -173.21862316287567, "params": {"gamma": 2.9765362830187123, "prior": 5.689604254646701, "rate": 5.621050378621821}, "datetime": {"datetime": "2024-06-14 04:07:38", "elapsed": 13.983072, "delta": 0.009973}}
{"target": -605.0507162762766, "params": {"gamma": 8.874122245059352, "prior": 6.41003665642897, "rate": 1.615458841587833}, "datetime": {"datetime": "2024-06-14 04:07:38", "elapsed": 13.993046, "delta": 0.009974}}
{"target": -144.51406977818638, "params": {"gamma": 0.27092093445094007, "prior": 7.6436267297477904, "rate": 5.3561524093705035}, "datetime": {"datetime": "2024-06-14 04:07:38", "elapsed": 14.003019, "delta": 0.009973}}
{"target": -256.3326727985192, "params": {"gamma": 5.786712866351162, "prior": 4.199639973876964, "rate": 5.898561065889926}, "datetime": {"datetime": "2024-06-14 04:07:38", "elapsed": 14.012994, "delta": 0.009975}}
{"target": -200.34567131253942, "params": {"gamma": 4.056908149188704, "prior": 4.512354814204365, "rate": 5.927803620451909}, "datetime": {"datetime": "2024-06-14 04:07:38", "elapsed": 14.023994, "delta": 0.011}}
{"target": -364.9999098084186, "params": {"gamma": 4.923952760842727, "prior": 0.685123570453242, "rate": 9.767920289447702}, "datetime": {"datetime": "2024-06-14 04:07:38", "elapsed": 14.033937, "delta": 0.009943}}
{"target": -350.371002884579, "params": {"gamma": 8.55152126248045, "prior": 3.8529477154984746, "rate": 5.465701902352132}, "datetime": {"datetime": "2024-06-14 04:07:38", "elapsed": 14.04391, "delta": 0.009973}}
{"target": -421.6471027207508, "params": {"gamma": 9.328810392069327, "prior": 4.039856882837672, "rate": 9.447782220977258}, "datetime": {"datetime": "2024-06-14 04:07:38", "elapsed": 14.053883, "delta": 0.009973}}
{"target": -139.9523247613811, "params": {"gamma": 0.3058322755797807, "prior": 7.483415270128151, "rate": 7.9702691040219795}, "datetime": {"datetime": "2024-06-14 04:07:38", "elapsed": 14.063857, "delta": 0.009974}}
{"target": -146.751465557635, "params": {"gamma": 1.93915729117472, "prior": 1.7123810753953614, "rate": 5.911191778228094}, "datetime": {"datetime": "2024-06-14 04:07:38", "elapsed": 14.074828, "delta": 0.010971}}
{"target": -350.17967451010134, "params": {"gamma": 4.797437426866516, "prior": 5.906771763997412, "rate": 1.3235786977154271}, "datetime": {"datetime": "2024-06-14 04:07:38", "elapsed": 14.084801, "delta": 0.009973}}
{"target": -161.37326223766138, "params": {"gamma": 2.7780929606304388, "prior": 0.789756371223281, "rate": 1.0808592298701158}, "datetime": {"datetime": "2024-06-14 04:07:38", "elapsed": 14.094775, "delta": 0.009974}}
{"target": -523.664878548949, "params": {"gamma": 7.164060397933428, "prior": 0.3613793596910616, "rate": 5.396963570672858}, "datetime": {"datetime": "2024-06-14 04:07:38", "elapsed": 14.104747, "delta": 0.009972}}
{"target": -191.72843993957974, "params": {"gamma": 2.9873312333774114, "prior": 8.698123271650664, "rate": 5.4508437359806505}, "datetime": {"datetime": "2024-06-14 04:07:38", "elapsed": 14.114721, "delta": 0.009974}}
{"target": -426.6141540851437, "params": {"gamma": 9.975479797714407, "prior": 5.654651317130731, "rate": 5.621416031788874}, "datetime": {"datetime": "2024-06-14 04:07:38", "elapsed": 14.124473, "delta": 0.009752}}
{"target": -178.3624611383909, "params": {"gamma": 3.351731873456963, "prior": 2.598016846624347, "rate": 4.27426940599577}, "datetime": {"datetime": "2024-06-14 04:07:38", "elapsed": 14.134449, "delta": 0.009976}}
{"target": -169.59016883290724, "params": {"gamma": 2.2725263696062235, "prior": 0.8016724751186088, "rate": 4.2510872816074885}, "datetime": {"datetime": "2024-06-14 04:07:38", "elapsed": 14.144426, "delta": 0.009977}}
{"target": -148.42226495038773, "params": {"gamma": 1.0650645144221098, "prior": 7.2588960645487015, "rate": 2.984641891979689}, "datetime": {"datetime": "2024-06-14 04:07:38", "elapsed": 14.1544, "delta": 0.009974}}
{"target": -266.3997527748766, "params": {"gamma": 4.904126225336482, "prior": 2.036274494273748, "rate": 6.808584262587829}, "datetime": {"datetime": "2024-06-14 04:07:38", "elapsed": 14.164373, "delta": 0.009973}}
{"target": -696.563506817263, "params": {"gamma": 8.308430641906321, "prior": 2.282027181056831, "rate": 0.07907888226929988}, "datetime": {"datetime": "2024-06-14 04:07:38", "elapsed": 14.175343, "delta": 0.01097}}
{"target": -184.55055653457634, "params": {"gamma": 2.5097921802793786, "prior": 6.31359939215205, "rate": 3.1088574555471813}, "datetime": {"datetime": "2024-06-14 04:07:38", "elapsed": 14.185317, "delta": 0.009974}}
{"target": -497.5504563366946, "params": {"gamma": 8.36222517696091, "prior": 8.542118072949869, "rate": 3.7180338874028376}, "datetime": {"datetime": "2024-06-14 04:07:38", "elapsed": 14.195291, "delta": 0.009974}}
{"target": -292.50956666723, "params": {"gamma": 3.6539795857073187, "prior": 0.2639694600704467, "rate": 5.497237804999031}, "datetime": {"datetime": "2024-06-14 04:07:39", "elapsed": 14.205263, "delta": 0.009972}}
{"target": -156.8158326625998, "params": {"gamma": 1.5435516702923755, "prior": 1.2155274275217443, "rate": 0.5343279544192256}, "datetime": {"datetime": "2024-06-14 04:07:39", "elapsed": 14.215237, "delta": 0.009974}}
{"target": -185.85739562093946, "params": {"gamma": 1.7936587903460857, "prior": 1.6437150285544317, "rate": 0.3558683019833646}, "datetime": {"datetime": "2024-06-14 04:07:39", "elapsed": 14.22521, "delta": 0.009973}}
{"target": -524.1121362639858, "params": {"gamma": 9.82434211273752, "prior": 6.617214564837837, "rate": 3.8705537217530446}, "datetime": {"datetime": "2024-06-14 04:07:39", "elapsed": 14.235186, "delta": 0.009976}}
{"target": -125.85379550756561, "params": {"gamma": 0.6257922981876658, "prior": 0.5677285559900357, "rate": 8.049719394631913}, "datetime": {"datetime": "2024-06-14 04:07:39", "elapsed": 14.24516, "delta": 0.009974}}
{"target": -205.26042398258136, "params": {"gamma": 4.228375279460253, "prior": 1.1717762927933444, "rate": 1.6711743461337876}, "datetime": {"datetime": "2024-06-14 04:07:39", "elapsed": 14.255132, "delta": 0.009972}}
{"target": -480.34546996268614, "params": {"gamma": 6.802265132639049, "prior": 4.329618010053698, "rate": 0.9689860913418493}, "datetime": {"datetime": "2024-06-14 04:07:39", "elapsed": 14.266103, "delta": 0.010971}}
{"target": -245.2143047239951, "params": {"gamma": 3.920704589637105, "prior": 0.5430825876121436, "rate": 2.710990200499908}, "datetime": {"datetime": "2024-06-14 04:07:39", "elapsed": 14.276077, "delta": 0.009974}}
{"target": -233.22405355652307, "params": {"gamma": 5.031293904777502, "prior": 4.6290449340530495, "rate": 7.686577408158113}, "datetime": {"datetime": "2024-06-14 04:07:39", "elapsed": 14.28605, "delta": 0.009973}}
{"target": -171.91201145761337, "params": {"gamma": 1.6031430865858975, "prior": 5.149437940488653, "rate": 1.4161287835344174}, "datetime": {"datetime": "2024-06-14 04:07:39", "elapsed": 14.296024, "delta": 0.009974}}
{"target": -174.58978918405546, "params": {"gamma": 1.8945065357360218, "prior": 4.157996176719801, "rate": 1.4594799700408772}, "datetime": {"datetime": "2024-06-14 04:07:39", "elapsed": 14.305996, "delta": 0.009972}}
{"target": -262.6137709046038, "params": {"gamma": 5.623712931107031, "prior": 4.6067950147829295, "rate": 9.42102448081776}, "datetime": {"datetime": "2024-06-14 04:07:39", "elapsed": 14.31597, "delta": 0.009974}}
{"target": -400.8886274232183, "params": {"gamma": 6.700279053399254, "prior": 1.1211081382406665, "rate": 6.071461447289983}, "datetime": {"datetime": "2024-06-14 04:07:39", "elapsed": 14.325943, "delta": 0.009973}}
{"target": -205.18824631425014, "params": {"gamma": 4.203872166556974, "prior": 5.056256533803172, "rate": 6.558399608979977}, "datetime": {"datetime": "2024-06-14 04:07:39", "elapsed": 14.336422, "delta": 0.010479}}
{"target": -138.54104964413813, "params": {"gamma": 1.857995271651951, "prior": 3.659391503666097, "rate": 4.80431758722436}, "datetime": {"datetime": "2024-06-14 04:07:39", "elapsed": 14.346396, "delta": 0.009974}}
{"target": -272.80157458466147, "params": {"gamma": 6.148214863550358, "prior": 2.9270157375806125, "rate": 5.028231781609626}, "datetime": {"datetime": "2024-06-14 04:07:39", "elapsed": 14.356369, "delta": 0.009973}}
{"target": -186.70803267847748, "params": {"gamma": 2.786182582989594, "prior": 5.766659556664776, "rate": 3.423551750452962}, "datetime": {"datetime": "2024-06-14 04:07:39", "elapsed": 14.366342, "delta": 0.009973}}
{"target": -349.82525832168557, "params": {"gamma": 8.3917704255985, "prior": 6.890536777175542, "rate": 8.16146205993121}, "datetime": {"datetime": "2024-06-14 04:07:39", "elapsed": 14.376315, "delta": 0.009973}}
{"target": -132.6078935038739, "params": {"gamma": 1.5433064281287947, "prior": 1.933417151252388, "rate": 5.426405215883123}, "datetime": {"datetime": "2024-06-14 04:07:39", "elapsed": 14.386289, "delta": 0.009974}}
{"target": -139.1705500987479, "params": {"gamma": 0.6149211908273852, "prior": 5.426779331886682, "rate": 3.360634014854361}, "datetime": {"datetime": "2024-06-14 04:07:39", "elapsed": 14.39726, "delta": 0.010971}}
{"target": -328.1238352488447, "params": {"gamma": 3.2452188194691933, "prior": 2.3755465724366975, "rate": 0.0478627093242713}, "datetime": {"datetime": "2024-06-14 04:07:39", "elapsed": 14.407233, "delta": 0.009973}}
{"target": -409.0668201101902, "params": {"gamma": 6.87104638723164, "prior": 7.552533805640476, "rate": 3.383495876309245}, "datetime": {"datetime": "2024-06-14 04:07:39", "elapsed": 14.417206, "delta": 0.009973}}
{"target": -242.93645679762645, "params": {"gamma": 4.698566381850696, "prior": 7.994084512409785, "rate": 6.475029921813591}, "datetime": {"datetime": "2024-06-14 04:07:39", "elapsed": 14.42718, "delta": 0.009974}}
{"target": -137.22677422893793, "params": {"gamma": 0.23075873965417942, "prior": 2.91132760594111, "rate": 9.543993923653835}, "datetime": {"datetime": "2024-06-14 04:07:39", "elapsed": 14.439653, "delta": 0.012473}}
{"target": -422.3190338939289, "params": {"gamma": 8.831663399364862, "prior": 3.3196577156813976, "rate": 9.106428259046453}, "datetime": {"datetime": "2024-06-14 04:07:39", "elapsed": 14.450653, "delta": 0.011}}
{"target": -224.2607232399812, "params": {"gamma": 4.792271643587237, "prior": 2.1004803357874806, "rate": 2.7152226317759873}, "datetime": {"datetime": "2024-06-14 04:07:39", "elapsed": 14.461625, "delta": 0.010972}}
{"target": -182.88854886024083, "params": {"gamma": 2.4105781820003296, "prior": 0.6501970175159, "rate": 4.371923976318957}, "datetime": {"datetime": "2024-06-14 04:07:39", "elapsed": 14.472565, "delta": 0.01094}}
{"target": -386.59211863218314, "params": {"gamma": 9.045924292349737, "prior": 5.304998895374705, "rate": 5.45501927258241}, "datetime": {"datetime": "2024-06-14 04:07:39", "elapsed": 14.482539, "delta": 0.009974}}
{"target": -149.73154577082335, "params": {"gamma": 2.270769102045196, "prior": 0.5593682144374752, "rate": 1.2589544199559672}, "datetime": {"datetime": "2024-06-14 04:07:39", "elapsed": 14.492512, "delta": 0.009973}}
{"target": -147.30766047786898, "params": {"gamma": 2.152041802423628, "prior": 8.746594812552626, "rate": 9.883297769252295}, "datetime": {"datetime": "2024-06-14 04:07:39", "elapsed": 14.502485, "delta": 0.009973}}
{"target": -146.92250916688312, "params": {"gamma": 0.17864471946155067, "prior": 4.488768556876849, "rate": 3.6926037105639593}, "datetime": {"datetime": "2024-06-14 04:07:39", "elapsed": 14.512459, "delta": 0.009974}}
{"target": -291.39239729675313, "params": {"gamma": 5.365099171557174, "prior": 6.203575904526908, "rate": 3.9606016122470797}, "datetime": {"datetime": "2024-06-14 04:07:39", "elapsed": 14.522432, "delta": 0.009973}}
{"target": -219.49891260266807, "params": {"gamma": 1.8394567778102808, "prior": 5.8942150336226105, "rate": 0.33393439959498467}, "datetime": {"datetime": "2024-06-14 04:07:39", "elapsed": 14.532405, "delta": 0.009973}}
{"target": -665.0250968652798, "params": {"gamma": 8.939882672498515, "prior": 6.47966689423678, "rate": 0.9463480982929026}, "datetime": {"datetime": "2024-06-14 04:07:39", "elapsed": 14.542378, "delta": 0.009973}}
{"target": -269.75690156018254, "params": {"gamma": 5.514198481896219, "prior": 1.37684577932591, "rate": 1.189089580581743}, "datetime": {"datetime": "2024-06-14 04:07:39", "elapsed": 14.552352, "delta": 0.009974}}
{"target": -165.91412392732934, "params": {"gamma": 2.656223467019746, "prior": 7.652792185558542, "rate": 6.982511237812883}, "datetime": {"datetime": "2024-06-14 04:07:39", "elapsed": 14.563323, "delta": 0.010971}}
