{"target": -550.4447202812669, "params": {"p_ai": 8.577528406499894, "p_al": 6.455998518326055, "p_ex": 1.1538189613747907, "prior": 2.081766002579473, "rate": 7.455237809150899}, "datetime": {"datetime": "2024-06-13 10:46:41", "elapsed": 51.929834, "delta": 0.109707}}
{"target": -237.1317331652461, "params": {"p_ai": 4.034662876713395, "p_al": 4.84521613942412, "p_ex": 8.874663325649202, "prior": 1.3752980526926846, "rate": 9.64376360106379}, "datetime": {"datetime": "2024-06-13 10:46:41", "elapsed": 52.038546, "delta": 0.108712}}
{"target": -144.352862075838, "params": {"p_ai": 0.4272541882840023, "p_al": 0.9953031322915933, "p_ex": 2.2331610709734946, "prior": 8.06604423752288, "rate": 4.559272200887655}, "datetime": {"datetime": "2024-06-13 10:46:41", "elapsed": 52.147781, "delta": 0.109235}}
{"target": -383.4441141671139, "params": {"p_ai": 6.5328581714709335, "p_al": 1.7440370540608525, "p_ex": 1.668052607332356, "prior": 5.208962557197339, "rate": 7.403196059166937}, "datetime": {"datetime": "2024-06-13 10:46:41", "elapsed": 52.257995, "delta": 0.110214}}
{"target": -347.7311292374438, "params": {"p_ai": 4.62528217768507, "p_al": 8.696271237126007, "p_ex": 6.604458934771733, "prior": 2.4916517944308763, "rate": 2.3497873058002465}, "datetime": {"datetime": "2024-06-13 10:46:42", "elapsed": 52.369207, "delta": 0.111212}}
{"target": -200.5964666099304, "params": {"p_ai": 3.741093121953829, "p_al": 7.566403946905877, "p_ex": 9.379438705433513, "prior": 8.61919808718901, "rate": 2.6168463160365345}, "datetime": {"datetime": "2024-06-13 10:46:42", "elapsed": 52.477917, "delta": 0.10871}}
{"target": -291.72568507278896, "params": {"p_ai": 4.12337700085772, "p_al": 6.115829450403766, "p_ex": 5.468797723702268, "prior": 3.893360179144248, "rate": 1.0151063480358857}, "datetime": {"datetime": "2024-06-13 10:46:42", "elapsed": 52.585628, "delta": 0.107711}}
{"target": -333.3898107974439, "params": {"p_ai": 7.122735799168159, "p_al": 0.8822635040904132, "p_ex": 8.660908216307822, "prior": 8.634620954886014, "rate": 7.084799464362212}, "datetime": {"datetime": "2024-06-13 10:46:42", "elapsed": 52.695165, "delta": 0.109537}}
{"target": -295.82717107607925, "params": {"p_ai": 4.864759313503054, "p_al": 6.991766507563753, "p_ex": 3.950475613957549, "prior": 7.975162346949194, "rate": 7.864384405716199}, "datetime": {"datetime": "2024-06-13 10:46:42", "elapsed": 52.804416, "delta": 0.109251}}
{"target": -169.34245767732202, "params": {"p_ai": 1.5561303101523432, "p_al": 3.1788576859556272, "p_ex": 3.4404877846831172, "prior": 3.6423388162366046, "rate": 5.6668889213223}, "datetime": {"datetime": "2024-06-13 10:46:42", "elapsed": 52.922188, "delta": 0.117772}}
{"target": -169.8997345620622, "params": {"p_ai": 0.4178327377603575, "p_al": 6.600037219920028, "p_ex": 2.0171159588072864, "prior": 4.165209099174909, "rate": 4.5094756723505}, "datetime": {"datetime": "2024-06-13 10:46:42", "elapsed": 53.031881, "delta": 0.109693}}
{"target": -317.82666726221123, "params": {"p_ai": 3.4879189687069116, "p_al": 3.8334198209699974, "p_ex": 1.8038803024167458, "prior": 0.68223244388335, "rate": 5.513015232709581}, "datetime": {"datetime": "2024-06-13 10:46:42", "elapsed": 53.140591, "delta": 0.10871}}
{"target": -348.8143246956642, "params": {"p_ai": 5.959073589220895, "p_al": 1.4558523924278663, "p_ex": 2.310186141512919, "prior": 2.864484938242287, "rate": 8.307682917677353}, "datetime": {"datetime": "2024-06-13 10:46:42", "elapsed": 53.2493, "delta": 0.108709}}
{"target": -168.5215679835657, "params": {"p_ai": 1.535055990682961, "p_al": 5.521835936727261, "p_ex": 5.681829037204232, "prior": 3.434857510993614, "rate": 3.5068212758802293}, "datetime": {"datetime": "2024-06-13 10:46:43", "elapsed": 53.360004, "delta": 0.110704}}
{"target": -492.1495818463862, "params": {"p_ai": 9.591161063174503, "p_al": 5.533886150645748, "p_ex": 6.527659277808647, "prior": 4.907910424327689, "rate": 6.466853166736234}, "datetime": {"datetime": "2024-06-13 10:46:43", "elapsed": 53.468715, "delta": 0.108711}}
{"target": -345.6234522892695, "params": {"p_ai": 6.052902604285114, "p_al": 1.452587755908036, "p_ex": 3.3474706483130476, "prior": 4.604879500595876, "rate": 1.2790887944022422}, "datetime": {"datetime": "2024-06-13 10:46:43", "elapsed": 53.58153, "delta": 0.112815}}
{"target": -196.53572998261723, "params": {"p_ai": 3.6313701627213772, "p_al": 2.2821882012949293, "p_ex": 8.47517852010175, "prior": 3.4153993261329654, "rate": 2.268666417341983}, "datetime": {"datetime": "2024-06-13 10:46:43", "elapsed": 53.690198, "delta": 0.108668}}
{"target": -363.6234508098694, "params": {"p_ai": 4.08240584711997, "p_al": 6.830957412174848, "p_ex": 0.657154367615287, "prior": 1.8081114068162947, "rate": 6.943375082298363}, "datetime": {"datetime": "2024-06-13 10:46:43", "elapsed": 53.799499, "delta": 0.109301}}
{"target": -404.4458788657773, "params": {"p_ai": 7.522813791436128, "p_al": 6.177925041821069, "p_ex": 8.792106406805418, "prior": 1.6888331005858586, "rate": 7.0357737742820845}, "datetime": {"datetime": "2024-06-13 10:46:43", "elapsed": 53.908212, "delta": 0.108713}}
{"target": -500.37343237059116, "params": {"p_ai": 9.172684330641006, "p_al": 1.508245851371479, "p_ex": 2.4383960099844155, "prior": 5.467299036335953, "rate": 3.441849250422999}, "datetime": {"datetime": "2024-06-13 10:46:43", "elapsed": 54.014926, "delta": 0.106714}}
{"target": -396.4163866994234, "params": {"p_ai": 6.90670016874316, "p_al": 0.5766186166326498, "p_ex": 1.6084806590922747, "prior": 7.162666826489736, "rate": 9.706216365641005}, "datetime": {"datetime": "2024-06-13 10:46:43", "elapsed": 54.119649, "delta": 0.104723}}
{"target": -799.0940377268042, "params": {"p_ai": 9.295574214746894, "p_al": 9.010768867234715, "p_ex": 1.2783053957220292, "prior": 1.4601432517979631, "rate": 0.7235753033919117}, "datetime": {"datetime": "2024-06-13 10:46:43", "elapsed": 54.226364, "delta": 0.106715}}
{"target": -332.1733706755748, "params": {"p_ai": 5.425859791214765, "p_al": 8.824979242850812, "p_ex": 5.318387208768819, "prior": 7.817371138674004, "rate": 1.8853494153257044}, "datetime": {"datetime": "2024-06-13 10:46:44", "elapsed": 54.332588, "delta": 0.106224}}
{"target": -501.5959324889096, "params": {"p_ai": 8.631249490403183, "p_al": 1.8750602824827893, "p_ex": 0.548586496539166, "prior": 4.215488613270554, "rate": 5.551489195654376}, "datetime": {"datetime": "2024-06-13 10:46:44", "elapsed": 54.437308, "delta": 0.10472}}
{"target": -525.182920424377, "params": {"p_ai": 9.707449353204424, "p_al": 0.9184465805784736, "p_ex": 2.7399070142023203, "prior": 1.0519655837514126, "rate": 3.9050059277394262}, "datetime": {"datetime": "2024-06-13 10:46:44", "elapsed": 54.542864, "delta": 0.105556}}
{"target": -210.45077981979716, "params": {"p_ai": 2.890821820794509, "p_al": 5.133490194329599, "p_ex": 3.483218560825719, "prior": 9.28235195448276, "rate": 7.8996880160340215}, "datetime": {"datetime": "2024-06-13 10:46:44", "elapsed": 54.653568, "delta": 0.110704}}
{"target": -440.4004652163333, "params": {"p_ai": 8.610252674771141, "p_al": 1.2958799584830156, "p_ex": 5.751126599720151, "prior": 2.1486105763127026, "rate": 8.682517475837448}, "datetime": {"datetime": "2024-06-13 10:46:44", "elapsed": 54.759301, "delta": 0.105733}}
{"target": -135.55647059751442, "params": {"p_ai": 0.15117919811248737, "p_al": 1.0583364070853916, "p_ex": 3.761194698397609, "prior": 4.021536967025843, "rate": 2.7729236097038474}, "datetime": {"datetime": "2024-06-13 10:46:44", "elapsed": 54.871746, "delta": 0.112445}}
{"target": -150.57791333898504, "params": {"p_ai": 0.9615339246006319, "p_al": 1.1881853207208233, "p_ex": 3.1801295937194918, "prior": 9.507977547943128, "rate": 2.0748582416284203}, "datetime": {"datetime": "2024-06-13 10:46:44", "elapsed": 54.977464, "delta": 0.105718}}
{"target": -713.6037359996278, "params": {"p_ai": 7.473055930271166, "p_al": 2.5826284514108324, "p_ex": 0.37336531585223737, "prior": 0.16150603946145364, "rate": 1.5279066058805837}, "datetime": {"datetime": "2024-06-13 10:46:44", "elapsed": 55.083181, "delta": 0.105717}}
{"target": -278.305060338101, "params": {"p_ai": 4.621379845784425, "p_al": 7.559255074280514, "p_ex": 7.2884205045195944, "prior": 3.524542035387884, "rate": 4.7919136483503735}, "datetime": {"datetime": "2024-06-13 10:46:44", "elapsed": 55.19192, "delta": 0.108739}}
{"target": -1320.3022536980445, "params": {"p_ai": 8.140923460003277, "p_al": 8.384190660883412, "p_ex": 3.1998470874794367, "prior": 0.043645919052664246, "rate": 0.4702615014191002}, "datetime": {"datetime": "2024-06-13 10:46:45", "elapsed": 55.302594, "delta": 0.110674}}
{"target": -398.4946526269246, "params": {"p_ai": 7.378335968662237, "p_al": 2.7270501784440078, "p_ex": 4.815376636054336, "prior": 1.9211206290454117, "rate": 8.471282047905861}, "datetime": {"datetime": "2024-06-13 10:46:45", "elapsed": 55.420785, "delta": 0.118191}}
{"target": -346.9808448513239, "params": {"p_ai": 5.034272718755895, "p_al": 5.272074597046892, "p_ex": 2.881507801269463, "prior": 5.120480307408566, "rate": 0.020634490179817777}, "datetime": {"datetime": "2024-06-13 10:46:45", "elapsed": 55.531006, "delta": 0.110221}}
{"target": -253.55946097118172, "params": {"p_ai": 2.7736731083917574, "p_al": 3.488281072400821, "p_ex": 2.8402249120040706, "prior": 0.8604363235466009, "rate": 5.2182903111313514}, "datetime": {"datetime": "2024-06-13 10:46:45", "elapsed": 55.640039, "delta": 0.109033}}
{"target": -463.0110448429543, "params": {"p_ai": 7.885002854601779, "p_al": 9.426041757646109, "p_ex": 4.973400631374519, "prior": 5.93794482969608, "rate": 2.9093085181668954}, "datetime": {"datetime": "2024-06-13 10:46:45", "elapsed": 55.747969, "delta": 0.10793}}
{"target": -141.5734546793509, "params": {"p_ai": 1.492445929692968, "p_al": 1.3195850355936822, "p_ex": 7.323875397919708, "prior": 7.344959884063995, "rate": 1.7943208163497153}, "datetime": {"datetime": "2024-06-13 10:46:45", "elapsed": 55.85668, "delta": 0.108711}}
{"target": -296.8744902831909, "params": {"p_ai": 4.136190237378143, "p_al": 5.941849134587504, "p_ex": 1.2536941799153012, "prior": 7.85390412973879, "rate": 6.20030204099907}, "datetime": {"datetime": "2024-06-13 10:46:45", "elapsed": 55.965995, "delta": 0.109315}}
{"target": -298.00551580605946, "params": {"p_ai": 6.152601693393037, "p_al": 7.012379711094405, "p_ex": 9.871843637581678, "prior": 5.624382165115826, "rate": 8.644298200721781}, "datetime": {"datetime": "2024-06-13 10:46:45", "elapsed": 56.075702, "delta": 0.109707}}
{"target": -219.654212812442, "params": {"p_ai": 4.187668041896602, "p_al": 6.545039042923117, "p_ex": 9.252686617399803, "prior": 6.64184400562511, "rate": 3.031503678754719}, "datetime": {"datetime": "2024-06-13 10:46:45", "elapsed": 56.184986, "delta": 0.109284}}
{"target": -366.78890175448487, "params": {"p_ai": 6.199836992922438, "p_al": 3.5138318852615673, "p_ex": 3.224344384669061, "prior": 6.102440382404956, "rate": 1.6040719966518822}, "datetime": {"datetime": "2024-06-13 10:46:46", "elapsed": 56.293205, "delta": 0.108219}}
{"target": -400.4480751522078, "params": {"p_ai": 4.867902618641776, "p_al": 9.456397215578926, "p_ex": 3.839758505543401, "prior": 1.8904369698648686, "rate": 4.688920657472168}, "datetime": {"datetime": "2024-06-13 10:46:46", "elapsed": 56.403163, "delta": 0.109958}}
{"target": -740.5035307148258, "params": {"p_ai": 8.409237406703872, "p_al": 8.426834558227732, "p_ex": 8.278204591352763, "prior": 0.11574365054552785, "rate": 2.6711360589730235}, "datetime": {"datetime": "2024-06-13 10:46:46", "elapsed": 56.513374, "delta": 0.110211}}
{"target": -509.39623566805926, "params": {"p_ai": 9.99875799995505, "p_al": 1.1977130886476726, "p_ex": 4.901404871380246, "prior": 7.900471479876251, "rate": 1.223016887028468}, "datetime": {"datetime": "2024-06-13 10:46:46", "elapsed": 56.62204, "delta": 0.108666}}
{"target": -403.2354714706055, "params": {"p_ai": 6.624429397731788, "p_al": 4.881316374767721, "p_ex": 1.9437055308797813, "prior": 8.786421635800622, "rate": 1.8156924881797458}, "datetime": {"datetime": "2024-06-13 10:46:46", "elapsed": 56.731415, "delta": 0.109375}}
{"target": -378.3014354460064, "params": {"p_ai": 6.390889540088459, "p_al": 7.4085279551010945, "p_ex": 5.6271661930456895, "prior": 6.288786844403314, "rate": 1.1905350008234223}, "datetime": {"datetime": "2024-06-13 10:46:46", "elapsed": 56.842177, "delta": 0.110762}}
{"target": -218.3511057464296, "params": {"p_ai": 3.0810618335582585, "p_al": 5.870035110089563, "p_ex": 3.955241699358807, "prior": 6.639796868246575, "rate": 8.519694493398179}, "datetime": {"datetime": "2024-06-13 10:46:46", "elapsed": 56.950886, "delta": 0.108709}}
{"target": -184.49044353416377, "params": {"p_ai": 1.903030671032523, "p_al": 9.032823736002479, "p_ex": 3.8323753284605018, "prior": 9.431300182951817, "rate": 6.174205747936627}, "datetime": {"datetime": "2024-06-13 10:46:46", "elapsed": 57.060593, "delta": 0.109707}}
{"target": -462.8237837653366, "params": {"p_ai": 7.901165115937855, "p_al": 5.148239508303887, "p_ex": 5.311915799238696, "prior": 3.276611393760953, "rate": 1.2945177075663274}, "datetime": {"datetime": "2024-06-13 10:46:46", "elapsed": 57.172294, "delta": 0.111701}}
{"target": -298.2067461777325, "params": {"p_ai": 3.8388352966923764, "p_al": 2.1505498314359848, "p_ex": 0.32961969356328386, "prior": 2.7495934114227696, "rate": 1.8065799506159026}, "datetime": {"datetime": "2024-06-13 10:46:46", "elapsed": 57.282533, "delta": 0.110239}}
{"target": -481.9167618794676, "params": {"p_ai": 8.75542762006619, "p_al": 0.8132843877516185, "p_ex": 1.8397720952197505, "prior": 7.040602924667807, "rate": 9.192339684311714}, "datetime": {"datetime": "2024-06-13 10:46:47", "elapsed": 57.391371, "delta": 0.108838}}
{"target": -147.87175892449324, "params": {"p_ai": 2.515333063867109, "p_al": 0.21399001348235436, "p_ex": 9.605084223078242, "prior": 6.8225241840990325, "rate": 3.107316297942495}, "datetime": {"datetime": "2024-06-13 10:46:47", "elapsed": 57.501078, "delta": 0.109707}}
{"target": -287.7659532939651, "params": {"p_ai": 4.724262048710183, "p_al": 5.992959482913756, "p_ex": 3.7393118520813564, "prior": 8.74500347841515, "rate": 7.261999710487967}, "datetime": {"datetime": "2024-06-13 10:46:47", "elapsed": 57.60879, "delta": 0.107712}}
{"target": -451.2223301943329, "params": {"p_ai": 9.543452705537488, "p_al": 3.5113041629592687, "p_ex": 9.37180371312909, "prior": 4.791526641683215, "rate": 6.423584063846066}, "datetime": {"datetime": "2024-06-13 10:46:47", "elapsed": 57.716915, "delta": 0.108125}}
{"target": -429.77274399447504, "params": {"p_ai": 7.36673540034412, "p_al": 8.093570352087795, "p_ex": 3.963197413459656, "prior": 4.480011839169197, "rate": 8.172952984101395}, "datetime": {"datetime": "2024-06-13 10:46:47", "elapsed": 57.82648, "delta": 0.109565}}
{"target": -470.08140298100943, "params": {"p_ai": 7.175854473706459, "p_al": 9.408551244537064, "p_ex": 9.795999116306994, "prior": 1.7899544503221003, "rate": 2.2799661987157394}, "datetime": {"datetime": "2024-06-13 10:46:47", "elapsed": 57.934697, "delta": 0.108217}}
{"target": -388.3662486283111, "params": {"p_ai": 7.16014848634319, "p_al": 7.474079963807781, "p_ex": 6.032192362771022, "prior": 8.773120342450891, "rate": 2.5206526306452743}, "datetime": {"datetime": "2024-06-13 10:46:47", "elapsed": 58.044443, "delta": 0.109746}}
{"target": -240.0520720287196, "params": {"p_ai": 3.3955344555736273, "p_al": 4.946973834220983, "p_ex": 3.150955862596707, "prior": 5.454845454328703, "rate": 6.8250983149001465}, "datetime": {"datetime": "2024-06-13 10:46:47", "elapsed": 58.152121, "delta": 0.107678}}
{"target": -178.3685980501699, "params": {"p_ai": 2.2044486446357947, "p_al": 4.853889202229838, "p_ex": 9.929820595017146, "prior": 3.242288870509168, "rate": 0.35458383299364826}, "datetime": {"datetime": "2024-06-13 10:46:47", "elapsed": 58.260858, "delta": 0.108737}}
{"target": -491.42958557847766, "params": {"p_ai": 8.173699941110849, "p_al": 5.033564529213024, "p_ex": 0.5287857773295865, "prior": 8.903159967215188, "rate": 4.045739285423598}, "datetime": {"datetime": "2024-06-13 10:46:48", "elapsed": 58.369543, "delta": 0.108685}}
{"target": -571.0521429716205, "params": {"p_ai": 9.292802548221829, "p_al": 4.0213796598318154, "p_ex": 0.7692460154620339, "prior": 2.4537661400558073, "rate": 3.503254796566321}, "datetime": {"datetime": "2024-06-13 10:46:48", "elapsed": 58.479756, "delta": 0.110213}}
{"target": -397.9410892225961, "params": {"p_ai": 7.507532195259897, "p_al": 1.8482967753404873, "p_ex": 4.310305563605018, "prior": 8.732580952739871, "rate": 5.338077152636459}, "datetime": {"datetime": "2024-06-13 10:46:48", "elapsed": 58.589479, "delta": 0.109723}}
{"target": -133.51935108975863, "params": {"p_ai": 1.0324440427708175, "p_al": 0.24620034805926763, "p_ex": 7.058392201809326, "prior": 9.791295782091213, "rate": 7.851867464260117}, "datetime": {"datetime": "2024-06-13 10:46:48", "elapsed": 58.696705, "delta": 0.107226}}
{"target": -616.9552555038713, "params": {"p_ai": 7.647497242257331, "p_al": 6.754799709264521, "p_ex": 7.9552316002763535, "prior": 0.40113783894076427, "rate": 2.647551635536823}, "datetime": {"datetime": "2024-06-13 10:46:48", "elapsed": 58.805834, "delta": 0.109129}}
{"target": -413.7769965311994, "params": {"p_ai": 6.9542799621795535, "p_al": 8.670016307747831, "p_ex": 6.746394111296426, "prior": 1.7635850037063328, "rate": 9.363148290996985}, "datetime": {"datetime": "2024-06-13 10:46:48", "elapsed": 58.915541, "delta": 0.109707}}
{"target": -495.47412416102156, "params": {"p_ai": 9.033883622408418, "p_al": 0.8677009826349238, "p_ex": 1.9308073757049558, "prior": 2.7526551130746566, "rate": 7.384380294175464}, "datetime": {"datetime": "2024-06-13 10:46:48", "elapsed": 59.024278, "delta": 0.108737}}
{"target": -533.2553904697174, "params": {"p_ai": 8.59387390968027, "p_al": 5.7836455521280605, "p_ex": 1.9972560609459706, "prior": 4.151483786326004, "rate": 1.3794541434408072}, "datetime": {"datetime": "2024-06-13 10:46:48", "elapsed": 59.132959, "delta": 0.108681}}
{"target": -541.5036997617156, "params": {"p_ai": 9.174044472397386, "p_al": 7.645544873164326, "p_ex": 5.10262812422697, "prior": 4.536296856665209, "rate": 0.9793229413773535}, "datetime": {"datetime": "2024-06-13 10:46:48", "elapsed": 59.242666, "delta": 0.109707}}
{"target": -178.52165576666914, "params": {"p_ai": 3.1874348876469725, "p_al": 1.2072073207786072, "p_ex": 7.823598295559239, "prior": 5.44929218305527, "rate": 2.2735465367701733}, "datetime": {"datetime": "2024-06-13 10:46:49", "elapsed": 59.350378, "delta": 0.107712}}
{"target": -194.0191167842913, "params": {"p_ai": 2.242804189720107, "p_al": 2.6047215769603396, "p_ex": 3.0894186504102437, "prior": 3.8776636126823174, "rate": 2.9761917748399953}, "datetime": {"datetime": "2024-06-13 10:46:49", "elapsed": 59.459089, "delta": 0.108711}}
{"target": -373.055144365616, "params": {"p_ai": 6.795879389436971, "p_al": 0.351701119431484, "p_ex": 3.2817750389987497, "prior": 7.4531734367072975, "rate": 9.428137042767773}, "datetime": {"datetime": "2024-06-13 10:46:49", "elapsed": 59.568795, "delta": 0.109706}}
{"target": -455.5298634816641, "params": {"p_ai": 8.027522769025355, "p_al": 2.4090212695059683, "p_ex": 2.329921768369933, "prior": 1.904177610377174, "rate": 8.825092851051235}, "datetime": {"datetime": "2024-06-13 10:46:49", "elapsed": 59.678062, "delta": 0.109267}}
{"target": -391.9975830578319, "params": {"p_ai": 2.3793190167249576, "p_al": 7.582048053507862, "p_ex": 2.611236264315461, "prior": 0.3317853522317488, "rate": 7.334743552987591}, "datetime": {"datetime": "2024-06-13 10:46:49", "elapsed": 59.787792, "delta": 0.10973}}
{"target": -396.3511722431811, "params": {"p_ai": 7.262291896142214, "p_al": 0.8905021504995737, "p_ex": 3.2676858780380864, "prior": 9.483704536600037, "rate": 1.6303270368232625}, "datetime": {"datetime": "2024-06-13 10:46:49", "elapsed": 59.896032, "delta": 0.10824}}
{"target": -156.71528837326454, "params": {"p_ai": 0.8676380540564483, "p_al": 5.946444277228148, "p_ex": 9.309967663594373, "prior": 1.3386492991231709, "rate": 5.130609924306518}, "datetime": {"datetime": "2024-06-13 10:46:49", "elapsed": 60.005608, "delta": 0.109576}}
{"target": -419.41768530565156, "params": {"p_ai": 6.84030814195546, "p_al": 1.7191257663086643, "p_ex": 0.11358767502840258, "prior": 8.876943621666769, "rate": 0.3532774752629418}, "datetime": {"datetime": "2024-06-13 10:46:49", "elapsed": 60.11332, "delta": 0.107712}}
{"target": -484.47981415247637, "params": {"p_ai": 2.575325379792938, "p_al": 6.5171886333749445, "p_ex": 2.8585435506242662, "prior": 0.09806625815159087, "rate": 5.754942892815359}, "datetime": {"datetime": "2024-06-13 10:46:49", "elapsed": 60.222704, "delta": 0.109384}}
{"target": -181.91882593935964, "params": {"p_ai": 3.078614991068771, "p_al": 1.5159891044593792, "p_ex": 9.712861834014069, "prior": 1.6505577067216257, "rate": 7.272627175991628}, "datetime": {"datetime": "2024-06-13 10:46:50", "elapsed": 60.330885, "delta": 0.108181}}
{"target": -682.8823156296355, "params": {"p_ai": 8.907351190743636, "p_al": 8.587292442153725, "p_ex": 1.8433864145173096, "prior": 2.3688485284086984, "rate": 0.1846080023892216}, "datetime": {"datetime": "2024-06-13 10:46:50", "elapsed": 60.439594, "delta": 0.108709}}
{"target": -725.9316516019608, "params": {"p_ai": 9.314123267181278, "p_al": 8.871324645396406, "p_ex": 5.95506622352646, "prior": 1.0945671874130298, "rate": 1.736252925778173}, "datetime": {"datetime": "2024-06-13 10:46:50", "elapsed": 60.548905, "delta": 0.109311}}
{"target": -367.93607809474025, "params": {"p_ai": 5.770026748955153, "p_al": 2.5173180780279494, "p_ex": 3.0024181605272484, "prior": 1.7107025020812408, "rate": 1.8967275990085757}, "datetime": {"datetime": "2024-06-13 10:46:50", "elapsed": 60.657228, "delta": 0.108323}}
