{"target": -1084.0259893469329, "params": {"gamma": 2.8585435506242662, "lr": 0.009707596574816568}, "datetime": {"datetime": "2024-06-13 18:28:23", "elapsed": 5.615642, "delta": 0.004986}}
{"target": -752.4244936655679, "params": {"gamma": 5.754942892815359, "lr": 0.30779227833471057}, "datetime": {"datetime": "2024-06-13 18:28:23", "elapsed": 5.619632, "delta": 0.00399}}
{"target": -419.1187848715959, "params": {"gamma": 1.5159891044593792, "lr": 0.9712833117325801}, "datetime": {"datetime": "2024-06-13 18:28:23", "elapsed": 5.623628, "delta": 0.003996}}
{"target": -369.03717027449426, "params": {"gamma": 1.6505577067216257, "lr": 0.7272354411432771}, "datetime": {"datetime": "2024-06-13 18:28:23", "elapsed": 5.628611, "delta": 0.004983}}
{"target": -2183.160746696263, "params": {"gamma": 8.907351190743636, "lr": 0.8587151157269453}, "datetime": {"datetime": "2024-06-13 18:28:23", "elapsed": 5.6326, "delta": 0.003989}}
{"target": -301.15981317156627, "params": {"gamma": 1.8433864145173096, "lr": 0.23680853369423926}, "datetime": {"datetime": "2024-06-13 18:28:23", "elapsed": 5.637587, "delta": 0.004987}}
{"target": -143.25902879660617, "params": {"gamma": 0.1846080023892216, "lr": 0.9314054672648543}, "datetime": {"datetime": "2024-06-13 18:28:23", "elapsed": 5.641576, "delta": 0.003989}}
{"target": -1560.6471892644554, "params": {"gamma": 8.871324645396406, "lr": 0.5954661689695429}, "datetime": {"datetime": "2024-06-13 18:28:23", "elapsed": 5.645565, "delta": 0.003989}}
{"target": -222.7702727514107, "params": {"gamma": 1.0945671874130298, "lr": 0.17354264684250154}, "datetime": {"datetime": "2024-06-13 18:28:23", "elapsed": 5.650553, "delta": 0.004988}}
{"target": -726.6066829616618, "params": {"gamma": 5.770026748955153, "lr": 0.25165697350014493}, "datetime": {"datetime": "2024-06-13 18:28:23", "elapsed": 5.655539, "delta": 0.004986}}
{"target": -497.1895993915815, "params": {"gamma": 3.0024181605272484, "lr": 0.17098734894301837}, "datetime": {"datetime": "2024-06-13 18:28:23", "elapsed": 5.659528, "delta": 0.003989}}
{"target": -292.9193823168972, "params": {"gamma": 1.8967275990085757, "lr": 0.4634211543904514}, "datetime": {"datetime": "2024-06-13 18:28:23", "elapsed": 5.664023, "delta": 0.004495}}
{"target": -832.0945606759126, "params": {"gamma": 5.099229852311732, "lr": 0.5115798896647326}, "datetime": {"datetime": "2024-06-13 18:28:23", "elapsed": 5.668012, "delta": 0.003989}}
{"target": -2339.1455461684513, "params": {"gamma": 9.971390854869842, "lr": 0.1295958172701398}, "datetime": {"datetime": "2024-06-13 18:28:23", "elapsed": 5.673006, "delta": 0.004994}}
{"target": -1673.1482535462114, "params": {"gamma": 7.561942713988967, "lr": 0.7937567472248925}, "datetime": {"datetime": "2024-06-13 18:28:23", "elapsed": 5.677988, "delta": 0.004982}}
{"target": -829.993171131712, "params": {"gamma": 5.849241105106437, "lr": 0.4627381802693252}, "datetime": {"datetime": "2024-06-13 18:28:23", "elapsed": 5.681977, "delta": 0.003989}}
{"target": -2045.8238991415355, "params": {"gamma": 8.934372946865443, "lr": 0.8281802190731247}, "datetime": {"datetime": "2024-06-13 18:28:23", "elapsed": 5.686966, "delta": 0.004989}}
{"target": -184.33697876473258, "params": {"gamma": 0.5038590693510084, "lr": 0.962983753087854}, "datetime": {"datetime": "2024-06-13 18:28:23", "elapsed": 5.690956, "delta": 0.00399}}
{"target": -143.61005795587548, "params": {"gamma": 0.07439157764468438, "lr": 0.5731322046839419}, "datetime": {"datetime": "2024-06-13 18:28:23", "elapsed": 5.695945, "delta": 0.004989}}
{"target": -1373.9334345868065, "params": {"gamma": 5.7247357384538, "lr": 0.8343796647905168}, "datetime": {"datetime": "2024-06-13 18:28:23", "elapsed": 5.699935, "delta": 0.00399}}
{"target": -1381.211693051641, "params": {"gamma": 3.8477759631858306, "lr": 0.09104086904598219}, "datetime": {"datetime": "2024-06-13 18:28:23", "elapsed": 5.704677, "delta": 0.004742}}
{"target": -2161.568073604903, "params": {"gamma": 5.81729100641988, "lr": 0.024845860363731265}, "datetime": {"datetime": "2024-06-13 18:28:23", "elapsed": 5.708666, "delta": 0.003989}}
{"target": -962.1718553112968, "params": {"gamma": 3.618595813310707, "lr": 0.9853168020853229}, "datetime": {"datetime": "2024-06-13 18:28:23", "elapsed": 5.712655, "delta": 0.003989}}
{"target": -1619.9171897585315, "params": {"gamma": 8.687919916680645, "lr": 0.15249674176120542}, "datetime": {"datetime": "2024-06-13 18:28:23", "elapsed": 5.717642, "delta": 0.004987}}
{"target": -1819.412300454444, "params": {"gamma": 7.988462064471767, "lr": 0.8109969194215267}, "datetime": {"datetime": "2024-06-13 18:28:23", "elapsed": 5.721631, "delta": 0.003989}}
{"target": -1337.9668182313944, "params": {"gamma": 9.282143984052633, "lr": 0.22438426604398454}, "datetime": {"datetime": "2024-06-13 18:28:23", "elapsed": 5.726618, "delta": 0.004987}}
{"target": -1149.2181540072038, "params": {"gamma": 4.990175777525101, "lr": 0.8274440914110759}, "datetime": {"datetime": "2024-06-13 18:28:23", "elapsed": 5.730607, "delta": 0.003989}}
{"target": -1177.4413306068002, "params": {"gamma": 6.673670516196978, "lr": 0.5939361433837695}, "datetime": {"datetime": "2024-06-13 18:28:23", "elapsed": 5.734597, "delta": 0.00399}}
{"target": -948.7924156557738, "params": {"gamma": 6.520106231886649, "lr": 0.23851601279901302}, "datetime": {"datetime": "2024-06-13 18:28:23", "elapsed": 5.739583, "delta": 0.004986}}
{"target": -141.51219096403645, "params": {"gamma": 0.2563753086730316, "lr": 0.736257257446534}, "datetime": {"datetime": "2024-06-13 18:28:23", "elapsed": 5.743994, "delta": 0.004411}}
{"target": -471.0211501409721, "params": {"gamma": 3.268591461483445, "lr": 0.3767568869201464}, "datetime": {"datetime": "2024-06-13 18:28:23", "elapsed": 5.747981, "delta": 0.003987}}
{"target": -1107.2625734215899, "params": {"gamma": 6.126547925441392, "lr": 0.657165042363517}, "datetime": {"datetime": "2024-06-13 18:28:23", "elapsed": 5.752968, "delta": 0.004987}}
{"target": -482.0517552934523, "params": {"gamma": 2.0297861073278014, "lr": 0.8260315378454188}, "datetime": {"datetime": "2024-06-13 18:28:23", "elapsed": 5.757955, "delta": 0.004987}}
{"target": -694.873237819823, "params": {"gamma": 3.802685845849549, "lr": 0.6317444085013915}, "datetime": {"datetime": "2024-06-13 18:28:23", "elapsed": 5.761944, "delta": 0.003989}}
{"target": -1618.1897933715477, "params": {"gamma": 9.664147745107453, "lr": 0.5647862352666362}, "datetime": {"datetime": "2024-06-13 18:28:23", "elapsed": 5.766933, "delta": 0.004989}}
{"target": -646.7196652020043, "params": {"gamma": 3.58975250674678, "lr": 0.6189701087401422}, "datetime": {"datetime": "2024-06-13 18:28:23", "elapsed": 5.771918, "delta": 0.004985}}
{"target": -715.279287622739, "params": {"gamma": 5.018429387513632, "lr": 0.45237624777785157}, "datetime": {"datetime": "2024-06-13 18:28:23", "elapsed": 5.775906, "delta": 0.003988}}
{"target": -1934.4857384301774, "params": {"gamma": 7.32297507682793, "lr": 0.9245101499841026}, "datetime": {"datetime": "2024-06-13 18:28:23", "elapsed": 5.779896, "delta": 0.00399}}
{"target": -1740.09117016203, "params": {"gamma": 4.793234881420612, "lr": 0.08823015100009579}, "datetime": {"datetime": "2024-06-13 18:28:23", "elapsed": 5.784883, "delta": 0.004987}}
{"target": -832.9650708417927, "params": {"gamma": 5.696965913284056, "lr": 0.2449508551148344}, "datetime": {"datetime": "2024-06-13 18:28:23", "elapsed": 5.788872, "delta": 0.003989}}
{"target": -154.9300095679491, "params": {"gamma": 0.3967395368422162, "lr": 0.7881402066436831}, "datetime": {"datetime": "2024-06-13 18:28:23", "elapsed": 5.793859, "delta": 0.004987}}
{"target": -608.9494569339873, "params": {"gamma": 2.728409598411216, "lr": 0.7770704929423838}, "datetime": {"datetime": "2024-06-13 18:28:23", "elapsed": 5.797848, "delta": 0.003989}}
{"target": -642.6978547884884, "params": {"gamma": 4.882601221938961, "lr": 0.31793589107511533}, "datetime": {"datetime": "2024-06-13 18:28:23", "elapsed": 5.802834, "delta": 0.004986}}
{"target": -1186.4850386920102, "params": {"gamma": 3.1409404750589167, "lr": 0.04202476008611444}, "datetime": {"datetime": "2024-06-13 18:28:23", "elapsed": 5.806824, "delta": 0.00399}}
{"target": -1229.6628911437156, "params": {"gamma": 5.344463969208603, "lr": 0.8235515559967603}, "datetime": {"datetime": "2024-06-13 18:28:23", "elapsed": 5.810813, "delta": 0.003989}}
{"target": -305.35117003479627, "params": {"gamma": 0.8398696296412803, "lr": 0.10855870560871761}, "datetime": {"datetime": "2024-06-13 18:28:23", "elapsed": 5.8158, "delta": 0.004987}}
{"target": -958.8073794202998, "params": {"gamma": 5.293030012750302, "lr": 0.6601418096235968}, "datetime": {"datetime": "2024-06-13 18:28:23", "elapsed": 5.819789, "delta": 0.003989}}
{"target": -902.8862401859545, "params": {"gamma": 6.947765177374281, "lr": 0.313221695146886}, "datetime": {"datetime": "2024-06-13 18:28:23", "elapsed": 5.824776, "delta": 0.004987}}
{"target": -141.26198268802045, "params": {"gamma": 0.37873998028565886, "lr": 0.4145628796923949}, "datetime": {"datetime": "2024-06-13 18:28:23", "elapsed": 5.828766, "delta": 0.00399}}
{"target": -868.0202033026397, "params": {"gamma": 2.2612156645820662, "lr": 0.0011148302524066622}, "datetime": {"datetime": "2024-06-13 18:28:23", "elapsed": 5.833752, "delta": 0.004986}}
{"target": -1812.1263142690982, "params": {"gamma": 6.857480005685141, "lr": 0.9520625390545332}, "datetime": {"datetime": "2024-06-13 18:28:23", "elapsed": 5.837741, "delta": 0.003989}}
{"target": -521.3128816041963, "params": {"gamma": 3.9121264535897473, "lr": 0.3002984293714631}, "datetime": {"datetime": "2024-06-13 18:28:23", "elapsed": 5.842728, "delta": 0.004987}}
{"target": -1329.6301517861461, "params": {"gamma": 5.537964374290343, "lr": 0.8519762580648814}, "datetime": {"datetime": "2024-06-13 18:28:23", "elapsed": 5.846717, "delta": 0.003989}}
{"target": -1601.3039765743429, "params": {"gamma": 7.9498792795045405, "lr": 0.6847567049785765}, "datetime": {"datetime": "2024-06-13 18:28:23", "elapsed": 5.851704, "delta": 0.004987}}
{"target": -878.2656138350051, "params": {"gamma": 4.321638805905765, "lr": 0.6904340198543137}, "datetime": {"datetime": "2024-06-13 18:28:23", "elapsed": 5.855693, "delta": 0.003989}}
{"target": -303.25141508841284, "params": {"gamma": 2.161037487164819, "lr": 0.28394343784624676}, "datetime": {"datetime": "2024-06-13 18:28:23", "elapsed": 5.86068, "delta": 0.004987}}
{"target": -2054.2207415192524, "params": {"gamma": 7.778428288392944, "lr": 0.9299801363463566}, "datetime": {"datetime": "2024-06-13 18:28:23", "elapsed": 5.864669, "delta": 0.003989}}
{"target": -250.91553603022655, "params": {"gamma": 1.9013049866632814, "lr": 0.29606328941823257}, "datetime": {"datetime": "2024-06-13 18:28:23", "elapsed": 5.869656, "delta": 0.004987}}
{"target": -144.97475495978728, "params": {"gamma": 0.06309646163797043, "lr": 0.43156224528040166}, "datetime": {"datetime": "2024-06-13 18:28:23", "elapsed": 5.873646, "delta": 0.00399}}
{"target": -397.18710541435996, "params": {"gamma": 2.103740422454257, "lr": 0.6414247825536215}, "datetime": {"datetime": "2024-06-13 18:28:23", "elapsed": 5.878632, "delta": 0.004986}}
{"target": -1894.8346895398631, "params": {"gamma": 7.096182567565407, "lr": 0.11877771439848506}, "datetime": {"datetime": "2024-06-13 18:28:23", "elapsed": 5.88362, "delta": 0.004988}}
{"target": -246.84829500016858, "params": {"gamma": 0.8223578763172843, "lr": 0.9063350695803358}, "datetime": {"datetime": "2024-06-13 18:28:23", "elapsed": 5.887608, "delta": 0.003988}}
{"target": -640.318860254417, "params": {"gamma": 3.8929983086548985, "lr": 0.5334034972660143}, "datetime": {"datetime": "2024-06-13 18:28:23", "elapsed": 5.892595, "delta": 0.004987}}
{"target": -2103.454721448268, "params": {"gamma": 9.632452407571792, "lr": 0.7590540122163353}, "datetime": {"datetime": "2024-06-13 18:28:23", "elapsed": 5.896584, "delta": 0.003989}}
{"target": -1193.0804981211477, "params": {"gamma": 3.256077435692296, "lr": 0.08584930112029354}, "datetime": {"datetime": "2024-06-13 18:28:23", "elapsed": 5.901571, "delta": 0.004987}}
{"target": -772.6778895655301, "params": {"gamma": 5.360704142867423, "lr": 0.33612544293733115}, "datetime": {"datetime": "2024-06-13 18:28:23", "elapsed": 5.905127, "delta": 0.003556}}
{"target": -141.04197280232717, "params": {"gamma": 0.21783235985649294, "lr": 0.7711523332537787}, "datetime": {"datetime": "2024-06-13 18:28:23", "elapsed": 5.910109, "delta": 0.004982}}
{"target": -657.7620409481418, "params": {"gamma": 3.849706389409975, "lr": 0.5713211500587355}, "datetime": {"datetime": "2024-06-13 18:28:23", "elapsed": 5.914115, "delta": 0.004006}}
{"target": -1996.1842905734093, "params": {"gamma": 7.557672815106508, "lr": 0.9408474199010457}, "datetime": {"datetime": "2024-06-13 18:28:23", "elapsed": 5.919102, "delta": 0.004987}}
{"target": -798.8910758142006, "params": {"gamma": 6.123611064507542, "lr": 0.31539617878014314}, "datetime": {"datetime": "2024-06-13 18:28:23", "elapsed": 5.923091, "delta": 0.003989}}
{"target": -454.74893349126745, "params": {"gamma": 1.1016550019623323, "lr": 0.07391888791127221}, "datetime": {"datetime": "2024-06-13 18:28:23", "elapsed": 5.928077, "delta": 0.004986}}
{"target": -587.4206723568866, "params": {"gamma": 3.197588047953422, "lr": 0.660839138956005}, "datetime": {"datetime": "2024-06-13 18:28:23", "elapsed": 5.932577, "delta": 0.0045}}
{"target": -1212.4799582232943, "params": {"gamma": 6.9518254952121765, "lr": 0.20771804006298766}, "datetime": {"datetime": "2024-06-13 18:28:23", "elapsed": 5.93707, "delta": 0.004493}}
{"target": -169.50762178580146, "params": {"gamma": 0.8288765899448861, "lr": 0.3055106612860311}, "datetime": {"datetime": "2024-06-13 18:28:23", "elapsed": 5.94106, "delta": 0.00399}}
{"target": -1201.9748696480065, "params": {"gamma": 5.476198023985873, "lr": 0.7546696744748647}, "datetime": {"datetime": "2024-06-13 18:28:23", "elapsed": 5.94505, "delta": 0.00399}}
{"target": -622.4927749139898, "params": {"gamma": 5.297043548379857, "lr": 0.28698375274707455}, "datetime": {"datetime": "2024-06-13 18:28:23", "elapsed": 5.950036, "delta": 0.004986}}
{"target": -782.9234202202534, "params": {"gamma": 6.242173052915846, "lr": 0.2648366551761958}, "datetime": {"datetime": "2024-06-13 18:28:23", "elapsed": 5.95413, "delta": 0.004094}}
{"target": -1564.3664672232492, "params": {"gamma": 6.527276450430897, "lr": 0.8418980078267378}, "datetime": {"datetime": "2024-06-13 18:28:23", "elapsed": 5.959117, "delta": 0.004987}}
{"target": -1076.5888797145162, "params": {"gamma": 6.389839255863949, "lr": 0.5656314689767339}, "datetime": {"datetime": "2024-06-13 18:28:23", "elapsed": 5.963126, "delta": 0.004009}}
{"target": -792.0081151932918, "params": {"gamma": 3.072113950599342, "lr": 0.8767770399379612}, "datetime": {"datetime": "2024-06-13 18:28:23", "elapsed": 5.968108, "delta": 0.004982}}
{"target": -2158.9530923245134, "params": {"gamma": 9.888230025288278, "lr": 0.777479431209941}, "datetime": {"datetime": "2024-06-13 18:28:23", "elapsed": 5.973124, "delta": 0.005016}}
{"target": -1354.8062506600484, "params": {"gamma": 5.736864931846622, "lr": 0.14127933264100168}, "datetime": {"datetime": "2024-06-13 18:28:23", "elapsed": 5.977108, "delta": 0.003984}}
{"target": -453.90074195121923, "params": {"gamma": 3.1499752949036433, "lr": 0.3668593185911837}, "datetime": {"datetime": "2024-06-13 18:28:23", "elapsed": 5.982095, "delta": 0.004987}}
{"target": -428.007005524002, "params": {"gamma": 2.9196603150536307, "lr": 0.4459528147489278}, "datetime": {"datetime": "2024-06-13 18:28:23", "elapsed": 5.987099, "delta": 0.005004}}
{"target": -1068.091963440636, "params": {"gamma": 6.106714536159591, "lr": 0.2129145905151636}, "datetime": {"datetime": "2024-06-13 18:28:23", "elapsed": 5.991087, "delta": 0.003988}}
{"target": -687.1197889708766, "params": {"gamma": 2.4983477831127514, "lr": 0.11215048322109678}, "datetime": {"datetime": "2024-06-13 18:28:23", "elapsed": 5.996092, "delta": 0.005005}}
{"target": -449.2076342738332, "params": {"gamma": 3.07657830315885, "lr": 0.49744827858464324}, "datetime": {"datetime": "2024-06-13 18:28:23", "elapsed": 6.000082, "delta": 0.00399}}
{"target": -1297.5676209190503, "params": {"gamma": 4.898588039316173, "lr": 0.9955772118463961}, "datetime": {"datetime": "2024-06-13 18:28:23", "elapsed": 6.005068, "delta": 0.004986}}
{"target": -1413.3252345149829, "params": {"gamma": 9.811104522073206, "lr": 0.4365627716811432}, "datetime": {"datetime": "2024-06-13 18:28:23", "elapsed": 6.009057, "delta": 0.003989}}
{"target": -1685.7539354350101, "params": {"gamma": 9.720234197281384, "lr": 0.21439790417581406}, "datetime": {"datetime": "2024-06-13 18:28:23", "elapsed": 6.014044, "delta": 0.004987}}
{"target": -769.5473127533215, "params": {"gamma": 5.411667740203425, "lr": 0.4534353144697316}, "datetime": {"datetime": "2024-06-13 18:28:23", "elapsed": 6.01903, "delta": 0.004986}}
{"target": -2311.991252713196, "params": {"gamma": 9.67612136622795, "lr": 0.8361762231353584}, "datetime": {"datetime": "2024-06-13 18:28:23", "elapsed": 6.02302, "delta": 0.00399}}
{"target": -332.8307042688932, "params": {"gamma": 2.142255100882632, "lr": 0.43953910215539116}, "datetime": {"datetime": "2024-06-13 18:28:23", "elapsed": 6.028006, "delta": 0.004986}}
{"target": -298.1169677784877, "params": {"gamma": 1.685601239492825, "lr": 0.5290872104552504}, "datetime": {"datetime": "2024-06-13 18:28:23", "elapsed": 6.031996, "delta": 0.00399}}
{"target": -2934.4336404138107, "params": {"gamma": 7.935053256996167, "lr": 0.03587914896601674}, "datetime": {"datetime": "2024-06-13 18:28:23", "elapsed": 6.036982, "delta": 0.004986}}
{"target": -520.1305394307639, "params": {"gamma": 1.9143974164796644, "lr": 0.9774555643930162}, "datetime": {"datetime": "2024-06-13 18:28:23", "elapsed": 6.040972, "delta": 0.00399}}
{"target": -1608.9011081511603, "params": {"gamma": 9.608012262900427, "lr": 0.5565916591021018}, "datetime": {"datetime": "2024-06-13 18:28:23", "elapsed": 6.045958, "delta": 0.004986}}
{"target": -809.0680971920647, "params": {"gamma": 6.461261124237896, "lr": 0.27209301429327437}, "datetime": {"datetime": "2024-06-13 18:28:23", "elapsed": 6.049948, "delta": 0.00399}}
{"target": -1914.701010111361, "params": {"gamma": 9.520958766042686, "lr": 0.66977480632724}, "datetime": {"datetime": "2024-06-13 18:28:23", "elapsed": 6.054934, "delta": 0.004986}}
{"target": -2472.151034557782, "params": {"gamma": 6.6684131433924785, "lr": 0.011103333369922863}, "datetime": {"datetime": "2024-06-13 18:28:23", "elapsed": 6.058924, "delta": 0.00399}}
{"target": -1885.5479896206232, "params": {"gamma": 8.529845528647078, "lr": 0.7783262186802019}, "datetime": {"datetime": "2024-06-13 18:28:23", "elapsed": 6.062913, "delta": 0.003989}}
{"target": -1429.8552334790988, "params": {"gamma": 6.849555045051163, "lr": 0.740781813019585}, "datetime": {"datetime": "2024-06-13 18:28:23", "elapsed": 6.0679, "delta": 0.004987}}
{"target": -352.48826063995097, "params": {"gamma": 1.5665676735591734, "lr": 0.71877505284865}, "datetime": {"datetime": "2024-06-13 18:28:23", "elapsed": 6.072887, "delta": 0.004987}}
{"target": -234.0277539306839, "params": {"gamma": 0.9690872885214075, "lr": 0.7069494480386341}, "datetime": {"datetime": "2024-06-13 18:28:23", "elapsed": 6.076876, "delta": 0.003989}}
{"target": -146.7160288872207, "params": {"gamma": 0.027315329458906884, "lr": 0.7762057874603809}, "datetime": {"datetime": "2024-06-13 18:28:23", "elapsed": 6.081862, "delta": 0.004986}}
{"target": -864.9195570274599, "params": {"gamma": 4.916080290630613, "lr": 0.20438686629786484}, "datetime": {"datetime": "2024-06-13 18:28:23", "elapsed": 6.086849, "delta": 0.004987}}
{"target": -946.4501660224971, "params": {"gamma": 7.292736897839507, "lr": 0.3156541317831608}, "datetime": {"datetime": "2024-06-13 18:28:23", "elapsed": 6.090838, "delta": 0.003989}}
{"target": -1400.7396559453532, "params": {"gamma": 8.83829208238512, "lr": 0.18023352523222202}, "datetime": {"datetime": "2024-06-13 18:28:23", "elapsed": 6.095825, "delta": 0.004987}}
{"target": -2476.7979625650246, "params": {"gamma": 9.385567992205967, "lr": 0.9707501480531616}, "datetime": {"datetime": "2024-06-13 18:28:23", "elapsed": 6.099814, "delta": 0.003989}}
{"target": -755.6934952344789, "params": {"gamma": 3.0455479552792557, "lr": 0.8624863997043009}, "datetime": {"datetime": "2024-06-13 18:28:23", "elapsed": 6.104801, "delta": 0.004987}}
{"target": -1188.8031016358668, "params": {"gamma": 8.421949009551232, "lr": 0.4246127100946028}, "datetime": {"datetime": "2024-06-13 18:28:23", "elapsed": 6.10879, "delta": 0.003989}}
{"target": -473.4854305916837, "params": {"gamma": 3.637480394119995, "lr": 0.282437473235045}, "datetime": {"datetime": "2024-06-13 18:28:23", "elapsed": 6.113777, "delta": 0.004987}}
{"target": -1223.6793199958902, "params": {"gamma": 9.93237460787099, "lr": 0.25575102695189966}, "datetime": {"datetime": "2024-06-13 18:28:23", "elapsed": 6.117767, "delta": 0.00399}}
{"target": -1297.8574074065175, "params": {"gamma": 9.206835301993463, "lr": 0.4283352137597225}, "datetime": {"datetime": "2024-06-13 18:28:23", "elapsed": 6.122753, "delta": 0.004986}}
{"target": -2235.5759575943466, "params": {"gamma": 9.354334696401745, "lr": 0.8388448341981828}, "datetime": {"datetime": "2024-06-13 18:28:23", "elapsed": 6.126743, "delta": 0.00399}}
{"target": -299.8764906326445, "params": {"gamma": 1.5586174788295128, "lr": 0.5742833543508832}, "datetime": {"datetime": "2024-06-13 18:28:23", "elapsed": 6.131729, "delta": 0.004986}}
{"target": -954.5757374260246, "params": {"gamma": 6.7353566438421755, "lr": 0.4058204059990451}, "datetime": {"datetime": "2024-06-13 18:28:23", "elapsed": 6.135718, "delta": 0.003989}}
