{"target": -203.23399182201663, "params": {"p_ai": 7.939406449739636, "p_al": 3.3064511453666356, "p_ex": 5.116098826251414, "prior": 8.350414978664054, "rate": 9.704609444607442}, "datetime": {"datetime": "2024-06-12 22:26:53", "elapsed": 128.297137, "delta": 0.112336}}
{"target": -120.5930910551208, "params": {"p_ai": 1.7855415885478882, "p_al": 8.513224576444088, "p_ex": 9.8839813130555, "prior": 4.505169697198107, "rate": 3.0802934792591}, "datetime": {"datetime": "2024-06-12 22:26:53", "elapsed": 128.408838, "delta": 0.111701}}
{"target": -211.65125587537906, "params": {"p_ai": 9.124683586378131, "p_al": 2.199352444759846, "p_ex": 9.88264881287327, "prior": 4.016014561459776, "rate": 0.9232440433930157}, "datetime": {"datetime": "2024-06-12 22:26:53", "elapsed": 128.520539, "delta": 0.111701}}
{"target": -143.64222676163138, "params": {"p_ai": 1.368611993565815, "p_al": 4.771246207156717, "p_ex": 0.610416790815096, "prior": 2.519602463648642, "rate": 7.950227595281238}, "datetime": {"datetime": "2024-06-12 22:26:54", "elapsed": 128.632878, "delta": 0.112339}}
{"target": -250.55213003127983, "params": {"p_ai": 7.853533926637729, "p_al": 8.108387517165163, "p_ex": 0.4635818527703097, "prior": 7.664723550746957, "rate": 8.068658621836198}, "datetime": {"datetime": "2024-06-12 22:26:54", "elapsed": 128.744581, "delta": 0.111703}}
{"target": -143.4116324278291, "params": {"p_ai": 0.1614807233633352, "p_al": 3.9138880156429727, "p_ex": 8.655905140222567, "prior": 9.58478787486283, "rate": 9.195999821230458}, "datetime": {"datetime": "2024-06-12 22:26:54", "elapsed": 128.857786, "delta": 0.113205}}
{"target": -153.31077735477444, "params": {"p_ai": 5.470332354994583, "p_al": 3.0999028075571977, "p_ex": 5.8930606960830385, "prior": 5.960308888277244, "rate": 6.645853962048891}, "datetime": {"datetime": "2024-06-12 22:26:54", "elapsed": 128.970661, "delta": 0.112875}}
{"target": -313.90273928616307, "params": {"p_ai": 5.908559431560412, "p_al": 8.680686431625688, "p_ex": 3.740404346465307, "prior": 2.440921336719614, "rate": 0.20584523782095557}, "datetime": {"datetime": "2024-06-12 22:26:54", "elapsed": 129.082484, "delta": 0.111823}}
{"target": -132.08043006192096, "params": {"p_ai": 2.3276534032092466, "p_al": 1.6168548897981316, "p_ex": 2.382365800220145, "prior": 8.809750700685962, "rate": 7.316262724399225}, "datetime": {"datetime": "2024-06-12 22:26:54", "elapsed": 129.195182, "delta": 0.112698}}
{"target": -141.26208703816891, "params": {"p_ai": 2.4346474261497026, "p_al": 7.93074966579814, "p_ex": 5.441664410992642, "prior": 4.065455958505244, "rate": 2.0588168270783345}, "datetime": {"datetime": "2024-06-12 22:26:54", "elapsed": 129.308878, "delta": 0.113696}}
{"target": -141.11912084408715, "params": {"p_ai": 3.108008070878094, "p_al": 0.7933859337786535, "p_ex": 2.3370014693504007, "prior": 6.6578482115211814, "rate": 3.510850519903707}, "datetime": {"datetime": "2024-06-12 22:26:54", "elapsed": 129.422574, "delta": 0.113696}}
{"target": -207.1098197431528, "params": {"p_ai": 8.197382234314826, "p_al": 6.611887853176512, "p_ex": 6.243886676338824, "prior": 4.203358120025224, "rate": 6.450377826362334}, "datetime": {"datetime": "2024-06-12 22:26:54", "elapsed": 129.535302, "delta": 0.112728}}
{"target": -233.98213617847546, "params": {"p_ai": 8.748431716742354, "p_al": 3.1134152627298404, "p_ex": 3.4281775202831715, "prior": 8.486942886026812, "rate": 5.2994112343421165}, "datetime": {"datetime": "2024-06-12 22:26:55", "elapsed": 129.64804, "delta": 0.112738}}
{"target": -260.12961555649764, "params": {"p_ai": 9.2369571839855, "p_al": 1.876341924396167, "p_ex": 2.149517739976633, "prior": 8.624724998574818, "rate": 0.9958043191607387}, "datetime": {"datetime": "2024-06-12 22:26:55", "elapsed": 129.76074, "delta": 0.1127}}
{"target": -167.4781779113063, "params": {"p_ai": 4.717152090529902, "p_al": 8.394196189191932, "p_ex": 6.937672299169015, "prior": 4.622952603534849, "rate": 1.6528197430089593}, "datetime": {"datetime": "2024-06-12 22:26:55", "elapsed": 129.876431, "delta": 0.115691}}
{"target": -165.70533505537736, "params": {"p_ai": 5.508608102481257, "p_al": 9.879798710108535, "p_ex": 8.051770289111666, "prior": 0.5502334117385274, "rate": 7.109572833570658}, "datetime": {"datetime": "2024-06-12 22:26:55", "elapsed": 129.988242, "delta": 0.111811}}
{"target": -220.86951140241993, "params": {"p_ai": 9.766186129405565, "p_al": 1.9345458616173425, "p_ex": 9.564120655508974, "prior": 2.3342221271842782, "rate": 8.194158826769996}, "datetime": {"datetime": "2024-06-12 22:26:55", "elapsed": 130.100941, "delta": 0.112699}}
{"target": -138.19712126258634, "params": {"p_ai": 1.495037423229105, "p_al": 5.141533276633489, "p_ex": 3.64078281665956, "prior": 6.707204581969504, "rate": 1.7919917859267813}, "datetime": {"datetime": "2024-06-12 22:26:55", "elapsed": 130.213148, "delta": 0.112207}}
{"target": -165.00212295193424, "params": {"p_ai": 5.7979036601822145, "p_al": 0.02523445285068334, "p_ex": 4.257116698087814, "prior": 5.158416296806499, "rate": 8.378128201572276}, "datetime": {"datetime": "2024-06-12 22:26:55", "elapsed": 130.32485, "delta": 0.111702}}
{"target": -188.86228143150095, "params": {"p_ai": 7.5766190001251745, "p_al": 0.9198244994151032, "p_ex": 6.250711640076693, "prior": 6.600368859135195, "rate": 7.340553331594224}, "datetime": {"datetime": "2024-06-12 22:26:55", "elapsed": 130.436554, "delta": 0.111704}}
{"target": -155.65772935503065, "params": {"p_ai": 5.54904548691878, "p_al": 1.0744477434963486, "p_ex": 6.403837458691426, "prior": 6.705637999047665, "rate": 2.501819808528308}, "datetime": {"datetime": "2024-06-12 22:26:55", "elapsed": 130.54834, "delta": 0.111786}}
{"target": -217.68850375510024, "params": {"p_ai": 9.48280432589309, "p_al": 4.527038501594155, "p_ex": 8.667289673190226, "prior": 6.5311578451151915, "rate": 6.165734558182161}, "datetime": {"datetime": "2024-06-12 22:26:56", "elapsed": 130.660039, "delta": 0.111699}}
{"target": -144.697990964203, "params": {"p_ai": 5.494459397091557, "p_al": 6.4760270347112066, "p_ex": 8.443508165581074, "prior": 7.76901135554614, "rate": 6.726602036977152}, "datetime": {"datetime": "2024-06-12 22:26:56", "elapsed": 130.772739, "delta": 0.1127}}
{"target": -124.10862019345385, "params": {"p_ai": 0.31942149138614195, "p_al": 0.08793902853284469, "p_ex": 3.5860179122930487, "prior": 0.30730757815686666, "rate": 5.178956684935004}, "datetime": {"datetime": "2024-06-12 22:26:56", "elapsed": 130.884487, "delta": 0.111748}}
{"target": -159.18126497341177, "params": {"p_ai": 0.036535454134401193, "p_al": 4.80782326402619, "p_ex": 3.7767085158141884, "prior": 9.57468291548391, "rate": 0.5594796463757505}, "datetime": {"datetime": "2024-06-12 22:26:56", "elapsed": 130.997264, "delta": 0.112777}}
{"target": -159.07255096381218, "params": {"p_ai": 0.6528445415627977, "p_al": 8.492816205896958, "p_ex": 7.95278352446082, "prior": 9.35852567556453, "rate": 0.7832882493134576}, "datetime": {"datetime": "2024-06-12 22:26:56", "elapsed": 131.109471, "delta": 0.112207}}
{"target": -183.95768690719888, "params": {"p_ai": 6.201377645038051, "p_al": 5.144534332910894, "p_ex": 3.2164188746044267, "prior": 6.108503694482293, "rate": 9.180859807063097}, "datetime": {"datetime": "2024-06-12 22:26:56", "elapsed": 131.221677, "delta": 0.112206}}
{"target": -129.10303812118582, "params": {"p_ai": 0.6265924993176286, "p_al": 6.597601675698143, "p_ex": 2.8524298927798304, "prior": 4.05507146708443, "rate": 8.497095650065528}, "datetime": {"datetime": "2024-06-12 22:26:56", "elapsed": 131.334883, "delta": 0.113206}}
{"target": -125.457060504812, "params": {"p_ai": 1.2181733242743553, "p_al": 8.429867764940202, "p_ex": 4.043023200888809, "prior": 9.838890899842271, "rate": 9.180238599391384}, "datetime": {"datetime": "2024-06-12 22:26:56", "elapsed": 131.447122, "delta": 0.112239}}
{"target": -152.06465971386487, "params": {"p_ai": 4.077336153001339, "p_al": 2.9799051606075775, "p_ex": 2.210242885260159, "prior": 2.178141660255354, "rate": 7.687611904401776}, "datetime": {"datetime": "2024-06-12 22:26:57", "elapsed": 131.55882, "delta": 0.111698}}
{"target": -248.88793788873008, "params": {"p_ai": 7.554669376147851, "p_al": 9.782554060479685, "p_ex": 0.8340144091003872, "prior": 2.20261362016969, "rate": 9.837125648386799}, "datetime": {"datetime": "2024-06-12 22:26:57", "elapsed": 131.671148, "delta": 0.112328}}
{"target": -174.49815179458022, "params": {"p_ai": 5.464197414132971, "p_al": 5.537150485250019, "p_ex": 3.4883611819824956, "prior": 7.038160573017834, "rate": 4.998138049601288}, "datetime": {"datetime": "2024-06-12 22:26:57", "elapsed": 131.783532, "delta": 0.112384}}
{"target": -203.63559458989062, "params": {"p_ai": 4.695463118034527, "p_al": 5.4981786729584625, "p_ex": 0.25277683452447997, "prior": 5.313075133078175, "rate": 1.3305126437765193}, "datetime": {"datetime": "2024-06-12 22:26:57", "elapsed": 131.896231, "delta": 0.112699}}
{"target": -126.76575036190106, "params": {"p_ai": 4.589832013123402, "p_al": 0.8236297527845414, "p_ex": 8.88972752955972, "prior": 3.7848776219177442, "rate": 4.304116749507192}, "datetime": {"datetime": "2024-06-12 22:26:57", "elapsed": 132.007974, "delta": 0.111743}}
{"target": -191.11249841000844, "params": {"p_ai": 7.42086975507282, "p_al": 1.5585894193146912, "p_ex": 5.750661895522346, "prior": 5.110966459574796, "rate": 3.6836674731700536}, "datetime": {"datetime": "2024-06-12 22:26:57", "elapsed": 132.119675, "delta": 0.111701}}
{"target": -188.75717468378542, "params": {"p_ai": 6.833671828543643, "p_al": 7.9450675417095376, "p_ex": 4.677377247445764, "prior": 6.273883706867163, "rate": 9.125478629073205}, "datetime": {"datetime": "2024-06-12 22:26:57", "elapsed": 132.231376, "delta": 0.111701}}
{"target": -138.27025716308498, "params": {"p_ai": 4.570261651531608, "p_al": 1.3510644515976318, "p_ex": 5.432787710600775, "prior": 4.300850527874765, "rate": 7.6833624868607115}, "datetime": {"datetime": "2024-06-12 22:26:57", "elapsed": 132.343078, "delta": 0.111702}}
{"target": -205.32082163375378, "params": {"p_ai": 7.9769484337322085, "p_al": 1.719287872743418, "p_ex": 4.379951424269699, "prior": 2.6689431273447055, "rate": 9.54693755681465}, "datetime": {"datetime": "2024-06-12 22:26:57", "elapsed": 132.453782, "delta": 0.110704}}
{"target": -240.29535877798264, "params": {"p_ai": 9.368784466603346, "p_al": 4.344053171062984, "p_ex": 4.310675867474359, "prior": 7.465025027815888, "rate": 5.960163519806027}, "datetime": {"datetime": "2024-06-12 22:26:58", "elapsed": 132.565656, "delta": 0.111874}}
{"target": -113.86225723953815, "params": {"p_ai": 2.5914507949566294, "p_al": 4.832217482249796, "p_ex": 8.901193658424264, "prior": 6.815859364103486, "rate": 5.631702156360547}, "datetime": {"datetime": "2024-06-12 22:26:58", "elapsed": 132.678668, "delta": 0.113012}}
{"target": -201.40405768412677, "params": {"p_ai": 8.767662490335308, "p_al": 2.763487550262558, "p_ex": 9.968477906522146, "prior": 1.9991984933975355, "rate": 8.398095485642296}, "datetime": {"datetime": "2024-06-12 22:26:58", "elapsed": 132.79083, "delta": 0.112162}}
{"target": -207.77217881519346, "params": {"p_ai": 7.423677265955892, "p_al": 8.640675120134116, "p_ex": 5.849590827242212, "prior": 2.324580257505538, "rate": 4.835715793215803}, "datetime": {"datetime": "2024-06-12 22:26:58", "elapsed": 132.902799, "delta": 0.111969}}
{"target": -271.76087948231856, "params": {"p_ai": 8.623889760611993, "p_al": 7.9782472422770105, "p_ex": 1.7359318579858802, "prior": 9.922107078907667, "rate": 0.30509199963247896}, "datetime": {"datetime": "2024-06-12 22:26:58", "elapsed": 133.015157, "delta": 0.112358}}
{"target": -125.52317753568364, "params": {"p_ai": 3.9270919843333023, "p_al": 7.544258751962611, "p_ex": 9.737423089296351, "prior": 1.4221242946982606, "rate": 9.240481445983646}, "datetime": {"datetime": "2024-06-12 22:26:58", "elapsed": 133.127768, "delta": 0.112611}}
{"target": -140.16563804689685, "params": {"p_ai": 2.1910205215764544, "p_al": 5.526832829595483, "p_ex": 4.328641890073879, "prior": 8.080742990009732, "rate": 1.3865572395397008}, "datetime": {"datetime": "2024-06-12 22:26:58", "elapsed": 133.240471, "delta": 0.112703}}
{"target": -136.41716980435487, "params": {"p_ai": 1.909508341737192, "p_al": 5.6755575331194175, "p_ex": 2.1003068821380864, "prior": 8.800046492896152, "rate": 5.783951692141619}, "datetime": {"datetime": "2024-06-12 22:26:58", "elapsed": 133.355273, "delta": 0.114802}}
{"target": -270.14915426476034, "params": {"p_ai": 9.11763929464358, "p_al": 7.643651482024123, "p_ex": 4.749956447996781, "prior": 6.924390576051481, "rate": 0.5989622103785784}, "datetime": {"datetime": "2024-06-12 22:26:58", "elapsed": 133.472958, "delta": 0.117685}}
{"target": -281.94234852032196, "params": {"p_ai": 6.3129540540322955, "p_al": 9.840488596571019, "p_ex": 1.1947254178184115, "prior": 4.516215172846799, "rate": 0.186320913059088}, "datetime": {"datetime": "2024-06-12 22:26:59", "elapsed": 133.587469, "delta": 0.114511}}
{"target": -182.05415851517023, "params": {"p_ai": 6.881590456377558, "p_al": 0.19520689181535128, "p_ex": 4.553266930065085, "prior": 2.192284951246659, "rate": 8.072347745473287}, "datetime": {"datetime": "2024-06-12 22:26:59", "elapsed": 133.700168, "delta": 0.112699}}
{"target": -176.63827723618155, "params": {"p_ai": 6.45672843017831, "p_al": 6.663022020111727, "p_ex": 5.49936117147423, "prior": 2.505213584343981, "rate": 8.157094551477481}, "datetime": {"datetime": "2024-06-12 22:26:59", "elapsed": 133.812867, "delta": 0.112699}}
{"target": -217.5123938111635, "params": {"p_ai": 8.801319434535824, "p_al": 4.383732672865362, "p_ex": 5.863711820741532, "prior": 6.243379942629359, "rate": 7.2763279918173565}, "datetime": {"datetime": "2024-06-12 22:26:59", "elapsed": 133.924568, "delta": 0.111701}}
{"target": -153.3493113752969, "params": {"p_ai": 5.909446588136741, "p_al": 8.066169168171944, "p_ex": 8.241056701548581, "prior": 5.56594710415588, "rate": 8.829655088096155}, "datetime": {"datetime": "2024-06-12 22:26:59", "elapsed": 134.045297, "delta": 0.120729}}
{"target": -112.39440359328619, "params": {"p_ai": 2.030183481832614, "p_al": 4.136740721638024, "p_ex": 6.301468383632087, "prior": 1.026624399024025, "rate": 7.186717564230962}, "datetime": {"datetime": "2024-06-12 22:26:59", "elapsed": 134.156999, "delta": 0.111702}}
{"target": -159.5552040460899, "params": {"p_ai": 4.797353694402805, "p_al": 3.7905593772416504, "p_ex": 4.519015226631978, "prior": 3.6764939669400882, "rate": 2.396140900867299}, "datetime": {"datetime": "2024-06-12 22:26:59", "elapsed": 134.269698, "delta": 0.112699}}
{"target": -338.4947224101581, "params": {"p_ai": 9.158808384961374, "p_al": 7.993823586812164, "p_ex": 3.3400662738532176, "prior": 1.691347664222673, "rate": 1.1671456351759943}, "datetime": {"datetime": "2024-06-12 22:26:59", "elapsed": 134.393367, "delta": 0.123669}}
{"target": -253.08747080613304, "params": {"p_ai": 7.953533147920134, "p_al": 7.020580256606766, "p_ex": 0.7532513187567459, "prior": 1.166823302672875, "rate": 9.138126532938669}, "datetime": {"datetime": "2024-06-12 22:26:59", "elapsed": 134.505071, "delta": 0.111704}}
{"target": -262.83979190664553, "params": {"p_ai": 8.697844167744172, "p_al": 2.920232491930596, "p_ex": 1.0208976946159853, "prior": 8.089104924003614, "rate": 0.2627104683380913}, "datetime": {"datetime": "2024-06-12 22:27:00", "elapsed": 134.620731, "delta": 0.11566}}
{"target": -164.18737190563385, "params": {"p_ai": 6.363840611525337, "p_al": 1.6017100608988064, "p_ex": 6.9165526625765725, "prior": 1.6810289418629691, "rate": 3.491138224246637}, "datetime": {"datetime": "2024-06-12 22:27:00", "elapsed": 134.741116, "delta": 0.120385}}
{"target": -135.48337174519304, "params": {"p_ai": 1.2217470762698304, "p_al": 2.8715832231230745, "p_ex": 1.2918445291131877, "prior": 4.634398325740474, "rate": 6.494427895595687}, "datetime": {"datetime": "2024-06-12 22:27:00", "elapsed": 134.853815, "delta": 0.112699}}
{"target": -130.79100909957776, "params": {"p_ai": 3.945711176055152, "p_al": 9.529632056090795, "p_ex": 7.5488990420267905, "prior": 5.444208932057693, "rate": 5.635665396494203}, "datetime": {"datetime": "2024-06-12 22:27:00", "elapsed": 134.966066, "delta": 0.112251}}
{"target": -145.7920926392703, "params": {"p_ai": 3.2067189291281246, "p_al": 5.1256851497310105, "p_ex": 7.578359160217539, "prior": 0.019094445132394236, "rate": 4.806438381858799}, "datetime": {"datetime": "2024-06-12 22:27:00", "elapsed": 135.078659, "delta": 0.112593}}
{"target": -259.747476491591, "params": {"p_ai": 9.041661253802573, "p_al": 8.49515263986085, "p_ex": 2.210733350081861, "prior": 7.362628184334368, "rate": 5.849151492900638}, "datetime": {"datetime": "2024-06-12 22:27:00", "elapsed": 135.190988, "delta": 0.112329}}
{"target": -169.76397503925068, "params": {"p_ai": 5.255835607120612, "p_al": 6.614783683990001, "p_ex": 6.321044057567672, "prior": 0.7151025607260231, "rate": 4.169005514761933}, "datetime": {"datetime": "2024-06-12 22:27:00", "elapsed": 135.303687, "delta": 0.112699}}
{"target": -129.98163166286804, "params": {"p_ai": 1.9937729109275177, "p_al": 7.006133824526521, "p_ex": 2.733830011362588, "prior": 4.36475792464087, "rate": 8.216434846465544}, "datetime": {"datetime": "2024-06-12 22:27:00", "elapsed": 135.417418, "delta": 0.113731}}
{"target": -243.5091022571995, "params": {"p_ai": 7.830846811027753, "p_al": 8.541747338132712, "p_ex": 4.791059397936408, "prior": 9.265020905257298, "rate": 0.31651532588659786}, "datetime": {"datetime": "2024-06-12 22:27:00", "elapsed": 135.529084, "delta": 0.111666}}
{"target": -216.51322763967644, "params": {"p_ai": 9.382894180194201, "p_al": 3.486939297026049, "p_ex": 8.128417943848676, "prior": 9.483262648120892, "rate": 8.918248902749156}, "datetime": {"datetime": "2024-06-12 22:27:01", "elapsed": 135.642724, "delta": 0.11364}}
{"target": -191.09973143063428, "params": {"p_ai": 6.980493154617331, "p_al": 6.702161211463432, "p_ex": 9.735806149757353, "prior": 4.651622241751715, "rate": 1.041066599814464}, "datetime": {"datetime": "2024-06-12 22:27:01", "elapsed": 135.755598, "delta": 0.112874}}
{"target": -149.57663089831976, "params": {"p_ai": 0.24245002232675625, "p_al": 8.813120742542266, "p_ex": 0.2628840047433559, "prior": 9.508329064990603, "rate": 5.699606506289468}, "datetime": {"datetime": "2024-06-12 22:27:01", "elapsed": 135.867994, "delta": 0.112396}}
{"target": -167.17447510475606, "params": {"p_ai": 6.576021749131163, "p_al": 9.09179504001318, "p_ex": 9.019620872778102, "prior": 3.9091594587470984, "rate": 6.125782177941578}, "datetime": {"datetime": "2024-06-12 22:27:01", "elapsed": 135.998033, "delta": 0.130039}}
{"target": -207.64114152821023, "params": {"p_ai": 5.218831682013069, "p_al": 8.17059517218126, "p_ex": 0.5627719463722749, "prior": 6.270127500862848, "rate": 4.297954011811012}, "datetime": {"datetime": "2024-06-12 22:27:01", "elapsed": 136.127197, "delta": 0.129164}}
{"target": -254.5590415172405, "params": {"p_ai": 8.609447038019638, "p_al": 6.878977413745697, "p_ex": 2.6109850302264275, "prior": 1.3432532705529092, "rate": 5.413875453092533}, "datetime": {"datetime": "2024-06-12 22:27:01", "elapsed": 136.251907, "delta": 0.12471}}
{"target": -222.59469437344333, "params": {"p_ai": 9.819012120756634, "p_al": 3.499722646397456, "p_ex": 9.954122077242438, "prior": 5.181234164226793, "rate": 1.904182550810897}, "datetime": {"datetime": "2024-06-12 22:27:01", "elapsed": 136.366206, "delta": 0.114299}}
{"target": -146.4471604235826, "params": {"p_ai": 0.30712590686761615, "p_al": 3.0309276516409356, "p_ex": 0.35174656833291573, "prior": 5.900921198720781, "rate": 7.0165037393658105}, "datetime": {"datetime": "2024-06-12 22:27:01", "elapsed": 136.481972, "delta": 0.115766}}
{"target": -226.5808061978273, "params": {"p_ai": 6.700208631568559, "p_al": 3.562742211934341, "p_ex": 1.1173356401792924, "prior": 6.413560588425594, "rate": 0.6329099655243793}, "datetime": {"datetime": "2024-06-12 22:27:02", "elapsed": 136.60344, "delta": 0.121468}}
{"target": -232.7907028953673, "params": {"p_ai": 6.443987648198351, "p_al": 8.353053532336451, "p_ex": 0.5725332547723604, "prior": 3.5593410688867464, "rate": 6.187575523511704}, "datetime": {"datetime": "2024-06-12 22:27:02", "elapsed": 136.72009, "delta": 0.11665}}
{"target": -166.22603442998533, "params": {"p_ai": 6.38636927872118, "p_al": 1.9801894893735854, "p_ex": 6.234005158129913, "prior": 5.575848835909828, "rate": 8.85729191957795}, "datetime": {"datetime": "2024-06-12 22:27:02", "elapsed": 136.832799, "delta": 0.112709}}
{"target": -215.24340682900848, "params": {"p_ai": 6.97055744473302, "p_al": 3.643266741262771, "p_ex": 2.254250283076692, "prior": 6.109480458106601, "rate": 2.556398171689667}, "datetime": {"datetime": "2024-06-12 22:27:02", "elapsed": 136.944863, "delta": 0.112064}}
{"target": -132.9555695471248, "params": {"p_ai": 0.7590572493322048, "p_al": 8.227198340682186, "p_ex": 2.280295035026282, "prior": 3.796148655644795, "rate": 8.465027322047543}, "datetime": {"datetime": "2024-06-12 22:27:02", "elapsed": 137.058407, "delta": 0.113544}}
{"target": -123.61639964115568, "params": {"p_ai": 1.0324033580838927, "p_al": 9.693928441604834, "p_ex": 5.228714566158481, "prior": 6.733691686640446, "rate": 7.315572776262529}, "datetime": {"datetime": "2024-06-12 22:27:02", "elapsed": 137.170977, "delta": 0.11257}}
{"target": -233.16756365902782, "params": {"p_ai": 9.809807071293001, "p_al": 5.528017017073172, "p_ex": 6.9975437198086, "prior": 6.827180526705036, "rate": 6.30270117869245}, "datetime": {"datetime": "2024-06-12 22:27:02", "elapsed": 137.282678, "delta": 0.111701}}
