{"target": -150.12862512832737, "params": {"gamma": 0.04976556777778367, "lr": 0.3253313297689604}, "datetime": {"datetime": "2024-06-13 15:57:59", "elapsed": 6.486095, "delta": 0.005984}}
{"target": -3146.654458096308, "params": {"gamma": 8.389610534784513, "lr": 0.06282398021726943}, "datetime": {"datetime": "2024-06-13 15:57:59", "elapsed": 6.491082, "delta": 0.004987}}
{"target": -262.4102067357333, "params": {"gamma": 1.0550920446467325, "lr": 0.7017873465119159}, "datetime": {"datetime": "2024-06-13 15:57:59", "elapsed": 6.496069, "delta": 0.004987}}
{"target": -955.5181804462862, "params": {"gamma": 5.142068519294122, "lr": 0.49816682499451226}, "datetime": {"datetime": "2024-06-13 15:57:59", "elapsed": 6.501056, "delta": 0.004987}}
{"target": -766.4918678786779, "params": {"gamma": 3.736723579545134, "lr": 0.603513616671319}, "datetime": {"datetime": "2024-06-13 15:57:59", "elapsed": 6.506042, "delta": 0.004986}}
{"target": -1424.6098758214555, "params": {"gamma": 8.514836200003508, "lr": 0.27692305646899273}, "datetime": {"datetime": "2024-06-13 15:57:59", "elapsed": 6.510031, "delta": 0.003989}}
{"target": -1573.3116538149898, "params": {"gamma": 8.447768867073506, "lr": 0.41661914857211835}, "datetime": {"datetime": "2024-06-13 15:57:59", "elapsed": 6.516016, "delta": 0.005985}}
{"target": -1058.6344108187436, "params": {"gamma": 5.010339139927012, "lr": 0.7296233785681803}, "datetime": {"datetime": "2024-06-13 15:57:59", "elapsed": 6.521002, "delta": 0.004986}}
{"target": -639.2027451722428, "params": {"gamma": 2.5879583533585664, "lr": 0.9216369186561401}, "datetime": {"datetime": "2024-06-13 15:57:59", "elapsed": 6.525988, "delta": 0.004986}}
{"target": -1424.6169813058923, "params": {"gamma": 7.020992572824255, "lr": 0.618930423097489}, "datetime": {"datetime": "2024-06-13 15:57:59", "elapsed": 6.530976, "delta": 0.004988}}
{"target": -579.8681001716274, "params": {"gamma": 2.7308153642818653, "lr": 0.6958484563594459}, "datetime": {"datetime": "2024-06-13 15:57:59", "elapsed": 6.536958, "delta": 0.005982}}
{"target": -596.2082088766258, "params": {"gamma": 2.5728902697861002, "lr": 0.8164526703274775}, "datetime": {"datetime": "2024-06-13 15:57:59", "elapsed": 6.541946, "delta": 0.004988}}
{"target": -151.51166070571517, "params": {"gamma": 0.11571307777403769, "lr": 0.1665376436115401}, "datetime": {"datetime": "2024-06-13 15:57:59", "elapsed": 6.546933, "delta": 0.004987}}
{"target": -1208.0630001822756, "params": {"gamma": 5.578732058631829, "lr": 0.7122809996025021}, "datetime": {"datetime": "2024-06-13 15:57:59", "elapsed": 6.551919, "delta": 0.004986}}
{"target": -1170.312626040952, "params": {"gamma": 4.925314058477191, "lr": 0.8778095014799501}, "datetime": {"datetime": "2024-06-13 15:57:59", "elapsed": 6.556906, "delta": 0.004987}}
{"target": -1794.8735864659945, "params": {"gamma": 9.758723505691574, "lr": 0.46427706754424325}, "datetime": {"datetime": "2024-06-13 15:57:59", "elapsed": 6.560895, "delta": 0.003989}}
{"target": -1416.707120574443, "params": {"gamma": 7.680101807848576, "lr": 0.49477213383352725}, "datetime": {"datetime": "2024-06-13 15:57:59", "elapsed": 6.565882, "delta": 0.004987}}
{"target": -1192.2924158655917, "params": {"gamma": 6.651322684579871, "lr": 0.22487497996736572}, "datetime": {"datetime": "2024-06-13 15:57:59", "elapsed": 6.570868, "delta": 0.004986}}
{"target": -297.15589035837667, "params": {"gamma": 1.0963076304454686, "lr": 0.9790089375741902}, "datetime": {"datetime": "2024-06-13 15:57:59", "elapsed": 6.574858, "delta": 0.00399}}
{"target": -1364.285606433454, "params": {"gamma": 8.150131602400142, "lr": 0.28538353244953096}, "datetime": {"datetime": "2024-06-13 15:57:59", "elapsed": 6.58184, "delta": 0.006982}}
{"target": -954.4731679923427, "params": {"gamma": 5.858698015894784, "lr": 0.38007120527879124}, "datetime": {"datetime": "2024-06-13 15:57:59", "elapsed": 6.586828, "delta": 0.004988}}
{"target": -353.42031774059296, "params": {"gamma": 1.7642040696578871, "lr": 0.4188351430524928}, "datetime": {"datetime": "2024-06-13 15:57:59", "elapsed": 6.59208, "delta": 0.005252}}
{"target": -1130.8716722352358, "params": {"gamma": 2.9725807541730793, "lr": 0.016624106532905913}, "datetime": {"datetime": "2024-06-13 15:57:59", "elapsed": 6.597066, "delta": 0.004986}}
{"target": -944.00452698987, "params": {"gamma": 3.8742957016810964, "lr": 0.9209130038047522}, "datetime": {"datetime": "2024-06-13 15:57:59", "elapsed": 6.60305, "delta": 0.005984}}
{"target": -1557.9357545950998, "params": {"gamma": 8.28217438681578, "lr": 0.5740747551965509}, "datetime": {"datetime": "2024-06-13 15:57:59", "elapsed": 6.608037, "delta": 0.004987}}
{"target": -584.0245098212147, "params": {"gamma": 3.1871500009390448, "lr": 0.23126429488543754}, "datetime": {"datetime": "2024-06-13 15:57:59", "elapsed": 6.613024, "delta": 0.004987}}
{"target": -1758.0473788914123, "params": {"gamma": 9.560239816725709, "lr": 0.5646100990687117}, "datetime": {"datetime": "2024-06-13 15:57:59", "elapsed": 6.618011, "delta": 0.004987}}
{"target": -410.6943626428987, "params": {"gamma": 2.176835430287672, "lr": 0.24948205109862287}, "datetime": {"datetime": "2024-06-13 15:57:59", "elapsed": 6.622997, "delta": 0.004986}}
{"target": -1711.7771452042011, "params": {"gamma": 9.59600242910666, "lr": 0.238814133296392}, "datetime": {"datetime": "2024-06-13 15:57:59", "elapsed": 6.627494, "delta": 0.004497}}
{"target": -284.483913786581, "params": {"gamma": 1.068034169467023, "lr": 0.18396193975266917}, "datetime": {"datetime": "2024-06-13 15:57:59", "elapsed": 6.63248, "delta": 0.004986}}
{"target": -1653.7196717604495, "params": {"gamma": 7.662481844372273, "lr": 0.7087642559312614}, "datetime": {"datetime": "2024-06-13 15:57:59", "elapsed": 6.638989, "delta": 0.006509}}
{"target": -952.4059939516707, "params": {"gamma": 4.379981305846461, "lr": 0.7938045071164251}, "datetime": {"datetime": "2024-06-13 15:57:59", "elapsed": 6.643867, "delta": 0.004878}}
{"target": -970.4117151106905, "params": {"gamma": 5.1756094087340525, "lr": 0.41359816112910697}, "datetime": {"datetime": "2024-06-13 15:57:59", "elapsed": 6.649489, "delta": 0.005622}}
{"target": -308.208031258426, "params": {"gamma": 1.1753019203396682, "lr": 0.8839110659363493}, "datetime": {"datetime": "2024-06-13 15:57:59", "elapsed": 6.654475, "delta": 0.004986}}
{"target": -572.3415556748167, "params": {"gamma": 2.7566565508887577, "lr": 0.6162607233298604}, "datetime": {"datetime": "2024-06-13 15:57:59", "elapsed": 6.659462, "delta": 0.004987}}
{"target": -2295.2503691570428, "params": {"gamma": 9.8458132098281, "lr": 0.1894180220437538}, "datetime": {"datetime": "2024-06-13 15:57:59", "elapsed": 6.663416, "delta": 0.003954}}
{"target": -1919.474545291888, "params": {"gamma": 9.651914729938635, "lr": 0.6527153684256953}, "datetime": {"datetime": "2024-06-13 15:57:59", "elapsed": 6.670398, "delta": 0.006982}}
{"target": -308.0741854545175, "params": {"gamma": 1.28818731436088, "lr": 0.7719271460730484}, "datetime": {"datetime": "2024-06-13 15:57:59", "elapsed": 6.674387, "delta": 0.003989}}
{"target": -1750.325821851688, "params": {"gamma": 9.51780600679268, "lr": 0.5627805496894249}, "datetime": {"datetime": "2024-06-13 15:57:59", "elapsed": 6.679373, "delta": 0.004986}}
{"target": -2586.5663905312654, "params": {"gamma": 6.885863442381723, "lr": 0.0263478788699828}, "datetime": {"datetime": "2024-06-13 15:57:59", "elapsed": 6.683363, "delta": 0.00399}}
{"target": -1553.829531166909, "params": {"gamma": 9.890767779393961, "lr": 0.3184571198136825}, "datetime": {"datetime": "2024-06-13 15:57:59", "elapsed": 6.688349, "delta": 0.004986}}
{"target": -150.4954099096538, "params": {"gamma": 0.24001388988282726, "lr": 0.8085641504743885}, "datetime": {"datetime": "2024-06-13 15:57:59", "elapsed": 6.693336, "delta": 0.004987}}
{"target": -2040.338947784199, "params": {"gamma": 9.732552265118914, "lr": 0.7375885099166811}, "datetime": {"datetime": "2024-06-13 15:57:59", "elapsed": 6.698324, "delta": 0.004988}}
{"target": -152.71862559468636, "params": {"gamma": 0.028355324647958178, "lr": 0.06336051137403531}, "datetime": {"datetime": "2024-06-13 15:57:59", "elapsed": 6.70331, "delta": 0.004986}}
{"target": -953.7031520208517, "params": {"gamma": 5.843109782870581, "lr": 0.3357151077556031}, "datetime": {"datetime": "2024-06-13 15:57:59", "elapsed": 6.707299, "delta": 0.003989}}
{"target": -2067.696583714124, "params": {"gamma": 8.818452974037214, "lr": 0.8736693693569384}, "datetime": {"datetime": "2024-06-13 15:57:59", "elapsed": 6.712285, "delta": 0.004986}}
{"target": -2089.7584191302767, "params": {"gamma": 9.875201568135711, "lr": 0.7158319690725937}, "datetime": {"datetime": "2024-06-13 15:57:59", "elapsed": 6.717273, "delta": 0.004988}}
{"target": -1380.558324187491, "params": {"gamma": 8.768960114386706, "lr": 0.3196501118620526}, "datetime": {"datetime": "2024-06-13 15:57:59", "elapsed": 6.722259, "delta": 0.004986}}
{"target": -294.4429851686185, "params": {"gamma": 1.1126583422461405, "lr": 0.8653641057823798}, "datetime": {"datetime": "2024-06-13 15:57:59", "elapsed": 6.727245, "delta": 0.004986}}
{"target": -579.032917648675, "params": {"gamma": 3.035422507017289, "lr": 0.4193322981668862}, "datetime": {"datetime": "2024-06-13 15:57:59", "elapsed": 6.733246, "delta": 0.006001}}
{"target": -1312.0838626476948, "params": {"gamma": 6.460656540458656, "lr": 0.6050991341555126}, "datetime": {"datetime": "2024-06-13 15:57:59", "elapsed": 6.739218, "delta": 0.005972}}
{"target": -693.629121087744, "params": {"gamma": 4.209809922064285, "lr": 0.38615051187059357}, "datetime": {"datetime": "2024-06-13 15:57:59", "elapsed": 6.744205, "delta": 0.004987}}
{"target": -259.02215054418747, "params": {"gamma": 1.227687737548204, "lr": 0.5338618843034166}, "datetime": {"datetime": "2024-06-13 15:57:59", "elapsed": 6.750189, "delta": 0.005984}}
{"target": -518.9526681118218, "params": {"gamma": 2.329308118342716, "lr": 0.7548078511004613}, "datetime": {"datetime": "2024-06-13 15:57:59", "elapsed": 6.756173, "delta": 0.005984}}
{"target": -2535.605342780313, "params": {"gamma": 6.749030971060837, "lr": 0.07192696480921446}, "datetime": {"datetime": "2024-06-13 15:57:59", "elapsed": 6.762157, "delta": 0.005984}}
{"target": -2130.936500457252, "params": {"gamma": 9.892657582673268, "lr": 0.7804569355743413}, "datetime": {"datetime": "2024-06-13 15:57:59", "elapsed": 6.767144, "delta": 0.004987}}
{"target": -874.5628504791957, "params": {"gamma": 2.279031043019085, "lr": 0.030742818349697054}, "datetime": {"datetime": "2024-06-13 15:58:00", "elapsed": 6.818546, "delta": 0.051402}}
{"target": -784.9972529349533, "params": {"gamma": 4.784239938885914, "lr": 0.35274243750107404}, "datetime": {"datetime": "2024-06-13 15:58:00", "elapsed": 6.825528, "delta": 0.006982}}
{"target": -1093.2404600772447, "params": {"gamma": 5.465568482142916, "lr": 0.6596639554249211}, "datetime": {"datetime": "2024-06-13 15:58:00", "elapsed": 6.830514, "delta": 0.004986}}
{"target": -2991.2543811277606, "params": {"gamma": 7.972400853780025, "lr": 0.013544346839127641}, "datetime": {"datetime": "2024-06-13 15:58:00", "elapsed": 6.840193, "delta": 0.009679}}
{"target": -1103.7381561160623, "params": {"gamma": 7.143240843274906, "lr": 0.2953139661018992}, "datetime": {"datetime": "2024-06-13 15:58:00", "elapsed": 6.846177, "delta": 0.005984}}
{"target": -2252.2647536595996, "params": {"gamma": 9.864039353798532, "lr": 0.8462417305877817}, "datetime": {"datetime": "2024-06-13 15:58:00", "elapsed": 6.851163, "delta": 0.004986}}
{"target": -1059.0788551430794, "params": {"gamma": 5.604451409666734, "lr": 0.5977656853768393}, "datetime": {"datetime": "2024-06-13 15:58:00", "elapsed": 6.856423, "delta": 0.00526}}
{"target": -368.02307143857325, "params": {"gamma": 1.9215646543725684, "lr": 0.2262515885870655}, "datetime": {"datetime": "2024-06-13 15:58:00", "elapsed": 6.861406, "delta": 0.004983}}
{"target": -283.85237083384135, "params": {"gamma": 1.5409777702011733, "lr": 0.37781354746444173}, "datetime": {"datetime": "2024-06-13 15:58:00", "elapsed": 6.866396, "delta": 0.00499}}
{"target": -242.6999904530273, "params": {"gamma": 1.1204424879714694, "lr": 0.5112728936342619}, "datetime": {"datetime": "2024-06-13 15:58:00", "elapsed": 6.872169, "delta": 0.005773}}
{"target": -2056.5866164888125, "params": {"gamma": 6.385141076060073, "lr": 0.12221237823698328}, "datetime": {"datetime": "2024-06-13 15:58:00", "elapsed": 6.876154, "delta": 0.003985}}
{"target": -1305.2251732384268, "params": {"gamma": 3.442619392943751, "lr": 0.07034787968520784}, "datetime": {"datetime": "2024-06-13 15:58:00", "elapsed": 6.881788, "delta": 0.005634}}
{"target": -1052.3588440806802, "params": {"gamma": 5.25808611153342, "lr": 0.6502897692030054}, "datetime": {"datetime": "2024-06-13 15:58:00", "elapsed": 6.88777, "delta": 0.005982}}
{"target": -1389.2238022501645, "params": {"gamma": 6.155105941609653, "lr": 0.8138695628094851}, "datetime": {"datetime": "2024-06-13 15:58:00", "elapsed": 6.892756, "delta": 0.004986}}
{"target": -494.06888139215926, "params": {"gamma": 2.3564267987877012, "lr": 0.6181818418404456}, "datetime": {"datetime": "2024-06-13 15:58:00", "elapsed": 6.897036, "delta": 0.00428}}
{"target": -1122.96019482378, "params": {"gamma": 3.028982363807174, "lr": 0.0887677060791423}, "datetime": {"datetime": "2024-06-13 15:58:00", "elapsed": 6.902023, "delta": 0.004987}}
{"target": -1160.7902879124613, "params": {"gamma": 3.053309454186566, "lr": 0.07135647494461617}, "datetime": {"datetime": "2024-06-13 15:58:00", "elapsed": 6.907009, "delta": 0.004986}}
{"target": -2028.9847179363405, "params": {"gamma": 9.585783535985689, "lr": 0.7271654349269293}, "datetime": {"datetime": "2024-06-13 15:58:00", "elapsed": 6.911996, "delta": 0.004987}}
{"target": -256.3383035631875, "params": {"gamma": 1.0155071173822163, "lr": 0.7862693223485936}, "datetime": {"datetime": "2024-06-13 15:58:00", "elapsed": 6.916983, "delta": 0.004987}}
{"target": -860.2970983005487, "params": {"gamma": 3.5222014456052215, "lr": 0.9114351403237924}, "datetime": {"datetime": "2024-06-13 15:58:00", "elapsed": 6.921969, "delta": 0.004986}}
{"target": -1170.204433211333, "params": {"gamma": 4.955478850036387, "lr": 0.8726927229848721}, "datetime": {"datetime": "2024-06-13 15:58:00", "elapsed": 6.927335, "delta": 0.005366}}
{"target": -379.82800034171197, "params": {"gamma": 2.206077417642493, "lr": 0.36719232590326556}, "datetime": {"datetime": "2024-06-13 15:58:00", "elapsed": 6.932418, "delta": 0.005083}}
{"target": -1308.7331122448466, "params": {"gamma": 3.6690025846416687, "lr": 0.09713268160328525}, "datetime": {"datetime": "2024-06-13 15:58:00", "elapsed": 6.937404, "delta": 0.004986}}
{"target": -670.2334779605437, "params": {"gamma": 3.310813326223882, "lr": 0.6597098038387995}, "datetime": {"datetime": "2024-06-13 15:58:00", "elapsed": 6.94239, "delta": 0.004986}}
{"target": -1109.6446289303349, "params": {"gamma": 4.665968370246033, "lr": 0.8792315697444312}, "datetime": {"datetime": "2024-06-13 15:58:00", "elapsed": 6.947377, "delta": 0.004987}}
{"target": -456.1349023295124, "params": {"gamma": 2.6974329936370927, "lr": 0.3548193487216488}, "datetime": {"datetime": "2024-06-13 15:58:00", "elapsed": 6.954359, "delta": 0.006982}}
{"target": -594.3008878313219, "params": {"gamma": 3.2042225472159718, "lr": 0.5517379706217076}, "datetime": {"datetime": "2024-06-13 15:58:00", "elapsed": 6.958377, "delta": 0.004018}}
{"target": -449.8547282133551, "params": {"gamma": 1.8830059366472722, "lr": 0.1732442715081729}, "datetime": {"datetime": "2024-06-13 15:58:00", "elapsed": 6.96363, "delta": 0.005253}}
{"target": -1516.0794292935873, "params": {"gamma": 9.394879760160336, "lr": 0.37664771374633}, "datetime": {"datetime": "2024-06-13 15:58:00", "elapsed": 6.968125, "delta": 0.004495}}
{"target": -2208.773196671885, "params": {"gamma": 5.871394250695616, "lr": 0.05515208501882385}, "datetime": {"datetime": "2024-06-13 15:58:00", "elapsed": 6.973112, "delta": 0.004987}}
{"target": -532.6639519992307, "params": {"gamma": 1.409439110996769, "lr": 0.09635855186124331}, "datetime": {"datetime": "2024-06-13 15:58:00", "elapsed": 6.980093, "delta": 0.006981}}
{"target": -2854.597129252359, "params": {"gamma": 8.121343564013504, "lr": 0.10314678258346421}, "datetime": {"datetime": "2024-06-13 15:58:00", "elapsed": 6.98508, "delta": 0.004987}}
{"target": -1362.0308496522048, "params": {"gamma": 5.163644140749812, "lr": 0.1555778979920741}, "datetime": {"datetime": "2024-06-13 15:58:00", "elapsed": 6.990066, "delta": 0.004986}}
{"target": -672.3576805542635, "params": {"gamma": 2.7888887375330564, "lr": 0.8826020025030701}, "datetime": {"datetime": "2024-06-13 15:58:00", "elapsed": 6.994056, "delta": 0.00399}}
{"target": -1526.5029671605366, "params": {"gamma": 6.316306057543976, "lr": 0.9636627102130699}, "datetime": {"datetime": "2024-06-13 15:58:00", "elapsed": 6.999043, "delta": 0.004987}}
{"target": -2255.7473395396933, "params": {"gamma": 5.997543941794315, "lr": 0.009519716216558005}, "datetime": {"datetime": "2024-06-13 15:58:00", "elapsed": 7.004029, "delta": 0.004986}}
{"target": -1570.6995136720532, "params": {"gamma": 4.156994414198696, "lr": 0.02244175435867979}, "datetime": {"datetime": "2024-06-13 15:58:00", "elapsed": 7.009016, "delta": 0.004987}}
{"target": -594.1494901611165, "params": {"gamma": 3.1405292961414175, "lr": 0.48162493072074175}, "datetime": {"datetime": "2024-06-13 15:58:00", "elapsed": 7.015999, "delta": 0.006983}}
{"target": -1034.3253524509, "params": {"gamma": 5.755017951896957, "lr": 0.2386502029289299}, "datetime": {"datetime": "2024-06-13 15:58:00", "elapsed": 7.020984, "delta": 0.004985}}
{"target": -910.8185147715482, "params": {"gamma": 5.583307497898072, "lr": 0.3949201341072339}, "datetime": {"datetime": "2024-06-13 15:58:00", "elapsed": 7.025971, "delta": 0.004987}}
{"target": -1189.0621001734485, "params": {"gamma": 5.066315292881764, "lr": 0.19596701454252152}, "datetime": {"datetime": "2024-06-13 15:58:00", "elapsed": 7.030958, "delta": 0.004987}}
{"target": -363.25197197940963, "params": {"gamma": 1.5683593484243095, "lr": 0.7545170076023864}, "datetime": {"datetime": "2024-06-13 15:58:00", "elapsed": 7.03679, "delta": 0.005832}}
{"target": -668.2049377170061, "params": {"gamma": 3.3004023148263886, "lr": 0.6441956925382164}, "datetime": {"datetime": "2024-06-13 15:58:00", "elapsed": 7.041777, "delta": 0.004987}}
{"target": -1336.108403085265, "params": {"gamma": 5.654990510308829, "lr": 0.899530915886071}, "datetime": {"datetime": "2024-06-13 15:58:00", "elapsed": 7.047761, "delta": 0.005984}}
{"target": -1657.86308217379, "params": {"gamma": 8.806955495452243, "lr": 0.4431114003267834}, "datetime": {"datetime": "2024-06-13 15:58:00", "elapsed": 7.053745, "delta": 0.005984}}
{"target": -425.31258869917895, "params": {"gamma": 2.048146129836078, "lr": 0.6321923752918258}, "datetime": {"datetime": "2024-06-13 15:58:00", "elapsed": 7.058731, "delta": 0.004986}}
{"target": -1325.3348745382636, "params": {"gamma": 6.368722917490155, "lr": 0.6924175033786027}, "datetime": {"datetime": "2024-06-13 15:58:00", "elapsed": 7.063718, "delta": 0.004987}}
{"target": -1955.9445422105568, "params": {"gamma": 9.074824554145266, "lr": 0.7825809780445985}, "datetime": {"datetime": "2024-06-13 15:58:00", "elapsed": 7.068705, "delta": 0.004987}}
{"target": -1270.447522555837, "params": {"gamma": 6.253284067622613, "lr": 0.6009655953980898}, "datetime": {"datetime": "2024-06-13 15:58:00", "elapsed": 7.074689, "delta": 0.005984}}
{"target": -442.4816669123504, "params": {"gamma": 2.1283776016453526, "lr": 0.651365361997868}, "datetime": {"datetime": "2024-06-13 15:58:00", "elapsed": 7.079675, "delta": 0.004986}}
{"target": -1963.429633468838, "params": {"gamma": 8.145187207595269, "lr": 0.9223224808528965}, "datetime": {"datetime": "2024-06-13 15:58:00", "elapsed": 7.084662, "delta": 0.004987}}
{"target": -1686.4164057602338, "params": {"gamma": 9.166584470697245, "lr": 0.5610988058726366}, "datetime": {"datetime": "2024-06-13 15:58:00", "elapsed": 7.089649, "delta": 0.004987}}
{"target": -440.930941582712, "params": {"gamma": 2.599079923429137, "lr": 0.33379745682371664}, "datetime": {"datetime": "2024-06-13 15:58:00", "elapsed": 7.094635, "delta": 0.004986}}
{"target": -1791.8726832288448, "params": {"gamma": 9.977625893322635, "lr": 0.5255977882178193}, "datetime": {"datetime": "2024-06-13 15:58:00", "elapsed": 7.098624, "delta": 0.003989}}
{"target": -1535.0203035806596, "params": {"gamma": 8.159250821705387, "lr": 0.5970161877845721}, "datetime": {"datetime": "2024-06-13 15:58:00", "elapsed": 7.103612, "delta": 0.004988}}
{"target": -830.4402425523554, "params": {"gamma": 5.069796942895938, "lr": 0.34853961530569777}, "datetime": {"datetime": "2024-06-13 15:58:00", "elapsed": 7.109595, "delta": 0.005983}}
{"target": -2025.1305844455378, "params": {"gamma": 5.378167511784794, "lr": 0.00673470699420331}, "datetime": {"datetime": "2024-06-13 15:58:00", "elapsed": 7.114582, "delta": 0.004987}}
{"target": -1613.7067573716813, "params": {"gamma": 8.766981380159143, "lr": 0.5614864815326793}, "datetime": {"datetime": "2024-06-13 15:58:00", "elapsed": 7.118571, "delta": 0.003989}}
{"target": -150.71951576042022, "params": {"gamma": 0.2437899718214612, "lr": 0.8181747453311654}, "datetime": {"datetime": "2024-06-13 15:58:00", "elapsed": 7.123558, "delta": 0.004987}}
{"target": -537.4478854486334, "params": {"gamma": 1.3544085542298703, "lr": 0.03063869809086972}, "datetime": {"datetime": "2024-06-13 15:58:00", "elapsed": 7.128544, "delta": 0.004986}}
{"target": -1122.5617201358775, "params": {"gamma": 4.623891705947023, "lr": 0.9606566952869964}, "datetime": {"datetime": "2024-06-13 15:58:00", "elapsed": 7.133531, "delta": 0.004987}}
