{"target": -799.2771912266559, "params": {"gamma": 4.534320887795462, "lr": 0.5257115913414097}, "datetime": {"datetime": "2024-06-13 17:15:20", "elapsed": 3.466886, "delta": 0.003989}}
{"target": -1290.9765890262115, "params": {"gamma": 6.586021847542061, "lr": 0.18119538195386165}, "datetime": {"datetime": "2024-06-13 17:15:20", "elapsed": 3.470876, "delta": 0.00399}}
{"target": -1549.999579496076, "params": {"gamma": 7.8807074621719, "lr": 0.6028653375383973}, "datetime": {"datetime": "2024-06-13 17:15:20", "elapsed": 3.506346, "delta": 0.03547}}
{"target": -1482.2527766852925, "params": {"gamma": 9.80334851848814, "lr": 0.22238319353117575}, "datetime": {"datetime": "2024-06-13 17:15:20", "elapsed": 3.510335, "delta": 0.003989}}
{"target": -1267.2894362772545, "params": {"gamma": 4.663198475191569, "lr": 0.8956418025994466}, "datetime": {"datetime": "2024-06-13 17:15:20", "elapsed": 3.514326, "delta": 0.003991}}
{"target": -1322.787951501471, "params": {"gamma": 6.014732663578183, "lr": 0.725958845848815}, "datetime": {"datetime": "2024-06-13 17:15:20", "elapsed": 3.518314, "delta": 0.003988}}
{"target": -907.0593213471061, "params": {"gamma": 4.137287971849402, "lr": 0.6843096218313198}, "datetime": {"datetime": "2024-06-13 17:15:20", "elapsed": 3.522303, "delta": 0.003989}}
{"target": -1574.189871996844, "params": {"gamma": 9.460604243445784, "lr": 0.20018606573932207}, "datetime": {"datetime": "2024-06-13 17:15:20", "elapsed": 3.526292, "delta": 0.003989}}
{"target": -2224.059314963331, "params": {"gamma": 8.073845273509328, "lr": 0.9695380120998964}, "datetime": {"datetime": "2024-06-13 17:15:20", "elapsed": 3.530282, "delta": 0.00399}}
{"target": -136.20121149033307, "params": {"gamma": 0.146672748901554, "lr": 0.21520958659442757}, "datetime": {"datetime": "2024-06-13 17:15:20", "elapsed": 3.534271, "delta": 0.003989}}
{"target": -313.8511723888582, "params": {"gamma": 1.1746518262109842, "lr": 0.7674235177414532}, "datetime": {"datetime": "2024-06-13 17:15:20", "elapsed": 3.53826, "delta": 0.003989}}
{"target": -256.5534832663415, "params": {"gamma": 0.8130846428413901, "lr": 0.9984135585909075}, "datetime": {"datetime": "2024-06-13 17:15:20", "elapsed": 3.54225, "delta": 0.00399}}
{"target": -1061.4648274097544, "params": {"gamma": 3.8967305467771722, "lr": 0.9052027659330404}, "datetime": {"datetime": "2024-06-13 17:15:20", "elapsed": 3.546239, "delta": 0.003989}}
{"target": -306.2757100372733, "params": {"gamma": 1.886587457391179, "lr": 0.44087219982229087}, "datetime": {"datetime": "2024-06-13 17:15:20", "elapsed": 3.550228, "delta": 0.003989}}
{"target": -1584.615586121613, "params": {"gamma": 8.448273378243028, "lr": 0.5952697806732562}, "datetime": {"datetime": "2024-06-13 17:15:20", "elapsed": 3.554217, "delta": 0.003989}}
{"target": -814.4048476672992, "params": {"gamma": 4.6221188088168805, "lr": 0.5126497467571176}, "datetime": {"datetime": "2024-06-13 17:15:20", "elapsed": 3.558207, "delta": 0.00399}}
{"target": -862.1055856241132, "params": {"gamma": 5.739281383396582, "lr": 0.4403192075855932}, "datetime": {"datetime": "2024-06-13 17:15:20", "elapsed": 3.562197, "delta": 0.00399}}
{"target": -516.0056154718926, "params": {"gamma": 1.936396018280381, "lr": 0.11396576145918635}, "datetime": {"datetime": "2024-06-13 17:15:20", "elapsed": 3.566186, "delta": 0.003989}}
{"target": -550.8981922166334, "params": {"gamma": 1.5131280457741099, "lr": 0.0524909638531339}, "datetime": {"datetime": "2024-06-13 17:15:20", "elapsed": 3.571056, "delta": 0.00487}}
{"target": -1403.1543523921484, "params": {"gamma": 5.587205434225252, "lr": 0.8477210140360106}, "datetime": {"datetime": "2024-06-13 17:15:20", "elapsed": 3.575048, "delta": 0.003992}}
{"target": -1285.2872841293026, "params": {"gamma": 3.5918342699021832, "lr": 0.07531087263581782}, "datetime": {"datetime": "2024-06-13 17:15:20", "elapsed": 3.579037, "delta": 0.003989}}
{"target": -844.4642237299772, "params": {"gamma": 4.257818395439178, "lr": 0.6020078384720013}, "datetime": {"datetime": "2024-06-13 17:15:20", "elapsed": 3.583027, "delta": 0.00399}}
{"target": -1075.1683066746346, "params": {"gamma": 4.254609252290801, "lr": 0.81072123360737}, "datetime": {"datetime": "2024-06-13 17:15:20", "elapsed": 3.587016, "delta": 0.003989}}
{"target": -2532.057796710608, "params": {"gamma": 9.418920575620866, "lr": 0.8699107732683544}, "datetime": {"datetime": "2024-06-13 17:15:20", "elapsed": 3.591005, "delta": 0.003989}}
{"target": -1074.4162050592734, "params": {"gamma": 7.040290983300606, "lr": 0.4702989247821753}, "datetime": {"datetime": "2024-06-13 17:15:20", "elapsed": 3.594995, "delta": 0.00399}}
{"target": -2438.114417959697, "params": {"gamma": 6.827297730989611, "lr": 0.013418310556529534}, "datetime": {"datetime": "2024-06-13 17:15:20", "elapsed": 3.598984, "delta": 0.003989}}
{"target": -1919.197186923173, "params": {"gamma": 9.824798706901937, "lr": 0.17207733182889595}, "datetime": {"datetime": "2024-06-13 17:15:20", "elapsed": 3.602974, "delta": 0.00399}}
{"target": -2274.316594115922, "params": {"gamma": 9.062697699220857, "lr": 0.8071099016661061}, "datetime": {"datetime": "2024-06-13 17:15:20", "elapsed": 3.606962, "delta": 0.003988}}
{"target": -1140.9307388974514, "params": {"gamma": 8.00159670418549, "lr": 0.2689360577850649}, "datetime": {"datetime": "2024-06-13 17:15:20", "elapsed": 3.610952, "delta": 0.00399}}
{"target": -348.763465793277, "params": {"gamma": 2.1923189037668234, "lr": 0.42880069291408873}, "datetime": {"datetime": "2024-06-13 17:15:20", "elapsed": 3.615938, "delta": 0.004986}}
{"target": -1284.4634001394243, "params": {"gamma": 8.493861636205818, "lr": 0.45037964247172024}, "datetime": {"datetime": "2024-06-13 17:15:20", "elapsed": 3.619928, "delta": 0.00399}}
{"target": -1268.853986826276, "params": {"gamma": 9.354265719956611, "lr": 0.352679327251738}, "datetime": {"datetime": "2024-06-13 17:15:20", "elapsed": 3.623917, "delta": 0.003989}}
{"target": -1709.1584680021379, "params": {"gamma": 6.194302264801901, "lr": 0.9806990363557802}, "datetime": {"datetime": "2024-06-13 17:15:20", "elapsed": 3.627906, "delta": 0.003989}}
{"target": -2298.2652889683905, "params": {"gamma": 6.434981759885809, "lr": 0.04549821604060378}, "datetime": {"datetime": "2024-06-13 17:15:20", "elapsed": 3.631896, "delta": 0.00399}}
{"target": -638.1947427392815, "params": {"gamma": 4.636107352426167, "lr": 0.3347513437136638}, "datetime": {"datetime": "2024-06-13 17:15:20", "elapsed": 3.635885, "delta": 0.003989}}
{"target": -766.9359671380823, "params": {"gamma": 5.322283303668225, "lr": 0.2847462086131314}, "datetime": {"datetime": "2024-06-13 17:15:20", "elapsed": 3.639874, "delta": 0.003989}}
{"target": -294.41258400104476, "params": {"gamma": 1.223490041069798, "lr": 0.6682889887508018}, "datetime": {"datetime": "2024-06-13 17:15:20", "elapsed": 3.643864, "delta": 0.00399}}
{"target": -1835.2911543818186, "params": {"gamma": 6.8139161891581725, "lr": 0.8671392999990885}, "datetime": {"datetime": "2024-06-13 17:15:20", "elapsed": 3.647853, "delta": 0.003989}}
{"target": -347.4430314843754, "params": {"gamma": 1.3246825541338114, "lr": 0.798620308278031}, "datetime": {"datetime": "2024-06-13 17:15:20", "elapsed": 3.651842, "delta": 0.003989}}
{"target": -1701.2490952487447, "params": {"gamma": 8.267860615312884, "lr": 0.6465499357511519}, "datetime": {"datetime": "2024-06-13 17:15:20", "elapsed": 3.655832, "delta": 0.00399}}
{"target": -312.7326380744916, "params": {"gamma": 2.0500165356605575, "lr": 0.2614207144058379}, "datetime": {"datetime": "2024-06-13 17:15:20", "elapsed": 3.659821, "delta": 0.003989}}
{"target": -739.2339822847504, "params": {"gamma": 4.185549678574218, "lr": 0.5417990727827313}, "datetime": {"datetime": "2024-06-13 17:15:20", "elapsed": 3.66381, "delta": 0.003989}}
{"target": -735.5163168551975, "params": {"gamma": 4.774902117966579, "lr": 0.4674598920453694}, "datetime": {"datetime": "2024-06-13 17:15:20", "elapsed": 3.6678, "delta": 0.00399}}
{"target": -2259.1286174081956, "params": {"gamma": 8.398567261266477, "lr": 0.8701023653075677}, "datetime": {"datetime": "2024-06-13 17:15:20", "elapsed": 3.671789, "delta": 0.003989}}
{"target": -2197.3827790530786, "params": {"gamma": 8.16772288980329, "lr": 0.8778014186346996}, "datetime": {"datetime": "2024-06-13 17:15:20", "elapsed": 3.676196, "delta": 0.004407}}
{"target": -1576.6548604235184, "params": {"gamma": 5.710516610608794, "lr": 0.9640361333390818}, "datetime": {"datetime": "2024-06-13 17:15:20", "elapsed": 3.680186, "delta": 0.00399}}
{"target": -1196.287798219403, "params": {"gamma": 6.065836938156427, "lr": 0.6039477410796814}, "datetime": {"datetime": "2024-06-13 17:15:20", "elapsed": 3.684175, "delta": 0.003989}}
{"target": -705.6186891046356, "params": {"gamma": 3.193658073009114, "lr": 0.681204184117019}, "datetime": {"datetime": "2024-06-13 17:15:20", "elapsed": 3.688164, "delta": 0.003989}}
{"target": -180.27919676289343, "params": {"gamma": 0.5206049193651046, "lr": 0.13454642101194225}, "datetime": {"datetime": "2024-06-13 17:15:20", "elapsed": 3.692153, "delta": 0.003989}}
{"target": -293.248878609971, "params": {"gamma": 1.303291433560078, "lr": 0.6552012872247357}, "datetime": {"datetime": "2024-06-13 17:15:20", "elapsed": 3.695693, "delta": 0.00354}}
{"target": -263.33581749810514, "params": {"gamma": 1.7541505851216117, "lr": 0.3411468232515472}, "datetime": {"datetime": "2024-06-13 17:15:20", "elapsed": 3.69968, "delta": 0.003987}}
{"target": -137.85797476084596, "params": {"gamma": 0.44407224667521283, "lr": 0.2337343601165106}, "datetime": {"datetime": "2024-06-13 17:15:20", "elapsed": 3.70367, "delta": 0.00399}}
{"target": -1682.020202803057, "params": {"gamma": 9.642279024168092, "lr": 0.5091394025163677}, "datetime": {"datetime": "2024-06-13 17:15:20", "elapsed": 3.707659, "delta": 0.003989}}
{"target": -289.1260500324907, "params": {"gamma": 1.5115941101958479, "lr": 0.5230085317344643}, "datetime": {"datetime": "2024-06-13 17:15:20", "elapsed": 3.711648, "delta": 0.003989}}
{"target": -2536.3990800706083, "params": {"gamma": 9.435150329726897, "lr": 0.865686014006334}, "datetime": {"datetime": "2024-06-13 17:15:20", "elapsed": 3.715638, "delta": 0.00399}}
{"target": -571.0307372412076, "params": {"gamma": 3.9212666234349385, "lr": 0.28386751597340265}, "datetime": {"datetime": "2024-06-13 17:15:20", "elapsed": 3.720624, "delta": 0.004986}}
{"target": -1155.5174984145779, "params": {"gamma": 7.617536897064726, "lr": 0.2404843248030878}, "datetime": {"datetime": "2024-06-13 17:15:20", "elapsed": 3.724613, "delta": 0.003989}}
{"target": -864.5775403389016, "params": {"gamma": 2.5430693142188665, "lr": 0.08408635417992949}, "datetime": {"datetime": "2024-06-13 17:15:20", "elapsed": 3.729155, "delta": 0.004542}}
{"target": -1306.4609767070333, "params": {"gamma": 8.641576803545505, "lr": 0.44789891562027984}, "datetime": {"datetime": "2024-06-13 17:15:20", "elapsed": 3.733144, "delta": 0.003989}}
{"target": -1247.3774221179071, "params": {"gamma": 5.618300819839127, "lr": 0.7367109576935199}, "datetime": {"datetime": "2024-06-13 17:15:20", "elapsed": 3.737134, "delta": 0.00399}}
{"target": -1205.7283347346665, "params": {"gamma": 7.965092182444826, "lr": 0.44750813899031383}, "datetime": {"datetime": "2024-06-13 17:15:20", "elapsed": 3.741123, "delta": 0.003989}}
{"target": -480.061955210301, "params": {"gamma": 1.8420914342018075, "lr": 0.8287328515283018}, "datetime": {"datetime": "2024-06-13 17:15:20", "elapsed": 3.745112, "delta": 0.003989}}
{"target": -157.5025758576846, "params": {"gamma": 0.3109486003227299, "lr": 0.9467282696079524}, "datetime": {"datetime": "2024-06-13 17:15:20", "elapsed": 3.749102, "delta": 0.00399}}
{"target": -1556.190881062976, "params": {"gamma": 5.770201486928539, "lr": 0.875388738450687}, "datetime": {"datetime": "2024-06-13 17:15:20", "elapsed": 3.753091, "delta": 0.003989}}
{"target": -871.9771580108651, "params": {"gamma": 6.086045804298614, "lr": 0.2516595841523237}, "datetime": {"datetime": "2024-06-13 17:15:20", "elapsed": 3.75708, "delta": 0.003989}}
{"target": -529.7368615035299, "params": {"gamma": 2.962003105035548, "lr": 0.5329225590316532}, "datetime": {"datetime": "2024-06-13 17:15:20", "elapsed": 3.76107, "delta": 0.00399}}
{"target": -1706.453002863114, "params": {"gamma": 9.620820050258088, "lr": 0.18449560449017766}, "datetime": {"datetime": "2024-06-13 17:15:20", "elapsed": 3.765059, "delta": 0.003989}}
{"target": -699.8775432107889, "params": {"gamma": 5.099473883052948, "lr": 0.3437881034368444}, "datetime": {"datetime": "2024-06-13 17:15:20", "elapsed": 3.770046, "delta": 0.004987}}
{"target": -1933.706611410005, "params": {"gamma": 7.697483724226901, "lr": 0.802866486432424}, "datetime": {"datetime": "2024-06-13 17:15:20", "elapsed": 3.774038, "delta": 0.003992}}
{"target": -714.5419880915209, "params": {"gamma": 4.246174543111865, "lr": 0.20412249999433585}, "datetime": {"datetime": "2024-06-13 17:15:20", "elapsed": 3.778027, "delta": 0.003989}}
{"target": -168.79360168631814, "params": {"gamma": 0.6718275138282244, "lr": 0.1986482644205615}, "datetime": {"datetime": "2024-06-13 17:15:20", "elapsed": 3.782016, "delta": 0.003989}}
{"target": -523.7912043541285, "params": {"gamma": 2.7247361004436925, "lr": 0.5987889179092104}, "datetime": {"datetime": "2024-06-13 17:15:20", "elapsed": 3.786005, "delta": 0.003989}}
{"target": -2178.661887718927, "params": {"gamma": 8.730961889247082, "lr": 0.1282309388454863}, "datetime": {"datetime": "2024-06-13 17:15:20", "elapsed": 3.790992, "delta": 0.004987}}
{"target": -2074.073602731019, "params": {"gamma": 9.581929228407246, "lr": 0.6831708438541465}, "datetime": {"datetime": "2024-06-13 17:15:20", "elapsed": 3.797974, "delta": 0.006982}}
{"target": -2044.898484396021, "params": {"gamma": 7.419900392548125, "lr": 0.9828807859209906}, "datetime": {"datetime": "2024-06-13 17:15:20", "elapsed": 3.803957, "delta": 0.005983}}
{"target": -735.1128579835929, "params": {"gamma": 4.161591625408803, "lr": 0.5315834658959018}, "datetime": {"datetime": "2024-06-13 17:15:20", "elapsed": 3.807947, "delta": 0.00399}}
{"target": -1189.171327884998, "params": {"gamma": 6.792450289006991, "lr": 0.5128751425899913}, "datetime": {"datetime": "2024-06-13 17:15:20", "elapsed": 3.811936, "delta": 0.003989}}
{"target": -850.314274810464, "params": {"gamma": 2.991824334263695, "lr": 0.10538467273003926}, "datetime": {"datetime": "2024-06-13 17:15:20", "elapsed": 3.815926, "delta": 0.00399}}
{"target": -708.4162193617027, "params": {"gamma": 2.8500365250757254, "lr": 0.7688528482877579}, "datetime": {"datetime": "2024-06-13 17:15:20", "elapsed": 3.820912, "delta": 0.004986}}
{"target": -1612.0657019004423, "params": {"gamma": 6.40818626181401, "lr": 0.8013307032031926}, "datetime": {"datetime": "2024-06-13 17:15:20", "elapsed": 3.824902, "delta": 0.00399}}
{"target": -790.1403471237647, "params": {"gamma": 5.171688199172296, "lr": 0.23210002184633505}, "datetime": {"datetime": "2024-06-13 17:15:20", "elapsed": 3.828891, "delta": 0.003989}}
{"target": -846.2077634676265, "params": {"gamma": 6.279991307892046, "lr": 0.30400549002230315}, "datetime": {"datetime": "2024-06-13 17:15:20", "elapsed": 3.832881, "delta": 0.00399}}
{"target": -154.9893341210804, "params": {"gamma": 0.29625792067526757, "lr": 0.9033311768168756}, "datetime": {"datetime": "2024-06-13 17:15:20", "elapsed": 3.83687, "delta": 0.003989}}
{"target": -624.0440064775563, "params": {"gamma": 4.2042753184590484, "lr": 0.4261307804247122}, "datetime": {"datetime": "2024-06-13 17:15:20", "elapsed": 3.840859, "delta": 0.003989}}
{"target": -2042.9466991027741, "params": {"gamma": 7.412776101583259, "lr": 0.9484584043057936}, "datetime": {"datetime": "2024-06-13 17:15:20", "elapsed": 3.844848, "delta": 0.003989}}
{"target": -183.74395725431242, "params": {"gamma": 0.7260827649265881, "lr": 0.17270108813227492}, "datetime": {"datetime": "2024-06-13 17:15:20", "elapsed": 3.849835, "delta": 0.004987}}
{"target": -500.4648499293733, "params": {"gamma": 3.224252533837974, "lr": 0.248424246330199}, "datetime": {"datetime": "2024-06-13 17:15:20", "elapsed": 3.853824, "delta": 0.003989}}
{"target": -1252.3446660152435, "params": {"gamma": 4.9554543186305695, "lr": 0.8244596107976835}, "datetime": {"datetime": "2024-06-13 17:15:20", "elapsed": 3.857813, "delta": 0.003989}}
{"target": -1601.6492339175172, "params": {"gamma": 8.539870177006817, "lr": 0.5958299420587015}, "datetime": {"datetime": "2024-06-13 17:15:20", "elapsed": 3.861803, "delta": 0.00399}}
{"target": -440.4759294126647, "params": {"gamma": 2.4024971645768356, "lr": 0.18649268827268528}, "datetime": {"datetime": "2024-06-13 17:15:20", "elapsed": 3.865792, "delta": 0.003989}}
{"target": -1128.1103739958296, "params": {"gamma": 7.434161733507989, "lr": 0.23721405764354764}, "datetime": {"datetime": "2024-06-13 17:15:20", "elapsed": 3.869782, "delta": 0.00399}}
{"target": -1198.6074444884482, "params": {"gamma": 5.395369418374571, "lr": 0.7492807871271918}, "datetime": {"datetime": "2024-06-13 17:15:20", "elapsed": 3.873285, "delta": 0.003503}}
{"target": -460.3663712279288, "params": {"gamma": 2.283262797049244, "lr": 0.17450118757274402}, "datetime": {"datetime": "2024-06-13 17:15:20", "elapsed": 3.877268, "delta": 0.003983}}
{"target": -146.9883374558245, "params": {"gamma": 0.39831713007193664, "lr": 0.14756883769994755}, "datetime": {"datetime": "2024-06-13 17:15:20", "elapsed": 3.882255, "delta": 0.004987}}
{"target": -2388.7354210462026, "params": {"gamma": 8.51453763056296, "lr": 0.10463591174495857}, "datetime": {"datetime": "2024-06-13 17:15:20", "elapsed": 3.886244, "delta": 0.003989}}
{"target": -804.6138559963289, "params": {"gamma": 2.2372268102276505, "lr": 0.03275719974597713}, "datetime": {"datetime": "2024-06-13 17:15:20", "elapsed": 3.890234, "delta": 0.00399}}
{"target": -1027.94242213793, "params": {"gamma": 6.763889997877335, "lr": 0.2317031414647196}, "datetime": {"datetime": "2024-06-13 17:15:20", "elapsed": 3.894223, "delta": 0.003989}}
{"target": -1037.6202078978165, "params": {"gamma": 4.136503586299842, "lr": 0.13930117132372677}, "datetime": {"datetime": "2024-06-13 17:15:20", "elapsed": 3.898213, "delta": 0.00399}}
{"target": -562.8236109464489, "params": {"gamma": 3.772795658827454, "lr": 0.4244374662396153}, "datetime": {"datetime": "2024-06-13 17:15:20", "elapsed": 3.902202, "delta": 0.003989}}
{"target": -698.8463279949652, "params": {"gamma": 4.730176553648271, "lr": 0.4228418130386131}, "datetime": {"datetime": "2024-06-13 17:15:20", "elapsed": 3.906191, "delta": 0.003989}}
{"target": -281.5807906714263, "params": {"gamma": 1.028462882177769, "lr": 0.772580266631544}, "datetime": {"datetime": "2024-06-13 17:15:20", "elapsed": 3.91018, "delta": 0.003989}}
{"target": -233.13632143085474, "params": {"gamma": 1.3729228288956241, "lr": 0.424292374325812}, "datetime": {"datetime": "2024-06-13 17:15:20", "elapsed": 3.91417, "delta": 0.00399}}
{"target": -381.89587660624113, "params": {"gamma": 2.7202891684153423, "lr": 0.3010079430799063}, "datetime": {"datetime": "2024-06-13 17:15:20", "elapsed": 3.918159, "delta": 0.003989}}
{"target": -1177.4311389875943, "params": {"gamma": 6.72453530509174, "lr": 0.5177867238134145}, "datetime": {"datetime": "2024-06-13 17:15:20", "elapsed": 3.922149, "delta": 0.00399}}
{"target": -313.09780796910246, "params": {"gamma": 1.9016804177489257, "lr": 0.4691344398333771}, "datetime": {"datetime": "2024-06-13 17:15:20", "elapsed": 3.926138, "delta": 0.003989}}
{"target": -748.7532779161181, "params": {"gamma": 3.396069147094239, "lr": 0.7044971982481261}, "datetime": {"datetime": "2024-06-13 17:15:20", "elapsed": 3.930127, "delta": 0.003989}}
{"target": -580.5606178648455, "params": {"gamma": 2.2617259291230574, "lr": 0.8449881373583452}, "datetime": {"datetime": "2024-06-13 17:15:20", "elapsed": 3.935114, "delta": 0.004987}}
{"target": -924.9014137276487, "params": {"gamma": 5.262770419251413, "lr": 0.5006195729230891}, "datetime": {"datetime": "2024-06-13 17:15:20", "elapsed": 3.939103, "delta": 0.003989}}
{"target": -463.68953002676585, "params": {"gamma": 2.537604383069914, "lr": 0.18615566973666398}, "datetime": {"datetime": "2024-06-13 17:15:20", "elapsed": 3.943093, "delta": 0.00399}}
{"target": -1305.1068252658613, "params": {"gamma": 4.7187188083132305, "lr": 0.9818244178252573}, "datetime": {"datetime": "2024-06-13 17:15:20", "elapsed": 3.947083, "delta": 0.00399}}
{"target": -223.03920836883367, "params": {"gamma": 1.3299294703806088, "lr": 0.28346243242805713}, "datetime": {"datetime": "2024-06-13 17:15:20", "elapsed": 3.951071, "delta": 0.003988}}
{"target": -1647.8355988209532, "params": {"gamma": 8.006611101660276, "lr": 0.6647768985107549}, "datetime": {"datetime": "2024-06-13 17:15:20", "elapsed": 3.95506, "delta": 0.003989}}
{"target": -390.5982482139134, "params": {"gamma": 2.788305328525677, "lr": 0.31464760677511183}, "datetime": {"datetime": "2024-06-13 17:15:20", "elapsed": 3.95905, "delta": 0.00399}}
{"target": -833.2488622365129, "params": {"gamma": 4.200062595764889, "lr": 0.6027867622422961}, "datetime": {"datetime": "2024-06-13 17:15:20", "elapsed": 3.963039, "delta": 0.003989}}
{"target": -1936.8552409899157, "params": {"gamma": 7.193668333443535, "lr": 0.8573003334512307}, "datetime": {"datetime": "2024-06-13 17:15:20", "elapsed": 3.968026, "delta": 0.004987}}
{"target": -1035.046847471363, "params": {"gamma": 6.811433593113639, "lr": 0.23698206447169834}, "datetime": {"datetime": "2024-06-13 17:15:20", "elapsed": 3.972015, "delta": 0.003989}}
{"target": -2262.0376369538994, "params": {"gamma": 9.257279632827263, "lr": 0.7811954006757661}, "datetime": {"datetime": "2024-06-13 17:15:20", "elapsed": 3.976004, "delta": 0.003989}}
{"target": -427.3816423057659, "params": {"gamma": 3.0745074227980154, "lr": 0.3049656416420632}, "datetime": {"datetime": "2024-06-13 17:15:20", "elapsed": 3.979994, "delta": 0.00399}}
