{"target": -109.38101419455818, "params": {"gamma": 1.0550920446467325, "lr": 0.7017873465119159}, "datetime": {"datetime": "2024-06-13 19:33:55", "elapsed": 5.920006, "delta": 0.004988}}
{"target": -390.9389816351118, "params": {"gamma": 5.142068519294122, "lr": 0.49816682499451226}, "datetime": {"datetime": "2024-06-13 19:33:55", "elapsed": 5.923995, "delta": 0.003989}}
{"target": -317.1585897297618, "params": {"gamma": 3.736723579545134, "lr": 0.603513616671319}, "datetime": {"datetime": "2024-06-13 19:33:55", "elapsed": 5.927984, "delta": 0.003989}}
{"target": -841.6960590078343, "params": {"gamma": 8.514836200003508, "lr": 0.27692305646899273}, "datetime": {"datetime": "2024-06-13 19:33:55", "elapsed": 5.932971, "delta": 0.004987}}
{"target": -636.8420967720455, "params": {"gamma": 8.447768867073506, "lr": 0.41661914857211835}, "datetime": {"datetime": "2024-06-13 19:33:55", "elapsed": 5.93696, "delta": 0.003989}}
{"target": -420.00893694197026, "params": {"gamma": 5.010339139927012, "lr": 0.7296233785681803}, "datetime": {"datetime": "2024-06-13 19:33:55", "elapsed": 5.941947, "delta": 0.004987}}
{"target": -227.22355540935516, "params": {"gamma": 2.5879583533585664, "lr": 0.9216369186561401}, "datetime": {"datetime": "2024-06-13 19:33:55", "elapsed": 5.945936, "delta": 0.003989}}
{"target": -588.3903035911997, "params": {"gamma": 7.020992572824255, "lr": 0.618930423097489}, "datetime": {"datetime": "2024-06-13 19:33:55", "elapsed": 5.949925, "delta": 0.003989}}
{"target": -228.71521520958072, "params": {"gamma": 2.7308153642818653, "lr": 0.6958484563594459}, "datetime": {"datetime": "2024-06-13 19:33:55", "elapsed": 5.954912, "delta": 0.004987}}
{"target": -214.73913188922273, "params": {"gamma": 2.5728902697861002, "lr": 0.8164526703274775}, "datetime": {"datetime": "2024-06-13 19:33:55", "elapsed": 5.958901, "delta": 0.003989}}
{"target": -133.39469943789234, "params": {"gamma": 0.11571307777403769, "lr": 0.1665376436115401}, "datetime": {"datetime": "2024-06-13 19:33:55", "elapsed": 5.963888, "delta": 0.004987}}
{"target": -454.9187622170034, "params": {"gamma": 5.578732058631829, "lr": 0.7122809996025021}, "datetime": {"datetime": "2024-06-13 19:33:55", "elapsed": 5.967877, "delta": 0.003989}}
{"target": -412.7495761211114, "params": {"gamma": 4.925314058477191, "lr": 0.8778095014799501}, "datetime": {"datetime": "2024-06-13 19:33:55", "elapsed": 5.971867, "delta": 0.00399}}
{"target": -731.8909358635899, "params": {"gamma": 9.758723505691574, "lr": 0.46427706754424325}, "datetime": {"datetime": "2024-06-13 19:33:55", "elapsed": 5.976853, "delta": 0.004986}}
{"target": -578.1657009489311, "params": {"gamma": 7.680101807848576, "lr": 0.49477213383352725}, "datetime": {"datetime": "2024-06-13 19:33:55", "elapsed": 5.980843, "delta": 0.00399}}
{"target": -1070.5223138312792, "params": {"gamma": 6.651322684579871, "lr": 0.22487497996736572}, "datetime": {"datetime": "2024-06-13 19:33:55", "elapsed": 5.984832, "delta": 0.003989}}
{"target": -113.5789040966614, "params": {"gamma": 1.0963076304454686, "lr": 0.9790089375741902}, "datetime": {"datetime": "2024-06-13 19:33:55", "elapsed": 5.989819, "delta": 0.004987}}
{"target": -806.6895382417637, "params": {"gamma": 8.150131602400142, "lr": 0.28538353244953096}, "datetime": {"datetime": "2024-06-13 19:33:55", "elapsed": 5.994806, "delta": 0.004987}}
{"target": -474.5485852221632, "params": {"gamma": 5.858698015894784, "lr": 0.38007120527879124}, "datetime": {"datetime": "2024-06-13 19:33:55", "elapsed": 5.998795, "delta": 0.003989}}
{"target": -158.71178998386952, "params": {"gamma": 1.7642040696578871, "lr": 0.4188351430524928}, "datetime": {"datetime": "2024-06-13 19:33:55", "elapsed": 6.003783, "delta": 0.004988}}
{"target": -589.154825401731, "params": {"gamma": 2.9725807541730793, "lr": 0.016624106532905913}, "datetime": {"datetime": "2024-06-13 19:33:55", "elapsed": 6.007771, "delta": 0.003988}}
{"target": -333.96217018075487, "params": {"gamma": 3.8742957016810964, "lr": 0.9209130038047522}, "datetime": {"datetime": "2024-06-13 19:33:55", "elapsed": 6.01176, "delta": 0.003989}}
{"target": -651.6012743919651, "params": {"gamma": 8.28217438681578, "lr": 0.5740747551965509}, "datetime": {"datetime": "2024-06-13 19:33:55", "elapsed": 6.016746, "delta": 0.004986}}
{"target": -518.4890820148281, "params": {"gamma": 3.1871500009390448, "lr": 0.23126429488543754}, "datetime": {"datetime": "2024-06-13 19:33:55", "elapsed": 6.020738, "delta": 0.003992}}
{"target": -736.3191133848221, "params": {"gamma": 9.560239816725709, "lr": 0.5646100990687117}, "datetime": {"datetime": "2024-06-13 19:33:55", "elapsed": 6.025723, "delta": 0.004985}}
{"target": -360.90083286270584, "params": {"gamma": 2.176835430287672, "lr": 0.24948205109862287}, "datetime": {"datetime": "2024-06-13 19:33:55", "elapsed": 6.029712, "delta": 0.003989}}
{"target": -1541.6025212560708, "params": {"gamma": 9.59600242910666, "lr": 0.238814133296392}, "datetime": {"datetime": "2024-06-13 19:33:55", "elapsed": 6.033702, "delta": 0.00399}}
{"target": -174.75935179503045, "params": {"gamma": 1.068034169467023, "lr": 0.18396193975266917}, "datetime": {"datetime": "2024-06-13 19:33:55", "elapsed": 6.038688, "delta": 0.004986}}
{"target": -622.4385629020666, "params": {"gamma": 7.662481844372273, "lr": 0.7087642559312614}, "datetime": {"datetime": "2024-06-13 19:33:55", "elapsed": 6.042677, "delta": 0.003989}}
{"target": -364.1505213199104, "params": {"gamma": 4.379981305846461, "lr": 0.7938045071164251}, "datetime": {"datetime": "2024-06-13 19:33:55", "elapsed": 6.047664, "delta": 0.004987}}
{"target": -398.4065524292539, "params": {"gamma": 5.1756094087340525, "lr": 0.41359816112910697}, "datetime": {"datetime": "2024-06-13 19:33:55", "elapsed": 6.051653, "delta": 0.003989}}
{"target": -116.63041976347456, "params": {"gamma": 1.1753019203396682, "lr": 0.8839110659363493}, "datetime": {"datetime": "2024-06-13 19:33:55", "elapsed": 6.055643, "delta": 0.00399}}
{"target": -237.95022936943434, "params": {"gamma": 2.7566565508887577, "lr": 0.6162607233298604}, "datetime": {"datetime": "2024-06-13 19:33:55", "elapsed": 6.060629, "delta": 0.004986}}
{"target": -1305.132235292601, "params": {"gamma": 9.8458132098281, "lr": 0.1894180220437538}, "datetime": {"datetime": "2024-06-13 19:33:55", "elapsed": 6.064489, "delta": 0.00386}}
{"target": -798.4074776872733, "params": {"gamma": 9.651914729938635, "lr": 0.6527153684256953}, "datetime": {"datetime": "2024-06-13 19:33:55", "elapsed": 6.069476, "delta": 0.004987}}
{"target": -123.6342078948158, "params": {"gamma": 1.28818731436088, "lr": 0.7719271460730484}, "datetime": {"datetime": "2024-06-13 19:33:55", "elapsed": 6.073465, "delta": 0.003989}}
{"target": -733.0950047546322, "params": {"gamma": 9.51780600679268, "lr": 0.5627805496894249}, "datetime": {"datetime": "2024-06-13 19:33:55", "elapsed": 6.078452, "delta": 0.004987}}
{"target": -1345.617791937685, "params": {"gamma": 6.885863442381723, "lr": 0.0263478788699828}, "datetime": {"datetime": "2024-06-13 19:33:55", "elapsed": 6.082442, "delta": 0.00399}}
{"target": -880.5288708215738, "params": {"gamma": 9.890767779393961, "lr": 0.3184571198136825}, "datetime": {"datetime": "2024-06-13 19:33:55", "elapsed": 6.087428, "delta": 0.004986}}
{"target": -103.15380511803457, "params": {"gamma": 0.24001388988282726, "lr": 0.8085641504743885}, "datetime": {"datetime": "2024-06-13 19:33:55", "elapsed": 6.091419, "delta": 0.003991}}
{"target": -809.1915454283707, "params": {"gamma": 9.732552265118914, "lr": 0.7375885099166811}, "datetime": {"datetime": "2024-06-13 19:33:55", "elapsed": 6.096404, "delta": 0.004985}}
{"target": -145.22532533638173, "params": {"gamma": 0.028355324647958178, "lr": 0.06336051137403531}, "datetime": {"datetime": "2024-06-13 19:33:55", "elapsed": 6.100393, "delta": 0.003989}}
{"target": -473.3446557763559, "params": {"gamma": 5.843109782870581, "lr": 0.3357151077556031}, "datetime": {"datetime": "2024-06-13 19:33:55", "elapsed": 6.10538, "delta": 0.004987}}
{"target": -735.4281739570116, "params": {"gamma": 8.818452974037214, "lr": 0.8736693693569384}, "datetime": {"datetime": "2024-06-13 19:33:55", "elapsed": 6.109369, "delta": 0.003989}}
{"target": -800.5154595291975, "params": {"gamma": 9.875201568135711, "lr": 0.7158319690725937}, "datetime": {"datetime": "2024-06-13 19:33:55", "elapsed": 6.114356, "delta": 0.004987}}
{"target": -783.5143876230902, "params": {"gamma": 8.768960114386706, "lr": 0.3196501118620526}, "datetime": {"datetime": "2024-06-13 19:33:55", "elapsed": 6.118345, "delta": 0.003989}}
{"target": -112.7986121079801, "params": {"gamma": 1.1126583422461405, "lr": 0.8653641057823798}, "datetime": {"datetime": "2024-06-13 19:33:55", "elapsed": 6.122335, "delta": 0.00399}}
{"target": -244.61422142117644, "params": {"gamma": 3.035422507017289, "lr": 0.4193322981668862}, "datetime": {"datetime": "2024-06-13 19:33:55", "elapsed": 6.127321, "delta": 0.004986}}
{"target": -541.9340869897693, "params": {"gamma": 6.460656540458656, "lr": 0.6050991341555126}, "datetime": {"datetime": "2024-06-13 19:33:55", "elapsed": 6.131311, "delta": 0.00399}}
{"target": -347.6602402987585, "params": {"gamma": 4.209809922064285, "lr": 0.38615051187059357}, "datetime": {"datetime": "2024-06-13 19:33:55", "elapsed": 6.136297, "delta": 0.004986}}
{"target": -121.26243243731723, "params": {"gamma": 1.227687737548204, "lr": 0.5338618843034166}, "datetime": {"datetime": "2024-06-13 19:33:55", "elapsed": 6.140287, "delta": 0.00399}}
{"target": -200.04182664718277, "params": {"gamma": 2.329308118342716, "lr": 0.7548078511004613}, "datetime": {"datetime": "2024-06-13 19:33:55", "elapsed": 6.145273, "delta": 0.004986}}
{"target": -1319.0805351436074, "params": {"gamma": 6.749030971060837, "lr": 0.07192696480921446}, "datetime": {"datetime": "2024-06-13 19:33:55", "elapsed": 6.149263, "delta": 0.00399}}
{"target": -815.3801304652627, "params": {"gamma": 9.892657582673268, "lr": 0.7804569355743413}, "datetime": {"datetime": "2024-06-13 19:33:55", "elapsed": 6.153252, "delta": 0.003989}}
{"target": -457.31617830300667, "params": {"gamma": 2.279031043019085, "lr": 0.030742818349697054}, "datetime": {"datetime": "2024-06-13 19:33:55", "elapsed": 6.158239, "delta": 0.004987}}
{"target": -391.72325217675103, "params": {"gamma": 4.784239938885914, "lr": 0.35274243750107404}, "datetime": {"datetime": "2024-06-13 19:33:55", "elapsed": 6.162733, "delta": 0.004494}}
{"target": -455.43388440776874, "params": {"gamma": 5.465568482142916, "lr": 0.6596639554249211}, "datetime": {"datetime": "2024-06-13 19:33:55", "elapsed": 6.166722, "delta": 0.003989}}
{"target": -1556.368796298886, "params": {"gamma": 7.972400853780025, "lr": 0.013544346839127641}, "datetime": {"datetime": "2024-06-13 19:33:55", "elapsed": 6.170712, "delta": 0.00399}}
{"target": -642.9718334735139, "params": {"gamma": 7.143240843274906, "lr": 0.2953139661018992}, "datetime": {"datetime": "2024-06-13 19:33:55", "elapsed": 6.175698, "delta": 0.004986}}
{"target": -796.8516561000298, "params": {"gamma": 9.864039353798532, "lr": 0.8462417305877817}, "datetime": {"datetime": "2024-06-13 19:33:55", "elapsed": 6.179688, "delta": 0.00399}}
{"target": -444.29661850804877, "params": {"gamma": 5.604451409666734, "lr": 0.5977656853768393}, "datetime": {"datetime": "2024-06-13 19:33:55", "elapsed": 6.183677, "delta": 0.003989}}
{"target": -321.9626806140362, "params": {"gamma": 1.9215646543725684, "lr": 0.2262515885870655}, "datetime": {"datetime": "2024-06-13 19:33:55", "elapsed": 6.188664, "delta": 0.004987}}
{"target": -152.7625071436333, "params": {"gamma": 1.5409777702011733, "lr": 0.37781354746444173}, "datetime": {"datetime": "2024-06-13 19:33:55", "elapsed": 6.193651, "delta": 0.004987}}
{"target": -115.53522053531954, "params": {"gamma": 1.1204424879714694, "lr": 0.5112728936342619}, "datetime": {"datetime": "2024-06-13 19:33:55", "elapsed": 6.19764, "delta": 0.003989}}
{"target": -1208.6584281961125, "params": {"gamma": 6.385141076060073, "lr": 0.12221237823698328}, "datetime": {"datetime": "2024-06-13 19:33:55", "elapsed": 6.202627, "delta": 0.004987}}
{"target": -679.3136045540691, "params": {"gamma": 3.442619392943751, "lr": 0.07034787968520784}, "datetime": {"datetime": "2024-06-13 19:33:55", "elapsed": 6.206616, "delta": 0.003989}}
{"target": -438.47981184281804, "params": {"gamma": 5.25808611153342, "lr": 0.6502897692030054}, "datetime": {"datetime": "2024-06-13 19:33:55", "elapsed": 6.211603, "delta": 0.004987}}
{"target": -499.1804826101792, "params": {"gamma": 6.155105941609653, "lr": 0.8138695628094851}, "datetime": {"datetime": "2024-06-13 19:33:55", "elapsed": 6.215592, "delta": 0.003989}}
{"target": -206.3892390054112, "params": {"gamma": 2.3564267987877012, "lr": 0.6181818418404456}, "datetime": {"datetime": "2024-06-13 19:33:55", "elapsed": 6.220579, "delta": 0.004987}}
{"target": -599.9469318787641, "params": {"gamma": 3.028982363807174, "lr": 0.0887677060791423}, "datetime": {"datetime": "2024-06-13 19:33:55", "elapsed": 6.224568, "delta": 0.003989}}
{"target": -604.604278074531, "params": {"gamma": 3.053309454186566, "lr": 0.07135647494461617}, "datetime": {"datetime": "2024-06-13 19:33:55", "elapsed": 6.229554, "delta": 0.004986}}
{"target": -777.2202839534575, "params": {"gamma": 9.585783535985689, "lr": 0.7271654349269293}, "datetime": {"datetime": "2024-06-13 19:33:55", "elapsed": 6.233544, "delta": 0.00399}}
{"target": -106.66940299709208, "params": {"gamma": 1.0155071173822163, "lr": 0.7862693223485936}, "datetime": {"datetime": "2024-06-13 19:33:55", "elapsed": 6.238531, "delta": 0.004987}}
{"target": -304.4662244823123, "params": {"gamma": 3.5222014456052215, "lr": 0.9114351403237924}, "datetime": {"datetime": "2024-06-13 19:33:55", "elapsed": 6.24252, "delta": 0.003989}}
{"target": -415.2483920091561, "params": {"gamma": 4.955478850036387, "lr": 0.8726927229848721}, "datetime": {"datetime": "2024-06-13 19:33:55", "elapsed": 6.247506, "delta": 0.004986}}
{"target": -198.07083194755697, "params": {"gamma": 2.206077417642493, "lr": 0.36719232590326556}, "datetime": {"datetime": "2024-06-13 19:33:55", "elapsed": 6.251496, "delta": 0.00399}}
{"target": -722.8821193724575, "params": {"gamma": 3.6690025846416687, "lr": 0.09713268160328525}, "datetime": {"datetime": "2024-06-13 19:33:55", "elapsed": 6.255485, "delta": 0.003989}}
{"target": -280.5026254446718, "params": {"gamma": 3.310813326223882, "lr": 0.6597098038387995}, "datetime": {"datetime": "2024-06-13 19:33:55", "elapsed": 6.260472, "delta": 0.004987}}
{"target": -391.33995086235507, "params": {"gamma": 4.665968370246033, "lr": 0.8792315697444312}, "datetime": {"datetime": "2024-06-13 19:33:55", "elapsed": 6.264461, "delta": 0.003989}}
{"target": -233.65901109216966, "params": {"gamma": 2.6974329936370927, "lr": 0.3548193487216488}, "datetime": {"datetime": "2024-06-13 19:33:55", "elapsed": 6.269448, "delta": 0.004987}}
{"target": -255.96802400722999, "params": {"gamma": 3.2042225472159718, "lr": 0.5517379706217076}, "datetime": {"datetime": "2024-06-13 19:33:55", "elapsed": 6.273437, "delta": 0.003989}}
{"target": -268.11283503864956, "params": {"gamma": 1.8830059366472722, "lr": 0.1732442715081729}, "datetime": {"datetime": "2024-06-13 19:33:55", "elapsed": 6.277426, "delta": 0.003989}}
{"target": -748.2538316794058, "params": {"gamma": 9.394879760160336, "lr": 0.37664771374633}, "datetime": {"datetime": "2024-06-13 19:33:55", "elapsed": 6.282413, "delta": 0.004987}}
{"target": -1148.9095372220754, "params": {"gamma": 5.871394250695616, "lr": 0.05515208501882385}, "datetime": {"datetime": "2024-06-13 19:33:55", "elapsed": 6.287401, "delta": 0.004988}}
{"target": -296.3212771749029, "params": {"gamma": 1.409439110996769, "lr": 0.09635855186124331}, "datetime": {"datetime": "2024-06-13 19:33:55", "elapsed": 6.291389, "delta": 0.003988}}
{"target": -1585.2610569308051, "params": {"gamma": 8.121343564013504, "lr": 0.10314678258346421}, "datetime": {"datetime": "2024-06-13 19:33:55", "elapsed": 6.296376, "delta": 0.004987}}
{"target": -735.5847895972938, "params": {"gamma": 5.163644140749812, "lr": 0.1555778979920741}, "datetime": {"datetime": "2024-06-13 19:33:55", "elapsed": 6.300365, "delta": 0.003989}}
{"target": -238.08640281660024, "params": {"gamma": 2.7888887375330564, "lr": 0.8826020025030701}, "datetime": {"datetime": "2024-06-13 19:33:55", "elapsed": 6.305352, "delta": 0.004987}}
{"target": -540.5144766706682, "params": {"gamma": 6.316306057543976, "lr": 0.9636627102130699}, "datetime": {"datetime": "2024-06-13 19:33:55", "elapsed": 6.309341, "delta": 0.003989}}
{"target": -1173.3642206305806, "params": {"gamma": 5.997543941794315, "lr": 0.009519716216558005}, "datetime": {"datetime": "2024-06-13 19:33:55", "elapsed": 6.314328, "delta": 0.004987}}
{"target": -817.0180537561091, "params": {"gamma": 4.156994414198696, "lr": 0.02244175435867979}, "datetime": {"datetime": "2024-06-13 19:33:55", "elapsed": 6.318317, "delta": 0.003989}}
{"target": -245.6900396903765, "params": {"gamma": 3.1405292961414175, "lr": 0.48162493072074175}, "datetime": {"datetime": "2024-06-13 19:33:55", "elapsed": 6.323304, "delta": 0.004987}}
{"target": -927.2184832618245, "params": {"gamma": 5.755017951896957, "lr": 0.2386502029289299}, "datetime": {"datetime": "2024-06-13 19:33:55", "elapsed": 6.327293, "delta": 0.003989}}
{"target": -453.2870366742161, "params": {"gamma": 5.583307497898072, "lr": 0.3949201341072339}, "datetime": {"datetime": "2024-06-13 19:33:55", "elapsed": 6.33228, "delta": 0.004987}}
{"target": -677.0932926990271, "params": {"gamma": 5.066315292881764, "lr": 0.19596701454252152}, "datetime": {"datetime": "2024-06-13 19:33:55", "elapsed": 6.336269, "delta": 0.003989}}
{"target": -142.99270588899785, "params": {"gamma": 1.5683593484243095, "lr": 0.7545170076023864}, "datetime": {"datetime": "2024-06-13 19:33:55", "elapsed": 6.341257, "delta": 0.004988}}
{"target": -279.668839285938, "params": {"gamma": 3.3004023148263886, "lr": 0.6441956925382164}, "datetime": {"datetime": "2024-06-13 19:33:55", "elapsed": 6.345245, "delta": 0.003988}}
{"target": -473.09884581640694, "params": {"gamma": 5.654990510308829, "lr": 0.899530915886071}, "datetime": {"datetime": "2024-06-13 19:33:55", "elapsed": 6.350232, "delta": 0.004987}}
{"target": -654.2455917352194, "params": {"gamma": 8.806955495452243, "lr": 0.4431114003267834}, "datetime": {"datetime": "2024-06-13 19:33:55", "elapsed": 6.354222, "delta": 0.00399}}
{"target": -181.7211939597244, "params": {"gamma": 2.048146129836078, "lr": 0.6321923752918258}, "datetime": {"datetime": "2024-06-13 19:33:55", "elapsed": 6.359208, "delta": 0.004986}}
{"target": -518.3839995287908, "params": {"gamma": 6.368722917490155, "lr": 0.6924175033786027}, "datetime": {"datetime": "2024-06-13 19:33:55", "elapsed": 6.363197, "delta": 0.003989}}
{"target": -748.3311253849919, "params": {"gamma": 9.074824554145266, "lr": 0.7825809780445985}, "datetime": {"datetime": "2024-06-13 19:33:55", "elapsed": 6.367186, "delta": 0.003989}}
{"target": -524.7482036377908, "params": {"gamma": 6.253284067622613, "lr": 0.6009655953980898}, "datetime": {"datetime": "2024-06-13 19:33:55", "elapsed": 6.372173, "delta": 0.004987}}
{"target": -187.78578936593277, "params": {"gamma": 2.1283776016453526, "lr": 0.651365361997868}, "datetime": {"datetime": "2024-06-13 19:33:55", "elapsed": 6.376162, "delta": 0.003989}}
{"target": -695.8531932076309, "params": {"gamma": 8.145187207595269, "lr": 0.9223224808528965}, "datetime": {"datetime": "2024-06-13 19:33:55", "elapsed": 6.381102, "delta": 0.00494}}
{"target": -706.4101796956264, "params": {"gamma": 9.166584470697245, "lr": 0.5610988058726366}, "datetime": {"datetime": "2024-06-13 19:33:55", "elapsed": 6.386089, "delta": 0.004987}}
{"target": -226.4439537527291, "params": {"gamma": 2.599079923429137, "lr": 0.33379745682371664}, "datetime": {"datetime": "2024-06-13 19:33:55", "elapsed": 6.390078, "delta": 0.003989}}
{"target": -768.0330216957728, "params": {"gamma": 9.977625893322635, "lr": 0.5255977882178193}, "datetime": {"datetime": "2024-06-13 19:33:55", "elapsed": 6.395065, "delta": 0.004987}}
{"target": -642.0773809508918, "params": {"gamma": 8.159250821705387, "lr": 0.5970161877845721}, "datetime": {"datetime": "2024-06-13 19:33:55", "elapsed": 6.399054, "delta": 0.003989}}
{"target": -413.6965736444707, "params": {"gamma": 5.069796942895938, "lr": 0.34853961530569777}, "datetime": {"datetime": "2024-06-13 19:33:55", "elapsed": 6.404043, "delta": 0.004989}}
{"target": -1053.3222356503873, "params": {"gamma": 5.378167511784794, "lr": 0.00673470699420331}, "datetime": {"datetime": "2024-06-13 19:33:55", "elapsed": 6.408031, "delta": 0.003988}}
{"target": -676.0517549371308, "params": {"gamma": 8.766981380159143, "lr": 0.5614864815326793}, "datetime": {"datetime": "2024-06-13 19:33:55", "elapsed": 6.413017, "delta": 0.004986}}
{"target": -102.7374485016904, "params": {"gamma": 0.2437899718214612, "lr": 0.8181747453311654}, "datetime": {"datetime": "2024-06-13 19:33:55", "elapsed": 6.418004, "delta": 0.004987}}
{"target": -286.4514057728544, "params": {"gamma": 1.3544085542298703, "lr": 0.03063869809086972}, "datetime": {"datetime": "2024-06-13 19:33:55", "elapsed": 6.421993, "delta": 0.003989}}
{"target": -397.11685195109544, "params": {"gamma": 4.623891705947023, "lr": 0.9606566952869964}, "datetime": {"datetime": "2024-06-13 19:33:55", "elapsed": 6.42698, "delta": 0.004987}}
{"target": -214.40336015927394, "params": {"gamma": 0.9370488703914385, "lr": 0.0655985161350432}, "datetime": {"datetime": "2024-06-13 19:33:55", "elapsed": 6.431967, "delta": 0.004987}}
{"target": -712.5597929888803, "params": {"gamma": 8.799475826643015, "lr": 0.8213720415432885}, "datetime": {"datetime": "2024-06-13 19:33:56", "elapsed": 6.435956, "delta": 0.003989}}
