{"target": -282.48442940568003, "params": {"gamma": 2.4537661400558073, "prior": 3.5675790065013078, "rate": 7.507532195259897}, "datetime": {"datetime": "2024-04-08 10:48:00", "elapsed": 7.846762, "delta": 0.008917}}
{"target": -234.70276491063098, "params": {"gamma": 1.8482967753404873, "prior": 4.366639171886156, "rate": 8.732580952739871}, "datetime": {"datetime": "2024-04-08 10:48:00", "elapsed": 7.856023, "delta": 0.009261}}
{"target": -363.2497194042783, "params": {"gamma": 5.338077152636459, "prior": 1.121231725515661, "rate": 0.24620034805926763}, "datetime": {"datetime": "2024-04-08 10:48:00", "elapsed": 7.864772, "delta": 0.008749}}
{"target": -580.3974445433051, "params": {"gamma": 7.058392201809326, "prior": 9.79336216048635, "rate": 7.851867464260117}, "datetime": {"datetime": "2024-04-08 10:48:00", "elapsed": 7.873855, "delta": 0.009083}}
{"target": -670.4717604201508, "params": {"gamma": 7.647497242257331, "prior": 6.786930405212397, "rate": 7.9552316002763535}, "datetime": {"datetime": "2024-04-08 10:48:00", "elapsed": 7.882958, "delta": 0.009103}}
{"target": -152.35451124198835, "params": {"gamma": 0.40113783894076427, "prior": 2.720348153996855, "rate": 6.9542799621795535}, "datetime": {"datetime": "2024-04-08 10:48:00", "elapsed": 7.892188, "delta": 0.00923}}
{"target": -579.7946019860842, "params": {"gamma": 8.670016307747831, "prior": 6.778608030986559, "rate": 1.7635850037063328}, "datetime": {"datetime": "2024-04-08 10:48:00", "elapsed": 7.900997, "delta": 0.008809}}
{"target": -542.1113556897512, "params": {"gamma": 9.363148290996985, "prior": 9.043449131097443, "rate": 0.8677009826349238}, "datetime": {"datetime": "2024-04-08 10:48:00", "elapsed": 7.909704, "delta": 0.008707}}
{"target": -248.60892577131673, "params": {"gamma": 1.9308073757049558, "prior": 2.824411003044214, "rate": 7.384380294175464}, "datetime": {"datetime": "2024-04-08 10:48:00", "elapsed": 7.918796, "delta": 0.009092}}
{"target": -602.4762110123123, "params": {"gamma": 8.59387390968027, "prior": 5.825391635770356, "rate": 1.9972560609459706}, "datetime": {"datetime": "2024-04-08 10:48:00", "elapsed": 7.927729, "delta": 0.008933}}
{"target": -492.02778692444514, "params": {"gamma": 4.151483786326004, "prior": 1.4648060826146607, "rate": 9.174044472397386}, "datetime": {"datetime": "2024-04-08 10:48:00", "elapsed": 7.936706, "delta": 0.008977}}
{"target": -636.9312127048305, "params": {"gamma": 7.645544873164326, "prior": 5.151116954680168, "rate": 4.536296856665209}, "datetime": {"datetime": "2024-04-08 10:48:00", "elapsed": 7.945848, "delta": 0.009142}}
{"target": -160.35452936961877, "params": {"gamma": 0.9793229413773535, "prior": 3.2548860273732405, "rate": 1.2072073207786072}, "datetime": {"datetime": "2024-04-08 10:48:00", "elapsed": 7.955167, "delta": 0.009319}}
{"target": -569.012840542025, "params": {"gamma": 7.823598295559239, "prior": 5.494348696094326, "rate": 2.2735465367701733}, "datetime": {"datetime": "2024-04-08 10:48:00", "elapsed": 7.96385, "delta": 0.008683}}
{"target": -244.50999440265025, "params": {"gamma": 2.242804189720107, "prior": 2.677942155406277, "rate": 3.0894186504102437}, "datetime": {"datetime": "2024-04-08 10:48:01", "elapsed": 7.972398, "delta": 0.008548}}
{"target": -405.3124759812903, "params": {"gamma": 3.8776636126823174, "prior": 3.0457344305346488, "rate": 6.795879389436971}, "datetime": {"datetime": "2024-04-08 10:48:01", "elapsed": 7.981468, "delta": 0.00907}}
{"target": -150.28600371159052, "params": {"gamma": 0.351701119431484, "prior": 3.3482921178205443, "rate": 7.4531734367072975}, "datetime": {"datetime": "2024-04-08 10:48:01", "elapsed": 7.990638, "delta": 0.00917}}
{"target": -643.3711329271176, "params": {"gamma": 9.428137042767773, "prior": 8.047052246559756, "rate": 2.4090212695059683}, "datetime": {"datetime": "2024-04-08 10:48:01", "elapsed": 7.999512, "delta": 0.008874}}
{"target": -298.6614526892584, "params": {"gamma": 2.329921768369933, "prior": 1.9843342677001725, "rate": 8.825092851051235}, "datetime": {"datetime": "2024-04-08 10:48:01", "elapsed": 8.008324, "delta": 0.008812}}
{"target": -215.534546338491, "params": {"gamma": 2.3793190167249576, "prior": 7.605988171789962, "rate": 2.611236264315461}, "datetime": {"datetime": "2024-04-08 10:48:01", "elapsed": 8.017668, "delta": 0.009344}}
{"target": -147.83296345884165, "params": {"gamma": 0.3317853522317488, "prior": 7.3611322306807825, "rate": 7.262291896142214}, "datetime": {"datetime": "2024-04-08 10:48:01", "elapsed": 8.026776, "delta": 0.009108}}
{"target": -176.87869083255273, "params": {"gamma": 0.8905021504995737, "prior": 3.334342453503056, "rate": 9.483704536600037}, "datetime": {"datetime": "2024-04-08 10:48:01", "elapsed": 8.035618, "delta": 0.008842}}
{"target": -243.86862815610826, "params": {"gamma": 1.6303270368232625, "prior": 0.9580574792638101, "rate": 5.946444277228148}, "datetime": {"datetime": "2024-04-08 10:48:01", "elapsed": 8.044433, "delta": 0.008815}}
{"target": -975.0237499667134, "params": {"gamma": 9.309967663594373, "prior": 1.424405246656605, "rate": 5.130609924306518}, "datetime": {"datetime": "2024-04-08 10:48:01", "elapsed": 8.053688, "delta": 0.009255}}
{"target": -398.2282938861098, "params": {"gamma": 6.84030814195546, "prior": 1.8011146201075885, "rate": 0.11358767502840258}, "datetime": {"datetime": "2024-04-08 10:48:01", "elapsed": 8.062675, "delta": 0.008987}}
{"target": -988.5046066352486, "params": {"gamma": 8.876943621666769, "prior": 0.44878957946825926, "rate": 2.575325379792938}, "datetime": {"datetime": "2024-04-08 10:48:01", "elapsed": 8.071607, "delta": 0.008932}}
{"target": -375.2040160319058, "params": {"gamma": 6.5171886333749445, "prior": 2.929251040222046, "rate": 0.09806625815159087}, "datetime": {"datetime": "2024-04-08 10:48:01", "elapsed": 8.080558, "delta": 0.008951}}
{"target": -438.60082616210155, "params": {"gamma": 5.754942892815359, "prior": 3.147143555513635, "rate": 1.5159891044593792}, "datetime": {"datetime": "2024-04-08 10:48:01", "elapsed": 8.089945, "delta": 0.009387}}
{"target": -1037.689912034554, "params": {"gamma": 9.712861834014069, "prior": 1.7332254521996295, "rate": 7.272627175991628}, "datetime": {"datetime": "2024-04-08 10:48:01", "elapsed": 8.098749, "delta": 0.008804}}
{"target": -576.46082709521, "params": {"gamma": 8.907351190743636, "prior": 8.601279645696758, "rate": 1.8433864145173096}, "datetime": {"datetime": "2024-04-08 10:48:01", "elapsed": 8.107371, "delta": 0.008622}}
{"target": -341.1229420835662, "params": {"gamma": 2.3688485284086984, "prior": 0.2817901013754669, "rate": 9.314123267181278}, "datetime": {"datetime": "2024-04-08 10:48:01", "elapsed": 8.11631, "delta": 0.008939}}
{"target": -560.248037464293, "params": {"gamma": 8.871324645396406, "prior": 5.995115072798474, "rate": 1.0945671874130298}, "datetime": {"datetime": "2024-04-08 10:48:01", "elapsed": 8.125692, "delta": 0.009382}}
{"target": -190.3284711897125, "params": {"gamma": 1.736252925778173, "prior": 5.811907672232824, "rate": 2.5173180780279494}, "datetime": {"datetime": "2024-04-08 10:48:01", "elapsed": 8.134611, "delta": 0.008919}}
{"target": -293.274393751141, "params": {"gamma": 3.0024181605272484, "prior": 1.792774754535882, "rate": 1.8967275990085757}, "datetime": {"datetime": "2024-04-08 10:48:01", "elapsed": 8.143539, "delta": 0.008928}}
{"target": -411.0061759478541, "params": {"gamma": 4.634748122750124, "prior": 5.1477523290215155, "rate": 5.116287316757662}, "datetime": {"datetime": "2024-04-08 10:48:01", "elapsed": 8.152989, "delta": 0.00945}}
{"target": -1100.5856275998362, "params": {"gamma": 9.971390854869842, "prior": 1.3829985909743843, "rate": 7.561942713988967}, "datetime": {"datetime": "2024-04-08 10:48:01", "elapsed": 8.161948, "delta": 0.008959}}
{"target": -646.8949765475611, "params": {"gamma": 7.937773715501701, "prior": 5.890337727828154, "rate": 4.627919064512984}, "datetime": {"datetime": "2024-04-08 10:48:01", "elapsed": 8.170731, "delta": 0.008783}}
{"target": -499.89156610991745, "params": {"gamma": 8.934372946865443, "prior": 8.298984168823933, "rate": 0.5038590693510084}, "datetime": {"datetime": "2024-04-08 10:48:01", "elapsed": 8.179863, "delta": 0.009132}}
{"target": -1201.4838342776245, "params": {"gamma": 9.629874547125452, "prior": 0.17266492836107364, "rate": 5.731748914634736}, "datetime": {"datetime": "2024-04-08 10:48:01", "elapsed": 8.18945, "delta": 0.009587}}
{"target": -433.1240260699072, "params": {"gamma": 5.7247357384538, "prior": 8.360358681426117, "rate": 3.8477759631858306}, "datetime": {"datetime": "2024-04-08 10:48:01", "elapsed": 8.198311, "delta": 0.008861}}
{"target": -153.14583894375232, "params": {"gamma": 0.911317649590776, "prior": 5.858703966752355, "rate": 0.24943375777694893}, "datetime": {"datetime": "2024-04-08 10:48:01", "elapsed": 8.207216, "delta": 0.008905}}
{"target": -327.6991223836238, "params": {"gamma": 3.618595813310707, "prior": 9.854636340644698, "rate": 8.687919916680645}, "datetime": {"datetime": "2024-04-08 10:48:01", "elapsed": 8.216422, "delta": 0.009206}}
{"target": -197.0722531312744, "params": {"gamma": 1.525814920870293, "prior": 8.008378281655215, "rate": 8.110158197295846}, "datetime": {"datetime": "2024-04-08 10:48:01", "elapsed": 8.225569, "delta": 0.009147}}
{"target": -896.9294305982125, "params": {"gamma": 9.282143984052633, "prior": 2.3214042338354473, "rate": 4.990175777525101}, "datetime": {"datetime": "2024-04-08 10:48:01", "elapsed": 8.23429, "delta": 0.008721}}
{"target": -687.9018980609245, "params": {"gamma": 8.274613470019348, "prior": 6.706604471482155, "rate": 5.939767497694312}, "datetime": {"datetime": "2024-04-08 10:48:01", "elapsed": 8.243016, "delta": 0.008726}}
{"target": -396.3037405027343, "params": {"gamma": 6.520106231886649, "prior": 2.461308526710229, "rate": 0.2563753086730316}, "datetime": {"datetime": "2024-04-08 10:48:01", "elapsed": 8.25225, "delta": 0.009234}}
{"target": -642.4511549356755, "params": {"gamma": 7.362836317207894, "prior": 3.3352390707756885, "rate": 3.7681921123145443}, "datetime": {"datetime": "2024-04-08 10:48:01", "elapsed": 8.261507, "delta": 0.009257}}
{"target": -430.9639832121923, "params": {"gamma": 6.126547925441392, "prior": 6.605933919398819, "rate": 2.0297861073278014}, "datetime": {"datetime": "2024-04-08 10:48:01", "elapsed": 8.270373, "delta": 0.008866}}
{"target": -765.2680626221237, "params": {"gamma": 8.260489346916343, "prior": 3.864045391930247, "rate": 6.317812340605414}, "datetime": {"datetime": "2024-04-08 10:48:01", "elapsed": 8.279187, "delta": 0.008814}}
{"target": -752.66344423688, "params": {"gamma": 9.664147745107453, "prior": 5.691383729139698, "rate": 3.58975250674678}, "datetime": {"datetime": "2024-04-08 10:48:01", "elapsed": 8.288598, "delta": 0.009411}}
{"target": -523.1453113642453, "params": {"gamma": 6.1900821172926825, "prior": 5.067751868825378, "rate": 4.524310101530738}, "datetime": {"datetime": "2024-04-08 10:48:01", "elapsed": 8.297518, "delta": 0.00892}}
{"target": -555.896484292382, "params": {"gamma": 7.32297507682793, "prior": 9.252650484842617, "rate": 4.793234881420612}, "datetime": {"datetime": "2024-04-08 10:48:01", "elapsed": 8.30672, "delta": 0.009202}}
{"target": -158.53627878868886, "params": {"gamma": 0.8832132798499579, "prior": 5.739570211172332, "rate": 2.450263600293229}, "datetime": {"datetime": "2024-04-08 10:48:01", "elapsed": 8.316156, "delta": 0.009436}}
{"target": -146.94601395477372, "params": {"gamma": 0.3967395368422162, "prior": 7.902588045772463, "rate": 2.728409598411216}, "datetime": {"datetime": "2024-04-08 10:48:01", "elapsed": 8.32565, "delta": 0.009494}}
{"target": -611.7309472625194, "params": {"gamma": 7.7709278589308965, "prior": 4.933268536573228, "rate": 3.1800409748600784}, "datetime": {"datetime": "2024-04-08 10:48:01", "elapsed": 8.33462, "delta": 0.00897}}
{"target": -404.99289667310995, "params": {"gamma": 3.1409404750589167, "prior": 0.516045124852533, "rate": 5.344463969208603}, "datetime": {"datetime": "2024-04-08 10:48:01", "elapsed": 8.343924, "delta": 0.009304}}
{"target": -719.3031229697675, "params": {"gamma": 8.235692008411606, "prior": 0.9305639897438418, "rate": 1.0864784973815673}, "datetime": {"datetime": "2024-04-08 10:48:01", "elapsed": 8.353417, "delta": 0.009493}}
{"target": -466.5574533956244, "params": {"gamma": 5.293030012750302, "prior": 6.635403915273608, "rate": 6.947765177374281}, "datetime": {"datetime": "2024-04-08 10:48:01", "elapsed": 8.362518, "delta": 0.009101}}
{"target": -399.12550122841475, "params": {"gamma": 3.1329037297737132, "prior": 0.47399998048085035, "rate": 4.146214234044257}, "datetime": {"datetime": "2024-04-08 10:48:01", "elapsed": 8.371539, "delta": 0.009021}}
{"target": -333.42669801386194, "params": {"gamma": 2.2612156645820662, "prior": 0.11103681949882596, "rate": 6.857480005685141}, "datetime": {"datetime": "2024-04-08 10:48:01", "elapsed": 8.380869, "delta": 0.00933}}
{"target": -766.2815929000368, "params": {"gamma": 9.520673328006277, "prior": 3.9724024292967792, "rate": 3.0036839952852596}, "datetime": {"datetime": "2024-04-08 10:48:01", "elapsed": 8.390265, "delta": 0.009396}}
{"target": -475.9199678760492, "params": {"gamma": 5.537964374290343, "prior": 8.534564954842326, "rate": 7.9498792795045405}, "datetime": {"datetime": "2024-04-08 10:48:01", "elapsed": 8.399008, "delta": 0.008743}}
{"target": -636.3559539174238, "params": {"gamma": 6.847882293080787, "prior": 4.377860203867094, "rate": 6.904649764523284}, "datetime": {"datetime": "2024-04-08 10:48:01", "elapsed": 8.407742, "delta": 0.008734}}
{"target": -267.63039221157544, "params": {"gamma": 2.161037487164819, "prior": 2.911040034677843, "rate": 7.778428288392944}, "datetime": {"datetime": "2024-04-08 10:48:01", "elapsed": 8.416819, "delta": 0.009077}}
{"target": -844.5939921692504, "params": {"gamma": 9.299871383327218, "prior": 1.9814900858052293, "rate": 2.9613368308929076}, "datetime": {"datetime": "2024-04-08 10:48:01", "elapsed": 8.426222, "delta": 0.009403}}
{"target": -143.23887484780943, "params": {"gamma": 0.06309646163797043, "prior": 4.372466228275976, "rate": 2.103740422454257}, "datetime": {"datetime": "2024-04-08 10:48:01", "elapsed": 8.43542, "delta": 0.009198}}
{"target": -411.26752183280394, "params": {"gamma": 6.414606400753661, "prior": 7.124933235213273, "rate": 1.188658366270452}, "datetime": {"datetime": "2024-04-08 10:48:01", "elapsed": 8.444614, "delta": 0.009194}}
{"target": -156.85626560067018, "params": {"gamma": 0.8223578763172843, "prior": 9.072717188845324, "rate": 3.8929983086548985}, "datetime": {"datetime": "2024-04-08 10:48:01", "elapsed": 8.454058, "delta": 0.009444}}
{"target": -446.47116485943576, "params": {"gamma": 5.334501569162878, "prior": 9.636091492645338, "rate": 7.590781068151137}, "datetime": {"datetime": "2024-04-08 10:48:01", "elapsed": 8.46341, "delta": 0.009352}}
{"target": -395.96380352741556, "params": {"gamma": 3.256077435692296, "prior": 0.9499080810909061, "rate": 5.360704142867423}, "datetime": {"datetime": "2024-04-08 10:48:01", "elapsed": 8.472742, "delta": 0.009332}}
{"target": -448.2836127647316, "params": {"gamma": 3.3619183039303744, "prior": 0.31468550480840884, "rate": 7.711752180204535}, "datetime": {"datetime": "2024-04-08 10:48:01", "elapsed": 8.482064, "delta": 0.009322}}
{"target": -368.93040064768655, "params": {"gamma": 3.849706389409975, "prior": 5.756079385581481, "rate": 7.557672815106508}, "datetime": {"datetime": "2024-04-08 10:48:01", "elapsed": 8.491512, "delta": 0.009448}}
{"target": -706.1694991853193, "params": {"gamma": 9.408533351590556, "prior": 6.161991152977763, "rate": 3.1546463916226513}, "datetime": {"datetime": "2024-04-08 10:48:01", "elapsed": 8.500928, "delta": 0.009416}}
{"target": -194.1188105711214, "params": {"gamma": 1.1016550019623323, "prior": 0.8317969903215949, "rate": 3.197588047953422}, "datetime": {"datetime": "2024-04-08 10:48:01", "elapsed": 8.510283, "delta": 0.009355}}
{"target": -459.490473274452, "params": {"gamma": 6.608730550421095, "prior": 6.982005440804134, "rate": 2.0779726825898135}, "datetime": {"datetime": "2024-04-08 10:48:01", "elapsed": 8.519778, "delta": 0.009495}}
{"target": -168.704774790773, "params": {"gamma": 0.8288765899448861, "prior": 3.1245555467317083, "rate": 5.476198023985873}, "datetime": {"datetime": "2024-04-08 10:48:01", "elapsed": 8.529175, "delta": 0.009397}}
{"target": -575.7772565974649, "params": {"gamma": 7.546942075074172, "prior": 5.343607473643421, "rate": 2.8705505437179983}, "datetime": {"datetime": "2024-04-08 10:48:01", "elapsed": 8.538089, "delta": 0.008914}}
{"target": -626.3919811571083, "params": {"gamma": 6.242173052915846, "prior": 2.7218828862443387, "rate": 6.527276450430897}, "datetime": {"datetime": "2024-04-08 10:48:01", "elapsed": 8.547294, "delta": 0.009205}}
{"target": -698.7452483707508, "params": {"gamma": 8.419138180259552, "prior": 6.425583421647474, "rate": 5.656749058298363}, "datetime": {"datetime": "2024-04-08 10:48:01", "elapsed": 8.556828, "delta": 0.009534}}
{"target": -301.3105339176998, "params": {"gamma": 3.072113950599342, "prior": 8.780092695385816, "rate": 9.888230025288278}, "datetime": {"datetime": "2024-04-08 10:48:01", "elapsed": 8.565882, "delta": 0.009054}}
{"target": -517.8858635808407, "params": {"gamma": 7.775016832668201, "prior": 5.779074189947149, "rate": 1.4136520470773757}, "datetime": {"datetime": "2024-04-08 10:48:01", "elapsed": 8.574775, "delta": 0.008893}}
{"target": -289.11008556363265, "params": {"gamma": 3.1499752949036433, "prior": 3.731907254052719, "rate": 2.9196603150536307}, "datetime": {"datetime": "2024-04-08 10:48:01", "elapsed": 8.584018, "delta": 0.009243}}
{"target": -333.16648518881794, "params": {"gamma": 4.46008219467453, "prior": 6.145261916989693, "rate": 2.129932990561121}, "datetime": {"datetime": "2024-04-08 10:48:01", "elapsed": 8.593436, "delta": 0.009418}}
{"target": -293.53622087004436, "params": {"gamma": 2.4983477831127514, "prior": 1.2102897838888582, "rate": 3.07657830315885}, "datetime": {"datetime": "2024-04-08 10:48:01", "elapsed": 8.602402, "delta": 0.008966}}
{"target": -494.7530712319629, "params": {"gamma": 4.9749853375678486, "prior": 4.949097068629873, "rate": 9.955776541252115}, "datetime": {"datetime": "2024-04-08 10:48:01", "elapsed": 8.611285, "delta": 0.008883}}
{"target": -949.877425751879, "params": {"gamma": 9.811104522073206, "prior": 4.421971439643317, "rate": 9.720234197281384}, "datetime": {"datetime": "2024-04-08 10:48:01", "elapsed": 8.620712, "delta": 0.009427}}
{"target": -227.48559892719132, "params": {"gamma": 2.1447646438539647, "prior": 5.457096772478638, "rate": 4.534899709382847}, "datetime": {"datetime": "2024-04-08 10:48:01", "elapsed": 8.63012, "delta": 0.009408}}
{"target": -642.1563828882216, "params": {"gamma": 9.67612136622795, "prior": 8.37814460904005, "rate": 2.142255100882632}, "datetime": {"datetime": "2024-04-08 10:48:01", "elapsed": 8.639337, "delta": 0.009217}}
{"target": -472.015888036771, "params": {"gamma": 4.395951482451757, "prior": 1.7679220192998268, "rate": 5.29134301734205}, "datetime": {"datetime": "2024-04-08 10:48:01", "elapsed": 8.64878, "delta": 0.009443}}
{"target": -142.79033208451335, "params": {"gamma": 0.001, "prior": 8.244597419139996, "rate": 0.001}, "datetime": {"datetime": "2024-04-08 10:48:07", "elapsed": 14.106639, "delta": 5.457859}}
{"target": -142.79642164998486, "params": {"gamma": 0.001, "prior": 10.0, "rate": 10.0}, "datetime": {"datetime": "2024-04-08 10:48:10", "elapsed": 17.626884, "delta": 3.520245}}
{"target": -142.8840263806994, "params": {"gamma": 0.006498588945323686, "prior": 0.17241717909885645, "rate": 8.557420217349458}, "datetime": {"datetime": "2024-04-08 10:48:13", "elapsed": 20.89153, "delta": 3.264646}}
{"target": -142.79033170910463, "params": {"gamma": 0.001, "prior": 10.0, "rate": 0.001}, "datetime": {"datetime": "2024-04-08 10:48:18", "elapsed": 25.012674, "delta": 4.121144}}
{"target": -142.79545702356194, "params": {"gamma": 0.001, "prior": 10.0, "rate": 6.960105352161482}, "datetime": {"datetime": "2024-04-08 10:48:21", "elapsed": 28.293856, "delta": 3.281182}}
{"target": -142.7944218494926, "params": {"gamma": 0.001, "prior": 10.0, "rate": 4.595937737471456}, "datetime": {"datetime": "2024-04-08 10:48:26", "elapsed": 33.439399, "delta": 5.145543}}
{"target": -142.7976809986889, "params": {"gamma": 0.001, "prior": 6.274180646764339, "rate": 10.0}, "datetime": {"datetime": "2024-04-08 10:48:33", "elapsed": 40.930482, "delta": 7.491083}}
{"target": -142.79685155935258, "params": {"gamma": 0.001, "prior": 8.533322319144087, "rate": 10.0}, "datetime": {"datetime": "2024-04-08 10:48:38", "elapsed": 45.802631, "delta": 4.872149}}
{"target": -142.9117691001894, "params": {"gamma": 0.013904270581184843, "prior": 5.239504522254416, "rate": 6.2200276843061}, "datetime": {"datetime": "2024-04-08 10:48:42", "elapsed": 49.752254, "delta": 3.949623}}
{"target": -142.79615182661212, "params": {"gamma": 0.001, "prior": 10.0, "rate": 9.047648817240354}, "datetime": {"datetime": "2024-04-08 10:48:48", "elapsed": 55.357609, "delta": 5.605355}}
{"target": -142.79296914088877, "params": {"gamma": 0.001, "prior": 10.0, "rate": 2.2949527879198257}, "datetime": {"datetime": "2024-04-08 10:48:51", "elapsed": 58.111817, "delta": 2.754208}}
{"target": -142.90326583247474, "params": {"gamma": 0.008531030818368451, "prior": 0.9419773645362606, "rate": 8.905863169179133}, "datetime": {"datetime": "2024-04-08 10:48:55", "elapsed": 62.807858, "delta": 4.696041}}
{"target": -143.5914801107546, "params": {"gamma": 0.049375921494418544, "prior": 0.14772141329459715, "rate": 2.166720944593413}, "datetime": {"datetime": "2024-04-08 10:48:58", "elapsed": 65.709386, "delta": 2.901528}}
