{"target": -145.80022004258302, "params": {"gamma": 0.7466661384435471, "prior": 3.766026368361488, "rate": 1.235065179287484}, "datetime": {"datetime": "2024-04-12 20:03:26", "elapsed": 3.153929, "delta": 0.008002}}
{"target": -482.9162571230214, "params": {"gamma": 6.345552644202125, "prior": 4.1978064727211475, "rate": 9.909165409621975}, "datetime": {"datetime": "2024-04-12 20:03:26", "elapsed": 3.161851, "delta": 0.007922}}
{"target": -702.9155869348089, "params": {"gamma": 9.299626280909525, "prior": 1.5774367198665253, "rate": 3.9494277431054683}, "datetime": {"datetime": "2024-04-12 20:03:26", "elapsed": 3.169815, "delta": 0.007964}}
{"target": -324.4033873357235, "params": {"gamma": 4.6163355299129, "prior": 5.6533926757072575, "rate": 7.803854869369396}, "datetime": {"datetime": "2024-04-12 20:03:26", "elapsed": 3.177619, "delta": 0.007804}}
{"target": -287.9997627637955, "params": {"gamma": 4.872451896825164, "prior": 4.257936164901384, "rate": 2.6207350474886373}, "datetime": {"datetime": "2024-04-12 20:03:26", "elapsed": 3.185471, "delta": 0.007852}}
{"target": -936.2900998769433, "params": {"gamma": 9.108150584728497, "prior": 0.32048796417476116, "rate": 8.211397860291427}, "datetime": {"datetime": "2024-04-12 20:03:26", "elapsed": 3.193291, "delta": 0.00782}}
{"target": -172.54003024319925, "params": {"gamma": 1.8854955282645185, "prior": 6.888993301808218, "rate": 3.552738684007098}, "datetime": {"datetime": "2024-04-12 20:03:26", "elapsed": 3.201222, "delta": 0.007931}}
{"target": -633.2739393689811, "params": {"gamma": 9.742152066323019, "prior": 1.3154440815492576, "rate": 1.8765113562797784}, "datetime": {"datetime": "2024-04-12 20:03:26", "elapsed": 3.209209, "delta": 0.007987}}
{"target": -446.71967224467, "params": {"gamma": 8.894535312169324, "prior": 5.875722514621456, "rate": 3.0931546002031376}, "datetime": {"datetime": "2024-04-12 20:03:26", "elapsed": 3.217178, "delta": 0.007969}}
{"target": -145.34023303273167, "params": {"gamma": 0.008643090396402046, "prior": 2.353217609390305, "rate": 1.4548909380781856}, "datetime": {"datetime": "2024-04-12 20:03:26", "elapsed": 3.225059, "delta": 0.007881}}
{"target": -185.18063087695, "params": {"gamma": 2.035134809876536, "prior": 8.973593312359645, "rate": 8.731070688318136}, "datetime": {"datetime": "2024-04-12 20:03:26", "elapsed": 3.232835, "delta": 0.007776}}
{"target": -491.2070587831195, "params": {"gamma": 7.0031940868968645, "prior": 4.757926993906869, "rate": 8.271532887320552}, "datetime": {"datetime": "2024-04-12 20:03:26", "elapsed": 3.240577, "delta": 0.007742}}
{"target": -300.75927764299706, "params": {"gamma": 4.958768144455039, "prior": 3.698537964520562, "rate": 2.7567554245058266}, "datetime": {"datetime": "2024-04-12 20:03:26", "elapsed": 3.248393, "delta": 0.007816}}
{"target": -579.7627288799044, "params": {"gamma": 9.247483394570178, "prior": 3.931193419137293, "rate": 4.929315853439772}, "datetime": {"datetime": "2024-04-12 20:03:26", "elapsed": 3.256252, "delta": 0.007859}}
{"target": -193.19973724434047, "params": {"gamma": 2.5451265850419067, "prior": 8.861168536496827, "rate": 3.833251304596062}, "datetime": {"datetime": "2024-04-12 20:03:26", "elapsed": 3.264246, "delta": 0.007994}}
{"target": -207.1643543479173, "params": {"gamma": 2.9764495784234386, "prior": 7.2041901257280685, "rate": 1.909508561779902}, "datetime": {"datetime": "2024-04-12 20:03:26", "elapsed": 3.272158, "delta": 0.007912}}
{"target": -153.35139970759846, "params": {"gamma": 1.1828081008410374, "prior": 8.386278043913771, "rate": 7.441615077773983}, "datetime": {"datetime": "2024-04-12 20:03:26", "elapsed": 3.280145, "delta": 0.007987}}
{"target": -457.4360198004615, "params": {"gamma": 5.905614955923525, "prior": 2.5046265921522197, "rate": 6.2328482047306535}, "datetime": {"datetime": "2024-04-12 20:03:26", "elapsed": 3.288111, "delta": 0.007966}}
{"target": -350.142024494428, "params": {"gamma": 6.383914852090989, "prior": 3.342937496712019, "rate": 0.6758259413323553}, "datetime": {"datetime": "2024-04-12 20:03:26", "elapsed": 3.295983, "delta": 0.007872}}
{"target": -599.0545888497884, "params": {"gamma": 8.805505437045703, "prior": 4.6535716376351575, "rate": 7.638963307946233}, "datetime": {"datetime": "2024-04-12 20:03:26", "elapsed": 3.303973, "delta": 0.00799}}
{"target": -199.6393111397569, "params": {"gamma": 2.539632320806454, "prior": 5.954733104448417, "rate": 4.288522808327629}, "datetime": {"datetime": "2024-04-12 20:03:26", "elapsed": 3.311909, "delta": 0.007936}}
{"target": -295.9998297738359, "params": {"gamma": 3.8216243248488464, "prior": 1.3544625000845356, "rate": 2.4434223654265494}, "datetime": {"datetime": "2024-04-12 20:03:26", "elapsed": 3.319763, "delta": 0.007854}}
{"target": -144.28623686970099, "params": {"gamma": 0.7943364880002312, "prior": 3.098297216704028, "rate": 7.417306297515323}, "datetime": {"datetime": "2024-04-12 20:03:26", "elapsed": 3.327728, "delta": 0.007965}}
{"target": -411.3415428908643, "params": {"gamma": 6.150542233985518, "prior": 6.7568698794458655, "rate": 0.08482241217079087}, "datetime": {"datetime": "2024-04-12 20:03:26", "elapsed": 3.335708, "delta": 0.00798}}
{"target": -354.4391396339427, "params": {"gamma": 6.784091345540948, "prior": 5.081488836374581, "rate": 2.309853596391308}, "datetime": {"datetime": "2024-04-12 20:03:26", "elapsed": 3.343588, "delta": 0.00788}}
{"target": -198.13094415625585, "params": {"gamma": 1.7497901933102402, "prior": 1.9313313589532155, "rate": 8.44275579074591}, "datetime": {"datetime": "2024-04-12 20:03:26", "elapsed": 3.351483, "delta": 0.007895}}
{"target": -475.145530632621, "params": {"gamma": 9.825915303261548, "prior": 9.146022285932153, "rate": 3.4743468343077555}, "datetime": {"datetime": "2024-04-12 20:03:26", "elapsed": 3.359333, "delta": 0.00785}}
{"target": -519.871993846996, "params": {"gamma": 7.802465572333946, "prior": 5.509900447944164, "rate": 8.16460753316182}, "datetime": {"datetime": "2024-04-12 20:03:26", "elapsed": 3.367205, "delta": 0.007872}}
{"target": -333.6373586889954, "params": {"gamma": 4.8377857849378705, "prior": 5.9405178531640965, "rate": 7.872847211795091}, "datetime": {"datetime": "2024-04-12 20:03:26", "elapsed": 3.374945, "delta": 0.00774}}
{"target": -148.00253725315724, "params": {"gamma": 1.0032461963882202, "prior": 5.416370456721353, "rate": 3.660467483349873}, "datetime": {"datetime": "2024-04-12 20:03:26", "elapsed": 3.382721, "delta": 0.007776}}
{"target": -323.32504155249495, "params": {"gamma": 6.043464129845054, "prior": 9.592144904806304, "rate": 3.9288366270246278}, "datetime": {"datetime": "2024-04-12 20:03:26", "elapsed": 3.390517, "delta": 0.007796}}
{"target": -260.3648311599509, "params": {"gamma": 3.930337006418223, "prior": 7.927306236537028, "rate": 6.451138912455179}, "datetime": {"datetime": "2024-04-12 20:03:26", "elapsed": 3.398397, "delta": 0.00788}}
{"target": -249.01525346793105, "params": {"gamma": 3.9394461945459094, "prior": 6.920654977479489, "rate": 4.040612088934736}, "datetime": {"datetime": "2024-04-12 20:03:26", "elapsed": 3.406324, "delta": 0.007927}}
{"target": -158.03456826579185, "params": {"gamma": 1.3619954293269727, "prior": 4.561368359854131, "rate": 3.3448595075800287}, "datetime": {"datetime": "2024-04-12 20:03:26", "elapsed": 3.414225, "delta": 0.007901}}
{"target": -186.58496636093992, "params": {"gamma": 2.180471331681618, "prior": 9.265170536200754, "rate": 6.896704351396498}, "datetime": {"datetime": "2024-04-12 20:03:26", "elapsed": 3.422105, "delta": 0.00788}}
{"target": -344.06031078452367, "params": {"gamma": 5.988610085343597, "prior": 7.49190897401775, "rate": 5.420168646652644}, "datetime": {"datetime": "2024-04-12 20:03:26", "elapsed": 3.430077, "delta": 0.007972}}
{"target": -414.0677575921074, "params": {"gamma": 7.005630193122407, "prior": 9.312542210573467, "rate": 8.626304328357714}, "datetime": {"datetime": "2024-04-12 20:03:26", "elapsed": 3.438147, "delta": 0.00807}}
{"target": -165.75960491671802, "params": {"gamma": 1.6752511332077065, "prior": 2.705076336846355, "rate": 0.7170311841386036}, "datetime": {"datetime": "2024-04-12 20:03:26", "elapsed": 3.446092, "delta": 0.007945}}
{"target": -751.9784839925427, "params": {"gamma": 9.786749378778312, "prior": 2.4402025767377182, "rate": 6.6063229609300596}, "datetime": {"datetime": "2024-04-12 20:03:26", "elapsed": 3.454147, "delta": 0.008055}}
{"target": -147.74056727740225, "params": {"gamma": 0.8972173585756926, "prior": 2.1866323266614858, "rate": 5.028741010800528}, "datetime": {"datetime": "2024-04-12 20:03:26", "elapsed": 3.46213, "delta": 0.007983}}
{"target": -150.85195346300182, "params": {"gamma": 1.0504317296309502, "prior": 3.9498466866777715, "rate": 5.3803392136766695}, "datetime": {"datetime": "2024-04-12 20:03:26", "elapsed": 3.470023, "delta": 0.007893}}
{"target": -243.1287365549795, "params": {"gamma": 3.3927026446661146, "prior": 5.603412090153097, "rate": 5.368146451102699}, "datetime": {"datetime": "2024-04-12 20:03:26", "elapsed": 3.478008, "delta": 0.007985}}
{"target": -267.1883797925574, "params": {"gamma": 3.906714376870321, "prior": 6.993073822700919, "rate": 6.785146057525243}, "datetime": {"datetime": "2024-04-12 20:03:26", "elapsed": 3.486024, "delta": 0.008016}}
{"target": -373.2300257902334, "params": {"gamma": 6.8733441905945245, "prior": 5.6587634621138045, "rate": 3.5814410602153455}, "datetime": {"datetime": "2024-04-12 20:03:26", "elapsed": 3.493877, "delta": 0.007853}}
{"target": -342.0752938898394, "params": {"gamma": 6.131510241334756, "prior": 9.363789039421178, "rate": 5.969288360934786}, "datetime": {"datetime": "2024-04-12 20:03:26", "elapsed": 3.501986, "delta": 0.008109}}
{"target": -664.7848839579933, "params": {"gamma": 9.795922153419893, "prior": 4.465965542047824, "rate": 7.39638001311296}, "datetime": {"datetime": "2024-04-12 20:03:26", "elapsed": 3.509921, "delta": 0.007935}}
{"target": -140.10501586683344, "params": {"gamma": 0.3770011826173517, "prior": 7.6707937261048125, "rate": 5.1832975216877974}, "datetime": {"datetime": "2024-04-12 20:03:26", "elapsed": 3.517915, "delta": 0.007994}}
{"target": -143.04599858060863, "params": {"gamma": 0.05416001307807128, "prior": 2.8442810373477254, "rate": 5.348787492965596}, "datetime": {"datetime": "2024-04-12 20:03:26", "elapsed": 3.525887, "delta": 0.007972}}
{"target": -719.1207795467992, "params": {"gamma": 7.679860819934835, "prior": 0.6256166949799984, "rate": 5.490985385061347}, "datetime": {"datetime": "2024-04-12 20:03:26", "elapsed": 3.534007, "delta": 0.00812}}
{"target": -526.9364073122711, "params": {"gamma": 8.010144563427762, "prior": 6.530872243296941, "rate": 9.314538702914113}, "datetime": {"datetime": "2024-04-12 20:03:26", "elapsed": 3.54196, "delta": 0.007953}}
{"target": -143.6133497447545, "params": {"gamma": 0.7482397187025968, "prior": 2.8403839797458077, "rate": 9.192455805057469}, "datetime": {"datetime": "2024-04-12 20:03:26", "elapsed": 3.549775, "delta": 0.007815}}
{"target": -500.3846596248336, "params": {"gamma": 7.650286477833132, "prior": 6.037429410273777, "rate": 8.329848470226867}, "datetime": {"datetime": "2024-04-12 20:03:26", "elapsed": 3.557684, "delta": 0.007909}}
{"target": -529.4069541916625, "params": {"gamma": 8.960538872258445, "prior": 9.729931493242967, "rate": 9.98520655039097}, "datetime": {"datetime": "2024-04-12 20:03:26", "elapsed": 3.565573, "delta": 0.007889}}
{"target": -160.52842728065306, "params": {"gamma": 1.3973536875073507, "prior": 0.7983662429626219, "rate": 0.7355930769468734}, "datetime": {"datetime": "2024-04-12 20:03:26", "elapsed": 3.573565, "delta": 0.007992}}
{"target": -146.13359684542445, "params": {"gamma": 0.14842316520856935, "prior": 9.721018722481467, "rate": 0.9485743976558341}, "datetime": {"datetime": "2024-04-12 20:03:26", "elapsed": 3.581507, "delta": 0.007942}}
{"target": -451.30721881947693, "params": {"gamma": 8.417526525032311, "prior": 6.883212669386226, "rate": 4.876084117661699}, "datetime": {"datetime": "2024-04-12 20:03:26", "elapsed": 3.589603, "delta": 0.008096}}
{"target": -235.7550962131704, "params": {"gamma": 3.4676021187044235, "prior": 3.6011130919633505, "rate": 2.539134984589525}, "datetime": {"datetime": "2024-04-12 20:03:26", "elapsed": 3.597522, "delta": 0.007919}}
{"target": -549.041609166763, "params": {"gamma": 9.110268719012566, "prior": 7.283861200399203, "rate": 0.2602320020499145}, "datetime": {"datetime": "2024-04-12 20:03:26", "elapsed": 3.605601, "delta": 0.008079}}
{"target": -291.05552484143493, "params": {"gamma": 4.615751011217899, "prior": 2.884882598114433, "rate": 0.2906328955928069}, "datetime": {"datetime": "2024-04-12 20:03:26", "elapsed": 3.613577, "delta": 0.007976}}
{"target": -436.3173221681197, "params": {"gamma": 8.846934261198635, "prior": 7.732953043751355, "rate": 3.298021057363365}, "datetime": {"datetime": "2024-04-12 20:03:26", "elapsed": 3.621481, "delta": 0.007904}}
{"target": -462.8541819194944, "params": {"gamma": 7.965789316779574, "prior": 3.3139193898096666, "rate": 3.0795165557326496}, "datetime": {"datetime": "2024-04-12 20:03:26", "elapsed": 3.629451, "delta": 0.00797}}
{"target": -464.1155591668515, "params": {"gamma": 9.281162675928762, "prior": 9.771470003263916, "rate": 5.236029491864212}, "datetime": {"datetime": "2024-04-12 20:03:26", "elapsed": 3.637455, "delta": 0.008004}}
{"target": -480.73026989477813, "params": {"gamma": 9.519399740511682, "prior": 8.891165289872, "rate": 5.180807583382493}, "datetime": {"datetime": "2024-04-12 20:03:26", "elapsed": 3.645234, "delta": 0.007779}}
{"target": -243.24353969815522, "params": {"gamma": 3.728115272172759, "prior": 7.132510325364133, "rate": 4.5569786029958985}, "datetime": {"datetime": "2024-04-12 20:03:26", "elapsed": 3.653255, "delta": 0.008021}}
{"target": -352.6472102732365, "params": {"gamma": 6.052523738337006, "prior": 9.905021349210472, "rate": 7.739388583314729}, "datetime": {"datetime": "2024-04-12 20:03:26", "elapsed": 3.661174, "delta": 0.007919}}
{"target": -270.16546895459174, "params": {"gamma": 3.343429773533269, "prior": 0.9810823861415419, "rate": 1.8498709971938052}, "datetime": {"datetime": "2024-04-12 20:03:26", "elapsed": 3.66913, "delta": 0.007956}}
{"target": -388.88735985911774, "params": {"gamma": 5.2689919070424525, "prior": 4.229313939257894, "rate": 8.006795921634268}, "datetime": {"datetime": "2024-04-12 20:03:26", "elapsed": 3.676899, "delta": 0.007769}}
{"target": -797.3945456378764, "params": {"gamma": 9.332090179528631, "prior": 1.8608610047183507, "rate": 8.600807641991286}, "datetime": {"datetime": "2024-04-12 20:03:26", "elapsed": 3.684785, "delta": 0.007886}}
{"target": -571.2086397062459, "params": {"gamma": 9.57399186834036, "prior": 9.598759007812843, "rate": 0.37958801461658453}, "datetime": {"datetime": "2024-04-12 20:03:26", "elapsed": 3.692659, "delta": 0.007874}}
{"target": -141.61050504267055, "params": {"gamma": 0.576777472576129, "prior": 0.15739418988512105, "rate": 3.127498880398609}, "datetime": {"datetime": "2024-04-12 20:03:26", "elapsed": 3.700538, "delta": 0.007879}}
{"target": -138.84992349067602, "params": {"gamma": 0.5579284287083343, "prior": 3.0092386061583873, "rate": 3.5608088438258343}, "datetime": {"datetime": "2024-04-12 20:03:26", "elapsed": 3.708545, "delta": 0.008007}}
{"target": -480.6650427527917, "params": {"gamma": 9.536816507720744, "prior": 4.821814132619101, "rate": 2.783106185770882}, "datetime": {"datetime": "2024-04-12 20:03:26", "elapsed": 3.716484, "delta": 0.007939}}
{"target": -295.615120876754, "params": {"gamma": 5.030548945314497, "prior": 6.469243454026442, "rate": 1.1133454800017826}, "datetime": {"datetime": "2024-04-12 20:03:26", "elapsed": 3.7245, "delta": 0.008016}}
{"target": -451.1581975544762, "params": {"gamma": 7.580858519672953, "prior": 8.534263135744226, "rate": 8.442654345834713}, "datetime": {"datetime": "2024-04-12 20:03:26", "elapsed": 3.732336, "delta": 0.007836}}
{"target": -544.247328715956, "params": {"gamma": 8.905177817288482, "prior": 3.8802397278820355, "rate": 4.438608178466819}, "datetime": {"datetime": "2024-04-12 20:03:26", "elapsed": 3.740165, "delta": 0.007829}}
{"target": -156.15735595411508, "params": {"gamma": 1.0167131779857155, "prior": 2.335488532069228, "rate": 9.713233372262836}, "datetime": {"datetime": "2024-04-12 20:03:26", "elapsed": 3.747995, "delta": 0.00783}}
{"target": -219.6332250323577, "params": {"gamma": 2.8469550657183857, "prior": 9.083221808185874, "rate": 8.905632311496733}, "datetime": {"datetime": "2024-04-12 20:03:26", "elapsed": 3.755909, "delta": 0.007914}}
{"target": -806.6819939755758, "params": {"gamma": 9.225122468106674, "prior": 1.645880687963868, "rate": 8.797341712870308}, "datetime": {"datetime": "2024-04-12 20:03:26", "elapsed": 3.763948, "delta": 0.008039}}
{"target": -436.7791929939681, "params": {"gamma": 6.320317509680909, "prior": 2.1852189663461443, "rate": 3.4518140318860318}, "datetime": {"datetime": "2024-04-12 20:03:26", "elapsed": 3.77191, "delta": 0.007962}}
{"target": -165.6645212161745, "params": {"gamma": 1.6000279671042428, "prior": 4.499046758716659, "rate": 0.8386657635007598}, "datetime": {"datetime": "2024-04-12 20:03:26", "elapsed": 3.77998, "delta": 0.00807}}
{"target": -188.23286816800268, "params": {"gamma": 1.654019586311918, "prior": 2.052243830020026, "rate": 6.910582388225486}, "datetime": {"datetime": "2024-04-12 20:03:27", "elapsed": 3.787853, "delta": 0.007873}}
{"target": -313.17489930690624, "params": {"gamma": 5.738454888784365, "prior": 8.745899026963649, "rate": 2.447096023126362}, "datetime": {"datetime": "2024-04-12 20:03:27", "elapsed": 3.795765, "delta": 0.007912}}
{"target": -611.1833508098844, "params": {"gamma": 6.296449959232413, "prior": 0.4408695265402466, "rate": 5.162468412309614}, "datetime": {"datetime": "2024-04-12 20:03:27", "elapsed": 3.803635, "delta": 0.00787}}
{"target": -548.2801604979438, "params": {"gamma": 8.632401590656782, "prior": 9.842852784460677, "rate": 0.09971988061382621}, "datetime": {"datetime": "2024-04-12 20:03:27", "elapsed": 3.811683, "delta": 0.008048}}
{"target": -193.17445550958377, "params": {"gamma": 2.5291619792860742, "prior": 2.316111736242501, "rate": 0.4763284046833772}, "datetime": {"datetime": "2024-04-12 20:03:27", "elapsed": 3.819499, "delta": 0.007816}}
{"target": -145.9606003830762, "params": {"gamma": 0.10271439016149476, "prior": 4.952933591217894, "rate": 0.4557759745572704}, "datetime": {"datetime": "2024-04-12 20:03:27", "elapsed": 3.8275, "delta": 0.008001}}
{"target": -201.93935855074912, "params": {"gamma": 2.784002980338173, "prior": 6.435748234178231, "rate": 2.9476257235674814}, "datetime": {"datetime": "2024-04-12 20:03:27", "elapsed": 3.835299, "delta": 0.007799}}
{"target": -203.43311537843715, "params": {"gamma": 2.6972773568893555, "prior": 5.946410570211314, "rate": 3.805960238019191}, "datetime": {"datetime": "2024-04-12 20:03:27", "elapsed": 3.843366, "delta": 0.008067}}
{"target": -452.0530654958406, "params": {"gamma": 7.025527816580048, "prior": 5.011627117373624, "rate": 6.33245944879897}, "datetime": {"datetime": "2024-04-12 20:03:27", "elapsed": 3.851222, "delta": 0.007856}}
{"target": -228.83570792209528, "params": {"gamma": 3.5345900756692927, "prior": 2.9417350669395357, "rate": 1.3329379303972684}, "datetime": {"datetime": "2024-04-12 20:03:27", "elapsed": 3.859138, "delta": 0.007916}}
{"target": -573.4237278726241, "params": {"gamma": 9.370866767604843, "prior": 8.067874875556367, "rate": 9.380347403020368}, "datetime": {"datetime": "2024-04-12 20:03:27", "elapsed": 3.866986, "delta": 0.007848}}
{"target": -178.4047873343811, "params": {"gamma": 1.8546198659533752, "prior": 9.338242051949933, "rate": 9.357596323713638}, "datetime": {"datetime": "2024-04-12 20:03:27", "elapsed": 3.874899, "delta": 0.007913}}
{"target": -242.46169065063268, "params": {"gamma": 2.8361615915229414, "prior": 2.8188790593962434, "rate": 5.514764305160052}, "datetime": {"datetime": "2024-04-12 20:03:27", "elapsed": 3.882799, "delta": 0.0079}}
{"target": -170.59689660468314, "params": {"gamma": 1.8537071044461548, "prior": 4.476800995204981, "rate": 1.8539911417309063}, "datetime": {"datetime": "2024-04-12 20:03:27", "elapsed": 3.890786, "delta": 0.007987}}
{"target": -671.1752387915202, "params": {"gamma": 9.473811803621638, "prior": 4.988864109161748, "rate": 9.639213756472554}, "datetime": {"datetime": "2024-04-12 20:03:27", "elapsed": 3.89867, "delta": 0.007884}}
{"target": -470.34020549775636, "params": {"gamma": 6.449771783449607, "prior": 4.894726153020617, "rate": 9.676984764366013}, "datetime": {"datetime": "2024-04-12 20:03:27", "elapsed": 3.906717, "delta": 0.008047}}
{"target": -162.70403501508426, "params": {"gamma": 1.4327546273059197, "prior": 6.360065759198316, "rate": 6.6192217900001395}, "datetime": {"datetime": "2024-04-12 20:03:27", "elapsed": 3.91461, "delta": 0.007893}}
{"target": -409.6214128424216, "params": {"gamma": 4.3389644317001075, "prior": 0.6876365308556791, "rate": 4.927733289059168}, "datetime": {"datetime": "2024-04-12 20:03:27", "elapsed": 3.922521, "delta": 0.007911}}
{"target": -268.82466297608977, "params": {"gamma": 4.651874301237257, "prior": 8.08679342667115, "rate": 2.5673532385398095}, "datetime": {"datetime": "2024-04-12 20:03:27", "elapsed": 3.93042, "delta": 0.007899}}
{"target": -326.8455777236174, "params": {"gamma": 3.914912199479702, "prior": 2.4777048514916347, "rate": 6.864747708308469}, "datetime": {"datetime": "2024-04-12 20:03:27", "elapsed": 3.938392, "delta": 0.007972}}
{"target": -838.684467206893, "params": {"gamma": 9.898844649917818, "prior": 1.856552414995793, "rate": 8.214645955522746}, "datetime": {"datetime": "2024-04-12 20:03:27", "elapsed": 3.946306, "delta": 0.007914}}
