{"target": -791.1595445922394, "params": {"gamma": 7.233887082898668, "prior": 1.1790508359034728, "rate": 5.438331129146589}, "datetime": {"datetime": "2024-04-08 10:47:58", "elapsed": 5.166805, "delta": 0.008422}}
{"target": -670.093811262582, "params": {"gamma": 6.269533250786666, "prior": 2.5051765451309316, "rate": 9.138524908590835}, "datetime": {"datetime": "2024-04-08 10:47:58", "elapsed": 5.1758, "delta": 0.008995}}
{"target": -653.6422895344733, "params": {"gamma": 6.223502974387487, "prior": 2.393777444809113, "rate": 7.701551743810476}, "datetime": {"datetime": "2024-04-08 10:47:58", "elapsed": 5.184918, "delta": 0.009118}}
{"target": -158.18142228401274, "params": {"gamma": 1.0559652928933503, "prior": 5.596730653460311, "rate": 0.9504657419551125}, "datetime": {"datetime": "2024-04-08 10:47:58", "elapsed": 5.193622, "delta": 0.008704}}
{"target": -589.8720161527862, "params": {"gamma": 5.810259742677521, "prior": 2.604503115929865, "rate": 6.495018612739509}, "datetime": {"datetime": "2024-04-08 10:47:58", "elapsed": 5.202032, "delta": 0.00841}}
{"target": -636.2694945055664, "params": {"gamma": 7.158553701628942, "prior": 5.289437584229746, "rate": 6.575556555623399}, "datetime": {"datetime": "2024-04-08 10:47:58", "elapsed": 5.21052, "delta": 0.008488}}
{"target": -659.1470472193349, "params": {"gamma": 8.133125159405232, "prior": 8.094371489266019, "rate": 6.197200238546574}, "datetime": {"datetime": "2024-04-08 10:47:58", "elapsed": 5.219387, "delta": 0.008867}}
{"target": -457.5122811748083, "params": {"gamma": 4.511573518745629, "prior": 4.1387048915689375, "rate": 8.74760145142373}, "datetime": {"datetime": "2024-04-08 10:47:58", "elapsed": 5.227829, "delta": 0.008442}}
{"target": -722.6000013342862, "params": {"gamma": 7.029614389411599, "prior": 1.9308567214966765, "rate": 5.657755734146004}, "datetime": {"datetime": "2024-04-08 10:47:58", "elapsed": 5.23626, "delta": 0.008431}}
{"target": -1002.258598378274, "params": {"gamma": 9.08817151496827, "prior": 1.5918309232578849, "rate": 8.455331237631533}, "datetime": {"datetime": "2024-04-08 10:47:58", "elapsed": 5.244685, "delta": 0.008425}}
{"target": -470.47917061001925, "params": {"gamma": 8.202204460687183, "prior": 5.043476902848561, "rate": 0.37680093100554635}, "datetime": {"datetime": "2024-04-08 10:47:58", "elapsed": 5.25357, "delta": 0.008885}}
{"target": -166.66372351372516, "params": {"gamma": 1.4758775514639575, "prior": 9.234123077417845, "rate": 0.4425038055225927}, "datetime": {"datetime": "2024-04-08 10:47:58", "elapsed": 5.261823, "delta": 0.008253}}
{"target": -285.3406307929805, "params": {"gamma": 3.7256151652871896, "prior": 6.228492383782162, "rate": 1.9702834411012529}, "datetime": {"datetime": "2024-04-08 10:47:58", "elapsed": 5.269975, "delta": 0.008152}}
{"target": -1012.0580586019427, "params": {"gamma": 9.810816492645733, "prior": 1.6441548071298822, "rate": 5.3972522724175835}, "datetime": {"datetime": "2024-04-08 10:47:58", "elapsed": 5.278286, "delta": 0.008311}}
{"target": -599.9637162620627, "params": {"gamma": 6.180495232142101, "prior": 2.3868004918300687, "rate": 4.663623583104205}, "datetime": {"datetime": "2024-04-08 10:47:58", "elapsed": 5.287305, "delta": 0.009019}}
{"target": -418.16571718861655, "params": {"gamma": 4.91059428280016, "prior": 7.691937525632765, "rate": 6.343173246985961}, "datetime": {"datetime": "2024-04-08 10:47:58", "elapsed": 5.295542, "delta": 0.008237}}
{"target": -386.9429674379649, "params": {"gamma": 4.676032980600331, "prior": 6.702731177620354, "rate": 4.534320887795462}, "datetime": {"datetime": "2024-04-08 10:47:58", "elapsed": 5.304034, "delta": 0.008492}}
{"target": -369.7896522807232, "params": {"gamma": 5.257590201822755, "prior": 6.619823611427782, "rate": 1.8127726241566626}, "datetime": {"datetime": "2024-04-08 10:47:58", "elapsed": 5.312669, "delta": 0.008635}}
{"target": -730.0452516003929, "params": {"gamma": 7.8807074621719, "prior": 6.068366841630134, "rate": 9.80334851848814}, "datetime": {"datetime": "2024-04-08 10:47:58", "elapsed": 5.321647, "delta": 0.008978}}
{"target": -260.89960724358554, "params": {"gamma": 2.2246095521182263, "prior": 4.716038094249078, "rate": 8.956522384191866}, "datetime": {"datetime": "2024-04-08 10:47:58", "elapsed": 5.330102, "delta": 0.008455}}
{"target": -469.9030050225319, "params": {"gamma": 6.014732663578183, "prior": 7.286992573903269, "rate": 4.137287971849402}, "datetime": {"datetime": "2024-04-08 10:47:58", "elapsed": 5.338716, "delta": 0.008614}}
{"target": -450.2026946585989, "params": {"gamma": 6.843411908691368, "prior": 9.465944795490875, "rate": 2.0026604713274816}, "datetime": {"datetime": "2024-04-08 10:47:58", "elapsed": 5.347534, "delta": 0.008818}}
{"target": -443.72816685217526, "params": {"gamma": 8.073845273509328, "prior": 9.698426319788975, "rate": 0.146672748901554}, "datetime": {"datetime": "2024-04-08 10:47:58", "elapsed": 5.356494, "delta": 0.00896}}
{"target": -291.0822856011403, "params": {"gamma": 2.152880656357681, "prior": 1.2620315110999845, "rate": 7.674467753896792}, "datetime": {"datetime": "2024-04-08 10:47:58", "elapsed": 5.364946, "delta": 0.008452}}
{"target": -156.05918378810364, "params": {"gamma": 0.8130846428413901, "prior": 9.984294230049985, "rate": 3.8967305467771722}, "datetime": {"datetime": "2024-04-08 10:47:58", "elapsed": 5.373137, "delta": 0.008191}}
{"target": -881.5705909768701, "params": {"gamma": 9.05212245656447, "prior": 1.9669182746447318, "rate": 4.409281126023087}, "datetime": {"datetime": "2024-04-08 10:47:58", "elapsed": 5.38141, "delta": 0.008273}}
{"target": -684.6833147155494, "params": {"gamma": 8.448273378243028, "prior": 5.993170828665236, "rate": 4.6221188088168805}, "datetime": {"datetime": "2024-04-08 10:47:58", "elapsed": 5.390257, "delta": 0.008847}}
{"target": -428.3336548519713, "params": {"gamma": 5.12698481782442, "prior": 5.781466716234239, "rate": 4.403751756648346}, "datetime": {"datetime": "2024-04-08 10:47:58", "elapsed": 5.398674, "delta": 0.008417}}
{"target": -226.58368806662455, "params": {"gamma": 1.936396018280381, "prior": 1.2282610384459451, "rate": 1.5131280457741099}, "datetime": {"datetime": "2024-04-08 10:47:58", "elapsed": 5.407161, "delta": 0.008487}}
{"target": -154.79153565872176, "params": {"gamma": 0.5258571475674859, "prior": 5.630896469529952, "rate": 8.47736241934607}, "datetime": {"datetime": "2024-04-08 10:47:58", "elapsed": 5.415534, "delta": 0.008373}}
{"target": -424.40315550166883, "params": {"gamma": 3.5918342699021832, "prior": 0.8455776390945964, "rate": 4.257818395439178}, "datetime": {"datetime": "2024-04-08 10:47:58", "elapsed": 5.424305, "delta": 0.008771}}
{"target": -581.7739780259732, "params": {"gamma": 6.020476376881542, "prior": 4.311494309198812, "rate": 8.107401614840093}, "datetime": {"datetime": "2024-04-08 10:47:58", "elapsed": 5.432876, "delta": 0.008571}}
{"target": -767.3472158946652, "params": {"gamma": 9.418920575620866, "prior": 8.71211665535671, "rate": 7.040290983300606}, "datetime": {"datetime": "2024-04-08 10:47:58", "elapsed": 5.441516, "delta": 0.00864}}
{"target": -293.00603746648443, "params": {"gamma": 4.7035189488969715, "prior": 6.858710624742188, "rate": 0.13516968725473882}, "datetime": {"datetime": "2024-04-08 10:47:58", "elapsed": 5.450476, "delta": 0.00896}}
{"target": -1073.8908566306447, "params": {"gamma": 9.824798706901937, "prior": 1.8035655851060701, "rate": 9.062697699220857}, "datetime": {"datetime": "2024-04-08 10:47:58", "elapsed": 5.459481, "delta": 0.009005}}
{"target": -565.2571921440981, "params": {"gamma": 8.071291906759395, "prior": 8.02138287543118, "rate": 2.690091641792864}, "datetime": {"datetime": "2024-04-08 10:47:58", "elapsed": 5.467977, "delta": 0.008496}}
{"target": -259.4722117391757, "params": {"gamma": 2.1923189037668234, "prior": 4.345126859849478, "rate": 8.493861636205818}, "datetime": {"datetime": "2024-04-08 10:47:58", "elapsed": 5.476517, "delta": 0.00854}}
{"target": -340.1889391942526, "params": {"gamma": 4.5043460450747315, "prior": 9.360659128669912, "rate": 3.5274405931901285}, "datetime": {"datetime": "2024-04-08 10:47:58", "elapsed": 5.485445, "delta": 0.008928}}
{"target": -495.35638781965537, "params": {"gamma": 6.194302264801901, "prior": 9.808920459922224, "rate": 6.434981759885809}, "datetime": {"datetime": "2024-04-08 10:47:58", "elapsed": 5.494277, "delta": 0.008832}}
{"target": -149.81493184561356, "params": {"gamma": 0.45593666218999723, "prior": 4.6892152004219465, "rate": 3.348178685792924}, "datetime": {"datetime": "2024-04-08 10:47:58", "elapsed": 5.502841, "delta": 0.008564}}
{"target": -399.42084924201674, "params": {"gamma": 5.322283303668225, "prior": 2.9189874652700007, "rate": 1.223490041069798}, "datetime": {"datetime": "2024-04-08 10:47:58", "elapsed": 5.51156, "delta": 0.008719}}
{"target": -598.3627343438167, "params": {"gamma": 6.683221598519268, "prior": 6.845461573423933, "rate": 8.671525860690885}, "datetime": {"datetime": "2024-04-08 10:47:58", "elapsed": 5.520732, "delta": 0.009172}}
{"target": -186.71798296298076, "params": {"gamma": 1.3246825541338114, "prior": 8.006341051952507, "rate": 8.267860615312884}, "datetime": {"datetime": "2024-04-08 10:47:58", "elapsed": 5.529303, "delta": 0.008571}}
{"target": -576.9512970278014, "params": {"gamma": 6.465852807575769, "prior": 2.128729243228275, "rate": 2.6149457233439732}, "datetime": {"datetime": "2024-04-08 10:47:58", "elapsed": 5.537811, "delta": 0.008508}}
{"target": -368.30900643907347, "params": {"gamma": 4.185549678574218, "prior": 5.46381082054904, "rate": 4.774902117966579}, "datetime": {"datetime": "2024-04-08 10:47:58", "elapsed": 5.546489, "delta": 0.008678}}
{"target": -417.05271107044524, "params": {"gamma": 4.67513146056165, "prior": 8.414423030956907, "rate": 8.70115355071037}, "datetime": {"datetime": "2024-04-08 10:47:58", "elapsed": 5.555394, "delta": 0.008905}}
{"target": -642.6329245569422, "params": {"gamma": 8.16772288980329, "prior": 8.790234044483526, "rate": 5.710516610608794}, "datetime": {"datetime": "2024-04-08 10:47:58", "elapsed": 5.563701, "delta": 0.008307}}
{"target": -813.6542058521667, "params": {"gamma": 9.64039729725748, "prior": 6.104789047679629, "rate": 6.039873463055735}, "datetime": {"datetime": "2024-04-08 10:47:58", "elapsed": 5.571851, "delta": 0.00815}}
{"target": -230.0181082895145, "params": {"gamma": 3.193658073009114, "prior": 6.843921422758488, "rate": 0.5206049193651046}, "datetime": {"datetime": "2024-04-08 10:47:58", "elapsed": 5.580137, "delta": 0.008286}}
{"target": -215.41343108789954, "params": {"gamma": 1.3463296636984106, "prior": 1.3893974589703744, "rate": 6.5523576709601326}, "datetime": {"datetime": "2024-04-08 10:47:58", "elapsed": 5.589079, "delta": 0.008942}}
{"target": -177.15779175878305, "params": {"gamma": 1.7541505851216117, "prior": 3.4773535501903177, "rate": 0.44407224667521283}, "datetime": {"datetime": "2024-04-08 10:47:58", "elapsed": 5.597423, "delta": 0.008344}}
{"target": -224.73853416675348, "params": {"gamma": 2.33810986680499, "prior": 9.645820816008012, "rate": 5.091884885761161}, "datetime": {"datetime": "2024-04-08 10:47:58", "elapsed": 5.605842, "delta": 0.008419}}
{"target": -208.65965864661354, "params": {"gamma": 1.5115941101958479, "prior": 5.277784464171196, "rate": 9.435150329726897}, "datetime": {"datetime": "2024-04-08 10:47:58", "elapsed": 5.614138, "delta": 0.008296}}
{"target": -691.2862898292433, "params": {"gamma": 8.656994454049334, "prior": 3.98145210241083, "rate": 2.8393912922180533}, "datetime": {"datetime": "2024-04-08 10:47:58", "elapsed": 5.623186, "delta": 0.009048}}
{"target": -652.1911529319286, "params": {"gamma": 7.617536897064726, "prior": 2.4807948155505692, "rate": 2.5430693142188665}, "datetime": {"datetime": "2024-04-08 10:47:58", "elapsed": 5.631495, "delta": 0.008309}}
{"target": -158.63579914198277, "params": {"gamma": 0.841779455445115, "prior": 8.655026538163867, "rate": 4.4795412572871784}, "datetime": {"datetime": "2024-04-08 10:47:58", "elapsed": 5.639852, "delta": 0.008357}}
{"target": -494.97134327664367, "params": {"gamma": 5.618300819839127, "prior": 7.393438481165847, "rate": 7.965092182444826}, "datetime": {"datetime": "2024-04-08 10:47:58", "elapsed": 5.648873, "delta": 0.009021}}
{"target": -503.9124064435515, "params": {"gamma": 4.475633881764149, "prior": 1.9228628061404038, "rate": 8.287499782431489}, "datetime": {"datetime": "2024-04-08 10:47:58", "elapsed": 5.657713, "delta": 0.00884}}
{"target": -146.51764694475085, "params": {"gamma": 0.3109486003227299, "prior": 9.47260986911873, "rate": 5.770201486928539}, "datetime": {"datetime": "2024-04-08 10:47:58", "elapsed": 5.666147, "delta": 0.008434}}
{"target": -633.0596360825097, "params": {"gamma": 8.754011995768419, "prior": 6.124797826038231, "rate": 2.5173441819390847}, "datetime": {"datetime": "2024-04-08 10:47:58", "elapsed": 5.674681, "delta": 0.008534}}
{"target": -315.8517476024298, "params": {"gamma": 2.962003105035548, "prior": 5.375933334413366, "rate": 9.620820050258088}, "datetime": {"datetime": "2024-04-08 10:47:58", "elapsed": 5.683655, "delta": 0.008974}}
{"target": -204.72855012329538, "params": {"gamma": 1.8457715492972864, "prior": 5.147993943616779, "rate": 3.4385372462650072}, "datetime": {"datetime": "2024-04-08 10:47:58", "elapsed": 5.692327, "delta": 0.008672}}
{"target": -584.8604262510381, "params": {"gamma": 7.697483724226901, "prior": 8.048378215680998, "rate": 4.246174543111865}, "datetime": {"datetime": "2024-04-08 10:47:58", "elapsed": 5.700629, "delta": 0.008302}}
{"target": -257.2141914993903, "params": {"gamma": 2.042020877443364, "prior": 0.7641856572556677, "rate": 1.9872839959411943}, "datetime": {"datetime": "2024-04-08 10:47:58", "elapsed": 5.708815, "delta": 0.008186}}
{"target": -287.6120001845523, "params": {"gamma": 2.7247361004436925, "prior": 6.028010287301183, "rate": 8.730961889247082}, "datetime": {"datetime": "2024-04-08 10:47:58", "elapsed": 5.71729, "delta": 0.008475}}
{"target": -178.62336564765417, "params": {"gamma": 1.2831811575160175, "prior": 9.58606854297747, "rate": 6.832025267697611}, "datetime": {"datetime": "2024-04-08 10:47:58", "elapsed": 5.72594, "delta": 0.00865}}
{"target": -543.2127165406921, "params": {"gamma": 7.419900392548125, "prior": 9.830519780617808, "rate": 4.161591625408803}, "datetime": {"datetime": "2024-04-08 10:47:58", "elapsed": 5.734139, "delta": 0.008199}}
{"target": -441.39271159506444, "params": {"gamma": 5.316303075493122, "prior": 6.824208206937614, "rate": 5.129238550757324}, "datetime": {"datetime": "2024-04-08 10:47:58", "elapsed": 5.74235, "delta": 0.008211}}
{"target": -334.4287894072688, "params": {"gamma": 2.991824334263695, "prior": 1.143308260027389, "rate": 2.8500365250757254}, "datetime": {"datetime": "2024-04-08 10:47:58", "elapsed": 5.750888, "delta": 0.008538}}
{"target": -681.0433103329317, "params": {"gamma": 7.688759630029292, "prior": 6.443748774073277, "rate": 8.013505701328722}, "datetime": {"datetime": "2024-04-08 10:47:58", "elapsed": 5.759344, "delta": 0.008456}}
{"target": -534.55639676522, "params": {"gamma": 5.171688199172296, "prior": 2.3977902162787172, "rate": 6.279991307892046}, "datetime": {"datetime": "2024-04-08 10:47:58", "elapsed": 5.767548, "delta": 0.008204}}
{"target": -411.19429631127133, "params": {"gamma": 3.040750894733009, "prior": 0.39233457492600754, "rate": 9.03340843699194}, "datetime": {"datetime": "2024-04-08 10:47:58", "elapsed": 5.775724, "delta": 0.008176}}
{"target": -415.83005788098, "params": {"gamma": 4.2042753184590484, "prior": 4.318694726204651, "rate": 7.412776101583259}, "datetime": {"datetime": "2024-04-08 10:47:58", "elapsed": 5.784689, "delta": 0.008965}}
{"target": -913.1880357335867, "params": {"gamma": 9.484635584653631, "prior": 0.8179037276500872, "rate": 1.7278381802346168}, "datetime": {"datetime": "2024-04-08 10:47:58", "elapsed": 5.793454, "delta": 0.008765}}
{"target": -341.2147874160645, "params": {"gamma": 3.224252533837974, "prior": 2.5594000386689704, "rate": 4.9554543186305695}, "datetime": {"datetime": "2024-04-08 10:47:58", "elapsed": 5.801942, "delta": 0.008488}}
{"target": -656.6460879084684, "params": {"gamma": 8.244771648366036, "prior": 8.55432690792754, "rate": 5.958703590644958}, "datetime": {"datetime": "2024-04-08 10:47:58", "elapsed": 5.810659, "delta": 0.008717}}
{"target": -300.2371655587676, "params": {"gamma": 2.4024971645768356, "prior": 1.9462776138995845, "rate": 7.434161733507989}, "datetime": {"datetime": "2024-04-08 10:47:58", "elapsed": 5.819611, "delta": 0.008952}}
{"target": -259.911789260812, "params": {"gamma": 2.372903362377833, "prior": 5.440959820172842, "rate": 7.493058590484791}, "datetime": {"datetime": "2024-04-08 10:47:58", "elapsed": 5.828304, "delta": 0.008693}}
{"target": -202.41627646837162, "params": {"gamma": 2.283262797049244, "prior": 1.8275617569701659, "rate": 0.39831713007193664}, "datetime": {"datetime": "2024-04-08 10:47:58", "elapsed": 5.836865, "delta": 0.008561}}
{"target": -168.28308584906736, "params": {"gamma": 1.4765408081617755, "prior": 8.52924517877521, "rate": 1.0472544815378406}, "datetime": {"datetime": "2024-04-08 10:47:58", "elapsed": 5.8455, "delta": 0.008635}}
{"target": -318.58230735671367, "params": {"gamma": 2.2372268102276505, "prior": 0.4242962774851736, "rate": 6.763889997877335}, "datetime": {"datetime": "2024-04-08 10:47:58", "elapsed": 5.854508, "delta": 0.009008}}
{"target": -211.82368613084378, "params": {"gamma": 2.317799711505731, "prior": 4.194558006237466, "rate": 1.393872412065944}, "datetime": {"datetime": "2024-04-08 10:47:58", "elapsed": 5.862991, "delta": 0.008483}}
{"target": -351.94796977811933, "params": {"gamma": 3.772795658827454, "prior": 4.301930915772191, "rate": 4.730176553648271}, "datetime": {"datetime": "2024-04-08 10:47:58", "elapsed": 5.87144, "delta": 0.008449}}
{"target": -505.0126053638189, "params": {"gamma": 4.228995288573093, "prior": 1.1172899823542268, "rate": 7.72603008604881}, "datetime": {"datetime": "2024-04-08 10:47:58", "elapsed": 5.880001, "delta": 0.008561}}
{"target": -180.74757381540795, "params": {"gamma": 1.3729228288956241, "prior": 4.300494505825538, "rate": 2.7202891684153423}, "datetime": {"datetime": "2024-04-08 10:47:58", "elapsed": 5.888892, "delta": 0.008891}}
{"target": -278.9325148939805, "params": {"gamma": 3.0107784228559833, "prior": 6.756965648605682, "rate": 5.178349451410332}, "datetime": {"datetime": "2024-04-08 10:47:58", "elapsed": 5.897207, "delta": 0.008315}}
{"target": -209.42344426356095, "params": {"gamma": 1.9016804177489257, "prior": 4.744430954350433, "rate": 3.396069147094239}, "datetime": {"datetime": "2024-04-08 10:47:58", "elapsed": 5.9054, "delta": 0.008193}}
{"target": -746.7913859877884, "params": {"gamma": 7.045267485283013, "prior": 2.338342504082235, "rate": 8.450036385446094}, "datetime": {"datetime": "2024-04-08 10:47:58", "elapsed": 5.913623, "delta": 0.008223}}
{"target": -407.6110039232876, "params": {"gamma": 5.262770419251413, "prior": 5.056133771938582, "rate": 2.537604383069914}, "datetime": {"datetime": "2024-04-08 10:47:58", "elapsed": 5.922515, "delta": 0.008892}}
{"target": -236.53893172486644, "params": {"gamma": 1.8623705416969032, "prior": 4.771008721102208, "rate": 9.818262353834747}, "datetime": {"datetime": "2024-04-08 10:47:58", "elapsed": 5.930791, "delta": 0.008276}}
{"target": -205.04624842639475, "params": {"gamma": 1.3299294703806088, "prior": 2.9062780810377657, "rate": 8.006611101660276}, "datetime": {"datetime": "2024-04-08 10:47:58", "elapsed": 5.939139, "delta": 0.008348}}
{"target": -580.6274198916558, "params": {"gamma": 6.648104208209039, "prior": 2.859708246065027, "rate": 3.1471614201443434}, "datetime": {"datetime": "2024-04-08 10:47:58", "elapsed": 5.947938, "delta": 0.008799}}
{"target": -389.7394100924385, "params": {"gamma": 4.200062595764889, "prior": 6.067588946198732, "rate": 7.193668333443535}, "datetime": {"datetime": "2024-04-08 10:47:58", "elapsed": 5.95696, "delta": 0.009022}}
{"target": -602.1612023984108, "params": {"gamma": 8.573146034178855, "prior": 6.843003557538256, "rate": 2.370583662652512}, "datetime": {"datetime": "2024-04-08 10:47:59", "elapsed": 5.965607, "delta": 0.008647}}
{"target": -662.763976085702, "params": {"gamma": 9.257279632827263, "prior": 7.833834466690084, "rate": 3.0745074227980154}, "datetime": {"datetime": "2024-04-08 10:47:59", "elapsed": 5.974255, "delta": 0.008648}}
{"target": -230.06909343356313, "params": {"gamma": 3.0503514507789897, "prior": 8.823566352446155, "rate": 1.2616587254915876}, "datetime": {"datetime": "2024-04-08 10:47:59", "elapsed": 5.983257, "delta": 0.009002}}
{"target": -654.4150282835333, "params": {"gamma": 6.334974881523022, "prior": 2.8493560514869, "rate": 8.272176051067923}, "datetime": {"datetime": "2024-04-08 10:47:59", "elapsed": 5.992341, "delta": 0.009084}}
{"target": -274.0563128027716, "params": {"gamma": 3.645869952111327, "prior": 7.360324335241457, "rate": 1.9249864862469743}, "datetime": {"datetime": "2024-04-08 10:47:59", "elapsed": 6.001103, "delta": 0.008762}}
{"target": -375.91492063835125, "params": {"gamma": 4.814977529509854, "prior": 8.05558680166717, "rate": 3.9704851285120673}, "datetime": {"datetime": "2024-04-08 10:47:59", "elapsed": 6.00963, "delta": 0.008527}}
{"target": -205.15875269221186, "params": {"gamma": 1.6165788245210426, "prior": 6.524924004221608, "rate": 7.53350473313803}, "datetime": {"datetime": "2024-04-08 10:47:59", "elapsed": 6.018343, "delta": 0.008713}}
{"target": -307.62798981945105, "params": {"gamma": 2.8026461610955637, "prior": 4.5684824262007755, "rate": 9.004588674948266}, "datetime": {"datetime": "2024-04-08 10:47:59", "elapsed": 6.02707, "delta": 0.008727}}
