{"target": -115.86299159988894, "params": {"gamma": 2.2533797578108823, "prior": 5.937272367912929, "rate": 2.0400427710690145}, "datetime": {"datetime": "2024-04-12 14:27:54", "elapsed": 1836.573525, "delta": 4.090957}}
{"target": -115.86238631108458, "params": {"gamma": 2.177076809380233, "prior": 5.500235409936288, "rate": 1.795180438959148}, "datetime": {"datetime": "2024-04-12 14:27:59", "elapsed": 1841.128393, "delta": 4.554868}}
{"target": -115.85915523391722, "params": {"gamma": 2.20662356981245, "prior": 6.2587470805794, "rate": 2.191801270808922}, "datetime": {"datetime": "2024-04-12 14:28:04", "elapsed": 1846.626715, "delta": 5.498322}}
{"target": -115.86853305054126, "params": {"gamma": 2.1830676700105776, "prior": 5.863658137304626, "rate": 1.8837196772758398}, "datetime": {"datetime": "2024-04-12 14:28:16", "elapsed": 1857.844012, "delta": 11.217297}}
{"target": -115.86106588238816, "params": {"gamma": 2.244760965160721, "prior": 6.76145171099585, "rate": 2.335053074051415}, "datetime": {"datetime": "2024-04-12 14:28:25", "elapsed": 1866.882646, "delta": 9.038634}}
{"target": -115.85251935250412, "params": {"gamma": 2.20459973148822, "prior": 4.281674544639327, "rate": 1.4296581726813282}, "datetime": {"datetime": "2024-04-12 14:28:36", "elapsed": 1877.80929, "delta": 10.926644}}
{"target": -115.87699779990733, "params": {"gamma": 2.149767952110445, "prior": 9.041170161592332, "rate": 3.202362798037693}, "datetime": {"datetime": "2024-04-12 14:28:42", "elapsed": 1884.014793, "delta": 6.205503}}
{"target": -115.86216964634703, "params": {"gamma": 2.25568359536702, "prior": 8.80196713595021, "rate": 2.9495988895260323}, "datetime": {"datetime": "2024-04-12 14:28:48", "elapsed": 1889.761001, "delta": 5.746208}}
{"target": -115.85472643277024, "params": {"gamma": 2.2101489235382563, "prior": 9.879858180481818, "rate": 3.4137802675183475}, "datetime": {"datetime": "2024-04-12 14:28:54", "elapsed": 1896.484787, "delta": 6.723786}}
{"target": -115.86406884187697, "params": {"gamma": 2.232269009182955, "prior": 3.000473562054868, "rate": 0.9722682129280275}, "datetime": {"datetime": "2024-04-12 14:29:01", "elapsed": 1903.571078, "delta": 7.086291}}
{"target": -115.8660849029485, "params": {"gamma": 2.228151052423974, "prior": 7.2487039284336126, "rate": 2.3356505631561144}, "datetime": {"datetime": "2024-04-12 14:29:12", "elapsed": 1913.780299, "delta": 10.209221}}
{"target": -115.86113235618626, "params": {"gamma": 2.16369169419284, "prior": 6.477629824359114, "rate": 2.1548397375281607}, "datetime": {"datetime": "2024-04-12 14:29:25", "elapsed": 1927.367419, "delta": 13.58712}}
{"target": -115.92785754841381, "params": {"gamma": 2.18626449152026, "prior": 8.239619421462045, "rate": 3.1204271018151006}, "datetime": {"datetime": "2024-04-12 14:29:35", "elapsed": 1937.279613, "delta": 9.912194}}
{"target": -115.86505344567225, "params": {"gamma": 2.1516364005998296, "prior": 8.61061645324885, "rate": 2.9400352747905383}, "datetime": {"datetime": "2024-04-12 14:29:42", "elapsed": 1944.157679, "delta": 6.878066}}
{"target": -115.86121602073698, "params": {"gamma": 2.2282657121654132, "prior": 7.5687440872987235, "rate": 2.4642493021318237}, "datetime": {"datetime": "2024-04-12 14:29:49", "elapsed": 1950.720017, "delta": 6.562338}}
{"target": -115.8575012212576, "params": {"gamma": 2.2287101771174433, "prior": 8.53390524091347, "rate": 2.9545300471806097}, "datetime": {"datetime": "2024-04-12 14:29:57", "elapsed": 1959.325654, "delta": 8.605637}}
{"target": -115.85504786627907, "params": {"gamma": 2.214817370809377, "prior": 8.291509900794395, "rate": 2.8653758968058547}, "datetime": {"datetime": "2024-04-12 14:30:02", "elapsed": 1963.949271, "delta": 4.623617}}
{"target": -115.85532940304965, "params": {"gamma": 2.2034425531871675, "prior": 5.671251424275283, "rate": 1.9645292700690844}, "datetime": {"datetime": "2024-04-12 14:30:10", "elapsed": 1972.048525, "delta": 8.099254}}
{"target": -115.85531842397316, "params": {"gamma": 2.2142438322158142, "prior": 9.302938988845677, "rate": 3.0666741443402996}, "datetime": {"datetime": "2024-04-12 14:30:16", "elapsed": 1977.986682, "delta": 5.938157}}
{"target": -115.8573223813314, "params": {"gamma": 2.234580223505894, "prior": 3.3967655549390665, "rate": 1.1693546182408596}, "datetime": {"datetime": "2024-04-12 14:30:23", "elapsed": 1985.419694, "delta": 7.433012}}
{"target": -115.85763764984803, "params": {"gamma": 2.2006596073099294, "prior": 9.036627507390499, "rate": 2.9571831566189295}, "datetime": {"datetime": "2024-04-12 14:30:30", "elapsed": 1992.300271, "delta": 6.880577}}
{"target": -115.875308491149, "params": {"gamma": 2.210869367799824, "prior": 6.727100482647071, "rate": 2.1299459120884308}, "datetime": {"datetime": "2024-04-12 14:30:37", "elapsed": 1998.982897, "delta": 6.682626}}
{"target": -115.8595555738463, "params": {"gamma": 2.204375587344978, "prior": 7.907177026561332, "rate": 2.771857021157511}, "datetime": {"datetime": "2024-04-12 14:30:46", "elapsed": 2008.165973, "delta": 9.183076}}
{"target": -115.85521758796448, "params": {"gamma": 2.2311151121255293, "prior": 9.444411751723324, "rate": 3.2288282006385916}, "datetime": {"datetime": "2024-04-12 14:30:51", "elapsed": 2013.230177, "delta": 5.064204}}
{"target": -115.85228690440913, "params": {"gamma": 2.2180325853383636, "prior": 3.838025195994882, "rate": 1.2948813419804515}, "datetime": {"datetime": "2024-04-12 14:31:01", "elapsed": 2022.870379, "delta": 9.640202}}
{"target": -115.85792141337322, "params": {"gamma": 2.2385077428333457, "prior": 2.2385751658584945, "rate": 0.7691393556797164}, "datetime": {"datetime": "2024-04-12 14:31:07", "elapsed": 2028.972579, "delta": 6.1022}}
{"target": -115.85499148052662, "params": {"gamma": 2.1798110374845234, "prior": 5.040379962373343, "rate": 1.6935587105767822}, "datetime": {"datetime": "2024-04-12 14:31:14", "elapsed": 2036.542888, "delta": 7.570309}}
{"target": -115.86215622414481, "params": {"gamma": 2.187159737734239, "prior": 10.0, "rate": 3.5163449339845387}, "datetime": {"datetime": "2024-04-12 14:31:21", "elapsed": 2043.52634, "delta": 6.983452}}
{"target": -115.87910209641339, "params": {"gamma": 2.272176619141428, "prior": 4.781543028854397, "rate": 1.5492592953053477}, "datetime": {"datetime": "2024-04-12 14:31:29", "elapsed": 2051.58624, "delta": 8.0599}}
{"target": -116.53600670943337, "params": {"gamma": 2.267805199199976, "prior": 10.0, "rate": 2.3675794078186767}, "datetime": {"datetime": "2024-04-12 14:31:34", "elapsed": 2056.628655, "delta": 5.042415}}
{"target": -115.86781700502888, "params": {"gamma": 2.1504309342202665, "prior": 6.13691271305371, "rate": 2.03212590535742}, "datetime": {"datetime": "2024-04-12 14:31:39", "elapsed": 2061.286048, "delta": 4.657393}}
{"target": -115.85490499474992, "params": {"gamma": 2.191935926791164, "prior": 6.930151727426942, "rate": 2.3896530205550968}, "datetime": {"datetime": "2024-04-12 14:31:47", "elapsed": 2069.633209, "delta": 8.347161}}
{"target": -115.86057588771969, "params": {"gamma": 2.216339001135456, "prior": 4.049199482392787, "rate": 1.315721643464536}, "datetime": {"datetime": "2024-04-12 14:31:56", "elapsed": 2078.226544, "delta": 8.593335}}
{"target": -115.86816688031621, "params": {"gamma": 2.213019229835025, "prior": 4.514077902472895, "rate": 1.4449346286198166}, "datetime": {"datetime": "2024-04-12 14:32:01", "elapsed": 2082.952784, "delta": 4.72624}}
{"target": -115.87204011167165, "params": {"gamma": 2.1996296822699537, "prior": 1.7291770525821941, "rate": 0.6198978554105193}, "datetime": {"datetime": "2024-04-12 14:32:16", "elapsed": 2097.670763, "delta": 14.717979}}
{"target": -115.85389364655937, "params": {"gamma": 2.2281916788603984, "prior": 3.2145527179593985, "rate": 1.0913608531786354}, "datetime": {"datetime": "2024-04-12 14:32:20", "elapsed": 2101.656408, "delta": 3.985645}}
{"target": -115.86421521582291, "params": {"gamma": 2.19721117117847, "prior": 8.310563827999188, "rate": 2.6806796974093534}, "datetime": {"datetime": "2024-04-12 14:32:30", "elapsed": 2112.532053, "delta": 10.875645}}
{"target": -115.86083118379166, "params": {"gamma": 2.2228417734051304, "prior": 4.791029408287563, "rate": 1.6788175798768943}, "datetime": {"datetime": "2024-04-12 14:32:43", "elapsed": 2125.14807, "delta": 12.616017}}
{"target": -115.85357238376825, "params": {"gamma": 2.2060051743642197, "prior": 9.853361521209427, "rate": 3.2691572788478833}, "datetime": {"datetime": "2024-04-12 14:32:50", "elapsed": 2131.982981, "delta": 6.834911}}
{"target": -115.85525939115804, "params": {"gamma": 2.2306102774517296, "prior": 10.0, "rate": 3.329606746032098}, "datetime": {"datetime": "2024-04-12 14:32:54", "elapsed": 2136.1858, "delta": 4.202819}}
{"target": -115.8797098740592, "params": {"gamma": 2.2590522137716897, "prior": 3.7154508561682733, "rate": 1.1882557087366226}, "datetime": {"datetime": "2024-04-12 14:33:02", "elapsed": 2144.303928, "delta": 8.118128}}
{"target": -115.90406353723269, "params": {"gamma": 2.2205821625858873, "prior": 9.425753322993721, "rate": 3.4955887806390207}, "datetime": {"datetime": "2024-04-12 14:33:09", "elapsed": 2150.999758, "delta": 6.69583}}
{"target": -115.86678663906595, "params": {"gamma": 2.2060504651269217, "prior": 9.856862649367168, "rate": 3.5046636417048713}, "datetime": {"datetime": "2024-04-12 14:33:16", "elapsed": 2157.774281, "delta": 6.774523}}
{"target": -115.86165658669124, "params": {"gamma": 2.214648606528686, "prior": 8.76583868270094, "rate": 3.0840849552206557}, "datetime": {"datetime": "2024-04-12 14:33:24", "elapsed": 2166.221528, "delta": 8.447247}}
{"target": -115.8590937744489, "params": {"gamma": 2.1817481034686175, "prior": 3.625229442346255, "rate": 1.2617471664440603}, "datetime": {"datetime": "2024-04-12 14:33:29", "elapsed": 2170.707892, "delta": 4.486364}}
{"target": -115.8706776744876, "params": {"gamma": 2.2530268607221595, "prior": 2.633734283989855, "rate": 0.852569302916579}, "datetime": {"datetime": "2024-04-12 14:33:34", "elapsed": 2176.337456, "delta": 5.629564}}
{"target": -115.8549818515838, "params": {"gamma": 2.233323411518826, "prior": 7.787455648990906, "rate": 2.6448509941268785}, "datetime": {"datetime": "2024-04-12 14:33:41", "elapsed": 2182.905418, "delta": 6.567962}}
{"target": -115.85832355659603, "params": {"gamma": 2.207846014801088, "prior": 7.617645095791684, "rate": 2.661994918499107}, "datetime": {"datetime": "2024-04-12 14:33:50", "elapsed": 2192.021593, "delta": 9.116175}}
{"target": -115.85750066030391, "params": {"gamma": 2.1705455211160634, "prior": 2.093956138460157, "rate": 0.7129414073618627}, "datetime": {"datetime": "2024-04-12 14:33:58", "elapsed": 2199.978589, "delta": 7.956996}}
{"target": -115.85878837702028, "params": {"gamma": 2.194525888664116, "prior": 4.224839073830339, "rate": 1.476669065233329}, "datetime": {"datetime": "2024-04-12 14:34:06", "elapsed": 2207.823569, "delta": 7.84498}}
{"target": -115.86072196373277, "params": {"gamma": 2.1999432748935073, "prior": 2.333856961269587, "rate": 0.8201633000426362}, "datetime": {"datetime": "2024-04-12 14:34:15", "elapsed": 2216.962231, "delta": 9.138662}}
{"target": -115.86295127530371, "params": {"gamma": 2.182002636483999, "prior": 5.853670707030997, "rate": 2.0580389336660354}, "datetime": {"datetime": "2024-04-12 14:34:31", "elapsed": 2233.547026, "delta": 16.584795}}
{"target": -115.86131103207552, "params": {"gamma": 2.2406305912026006, "prior": 6.0691386909331655, "rate": 2.1067710750864665}, "datetime": {"datetime": "2024-04-12 14:34:41", "elapsed": 2242.928544, "delta": 9.381518}}
{"target": -115.85720957510654, "params": {"gamma": 2.1918466085706765, "prior": 5.665255533133314, "rate": 1.8608888677935687}, "datetime": {"datetime": "2024-04-12 14:34:46", "elapsed": 2247.717025, "delta": 4.788481}}
{"target": -115.87275373383007, "params": {"gamma": 2.2199759442358262, "prior": 7.013167586356323, "rate": 2.2305917896386998}, "datetime": {"datetime": "2024-04-12 14:35:04", "elapsed": 2266.585712, "delta": 18.868687}}
{"target": -115.85246483203214, "params": {"gamma": 2.2135923045064905, "prior": 10.0, "rate": 3.3449895979350552}, "datetime": {"datetime": "2024-04-12 14:35:09", "elapsed": 2271.474785, "delta": 4.889073}}
{"target": -115.89616318023523, "params": {"gamma": 2.1261667198077174, "prior": 8.991634407982266, "rate": 2.8802567032182695}, "datetime": {"datetime": "2024-04-12 14:35:15", "elapsed": 2277.24965, "delta": 5.774865}}
{"target": -115.87113383117438, "params": {"gamma": 2.2385496238706577, "prior": 7.1024141566335945, "rate": 2.521505297148244}, "datetime": {"datetime": "2024-04-12 14:35:20", "elapsed": 2282.573234, "delta": 5.323584}}
{"target": -115.86873066504418, "params": {"gamma": 2.1839266161584163, "prior": 5.372328704425955, "rate": 1.7247357915744823}, "datetime": {"datetime": "2024-04-12 14:35:28", "elapsed": 2290.441989, "delta": 7.868755}}
{"target": -115.85250903171931, "params": {"gamma": 2.213955053538224, "prior": 4.603548810512945, "rate": 1.5701662666379168}, "datetime": {"datetime": "2024-04-12 14:35:38", "elapsed": 2300.374395, "delta": 9.932406}}
{"target": -115.86367261136651, "params": {"gamma": 2.1754759535486783, "prior": 7.308467245086679, "rate": 2.5653550891290626}, "datetime": {"datetime": "2024-04-12 14:35:47", "elapsed": 2309.052271, "delta": 8.677876}}
{"target": -115.86229863673174, "params": {"gamma": 2.2045094061288184, "prior": 2.4722375473086755, "rate": 0.7998290753551068}, "datetime": {"datetime": "2024-04-12 14:35:55", "elapsed": 2317.46525, "delta": 8.412979}}
{"target": -115.85669072539899, "params": {"gamma": 2.1971810673703547, "prior": 5.326628044766918, "rate": 1.8518468062675206}, "datetime": {"datetime": "2024-04-12 14:36:00", "elapsed": 2322.029544, "delta": 4.564294}}
{"target": -115.86631428322107, "params": {"gamma": 2.2278771133089137, "prior": 9.824482856380564, "rate": 3.1639617109332416}, "datetime": {"datetime": "2024-04-12 14:36:10", "elapsed": 2332.388764, "delta": 10.35922}}
{"target": -115.85495263161971, "params": {"gamma": 2.1790276131526283, "prior": 2.671379971466668, "rate": 0.9028668058591167}, "datetime": {"datetime": "2024-04-12 14:36:16", "elapsed": 2338.590475, "delta": 6.201711}}
{"target": -115.86283500792125, "params": {"gamma": 2.157352806922194, "prior": 9.688770896484423, "rate": 3.3171904488550146}, "datetime": {"datetime": "2024-04-12 14:36:24", "elapsed": 2345.726841, "delta": 7.136366}}
{"target": -115.8712022042122, "params": {"gamma": 2.267142906397608, "prior": 5.230954282852923, "rate": 1.7183160365802876}, "datetime": {"datetime": "2024-04-12 14:36:33", "elapsed": 2355.348054, "delta": 9.621213}}
{"target": -115.86165053288073, "params": {"gamma": 2.1584876496019287, "prior": 8.03256863497339, "rate": 2.7093886891894785}, "datetime": {"datetime": "2024-04-12 14:36:37", "elapsed": 2359.581967, "delta": 4.233913}}
{"target": -115.86119561809733, "params": {"gamma": 2.159560436597236, "prior": 3.3887269032034144, "rate": 1.1495267411161951}, "datetime": {"datetime": "2024-04-12 14:36:48", "elapsed": 2369.908318, "delta": 10.326351}}
{"target": -115.85641516121582, "params": {"gamma": 2.1950622402106372, "prior": 3.035875893036774, "rate": 1.0539923304795176}, "datetime": {"datetime": "2024-04-12 14:36:55", "elapsed": 2377.187067, "delta": 7.278749}}
{"target": -115.85705690179662, "params": {"gamma": 2.2418998254921556, "prior": 9.100712349166917, "rate": 3.0795704239623407}, "datetime": {"datetime": "2024-04-12 14:37:06", "elapsed": 2388.075069, "delta": 10.888002}}
{"target": -115.86710022314287, "params": {"gamma": 2.2356740528126116, "prior": 6.277089606264732, "rate": 2.0246196314318987}, "datetime": {"datetime": "2024-04-12 14:37:14", "elapsed": 2395.67136, "delta": 7.596291}}
{"target": -115.87545987187225, "params": {"gamma": 2.2105196828564098, "prior": 9.4185104994115, "rate": 2.981442658511113}, "datetime": {"datetime": "2024-04-12 14:37:30", "elapsed": 2412.3239, "delta": 16.65254}}
{"target": -115.8529029544097, "params": {"gamma": 2.222730296003772, "prior": 7.8068212667607995, "rate": 2.6451480753438235}, "datetime": {"datetime": "2024-04-12 14:37:40", "elapsed": 2422.571259, "delta": 10.247359}}
{"target": -115.86007127412041, "params": {"gamma": 2.2428526072597244, "prior": 9.27185795329565, "rate": 3.197471776628723}, "datetime": {"datetime": "2024-04-12 14:37:53", "elapsed": 2434.860887, "delta": 12.289628}}
{"target": -115.85673761778602, "params": {"gamma": 2.2083343694849025, "prior": 7.388359604852534, "rate": 2.422703518646403}, "datetime": {"datetime": "2024-04-12 14:38:01", "elapsed": 2443.229696, "delta": 8.368809}}
{"target": -115.85987145964066, "params": {"gamma": 2.194432347589268, "prior": 4.051771969424036, "rate": 1.4199865689348554}, "datetime": {"datetime": "2024-04-12 14:38:10", "elapsed": 2452.449227, "delta": 9.219531}}
{"target": -115.86895829816189, "params": {"gamma": 2.2236423277311532, "prior": 8.01698370701595, "rate": 2.8525156452032907}, "datetime": {"datetime": "2024-04-12 14:38:15", "elapsed": 2456.911308, "delta": 4.462081}}
{"target": -115.86030111281636, "params": {"gamma": 2.250818874471298, "prior": 2.5525292229286283, "rate": 0.8672030718397702}, "datetime": {"datetime": "2024-04-12 14:38:24", "elapsed": 2466.503477, "delta": 9.592169}}
{"target": -115.86336402949293, "params": {"gamma": 2.2551954999019013, "prior": 8.634662485973855, "rate": 2.863992315062203}, "datetime": {"datetime": "2024-04-12 14:38:30", "elapsed": 2472.506775, "delta": 6.003298}}
{"target": -115.85333062928379, "params": {"gamma": 2.1955224625548273, "prior": 8.390399788099703, "rate": 2.8750755491671276}, "datetime": {"datetime": "2024-04-12 14:38:37", "elapsed": 2479.5164, "delta": 7.009625}}
{"target": -115.85323311970893, "params": {"gamma": 2.216442233212517, "prior": 5.042976576174059, "rate": 1.679653698230397}, "datetime": {"datetime": "2024-04-12 14:38:48", "elapsed": 2490.332909, "delta": 10.816509}}
{"target": -115.87111230495749, "params": {"gamma": 2.140436992626741, "prior": 3.8487488017136497, "rate": 1.317501306853982}, "datetime": {"datetime": "2024-04-12 14:38:58", "elapsed": 2500.276143, "delta": 9.943234}}
{"target": -115.85718786657598, "params": {"gamma": 2.1715039180067706, "prior": 1.572944911273638, "rate": 0.5286236904960396}, "datetime": {"datetime": "2024-04-12 14:39:07", "elapsed": 2509.234536, "delta": 8.958393}}
{"target": -115.85680367832806, "params": {"gamma": 2.172099563706352, "prior": 6.457096703407374, "rate": 2.1876619427113035}, "datetime": {"datetime": "2024-04-12 14:39:15", "elapsed": 2517.426163, "delta": 8.191627}}
{"target": -115.85952877721775, "params": {"gamma": 2.230142116063385, "prior": 6.472791066294411, "rate": 2.252905839634415}, "datetime": {"datetime": "2024-04-12 14:39:19", "elapsed": 2521.547564, "delta": 4.121401}}
{"target": -115.86385290133333, "params": {"gamma": 2.208741366996417, "prior": 4.187939118341359, "rate": 1.350612745891164}, "datetime": {"datetime": "2024-04-12 14:39:24", "elapsed": 2526.565168, "delta": 5.017604}}
{"target": -115.86507026981377, "params": {"gamma": 2.2043521271227005, "prior": 3.208774100971708, "rate": 1.0325492186366398}, "datetime": {"datetime": "2024-04-12 14:39:33", "elapsed": 2535.282942, "delta": 8.717774}}
{"target": -115.86240717420756, "params": {"gamma": 2.2143946858276067, "prior": 6.031096592096028, "rate": 1.9513731333813498}, "datetime": {"datetime": "2024-04-12 14:39:41", "elapsed": 2542.780084, "delta": 7.497142}}
{"target": -115.85320003601787, "params": {"gamma": 2.21030532369286, "prior": 8.930163335717564, "rate": 3.06427440251392}, "datetime": {"datetime": "2024-04-12 14:39:48", "elapsed": 2549.81648, "delta": 7.036396}}
{"target": -115.85202793736644, "params": {"gamma": 2.199215956012591, "prior": 2.827515440720026, "rate": 0.9589564502339927}, "datetime": {"datetime": "2024-04-12 14:39:56", "elapsed": 2557.821104, "delta": 8.004624}}
{"target": -115.87345922426712, "params": {"gamma": 2.2420081818821704, "prior": 2.165561292301226, "rate": 0.7703813293264212}, "datetime": {"datetime": "2024-04-12 14:40:03", "elapsed": 2565.08401, "delta": 7.262906}}
{"target": -115.85671014375552, "params": {"gamma": 2.233692173809782, "prior": 3.472039896327018, "rate": 1.151001404225528}, "datetime": {"datetime": "2024-04-12 14:40:12", "elapsed": 2574.050296, "delta": 8.966286}}
{"target": -115.87119947139482, "params": {"gamma": 2.139404801933213, "prior": 9.283070847184613, "rate": 3.126083346022997}, "datetime": {"datetime": "2024-04-12 14:40:21", "elapsed": 2583.005803, "delta": 8.955507}}
{"target": -115.85527756665739, "params": {"gamma": 2.1952955051480223, "prior": 9.565836671924771, "rate": 3.1587347455670147}, "datetime": {"datetime": "2024-04-12 14:40:29", "elapsed": 2590.66883, "delta": 7.663027}}
{"target": -115.86883213428834, "params": {"gamma": 2.147460149600699, "prior": 6.22110397670528, "rate": 2.1478934699211805}, "datetime": {"datetime": "2024-04-12 14:40:43", "elapsed": 2605.203024, "delta": 14.534194}}
{"target": -115.93543774738849, "params": {"gamma": 2.1775554780173327, "prior": 5.8596826748297035, "rate": 2.2299187400108944}, "datetime": {"datetime": "2024-04-12 14:40:57", "elapsed": 2618.813107, "delta": 13.610083}}
{"target": -115.85820520812467, "params": {"gamma": 2.2368422441104223, "prior": 9.45695919053558, "rate": 3.259771406940765}, "datetime": {"datetime": "2024-04-12 14:41:04", "elapsed": 2626.514841, "delta": 7.701734}}
{"target": -115.85955051378558, "params": {"gamma": 2.2299748808974202, "prior": 8.179448198017667, "rate": 2.676868653511752}, "datetime": {"datetime": "2024-04-12 14:41:15", "elapsed": 2636.725823, "delta": 10.210982}}
{"target": -115.85431555177215, "params": {"gamma": 2.194900418996052, "prior": 7.1796739638708, "rate": 2.380887987566303}, "datetime": {"datetime": "2024-04-12 14:41:23", "elapsed": 2645.549109, "delta": 8.823286}}
