{"target": -1077.1197220346085, "params": {"gamma": 4.676032980600331, "lr": 0.6669425431939752}, "datetime": {"datetime": "2024-04-04 05:09:39", "elapsed": 2.810139, "delta": 0.003195}}
{"target": -945.7544830196616, "params": {"gamma": 4.534320887795462, "lr": 0.5257115913414097}, "datetime": {"datetime": "2024-04-04 05:09:39", "elapsed": 2.813315, "delta": 0.003176}}
{"target": -2486.9610702902246, "params": {"gamma": 6.586021847542061, "lr": 0.18119538195386165}, "datetime": {"datetime": "2024-04-04 05:09:39", "elapsed": 2.816496, "delta": 0.003181}}
{"target": -1664.1717410994138, "params": {"gamma": 7.8807074621719, "lr": 0.6028653375383973}, "datetime": {"datetime": "2024-04-04 05:09:39", "elapsed": 2.819677, "delta": 0.003181}}
{"target": -2614.532231987547, "params": {"gamma": 9.80334851848814, "lr": 0.22238319353117575}, "datetime": {"datetime": "2024-04-04 05:09:39", "elapsed": 2.822879, "delta": 0.003202}}
{"target": -1166.5659009024102, "params": {"gamma": 4.663198475191569, "lr": 0.8956418025994466}, "datetime": {"datetime": "2024-04-04 05:09:39", "elapsed": 2.826279, "delta": 0.0034}}
{"target": -1365.6662581417459, "params": {"gamma": 6.014732663578183, "lr": 0.725958845848815}, "datetime": {"datetime": "2024-04-04 05:09:39", "elapsed": 2.829802, "delta": 0.003523}}
{"target": -955.7944851305558, "params": {"gamma": 4.137287971849402, "lr": 0.6843096218313198}, "datetime": {"datetime": "2024-04-04 05:09:39", "elapsed": 2.833126, "delta": 0.003324}}
{"target": -2889.888736625406, "params": {"gamma": 9.460604243445784, "lr": 0.20018606573932207}, "datetime": {"datetime": "2024-04-04 05:09:39", "elapsed": 2.836513, "delta": 0.003387}}
{"target": -2010.4369225271944, "params": {"gamma": 8.073845273509328, "lr": 0.9695380120998964}, "datetime": {"datetime": "2024-04-04 05:09:39", "elapsed": 2.839796, "delta": 0.003283}}
{"target": -153.50243165902964, "params": {"gamma": 0.146672748901554, "lr": 0.21520958659442757}, "datetime": {"datetime": "2024-04-04 05:09:39", "elapsed": 2.84311, "delta": 0.003314}}
{"target": -314.56374415907004, "params": {"gamma": 1.1746518262109842, "lr": 0.7674235177414532}, "datetime": {"datetime": "2024-04-04 05:09:39", "elapsed": 2.846427, "delta": 0.003317}}
{"target": -245.60220265283996, "params": {"gamma": 0.8130846428413901, "lr": 0.9984135585909075}, "datetime": {"datetime": "2024-04-04 05:09:39", "elapsed": 2.849718, "delta": 0.003291}}
{"target": -979.0424422345253, "params": {"gamma": 3.8967305467771722, "lr": 0.9052027659330404}, "datetime": {"datetime": "2024-04-04 05:09:39", "elapsed": 2.853011, "delta": 0.003293}}
{"target": -423.3124226101305, "params": {"gamma": 1.886587457391179, "lr": 0.44087219982229087}, "datetime": {"datetime": "2024-04-04 05:09:39", "elapsed": 2.856325, "delta": 0.003314}}
{"target": -1738.2386286288524, "params": {"gamma": 8.448273378243028, "lr": 0.5952697806732562}, "datetime": {"datetime": "2024-04-04 05:09:39", "elapsed": 2.859924, "delta": 0.003599}}
{"target": -963.6907663069921, "params": {"gamma": 4.6221188088168805, "lr": 0.5126497467571176}, "datetime": {"datetime": "2024-04-04 05:09:39", "elapsed": 2.863475, "delta": 0.003551}}
{"target": -1231.2928783663576, "params": {"gamma": 5.739281383396582, "lr": 0.4403192075855932}, "datetime": {"datetime": "2024-04-04 05:09:39", "elapsed": 2.866744, "delta": 0.003269}}
{"target": -838.5268604281551, "params": {"gamma": 1.936396018280381, "lr": 0.11396576145918635}, "datetime": {"datetime": "2024-04-04 05:09:39", "elapsed": 2.869988, "delta": 0.003244}}
{"target": -727.9249181285379, "params": {"gamma": 1.5131280457741099, "lr": 0.0524909638531339}, "datetime": {"datetime": "2024-04-04 05:09:39", "elapsed": 2.873262, "delta": 0.003274}}
{"target": -1376.8818535287758, "params": {"gamma": 5.587205434225252, "lr": 0.8477210140360106}, "datetime": {"datetime": "2024-04-04 05:09:39", "elapsed": 2.876599, "delta": 0.003337}}
{"target": -1665.6856149509156, "params": {"gamma": 3.5918342699021832, "lr": 0.07531087263581782}, "datetime": {"datetime": "2024-04-04 05:09:39", "elapsed": 2.879819, "delta": 0.00322}}
{"target": -905.0265595208219, "params": {"gamma": 4.257818395439178, "lr": 0.6020078384720013}, "datetime": {"datetime": "2024-04-04 05:09:39", "elapsed": 2.883222, "delta": 0.003403}}
{"target": -1053.7533117716569, "params": {"gamma": 4.254609252290801, "lr": 0.81072123360737}, "datetime": {"datetime": "2024-04-04 05:09:39", "elapsed": 2.886401, "delta": 0.003179}}
{"target": -2305.0809926551046, "params": {"gamma": 9.418920575620866, "lr": 0.8699107732683544}, "datetime": {"datetime": "2024-04-04 05:09:39", "elapsed": 2.889655, "delta": 0.003254}}
{"target": -1365.0649618635077, "params": {"gamma": 7.040290983300606, "lr": 0.4702989247821753}, "datetime": {"datetime": "2024-04-04 05:09:39", "elapsed": 2.893093, "delta": 0.003438}}
{"target": -3132.2784011094427, "params": {"gamma": 6.827297730989611, "lr": 0.013418310556529534}, "datetime": {"datetime": "2024-04-04 05:09:39", "elapsed": 2.896665, "delta": 0.003572}}
{"target": -3703.076697257197, "params": {"gamma": 9.824798706901937, "lr": 0.17207733182889595}, "datetime": {"datetime": "2024-04-04 05:09:39", "elapsed": 2.899951, "delta": 0.003286}}
{"target": -2216.1352706859625, "params": {"gamma": 9.062697699220857, "lr": 0.8071099016661061}, "datetime": {"datetime": "2024-04-04 05:09:39", "elapsed": 2.903173, "delta": 0.003222}}
{"target": -1866.956307494583, "params": {"gamma": 8.00159670418549, "lr": 0.2689360577850649}, "datetime": {"datetime": "2024-04-04 05:09:39", "elapsed": 2.906402, "delta": 0.003229}}
{"target": -485.8710574973142, "params": {"gamma": 2.1923189037668234, "lr": 0.42880069291408873}, "datetime": {"datetime": "2024-04-04 05:09:39", "elapsed": 2.909601, "delta": 0.003199}}
{"target": -1670.171976624757, "params": {"gamma": 8.493861636205818, "lr": 0.45037964247172024}, "datetime": {"datetime": "2024-04-04 05:09:39", "elapsed": 2.912818, "delta": 0.003217}}
{"target": -2004.356117788795, "params": {"gamma": 9.354265719956611, "lr": 0.352679327251738}, "datetime": {"datetime": "2024-04-04 05:09:39", "elapsed": 2.916047, "delta": 0.003229}}
{"target": -1547.3739242073325, "params": {"gamma": 6.194302264801901, "lr": 0.9806990363557802}, "datetime": {"datetime": "2024-04-04 05:09:39", "elapsed": 2.919275, "delta": 0.003228}}
{"target": -2954.380989001603, "params": {"gamma": 6.434981759885809, "lr": 0.04549821604060378}, "datetime": {"datetime": "2024-04-04 05:09:39", "elapsed": 2.922513, "delta": 0.003238}}
{"target": -1000.7330282984212, "params": {"gamma": 4.636107352426167, "lr": 0.3347513437136638}, "datetime": {"datetime": "2024-04-04 05:09:39", "elapsed": 2.925871, "delta": 0.003358}}
{"target": -1246.9161569132714, "params": {"gamma": 5.322283303668225, "lr": 0.2847462086131314}, "datetime": {"datetime": "2024-04-04 05:09:39", "elapsed": 2.929393, "delta": 0.003522}}
{"target": -312.7255286295335, "params": {"gamma": 1.223490041069798, "lr": 0.6682889887508018}, "datetime": {"datetime": "2024-04-04 05:09:39", "elapsed": 2.932754, "delta": 0.003361}}
{"target": -1674.8363495331705, "params": {"gamma": 6.8139161891581725, "lr": 0.8671392999990885}, "datetime": {"datetime": "2024-04-04 05:09:39", "elapsed": 2.935969, "delta": 0.003215}}
{"target": -348.6783583086941, "params": {"gamma": 1.3246825541338114, "lr": 0.798620308278031}, "datetime": {"datetime": "2024-04-04 05:09:39", "elapsed": 2.939174, "delta": 0.003205}}
{"target": -1737.889485572705, "params": {"gamma": 8.267860615312884, "lr": 0.6465499357511519}, "datetime": {"datetime": "2024-04-04 05:09:39", "elapsed": 2.942399, "delta": 0.003225}}
{"target": -495.143220570653, "params": {"gamma": 2.0500165356605575, "lr": 0.2614207144058379}, "datetime": {"datetime": "2024-04-04 05:09:39", "elapsed": 2.945613, "delta": 0.003214}}
{"target": -874.5681775139802, "params": {"gamma": 4.185549678574218, "lr": 0.5417990727827313}, "datetime": {"datetime": "2024-04-04 05:09:39", "elapsed": 2.948803, "delta": 0.00319}}
{"target": -931.9343122514815, "params": {"gamma": 4.774902117966579, "lr": 0.4674598920453694}, "datetime": {"datetime": "2024-04-04 05:09:39", "elapsed": 2.952118, "delta": 0.003315}}
{"target": -2058.1945140706807, "params": {"gamma": 8.398567261266477, "lr": 0.8701023653075677}, "datetime": {"datetime": "2024-04-04 05:09:39", "elapsed": 2.955449, "delta": 0.003331}}
{"target": -1993.4821272347683, "params": {"gamma": 8.16772288980329, "lr": 0.8778014186346996}, "datetime": {"datetime": "2024-04-04 05:09:39", "elapsed": 2.958806, "delta": 0.003357}}
{"target": -1428.2455163967284, "params": {"gamma": 5.710516610608794, "lr": 0.9640361333390818}, "datetime": {"datetime": "2024-04-04 05:09:39", "elapsed": 2.962424, "delta": 0.003618}}
{"target": -1283.4287535312612, "params": {"gamma": 6.065836938156427, "lr": 0.6039477410796814}, "datetime": {"datetime": "2024-04-04 05:09:39", "elapsed": 2.965895, "delta": 0.003471}}
{"target": -743.9590626017095, "params": {"gamma": 3.193658073009114, "lr": 0.681204184117019}, "datetime": {"datetime": "2024-04-04 05:09:39", "elapsed": 2.969099, "delta": 0.003204}}
{"target": -255.31396132845148, "params": {"gamma": 0.5206049193651046, "lr": 0.13454642101194225}, "datetime": {"datetime": "2024-04-04 05:09:39", "elapsed": 2.972322, "delta": 0.003223}}
{"target": -302.3975959823484, "params": {"gamma": 1.303291433560078, "lr": 0.6552012872247357}, "datetime": {"datetime": "2024-04-04 05:09:39", "elapsed": 2.97554, "delta": 0.003218}}
{"target": -397.09151702508836, "params": {"gamma": 1.7541505851216117, "lr": 0.3411468232515472}, "datetime": {"datetime": "2024-04-04 05:09:39", "elapsed": 2.978858, "delta": 0.003318}}
{"target": -189.58478803184443, "params": {"gamma": 0.44407224667521283, "lr": 0.2337343601165106}, "datetime": {"datetime": "2024-04-04 05:09:39", "elapsed": 2.982094, "delta": 0.003236}}
{"target": -1993.4186366175552, "params": {"gamma": 9.642279024168092, "lr": 0.5091394025163677}, "datetime": {"datetime": "2024-04-04 05:09:39", "elapsed": 2.985304, "delta": 0.00321}}
{"target": -339.351761515754, "params": {"gamma": 1.5115941101958479, "lr": 0.5230085317344643}, "datetime": {"datetime": "2024-04-04 05:09:39", "elapsed": 2.988535, "delta": 0.003231}}
{"target": -2309.0081286829427, "params": {"gamma": 9.435150329726897, "lr": 0.865686014006334}, "datetime": {"datetime": "2024-04-04 05:09:39", "elapsed": 2.992066, "delta": 0.003531}}
{"target": -923.2268742874812, "params": {"gamma": 3.9212666234349385, "lr": 0.28386751597340265}, "datetime": {"datetime": "2024-04-04 05:09:39", "elapsed": 2.995681, "delta": 0.003615}}
{"target": -2035.3219932390095, "params": {"gamma": 7.617536897064726, "lr": 0.2404843248030878}, "datetime": {"datetime": "2024-04-04 05:09:39", "elapsed": 2.999201, "delta": 0.00352}}
{"target": -1176.2250612349876, "params": {"gamma": 2.5430693142188665, "lr": 0.08408635417992949}, "datetime": {"datetime": "2024-04-04 05:09:39", "elapsed": 3.002488, "delta": 0.003287}}
{"target": -1698.8953351880477, "params": {"gamma": 8.641576803545505, "lr": 0.44789891562027984}, "datetime": {"datetime": "2024-04-04 05:09:39", "elapsed": 3.005803, "delta": 0.003315}}
{"target": -1250.200297442669, "params": {"gamma": 5.618300819839127, "lr": 0.7367109576935199}, "datetime": {"datetime": "2024-04-04 05:09:39", "elapsed": 3.009155, "delta": 0.003352}}
{"target": -1567.3580345723617, "params": {"gamma": 7.965092182444826, "lr": 0.44750813899031383}, "datetime": {"datetime": "2024-04-04 05:09:39", "elapsed": 3.012556, "delta": 0.003401}}
{"target": -472.5324729844427, "params": {"gamma": 1.8420914342018075, "lr": 0.8287328515283018}, "datetime": {"datetime": "2024-04-04 05:09:39", "elapsed": 3.015913, "delta": 0.003357}}
{"target": -154.57580017116902, "params": {"gamma": 0.3109486003227299, "lr": 0.9467282696079524}, "datetime": {"datetime": "2024-04-04 05:09:39", "elapsed": 3.019313, "delta": 0.0034}}
{"target": -144.98195276768843, "params": {"gamma": 0.001, "lr": 0.04725963363152383}, "datetime": {"datetime": "2024-04-04 05:09:42", "elapsed": 6.314463, "delta": 3.29515}}
{"target": -282.97559658711566, "params": {"gamma": 0.984887422346343, "lr": 0.982895774820107}, "datetime": {"datetime": "2024-04-04 05:09:47", "elapsed": 11.137013, "delta": 4.82255}}
{"target": -146.77490606349195, "params": {"gamma": 0.028572596100663213, "lr": 0.15074972534602182}, "datetime": {"datetime": "2024-04-04 05:09:50", "elapsed": 13.940579, "delta": 2.803566}}
{"target": -193.64235617466994, "params": {"gamma": 0.6782815596703128, "lr": 0.6193250073170892}, "datetime": {"datetime": "2024-04-04 05:09:56", "elapsed": 19.916327, "delta": 5.975748}}
{"target": -380.33895114369847, "params": {"gamma": 1.410718842596817, "lr": 0.9986142071084716}, "datetime": {"datetime": "2024-04-04 05:09:58", "elapsed": 22.638897, "delta": 2.72257}}
{"target": -473.8660779123617, "params": {"gamma": 1.674926738982632, "lr": 1.0}, "datetime": {"datetime": "2024-04-04 05:10:02", "elapsed": 26.705316, "delta": 4.066419}}
{"target": -144.86776073702882, "params": {"gamma": 0.08669663109076475, "lr": 0.0}, "datetime": {"datetime": "2024-04-04 05:10:09", "elapsed": 33.483704, "delta": 6.778388}}
{"target": -144.76850795445108, "params": {"gamma": 0.001, "lr": 0.8764971763158866}, "datetime": {"datetime": "2024-04-04 05:10:14", "elapsed": 38.342044, "delta": 4.85834}}
{"target": -1263.3581155688275, "params": {"gamma": 5.532459911594318, "lr": 0.7020481994531945}, "datetime": {"datetime": "2024-04-04 05:10:16", "elapsed": 39.716951, "delta": 1.374907}}
{"target": -344.1622112885348, "params": {"gamma": 1.4853000029868202, "lr": 0.4066836824442297}, "datetime": {"datetime": "2024-04-04 05:10:17", "elapsed": 41.1365, "delta": 1.419549}}
{"target": -276.5523199459646, "params": {"gamma": 1.1744501421841216, "lr": 0.5120096868977471}, "datetime": {"datetime": "2024-04-04 05:10:21", "elapsed": 44.846964, "delta": 3.710464}}
{"target": -382.4581584598127, "params": {"gamma": 1.718072050063942, "lr": 0.6624057812264746}, "datetime": {"datetime": "2024-04-04 05:10:25", "elapsed": 49.295373, "delta": 4.448409}}
{"target": -185.21318141933517, "params": {"gamma": 0.5146471192072457, "lr": 0.8517395595493036}, "datetime": {"datetime": "2024-04-04 05:10:32", "elapsed": 56.664486, "delta": 7.369113}}
{"target": -235.0438651672163, "params": {"gamma": 0.9391006515069782, "lr": 0.5378131957788077}, "datetime": {"datetime": "2024-04-04 05:10:36", "elapsed": 59.771509, "delta": 3.107023}}
{"target": -717.5889110590327, "params": {"gamma": 3.297502233828549, "lr": 0.34170379784153104}, "datetime": {"datetime": "2024-04-04 05:10:38", "elapsed": 62.389503, "delta": 2.617994}}
{"target": -565.3259959463835, "params": {"gamma": 2.711080429862913, "lr": 0.3972112098240317}, "datetime": {"datetime": "2024-04-04 05:10:46", "elapsed": 69.766436, "delta": 7.376933}}
{"target": -773.3080127407786, "params": {"gamma": 3.6304029326461267, "lr": 0.3683247680847852}, "datetime": {"datetime": "2024-04-04 05:10:51", "elapsed": 75.038924, "delta": 5.272488}}
{"target": -154.2638426227788, "params": {"gamma": 0.38673790473994385, "lr": 0.5908590997913671}, "datetime": {"datetime": "2024-04-04 05:10:55", "elapsed": 79.133274, "delta": 4.09435}}
{"target": -555.3841530329673, "params": {"gamma": 2.195616609602122, "lr": 0.832826239704753}, "datetime": {"datetime": "2024-04-04 05:10:56", "elapsed": 80.486469, "delta": 1.353195}}
{"target": -187.73329980836712, "params": {"gamma": 0.5223226441847193, "lr": 0.9992451595033883}, "datetime": {"datetime": "2024-04-04 05:11:00", "elapsed": 83.838929, "delta": 3.35246}}
{"target": -253.87213432329824, "params": {"gamma": 1.0110113613497123, "lr": 0.2894017271164495}, "datetime": {"datetime": "2024-04-04 05:11:03", "elapsed": 86.889175, "delta": 3.050246}}
{"target": -296.2459642464551, "params": {"gamma": 1.0470118338792758, "lr": 0.8942917339586667}, "datetime": {"datetime": "2024-04-04 05:11:10", "elapsed": 94.055482, "delta": 7.166307}}
{"target": -141.7407570881716, "params": {"gamma": 0.0708688094396434, "lr": 0.516899581698375}, "datetime": {"datetime": "2024-04-04 05:11:13", "elapsed": 96.74258, "delta": 2.687098}}
{"target": -901.4142821042371, "params": {"gamma": 4.614963540072418, "lr": 0.487979895010642}, "datetime": {"datetime": "2024-04-04 05:11:14", "elapsed": 98.18553, "delta": 1.44295}}
{"target": -221.34248031377038, "params": {"gamma": 0.7616780750737716, "lr": 0.6971186581630525}, "datetime": {"datetime": "2024-04-04 05:11:21", "elapsed": 105.136733, "delta": 6.951203}}
{"target": -140.42504825625392, "params": {"gamma": 0.09738334973000548, "lr": 0.6715235199406918}, "datetime": {"datetime": "2024-04-04 05:11:23", "elapsed": 107.332243, "delta": 2.19551}}
{"target": -300.70305578148174, "params": {"gamma": 1.2683176092954558, "lr": 0.441509860783858}, "datetime": {"datetime": "2024-04-04 05:11:27", "elapsed": 111.266061, "delta": 3.933818}}
{"target": -156.0288947047447, "params": {"gamma": 0.08762718266155231, "lr": 0.09419876970581398}, "datetime": {"datetime": "2024-04-04 05:11:33", "elapsed": 117.191842, "delta": 5.925781}}
{"target": -409.5650059519037, "params": {"gamma": 1.5352657255320656, "lr": 0.9978242935977875}, "datetime": {"datetime": "2024-04-04 05:11:37", "elapsed": 121.125223, "delta": 3.933381}}
{"target": -140.27632211941983, "params": {"gamma": 0.0707515384123494, "lr": 0.9279126563299636}, "datetime": {"datetime": "2024-04-04 05:11:42", "elapsed": 125.745227, "delta": 4.620004}}
{"target": -858.6754662376304, "params": {"gamma": 1.8048139766146596, "lr": 0.0016684048420155806}, "datetime": {"datetime": "2024-04-04 05:11:44", "elapsed": 128.077001, "delta": 2.331774}}
{"target": -311.798695639001, "params": {"gamma": 0.5588765277413803, "lr": 0.007721367410612356}, "datetime": {"datetime": "2024-04-04 05:11:46", "elapsed": 130.336692, "delta": 2.259691}}
{"target": -154.08241372143598, "params": {"gamma": 0.3351437136226708, "lr": 0.44421941472103277}, "datetime": {"datetime": "2024-04-04 05:11:50", "elapsed": 134.369371, "delta": 4.032679}}
{"target": -142.2696474666545, "params": {"gamma": 0.18480402718902264, "lr": 0.7502587288683276}, "datetime": {"datetime": "2024-04-04 05:11:52", "elapsed": 135.851687, "delta": 1.482316}}
{"target": -163.77051560044515, "params": {"gamma": 0.36519208307489287, "lr": 1.0}, "datetime": {"datetime": "2024-04-04 05:11:54", "elapsed": 138.353867, "delta": 2.50218}}
{"target": -144.82820926813565, "params": {"gamma": 0.001, "lr": 0.38997953371561017}, "datetime": {"datetime": "2024-04-04 05:11:57", "elapsed": 141.506497, "delta": 3.15263}}
{"target": -288.67286595921956, "params": {"gamma": 1.0988881363399157, "lr": 0.27937304820435704}, "datetime": {"datetime": "2024-04-04 05:12:04", "elapsed": 148.6212, "delta": 7.114703}}
{"target": -212.6840239541134, "params": {"gamma": 0.2935893785678366, "lr": 0.0006527376410460084}, "datetime": {"datetime": "2024-04-04 05:12:07", "elapsed": 151.700967, "delta": 3.079767}}
{"target": -144.09048289780145, "params": {"gamma": 0.009373263404460697, "lr": 0.7069515399249751}, "datetime": {"datetime": "2024-04-04 05:12:10", "elapsed": 154.684297, "delta": 2.98333}}
{"target": -748.7845404611235, "params": {"gamma": 3.567647533359031, "lr": 0.5002532989636805}, "datetime": {"datetime": "2024-04-04 05:12:14", "elapsed": 158.590454, "delta": 3.906157}}
{"target": -950.2260008685892, "params": {"gamma": 3.7661192153244967, "lr": 0.9730047216414515}, "datetime": {"datetime": "2024-04-04 05:12:16", "elapsed": 159.983962, "delta": 1.393508}}
{"target": -257.28056364326443, "params": {"gamma": 0.9820038418172674, "lr": 0.73596908450222}, "datetime": {"datetime": "2024-04-04 05:12:19", "elapsed": 163.336322, "delta": 3.35236}}
{"target": -474.20814578749696, "params": {"gamma": 1.807759266181607, "lr": 0.9979413180149184}, "datetime": {"datetime": "2024-04-04 05:12:22", "elapsed": 166.673423, "delta": 3.337101}}
{"target": -578.7381998043808, "params": {"gamma": 1.8411942292304322, "lr": 0.219376813114045}, "datetime": {"datetime": "2024-04-04 05:12:25", "elapsed": 168.973902, "delta": 2.300479}}
{"target": -244.27324630283968, "params": {"gamma": 0.8829820076520609, "lr": 0.6837588415898936}, "datetime": {"datetime": "2024-04-04 05:12:26", "elapsed": 170.471998, "delta": 1.498096}}
{"target": -180.71882821601116, "params": {"gamma": 0.5951628060611676, "lr": 0.6528095942766041}, "datetime": {"datetime": "2024-04-04 05:12:31", "elapsed": 175.702237, "delta": 5.230239}}
{"target": -262.6669405042298, "params": {"gamma": 0.8924463483094723, "lr": 0.9633713702524593}, "datetime": {"datetime": "2024-04-04 05:12:37", "elapsed": 181.129504, "delta": 5.427267}}
{"target": -452.5900865509785, "params": {"gamma": 2.070978337135621, "lr": 0.6379146537108468}, "datetime": {"datetime": "2024-04-04 05:12:43", "elapsed": 186.824342, "delta": 5.694838}}
{"target": -148.65527929791014, "params": {"gamma": 0.2605698534603189, "lr": 1.0}, "datetime": {"datetime": "2024-04-04 05:12:47", "elapsed": 191.246454, "delta": 4.422112}}
{"target": -144.86776073702882, "params": {"gamma": 0.001, "lr": 0.0}, "datetime": {"datetime": "2024-04-04 05:12:52", "elapsed": 196.683321, "delta": 5.436867}}
{"target": -1182.3222939784491, "params": {"gamma": 5.622730859915053, "lr": 0.32794114250738815}, "datetime": {"datetime": "2024-04-04 05:12:54", "elapsed": 198.295477, "delta": 1.612156}}
{"target": -2677.4210742887863, "params": {"gamma": 7.76543352528068, "lr": 0.19624653987318286}, "datetime": {"datetime": "2024-04-04 05:12:56", "elapsed": 199.891633, "delta": 1.596156}}
{"target": -144.86776073702882, "params": {"gamma": 1.0398758400478256, "lr": 0.0}, "datetime": {"datetime": "2024-04-04 05:13:00", "elapsed": 203.841188, "delta": 3.949555}}
