{"target": -54.88259158924128, "params": {"p_ai": 9.982312200760052, "p_al": 0.001, "p_ex": 7.109370546080998, "prior": 9.787695550450339, "rate": 7.040508853731358}, "datetime": {"datetime": "2024-03-29 10:36:23", "elapsed": 392.284336, "delta": 3.519764}}
{"target": -54.016670785054664, "params": {"p_ai": 8.54755340489792, "p_al": 0.001, "p_ex": 8.076345347472893, "prior": 9.701149573862097, "rate": 10.0}, "datetime": {"datetime": "2024-03-29 10:36:26", "elapsed": 395.915433, "delta": 3.631097}}
{"target": -53.31802422105791, "params": {"p_ai": 4.091329876509125, "p_al": 0.001, "p_ex": 5.643272693163409, "prior": 3.53033280304494, "rate": 10.0}, "datetime": {"datetime": "2024-03-29 10:36:31", "elapsed": 400.924, "delta": 5.008567}}
{"target": -51.9701599819698, "params": {"p_ai": 9.879747316537085, "p_al": 6.2040472491757415, "p_ex": 7.960510649019452, "prior": 1.6839727140628002, "rate": 7.964304329083207}, "datetime": {"datetime": "2024-03-29 10:36:36", "elapsed": 406.066629, "delta": 5.142629}}
{"target": -57.52649514526841, "params": {"p_ai": 6.792518513794996, "p_al": 10.0, "p_ex": 10.0, "prior": 10.0, "rate": 7.489227479994123}, "datetime": {"datetime": "2024-03-29 10:36:40", "elapsed": 409.698047, "delta": 3.631418}}
{"target": -56.85166930955669, "params": {"p_ai": 10.0, "p_al": 7.49411709219682, "p_ex": 10.0, "prior": 1.2830755697199037, "rate": 7.608182810133011}, "datetime": {"datetime": "2024-03-29 10:36:45", "elapsed": 414.764266, "delta": 5.066219}}
{"target": -54.99788296821231, "params": {"p_ai": 6.98973590339747, "p_al": 10.0, "p_ex": 7.887286334862206, "prior": 3.569948345415828, "rate": 5.18028226464119}, "datetime": {"datetime": "2024-03-29 10:36:50", "elapsed": 420.014106, "delta": 5.24984}}
{"target": -51.62067811222029, "params": {"p_ai": 9.915451536143847, "p_al": 5.6210973981844825, "p_ex": 6.807541052288778, "prior": 0.834374335671587, "rate": 9.935376138984171}, "datetime": {"datetime": "2024-03-29 10:36:54", "elapsed": 424.010754, "delta": 3.996648}}
{"target": -55.32245171723743, "params": {"p_ai": 10.0, "p_al": 0.001, "p_ex": 4.767647852193739, "prior": 6.846224367031523, "rate": 6.51719734817276}, "datetime": {"datetime": "2024-03-29 10:36:59", "elapsed": 428.844301, "delta": 4.833547}}
{"target": -49.50926337378451, "params": {"p_ai": 5.126389264036834, "p_al": 0.001, "p_ex": 5.2548362869050695, "prior": 0.14263340117151665, "rate": 2.4858801522260494}, "datetime": {"datetime": "2024-03-29 10:37:04", "elapsed": 433.464252, "delta": 4.619951}}
{"target": -54.23841656013037, "params": {"p_ai": 10.0, "p_al": 9.592162246367105, "p_ex": 7.99918957285219, "prior": 10.0, "rate": 10.0}, "datetime": {"datetime": "2024-03-29 10:37:12", "elapsed": 441.704479, "delta": 8.240227}}
{"target": -51.819902671608375, "params": {"p_ai": 10.0, "p_al": 0.001, "p_ex": 4.70715050587722, "prior": 2.893222848882209, "rate": 6.395018314054288}, "datetime": {"datetime": "2024-03-29 10:37:20", "elapsed": 449.394573, "delta": 7.690094}}
{"target": -1352.9131251964836, "params": {"p_ai": 5.802995840635358, "p_al": 1.9589530226045029, "p_ex": 5.08775011622582, "prior": 0.001, "rate": 4.178621874030394}, "datetime": {"datetime": "2024-03-29 10:37:27", "elapsed": 456.291603, "delta": 6.89703}}
{"target": -76.6198431925733, "params": {"p_ai": 4.941730528671866, "p_al": 0.47666498005308533, "p_ex": 6.262604965416466, "prior": 1.2877366446080796, "rate": 0.1597226432108437}, "datetime": {"datetime": "2024-03-29 10:37:34", "elapsed": 464.079899, "delta": 7.788296}}
{"target": -52.17738491969083, "params": {"p_ai": 7.370558914781498, "p_al": 0.001, "p_ex": 7.5837639554531835, "prior": 1.5726811501209048, "rate": 4.355552997539943}, "datetime": {"datetime": "2024-03-29 10:37:40", "elapsed": 469.746362, "delta": 5.666463}}
{"target": -52.03075370455913, "params": {"p_ai": 6.565802588233998, "p_al": 0.001, "p_ex": 7.22950872941306, "prior": 0.9078090567869515, "rate": 1.8241861072843941}, "datetime": {"datetime": "2024-03-29 10:37:46", "elapsed": 475.223226, "delta": 5.476864}}
{"target": -53.68307211804329, "params": {"p_ai": 6.181345044743989, "p_al": 2.6127800102496015, "p_ex": 8.697463935052097, "prior": 1.5147098587233534, "rate": 2.3315306289389692}, "datetime": {"datetime": "2024-03-29 10:37:53", "elapsed": 482.923477, "delta": 7.700251}}
{"target": -52.152230660531856, "params": {"p_ai": 6.930774631347136, "p_al": 5.395125045309623, "p_ex": 4.5919903502607475, "prior": 1.1360540335265257, "rate": 5.591270981865396}, "datetime": {"datetime": "2024-03-29 10:38:02", "elapsed": 491.859302, "delta": 8.935825}}
{"target": -51.38677912847383, "params": {"p_ai": 7.8524893950694015, "p_al": 5.279072689480937, "p_ex": 7.187348562031843, "prior": 1.103405907981782, "rate": 4.241346640239376}, "datetime": {"datetime": "2024-03-29 10:38:08", "elapsed": 497.4303, "delta": 5.570998}}
{"target": -50.09945205184044, "params": {"p_ai": 8.81429366505108, "p_al": 0.13297471681885875, "p_ex": 5.637003151205385, "prior": 1.3854882242831057, "rate": 4.686856427616377}, "datetime": {"datetime": "2024-03-29 10:38:13", "elapsed": 502.404742, "delta": 4.974442}}
{"target": -52.12576832783298, "params": {"p_ai": 9.602370913913129, "p_al": 2.8050669627595806, "p_ex": 5.4415603350855575, "prior": 1.8860798614844023, "rate": 3.50790013066074}, "datetime": {"datetime": "2024-03-29 10:38:18", "elapsed": 507.715896, "delta": 5.311154}}
{"target": -51.41324627442495, "params": {"p_ai": 4.500282109873974, "p_al": 0.001, "p_ex": 4.707002322311736, "prior": 0.27126374834908434, "rate": 1.2210251947740165}, "datetime": {"datetime": "2024-03-29 10:38:27", "elapsed": 516.719802, "delta": 9.003906}}
{"target": -53.5057733774761, "params": {"p_ai": 6.806421055149341, "p_al": 3.278206014668431, "p_ex": 9.063565644610597, "prior": 0.9024048166175955, "rate": 5.395112367416353}, "datetime": {"datetime": "2024-03-29 10:38:40", "elapsed": 529.401473, "delta": 12.681671}}
{"target": -57.103552642549886, "params": {"p_ai": 6.680478683888629, "p_al": 0.001, "p_ex": 5.106258988522744, "prior": 2.181595193636513, "rate": 1.5209849902904742}, "datetime": {"datetime": "2024-03-29 10:38:45", "elapsed": 535.013413, "delta": 5.61194}}
{"target": -54.73077580364544, "params": {"p_ai": 8.28392658551845, "p_al": 0.001, "p_ex": 7.450075231931706, "prior": 0.001, "rate": 4.924983766352988}, "datetime": {"datetime": "2024-03-29 10:38:54", "elapsed": 543.183538, "delta": 8.170125}}
{"target": -63.53286183724853, "params": {"p_ai": 5.762621012947073, "p_al": 3.500979174810138, "p_ex": 7.057150364525921, "prior": 2.218094094786369, "rate": 1.2525499534959301}, "datetime": {"datetime": "2024-03-29 10:39:00", "elapsed": 550.120394, "delta": 6.936856}}
{"target": -52.440688791961946, "params": {"p_ai": 4.313388874509188, "p_al": 0.001, "p_ex": 6.698629036862882, "prior": 0.2484966386884523, "rate": 1.8400767216403284}, "datetime": {"datetime": "2024-03-29 10:39:07", "elapsed": 556.549101, "delta": 6.428707}}
{"target": -50.17311095548552, "params": {"p_ai": 7.3755828417627445, "p_al": 0.001, "p_ex": 5.796941216978812, "prior": 2.4248487447786102, "rate": 7.000817209278614}, "datetime": {"datetime": "2024-03-29 10:39:12", "elapsed": 561.956697, "delta": 5.407596}}
{"target": -50.90216088080854, "params": {"p_ai": 7.040713291333442, "p_al": 0.001, "p_ex": 3.883252638004722, "prior": 1.9702831693924112, "rate": 8.867259034681513}, "datetime": {"datetime": "2024-03-29 10:39:17", "elapsed": 566.91024, "delta": 4.953543}}
{"target": -778.8055614999041, "params": {"p_ai": 7.303237876682181, "p_al": 1.5154450855325359, "p_ex": 8.943030679643362, "prior": 0.001, "rate": 2.646772818613422}, "datetime": {"datetime": "2024-03-29 10:39:21", "elapsed": 570.584578, "delta": 3.674338}}
{"target": -54.478276002040026, "params": {"p_ai": 5.776686897322965, "p_al": 2.1048532945511416, "p_ex": 7.24115304098889, "prior": 1.1021676301139813, "rate": 1.4331992016072301}, "datetime": {"datetime": "2024-03-29 10:39:25", "elapsed": 574.529142, "delta": 3.944564}}
{"target": -52.8114492336754, "params": {"p_ai": 10.0, "p_al": 0.001, "p_ex": 7.281730855240549, "prior": 1.9971442548313074, "rate": 2.8795173932925398}, "datetime": {"datetime": "2024-03-29 10:39:29", "elapsed": 578.588796, "delta": 4.059654}}
{"target": -53.18885787503125, "params": {"p_ai": 5.71207405382386, "p_al": 2.469653123291994, "p_ex": 7.737236150391039, "prior": 2.011936518739759, "rate": 2.919183609126493}, "datetime": {"datetime": "2024-03-29 10:39:35", "elapsed": 584.997853, "delta": 6.409057}}
{"target": -53.274608871669216, "params": {"p_ai": 9.885309182785416, "p_al": 1.811820198191952, "p_ex": 7.992210817519925, "prior": 2.6662712911154487, "rate": 3.3518458990169138}, "datetime": {"datetime": "2024-03-29 10:39:41", "elapsed": 590.291507, "delta": 5.293654}}
{"target": -57.05192759059855, "params": {"p_ai": 5.907230131922753, "p_al": 0.05681193070324363, "p_ex": 9.779472374165234, "prior": 2.581486929434785, "rate": 5.114232323615559}, "datetime": {"datetime": "2024-03-29 10:39:47", "elapsed": 596.258966, "delta": 5.967459}}
{"target": -52.74299704146303, "params": {"p_ai": 7.830078465780444, "p_al": 0.001, "p_ex": 6.611869614874837, "prior": 2.1680187863016585, "rate": 2.527237485881487}, "datetime": {"datetime": "2024-03-29 10:39:56", "elapsed": 605.95429, "delta": 9.695324}}
{"target": -52.75140540300032, "params": {"p_ai": 9.603045789203014, "p_al": 2.39047596469349, "p_ex": 3.9088946488807266, "prior": 2.308588620339747, "rate": 6.557395127804388}, "datetime": {"datetime": "2024-03-29 10:40:01", "elapsed": 610.984118, "delta": 5.029828}}
{"target": -52.84911674960454, "params": {"p_ai": 4.6343882050711285, "p_al": 0.001, "p_ex": 4.50444771868709, "prior": 2.9166591291828587, "rate": 7.945115547576989}, "datetime": {"datetime": "2024-03-29 10:40:10", "elapsed": 619.202246, "delta": 8.218128}}
{"target": -52.20523661911924, "params": {"p_ai": 7.932002494337976, "p_al": 3.8861947818474687, "p_ex": 8.490789093326045, "prior": 2.1396247149067205, "rate": 6.868224630477273}, "datetime": {"datetime": "2024-03-29 10:40:15", "elapsed": 624.709412, "delta": 5.507166}}
{"target": -55.31753199508209, "params": {"p_ai": 9.003252292245115, "p_al": 4.5461373586390295, "p_ex": 10.0, "prior": 2.9856121962187654, "rate": 4.839795917582357}, "datetime": {"datetime": "2024-03-29 10:40:21", "elapsed": 630.507746, "delta": 5.798334}}
{"target": -55.271710704033794, "params": {"p_ai": 8.651624597677788, "p_al": 6.059933541966625, "p_ex": 9.854353133454913, "prior": 6.205322814762657, "rate": 10.0}, "datetime": {"datetime": "2024-03-29 10:40:31", "elapsed": 640.513608, "delta": 10.005862}}
{"target": -53.525007564236475, "params": {"p_ai": 6.304435042713465, "p_al": 2.8644441193610537, "p_ex": 8.831291565437656, "prior": 2.6974770626097193, "rate": 4.770516212481741}, "datetime": {"datetime": "2024-03-29 10:40:37", "elapsed": 646.860031, "delta": 6.346423}}
{"target": -57.67163177240867, "params": {"p_ai": 2.735435718040744, "p_al": 5.109264456906721, "p_ex": 5.093297735047396, "prior": 0.9735126060109827, "rate": 5.473583965109156}, "datetime": {"datetime": "2024-03-29 10:40:43", "elapsed": 652.604737, "delta": 5.744706}}
{"target": -54.41487139766018, "params": {"p_ai": 7.304770549317099, "p_al": 0.001, "p_ex": 5.568837849512918, "prior": 7.947691885248756, "rate": 7.245043237286777}, "datetime": {"datetime": "2024-03-29 10:40:48", "elapsed": 657.99111, "delta": 5.386373}}
{"target": -55.3505841285008, "params": {"p_ai": 10.0, "p_al": 0.001, "p_ex": 8.919771320854098, "prior": 1.7527573353899002, "rate": 4.292745699574935}, "datetime": {"datetime": "2024-03-29 10:40:56", "elapsed": 665.60576, "delta": 7.61465}}
{"target": -52.06046156078175, "params": {"p_ai": 6.647634253717825, "p_al": 6.121225696129302, "p_ex": 7.71690685915335, "prior": 5.802606192473613, "rate": 9.673527654624554}, "datetime": {"datetime": "2024-03-29 10:41:01", "elapsed": 671.112768, "delta": 5.507008}}
{"target": -54.861941098061045, "params": {"p_ai": 10.0, "p_al": 10.0, "p_ex": 7.765178764383156, "prior": 3.0087025309469917, "rate": 5.3953314318841015}, "datetime": {"datetime": "2024-03-29 10:41:08", "elapsed": 678.055106, "delta": 6.942338}}
{"target": -77.59579779830943, "params": {"p_ai": 9.23936231179193, "p_al": 5.468177548850205, "p_ex": 9.723774758745611, "prior": 2.2193417145436243, "rate": 0.7342676547176393}, "datetime": {"datetime": "2024-03-29 10:41:16", "elapsed": 685.641716, "delta": 7.58661}}
{"target": -68.8758316797927, "params": {"p_ai": 6.080344194151246, "p_al": 1.5764631937186788, "p_ex": 1.7208663161046278, "prior": 2.4885731723970865, "rate": 3.6379329751793206}, "datetime": {"datetime": "2024-03-29 10:41:24", "elapsed": 694.103388, "delta": 8.461672}}
{"target": -57.85837572583881, "params": {"p_ai": 5.3742821557248215, "p_al": 0.3131393130685506, "p_ex": 6.0504676965958275, "prior": 5.167635640940884, "rate": 3.502050411955807}, "datetime": {"datetime": "2024-03-29 10:41:30", "elapsed": 699.572846, "delta": 5.469458}}
{"target": -52.896649190615, "params": {"p_ai": 6.7150568728346185, "p_al": 0.001, "p_ex": 6.7767218855958475, "prior": 4.501563040167075, "rate": 5.496845026825372}, "datetime": {"datetime": "2024-03-29 10:41:38", "elapsed": 707.758015, "delta": 8.185169}}
{"target": -56.56597055248638, "params": {"p_ai": 9.65762169460137, "p_al": 8.695580399007271, "p_ex": 9.794450164422898, "prior": 9.991301648873764, "rate": 7.691496061619258}, "datetime": {"datetime": "2024-03-29 10:41:48", "elapsed": 717.25868, "delta": 9.500665}}
{"target": -55.49524856325128, "params": {"p_ai": 7.749534815260108, "p_al": 6.371501689809682, "p_ex": 5.6399964615809495, "prior": 10.0, "rate": 8.54084210528817}, "datetime": {"datetime": "2024-03-29 10:41:56", "elapsed": 725.757621, "delta": 8.498941}}
{"target": -55.66297095423462, "params": {"p_ai": 6.1569773291989485, "p_al": 4.707886279823186, "p_ex": 9.58169633297519, "prior": 6.720703279880289, "rate": 8.624695308247295}, "datetime": {"datetime": "2024-03-29 10:42:01", "elapsed": 731.072295, "delta": 5.314674}}
{"target": -57.947893706411094, "params": {"p_ai": 7.251786248555633, "p_al": 0.001, "p_ex": 3.868183659945965, "prior": 5.493526530039137, "rate": 4.928270346555432}, "datetime": {"datetime": "2024-03-29 10:42:07", "elapsed": 736.801687, "delta": 5.729392}}
{"target": -51.274683842312704, "params": {"p_ai": 5.906710892243093, "p_al": 8.347578175590412, "p_ex": 8.114105334017568, "prior": 2.275147082649501, "rate": 10.0}, "datetime": {"datetime": "2024-03-29 10:42:11", "elapsed": 740.466332, "delta": 3.664645}}
{"target": -52.715298339119975, "params": {"p_ai": 8.441599850854825, "p_al": 4.512851474667882, "p_ex": 5.076259860053076, "prior": 1.243955026789757, "rate": 3.9329863114734946}, "datetime": {"datetime": "2024-03-29 10:42:15", "elapsed": 744.449005, "delta": 3.982673}}
{"target": -55.22346465638785, "params": {"p_ai": 6.3982585467134605, "p_al": 3.985963806271934, "p_ex": 7.810844794797311, "prior": 1.3262348272689148, "rate": 2.0165479922255076}, "datetime": {"datetime": "2024-03-29 10:42:19", "elapsed": 748.71826, "delta": 4.269255}}
{"target": -56.46036569045273, "params": {"p_ai": 6.602450821890428, "p_al": 3.5093247136966172, "p_ex": 10.0, "prior": 2.0214213684798046, "rate": 10.0}, "datetime": {"datetime": "2024-03-29 10:42:25", "elapsed": 754.476984, "delta": 5.758724}}
{"target": -55.54158330796754, "params": {"p_ai": 5.532134361321425, "p_al": 7.249401652446597, "p_ex": 9.910174547244868, "prior": 3.6015107191338296, "rate": 6.512945523390773}, "datetime": {"datetime": "2024-03-29 10:42:30", "elapsed": 759.907231, "delta": 5.430247}}
{"target": -54.22920252955758, "params": {"p_ai": 9.57743438740476, "p_al": 0.7127319179390833, "p_ex": 5.227564401384937, "prior": 1.0829637727094432, "rate": 1.2216312131055027}, "datetime": {"datetime": "2024-03-29 10:42:35", "elapsed": 764.714176, "delta": 4.806945}}
{"target": -50.89163781230026, "params": {"p_ai": 7.569773720602199, "p_al": 10.0, "p_ex": 5.8921429933510385, "prior": 3.918474502265963, "rate": 10.0}, "datetime": {"datetime": "2024-03-29 10:42:39", "elapsed": 768.433767, "delta": 3.719591}}
{"target": -53.635303817432494, "params": {"p_ai": 6.444481867231308, "p_al": 10.0, "p_ex": 9.092934458068333, "prior": 3.919683108809159, "rate": 7.677847809700502}, "datetime": {"datetime": "2024-03-29 10:42:46", "elapsed": 775.611066, "delta": 7.177299}}
{"target": -57.568837054640056, "params": {"p_ai": 7.878757607137546, "p_al": 2.3988563399987384, "p_ex": 3.80892259632126, "prior": 7.654892482167411, "rate": 7.933903770792139}, "datetime": {"datetime": "2024-03-29 10:42:50", "elapsed": 779.362186, "delta": 3.75112}}
{"target": -56.98947999451347, "params": {"p_ai": 9.413250456221117, "p_al": 0.06662153930084785, "p_ex": 9.993415901711721, "prior": 10.0, "rate": 7.106175174530359}, "datetime": {"datetime": "2024-03-29 10:42:54", "elapsed": 783.476048, "delta": 4.113862}}
{"target": -56.29608009502864, "params": {"p_ai": 9.198081325011431, "p_al": 0.1844284149551165, "p_ex": 9.77363274671294, "prior": 6.192080790296519, "rate": 7.259032967985119}, "datetime": {"datetime": "2024-03-29 10:42:58", "elapsed": 787.183168, "delta": 3.70712}}
{"target": -57.65273747251499, "params": {"p_ai": 10.0, "p_al": 10.0, "p_ex": 6.788482390359586, "prior": 10.0, "rate": 6.541504285040806}, "datetime": {"datetime": "2024-03-29 10:43:02", "elapsed": 791.32936, "delta": 4.146192}}
{"target": -58.2281366775596, "params": {"p_ai": 8.994557534666445, "p_al": 8.999117691932106, "p_ex": 10.0, "prior": 6.712186813479737, "rate": 4.503289480597072}, "datetime": {"datetime": "2024-03-29 10:43:05", "elapsed": 795.033845, "delta": 3.704485}}
{"target": -59.85525410082991, "params": {"p_ai": 9.432853436286917, "p_al": 8.521413785832898, "p_ex": 9.872030416212484, "prior": 3.9178466062913513, "rate": 3.0134937869321976}, "datetime": {"datetime": "2024-03-29 10:43:11", "elapsed": 800.571911, "delta": 5.538066}}
{"target": -56.7048567717663, "params": {"p_ai": 10.0, "p_al": 2.9480083392546894, "p_ex": 10.0, "prior": 3.1939190918481715, "rate": 8.668554858160066}, "datetime": {"datetime": "2024-03-29 10:43:17", "elapsed": 806.377072, "delta": 5.805161}}
{"target": -57.49669264977491, "params": {"p_ai": 7.501650156197514, "p_al": 0.001, "p_ex": 7.68837090936004, "prior": 7.538727276765589, "rate": 3.498953004838906}, "datetime": {"datetime": "2024-03-29 10:43:21", "elapsed": 810.350836, "delta": 3.973764}}
{"target": -54.145983054391515, "params": {"p_ai": 7.315401653245949, "p_al": 2.741176364219711, "p_ex": 8.198806403631432, "prior": 10.0, "rate": 10.0}, "datetime": {"datetime": "2024-03-29 10:43:25", "elapsed": 814.327416, "delta": 3.97658}}
{"target": -51.60123962529783, "params": {"p_ai": 5.6431601535025, "p_al": 3.9300290684839188, "p_ex": 8.197007869186727, "prior": 1.4881195811296613, "rate": 6.709528916964361}, "datetime": {"datetime": "2024-03-29 10:43:29", "elapsed": 818.525069, "delta": 4.197653}}
{"target": -51.838964620997906, "params": {"p_ai": 5.86799073608043, "p_al": 5.981697730062725, "p_ex": 6.728344589387036, "prior": 0.9876557730828944, "rate": 4.482092754486391}, "datetime": {"datetime": "2024-03-29 10:43:33", "elapsed": 822.344687, "delta": 3.819618}}
{"target": -53.480632818817824, "params": {"p_ai": 9.84302093162793, "p_al": 3.4184966335395472, "p_ex": 6.6634170704130975, "prior": 10.0, "rate": 10.0}, "datetime": {"datetime": "2024-03-29 10:43:40", "elapsed": 829.851421, "delta": 7.506734}}
{"target": -55.159031810997604, "params": {"p_ai": 7.4924282921758, "p_al": 10.0, "p_ex": 7.543124427868214, "prior": 10.0, "rate": 8.418000663974418}, "datetime": {"datetime": "2024-03-29 10:43:44", "elapsed": 833.974637, "delta": 4.123216}}
{"target": -57.32967721765875, "params": {"p_ai": 5.7830840639450125, "p_al": 7.654523387747729, "p_ex": 10.0, "prior": 8.871050602064276, "rate": 8.74767484002787}, "datetime": {"datetime": "2024-03-29 10:43:48", "elapsed": 837.79645, "delta": 3.821813}}
{"target": -56.046366714218884, "params": {"p_ai": 6.797394147410859, "p_al": 0.001, "p_ex": 8.17601560104335, "prior": 0.16394207089344714, "rate": 10.0}, "datetime": {"datetime": "2024-03-29 10:43:54", "elapsed": 844.091824, "delta": 6.295374}}
{"target": -53.23912796516932, "params": {"p_ai": 6.405661197452953, "p_al": 0.001, "p_ex": 7.914378548076097, "prior": 1.0400719567139152, "rate": 6.155039252601418}, "datetime": {"datetime": "2024-03-29 10:44:00", "elapsed": 849.93583, "delta": 5.844006}}
{"target": -60.450908380274704, "params": {"p_ai": 8.394943455538144, "p_al": 6.207230867216423, "p_ex": 5.067637021278368, "prior": 10.0, "rate": 5.479537395516152}, "datetime": {"datetime": "2024-03-29 10:44:04", "elapsed": 853.780506, "delta": 3.844676}}
{"target": -59.00393162619131, "params": {"p_ai": 5.78934457185217, "p_al": 3.595404468777921, "p_ex": 10.0, "prior": 7.116327276970537, "rate": 4.7605112140698065}, "datetime": {"datetime": "2024-03-29 10:44:09", "elapsed": 858.4812, "delta": 4.700694}}
{"target": -57.005066038062914, "params": {"p_ai": 10.0, "p_al": 0.001, "p_ex": 5.852754259706674, "prior": 6.950839013810087, "rate": 3.9140833431784543}, "datetime": {"datetime": "2024-03-29 10:44:16", "elapsed": 865.699665, "delta": 7.218465}}
{"target": -54.51531304003786, "params": {"p_ai": 5.393397751835228, "p_al": 0.001, "p_ex": 6.680469432941774, "prior": 1.9962696317687099, "rate": 2.2295116214075223}, "datetime": {"datetime": "2024-03-29 10:44:20", "elapsed": 869.588228, "delta": 3.888563}}
{"target": -52.351359767030196, "params": {"p_ai": 7.958134092482112, "p_al": 5.528021976222989, "p_ex": 5.215511427993529, "prior": 5.0196882625244434, "rate": 8.179929564598156}, "datetime": {"datetime": "2024-03-29 10:44:24", "elapsed": 873.230407, "delta": 3.642179}}
