{"target": -115.86247552800911, "params": {"gamma": 2.256679402319826, "prior": 5.865466653539311, "rate": 1.9687761081154973}, "datetime": {"datetime": "2024-04-12 15:14:53", "elapsed": 4654.688988, "delta": 7.359706}}
{"target": -115.85686674491481, "params": {"gamma": 2.1750176229784723, "prior": 9.879110969184726, "rate": 3.38353685983713}, "datetime": {"datetime": "2024-04-12 15:15:04", "elapsed": 4666.343125, "delta": 11.654137}}
{"target": -115.85706292562824, "params": {"gamma": 2.237671717252396, "prior": 9.7496784525043, "rate": 3.338736900113719}, "datetime": {"datetime": "2024-04-12 15:15:13", "elapsed": 4674.87995, "delta": 8.536825}}
{"target": -115.85557940381317, "params": {"gamma": 2.2021167789228677, "prior": 2.522400295449678, "rate": 0.874433954413203}, "datetime": {"datetime": "2024-04-12 15:15:19", "elapsed": 4681.013872, "delta": 6.133922}}
{"target": -115.85440135272894, "params": {"gamma": 2.2079857839902313, "prior": 6.102057685333963, "rate": 2.1063076955764983}, "datetime": {"datetime": "2024-04-12 15:15:31", "elapsed": 4692.898128, "delta": 11.884256}}
{"target": -115.86742762157269, "params": {"gamma": 2.1509097032521303, "prior": 4.884473402695872, "rate": 1.6184802721303049}, "datetime": {"datetime": "2024-04-12 15:15:45", "elapsed": 4706.798623, "delta": 13.900495}}
{"target": -115.85729693652516, "params": {"gamma": 2.234136508064407, "prior": 3.616611082380755, "rate": 1.1962739241155413}, "datetime": {"datetime": "2024-04-12 15:15:59", "elapsed": 4720.807701, "delta": 14.009078}}
{"target": -115.86301776005406, "params": {"gamma": 2.1785562758470185, "prior": 3.5261314833483435, "rate": 1.2379000203672623}, "datetime": {"datetime": "2024-04-12 15:16:12", "elapsed": 4733.87149, "delta": 13.063789}}
{"target": -115.86490132336279, "params": {"gamma": 2.2246539113259063, "prior": 10.0, "rate": 3.5317531330464034}, "datetime": {"datetime": "2024-04-12 15:16:21", "elapsed": 4743.245382, "delta": 9.373892}}
{"target": -115.85949578490894, "params": {"gamma": 2.165684728782262, "prior": 6.861402391297157, "rate": 2.3461183368648975}, "datetime": {"datetime": "2024-04-12 15:16:39", "elapsed": 4761.057291, "delta": 17.811909}}
{"target": -115.8587962812385, "params": {"gamma": 2.178488915372095, "prior": 3.4739534695300636, "rate": 1.1446932955081999}, "datetime": {"datetime": "2024-04-12 15:16:49", "elapsed": 4771.041112, "delta": 9.983821}}
{"target": -115.86201003041357, "params": {"gamma": 2.195840948558081, "prior": 4.148306989130477, "rate": 1.3444536663149136}, "datetime": {"datetime": "2024-04-12 15:17:04", "elapsed": 4785.700962, "delta": 14.65985}}
{"target": -115.86281095060562, "params": {"gamma": 2.257728029082079, "prior": 4.511139770301999, "rate": 1.5246197761155866}, "datetime": {"datetime": "2024-04-12 15:17:12", "elapsed": 4793.8387, "delta": 8.137738}}
{"target": -115.86751036469893, "params": {"gamma": 2.2189250150492943, "prior": 2.1283858024012017, "rate": 0.7563932956623522}, "datetime": {"datetime": "2024-04-12 15:17:27", "elapsed": 4809.269631, "delta": 15.430931}}
{"target": -115.8539504351726, "params": {"gamma": 2.2200280318455876, "prior": 7.615916466843115, "rate": 2.530973594163387}, "datetime": {"datetime": "2024-04-12 15:17:38", "elapsed": 4820.163938, "delta": 10.894307}}
{"target": -115.85292624968558, "params": {"gamma": 2.2129596543121686, "prior": 6.189994085727256, "rate": 2.1188855781657314}, "datetime": {"datetime": "2024-04-12 15:17:55", "elapsed": 4837.472113, "delta": 17.308175}}
{"target": -115.8700385236657, "params": {"gamma": 2.2149690141086817, "prior": 2.7557781887065187, "rate": 0.8795905063216006}, "datetime": {"datetime": "2024-04-12 15:18:07", "elapsed": 4849.610276, "delta": 12.138163}}
{"target": -115.85174273311698, "params": {"gamma": 2.2061230232594293, "prior": 8.432362307018767, "rate": 2.843353434829255}, "datetime": {"datetime": "2024-04-12 15:18:14", "elapsed": 4856.445835, "delta": 6.835559}}
{"target": -115.87570437158675, "params": {"gamma": 2.1323713641192508, "prior": 6.10571683228656, "rate": 2.0504281020076167}, "datetime": {"datetime": "2024-04-12 15:18:26", "elapsed": 4868.05236, "delta": 11.606525}}
{"target": -115.85713338344725, "params": {"gamma": 2.1871727464547743, "prior": 8.343474278111458, "rate": 2.747724865707884}, "datetime": {"datetime": "2024-04-12 15:18:36", "elapsed": 4878.271479, "delta": 10.219119}}
{"target": -115.85629517176889, "params": {"gamma": 2.207333568956188, "prior": 6.274111608454717, "rate": 2.060090478074672}, "datetime": {"datetime": "2024-04-12 15:18:52", "elapsed": 4894.456838, "delta": 16.185359}}
{"target": -115.87263946370811, "params": {"gamma": 2.1712853785322697, "prior": 9.071750210371299, "rate": 2.909088892857344}, "datetime": {"datetime": "2024-04-12 15:19:03", "elapsed": 4905.273328, "delta": 10.81649}}
{"target": -115.85525872552118, "params": {"gamma": 2.2354197822862623, "prior": 8.91913022223359, "rate": 3.007197356138226}, "datetime": {"datetime": "2024-04-12 15:19:20", "elapsed": 4921.814784, "delta": 16.541456}}
{"target": -115.86382272152477, "params": {"gamma": 2.253666066215477, "prior": 5.139104558556386, "rate": 1.6964383921229667}, "datetime": {"datetime": "2024-04-12 15:19:28", "elapsed": 4930.148044, "delta": 8.33326}}
{"target": -115.86589249749498, "params": {"gamma": 2.1550579265698326, "prior": 3.741753525931331, "rate": 1.2377779261404576}, "datetime": {"datetime": "2024-04-12 15:19:42", "elapsed": 4944.080635, "delta": 13.932591}}
{"target": -115.85175666682365, "params": {"gamma": 2.20936262283941, "prior": 7.623412099964724, "rate": 2.5740868975142295}, "datetime": {"datetime": "2024-04-12 15:19:56", "elapsed": 4958.090014, "delta": 14.009379}}
{"target": -115.86099677690437, "params": {"gamma": 2.2469296357761563, "prior": 8.501669880224417, "rate": 2.8108588160556143}, "datetime": {"datetime": "2024-04-12 15:20:06", "elapsed": 4968.372668, "delta": 10.282654}}
{"target": -115.85627544060972, "params": {"gamma": 2.2381610539677856, "prior": 9.540478721706389, "rate": 3.2437711762910317}, "datetime": {"datetime": "2024-04-12 15:20:20", "elapsed": 4982.149637, "delta": 13.776969}}
{"target": -115.8602161494553, "params": {"gamma": 2.168348047845562, "prior": 8.464386719110518, "rate": 2.921260788492423}, "datetime": {"datetime": "2024-04-12 15:20:41", "elapsed": 5003.167453, "delta": 21.017816}}
{"target": -115.8667608509432, "params": {"gamma": 2.1630784158639043, "prior": 1.9402270931422925, "rate": 0.6799767175930217}, "datetime": {"datetime": "2024-04-12 15:20:55", "elapsed": 5017.32614, "delta": 14.158687}}
{"target": -115.8590397216989, "params": {"gamma": 2.245686601684695, "prior": 2.4141195127837554, "rate": 0.8047977692226933}, "datetime": {"datetime": "2024-04-12 15:21:10", "elapsed": 5032.384138, "delta": 15.057998}}
{"target": -115.85901814038152, "params": {"gamma": 2.231565970945942, "prior": 4.716643716319964, "rate": 1.5474546650988934}, "datetime": {"datetime": "2024-04-12 15:21:18", "elapsed": 5039.882105, "delta": 7.497967}}
{"target": -115.8551109707592, "params": {"gamma": 2.1942517280781892, "prior": 9.400906862724849, "rate": 3.247724405645963}, "datetime": {"datetime": "2024-04-12 15:21:30", "elapsed": 5051.778863, "delta": 11.896758}}
{"target": -115.862920611765, "params": {"gamma": 2.2037563266135036, "prior": 7.687581039964565, "rate": 2.714367983090533}, "datetime": {"datetime": "2024-04-12 15:21:40", "elapsed": 5062.00527, "delta": 10.226407}}
{"target": -115.85394539390995, "params": {"gamma": 2.183836611977412, "prior": 3.9213147667598616, "rate": 1.3285046804860028}, "datetime": {"datetime": "2024-04-12 15:21:56", "elapsed": 5078.552106, "delta": 16.546836}}
{"target": -115.85447110263655, "params": {"gamma": 2.222941635635605, "prior": 7.079159304578966, "rate": 2.350498701978241}, "datetime": {"datetime": "2024-04-12 15:22:11", "elapsed": 5092.759298, "delta": 14.207192}}
{"target": -115.86038470803959, "params": {"gamma": 2.2426202069064343, "prior": 9.274075019161527, "rate": 3.2029289921544453}, "datetime": {"datetime": "2024-04-12 15:22:18", "elapsed": 5099.798759, "delta": 7.039461}}
{"target": -115.85692235704087, "params": {"gamma": 2.190966986923001, "prior": 6.637905605268523, "rate": 2.18323021249903}, "datetime": {"datetime": "2024-04-12 15:22:32", "elapsed": 5113.728082, "delta": 13.929323}}
{"target": -115.86380703281803, "params": {"gamma": 2.2281563860340534, "prior": 9.845804466524656, "rate": 3.1868771798378677}, "datetime": {"datetime": "2024-04-12 15:22:41", "elapsed": 5122.970835, "delta": 9.242753}}
{"target": -115.86248241411313, "params": {"gamma": 2.221917118990309, "prior": 8.33354051815581, "rate": 2.9316780508589195}, "datetime": {"datetime": "2024-04-12 15:22:55", "elapsed": 5136.972104, "delta": 14.001269}}
{"target": -115.85959361243071, "params": {"gamma": 2.1743997317620947, "prior": 8.685338238262377, "rate": 3.0110397430233524}, "datetime": {"datetime": "2024-04-12 15:23:11", "elapsed": 5152.661902, "delta": 15.689798}}
{"target": -115.86350271343109, "params": {"gamma": 2.2539412448878595, "prior": 6.950631974264852, "rate": 2.298513195398188}, "datetime": {"datetime": "2024-04-12 15:23:26", "elapsed": 5167.774218, "delta": 15.112316}}
{"target": -115.85851822305487, "params": {"gamma": 2.168674993341543, "prior": 5.904234492443184, "rate": 2.0191154071374315}, "datetime": {"datetime": "2024-04-12 15:23:38", "elapsed": 5179.963615, "delta": 12.189397}}
{"target": -115.86004076752212, "params": {"gamma": 2.16262056444868, "prior": 3.204502533716608, "rate": 1.0880954400296408}, "datetime": {"datetime": "2024-04-12 15:23:50", "elapsed": 5192.251079, "delta": 12.287464}}
{"target": -115.86728662104355, "params": {"gamma": 2.191236731298587, "prior": 6.562796171509472, "rate": 2.3331128375265595}, "datetime": {"datetime": "2024-04-12 15:24:13", "elapsed": 5214.748014, "delta": 22.496935}}
{"target": -115.85871495943697, "params": {"gamma": 2.1694627471398538, "prior": 4.7316313781439465, "rate": 1.5778177987373063}, "datetime": {"datetime": "2024-04-12 15:24:23", "elapsed": 5225.568352, "delta": 10.820338}}
{"target": -115.85497719938701, "params": {"gamma": 2.22612870554825, "prior": 3.3094023275467825, "rate": 1.0986119270638635}, "datetime": {"datetime": "2024-04-12 15:24:33", "elapsed": 5234.976383, "delta": 9.408031}}
{"target": -115.85301099948525, "params": {"gamma": 2.2229079727959307, "prior": 4.262550865821645, "rate": 1.4317994613380702}, "datetime": {"datetime": "2024-04-12 15:24:44", "elapsed": 5246.311426, "delta": 11.335043}}
{"target": -115.86262846570001, "params": {"gamma": 2.235663084845061, "prior": 3.0604954462306906, "rate": 1.0701541371394194}, "datetime": {"datetime": "2024-04-12 15:24:54", "elapsed": 5256.261044, "delta": 9.949618}}
{"target": -115.86450752962756, "params": {"gamma": 2.193128960836128, "prior": 10.0, "rate": 3.2265227525300113}, "datetime": {"datetime": "2024-04-12 15:25:06", "elapsed": 5268.105862, "delta": 11.844818}}
{"target": -115.85589171769067, "params": {"gamma": 2.187617987352618, "prior": 8.658262221881792, "rate": 2.863872254518764}, "datetime": {"datetime": "2024-04-12 15:25:15", "elapsed": 5277.275032, "delta": 9.16917}}
{"target": -115.85260834745159, "params": {"gamma": 2.2190462398139315, "prior": 9.08712923077205, "rate": 3.0494902839167457}, "datetime": {"datetime": "2024-04-12 15:25:29", "elapsed": 5291.642734, "delta": 14.367702}}
{"target": -115.85877673549528, "params": {"gamma": 2.24189829557722, "prior": 6.713969682531165, "rate": 2.305313117136883}, "datetime": {"datetime": "2024-04-12 15:25:43", "elapsed": 5305.532952, "delta": 13.890218}}
{"target": -115.86790936110023, "params": {"gamma": 2.2257851829172255, "prior": 8.833813648051601, "rate": 2.8349996704815617}, "datetime": {"datetime": "2024-04-12 15:25:59", "elapsed": 5320.720983, "delta": 15.188031}}
{"target": -115.867990779113, "params": {"gamma": 2.145245377862061, "prior": 6.4631778459282705, "rate": 2.2003597109568034}, "datetime": {"datetime": "2024-04-12 15:26:13", "elapsed": 5335.174008, "delta": 14.453025}}
{"target": -115.86599992668123, "params": {"gamma": 2.151010491363773, "prior": 2.209985745653023, "rate": 0.7375421308627164}, "datetime": {"datetime": "2024-04-12 15:26:25", "elapsed": 5347.620227, "delta": 12.446219}}
{"target": -115.86835159516545, "params": {"gamma": 2.1821637095450077, "prior": 5.568717394028322, "rate": 1.7901693529091225}, "datetime": {"datetime": "2024-04-12 15:26:38", "elapsed": 5360.158983, "delta": 12.538756}}
{"target": -115.8528129047488, "params": {"gamma": 2.192366332693713, "prior": 8.246111480369365, "rate": 2.76908426758213}, "datetime": {"datetime": "2024-04-12 15:26:46", "elapsed": 5368.019968, "delta": 7.860985}}
{"target": -115.85923350362404, "params": {"gamma": 2.23572020205058, "prior": 4.941424939058181, "rate": 1.6248703549892316}, "datetime": {"datetime": "2024-04-12 15:26:57", "elapsed": 5379.325325, "delta": 11.305357}}
{"target": -115.85173141535226, "params": {"gamma": 2.2053800728609234, "prior": 9.740494823362408, "rate": 3.2880762168487156}, "datetime": {"datetime": "2024-04-12 15:27:07", "elapsed": 5388.874092, "delta": 9.548767}}
{"target": -115.8548479211983, "params": {"gamma": 2.180969109850759, "prior": 7.512377087843837, "rate": 2.559717710689905}, "datetime": {"datetime": "2024-04-12 15:27:16", "elapsed": 5397.799184, "delta": 8.925092}}
{"target": -115.8583084407221, "params": {"gamma": 2.239589797180833, "prior": 8.569971971023406, "rate": 2.83922626131599}, "datetime": {"datetime": "2024-04-12 15:27:27", "elapsed": 5409.612007, "delta": 11.812823}}
{"target": -115.85206901899437, "params": {"gamma": 2.2125709650379113, "prior": 7.850635721105583, "rate": 2.6670367379749274}, "datetime": {"datetime": "2024-04-12 15:27:35", "elapsed": 5416.881007, "delta": 7.269}}
{"target": -115.8720248735082, "params": {"gamma": 2.250341537665145, "prior": 3.7689642005447994, "rate": 1.330587339780061}, "datetime": {"datetime": "2024-04-12 15:27:47", "elapsed": 5428.957166, "delta": 12.076159}}
{"target": -115.86224825717447, "params": {"gamma": 2.1624233485826334, "prior": 9.016233521164628, "rate": 3.1116651079590927}, "datetime": {"datetime": "2024-04-12 15:27:55", "elapsed": 5436.788945, "delta": 7.831779}}
{"target": -115.85452727840622, "params": {"gamma": 2.181139277612734, "prior": 10.0, "rate": 3.3914510319297726}, "datetime": {"datetime": "2024-04-12 15:28:07", "elapsed": 5448.722002, "delta": 11.933057}}
{"target": -115.85485659575424, "params": {"gamma": 2.205078115400537, "prior": 2.686726192480756, "rate": 0.9291459789343767}, "datetime": {"datetime": "2024-04-12 15:28:15", "elapsed": 5457.018607, "delta": 8.296605}}
{"target": -115.86292751305476, "params": {"gamma": 2.1798445829181943, "prior": 4.734542937097979, "rate": 1.6628523487633522}, "datetime": {"datetime": "2024-04-12 15:28:25", "elapsed": 5466.847358, "delta": 9.828751}}
{"target": -115.85729342044655, "params": {"gamma": 2.2385252115297067, "prior": 5.426288165241183, "rate": 1.858184618808845}, "datetime": {"datetime": "2024-04-12 15:28:36", "elapsed": 5478.142875, "delta": 11.295517}}
{"target": -115.8643978697023, "params": {"gamma": 2.155326638737629, "prior": 9.560926655959863, "rate": 3.183178637314033}, "datetime": {"datetime": "2024-04-12 15:28:45", "elapsed": 5487.397409, "delta": 9.254534}}
{"target": -115.86068539761925, "params": {"gamma": 2.218720752383634, "prior": 6.1959481433873105, "rate": 2.013693392506034}, "datetime": {"datetime": "2024-04-12 15:28:56", "elapsed": 5498.087357, "delta": 10.689948}}
{"target": -115.87400234305585, "params": {"gamma": 2.2638075593621454, "prior": 7.3752554798985726, "rate": 2.582559382021584}, "datetime": {"datetime": "2024-04-12 15:29:08", "elapsed": 5510.382214, "delta": 12.294857}}
{"target": -115.85606517635435, "params": {"gamma": 2.1753105168517686, "prior": 2.9482504867443318, "rate": 1.0026860963862037}, "datetime": {"datetime": "2024-04-12 15:29:14", "elapsed": 5516.025603, "delta": 5.643389}}
{"target": -115.86437400476149, "params": {"gamma": 2.2365130319959627, "prior": 4.072345651198723, "rate": 1.3214892344081128}, "datetime": {"datetime": "2024-04-12 15:29:20", "elapsed": 5522.014845, "delta": 5.989242}}
{"target": -115.85744768854718, "params": {"gamma": 2.2433160316191323, "prior": 2.659079726422336, "rate": 0.8981000811477629}, "datetime": {"datetime": "2024-04-12 15:29:35", "elapsed": 5537.420591, "delta": 15.405746}}
{"target": -115.87175081114204, "params": {"gamma": 2.200643188685108, "prior": 7.889348159560624, "rate": 2.827162558165177}, "datetime": {"datetime": "2024-04-12 15:29:44", "elapsed": 5546.617942, "delta": 9.197351}}
{"target": -115.85854654585162, "params": {"gamma": 2.2049429892889583, "prior": 2.2862793963367594, "rate": 0.7994868096884097}, "datetime": {"datetime": "2024-04-12 15:30:00", "elapsed": 5562.505298, "delta": 15.887356}}
{"target": -115.87715052429618, "params": {"gamma": 2.1861345667300798, "prior": 4.478388725867111, "rate": 1.614585878687067}, "datetime": {"datetime": "2024-04-12 15:30:16", "elapsed": 5578.51498, "delta": 16.009682}}
{"target": -115.85284851596491, "params": {"gamma": 2.2221122683249694, "prior": 8.16684213664339, "rate": 2.746140447910272}, "datetime": {"datetime": "2024-04-12 15:30:29", "elapsed": 5591.215425, "delta": 12.700445}}
{"target": -115.85630953970154, "params": {"gamma": 2.2388321217573672, "prior": 2.864895167152477, "rate": 0.9721412930515694}, "datetime": {"datetime": "2024-04-12 15:30:48", "elapsed": 5610.63654, "delta": 19.421115}}
{"target": -115.85694964547288, "params": {"gamma": 2.2380345226172245, "prior": 4.861266437448259, "rate": 1.662557458090975}, "datetime": {"datetime": "2024-04-12 15:31:04", "elapsed": 5626.130355, "delta": 15.493815}}
{"target": -115.86246997145324, "params": {"gamma": 2.2544897018905847, "prior": 9.433279490556318, "rate": 3.1397890132797897}, "datetime": {"datetime": "2024-04-12 15:31:15", "elapsed": 5636.958701, "delta": 10.828346}}
{"target": -115.86960202480995, "params": {"gamma": 2.2122013773666236, "prior": 5.973752330467126, "rate": 1.9076073293917657}, "datetime": {"datetime": "2024-04-12 15:31:28", "elapsed": 5650.567037, "delta": 13.608336}}
{"target": -115.85529623334895, "params": {"gamma": 2.2226243004123374, "prior": 4.514322091828644, "rate": 1.4928496490186847}, "datetime": {"datetime": "2024-04-12 15:31:45", "elapsed": 5666.990014, "delta": 16.422977}}
{"target": -115.8625473817348, "params": {"gamma": 2.1565173636588675, "prior": 6.73196151627037, "rate": 2.267275898995065}, "datetime": {"datetime": "2024-04-12 15:31:51", "elapsed": 5673.450433, "delta": 6.460419}}
{"target": -115.85995754008479, "params": {"gamma": 2.16414939684039, "prior": 9.257254596937933, "rate": 3.1631646563913622}, "datetime": {"datetime": "2024-04-12 15:32:05", "elapsed": 5687.578438, "delta": 14.128005}}
{"target": -115.85186411595336, "params": {"gamma": 2.2097364851651733, "prior": 5.7051916400448714, "rate": 1.9351730902131252}, "datetime": {"datetime": "2024-04-12 15:32:18", "elapsed": 5700.044173, "delta": 12.465735}}
{"target": -115.85754429362946, "params": {"gamma": 2.1949627616881893, "prior": 5.7417712776146, "rate": 1.8819847449927958}, "datetime": {"datetime": "2024-04-12 15:32:30", "elapsed": 5712.348927, "delta": 12.304754}}
{"target": -115.86311401944116, "params": {"gamma": 2.2117565413534157, "prior": 7.15835535352148, "rate": 2.527137152637828}, "datetime": {"datetime": "2024-04-12 15:32:40", "elapsed": 5722.304396, "delta": 9.955469}}
{"target": -115.85726726632537, "params": {"gamma": 2.1799665699435185, "prior": 5.2617831694336035, "rate": 1.7415847237880346}, "datetime": {"datetime": "2024-04-12 15:32:52", "elapsed": 5733.973438, "delta": 11.669042}}
{"target": -115.85848328303035, "params": {"gamma": 2.175426653706814, "prior": 5.574990780103628, "rate": 1.926521867258449}, "datetime": {"datetime": "2024-04-12 15:33:05", "elapsed": 5747.291012, "delta": 13.317574}}
{"target": -115.86115307648073, "params": {"gamma": 2.2267853789236183, "prior": 5.684531005592909, "rate": 1.9902319749100599}, "datetime": {"datetime": "2024-04-12 15:33:14", "elapsed": 5756.526103, "delta": 9.235091}}
{"target": -115.85588929650554, "params": {"gamma": 2.1775782498561513, "prior": 5.388096868005141, "rate": 1.8407024611955527}, "datetime": {"datetime": "2024-04-12 15:33:29", "elapsed": 5771.348914, "delta": 14.822811}}
{"target": -115.85710778695758, "params": {"gamma": 2.181379589063973, "prior": 1.558410985800011, "rate": 0.515467853261801}, "datetime": {"datetime": "2024-04-12 15:33:38", "elapsed": 5780.324454, "delta": 8.97554}}
{"target": -115.85498893152872, "params": {"gamma": 2.1796706834750252, "prior": 6.939931209680096, "rate": 2.3601117573325165}, "datetime": {"datetime": "2024-04-12 15:33:57", "elapsed": 5798.854341, "delta": 18.529887}}
{"target": -115.86008434876712, "params": {"gamma": 2.175540347677694, "prior": 4.354050899503206, "rate": 1.432170863158166}, "datetime": {"datetime": "2024-04-12 15:34:14", "elapsed": 5815.874949, "delta": 17.020608}}
{"target": -115.86217691070897, "params": {"gamma": 2.1675040321124026, "prior": 8.568297722767847, "rate": 2.82188759419035}, "datetime": {"datetime": "2024-04-12 15:34:26", "elapsed": 5828.099245, "delta": 12.224296}}
{"target": -115.85823517372738, "params": {"gamma": 2.232854346089713, "prior": 8.789122807284405, "rate": 3.041185555328009}, "datetime": {"datetime": "2024-04-12 15:34:41", "elapsed": 5843.566217, "delta": 15.466972}}
{"target": -115.85714156375177, "params": {"gamma": 2.2354161952295146, "prior": 7.92919759010907, "rate": 2.6281625693678476}, "datetime": {"datetime": "2024-04-12 15:34:48", "elapsed": 5849.944198, "delta": 6.377981}}
