{"target": -142.79909790232063, "params": {"gamma": 0.001, "prior": 3.2865889054267257, "rate": 9.131810416665695}, "datetime": {"datetime": "2024-04-08 11:22:55", "elapsed": 2102.486203, "delta": 8.474013}}
{"target": -142.79300861867378, "params": {"gamma": 0.001, "prior": 8.882771529553121, "rate": 2.0831246327154296}, "datetime": {"datetime": "2024-04-08 11:23:03", "elapsed": 2110.176756, "delta": 7.690553}}
{"target": -142.79901927021524, "params": {"gamma": 0.0011924648696105048, "prior": 2.6887108839447627, "rate": 3.700784647251198}, "datetime": {"datetime": "2024-04-08 11:23:09", "elapsed": 2116.851388, "delta": 6.674632}}
{"target": -142.79664428616502, "params": {"gamma": 0.001, "prior": 7.189406976410817, "rate": 7.805375867732925}, "datetime": {"datetime": "2024-04-08 11:23:15", "elapsed": 2122.666585, "delta": 5.815197}}
{"target": -142.84215566470368, "params": {"gamma": 0.006100962283136912, "prior": 4.904473306078354, "rate": 6.109865045529491}, "datetime": {"datetime": "2024-04-08 11:23:22", "elapsed": 2129.376242, "delta": 6.709657}}
{"target": -142.97602011039083, "params": {"gamma": 0.015228585683116875, "prior": 2.121382771293939, "rate": 9.05244468031185}, "datetime": {"datetime": "2024-04-08 11:23:27", "elapsed": 2134.446501, "delta": 5.070259}}
{"target": -142.796049740347, "params": {"gamma": 0.001, "prior": 6.475902890058405, "rate": 5.64036824700079}, "datetime": {"datetime": "2024-04-08 11:23:37", "elapsed": 2144.25899, "delta": 9.812489}}
{"target": -142.95421849791225, "params": {"gamma": 0.012887831015647368, "prior": 0.7466226058849459, "rate": 4.346938588739524}, "datetime": {"datetime": "2024-04-08 11:23:42", "elapsed": 2149.662508, "delta": 5.403518}}
{"target": -142.80270118206147, "params": {"gamma": 0.001, "prior": 0.1, "rate": 4.909124074046297}, "datetime": {"datetime": "2024-04-08 11:23:46", "elapsed": 2153.632506, "delta": 3.969998}}
{"target": -142.82883732833955, "params": {"gamma": 0.0061348157055620715, "prior": 8.230639051887737, "rate": 4.497791878168249}, "datetime": {"datetime": "2024-04-08 11:23:52", "elapsed": 2159.160764, "delta": 5.528258}}
{"target": -142.81891482280008, "params": {"gamma": 0.002976820604348961, "prior": 1.7591229683260996, "rate": 3.8889084229421287}, "datetime": {"datetime": "2024-04-08 11:23:59", "elapsed": 2166.126319, "delta": 6.965555}}
{"target": -142.80410986058072, "params": {"gamma": 0.0016651545509167227, "prior": 2.5148640669467586, "rate": 4.1653788860991545}, "datetime": {"datetime": "2024-04-08 11:24:06", "elapsed": 2173.820225, "delta": 7.693906}}
{"target": -142.79471293314754, "params": {"gamma": 0.0011082980773201867, "prior": 7.9288591923291785, "rate": 3.1535850160073453}, "datetime": {"datetime": "2024-04-08 11:24:13", "elapsed": 2180.106531, "delta": 6.286306}}
{"target": -142.8561198855411, "params": {"gamma": 0.010168890389303801, "prior": 5.052451090756362, "rate": 2.7592786310417443}, "datetime": {"datetime": "2024-04-08 11:24:19", "elapsed": 2186.183398, "delta": 6.076867}}
{"target": -142.82041103130592, "params": {"gamma": 0.007713982316125116, "prior": 6.369704522974335, "rate": 1.048758287391738}, "datetime": {"datetime": "2024-04-08 11:24:24", "elapsed": 2191.27819, "delta": 5.094792}}
{"target": -142.79033384579233, "params": {"gamma": 0.001, "prior": 4.520466478793607, "rate": 0.001}, "datetime": {"datetime": "2024-04-08 11:24:29", "elapsed": 2196.877912, "delta": 5.599722}}
{"target": -142.79571281702744, "params": {"gamma": 0.001, "prior": 9.22061478472079, "rate": 7.075464039881202}, "datetime": {"datetime": "2024-04-08 11:24:39", "elapsed": 2205.968329, "delta": 9.090417}}
{"target": -142.79726652777921, "params": {"gamma": 0.001, "prior": 7.058588048678524, "rate": 9.64120604556166}, "datetime": {"datetime": "2024-04-08 11:24:44", "elapsed": 2211.732221, "delta": 5.763892}}
{"target": -142.8920069892567, "params": {"gamma": 0.009550895187887702, "prior": 3.8483399896410986, "rate": 9.783391607932382}, "datetime": {"datetime": "2024-04-08 11:24:49", "elapsed": 2216.650274, "delta": 4.918053}}
{"target": -142.83610291368456, "params": {"gamma": 0.003360592191617282, "prior": 0.3534284716234092, "rate": 9.353065892022373}, "datetime": {"datetime": "2024-04-08 11:24:53", "elapsed": 2220.741534, "delta": 4.09126}}
{"target": -142.79647007075758, "params": {"gamma": 0.001, "prior": 6.468879121100027, "rate": 6.585712162292764}, "datetime": {"datetime": "2024-04-08 11:25:03", "elapsed": 2230.021169, "delta": 9.279635}}
{"target": -142.79650534824825, "params": {"gamma": 0.001, "prior": 9.69541473395807, "rate": 10.0}, "datetime": {"datetime": "2024-04-08 11:25:10", "elapsed": 2237.872966, "delta": 7.851797}}
{"target": -142.82162225503083, "params": {"gamma": 0.004174415519494082, "prior": 8.280477667551887, "rate": 7.711926232219673}, "datetime": {"datetime": "2024-04-08 11:25:15", "elapsed": 2242.788836, "delta": 4.91587}}
{"target": -142.80583946937773, "params": {"gamma": 0.0017246483756275855, "prior": 0.9506777146109063, "rate": 2.037740519380087}, "datetime": {"datetime": "2024-04-08 11:25:26", "elapsed": 2253.778187, "delta": 10.989351}}
{"target": -142.91589915211236, "params": {"gamma": 0.009093284887431347, "prior": 0.2894213992310396, "rate": 4.168409234272571}, "datetime": {"datetime": "2024-04-08 11:25:30", "elapsed": 2257.03741, "delta": 3.259223}}
{"target": -142.79693653527306, "params": {"gamma": 0.001, "prior": 7.795738466643453, "rate": 9.426320726492065}, "datetime": {"datetime": "2024-04-08 11:25:44", "elapsed": 2271.211849, "delta": 14.174439}}
{"target": -142.79806974282235, "params": {"gamma": 0.00197722336703603, "prior": 4.4382928177908205, "rate": 1.176486608641032}, "datetime": {"datetime": "2024-04-08 11:25:50", "elapsed": 2277.864269, "delta": 6.65242}}
{"target": -142.89129919379016, "params": {"gamma": 0.010523658976897148, "prior": 5.2763932594454666, "rate": 8.900806295880642}, "datetime": {"datetime": "2024-04-08 11:25:57", "elapsed": 2284.89924, "delta": 7.034971}}
{"target": -142.79669612201556, "params": {"gamma": 0.001, "prior": 9.036469004861189, "rate": 10.0}, "datetime": {"datetime": "2024-04-08 11:26:01", "elapsed": 2288.590834, "delta": 3.691594}}
{"target": -142.792663998747, "params": {"gamma": 0.001, "prior": 10.0, "rate": 1.9267290419270429}, "datetime": {"datetime": "2024-04-08 11:26:11", "elapsed": 2298.551197, "delta": 9.960363}}
{"target": -142.7929904648141, "params": {"gamma": 0.001, "prior": 6.922057998844948, "rate": 1.6072886219935971}, "datetime": {"datetime": "2024-04-08 11:26:18", "elapsed": 2305.218109, "delta": 6.666912}}
{"target": -142.81677757182436, "params": {"gamma": 0.003446055297673662, "prior": 5.86807410180359, "rate": 6.090748310786127}, "datetime": {"datetime": "2024-04-08 11:26:25", "elapsed": 2312.410221, "delta": 7.192112}}
{"target": -142.79457689875002, "params": {"gamma": 0.001, "prior": 10.0, "rate": 4.90383379671613}, "datetime": {"datetime": "2024-04-08 11:26:30", "elapsed": 2317.551695, "delta": 5.141474}}
{"target": -142.7955859660118, "params": {"gamma": 0.001, "prior": 7.491560667121149, "rate": 5.478071570401828}, "datetime": {"datetime": "2024-04-08 11:26:34", "elapsed": 2321.578018, "delta": 4.026323}}
{"target": -142.83184186457865, "params": {"gamma": 0.0076547481489339505, "prior": 5.677171352828635, "rate": 2.0915803564584716}, "datetime": {"datetime": "2024-04-08 11:26:39", "elapsed": 2326.90211, "delta": 5.324092}}
{"target": -142.7950143474164, "params": {"gamma": 0.001, "prior": 6.624799221250133, "rate": 3.879114561712503}, "datetime": {"datetime": "2024-04-08 11:26:50", "elapsed": 2337.798664, "delta": 10.896554}}
{"target": -142.918841250331, "params": {"gamma": 0.009881600457691285, "prior": 0.21818612486369587, "rate": 1.6603932601810547}, "datetime": {"datetime": "2024-04-08 11:27:00", "elapsed": 2347.208581, "delta": 9.409917}}
{"target": -142.795917603005, "params": {"gamma": 0.001, "prior": 8.207774342225468, "rate": 6.803777884344219}, "datetime": {"datetime": "2024-04-08 11:27:05", "elapsed": 2352.491336, "delta": 5.282755}}
{"target": -142.7974002284914, "params": {"gamma": 0.001, "prior": 4.036205179755438, "rate": 5.793220272539572}, "datetime": {"datetime": "2024-04-08 11:27:14", "elapsed": 2360.972722, "delta": 8.481386}}
{"target": -142.87991358314616, "params": {"gamma": 0.012994937697983835, "prior": 2.9128006155343282, "rate": 1.8084382438841111}, "datetime": {"datetime": "2024-04-08 11:27:24", "elapsed": 2371.72443, "delta": 10.751708}}
{"target": -142.80736625209985, "params": {"gamma": 0.0019313148302749442, "prior": 5.019660057845496, "rate": 9.56979632572071}, "datetime": {"datetime": "2024-04-08 11:27:32", "elapsed": 2379.684432, "delta": 7.960002}}
{"target": -142.8167903314892, "params": {"gamma": 0.002054676156147511, "prior": 0.5385029833217523, "rate": 9.728356506083312}, "datetime": {"datetime": "2024-04-08 11:27:38", "elapsed": 2385.32776, "delta": 5.643328}}
{"target": -142.85403896248508, "params": {"gamma": 0.006035557495598452, "prior": 1.3484427805642631, "rate": 3.643877129821731}, "datetime": {"datetime": "2024-04-08 11:27:45", "elapsed": 2392.691269, "delta": 7.363509}}
{"target": -142.797757304586, "params": {"gamma": 0.001, "prior": 5.040013927540998, "rate": 8.26650218315996}, "datetime": {"datetime": "2024-04-08 11:28:05", "elapsed": 2412.248799, "delta": 19.55753}}
{"target": -142.80076127783997, "params": {"gamma": 0.0018140623931330161, "prior": 8.65338804994111, "rate": 5.375197803787627}, "datetime": {"datetime": "2024-04-08 11:28:10", "elapsed": 2417.246092, "delta": 4.997293}}
{"target": -142.83764158674285, "params": {"gamma": 0.01119408576300316, "prior": 5.911613629823544, "rate": 1.1086088233789906}, "datetime": {"datetime": "2024-04-08 11:28:15", "elapsed": 2422.223377, "delta": 4.977285}}
{"target": -142.7996311830564, "params": {"gamma": 0.001, "prior": 2.773802447143147, "rate": 9.707051188130782}, "datetime": {"datetime": "2024-04-08 11:28:20", "elapsed": 2427.317273, "delta": 5.093896}}
{"target": -142.9347192646419, "params": {"gamma": 0.011106791316318743, "prior": 1.129345790807274, "rate": 8.159991826460365}, "datetime": {"datetime": "2024-04-08 11:28:26", "elapsed": 2433.214575, "delta": 5.897302}}
{"target": -142.7966924342021, "params": {"gamma": 0.001, "prior": 7.392135886064901, "rate": 8.169222695652513}, "datetime": {"datetime": "2024-04-08 11:28:33", "elapsed": 2439.987478, "delta": 6.772903}}
{"target": -142.79736809708632, "params": {"gamma": 0.0010740359990093758, "prior": 8.445001404174109, "rate": 9.506945981219738}, "datetime": {"datetime": "2024-04-08 11:28:42", "elapsed": 2449.014717, "delta": 9.027239}}
{"target": -142.80086644969163, "params": {"gamma": 0.001, "prior": 0.1, "rate": 0.6593602148275083}, "datetime": {"datetime": "2024-04-08 11:28:49", "elapsed": 2456.009134, "delta": 6.994417}}
{"target": -142.793198062897, "params": {"gamma": 0.001, "prior": 10.0, "rate": 2.5944655342183447}, "datetime": {"datetime": "2024-04-08 11:28:53", "elapsed": 2459.987813, "delta": 3.978679}}
{"target": -142.79033299955051, "params": {"gamma": 0.001, "prior": 5.773716982932023, "rate": 0.001}, "datetime": {"datetime": "2024-04-08 11:29:02", "elapsed": 2468.968711, "delta": 8.980898}}
{"target": -142.82036212136248, "params": {"gamma": 0.004621525665533841, "prior": 5.590468991801497, "rate": 3.5087291213240412}, "datetime": {"datetime": "2024-04-08 11:29:08", "elapsed": 2475.932004, "delta": 6.963293}}
{"target": -142.79501450939216, "params": {"gamma": 0.001, "prior": 9.64056320093771, "rate": 5.6453416550915305}, "datetime": {"datetime": "2024-04-08 11:29:16", "elapsed": 2483.353238, "delta": 7.421234}}
{"target": -142.81264229026897, "params": {"gamma": 0.0026414557210055287, "prior": 5.817974970777029, "rate": 8.612380836572855}, "datetime": {"datetime": "2024-04-08 11:29:26", "elapsed": 2493.062862, "delta": 9.709624}}
{"target": -142.84935638514062, "params": {"gamma": 0.008684574181054084, "prior": 9.742369026960278, "rate": 6.173029150988065}, "datetime": {"datetime": "2024-04-08 11:29:31", "elapsed": 2497.994891, "delta": 4.932029}}
{"target": -142.8439559391936, "params": {"gamma": 0.007019020361479522, "prior": 9.439827139744049, "rate": 8.442351830462194}, "datetime": {"datetime": "2024-04-08 11:29:39", "elapsed": 2506.046832, "delta": 8.051941}}
{"target": -142.79384399077955, "params": {"gamma": 0.001, "prior": 6.526930867680035, "rate": 2.3247171665691795}, "datetime": {"datetime": "2024-04-08 11:29:46", "elapsed": 2513.075903, "delta": 7.029071}}
{"target": -142.79374657064557, "params": {"gamma": 0.001, "prior": 7.693905737578273, "rate": 2.6184451339331787}, "datetime": {"datetime": "2024-04-08 11:29:55", "elapsed": 2522.851911, "delta": 9.776008}}
{"target": -142.8021000412599, "params": {"gamma": 0.003977928076056738, "prior": 8.610237155721647, "rate": 0.8707172619735739}, "datetime": {"datetime": "2024-04-08 11:30:01", "elapsed": 2528.128183, "delta": 5.276272}}
{"target": -142.8043610636792, "params": {"gamma": 0.0011181321416026957, "prior": 0.19118289042753164, "rate": 8.417264453670603}, "datetime": {"datetime": "2024-04-08 11:30:13", "elapsed": 2540.097222, "delta": 11.969039}}
{"target": -142.79033235270396, "params": {"gamma": 0.001, "prior": 7.325811899511069, "rate": 0.001}, "datetime": {"datetime": "2024-04-08 11:30:20", "elapsed": 2547.880836, "delta": 7.783614}}
{"target": -142.7938340698059, "params": {"gamma": 0.001, "prior": 3.6183813498480397, "rate": 1.2828517637099992}, "datetime": {"datetime": "2024-04-08 11:30:35", "elapsed": 2562.294419, "delta": 14.413583}}
{"target": -142.81711574978337, "params": {"gamma": 0.0026756286806060422, "prior": 2.99200350568157, "rate": 8.058304414383349}, "datetime": {"datetime": "2024-04-08 11:30:40", "elapsed": 2567.441805, "delta": 5.147386}}
{"target": -142.79676113388416, "params": {"gamma": 0.001, "prior": 6.341557283626411, "rate": 7.18793971377982}, "datetime": {"datetime": "2024-04-08 11:30:46", "elapsed": 2573.008949, "delta": 5.567144}}
{"target": -142.79743651168445, "params": {"gamma": 0.0012975891986269973, "prior": 4.860048363090869, "rate": 3.233651971873925}, "datetime": {"datetime": "2024-04-08 11:30:53", "elapsed": 2580.48725, "delta": 7.478301}}
{"target": -142.9133821948679, "params": {"gamma": 0.011996084305539615, "prior": 3.0208024723819733, "rate": 6.329641263450398}, "datetime": {"datetime": "2024-04-08 11:31:01", "elapsed": 2588.121001, "delta": 7.633751}}
{"target": -142.81956534573843, "params": {"gamma": 0.0036420211892580923, "prior": 3.120714923066292, "rate": 3.6354572113831467}, "datetime": {"datetime": "2024-04-08 11:31:06", "elapsed": 2593.493161, "delta": 5.37216}}
{"target": -142.82144757678122, "params": {"gamma": 0.0033255355093202194, "prior": 4.108177902271182, "rate": 8.00478514602183}, "datetime": {"datetime": "2024-04-08 11:31:10", "elapsed": 2597.630452, "delta": 4.137291}}
{"target": -142.86630073614737, "params": {"gamma": 0.008841062739248128, "prior": 3.5235169982523615, "rate": 4.27908666040305}, "datetime": {"datetime": "2024-04-08 11:31:20", "elapsed": 2607.508781, "delta": 9.878329}}
{"target": -142.79668570310872, "params": {"gamma": 0.001, "prior": 8.17449374852962, "rate": 9.011434623673164}, "datetime": {"datetime": "2024-04-08 11:31:25", "elapsed": 2612.63554, "delta": 5.126759}}
{"target": -142.82959736426025, "params": {"gamma": 0.004559381801164402, "prior": 2.0979126062629554, "rate": 2.880170198167683}, "datetime": {"datetime": "2024-04-08 11:31:39", "elapsed": 2626.592836, "delta": 13.957296}}
{"target": -142.8370108632186, "params": {"gamma": 0.005890566823644075, "prior": 8.00388965987933, "rate": 8.16707513840142}, "datetime": {"datetime": "2024-04-08 11:31:53", "elapsed": 2640.511699, "delta": 13.918863}}
{"target": -142.7935811476309, "params": {"gamma": 0.001, "prior": 7.207196474067669, "rate": 2.2665711587426505}, "datetime": {"datetime": "2024-04-08 11:31:56", "elapsed": 2643.869185, "delta": 3.357486}}
{"target": -142.792358889598, "params": {"gamma": 0.001, "prior": 5.137563572556235, "rate": 0.8174058570186647}, "datetime": {"datetime": "2024-04-08 11:32:00", "elapsed": 2647.695724, "delta": 3.826539}}
{"target": -142.79524807885883, "params": {"gamma": 0.001, "prior": 7.903707396786462, "rate": 5.073710748015169}, "datetime": {"datetime": "2024-04-08 11:32:10", "elapsed": 2657.649102, "delta": 9.953378}}
{"target": -142.86220497407012, "params": {"gamma": 0.008556623407037865, "prior": 1.9689091405989976, "rate": 2.2437356769116303}, "datetime": {"datetime": "2024-04-08 11:32:18", "elapsed": 2665.531734, "delta": 7.882632}}
{"target": -142.82509559645928, "params": {"gamma": 0.0031195207837408996, "prior": 1.3922772292059904, "rate": 5.842179365803933}, "datetime": {"datetime": "2024-04-08 11:32:25", "elapsed": 2672.903615, "delta": 7.371881}}
{"target": -142.81408840973396, "params": {"gamma": 0.003326954105030541, "prior": 6.142365784034963, "rate": 5.285632303969743}, "datetime": {"datetime": "2024-04-08 11:32:33", "elapsed": 2680.567174, "delta": 7.663559}}
{"target": -142.86342375010716, "params": {"gamma": 0.01162889815340036, "prior": 7.303270501832252, "rate": 3.6394091215388102}, "datetime": {"datetime": "2024-04-08 11:32:37", "elapsed": 2684.767898, "delta": 4.200724}}
{"target": -142.79623413345723, "params": {"gamma": 0.001, "prior": 4.978171048182347, "rate": 4.644024688858167}, "datetime": {"datetime": "2024-04-08 11:32:50", "elapsed": 2697.195018, "delta": 12.42712}}
{"target": -142.79033170910463, "params": {"gamma": 0.001, "prior": 10.0, "rate": 0.001}, "datetime": {"datetime": "2024-04-08 11:32:59", "elapsed": 2706.069107, "delta": 8.874089}}
{"target": -142.7963198801464, "params": {"gamma": 0.0010301952498767703, "prior": 8.329135613137177, "rate": 7.349917609738277}, "datetime": {"datetime": "2024-04-08 11:33:05", "elapsed": 2712.073705, "delta": 6.004598}}
{"target": -142.79768188717483, "params": {"gamma": 0.001, "prior": 2.1292105793377383, "rate": 3.394738288971076}, "datetime": {"datetime": "2024-04-08 11:33:10", "elapsed": 2717.786607, "delta": 5.712902}}
{"target": -142.79628331629948, "params": {"gamma": 0.001, "prior": 5.592788335588949, "rate": 5.313491937010833}, "datetime": {"datetime": "2024-04-08 11:33:20", "elapsed": 2727.573183, "delta": 9.786576}}
{"target": -142.79967933828965, "params": {"gamma": 0.001, "prior": 2.402703207947616, "rate": 8.593285271024733}, "datetime": {"datetime": "2024-04-08 11:33:28", "elapsed": 2735.086879, "delta": 7.513696}}
{"target": -142.8077597035563, "params": {"gamma": 0.0016278717576455517, "prior": 0.723213733216938, "rate": 3.372460398379401}, "datetime": {"datetime": "2024-04-08 11:33:40", "elapsed": 2747.306021, "delta": 12.219142}}
{"target": -142.79154314338416, "params": {"gamma": 0.001, "prior": 9.379241725788905, "rate": 0.7803153295075509}, "datetime": {"datetime": "2024-04-08 11:33:48", "elapsed": 2755.81632, "delta": 8.510299}}
{"target": -142.79884478757262, "params": {"gamma": 0.001, "prior": 2.568441375680533, "rate": 6.430824968192293}, "datetime": {"datetime": "2024-04-08 11:33:53", "elapsed": 2760.731826, "delta": 4.915506}}
{"target": -142.81531508136564, "params": {"gamma": 0.0029243277559168586, "prior": 4.398589904485249, "rate": 6.548973187065806}, "datetime": {"datetime": "2024-04-08 11:33:59", "elapsed": 2766.180366, "delta": 5.44854}}
{"target": -142.7946756588674, "params": {"gamma": 0.001, "prior": 5.65774842449527, "rate": 2.8897785789619226}, "datetime": {"datetime": "2024-04-08 11:34:06", "elapsed": 2773.888751, "delta": 7.708385}}
{"target": -142.7981148336856, "params": {"gamma": 0.001, "prior": 3.0065611315120653, "rate": 5.6481221722451105}, "datetime": {"datetime": "2024-04-08 11:34:17", "elapsed": 2784.860779, "delta": 10.972028}}
{"target": -142.79208231280344, "params": {"gamma": 0.001, "prior": 3.4503215244331735, "rate": 0.4528191282957758}, "datetime": {"datetime": "2024-04-08 11:34:27", "elapsed": 2794.053566, "delta": 9.192787}}
{"target": -142.79514226388952, "params": {"gamma": 0.001, "prior": 4.6017485299865735, "rate": 2.83419668883947}, "datetime": {"datetime": "2024-04-08 11:34:31", "elapsed": 2798.535636, "delta": 4.48207}}
{"target": -142.811720608202, "params": {"gamma": 0.0035442104249407557, "prior": 1.8238331499093428, "rate": 1.0125025648993373}, "datetime": {"datetime": "2024-04-08 11:34:37", "elapsed": 2804.826325, "delta": 6.290689}}
{"target": -142.84696603070054, "params": {"gamma": 0.007450971390206142, "prior": 8.888423270628493, "rate": 7.765071095412585}, "datetime": {"datetime": "2024-04-08 11:34:46", "elapsed": 2812.988019, "delta": 8.161694}}
{"target": -142.79642164998486, "params": {"gamma": 0.001, "prior": 10.0, "rate": 10.0}, "datetime": {"datetime": "2024-04-08 11:34:51", "elapsed": 2818.678839, "delta": 5.69082}}
{"target": -142.7945044919968, "params": {"gamma": 0.002177086655146659, "prior": 4.771430375690016, "rate": 0.2515562825788996}, "datetime": {"datetime": "2024-04-08 11:34:59", "elapsed": 2826.227972, "delta": 7.549133}}
{"target": -142.79033460309125, "params": {"gamma": 0.001, "prior": 3.785051075629912, "rate": 0.001}, "datetime": {"datetime": "2024-04-08 11:35:08", "elapsed": 2835.163862, "delta": 8.93589}}
{"target": -142.87351087543416, "params": {"gamma": 0.006870300572899159, "prior": 1.2716268056110704, "rate": 6.66650801924792}, "datetime": {"datetime": "2024-04-08 11:35:13", "elapsed": 2840.87601, "delta": 5.712148}}
{"target": -142.83757113768132, "params": {"gamma": 0.006495428929603901, "prior": 5.966963385505044, "rate": 4.722882777536336}, "datetime": {"datetime": "2024-04-08 11:35:21", "elapsed": 2848.174686, "delta": 7.298676}}
{"target": -142.79578512677716, "params": {"gamma": 0.001, "prior": 9.53330485998653, "rate": 7.5182021985464305}, "datetime": {"datetime": "2024-04-08 11:35:28", "elapsed": 2855.663957, "delta": 7.489271}}
