{"target": -142.85739370157447, "params": {"gamma": 0.008330019732419688, "prior": 7.622493297018896, "rate": 7.699823436417236}, "datetime": {"datetime": "2024-04-08 10:59:31", "elapsed": 698.922547, "delta": 4.697409}}
{"target": -142.97896913355373, "params": {"gamma": 0.01776111876477837, "prior": 2.7147211248573884, "rate": 5.953588962048587}, "datetime": {"datetime": "2024-04-08 10:59:38", "elapsed": 705.810792, "delta": 6.888245}}
{"target": -142.80109613396456, "params": {"gamma": 0.002400392111808057, "prior": 5.074548021580713, "rate": 1.6297435206611885}, "datetime": {"datetime": "2024-04-08 10:59:44", "elapsed": 711.221519, "delta": 5.410727}}
{"target": -142.8034157556233, "params": {"gamma": 0.001492728507438536, "prior": 3.4748631893005877, "rate": 7.338464091940721}, "datetime": {"datetime": "2024-04-08 10:59:50", "elapsed": 717.309929, "delta": 6.08841}}
{"target": -142.79033753808937, "params": {"gamma": 0.001, "prior": 2.320890204949344, "rate": 0.001}, "datetime": {"datetime": "2024-04-08 10:59:58", "elapsed": 725.963107, "delta": 8.653178}}
{"target": -142.79797841536, "params": {"gamma": 0.001, "prior": 2.1329999518951785, "rate": 3.803645164497914}, "datetime": {"datetime": "2024-04-08 11:00:04", "elapsed": 731.171754, "delta": 5.208647}}
{"target": -142.7942625232049, "params": {"gamma": 0.001, "prior": 9.629014668894177, "rate": 4.134900938395196}, "datetime": {"datetime": "2024-04-08 11:00:08", "elapsed": 735.932162, "delta": 4.760408}}
{"target": -142.7949238218879, "params": {"gamma": 0.001, "prior": 7.112937094988768, "rate": 4.017280594493725}, "datetime": {"datetime": "2024-04-08 11:00:16", "elapsed": 743.537781, "delta": 7.605619}}
{"target": -142.7954648501646, "params": {"gamma": 0.001, "prior": 7.977158523383815, "rate": 5.568909618046384}, "datetime": {"datetime": "2024-04-08 11:00:19", "elapsed": 746.839413, "delta": 3.301632}}
{"target": -142.79627123270717, "params": {"gamma": 0.001, "prior": 8.456670723667967, "rate": 7.998423898393021}, "datetime": {"datetime": "2024-04-08 11:00:26", "elapsed": 753.515268, "delta": 6.675855}}
{"target": -142.8398233067401, "params": {"gamma": 0.011318338499113435, "prior": 3.1719276869728783, "rate": 0.6467109929120346}, "datetime": {"datetime": "2024-04-08 11:00:33", "elapsed": 760.879751, "delta": 7.364483}}
{"target": -142.7973623921907, "params": {"gamma": 0.001, "prior": 6.186154103754693, "rate": 8.75521191151249}, "datetime": {"datetime": "2024-04-08 11:00:38", "elapsed": 765.823012, "delta": 4.943261}}
{"target": -142.8761297157065, "params": {"gamma": 0.011714629524371942, "prior": 9.69252367534248, "rate": 7.163591760483224}, "datetime": {"datetime": "2024-04-08 11:00:44", "elapsed": 771.015, "delta": 5.191988}}
{"target": -142.92463297639767, "params": {"gamma": 0.01417911684826274, "prior": 4.471840639202907, "rate": 6.84339871791899}, "datetime": {"datetime": "2024-04-08 11:00:51", "elapsed": 778.216584, "delta": 7.201584}}
{"target": -142.83724812873825, "params": {"gamma": 0.004049950765400408, "prior": 1.829956731151814, "rate": 8.687377885803194}, "datetime": {"datetime": "2024-04-08 11:00:57", "elapsed": 784.53704, "delta": 6.320456}}
{"target": -143.3359425326103, "params": {"gamma": 0.13807029211236063, "prior": 8.572324448498291, "rate": 0.3217040825224157}, "datetime": {"datetime": "2024-04-08 11:01:08", "elapsed": 795.197116, "delta": 10.660076}}
{"target": -142.86631325243255, "params": {"gamma": 0.009239822038272488, "prior": 9.431483500011655, "rate": 9.974423664687794}, "datetime": {"datetime": "2024-04-08 11:01:13", "elapsed": 800.838849, "delta": 5.641733}}
{"target": -142.8537802369792, "params": {"gamma": 0.008712082664968437, "prior": 4.848501805583177, "rate": 3.683144006571888}, "datetime": {"datetime": "2024-04-08 11:01:20", "elapsed": 807.710792, "delta": 6.871943}}
{"target": -142.79033284932203, "params": {"gamma": 0.001, "prior": 6.072541782117657, "rate": 0.001}, "datetime": {"datetime": "2024-04-08 11:01:24", "elapsed": 810.995391, "delta": 3.284599}}
{"target": -142.7909483173414, "params": {"gamma": 0.001, "prior": 9.558786284847207, "rate": 0.3686799416366315}, "datetime": {"datetime": "2024-04-08 11:01:28", "elapsed": 815.061055, "delta": 4.065664}}
{"target": -142.79630715914416, "params": {"gamma": 0.001, "prior": 10.0, "rate": 9.584976268571253}, "datetime": {"datetime": "2024-04-08 11:01:30", "elapsed": 817.952967, "delta": 2.891912}}
{"target": -142.79033511412092, "params": {"gamma": 0.001, "prior": 3.410562691902519, "rate": 0.001}, "datetime": {"datetime": "2024-04-08 11:01:37", "elapsed": 824.349569, "delta": 6.396602}}
{"target": -142.80244165412827, "params": {"gamma": 0.001, "prior": 0.1, "rate": 2.8408121410482736}, "datetime": {"datetime": "2024-04-08 11:01:40", "elapsed": 827.379199, "delta": 3.02963}}
{"target": -142.797954092396, "params": {"gamma": 0.001, "prior": 5.659867302394371, "rate": 10.0}, "datetime": {"datetime": "2024-04-08 11:01:51", "elapsed": 838.472235, "delta": 11.093036}}
{"target": -142.79342373807708, "params": {"gamma": 0.001, "prior": 9.567210433286062, "rate": 2.784904287219813}, "datetime": {"datetime": "2024-04-08 11:02:01", "elapsed": 848.293882, "delta": 9.821647}}
{"target": -142.9764761529967, "params": {"gamma": 0.015229730333151389, "prior": 2.2836358863232333, "rate": 9.871662335225269}, "datetime": {"datetime": "2024-04-08 11:02:08", "elapsed": 855.529909, "delta": 7.236027}}
{"target": -142.9599397479789, "params": {"gamma": 0.012990937279126251, "prior": 0.964472287926308, "rate": 6.729581763083403}, "datetime": {"datetime": "2024-04-08 11:02:17", "elapsed": 864.266508, "delta": 8.736599}}
{"target": -142.7903335849749, "params": {"gamma": 0.001, "prior": 4.844597931926487, "rate": 0.001}, "datetime": {"datetime": "2024-04-08 11:02:24", "elapsed": 871.700445, "delta": 7.433937}}
{"target": -142.7965899958576, "params": {"gamma": 0.001, "prior": 8.652381258238297, "rate": 9.2074495119121}, "datetime": {"datetime": "2024-04-08 11:02:32", "elapsed": 879.258265, "delta": 7.55782}}
{"target": -142.79523371714987, "params": {"gamma": 0.001, "prior": 10.0, "rate": 6.383544390260949}, "datetime": {"datetime": "2024-04-08 11:02:41", "elapsed": 888.112899, "delta": 8.854634}}
{"target": -142.79412724014497, "params": {"gamma": 0.001, "prior": 6.651140979193593, "rate": 2.6931124625276603}, "datetime": {"datetime": "2024-04-08 11:02:44", "elapsed": 891.009812, "delta": 2.896913}}
{"target": -143.03963240579324, "params": {"gamma": 0.023757587417894327, "prior": 4.762670470651509, "rate": 9.251310999304334}, "datetime": {"datetime": "2024-04-08 11:02:51", "elapsed": 898.953272, "delta": 7.94346}}
{"target": -142.79553672216554, "params": {"gamma": 0.001, "prior": 3.13886128449219, "rate": 2.2524700401015485}, "datetime": {"datetime": "2024-04-08 11:02:57", "elapsed": 904.02589, "delta": 5.072618}}
{"target": -142.99257444278078, "params": {"gamma": 0.014332694128140432, "prior": 0.5853055952853674, "rate": 7.952998131798767}, "datetime": {"datetime": "2024-04-08 11:03:04", "elapsed": 911.66405, "delta": 7.63816}}
{"target": -142.79267308957856, "params": {"gamma": 0.001, "prior": 7.42887614130185, "rate": 1.4391326016587291}, "datetime": {"datetime": "2024-04-08 11:03:12", "elapsed": 919.077071, "delta": 7.413021}}
{"target": -142.92194569937286, "params": {"gamma": 0.019600362118472672, "prior": 5.920065955119203, "rate": 3.232468783778735}, "datetime": {"datetime": "2024-04-08 11:03:18", "elapsed": 925.071971, "delta": 5.9949}}
{"target": -142.8438461557281, "params": {"gamma": 0.006748907419822472, "prior": 5.132427943418546, "rate": 5.129343176077113}, "datetime": {"datetime": "2024-04-08 11:03:22", "elapsed": 929.88102, "delta": 4.809049}}
{"target": -142.7939293199078, "params": {"gamma": 0.001, "prior": 4.092709525599353, "rate": 1.5161466148027691}, "datetime": {"datetime": "2024-04-08 11:03:28", "elapsed": 935.201058, "delta": 5.320038}}
{"target": -142.83493626717978, "params": {"gamma": 0.005323872264180041, "prior": 3.9885987222717865, "rate": 4.881934962562482}, "datetime": {"datetime": "2024-04-08 11:03:39", "elapsed": 946.436956, "delta": 11.235898}}
{"target": -142.79993711254, "params": {"gamma": 0.001, "prior": 1.5480480690379688, "rate": 6.239927114084463}, "datetime": {"datetime": "2024-04-08 11:03:45", "elapsed": 952.5963, "delta": 6.159344}}
{"target": -142.79621481622218, "params": {"gamma": 0.001, "prior": 6.588989377407038, "rate": 6.102774868845812}, "datetime": {"datetime": "2024-04-08 11:03:51", "elapsed": 958.66172, "delta": 6.06542}}
{"target": -142.87618436414976, "params": {"gamma": 0.008501980251862856, "prior": 0.4685933147935023, "rate": 0.9892096424086599}, "datetime": {"datetime": "2024-04-08 11:03:55", "elapsed": 962.498669, "delta": 3.836949}}
{"target": -142.79206892053588, "params": {"gamma": 0.001, "prior": 4.360821177439871, "rate": 0.5666834277096715}, "datetime": {"datetime": "2024-04-08 11:04:02", "elapsed": 969.845372, "delta": 7.346703}}
{"target": -142.7952499323528, "params": {"gamma": 0.001, "prior": 9.051882286413559, "rate": 5.814971023995339}, "datetime": {"datetime": "2024-04-08 11:04:09", "elapsed": 976.265364, "delta": 6.419992}}
{"target": -142.79850226534657, "params": {"gamma": 0.001, "prior": 3.070458876091732, "rate": 6.705514866570447}, "datetime": {"datetime": "2024-04-08 11:04:14", "elapsed": 981.284766, "delta": 5.019402}}
{"target": -142.8802418649245, "params": {"gamma": 0.00959382935096095, "prior": 1.8317134069153245, "rate": 2.8984229066546083}, "datetime": {"datetime": "2024-04-08 11:04:19", "elapsed": 986.790792, "delta": 5.506026}}
{"target": -142.79942629065872, "params": {"gamma": 0.001, "prior": 3.1288861903375387, "rate": 10.0}, "datetime": {"datetime": "2024-04-08 11:04:27", "elapsed": 994.091007, "delta": 7.300215}}
{"target": -142.79735263000447, "params": {"gamma": 0.001, "prior": 4.378188946631016, "rate": 6.174009547519519}, "datetime": {"datetime": "2024-04-08 11:04:37", "elapsed": 1004.272007, "delta": 10.181}}
{"target": -142.9808859345259, "params": {"gamma": 0.012803569450227995, "prior": 0.1296427208443123, "rate": 5.383208298698157}, "datetime": {"datetime": "2024-04-08 11:04:44", "elapsed": 1011.120866, "delta": 6.848859}}
{"target": -142.93542535756376, "params": {"gamma": 0.02071995580461838, "prior": 5.1629429250377274, "rate": 3.111673965537856}, "datetime": {"datetime": "2024-04-08 11:04:49", "elapsed": 1016.027653, "delta": 4.906787}}
{"target": -142.85854838855775, "params": {"gamma": 0.01023800130898556, "prior": 8.38344299541049, "rate": 4.9306032613863815}, "datetime": {"datetime": "2024-04-08 11:04:58", "elapsed": 1025.718366, "delta": 9.690713}}
{"target": -142.7911384310278, "params": {"gamma": 0.001, "prior": 7.900434937675745, "rate": 0.4105409612535582}, "datetime": {"datetime": "2024-04-08 11:05:03", "elapsed": 1030.65685, "delta": 4.938484}}
{"target": -142.7960423316241, "params": {"gamma": 0.001, "prior": 7.6985594554906465, "rate": 6.6867468539552135}, "datetime": {"datetime": "2024-04-08 11:05:10", "elapsed": 1036.983513, "delta": 6.326663}}
{"target": -142.7973245762162, "params": {"gamma": 0.001, "prior": 5.625402223976539, "rate": 7.8506883225644275}, "datetime": {"datetime": "2024-04-08 11:05:13", "elapsed": 1040.67843, "delta": 3.694917}}
{"target": -142.8025640998813, "params": {"gamma": 0.001838409931605453, "prior": 9.791046293023758, "rate": 8.530225135560444}, "datetime": {"datetime": "2024-04-08 11:05:18", "elapsed": 1045.712943, "delta": 5.034513}}
{"target": -142.79528179385275, "params": {"gamma": 0.001, "prior": 5.966163856466056, "rate": 3.880534501093329}, "datetime": {"datetime": "2024-04-08 11:05:26", "elapsed": 1053.937877, "delta": 8.224934}}
{"target": -142.90092442659764, "params": {"gamma": 0.010432640090844957, "prior": 3.333521660553954, "rate": 8.17652548310994}, "datetime": {"datetime": "2024-04-08 11:05:33", "elapsed": 1060.140014, "delta": 6.202137}}
{"target": -142.7977506237348, "params": {"gamma": 0.001, "prior": 2.8555820401588266, "rate": 4.6718971881110125}, "datetime": {"datetime": "2024-04-08 11:05:36", "elapsed": 1063.456892, "delta": 3.316878}}
{"target": -142.79978840732463, "params": {"gamma": 0.001, "prior": 1.9770407400254544, "rate": 7.432904501252541}, "datetime": {"datetime": "2024-04-08 11:05:47", "elapsed": 1074.179708, "delta": 10.722816}}
{"target": -142.8593312565256, "params": {"gamma": 0.0066328684852139785, "prior": 3.7366052092006092, "rate": 9.31350490625537}, "datetime": {"datetime": "2024-04-08 11:05:53", "elapsed": 1080.889315, "delta": 6.709607}}
{"target": -142.8139743680441, "params": {"gamma": 0.002229347174270144, "prior": 1.3901557605047405, "rate": 5.202353029931859}, "datetime": {"datetime": "2024-04-08 11:06:00", "elapsed": 1087.240974, "delta": 6.351659}}
{"target": -142.7958112797146, "params": {"gamma": 0.001, "prior": 8.69280654279632, "rate": 6.923338310623955}, "datetime": {"datetime": "2024-04-08 11:06:17", "elapsed": 1104.693314, "delta": 17.45234}}
{"target": -142.79459671008917, "params": {"gamma": 0.001, "prior": 8.550759209389291, "rate": 4.2276910457985535}, "datetime": {"datetime": "2024-04-08 11:06:26", "elapsed": 1113.185432, "delta": 8.492118}}
{"target": -142.87119040795335, "params": {"gamma": 0.010558561086659493, "prior": 1.886608991923677, "rate": 1.5978965615884984}, "datetime": {"datetime": "2024-04-08 11:06:34", "elapsed": 1121.951385, "delta": 8.765953}}
{"target": -143.10080241022234, "params": {"gamma": 0.05056791877353747, "prior": 1.6227479045181714, "rate": 0.5808593724078568}, "datetime": {"datetime": "2024-04-08 11:06:39", "elapsed": 1126.79318, "delta": 4.841795}}
{"target": -142.79342755164606, "params": {"gamma": 0.001, "prior": 10.0, "rate": 2.916420866834552}, "datetime": {"datetime": "2024-04-08 11:06:43", "elapsed": 1130.242483, "delta": 3.449303}}
{"target": -142.79471511763717, "params": {"gamma": 0.001, "prior": 10.0, "rate": 5.190813115672749}, "datetime": {"datetime": "2024-04-08 11:06:56", "elapsed": 1143.231471, "delta": 12.988988}}
{"target": -142.79161638595957, "params": {"gamma": 0.001, "prior": 5.6060834244561235, "rate": 0.5004570675068615}, "datetime": {"datetime": "2024-04-08 11:07:06", "elapsed": 1153.301562, "delta": 10.070091}}
{"target": -142.79745099321374, "params": {"gamma": 0.001, "prior": 6.836877365580853, "rate": 10.0}, "datetime": {"datetime": "2024-04-08 11:07:12", "elapsed": 1159.658785, "delta": 6.357223}}
{"target": -142.79643574558278, "params": {"gamma": 0.001, "prior": 3.5889020837563077, "rate": 3.6076569784458687}, "datetime": {"datetime": "2024-04-08 11:07:23", "elapsed": 1170.547269, "delta": 10.888484}}
{"target": -142.86713939538708, "params": {"gamma": 0.009108216441364274, "prior": 6.723204291695921, "rate": 7.677479436701073}, "datetime": {"datetime": "2024-04-08 11:07:32", "elapsed": 1179.071448, "delta": 8.524179}}
{"target": -142.79705788076782, "params": {"gamma": 0.001, "prior": 2.479202979221506, "rate": 3.134978990574692}, "datetime": {"datetime": "2024-04-08 11:07:39", "elapsed": 1186.190628, "delta": 7.11918}}
{"target": -142.7953783055543, "params": {"gamma": 0.001, "prior": 7.341485356893692, "rate": 4.957086654141145}, "datetime": {"datetime": "2024-04-08 11:07:47", "elapsed": 1194.264973, "delta": 8.074345}}
{"target": -142.82526380230988, "params": {"gamma": 0.004960785964514065, "prior": 6.436129939354799, "rate": 4.898185193192101}, "datetime": {"datetime": "2024-04-08 11:07:57", "elapsed": 1204.195724, "delta": 9.930751}}
{"target": -142.79381145816686, "params": {"gamma": 0.001, "prior": 8.276619309673302, "rate": 2.9036723408090572}, "datetime": {"datetime": "2024-04-08 11:08:06", "elapsed": 1213.353285, "delta": 9.157561}}
{"target": -142.8109517114858, "params": {"gamma": 0.0028337454139662783, "prior": 9.709264665826222, "rate": 9.167904614209435}, "datetime": {"datetime": "2024-04-08 11:08:09", "elapsed": 1216.899164, "delta": 3.545879}}
{"target": -142.80006399859775, "params": {"gamma": 0.0011748131533832098, "prior": 3.8330040697416177, "rate": 7.7667461190441545}, "datetime": {"datetime": "2024-04-08 11:08:26", "elapsed": 1233.438294, "delta": 16.53913}}
{"target": -142.81352206254388, "params": {"gamma": 0.0019084116114388883, "prior": 0.9748796130315927, "rate": 9.710951769566387}, "datetime": {"datetime": "2024-04-08 11:08:31", "elapsed": 1238.437692, "delta": 4.999398}}
{"target": -142.79944937119794, "params": {"gamma": 0.001, "prior": 2.7307522195488434, "rate": 8.815968262919336}, "datetime": {"datetime": "2024-04-08 11:08:34", "elapsed": 1241.894694, "delta": 3.457002}}
{"target": -142.80137952447367, "params": {"gamma": 0.0017071362553507086, "prior": 3.6299275835153275, "rate": 3.0519697192996404}, "datetime": {"datetime": "2024-04-08 11:08:42", "elapsed": 1249.104586, "delta": 7.209892}}
{"target": -142.796834401232, "params": {"gamma": 0.001, "prior": 5.938422306567046, "rate": 6.91522979488004}, "datetime": {"datetime": "2024-04-08 11:08:54", "elapsed": 1261.022153, "delta": 11.917567}}
{"target": -142.792553285024, "params": {"gamma": 0.001, "prior": 6.807238155616099, "rate": 1.2262017434323356}, "datetime": {"datetime": "2024-04-08 11:09:03", "elapsed": 1270.761691, "delta": 9.739538}}
{"target": -143.0166745002418, "params": {"gamma": 0.020387353011712572, "prior": 2.266431171065008, "rate": 5.70487177911517}, "datetime": {"datetime": "2024-04-08 11:09:08", "elapsed": 1275.507579, "delta": 4.745888}}
{"target": -142.7941244824249, "params": {"gamma": 0.001, "prior": 10.0, "rate": 4.044204285384402}, "datetime": {"datetime": "2024-04-08 11:09:15", "elapsed": 1282.881454, "delta": 7.373875}}
{"target": -142.86411638541148, "params": {"gamma": 0.01189693019272781, "prior": 7.743894627540972, "rate": 3.7201862197385602}, "datetime": {"datetime": "2024-04-08 11:09:27", "elapsed": 1293.966359, "delta": 11.084905}}
{"target": -142.8268316916276, "params": {"gamma": 0.005127134337284057, "prior": 7.798097392355198, "rate": 6.0711750131206275}, "datetime": {"datetime": "2024-04-08 11:09:30", "elapsed": 1297.317401, "delta": 3.351042}}
{"target": -142.82736992018522, "params": {"gamma": 0.004172404779795387, "prior": 6.03412450624406, "rate": 9.300131628039793}, "datetime": {"datetime": "2024-04-08 11:09:39", "elapsed": 1306.225344, "delta": 8.907943}}
{"target": -142.79592190260428, "params": {"gamma": 0.001, "prior": 9.487045737016615, "rate": 7.876920424381926}, "datetime": {"datetime": "2024-04-08 11:09:43", "elapsed": 1310.213322, "delta": 3.987978}}
{"target": -142.7970467660105, "params": {"gamma": 0.001, "prior": 7.940699363571216, "rate": 10.0}, "datetime": {"datetime": "2024-04-08 11:09:52", "elapsed": 1319.027941, "delta": 8.814619}}
{"target": -142.8988776819754, "params": {"gamma": 0.025677892254576326, "prior": 8.878948698064365, "rate": 1.428048288871189}, "datetime": {"datetime": "2024-04-08 11:09:58", "elapsed": 1325.872721, "delta": 6.84478}}
{"target": -142.79665879484511, "params": {"gamma": 0.001, "prior": 7.672472564636097, "rate": 8.374514942157818}, "datetime": {"datetime": "2024-04-08 11:10:02", "elapsed": 1329.424726, "delta": 3.552005}}
{"target": -142.79302292719814, "params": {"gamma": 0.001, "prior": 4.69648776320918, "rate": 1.109998103400703}, "datetime": {"datetime": "2024-04-08 11:10:10", "elapsed": 1337.614529, "delta": 8.189803}}
{"target": -142.79656420037023, "params": {"gamma": 0.001, "prior": 5.374648338474, "rate": 5.665259880171456}, "datetime": {"datetime": "2024-04-08 11:10:19", "elapsed": 1346.468289, "delta": 8.85376}}
{"target": -142.87725271120303, "params": {"gamma": 0.00684853983491656, "prior": 0.28669161140468663, "rate": 2.082807200615941}, "datetime": {"datetime": "2024-04-08 11:10:24", "elapsed": 1351.227685, "delta": 4.759396}}
{"target": -142.8235505691012, "params": {"gamma": 0.0026595436320587867, "prior": 0.5401358338403394, "rate": 5.389624806297203}, "datetime": {"datetime": "2024-04-08 11:10:31", "elapsed": 1358.520194, "delta": 7.292509}}
{"target": -142.79797684122587, "params": {"gamma": 0.001, "prior": 3.8299652631751284, "rate": 6.825649036834797}, "datetime": {"datetime": "2024-04-08 11:10:35", "elapsed": 1362.1787, "delta": 3.658506}}
{"target": -142.8006083301702, "params": {"gamma": 0.001, "prior": 1.759980486108369, "rate": 10.0}, "datetime": {"datetime": "2024-04-08 11:10:39", "elapsed": 1366.07938, "delta": 3.90068}}
{"target": -142.7938106686186, "params": {"gamma": 0.001, "prior": 8.91988006923944, "rate": 3.128195337046972}, "datetime": {"datetime": "2024-04-08 11:10:42", "elapsed": 1369.201453, "delta": 3.122073}}
{"target": -142.7916326509638, "params": {"gamma": 0.001, "prior": 3.7401947374377595, "rate": 0.33900274747997516}, "datetime": {"datetime": "2024-04-08 11:10:52", "elapsed": 1379.083918, "delta": 9.882465}}
{"target": -142.82963753636736, "params": {"gamma": 0.0029886090040766207, "prior": 0.5184210718992476, "rate": 8.528410139519487}, "datetime": {"datetime": "2024-04-08 11:11:01", "elapsed": 1387.999686, "delta": 8.915768}}
{"target": -142.79597042487597, "params": {"gamma": 0.001, "prior": 10.0, "rate": 8.455226348934993}, "datetime": {"datetime": "2024-04-08 11:11:05", "elapsed": 1392.5306, "delta": 4.530914}}
{"target": -142.99356600394165, "params": {"gamma": 0.022048983537392087, "prior": 7.35623392203527, "rate": 9.447028083792798}, "datetime": {"datetime": "2024-04-08 11:11:13", "elapsed": 1400.67938, "delta": 8.14878}}
{"target": -142.79033195870218, "params": {"gamma": 0.001, "prior": 8.759956934610315, "rate": 0.001}, "datetime": {"datetime": "2024-04-08 11:11:20", "elapsed": 1407.053077, "delta": 6.373697}}
{"target": -142.8589905692199, "params": {"gamma": 0.0048108853973518086, "prior": 0.15186092515882219, "rate": 9.145507955308014}, "datetime": {"datetime": "2024-04-08 11:11:28", "elapsed": 1415.592984, "delta": 8.539907}}
