{"target": -115.86833838205028, "params": {"gamma": 2.254671864846548, "prior": 9.052472238570875, "rate": 3.1591003967566835}, "datetime": {"datetime": "2024-04-12 14:57:03", "elapsed": 3585.618426, "delta": 12.761999}}
{"target": -115.86466092976939, "params": {"gamma": 2.222887165581545, "prior": 8.900106094982268, "rate": 2.8712167532465376}, "datetime": {"datetime": "2024-04-12 14:57:11", "elapsed": 3593.366814, "delta": 7.748388}}
{"target": -115.85979807424708, "params": {"gamma": 2.1706549275370137, "prior": 3.725070774241394, "rate": 1.233031475384997}, "datetime": {"datetime": "2024-04-12 14:57:21", "elapsed": 3602.984799, "delta": 9.617985}}
{"target": -115.8639570545389, "params": {"gamma": 2.209837827759404, "prior": 6.476214148269731, "rate": 2.0882246968055025}, "datetime": {"datetime": "2024-04-12 14:57:30", "elapsed": 3612.468101, "delta": 9.483302}}
{"target": -115.86306819610525, "params": {"gamma": 2.198950759406882, "prior": 3.2867720964764695, "rate": 1.0622928833117238}, "datetime": {"datetime": "2024-04-12 14:57:40", "elapsed": 3622.009779, "delta": 9.541678}}
{"target": -115.85917351899374, "params": {"gamma": 2.1781256903599773, "prior": 9.88082262721904, "rate": 3.2526086301683326}, "datetime": {"datetime": "2024-04-12 14:57:47", "elapsed": 3628.781129, "delta": 6.77135}}
{"target": -115.86512655722987, "params": {"gamma": 2.235111574411872, "prior": 2.7623684836705817, "rate": 0.971602791814792}, "datetime": {"datetime": "2024-04-12 14:57:58", "elapsed": 3640.25582, "delta": 11.474691}}
{"target": -115.85373550807793, "params": {"gamma": 2.185995794877408, "prior": 7.37816530029089, "rate": 2.509603076971823}, "datetime": {"datetime": "2024-04-12 14:58:09", "elapsed": 3651.285224, "delta": 11.029404}}
{"target": -115.86574605684308, "params": {"gamma": 2.207180702962701, "prior": 6.009485149142512, "rate": 1.9312558286033499}, "datetime": {"datetime": "2024-04-12 14:58:20", "elapsed": 3662.36569, "delta": 11.080466}}
{"target": -115.85901146943813, "params": {"gamma": 2.2349160275916047, "prior": 4.7175613290396585, "rate": 1.6338802086105566}, "datetime": {"datetime": "2024-04-12 14:58:25", "elapsed": 3667.316394, "delta": 4.950704}}
{"target": -115.86520998676833, "params": {"gamma": 2.161348658972861, "prior": 7.740863119469354, "rate": 2.5430693923361805}, "datetime": {"datetime": "2024-04-12 14:58:30", "elapsed": 3672.386335, "delta": 5.069941}}
{"target": -115.86180822951088, "params": {"gamma": 2.2472270613690024, "prior": 2.11958414191029, "rate": 0.7317130079850097}, "datetime": {"datetime": "2024-04-12 14:58:47", "elapsed": 3689.015131, "delta": 16.628796}}
{"target": -115.87224949741902, "params": {"gamma": 2.1579588049437306, "prior": 9.747665032866248, "rate": 3.1573729715260446}, "datetime": {"datetime": "2024-04-12 14:59:00", "elapsed": 3701.765693, "delta": 12.750562}}
{"target": -115.85362610358719, "params": {"gamma": 2.194504908153124, "prior": 3.4121721736629684, "rate": 1.17065898408181}, "datetime": {"datetime": "2024-04-12 14:59:06", "elapsed": 3708.350611, "delta": 6.584918}}
{"target": -115.85717991256674, "params": {"gamma": 2.1905730131054293, "prior": 5.503885171130542, "rate": 1.8090637961861744}, "datetime": {"datetime": "2024-04-12 14:59:26", "elapsed": 3728.327242, "delta": 19.976631}}
{"target": -115.8537729274878, "params": {"gamma": 2.1952550501591728, "prior": 7.033409947638986, "rate": 2.4159750003237837}, "datetime": {"datetime": "2024-04-12 14:59:31", "elapsed": 3732.978958, "delta": 4.651716}}
{"target": -115.87282739155647, "params": {"gamma": 2.138985307183833, "prior": 2.4484026870459705, "rate": 0.8151473332017866}, "datetime": {"datetime": "2024-04-12 14:59:43", "elapsed": 3744.753237, "delta": 11.774279}}
{"target": -115.86170017398287, "params": {"gamma": 2.2375783733114716, "prior": 6.7384939273066236, "rate": 2.2024747130795035}, "datetime": {"datetime": "2024-04-12 14:59:51", "elapsed": 3753.359551, "delta": 8.606314}}
{"target": -115.85806969196442, "params": {"gamma": 2.2343788670129268, "prior": 6.811295905547699, "rate": 2.3523368763636365}, "datetime": {"datetime": "2024-04-12 15:00:01", "elapsed": 3763.448829, "delta": 10.089278}}
{"target": -115.85991625262777, "params": {"gamma": 2.1833706158678945, "prior": 10.0, "rate": 3.4917987854312056}, "datetime": {"datetime": "2024-04-12 15:00:10", "elapsed": 3772.020746, "delta": 8.571917}}
{"target": -115.85528527447649, "params": {"gamma": 2.2282823006034365, "prior": 4.232192823929496, "rate": 1.405370982055038}, "datetime": {"datetime": "2024-04-12 15:00:20", "elapsed": 3781.695091, "delta": 9.674345}}
{"target": -115.87443931401033, "params": {"gamma": 2.167618810124608, "prior": 6.942372463201676, "rate": 2.2239825301173286}, "datetime": {"datetime": "2024-04-12 15:00:30", "elapsed": 3792.038581, "delta": 10.34349}}
{"target": -115.86506113835718, "params": {"gamma": 2.196889157548148, "prior": 9.292160253983191, "rate": 3.29302574449425}, "datetime": {"datetime": "2024-04-12 15:00:45", "elapsed": 3806.768016, "delta": 14.729435}}
{"target": -115.86002024429847, "params": {"gamma": 2.1769529478907437, "prior": 8.88084787231857, "rate": 3.0897831768847936}, "datetime": {"datetime": "2024-04-12 15:00:49", "elapsed": 3811.639823, "delta": 4.871807}}
{"target": -115.85758651020875, "params": {"gamma": 2.19793299176263, "prior": 9.54280500145631, "rate": 3.326823243717628}, "datetime": {"datetime": "2024-04-12 15:00:59", "elapsed": 3820.656212, "delta": 9.016389}}
{"target": -115.86917550157767, "params": {"gamma": 2.1940276385838535, "prior": 7.92116073955515, "rate": 2.826047085318053}, "datetime": {"datetime": "2024-04-12 15:01:12", "elapsed": 3833.872398, "delta": 13.216186}}
{"target": -115.86539391032194, "params": {"gamma": 2.2627548617868216, "prior": 9.851862892984002, "rate": 3.2971940986882387}, "datetime": {"datetime": "2024-04-12 15:01:20", "elapsed": 3841.831922, "delta": 7.959524}}
{"target": -115.86603079346177, "params": {"gamma": 2.23993691380128, "prior": 7.135888576930661, "rate": 2.3117204275779804}, "datetime": {"datetime": "2024-04-12 15:01:27", "elapsed": 3848.812767, "delta": 6.980845}}
{"target": -115.85999595353798, "params": {"gamma": 2.2417855543314986, "prior": 8.703945658994854, "rate": 2.8707093670931596}, "datetime": {"datetime": "2024-04-12 15:01:38", "elapsed": 3859.684874, "delta": 10.872107}}
{"target": -115.85997108609654, "params": {"gamma": 2.2279394477180476, "prior": 3.6934112996109043, "rate": 1.2886292695251045}, "datetime": {"datetime": "2024-04-12 15:01:46", "elapsed": 3867.896652, "delta": 8.211778}}
{"target": -115.88317023924311, "params": {"gamma": 2.2514397884324593, "prior": 5.279360023029656, "rate": 1.8952141455159388}, "datetime": {"datetime": "2024-04-12 15:01:53", "elapsed": 3875.480968, "delta": 7.584316}}
{"target": -115.8745031304923, "params": {"gamma": 2.1367247450074482, "prior": 7.188103544325223, "rate": 2.479544923852018}, "datetime": {"datetime": "2024-04-12 15:02:01", "elapsed": 3882.89218, "delta": 7.411212}}
{"target": -115.86007694932017, "params": {"gamma": 2.169872910595179, "prior": 3.141685775849881, "rate": 1.0858244099825245}, "datetime": {"datetime": "2024-04-12 15:02:09", "elapsed": 3891.193198, "delta": 8.301018}}
{"target": -115.85377010365549, "params": {"gamma": 2.1891337812770217, "prior": 7.738689129256038, "rate": 2.5856143190474827}, "datetime": {"datetime": "2024-04-12 15:02:20", "elapsed": 3901.829528, "delta": 10.63633}}
{"target": -115.85377212087552, "params": {"gamma": 2.2196885718940984, "prior": 4.92240900989847, "rate": 1.637153031214656}, "datetime": {"datetime": "2024-04-12 15:02:30", "elapsed": 3911.945593, "delta": 10.116065}}
{"target": -115.85755510315431, "params": {"gamma": 2.2203492357473564, "prior": 6.474597109914349, "rate": 2.2517105049191137}, "datetime": {"datetime": "2024-04-12 15:02:40", "elapsed": 3921.79501, "delta": 9.849417}}
{"target": -115.85660354261397, "params": {"gamma": 2.20154479445911, "prior": 7.597194940996523, "rate": 2.6422000284033964}, "datetime": {"datetime": "2024-04-12 15:02:58", "elapsed": 3940.029081, "delta": 18.234071}}
{"target": -115.88859708028932, "params": {"gamma": 2.2291183369704566, "prior": 7.888426312504789, "rate": 2.4623760348041612}, "datetime": {"datetime": "2024-04-12 15:03:06", "elapsed": 3947.848379, "delta": 7.819298}}
{"target": -115.8524503654182, "params": {"gamma": 2.2027436189404437, "prior": 5.951631284584129, "rate": 2.0327157867372874}, "datetime": {"datetime": "2024-04-12 15:03:18", "elapsed": 3959.883953, "delta": 12.035574}}
{"target": -115.86144751669718, "params": {"gamma": 2.1621409363666424, "prior": 9.144743196495853, "rate": 3.1414869496819415}, "datetime": {"datetime": "2024-04-12 15:03:27", "elapsed": 3968.84037, "delta": 8.956417}}
{"target": -115.85532523791692, "params": {"gamma": 2.23422574707, "prior": 2.3196028795098447, "rate": 0.7767755969050375}, "datetime": {"datetime": "2024-04-12 15:03:37", "elapsed": 3978.843736, "delta": 10.003366}}
{"target": -115.85612621887577, "params": {"gamma": 2.2185333322295357, "prior": 4.002662311474374, "rate": 1.3172337505786085}, "datetime": {"datetime": "2024-04-12 15:03:42", "elapsed": 3983.899917, "delta": 5.056181}}
{"target": -115.87504914843859, "params": {"gamma": 2.206852183815456, "prior": 8.964661593199681, "rate": 3.227123879328279}, "datetime": {"datetime": "2024-04-12 15:03:51", "elapsed": 3993.326719, "delta": 9.426802}}
{"target": -115.85684074488444, "params": {"gamma": 2.2408930046115776, "prior": 8.048736033699484, "rate": 2.7034189040685392}, "datetime": {"datetime": "2024-04-12 15:03:57", "elapsed": 3999.096017, "delta": 5.769298}}
{"target": -115.86701697874561, "params": {"gamma": 2.151296347608, "prior": 9.671701924548511, "rate": 3.3397633290608097}, "datetime": {"datetime": "2024-04-12 15:04:14", "elapsed": 4016.494007, "delta": 17.39799}}
{"target": -115.86457953936913, "params": {"gamma": 2.169695617441414, "prior": 5.792842252863739, "rate": 2.030057464843241}, "datetime": {"datetime": "2024-04-12 15:04:26", "elapsed": 4028.125169, "delta": 11.631162}}
{"target": -115.85558249347815, "params": {"gamma": 2.196594251029017, "prior": 1.449415946107409, "rate": 0.4778440453237277}, "datetime": {"datetime": "2024-04-12 15:04:36", "elapsed": 4038.324059, "delta": 10.19889}}
{"target": -115.86660118649864, "params": {"gamma": 2.2210560594869633, "prior": 9.824550325872432, "rate": 3.484261253666328}, "datetime": {"datetime": "2024-04-12 15:04:54", "elapsed": 4056.335643, "delta": 18.011584}}
{"target": -115.85411234876128, "params": {"gamma": 2.184408971464172, "prior": 8.337877886376669, "rate": 2.8394768072508527}, "datetime": {"datetime": "2024-04-12 15:05:00", "elapsed": 4062.304375, "delta": 5.968732}}
{"target": -115.94399690772165, "params": {"gamma": 2.2570561376009963, "prior": 6.75938787948682, "rate": 2.561250254419633}, "datetime": {"datetime": "2024-04-12 15:05:09", "elapsed": 4071.198808, "delta": 8.894433}}
{"target": -115.85772868491263, "params": {"gamma": 2.2392643059467097, "prior": 5.5811160849251795, "rate": 1.9136582823235846}, "datetime": {"datetime": "2024-04-12 15:05:20", "elapsed": 4082.613703, "delta": 11.414895}}
{"target": -115.85712895796402, "params": {"gamma": 2.171381544992841, "prior": 8.567939903578766, "rate": 2.8839023121055996}, "datetime": {"datetime": "2024-04-12 15:05:31", "elapsed": 4092.998614, "delta": 10.384911}}
{"target": -115.85948271894453, "params": {"gamma": 2.168474709718809, "prior": 4.342965547864881, "rate": 1.4938409828538326}, "datetime": {"datetime": "2024-04-12 15:05:41", "elapsed": 4103.138298, "delta": 10.139684}}
{"target": -115.86371437289961, "params": {"gamma": 2.2596573006494958, "prior": 7.296995646277782, "rate": 2.4517730273119276}, "datetime": {"datetime": "2024-04-12 15:05:49", "elapsed": 4110.889504, "delta": 7.751206}}
{"target": -115.85549227532557, "params": {"gamma": 2.2326392864515947, "prior": 3.8698098116639197, "rate": 1.2901175039224648}, "datetime": {"datetime": "2024-04-12 15:06:00", "elapsed": 4122.533175, "delta": 11.643671}}
{"target": -115.85393860866124, "params": {"gamma": 2.228318382497986, "prior": 2.270741710251142, "rate": 0.7619821464440408}, "datetime": {"datetime": "2024-04-12 15:06:16", "elapsed": 4137.701745, "delta": 15.16857}}
{"target": -115.85444129481735, "params": {"gamma": 2.181434889822038, "prior": 5.319809994284961, "rate": 1.7944175675223473}, "datetime": {"datetime": "2024-04-12 15:06:24", "elapsed": 4146.50726, "delta": 8.805515}}
{"target": -115.85554724672731, "params": {"gamma": 2.18053526221919, "prior": 5.0903076215001555, "rate": 1.74348999710686}, "datetime": {"datetime": "2024-04-12 15:06:35", "elapsed": 4157.451802, "delta": 10.944542}}
{"target": -115.85454529508786, "params": {"gamma": 2.193593367253624, "prior": 10.0, "rate": 3.3148370621351906}, "datetime": {"datetime": "2024-04-12 15:06:45", "elapsed": 4167.32524, "delta": 9.873438}}
{"target": -115.85914541821572, "params": {"gamma": 2.18411184855402, "prior": 9.345669002187819, "rate": 3.0637829890524264}, "datetime": {"datetime": "2024-04-12 15:06:57", "elapsed": 4179.098523, "delta": 11.773283}}
{"target": -115.86497535869871, "params": {"gamma": 2.199424874952115, "prior": 8.334973447449633, "rate": 2.68378524854221}, "datetime": {"datetime": "2024-04-12 15:07:05", "elapsed": 4186.928021, "delta": 7.829498}}
{"target": -115.85409911428945, "params": {"gamma": 2.1829854640427904, "prior": 6.63181331590328, "rate": 2.2452229506398993}, "datetime": {"datetime": "2024-04-12 15:07:21", "elapsed": 4203.18613, "delta": 16.258109}}
{"target": -115.86866353182359, "params": {"gamma": 2.2324424326919954, "prior": 8.513677196566697, "rate": 3.0183724304447352}, "datetime": {"datetime": "2024-04-12 15:07:28", "elapsed": 4210.423193, "delta": 7.237063}}
{"target": -115.86580191487002, "params": {"gamma": 2.1676119144631323, "prior": 1.5001275557794038, "rate": 0.488927521697188}, "datetime": {"datetime": "2024-04-12 15:07:40", "elapsed": 4222.052541, "delta": 11.629348}}
{"target": -115.87239111156664, "params": {"gamma": 2.1374360145514304, "prior": 8.031557202020752, "rate": 2.735936822953405}, "datetime": {"datetime": "2024-04-12 15:07:53", "elapsed": 4235.287695, "delta": 13.235154}}
{"target": -115.8568168940577, "params": {"gamma": 2.174582314043097, "prior": 2.945165236710594, "rate": 1.0074681101371066}, "datetime": {"datetime": "2024-04-12 15:07:58", "elapsed": 4240.207734, "delta": 4.920039}}
{"target": -115.88646795229403, "params": {"gamma": 2.1780033416585853, "prior": 7.2102041319558685, "rate": 2.6256619083331447}, "datetime": {"datetime": "2024-04-12 15:08:07", "elapsed": 4249.190285, "delta": 8.982551}}
{"target": -115.85758926980901, "params": {"gamma": 2.2361008746091176, "prior": 8.998526751551696, "rate": 2.9786928895390963}, "datetime": {"datetime": "2024-04-12 15:08:14", "elapsed": 4256.61927, "delta": 7.428985}}
{"target": -115.85774377376019, "params": {"gamma": 2.1950040700926787, "prior": 3.9132540084507883, "rate": 1.3640495708059652}, "datetime": {"datetime": "2024-04-12 15:08:26", "elapsed": 4267.875452, "delta": 11.256182}}
{"target": -115.85699603214927, "params": {"gamma": 2.209836585295218, "prior": 7.461283809123104, "rate": 2.5975065724709325}, "datetime": {"datetime": "2024-04-12 15:08:38", "elapsed": 4279.718722, "delta": 11.84327}}
{"target": -115.8606141509827, "params": {"gamma": 2.2513521821597298, "prior": 8.345442068294057, "rate": 2.838793851082466}, "datetime": {"datetime": "2024-04-12 15:08:56", "elapsed": 4297.80047, "delta": 18.081748}}
{"target": -115.86325724285221, "params": {"gamma": 2.258797676872979, "prior": 8.180000796512525, "rate": 2.7561257150442047}, "datetime": {"datetime": "2024-04-12 15:09:08", "elapsed": 4310.371106, "delta": 12.570636}}
{"target": -115.85860980001907, "params": {"gamma": 2.2022750529041835, "prior": 4.171144119455365, "rate": 1.45875726964182}, "datetime": {"datetime": "2024-04-12 15:09:23", "elapsed": 4324.92546, "delta": 14.554354}}
{"target": -115.86632670731933, "params": {"gamma": 2.2358889831041058, "prior": 3.0552994917738316, "rate": 0.987061530295941}, "datetime": {"datetime": "2024-04-12 15:09:29", "elapsed": 4331.522604, "delta": 6.597144}}
{"target": -115.85975643765077, "params": {"gamma": 2.241895832565174, "prior": 6.3633962317649395, "rate": 2.100972146180991}, "datetime": {"datetime": "2024-04-12 15:09:44", "elapsed": 4345.976196, "delta": 14.453592}}
{"target": -115.89659395712245, "params": {"gamma": 2.2584406081835775, "prior": 5.420486820975508, "rate": 1.6939101950611528}, "datetime": {"datetime": "2024-04-12 15:10:00", "elapsed": 4362.401654, "delta": 16.425458}}
{"target": -115.90202580478736, "params": {"gamma": 2.152729717246193, "prior": 9.702163421462084, "rate": 3.5647553013973368}, "datetime": {"datetime": "2024-04-12 15:10:16", "elapsed": 4377.98669, "delta": 15.585036}}
{"target": -115.85483770297273, "params": {"gamma": 2.198215964925234, "prior": 1.607870791217533, "rate": 0.555548232903766}, "datetime": {"datetime": "2024-04-12 15:10:31", "elapsed": 4393.01006, "delta": 15.02337}}
{"target": -115.85782336496102, "params": {"gamma": 2.2445155692034016, "prior": 3.398655582450639, "rate": 1.1459769734753165}, "datetime": {"datetime": "2024-04-12 15:10:44", "elapsed": 4406.149341, "delta": 13.139281}}
{"target": -115.85520885772338, "params": {"gamma": 2.1963743933668796, "prior": 9.156425451345006, "rate": 3.0231138144380822}, "datetime": {"datetime": "2024-04-12 15:10:55", "elapsed": 4417.580814, "delta": 11.431473}}
{"target": -115.86438294143316, "params": {"gamma": 2.2346307070908007, "prior": 9.629380390157475, "rate": 3.1216468072035934}, "datetime": {"datetime": "2024-04-12 15:11:09", "elapsed": 4431.374969, "delta": 13.794155}}
{"target": -115.8576682102495, "params": {"gamma": 2.2355683047122854, "prior": 7.841668153291261, "rate": 2.700680600531324}, "datetime": {"datetime": "2024-04-12 15:11:21", "elapsed": 4443.156202, "delta": 11.781233}}
{"target": -115.85239909760001, "params": {"gamma": 2.1980135746747775, "prior": 5.438166192405036, "rate": 1.8524835726306035}, "datetime": {"datetime": "2024-04-12 15:11:33", "elapsed": 4455.49134, "delta": 12.335138}}
{"target": -115.86203857830304, "params": {"gamma": 2.203376336880601, "prior": 6.327242788629031, "rate": 2.230097948091121}, "datetime": {"datetime": "2024-04-12 15:11:46", "elapsed": 4468.067333, "delta": 12.575993}}
{"target": -115.85521928817731, "params": {"gamma": 2.182740468748093, "prior": 2.3423300805430785, "rate": 0.780975627123898}, "datetime": {"datetime": "2024-04-12 15:11:54", "elapsed": 4476.606063, "delta": 8.53873}}
{"target": -115.86232019026235, "params": {"gamma": 2.249254858804555, "prior": 5.120905024819784, "rate": 1.7663388379965135}, "datetime": {"datetime": "2024-04-12 15:12:10", "elapsed": 4491.972273, "delta": 15.36621}}
{"target": -115.8577855436407, "params": {"gamma": 2.1688837500647087, "prior": 8.859502988831547, "rate": 2.9933109114697967}, "datetime": {"datetime": "2024-04-12 15:12:22", "elapsed": 4504.345283, "delta": 12.37301}}
{"target": -115.85963082280223, "params": {"gamma": 2.2043302494406656, "prior": 6.57667837816406, "rate": 2.1403220898364386}, "datetime": {"datetime": "2024-04-12 15:12:33", "elapsed": 4515.608679, "delta": 11.263396}}
{"target": -115.86087499083462, "params": {"gamma": 2.2261247811582603, "prior": 7.426100757485596, "rate": 2.4177224797463963}, "datetime": {"datetime": "2024-04-12 15:12:47", "elapsed": 4529.062522, "delta": 13.453843}}
{"target": -115.85933146799982, "params": {"gamma": 2.2165946350060515, "prior": 4.354594302624677, "rate": 1.4192283494110318}, "datetime": {"datetime": "2024-04-12 15:12:53", "elapsed": 4535.632471, "delta": 6.569949}}
{"target": -115.8600965911994, "params": {"gamma": 2.2097328599076147, "prior": 6.997700989669566, "rate": 2.4554077116336392}, "datetime": {"datetime": "2024-04-12 15:13:07", "elapsed": 4549.189536, "delta": 13.557065}}
{"target": -115.85491015716686, "params": {"gamma": 2.1835697678191046, "prior": 7.193584792191807, "rate": 2.400710341547798}, "datetime": {"datetime": "2024-04-12 15:13:15", "elapsed": 4556.971294, "delta": 7.781758}}
{"target": -115.86687560765719, "params": {"gamma": 2.2661289395179294, "prior": 10.0, "rate": 3.3535091601416656}, "datetime": {"datetime": "2024-04-12 15:13:21", "elapsed": 4563.523365, "delta": 6.552071}}
{"target": -115.85240370371714, "params": {"gamma": 2.1949718683925474, "prior": 5.26779964960199, "rate": 1.7723632806055682}, "datetime": {"datetime": "2024-04-12 15:13:46", "elapsed": 4587.653446, "delta": 24.130081}}
{"target": -115.85902408821188, "params": {"gamma": 2.1821206817151886, "prior": 8.030721144699642, "rate": 2.636939530958884}, "datetime": {"datetime": "2024-04-12 15:13:57", "elapsed": 4598.809251, "delta": 11.155805}}
{"target": -115.87379125815933, "params": {"gamma": 2.1376272378904506, "prior": 5.043245221902375, "rate": 1.6776299929257252}, "datetime": {"datetime": "2024-04-12 15:14:11", "elapsed": 4612.75726, "delta": 13.948009}}
{"target": -115.87901496662116, "params": {"gamma": 2.2069374227336858, "prior": 9.371250047371536, "rate": 2.9523113607918177}, "datetime": {"datetime": "2024-04-12 15:14:22", "elapsed": 4623.877909, "delta": 11.120649}}
{"target": -115.86752428853032, "params": {"gamma": 2.146928762613896, "prior": 4.574765512319009, "rate": 1.5326002868649053}, "datetime": {"datetime": "2024-04-12 15:14:35", "elapsed": 4636.755681, "delta": 12.877772}}
{"target": -115.85662571535732, "params": {"gamma": 2.173218826455774, "prior": 7.333663672150154, "rate": 2.493651468948828}, "datetime": {"datetime": "2024-04-12 15:14:45", "elapsed": 4647.329282, "delta": 10.573601}}
