{"target": -115.88052966424573, "params": {"gamma": 2.2146613658235803, "prior": 5.651304871852922, "rate": 1.777423273981658}, "datetime": {"datetime": "2024-04-12 14:06:02", "elapsed": 524.150016, "delta": 3.726372}}
{"target": -115.8726192326309, "params": {"gamma": 2.196494552064376, "prior": 5.418784519860512, "rate": 1.9439007066623626}, "datetime": {"datetime": "2024-04-12 14:06:07", "elapsed": 528.981982, "delta": 4.831966}}
{"target": -115.86789387600804, "params": {"gamma": 2.192579993318347, "prior": 7.75296127765372, "rate": 2.7596818554320195}, "datetime": {"datetime": "2024-04-12 14:06:13", "elapsed": 535.053593, "delta": 6.071611}}
{"target": -115.85367111199193, "params": {"gamma": 2.2248081689630563, "prior": 10.0, "rate": 3.4088992009775874}, "datetime": {"datetime": "2024-04-12 14:06:18", "elapsed": 540.034384, "delta": 4.980791}}
{"target": -115.85421944167311, "params": {"gamma": 2.2289899467583196, "prior": 6.390396756952707, "rate": 2.174408326297306}, "datetime": {"datetime": "2024-04-12 14:06:24", "elapsed": 545.722221, "delta": 5.687837}}
{"target": -115.9277580432257, "params": {"gamma": 2.102153373039617, "prior": 8.78464262441617, "rate": 3.2046218703539693}, "datetime": {"datetime": "2024-04-12 14:06:29", "elapsed": 550.884322, "delta": 5.162101}}
{"target": -115.88684367148483, "params": {"gamma": 2.172773148172105, "prior": 4.808549810461618, "rate": 1.749472526383953}, "datetime": {"datetime": "2024-04-12 14:06:34", "elapsed": 555.962625, "delta": 5.078303}}
{"target": -115.85481992192422, "params": {"gamma": 2.2101317787571046, "prior": 9.42349338267313, "rate": 3.110228250351877}, "datetime": {"datetime": "2024-04-12 14:06:39", "elapsed": 560.865806, "delta": 4.903181}}
{"target": -116.07512390697642, "params": {"gamma": 2.3957883574687293, "prior": 7.432681992498571, "rate": 2.2360055111730195}, "datetime": {"datetime": "2024-04-12 14:06:45", "elapsed": 566.837054, "delta": 5.971248}}
{"target": -115.96501644985923, "params": {"gamma": 2.1103802469298754, "prior": 7.181254070019827, "rate": 2.1613991404310946}, "datetime": {"datetime": "2024-04-12 14:06:54", "elapsed": 575.745205, "delta": 8.908151}}
{"target": -116.06456375719108, "params": {"gamma": 2.250590667502202, "prior": 8.584119563189617, "rate": 2.39032773680491}, "datetime": {"datetime": "2024-04-12 14:06:59", "elapsed": 581.582611, "delta": 5.837406}}
{"target": -115.91084547259383, "params": {"gamma": 2.2131274133402847, "prior": 4.274076257226301, "rate": 1.5960846935280935}, "datetime": {"datetime": "2024-04-12 14:07:05", "elapsed": 587.347774, "delta": 5.765163}}
{"target": -115.8558422918355, "params": {"gamma": 2.2366486278810043, "prior": 7.438333250560109, "rate": 2.4928985109965103}, "datetime": {"datetime": "2024-04-12 14:07:11", "elapsed": 593.018798, "delta": 5.671024}}
{"target": -115.89311287246771, "params": {"gamma": 2.1188151230675167, "prior": 8.299298003783774, "rate": 2.9241735761049417}, "datetime": {"datetime": "2024-04-12 14:07:14", "elapsed": 595.922921, "delta": 2.904123}}
{"target": -115.85184472935352, "params": {"gamma": 2.2087976822915203, "prior": 8.857677298375568, "rate": 2.979516930618913}, "datetime": {"datetime": "2024-04-12 14:07:21", "elapsed": 603.202454, "delta": 7.279533}}
{"target": -115.93863879308063, "params": {"gamma": 2.3435287316559705, "prior": 6.93378176680554, "rate": 2.4203225219842137}, "datetime": {"datetime": "2024-04-12 14:07:27", "elapsed": 608.68743, "delta": 5.484976}}
{"target": -115.8676027329125, "params": {"gamma": 2.1459865006663565, "prior": 6.058633905004404, "rate": 2.0392300414845934}, "datetime": {"datetime": "2024-04-12 14:07:31", "elapsed": 613.599814, "delta": 4.912384}}
{"target": -115.89316521188269, "params": {"gamma": 2.246016071214584, "prior": 2.6791737726084506, "rate": 0.8360478455310484}, "datetime": {"datetime": "2024-04-12 14:07:36", "elapsed": 617.658772, "delta": 4.058958}}
{"target": -115.92259149669758, "params": {"gamma": 2.3254621662584265, "prior": 3.3698275589074598, "rate": 1.0854436566804486}, "datetime": {"datetime": "2024-04-12 14:07:41", "elapsed": 623.382039, "delta": 5.723267}}
{"target": -115.96609033788403, "params": {"gamma": 2.044149369350407, "prior": 10.0, "rate": 3.387779094784537}, "datetime": {"datetime": "2024-04-12 14:07:45", "elapsed": 627.046703, "delta": 3.664664}}
{"target": -115.87304812036422, "params": {"gamma": 2.2259788915750343, "prior": 8.534909283597013, "rate": 2.716555272999282}, "datetime": {"datetime": "2024-04-12 14:07:54", "elapsed": 636.224012, "delta": 9.177309}}
{"target": -115.85814303044857, "params": {"gamma": 2.2126571620445845, "prior": 9.14862590556566, "rate": 3.193600299264273}, "datetime": {"datetime": "2024-04-12 14:07:59", "elapsed": 641.036217, "delta": 4.812205}}
{"target": -115.85326602036571, "params": {"gamma": 2.2242454851298477, "prior": 9.827807775430365, "rate": 3.338510583988057}, "datetime": {"datetime": "2024-04-12 14:08:05", "elapsed": 646.894207, "delta": 5.85799}}
{"target": -115.85760481059634, "params": {"gamma": 2.224653789658741, "prior": 1.4667012433914728, "rate": 0.5091797170818275}, "datetime": {"datetime": "2024-04-12 14:08:07", "elapsed": 649.603703, "delta": 2.709496}}
{"target": -115.85977660683223, "params": {"gamma": 2.177877399727858, "prior": 8.11968908257849, "rate": 2.6681735398109154}, "datetime": {"datetime": "2024-04-12 14:08:13", "elapsed": 654.892383, "delta": 5.28868}}
{"target": -116.16820948702679, "params": {"gamma": 2.1292952436581216, "prior": 1.2296766531716334, "rate": 0.3280485811138365}, "datetime": {"datetime": "2024-04-12 14:08:16", "elapsed": 657.711831, "delta": 2.819448}}
{"target": -115.85190850083463, "params": {"gamma": 2.207309863862143, "prior": 4.0538641545642315, "rate": 1.3616848548527385}, "datetime": {"datetime": "2024-04-12 14:08:21", "elapsed": 663.26864, "delta": 5.556809}}
{"target": -116.21267522768647, "params": {"gamma": 2.0366434448488464, "prior": 7.869706242428255, "rate": 2.1447070923103304}, "datetime": {"datetime": "2024-04-12 14:08:24", "elapsed": 666.187899, "delta": 2.919259}}
{"target": -116.18247568791098, "params": {"gamma": 2.0529900252117366, "prior": 5.74594802015927, "rate": 1.5722204243915112}, "datetime": {"datetime": "2024-04-12 14:08:34", "elapsed": 676.299396, "delta": 10.111497}}
{"target": -115.85237683374419, "params": {"gamma": 2.196273119246372, "prior": 5.211361365828564, "rate": 1.7505122478197068}, "datetime": {"datetime": "2024-04-12 14:08:40", "elapsed": 682.258344, "delta": 5.958948}}
{"target": -115.89190770543458, "params": {"gamma": 2.277890106659177, "prior": 7.887202497947788, "rate": 2.5122117697655697}, "datetime": {"datetime": "2024-04-12 14:08:45", "elapsed": 686.883036, "delta": 4.624692}}
{"target": -115.85827955937297, "params": {"gamma": 2.1697975014964817, "prior": 7.042074266694831, "rate": 2.4103867046984386}, "datetime": {"datetime": "2024-04-12 14:08:50", "elapsed": 692.217261, "delta": 5.334225}}
{"target": -115.8674667951384, "params": {"gamma": 2.2666944216316494, "prior": 5.708698775777381, "rate": 1.942293721503094}, "datetime": {"datetime": "2024-04-12 14:08:55", "elapsed": 697.433582, "delta": 5.216321}}
{"target": -115.89131300276127, "params": {"gamma": 2.2462803480701474, "prior": 5.9015576314812535, "rate": 2.145212959388036}, "datetime": {"datetime": "2024-04-12 14:08:59", "elapsed": 700.898005, "delta": 3.464423}}
{"target": -115.86175594444576, "params": {"gamma": 2.241053725777469, "prior": 4.87936473428587, "rate": 1.5987960512842299}, "datetime": {"datetime": "2024-04-12 14:09:04", "elapsed": 706.460367, "delta": 5.562362}}
{"target": -116.14884584395263, "params": {"gamma": 2.2061300120329137, "prior": 9.146779009574079, "rate": 3.8634545331555583}, "datetime": {"datetime": "2024-04-12 14:09:07", "elapsed": 709.6093, "delta": 3.148933}}
{"target": -115.86261280242016, "params": {"gamma": 2.222086697376614, "prior": 8.639580196874837, "rate": 3.0400038606412063}, "datetime": {"datetime": "2024-04-12 14:09:11", "elapsed": 712.922464, "delta": 3.313164}}
{"target": -115.87346023179289, "params": {"gamma": 2.2210608318893055, "prior": 9.563949911297264, "rate": 3.4285548835960036}, "datetime": {"datetime": "2024-04-12 14:09:14", "elapsed": 715.877765, "delta": 2.955301}}
{"target": -115.85727411179731, "params": {"gamma": 2.1707520006451886, "prior": 5.525084093519438, "rate": 1.8615115563732278}, "datetime": {"datetime": "2024-04-12 14:09:20", "elapsed": 722.142983, "delta": 6.265218}}
{"target": -115.85294413648931, "params": {"gamma": 2.1945929255717314, "prior": 6.661298573439391, "rate": 2.2278473725482417}, "datetime": {"datetime": "2024-04-12 14:09:28", "elapsed": 730.463126, "delta": 8.320143}}
{"target": -115.9151601249196, "params": {"gamma": 2.157799223141077, "prior": 8.849538906130809, "rate": 2.7111967812771955}, "datetime": {"datetime": "2024-04-12 14:09:34", "elapsed": 736.08625, "delta": 5.623124}}
{"target": -115.88395308166264, "params": {"gamma": 2.28419032628502, "prior": 7.278727353773528, "rate": 2.5371838903783344}, "datetime": {"datetime": "2024-04-12 14:09:38", "elapsed": 740.134522, "delta": 4.048272}}
{"target": -115.85882576345345, "params": {"gamma": 2.2023591825949507, "prior": 3.7296035141408077, "rate": 1.2163759707390824}, "datetime": {"datetime": "2024-04-12 14:09:44", "elapsed": 745.769355, "delta": 5.634833}}
{"target": -115.87299974378956, "params": {"gamma": 2.1374250852117607, "prior": 3.2938734479104252, "rate": 1.1288869968879744}, "datetime": {"datetime": "2024-04-12 14:09:50", "elapsed": 752.18988, "delta": 6.420525}}
{"target": -115.88165906348944, "params": {"gamma": 2.156332870558393, "prior": 1.486889011289569, "rate": 0.4741720479570844}, "datetime": {"datetime": "2024-04-12 14:10:00", "elapsed": 762.020239, "delta": 9.830359}}
{"target": -115.85349040436047, "params": {"gamma": 2.1923792337235812, "prior": 7.662662919996698, "rate": 2.55702847805035}, "datetime": {"datetime": "2024-04-12 14:10:05", "elapsed": 767.049064, "delta": 5.028825}}
{"target": -115.86694706780287, "params": {"gamma": 2.150284020498282, "prior": 9.665883965573775, "rate": 3.2147161921141714}, "datetime": {"datetime": "2024-04-12 14:10:09", "elapsed": 770.716502, "delta": 3.667438}}
{"target": -115.86526441793477, "params": {"gamma": 2.1521893374297236, "prior": 4.626809240987363, "rate": 1.5859908593528522}, "datetime": {"datetime": "2024-04-12 14:10:18", "elapsed": 779.753692, "delta": 9.03719}}
{"target": -115.97047372284307, "params": {"gamma": 2.343783704710055, "prior": 1.6179806285494853, "rate": 0.5895628532783453}, "datetime": {"datetime": "2024-04-12 14:10:21", "elapsed": 782.97172, "delta": 3.218028}}
{"target": -115.85591191532069, "params": {"gamma": 2.2355602739232223, "prior": 6.252911981115293, "rate": 2.1324115065642}, "datetime": {"datetime": "2024-04-12 14:10:25", "elapsed": 787.154495, "delta": 4.182775}}
{"target": -115.85747381579591, "params": {"gamma": 2.204309486771882, "prior": 3.7614139309490318, "rate": 1.3116187339774943}, "datetime": {"datetime": "2024-04-12 14:10:30", "elapsed": 792.451178, "delta": 5.296683}}
{"target": -115.85585298527246, "params": {"gamma": 2.1784568440988243, "prior": 9.294792821769777, "rate": 3.17980991492943}, "datetime": {"datetime": "2024-04-12 14:10:34", "elapsed": 796.391771, "delta": 3.940593}}
{"target": -115.867296366981, "params": {"gamma": 2.192853123112671, "prior": 5.955708487171861, "rate": 1.911900436095038}, "datetime": {"datetime": "2024-04-12 14:10:41", "elapsed": 803.341446, "delta": 6.949675}}
{"target": -115.86504436592043, "params": {"gamma": 2.205892801621159, "prior": 2.910655699488027, "rate": 0.9366043192709225}, "datetime": {"datetime": "2024-04-12 14:10:46", "elapsed": 808.461354, "delta": 5.119908}}
{"target": -115.89219304511339, "params": {"gamma": 2.2451851802924447, "prior": 8.309300070231181, "rate": 3.0247805819917084}, "datetime": {"datetime": "2024-04-12 14:10:51", "elapsed": 813.18011, "delta": 4.718756}}
{"target": -115.90911255915668, "params": {"gamma": 2.313453549916056, "prior": 3.958846556355041, "rate": 1.3863796398653139}, "datetime": {"datetime": "2024-04-12 14:10:58", "elapsed": 820.634325, "delta": 7.454215}}
{"target": -115.88841020780993, "params": {"gamma": 2.162168506847725, "prior": 7.478226929129322, "rate": 2.354191568339819}, "datetime": {"datetime": "2024-04-12 14:11:03", "elapsed": 824.968378, "delta": 4.334053}}
{"target": -115.87306217555462, "params": {"gamma": 2.201073141197588, "prior": 3.4808935440258333, "rate": 1.2497618173403353}, "datetime": {"datetime": "2024-04-12 14:11:08", "elapsed": 830.426981, "delta": 5.458603}}
{"target": -115.9153604880625, "params": {"gamma": 2.17535507401893, "prior": 9.842237356657915, "rate": 3.6858788637674595}, "datetime": {"datetime": "2024-04-12 14:11:12", "elapsed": 833.724786, "delta": 3.297805}}
{"target": -115.87553781702967, "params": {"gamma": 2.267264129613285, "prior": 5.291183107204784, "rate": 1.8517805125516198}, "datetime": {"datetime": "2024-04-12 14:11:16", "elapsed": 838.390942, "delta": 4.666156}}
{"target": -115.89043918756725, "params": {"gamma": 2.3019930542526104, "prior": 4.409631448099692, "rate": 1.4980438089124528}, "datetime": {"datetime": "2024-04-12 14:11:24", "elapsed": 846.20501, "delta": 7.814068}}
{"target": -115.89822302314874, "params": {"gamma": 2.2587830911631723, "prior": 8.295412470959413, "rate": 2.5879649565849197}, "datetime": {"datetime": "2024-04-12 14:11:30", "elapsed": 851.838774, "delta": 5.633764}}
{"target": -115.85594793020066, "params": {"gamma": 2.213767822178855, "prior": 8.103886420917773, "rate": 2.810202304243714}, "datetime": {"datetime": "2024-04-12 14:11:33", "elapsed": 855.508784, "delta": 3.67001}}
{"target": -115.87219945218258, "params": {"gamma": 2.200947652062282, "prior": 2.158624589313313, "rate": 0.7740593489516875}, "datetime": {"datetime": "2024-04-12 14:11:41", "elapsed": 862.886368, "delta": 7.377584}}
{"target": -115.85689768182725, "params": {"gamma": 2.1812230398764294, "prior": 6.506309771748935, "rate": 2.1542698409205943}, "datetime": {"datetime": "2024-04-12 14:11:46", "elapsed": 868.500251, "delta": 5.613883}}
{"target": -115.85591693475581, "params": {"gamma": 2.23063829285175, "prior": 10.0, "rate": 3.434507371386146}, "datetime": {"datetime": "2024-04-12 14:11:54", "elapsed": 875.804352, "delta": 7.304101}}
{"target": -115.86661092985622, "params": {"gamma": 2.156715956834255, "prior": 7.917165000287908, "rate": 2.754310759127401}, "datetime": {"datetime": "2024-04-12 14:12:00", "elapsed": 882.171014, "delta": 6.366662}}
{"target": -115.85901588428885, "params": {"gamma": 2.1670168155136706, "prior": 8.472487384310005, "rate": 2.8357823014464554}, "datetime": {"datetime": "2024-04-12 14:12:06", "elapsed": 888.103061, "delta": 5.932047}}
{"target": -115.8579291115481, "params": {"gamma": 2.174815123369425, "prior": 5.0296681449927325, "rate": 1.7325921911894548}, "datetime": {"datetime": "2024-04-12 14:12:11", "elapsed": 892.909313, "delta": 4.806252}}
{"target": -115.95056049441715, "params": {"gamma": 2.100478469817606, "prior": 6.319330264281966, "rate": 2.358909209422018}, "datetime": {"datetime": "2024-04-12 14:12:15", "elapsed": 897.339821, "delta": 4.430508}}
{"target": -115.85427637635455, "params": {"gamma": 2.219969527064468, "prior": 9.574760827014527, "rate": 3.1764489850357447}, "datetime": {"datetime": "2024-04-12 14:12:19", "elapsed": 900.953714, "delta": 3.613893}}
{"target": -116.5953739028349, "params": {"gamma": 2.023596883073459, "prior": 9.626030701244154, "rate": 2.2818257593128206}, "datetime": {"datetime": "2024-04-12 14:12:28", "elapsed": 910.430501, "delta": 9.476787}}
{"target": -115.8581250619855, "params": {"gamma": 2.215937508704794, "prior": 4.238895466083968, "rate": 1.4785940572861167}, "datetime": {"datetime": "2024-04-12 14:12:33", "elapsed": 914.782454, "delta": 4.351953}}
{"target": -115.95089485318952, "params": {"gamma": 2.222100094942515, "prior": 8.854102294888774, "rate": 3.4008817979059165}, "datetime": {"datetime": "2024-04-12 14:12:37", "elapsed": 919.493185, "delta": 4.710731}}
{"target": -115.85275888216101, "params": {"gamma": 2.218024416708273, "prior": 9.004387704056493, "rate": 3.068606166326937}, "datetime": {"datetime": "2024-04-12 14:12:46", "elapsed": 927.751952, "delta": 8.258767}}
{"target": -115.85601242675146, "params": {"gamma": 2.218852318354575, "prior": 6.845867592213802, "rate": 2.254022790414749}, "datetime": {"datetime": "2024-04-12 14:12:50", "elapsed": 931.829838, "delta": 4.077886}}
{"target": -115.85675534829467, "params": {"gamma": 2.1886714179421385, "prior": 2.4395637735421296, "rate": 0.8458825376422072}, "datetime": {"datetime": "2024-04-12 14:12:55", "elapsed": 937.044001, "delta": 5.214163}}
{"target": -115.8589272130595, "params": {"gamma": 2.167164588276899, "prior": 7.124191467404137, "rate": 2.4345873160043046}, "datetime": {"datetime": "2024-04-12 14:13:02", "elapsed": 944.44182, "delta": 7.397819}}
{"target": -115.86383672460207, "params": {"gamma": 2.1688905283201407, "prior": 3.040703270578771, "rate": 1.0628653606464968}, "datetime": {"datetime": "2024-04-12 14:13:07", "elapsed": 949.187579, "delta": 4.745759}}
{"target": -115.90318014653802, "params": {"gamma": 2.2022049631881355, "prior": 4.294033726665079, "rate": 1.317709222056281}, "datetime": {"datetime": "2024-04-12 14:13:11", "elapsed": 952.677492, "delta": 3.489913}}
{"target": -116.46123188377051, "params": {"gamma": 2.23116798589151, "prior": 9.658016065863924, "rate": 4.46553725484043}, "datetime": {"datetime": "2024-04-12 14:13:17", "elapsed": 958.95935, "delta": 6.281858}}
{"target": -115.85539972181246, "params": {"gamma": 2.202238112770794, "prior": 9.8630942740695, "rate": 3.249356310132179}, "datetime": {"datetime": "2024-04-12 14:13:25", "elapsed": 967.434206, "delta": 8.474856}}
{"target": -115.8875361809094, "params": {"gamma": 2.251536138134156, "prior": 9.55260730529506, "rate": 3.0080166197330063}, "datetime": {"datetime": "2024-04-12 14:13:30", "elapsed": 972.184984, "delta": 4.750778}}
{"target": -116.01709750604087, "params": {"gamma": 2.165295085230782, "prior": 1.486311714727293, "rate": 0.5934833100801409}, "datetime": {"datetime": "2024-04-12 14:13:33", "elapsed": 975.396017, "delta": 3.211033}}
{"target": -115.89561175632426, "params": {"gamma": 2.216422891962762, "prior": 6.685284622746402, "rate": 2.4612121761847843}, "datetime": {"datetime": "2024-04-12 14:13:42", "elapsed": 984.410658, "delta": 9.014641}}
{"target": -115.89050183724393, "params": {"gamma": 2.1126489470901415, "prior": 3.9472419761540665, "rate": 1.35488958022883}, "datetime": {"datetime": "2024-04-12 14:13:53", "elapsed": 995.114823, "delta": 10.704165}}
{"target": -115.87345031372749, "params": {"gamma": 2.206434511229222, "prior": 3.636618070833784, "rate": 1.1544025214892473}, "datetime": {"datetime": "2024-04-12 14:13:58", "elapsed": 1000.079908, "delta": 4.965085}}
{"target": -115.85429953060334, "params": {"gamma": 2.199726049702185, "prior": 6.14431438235323, "rate": 2.033949509657109}, "datetime": {"datetime": "2024-04-12 14:14:03", "elapsed": 1004.712593, "delta": 4.632685}}
{"target": -115.85302505804793, "params": {"gamma": 2.2182168763023977, "prior": 9.329801485099836, "rate": 3.115344271965449}, "datetime": {"datetime": "2024-04-12 14:14:08", "elapsed": 1010.010047, "delta": 5.297454}}
{"target": -115.87035314606892, "params": {"gamma": 2.250973531595736, "prior": 9.816139206560731, "rate": 3.4526186121301463}, "datetime": {"datetime": "2024-04-12 14:14:14", "elapsed": 1016.097764, "delta": 6.087717}}
{"target": -115.8798835648791, "params": {"gamma": 2.282079729362561, "prior": 8.70175751683884, "rate": 2.8560769853152954}, "datetime": {"datetime": "2024-04-12 14:14:17", "elapsed": 1019.548428, "delta": 3.450664}}
{"target": -115.85249882695821, "params": {"gamma": 2.215509182580306, "prior": 4.761191285981517, "rate": 1.5939850750502593}, "datetime": {"datetime": "2024-04-12 14:14:22", "elapsed": 1024.180799, "delta": 4.632371}}
{"target": -115.85571322949323, "params": {"gamma": 2.203376049889345, "prior": 2.7351972169895276, "rate": 0.9487111836559438}, "datetime": {"datetime": "2024-04-12 14:14:27", "elapsed": 1028.757574, "delta": 4.576775}}
{"target": -115.86034202089017, "params": {"gamma": 2.2151715214820578, "prior": 9.083049259125186, "rate": 2.952431858990752}, "datetime": {"datetime": "2024-04-12 14:14:34", "elapsed": 1036.242026, "delta": 7.484452}}
{"target": -115.87898925354524, "params": {"gamma": 2.1623351197529055, "prior": 8.05382687790169, "rate": 2.5691041203196248}, "datetime": {"datetime": "2024-04-12 14:14:39", "elapsed": 1041.007272, "delta": 4.765246}}
{"target": -115.85219159376902, "params": {"gamma": 2.2007802496335582, "prior": 7.700860781271461, "rate": 2.6218507812772165}, "datetime": {"datetime": "2024-04-12 14:14:45", "elapsed": 1047.309948, "delta": 6.302676}}
{"target": -115.9508816126773, "params": {"gamma": 2.1269235098114976, "prior": 6.931882711764689, "rate": 2.630978569488238}, "datetime": {"datetime": "2024-04-12 14:14:52", "elapsed": 1054.325277, "delta": 7.015329}}
{"target": -115.86144252945488, "params": {"gamma": 2.2542259543687866, "prior": 2.287824389368275, "rate": 0.7682913680068059}, "datetime": {"datetime": "2024-04-12 14:14:58", "elapsed": 1060.513712, "delta": 6.188435}}
{"target": -115.85802766545758, "params": {"gamma": 2.238134996361654, "prior": 2.5062404306247426, "rate": 0.829899324781423}, "datetime": {"datetime": "2024-04-12 14:15:03", "elapsed": 1065.175538, "delta": 4.661826}}
{"target": -115.85192357986723, "params": {"gamma": 2.204000454537039, "prior": 8.270725167260624, "rate": 2.809751732599936}, "datetime": {"datetime": "2024-04-12 14:15:09", "elapsed": 1070.767228, "delta": 5.59169}}
