{"target": -139.91569237354437, "params": {"gamma": 0.22838393624519446, "lr": 0.8880454976362456}, "datetime": {"datetime": "2024-03-29 22:36:24", "elapsed": 1379.9048, "delta": 9.250374}}
{"target": -198.75979682631402, "params": {"gamma": 0.9015832708044129, "lr": 0.7720262673919563}, "datetime": {"datetime": "2024-03-29 22:36:35", "elapsed": 1390.449112, "delta": 10.544312}}
{"target": -194.065149386439, "params": {"gamma": 1.1771463943745473, "lr": 0.30702131100572083}, "datetime": {"datetime": "2024-03-29 22:36:44", "elapsed": 1399.400825, "delta": 8.951713}}
{"target": -135.64092635592058, "params": {"gamma": 0.14024869447220167, "lr": 0.6668682829111461}, "datetime": {"datetime": "2024-03-29 22:36:55", "elapsed": 1410.422736, "delta": 11.021911}}
{"target": -139.32893241548476, "params": {"gamma": 0.05157738079486715, "lr": 0.8639466386649819}, "datetime": {"datetime": "2024-03-29 22:37:01", "elapsed": 1416.834733, "delta": 6.411997}}
{"target": -157.4442143103054, "params": {"gamma": 0.43817443956468766, "lr": 0.9995606464076509}, "datetime": {"datetime": "2024-03-29 22:37:12", "elapsed": 1427.470062, "delta": 10.635329}}
{"target": -146.52044976982918, "params": {"gamma": 0.579332089836181, "lr": 0.5722362805082872}, "datetime": {"datetime": "2024-03-29 22:37:21", "elapsed": 1437.044297, "delta": 9.574235}}
{"target": -164.70356240185055, "params": {"gamma": 0.8611661216296286, "lr": 0.30155627966356935}, "datetime": {"datetime": "2024-03-29 22:37:27", "elapsed": 1442.866859, "delta": 5.822562}}
{"target": -675.9375095274812, "params": {"gamma": 3.7796698290783763, "lr": 0.8020387954120906}, "datetime": {"datetime": "2024-03-29 22:37:31", "elapsed": 1446.905018, "delta": 4.038159}}
{"target": -134.41641213172628, "params": {"gamma": 0.5246763752976008, "lr": 0.36589764922873713}, "datetime": {"datetime": "2024-03-29 22:37:41", "elapsed": 1456.823333, "delta": 9.918315}}
{"target": -136.10883982754245, "params": {"gamma": 0.33292358715685316, "lr": 0.5598322582119942}, "datetime": {"datetime": "2024-03-29 22:37:51", "elapsed": 1466.367705, "delta": 9.544372}}
{"target": -2357.8198902057297, "params": {"gamma": 9.060873444957423, "lr": 0.12284501100394996}, "datetime": {"datetime": "2024-03-29 22:37:55", "elapsed": 1470.566431, "delta": 4.198726}}
{"target": -249.6518790752427, "params": {"gamma": 1.5318555900870814, "lr": 0.21349634514509286}, "datetime": {"datetime": "2024-03-29 22:38:12", "elapsed": 1487.518602, "delta": 16.952171}}
{"target": -281.308285946427, "params": {"gamma": 2.3970794645901625, "lr": 0.37373389439149274}, "datetime": {"datetime": "2024-03-29 22:38:21", "elapsed": 1496.793608, "delta": 9.275006}}
{"target": -138.99121244457146, "params": {"gamma": 0.054760566566350234, "lr": 0.5696265790732146}, "datetime": {"datetime": "2024-03-29 22:38:33", "elapsed": 1508.7107, "delta": 11.917092}}
{"target": -139.8233299040834, "params": {"gamma": 0.2140633411331449, "lr": 0.1565999720186571}, "datetime": {"datetime": "2024-03-29 22:38:44", "elapsed": 1519.642891, "delta": 10.932191}}
{"target": -175.83142253950376, "params": {"gamma": 0.8206582103022633, "lr": 0.7031039254812197}, "datetime": {"datetime": "2024-03-29 22:38:55", "elapsed": 1530.978309, "delta": 11.335418}}
{"target": -1213.860017530701, "params": {"gamma": 7.793152136890645, "lr": 0.7358159854528827}, "datetime": {"datetime": "2024-03-29 22:38:59", "elapsed": 1534.900058, "delta": 3.921749}}
{"target": -866.0185523128787, "params": {"gamma": 6.21818362271842, "lr": 0.6279181116481095}, "datetime": {"datetime": "2024-03-29 22:39:03", "elapsed": 1538.864469, "delta": 3.964411}}
{"target": -567.5918389208739, "params": {"gamma": 3.2602612256837884, "lr": 0.7746400832917184}, "datetime": {"datetime": "2024-03-29 22:39:07", "elapsed": 1542.820111, "delta": 3.955642}}
{"target": -134.87592495099145, "params": {"gamma": 0.2124145133323682, "lr": 0.6246810692982485}, "datetime": {"datetime": "2024-03-29 22:39:16", "elapsed": 1552.009359, "delta": 9.189248}}
{"target": -182.4567398576359, "params": {"gamma": 1.3212107489995968, "lr": 0.334041707074322}, "datetime": {"datetime": "2024-03-29 22:39:29", "elapsed": 1565.236139, "delta": 13.22678}}
{"target": -151.70722980304686, "params": {"gamma": 0.6936063522522545, "lr": 0.3051504575208427}, "datetime": {"datetime": "2024-03-29 22:39:41", "elapsed": 1576.870218, "delta": 11.634079}}
{"target": -272.141697381098, "params": {"gamma": 1.5951476290974533, "lr": 0.6687816977192739}, "datetime": {"datetime": "2024-03-29 22:39:51", "elapsed": 1586.543569, "delta": 9.673351}}
{"target": -141.8650187664823, "params": {"gamma": 0.00309661367915649, "lr": 0.7318497976245982}, "datetime": {"datetime": "2024-03-29 22:39:59", "elapsed": 1594.496349, "delta": 7.95278}}
{"target": -214.12370804424768, "params": {"gamma": 0.7364583154703324, "lr": 1.0}, "datetime": {"datetime": "2024-03-29 22:40:11", "elapsed": 1606.746403, "delta": 12.250054}}
{"target": -136.66399249283901, "params": {"gamma": 0.09156506621585256, "lr": 0.2672385099965391}, "datetime": {"datetime": "2024-03-29 22:40:24", "elapsed": 1619.978517, "delta": 13.232114}}
{"target": -142.09517201478903, "params": {"gamma": 0.9083291829506628, "lr": 0.0}, "datetime": {"datetime": "2024-03-29 22:40:39", "elapsed": 1635.059955, "delta": 15.081438}}
{"target": -142.09517201478903, "params": {"gamma": 0.0423731569118571, "lr": 0.0}, "datetime": {"datetime": "2024-03-29 22:40:47", "elapsed": 1642.739791, "delta": 7.679836}}
{"target": -139.68697569554914, "params": {"gamma": 0.04124678217213534, "lr": 1.0}, "datetime": {"datetime": "2024-03-29 22:40:58", "elapsed": 1653.790555, "delta": 11.050764}}
{"target": -256.9110260385298, "params": {"gamma": 2.066213623421729, "lr": 0.44078527097557213}, "datetime": {"datetime": "2024-03-29 22:41:06", "elapsed": 1661.890425, "delta": 8.09987}}
{"target": -137.127891667849, "params": {"gamma": 0.14948792703959468, "lr": 0.8108381896331764}, "datetime": {"datetime": "2024-03-29 22:41:17", "elapsed": 1672.522411, "delta": 10.631986}}
{"target": -1838.5887185585398, "params": {"gamma": 5.067973419542996, "lr": 0.020469736447465303}, "datetime": {"datetime": "2024-03-29 22:41:21", "elapsed": 1676.778002, "delta": 4.255591}}
{"target": -142.09517201478903, "params": {"gamma": 0.8352201981959105, "lr": 0.0}, "datetime": {"datetime": "2024-03-29 22:41:27", "elapsed": 1682.756002, "delta": 5.978}}
{"target": -144.80355809405722, "params": {"gamma": 0.8204883978618557, "lr": 0.36125201074047897}, "datetime": {"datetime": "2024-03-29 22:41:37", "elapsed": 1693.244103, "delta": 10.488101}}
{"target": -142.09517201478903, "params": {"gamma": 0.2411453551826804, "lr": 0.0}, "datetime": {"datetime": "2024-03-29 22:41:49", "elapsed": 1704.813553, "delta": 11.56945}}
{"target": -369.9096401828774, "params": {"gamma": 3.36284920244491, "lr": 0.4161465218227038}, "datetime": {"datetime": "2024-03-29 22:41:59", "elapsed": 1714.560877, "delta": 9.747324}}
{"target": -330.06856269625126, "params": {"gamma": 2.0301556023393097, "lr": 0.7041911423083834}, "datetime": {"datetime": "2024-03-29 22:42:11", "elapsed": 1726.797372, "delta": 12.236495}}
{"target": -142.0671485141983, "params": {"gamma": 0.001, "lr": 0.04284229204742465}, "datetime": {"datetime": "2024-03-29 22:42:24", "elapsed": 1739.349222, "delta": 12.55185}}
{"target": -613.7092103822214, "params": {"gamma": 4.000691575379724, "lr": 0.7019751779109304}, "datetime": {"datetime": "2024-03-29 22:42:27", "elapsed": 1743.254818, "delta": 3.905596}}
{"target": -152.80304125506544, "params": {"gamma": 0.6995309384258613, "lr": 0.5446959922272414}, "datetime": {"datetime": "2024-03-29 22:42:41", "elapsed": 1757.237416, "delta": 13.982598}}
{"target": -137.0628903779915, "params": {"gamma": 0.09644610638270518, "lr": 0.46775118321294706}, "datetime": {"datetime": "2024-03-29 22:42:52", "elapsed": 1767.391036, "delta": 10.15362}}
{"target": -139.18035581074, "params": {"gamma": 0.044753993108069386, "lr": 0.3716404973102859}, "datetime": {"datetime": "2024-03-29 22:43:00", "elapsed": 1775.426024, "delta": 8.034988}}
{"target": -493.88370076428635, "params": {"gamma": 2.0815100431495646, "lr": 1.0}, "datetime": {"datetime": "2024-03-29 22:43:16", "elapsed": 1792.161546, "delta": 16.735522}}
{"target": -129.30401364759638, "params": {"gamma": 0.3153266927123004, "lr": 0.42469400576148064}, "datetime": {"datetime": "2024-03-29 22:43:33", "elapsed": 1809.009968, "delta": 16.848422}}
{"target": -172.58282854863123, "params": {"gamma": 0.952095366177543, "lr": 0.24060836551386222}, "datetime": {"datetime": "2024-03-29 22:43:46", "elapsed": 1821.576312, "delta": 12.566344}}
{"target": -180.93269412701193, "params": {"gamma": 1.0401573091057454, "lr": 0.228809197638}, "datetime": {"datetime": "2024-03-29 22:44:05", "elapsed": 1840.646317, "delta": 19.070005}}
{"target": -149.9526906645092, "params": {"gamma": 0.30805894496042197, "lr": 1.0}, "datetime": {"datetime": "2024-03-29 22:44:13", "elapsed": 1848.822037, "delta": 8.17572}}
{"target": -268.1053897776303, "params": {"gamma": 1.8537397155732116, "lr": 0.5278323841209683}, "datetime": {"datetime": "2024-03-29 22:44:27", "elapsed": 1862.661382, "delta": 13.839345}}
{"target": -139.43992036971636, "params": {"gamma": 0.041973893410763005, "lr": 0.5085911429083768}, "datetime": {"datetime": "2024-03-29 22:44:46", "elapsed": 1882.115648, "delta": 19.454266}}
{"target": -136.7216806323137, "params": {"gamma": 0.4049351013286637, "lr": 0.5326237833918308}, "datetime": {"datetime": "2024-03-29 22:44:54", "elapsed": 1890.152346, "delta": 8.036698}}
{"target": -146.79637545528743, "params": {"gamma": 0.43047877002356966, "lr": 0.1855965690437208}, "datetime": {"datetime": "2024-03-29 22:45:05", "elapsed": 1900.495067, "delta": 10.342721}}
{"target": -156.51702231148838, "params": {"gamma": 0.7497718486005983, "lr": 0.5082366258359179}, "datetime": {"datetime": "2024-03-29 22:45:15", "elapsed": 1910.434572, "delta": 9.939505}}
{"target": -177.05446014957798, "params": {"gamma": 0.5992563207985601, "lr": 0.9482028659598403}, "datetime": {"datetime": "2024-03-29 22:45:26", "elapsed": 1921.989079, "delta": 11.554507}}
{"target": -624.1979585710184, "params": {"gamma": 1.6910469884073775, "lr": 0.0005821674349963946}, "datetime": {"datetime": "2024-03-29 22:45:37", "elapsed": 1932.848617, "delta": 10.859538}}
{"target": -359.66748197620313, "params": {"gamma": 3.2595944058080035, "lr": 0.40763646734923664}, "datetime": {"datetime": "2024-03-29 22:45:52", "elapsed": 1948.136522, "delta": 15.287905}}
{"target": -225.25767564297612, "params": {"gamma": 1.7486222920891312, "lr": 0.47814339169420594}, "datetime": {"datetime": "2024-03-29 22:46:05", "elapsed": 1960.984494, "delta": 12.847972}}
{"target": -134.96955517074505, "params": {"gamma": 0.205424675659129, "lr": 0.5649969776853664}, "datetime": {"datetime": "2024-03-29 22:46:16", "elapsed": 1971.924362, "delta": 10.939868}}
{"target": -334.0111491225308, "params": {"gamma": 1.1765227554830784, "lr": 0.11275340750627849}, "datetime": {"datetime": "2024-03-29 22:46:26", "elapsed": 1982.107824, "delta": 10.183462}}
{"target": -170.89944377456564, "params": {"gamma": 0.5750246815201403, "lr": 0.8741568446174587}, "datetime": {"datetime": "2024-03-29 22:46:37", "elapsed": 1992.794846, "delta": 10.687022}}
{"target": -496.24730029927144, "params": {"gamma": 2.7802102541979448, "lr": 0.1964228146983894}, "datetime": {"datetime": "2024-03-29 22:46:41", "elapsed": 1997.168643, "delta": 4.373797}}
{"target": -151.126392764165, "params": {"gamma": 0.92649437956586, "lr": 0.4073130523114248}, "datetime": {"datetime": "2024-03-29 22:46:48", "elapsed": 2003.802433, "delta": 6.63379}}
{"target": -219.1011205793808, "params": {"gamma": 1.4119657381205495, "lr": 0.5387139246722596}, "datetime": {"datetime": "2024-03-29 22:46:57", "elapsed": 2012.393907, "delta": 8.591474}}
{"target": -432.9132468271508, "params": {"gamma": 2.34867256615851, "lr": 0.8008875521895875}, "datetime": {"datetime": "2024-03-29 22:47:08", "elapsed": 2024.032047, "delta": 11.63814}}
{"target": -199.4487465998359, "params": {"gamma": 0.8030550657926729, "lr": 0.8453620517262682}, "datetime": {"datetime": "2024-03-29 22:47:19", "elapsed": 2034.40053, "delta": 10.368483}}
{"target": -197.97797296259836, "params": {"gamma": 1.0265171329834697, "lr": 0.7190677047163646}, "datetime": {"datetime": "2024-03-29 22:47:25", "elapsed": 2040.676145, "delta": 6.275615}}
{"target": -131.15642597354915, "params": {"gamma": 0.43250154217717035, "lr": 0.4357149574368353}, "datetime": {"datetime": "2024-03-29 22:47:33", "elapsed": 2048.977827, "delta": 8.301682}}
{"target": -137.96114857025466, "params": {"gamma": 0.10502409743812716, "lr": 0.8737496342638555}, "datetime": {"datetime": "2024-03-29 22:47:44", "elapsed": 2060.213881, "delta": 11.236054}}
{"target": -141.8542105761019, "params": {"gamma": 0.6453884341699372, "lr": 0.4983055248784716}, "datetime": {"datetime": "2024-03-29 22:47:52", "elapsed": 2068.029631, "delta": 7.81575}}
{"target": -141.7417541037141, "params": {"gamma": 0.00504056133001231, "lr": 0.17866690404734498}, "datetime": {"datetime": "2024-03-29 22:48:11", "elapsed": 2086.34647, "delta": 18.316839}}
{"target": -482.55376088679566, "params": {"gamma": 2.3481839308763166, "lr": 0.9890106938069273}, "datetime": {"datetime": "2024-03-29 22:48:15", "elapsed": 2090.523343, "delta": 4.176873}}
{"target": -139.75646674418817, "params": {"gamma": 0.3934530382196734, "lr": 0.6456406690886292}, "datetime": {"datetime": "2024-03-29 22:48:25", "elapsed": 2100.761505, "delta": 10.238162}}
{"target": -130.18845764777723, "params": {"gamma": 0.2041218781180208, "lr": 0.3343747504036011}, "datetime": {"datetime": "2024-03-29 22:48:35", "elapsed": 2110.84027, "delta": 10.078765}}
{"target": -240.8920142005896, "params": {"gamma": 1.3587275457457222, "lr": 0.6976432967683253}, "datetime": {"datetime": "2024-03-29 22:48:48", "elapsed": 2124.038286, "delta": 13.198016}}
{"target": -257.0011803006263, "params": {"gamma": 0.6161123214633777, "lr": 0.03822355490987215}, "datetime": {"datetime": "2024-03-29 22:48:59", "elapsed": 2134.95054, "delta": 10.912254}}
{"target": -145.0185823768864, "params": {"gamma": 0.764692845492546, "lr": 0.4314674506029168}, "datetime": {"datetime": "2024-03-29 22:49:07", "elapsed": 2142.55964, "delta": 7.6091}}
{"target": -133.85585174906805, "params": {"gamma": 0.3404541224624156, "lr": 0.2500918648906878}, "datetime": {"datetime": "2024-03-29 22:49:17", "elapsed": 2152.949397, "delta": 10.389757}}
{"target": -158.2438095515583, "params": {"gamma": 0.3270586235754872, "lr": 0.11492066566093288}, "datetime": {"datetime": "2024-03-29 22:49:26", "elapsed": 2161.664547, "delta": 8.71515}}
{"target": -142.09517201478903, "params": {"gamma": 0.7149099878612505, "lr": 0.0}, "datetime": {"datetime": "2024-03-29 22:49:37", "elapsed": 2172.534447, "delta": 10.8699}}
{"target": -163.9054580871262, "params": {"gamma": 1.0939020601690634, "lr": 0.33476545994919404}, "datetime": {"datetime": "2024-03-29 22:49:49", "elapsed": 2184.916275, "delta": 12.381828}}
{"target": -142.02584963961374, "params": {"gamma": 0.001, "lr": 0.6253144828751731}, "datetime": {"datetime": "2024-03-29 22:49:57", "elapsed": 2192.89731, "delta": 7.981035}}
{"target": -243.2898147131895, "params": {"gamma": 1.0964447269227982, "lr": 0.8407121189264576}, "datetime": {"datetime": "2024-03-29 22:50:04", "elapsed": 2199.669872, "delta": 6.772562}}
{"target": -134.70601233118194, "params": {"gamma": 0.2335749335025835, "lr": 0.7149517714666164}, "datetime": {"datetime": "2024-03-29 22:50:15", "elapsed": 2210.674412, "delta": 11.00454}}
{"target": -193.11482386803175, "params": {"gamma": 0.7422236850609074, "lr": 0.8871906703279094}, "datetime": {"datetime": "2024-03-29 22:50:22", "elapsed": 2218.251792, "delta": 7.57738}}
{"target": -334.8131127683899, "params": {"gamma": 2.9670491968942567, "lr": 0.3821003237516095}, "datetime": {"datetime": "2024-03-29 22:50:35", "elapsed": 2230.69472, "delta": 12.442928}}
{"target": -396.2680092633075, "params": {"gamma": 3.4746524819982594, "lr": 0.46084909684996933}, "datetime": {"datetime": "2024-03-29 22:50:44", "elapsed": 2239.640079, "delta": 8.945359}}
{"target": -142.09517201478903, "params": {"gamma": 0.9573109193518893, "lr": 0.0}, "datetime": {"datetime": "2024-03-29 22:50:59", "elapsed": 2254.352503, "delta": 14.712424}}
{"target": -138.16405535402154, "params": {"gamma": 0.4599752443460551, "lr": 0.2806484143559099}, "datetime": {"datetime": "2024-03-29 22:51:14", "elapsed": 2269.76167, "delta": 15.409167}}
{"target": -192.4947785554309, "params": {"gamma": 0.8052116531252055, "lr": 0.16890159002197103}, "datetime": {"datetime": "2024-03-29 22:51:19", "elapsed": 2274.444193, "delta": 4.682523}}
{"target": -176.99349531333849, "params": {"gamma": 0.7256227803922715, "lr": 0.750349019432277}, "datetime": {"datetime": "2024-03-29 22:51:28", "elapsed": 2284.125423, "delta": 9.68123}}
{"target": -136.00881359521952, "params": {"gamma": 0.5876441514996323, "lr": 0.43780579866707914}, "datetime": {"datetime": "2024-03-29 22:51:40", "elapsed": 2296.141656, "delta": 12.016233}}
{"target": -150.8473053928832, "params": {"gamma": 0.37252259927702547, "lr": 0.9544519488187204}, "datetime": {"datetime": "2024-03-29 22:51:50", "elapsed": 2306.045339, "delta": 9.903683}}
{"target": -146.71266534943317, "params": {"gamma": 0.13467653830127246, "lr": 0.041264865627888746}, "datetime": {"datetime": "2024-03-29 22:52:06", "elapsed": 2322.306905, "delta": 16.261566}}
{"target": -240.58480987269255, "params": {"gamma": 0.8786039761250337, "lr": 1.0}, "datetime": {"datetime": "2024-03-29 22:52:14", "elapsed": 2329.512743, "delta": 7.205838}}
{"target": -163.71732545577058, "params": {"gamma": 0.8088444191744097, "lr": 0.55503577457711}, "datetime": {"datetime": "2024-03-29 22:52:24", "elapsed": 2339.444989, "delta": 9.932246}}
{"target": -155.1235683921113, "params": {"gamma": 0.598926574360249, "lr": 0.6981023790422868}, "datetime": {"datetime": "2024-03-29 22:52:41", "elapsed": 2356.761817, "delta": 17.316828}}
{"target": -139.86727553932963, "params": {"gamma": 0.03263715439540796, "lr": 0.2602672283682571}, "datetime": {"datetime": "2024-03-29 22:52:54", "elapsed": 2370.323573, "delta": 13.561756}}
{"target": -133.08136292960987, "params": {"gamma": 0.32173775920798425, "lr": 0.4755831705601764}, "datetime": {"datetime": "2024-03-29 22:53:10", "elapsed": 2385.626476, "delta": 15.302903}}
{"target": -177.30849551502644, "params": {"gamma": 0.6881434769741597, "lr": 0.8129275124528151}, "datetime": {"datetime": "2024-03-29 22:53:17", "elapsed": 2392.503949, "delta": 6.877473}}
{"target": -138.96463383162552, "params": {"gamma": 0.04517711564804939, "lr": 0.7231962853701054}, "datetime": {"datetime": "2024-03-29 22:53:26", "elapsed": 2402.092605, "delta": 9.588656}}
{"target": -262.70519052160984, "params": {"gamma": 2.1752647609798776, "lr": 0.3399297976197544}, "datetime": {"datetime": "2024-03-29 22:53:43", "elapsed": 2419.154506, "delta": 17.061901}}
{"target": -136.17897772334575, "params": {"gamma": 0.13022503774337296, "lr": 0.5557202233502917}, "datetime": {"datetime": "2024-03-29 22:53:51", "elapsed": 2426.452839, "delta": 7.298333}}
{"target": -135.10144153812715, "params": {"gamma": 0.13590000292504376, "lr": 0.2953213761247513}, "datetime": {"datetime": "2024-03-29 22:54:07", "elapsed": 2442.911596, "delta": 16.458757}}
{"target": -163.55504524706762, "params": {"gamma": 0.5674278728646552, "lr": 0.8109667533913887}, "datetime": {"datetime": "2024-03-29 22:54:15", "elapsed": 2450.3655, "delta": 7.453904}}
{"target": -131.53083111923135, "params": {"gamma": 0.4242802332562957, "lr": 0.3754611017683913}, "datetime": {"datetime": "2024-03-29 22:54:25", "elapsed": 2460.366004, "delta": 10.000504}}
{"target": -141.89780350527943, "params": {"gamma": 0.0029065847960217436, "lr": 0.9199680604205609}, "datetime": {"datetime": "2024-03-29 22:54:44", "elapsed": 2479.80311, "delta": 19.437106}}
{"target": -145.82236848508717, "params": {"gamma": 0.4776288450679466, "lr": 0.6834077964534035}, "datetime": {"datetime": "2024-03-29 22:54:56", "elapsed": 2491.568019, "delta": 11.764909}}
{"target": -137.34614065613377, "params": {"gamma": 0.5340540323122903, "lr": 0.47970199199891506}, "datetime": {"datetime": "2024-03-29 22:55:10", "elapsed": 2505.46472, "delta": 13.896701}}
{"target": -134.77317887922098, "params": {"gamma": 0.25604021150566963, "lr": 0.20837665286931084}, "datetime": {"datetime": "2024-03-29 22:55:19", "elapsed": 2514.491063, "delta": 9.026343}}
{"target": -168.08392297562958, "params": {"gamma": 1.0696978180033196, "lr": 0.49410943095039206}, "datetime": {"datetime": "2024-03-29 22:55:30", "elapsed": 2526.121523, "delta": 11.63046}}
{"target": -128.61388562720356, "params": {"gamma": 0.2706205683579944, "lr": 0.33478699446601334}, "datetime": {"datetime": "2024-03-29 22:55:38", "elapsed": 2534.128335, "delta": 8.006812}}
{"target": -314.94084800295286, "params": {"gamma": 2.159531907282504, "lr": 0.5846570463531667}, "datetime": {"datetime": "2024-03-29 22:55:52", "elapsed": 2548.07946, "delta": 13.951125}}
{"target": -211.76433448007236, "params": {"gamma": 1.3377345862988734, "lr": 0.24936419421298872}, "datetime": {"datetime": "2024-03-29 22:56:03", "elapsed": 2559.026498, "delta": 10.947038}}
{"target": -149.06498035564204, "params": {"gamma": 0.5541213910809151, "lr": 0.6461715089655207}, "datetime": {"datetime": "2024-03-29 22:56:20", "elapsed": 2576.273901, "delta": 17.247403}}
{"target": -163.15942756418724, "params": {"gamma": 0.4889303573046842, "lr": 0.961769306748646}, "datetime": {"datetime": "2024-03-29 22:56:35", "elapsed": 2590.905999, "delta": 14.632098}}
{"target": -214.07741031672663, "params": {"gamma": 0.8518578091438153, "lr": 0.9429937031180186}, "datetime": {"datetime": "2024-03-29 22:56:46", "elapsed": 2601.950759, "delta": 11.04476}}
