{"target": -505.5878186501242, "params": {"gamma": 5.363822646137685, "lr": 0.2087198995142957}, "datetime": {"datetime": "2024-04-04 21:28:51", "elapsed": 1679.047068, "delta": 9.227296}}
{"target": -146.08221217622838, "params": {"gamma": 0.0016899760914649922, "lr": 0.923441615403254}, "datetime": {"datetime": "2024-04-04 21:28:58", "elapsed": 1686.546345, "delta": 7.499277}}
{"target": -140.1515813897599, "params": {"gamma": 0.12069382754574719, "lr": 1.0}, "datetime": {"datetime": "2024-04-04 21:29:08", "elapsed": 1695.969341, "delta": 9.422996}}
{"target": -175.70502754657923, "params": {"gamma": 0.8537071093782979, "lr": 0.48050385151946884}, "datetime": {"datetime": "2024-04-04 21:29:20", "elapsed": 1708.699229, "delta": 12.729888}}
{"target": -137.60931484050244, "params": {"gamma": 0.20466263534414142, "lr": 0.5702187428688197}, "datetime": {"datetime": "2024-04-04 21:29:24", "elapsed": 1712.374258, "delta": 3.675029}}
{"target": -1380.3948402334124, "params": {"gamma": 9.268006357410464, "lr": 0.17855850321543354}, "datetime": {"datetime": "2024-04-04 21:29:26", "elapsed": 1714.679332, "delta": 2.305074}}
{"target": -231.26836215833592, "params": {"gamma": 1.3144659200713027, "lr": 0.19085568234951503}, "datetime": {"datetime": "2024-04-04 21:29:32", "elapsed": 1720.401148, "delta": 5.721816}}
{"target": -265.6555392991946, "params": {"gamma": 2.3012404196081526, "lr": 0.25885411439583184}, "datetime": {"datetime": "2024-04-04 21:29:40", "elapsed": 1728.26529, "delta": 7.864142}}
{"target": -138.48417970355305, "params": {"gamma": 0.12097724487017544, "lr": 0.3019974969660669}, "datetime": {"datetime": "2024-04-04 21:29:49", "elapsed": 1737.422679, "delta": 9.157389}}
{"target": -605.6095952904564, "params": {"gamma": 2.5860134197315694, "lr": 0.7964353122652855}, "datetime": {"datetime": "2024-04-04 21:29:51", "elapsed": 1739.794556, "delta": 2.371877}}
{"target": -216.95601498127502, "params": {"gamma": 1.360388361745754, "lr": 0.40254753706421176}, "datetime": {"datetime": "2024-04-04 21:29:56", "elapsed": 1744.619701, "delta": 4.825145}}
{"target": -155.9255431275117, "params": {"gamma": 0.5612960493449226, "lr": 0.570701508234956}, "datetime": {"datetime": "2024-04-04 21:30:04", "elapsed": 1752.465564, "delta": 7.845863}}
{"target": -138.133354992416, "params": {"gamma": 0.13392059827997557, "lr": 0.6428517129249929}, "datetime": {"datetime": "2024-04-04 21:30:12", "elapsed": 1760.526979, "delta": 8.061415}}
{"target": -1611.1027981785896, "params": {"gamma": 9.113251689010701, "lr": 0.6630496211295096}, "datetime": {"datetime": "2024-04-04 21:30:14", "elapsed": 1762.820384, "delta": 2.293405}}
{"target": -222.22440345164387, "params": {"gamma": 0.9449442766959902, "lr": 0.6975313806000901}, "datetime": {"datetime": "2024-04-04 21:30:20", "elapsed": 1768.121962, "delta": 5.301578}}
{"target": -152.9166762935626, "params": {"gamma": 0.19255474510932344, "lr": 0.16004424300745965}, "datetime": {"datetime": "2024-04-04 21:30:25", "elapsed": 1772.943828, "delta": 4.821866}}
{"target": -238.26531047167197, "params": {"gamma": 1.0342915532519898, "lr": 0.7122751823974943}, "datetime": {"datetime": "2024-04-04 21:30:32", "elapsed": 1780.705439, "delta": 7.761611}}
{"target": -138.77462101503133, "params": {"gamma": 0.24256688327751316, "lr": 0.7209289596782115}, "datetime": {"datetime": "2024-04-04 21:30:40", "elapsed": 1788.056128, "delta": 7.350689}}
{"target": -171.79385947991867, "params": {"gamma": 0.4488353845098027, "lr": 0.8710333125035221}, "datetime": {"datetime": "2024-04-04 21:30:45", "elapsed": 1793.088185, "delta": 5.032057}}
{"target": -514.3997607157255, "params": {"gamma": 4.559740643724835, "lr": 0.37056414953567096}, "datetime": {"datetime": "2024-04-04 21:30:47", "elapsed": 1795.47096, "delta": 2.382775}}
{"target": -139.96397199936447, "params": {"gamma": 0.1096683626283921, "lr": 0.4604908546745985}, "datetime": {"datetime": "2024-04-04 21:30:52", "elapsed": 1800.42072, "delta": 4.94976}}
{"target": -136.83166499103334, "params": {"gamma": 0.5863798856385748, "lr": 0.397713860005683}, "datetime": {"datetime": "2024-04-04 21:31:05", "elapsed": 1813.371168, "delta": 12.950448}}
{"target": -142.88509384398043, "params": {"gamma": 0.04960459077578689, "lr": 0.4891582541620687}, "datetime": {"datetime": "2024-04-04 21:31:11", "elapsed": 1818.944922, "delta": 5.573754}}
{"target": -179.21219712709973, "params": {"gamma": 0.5492356199172581, "lr": 0.7926866524600337}, "datetime": {"datetime": "2024-04-04 21:31:24", "elapsed": 1832.465715, "delta": 13.520793}}
{"target": -146.2540550981487, "params": {"gamma": 0.9179095100208933, "lr": 0.0}, "datetime": {"datetime": "2024-04-04 21:31:37", "elapsed": 1844.976202, "delta": 12.510487}}
{"target": -138.4422121524342, "params": {"gamma": 0.30463688529966915, "lr": 0.479773646387838}, "datetime": {"datetime": "2024-04-04 21:31:54", "elapsed": 1862.441873, "delta": 17.465671}}
{"target": -162.5988061979561, "params": {"gamma": 0.3710224866447277, "lr": 0.9535228836633654}, "datetime": {"datetime": "2024-04-04 21:32:01", "elapsed": 1869.13594, "delta": 6.694067}}
{"target": -542.4332169156722, "params": {"gamma": 0.9927505897836694, "lr": 0.0005597894817864768}, "datetime": {"datetime": "2024-04-04 21:32:12", "elapsed": 1880.167754, "delta": 11.031814}}
{"target": -153.12381790480237, "params": {"gamma": 0.4932879861207225, "lr": 0.658643041999965}, "datetime": {"datetime": "2024-04-04 21:32:19", "elapsed": 1887.233795, "delta": 7.066041}}
{"target": -343.2566018792734, "params": {"gamma": 3.824126317422143, "lr": 0.23804857849315275}, "datetime": {"datetime": "2024-04-04 21:32:25", "elapsed": 1893.434074, "delta": 6.200279}}
{"target": -143.17898605448156, "params": {"gamma": 0.03324953550417894, "lr": 0.6763093460195189}, "datetime": {"datetime": "2024-04-04 21:32:31", "elapsed": 1899.243799, "delta": 5.809725}}
{"target": -230.1133191503207, "params": {"gamma": 0.7408920447079519, "lr": 0.8808898539031716}, "datetime": {"datetime": "2024-04-04 21:32:38", "elapsed": 1906.807174, "delta": 7.563375}}
{"target": -485.0720802132905, "params": {"gamma": 0.8749593385725444, "lr": 0.0013324652078868793}, "datetime": {"datetime": "2024-04-04 21:32:47", "elapsed": 1915.686691, "delta": 8.879517}}
{"target": -660.6869113447422, "params": {"gamma": 3.9929958480673364, "lr": 0.5636973258646522}, "datetime": {"datetime": "2024-04-04 21:32:50", "elapsed": 1918.311889, "delta": 2.625198}}
{"target": -390.3795306343457, "params": {"gamma": 1.1745078444733072, "lr": 0.11165117948173697}, "datetime": {"datetime": "2024-04-04 21:32:58", "elapsed": 1926.107325, "delta": 7.795436}}
{"target": -321.0379078383127, "params": {"gamma": 2.637315187335022, "lr": 0.3913211453908053}, "datetime": {"datetime": "2024-04-04 21:33:04", "elapsed": 1932.150609, "delta": 6.043284}}
{"target": -2549.321768607872, "params": {"gamma": 9.722214429030034, "lr": 0.9268323867912802}, "datetime": {"datetime": "2024-04-04 21:33:06", "elapsed": 1934.512138, "delta": 2.361529}}
{"target": -147.35237686800193, "params": {"gamma": 1.0156999978419816, "lr": 0.21949701286966095}, "datetime": {"datetime": "2024-04-04 21:33:13", "elapsed": 1941.914453, "delta": 7.402315}}
{"target": -223.7805362701957, "params": {"gamma": 0.9544759761268032, "lr": 0.6890112246939968}, "datetime": {"datetime": "2024-04-04 21:33:16", "elapsed": 1944.371441, "delta": 2.456988}}
{"target": -131.85772023188295, "params": {"gamma": 0.618999315111946, "lr": 0.21568090558805497}, "datetime": {"datetime": "2024-04-04 21:33:22", "elapsed": 1950.915696, "delta": 6.544255}}
{"target": -148.21177139489794, "params": {"gamma": 0.04358499472532467, "lr": 0.14119730540793748}, "datetime": {"datetime": "2024-04-04 21:33:28", "elapsed": 1956.610544, "delta": 5.694848}}
{"target": -167.20030916807025, "params": {"gamma": 0.765314300705065, "lr": 0.4451133971274096}, "datetime": {"datetime": "2024-04-04 21:33:42", "elapsed": 1970.222576, "delta": 13.612032}}
{"target": -146.1739345668303, "params": {"gamma": 0.001, "lr": 0.3469658970182839}, "datetime": {"datetime": "2024-04-04 21:33:51", "elapsed": 1979.192524, "delta": 8.969948}}
{"target": -174.88507586280485, "params": {"gamma": 0.41881206378181934, "lr": 1.0}, "datetime": {"datetime": "2024-04-04 21:33:56", "elapsed": 1984.908445, "delta": 5.715921}}
{"target": -138.66820479863077, "params": {"gamma": 0.720201522430866, "lr": 0.3213584754504373}, "datetime": {"datetime": "2024-04-04 21:34:04", "elapsed": 1992.15656, "delta": 7.248115}}
{"target": -177.35685777827155, "params": {"gamma": 1.207292216161301, "lr": 0.3467396895011431}, "datetime": {"datetime": "2024-04-04 21:34:10", "elapsed": 1998.361641, "delta": 6.205081}}
{"target": -182.258268744348, "params": {"gamma": 1.444226338896683, "lr": 0.3175437156054396}, "datetime": {"datetime": "2024-04-04 21:34:18", "elapsed": 2006.468891, "delta": 8.10725}}
{"target": -132.7497819921697, "params": {"gamma": 0.2896810677516282, "lr": 0.32148178511201586}, "datetime": {"datetime": "2024-04-04 21:34:27", "elapsed": 2015.114627, "delta": 8.645736}}
{"target": -741.193982759739, "params": {"gamma": 7.219054542768954, "lr": 0.26630819903206415}, "datetime": {"datetime": "2024-04-04 21:34:32", "elapsed": 2020.485071, "delta": 5.370444}}
{"target": -140.68337684371082, "params": {"gamma": 0.10991863909834639, "lr": 0.93427199798908}, "datetime": {"datetime": "2024-04-04 21:34:48", "elapsed": 2036.016205, "delta": 15.531134}}
{"target": -193.25825739566704, "params": {"gamma": 1.7181037045042749, "lr": 0.21641600091217927}, "datetime": {"datetime": "2024-04-04 21:34:56", "elapsed": 2044.256765, "delta": 8.24056}}
{"target": -742.7529895569185, "params": {"gamma": 3.6180902045475274, "lr": 0.7448605901936899}, "datetime": {"datetime": "2024-04-04 21:35:05", "elapsed": 2053.179617, "delta": 8.922852}}
{"target": -244.9000321283237, "params": {"gamma": 1.4573538608458638, "lr": 0.4768219123588271}, "datetime": {"datetime": "2024-04-04 21:35:12", "elapsed": 2059.973558, "delta": 6.793941}}
{"target": -149.3043000942248, "params": {"gamma": 0.5438490224588732, "lr": 0.46973043894267175}, "datetime": {"datetime": "2024-04-04 21:35:21", "elapsed": 2069.284897, "delta": 9.311339}}
{"target": -195.21333434099066, "params": {"gamma": 0.5686802103747551, "lr": 0.8833612987351083}, "datetime": {"datetime": "2024-04-04 21:35:29", "elapsed": 2077.186882, "delta": 7.901985}}
{"target": -389.0399744907211, "params": {"gamma": 2.073174221847101, "lr": 0.651327354396854}, "datetime": {"datetime": "2024-04-04 21:35:32", "elapsed": 2079.948741, "delta": 2.761859}}
{"target": -131.81727397691682, "params": {"gamma": 0.33415280928337937, "lr": 0.23650619601379053}, "datetime": {"datetime": "2024-04-04 21:35:40", "elapsed": 2088.681256, "delta": 8.732515}}
{"target": -172.98391644834325, "params": {"gamma": 0.7549170710883205, "lr": 0.5104961411073646}, "datetime": {"datetime": "2024-04-04 21:35:54", "elapsed": 2102.740625, "delta": 14.059369}}
{"target": -214.87037901156393, "params": {"gamma": 1.0464530225363577, "lr": 0.5813691298193734}, "datetime": {"datetime": "2024-04-04 21:36:10", "elapsed": 2118.041607, "delta": 15.300982}}
{"target": -3482.1121391827596, "params": {"gamma": 6.709820829920812, "lr": 0.07316171979025876}, "datetime": {"datetime": "2024-04-04 21:36:12", "elapsed": 2120.509895, "delta": 2.468288}}
{"target": -148.8675774610289, "params": {"gamma": 0.26162882588757386, "lr": 0.9313832828730421}, "datetime": {"datetime": "2024-04-04 21:36:25", "elapsed": 2133.582957, "delta": 13.073062}}
{"target": -956.918104045927, "params": {"gamma": 3.981497342106241, "lr": 0.8359392714868344}, "datetime": {"datetime": "2024-04-04 21:36:28", "elapsed": 2136.261353, "delta": 2.678396}}
{"target": -135.57520691661617, "params": {"gamma": 0.19062018315894846, "lr": 0.34091594663988434}, "datetime": {"datetime": "2024-04-04 21:36:34", "elapsed": 2142.56504, "delta": 6.303687}}
{"target": -435.83135351645706, "params": {"gamma": 0.7722262173741344, "lr": 0.05400366917346454}, "datetime": {"datetime": "2024-04-04 21:36:42", "elapsed": 2150.877255, "delta": 8.312215}}
{"target": -207.87592330941362, "params": {"gamma": 1.5580681089495514, "lr": 0.3395713123758469}, "datetime": {"datetime": "2024-04-04 21:36:50", "elapsed": 2158.764517, "delta": 7.887262}}
{"target": -372.4027751353303, "params": {"gamma": 1.542333928233195, "lr": 0.770662395459217}, "datetime": {"datetime": "2024-04-04 21:36:55", "elapsed": 2163.512909, "delta": 4.748392}}
{"target": -236.4409191837792, "params": {"gamma": 1.8273967572004348, "lr": 0.3930469554964022}, "datetime": {"datetime": "2024-04-04 21:37:03", "elapsed": 2170.962017, "delta": 7.449108}}
{"target": -367.8191088830397, "params": {"gamma": 1.3153881753057277, "lr": 0.9275131227739024}, "datetime": {"datetime": "2024-04-04 21:37:08", "elapsed": 2176.658453, "delta": 5.696436}}
{"target": -358.92340553668623, "params": {"gamma": 3.4799408911450906, "lr": 0.2861101570461493}, "datetime": {"datetime": "2024-04-04 21:37:14", "elapsed": 2182.25118, "delta": 5.592727}}
{"target": -142.87911093296847, "params": {"gamma": 0.3965081760137185, "lr": 0.5271278620307519}, "datetime": {"datetime": "2024-04-04 21:37:18", "elapsed": 2186.770402, "delta": 4.519222}}
{"target": -308.47138564048123, "params": {"gamma": 3.3868829900458226, "lr": 0.23261188126150545}, "datetime": {"datetime": "2024-04-04 21:37:26", "elapsed": 2194.613132, "delta": 7.84273}}
{"target": -142.0740073212351, "params": {"gamma": 0.12273399809330944, "lr": 0.17301529648653122}, "datetime": {"datetime": "2024-04-04 21:37:39", "elapsed": 2207.757697, "delta": 13.144565}}
{"target": -207.23397770598314, "params": {"gamma": 1.0458884017025136, "lr": 0.5181468768491042}, "datetime": {"datetime": "2024-04-04 21:37:52", "elapsed": 2220.468241, "delta": 12.710544}}
{"target": -146.2540550981487, "params": {"gamma": 0.3476280445996534, "lr": 0.0}, "datetime": {"datetime": "2024-04-04 21:38:00", "elapsed": 2228.851514, "delta": 8.383273}}
{"target": -577.667879244359, "params": {"gamma": 2.880243352639149, "lr": 0.6716961948234151}, "datetime": {"datetime": "2024-04-04 21:38:07", "elapsed": 2235.130834, "delta": 6.27932}}
{"target": -174.48464421260942, "params": {"gamma": 0.32000808760837074, "lr": 0.12967142210382876}, "datetime": {"datetime": "2024-04-04 21:38:14", "elapsed": 2242.206467, "delta": 7.075633}}
{"target": -145.08615369259894, "params": {"gamma": 0.703380823500583, "lr": 0.26344485636576787}, "datetime": {"datetime": "2024-04-04 21:38:20", "elapsed": 2248.707895, "delta": 6.501428}}
{"target": -142.27120972800176, "params": {"gamma": 0.0437037812648015, "lr": 0.7166473770512647}, "datetime": {"datetime": "2024-04-04 21:38:28", "elapsed": 2256.45649, "delta": 7.748595}}
{"target": -135.97932646832186, "params": {"gamma": 0.30637335140313937, "lr": 0.4158373790860311}, "datetime": {"datetime": "2024-04-04 21:38:33", "elapsed": 2261.47411, "delta": 5.01762}}
{"target": -231.41211914283718, "params": {"gamma": 1.2316403650824972, "lr": 0.5411828631070216}, "datetime": {"datetime": "2024-04-04 21:38:42", "elapsed": 2270.276838, "delta": 8.802728}}
{"target": -168.17944833807317, "params": {"gamma": 0.5788823205667792, "lr": 0.7023640316647369}, "datetime": {"datetime": "2024-04-04 21:38:47", "elapsed": 2275.441107, "delta": 5.164269}}
{"target": -145.73341930878163, "params": {"gamma": 0.005028186081197495, "lr": 0.7482811833737545}, "datetime": {"datetime": "2024-04-04 21:38:51", "elapsed": 2279.83602, "delta": 4.394913}}
{"target": -133.6475530177875, "params": {"gamma": 0.42817131425551225, "lr": 0.36910629471532164}, "datetime": {"datetime": "2024-04-04 21:38:58", "elapsed": 2286.278546, "delta": 6.442526}}
{"target": -755.3518959570202, "params": {"gamma": 7.363036635015662, "lr": 0.27055965579453783}, "datetime": {"datetime": "2024-04-04 21:39:08", "elapsed": 2295.949659, "delta": 9.671113}}
{"target": -1133.8282088134263, "params": {"gamma": 2.1632876290450365, "lr": 0.0005088353042280724}, "datetime": {"datetime": "2024-04-04 21:39:18", "elapsed": 2306.885018, "delta": 10.935359}}
{"target": -1082.8928926466529, "params": {"gamma": 2.063852897240558, "lr": 0.01728483037109274}, "datetime": {"datetime": "2024-04-04 21:39:27", "elapsed": 2315.104086, "delta": 8.219068}}
{"target": -2841.098523669724, "params": {"gamma": 10.0, "lr": 1.0}, "datetime": {"datetime": "2024-04-04 21:39:35", "elapsed": 2323.147033, "delta": 8.042947}}
{"target": -2069.781862920247, "params": {"gamma": 3.9793316244546406, "lr": 0.01171427759271404}, "datetime": {"datetime": "2024-04-04 21:39:43", "elapsed": 2331.36661, "delta": 8.219577}}
{"target": -839.2421006828791, "params": {"gamma": 5.287737886667949, "lr": 0.5467504853417062}, "datetime": {"datetime": "2024-04-04 21:39:51", "elapsed": 2338.933087, "delta": 7.566477}}
{"target": -1175.5952581780602, "params": {"gamma": 2.244737861710899, "lr": 0.007121465903653479}, "datetime": {"datetime": "2024-04-04 21:39:56", "elapsed": 2344.643553, "delta": 5.710466}}
{"target": -564.6391555162228, "params": {"gamma": 2.1839415989151223, "lr": 0.13651213587627908}, "datetime": {"datetime": "2024-04-04 21:40:02", "elapsed": 2350.396687, "delta": 5.753134}}
{"target": -1942.85840230633, "params": {"gamma": 7.39821782717854, "lr": 0.9935174657069624}, "datetime": {"datetime": "2024-04-04 21:40:10", "elapsed": 2358.834865, "delta": 8.438178}}
{"target": -1753.713790881382, "params": {"gamma": 6.673251796542295, "lr": 0.9969604416869654}, "datetime": {"datetime": "2024-04-04 21:40:18", "elapsed": 2366.624401, "delta": 7.789536}}
{"target": -866.4011013803133, "params": {"gamma": 3.015858514814453, "lr": 1.0}, "datetime": {"datetime": "2024-04-04 21:40:25", "elapsed": 2373.231316, "delta": 6.606915}}
{"target": -919.2336280191521, "params": {"gamma": 6.323506322021629, "lr": 0.4976549674171368}, "datetime": {"datetime": "2024-04-04 21:40:34", "elapsed": 2382.597196, "delta": 9.36588}}
{"target": -579.976708102152, "params": {"gamma": 3.5947026505193698, "lr": 0.5497062586314678}, "datetime": {"datetime": "2024-04-04 21:40:42", "elapsed": 2390.394241, "delta": 7.797045}}
{"target": -953.731152832331, "params": {"gamma": 4.801012953177876, "lr": 0.7001576261030907}, "datetime": {"datetime": "2024-04-04 21:40:55", "elapsed": 2403.50099, "delta": 13.106749}}
{"target": -590.112113840814, "params": {"gamma": 5.942613806849765, "lr": 0.30117297365859663}, "datetime": {"datetime": "2024-04-04 21:40:58", "elapsed": 2406.048984, "delta": 2.547994}}
{"target": -976.1901088539319, "params": {"gamma": 7.352161374977693, "lr": 0.40716904711272317}, "datetime": {"datetime": "2024-04-04 21:41:05", "elapsed": 2413.464068, "delta": 7.415084}}
{"target": -805.3781562548833, "params": {"gamma": 2.798712584467826, "lr": 1.0}, "datetime": {"datetime": "2024-04-04 21:41:16", "elapsed": 2424.312315, "delta": 10.848247}}
{"target": -479.6206834607461, "params": {"gamma": 3.204031943371764, "lr": 0.4463359638035138}, "datetime": {"datetime": "2024-04-04 21:41:23", "elapsed": 2431.905567, "delta": 7.593252}}
{"target": -596.8626033417959, "params": {"gamma": 4.423058964429097, "lr": 0.42098703703515805}, "datetime": {"datetime": "2024-04-04 21:41:32", "elapsed": 2440.902994, "delta": 8.997427}}
{"target": -1099.5065050857781, "params": {"gamma": 2.0962992742318947, "lr": 0.0019803837308083327}, "datetime": {"datetime": "2024-04-04 21:41:38", "elapsed": 2446.188683, "delta": 5.285689}}
{"target": -431.4780406137171, "params": {"gamma": 2.8566753338184974, "lr": 0.4938919295415872}, "datetime": {"datetime": "2024-04-04 21:41:45", "elapsed": 2453.394653, "delta": 7.20597}}
{"target": -459.2969060396359, "params": {"gamma": 4.843395593718903, "lr": 0.22087067359372925}, "datetime": {"datetime": "2024-04-04 21:41:52", "elapsed": 2460.753837, "delta": 7.359184}}
{"target": -448.05189051945433, "params": {"gamma": 4.4361980327995205, "lr": 0.2961503318218095}, "datetime": {"datetime": "2024-04-04 21:42:02", "elapsed": 2470.227394, "delta": 9.473557}}
{"target": -134.88530741670547, "params": {"gamma": 0.5308590306253639, "lr": 0.3980835141381148}, "datetime": {"datetime": "2024-04-04 21:42:04", "elapsed": 2472.649019, "delta": 2.421625}}
{"target": -786.4968486407669, "params": {"gamma": 7.027472318544002, "lr": 0.3384396228294698}, "datetime": {"datetime": "2024-04-04 21:42:10", "elapsed": 2478.415341, "delta": 5.766322}}
{"target": -268.9307833573802, "params": {"gamma": 2.661927176342799, "lr": 0.2014336187296425}, "datetime": {"datetime": "2024-04-04 21:42:18", "elapsed": 2486.091752, "delta": 7.676411}}
{"target": -576.7162219657813, "params": {"gamma": 3.3593681085678804, "lr": 0.6173116259671315}, "datetime": {"datetime": "2024-04-04 21:42:29", "elapsed": 2497.444035, "delta": 11.352283}}
{"target": -535.9470357957638, "params": {"gamma": 1.8331678636389415, "lr": 1.0}, "datetime": {"datetime": "2024-04-04 21:42:39", "elapsed": 2507.346067, "delta": 9.902032}}
{"target": -502.67039681611095, "params": {"gamma": 5.0169023554735945, "lr": 0.321967751867554}, "datetime": {"datetime": "2024-04-04 21:42:49", "elapsed": 2517.194679, "delta": 9.848612}}
{"target": -447.28485261059444, "params": {"gamma": 1.634435035221354, "lr": 0.9290809345898932}, "datetime": {"datetime": "2024-04-04 21:43:00", "elapsed": 2528.213109, "delta": 11.01843}}
{"target": -470.25465550649665, "params": {"gamma": 4.1456639334906376, "lr": 0.3665813555421902}, "datetime": {"datetime": "2024-04-04 21:43:08", "elapsed": 2536.696489, "delta": 8.48338}}
{"target": -604.0460730446129, "params": {"gamma": 2.285329621231562, "lr": 0.8771073393661916}, "datetime": {"datetime": "2024-04-04 21:43:17", "elapsed": 2545.583449, "delta": 8.88696}}
{"target": -407.30243037965664, "params": {"gamma": 1.4747864420845063, "lr": 0.9393121562648893}, "datetime": {"datetime": "2024-04-04 21:43:29", "elapsed": 2557.274289, "delta": 11.69084}}
