{"target": -634.421912681378, "params": {"gamma": 6.345552644202125, "prior": 4.1978064727211475, "rate": 9.909165409621975}, "datetime": {"datetime": "2024-04-08 10:47:56", "elapsed": 3.398774, "delta": 0.008087}}
{"target": -921.3157208132852, "params": {"gamma": 9.299626280909525, "prior": 1.5774367198665253, "rate": 3.9494277431054683}, "datetime": {"datetime": "2024-04-08 10:47:56", "elapsed": 3.406881, "delta": 0.008107}}
{"target": -434.14592446498796, "params": {"gamma": 4.6163355299129, "prior": 5.6533926757072575, "rate": 7.803854869369396}, "datetime": {"datetime": "2024-04-08 10:47:56", "elapsed": 3.415607, "delta": 0.008726}}
{"target": -394.47571157391394, "params": {"gamma": 4.872451896825164, "prior": 4.257936164901384, "rate": 2.6207350474886373}, "datetime": {"datetime": "2024-04-08 10:47:56", "elapsed": 3.424287, "delta": 0.00868}}
{"target": -1127.979040501759, "params": {"gamma": 9.108150584728497, "prior": 0.32048796417476116, "rate": 8.211397860291427}, "datetime": {"datetime": "2024-04-08 10:47:56", "elapsed": 3.432708, "delta": 0.008421}}
{"target": -200.76064061991391, "params": {"gamma": 1.8854955282645185, "prior": 6.888993301808218, "rate": 3.552738684007098}, "datetime": {"datetime": "2024-04-08 10:47:56", "elapsed": 3.441278, "delta": 0.00857}}
{"target": -876.4169869256699, "params": {"gamma": 9.742152066323019, "prior": 1.3154440815492576, "rate": 1.8765113562797784}, "datetime": {"datetime": "2024-04-08 10:47:56", "elapsed": 3.449984, "delta": 0.008706}}
{"target": -672.0054717084339, "params": {"gamma": 8.894535312169324, "prior": 5.875722514621456, "rate": 3.0931546002031376}, "datetime": {"datetime": "2024-04-08 10:47:56", "elapsed": 3.458888, "delta": 0.008904}}
{"target": -142.84850201353754, "params": {"gamma": 0.008643090396402046, "prior": 2.353217609390305, "rate": 1.4548909380781856}, "datetime": {"datetime": "2024-04-08 10:47:56", "elapsed": 3.467585, "delta": 0.008697}}
{"target": -225.70110624549758, "params": {"gamma": 2.035134809876536, "prior": 8.973593312359645, "rate": 8.731070688318136}, "datetime": {"datetime": "2024-04-08 10:47:56", "elapsed": 3.476412, "delta": 0.008827}}
{"target": -661.0184786952144, "params": {"gamma": 7.0031940868968645, "prior": 4.757926993906869, "rate": 8.271532887320552}, "datetime": {"datetime": "2024-04-08 10:47:56", "elapsed": 3.485342, "delta": 0.00893}}
{"target": -414.2733944408485, "params": {"gamma": 4.958768144455039, "prior": 3.698537964520562, "rate": 2.7567554245058266}, "datetime": {"datetime": "2024-04-08 10:47:56", "elapsed": 3.494117, "delta": 0.008775}}
{"target": -814.6579597747044, "params": {"gamma": 9.247483394570178, "prior": 3.931193419137293, "rate": 4.929315853439772}, "datetime": {"datetime": "2024-04-08 10:47:56", "elapsed": 3.502449, "delta": 0.008332}}
{"target": -230.07214105499332, "params": {"gamma": 2.5451265850419067, "prior": 8.861168536496827, "rate": 3.833251304596062}, "datetime": {"datetime": "2024-04-08 10:47:56", "elapsed": 3.51107, "delta": 0.008621}}
{"target": -238.99299838434243, "params": {"gamma": 2.9764495784234386, "prior": 7.2041901257280685, "rate": 1.909508561779902}, "datetime": {"datetime": "2024-04-08 10:47:56", "elapsed": 3.519963, "delta": 0.008893}}
{"target": -177.33376268666103, "params": {"gamma": 1.1828081008410374, "prior": 8.386278043913771, "rate": 7.441615077773983}, "datetime": {"datetime": "2024-04-08 10:47:56", "elapsed": 3.528282, "delta": 0.008319}}
{"target": -598.5882514748383, "params": {"gamma": 5.905614955923525, "prior": 2.5046265921522197, "rate": 6.2328482047306535}, "datetime": {"datetime": "2024-04-08 10:47:56", "elapsed": 3.536516, "delta": 0.008234}}
{"target": -420.11266413628016, "params": {"gamma": 6.383914852090989, "prior": 3.342937496712019, "rate": 0.6758259413323553}, "datetime": {"datetime": "2024-04-08 10:47:56", "elapsed": 3.545007, "delta": 0.008491}}
{"target": -814.3031035532526, "params": {"gamma": 8.805505437045703, "prior": 4.6535716376351575, "rate": 7.638963307946233}, "datetime": {"datetime": "2024-04-08 10:47:56", "elapsed": 3.553951, "delta": 0.008944}}
{"target": -246.51773705764373, "params": {"gamma": 2.539632320806454, "prior": 5.954733104448417, "rate": 4.288522808327629}, "datetime": {"datetime": "2024-04-08 10:47:56", "elapsed": 3.562018, "delta": 0.008067}}
{"target": -386.92424445726414, "params": {"gamma": 3.8216243248488464, "prior": 1.3544625000845356, "rate": 2.4434223654265494}, "datetime": {"datetime": "2024-04-08 10:47:56", "elapsed": 3.570036, "delta": 0.008018}}
{"target": -169.82006565498858, "params": {"gamma": 0.7943364880002312, "prior": 3.098297216704028, "rate": 7.417306297515323}, "datetime": {"datetime": "2024-04-08 10:47:56", "elapsed": 3.578556, "delta": 0.00852}}
{"target": -357.62142948738875, "params": {"gamma": 6.150542233985518, "prior": 6.7568698794458655, "rate": 0.08482241217079087}, "datetime": {"datetime": "2024-04-08 10:47:56", "elapsed": 3.587512, "delta": 0.008956}}
{"target": -505.4530504435493, "params": {"gamma": 6.784091345540948, "prior": 5.081488836374581, "rate": 2.309853596391308}, "datetime": {"datetime": "2024-04-08 10:47:56", "elapsed": 3.595771, "delta": 0.008259}}
{"target": -247.10952438139444, "params": {"gamma": 1.7497901933102402, "prior": 1.9313313589532155, "rate": 8.44275579074591}, "datetime": {"datetime": "2024-04-08 10:47:56", "elapsed": 3.604036, "delta": 0.008265}}
{"target": -698.194627624782, "params": {"gamma": 9.825915303261548, "prior": 9.146022285932153, "rate": 3.4743468343077555}, "datetime": {"datetime": "2024-04-08 10:47:56", "elapsed": 3.612827, "delta": 0.008791}}
{"target": -712.316689231435, "params": {"gamma": 7.802465572333946, "prior": 5.509900447944164, "rate": 8.16460753316182}, "datetime": {"datetime": "2024-04-08 10:47:56", "elapsed": 3.621707, "delta": 0.00888}}
{"target": -449.12599476365915, "params": {"gamma": 4.8377857849378705, "prior": 5.9405178531640965, "rate": 7.872847211795091}, "datetime": {"datetime": "2024-04-08 10:47:56", "elapsed": 3.630287, "delta": 0.00858}}
{"target": -166.41807927104296, "params": {"gamma": 1.0032461963882202, "prior": 5.416370456721353, "rate": 3.660467483349873}, "datetime": {"datetime": "2024-04-08 10:47:56", "elapsed": 3.638657, "delta": 0.00837}}
{"target": -446.1021171151558, "params": {"gamma": 6.043464129845054, "prior": 9.592144904806304, "rate": 3.9288366270246278}, "datetime": {"datetime": "2024-04-08 10:47:56", "elapsed": 3.647548, "delta": 0.008891}}
{"target": -345.3561643161455, "params": {"gamma": 3.930337006418223, "prior": 7.927306236537028, "rate": 6.451138912455179}, "datetime": {"datetime": "2024-04-08 10:47:56", "elapsed": 3.656456, "delta": 0.008908}}
{"target": -327.0572213497562, "params": {"gamma": 3.9394461945459094, "prior": 6.920654977479489, "rate": 4.040612088934736}, "datetime": {"datetime": "2024-04-08 10:47:56", "elapsed": 3.665252, "delta": 0.008796}}
{"target": -182.6571001056049, "params": {"gamma": 1.3619954293269727, "prior": 4.561368359854131, "rate": 3.3448595075800287}, "datetime": {"datetime": "2024-04-08 10:47:56", "elapsed": 3.674104, "delta": 0.008852}}
{"target": -226.19403765934842, "params": {"gamma": 2.180471331681618, "prior": 9.265170536200754, "rate": 6.896704351396498}, "datetime": {"datetime": "2024-04-08 10:47:56", "elapsed": 3.683013, "delta": 0.008909}}
{"target": -488.5825946513269, "params": {"gamma": 5.988610085343597, "prior": 7.49190897401775, "rate": 5.420168646652644}, "datetime": {"datetime": "2024-04-08 10:47:56", "elapsed": 3.691659, "delta": 0.008646}}
{"target": -591.4309577204392, "params": {"gamma": 7.005630193122407, "prior": 9.312542210573467, "rate": 8.626304328357714}, "datetime": {"datetime": "2024-04-08 10:47:56", "elapsed": 3.700194, "delta": 0.008535}}
{"target": -180.549464575294, "params": {"gamma": 1.6752511332077065, "prior": 2.705076336846355, "rate": 0.7170311841386036}, "datetime": {"datetime": "2024-04-08 10:47:56", "elapsed": 3.708673, "delta": 0.008479}}
{"target": -980.180412027028, "params": {"gamma": 9.786749378778312, "prior": 2.4402025767377182, "rate": 6.6063229609300596}, "datetime": {"datetime": "2024-04-08 10:47:56", "elapsed": 3.717492, "delta": 0.008819}}
{"target": -175.0410479940366, "params": {"gamma": 0.8972173585756926, "prior": 2.1866323266614858, "rate": 5.028741010800528}, "datetime": {"datetime": "2024-04-08 10:47:56", "elapsed": 3.726118, "delta": 0.008626}}
{"target": -176.9172892325549, "params": {"gamma": 1.0504317296309502, "prior": 3.9498466866777715, "rate": 5.3803392136766695}, "datetime": {"datetime": "2024-04-08 10:47:56", "elapsed": 3.734363, "delta": 0.008245}}
{"target": -316.08806724764503, "params": {"gamma": 3.3927026446661146, "prior": 5.603412090153097, "rate": 5.368146451102699}, "datetime": {"datetime": "2024-04-08 10:47:56", "elapsed": 3.742948, "delta": 0.008585}}
{"target": -354.309361390116, "params": {"gamma": 3.906714376870321, "prior": 6.993073822700919, "rate": 6.785146057525243}, "datetime": {"datetime": "2024-04-08 10:47:56", "elapsed": 3.751834, "delta": 0.008886}}
{"target": -542.5113818552605, "params": {"gamma": 6.8733441905945245, "prior": 5.6587634621138045, "rate": 3.5814410602153455}, "datetime": {"datetime": "2024-04-08 10:47:56", "elapsed": 3.7606, "delta": 0.008766}}
{"target": -488.2075298239859, "params": {"gamma": 6.131510241334756, "prior": 9.363789039421178, "rate": 5.969288360934786}, "datetime": {"datetime": "2024-04-08 10:47:56", "elapsed": 3.769185, "delta": 0.008585}}
{"target": -904.1148003003792, "params": {"gamma": 9.795922153419893, "prior": 4.465965542047824, "rate": 7.39638001311296}, "datetime": {"datetime": "2024-04-08 10:47:56", "elapsed": 3.778083, "delta": 0.008898}}
{"target": -147.95034352831334, "params": {"gamma": 0.3770011826173517, "prior": 7.6707937261048125, "rate": 5.1832975216877974}, "datetime": {"datetime": "2024-04-08 10:47:56", "elapsed": 3.787019, "delta": 0.008936}}
{"target": -143.40568904318457, "params": {"gamma": 0.05416001307807128, "prior": 2.8442810373477254, "rate": 5.348787492965596}, "datetime": {"datetime": "2024-04-08 10:47:56", "elapsed": 3.795417, "delta": 0.008398}}
{"target": -896.9135532220699, "params": {"gamma": 7.679860819934835, "prior": 0.6256166949799984, "rate": 5.490985385061347}, "datetime": {"datetime": "2024-04-08 10:47:56", "elapsed": 3.804221, "delta": 0.008804}}
{"target": -725.5526259704249, "params": {"gamma": 8.010144563427762, "prior": 6.530872243296941, "rate": 9.314538702914113}, "datetime": {"datetime": "2024-04-08 10:47:56", "elapsed": 3.813043, "delta": 0.008822}}
{"target": -169.80837929263265, "params": {"gamma": 0.7482397187025968, "prior": 2.8403839797458077, "rate": 9.192455805057469}, "datetime": {"datetime": "2024-04-08 10:47:56", "elapsed": 3.821997, "delta": 0.008954}}
{"target": -690.3480547500221, "params": {"gamma": 7.650286477833132, "prior": 6.037429410273777, "rate": 8.329848470226867}, "datetime": {"datetime": "2024-04-08 10:47:56", "elapsed": 3.830398, "delta": 0.008401}}
{"target": -762.7217013106559, "params": {"gamma": 8.960538872258445, "prior": 9.729931493242967, "rate": 9.98520655039097}, "datetime": {"datetime": "2024-04-08 10:47:56", "elapsed": 3.838664, "delta": 0.008266}}
{"target": -188.3912445251101, "params": {"gamma": 1.3973536875073507, "prior": 0.7983662429626219, "rate": 0.7355930769468734}, "datetime": {"datetime": "2024-04-08 10:47:56", "elapsed": 3.847465, "delta": 0.008801}}
{"target": -143.50277347093652, "params": {"gamma": 0.14842316520856935, "prior": 9.721018722481467, "rate": 0.9485743976558341}, "datetime": {"datetime": "2024-04-08 10:47:56", "elapsed": 3.856265, "delta": 0.0088}}
{"target": -671.9593900136795, "params": {"gamma": 8.417526525032311, "prior": 6.883212669386226, "rate": 4.876084117661699}, "datetime": {"datetime": "2024-04-08 10:47:56", "elapsed": 3.864436, "delta": 0.008171}}
{"target": -305.3485334256661, "params": {"gamma": 3.4676021187044235, "prior": 3.6011130919633505, "rate": 2.539134984589525}, "datetime": {"datetime": "2024-04-08 10:47:56", "elapsed": 3.872701, "delta": 0.008265}}
{"target": -496.0852760638666, "params": {"gamma": 9.110268719012566, "prior": 7.283861200399203, "rate": 0.2602320020499145}, "datetime": {"datetime": "2024-04-08 10:47:56", "elapsed": 3.881544, "delta": 0.008843}}
{"target": -298.8338187774728, "params": {"gamma": 4.615751011217899, "prior": 2.884882598114433, "rate": 0.2906328955928069}, "datetime": {"datetime": "2024-04-08 10:47:56", "elapsed": 3.890255, "delta": 0.008711}}
{"target": -643.7726118499934, "params": {"gamma": 8.846934261198635, "prior": 7.732953043751355, "rate": 3.298021057363365}, "datetime": {"datetime": "2024-04-08 10:47:56", "elapsed": 3.898969, "delta": 0.008714}}
{"target": -668.8917177866665, "params": {"gamma": 7.965789316779574, "prior": 3.3139193898096666, "rate": 3.0795165557326496}, "datetime": {"datetime": "2024-04-08 10:47:56", "elapsed": 3.907631, "delta": 0.008662}}
{"target": -702.6127719455721, "params": {"gamma": 9.281162675928762, "prior": 9.771470003263916, "rate": 5.236029491864212}, "datetime": {"datetime": "2024-04-08 10:47:56", "elapsed": 3.916557, "delta": 0.008926}}
{"target": -731.1449712571819, "params": {"gamma": 9.519399740511682, "prior": 8.891165289872, "rate": 5.180807583382493}, "datetime": {"datetime": "2024-04-08 10:47:56", "elapsed": 3.925341, "delta": 0.008784}}
{"target": -317.7445926286444, "params": {"gamma": 3.728115272172759, "prior": 7.132510325364133, "rate": 4.5569786029958985}, "datetime": {"datetime": "2024-04-08 10:47:56", "elapsed": 3.933796, "delta": 0.008455}}
{"target": -500.24170950328187, "params": {"gamma": 6.052523738337006, "prior": 9.905021349210472, "rate": 7.739388583314729}, "datetime": {"datetime": "2024-04-08 10:47:56", "elapsed": 3.942595, "delta": 0.008799}}
{"target": -349.640630438825, "params": {"gamma": 3.343429773533269, "prior": 0.9810823861415419, "rate": 1.8498709971938052}, "datetime": {"datetime": "2024-04-08 10:47:56", "elapsed": 3.951447, "delta": 0.008852}}
{"target": -515.6480171170936, "params": {"gamma": 5.2689919070424525, "prior": 4.229313939257894, "rate": 8.006795921634268}, "datetime": {"datetime": "2024-04-08 10:47:56", "elapsed": 3.960343, "delta": 0.008896}}
{"target": -1010.8707800317806, "params": {"gamma": 9.332090179528631, "prior": 1.8608610047183507, "rate": 8.600807641991286}, "datetime": {"datetime": "2024-04-08 10:47:57", "elapsed": 3.96929, "delta": 0.008947}}
{"target": -519.680498645923, "params": {"gamma": 9.57399186834036, "prior": 9.598759007812843, "rate": 0.37958801461658453}, "datetime": {"datetime": "2024-04-08 10:47:57", "elapsed": 3.978151, "delta": 0.008861}}
{"target": -167.71396590038512, "params": {"gamma": 0.576777472576129, "prior": 0.15739418988512105, "rate": 3.127498880398609}, "datetime": {"datetime": "2024-04-08 10:47:57", "elapsed": 3.987156, "delta": 0.009005}}
{"target": -154.72277827818243, "params": {"gamma": 0.5579284287083343, "prior": 3.0092386061583873, "rate": 3.5608088438258343}, "datetime": {"datetime": "2024-04-08 10:47:57", "elapsed": 3.995995, "delta": 0.008839}}
{"target": -731.1988295981726, "params": {"gamma": 9.536816507720744, "prior": 4.821814132619101, "rate": 2.783106185770882}, "datetime": {"datetime": "2024-04-08 10:47:57", "elapsed": 4.004794, "delta": 0.008799}}
{"target": -335.353102739927, "params": {"gamma": 5.030548945314497, "prior": 6.469243454026442, "rate": 1.1133454800017826}, "datetime": {"datetime": "2024-04-08 10:47:57", "elapsed": 4.013558, "delta": 0.008764}}
{"target": -645.0741860331843, "params": {"gamma": 7.580858519672953, "prior": 8.534263135744226, "rate": 8.442654345834713}, "datetime": {"datetime": "2024-04-08 10:47:57", "elapsed": 4.022552, "delta": 0.008994}}
{"target": -772.8445161618641, "params": {"gamma": 8.905177817288482, "prior": 3.8802397278820355, "rate": 4.438608178466819}, "datetime": {"datetime": "2024-04-08 10:47:57", "elapsed": 4.030889, "delta": 0.008337}}
{"target": -189.13545629102327, "params": {"gamma": 1.0167131779857155, "prior": 2.335488532069228, "rate": 9.713233372262836}, "datetime": {"datetime": "2024-04-08 10:47:57", "elapsed": 4.039386, "delta": 0.008497}}
{"target": -278.9107495739615, "params": {"gamma": 2.8469550657183857, "prior": 9.083221808185874, "rate": 8.905632311496733}, "datetime": {"datetime": "2024-04-08 10:47:57", "elapsed": 4.047865, "delta": 0.008479}}
{"target": -1017.6576808731426, "params": {"gamma": 9.225122468106674, "prior": 1.645880687963868, "rate": 8.797341712870308}, "datetime": {"datetime": "2024-04-08 10:47:57", "elapsed": 4.056958, "delta": 0.009093}}
{"target": -590.5378630759791, "params": {"gamma": 6.320317509680909, "prior": 2.1852189663461443, "rate": 3.4518140318860318}, "datetime": {"datetime": "2024-04-08 10:47:57", "elapsed": 4.065748, "delta": 0.00879}}
{"target": -174.48403534130526, "params": {"gamma": 1.6000279671042428, "prior": 4.499046758716659, "rate": 0.8386657635007598}, "datetime": {"datetime": "2024-04-08 10:47:57", "elapsed": 4.074559, "delta": 0.008811}}
{"target": -233.3505856472329, "params": {"gamma": 1.654019586311918, "prior": 2.052243830020026, "rate": 6.910582388225486}, "datetime": {"datetime": "2024-04-08 10:47:57", "elapsed": 4.083576, "delta": 0.009017}}
{"target": -400.53651797984173, "params": {"gamma": 5.738454888784365, "prior": 8.745899026963649, "rate": 2.447096023126362}, "datetime": {"datetime": "2024-04-08 10:47:57", "elapsed": 4.092579, "delta": 0.009003}}
{"target": -759.4238066219249, "params": {"gamma": 6.296449959232413, "prior": 0.4408695265402466, "rate": 5.162468412309614}, "datetime": {"datetime": "2024-04-08 10:47:57", "elapsed": 4.101397, "delta": 0.008818}}
{"target": -468.9853043999485, "params": {"gamma": 8.632401590656782, "prior": 9.842852784460677, "rate": 0.09971988061382621}, "datetime": {"datetime": "2024-04-08 10:47:57", "elapsed": 4.11023, "delta": 0.008833}}
{"target": -212.26349463094354, "params": {"gamma": 2.5291619792860742, "prior": 2.316111736242501, "rate": 0.4763284046833772}, "datetime": {"datetime": "2024-04-08 10:47:57", "elapsed": 4.119218, "delta": 0.008988}}
{"target": -143.23076719703693, "params": {"gamma": 0.10271439016149476, "prior": 4.952933591217894, "rate": 0.4557759745572704}, "datetime": {"datetime": "2024-04-08 10:47:57", "elapsed": 4.127726, "delta": 0.008508}}
{"target": -244.97818694817667, "params": {"gamma": 2.784002980338173, "prior": 6.435748234178231, "rate": 2.9476257235674814}, "datetime": {"datetime": "2024-04-08 10:47:57", "elapsed": 4.136127, "delta": 0.008401}}
{"target": -251.7729165208071, "params": {"gamma": 2.6972773568893555, "prior": 5.946410570211314, "rate": 3.805960238019191}, "datetime": {"datetime": "2024-04-08 10:47:57", "elapsed": 4.144647, "delta": 0.00852}}
{"target": -626.8937881622447, "params": {"gamma": 7.025527816580048, "prior": 5.011627117373624, "rate": 6.33245944879897}, "datetime": {"datetime": "2024-04-08 10:47:57", "elapsed": 4.153608, "delta": 0.008961}}
{"target": -288.7728926303736, "params": {"gamma": 3.5345900756692927, "prior": 2.9417350669395357, "rate": 1.3329379303972684}, "datetime": {"datetime": "2024-04-08 10:47:57", "elapsed": 4.161948, "delta": 0.00834}}
{"target": -814.3391576612734, "params": {"gamma": 9.370866767604843, "prior": 8.067874875556367, "rate": 9.380347403020368}, "datetime": {"datetime": "2024-04-08 10:47:57", "elapsed": 4.169993, "delta": 0.008045}}
{"target": -215.65465679467104, "params": {"gamma": 1.8546198659533752, "prior": 9.338242051949933, "rate": 9.357596323713638}, "datetime": {"datetime": "2024-04-08 10:47:57", "elapsed": 4.178431, "delta": 0.008438}}
{"target": -309.98892563778963, "params": {"gamma": 2.8361615915229414, "prior": 2.8188790593962434, "rate": 5.514764305160052}, "datetime": {"datetime": "2024-04-08 10:47:57", "elapsed": 4.187442, "delta": 0.009011}}
{"target": -194.7475188166036, "params": {"gamma": 1.8537071044461548, "prior": 4.476800995204981, "rate": 1.8539911417309063}, "datetime": {"datetime": "2024-04-08 10:47:57", "elapsed": 4.195805, "delta": 0.008363}}
{"target": -898.6000216677122, "params": {"gamma": 9.473811803621638, "prior": 4.988864109161748, "rate": 9.639213756472554}, "datetime": {"datetime": "2024-04-08 10:47:57", "elapsed": 4.2041, "delta": 0.008295}}
{"target": -625.4866083012726, "params": {"gamma": 6.449771783449607, "prior": 4.894726153020617, "rate": 9.676984764366013}, "datetime": {"datetime": "2024-04-08 10:47:57", "elapsed": 4.212667, "delta": 0.008567}}
{"target": -192.56912807598596, "params": {"gamma": 1.4327546273059197, "prior": 6.360065759198316, "rate": 6.6192217900001395}, "datetime": {"datetime": "2024-04-08 10:47:57", "elapsed": 4.221651, "delta": 0.008984}}
{"target": -518.3663052332352, "params": {"gamma": 4.3389644317001075, "prior": 0.6876365308556791, "rate": 4.927733289059168}, "datetime": {"datetime": "2024-04-08 10:47:57", "elapsed": 4.230216, "delta": 0.008565}}
{"target": -340.552074872052, "params": {"gamma": 4.651874301237257, "prior": 8.08679342667115, "rate": 2.5673532385398095}, "datetime": {"datetime": "2024-04-08 10:47:57", "elapsed": 4.238926, "delta": 0.00871}}
{"target": -422.32410721588013, "params": {"gamma": 3.914912199479702, "prior": 2.4777048514916347, "rate": 6.864747708308469}, "datetime": {"datetime": "2024-04-08 10:47:57", "elapsed": 4.247835, "delta": 0.008909}}
{"target": -1064.4735463862237, "params": {"gamma": 9.898844649917818, "prior": 1.856552414995793, "rate": 8.214645955522746}, "datetime": {"datetime": "2024-04-08 10:47:57", "elapsed": 4.256855, "delta": 0.00902}}
{"target": -270.44657892178907, "params": {"gamma": 2.3106546042570515, "prior": 0.6739605523903935, "rate": 1.3890263639386906}, "datetime": {"datetime": "2024-04-08 10:47:57", "elapsed": 4.265519, "delta": 0.008664}}
