{"target": -1203.6674059959514, "params": {"gamma": 4.797895932924502, "lr": 0.9466766792396476}, "datetime": {"datetime": "2024-04-04 05:09:38", "elapsed": 2.426856, "delta": 0.003394}}
{"target": -2534.5498946535045, "params": {"gamma": 5.53478362877641, "lr": 0.08480182166035288}, "datetime": {"datetime": "2024-04-04 05:09:38", "elapsed": 2.430307, "delta": 0.003451}}
{"target": -520.6035472621147, "params": {"gamma": 2.0254278937096815, "lr": 0.8542379729163827}, "datetime": {"datetime": "2024-04-04 05:09:38", "elapsed": 2.433515, "delta": 0.003208}}
{"target": -1754.148149568371, "params": {"gamma": 7.0595677402804276, "lr": 0.8949395201529242}, "datetime": {"datetime": "2024-04-04 05:09:38", "elapsed": 2.436738, "delta": 0.003223}}
{"target": -692.8911548628652, "params": {"gamma": 3.2921308719412035, "lr": 0.5280013966376261}, "datetime": {"datetime": "2024-04-04 05:09:38", "elapsed": 2.439896, "delta": 0.003158}}
{"target": -1341.0182389724462, "params": {"gamma": 6.504330926708715, "lr": 0.5942908535866644}, "datetime": {"datetime": "2024-04-04 05:09:38", "elapsed": 2.44296, "delta": 0.003064}}
{"target": -512.4551516735648, "params": {"gamma": 2.315397892406944, "lr": 0.4268213494482356}, "datetime": {"datetime": "2024-04-04 05:09:38", "elapsed": 2.446042, "delta": 0.003082}}
{"target": -629.0962296000116, "params": {"gamma": 2.481866529137688, "lr": 0.8456149622311454}, "datetime": {"datetime": "2024-04-04 05:09:38", "elapsed": 2.449128, "delta": 0.003086}}
{"target": -4510.64017431619, "params": {"gamma": 9.866787772235858, "lr": 0.06657080313237929}, "datetime": {"datetime": "2024-04-04 05:09:38", "elapsed": 2.452294, "delta": 0.003166}}
{"target": -1496.0583125972062, "params": {"gamma": 7.139566394637347, "lr": 0.3301155521990743}, "datetime": {"datetime": "2024-04-04 05:09:38", "elapsed": 2.45543, "delta": 0.003136}}
{"target": -1462.6404581560741, "params": {"gamma": 6.254728347736019, "lr": 0.258129649281871}, "datetime": {"datetime": "2024-04-04 05:09:38", "elapsed": 2.458657, "delta": 0.003227}}
{"target": -1372.9677166246727, "params": {"gamma": 6.510425085475643, "lr": 0.37114718446272954}, "datetime": {"datetime": "2024-04-04 05:09:38", "elapsed": 2.462167, "delta": 0.00351}}
{"target": -742.7015292795579, "params": {"gamma": 2.9489139744901, "lr": 0.9117631736977988}, "datetime": {"datetime": "2024-04-04 05:09:38", "elapsed": 2.465472, "delta": 0.003305}}
{"target": -1988.364245376381, "params": {"gamma": 9.425046243387849, "lr": 0.6135500265601355}, "datetime": {"datetime": "2024-04-04 05:09:38", "elapsed": 2.468665, "delta": 0.003193}}
{"target": -555.2380170823265, "params": {"gamma": 2.1454633405260957, "lr": 0.9394188709061594}, "datetime": {"datetime": "2024-04-04 05:09:38", "elapsed": 2.471899, "delta": 0.003234}}
{"target": -1801.3266997818653, "params": {"gamma": 7.504785013686519, "lr": 0.7510898073228061}, "datetime": {"datetime": "2024-04-04 05:09:38", "elapsed": 2.475077, "delta": 0.003178}}
{"target": -537.1308290647444, "params": {"gamma": 2.1180016271500137, "lr": 0.8301565261622993}, "datetime": {"datetime": "2024-04-04 05:09:38", "elapsed": 2.478252, "delta": 0.003175}}
{"target": -518.9480380474017, "params": {"gamma": 2.4017114464579397, "lr": 0.6316207452501602}, "datetime": {"datetime": "2024-04-04 05:09:38", "elapsed": 2.481472, "delta": 0.00322}}
{"target": -1575.3797183535776, "params": {"gamma": 7.107684959425964, "lr": 0.7423834297071017}, "datetime": {"datetime": "2024-04-04 05:09:38", "elapsed": 2.484614, "delta": 0.003142}}
{"target": -947.5579689916308, "params": {"gamma": 3.9032567812912102, "lr": 0.7598253967160974}, "datetime": {"datetime": "2024-04-04 05:09:38", "elapsed": 2.487761, "delta": 0.003147}}
{"target": -1857.0461368364718, "params": {"gamma": 9.029456085314978, "lr": 0.5874200192375769}, "datetime": {"datetime": "2024-04-04 05:09:38", "elapsed": 2.490873, "delta": 0.003112}}
{"target": -384.786369441538, "params": {"gamma": 0.9050067472322914, "lr": 0.12897598414227607}, "datetime": {"datetime": "2024-04-04 05:09:38", "elapsed": 2.494331, "delta": 0.003458}}
{"target": -424.91122945600625, "params": {"gamma": 1.0535200041012063, "lr": 0.17272746332288003}, "datetime": {"datetime": "2024-04-04 05:09:38", "elapsed": 2.497793, "delta": 0.003462}}
{"target": -335.45674038120404, "params": {"gamma": 1.2651824720065605, "lr": 0.7783008900676276}, "datetime": {"datetime": "2024-04-04 05:09:38", "elapsed": 2.500918, "delta": 0.003125}}
{"target": -181.88149206472664, "params": {"gamma": 0.39507571033225836, "lr": 0.24155841734086403}, "datetime": {"datetime": "2024-04-04 05:09:38", "elapsed": 2.504055, "delta": 0.003137}}
{"target": -2187.1205976267474, "params": {"gamma": 8.790784947183296, "lr": 0.9735188608362936}, "datetime": {"datetime": "2024-04-04 05:09:38", "elapsed": 2.507171, "delta": 0.003116}}
{"target": -1512.9729954836005, "params": {"gamma": 6.054614655262755, "lr": 0.9762382645603884}, "datetime": {"datetime": "2024-04-04 05:09:38", "elapsed": 2.510314, "delta": 0.003143}}
{"target": -172.75607493837327, "params": {"gamma": 0.43547196560805285, "lr": 0.9485727683760076}, "datetime": {"datetime": "2024-04-04 05:09:38", "elapsed": 2.513472, "delta": 0.003158}}
{"target": -763.4298393494215, "params": {"gamma": 3.113649528479215, "lr": 0.798972840361593}, "datetime": {"datetime": "2024-04-04 05:09:38", "elapsed": 2.516758, "delta": 0.003286}}
{"target": -1987.5252707226994, "params": {"gamma": 8.106480405365568, "lr": 0.8599985915803449}, "datetime": {"datetime": "2024-04-04 05:09:38", "elapsed": 2.520055, "delta": 0.003297}}
{"target": -1151.577945583262, "params": {"gamma": 4.586049558214109, "lr": 0.9306443921654484}, "datetime": {"datetime": "2024-04-04 05:09:38", "elapsed": 2.523343, "delta": 0.003288}}
{"target": -660.3543116825363, "params": {"gamma": 2.579671951285972, "lr": 0.9344454925295846}, "datetime": {"datetime": "2024-04-04 05:09:38", "elapsed": 2.526678, "delta": 0.003335}}
{"target": -1546.7027972596006, "params": {"gamma": 6.191577212883354, "lr": 0.9854449149448306}, "datetime": {"datetime": "2024-04-04 05:09:38", "elapsed": 2.530199, "delta": 0.003521}}
{"target": -152.3137060679318, "params": {"gamma": 0.3274060157599613, "lr": 0.7251666588327084}, "datetime": {"datetime": "2024-04-04 05:09:38", "elapsed": 2.533442, "delta": 0.003243}}
{"target": -1100.255171157993, "params": {"gamma": 5.655976799568431, "lr": 0.4924240473983196}, "datetime": {"datetime": "2024-04-04 05:09:38", "elapsed": 2.536716, "delta": 0.003274}}
{"target": -559.3505295865076, "params": {"gamma": 2.5929220383817193, "lr": 0.3268306848663751}, "datetime": {"datetime": "2024-04-04 05:09:38", "elapsed": 2.540034, "delta": 0.003318}}
{"target": -774.8807041741226, "params": {"gamma": 2.495372604807176, "lr": 0.21926791032506077}, "datetime": {"datetime": "2024-04-04 05:09:38", "elapsed": 2.543281, "delta": 0.003247}}
{"target": -1655.4670510392261, "params": {"gamma": 7.996808714410864, "lr": 0.5023950058982584}, "datetime": {"datetime": "2024-04-04 05:09:38", "elapsed": 2.546622, "delta": 0.003341}}
{"target": -242.2499746191498, "params": {"gamma": 0.8328156970812803, "lr": 0.7769841920273803}, "datetime": {"datetime": "2024-04-04 05:09:38", "elapsed": 2.549809, "delta": 0.003187}}
{"target": -1188.8114021656834, "params": {"gamma": 5.336957111761226, "lr": 0.739387787346382}, "datetime": {"datetime": "2024-04-04 05:09:38", "elapsed": 2.553109, "delta": 0.0033}}
{"target": -1054.7394496404522, "params": {"gamma": 5.154421537738071, "lr": 0.39994592398513173}, "datetime": {"datetime": "2024-04-04 05:09:38", "elapsed": 2.556498, "delta": 0.003389}}
{"target": -4508.6873351578, "params": {"gamma": 9.862481577580514, "lr": 0.02824262016291268}, "datetime": {"datetime": "2024-04-04 05:09:38", "elapsed": 2.560024, "delta": 0.003526}}
{"target": -2319.4495149598583, "params": {"gamma": 9.327706315740619, "lr": 0.930854967759968}, "datetime": {"datetime": "2024-04-04 05:09:38", "elapsed": 2.563544, "delta": 0.00352}}
{"target": -1202.9932308853715, "params": {"gamma": 3.909796196303079, "lr": 0.2144648711333198}, "datetime": {"datetime": "2024-04-04 05:09:38", "elapsed": 2.56684, "delta": 0.003296}}
{"target": -2339.2214246138437, "params": {"gamma": 6.192513766034457, "lr": 0.17797233547016944}, "datetime": {"datetime": "2024-04-04 05:09:38", "elapsed": 2.570046, "delta": 0.003206}}
{"target": -1874.0585471864965, "params": {"gamma": 8.032278735085756, "lr": 0.2539338558777352}, "datetime": {"datetime": "2024-04-04 05:09:38", "elapsed": 2.573319, "delta": 0.003273}}
{"target": -733.0257943501448, "params": {"gamma": 2.9087707441717465, "lr": 0.915915790009957}, "datetime": {"datetime": "2024-04-04 05:09:38", "elapsed": 2.576618, "delta": 0.003299}}
{"target": -1867.4978520439156, "params": {"gamma": 9.029265417910615, "lr": 0.5353808917305217}, "datetime": {"datetime": "2024-04-04 05:09:38", "elapsed": 2.579956, "delta": 0.003338}}
{"target": -1849.8251279369201, "params": {"gamma": 8.628526966805577, "lr": 0.3525325688050618}, "datetime": {"datetime": "2024-04-04 05:09:38", "elapsed": 2.583196, "delta": 0.00324}}
{"target": -2129.4540616198165, "params": {"gamma": 9.978844897970799, "lr": 0.433689739404977}, "datetime": {"datetime": "2024-04-04 05:09:38", "elapsed": 2.586386, "delta": 0.00319}}
{"target": -1374.682083611303, "params": {"gamma": 2.948825305973155, "lr": 0.04157423394916726}, "datetime": {"datetime": "2024-04-04 05:09:38", "elapsed": 2.589641, "delta": 0.003255}}
{"target": -1911.9709485973244, "params": {"gamma": 9.897079830913631, "lr": 0.4648876309118224}, "datetime": {"datetime": "2024-04-04 05:09:38", "elapsed": 2.593096, "delta": 0.003455}}
{"target": -1545.3730135500525, "params": {"gamma": 7.346115555489657, "lr": 0.6408076240458747}, "datetime": {"datetime": "2024-04-04 05:09:38", "elapsed": 2.596624, "delta": 0.003528}}
{"target": -3315.4395810250962, "params": {"gamma": 7.231210903260432, "lr": 0.05111090382611627}, "datetime": {"datetime": "2024-04-04 05:09:38", "elapsed": 2.599961, "delta": 0.003337}}
{"target": -2288.1062319962984, "params": {"gamma": 9.200534008691728, "lr": 0.9268412179022415}, "datetime": {"datetime": "2024-04-04 05:09:38", "elapsed": 2.603219, "delta": 0.003258}}
{"target": -1381.4424501388148, "params": {"gamma": 5.520398276514817, "lr": 0.963915888684551}, "datetime": {"datetime": "2024-04-04 05:09:38", "elapsed": 2.606364, "delta": 0.003145}}
{"target": -604.6262496385598, "params": {"gamma": 2.8102744143666842, "lr": 0.6021466271365452}, "datetime": {"datetime": "2024-04-04 05:09:38", "elapsed": 2.609529, "delta": 0.003165}}
{"target": -840.264592282444, "params": {"gamma": 3.9652304378361865, "lr": 0.6280232317552282}, "datetime": {"datetime": "2024-04-04 05:09:38", "elapsed": 2.612659, "delta": 0.00313}}
{"target": -747.5274336249707, "params": {"gamma": 3.0070222529489574, "lr": 0.8193583846560202}, "datetime": {"datetime": "2024-04-04 05:09:38", "elapsed": 2.615904, "delta": 0.003245}}
{"target": -369.9034130946477, "params": {"gamma": 0.6987899990635812, "lr": 0.04187757029999628}, "datetime": {"datetime": "2024-04-04 05:09:38", "elapsed": 2.619089, "delta": 0.003185}}
{"target": -247.15545857840152, "params": {"gamma": 0.49491444994850975, "lr": 0.15045502836766345}, "datetime": {"datetime": "2024-04-04 05:09:38", "elapsed": 2.622278, "delta": 0.003189}}
{"target": -996.3456869562019, "params": {"gamma": 3.954109387473109, "lr": 0.9553899892571747}, "datetime": {"datetime": "2024-04-04 05:09:38", "elapsed": 2.625548, "delta": 0.00327}}
{"target": -266.3298201851388, "params": {"gamma": 1.1088436015198657, "lr": 0.6475529858164272}, "datetime": {"datetime": "2024-04-04 05:09:38", "elapsed": 2.629079, "delta": 0.003531}}
{"target": -1136.7192724436686, "params": {"gamma": 5.276687463055037, "lr": 0.353242405983059}, "datetime": {"datetime": "2024-04-04 05:09:38", "elapsed": 2.632434, "delta": 0.003355}}
{"target": -620.9743859366806, "params": {"gamma": 1.9827940939725983, "lr": 0.22059408184733575}, "datetime": {"datetime": "2024-04-04 05:09:38", "elapsed": 2.635604, "delta": 0.00317}}
{"target": -167.09291937473887, "params": {"gamma": 0.4391712757617422, "lr": 0.7131639731598145}, "datetime": {"datetime": "2024-04-04 05:09:38", "elapsed": 2.6388, "delta": 0.003196}}
{"target": -1400.5306787679401, "params": {"gamma": 6.538748151763354, "lr": 0.4437697927247224}, "datetime": {"datetime": "2024-04-04 05:09:38", "elapsed": 2.641953, "delta": 0.003153}}
{"target": -3192.3120231731064, "params": {"gamma": 7.189675941410347, "lr": 0.10997597244532042}, "datetime": {"datetime": "2024-04-04 05:09:38", "elapsed": 2.645115, "delta": 0.003162}}
{"target": -2296.0414287151916, "params": {"gamma": 9.387253014515942, "lr": 0.8476267092393875}, "datetime": {"datetime": "2024-04-04 05:09:38", "elapsed": 2.648249, "delta": 0.003134}}
{"target": -1344.2787692746595, "params": {"gamma": 6.590697560999168, "lr": 0.37883116866173183}, "datetime": {"datetime": "2024-04-04 05:09:38", "elapsed": 2.651436, "delta": 0.003187}}
{"target": -815.8768235929581, "params": {"gamma": 4.16625072341846, "lr": 0.48215392215746744}, "datetime": {"datetime": "2024-04-04 05:09:38", "elapsed": 2.654612, "delta": 0.003176}}
{"target": -2289.1065291548016, "params": {"gamma": 9.352902416297999, "lr": 0.8635929549181026}, "datetime": {"datetime": "2024-04-04 05:09:38", "elapsed": 2.657807, "delta": 0.003195}}
{"target": -988.684118352989, "params": {"gamma": 4.779760568316378, "lr": 0.554518498278167}, "datetime": {"datetime": "2024-04-04 05:09:38", "elapsed": 2.661327, "delta": 0.00352}}
{"target": -2178.0951052846513, "params": {"gamma": 8.754163218930938, "lr": 0.9492644337722901}, "datetime": {"datetime": "2024-04-04 05:09:38", "elapsed": 2.664791, "delta": 0.003464}}
{"target": -1419.137750309959, "params": {"gamma": 6.392208373926592, "lr": 0.7485203200897537}, "datetime": {"datetime": "2024-04-04 05:09:38", "elapsed": 2.667956, "delta": 0.003165}}
{"target": -889.1413196434529, "params": {"gamma": 3.516897438698066, "lr": 0.91802831908618}, "datetime": {"datetime": "2024-04-04 05:09:38", "elapsed": 2.671076, "delta": 0.00312}}
{"target": -1719.0574076317448, "params": {"gamma": 8.367683746488458, "lr": 0.5520558812247628}, "datetime": {"datetime": "2024-04-04 05:09:38", "elapsed": 2.674378, "delta": 0.003302}}
{"target": -2124.045475276005, "params": {"gamma": 8.676404468942122, "lr": 0.8498718814403323}, "datetime": {"datetime": "2024-04-04 05:09:38", "elapsed": 2.677604, "delta": 0.003226}}
{"target": -3116.995387131786, "params": {"gamma": 8.084305154704811, "lr": 0.13069282439738805}, "datetime": {"datetime": "2024-04-04 05:09:38", "elapsed": 2.680869, "delta": 0.003265}}
{"target": -1337.4108928085852, "params": {"gamma": 5.3604897456433, "lr": 0.900783114706916}, "datetime": {"datetime": "2024-04-04 05:09:38", "elapsed": 2.68414, "delta": 0.003271}}
{"target": -1652.1338053436393, "params": {"gamma": 7.70854747370775, "lr": 0.4207131990251918}, "datetime": {"datetime": "2024-04-04 05:09:38", "elapsed": 2.687484, "delta": 0.003344}}
{"target": -2278.363918873676, "params": {"gamma": 9.778826053206298, "lr": 0.25077315667300226}, "datetime": {"datetime": "2024-04-04 05:09:38", "elapsed": 2.690825, "delta": 0.003341}}
{"target": -845.0404445455472, "params": {"gamma": 3.336768678250129, "lr": 0.954200507429589}, "datetime": {"datetime": "2024-04-04 05:09:38", "elapsed": 2.694452, "delta": 0.003627}}
{"target": -2006.3690875209281, "params": {"gamma": 8.087344766504712, "lr": 0.9003400045106619}, "datetime": {"datetime": "2024-04-04 05:09:38", "elapsed": 2.698015, "delta": 0.003563}}
{"target": -142.90786135237553, "params": {"gamma": 0.11688430450954196, "lr": 0.37976443303399476}, "datetime": {"datetime": "2024-04-04 05:09:38", "elapsed": 2.701247, "delta": 0.003232}}
{"target": -517.5107931187815, "params": {"gamma": 2.355984044142083, "lr": 0.2959350518874113}, "datetime": {"datetime": "2024-04-04 05:09:38", "elapsed": 2.704527, "delta": 0.00328}}
{"target": -1671.3399919482192, "params": {"gamma": 7.380216968542006, "lr": 0.7240848448640741}, "datetime": {"datetime": "2024-04-04 05:09:39", "elapsed": 2.707825, "delta": 0.003298}}
{"target": -978.5405375426074, "params": {"gamma": 4.618532302580416, "lr": 0.3652744612070937}, "datetime": {"datetime": "2024-04-04 05:09:39", "elapsed": 2.711114, "delta": 0.003289}}
{"target": -1214.457035108343, "params": {"gamma": 5.847331438432254, "lr": 0.5337077546342763}, "datetime": {"datetime": "2024-04-04 05:09:39", "elapsed": 2.714342, "delta": 0.003228}}
{"target": -1166.1534379477746, "params": {"gamma": 5.5062450105196135, "lr": 0.6154770711146578}, "datetime": {"datetime": "2024-04-04 05:09:39", "elapsed": 2.717582, "delta": 0.00324}}
{"target": -960.2795040242564, "params": {"gamma": 3.957087074403221, "lr": 0.7717184824154584}, "datetime": {"datetime": "2024-04-04 05:09:39", "elapsed": 2.720903, "delta": 0.003321}}
{"target": -541.8853160281968, "params": {"gamma": 2.512780630310517, "lr": 0.655760767903366}, "datetime": {"datetime": "2024-04-04 05:09:39", "elapsed": 2.724247, "delta": 0.003344}}
{"target": -4391.472277911941, "params": {"gamma": 9.604011085051962, "lr": 0.0035547604644260433}, "datetime": {"datetime": "2024-04-04 05:09:39", "elapsed": 2.727736, "delta": 0.003489}}
{"target": -3211.8297405154854, "params": {"gamma": 7.233887082898668, "lr": 0.10899503392964371}, "datetime": {"datetime": "2024-04-04 05:09:39", "elapsed": 2.731266, "delta": 0.00353}}
{"target": -1146.60821633585, "params": {"gamma": 5.438331129146589, "lr": 0.6269160166803346}, "datetime": {"datetime": "2024-04-04 05:09:39", "elapsed": 2.734446, "delta": 0.00318}}
{"target": -618.0129350274602, "params": {"gamma": 2.4302283105822404, "lr": 0.9138438752466082}, "datetime": {"datetime": "2024-04-04 05:09:39", "elapsed": 2.737692, "delta": 0.003246}}
{"target": -1665.977124396582, "params": {"gamma": 6.223502974387487, "lr": 0.23169469139485988}, "datetime": {"datetime": "2024-04-04 05:09:39", "elapsed": 2.740963, "delta": 0.003271}}
{"target": -3418.290644530712, "params": {"gamma": 7.701551743810476, "lr": 0.10550707999733477}, "datetime": {"datetime": "2024-04-04 05:09:39", "elapsed": 2.744306, "delta": 0.003343}}
{"target": -2491.271565903454, "params": {"gamma": 5.552697959994914, "lr": 0.0949560698024915}, "datetime": {"datetime": "2024-04-04 05:09:39", "elapsed": 2.747615, "delta": 0.003309}}
{"target": -1359.7969292833313, "params": {"gamma": 5.810259742677521, "lr": 0.2529801127201884}, "datetime": {"datetime": "2024-04-04 05:09:39", "elapsed": 2.750879, "delta": 0.003264}}
{"target": -1473.1603820815346, "params": {"gamma": 6.495018612739509, "lr": 0.71582695285818}, "datetime": {"datetime": "2024-04-04 05:09:39", "elapsed": 2.754114, "delta": 0.003235}}
{"target": -1106.4406527469957, "params": {"gamma": 5.242331960072044, "lr": 0.6575214077031101}, "datetime": {"datetime": "2024-04-04 05:09:39", "elapsed": 2.757379, "delta": 0.003265}}
{"target": -1991.2334313892493, "params": {"gamma": 8.133125159405232, "lr": 0.8075122716430321}, "datetime": {"datetime": "2024-04-04 05:09:39", "elapsed": 2.760886, "delta": 0.003507}}
{"target": -1223.730178181165, "params": {"gamma": 6.197200238546574, "lr": 0.45110246212077487}, "datetime": {"datetime": "2024-04-04 05:09:39", "elapsed": 2.7643, "delta": 0.003414}}
{"target": -1014.1828115383471, "params": {"gamma": 4.080091940484627, "lr": 0.8747476199043634}, "datetime": {"datetime": "2024-04-04 05:09:39", "elapsed": 2.767574, "delta": 0.003274}}
{"target": -2425.050812765955, "params": {"gamma": 7.029614389411599, "lr": 0.18493502237340165}, "datetime": {"datetime": "2024-04-04 05:09:39", "elapsed": 2.770831, "delta": 0.003257}}
{"target": -1410.288069593196, "params": {"gamma": 5.657755734146004, "lr": 0.9088080323000569}, "datetime": {"datetime": "2024-04-04 05:09:39", "elapsed": 2.774046, "delta": 0.003215}}
{"target": -399.16634423739225, "params": {"gamma": 1.5077492324904636, "lr": 0.8455176755307064}, "datetime": {"datetime": "2024-04-04 05:09:39", "elapsed": 2.777349, "delta": 0.003303}}
{"target": -1587.46828705341, "params": {"gamma": 8.202204460687183, "lr": 0.4993411012978345}, "datetime": {"datetime": "2024-04-04 05:09:39", "elapsed": 2.780565, "delta": 0.003216}}
{"target": -212.58150558399575, "params": {"gamma": 0.37680093100554635, "lr": 0.14750250539693543}, "datetime": {"datetime": "2024-04-04 05:09:39", "elapsed": 2.78391, "delta": 0.003345}}
{"target": -4220.257156388481, "params": {"gamma": 9.226464308192023, "lr": 0.04415479603186245}, "datetime": {"datetime": "2024-04-04 05:09:39", "elapsed": 2.787199, "delta": 0.003289}}
{"target": -794.1174243858154, "params": {"gamma": 3.7256151652871896, "lr": 0.6190396347254709}, "datetime": {"datetime": "2024-04-04 05:09:39", "elapsed": 2.790384, "delta": 0.003185}}
{"target": -513.1033889407147, "params": {"gamma": 1.9702834411012529, "lr": 0.9810797572402973}, "datetime": {"datetime": "2024-04-04 05:09:39", "elapsed": 2.79381, "delta": 0.003426}}
{"target": -348.6963034204076, "params": {"gamma": 1.5605963552011808, "lr": 0.5396791951612744}, "datetime": {"datetime": "2024-04-04 05:09:39", "elapsed": 2.797405, "delta": 0.003595}}
{"target": -1654.5840743638444, "params": {"gamma": 6.180495232142101, "lr": 0.2309899486697039}, "datetime": {"datetime": "2024-04-04 05:09:39", "elapsed": 2.800596, "delta": 0.003191}}
{"target": -910.6982773338136, "params": {"gamma": 4.663623583104205, "lr": 0.49100852913292925}, "datetime": {"datetime": "2024-04-04 05:09:39", "elapsed": 2.803759, "delta": 0.003163}}
{"target": -1612.082055211776, "params": {"gamma": 7.668856900889094, "lr": 0.6342807527738734}, "datetime": {"datetime": "2024-04-04 05:09:39", "elapsed": 2.806944, "delta": 0.003185}}
