{"target": -126.43268220996832, "params": {"gamma": 3.957087074403221, "prior": 7.740012975913038, "rate": 2.512780630310517}, "datetime": {"datetime": "2024-04-12 13:57:23", "elapsed": 4.7295, "delta": 0.007964}}
{"target": -199.16628285652254, "params": {"gamma": 6.557951918265758, "prior": 9.60793176737818, "rate": 0.03654404988379601}, "datetime": {"datetime": "2024-04-12 13:57:23", "elapsed": 4.737548, "delta": 0.008048}}
{"target": -290.42431457940074, "params": {"gamma": 7.233887082898668, "prior": 1.1790508359034728, "rate": 5.438331129146589}, "datetime": {"datetime": "2024-04-12 13:57:23", "elapsed": 4.745484, "delta": 0.007936}}
{"target": -248.89147418622179, "params": {"gamma": 6.269533250786666, "prior": 2.5051765451309316, "rate": 9.138524908590835}, "datetime": {"datetime": "2024-04-12 13:57:23", "elapsed": 4.753533, "delta": 0.008049}}
{"target": -241.62654010100093, "params": {"gamma": 6.223502974387487, "prior": 2.393777444809113, "rate": 7.701551743810476}, "datetime": {"datetime": "2024-04-12 13:57:23", "elapsed": 4.761746, "delta": 0.008213}}
{"target": -123.27520965525795, "params": {"gamma": 1.0559652928933503, "prior": 5.596730653460311, "rate": 0.9504657419551125}, "datetime": {"datetime": "2024-04-12 13:57:23", "elapsed": 4.7699, "delta": 0.008154}}
{"target": -217.84189954135405, "params": {"gamma": 5.810259742677521, "prior": 2.604503115929865, "rate": 6.495018612739509}, "datetime": {"datetime": "2024-04-12 13:57:23", "elapsed": 4.777932, "delta": 0.008032}}
{"target": -216.19094972181495, "params": {"gamma": 7.158553701628942, "prior": 5.289437584229746, "rate": 6.575556555623399}, "datetime": {"datetime": "2024-04-12 13:57:23", "elapsed": 4.785856, "delta": 0.007924}}
{"target": -218.0350061550496, "params": {"gamma": 8.133125159405232, "prior": 8.094371489266019, "rate": 6.197200238546574}, "datetime": {"datetime": "2024-04-12 13:57:23", "elapsed": 4.793778, "delta": 0.007922}}
{"target": -177.93432834287933, "params": {"gamma": 4.511573518745629, "prior": 4.1387048915689375, "rate": 8.74760145142373}, "datetime": {"datetime": "2024-04-12 13:57:23", "elapsed": 4.801793, "delta": 0.008015}}
{"target": -260.3468858916346, "params": {"gamma": 7.029614389411599, "prior": 1.9308567214966765, "rate": 5.657755734146004}, "datetime": {"datetime": "2024-04-12 13:57:23", "elapsed": 4.809858, "delta": 0.008065}}
{"target": -360.0761632756448, "params": {"gamma": 9.08817151496827, "prior": 1.5918309232578849, "rate": 8.455331237631533}, "datetime": {"datetime": "2024-04-12 13:57:23", "elapsed": 4.817771, "delta": 0.007913}}
{"target": -200.96764941121933, "params": {"gamma": 8.202204460687183, "prior": 5.043476902848561, "rate": 0.37680093100554635}, "datetime": {"datetime": "2024-04-12 13:57:23", "elapsed": 4.82576, "delta": 0.007989}}
{"target": -123.99106870645183, "params": {"gamma": 1.4758775514639575, "prior": 9.234123077417845, "rate": 0.4425038055225927}, "datetime": {"datetime": "2024-04-12 13:57:23", "elapsed": 4.833719, "delta": 0.007959}}
{"target": -124.03105185088442, "params": {"gamma": 3.7256151652871896, "prior": 6.228492383782162, "rate": 1.9702834411012529}, "datetime": {"datetime": "2024-04-12 13:57:23", "elapsed": 4.841764, "delta": 0.008045}}
{"target": -351.24230380850446, "params": {"gamma": 9.810816492645733, "prior": 1.6441548071298822, "rate": 5.3972522724175835}, "datetime": {"datetime": "2024-04-12 13:57:23", "elapsed": 4.849786, "delta": 0.008022}}
{"target": -215.47303995221904, "params": {"gamma": 6.180495232142101, "prior": 2.3868004918300687, "rate": 4.663623583104205}, "datetime": {"datetime": "2024-04-12 13:57:23", "elapsed": 4.857792, "delta": 0.008006}}
{"target": -152.79941993101215, "params": {"gamma": 4.91059428280016, "prior": 7.691937525632765, "rate": 6.343173246985961}, "datetime": {"datetime": "2024-04-12 13:57:23", "elapsed": 4.865746, "delta": 0.007954}}
{"target": -143.86414298297188, "params": {"gamma": 4.676032980600331, "prior": 6.702731177620354, "rate": 4.534320887795462}, "datetime": {"datetime": "2024-04-12 13:57:23", "elapsed": 4.873738, "delta": 0.007992}}
{"target": -143.48857397428947, "params": {"gamma": 5.257590201822755, "prior": 6.619823611427782, "rate": 1.8127726241566626}, "datetime": {"datetime": "2024-04-12 13:57:23", "elapsed": 4.881715, "delta": 0.007977}}
{"target": -248.01496589551, "params": {"gamma": 7.8807074621719, "prior": 6.068366841630134, "rate": 9.80334851848814}, "datetime": {"datetime": "2024-04-12 13:57:23", "elapsed": 4.88967, "delta": 0.007955}}
{"target": -132.58581565527584, "params": {"gamma": 2.2246095521182263, "prior": 4.716038094249078, "rate": 8.956522384191866}, "datetime": {"datetime": "2024-04-12 13:57:23", "elapsed": 4.897821, "delta": 0.008151}}
{"target": -163.78914641555357, "params": {"gamma": 6.014732663578183, "prior": 7.286992573903269, "rate": 4.137287971849402}, "datetime": {"datetime": "2024-04-12 13:57:23", "elapsed": 4.905764, "delta": 0.007943}}
{"target": -169.29950484771086, "params": {"gamma": 6.843411908691368, "prior": 9.465944795490875, "rate": 2.0026604713274816}, "datetime": {"datetime": "2024-04-12 13:57:23", "elapsed": 4.913769, "delta": 0.008005}}
{"target": -218.9419440015251, "params": {"gamma": 8.073845273509328, "prior": 9.698426319788975, "rate": 0.146672748901554}, "datetime": {"datetime": "2024-04-12 13:57:23", "elapsed": 4.921654, "delta": 0.007885}}
{"target": -146.12079929953066, "params": {"gamma": 2.152880656357681, "prior": 1.2620315110999845, "rate": 7.674467753896792}, "datetime": {"datetime": "2024-04-12 13:57:23", "elapsed": 4.929589, "delta": 0.007935}}
{"target": -125.61026840482222, "params": {"gamma": 0.8130846428413901, "prior": 9.984294230049985, "rate": 3.8967305467771722}, "datetime": {"datetime": "2024-04-12 13:57:23", "elapsed": 4.937511, "delta": 0.007922}}
{"target": -300.55298047452027, "params": {"gamma": 9.05212245656447, "prior": 1.9669182746447318, "rate": 4.409281126023087}, "datetime": {"datetime": "2024-04-12 13:57:23", "elapsed": 4.945568, "delta": 0.008057}}
{"target": -225.65383121140673, "params": {"gamma": 8.448273378243028, "prior": 5.993170828665236, "rate": 4.6221188088168805}, "datetime": {"datetime": "2024-04-12 13:57:23", "elapsed": 4.953572, "delta": 0.008004}}
{"target": -154.4767279196729, "params": {"gamma": 5.12698481782442, "prior": 5.781466716234239, "rate": 4.403751756648346}, "datetime": {"datetime": "2024-04-12 13:57:23", "elapsed": 4.961628, "delta": 0.008056}}
{"target": -124.42013975949989, "params": {"gamma": 1.936396018280381, "prior": 1.2282610384459451, "rate": 1.5131280457741099}, "datetime": {"datetime": "2024-04-12 13:57:23", "elapsed": 4.969688, "delta": 0.00806}}
{"target": -130.8465325340819, "params": {"gamma": 0.5258571475674859, "prior": 5.630896469529952, "rate": 8.47736241934607}, "datetime": {"datetime": "2024-04-12 13:57:23", "elapsed": 4.977641, "delta": 0.007953}}
{"target": -179.46745576055284, "params": {"gamma": 3.5918342699021832, "prior": 0.8455776390945964, "rate": 4.257818395439178}, "datetime": {"datetime": "2024-04-12 13:57:23", "elapsed": 4.985607, "delta": 0.007966}}
{"target": -209.53166693407337, "params": {"gamma": 6.020476376881542, "prior": 4.311494309198812, "rate": 8.107401614840093}, "datetime": {"datetime": "2024-04-12 13:57:23", "elapsed": 4.993768, "delta": 0.008161}}
{"target": -250.65446881041333, "params": {"gamma": 9.418920575620866, "prior": 8.71211665535671, "rate": 7.040290983300606}, "datetime": {"datetime": "2024-04-12 13:57:23", "elapsed": 5.001737, "delta": 0.007969}}
{"target": -161.33192356149857, "params": {"gamma": 4.7035189488969715, "prior": 6.858710624742188, "rate": 0.13516968725473882}, "datetime": {"datetime": "2024-04-12 13:57:23", "elapsed": 5.009667, "delta": 0.00793}}
{"target": -381.8736619314694, "params": {"gamma": 9.824798706901937, "prior": 1.8035655851060701, "rate": 9.062697699220857}, "datetime": {"datetime": "2024-04-12 13:57:23", "elapsed": 5.017681, "delta": 0.008014}}
{"target": -195.05357617686582, "params": {"gamma": 8.071291906759395, "prior": 8.02138287543118, "rate": 2.690091641792864}, "datetime": {"datetime": "2024-04-12 13:57:23", "elapsed": 5.025764, "delta": 0.008083}}
{"target": -132.65542224763402, "params": {"gamma": 2.1923189037668234, "prior": 4.345126859849478, "rate": 8.493861636205818}, "datetime": {"datetime": "2024-04-12 13:57:23", "elapsed": 5.033717, "delta": 0.007953}}
{"target": -133.51014105631046, "params": {"gamma": 4.5043460450747315, "prior": 9.360659128669912, "rate": 3.5274405931901285}, "datetime": {"datetime": "2024-04-12 13:57:23", "elapsed": 5.041774, "delta": 0.008057}}
{"target": -170.83162329645333, "params": {"gamma": 6.194302264801901, "prior": 9.808920459922224, "rate": 6.434981759885809}, "datetime": {"datetime": "2024-04-12 13:57:23", "elapsed": 5.049737, "delta": 0.007963}}
{"target": -131.83327797901362, "params": {"gamma": 0.45593666218999723, "prior": 4.6892152004219465, "rate": 3.348178685792924}, "datetime": {"datetime": "2024-04-12 13:57:23", "elapsed": 5.057815, "delta": 0.008078}}
{"target": -146.55403042237762, "params": {"gamma": 5.322283303668225, "prior": 2.9189874652700007, "rate": 1.223490041069798}, "datetime": {"datetime": "2024-04-12 13:57:23", "elapsed": 5.06584, "delta": 0.008025}}
{"target": -205.9589642342007, "params": {"gamma": 6.683221598519268, "prior": 6.845461573423933, "rate": 8.671525860690885}, "datetime": {"datetime": "2024-04-12 13:57:23", "elapsed": 5.073904, "delta": 0.008064}}
{"target": -122.67371761704186, "params": {"gamma": 1.3246825541338114, "prior": 8.006341051952507, "rate": 8.267860615312884}, "datetime": {"datetime": "2024-04-12 13:57:23", "elapsed": 5.08203, "delta": 0.008126}}
{"target": -199.5223289830127, "params": {"gamma": 6.465852807575769, "prior": 2.128729243228275, "rate": 2.6149457233439732}, "datetime": {"datetime": "2024-04-12 13:57:23", "elapsed": 5.090076, "delta": 0.008046}}
{"target": -142.23245046861084, "params": {"gamma": 4.185549678574218, "prior": 5.46381082054904, "rate": 4.774902117966579}, "datetime": {"datetime": "2024-04-12 13:57:23", "elapsed": 5.098224, "delta": 0.008148}}
{"target": -155.43103665833698, "params": {"gamma": 4.67513146056165, "prior": 8.414423030956907, "rate": 8.70115355071037}, "datetime": {"datetime": "2024-04-12 13:57:23", "elapsed": 5.106278, "delta": 0.008054}}
{"target": -213.10702981017363, "params": {"gamma": 8.16772288980329, "prior": 8.790234044483526, "rate": 5.710516610608794}, "datetime": {"datetime": "2024-04-12 13:57:23", "elapsed": 5.114474, "delta": 0.008196}}
{"target": -265.10721625355546, "params": {"gamma": 9.64039729725748, "prior": 6.104789047679629, "rate": 6.039873463055735}, "datetime": {"datetime": "2024-04-12 13:57:23", "elapsed": 5.122486, "delta": 0.008012}}
{"target": -130.01599654143104, "params": {"gamma": 3.193658073009114, "prior": 6.843921422758488, "rate": 0.5206049193651046}, "datetime": {"datetime": "2024-04-12 13:57:23", "elapsed": 5.130482, "delta": 0.007996}}
{"target": -132.03925760632083, "params": {"gamma": 1.3463296636984106, "prior": 1.3893974589703744, "rate": 6.5523576709601326}, "datetime": {"datetime": "2024-04-12 13:57:23", "elapsed": 5.138491, "delta": 0.008009}}
{"target": -119.69416958924073, "params": {"gamma": 1.7541505851216117, "prior": 3.4773535501903177, "rate": 0.44407224667521283}, "datetime": {"datetime": "2024-04-12 13:57:23", "elapsed": 5.146624, "delta": 0.008133}}
{"target": -117.26954594737356, "params": {"gamma": 2.33810986680499, "prior": 9.645820816008012, "rate": 5.091884885761161}, "datetime": {"datetime": "2024-04-12 13:57:23", "elapsed": 5.154673, "delta": 0.008049}}
{"target": -126.48847933388087, "params": {"gamma": 1.5115941101958479, "prior": 5.277784464171196, "rate": 9.435150329726897}, "datetime": {"datetime": "2024-04-12 13:57:23", "elapsed": 5.162673, "delta": 0.008}}
{"target": -227.63080731448503, "params": {"gamma": 8.656994454049334, "prior": 3.98145210241083, "rate": 2.8393912922180533}, "datetime": {"datetime": "2024-04-12 13:57:23", "elapsed": 5.170668, "delta": 0.007995}}
{"target": -217.93219004196, "params": {"gamma": 7.617536897064726, "prior": 2.4807948155505692, "rate": 2.5430693142188665}, "datetime": {"datetime": "2024-04-12 13:57:23", "elapsed": 5.1787, "delta": 0.008032}}
{"target": -125.23940950656356, "params": {"gamma": 0.841779455445115, "prior": 8.655026538163867, "rate": 4.4795412572871784}, "datetime": {"datetime": "2024-04-12 13:57:23", "elapsed": 5.186727, "delta": 0.008027}}
{"target": -175.43985317230417, "params": {"gamma": 5.618300819839127, "prior": 7.393438481165847, "rate": 7.965092182444826}, "datetime": {"datetime": "2024-04-12 13:57:23", "elapsed": 5.194625, "delta": 0.007898}}
{"target": -201.15237683952077, "params": {"gamma": 4.475633881764149, "prior": 1.9228628061404038, "rate": 8.287499782431489}, "datetime": {"datetime": "2024-04-12 13:57:23", "elapsed": 5.202673, "delta": 0.008048}}
{"target": -134.91144982664545, "params": {"gamma": 0.3109486003227299, "prior": 9.47260986911873, "rate": 5.770201486928539}, "datetime": {"datetime": "2024-04-12 13:57:23", "elapsed": 5.210569, "delta": 0.007896}}
{"target": -213.29599123649078, "params": {"gamma": 8.754011995768419, "prior": 6.124797826038231, "rate": 2.5173441819390847}, "datetime": {"datetime": "2024-04-12 13:57:23", "elapsed": 5.218543, "delta": 0.007974}}
{"target": -141.64518378237716, "params": {"gamma": 2.962003105035548, "prior": 5.375933334413366, "rate": 9.620820050258088}, "datetime": {"datetime": "2024-04-12 13:57:23", "elapsed": 5.22646, "delta": 0.007917}}
{"target": -118.58722570964919, "params": {"gamma": 1.8457715492972864, "prior": 5.147993943616779, "rate": 3.4385372462650072}, "datetime": {"datetime": "2024-04-12 13:57:23", "elapsed": 5.234474, "delta": 0.008014}}
{"target": -196.5791250706484, "params": {"gamma": 7.697483724226901, "prior": 8.048378215680998, "rate": 4.246174543111865}, "datetime": {"datetime": "2024-04-12 13:57:23", "elapsed": 5.242388, "delta": 0.007914}}
{"target": -134.7998814960903, "params": {"gamma": 2.042020877443364, "prior": 0.7641856572556677, "rate": 1.9872839959411943}, "datetime": {"datetime": "2024-04-12 13:57:23", "elapsed": 5.250439, "delta": 0.008051}}
{"target": -133.74434071115965, "params": {"gamma": 2.7247361004436925, "prior": 6.028010287301183, "rate": 8.730961889247082}, "datetime": {"datetime": "2024-04-12 13:57:23", "elapsed": 5.258478, "delta": 0.008039}}
{"target": -121.1628137452689, "params": {"gamma": 1.2831811575160175, "prior": 9.58606854297747, "rate": 6.832025267697611}, "datetime": {"datetime": "2024-04-12 13:57:23", "elapsed": 5.266471, "delta": 0.007993}}
{"target": -185.8226901005312, "params": {"gamma": 7.419900392548125, "prior": 9.830519780617808, "rate": 4.161591625408803}, "datetime": {"datetime": "2024-04-12 13:57:23", "elapsed": 5.274563, "delta": 0.008092}}
{"target": -157.5747663025293, "params": {"gamma": 5.316303075493122, "prior": 6.824208206937614, "rate": 5.129238550757324}, "datetime": {"datetime": "2024-04-12 13:57:23", "elapsed": 5.282526, "delta": 0.007963}}
{"target": -149.66767191808182, "params": {"gamma": 2.991824334263695, "prior": 1.143308260027389, "rate": 2.8500365250757254}, "datetime": {"datetime": "2024-04-12 13:57:23", "elapsed": 5.290582, "delta": 0.008056}}
{"target": -228.86143698935433, "params": {"gamma": 7.688759630029292, "prior": 6.443748774073277, "rate": 8.013505701328722}, "datetime": {"datetime": "2024-04-12 13:57:23", "elapsed": 5.298603, "delta": 0.008021}}
{"target": -202.94912449121858, "params": {"gamma": 5.171688199172296, "prior": 2.3977902162787172, "rate": 6.279991307892046}, "datetime": {"datetime": "2024-04-12 13:57:23", "elapsed": 5.306816, "delta": 0.008213}}
{"target": -180.08480568405298, "params": {"gamma": 3.040750894733009, "prior": 0.39233457492600754, "rate": 9.03340843699194}, "datetime": {"datetime": "2024-04-12 13:57:23", "elapsed": 5.314914, "delta": 0.008098}}
{"target": -163.63747963874368, "params": {"gamma": 4.2042753184590484, "prior": 4.318694726204651, "rate": 7.412776101583259}, "datetime": {"datetime": "2024-04-12 13:57:23", "elapsed": 5.323026, "delta": 0.008112}}
{"target": -308.1461265444695, "params": {"gamma": 9.484635584653631, "prior": 0.8179037276500872, "rate": 1.7278381802346168}, "datetime": {"datetime": "2024-04-12 13:57:23", "elapsed": 5.331048, "delta": 0.008022}}
{"target": -148.01895534296747, "params": {"gamma": 3.224252533837974, "prior": 2.5594000386689704, "rate": 4.9554543186305695}, "datetime": {"datetime": "2024-04-12 13:57:23", "elapsed": 5.339124, "delta": 0.008076}}
{"target": -217.22193124199035, "params": {"gamma": 8.244771648366036, "prior": 8.55432690792754, "rate": 5.958703590644958}, "datetime": {"datetime": "2024-04-12 13:57:23", "elapsed": 5.34729, "delta": 0.008166}}
{"target": -145.81990826774188, "params": {"gamma": 2.4024971645768356, "prior": 1.9462776138995845, "rate": 7.434161733507989}, "datetime": {"datetime": "2024-04-12 13:57:23", "elapsed": 5.355312, "delta": 0.008022}}
{"target": -129.00127805085526, "params": {"gamma": 2.372903362377833, "prior": 5.440959820172842, "rate": 7.493058590484791}, "datetime": {"datetime": "2024-04-12 13:57:23", "elapsed": 5.363762, "delta": 0.00845}}
{"target": -116.87378712681631, "params": {"gamma": 2.283262797049244, "prior": 1.8275617569701659, "rate": 0.39831713007193664}, "datetime": {"datetime": "2024-04-12 13:57:23", "elapsed": 5.371833, "delta": 0.008071}}
{"target": -120.82328632805581, "params": {"gamma": 1.4765408081617755, "prior": 8.52924517877521, "rate": 1.0472544815378406}, "datetime": {"datetime": "2024-04-12 13:57:23", "elapsed": 5.379882, "delta": 0.008049}}
{"target": -154.53119400884134, "params": {"gamma": 2.2372268102276505, "prior": 0.4242962774851736, "rate": 6.763889997877335}, "datetime": {"datetime": "2024-04-12 13:57:23", "elapsed": 5.387868, "delta": 0.007986}}
{"target": -115.90463975884478, "params": {"gamma": 2.317799711505731, "prior": 4.194558006237466, "rate": 1.393872412065944}, "datetime": {"datetime": "2024-04-12 13:57:23", "elapsed": 5.395859, "delta": 0.007991}}
{"target": -141.91965124733787, "params": {"gamma": 3.772795658827454, "prior": 4.301930915772191, "rate": 4.730176553648271}, "datetime": {"datetime": "2024-04-12 13:57:23", "elapsed": 5.403895, "delta": 0.008036}}
{"target": -205.2703420253638, "params": {"gamma": 4.228995288573093, "prior": 1.1172899823542268, "rate": 7.72603008604881}, "datetime": {"datetime": "2024-04-12 13:57:23", "elapsed": 5.411938, "delta": 0.008043}}
{"target": -120.12051066661706, "params": {"gamma": 1.3729228288956241, "prior": 4.300494505825538, "rate": 2.7202891684153423}, "datetime": {"datetime": "2024-04-12 13:57:23", "elapsed": 5.419941, "delta": 0.008003}}
{"target": -124.89480453875963, "params": {"gamma": 3.0107784228559833, "prior": 6.756965648605682, "rate": 5.178349451410332}, "datetime": {"datetime": "2024-04-12 13:57:23", "elapsed": 5.42804, "delta": 0.008099}}
{"target": -119.03133420951703, "params": {"gamma": 1.9016804177489257, "prior": 4.744430954350433, "rate": 3.396069147094239}, "datetime": {"datetime": "2024-04-12 13:57:23", "elapsed": 5.43598, "delta": 0.00794}}
{"target": -272.14911177987665, "params": {"gamma": 7.045267485283013, "prior": 2.338342504082235, "rate": 8.450036385446094}, "datetime": {"datetime": "2024-04-12 13:57:23", "elapsed": 5.443949, "delta": 0.007969}}
{"target": -147.91945499951458, "params": {"gamma": 5.262770419251413, "prior": 5.056133771938582, "rate": 2.537604383069914}, "datetime": {"datetime": "2024-04-12 13:57:23", "elapsed": 5.451936, "delta": 0.007987}}
{"target": -130.0116331561119, "params": {"gamma": 1.8623705416969032, "prior": 4.771008721102208, "rate": 9.818262353834747}, "datetime": {"datetime": "2024-04-12 13:57:23", "elapsed": 5.460128, "delta": 0.008192}}
{"target": -128.90086153400216, "params": {"gamma": 1.3299294703806088, "prior": 2.9062780810377657, "rate": 8.006611101660276}, "datetime": {"datetime": "2024-04-12 13:57:23", "elapsed": 5.468159, "delta": 0.008031}}
{"target": -198.75091277824973, "params": {"gamma": 6.648104208209039, "prior": 2.859708246065027, "rate": 3.1471614201443434}, "datetime": {"datetime": "2024-04-12 13:57:23", "elapsed": 5.476247, "delta": 0.008088}}
{"target": -151.2309455172685, "params": {"gamma": 4.200062595764889, "prior": 6.067588946198732, "rate": 7.193668333443535}, "datetime": {"datetime": "2024-04-12 13:57:23", "elapsed": 5.484234, "delta": 0.007987}}
{"target": -205.85516362747, "params": {"gamma": 8.573146034178855, "prior": 6.843003557538256, "rate": 2.370583662652512}, "datetime": {"datetime": "2024-04-12 13:57:23", "elapsed": 5.49239, "delta": 0.008156}}
{"target": -223.08643865464597, "params": {"gamma": 9.257279632827263, "prior": 7.833834466690084, "rate": 3.0745074227980154}, "datetime": {"datetime": "2024-04-12 13:57:23", "elapsed": 5.500411, "delta": 0.008021}}
{"target": -122.92768928267809, "params": {"gamma": 3.0503514507789897, "prior": 8.823566352446155, "rate": 1.2616587254915876}, "datetime": {"datetime": "2024-04-12 13:57:23", "elapsed": 5.50853, "delta": 0.008119}}
{"target": -239.82396664368773, "params": {"gamma": 6.334974881523022, "prior": 2.8493560514869, "rate": 8.272176051067923}, "datetime": {"datetime": "2024-04-12 13:57:23", "elapsed": 5.516581, "delta": 0.008051}}
{"target": -123.64062779242953, "params": {"gamma": 3.645869952111327, "prior": 7.360324335241457, "rate": 1.9249864862469743}, "datetime": {"datetime": "2024-04-12 13:57:23", "elapsed": 5.524647, "delta": 0.008066}}
{"target": -140.4508862518287, "params": {"gamma": 4.814977529509854, "prior": 8.05558680166717, "rate": 3.9704851285120673}, "datetime": {"datetime": "2024-04-12 13:57:23", "elapsed": 5.532648, "delta": 0.008001}}
