{"target": -535.7019642070122, "params": {"gamma": 5.2689919070424525, "lr": 0.417102418106858}, "datetime": {"datetime": "2024-03-30 18:19:24", "elapsed": 2.557059, "delta": 0.003989}}
{"target": -748.2555739113644, "params": {"gamma": 8.006795921634268, "lr": 0.9332023381866817}, "datetime": {"datetime": "2024-03-30 18:19:24", "elapsed": 2.561049, "delta": 0.00399}}
{"target": -176.92580340138488, "params": {"gamma": 1.779469614765534, "lr": 0.8600667708762162}, "datetime": {"datetime": "2024-03-30 18:19:24", "elapsed": 2.565038, "delta": 0.003989}}
{"target": -893.2193533939054, "params": {"gamma": 9.57399186834036, "lr": 0.9594706068497821}, "datetime": {"datetime": "2024-03-30 18:19:24", "elapsed": 2.56803, "delta": 0.002992}}
{"target": -178.65231106098864, "params": {"gamma": 0.37958801461658453, "lr": 0.05758350560817371}, "datetime": {"datetime": "2024-03-30 18:19:24", "elapsed": 2.572019, "delta": 0.003989}}
{"target": -132.06712478830502, "params": {"gamma": 0.05896813178397224, "lr": 0.3126811561554764}, "datetime": {"datetime": "2024-03-30 18:19:24", "elapsed": 2.576009, "delta": 0.00399}}
{"target": -115.82647399469236, "params": {"gamma": 0.5579284287083343, "lr": 0.29386248547054417}, "datetime": {"datetime": "2024-03-30 18:19:24", "elapsed": 2.579998, "delta": 0.003989}}
{"target": -337.19784914416203, "params": {"gamma": 3.5608088438258343, "lr": 0.9536770184739218}, "datetime": {"datetime": "2024-03-30 18:19:24", "elapsed": 2.58299, "delta": 0.002992}}
{"target": -575.0703596279416, "params": {"gamma": 4.770032273945294, "lr": 0.27823844242133033}, "datetime": {"datetime": "2024-03-30 18:19:24", "elapsed": 2.586979, "delta": 0.003989}}
{"target": -473.4582812664483, "params": {"gamma": 5.030548945314497, "lr": 0.6433579246491355}, "datetime": {"datetime": "2024-03-30 18:19:24", "elapsed": 2.590969, "delta": 0.00399}}
{"target": -113.4569411260203, "params": {"gamma": 1.1133454800017826, "lr": 0.7580616581331086}, "datetime": {"datetime": "2024-03-30 18:19:24", "elapsed": 2.594958, "delta": 0.003989}}
{"target": -804.2091548184885, "params": {"gamma": 8.519605767101668, "lr": 0.8442498595694283}, "datetime": {"datetime": "2024-03-30 18:19:24", "elapsed": 2.59795, "delta": 0.002992}}
{"target": -974.824894119615, "params": {"gamma": 8.905177817288482, "lr": 0.38184239675576115}, "datetime": {"datetime": "2024-03-30 18:19:24", "elapsed": 2.601939, "delta": 0.003989}}
{"target": -1523.9707700986096, "params": {"gamma": 4.438608178466819, "lr": 0.10158147594616618}, "datetime": {"datetime": "2024-03-30 18:19:24", "elapsed": 2.605928, "delta": 0.003989}}
{"target": -217.31239673018865, "params": {"gamma": 2.25884341738992, "lr": 0.971320469273211}, "datetime": {"datetime": "2024-03-30 18:19:24", "elapsed": 2.609918, "delta": 0.00399}}
{"target": -273.58454847107726, "params": {"gamma": 2.8469550657183857, "lr": 0.9073961422409973}, "datetime": {"datetime": "2024-03-30 18:19:24", "elapsed": 2.61291, "delta": 0.002992}}
{"target": -831.3965571329941, "params": {"gamma": 8.905632311496733, "lr": 0.9225044972603934}, "datetime": {"datetime": "2024-03-30 18:19:24", "elapsed": 2.616899, "delta": 0.003989}}
{"target": -156.79865599290608, "params": {"gamma": 1.5623394948435068, "lr": 0.8797221435013809}, "datetime": {"datetime": "2024-03-30 18:19:24", "elapsed": 2.620888, "delta": 0.003989}}
{"target": -990.6493300478108, "params": {"gamma": 6.320317509680909, "lr": 0.21062817841880244}, "datetime": {"datetime": "2024-03-30 18:19:24", "elapsed": 2.624877, "delta": 0.003989}}
{"target": -1155.2589850100792, "params": {"gamma": 3.4518140318860318, "lr": 0.1599187885892832}, "datetime": {"datetime": "2024-03-30 18:19:24", "elapsed": 2.627869, "delta": 0.002992}}
{"target": -1574.6929361169978, "params": {"gamma": 4.444037226303826, "lr": 0.08377495384546052}, "datetime": {"datetime": "2024-03-30 18:19:24", "elapsed": 2.631858, "delta": 0.003989}}
{"target": -369.0635261379161, "params": {"gamma": 1.654019586311918, "lr": 0.19719634646666928}, "datetime": {"datetime": "2024-03-30 18:19:24", "elapsed": 2.635848, "delta": 0.00399}}
{"target": -646.1648562695432, "params": {"gamma": 6.910582388225486, "lr": 0.573802869165353}, "datetime": {"datetime": "2024-03-30 18:19:24", "elapsed": 2.639837, "delta": 0.003989}}
{"target": -1359.7773864957644, "params": {"gamma": 8.733358017233284, "lr": 0.2446340657192081}, "datetime": {"datetime": "2024-03-30 18:19:24", "elapsed": 2.643826, "delta": 0.003989}}
{"target": -2255.5338051475105, "params": {"gamma": 6.296449959232413, "lr": 0.034431265307095615}, "datetime": {"datetime": "2024-03-30 18:19:24", "elapsed": 2.646818, "delta": 0.002992}}
{"target": -495.51225868139596, "params": {"gamma": 5.162468412309614, "lr": 0.8632264817138495}, "datetime": {"datetime": "2024-03-30 18:19:24", "elapsed": 2.650808, "delta": 0.00399}}
{"target": -3524.565536254486, "params": {"gamma": 9.841281312305282, "lr": 0.009872975358918512}, "datetime": {"datetime": "2024-03-30 18:19:24", "elapsed": 2.655795, "delta": 0.004987}}
{"target": -413.76088030979224, "params": {"gamma": 2.5291619792860742, "lr": 0.22384967032752534}, "datetime": {"datetime": "2024-03-30 18:19:24", "elapsed": 2.659784, "delta": 0.003989}}
{"target": -202.51073809992494, "params": {"gamma": 0.4763284046833772, "lr": 0.010172456261775653}, "datetime": {"datetime": "2024-03-30 18:19:24", "elapsed": 2.663773, "delta": 0.003989}}
{"target": -1756.542277723652, "params": {"gamma": 4.902462927130074, "lr": 0.04548214567029407}, "datetime": {"datetime": "2024-03-30 18:19:24", "elapsed": 2.666765, "delta": 0.002992}}
{"target": -265.15815274707336, "params": {"gamma": 2.784002980338173, "lr": 0.6399745691089123}, "datetime": {"datetime": "2024-03-30 18:19:24", "elapsed": 2.670755, "delta": 0.00399}}
{"target": -367.86896500930743, "params": {"gamma": 2.9476257235674814, "lr": 0.26965470115905144}, "datetime": {"datetime": "2024-03-30 18:19:24", "elapsed": 2.674744, "delta": 0.003989}}
{"target": -647.9322021941258, "params": {"gamma": 5.905874675913428, "lr": 0.38053407720964005}, "datetime": {"datetime": "2024-03-30 18:19:24", "elapsed": 2.678733, "delta": 0.003989}}
{"target": -706.0309938401824, "params": {"gamma": 7.025527816580048, "lr": 0.4961239512498611}, "datetime": {"datetime": "2024-03-30 18:19:24", "elapsed": 2.682722, "delta": 0.003989}}
{"target": -694.4184219070223, "params": {"gamma": 6.33245944879897, "lr": 0.3533943470016294}, "datetime": {"datetime": "2024-03-30 18:19:24", "elapsed": 2.686712, "delta": 0.00399}}
{"target": -986.8849280765025, "params": {"gamma": 2.871152417608931, "lr": 0.13320711375110195}, "datetime": {"datetime": "2024-03-30 18:19:24", "elapsed": 2.690701, "delta": 0.003989}}
{"target": -874.4303911729263, "params": {"gamma": 9.370866767604843, "lr": 0.8048358460157946}, "datetime": {"datetime": "2024-03-30 18:19:24", "elapsed": 2.69469, "delta": 0.003989}}
{"target": -2015.0217474954732, "params": {"gamma": 9.380347403020368, "lr": 0.1853805246478023}, "datetime": {"datetime": "2024-03-30 18:19:24", "elapsed": 2.697682, "delta": 0.002992}}
{"target": -870.8005027256327, "params": {"gamma": 9.331624472469432, "lr": 0.9357532076921331}, "datetime": {"datetime": "2024-03-30 18:19:24", "elapsed": 2.701672, "delta": 0.00399}}
{"target": -355.2483294853702, "params": {"gamma": 2.8361615915229414, "lr": 0.27463424842386297}, "datetime": {"datetime": "2024-03-30 18:19:24", "elapsed": 2.705661, "delta": 0.003989}}
{"target": -1187.9174987852275, "params": {"gamma": 5.514764305160052, "lr": 0.18528923936855235}, "datetime": {"datetime": "2024-03-30 18:19:24", "elapsed": 2.70965, "delta": 0.003989}}
{"target": -954.240768653189, "params": {"gamma": 4.421569005157032, "lr": 0.1853176459376844}, "datetime": {"datetime": "2024-03-30 18:19:24", "elapsed": 2.712642, "delta": 0.002992}}
{"target": -950.8479922327032, "params": {"gamma": 9.473811803621638, "lr": 0.4938246574910856}, "datetime": {"datetime": "2024-03-30 18:19:24", "elapsed": 2.716632, "delta": 0.00399}}
{"target": -901.9927731779973, "params": {"gamma": 9.639213756472554, "lr": 0.6449416725122118}, "datetime": {"datetime": "2024-03-30 18:19:24", "elapsed": 2.720621, "delta": 0.003989}}
{"target": -455.71948566430706, "params": {"gamma": 4.843673414550824, "lr": 0.9676952459611975}, "datetime": {"datetime": "2024-03-30 18:19:24", "elapsed": 2.72461, "delta": 0.003989}}
{"target": -142.15033889156578, "params": {"gamma": 1.4327546273059197, "lr": 0.6323298746664966}, "datetime": {"datetime": "2024-03-30 18:19:24", "elapsed": 2.728599, "delta": 0.003989}}
{"target": -672.0245589831098, "params": {"gamma": 6.6192217900001395, "lr": 0.43383982715272595}, "datetime": {"datetime": "2024-03-30 18:19:24", "elapsed": 2.73259, "delta": 0.003991}}
{"target": -93.27194349801331, "params": {"gamma": 0.594512896164236, "lr": 0.4927226011660333}, "datetime": {"datetime": "2024-03-30 18:19:24", "elapsed": 2.735581, "delta": 0.002991}}
{"target": -437.98978787222137, "params": {"gamma": 4.651874301237257, "lr": 0.8067468107748635}, "datetime": {"datetime": "2024-03-30 18:19:24", "elapsed": 2.7396, "delta": 0.004019}}
{"target": -285.18011051822015, "params": {"gamma": 2.5673532385398095, "lr": 0.3914303629842686}, "datetime": {"datetime": "2024-03-30 18:19:24", "elapsed": 2.743588, "delta": 0.003988}}
{"target": -236.42529679143212, "params": {"gamma": 2.402481900006551, "lr": 0.6864434151723641}, "datetime": {"datetime": "2024-03-30 18:19:24", "elapsed": 2.747549, "delta": 0.003961}}
{"target": -2244.7650169187923, "params": {"gamma": 9.898844649917818, "lr": 0.1774295368682619}, "datetime": {"datetime": "2024-03-30 18:19:24", "elapsed": 2.751538, "delta": 0.003989}}
{"target": -1280.4189317850967, "params": {"gamma": 8.214645955522746, "lr": 0.2309885592816333}, "datetime": {"datetime": "2024-03-30 18:19:24", "elapsed": 2.75453, "delta": 0.002992}}
{"target": -224.42020474866973, "params": {"gamma": 0.5807001579142975, "lr": 0.13881651804567363}, "datetime": {"datetime": "2024-03-30 18:19:24", "elapsed": 2.758519, "delta": 0.003989}}
{"target": -891.3509621649127, "params": {"gamma": 9.351596002308344, "lr": 0.8885421033562281}, "datetime": {"datetime": "2024-03-30 18:19:24", "elapsed": 2.762508, "delta": 0.003989}}
{"target": -275.64408990033235, "params": {"gamma": 2.893315694333617, "lr": 0.9477640661016069}, "datetime": {"datetime": "2024-03-30 18:19:24", "elapsed": 2.766498, "delta": 0.00399}}
{"target": -861.9133817541734, "params": {"gamma": 8.499455421778958, "lr": 0.4346547940716735}, "datetime": {"datetime": "2024-03-30 18:19:24", "elapsed": 2.770487, "delta": 0.003989}}
{"target": -440.983038123355, "params": {"gamma": 4.681027499109862, "lr": 0.6298530215834227}, "datetime": {"datetime": "2024-03-30 18:19:24", "elapsed": 2.773479, "delta": 0.002992}}
{"target": -570.1227276177301, "params": {"gamma": 1.581160317803163, "lr": 0.014782086742092915}, "datetime": {"datetime": "2024-03-30 18:19:24", "elapsed": 2.777468, "delta": 0.003989}}
{"target": -952.9043798187072, "params": {"gamma": 2.655854662706386, "lr": 0.015443631942760883}, "datetime": {"datetime": "2024-03-30 18:19:24", "elapsed": 2.781458, "delta": 0.00399}}
{"target": -631.4895506259425, "params": {"gamma": 6.745313942778413, "lr": 0.5514688358127765}, "datetime": {"datetime": "2024-03-30 18:19:24", "elapsed": 2.785447, "delta": 0.003989}}
{"target": -304.18865503931653, "params": {"gamma": 3.2171598078821737, "lr": 0.7802023371197586}, "datetime": {"datetime": "2024-03-30 18:19:24", "elapsed": 2.789436, "delta": 0.003989}}
{"target": -256.2754207998717, "params": {"gamma": 1.4587085267165556, "lr": 0.2448806387618836}, "datetime": {"datetime": "2024-03-30 18:19:24", "elapsed": 2.792428, "delta": 0.002992}}
{"target": -635.181442867002, "params": {"gamma": 2.923845306630798, "lr": 0.19593194649899215}, "datetime": {"datetime": "2024-03-30 18:19:24", "elapsed": 2.796418, "delta": 0.00399}}
{"target": -96.74644285362719, "params": {"gamma": 0.8802988990222627, "lr": 0.8699761802716075}, "datetime": {"datetime": "2024-03-30 18:19:24", "elapsed": 2.800407, "delta": 0.003989}}
{"target": -96.89364814333692, "params": {"gamma": 0.8827982670695292, "lr": 0.6837103358216379}, "datetime": {"datetime": "2024-03-30 18:19:24", "elapsed": 2.804396, "delta": 0.003989}}
{"target": -437.81933997145813, "params": {"gamma": 1.204888367700376, "lr": 0.010699003144174157}, "datetime": {"datetime": "2024-03-30 18:19:24", "elapsed": 2.808385, "delta": 0.003989}}
{"target": -528.0490255563889, "params": {"gamma": 5.573125032519063, "lr": 0.9071090552203707}, "datetime": {"datetime": "2024-03-30 18:19:24", "elapsed": 2.811378, "delta": 0.002993}}
{"target": -942.0740609451813, "params": {"gamma": 8.604706216701516, "lr": 0.33845138411825004}, "datetime": {"datetime": "2024-03-30 18:19:24", "elapsed": 2.815367, "delta": 0.003989}}
{"target": -82.51396384908819, "params": {"gamma": 0.27256113442929636, "lr": 0.8008593551300331}, "datetime": {"datetime": "2024-03-30 18:19:24", "elapsed": 2.819356, "delta": 0.003989}}
{"target": -769.3006099081182, "params": {"gamma": 8.06004333796437, "lr": 0.8684881163027721}, "datetime": {"datetime": "2024-03-30 18:19:24", "elapsed": 2.823345, "delta": 0.003989}}
{"target": -627.0869250084899, "params": {"gamma": 6.696796352155456, "lr": 0.8077788623150765}, "datetime": {"datetime": "2024-03-30 18:19:24", "elapsed": 2.827335, "delta": 0.00399}}
{"target": -900.9760403423253, "params": {"gamma": 8.9750853247459, "lr": 0.4538299504900123}, "datetime": {"datetime": "2024-03-30 18:19:24", "elapsed": 2.831324, "delta": 0.003989}}
{"target": -523.0304404938656, "params": {"gamma": 5.578695211845391, "lr": 0.5061311288282347}, "datetime": {"datetime": "2024-03-30 18:19:24", "elapsed": 2.834316, "delta": 0.002992}}
{"target": -667.1202724215578, "params": {"gamma": 6.920147061337664, "lr": 0.6829068676298748}, "datetime": {"datetime": "2024-03-30 18:19:24", "elapsed": 2.838305, "delta": 0.003989}}
{"target": -488.9975729998577, "params": {"gamma": 5.203616044997302, "lr": 0.8284681480854713}, "datetime": {"datetime": "2024-03-30 18:19:24", "elapsed": 2.842432, "delta": 0.004127}}
{"target": -475.5607542599965, "params": {"gamma": 5.058288088511875, "lr": 0.8248585623852319}, "datetime": {"datetime": "2024-03-30 18:19:24", "elapsed": 2.84593, "delta": 0.003498}}
{"target": -646.6526194837029, "params": {"gamma": 2.8191690363442863, "lr": 0.17849483297748825}, "datetime": {"datetime": "2024-03-30 18:19:24", "elapsed": 2.849949, "delta": 0.004019}}
{"target": -922.0763272615053, "params": {"gamma": 9.698735832876796, "lr": 0.7419395254560768}, "datetime": {"datetime": "2024-03-30 18:19:24", "elapsed": 2.853938, "delta": 0.003989}}
{"target": -246.2729307601424, "params": {"gamma": 2.598657141350841, "lr": 0.5812353422911717}, "datetime": {"datetime": "2024-03-30 18:19:24", "elapsed": 2.857898, "delta": 0.00396}}
{"target": -3421.2418882520747, "params": {"gamma": 9.55266727312833, "lr": 0.0807539078120788}, "datetime": {"datetime": "2024-03-30 18:19:24", "elapsed": 2.861887, "delta": 0.003989}}
{"target": -93.09001951836579, "params": {"gamma": 0.8362585364103492, "lr": 0.6191348314199072}, "datetime": {"datetime": "2024-03-30 18:19:24", "elapsed": 2.864879, "delta": 0.002992}}
{"target": -214.95124393038597, "params": {"gamma": 2.245710294880741, "lr": 0.7651839567335081}, "datetime": {"datetime": "2024-03-30 18:19:24", "elapsed": 2.868869, "delta": 0.00399}}
{"target": -534.0047232209812, "params": {"gamma": 5.681957276948102, "lr": 0.6661880902234952}, "datetime": {"datetime": "2024-03-30 18:19:24", "elapsed": 2.872858, "delta": 0.003989}}
{"target": -390.00467033569623, "params": {"gamma": 1.0790311940451294, "lr": 0.08428305143655679}, "datetime": {"datetime": "2024-03-30 18:19:24", "elapsed": 2.876847, "delta": 0.003989}}
{"target": -634.9010887472735, "params": {"gamma": 6.251585561986592, "lr": 0.4097312611340205}, "datetime": {"datetime": "2024-03-30 18:19:24", "elapsed": 2.880836, "delta": 0.003989}}
{"target": -115.01870177657804, "params": {"gamma": 0.8734379861959459, "lr": 0.3710639450161891}, "datetime": {"datetime": "2024-03-30 18:19:24", "elapsed": 2.884826, "delta": 0.00399}}
{"target": -1446.1236005099563, "params": {"gamma": 6.72177195215883, "lr": 0.1895874001915857}, "datetime": {"datetime": "2024-03-30 18:19:24", "elapsed": 2.887818, "delta": 0.002992}}
{"target": -836.1845908771098, "params": {"gamma": 8.957395356178512, "lr": 0.9498463888800873}, "datetime": {"datetime": "2024-03-30 18:19:24", "elapsed": 2.891807, "delta": 0.003989}}
{"target": -914.2355281342766, "params": {"gamma": 9.615763851802903, "lr": 0.7300825577402602}, "datetime": {"datetime": "2024-03-30 18:19:24", "elapsed": 2.895796, "delta": 0.003989}}
{"target": -389.7157977804298, "params": {"gamma": 4.063477988455463, "lr": 0.7437491963512196}, "datetime": {"datetime": "2024-03-30 18:19:24", "elapsed": 2.899786, "delta": 0.00399}}
{"target": -347.39867312937895, "params": {"gamma": 2.8805808058682407, "lr": 0.3144172223907462}, "datetime": {"datetime": "2024-03-30 18:19:24", "elapsed": 2.903775, "delta": 0.003989}}
{"target": -567.0210457266668, "params": {"gamma": 6.059357715817362, "lr": 0.5948471334079176}, "datetime": {"datetime": "2024-03-30 18:19:24", "elapsed": 2.906767, "delta": 0.002992}}
{"target": -1032.88064955674, "params": {"gamma": 8.786731102181795, "lr": 0.25460075566057694}, "datetime": {"datetime": "2024-03-30 18:19:24", "elapsed": 2.910756, "delta": 0.003989}}
{"target": -716.3737762322227, "params": {"gamma": 7.662117463663015, "lr": 0.9410132668189013}, "datetime": {"datetime": "2024-03-30 18:19:24", "elapsed": 2.914745, "delta": 0.003989}}
{"target": -141.13984478965637, "params": {"gamma": 0.011328293644688577, "lr": 0.47608911800210485}, "datetime": {"datetime": "2024-03-30 18:19:24", "elapsed": 2.918735, "delta": 0.00399}}
{"target": -621.9991978813587, "params": {"gamma": 6.570746249918269, "lr": 0.8433232139195225}, "datetime": {"datetime": "2024-03-30 18:19:24", "elapsed": 2.922267, "delta": 0.003532}}
{"target": -180.7019188467514, "params": {"gamma": 1.8382103793481412, "lr": 0.8561592379873718}, "datetime": {"datetime": "2024-03-30 18:19:24", "elapsed": 2.926258, "delta": 0.003991}}
{"target": -347.8809524677902, "params": {"gamma": 3.6442904330904224, "lr": 0.8922739292761724}, "datetime": {"datetime": "2024-03-30 18:19:24", "elapsed": 2.930248, "delta": 0.00399}}
{"target": -157.6293070843622, "params": {"gamma": 0.2780896894835276, "lr": 0.08539013912317062}, "datetime": {"datetime": "2024-03-30 18:19:24", "elapsed": 2.934237, "delta": 0.003989}}
{"target": -917.566148338332, "params": {"gamma": 9.81412324707537, "lr": 0.6095019257734966}, "datetime": {"datetime": "2024-03-30 18:19:24", "elapsed": 2.938227, "delta": 0.00399}}
{"target": -952.0724201636906, "params": {"gamma": 4.176905835795019, "lr": 0.16921418469369054}, "datetime": {"datetime": "2024-03-30 18:19:24", "elapsed": 2.941218, "delta": 0.002991}}
{"target": -2328.1727997692315, "params": {"gamma": 6.499361629743811, "lr": 0.03697506835935782}, "datetime": {"datetime": "2024-03-30 18:19:24", "elapsed": 2.945208, "delta": 0.00399}}
{"target": -373.08412029233324, "params": {"gamma": 3.116827520693586, "lr": 0.32347919698907535}, "datetime": {"datetime": "2024-03-30 18:19:24", "elapsed": 2.949197, "delta": 0.003989}}
{"target": -570.527966667745, "params": {"gamma": 6.074811493252022, "lr": 0.6508312566756971}, "datetime": {"datetime": "2024-03-30 18:19:24", "elapsed": 2.953186, "delta": 0.003989}}
{"target": -790.240844531617, "params": {"gamma": 8.460699937765456, "lr": 0.9275809425975434}, "datetime": {"datetime": "2024-03-30 18:19:24", "elapsed": 2.957176, "delta": 0.00399}}
{"target": -617.7433066105666, "params": {"gamma": 6.604916818383386, "lr": 0.5781739184085382}, "datetime": {"datetime": "2024-03-30 18:19:24", "elapsed": 2.961165, "delta": 0.003989}}
{"target": -376.62161077665985, "params": {"gamma": 3.987756720746455, "lr": 0.966612492642142}, "datetime": {"datetime": "2024-03-30 18:19:24", "elapsed": 2.964157, "delta": 0.002992}}
{"target": -152.9972370099407, "params": {"gamma": 1.541637639151742, "lr": 0.8950868086486484}, "datetime": {"datetime": "2024-03-30 18:19:24", "elapsed": 2.968146, "delta": 0.003989}}
{"target": -294.09404170122804, "params": {"gamma": 3.1108196657805305, "lr": 0.548489089666104}, "datetime": {"datetime": "2024-03-30 18:19:25", "elapsed": 2.972135, "delta": 0.003989}}
{"target": -1067.2217300263187, "params": {"gamma": 6.8209805180697165, "lr": 0.23646965132615538}, "datetime": {"datetime": "2024-03-30 18:19:25", "elapsed": 2.976125, "delta": 0.00399}}
{"target": -163.11914813415527, "params": {"gamma": 1.678199113817666, "lr": 0.508482013429616}, "datetime": {"datetime": "2024-03-30 18:19:25", "elapsed": 2.980114, "delta": 0.003989}}
{"target": -762.4911136464116, "params": {"gamma": 7.918846891971133, "lr": 0.6924144621670756}, "datetime": {"datetime": "2024-03-30 18:19:25", "elapsed": 2.984103, "delta": 0.003989}}
{"target": -121.56235340571449, "params": {"gamma": 1.1906143983929753, "lr": 0.900742215071733}, "datetime": {"datetime": "2024-03-30 18:19:25", "elapsed": 2.987095, "delta": 0.002992}}
{"target": -451.4876457223154, "params": {"gamma": 4.797895932924502, "lr": 0.9466766792396476}, "datetime": {"datetime": "2024-03-30 18:19:25", "elapsed": 2.991085, "delta": 0.00399}}
{"target": -1960.7391584194274, "params": {"gamma": 5.53478362877641, "lr": 0.08480182166035288}, "datetime": {"datetime": "2024-03-30 18:19:25", "elapsed": 2.995074, "delta": 0.003989}}
{"target": -197.97383955553914, "params": {"gamma": 2.0254278937096815, "lr": 0.8542379729163827}, "datetime": {"datetime": "2024-03-30 18:19:25", "elapsed": 2.999063, "delta": 0.003989}}
