{"target": -130.83670412811728, "params": {"gamma": 0.31018494347539305, "lr": 0.3939514303526145}, "datetime": {"datetime": "2024-03-30 01:52:15", "elapsed": 13130.77311, "delta": 64.528367}}
{"target": -134.33216334008858, "params": {"gamma": 0.15627242390081106, "lr": 0.26815345964857384}, "datetime": {"datetime": "2024-03-30 01:53:31", "elapsed": 13207.132885, "delta": 76.359775}}
{"target": -137.23602067590463, "params": {"gamma": 0.12175559184180586, "lr": 0.8320875157481425}, "datetime": {"datetime": "2024-03-30 01:54:51", "elapsed": 13286.855881, "delta": 79.722996}}
{"target": -145.02545911359056, "params": {"gamma": 0.3600820388572693, "lr": 0.8007129099852057}, "datetime": {"datetime": "2024-03-30 01:56:38", "elapsed": 13393.647901, "delta": 106.79202}}
{"target": -134.0907357396469, "params": {"gamma": 0.5944377226890788, "lr": 0.4018644725893651}, "datetime": {"datetime": "2024-03-30 01:57:48", "elapsed": 13463.481201, "delta": 69.8333}}
{"target": -160.0714314650722, "params": {"gamma": 1.01209241366851, "lr": 0.37127201760892325}, "datetime": {"datetime": "2024-03-30 01:59:08", "elapsed": 13543.833405, "delta": 80.352204}}
{"target": -138.9646539876346, "params": {"gamma": 0.1885590497471472, "lr": 0.9648027255938364}, "datetime": {"datetime": "2024-03-30 01:59:51", "elapsed": 13586.720532, "delta": 42.887127}}
{"target": -138.006962977002, "params": {"gamma": 0.44873825085214747, "lr": 0.31568058385054215}, "datetime": {"datetime": "2024-03-30 02:01:25", "elapsed": 13681.129146, "delta": 94.408614}}
{"target": -140.01320431512806, "params": {"gamma": 0.033450330345640406, "lr": 0.32654372498048656}, "datetime": {"datetime": "2024-03-30 02:02:42", "elapsed": 13757.858948, "delta": 76.729802}}
{"target": -136.3922103301728, "params": {"gamma": 0.3947944891552841, "lr": 0.5028637737985526}, "datetime": {"datetime": "2024-03-30 02:03:52", "elapsed": 13827.757568, "delta": 69.89862}}
{"target": -142.0280808584107, "params": {"gamma": 0.001, "lr": 0.5947152079246824}, "datetime": {"datetime": "2024-03-30 02:05:08", "elapsed": 13903.606175, "delta": 75.848607}}
{"target": -139.87611850763892, "params": {"gamma": 0.0408045446947055, "lr": 0.18476692277955176}, "datetime": {"datetime": "2024-03-30 02:06:44", "elapsed": 13999.95027, "delta": 96.344095}}
{"target": -208.25107114167685, "params": {"gamma": 1.304588682555839, "lr": 0.28691502849434}, "datetime": {"datetime": "2024-03-30 02:07:31", "elapsed": 14047.013659, "delta": 47.063389}}
{"target": -150.47747542982822, "params": {"gamma": 0.666360793550696, "lr": 0.527814402561697}, "datetime": {"datetime": "2024-03-30 02:09:27", "elapsed": 14162.502429, "delta": 115.48877}}
{"target": -135.63182222403532, "params": {"gamma": 0.12931456357786406, "lr": 0.5231346265257977}, "datetime": {"datetime": "2024-03-30 02:11:05", "elapsed": 14260.553298, "delta": 98.050869}}
{"target": -133.77763338633477, "params": {"gamma": 0.5246011512850173, "lr": 0.3939954385440154}, "datetime": {"datetime": "2024-03-30 02:12:33", "elapsed": 14349.037071, "delta": 88.483773}}
{"target": -132.58687486756702, "params": {"gamma": 0.24408771151018935, "lr": 0.4491456076897198}, "datetime": {"datetime": "2024-03-30 02:13:45", "elapsed": 14421.094295, "delta": 72.057224}}
{"target": -258.181647584606, "params": {"gamma": 1.32127456602371, "lr": 0.1928854410296183}, "datetime": {"datetime": "2024-03-30 02:15:33", "elapsed": 14529.058057, "delta": 107.963762}}
{"target": -139.27859781449192, "params": {"gamma": 0.0429355135682954, "lr": 0.690306045136493}, "datetime": {"datetime": "2024-03-30 02:17:05", "elapsed": 14620.546012, "delta": 91.487955}}
{"target": -134.17993893082365, "params": {"gamma": 0.19811607220557287, "lr": 0.5270422646346058}, "datetime": {"datetime": "2024-03-30 02:18:39", "elapsed": 14714.828609, "delta": 94.282597}}
{"target": -165.44511258476356, "params": {"gamma": 0.7176543752736432, "lr": 0.7026422446945986}, "datetime": {"datetime": "2024-03-30 02:20:40", "elapsed": 14835.336016, "delta": 120.507407}}
{"target": -144.3726582981091, "params": {"gamma": 0.10624744352358263, "lr": 0.02586774281813542}, "datetime": {"datetime": "2024-03-30 02:22:53", "elapsed": 14968.513267, "delta": 133.177251}}
{"target": -138.85339949915632, "params": {"gamma": 0.18456424430624996, "lr": 0.1469362985774768}, "datetime": {"datetime": "2024-03-30 02:24:03", "elapsed": 15038.873651, "delta": 70.360384}}
{"target": -134.70662097825596, "params": {"gamma": 0.22654134606366041, "lr": 0.5998588821526444}, "datetime": {"datetime": "2024-03-30 02:25:42", "elapsed": 15138.013016, "delta": 99.139365}}
{"target": -142.09517201478903, "params": {"gamma": 0.8717867045140724, "lr": 0.0}, "datetime": {"datetime": "2024-03-30 02:27:02", "elapsed": 15218.288383, "delta": 80.275367}}
{"target": -142.09517201478903, "params": {"gamma": 0.560366575580203, "lr": 0.0}, "datetime": {"datetime": "2024-03-30 02:28:38", "elapsed": 15313.690802, "delta": 95.402419}}
{"target": -137.95990785518498, "params": {"gamma": 0.11532824133013918, "lr": 0.9851301846922381}, "datetime": {"datetime": "2024-03-30 02:30:07", "elapsed": 15402.842293, "delta": 89.151491}}
{"target": -135.76906330798892, "params": {"gamma": 0.1406313097179146, "lr": 0.6253856100749596}, "datetime": {"datetime": "2024-03-30 02:31:30", "elapsed": 15485.756322, "delta": 82.914029}}
{"target": -175.9467468344858, "params": {"gamma": 0.8853967316037091, "lr": 0.6333205932805042}, "datetime": {"datetime": "2024-03-30 02:32:47", "elapsed": 15562.348695, "delta": 76.592373}}
{"target": -137.33136036064113, "params": {"gamma": 0.09372414985326831, "lr": 0.5558851825425118}, "datetime": {"datetime": "2024-03-30 02:34:15", "elapsed": 15651.135498, "delta": 88.786803}}
{"target": -129.22131395233, "params": {"gamma": 0.3428181544751023, "lr": 0.41843264778676703}, "datetime": {"datetime": "2024-03-30 02:35:26", "elapsed": 15722.248577, "delta": 71.113079}}
{"target": -203.79899402570476, "params": {"gamma": 1.5620037571362608, "lr": 0.3516665988088463}, "datetime": {"datetime": "2024-03-30 02:37:10", "elapsed": 15825.993502, "delta": 103.744925}}
{"target": -136.9786542685054, "params": {"gamma": 0.3046221245454909, "lr": 0.6733474074695438}, "datetime": {"datetime": "2024-03-30 02:38:52", "elapsed": 15927.534771, "delta": 101.541269}}
{"target": -133.63446341868246, "params": {"gamma": 0.25358283222920946, "lr": 0.24129892317168622}, "datetime": {"datetime": "2024-03-30 02:40:20", "elapsed": 16016.251937, "delta": 88.717166}}
{"target": -142.09517201478903, "params": {"gamma": 1.7503119686354396, "lr": 0.0}, "datetime": {"datetime": "2024-03-30 02:42:26", "elapsed": 16141.763897, "delta": 125.51196}}
{"target": -134.97800545243123, "params": {"gamma": 0.15955638541420897, "lr": 0.31485639987091174}, "datetime": {"datetime": "2024-03-30 02:44:41", "elapsed": 16276.83765, "delta": 135.073753}}
{"target": -138.10550199490388, "params": {"gamma": 0.35598981874645674, "lr": 0.7270023769747161}, "datetime": {"datetime": "2024-03-30 02:46:38", "elapsed": 16394.162867, "delta": 117.325217}}
{"target": -129.31850674584956, "params": {"gamma": 0.3784195828785502, "lr": 0.4037785904273361}, "datetime": {"datetime": "2024-03-30 02:48:38", "elapsed": 16514.097112, "delta": 119.934245}}
{"target": -155.2545534088975, "params": {"gamma": 0.9563407486940506, "lr": 0.3878620570032558}, "datetime": {"datetime": "2024-03-30 02:50:16", "elapsed": 16611.825635, "delta": 97.728523}}
{"target": -347.630179873512, "params": {"gamma": 1.6253886853270496, "lr": 0.9338921531902057}, "datetime": {"datetime": "2024-03-30 02:51:58", "elapsed": 16714.302607, "delta": 102.476972}}
{"target": -128.37699035981422, "params": {"gamma": 0.4073694733500967, "lr": 0.3540755489434645}, "datetime": {"datetime": "2024-03-30 02:53:23", "elapsed": 16798.812445, "delta": 84.509838}}
{"target": -153.57731788652504, "params": {"gamma": 0.6694877836997857, "lr": 0.5837153952084343}, "datetime": {"datetime": "2024-03-30 02:54:58", "elapsed": 16894.045885, "delta": 95.23344}}
{"target": -148.08569610604772, "params": {"gamma": 0.3414042098540702, "lr": 0.9698826204009325}, "datetime": {"datetime": "2024-03-30 02:56:44", "elapsed": 16999.422134, "delta": 105.376249}}
{"target": -134.88610376070247, "params": {"gamma": 0.4496460936395824, "lr": 0.4593102910121325}, "datetime": {"datetime": "2024-03-30 02:58:34", "elapsed": 17109.923189, "delta": 110.501055}}
{"target": -134.4773250736038, "params": {"gamma": 0.6238394846985348, "lr": 0.3493767356581109}, "datetime": {"datetime": "2024-03-30 03:00:32", "elapsed": 17228.066416, "delta": 118.143227}}
{"target": -134.97760241488245, "params": {"gamma": 0.27771648313442554, "lr": 0.20585933295714232}, "datetime": {"datetime": "2024-03-30 03:02:31", "elapsed": 17346.672741, "delta": 118.606325}}
{"target": -146.49740806889452, "params": {"gamma": 0.51592338227979, "lr": 0.6629852310826683}, "datetime": {"datetime": "2024-03-30 03:03:48", "elapsed": 17423.98513, "delta": 77.312389}}
{"target": -212.35295390845818, "params": {"gamma": 1.3129003811176656, "lr": 0.5468836023804662}, "datetime": {"datetime": "2024-03-30 03:05:09", "elapsed": 17505.131934, "delta": 81.146804}}
{"target": -136.0566745154107, "params": {"gamma": 0.2483271330786553, "lr": 0.7491125895298382}, "datetime": {"datetime": "2024-03-30 03:07:12", "elapsed": 17627.728169, "delta": 122.596235}}
{"target": -168.2044333908416, "params": {"gamma": 0.8932043845819381, "lr": 0.5054190597970819}, "datetime": {"datetime": "2024-03-30 03:08:59", "elapsed": 17735.274876, "delta": 107.546707}}
{"target": -163.28580858547716, "params": {"gamma": 0.7913829279864053, "lr": 0.5996020395016608}, "datetime": {"datetime": "2024-03-30 03:10:21", "elapsed": 17816.811378, "delta": 81.536502}}
{"target": -135.27270686880533, "params": {"gamma": 0.25401295662850126, "lr": 0.6259769150764319}, "datetime": {"datetime": "2024-03-30 03:12:05", "elapsed": 17920.594755, "delta": 103.783377}}
{"target": -134.77675654574028, "params": {"gamma": 0.3598239998050871, "lr": 0.2257855475730718}, "datetime": {"datetime": "2024-03-30 03:13:21", "elapsed": 17996.939005, "delta": 76.34425}}
{"target": -138.9002829450372, "params": {"gamma": 0.2049852478422633, "lr": 0.9161365655815996}, "datetime": {"datetime": "2024-03-30 03:15:23", "elapsed": 18118.702933, "delta": 121.763928}}
{"target": -136.03999964056544, "params": {"gamma": 0.3507473532688697, "lr": 0.5814851406916646}, "datetime": {"datetime": "2024-03-30 03:17:15", "elapsed": 18230.579838, "delta": 111.876905}}
{"target": -141.7134686734978, "params": {"gamma": 0.5214305127518104, "lr": 0.5045005840328421}, "datetime": {"datetime": "2024-03-30 03:19:15", "elapsed": 18350.535649, "delta": 119.955811}}
{"target": -135.65706631696688, "params": {"gamma": 0.14771668758965, "lr": 0.7406147886619739}, "datetime": {"datetime": "2024-03-30 03:21:06", "elapsed": 18462.096867, "delta": 111.561218}}
{"target": -132.11938683653517, "params": {"gamma": 0.3083773864734842, "lr": 0.45234908496240367}, "datetime": {"datetime": "2024-03-30 03:23:13", "elapsed": 18589.083564, "delta": 126.986697}}
{"target": -134.11743605712252, "params": {"gamma": 0.15209548706496503, "lr": 0.3720950157992898}, "datetime": {"datetime": "2024-03-30 03:25:17", "elapsed": 18712.855407, "delta": 123.771843}}
{"target": -153.18285656018068, "params": {"gamma": 0.2950377032751289, "lr": 0.1404372732144365}, "datetime": {"datetime": "2024-03-30 03:27:02", "elapsed": 18818.125778, "delta": 105.270371}}
{"target": -140.47139077945695, "params": {"gamma": 0.025656114691642973, "lr": 0.4457048248173381}, "datetime": {"datetime": "2024-03-30 03:28:27", "elapsed": 18902.722545, "delta": 84.596767}}
{"target": -141.34204501417045, "params": {"gamma": 0.7155786923882995, "lr": 0.3884513928502979}, "datetime": {"datetime": "2024-03-30 03:30:27", "elapsed": 19022.693813, "delta": 119.971268}}
{"target": -135.38905400245133, "params": {"gamma": 0.12273040031409788, "lr": 0.26771660028776445}, "datetime": {"datetime": "2024-03-30 03:32:13", "elapsed": 19128.877782, "delta": 106.183969}}
{"target": -137.43656836872447, "params": {"gamma": 0.23101682935496198, "lr": 0.18568357863837692}, "datetime": {"datetime": "2024-03-30 03:34:08", "elapsed": 19243.456895, "delta": 114.579113}}
{"target": -142.09517201478903, "params": {"gamma": 0.12435144269356457, "lr": 0.0}, "datetime": {"datetime": "2024-03-30 03:35:43", "elapsed": 19338.452031, "delta": 94.995136}}
{"target": -133.4105442314896, "params": {"gamma": 0.2012846442868548, "lr": 0.26476143264779695}, "datetime": {"datetime": "2024-03-30 03:37:38", "elapsed": 19454.168671, "delta": 115.71664}}
{"target": -141.40713713346227, "params": {"gamma": 0.02867256316131442, "lr": 0.10742244492905116}, "datetime": {"datetime": "2024-03-30 03:39:40", "elapsed": 19575.539786, "delta": 121.371115}}
{"target": -166.37176898365047, "params": {"gamma": 1.0721465015349383, "lr": 0.4341125727436653}, "datetime": {"datetime": "2024-03-30 03:41:17", "elapsed": 19672.441579, "delta": 96.901793}}
{"target": -141.05345398388204, "params": {"gamma": 0.5174993771048029, "lr": 0.3232838922167584}, "datetime": {"datetime": "2024-03-30 03:42:47", "elapsed": 19762.833907, "delta": 90.392328}}
{"target": -153.19519031011774, "params": {"gamma": 0.49779870194715453, "lr": 0.797816899291728}, "datetime": {"datetime": "2024-03-30 03:44:35", "elapsed": 19870.450666, "delta": 107.616759}}
{"target": -160.80764128029725, "params": {"gamma": 0.5918627968620487, "lr": 0.19873771467279244}, "datetime": {"datetime": "2024-03-30 03:46:01", "elapsed": 19956.986886, "delta": 86.53622}}
{"target": -134.36703694038394, "params": {"gamma": 0.363675251452845, "lr": 0.26432156577738103}, "datetime": {"datetime": "2024-03-30 03:47:23", "elapsed": 20039.310903, "delta": 82.324017}}
{"target": -157.09277382053006, "params": {"gamma": 0.6343017413298262, "lr": 0.7190111293268469}, "datetime": {"datetime": "2024-03-30 03:49:14", "elapsed": 20149.744002, "delta": 110.433099}}
{"target": -134.34351437449254, "params": {"gamma": 0.3059490614240696, "lr": 0.5013240372453223}, "datetime": {"datetime": "2024-03-30 03:51:07", "elapsed": 20262.490728, "delta": 112.746726}}
{"target": -145.51417917708036, "params": {"gamma": 0.3915384040943447, "lr": 0.1770100174564332}, "datetime": {"datetime": "2024-03-30 03:52:16", "elapsed": 20331.364253, "delta": 68.873525}}
{"target": -141.0926120705357, "params": {"gamma": 0.01524338838469785, "lr": 0.6609532508290223}, "datetime": {"datetime": "2024-03-30 03:54:16", "elapsed": 20451.561736, "delta": 120.197483}}
{"target": -138.66063658905017, "params": {"gamma": 0.06483043732711015, "lr": 0.8109856129640093}, "datetime": {"datetime": "2024-03-30 03:55:35", "elapsed": 20530.964675, "delta": 79.402939}}
{"target": -193.88827237121959, "params": {"gamma": 1.1323539215330414, "lr": 0.5807963685169236}, "datetime": {"datetime": "2024-03-30 03:56:47", "elapsed": 20602.55265, "delta": 71.587975}}
{"target": -139.78121295586342, "params": {"gamma": 0.22853459105004292, "lr": 0.8557925661259632}, "datetime": {"datetime": "2024-03-30 03:58:01", "elapsed": 20676.826829, "delta": 74.274179}}
{"target": -128.71189400709184, "params": {"gamma": 0.4319986346293303, "lr": 0.34417861311645226}, "datetime": {"datetime": "2024-03-30 03:59:06", "elapsed": 20742.133469, "delta": 65.30664}}
{"target": -135.2471500340443, "params": {"gamma": 0.16923044652777555, "lr": 0.6807875665908556}, "datetime": {"datetime": "2024-03-30 04:00:33", "elapsed": 20829.078022, "delta": 86.944553}}
{"target": -141.20853466729847, "params": {"gamma": 0.6969220727902598, "lr": 0.4327093701542578}, "datetime": {"datetime": "2024-03-30 04:01:45", "elapsed": 20900.89286, "delta": 71.814838}}
{"target": -182.2219622742388, "params": {"gamma": 1.0524747656333224, "lr": 0.2862894289041479}, "datetime": {"datetime": "2024-03-30 04:03:07", "elapsed": 20982.495976, "delta": 81.603116}}
{"target": -137.88643945276925, "params": {"gamma": 0.06567040227752527, "lr": 0.39871424448033754}, "datetime": {"datetime": "2024-03-30 04:03:53", "elapsed": 21029.217301, "delta": 46.721325}}
{"target": -138.33701637201779, "params": {"gamma": 0.058415289254804624, "lr": 0.2712203192276582}, "datetime": {"datetime": "2024-03-30 04:04:53", "elapsed": 21089.25439, "delta": 60.037089}}
{"target": -129.48688499204653, "params": {"gamma": 0.2920521677684017, "lr": 0.410097417}, "datetime": {"datetime": "2024-03-30 04:06:19", "elapsed": 21174.641756, "delta": 85.387366}}
{"target": -136.26578972482577, "params": {"gamma": 0.12070127677895845, "lr": 0.5927992064613683}, "datetime": {"datetime": "2024-03-30 04:07:18", "elapsed": 21233.389841, "delta": 58.748085}}
{"target": -133.05915454962297, "params": {"gamma": 0.2747197696355334, "lr": 0.27140779513552604}, "datetime": {"datetime": "2024-03-30 04:08:49", "elapsed": 21324.570181, "delta": 91.18034}}
{"target": -128.0375420875469, "params": {"gamma": 0.3592506276607031, "lr": 0.3513865306857459}, "datetime": {"datetime": "2024-03-30 04:10:24", "elapsed": 21419.645763, "delta": 95.075582}}
{"target": -162.5604019017996, "params": {"gamma": 0.8353900814492808, "lr": 0.33325899040611984}, "datetime": {"datetime": "2024-03-30 04:11:30", "elapsed": 21485.335958, "delta": 65.690195}}
{"target": -137.6786250269038, "params": {"gamma": 0.10255953025509017, "lr": 0.908789972311428}, "datetime": {"datetime": "2024-03-30 04:12:48", "elapsed": 21563.533701, "delta": 78.197743}}
{"target": -137.6723342189222, "params": {"gamma": 0.2469346727111725, "lr": 0.7879859274186202}, "datetime": {"datetime": "2024-03-30 04:13:46", "elapsed": 21621.858801, "delta": 58.3251}}
{"target": -141.90158501026337, "params": {"gamma": 0.34177995062738664, "lr": 0.7586094145221083}, "datetime": {"datetime": "2024-03-30 04:15:11", "elapsed": 21707.088624, "delta": 85.229823}}
{"target": -140.69748578306064, "params": {"gamma": 0.022465129239746147, "lr": 0.9425499177932176}, "datetime": {"datetime": "2024-03-30 04:16:20", "elapsed": 21775.353367, "delta": 68.264743}}
{"target": -134.04368362733004, "params": {"gamma": 0.40906630244128295, "lr": 0.46977987154081224}, "datetime": {"datetime": "2024-03-30 04:17:16", "elapsed": 21831.597131, "delta": 56.243764}}
{"target": -159.4967203394675, "params": {"gamma": 0.7881516696054345, "lr": 0.5213627445779566}, "datetime": {"datetime": "2024-03-30 04:18:31", "elapsed": 21907.14001, "delta": 75.542879}}
{"target": -133.2041771036826, "params": {"gamma": 0.25680835942826036, "lr": 0.49964777902722274}, "datetime": {"datetime": "2024-03-30 04:19:31", "elapsed": 21966.973704, "delta": 59.833694}}
{"target": -142.6259770481775, "params": {"gamma": 0.22221352969173264, "lr": 1.0}, "datetime": {"datetime": "2024-03-30 04:20:47", "elapsed": 22042.505225, "delta": 75.531521}}
{"target": -147.94694974377526, "params": {"gamma": 0.14707574273126472, "lr": 0.07822786427120931}, "datetime": {"datetime": "2024-03-30 04:21:40", "elapsed": 22095.54708, "delta": 53.041855}}
{"target": -141.02813866819866, "params": {"gamma": 0.25945760912833393, "lr": 0.8931177643910807}, "datetime": {"datetime": "2024-03-30 04:23:08", "elapsed": 22183.536192, "delta": 87.989112}}
{"target": -138.4705867624398, "params": {"gamma": 0.07827947198830275, "lr": 0.8540793749393786}, "datetime": {"datetime": "2024-03-30 04:24:35", "elapsed": 22270.822572, "delta": 87.28638}}
{"target": -134.06074363484737, "params": {"gamma": 0.1949883910553239, "lr": 0.4668906584691751}, "datetime": {"datetime": "2024-03-30 04:25:44", "elapsed": 22340.064353, "delta": 69.241781}}
{"target": -140.2278628612451, "params": {"gamma": 0.027716358594980756, "lr": 0.2910538938982699}, "datetime": {"datetime": "2024-03-30 04:26:38", "elapsed": 22393.536198, "delta": 53.471845}}
{"target": -149.45712061029627, "params": {"gamma": 0.8934648010951749, "lr": 0.3377177339667434}, "datetime": {"datetime": "2024-03-30 04:27:25", "elapsed": 22441.050012, "delta": 47.513814}}
{"target": -136.05126147828483, "params": {"gamma": 0.29972690133988966, "lr": 0.7254476579319863}, "datetime": {"datetime": "2024-03-30 04:28:31", "elapsed": 22506.428442, "delta": 65.37843}}
{"target": -152.9028517284045, "params": {"gamma": 0.39406357980901846, "lr": 0.9263004031560639}, "datetime": {"datetime": "2024-03-30 04:29:33", "elapsed": 22569.054836, "delta": 62.626394}}
{"target": -142.59554020394543, "params": {"gamma": 0.47317405418552483, "lr": 0.6127109908165713}, "datetime": {"datetime": "2024-03-30 04:31:04", "elapsed": 22660.104439, "delta": 91.049603}}
{"target": -176.14933283698434, "params": {"gamma": 0.9902780868478737, "lr": 0.24043043975183986}, "datetime": {"datetime": "2024-03-30 04:32:08", "elapsed": 22723.423003, "delta": 63.318564}}
{"target": -138.36928814388241, "params": {"gamma": 0.06189767029786194, "lr": 0.5356669498564628}, "datetime": {"datetime": "2024-03-30 04:33:12", "elapsed": 22788.011123, "delta": 64.58812}}
{"target": -159.5273044969823, "params": {"gamma": 0.45628718362763715, "lr": 0.15489086451772793}, "datetime": {"datetime": "2024-03-30 04:33:55", "elapsed": 22831.088104, "delta": 43.076981}}
{"target": -137.67843115141443, "params": {"gamma": 0.08207462877030597, "lr": 0.4972334046387249}, "datetime": {"datetime": "2024-03-30 04:34:55", "elapsed": 22890.737221, "delta": 59.649117}}
{"target": -129.97463370223971, "params": {"gamma": 0.4388921299936384, "lr": 0.40767495250897545}, "datetime": {"datetime": "2024-03-30 04:36:29", "elapsed": 22985.191447, "delta": 94.454226}}
{"target": -134.22127206016992, "params": {"gamma": 0.2965284451907008, "lr": 0.5411772410120355}, "datetime": {"datetime": "2024-03-30 04:38:03", "elapsed": 23078.957236, "delta": 93.765789}}
{"target": -145.63896467278826, "params": {"gamma": 0.21202668433881472, "lr": 0.12836065630868465}, "datetime": {"datetime": "2024-03-30 04:39:13", "elapsed": 23148.33748, "delta": 69.380244}}
