{"target": -502.84203339254816, "params": {"gamma": 6.139097026322785, "lr": 0.3241385298974466}, "datetime": {"datetime": "2024-04-03 23:31:56", "elapsed": 0.940351, "delta": 0.002945}}
{"target": -398.1162406997048, "params": {"gamma": 4.574144456728294, "lr": 0.44411710701661444}, "datetime": {"datetime": "2024-04-03 23:31:56", "elapsed": 0.943067, "delta": 0.002716}}
{"target": -718.0084164207968, "params": {"gamma": 8.281525471954389, "lr": 0.4263481542362306}, "datetime": {"datetime": "2024-04-03 23:31:56", "elapsed": 0.94578, "delta": 0.002713}}
{"target": -410.729008152051, "params": {"gamma": 3.4576425129338477, "lr": 0.6749716048091052}, "datetime": {"datetime": "2024-04-03 23:31:56", "elapsed": 0.948507, "delta": 0.002727}}
{"target": -217.2892919111929, "params": {"gamma": 2.215599075279554, "lr": 0.4672458239265538}, "datetime": {"datetime": "2024-04-03 23:31:56", "elapsed": 0.951407, "delta": 0.0029}}
{"target": -343.4279163194865, "params": {"gamma": 3.1483421075528404, "lr": 0.6268556021628346}, "datetime": {"datetime": "2024-04-03 23:31:56", "elapsed": 0.954153, "delta": 0.002746}}
{"target": -795.1206630030239, "params": {"gamma": 8.773727386473432, "lr": 0.4476890001456285}, "datetime": {"datetime": "2024-04-03 23:31:56", "elapsed": 0.956915, "delta": 0.002762}}
{"target": -712.0860006510278, "params": {"gamma": 7.84478973050044, "lr": 0.4569657005615504}, "datetime": {"datetime": "2024-04-03 23:31:56", "elapsed": 0.959736, "delta": 0.002821}}
{"target": -1187.0833638280042, "params": {"gamma": 6.562637087839597, "lr": 0.13184097502750214}, "datetime": {"datetime": "2024-04-03 23:31:56", "elapsed": 0.96253, "delta": 0.002794}}
{"target": -638.0321920370694, "params": {"gamma": 4.3303820881695145, "lr": 0.9093119886549367}, "datetime": {"datetime": "2024-04-03 23:31:56", "elapsed": 0.96527, "delta": 0.00274}}
{"target": -735.6706824343684, "params": {"gamma": 6.055184531308316, "lr": 0.7667745872371021}, "datetime": {"datetime": "2024-04-03 23:31:56", "elapsed": 0.968136, "delta": 0.002866}}
{"target": -462.7631368534136, "params": {"gamma": 5.047501380350848, "lr": 0.49805562482800747}, "datetime": {"datetime": "2024-04-03 23:31:56", "elapsed": 0.971221, "delta": 0.003085}}
{"target": -2865.4201360300012, "params": {"gamma": 8.429155502088307, "lr": 0.06780693434095375}, "datetime": {"datetime": "2024-04-03 23:31:56", "elapsed": 0.974173, "delta": 0.002952}}
{"target": -836.3376085169439, "params": {"gamma": 5.733149443225297, "lr": 0.9427625754329493}, "datetime": {"datetime": "2024-04-03 23:31:56", "elapsed": 0.976939, "delta": 0.002766}}
{"target": -587.5168259130013, "params": {"gamma": 5.179082621675048, "lr": 0.1944658095278845}, "datetime": {"datetime": "2024-04-03 23:31:56", "elapsed": 0.97972, "delta": 0.002781}}
{"target": -649.0648368003716, "params": {"gamma": 8.479545985042318, "lr": 0.25163914235585283}, "datetime": {"datetime": "2024-04-03 23:31:56", "elapsed": 0.982586, "delta": 0.002866}}
{"target": -714.1435708361124, "params": {"gamma": 7.007559638788898, "lr": 0.5402609403968999}, "datetime": {"datetime": "2024-04-03 23:31:56", "elapsed": 0.98532, "delta": 0.002734}}
{"target": -1027.7839119500952, "params": {"gamma": 9.488414046513915, "lr": 0.6243367024026759}, "datetime": {"datetime": "2024-04-03 23:31:56", "elapsed": 0.988183, "delta": 0.002863}}
{"target": -2848.909315773287, "params": {"gamma": 8.379941642515245, "lr": 0.007932876194523097}, "datetime": {"datetime": "2024-04-03 23:31:56", "elapsed": 0.990985, "delta": 0.002802}}
{"target": -3356.6713823218975, "params": {"gamma": 9.893411221610213, "lr": 0.07771457033238649}, "datetime": {"datetime": "2024-04-03 23:31:56", "elapsed": 0.993748, "delta": 0.002763}}
{"target": -482.2240883577941, "params": {"gamma": 3.2219730066340815, "lr": 0.9461523954567653}, "datetime": {"datetime": "2024-04-03 23:31:56", "elapsed": 0.996588, "delta": 0.00284}}
{"target": -131.98717282806206, "params": {"gamma": 0.09038208461007943, "lr": 0.8227300054219355}, "datetime": {"datetime": "2024-04-03 23:31:56", "elapsed": 0.999428, "delta": 0.00284}}
{"target": -737.6366297279711, "params": {"gamma": 8.612255172029577, "lr": 0.4398308142085725}, "datetime": {"datetime": "2024-04-03 23:31:56", "elapsed": 1.002294, "delta": 0.002866}}
{"target": -352.4061280745162, "params": {"gamma": 2.558196192865506, "lr": 0.8026895196332986}, "datetime": {"datetime": "2024-04-03 23:31:56", "elapsed": 1.005342, "delta": 0.003048}}
{"target": -867.3379997927011, "params": {"gamma": 4.77914218231778, "lr": 0.13433860865569613}, "datetime": {"datetime": "2024-04-03 23:31:56", "elapsed": 1.008228, "delta": 0.002886}}
{"target": -1245.682368590029, "params": {"gamma": 9.278562079257282, "lr": 0.8959699670066484}, "datetime": {"datetime": "2024-04-03 23:31:56", "elapsed": 1.011108, "delta": 0.00288}}
{"target": -650.0214194653796, "params": {"gamma": 4.915959955019337, "lr": 0.8567024965177922}, "datetime": {"datetime": "2024-04-03 23:31:56", "elapsed": 1.013874, "delta": 0.002766}}
{"target": -492.22184631287064, "params": {"gamma": 4.1863616796152225, "lr": 0.6834649001663011}, "datetime": {"datetime": "2024-04-03 23:31:56", "elapsed": 1.016708, "delta": 0.002834}}
{"target": -412.8303505286285, "params": {"gamma": 3.9805084034398166, "lr": 0.5057420174508104}, "datetime": {"datetime": "2024-04-03 23:31:56", "elapsed": 1.019557, "delta": 0.002849}}
{"target": -299.1720909335303, "params": {"gamma": 1.896327476636439, "lr": 0.9649889241109139}, "datetime": {"datetime": "2024-04-03 23:31:56", "elapsed": 1.022355, "delta": 0.002798}}
{"target": -738.8012872429658, "params": {"gamma": 2.9428626667543027, "lr": 0.10345955611640134}, "datetime": {"datetime": "2024-04-03 23:31:56", "elapsed": 1.025198, "delta": 0.002843}}
{"target": -530.8740777972375, "params": {"gamma": 1.4440096868902519, "lr": 0.014092294192442956}, "datetime": {"datetime": "2024-04-03 23:31:56", "elapsed": 1.027991, "delta": 0.002793}}
{"target": -732.033321683738, "params": {"gamma": 7.1597410489244835, "lr": 0.5644983202408741}, "datetime": {"datetime": "2024-04-03 23:31:56", "elapsed": 1.03081, "delta": 0.002819}}
{"target": -807.8961577677925, "params": {"gamma": 7.945988933496338, "lr": 0.5070799232841364}, "datetime": {"datetime": "2024-04-03 23:31:56", "elapsed": 1.033597, "delta": 0.002787}}
{"target": -912.9107576281696, "params": {"gamma": 7.918418574002035, "lr": 0.6957642142718394}, "datetime": {"datetime": "2024-04-03 23:31:56", "elapsed": 1.036639, "delta": 0.003042}}
{"target": -675.08842268929, "params": {"gamma": 7.778706920114895, "lr": 0.4064828689770863}, "datetime": {"datetime": "2024-04-03 23:31:56", "elapsed": 1.039687, "delta": 0.003048}}
{"target": -745.5034038760399, "params": {"gamma": 6.478058561241625, "lr": 0.1797942976929744}, "datetime": {"datetime": "2024-04-03 23:31:56", "elapsed": 1.042548, "delta": 0.002861}}
{"target": -381.02432145606986, "params": {"gamma": 3.2188778139156518, "lr": 0.1726046201197925}, "datetime": {"datetime": "2024-04-03 23:31:56", "elapsed": 1.045265, "delta": 0.002717}}
{"target": -376.26936864532246, "params": {"gamma": 4.086963612907611, "lr": 0.2414187479655988}, "datetime": {"datetime": "2024-04-03 23:31:56", "elapsed": 1.048111, "delta": 0.002846}}
{"target": -601.3021788438107, "params": {"gamma": 4.069813019299451, "lr": 0.9752223424373121}, "datetime": {"datetime": "2024-04-03 23:31:56", "elapsed": 1.050947, "delta": 0.002836}}
{"target": -479.69192711833375, "params": {"gamma": 3.2038729388944907, "lr": 0.9824909449748953}, "datetime": {"datetime": "2024-04-03 23:31:56", "elapsed": 1.05369, "delta": 0.002743}}
{"target": -606.4709011088312, "params": {"gamma": 6.363424952433981, "lr": 0.375091018393911}, "datetime": {"datetime": "2024-04-03 23:31:56", "elapsed": 1.05651, "delta": 0.00282}}
{"target": -930.0776158082562, "params": {"gamma": 8.574987506336882, "lr": 0.6195867393685738}, "datetime": {"datetime": "2024-04-03 23:31:56", "elapsed": 1.059352, "delta": 0.002842}}
{"target": -327.7585258547932, "params": {"gamma": 2.521078768228263, "lr": 0.7928556779768876}, "datetime": {"datetime": "2024-04-03 23:31:56", "elapsed": 1.06214, "delta": 0.002788}}
{"target": -389.8014376166903, "params": {"gamma": 4.329952148832897, "lr": 0.3575111673304414}, "datetime": {"datetime": "2024-04-03 23:31:56", "elapsed": 1.06499, "delta": 0.00285}}
{"target": -393.5660415138134, "params": {"gamma": 3.3034390883142843, "lr": 0.6973688756131394}, "datetime": {"datetime": "2024-04-03 23:31:56", "elapsed": 1.067901, "delta": 0.002911}}
{"target": -368.4857969724553, "params": {"gamma": 2.6872325889383593, "lr": 0.8082780137053801}, "datetime": {"datetime": "2024-04-03 23:31:56", "elapsed": 1.070999, "delta": 0.003098}}
{"target": -312.17371416279724, "params": {"gamma": 2.953592655204078, "lr": 0.5441213835853572}, "datetime": {"datetime": "2024-04-03 23:31:56", "elapsed": 1.073934, "delta": 0.002935}}
{"target": -645.4233164437936, "params": {"gamma": 4.879726996560219, "lr": 0.8553564125953698}, "datetime": {"datetime": "2024-04-03 23:31:56", "elapsed": 1.076676, "delta": 0.002742}}
{"target": -992.9041261407039, "params": {"gamma": 8.883975957519464, "lr": 0.18438444236776674}, "datetime": {"datetime": "2024-04-03 23:31:56", "elapsed": 1.079551, "delta": 0.002875}}
{"target": -794.2078801176677, "params": {"gamma": 5.853899240923573, "lr": 0.8982050460171371}, "datetime": {"datetime": "2024-04-03 23:31:56", "elapsed": 1.082292, "delta": 0.002741}}
{"target": -656.5632051312391, "params": {"gamma": 4.461726073125263, "lr": 0.9218683054838154}, "datetime": {"datetime": "2024-04-03 23:31:56", "elapsed": 1.085043, "delta": 0.002751}}
{"target": -315.2735773625616, "params": {"gamma": 2.790629913679252, "lr": 0.6088311741937957}, "datetime": {"datetime": "2024-04-03 23:31:56", "elapsed": 1.08779, "delta": 0.002747}}
{"target": -615.997986230493, "params": {"gamma": 6.824854643958388, "lr": 0.2282057333504841}, "datetime": {"datetime": "2024-04-03 23:31:56", "elapsed": 1.090539, "delta": 0.002749}}
{"target": -127.30252444351781, "params": {"gamma": 0.13866135806461027, "lr": 0.4167239623706961}, "datetime": {"datetime": "2024-04-03 23:31:56", "elapsed": 1.093283, "delta": 0.002744}}
{"target": -828.3268798423243, "params": {"gamma": 9.384880436675484, "lr": 0.34302810983040655}, "datetime": {"datetime": "2024-04-03 23:31:56", "elapsed": 1.096079, "delta": 0.002796}}
{"target": -893.8956743339853, "params": {"gamma": 7.7976632105305175, "lr": 0.17473631282740743}, "datetime": {"datetime": "2024-04-03 23:31:56", "elapsed": 1.098908, "delta": 0.002829}}
{"target": -439.90043473603293, "params": {"gamma": 3.420186410188222, "lr": 0.14459772083809674}, "datetime": {"datetime": "2024-04-03 23:31:56", "elapsed": 1.101801, "delta": 0.002893}}
{"target": -828.1696481201612, "params": {"gamma": 7.167991370649615, "lr": 0.6993076236968142}, "datetime": {"datetime": "2024-04-03 23:31:56", "elapsed": 1.104849, "delta": 0.003048}}
{"target": -530.3316374991938, "params": {"gamma": 6.88528468217124, "lr": 0.25339603448629966}, "datetime": {"datetime": "2024-04-03 23:31:56", "elapsed": 1.107807, "delta": 0.002958}}
{"target": -624.7040614236906, "params": {"gamma": 6.923908856112466, "lr": 0.22729754091594956}, "datetime": {"datetime": "2024-04-03 23:31:56", "elapsed": 1.11073, "delta": 0.002923}}
{"target": -376.5394108198454, "params": {"gamma": 4.247066510197466, "lr": 0.37192212166768723}, "datetime": {"datetime": "2024-04-03 23:31:56", "elapsed": 1.113831, "delta": 0.003101}}
{"target": -1230.8125445560206, "params": {"gamma": 3.553723808289602, "lr": 0.05765480724125638}, "datetime": {"datetime": "2024-04-03 23:31:56", "elapsed": 1.116753, "delta": 0.002922}}
{"target": -773.8085941422255, "params": {"gamma": 6.316834622032531, "lr": 0.7073166026816995}, "datetime": {"datetime": "2024-04-03 23:31:56", "elapsed": 1.119626, "delta": 0.002873}}
{"target": -651.0758919849279, "params": {"gamma": 6.136273356333854, "lr": 0.6483127561631246}, "datetime": {"datetime": "2024-04-03 23:31:56", "elapsed": 1.122448, "delta": 0.002822}}
{"target": -237.58368177014052, "params": {"gamma": 1.7002372014583604, "lr": 0.14944679893886248}, "datetime": {"datetime": "2024-04-03 23:31:56", "elapsed": 1.12524, "delta": 0.002792}}
{"target": -695.4720710653218, "params": {"gamma": 5.142236260215303, "lr": 0.8753327263545391}, "datetime": {"datetime": "2024-04-03 23:31:56", "elapsed": 1.128175, "delta": 0.002935}}
{"target": -187.19193350634308, "params": {"gamma": 1.8403504620306732, "lr": 0.4628391187082599}, "datetime": {"datetime": "2024-04-03 23:31:56", "elapsed": 1.131183, "delta": 0.003008}}
{"target": -395.74451317418027, "params": {"gamma": 4.289894407965, "lr": 0.4972891859195163}, "datetime": {"datetime": "2024-04-03 23:31:56", "elapsed": 1.133972, "delta": 0.002789}}
{"target": -166.52953738334037, "params": {"gamma": 1.6159461940896331, "lr": 0.34244064113481054}, "datetime": {"datetime": "2024-04-03 23:31:56", "elapsed": 1.137023, "delta": 0.003051}}
{"target": -360.53734469996556, "params": {"gamma": 2.6195421606310987, "lr": 0.844526943229479}, "datetime": {"datetime": "2024-04-03 23:31:56", "elapsed": 1.140125, "delta": 0.003102}}
{"target": -694.2759384735613, "params": {"gamma": 8.003522125518241, "lr": 0.4266391582681436}, "datetime": {"datetime": "2024-04-03 23:31:56", "elapsed": 1.142983, "delta": 0.002858}}
{"target": -759.5660633509244, "params": {"gamma": 6.070547592429601, "lr": 0.14546561026621996}, "datetime": {"datetime": "2024-04-03 23:31:56", "elapsed": 1.145936, "delta": 0.002953}}
{"target": -420.22555307538204, "params": {"gamma": 5.096623328881369, "lr": 0.29694708578690454}, "datetime": {"datetime": "2024-04-03 23:31:56", "elapsed": 1.148774, "delta": 0.002838}}
{"target": -989.517425581328, "params": {"gamma": 8.596649884738442, "lr": 0.6715983809063899}, "datetime": {"datetime": "2024-04-03 23:31:56", "elapsed": 1.151718, "delta": 0.002944}}
{"target": -1312.3556783691186, "params": {"gamma": 6.335106652211588, "lr": 0.12475130006917923}, "datetime": {"datetime": "2024-04-03 23:31:56", "elapsed": 1.154535, "delta": 0.002817}}
{"target": -691.110150438805, "params": {"gamma": 4.706408207109359, "lr": 0.9865727795868815}, "datetime": {"datetime": "2024-04-03 23:31:56", "elapsed": 1.157372, "delta": 0.002837}}
{"target": -998.777789074553, "params": {"gamma": 9.483043441552578, "lr": 0.6450856402604436}, "datetime": {"datetime": "2024-04-03 23:31:56", "elapsed": 1.160255, "delta": 0.002883}}
{"target": -185.39988840361048, "params": {"gamma": 1.5180969854487043, "lr": 0.639126848719905}, "datetime": {"datetime": "2024-04-03 23:31:56", "elapsed": 1.163179, "delta": 0.002924}}
{"target": -516.922384048381, "params": {"gamma": 5.657055463326731, "lr": 0.468665837661252}, "datetime": {"datetime": "2024-04-03 23:31:56", "elapsed": 1.165996, "delta": 0.002817}}
{"target": -432.0286898900122, "params": {"gamma": 4.280946657213234, "lr": 0.5992697556580301}, "datetime": {"datetime": "2024-04-03 23:31:56", "elapsed": 1.169035, "delta": 0.003039}}
{"target": -1023.8685171437091, "params": {"gamma": 8.499848915271139, "lr": 0.7511210403719374}, "datetime": {"datetime": "2024-04-03 23:31:56", "elapsed": 1.172125, "delta": 0.00309}}
{"target": -844.9580110330744, "params": {"gamma": 5.794026042432034, "lr": 0.9247041815360281}, "datetime": {"datetime": "2024-04-03 23:31:56", "elapsed": 1.206372, "delta": 0.034247}}
{"target": -146.0495061352076, "params": {"gamma": 0.6483350944320471, "lr": 0.9913465087318091}, "datetime": {"datetime": "2024-04-03 23:31:56", "elapsed": 1.209448, "delta": 0.003076}}
{"target": -126.15291897545178, "params": {"gamma": 0.5308924321372274, "lr": 0.19949554613856135}, "datetime": {"datetime": "2024-04-03 23:31:56", "elapsed": 1.212392, "delta": 0.002944}}
{"target": -1047.6241997390032, "params": {"gamma": 4.228103863783965, "lr": 0.10750887618516769}, "datetime": {"datetime": "2024-04-03 23:31:56", "elapsed": 1.215286, "delta": 0.002894}}
{"target": -2130.0466622655417, "params": {"gamma": 6.2370804395660215, "lr": 0.047992564048867314}, "datetime": {"datetime": "2024-04-03 23:31:56", "elapsed": 1.218075, "delta": 0.002789}}
{"target": -994.8162577248955, "params": {"gamma": 2.8469541861884147, "lr": 0.06103668111967109}, "datetime": {"datetime": "2024-04-03 23:31:56", "elapsed": 1.22093, "delta": 0.002855}}
{"target": -813.2101706122386, "params": {"gamma": 7.035489791719707, "lr": 0.668456167589482}, "datetime": {"datetime": "2024-04-03 23:31:56", "elapsed": 1.223841, "delta": 0.002911}}
{"target": -435.9561646168381, "params": {"gamma": 3.7864273519127716, "lr": 0.1881942600298212}, "datetime": {"datetime": "2024-04-03 23:31:56", "elapsed": 1.22682, "delta": 0.002979}}
{"target": -661.8688328825274, "params": {"gamma": 7.4703012854704225, "lr": 0.34037929076546725}, "datetime": {"datetime": "2024-04-03 23:31:56", "elapsed": 1.229627, "delta": 0.002807}}
{"target": -721.7749647646926, "params": {"gamma": 7.953216372889023, "lr": 0.4879009391796203}, "datetime": {"datetime": "2024-04-03 23:31:56", "elapsed": 1.23254, "delta": 0.002913}}
{"target": -1801.4129845705727, "params": {"gamma": 5.257168774065444, "lr": 0.028490849491567216}, "datetime": {"datetime": "2024-04-03 23:31:56", "elapsed": 1.235434, "delta": 0.002894}}
{"target": -572.6086064317047, "params": {"gamma": 6.442675966770439, "lr": 0.3506565024321674}, "datetime": {"datetime": "2024-04-03 23:31:56", "elapsed": 1.238592, "delta": 0.003158}}
{"target": -212.88020539455184, "params": {"gamma": 2.292821067893365, "lr": 0.4338833762117006}, "datetime": {"datetime": "2024-04-03 23:31:56", "elapsed": 1.241518, "delta": 0.002926}}
{"target": -354.90856017743545, "params": {"gamma": 3.825292105251905, "lr": 0.46978904008636024}, "datetime": {"datetime": "2024-04-03 23:31:56", "elapsed": 1.244412, "delta": 0.002894}}
{"target": -849.305765374181, "params": {"gamma": 9.794854058443883, "lr": 0.36437807036823044}, "datetime": {"datetime": "2024-04-03 23:31:56", "elapsed": 1.247218, "delta": 0.002806}}
{"target": -782.0185201279156, "params": {"gamma": 7.744326923227059, "lr": 0.5527675965498925}, "datetime": {"datetime": "2024-04-03 23:31:56", "elapsed": 1.24999, "delta": 0.002772}}
{"target": -785.4137890501173, "params": {"gamma": 8.891421759985722, "lr": 0.354952851149572}, "datetime": {"datetime": "2024-04-03 23:31:56", "elapsed": 1.252765, "delta": 0.002775}}
{"target": -375.67154112990534, "params": {"gamma": 2.455941283184888, "lr": 0.9110192396569683}, "datetime": {"datetime": "2024-04-03 23:31:56", "elapsed": 1.25555, "delta": 0.002785}}
{"target": -129.76870969844842, "params": {"gamma": 0.43629910331389593, "lr": 0.9507534280610023}, "datetime": {"datetime": "2024-04-03 23:31:56", "elapsed": 1.258315, "delta": 0.002765}}
{"target": -532.0202953223223, "params": {"gamma": 5.5645127497935825, "lr": 0.3763632166870875}, "datetime": {"datetime": "2024-04-03 23:31:56", "elapsed": 1.261103, "delta": 0.002788}}
{"target": -3375.834009514809, "params": {"gamma": 9.950528171068772, "lr": 0.05836264614763165}, "datetime": {"datetime": "2024-04-03 23:31:57", "elapsed": 1.263868, "delta": 0.002765}}
{"target": -1771.3638401775647, "params": {"gamma": 5.167546891316355, "lr": 0.03109707545554785}, "datetime": {"datetime": "2024-04-03 23:31:57", "elapsed": 1.266909, "delta": 0.003041}}
{"target": -659.4422662444649, "params": {"gamma": 5.712186216123149, "lr": 0.18046850899511557}, "datetime": {"datetime": "2024-04-03 23:31:57", "elapsed": 1.270037, "delta": 0.003128}}
{"target": -918.0471823600335, "params": {"gamma": 6.309961044194965, "lr": 0.9809236757505815}, "datetime": {"datetime": "2024-04-03 23:31:57", "elapsed": 1.273162, "delta": 0.003125}}
{"target": -792.9231975858913, "params": {"gamma": 8.749150609572597, "lr": 0.45183624942087064}, "datetime": {"datetime": "2024-04-03 23:31:57", "elapsed": 1.276118, "delta": 0.002956}}
{"target": -857.0125135416054, "params": {"gamma": 7.084900239647121, "lr": 0.7774687500031893}, "datetime": {"datetime": "2024-04-03 23:31:57", "elapsed": 1.279014, "delta": 0.002896}}
{"target": -508.8644071468448, "params": {"gamma": 4.9489359987414545, "lr": 0.5285334901775651}, "datetime": {"datetime": "2024-04-03 23:31:57", "elapsed": 1.281811, "delta": 0.002797}}
{"target": -157.3782595248842, "params": {"gamma": 1.5086931993235537, "lr": 0.36939992561190627}, "datetime": {"datetime": "2024-04-03 23:31:57", "elapsed": 1.284711, "delta": 0.0029}}
{"target": -203.24703080744678, "params": {"gamma": 1.4230703094747938, "lr": 0.7268937533445626}, "datetime": {"datetime": "2024-04-03 23:31:57", "elapsed": 1.28762, "delta": 0.002909}}
{"target": -438.2258455529259, "params": {"gamma": 4.770652931028231, "lr": 0.44887883670676554}, "datetime": {"datetime": "2024-04-03 23:31:57", "elapsed": 1.290492, "delta": 0.002872}}
{"target": -899.2564831702472, "params": {"gamma": 8.860093713682348, "lr": 0.5276187723115614}, "datetime": {"datetime": "2024-04-03 23:31:57", "elapsed": 1.293337, "delta": 0.002845}}
{"target": -322.9640659310971, "params": {"gamma": 4.091499228336683, "lr": 0.26889202221264585}, "datetime": {"datetime": "2024-04-03 23:31:57", "elapsed": 1.296358, "delta": 0.003021}}
{"target": -114.72313477249371, "params": {"gamma": 0.7210483396625298, "lr": 0.4181361337253158}, "datetime": {"datetime": "2024-04-03 23:31:57", "elapsed": 1.299377, "delta": 0.003019}}
{"target": -115.797998748969, "params": {"gamma": 0.25850907058342715, "lr": 0.29115394055242805}, "datetime": {"datetime": "2024-04-03 23:31:57", "elapsed": 1.302342, "delta": 0.002965}}
{"target": -737.6317206853988, "params": {"gamma": 5.035591588974117, "lr": 0.9659330650197223}, "datetime": {"datetime": "2024-04-03 23:31:57", "elapsed": 1.305463, "delta": 0.003121}}
