{"target": -827.574893861454, "params": {"gamma": 4.903044972676658, "lr": 0.5991103076458784}, "datetime": {"datetime": "2024-04-04 21:00:52", "elapsed": 0.312783, "delta": 0.002905}}
{"target": -138.10758617685073, "params": {"gamma": 0.15631722223280642, "lr": 0.5934814081966372}, "datetime": {"datetime": "2024-04-04 21:00:52", "elapsed": 0.315833, "delta": 0.00305}}
{"target": -1027.024195539869, "params": {"gamma": 4.337329813545594, "lr": 0.8073605288848414}, "datetime": {"datetime": "2024-04-04 21:00:52", "elapsed": 0.318511, "delta": 0.002678}}
{"target": -818.7694348024007, "params": {"gamma": 3.153132786150634, "lr": 0.8928887085251513}, "datetime": {"datetime": "2024-04-04 21:00:52", "elapsed": 0.321243, "delta": 0.002732}}
{"target": -826.7307973312605, "params": {"gamma": 5.778994295630071, "lr": 0.18401020162746506}, "datetime": {"datetime": "2024-04-04 21:00:52", "elapsed": 0.32407, "delta": 0.002827}}
{"target": -1318.4491487957196, "params": {"gamma": 7.8795044090212185, "lr": 0.6120311770449339}, "datetime": {"datetime": "2024-04-04 21:00:52", "elapsed": 0.32667, "delta": 0.0026}}
{"target": -143.70674471997899, "params": {"gamma": 0.5400388114654558, "lr": 0.4201936800011322}, "datetime": {"datetime": "2024-04-04 21:00:52", "elapsed": 0.329391, "delta": 0.002721}}
{"target": -1784.4345639643843, "params": {"gamma": 6.791009296817731, "lr": 0.9186017779775258}, "datetime": {"datetime": "2024-04-04 21:00:52", "elapsed": 0.332154, "delta": 0.002763}}
{"target": -145.75169277050932, "params": {"gamma": 0.005019846888682974, "lr": 0.9767591490310596}, "datetime": {"datetime": "2024-04-04 21:00:52", "elapsed": 0.334791, "delta": 0.002637}}
{"target": -996.2246502694785, "params": {"gamma": 3.766426567142999, "lr": 0.9737835383583225}, "datetime": {"datetime": "2024-04-04 21:00:52", "elapsed": 0.337583, "delta": 0.002792}}
{"target": -1458.2082206076182, "params": {"gamma": 6.047556293639557, "lr": 0.828845807980693}, "datetime": {"datetime": "2024-04-04 21:00:52", "elapsed": 0.340385, "delta": 0.002802}}
{"target": -1012.5870149466441, "params": {"gamma": 5.747540335576315, "lr": 0.6280761983073504}, "datetime": {"datetime": "2024-04-04 21:00:52", "elapsed": 0.343215, "delta": 0.00283}}
{"target": -494.40286249783395, "params": {"gamma": 2.8564772406752437, "lr": 0.586833340656083}, "datetime": {"datetime": "2024-04-04 21:00:52", "elapsed": 0.346057, "delta": 0.002842}}
{"target": -1902.727316870828, "params": {"gamma": 7.500467615262897, "lr": 0.8583138364290424}, "datetime": {"datetime": "2024-04-04 21:00:52", "elapsed": 0.348856, "delta": 0.002799}}
{"target": -1480.334344551108, "params": {"gamma": 7.551066802488335, "lr": 0.698057248447303}, "datetime": {"datetime": "2024-04-04 21:00:52", "elapsed": 0.351506, "delta": 0.00265}}
{"target": -846.350997587818, "params": {"gamma": 8.644929821115943, "lr": 0.32268099683674645}, "datetime": {"datetime": "2024-04-04 21:00:52", "elapsed": 0.354255, "delta": 0.002749}}
{"target": -973.7635217819553, "params": {"gamma": 6.708217119085085, "lr": 0.45087393641334916}, "datetime": {"datetime": "2024-04-04 21:00:52", "elapsed": 0.357078, "delta": 0.002823}}
{"target": -519.5722665608203, "params": {"gamma": 3.8216454175631407, "lr": 0.4108113499221856}, "datetime": {"datetime": "2024-04-04 21:00:52", "elapsed": 0.359963, "delta": 0.002885}}
{"target": -408.6661367458971, "params": {"gamma": 4.015394355111937, "lr": 0.3173839459582769}, "datetime": {"datetime": "2024-04-04 21:00:52", "elapsed": 0.362707, "delta": 0.002744}}
{"target": -885.1938840500388, "params": {"gamma": 6.219571759835095, "lr": 0.43024727082126435}, "datetime": {"datetime": "2024-04-04 21:00:52", "elapsed": 0.365393, "delta": 0.002686}}
{"target": -1904.4860963874128, "params": {"gamma": 9.738046977194596, "lr": 0.6778008914343111}, "datetime": {"datetime": "2024-04-04 21:00:52", "elapsed": 0.368092, "delta": 0.002699}}
{"target": -289.44140335027885, "params": {"gamma": 1.9865003143826816, "lr": 0.4267010093480328}, "datetime": {"datetime": "2024-04-04 21:00:52", "elapsed": 0.370691, "delta": 0.002599}}
{"target": -796.8295972960666, "params": {"gamma": 3.4341190515044557, "lr": 0.7976388039585666}, "datetime": {"datetime": "2024-04-04 21:00:52", "elapsed": 0.373397, "delta": 0.002706}}
{"target": -2256.5682721094295, "params": {"gamma": 8.800102887345755, "lr": 0.903841955826372}, "datetime": {"datetime": "2024-04-04 21:00:52", "elapsed": 0.376213, "delta": 0.002816}}
{"target": -683.0557547237601, "params": {"gamma": 6.627535403940247, "lr": 0.2702082620297578}, "datetime": {"datetime": "2024-04-04 21:00:52", "elapsed": 0.379093, "delta": 0.00288}}
{"target": -615.3169553820359, "params": {"gamma": 2.5244146483443926, "lr": 0.8548979426974024}, "datetime": {"datetime": "2024-04-04 21:00:52", "elapsed": 0.381899, "delta": 0.002806}}
{"target": -1246.0777453916062, "params": {"gamma": 5.277618748441158, "lr": 0.8021610840045981}, "datetime": {"datetime": "2024-04-04 21:00:52", "elapsed": 0.384562, "delta": 0.002663}}
{"target": -1163.6846280042403, "params": {"gamma": 5.725312683398872, "lr": 0.7331425252875111}, "datetime": {"datetime": "2024-04-04 21:00:52", "elapsed": 0.387254, "delta": 0.002692}}
{"target": -1186.1146026493595, "params": {"gamma": 5.190597263013095, "lr": 0.770883910501888}, "datetime": {"datetime": "2024-04-04 21:00:52", "elapsed": 0.389913, "delta": 0.002659}}
{"target": -829.3628675321493, "params": {"gamma": 5.689011049056451, "lr": 0.4657098785919809}, "datetime": {"datetime": "2024-04-04 21:00:52", "elapsed": 0.392595, "delta": 0.002682}}
{"target": -1784.7589906785158, "params": {"gamma": 3.4275463906248644, "lr": 0.06820934841670412}, "datetime": {"datetime": "2024-04-04 21:00:52", "elapsed": 0.395189, "delta": 0.002594}}
{"target": -1966.7150704830738, "params": {"gamma": 3.7798638691016704, "lr": 0.07962607769825236}, "datetime": {"datetime": "2024-04-04 21:00:52", "elapsed": 0.397846, "delta": 0.002657}}
{"target": -1461.8966136688364, "params": {"gamma": 9.82818832019072, "lr": 0.18161285133076377}, "datetime": {"datetime": "2024-04-04 21:00:52", "elapsed": 0.400431, "delta": 0.002585}}
{"target": -2058.5024942520454, "params": {"gamma": 8.118775118507678, "lr": 0.8749616449558981}, "datetime": {"datetime": "2024-04-04 21:00:52", "elapsed": 0.403063, "delta": 0.002632}}
{"target": -1119.1422299915546, "params": {"gamma": 6.884444110607048, "lr": 0.5694944127453757}, "datetime": {"datetime": "2024-04-04 21:00:52", "elapsed": 0.405647, "delta": 0.002584}}
{"target": -264.2474449573243, "params": {"gamma": 1.610553396719272, "lr": 0.4668800227633063}, "datetime": {"datetime": "2024-04-04 21:00:52", "elapsed": 0.40835, "delta": 0.002703}}
{"target": -313.6542566258326, "params": {"gamma": 3.452375339500995, "lr": 0.2250399578140846}, "datetime": {"datetime": "2024-04-04 21:00:52", "elapsed": 0.411249, "delta": 0.002899}}
{"target": -588.4953302222966, "params": {"gamma": 5.925526175789202, "lr": 0.31226983770191696}, "datetime": {"datetime": "2024-04-04 21:00:52", "elapsed": 0.414141, "delta": 0.002892}}
{"target": -2375.9274016035047, "params": {"gamma": 9.163139229130039, "lr": 0.9096355249515571}, "datetime": {"datetime": "2024-04-04 21:00:52", "elapsed": 0.416927, "delta": 0.002786}}
{"target": -979.2260137764515, "params": {"gamma": 2.57192581952818, "lr": 0.1108913007440292}, "datetime": {"datetime": "2024-04-04 21:00:52", "elapsed": 0.419596, "delta": 0.002669}}
{"target": -305.86376290208983, "params": {"gamma": 1.9304343574591094, "lr": 0.49958417067888605}, "datetime": {"datetime": "2024-04-04 21:00:52", "elapsed": 0.422206, "delta": 0.00261}}
{"target": -677.2097965539382, "params": {"gamma": 7.286128094077989, "lr": 0.20819443840879148}, "datetime": {"datetime": "2024-04-04 21:00:52", "elapsed": 0.424835, "delta": 0.002629}}
{"target": -605.2347859854406, "params": {"gamma": 2.48108755021393, "lr": 0.851671874936367}, "datetime": {"datetime": "2024-04-04 21:00:52", "elapsed": 0.427427, "delta": 0.002592}}
{"target": -707.3633878901333, "params": {"gamma": 4.159071333957006, "lr": 0.6166850671552362}, "datetime": {"datetime": "2024-04-04 21:00:52", "elapsed": 0.430133, "delta": 0.002706}}
{"target": -892.6045357062922, "params": {"gamma": 2.3374277262532615, "lr": 0.10196725942579743}, "datetime": {"datetime": "2024-04-04 21:00:52", "elapsed": 0.432762, "delta": 0.002629}}
{"target": -754.3894135221997, "params": {"gamma": 5.159054312668331, "lr": 0.47714098704978236}, "datetime": {"datetime": "2024-04-04 21:00:52", "elapsed": 0.435459, "delta": 0.002697}}
{"target": -284.31601202550763, "params": {"gamma": 1.5275637692875392, "lr": 0.6218062317404155}, "datetime": {"datetime": "2024-04-04 21:00:52", "elapsed": 0.438233, "delta": 0.002774}}
{"target": -970.5929417646571, "params": {"gamma": 5.440557178020568, "lr": 0.6541373469707443}, "datetime": {"datetime": "2024-04-04 21:00:52", "elapsed": 0.440848, "delta": 0.002615}}
{"target": -351.9553051142468, "params": {"gamma": 1.4463108557064734, "lr": 0.7515278171352439}, "datetime": {"datetime": "2024-04-04 21:00:52", "elapsed": 0.443799, "delta": 0.002951}}
{"target": -372.7519396326772, "params": {"gamma": 2.221269348859427, "lr": 0.519351824366033}, "datetime": {"datetime": "2024-04-04 21:00:52", "elapsed": 0.446711, "delta": 0.002912}}
{"target": -4073.7548486024366, "params": {"gamma": 7.853174986187969, "lr": 0.02233042799180618}, "datetime": {"datetime": "2024-04-04 21:00:52", "elapsed": 0.449417, "delta": 0.002706}}
{"target": -832.1603055109415, "params": {"gamma": 3.2443002348021386, "lr": 0.872922376400111}, "datetime": {"datetime": "2024-04-04 21:00:52", "elapsed": 0.452137, "delta": 0.00272}}
{"target": -1325.246377803214, "params": {"gamma": 8.447251366413093, "lr": 0.5384405925945437}, "datetime": {"datetime": "2024-04-04 21:00:52", "elapsed": 0.454863, "delta": 0.002726}}
{"target": -2273.7361258558003, "params": {"gamma": 8.666216133390963, "lr": 0.9498059913536265}, "datetime": {"datetime": "2024-04-04 21:00:52", "elapsed": 0.45749, "delta": 0.002627}}
{"target": -1968.461103407302, "params": {"gamma": 8.264243569295784, "lr": 0.8541154438365387}, "datetime": {"datetime": "2024-04-04 21:00:52", "elapsed": 0.460093, "delta": 0.002603}}
{"target": -214.8817888239733, "params": {"gamma": 0.9883352748016633, "lr": 0.651304332340991}, "datetime": {"datetime": "2024-04-04 21:00:52", "elapsed": 0.462715, "delta": 0.002622}}
{"target": -1179.6619114820123, "params": {"gamma": 7.035466364538378, "lr": 0.6102408126466297}, "datetime": {"datetime": "2024-04-04 21:00:52", "elapsed": 0.465631, "delta": 0.002916}}
{"target": -4147.846372337259, "params": {"gamma": 7.996353002098545, "lr": 0.03457121987163425}, "datetime": {"datetime": "2024-04-04 21:00:52", "elapsed": 0.468442, "delta": 0.002811}}
{"target": -1559.7879143119364, "params": {"gamma": 7.702617106815245, "lr": 0.731728600739527}, "datetime": {"datetime": "2024-04-04 21:00:52", "elapsed": 0.471123, "delta": 0.002681}}
{"target": -292.8106480041914, "params": {"gamma": 2.5977242345902325, "lr": 0.2570692988221467}, "datetime": {"datetime": "2024-04-04 21:00:52", "elapsed": 0.473834, "delta": 0.002711}}
{"target": -709.9487033375991, "params": {"gamma": 6.323400870983849, "lr": 0.34529746159108154}, "datetime": {"datetime": "2024-04-04 21:00:52", "elapsed": 0.476724, "delta": 0.00289}}
{"target": -1152.1804886721307, "params": {"gamma": 7.966090191394868, "lr": 0.44614623200345727}, "datetime": {"datetime": "2024-04-04 21:00:52", "elapsed": 0.47965, "delta": 0.002926}}
{"target": -2054.92660302754, "params": {"gamma": 7.827711398426936, "lr": 0.9904717836238407}, "datetime": {"datetime": "2024-04-04 21:00:52", "elapsed": 0.482441, "delta": 0.002791}}
{"target": -594.9815438283048, "params": {"gamma": 3.0031831469994668, "lr": 0.14300582825809938}, "datetime": {"datetime": "2024-04-04 21:00:52", "elapsed": 0.485242, "delta": 0.002801}}
{"target": -1412.3715636459838, "params": {"gamma": 9.01318305505639, "lr": 0.5415593788873733}, "datetime": {"datetime": "2024-04-04 21:00:52", "elapsed": 0.487954, "delta": 0.002712}}
{"target": -1721.7534564575308, "params": {"gamma": 9.747428968179968, "lr": 0.6366044000018972}, "datetime": {"datetime": "2024-04-04 21:00:52", "elapsed": 0.490665, "delta": 0.002711}}
{"target": -1554.9373888147054, "params": {"gamma": 9.939136333080178, "lr": 0.5460708041429516}, "datetime": {"datetime": "2024-04-04 21:00:52", "elapsed": 0.493382, "delta": 0.002717}}
{"target": -1305.4129306357097, "params": {"gamma": 5.264732913121308, "lr": 0.1354279030721699}, "datetime": {"datetime": "2024-04-04 21:00:52", "elapsed": 0.496185, "delta": 0.002803}}
{"target": -1851.9599920259814, "params": {"gamma": 3.5576960046678274, "lr": 0.026218567296373285}, "datetime": {"datetime": "2024-04-04 21:00:52", "elapsed": 0.498926, "delta": 0.002741}}
{"target": -348.15106380601804, "params": {"gamma": 1.6047914000169714, "lr": 0.7456371927074961}, "datetime": {"datetime": "2024-04-04 21:00:52", "elapsed": 0.501701, "delta": 0.002775}}
{"target": -133.2740145408284, "params": {"gamma": 0.3049664995979595, "lr": 0.36654309724374434}, "datetime": {"datetime": "2024-04-04 21:00:52", "elapsed": 0.504495, "delta": 0.002794}}
{"target": -1688.327575903226, "params": {"gamma": 8.623600182127603, "lr": 0.6926777175073543}, "datetime": {"datetime": "2024-04-04 21:00:52", "elapsed": 0.507187, "delta": 0.002692}}
{"target": -982.0618446675396, "params": {"gamma": 6.90973047851962, "lr": 0.18863680095531088}, "datetime": {"datetime": "2024-04-04 21:00:52", "elapsed": 0.510122, "delta": 0.002935}}
{"target": -748.5468277243011, "params": {"gamma": 4.419600903203486, "lr": 0.5815774073442912}, "datetime": {"datetime": "2024-04-04 21:00:52", "elapsed": 0.51306, "delta": 0.002938}}
{"target": -910.8135353223512, "params": {"gamma": 9.897527324929388, "lr": 0.20390622523312185}, "datetime": {"datetime": "2024-04-04 21:00:52", "elapsed": 0.515979, "delta": 0.002919}}
{"target": -281.7820147731735, "params": {"gamma": 2.478081284721786, "lr": 0.26217308377291193}, "datetime": {"datetime": "2024-04-04 21:00:52", "elapsed": 0.518636, "delta": 0.002657}}
{"target": -1086.3335109153138, "params": {"gamma": 7.50197396056663, "lr": 0.4569753274356928}, "datetime": {"datetime": "2024-04-04 21:00:52", "elapsed": 0.521421, "delta": 0.002785}}
{"target": -155.09047077164686, "params": {"gamma": 0.5702374546725388, "lr": 0.5085162406102396}, "datetime": {"datetime": "2024-04-04 21:00:52", "elapsed": 0.524254, "delta": 0.002833}}
{"target": -501.6781947256179, "params": {"gamma": 2.120389686272116, "lr": 0.7986042447602102}, "datetime": {"datetime": "2024-04-04 21:00:52", "elapsed": 0.526874, "delta": 0.00262}}
{"target": -1550.7754359410146, "params": {"gamma": 2.9740164836912153, "lr": 0.02760601195450363}, "datetime": {"datetime": "2024-04-04 21:00:52", "elapsed": 0.529592, "delta": 0.002718}}
{"target": -1417.8208467905238, "params": {"gamma": 5.934731062196747, "lr": 0.8438404289311888}, "datetime": {"datetime": "2024-04-04 21:00:52", "elapsed": 0.532307, "delta": 0.002715}}
{"target": -781.1160203914606, "params": {"gamma": 3.81078022449808, "lr": 0.7498583107261434}, "datetime": {"datetime": "2024-04-04 21:00:52", "elapsed": 0.534973, "delta": 0.002666}}
{"target": -812.2370190039535, "params": {"gamma": 5.111903641492986, "lr": 0.5409518049621886}, "datetime": {"datetime": "2024-04-04 21:00:52", "elapsed": 0.53769, "delta": 0.002717}}
{"target": -2253.5099717054427, "params": {"gamma": 9.594383776296462, "lr": 0.8039608914986468}, "datetime": {"datetime": "2024-04-04 21:00:52", "elapsed": 0.54047, "delta": 0.00278}}
{"target": -142.30115798323732, "params": {"gamma": 0.3241983431691163, "lr": 0.7093872512312951}, "datetime": {"datetime": "2024-04-04 21:00:52", "elapsed": 0.543268, "delta": 0.002798}}
{"target": -1226.325999778165, "params": {"gamma": 4.650549814153498, "lr": 0.9475489413950998}, "datetime": {"datetime": "2024-04-04 21:00:52", "elapsed": 0.546186, "delta": 0.002918}}
{"target": -257.8880432696294, "params": {"gamma": 2.2151059105005597, "lr": 0.2670720196843658}, "datetime": {"datetime": "2024-04-04 21:00:52", "elapsed": 0.549023, "delta": 0.002837}}
{"target": -169.1325523228953, "params": {"gamma": 0.8156581748077427, "lr": 0.42861882866378653}, "datetime": {"datetime": "2024-04-04 21:00:52", "elapsed": 0.551757, "delta": 0.002734}}
{"target": -228.03453123112803, "params": {"gamma": 1.091078621426664, "lr": 0.6337867606119179}, "datetime": {"datetime": "2024-04-04 21:00:52", "elapsed": 0.55453, "delta": 0.002773}}
{"target": -1573.1733951688948, "params": {"gamma": 8.029829410500005, "lr": 0.6968004961201785}, "datetime": {"datetime": "2024-04-04 21:00:52", "elapsed": 0.557174, "delta": 0.002644}}
{"target": -855.5804821747882, "params": {"gamma": 7.66234759937663, "lr": 0.3424541198435198}, "datetime": {"datetime": "2024-04-04 21:00:52", "elapsed": 0.559862, "delta": 0.002688}}
{"target": -1196.0250547498354, "params": {"gamma": 8.45866897879375, "lr": 0.42876877499944255}, "datetime": {"datetime": "2024-04-04 21:00:52", "elapsed": 0.562507, "delta": 0.002645}}
{"target": -1442.3162902261868, "params": {"gamma": 8.240274694252776, "lr": 0.6264961586242938}, "datetime": {"datetime": "2024-04-04 21:00:52", "elapsed": 0.565283, "delta": 0.002776}}
{"target": -762.949916293164, "params": {"gamma": 1.435087063653779, "lr": 0.07838689985494796}, "datetime": {"datetime": "2024-04-04 21:00:52", "elapsed": 0.568061, "delta": 0.002778}}
{"target": -191.06753219760844, "params": {"gamma": 0.1843080964871599, "lr": 0.06672499763935646}, "datetime": {"datetime": "2024-04-04 21:00:52", "elapsed": 0.570715, "delta": 0.002654}}
{"target": -1384.658849616746, "params": {"gamma": 4.586379553270611, "lr": 0.11334192276759048}, "datetime": {"datetime": "2024-04-04 21:00:52", "elapsed": 0.573471, "delta": 0.002756}}
{"target": -146.3977400725002, "params": {"gamma": 0.27880570513785086, "lr": 0.7548614813904674}, "datetime": {"datetime": "2024-04-04 21:00:52", "elapsed": 0.576358, "delta": 0.002887}}
{"target": -808.6811909897534, "params": {"gamma": 3.949109954125934, "lr": 0.7469384956075251}, "datetime": {"datetime": "2024-04-04 21:00:52", "elapsed": 0.57934, "delta": 0.002982}}
{"target": -664.8051914811354, "params": {"gamma": 4.52459586263777, "lr": 0.4500867470007611}, "datetime": {"datetime": "2024-04-04 21:00:52", "elapsed": 0.582142, "delta": 0.002802}}
{"target": -701.0151191983864, "params": {"gamma": 4.7812469946715925, "lr": 0.47400392656219403}, "datetime": {"datetime": "2024-04-04 21:00:52", "elapsed": 0.58487, "delta": 0.002728}}
{"target": -1064.452329865868, "params": {"gamma": 8.031830257799582, "lr": 0.40239251985773583}, "datetime": {"datetime": "2024-04-04 21:00:52", "elapsed": 0.587507, "delta": 0.002637}}
{"target": -4691.519061812933, "params": {"gamma": 9.046956917275887, "lr": 0.037061047954035864}, "datetime": {"datetime": "2024-04-04 21:00:52", "elapsed": 0.59011, "delta": 0.002603}}
{"target": -1906.2676219099412, "params": {"gamma": 7.738969552861467, "lr": 0.12564138113773882}, "datetime": {"datetime": "2024-04-04 21:00:52", "elapsed": 0.592739, "delta": 0.002629}}
{"target": -3210.8236881647185, "params": {"gamma": 6.185517155553943, "lr": 0.010364261335231939}, "datetime": {"datetime": "2024-04-04 21:00:52", "elapsed": 0.59541, "delta": 0.002671}}
{"target": -2797.560657371026, "params": {"gamma": 5.386734198480894, "lr": 0.0030179566195963625}, "datetime": {"datetime": "2024-04-04 21:00:52", "elapsed": 0.598033, "delta": 0.002623}}
{"target": -2438.0782108258554, "params": {"gamma": 9.511986661116556, "lr": 0.905402033702778}, "datetime": {"datetime": "2024-04-04 21:00:52", "elapsed": 0.600695, "delta": 0.002662}}
{"target": -2065.5335797469106, "params": {"gamma": 7.959873452480752, "lr": 0.9152743199147875}, "datetime": {"datetime": "2024-04-04 21:00:52", "elapsed": 0.603334, "delta": 0.002639}}
{"target": -324.7677795933574, "params": {"gamma": 1.4564367533528122, "lr": 0.15773006987053328}, "datetime": {"datetime": "2024-04-04 21:00:52", "elapsed": 0.605983, "delta": 0.002649}}
{"target": -338.41777104702743, "params": {"gamma": 1.8771290973514374, "lr": 0.6224959022999211}, "datetime": {"datetime": "2024-04-04 21:00:52", "elapsed": 0.608726, "delta": 0.002743}}
{"target": -2376.027915426338, "params": {"gamma": 9.05818915058701, "lr": 0.9899551783590737}, "datetime": {"datetime": "2024-04-04 21:00:52", "elapsed": 0.611705, "delta": 0.002979}}
{"target": -1441.3350607906461, "params": {"gamma": 7.111513465199394, "lr": 0.7318004091422953}, "datetime": {"datetime": "2024-04-04 21:00:52", "elapsed": 0.614632, "delta": 0.002927}}
{"target": -1202.3159983246662, "params": {"gamma": 9.093022752238, "lr": 0.4008737323711209}, "datetime": {"datetime": "2024-04-04 21:00:52", "elapsed": 0.617453, "delta": 0.002821}}
{"target": -400.6930871899567, "params": {"gamma": 2.4992569515701426, "lr": 0.17343017078712286}, "datetime": {"datetime": "2024-04-04 21:00:52", "elapsed": 0.620274, "delta": 0.002821}}
{"target": -308.2070733769467, "params": {"gamma": 1.1954510462869563, "lr": 0.8126105880328287}, "datetime": {"datetime": "2024-04-04 21:00:52", "elapsed": 0.622932, "delta": 0.002658}}
{"target": -194.3176680330258, "params": {"gamma": 1.4687769417990144, "lr": 0.2642974827269007}, "datetime": {"datetime": "2024-04-04 21:00:52", "elapsed": 0.625676, "delta": 0.002744}}
{"target": -803.2707166930595, "params": {"gamma": 8.191072697156674, "lr": 0.31058725179421}, "datetime": {"datetime": "2024-04-04 21:00:52", "elapsed": 0.628434, "delta": 0.002758}}
{"target": -997.5648519580507, "params": {"gamma": 9.824192075480136, "lr": 0.2666387021516352}, "datetime": {"datetime": "2024-04-04 21:00:52", "elapsed": 0.631093, "delta": 0.002659}}
