{"target": -65.37040369353754, "params": {"p_ai": 10.0, "p_al": 10.0, "p_ex": 2.977333532300226, "prior": 6.954951593708663, "rate": 7.833902663471907}, "datetime": {"datetime": "2024-03-29 13:41:39", "elapsed": 11508.618552, "delta": 28.67561}}
{"target": -69.00221831719954, "params": {"p_ai": 2.2290871995171795, "p_al": 10.0, "p_ex": 7.232056099483822, "prior": 5.300779662057567, "rate": 7.03094640900465}, "datetime": {"datetime": "2024-03-29 13:41:57", "elapsed": 11526.728103, "delta": 18.109551}}
{"target": -50.07311953483854, "params": {"p_ai": 10.0, "p_al": 6.177507062437797, "p_ex": 6.5113994395056025, "prior": 2.292586035515076, "rate": 10.0}, "datetime": {"datetime": "2024-03-29 13:42:16", "elapsed": 11545.196439, "delta": 18.468336}}
{"target": -78.83441425412002, "params": {"p_ai": 3.6588465511202624, "p_al": 0.001, "p_ex": 3.2358221589796625, "prior": 10.0, "rate": 2.4830888144389123}, "datetime": {"datetime": "2024-03-29 13:42:43", "elapsed": 11572.290694, "delta": 27.094255}}
{"target": -59.25679856961481, "params": {"p_ai": 8.302871262342709, "p_al": 0.001, "p_ex": 4.257619184123299, "prior": 7.912047615688104, "rate": 4.9399411332506915}, "datetime": {"datetime": "2024-03-29 13:43:12", "elapsed": 11601.180492, "delta": 28.889798}}
{"target": -100.55134770740159, "params": {"p_ai": 2.5347446101339504, "p_al": 5.688425632574556, "p_ex": 0.001, "prior": 6.288058404434178, "rate": 10.0}, "datetime": {"datetime": "2024-03-29 13:43:38", "elapsed": 11627.840892, "delta": 26.6604}}
{"target": -54.70416231412924, "params": {"p_ai": 9.79027809698502, "p_al": 0.07314492718809835, "p_ex": 7.543958389680236, "prior": 4.705583491246737, "rate": 3.5712884723554144}, "datetime": {"datetime": "2024-03-29 13:44:08", "elapsed": 11657.259409, "delta": 29.418517}}
{"target": -144.65759586148474, "params": {"p_ai": 10.0, "p_al": 10.0, "p_ex": 6.844739695892288, "prior": 3.318414879997405, "rate": 0.001}, "datetime": {"datetime": "2024-03-29 13:44:45", "elapsed": 11694.252515, "delta": 36.993106}}
{"target": -54.57458277003833, "params": {"p_ai": 10.0, "p_al": 0.001, "p_ex": 8.651125618945207, "prior": 4.316524063794609, "rate": 7.843047592343541}, "datetime": {"datetime": "2024-03-29 13:45:23", "elapsed": 11732.465815, "delta": 38.2133}}
{"target": -82.48662993935264, "params": {"p_ai": 5.367192183168065, "p_al": 0.001, "p_ex": 0.32259635445149387, "prior": 0.04151143068533678, "rate": 10.0}, "datetime": {"datetime": "2024-03-29 13:45:49", "elapsed": 11758.337002, "delta": 25.871187}}
{"target": -52.85414271674664, "params": {"p_ai": 10.0, "p_al": 2.372763384358002, "p_ex": 8.110297363529517, "prior": 1.2144844330300029, "rate": 6.650627275914964}, "datetime": {"datetime": "2024-03-29 13:46:07", "elapsed": 11776.929557, "delta": 18.592555}}
{"target": -89.85025213706122, "params": {"p_ai": 7.9192963482334475, "p_al": 8.02982406456309, "p_ex": 0.001, "prior": 10.0, "rate": 0.001}, "datetime": {"datetime": "2024-03-29 13:46:26", "elapsed": 11795.562053, "delta": 18.632496}}
{"target": -74.82827752617662, "params": {"p_ai": 4.70309076564749, "p_al": 10.0, "p_ex": 10.0, "prior": 8.40496253547828, "rate": 2.0547648600203723}, "datetime": {"datetime": "2024-03-29 13:46:48", "elapsed": 11817.889138, "delta": 22.327085}}
{"target": -57.00979362916023, "params": {"p_ai": 4.2047463649765415, "p_al": 6.211442978357769, "p_ex": 10.0, "prior": 2.4897478502912564, "rate": 7.419660897846122}, "datetime": {"datetime": "2024-03-29 13:47:25", "elapsed": 11854.655667, "delta": 36.766529}}
{"target": -1724.3094808960861, "params": {"p_ai": 10.0, "p_al": 10.0, "p_ex": 0.001, "prior": 0.001, "rate": 6.6170902933542575}, "datetime": {"datetime": "2024-03-29 13:47:44", "elapsed": 11873.528237, "delta": 18.87257}}
{"target": -106.75788692611384, "params": {"p_ai": 9.975529470756168, "p_al": 8.065260747062627, "p_ex": 0.08340592835862556, "prior": 2.1678531161169103, "rate": 4.893024248257478}, "datetime": {"datetime": "2024-03-29 13:48:03", "elapsed": 11892.822289, "delta": 19.294052}}
{"target": -95.53757669316914, "params": {"p_ai": 9.145882281797412, "p_al": 8.278066950401776, "p_ex": 0.29251564872178043, "prior": 2.964199767121945, "rate": 6.770777347482753}, "datetime": {"datetime": "2024-03-29 13:48:32", "elapsed": 11921.376661, "delta": 28.554372}}
{"target": -67.39316232682418, "params": {"p_ai": 6.798570444077318, "p_al": 4.357667909991928, "p_ex": 2.312337662713419, "prior": 7.806022035064675, "rate": 6.742488989737246}, "datetime": {"datetime": "2024-03-29 13:48:52", "elapsed": 11942.073187, "delta": 20.696526}}
{"target": -67.95378861446555, "params": {"p_ai": 2.4866336743711863, "p_al": 7.865242313109773, "p_ex": 5.453531947681962, "prior": 6.257464341773673, "rate": 7.588435074504577}, "datetime": {"datetime": "2024-03-29 13:49:13", "elapsed": 11962.251851, "delta": 20.178664}}
{"target": -66.34913072089472, "params": {"p_ai": 6.902642744184295, "p_al": 0.007759436006245895, "p_ex": 1.4171864914522643, "prior": 1.8476414094198106, "rate": 7.841600071810046}, "datetime": {"datetime": "2024-03-29 13:49:38", "elapsed": 11987.142549, "delta": 24.890698}}
{"target": -88.52831625618118, "params": {"p_ai": 10.0, "p_al": 2.3719970662527565, "p_ex": 0.001, "prior": 4.291366947896779, "rate": 7.9351572536882795}, "datetime": {"datetime": "2024-03-29 13:50:08", "elapsed": 12017.915727, "delta": 30.773178}}
{"target": -73.92154644695808, "params": {"p_ai": 7.748695530693094, "p_al": 10.0, "p_ex": 4.850315870795377, "prior": 10.0, "rate": 2.3346861705187476}, "datetime": {"datetime": "2024-03-29 13:50:35", "elapsed": 12044.528583, "delta": 26.612856}}
{"target": -73.910127136394, "params": {"p_ai": 2.227464877808805, "p_al": 2.5343713493656277, "p_ex": 10.0, "prior": 4.144265353242129, "rate": 6.139095190123739}, "datetime": {"datetime": "2024-03-29 13:50:54", "elapsed": 12063.722739, "delta": 19.194156}}
{"target": -66.24277062423879, "params": {"p_ai": 3.240378359600758, "p_al": 7.487523981472417, "p_ex": 5.710712581784997, "prior": 10.0, "rate": 7.844095225813302}, "datetime": {"datetime": "2024-03-29 13:51:22", "elapsed": 12091.590484, "delta": 27.867745}}
{"target": -106.5279655296676, "params": {"p_ai": 0.001, "p_al": 5.8900665368570015, "p_ex": 4.033365814809669, "prior": 4.023394883348253, "rate": 10.0}, "datetime": {"datetime": "2024-03-29 13:52:03", "elapsed": 12132.438866, "delta": 40.848382}}
{"target": -214.92612742194265, "params": {"p_ai": 0.001, "p_al": 0.001, "p_ex": 7.080277076733271, "prior": 3.1889294019040935, "rate": 0.001}, "datetime": {"datetime": "2024-03-29 13:52:24", "elapsed": 12153.684218, "delta": 21.245352}}
{"target": -88.38453469191633, "params": {"p_ai": 8.52785511753133, "p_al": 3.7004908723344268, "p_ex": 0.001, "prior": 6.1535802135807245, "rate": 2.137941320292294}, "datetime": {"datetime": "2024-03-29 13:52:45", "elapsed": 12174.687811, "delta": 21.003593}}
{"target": -88.16249385631232, "params": {"p_ai": 4.801751520523814, "p_al": 0.001, "p_ex": 0.001, "prior": 3.1493199794735376, "rate": 5.701091165177217}, "datetime": {"datetime": "2024-03-29 13:53:09", "elapsed": 12199.09928, "delta": 24.411469}}
{"target": -86.70897132765286, "params": {"p_ai": 5.3821452456040895, "p_al": 0.001, "p_ex": 3.1475682653172288, "prior": 1.3429167627274594, "rate": 0.001}, "datetime": {"datetime": "2024-03-29 13:53:31", "elapsed": 12220.564892, "delta": 21.465612}}
{"target": -53.20831222303933, "params": {"p_ai": 7.485659137131519, "p_al": 0.001, "p_ex": 7.901919691465855, "prior": 5.376502889045693, "rate": 7.690284050496115}, "datetime": {"datetime": "2024-03-29 13:54:00", "elapsed": 12249.675597, "delta": 29.110705}}
{"target": -115.78863019982083, "params": {"p_ai": 0.001, "p_al": 0.001, "p_ex": 10.0, "prior": 2.1571261377396724, "rate": 4.4548926119071455}, "datetime": {"datetime": "2024-03-29 13:54:21", "elapsed": 12270.430432, "delta": 20.754835}}
{"target": -133.4692726147871, "params": {"p_ai": 0.08212784514662777, "p_al": 9.618263408683555, "p_ex": 0.013833966355569233, "prior": 7.061386245780248, "rate": 2.0667551902919876}, "datetime": {"datetime": "2024-03-29 13:54:58", "elapsed": 12307.577083, "delta": 37.146651}}
{"target": -65.22791776645823, "params": {"p_ai": 8.004076529353656, "p_al": 5.241251792995812, "p_ex": 5.246302744240511, "prior": 10.0, "rate": 3.1672420769916245}, "datetime": {"datetime": "2024-03-29 13:55:22", "elapsed": 12331.681849, "delta": 24.104766}}
{"target": -70.41880239855001, "params": {"p_ai": 10.0, "p_al": 7.931844506282029, "p_ex": 2.137162889241603, "prior": 2.1987011364325095, "rate": 7.006123903340005}, "datetime": {"datetime": "2024-03-29 13:55:44", "elapsed": 12354.035622, "delta": 22.353773}}
{"target": -66.40408277133112, "params": {"p_ai": 7.28816325269299, "p_al": 8.018344472292034, "p_ex": 2.7786027918955214, "prior": 7.369961689725665, "rate": 6.878471601069885}, "datetime": {"datetime": "2024-03-29 13:56:19", "elapsed": 12388.474186, "delta": 34.438564}}
{"target": -56.20778702990186, "params": {"p_ai": 7.199391239306261, "p_al": 7.387413997343299, "p_ex": 10.0, "prior": 10.0, "rate": 10.0}, "datetime": {"datetime": "2024-03-29 13:56:40", "elapsed": 12410.07592, "delta": 21.601734}}
{"target": -59.93402541929448, "params": {"p_ai": 7.065678552510252, "p_al": 8.994675087905533, "p_ex": 3.749914940431475, "prior": 0.9660861268856333, "rate": 7.4215573434264845}, "datetime": {"datetime": "2024-03-29 13:57:05", "elapsed": 12434.465279, "delta": 24.389359}}
{"target": -70.73984484945407, "params": {"p_ai": 3.345249880893172, "p_al": 4.505002501983124, "p_ex": 9.950432212845005, "prior": 7.331963209006223, "rate": 4.719217670569383}, "datetime": {"datetime": "2024-03-29 13:57:26", "elapsed": 12455.30812, "delta": 20.842841}}
{"target": -75.0481888806712, "params": {"p_ai": 8.003788780150476, "p_al": 10.0, "p_ex": 1.4471745346779081, "prior": 7.951336529517356, "rate": 10.0}, "datetime": {"datetime": "2024-03-29 13:58:01", "elapsed": 12490.158345, "delta": 34.850225}}
{"target": -83.91720462857437, "params": {"p_ai": 7.792757442673075, "p_al": 0.001, "p_ex": 3.8313044780188763, "prior": 3.9164039551790353, "rate": 0.001}, "datetime": {"datetime": "2024-03-29 13:58:33", "elapsed": 12522.607954, "delta": 32.449609}}
{"target": -85.21580812549658, "params": {"p_ai": 7.084999619247553, "p_al": 2.080891622179045, "p_ex": 0.09634712212349834, "prior": 9.9749686123631, "rate": 9.994784725918752}, "datetime": {"datetime": "2024-03-29 13:58:54", "elapsed": 12543.858277, "delta": 21.250323}}
{"target": -93.40167961512329, "params": {"p_ai": 9.982093709963555, "p_al": 9.886944418460171, "p_ex": 0.5780201233413449, "prior": 4.1978760943521785, "rate": 5.745399917560019}, "datetime": {"datetime": "2024-03-29 13:59:15", "elapsed": 12565.067837, "delta": 21.20956}}
{"target": -57.06618113806809, "params": {"p_ai": 7.820480648906976, "p_al": 0.001, "p_ex": 10.0, "prior": 7.0454535163169245, "rate": 5.364810633435159}, "datetime": {"datetime": "2024-03-29 13:59:43", "elapsed": 12592.715258, "delta": 27.647421}}
{"target": -80.21163986892839, "params": {"p_ai": 9.946633505898125, "p_al": 7.97831472385242, "p_ex": 0.9489728587321143, "prior": 8.55408101690754, "rate": 7.968139079709751}, "datetime": {"datetime": "2024-03-29 14:00:06", "elapsed": 12615.934139, "delta": 23.218881}}
{"target": -94.7046198773071, "params": {"p_ai": 10.0, "p_al": 4.401665235888652, "p_ex": 6.668777768183001, "prior": 3.9241524456463415, "rate": 0.001}, "datetime": {"datetime": "2024-03-29 14:00:32", "elapsed": 12641.237261, "delta": 25.303122}}
{"target": -71.13027614101674, "params": {"p_ai": 2.9883571041888533, "p_al": 0.001, "p_ex": 5.705010631435429, "prior": 5.80538880802059, "rate": 3.4692451486926474}, "datetime": {"datetime": "2024-03-29 14:01:04", "elapsed": 12673.140123, "delta": 31.902862}}
{"target": -57.98147019411117, "params": {"p_ai": 5.072239324324774, "p_al": 2.4754513099592734, "p_ex": 10.0, "prior": 6.266776992353075, "rate": 10.0}, "datetime": {"datetime": "2024-03-29 14:01:26", "elapsed": 12696.059434, "delta": 22.919311}}
{"target": -71.8175353196017, "params": {"p_ai": 4.780019804047969, "p_al": 10.0, "p_ex": 4.246111890279798, "prior": 6.696531315450243, "rate": 3.6284949143511747}, "datetime": {"datetime": "2024-03-29 14:01:48", "elapsed": 12717.907934, "delta": 21.8485}}
{"target": -77.37361869020643, "params": {"p_ai": 3.116662181095033, "p_al": 7.0778910730724816, "p_ex": 10.0, "prior": 10.0, "rate": 4.642963638097092}, "datetime": {"datetime": "2024-03-29 14:02:09", "elapsed": 12738.147377, "delta": 20.239443}}
{"target": -125.96688704352894, "params": {"p_ai": 0.001, "p_al": 10.0, "p_ex": 3.9579858303094073, "prior": 3.7367988759915765, "rate": 2.7647705824105966}, "datetime": {"datetime": "2024-03-29 14:02:28", "elapsed": 12758.070066, "delta": 19.922689}}
{"target": -98.21415733915887, "params": {"p_ai": 10.0, "p_al": 10.0, "p_ex": 2.002263351460173, "prior": 7.630887330597822, "rate": 0.001}, "datetime": {"datetime": "2024-03-29 14:02:50", "elapsed": 12780.112481, "delta": 22.042415}}
{"target": -104.0479246752729, "params": {"p_ai": 0.001, "p_al": 10.0, "p_ex": 4.287883903183049, "prior": 3.802093041002121, "rate": 10.0}, "datetime": {"datetime": "2024-03-29 14:03:12", "elapsed": 12801.296742, "delta": 21.184261}}
{"target": -59.938201661641635, "params": {"p_ai": 7.845213779713557, "p_al": 3.331867043229253, "p_ex": 8.11900760610806, "prior": 6.635383154859465, "rate": 2.50407448963725}, "datetime": {"datetime": "2024-03-29 14:03:40", "elapsed": 12829.724294, "delta": 28.427552}}
{"target": -88.580121651476, "params": {"p_ai": 5.826150808794728, "p_al": 4.222298555102431, "p_ex": 0.001, "prior": 8.151418974783084, "rate": 6.453655093981638}, "datetime": {"datetime": "2024-03-29 14:04:22", "elapsed": 12871.509771, "delta": 41.785477}}
{"target": -118.96105297419261, "params": {"p_ai": 3.4606962159762475, "p_al": 0.001, "p_ex": 10.0, "prior": 10.0, "rate": 0.001}, "datetime": {"datetime": "2024-03-29 14:04:45", "elapsed": 12894.172751, "delta": 22.66298}}
{"target": -58.01772587601298, "params": {"p_ai": 10.0, "p_al": 7.774411627708784, "p_ex": 8.104148950949012, "prior": 2.4990125188793715, "rate": 3.135613991455632}, "datetime": {"datetime": "2024-03-29 14:05:04", "elapsed": 12914.034573, "delta": 19.861822}}
{"target": -56.77126955628256, "params": {"p_ai": 7.7957650212506, "p_al": 1.6327907596430222, "p_ex": 10.0, "prior": 10.0, "rate": 8.242131537285387}, "datetime": {"datetime": "2024-03-29 14:05:27", "elapsed": 12936.418893, "delta": 22.38432}}
{"target": -138.38759629580477, "params": {"p_ai": 0.001, "p_al": 10.0, "p_ex": 0.001, "prior": 10.0, "rate": 5.868676035286152}, "datetime": {"datetime": "2024-03-29 14:05:55", "elapsed": 12964.690729, "delta": 28.271836}}
{"target": -93.6343708728851, "params": {"p_ai": 4.938103111872471, "p_al": 1.1193941507007639, "p_ex": 8.306792723138441, "prior": 2.8961339282136915, "rate": 0.001}, "datetime": {"datetime": "2024-03-29 14:06:24", "elapsed": 12994.054293, "delta": 29.363564}}
{"target": -56.54372555500891, "params": {"p_ai": 10.0, "p_al": 7.307332447291648, "p_ex": 10.0, "prior": 5.491152561926127, "rate": 5.16905509001425}, "datetime": {"datetime": "2024-03-29 14:07:03", "elapsed": 13032.45912, "delta": 38.404827}}
{"target": -72.88231137918133, "params": {"p_ai": 6.836791785029634, "p_al": 0.001, "p_ex": 1.7988391226767562, "prior": 6.185241129004817, "rate": 2.539622457919838}, "datetime": {"datetime": "2024-03-29 14:07:22", "elapsed": 13051.903339, "delta": 19.444219}}
{"target": -100.0565414936845, "params": {"p_ai": 5.96782125730628, "p_al": 10.0, "p_ex": 0.001, "prior": 7.262014925680113, "rate": 0.001}, "datetime": {"datetime": "2024-03-29 14:07:49", "elapsed": 13079.073918, "delta": 27.170579}}
{"target": -64.43598709407755, "params": {"p_ai": 2.6251680739661105, "p_al": 2.602573847938522, "p_ex": 6.281931282898386, "prior": 4.50226265724071, "rate": 6.50015282720156}, "datetime": {"datetime": "2024-03-29 14:08:22", "elapsed": 13111.432198, "delta": 32.35828}}
{"target": -98.31638429825789, "params": {"p_ai": 5.947265571466494, "p_al": 10.0, "p_ex": 0.001, "prior": 6.720456542727858, "rate": 3.2129159924157813}, "datetime": {"datetime": "2024-03-29 14:08:42", "elapsed": 13131.80693, "delta": 20.374732}}
{"target": -61.270083841936724, "params": {"p_ai": 10.0, "p_al": 10.0, "p_ex": 10.0, "prior": 8.190369948322456, "rate": 3.60233059282376}, "datetime": {"datetime": "2024-03-29 14:09:02", "elapsed": 13151.293817, "delta": 19.486887}}
{"target": -141.60661921003583, "params": {"p_ai": 0.001, "p_al": 2.6277290101012065, "p_ex": 10.0, "prior": 5.866011608379115, "rate": 4.335939754764871}, "datetime": {"datetime": "2024-03-29 14:09:23", "elapsed": 13172.94161, "delta": 21.647793}}
{"target": -63.39573193730107, "params": {"p_ai": 3.9580869226063093, "p_al": 0.001, "p_ex": 10.0, "prior": 7.151663210822543, "rate": 8.058196167864327}, "datetime": {"datetime": "2024-03-29 14:09:46", "elapsed": 13196.111647, "delta": 23.170037}}
{"target": -52.316248920016044, "params": {"p_ai": 7.251833360407631, "p_al": 0.001, "p_ex": 7.070300916841735, "prior": 6.779574168828288, "rate": 10.0}, "datetime": {"datetime": "2024-03-29 14:10:22", "elapsed": 13231.154989, "delta": 35.043342}}
{"target": -50.777608549129596, "params": {"p_ai": 7.799000559801526, "p_al": 6.047693846026538, "p_ex": 7.644992709843652, "prior": 1.4479661209091217, "rate": 8.883511873437225}, "datetime": {"datetime": "2024-03-29 14:10:57", "elapsed": 13266.153708, "delta": 34.998719}}
{"target": -91.62041585400165, "params": {"p_ai": 4.99784596959604, "p_al": 7.190076396906465, "p_ex": 0.001, "prior": 8.198547683301209, "rate": 8.152680170026574}, "datetime": {"datetime": "2024-03-29 14:11:17", "elapsed": 13286.60018, "delta": 20.446472}}
{"target": -116.42718070168702, "params": {"p_ai": 10.0, "p_al": 6.629476795019531, "p_ex": 3.3260951277094453, "prior": 3.1877902458987775, "rate": 0.001}, "datetime": {"datetime": "2024-03-29 14:11:38", "elapsed": 13308.040423, "delta": 21.440243}}
{"target": -57.01768283129223, "params": {"p_ai": 4.910071446394464, "p_al": 1.2719096559123648, "p_ex": 8.16674323716123, "prior": 10.0, "rate": 10.0}, "datetime": {"datetime": "2024-03-29 14:12:16", "elapsed": 13346.022766, "delta": 37.982343}}
{"target": -63.88393780017229, "params": {"p_ai": 2.8206315232627994, "p_al": 3.532558432364849, "p_ex": 6.687983849192825, "prior": 7.633982898395741, "rate": 10.0}, "datetime": {"datetime": "2024-03-29 14:12:45", "elapsed": 13375.013145, "delta": 28.990379}}
{"target": -88.72535322022654, "params": {"p_ai": 10.0, "p_al": 5.157670434292354, "p_ex": 0.001, "prior": 7.86099685317096, "rate": 1.5732985468766671}, "datetime": {"datetime": "2024-03-29 14:13:18", "elapsed": 13407.765377, "delta": 32.752232}}
{"target": -72.03975679900213, "params": {"p_ai": 10.0, "p_al": 10.0, "p_ex": 4.910356182429457, "prior": 7.899194088168883, "rate": 2.6072915276975643}, "datetime": {"datetime": "2024-03-29 14:13:56", "elapsed": 13445.576239, "delta": 37.810862}}
{"target": -1140.0026327324574, "params": {"p_ai": 2.715204076647896, "p_al": 10.0, "p_ex": 5.640984405189196, "prior": 0.001, "rate": 0.001}, "datetime": {"datetime": "2024-03-29 14:14:26", "elapsed": 13475.314964, "delta": 29.738725}}
{"target": -49.663060308978686, "params": {"p_ai": 8.22521847891471, "p_al": 0.001, "p_ex": 4.326811704039608, "prior": 0.8801713593625416, "rate": 7.214662551405826}, "datetime": {"datetime": "2024-03-29 14:15:08", "elapsed": 13517.51908, "delta": 42.204116}}
{"target": -95.52685037535831, "params": {"p_ai": 1.2525880373898675, "p_al": 8.60924576611802, "p_ex": 3.962726863754922, "prior": 2.0257445387769675, "rate": 2.8824945598747167}, "datetime": {"datetime": "2024-03-29 14:15:39", "elapsed": 13548.151178, "delta": 30.632098}}
{"target": -53.94720749493216, "params": {"p_ai": 7.045939483143769, "p_al": 6.893523072924773, "p_ex": 6.308576892400947, "prior": 6.210569722268788, "rate": 6.835707824315155}, "datetime": {"datetime": "2024-03-29 14:16:08", "elapsed": 13577.941796, "delta": 29.790618}}
{"target": -55.89820142591171, "params": {"p_ai": 8.00622667307465, "p_al": 5.991636577725989, "p_ex": 7.355457957745132, "prior": 10.0, "rate": 6.710729867528478}, "datetime": {"datetime": "2024-03-29 14:16:38", "elapsed": 13607.448509, "delta": 29.506713}}
{"target": -86.06119365514402, "params": {"p_ai": 10.0, "p_al": 2.4525114795256986, "p_ex": 0.001, "prior": 10.0, "rate": 5.689117875831385}, "datetime": {"datetime": "2024-03-29 14:17:06", "elapsed": 13635.506786, "delta": 28.058277}}
{"target": -86.66494015880615, "params": {"p_ai": 6.092979292010501, "p_al": 2.735691328360897, "p_ex": 1.0995921943002063, "prior": 6.362799727000043, "rate": 0.001}, "datetime": {"datetime": "2024-03-29 14:17:27", "elapsed": 13656.216446, "delta": 20.70966}}
{"target": -85.69227969365467, "params": {"p_ai": 7.66963925504894, "p_al": 3.0578953563574682, "p_ex": 2.8562117819663726, "prior": 7.872947576029737, "rate": 0.001}, "datetime": {"datetime": "2024-03-29 14:17:54", "elapsed": 13683.589068, "delta": 27.372622}}
{"target": -55.84855414895161, "params": {"p_ai": 10.0, "p_al": 7.489488235307361, "p_ex": 10.0, "prior": 7.607314019174662, "rate": 10.0}, "datetime": {"datetime": "2024-03-29 14:18:25", "elapsed": 13714.537083, "delta": 30.948015}}
{"target": -52.497085955789636, "params": {"p_ai": 10.0, "p_al": 10.0, "p_ex": 7.503192335633842, "prior": 6.133341942698539, "rate": 10.0}, "datetime": {"datetime": "2024-03-29 14:18:46", "elapsed": 13735.546054, "delta": 21.008971}}
{"target": -76.551395039703, "params": {"p_ai": 10.0, "p_al": 10.0, "p_ex": 1.4385163461266621, "prior": 3.3886712666236742, "rate": 10.0}, "datetime": {"datetime": "2024-03-29 14:19:36", "elapsed": 13785.622643, "delta": 50.076589}}
