{"target": -532.86698745645, "params": {"gamma": 5.336999796367143, "lr": 0.31446701118584963}, "datetime": {"datetime": "2024-04-04 21:00:52", "elapsed": 0.633825, "delta": 0.002732}}
{"target": -1003.8877814351086, "params": {"gamma": 9.1078175389072, "lr": 0.36655664385123443}, "datetime": {"datetime": "2024-04-04 21:00:52", "elapsed": 0.636589, "delta": 0.002764}}
{"target": -693.3211509993997, "params": {"gamma": 4.336489680404373, "lr": 0.5122926922783614}, "datetime": {"datetime": "2024-04-04 21:00:52", "elapsed": 0.639277, "delta": 0.002688}}
{"target": -4868.485155500181, "params": {"gamma": 9.388925887219763, "lr": 0.030949006271150714}, "datetime": {"datetime": "2024-04-04 21:00:52", "elapsed": 0.642032, "delta": 0.002755}}
{"target": -1840.7487014302978, "params": {"gamma": 7.1690697576532605, "lr": 0.8910189542923389}, "datetime": {"datetime": "2024-04-04 21:00:52", "elapsed": 0.645004, "delta": 0.002972}}
{"target": -138.2804843794605, "params": {"gamma": 0.2738449479511707, "lr": 0.5220512472525107}, "datetime": {"datetime": "2024-04-04 21:00:52", "elapsed": 0.647994, "delta": 0.00299}}
{"target": -836.2338124639767, "params": {"gamma": 3.2605721278884827, "lr": 0.8594893208655858}, "datetime": {"datetime": "2024-04-04 21:00:52", "elapsed": 0.650748, "delta": 0.002754}}
{"target": -1099.41278257942, "params": {"gamma": 5.585606992674257, "lr": 0.6902278681627478}, "datetime": {"datetime": "2024-04-04 21:00:52", "elapsed": 0.653502, "delta": 0.002754}}
{"target": -802.8725388908432, "params": {"gamma": 4.529082146015424, "lr": 0.6283090375213571}, "datetime": {"datetime": "2024-04-04 21:00:52", "elapsed": 0.656255, "delta": 0.002753}}
{"target": -1513.4900145345293, "params": {"gamma": 2.901678420022571, "lr": 0.009348577966515781}, "datetime": {"datetime": "2024-04-04 21:00:52", "elapsed": 0.658932, "delta": 0.002677}}
{"target": -573.5928530254781, "params": {"gamma": 5.767982593935921, "lr": 0.3114442141324628}, "datetime": {"datetime": "2024-04-04 21:00:52", "elapsed": 0.661713, "delta": 0.002781}}
{"target": -1346.9879994683336, "params": {"gamma": 5.1731587174127975, "lr": 0.9164058530538978}, "datetime": {"datetime": "2024-04-04 21:00:52", "elapsed": 0.664515, "delta": 0.002802}}
{"target": -378.6955335347363, "params": {"gamma": 4.265321410225459, "lr": 0.2473960366023854}, "datetime": {"datetime": "2024-04-04 21:00:52", "elapsed": 0.667396, "delta": 0.002881}}
{"target": -982.4846116857583, "params": {"gamma": 3.7135663190292654, "lr": 0.9318611166365406}, "datetime": {"datetime": "2024-04-04 21:00:52", "elapsed": 0.670157, "delta": 0.002761}}
{"target": -2229.629762334578, "params": {"gamma": 9.368746944709628, "lr": 0.8443299485657132}, "datetime": {"datetime": "2024-04-04 21:00:52", "elapsed": 0.672951, "delta": 0.002794}}
{"target": -781.7048999343091, "params": {"gamma": 9.202144936542298, "lr": 0.22790028995131695}, "datetime": {"datetime": "2024-04-04 21:00:52", "elapsed": 0.675828, "delta": 0.002877}}
{"target": -138.458599520676, "params": {"gamma": 0.8757346133263552, "lr": 0.22730973628468876}, "datetime": {"datetime": "2024-04-04 21:00:52", "elapsed": 0.678803, "delta": 0.002975}}
{"target": -492.13027253774925, "params": {"gamma": 3.1444517845243904, "lr": 0.17476587635631158}, "datetime": {"datetime": "2024-04-04 21:00:52", "elapsed": 0.681742, "delta": 0.002939}}
{"target": -810.0092574388888, "params": {"gamma": 6.071334525562633, "lr": 0.41358641500116133}, "datetime": {"datetime": "2024-04-04 21:00:52", "elapsed": 0.684538, "delta": 0.002796}}
{"target": -1154.4266257199095, "params": {"gamma": 8.163698766760314, "lr": 0.18513039826903066}, "datetime": {"datetime": "2024-04-04 21:00:52", "elapsed": 0.687446, "delta": 0.002908}}
{"target": -602.917689023193, "params": {"gamma": 7.019063421033349, "lr": 0.24035562484913886}, "datetime": {"datetime": "2024-04-04 21:00:52", "elapsed": 0.690198, "delta": 0.002752}}
{"target": -646.884579662292, "params": {"gamma": 5.742616669319757, "lr": 0.34898759722078887}, "datetime": {"datetime": "2024-04-04 21:00:52", "elapsed": 0.69299, "delta": 0.002792}}
{"target": -131.12117135797692, "params": {"gamma": 0.5705870304288444, "lr": 0.22881367096037586}, "datetime": {"datetime": "2024-04-04 21:00:52", "elapsed": 0.695743, "delta": 0.002753}}
{"target": -964.2855640255706, "params": {"gamma": 6.641361450992581, "lr": 0.4972500933605313}, "datetime": {"datetime": "2024-04-04 21:00:52", "elapsed": 0.698565, "delta": 0.002822}}
{"target": -787.5187983532699, "params": {"gamma": 5.190640824752714, "lr": 0.1747201501089225}, "datetime": {"datetime": "2024-04-04 21:00:52", "elapsed": 0.70132, "delta": 0.002755}}
{"target": -1501.8413228921288, "params": {"gamma": 5.7075877996110185, "lr": 0.99675342520821}, "datetime": {"datetime": "2024-04-04 21:00:52", "elapsed": 0.70408, "delta": 0.00276}}
{"target": -1362.5904801782253, "params": {"gamma": 8.168534252807428, "lr": 0.5943726238309778}, "datetime": {"datetime": "2024-04-04 21:00:52", "elapsed": 0.706921, "delta": 0.002841}}
{"target": -2501.2944146438485, "params": {"gamma": 9.759914694240718, "lr": 0.9015625846693213}, "datetime": {"datetime": "2024-04-04 21:00:52", "elapsed": 0.709772, "delta": 0.002851}}
{"target": -3092.322228142769, "params": {"gamma": 5.956483728092853, "lr": 0.032426325314457105}, "datetime": {"datetime": "2024-04-04 21:00:52", "elapsed": 0.712777, "delta": 0.003005}}
{"target": -515.0241181834274, "params": {"gamma": 0.93667738107899, "lr": 0.06537171504222639}, "datetime": {"datetime": "2024-04-04 21:00:52", "elapsed": 0.715816, "delta": 0.003039}}
{"target": -528.3385384050467, "params": {"gamma": 4.517879753766062, "lr": 0.37543483316785775}, "datetime": {"datetime": "2024-04-04 21:00:52", "elapsed": 0.718489, "delta": 0.002673}}
{"target": -1451.0336191703057, "params": {"gamma": 9.753524992668595, "lr": 0.1679832931996149}, "datetime": {"datetime": "2024-04-04 21:00:52", "elapsed": 0.721257, "delta": 0.002768}}
{"target": -2211.023356241667, "params": {"gamma": 9.72790313173462, "lr": 0.7674748688630131}, "datetime": {"datetime": "2024-04-04 21:00:52", "elapsed": 0.724055, "delta": 0.002798}}
{"target": -1442.7094020815216, "params": {"gamma": 8.242554158405353, "lr": 0.6326158167779973}, "datetime": {"datetime": "2024-04-04 21:00:52", "elapsed": 0.726851, "delta": 0.002796}}
{"target": -970.8489769153869, "params": {"gamma": 6.6876589692971145, "lr": 0.47688233352119336}, "datetime": {"datetime": "2024-04-04 21:00:52", "elapsed": 0.72953, "delta": 0.002679}}
{"target": -137.88035013178384, "params": {"gamma": 0.13235043287379938, "lr": 0.3530060855418248}, "datetime": {"datetime": "2024-04-04 21:00:52", "elapsed": 0.732205, "delta": 0.002675}}
{"target": -1002.8007596329152, "params": {"gamma": 4.9212259431340915, "lr": 0.7300912110901043}, "datetime": {"datetime": "2024-04-04 21:00:52", "elapsed": 0.734891, "delta": 0.002686}}
{"target": -687.6869024035416, "params": {"gamma": 4.686814799118347, "lr": 0.4574049160894317}, "datetime": {"datetime": "2024-04-04 21:00:52", "elapsed": 0.737724, "delta": 0.002833}}
{"target": -733.926444431858, "params": {"gamma": 1.377489746715086, "lr": 0.01088873380347899}, "datetime": {"datetime": "2024-04-04 21:00:52", "elapsed": 0.740452, "delta": 0.002728}}
{"target": -745.5725068757591, "params": {"gamma": 7.583024326509486, "lr": 0.3199528380776784}, "datetime": {"datetime": "2024-04-04 21:00:52", "elapsed": 0.743408, "delta": 0.002956}}
{"target": -906.0103720857605, "params": {"gamma": 9.843850118484914, "lr": 0.220234226159156}, "datetime": {"datetime": "2024-04-04 21:00:52", "elapsed": 0.746382, "delta": 0.002974}}
{"target": -548.4321067896776, "params": {"gamma": 3.387741546791315, "lr": 0.5238961356661317}, "datetime": {"datetime": "2024-04-04 21:00:52", "elapsed": 0.749188, "delta": 0.002806}}
{"target": -1093.027303089796, "params": {"gamma": 7.549159679148268, "lr": 0.46385778390029564}, "datetime": {"datetime": "2024-04-04 21:00:52", "elapsed": 0.751974, "delta": 0.002786}}
{"target": -168.26042321443444, "params": {"gamma": 1.2491006085736511, "lr": 0.3125013784920495}, "datetime": {"datetime": "2024-04-04 21:00:52", "elapsed": 0.754693, "delta": 0.002719}}
{"target": -994.8929943620782, "params": {"gamma": 5.045687177840246, "lr": 0.6738490080168676}, "datetime": {"datetime": "2024-04-04 21:00:52", "elapsed": 0.757468, "delta": 0.002775}}
{"target": -1897.2198252373946, "params": {"gamma": 7.70172941316461, "lr": 0.13033578095435427}, "datetime": {"datetime": "2024-04-04 21:00:52", "elapsed": 0.760168, "delta": 0.0027}}
{"target": -137.69006943297887, "params": {"gamma": 0.23012839809249527, "lr": 0.5190823222119895}, "datetime": {"datetime": "2024-04-04 21:00:52", "elapsed": 0.762973, "delta": 0.002805}}
{"target": -4201.521562759357, "params": {"gamma": 8.1000771179135, "lr": 0.012603767029876312}, "datetime": {"datetime": "2024-04-04 21:00:52", "elapsed": 0.765768, "delta": 0.002795}}
{"target": -1320.1872665884066, "params": {"gamma": 6.725025976692686, "lr": 0.6868082266569918}, "datetime": {"datetime": "2024-04-04 21:00:52", "elapsed": 0.768535, "delta": 0.002767}}
{"target": -1171.8165290784139, "params": {"gamma": 4.49301828911279, "lr": 0.9147886867419343}, "datetime": {"datetime": "2024-04-04 21:00:52", "elapsed": 0.771211, "delta": 0.002676}}
{"target": -3344.549950242515, "params": {"gamma": 6.443966486485173, "lr": 0.005239837651465851}, "datetime": {"datetime": "2024-04-04 21:00:52", "elapsed": 0.77396, "delta": 0.002749}}
{"target": -1234.0303156523653, "params": {"gamma": 4.844800026698242, "lr": 0.8593178060976}, "datetime": {"datetime": "2024-04-04 21:00:52", "elapsed": 0.776865, "delta": 0.002905}}
{"target": -1469.9431177429728, "params": {"gamma": 8.304165300803357, "lr": 0.6491541971124779}, "datetime": {"datetime": "2024-04-04 21:00:52", "elapsed": 0.77994, "delta": 0.003075}}
{"target": -1127.9710950447054, "params": {"gamma": 6.737310540562419, "lr": 0.5784995797892005}, "datetime": {"datetime": "2024-04-04 21:00:52", "elapsed": 0.782724, "delta": 0.002784}}
{"target": -464.1928790422443, "params": {"gamma": 2.741923631893355, "lr": 0.5605299905360588}, "datetime": {"datetime": "2024-04-04 21:00:52", "elapsed": 0.785483, "delta": 0.002759}}
{"target": -752.7994187897095, "params": {"gamma": 6.717626118389386, "lr": 0.35242963021640883}, "datetime": {"datetime": "2024-04-04 21:00:52", "elapsed": 0.788317, "delta": 0.002834}}
{"target": -1208.6935000867682, "params": {"gamma": 8.558427844172023, "lr": 0.1950374860087073}, "datetime": {"datetime": "2024-04-04 21:00:52", "elapsed": 0.791074, "delta": 0.002757}}
{"target": -735.1787496331068, "params": {"gamma": 7.473460782508901, "lr": 0.2896027461868774}, "datetime": {"datetime": "2024-04-04 21:00:52", "elapsed": 0.793825, "delta": 0.002751}}
{"target": -1026.3193059784032, "params": {"gamma": 7.738219073154577, "lr": 0.4277373293360762}, "datetime": {"datetime": "2024-04-04 21:00:52", "elapsed": 0.796623, "delta": 0.002798}}
{"target": -900.7402201286429, "params": {"gamma": 8.077176392712982, "lr": 0.3535348626679904}, "datetime": {"datetime": "2024-04-04 21:00:52", "elapsed": 0.799389, "delta": 0.002766}}
{"target": -501.84909581719023, "params": {"gamma": 2.137718683058182, "lr": 0.7672845084217665}, "datetime": {"datetime": "2024-04-04 21:00:52", "elapsed": 0.802107, "delta": 0.002718}}
{"target": -637.3151295443862, "params": {"gamma": 3.0871108343588807, "lr": 0.7332450677264275}, "datetime": {"datetime": "2024-04-04 21:00:52", "elapsed": 0.804893, "delta": 0.002786}}
{"target": -691.4133004751815, "params": {"gamma": 7.444987057624244, "lr": 0.22139670090820107}, "datetime": {"datetime": "2024-04-04 21:00:52", "elapsed": 0.807713, "delta": 0.00282}}
{"target": -333.99336757490335, "params": {"gamma": 2.141907256069664, "lr": 0.1989479234270667}, "datetime": {"datetime": "2024-04-04 21:00:52", "elapsed": 0.810775, "delta": 0.003062}}
{"target": -197.6252401175771, "params": {"gamma": 1.4260408593206808, "lr": 0.3770825992073341}, "datetime": {"datetime": "2024-04-04 21:00:52", "elapsed": 0.813726, "delta": 0.002951}}
{"target": -190.23445935301126, "params": {"gamma": 0.26725221903152313, "lr": 0.11092036903424063}, "datetime": {"datetime": "2024-04-04 21:00:52", "elapsed": 0.816653, "delta": 0.002927}}
{"target": -1550.0759603531264, "params": {"gamma": 6.745965673610343, "lr": 0.7997765368973863}, "datetime": {"datetime": "2024-04-04 21:00:52", "elapsed": 0.819432, "delta": 0.002779}}
{"target": -136.14335259338057, "params": {"gamma": 0.8062147417567307, "lr": 0.23170231048579204}, "datetime": {"datetime": "2024-04-04 21:00:52", "elapsed": 0.822208, "delta": 0.002776}}
{"target": -559.6174801385457, "params": {"gamma": 2.0770489923763398, "lr": 0.9173335630816306}, "datetime": {"datetime": "2024-04-04 21:00:52", "elapsed": 0.824898, "delta": 0.00269}}
{"target": -1119.9561701568978, "params": {"gamma": 7.113433866846732, "lr": 0.5538846110514143}, "datetime": {"datetime": "2024-04-04 21:00:52", "elapsed": 0.827602, "delta": 0.002704}}
{"target": -737.1096346699409, "params": {"gamma": 3.0458753612182816, "lr": 0.8348540476317985}, "datetime": {"datetime": "2024-04-04 21:00:52", "elapsed": 0.830296, "delta": 0.002694}}
{"target": -1148.998581457602, "params": {"gamma": 4.353624270337571, "lr": 0.9234562151187752}, "datetime": {"datetime": "2024-04-04 21:00:52", "elapsed": 0.833058, "delta": 0.002762}}
{"target": -1023.7597646740346, "params": {"gamma": 7.0608119915549965, "lr": 0.47803130796528337}, "datetime": {"datetime": "2024-04-04 21:00:52", "elapsed": 0.83578, "delta": 0.002722}}
{"target": -354.9569712446615, "params": {"gamma": 1.2629748273898376, "lr": 0.9760435504677476}, "datetime": {"datetime": "2024-04-04 21:00:52", "elapsed": 0.838565, "delta": 0.002785}}
{"target": -184.54069467866546, "params": {"gamma": 1.5991766697905894, "lr": 0.2026021252196626}, "datetime": {"datetime": "2024-04-04 21:00:52", "elapsed": 0.841369, "delta": 0.002804}}
{"target": -582.6100550197592, "params": {"gamma": 4.312386369848549, "lr": 0.40420190577514725}, "datetime": {"datetime": "2024-04-04 21:00:52", "elapsed": 0.84441, "delta": 0.003041}}
{"target": -322.4456610273475, "params": {"gamma": 1.4683680561621768, "lr": 0.7293189193611234}, "datetime": {"datetime": "2024-04-04 21:00:52", "elapsed": 0.847366, "delta": 0.002956}}
{"target": -358.0691520765069, "params": {"gamma": 1.8882619237049822, "lr": 0.6438956443116628}, "datetime": {"datetime": "2024-04-04 21:00:52", "elapsed": 0.85016, "delta": 0.002794}}
{"target": -700.2046675021326, "params": {"gamma": 7.543305199812411, "lr": 0.21073239208332073}, "datetime": {"datetime": "2024-04-04 21:00:52", "elapsed": 0.852912, "delta": 0.002752}}
{"target": -1220.672215343639, "params": {"gamma": 6.0099415268282925, "lr": 0.7489283752458364}, "datetime": {"datetime": "2024-04-04 21:00:52", "elapsed": 0.855617, "delta": 0.002705}}
{"target": -1069.8342709950555, "params": {"gamma": 6.382548887492715, "lr": 0.5971273029466491}, "datetime": {"datetime": "2024-04-04 21:00:52", "elapsed": 0.858329, "delta": 0.002712}}
{"target": -611.2688339240145, "params": {"gamma": 2.955527374269315, "lr": 0.7316064712415088}, "datetime": {"datetime": "2024-04-04 21:00:52", "elapsed": 0.861021, "delta": 0.002692}}
{"target": -1249.1103501942537, "params": {"gamma": 9.453139091559498, "lr": 0.42556139026154693}, "datetime": {"datetime": "2024-04-04 21:00:52", "elapsed": 0.863747, "delta": 0.002726}}
{"target": -4057.6411375934017, "params": {"gamma": 7.822035986497222, "lr": 0.056141039661915304}, "datetime": {"datetime": "2024-04-04 21:00:52", "elapsed": 0.866497, "delta": 0.00275}}
{"target": -1180.434797372286, "params": {"gamma": 8.35288075329717, "lr": 0.1922500168221477}, "datetime": {"datetime": "2024-04-04 21:00:52", "elapsed": 0.86933, "delta": 0.002833}}
{"target": -402.7120196529814, "params": {"gamma": 3.951573592030842, "lr": 0.30008104592535645}, "datetime": {"datetime": "2024-04-04 21:00:52", "elapsed": 0.872102, "delta": 0.002772}}
{"target": -241.96425688418302, "params": {"gamma": 0.8019563344166869, "lr": 0.9046310029362429}, "datetime": {"datetime": "2024-04-04 21:00:52", "elapsed": 0.874828, "delta": 0.002726}}
{"target": -596.3402444936138, "params": {"gamma": 3.702171621359829, "lr": 0.5306974384761395}, "datetime": {"datetime": "2024-04-04 21:00:52", "elapsed": 0.877873, "delta": 0.003045}}
{"target": -1227.0598336068733, "params": {"gamma": 4.941668542697355, "lr": 0.13216114194293815}, "datetime": {"datetime": "2024-04-04 21:00:52", "elapsed": 0.880863, "delta": 0.00299}}
{"target": -1083.651180129006, "params": {"gamma": 2.0653341348354406, "lr": 0.07618880903232117}, "datetime": {"datetime": "2024-04-04 21:00:52", "elapsed": 0.883577, "delta": 0.002714}}
{"target": -531.2972031406356, "params": {"gamma": 5.07970907775293, "lr": 0.2615495518329871}, "datetime": {"datetime": "2024-04-04 21:00:52", "elapsed": 0.886328, "delta": 0.002751}}
{"target": -1350.408984521781, "params": {"gamma": 3.5712590272190368, "lr": 0.10806532869723684}, "datetime": {"datetime": "2024-04-04 21:00:52", "elapsed": 0.889053, "delta": 0.002725}}
{"target": -2958.7318065404734, "params": {"gamma": 7.87573084468542, "lr": 0.1065838767888011}, "datetime": {"datetime": "2024-04-04 21:00:52", "elapsed": 0.891851, "delta": 0.002798}}
{"target": -1466.103437193539, "params": {"gamma": 9.857102528308165, "lr": 0.17716116443841734}, "datetime": {"datetime": "2024-04-04 21:00:52", "elapsed": 0.894554, "delta": 0.002703}}
{"target": -2972.288667754532, "params": {"gamma": 5.724478719234059, "lr": 0.044845334589088126}, "datetime": {"datetime": "2024-04-04 21:00:52", "elapsed": 0.897272, "delta": 0.002718}}
{"target": -1114.2404441598007, "params": {"gamma": 7.871375780268687, "lr": 0.18960594781829654}, "datetime": {"datetime": "2024-04-04 21:00:52", "elapsed": 0.900053, "delta": 0.002781}}
{"target": -1074.4638807194005, "params": {"gamma": 5.279511880102859, "lr": 0.7400775431590716}, "datetime": {"datetime": "2024-04-04 21:00:52", "elapsed": 0.902798, "delta": 0.002745}}
{"target": -268.3879522725695, "params": {"gamma": 1.5001649176876422, "lr": 0.5510871741869717}, "datetime": {"datetime": "2024-04-04 21:00:52", "elapsed": 0.905548, "delta": 0.00275}}
{"target": -508.2866626683115, "params": {"gamma": 2.1669554660794654, "lr": 0.7591960493171447}, "datetime": {"datetime": "2024-04-04 21:00:52", "elapsed": 0.908428, "delta": 0.00288}}
{"target": -1083.8353340198382, "params": {"gamma": 7.229429020368581, "lr": 0.17654903427708302}, "datetime": {"datetime": "2024-04-04 21:00:52", "elapsed": 0.911471, "delta": 0.003043}}
{"target": -4470.471911916997, "params": {"gamma": 8.619803610113067, "lr": 0.019775099516344263}, "datetime": {"datetime": "2024-04-04 21:00:52", "elapsed": 0.914511, "delta": 0.00304}}
{"target": -1392.1596828143859, "params": {"gamma": 8.60250973723373, "lr": 0.5589038111609383}, "datetime": {"datetime": "2024-04-04 21:00:52", "elapsed": 0.917311, "delta": 0.0028}}
{"target": -925.1705613787553, "params": {"gamma": 4.032801500586387, "lr": 0.7587469310223366}, "datetime": {"datetime": "2024-04-04 21:00:52", "elapsed": 0.920243, "delta": 0.002932}}
{"target": -1883.201318079765, "params": {"gamma": 7.169573087923007, "lr": 0.9873261748084265}, "datetime": {"datetime": "2024-04-04 21:00:52", "elapsed": 0.923114, "delta": 0.002871}}
{"target": -1451.6105003112093, "params": {"gamma": 2.7815724010812146, "lr": 0.0037936724093425855}, "datetime": {"datetime": "2024-04-04 21:00:52", "elapsed": 0.925847, "delta": 0.002733}}
{"target": -2365.9771830943096, "params": {"gamma": 9.339092180540563, "lr": 0.8578971045378938}, "datetime": {"datetime": "2024-04-04 21:00:52", "elapsed": 0.928794, "delta": 0.002947}}
{"target": -1146.9375812206888, "params": {"gamma": 7.28877992431504, "lr": 0.5166887829215384}, "datetime": {"datetime": "2024-04-04 21:00:52", "elapsed": 0.931665, "delta": 0.002871}}
{"target": -1623.8858732395365, "params": {"gamma": 7.069855496242362, "lr": 0.7805295568767427}, "datetime": {"datetime": "2024-04-04 21:00:53", "elapsed": 0.934449, "delta": 0.002784}}
{"target": -861.4269894414123, "params": {"gamma": 3.749384559425057, "lr": 0.7703225253299576}, "datetime": {"datetime": "2024-04-04 21:00:53", "elapsed": 0.937314, "delta": 0.002865}}
{"target": -1257.1101621536268, "params": {"gamma": 7.506492567432579, "lr": 0.6132112115442597}, "datetime": {"datetime": "2024-04-04 21:00:53", "elapsed": 0.940216, "delta": 0.002902}}
{"target": -796.5417560169842, "params": {"gamma": 4.019257373754407, "lr": 0.6973080192643409}, "datetime": {"datetime": "2024-04-04 21:00:53", "elapsed": 0.943098, "delta": 0.002882}}
{"target": -143.73065324866704, "params": {"gamma": 0.032125465394095866, "lr": 0.7748966467245978}, "datetime": {"datetime": "2024-04-04 21:00:53", "elapsed": 0.946107, "delta": 0.003009}}
{"target": -762.2121238228109, "params": {"gamma": 8.964269607966013, "lr": 0.23931570743750463}, "datetime": {"datetime": "2024-04-04 21:00:53", "elapsed": 0.949037, "delta": 0.00293}}
{"target": -158.3256543464016, "params": {"gamma": 1.208551075907988, "lr": 0.2202839877937276}, "datetime": {"datetime": "2024-04-04 21:00:53", "elapsed": 0.951967, "delta": 0.00293}}
{"target": -791.0348147015025, "params": {"gamma": 3.021665216169693, "lr": 0.8830285085638342}, "datetime": {"datetime": "2024-04-04 21:00:53", "elapsed": 0.954694, "delta": 0.002727}}
{"target": -541.8494832255909, "params": {"gamma": 5.432121135950708, "lr": 0.2867116496064306}, "datetime": {"datetime": "2024-04-04 21:00:53", "elapsed": 0.957554, "delta": 0.00286}}
{"target": -177.84920990664858, "params": {"gamma": 1.3844085432396722, "lr": 0.29014446310454167}, "datetime": {"datetime": "2024-04-04 21:00:53", "elapsed": 0.960453, "delta": 0.002899}}
