{"target": -212.03127005834457, "params": {"gamma": 2.0602833269377197, "lr": 0.45824276483627224}, "datetime": {"datetime": "2024-03-30 18:48:57", "elapsed": 1775.033053, "delta": 4.135618}}
{"target": -2102.1968879060296, "params": {"gamma": 9.268006357410464, "lr": 0.17855850321543354}, "datetime": {"datetime": "2024-03-30 18:49:00", "elapsed": 1778.421927, "delta": 3.388874}}
{"target": -148.92742763334618, "params": {"gamma": 1.2570823729353113, "lr": 0.3841970771694734}, "datetime": {"datetime": "2024-03-30 18:49:11", "elapsed": 1789.797838, "delta": 11.375911}}
{"target": -194.23225432908703, "params": {"gamma": 2.0115397255540666, "lr": 0.6281692954047884}, "datetime": {"datetime": "2024-03-30 18:49:17", "elapsed": 1795.489619, "delta": 5.691781}}
{"target": -73.7301024433933, "params": {"gamma": 0.4695985939447085, "lr": 0.7555401201756886}, "datetime": {"datetime": "2024-03-30 18:49:27", "elapsed": 1804.989171, "delta": 9.499552}}
{"target": -246.13496028591268, "params": {"gamma": 2.5860134197315694, "lr": 0.7964353122652855}, "datetime": {"datetime": "2024-03-30 18:49:30", "elapsed": 1808.227418, "delta": 3.238247}}
{"target": -255.0179837203512, "params": {"gamma": 2.6808536358066535, "lr": 0.6196915964207871}, "datetime": {"datetime": "2024-03-30 18:49:37", "elapsed": 1815.356701, "delta": 7.129283}}
{"target": -412.6662134498073, "params": {"gamma": 3.7449591556871726, "lr": 0.37519100591614807}, "datetime": {"datetime": "2024-03-30 18:49:45", "elapsed": 1823.935032, "delta": 8.578331}}
{"target": -312.1665176466457, "params": {"gamma": 3.289530502015315, "lr": 0.9996570517707613}, "datetime": {"datetime": "2024-03-30 18:49:50", "elapsed": 1828.874533, "delta": 4.939501}}
{"target": -853.0787967192826, "params": {"gamma": 9.113251689010701, "lr": 0.6630496211295096}, "datetime": {"datetime": "2024-03-30 18:49:54", "elapsed": 1832.332246, "delta": 3.457713}}
{"target": -138.34107879235697, "params": {"gamma": 0.8625576120210796, "lr": 0.3081536165360106}, "datetime": {"datetime": "2024-03-30 18:50:04", "elapsed": 1842.543186, "delta": 10.21094}}
{"target": -420.2004237177404, "params": {"gamma": 4.333578702813163, "lr": 0.6892638798634113}, "datetime": {"datetime": "2024-03-30 18:50:11", "elapsed": 1849.413433, "delta": 6.870247}}
{"target": -156.9368201614323, "params": {"gamma": 1.0670247919435514, "lr": 0.3195475072791858}, "datetime": {"datetime": "2024-03-30 18:50:16", "elapsed": 1854.857229, "delta": 5.443796}}
{"target": -242.0031450906482, "params": {"gamma": 2.1638780133161593, "lr": 0.3342126929350053}, "datetime": {"datetime": "2024-03-30 18:50:25", "elapsed": 1863.187641, "delta": 8.330412}}
{"target": -119.18179557909883, "params": {"gamma": 1.1667256129599248, "lr": 0.6255503850621696}, "datetime": {"datetime": "2024-03-30 18:50:31", "elapsed": 1869.557279, "delta": 6.369638}}
{"target": -501.3006511169902, "params": {"gamma": 4.559740643724835, "lr": 0.37056414953567096}, "datetime": {"datetime": "2024-03-30 18:50:35", "elapsed": 1873.032469, "delta": 3.47519}}
{"target": -91.67435151797953, "params": {"gamma": 0.5283121227789919, "lr": 0.4774588709817208}, "datetime": {"datetime": "2024-03-30 18:50:41", "elapsed": 1879.345035, "delta": 6.312566}}
{"target": -84.53570819959722, "params": {"gamma": 0.24045063918430942, "lr": 0.7049431996396279}, "datetime": {"datetime": "2024-03-30 18:50:49", "elapsed": 1887.445689, "delta": 8.100654}}
{"target": -82.00105049688572, "params": {"gamma": 0.6485515964669858, "lr": 0.5191892009257784}, "datetime": {"datetime": "2024-03-30 18:50:54", "elapsed": 1892.582598, "delta": 5.136909}}
{"target": -80.15964676997, "params": {"gamma": 0.34780811738775136, "lr": 0.5655866368037081}, "datetime": {"datetime": "2024-03-30 18:51:05", "elapsed": 1903.961091, "delta": 11.378493}}
{"target": -130.92301255294734, "params": {"gamma": 1.2750258420900071, "lr": 0.7186771110908312}, "datetime": {"datetime": "2024-03-30 18:51:14", "elapsed": 1912.436026, "delta": 8.474935}}
{"target": -277.15966896448117, "params": {"gamma": 2.725907499652664, "lr": 0.4695075453046038}, "datetime": {"datetime": "2024-03-30 18:51:27", "elapsed": 1925.848343, "delta": 13.412317}}
{"target": -95.75235699249352, "params": {"gamma": 0.8815276665486912, "lr": 0.7322593341351211}, "datetime": {"datetime": "2024-03-30 18:51:40", "elapsed": 1938.110613, "delta": 12.26227}}
{"target": -130.2669928864088, "params": {"gamma": 1.305273675011359, "lr": 0.5280690208021027}, "datetime": {"datetime": "2024-03-30 18:51:49", "elapsed": 1947.067034, "delta": 8.956421}}
{"target": -77.98531521639572, "params": {"gamma": 0.33582864763935827, "lr": 0.8766107589322949}, "datetime": {"datetime": "2024-03-30 18:51:59", "elapsed": 1957.20165, "delta": 10.134616}}
{"target": -75.86123614272564, "params": {"gamma": 0.5675699569492657, "lr": 0.7984478253618674}, "datetime": {"datetime": "2024-03-30 18:52:06", "elapsed": 1964.460294, "delta": 7.258644}}
{"target": -165.79214198639696, "params": {"gamma": 1.6946397089624048, "lr": 0.999875357935654}, "datetime": {"datetime": "2024-03-30 18:52:14", "elapsed": 1972.605863, "delta": 8.145569}}
{"target": -79.25258840900342, "params": {"gamma": 0.3079739704069541, "lr": 0.9915316329281834}, "datetime": {"datetime": "2024-03-30 18:52:22", "elapsed": 1980.082665, "delta": 7.476802}}
{"target": -119.32479187929239, "params": {"gamma": 0.6158343610879079, "lr": 0.32282122186369266}, "datetime": {"datetime": "2024-03-30 18:52:31", "elapsed": 1989.185448, "delta": 9.102783}}
{"target": -375.7663128723842, "params": {"gamma": 3.9929958480673364, "lr": 0.5636973258646522}, "datetime": {"datetime": "2024-03-30 18:52:34", "elapsed": 1992.749758, "delta": 3.56431}}
{"target": -94.88555211289538, "params": {"gamma": 0.31977357887045754, "lr": 0.4968069255434302}, "datetime": {"datetime": "2024-03-30 18:52:42", "elapsed": 2000.317469, "delta": 7.567711}}
{"target": -90.46863872845272, "params": {"gamma": 0.7990255706110985, "lr": 0.5386120404122218}, "datetime": {"datetime": "2024-03-30 18:52:49", "elapsed": 2007.061068, "delta": 6.743599}}
{"target": -420.55167683740456, "params": {"gamma": 3.5524002480705446, "lr": 0.29872377592872246}, "datetime": {"datetime": "2024-03-30 18:52:52", "elapsed": 2010.537649, "delta": 3.476581}}
{"target": -129.39233591397317, "params": {"gamma": 0.042069424127119906, "lr": 0.8593673370593303}, "datetime": {"datetime": "2024-03-30 18:53:00", "elapsed": 2018.794846, "delta": 8.257197}}
{"target": -102.74851987836576, "params": {"gamma": 0.9544759761268032, "lr": 0.6890112246939968}, "datetime": {"datetime": "2024-03-30 18:53:04", "elapsed": 2022.177822, "delta": 3.382976}}
{"target": -2228.572884486967, "params": {"gamma": 6.675728562512562, "lr": 0.14857064556648536}, "datetime": {"datetime": "2024-03-30 18:53:07", "elapsed": 2025.643564, "delta": 3.465742}}
{"target": -74.90515135559532, "params": {"gamma": 0.43038026075008673, "lr": 0.8545552968433492}, "datetime": {"datetime": "2024-03-30 18:53:14", "elapsed": 2032.31504, "delta": 6.671476}}
{"target": -103.94592265433386, "params": {"gamma": 0.9900364468432573, "lr": 0.8041291820937415}, "datetime": {"datetime": "2024-03-30 18:53:25", "elapsed": 2043.548384, "delta": 11.233344}}
{"target": -144.17461355646887, "params": {"gamma": 0.24532128934311065, "lr": 0.0}, "datetime": {"datetime": "2024-03-30 18:53:35", "elapsed": 2053.158738, "delta": 9.610354}}
{"target": -278.11832773927074, "params": {"gamma": 2.8956815400998006, "lr": 0.9077277430561254}, "datetime": {"datetime": "2024-03-30 18:53:38", "elapsed": 2056.926039, "delta": 3.767301}}
{"target": -287.52724629297234, "params": {"gamma": 3.0397037998324117, "lr": 0.5645784137266746}, "datetime": {"datetime": "2024-03-30 18:53:46", "elapsed": 2064.668052, "delta": 7.742013}}
{"target": -891.4839657291776, "params": {"gamma": 9.743200987411628, "lr": 1.0}, "datetime": {"datetime": "2024-03-30 18:53:53", "elapsed": 2071.168992, "delta": 6.50094}}
{"target": -138.00006438625635, "params": {"gamma": 1.357454018410185, "lr": 0.8698112002836882}, "datetime": {"datetime": "2024-03-30 18:54:01", "elapsed": 2079.546309, "delta": 8.377317}}
{"target": -81.48483524507732, "params": {"gamma": 0.6282481237099614, "lr": 0.6333059329886193}, "datetime": {"datetime": "2024-03-30 18:54:08", "elapsed": 2086.552166, "delta": 7.005857}}
{"target": -91.55667683045283, "params": {"gamma": 0.452459348292266, "lr": 0.42203878911584347}, "datetime": {"datetime": "2024-03-30 18:54:14", "elapsed": 2092.391027, "delta": 5.838861}}
{"target": -90.91394854492053, "params": {"gamma": 0.7986132635853013, "lr": 0.6587646298705331}, "datetime": {"datetime": "2024-03-30 18:54:28", "elapsed": 2106.163149, "delta": 13.772122}}
{"target": -87.62440727704373, "params": {"gamma": 0.7837558552739148, "lr": 0.7734000406825667}, "datetime": {"datetime": "2024-03-30 18:54:35", "elapsed": 2113.813168, "delta": 7.650019}}
{"target": -128.6893342193576, "params": {"gamma": 0.07767427821309623, "lr": 0.25586976539611167}, "datetime": {"datetime": "2024-03-30 18:54:45", "elapsed": 2123.268667, "delta": 9.455499}}
{"target": -776.5631277349712, "params": {"gamma": 2.161809292073743, "lr": 0.02879026979063337}, "datetime": {"datetime": "2024-03-30 18:54:51", "elapsed": 2129.120156, "delta": 5.851489}}
{"target": -743.2966782463172, "params": {"gamma": 2.0684764950637744, "lr": 0.0035021032807311947}, "datetime": {"datetime": "2024-03-30 18:55:01", "elapsed": 2139.02878, "delta": 9.908624}}
{"target": -164.33617354287483, "params": {"gamma": 1.697645769168977, "lr": 0.5773095339192967}, "datetime": {"datetime": "2024-03-30 18:55:12", "elapsed": 2150.725615, "delta": 11.696835}}
{"target": -199.8549990862058, "params": {"gamma": 2.073174221847101, "lr": 0.651327354396854}, "datetime": {"datetime": "2024-03-30 18:55:16", "elapsed": 2154.101295, "delta": 3.37568}}
{"target": -157.0059485066891, "params": {"gamma": 0.7207662396504021, "lr": 0.22657694221492583}, "datetime": {"datetime": "2024-03-30 18:55:24", "elapsed": 2162.167193, "delta": 8.065898}}
{"target": -127.55558869885664, "params": {"gamma": 0.05148316543649435, "lr": 0.5632627854135053}, "datetime": {"datetime": "2024-03-30 18:55:37", "elapsed": 2175.024795, "delta": 12.857602}}
{"target": -590.8455586501515, "params": {"gamma": 6.308184656014452, "lr": 0.5156804735884749}, "datetime": {"datetime": "2024-03-30 18:55:44", "elapsed": 2182.440391, "delta": 7.415596}}
{"target": -2403.514338934559, "params": {"gamma": 6.709820829920812, "lr": 0.07316171979025876}, "datetime": {"datetime": "2024-03-30 18:55:48", "elapsed": 2186.189198, "delta": 3.748807}}
{"target": -77.11418051286927, "params": {"gamma": 0.4717866324193147, "lr": 0.5985777243901023}, "datetime": {"datetime": "2024-03-30 18:56:03", "elapsed": 2201.025506, "delta": 14.836308}}
{"target": -380.0252630209426, "params": {"gamma": 3.981497342106241, "lr": 0.8359392714868344}, "datetime": {"datetime": "2024-03-30 18:56:06", "elapsed": 2204.788514, "delta": 3.763008}}
{"target": -123.48303591859145, "params": {"gamma": 1.2214728436950417, "lr": 0.9440199187958949}, "datetime": {"datetime": "2024-03-30 18:56:15", "elapsed": 2213.69195, "delta": 8.903436}}
{"target": -445.2525263722746, "params": {"gamma": 4.416116983609452, "lr": 0.44633825700573526}, "datetime": {"datetime": "2024-03-30 18:56:21", "elapsed": 2219.31755, "delta": 5.6256}}
{"target": -686.6266138564437, "params": {"gamma": 7.491961000242158, "lr": 1.0}, "datetime": {"datetime": "2024-03-30 18:56:30", "elapsed": 2228.260309, "delta": 8.942759}}
{"target": -191.44519197489467, "params": {"gamma": 1.6822410025217194, "lr": 0.3592611802532232}, "datetime": {"datetime": "2024-03-30 18:56:35", "elapsed": 2233.431053, "delta": 5.170744}}
{"target": -336.8324991844284, "params": {"gamma": 3.5568422730918496, "lr": 0.8232277439062079}, "datetime": {"datetime": "2024-03-30 18:56:45", "elapsed": 2243.777306, "delta": 10.346253}}
{"target": -123.42694699022513, "params": {"gamma": 1.0867936085690617, "lr": 0.4991000953860305}, "datetime": {"datetime": "2024-03-30 18:56:52", "elapsed": 2250.02936, "delta": 6.252054}}
{"target": -95.66240106109592, "params": {"gamma": 0.19395447894091278, "lr": 0.5575039729381995}, "datetime": {"datetime": "2024-03-30 18:56:58", "elapsed": 2256.838423, "delta": 6.809063}}
{"target": -101.28110785664519, "params": {"gamma": 0.7604077293081075, "lr": 0.4414718825762418}, "datetime": {"datetime": "2024-03-30 18:57:05", "elapsed": 2263.264278, "delta": 6.425855}}
{"target": -75.9167362524511, "params": {"gamma": 0.516997305223156, "lr": 0.8756668097730399}, "datetime": {"datetime": "2024-03-30 18:57:14", "elapsed": 2272.478114, "delta": 9.213836}}
{"target": -83.55067534521487, "params": {"gamma": 0.26055444944794875, "lr": 0.9314917574036921}, "datetime": {"datetime": "2024-03-30 18:57:31", "elapsed": 2289.651144, "delta": 17.17303}}
{"target": -75.1791508912715, "params": {"gamma": 0.3970202140105543, "lr": 0.8079260558296089}, "datetime": {"datetime": "2024-03-30 18:57:49", "elapsed": 2307.843918, "delta": 18.192774}}
{"target": -831.2005544945864, "params": {"gamma": 8.918497566017951, "lr": 0.7604201438315933}, "datetime": {"datetime": "2024-03-30 18:57:57", "elapsed": 2315.181644, "delta": 7.337726}}
{"target": -75.19078584113655, "params": {"gamma": 0.3893024215330372, "lr": 0.9678173839541797}, "datetime": {"datetime": "2024-03-30 18:58:04", "elapsed": 2322.289744, "delta": 7.1081}}
{"target": -76.28201728553108, "params": {"gamma": 0.5600954373359118, "lr": 0.7264651646678849}, "datetime": {"datetime": "2024-03-30 18:58:12", "elapsed": 2330.153931, "delta": 7.864187}}
{"target": -87.19438438839822, "params": {"gamma": 0.2581223833527467, "lr": 0.5622310720867477}, "datetime": {"datetime": "2024-03-30 18:58:22", "elapsed": 2340.424285, "delta": 10.270354}}
{"target": -87.85196561804904, "params": {"gamma": 0.759325223432702, "lr": 0.8658783033847012}, "datetime": {"datetime": "2024-03-30 18:58:33", "elapsed": 2351.004845, "delta": 10.58056}}
{"target": -328.9425410431286, "params": {"gamma": 3.4713614660737178, "lr": 0.9982235618284463}, "datetime": {"datetime": "2024-03-30 18:58:38", "elapsed": 2356.950796, "delta": 5.945951}}
{"target": -112.68716125092942, "params": {"gamma": 0.9458275284558999, "lr": 0.4667304644007304}, "datetime": {"datetime": "2024-03-30 18:58:54", "elapsed": 2372.339482, "delta": 15.388686}}
{"target": -171.3817232271683, "params": {"gamma": 1.7672754192617013, "lr": 0.7968248563721066}, "datetime": {"datetime": "2024-03-30 18:59:00", "elapsed": 2378.430424, "delta": 6.090942}}
{"target": -107.82415150998497, "params": {"gamma": 1.0407060835568682, "lr": 0.5977271037770314}, "datetime": {"datetime": "2024-03-30 18:59:05", "elapsed": 2383.174685, "delta": 4.744261}}
{"target": -78.5436113433908, "params": {"gamma": 0.6312380341103556, "lr": 0.7952436009013732}, "datetime": {"datetime": "2024-03-30 18:59:20", "elapsed": 2398.649604, "delta": 15.474919}}
{"target": -141.3677121631315, "params": {"gamma": 0.044785144565572275, "lr": 0.021942326835878486}, "datetime": {"datetime": "2024-03-30 18:59:29", "elapsed": 2407.95615, "delta": 9.306546}}
{"target": -358.3310956464948, "params": {"gamma": 3.684717280112574, "lr": 0.7014488460227156}, "datetime": {"datetime": "2024-03-30 18:59:41", "elapsed": 2419.148958, "delta": 11.192808}}
{"target": -195.28029398796565, "params": {"gamma": 1.4539937074915885, "lr": 0.32001645256558575}, "datetime": {"datetime": "2024-03-30 18:59:49", "elapsed": 2427.932101, "delta": 8.783143}}
{"target": -82.36284178506992, "params": {"gamma": 0.6916877315763135, "lr": 0.9964749993971918}, "datetime": {"datetime": "2024-03-30 19:00:04", "elapsed": 2442.155578, "delta": 14.223477}}
{"target": -73.86290373461905, "params": {"gamma": 0.42183977860659194, "lr": 0.7529606480826584}, "datetime": {"datetime": "2024-03-30 19:00:12", "elapsed": 2450.41662, "delta": 8.261042}}
{"target": -115.8177477951991, "params": {"gamma": 1.124466816239596, "lr": 0.8988248059774357}, "datetime": {"datetime": "2024-03-30 19:00:21", "elapsed": 2459.457435, "delta": 9.040815}}
{"target": -85.58601097975516, "params": {"gamma": 0.7168516363342592, "lr": 0.6013531319608149}, "datetime": {"datetime": "2024-03-30 19:00:29", "elapsed": 2467.416114, "delta": 7.958679}}
{"target": -98.95021481990841, "params": {"gamma": 0.26321047944771325, "lr": 0.39222804543124035}, "datetime": {"datetime": "2024-03-30 19:00:36", "elapsed": 2474.801092, "delta": 7.384978}}
{"target": -137.36030642109245, "params": {"gamma": 1.3787912228630408, "lr": 0.9628674380825074}, "datetime": {"datetime": "2024-03-30 19:00:45", "elapsed": 2483.886223, "delta": 9.085131}}
{"target": -96.64410759026862, "params": {"gamma": 0.8989931601598948, "lr": 0.9322289772283608}, "datetime": {"datetime": "2024-03-30 19:00:52", "elapsed": 2490.413418, "delta": 6.527195}}
{"target": -171.1617198572661, "params": {"gamma": 1.614610369625431, "lr": 0.40266110331100846}, "datetime": {"datetime": "2024-03-30 19:01:00", "elapsed": 2498.469431, "delta": 8.056013}}
{"target": -78.2610580282914, "params": {"gamma": 0.3975253350200852, "lr": 0.5529156142821448}, "datetime": {"datetime": "2024-03-30 19:01:16", "elapsed": 2514.346108, "delta": 15.876677}}
{"target": -233.03762969048879, "params": {"gamma": 2.430169192664132, "lr": 0.9998826497581994}, "datetime": {"datetime": "2024-03-30 19:01:26", "elapsed": 2524.891571, "delta": 10.545463}}
{"target": -474.2209975518705, "params": {"gamma": 2.045050956326779, "lr": 0.17220842245537615}, "datetime": {"datetime": "2024-03-30 19:01:43", "elapsed": 2541.224153, "delta": 16.332582}}
{"target": -90.43698839384005, "params": {"gamma": 0.860616932484057, "lr": 1.0}, "datetime": {"datetime": "2024-03-30 19:01:48", "elapsed": 2546.68395, "delta": 5.459797}}
{"target": -124.1073523978185, "params": {"gamma": 1.2159914375032672, "lr": 0.7386183978437623}, "datetime": {"datetime": "2024-03-30 19:02:06", "elapsed": 2564.157164, "delta": 17.473214}}
{"target": -270.0793559869484, "params": {"gamma": 2.8505515145651157, "lr": 0.501024323432193}, "datetime": {"datetime": "2024-03-30 19:02:13", "elapsed": 2571.072041, "delta": 6.914877}}
{"target": -108.31945848473143, "params": {"gamma": 0.11594156503374572, "lr": 0.9983062832156253}, "datetime": {"datetime": "2024-03-30 19:02:24", "elapsed": 2582.374919, "delta": 11.302878}}
{"target": -96.2568659288982, "params": {"gamma": 0.8813384071346642, "lr": 0.6020808251099675}, "datetime": {"datetime": "2024-03-30 19:02:34", "elapsed": 2592.129977, "delta": 9.755058}}
{"target": -93.48688609825074, "params": {"gamma": 0.5859717382146221, "lr": 0.4322392882001514}, "datetime": {"datetime": "2024-03-30 19:02:44", "elapsed": 2602.845284, "delta": 10.715307}}
{"target": -130.6401598125263, "params": {"gamma": 0.05226411793815991, "lr": 0.38433170010339324}, "datetime": {"datetime": "2024-03-30 19:02:58", "elapsed": 2616.927354, "delta": 14.08207}}
{"target": -252.7140505475349, "params": {"gamma": 1.923830676534959, "lr": 0.2786201502674941}, "datetime": {"datetime": "2024-03-30 19:03:15", "elapsed": 2633.205763, "delta": 16.278409}}
{"target": -83.5402483855767, "params": {"gamma": 0.26340425425883696, "lr": 0.8442616306258137}, "datetime": {"datetime": "2024-03-30 19:03:26", "elapsed": 2644.506482, "delta": 11.300719}}
{"target": -94.969804089167, "params": {"gamma": 0.5308590306253639, "lr": 0.3980835141381148}, "datetime": {"datetime": "2024-03-30 19:03:30", "elapsed": 2648.244554, "delta": 3.738072}}
{"target": -122.30975913236628, "params": {"gamma": 1.2171250408873675, "lr": 0.5715309166061189}, "datetime": {"datetime": "2024-03-30 19:03:36", "elapsed": 2654.946167, "delta": 6.701613}}
{"target": -152.93297341072898, "params": {"gamma": 1.5524897358198932, "lr": 0.9618811717876756}, "datetime": {"datetime": "2024-03-30 19:03:45", "elapsed": 2663.957058, "delta": 9.010891}}
{"target": -143.72643086731773, "params": {"gamma": 0.001, "lr": 1.0}, "datetime": {"datetime": "2024-03-30 19:04:00", "elapsed": 2678.899893, "delta": 14.942835}}
{"target": -107.77015051100044, "params": {"gamma": 0.12946401319077727, "lr": 0.5522124982543697}, "datetime": {"datetime": "2024-03-30 19:04:17", "elapsed": 2695.593292, "delta": 16.693399}}
{"target": -109.68244734983594, "params": {"gamma": 1.0361454672546977, "lr": 0.6746098545797333}, "datetime": {"datetime": "2024-03-30 19:04:25", "elapsed": 2703.221676, "delta": 7.628384}}
{"target": -109.2565459025144, "params": {"gamma": 0.3376717628012854, "lr": 0.2512399133338677}, "datetime": {"datetime": "2024-03-30 19:04:34", "elapsed": 2712.61714, "delta": 9.395464}}
{"target": -102.90311247508579, "params": {"gamma": 1.0190593054351715, "lr": 1.0}, "datetime": {"datetime": "2024-03-30 19:04:46", "elapsed": 2724.882, "delta": 12.26486}}
{"target": -94.45638325378427, "params": {"gamma": 0.8690525143852965, "lr": 0.8193284613577458}, "datetime": {"datetime": "2024-03-30 19:04:59", "elapsed": 2737.374091, "delta": 12.492091}}
{"target": -101.43504321149881, "params": {"gamma": 0.14057768038781257, "lr": 0.7124230752144259}, "datetime": {"datetime": "2024-03-30 19:05:12", "elapsed": 2750.639702, "delta": 13.265611}}
{"target": -74.2145038131315, "params": {"gamma": 0.4871599068326948, "lr": 0.6790815691254533}, "datetime": {"datetime": "2024-03-30 19:05:26", "elapsed": 2764.214368, "delta": 13.574666}}
{"target": -181.036351319585, "params": {"gamma": 1.917966951836736, "lr": 1.0}, "datetime": {"datetime": "2024-03-30 19:05:35", "elapsed": 2773.237878, "delta": 9.02351}}
{"target": -97.34324129257742, "params": {"gamma": 0.9499064909527963, "lr": 1.0}, "datetime": {"datetime": "2024-03-30 19:05:42", "elapsed": 2780.49182, "delta": 7.253942}}
{"target": -74.92453614149943, "params": {"gamma": 0.4110163943762855, "lr": 0.8898081033018445}, "datetime": {"datetime": "2024-03-30 19:05:58", "elapsed": 2796.742037, "delta": 16.250217}}
