{"target": -247.21290311983785, "params": {"gamma": 1.0947197590216522, "lr": 0.673041054216622}, "datetime": {"datetime": "2024-04-04 21:00:53", "elapsed": 1.304423, "delta": 0.002946}}
{"target": -1143.0775170365657, "params": {"gamma": 4.999823778620901, "lr": 0.777098229275783}, "datetime": {"datetime": "2024-04-04 21:00:53", "elapsed": 1.30728, "delta": 0.002857}}
{"target": -763.8778531870349, "params": {"gamma": 1.4369263717442184, "lr": 0.08320263643587555}, "datetime": {"datetime": "2024-04-04 21:00:53", "elapsed": 1.310295, "delta": 0.003015}}
{"target": -923.4767402923173, "params": {"gamma": 3.9927868349191855, "lr": 0.7969622519799001}, "datetime": {"datetime": "2024-04-04 21:00:53", "elapsed": 1.313458, "delta": 0.003163}}
{"target": -453.57264148331427, "params": {"gamma": 1.917565713359991, "lr": 0.767777192147274}, "datetime": {"datetime": "2024-04-04 21:00:53", "elapsed": 1.316443, "delta": 0.002985}}
{"target": -289.40918199180436, "params": {"gamma": 2.90368967262162, "lr": 0.21689148761179533}, "datetime": {"datetime": "2024-04-04 21:00:53", "elapsed": 1.319307, "delta": 0.002864}}
{"target": -135.48610434875843, "params": {"gamma": 0.1681391751809873, "lr": 0.3986590599223787}, "datetime": {"datetime": "2024-04-04 21:00:53", "elapsed": 1.322178, "delta": 0.002871}}
{"target": -687.3043847254039, "params": {"gamma": 3.8114338314432303, "lr": 0.6593449361953647}, "datetime": {"datetime": "2024-04-04 21:00:53", "elapsed": 1.324992, "delta": 0.002814}}
{"target": -208.3729852621189, "params": {"gamma": 0.7101130863034019, "lr": 0.15260398704227185}, "datetime": {"datetime": "2024-04-04 21:00:53", "elapsed": 1.327838, "delta": 0.002846}}
{"target": -162.36490641398314, "params": {"gamma": 0.16674225312644053, "lr": 0.11379635644740682}, "datetime": {"datetime": "2024-04-04 21:00:53", "elapsed": 1.330655, "delta": 0.002817}}
{"target": -867.9629215672436, "params": {"gamma": 6.518240970824895, "lr": 0.4026568521749192}, "datetime": {"datetime": "2024-04-04 21:00:53", "elapsed": 1.333473, "delta": 0.002818}}
{"target": -537.5349426905507, "params": {"gamma": 3.2109421153589914, "lr": 0.5579119942437725}, "datetime": {"datetime": "2024-04-04 21:00:53", "elapsed": 1.336307, "delta": 0.002834}}
{"target": -2363.4418093922063, "params": {"gamma": 9.9346111705354, "lr": 0.8344865140180296}, "datetime": {"datetime": "2024-04-04 21:00:53", "elapsed": 1.339187, "delta": 0.00288}}
{"target": -1838.0540757646388, "params": {"gamma": 6.99653220081344, "lr": 0.9182585891320579}, "datetime": {"datetime": "2024-04-04 21:00:53", "elapsed": 1.342005, "delta": 0.002818}}
{"target": -268.4442093258981, "params": {"gamma": 0.3982473381241651, "lr": 0.07033344161552524}, "datetime": {"datetime": "2024-04-04 21:00:53", "elapsed": 1.345104, "delta": 0.003099}}
{"target": -538.3821694189411, "params": {"gamma": 4.740588893590559, "lr": 0.3491674129570773}, "datetime": {"datetime": "2024-04-04 21:00:53", "elapsed": 1.348274, "delta": 0.00317}}
{"target": -1351.7971246441496, "params": {"gamma": 9.37258336922236, "lr": 0.48956496114516856}, "datetime": {"datetime": "2024-04-04 21:00:53", "elapsed": 1.351151, "delta": 0.002877}}
{"target": -1389.1576558507718, "params": {"gamma": 5.396951451823413, "lr": 0.8952603657312208}, "datetime": {"datetime": "2024-04-04 21:00:53", "elapsed": 1.354046, "delta": 0.002895}}
{"target": -1160.726631582336, "params": {"gamma": 4.466903823191082, "lr": 0.8770343892703519}, "datetime": {"datetime": "2024-04-04 21:00:53", "elapsed": 1.356898, "delta": 0.002852}}
{"target": -287.1620313500077, "params": {"gamma": 2.536563911966912, "lr": 0.27380970415810857}, "datetime": {"datetime": "2024-04-04 21:00:53", "elapsed": 1.359749, "delta": 0.002851}}
{"target": -532.73759253466, "params": {"gamma": 3.284285539485814, "lr": 0.5475642704809535}, "datetime": {"datetime": "2024-04-04 21:00:53", "elapsed": 1.362575, "delta": 0.002826}}
{"target": -448.87877663441543, "params": {"gamma": 2.2020666115957854, "lr": 0.6714291710812733}, "datetime": {"datetime": "2024-04-04 21:00:53", "elapsed": 1.36543, "delta": 0.002855}}
{"target": -666.2719471871203, "params": {"gamma": 1.4287900347472011, "lr": 0.09410027449963942}, "datetime": {"datetime": "2024-04-04 21:00:53", "elapsed": 1.368312, "delta": 0.002882}}
{"target": -740.7263998824559, "params": {"gamma": 8.70204727030757, "lr": 0.23686870355699852}, "datetime": {"datetime": "2024-04-04 21:00:53", "elapsed": 1.37115, "delta": 0.002838}}
{"target": -657.3435644149354, "params": {"gamma": 3.8606541062149327, "lr": 0.5715420927253323}, "datetime": {"datetime": "2024-04-04 21:00:53", "elapsed": 1.373963, "delta": 0.002813}}
{"target": -2731.221949264679, "params": {"gamma": 5.258493897544749, "lr": 0.07602387944210687}, "datetime": {"datetime": "2024-04-04 21:00:53", "elapsed": 1.377066, "delta": 0.003103}}
{"target": -2293.352506967637, "params": {"gamma": 8.741385230044685, "lr": 0.9511356184186921}, "datetime": {"datetime": "2024-04-04 21:00:53", "elapsed": 1.380217, "delta": 0.003151}}
{"target": -830.3321314233474, "params": {"gamma": 8.125260534442543, "lr": 0.2838018349468743}, "datetime": {"datetime": "2024-04-04 21:00:53", "elapsed": 1.383276, "delta": 0.003059}}
{"target": -596.6154161839161, "params": {"gamma": 5.278940114383477, "lr": 0.3394167240176095}, "datetime": {"datetime": "2024-04-04 21:00:53", "elapsed": 1.38624, "delta": 0.002964}}
{"target": -1459.9985780609782, "params": {"gamma": 5.54711844056588, "lr": 0.9744034689130026}, "datetime": {"datetime": "2024-04-04 21:00:53", "elapsed": 1.389078, "delta": 0.002838}}
{"target": -623.1162771944753, "params": {"gamma": 3.1177174742720952, "lr": 0.6687966059228697}, "datetime": {"datetime": "2024-04-04 21:00:53", "elapsed": 1.391935, "delta": 0.002857}}
{"target": -751.6577063471495, "params": {"gamma": 3.26034610588255, "lr": 0.7744772660150796}, "datetime": {"datetime": "2024-04-04 21:00:53", "elapsed": 1.394794, "delta": 0.002859}}
{"target": -845.527760632544, "params": {"gamma": 3.258773856165435, "lr": 0.889827341447375}, "datetime": {"datetime": "2024-04-04 21:00:53", "elapsed": 1.397676, "delta": 0.002882}}
{"target": -1711.5270866150904, "params": {"gamma": 7.51732550147175, "lr": 0.7626320954451107}, "datetime": {"datetime": "2024-04-04 21:00:53", "elapsed": 1.400511, "delta": 0.002835}}
{"target": -446.1528599306838, "params": {"gamma": 4.695320806570698, "lr": 0.21076450246870537}, "datetime": {"datetime": "2024-04-04 21:00:53", "elapsed": 1.403357, "delta": 0.002846}}
{"target": -131.85788892416141, "params": {"gamma": 0.4157093206854123, "lr": 0.3218287999702445}, "datetime": {"datetime": "2024-04-04 21:00:53", "elapsed": 1.406251, "delta": 0.002894}}
{"target": -146.23072258058798, "params": {"gamma": 0.3720895322754502, "lr": 0.6938554113738997}, "datetime": {"datetime": "2024-04-04 21:00:53", "elapsed": 1.40934, "delta": 0.003089}}
{"target": -952.3688786728765, "params": {"gamma": 6.703829969329749, "lr": 0.430471782744975}, "datetime": {"datetime": "2024-04-04 21:00:53", "elapsed": 1.412525, "delta": 0.003185}}
{"target": -1206.8566632814893, "params": {"gamma": 7.678121987604072, "lr": 0.5360084947395637}, "datetime": {"datetime": "2024-04-04 21:00:53", "elapsed": 1.415738, "delta": 0.003213}}
{"target": -185.68963818946452, "params": {"gamma": 0.3995594064278903, "lr": 0.13479311796067905}, "datetime": {"datetime": "2024-04-04 21:00:53", "elapsed": 1.418622, "delta": 0.002884}}
{"target": -243.64328318394277, "params": {"gamma": 1.9349705737501688, "lr": 0.3356638011646498}, "datetime": {"datetime": "2024-04-04 21:00:53", "elapsed": 1.421581, "delta": 0.002959}}
{"target": -151.81507272539676, "params": {"gamma": 0.52407715142833, "lr": 0.6051167805003662}, "datetime": {"datetime": "2024-04-04 21:00:53", "elapsed": 1.424546, "delta": 0.002965}}
{"target": -865.1046307461424, "params": {"gamma": 5.121098214211664, "lr": 0.6174610120171561}, "datetime": {"datetime": "2024-04-04 21:00:53", "elapsed": 1.427482, "delta": 0.002936}}
{"target": -1037.6409491559282, "params": {"gamma": 4.324123592048677, "lr": 0.8477004682374377}, "datetime": {"datetime": "2024-04-04 21:00:53", "elapsed": 1.430361, "delta": 0.002879}}
{"target": -2360.20608592251, "params": {"gamma": 4.541136501535455, "lr": 0.015403519791920894}, "datetime": {"datetime": "2024-04-04 21:00:53", "elapsed": 1.433311, "delta": 0.00295}}
{"target": -1544.3771485156983, "params": {"gamma": 8.730808416322548, "lr": 0.6562015477440989}, "datetime": {"datetime": "2024-04-04 21:00:53", "elapsed": 1.436293, "delta": 0.002982}}
{"target": -2159.9563432391906, "params": {"gamma": 8.23020740344406, "lr": 0.9517756930338517}, "datetime": {"datetime": "2024-04-04 21:00:53", "elapsed": 1.439352, "delta": 0.003059}}
{"target": -130.67593348494174, "params": {"gamma": 0.5100729227853552, "lr": 0.23507186409101455}, "datetime": {"datetime": "2024-04-04 21:00:53", "elapsed": 1.442285, "delta": 0.002933}}
{"target": -149.36215754691477, "params": {"gamma": 0.6343710911199417, "lr": 0.4216578860324509}, "datetime": {"datetime": "2024-04-04 21:00:53", "elapsed": 1.445493, "delta": 0.003208}}
{"target": -4480.109603921689, "params": {"gamma": 8.638427625869019, "lr": 0.0816239827150681}, "datetime": {"datetime": "2024-04-04 21:00:53", "elapsed": 1.448661, "delta": 0.003168}}
{"target": -1176.1514075678742, "params": {"gamma": 4.7316464169059, "lr": 0.12554310980872363}, "datetime": {"datetime": "2024-04-04 21:00:53", "elapsed": 1.451623, "delta": 0.002962}}
{"target": -1841.9310623511544, "params": {"gamma": 7.729083136069011, "lr": 0.8414221567958434}, "datetime": {"datetime": "2024-04-04 21:00:53", "elapsed": 1.454635, "delta": 0.003012}}
{"target": -142.9272936605414, "params": {"gamma": 0.4338660909233998, "lr": 0.48644074317039476}, "datetime": {"datetime": "2024-04-04 21:00:53", "elapsed": 1.457602, "delta": 0.002967}}
{"target": -641.1164477451556, "params": {"gamma": 2.3948710303334217, "lr": 0.9524737816932592}, "datetime": {"datetime": "2024-04-04 21:00:53", "elapsed": 1.460564, "delta": 0.002962}}
{"target": -1574.931540882515, "params": {"gamma": 9.438982385210178, "lr": 0.6139340023847009}, "datetime": {"datetime": "2024-04-04 21:00:53", "elapsed": 1.463494, "delta": 0.00293}}
{"target": -1081.3006398155067, "params": {"gamma": 9.734900485854638, "lr": 0.344861343716251}, "datetime": {"datetime": "2024-04-04 21:00:53", "elapsed": 1.466411, "delta": 0.002917}}
{"target": -1268.256596137206, "params": {"gamma": 8.97860932595915, "lr": 0.4345949734085095}, "datetime": {"datetime": "2024-04-04 21:00:53", "elapsed": 1.469472, "delta": 0.003061}}
{"target": -631.8708145049369, "params": {"gamma": 2.35891055683799, "lr": 0.9408279632013994}, "datetime": {"datetime": "2024-04-04 21:00:53", "elapsed": 1.472497, "delta": 0.003025}}
{"target": -3550.7643644751433, "params": {"gamma": 6.842496291781293, "lr": 0.06491158533912933}, "datetime": {"datetime": "2024-04-04 21:00:53", "elapsed": 1.475468, "delta": 0.002971}}
{"target": -1714.0846564993428, "params": {"gamma": 8.704378143373837, "lr": 0.7013802946333463}, "datetime": {"datetime": "2024-04-04 21:00:53", "elapsed": 1.478692, "delta": 0.003224}}
{"target": -1228.6264686135253, "params": {"gamma": 6.049663802869843, "lr": 0.7323748991793305}, "datetime": {"datetime": "2024-04-04 21:00:53", "elapsed": 1.481851, "delta": 0.003159}}
{"target": -443.1469449927523, "params": {"gamma": 2.535136985955308, "lr": 0.6004889552745444}, "datetime": {"datetime": "2024-04-04 21:00:53", "elapsed": 1.484858, "delta": 0.003007}}
{"target": -4225.480992787829, "params": {"gamma": 8.146377193435292, "lr": 0.05411366032399989}, "datetime": {"datetime": "2024-04-04 21:00:53", "elapsed": 1.487828, "delta": 0.00297}}
{"target": -336.6491010764784, "params": {"gamma": 1.3059762027213204, "lr": 0.8424458099564136}, "datetime": {"datetime": "2024-04-04 21:00:53", "elapsed": 1.490711, "delta": 0.002883}}
{"target": -976.9573577375447, "params": {"gamma": 6.183840347409528, "lr": 0.531287810481058}, "datetime": {"datetime": "2024-04-04 21:00:53", "elapsed": 1.493667, "delta": 0.002956}}
{"target": -268.53178334626887, "params": {"gamma": 2.483658999241989, "lr": 0.2950785752494959}, "datetime": {"datetime": "2024-04-04 21:00:53", "elapsed": 1.49661, "delta": 0.002943}}
{"target": -1154.7573013346314, "params": {"gamma": 8.726988963029699, "lr": 0.42166593484970927}, "datetime": {"datetime": "2024-04-04 21:00:53", "elapsed": 1.499526, "delta": 0.002916}}
{"target": -209.15351295587118, "params": {"gamma": 0.6452381255404884, "lr": 0.8969850695075825}, "datetime": {"datetime": "2024-04-04 21:00:53", "elapsed": 1.502473, "delta": 0.002947}}
{"target": -505.5338950020319, "params": {"gamma": 2.0346049474076864, "lr": 0.8262275354923914}, "datetime": {"datetime": "2024-04-04 21:00:53", "elapsed": 1.505484, "delta": 0.003011}}
{"target": -1273.0535551474838, "params": {"gamma": 8.81782446020499, "lr": 0.48675074481833813}, "datetime": {"datetime": "2024-04-04 21:00:53", "elapsed": 1.508428, "delta": 0.002944}}
{"target": -946.3916818396649, "params": {"gamma": 5.98504846635326, "lr": 0.527267456485417}, "datetime": {"datetime": "2024-04-04 21:00:53", "elapsed": 1.51165, "delta": 0.003222}}
{"target": -1491.9801415375803, "params": {"gamma": 6.248588120560806, "lr": 0.8550417213473515}, "datetime": {"datetime": "2024-04-04 21:00:53", "elapsed": 1.514812, "delta": 0.003162}}
{"target": -740.209734251113, "params": {"gamma": 2.8221123446002014, "lr": 0.8837555081806009}, "datetime": {"datetime": "2024-04-04 21:00:53", "elapsed": 1.517787, "delta": 0.002975}}
{"target": -1707.7945052482976, "params": {"gamma": 5.677335610861374, "lr": 0.11510304096690338}, "datetime": {"datetime": "2024-04-04 21:00:53", "elapsed": 1.520773, "delta": 0.002986}}
{"target": -400.53970780225535, "params": {"gamma": 2.270784650981365, "lr": 0.5959823856130138}, "datetime": {"datetime": "2024-04-04 21:00:53", "elapsed": 1.523734, "delta": 0.002961}}
{"target": -614.4173870406605, "params": {"gamma": 2.395222922809899, "lr": 0.13141566053746057}, "datetime": {"datetime": "2024-04-04 21:00:53", "elapsed": 1.526617, "delta": 0.002883}}
{"target": -406.8736142100865, "params": {"gamma": 1.6193152935242277, "lr": 0.8448725182357391}, "datetime": {"datetime": "2024-04-04 21:00:53", "elapsed": 1.529496, "delta": 0.002879}}
{"target": -1583.8978751083596, "params": {"gamma": 6.022234355273215, "lr": 0.9635670871883419}, "datetime": {"datetime": "2024-04-04 21:00:53", "elapsed": 1.53241, "delta": 0.002914}}
{"target": -591.7290359579371, "params": {"gamma": 3.4574464537469587, "lr": 0.5956250981349497}, "datetime": {"datetime": "2024-04-04 21:00:53", "elapsed": 1.5353, "delta": 0.00289}}
{"target": -1007.8584901591471, "params": {"gamma": 5.9902539044452245, "lr": 0.6157042872039488}, "datetime": {"datetime": "2024-04-04 21:00:53", "elapsed": 1.538258, "delta": 0.002958}}
{"target": -185.69440586395626, "params": {"gamma": 0.5927128946500382, "lr": 0.7503171845746859}, "datetime": {"datetime": "2024-04-04 21:00:53", "elapsed": 1.54116, "delta": 0.002902}}
{"target": -1484.5743413197624, "params": {"gamma": 9.482146772378064, "lr": 0.5346790571795887}, "datetime": {"datetime": "2024-04-04 21:00:53", "elapsed": 1.544363, "delta": 0.003203}}
{"target": -455.49525718005896, "params": {"gamma": 1.926367653529729, "lr": 0.7529259149799422}, "datetime": {"datetime": "2024-04-04 21:00:53", "elapsed": 1.547533, "delta": 0.00317}}
{"target": -141.11117059946298, "params": {"gamma": 0.07418237430931014, "lr": 0.32825610365078084}, "datetime": {"datetime": "2024-04-04 21:00:53", "elapsed": 1.550476, "delta": 0.002943}}
{"target": -1527.8059935351343, "params": {"gamma": 9.176145870096288, "lr": 0.5883673328938768}, "datetime": {"datetime": "2024-04-04 21:00:53", "elapsed": 1.553509, "delta": 0.003033}}
{"target": -1429.0543350877053, "params": {"gamma": 8.55204764875745, "lr": 0.6046720523491877}, "datetime": {"datetime": "2024-04-04 21:00:53", "elapsed": 1.556413, "delta": 0.002904}}
{"target": -2125.9600819813068, "params": {"gamma": 8.225958947086186, "lr": 0.8794835234293169}, "datetime": {"datetime": "2024-04-04 21:00:53", "elapsed": 1.559291, "delta": 0.002878}}
{"target": -978.1508967282276, "params": {"gamma": 3.210542758870008, "lr": 0.12295477155217849}, "datetime": {"datetime": "2024-04-04 21:00:53", "elapsed": 1.562157, "delta": 0.002866}}
{"target": -1023.0802404927855, "params": {"gamma": 7.213312138521522, "lr": 0.44034708683123824}, "datetime": {"datetime": "2024-04-04 21:00:53", "elapsed": 1.565271, "delta": 0.003114}}
{"target": -246.21989080845552, "params": {"gamma": 1.268230355710944, "lr": 0.5898236481098892}, "datetime": {"datetime": "2024-04-04 21:00:53", "elapsed": 1.572423, "delta": 0.007152}}
{"target": -130.15376684052228, "params": {"gamma": 0.36164707738402946, "lr": 0.20018211641098693}, "datetime": {"datetime": "2024-04-04 21:00:53", "elapsed": 1.581673, "delta": 0.00925}}
{"target": -4089.304324365486, "params": {"gamma": 7.883223595490022, "lr": 0.012096760015357866}, "datetime": {"datetime": "2024-04-04 21:00:53", "elapsed": 1.588591, "delta": 0.006918}}
{"target": -1581.7804165986215, "params": {"gamma": 3.034153371413982, "lr": 0.021375961088070716}, "datetime": {"datetime": "2024-04-04 21:00:53", "elapsed": 1.594416, "delta": 0.005825}}
{"target": -1658.7785349547107, "params": {"gamma": 9.974852442290567, "lr": 0.5820299763434618}, "datetime": {"datetime": "2024-04-04 21:00:53", "elapsed": 1.598461, "delta": 0.004045}}
{"target": -780.3700649546834, "params": {"gamma": 2.93446940858208, "lr": 0.9289494618931157}, "datetime": {"datetime": "2024-04-04 21:00:53", "elapsed": 1.602455, "delta": 0.003994}}
{"target": -742.0402759503096, "params": {"gamma": 5.071687116058498, "lr": 0.4546922275524069}, "datetime": {"datetime": "2024-04-04 21:00:53", "elapsed": 1.606028, "delta": 0.003573}}
{"target": -609.585821997181, "params": {"gamma": 5.879127191455569, "lr": 0.2641376442105696}, "datetime": {"datetime": "2024-04-04 21:00:53", "elapsed": 1.609137, "delta": 0.003109}}
{"target": -355.117771079277, "params": {"gamma": 3.0535777051749857, "lr": 0.37165457672418245}, "datetime": {"datetime": "2024-04-04 21:00:53", "elapsed": 1.61601, "delta": 0.006873}}
{"target": -428.3490890184586, "params": {"gamma": 2.4452355457167374, "lr": 0.5845472661166298}, "datetime": {"datetime": "2024-04-04 21:00:53", "elapsed": 1.625036, "delta": 0.009026}}
{"target": -3610.927897710514, "params": {"gamma": 6.958765493189333, "lr": 0.07194722016400112}, "datetime": {"datetime": "2024-04-04 21:00:53", "elapsed": 1.631061, "delta": 0.006025}}
{"target": -2207.17245068173, "params": {"gamma": 9.710862112935013, "lr": 0.7530706558694549}, "datetime": {"datetime": "2024-04-04 21:00:53", "elapsed": 1.636413, "delta": 0.005352}}
{"target": -1834.548598472062, "params": {"gamma": 8.061825466371129, "lr": 0.7516404040812905}, "datetime": {"datetime": "2024-04-04 21:00:53", "elapsed": 1.640428, "delta": 0.004015}}
{"target": -170.60840868586467, "params": {"gamma": 0.8015297117349018, "lr": 0.48169628302117706}, "datetime": {"datetime": "2024-04-04 21:00:53", "elapsed": 1.644421, "delta": 0.003993}}
{"target": -881.1125309930657, "params": {"gamma": 4.457283891060159, "lr": 0.6724726505249299}, "datetime": {"datetime": "2024-04-04 21:00:53", "elapsed": 1.647941, "delta": 0.00352}}
{"target": -892.8843387492117, "params": {"gamma": 4.487923850984395, "lr": 0.7043133983839096}, "datetime": {"datetime": "2024-04-04 21:00:53", "elapsed": 1.650907, "delta": 0.002966}}
{"target": -1337.9715119158839, "params": {"gamma": 6.816771730688627, "lr": 0.6971485287527562}, "datetime": {"datetime": "2024-04-04 21:00:53", "elapsed": 1.654038, "delta": 0.003131}}
{"target": -1170.1130600351487, "params": {"gamma": 6.186388824872803, "lr": 0.15098073327964578}, "datetime": {"datetime": "2024-04-04 21:00:53", "elapsed": 1.657055, "delta": 0.003017}}
{"target": -1746.5962331110475, "params": {"gamma": 7.608263760601256, "lr": 0.781045822193957}, "datetime": {"datetime": "2024-04-04 21:00:53", "elapsed": 1.660097, "delta": 0.003042}}
{"target": -768.5099361630529, "params": {"gamma": 9.041125756152136, "lr": 0.23376869260410593}, "datetime": {"datetime": "2024-04-04 21:00:53", "elapsed": 1.663051, "delta": 0.002954}}
{"target": -230.47247928718068, "params": {"gamma": 1.7676122518303419, "lr": 0.3910991231067624}, "datetime": {"datetime": "2024-04-04 21:00:53", "elapsed": 1.666024, "delta": 0.002973}}
{"target": -764.3352547852845, "params": {"gamma": 3.206325975297607, "lr": 0.8154769290056262}, "datetime": {"datetime": "2024-04-04 21:00:53", "elapsed": 1.669017, "delta": 0.002993}}
{"target": -1399.4383930699598, "params": {"gamma": 6.135645470784649, "lr": 0.7600017523497489}, "datetime": {"datetime": "2024-04-04 21:00:53", "elapsed": 1.672018, "delta": 0.003001}}
{"target": -1943.5976954780633, "params": {"gamma": 4.277223331869946, "lr": 0.09944056291558923}, "datetime": {"datetime": "2024-04-04 21:00:53", "elapsed": 1.675019, "delta": 0.003001}}
{"target": -172.0244339467092, "params": {"gamma": 1.151235085490412, "lr": 0.3734071317371953}, "datetime": {"datetime": "2024-04-04 21:00:53", "elapsed": 1.678323, "delta": 0.003304}}
{"target": -483.38217755806846, "params": {"gamma": 1.939283827327562, "lr": 0.8207464986229382}, "datetime": {"datetime": "2024-04-04 21:00:53", "elapsed": 1.681546, "delta": 0.003223}}
{"target": -1179.0538707599967, "params": {"gamma": 5.996760448228745, "lr": 0.688845259018665}, "datetime": {"datetime": "2024-04-04 21:00:53", "elapsed": 1.684553, "delta": 0.003007}}
{"target": -2401.9914623193768, "params": {"gamma": 4.911608503081658, "lr": 0.08817368124218106}, "datetime": {"datetime": "2024-04-04 21:00:53", "elapsed": 1.687638, "delta": 0.003085}}
