{"target": -149.0449965997746, "params": {"gamma": 0.3198016714696595, "lr": 0.4991743036471713}, "datetime": {"datetime": "2024-04-04 05:36:38", "elapsed": 1621.915959, "delta": 5.121954}}
{"target": -161.02074037871157, "params": {"gamma": 0.14688282864744245, "lr": 0.16629182253571184}, "datetime": {"datetime": "2024-04-04 05:36:46", "elapsed": 1630.04129, "delta": 8.125331}}
{"target": -140.50694822233802, "params": {"gamma": 0.06780803008025658, "lr": 0.725358896136952}, "datetime": {"datetime": "2024-04-04 05:36:53", "elapsed": 1637.674377, "delta": 7.633087}}
{"target": -174.39941984797673, "params": {"gamma": 0.5501175190514739, "lr": 0.6515526150156109}, "datetime": {"datetime": "2024-04-04 05:37:00", "elapsed": 1644.131403, "delta": 6.457026}}
{"target": -395.49054593653403, "params": {"gamma": 1.538022359836379, "lr": 0.7654000460311037}, "datetime": {"datetime": "2024-04-04 05:37:10", "elapsed": 1654.055095, "delta": 9.923692}}
{"target": -397.7713997266046, "params": {"gamma": 1.7957436479985074, "lr": 0.6416505487184357}, "datetime": {"datetime": "2024-04-04 05:37:13", "elapsed": 1657.318529, "delta": 3.263434}}
{"target": -3494.002540389886, "params": {"gamma": 9.268006357410464, "lr": 0.17855850321543354}, "datetime": {"datetime": "2024-04-04 05:37:15", "elapsed": 1659.605104, "delta": 2.286575}}
{"target": -395.6942301781981, "params": {"gamma": 1.4762830207526239, "lr": 0.9511000976907691}, "datetime": {"datetime": "2024-04-04 05:37:22", "elapsed": 1666.39374, "delta": 6.788636}}
{"target": -220.04894982013326, "params": {"gamma": 0.7828193613272285, "lr": 0.7445310095501386}, "datetime": {"datetime": "2024-04-04 05:37:27", "elapsed": 1671.628245, "delta": 5.234505}}
{"target": -145.42380923736667, "params": {"gamma": 0.2845149550281752, "lr": 0.6280294804210684}, "datetime": {"datetime": "2024-04-04 05:37:36", "elapsed": 1679.830577, "delta": 8.202332}}
{"target": -639.3308050448971, "params": {"gamma": 2.5860134197315694, "lr": 0.7964353122652855}, "datetime": {"datetime": "2024-04-04 05:37:38", "elapsed": 1681.983488, "delta": 2.152911}}
{"target": -255.04211520532033, "params": {"gamma": 0.9294595852357606, "lr": 0.26597734419679264}, "datetime": {"datetime": "2024-04-04 05:37:43", "elapsed": 1686.871139, "delta": 4.887651}}
{"target": -143.59640993943947, "params": {"gamma": 0.07521784753147305, "lr": 0.4019903537065542}, "datetime": {"datetime": "2024-04-04 05:37:50", "elapsed": 1694.005041, "delta": 7.133902}}
{"target": -166.8189606188148, "params": {"gamma": 0.405185680602781, "lr": 0.8888762935151563}, "datetime": {"datetime": "2024-04-04 05:37:54", "elapsed": 1697.835184, "delta": 3.830143}}
{"target": -1914.504055457168, "params": {"gamma": 9.113251689010701, "lr": 0.6630496211295096}, "datetime": {"datetime": "2024-04-04 05:37:56", "elapsed": 1700.189214, "delta": 2.35403}}
{"target": -144.83546523687684, "params": {"gamma": 0.001, "lr": 0.34525829486041487}, "datetime": {"datetime": "2024-04-04 05:38:02", "elapsed": 1705.734384, "delta": 5.54517}}
{"target": -139.75100102658956, "params": {"gamma": 0.11383209177988565, "lr": 0.9128161055716048}, "datetime": {"datetime": "2024-04-04 05:38:07", "elapsed": 1711.645782, "delta": 5.911398}}
{"target": -142.55837190763316, "params": {"gamma": 0.18678874349263214, "lr": 0.7882085268784217}, "datetime": {"datetime": "2024-04-04 05:38:11", "elapsed": 1715.600467, "delta": 3.954685}}
{"target": -372.4265487450769, "params": {"gamma": 1.705120722060157, "lr": 0.5943490380995984}, "datetime": {"datetime": "2024-04-04 05:38:22", "elapsed": 1725.780982, "delta": 10.180515}}
{"target": -209.75838141854206, "params": {"gamma": 0.7604059662243123, "lr": 0.43814003146252545}, "datetime": {"datetime": "2024-04-04 05:38:27", "elapsed": 1731.268453, "delta": 5.487471}}
{"target": -966.3068656091332, "params": {"gamma": 4.559740643724835, "lr": 0.37056414953567096}, "datetime": {"datetime": "2024-04-04 05:38:29", "elapsed": 1733.577935, "delta": 2.309482}}
{"target": -141.7514537304598, "params": {"gamma": 0.22726253543561173, "lr": 0.6557067643229249}, "datetime": {"datetime": "2024-04-04 05:38:38", "elapsed": 1742.649188, "delta": 9.071253}}
{"target": -184.81724728850585, "params": {"gamma": 0.22203665510774953, "lr": 0.09135113443109939}, "datetime": {"datetime": "2024-04-04 05:38:48", "elapsed": 1752.35115, "delta": 9.701962}}
{"target": -489.8013985257756, "params": {"gamma": 1.7560049330714298, "lr": 0.2394152701741009}, "datetime": {"datetime": "2024-04-04 05:38:52", "elapsed": 1756.322803, "delta": 3.971653}}
{"target": -183.29979394991585, "params": {"gamma": 0.5857803146145193, "lr": 0.4367621925924177}, "datetime": {"datetime": "2024-04-04 05:39:03", "elapsed": 1766.724309, "delta": 10.401506}}
{"target": -144.9645222935084, "params": {"gamma": 0.0017082655144960205, "lr": 0.1572621954202139}, "datetime": {"datetime": "2024-04-04 05:39:10", "elapsed": 1773.920993, "delta": 7.196684}}
{"target": -310.58776363454916, "params": {"gamma": 1.3178550863036842, "lr": 0.29883330706002775}, "datetime": {"datetime": "2024-04-04 05:39:23", "elapsed": 1786.992955, "delta": 13.071962}}
{"target": -169.52385415569498, "params": {"gamma": 0.43284462613750674, "lr": 0.7666464983125859}, "datetime": {"datetime": "2024-04-04 05:39:34", "elapsed": 1798.287178, "delta": 11.294223}}
{"target": -141.99215686345454, "params": {"gamma": 0.035798980167170015, "lr": 0.9027264908185572}, "datetime": {"datetime": "2024-04-04 05:39:40", "elapsed": 1804.534466, "delta": 6.247288}}
{"target": -537.6064596566526, "params": {"gamma": 1.085132771092813, "lr": 0.0005743643616683558}, "datetime": {"datetime": "2024-04-04 05:39:49", "elapsed": 1812.787886, "delta": 8.25342}}
{"target": -561.4778513114493, "params": {"gamma": 1.139171244284257, "lr": 0.011768018428487403}, "datetime": {"datetime": "2024-04-04 05:39:57", "elapsed": 1820.935341, "delta": 8.147455}}
{"target": -481.0092078642191, "params": {"gamma": 1.0142175272484213, "lr": 0.10521962988405203}, "datetime": {"datetime": "2024-04-04 05:40:01", "elapsed": 1825.556045, "delta": 4.620704}}
{"target": -1657.9531776902909, "params": {"gamma": 6.643247327491032, "lr": 0.9991951753625353}, "datetime": {"datetime": "2024-04-04 05:40:08", "elapsed": 1832.346018, "delta": 6.789973}}
{"target": -639.0895465289775, "params": {"gamma": 1.3140465377110493, "lr": 0.0010297100470902931}, "datetime": {"datetime": "2024-04-04 05:40:18", "elapsed": 1841.951871, "delta": 9.605853}}
{"target": -823.9087162986838, "params": {"gamma": 3.9929958480673364, "lr": 0.5636973258646522}, "datetime": {"datetime": "2024-04-04 05:40:20", "elapsed": 1844.236953, "delta": 2.285082}}
{"target": -596.7147440805506, "params": {"gamma": 3.0108590878414536, "lr": 0.4678564454566154}, "datetime": {"datetime": "2024-04-04 05:40:26", "elapsed": 1850.115377, "delta": 5.878424}}
{"target": -755.407031104626, "params": {"gamma": 3.5528125885701938, "lr": 0.3030005119082202}, "datetime": {"datetime": "2024-04-04 05:40:32", "elapsed": 1855.822481, "delta": 5.707104}}
{"target": -2416.683089904255, "params": {"gamma": 9.722214429030034, "lr": 0.9268323867912802}, "datetime": {"datetime": "2024-04-04 05:40:34", "elapsed": 1858.221817, "delta": 2.399336}}
{"target": -2719.7262508051067, "params": {"gamma": 10.0, "lr": 1.0}, "datetime": {"datetime": "2024-04-04 05:40:41", "elapsed": 1864.969462, "delta": 6.747645}}
{"target": -258.22274286229253, "params": {"gamma": 0.9544759761268032, "lr": 0.6890112246939968}, "datetime": {"datetime": "2024-04-04 05:40:43", "elapsed": 1867.100038, "delta": 2.130576}}
{"target": -2607.466403685307, "params": {"gamma": 6.675728562512562, "lr": 0.14857064556648536}, "datetime": {"datetime": "2024-04-04 05:40:45", "elapsed": 1869.362446, "delta": 2.262408}}
{"target": -508.4601796967798, "params": {"gamma": 1.0189422741455652, "lr": 0.0006399385768761645}, "datetime": {"datetime": "2024-04-04 05:40:50", "elapsed": 1874.351007, "delta": 4.988561}}
{"target": -1834.7924842015789, "params": {"gamma": 3.9651919462993943, "lr": 0.0025011517641109204}, "datetime": {"datetime": "2024-04-04 05:40:59", "elapsed": 1882.773037, "delta": 8.42203}}
{"target": -877.0286390046914, "params": {"gamma": 3.6045988216239726, "lr": 0.7704371298640725}, "datetime": {"datetime": "2024-04-04 05:41:06", "elapsed": 1890.081482, "delta": 7.308445}}
{"target": -735.0280355258827, "params": {"gamma": 2.8956815400998006, "lr": 0.9077277430561254}, "datetime": {"datetime": "2024-04-04 05:41:08", "elapsed": 1892.522955, "delta": 2.441473}}
{"target": -729.9958531834878, "params": {"gamma": 3.3639187182451242, "lr": 0.4290930427452869}, "datetime": {"datetime": "2024-04-04 05:41:17", "elapsed": 1901.485678, "delta": 8.962723}}
{"target": -818.4464208178844, "params": {"gamma": 1.7151990815032794, "lr": 0.008296228181576715}, "datetime": {"datetime": "2024-04-04 05:41:23", "elapsed": 1906.778572, "delta": 5.292894}}
{"target": -841.5037629860605, "params": {"gamma": 4.094078020246124, "lr": 0.38931944209034175}, "datetime": {"datetime": "2024-04-04 05:41:29", "elapsed": 1912.943882, "delta": 6.16531}}
{"target": -674.7424504549525, "params": {"gamma": 2.8838837139095617, "lr": 0.6774654808745652}, "datetime": {"datetime": "2024-04-04 05:41:35", "elapsed": 1919.005465, "delta": 6.061583}}
{"target": -728.382816948333, "params": {"gamma": 1.5924381896067934, "lr": 0.1104584859078154}, "datetime": {"datetime": "2024-04-04 05:41:39", "elapsed": 1923.677486, "delta": 4.672021}}
{"target": -482.4442955639271, "params": {"gamma": 2.171888292768497, "lr": 0.33649384023433776}, "datetime": {"datetime": "2024-04-04 05:41:47", "elapsed": 1931.036831, "delta": 7.359345}}
{"target": -1107.2301074682848, "params": {"gamma": 5.323866347948938, "lr": 0.5278462665499477}, "datetime": {"datetime": "2024-04-04 05:41:54", "elapsed": 1938.0597, "delta": 7.022869}}
{"target": -806.0250706342483, "params": {"gamma": 3.71742097027175, "lr": 0.41457452374408515}, "datetime": {"datetime": "2024-04-04 05:42:02", "elapsed": 1946.133858, "delta": 8.074158}}
{"target": -699.9828504358112, "params": {"gamma": 3.494273652718966, "lr": 0.4497604183239633}, "datetime": {"datetime": "2024-04-04 05:42:11", "elapsed": 1954.816501, "delta": 8.682643}}
{"target": -523.6541540568122, "params": {"gamma": 1.3291593607122385, "lr": 0.1686760435670992}, "datetime": {"datetime": "2024-04-04 05:42:17", "elapsed": 1961.536241, "delta": 6.71974}}
{"target": -709.4328907493003, "params": {"gamma": 2.7814179259773595, "lr": 0.9996650718652758}, "datetime": {"datetime": "2024-04-04 05:42:25", "elapsed": 1969.258801, "delta": 7.72256}}
{"target": -453.03040806166905, "params": {"gamma": 2.073174221847101, "lr": 0.651327354396854}, "datetime": {"datetime": "2024-04-04 05:42:27", "elapsed": 1971.420468, "delta": 2.161667}}
{"target": -144.86776073702882, "params": {"gamma": 0.9703155364028541, "lr": 0.0}, "datetime": {"datetime": "2024-04-04 05:42:34", "elapsed": 1978.101988, "delta": 6.68152}}
{"target": -519.7091589767284, "params": {"gamma": 2.3979363917464296, "lr": 0.3739435663846472}, "datetime": {"datetime": "2024-04-04 05:42:41", "elapsed": 1985.504439, "delta": 7.402451}}
{"target": -693.9175347238474, "params": {"gamma": 3.211520509450404, "lr": 0.29487032282860237}, "datetime": {"datetime": "2024-04-04 05:42:48", "elapsed": 1992.395449, "delta": 6.89101}}
{"target": -3079.007405047387, "params": {"gamma": 6.709820829920812, "lr": 0.07316171979025876}, "datetime": {"datetime": "2024-04-04 05:42:51", "elapsed": 1994.771718, "delta": 2.376269}}
{"target": -615.9108400781525, "params": {"gamma": 2.9659313097121736, "lr": 0.3913339699970596}, "datetime": {"datetime": "2024-04-04 05:42:58", "elapsed": 2002.339202, "delta": 7.567484}}
{"target": -989.1963846162873, "params": {"gamma": 3.981497342106241, "lr": 0.8359392714868344}, "datetime": {"datetime": "2024-04-04 05:43:01", "elapsed": 2004.738136, "delta": 2.398934}}
{"target": -579.5357761425443, "params": {"gamma": 2.2819179508073404, "lr": 0.8771981594325454}, "datetime": {"datetime": "2024-04-04 05:43:10", "elapsed": 2014.45888, "delta": 9.720744}}
{"target": -607.85502158002, "params": {"gamma": 2.1843074913208382, "lr": 1.0}, "datetime": {"datetime": "2024-04-04 05:43:15", "elapsed": 2019.099404, "delta": 4.640524}}
{"target": -407.75850356377805, "params": {"gamma": 1.8659501309755935, "lr": 0.5294982788031842}, "datetime": {"datetime": "2024-04-04 05:43:22", "elapsed": 2025.754589, "delta": 6.655185}}
{"target": -1460.8010356487084, "params": {"gamma": 5.353073508527991, "lr": 1.0}, "datetime": {"datetime": "2024-04-04 05:43:26", "elapsed": 2029.852022, "delta": 4.097433}}
{"target": -440.642955095409, "params": {"gamma": 2.002204469708621, "lr": 0.3247076272121743}, "datetime": {"datetime": "2024-04-04 05:43:32", "elapsed": 2035.902595, "delta": 6.050573}}
{"target": -462.48179661216636, "params": {"gamma": 1.9042576188498253, "lr": 0.272784822510701}, "datetime": {"datetime": "2024-04-04 05:43:36", "elapsed": 2040.576359, "delta": 4.673764}}
{"target": -1099.2436229899206, "params": {"gamma": 4.801572910348759, "lr": 0.7125209728251617}, "datetime": {"datetime": "2024-04-04 05:43:44", "elapsed": 2047.947935, "delta": 7.371576}}
{"target": -333.3062799229659, "params": {"gamma": 0.6113477509527114, "lr": 0.05256812407442424}, "datetime": {"datetime": "2024-04-04 05:43:48", "elapsed": 2052.142222, "delta": 4.194287}}
{"target": -467.4381025611927, "params": {"gamma": 2.102628013035037, "lr": 0.43403683413093974}, "datetime": {"datetime": "2024-04-04 05:43:55", "elapsed": 2059.69621, "delta": 7.553988}}
{"target": -1511.592598585748, "params": {"gamma": 3.251450752265643, "lr": 0.002046179437096507}, "datetime": {"datetime": "2024-04-04 05:44:05", "elapsed": 2068.923884, "delta": 9.227674}}
{"target": -722.4267358845658, "params": {"gamma": 3.0486929794030164, "lr": 0.26228983390369054}, "datetime": {"datetime": "2024-04-04 05:44:19", "elapsed": 2083.258167, "delta": 14.334283}}
{"target": -299.25189551455514, "params": {"gamma": 1.0577657908063156, "lr": 0.9500749059570487}, "datetime": {"datetime": "2024-04-04 05:44:24", "elapsed": 2088.684971, "delta": 5.426804}}
{"target": -341.870208505546, "params": {"gamma": 1.248226424705184, "lr": 0.8897046020269034}, "datetime": {"datetime": "2024-04-04 05:44:30", "elapsed": 2093.832711, "delta": 5.14774}}
{"target": -324.9954744250365, "params": {"gamma": 1.300301916282959, "lr": 0.7155313453372785}, "datetime": {"datetime": "2024-04-04 05:44:36", "elapsed": 2099.749306, "delta": 5.916595}}
{"target": -261.0201076759617, "params": {"gamma": 1.0880279460828215, "lr": 0.5024049375390293}, "datetime": {"datetime": "2024-04-04 05:44:41", "elapsed": 2105.594883, "delta": 5.845577}}
{"target": -320.9148722553789, "params": {"gamma": 1.4243788477074273, "lr": 0.5494104584153724}, "datetime": {"datetime": "2024-04-04 05:44:48", "elapsed": 2112.119447, "delta": 6.524564}}
{"target": -482.0484763994185, "params": {"gamma": 1.070052075544947, "lr": 0.12437541139755492}, "datetime": {"datetime": "2024-04-04 05:44:55", "elapsed": 2119.258539, "delta": 7.139092}}
{"target": -357.8225996391344, "params": {"gamma": 1.6347293950602446, "lr": 0.5593478587950719}, "datetime": {"datetime": "2024-04-04 05:45:04", "elapsed": 2128.317389, "delta": 9.05885}}
{"target": -333.4328256002083, "params": {"gamma": 1.1281817361135864, "lr": 0.2289890318367801}, "datetime": {"datetime": "2024-04-04 05:45:09", "elapsed": 2133.278669, "delta": 4.96128}}
{"target": -144.86776073702882, "params": {"gamma": 1.1327230813557683, "lr": 0.0}, "datetime": {"datetime": "2024-04-04 05:45:13", "elapsed": 2137.247094, "delta": 3.968425}}
{"target": -995.1252404977625, "params": {"gamma": 2.108140127795235, "lr": 0.0037734392729562583}, "datetime": {"datetime": "2024-04-04 05:45:19", "elapsed": 2143.57235, "delta": 6.325256}}
{"target": -709.0452817941549, "params": {"gamma": 3.256937959113615, "lr": 0.42421689764957027}, "datetime": {"datetime": "2024-04-04 05:45:25", "elapsed": 2149.361131, "delta": 5.788781}}
{"target": -405.70172934065147, "params": {"gamma": 1.6622699783298829, "lr": 0.6980238272023337}, "datetime": {"datetime": "2024-04-04 05:45:33", "elapsed": 2157.263196, "delta": 7.902065}}
{"target": -1062.7949198023446, "params": {"gamma": 5.460005458224808, "lr": 0.4696063634704227}, "datetime": {"datetime": "2024-04-04 05:45:40", "elapsed": 2164.297831, "delta": 7.034635}}
{"target": -300.90349951201324, "params": {"gamma": 1.1661985138967004, "lr": 0.6968557056664075}, "datetime": {"datetime": "2024-04-04 05:45:51", "elapsed": 2175.479779, "delta": 11.181948}}
{"target": -454.8908658160002, "params": {"gamma": 1.6019677393216536, "lr": 1.0}, "datetime": {"datetime": "2024-04-04 05:45:56", "elapsed": 2180.107619, "delta": 4.62784}}
{"target": -486.572630741414, "params": {"gamma": 1.5296769897582028, "lr": 0.20940785780886173}, "datetime": {"datetime": "2024-04-04 05:46:02", "elapsed": 2186.610527, "delta": 6.502908}}
{"target": -286.28725932741975, "params": {"gamma": 1.259261218633065, "lr": 0.38201488247413196}, "datetime": {"datetime": "2024-04-04 05:46:09", "elapsed": 2193.605972, "delta": 6.995445}}
{"target": -544.1974295964378, "params": {"gamma": 2.731684122372821, "lr": 0.47224158408051564}, "datetime": {"datetime": "2024-04-04 05:46:14", "elapsed": 2198.376279, "delta": 4.770307}}
{"target": -919.015558238812, "params": {"gamma": 3.6388189137150144, "lr": 0.9995407708670676}, "datetime": {"datetime": "2024-04-04 05:46:22", "elapsed": 2205.849347, "delta": 7.473068}}
{"target": -400.4281645708561, "params": {"gamma": 0.7704671707496059, "lr": 0.05647357875444482}, "datetime": {"datetime": "2024-04-04 05:46:29", "elapsed": 2213.401679, "delta": 7.552332}}
{"target": -503.5355048346435, "params": {"gamma": 1.9360438169214809, "lr": 0.9058272958117247}, "datetime": {"datetime": "2024-04-04 05:46:37", "elapsed": 2221.252709, "delta": 7.85103}}
{"target": -236.13663642498753, "params": {"gamma": 0.8704427828756622, "lr": 0.7311220034823778}, "datetime": {"datetime": "2024-04-04 05:46:45", "elapsed": 2229.646792, "delta": 8.394083}}
{"target": -250.53804882433775, "params": {"gamma": 0.8362264758167796, "lr": 0.9517531374132556}, "datetime": {"datetime": "2024-04-04 05:46:53", "elapsed": 2237.213918, "delta": 7.567126}}
{"target": -315.2919101185768, "params": {"gamma": 1.0516986008832148, "lr": 0.2424301360024581}, "datetime": {"datetime": "2024-04-04 05:47:02", "elapsed": 2246.306223, "delta": 9.092305}}
{"target": -1248.459843963229, "params": {"gamma": 5.942613806849765, "lr": 0.30117297365859663}, "datetime": {"datetime": "2024-04-04 05:47:04", "elapsed": 2248.676451, "delta": 2.370228}}
{"target": -551.4993465950638, "params": {"gamma": 2.3290444741557996, "lr": 0.6706952789085894}, "datetime": {"datetime": "2024-04-04 05:47:13", "elapsed": 2256.832571, "delta": 8.15612}}
{"target": -275.55383157614637, "params": {"gamma": 0.9894926182727121, "lr": 0.7935946369801559}, "datetime": {"datetime": "2024-04-04 05:47:18", "elapsed": 2262.545936, "delta": 5.713365}}
{"target": -270.2651073649926, "params": {"gamma": 0.8679633957042454, "lr": 1.0}, "datetime": {"datetime": "2024-04-04 05:47:26", "elapsed": 2270.256826, "delta": 7.71089}}
{"target": -382.61161446497505, "params": {"gamma": 1.4338307662818195, "lr": 0.8675710446405318}, "datetime": {"datetime": "2024-04-04 05:47:37", "elapsed": 2281.600851, "delta": 11.344025}}
{"target": -217.5326411857484, "params": {"gamma": 0.6776500830945118, "lr": 0.9358768014622796}, "datetime": {"datetime": "2024-04-04 05:47:41", "elapsed": 2285.608356, "delta": 4.007505}}
{"target": -173.98709520712148, "params": {"gamma": 0.5536663607077112, "lr": 0.558760264882946}, "datetime": {"datetime": "2024-04-04 05:47:48", "elapsed": 2292.029325, "delta": 6.420969}}
{"target": -838.0089469310924, "params": {"gamma": 1.8448594666154154, "lr": 0.10376876213356319}, "datetime": {"datetime": "2024-04-04 05:47:55", "elapsed": 2299.201266, "delta": 7.171941}}
{"target": -212.33029827881464, "params": {"gamma": 0.7122686033500716, "lr": 0.6729157097223675}, "datetime": {"datetime": "2024-04-04 05:48:04", "elapsed": 2307.829915, "delta": 8.628649}}
{"target": -171.70448217639205, "params": {"gamma": 0.5308590306253639, "lr": 0.3980835141381148}, "datetime": {"datetime": "2024-04-04 05:48:06", "elapsed": 2310.071948, "delta": 2.242033}}
{"target": -199.3244867080629, "params": {"gamma": 0.2513617528490272, "lr": 0.03503458841080628}, "datetime": {"datetime": "2024-04-04 05:48:16", "elapsed": 2319.912043, "delta": 9.840095}}
{"target": -331.9538001205715, "params": {"gamma": 1.4448537729752473, "lr": 0.31565532443139166}, "datetime": {"datetime": "2024-04-04 05:48:24", "elapsed": 2328.270619, "delta": 8.358576}}
{"target": -184.39223129454965, "params": {"gamma": 0.47931800252283313, "lr": 1.0}, "datetime": {"datetime": "2024-04-04 05:48:34", "elapsed": 2338.394308, "delta": 10.123689}}
{"target": -194.7159674075654, "params": {"gamma": 0.7049029029705699, "lr": 0.5818668913696553}, "datetime": {"datetime": "2024-04-04 05:48:47", "elapsed": 2351.299191, "delta": 12.904883}}
{"target": -464.145357595577, "params": {"gamma": 0.9177390000232838, "lr": 0.00019963251113119806}, "datetime": {"datetime": "2024-04-04 05:48:52", "elapsed": 2356.340216, "delta": 5.041025}}
{"target": -608.4907263352761, "params": {"gamma": 2.586266603337244, "lr": 0.687204927342371}, "datetime": {"datetime": "2024-04-04 05:48:59", "elapsed": 2363.252462, "delta": 6.912246}}
{"target": -402.9113660382571, "params": {"gamma": 0.9515285935243638, "lr": 0.15493611866438406}, "datetime": {"datetime": "2024-04-04 05:49:06", "elapsed": 2370.320048, "delta": 7.067586}}
{"target": -1234.1884125626102, "params": {"gamma": 4.515455385148426, "lr": 1.0}, "datetime": {"datetime": "2024-04-04 05:49:12", "elapsed": 2376.049215, "delta": 5.729167}}
