{"target": -996.9123248708388, "params": {"gamma": 9.1078175389072, "lr": 0.36655664385123443}, "datetime": {"datetime": "2024-03-30 18:19:22", "elapsed": 0.849893, "delta": 0.002992}}
{"target": -407.63584691888275, "params": {"gamma": 4.336489680404373, "lr": 0.5122926922783614}, "datetime": {"datetime": "2024-03-30 18:19:22", "elapsed": 0.853882, "delta": 0.003989}}
{"target": -3362.622598431369, "params": {"gamma": 9.388925887219763, "lr": 0.030949006271150714}, "datetime": {"datetime": "2024-03-30 18:19:22", "elapsed": 0.856884, "delta": 0.003002}}
{"target": -677.2456533248329, "params": {"gamma": 7.1690697576532605, "lr": 0.8910189542923389}, "datetime": {"datetime": "2024-03-30 18:19:22", "elapsed": 0.859866, "delta": 0.002982}}
{"target": -85.67085727047488, "params": {"gamma": 0.2738449479511707, "lr": 0.5220512472525107}, "datetime": {"datetime": "2024-03-30 18:19:22", "elapsed": 0.863826, "delta": 0.00396}}
{"target": -315.9804489206953, "params": {"gamma": 3.2605721278884827, "lr": 0.8594893208655858}, "datetime": {"datetime": "2024-03-30 18:19:22", "elapsed": 0.866849, "delta": 0.003023}}
{"target": -539.6938329146255, "params": {"gamma": 5.585606992674257, "lr": 0.6902278681627478}, "datetime": {"datetime": "2024-03-30 18:19:22", "elapsed": 0.870837, "delta": 0.003988}}
{"target": -426.86897843223534, "params": {"gamma": 4.529082146015424, "lr": 0.6283090375213571}, "datetime": {"datetime": "2024-03-30 18:19:22", "elapsed": 0.873828, "delta": 0.002991}}
{"target": -1040.7451561671219, "params": {"gamma": 2.901678420022571, "lr": 0.009348577966515781}, "datetime": {"datetime": "2024-03-30 18:19:22", "elapsed": 0.876819, "delta": 0.002991}}
{"target": -662.8235626896752, "params": {"gamma": 5.767982593935921, "lr": 0.3114442141324628}, "datetime": {"datetime": "2024-03-30 18:19:22", "elapsed": 0.88081, "delta": 0.003991}}
{"target": -486.1814281162416, "params": {"gamma": 5.1731587174127975, "lr": 0.9164058530538978}, "datetime": {"datetime": "2024-03-30 18:19:22", "elapsed": 0.883804, "delta": 0.002994}}
{"target": -676.73553699077, "params": {"gamma": 4.265321410225459, "lr": 0.2473960366023854}, "datetime": {"datetime": "2024-03-30 18:19:22", "elapsed": 0.887793, "delta": 0.003989}}
{"target": -351.29981220370064, "params": {"gamma": 3.7135663190292654, "lr": 0.9318611166365406}, "datetime": {"datetime": "2024-03-30 18:19:22", "elapsed": 0.890783, "delta": 0.00299}}
{"target": -883.6030557649647, "params": {"gamma": 9.368746944709628, "lr": 0.8443299485657132}, "datetime": {"datetime": "2024-03-30 18:19:22", "elapsed": 0.894773, "delta": 0.00399}}
{"target": -1431.499313082988, "params": {"gamma": 9.202144936542298, "lr": 0.22790028995131695}, "datetime": {"datetime": "2024-03-30 18:19:22", "elapsed": 0.897768, "delta": 0.002995}}
{"target": -176.17333087248642, "params": {"gamma": 0.8757346133263552, "lr": 0.22730973628468876}, "datetime": {"datetime": "2024-03-30 18:19:22", "elapsed": 0.900757, "delta": 0.002989}}
{"target": -719.6178821376511, "params": {"gamma": 3.1444517845243904, "lr": 0.17476587635631158}, "datetime": {"datetime": "2024-03-30 18:19:22", "elapsed": 0.904753, "delta": 0.003996}}
{"target": -616.7007505049489, "params": {"gamma": 6.071334525562633, "lr": 0.41358641500116133}, "datetime": {"datetime": "2024-03-30 18:19:22", "elapsed": 0.907756, "delta": 0.003003}}
{"target": -1754.6655558543798, "params": {"gamma": 8.163698766760314, "lr": 0.18513039826903066}, "datetime": {"datetime": "2024-03-30 18:19:22", "elapsed": 0.911698, "delta": 0.003942}}
{"target": -1097.5203819610783, "params": {"gamma": 7.019063421033349, "lr": 0.24035562484913886}, "datetime": {"datetime": "2024-03-30 18:19:22", "elapsed": 0.914719, "delta": 0.003021}}
{"target": -630.1429907560091, "params": {"gamma": 5.742616669319757, "lr": 0.34898759722078887}, "datetime": {"datetime": "2024-03-30 18:19:22", "elapsed": 0.918708, "delta": 0.003989}}
{"target": -140.50218349797038, "params": {"gamma": 0.5705870304288444, "lr": 0.22881367096037586}, "datetime": {"datetime": "2024-03-30 18:19:22", "elapsed": 0.9217, "delta": 0.002992}}
{"target": -667.6202229085245, "params": {"gamma": 6.641361450992581, "lr": 0.4972500933605313}, "datetime": {"datetime": "2024-03-30 18:19:22", "elapsed": 0.925209, "delta": 0.003509}}
{"target": -1180.877371976577, "params": {"gamma": 5.190640824752714, "lr": 0.1747201501089225}, "datetime": {"datetime": "2024-03-30 18:19:22", "elapsed": 0.928201, "delta": 0.002992}}
{"target": -535.5997209623863, "params": {"gamma": 5.7075877996110185, "lr": 0.99675342520821}, "datetime": {"datetime": "2024-03-30 18:19:22", "elapsed": 0.93219, "delta": 0.003989}}
{"target": -763.1436729558076, "params": {"gamma": 8.168534252807428, "lr": 0.5943726238309778}, "datetime": {"datetime": "2024-03-30 18:19:22", "elapsed": 0.935182, "delta": 0.002992}}
{"target": -919.4839574668874, "params": {"gamma": 9.759914694240718, "lr": 0.9015625846693213}, "datetime": {"datetime": "2024-03-30 18:19:22", "elapsed": 0.93921, "delta": 0.004028}}
{"target": -2133.8333534888816, "params": {"gamma": 5.956483728092853, "lr": 0.032426325314457105}, "datetime": {"datetime": "2024-03-30 18:19:22", "elapsed": 0.942164, "delta": 0.002954}}
{"target": -345.65527062809565, "params": {"gamma": 0.93667738107899, "lr": 0.06537171504222639}, "datetime": {"datetime": "2024-03-30 18:19:22", "elapsed": 0.946153, "delta": 0.003989}}
{"target": -496.74357493960866, "params": {"gamma": 4.517879753766062, "lr": 0.37543483316785775}, "datetime": {"datetime": "2024-03-30 18:19:22", "elapsed": 0.949145, "delta": 0.002992}}
{"target": -2211.923010109867, "params": {"gamma": 9.753524992668595, "lr": 0.1679832931996149}, "datetime": {"datetime": "2024-03-30 18:19:22", "elapsed": 0.952137, "delta": 0.002992}}
{"target": -906.0699006865257, "params": {"gamma": 9.72790313173462, "lr": 0.7674748688630131}, "datetime": {"datetime": "2024-03-30 18:19:22", "elapsed": 0.956127, "delta": 0.00399}}
{"target": -772.1056097444977, "params": {"gamma": 8.242554158405353, "lr": 0.6326158167779973}, "datetime": {"datetime": "2024-03-30 18:19:22", "elapsed": 0.959119, "delta": 0.002992}}
{"target": -672.2491419489501, "params": {"gamma": 6.6876589692971145, "lr": 0.47688233352119336}, "datetime": {"datetime": "2024-03-30 18:19:22", "elapsed": 0.963108, "delta": 0.003989}}
{"target": -114.54654713188211, "params": {"gamma": 0.13235043287379938, "lr": 0.3530060855418248}, "datetime": {"datetime": "2024-03-30 18:19:22", "elapsed": 0.9661, "delta": 0.002992}}
{"target": -470.67393538918157, "params": {"gamma": 4.9212259431340915, "lr": 0.7300912110901043}, "datetime": {"datetime": "2024-03-30 18:19:23", "elapsed": 0.97009, "delta": 0.00399}}
{"target": -472.27969311798995, "params": {"gamma": 4.686814799118347, "lr": 0.4574049160894317}, "datetime": {"datetime": "2024-03-30 18:19:23", "elapsed": 0.973082, "delta": 0.002992}}
{"target": -498.2457973610832, "params": {"gamma": 1.377489746715086, "lr": 0.01088873380347899}, "datetime": {"datetime": "2024-03-30 18:19:23", "elapsed": 0.977071, "delta": 0.003989}}
{"target": -861.5389039233409, "params": {"gamma": 7.583024326509486, "lr": 0.3199528380776784}, "datetime": {"datetime": "2024-03-30 18:19:23", "elapsed": 0.980063, "delta": 0.002992}}
{"target": -1529.6782482191345, "params": {"gamma": 9.843850118484914, "lr": 0.220234226159156}, "datetime": {"datetime": "2024-03-30 18:19:23", "elapsed": 0.984052, "delta": 0.003989}}
{"target": -319.6943574186353, "params": {"gamma": 3.387741546791315, "lr": 0.5238961356661317}, "datetime": {"datetime": "2024-03-30 18:19:23", "elapsed": 0.988042, "delta": 0.00399}}
{"target": -758.3890866666261, "params": {"gamma": 7.549159679148268, "lr": 0.46385778390029564}, "datetime": {"datetime": "2024-03-30 18:19:23", "elapsed": 0.991033, "delta": 0.002991}}
{"target": -174.61690321362926, "params": {"gamma": 1.2491006085736511, "lr": 0.3125013784920495}, "datetime": {"datetime": "2024-03-30 18:19:23", "elapsed": 0.994025, "delta": 0.002992}}
{"target": -488.15303213691345, "params": {"gamma": 5.045687177840246, "lr": 0.6738490080168676}, "datetime": {"datetime": "2024-03-30 18:19:23", "elapsed": 0.998015, "delta": 0.00399}}
{"target": -2643.08490762016, "params": {"gamma": 7.70172941316461, "lr": 0.13033578095435427}, "datetime": {"datetime": "2024-03-30 18:19:23", "elapsed": 1.001576, "delta": 0.003561}}
{"target": -90.58989273414161, "params": {"gamma": 0.23012839809249527, "lr": 0.5190823222119895}, "datetime": {"datetime": "2024-03-30 18:19:23", "elapsed": 1.004571, "delta": 0.002995}}
{"target": -2901.2169376412276, "params": {"gamma": 8.1000771179135, "lr": 0.012603767029876312}, "datetime": {"datetime": "2024-03-30 18:19:23", "elapsed": 1.00856, "delta": 0.003989}}
{"target": -648.4879122151837, "params": {"gamma": 6.725025976692686, "lr": 0.6868082266569918}, "datetime": {"datetime": "2024-03-30 18:19:23", "elapsed": 1.011552, "delta": 0.002992}}
{"target": -423.3069878870102, "params": {"gamma": 4.49301828911279, "lr": 0.9147886867419343}, "datetime": {"datetime": "2024-03-30 18:19:23", "elapsed": 1.015542, "delta": 0.00399}}
{"target": -2308.342195137673, "params": {"gamma": 6.443966486485173, "lr": 0.005239837651465851}, "datetime": {"datetime": "2024-03-30 18:19:23", "elapsed": 1.018533, "delta": 0.002991}}
{"target": -465.505458438781, "params": {"gamma": 4.844800026698242, "lr": 0.8593178060976}, "datetime": {"datetime": "2024-03-30 18:19:23", "elapsed": 1.022522, "delta": 0.003989}}
{"target": -777.8352729588496, "params": {"gamma": 8.304165300803357, "lr": 0.6491541971124779}, "datetime": {"datetime": "2024-03-30 18:19:23", "elapsed": 1.026511, "delta": 0.003989}}
{"target": -630.0534045341435, "params": {"gamma": 6.737310540562419, "lr": 0.5784995797892005}, "datetime": {"datetime": "2024-03-30 18:19:23", "elapsed": 1.029503, "delta": 0.002992}}
{"target": -260.0730725711145, "params": {"gamma": 2.741923631893355, "lr": 0.5605299905360588}, "datetime": {"datetime": "2024-03-30 18:19:23", "elapsed": 1.033514, "delta": 0.004011}}
{"target": -736.394701587644, "params": {"gamma": 6.717626118389386, "lr": 0.35242963021640883}, "datetime": {"datetime": "2024-03-30 18:19:23", "elapsed": 1.036485, "delta": 0.002971}}
{"target": -1839.1345120012004, "params": {"gamma": 8.558427844172023, "lr": 0.1950374860087073}, "datetime": {"datetime": "2024-03-30 18:19:23", "elapsed": 1.040474, "delta": 0.003989}}
{"target": -849.5424052927476, "params": {"gamma": 7.473460782508901, "lr": 0.2896027461868774}, "datetime": {"datetime": "2024-03-30 18:19:23", "elapsed": 1.043466, "delta": 0.002992}}
{"target": -785.0315362022797, "params": {"gamma": 7.738219073154577, "lr": 0.4277373293360762}, "datetime": {"datetime": "2024-03-30 18:19:23", "elapsed": 1.047455, "delta": 0.003989}}
{"target": -884.5748403128684, "params": {"gamma": 8.077176392712982, "lr": 0.3535348626679904}, "datetime": {"datetime": "2024-03-30 18:19:23", "elapsed": 1.050447, "delta": 0.002992}}
{"target": -205.08228519532386, "params": {"gamma": 2.137718683058182, "lr": 0.7672845084217665}, "datetime": {"datetime": "2024-03-30 18:19:23", "elapsed": 1.054436, "delta": 0.003989}}
{"target": -297.7346545878624, "params": {"gamma": 3.0871108343588807, "lr": 0.7332450677264275}, "datetime": {"datetime": "2024-03-30 18:19:23", "elapsed": 1.058426, "delta": 0.00399}}
{"target": -1162.6739799697186, "params": {"gamma": 7.444987057624244, "lr": 0.22139670090820107}, "datetime": {"datetime": "2024-03-30 18:19:23", "elapsed": 1.061418, "delta": 0.002992}}
{"target": -470.2793241107249, "params": {"gamma": 2.141907256069664, "lr": 0.1989479234270667}, "datetime": {"datetime": "2024-03-30 18:19:23", "elapsed": 1.065407, "delta": 0.003989}}
{"target": -165.4470476983316, "params": {"gamma": 1.4260408593206808, "lr": 0.3770825992073341}, "datetime": {"datetime": "2024-03-30 18:19:23", "elapsed": 1.068399, "delta": 0.002992}}
{"target": -153.8922124052702, "params": {"gamma": 0.26725221903152313, "lr": 0.11092036903424063}, "datetime": {"datetime": "2024-03-30 18:19:23", "elapsed": 1.072388, "delta": 0.003989}}
{"target": -630.2507307965598, "params": {"gamma": 6.745965673610343, "lr": 0.7997765368973863}, "datetime": {"datetime": "2024-03-30 18:19:23", "elapsed": 1.07538, "delta": 0.002992}}
{"target": -167.37870123755107, "params": {"gamma": 0.8062147417567307, "lr": 0.23170231048579204}, "datetime": {"datetime": "2024-03-30 18:19:23", "elapsed": 1.07937, "delta": 0.00399}}
{"target": -200.65735640805775, "params": {"gamma": 2.0770489923763398, "lr": 0.9173335630816306}, "datetime": {"datetime": "2024-03-30 18:19:23", "elapsed": 1.083032, "delta": 0.003662}}
{"target": -665.719630754435, "params": {"gamma": 7.113433866846732, "lr": 0.5538846110514143}, "datetime": {"datetime": "2024-03-30 18:19:23", "elapsed": 1.086086, "delta": 0.003054}}
{"target": -292.7485022175224, "params": {"gamma": 3.0458753612182816, "lr": 0.8348540476317985}, "datetime": {"datetime": "2024-03-30 18:19:23", "elapsed": 1.08964, "delta": 0.003554}}
{"target": -410.4247196064771, "params": {"gamma": 4.353624270337571, "lr": 0.9234562151187752}, "datetime": {"datetime": "2024-03-30 18:19:23", "elapsed": 1.09268, "delta": 0.00304}}
{"target": -709.5589777351178, "params": {"gamma": 7.0608119915549965, "lr": 0.47803130796528337}, "datetime": {"datetime": "2024-03-30 18:19:23", "elapsed": 1.096669, "delta": 0.003989}}
{"target": -127.11503075276335, "params": {"gamma": 1.2629748273898376, "lr": 0.9760435504677476}, "datetime": {"datetime": "2024-03-30 18:19:23", "elapsed": 1.099661, "delta": 0.002992}}
{"target": -276.470844489393, "params": {"gamma": 1.5991766697905894, "lr": 0.2026021252196626}, "datetime": {"datetime": "2024-03-30 18:19:23", "elapsed": 1.10365, "delta": 0.003989}}
{"target": -439.1985914235205, "params": {"gamma": 4.312386369848549, "lr": 0.40420190577514725}, "datetime": {"datetime": "2024-03-30 18:19:23", "elapsed": 1.106642, "delta": 0.002992}}
{"target": -146.86639929903768, "params": {"gamma": 1.4683680561621768, "lr": 0.7293189193611234}, "datetime": {"datetime": "2024-03-30 18:19:23", "elapsed": 1.110632, "delta": 0.00399}}
{"target": -183.01626073483536, "params": {"gamma": 1.8882619237049822, "lr": 0.6438956443116628}, "datetime": {"datetime": "2024-03-30 18:19:23", "elapsed": 1.114621, "delta": 0.003989}}
{"target": -1177.714412740755, "params": {"gamma": 7.543305199812411, "lr": 0.21073239208332073}, "datetime": {"datetime": "2024-03-30 18:19:23", "elapsed": 1.117613, "delta": 0.002992}}
{"target": -573.509194214708, "params": {"gamma": 6.0099415268282925, "lr": 0.7489283752458364}, "datetime": {"datetime": "2024-03-30 18:19:23", "elapsed": 1.121602, "delta": 0.003989}}
{"target": -597.0681464224773, "params": {"gamma": 6.382548887492715, "lr": 0.5971273029466491}, "datetime": {"datetime": "2024-03-30 18:19:23", "elapsed": 1.124594, "delta": 0.002992}}
{"target": -285.36478243518235, "params": {"gamma": 2.955527374269315, "lr": 0.7316064712415088}, "datetime": {"datetime": "2024-03-30 18:19:23", "elapsed": 1.128584, "delta": 0.00399}}
{"target": -958.2338041640576, "params": {"gamma": 9.453139091559498, "lr": 0.42556139026154693}, "datetime": {"datetime": "2024-03-30 18:19:23", "elapsed": 1.131575, "delta": 0.002991}}
{"target": -2801.6791854190137, "params": {"gamma": 7.822035986497222, "lr": 0.056141039661915304}, "datetime": {"datetime": "2024-03-30 18:19:23", "elapsed": 1.135565, "delta": 0.00399}}
{"target": -1795.148880308966, "params": {"gamma": 8.35288075329717, "lr": 0.1922500168221477}, "datetime": {"datetime": "2024-03-30 18:19:23", "elapsed": 1.138557, "delta": 0.002992}}
{"target": -464.13232354839585, "params": {"gamma": 3.951573592030842, "lr": 0.30008104592535645}, "datetime": {"datetime": "2024-03-30 18:19:23", "elapsed": 1.142546, "delta": 0.003989}}
{"target": -89.95643942234037, "params": {"gamma": 0.8019563344166869, "lr": 0.9046310029362429}, "datetime": {"datetime": "2024-03-30 18:19:23", "elapsed": 1.145538, "delta": 0.002992}}
{"target": -348.80740135601627, "params": {"gamma": 3.702171621359829, "lr": 0.5306974384761395}, "datetime": {"datetime": "2024-03-30 18:19:23", "elapsed": 1.149527, "delta": 0.003989}}
{"target": -1696.464343455528, "params": {"gamma": 4.941668542697355, "lr": 0.13216114194293815}, "datetime": {"datetime": "2024-03-30 18:19:23", "elapsed": 1.152519, "delta": 0.002992}}
{"target": -742.1770227840597, "params": {"gamma": 2.0653341348354406, "lr": 0.07618880903232117}, "datetime": {"datetime": "2024-03-30 18:19:23", "elapsed": 1.156508, "delta": 0.003989}}
{"target": -610.3478508936032, "params": {"gamma": 5.07970907775293, "lr": 0.2615495518329871}, "datetime": {"datetime": "2024-03-30 18:19:23", "elapsed": 1.159501, "delta": 0.002993}}
{"target": -1226.6672485280487, "params": {"gamma": 3.5712590272190368, "lr": 0.10806532869723684}, "datetime": {"datetime": "2024-03-30 18:19:23", "elapsed": 1.16349, "delta": 0.003989}}
{"target": -2702.766532307162, "params": {"gamma": 7.87573084468542, "lr": 0.1065838767888011}, "datetime": {"datetime": "2024-03-30 18:19:23", "elapsed": 1.166482, "delta": 0.002992}}
{"target": -2235.3313616770656, "params": {"gamma": 9.857102528308165, "lr": 0.17716116443841734}, "datetime": {"datetime": "2024-03-30 18:19:23", "elapsed": 1.170471, "delta": 0.003989}}
{"target": -2050.78231809858, "params": {"gamma": 5.724478719234059, "lr": 0.044845334589088126}, "datetime": {"datetime": "2024-03-30 18:19:23", "elapsed": 1.173491, "delta": 0.00302}}
{"target": -1692.111629623508, "params": {"gamma": 7.871375780268687, "lr": 0.18960594781829654}, "datetime": {"datetime": "2024-03-30 18:19:23", "elapsed": 1.177453, "delta": 0.003962}}
{"target": -504.5100007953842, "params": {"gamma": 5.279511880102859, "lr": 0.7400775431590716}, "datetime": {"datetime": "2024-03-30 18:19:23", "elapsed": 1.180445, "delta": 0.002992}}
{"target": -147.28055931005386, "params": {"gamma": 1.5001649176876422, "lr": 0.5510871741869717}, "datetime": {"datetime": "2024-03-30 18:19:23", "elapsed": 1.184434, "delta": 0.003989}}
{"target": -207.75257306983576, "params": {"gamma": 2.1669554660794654, "lr": 0.7591960493171447}, "datetime": {"datetime": "2024-03-30 18:19:23", "elapsed": 1.187426, "delta": 0.002992}}
{"target": -1641.497340355857, "params": {"gamma": 7.229429020368581, "lr": 0.17654903427708302}, "datetime": {"datetime": "2024-03-30 18:19:23", "elapsed": 1.191416, "delta": 0.00399}}
{"target": -3087.277791706403, "params": {"gamma": 8.619803610113067, "lr": 0.019775099516344263}, "datetime": {"datetime": "2024-03-30 18:19:23", "elapsed": 1.194408, "delta": 0.002992}}
{"target": -804.1948597017182, "params": {"gamma": 8.60250973723373, "lr": 0.5589038111609383}, "datetime": {"datetime": "2024-03-30 18:19:23", "elapsed": 1.198397, "delta": 0.003989}}
{"target": -379.4323196490772, "params": {"gamma": 4.032801500586387, "lr": 0.7587469310223366}, "datetime": {"datetime": "2024-03-30 18:19:23", "elapsed": 1.201389, "delta": 0.002992}}
{"target": -670.8155163437191, "params": {"gamma": 7.169573087923007, "lr": 0.9873261748084265}, "datetime": {"datetime": "2024-03-30 18:19:23", "elapsed": 1.205378, "delta": 0.003989}}
{"target": -997.8216232169669, "params": {"gamma": 2.7815724010812146, "lr": 0.0037936724093425855}, "datetime": {"datetime": "2024-03-30 18:19:23", "elapsed": 1.209368, "delta": 0.00399}}
{"target": -890.1693575627548, "params": {"gamma": 9.339092180540563, "lr": 0.8578971045378938}, "datetime": {"datetime": "2024-03-30 18:19:23", "elapsed": 1.21236, "delta": 0.002992}}
{"target": -682.0249808080897, "params": {"gamma": 7.28877992431504, "lr": 0.5166887829215384}, "datetime": {"datetime": "2024-03-30 18:19:23", "elapsed": 1.216349, "delta": 0.003989}}
{"target": -660.207611661174, "params": {"gamma": 7.069855496242362, "lr": 0.7805295568767427}, "datetime": {"datetime": "2024-03-30 18:19:23", "elapsed": 1.219341, "delta": 0.002992}}
{"target": -353.2688436600316, "params": {"gamma": 3.749384559425057, "lr": 0.7703225253299576}, "datetime": {"datetime": "2024-03-30 18:19:23", "elapsed": 1.22333, "delta": 0.003989}}
{"target": -702.9624340257164, "params": {"gamma": 7.506492567432579, "lr": 0.6132112115442597}, "datetime": {"datetime": "2024-03-30 18:19:23", "elapsed": 1.226322, "delta": 0.002992}}
{"target": -390.22184353275645, "params": {"gamma": 4.019257373754407, "lr": 0.6973080192643409}, "datetime": {"datetime": "2024-03-30 18:19:23", "elapsed": 1.230311, "delta": 0.003989}}
{"target": -132.51052438169856, "params": {"gamma": 0.032125465394095866, "lr": 0.7748966467245978}, "datetime": {"datetime": "2024-03-30 18:19:23", "elapsed": 1.233303, "delta": 0.002992}}
{"target": -1395.1054978781758, "params": {"gamma": 8.964269607966013, "lr": 0.23931570743750463}, "datetime": {"datetime": "2024-03-30 18:19:23", "elapsed": 1.237293, "delta": 0.00399}}
{"target": -220.9569023123644, "params": {"gamma": 1.208551075907988, "lr": 0.2202839877937276}, "datetime": {"datetime": "2024-03-30 18:19:23", "elapsed": 1.240284, "delta": 0.002991}}
{"target": -293.4674723100167, "params": {"gamma": 3.021665216169693, "lr": 0.8830285085638342}, "datetime": {"datetime": "2024-03-30 18:19:23", "elapsed": 1.244274, "delta": 0.00399}}
{"target": -626.062025228819, "params": {"gamma": 5.432121135950708, "lr": 0.2867116496064306}, "datetime": {"datetime": "2024-03-30 18:19:23", "elapsed": 1.247266, "delta": 0.002992}}
{"target": -188.19170916678763, "params": {"gamma": 1.3844085432396722, "lr": 0.29014446310454167}, "datetime": {"datetime": "2024-03-30 18:19:23", "elapsed": 1.251255, "delta": 0.003989}}
{"target": -703.448788313306, "params": {"gamma": 6.139097026322785, "lr": 0.3241385298974466}, "datetime": {"datetime": "2024-03-30 18:19:23", "elapsed": 1.254247, "delta": 0.002992}}
