{"target": -1591.797750903951, "params": {"gamma": 6.052523738337006, "lr": 0.9904061968899467}, "datetime": {"datetime": "2024-04-04 21:00:54", "elapsed": 2.049641, "delta": 0.003223}}
{"target": -863.9663998087203, "params": {"gamma": 7.739388583314729, "lr": 0.33427640499382627}, "datetime": {"datetime": "2024-04-04 21:00:54", "elapsed": 2.052773, "delta": 0.003132}}
{"target": -185.38528767568303, "params": {"gamma": 0.8908932100029573, "lr": 0.18490559027840836}, "datetime": {"datetime": "2024-04-04 21:00:54", "elapsed": 2.055891, "delta": 0.003118}}
{"target": -706.0972649433506, "params": {"gamma": 5.2689919070424525, "lr": 0.417102418106858}, "datetime": {"datetime": "2024-04-04 21:00:54", "elapsed": 2.059011, "delta": 0.00312}}
{"target": -2101.657371106401, "params": {"gamma": 8.006795921634268, "lr": 0.9332023381866817}, "datetime": {"datetime": "2024-04-04 21:00:54", "elapsed": 2.062075, "delta": 0.003064}}
{"target": -468.57511300907447, "params": {"gamma": 1.779469614765534, "lr": 0.8600667708762162}, "datetime": {"datetime": "2024-04-04 21:00:54", "elapsed": 2.065198, "delta": 0.003123}}
{"target": -2510.6389125082596, "params": {"gamma": 9.57399186834036, "lr": 0.9594706068497821}, "datetime": {"datetime": "2024-04-04 21:00:54", "elapsed": 2.068382, "delta": 0.003184}}
{"target": -260.92336176339313, "params": {"gamma": 0.37958801461658453, "lr": 0.05758350560817371}, "datetime": {"datetime": "2024-04-04 21:00:54", "elapsed": 2.071591, "delta": 0.003209}}
{"target": -142.06744616889125, "params": {"gamma": 0.05896813178397224, "lr": 0.3126811561554764}, "datetime": {"datetime": "2024-04-04 21:00:54", "elapsed": 2.074642, "delta": 0.003051}}
{"target": -133.68799548580105, "params": {"gamma": 0.5579284287083343, "lr": 0.29386248547054417}, "datetime": {"datetime": "2024-04-04 21:00:54", "elapsed": 2.077943, "delta": 0.003301}}
{"target": -942.7934218134384, "params": {"gamma": 3.5608088438258343, "lr": 0.9536770184739218}, "datetime": {"datetime": "2024-04-04 21:00:54", "elapsed": 2.081322, "delta": 0.003379}}
{"target": -501.05477798823557, "params": {"gamma": 4.770032273945294, "lr": 0.27823844242133033}, "datetime": {"datetime": "2024-04-04 21:00:54", "elapsed": 2.084435, "delta": 0.003113}}
{"target": -899.1871509808786, "params": {"gamma": 5.030548945314497, "lr": 0.6433579246491355}, "datetime": {"datetime": "2024-04-04 21:00:54", "elapsed": 2.087659, "delta": 0.003224}}
{"target": -282.72002775810955, "params": {"gamma": 1.1133454800017826, "lr": 0.7580616581331086}, "datetime": {"datetime": "2024-04-04 21:00:54", "elapsed": 2.090757, "delta": 0.003098}}
{"target": -2028.8408568427983, "params": {"gamma": 8.519605767101668, "lr": 0.8442498595694283}, "datetime": {"datetime": "2024-04-04 21:00:54", "elapsed": 2.0938, "delta": 0.003043}}
{"target": -1022.3852271409937, "params": {"gamma": 8.905177817288482, "lr": 0.38184239675576115}, "datetime": {"datetime": "2024-04-04 21:00:54", "elapsed": 2.096788, "delta": 0.002988}}
{"target": -1673.9145235365474, "params": {"gamma": 4.438608178466819, "lr": 0.10158147594616618}, "datetime": {"datetime": "2024-04-04 21:00:54", "elapsed": 2.099798, "delta": 0.00301}}
{"target": -606.172958931213, "params": {"gamma": 2.25884341738992, "lr": 0.971320469273211}, "datetime": {"datetime": "2024-04-04 21:00:54", "elapsed": 2.10283, "delta": 0.003032}}
{"target": -741.3288653432307, "params": {"gamma": 2.8469550657183857, "lr": 0.9073961422409973}, "datetime": {"datetime": "2024-04-04 21:00:54", "elapsed": 2.10587, "delta": 0.00304}}
{"target": -2336.2153672690793, "params": {"gamma": 8.905632311496733, "lr": 0.9225044972603934}, "datetime": {"datetime": "2024-04-04 21:00:54", "elapsed": 2.109008, "delta": 0.003138}}
{"target": -423.1599320446501, "params": {"gamma": 1.5623394948435068, "lr": 0.8797221435013809}, "datetime": {"datetime": "2024-04-04 21:00:54", "elapsed": 2.112373, "delta": 0.003365}}
{"target": -590.905588284989, "params": {"gamma": 6.320317509680909, "lr": 0.21062817841880244}, "datetime": {"datetime": "2024-04-04 21:00:54", "elapsed": 2.115696, "delta": 0.003323}}
{"target": -675.4348740044094, "params": {"gamma": 3.4518140318860318, "lr": 0.1599187885892832}, "datetime": {"datetime": "2024-04-04 21:00:54", "elapsed": 2.118739, "delta": 0.003043}}
{"target": -2174.456362901476, "params": {"gamma": 4.444037226303826, "lr": 0.08377495384546052}, "datetime": {"datetime": "2024-04-04 21:00:54", "elapsed": 2.121877, "delta": 0.003138}}
{"target": -272.070965614026, "params": {"gamma": 1.654019586311918, "lr": 0.19719634646666928}, "datetime": {"datetime": "2024-04-04 21:00:54", "elapsed": 2.124954, "delta": 0.003077}}
{"target": -1156.3697740012713, "params": {"gamma": 6.910582388225486, "lr": 0.573802869165353}, "datetime": {"datetime": "2024-04-04 21:00:54", "elapsed": 2.127941, "delta": 0.002987}}
{"target": -743.2917780580316, "params": {"gamma": 8.733358017233284, "lr": 0.2446340657192081}, "datetime": {"datetime": "2024-04-04 21:00:54", "elapsed": 2.130966, "delta": 0.003025}}
{"target": -3268.221695445138, "params": {"gamma": 6.296449959232413, "lr": 0.034431265307095615}, "datetime": {"datetime": "2024-04-04 21:00:54", "elapsed": 2.134056, "delta": 0.00309}}
{"target": -1313.9570696995731, "params": {"gamma": 5.162468412309614, "lr": 0.8632264817138495}, "datetime": {"datetime": "2024-04-04 21:00:54", "elapsed": 2.137125, "delta": 0.003069}}
{"target": -5102.576216811615, "params": {"gamma": 9.841281312305282, "lr": 0.009872975358918512}, "datetime": {"datetime": "2024-04-04 21:00:54", "elapsed": 2.140198, "delta": 0.003073}}
{"target": -242.007740869383, "params": {"gamma": 2.5291619792860742, "lr": 0.22384967032752534}, "datetime": {"datetime": "2024-04-04 21:00:54", "elapsed": 2.143399, "delta": 0.003201}}
{"target": -301.06753893035403, "params": {"gamma": 0.4763284046833772, "lr": 0.010172456261775653}, "datetime": {"datetime": "2024-04-04 21:00:54", "elapsed": 2.146667, "delta": 0.003268}}
{"target": -2547.0653751170876, "params": {"gamma": 4.902462927130074, "lr": 0.04548214567029407}, "datetime": {"datetime": "2024-04-04 21:00:54", "elapsed": 2.149853, "delta": 0.003186}}
{"target": -509.9604768866129, "params": {"gamma": 2.784002980338173, "lr": 0.6399745691089123}, "datetime": {"datetime": "2024-04-04 21:00:54", "elapsed": 2.152872, "delta": 0.003019}}
{"target": -325.49745485978667, "params": {"gamma": 2.9476257235674814, "lr": 0.26965470115905144}, "datetime": {"datetime": "2024-04-04 21:00:54", "elapsed": 2.155905, "delta": 0.003033}}
{"target": -684.1123716079246, "params": {"gamma": 5.905874675913428, "lr": 0.38053407720964005}, "datetime": {"datetime": "2024-04-04 21:00:54", "elapsed": 2.158943, "delta": 0.003038}}
{"target": -1018.7559627887742, "params": {"gamma": 7.025527816580048, "lr": 0.4961239512498611}, "datetime": {"datetime": "2024-04-04 21:00:54", "elapsed": 2.161996, "delta": 0.003053}}
{"target": -710.9329905296828, "params": {"gamma": 6.33245944879897, "lr": 0.3533943470016294}, "datetime": {"datetime": "2024-04-04 21:00:54", "elapsed": 2.16503, "delta": 0.003034}}
{"target": -727.5622098750468, "params": {"gamma": 2.871152417608931, "lr": 0.13320711375110195}, "datetime": {"datetime": "2024-04-04 21:00:54", "elapsed": 2.168066, "delta": 0.003036}}
{"target": -2201.325118175016, "params": {"gamma": 9.370866767604843, "lr": 0.8048358460157946}, "datetime": {"datetime": "2024-04-04 21:00:54", "elapsed": 2.171107, "delta": 0.003041}}
{"target": -1321.6965778418844, "params": {"gamma": 9.380347403020368, "lr": 0.1853805246478023}, "datetime": {"datetime": "2024-04-04 21:00:54", "elapsed": 2.174182, "delta": 0.003075}}
{"target": -2447.386899570493, "params": {"gamma": 9.331624472469432, "lr": 0.9357532076921331}, "datetime": {"datetime": "2024-04-04 21:00:54", "elapsed": 2.177492, "delta": 0.00331}}
{"target": -315.0233218668075, "params": {"gamma": 2.8361615915229414, "lr": 0.27463424842386297}, "datetime": {"datetime": "2024-04-04 21:00:54", "elapsed": 2.180918, "delta": 0.003426}}
{"target": -790.4612830513199, "params": {"gamma": 5.514764305160052, "lr": 0.18528923936855235}, "datetime": {"datetime": "2024-04-04 21:00:54", "elapsed": 2.184048, "delta": 0.00313}}
{"target": -640.6595411194584, "params": {"gamma": 4.421569005157032, "lr": 0.1853176459376844}, "datetime": {"datetime": "2024-04-04 21:00:54", "elapsed": 2.187381, "delta": 0.003333}}
{"target": -1366.1666585129258, "params": {"gamma": 9.473811803621638, "lr": 0.4938246574910856}, "datetime": {"datetime": "2024-04-04 21:00:54", "elapsed": 2.190382, "delta": 0.003001}}
{"target": -1702.8718430795261, "params": {"gamma": 9.639213756472554, "lr": 0.6449416725122118}, "datetime": {"datetime": "2024-04-04 21:00:54", "elapsed": 2.193449, "delta": 0.003067}}
{"target": -1276.6399177960657, "params": {"gamma": 4.843673414550824, "lr": 0.9676952459611975}, "datetime": {"datetime": "2024-04-04 21:00:54", "elapsed": 2.196467, "delta": 0.003018}}
{"target": -280.58906784254907, "params": {"gamma": 1.4327546273059197, "lr": 0.6323298746664966}, "datetime": {"datetime": "2024-04-04 21:00:54", "elapsed": 2.199535, "delta": 0.003068}}
{"target": -940.6294254201779, "params": {"gamma": 6.6192217900001395, "lr": 0.43383982715272595}, "datetime": {"datetime": "2024-04-04 21:00:54", "elapsed": 2.202565, "delta": 0.00303}}
{"target": -152.87574688891647, "params": {"gamma": 0.594512896164236, "lr": 0.4927226011660333}, "datetime": {"datetime": "2024-04-04 21:00:54", "elapsed": 2.205817, "delta": 0.003252}}
{"target": -1100.2607674506637, "params": {"gamma": 4.651874301237257, "lr": 0.8067468107748635}, "datetime": {"datetime": "2024-04-04 21:00:54", "elapsed": 2.209118, "delta": 0.003301}}
{"target": -313.5352972300105, "params": {"gamma": 2.5673532385398095, "lr": 0.3914303629842686}, "datetime": {"datetime": "2024-04-04 21:00:54", "elapsed": 2.212487, "delta": 0.003369}}
{"target": -486.73846000317747, "params": {"gamma": 2.402481900006551, "lr": 0.6864434151723641}, "datetime": {"datetime": "2024-04-04 21:00:54", "elapsed": 2.215865, "delta": 0.003378}}
{"target": -1472.1766432572767, "params": {"gamma": 9.898844649917818, "lr": 0.1774295368682619}, "datetime": {"datetime": "2024-04-04 21:00:54", "elapsed": 2.219027, "delta": 0.003162}}
{"target": -700.7976413016694, "params": {"gamma": 8.214645955522746, "lr": 0.2309885592816333}, "datetime": {"datetime": "2024-04-04 21:00:54", "elapsed": 2.222144, "delta": 0.003117}}
{"target": -215.34295894134542, "params": {"gamma": 0.5807001579142975, "lr": 0.13881651804567363}, "datetime": {"datetime": "2024-04-04 21:00:54", "elapsed": 2.225311, "delta": 0.003167}}
{"target": -2415.2018440408383, "params": {"gamma": 9.351596002308344, "lr": 0.8885421033562281}, "datetime": {"datetime": "2024-04-04 21:00:54", "elapsed": 2.228375, "delta": 0.003064}}
{"target": -769.7219369059512, "params": {"gamma": 2.893315694333617, "lr": 0.9477640661016069}, "datetime": {"datetime": "2024-04-04 21:00:54", "elapsed": 2.231437, "delta": 0.003062}}
{"target": -1201.6907918903817, "params": {"gamma": 8.499455421778958, "lr": 0.4346547940716735}, "datetime": {"datetime": "2024-04-04 21:00:54", "elapsed": 2.234666, "delta": 0.003229}}
{"target": -828.996333660178, "params": {"gamma": 4.681027499109862, "lr": 0.6298530215834227}, "datetime": {"datetime": "2024-04-04 21:00:54", "elapsed": 2.237854, "delta": 0.003188}}
{"target": -836.8318667673254, "params": {"gamma": 1.581160317803163, "lr": 0.014782086742092915}, "datetime": {"datetime": "2024-04-04 21:00:54", "elapsed": 2.241013, "delta": 0.003159}}
{"target": -1386.8809530361618, "params": {"gamma": 2.655854662706386, "lr": 0.015443631942760883}, "datetime": {"datetime": "2024-04-04 21:00:54", "elapsed": 2.244239, "delta": 0.003226}}
{"target": -1063.3183555691955, "params": {"gamma": 6.745313942778413, "lr": 0.5514688358127765}, "datetime": {"datetime": "2024-04-04 21:00:54", "elapsed": 2.247642, "delta": 0.003403}}
{"target": -747.7603629114932, "params": {"gamma": 3.2171598078821737, "lr": 0.7802023371197586}, "datetime": {"datetime": "2024-04-04 21:00:54", "elapsed": 2.250702, "delta": 0.00306}}
{"target": -167.51928075596365, "params": {"gamma": 1.4587085267165556, "lr": 0.2448806387618836}, "datetime": {"datetime": "2024-04-04 21:00:54", "elapsed": 2.25387, "delta": 0.003168}}
{"target": -437.35021618352977, "params": {"gamma": 2.923845306630798, "lr": 0.19593194649899215}, "datetime": {"datetime": "2024-04-04 21:00:54", "elapsed": 2.257003, "delta": 0.003133}}
{"target": -256.5583287581698, "params": {"gamma": 0.8802988990222627, "lr": 0.8699761802716075}, "datetime": {"datetime": "2024-04-04 21:00:54", "elapsed": 2.260058, "delta": 0.003055}}
{"target": -212.2139257882294, "params": {"gamma": 0.8827982670695292, "lr": 0.6837103358216379}, "datetime": {"datetime": "2024-04-04 21:00:54", "elapsed": 2.26312, "delta": 0.003062}}
{"target": -647.4216267160355, "params": {"gamma": 1.204888367700376, "lr": 0.010699003144174157}, "datetime": {"datetime": "2024-04-04 21:00:54", "elapsed": 2.266277, "delta": 0.003157}}
{"target": -1434.0337092783734, "params": {"gamma": 5.573125032519063, "lr": 0.9071090552203707}, "datetime": {"datetime": "2024-04-04 21:00:54", "elapsed": 2.269438, "delta": 0.003161}}
{"target": -958.1856827569155, "params": {"gamma": 8.604706216701516, "lr": 0.33845138411825004}, "datetime": {"datetime": "2024-04-04 21:00:54", "elapsed": 2.272619, "delta": 0.003181}}
{"target": -146.47770567769604, "params": {"gamma": 0.27256113442929636, "lr": 0.8008593551300331}, "datetime": {"datetime": "2024-04-04 21:00:54", "elapsed": 2.275822, "delta": 0.003203}}
{"target": -2043.7051552447879, "params": {"gamma": 8.06004333796437, "lr": 0.8684881163027721}, "datetime": {"datetime": "2024-04-04 21:00:54", "elapsed": 2.279292, "delta": 0.00347}}
{"target": -1577.119869872333, "params": {"gamma": 6.696796352155456, "lr": 0.8077788623150765}, "datetime": {"datetime": "2024-04-04 21:00:54", "elapsed": 2.282559, "delta": 0.003267}}
{"target": -1295.3744665925249, "params": {"gamma": 8.9750853247459, "lr": 0.4538299504900123}, "datetime": {"datetime": "2024-04-04 21:00:54", "elapsed": 2.285711, "delta": 0.003152}}
{"target": -883.9344121621319, "params": {"gamma": 5.578695211845391, "lr": 0.5061311288282347}, "datetime": {"datetime": "2024-04-04 21:00:54", "elapsed": 2.288963, "delta": 0.003252}}
{"target": -1358.011022705081, "params": {"gamma": 6.920147061337664, "lr": 0.6829068676298748}, "datetime": {"datetime": "2024-04-04 21:00:54", "elapsed": 2.292101, "delta": 0.003138}}
{"target": -1256.7585257649498, "params": {"gamma": 5.203616044997302, "lr": 0.8284681480854713}, "datetime": {"datetime": "2024-04-04 21:00:54", "elapsed": 2.295181, "delta": 0.00308}}
{"target": -1222.0859489210723, "params": {"gamma": 5.058288088511875, "lr": 0.8248585623852319}, "datetime": {"datetime": "2024-04-04 21:00:54", "elapsed": 2.298183, "delta": 0.003002}}
{"target": -445.82956659036154, "params": {"gamma": 2.8191690363442863, "lr": 0.17849483297748825}, "datetime": {"datetime": "2024-04-04 21:00:54", "elapsed": 2.301332, "delta": 0.003149}}
{"target": -1959.9026639458973, "params": {"gamma": 9.698735832876796, "lr": 0.7419395254560768}, "datetime": {"datetime": "2024-04-04 21:00:54", "elapsed": 2.304621, "delta": 0.003289}}
{"target": -452.92090063738414, "params": {"gamma": 2.598657141350841, "lr": 0.5812353422911717}, "datetime": {"datetime": "2024-04-04 21:00:54", "elapsed": 2.307675, "delta": 0.003054}}
{"target": -4953.220180433161, "params": {"gamma": 9.55266727312833, "lr": 0.0807539078120788}, "datetime": {"datetime": "2024-04-04 21:00:54", "elapsed": 2.310978, "delta": 0.003303}}
{"target": -186.01634589673174, "params": {"gamma": 0.8362585364103492, "lr": 0.6191348314199072}, "datetime": {"datetime": "2024-04-04 21:00:54", "elapsed": 2.31436, "delta": 0.003382}}
{"target": -525.6538563840129, "params": {"gamma": 2.245710294880741, "lr": 0.7651839567335081}, "datetime": {"datetime": "2024-04-04 21:00:54", "elapsed": 2.317462, "delta": 0.003102}}
{"target": -1012.6532747919339, "params": {"gamma": 5.681957276948102, "lr": 0.6661880902234952}, "datetime": {"datetime": "2024-04-04 21:00:54", "elapsed": 2.320701, "delta": 0.003239}}
{"target": -552.0943849814963, "params": {"gamma": 1.0790311940451294, "lr": 0.08428305143655679}, "datetime": {"datetime": "2024-04-04 21:00:54", "elapsed": 2.323721, "delta": 0.00302}}
{"target": -833.3787813803872, "params": {"gamma": 6.251585561986592, "lr": 0.4097312611340205}, "datetime": {"datetime": "2024-04-04 21:00:54", "elapsed": 2.326812, "delta": 0.003091}}
{"target": -152.2388735286152, "params": {"gamma": 0.8734379861959459, "lr": 0.3710639450161891}, "datetime": {"datetime": "2024-04-04 21:00:54", "elapsed": 2.329851, "delta": 0.003039}}
{"target": -956.2325799406004, "params": {"gamma": 6.72177195215883, "lr": 0.1895874001915857}, "datetime": {"datetime": "2024-04-04 21:00:54", "elapsed": 2.332904, "delta": 0.003053}}
{"target": -2349.723852216874, "params": {"gamma": 8.957395356178512, "lr": 0.9498463888800873}, "datetime": {"datetime": "2024-04-04 21:00:54", "elapsed": 2.335963, "delta": 0.003059}}
{"target": -1943.2692825777533, "params": {"gamma": 9.615763851802903, "lr": 0.7300825577402602}, "datetime": {"datetime": "2024-04-04 21:00:54", "elapsed": 2.339035, "delta": 0.003072}}
{"target": -831.4851450279234, "params": {"gamma": 4.063477988455463, "lr": 0.7437491963512196}, "datetime": {"datetime": "2024-04-04 21:00:54", "elapsed": 2.342144, "delta": 0.003109}}
{"target": -304.06532103846314, "params": {"gamma": 2.8805808058682407, "lr": 0.3144172223907462}, "datetime": {"datetime": "2024-04-04 21:00:54", "elapsed": 2.3455, "delta": 0.003356}}
{"target": -1016.8819854218145, "params": {"gamma": 6.059357715817362, "lr": 0.5948471334079176}, "datetime": {"datetime": "2024-04-04 21:00:54", "elapsed": 2.348862, "delta": 0.003362}}
{"target": -895.4304972611691, "params": {"gamma": 8.786731102181795, "lr": 0.25460075566057694}, "datetime": {"datetime": "2024-04-04 21:00:54", "elapsed": 2.351913, "delta": 0.003051}}
{"target": -2011.7171181835934, "params": {"gamma": 7.662117463663015, "lr": 0.9410132668189013}, "datetime": {"datetime": "2024-04-04 21:00:54", "elapsed": 2.355125, "delta": 0.003212}}
{"target": -145.4075012975254, "params": {"gamma": 0.011328293644688577, "lr": 0.47608911800210485}, "datetime": {"datetime": "2024-04-04 21:00:54", "elapsed": 2.358214, "delta": 0.003089}}
{"target": -1568.114084201162, "params": {"gamma": 6.570746249918269, "lr": 0.8433232139195225}, "datetime": {"datetime": "2024-04-04 21:00:54", "elapsed": 2.361274, "delta": 0.00306}}
{"target": -456.7300154809182, "params": {"gamma": 1.8382103793481412, "lr": 0.8561592379873718}, "datetime": {"datetime": "2024-04-04 21:00:54", "elapsed": 2.364338, "delta": 0.003064}}
{"target": -943.3048404164726, "params": {"gamma": 3.6442904330904224, "lr": 0.8922739292761724}, "datetime": {"datetime": "2024-04-04 21:00:54", "elapsed": 2.36757, "delta": 0.003232}}
{"target": -215.3666945490393, "params": {"gamma": 0.2780896894835276, "lr": 0.08539013912317062}, "datetime": {"datetime": "2024-04-04 21:00:54", "elapsed": 2.370733, "delta": 0.003163}}
{"target": -1636.6353124374507, "params": {"gamma": 9.81412324707537, "lr": 0.6095019257734966}, "datetime": {"datetime": "2024-04-04 21:00:54", "elapsed": 2.373934, "delta": 0.003201}}
{"target": -640.6368198744245, "params": {"gamma": 4.176905835795019, "lr": 0.16921418469369054}, "datetime": {"datetime": "2024-04-04 21:00:54", "elapsed": 2.377185, "delta": 0.003251}}
{"target": -3373.2129681953656, "params": {"gamma": 6.499361629743811, "lr": 0.03697506835935782}, "datetime": {"datetime": "2024-04-04 21:00:54", "elapsed": 2.380648, "delta": 0.003463}}
{"target": -325.5517552256139, "params": {"gamma": 3.116827520693586, "lr": 0.32347919698907535}, "datetime": {"datetime": "2024-04-04 21:00:54", "elapsed": 2.383963, "delta": 0.003315}}
{"target": -1081.1243084949638, "params": {"gamma": 6.074811493252022, "lr": 0.6508312566756971}, "datetime": {"datetime": "2024-04-04 21:00:54", "elapsed": 2.387061, "delta": 0.003098}}
{"target": -2220.1045485755285, "params": {"gamma": 8.460699937765456, "lr": 0.9275809425975434}, "datetime": {"datetime": "2024-04-04 21:00:54", "elapsed": 2.390254, "delta": 0.003193}}
{"target": -1106.2737156095377, "params": {"gamma": 6.604916818383386, "lr": 0.5781739184085382}, "datetime": {"datetime": "2024-04-04 21:00:54", "elapsed": 2.393415, "delta": 0.003161}}
{"target": -1053.7810092525249, "params": {"gamma": 3.987756720746455, "lr": 0.966612492642142}, "datetime": {"datetime": "2024-04-04 21:00:54", "elapsed": 2.396541, "delta": 0.003126}}
{"target": -415.3624061169846, "params": {"gamma": 1.541637639151742, "lr": 0.8950868086486484}, "datetime": {"datetime": "2024-04-04 21:00:54", "elapsed": 2.399778, "delta": 0.003237}}
{"target": -506.4142762357317, "params": {"gamma": 3.1108196657805305, "lr": 0.548489089666104}, "datetime": {"datetime": "2024-04-04 21:00:54", "elapsed": 2.402913, "delta": 0.003135}}
{"target": -586.7144600841663, "params": {"gamma": 6.8209805180697165, "lr": 0.23646965132615538}, "datetime": {"datetime": "2024-04-04 21:00:54", "elapsed": 2.406087, "delta": 0.003174}}
{"target": -293.46264514544947, "params": {"gamma": 1.678199113817666, "lr": 0.508482013429616}, "datetime": {"datetime": "2024-04-04 21:00:54", "elapsed": 2.438762, "delta": 0.032675}}
{"target": -1551.6512801122308, "params": {"gamma": 7.918846891971133, "lr": 0.6924144621670756}, "datetime": {"datetime": "2024-04-04 21:00:54", "elapsed": 2.442343, "delta": 0.003581}}
{"target": -330.7594698363256, "params": {"gamma": 1.1906143983929753, "lr": 0.900742215071733}, "datetime": {"datetime": "2024-04-04 21:00:54", "elapsed": 2.445884, "delta": 0.003541}}
