{"target": -715.6652850509463, "params": {"gamma": 8.719984326277993, "prior": 7.1011573368634044, "rate": 5.909415094304578}, "datetime": {"datetime": "2024-04-08 10:47:59", "elapsed": 6.035424, "delta": 0.008354}}
{"target": -449.9455924088206, "params": {"gamma": 8.174005321700859, "prior": 9.085681996388406, "rate": 0.026073089119563617}, "datetime": {"datetime": "2024-04-08 10:47:59", "elapsed": 6.043892, "delta": 0.008468}}
{"target": -377.87530678500383, "params": {"gamma": 3.972880434571384, "prior": 5.657955868812967, "rate": 7.339497439712482}, "datetime": {"datetime": "2024-04-08 10:47:59", "elapsed": 6.052662, "delta": 0.00877}}
{"target": -161.96289098813446, "params": {"gamma": 0.8756401490882502, "prior": 4.057574378040559, "rate": 2.796932173319039}, "datetime": {"datetime": "2024-04-08 10:47:59", "elapsed": 6.061068, "delta": 0.008406}}
{"target": -399.5788563711917, "params": {"gamma": 4.235677020998725, "prior": 5.029988463465554, "rate": 6.600492220036985}, "datetime": {"datetime": "2024-04-08 10:47:59", "elapsed": 6.069295, "delta": 0.008227}}
{"target": -431.4985012668445, "params": {"gamma": 4.962865153563822, "prior": 6.242635185991386, "rate": 5.824816179030337}, "datetime": {"datetime": "2024-04-08 10:47:59", "elapsed": 6.077486, "delta": 0.008191}}
{"target": -536.9162448015741, "params": {"gamma": 4.2838956479905255, "prior": 0.1492660106415274, "rate": 1.9459696221821587}, "datetime": {"datetime": "2024-04-08 10:47:59", "elapsed": 6.086342, "delta": 0.008856}}
{"target": -374.0722101608286, "params": {"gamma": 3.2027463362086017, "prior": 1.55508344596382, "rate": 5.987040152182751}, "datetime": {"datetime": "2024-04-08 10:47:59", "elapsed": 6.094684, "delta": 0.008342}}
{"target": -486.73126493411814, "params": {"gamma": 6.115383267119364, "prior": 5.050923270009602, "rate": 3.2091681671070447}, "datetime": {"datetime": "2024-04-08 10:47:59", "elapsed": 6.1034, "delta": 0.008716}}
{"target": -375.4092690694756, "params": {"gamma": 6.53292726219252, "prior": 1.983806478522533, "rate": 0.05980393346483768}, "datetime": {"datetime": "2024-04-08 10:47:59", "elapsed": 6.112001, "delta": 0.008601}}
{"target": -678.5557499964599, "params": {"gamma": 7.3496852448209316, "prior": 4.490688034848957, "rate": 6.978718718842435}, "datetime": {"datetime": "2024-04-08 10:47:59", "elapsed": 6.121007, "delta": 0.009006}}
{"target": -260.03762291515216, "params": {"gamma": 1.851248453020123, "prior": 0.7199360396407632, "rate": 3.78170775924343}, "datetime": {"datetime": "2024-04-08 10:47:59", "elapsed": 6.129705, "delta": 0.008698}}
{"target": -658.1121481080488, "params": {"gamma": 6.960269107944495, "prior": 1.1179018377977268, "rate": 1.959146502516249}, "datetime": {"datetime": "2024-04-08 10:47:59", "elapsed": 6.138207, "delta": 0.008502}}
{"target": -417.48996493419105, "params": {"gamma": 4.540072551414793, "prior": 6.249376977967096, "rate": 7.501492356441782}, "datetime": {"datetime": "2024-04-08 10:47:59", "elapsed": 6.146855, "delta": 0.008648}}
{"target": -169.03547542564763, "params": {"gamma": 1.0982404778352803, "prior": 6.283773710840847, "rate": 3.8742178609226636}, "datetime": {"datetime": "2024-04-08 10:47:59", "elapsed": 6.155859, "delta": 0.009004}}
{"target": -673.6502626894417, "params": {"gamma": 6.701233597109323, "prior": 2.115247738852826, "rate": 5.2796600565097815}, "datetime": {"datetime": "2024-04-08 10:47:59", "elapsed": 6.164436, "delta": 0.008577}}
{"target": -266.88333775239977, "params": {"gamma": 1.722453387004371, "prior": 0.2849419593641159, "rate": 4.870015513993148}, "datetime": {"datetime": "2024-04-08 10:47:59", "elapsed": 6.173024, "delta": 0.008588}}
{"target": -210.15397465519533, "params": {"gamma": 1.8425935878323698, "prior": 6.4195989670335365, "rate": 5.366211618584989}, "datetime": {"datetime": "2024-04-08 10:47:59", "elapsed": 6.181598, "delta": 0.008574}}
{"target": -772.1486992958146, "params": {"gamma": 7.74967885459746, "prior": 3.990303036078612, "rate": 9.894531856231692}, "datetime": {"datetime": "2024-04-08 10:47:59", "elapsed": 6.190673, "delta": 0.009075}}
{"target": -488.21073691899437, "params": {"gamma": 5.152631746924576, "prior": 4.84035167173617, "rate": 7.494675265050945}, "datetime": {"datetime": "2024-04-08 10:47:59", "elapsed": 6.199201, "delta": 0.008528}}
{"target": -522.8463745817494, "params": {"gamma": 5.727310244630862, "prior": 3.6884066412702516, "rate": 4.892958609815962}, "datetime": {"datetime": "2024-04-08 10:47:59", "elapsed": 6.207677, "delta": 0.008476}}
{"target": -179.81751522163717, "params": {"gamma": 1.8921946110135588, "prior": 3.9964758015389337, "rate": 0.30058756348796134}, "datetime": {"datetime": "2024-04-08 10:47:59", "elapsed": 6.216312, "delta": 0.008635}}
{"target": -458.2485186903511, "params": {"gamma": 4.625828074361687, "prior": 2.8172937167553513, "rate": 5.267631887725799}, "datetime": {"datetime": "2024-04-08 10:47:59", "elapsed": 6.225072, "delta": 0.00876}}
{"target": -146.00766507646668, "params": {"gamma": 0.2936919419097222, "prior": 5.595358988569528, "rate": 2.9306858383999437}, "datetime": {"datetime": "2024-04-08 10:47:59", "elapsed": 6.233284, "delta": 0.008212}}
{"target": -456.9928654050646, "params": {"gamma": 5.775329319454461, "prior": 7.35442154728753, "rate": 4.403937930137581}, "datetime": {"datetime": "2024-04-08 10:47:59", "elapsed": 6.241511, "delta": 0.008227}}
{"target": -716.5266434259394, "params": {"gamma": 6.6319050719967745, "prior": 2.4652085532150996, "rate": 9.985992286776213}, "datetime": {"datetime": "2024-04-08 10:47:59", "elapsed": 6.249928, "delta": 0.008417}}
{"target": -209.77356323786313, "params": {"gamma": 2.4295423376760557, "prior": 9.414201302377094, "rate": 2.1729802841597885}, "datetime": {"datetime": "2024-04-08 10:47:59", "elapsed": 6.259055, "delta": 0.009127}}
{"target": -427.2099469297743, "params": {"gamma": 4.97614628166607, "prior": 8.229651952438084, "rate": 7.166163879900548}, "datetime": {"datetime": "2024-04-08 10:47:59", "elapsed": 6.267641, "delta": 0.008586}}
{"target": -662.542113772654, "params": {"gamma": 7.05609854079457, "prior": 4.460361543759608, "rate": 7.541996079526139}, "datetime": {"datetime": "2024-04-08 10:47:59", "elapsed": 6.276219, "delta": 0.008578}}
{"target": -802.1380116984851, "params": {"gamma": 9.199615816571573, "prior": 4.469382278626795, "rate": 5.2801268760628535}, "datetime": {"datetime": "2024-04-08 10:47:59", "elapsed": 6.285291, "delta": 0.009072}}
{"target": -158.31863021132907, "params": {"gamma": 0.6612898045823568, "prior": 3.968653429339858, "rate": 4.672918424766126}, "datetime": {"datetime": "2024-04-08 10:47:59", "elapsed": 6.294128, "delta": 0.008837}}
{"target": -1003.7353743693031, "params": {"gamma": 8.951481970324929, "prior": 1.1945186585288683, "rate": 7.311644894386467}, "datetime": {"datetime": "2024-04-08 10:47:59", "elapsed": 6.302628, "delta": 0.0085}}
{"target": -328.94413172472923, "params": {"gamma": 5.455166214318647, "prior": 6.10470076211378, "rate": 0.2987996583514733}, "datetime": {"datetime": "2024-04-08 10:47:59", "elapsed": 6.311383, "delta": 0.008755}}
{"target": -166.60095867784193, "params": {"gamma": 1.4683270502280348, "prior": 2.911433932115233, "rate": 0.04971560748810713}, "datetime": {"datetime": "2024-04-08 10:47:59", "elapsed": 6.320415, "delta": 0.009032}}
{"target": -528.2279379203313, "params": {"gamma": 6.6919088201735715, "prior": 8.715553694333723, "rate": 5.470136124403138}, "datetime": {"datetime": "2024-04-08 10:47:59", "elapsed": 6.329103, "delta": 0.008688}}
{"target": -417.25896746878107, "params": {"gamma": 5.432097311144519, "prior": 6.195686693269069, "rate": 3.022512822657626}, "datetime": {"datetime": "2024-04-08 10:47:59", "elapsed": 6.337641, "delta": 0.008538}}
{"target": -358.4391409947563, "params": {"gamma": 3.6679530846277557, "prior": 5.7919033000498885, "rate": 8.092356620589728}, "datetime": {"datetime": "2024-04-08 10:47:59", "elapsed": 6.346303, "delta": 0.008662}}
{"target": -250.3668341470817, "params": {"gamma": 2.016764747447303, "prior": 3.3424881528980626, "rate": 7.429469582646582}, "datetime": {"datetime": "2024-04-08 10:47:59", "elapsed": 6.355398, "delta": 0.009095}}
{"target": -375.9135604831706, "params": {"gamma": 3.4098615710742886, "prior": 0.5713481941948949, "rate": 1.5644129298338398}, "datetime": {"datetime": "2024-04-08 10:47:59", "elapsed": 6.364003, "delta": 0.008605}}
{"target": -227.6826984963213, "params": {"gamma": 1.9394547317358086, "prior": 5.001612389355664, "rate": 6.351614485952291}, "datetime": {"datetime": "2024-04-08 10:47:59", "elapsed": 6.372633, "delta": 0.00863}}
{"target": -615.6241168630587, "params": {"gamma": 8.802319552208612, "prior": 9.035111908580227, "rate": 3.072300524082465}, "datetime": {"datetime": "2024-04-08 10:47:59", "elapsed": 6.381201, "delta": 0.008568}}
{"target": -670.7343547471959, "params": {"gamma": 7.534047351182733, "prior": 2.896037502533829, "rate": 3.686400120782994}, "datetime": {"datetime": "2024-04-08 10:47:59", "elapsed": 6.390063, "delta": 0.008862}}
{"target": -257.2217449078569, "params": {"gamma": 2.927972894369209, "prior": 4.195538288371103, "rate": 2.147942240988137}, "datetime": {"datetime": "2024-04-08 10:47:59", "elapsed": 6.39841, "delta": 0.008347}}
{"target": -399.4227441661808, "params": {"gamma": 3.1905410786954205, "prior": 1.3070061575118679, "rate": 9.63021937771575}, "datetime": {"datetime": "2024-04-08 10:47:59", "elapsed": 6.406684, "delta": 0.008274}}
{"target": -426.32351656517255, "params": {"gamma": 5.04032611097843, "prior": 9.238696757627771, "rate": 7.461855247593438}, "datetime": {"datetime": "2024-04-08 10:47:59", "elapsed": 6.415329, "delta": 0.008645}}
{"target": -393.7770652161269, "params": {"gamma": 4.577595171516512, "prior": 7.570760030550504, "rate": 6.280602762990652}, "datetime": {"datetime": "2024-04-08 10:47:59", "elapsed": 6.424269, "delta": 0.00894}}
{"target": -307.9329058268734, "params": {"gamma": 3.0382805830845347, "prior": 5.264427202791391, "rate": 7.123409644278645}, "datetime": {"datetime": "2024-04-08 10:47:59", "elapsed": 6.432778, "delta": 0.008509}}
{"target": -399.5767867304425, "params": {"gamma": 3.0538300009516193, "prior": 0.22397608517608533, "rate": 2.6833600285302275}, "datetime": {"datetime": "2024-04-08 10:47:59", "elapsed": 6.441593, "delta": 0.008815}}
{"target": -631.2792052975934, "params": {"gamma": 7.967658010425252, "prior": 9.306931580738663, "rate": 6.2536862178776484}, "datetime": {"datetime": "2024-04-08 10:47:59", "elapsed": 6.45069, "delta": 0.009097}}
{"target": -180.24201784882982, "params": {"gamma": 1.3289420383195298, "prior": 7.59994655654947, "rate": 5.269526555127393}, "datetime": {"datetime": "2024-04-08 10:47:59", "elapsed": 6.459485, "delta": 0.008795}}
{"target": -654.1350190548962, "params": {"gamma": 7.538936847140509, "prior": 8.600255860393125, "rate": 9.475467969467141}, "datetime": {"datetime": "2024-04-08 10:47:59", "elapsed": 6.467898, "delta": 0.008413}}
{"target": -548.3264370365542, "params": {"gamma": 6.545720808693693, "prior": 8.557156277442202, "rate": 7.426137988907772}, "datetime": {"datetime": "2024-04-08 10:47:59", "elapsed": 6.476504, "delta": 0.008606}}
{"target": -629.0351639657413, "params": {"gamma": 7.271284782848366, "prior": 8.60202848704295, "rate": 9.2301074044959}, "datetime": {"datetime": "2024-04-08 10:47:59", "elapsed": 6.485512, "delta": 0.009008}}
{"target": -581.2617345526527, "params": {"gamma": 9.020857939246921, "prior": 4.017927589495288, "rate": 0.8411287767074533}, "datetime": {"datetime": "2024-04-08 10:47:59", "elapsed": 6.49421, "delta": 0.008698}}
{"target": -704.3796849532848, "params": {"gamma": 8.295907610863033, "prior": 5.43542237774558, "rate": 5.421219471236491}, "datetime": {"datetime": "2024-04-08 10:47:59", "elapsed": 6.502516, "delta": 0.008306}}
{"target": -1016.7341375697924, "params": {"gamma": 8.25192813033363, "prior": 0.4166434253201614, "rate": 8.779726226832842}, "datetime": {"datetime": "2024-04-08 10:47:59", "elapsed": 6.511164, "delta": 0.008648}}
{"target": -147.83307262279854, "params": {"gamma": 0.34730537937586553, "prior": 6.9626261279460415, "rate": 5.875257309024742}, "datetime": {"datetime": "2024-04-08 10:47:59", "elapsed": 6.520173, "delta": 0.009009}}
{"target": -521.1242474913911, "params": {"gamma": 6.417850059155134, "prior": 3.803393858608736, "rate": 2.755344804474391}, "datetime": {"datetime": "2024-04-08 10:47:59", "elapsed": 6.528526, "delta": 0.008353}}
{"target": -412.74329326526475, "params": {"gamma": 5.094576405806185, "prior": 8.869648859782243, "rate": 5.653331413985319}, "datetime": {"datetime": "2024-04-08 10:47:59", "elapsed": 6.536824, "delta": 0.008298}}
{"target": -652.3062057181869, "params": {"gamma": 6.631825765751704, "prior": 4.469654386439658, "rate": 9.7214187321274}, "datetime": {"datetime": "2024-04-08 10:47:59", "elapsed": 6.545406, "delta": 0.008582}}
{"target": -703.4283383634228, "params": {"gamma": 7.425482001064747, "prior": 3.613534857422657, "rate": 6.5356567956039315}, "datetime": {"datetime": "2024-04-08 10:47:59", "elapsed": 6.554415, "delta": 0.009009}}
{"target": -387.40634287745496, "params": {"gamma": 5.426621502305332, "prior": 8.852156502548992, "rate": 2.7512654566030514}, "datetime": {"datetime": "2024-04-08 10:47:59", "elapsed": 6.562707, "delta": 0.008292}}
{"target": -183.4805670802542, "params": {"gamma": 1.0815667842382009, "prior": 1.9935933122375844, "rate": 3.8710752798182537}, "datetime": {"datetime": "2024-04-08 10:47:59", "elapsed": 6.571011, "delta": 0.008304}}
{"target": -834.2124064538708, "params": {"gamma": 8.54074388954821, "prior": 2.7813646469755744, "rate": 6.263961673283628}, "datetime": {"datetime": "2024-04-08 10:47:59", "elapsed": 6.579932, "delta": 0.008921}}
{"target": -387.1935034801884, "params": {"gamma": 6.235894458654538, "prior": 4.139666639944494, "rate": 0.504300961464858}, "datetime": {"datetime": "2024-04-08 10:47:59", "elapsed": 6.589276, "delta": 0.009344}}
{"target": -667.4384141198335, "params": {"gamma": 7.448593896451896, "prior": 3.027682790796424, "rate": 3.9851835072938524}, "datetime": {"datetime": "2024-04-08 10:47:59", "elapsed": 6.597844, "delta": 0.008568}}
{"target": -262.4672535471184, "params": {"gamma": 3.7730184357375642, "prior": 6.669666053543827, "rate": 0.8642465348648255}, "datetime": {"datetime": "2024-04-08 10:47:59", "elapsed": 6.606736, "delta": 0.008892}}
{"target": -706.1957477445828, "params": {"gamma": 5.49934931479934, "prior": 0.25267604119823284, "rate": 9.830406796410628}, "datetime": {"datetime": "2024-04-08 10:47:59", "elapsed": 6.615779, "delta": 0.009043}}
{"target": -435.9330450962766, "params": {"gamma": 5.984673796657761, "prior": 3.902730857162644, "rate": 1.4683325593440997}, "datetime": {"datetime": "2024-04-08 10:47:59", "elapsed": 6.624785, "delta": 0.009006}}
{"target": -495.89613646022497, "params": {"gamma": 6.9690863860416155, "prior": 9.067503325394869, "rate": 3.1817694146938234}, "datetime": {"datetime": "2024-04-08 10:47:59", "elapsed": 6.633713, "delta": 0.008928}}
{"target": -796.7432491187003, "params": {"gamma": 7.665154954417642, "prior": 2.946231210207758, "rate": 9.57229619840156}, "datetime": {"datetime": "2024-04-08 10:47:59", "elapsed": 6.642481, "delta": 0.008768}}
{"target": -644.5125512615496, "params": {"gamma": 7.023455232193281, "prior": 6.287654372613879, "rate": 9.307416596768327}, "datetime": {"datetime": "2024-04-08 10:47:59", "elapsed": 6.651603, "delta": 0.009122}}
{"target": -256.58469940267395, "params": {"gamma": 2.6911548301319335, "prior": 9.243795888773532, "rate": 6.781151258305702}, "datetime": {"datetime": "2024-04-08 10:47:59", "elapsed": 6.660344, "delta": 0.008741}}
{"target": -701.750968326293, "params": {"gamma": 7.713853709507418, "prior": 5.759189830706018, "rate": 8.339212870314833}, "datetime": {"datetime": "2024-04-08 10:47:59", "elapsed": 6.668836, "delta": 0.008492}}
{"target": -749.6818450968328, "params": {"gamma": 6.983119711119335, "prior": 1.551426147591399, "rate": 6.1249988251521215}, "datetime": {"datetime": "2024-04-08 10:47:59", "elapsed": 6.677415, "delta": 0.008579}}
{"target": -225.38021110255193, "params": {"gamma": 2.793924035827702, "prior": 9.167199358366272, "rate": 1.9831246698113274}, "datetime": {"datetime": "2024-04-08 10:47:59", "elapsed": 6.68637, "delta": 0.008955}}
{"target": -367.3288269600212, "params": {"gamma": 2.857879237217657, "prior": 0.5717815791998215, "rate": 4.476343861362332}, "datetime": {"datetime": "2024-04-08 10:47:59", "elapsed": 6.694742, "delta": 0.008372}}
{"target": -525.4570038551001, "params": {"gamma": 5.576320563895948, "prior": 5.778254717513243, "rate": 9.053868422216771}, "datetime": {"datetime": "2024-04-08 10:47:59", "elapsed": 6.703005, "delta": 0.008263}}
{"target": -360.35992802809955, "params": {"gamma": 3.47479191407325, "prior": 4.5305309579534265, "rate": 8.512525387352474}, "datetime": {"datetime": "2024-04-08 10:47:59", "elapsed": 6.711974, "delta": 0.008969}}
{"target": -430.0337855838088, "params": {"gamma": 5.768716203017017, "prior": 6.574530055289563, "rate": 2.784314944612766}, "datetime": {"datetime": "2024-04-08 10:47:59", "elapsed": 6.721218, "delta": 0.009244}}
{"target": -335.3586232511243, "params": {"gamma": 4.875225544956866, "prior": 6.247428637046675, "rate": 1.3348069074222546}, "datetime": {"datetime": "2024-04-08 10:47:59", "elapsed": 6.730256, "delta": 0.009038}}
{"target": -150.84099480560738, "params": {"gamma": 0.3300542572087522, "prior": 1.222768911195179, "rate": 4.775133302320191}, "datetime": {"datetime": "2024-04-08 10:47:59", "elapsed": 6.769939, "delta": 0.039683}}
{"target": -144.3348091166452, "params": {"gamma": 0.24124331957345432, "prior": 6.299468398458495, "rate": 0.9767285971428687}, "datetime": {"datetime": "2024-04-08 10:47:59", "elapsed": 6.778941, "delta": 0.009002}}
{"target": -216.3679459741281, "params": {"gamma": 2.5103644156247413, "prior": 4.322280163976562, "rate": 1.159151640315784}, "datetime": {"datetime": "2024-04-08 10:47:59", "elapsed": 6.788256, "delta": 0.009315}}
{"target": -378.05761278494737, "params": {"gamma": 2.706249385980867, "prior": 0.3086887610715615, "rate": 9.850470490551084}, "datetime": {"datetime": "2024-04-08 10:47:59", "elapsed": 6.796908, "delta": 0.008652}}
{"target": -364.91201074977215, "params": {"gamma": 6.116124507605985, "prior": 3.8457030044689664, "rate": 0.2662569827533811}, "datetime": {"datetime": "2024-04-08 10:47:59", "elapsed": 6.805766, "delta": 0.008858}}
{"target": -401.17968219450427, "params": {"gamma": 3.8989976450014674, "prior": 4.580330401225699, "rate": 9.310100934451263}, "datetime": {"datetime": "2024-04-08 10:47:59", "elapsed": 6.814657, "delta": 0.008891}}
{"target": -278.76820847235933, "params": {"gamma": 2.7857632142087283, "prior": 6.186340721724661, "rate": 6.6520183774673525}, "datetime": {"datetime": "2024-04-08 10:47:59", "elapsed": 6.823675, "delta": 0.009018}}
{"target": -228.090923864885, "params": {"gamma": 1.8604237369935928, "prior": 5.107057154965675, "rate": 7.86522112783649}, "datetime": {"datetime": "2024-04-08 10:47:59", "elapsed": 6.832246, "delta": 0.008571}}
{"target": -154.2563109072731, "params": {"gamma": 0.966693765249707, "prior": 6.099749451872725, "rate": 0.261573266951244}, "datetime": {"datetime": "2024-04-08 10:47:59", "elapsed": 6.840732, "delta": 0.008486}}
{"target": -143.93095794057675, "params": {"gamma": 0.07146019137694642, "prior": 0.6893332106867064, "rate": 4.814523191031215}, "datetime": {"datetime": "2024-04-08 10:47:59", "elapsed": 6.849555, "delta": 0.008823}}
{"target": -583.1855031476462, "params": {"gamma": 9.257115382793618, "prior": 4.1150181029763395, "rate": 0.7512513607260716}, "datetime": {"datetime": "2024-04-08 10:47:59", "elapsed": 6.85872, "delta": 0.009165}}
{"target": -668.6411213678431, "params": {"gamma": 8.613663392355804, "prior": 5.241046096157358, "rate": 3.1900397533053235}, "datetime": {"datetime": "2024-04-08 10:47:59", "elapsed": 6.867286, "delta": 0.008566}}
{"target": -647.9809026059316, "params": {"gamma": 9.630360355507971, "prior": 9.388791508173545, "rate": 2.6009297005949668}, "datetime": {"datetime": "2024-04-08 10:47:59", "elapsed": 6.875975, "delta": 0.008689}}
{"target": -236.11627333055407, "params": {"gamma": 2.014717145283489, "prior": 5.930196162730165, "rate": 8.425339580205748}, "datetime": {"datetime": "2024-04-08 10:47:59", "elapsed": 6.8852, "delta": 0.009225}}
{"target": -260.5449436366026, "params": {"gamma": 3.3678741763608038, "prior": 5.90565127249619, "rate": 1.623287749788599}, "datetime": {"datetime": "2024-04-08 10:47:59", "elapsed": 6.894115, "delta": 0.008915}}
{"target": -187.4153809809368, "params": {"gamma": 1.94674275864618, "prior": 7.637218638321746, "rate": 1.5018345150591474}, "datetime": {"datetime": "2024-04-08 10:47:59", "elapsed": 6.902668, "delta": 0.008553}}
{"target": -207.06621609488582, "params": {"gamma": 2.659804503437227, "prior": 6.925999145458927, "rate": 0.15187798702215813}, "datetime": {"datetime": "2024-04-08 10:47:59", "elapsed": 6.911605, "delta": 0.008937}}
{"target": -147.9418981099081, "params": {"gamma": 0.3229118442818368, "prior": 2.946506806237884, "rate": 3.366895181942479}, "datetime": {"datetime": "2024-04-08 10:47:59", "elapsed": 6.920903, "delta": 0.009298}}
{"target": -246.33286941021115, "params": {"gamma": 3.622798839194582, "prior": 8.091186697583844, "rate": 0.3607736956187603}, "datetime": {"datetime": "2024-04-08 10:47:59", "elapsed": 6.929641, "delta": 0.008738}}
{"target": -265.8056836956542, "params": {"gamma": 3.584594051008626, "prior": 6.41895351934156, "rate": 1.4308980910737081}, "datetime": {"datetime": "2024-04-08 10:47:59", "elapsed": 6.938275, "delta": 0.008634}}
