{"target": -112.97852349731288, "params": {"p_ai": 0.20349150381090358, "p_al": 5.9775624921416215, "p_ex": 1.9262785111139493, "prior": 0.6596844272020936, "rate": 9.878888731326255}, "datetime": {"datetime": "2024-04-01 14:21:39", "elapsed": 523.828446, "delta": 7.18561}}
{"target": -107.64469246355516, "params": {"p_ai": 0.001, "p_al": 4.3835631710226455, "p_ex": 9.699958675551615, "prior": 0.5542800927796255, "rate": 8.109802692129367}, "datetime": {"datetime": "2024-04-01 14:21:44", "elapsed": 529.058819, "delta": 5.230373}}
{"target": -93.57232349228713, "params": {"p_ai": 3.012075925569374, "p_al": 2.296855238608565, "p_ex": 5.73205207150254, "prior": 1.9719821969566944, "rate": 10.0}, "datetime": {"datetime": "2024-04-01 14:21:52", "elapsed": 536.448475, "delta": 7.389656}}
{"target": -89.42425457403883, "params": {"p_ai": 2.9640880600075104, "p_al": 2.4685993083946034, "p_ex": 5.633803432684447, "prior": 3.237506363948721, "rate": 6.693385809616009}, "datetime": {"datetime": "2024-04-01 14:22:00", "elapsed": 544.818936, "delta": 8.370461}}
{"target": -90.03682471870334, "params": {"p_ai": 2.8337893114110964, "p_al": 7.265571997940163, "p_ex": 3.8275757880006673, "prior": 1.6869904677060843, "rate": 9.633322308878968}, "datetime": {"datetime": "2024-04-01 14:22:06", "elapsed": 550.506494, "delta": 5.687558}}
{"target": -90.2625664330605, "params": {"p_ai": 2.772082375876725, "p_al": 1.7207051675854506, "p_ex": 4.609027594264478, "prior": 1.539773278172571, "rate": 4.587242706155862}, "datetime": {"datetime": "2024-04-01 14:22:11", "elapsed": 555.56187, "delta": 5.055376}}
{"target": -111.81648202258305, "params": {"p_ai": 0.001, "p_al": 0.8679001070350901, "p_ex": 6.0113628864631945, "prior": 1.9191048459504934, "rate": 4.666819351029518}, "datetime": {"datetime": "2024-04-01 14:22:16", "elapsed": 560.305424, "delta": 4.743554}}
{"target": -98.70871660394224, "params": {"p_ai": 0.948342111325459, "p_al": 3.244527856393589, "p_ex": 8.361913754813354, "prior": 2.078344409126164, "rate": 10.0}, "datetime": {"datetime": "2024-04-01 14:22:23", "elapsed": 568.0955, "delta": 7.790076}}
{"target": -87.51951710073976, "params": {"p_ai": 3.289004265658596, "p_al": 10.0, "p_ex": 6.46137680078993, "prior": 8.852057108212776, "rate": 7.734151395588921}, "datetime": {"datetime": "2024-04-01 14:22:31", "elapsed": 575.770691, "delta": 7.675191}}
{"target": -85.86076192198229, "params": {"p_ai": 2.769912936730201, "p_al": 10.0, "p_ex": 8.546703979526068, "prior": 10.0, "rate": 10.0}, "datetime": {"datetime": "2024-04-01 14:22:37", "elapsed": 582.020639, "delta": 6.249948}}
{"target": -777.7864908413056, "params": {"p_ai": 1.8754160394013037, "p_al": 4.97358839278037, "p_ex": 0.858910407010901, "prior": 0.001, "rate": 8.418818535228853}, "datetime": {"datetime": "2024-04-01 14:22:45", "elapsed": 589.909382, "delta": 7.888743}}
{"target": -108.57186484699785, "params": {"p_ai": 0.001, "p_al": 5.210673470170932, "p_ex": 3.2903864686940603, "prior": 1.5890750685269737, "rate": 10.0}, "datetime": {"datetime": "2024-04-01 14:22:51", "elapsed": 595.559912, "delta": 5.65053}}
{"target": -96.24345408911324, "params": {"p_ai": 3.4242939694456287, "p_al": 4.259612510387884, "p_ex": 3.1904358930766596, "prior": 2.840830892611398, "rate": 7.9127725724820435}, "datetime": {"datetime": "2024-04-01 14:22:57", "elapsed": 601.327491, "delta": 5.767579}}
{"target": -94.55680126664217, "params": {"p_ai": 1.955669818556053, "p_al": 5.363322469803982, "p_ex": 2.6516467885636024, "prior": 1.6999904549188287, "rate": 6.887669134225743}, "datetime": {"datetime": "2024-04-01 14:23:05", "elapsed": 609.348919, "delta": 8.021428}}
{"target": -100.00960738299645, "params": {"p_ai": 4.344302479310221, "p_al": 5.601651567002699, "p_ex": 3.7541768744729174, "prior": 2.2214412580038636, "rate": 9.969086448446271}, "datetime": {"datetime": "2024-04-01 14:23:15", "elapsed": 619.773833, "delta": 10.424914}}
{"target": -101.1135327999134, "params": {"p_ai": 0.6977326117211031, "p_al": 2.3097624499576317, "p_ex": 3.314611440438511, "prior": 1.631020671191157, "rate": 9.46784252904987}, "datetime": {"datetime": "2024-04-01 14:23:22", "elapsed": 626.202062, "delta": 6.428229}}
{"target": -287.48086593821523, "params": {"p_ai": 3.4813200005661358, "p_al": 5.148148391095049, "p_ex": 2.4913317518860256, "prior": 0.012577607674920267, "rate": 6.931157702368023}, "datetime": {"datetime": "2024-04-01 14:23:27", "elapsed": 632.026155, "delta": 5.824093}}
{"target": -103.367275894147, "params": {"p_ai": 2.744677783490547, "p_al": 3.282678555018813, "p_ex": 1.6061618940432725, "prior": 1.4015251916562828, "rate": 6.128255088158}, "datetime": {"datetime": "2024-04-01 14:23:33", "elapsed": 637.671812, "delta": 5.645657}}
{"target": -94.89927734209203, "params": {"p_ai": 0.9045430734258219, "p_al": 7.0567622221616695, "p_ex": 3.2715801037870187, "prior": 1.2022347851471076, "rate": 9.095891374294762}, "datetime": {"datetime": "2024-04-01 14:23:46", "elapsed": 650.236236, "delta": 12.564424}}
{"target": -96.9283686318961, "params": {"p_ai": 2.532039108047192, "p_al": 2.510796233969974, "p_ex": 2.568438725889116, "prior": 2.4313975131823025, "rate": 9.866811948496315}, "datetime": {"datetime": "2024-04-01 14:23:58", "elapsed": 662.225469, "delta": 11.989233}}
{"target": -97.56188942234145, "params": {"p_ai": 1.2386862698211076, "p_al": 3.435880683378731, "p_ex": 2.482774911995812, "prior": 0.8324653319085785, "rate": 6.750437086730657}, "datetime": {"datetime": "2024-04-01 14:24:03", "elapsed": 667.906577, "delta": 5.681108}}
{"target": -87.18959546856819, "params": {"p_ai": 2.254443781316492, "p_al": 6.258713789267105, "p_ex": 7.792965930328364, "prior": 2.5907890443901, "rate": 7.048716815944759}, "datetime": {"datetime": "2024-04-01 14:24:12", "elapsed": 676.858102, "delta": 8.951525}}
{"target": -87.36517301697177, "params": {"p_ai": 2.700336168358075, "p_al": 8.426872670181513, "p_ex": 5.356466217619609, "prior": 6.065345240724131, "rate": 7.977713473828698}, "datetime": {"datetime": "2024-04-01 14:24:20", "elapsed": 684.236769, "delta": 7.378667}}
{"target": -92.28719993662833, "params": {"p_ai": 2.5414193339100692, "p_al": 5.29488391318752, "p_ex": 3.1719073910868194, "prior": 2.040091705531805, "rate": 10.0}, "datetime": {"datetime": "2024-04-01 14:24:26", "elapsed": 690.593958, "delta": 6.357189}}
{"target": -90.24138795220101, "params": {"p_ai": 3.038816016606424, "p_al": 2.4330418802301823, "p_ex": 5.3313414586474615, "prior": 8.633019861804488, "rate": 8.016955642933578}, "datetime": {"datetime": "2024-04-01 14:24:32", "elapsed": 696.292982, "delta": 5.699024}}
{"target": -88.14440351557226, "params": {"p_ai": 3.6587852860139556, "p_al": 7.661264556848252, "p_ex": 10.0, "prior": 8.725633362414444, "rate": 8.137834224186475}, "datetime": {"datetime": "2024-04-01 14:24:40", "elapsed": 704.296982, "delta": 8.004}}
{"target": -88.49281438075406, "params": {"p_ai": 3.206361904115008, "p_al": 0.001, "p_ex": 8.232093418889216, "prior": 7.962760354397673, "rate": 6.1289855160941995}, "datetime": {"datetime": "2024-04-01 14:24:46", "elapsed": 710.220139, "delta": 5.923157}}
{"target": -85.01437572279687, "params": {"p_ai": 2.919756271393393, "p_al": 7.741747741575809, "p_ex": 10.0, "prior": 5.364343995101971, "rate": 4.378360392709919}, "datetime": {"datetime": "2024-04-01 14:24:52", "elapsed": 716.187959, "delta": 5.96782}}
{"target": -95.31047601712308, "params": {"p_ai": 2.5922540419286655, "p_al": 2.522250734021118, "p_ex": 2.7796856098058482, "prior": 1.7066654036287208, "rate": 8.01519428045806}, "datetime": {"datetime": "2024-04-01 14:25:01", "elapsed": 725.574335, "delta": 9.386376}}
{"target": -620.3120523715193, "params": {"p_ai": 2.6964334919775084, "p_al": 7.3633970506452595, "p_ex": 3.5452064959813145, "prior": 0.001, "rate": 10.0}, "datetime": {"datetime": "2024-04-01 14:25:13", "elapsed": 737.655952, "delta": 12.081617}}
{"target": -90.40539550611628, "params": {"p_ai": 2.411720084417061, "p_al": 6.431407024273119, "p_ex": 3.4280961230353624, "prior": 1.8451004227734473, "rate": 8.578932332909535}, "datetime": {"datetime": "2024-04-01 14:25:19", "elapsed": 743.310667, "delta": 5.654715}}
{"target": -89.70445597448317, "params": {"p_ai": 2.872998507908846, "p_al": 7.502112462353877, "p_ex": 4.147157316788619, "prior": 2.904787461866724, "rate": 9.598922027346264}, "datetime": {"datetime": "2024-04-01 14:25:26", "elapsed": 750.320039, "delta": 7.009372}}
{"target": -84.97462111892773, "params": {"p_ai": 2.3484196670353943, "p_al": 8.371463850599406, "p_ex": 6.893007727290342, "prior": 4.696606577620425, "rate": 5.5296574930858835}, "datetime": {"datetime": "2024-04-01 14:25:36", "elapsed": 761.030684, "delta": 10.710645}}
{"target": -88.16501353386057, "params": {"p_ai": 3.402137594080646, "p_al": 2.051809670407634, "p_ex": 8.894049397177255, "prior": 8.108118159167049, "rate": 6.786817437135704}, "datetime": {"datetime": "2024-04-01 14:25:42", "elapsed": 766.875423, "delta": 5.844739}}
{"target": -87.54968282070999, "params": {"p_ai": 3.5458114993423413, "p_al": 3.8685680377723113, "p_ex": 8.349401016323329, "prior": 9.042502082411938, "rate": 5.122962412097945}, "datetime": {"datetime": "2024-04-01 14:25:52", "elapsed": 776.4537, "delta": 9.578277}}
{"target": -86.52365286691135, "params": {"p_ai": 3.2352392250782485, "p_al": 8.513590177887568, "p_ex": 7.835831711816661, "prior": 8.833478879822886, "rate": 9.0100619977993}, "datetime": {"datetime": "2024-04-01 14:25:58", "elapsed": 782.283682, "delta": 5.829982}}
{"target": -86.96102040639366, "params": {"p_ai": 1.5247947191444235, "p_al": 7.2637525387167, "p_ex": 5.5323606076947165, "prior": 2.2542553354143133, "rate": 8.110391724626849}, "datetime": {"datetime": "2024-04-01 14:26:04", "elapsed": 788.467423, "delta": 6.183741}}
{"target": -86.96678396965817, "params": {"p_ai": 2.8781177613615814, "p_al": 2.2711160767893093, "p_ex": 6.3341789259164445, "prior": 2.429610340590031, "rate": 3.0205083539285353}, "datetime": {"datetime": "2024-04-01 14:26:14", "elapsed": 798.965005, "delta": 10.497582}}
{"target": -87.29519654938369, "params": {"p_ai": 2.536644735979483, "p_al": 3.95927639953414, "p_ex": 7.3063003976969245, "prior": 3.7727262324033575, "rate": 6.685765282589389}, "datetime": {"datetime": "2024-04-01 14:26:21", "elapsed": 805.15819, "delta": 6.193185}}
{"target": -87.12816129056101, "params": {"p_ai": 2.976221958177423, "p_al": 5.4958563465358115, "p_ex": 6.995233569761263, "prior": 5.74396749271962, "rate": 8.144543266485915}, "datetime": {"datetime": "2024-04-01 14:26:26", "elapsed": 810.772586, "delta": 5.614396}}
{"target": -85.62629068089304, "params": {"p_ai": 2.7081250131020878, "p_al": 6.0857630945402565, "p_ex": 8.496497927930717, "prior": 4.72195547820699, "rate": 3.1589962466094397}, "datetime": {"datetime": "2024-04-01 14:26:32", "elapsed": 816.382001, "delta": 5.609415}}
{"target": -85.02223334666184, "params": {"p_ai": 2.999492115666691, "p_al": 7.812827236961271, "p_ex": 9.166086945876181, "prior": 2.498910958387822, "rate": 3.9800569873377674}, "datetime": {"datetime": "2024-04-01 14:26:39", "elapsed": 823.626408, "delta": 7.244407}}
{"target": -87.58552226448737, "params": {"p_ai": 2.8694385496509405, "p_al": 3.8633717953166453, "p_ex": 6.95831820640869, "prior": 7.619483827230908, "rate": 9.157568029862125}, "datetime": {"datetime": "2024-04-01 14:26:45", "elapsed": 829.564337, "delta": 5.937929}}
{"target": -87.19496820991391, "params": {"p_ai": 2.788321175219241, "p_al": 7.286830940835157, "p_ex": 6.042873105544983, "prior": 7.9610986304544005, "rate": 8.42704515761324}, "datetime": {"datetime": "2024-04-01 14:26:51", "elapsed": 835.991928, "delta": 6.427591}}
{"target": -86.50226238190743, "params": {"p_ai": 2.09579804349742, "p_al": 4.292223165513754, "p_ex": 8.094128018346439, "prior": 3.340260044518425, "rate": 4.139035415750182}, "datetime": {"datetime": "2024-04-01 14:26:59", "elapsed": 843.642892, "delta": 7.650964}}
{"target": -88.83811167982648, "params": {"p_ai": 2.5176374870302065, "p_al": 1.9832287848385786, "p_ex": 8.782605950319278, "prior": 5.395503810754278, "rate": 6.316269165937295}, "datetime": {"datetime": "2024-04-01 14:27:07", "elapsed": 851.955521, "delta": 8.312629}}
{"target": -90.54606574343437, "params": {"p_ai": 4.053211865722773, "p_al": 3.3653615786935553, "p_ex": 7.563885926419724, "prior": 9.320676204086741, "rate": 7.604876241326886}, "datetime": {"datetime": "2024-04-01 14:27:13", "elapsed": 857.638872, "delta": 5.683351}}
{"target": -89.02724360131035, "params": {"p_ai": 3.412182491880577, "p_al": 3.7909547863112136, "p_ex": 6.8633346394179995, "prior": 6.113383517000488, "rate": 3.23446098993161}, "datetime": {"datetime": "2024-04-01 14:27:21", "elapsed": 865.553286, "delta": 7.914414}}
{"target": -85.97606492596019, "params": {"p_ai": 2.0123637347230545, "p_al": 7.542157811472926, "p_ex": 5.166244782893589, "prior": 2.2866324168156518, "rate": 4.453057074281046}, "datetime": {"datetime": "2024-04-01 14:27:31", "elapsed": 876.033769, "delta": 10.480483}}
{"target": -87.33175178038171, "params": {"p_ai": 3.408431625084433, "p_al": 5.764011785274921, "p_ex": 8.403603668412556, "prior": 10.0, "rate": 8.737366571837791}, "datetime": {"datetime": "2024-04-01 14:27:40", "elapsed": 884.339067, "delta": 8.305298}}
{"target": -88.09061334027875, "params": {"p_ai": 4.2765554853846055, "p_al": 9.257871919519259, "p_ex": 10.0, "prior": 8.244950678558638, "rate": 3.9477612824535036}, "datetime": {"datetime": "2024-04-01 14:27:46", "elapsed": 890.472236, "delta": 6.133169}}
{"target": -88.58389417772811, "params": {"p_ai": 3.36641995996494, "p_al": 1.3492031022597224, "p_ex": 8.42019879378173, "prior": 10.0, "rate": 8.82449244020335}, "datetime": {"datetime": "2024-04-01 14:27:54", "elapsed": 899.126082, "delta": 8.653846}}
{"target": -90.1745721941139, "params": {"p_ai": 3.4687583869414564, "p_al": 1.8991812800916048, "p_ex": 5.900224806928782, "prior": 4.730735374706049, "rate": 3.7685476683396355}, "datetime": {"datetime": "2024-04-01 14:28:01", "elapsed": 905.431615, "delta": 6.305533}}
{"target": -87.43041991185986, "params": {"p_ai": 4.021260175837579, "p_al": 4.439592040024808, "p_ex": 9.518222432906976, "prior": 4.642245981980808, "rate": 2.348934829025318}, "datetime": {"datetime": "2024-04-01 14:28:09", "elapsed": 913.775183, "delta": 8.343568}}
{"target": -90.92244164297404, "params": {"p_ai": 1.0209951614912927, "p_al": 7.584702301412698, "p_ex": 7.771339127461219, "prior": 2.8902406651295363, "rate": 3.944136504541713}, "datetime": {"datetime": "2024-04-01 14:28:17", "elapsed": 921.534606, "delta": 7.759423}}
{"target": -89.2063563120423, "params": {"p_ai": 2.216286838508683, "p_al": 4.452088231317943, "p_ex": 5.459069934002889, "prior": 6.874581824540173, "rate": 7.152377221505938}, "datetime": {"datetime": "2024-04-01 14:28:26", "elapsed": 930.81548, "delta": 9.280874}}
{"target": -89.81036109597687, "params": {"p_ai": 3.324734618632153, "p_al": 2.3780329518920653, "p_ex": 4.950907603658249, "prior": 0.299588548367292, "rate": 2.180196004971717}, "datetime": {"datetime": "2024-04-01 14:28:38", "elapsed": 942.169236, "delta": 11.353756}}
{"target": -90.45946555761859, "params": {"p_ai": 1.8612388400695072, "p_al": 3.291024720283253, "p_ex": 7.940412971113067, "prior": 4.690481087244062, "rate": 9.075532848527718}, "datetime": {"datetime": "2024-04-01 14:28:48", "elapsed": 952.355984, "delta": 10.186748}}
{"target": -85.65547146322265, "params": {"p_ai": 2.909616944018784, "p_al": 7.93963836988777, "p_ex": 7.868290243137587, "prior": 5.8644296283276836, "rate": 7.297916573737966}, "datetime": {"datetime": "2024-04-01 14:28:55", "elapsed": 959.210254, "delta": 6.85427}}
{"target": -87.66596303592043, "params": {"p_ai": 3.2457238739941086, "p_al": 4.883143721812819, "p_ex": 5.727753765638155, "prior": 2.0817463463191093, "rate": 2.859848190452647}, "datetime": {"datetime": "2024-04-01 14:29:09", "elapsed": 973.239171, "delta": 14.028917}}
{"target": -89.23389459565183, "params": {"p_ai": 4.261594294102646, "p_al": 8.753408134417484, "p_ex": 8.78707360157646, "prior": 6.136270848003296, "rate": 3.398097349907259}, "datetime": {"datetime": "2024-04-01 14:29:16", "elapsed": 980.508772, "delta": 7.269601}}
{"target": -87.24438879952788, "params": {"p_ai": 2.6898499710712316, "p_al": 7.281878820073513, "p_ex": 8.973982286808099, "prior": 8.24305624205522, "rate": 4.456469305476317}, "datetime": {"datetime": "2024-04-01 14:29:24", "elapsed": 988.976779, "delta": 8.468007}}
{"target": -88.35027500956451, "params": {"p_ai": 3.278563432914237, "p_al": 5.01505398699725, "p_ex": 10.0, "prior": 8.572788410821845, "rate": 8.42270799033755}, "datetime": {"datetime": "2024-04-01 14:29:32", "elapsed": 996.791916, "delta": 7.815137}}
{"target": -84.94395265603688, "params": {"p_ai": 2.5177307194008556, "p_al": 9.884400543852632, "p_ex": 9.336565857716039, "prior": 5.807621496893856, "rate": 6.212403495357546}, "datetime": {"datetime": "2024-04-01 14:29:40", "elapsed": 1005.088448, "delta": 8.296532}}
{"target": -85.2773343478718, "params": {"p_ai": 2.9093732874163423, "p_al": 10.0, "p_ex": 8.270341369352703, "prior": 8.324398008759939, "rate": 6.391351853968068}, "datetime": {"datetime": "2024-04-01 14:29:48", "elapsed": 1012.84165, "delta": 7.753202}}
{"target": -87.79729268116802, "params": {"p_ai": 3.4024769253100393, "p_al": 5.225695990916749, "p_ex": 7.824416442942285, "prior": 7.728950515054821, "rate": 3.8367284671576294}, "datetime": {"datetime": "2024-04-01 14:29:58", "elapsed": 1022.771882, "delta": 9.930232}}
{"target": -85.5659708581716, "params": {"p_ai": 2.5441764863509366, "p_al": 6.514178948521439, "p_ex": 8.817568261065421, "prior": 4.118669552463582, "rate": 5.4585366524020404}, "datetime": {"datetime": "2024-04-01 14:30:06", "elapsed": 1031.082606, "delta": 8.310724}}
{"target": -86.48296145941164, "params": {"p_ai": 2.815381205346446, "p_al": 6.901076370876718, "p_ex": 5.67628112759399, "prior": 2.4078035341079183, "rate": 6.292566018435676}, "datetime": {"datetime": "2024-04-01 14:30:16", "elapsed": 1040.767527, "delta": 9.684921}}
{"target": -91.83495775332922, "params": {"p_ai": 2.223964769110136, "p_al": 10.0, "p_ex": 3.2898875530300544, "prior": 2.757289601870631, "rate": 7.642098004249792}, "datetime": {"datetime": "2024-04-01 14:30:22", "elapsed": 1046.752127, "delta": 5.9846}}
{"target": -86.81848711784967, "params": {"p_ai": 1.563947975015032, "p_al": 9.791589963376698, "p_ex": 7.967420306524248, "prior": 4.379231296028758, "rate": 7.114654941434449}, "datetime": {"datetime": "2024-04-01 14:30:29", "elapsed": 1053.551809, "delta": 6.799682}}
{"target": -88.68820943602748, "params": {"p_ai": 3.3418642532660043, "p_al": 7.9049570719702285, "p_ex": 6.174306397169109, "prior": 10.0, "rate": 7.871205807897096}, "datetime": {"datetime": "2024-04-01 14:30:35", "elapsed": 1059.623334, "delta": 6.071525}}
{"target": -87.95802251530215, "params": {"p_ai": 2.987731753713394, "p_al": 6.106896928909179, "p_ex": 7.481266473765706, "prior": 10.0, "rate": 5.227470183424611}, "datetime": {"datetime": "2024-04-01 14:30:47", "elapsed": 1071.887788, "delta": 12.264454}}
{"target": -91.60657207752836, "params": {"p_ai": 3.8911535958514145, "p_al": 1.4382167381651128, "p_ex": 6.435774959614752, "prior": 8.637307281571232, "rate": 5.242770127543189}, "datetime": {"datetime": "2024-04-01 14:30:53", "elapsed": 1078.001105, "delta": 6.113317}}
{"target": -85.1339582994195, "params": {"p_ai": 3.535578523017698, "p_al": 7.650682143471969, "p_ex": 10.0, "prior": 3.807265036038492, "rate": 2.464450181061004}, "datetime": {"datetime": "2024-04-01 14:30:59", "elapsed": 1083.656423, "delta": 5.655318}}
{"target": -88.12565956267326, "params": {"p_ai": 4.098902098885467, "p_al": 2.3585376717938997, "p_ex": 10.0, "prior": 6.061580890172559, "rate": 2.9152896339613683}, "datetime": {"datetime": "2024-04-01 14:31:09", "elapsed": 1093.623345, "delta": 9.966922}}
{"target": -90.44506059187205, "params": {"p_ai": 2.6166057447033224, "p_al": 1.0640811811684034, "p_ex": 10.0, "prior": 8.4480514994459, "rate": 4.952925226766953}, "datetime": {"datetime": "2024-04-01 14:31:17", "elapsed": 1101.272999, "delta": 7.649654}}
{"target": -91.97753959498375, "params": {"p_ai": 1.2512083382258474, "p_al": 5.84197322933196, "p_ex": 7.800515036340393, "prior": 3.9192450892275903, "rate": 9.793397908533617}, "datetime": {"datetime": "2024-04-01 14:31:23", "elapsed": 1107.297694, "delta": 6.024695}}
{"target": -88.89894844649872, "params": {"p_ai": 3.0022488915955416, "p_al": 1.710029269389736, "p_ex": 10.0, "prior": 4.424635698125616, "rate": 4.405806638366398}, "datetime": {"datetime": "2024-04-01 14:31:30", "elapsed": 1114.273203, "delta": 6.975509}}
{"target": -87.1885613019706, "params": {"p_ai": 2.823267949913434, "p_al": 10.0, "p_ex": 5.59910778206181, "prior": 7.43619765192487, "rate": 9.420130897661103}, "datetime": {"datetime": "2024-04-01 14:31:39", "elapsed": 1123.233535, "delta": 8.960332}}
{"target": -88.04086390421836, "params": {"p_ai": 2.2518820255298135, "p_al": 5.70347210933409, "p_ex": 8.39176199323218, "prior": 8.49971677491203, "rate": 10.0}, "datetime": {"datetime": "2024-04-01 14:31:44", "elapsed": 1128.948943, "delta": 5.715408}}
{"target": -97.95382881909643, "params": {"p_ai": 4.305203321872402, "p_al": 7.547388644825807, "p_ex": 6.585222000014948, "prior": 0.06627378251280713, "rate": 8.966012112794083}, "datetime": {"datetime": "2024-04-01 14:31:50", "elapsed": 1134.286784, "delta": 5.337841}}
{"target": -91.14623798691876, "params": {"p_ai": 2.6767823774591157, "p_al": 1.8043472266516603, "p_ex": 4.590748375330716, "prior": 7.452611029986444, "rate": 10.0}, "datetime": {"datetime": "2024-04-01 14:31:56", "elapsed": 1140.245403, "delta": 5.958619}}
