{"target": -92.6656174822723, "params": {"p_ai": 4.393943336126756, "p_al": 3.387794836347908, "p_ex": 7.1380741352770665, "prior": 4.465745039116645, "rate": 2.298216082108728}, "datetime": {"datetime": "2024-04-01 14:43:21", "elapsed": 1825.881752, "delta": 6.64888}}
{"target": -93.64575190300185, "params": {"p_ai": 3.250308308320282, "p_al": 1.6581731040906895, "p_ex": 4.137630094199311, "prior": 4.851453704720409, "rate": 9.642381864614741}, "datetime": {"datetime": "2024-04-01 14:43:28", "elapsed": 1832.196915, "delta": 6.315163}}
{"target": -90.73365849623193, "params": {"p_ai": 3.5528474082362744, "p_al": 0.001, "p_ex": 10.0, "prior": 8.319585040514227, "rate": 7.845396171597575}, "datetime": {"datetime": "2024-04-01 14:43:37", "elapsed": 1841.749664, "delta": 9.552749}}
{"target": -87.93268445895363, "params": {"p_ai": 3.4687498898633047, "p_al": 2.9828882846714646, "p_ex": 10.0, "prior": 9.699188324761609, "rate": 3.8707877127727484}, "datetime": {"datetime": "2024-04-01 14:43:46", "elapsed": 1850.730984, "delta": 8.98132}}
{"target": -87.5373391121431, "params": {"p_ai": 2.9915645195922203, "p_al": 9.31696390195446, "p_ex": 9.419513504283064, "prior": 0.807678293999611, "rate": 3.426605450070909}, "datetime": {"datetime": "2024-04-01 14:43:54", "elapsed": 1859.094364, "delta": 8.36338}}
{"target": -92.82409896855867, "params": {"p_ai": 1.6893012016830344, "p_al": 7.6476849196238454, "p_ex": 6.975771624882201, "prior": 9.868495415210122, "rate": 6.737572402482194}, "datetime": {"datetime": "2024-04-01 14:44:01", "elapsed": 1865.901854, "delta": 6.80749}}
{"target": -89.99756440601051, "params": {"p_ai": 4.497778821556903, "p_al": 0.9497809611652958, "p_ex": 10.0, "prior": 7.9667266147899305, "rate": 2.9355896862898043}, "datetime": {"datetime": "2024-04-01 14:44:07", "elapsed": 1871.95325, "delta": 6.051396}}
{"target": -92.43860532636579, "params": {"p_ai": 3.059878196113415, "p_al": 2.4644057723337753, "p_ex": 5.077713582950752, "prior": 10.0, "rate": 6.04816616221778}, "datetime": {"datetime": "2024-04-01 14:44:14", "elapsed": 1878.33755, "delta": 6.3843}}
{"target": -94.5699334213113, "params": {"p_ai": 2.89063800896292, "p_al": 2.052439403477318, "p_ex": 3.712150124237462, "prior": 6.98201369984683, "rate": 7.916076746550954}, "datetime": {"datetime": "2024-04-01 14:44:20", "elapsed": 1884.887179, "delta": 6.549629}}
{"target": -89.97758395434015, "params": {"p_ai": 2.179393930811529, "p_al": 6.012984620226217, "p_ex": 5.542053319795639, "prior": 10.0, "rate": 8.676103934496842}, "datetime": {"datetime": "2024-04-01 14:44:29", "elapsed": 1893.348849, "delta": 8.46167}}
{"target": -90.23074360215374, "params": {"p_ai": 3.1882606257582737, "p_al": 0.001, "p_ex": 6.235238954909811, "prior": 6.272469324422831, "rate": 4.066002140636875}, "datetime": {"datetime": "2024-04-01 14:44:38", "elapsed": 1902.732042, "delta": 9.383193}}
{"target": -92.00744114695426, "params": {"p_ai": 4.452449383954924, "p_al": 10.0, "p_ex": 7.669344903421455, "prior": 10.0, "rate": 8.511272576264327}, "datetime": {"datetime": "2024-04-01 14:44:44", "elapsed": 1908.229749, "delta": 5.497707}}
{"target": -86.68898594674631, "params": {"p_ai": 3.1813387271538547, "p_al": 10.0, "p_ex": 6.854431592018841, "prior": 4.539873232290516, "rate": 8.119922138200616}, "datetime": {"datetime": "2024-04-01 14:44:51", "elapsed": 1915.435841, "delta": 7.206092}}
{"target": -88.68322658322107, "params": {"p_ai": 3.6782720145488765, "p_al": 3.0375290670050443, "p_ex": 6.424499738513332, "prior": 1.1991584989738568, "rate": 1.558872497955935}, "datetime": {"datetime": "2024-04-01 14:45:01", "elapsed": 1925.663985, "delta": 10.228144}}
{"target": -98.88340163434853, "params": {"p_ai": 0.6267448675339093, "p_al": 5.473759690065766, "p_ex": 8.165067303803166, "prior": 3.474922826034908, "rate": 5.449863030898328}, "datetime": {"datetime": "2024-04-01 14:45:11", "elapsed": 1935.734777, "delta": 10.070792}}
{"target": -94.60320352757803, "params": {"p_ai": 3.873967731574699, "p_al": 3.764117069828045, "p_ex": 4.715550604021281, "prior": 7.885298186108773, "rate": 9.810968433503236}, "datetime": {"datetime": "2024-04-01 14:45:17", "elapsed": 1942.135021, "delta": 6.400244}}
{"target": -89.78632667817942, "params": {"p_ai": 2.542286726848002, "p_al": 4.630640480844574, "p_ex": 10.0, "prior": 10.0, "rate": 5.404949663870651}, "datetime": {"datetime": "2024-04-01 14:45:24", "elapsed": 1949.135642, "delta": 7.000621}}
{"target": -93.98970207695757, "params": {"p_ai": 3.970351177126284, "p_al": 10.0, "p_ex": 4.654845488106116, "prior": 3.5071977829108136, "rate": 8.632329719321428}, "datetime": {"datetime": "2024-04-01 14:45:33", "elapsed": 1957.778749, "delta": 8.643107}}
{"target": -93.57952462187802, "params": {"p_ai": 4.657083868069007, "p_al": 7.686521580452631, "p_ex": 8.582647501744614, "prior": 10.0, "rate": 9.249312701744348}, "datetime": {"datetime": "2024-04-01 14:45:39", "elapsed": 1963.740108, "delta": 5.961359}}
{"target": -92.08735767631723, "params": {"p_ai": 4.438116379073801, "p_al": 10.0, "p_ex": 7.444031206298426, "prior": 9.899815647192213, "rate": 5.761355500730254}, "datetime": {"datetime": "2024-04-01 14:45:51", "elapsed": 1975.709652, "delta": 11.969544}}
{"target": -95.37535008687048, "params": {"p_ai": 4.277466770466686, "p_al": 7.741701671133688, "p_ex": 7.815338415831129, "prior": 1.050742549393745, "rate": 3.9310545201195985}, "datetime": {"datetime": "2024-04-01 14:45:57", "elapsed": 1981.947154, "delta": 6.237502}}
{"target": -91.12333651635785, "params": {"p_ai": 1.9706135664819677, "p_al": 6.608407020344124, "p_ex": 10.0, "prior": 8.0556038523999, "rate": 6.323532698847945}, "datetime": {"datetime": "2024-04-01 14:46:08", "elapsed": 1992.663615, "delta": 10.716461}}
{"target": -88.26284551208391, "params": {"p_ai": 2.1100675475613357, "p_al": 5.673115059568689, "p_ex": 5.059565216474258, "prior": 4.988979066950284, "rate": 8.359536759557729}, "datetime": {"datetime": "2024-04-01 14:46:17", "elapsed": 2001.367057, "delta": 8.703442}}
{"target": -88.53164128291687, "params": {"p_ai": 3.420613287194328, "p_al": 1.491582034040257, "p_ex": 9.74640971870488, "prior": 6.4754622875853745, "rate": 5.2723548151043165}, "datetime": {"datetime": "2024-04-01 14:46:24", "elapsed": 2008.668143, "delta": 7.301086}}
{"target": -89.44842918184193, "params": {"p_ai": 2.1861729051887258, "p_al": 10.0, "p_ex": 5.772059208816194, "prior": 7.953501572430568, "rate": 5.851868882886042}, "datetime": {"datetime": "2024-04-01 14:46:31", "elapsed": 2015.232653, "delta": 6.56451}}
{"target": -90.4240154233769, "params": {"p_ai": 2.254679727168309, "p_al": 0.001, "p_ex": 7.046294396555246, "prior": 4.053334912111374, "rate": 3.3791971053107956}, "datetime": {"datetime": "2024-04-01 14:46:37", "elapsed": 2021.950944, "delta": 6.718291}}
{"target": -93.3146271845183, "params": {"p_ai": 4.977389688923456, "p_al": 7.721956098047555, "p_ex": 10.0, "prior": 10.0, "rate": 6.609635960982468}, "datetime": {"datetime": "2024-04-01 14:46:45", "elapsed": 2029.766834, "delta": 7.81589}}
{"target": -89.68682369077753, "params": {"p_ai": 3.698024858122243, "p_al": 0.001, "p_ex": 9.250760433112097, "prior": 3.4069704202037467, "rate": 2.7512391915255567}, "datetime": {"datetime": "2024-04-01 14:46:54", "elapsed": 2039.082005, "delta": 9.315171}}
{"target": -89.01558654766006, "params": {"p_ai": 2.2233802060842973, "p_al": 4.02468911793012, "p_ex": 10.0, "prior": 4.143552242579481, "rate": 5.037090966222988}, "datetime": {"datetime": "2024-04-01 14:47:01", "elapsed": 2045.860941, "delta": 6.778936}}
{"target": -90.74445369917206, "params": {"p_ai": 1.8647275759989155, "p_al": 9.090544027212326, "p_ex": 5.275858497744839, "prior": 9.620606731929962, "rate": 9.143794038642676}, "datetime": {"datetime": "2024-04-01 14:47:11", "elapsed": 2055.979004, "delta": 10.118063}}
{"target": -85.89135540006735, "params": {"p_ai": 2.3036475236036087, "p_al": 10.0, "p_ex": 7.682138869076989, "prior": 8.06016729005533, "rate": 10.0}, "datetime": {"datetime": "2024-04-01 14:47:21", "elapsed": 2065.345113, "delta": 9.366109}}
{"target": -91.48414680266957, "params": {"p_ai": 2.7505223081486805, "p_al": 2.629256015748238, "p_ex": 3.861268922341368, "prior": 2.2898613764273987, "rate": 5.791996216558967}, "datetime": {"datetime": "2024-04-01 14:47:28", "elapsed": 2072.358294, "delta": 7.013181}}
{"target": -89.28783805687202, "params": {"p_ai": 3.2489239278138835, "p_al": 5.4473339308492825, "p_ex": 8.711732386159365, "prior": 10.0, "rate": 3.3871501336095142}, "datetime": {"datetime": "2024-04-01 14:47:36", "elapsed": 2080.330444, "delta": 7.97215}}
{"target": -91.99084435833996, "params": {"p_ai": 1.7115495689036548, "p_al": 2.7109441220422235, "p_ex": 8.22601653348316, "prior": 6.8895494242056, "rate": 10.0}, "datetime": {"datetime": "2024-04-01 14:47:44", "elapsed": 2088.530431, "delta": 8.199987}}
{"target": -92.78790898839561, "params": {"p_ai": 1.8457850339822035, "p_al": 0.8557595525171012, "p_ex": 5.353773203466965, "prior": 9.330688641185347, "rate": 9.69182488324732}, "datetime": {"datetime": "2024-04-01 14:47:51", "elapsed": 2096.11829, "delta": 7.587859}}
{"target": -88.22868232859093, "params": {"p_ai": 3.988299197752509, "p_al": 4.401104107341723, "p_ex": 10.0, "prior": 8.314985940046757, "rate": 2.831444302100148}, "datetime": {"datetime": "2024-04-01 14:47:59", "elapsed": 2103.196574, "delta": 7.078284}}
{"target": -96.8949465967273, "params": {"p_ai": 0.5960138771128626, "p_al": 7.889782184219469, "p_ex": 6.556966654487559, "prior": 4.546596783388101, "rate": 10.0}, "datetime": {"datetime": "2024-04-01 14:48:06", "elapsed": 2110.221288, "delta": 7.024714}}
{"target": -91.06946244487894, "params": {"p_ai": 1.7583147106773498, "p_al": 1.7339980631771568, "p_ex": 6.336141615614352, "prior": 4.375025656158881, "rate": 9.784217774034115}, "datetime": {"datetime": "2024-04-01 14:48:14", "elapsed": 2118.995783, "delta": 8.774495}}
{"target": -93.933705053549, "params": {"p_ai": 4.558458265251109, "p_al": 2.9246975044116117, "p_ex": 10.0, "prior": 3.5360595765457075, "rate": 3.63755804115857}, "datetime": {"datetime": "2024-04-01 14:48:26", "elapsed": 2130.244609, "delta": 11.248826}}
{"target": -88.3176523619662, "params": {"p_ai": 2.0044584700399803, "p_al": 10.0, "p_ex": 7.464619608653837, "prior": 10.0, "rate": 8.322647147042375}, "datetime": {"datetime": "2024-04-01 14:48:33", "elapsed": 2137.463541, "delta": 7.218932}}
{"target": -91.15541960827959, "params": {"p_ai": 2.0110693447448287, "p_al": 9.729397025312808, "p_ex": 3.8949936178032027, "prior": 6.0566618447600336, "rate": 9.69397881165623}, "datetime": {"datetime": "2024-04-01 14:48:40", "elapsed": 2144.969962, "delta": 7.506421}}
{"target": -111.06179644827895, "params": {"p_ai": 4.729330480243601, "p_al": 0.412636166773806, "p_ex": 2.2763265077816386, "prior": 0.6090869945486546, "rate": 2.2458461023545406}, "datetime": {"datetime": "2024-04-01 14:48:52", "elapsed": 2156.314325, "delta": 11.344363}}
{"target": -92.24638611282954, "params": {"p_ai": 1.9587008725551622, "p_al": 4.502085358950669, "p_ex": 9.900761606821144, "prior": 10.0, "rate": 9.642024534234341}, "datetime": {"datetime": "2024-04-01 14:48:59", "elapsed": 2163.420514, "delta": 7.106189}}
{"target": -102.10869588014599, "params": {"p_ai": 4.089854718734936, "p_al": 3.661725886412133, "p_ex": 2.7898770094427827, "prior": 1.595676378178038, "rate": 4.214463693186538}, "datetime": {"datetime": "2024-04-01 14:49:05", "elapsed": 2170.023325, "delta": 6.602811}}
{"target": -97.46303381272075, "params": {"p_ai": 1.0116355186695452, "p_al": 4.8170421416236335, "p_ex": 3.641805801273507, "prior": 1.8981243719199512, "rate": 3.187598462592051}, "datetime": {"datetime": "2024-04-01 14:49:17", "elapsed": 2182.073516, "delta": 12.050191}}
{"target": -97.24414263775931, "params": {"p_ai": 3.3478182712406945, "p_al": 0.11593389774250099, "p_ex": 9.291857012819584, "prior": 0.9361009461562165, "rate": 2.098684107618154}, "datetime": {"datetime": "2024-04-01 14:49:25", "elapsed": 2189.298374, "delta": 7.224858}}
{"target": -86.49366762539809, "params": {"p_ai": 2.299504094161381, "p_al": 7.927585719839476, "p_ex": 6.777412825652258, "prior": 7.660301594214702, "rate": 10.0}, "datetime": {"datetime": "2024-04-01 14:49:36", "elapsed": 2200.492511, "delta": 11.194137}}
{"target": -95.63448506769078, "params": {"p_ai": 3.8941966363032474, "p_al": 9.70379696194838, "p_ex": 4.438176893323778, "prior": 9.597288983767552, "rate": 8.745479777301043}, "datetime": {"datetime": "2024-04-01 14:49:43", "elapsed": 2207.703675, "delta": 7.211164}}
{"target": -94.47666398806633, "params": {"p_ai": 1.2613321209383375, "p_al": 5.633592583611796, "p_ex": 8.429146352830237, "prior": 1.604400701753639, "rate": 9.74834892742468}, "datetime": {"datetime": "2024-04-01 14:49:53", "elapsed": 2217.583945, "delta": 9.88027}}
{"target": -112.00831437826294, "params": {"p_ai": 0.24982723192122208, "p_al": 2.0941187334374085, "p_ex": 4.190390507195961, "prior": 0.6402332635454503, "rate": 0.5541871096971452}, "datetime": {"datetime": "2024-04-01 14:50:03", "elapsed": 2227.281281, "delta": 9.697336}}
{"target": -97.3603060093168, "params": {"p_ai": 1.2320011011314536, "p_al": 6.142854259619733, "p_ex": 10.0, "prior": 4.762854612409478, "rate": 4.055502506743741}, "datetime": {"datetime": "2024-04-01 14:50:15", "elapsed": 2240.128025, "delta": 12.846744}}
{"target": -94.39302320581902, "params": {"p_ai": 1.5506175978011663, "p_al": 4.067502809845541, "p_ex": 5.120853295253129, "prior": 8.740075739994174, "rate": 8.444962274462272}, "datetime": {"datetime": "2024-04-01 14:50:25", "elapsed": 2249.794926, "delta": 9.666901}}
{"target": -85.58356261871201, "params": {"p_ai": 3.3267029125019545, "p_al": 10.0, "p_ex": 10.0, "prior": 9.353344594926632, "rate": 6.243410162394543}, "datetime": {"datetime": "2024-04-01 14:50:32", "elapsed": 2256.299086, "delta": 6.50416}}
{"target": -100.63450196972647, "params": {"p_ai": 0.9000038668408858, "p_al": 1.7599115014186593, "p_ex": 4.279038330273637, "prior": 5.790751288581579, "rate": 10.0}, "datetime": {"datetime": "2024-04-01 14:50:40", "elapsed": 2264.171874, "delta": 7.872788}}
{"target": -99.59182565329607, "params": {"p_ai": 3.498046170360823, "p_al": 0.33858492285925795, "p_ex": 5.1139726113543365, "prior": 1.0586866966771866, "rate": 8.782237914015015}, "datetime": {"datetime": "2024-04-01 14:50:46", "elapsed": 2270.731054, "delta": 6.55918}}
{"target": -93.59842153322268, "params": {"p_ai": 4.298565720517005, "p_al": 9.400758857381758, "p_ex": 10.0, "prior": 5.114181523567114, "rate": 7.2124655970884595}, "datetime": {"datetime": "2024-04-01 14:50:53", "elapsed": 2277.472629, "delta": 6.741575}}
{"target": -93.99862316012701, "params": {"p_ai": 4.114642047751184, "p_al": 9.177613232795006, "p_ex": 10.0, "prior": 6.6224305118051, "rate": 9.917650782181166}, "datetime": {"datetime": "2024-04-01 14:50:59", "elapsed": 2283.684839, "delta": 6.21221}}
{"target": -94.5086965988142, "params": {"p_ai": 4.892775458731319, "p_al": 10.0, "p_ex": 8.762459943807961, "prior": 8.359049214309096, "rate": 7.527587364118173}, "datetime": {"datetime": "2024-04-01 14:51:11", "elapsed": 2295.902607, "delta": 12.217768}}
{"target": -93.53369591493859, "params": {"p_ai": 4.345365999421295, "p_al": 0.001, "p_ex": 7.5676576642573234, "prior": 5.992871702462366, "rate": 5.472611814056812}, "datetime": {"datetime": "2024-04-01 14:51:18", "elapsed": 2302.964379, "delta": 7.061772}}
{"target": -88.25797162752347, "params": {"p_ai": 2.1124572002691377, "p_al": 4.166144272593912, "p_ex": 5.155128981078443, "prior": 3.9191624437360457, "rate": 6.430389004367566}, "datetime": {"datetime": "2024-04-01 14:51:25", "elapsed": 2309.604729, "delta": 6.64035}}
{"target": -89.98202036685251, "params": {"p_ai": 2.085836286289752, "p_al": 1.3369107385538361, "p_ex": 7.87302138187571, "prior": 2.7307183630570857, "rate": 2.0081021225348787}, "datetime": {"datetime": "2024-04-01 14:51:35", "elapsed": 2320.083616, "delta": 10.478887}}
{"target": -88.39683749058116, "params": {"p_ai": 1.5324428197071622, "p_al": 10.0, "p_ex": 10.0, "prior": 3.6086622017055956, "rate": 6.653200446219578}, "datetime": {"datetime": "2024-04-01 14:51:43", "elapsed": 2327.617202, "delta": 7.533586}}
{"target": -94.62861744371801, "params": {"p_ai": 4.460443878929447, "p_al": 6.106466761798621, "p_ex": 8.335491032618066, "prior": 5.441791121140997, "rate": 7.5638586283409355}, "datetime": {"datetime": "2024-04-01 14:51:52", "elapsed": 2336.673665, "delta": 9.056463}}
{"target": -96.77409904691157, "params": {"p_ai": 1.204407232401357, "p_al": 0.001, "p_ex": 5.600179147029083, "prior": 2.591628392983303, "rate": 10.0}, "datetime": {"datetime": "2024-04-01 14:52:02", "elapsed": 2346.362315, "delta": 9.68865}}
{"target": -106.07418457396588, "params": {"p_ai": 1.553619727911698, "p_al": 0.001, "p_ex": 9.447157185925004, "prior": 10.0, "rate": 4.250742644661753}, "datetime": {"datetime": "2024-04-01 14:52:17", "elapsed": 2361.691523, "delta": 15.329208}}
{"target": -92.5894299616701, "params": {"p_ai": 2.4367960111633535, "p_al": 3.2668304733470284, "p_ex": 9.05780115436788, "prior": 2.956301175689842, "rate": 7.708646122475336}, "datetime": {"datetime": "2024-04-01 14:52:25", "elapsed": 2369.256392, "delta": 7.564869}}
{"target": -92.78696901298619, "params": {"p_ai": 4.52423231076555, "p_al": 10.0, "p_ex": 7.365229707115492, "prior": 5.459856735072188, "rate": 5.3295770790540695}, "datetime": {"datetime": "2024-04-01 14:52:32", "elapsed": 2376.595071, "delta": 7.338679}}
{"target": -93.91983564167403, "params": {"p_ai": 4.012982101986275, "p_al": 7.3893409421616845, "p_ex": 4.824429953440267, "prior": 1.6978950402057873, "rate": 4.424831679951656}, "datetime": {"datetime": "2024-04-01 14:52:39", "elapsed": 2383.793638, "delta": 7.198567}}
{"target": -95.2260192483254, "params": {"p_ai": 4.486673589405615, "p_al": 9.733820708773699, "p_ex": 10.0, "prior": 5.889819086980371, "rate": 1.5627274908451791}, "datetime": {"datetime": "2024-04-01 14:52:49", "elapsed": 2393.598983, "delta": 9.805345}}
{"target": -90.38807885578234, "params": {"p_ai": 2.6738775237561674, "p_al": 0.05451996116362364, "p_ex": 5.39246211774024, "prior": 1.9486782613276181, "rate": 1.998400656421224}, "datetime": {"datetime": "2024-04-01 14:52:56", "elapsed": 2400.146666, "delta": 6.547683}}
{"target": -99.06705242071644, "params": {"p_ai": 0.8761051663288063, "p_al": 2.5949748958789858, "p_ex": 8.156991181796403, "prior": 3.7644568295546303, "rate": 5.722737243308104}, "datetime": {"datetime": "2024-04-01 14:53:07", "elapsed": 2411.229114, "delta": 11.082448}}
{"target": -98.4819605055954, "params": {"p_ai": 4.513766723160423, "p_al": 2.998821326259926, "p_ex": 5.338576342227249, "prior": 0.9407263982132231, "rate": 3.5501291039224783}, "datetime": {"datetime": "2024-04-01 14:53:15", "elapsed": 2419.915931, "delta": 8.686817}}
{"target": -91.630205597725, "params": {"p_ai": 2.7286195149149375, "p_al": 0.001, "p_ex": 7.506456956601281, "prior": 4.684084651151126, "rate": 9.166995091956597}, "datetime": {"datetime": "2024-04-01 14:53:23", "elapsed": 2427.47867, "delta": 7.562739}}
{"target": -94.19973927673698, "params": {"p_ai": 1.0832145222095084, "p_al": 7.2653238526199555, "p_ex": 3.151734089155591, "prior": 1.1780701947975292, "rate": 7.084323797419626}, "datetime": {"datetime": "2024-04-01 14:53:33", "elapsed": 2437.448635, "delta": 9.969965}}
{"target": -93.30944096586263, "params": {"p_ai": 1.8121148349646459, "p_al": 7.025862025232235, "p_ex": 10.0, "prior": 3.414339405699713, "rate": 10.0}, "datetime": {"datetime": "2024-04-01 14:53:45", "elapsed": 2449.774835, "delta": 12.3262}}
{"target": -92.30277057246265, "params": {"p_ai": 2.2089707051135057, "p_al": 1.5316930968666809, "p_ex": 10.0, "prior": 10.0, "rate": 7.781903610179534}, "datetime": {"datetime": "2024-04-01 14:53:53", "elapsed": 2457.209157, "delta": 7.434322}}
{"target": -91.40260627300104, "params": {"p_ai": 2.591207452062446, "p_al": 10.0, "p_ex": 8.44800852553611, "prior": 5.547625645716407, "rate": 2.1113339680566003}, "datetime": {"datetime": "2024-04-01 14:53:59", "elapsed": 2464.107307, "delta": 6.89815}}
{"target": -93.57094781443963, "params": {"p_ai": 5.216195502281803, "p_al": 8.064867848091406, "p_ex": 10.0, "prior": 10.0, "rate": 4.034543601425479}, "datetime": {"datetime": "2024-04-01 14:54:09", "elapsed": 2473.549307, "delta": 9.442}}
{"target": -100.3132283619573, "params": {"p_ai": 0.7822146922296062, "p_al": 5.784828461833303, "p_ex": 6.549890779702725, "prior": 7.978974376834489, "rate": 9.580525570111126}, "datetime": {"datetime": "2024-04-01 14:54:18", "elapsed": 2482.617907, "delta": 9.0686}}
{"target": -93.46472354747654, "params": {"p_ai": 4.7598088628163175, "p_al": 10.0, "p_ex": 8.542177896954314, "prior": 4.286525518594264, "rate": 3.17445313968659}, "datetime": {"datetime": "2024-04-01 14:54:32", "elapsed": 2496.196888, "delta": 13.578981}}
{"target": -92.64317982364118, "params": {"p_ai": 4.577051154758038, "p_al": 1.2241431609955244, "p_ex": 10.0, "prior": 10.0, "rate": 7.195147793291565}, "datetime": {"datetime": "2024-04-01 14:54:48", "elapsed": 2512.28571, "delta": 16.088822}}
{"target": -104.6550512203654, "params": {"p_ai": 0.001, "p_al": 10.0, "p_ex": 6.8106008636929225, "prior": 4.042350834614282, "rate": 8.960167444902535}, "datetime": {"datetime": "2024-04-01 14:54:56", "elapsed": 2520.378885, "delta": 8.093175}}
{"target": -89.03499776703305, "params": {"p_ai": 3.061720700995082, "p_al": 9.76346054371655, "p_ex": 8.209194347207333, "prior": 2.605565519603055, "rate": 7.889746638147013}, "datetime": {"datetime": "2024-04-01 14:55:03", "elapsed": 2528.131289, "delta": 7.752404}}
