{"target": -269.1588379271252, "params": {"gamma": 2.418142599123419, "lr": 0.3864236662424114}, "datetime": {"datetime": "2024-03-30 18:35:08", "elapsed": 946.962758, "delta": 7.475944}}
{"target": -109.54385054257408, "params": {"gamma": 1.034538530840864, "lr": 0.7234213062432887}, "datetime": {"datetime": "2024-03-30 18:35:12", "elapsed": 950.6978, "delta": 3.735042}}
{"target": -357.4039969538969, "params": {"gamma": 3.7796698290783763, "lr": 0.8020387954120906}, "datetime": {"datetime": "2024-03-30 18:35:15", "elapsed": 953.654042, "delta": 2.956242}}
{"target": -151.14504809776037, "params": {"gamma": 1.5427771390307896, "lr": 0.7673742706096018}, "datetime": {"datetime": "2024-03-30 18:35:22", "elapsed": 960.146719, "delta": 6.492677}}
{"target": -288.56395446502864, "params": {"gamma": 0.7973237470143503, "lr": 0.13334824778269214}, "datetime": {"datetime": "2024-03-30 18:35:28", "elapsed": 966.232852, "delta": 6.086133}}
{"target": -3109.2672794397067, "params": {"gamma": 9.060873444957423, "lr": 0.12284501100394996}, "datetime": {"datetime": "2024-03-30 18:35:31", "elapsed": 969.085027, "delta": 2.852175}}
{"target": -405.18205806978693, "params": {"gamma": 3.4114780929053876, "lr": 0.29639975285086617}, "datetime": {"datetime": "2024-03-30 18:35:39", "elapsed": 977.287429, "delta": 8.202402}}
{"target": -103.00365539872122, "params": {"gamma": 0.9741466670317391, "lr": 0.510270020888093}, "datetime": {"datetime": "2024-03-30 18:35:46", "elapsed": 984.156394, "delta": 6.868965}}
{"target": -176.00417745181284, "params": {"gamma": 1.8070032531032298, "lr": 0.9397374430125186}, "datetime": {"datetime": "2024-03-30 18:35:53", "elapsed": 991.752307, "delta": 7.595913}}
{"target": -158.51608430142088, "params": {"gamma": 1.5745335665117426, "lr": 0.6741217958607539}, "datetime": {"datetime": "2024-03-30 18:36:00", "elapsed": 998.39863, "delta": 6.646323}}
{"target": -91.21778431088826, "params": {"gamma": 0.4896122135385339, "lr": 0.45005335105033206}, "datetime": {"datetime": "2024-03-30 18:36:07", "elapsed": 1005.953641, "delta": 7.555011}}
{"target": -742.0021798856104, "params": {"gamma": 7.793152136890645, "lr": 0.7358159854528827}, "datetime": {"datetime": "2024-03-30 18:36:10", "elapsed": 1008.731086, "delta": 2.777445}}
{"target": -583.8581903957755, "params": {"gamma": 6.21818362271842, "lr": 0.6279181116481095}, "datetime": {"datetime": "2024-03-30 18:36:13", "elapsed": 1011.55943, "delta": 2.828344}}
{"target": -308.1600742380352, "params": {"gamma": 3.2602612256837884, "lr": 0.7746400832917184}, "datetime": {"datetime": "2024-03-30 18:36:16", "elapsed": 1014.47115, "delta": 2.91172}}
{"target": -413.2164231070814, "params": {"gamma": 4.383833721214706, "lr": 0.9999538442049353}, "datetime": {"datetime": "2024-03-30 18:36:22", "elapsed": 1020.181771, "delta": 5.710621}}
{"target": -222.09735018590297, "params": {"gamma": 2.3283214838161297, "lr": 0.541384031723115}, "datetime": {"datetime": "2024-03-30 18:36:30", "elapsed": 1028.458374, "delta": 8.276603}}
{"target": -177.09961517140664, "params": {"gamma": 1.8336959293952155, "lr": 0.5435988909886439}, "datetime": {"datetime": "2024-03-30 18:36:37", "elapsed": 1035.770679, "delta": 7.312305}}
{"target": -127.75603795659337, "params": {"gamma": 0.0669011595649301, "lr": 0.45202528410810416}, "datetime": {"datetime": "2024-03-30 18:36:44", "elapsed": 1042.554167, "delta": 6.783488}}
{"target": -91.61659696765197, "params": {"gamma": 0.8198495043343335, "lr": 0.8407874923395989}, "datetime": {"datetime": "2024-03-30 18:36:50", "elapsed": 1048.835091, "delta": 6.280924}}
{"target": -590.1120855209449, "params": {"gamma": 6.431234549472638, "lr": 1.0}, "datetime": {"datetime": "2024-03-30 18:37:00", "elapsed": 1058.175594, "delta": 9.340503}}
{"target": -104.1114798825691, "params": {"gamma": 0.9933939613561024, "lr": 0.5859347270221613}, "datetime": {"datetime": "2024-03-30 18:37:08", "elapsed": 1066.159858, "delta": 7.984264}}
{"target": -85.23435286090573, "params": {"gamma": 0.7319826638707613, "lr": 0.9017529306937578}, "datetime": {"datetime": "2024-03-30 18:37:17", "elapsed": 1075.089726, "delta": 8.929868}}
{"target": -78.22069929837114, "params": {"gamma": 0.6113191045032031, "lr": 0.9575511699484143}, "datetime": {"datetime": "2024-03-30 18:37:22", "elapsed": 1080.373277, "delta": 5.283551}}
{"target": -136.5231549534824, "params": {"gamma": 1.3364397046051522, "lr": 0.7166740289606142}, "datetime": {"datetime": "2024-03-30 18:37:27", "elapsed": 1085.15939, "delta": 4.786113}}
{"target": -75.8767752025944, "params": {"gamma": 0.368569171359293, "lr": 0.9185832467373335}, "datetime": {"datetime": "2024-03-30 18:37:32", "elapsed": 1090.449965, "delta": 5.290575}}
{"target": -74.49581658920438, "params": {"gamma": 0.520836207077152, "lr": 0.7769497116572147}, "datetime": {"datetime": "2024-03-30 18:37:44", "elapsed": 1102.35119, "delta": 11.901225}}
{"target": -1815.7837075839197, "params": {"gamma": 5.067973419542996, "lr": 0.020469736447465303}, "datetime": {"datetime": "2024-03-30 18:37:47", "elapsed": 1105.452498, "delta": 3.101308}}
{"target": -111.39858042565454, "params": {"gamma": 0.10210968677689457, "lr": 0.752266860525093}, "datetime": {"datetime": "2024-03-30 18:37:51", "elapsed": 1109.299294, "delta": 3.846796}}
{"target": -140.53900100491336, "params": {"gamma": 1.423517556315917, "lr": 0.5544399856081305}, "datetime": {"datetime": "2024-03-30 18:37:58", "elapsed": 1116.353657, "delta": 7.054363}}
{"target": -90.66755453489088, "params": {"gamma": 0.20579297203974245, "lr": 0.9999779555923286}, "datetime": {"datetime": "2024-03-30 18:38:04", "elapsed": 1122.134011, "delta": 5.780354}}
{"target": -279.3729581958172, "params": {"gamma": 1.1431061418968818, "lr": 0.17523982004496053}, "datetime": {"datetime": "2024-03-30 18:38:10", "elapsed": 1128.877576, "delta": 6.743565}}
{"target": -85.77261721920601, "params": {"gamma": 0.7471491369588408, "lr": 0.9971971677073813}, "datetime": {"datetime": "2024-03-30 18:38:18", "elapsed": 1136.206038, "delta": 7.328462}}
{"target": -465.41475907944897, "params": {"gamma": 4.94854640571, "lr": 0.9973947466088178}, "datetime": {"datetime": "2024-03-30 18:38:25", "elapsed": 1142.97423, "delta": 6.768192}}
{"target": -388.45153129552773, "params": {"gamma": 4.000691575379724, "lr": 0.7019751779109304}, "datetime": {"datetime": "2024-03-30 18:38:27", "elapsed": 1145.896607, "delta": 2.922377}}
{"target": -84.78689902269166, "params": {"gamma": 0.7409742992227272, "lr": 0.7572826848682828}, "datetime": {"datetime": "2024-03-30 18:38:36", "elapsed": 1154.418975, "delta": 8.522368}}
{"target": -397.694874581191, "params": {"gamma": 4.177979713585662, "lr": 0.8939096326494412}, "datetime": {"datetime": "2024-03-30 18:38:42", "elapsed": 1160.775708, "delta": 6.356733}}
{"target": -225.2792835411409, "params": {"gamma": 0.558509508631816, "lr": 0.05416138065226739}, "datetime": {"datetime": "2024-03-30 18:38:51", "elapsed": 1169.888244, "delta": 9.112536}}
{"target": -77.39336062133339, "params": {"gamma": 0.34007369640339996, "lr": 0.8122400993169093}, "datetime": {"datetime": "2024-03-30 18:39:00", "elapsed": 1178.403584, "delta": 8.51534}}
{"target": -114.75415839737504, "params": {"gamma": 0.19429930392792263, "lr": 0.2997134661408123}, "datetime": {"datetime": "2024-03-30 18:39:08", "elapsed": 1186.548945, "delta": 8.145361}}
{"target": -167.76742685770404, "params": {"gamma": 1.1795167184743107, "lr": 0.3004256345137173}, "datetime": {"datetime": "2024-03-30 18:39:17", "elapsed": 1195.555372, "delta": 9.006427}}
{"target": -92.08413253234514, "params": {"gamma": 0.8210324589529707, "lr": 0.7061386402132783}, "datetime": {"datetime": "2024-03-30 18:39:38", "elapsed": 1216.053016, "delta": 20.497644}}
{"target": -174.66678670348728, "params": {"gamma": 1.7961420283716079, "lr": 0.6513113587924559}, "datetime": {"datetime": "2024-03-30 18:39:43", "elapsed": 1221.086416, "delta": 5.0334}}
{"target": -115.31913506330815, "params": {"gamma": 0.09652206285072862, "lr": 0.6161003448031692}, "datetime": {"datetime": "2024-03-30 18:39:52", "elapsed": 1230.194441, "delta": 9.108025}}
{"target": -260.68033284576484, "params": {"gamma": 2.5586710014269602, "lr": 0.4917146811713597}, "datetime": {"datetime": "2024-03-30 18:40:01", "elapsed": 1239.019686, "delta": 8.825245}}
{"target": -81.5387682599382, "params": {"gamma": 0.6749019344221642, "lr": 0.8172331609199842}, "datetime": {"datetime": "2024-03-30 18:40:06", "elapsed": 1244.661164, "delta": 5.641478}}
{"target": -89.58885284221698, "params": {"gamma": 0.21545697127850652, "lr": 0.8869412882544802}, "datetime": {"datetime": "2024-03-30 18:40:13", "elapsed": 1251.610947, "delta": 6.949783}}
{"target": -155.6163776152799, "params": {"gamma": 1.5822283966067958, "lr": 0.998669251887807}, "datetime": {"datetime": "2024-03-30 18:40:20", "elapsed": 1258.307236, "delta": 6.696289}}
{"target": -189.8079172955719, "params": {"gamma": 1.9432214592589736, "lr": 0.897693049543273}, "datetime": {"datetime": "2024-03-30 18:40:24", "elapsed": 1262.446778, "delta": 4.139542}}
{"target": -327.7702363643316, "params": {"gamma": 2.9621694272101187, "lr": 0.38200627418067623}, "datetime": {"datetime": "2024-03-30 18:40:31", "elapsed": 1268.981326, "delta": 6.534548}}
{"target": -247.8810915482297, "params": {"gamma": 2.5916708614289132, "lr": 0.9988293864659525}, "datetime": {"datetime": "2024-03-30 18:40:39", "elapsed": 1277.286467, "delta": 8.305141}}
{"target": -111.39113545966785, "params": {"gamma": 1.0807118056608491, "lr": 0.9417460159434208}, "datetime": {"datetime": "2024-03-30 18:40:46", "elapsed": 1284.679916, "delta": 7.393449}}
{"target": -111.04687276819652, "params": {"gamma": 0.9122548735220009, "lr": 0.41367354945900214}, "datetime": {"datetime": "2024-03-30 18:40:55", "elapsed": 1293.590762, "delta": 8.910846}}
{"target": -74.79770822980171, "params": {"gamma": 0.5043905045127175, "lr": 0.9593098436302478}, "datetime": {"datetime": "2024-03-30 18:41:03", "elapsed": 1301.381204, "delta": 7.790442}}
{"target": -319.0821623659316, "params": {"gamma": 3.3743475513589116, "lr": 0.6233423345464216}, "datetime": {"datetime": "2024-03-30 18:41:11", "elapsed": 1309.951116, "delta": 8.569912}}
{"target": -604.7452461015718, "params": {"gamma": 2.7802102541979448, "lr": 0.1964228146983894}, "datetime": {"datetime": "2024-03-30 18:41:15", "elapsed": 1313.086262, "delta": 3.135146}}
{"target": -128.56064212821522, "params": {"gamma": 1.2528614731825047, "lr": 0.882340910058579}, "datetime": {"datetime": "2024-03-30 18:41:19", "elapsed": 1317.93873, "delta": 4.852468}}
{"target": -226.5897969834087, "params": {"gamma": 2.0184943790184366, "lr": 0.333767619110488}, "datetime": {"datetime": "2024-03-30 18:41:27", "elapsed": 1324.979487, "delta": 7.040757}}
{"target": -164.8635170943814, "params": {"gamma": 1.5472459360924837, "lr": 0.4411284785134265}, "datetime": {"datetime": "2024-03-30 18:41:34", "elapsed": 1332.958076, "delta": 7.978589}}
{"target": -382.0004530214967, "params": {"gamma": 4.060211029822684, "lr": 0.5695653892342967}, "datetime": {"datetime": "2024-03-30 18:41:42", "elapsed": 1340.399919, "delta": 7.441843}}
{"target": -113.313849342647, "params": {"gamma": 1.103833441176511, "lr": 0.5527538525122219}, "datetime": {"datetime": "2024-03-30 18:41:47", "elapsed": 1345.232534, "delta": 4.832615}}
{"target": -155.6886620942683, "params": {"gamma": 1.3270282192602705, "lr": 0.3372792904338745}, "datetime": {"datetime": "2024-03-30 18:41:54", "elapsed": 1352.228575, "delta": 6.996041}}
{"target": -115.73519547639735, "params": {"gamma": 1.1318370914411278, "lr": 0.9991748490869146}, "datetime": {"datetime": "2024-03-30 18:42:01", "elapsed": 1359.4666, "delta": 7.238025}}
{"target": -350.0992725090556, "params": {"gamma": 3.4615301943718295, "lr": 0.4653043096621896}, "datetime": {"datetime": "2024-03-30 18:42:06", "elapsed": 1364.594184, "delta": 5.127584}}
{"target": -167.20595771067545, "params": {"gamma": 1.6677314109877959, "lr": 0.6965406924146574}, "datetime": {"datetime": "2024-03-30 18:42:15", "elapsed": 1373.376042, "delta": 8.781858}}
{"target": -225.5095181519029, "params": {"gamma": 2.3481839308763166, "lr": 0.9890106938069273}, "datetime": {"datetime": "2024-03-30 18:42:18", "elapsed": 1376.623527, "delta": 3.247485}}
{"target": -112.01475149401931, "params": {"gamma": 0.47920585716621844, "lr": 0.2987593942118496}, "datetime": {"datetime": "2024-03-30 18:42:24", "elapsed": 1382.941812, "delta": 6.318285}}
{"target": -105.72264685536679, "params": {"gamma": 0.1392470634869232, "lr": 0.6645345652944201}, "datetime": {"datetime": "2024-03-30 18:42:32", "elapsed": 1389.976583, "delta": 7.034771}}
{"target": -209.11848454004394, "params": {"gamma": 2.1137138581233543, "lr": 0.6755860658010231}, "datetime": {"datetime": "2024-03-30 18:42:44", "elapsed": 1402.223842, "delta": 12.247259}}
{"target": -79.48580235333371, "params": {"gamma": 0.583531859163658, "lr": 0.6084049800258831}, "datetime": {"datetime": "2024-03-30 18:42:51", "elapsed": 1409.729118, "delta": 7.505276}}
{"target": -264.7006440806129, "params": {"gamma": 2.7354851147034864, "lr": 0.7369237856563987}, "datetime": {"datetime": "2024-03-30 18:42:55", "elapsed": 1413.8648, "delta": 4.135682}}
{"target": -87.87240199575888, "params": {"gamma": 0.7787431603448752, "lr": 0.9569841348346416}, "datetime": {"datetime": "2024-03-30 18:43:02", "elapsed": 1420.773213, "delta": 6.908413}}
{"target": -135.53081001758292, "params": {"gamma": 0.29437717261697044, "lr": 0.1758391339191242}, "datetime": {"datetime": "2024-03-30 18:43:06", "elapsed": 1424.753819, "delta": 3.980606}}
{"target": -149.66863415042093, "params": {"gamma": 0.6569361244071944, "lr": 0.21596270490987413}, "datetime": {"datetime": "2024-03-30 18:43:13", "elapsed": 1431.347549, "delta": 6.59373}}
{"target": -141.65831467092403, "params": {"gamma": 0.12633759311484313, "lr": 0.05524877519804827}, "datetime": {"datetime": "2024-03-30 18:43:23", "elapsed": 1441.698889, "delta": 10.35134}}
{"target": -145.24426210994602, "params": {"gamma": 1.4368045827050522, "lr": 0.865074885381059}, "datetime": {"datetime": "2024-03-30 18:43:32", "elapsed": 1450.710483, "delta": 9.011594}}
{"target": -334.13727549267406, "params": {"gamma": 3.2684502717013943, "lr": 0.40627930003924173}, "datetime": {"datetime": "2024-03-30 18:43:37", "elapsed": 1455.172596, "delta": 4.462113}}
{"target": -112.31927549843184, "params": {"gamma": 0.10022900015856326, "lr": 0.8924594016549684}, "datetime": {"datetime": "2024-03-30 18:43:45", "elapsed": 1463.042293, "delta": 7.869697}}
{"target": -198.0452968921969, "params": {"gamma": 1.0414952616606508, "lr": 0.24368832581974653}, "datetime": {"datetime": "2024-03-30 18:43:50", "elapsed": 1468.275715, "delta": 5.233422}}
{"target": -124.97692126769702, "params": {"gamma": 0.9947815372026502, "lr": 0.3472829588638058}, "datetime": {"datetime": "2024-03-30 18:43:58", "elapsed": 1476.032246, "delta": 7.756531}}
{"target": -80.69682993540158, "params": {"gamma": 0.34233452673483356, "lr": 0.636821426813011}, "datetime": {"datetime": "2024-03-30 18:44:05", "elapsed": 1483.75933, "delta": 7.727084}}
{"target": -121.37355058454386, "params": {"gamma": 1.1690898928592064, "lr": 0.6988524623721893}, "datetime": {"datetime": "2024-03-30 18:44:14", "elapsed": 1492.94876, "delta": 9.18943}}
{"target": -75.30404343225445, "params": {"gamma": 0.5318838232140061, "lr": 0.6680309521168676}, "datetime": {"datetime": "2024-03-30 18:44:25", "elapsed": 1503.492089, "delta": 10.543329}}
{"target": -211.69403412488998, "params": {"gamma": 0.8052116531252055, "lr": 0.16890159002197103}, "datetime": {"datetime": "2024-03-30 18:44:28", "elapsed": 1506.816032, "delta": 3.323943}}
{"target": -77.93026453139507, "params": {"gamma": 0.5802401056955319, "lr": 0.8777649547857247}, "datetime": {"datetime": "2024-03-30 18:44:36", "elapsed": 1514.083818, "delta": 7.267786}}
{"target": -106.31360760260658, "params": {"gamma": 0.19193714097962766, "lr": 0.4587352175980347}, "datetime": {"datetime": "2024-03-30 18:44:47", "elapsed": 1525.593546, "delta": 11.509728}}
{"target": -139.523699681422, "params": {"gamma": 0.09953462715491086, "lr": 0.1463523856819714}, "datetime": {"datetime": "2024-03-30 18:44:59", "elapsed": 1537.263812, "delta": 11.670266}}
{"target": -392.9774715554508, "params": {"gamma": 3.5637169264005157, "lr": 0.38295928841602267}, "datetime": {"datetime": "2024-03-30 18:45:06", "elapsed": 1544.37357, "delta": 7.109758}}
{"target": -105.13917407182683, "params": {"gamma": 1.0055784786674347, "lr": 0.9352285325635831}, "datetime": {"datetime": "2024-03-30 18:45:10", "elapsed": 1548.053484, "delta": 3.679914}}
{"target": -87.46864220504548, "params": {"gamma": 0.7510826198220125, "lr": 0.5032899769161704}, "datetime": {"datetime": "2024-03-30 18:45:17", "elapsed": 1555.177446, "delta": 7.123962}}
{"target": -74.64764049183, "params": {"gamma": 0.41398462078676107, "lr": 0.9986507970628477}, "datetime": {"datetime": "2024-03-30 18:45:24", "elapsed": 1562.741954, "delta": 7.564508}}
{"target": -230.17289712971856, "params": {"gamma": 2.336445819851872, "lr": 0.7062929574941065}, "datetime": {"datetime": "2024-03-30 18:45:34", "elapsed": 1572.630403, "delta": 9.888449}}
{"target": -78.58688171847625, "params": {"gamma": 0.5560651343184333, "lr": 0.5593653629060578}, "datetime": {"datetime": "2024-03-30 18:45:43", "elapsed": 1581.735902, "delta": 9.105499}}
{"target": -136.58630593000333, "params": {"gamma": 1.3693796197884656, "lr": 0.6569093237012607}, "datetime": {"datetime": "2024-03-30 18:45:48", "elapsed": 1586.031433, "delta": 4.295531}}
{"target": -159.466252848319, "params": {"gamma": 1.6373456418144166, "lr": 0.5629104856658053}, "datetime": {"datetime": "2024-03-30 18:45:54", "elapsed": 1592.478597, "delta": 6.447164}}
{"target": -143.74338947676972, "params": {"gamma": 0.0011482125979944283, "lr": 0.8069397442532751}, "datetime": {"datetime": "2024-03-30 18:46:06", "elapsed": 1604.058552, "delta": 11.579955}}
{"target": -144.17461355646887, "params": {"gamma": 0.6464007551302714, "lr": 0.0}, "datetime": {"datetime": "2024-03-30 18:46:11", "elapsed": 1609.180334, "delta": 5.121782}}
{"target": -78.0474364900364, "params": {"gamma": 0.41696829662737167, "lr": 0.6564245083520339}, "datetime": {"datetime": "2024-03-30 18:46:23", "elapsed": 1621.662493, "delta": 12.482159}}
{"target": -125.54835973552537, "params": {"gamma": 0.7047624763574009, "lr": 0.3274899969552444}, "datetime": {"datetime": "2024-03-30 18:46:28", "elapsed": 1626.707862, "delta": 5.045369}}
{"target": -254.51037653435012, "params": {"gamma": 2.593271840547487, "lr": 0.684257961425833}, "datetime": {"datetime": "2024-03-30 18:46:36", "elapsed": 1634.712988, "delta": 8.005126}}
{"target": -101.497404598904, "params": {"gamma": 0.9394094226941194, "lr": 0.697402322807639}, "datetime": {"datetime": "2024-03-30 18:46:47", "elapsed": 1645.835467, "delta": 11.122479}}
{"target": -146.79119169101241, "params": {"gamma": 0.2219512493975951, "lr": 0.1631998529615979}, "datetime": {"datetime": "2024-03-30 18:46:53", "elapsed": 1651.433703, "delta": 5.598236}}
{"target": -143.0150363893361, "params": {"gamma": 0.1505514007183086, "lr": 0.00030560192586481794}, "datetime": {"datetime": "2024-03-30 18:47:04", "elapsed": 1662.16965, "delta": 10.735947}}
{"target": -79.4246131888587, "params": {"gamma": 0.6287054626119928, "lr": 0.7007193345405226}, "datetime": {"datetime": "2024-03-30 18:47:13", "elapsed": 1671.578672, "delta": 9.409022}}
{"target": -271.7914164758263, "params": {"gamma": 2.926942639009245, "lr": 1.0}, "datetime": {"datetime": "2024-03-30 18:47:19", "elapsed": 1677.859256, "delta": 6.280584}}
{"target": -144.17461355646887, "params": {"gamma": 0.8562243789547704, "lr": 0.0}, "datetime": {"datetime": "2024-03-30 18:47:25", "elapsed": 1683.322613, "delta": 5.463357}}
{"target": -94.17524553482188, "params": {"gamma": 0.35906909267444115, "lr": 0.3676189620013084}, "datetime": {"datetime": "2024-03-30 18:47:33", "elapsed": 1691.139453, "delta": 7.81684}}
{"target": -81.41367573108305, "params": {"gamma": 0.6749427272248494, "lr": 0.9462883726494398}, "datetime": {"datetime": "2024-03-30 18:47:41", "elapsed": 1699.271723, "delta": 8.13227}}
{"target": -315.8181948059899, "params": {"gamma": 3.1164874527863717, "lr": 0.46149278643284186}, "datetime": {"datetime": "2024-03-30 18:47:52", "elapsed": 1710.711426, "delta": 11.439703}}
{"target": -106.46219103466308, "params": {"gamma": 0.9999578950370619, "lr": 0.8617637117290365}, "datetime": {"datetime": "2024-03-30 18:48:01", "elapsed": 1719.690864, "delta": 8.979438}}
{"target": -110.52004727701642, "params": {"gamma": 0.8139021951852358, "lr": 0.37299148061651755}, "datetime": {"datetime": "2024-03-30 18:48:10", "elapsed": 1728.791299, "delta": 9.100435}}
{"target": -231.69234308222337, "params": {"gamma": 2.4285548063287337, "lr": 0.7619346378115768}, "datetime": {"datetime": "2024-03-30 18:48:15", "elapsed": 1733.379734, "delta": 4.588435}}
{"target": -97.14795210451548, "params": {"gamma": 0.1688304079460448, "lr": 0.8031216182567752}, "datetime": {"datetime": "2024-03-30 18:48:23", "elapsed": 1741.525767, "delta": 8.146033}}
{"target": -92.30950148212925, "params": {"gamma": 0.38142218354440643, "lr": 0.4568025094888406}, "datetime": {"datetime": "2024-03-30 18:48:31", "elapsed": 1749.801943, "delta": 8.276176}}
{"target": -95.14114262684888, "params": {"gamma": 0.5364380137412668, "lr": 0.3469222054648865}, "datetime": {"datetime": "2024-03-30 18:48:39", "elapsed": 1757.716396, "delta": 7.914453}}
{"target": -77.55260345539303, "params": {"gamma": 0.5957221423392267, "lr": 0.997885931518041}, "datetime": {"datetime": "2024-03-30 18:48:52", "elapsed": 1770.897435, "delta": 13.181039}}
