{"target": -120.01622418966882, "params": {"gamma": 0.40026804748844436, "prior": 3.4726517092042597, "rate": 9.063773648527762}, "datetime": {"datetime": "2024-04-09 03:19:25", "elapsed": 1160.308955, "delta": 3.337588}}
{"target": -118.85681619077846, "params": {"gamma": 0.5495704673895111, "prior": 1.8359816576440013, "rate": 9.739273617431255}, "datetime": {"datetime": "2024-04-09 03:19:30", "elapsed": 1165.485393, "delta": 5.176438}}
{"target": -118.61385143339676, "params": {"gamma": 0.4853523229490941, "prior": 0.11038502184359952, "rate": 0.658333192969563}, "datetime": {"datetime": "2024-04-09 03:19:38", "elapsed": 1173.387666, "delta": 7.902273}}
{"target": -119.43444683253188, "params": {"gamma": 0.6246396099732624, "prior": 2.7677020078711068, "rate": 8.571612622412283}, "datetime": {"datetime": "2024-04-09 03:19:42", "elapsed": 1177.99082, "delta": 4.603154}}
{"target": -119.01748618806344, "params": {"gamma": 0.5205958195404278, "prior": 2.014685841933034, "rate": 4.677787548200221}, "datetime": {"datetime": "2024-04-09 03:19:50", "elapsed": 1185.971621, "delta": 7.980801}}
{"target": -120.9134018759888, "params": {"gamma": 0.6722685458441076, "prior": 4.444571404299505, "rate": 5.0628764972020015}, "datetime": {"datetime": "2024-04-09 03:20:01", "elapsed": 1196.953331, "delta": 10.98171}}
{"target": -118.96616030678132, "params": {"gamma": 0.41253677017357016, "prior": 1.07262159079187, "rate": 9.24963921816623}, "datetime": {"datetime": "2024-04-09 03:20:09", "elapsed": 1205.113081, "delta": 8.15975}}
{"target": -119.75537332526565, "params": {"gamma": 0.5324128525607443, "prior": 0.1, "rate": 4.951787118939609}, "datetime": {"datetime": "2024-04-09 03:20:16", "elapsed": 1212.051208, "delta": 6.938127}}
{"target": -120.516173283934, "params": {"gamma": 0.5996058726905865, "prior": 8.18605939082112, "rate": 9.630098305671947}, "datetime": {"datetime": "2024-04-09 03:20:20", "elapsed": 1215.832725, "delta": 3.781517}}
{"target": -118.63455628366867, "params": {"gamma": 0.4919118610507566, "prior": 1.2234070564868595, "rate": 5.201450389080525}, "datetime": {"datetime": "2024-04-09 03:20:25", "elapsed": 1220.694834, "delta": 4.862109}}
{"target": -120.47968452978355, "params": {"gamma": 0.5587478241363033, "prior": 4.807532923340782, "rate": 5.774672061038352}, "datetime": {"datetime": "2024-04-09 03:20:33", "elapsed": 1228.41761, "delta": 7.722776}}
{"target": -119.52752092099183, "params": {"gamma": 0.4549111519474261, "prior": 2.913740472620151, "rate": 6.416284061346563}, "datetime": {"datetime": "2024-04-09 03:20:38", "elapsed": 1233.330935, "delta": 4.913325}}
{"target": -118.61578241179251, "params": {"gamma": 0.48144117868517344, "prior": 0.8607239185227799, "rate": 5.213190035033404}, "datetime": {"datetime": "2024-04-09 03:20:41", "elapsed": 1236.998985, "delta": 3.66805}}
{"target": -119.28701641098249, "params": {"gamma": 0.5931336526110426, "prior": 3.6385524653489605, "rate": 7.523234677298028}, "datetime": {"datetime": "2024-04-09 03:20:45", "elapsed": 1240.574877, "delta": 3.575892}}
{"target": -119.16099198676991, "params": {"gamma": 0.553415341808654, "prior": 1.856877339647344, "rate": 3.834560776362506}, "datetime": {"datetime": "2024-04-09 03:20:53", "elapsed": 1248.272866, "delta": 7.697989}}
{"target": -120.03686009501916, "params": {"gamma": 0.5693717839905365, "prior": 6.513616965394524, "rate": 8.890920131937227}, "datetime": {"datetime": "2024-04-09 03:20:56", "elapsed": 1251.824595, "delta": 3.551729}}
{"target": -118.73090146507916, "params": {"gamma": 0.5282733318926863, "prior": 2.44486723335174, "rate": 8.025668949989152}, "datetime": {"datetime": "2024-04-09 03:21:02", "elapsed": 1258.20733, "delta": 6.382735}}
{"target": -119.21168983673108, "params": {"gamma": 0.5889114390202723, "prior": 4.223175821681103, "rate": 9.221114122785929}, "datetime": {"datetime": "2024-04-09 03:21:09", "elapsed": 1264.803083, "delta": 6.595753}}
{"target": -118.74067110506876, "params": {"gamma": 0.5184647240647295, "prior": 0.9990041031193366, "rate": 6.844762040178773}, "datetime": {"datetime": "2024-04-09 03:21:13", "elapsed": 1268.735482, "delta": 3.932399}}
{"target": -124.682611318177, "params": {"gamma": 0.6986817473105035, "prior": 8.966751968736196, "rate": 5.285175703992546}, "datetime": {"datetime": "2024-04-09 03:21:20", "elapsed": 1275.525138, "delta": 6.789656}}
{"target": -119.00401875019955, "params": {"gamma": 0.5516375401553552, "prior": 4.109153554380481, "rate": 9.654842838026788}, "datetime": {"datetime": "2024-04-09 03:21:26", "elapsed": 1281.35227, "delta": 5.827132}}
{"target": -119.02647927644705, "params": {"gamma": 0.5841480657818675, "prior": 1.308709094593537, "rate": 3.9165103507313876}, "datetime": {"datetime": "2024-04-09 03:21:35", "elapsed": 1290.917958, "delta": 9.565688}}
{"target": -119.09540348993463, "params": {"gamma": 0.5354827029968927, "prior": 0.5938561954002315, "rate": 6.305799569370167}, "datetime": {"datetime": "2024-04-09 03:21:39", "elapsed": 1294.396129, "delta": 3.478171}}
{"target": -118.71546468820107, "params": {"gamma": 0.5024036829669632, "prior": 0.6169175581694842, "rate": 2.0687531241217787}, "datetime": {"datetime": "2024-04-09 03:21:46", "elapsed": 1301.76498, "delta": 7.368851}}
{"target": -118.788739441609, "params": {"gamma": 0.47563100477644843, "prior": 0.6897885158769049, "rate": 8.831381888295088}, "datetime": {"datetime": "2024-04-09 03:21:50", "elapsed": 1305.597832, "delta": 3.832852}}
{"target": -122.64241845412285, "params": {"gamma": 0.5643426083892501, "prior": 6.390416898381676, "rate": 4.98085212695071}, "datetime": {"datetime": "2024-04-09 03:22:00", "elapsed": 1315.300087, "delta": 9.702255}}
{"target": -118.93991154212678, "params": {"gamma": 0.44878565970725826, "prior": 0.33216878339809863, "rate": 8.258095193116981}, "datetime": {"datetime": "2024-04-09 03:22:03", "elapsed": 1318.838677, "delta": 3.53859}}
{"target": -118.71244186482055, "params": {"gamma": 0.5341384945785631, "prior": 1.7753597086694146, "rate": 8.020117365559326}, "datetime": {"datetime": "2024-04-09 03:22:11", "elapsed": 1326.243251, "delta": 7.404574}}
{"target": -119.13763231177538, "params": {"gamma": 0.5486277131968166, "prior": 2.7143698768925137, "rate": 5.684778427640429}, "datetime": {"datetime": "2024-04-09 03:22:16", "elapsed": 1331.979107, "delta": 5.735856}}
{"target": -118.74923673083845, "params": {"gamma": 0.5425711591463195, "prior": 2.305492667604644, "rate": 9.749155158971172}, "datetime": {"datetime": "2024-04-09 03:22:22", "elapsed": 1337.933651, "delta": 5.954544}}
{"target": -119.96411224956738, "params": {"gamma": 0.5048512612748146, "prior": 2.712609254658912, "rate": 4.1300603509481295}, "datetime": {"datetime": "2024-04-09 03:22:26", "elapsed": 1341.665718, "delta": 3.732067}}
{"target": -120.51920270063216, "params": {"gamma": 0.44536943121670886, "prior": 5.852436710068488, "rate": 9.160532815704226}, "datetime": {"datetime": "2024-04-09 03:22:34", "elapsed": 1349.486651, "delta": 7.820933}}
{"target": -119.42332362663966, "params": {"gamma": 0.5303568252455576, "prior": 5.5674014647252115, "rate": 10.0}, "datetime": {"datetime": "2024-04-09 03:22:40", "elapsed": 1356.080198, "delta": 6.593547}}
{"target": -118.80653807683936, "params": {"gamma": 0.4392327556836023, "prior": 1.7506753453182065, "rate": 9.332270993848427}, "datetime": {"datetime": "2024-04-09 03:22:48", "elapsed": 1364.197067, "delta": 8.116869}}
{"target": -118.91562599355136, "params": {"gamma": 0.5150646679611354, "prior": 1.2399030214557194, "rate": 3.1639106872257714}, "datetime": {"datetime": "2024-04-09 03:22:52", "elapsed": 1368.128764, "delta": 3.931697}}
{"target": -119.86894028899032, "params": {"gamma": 0.4828222208413766, "prior": 3.888093450713592, "rate": 6.526199713450837}, "datetime": {"datetime": "2024-04-09 03:22:59", "elapsed": 1375.129551, "delta": 7.000787}}
{"target": -118.90404427017914, "params": {"gamma": 0.5685921621196129, "prior": 1.701573060319604, "rate": 6.086050364265563}, "datetime": {"datetime": "2024-04-09 03:23:03", "elapsed": 1378.935521, "delta": 3.80597}}
{"target": -118.61533887420009, "params": {"gamma": 0.50077694414183, "prior": 0.9699062397491567, "rate": 4.793397928178526}, "datetime": {"datetime": "2024-04-09 03:23:07", "elapsed": 1382.765606, "delta": 3.830085}}
{"target": -121.74590960034949, "params": {"gamma": 0.6814708298514259, "prior": 6.547941003617821, "rate": 6.0445957341839955}, "datetime": {"datetime": "2024-04-09 03:23:12", "elapsed": 1387.852495, "delta": 5.086889}}
{"target": -118.88105224595529, "params": {"gamma": 0.4221196356466092, "prior": 0.7255802335432728, "rate": 7.519865963520106}, "datetime": {"datetime": "2024-04-09 03:23:20", "elapsed": 1395.409781, "delta": 7.557286}}
{"target": -119.05041392211173, "params": {"gamma": 0.49839298314617425, "prior": 4.184108638475864, "rate": 10.0}, "datetime": {"datetime": "2024-04-09 03:23:24", "elapsed": 1399.239614, "delta": 3.829833}}
{"target": -118.67645292693987, "params": {"gamma": 0.5249296153374291, "prior": 1.8859593913198267, "rate": 8.949224424945205}, "datetime": {"datetime": "2024-04-09 03:23:29", "elapsed": 1404.252942, "delta": 5.013328}}
{"target": -119.17452921963914, "params": {"gamma": 0.5242366424626367, "prior": 0.34182212612602, "rate": 5.180704460148537}, "datetime": {"datetime": "2024-04-09 03:23:32", "elapsed": 1407.996317, "delta": 3.743375}}
{"target": -118.87071092872372, "params": {"gamma": 0.5568452289762269, "prior": 0.5208158628478463, "rate": 1.5113714688254474}, "datetime": {"datetime": "2024-04-09 03:23:38", "elapsed": 1414.009515, "delta": 6.013198}}
{"target": -120.0830117830504, "params": {"gamma": 0.4531534377594721, "prior": 5.07580654186026, "rate": 8.879807687384526}, "datetime": {"datetime": "2024-04-09 03:23:44", "elapsed": 1419.508878, "delta": 5.499363}}
{"target": -119.11398240548259, "params": {"gamma": 0.5862611331220232, "prior": 3.7923978764089696, "rate": 9.246551821215307}, "datetime": {"datetime": "2024-04-09 03:23:47", "elapsed": 1422.872295, "delta": 3.363417}}
{"target": -119.36550331057626, "params": {"gamma": 0.6147810346665649, "prior": 2.645053049197666, "rate": 5.9734503366257306}, "datetime": {"datetime": "2024-04-09 03:23:54", "elapsed": 1430.141273, "delta": 7.268978}}
{"target": -118.9153367433531, "params": {"gamma": 0.5497385380701293, "prior": 2.8046969654957628, "rate": 7.249591016368229}, "datetime": {"datetime": "2024-04-09 03:24:04", "elapsed": 1439.924359, "delta": 9.783086}}
{"target": -119.14988757749899, "params": {"gamma": 0.5564155288799326, "prior": 0.1, "rate": 0.7995244493643885}, "datetime": {"datetime": "2024-04-09 03:24:13", "elapsed": 1449.053968, "delta": 9.129609}}
{"target": -119.3028793142189, "params": {"gamma": 0.5398746905839921, "prior": 0.5071166096053127, "rate": 7.043533522419805}, "datetime": {"datetime": "2024-04-09 03:24:19", "elapsed": 1455.059767, "delta": 6.005799}}
{"target": -119.4262396693933, "params": {"gamma": 0.5208858673002269, "prior": 5.331993559891807, "rate": 9.709390635153708}, "datetime": {"datetime": "2024-04-09 03:24:27", "elapsed": 1462.509724, "delta": 7.449957}}
{"target": -118.66913413943031, "params": {"gamma": 0.4764536095829558, "prior": 1.0436587237047823, "rate": 8.835108635723183}, "datetime": {"datetime": "2024-04-09 03:24:37", "elapsed": 1472.361695, "delta": 9.851971}}
{"target": -119.40102037448874, "params": {"gamma": 0.5703058982514376, "prior": 0.7943477546147157, "rate": 7.051881285845136}, "datetime": {"datetime": "2024-04-09 03:24:47", "elapsed": 1483.042977, "delta": 10.681282}}
{"target": -119.10908814363002, "params": {"gamma": 0.5021938769008766, "prior": 0.3856196569764615, "rate": 7.962278168793861}, "datetime": {"datetime": "2024-04-09 03:24:54", "elapsed": 1489.575558, "delta": 6.532581}}
{"target": -118.69591604025642, "params": {"gamma": 0.5228616022542235, "prior": 0.8081956098410819, "rate": 4.468598651286728}, "datetime": {"datetime": "2024-04-09 03:25:00", "elapsed": 1496.183213, "delta": 6.607655}}
{"target": -118.75565682384351, "params": {"gamma": 0.5445323093719475, "prior": 2.175079614061379, "rate": 8.158676930699395}, "datetime": {"datetime": "2024-04-09 03:25:10", "elapsed": 1505.717243, "delta": 9.53403}}
{"target": -118.74157135439222, "params": {"gamma": 0.5093080037752983, "prior": 1.5250283465283594, "rate": 4.8271152765951815}, "datetime": {"datetime": "2024-04-09 03:25:18", "elapsed": 1514.080721, "delta": 8.363478}}
{"target": -120.70689377575435, "params": {"gamma": 0.4975431721187151, "prior": 3.5196847201875023, "rate": 4.3876349059356}, "datetime": {"datetime": "2024-04-09 03:25:27", "elapsed": 1522.653084, "delta": 8.572363}}
{"target": -118.67207194535837, "params": {"gamma": 0.4968203334707671, "prior": 1.3226394165848798, "rate": 9.801540650986512}, "datetime": {"datetime": "2024-04-09 03:25:33", "elapsed": 1528.643187, "delta": 5.990103}}
{"target": -118.75609682418431, "params": {"gamma": 0.49234750990409215, "prior": 2.5540694759761133, "rate": 8.324466502626747}, "datetime": {"datetime": "2024-04-09 03:25:38", "elapsed": 1533.849541, "delta": 5.206354}}
{"target": -120.39209331474532, "params": {"gamma": 0.560886281955899, "prior": 0.1, "rate": 10.0}, "datetime": {"datetime": "2024-04-09 03:25:43", "elapsed": 1538.812736, "delta": 4.963195}}
{"target": -119.223424196671, "params": {"gamma": 0.569580500713748, "prior": 4.614468055945565, "rate": 9.300230675796495}, "datetime": {"datetime": "2024-04-09 03:25:48", "elapsed": 1543.843865, "delta": 5.031129}}
{"target": -119.05083965938728, "params": {"gamma": 0.4878004505355509, "prior": 0.42588322088547764, "rate": 10.0}, "datetime": {"datetime": "2024-04-09 03:25:59", "elapsed": 1554.581629, "delta": 10.737764}}
{"target": -118.95093867658873, "params": {"gamma": 0.5523891627441659, "prior": 1.6244175032688255, "rate": 10.0}, "datetime": {"datetime": "2024-04-09 03:26:08", "elapsed": 1564.144558, "delta": 9.562929}}
{"target": -118.8008377904899, "params": {"gamma": 0.44588771427901863, "prior": 0.2516739934889082, "rate": 3.391987685871796}, "datetime": {"datetime": "2024-04-09 03:26:20", "elapsed": 1575.459919, "delta": 11.315361}}
{"target": -118.7132680719345, "params": {"gamma": 0.49400904162302905, "prior": 1.1491094835610456, "rate": 10.0}, "datetime": {"datetime": "2024-04-09 03:26:26", "elapsed": 1581.413625, "delta": 5.953706}}
{"target": -119.75465724186071, "params": {"gamma": 0.5226818219683911, "prior": 0.1, "rate": 9.54690627902972}, "datetime": {"datetime": "2024-04-09 03:26:34", "elapsed": 1589.260684, "delta": 7.847059}}
{"target": -119.06672215511772, "params": {"gamma": 0.418392963551252, "prior": 1.6311570501818942, "rate": 7.738110112946319}, "datetime": {"datetime": "2024-04-09 03:26:42", "elapsed": 1597.749532, "delta": 8.488848}}
{"target": -119.91566418416241, "params": {"gamma": 0.5992084906959654, "prior": 5.605113929953345, "rate": 8.090254760758242}, "datetime": {"datetime": "2024-04-09 03:26:51", "elapsed": 1606.574406, "delta": 8.824874}}
{"target": -118.63380587334811, "params": {"gamma": 0.4744657061209906, "prior": 0.7005804505430807, "rate": 3.536771849866245}, "datetime": {"datetime": "2024-04-09 03:26:54", "elapsed": 1610.170686, "delta": 3.59628}}
{"target": -118.65597253175038, "params": {"gamma": 0.5121238254830216, "prior": 1.8656654516499949, "rate": 7.20287691172967}, "datetime": {"datetime": "2024-04-09 03:26:58", "elapsed": 1613.939001, "delta": 3.768315}}
{"target": -118.70713850969007, "params": {"gamma": 0.5293125543720919, "prior": 1.5768935944882732, "rate": 5.599346783018177}, "datetime": {"datetime": "2024-04-09 03:27:08", "elapsed": 1623.520859, "delta": 9.581858}}
{"target": -118.79419018151641, "params": {"gamma": 0.516930883617328, "prior": 1.0331504658365602, "rate": 8.26865694704525}, "datetime": {"datetime": "2024-04-09 03:27:17", "elapsed": 1633.214114, "delta": 9.693255}}
{"target": -118.6408841303164, "params": {"gamma": 0.5063425304154182, "prior": 2.19585497905334, "rate": 8.887581413418978}, "datetime": {"datetime": "2024-04-09 03:27:24", "elapsed": 1639.483769, "delta": 6.269655}}
{"target": -118.8509912001276, "params": {"gamma": 0.558950174452244, "prior": 1.6770347841133644, "rate": 5.33810862389146}, "datetime": {"datetime": "2024-04-09 03:27:29", "elapsed": 1644.588615, "delta": 5.104846}}
{"target": -119.53147929000485, "params": {"gamma": 0.55373389025443, "prior": 2.9280989368686527, "rate": 4.900862883127276}, "datetime": {"datetime": "2024-04-09 03:27:34", "elapsed": 1649.981156, "delta": 5.392541}}
{"target": -119.1106764587662, "params": {"gamma": 0.5516029531208727, "prior": 4.490553383222307, "rate": 9.61407469092142}, "datetime": {"datetime": "2024-04-09 03:27:39", "elapsed": 1654.944392, "delta": 4.963236}}
{"target": -118.88896634346976, "params": {"gamma": 0.4406969140588325, "prior": 0.20450753767112412, "rate": 3.9048875975698647}, "datetime": {"datetime": "2024-04-09 03:27:46", "elapsed": 1661.464206, "delta": 6.519814}}
{"target": -118.74916165901689, "params": {"gamma": 0.5359715554094517, "prior": 2.9892798606972995, "rate": 9.796572133454411}, "datetime": {"datetime": "2024-04-09 03:27:54", "elapsed": 1669.976241, "delta": 8.512035}}
{"target": -119.17621653976119, "params": {"gamma": 0.49311025606857345, "prior": 0.31557471678666826, "rate": 9.760159650934975}, "datetime": {"datetime": "2024-04-09 03:28:03", "elapsed": 1678.925502, "delta": 8.949261}}
{"target": -119.05969180906867, "params": {"gamma": 0.45421442340319224, "prior": 0.1, "rate": 4.322470562918338}, "datetime": {"datetime": "2024-04-09 03:28:10", "elapsed": 1685.924081, "delta": 6.998579}}
{"target": -118.74733532125487, "params": {"gamma": 0.5152321807962689, "prior": 2.3085240389883386, "rate": 7.196573505149485}, "datetime": {"datetime": "2024-04-09 03:28:19", "elapsed": 1695.121706, "delta": 9.197625}}
{"target": -118.72068231118716, "params": {"gamma": 0.5235661868523599, "prior": 1.066430912315312, "rate": 6.350297554126224}, "datetime": {"datetime": "2024-04-09 03:28:27", "elapsed": 1702.610342, "delta": 7.488636}}
{"target": -118.91008277830605, "params": {"gamma": 0.5680879365431104, "prior": 1.699753735055461, "rate": 6.574641047962158}, "datetime": {"datetime": "2024-04-09 03:28:31", "elapsed": 1707.0032, "delta": 4.392858}}
{"target": -118.78117941370446, "params": {"gamma": 0.47694376584055764, "prior": 2.1862257201019997, "rate": 7.500497408789637}, "datetime": {"datetime": "2024-04-09 03:28:35", "elapsed": 1710.869189, "delta": 3.865989}}
{"target": -118.63497138318108, "params": {"gamma": 0.4971290326411687, "prior": 1.7938144465890764, "rate": 7.4685755333752795}, "datetime": {"datetime": "2024-04-09 03:28:41", "elapsed": 1716.786346, "delta": 5.917157}}
{"target": -120.14461720811563, "params": {"gamma": 0.6314466919427819, "prior": 1.1874825280542325, "rate": 1.6432788230174584}, "datetime": {"datetime": "2024-04-09 03:28:45", "elapsed": 1720.542078, "delta": 3.755732}}
{"target": -120.37926992730452, "params": {"gamma": 0.4897900920974261, "prior": 4.827766677666384, "rate": 6.712532009910594}, "datetime": {"datetime": "2024-04-09 03:28:50", "elapsed": 1725.279657, "delta": 4.737579}}
{"target": -118.73088244859204, "params": {"gamma": 0.48625775092943463, "prior": 0.9936095204850603, "rate": 9.812035817432308}, "datetime": {"datetime": "2024-04-09 03:28:55", "elapsed": 1731.151718, "delta": 5.872061}}
{"target": -119.21759748472606, "params": {"gamma": 0.5072924158888222, "prior": 0.38138287115030456, "rate": 9.279802796718235}, "datetime": {"datetime": "2024-04-09 03:28:59", "elapsed": 1735.188142, "delta": 4.036424}}
{"target": -118.64823807927355, "params": {"gamma": 0.5112453784310959, "prior": 1.2950304092280114, "rate": 7.161630834071257}, "datetime": {"datetime": "2024-04-09 03:29:03", "elapsed": 1739.009107, "delta": 3.820965}}
{"target": -119.33692471843312, "params": {"gamma": 0.5137563632881024, "prior": 4.3318358472389145, "rate": 8.36244983825087}, "datetime": {"datetime": "2024-04-09 03:29:07", "elapsed": 1742.823062, "delta": 3.813955}}
{"target": -118.7343457287175, "params": {"gamma": 0.4491032648416391, "prior": 0.4124297824770218, "rate": 4.130557953526765}, "datetime": {"datetime": "2024-04-09 03:29:13", "elapsed": 1749.019234, "delta": 6.196172}}
{"target": -118.85800027759034, "params": {"gamma": 0.5247411418664022, "prior": 0.6975716580515859, "rate": 5.700446586798489}, "datetime": {"datetime": "2024-04-09 03:29:18", "elapsed": 1753.624154, "delta": 4.60492}}
{"target": -118.91653904220894, "params": {"gamma": 0.4760690786628802, "prior": 2.232613126893277, "rate": 6.5835079313857365}, "datetime": {"datetime": "2024-04-09 03:29:32", "elapsed": 1767.34967, "delta": 13.725516}}
{"target": -119.04005014411557, "params": {"gamma": 0.5810006487845514, "prior": 0.6916512165115591, "rate": 2.8196308844340763}, "datetime": {"datetime": "2024-04-09 03:29:37", "elapsed": 1772.791074, "delta": 5.441404}}
{"target": -118.66334029570528, "params": {"gamma": 0.45872837730542854, "prior": 1.158315895218924, "rate": 7.653027006284896}, "datetime": {"datetime": "2024-04-09 03:29:44", "elapsed": 1779.579159, "delta": 6.788085}}
{"target": -118.92934781950828, "params": {"gamma": 0.5621921056561332, "prior": 3.173505499751824, "rate": 8.565531616323945}, "datetime": {"datetime": "2024-04-09 03:29:48", "elapsed": 1783.342229, "delta": 3.76307}}
{"target": -122.46798671830888, "params": {"gamma": 0.6576037880419056, "prior": 2.6723820476913627, "rate": 2.1079585154803033}, "datetime": {"datetime": "2024-04-09 03:29:52", "elapsed": 1787.407385, "delta": 4.065156}}
{"target": -119.54196347922755, "params": {"gamma": 0.37318297198037653, "prior": 0.1, "rate": 0.7775975085533077}, "datetime": {"datetime": "2024-04-09 03:29:57", "elapsed": 1793.155449, "delta": 5.748064}}
