{"target": -540.6799451395133, "params": {"gamma": 8.577528406499894, "prior": 6.491087641906984, "rate": 1.1538189613747907}, "datetime": {"datetime": "2024-04-08 10:47:59", "elapsed": 6.946966, "delta": 0.008691}}
{"target": -211.70795374429144, "params": {"gamma": 2.081766002579473, "prior": 7.48043347440683, "rate": 4.034662876713395}, "datetime": {"datetime": "2024-04-08 10:47:59", "elapsed": 6.956213, "delta": 0.009247}}
{"target": -321.59324517235774, "params": {"gamma": 4.84521613942412, "prior": 8.885805272920003, "rate": 1.3752980526926846}, "datetime": {"datetime": "2024-04-08 10:47:59", "elapsed": 6.964813, "delta": 0.0086}}
{"target": -912.1462500384345, "params": {"gamma": 9.64376360106379, "prior": 0.5220338497861409, "rate": 0.9953031322915933}, "datetime": {"datetime": "2024-04-08 10:48:00", "elapsed": 6.973471, "delta": 0.008658}}
{"target": -220.94140766366436, "params": {"gamma": 2.2331610709734946, "prior": 8.08519231437909, "rate": 4.559272200887655}, "datetime": {"datetime": "2024-04-08 10:48:00", "elapsed": 6.982328, "delta": 0.008857}}
{"target": -552.4009826264069, "params": {"gamma": 6.5328581714709335, "prior": 1.8257792614463888, "rate": 1.668052607332356}, "datetime": {"datetime": "2024-04-08 10:48:00", "elapsed": 6.991403, "delta": 0.009075}}
{"target": -419.2342880568593, "params": {"gamma": 5.208962557197339, "prior": 7.428906989274194, "rate": 4.62528217768507}, "datetime": {"datetime": "2024-04-08 10:48:00", "elapsed": 6.999897, "delta": 0.008494}}
{"target": -619.0564003891758, "params": {"gamma": 8.696271237126007, "prior": 6.638078153239339, "rate": 2.4916517944308763}, "datetime": {"datetime": "2024-04-08 10:48:00", "elapsed": 7.008482, "delta": 0.008585}}
{"target": -272.1712871606204, "params": {"gamma": 2.3497873058002465, "prior": 3.8030624969839892, "rate": 7.566403946905877}, "datetime": {"datetime": "2024-04-08 10:48:00", "elapsed": 7.017652, "delta": 0.00917}}
{"target": -641.5470000959891, "params": {"gamma": 9.379438705433513, "prior": 8.632869393256446, "rate": 2.6168463160365345}, "datetime": {"datetime": "2024-04-08 10:48:00", "elapsed": 7.02643, "delta": 0.008778}}
{"target": -364.8030056892153, "params": {"gamma": 4.12337700085772, "prior": 6.154286584558183, "rate": 5.468797723702268}, "datetime": {"datetime": "2024-04-08 10:48:00", "elapsed": 7.034777, "delta": 0.008347}}
{"target": -466.6592335623492, "params": {"gamma": 3.893360179144248, "prior": 1.1040656911246396, "rate": 7.122735799168159}, "datetime": {"datetime": "2024-04-08 10:48:00", "elapsed": 7.043675, "delta": 0.008898}}
{"target": -165.58526355979373, "params": {"gamma": 0.8822635040904132, "prior": 8.674166550799823, "rate": 8.634620954886014}, "datetime": {"datetime": "2024-04-08 10:48:00", "elapsed": 7.052958, "delta": 0.009283}}
{"target": -645.2780710691468, "params": {"gamma": 7.084799464362212, "prior": 4.915603280696092, "rate": 6.991766507563753}, "datetime": {"datetime": "2024-04-08 10:48:00", "elapsed": 7.061754, "delta": 0.008796}}
{"target": -358.41336346898066, "params": {"gamma": 3.950475613957549, "prior": 7.995210244504152, "rate": 7.864384405716199}, "datetime": {"datetime": "2024-04-08 10:48:00", "elapsed": 7.070524, "delta": 0.00877}}
{"target": -199.73847038994927, "params": {"gamma": 1.5561303101523432, "prior": 3.246393748470918, "rate": 3.4404877846831172}, "datetime": {"datetime": "2024-04-08 10:48:00", "elapsed": 7.079406, "delta": 0.008882}}
{"target": -249.32440239514523, "params": {"gamma": 3.6423388162366046, "prior": 5.709791011210197, "rate": 0.4178327377603575}, "datetime": {"datetime": "2024-04-08 10:48:00", "elapsed": 7.088694, "delta": 0.009288}}
{"target": -639.6413011153618, "params": {"gamma": 6.600037219920028, "prior": 2.09615441466068, "rate": 4.165209099174909}, "datetime": {"datetime": "2024-04-08 10:48:00", "elapsed": 7.097537, "delta": 0.008843}}
{"target": -407.2935867204365, "params": {"gamma": 4.5094756723505, "prior": 3.552395018521695, "rate": 3.8334198209699974}, "datetime": {"datetime": "2024-04-08 10:48:00", "elapsed": 7.106388, "delta": 0.008851}}
{"target": -262.03935847188563, "params": {"gamma": 1.8038803024167458, "prior": 0.7744875682013366, "rate": 5.513015232709581}, "datetime": {"datetime": "2024-04-08 10:48:00", "elapsed": 7.115216, "delta": 0.008828}}
{"target": -554.1437203154763, "params": {"gamma": 5.959073589220895, "prior": 1.5404479132949174, "rate": 2.310186141512919}, "datetime": {"datetime": "2024-04-08 10:48:00", "elapsed": 7.124305, "delta": 0.009089}}
{"target": -225.66767543341507, "params": {"gamma": 2.864484938242287, "prior": 8.324438532353815, "rate": 1.535055990682961}, "datetime": {"datetime": "2024-04-08 10:48:00", "elapsed": 7.133039, "delta": 0.008734}}
{"target": -438.896477053223, "params": {"gamma": 5.521835936727261, "prior": 5.724583205152705, "rate": 3.434857510993614}, "datetime": {"datetime": "2024-04-08 10:48:00", "elapsed": 7.141917, "delta": 0.008878}}
{"target": -298.05936973298395, "params": {"gamma": 3.5068212758802293, "prior": 9.595208973440103, "rate": 5.533886150645748}, "datetime": {"datetime": "2024-04-08 10:48:00", "elapsed": 7.150962, "delta": 0.009045}}
{"target": -588.3521005381771, "params": {"gamma": 6.527659277808647, "prior": 4.958327152799692, "rate": 6.466853166736234}, "datetime": {"datetime": "2024-04-08 10:48:00", "elapsed": 7.15995, "delta": 0.008988}}
{"target": -599.2417920081028, "params": {"gamma": 6.052902604285114, "prior": 1.5372155999089467, "rate": 3.3474706483130476}, "datetime": {"datetime": "2024-04-08 10:48:00", "elapsed": 7.168512, "delta": 0.008562}}
{"target": -483.0596102884595, "params": {"gamma": 4.604879500595876, "prior": 1.3654344499032103, "rate": 3.6313701627213772}, "datetime": {"datetime": "2024-04-08 10:48:00", "elapsed": 7.176982, "delta": 0.00847}}
{"target": -214.52475010344736, "params": {"gamma": 2.2821882012949293, "prior": 8.49027576247698, "rate": 3.4153993261329654}, "datetime": {"datetime": "2024-04-08 10:48:00", "elapsed": 7.185988, "delta": 0.009006}}
{"target": -259.1175495188507, "params": {"gamma": 2.268666417341983, "prior": 4.140995888237594, "rate": 6.830957412174848}, "datetime": {"datetime": "2024-04-08 10:48:00", "elapsed": 7.194608, "delta": 0.00862}}
{"target": -165.6582491762465, "params": {"gamma": 0.657154367615287, "prior": 1.889219214669599, "rate": 6.943375082298363}, "datetime": {"datetime": "2024-04-08 10:48:00", "elapsed": 7.203441, "delta": 0.008833}}
{"target": -682.3753540673758, "params": {"gamma": 7.522813791436128, "prior": 6.215767368139672, "rate": 8.792106406805418}, "datetime": {"datetime": "2024-04-08 10:48:00", "elapsed": 7.212647, "delta": 0.009206}}
{"target": -212.37175609060225, "params": {"gamma": 1.6888331005858586, "prior": 7.065122548794142, "rate": 9.172684330641006}, "datetime": {"datetime": "2024-04-08 10:48:00", "elapsed": 7.221915, "delta": 0.009268}}
{"target": -212.74897066969535, "params": {"gamma": 1.508245851371479, "prior": 2.5132633762221936, "rate": 5.467299036335953}, "datetime": {"datetime": "2024-04-08 10:48:00", "elapsed": 7.230803, "delta": 0.008888}}
{"target": -241.42637166169038, "params": {"gamma": 3.441849250422999, "prior": 6.937326899745702, "rate": 0.5766186166326498}, "datetime": {"datetime": "2024-04-08 10:48:00", "elapsed": 7.239757, "delta": 0.008954}}
{"target": -208.3561275730792, "params": {"gamma": 1.6084806590922747, "prior": 7.190759234148253, "rate": 9.706216365641005}, "datetime": {"datetime": "2024-04-08 10:48:00", "elapsed": 7.249014, "delta": 0.009257}}
{"target": -564.5160679742901, "params": {"gamma": 9.295574214746894, "prior": 9.020563234885856, "rate": 1.2783053957220292}, "datetime": {"datetime": "2024-04-08 10:48:00", "elapsed": 7.258313, "delta": 0.009299}}
{"target": -230.19000838650274, "params": {"gamma": 1.4601432517979631, "prior": 0.8154210924672393, "rate": 5.425859791214765}, "datetime": {"datetime": "2024-04-08 10:48:00", "elapsed": 7.267129, "delta": 0.008816}}
{"target": -799.3498417608405, "params": {"gamma": 8.824979242850812, "prior": 5.364739810662196, "rate": 7.817371138674004}, "datetime": {"datetime": "2024-04-08 10:48:00", "elapsed": 7.275811, "delta": 0.008682}}
{"target": -186.16302474340895, "params": {"gamma": 1.8853494153257044, "prior": 8.644801475646716, "rate": 1.8750602824827893}, "datetime": {"datetime": "2024-04-08 10:48:00", "elapsed": 7.28515, "delta": 0.009339}}
{"target": -154.87185726808144, "params": {"gamma": 0.548586496539166, "prior": 4.2727610032381715, "rate": 5.551489195654376}, "datetime": {"datetime": "2024-04-08 10:48:00", "elapsed": 7.294119, "delta": 0.008969}}
{"target": -973.0383729493432, "params": {"gamma": 9.707449353204424, "prior": 1.0083629510677956, "rate": 2.7399070142023203}, "datetime": {"datetime": "2024-04-08 10:48:00", "elapsed": 7.302877, "delta": 0.008758}}
{"target": -169.14107210688357, "params": {"gamma": 1.0519655837514126, "prior": 3.9653524037024024, "rate": 2.890821820794509}, "datetime": {"datetime": "2024-04-08 10:48:00", "elapsed": 7.311907, "delta": 0.00903}}
{"target": -530.907859524819, "params": {"gamma": 5.133490194329599, "prior": 3.547741149332395, "rate": 9.28235195448276}, "datetime": {"datetime": "2024-04-08 10:48:00", "elapsed": 7.321108, "delta": 0.009201}}
{"target": -489.43303916395786, "params": {"gamma": 7.8996880160340215, "prior": 8.624012549278358, "rate": 1.2958799584830156}, "datetime": {"datetime": "2024-04-08 10:48:00", "elapsed": 7.329893, "delta": 0.008785}}
{"target": -624.169674698896, "params": {"gamma": 5.751126599720151, "prior": 2.2263471052601016, "rate": 8.682517475837448}, "datetime": {"datetime": "2024-04-08 10:48:00", "elapsed": 7.338349, "delta": 0.008456}}
{"target": -145.33008410723565, "params": {"gamma": 0.15117919811248737, "prior": 1.1468677297875165, "rate": 3.761194698397609}, "datetime": {"datetime": "2024-04-08 10:48:00", "elapsed": 7.347023, "delta": 0.008674}}
{"target": -305.3945396537032, "params": {"gamma": 4.021536967025843, "prior": 2.8444788214889583, "rate": 0.9615339246006319}, "datetime": {"datetime": "2024-04-08 10:48:00", "elapsed": 7.356201, "delta": 0.009178}}
{"target": -196.26765652506697, "params": {"gamma": 1.1881853207208233, "prior": 3.2476530630886056, "rate": 9.507977547943128}, "datetime": {"datetime": "2024-04-08 10:48:00", "elapsed": 7.365037, "delta": 0.008836}}
{"target": -201.2200088134324, "params": {"gamma": 2.0748582416284203, "prior": 7.498075178486302, "rate": 2.5826284514108324}, "datetime": {"datetime": "2024-04-08 10:48:00", "elapsed": 7.373868, "delta": 0.008831}}
{"target": -153.47222928486732, "params": {"gamma": 0.37336531585223737, "prior": 0.2589168707539145, "rate": 1.5279066058805837}, "datetime": {"datetime": "2024-04-08 10:48:00", "elapsed": 7.383045, "delta": 0.009177}}
{"target": -407.5365704024774, "params": {"gamma": 4.621379845784425, "prior": 7.58342086562427, "rate": 7.2884205045195944}, "datetime": {"datetime": "2024-04-08 10:48:00", "elapsed": 7.39225, "delta": 0.009205}}
{"target": -357.9709538317669, "params": {"gamma": 3.524542035387884, "prior": 4.843478859752845, "rate": 8.140923460003277}, "datetime": {"datetime": "2024-04-08 10:48:00", "elapsed": 7.401133, "delta": 0.008883}}
{"target": -457.68126407628205, "params": {"gamma": 8.384190660883412, "prior": 3.2671753341380563, "rate": 0.043645919052664246}, "datetime": {"datetime": "2024-04-08 10:48:00", "elapsed": 7.410167, "delta": 0.009034}}
{"target": -148.29098558621578, "params": {"gamma": 0.4702615014191002, "prior": 7.404293038279442, "rate": 2.7270501784440078}, "datetime": {"datetime": "2024-04-08 10:48:00", "elapsed": 7.419367, "delta": 0.0092}}
{"target": -536.6629380291816, "params": {"gamma": 4.815376636054336, "prior": 2.0011095337083287, "rate": 8.471282047905861}, "datetime": {"datetime": "2024-04-08 10:48:00", "elapsed": 7.428189, "delta": 0.008822}}
{"target": -397.091012703327, "params": {"gamma": 5.034272718755895, "prior": 5.318885739650387, "rate": 2.881507801269463}, "datetime": {"datetime": "2024-04-08 10:48:00", "elapsed": 7.436939, "delta": 0.00875}}
{"target": -649.9732643413917, "params": {"gamma": 5.120480307408566, "prior": 0.1194400892869483, "rate": 2.7736731083917574}, "datetime": {"datetime": "2024-04-08 10:48:00", "elapsed": 7.445959, "delta": 0.00902}}
{"target": -269.48481397749384, "params": {"gamma": 3.488281072400821, "prior": 2.9111137742614566, "rate": 0.8604363235466009}, "datetime": {"datetime": "2024-04-08 10:48:00", "elapsed": 7.455223, "delta": 0.009264}}
{"target": -471.4766400979311, "params": {"gamma": 5.2182903111313514, "prior": 7.9059434203978, "rate": 9.426041757646109}, "datetime": {"datetime": "2024-04-08 10:48:00", "elapsed": 7.463955, "delta": 0.008732}}
{"target": -385.8007704712028, "params": {"gamma": 4.973400631374519, "prior": 5.9781631977188905, "rate": 2.9093085181668954}, "datetime": {"datetime": "2024-04-08 10:48:00", "elapsed": 7.472685, "delta": 0.00873}}
{"target": -228.95514775490028, "params": {"gamma": 1.492445929692968, "prior": 1.4055297382115668, "rate": 7.323875397919708}, "datetime": {"datetime": "2024-04-08 10:48:00", "elapsed": 7.481234, "delta": 0.008549}}
{"target": -719.8581496229083, "params": {"gamma": 7.344959884063995, "prior": 1.8755651647026885, "rate": 4.136190237378143}, "datetime": {"datetime": "2024-04-08 10:48:00", "elapsed": 7.490458, "delta": 0.009224}}
{"target": -676.1931497251772, "params": {"gamma": 5.941849134587504, "prior": 1.3402912672428726, "rate": 7.85390412973879}, "datetime": {"datetime": "2024-04-08 10:48:00", "elapsed": 7.499005, "delta": 0.008547}}
{"target": -546.8604741556892, "params": {"gamma": 6.20030204099907, "prior": 6.190694745933699, "rate": 7.012379711094405}, "datetime": {"datetime": "2024-04-08 10:48:00", "elapsed": 7.507713, "delta": 0.008708}}
{"target": -898.0862290656289, "params": {"gamma": 9.871843637581678, "prior": 5.667705113976064, "rate": 8.644298200721781}, "datetime": {"datetime": "2024-04-08 10:48:00", "elapsed": 7.51708, "delta": 0.009367}}
{"target": -400.53058041256793, "params": {"gamma": 4.187668041896602, "prior": 6.5792465771516, "rate": 9.252686617399803}, "datetime": {"datetime": "2024-04-08 10:48:00", "elapsed": 7.526232, "delta": 0.009152}}
{"target": -644.1177850609928, "params": {"gamma": 6.64184400562511, "prior": 3.1004986918363557, "rate": 6.199836992922438}, "datetime": {"datetime": "2024-04-08 10:48:00", "elapsed": 7.535216, "delta": 0.008984}}
{"target": -362.8388490470464, "params": {"gamma": 3.5138318852615673, "prior": 3.2914300838307535, "rate": 6.102440382404956}, "datetime": {"datetime": "2024-04-08 10:48:00", "elapsed": 7.544306, "delta": 0.00909}}
{"target": -216.50374220231274, "params": {"gamma": 1.6040719966518822, "prior": 4.918715464001758, "rate": 9.456397215578926}, "datetime": {"datetime": "2024-04-08 10:48:00", "elapsed": 7.553572, "delta": 0.009266}}
{"target": -406.02845844567156, "params": {"gamma": 3.839758505543401, "prior": 1.9707296731335333, "rate": 4.688920657472168}, "datetime": {"datetime": "2024-04-08 10:48:00", "elapsed": 7.562399, "delta": 0.008827}}
{"target": -711.4976805521844, "params": {"gamma": 8.409237406703872, "prior": 8.442410453690822, "rate": 8.278204591352763}, "datetime": {"datetime": "2024-04-08 10:48:00", "elapsed": 7.571123, "delta": 0.008724}}
{"target": -144.62761488986723, "params": {"gamma": 0.11574365054552785, "prior": 2.7436990682901228, "rate": 9.99875799995505}, "datetime": {"datetime": "2024-04-08 10:48:00", "elapsed": 7.579962, "delta": 0.008839}}
{"target": -187.20769590739167, "params": {"gamma": 1.1977130886476726, "prior": 4.951886011267569, "rate": 7.900471479876251}, "datetime": {"datetime": "2024-04-08 10:48:00", "elapsed": 7.589373, "delta": 0.009411}}
{"target": -176.38654310931003, "params": {"gamma": 1.223016887028468, "prior": 6.657850888843354, "rate": 4.881316374767721}, "datetime": {"datetime": "2024-04-08 10:48:00", "elapsed": 7.598001, "delta": 0.008628}}
{"target": -187.8368888552788, "params": {"gamma": 1.9437055308797813, "prior": 8.798437263168932, "rate": 1.8156924881797458}, "datetime": {"datetime": "2024-04-08 10:48:00", "elapsed": 7.606776, "delta": 0.008775}}
{"target": -523.1775149249191, "params": {"gamma": 6.390889540088459, "prior": 7.434186094159498, "rate": 5.6271661930456895}, "datetime": {"datetime": "2024-04-08 10:48:00", "elapsed": 7.615637, "delta": 0.008861}}
{"target": -631.3026804767188, "params": {"gamma": 6.288786844403314, "prior": 1.2777574265578442, "rate": 3.0810618335582585}, "datetime": {"datetime": "2024-04-08 10:48:00", "elapsed": 7.624815, "delta": 0.009178}}
{"target": -555.9383944194435, "params": {"gamma": 5.870035110089563, "prior": 4.015090791444363, "rate": 6.639796868246575}, "datetime": {"datetime": "2024-04-08 10:48:00", "elapsed": 7.63347, "delta": 0.008655}}
{"target": -923.8851931322943, "params": {"gamma": 8.519694493398179, "prior": 1.9831986841906173, "rate": 9.032823736002479}, "datetime": {"datetime": "2024-04-08 10:48:00", "elapsed": 7.642043, "delta": 0.008573}}
{"target": -326.0514675706275, "params": {"gamma": 3.8323753284605018, "prior": 9.43693087420972, "rate": 6.174205747936627}, "datetime": {"datetime": "2024-04-08 10:48:00", "elapsed": 7.650894, "delta": 0.008851}}
{"target": -675.0817773814084, "params": {"gamma": 7.901165115937855, "prior": 5.1962767408949375, "rate": 5.311915799238696}, "datetime": {"datetime": "2024-04-08 10:48:00", "elapsed": 7.659656, "delta": 0.008762}}
{"target": -364.81936249015376, "params": {"gamma": 3.276611393760953, "prior": 1.3807106015508195, "rate": 3.8388352966923764}, "datetime": {"datetime": "2024-04-08 10:48:00", "elapsed": 7.668055, "delta": 0.008399}}
{"target": -292.3708777746001, "params": {"gamma": 2.1505498314359848, "prior": 0.4253660332309741, "rate": 2.7495934114227696}, "datetime": {"datetime": "2024-04-08 10:48:00", "elapsed": 7.676916, "delta": 0.008861}}
{"target": -177.55170817378084, "params": {"gamma": 1.8065799506159026, "prior": 8.767750118877416, "rate": 0.8132843877516185}, "datetime": {"datetime": "2024-04-08 10:48:00", "elapsed": 7.686192, "delta": 0.009276}}
{"target": -221.93250571204877, "params": {"gamma": 1.8397720952197505, "prior": 7.069903885809709, "rate": 9.192339684311714}, "datetime": {"datetime": "2024-04-08 10:48:00", "elapsed": 7.695266, "delta": 0.009074}}
{"target": -356.57379351547246, "params": {"gamma": 2.515333063867109, "prior": 0.3108812014676776, "rate": 9.605084223078242}, "datetime": {"datetime": "2024-04-08 10:48:00", "elapsed": 7.704543, "delta": 0.009277}}
{"target": -627.6819691063096, "params": {"gamma": 6.8225241840990325, "prior": 3.175560691032173, "rate": 4.724262048710183}, "datetime": {"datetime": "2024-04-08 10:48:00", "elapsed": 7.713844, "delta": 0.009301}}
{"target": -599.1251660289779, "params": {"gamma": 5.992959482913756, "prior": 3.801298863446888, "rate": 8.74500347841515}, "datetime": {"datetime": "2024-04-08 10:48:00", "elapsed": 7.723094, "delta": 0.00925}}
{"target": -519.5217782044493, "params": {"gamma": 7.261999710487967, "prior": 9.547972975779691, "rate": 3.5113041629592687}, "datetime": {"datetime": "2024-04-08 10:48:00", "elapsed": 7.731895, "delta": 0.008801}}
{"target": -833.425801708132, "params": {"gamma": 9.37180371312909, "prior": 4.843095684834866, "rate": 6.423584063846066}, "datetime": {"datetime": "2024-04-08 10:48:00", "elapsed": 7.740877, "delta": 0.008982}}
{"target": -553.2771066363981, "params": {"gamma": 7.36673540034412, "prior": 8.112445893156233, "rate": 3.963197413459656}, "datetime": {"datetime": "2024-04-08 10:48:00", "elapsed": 7.750063, "delta": 0.009186}}
{"target": -390.30064934155945, "params": {"gamma": 4.480011839169197, "prior": 8.191042558516232, "rate": 7.175854473706459}, "datetime": {"datetime": "2024-04-08 10:48:00", "elapsed": 7.759045, "delta": 0.008982}}
{"target": -592.2673545059629, "params": {"gamma": 9.408551244537064, "prior": 9.798018927036628, "rate": 1.7899544503221003}, "datetime": {"datetime": "2024-04-08 10:48:00", "elapsed": 7.767701, "delta": 0.008656}}
{"target": -243.31190108208352, "params": {"gamma": 2.2799661987157394, "prior": 7.188265828062564, "rate": 7.474079963807781}, "datetime": {"datetime": "2024-04-08 10:48:00", "elapsed": 7.7764, "delta": 0.008699}}
{"target": -420.4286005392425, "params": {"gamma": 6.032192362771022, "prior": 8.785267665792963, "rate": 2.5206526306452743}, "datetime": {"datetime": "2024-04-08 10:48:00", "elapsed": 7.785287, "delta": 0.008887}}
{"target": -295.106720388882, "params": {"gamma": 3.3955344555736273, "prior": 4.997003796258398, "rate": 3.150955862596707}, "datetime": {"datetime": "2024-04-08 10:48:00", "elapsed": 7.794057, "delta": 0.00877}}
{"target": -391.2202557270953, "params": {"gamma": 5.454845454328703, "prior": 6.856532985049649, "rate": 2.2044486446357947}, "datetime": {"datetime": "2024-04-08 10:48:00", "elapsed": 7.802651, "delta": 0.008594}}
{"target": -354.44016493573474, "params": {"gamma": 4.853889202229838, "prior": 9.930515440611035, "rate": 3.242288870509168}, "datetime": {"datetime": "2024-04-08 10:48:00", "elapsed": 7.811526, "delta": 0.008875}}
{"target": -147.31259233423876, "params": {"gamma": 0.35458383299364826, "prior": 8.19178211991173, "rate": 5.033564529213024}, "datetime": {"datetime": "2024-04-08 10:48:00", "elapsed": 7.820836, "delta": 0.00931}}
{"target": -149.9826743766544, "params": {"gamma": 0.5287857773295865, "prior": 8.914019769519989, "rate": 4.045739285423598}, "datetime": {"datetime": "2024-04-08 10:48:00", "elapsed": 7.829296, "delta": 0.00846}}
{"target": -588.1816805798006, "params": {"gamma": 9.292802548221829, "prior": 4.080573920625559, "rate": 0.7692460154620339}, "datetime": {"datetime": "2024-04-08 10:48:00", "elapsed": 7.837845, "delta": 0.008549}}
