{"target": -370.41007770891093, "params": {"gamma": 7.113433866846732, "prior": 5.583457649409001, "rate": 3.0458753612182816}, "datetime": {"datetime": "2024-04-09 03:00:06", "elapsed": 1.743539, "delta": 0.008314}}
{"target": -534.9362143191697, "params": {"gamma": 8.348705622270353, "prior": 4.409528980532247, "rate": 9.234638694972633}, "datetime": {"datetime": "2024-04-09 03:00:06", "elapsed": 1.752259, "delta": 0.00872}}
{"target": -386.9739049341549, "params": {"gamma": 7.0608119915549965, "prior": 4.8325099488563055, "rate": 1.2629748273898376}, "datetime": {"datetime": "2024-04-09 03:00:06", "elapsed": 1.762606, "delta": 0.010347}}
{"target": -557.5641304901179, "params": {"gamma": 9.760459461127008, "prior": 1.6823531384065245, "rate": 2.026818650071406}, "datetime": {"datetime": "2024-04-09 03:00:06", "elapsed": 1.77137, "delta": 0.008764}}
{"target": -251.66503183753707, "params": {"gamma": 4.312386369848549, "prior": 4.101598867173958, "rate": 1.4683680561621768}, "datetime": {"datetime": "2024-04-09 03:00:06", "elapsed": 1.779805, "delta": 0.008435}}
{"target": -505.83852222206605, "params": {"gamma": 7.293459874691873, "prior": 1.968576162084141, "rate": 6.439312547472317}, "datetime": {"datetime": "2024-04-09 03:00:06", "elapsed": 1.78859, "delta": 0.008785}}
{"target": -508.5641539553232, "params": {"gamma": 7.543305199812411, "prior": 2.1862506816248755, "rate": 6.0099415268282925}, "datetime": {"datetime": "2024-04-09 03:00:06", "elapsed": 1.798489, "delta": 0.009899}}
{"target": -415.358154800941, "params": {"gamma": 7.489534824083119, "prior": 6.418365235141301, "rate": 5.971675902163545}, "datetime": {"datetime": "2024-04-09 03:00:06", "elapsed": 1.807048, "delta": 0.008559}}
{"target": -206.5919742648463, "params": {"gamma": 2.955527374269315, "prior": 7.342904065290937, "rate": 9.453139091559498}, "datetime": {"datetime": "2024-04-09 03:00:06", "elapsed": 1.815573, "delta": 0.008525}}
{"target": -340.4768469924451, "params": {"gamma": 4.256188341225208, "prior": 7.843599986630912, "rate": 0.5623542555794911}, "datetime": {"datetime": "2024-04-09 03:00:06", "elapsed": 1.825152, "delta": 0.009579}}
{"target": -529.3143515300515, "params": {"gamma": 8.35288075329717, "prior": 2.0032751665392623, "rate": 3.951573592030842}, "datetime": {"datetime": "2024-04-09 03:00:06", "elapsed": 1.834004, "delta": 0.008852}}
{"target": -254.00357183482942, "params": {"gamma": 3.001510378207639, "prior": 0.893026073679888, "rate": 9.046405398359493}, "datetime": {"datetime": "2024-04-09 03:00:06", "elapsed": 1.842339, "delta": 0.008335}}
{"target": -232.90917415404274, "params": {"gamma": 3.702171621359829, "prior": 5.353904640913781, "rate": 4.941668542697355}, "datetime": {"datetime": "2024-04-09 03:00:06", "elapsed": 1.850712, "delta": 0.008373}}
{"target": -140.49619841296703, "params": {"gamma": 1.3224792582874385, "prior": 2.143895183005387, "rate": 0.7628119015141794}, "datetime": {"datetime": "2024-04-09 03:00:06", "elapsed": 1.860534, "delta": 0.009822}}
{"target": -313.7282660124866, "params": {"gamma": 5.07970907775293, "prior": 2.6893405631465725, "rate": 3.5712590272190368}, "datetime": {"datetime": "2024-04-09 03:00:06", "elapsed": 1.869287, "delta": 0.008753}}
{"target": -154.33146236509737, "params": {"gamma": 1.0815452216436712, "prior": 7.896763212559821, "rate": 1.0667321840112223}, "datetime": {"datetime": "2024-04-09 03:00:06", "elapsed": 1.877704, "delta": 0.008417}}
{"target": -672.3926758636383, "params": {"gamma": 9.857102528308165, "prior": 1.8538955279403317, "rate": 5.724478719234059}, "datetime": {"datetime": "2024-04-09 03:00:06", "elapsed": 1.886086, "delta": 0.008382}}
{"target": -136.2564588179698, "params": {"gamma": 0.4494085005562922, "prior": 7.892451267592758, "rate": 1.8968698722351471}, "datetime": {"datetime": "2024-04-09 03:00:06", "elapsed": 1.896098, "delta": 0.010012}}
{"target": -323.28176154246614, "params": {"gamma": 5.279511880102859, "prior": 7.426767677274809, "rate": 1.5001649176876422}, "datetime": {"datetime": "2024-04-09 03:00:06", "elapsed": 1.904617, "delta": 0.008519}}
{"target": -389.9527760549946, "params": {"gamma": 5.511320654695531, "prior": 2.2445103624549163, "rate": 7.592201297122131}, "datetime": {"datetime": "2024-04-09 03:00:06", "elapsed": 1.913192, "delta": 0.008575}}
{"target": -526.1889201651065, "params": {"gamma": 7.229429020368581, "prior": 1.847835439343122, "rate": 8.619803610113067}, "datetime": {"datetime": "2024-04-09 03:00:06", "elapsed": 1.921993, "delta": 0.008801}}
{"target": -132.69038135321935, "params": {"gamma": 0.1987312200639263, "prior": 8.61634627448884, "rate": 5.589479207798223}, "datetime": {"datetime": "2024-04-09 03:00:06", "elapsed": 1.932136, "delta": 0.010143}}
{"target": -248.55584055263532, "params": {"gamma": 4.032801500586387, "prior": 7.611594617121132, "rate": 7.169573087923007}, "datetime": {"datetime": "2024-04-09 03:00:06", "elapsed": 1.940625, "delta": 0.008489}}
{"target": -869.1218579223606, "params": {"gamma": 9.873274421909457, "prior": 2.8530419812685297, "rate": 0.03893293042101652}, "datetime": {"datetime": "2024-04-09 03:00:06", "elapsed": 1.949052, "delta": 0.008427}}
{"target": -500.4702492825481, "params": {"gamma": 9.339092180540563, "prior": 8.593181334925148, "rate": 7.28877992431504}, "datetime": {"datetime": "2024-04-09 03:00:06", "elapsed": 1.957961, "delta": 0.008909}}
{"target": -308.9788725552912, "params": {"gamma": 5.167371140432463, "prior": 7.098866827962734, "rate": 7.805515039210552}, "datetime": {"datetime": "2024-04-09 03:00:06", "elapsed": 1.967852, "delta": 0.009891}}
{"target": -236.4069058206793, "params": {"gamma": 3.749384559425057, "prior": 7.72619300076658, "rate": 7.506492567432579}, "datetime": {"datetime": "2024-04-09 03:00:06", "elapsed": 1.976274, "delta": 0.008422}}
{"target": -386.2471383186667, "params": {"gamma": 6.132498904231054, "prior": 4.07847264728159, "rate": 6.9733828846241455}, "datetime": {"datetime": "2024-04-09 03:00:06", "elapsed": 1.984538, "delta": 0.008264}}
{"target": -141.37825492755783, "params": {"gamma": 0.032125465394095866, "prior": 7.771476802573518, "rate": 8.964269607966013}, "datetime": {"datetime": "2024-04-09 03:00:06", "elapsed": 1.993448, "delta": 0.00891}}
{"target": -185.5456485593527, "params": {"gamma": 2.393917758667609, "prior": 1.2955951246613744, "rate": 2.2036195939494823}, "datetime": {"datetime": "2024-04-09 03:00:06", "elapsed": 2.003212, "delta": 0.009764}}
{"target": -197.4088912862885, "params": {"gamma": 3.021665216169693, "prior": 8.841982234781959, "rate": 5.432121135950708}, "datetime": {"datetime": "2024-04-09 03:00:06", "elapsed": 2.011351, "delta": 0.008139}}
{"target": -212.2369135512356, "params": {"gamma": 2.8678297844146994, "prior": 1.4697114289501707, "rate": 2.902154486582312}, "datetime": {"datetime": "2024-04-09 03:00:06", "elapsed": 2.019921, "delta": 0.00857}}
{"target": -372.4604878134016, "params": {"gamma": 6.139097026322785, "prior": 3.3089714459847217, "rate": 4.574144456728294}, "datetime": {"datetime": "2024-04-09 03:00:06", "elapsed": 2.030082, "delta": 0.010161}}
{"target": -254.2686256180536, "params": {"gamma": 4.441726953059129, "prior": 8.29854007124197, "rate": 4.264055194208071}, "datetime": {"datetime": "2024-04-09 03:00:06", "elapsed": 2.038367, "delta": 0.008285}}
{"target": -218.69052887706454, "params": {"gamma": 3.4576425129338477, "prior": 6.782218887610141, "rate": 2.215599075279554}, "datetime": {"datetime": "2024-04-09 03:00:06", "elapsed": 2.046775, "delta": 0.008408}}
{"target": -310.3954320234924, "params": {"gamma": 4.672990993441612, "prior": 3.216180304507763, "rate": 6.268929166026184}, "datetime": {"datetime": "2024-04-09 03:00:06", "elapsed": 2.055135, "delta": 0.00836}}
{"target": -541.2378910504175, "params": {"gamma": 8.773727386473432, "prior": 4.532121101441722, "rate": 7.84478973050044}, "datetime": {"datetime": "2024-04-09 03:00:06", "elapsed": 2.065425, "delta": 0.01029}}
{"target": -289.0375910072254, "params": {"gamma": 4.570200039914943, "prior": 6.596670383999601, "rate": 1.3192779092999938}, "datetime": {"datetime": "2024-04-09 03:00:06", "elapsed": 2.074156, "delta": 0.008731}}
{"target": -253.00040189238095, "params": {"gamma": 4.3303820881695145, "prior": 9.102188687683872, "rate": 6.055184531308316}, "datetime": {"datetime": "2024-04-09 03:00:06", "elapsed": 2.082631, "delta": 0.008475}}
{"target": -427.9400919317106, "params": {"gamma": 7.6679790977837845, "prior": 5.096536020149354, "rate": 4.981058192655247}, "datetime": {"datetime": "2024-04-09 03:00:06", "elapsed": 2.091545, "delta": 0.008914}}
{"target": -642.2108168188648, "params": {"gamma": 8.429155502088307, "prior": 0.7712886499754421, "rate": 5.733149443225297}, "datetime": {"datetime": "2024-04-09 03:00:06", "elapsed": 2.10099, "delta": 0.009445}}
{"target": -470.22414974613883, "params": {"gamma": 9.42768299175406, "prior": 5.226814476905987, "rate": 1.945463629469317}, "datetime": {"datetime": "2024-04-09 03:00:06", "elapsed": 2.109508, "delta": 0.008518}}
{"target": -567.9056391315704, "params": {"gamma": 8.479545985042318, "prior": 2.5912275093229433, "rate": 7.007559638788898}, "datetime": {"datetime": "2024-04-09 03:00:06", "elapsed": 2.118061, "delta": 0.008553}}
{"target": -299.73952800568236, "params": {"gamma": 5.403069143028603, "prior": 9.493479253974174, "rate": 6.2437426873243576}, "datetime": {"datetime": "2024-04-09 03:00:06", "elapsed": 2.128014, "delta": 0.009953}}
{"target": -698.1696724892876, "params": {"gamma": 8.379941642515245, "prior": 0.17853547432577865, "rate": 9.893411221610213}, "datetime": {"datetime": "2024-04-09 03:00:06", "elapsed": 2.136698, "delta": 0.008684}}
{"target": -122.22161919592709, "params": {"gamma": 0.7780679887535326, "prior": 3.2890821847862193, "rate": 9.461577802172197}, "datetime": {"datetime": "2024-04-09 03:00:06", "elapsed": 2.145243, "delta": 0.008545}}
{"target": -137.03356367961047, "params": {"gamma": 0.09038208461007943, "prior": 8.24502705367716, "rate": 8.612255172029577}, "datetime": {"datetime": "2024-04-09 03:00:06", "elapsed": 2.153696, "delta": 0.008453}}
{"target": -314.00476581837694, "params": {"gamma": 4.398868311271517, "prior": 2.631877418678719, "rate": 8.027092506813352}, "datetime": {"datetime": "2024-04-09 03:00:06", "elapsed": 2.163635, "delta": 0.009939}}
{"target": -368.035062445151, "params": {"gamma": 4.77914218231778, "prior": 1.429952225691392, "rate": 9.278562079257282}, "datetime": {"datetime": "2024-04-09 03:00:06", "elapsed": 2.172385, "delta": 0.00875}}
{"target": -551.8790331450783, "params": {"gamma": 8.959803700099478, "prior": 4.966296985167659, "rate": 8.567168262681404}, "datetime": {"datetime": "2024-04-09 03:00:06", "elapsed": 2.18064, "delta": 0.008255}}
{"target": -244.6632489630356, "params": {"gamma": 4.1863616796152225, "prior": 6.866302511646381, "rate": 3.9805084034398166}, "datetime": {"datetime": "2024-04-09 03:00:06", "elapsed": 2.189033, "delta": 0.008393}}
{"target": -376.8635132189966, "params": {"gamma": 5.057914432490653, "prior": 1.9765618580558806, "rate": 9.649924252185027}, "datetime": {"datetime": "2024-04-09 03:00:06", "elapsed": 2.199043, "delta": 0.01001}}
{"target": -205.9469004183326, "params": {"gamma": 2.9428626667543027, "prior": 1.1242496055523734, "rate": 1.4440096868902519}, "datetime": {"datetime": "2024-04-09 03:00:06", "elapsed": 2.207551, "delta": 0.008508}}
{"target": -134.65064232914784, "params": {"gamma": 0.14190884963023712, "prior": 7.187862424677705, "rate": 5.645418704088501}, "datetime": {"datetime": "2024-04-09 03:00:07", "elapsed": 2.215979, "delta": 0.008428}}
{"target": -481.9912854768037, "params": {"gamma": 7.945988933496338, "prior": 5.12009124051295, "rate": 7.918418574002035}, "datetime": {"datetime": "2024-04-09 03:00:07", "elapsed": 2.225008, "delta": 0.009029}}
{"target": -362.44464704551916, "params": {"gamma": 6.957946378504123, "prior": 7.800699920905836, "rate": 4.065422206901887}, "datetime": {"datetime": "2024-04-09 03:00:07", "elapsed": 2.234593, "delta": 0.009585}}
{"target": -406.1605489558383, "params": {"gamma": 6.478058561241625, "prior": 1.8799635471604466, "rate": 3.2188778139156518}, "datetime": {"datetime": "2024-04-09 03:00:07", "elapsed": 2.243022, "delta": 0.008429}}
{"target": -148.66757088865072, "params": {"gamma": 1.7268735965778053, "prior": 4.145508527631297, "rate": 2.4149460609080227}, "datetime": {"datetime": "2024-04-09 03:00:07", "elapsed": 2.251712, "delta": 0.00869}}
{"target": -243.70111776898764, "params": {"gamma": 4.069813019299451, "prior": 9.75470119012939, "rate": 3.2038729388944907}, "datetime": {"datetime": "2024-04-09 03:00:07", "elapsed": 2.261641, "delta": 0.009929}}
{"target": -496.54784545387247, "params": {"gamma": 9.824926958803978, "prior": 6.399430645974237, "rate": 3.7515350929207165}, "datetime": {"datetime": "2024-04-09 03:00:07", "elapsed": 2.270757, "delta": 0.009116}}
{"target": -431.24159457426924, "params": {"gamma": 8.574987506336882, "prior": 6.2339087197488805, "rate": 2.521078768228263}, "datetime": {"datetime": "2024-04-09 03:00:07", "elapsed": 2.27937, "delta": 0.008613}}
{"target": -427.84638232962686, "params": {"gamma": 7.9287639240909, "prior": 4.386091236468214, "rate": 3.5757541621370836}, "datetime": {"datetime": "2024-04-09 03:00:07", "elapsed": 2.28797, "delta": 0.0086}}
{"target": -209.60068635382993, "params": {"gamma": 3.3034390883142843, "prior": 7.003951868570081, "rate": 2.6872325889383593}, "datetime": {"datetime": "2024-04-09 03:00:07", "elapsed": 2.298246, "delta": 0.010276}}
{"target": -504.22445469517015, "params": {"gamma": 8.082971859040095, "prior": 3.0233590645584933, "rate": 5.441669714469987}, "datetime": {"datetime": "2024-04-09 03:00:07", "elapsed": 2.306782, "delta": 0.008536}}
{"target": -292.16762997627166, "params": {"gamma": 4.879726996560219, "prior": 8.56802848469416, "rate": 8.883975957519464}, "datetime": {"datetime": "2024-04-09 03:00:07", "elapsed": 2.315164, "delta": 0.008382}}
{"target": -158.89621490797896, "params": {"gamma": 1.8446600392352996, "prior": 5.894949743488685, "rate": 8.982152255125355}, "datetime": {"datetime": "2024-04-09 03:00:07", "elapsed": 2.324081, "delta": 0.008917}}
{"target": -262.76793135954614, "params": {"gamma": 4.461726073125263, "prior": 9.226496224289772, "rate": 2.790629913679252}, "datetime": {"datetime": "2024-04-09 03:00:07", "elapsed": 2.334244, "delta": 0.010163}}
{"target": -328.86560464480783, "params": {"gamma": 6.0887029107637645, "prior": 6.856291726691472, "rate": 2.2828291277714907}, "datetime": {"datetime": "2024-04-09 03:00:07", "elapsed": 2.342774, "delta": 0.00853}}
{"target": -131.86714029940762, "params": {"gamma": 0.13866135806461027, "prior": 4.225567227469891, "rate": 9.384880436675484}, "datetime": {"datetime": "2024-04-09 03:00:07", "elapsed": 2.351382, "delta": 0.008608}}
{"target": -229.8659004067399, "params": {"gamma": 3.430938070194235, "prior": 7.819468525277739, "rate": 1.7481883919612469}, "datetime": {"datetime": "2024-04-09 03:00:07", "elapsed": 2.361251, "delta": 0.009869}}
{"target": -266.3822437766887, "params": {"gamma": 3.420186410188222, "prior": 1.531517436297158, "rate": 7.167991370649615}, "datetime": {"datetime": "2024-04-09 03:00:07", "elapsed": 2.370129, "delta": 0.008878}}
{"target": -364.5843973644004, "params": {"gamma": 6.993376929344446, "prior": 6.916123447694296, "rate": 2.5347069488285103}, "datetime": {"datetime": "2024-04-09 03:00:07", "elapsed": 2.378452, "delta": 0.008323}}
{"target": -436.13906383195734, "params": {"gamma": 6.923908856112466, "prior": 2.350245655067901, "rate": 4.247066510197466}, "datetime": {"datetime": "2024-04-09 03:00:07", "elapsed": 2.386843, "delta": 0.008391}}
{"target": -260.1664293976258, "params": {"gamma": 3.7198492945552046, "prior": 3.61754832503921, "rate": 0.5774904176053226}, "datetime": {"datetime": "2024-04-09 03:00:07", "elapsed": 2.397062, "delta": 0.010219}}
{"target": -353.1522418968542, "params": {"gamma": 6.316834622032531, "prior": 7.102434366548825, "rate": 6.136273356333854}, "datetime": {"datetime": "2024-04-09 03:00:07", "elapsed": 2.405896, "delta": 0.008834}}
{"target": -359.6096265209397, "params": {"gamma": 6.483479248875083, "prior": 1.7824130707508519, "rate": 1.495318542589686}, "datetime": {"datetime": "2024-04-09 03:00:07", "elapsed": 2.414489, "delta": 0.008593}}
{"target": -313.58124065284716, "params": {"gamma": 5.142236260215303, "prior": 8.765793990909938, "rate": 1.8403504620306732}, "datetime": {"datetime": "2024-04-09 03:00:07", "elapsed": 2.423569, "delta": 0.00908}}
{"target": -283.968586153155, "params": {"gamma": 4.628928347963892, "prior": 4.3464301068960385, "rate": 4.973394570009244}, "datetime": {"datetime": "2024-04-09 03:00:07", "elapsed": 2.433812, "delta": 0.010243}}
{"target": -145.00833414128843, "params": {"gamma": 1.6159461940896331, "prior": 3.4901623472346244, "rate": 2.6195421606310987}, "datetime": {"datetime": "2024-04-09 03:00:07", "elapsed": 2.442533, "delta": 0.008721}}
{"target": -429.19677127786855, "params": {"gamma": 8.44542490535156, "prior": 8.023289233186377, "rate": 4.266964943523168}, "datetime": {"datetime": "2024-04-09 03:00:07", "elapsed": 2.451315, "delta": 0.008782}}
{"target": -425.4410296860815, "params": {"gamma": 6.070547592429601, "prior": 1.5401095416355777, "rate": 5.096623328881369}, "datetime": {"datetime": "2024-04-09 03:00:07", "elapsed": 2.461511, "delta": 0.010196}}
{"target": -197.85430071275627, "params": {"gamma": 2.9701739107832585, "prior": 8.61054444033509, "rate": 6.716312210682993}, "datetime": {"datetime": "2024-04-09 03:00:07", "elapsed": 2.470611, "delta": 0.0091}}
{"target": -446.88243239042595, "params": {"gamma": 6.335106652211588, "prior": 1.3350378706848745, "rate": 4.706408207109359}, "datetime": {"datetime": "2024-04-09 03:00:07", "elapsed": 2.47906, "delta": 0.008449}}
{"target": -508.1968057913907, "params": {"gamma": 9.865741223089229, "prior": 9.488161823319384, "rate": 6.451211316964176}, "datetime": {"datetime": "2024-04-09 03:00:07", "elapsed": 2.487584, "delta": 0.008524}}
{"target": -142.06037435650623, "params": {"gamma": 1.5180969854487043, "prior": 6.427355802327059, "rate": 5.657055463326731}, "datetime": {"datetime": "2024-04-09 03:00:07", "elapsed": 2.497803, "delta": 0.010219}}
{"target": -295.12445306020305, "params": {"gamma": 4.6871897107748595, "prior": 4.337570947735874, "rate": 5.993098286824644}, "datetime": {"datetime": "2024-04-09 03:00:07", "elapsed": 2.506641, "delta": 0.008838}}
{"target": -451.5092193699624, "params": {"gamma": 8.499848915271139, "prior": 7.53609829968218, "rate": 5.794026042432034}, "datetime": {"datetime": "2024-04-09 03:00:07", "elapsed": 2.515017, "delta": 0.008376}}
{"target": -734.321192027401, "params": {"gamma": 9.247117111178744, "prior": 0.7409258360713337, "rate": 9.913473740809359}, "datetime": {"datetime": "2024-04-09 03:00:07", "elapsed": 2.523708, "delta": 0.008691}}
{"target": -119.18912801615416, "params": {"gamma": 0.5308924321372274, "prior": 2.0750059067717572, "rate": 4.228103863783965}, "datetime": {"datetime": "2024-04-09 03:00:07", "elapsed": 2.53387, "delta": 0.010162}}
{"target": -167.44977668524902, "params": {"gamma": 1.0759812529754917, "prior": 6.274337068877248, "rate": 0.4808776479246243}, "datetime": {"datetime": "2024-04-09 03:00:07", "elapsed": 2.542421, "delta": 0.008551}}
{"target": -243.3390626010391, "params": {"gamma": 2.8469541861884147, "prior": 0.7042631430847438, "rate": 7.035489791719707}, "datetime": {"datetime": "2024-04-09 03:00:07", "elapsed": 2.550954, "delta": 0.008533}}
{"target": -349.4491626159089, "params": {"gamma": 6.684893219727232, "prior": 3.847947873180962, "rate": 1.8827544060381822}, "datetime": {"datetime": "2024-04-09 03:00:07", "elapsed": 2.560743, "delta": 0.009789}}
{"target": -488.7171265037296, "params": {"gamma": 7.4703012854704225, "prior": 3.469754978578126, "rate": 7.953216372889023}, "datetime": {"datetime": "2024-04-09 03:00:07", "elapsed": 2.569656, "delta": 0.008913}}
{"target": -400.66055770381536, "params": {"gamma": 4.879521490857024, "prior": 5.304127499074696, "rate": 0.28588000406618064}, "datetime": {"datetime": "2024-04-09 03:00:07", "elapsed": 2.578224, "delta": 0.008568}}
{"target": -345.5959505114016, "params": {"gamma": 6.442675966770439, "prior": 3.5714993740784573, "rate": 2.292821067893365}, "datetime": {"datetime": "2024-04-09 03:00:07", "elapsed": 2.586984, "delta": 0.00876}}
{"target": -271.7949704543324, "params": {"gamma": 4.339399878740795, "prior": 3.8864278269820844, "rate": 4.698420611823517}, "datetime": {"datetime": "2024-04-09 03:00:07", "elapsed": 2.597197, "delta": 0.010213}}
{"target": -624.1207034030645, "params": {"gamma": 9.794854058443883, "prior": 3.7073428966454816, "rate": 7.744326923227059}, "datetime": {"datetime": "2024-04-09 03:00:07", "elapsed": 2.60557, "delta": 0.008373}}
{"target": -300.3576017087845, "params": {"gamma": 5.528123197902375, "prior": 8.90239778216408, "rate": 3.55017355864457}, "datetime": {"datetime": "2024-04-09 03:00:07", "elapsed": 2.613857, "delta": 0.008287}}
{"target": -247.03353162053793, "params": {"gamma": 2.455941283184888, "prior": 9.119090472603986, "rate": 0.43629910331389593}, "datetime": {"datetime": "2024-04-09 03:00:07", "elapsed": 2.622421, "delta": 0.008564}}
{"target": -490.2425419791531, "params": {"gamma": 9.507583527181962, "prior": 5.60842846514216, "rate": 3.764255803654188}, "datetime": {"datetime": "2024-04-09 03:00:07", "elapsed": 2.632384, "delta": 0.009963}}
{"target": -758.352895760559, "params": {"gamma": 9.950528171068772, "prior": 0.6777901968615533, "rate": 5.167546891316355}, "datetime": {"datetime": "2024-04-09 03:00:07", "elapsed": 2.640702, "delta": 0.008318}}
