{"target": -128.33695081450077, "params": {"gamma": 0.2907583038194829, "lr": 0.34662426133980906}, "datetime": {"datetime": "2024-03-30 13:52:09", "elapsed": 56324.686421, "delta": 99.352693}}
{"target": -133.7197536536869, "params": {"gamma": 0.21381167171581728, "lr": 0.46831610378237754}, "datetime": {"datetime": "2024-03-30 13:53:59", "elapsed": 56434.463323, "delta": 109.776902}}
{"target": -128.67822151944782, "params": {"gamma": 0.26670362616777604, "lr": 0.3501578450805236}, "datetime": {"datetime": "2024-03-30 13:55:22", "elapsed": 56517.686437, "delta": 83.223114}}
{"target": -128.13722416662597, "params": {"gamma": 0.3809225427141415, "lr": 0.3440644594557002}, "datetime": {"datetime": "2024-03-30 13:57:11", "elapsed": 56627.013457, "delta": 109.32702}}
{"target": -154.37394893803972, "params": {"gamma": 0.909683878550145, "lr": 0.4321462221339931}, "datetime": {"datetime": "2024-03-30 13:59:21", "elapsed": 56757.003342, "delta": 129.989885}}
{"target": -129.49229979576464, "params": {"gamma": 0.4008501836184094, "lr": 0.4179756751151157}, "datetime": {"datetime": "2024-03-30 14:01:51", "elapsed": 56907.124694, "delta": 150.121352}}
{"target": -130.73301213003282, "params": {"gamma": 0.2208105430220673, "lr": 0.42653775543243444}, "datetime": {"datetime": "2024-03-30 14:04:33", "elapsed": 57069.196963, "delta": 162.072269}}
{"target": -128.24178295201645, "params": {"gamma": 0.39420773100598305, "lr": 0.35689136165459767}, "datetime": {"datetime": "2024-03-30 14:06:17", "elapsed": 57172.834345, "delta": 103.637382}}
{"target": -129.22715083897666, "params": {"gamma": 0.3537330586119879, "lr": 0.424346804412137}, "datetime": {"datetime": "2024-03-30 14:07:47", "elapsed": 57263.129218, "delta": 90.294873}}
{"target": -134.5442050888349, "params": {"gamma": 0.3248473981903644, "lr": 0.32298927691352686}, "datetime": {"datetime": "2024-03-30 14:09:26", "elapsed": 57361.701393, "delta": 98.572175}}
{"target": -128.02636607415087, "params": {"gamma": 0.3390977411036254, "lr": 0.34752302919801914}, "datetime": {"datetime": "2024-03-30 14:11:52", "elapsed": 57507.917235, "delta": 146.215842}}
{"target": -128.3897573449745, "params": {"gamma": 0.4084751520768049, "lr": 0.3410312331782577}, "datetime": {"datetime": "2024-03-30 14:13:32", "elapsed": 57607.885309, "delta": 99.968074}}
{"target": -140.5246924583261, "params": {"gamma": 0.45327729795733074, "lr": 0.21417273341647747}, "datetime": {"datetime": "2024-03-30 14:15:34", "elapsed": 57729.843088, "delta": 121.957779}}
{"target": -129.99206274076153, "params": {"gamma": 0.21049255632314115, "lr": 0.3500360771731016}, "datetime": {"datetime": "2024-03-30 14:18:17", "elapsed": 57892.840278, "delta": 162.99719}}
{"target": -141.19340262739328, "params": {"gamma": 0.44648225663588464, "lr": 0.6138246551712727}, "datetime": {"datetime": "2024-03-30 14:20:59", "elapsed": 58054.925209, "delta": 162.084931}}
{"target": -134.77320582351408, "params": {"gamma": 0.20545942121857777, "lr": 0.5999260428515235}, "datetime": {"datetime": "2024-03-30 14:22:56", "elapsed": 58171.873415, "delta": 116.948206}}
{"target": -135.55965603618606, "params": {"gamma": 0.40256297343718483, "lr": 0.29363595331610637}, "datetime": {"datetime": "2024-03-30 14:25:18", "elapsed": 58314.279555, "delta": 142.40614}}
{"target": -128.06489049543916, "params": {"gamma": 0.3254483556706055, "lr": 0.34663746073276624}, "datetime": {"datetime": "2024-03-30 14:27:09", "elapsed": 58424.602513, "delta": 110.322958}}
{"target": -128.83120535108617, "params": {"gamma": 0.2581265037636439, "lr": 0.3421437232892264}, "datetime": {"datetime": "2024-03-30 14:28:51", "elapsed": 58526.656121, "delta": 102.053608}}
{"target": -128.1005895949066, "params": {"gamma": 0.3182438911475263, "lr": 0.35822502892646657}, "datetime": {"datetime": "2024-03-30 14:30:39", "elapsed": 58634.863049, "delta": 108.206928}}
{"target": -138.61451946051682, "params": {"gamma": 0.48262123230337534, "lr": 0.2888635400673609}, "datetime": {"datetime": "2024-03-30 14:33:18", "elapsed": 58793.746987, "delta": 158.883938}}
{"target": -131.70952984215157, "params": {"gamma": 0.4353662316604031, "lr": 0.3902581406510359}, "datetime": {"datetime": "2024-03-30 14:35:31", "elapsed": 58926.885893, "delta": 133.138906}}
{"target": -128.02886429686416, "params": {"gamma": 0.35518443342245815, "lr": 0.3496122668883339}, "datetime": {"datetime": "2024-03-30 14:38:02", "elapsed": 59077.980452, "delta": 151.094559}}
{"target": -138.2943333815637, "params": {"gamma": 0.16133638383517007, "lr": 0.9564492128870359}, "datetime": {"datetime": "2024-03-30 14:41:12", "elapsed": 59267.642156, "delta": 189.661704}}
{"target": -128.90954781400427, "params": {"gamma": 0.4438297854630825, "lr": 0.35028335995306725}, "datetime": {"datetime": "2024-03-30 14:43:29", "elapsed": 59405.110291, "delta": 137.468135}}
{"target": -136.43215061487226, "params": {"gamma": 0.1717239905884231, "lr": 0.7907145483415062}, "datetime": {"datetime": "2024-03-30 14:46:07", "elapsed": 59563.15677, "delta": 158.046479}}
{"target": -136.24865600022753, "params": {"gamma": 0.3979992108868271, "lr": 0.3323675748706012}, "datetime": {"datetime": "2024-03-30 14:48:14", "elapsed": 59689.478902, "delta": 126.322132}}
{"target": -137.24385553487195, "params": {"gamma": 0.10170982918115071, "lr": 0.7727342671780443}, "datetime": {"datetime": "2024-03-30 14:49:57", "elapsed": 59792.735787, "delta": 103.256885}}
{"target": -128.10440464591082, "params": {"gamma": 0.3755816055860426, "lr": 0.3566325529008242}, "datetime": {"datetime": "2024-03-30 14:52:01", "elapsed": 59916.981758, "delta": 124.245971}}
{"target": -128.2179527326815, "params": {"gamma": 0.3915125467571677, "lr": 0.35069624684363376}, "datetime": {"datetime": "2024-03-30 14:54:02", "elapsed": 60037.923692, "delta": 120.941934}}
{"target": -130.03798736473922, "params": {"gamma": 0.3123842785616098, "lr": 0.43344986330833535}, "datetime": {"datetime": "2024-03-30 14:55:40", "elapsed": 60135.673092, "delta": 97.7494}}
{"target": -138.54231308416496, "params": {"gamma": 0.6124919957647464, "lr": 0.4471010288006645}, "datetime": {"datetime": "2024-03-30 14:57:54", "elapsed": 60269.444122, "delta": 133.77103}}
