{"target": -222.22795151534396, "params": {"gamma": 1.0383538594889106, "lr": 0.6509425801608356}, "datetime": {"datetime": "2024-04-04 22:20:12", "elapsed": 4760.235775, "delta": 18.247297}}
{"target": -143.71336163746702, "params": {"gamma": 0.8365241959606926, "lr": 0.3235030870577583}, "datetime": {"datetime": "2024-04-04 22:20:23", "elapsed": 4771.474568, "delta": 11.238793}}
{"target": -157.21597504501267, "params": {"gamma": 0.25537516387430564, "lr": 0.15869252739908035}, "datetime": {"datetime": "2024-04-04 22:20:51", "elapsed": 4799.88956, "delta": 28.414992}}
{"target": -151.70335907047343, "params": {"gamma": 1.095748890060531, "lr": 0.2060534431949615}, "datetime": {"datetime": "2024-04-04 22:21:00", "elapsed": 4808.252131, "delta": 8.362571}}
{"target": -137.68930908730582, "params": {"gamma": 0.23010717069545533, "lr": 0.6629721238340393}, "datetime": {"datetime": "2024-04-04 22:21:07", "elapsed": 4815.315985, "delta": 7.063854}}
{"target": -568.7775461497681, "params": {"gamma": 5.067921143063405, "lr": 0.36790714117299617}, "datetime": {"datetime": "2024-04-04 22:21:22", "elapsed": 4830.614452, "delta": 15.298467}}
{"target": -212.6719710585834, "params": {"gamma": 0.7144904086235437, "lr": 0.8400255868149552}, "datetime": {"datetime": "2024-04-04 22:21:36", "elapsed": 4844.650071, "delta": 14.035619}}
{"target": -480.139518322452, "params": {"gamma": 3.513296520922556, "lr": 0.4038159330904666}, "datetime": {"datetime": "2024-04-04 22:21:45", "elapsed": 4853.64626, "delta": 8.996189}}
{"target": -274.6208218193564, "params": {"gamma": 1.4604812416857746, "lr": 0.5901312897156432}, "datetime": {"datetime": "2024-04-04 22:21:56", "elapsed": 4864.694234, "delta": 11.047974}}
{"target": -338.72338058838045, "params": {"gamma": 3.2606254863328346, "lr": 0.32625736464639465}, "datetime": {"datetime": "2024-04-04 22:22:12", "elapsed": 4879.97855, "delta": 15.284316}}
{"target": -142.43558061929608, "params": {"gamma": 0.45009070917847654, "lr": 0.43074798589148544}, "datetime": {"datetime": "2024-04-04 22:22:27", "elapsed": 4895.2327, "delta": 15.25415}}
{"target": -444.73947281066944, "params": {"gamma": 3.8702090750338525, "lr": 0.347992277686889}, "datetime": {"datetime": "2024-04-04 22:22:34", "elapsed": 4902.558311, "delta": 7.325611}}
{"target": -171.01032164531648, "params": {"gamma": 1.5157867717956852, "lr": 0.24791397442512056}, "datetime": {"datetime": "2024-04-04 22:22:48", "elapsed": 4916.134538, "delta": 13.576227}}
{"target": -166.34079439778793, "params": {"gamma": 0.40685168046640935, "lr": 0.8996756204986923}, "datetime": {"datetime": "2024-04-04 22:22:55", "elapsed": 4923.33081, "delta": 7.196272}}
{"target": -143.25642103068733, "params": {"gamma": 0.23102571250249976, "lr": 0.7706392424685182}, "datetime": {"datetime": "2024-04-04 22:23:03", "elapsed": 4931.058699, "delta": 7.727889}}
{"target": -146.2540550981487, "params": {"gamma": 0.4303398784449102, "lr": 0.0}, "datetime": {"datetime": "2024-04-04 22:23:14", "elapsed": 4942.357306, "delta": 11.298607}}
{"target": -547.3994424932778, "params": {"gamma": 4.688267679963025, "lr": 0.3868661444216558}, "datetime": {"datetime": "2024-04-04 22:23:18", "elapsed": 4946.113475, "delta": 3.756169}}
{"target": -146.2540550981487, "params": {"gamma": 1.6811919897788465, "lr": 0.0}, "datetime": {"datetime": "2024-04-04 22:23:34", "elapsed": 4962.557286, "delta": 16.443811}}
{"target": -251.12403584510466, "params": {"gamma": 1.9724141045469012, "lr": 0.37616496295651103}, "datetime": {"datetime": "2024-04-04 22:23:42", "elapsed": 4970.319019, "delta": 7.761733}}
{"target": -131.89054159886797, "params": {"gamma": 0.350121429038792, "lr": 0.39469061408485406}, "datetime": {"datetime": "2024-04-04 22:23:52", "elapsed": 4980.260518, "delta": 9.941499}}
{"target": -272.83982806826384, "params": {"gamma": 2.7083428417536486, "lr": 0.21252888647780177}, "datetime": {"datetime": "2024-04-04 22:24:11", "elapsed": 4999.140331, "delta": 18.879813}}
{"target": -167.36631824499327, "params": {"gamma": 0.11899010982736863, "lr": 0.09267449748820333}, "datetime": {"datetime": "2024-04-04 22:24:31", "elapsed": 5019.257645, "delta": 20.117314}}
{"target": -138.95820596715066, "params": {"gamma": 0.10423468259202116, "lr": 0.21217214938321527}, "datetime": {"datetime": "2024-04-04 22:24:55", "elapsed": 5043.454797, "delta": 24.197152}}
{"target": -150.03393361990481, "params": {"gamma": 0.4160326791378832, "lr": 0.6682928645867768}, "datetime": {"datetime": "2024-04-04 22:25:11", "elapsed": 5059.49865, "delta": 16.043853}}
{"target": -451.90233387744127, "params": {"gamma": 4.760111545133994, "lr": 0.21569068607526176}, "datetime": {"datetime": "2024-04-04 22:25:21", "elapsed": 5069.461117, "delta": 9.962467}}
{"target": -140.9120364974124, "params": {"gamma": 0.08819926342626874, "lr": 0.9696202827821001}, "datetime": {"datetime": "2024-04-04 22:25:28", "elapsed": 5076.6642, "delta": 7.203083}}
{"target": -140.37140639211475, "params": {"gamma": 0.07688416622047713, "lr": 0.39812304812679683}, "datetime": {"datetime": "2024-04-04 22:25:41", "elapsed": 5089.794408, "delta": 13.130208}}
{"target": -353.22134021599624, "params": {"gamma": 2.507487403053504, "lr": 0.4238672962767651}, "datetime": {"datetime": "2024-04-04 22:25:58", "elapsed": 5106.039662, "delta": 16.245254}}
{"target": -138.82139674532155, "params": {"gamma": 0.13035332443347986, "lr": 0.5025813844738025}, "datetime": {"datetime": "2024-04-04 22:26:05", "elapsed": 5113.85363, "delta": 7.813968}}
{"target": -145.8860041613169, "params": {"gamma": 0.22132284698622906, "lr": 1.0}, "datetime": {"datetime": "2024-04-04 22:26:17", "elapsed": 5125.020019, "delta": 11.166389}}
{"target": -292.9203447516094, "params": {"gamma": 1.5815912489071857, "lr": 0.5913271947037394}, "datetime": {"datetime": "2024-04-04 22:26:33", "elapsed": 5141.848244, "delta": 16.828225}}
{"target": -284.5128801840224, "params": {"gamma": 1.7540413085024817, "lr": 0.1883260528356282}, "datetime": {"datetime": "2024-04-04 22:26:47", "elapsed": 5155.565892, "delta": 13.717648}}
{"target": -191.6372064962502, "params": {"gamma": 0.6260060241056342, "lr": 0.7990757007074802}, "datetime": {"datetime": "2024-04-04 22:27:01", "elapsed": 5169.224009, "delta": 13.658117}}
{"target": -138.11238225221365, "params": {"gamma": 0.25756477302494657, "lr": 0.563988345210857}, "datetime": {"datetime": "2024-04-04 22:27:13", "elapsed": 5180.975058, "delta": 11.751049}}
{"target": -174.316514278781, "params": {"gamma": 1.568678974622606, "lr": 0.22959123048280872}, "datetime": {"datetime": "2024-04-04 22:27:20", "elapsed": 5188.565285, "delta": 7.590227}}
{"target": -229.24182949335213, "params": {"gamma": 1.330254541413363, "lr": 0.4644705846835644}, "datetime": {"datetime": "2024-04-04 22:27:28", "elapsed": 5196.424631, "delta": 7.859346}}
{"target": -162.42884674215858, "params": {"gamma": 0.07892426628696186, "lr": 0.044316272263825285}, "datetime": {"datetime": "2024-04-04 22:27:42", "elapsed": 5210.801405, "delta": 14.376774}}
{"target": -140.64155007964172, "params": {"gamma": 0.7687251506419536, "lr": 0.33195443790139634}, "datetime": {"datetime": "2024-04-04 22:27:57", "elapsed": 5225.608697, "delta": 14.807292}}
{"target": -138.49283788103529, "params": {"gamma": 0.15842089739260284, "lr": 0.4555801036312753}, "datetime": {"datetime": "2024-04-04 22:28:06", "elapsed": 5234.050966, "delta": 8.442269}}
{"target": -435.71652388741796, "params": {"gamma": 2.060874792796463, "lr": 0.7428220389850503}, "datetime": {"datetime": "2024-04-04 22:28:13", "elapsed": 5241.291804, "delta": 7.240838}}
{"target": -280.76702343064363, "params": {"gamma": 0.42823822720387633, "lr": 0.03344507519200004}, "datetime": {"datetime": "2024-04-04 22:28:21", "elapsed": 5249.383605, "delta": 8.091801}}
{"target": -189.3994971731947, "params": {"gamma": 0.8063391863955027, "lr": 0.6600443778946776}, "datetime": {"datetime": "2024-04-04 22:28:31", "elapsed": 5259.686453, "delta": 10.302848}}
{"target": -387.97759744225124, "params": {"gamma": 3.6036454406692804, "lr": 0.2584707738913232}, "datetime": {"datetime": "2024-04-04 22:28:40", "elapsed": 5268.766827, "delta": 9.080374}}
{"target": -334.17511926993393, "params": {"gamma": 2.1430321717726826, "lr": 0.4594648136653813}, "datetime": {"datetime": "2024-04-04 22:28:51", "elapsed": 5279.694218, "delta": 10.927391}}
{"target": -4965.008201499337, "params": {"gamma": 9.57544634576314, "lr": 0.04203317101924797}, "datetime": {"datetime": "2024-04-04 22:28:55", "elapsed": 5283.699313, "delta": 4.005095}}
{"target": -576.246600074874, "params": {"gamma": 2.8316820025922507, "lr": 0.7248845976246495}, "datetime": {"datetime": "2024-04-04 22:29:05", "elapsed": 5293.410463, "delta": 9.71115}}
{"target": -366.3845025953138, "params": {"gamma": 1.735244566385173, "lr": 0.7169568682383879}, "datetime": {"datetime": "2024-04-04 22:29:20", "elapsed": 5308.545502, "delta": 15.135039}}
{"target": -528.7329157334899, "params": {"gamma": 6.111534244962734, "lr": 0.23803392756381014}, "datetime": {"datetime": "2024-04-04 22:29:30", "elapsed": 5318.756146, "delta": 10.210644}}
{"target": -652.7880985382319, "params": {"gamma": 4.43934594136318, "lr": 0.4999529903639227}, "datetime": {"datetime": "2024-04-04 22:29:46", "elapsed": 5333.973771, "delta": 15.217625}}
{"target": -138.29004615227154, "params": {"gamma": 0.12513928534550525, "lr": 0.7426862893756625}, "datetime": {"datetime": "2024-04-04 22:29:51", "elapsed": 5339.869505, "delta": 5.895734}}
{"target": -155.17281417095924, "params": {"gamma": 0.9049631663542207, "lr": 0.2852140724226222}, "datetime": {"datetime": "2024-04-04 22:30:00", "elapsed": 5348.647499, "delta": 8.777994}}
{"target": -275.86583044871827, "params": {"gamma": 1.2160739210503027, "lr": 0.7363466730203584}, "datetime": {"datetime": "2024-04-04 22:30:12", "elapsed": 5360.621146, "delta": 11.973647}}
{"target": -318.8913405072382, "params": {"gamma": 3.518416582363163, "lr": 0.2245989745378304}, "datetime": {"datetime": "2024-04-04 22:30:25", "elapsed": 5373.389378, "delta": 12.768232}}
{"target": -140.76560914551655, "params": {"gamma": 0.07136562951678024, "lr": 0.6443465560007575}, "datetime": {"datetime": "2024-04-04 22:30:34", "elapsed": 5382.154044, "delta": 8.764666}}
{"target": -140.01635661387814, "params": {"gamma": 0.6387541589453053, "lr": 0.3379187912041163}, "datetime": {"datetime": "2024-04-04 22:30:44", "elapsed": 5392.676057, "delta": 10.522013}}
{"target": -1081.6088750110814, "params": {"gamma": 8.163915307959206, "lr": 0.40375715953187274}, "datetime": {"datetime": "2024-04-04 22:30:52", "elapsed": 5400.294569, "delta": 7.618512}}
{"target": -149.70100474170306, "params": {"gamma": 0.2697278246122925, "lr": 0.9691464946794709}, "datetime": {"datetime": "2024-04-04 22:31:09", "elapsed": 5417.004272, "delta": 16.709703}}
{"target": -137.42570799851828, "params": {"gamma": 0.17714549859312123, "lr": 0.6386707195415776}, "datetime": {"datetime": "2024-04-04 22:31:20", "elapsed": 5428.260649, "delta": 11.256377}}
{"target": -1808.0513548208962, "params": {"gamma": 7.944551449369426, "lr": 0.7747548578846204}, "datetime": {"datetime": "2024-04-04 22:31:24", "elapsed": 5432.068604, "delta": 3.807955}}
{"target": -292.1293242609932, "params": {"gamma": 1.0018343599801556, "lr": 0.9520756521160755}, "datetime": {"datetime": "2024-04-04 22:31:33", "elapsed": 5441.809571, "delta": 9.740967}}
{"target": -211.14267028454532, "params": {"gamma": 0.35607119118866354, "lr": 0.10076790405642322}, "datetime": {"datetime": "2024-04-04 22:31:50", "elapsed": 5458.278597, "delta": 16.469026}}
{"target": -136.6981161284093, "params": {"gamma": 0.15887422839734583, "lr": 0.2998216997505892}, "datetime": {"datetime": "2024-04-04 22:32:00", "elapsed": 5468.582387, "delta": 10.30379}}
{"target": -236.93657479461766, "params": {"gamma": 0.8381716360635737, "lr": 0.8533319241177143}, "datetime": {"datetime": "2024-04-04 22:32:09", "elapsed": 5477.23999, "delta": 8.657603}}
{"target": -692.7495339707613, "params": {"gamma": 2.595344392209361, "lr": 0.9998842809462268}, "datetime": {"datetime": "2024-04-04 22:32:21", "elapsed": 5489.659949, "delta": 12.419959}}
{"target": -146.52451706213256, "params": {"gamma": 0.780687927461485, "lr": 0.39548746857766914}, "datetime": {"datetime": "2024-04-04 22:32:40", "elapsed": 5508.605424, "delta": 18.945475}}
{"target": -152.5079848934825, "params": {"gamma": 1.001911188062651, "lr": 0.3044023960235598}, "datetime": {"datetime": "2024-04-04 22:32:58", "elapsed": 5526.287621, "delta": 17.682197}}
{"target": -134.97704159152764, "params": {"gamma": 0.7665976532876113, "lr": 0.23155869141226493}, "datetime": {"datetime": "2024-04-04 22:33:06", "elapsed": 5534.324222, "delta": 8.036601}}
{"target": -141.5599200031644, "params": {"gamma": 0.6112999089634381, "lr": 0.25145199835842835}, "datetime": {"datetime": "2024-04-04 22:33:22", "elapsed": 5550.799678, "delta": 16.475456}}
{"target": -131.89612408399134, "params": {"gamma": 0.26995277160408737, "lr": 0.205183526139173}, "datetime": {"datetime": "2024-04-04 22:33:34", "elapsed": 5562.921383, "delta": 12.121705}}
{"target": -692.8136703490056, "params": {"gamma": 4.070187305458479, "lr": 0.6038654867411402}, "datetime": {"datetime": "2024-04-04 22:33:45", "elapsed": 5573.567678, "delta": 10.646295}}
{"target": -1308.368389264105, "params": {"gamma": 7.818203794294855, "lr": 0.6081558390144978}, "datetime": {"datetime": "2024-04-04 22:33:49", "elapsed": 5577.514342, "delta": 3.946664}}
{"target": -168.76444137033536, "params": {"gamma": 0.7147252829065348, "lr": 0.5359519522705476}, "datetime": {"datetime": "2024-04-04 22:33:59", "elapsed": 5587.601266, "delta": 10.086924}}
{"target": -178.0020666599313, "params": {"gamma": 0.6537446450028683, "lr": 0.6668898645356318}, "datetime": {"datetime": "2024-04-04 22:34:11", "elapsed": 5599.275603, "delta": 11.674337}}
{"target": -146.2540550981487, "params": {"gamma": 2.3971558144628973, "lr": 0.0}, "datetime": {"datetime": "2024-04-04 22:34:21", "elapsed": 5609.439083, "delta": 10.16348}}
{"target": -900.7217679180801, "params": {"gamma": 5.338041091133435, "lr": 0.6240865820671327}, "datetime": {"datetime": "2024-04-04 22:34:31", "elapsed": 5619.458774, "delta": 10.019691}}
{"target": -190.5079851890141, "params": {"gamma": 0.995613590219165, "lr": 0.4766021251280891}, "datetime": {"datetime": "2024-04-04 22:34:39", "elapsed": 5627.777483, "delta": 8.318709}}
{"target": -146.16952106670112, "params": {"gamma": 0.001, "lr": 0.5102398325288005}, "datetime": {"datetime": "2024-04-04 22:34:52", "elapsed": 5640.189835, "delta": 12.412352}}
{"target": -141.22578663952726, "params": {"gamma": 0.13536630205801486, "lr": 0.8878089329230169}, "datetime": {"datetime": "2024-04-04 22:34:58", "elapsed": 5646.489486, "delta": 6.299651}}
{"target": -362.4692415015666, "params": {"gamma": 0.8594401685113768, "lr": 0.10708102893363872}, "datetime": {"datetime": "2024-04-04 22:35:09", "elapsed": 5657.477699, "delta": 10.988213}}
{"target": -238.5700004947923, "params": {"gamma": 1.4063612060335333, "lr": 0.49599186806424833}, "datetime": {"datetime": "2024-04-04 22:35:24", "elapsed": 5671.977645, "delta": 14.499946}}
{"target": -345.2228761565706, "params": {"gamma": 1.2231151665124964, "lr": 0.9441780162901952}, "datetime": {"datetime": "2024-04-04 22:35:29", "elapsed": 5677.841597, "delta": 5.863952}}
{"target": -197.80739831336027, "params": {"gamma": 0.6344512678359006, "lr": 0.8511982772687929}, "datetime": {"datetime": "2024-04-04 22:35:52", "elapsed": 5700.626613, "delta": 22.785016}}
{"target": -435.30834929161983, "params": {"gamma": 1.4664889942866004, "lr": 1.0}, "datetime": {"datetime": "2024-04-04 22:36:10", "elapsed": 5718.090951, "delta": 17.464338}}
{"target": -141.62426824227327, "params": {"gamma": 0.49868914437496464, "lr": 0.42387333201345057}, "datetime": {"datetime": "2024-04-04 22:36:17", "elapsed": 5725.273217, "delta": 7.182266}}
{"target": -152.22657014432318, "params": {"gamma": 0.6762546930177651, "lr": 0.412770990146362}, "datetime": {"datetime": "2024-04-04 22:36:25", "elapsed": 5733.487924, "delta": 8.214707}}
{"target": -266.6486354548638, "params": {"gamma": 1.099933466967186, "lr": 0.14458581995381367}, "datetime": {"datetime": "2024-04-04 22:36:39", "elapsed": 5747.785979, "delta": 14.298055}}
{"target": -295.6164021109777, "params": {"gamma": 2.453331850749245, "lr": 0.34134209408529737}, "datetime": {"datetime": "2024-04-04 22:36:57", "elapsed": 5765.468778, "delta": 17.682799}}
{"target": -273.90630603557554, "params": {"gamma": 1.7307102007447204, "lr": 0.43158671876737364}, "datetime": {"datetime": "2024-04-04 22:37:04", "elapsed": 5772.521684, "delta": 7.052906}}
{"target": -233.2158413340112, "params": {"gamma": 0.6892593739576208, "lr": 1.0}, "datetime": {"datetime": "2024-04-04 22:37:23", "elapsed": 5791.56098, "delta": 19.039296}}
{"target": -309.6225473772643, "params": {"gamma": 2.778462496517104, "lr": 0.26673524778466223}, "datetime": {"datetime": "2024-04-04 22:37:31", "elapsed": 5799.72507, "delta": 8.16409}}
{"target": -293.77249137405323, "params": {"gamma": 3.200322375886438, "lr": 0.2323693219995957}, "datetime": {"datetime": "2024-04-04 22:37:40", "elapsed": 5808.248404, "delta": 8.523334}}
{"target": -141.29709909959348, "params": {"gamma": 0.3332152725164022, "lr": 0.6585066943038832}, "datetime": {"datetime": "2024-04-04 22:37:53", "elapsed": 5821.211808, "delta": 12.963404}}
{"target": -188.68256443898045, "params": {"gamma": 0.7290263668739831, "lr": 0.6672252856809551}, "datetime": {"datetime": "2024-04-04 22:38:05", "elapsed": 5833.877277, "delta": 12.665469}}
{"target": -143.268195511116, "params": {"gamma": 0.03883613388043831, "lr": 0.2214490957475184}, "datetime": {"datetime": "2024-04-04 22:38:27", "elapsed": 5855.727778, "delta": 21.850501}}
{"target": -184.7774718922252, "params": {"gamma": 0.5174426918153389, "lr": 0.892315086828852}, "datetime": {"datetime": "2024-04-04 22:38:36", "elapsed": 5864.732896, "delta": 9.005118}}
{"target": -413.803234685652, "params": {"gamma": 2.9909232463960684, "lr": 0.40526092112326795}, "datetime": {"datetime": "2024-04-04 22:38:52", "elapsed": 5880.715479, "delta": 15.982583}}
{"target": -335.8018612336882, "params": {"gamma": 1.9073892414004237, "lr": 0.5616499658549455}, "datetime": {"datetime": "2024-04-04 22:39:00", "elapsed": 5888.319173, "delta": 7.603694}}
{"target": -175.94626166331204, "params": {"gamma": 1.4777403923098142, "lr": 0.20667040049278623}, "datetime": {"datetime": "2024-04-04 22:39:08", "elapsed": 5896.26652, "delta": 7.947347}}
{"target": -137.13370817340532, "params": {"gamma": 0.42446262576509675, "lr": 0.27800696800394886}, "datetime": {"datetime": "2024-04-04 22:39:20", "elapsed": 5908.105384, "delta": 11.838864}}
{"target": -236.73734842174818, "params": {"gamma": 2.118346554429877, "lr": 0.32234131496776774}, "datetime": {"datetime": "2024-04-04 22:39:36", "elapsed": 5924.416019, "delta": 16.310635}}
{"target": -147.70508865639906, "params": {"gamma": 0.5192530181275974, "lr": 0.4979673591404786}, "datetime": {"datetime": "2024-04-04 22:39:48", "elapsed": 5935.956857, "delta": 11.540838}}
{"target": -300.6623883943376, "params": {"gamma": 0.96060198539128, "lr": 1.0}, "datetime": {"datetime": "2024-04-04 22:39:57", "elapsed": 5945.130478, "delta": 9.173621}}
{"target": -240.907982688953, "params": {"gamma": 2.1670190530344016, "lr": 0.2921485458606522}, "datetime": {"datetime": "2024-04-04 22:40:11", "elapsed": 5959.721552, "delta": 14.591074}}
{"target": -971.7465757478515, "params": {"gamma": 1.8463831659944345, "lr": 0.0012460610443254527}, "datetime": {"datetime": "2024-04-04 22:40:18", "elapsed": 5966.107629, "delta": 6.386077}}
{"target": -1000.8397522450708, "params": {"gamma": 1.9033815301880546, "lr": 0.0005979140960328255}, "datetime": {"datetime": "2024-04-04 22:40:25", "elapsed": 5973.833341, "delta": 7.725712}}
{"target": -394.7336570049598, "params": {"gamma": 1.8677928019035608, "lr": 0.14353161384751756}, "datetime": {"datetime": "2024-04-04 22:40:36", "elapsed": 5983.979886, "delta": 10.146545}}
{"target": -1803.474452343347, "params": {"gamma": 8.91840258862851, "lr": 0.7342648781532237}, "datetime": {"datetime": "2024-04-04 22:40:55", "elapsed": 6003.335606, "delta": 19.35572}}
{"target": -868.5783017190241, "params": {"gamma": 5.965957924174671, "lr": 0.44597033044950074}, "datetime": {"datetime": "2024-04-04 22:41:04", "elapsed": 6012.525719, "delta": 9.190113}}
{"target": -518.5634346554875, "params": {"gamma": 5.185442926855188, "lr": 0.2963075931120962}, "datetime": {"datetime": "2024-04-04 22:41:12", "elapsed": 6020.821502, "delta": 8.295783}}
{"target": -750.7965596810615, "params": {"gamma": 3.8702813618481127, "lr": 0.1576291691888605}, "datetime": {"datetime": "2024-04-04 22:41:22", "elapsed": 6029.933785, "delta": 9.112283}}
{"target": -690.8011184191371, "params": {"gamma": 1.2916355947755702, "lr": 0.003849168319629559}, "datetime": {"datetime": "2024-04-04 22:41:31", "elapsed": 6039.425389, "delta": 9.491604}}
{"target": -708.84935808802, "params": {"gamma": 3.5388350488520586, "lr": 0.7135862349327484}, "datetime": {"datetime": "2024-04-04 22:41:38", "elapsed": 6046.581586, "delta": 7.156197}}
{"target": -604.3885245677329, "params": {"gamma": 3.0199460522537205, "lr": 0.6920746713950645}, "datetime": {"datetime": "2024-04-04 22:41:50", "elapsed": 6058.259414, "delta": 11.677828}}
{"target": -437.468969722269, "params": {"gamma": 4.9913571800738845, "lr": 0.24293604975669347}, "datetime": {"datetime": "2024-04-04 22:42:07", "elapsed": 6074.988942, "delta": 16.729528}}
{"target": -626.0718885489846, "params": {"gamma": 4.314855261104399, "lr": 0.19869265515243661}, "datetime": {"datetime": "2024-04-04 22:42:27", "elapsed": 6095.866048, "delta": 20.877106}}
