{"target": -3677.3829156781026, "params": {"gamma": 9.545596648939085, "lr": 0.1324329866978663}, "datetime": {"datetime": "2024-04-04 06:04:42", "elapsed": 3306.260345, "delta": 2.857078}}
{"target": -778.6555411611729, "params": {"gamma": 3.2935392892352073, "lr": 0.25406899728384524}, "datetime": {"datetime": "2024-04-04 06:04:53", "elapsed": 3316.780909, "delta": 10.520564}}
{"target": -510.3861860876362, "params": {"gamma": 2.142554619555877, "lr": 0.6842757034487819}, "datetime": {"datetime": "2024-04-04 06:05:03", "elapsed": 3327.428227, "delta": 10.647318}}
{"target": -307.9412957154671, "params": {"gamma": 1.023385570799736, "lr": 1.0}, "datetime": {"datetime": "2024-04-04 06:05:16", "elapsed": 3340.606481, "delta": 13.178254}}
{"target": -165.0578289092137, "params": {"gamma": 0.4334026822892421, "lr": 0.35959981130560936}, "datetime": {"datetime": "2024-04-04 06:05:26", "elapsed": 3350.396055, "delta": 9.789574}}
{"target": -345.2021652252116, "params": {"gamma": 1.5142770399229422, "lr": 0.310907799674845}, "datetime": {"datetime": "2024-04-04 06:05:34", "elapsed": 3357.881793, "delta": 7.485738}}
{"target": -613.7852369347735, "params": {"gamma": 1.257148042718695, "lr": 0.0006371644960306844}, "datetime": {"datetime": "2024-04-04 06:05:48", "elapsed": 3372.073956, "delta": 14.192163}}
{"target": -144.45154350217842, "params": {"gamma": 0.24826499454242384, "lr": 0.5604967355161707}, "datetime": {"datetime": "2024-04-04 06:06:00", "elapsed": 3384.348305, "delta": 12.274349}}
{"target": -335.4657872621704, "params": {"gamma": 1.2170885345639941, "lr": 0.948093035367307}, "datetime": {"datetime": "2024-04-04 06:06:07", "elapsed": 3391.585654, "delta": 7.237349}}
{"target": -141.47394768884288, "params": {"gamma": 0.03024163688526982, "lr": 1.0}, "datetime": {"datetime": "2024-04-04 06:06:23", "elapsed": 3406.833968, "delta": 15.248314}}
{"target": -213.47080419817456, "params": {"gamma": 0.8021493841027406, "lr": 0.6065950505923889}, "datetime": {"datetime": "2024-04-04 06:06:26", "elapsed": 3409.873815, "delta": 3.039847}}
{"target": -167.0745401352164, "params": {"gamma": 0.39971445924564253, "lr": 0.9758229487135411}, "datetime": {"datetime": "2024-04-04 06:06:31", "elapsed": 3414.935568, "delta": 5.061753}}
{"target": -219.56028963999876, "params": {"gamma": 0.4657178244717963, "lr": 0.19569347986554397}, "datetime": {"datetime": "2024-04-04 06:06:38", "elapsed": 3421.729914, "delta": 6.794346}}
{"target": -716.8200039691923, "params": {"gamma": 3.645400479292729, "lr": 0.456595812272254}, "datetime": {"datetime": "2024-04-04 06:06:49", "elapsed": 3433.661187, "delta": 11.931273}}
{"target": -139.9308865598534, "params": {"gamma": 0.16516250772612667, "lr": 1.0}, "datetime": {"datetime": "2024-04-04 06:06:58", "elapsed": 3442.205133, "delta": 8.543946}}
{"target": -143.11814188576324, "params": {"gamma": 0.03188586123618174, "lr": 0.5183236449150672}, "datetime": {"datetime": "2024-04-04 06:07:04", "elapsed": 3448.44326, "delta": 6.238127}}
{"target": -149.9226670659187, "params": {"gamma": 0.23149316963623942, "lr": 0.3220402808774512}, "datetime": {"datetime": "2024-04-04 06:07:10", "elapsed": 3454.670129, "delta": 6.226869}}
{"target": -150.23566255096335, "params": {"gamma": 0.06482220438344098, "lr": 0.12744478457377795}, "datetime": {"datetime": "2024-04-04 06:07:17", "elapsed": 3460.900306, "delta": 6.230177}}
{"target": -412.92200181200667, "params": {"gamma": 1.8923603285103607, "lr": 0.5026021610212452}, "datetime": {"datetime": "2024-04-04 06:07:20", "elapsed": 3464.093929, "delta": 3.193623}}
{"target": -150.54054954108403, "params": {"gamma": 0.3472097982160414, "lr": 0.6625272839233489}, "datetime": {"datetime": "2024-04-04 06:07:32", "elapsed": 3476.01242, "delta": 11.918491}}
{"target": -728.6185765115688, "params": {"gamma": 3.4683246358783766, "lr": 0.5139110271797254}, "datetime": {"datetime": "2024-04-04 06:07:35", "elapsed": 3479.089884, "delta": 3.077464}}
{"target": -223.29867156710242, "params": {"gamma": 0.9304795727865601, "lr": 0.4695259648369474}, "datetime": {"datetime": "2024-04-04 06:07:47", "elapsed": 3491.429251, "delta": 12.339367}}
{"target": -198.48392755108028, "params": {"gamma": 0.7139951923910511, "lr": 0.5334157441451974}, "datetime": {"datetime": "2024-04-04 06:07:56", "elapsed": 3500.400479, "delta": 8.971228}}
{"target": -139.68430572093322, "params": {"gamma": 0.10405527307651583, "lr": 0.7216126296749549}, "datetime": {"datetime": "2024-04-04 06:08:03", "elapsed": 3507.016539, "delta": 6.61606}}
{"target": -141.91815237898328, "params": {"gamma": 0.14481630313891483, "lr": 0.4916769746331756}, "datetime": {"datetime": "2024-04-04 06:08:15", "elapsed": 3519.325424, "delta": 12.308885}}
{"target": -283.8752554054828, "params": {"gamma": 1.2232149214952361, "lr": 0.5466265160306716}, "datetime": {"datetime": "2024-04-04 06:08:24", "elapsed": 3528.496626, "delta": 9.171202}}
{"target": -263.6394773492624, "params": {"gamma": 0.9060172568126681, "lr": 0.9143323276270864}, "datetime": {"datetime": "2024-04-04 06:08:34", "elapsed": 3538.090759, "delta": 9.594133}}
{"target": -161.34086619115064, "params": {"gamma": 0.44531019084864965, "lr": 0.4464005328564763}, "datetime": {"datetime": "2024-04-04 06:08:42", "elapsed": 3546.204087, "delta": 8.113328}}
{"target": -142.78473501403226, "params": {"gamma": 0.09257483218936975, "lr": 0.4385192457891113}, "datetime": {"datetime": "2024-04-04 06:08:47", "elapsed": 3551.282631, "delta": 5.078544}}
{"target": -169.5905500817113, "params": {"gamma": 0.4515264785135403, "lr": 0.6710611425112742}, "datetime": {"datetime": "2024-04-04 06:08:52", "elapsed": 3555.964788, "delta": 4.682157}}
{"target": -523.5209771083797, "params": {"gamma": 2.41577927643345, "lr": 0.30453878634220755}, "datetime": {"datetime": "2024-04-04 06:09:03", "elapsed": 3567.633965, "delta": 11.669177}}
{"target": -975.2610575732828, "params": {"gamma": 4.020466908778472, "lr": 0.7629717783029158}, "datetime": {"datetime": "2024-04-04 06:09:06", "elapsed": 3570.55991, "delta": 2.925945}}
{"target": -744.4646504064707, "params": {"gamma": 3.1959173086920516, "lr": 0.6738538692546402}, "datetime": {"datetime": "2024-04-04 06:09:10", "elapsed": 3573.761943, "delta": 3.202033}}
{"target": -470.15275721132315, "params": {"gamma": 2.206281279810226, "lr": 0.5911052616421393}, "datetime": {"datetime": "2024-04-04 06:09:19", "elapsed": 3583.208268, "delta": 9.446325}}
{"target": -143.04534411837162, "params": {"gamma": 0.19676687094011847, "lr": 0.8540027142866451}, "datetime": {"datetime": "2024-04-04 06:09:25", "elapsed": 3589.161649, "delta": 5.953381}}
{"target": -1350.271553854016, "params": {"gamma": 4.944654188284951, "lr": 1.0}, "datetime": {"datetime": "2024-04-04 06:09:30", "elapsed": 3594.612815, "delta": 5.451166}}
{"target": -187.61572524928505, "params": {"gamma": 0.6422393214225496, "lr": 0.6536966716640354}, "datetime": {"datetime": "2024-04-04 06:09:37", "elapsed": 3601.207, "delta": 6.594185}}
{"target": -144.86776073702882, "params": {"gamma": 0.18603326874093634, "lr": 0.0}, "datetime": {"datetime": "2024-04-04 06:09:50", "elapsed": 3613.777434, "delta": 12.570434}}
{"target": -180.21787511882755, "params": {"gamma": 0.4904819126574236, "lr": 0.8199487552985073}, "datetime": {"datetime": "2024-04-04 06:09:58", "elapsed": 3622.606159, "delta": 8.828725}}
{"target": -227.9591171477675, "params": {"gamma": 0.685605483754024, "lr": 1.0}, "datetime": {"datetime": "2024-04-04 06:10:04", "elapsed": 3628.691277, "delta": 6.085118}}
{"target": -152.24153776008484, "params": {"gamma": 0.2972528603761279, "lr": 0.33820009979782817}, "datetime": {"datetime": "2024-04-04 06:10:08", "elapsed": 3631.904951, "delta": 3.213674}}
{"target": -1162.0569733430582, "params": {"gamma": 2.5116495574679667, "lr": 0.0902679689634086}, "datetime": {"datetime": "2024-04-04 06:10:11", "elapsed": 3634.891557, "delta": 2.986606}}
{"target": -156.43859040742083, "params": {"gamma": 0.3294232795834521, "lr": 0.9143466892347208}, "datetime": {"datetime": "2024-04-04 06:10:17", "elapsed": 3641.406166, "delta": 6.514609}}
{"target": -447.64191777151837, "params": {"gamma": 0.8798289177296371, "lr": 0.08222723987820557}, "datetime": {"datetime": "2024-04-04 06:10:27", "elapsed": 3651.607995, "delta": 10.201829}}
{"target": -140.04544106293702, "params": {"gamma": 0.07880749378421141, "lr": 0.8838990435447571}, "datetime": {"datetime": "2024-04-04 06:10:38", "elapsed": 3662.230766, "delta": 10.622771}}
{"target": -212.52345848253782, "params": {"gamma": 0.6969359782366374, "lr": 0.2720953793233829}, "datetime": {"datetime": "2024-04-04 06:10:43", "elapsed": 3667.09583, "delta": 4.865064}}
{"target": -413.20153789016376, "params": {"gamma": 1.5734129471808889, "lr": 0.8121916500945079}, "datetime": {"datetime": "2024-04-04 06:10:49", "elapsed": 3673.31288, "delta": 6.21705}}
{"target": -158.1741220264649, "params": {"gamma": 0.42529119857846104, "lr": 0.5977069900933079}, "datetime": {"datetime": "2024-04-04 06:10:57", "elapsed": 3681.442473, "delta": 8.129593}}
{"target": -257.5321409881159, "params": {"gamma": 1.0397210824873016, "lr": 0.3189851558596827}, "datetime": {"datetime": "2024-04-04 06:11:07", "elapsed": 3690.745421, "delta": 9.302948}}
{"target": -243.65581912218832, "params": {"gamma": 0.9892033809569848, "lr": 0.5305218008337002}, "datetime": {"datetime": "2024-04-04 06:11:17", "elapsed": 3700.742298, "delta": 9.996877}}
{"target": -144.02725352610346, "params": {"gamma": 0.23484379629549146, "lr": 0.7151595825991495}, "datetime": {"datetime": "2024-04-04 06:11:20", "elapsed": 3703.993062, "delta": 3.250764}}
{"target": -142.48909808454783, "params": {"gamma": 0.19344886884646745, "lr": 0.5011807472354605}, "datetime": {"datetime": "2024-04-04 06:11:27", "elapsed": 3710.783465, "delta": 6.790403}}
{"target": -144.71935437844633, "params": {"gamma": 0.001526026993077462, "lr": 0.8394354699203783}, "datetime": {"datetime": "2024-04-04 06:11:35", "elapsed": 3719.091127, "delta": 8.307662}}
{"target": -148.0123014271941, "params": {"gamma": 0.046905625201994545, "lr": 0.18162484255369715}, "datetime": {"datetime": "2024-04-04 06:11:41", "elapsed": 3725.67353, "delta": 6.582403}}
{"target": -202.07854273004014, "params": {"gamma": 0.7075097030956269, "lr": 0.3633889201681705}, "datetime": {"datetime": "2024-04-04 06:11:47", "elapsed": 3730.976005, "delta": 5.302475}}
{"target": -159.5152051704602, "params": {"gamma": 0.3948744144860159, "lr": 0.3694795066058746}, "datetime": {"datetime": "2024-04-04 06:11:52", "elapsed": 3736.247756, "delta": 5.271751}}
{"target": -176.57730693727902, "params": {"gamma": 0.5202391701763468, "lr": 0.28686355912923667}, "datetime": {"datetime": "2024-04-04 06:12:03", "elapsed": 3747.674147, "delta": 11.426391}}
{"target": -146.6102949397852, "params": {"gamma": 0.16298634008505955, "lr": 0.30500078031372446}, "datetime": {"datetime": "2024-04-04 06:12:13", "elapsed": 3757.577538, "delta": 9.903391}}
{"target": -147.73033090049336, "params": {"gamma": 0.2665425670804744, "lr": 0.38980959189160314}, "datetime": {"datetime": "2024-04-04 06:12:20", "elapsed": 3764.093831, "delta": 6.516293}}
{"target": -158.9693862870452, "params": {"gamma": 0.3963225515364712, "lr": 0.7337512956807012}, "datetime": {"datetime": "2024-04-04 06:12:27", "elapsed": 3771.088688, "delta": 6.994857}}
{"target": -224.98415358436267, "params": {"gamma": 0.8960170289745524, "lr": 0.5773688311846141}, "datetime": {"datetime": "2024-04-04 06:12:36", "elapsed": 3780.003173, "delta": 8.914485}}
{"target": -163.20394810584312, "params": {"gamma": 0.18620864173149496, "lr": 0.19631801765393375}, "datetime": {"datetime": "2024-04-04 06:12:46", "elapsed": 3790.310098, "delta": 10.306925}}
{"target": -368.44525553754585, "params": {"gamma": 1.3597163585429555, "lr": 0.9656062058573825}, "datetime": {"datetime": "2024-04-04 06:12:52", "elapsed": 3796.375131, "delta": 6.065033}}
{"target": -153.41600408807162, "params": {"gamma": 0.3750730395471613, "lr": 0.6304056509775848}, "datetime": {"datetime": "2024-04-04 06:13:00", "elapsed": 3804.010918, "delta": 7.635787}}
{"target": -285.3081110194096, "params": {"gamma": 1.309257773889634, "lr": 0.476543709251516}, "datetime": {"datetime": "2024-04-04 06:13:09", "elapsed": 3813.632136, "delta": 9.621218}}
{"target": -312.1739856071401, "params": {"gamma": 1.1317691900217137, "lr": 0.8114181998011476}, "datetime": {"datetime": "2024-04-04 06:13:20", "elapsed": 3824.001804, "delta": 10.369668}}
{"target": -182.2968471163355, "params": {"gamma": 0.6152109585660464, "lr": 0.3858148164703725}, "datetime": {"datetime": "2024-04-04 06:13:28", "elapsed": 3831.938402, "delta": 7.936598}}
{"target": -479.7726639140246, "params": {"gamma": 2.064703140686412, "lr": 0.7428183701076814}, "datetime": {"datetime": "2024-04-04 06:13:38", "elapsed": 3842.70018, "delta": 10.761778}}
{"target": -569.0893056488446, "params": {"gamma": 1.2221595426513518, "lr": 0.10844748461239351}, "datetime": {"datetime": "2024-04-04 06:13:51", "elapsed": 3854.757873, "delta": 12.057693}}
{"target": -350.11380471405744, "params": {"gamma": 1.5884286644111871, "lr": 0.591454406465064}, "datetime": {"datetime": "2024-04-04 06:13:58", "elapsed": 3861.885179, "delta": 7.127306}}
{"target": -185.11905854211045, "params": {"gamma": 0.5162174538113493, "lr": 0.8877565345430415}, "datetime": {"datetime": "2024-04-04 06:14:10", "elapsed": 3873.937744, "delta": 12.052565}}
{"target": -332.4309736308622, "params": {"gamma": 1.4321579235694875, "lr": 0.43385597613935545}, "datetime": {"datetime": "2024-04-04 06:14:29", "elapsed": 3892.897421, "delta": 18.959677}}
{"target": -210.8456876943176, "params": {"gamma": 0.7900884787298137, "lr": 0.6544913101123593}, "datetime": {"datetime": "2024-04-04 06:14:36", "elapsed": 3899.779993, "delta": 6.882572}}
{"target": -144.07468279908719, "params": {"gamma": 0.029827787507415972, "lr": 0.40577751383197824}, "datetime": {"datetime": "2024-04-04 06:14:45", "elapsed": 3908.832754, "delta": 9.052761}}
{"target": -144.67968888932455, "params": {"gamma": 0.0026498192388148874, "lr": 0.5791222305021602}, "datetime": {"datetime": "2024-04-04 06:15:03", "elapsed": 3927.374996, "delta": 18.542242}}
{"target": -140.50234161402108, "params": {"gamma": 0.07695131904802177, "lr": 0.7874132190061595}, "datetime": {"datetime": "2024-04-04 06:15:10", "elapsed": 3934.250131, "delta": 6.875135}}
{"target": -998.5685496725374, "params": {"gamma": 4.034815944777088, "lr": 0.8836363964548886}, "datetime": {"datetime": "2024-04-04 06:15:13", "elapsed": 3937.197783, "delta": 2.947652}}
{"target": -209.54480698050585, "params": {"gamma": 0.64507837293669, "lr": 0.8445803367001632}, "datetime": {"datetime": "2024-04-04 06:15:19", "elapsed": 3943.455957, "delta": 6.258174}}
{"target": -228.42615621741422, "params": {"gamma": 0.9000017742760208, "lr": 0.5219370531364099}, "datetime": {"datetime": "2024-04-04 06:15:28", "elapsed": 3952.056735, "delta": 8.600778}}
{"target": -527.179057676061, "params": {"gamma": 2.4693827692869026, "lr": 0.5153489960312481}, "datetime": {"datetime": "2024-04-04 06:15:33", "elapsed": 3957.336875, "delta": 5.28014}}
{"target": -193.60446307516673, "params": {"gamma": 0.5543498455865632, "lr": 0.9691804623744763}, "datetime": {"datetime": "2024-04-04 06:15:55", "elapsed": 3978.949801, "delta": 21.612926}}
{"target": -148.56117477283823, "params": {"gamma": 0.30212671770585514, "lr": 0.544675859720504}, "datetime": {"datetime": "2024-04-04 06:16:13", "elapsed": 3997.676932, "delta": 18.727131}}
{"target": -252.02965236805733, "params": {"gamma": 0.845190048339991, "lr": 0.8934322422561861}, "datetime": {"datetime": "2024-04-04 06:16:19", "elapsed": 4003.340636, "delta": 5.663704}}
{"target": -157.25160361732344, "params": {"gamma": 0.0825960894197611, "lr": 0.052373216607865536}, "datetime": {"datetime": "2024-04-04 06:16:34", "elapsed": 4017.797637, "delta": 14.457001}}
{"target": -140.38973419098576, "params": {"gamma": 0.11847862581434783, "lr": 0.5762999858188307}, "datetime": {"datetime": "2024-04-04 06:16:40", "elapsed": 4024.668158, "delta": 6.870521}}
{"target": -184.85070644735356, "params": {"gamma": 0.6216626048941463, "lr": 0.5247490268292582}, "datetime": {"datetime": "2024-04-04 06:16:47", "elapsed": 4031.566133, "delta": 6.897975}}
{"target": -142.76669573161658, "params": {"gamma": 0.1936869988696273, "lr": 0.915526219280663}, "datetime": {"datetime": "2024-04-04 06:16:56", "elapsed": 4040.622505, "delta": 9.056372}}
{"target": -168.71589277068767, "params": {"gamma": 0.2735930357729423, "lr": 0.2105024223239188}, "datetime": {"datetime": "2024-04-04 06:17:04", "elapsed": 4048.515347, "delta": 7.892842}}
{"target": -236.613737375596, "params": {"gamma": 0.8320624635911814, "lr": 0.27675125316010896}, "datetime": {"datetime": "2024-04-04 06:17:19", "elapsed": 4062.880683, "delta": 14.365336}}
{"target": -281.57180329947425, "params": {"gamma": 1.167352441529124, "lr": 0.4336290620430071}, "datetime": {"datetime": "2024-04-04 06:17:27", "elapsed": 4070.720148, "delta": 7.839465}}
{"target": -244.92487210072971, "params": {"gamma": 0.9670254124234559, "lr": 0.30652524152003047}, "datetime": {"datetime": "2024-04-04 06:17:36", "elapsed": 4079.80064, "delta": 9.080492}}
{"target": -627.3136092651125, "params": {"gamma": 3.1729544723595096, "lr": 0.4904733319650677}, "datetime": {"datetime": "2024-04-04 06:17:43", "elapsed": 4086.927389, "delta": 7.126749}}
{"target": -395.8032665039695, "params": {"gamma": 1.8046495442987611, "lr": 0.5108840957421239}, "datetime": {"datetime": "2024-04-04 06:17:54", "elapsed": 4097.836742, "delta": 10.909353}}
{"target": -252.4611567181803, "params": {"gamma": 0.5917992843253265, "lr": 0.18353429679055466}, "datetime": {"datetime": "2024-04-04 06:18:08", "elapsed": 4112.213826, "delta": 14.377084}}
{"target": -1710.6954179996224, "params": {"gamma": 8.075888500355312, "lr": 0.2859598908306137}, "datetime": {"datetime": "2024-04-04 06:18:11", "elapsed": 4115.645849, "delta": 3.432023}}
{"target": -263.7524402416603, "params": {"gamma": 1.121179015574537, "lr": 0.5994485679922933}, "datetime": {"datetime": "2024-04-04 06:18:28", "elapsed": 4131.903141, "delta": 16.257292}}
{"target": -394.8686683054475, "params": {"gamma": 1.82145778516913, "lr": 0.5860779441023168}, "datetime": {"datetime": "2024-04-04 06:18:35", "elapsed": 4139.613978, "delta": 7.710837}}
{"target": -548.3997273591634, "params": {"gamma": 2.5754281424803023, "lr": 0.5173568162546112}, "datetime": {"datetime": "2024-04-04 06:18:42", "elapsed": 4146.544403, "delta": 6.930425}}
{"target": -142.65505063496985, "params": {"gamma": 0.02575859790267576, "lr": 0.7405713106157261}, "datetime": {"datetime": "2024-04-04 06:19:01", "elapsed": 4165.466377, "delta": 18.921974}}
{"target": -139.22898813385152, "params": {"gamma": 0.13766083633103285, "lr": 0.7423845635174176}, "datetime": {"datetime": "2024-04-04 06:19:14", "elapsed": 4178.556304, "delta": 13.089927}}
{"target": -288.1742416226079, "params": {"gamma": 1.0082682273591683, "lr": 0.9402148778806414}, "datetime": {"datetime": "2024-04-04 06:19:32", "elapsed": 4196.550963, "delta": 17.994659}}
{"target": -158.237478053651, "params": {"gamma": 0.33894348690349, "lr": 0.9757332394507208}, "datetime": {"datetime": "2024-04-04 06:19:43", "elapsed": 4207.685736, "delta": 11.134773}}
{"target": -2171.7608304125997, "params": {"gamma": 4.708787296850173, "lr": 0.0002478479652998633}, "datetime": {"datetime": "2024-04-04 06:19:56", "elapsed": 4219.94002, "delta": 12.254284}}
{"target": -147.9021683853023, "params": {"gamma": 0.25110239465648915, "lr": 0.8969985532590313}, "datetime": {"datetime": "2024-04-04 06:20:06", "elapsed": 4230.008569, "delta": 10.068549}}
{"target": -152.1423163081383, "params": {"gamma": 0.3618270562961959, "lr": 0.4731400934981408}, "datetime": {"datetime": "2024-04-04 06:20:14", "elapsed": 4238.097103, "delta": 8.088534}}
{"target": -237.8276333481788, "params": {"gamma": 1.0229589751756125, "lr": 0.4947672513264574}, "datetime": {"datetime": "2024-04-04 06:20:23", "elapsed": 4247.650384, "delta": 9.553281}}
{"target": -196.22519176204375, "params": {"gamma": 0.6330027445226878, "lr": 0.7209347979351458}, "datetime": {"datetime": "2024-04-04 06:20:48", "elapsed": 4272.162514, "delta": 24.51213}}
{"target": -142.3488601712796, "params": {"gamma": 0.18378551817304864, "lr": 0.9631552791291139}, "datetime": {"datetime": "2024-04-04 06:20:58", "elapsed": 4281.906215, "delta": 9.743701}}
{"target": -848.5345026496195, "params": {"gamma": 3.474095089448976, "lr": 0.7799774617856392}, "datetime": {"datetime": "2024-04-04 06:21:01", "elapsed": 4285.369831, "delta": 3.463616}}
{"target": -149.48495477659722, "params": {"gamma": 0.29070073309730926, "lr": 0.7066628441239383}, "datetime": {"datetime": "2024-04-04 06:21:08", "elapsed": 4292.20039, "delta": 6.830559}}
{"target": -174.50947300146558, "params": {"gamma": 0.31171842802287486, "lr": 0.22098846226357194}, "datetime": {"datetime": "2024-04-04 06:21:17", "elapsed": 4301.063271, "delta": 8.862881}}
{"target": -357.6343069006147, "params": {"gamma": 1.369590943800965, "lr": 0.751282312417805}, "datetime": {"datetime": "2024-04-04 06:21:33", "elapsed": 4317.689915, "delta": 16.626644}}
{"target": -144.48826018222772, "params": {"gamma": 0.03296210000548229, "lr": 0.32206324763311245}, "datetime": {"datetime": "2024-04-04 06:21:40", "elapsed": 4323.838545, "delta": 6.14863}}
{"target": -226.25806390419032, "params": {"gamma": 0.8811373803491485, "lr": 0.6319139677196648}, "datetime": {"datetime": "2024-04-04 06:21:47", "elapsed": 4330.851599, "delta": 7.013054}}
{"target": -513.5102704522059, "params": {"gamma": 2.3221572588645842, "lr": 0.35422954444352617}, "datetime": {"datetime": "2024-04-04 06:22:04", "elapsed": 4348.019257, "delta": 17.167658}}
