{"target": -1123.2646903928792, "params": {"gamma": 5.336999796367143, "lr": 0.31446701118584963}, "datetime": {"datetime": "2024-04-04 05:09:36", "elapsed": 0.635595, "delta": 0.002848}}
{"target": -1915.446798285337, "params": {"gamma": 9.1078175389072, "lr": 0.36655664385123443}, "datetime": {"datetime": "2024-04-04 05:09:36", "elapsed": 0.6384, "delta": 0.002805}}
{"target": -905.36240825953, "params": {"gamma": 4.336489680404373, "lr": 0.5122926922783614}, "datetime": {"datetime": "2024-04-04 05:09:36", "elapsed": 0.641174, "delta": 0.002774}}
{"target": -4293.932405563634, "params": {"gamma": 9.388925887219763, "lr": 0.030949006271150714}, "datetime": {"datetime": "2024-04-04 05:09:36", "elapsed": 0.643952, "delta": 0.002778}}
{"target": -1781.017394519417, "params": {"gamma": 7.1690697576532605, "lr": 0.8910189542923389}, "datetime": {"datetime": "2024-04-04 05:09:36", "elapsed": 0.646732, "delta": 0.00278}}
{"target": -146.56869278043288, "params": {"gamma": 0.2738449479511707, "lr": 0.5220512472525107}, "datetime": {"datetime": "2024-04-04 05:09:36", "elapsed": 0.64946, "delta": 0.002728}}
{"target": -816.758203517593, "params": {"gamma": 3.2605721278884827, "lr": 0.8594893208655858}, "datetime": {"datetime": "2024-04-04 05:09:36", "elapsed": 0.652301, "delta": 0.002841}}
{"target": -1282.2626350747098, "params": {"gamma": 5.585606992674257, "lr": 0.6902278681627478}, "datetime": {"datetime": "2024-04-04 05:09:36", "elapsed": 0.655127, "delta": 0.002826}}
{"target": -957.3247865307552, "params": {"gamma": 4.529082146015424, "lr": 0.6283090375213571}, "datetime": {"datetime": "2024-04-04 05:09:36", "elapsed": 0.657858, "delta": 0.002731}}
{"target": -1353.361990272435, "params": {"gamma": 2.901678420022571, "lr": 0.009348577966515781}, "datetime": {"datetime": "2024-04-04 05:09:36", "elapsed": 0.660867, "delta": 0.003009}}
{"target": -1212.3514583734104, "params": {"gamma": 5.767982593935921, "lr": 0.3114442141324628}, "datetime": {"datetime": "2024-04-04 05:09:36", "elapsed": 0.663905, "delta": 0.003038}}
{"target": -1281.837785269311, "params": {"gamma": 5.1731587174127975, "lr": 0.9164058530538978}, "datetime": {"datetime": "2024-04-04 05:09:36", "elapsed": 0.666775, "delta": 0.00287}}
{"target": -1147.559646409685, "params": {"gamma": 4.265321410225459, "lr": 0.2473960366023854}, "datetime": {"datetime": "2024-04-04 05:09:36", "elapsed": 0.669554, "delta": 0.002779}}
{"target": -937.3393904888298, "params": {"gamma": 3.7135663190292654, "lr": 0.9318611166365406}, "datetime": {"datetime": "2024-04-04 05:09:36", "elapsed": 0.672374, "delta": 0.00282}}
{"target": -2291.563592368261, "params": {"gamma": 9.368746944709628, "lr": 0.8443299485657132}, "datetime": {"datetime": "2024-04-04 05:09:36", "elapsed": 0.675163, "delta": 0.002789}}
{"target": -2455.217463591109, "params": {"gamma": 9.202144936542298, "lr": 0.22790028995131695}, "datetime": {"datetime": "2024-04-04 05:09:36", "elapsed": 0.677892, "delta": 0.002729}}
{"target": -274.9001549011283, "params": {"gamma": 0.8757346133263552, "lr": 0.22730973628468876}, "datetime": {"datetime": "2024-04-04 05:09:36", "elapsed": 0.680706, "delta": 0.002814}}
{"target": -1196.0927377768865, "params": {"gamma": 3.1444517845243904, "lr": 0.17476587635631158}, "datetime": {"datetime": "2024-04-04 05:09:36", "elapsed": 0.68349, "delta": 0.002784}}
{"target": -1304.5258948436326, "params": {"gamma": 6.071334525562633, "lr": 0.41358641500116133}, "datetime": {"datetime": "2024-04-04 05:09:36", "elapsed": 0.686226, "delta": 0.002736}}
{"target": -2814.02130967244, "params": {"gamma": 8.163698766760314, "lr": 0.18513039826903066}, "datetime": {"datetime": "2024-04-04 05:09:36", "elapsed": 0.689034, "delta": 0.002808}}
{"target": -1876.7482246274114, "params": {"gamma": 7.019063421033349, "lr": 0.24035562484913886}, "datetime": {"datetime": "2024-04-04 05:09:36", "elapsed": 0.691926, "delta": 0.002892}}
{"target": -1235.729665666419, "params": {"gamma": 5.742616669319757, "lr": 0.34898759722078887}, "datetime": {"datetime": "2024-04-04 05:09:36", "elapsed": 0.694975, "delta": 0.003049}}
{"target": -211.74748004146346, "params": {"gamma": 0.5705870304288444, "lr": 0.22881367096037586}, "datetime": {"datetime": "2024-04-04 05:09:36", "elapsed": 0.697897, "delta": 0.002922}}
{"target": -1288.7269506144348, "params": {"gamma": 6.641361450992581, "lr": 0.4972500933605313}, "datetime": {"datetime": "2024-04-04 05:09:36", "elapsed": 0.700683, "delta": 0.002786}}
{"target": -1963.1382242426305, "params": {"gamma": 5.190640824752714, "lr": 0.1747201501089225}, "datetime": {"datetime": "2024-04-04 05:09:36", "elapsed": 0.703484, "delta": 0.002801}}
{"target": -1427.5244476812693, "params": {"gamma": 5.7075877996110185, "lr": 0.99675342520821}, "datetime": {"datetime": "2024-04-04 05:09:36", "elapsed": 0.706195, "delta": 0.002711}}
{"target": -1681.0588996750741, "params": {"gamma": 8.168534252807428, "lr": 0.5943726238309778}, "datetime": {"datetime": "2024-04-04 05:09:37", "elapsed": 0.708945, "delta": 0.00275}}
{"target": -2416.9083024631436, "params": {"gamma": 9.759914694240718, "lr": 0.9015625846693213}, "datetime": {"datetime": "2024-04-04 05:09:37", "elapsed": 0.71171, "delta": 0.002765}}
{"target": -2737.413317357816, "params": {"gamma": 5.956483728092853, "lr": 0.032426325314457105}, "datetime": {"datetime": "2024-04-04 05:09:37", "elapsed": 0.71443, "delta": 0.00272}}
{"target": -472.4113638131611, "params": {"gamma": 0.93667738107899, "lr": 0.06537171504222639}, "datetime": {"datetime": "2024-04-04 05:09:37", "elapsed": 0.717194, "delta": 0.002764}}
{"target": -926.6463684987687, "params": {"gamma": 4.517879753766062, "lr": 0.37543483316785775}, "datetime": {"datetime": "2024-04-04 05:09:37", "elapsed": 0.719909, "delta": 0.002715}}
{"target": -3676.3135534363405, "params": {"gamma": 9.753524992668595, "lr": 0.1679832931996149}, "datetime": {"datetime": "2024-04-04 05:09:37", "elapsed": 0.72269, "delta": 0.002781}}
{"target": -2329.1629699220157, "params": {"gamma": 9.72790313173462, "lr": 0.7674748688630131}, "datetime": {"datetime": "2024-04-04 05:09:37", "elapsed": 0.725605, "delta": 0.002915}}
{"target": -1731.9110544456305, "params": {"gamma": 8.242554158405353, "lr": 0.6326158167779973}, "datetime": {"datetime": "2024-04-04 05:09:37", "elapsed": 0.728634, "delta": 0.003029}}
{"target": -1297.5855151905748, "params": {"gamma": 6.6876589692971145, "lr": 0.47688233352119336}, "datetime": {"datetime": "2024-04-04 05:09:37", "elapsed": 0.731602, "delta": 0.002968}}
{"target": -144.1033267413238, "params": {"gamma": 0.13235043287379938, "lr": 0.3530060855418248}, "datetime": {"datetime": "2024-04-04 05:09:37", "elapsed": 0.7344, "delta": 0.002798}}
{"target": -1098.1370666828307, "params": {"gamma": 4.9212259431340915, "lr": 0.7300912110901043}, "datetime": {"datetime": "2024-04-04 05:09:37", "elapsed": 0.737173, "delta": 0.002773}}
{"target": -915.1234668369736, "params": {"gamma": 4.686814799118347, "lr": 0.4574049160894317}, "datetime": {"datetime": "2024-04-04 05:09:37", "elapsed": 0.739946, "delta": 0.002773}}
{"target": -667.3534740598955, "params": {"gamma": 1.377489746715086, "lr": 0.01088873380347899}, "datetime": {"datetime": "2024-04-04 05:09:37", "elapsed": 0.742673, "delta": 0.002727}}
{"target": -1587.8196322265599, "params": {"gamma": 7.583024326509486, "lr": 0.3199528380776784}, "datetime": {"datetime": "2024-04-04 05:09:37", "elapsed": 0.745381, "delta": 0.002708}}
{"target": -3006.3948130291283, "params": {"gamma": 9.843850118484914, "lr": 0.220234226159156}, "datetime": {"datetime": "2024-04-04 05:09:37", "elapsed": 0.748081, "delta": 0.0027}}
{"target": -712.2707764362148, "params": {"gamma": 3.387741546791315, "lr": 0.5238961356661317}, "datetime": {"datetime": "2024-04-04 05:09:37", "elapsed": 0.7508, "delta": 0.002719}}
{"target": -1462.4589828395046, "params": {"gamma": 7.549159679148268, "lr": 0.46385778390029564}, "datetime": {"datetime": "2024-04-04 05:09:37", "elapsed": 0.753537, "delta": 0.002737}}
{"target": -295.27092512848157, "params": {"gamma": 1.2491006085736511, "lr": 0.3125013784920495}, "datetime": {"datetime": "2024-04-04 05:09:37", "elapsed": 0.756236, "delta": 0.002699}}
{"target": -1160.4553939627094, "params": {"gamma": 5.045687177840246, "lr": 0.6738490080168676}, "datetime": {"datetime": "2024-04-04 05:09:37", "elapsed": 0.759156, "delta": 0.00292}}
{"target": -2970.2865484090094, "params": {"gamma": 7.70172941316461, "lr": 0.13033578095435427}, "datetime": {"datetime": "2024-04-04 05:09:37", "elapsed": 0.762173, "delta": 0.003017}}
{"target": -144.04053806466112, "params": {"gamma": 0.23012839809249527, "lr": 0.5190823222119895}, "datetime": {"datetime": "2024-04-04 05:09:37", "elapsed": 0.765036, "delta": 0.002863}}
{"target": -3709.452282870257, "params": {"gamma": 8.1000771179135, "lr": 0.012603767029876312}, "datetime": {"datetime": "2024-04-04 05:09:37", "elapsed": 0.767783, "delta": 0.002747}}
{"target": -1539.516476031101, "params": {"gamma": 6.725025976692686, "lr": 0.6868082266569918}, "datetime": {"datetime": "2024-04-04 05:09:37", "elapsed": 0.770608, "delta": 0.002825}}
{"target": -1116.594934513267, "params": {"gamma": 4.49301828911279, "lr": 0.9147886867419343}, "datetime": {"datetime": "2024-04-04 05:09:37", "elapsed": 0.773425, "delta": 0.002817}}
{"target": -2958.455086574712, "params": {"gamma": 6.443966486485173, "lr": 0.005239837651465851}, "datetime": {"datetime": "2024-04-04 05:09:37", "elapsed": 0.776128, "delta": 0.002703}}
{"target": -1198.7911884635378, "params": {"gamma": 4.844800026698242, "lr": 0.8593178060976}, "datetime": {"datetime": "2024-04-04 05:09:37", "elapsed": 0.778964, "delta": 0.002836}}
{"target": -1745.4733379209595, "params": {"gamma": 8.304165300803357, "lr": 0.6491541971124779}, "datetime": {"datetime": "2024-04-04 05:09:37", "elapsed": 0.781704, "delta": 0.00274}}
{"target": -1388.6032942584538, "params": {"gamma": 6.737310540562419, "lr": 0.5784995797892005}, "datetime": {"datetime": "2024-04-04 05:09:37", "elapsed": 0.784574, "delta": 0.00287}}
{"target": -573.6289561988245, "params": {"gamma": 2.741923631893355, "lr": 0.5605299905360588}, "datetime": {"datetime": "2024-04-04 05:09:37", "elapsed": 0.787438, "delta": 0.002864}}
{"target": -1443.0884542338338, "params": {"gamma": 6.717626118389386, "lr": 0.35242963021640883}, "datetime": {"datetime": "2024-04-04 05:09:37", "elapsed": 0.790215, "delta": 0.002777}}
{"target": -2949.410222498405, "params": {"gamma": 8.558427844172023, "lr": 0.1950374860087073}, "datetime": {"datetime": "2024-04-04 05:09:37", "elapsed": 0.793172, "delta": 0.002957}}
{"target": -1584.5209669626302, "params": {"gamma": 7.473460782508901, "lr": 0.2896027461868774}, "datetime": {"datetime": "2024-04-04 05:09:37", "elapsed": 0.796271, "delta": 0.003099}}
{"target": -1658.4358058728956, "params": {"gamma": 7.738219073154577, "lr": 0.4277373293360762}, "datetime": {"datetime": "2024-04-04 05:09:37", "elapsed": 0.799209, "delta": 0.002938}}
{"target": -1732.4420049176433, "params": {"gamma": 8.077176392712982, "lr": 0.3535348626679904}, "datetime": {"datetime": "2024-04-04 05:09:37", "elapsed": 0.801958, "delta": 0.002749}}
{"target": -533.0915866989467, "params": {"gamma": 2.137718683058182, "lr": 0.7672845084217665}, "datetime": {"datetime": "2024-04-04 05:09:37", "elapsed": 0.804828, "delta": 0.00287}}
{"target": -699.3549090008283, "params": {"gamma": 3.0871108343588807, "lr": 0.7332450677264275}, "datetime": {"datetime": "2024-04-04 05:09:37", "elapsed": 0.807633, "delta": 0.002805}}
{"target": -2277.15480743091, "params": {"gamma": 7.444987057624244, "lr": 0.22139670090820107}, "datetime": {"datetime": "2024-04-04 05:09:37", "elapsed": 0.810501, "delta": 0.002868}}
{"target": -752.8103838506164, "params": {"gamma": 2.141907256069664, "lr": 0.1989479234270667}, "datetime": {"datetime": "2024-04-04 05:09:37", "elapsed": 0.81332, "delta": 0.002819}}
{"target": -316.7194043926711, "params": {"gamma": 1.4260408593206808, "lr": 0.3770825992073341}, "datetime": {"datetime": "2024-04-04 05:09:37", "elapsed": 0.81616, "delta": 0.00284}}
{"target": -197.7827834302196, "params": {"gamma": 0.26725221903152313, "lr": 0.11092036903424063}, "datetime": {"datetime": "2024-04-04 05:09:37", "elapsed": 0.819091, "delta": 0.002931}}
{"target": -1625.2542393465853, "params": {"gamma": 6.745965673610343, "lr": 0.7997765368973863}, "datetime": {"datetime": "2024-04-04 05:09:37", "elapsed": 0.821818, "delta": 0.002727}}
{"target": -259.5997979585175, "params": {"gamma": 0.8062147417567307, "lr": 0.23170231048579204}, "datetime": {"datetime": "2024-04-04 05:09:37", "elapsed": 0.824732, "delta": 0.002914}}
{"target": -538.7599273026393, "params": {"gamma": 2.0770489923763398, "lr": 0.9173335630816306}, "datetime": {"datetime": "2024-04-04 05:09:37", "elapsed": 0.82774, "delta": 0.003008}}
{"target": -1463.4348928247487, "params": {"gamma": 7.113433866846732, "lr": 0.5538846110514143}, "datetime": {"datetime": "2024-04-04 05:09:37", "elapsed": 0.830779, "delta": 0.003039}}
{"target": -764.095079636662, "params": {"gamma": 3.0458753612182816, "lr": 0.8348540476317985}, "datetime": {"datetime": "2024-04-04 05:09:37", "elapsed": 0.83352, "delta": 0.002741}}
{"target": -1094.454354172204, "params": {"gamma": 4.353624270337571, "lr": 0.9234562151187752}, "datetime": {"datetime": "2024-04-04 05:09:37", "elapsed": 0.836363, "delta": 0.002843}}
{"target": -1368.9921858945072, "params": {"gamma": 7.0608119915549965, "lr": 0.47803130796528337}, "datetime": {"datetime": "2024-04-04 05:09:37", "elapsed": 0.839185, "delta": 0.002822}}
{"target": -346.0262378615516, "params": {"gamma": 1.2629748273898376, "lr": 0.9760435504677476}, "datetime": {"datetime": "2024-04-04 05:09:37", "elapsed": 0.841933, "delta": 0.002748}}
{"target": -507.02028477191413, "params": {"gamma": 1.5991766697905894, "lr": 0.2026021252196626}, "datetime": {"datetime": "2024-04-04 05:09:37", "elapsed": 0.844823, "delta": 0.00289}}
{"target": -931.7208719938006, "params": {"gamma": 4.312386369848549, "lr": 0.40420190577514725}, "datetime": {"datetime": "2024-04-04 05:09:37", "elapsed": 0.847664, "delta": 0.002841}}
{"target": -354.70569503161755, "params": {"gamma": 1.4683680561621768, "lr": 0.7293189193611234}, "datetime": {"datetime": "2024-04-04 05:09:37", "elapsed": 0.850448, "delta": 0.002784}}
{"target": -416.1091415630211, "params": {"gamma": 1.8882619237049822, "lr": 0.6438956443116628}, "datetime": {"datetime": "2024-04-04 05:09:37", "elapsed": 0.853202, "delta": 0.002754}}
{"target": -2307.042042155313, "params": {"gamma": 7.543305199812411, "lr": 0.21073239208332073}, "datetime": {"datetime": "2024-04-04 05:09:37", "elapsed": 0.855958, "delta": 0.002756}}
{"target": -1335.6812605692262, "params": {"gamma": 6.0099415268282925, "lr": 0.7489283752458364}, "datetime": {"datetime": "2024-04-04 05:09:37", "elapsed": 0.858866, "delta": 0.002908}}
{"target": -1316.1483180778257, "params": {"gamma": 6.382548887492715, "lr": 0.5971273029466491}, "datetime": {"datetime": "2024-04-04 05:09:37", "elapsed": 0.861891, "delta": 0.003025}}
{"target": -670.9075191778383, "params": {"gamma": 2.955527374269315, "lr": 0.7316064712415088}, "datetime": {"datetime": "2024-04-04 05:09:37", "elapsed": 0.864865, "delta": 0.002974}}
{"target": -2022.7371134876516, "params": {"gamma": 9.453139091559498, "lr": 0.42556139026154693}, "datetime": {"datetime": "2024-04-04 05:09:37", "elapsed": 0.867678, "delta": 0.002813}}
{"target": -3583.365229285453, "params": {"gamma": 7.822035986497222, "lr": 0.056141039661915304}, "datetime": {"datetime": "2024-04-04 05:09:37", "elapsed": 0.870427, "delta": 0.002749}}
{"target": -2878.9090605316674, "params": {"gamma": 8.35288075329717, "lr": 0.1922500168221477}, "datetime": {"datetime": "2024-04-04 05:09:37", "elapsed": 0.87316, "delta": 0.002733}}
{"target": -837.3981816547025, "params": {"gamma": 3.951573592030842, "lr": 0.30008104592535645}, "datetime": {"datetime": "2024-04-04 05:09:37", "elapsed": 0.875917, "delta": 0.002757}}
{"target": -242.84666216578617, "params": {"gamma": 0.8019563344166869, "lr": 0.9046310029362429}, "datetime": {"datetime": "2024-04-04 05:09:37", "elapsed": 0.878661, "delta": 0.002744}}
{"target": -776.1240015816591, "params": {"gamma": 3.702171621359829, "lr": 0.5306974384761395}, "datetime": {"datetime": "2024-04-04 05:09:37", "elapsed": 0.8814, "delta": 0.002739}}
{"target": -1912.112751073679, "params": {"gamma": 4.941668542697355, "lr": 0.13216114194293815}, "datetime": {"datetime": "2024-04-04 05:09:37", "elapsed": 0.88413, "delta": 0.00273}}
{"target": -975.8467965719844, "params": {"gamma": 2.0653341348354406, "lr": 0.07618880903232117}, "datetime": {"datetime": "2024-04-04 05:09:37", "elapsed": 0.886943, "delta": 0.002813}}
{"target": -1190.8197697773726, "params": {"gamma": 5.07970907775293, "lr": 0.2615495518329871}, "datetime": {"datetime": "2024-04-04 05:09:37", "elapsed": 0.889775, "delta": 0.002832}}
{"target": -1595.70027854105, "params": {"gamma": 3.5712590272190368, "lr": 0.10806532869723684}, "datetime": {"datetime": "2024-04-04 05:09:37", "elapsed": 0.892645, "delta": 0.00287}}
{"target": -3495.186950289559, "params": {"gamma": 7.87573084468542, "lr": 0.1065838767888011}, "datetime": {"datetime": "2024-04-04 05:09:37", "elapsed": 0.895688, "delta": 0.003043}}
{"target": -3715.206723730388, "params": {"gamma": 9.857102528308165, "lr": 0.17716116443841734}, "datetime": {"datetime": "2024-04-04 05:09:37", "elapsed": 0.898626, "delta": 0.002938}}
{"target": -2632.219308804423, "params": {"gamma": 5.724478719234059, "lr": 0.044845334589088126}, "datetime": {"datetime": "2024-04-04 05:09:37", "elapsed": 0.901421, "delta": 0.002795}}
{"target": -2713.757816474814, "params": {"gamma": 7.871375780268687, "lr": 0.18960594781829654}, "datetime": {"datetime": "2024-04-04 05:09:37", "elapsed": 0.90429, "delta": 0.002869}}
{"target": -1176.2791946103393, "params": {"gamma": 5.279511880102859, "lr": 0.7400775431590716}, "datetime": {"datetime": "2024-04-04 05:09:37", "elapsed": 0.90707, "delta": 0.00278}}
{"target": -335.1239095860202, "params": {"gamma": 1.5001649176876422, "lr": 0.5510871741869717}, "datetime": {"datetime": "2024-04-04 05:09:37", "elapsed": 0.90983, "delta": 0.00276}}
{"target": -539.873389650437, "params": {"gamma": 2.1669554660794654, "lr": 0.7591960493171447}, "datetime": {"datetime": "2024-04-04 05:09:37", "elapsed": 0.912598, "delta": 0.002768}}
{"target": -2728.5381938514993, "params": {"gamma": 7.229429020368581, "lr": 0.17654903427708302}, "datetime": {"datetime": "2024-04-04 05:09:37", "elapsed": 0.915366, "delta": 0.002768}}
{"target": -3945.141731403253, "params": {"gamma": 8.619803610113067, "lr": 0.019775099516344263}, "datetime": {"datetime": "2024-04-04 05:09:37", "elapsed": 0.918129, "delta": 0.002763}}
{"target": -1756.9430486360297, "params": {"gamma": 8.60250973723373, "lr": 0.5589038111609383}, "datetime": {"datetime": "2024-04-04 05:09:37", "elapsed": 0.920873, "delta": 0.002744}}
{"target": -978.1770631570889, "params": {"gamma": 4.032801500586387, "lr": 0.7587469310223366}, "datetime": {"datetime": "2024-04-04 05:09:37", "elapsed": 0.923648, "delta": 0.002775}}
{"target": -1787.618096167748, "params": {"gamma": 7.169573087923007, "lr": 0.9873261748084265}, "datetime": {"datetime": "2024-04-04 05:09:37", "elapsed": 0.926732, "delta": 0.003084}}
{"target": -1299.0631550241026, "params": {"gamma": 2.7815724010812146, "lr": 0.0037936724093425855}, "datetime": {"datetime": "2024-04-04 05:09:37", "elapsed": 0.929832, "delta": 0.0031}}
{"target": -2285.7648646827633, "params": {"gamma": 9.339092180540563, "lr": 0.8578971045378938}, "datetime": {"datetime": "2024-04-04 05:09:37", "elapsed": 0.932722, "delta": 0.00289}}
{"target": -1510.1168810285346, "params": {"gamma": 7.28877992431504, "lr": 0.5166887829215384}, "datetime": {"datetime": "2024-04-04 05:09:37", "elapsed": 0.935626, "delta": 0.002904}}
{"target": -1702.2901268050123, "params": {"gamma": 7.069855496242362, "lr": 0.7805295568767427}, "datetime": {"datetime": "2024-04-04 05:09:37", "elapsed": 0.938454, "delta": 0.002828}}
{"target": -911.2088079649981, "params": {"gamma": 3.749384559425057, "lr": 0.7703225253299576}, "datetime": {"datetime": "2024-04-04 05:09:37", "elapsed": 0.941236, "delta": 0.002782}}
{"target": -1585.6347397929017, "params": {"gamma": 7.506492567432579, "lr": 0.6132112115442597}, "datetime": {"datetime": "2024-04-04 05:09:37", "elapsed": 0.9441, "delta": 0.002864}}
{"target": -929.2418924610377, "params": {"gamma": 4.019257373754407, "lr": 0.6973080192643409}, "datetime": {"datetime": "2024-04-04 05:09:37", "elapsed": 0.946944, "delta": 0.002844}}
{"target": -142.37275173654135, "params": {"gamma": 0.032125465394095866, "lr": 0.7748966467245978}, "datetime": {"datetime": "2024-04-04 05:09:37", "elapsed": 0.949792, "delta": 0.002848}}
{"target": -2392.182705424913, "params": {"gamma": 8.964269607966013, "lr": 0.23931570743750463}, "datetime": {"datetime": "2024-04-04 05:09:37", "elapsed": 0.952707, "delta": 0.002915}}
{"target": -393.44834563889725, "params": {"gamma": 1.208551075907988, "lr": 0.2202839877937276}, "datetime": {"datetime": "2024-04-04 05:09:37", "elapsed": 0.955628, "delta": 0.002921}}
{"target": -755.7230328268435, "params": {"gamma": 3.021665216169693, "lr": 0.8830285085638342}, "datetime": {"datetime": "2024-04-04 05:09:37", "elapsed": 0.958623, "delta": 0.002995}}
{"target": -1157.1704821161843, "params": {"gamma": 5.432121135950708, "lr": 0.2867116496064306}, "datetime": {"datetime": "2024-04-04 05:09:37", "elapsed": 0.9617, "delta": 0.003077}}
{"target": -323.32223055494995, "params": {"gamma": 1.3844085432396722, "lr": 0.29014446310454167}, "datetime": {"datetime": "2024-04-04 05:09:37", "elapsed": 0.964658, "delta": 0.002958}}
