{"target": -815.0951299774392, "params": {"gamma": 9.609570090269909, "lr": 0.23003424949174966}, "datetime": {"datetime": "2024-04-04 22:01:24", "elapsed": 3632.063763, "delta": 12.100854}}
{"target": -877.4076198558674, "params": {"gamma": 9.524195768214131, "lr": 0.20871975319605907}, "datetime": {"datetime": "2024-04-04 22:01:33", "elapsed": 3641.636746, "delta": 9.572983}}
{"target": -175.584085936311, "params": {"gamma": 0.6343876207573624, "lr": 0.7052144577445053}, "datetime": {"datetime": "2024-04-04 22:01:52", "elapsed": 3660.328034, "delta": 18.691288}}
{"target": -220.23934937183253, "params": {"gamma": 1.1470656755808284, "lr": 0.5170880550768631}, "datetime": {"datetime": "2024-04-04 22:01:58", "elapsed": 3666.25085, "delta": 5.922816}}
{"target": -243.02963487190604, "params": {"gamma": 1.316574460549678, "lr": 0.5486848069472817}, "datetime": {"datetime": "2024-04-04 22:02:10", "elapsed": 3678.763024, "delta": 12.512174}}
{"target": -168.47753713988044, "params": {"gamma": 0.8788419703897866, "lr": 0.41944290917227056}, "datetime": {"datetime": "2024-04-04 22:02:21", "elapsed": 3689.22186, "delta": 10.458836}}
{"target": -192.8114617016922, "params": {"gamma": 1.389922564679997, "lr": 0.33973933800348544}, "datetime": {"datetime": "2024-04-04 22:02:33", "elapsed": 3701.557498, "delta": 12.335638}}
{"target": -544.7372906785401, "params": {"gamma": 2.72152156837677, "lr": 0.15616992152123013}, "datetime": {"datetime": "2024-04-04 22:02:44", "elapsed": 3712.906955, "delta": 11.349457}}
{"target": -161.78979483083964, "params": {"gamma": 0.4276981355490666, "lr": 0.7599618001117479}, "datetime": {"datetime": "2024-04-04 22:02:58", "elapsed": 3726.8437, "delta": 13.936745}}
{"target": -181.7766545534848, "params": {"gamma": 0.8021493841027406, "lr": 0.6065950505923889}, "datetime": {"datetime": "2024-04-04 22:03:02", "elapsed": 3730.056361, "delta": 3.212661}}
{"target": -434.5561346056495, "params": {"gamma": 2.1259349169475468, "lr": 0.6900181318231753}, "datetime": {"datetime": "2024-04-04 22:03:09", "elapsed": 3736.985633, "delta": 6.929272}}
{"target": -187.13568512712672, "params": {"gamma": 0.8513348774111223, "lr": 0.17296971504615544}, "datetime": {"datetime": "2024-04-04 22:03:16", "elapsed": 3744.367886, "delta": 7.382253}}
{"target": -186.67573918067546, "params": {"gamma": 1.5029557337699715, "lr": 0.31980790214990673}, "datetime": {"datetime": "2024-04-04 22:03:27", "elapsed": 3755.036117, "delta": 10.668231}}
{"target": -684.1226093049717, "params": {"gamma": 3.3861223396503686, "lr": 0.7228037179553467}, "datetime": {"datetime": "2024-04-04 22:03:33", "elapsed": 3761.37821, "delta": 6.342093}}
{"target": -329.1282063665378, "params": {"gamma": 1.544522753049571, "lr": 0.7063962262533577}, "datetime": {"datetime": "2024-04-04 22:03:40", "elapsed": 3768.099557, "delta": 6.721347}}
{"target": -151.6345694068184, "params": {"gamma": 0.840430451759829, "lr": 0.27023044348157743}, "datetime": {"datetime": "2024-04-04 22:03:52", "elapsed": 3780.36915, "delta": 12.269593}}
{"target": -218.97181254678327, "params": {"gamma": 0.7852762043446346, "lr": 0.7660012373203866}, "datetime": {"datetime": "2024-04-04 22:03:58", "elapsed": 3786.383074, "delta": 6.013924}}
{"target": -324.39272403361156, "params": {"gamma": 1.8923603285103607, "lr": 0.5026021610212452}, "datetime": {"datetime": "2024-04-04 22:04:01", "elapsed": 3789.541147, "delta": 3.158073}}
{"target": -337.8391167996866, "params": {"gamma": 2.3832716720231053, "lr": 0.40439439556803936}, "datetime": {"datetime": "2024-04-04 22:04:24", "elapsed": 3812.297456, "delta": 22.756309}}
{"target": -309.5953369125773, "params": {"gamma": 1.790369519483258, "lr": 0.51700320504921}, "datetime": {"datetime": "2024-04-04 22:04:35", "elapsed": 3823.099113, "delta": 10.801657}}
{"target": -158.65640470704557, "params": {"gamma": 0.668104379532078, "lr": 0.45750433067824126}, "datetime": {"datetime": "2024-04-04 22:04:44", "elapsed": 3832.165174, "delta": 9.066061}}
{"target": -216.96139588913456, "params": {"gamma": 0.6671009571053519, "lr": 0.9413178000429097}, "datetime": {"datetime": "2024-04-04 22:04:54", "elapsed": 3842.003786, "delta": 9.838612}}
{"target": -733.5463629342859, "params": {"gamma": 8.61441156607456, "lr": 0.24037981015516086}, "datetime": {"datetime": "2024-04-04 22:05:00", "elapsed": 3848.559683, "delta": 6.555897}}
{"target": -416.09407623365905, "params": {"gamma": 3.634800837755228, "lr": 0.3660186031256193}, "datetime": {"datetime": "2024-04-04 22:05:14", "elapsed": 3862.052875, "delta": 13.493192}}
{"target": -467.95590735983615, "params": {"gamma": 2.689073832448987, "lr": 0.6121603049919925}, "datetime": {"datetime": "2024-04-04 22:05:24", "elapsed": 3872.028912, "delta": 9.976037}}
{"target": -169.65186881128867, "params": {"gamma": 0.22001308513113838, "lr": 0.11634275119750381}, "datetime": {"datetime": "2024-04-04 22:05:32", "elapsed": 3880.743298, "delta": 8.714386}}
{"target": -839.2216269011943, "params": {"gamma": 5.8699680201377475, "lr": 0.18728129207635136}, "datetime": {"datetime": "2024-04-04 22:05:41", "elapsed": 3889.588095, "delta": 8.844797}}
{"target": -169.35961979421492, "params": {"gamma": 1.1012986991839868, "lr": 0.3919361234500996}, "datetime": {"datetime": "2024-04-04 22:05:46", "elapsed": 3894.379324, "delta": 4.791229}}
{"target": -498.5636891481855, "params": {"gamma": 5.284941887924144, "lr": 0.21678494038940477}, "datetime": {"datetime": "2024-04-04 22:05:51", "elapsed": 3899.778249, "delta": 5.398925}}
{"target": -225.18133861341497, "params": {"gamma": 1.1208907274413584, "lr": 0.5849651318860926}, "datetime": {"datetime": "2024-04-04 22:06:05", "elapsed": 3912.981032, "delta": 13.202783}}
{"target": -922.3948680863144, "params": {"gamma": 4.020466908778472, "lr": 0.7629717783029158}, "datetime": {"datetime": "2024-04-04 22:06:07", "elapsed": 3915.767132, "delta": 2.7861}}
{"target": -638.1096286679258, "params": {"gamma": 3.1959173086920516, "lr": 0.6738538692546402}, "datetime": {"datetime": "2024-04-04 22:06:10", "elapsed": 3918.918419, "delta": 3.151287}}
{"target": -245.13300334495761, "params": {"gamma": 1.9135672640372836, "lr": 0.38650977925492036}, "datetime": {"datetime": "2024-04-04 22:06:20", "elapsed": 3928.667245, "delta": 9.748826}}
{"target": -217.08406497203484, "params": {"gamma": 1.7476338409056575, "lr": 0.2782559074069254}, "datetime": {"datetime": "2024-04-04 22:06:31", "elapsed": 3939.40536, "delta": 10.738115}}
{"target": -150.6117948782242, "params": {"gamma": 0.32961332107293995, "lr": 0.7810988203680371}, "datetime": {"datetime": "2024-04-04 22:06:40", "elapsed": 3948.530958, "delta": 9.125598}}
{"target": -144.83108749028284, "params": {"gamma": 0.02480532705431616, "lr": 0.26076119253432806}, "datetime": {"datetime": "2024-04-04 22:06:52", "elapsed": 3960.070704, "delta": 11.539746}}
{"target": -162.2560071095028, "params": {"gamma": 0.6317430753828681, "lr": 0.6142506197409219}, "datetime": {"datetime": "2024-04-04 22:07:03", "elapsed": 3971.882831, "delta": 11.812127}}
{"target": -257.37483519632366, "params": {"gamma": 2.0333911639720266, "lr": 0.38618774629943553}, "datetime": {"datetime": "2024-04-04 22:07:14", "elapsed": 3982.470996, "delta": 10.588165}}
{"target": -185.01346934393735, "params": {"gamma": 0.5054673190327094, "lr": 0.9593151000279504}, "datetime": {"datetime": "2024-04-04 22:07:21", "elapsed": 3989.458912, "delta": 6.987916}}
{"target": -189.7371859419969, "params": {"gamma": 1.4100443064580412, "lr": 0.2523396026431536}, "datetime": {"datetime": "2024-04-04 22:07:28", "elapsed": 3996.785078, "delta": 7.326166}}
{"target": -1236.088291521327, "params": {"gamma": 2.5116495574679667, "lr": 0.0902679689634086}, "datetime": {"datetime": "2024-04-04 22:07:31", "elapsed": 3999.803022, "delta": 3.017944}}
{"target": -306.8526544023498, "params": {"gamma": 0.48977880434331, "lr": 0.06348846474118497}, "datetime": {"datetime": "2024-04-04 22:07:38", "elapsed": 4006.475391, "delta": 6.672369}}
{"target": -211.9761030418354, "params": {"gamma": 0.24854807545180996, "lr": 0.045400993634642894}, "datetime": {"datetime": "2024-04-04 22:07:48", "elapsed": 4016.117227, "delta": 9.641836}}
{"target": -191.30746364852774, "params": {"gamma": 0.8678859354651849, "lr": 0.5767902687012647}, "datetime": {"datetime": "2024-04-04 22:07:59", "elapsed": 4027.646756, "delta": 11.529529}}
{"target": -145.71148335802718, "params": {"gamma": 0.26427327884967483, "lr": 0.848230933760975}, "datetime": {"datetime": "2024-04-04 22:08:06", "elapsed": 4034.872556, "delta": 7.2258}}
{"target": -406.25326859356124, "params": {"gamma": 1.2323892168166204, "lr": 0.12011300201967967}, "datetime": {"datetime": "2024-04-04 22:08:13", "elapsed": 4041.326673, "delta": 6.454117}}
{"target": -151.46826656730317, "params": {"gamma": 0.4724865807311096, "lr": 0.19352946948686556}, "datetime": {"datetime": "2024-04-04 22:08:26", "elapsed": 4054.109659, "delta": 12.782986}}
{"target": -781.0237144757863, "params": {"gamma": 5.3474056690420015, "lr": 0.4811744103526875}, "datetime": {"datetime": "2024-04-04 22:08:36", "elapsed": 4064.220611, "delta": 10.110952}}
{"target": -967.0972834501612, "params": {"gamma": 9.916610219964502, "lr": 0.28890837275840503}, "datetime": {"datetime": "2024-04-04 22:08:47", "elapsed": 4075.375164, "delta": 11.154553}}
{"target": -138.5198345974244, "params": {"gamma": 0.23484379629549146, "lr": 0.7151595825991495}, "datetime": {"datetime": "2024-04-04 22:08:50", "elapsed": 4078.729205, "delta": 3.354041}}
{"target": -337.9837518652712, "params": {"gamma": 2.8885019196313104, "lr": 0.3736595129722864}, "datetime": {"datetime": "2024-04-04 22:09:01", "elapsed": 4089.140049, "delta": 10.410844}}
{"target": -147.61435129998418, "params": {"gamma": 0.47382549739963553, "lr": 0.6018226431103231}, "datetime": {"datetime": "2024-04-04 22:09:08", "elapsed": 4096.292141, "delta": 7.152092}}
{"target": -145.49651869256172, "params": {"gamma": 0.016867248369274973, "lr": 0.18199117803177878}, "datetime": {"datetime": "2024-04-04 22:09:15", "elapsed": 4103.225229, "delta": 6.933088}}
{"target": -225.10617694255635, "params": {"gamma": 1.1839042677258296, "lr": 0.1700686636452784}, "datetime": {"datetime": "2024-04-04 22:09:20", "elapsed": 4108.485751, "delta": 5.260522}}
{"target": -163.75532890706236, "params": {"gamma": 1.0462615982662846, "lr": 0.27147076941891835}, "datetime": {"datetime": "2024-04-04 22:09:25", "elapsed": 4113.561482, "delta": 5.075731}}
{"target": -138.65065780946588, "params": {"gamma": 0.5097112639130632, "lr": 0.2855259291112048}, "datetime": {"datetime": "2024-04-04 22:09:32", "elapsed": 4120.173168, "delta": 6.611686}}
{"target": -236.91682754631483, "params": {"gamma": 0.31777793466980064, "lr": 0.03957980586197374}, "datetime": {"datetime": "2024-04-04 22:09:43", "elapsed": 4131.559635, "delta": 11.386467}}
{"target": -158.9502248357251, "params": {"gamma": 0.481723353608619, "lr": 0.7317652911927253}, "datetime": {"datetime": "2024-04-04 22:09:50", "elapsed": 4138.891775, "delta": 7.33214}}
{"target": -867.9259878035589, "params": {"gamma": 3.5712843795235667, "lr": 0.8188263764022784}, "datetime": {"datetime": "2024-04-04 22:10:02", "elapsed": 4149.993873, "delta": 11.102098}}
{"target": -330.8578794727518, "params": {"gamma": 3.1748395556655122, "lr": 0.31469875710773487}, "datetime": {"datetime": "2024-04-04 22:10:10", "elapsed": 4158.718462, "delta": 8.724589}}
{"target": -433.47583220238846, "params": {"gamma": 1.5794623957460983, "lr": 0.961582032432483}, "datetime": {"datetime": "2024-04-04 22:10:21", "elapsed": 4169.169, "delta": 10.450538}}
{"target": -280.6753417201057, "params": {"gamma": 1.783999061758523, "lr": 0.4424540942301159}, "datetime": {"datetime": "2024-04-04 22:10:28", "elapsed": 4176.165076, "delta": 6.996076}}
{"target": -364.5888469607317, "params": {"gamma": 2.166134240779341, "lr": 0.52588960270673}, "datetime": {"datetime": "2024-04-04 22:10:35", "elapsed": 4183.923751, "delta": 7.758675}}
{"target": -132.77692780102427, "params": {"gamma": 0.2571049483170251, "lr": 0.39495521898899877}, "datetime": {"datetime": "2024-04-04 22:10:51", "elapsed": 4199.614621, "delta": 15.69087}}
{"target": -140.64767932853005, "params": {"gamma": 0.3809004575261518, "lr": 0.4821767019161648}, "datetime": {"datetime": "2024-04-04 22:11:08", "elapsed": 4215.966963, "delta": 16.352342}}
{"target": -390.07226990441586, "params": {"gamma": 2.2048525853737724, "lr": 0.594467677259738}, "datetime": {"datetime": "2024-04-04 22:11:20", "elapsed": 4228.520587, "delta": 12.553624}}
{"target": -283.2912554771008, "params": {"gamma": 0.9869847982789026, "lr": 0.8894126060288295}, "datetime": {"datetime": "2024-04-04 22:11:32", "elapsed": 4240.090863, "delta": 11.570276}}
{"target": -131.83697742606927, "params": {"gamma": 0.38538790287617447, "lr": 0.28910214514253363}, "datetime": {"datetime": "2024-04-04 22:11:40", "elapsed": 4248.723263, "delta": 8.6324}}
{"target": -609.5635074019908, "params": {"gamma": 4.226786432442984, "lr": 0.4312405106754962}, "datetime": {"datetime": "2024-04-04 22:11:55", "elapsed": 4263.345714, "delta": 14.622451}}
{"target": -502.88577640745035, "params": {"gamma": 4.411516365727799, "lr": 0.35136954776090845}, "datetime": {"datetime": "2024-04-04 22:12:06", "elapsed": 4274.344472, "delta": 10.998758}}
{"target": -479.4021196137916, "params": {"gamma": 4.547886247984753, "lr": 0.2677960953871884}, "datetime": {"datetime": "2024-04-04 22:12:20", "elapsed": 4288.823661, "delta": 14.479189}}
{"target": -215.2302720709111, "params": {"gamma": 0.7591109312721005, "lr": 0.16496136365165248}, "datetime": {"datetime": "2024-04-04 22:12:27", "elapsed": 4295.061355, "delta": 6.237694}}
{"target": -166.01390739930585, "params": {"gamma": 0.5396229370877432, "lr": 0.7419061829254145}, "datetime": {"datetime": "2024-04-04 22:12:36", "elapsed": 4303.974242, "delta": 8.912887}}
{"target": -139.60273032682207, "params": {"gamma": 0.10394783449596791, "lr": 0.5676409002962955}, "datetime": {"datetime": "2024-04-04 22:12:47", "elapsed": 4315.289391, "delta": 11.315149}}
{"target": -142.90887720297172, "params": {"gamma": 0.04059826800575177, "lr": 0.8968594285801033}, "datetime": {"datetime": "2024-04-04 22:13:01", "elapsed": 4328.971108, "delta": 13.681717}}
{"target": -1050.0044176323468, "params": {"gamma": 4.034815944777088, "lr": 0.8836363964548886}, "datetime": {"datetime": "2024-04-04 22:13:04", "elapsed": 4332.302172, "delta": 3.331064}}
{"target": -293.1379840547489, "params": {"gamma": 1.124825488939836, "lr": 0.8125718833056335}, "datetime": {"datetime": "2024-04-04 22:13:10", "elapsed": 4338.157813, "delta": 5.855641}}
{"target": -172.68652562474432, "params": {"gamma": 1.1790635914713443, "lr": 0.2503833271360473}, "datetime": {"datetime": "2024-04-04 22:13:18", "elapsed": 4346.33256, "delta": 8.174747}}
{"target": -209.81111239246576, "params": {"gamma": 2.091912349591434, "lr": 0.2251523527513919}, "datetime": {"datetime": "2024-04-04 22:13:24", "elapsed": 4352.667909, "delta": 6.335349}}
{"target": -150.04184566713357, "params": {"gamma": 0.958525800156567, "lr": 0.298570576008222}, "datetime": {"datetime": "2024-04-04 22:13:39", "elapsed": 4367.53602, "delta": 14.868111}}
{"target": -228.60979634928762, "params": {"gamma": 2.3498776300266897, "lr": 0.235222708835916}, "datetime": {"datetime": "2024-04-04 22:13:54", "elapsed": 4382.099232, "delta": 14.563212}}
{"target": -173.9436069874437, "params": {"gamma": 0.7237723382980276, "lr": 0.5927632133815934}, "datetime": {"datetime": "2024-04-04 22:13:59", "elapsed": 4387.828307, "delta": 5.729075}}
{"target": -143.21095630033062, "params": {"gamma": 0.41270239290117816, "lr": 0.6015188774365771}, "datetime": {"datetime": "2024-04-04 22:14:10", "elapsed": 4398.137329, "delta": 10.309022}}
{"target": -145.69669671753584, "params": {"gamma": 0.00642636008384864, "lr": 0.5907519728648236}, "datetime": {"datetime": "2024-04-04 22:14:16", "elapsed": 4404.597985, "delta": 6.460656}}
{"target": -140.2759054989273, "params": {"gamma": 0.10896648934024193, "lr": 0.7828183926422894}, "datetime": {"datetime": "2024-04-04 22:14:24", "elapsed": 4412.317478, "delta": 7.719493}}
{"target": -152.86289941179064, "params": {"gamma": 0.5943391781573131, "lr": 0.4462457528754862}, "datetime": {"datetime": "2024-04-04 22:14:33", "elapsed": 4421.785382, "delta": 9.467904}}
{"target": -163.57253148517586, "params": {"gamma": 0.6067586902297862, "lr": 0.17498521658131347}, "datetime": {"datetime": "2024-04-04 22:14:48", "elapsed": 4436.096584, "delta": 14.311202}}
{"target": -275.53425144927604, "params": {"gamma": 0.8619713091135504, "lr": 1.0}, "datetime": {"datetime": "2024-04-04 22:15:01", "elapsed": 4449.622629, "delta": 13.526045}}
{"target": -183.8257472540807, "params": {"gamma": 1.285319051499561, "lr": 0.3467778508645418}, "datetime": {"datetime": "2024-04-04 22:15:09", "elapsed": 4457.159321, "delta": 7.536692}}
{"target": -546.1271041415214, "params": {"gamma": 4.812284608414653, "lr": 0.3508944129260618}, "datetime": {"datetime": "2024-04-04 22:15:19", "elapsed": 4467.419824, "delta": 10.260503}}
{"target": -133.81398482672068, "params": {"gamma": 0.24171858919956155, "lr": 0.32950379650946454}, "datetime": {"datetime": "2024-04-04 22:15:26", "elapsed": 4474.369788, "delta": 6.949964}}
{"target": -142.51322040010768, "params": {"gamma": 0.17552815675729544, "lr": 0.8862359443457761}, "datetime": {"datetime": "2024-04-04 22:15:37", "elapsed": 4485.448983, "delta": 11.079195}}
{"target": -284.7392879727894, "params": {"gamma": 2.8488443458363255, "lr": 0.22013395912860811}, "datetime": {"datetime": "2024-04-04 22:15:54", "elapsed": 4502.002184, "delta": 16.553201}}
{"target": -792.3390176621502, "params": {"gamma": 8.075888500355312, "lr": 0.2859598908306137}, "datetime": {"datetime": "2024-04-04 22:15:57", "elapsed": 4505.435369, "delta": 3.433185}}
{"target": -189.39381757132364, "params": {"gamma": 0.9002634132798761, "lr": 0.5030351483810643}, "datetime": {"datetime": "2024-04-04 22:16:09", "elapsed": 4517.510459, "delta": 12.07509}}
{"target": -803.6958656163567, "params": {"gamma": 5.611193821727364, "lr": 0.19773417920443082}, "datetime": {"datetime": "2024-04-04 22:16:16", "elapsed": 4524.443258, "delta": 6.932799}}
{"target": -946.4001256652273, "params": {"gamma": 9.304510606965561, "lr": 0.26481174040278077}, "datetime": {"datetime": "2024-04-04 22:16:22", "elapsed": 4530.873978, "delta": 6.43072}}
{"target": -158.05569476600252, "params": {"gamma": 0.38525295147960115, "lr": 0.8035868257067256}, "datetime": {"datetime": "2024-04-04 22:16:39", "elapsed": 4547.328485, "delta": 16.454507}}
{"target": -231.14773446152734, "params": {"gamma": 1.8059435940144464, "lr": 0.3444787727213632}, "datetime": {"datetime": "2024-04-04 22:16:51", "elapsed": 4559.857071, "delta": 12.528586}}
{"target": -489.0412174542684, "params": {"gamma": 2.3345376099520476, "lr": 0.7358613668934201}, "datetime": {"datetime": "2024-04-04 22:17:07", "elapsed": 4575.179025, "delta": 15.321954}}
{"target": -134.0726868742703, "params": {"gamma": 0.24179875788802632, "lr": 0.24313385398120269}, "datetime": {"datetime": "2024-04-04 22:17:17", "elapsed": 4585.611187, "delta": 10.432162}}
{"target": -398.05003186620723, "params": {"gamma": 1.6491303919716036, "lr": 0.7918325163772225}, "datetime": {"datetime": "2024-04-04 22:17:28", "elapsed": 4596.905775, "delta": 11.294588}}
{"target": -146.15575304648684, "params": {"gamma": 0.001288657306619617, "lr": 0.4287408645375518}, "datetime": {"datetime": "2024-04-04 22:17:36", "elapsed": 4604.306232, "delta": 7.400457}}
{"target": -142.5868235685655, "params": {"gamma": 0.7017132046581993, "lr": 0.36882236573509997}, "datetime": {"datetime": "2024-04-04 22:17:44", "elapsed": 4612.642866, "delta": 8.336634}}
{"target": -157.50627147674854, "params": {"gamma": 0.5850033289064724, "lr": 0.6086700399686903}, "datetime": {"datetime": "2024-04-04 22:18:00", "elapsed": 4628.424011, "delta": 15.781145}}
{"target": -214.16208912299223, "params": {"gamma": 0.8622834360949123, "lr": 0.7329933236010997}, "datetime": {"datetime": "2024-04-04 22:18:19", "elapsed": 4647.802363, "delta": 19.378352}}
{"target": -339.27386509090167, "params": {"gamma": 3.7743101133169934, "lr": 0.24217298856260938}, "datetime": {"datetime": "2024-04-04 22:18:30", "elapsed": 4658.916738, "delta": 11.114375}}
{"target": -408.40643111891455, "params": {"gamma": 2.3822364957852487, "lr": 0.5647619582964037}, "datetime": {"datetime": "2024-04-04 22:18:38", "elapsed": 4666.9213, "delta": 8.004562}}
{"target": -367.06563672493235, "params": {"gamma": 1.3593584961719285, "lr": 0.8633928984296125}, "datetime": {"datetime": "2024-04-04 22:18:45", "elapsed": 4673.299261, "delta": 6.377961}}
{"target": -142.9814846831459, "params": {"gamma": 0.03272077446854417, "lr": 1.0}, "datetime": {"datetime": "2024-04-04 22:18:55", "elapsed": 4683.709434, "delta": 10.410173}}
{"target": -137.71959615824446, "params": {"gamma": 0.24319434966715284, "lr": 0.47979020150056617}, "datetime": {"datetime": "2024-04-04 22:19:13", "elapsed": 4701.590237, "delta": 17.880803}}
{"target": -598.7342792929667, "params": {"gamma": 4.1146789075713555, "lr": 0.18938761696375195}, "datetime": {"datetime": "2024-04-04 22:19:20", "elapsed": 4708.378132, "delta": 6.787895}}
{"target": -133.86027293455447, "params": {"gamma": 0.695533264190381, "lr": 0.21283002994832456}, "datetime": {"datetime": "2024-04-04 22:19:28", "elapsed": 4715.941172, "delta": 7.56304}}
{"target": -146.3572974729614, "params": {"gamma": 0.001, "lr": 0.10075517940341078}, "datetime": {"datetime": "2024-04-04 22:19:40", "elapsed": 4728.80405, "delta": 12.862878}}
{"target": -147.0148234117197, "params": {"gamma": 0.4649532428608933, "lr": 0.5121395175180337}, "datetime": {"datetime": "2024-04-04 22:19:54", "elapsed": 4741.988478, "delta": 13.184428}}
