{"target": -126.7161418737811, "params": {"gamma": 0.7466661384435471, "prior": 3.766026368361488, "rate": 1.235065179287484}, "datetime": {"datetime": "2024-04-12 13:57:21", "elapsed": 3.126966, "delta": 0.007939}}
{"target": -229.52465931475837, "params": {"gamma": 6.345552644202125, "prior": 4.1978064727211475, "rate": 9.909165409621975}, "datetime": {"datetime": "2024-04-12 13:57:21", "elapsed": 3.134911, "delta": 0.007945}}
{"target": -315.5984564671551, "params": {"gamma": 9.299626280909525, "prior": 1.5774367198665253, "rate": 3.9494277431054683}, "datetime": {"datetime": "2024-04-12 13:57:21", "elapsed": 3.142881, "delta": 0.00797}}
{"target": -164.29279822181266, "params": {"gamma": 4.6163355299129, "prior": 5.6533926757072575, "rate": 7.803854869369396}, "datetime": {"datetime": "2024-04-12 13:57:21", "elapsed": 3.150728, "delta": 0.007847}}
{"target": -145.07402129295306, "params": {"gamma": 4.872451896825164, "prior": 4.257936164901384, "rate": 2.6207350474886373}, "datetime": {"datetime": "2024-04-12 13:57:21", "elapsed": 3.158563, "delta": 0.007835}}
{"target": -416.99800782956964, "params": {"gamma": 9.108150584728497, "prior": 0.32048796417476116, "rate": 8.211397860291427}, "datetime": {"datetime": "2024-04-12 13:57:21", "elapsed": 3.166383, "delta": 0.00782}}
{"target": -117.1357195146912, "params": {"gamma": 1.8854955282645185, "prior": 6.888993301808218, "rate": 3.552738684007098}, "datetime": {"datetime": "2024-04-12 13:57:21", "elapsed": 3.174199, "delta": 0.007816}}
{"target": -287.8027385086598, "params": {"gamma": 9.742152066323019, "prior": 1.3154440815492576, "rate": 1.8765113562797784}, "datetime": {"datetime": "2024-04-12 13:57:21", "elapsed": 3.182056, "delta": 0.007857}}
{"target": -223.0592725555197, "params": {"gamma": 8.894535312169324, "prior": 5.875722514621456, "rate": 3.0931546002031376}, "datetime": {"datetime": "2024-04-12 13:57:21", "elapsed": 3.189934, "delta": 0.007878}}
{"target": -142.54490529594287, "params": {"gamma": 0.008643090396402046, "prior": 2.353217609390305, "rate": 1.4548909380781856}, "datetime": {"datetime": "2024-04-12 13:57:21", "elapsed": 3.197742, "delta": 0.007808}}
{"target": -122.09438023215665, "params": {"gamma": 2.035134809876536, "prior": 8.973593312359645, "rate": 8.731070688318136}, "datetime": {"datetime": "2024-04-12 13:57:21", "elapsed": 3.205651, "delta": 0.007909}}
{"target": -230.0454989801418, "params": {"gamma": 7.0031940868968645, "prior": 4.757926993906869, "rate": 8.271532887320552}, "datetime": {"datetime": "2024-04-12 13:57:21", "elapsed": 3.213609, "delta": 0.007958}}
{"target": -150.91653914533782, "params": {"gamma": 4.958768144455039, "prior": 3.698537964520562, "rate": 2.7567554245058266}, "datetime": {"datetime": "2024-04-12 13:57:21", "elapsed": 3.221534, "delta": 0.007925}}
{"target": -267.6416313810718, "params": {"gamma": 9.247483394570178, "prior": 3.931193419137293, "rate": 4.929315853439772}, "datetime": {"datetime": "2024-04-12 13:57:21", "elapsed": 3.229317, "delta": 0.007783}}
{"target": -116.79482669625168, "params": {"gamma": 2.5451265850419067, "prior": 8.861168536496827, "rate": 3.833251304596062}, "datetime": {"datetime": "2024-04-12 13:57:21", "elapsed": 3.237195, "delta": 0.007878}}
{"target": -118.51287267550882, "params": {"gamma": 2.9764495784234386, "prior": 7.2041901257280685, "rate": 1.909508561779902}, "datetime": {"datetime": "2024-04-12 13:57:21", "elapsed": 3.244919, "delta": 0.007724}}
{"target": -122.71532506494057, "params": {"gamma": 1.1828081008410374, "prior": 8.386278043913771, "rate": 7.441615077773983}, "datetime": {"datetime": "2024-04-12 13:57:21", "elapsed": 3.252805, "delta": 0.007886}}
{"target": -220.3101938651751, "params": {"gamma": 5.905614955923525, "prior": 2.5046265921522197, "rate": 6.2328482047306535}, "datetime": {"datetime": "2024-04-12 13:57:21", "elapsed": 3.260612, "delta": 0.007807}}
{"target": -161.82762680374378, "params": {"gamma": 6.383914852090989, "prior": 3.342937496712019, "rate": 0.6758259413323553}, "datetime": {"datetime": "2024-04-12 13:57:21", "elapsed": 3.268475, "delta": 0.007863}}
{"target": -272.65782664094723, "params": {"gamma": 8.805505437045703, "prior": 4.6535716376351575, "rate": 7.638963307946233}, "datetime": {"datetime": "2024-04-12 13:57:21", "elapsed": 3.276357, "delta": 0.007882}}
{"target": -120.72734810735545, "params": {"gamma": 2.539632320806454, "prior": 5.954733104448417, "rate": 4.288522808327629}, "datetime": {"datetime": "2024-04-12 13:57:21", "elapsed": 3.284219, "delta": 0.007862}}
{"target": -157.45597717024316, "params": {"gamma": 3.8216243248488464, "prior": 1.3544625000845356, "rate": 2.4434223654265494}, "datetime": {"datetime": "2024-04-12 13:57:21", "elapsed": 3.292179, "delta": 0.00796}}
{"target": -128.57816243422948, "params": {"gamma": 0.7943364880002312, "prior": 3.098297216704028, "rate": 7.417306297515323}, "datetime": {"datetime": "2024-04-12 13:57:21", "elapsed": 3.300007, "delta": 0.007828}}
{"target": -187.75090972279514, "params": {"gamma": 6.150542233985518, "prior": 6.7568698794458655, "rate": 0.08482241217079087}, "datetime": {"datetime": "2024-04-12 13:57:21", "elapsed": 3.308086, "delta": 0.008079}}
{"target": -174.34690915525312, "params": {"gamma": 6.784091345540948, "prior": 5.081488836374581, "rate": 2.309853596391308}, "datetime": {"datetime": "2024-04-12 13:57:21", "elapsed": 3.315983, "delta": 0.007897}}
{"target": -136.2333376215287, "params": {"gamma": 1.7497901933102402, "prior": 1.9313313589532155, "rate": 8.44275579074591}, "datetime": {"datetime": "2024-04-12 13:57:21", "elapsed": 3.323877, "delta": 0.007894}}
{"target": -234.66709388512618, "params": {"gamma": 9.825915303261548, "prior": 9.146022285932153, "rate": 3.4743468343077555}, "datetime": {"datetime": "2024-04-12 13:57:21", "elapsed": 3.33174, "delta": 0.007863}}
{"target": -241.06318003612404, "params": {"gamma": 7.802465572333946, "prior": 5.509900447944164, "rate": 8.16460753316182}, "datetime": {"datetime": "2024-04-12 13:57:21", "elapsed": 3.33971, "delta": 0.00797}}
{"target": -167.27638897664488, "params": {"gamma": 4.8377857849378705, "prior": 5.9405178531640965, "rate": 7.872847211795091}, "datetime": {"datetime": "2024-04-12 13:57:21", "elapsed": 3.347543, "delta": 0.007833}}
{"target": -123.52170512183703, "params": {"gamma": 1.0032461963882202, "prior": 5.416370456721353, "rate": 3.660467483349873}, "datetime": {"datetime": "2024-04-12 13:57:21", "elapsed": 3.355367, "delta": 0.007824}}
{"target": -158.7134600340976, "params": {"gamma": 6.043464129845054, "prior": 9.592144904806304, "rate": 3.9288366270246278}, "datetime": {"datetime": "2024-04-12 13:57:21", "elapsed": 3.363123, "delta": 0.007756}}
{"target": -136.7198323245848, "params": {"gamma": 3.930337006418223, "prior": 7.927306236537028, "rate": 6.451138912455179}, "datetime": {"datetime": "2024-04-12 13:57:21", "elapsed": 3.370974, "delta": 0.007851}}
{"target": -130.61738574591016, "params": {"gamma": 3.9394461945459094, "prior": 6.920654977479489, "rate": 4.040612088934736}, "datetime": {"datetime": "2024-04-12 13:57:21", "elapsed": 3.378785, "delta": 0.007811}}
{"target": -120.76962459619489, "params": {"gamma": 1.3619954293269727, "prior": 4.561368359854131, "rate": 3.3448595075800287}, "datetime": {"datetime": "2024-04-12 13:57:21", "elapsed": 3.386546, "delta": 0.007761}}
{"target": -119.68786026519888, "params": {"gamma": 2.180471331681618, "prior": 9.265170536200754, "rate": 6.896704351396498}, "datetime": {"datetime": "2024-04-12 13:57:21", "elapsed": 3.394406, "delta": 0.00786}}
{"target": -169.44986745761665, "params": {"gamma": 5.988610085343597, "prior": 7.49190897401775, "rate": 5.420168646652644}, "datetime": {"datetime": "2024-04-12 13:57:21", "elapsed": 3.402301, "delta": 0.007895}}
{"target": -199.6102157211808, "params": {"gamma": 7.005630193122407, "prior": 9.312542210573467, "rate": 8.626304328357714}, "datetime": {"datetime": "2024-04-12 13:57:21", "elapsed": 3.410277, "delta": 0.007976}}
{"target": -117.39066717123012, "params": {"gamma": 1.6752511332077065, "prior": 2.705076336846355, "rate": 0.7170311841386036}, "datetime": {"datetime": "2024-04-12 13:57:21", "elapsed": 3.418101, "delta": 0.007824}}
{"target": -335.6291602314427, "params": {"gamma": 9.786749378778312, "prior": 2.4402025767377182, "rate": 6.6063229609300596}, "datetime": {"datetime": "2024-04-12 13:57:21", "elapsed": 3.425993, "delta": 0.007892}}
{"target": -127.93018784204058, "params": {"gamma": 0.8972173585756926, "prior": 2.1866323266614858, "rate": 5.028741010800528}, "datetime": {"datetime": "2024-04-12 13:57:21", "elapsed": 3.43385, "delta": 0.007857}}
{"target": -125.31176812277673, "params": {"gamma": 1.0504317296309502, "prior": 3.9498466866777715, "rate": 5.3803392136766695}, "datetime": {"datetime": "2024-04-12 13:57:21", "elapsed": 3.441825, "delta": 0.007975}}
{"target": -133.19094043132773, "params": {"gamma": 3.3927026446661146, "prior": 5.603412090153097, "rate": 5.368146451102699}, "datetime": {"datetime": "2024-04-12 13:57:21", "elapsed": 3.449674, "delta": 0.007849}}
{"target": -140.6526941160291, "params": {"gamma": 3.906714376870321, "prior": 6.993073822700919, "rate": 6.785146057525243}, "datetime": {"datetime": "2024-04-12 13:57:21", "elapsed": 3.457705, "delta": 0.008031}}
{"target": -183.83709948430075, "params": {"gamma": 6.8733441905945245, "prior": 5.6587634621138045, "rate": 3.5814410602153455}, "datetime": {"datetime": "2024-04-12 13:57:21", "elapsed": 3.465676, "delta": 0.007971}}
{"target": -168.82601284034752, "params": {"gamma": 6.131510241334756, "prior": 9.363789039421178, "rate": 5.969288360934786}, "datetime": {"datetime": "2024-04-12 13:57:21", "elapsed": 3.473624, "delta": 0.007948}}
{"target": -299.0028853427599, "params": {"gamma": 9.795922153419893, "prior": 4.465965542047824, "rate": 7.39638001311296}, "datetime": {"datetime": "2024-04-12 13:57:21", "elapsed": 3.481493, "delta": 0.007869}}
{"target": -133.44804166051665, "params": {"gamma": 0.3770011826173517, "prior": 7.6707937261048125, "rate": 5.1832975216877974}, "datetime": {"datetime": "2024-04-12 13:57:21", "elapsed": 3.489385, "delta": 0.007892}}
{"target": -141.14599021748998, "params": {"gamma": 0.05416001307807128, "prior": 2.8442810373477254, "rate": 5.348787492965596}, "datetime": {"datetime": "2024-04-12 13:57:21", "elapsed": 3.497237, "delta": 0.007852}}
{"target": -332.6902390565484, "params": {"gamma": 7.679860819934835, "prior": 0.6256166949799984, "rate": 5.490985385061347}, "datetime": {"datetime": "2024-04-12 13:57:21", "elapsed": 3.505163, "delta": 0.007926}}
{"target": -244.0661080987465, "params": {"gamma": 8.010144563427762, "prior": 6.530872243296941, "rate": 9.314538702914113}, "datetime": {"datetime": "2024-04-12 13:57:21", "elapsed": 3.513038, "delta": 0.007875}}
{"target": -129.44975391466136, "params": {"gamma": 0.7482397187025968, "prior": 2.8403839797458077, "rate": 9.192455805057469}, "datetime": {"datetime": "2024-04-12 13:57:21", "elapsed": 3.52092, "delta": 0.007882}}
{"target": -233.3724663812048, "params": {"gamma": 7.650286477833132, "prior": 6.037429410273777, "rate": 8.329848470226867}, "datetime": {"datetime": "2024-04-12 13:57:21", "elapsed": 3.528824, "delta": 0.007904}}
{"target": -250.15754933464055, "params": {"gamma": 8.960538872258445, "prior": 9.729931493242967, "rate": 9.98520655039097}, "datetime": {"datetime": "2024-04-12 13:57:21", "elapsed": 3.536764, "delta": 0.00794}}
{"target": -121.74371278322147, "params": {"gamma": 1.3973536875073507, "prior": 0.7983662429626219, "rate": 0.7355930769468734}, "datetime": {"datetime": "2024-04-12 13:57:21", "elapsed": 3.544729, "delta": 0.007965}}
{"target": -139.14397651156074, "params": {"gamma": 0.14842316520856935, "prior": 9.721018722481467, "rate": 0.9485743976558341}, "datetime": {"datetime": "2024-04-12 13:57:21", "elapsed": 3.552711, "delta": 0.007982}}
{"target": -221.8074359374742, "params": {"gamma": 8.417526525032311, "prior": 6.883212669386226, "rate": 4.876084117661699}, "datetime": {"datetime": "2024-04-12 13:57:21", "elapsed": 3.56065, "delta": 0.007939}}
{"target": -128.07902191066324, "params": {"gamma": 3.4676021187044235, "prior": 3.6011130919633505, "rate": 2.539134984589525}, "datetime": {"datetime": "2024-04-12 13:57:21", "elapsed": 3.568607, "delta": 0.007957}}
{"target": -226.39579085085606, "params": {"gamma": 9.110268719012566, "prior": 7.283861200399203, "rate": 0.2602320020499145}, "datetime": {"datetime": "2024-04-12 13:57:21", "elapsed": 3.576763, "delta": 0.008156}}
{"target": -143.31223949342606, "params": {"gamma": 4.615751011217899, "prior": 2.884882598114433, "rate": 0.2906328955928069}, "datetime": {"datetime": "2024-04-12 13:57:21", "elapsed": 3.584895, "delta": 0.008132}}
{"target": -216.21210404991555, "params": {"gamma": 8.846934261198635, "prior": 7.732953043751355, "rate": 3.298021057363365}, "datetime": {"datetime": "2024-04-12 13:57:21", "elapsed": 3.592736, "delta": 0.007841}}
{"target": -221.8216662594836, "params": {"gamma": 7.965789316779574, "prior": 3.3139193898096666, "rate": 3.0795165557326496}, "datetime": {"datetime": "2024-04-12 13:57:21", "elapsed": 3.600692, "delta": 0.007956}}
{"target": -232.42969780505788, "params": {"gamma": 9.281162675928762, "prior": 9.771470003263916, "rate": 5.236029491864212}, "datetime": {"datetime": "2024-04-12 13:57:21", "elapsed": 3.608714, "delta": 0.008022}}
{"target": -240.71867589289616, "params": {"gamma": 9.519399740511682, "prior": 8.891165289872, "rate": 5.180807583382493}, "datetime": {"datetime": "2024-04-12 13:57:21", "elapsed": 3.616609, "delta": 0.007895}}
{"target": -129.43479930752795, "params": {"gamma": 3.728115272172759, "prior": 7.132510325364133, "rate": 4.5569786029958985}, "datetime": {"datetime": "2024-04-12 13:57:21", "elapsed": 3.624512, "delta": 0.007903}}
{"target": -173.06964140008841, "params": {"gamma": 6.052523738337006, "prior": 9.905021349210472, "rate": 7.739388583314729}, "datetime": {"datetime": "2024-04-12 13:57:21", "elapsed": 3.632429, "delta": 0.007917}}
{"target": -149.51379684776725, "params": {"gamma": 3.343429773533269, "prior": 0.9810823861415419, "rate": 1.8498709971938052}, "datetime": {"datetime": "2024-04-12 13:57:21", "elapsed": 3.64031, "delta": 0.007881}}
{"target": -191.45976701323133, "params": {"gamma": 5.2689919070424525, "prior": 4.229313939257894, "rate": 8.006795921634268}, "datetime": {"datetime": "2024-04-12 13:57:21", "elapsed": 3.648263, "delta": 0.007953}}
{"target": -359.9104200688048, "params": {"gamma": 9.332090179528631, "prior": 1.8608610047183507, "rate": 8.600807641991286}, "datetime": {"datetime": "2024-04-12 13:57:22", "elapsed": 3.656159, "delta": 0.007896}}
{"target": -232.50225140474342, "params": {"gamma": 9.57399186834036, "prior": 9.598759007812843, "rate": 0.37958801461658453}, "datetime": {"datetime": "2024-04-12 13:57:22", "elapsed": 3.66393, "delta": 0.007771}}
{"target": -131.5872193376706, "params": {"gamma": 0.576777472576129, "prior": 0.15739418988512105, "rate": 3.127498880398609}, "datetime": {"datetime": "2024-04-12 13:57:22", "elapsed": 3.671799, "delta": 0.007869}}
{"target": -130.1841520781707, "params": {"gamma": 0.5579284287083343, "prior": 3.0092386061583873, "rate": 3.5608088438258343}, "datetime": {"datetime": "2024-04-12 13:57:22", "elapsed": 3.679696, "delta": 0.007897}}
{"target": -240.80150836128607, "params": {"gamma": 9.536816507720744, "prior": 4.821814132619101, "rate": 2.783106185770882}, "datetime": {"datetime": "2024-04-12 13:57:22", "elapsed": 3.687602, "delta": 0.007906}}
{"target": -142.703661077244, "params": {"gamma": 5.030548945314497, "prior": 6.469243454026442, "rate": 1.1133454800017826}, "datetime": {"datetime": "2024-04-12 13:57:22", "elapsed": 3.695399, "delta": 0.007797}}
{"target": -215.50856495548686, "params": {"gamma": 7.580858519672953, "prior": 8.534263135744226, "rate": 8.442654345834713}, "datetime": {"datetime": "2024-04-12 13:57:22", "elapsed": 3.703247, "delta": 0.007848}}
{"target": -254.2031768037504, "params": {"gamma": 8.905177817288482, "prior": 3.8802397278820355, "rate": 4.438608178466819}, "datetime": {"datetime": "2024-04-12 13:57:22", "elapsed": 3.711076, "delta": 0.007829}}
{"target": -129.65679204631783, "params": {"gamma": 1.0167131779857155, "prior": 2.335488532069228, "rate": 9.713233372262836}, "datetime": {"datetime": "2024-04-12 13:57:22", "elapsed": 3.718921, "delta": 0.007845}}
{"target": -127.56195994197239, "params": {"gamma": 2.8469550657183857, "prior": 9.083221808185874, "rate": 8.905632311496733}, "datetime": {"datetime": "2024-04-12 13:57:22", "elapsed": 3.726772, "delta": 0.007851}}
{"target": -365.1400456020933, "params": {"gamma": 9.225122468106674, "prior": 1.645880687963868, "rate": 8.797341712870308}, "datetime": {"datetime": "2024-04-12 13:57:22", "elapsed": 3.734477, "delta": 0.007705}}
{"target": -208.1807737637263, "params": {"gamma": 6.320317509680909, "prior": 2.1852189663461443, "rate": 3.4518140318860318}, "datetime": {"datetime": "2024-04-12 13:57:22", "elapsed": 3.742308, "delta": 0.007831}}
{"target": -118.71176211287278, "params": {"gamma": 1.6000279671042428, "prior": 4.499046758716659, "rate": 0.8386657635007598}, "datetime": {"datetime": "2024-04-12 13:57:22", "elapsed": 3.750091, "delta": 0.007783}}
{"target": -132.8944811188141, "params": {"gamma": 1.654019586311918, "prior": 2.052243830020026, "rate": 6.910582388225486}, "datetime": {"datetime": "2024-04-12 13:57:22", "elapsed": 3.757939, "delta": 0.007848}}
{"target": -150.9423982528606, "params": {"gamma": 5.738454888784365, "prior": 8.745899026963649, "rate": 2.447096023126362}, "datetime": {"datetime": "2024-04-12 13:57:22", "elapsed": 3.76573, "delta": 0.007791}}
{"target": -289.4351563395823, "params": {"gamma": 6.296449959232413, "prior": 0.4408695265402466, "rate": 5.162468412309614}, "datetime": {"datetime": "2024-04-12 13:57:22", "elapsed": 3.773757, "delta": 0.008027}}
{"target": -231.42650885782672, "params": {"gamma": 8.632401590656782, "prior": 9.842852784460677, "rate": 0.09971988061382621}, "datetime": {"datetime": "2024-04-12 13:57:22", "elapsed": 3.781685, "delta": 0.007928}}
{"target": -117.66066607662461, "params": {"gamma": 2.5291619792860742, "prior": 2.316111736242501, "rate": 0.4763284046833772}, "datetime": {"datetime": "2024-04-12 13:57:22", "elapsed": 3.789715, "delta": 0.00803}}
{"target": -140.23254383617527, "params": {"gamma": 0.10271439016149476, "prior": 4.952933591217894, "rate": 0.4557759745572704}, "datetime": {"datetime": "2024-04-12 13:57:22", "elapsed": 3.797695, "delta": 0.00798}}
{"target": -118.00635795059824, "params": {"gamma": 2.784002980338173, "prior": 6.435748234178231, "rate": 2.9476257235674814}, "datetime": {"datetime": "2024-04-12 13:57:22", "elapsed": 3.805686, "delta": 0.007991}}
{"target": -120.25717837969559, "params": {"gamma": 2.6972773568893555, "prior": 5.946410570211314, "rate": 3.805960238019191}, "datetime": {"datetime": "2024-04-12 13:57:22", "elapsed": 3.813515, "delta": 0.007829}}
{"target": -213.8476919877601, "params": {"gamma": 7.025527816580048, "prior": 5.011627117373624, "rate": 6.33245944879897}, "datetime": {"datetime": "2024-04-12 13:57:22", "elapsed": 3.82155, "delta": 0.008035}}
{"target": -123.42947228612104, "params": {"gamma": 3.5345900756692927, "prior": 2.9417350669395357, "rate": 1.3329379303972684}, "datetime": {"datetime": "2024-04-12 13:57:22", "elapsed": 3.829553, "delta": 0.008003}}
{"target": -266.5938791861792, "params": {"gamma": 9.370866767604843, "prior": 8.067874875556367, "rate": 9.380347403020368}, "datetime": {"datetime": "2024-04-12 13:57:22", "elapsed": 3.837638, "delta": 0.008085}}
{"target": -121.94664891531843, "params": {"gamma": 1.8546198659533752, "prior": 9.338242051949933, "rate": 9.357596323713638}, "datetime": {"datetime": "2024-04-12 13:57:22", "elapsed": 3.845528, "delta": 0.00789}}
{"target": -141.5983432968667, "params": {"gamma": 2.8361615915229414, "prior": 2.8188790593962434, "rate": 5.514764305160052}, "datetime": {"datetime": "2024-04-12 13:57:22", "elapsed": 3.853524, "delta": 0.007996}}
{"target": -116.57128165293952, "params": {"gamma": 1.8537071044461548, "prior": 4.476800995204981, "rate": 1.8539911417309063}, "datetime": {"datetime": "2024-04-12 13:57:22", "elapsed": 3.861458, "delta": 0.007934}}
{"target": -301.33854405815055, "params": {"gamma": 9.473811803621638, "prior": 4.988864109161748, "rate": 9.639213756472554}, "datetime": {"datetime": "2024-04-12 13:57:22", "elapsed": 3.869466, "delta": 0.008008}}
{"target": -222.9489997036547, "params": {"gamma": 6.449771783449607, "prior": 4.894726153020617, "rate": 9.676984764366013}, "datetime": {"datetime": "2024-04-12 13:57:22", "elapsed": 3.877433, "delta": 0.007967}}
{"target": -122.37413007319734, "params": {"gamma": 1.4327546273059197, "prior": 6.360065759198316, "rate": 6.6192217900001395}, "datetime": {"datetime": "2024-04-12 13:57:22", "elapsed": 3.885363, "delta": 0.00793}}
{"target": -209.55879493374695, "params": {"gamma": 4.3389644317001075, "prior": 0.6876365308556791, "rate": 4.927733289059168}, "datetime": {"datetime": "2024-04-12 13:57:22", "elapsed": 3.893337, "delta": 0.007974}}
{"target": -134.9249461281, "params": {"gamma": 4.651874301237257, "prior": 8.08679342667115, "rate": 2.5673532385398095}, "datetime": {"datetime": "2024-04-12 13:57:22", "elapsed": 3.901209, "delta": 0.007872}}
{"target": -172.8010756372349, "params": {"gamma": 3.914912199479702, "prior": 2.4777048514916347, "rate": 6.864747708308469}, "datetime": {"datetime": "2024-04-12 13:57:22", "elapsed": 3.909152, "delta": 0.007943}}
{"target": -375.856461352439, "params": {"gamma": 9.898844649917818, "prior": 1.856552414995793, "rate": 8.214645955522746}, "datetime": {"datetime": "2024-04-12 13:57:22", "elapsed": 3.91714, "delta": 0.007988}}
