{"target": -950.2386834078563, "params": {"gamma": 9.996751857005567, "lr": 0.7277449221572083}, "datetime": {"datetime": "2024-03-30 19:28:38", "elapsed": 4156.531264, "delta": 13.11558}}
{"target": -419.25125197185713, "params": {"gamma": 1.1777812224831614, "lr": 0.09520929402030354}, "datetime": {"datetime": "2024-03-30 19:28:51", "elapsed": 4169.568969, "delta": 13.037705}}
{"target": -410.5333883430963, "params": {"gamma": 4.068161029184515, "lr": 0.4697163810078655}, "datetime": {"datetime": "2024-03-30 19:29:07", "elapsed": 4185.489785, "delta": 15.920816}}
{"target": -232.46475218580412, "params": {"gamma": 2.3731310814033693, "lr": 0.8631242769308762}, "datetime": {"datetime": "2024-03-30 19:29:17", "elapsed": 4195.035841, "delta": 9.546056}}
{"target": -266.97517043820085, "params": {"gamma": 1.53331550451289, "lr": 0.2425877447577175}, "datetime": {"datetime": "2024-03-30 19:29:38", "elapsed": 4216.409795, "delta": 21.373954}}
{"target": -90.80174609603858, "params": {"gamma": 0.8021493841027406, "lr": 0.6065950505923889}, "datetime": {"datetime": "2024-03-30 19:29:43", "elapsed": 4221.163058, "delta": 4.753263}}
{"target": -514.4148744090767, "params": {"gamma": 4.411621777219461, "lr": 0.30289642299417197}, "datetime": {"datetime": "2024-03-30 19:29:50", "elapsed": 4228.862446, "delta": 7.699388}}
{"target": -601.1512321465171, "params": {"gamma": 6.419027125041795, "lr": 0.5020448983455235}, "datetime": {"datetime": "2024-03-30 19:30:00", "elapsed": 4238.125589, "delta": 9.263143}}
{"target": -220.18230648564446, "params": {"gamma": 2.123587268463796, "lr": 0.4368066566446377}, "datetime": {"datetime": "2024-03-30 19:30:14", "elapsed": 4252.217137, "delta": 14.091548}}
{"target": -182.76279878983408, "params": {"gamma": 1.8963662873900395, "lr": 0.554271727675685}, "datetime": {"datetime": "2024-03-30 19:30:24", "elapsed": 4262.470946, "delta": 10.253809}}
{"target": -343.49347593651646, "params": {"gamma": 3.5289892198812387, "lr": 0.720138593471323}, "datetime": {"datetime": "2024-03-30 19:30:33", "elapsed": 4271.216788, "delta": 8.745842}}
{"target": -549.2653972464224, "params": {"gamma": 1.5881804684654117, "lr": 0.11835062282949271}, "datetime": {"datetime": "2024-03-30 19:30:41", "elapsed": 4279.781571, "delta": 8.564783}}
{"target": -351.25341604336717, "params": {"gamma": 0.9943244681177804, "lr": 0.13853684120990328}, "datetime": {"datetime": "2024-03-30 19:30:56", "elapsed": 4294.844616, "delta": 15.063045}}
{"target": -182.4003790745967, "params": {"gamma": 1.8923603285103607, "lr": 0.5026021610212452}, "datetime": {"datetime": "2024-03-30 19:31:01", "elapsed": 4299.567979, "delta": 4.723363}}
{"target": -354.033845823816, "params": {"gamma": 3.7030646334110293, "lr": 0.8355918983250883}, "datetime": {"datetime": "2024-03-30 19:31:16", "elapsed": 4314.309374, "delta": 14.741395}}
{"target": -327.15151397608855, "params": {"gamma": 3.4683246358783766, "lr": 0.5139110271797254}, "datetime": {"datetime": "2024-03-30 19:31:21", "elapsed": 4319.375841, "delta": 5.066467}}
{"target": -427.8239358815304, "params": {"gamma": 4.541889222597096, "lr": 0.8172350076229984}, "datetime": {"datetime": "2024-03-30 19:31:34", "elapsed": 4332.861444, "delta": 13.485603}}
{"target": -756.8400131841327, "params": {"gamma": 2.10648086500981, "lr": 0.005629529292237367}, "datetime": {"datetime": "2024-03-30 19:31:46", "elapsed": 4344.307107, "delta": 11.445663}}
{"target": -795.3797798988846, "params": {"gamma": 2.21457763838307, "lr": 0.06919738295607547}, "datetime": {"datetime": "2024-03-30 19:31:55", "elapsed": 4353.756283, "delta": 9.449176}}
{"target": -748.9821350352696, "params": {"gamma": 7.8450282102861415, "lr": 0.8725328118343205}, "datetime": {"datetime": "2024-03-30 19:32:10", "elapsed": 4368.869318, "delta": 15.113035}}
{"target": -391.0883007460719, "params": {"gamma": 4.144353449607074, "lr": 0.8127139941872411}, "datetime": {"datetime": "2024-03-30 19:32:24", "elapsed": 4382.387504, "delta": 13.518186}}
{"target": -564.9750902488239, "params": {"gamma": 4.873878979931078, "lr": 0.3055069668299115}, "datetime": {"datetime": "2024-03-30 19:32:36", "elapsed": 4394.346898, "delta": 11.959394}}
{"target": -600.0269710895642, "params": {"gamma": 6.5402094270067765, "lr": 1.0}, "datetime": {"datetime": "2024-03-30 19:32:47", "elapsed": 4405.452886, "delta": 11.105988}}
{"target": -800.8472588737405, "params": {"gamma": 8.575365611430133, "lr": 0.9994183017851995}, "datetime": {"datetime": "2024-03-30 19:32:54", "elapsed": 4412.203503, "delta": 6.750617}}
{"target": -356.3173829228737, "params": {"gamma": 3.783215433449309, "lr": 0.5500247134680347}, "datetime": {"datetime": "2024-03-30 19:33:00", "elapsed": 4418.95791, "delta": 6.754407}}
{"target": -425.6566077314354, "params": {"gamma": 1.8245106243135152, "lr": 0.17105639106688597}, "datetime": {"datetime": "2024-03-30 19:33:15", "elapsed": 4433.341725, "delta": 14.383815}}
{"target": -165.78809632241033, "params": {"gamma": 1.694595114816195, "lr": 0.9997826338599622}, "datetime": {"datetime": "2024-03-30 19:33:20", "elapsed": 4438.247252, "delta": 4.905527}}
{"target": -311.77999794859113, "params": {"gamma": 3.1959173086920516, "lr": 0.6738538692546402}, "datetime": {"datetime": "2024-03-30 19:33:25", "elapsed": 4443.252237, "delta": 5.004985}}
{"target": -531.1393009056995, "params": {"gamma": 3.307721848231892, "lr": 0.24658120991327404}, "datetime": {"datetime": "2024-03-30 19:33:38", "elapsed": 4456.098918, "delta": 12.846681}}
{"target": -1415.7731541189548, "params": {"gamma": 3.9502632459875477, "lr": 0.0008713663531073612}, "datetime": {"datetime": "2024-03-30 19:33:46", "elapsed": 4464.670679, "delta": 8.571761}}
{"target": -500.2121322514747, "params": {"gamma": 5.44299491358783, "lr": 1.0}, "datetime": {"datetime": "2024-03-30 19:34:00", "elapsed": 4478.123491, "delta": 13.452812}}
{"target": -258.6919859785282, "params": {"gamma": 2.32037208718934, "lr": 0.35366931762296017}, "datetime": {"datetime": "2024-03-30 19:34:14", "elapsed": 4492.427799, "delta": 14.304308}}
{"target": -388.9348871281496, "params": {"gamma": 4.218915020837798, "lr": 1.0}, "datetime": {"datetime": "2024-03-30 19:34:31", "elapsed": 4509.787786, "delta": 17.359987}}
{"target": -629.8502033764179, "params": {"gamma": 6.606259334471511, "lr": 0.7417246135639729}, "datetime": {"datetime": "2024-03-30 19:34:45", "elapsed": 4523.14675, "delta": 13.358964}}
{"target": -502.2293601466664, "params": {"gamma": 5.340122016053255, "lr": 0.6419876756783918}, "datetime": {"datetime": "2024-03-30 19:34:54", "elapsed": 4532.342929, "delta": 9.196179}}
{"target": -947.9897372552315, "params": {"gamma": 8.372560172023935, "lr": 0.33115582294105106}, "datetime": {"datetime": "2024-03-30 19:35:05", "elapsed": 4543.928239, "delta": 11.58531}}
{"target": -891.3551969585392, "params": {"gamma": 2.5116495574679667, "lr": 0.0902679689634086}, "datetime": {"datetime": "2024-03-30 19:35:11", "elapsed": 4548.982489, "delta": 5.05425}}
{"target": -322.0338490661816, "params": {"gamma": 3.1791210246557147, "lr": 0.49363559935941914}, "datetime": {"datetime": "2024-03-30 19:35:20", "elapsed": 4558.070884, "delta": 9.088395}}
{"target": -545.0739464385141, "params": {"gamma": 5.824962590068299, "lr": 0.7680787930890657}, "datetime": {"datetime": "2024-03-30 19:35:34", "elapsed": 4572.630061, "delta": 14.559177}}
{"target": -424.0200521508823, "params": {"gamma": 4.605034506552597, "lr": 1.0}, "datetime": {"datetime": "2024-03-30 19:35:48", "elapsed": 4586.181347, "delta": 13.551286}}
{"target": -698.4184072525585, "params": {"gamma": 7.395529671006661, "lr": 0.8933126050488468}, "datetime": {"datetime": "2024-03-30 19:35:55", "elapsed": 4593.163303, "delta": 6.981956}}
{"target": -604.8622834972189, "params": {"gamma": 6.456504578258528, "lr": 0.8188612665366367}, "datetime": {"datetime": "2024-03-30 19:36:03", "elapsed": 4601.806417, "delta": 8.643114}}
{"target": -196.65764074922444, "params": {"gamma": 1.9815634131020188, "lr": 0.695612362504154}, "datetime": {"datetime": "2024-03-30 19:36:21", "elapsed": 4619.896661, "delta": 18.090244}}
{"target": -325.0613773886999, "params": {"gamma": 2.674658864840474, "lr": 0.32596890279917856}, "datetime": {"datetime": "2024-03-30 19:36:35", "elapsed": 4633.07595, "delta": 13.179289}}
{"target": -144.17461355646887, "params": {"gamma": 1.694207475586554, "lr": 0.0}, "datetime": {"datetime": "2024-03-30 19:36:49", "elapsed": 4647.727476, "delta": 14.651526}}
{"target": -85.23545752652407, "params": {"gamma": 0.23484379629549146, "lr": 0.7151595825991495}, "datetime": {"datetime": "2024-03-30 19:36:54", "elapsed": 4652.964983, "delta": 5.237507}}
{"target": -265.39713040835335, "params": {"gamma": 2.752102253541315, "lr": 0.8333875109031109}, "datetime": {"datetime": "2024-03-30 19:37:10", "elapsed": 4668.083814, "delta": 15.118831}}
{"target": -780.303608317882, "params": {"gamma": 8.368250752132, "lr": 0.7518967225647666}, "datetime": {"datetime": "2024-03-30 19:37:21", "elapsed": 4679.415976, "delta": 11.332162}}
{"target": -609.8161068194444, "params": {"gamma": 1.6931674927844875, "lr": 0.04512894425381153}, "datetime": {"datetime": "2024-03-30 19:37:31", "elapsed": 4689.499583, "delta": 10.083607}}
{"target": -711.1405808123147, "params": {"gamma": 7.605540306752164, "lr": 0.9993101488614592}, "datetime": {"datetime": "2024-03-30 19:37:38", "elapsed": 4696.910874, "delta": 7.411291}}
{"target": -317.69699352175576, "params": {"gamma": 3.3637354804270663, "lr": 0.7841671328137904}, "datetime": {"datetime": "2024-03-30 19:37:47", "elapsed": 4705.738205, "delta": 8.827331}}
{"target": -220.37219956333732, "params": {"gamma": 2.3049611016305085, "lr": 0.7846294890961141}, "datetime": {"datetime": "2024-03-30 19:37:59", "elapsed": 4717.101948, "delta": 11.363743}}
{"target": -294.41694587614353, "params": {"gamma": 3.013396972495877, "lr": 0.6993000040192479}, "datetime": {"datetime": "2024-03-30 19:38:20", "elapsed": 4738.779954, "delta": 21.678006}}
{"target": -316.93516755502736, "params": {"gamma": 1.3219124370548845, "lr": 0.17195933300945654}, "datetime": {"datetime": "2024-03-30 19:38:29", "elapsed": 4747.702213, "delta": 8.922259}}
{"target": -164.62284351767, "params": {"gamma": 0.3222223664470072, "lr": 0.09976236712529774}, "datetime": {"datetime": "2024-03-30 19:38:42", "elapsed": 4760.459532, "delta": 12.757319}}
{"target": -377.00609274000203, "params": {"gamma": 3.7318129886933518, "lr": 0.4541546128178905}, "datetime": {"datetime": "2024-03-30 19:38:55", "elapsed": 4773.019468, "delta": 12.559936}}
{"target": -178.7340996249794, "params": {"gamma": 1.5580921849164735, "lr": 0.36492571726281997}, "datetime": {"datetime": "2024-03-30 19:39:13", "elapsed": 4791.279067, "delta": 18.259599}}
{"target": -535.6304533479994, "params": {"gamma": 5.7079200066459626, "lr": 0.8239976319868716}, "datetime": {"datetime": "2024-03-30 19:39:22", "elapsed": 4800.959016, "delta": 9.679949}}
{"target": -277.7531246046196, "params": {"gamma": 2.4982435781748844, "lr": 0.367342560041528}, "datetime": {"datetime": "2024-03-30 19:39:33", "elapsed": 4811.713471, "delta": 10.754455}}
{"target": -211.12332526363826, "params": {"gamma": 1.1374567694712316, "lr": 0.23696285150979746}, "datetime": {"datetime": "2024-03-30 19:39:46", "elapsed": 4824.132306, "delta": 12.418835}}
{"target": -181.1776493011371, "params": {"gamma": 1.7373799960201912, "lr": 0.4539422569730993}, "datetime": {"datetime": "2024-03-30 19:40:01", "elapsed": 4839.022857, "delta": 14.890551}}
{"target": -691.9745775496599, "params": {"gamma": 6.034283256181551, "lr": 0.30097359329817397}, "datetime": {"datetime": "2024-03-30 19:40:11", "elapsed": 4849.940022, "delta": 10.917165}}
{"target": -216.76346124261397, "params": {"gamma": 2.2349351069616437, "lr": 0.8972178252212072}, "datetime": {"datetime": "2024-03-30 19:40:29", "elapsed": 4867.919018, "delta": 17.978996}}
{"target": -233.37423327375834, "params": {"gamma": 2.2800367674880944, "lr": 0.4987524278531732}, "datetime": {"datetime": "2024-03-30 19:40:46", "elapsed": 4884.091319, "delta": 16.172301}}
{"target": -203.44695966129657, "params": {"gamma": 2.08067803091548, "lr": 0.7455624264354251}, "datetime": {"datetime": "2024-03-30 19:41:01", "elapsed": 4899.398032, "delta": 15.306713}}
{"target": -183.1049221788375, "params": {"gamma": 1.8704503140608906, "lr": 0.9044907677404186}, "datetime": {"datetime": "2024-03-30 19:41:16", "elapsed": 4914.851065, "delta": 15.453033}}
{"target": -180.0353749072905, "params": {"gamma": 1.862710577522507, "lr": 0.7549436644156354}, "datetime": {"datetime": "2024-03-30 19:41:38", "elapsed": 4936.449413, "delta": 21.598348}}
{"target": -193.04782712599092, "params": {"gamma": 1.8444866224644898, "lr": 0.40034650046738196}, "datetime": {"datetime": "2024-03-30 19:41:47", "elapsed": 4945.632874, "delta": 9.183461}}
{"target": -255.19167226781394, "params": {"gamma": 2.7432201366999154, "lr": 1.0}, "datetime": {"datetime": "2024-03-30 19:42:00", "elapsed": 4958.875491, "delta": 13.242617}}
{"target": -140.85619689132963, "params": {"gamma": 0.04413379787658284, "lr": 0.14645225512242988}, "datetime": {"datetime": "2024-03-30 19:42:21", "elapsed": 4979.931384, "delta": 21.055893}}
{"target": -136.22099817461714, "params": {"gamma": 1.3753333669574817, "lr": 0.7559347939000566}, "datetime": {"datetime": "2024-03-30 19:42:32", "elapsed": 4990.769885, "delta": 10.838501}}
{"target": -389.02105292122565, "params": {"gamma": 4.034815944777088, "lr": 0.8836363964548886}, "datetime": {"datetime": "2024-03-30 19:42:38", "elapsed": 4996.494422, "delta": 5.724537}}
{"target": -143.89877613996575, "params": {"gamma": 1.2041634213543606, "lr": 0.3649309052057327}, "datetime": {"datetime": "2024-03-30 19:42:47", "elapsed": 5005.509645, "delta": 9.015223}}
{"target": -448.49257967831574, "params": {"gamma": 4.7618609583921545, "lr": 0.6389667486348589}, "datetime": {"datetime": "2024-03-30 19:43:04", "elapsed": 5022.42491, "delta": 16.915265}}
{"target": -882.4498712276015, "params": {"gamma": 9.457564384588267, "lr": 0.9980624025457339}, "datetime": {"datetime": "2024-03-30 19:43:13", "elapsed": 5030.984211, "delta": 8.559301}}
{"target": -783.861916409612, "params": {"gamma": 8.391737409373553, "lr": 0.9999193643984008}, "datetime": {"datetime": "2024-03-30 19:43:33", "elapsed": 5051.341668, "delta": 20.357457}}
{"target": -708.1401423594184, "params": {"gamma": 7.728387590097778, "lr": 1.0}, "datetime": {"datetime": "2024-03-30 19:43:51", "elapsed": 5069.413515, "delta": 18.071847}}
{"target": -206.9158452326634, "params": {"gamma": 2.1621680284591593, "lr": 0.5167829284466791}, "datetime": {"datetime": "2024-03-30 19:43:59", "elapsed": 5077.07573, "delta": 7.662215}}
{"target": -631.675564542636, "params": {"gamma": 6.68164776477454, "lr": 0.9087079372829896}, "datetime": {"datetime": "2024-03-30 19:44:14", "elapsed": 5092.271884, "delta": 15.196154}}
{"target": -648.4100723635707, "params": {"gamma": 7.0719638346615845, "lr": 1.0}, "datetime": {"datetime": "2024-03-30 19:44:24", "elapsed": 5102.178664, "delta": 9.90678}}
{"target": -550.9217151598488, "params": {"gamma": 5.871353018712904, "lr": 0.613920404770305}, "datetime": {"datetime": "2024-03-30 19:44:34", "elapsed": 5112.651809, "delta": 10.473145}}
{"target": -143.79696946187886, "params": {"gamma": 0.001, "lr": 0.9237086336017944}, "datetime": {"datetime": "2024-03-30 19:44:46", "elapsed": 5124.81333, "delta": 12.161521}}
{"target": -390.87980031304863, "params": {"gamma": 3.1506164920743767, "lr": 0.26196419905983304}, "datetime": {"datetime": "2024-03-30 19:45:02", "elapsed": 5139.975468, "delta": 15.162138}}
{"target": -144.9805544639817, "params": {"gamma": 1.4703301145817271, "lr": 0.6035489636905583}, "datetime": {"datetime": "2024-03-30 19:45:20", "elapsed": 5158.187881, "delta": 18.212413}}
{"target": -160.7176497255111, "params": {"gamma": 1.378307174200407, "lr": 0.3515375533489954}, "datetime": {"datetime": "2024-03-30 19:45:31", "elapsed": 5169.27724, "delta": 11.089359}}
{"target": -741.1753935214566, "params": {"gamma": 7.377008853656571, "lr": 0.45867497948998814}, "datetime": {"datetime": "2024-03-30 19:45:44", "elapsed": 5182.342635, "delta": 13.065395}}
{"target": -300.24683931402967, "params": {"gamma": 2.95940125827034, "lr": 0.47396219775496323}, "datetime": {"datetime": "2024-03-30 19:45:56", "elapsed": 5194.489741, "delta": 12.147106}}
{"target": -215.4678217291116, "params": {"gamma": 1.9129265815104814, "lr": 0.38419830771423846}, "datetime": {"datetime": "2024-03-30 19:46:13", "elapsed": 5211.533629, "delta": 17.043888}}
{"target": -364.9572616289948, "params": {"gamma": 3.7798444284840107, "lr": 0.8849561247989364}, "datetime": {"datetime": "2024-03-30 19:46:33", "elapsed": 5231.537302, "delta": 20.003673}}
{"target": -201.31748262960272, "params": {"gamma": 1.5127950545675137, "lr": 0.3102524503897285}, "datetime": {"datetime": "2024-03-30 19:46:45", "elapsed": 5243.594137, "delta": 12.056835}}
{"target": -241.86113008747049, "params": {"gamma": 2.4598600331230984, "lr": 0.7008946503039252}, "datetime": {"datetime": "2024-03-30 19:47:05", "elapsed": 5263.625904, "delta": 20.031767}}
{"target": -148.13208303013045, "params": {"gamma": 1.4626047699832676, "lr": 0.6725697277392366}, "datetime": {"datetime": "2024-03-30 19:47:16", "elapsed": 5274.072701, "delta": 10.446797}}
{"target": -203.61030679818123, "params": {"gamma": 0.480471008237285, "lr": 0.06338634072024374}, "datetime": {"datetime": "2024-03-30 19:47:25", "elapsed": 5283.733044, "delta": 9.660343}}
{"target": -227.19206733720912, "params": {"gamma": 2.383959368691133, "lr": 0.5663132301754116}, "datetime": {"datetime": "2024-03-30 19:47:50", "elapsed": 5308.500792, "delta": 24.767748}}
{"target": -260.47498442960364, "params": {"gamma": 2.074942847724968, "lr": 0.3148232612945274}, "datetime": {"datetime": "2024-03-30 19:48:06", "elapsed": 5324.860764, "delta": 16.359972}}
{"target": -440.78670858811046, "params": {"gamma": 4.789486685659884, "lr": 1.0}, "datetime": {"datetime": "2024-03-30 19:48:25", "elapsed": 5343.7223, "delta": 18.861536}}
{"target": -144.17461355646887, "params": {"gamma": 0.34997018960587734, "lr": 0.0}, "datetime": {"datetime": "2024-03-30 19:48:40", "elapsed": 5358.073012, "delta": 14.350712}}
{"target": -394.24797881184304, "params": {"gamma": 2.3986999792748236, "lr": 0.2413216783570697}, "datetime": {"datetime": "2024-03-30 19:48:56", "elapsed": 5374.08884, "delta": 16.015828}}
{"target": -142.7451791013612, "params": {"gamma": 0.0051015622091300315, "lr": 0.34994194686138624}, "datetime": {"datetime": "2024-03-30 19:49:07", "elapsed": 5385.332223, "delta": 11.243383}}
{"target": -236.09107157008947, "params": {"gamma": 0.6358750567659804, "lr": 0.16154695416806897}, "datetime": {"datetime": "2024-03-30 19:49:18", "elapsed": 5396.753552, "delta": 11.421329}}
{"target": -360.67295705358464, "params": {"gamma": 3.0027348341631273, "lr": 0.3217345399729451}, "datetime": {"datetime": "2024-03-30 19:49:43", "elapsed": 5421.815716, "delta": 25.062164}}
{"target": -166.16685417639974, "params": {"gamma": 1.7019765321758282, "lr": 0.6327689765184614}, "datetime": {"datetime": "2024-03-30 19:50:18", "elapsed": 5456.465273, "delta": 34.649557}}
{"target": -144.17461355646887, "params": {"gamma": 1.2901772749286529, "lr": 0.0}, "datetime": {"datetime": "2024-03-30 19:50:34", "elapsed": 5472.093872, "delta": 15.628599}}
{"target": -176.04843225246776, "params": {"gamma": 1.8174092553328929, "lr": 0.6007745124153177}, "datetime": {"datetime": "2024-03-30 19:50:46", "elapsed": 5484.865395, "delta": 12.771523}}
{"target": -144.17461355646887, "params": {"gamma": 0.9791128048114489, "lr": 0.0}, "datetime": {"datetime": "2024-03-30 19:50:56", "elapsed": 5494.943453, "delta": 10.078058}}
{"target": -333.11487240099706, "params": {"gamma": 3.4788662829871373, "lr": 0.8556696358395484}, "datetime": {"datetime": "2024-03-30 19:51:08", "elapsed": 5506.545378, "delta": 11.601925}}
{"target": -474.43999434849394, "params": {"gamma": 4.999515173266264, "lr": 0.8906780618383525}, "datetime": {"datetime": "2024-03-30 19:51:33", "elapsed": 5531.762776, "delta": 25.217398}}
{"target": -136.37308800763995, "params": {"gamma": 0.03591523547440603, "lr": 0.2584540453897908}, "datetime": {"datetime": "2024-03-30 19:51:44", "elapsed": 5542.442053, "delta": 10.679277}}
{"target": -147.6819254708433, "params": {"gamma": 1.4830819560828652, "lr": 0.8929056369912992}, "datetime": {"datetime": "2024-03-30 19:51:54", "elapsed": 5552.335778, "delta": 9.893725}}
{"target": -274.25800863424456, "params": {"gamma": 2.8012959442352763, "lr": 0.7176183154729207}, "datetime": {"datetime": "2024-03-30 19:52:13", "elapsed": 5571.412903, "delta": 19.077125}}
{"target": -110.94205249394776, "params": {"gamma": 1.0621879433447607, "lr": 0.8486922232350704}, "datetime": {"datetime": "2024-03-30 19:52:22", "elapsed": 5580.494586, "delta": 9.081683}}
{"target": -219.2356581517393, "params": {"gamma": 1.6203018625103391, "lr": 0.2663057768077024}, "datetime": {"datetime": "2024-03-30 19:52:39", "elapsed": 5597.345377, "delta": 16.850791}}
{"target": -130.06425514561124, "params": {"gamma": 1.156393483616264, "lr": 0.4369320609776882}, "datetime": {"datetime": "2024-03-30 19:52:54", "elapsed": 5611.99805, "delta": 14.652673}}
{"target": -251.17483496481094, "params": {"gamma": 1.9877318592844535, "lr": 0.2904641049193907}, "datetime": {"datetime": "2024-03-30 19:53:23", "elapsed": 5641.842033, "delta": 29.843983}}
{"target": -290.33158545542733, "params": {"gamma": 3.056533831169327, "lr": 0.6294601662291047}, "datetime": {"datetime": "2024-03-30 19:53:34", "elapsed": 5652.829447, "delta": 10.987414}}
{"target": -209.26889900661016, "params": {"gamma": 2.23331165632794, "lr": 1.0}, "datetime": {"datetime": "2024-03-30 19:53:44", "elapsed": 5662.21274, "delta": 9.383293}}
