{"target": -706.3058968694064, "params": {"gamma": 3.0252686194946423, "lr": 0.6734665305134067}, "datetime": {"datetime": "2024-04-04 06:42:35", "elapsed": 5578.763604, "delta": 13.231682}}
{"target": -234.67150120261695, "params": {"gamma": 0.9310757818834604, "lr": 0.6547882513631768}, "datetime": {"datetime": "2024-04-04 06:42:42", "elapsed": 5585.834643, "delta": 7.071039}}
{"target": -642.3100531284059, "params": {"gamma": 3.0006099510653197, "lr": 0.3220097172463956}, "datetime": {"datetime": "2024-04-04 06:42:53", "elapsed": 5596.788647, "delta": 10.954004}}
{"target": -391.0250601389659, "params": {"gamma": 1.755533239098974, "lr": 0.6115038641364167}, "datetime": {"datetime": "2024-04-04 06:43:03", "elapsed": 5607.635448, "delta": 10.846801}}
{"target": -1080.1125452093154, "params": {"gamma": 5.2299660479351, "lr": 0.545991833872153}, "datetime": {"datetime": "2024-04-04 06:43:20", "elapsed": 5624.685457, "delta": 17.050009}}
{"target": -571.9592903598807, "params": {"gamma": 2.655085269786468, "lr": 0.3255581726102199}, "datetime": {"datetime": "2024-04-04 06:43:36", "elapsed": 5639.804029, "delta": 15.118572}}
{"target": -388.40129676612565, "params": {"gamma": 1.466437544807721, "lr": 0.8053037319680192}, "datetime": {"datetime": "2024-04-04 06:43:47", "elapsed": 5650.718335, "delta": 10.914306}}
{"target": -255.82474493026433, "params": {"gamma": 1.0775727017788306, "lr": 0.5580005036007535}, "datetime": {"datetime": "2024-04-04 06:43:57", "elapsed": 5661.216667, "delta": 10.498332}}
{"target": -795.4943730096397, "params": {"gamma": 1.6640232498287926, "lr": 0.07838381615897838}, "datetime": {"datetime": "2024-04-04 06:44:11", "elapsed": 5675.008738, "delta": 13.792071}}
{"target": -1125.1838054496784, "params": {"gamma": 3.653300034092967, "lr": 0.21329754943853196}, "datetime": {"datetime": "2024-04-04 06:44:14", "elapsed": 5678.676932, "delta": 3.668194}}
{"target": -206.32505327145012, "params": {"gamma": 0.6914411029055326, "lr": 0.7206934919199317}, "datetime": {"datetime": "2024-04-04 06:44:24", "elapsed": 5688.102846, "delta": 9.425914}}
{"target": -152.84673216611128, "params": {"gamma": 0.3634853725012878, "lr": 0.5620878310396874}, "datetime": {"datetime": "2024-04-04 06:44:34", "elapsed": 5697.760018, "delta": 9.657172}}
{"target": -174.66538495333089, "params": {"gamma": 0.4996680058868152, "lr": 0.3230566878616947}, "datetime": {"datetime": "2024-04-04 06:44:42", "elapsed": 5706.038643, "delta": 8.278625}}
{"target": -266.0653689853723, "params": {"gamma": 0.9483182734367438, "lr": 0.7774663976145308}, "datetime": {"datetime": "2024-04-04 06:44:51", "elapsed": 5715.608552, "delta": 9.569909}}
{"target": -145.6776848431647, "params": {"gamma": 0.23123028359893089, "lr": 0.8565953585699834}, "datetime": {"datetime": "2024-04-04 06:45:01", "elapsed": 5725.344026, "delta": 9.735474}}
{"target": -140.06665128062835, "params": {"gamma": 0.08155085284098604, "lr": 0.8575611722412746}, "datetime": {"datetime": "2024-04-04 06:45:21", "elapsed": 5745.561757, "delta": 20.217731}}
{"target": -142.8190541202627, "params": {"gamma": 0.23022343417360858, "lr": 0.7443691897413077}, "datetime": {"datetime": "2024-04-04 06:45:31", "elapsed": 5755.472272, "delta": 9.910515}}
{"target": -142.3345318886005, "params": {"gamma": 0.04232567894908438, "lr": 0.5901527014487677}, "datetime": {"datetime": "2024-04-04 06:45:44", "elapsed": 5768.129928, "delta": 12.657656}}
{"target": -691.2118394041868, "params": {"gamma": 1.787305245159664, "lr": 0.1739580457291544}, "datetime": {"datetime": "2024-04-04 06:45:57", "elapsed": 5781.1838, "delta": 13.053872}}
{"target": -1563.0681573889594, "params": {"gamma": 7.051313295381794, "lr": 0.7302029739795443}, "datetime": {"datetime": "2024-04-04 06:46:01", "elapsed": 5785.094421, "delta": 3.910621}}
{"target": -653.0615965915637, "params": {"gamma": 2.8184754958265605, "lr": 0.7153367231068916}, "datetime": {"datetime": "2024-04-04 06:46:21", "elapsed": 5805.599851, "delta": 20.50543}}
{"target": -538.6947516591665, "params": {"gamma": 2.340987122308871, "lr": 0.7451108776370485}, "datetime": {"datetime": "2024-04-04 06:46:25", "elapsed": 5809.007272, "delta": 3.407421}}
{"target": -141.40043595069784, "params": {"gamma": 0.15291596380481304, "lr": 0.8085477743084533}, "datetime": {"datetime": "2024-04-04 06:46:32", "elapsed": 5816.287972, "delta": 7.2807}}
{"target": -236.44816544751762, "params": {"gamma": 0.36297975998188453, "lr": 0.019192865632474836}, "datetime": {"datetime": "2024-04-04 06:46:40", "elapsed": 5824.529224, "delta": 8.241252}}
{"target": -144.43132011636933, "params": {"gamma": 0.1656486743697767, "lr": 0.36460570424330885}, "datetime": {"datetime": "2024-04-04 06:46:49", "elapsed": 5833.067488, "delta": 8.538264}}
{"target": -155.9984340356355, "params": {"gamma": 0.3255327779846281, "lr": 0.8745789562301303}, "datetime": {"datetime": "2024-04-04 06:46:58", "elapsed": 5842.127892, "delta": 9.060404}}
{"target": -1102.8968354649899, "params": {"gamma": 4.387982937046087, "lr": 0.9999644263062382}, "datetime": {"datetime": "2024-04-04 06:47:09", "elapsed": 5853.441552, "delta": 11.31366}}
{"target": -1917.2364475533022, "params": {"gamma": 8.397034782333924, "lr": 0.6680350273335731}, "datetime": {"datetime": "2024-04-04 06:47:13", "elapsed": 5857.429534, "delta": 3.987982}}
{"target": -178.78929216976434, "params": {"gamma": 0.4715288596548405, "lr": 0.9668473001434642}, "datetime": {"datetime": "2024-04-04 06:47:28", "elapsed": 5871.814521, "delta": 14.384987}}
{"target": -144.86776073702882, "params": {"gamma": 1.1671146445541647, "lr": 0.0}, "datetime": {"datetime": "2024-04-04 06:47:34", "elapsed": 5878.597065, "delta": 6.782544}}
{"target": -152.8649324667391, "params": {"gamma": 0.3079409728328049, "lr": 0.7584531924427033}, "datetime": {"datetime": "2024-04-04 06:47:50", "elapsed": 5893.947652, "delta": 15.350587}}
{"target": -149.9162356456419, "params": {"gamma": 0.26455328499977604, "lr": 0.3560520992327575}, "datetime": {"datetime": "2024-04-04 06:48:04", "elapsed": 5908.147066, "delta": 14.199414}}
{"target": -142.7692945161143, "params": {"gamma": 0.02439137811571669, "lr": 0.8407447985771604}, "datetime": {"datetime": "2024-04-04 06:48:18", "elapsed": 5921.980481, "delta": 13.833415}}
{"target": -141.1787550621862, "params": {"gamma": 0.18786876204751848, "lr": 0.5940059342306955}, "datetime": {"datetime": "2024-04-04 06:48:31", "elapsed": 5935.200411, "delta": 13.21993}}
{"target": -166.89708429806973, "params": {"gamma": 0.18099500426404674, "lr": 0.1553798882068511}, "datetime": {"datetime": "2024-04-04 06:48:55", "elapsed": 5958.863011, "delta": 23.6626}}
{"target": -151.0510727431449, "params": {"gamma": 0.2983134508031058, "lr": 0.4418073444381585}, "datetime": {"datetime": "2024-04-04 06:49:05", "elapsed": 5969.394519, "delta": 10.531508}}
{"target": -154.08406851321732, "params": {"gamma": 0.3351625960401681, "lr": 0.4440356427503753}, "datetime": {"datetime": "2024-04-04 06:49:09", "elapsed": 5973.210539, "delta": 3.81602}}
{"target": -174.34612520228052, "params": {"gamma": 0.45089127565099296, "lr": 0.8343122549898}, "datetime": {"datetime": "2024-04-04 06:49:20", "elapsed": 5984.351828, "delta": 11.141289}}
{"target": -145.0231301310971, "params": {"gamma": 0.22810152111549803, "lr": 1.0}, "datetime": {"datetime": "2024-04-04 06:49:31", "elapsed": 5995.294944, "delta": 10.943116}}
{"target": -230.7924903440464, "params": {"gamma": 0.6686705834567747, "lr": 0.227091865859817}, "datetime": {"datetime": "2024-04-04 06:49:48", "elapsed": 6012.156222, "delta": 16.861278}}
{"target": -187.32647959483776, "params": {"gamma": 0.5391665208130084, "lr": 0.25403235027773097}, "datetime": {"datetime": "2024-04-04 06:50:01", "elapsed": 6024.907118, "delta": 12.750896}}
{"target": -140.38033355592216, "params": {"gamma": 0.06745577603196591, "lr": 0.9728032489986267}, "datetime": {"datetime": "2024-04-04 06:50:08", "elapsed": 6032.52007, "delta": 7.612952}}
{"target": -184.91598513143109, "params": {"gamma": 0.2224161883453162, "lr": 0.0914156950547792}, "datetime": {"datetime": "2024-04-04 06:50:12", "elapsed": 6036.701007, "delta": 4.180937}}
{"target": -198.8331219453257, "params": {"gamma": 0.7140520580627298, "lr": 0.6288952413167141}, "datetime": {"datetime": "2024-04-04 06:50:25", "elapsed": 6049.629091, "delta": 12.928084}}
{"target": -141.0036647297196, "params": {"gamma": 0.058811143925566425, "lr": 0.7617782810238422}, "datetime": {"datetime": "2024-04-04 06:50:36", "elapsed": 6060.357059, "delta": 10.727968}}
{"target": -208.96426561874958, "params": {"gamma": 0.8356522047326278, "lr": 0.4605872979911392}, "datetime": {"datetime": "2024-04-04 06:50:44", "elapsed": 6068.383674, "delta": 8.026615}}
{"target": -173.51802465100985, "params": {"gamma": 0.4785357155852935, "lr": 0.69532652545154}, "datetime": {"datetime": "2024-04-04 06:51:09", "elapsed": 6093.279523, "delta": 24.895849}}
{"target": -1090.9839794074705, "params": {"gamma": 5.168137961992274, "lr": 0.6642809907130701}, "datetime": {"datetime": "2024-04-04 06:51:13", "elapsed": 6097.280781, "delta": 4.001258}}
{"target": -140.7265231383972, "params": {"gamma": 0.07801026552722333, "lr": 0.6965954835962455}, "datetime": {"datetime": "2024-04-04 06:51:24", "elapsed": 6108.422927, "delta": 11.142146}}
{"target": -164.0186164357569, "params": {"gamma": 0.4613892457311778, "lr": 0.5367629670142259}, "datetime": {"datetime": "2024-04-04 06:51:38", "elapsed": 6122.642784, "delta": 14.219857}}
{"target": -1265.6667139068593, "params": {"gamma": 6.5208359078694285, "lr": 0.46632341710009273}, "datetime": {"datetime": "2024-04-04 06:51:42", "elapsed": 6126.588122, "delta": 3.945338}}
{"target": -150.52993992626273, "params": {"gamma": 0.32705603429832797, "lr": 0.5332357741001073}, "datetime": {"datetime": "2024-04-04 06:51:50", "elapsed": 6134.517173, "delta": 7.929051}}
{"target": -865.8942061283879, "params": {"gamma": 4.143013458361553, "lr": 0.5350222418014875}, "datetime": {"datetime": "2024-04-04 06:51:54", "elapsed": 6138.70651, "delta": 4.189337}}
{"target": -166.8849753671876, "params": {"gamma": 0.4565274589643278, "lr": 0.7473904161415925}, "datetime": {"datetime": "2024-04-04 06:52:18", "elapsed": 6161.937007, "delta": 23.230497}}
{"target": -152.13890674709072, "params": {"gamma": 0.22758047026355488, "lr": 0.2808622707309404}, "datetime": {"datetime": "2024-04-04 06:52:28", "elapsed": 6172.439608, "delta": 10.502601}}
{"target": -145.35064916060222, "params": {"gamma": 0.22789163296310005, "lr": 0.9135018624096068}, "datetime": {"datetime": "2024-04-04 06:52:35", "elapsed": 6179.627005, "delta": 7.187397}}
{"target": -693.9070024358247, "params": {"gamma": 2.781363483446895, "lr": 0.8209949407159705}, "datetime": {"datetime": "2024-04-04 06:52:40", "elapsed": 6183.896547, "delta": 4.269542}}
{"target": -140.45751954572066, "params": {"gamma": 0.1388127991152008, "lr": 0.8984473832926283}, "datetime": {"datetime": "2024-04-04 06:52:52", "elapsed": 6195.737062, "delta": 11.840515}}
{"target": -299.99931515187615, "params": {"gamma": 0.5665937856510325, "lr": 0.09638625620129859}, "datetime": {"datetime": "2024-04-04 06:53:01", "elapsed": 6205.250438, "delta": 9.513376}}
{"target": -314.144643408484, "params": {"gamma": 0.9239435999033899, "lr": 0.2216111861304369}, "datetime": {"datetime": "2024-04-04 06:53:13", "elapsed": 6217.281473, "delta": 12.031035}}
{"target": -214.1366965528401, "params": {"gamma": 0.8297198586586948, "lr": 0.5850389216162462}, "datetime": {"datetime": "2024-04-04 06:53:28", "elapsed": 6232.021815, "delta": 14.740342}}
{"target": -148.5384290618064, "params": {"gamma": 0.029004210882463372, "lr": 0.05842102602237509}, "datetime": {"datetime": "2024-04-04 06:53:33", "elapsed": 6237.479093, "delta": 5.457278}}
{"target": -144.7501858511312, "params": {"gamma": 0.0012041048964714785, "lr": 0.9079418110782633}, "datetime": {"datetime": "2024-04-04 06:53:45", "elapsed": 6249.121216, "delta": 11.642123}}
{"target": -358.72109837475875, "params": {"gamma": 1.317858821920792, "lr": 0.9255113490705044}, "datetime": {"datetime": "2024-04-04 06:53:49", "elapsed": 6253.098766, "delta": 3.97755}}
{"target": -144.86776073702882, "params": {"gamma": 1.9159708837116407, "lr": 0.0}, "datetime": {"datetime": "2024-04-04 06:54:02", "elapsed": 6266.50222, "delta": 13.403454}}
{"target": -143.52958253707126, "params": {"gamma": 0.24564342616693546, "lr": 0.5908647034119628}, "datetime": {"datetime": "2024-04-04 06:54:17", "elapsed": 6281.329779, "delta": 14.827559}}
{"target": -166.8125649652284, "params": {"gamma": 0.46398298916534836, "lr": 0.37438670816869923}, "datetime": {"datetime": "2024-04-04 06:54:32", "elapsed": 6295.816659, "delta": 14.48688}}
{"target": -3150.8555437257432, "params": {"gamma": 9.145740443175212, "lr": 0.19312680036520047}, "datetime": {"datetime": "2024-04-04 06:54:36", "elapsed": 6299.941576, "delta": 4.124917}}
{"target": -147.97744871854314, "params": {"gamma": 0.033577708284465754, "lr": 0.1161474008322515}, "datetime": {"datetime": "2024-04-04 06:54:46", "elapsed": 6309.99285, "delta": 10.051274}}
{"target": -151.92040212436308, "params": {"gamma": 0.29274431756595004, "lr": 0.9131471983646071}, "datetime": {"datetime": "2024-04-04 06:55:04", "elapsed": 6328.09687, "delta": 18.10402}}
{"target": -143.74178060370488, "params": {"gamma": 0.10417532795848836, "lr": 0.40916589462721553}, "datetime": {"datetime": "2024-04-04 06:55:25", "elapsed": 6349.102091, "delta": 21.005221}}
{"target": -172.56227802127407, "params": {"gamma": 0.565232724335457, "lr": 0.46277146584267437}, "datetime": {"datetime": "2024-04-04 06:55:38", "elapsed": 6362.169022, "delta": 13.066931}}
{"target": -144.86776073702882, "params": {"gamma": 0.25644788808366503, "lr": 0.0}, "datetime": {"datetime": "2024-04-04 06:55:50", "elapsed": 6374.324227, "delta": 12.155205}}
{"target": -155.09039581019059, "params": {"gamma": 0.1754064125441977, "lr": 0.22995338893608708}, "datetime": {"datetime": "2024-04-04 06:56:08", "elapsed": 6392.133428, "delta": 17.809201}}
{"target": -225.75322351255605, "params": {"gamma": 0.33248145953927527, "lr": 0.08064104931429494}, "datetime": {"datetime": "2024-04-04 06:56:30", "elapsed": 6413.989024, "delta": 21.855596}}
{"target": -157.52690515286983, "params": {"gamma": 0.4115592754783838, "lr": 0.623706670972578}, "datetime": {"datetime": "2024-04-04 06:56:42", "elapsed": 6426.668574, "delta": 12.67955}}
{"target": -194.0113419019852, "params": {"gamma": 0.654304120945566, "lr": 0.3394928261133179}, "datetime": {"datetime": "2024-04-04 06:56:51", "elapsed": 6435.398191, "delta": 8.729617}}
{"target": -210.79016180180054, "params": {"gamma": 0.6438463987130798, "lr": 0.956449031944423}, "datetime": {"datetime": "2024-04-04 06:56:55", "elapsed": 6439.297656, "delta": 3.899465}}
{"target": -1404.21057500591, "params": {"gamma": 3.700400391454516, "lr": 0.16984608773740184}, "datetime": {"datetime": "2024-04-04 06:56:59", "elapsed": 6443.596367, "delta": 4.298711}}
{"target": -159.66336684111002, "params": {"gamma": 0.1363430646469133, "lr": 0.13933406180927688}, "datetime": {"datetime": "2024-04-04 06:57:15", "elapsed": 6459.427194, "delta": 15.830827}}
{"target": -186.5258162078116, "params": {"gamma": 0.5156186003127274, "lr": 0.9301820772812448}, "datetime": {"datetime": "2024-04-04 06:57:19", "elapsed": 6463.427858, "delta": 4.000664}}
{"target": -143.29668127613195, "params": {"gamma": 0.02070569855044526, "lr": 0.686062938117393}, "datetime": {"datetime": "2024-04-04 06:57:27", "elapsed": 6471.235096, "delta": 7.807238}}
{"target": -173.67383393284442, "params": {"gamma": 0.5141302017341293, "lr": 0.4351904337419369}, "datetime": {"datetime": "2024-04-04 06:57:40", "elapsed": 6484.699875, "delta": 13.464779}}
{"target": -142.03399364345404, "params": {"gamma": 0.03400341595416767, "lr": 0.9307907927044948}, "datetime": {"datetime": "2024-04-04 06:57:48", "elapsed": 6492.183758, "delta": 7.483883}}
{"target": -1336.1322613767252, "params": {"gamma": 5.336311486310064, "lr": 0.9709713134951646}, "datetime": {"datetime": "2024-04-04 06:57:52", "elapsed": 6496.525248, "delta": 4.34149}}
{"target": -778.809524759033, "params": {"gamma": 1.7087245258086792, "lr": 0.10065486012718594}, "datetime": {"datetime": "2024-04-04 06:57:56", "elapsed": 6500.229063, "delta": 3.703815}}
{"target": -144.8098026454411, "params": {"gamma": 0.16006949485783387, "lr": 0.3369239844157047}, "datetime": {"datetime": "2024-04-04 06:58:07", "elapsed": 6511.360561, "delta": 11.131498}}
{"target": -232.2797578930884, "params": {"gamma": 0.8916455079686587, "lr": 0.33883704652990276}, "datetime": {"datetime": "2024-04-04 06:58:30", "elapsed": 6534.475848, "delta": 23.115287}}
{"target": -359.2822411735271, "params": {"gamma": 1.6158443207112656, "lr": 0.5154996107717742}, "datetime": {"datetime": "2024-04-04 06:58:39", "elapsed": 6542.947142, "delta": 8.471294}}
{"target": -250.81188051503983, "params": {"gamma": 0.7653080977517354, "lr": 0.24539891240136924}, "datetime": {"datetime": "2024-04-04 06:58:51", "elapsed": 6555.395581, "delta": 12.448439}}
{"target": -306.08814754078566, "params": {"gamma": 1.2939040880638397, "lr": 0.3373222816767847}, "datetime": {"datetime": "2024-04-04 06:59:00", "elapsed": 6564.668978, "delta": 9.273397}}
{"target": -246.8765483041138, "params": {"gamma": 0.8868031213475164, "lr": 0.2695344618513352}, "datetime": {"datetime": "2024-04-04 06:59:12", "elapsed": 6576.303552, "delta": 11.634574}}
{"target": -487.1377327687853, "params": {"gamma": 1.861884945486085, "lr": 0.9293864554902989}, "datetime": {"datetime": "2024-04-04 06:59:16", "elapsed": 6580.583583, "delta": 4.280031}}
{"target": -185.80660666563242, "params": {"gamma": 0.6707332085605968, "lr": 0.4681986016237937}, "datetime": {"datetime": "2024-04-04 06:59:28", "elapsed": 6592.376349, "delta": 11.792766}}
{"target": -155.01105126466504, "params": {"gamma": 0.10437062942471483, "lr": 0.12602109844449794}, "datetime": {"datetime": "2024-04-04 06:59:46", "elapsed": 6610.173352, "delta": 17.797003}}
{"target": -177.46959756697612, "params": {"gamma": 0.36526589016004113, "lr": 0.23803969622655985}, "datetime": {"datetime": "2024-04-04 06:59:55", "elapsed": 6619.221497, "delta": 9.048145}}
{"target": -144.11211148134555, "params": {"gamma": 0.208498039105951, "lr": 0.44590906847610084}, "datetime": {"datetime": "2024-04-04 07:00:04", "elapsed": 6628.541748, "delta": 9.320251}}
{"target": -1637.4238524857813, "params": {"gamma": 7.822729709532785, "lr": 0.3112406219009186}, "datetime": {"datetime": "2024-04-04 07:00:08", "elapsed": 6632.629889, "delta": 4.088141}}
{"target": -250.97515167049303, "params": {"gamma": 1.0228846555291788, "lr": 0.6284400964878354}, "datetime": {"datetime": "2024-04-04 07:00:26", "elapsed": 6650.016859, "delta": 17.38697}}
{"target": -141.29285861880777, "params": {"gamma": 0.13807559600555971, "lr": 0.5498186873946298}, "datetime": {"datetime": "2024-04-04 07:00:42", "elapsed": 6665.734059, "delta": 15.7172}}
{"target": -148.66211778320212, "params": {"gamma": 0.08545507148889533, "lr": 0.22201159265844905}, "datetime": {"datetime": "2024-04-04 07:00:50", "elapsed": 6673.969903, "delta": 8.235844}}
{"target": -274.3778358237046, "params": {"gamma": 1.1262267254584575, "lr": 0.3367596584006158}, "datetime": {"datetime": "2024-04-04 07:01:11", "elapsed": 6695.076994, "delta": 21.107091}}
{"target": -170.10663323470374, "params": {"gamma": 0.518187680376431, "lr": 0.6549775658178648}, "datetime": {"datetime": "2024-04-04 07:01:18", "elapsed": 6702.290207, "delta": 7.213213}}
{"target": -340.304049389638, "params": {"gamma": 1.2381388829929976, "lr": 0.9999785178854992}, "datetime": {"datetime": "2024-04-04 07:01:29", "elapsed": 6713.640819, "delta": 11.350612}}
{"target": -472.06581497718884, "params": {"gamma": 2.2376609729246226, "lr": 0.3867644319402975}, "datetime": {"datetime": "2024-04-04 07:01:51", "elapsed": 6735.60731, "delta": 21.966491}}
{"target": -160.9175361371978, "params": {"gamma": 0.3605000078237659, "lr": 0.8026383535332687}, "datetime": {"datetime": "2024-04-04 07:02:05", "elapsed": 6749.037184, "delta": 13.429874}}
{"target": -580.9736846825698, "params": {"gamma": 2.706655073965035, "lr": 0.6254884969734252}, "datetime": {"datetime": "2024-04-04 07:02:17", "elapsed": 6760.819581, "delta": 11.782397}}
{"target": -176.6666204526033, "params": {"gamma": 0.5455533556085346, "lr": 0.3681467725528632}, "datetime": {"datetime": "2024-04-04 07:02:45", "elapsed": 6789.005383, "delta": 28.185802}}
{"target": -150.16455950491766, "params": {"gamma": 0.2766412507568541, "lr": 0.8287477979224972}, "datetime": {"datetime": "2024-04-04 07:03:09", "elapsed": 6813.488372, "delta": 24.482989}}
{"target": -173.15600184444816, "params": {"gamma": 0.5357040728984555, "lr": 0.5302726724667368}, "datetime": {"datetime": "2024-04-04 07:03:23", "elapsed": 6827.236017, "delta": 13.747645}}
{"target": -378.9205545366692, "params": {"gamma": 1.7176842409649065, "lr": 0.5390588468843697}, "datetime": {"datetime": "2024-04-04 07:03:29", "elapsed": 6833.559972, "delta": 6.323955}}
{"target": -611.8073648424443, "params": {"gamma": 2.8909225488522683, "lr": 0.5137952401791622}, "datetime": {"datetime": "2024-04-04 07:03:40", "elapsed": 6844.160993, "delta": 10.601021}}
{"target": -144.78391551738113, "params": {"gamma": 0.001, "lr": 0.6831511349569481}, "datetime": {"datetime": "2024-04-04 07:03:51", "elapsed": 6854.960478, "delta": 10.799485}}
{"target": -179.90476129677947, "params": {"gamma": 0.5862647944105358, "lr": 0.5385169181115084}, "datetime": {"datetime": "2024-04-04 07:04:12", "elapsed": 6875.825616, "delta": 20.865138}}
{"target": -140.07468733933217, "params": {"gamma": 0.10978537950508568, "lr": 0.7705424304438814}, "datetime": {"datetime": "2024-04-04 07:04:20", "elapsed": 6884.31208, "delta": 8.486464}}
