{"target": -142.79744916626044, "params": {"gamma": 0.0014872091642482257, "prior": 8.335446714720518, "rate": 3.8782935533051237}, "datetime": {"datetime": "2024-04-08 13:21:10", "elapsed": 9197.452058, "delta": 19.335444}}
{"target": -142.7936111563473, "params": {"gamma": 0.0018082148512549969, "prior": 7.835465847252159, "rate": 0.46460857705957964}, "datetime": {"datetime": "2024-04-08 13:21:22", "elapsed": 9208.965678, "delta": 11.51362}}
{"target": -142.791578853165, "params": {"gamma": 0.001, "prior": 8.110430317440272, "rate": 0.6986381373011721}, "datetime": {"datetime": "2024-04-08 13:21:36", "elapsed": 9223.261656, "delta": 14.295978}}
{"target": -142.79904830002647, "params": {"gamma": 0.0012523561700858758, "prior": 3.297308451467086, "rate": 3.90512103126833}, "datetime": {"datetime": "2024-04-08 13:21:47", "elapsed": 9234.685577, "delta": 11.423921}}
{"target": -142.7930135711593, "params": {"gamma": 0.001, "prior": 4.133536364760209, "rate": 0.971987149037863}, "datetime": {"datetime": "2024-04-08 13:22:04", "elapsed": 9251.842524, "delta": 17.156947}}
{"target": -142.79896220388434, "params": {"gamma": 0.0019376555851610415, "prior": 6.494754486041247, "rate": 2.26626603266837}, "datetime": {"datetime": "2024-04-08 13:22:30", "elapsed": 9277.057442, "delta": 25.214918}}
{"target": -142.7989786107532, "params": {"gamma": 0.001, "prior": 3.7814502491540565, "rate": 10.0}, "datetime": {"datetime": "2024-04-08 13:22:49", "elapsed": 9296.181022, "delta": 19.12358}}
{"target": -142.79681051988746, "params": {"gamma": 0.001, "prior": 5.101320047447374, "rate": 5.88837896321114}, "datetime": {"datetime": "2024-04-08 13:23:04", "elapsed": 9311.578364, "delta": 15.397342}}
{"target": -142.79996594151947, "params": {"gamma": 0.001, "prior": 2.447043096410836, "rate": 10.0}, "datetime": {"datetime": "2024-04-08 13:23:22", "elapsed": 9329.921488, "delta": 18.343124}}
{"target": -142.79278709427157, "params": {"gamma": 0.001, "prior": 8.354774713331265, "rate": 1.7304308531274866}, "datetime": {"datetime": "2024-04-08 13:23:46", "elapsed": 9353.011776, "delta": 23.090288}}
{"target": -142.79621307027043, "params": {"gamma": 0.001, "prior": 10.0, "rate": 9.256073904781443}, "datetime": {"datetime": "2024-04-08 13:24:00", "elapsed": 9367.412858, "delta": 14.401082}}
{"target": -142.86662037086154, "params": {"gamma": 0.005813848852523338, "prior": 0.11940730740119815, "rate": 1.2448167396702952}, "datetime": {"datetime": "2024-04-08 13:24:19", "elapsed": 9386.50684, "delta": 19.093982}}
{"target": -142.79717888488892, "params": {"gamma": 0.001, "prior": 7.265970629625969, "rate": 9.607830936102497}, "datetime": {"datetime": "2024-04-08 13:24:38", "elapsed": 9405.392108, "delta": 18.885268}}
{"target": -142.7944920729912, "params": {"gamma": 0.001, "prior": 8.794616843590893, "rate": 4.163017378987567}, "datetime": {"datetime": "2024-04-08 13:24:51", "elapsed": 9418.380361, "delta": 12.988253}}
{"target": -142.79321481918433, "params": {"gamma": 0.001, "prior": 9.708666734947585, "rate": 2.5409703379889383}, "datetime": {"datetime": "2024-04-08 13:25:10", "elapsed": 9437.418698, "delta": 19.038337}}
{"target": -142.80112520687763, "params": {"gamma": 0.0012587320215314837, "prior": 4.063941631666461, "rate": 8.813691848446224}, "datetime": {"datetime": "2024-04-08 13:25:25", "elapsed": 9452.77115, "delta": 15.352452}}
{"target": -142.7948612074996, "params": {"gamma": 0.001, "prior": 9.685786877704645, "rate": 5.334575885243662}, "datetime": {"datetime": "2024-04-08 13:25:39", "elapsed": 9466.929323, "delta": 14.158173}}
{"target": -142.8156062009543, "params": {"gamma": 0.0021794589453040065, "prior": 0.7359473952027507, "rate": 4.623063683651759}, "datetime": {"datetime": "2024-04-08 13:25:49", "elapsed": 9476.81628, "delta": 9.886957}}
{"target": -142.84323438150253, "params": {"gamma": 0.010073287682367826, "prior": 3.848373787859761, "rate": 1.2555258618988074}, "datetime": {"datetime": "2024-04-08 13:26:07", "elapsed": 9494.290382, "delta": 17.474102}}
{"target": -142.80067775557822, "params": {"gamma": 0.001, "prior": 1.5168791508454627, "rate": 8.960698540403653}, "datetime": {"datetime": "2024-04-08 13:26:15", "elapsed": 9502.730954, "delta": 8.440572}}
{"target": -142.8098129071377, "params": {"gamma": 0.0017331467866376488, "prior": 1.397834458932564, "rate": 8.302155514521512}, "datetime": {"datetime": "2024-04-08 13:26:26", "elapsed": 9513.173401, "delta": 10.442447}}
{"target": -142.79957729924342, "params": {"gamma": 0.001, "prior": 2.9273326603255554, "rate": 10.0}, "datetime": {"datetime": "2024-04-08 13:26:43", "elapsed": 9530.419669, "delta": 17.246268}}
{"target": -142.83081127623103, "params": {"gamma": 0.0045329334176265265, "prior": 6.153554092957903, "rate": 9.501282556344783}, "datetime": {"datetime": "2024-04-08 13:26:57", "elapsed": 9544.611738, "delta": 14.192069}}
{"target": -142.80329855021918, "params": {"gamma": 0.0011023167008253963, "prior": 0.6130917360881319, "rate": 8.811433963007623}, "datetime": {"datetime": "2024-04-08 13:27:16", "elapsed": 9563.585294, "delta": 18.973556}}
{"target": -142.79430693387084, "params": {"gamma": 0.001, "prior": 10.0, "rate": 4.37686542880196}, "datetime": {"datetime": "2024-04-08 13:27:34", "elapsed": 9581.5627, "delta": 17.977406}}
{"target": -142.79552706066062, "params": {"gamma": 0.001, "prior": 8.58301745102016, "rate": 6.136510804492781}, "datetime": {"datetime": "2024-04-08 13:27:50", "elapsed": 9597.760175, "delta": 16.197475}}
{"target": -142.80271842089203, "params": {"gamma": 0.0024989873047306724, "prior": 8.421364670235967, "rate": 3.311278061113156}, "datetime": {"datetime": "2024-04-08 13:28:14", "elapsed": 9621.712001, "delta": 23.951826}}
{"target": -142.80280489876844, "params": {"gamma": 0.001, "prior": 0.1, "rate": 6.788064687848112}, "datetime": {"datetime": "2024-04-08 13:28:25", "elapsed": 9632.720012, "delta": 11.008011}}
{"target": -142.79496345972396, "params": {"gamma": 0.001, "prior": 3.8988337900620196, "rate": 2.237162733125205}, "datetime": {"datetime": "2024-04-08 13:28:40", "elapsed": 9647.341792, "delta": 14.62178}}
{"target": -142.79932663614557, "params": {"gamma": 0.0010513157766473989, "prior": 3.42612970757331, "rate": 8.382226018623186}, "datetime": {"datetime": "2024-04-08 13:28:55", "elapsed": 9662.221944, "delta": 14.880152}}
{"target": -142.79382322658202, "params": {"gamma": 0.001, "prior": 9.744903866836065, "rate": 3.4375687449593384}, "datetime": {"datetime": "2024-04-08 13:29:17", "elapsed": 9684.650312, "delta": 22.428368}}
{"target": -142.7903321888851, "params": {"gamma": 0.001, "prior": 7.860924946170748, "rate": 0.001}, "datetime": {"datetime": "2024-04-08 13:29:28", "elapsed": 9695.220982, "delta": 10.57067}}
{"target": -142.7959506624431, "params": {"gamma": 0.001, "prior": 8.047047607597689, "rate": 6.753768448654986}, "datetime": {"datetime": "2024-04-08 13:29:43", "elapsed": 9710.371619, "delta": 15.150637}}
{"target": -142.82537003215424, "params": {"gamma": 0.0044005822299586946, "prior": 8.415245638251347, "rate": 9.190028986047107}, "datetime": {"datetime": "2024-04-08 13:30:09", "elapsed": 9736.828123, "delta": 26.456504}}
{"target": -142.79908406228643, "params": {"gamma": 0.001, "prior": 2.8017113107902163, "rate": 7.739777226273361}, "datetime": {"datetime": "2024-04-08 13:30:29", "elapsed": 9756.379138, "delta": 19.551015}}
{"target": -142.79657609948836, "params": {"gamma": 0.001, "prior": 8.336251896614549, "rate": 8.825669790250606}, "datetime": {"datetime": "2024-04-08 13:30:45", "elapsed": 9772.360633, "delta": 15.981495}}
{"target": -142.8412290814677, "params": {"gamma": 0.004134958992836375, "prior": 0.7373779281129105, "rate": 5.165013061424757}, "datetime": {"datetime": "2024-04-08 13:31:02", "elapsed": 9789.68534, "delta": 17.324707}}
{"target": -142.79656081627624, "params": {"gamma": 0.001, "prior": 5.237740954516617, "rate": 5.514058717880667}, "datetime": {"datetime": "2024-04-08 13:31:24", "elapsed": 9811.88964, "delta": 22.2043}}
{"target": -142.80432099210242, "params": {"gamma": 0.00226590314753677, "prior": 5.5828489186735935, "rate": 3.7411060000749883}, "datetime": {"datetime": "2024-04-08 13:31:43", "elapsed": 9830.595393, "delta": 18.705753}}
{"target": -142.79596637037073, "params": {"gamma": 0.001, "prior": 7.548555794676998, "rate": 6.372789595975779}, "datetime": {"datetime": "2024-04-08 13:32:03", "elapsed": 9850.857088, "delta": 20.261695}}
{"target": -142.79033238890656, "params": {"gamma": 0.001, "prior": 7.217236441676582, "rate": 0.001}, "datetime": {"datetime": "2024-04-08 13:32:15", "elapsed": 9862.09965, "delta": 11.242562}}
{"target": -142.79033638763295, "params": {"gamma": 0.001, "prior": 2.735831432521321, "rate": 0.001}, "datetime": {"datetime": "2024-04-08 13:32:32", "elapsed": 9879.671622, "delta": 17.571972}}
{"target": -142.7913349628462, "params": {"gamma": 0.001, "prior": 8.906063710816737, "rate": 0.59359724739495}, "datetime": {"datetime": "2024-04-08 13:32:58", "elapsed": 9905.479755, "delta": 25.808133}}
{"target": -142.8298472750657, "params": {"gamma": 0.003577403352786899, "prior": 1.9721799040599728, "rate": 7.540553657974005}, "datetime": {"datetime": "2024-04-08 13:33:27", "elapsed": 9933.999609, "delta": 28.519854}}
{"target": -142.81483527226445, "params": {"gamma": 0.004022751522990919, "prior": 8.296518121555133, "rate": 4.57129236874225}, "datetime": {"datetime": "2024-04-08 13:33:35", "elapsed": 9942.055505, "delta": 8.055896}}
{"target": -142.7992622164034, "params": {"gamma": 0.001, "prior": 2.4690466251778345, "rate": 7.352424660090009}, "datetime": {"datetime": "2024-04-08 13:33:52", "elapsed": 9959.820488, "delta": 17.764983}}
{"target": -142.79982699429092, "params": {"gamma": 0.001507029357860274, "prior": 9.273039588419966, "rate": 7.766525890272294}, "datetime": {"datetime": "2024-04-08 13:34:10", "elapsed": 9977.795192, "delta": 17.974704}}
{"target": -142.79740510529794, "params": {"gamma": 0.001, "prior": 6.752649657248421, "rate": 9.709745043100668}, "datetime": {"datetime": "2024-04-08 13:34:35", "elapsed": 10002.350601, "delta": 24.555409}}
{"target": -142.79705027774654, "params": {"gamma": 0.001013670724509592, "prior": 5.203415534026753, "rate": 6.2817191759895294}, "datetime": {"datetime": "2024-04-08 13:34:42", "elapsed": 10009.537093, "delta": 7.186492}}
{"target": -142.80070735688923, "params": {"gamma": 0.0012425657402265165, "prior": 1.0386263288302955, "rate": 2.0806564704575017}, "datetime": {"datetime": "2024-04-08 13:34:53", "elapsed": 10020.734799, "delta": 11.197706}}
{"target": -142.7961608293599, "params": {"gamma": 0.001, "prior": 9.107321686682587, "rate": 8.267638674429026}, "datetime": {"datetime": "2024-04-08 13:35:08", "elapsed": 10035.93841, "delta": 15.203611}}
{"target": -142.79074248993442, "params": {"gamma": 0.001, "prior": 9.765208740364614, "rate": 0.24331637243933657}, "datetime": {"datetime": "2024-04-08 13:35:25", "elapsed": 10052.787466, "delta": 16.849056}}
{"target": -142.84214989816934, "params": {"gamma": 0.005107553250878247, "prior": 2.1867959557540075, "rate": 5.2097373395681155}, "datetime": {"datetime": "2024-04-08 13:35:40", "elapsed": 10067.397399, "delta": 14.609933}}
{"target": -142.79763474948467, "params": {"gamma": 0.001, "prior": 2.7106780875624903, "rate": 4.2461532397071275}, "datetime": {"datetime": "2024-04-08 13:35:47", "elapsed": 10074.612088, "delta": 7.214689}}
{"target": -142.79502829345364, "params": {"gamma": 0.001, "prior": 6.852381268779765, "rate": 4.034646961832271}, "datetime": {"datetime": "2024-04-08 13:36:02", "elapsed": 10089.727301, "delta": 15.115213}}
{"target": -142.7938515023942, "params": {"gamma": 0.001, "prior": 7.774273141706399, "rate": 2.778640655415746}, "datetime": {"datetime": "2024-04-08 13:36:25", "elapsed": 10112.898508, "delta": 23.171207}}
{"target": -142.79778920390652, "params": {"gamma": 0.001208998184652468, "prior": 4.097667341073789, "rate": 3.701827973060384}, "datetime": {"datetime": "2024-04-08 13:37:10", "elapsed": 10157.669166, "delta": 44.770658}}
{"target": -142.8390974592157, "params": {"gamma": 0.003857084882673482, "prior": 0.18966871562188087, "rate": 1.7047881547480326}, "datetime": {"datetime": "2024-04-08 13:37:31", "elapsed": 10178.729145, "delta": 21.059979}}
{"target": -142.7956868509109, "params": {"gamma": 0.0010055052787883735, "prior": 5.9823957335074445, "rate": 4.476366286365454}, "datetime": {"datetime": "2024-04-08 13:37:47", "elapsed": 10194.107876, "delta": 15.378731}}
{"target": -142.7943264307172, "params": {"gamma": 0.001, "prior": 7.981190519204541, "rate": 3.522500048344232}, "datetime": {"datetime": "2024-04-08 13:38:02", "elapsed": 10209.493759, "delta": 15.385883}}
{"target": -142.80543169960976, "params": {"gamma": 0.0021642502209431235, "prior": 9.774258323269922, "rate": 9.00833578638267}, "datetime": {"datetime": "2024-04-08 13:38:24", "elapsed": 10231.215318, "delta": 21.721559}}
