{"target": -704.0349406186717, "params": {"gamma": 4.797895932924502, "lr": 0.9466766792396476}, "datetime": {"datetime": "2024-04-03 23:31:58", "elapsed": 2.415564, "delta": 0.003099}}
{"target": -1758.901431360048, "params": {"gamma": 5.53478362877641, "lr": 0.08480182166035288}, "datetime": {"datetime": "2024-04-03 23:31:58", "elapsed": 2.418733, "delta": 0.003169}}
{"target": -287.309227505999, "params": {"gamma": 2.0254278937096815, "lr": 0.8542379729163827}, "datetime": {"datetime": "2024-04-03 23:31:58", "elapsed": 2.421798, "delta": 0.003065}}
{"target": -953.0256563898625, "params": {"gamma": 7.0595677402804276, "lr": 0.8949395201529242}, "datetime": {"datetime": "2024-04-03 23:31:58", "elapsed": 2.424913, "delta": 0.003115}}
{"target": -345.13982844713865, "params": {"gamma": 3.2921308719412035, "lr": 0.5280013966376261}, "datetime": {"datetime": "2024-04-03 23:31:58", "elapsed": 2.428057, "delta": 0.003144}}
{"target": -647.6814541600864, "params": {"gamma": 6.504330926708715, "lr": 0.5942908535866644}, "datetime": {"datetime": "2024-04-03 23:31:58", "elapsed": 2.431212, "delta": 0.003155}}
{"target": -216.85018626313504, "params": {"gamma": 2.315397892406944, "lr": 0.4268213494482356}, "datetime": {"datetime": "2024-04-03 23:31:58", "elapsed": 2.43429, "delta": 0.003078}}
{"target": -343.44346554223654, "params": {"gamma": 2.481866529137688, "lr": 0.8456149622311454}, "datetime": {"datetime": "2024-04-03 23:31:58", "elapsed": 2.437746, "delta": 0.003456}}
{"target": -3347.7392682011555, "params": {"gamma": 9.866787772235858, "lr": 0.06657080313237929}, "datetime": {"datetime": "2024-04-03 23:31:58", "elapsed": 2.441105, "delta": 0.003359}}
{"target": -582.2684462894649, "params": {"gamma": 7.139566394637347, "lr": 0.3301155521990743}, "datetime": {"datetime": "2024-04-03 23:31:58", "elapsed": 2.444295, "delta": 0.00319}}
{"target": -483.3986007056518, "params": {"gamma": 6.254728347736019, "lr": 0.258129649281871}, "datetime": {"datetime": "2024-04-03 23:31:58", "elapsed": 2.447393, "delta": 0.003098}}
{"target": -568.8013633137164, "params": {"gamma": 6.510425085475643, "lr": 0.37114718446272954}, "datetime": {"datetime": "2024-04-03 23:31:58", "elapsed": 2.450477, "delta": 0.003084}}
{"target": -444.08560641623944, "params": {"gamma": 2.9489139744901, "lr": 0.9117631736977988}, "datetime": {"datetime": "2024-04-03 23:31:58", "elapsed": 2.453576, "delta": 0.003099}}
{"target": -1021.0051834932669, "params": {"gamma": 9.425046243387849, "lr": 0.6135500265601355}, "datetime": {"datetime": "2024-04-03 23:31:58", "elapsed": 2.456721, "delta": 0.003145}}
{"target": -333.02036949741114, "params": {"gamma": 2.1454633405260957, "lr": 0.9394188709061594}, "datetime": {"datetime": "2024-04-03 23:31:58", "elapsed": 2.45993, "delta": 0.003209}}
{"target": -906.5170118220333, "params": {"gamma": 7.504785013686519, "lr": 0.7510898073228061}, "datetime": {"datetime": "2024-04-03 23:31:58", "elapsed": 2.463055, "delta": 0.003125}}
{"target": -300.15030150341096, "params": {"gamma": 2.1180016271500137, "lr": 0.8301565261622993}, "datetime": {"datetime": "2024-04-03 23:31:58", "elapsed": 2.466195, "delta": 0.00314}}
{"target": -268.8562949748646, "params": {"gamma": 2.4017114464579397, "lr": 0.6316207452501602}, "datetime": {"datetime": "2024-04-03 23:31:58", "elapsed": 2.46959, "delta": 0.003395}}
{"target": -876.1121120133388, "params": {"gamma": 7.107684959425964, "lr": 0.7423834297071017}, "datetime": {"datetime": "2024-04-03 23:31:58", "elapsed": 2.472985, "delta": 0.003395}}
{"target": -482.8890005392984, "params": {"gamma": 3.9032567812912102, "lr": 0.7598253967160974}, "datetime": {"datetime": "2024-04-03 23:31:58", "elapsed": 2.47618, "delta": 0.003195}}
{"target": -893.6238527530339, "params": {"gamma": 9.029456085314978, "lr": 0.5874200192375769}, "datetime": {"datetime": "2024-04-03 23:31:58", "elapsed": 2.479318, "delta": 0.003138}}
{"target": -199.88322440188978, "params": {"gamma": 0.9050067472322914, "lr": 0.12897598414227607}, "datetime": {"datetime": "2024-04-03 23:31:58", "elapsed": 2.48244, "delta": 0.003122}}
{"target": -157.3790266387283, "params": {"gamma": 1.0535200041012063, "lr": 0.17272746332288003}, "datetime": {"datetime": "2024-04-03 23:31:58", "elapsed": 2.485536, "delta": 0.003096}}
{"target": -187.65198252215225, "params": {"gamma": 1.2651824720065605, "lr": 0.7783008900676276}, "datetime": {"datetime": "2024-04-03 23:31:58", "elapsed": 2.488693, "delta": 0.003157}}
{"target": -115.44989131402554, "params": {"gamma": 0.39507571033225836, "lr": 0.24155841734086403}, "datetime": {"datetime": "2024-04-03 23:31:58", "elapsed": 2.491722, "delta": 0.003029}}
{"target": -1269.929789155925, "params": {"gamma": 8.790784947183296, "lr": 0.9735188608362936}, "datetime": {"datetime": "2024-04-03 23:31:58", "elapsed": 2.494852, "delta": 0.00313}}
{"target": -881.8675594920521, "params": {"gamma": 6.054614655262755, "lr": 0.9762382645603884}, "datetime": {"datetime": "2024-04-03 23:31:58", "elapsed": 2.497925, "delta": 0.003073}}
{"target": -129.72182192238478, "params": {"gamma": 0.43547196560805285, "lr": 0.9485727683760076}, "datetime": {"datetime": "2024-04-03 23:31:58", "elapsed": 2.501109, "delta": 0.003184}}
{"target": -397.14993065997646, "params": {"gamma": 3.113649528479215, "lr": 0.798972840361593}, "datetime": {"datetime": "2024-04-03 23:31:58", "elapsed": 2.504536, "delta": 0.003427}}
{"target": -1068.7898677798764, "params": {"gamma": 8.106480405365568, "lr": 0.8599985915803449}, "datetime": {"datetime": "2024-04-03 23:31:58", "elapsed": 2.507849, "delta": 0.003313}}
{"target": -674.1127183514051, "params": {"gamma": 4.586049558214109, "lr": 0.9306443921654484}, "datetime": {"datetime": "2024-04-03 23:31:58", "elapsed": 2.510943, "delta": 0.003094}}
{"target": -392.7761160010798, "params": {"gamma": 2.579671951285972, "lr": 0.9344454925295846}, "datetime": {"datetime": "2024-04-03 23:31:58", "elapsed": 2.514025, "delta": 0.003082}}
{"target": -901.2721431908291, "params": {"gamma": 6.191577212883354, "lr": 0.9854449149448306}, "datetime": {"datetime": "2024-04-03 23:31:58", "elapsed": 2.517177, "delta": 0.003152}}
{"target": -119.93090541051954, "params": {"gamma": 0.3274060157599613, "lr": 0.7251666588327084}, "datetime": {"datetime": "2024-04-03 23:31:58", "elapsed": 2.520358, "delta": 0.003181}}
{"target": -516.826414295492, "params": {"gamma": 5.655976799568431, "lr": 0.4924240473983196}, "datetime": {"datetime": "2024-04-03 23:31:58", "elapsed": 2.523408, "delta": 0.00305}}
{"target": -224.9342139553241, "params": {"gamma": 2.5929220383817193, "lr": 0.3268306848663751}, "datetime": {"datetime": "2024-04-03 23:31:58", "elapsed": 2.526569, "delta": 0.003161}}
{"target": -245.3332646533049, "params": {"gamma": 2.495372604807176, "lr": 0.21926791032506077}, "datetime": {"datetime": "2024-04-03 23:31:58", "elapsed": 2.529637, "delta": 0.003068}}
{"target": -812.9745802179418, "params": {"gamma": 7.996808714410864, "lr": 0.5023950058982584}, "datetime": {"datetime": "2024-04-03 23:31:58", "elapsed": 2.53272, "delta": 0.003083}}
{"target": -145.12866361752822, "params": {"gamma": 0.8328156970812803, "lr": 0.7769841920273803}, "datetime": {"datetime": "2024-04-03 23:31:58", "elapsed": 2.536079, "delta": 0.003359}}
{"target": -663.1613632326279, "params": {"gamma": 5.336957111761226, "lr": 0.739387787346382}, "datetime": {"datetime": "2024-04-03 23:31:58", "elapsed": 2.53957, "delta": 0.003491}}
{"target": -493.86825304456477, "params": {"gamma": 5.154421537738071, "lr": 0.39994592398513173}, "datetime": {"datetime": "2024-04-03 23:31:58", "elapsed": 2.54275, "delta": 0.00318}}
{"target": -3346.294548623795, "params": {"gamma": 9.862481577580514, "lr": 0.02824262016291268}, "datetime": {"datetime": "2024-04-03 23:31:58", "elapsed": 2.545787, "delta": 0.003037}}
{"target": -1346.1366284637916, "params": {"gamma": 9.327706315740619, "lr": 0.930854967759968}, "datetime": {"datetime": "2024-04-03 23:31:58", "elapsed": 2.548831, "delta": 0.003044}}
{"target": -368.51780142899986, "params": {"gamma": 3.909796196303079, "lr": 0.2144648711333198}, "datetime": {"datetime": "2024-04-03 23:31:58", "elapsed": 2.552107, "delta": 0.003276}}
{"target": -713.4081715900851, "params": {"gamma": 6.192513766034457, "lr": 0.17797233547016944}, "datetime": {"datetime": "2024-04-03 23:31:58", "elapsed": 2.555377, "delta": 0.00327}}
{"target": -615.7490622009016, "params": {"gamma": 8.032278735085756, "lr": 0.2539338558777352}, "datetime": {"datetime": "2024-04-03 23:31:58", "elapsed": 2.558498, "delta": 0.003121}}
{"target": -438.49109511499995, "params": {"gamma": 2.9087707441717465, "lr": 0.915915790009957}, "datetime": {"datetime": "2024-04-03 23:31:58", "elapsed": 2.561645, "delta": 0.003147}}
{"target": -916.1669472663356, "params": {"gamma": 9.029265417910615, "lr": 0.5353808917305217}, "datetime": {"datetime": "2024-04-03 23:31:58", "elapsed": 2.56488, "delta": 0.003235}}
{"target": -762.5537042054008, "params": {"gamma": 8.628526966805577, "lr": 0.3525325688050618}, "datetime": {"datetime": "2024-04-03 23:31:58", "elapsed": 2.56814, "delta": 0.00326}}
{"target": -853.0138784972814, "params": {"gamma": 9.978844897970799, "lr": 0.433689739404977}, "datetime": {"datetime": "2024-04-03 23:31:58", "elapsed": 2.571601, "delta": 0.003461}}
{"target": -1028.7799204709233, "params": {"gamma": 2.948825305973155, "lr": 0.04157423394916726}, "datetime": {"datetime": "2024-04-03 23:31:58", "elapsed": 2.574947, "delta": 0.003346}}
{"target": -895.5869656449128, "params": {"gamma": 9.897079830913631, "lr": 0.4648876309118224}, "datetime": {"datetime": "2024-04-03 23:31:58", "elapsed": 2.578102, "delta": 0.003155}}
{"target": -776.6805623370889, "params": {"gamma": 7.346115555489657, "lr": 0.6408076240458747}, "datetime": {"datetime": "2024-04-03 23:31:58", "elapsed": 2.581261, "delta": 0.003159}}
{"target": -2463.529422450172, "params": {"gamma": 7.231210903260432, "lr": 0.05111090382611627}, "datetime": {"datetime": "2024-04-03 23:31:58", "elapsed": 2.58451, "delta": 0.003249}}
{"target": -1328.0858087038155, "params": {"gamma": 9.200534008691728, "lr": 0.9268412179022415}, "datetime": {"datetime": "2024-04-03 23:31:58", "elapsed": 2.587743, "delta": 0.003233}}
{"target": -806.218104838054, "params": {"gamma": 5.520398276514817, "lr": 0.963915888684551}, "datetime": {"datetime": "2024-04-03 23:31:58", "elapsed": 2.590982, "delta": 0.003239}}
{"target": -317.3034176036795, "params": {"gamma": 2.8102744143666842, "lr": 0.6021466271365452}, "datetime": {"datetime": "2024-04-03 23:31:58", "elapsed": 2.594152, "delta": 0.00317}}
{"target": -426.72666339444186, "params": {"gamma": 3.9652304378361865, "lr": 0.6280232317552282}, "datetime": {"datetime": "2024-04-03 23:31:58", "elapsed": 2.597324, "delta": 0.003172}}
{"target": -411.5356157779466, "params": {"gamma": 3.0070222529489574, "lr": 0.8193583846560202}, "datetime": {"datetime": "2024-04-03 23:31:58", "elapsed": 2.600555, "delta": 0.003231}}
{"target": -293.12534794330645, "params": {"gamma": 0.6987899990635812, "lr": 0.04187757029999628}, "datetime": {"datetime": "2024-04-03 23:31:58", "elapsed": 2.604042, "delta": 0.003487}}
{"target": -125.60250470738639, "params": {"gamma": 0.49491444994850975, "lr": 0.15045502836766345}, "datetime": {"datetime": "2024-04-03 23:31:58", "elapsed": 2.607419, "delta": 0.003377}}
{"target": -585.0086111786447, "params": {"gamma": 3.954109387473109, "lr": 0.9553899892571747}, "datetime": {"datetime": "2024-04-03 23:31:58", "elapsed": 2.610575, "delta": 0.003156}}
{"target": -151.05282008804448, "params": {"gamma": 1.1088436015198657, "lr": 0.6475529858164272}, "datetime": {"datetime": "2024-04-03 23:31:58", "elapsed": 2.613787, "delta": 0.003212}}
{"target": -471.5213833305766, "params": {"gamma": 5.276687463055037, "lr": 0.353242405983059}, "datetime": {"datetime": "2024-04-03 23:31:58", "elapsed": 2.617006, "delta": 0.003219}}
{"target": -202.94157699870954, "params": {"gamma": 1.9827940939725983, "lr": 0.22059408184733575}, "datetime": {"datetime": "2024-04-03 23:31:58", "elapsed": 2.620255, "delta": 0.003249}}
{"target": -120.6721277992212, "params": {"gamma": 0.4391712757617422, "lr": 0.7131639731598145}, "datetime": {"datetime": "2024-04-03 23:31:58", "elapsed": 2.623503, "delta": 0.003248}}
{"target": -562.8263315604543, "params": {"gamma": 6.538748151763354, "lr": 0.4437697927247224}, "datetime": {"datetime": "2024-04-03 23:31:58", "elapsed": 2.626726, "delta": 0.003223}}
{"target": -1763.5130760250058, "params": {"gamma": 7.189675941410347, "lr": 0.10997597244532042}, "datetime": {"datetime": "2024-04-03 23:31:58", "elapsed": 2.629877, "delta": 0.003151}}
{"target": -1219.157380085482, "params": {"gamma": 9.387253014515942, "lr": 0.8476267092393875}, "datetime": {"datetime": "2024-04-03 23:31:58", "elapsed": 2.633099, "delta": 0.003222}}
{"target": -627.6712607667964, "params": {"gamma": 6.590697560999168, "lr": 0.37883116866173183}, "datetime": {"datetime": "2024-04-03 23:31:58", "elapsed": 2.636555, "delta": 0.003456}}
{"target": -384.852399873842, "params": {"gamma": 4.16625072341846, "lr": 0.48215392215746744}, "datetime": {"datetime": "2024-04-03 23:31:58", "elapsed": 2.639998, "delta": 0.003443}}
{"target": -1229.4932165193918, "params": {"gamma": 9.352902416297999, "lr": 0.8635929549181026}, "datetime": {"datetime": "2024-04-03 23:31:58", "elapsed": 2.643295, "delta": 0.003297}}
{"target": -489.0839431586663, "params": {"gamma": 4.779760568316378, "lr": 0.554518498278167}, "datetime": {"datetime": "2024-04-03 23:31:58", "elapsed": 2.646492, "delta": 0.003197}}
{"target": -1264.7323419961006, "params": {"gamma": 8.754163218930938, "lr": 0.9492644337722901}, "datetime": {"datetime": "2024-04-03 23:31:58", "elapsed": 2.649608, "delta": 0.003116}}
{"target": -790.0124330319699, "params": {"gamma": 6.392208373926592, "lr": 0.7485203200897537}, "datetime": {"datetime": "2024-04-03 23:31:58", "elapsed": 2.652839, "delta": 0.003231}}
{"target": -523.551819556844, "params": {"gamma": 3.516897438698066, "lr": 0.91802831908618}, "datetime": {"datetime": "2024-04-03 23:31:58", "elapsed": 2.656052, "delta": 0.003213}}
{"target": -843.7055448135405, "params": {"gamma": 8.367683746488458, "lr": 0.5520558812247628}, "datetime": {"datetime": "2024-04-03 23:31:58", "elapsed": 2.659357, "delta": 0.003305}}
{"target": -1128.5684369603587, "params": {"gamma": 8.676404468942122, "lr": 0.8498718814403323}, "datetime": {"datetime": "2024-04-03 23:31:58", "elapsed": 2.662559, "delta": 0.003202}}
{"target": -1460.16095627593, "params": {"gamma": 8.084305154704811, "lr": 0.13069282439738805}, "datetime": {"datetime": "2024-04-03 23:31:58", "elapsed": 2.665764, "delta": 0.003205}}
{"target": -760.0802278810469, "params": {"gamma": 5.3604897456433, "lr": 0.900783114706916}, "datetime": {"datetime": "2024-04-03 23:31:58", "elapsed": 2.66919, "delta": 0.003426}}
{"target": -669.1013637504286, "params": {"gamma": 7.70854747370775, "lr": 0.4207131990251918}, "datetime": {"datetime": "2024-04-03 23:31:58", "elapsed": 2.672657, "delta": 0.003467}}
{"target": -745.8539409023703, "params": {"gamma": 9.778826053206298, "lr": 0.25077315667300226}, "datetime": {"datetime": "2024-04-03 23:31:58", "elapsed": 2.675889, "delta": 0.003232}}
{"target": -498.2957023046551, "params": {"gamma": 3.336768678250129, "lr": 0.954200507429589}, "datetime": {"datetime": "2024-04-03 23:31:58", "elapsed": 2.679011, "delta": 0.003122}}
{"target": -1135.6786001009764, "params": {"gamma": 8.087344766504712, "lr": 0.9003400045106619}, "datetime": {"datetime": "2024-04-03 23:31:58", "elapsed": 2.682085, "delta": 0.003074}}
{"target": -130.0627869282637, "params": {"gamma": 0.11688430450954196, "lr": 0.37976443303399476}, "datetime": {"datetime": "2024-04-03 23:31:58", "elapsed": 2.685163, "delta": 0.003078}}
{"target": -207.22475280647672, "params": {"gamma": 2.355984044142083, "lr": 0.2959350518874113}, "datetime": {"datetime": "2024-04-03 23:31:58", "elapsed": 2.688209, "delta": 0.003046}}
{"target": -911.8658218588002, "params": {"gamma": 7.380216968542006, "lr": 0.7240848448640741}, "datetime": {"datetime": "2024-04-03 23:31:58", "elapsed": 2.691334, "delta": 0.003125}}
{"target": -407.9242418036492, "params": {"gamma": 4.618532302580416, "lr": 0.3652744612070937}, "datetime": {"datetime": "2024-04-03 23:31:58", "elapsed": 2.694505, "delta": 0.003171}}
{"target": -598.3449755739811, "params": {"gamma": 5.847331438432254, "lr": 0.5337077546342763}, "datetime": {"datetime": "2024-04-03 23:31:58", "elapsed": 2.697602, "delta": 0.003097}}
{"target": -602.150272889308, "params": {"gamma": 5.5062450105196135, "lr": 0.6154770711146578}, "datetime": {"datetime": "2024-04-03 23:31:58", "elapsed": 2.700728, "delta": 0.003126}}
{"target": -489.18292328577394, "params": {"gamma": 3.957087074403221, "lr": 0.7717184824154584}, "datetime": {"datetime": "2024-04-03 23:31:58", "elapsed": 2.704183, "delta": 0.003455}}
{"target": -279.7996372738613, "params": {"gamma": 2.512780630310517, "lr": 0.655760767903366}, "datetime": {"datetime": "2024-04-03 23:31:58", "elapsed": 2.70751, "delta": 0.003327}}
{"target": -3259.5782975844586, "params": {"gamma": 9.604011085051962, "lr": 0.0035547604644260433}, "datetime": {"datetime": "2024-04-03 23:31:58", "elapsed": 2.710606, "delta": 0.003096}}
{"target": -1774.2102484617076, "params": {"gamma": 7.233887082898668, "lr": 0.10899503392964371}, "datetime": {"datetime": "2024-04-03 23:31:58", "elapsed": 2.713681, "delta": 0.003075}}
{"target": -578.7287148359435, "params": {"gamma": 5.438331129146589, "lr": 0.6269160166803346}, "datetime": {"datetime": "2024-04-03 23:31:58", "elapsed": 2.716926, "delta": 0.003245}}
{"target": -372.1237626012279, "params": {"gamma": 2.4302283105822404, "lr": 0.9138438752466082}, "datetime": {"datetime": "2024-04-03 23:31:58", "elapsed": 2.720166, "delta": 0.00324}}
{"target": -563.165516377797, "params": {"gamma": 6.223502974387487, "lr": 0.23169469139485988}, "datetime": {"datetime": "2024-04-03 23:31:58", "elapsed": 2.723369, "delta": 0.003203}}
{"target": -1887.3691973419418, "params": {"gamma": 7.701551743810476, "lr": 0.10550707999733477}, "datetime": {"datetime": "2024-04-03 23:31:58", "elapsed": 2.726606, "delta": 0.003237}}
{"target": -1576.483037172434, "params": {"gamma": 5.552697959994914, "lr": 0.0949560698024915}, "datetime": {"datetime": "2024-04-03 23:31:58", "elapsed": 2.729793, "delta": 0.003187}}
{"target": -450.33776474238005, "params": {"gamma": 5.810259742677521, "lr": 0.2529801127201884}, "datetime": {"datetime": "2024-04-03 23:31:58", "elapsed": 2.733016, "delta": 0.003223}}
{"target": -804.8545986302285, "params": {"gamma": 6.495018612739509, "lr": 0.71582695285818}, "datetime": {"datetime": "2024-04-03 23:31:58", "elapsed": 2.736413, "delta": 0.003397}}
{"target": -558.4367933090023, "params": {"gamma": 5.242331960072044, "lr": 0.6575214077031101}, "datetime": {"datetime": "2024-04-03 23:31:58", "elapsed": 2.739899, "delta": 0.003486}}
{"target": -1061.3352745119396, "params": {"gamma": 8.133125159405232, "lr": 0.8075122716430321}, "datetime": {"datetime": "2024-04-03 23:31:58", "elapsed": 2.743219, "delta": 0.00332}}
{"target": -565.0232810672376, "params": {"gamma": 6.197200238546574, "lr": 0.45110246212077487}, "datetime": {"datetime": "2024-04-03 23:31:58", "elapsed": 2.746401, "delta": 0.003182}}
{"target": -550.8845848546656, "params": {"gamma": 4.080091940484627, "lr": 0.8747476199043634}, "datetime": {"datetime": "2024-04-03 23:31:58", "elapsed": 2.749637, "delta": 0.003236}}
{"target": -789.8919566031783, "params": {"gamma": 7.029614389411599, "lr": 0.18493502237340165}, "datetime": {"datetime": "2024-04-03 23:31:58", "elapsed": 2.752846, "delta": 0.003209}}
{"target": -800.9627323879845, "params": {"gamma": 5.657755734146004, "lr": 0.9088080323000569}, "datetime": {"datetime": "2024-04-03 23:31:58", "elapsed": 2.7561, "delta": 0.003254}}
{"target": -225.39364743629272, "params": {"gamma": 1.5077492324904636, "lr": 0.8455176755307064}, "datetime": {"datetime": "2024-04-03 23:31:58", "elapsed": 2.759341, "delta": 0.003241}}
{"target": -744.0277095930516, "params": {"gamma": 8.202204460687183, "lr": 0.4993411012978345}, "datetime": {"datetime": "2024-04-03 23:31:58", "elapsed": 2.762589, "delta": 0.003248}}
{"target": -122.33223249839202, "params": {"gamma": 0.37680093100554635, "lr": 0.14750250539693543}, "datetime": {"datetime": "2024-04-03 23:31:58", "elapsed": 2.765788, "delta": 0.003199}}
{"target": -3132.9125606681105, "params": {"gamma": 9.226464308192023, "lr": 0.04415479603186245}, "datetime": {"datetime": "2024-04-03 23:31:58", "elapsed": 2.769236, "delta": 0.003448}}
{"target": -413.0243867051893, "params": {"gamma": 3.7256151652871896, "lr": 0.6190396347254709}, "datetime": {"datetime": "2024-04-03 23:31:58", "elapsed": 2.772749, "delta": 0.003513}}
{"target": -309.1766919941994, "params": {"gamma": 1.9702834411012529, "lr": 0.9810797572402973}, "datetime": {"datetime": "2024-04-03 23:31:58", "elapsed": 2.776132, "delta": 0.003383}}
{"target": -182.48044848519746, "params": {"gamma": 1.5605963552011808, "lr": 0.5396791951612744}, "datetime": {"datetime": "2024-04-03 23:31:58", "elapsed": 2.779407, "delta": 0.003275}}
{"target": -559.3887791656729, "params": {"gamma": 6.180495232142101, "lr": 0.2309899486697039}, "datetime": {"datetime": "2024-04-03 23:31:58", "elapsed": 2.782621, "delta": 0.003214}}
{"target": -428.75281020863014, "params": {"gamma": 4.663623583104205, "lr": 0.49100852913292925}, "datetime": {"datetime": "2024-04-03 23:31:58", "elapsed": 2.785794, "delta": 0.003173}}
{"target": -810.2108512909396, "params": {"gamma": 7.668856900889094, "lr": 0.6342807527738734}, "datetime": {"datetime": "2024-04-03 23:31:58", "elapsed": 2.789052, "delta": 0.003258}}
