{"target": -142.80113671762524, "params": {"gamma": 0.0011709139707189922, "prior": 2.0664613243595262, "rate": 6.14662096958272}, "datetime": {"datetime": "2024-04-08 11:50:14", "elapsed": 3741.786696, "delta": 9.192522}}
{"target": -142.80445362879607, "params": {"gamma": 0.0019271485140506302, "prior": 3.6010990962213647, "rate": 3.946771402545683}, "datetime": {"datetime": "2024-04-08 11:50:25", "elapsed": 3752.748819, "delta": 10.962123}}
{"target": -142.80277805286383, "params": {"gamma": 0.0013218011656924535, "prior": 2.3751377771731073, "rate": 7.024827594432749}, "datetime": {"datetime": "2024-04-08 11:50:32", "elapsed": 3759.107524, "delta": 6.358705}}
{"target": -142.79990599021667, "params": {"gamma": 0.004347125408833395, "prior": 6.9150468401551395, "rate": 0.2682645424726855}, "datetime": {"datetime": "2024-04-08 11:50:37", "elapsed": 3764.406872, "delta": 5.299348}}
{"target": -142.8267565722307, "params": {"gamma": 0.0050387998840729946, "prior": 7.589309590440834, "rate": 6.174246483979025}, "datetime": {"datetime": "2024-04-08 11:50:50", "elapsed": 3777.007025, "delta": 12.600153}}
{"target": -142.79033275296956, "params": {"gamma": 0.001, "prior": 6.281032583094301, "rate": 0.001}, "datetime": {"datetime": "2024-04-08 11:51:09", "elapsed": 3796.098149, "delta": 19.091124}}
{"target": -142.79761175336893, "params": {"gamma": 0.001, "prior": 5.773130547565634, "rate": 8.96586870588166}, "datetime": {"datetime": "2024-04-08 11:51:15", "elapsed": 3802.768656, "delta": 6.670507}}
{"target": -142.79033190969207, "params": {"gamma": 0.001, "prior": 8.978583260896732, "rate": 0.001}, "datetime": {"datetime": "2024-04-08 11:51:25", "elapsed": 3812.537202, "delta": 9.768546}}
{"target": -142.79942612600072, "params": {"gamma": 0.001, "prior": 1.466277107367938, "rate": 4.685922605795799}, "datetime": {"datetime": "2024-04-08 11:51:39", "elapsed": 3826.121199, "delta": 13.583997}}
{"target": -142.7933662626012, "params": {"gamma": 0.001, "prior": 5.25639088626453, "rate": 1.4866220889910269}, "datetime": {"datetime": "2024-04-08 11:51:44", "elapsed": 3831.199968, "delta": 5.078769}}
{"target": -142.8097641768657, "params": {"gamma": 0.0021365606753544673, "prior": 2.651770139855776, "rate": 5.394083598504246}, "datetime": {"datetime": "2024-04-08 11:51:54", "elapsed": 3841.225176, "delta": 10.025208}}
{"target": -142.8033511713157, "params": {"gamma": 0.0018886560861226863, "prior": 6.639882528327137, "rate": 6.252340000138872}, "datetime": {"datetime": "2024-04-08 11:52:06", "elapsed": 3853.072995, "delta": 11.847819}}
{"target": -142.79205148151792, "params": {"gamma": 0.001, "prior": 10.0, "rate": 1.2827564293859472}, "datetime": {"datetime": "2024-04-08 11:52:10", "elapsed": 3857.663409, "delta": 4.590414}}
{"target": -142.85883907557067, "params": {"gamma": 0.016299703486661224, "prior": 7.7867071672858295, "rate": 1.3473164886394342}, "datetime": {"datetime": "2024-04-08 11:52:18", "elapsed": 3865.152447, "delta": 7.489038}}
{"target": -142.790373116427, "params": {"gamma": 0.001, "prior": 0.4059805535571405, "rate": 0.001}, "datetime": {"datetime": "2024-04-08 11:52:25", "elapsed": 3872.273586, "delta": 7.121139}}
{"target": -142.85795406776083, "params": {"gamma": 0.0053395812686874156, "prior": 1.2502280754705037, "rate": 9.842716546609017}, "datetime": {"datetime": "2024-04-08 11:52:34", "elapsed": 3881.034548, "delta": 8.760962}}
{"target": -142.81291087554925, "params": {"gamma": 0.003110545742948847, "prior": 7.885011242856919, "rate": 7.2111752084250105}, "datetime": {"datetime": "2024-04-08 11:52:51", "elapsed": 3898.107133, "delta": 17.072585}}
{"target": -142.79649861389606, "params": {"gamma": 0.001, "prior": 9.005685950857671, "rate": 9.265528061412365}, "datetime": {"datetime": "2024-04-08 11:53:03", "elapsed": 3910.748352, "delta": 12.641219}}
{"target": -142.79338947235144, "params": {"gamma": 0.001, "prior": 9.16740139203747, "rate": 2.6231839065048046}, "datetime": {"datetime": "2024-04-08 11:53:13", "elapsed": 3920.213815, "delta": 9.465463}}
{"target": -142.79564202248832, "params": {"gamma": 0.001, "prior": 8.11683825219794, "rate": 6.063358697430901}, "datetime": {"datetime": "2024-04-08 11:53:25", "elapsed": 3932.533037, "delta": 12.319222}}
{"target": -142.81806718966553, "params": {"gamma": 0.0034890727704486903, "prior": 3.8390093846740916, "rate": 4.392039393778859}, "datetime": {"datetime": "2024-04-08 11:53:34", "elapsed": 3941.119913, "delta": 8.586876}}
{"target": -142.79592808974363, "params": {"gamma": 0.001, "prior": 8.727934153593813, "rate": 7.263485668352434}, "datetime": {"datetime": "2024-04-08 11:53:46", "elapsed": 3953.179965, "delta": 12.060052}}
{"target": -142.79595999075974, "params": {"gamma": 0.0016515874651293128, "prior": 5.066176589181905, "rate": 1.1430801467270804}, "datetime": {"datetime": "2024-04-08 11:53:54", "elapsed": 3961.886488, "delta": 8.706523}}
{"target": -142.83975558638133, "params": {"gamma": 0.005688014134504831, "prior": 0.9897442721641101, "rate": 1.3393527744673726}, "datetime": {"datetime": "2024-04-08 11:54:06", "elapsed": 3973.349757, "delta": 11.463269}}
{"target": -142.81131321849233, "params": {"gamma": 0.003737771532118452, "prior": 7.531840308506573, "rate": 3.4748060448588025}, "datetime": {"datetime": "2024-04-08 11:54:12", "elapsed": 3979.159417, "delta": 5.80966}}
{"target": -142.8009137584021, "params": {"gamma": 0.00132294151249213, "prior": 3.960911184582415, "rate": 6.677179149561898}, "datetime": {"datetime": "2024-04-08 11:54:21", "elapsed": 3988.040845, "delta": 8.881428}}
{"target": -142.7903320192364, "params": {"gamma": 0.001, "prior": 8.504186109410576, "rate": 0.001}, "datetime": {"datetime": "2024-04-08 11:54:26", "elapsed": 3993.116823, "delta": 5.075978}}
{"target": -142.79739890068947, "params": {"gamma": 0.001, "prior": 5.037604881331917, "rate": 7.226977521209593}, "datetime": {"datetime": "2024-04-08 11:54:41", "elapsed": 4008.078886, "delta": 14.962063}}
{"target": -142.81205400988677, "params": {"gamma": 0.0020503358124192026, "prior": 2.3373276756296426, "rate": 9.055833383138046}, "datetime": {"datetime": "2024-04-08 11:54:57", "elapsed": 4024.699489, "delta": 16.620603}}
{"target": -142.79690679722822, "params": {"gamma": 0.001, "prior": 6.6929072307616355, "rate": 8.004583238759274}, "datetime": {"datetime": "2024-04-08 11:55:08", "elapsed": 4035.326038, "delta": 10.626549}}
{"target": -142.79922984095484, "params": {"gamma": 0.001, "prior": 2.874780513120944, "rate": 8.443588924383095}, "datetime": {"datetime": "2024-04-08 11:55:24", "elapsed": 4051.188351, "delta": 15.862313}}
{"target": -142.80021624619826, "params": {"gamma": 0.001, "prior": 2.164573005554334, "rate": 10.0}, "datetime": {"datetime": "2024-04-08 11:55:31", "elapsed": 4058.366638, "delta": 7.178287}}
{"target": -142.796608670766, "params": {"gamma": 0.001, "prior": 4.3117815662219385, "rate": 4.620112616868305}, "datetime": {"datetime": "2024-04-08 11:55:36", "elapsed": 4062.976971, "delta": 4.610333}}
{"target": -142.79554223734826, "params": {"gamma": 0.001, "prior": 10.0, "rate": 7.191225590231562}, "datetime": {"datetime": "2024-04-08 11:55:43", "elapsed": 4070.045082, "delta": 7.068111}}
{"target": -142.7955873060696, "params": {"gamma": 0.001, "prior": 7.062157493036511, "rate": 5.166718071446358}, "datetime": {"datetime": "2024-04-08 11:55:53", "elapsed": 4080.21006, "delta": 10.164978}}
{"target": -142.79753970725838, "params": {"gamma": 0.001, "prior": 5.364667930458875, "rate": 8.110301895846641}, "datetime": {"datetime": "2024-04-08 11:56:08", "elapsed": 4095.062269, "delta": 14.852209}}
{"target": -142.8000325638645, "params": {"gamma": 0.0010921308862529011, "prior": 2.315091648963311, "rate": 6.282552584985171}, "datetime": {"datetime": "2024-04-08 11:56:14", "elapsed": 4101.484948, "delta": 6.422679}}
{"target": -142.8087620390259, "params": {"gamma": 0.0015688338928053027, "prior": 0.6851679860232484, "rate": 6.075944976328991}, "datetime": {"datetime": "2024-04-08 11:56:21", "elapsed": 4108.959532, "delta": 7.474584}}
{"target": -142.91488341038107, "params": {"gamma": 0.01252039365447805, "prior": 1.353459734948969, "rate": 2.511644131327269}, "datetime": {"datetime": "2024-04-08 11:56:28", "elapsed": 4115.845257, "delta": 6.885725}}
{"target": -142.84850429719145, "params": {"gamma": 0.004554469462607776, "prior": 0.8783138205790019, "rate": 7.97471241691062}, "datetime": {"datetime": "2024-04-08 11:56:38", "elapsed": 4125.352772, "delta": 9.507515}}
{"target": -142.79709527257398, "params": {"gamma": 0.001, "prior": 6.083709367477062, "rate": 7.799832520635356}, "datetime": {"datetime": "2024-04-08 11:56:45", "elapsed": 4132.29248, "delta": 6.939708}}
{"target": -142.7941583134243, "params": {"gamma": 0.001442491138245559, "prior": 5.658081951509602, "rate": 0.9024695085217597}, "datetime": {"datetime": "2024-04-08 11:56:55", "elapsed": 4142.932573, "delta": 10.640093}}
{"target": -142.81240707444334, "params": {"gamma": 0.00298830153420061, "prior": 9.617748621303639, "rate": 9.320406373116725}, "datetime": {"datetime": "2024-04-08 11:57:05", "elapsed": 4152.577229, "delta": 9.644656}}
{"target": -142.79190499009056, "params": {"gamma": 0.001, "prior": 6.78339636225223, "rate": 0.7771362636429024}, "datetime": {"datetime": "2024-04-08 11:57:13", "elapsed": 4160.52566, "delta": 7.948431}}
{"target": -142.79914655250474, "params": {"gamma": 0.001, "prior": 3.5265038030086404, "rate": 10.0}, "datetime": {"datetime": "2024-04-08 11:57:32", "elapsed": 4179.741299, "delta": 19.215639}}
{"target": -142.80646379772568, "params": {"gamma": 0.00125966995351595, "prior": 0.12193121787652932, "rate": 6.086801354967578}, "datetime": {"datetime": "2024-04-08 11:57:39", "elapsed": 4186.557421, "delta": 6.816122}}
{"target": -142.79464359835484, "params": {"gamma": 0.001, "prior": 5.327121342622588, "rate": 2.685300511924213}, "datetime": {"datetime": "2024-04-08 11:57:57", "elapsed": 4204.832897, "delta": 18.275476}}
{"target": -142.80457015630628, "params": {"gamma": 0.0018574997891851845, "prior": 7.700537383755932, "rate": 9.697419241345836}, "datetime": {"datetime": "2024-04-08 11:58:15", "elapsed": 4222.110053, "delta": 17.277156}}
{"target": -142.79550894330455, "params": {"gamma": 0.001, "prior": 5.185421434846165, "rate": 3.6817358440217482}, "datetime": {"datetime": "2024-04-08 11:58:19", "elapsed": 4226.507467, "delta": 4.397414}}
{"target": -142.80483024717296, "params": {"gamma": 0.0021202964638473865, "prior": 7.703752857209436, "rate": 6.794193631030464}, "datetime": {"datetime": "2024-04-08 11:58:31", "elapsed": 4238.648321, "delta": 12.140854}}
{"target": -142.80097923331758, "params": {"gamma": 0.001, "prior": 1.415592934592118, "rate": 10.0}, "datetime": {"datetime": "2024-04-08 11:58:41", "elapsed": 4248.050208, "delta": 9.401887}}
{"target": -142.79781084352194, "params": {"gamma": 0.001, "prior": 5.975190086081716, "rate": 10.0}, "datetime": {"datetime": "2024-04-08 11:58:54", "elapsed": 4261.22357, "delta": 13.173362}}
{"target": -142.7934249078399, "params": {"gamma": 0.001732851297406749, "prior": 5.724169431428488, "rate": 0.34823208466479083}, "datetime": {"datetime": "2024-04-08 11:59:04", "elapsed": 4271.352967, "delta": 10.129397}}
{"target": -142.8730222310727, "params": {"gamma": 0.006246900312683751, "prior": 0.45296283857367814, "rate": 4.978968750800453}, "datetime": {"datetime": "2024-04-08 11:59:18", "elapsed": 4285.800885, "delta": 14.447918}}
{"target": -142.79955038708212, "params": {"gamma": 0.001, "prior": 2.2779146417022997, "rate": 7.688873475855733}, "datetime": {"datetime": "2024-04-08 11:59:32", "elapsed": 4299.664513, "delta": 13.863628}}
{"target": -142.79085642209205, "params": {"gamma": 0.001, "prior": 10.0, "rate": 0.3236813851280378}, "datetime": {"datetime": "2024-04-08 11:59:53", "elapsed": 4320.083206, "delta": 20.418693}}
{"target": -142.79663896408016, "params": {"gamma": 0.001, "prior": 5.535441787834796, "rate": 5.997919676222318}, "datetime": {"datetime": "2024-04-08 11:59:58", "elapsed": 4325.926866, "delta": 5.84366}}
{"target": -142.87460553323987, "params": {"gamma": 0.007188313252511894, "prior": 2.228027341782909, "rate": 9.556484429580586}, "datetime": {"datetime": "2024-04-08 12:00:12", "elapsed": 4339.203593, "delta": 13.276727}}
{"target": -142.79695311320083, "params": {"gamma": 0.001, "prior": 7.515242853755257, "rate": 9.142867252663537}, "datetime": {"datetime": "2024-04-08 12:00:28", "elapsed": 4355.75644, "delta": 16.552847}}
{"target": -142.79694454084714, "params": {"gamma": 0.001, "prior": 8.245808335512313, "rate": 10.0}, "datetime": {"datetime": "2024-04-08 12:00:41", "elapsed": 4368.444664, "delta": 12.688224}}
{"target": -142.7961380356182, "params": {"gamma": 0.001102129930859709, "prior": 4.718885896126536, "rate": 3.2275398725124895}, "datetime": {"datetime": "2024-04-08 12:01:02", "elapsed": 4389.344981, "delta": 20.900317}}
{"target": -142.80441895414143, "params": {"gamma": 0.00573873926978038, "prior": 5.133415611112541, "rate": 0.24461783967847517}, "datetime": {"datetime": "2024-04-08 12:01:16", "elapsed": 4403.452406, "delta": 14.107425}}
{"target": -142.832128269166, "params": {"gamma": 0.005331074438997558, "prior": 7.498495321226754, "rate": 7.552390637331517}, "datetime": {"datetime": "2024-04-08 12:01:24", "elapsed": 4411.049941, "delta": 7.597535}}
{"target": -142.81116046015137, "params": {"gamma": 0.0023445633254285513, "prior": 2.5326163242296653, "rate": 4.59111742730528}, "datetime": {"datetime": "2024-04-08 12:01:29", "elapsed": 4416.567048, "delta": 5.517107}}
{"target": -142.7986086474353, "params": {"gamma": 0.001, "prior": 3.5080123301290964, "rate": 7.989911596217381}, "datetime": {"datetime": "2024-04-08 12:01:34", "elapsed": 4421.389031, "delta": 4.821983}}
{"target": -142.8502259304224, "params": {"gamma": 0.006607793986190156, "prior": 1.3471177503682845, "rate": 2.0334058354692477}, "datetime": {"datetime": "2024-04-08 12:01:42", "elapsed": 4429.229225, "delta": 7.840194}}
{"target": -142.80072666763616, "params": {"gamma": 0.001045418405417266, "prior": 1.4231849511232815, "rate": 6.47495044217888}, "datetime": {"datetime": "2024-04-08 12:01:57", "elapsed": 4443.986533, "delta": 14.757308}}
{"target": -142.8028862095131, "params": {"gamma": 0.001, "prior": 0.1, "rate": 9.594931307710112}, "datetime": {"datetime": "2024-04-08 12:02:07", "elapsed": 4454.365669, "delta": 10.379136}}
{"target": -142.7903369942021, "params": {"gamma": 0.001, "prior": 2.500176353481725, "rate": 0.001}, "datetime": {"datetime": "2024-04-08 12:02:24", "elapsed": 4471.755922, "delta": 17.390253}}
{"target": -142.8245365947388, "params": {"gamma": 0.002553904686051288, "prior": 0.3676292764339959, "rate": 9.88512617857001}, "datetime": {"datetime": "2024-04-08 12:02:32", "elapsed": 4479.21498, "delta": 7.459058}}
{"target": -142.79808633716834, "params": {"gamma": 0.001, "prior": 4.492627206240667, "rate": 8.348204622662658}, "datetime": {"datetime": "2024-04-08 12:02:40", "elapsed": 4487.098478, "delta": 7.883498}}
{"target": -142.81957328636528, "params": {"gamma": 0.004505942481765201, "prior": 7.022096381752128, "rate": 4.4153953988167665}, "datetime": {"datetime": "2024-04-08 12:02:49", "elapsed": 4496.391515, "delta": 9.293037}}
{"target": -142.79375643412322, "params": {"gamma": 0.001, "prior": 6.846887319918993, "rate": 2.341018541695501}, "datetime": {"datetime": "2024-04-08 12:02:56", "elapsed": 4503.646928, "delta": 7.255413}}
{"target": -142.795400547733, "params": {"gamma": 0.001, "prior": 8.922808477688173, "rate": 6.076775030298131}, "datetime": {"datetime": "2024-04-08 12:03:09", "elapsed": 4516.623025, "delta": 12.976097}}
{"target": -142.7943018967411, "params": {"gamma": 0.001, "prior": 8.07150897334035, "rate": 3.5251790648308514}, "datetime": {"datetime": "2024-04-08 12:03:17", "elapsed": 4524.717043, "delta": 8.094018}}
{"target": -142.80300403195733, "params": {"gamma": 0.0015976895550394773, "prior": 4.0476625364595415, "rate": 6.0167020059866125}, "datetime": {"datetime": "2024-04-08 12:03:23", "elapsed": 4530.612286, "delta": 5.895243}}
{"target": -142.80610208858312, "params": {"gamma": 0.0012765018460748887, "prior": 0.2477202641137467, "rate": 5.178394614216918}, "datetime": {"datetime": "2024-04-08 12:03:41", "elapsed": 4548.597678, "delta": 17.985392}}
{"target": -142.83475886095812, "params": {"gamma": 0.005272369756689522, "prior": 5.676704559092589, "rate": 7.082986330529408}, "datetime": {"datetime": "2024-04-08 12:03:49", "elapsed": 4556.580602, "delta": 7.982924}}
{"target": -142.7947437282656, "params": {"gamma": 0.001, "prior": 6.916730722002865, "rate": 3.632491095660873}, "datetime": {"datetime": "2024-04-08 12:04:05", "elapsed": 4572.271966, "delta": 15.691364}}
{"target": -142.79480387340885, "params": {"gamma": 0.001, "prior": 2.7854415774226076, "rate": 1.4990119382189862}, "datetime": {"datetime": "2024-04-08 12:04:15", "elapsed": 4582.752524, "delta": 10.480558}}
{"target": -142.79750271430663, "params": {"gamma": 0.001, "prior": 3.2091066581257577, "rate": 4.785075377087214}, "datetime": {"datetime": "2024-04-08 12:04:32", "elapsed": 4599.446658, "delta": 16.694134}}
{"target": -142.7988901336538, "params": {"gamma": 0.001548711847580766, "prior": 7.651934300396825, "rate": 4.700287291666414}, "datetime": {"datetime": "2024-04-08 12:04:41", "elapsed": 4608.540169, "delta": 9.093511}}
{"target": -142.80594635347018, "params": {"gamma": 0.006908681603895143, "prior": 8.850665207119722, "rate": 0.26024055576126276}, "datetime": {"datetime": "2024-04-08 12:04:48", "elapsed": 4615.760903, "delta": 7.220734}}
{"target": -142.83758844148403, "params": {"gamma": 0.0039319482360624085, "prior": 0.22170759620045577, "rate": 1.3379574757569788}, "datetime": {"datetime": "2024-04-08 12:04:59", "elapsed": 4626.237107, "delta": 10.476204}}
{"target": -142.842700359179, "params": {"gamma": 0.00590249990538466, "prior": 6.428152041017652, "rate": 9.233798356880131}, "datetime": {"datetime": "2024-04-08 12:05:08", "elapsed": 4635.866596, "delta": 9.629489}}
{"target": -142.7971080512512, "params": {"gamma": 0.001, "prior": 4.577538909938039, "rate": 5.896550906929093}, "datetime": {"datetime": "2024-04-08 12:05:14", "elapsed": 4641.951404, "delta": 6.084808}}
{"target": -142.82754449446148, "params": {"gamma": 0.004894485889121114, "prior": 6.1384753070667495, "rate": 5.761012033682066}, "datetime": {"datetime": "2024-04-08 12:05:31", "elapsed": 4658.283461, "delta": 16.332057}}
{"target": -142.79777674149443, "params": {"gamma": 0.001, "prior": 3.7790930301779806, "rate": 6.243883260508876}, "datetime": {"datetime": "2024-04-08 12:05:36", "elapsed": 4663.383337, "delta": 5.099876}}
{"target": -142.81793009643644, "params": {"gamma": 0.002617745633653608, "prior": 0.8983982324900213, "rate": 3.057364670689394}, "datetime": {"datetime": "2024-04-08 12:05:43", "elapsed": 4670.74959, "delta": 7.366253}}
{"target": -142.79448277009254, "params": {"gamma": 0.0017516927585750379, "prior": 2.3472974916341425, "rate": 0.25310482564656267}, "datetime": {"datetime": "2024-04-08 12:05:52", "elapsed": 4679.144558, "delta": 8.394968}}
{"target": -142.80060546059931, "params": {"gamma": 0.001, "prior": 1.3438892252692511, "rate": 7.62367266876626}, "datetime": {"datetime": "2024-04-08 12:06:01", "elapsed": 4688.682116, "delta": 9.537558}}
{"target": -142.79566611395737, "params": {"gamma": 0.001, "prior": 8.967662333484833, "rate": 6.760539242017703}, "datetime": {"datetime": "2024-04-08 12:06:14", "elapsed": 4701.823085, "delta": 13.140969}}
{"target": -142.82835597945976, "params": {"gamma": 0.005657964397711905, "prior": 3.4998185694928794, "rate": 2.304352623038116}, "datetime": {"datetime": "2024-04-08 12:06:25", "elapsed": 4712.357162, "delta": 10.534077}}
{"target": -142.79699244270626, "params": {"gamma": 0.0013209209441415151, "prior": 8.79822452537831, "rate": 4.882687563505683}, "datetime": {"datetime": "2024-04-08 12:06:35", "elapsed": 4722.279692, "delta": 9.92253}}
{"target": -142.79593995023382, "params": {"gamma": 0.001, "prior": 6.827735620368379, "rate": 5.707451327332352}, "datetime": {"datetime": "2024-04-08 12:06:43", "elapsed": 4730.651833, "delta": 8.372141}}
{"target": -142.80145833900465, "params": {"gamma": 0.001, "prior": 0.8610229079348054, "rate": 8.445206177087355}, "datetime": {"datetime": "2024-04-08 12:06:59", "elapsed": 4746.502411, "delta": 15.850578}}
{"target": -142.79123177767787, "params": {"gamma": 0.001, "prior": 8.282406596819749, "rate": 0.48725844226372195}, "datetime": {"datetime": "2024-04-08 12:07:09", "elapsed": 4756.029181, "delta": 9.52677}}
{"target": -142.84030458709654, "params": {"gamma": 0.005869166117055076, "prior": 6.990808257410444, "rate": 8.83187883188308}, "datetime": {"datetime": "2024-04-08 12:07:18", "elapsed": 4765.054382, "delta": 9.025201}}
{"target": -142.79466921858918, "params": {"gamma": 0.001, "prior": 9.705002773266, "rate": 4.943892245531866}, "datetime": {"datetime": "2024-04-08 12:07:30", "elapsed": 4777.25657, "delta": 12.202188}}
{"target": -142.8114910639886, "params": {"gamma": 0.0026378386400455252, "prior": 2.1225992165499252, "rate": 2.688924917218724}, "datetime": {"datetime": "2024-04-08 12:07:37", "elapsed": 4784.911663, "delta": 7.655093}}
{"target": -142.7966370700944, "params": {"gamma": 0.001, "prior": 9.23538480149573, "rate": 10.0}, "datetime": {"datetime": "2024-04-08 12:07:45", "elapsed": 4792.466057, "delta": 7.554394}}
{"target": -142.7992695538625, "params": {"gamma": 0.0015997183232768018, "prior": 0.968388137576411, "rate": 0.5992162512423844}, "datetime": {"datetime": "2024-04-08 12:07:57", "elapsed": 4804.318637, "delta": 11.85258}}
{"target": -142.79661433329716, "params": {"gamma": 0.001, "prior": 6.25017376394778, "rate": 6.711120765195524}, "datetime": {"datetime": "2024-04-08 12:08:14", "elapsed": 4821.715998, "delta": 17.397361}}
