{"target": -720.965423655124, "params": {"gamma": 3.373427788071878, "lr": 0.617818683573092}, "datetime": {"datetime": "2024-04-04 05:49:27", "elapsed": 2390.992626, "delta": 14.943411}}
{"target": -726.8025712592239, "params": {"gamma": 2.895710982216775, "lr": 0.8032479685851863}, "datetime": {"datetime": "2024-04-04 05:49:37", "elapsed": 2401.337971, "delta": 10.345345}}
{"target": -1907.330919216324, "params": {"gamma": 4.12529852265234, "lr": 0.0019477233795570648}, "datetime": {"datetime": "2024-04-04 05:49:43", "elapsed": 2406.908165, "delta": 5.570194}}
{"target": -632.0044786066399, "params": {"gamma": 3.0354333929038226, "lr": 0.5690876812542105}, "datetime": {"datetime": "2024-04-04 05:49:47", "elapsed": 2410.750354, "delta": 3.842189}}
{"target": -1146.7439884698729, "params": {"gamma": 4.889069015850621, "lr": 0.2737675392105853}, "datetime": {"datetime": "2024-04-04 05:49:58", "elapsed": 2421.860518, "delta": 11.110164}}
{"target": -598.41470183617, "params": {"gamma": 2.4185407388853535, "lr": 0.7677730909599981}, "datetime": {"datetime": "2024-04-04 05:50:06", "elapsed": 2430.173425, "delta": 8.312907}}
{"target": -635.3272436623707, "params": {"gamma": 2.738117644133278, "lr": 0.7256994509446586}, "datetime": {"datetime": "2024-04-04 05:50:17", "elapsed": 2441.448121, "delta": 11.274696}}
{"target": -438.33023889335306, "params": {"gamma": 0.8583749214180689, "lr": 0.0024646492613821236}, "datetime": {"datetime": "2024-04-04 05:50:22", "elapsed": 2445.993364, "delta": 4.545243}}
{"target": -313.3976463804118, "params": {"gamma": 1.361326775215691, "lr": 0.6270925247769968}, "datetime": {"datetime": "2024-04-04 05:50:28", "elapsed": 2452.319482, "delta": 6.326118}}
{"target": -408.232068912697, "params": {"gamma": 0.8391486253810937, "lr": 0.10897985638328445}, "datetime": {"datetime": "2024-04-04 05:50:35", "elapsed": 2458.897081, "delta": 6.577599}}
{"target": -739.451857375666, "params": {"gamma": 3.5501028387356772, "lr": 0.5846065622354787}, "datetime": {"datetime": "2024-04-04 05:50:45", "elapsed": 2469.248823, "delta": 10.351742}}
{"target": -179.3449334324653, "params": {"gamma": 0.541627920353105, "lr": 0.7470243311047825}, "datetime": {"datetime": "2024-04-04 05:50:51", "elapsed": 2475.618305, "delta": 6.369482}}
{"target": -144.86776073702882, "params": {"gamma": 1.899514592326406, "lr": 0.0}, "datetime": {"datetime": "2024-04-04 05:50:58", "elapsed": 2482.227356, "delta": 6.609051}}
{"target": -894.2317714516314, "params": {"gamma": 1.883941313511543, "lr": 0.04129286404199106}, "datetime": {"datetime": "2024-04-04 05:51:05", "elapsed": 2488.9699, "delta": 6.742544}}
{"target": -479.5425663775927, "params": {"gamma": 1.8301030179714861, "lr": 0.9327556931057189}, "datetime": {"datetime": "2024-04-04 05:51:12", "elapsed": 2496.542464, "delta": 7.572564}}
{"target": -413.78875514042346, "params": {"gamma": 0.8015733339927871, "lr": 0.001520627803784591}, "datetime": {"datetime": "2024-04-04 05:51:17", "elapsed": 2501.67443, "delta": 5.131966}}
{"target": -981.1619349244946, "params": {"gamma": 2.172803653144574, "lr": 0.10967526276673978}, "datetime": {"datetime": "2024-04-04 05:51:24", "elapsed": 2507.971792, "delta": 6.297362}}
{"target": -1962.325624033883, "params": {"gamma": 9.342132532780054, "lr": 0.6371360829163196}, "datetime": {"datetime": "2024-04-04 05:51:26", "elapsed": 2510.522663, "delta": 2.550871}}
{"target": -579.1034480937211, "params": {"gamma": 2.6363963374651007, "lr": 0.4004649428733066}, "datetime": {"datetime": "2024-04-04 05:51:32", "elapsed": 2516.450864, "delta": 5.928201}}
{"target": -655.1163531657232, "params": {"gamma": 2.3949450217760853, "lr": 0.22525166402557084}, "datetime": {"datetime": "2024-04-04 05:51:38", "elapsed": 2521.924446, "delta": 5.473582}}
{"target": -391.88679768292985, "params": {"gamma": 0.7505025544359986, "lr": 0.0004481654156320847}, "datetime": {"datetime": "2024-04-04 05:51:42", "elapsed": 2526.607905, "delta": 4.683459}}
{"target": -828.3105090802397, "params": {"gamma": 2.672524239270699, "lr": 0.2085219169232604}, "datetime": {"datetime": "2024-04-04 05:51:52", "elapsed": 2536.121986, "delta": 9.514081}}
{"target": -144.86776073702882, "params": {"gamma": 0.6701560423792162, "lr": 0.0}, "datetime": {"datetime": "2024-04-04 05:51:57", "elapsed": 2540.731434, "delta": 4.609448}}
{"target": -880.3244317618563, "params": {"gamma": 4.42753430530779, "lr": 0.44764443111171964}, "datetime": {"datetime": "2024-04-04 05:52:04", "elapsed": 2548.387674, "delta": 7.65624}}
{"target": -563.6505485863701, "params": {"gamma": 2.835256267933232, "lr": 0.48048704486257754}, "datetime": {"datetime": "2024-04-04 05:52:10", "elapsed": 2554.311103, "delta": 5.923429}}
{"target": -786.1911383285836, "params": {"gamma": 2.0443300375895133, "lr": 0.171760907052128}, "datetime": {"datetime": "2024-04-04 05:52:22", "elapsed": 2565.957627, "delta": 11.646524}}
{"target": -732.8314802916354, "params": {"gamma": 3.551885842796948, "lr": 0.3996142165866481}, "datetime": {"datetime": "2024-04-04 05:52:27", "elapsed": 2571.592371, "delta": 5.634744}}
{"target": -717.5095000317556, "params": {"gamma": 2.596309563298521, "lr": 1.0}, "datetime": {"datetime": "2024-04-04 05:52:37", "elapsed": 2581.081549, "delta": 9.489178}}
{"target": -621.3695444454761, "params": {"gamma": 3.085381351598276, "lr": 0.45095080015786126}, "datetime": {"datetime": "2024-04-04 05:52:44", "elapsed": 2588.553206, "delta": 7.471657}}
{"target": -313.39914916329036, "params": {"gamma": 1.3613347019013826, "lr": 0.6273152456119556}, "datetime": {"datetime": "2024-04-04 05:52:47", "elapsed": 2590.746758, "delta": 2.193552}}
{"target": -271.87068500883805, "params": {"gamma": 0.7633025008321904, "lr": 0.2039810353532372}, "datetime": {"datetime": "2024-04-04 05:52:55", "elapsed": 2599.1578, "delta": 8.411042}}
{"target": -270.64463027630046, "params": {"gamma": 1.1004375747614583, "lr": 0.4118910089772523}, "datetime": {"datetime": "2024-04-04 05:53:05", "elapsed": 2609.27846, "delta": 10.12066}}
{"target": -450.0121781211073, "params": {"gamma": 1.7716732381678193, "lr": 0.783824840001848}, "datetime": {"datetime": "2024-04-04 05:53:10", "elapsed": 2613.788219, "delta": 4.509759}}
{"target": -325.20618217425323, "params": {"gamma": 1.538628835253233, "lr": 0.469196010222906}, "datetime": {"datetime": "2024-04-04 05:53:23", "elapsed": 2627.248444, "delta": 13.460225}}
{"target": -301.978795591357, "params": {"gamma": 1.3129146648757806, "lr": 0.5447090096294536}, "datetime": {"datetime": "2024-04-04 05:53:33", "elapsed": 2637.556038, "delta": 10.307594}}
{"target": -367.17077749085695, "params": {"gamma": 1.3669090439476392, "lr": 0.8710005442625104}, "datetime": {"datetime": "2024-04-04 05:53:38", "elapsed": 2642.194424, "delta": 4.638386}}
{"target": -308.5815549459407, "params": {"gamma": 1.3021531477477393, "lr": 0.4150698109881399}, "datetime": {"datetime": "2024-04-04 05:53:41", "elapsed": 2644.819108, "delta": 2.624684}}
{"target": -264.9312609235845, "params": {"gamma": 0.4400839949676751, "lr": 0.043317908443536224}, "datetime": {"datetime": "2024-04-04 05:53:46", "elapsed": 2649.962702, "delta": 5.143594}}
{"target": -798.5851606078343, "params": {"gamma": 4.075440111809595, "lr": 0.4978205673538293}, "datetime": {"datetime": "2024-04-04 05:53:59", "elapsed": 2663.295079, "delta": 13.332377}}
{"target": -845.6719510835369, "params": {"gamma": 3.669670124571052, "lr": 0.7017073343961931}, "datetime": {"datetime": "2024-04-04 05:54:06", "elapsed": 2669.808188, "delta": 6.513109}}
{"target": -283.41689848290133, "params": {"gamma": 0.9959795844944265, "lr": 0.8670716621790977}, "datetime": {"datetime": "2024-04-04 05:54:19", "elapsed": 2683.086247, "delta": 13.278059}}
{"target": -998.8060280344557, "params": {"gamma": 4.328377198525297, "lr": 0.6877481853373111}, "datetime": {"datetime": "2024-04-04 05:54:26", "elapsed": 2690.034699, "delta": 6.948452}}
{"target": -411.31596832101457, "params": {"gamma": 1.8317621569116826, "lr": 0.2873478390320813}, "datetime": {"datetime": "2024-04-04 05:54:37", "elapsed": 2701.314093, "delta": 11.279394}}
{"target": -403.4005744259175, "params": {"gamma": 1.6376959702550773, "lr": 0.2722677106199767}, "datetime": {"datetime": "2024-04-04 05:54:46", "elapsed": 2709.983779, "delta": 8.669686}}
{"target": -437.32513079499086, "params": {"gamma": 1.6768714321830913, "lr": 0.8096622399996697}, "datetime": {"datetime": "2024-04-04 05:54:56", "elapsed": 2720.449999, "delta": 10.46622}}
{"target": -334.48090647908816, "params": {"gamma": 1.130434079331145, "lr": 1.0}, "datetime": {"datetime": "2024-04-04 05:55:01", "elapsed": 2725.690979, "delta": 5.24098}}
{"target": -756.433344320741, "params": {"gamma": 3.6339994630054293, "lr": 0.5746483724288699}, "datetime": {"datetime": "2024-04-04 05:55:06", "elapsed": 2730.100305, "delta": 4.409326}}
{"target": -1405.6978079335956, "params": {"gamma": 5.149485029816199, "lr": 1.0}, "datetime": {"datetime": "2024-04-04 05:55:13", "elapsed": 2737.35004, "delta": 7.249735}}
{"target": -307.8594987663006, "params": {"gamma": 1.1069705529855183, "lr": 0.9116132962085358}, "datetime": {"datetime": "2024-04-04 05:55:20", "elapsed": 2744.314027, "delta": 6.963987}}
{"target": -268.3330599041604, "params": {"gamma": 1.2090436375520415, "lr": 0.47514751525161925}, "datetime": {"datetime": "2024-04-04 05:55:27", "elapsed": 2751.359883, "delta": 7.045856}}
{"target": -414.81000018214365, "params": {"gamma": 2.0353480983066357, "lr": 0.4669453982878454}, "datetime": {"datetime": "2024-04-04 05:55:38", "elapsed": 2762.647687, "delta": 11.287804}}
{"target": -538.6293563058201, "params": {"gamma": 2.340681529799821, "lr": 0.7449397544539142}, "datetime": {"datetime": "2024-04-04 05:55:49", "elapsed": 2773.178371, "delta": 10.530684}}
{"target": -250.5210144240511, "params": {"gamma": 1.046003955021191, "lr": 0.5959193138336506}, "datetime": {"datetime": "2024-04-04 05:55:57", "elapsed": 2781.671762, "delta": 8.493391}}
{"target": -237.34786144714877, "params": {"gamma": 0.9417667464021711, "lr": 0.3681010022896054}, "datetime": {"datetime": "2024-04-04 05:56:06", "elapsed": 2790.515445, "delta": 8.843683}}
{"target": -382.9265935536913, "params": {"gamma": 1.33164045464585, "lr": 0.23610980990938968}, "datetime": {"datetime": "2024-04-04 05:56:14", "elapsed": 2798.088814, "delta": 7.573369}}
{"target": -751.5978373218493, "params": {"gamma": 3.610115711373371, "lr": 0.5932363555931583}, "datetime": {"datetime": "2024-04-04 05:56:16", "elapsed": 2800.495883, "delta": 2.407069}}
{"target": -220.06480280123097, "params": {"gamma": 0.3158002804170213, "lr": 0.044324837152845964}, "datetime": {"datetime": "2024-04-04 05:56:27", "elapsed": 2811.410183, "delta": 10.9143}}
{"target": -163.69474079216994, "params": {"gamma": 0.47460966152214057, "lr": 0.5805554418884662}, "datetime": {"datetime": "2024-04-04 05:56:35", "elapsed": 2818.890233, "delta": 7.48005}}
{"target": -1571.5628679791957, "params": {"gamma": 7.321374120462358, "lr": 0.3590698721427502}, "datetime": {"datetime": "2024-04-04 05:56:41", "elapsed": 2825.170982, "delta": 6.280749}}
{"target": -288.20524492369407, "params": {"gamma": 1.2000425554280338, "lr": 0.3443364788162394}, "datetime": {"datetime": "2024-04-04 05:56:46", "elapsed": 2829.843525, "delta": 4.672543}}
{"target": -144.86776073702882, "params": {"gamma": 1.9324422030920523, "lr": 0.0}, "datetime": {"datetime": "2024-04-04 05:56:57", "elapsed": 2840.75137, "delta": 10.907845}}
{"target": -277.5525801662099, "params": {"gamma": 1.169586873698316, "lr": 0.6355191855490384}, "datetime": {"datetime": "2024-04-04 05:57:02", "elapsed": 2846.364866, "delta": 5.613496}}
{"target": -252.81805049547694, "params": {"gamma": 0.8668442699513962, "lr": 0.8216190718653432}, "datetime": {"datetime": "2024-04-04 05:57:11", "elapsed": 2854.98074, "delta": 8.615874}}
{"target": -440.61640756058785, "params": {"gamma": 2.0043920363020806, "lr": 0.6233241941586865}, "datetime": {"datetime": "2024-04-04 05:57:16", "elapsed": 2859.856568, "delta": 4.875828}}
{"target": -186.28204718191498, "params": {"gamma": 0.5142599006078803, "lr": 0.9622398809588664}, "datetime": {"datetime": "2024-04-04 05:57:24", "elapsed": 2868.09473, "delta": 8.238162}}
{"target": -1406.5811356505162, "params": {"gamma": 6.681346283016929, "lr": 0.6414978529733563}, "datetime": {"datetime": "2024-04-04 05:57:26", "elapsed": 2870.695801, "delta": 2.601071}}
{"target": -312.8997339274293, "params": {"gamma": 1.46863697618433, "lr": 0.4774346780146056}, "datetime": {"datetime": "2024-04-04 05:57:35", "elapsed": 2879.004818, "delta": 8.309017}}
{"target": -161.12676740817386, "params": {"gamma": 0.38550174874728876, "lr": 0.2875373242183409}, "datetime": {"datetime": "2024-04-04 05:57:44", "elapsed": 2888.216168, "delta": 9.21135}}
{"target": -380.57432588568247, "params": {"gamma": 1.672129227072945, "lr": 0.3517913147091798}, "datetime": {"datetime": "2024-04-04 05:57:52", "elapsed": 2895.863758, "delta": 7.64759}}
{"target": -1803.6441161152356, "params": {"gamma": 8.768232412800886, "lr": 0.590076003911826}, "datetime": {"datetime": "2024-04-04 05:57:54", "elapsed": 2898.616541, "delta": 2.752783}}
{"target": -1599.8850727948168, "params": {"gamma": 7.85723855761296, "lr": 0.3873092151685561}, "datetime": {"datetime": "2024-04-04 05:57:57", "elapsed": 2901.299482, "delta": 2.682941}}
{"target": -273.75755826936916, "params": {"gamma": 1.032587779213287, "lr": 0.6725075376253894}, "datetime": {"datetime": "2024-04-04 05:58:07", "elapsed": 2911.016205, "delta": 9.716723}}
{"target": -185.67651432928324, "params": {"gamma": 0.6255736748528177, "lr": 0.6070812119734347}, "datetime": {"datetime": "2024-04-04 05:58:18", "elapsed": 2922.395225, "delta": 11.37902}}
{"target": -150.29779600512035, "params": {"gamma": 0.10871820444060559, "lr": 0.20753591663004}, "datetime": {"datetime": "2024-04-04 05:58:28", "elapsed": 2932.177673, "delta": 9.782448}}
{"target": -1641.1102393920282, "params": {"gamma": 7.794600589496161, "lr": 0.3723717047567746}, "datetime": {"datetime": "2024-04-04 05:58:31", "elapsed": 2934.788766, "delta": 2.611093}}
{"target": -177.9777776677418, "params": {"gamma": 0.25055282208690366, "lr": 0.17263794338146665}, "datetime": {"datetime": "2024-04-04 05:58:35", "elapsed": 2939.67042, "delta": 4.881654}}
{"target": -154.51457991203552, "params": {"gamma": 0.39057039145832245, "lr": 0.4911765748397513}, "datetime": {"datetime": "2024-04-04 05:58:49", "elapsed": 2953.012899, "delta": 13.342479}}
{"target": -595.1361440910923, "params": {"gamma": 2.769146399141241, "lr": 0.3293002110342945}, "datetime": {"datetime": "2024-04-04 05:58:57", "elapsed": 2961.28113, "delta": 8.268231}}
{"target": -372.3120266093789, "params": {"gamma": 0.7509661360153274, "lr": 0.11046561345133825}, "datetime": {"datetime": "2024-04-04 05:59:04", "elapsed": 2968.671592, "delta": 7.390462}}
{"target": -219.18413013806244, "params": {"gamma": 0.844371501258995, "lr": 0.5049008328720469}, "datetime": {"datetime": "2024-04-04 05:59:13", "elapsed": 2977.039279, "delta": 8.367687}}
{"target": -195.34172945287557, "params": {"gamma": 0.5919740972865992, "lr": 0.27222923054203063}, "datetime": {"datetime": "2024-04-04 05:59:27", "elapsed": 2991.627423, "delta": 14.588144}}
{"target": -441.8016301798931, "params": {"gamma": 2.0716654998588533, "lr": 0.561077000611955}, "datetime": {"datetime": "2024-04-04 05:59:34", "elapsed": 2998.512682, "delta": 6.885259}}
{"target": -173.18961639629492, "params": {"gamma": 0.4886538233278017, "lr": 0.726937459758511}, "datetime": {"datetime": "2024-04-04 05:59:42", "elapsed": 3006.623074, "delta": 8.110392}}
{"target": -305.7077979874991, "params": {"gamma": 1.2278029709173583, "lr": 0.730505967870442}, "datetime": {"datetime": "2024-04-04 05:59:54", "elapsed": 3017.835463, "delta": 11.212389}}
{"target": -560.1260488884992, "params": {"gamma": 2.673808326715283, "lr": 0.5605278254830731}, "datetime": {"datetime": "2024-04-04 06:00:07", "elapsed": 3030.727307, "delta": 12.891844}}
{"target": -207.86323979009603, "params": {"gamma": 0.739623839473729, "lr": 0.3262875933476981}, "datetime": {"datetime": "2024-04-04 06:00:12", "elapsed": 3035.839608, "delta": 5.112301}}
{"target": -421.12008185235356, "params": {"gamma": 1.4713998961515726, "lr": 1.0}, "datetime": {"datetime": "2024-04-04 06:00:19", "elapsed": 3043.5585, "delta": 7.718892}}
{"target": -163.8362348846825, "params": {"gamma": 0.12791784355084548, "lr": 0.10756595923645407}, "datetime": {"datetime": "2024-04-04 06:00:24", "elapsed": 3047.884416, "delta": 4.325916}}
{"target": -322.5527368612559, "params": {"gamma": 0.6615755293216425, "lr": 0.12424755075608251}, "datetime": {"datetime": "2024-04-04 06:00:32", "elapsed": 3056.704787, "delta": 8.820371}}
{"target": -227.32421666773345, "params": {"gamma": 0.8660652910253988, "lr": 0.4336498180218271}, "datetime": {"datetime": "2024-04-04 06:00:44", "elapsed": 3067.913855, "delta": 11.209068}}
{"target": -154.10882354387164, "params": {"gamma": 0.31135293305629536, "lr": 0.8436366942581877}, "datetime": {"datetime": "2024-04-04 06:00:56", "elapsed": 3080.391842, "delta": 12.477987}}
{"target": -229.98981472173455, "params": {"gamma": 0.7386699782413182, "lr": 0.9215217665896236}, "datetime": {"datetime": "2024-04-04 06:01:02", "elapsed": 3086.504069, "delta": 6.112227}}
{"target": -489.9703862314586, "params": {"gamma": 2.282736637182456, "lr": 0.5089070775322707}, "datetime": {"datetime": "2024-04-04 06:01:07", "elapsed": 3091.587225, "delta": 5.083156}}
{"target": -201.64577609534027, "params": {"gamma": 0.6203707837651538, "lr": 0.7980991767131836}, "datetime": {"datetime": "2024-04-04 06:01:15", "elapsed": 3099.179096, "delta": 7.591871}}
{"target": -976.7569176475803, "params": {"gamma": 3.618859940030183, "lr": 0.22958082920311643}, "datetime": {"datetime": "2024-04-04 06:01:24", "elapsed": 3107.992727, "delta": 8.813631}}
{"target": -172.78165300269475, "params": {"gamma": 0.43317358110301013, "lr": 0.2809184660775683}, "datetime": {"datetime": "2024-04-04 06:01:31", "elapsed": 3115.34647, "delta": 7.353743}}
{"target": -212.32380338273632, "params": {"gamma": 0.7952056154116971, "lr": 0.6005974270502684}, "datetime": {"datetime": "2024-04-04 06:01:40", "elapsed": 3124.292682, "delta": 8.946212}}
{"target": -197.62849178973124, "params": {"gamma": 0.6833491842921725, "lr": 0.4350629430457281}, "datetime": {"datetime": "2024-04-04 06:01:51", "elapsed": 3134.865027, "delta": 10.572345}}
{"target": -1315.7397731241156, "params": {"gamma": 6.3413740113866695, "lr": 0.5033681076619465}, "datetime": {"datetime": "2024-04-04 06:02:10", "elapsed": 3153.81013, "delta": 18.945103}}
{"target": -156.4323183941217, "params": {"gamma": 0.39281460881636826, "lr": 0.5474030162751612}, "datetime": {"datetime": "2024-04-04 06:02:19", "elapsed": 3163.407662, "delta": 9.597532}}
{"target": -322.7848870667848, "params": {"gamma": 1.3802249848925041, "lr": 0.34725289751513444}, "datetime": {"datetime": "2024-04-04 06:02:29", "elapsed": 3172.924715, "delta": 9.517053}}
{"target": -144.86776073702882, "params": {"gamma": 0.4347296841377022, "lr": 0.0}, "datetime": {"datetime": "2024-04-04 06:02:40", "elapsed": 3183.793381, "delta": 10.868666}}
{"target": -491.4856416041409, "params": {"gamma": 1.7424491055715534, "lr": 1.0}, "datetime": {"datetime": "2024-04-04 06:02:49", "elapsed": 3193.649538, "delta": 9.856157}}
{"target": -674.3648055709176, "params": {"gamma": 1.909568839414466, "lr": 0.192143133942405}, "datetime": {"datetime": "2024-04-04 06:02:56", "elapsed": 3199.850735, "delta": 6.201197}}
{"target": -393.4333420031912, "params": {"gamma": 1.8323695248458756, "lr": 0.3977614311875485}, "datetime": {"datetime": "2024-04-04 06:03:03", "elapsed": 3207.454626, "delta": 7.603891}}
{"target": -165.2817360470857, "params": {"gamma": 0.47218396808617263, "lr": 0.5038957622813862}, "datetime": {"datetime": "2024-04-04 06:03:08", "elapsed": 3211.755803, "delta": 4.301177}}
{"target": -150.33677827453835, "params": {"gamma": 0.2751339556181784, "lr": 0.9713794201578101}, "datetime": {"datetime": "2024-04-04 06:03:18", "elapsed": 3222.660917, "delta": 10.905114}}
{"target": -142.613938151, "params": {"gamma": 0.05776393759688046, "lr": 0.4778951083585664}, "datetime": {"datetime": "2024-04-04 06:03:33", "elapsed": 3237.224389, "delta": 14.563472}}
{"target": -141.70434302737274, "params": {"gamma": 0.046318242492230176, "lr": 0.8137911831672157}, "datetime": {"datetime": "2024-04-04 06:03:39", "elapsed": 3243.245445, "delta": 6.021056}}
{"target": -152.84159667252638, "params": {"gamma": 0.2372524680094891, "lr": 0.254193265522357}, "datetime": {"datetime": "2024-04-04 06:03:51", "elapsed": 3255.226022, "delta": 11.980577}}
{"target": -165.64376522455666, "params": {"gamma": 0.3937349066014093, "lr": 0.803127096262559}, "datetime": {"datetime": "2024-04-04 06:04:00", "elapsed": 3263.880442, "delta": 8.65442}}
{"target": -140.31676063328175, "params": {"gamma": 0.07301430230964537, "lr": 0.6341775693590407}, "datetime": {"datetime": "2024-04-04 06:04:08", "elapsed": 3271.999266, "delta": 8.118824}}
{"target": -1031.57375975268, "params": {"gamma": 4.172219718124455, "lr": 0.8752933030889268}, "datetime": {"datetime": "2024-04-04 06:04:16", "elapsed": 3280.682933, "delta": 8.683667}}
{"target": -140.44871586185073, "params": {"gamma": 0.19442174521633776, "lr": 0.6255962347789645}, "datetime": {"datetime": "2024-04-04 06:04:27", "elapsed": 3290.716951, "delta": 10.034018}}
{"target": -144.86776073702882, "params": {"gamma": 0.6006458711231437, "lr": 0.0}, "datetime": {"datetime": "2024-04-04 06:04:35", "elapsed": 3299.101994, "delta": 8.385043}}
{"target": -245.09917609474945, "params": {"gamma": 0.9181562472487458, "lr": 0.7380600019631827}, "datetime": {"datetime": "2024-04-04 06:04:39", "elapsed": 3303.403267, "delta": 4.301273}}
