{"target": -166.30830098242555, "params": {"gamma": 0.6909173409034703, "lr": 1.0}, "datetime": {"datetime": "2024-04-04 00:46:38", "elapsed": 4482.463194, "delta": 12.338812}}
{"target": -128.45842367048184, "params": {"gamma": 0.4884872538544078, "lr": 0.8965856733456461}, "datetime": {"datetime": "2024-04-04 00:46:49", "elapsed": 4493.662874, "delta": 11.19968}}
{"target": -361.3477849412991, "params": {"gamma": 3.0129518063909537, "lr": 0.6996489061392521}, "datetime": {"datetime": "2024-04-04 00:47:05", "elapsed": 4510.104671, "delta": 16.441797}}
{"target": -225.0554442754754, "params": {"gamma": 1.3347074179016467, "lr": 0.9419591790797387}, "datetime": {"datetime": "2024-04-04 00:47:13", "elapsed": 4518.151983, "delta": 8.047312}}
{"target": -246.27857335434263, "params": {"gamma": 2.56473005290554, "lr": 0.4448769699523414}, "datetime": {"datetime": "2024-04-04 00:47:21", "elapsed": 4525.578024, "delta": 7.426041}}
{"target": -196.29379722180806, "params": {"gamma": 2.0489391754676833, "lr": 0.40702736992977917}, "datetime": {"datetime": "2024-04-04 00:47:36", "elapsed": 4540.550157, "delta": 14.972133}}
{"target": -182.93058757112797, "params": {"gamma": 1.7856340869078455, "lr": 0.44624984454900485}, "datetime": {"datetime": "2024-04-04 00:47:50", "elapsed": 4554.763831, "delta": 14.213674}}
{"target": -145.69977284534707, "params": {"gamma": 1.038485269863871, "lr": 0.6591309671037043}, "datetime": {"datetime": "2024-04-04 00:47:58", "elapsed": 4563.160241, "delta": 8.39641}}
{"target": -122.37248776761703, "params": {"gamma": 0.19200521667154075, "lr": 0.6281313460871072}, "datetime": {"datetime": "2024-04-04 00:48:08", "elapsed": 4573.213826, "delta": 10.053585}}
{"target": -284.85044145228153, "params": {"gamma": 2.670389585569708, "lr": 0.5394640338355231}, "datetime": {"datetime": "2024-04-04 00:48:24", "elapsed": 4589.179013, "delta": 15.965187}}
{"target": -138.20721171367822, "params": {"gamma": 0.03970801854024865, "lr": 0.6606160143373295}, "datetime": {"datetime": "2024-04-04 00:48:38", "elapsed": 4602.587122, "delta": 13.408109}}
{"target": -334.26005340456965, "params": {"gamma": 2.407692948918662, "lr": 0.8359209421511123}, "datetime": {"datetime": "2024-04-04 00:48:44", "elapsed": 4608.389252, "delta": 5.80213}}
{"target": -124.64479937484579, "params": {"gamma": 0.4789013739306099, "lr": 0.1993837040454437}, "datetime": {"datetime": "2024-04-04 00:48:57", "elapsed": 4621.32203, "delta": 12.932778}}
{"target": -483.83788644904854, "params": {"gamma": 5.046497273367147, "lr": 0.37687129315893253}, "datetime": {"datetime": "2024-04-04 00:49:04", "elapsed": 4628.356689, "delta": 7.034659}}
{"target": -123.07730434131398, "params": {"gamma": 0.9142981581755918, "lr": 0.34600875978886214}, "datetime": {"datetime": "2024-04-04 00:49:10", "elapsed": 4635.242821, "delta": 6.886132}}
{"target": -121.68830296056655, "params": {"gamma": 0.7169515199730058, "lr": 0.595061766698761}, "datetime": {"datetime": "2024-04-04 00:49:19", "elapsed": 4643.694439, "delta": 8.451618}}
{"target": -450.58311769889093, "params": {"gamma": 4.688267679963025, "lr": 0.3868661444216558}, "datetime": {"datetime": "2024-04-04 00:49:23", "elapsed": 4647.362859, "delta": 3.66842}}
{"target": -187.41270252515005, "params": {"gamma": 0.31560572646851537, "lr": 0.04213207715331813}, "datetime": {"datetime": "2024-04-04 00:49:31", "elapsed": 4655.820093, "delta": 8.457234}}
{"target": -201.81365440520116, "params": {"gamma": 1.8202554313944335, "lr": 0.58511191969525}, "datetime": {"datetime": "2024-04-04 00:49:38", "elapsed": 4663.107479, "delta": 7.287386}}
{"target": -254.00290821691055, "params": {"gamma": 1.5577623428269471, "lr": 0.9435826502262538}, "datetime": {"datetime": "2024-04-04 00:49:48", "elapsed": 4672.892672, "delta": 9.785193}}
{"target": -112.05985661299881, "params": {"gamma": 0.5423804171555666, "lr": 0.47308071616268044}, "datetime": {"datetime": "2024-04-04 00:50:01", "elapsed": 4686.023475, "delta": 13.130803}}
{"target": -299.8467637734375, "params": {"gamma": 3.5669540898443097, "lr": 0.3118114207400904}, "datetime": {"datetime": "2024-04-04 00:50:17", "elapsed": 4701.403977, "delta": 15.380502}}
{"target": -291.88389526985765, "params": {"gamma": 2.4372622341737427, "lr": 0.18740391650236035}, "datetime": {"datetime": "2024-04-04 00:50:36", "elapsed": 4721.010959, "delta": 19.606982}}
{"target": -124.37909834866191, "params": {"gamma": 0.26745057450556836, "lr": 0.1936421718221092}, "datetime": {"datetime": "2024-04-04 00:50:47", "elapsed": 4732.258255, "delta": 11.247296}}
{"target": -168.75190368359594, "params": {"gamma": 1.1786593032148125, "lr": 0.18662088188960924}, "datetime": {"datetime": "2024-04-04 00:50:58", "elapsed": 4742.388145, "delta": 10.12989}}
{"target": -176.31280383675897, "params": {"gamma": 1.1752927943551954, "lr": 0.7550873415133208}, "datetime": {"datetime": "2024-04-04 00:51:01", "elapsed": 4745.995745, "delta": 3.6076}}
{"target": -196.08033391078268, "params": {"gamma": 2.20449567994564, "lr": 0.3276587687713238}, "datetime": {"datetime": "2024-04-04 00:51:20", "elapsed": 4765.009118, "delta": 19.013373}}
{"target": -579.7955744086747, "params": {"gamma": 6.412842761494198, "lr": 0.2493715799562679}, "datetime": {"datetime": "2024-04-04 00:51:30", "elapsed": 4774.987189, "delta": 9.978071}}
{"target": -367.5889184116089, "params": {"gamma": 4.695515955717369, "lr": 0.2745096269008166}, "datetime": {"datetime": "2024-04-04 00:51:36", "elapsed": 4780.87937, "delta": 5.892181}}
{"target": -119.79009520827789, "params": {"gamma": 0.23414083465575658, "lr": 0.6535490435408343}, "datetime": {"datetime": "2024-04-04 00:51:46", "elapsed": 4790.713183, "delta": 9.833813}}
{"target": -379.43520675873447, "params": {"gamma": 2.7528595810958865, "lr": 0.8322215737485872}, "datetime": {"datetime": "2024-04-04 00:52:03", "elapsed": 4807.376556, "delta": 16.663373}}
{"target": -172.8345339559486, "params": {"gamma": 0.9055274042891057, "lr": 0.9161156272324172}, "datetime": {"datetime": "2024-04-04 00:52:17", "elapsed": 4821.387977, "delta": 14.011421}}
{"target": -199.01521121755871, "params": {"gamma": 1.9898289065401458, "lr": 0.48186812308807325}, "datetime": {"datetime": "2024-04-04 00:52:27", "elapsed": 4831.800695, "delta": 10.412718}}
{"target": -144.54372821116982, "params": {"gamma": 0.7456548300309152, "lr": 0.8516973187186249}, "datetime": {"datetime": "2024-04-04 00:52:39", "elapsed": 4843.812631, "delta": 12.011936}}
{"target": -294.617608081581, "params": {"gamma": 1.8625570644611456, "lr": 0.9136926905260948}, "datetime": {"datetime": "2024-04-04 00:52:47", "elapsed": 4851.950363, "delta": 8.137732}}
{"target": -113.55899402039793, "params": {"gamma": 0.6771462762965955, "lr": 0.41970972394466455}, "datetime": {"datetime": "2024-04-04 00:52:57", "elapsed": 4861.971421, "delta": 10.021058}}
{"target": -121.75558134662191, "params": {"gamma": 0.4106246816766843, "lr": 0.7389836305844208}, "datetime": {"datetime": "2024-04-04 00:53:11", "elapsed": 4875.840627, "delta": 13.869206}}
{"target": -302.01225179908346, "params": {"gamma": 2.472867667214658, "lr": 0.6974322620401258}, "datetime": {"datetime": "2024-04-04 00:53:22", "elapsed": 4886.904498, "delta": 11.063871}}
{"target": -131.3978649285763, "params": {"gamma": 0.6286397812118287, "lr": 0.7856990391839239}, "datetime": {"datetime": "2024-04-04 00:53:31", "elapsed": 4895.287528, "delta": 8.38303}}
{"target": -221.50313298205288, "params": {"gamma": 2.404328554842642, "lr": 0.4347437688067004}, "datetime": {"datetime": "2024-04-04 00:53:37", "elapsed": 4902.192579, "delta": 6.905051}}
{"target": -514.9246855778999, "params": {"gamma": 3.4554023558287397, "lr": 0.9996976093933444}, "datetime": {"datetime": "2024-04-04 00:53:45", "elapsed": 4909.864625, "delta": 7.672046}}
{"target": -118.21086687915046, "params": {"gamma": 0.2510473737983224, "lr": 0.47893731831346326}, "datetime": {"datetime": "2024-04-04 00:53:56", "elapsed": 4920.697252, "delta": 10.832627}}
{"target": -171.07360275028418, "params": {"gamma": 1.3179311985727913, "lr": 0.6118596475368141}, "datetime": {"datetime": "2024-04-04 00:54:05", "elapsed": 4929.725928, "delta": 9.028676}}
{"target": -142.5089951574659, "params": {"gamma": 0.03247726785633782, "lr": 0.11639606119470158}, "datetime": {"datetime": "2024-04-04 00:54:13", "elapsed": 4937.805433, "delta": 8.079505}}
{"target": -3249.9949037833126, "params": {"gamma": 9.57544634576314, "lr": 0.04203317101924797}, "datetime": {"datetime": "2024-04-04 00:54:17", "elapsed": 4941.657137, "delta": 3.851704}}
{"target": -129.70153331115225, "params": {"gamma": 0.4351131634400631, "lr": 0.9485829541441816}, "datetime": {"datetime": "2024-04-04 00:54:21", "elapsed": 4945.391654, "delta": 3.734517}}
{"target": -202.92198704043, "params": {"gamma": 1.7930301298537392, "lr": 0.5220622908057926}, "datetime": {"datetime": "2024-04-04 00:54:32", "elapsed": 4956.8375, "delta": 11.445846}}
{"target": -141.80536509167027, "params": {"gamma": 1.216141208664638, "lr": 0.48110794677234714}, "datetime": {"datetime": "2024-04-04 00:54:43", "elapsed": 4968.23273, "delta": 11.39523}}
{"target": -196.34579703299073, "params": {"gamma": 1.4712081472282352, "lr": 0.6717151321890491}, "datetime": {"datetime": "2024-04-04 00:55:02", "elapsed": 4986.31908, "delta": 18.08635}}
{"target": -122.06599911464835, "params": {"gamma": 0.32164026665032164, "lr": 0.8576889495394305}, "datetime": {"datetime": "2024-04-04 00:55:08", "elapsed": 4992.314807, "delta": 5.995727}}
{"target": -116.67085822715346, "params": {"gamma": 0.3206607651157309, "lr": 0.21549774320603565}, "datetime": {"datetime": "2024-04-04 00:55:16", "elapsed": 5000.456588, "delta": 8.141781}}
{"target": -158.14329228542076, "params": {"gamma": 0.9637206613851408, "lr": 0.7984604333609452}, "datetime": {"datetime": "2024-04-04 00:55:27", "elapsed": 5011.311268, "delta": 10.85468}}
{"target": -857.543120949792, "params": {"gamma": 9.571191185944732, "lr": 0.2248701329347369}, "datetime": {"datetime": "2024-04-04 00:55:40", "elapsed": 5025.168629, "delta": 13.857361}}
{"target": -173.89216587469676, "params": {"gamma": 1.6677623547005307, "lr": 0.46184691785023857}, "datetime": {"datetime": "2024-04-04 00:55:51", "elapsed": 5035.852059, "delta": 10.68343}}
{"target": -907.337863907202, "params": {"gamma": 9.584796571371905, "lr": 0.3906895012959466}, "datetime": {"datetime": "2024-04-04 00:56:00", "elapsed": 5044.438462, "delta": 8.586403}}
{"target": -111.4353320516185, "params": {"gamma": 0.4941016163610717, "lr": 0.42168087494635775}, "datetime": {"datetime": "2024-04-04 00:56:08", "elapsed": 5052.7372, "delta": 8.298738}}
{"target": -112.74898077271138, "params": {"gamma": 0.9029157275402444, "lr": 0.2667388200265951}, "datetime": {"datetime": "2024-04-04 00:56:22", "elapsed": 5067.087316, "delta": 14.350116}}
{"target": -492.07413617342297, "params": {"gamma": 5.2938180501451075, "lr": 0.21179796036697762}, "datetime": {"datetime": "2024-04-04 00:56:34", "elapsed": 5078.716442, "delta": 11.629126}}
{"target": -958.375529732556, "params": {"gamma": 7.944551449369426, "lr": 0.7747548578846204}, "datetime": {"datetime": "2024-04-04 00:56:38", "elapsed": 5082.612277, "delta": 3.895835}}
{"target": -174.36610942941155, "params": {"gamma": 0.25465650966200326, "lr": 0.03867777993297384}, "datetime": {"datetime": "2024-04-04 00:56:53", "elapsed": 5097.758944, "delta": 15.146667}}
{"target": -143.05777615415047, "params": {"gamma": 1.5157309211131682, "lr": 0.2574136360703766}, "datetime": {"datetime": "2024-04-04 00:57:08", "elapsed": 5112.472341, "delta": 14.713397}}
{"target": -114.72221092751928, "params": {"gamma": 0.46483436087915325, "lr": 0.5177858745728784}, "datetime": {"datetime": "2024-04-04 00:57:20", "elapsed": 5124.398167, "delta": 11.925826}}
{"target": -524.2911659266994, "params": {"gamma": 2.91972926158679, "lr": 1.0}, "datetime": {"datetime": "2024-04-04 00:57:28", "elapsed": 5132.895919, "delta": 8.497752}}
{"target": -538.4900407838321, "params": {"gamma": 5.8993617878543345, "lr": 0.46545075617870185}, "datetime": {"datetime": "2024-04-04 00:57:39", "elapsed": 5144.026652, "delta": 11.130733}}
{"target": -121.71345439083962, "params": {"gamma": 0.23467055115914165, "lr": 0.770186439312156}, "datetime": {"datetime": "2024-04-04 00:57:54", "elapsed": 5158.837161, "delta": 14.810509}}
{"target": -119.7315787532449, "params": {"gamma": 1.001911188062651, "lr": 0.3044023960235598}, "datetime": {"datetime": "2024-04-04 00:58:02", "elapsed": 5167.175684, "delta": 8.338523}}
{"target": -114.38094665179172, "params": {"gamma": 0.35079217672714924, "lr": 0.3514361478193707}, "datetime": {"datetime": "2024-04-04 00:58:14", "elapsed": 5178.972465, "delta": 11.796781}}
{"target": -137.706233285987, "params": {"gamma": 0.5516352539301498, "lr": 0.9577963304381105}, "datetime": {"datetime": "2024-04-04 00:58:30", "elapsed": 5194.784763, "delta": 15.812298}}
{"target": -222.60270779013834, "params": {"gamma": 1.757317643081962, "lr": 0.18272690828373528}, "datetime": {"datetime": "2024-04-04 00:58:41", "elapsed": 5205.267242, "delta": 10.482479}}
{"target": -116.3898393246281, "params": {"gamma": 0.4336782874226149, "lr": 0.606016791747135}, "datetime": {"datetime": "2024-04-04 00:58:52", "elapsed": 5216.777232, "delta": 11.50999}}
{"target": -849.1431106195607, "params": {"gamma": 7.818203794294855, "lr": 0.6081558390144978}, "datetime": {"datetime": "2024-04-04 00:58:56", "elapsed": 5220.760625, "delta": 3.983393}}
{"target": -172.48821391382302, "params": {"gamma": 1.8746680558539726, "lr": 0.288579898364667}, "datetime": {"datetime": "2024-04-04 00:59:07", "elapsed": 5231.538237, "delta": 10.777612}}
{"target": -205.82949404323003, "params": {"gamma": 0.9469176435317835, "lr": 0.14195136201659542}, "datetime": {"datetime": "2024-04-04 00:59:20", "elapsed": 5244.784956, "delta": 13.246719}}
{"target": -252.2622469532782, "params": {"gamma": 1.725578871049581, "lr": 0.8243703614601118}, "datetime": {"datetime": "2024-04-04 00:59:29", "elapsed": 5253.809331, "delta": 9.024375}}
{"target": -196.2783484119364, "params": {"gamma": 1.373121363620056, "lr": 0.7566597579000521}, "datetime": {"datetime": "2024-04-04 00:59:40", "elapsed": 5265.179887, "delta": 11.370556}}
{"target": -115.22147622390308, "params": {"gamma": 0.7077547166969187, "lr": 0.35619506919064503}, "datetime": {"datetime": "2024-04-04 00:59:49", "elapsed": 5273.800762, "delta": 8.620875}}
{"target": -125.39288157322991, "params": {"gamma": 0.7263035705868032, "lr": 0.6649975266846216}, "datetime": {"datetime": "2024-04-04 01:00:01", "elapsed": 5286.113584, "delta": 12.312822}}
{"target": -344.03866194742557, "params": {"gamma": 3.067880614075916, "lr": 0.6156845763217859}, "datetime": {"datetime": "2024-04-04 01:00:08", "elapsed": 5292.85929, "delta": 6.745706}}
{"target": -269.07878658107484, "params": {"gamma": 2.8366080069634134, "lr": 0.22814466756079965}, "datetime": {"datetime": "2024-04-04 01:00:20", "elapsed": 5304.857088, "delta": 11.997798}}
{"target": -367.945999395726, "params": {"gamma": 4.07552168015624, "lr": 0.3424234016572141}, "datetime": {"datetime": "2024-04-04 01:00:35", "elapsed": 5320.185014, "delta": 15.327926}}
{"target": -196.7245260240688, "params": {"gamma": 1.7235083914282454, "lr": 0.5336781187195186}, "datetime": {"datetime": "2024-04-04 01:00:42", "elapsed": 5326.812491, "delta": 6.627477}}
{"target": -125.74831737730088, "params": {"gamma": 1.2017564585177074, "lr": 0.27718254166835743}, "datetime": {"datetime": "2024-04-04 01:01:02", "elapsed": 5346.41584, "delta": 19.603349}}
{"target": -357.18354091269657, "params": {"gamma": 2.7270770749745736, "lr": 0.14680803577898038}, "datetime": {"datetime": "2024-04-04 01:01:28", "elapsed": 5373.129482, "delta": 26.713642}}
{"target": -141.7163078698617, "params": {"gamma": 1.064709369890038, "lr": 0.573547903950981}, "datetime": {"datetime": "2024-04-04 01:01:36", "elapsed": 5380.55403, "delta": 7.424548}}
{"target": -234.20420616039613, "params": {"gamma": 1.5876880745351858, "lr": 0.8059386314613244}, "datetime": {"datetime": "2024-04-04 01:01:42", "elapsed": 5387.21695, "delta": 6.66292}}
{"target": -214.88385920557613, "params": {"gamma": 2.1787444619518936, "lr": 0.2349547483394746}, "datetime": {"datetime": "2024-04-04 01:01:57", "elapsed": 5402.038839, "delta": 14.821889}}
{"target": -189.7721745312652, "params": {"gamma": 1.2641331415332921, "lr": 0.1489519519828144}, "datetime": {"datetime": "2024-04-04 01:02:13", "elapsed": 5417.43619, "delta": 15.397351}}
{"target": -378.2568613613781, "params": {"gamma": 3.629795952490527, "lr": 0.5128999169080641}, "datetime": {"datetime": "2024-04-04 01:02:20", "elapsed": 5424.751283, "delta": 7.315093}}
{"target": -175.52169722966772, "params": {"gamma": 1.6708527652139955, "lr": 0.24395113546284664}, "datetime": {"datetime": "2024-04-04 01:02:34", "elapsed": 5438.336589, "delta": 13.585306}}
{"target": -180.89486109661127, "params": {"gamma": 1.8106873305965296, "lr": 0.3460052649136498}, "datetime": {"datetime": "2024-04-04 01:02:43", "elapsed": 5447.543731, "delta": 9.207142}}
{"target": -144.01984055628165, "params": {"gamma": 0.001, "lr": 0.5126507387859875}, "datetime": {"datetime": "2024-04-04 01:02:51", "elapsed": 5455.972555, "delta": 8.428824}}
{"target": -168.32399030161884, "params": {"gamma": 1.5725459098088979, "lr": 0.23347600323632922}, "datetime": {"datetime": "2024-04-04 01:03:05", "elapsed": 5469.575437, "delta": 13.602882}}
{"target": -492.423515319309, "params": {"gamma": 4.603588751428734, "lr": 0.649568658465799}, "datetime": {"datetime": "2024-04-04 01:03:17", "elapsed": 5482.052888, "delta": 12.477451}}
{"target": -306.0889484307681, "params": {"gamma": 3.2648369112181537, "lr": 0.45305819908663914}, "datetime": {"datetime": "2024-04-04 01:03:31", "elapsed": 5496.182262, "delta": 14.129374}}
{"target": -125.25364306612512, "params": {"gamma": 0.7843194876554666, "lr": 0.5297646397726594}, "datetime": {"datetime": "2024-04-04 01:03:41", "elapsed": 5505.282365, "delta": 9.100103}}
{"target": -124.47556122387465, "params": {"gamma": 0.919108256554565, "lr": 0.4966108944298876}, "datetime": {"datetime": "2024-04-04 01:03:52", "elapsed": 5516.299752, "delta": 11.017387}}
{"target": -113.38191995688034, "params": {"gamma": 0.6311573923517307, "lr": 0.34929553611983133}, "datetime": {"datetime": "2024-04-04 01:03:59", "elapsed": 5523.783082, "delta": 7.48333}}
{"target": -452.91432862764674, "params": {"gamma": 5.509440945704519, "lr": 0.29047850848411033}, "datetime": {"datetime": "2024-04-04 01:04:07", "elapsed": 5532.121076, "delta": 8.337994}}
{"target": -268.5622781953145, "params": {"gamma": 2.334013949560222, "lr": 0.6117069031394315}, "datetime": {"datetime": "2024-04-04 01:04:21", "elapsed": 5545.320924, "delta": 13.199848}}
{"target": -160.8387253008474, "params": {"gamma": 1.3008147469779774, "lr": 0.5169356652238276}, "datetime": {"datetime": "2024-04-04 01:04:39", "elapsed": 5563.719601, "delta": 18.398677}}
{"target": -116.21522113889995, "params": {"gamma": 0.31781152610456126, "lr": 0.5035843648901149}, "datetime": {"datetime": "2024-04-04 01:04:55", "elapsed": 5579.674088, "delta": 15.954487}}
{"target": -118.23852870370878, "params": {"gamma": 1.0419728040090328, "lr": 0.2750072438768174}, "datetime": {"datetime": "2024-04-04 01:05:04", "elapsed": 5588.547232, "delta": 8.873144}}
{"target": -238.43724257363667, "params": {"gamma": 1.743325695206912, "lr": 0.7206541232557759}, "datetime": {"datetime": "2024-04-04 01:05:13", "elapsed": 5597.876914, "delta": 9.329682}}
{"target": -117.79467137682695, "params": {"gamma": 0.27020269703690986, "lr": 0.3375600122875445}, "datetime": {"datetime": "2024-04-04 01:05:21", "elapsed": 5605.60266, "delta": 7.725746}}
{"target": -440.29363203334754, "params": {"gamma": 2.4260960496986597, "lr": 1.0}, "datetime": {"datetime": "2024-04-04 01:05:29", "elapsed": 5613.831573, "delta": 8.228913}}
{"target": -127.34824533658825, "params": {"gamma": 0.5536198123608016, "lr": 0.7393018429480841}, "datetime": {"datetime": "2024-04-04 01:05:39", "elapsed": 5623.291004, "delta": 9.459431}}
{"target": -300.12624619139575, "params": {"gamma": 3.780866632755363, "lr": 0.26275608802729994}, "datetime": {"datetime": "2024-04-04 01:05:58", "elapsed": 5642.542656, "delta": 19.251652}}
{"target": -272.5350824167208, "params": {"gamma": 2.076797840696494, "lr": 0.7584526878850126}, "datetime": {"datetime": "2024-04-04 01:06:06", "elapsed": 5650.350433, "delta": 7.807777}}
{"target": -134.965937358093, "params": {"gamma": 0.07124530661132784, "lr": 0.39682477719965387}, "datetime": {"datetime": "2024-04-04 01:06:16", "elapsed": 5660.786512, "delta": 10.436079}}
{"target": -116.39446899805597, "params": {"gamma": 0.617181954984233, "lr": 0.23528286756833694}, "datetime": {"datetime": "2024-04-04 01:06:24", "elapsed": 5669.097137, "delta": 8.310625}}
{"target": -219.2906892582601, "params": {"gamma": 2.138035518486225, "lr": 0.3952762744784415}, "datetime": {"datetime": "2024-04-04 01:06:33", "elapsed": 5677.711574, "delta": 8.614437}}
{"target": -215.8742267970118, "params": {"gamma": 0.43069126763982263, "lr": 0.03288046236501818}, "datetime": {"datetime": "2024-04-04 01:06:40", "elapsed": 5684.29749, "delta": 6.585916}}
{"target": -216.55462747960252, "params": {"gamma": 1.0514089322806572, "lr": 1.0}, "datetime": {"datetime": "2024-04-04 01:06:51", "elapsed": 5695.780859, "delta": 11.483369}}
{"target": -195.1792381667797, "params": {"gamma": 1.0954712163206737, "lr": 0.9321029543793656}, "datetime": {"datetime": "2024-04-04 01:07:03", "elapsed": 5708.034926, "delta": 12.254067}}
{"target": -120.78805458935165, "params": {"gamma": 0.7664269300292754, "lr": 0.23437625671669982}, "datetime": {"datetime": "2024-04-04 01:07:16", "elapsed": 5721.02694, "delta": 12.992014}}
