{"target": -144.86776073702882, "params": {"gamma": 0.8203115291596372, "lr": 0.0}, "datetime": {"datetime": "2024-04-04 05:24:31", "elapsed": 895.437409, "delta": 8.402449}}
{"target": -141.83396852771787, "params": {"gamma": 0.107018628271547, "lr": 0.4772384062745981}, "datetime": {"datetime": "2024-04-04 05:24:37", "elapsed": 900.859977, "delta": 5.422568}}
{"target": -227.3166470643166, "params": {"gamma": 0.7257143261244873, "lr": 0.9995024182131026}, "datetime": {"datetime": "2024-04-04 05:24:43", "elapsed": 906.93189, "delta": 6.071913}}
{"target": -242.1316260125766, "params": {"gamma": 0.8056899040209843, "lr": 0.8402737501270761}, "datetime": {"datetime": "2024-04-04 05:24:49", "elapsed": 913.17021, "delta": 6.23832}}
{"target": -199.8716067093572, "params": {"gamma": 0.6864560758547126, "lr": 0.3154124293211179}, "datetime": {"datetime": "2024-04-04 05:24:53", "elapsed": 917.078724, "delta": 3.908514}}
{"target": -173.19819423599318, "params": {"gamma": 0.43817443956468766, "lr": 0.9995606464076509}, "datetime": {"datetime": "2024-04-04 05:24:57", "elapsed": 920.970207, "delta": 3.891483}}
{"target": -174.05646029327346, "params": {"gamma": 0.448342197825077, "lr": 0.801872487850318}, "datetime": {"datetime": "2024-04-04 05:25:02", "elapsed": 926.574879, "delta": 5.604672}}
{"target": -140.4229705091262, "params": {"gamma": 0.14102397077814663, "lr": 0.7016784178083462}, "datetime": {"datetime": "2024-04-04 05:25:06", "elapsed": 929.908041, "delta": 3.333162}}
{"target": -939.2697167936179, "params": {"gamma": 3.7796698290783763, "lr": 0.8020387954120906}, "datetime": {"datetime": "2024-04-04 05:25:08", "elapsed": 931.831314, "delta": 1.923273}}
{"target": -307.6738891320809, "params": {"gamma": 1.1070817382233615, "lr": 0.8534913713872753}, "datetime": {"datetime": "2024-04-04 05:25:14", "elapsed": 938.638035, "delta": 6.806721}}
{"target": -459.8525460118536, "params": {"gamma": 1.747533990917794, "lr": 0.9475218842368479}, "datetime": {"datetime": "2024-04-04 05:25:24", "elapsed": 947.735019, "delta": 9.096984}}
{"target": -3837.1933756534663, "params": {"gamma": 9.060873444957423, "lr": 0.12284501100394996}, "datetime": {"datetime": "2024-04-04 05:25:25", "elapsed": 949.618914, "delta": 1.883895}}
{"target": -139.98461109875043, "params": {"gamma": 0.12512283019194517, "lr": 0.999308845486207}, "datetime": {"datetime": "2024-04-04 05:25:34", "elapsed": 957.854235, "delta": 8.235321}}
{"target": -149.9582448019712, "params": {"gamma": 0.32962790951487725, "lr": 0.5658960962770557}, "datetime": {"datetime": "2024-04-04 05:25:40", "elapsed": 963.773398, "delta": 5.919163}}
{"target": -292.0923834019463, "params": {"gamma": 1.2594589464882096, "lr": 0.511328871367186}, "datetime": {"datetime": "2024-04-04 05:25:47", "elapsed": 971.076826, "delta": 7.303428}}
{"target": -144.85844817441955, "params": {"gamma": 0.001, "lr": 0.2540447234734771}, "datetime": {"datetime": "2024-04-04 05:25:52", "elapsed": 976.294355, "delta": 5.217529}}
{"target": -470.9930028470619, "params": {"gamma": 1.1377350426603796, "lr": 0.16301052107402358}, "datetime": {"datetime": "2024-04-04 05:26:00", "elapsed": 983.879289, "delta": 7.584934}}
{"target": -1725.09947356646, "params": {"gamma": 7.793152136890645, "lr": 0.7358159854528827}, "datetime": {"datetime": "2024-04-04 05:26:02", "elapsed": 985.729737, "delta": 1.850448}}
{"target": -1309.235820776046, "params": {"gamma": 6.21818362271842, "lr": 0.6279181116481095}, "datetime": {"datetime": "2024-04-04 05:26:03", "elapsed": 987.622628, "delta": 1.892891}}
{"target": -795.8465593423331, "params": {"gamma": 3.2602612256837884, "lr": 0.7746400832917184}, "datetime": {"datetime": "2024-04-04 05:26:05", "elapsed": 989.55445, "delta": 1.931822}}
{"target": -214.82212114122748, "params": {"gamma": 0.6739962224331513, "lr": 0.81390720385658}, "datetime": {"datetime": "2024-04-04 05:26:12", "elapsed": 996.459385, "delta": 6.904935}}
{"target": -139.3393572327182, "params": {"gamma": 0.1507645011719406, "lr": 0.6423978798567739}, "datetime": {"datetime": "2024-04-04 05:26:20", "elapsed": 1004.312655, "delta": 7.85327}}
{"target": -159.78103998513006, "params": {"gamma": 0.3947431872121697, "lr": 0.4442087979986512}, "datetime": {"datetime": "2024-04-04 05:26:26", "elapsed": 1010.138589, "delta": 5.825934}}
{"target": -162.036990995589, "params": {"gamma": 0.3660300461516546, "lr": 0.9489298364538958}, "datetime": {"datetime": "2024-04-04 05:26:30", "elapsed": 1014.544715, "delta": 4.406126}}
{"target": -456.8203986768221, "params": {"gamma": 2.138618944754381, "lr": 0.591747497092267}, "datetime": {"datetime": "2024-04-04 05:26:37", "elapsed": 1021.30785, "delta": 6.763135}}
{"target": -144.56047165552266, "params": {"gamma": 0.12622052003919346, "lr": 0.2949187194935141}, "datetime": {"datetime": "2024-04-04 05:26:42", "elapsed": 1026.160804, "delta": 4.852954}}
{"target": -504.79815594434336, "params": {"gamma": 2.5212034961917915, "lr": 0.48446210779891685}, "datetime": {"datetime": "2024-04-04 05:26:51", "elapsed": 1035.10826, "delta": 8.947456}}
{"target": -583.6881372186294, "params": {"gamma": 2.803712721770298, "lr": 0.39168356653345754}, "datetime": {"datetime": "2024-04-04 05:26:59", "elapsed": 1043.366967, "delta": 8.258707}}
{"target": -641.8088591022929, "params": {"gamma": 2.503297476094267, "lr": 0.9988829787869462}, "datetime": {"datetime": "2024-04-04 05:27:04", "elapsed": 1047.807177, "delta": 4.44021}}
{"target": -190.77080013927676, "params": {"gamma": 0.5463306328550863, "lr": 0.8027130861461981}, "datetime": {"datetime": "2024-04-04 05:27:08", "elapsed": 1051.900793, "delta": 4.093616}}
{"target": -191.0390688637795, "params": {"gamma": 0.6249763834584152, "lr": 0.3194597056101699}, "datetime": {"datetime": "2024-04-04 05:27:12", "elapsed": 1056.495762, "delta": 4.594969}}
{"target": -242.0186764630418, "params": {"gamma": 0.9968833249761391, "lr": 0.5860991128677897}, "datetime": {"datetime": "2024-04-04 05:27:19", "elapsed": 1063.057385, "delta": 6.561623}}
{"target": -2334.5793340512605, "params": {"gamma": 5.067973419542996, "lr": 0.020469736447465303}, "datetime": {"datetime": "2024-04-04 05:27:21", "elapsed": 1065.058981, "delta": 2.001596}}
{"target": -144.26246183622146, "params": {"gamma": 0.007000673690607518, "lr": 0.6563258274119996}, "datetime": {"datetime": "2024-04-04 05:27:24", "elapsed": 1068.211456, "delta": 3.152475}}
{"target": -156.71362937320458, "params": {"gamma": 0.40782660472180127, "lr": 0.6536035228631093}, "datetime": {"datetime": "2024-04-04 05:27:29", "elapsed": 1073.64439, "delta": 5.432934}}
{"target": -144.86776073702882, "params": {"gamma": 0.346893781316592, "lr": 0.0}, "datetime": {"datetime": "2024-04-04 05:27:35", "elapsed": 1079.471556, "delta": 5.827166}}
{"target": -229.33674099074094, "params": {"gamma": 0.7425335085554694, "lr": 0.870006853162681}, "datetime": {"datetime": "2024-04-04 05:27:41", "elapsed": 1085.689985, "delta": 6.218429}}
{"target": -233.0869896820107, "params": {"gamma": 0.8244890227226999, "lr": 0.688935381587983}, "datetime": {"datetime": "2024-04-04 05:27:47", "elapsed": 1091.004603, "delta": 5.314618}}
{"target": -144.73569189063645, "params": {"gamma": 0.001, "lr": 1.0}, "datetime": {"datetime": "2024-04-04 05:27:52", "elapsed": 1096.284467, "delta": 5.279864}}
{"target": -919.7159898631594, "params": {"gamma": 4.000691575379724, "lr": 0.7019751779109304}, "datetime": {"datetime": "2024-04-04 05:27:54", "elapsed": 1098.229842, "delta": 1.945375}}
{"target": -322.08721279406444, "params": {"gamma": 1.3722206408273694, "lr": 0.42819795972155017}, "datetime": {"datetime": "2024-04-04 05:28:04", "elapsed": 1108.204364, "delta": 9.974522}}
{"target": -155.69488876409264, "params": {"gamma": 0.31323144783492257, "lr": 1.0}, "datetime": {"datetime": "2024-04-04 05:28:09", "elapsed": 1112.988075, "delta": 4.783711}}
{"target": -357.7467422589423, "params": {"gamma": 1.313656289393518, "lr": 0.9254433268651081}, "datetime": {"datetime": "2024-04-04 05:28:13", "elapsed": 1117.60389, "delta": 4.615815}}
{"target": -797.1736302665105, "params": {"gamma": 3.374071494991391, "lr": 0.28147792562816965}, "datetime": {"datetime": "2024-04-04 05:28:23", "elapsed": 1127.535052, "delta": 9.931162}}
{"target": -870.2451836351617, "params": {"gamma": 3.691454486743561, "lr": 0.2842100240340535}, "datetime": {"datetime": "2024-04-04 05:28:32", "elapsed": 1136.509132, "delta": 8.97408}}
{"target": -144.86776073702882, "params": {"gamma": 0.9922184063288817, "lr": 0.0}, "datetime": {"datetime": "2024-04-04 05:28:43", "elapsed": 1147.612197, "delta": 11.103065}}
{"target": -144.31179108760892, "params": {"gamma": 0.2388640501133988, "lr": 0.7148522378461825}, "datetime": {"datetime": "2024-04-04 05:28:55", "elapsed": 1159.462251, "delta": 11.850054}}
{"target": -279.50203241613565, "params": {"gamma": 1.1628527434017815, "lr": 0.3088069339493681}, "datetime": {"datetime": "2024-04-04 05:28:59", "elapsed": 1163.69235, "delta": 4.230099}}
{"target": -142.41005433500254, "params": {"gamma": 0.20310385452912574, "lr": 0.5662455960356266}, "datetime": {"datetime": "2024-04-04 05:29:09", "elapsed": 1173.600836, "delta": 9.908486}}
{"target": -144.86776073702882, "params": {"gamma": 0.70036741420259, "lr": 0.0}, "datetime": {"datetime": "2024-04-04 05:29:17", "elapsed": 1181.680528, "delta": 8.079692}}
{"target": -229.8224225456207, "params": {"gamma": 0.9723912964927758, "lr": 0.4868572758739525}, "datetime": {"datetime": "2024-04-04 05:29:22", "elapsed": 1186.126827, "delta": 4.446299}}
{"target": -141.15837075371834, "params": {"gamma": 0.11573201763130089, "lr": 0.5442665177134163}, "datetime": {"datetime": "2024-04-04 05:29:27", "elapsed": 1191.417036, "delta": 5.290209}}
{"target": -140.60299688215, "params": {"gamma": 0.13914033148441, "lr": 0.7780687922505113}, "datetime": {"datetime": "2024-04-04 05:29:33", "elapsed": 1196.935146, "delta": 5.51811}}
{"target": -383.30028801341297, "params": {"gamma": 1.6911545553380762, "lr": 0.28710585884211914}, "datetime": {"datetime": "2024-04-04 05:29:36", "elapsed": 1200.545676, "delta": 3.61053}}
{"target": -1834.607289285126, "params": {"gamma": 7.360286425198865, "lr": 0.9998960936413269}, "datetime": {"datetime": "2024-04-04 05:29:42", "elapsed": 1206.656689, "delta": 6.111013}}
{"target": -250.35174299688913, "params": {"gamma": 0.9945675699146488, "lr": 0.3521647260145474}, "datetime": {"datetime": "2024-04-04 05:29:49", "elapsed": 1213.316979, "delta": 6.66029}}
{"target": -362.67129908697734, "params": {"gamma": 1.7486222920891312, "lr": 0.47814339169420594}, "datetime": {"datetime": "2024-04-04 05:29:56", "elapsed": 1219.880161, "delta": 6.563182}}
{"target": -236.97907327865505, "params": {"gamma": 0.9122548735220009, "lr": 0.41367354945900214}, "datetime": {"datetime": "2024-04-04 05:30:02", "elapsed": 1226.372742, "delta": 6.492581}}
{"target": -202.26087797944464, "params": {"gamma": 0.6001119010108328, "lr": 0.9522494284145531}, "datetime": {"datetime": "2024-04-04 05:30:09", "elapsed": 1233.559928, "delta": 7.187186}}
{"target": -146.90955990211242, "params": {"gamma": 0.28612878516651497, "lr": 0.47126278583704484}, "datetime": {"datetime": "2024-04-04 05:30:16", "elapsed": 1240.638674, "delta": 7.078746}}
{"target": -969.6533506891647, "params": {"gamma": 2.7802102541979448, "lr": 0.1964228146983894}, "datetime": {"datetime": "2024-04-04 05:30:19", "elapsed": 1242.749141, "delta": 2.110467}}
{"target": -166.43899236481147, "params": {"gamma": 0.4898368790972592, "lr": 0.6620264622286378}, "datetime": {"datetime": "2024-04-04 05:30:23", "elapsed": 1247.452276, "delta": 4.703135}}
{"target": -1135.4461074396827, "params": {"gamma": 2.419335383075543, "lr": 0.038223320863867816}, "datetime": {"datetime": "2024-04-04 05:30:29", "elapsed": 1252.793187, "delta": 5.340911}}
{"target": -636.0233544943509, "params": {"gamma": 2.9756191497300546, "lr": 0.6348337864718453}, "datetime": {"datetime": "2024-04-04 05:30:35", "elapsed": 1259.045661, "delta": 6.252474}}
{"target": -175.49529151257042, "params": {"gamma": 0.4567723844836114, "lr": 0.8700707779999118}, "datetime": {"datetime": "2024-04-04 05:30:41", "elapsed": 1265.17339, "delta": 6.127729}}
{"target": -491.9526824523236, "params": {"gamma": 2.258977830017065, "lr": 0.32733543868430326}, "datetime": {"datetime": "2024-04-04 05:30:47", "elapsed": 1271.249646, "delta": 6.076256}}
{"target": -139.80751396531653, "params": {"gamma": 0.09724258405349702, "lr": 0.9650115016253694}, "datetime": {"datetime": "2024-04-04 05:30:51", "elapsed": 1275.118295, "delta": 3.868649}}
{"target": -149.6215245913798, "params": {"gamma": 0.03932343700819425, "lr": 0.0853316618742832}, "datetime": {"datetime": "2024-04-04 05:31:00", "elapsed": 1284.539288, "delta": 9.420993}}
{"target": -239.65479262765268, "params": {"gamma": 0.712117790812762, "lr": 0.2263359847214711}, "datetime": {"datetime": "2024-04-04 05:31:05", "elapsed": 1289.052603, "delta": 4.513315}}
{"target": -145.31542812790124, "params": {"gamma": 0.08061313047765695, "lr": 0.26312004772339703}, "datetime": {"datetime": "2024-04-04 05:31:12", "elapsed": 1296.638822, "delta": 7.586219}}
{"target": -604.2115947587197, "params": {"gamma": 2.3481839308763166, "lr": 0.9890106938069273}, "datetime": {"datetime": "2024-04-04 05:31:15", "elapsed": 1298.846014, "delta": 2.207192}}
{"target": -144.77596589216733, "params": {"gamma": 0.001, "lr": 0.7559317006345315}, "datetime": {"datetime": "2024-04-04 05:31:22", "elapsed": 1306.459248, "delta": 7.613234}}
{"target": -204.90645042414596, "params": {"gamma": 0.7554776448985229, "lr": 0.5056506750315384}, "datetime": {"datetime": "2024-04-04 05:31:30", "elapsed": 1314.362467, "delta": 7.903219}}
{"target": -340.97780270354735, "params": {"gamma": 1.3587275457457222, "lr": 0.6976432967683253}, "datetime": {"datetime": "2024-04-04 05:31:37", "elapsed": 1321.171059, "delta": 6.808592}}
{"target": -208.73791634397978, "params": {"gamma": 0.7192527117215153, "lr": 0.7422419189786107}, "datetime": {"datetime": "2024-04-04 05:31:43", "elapsed": 1327.543543, "delta": 6.372484}}
{"target": -142.77053998795927, "params": {"gamma": 0.038166407776226874, "lr": 0.5563535565372189}, "datetime": {"datetime": "2024-04-04 05:31:47", "elapsed": 1330.890291, "delta": 3.346748}}
{"target": -215.77574414887692, "params": {"gamma": 0.8124245761496558, "lr": 0.36557712169039347}, "datetime": {"datetime": "2024-04-04 05:31:52", "elapsed": 1336.074906, "delta": 5.184615}}
{"target": -144.86776073702882, "params": {"gamma": 0.0379501967602172, "lr": 0.0}, "datetime": {"datetime": "2024-04-04 05:31:57", "elapsed": 1341.102239, "delta": 5.027333}}
{"target": -150.0069621026901, "params": {"gamma": 0.19524526726200542, "lr": 0.2521005685330595}, "datetime": {"datetime": "2024-04-04 05:32:07", "elapsed": 1351.552273, "delta": 10.450034}}
{"target": -149.3410026292242, "params": {"gamma": 0.2659702230462716, "lr": 0.9329705764147863}, "datetime": {"datetime": "2024-04-04 05:32:14", "elapsed": 1357.808419, "delta": 6.256146}}
{"target": -152.66623107796934, "params": {"gamma": 0.2960067182572809, "lr": 0.41002672228683}, "datetime": {"datetime": "2024-04-04 05:32:21", "elapsed": 1365.525677, "delta": 7.717258}}
{"target": -208.33716184858883, "params": {"gamma": 0.32489693347819754, "lr": 0.11252585781790804}, "datetime": {"datetime": "2024-04-04 05:32:25", "elapsed": 1369.029723, "delta": 3.504046}}
{"target": -480.6267693563559, "params": {"gamma": 2.0212941413358125, "lr": 0.7032902013596543}, "datetime": {"datetime": "2024-04-04 05:32:31", "elapsed": 1375.302684, "delta": 6.272961}}
{"target": -829.6312970288035, "params": {"gamma": 3.0149779730017903, "lr": 1.0}, "datetime": {"datetime": "2024-04-04 05:32:35", "elapsed": 1379.539107, "delta": 4.236423}}
{"target": -168.90877448785685, "params": {"gamma": 0.5337304271512144, "lr": 0.4724769220387862}, "datetime": {"datetime": "2024-04-04 05:32:43", "elapsed": 1386.775399, "delta": 7.236292}}
{"target": -139.56532428139963, "params": {"gamma": 0.10845235997451759, "lr": 0.622671342042469}, "datetime": {"datetime": "2024-04-04 05:32:48", "elapsed": 1392.086849, "delta": 5.31145}}
{"target": -160.02683793043525, "params": {"gamma": 0.3635395693250016, "lr": 0.3329710001115112}, "datetime": {"datetime": "2024-04-04 05:32:57", "elapsed": 1401.704352, "delta": 9.617503}}
{"target": -268.34343650201964, "params": {"gamma": 1.0391539442561497, "lr": 0.7289351911719943}, "datetime": {"datetime": "2024-04-04 05:33:05", "elapsed": 1409.402627, "delta": 7.698275}}
{"target": -338.8117688614431, "params": {"gamma": 0.8052116531252055, "lr": 0.16890159002197103}, "datetime": {"datetime": "2024-04-04 05:33:07", "elapsed": 1411.541867, "delta": 2.13924}}
{"target": -144.82399492429585, "params": {"gamma": 0.001, "lr": 0.4351045681154358}, "datetime": {"datetime": "2024-04-04 05:33:14", "elapsed": 1417.87403, "delta": 6.332163}}
{"target": -178.3136155415048, "params": {"gamma": 0.5746945591199724, "lr": 0.6022042029394957}, "datetime": {"datetime": "2024-04-04 05:33:20", "elapsed": 1424.173423, "delta": 6.299393}}
{"target": -498.547325325598, "params": {"gamma": 2.3433429790587734, "lr": 0.5462205273061993}, "datetime": {"datetime": "2024-04-04 05:33:26", "elapsed": 1430.459702, "delta": 6.286279}}
{"target": -212.52130426673418, "params": {"gamma": 0.808439548561101, "lr": 0.5465963557254214}, "datetime": {"datetime": "2024-04-04 05:33:36", "elapsed": 1439.751242, "delta": 9.29154}}
{"target": -361.3279172995793, "params": {"gamma": 1.5722134791061886, "lr": 0.4137235063326389}, "datetime": {"datetime": "2024-04-04 05:33:39", "elapsed": 1442.93182, "delta": 3.180578}}
{"target": -145.9528153709854, "params": {"gamma": 0.19153561942622543, "lr": 0.34920411135201235}, "datetime": {"datetime": "2024-04-04 05:33:47", "elapsed": 1450.799668, "delta": 7.867848}}
{"target": -182.64071174286693, "params": {"gamma": 0.6465113251760213, "lr": 0.4947021474127731}, "datetime": {"datetime": "2024-04-04 05:33:53", "elapsed": 1457.509158, "delta": 6.70949}}
{"target": -144.86776073702882, "params": {"gamma": 0.22838526137573298, "lr": 0.0}, "datetime": {"datetime": "2024-04-04 05:34:02", "elapsed": 1466.376558, "delta": 8.8674}}
{"target": -265.4481175437911, "params": {"gamma": 1.0845485249509894, "lr": 0.3311471238714512}, "datetime": {"datetime": "2024-04-04 05:34:12", "elapsed": 1475.760362, "delta": 9.383804}}
{"target": -300.1005430383809, "params": {"gamma": 0.5298870958266687, "lr": 0.06689812511661329}, "datetime": {"datetime": "2024-04-04 05:34:15", "elapsed": 1479.139949, "delta": 3.379587}}
{"target": -387.05620797791175, "params": {"gamma": 1.5755262468625197, "lr": 0.6756515009374794}, "datetime": {"datetime": "2024-04-04 05:34:22", "elapsed": 1486.209009, "delta": 7.06906}}
{"target": -176.97659392749685, "params": {"gamma": 0.5322228974342917, "lr": 0.341043068513571}, "datetime": {"datetime": "2024-04-04 05:34:30", "elapsed": 1494.295073, "delta": 8.086064}}
{"target": -140.98183533349038, "params": {"gamma": 0.1623390803117187, "lr": 0.8809192085464819}, "datetime": {"datetime": "2024-04-04 05:34:34", "elapsed": 1498.261137, "delta": 3.966064}}
{"target": -195.304306958895, "params": {"gamma": 0.5726009712775086, "lr": 0.8812323282432134}, "datetime": {"datetime": "2024-04-04 05:34:48", "elapsed": 1511.948724, "delta": 13.687587}}
{"target": -206.770915511842, "params": {"gamma": 0.41236361827372897, "lr": 0.18716706165815633}, "datetime": {"datetime": "2024-04-04 05:34:51", "elapsed": 1515.286265, "delta": 3.337541}}
{"target": -145.45576877810032, "params": {"gamma": 0.23200568291351703, "lr": 0.7735690998893546}, "datetime": {"datetime": "2024-04-04 05:35:02", "elapsed": 1525.811544, "delta": 10.525279}}
{"target": -143.7898606298584, "params": {"gamma": 0.2219055286085686, "lr": 0.4712603154599455}, "datetime": {"datetime": "2024-04-04 05:35:12", "elapsed": 1535.78476, "delta": 9.973216}}
{"target": -156.06628971624173, "params": {"gamma": 0.3324738728105479, "lr": 0.7839068102536119}, "datetime": {"datetime": "2024-04-04 05:35:16", "elapsed": 1540.159884, "delta": 4.375124}}
{"target": -191.1445386253933, "params": {"gamma": 0.5963147960500467, "lr": 0.7011231776890239}, "datetime": {"datetime": "2024-04-04 05:35:26", "elapsed": 1550.566406, "delta": 10.406522}}
{"target": -141.54184885379476, "params": {"gamma": 0.041934601621286094, "lr": 0.9594509988033882}, "datetime": {"datetime": "2024-04-04 05:35:35", "elapsed": 1559.115275, "delta": 8.548869}}
{"target": -237.96439415543037, "params": {"gamma": 0.7769288802708908, "lr": 0.9594176825341922}, "datetime": {"datetime": "2024-04-04 05:35:41", "elapsed": 1564.790789, "delta": 5.675514}}
{"target": -148.62219058109147, "params": {"gamma": 0.2625516604096372, "lr": 0.8527549203711736}, "datetime": {"datetime": "2024-04-04 05:35:45", "elapsed": 1569.093354, "delta": 4.302565}}
{"target": -161.883169751972, "params": {"gamma": 0.338606354153197, "lr": 0.2538552761180506}, "datetime": {"datetime": "2024-04-04 05:35:52", "elapsed": 1576.174342, "delta": 7.080988}}
{"target": -147.41319945488124, "params": {"gamma": 0.2165354116295521, "lr": 0.4165246892489639}, "datetime": {"datetime": "2024-04-04 05:36:04", "elapsed": 1587.885504, "delta": 11.711162}}
{"target": -171.75161546505808, "params": {"gamma": 0.48306905133952893, "lr": 0.4133786078888694}, "datetime": {"datetime": "2024-04-04 05:36:17", "elapsed": 1601.517303, "delta": 13.631799}}
{"target": -145.9916378298425, "params": {"gamma": 0.034083918615227415, "lr": 0.24953574795366396}, "datetime": {"datetime": "2024-04-04 05:36:24", "elapsed": 1608.445487, "delta": 6.928184}}
{"target": -153.44104255883784, "params": {"gamma": 0.2846872518344883, "lr": 0.32496049338081223}, "datetime": {"datetime": "2024-04-04 05:36:33", "elapsed": 1616.794005, "delta": 8.348518}}
