{"target": -272.1193829909357, "params": {"gamma": 4.170803025021038, "prior": 7.231212485077365, "rate": 0.002143633798631522}, "datetime": {"datetime": "2024-04-08 10:47:53", "elapsed": 0.0, "delta": 0.0}}
{"target": -268.94090803592564, "params": {"gamma": 3.024023393745766, "prior": 1.5528833190894193, "rate": 0.9242936090932092}, "datetime": {"datetime": "2024-04-08 10:47:53", "elapsed": 0.007875, "delta": 0.007875}}
{"target": -219.42427392356961, "params": {"gamma": 1.8634158535653313, "prior": 3.5210511977261727, "rate": 3.968277974832469}, "datetime": {"datetime": "2024-04-08 10:47:53", "elapsed": 0.01619, "delta": 0.008315}}
{"target": -511.91457096898233, "params": {"gamma": 5.388628523299567, "prior": 4.250025692592619, "rate": 6.852509784467199}, "datetime": {"datetime": "2024-04-08 10:47:53", "elapsed": 0.024682, "delta": 0.008492}}
{"target": -184.4209228465121, "params": {"gamma": 2.045318045065443, "prior": 8.79336262027036, "rate": 0.2748485443860637}, "datetime": {"datetime": "2024-04-08 10:47:53", "elapsed": 0.032734, "delta": 0.008052}}
{"target": -604.6425551941543, "params": {"gamma": 6.705004634273845, "prior": 4.231317543434557, "rate": 5.587339594629071}, "datetime": {"datetime": "2024-04-08 10:47:53", "elapsed": 0.040793, "delta": 0.008059}}
{"target": -216.72873596010217, "params": {"gamma": 1.4047289990137424, "prior": 2.0612047419403, "rate": 8.00764494218669}, "datetime": {"datetime": "2024-04-08 10:47:53", "elapsed": 0.049244, "delta": 0.008451}}
{"target": -935.2158169205858, "params": {"gamma": 9.682647495618255, "prior": 3.2028993637765044, "rate": 6.923533834077472}, "datetime": {"datetime": "2024-04-08 10:47:53", "elapsed": 0.057674, "delta": 0.00843}}
{"target": -509.9527893948963, "params": {"gamma": 8.764015133808087, "prior": 8.956605968688088, "rate": 0.8513570694864094}, "datetime": {"datetime": "2024-04-08 10:47:53", "elapsed": 0.065681, "delta": 0.008007}}
{"target": -153.82958719835253, "params": {"gamma": 0.39150877754559077, "prior": 1.7813211536892324, "rate": 8.781546891790702}, "datetime": {"datetime": "2024-04-08 10:47:53", "elapsed": 0.073946, "delta": 0.008265}}
{"target": -179.7289727093692, "params": {"gamma": 0.9843699914966679, "prior": 4.268965487550016, "rate": 9.578937411974868}, "datetime": {"datetime": "2024-04-08 10:47:53", "elapsed": 0.082056, "delta": 0.00811}}
{"target": -405.45505777634435, "params": {"gamma": 5.332119684445198, "prior": 6.949583428109686, "rate": 3.1558407944296234}, "datetime": {"datetime": "2024-04-08 10:47:53", "elapsed": 0.090495, "delta": 0.008439}}
{"target": -389.58924705736337, "params": {"gamma": 6.865322775888155, "prior": 8.362794151783993, "rate": 0.18386448516457388}, "datetime": {"datetime": "2024-04-08 10:47:53", "elapsed": 0.098477, "delta": 0.007982}}
{"target": -608.6568237698954, "params": {"gamma": 7.50169300513473, "prior": 9.889724780174298, "rate": 7.4819083781440145}, "datetime": {"datetime": "2024-04-08 10:47:53", "elapsed": 0.106438, "delta": 0.007961}}
{"target": -217.9947009629963, "params": {"gamma": 2.8051594766519874, "prior": 7.913865351669736, "rate": 1.0331568397698425}, "datetime": {"datetime": "2024-04-08 10:47:53", "elapsed": 0.114471, "delta": 0.008033}}
{"target": -330.88110203957683, "params": {"gamma": 4.479487368232876, "prior": 9.095095480621646, "rate": 2.9368478695884215}, "datetime": {"datetime": "2024-04-08 10:47:53", "elapsed": 0.123014, "delta": 0.008543}}
{"target": -222.0876881944779, "params": {"gamma": 2.878465610524901, "prior": 1.3872828639709491, "rate": 0.19465021174510047}, "datetime": {"datetime": "2024-04-08 10:47:53", "elapsed": 0.131198, "delta": 0.008184}}
{"target": -602.2913402920825, "params": {"gamma": 6.78867649386597, "prior": 2.1951183484005847, "rate": 2.65620104706289}, "datetime": {"datetime": "2024-04-08 10:47:53", "elapsed": 0.139269, "delta": 0.008071}}
{"target": -592.4922722945817, "params": {"gamma": 4.916240019644103, "prior": 0.6282891966590958, "rate": 5.741601937314639}, "datetime": {"datetime": "2024-04-08 10:47:53", "elapsed": 0.14741, "delta": 0.008141}}
{"target": -197.04842368246406, "params": {"gamma": 1.4681390204831957, "prior": 5.934124815342514, "rate": 6.9978838418492915}, "datetime": {"datetime": "2024-04-08 10:47:53", "elapsed": 0.155867, "delta": 0.008457}}
{"target": -178.10349685036405, "params": {"gamma": 1.0242419538494305, "prior": 4.199154279413726, "rate": 6.9443071771197245}, "datetime": {"datetime": "2024-04-08 10:47:53", "elapsed": 0.163827, "delta": 0.00796}}
{"target": -507.6215032922492, "params": {"gamma": 4.1423785159995, "prior": 0.5945392435662629, "rate": 5.359428162749201}, "datetime": {"datetime": "2024-04-08 10:47:53", "elapsed": 0.17154, "delta": 0.007713}}
{"target": -633.4230653539232, "params": {"gamma": 6.638282657552669, "prior": 5.1974022093772545, "rate": 9.446002965152143}, "datetime": {"datetime": "2024-04-08 10:47:53", "elapsed": 0.179619, "delta": 0.008079}}
{"target": -376.26806658012157, "params": {"gamma": 5.865963849979428, "prior": 9.043678961350047, "rate": 1.3756095667582289}, "datetime": {"datetime": "2024-04-08 10:47:53", "elapsed": 0.188159, "delta": 0.00854}}
{"target": -177.80693018345522, "params": {"gamma": 1.3936241961603346, "prior": 8.093173758224285, "rate": 3.9773706930183503}, "datetime": {"datetime": "2024-04-08 10:47:53", "elapsed": 0.196288, "delta": 0.008129}}
{"target": -184.4261397130919, "params": {"gamma": 1.6543766169722107, "prior": 9.282334945920736, "rate": 3.47831083159532}, "datetime": {"datetime": "2024-04-08 10:47:53", "elapsed": 0.204387, "delta": 0.008099}}
{"target": -662.7765388271628, "params": {"gamma": 7.50837021925842, "prior": 7.28738005496947, "rate": 8.833177605966892}, "datetime": {"datetime": "2024-04-08 10:47:53", "elapsed": 0.21267, "delta": 0.008283}}
{"target": -468.95402456578097, "params": {"gamma": 6.237098398349034, "prior": 7.534330096870638, "rate": 3.4896345214364475}, "datetime": {"datetime": "2024-04-08 10:47:53", "elapsed": 0.221404, "delta": 0.008734}}
{"target": -241.6266851788264, "params": {"gamma": 2.7000089897584956, "prior": 8.969273560141062, "rate": 4.281483807523078}, "datetime": {"datetime": "2024-04-08 10:47:53", "elapsed": 0.229659, "delta": 0.008255}}
{"target": -805.8186772278384, "params": {"gamma": 9.648435631436707, "prior": 6.6680708284026355, "rate": 6.217335506371009}, "datetime": {"datetime": "2024-04-08 10:47:53", "elapsed": 0.237963, "delta": 0.008304}}
{"target": -167.9787371647168, "params": {"gamma": 1.1483449835607984, "prior": 9.499943661200005, "rate": 4.499671422665926}, "datetime": {"datetime": "2024-04-08 10:47:53", "elapsed": 0.246201, "delta": 0.008238}}
{"target": -454.0625315486987, "params": {"gamma": 5.784317754256931, "prior": 4.140554347336684, "rate": 2.371032775450034}, "datetime": {"datetime": "2024-04-08 10:47:53", "elapsed": 0.254755, "delta": 0.008554}}
{"target": -487.83698354422086, "params": {"gamma": 9.033891826101975, "prior": 5.77942691805563, "rate": 0.029700399984558545}, "datetime": {"datetime": "2024-04-08 10:47:53", "elapsed": 0.262852, "delta": 0.008097}}
{"target": -577.7387325887395, "params": {"gamma": 6.171831991293619, "prior": 3.3337845275437523, "rate": 5.271053964473836}, "datetime": {"datetime": "2024-04-08 10:47:53", "elapsed": 0.270854, "delta": 0.008002}}
{"target": -878.8836852936294, "params": {"gamma": 8.859535051008434, "prior": 3.636970624024748, "rate": 9.085442974047073}, "datetime": {"datetime": "2024-04-08 10:47:53", "elapsed": 0.27905, "delta": 0.008196}}
{"target": -792.8039682575964, "params": {"gamma": 6.233977797802236, "prior": 0.2566303041809072, "rate": 9.294442900203869}, "datetime": {"datetime": "2024-04-08 10:47:53", "elapsed": 0.287549, "delta": 0.008499}}
{"target": -441.49133120351723, "params": {"gamma": 6.9092782782517235, "prior": 9.973496219469657, "rate": 1.7242327429449402}, "datetime": {"datetime": "2024-04-08 10:47:53", "elapsed": 0.295672, "delta": 0.008123}}
{"target": -183.43724557189933, "params": {"gamma": 1.3722203605391488, "prior": 9.33269508406792, "rate": 6.9684847967375125}, "datetime": {"datetime": "2024-04-08 10:47:53", "elapsed": 0.303593, "delta": 0.007921}}
{"target": -157.22942756666984, "params": {"gamma": 0.6609357270479028, "prior": 7.579084220764417, "rate": 7.539008008424004}, "datetime": {"datetime": "2024-04-08 10:47:53", "elapsed": 0.311735, "delta": 0.008142}}
{"target": -577.4498683641664, "params": {"gamma": 9.230322330929287, "prior": 7.14409511042187, "rate": 1.2435853487596746}, "datetime": {"datetime": "2024-04-08 10:47:53", "elapsed": 0.320207, "delta": 0.008472}}
{"target": -145.04967292235816, "params": {"gamma": 0.1997814582641161, "prior": 0.3594887700894208, "rate": 0.2840365737199253}, "datetime": {"datetime": "2024-04-08 10:47:53", "elapsed": 0.32813, "delta": 0.007923}}
{"target": -237.05103577511983, "params": {"gamma": 2.462864464962856, "prior": 8.61427669196059, "rate": 5.3887718123521875}, "datetime": {"datetime": "2024-04-08 10:47:53", "elapsed": 0.336502, "delta": 0.008372}}
{"target": -356.56807485393574, "params": {"gamma": 5.5286669648789735, "prior": 8.436105834360097, "rate": 1.2426089778839915}, "datetime": {"datetime": "2024-04-08 10:47:53", "elapsed": 0.344888, "delta": 0.008386}}
{"target": -298.4886682675062, "params": {"gamma": 2.792557606432384, "prior": 5.89901678743705, "rate": 9.695987887448426}, "datetime": {"datetime": "2024-04-08 10:47:53", "elapsed": 0.353495, "delta": 0.008607}}
{"target": -712.5479745201156, "params": {"gamma": 5.6107411623378445, "prior": 0.2846081647921359, "rate": 8.006526094133482}, "datetime": {"datetime": "2024-04-08 10:47:53", "elapsed": 0.361752, "delta": 0.008257}}
{"target": -221.59644973150725, "params": {"gamma": 2.3305097641363632, "prior": 8.090341436625915, "rate": 3.8792185799976533}, "datetime": {"datetime": "2024-04-08 10:47:53", "elapsed": 0.369888, "delta": 0.008136}}
{"target": -694.5564875704484, "params": {"gamma": 8.635555003739727, "prior": 7.496504263098128, "rate": 5.562846099670199}, "datetime": {"datetime": "2024-04-08 10:47:53", "elapsed": 0.37814, "delta": 0.008252}}
{"target": -198.9008534801758, "params": {"gamma": 1.3654158013811895, "prior": 0.6931851261708954, "rate": 1.2143132139516326}, "datetime": {"datetime": "2024-04-08 10:47:53", "elapsed": 0.386758, "delta": 0.008618}}
{"target": -153.04707981060568, "params": {"gamma": 0.4464742335690725, "prior": 1.16419187815032, "rate": 2.2578676767399393}, "datetime": {"datetime": "2024-04-08 10:47:53", "elapsed": 0.39504, "delta": 0.008282}}
{"target": -401.5988896339913, "params": {"gamma": 7.130176814846385, "prior": 5.64119812233601, "rate": 0.12654724561099942}, "datetime": {"datetime": "2024-04-08 10:47:53", "elapsed": 0.403138, "delta": 0.008098}}
{"target": -155.8756181696356, "params": {"gamma": 0.7206708226151783, "prior": 9.676035667002694, "rate": 5.6814365187375016}, "datetime": {"datetime": "2024-04-08 10:47:53", "elapsed": 0.411268, "delta": 0.00813}}
{"target": -259.4955172241827, "params": {"gamma": 2.033729053375244, "prior": 2.598024871246202, "rate": 7.438514714896855}, "datetime": {"datetime": "2024-04-08 10:47:53", "elapsed": 0.41973, "delta": 0.008462}}
{"target": -236.765220164659, "params": {"gamma": 1.9550993816120785, "prior": 5.855453380005252, "rate": 9.700229870894034}, "datetime": {"datetime": "2024-04-08 10:47:53", "elapsed": 0.427758, "delta": 0.008028}}
{"target": -810.9081909670216, "params": {"gamma": 8.468441186098863, "prior": 2.4744928155611032, "rate": 4.938203372973032}, "datetime": {"datetime": "2024-04-08 10:47:53", "elapsed": 0.435676, "delta": 0.007918}}
{"target": -405.5548215445528, "params": {"gamma": 6.199937228095417, "prior": 8.306910905546768, "rate": 1.5687571550661965}, "datetime": {"datetime": "2024-04-08 10:47:53", "elapsed": 0.443737, "delta": 0.008061}}
{"target": -146.68721311321974, "params": {"gamma": 0.18674344557191777, "prior": 0.7932192228203011, "rate": 4.863964764259381}, "datetime": {"datetime": "2024-04-08 10:47:53", "elapsed": 0.452218, "delta": 0.008481}}
{"target": -471.3606186238197, "params": {"gamma": 6.063688287071651, "prior": 5.731629227156165, "rate": 3.1743067308122854}, "datetime": {"datetime": "2024-04-08 10:47:53", "elapsed": 0.460381, "delta": 0.008163}}
{"target": -773.9766416728451, "params": {"gamma": 9.886172927970076, "prior": 5.839477670533389, "rate": 3.8020315850628807}, "datetime": {"datetime": "2024-04-08 10:47:53", "elapsed": 0.46818, "delta": 0.007799}}
{"target": -470.3324096113646, "params": {"gamma": 5.509931242959851, "prior": 7.478810865974371, "rate": 6.6926597016383935}, "datetime": {"datetime": "2024-04-08 10:47:53", "elapsed": 0.476219, "delta": 0.008039}}
{"target": -331.5319213658641, "params": {"gamma": 2.6499306570704313, "prior": 0.7567148608415716, "rate": 3.701471894943149}, "datetime": {"datetime": "2024-04-08 10:47:53", "elapsed": 0.484713, "delta": 0.008494}}
{"target": -667.6648868356801, "params": {"gamma": 6.297545352708624, "prior": 2.180722698156912, "rate": 7.5278027818344}, "datetime": {"datetime": "2024-04-08 10:47:53", "elapsed": 0.492971, "delta": 0.008258}}
{"target": -164.85360000906525, "params": {"gamma": 0.6662982770597953, "prior": 2.677119475927556, "rate": 8.04774088286971}, "datetime": {"datetime": "2024-04-08 10:47:53", "elapsed": 0.50121, "delta": 0.008239}}
{"target": -214.74135828097758, "params": {"gamma": 1.935149391950654, "prior": 6.430662720711407, "rate": 5.247178420928214}, "datetime": {"datetime": "2024-04-08 10:47:53", "elapsed": 0.509297, "delta": 0.008087}}
{"target": -610.1340388873851, "params": {"gamma": 9.248154896023108, "prior": 2.706638027822399, "rate": 0.6605449457495538}, "datetime": {"datetime": "2024-04-08 10:47:53", "elapsed": 0.517824, "delta": 0.008527}}
{"target": -645.6898506170085, "params": {"gamma": 7.350924566923407, "prior": 7.744562492478143, "rate": 9.078250709182736}, "datetime": {"datetime": "2024-04-08 10:47:53", "elapsed": 0.526188, "delta": 0.008364}}
{"target": -1091.834882175137, "params": {"gamma": 9.319788719899176, "prior": 0.23812057245841045, "rate": 2.344386499128084}, "datetime": {"datetime": "2024-04-08 10:47:53", "elapsed": 0.534354, "delta": 0.008166}}
{"target": -532.2445459327341, "params": {"gamma": 6.1681667916595755, "prior": 9.495261574807403, "rate": 9.50181101635155}, "datetime": {"datetime": "2024-04-08 10:47:53", "elapsed": 0.542604, "delta": 0.00825}}
{"target": -454.35453848652537, "params": {"gamma": 5.566975228763369, "prior": 9.164502862686119, "rate": 6.41602052325443}, "datetime": {"datetime": "2024-04-08 10:47:53", "elapsed": 0.551176, "delta": 0.008572}}
{"target": -368.7932115628011, "params": {"gamma": 3.9006871336983213, "prior": 4.911307604259406, "rate": 6.043500518716813}, "datetime": {"datetime": "2024-04-08 10:47:53", "elapsed": 0.559628, "delta": 0.008452}}
{"target": -477.9472638465165, "params": {"gamma": 5.495929667164118, "prior": 9.269196124393892, "rate": 9.187415622900428}, "datetime": {"datetime": "2024-04-08 10:47:53", "elapsed": 0.567648, "delta": 0.00802}}
{"target": -278.9527826385568, "params": {"gamma": 3.9493612536226252, "prior": 9.636299031563047, "rate": 1.740382711137963}, "datetime": {"datetime": "2024-04-08 10:47:53", "elapsed": 0.576068, "delta": 0.00842}}
{"target": -204.49652271335947, "params": {"gamma": 1.2641688648769336, "prior": 1.4372836646626401, "rate": 5.057115994603291}, "datetime": {"datetime": "2024-04-08 10:47:53", "elapsed": 0.584591, "delta": 0.008523}}
{"target": -145.40934125925952, "params": {"gamma": 0.2162265279367056, "prior": 9.484905091055042, "rate": 8.271327596236153}, "datetime": {"datetime": "2024-04-08 10:47:53", "elapsed": 0.593098, "delta": 0.008507}}
{"target": -144.92004299127717, "params": {"gamma": 0.15117478844048168, "prior": 1.8443429301930472, "rate": 3.3213036800940032}, "datetime": {"datetime": "2024-04-08 10:47:53", "elapsed": 0.601492, "delta": 0.008394}}
{"target": -172.67003363281023, "params": {"gamma": 1.310837451264358, "prior": 8.113957852053163, "rate": 3.4480217901802512}, "datetime": {"datetime": "2024-04-08 10:47:53", "elapsed": 0.610095, "delta": 0.008603}}
{"target": -853.9680202365247, "params": {"gamma": 9.401134715851338, "prior": 5.861940381476092, "rate": 8.78844101213403}, "datetime": {"datetime": "2024-04-08 10:47:53", "elapsed": 0.618795, "delta": 0.0087}}
{"target": -635.0989948644273, "params": {"gamma": 8.447499719476827, "prior": 9.063383955215627, "rate": 4.599342777902254}, "datetime": {"datetime": "2024-04-08 10:47:53", "elapsed": 0.627208, "delta": 0.008413}}
{"target": -398.302090242936, "params": {"gamma": 5.463921813387713, "prior": 8.00617555240519, "rate": 2.8579027984897416}, "datetime": {"datetime": "2024-04-08 10:47:53", "elapsed": 0.635329, "delta": 0.008121}}
{"target": -301.7375358386846, "params": {"gamma": 4.903044972676658, "prior": 6.031192045694196, "rate": 0.15631722223280642}, "datetime": {"datetime": "2024-04-08 10:47:53", "elapsed": 0.643588, "delta": 0.008259}}
{"target": -571.9234154748272, "params": {"gamma": 5.935220600558176, "prior": 4.393395854995637, "rate": 8.073797928319529}, "datetime": {"datetime": "2024-04-08 10:47:53", "elapsed": 0.652093, "delta": 0.008505}}
{"target": -280.59874868180844, "params": {"gamma": 3.153132786150634, "prior": 8.939598214398998, "rate": 5.778994295630071}, "datetime": {"datetime": "2024-04-08 10:47:53", "elapsed": 0.660614, "delta": 0.008521}}
{"target": -208.12225556998845, "params": {"gamma": 1.8409180060730232, "prior": 7.900499414872493, "rate": 6.120699739272295}, "datetime": {"datetime": "2024-04-08 10:47:53", "elapsed": 0.668956, "delta": 0.008342}}
{"target": -155.57770593902757, "params": {"gamma": 0.5400388114654558, "prior": 4.259917432011209, "rate": 6.791009296817731}, "datetime": {"datetime": "2024-04-08 10:47:53", "elapsed": 0.677394, "delta": 0.008438}}
{"target": -1171.2840571815034, "params": {"gamma": 9.186099177997281, "prior": 0.10398004642443859, "rate": 9.767614731161565}, "datetime": {"datetime": "2024-04-08 10:47:53", "elapsed": 0.685964, "delta": 0.00857}}
{"target": -318.79772068697633, "params": {"gamma": 3.766426567142999, "prior": 9.740457029747393, "rate": 6.047556293639557}, "datetime": {"datetime": "2024-04-08 10:47:53", "elapsed": 0.69435, "delta": 0.008386}}
{"target": -714.3879816396618, "params": {"gamma": 8.288629233998948, "prior": 5.789643896610213, "rate": 6.281133906875198}, "datetime": {"datetime": "2024-04-08 10:47:53", "elapsed": 0.702611, "delta": 0.008261}}
{"target": -291.3368631331387, "params": {"gamma": 2.8564772406752437, "prior": 5.9096500724952215, "rate": 7.500467615262897}, "datetime": {"datetime": "2024-04-08 10:47:53", "elapsed": 0.710835, "delta": 0.008224}}
{"target": -717.7407461999718, "params": {"gamma": 8.583280050453995, "prior": 7.575313665830033, "rate": 6.980874427224584}, "datetime": {"datetime": "2024-04-08 10:47:53", "elapsed": 0.719478, "delta": 0.008643}}
{"target": -829.9406265393364, "params": {"gamma": 8.644929821115943, "prior": 3.29454186868379, "rate": 6.708217119085085}, "datetime": {"datetime": "2024-04-08 10:47:53", "elapsed": 0.727734, "delta": 0.008256}}
{"target": -405.8648105079899, "params": {"gamma": 4.509288490197079, "prior": 3.8828172451120206, "rate": 4.108702687871935}, "datetime": {"datetime": "2024-04-08 10:47:53", "elapsed": 0.736211, "delta": 0.008477}}
{"target": -407.38581489360837, "params": {"gamma": 4.015394355111937, "prior": 3.2421010649869415, "rate": 6.219571759835095}, "datetime": {"datetime": "2024-04-08 10:47:53", "elapsed": 0.744519, "delta": 0.008308}}
{"target": -362.2793923182354, "params": {"gamma": 4.303042460941823, "prior": 9.740640571479798, "rate": 6.778331113451677}, "datetime": {"datetime": "2024-04-08 10:47:53", "elapsed": 0.753004, "delta": 0.008485}}
{"target": -216.9177896631181, "params": {"gamma": 1.9865003143826816, "prior": 4.324339992545524, "rate": 3.4341190515044557}, "datetime": {"datetime": "2024-04-08 10:47:53", "elapsed": 0.761409, "delta": 0.008405}}
{"target": -681.6737354438513, "params": {"gamma": 7.976590400781708, "prior": 8.811983056777974, "rate": 9.038515716307893}, "datetime": {"datetime": "2024-04-08 10:47:53", "elapsed": 0.769766, "delta": 0.008357}}
{"target": -559.4707910952532, "params": {"gamma": 6.627535403940247, "prior": 2.775061794094602, "rate": 2.5244146483443926}, "datetime": {"datetime": "2024-04-08 10:47:53", "elapsed": 0.777849, "delta": 0.008083}}
{"target": -779.7809050984439, "params": {"gamma": 8.549124529031326, "prior": 5.324374998456592, "rate": 8.021808678961976}, "datetime": {"datetime": "2024-04-08 10:47:53", "elapsed": 0.786403, "delta": 0.008554}}
{"target": -466.72939092271343, "params": {"gamma": 5.725312683398872, "prior": 7.35811100034636, "rate": 5.190597263013095}, "datetime": {"datetime": "2024-04-08 10:47:53", "elapsed": 0.794704, "delta": 0.008301}}
{"target": -632.8100685420685, "params": {"gamma": 7.709068221108379, "prior": 5.731694107976684, "rate": 4.6576330760412175}, "datetime": {"datetime": "2024-04-08 10:47:53", "elapsed": 0.802711, "delta": 0.008007}}
{"target": -406.6361250060941, "params": {"gamma": 3.4275463906248644, "prior": 0.7752725493253708, "rate": 3.7798638691016704}, "datetime": {"datetime": "2024-04-08 10:47:53", "elapsed": 0.811123, "delta": 0.008412}}
{"target": -152.6686600922868, "params": {"gamma": 0.7971811509048254, "prior": 9.829889425931405, "rate": 1.816946900456307}, "datetime": {"datetime": "2024-04-08 10:47:53", "elapsed": 0.819781, "delta": 0.008658}}
{"target": -661.0878391085608, "params": {"gamma": 8.118775118507678, "prior": 8.762120285063391, "rate": 6.884444110607048}, "datetime": {"datetime": "2024-04-08 10:47:53", "elapsed": 0.82821, "delta": 0.008429}}
