{"target": -147.0705057041807, "params": {"gamma": 1.6165788245210426, "prior": 6.524924004221608, "rate": 7.53350473313803}, "datetime": {"datetime": "2024-04-09 03:00:11", "elapsed": 6.342234, "delta": 0.008629}}
{"target": -208.83000761104455, "params": {"gamma": 2.8026461610955637, "prior": 4.5684824262007755, "rate": 9.004588674948266}, "datetime": {"datetime": "2024-04-09 03:00:11", "elapsed": 6.350896, "delta": 0.008662}}
{"target": -468.171236032268, "params": {"gamma": 8.719984326277993, "prior": 7.1011573368634044, "rate": 5.909415094304578}, "datetime": {"datetime": "2024-04-09 03:00:11", "elapsed": 6.360527, "delta": 0.009631}}
{"target": -777.6093640964863, "params": {"gamma": 8.174005321700859, "prior": 9.085681996388406, "rate": 0.026073089119563617}, "datetime": {"datetime": "2024-04-09 03:00:11", "elapsed": 6.369465, "delta": 0.008938}}
{"target": -256.13739676977013, "params": {"gamma": 3.972880434571384, "prior": 5.657955868812967, "rate": 7.339497439712482}, "datetime": {"datetime": "2024-04-09 03:00:11", "elapsed": 6.377886, "delta": 0.008421}}
{"target": -125.28561399527418, "params": {"gamma": 0.8756401490882502, "prior": 4.057574378040559, "rate": 2.796932173319039}, "datetime": {"datetime": "2024-04-09 03:00:11", "elapsed": 6.386623, "delta": 0.008737}}
{"target": -269.76265828206857, "params": {"gamma": 4.235677020998725, "prior": 5.029988463465554, "rate": 6.600492220036985}, "datetime": {"datetime": "2024-04-09 03:00:11", "elapsed": 6.396969, "delta": 0.010346}}
{"target": -291.81714457739133, "params": {"gamma": 4.962865153563822, "prior": 6.242635185991386, "rate": 5.824816179030337}, "datetime": {"datetime": "2024-04-09 03:00:11", "elapsed": 6.405708, "delta": 0.008739}}
{"target": -349.93849537101613, "params": {"gamma": 4.2838956479905255, "prior": 0.1492660106415274, "rate": 1.9459696221821587}, "datetime": {"datetime": "2024-04-09 03:00:11", "elapsed": 6.414402, "delta": 0.008694}}
{"target": -247.82007110502636, "params": {"gamma": 3.2027463362086017, "prior": 1.55508344596382, "rate": 5.987040152182751}, "datetime": {"datetime": "2024-04-09 03:00:11", "elapsed": 6.423273, "delta": 0.008871}}
{"target": -330.4968227707097, "params": {"gamma": 6.115383267119364, "prior": 5.050923270009602, "rate": 3.2091681671070447}, "datetime": {"datetime": "2024-04-09 03:00:11", "elapsed": 6.433523, "delta": 0.01025}}
{"target": -558.8471704667697, "params": {"gamma": 6.53292726219252, "prior": 1.983806478522533, "rate": 0.05980393346483768}, "datetime": {"datetime": "2024-04-09 03:00:11", "elapsed": 6.442103, "delta": 0.00858}}
{"target": -448.4360949595904, "params": {"gamma": 7.3496852448209316, "prior": 4.490688034848957, "rate": 6.978718718842435}, "datetime": {"datetime": "2024-04-09 03:00:11", "elapsed": 6.450805, "delta": 0.008702}}
{"target": -173.69266659998289, "params": {"gamma": 1.851248453020123, "prior": 0.7199360396407632, "rate": 3.78170775924343}, "datetime": {"datetime": "2024-04-09 03:00:11", "elapsed": 6.460571, "delta": 0.009766}}
{"target": -435.8439670320479, "params": {"gamma": 6.960269107944495, "prior": 1.1179018377977268, "rate": 1.959146502516249}, "datetime": {"datetime": "2024-04-09 03:00:11", "elapsed": 6.469637, "delta": 0.009066}}
{"target": -281.5202677946962, "params": {"gamma": 4.540072551414793, "prior": 6.249376977967096, "rate": 7.501492356441782}, "datetime": {"datetime": "2024-04-09 03:00:11", "elapsed": 6.478162, "delta": 0.008525}}
{"target": -130.13406005077567, "params": {"gamma": 1.0982404778352803, "prior": 6.283773710840847, "rate": 3.8742178609226636}, "datetime": {"datetime": "2024-04-09 03:00:11", "elapsed": 6.486799, "delta": 0.008637}}
{"target": -447.2466493702919, "params": {"gamma": 6.701233597109323, "prior": 2.115247738852826, "rate": 5.2796600565097815}, "datetime": {"datetime": "2024-04-09 03:00:11", "elapsed": 6.497106, "delta": 0.010307}}
{"target": -175.15806183022863, "params": {"gamma": 1.722453387004371, "prior": 0.2849419593641159, "rate": 4.870015513993148}, "datetime": {"datetime": "2024-04-09 03:00:11", "elapsed": 6.50565, "delta": 0.008544}}
{"target": -153.52071350765422, "params": {"gamma": 1.8425935878323698, "prior": 6.4195989670335365, "rate": 5.366211618584989}, "datetime": {"datetime": "2024-04-09 03:00:11", "elapsed": 6.514199, "delta": 0.008549}}
{"target": -513.066649342659, "params": {"gamma": 7.74967885459746, "prior": 3.990303036078612, "rate": 9.894531856231692}, "datetime": {"datetime": "2024-04-09 03:00:11", "elapsed": 6.523269, "delta": 0.00907}}
{"target": -325.54313332013476, "params": {"gamma": 5.152631746924576, "prior": 4.84035167173617, "rate": 7.494675265050945}, "datetime": {"datetime": "2024-04-09 03:00:11", "elapsed": 6.533746, "delta": 0.010477}}
{"target": -347.809705133769, "params": {"gamma": 5.727310244630862, "prior": 3.6884066412702516, "rate": 4.892958609815962}, "datetime": {"datetime": "2024-04-09 03:00:11", "elapsed": 6.542523, "delta": 0.008777}}
{"target": -200.87015351037536, "params": {"gamma": 1.8921946110135588, "prior": 3.9964758015389337, "rate": 0.30058756348796134}, "datetime": {"datetime": "2024-04-09 03:00:11", "elapsed": 6.551463, "delta": 0.00894}}
{"target": -305.7792475978347, "params": {"gamma": 4.625828074361687, "prior": 2.8172937167553513, "rate": 5.267631887725799}, "datetime": {"datetime": "2024-04-09 03:00:11", "elapsed": 6.561807, "delta": 0.010344}}
{"target": -130.6005856925739, "params": {"gamma": 0.2936919419097222, "prior": 5.595358988569528, "rate": 2.9306858383999437}, "datetime": {"datetime": "2024-04-09 03:00:11", "elapsed": 6.570748, "delta": 0.008941}}
{"target": -313.65883820564665, "params": {"gamma": 5.775329319454461, "prior": 7.35442154728753, "rate": 4.403937930137581}, "datetime": {"datetime": "2024-04-09 03:00:11", "elapsed": 6.579462, "delta": 0.008714}}
{"target": -475.6465812002999, "params": {"gamma": 6.6319050719967745, "prior": 2.4652085532150996, "rate": 9.985992286776213}, "datetime": {"datetime": "2024-04-09 03:00:11", "elapsed": 6.588363, "delta": 0.008901}}
{"target": -186.17920856593668, "params": {"gamma": 2.4295423376760557, "prior": 9.414201302377094, "rate": 2.1729802841597885}, "datetime": {"datetime": "2024-04-09 03:00:11", "elapsed": 6.598918, "delta": 0.010555}}
{"target": -289.7522250971041, "params": {"gamma": 4.97614628166607, "prior": 8.229651952438084, "rate": 7.166163879900548}, "datetime": {"datetime": "2024-04-09 03:00:11", "elapsed": 6.607677, "delta": 0.008759}}
{"target": -438.5482950470438, "params": {"gamma": 7.05609854079457, "prior": 4.460361543759608, "rate": 7.541996079526139}, "datetime": {"datetime": "2024-04-09 03:00:11", "elapsed": 6.616455, "delta": 0.008778}}
{"target": -525.0751755182505, "params": {"gamma": 9.199615816571573, "prior": 4.469382278626795, "rate": 5.2801268760628535}, "datetime": {"datetime": "2024-04-09 03:00:11", "elapsed": 6.626448, "delta": 0.009993}}
{"target": -120.74127135425944, "params": {"gamma": 0.6612898045823568, "prior": 3.968653429339858, "rate": 4.672918424766126}, "datetime": {"datetime": "2024-04-09 03:00:11", "elapsed": 6.635828, "delta": 0.00938}}
{"target": -668.7905633955962, "params": {"gamma": 8.951481970324929, "prior": 1.1945186585288683, "rate": 7.311644894386467}, "datetime": {"datetime": "2024-04-09 03:00:11", "elapsed": 6.644485, "delta": 0.008657}}
{"target": -447.8837853353847, "params": {"gamma": 5.455166214318647, "prior": 6.10470076211378, "rate": 0.2987996583514733}, "datetime": {"datetime": "2024-04-09 03:00:11", "elapsed": 6.653057, "delta": 0.008572}}
{"target": -214.0389320680013, "params": {"gamma": 1.4683270502280348, "prior": 2.911433932115233, "rate": 0.04971560748810713}, "datetime": {"datetime": "2024-04-09 03:00:11", "elapsed": 6.663435, "delta": 0.010378}}
{"target": -356.04394209605067, "params": {"gamma": 6.6919088201735715, "prior": 8.715553694333723, "rate": 5.470136124403138}, "datetime": {"datetime": "2024-04-09 03:00:11", "elapsed": 6.672421, "delta": 0.008986}}
{"target": -295.5894701619583, "params": {"gamma": 5.432097311144519, "prior": 6.195686693269069, "rate": 3.022512822657626}, "datetime": {"datetime": "2024-04-09 03:00:11", "elapsed": 6.681245, "delta": 0.008824}}
{"target": -243.38586743509714, "params": {"gamma": 3.6679530846277557, "prior": 5.7919033000498885, "rate": 8.092356620589728}, "datetime": {"datetime": "2024-04-09 03:00:11", "elapsed": 6.690255, "delta": 0.00901}}
{"target": -171.5729437871677, "params": {"gamma": 2.016764747447303, "prior": 3.3424881528980626, "rate": 7.429469582646582}, "datetime": {"datetime": "2024-04-09 03:00:11", "elapsed": 6.700766, "delta": 0.010511}}
{"target": -250.74588435968772, "params": {"gamma": 3.4098615710742886, "prior": 0.5713481941948949, "rate": 1.5644129298338398}, "datetime": {"datetime": "2024-04-09 03:00:11", "elapsed": 6.709552, "delta": 0.008786}}
{"target": -160.9176781827084, "params": {"gamma": 1.9394547317358086, "prior": 5.001612389355664, "rate": 6.351614485952291}, "datetime": {"datetime": "2024-04-09 03:00:11", "elapsed": 6.718337, "delta": 0.008785}}
{"target": -446.31311790362076, "params": {"gamma": 8.802319552208612, "prior": 9.035111908580227, "rate": 3.072300524082465}, "datetime": {"datetime": "2024-04-09 03:00:11", "elapsed": 6.728833, "delta": 0.010496}}
{"target": -441.9471022496866, "params": {"gamma": 7.534047351182733, "prior": 2.896037502533829, "rate": 3.686400120782994}, "datetime": {"datetime": "2024-04-09 03:00:11", "elapsed": 6.738048, "delta": 0.009215}}
{"target": -193.08176077260282, "params": {"gamma": 2.927972894369209, "prior": 4.195538288371103, "rate": 2.147942240988137}, "datetime": {"datetime": "2024-04-09 03:00:11", "elapsed": 6.747168, "delta": 0.00912}}
{"target": -261.46258742398186, "params": {"gamma": 3.1905410786954205, "prior": 1.3070061575118679, "rate": 9.63021937771575}, "datetime": {"datetime": "2024-04-09 03:00:11", "elapsed": 6.756012, "delta": 0.008844}}
{"target": -289.98026376730877, "params": {"gamma": 5.04032611097843, "prior": 9.238696757627771, "rate": 7.461855247593438}, "datetime": {"datetime": "2024-04-09 03:00:11", "elapsed": 6.766637, "delta": 0.010625}}
{"target": -269.65745519439486, "params": {"gamma": 4.577595171516512, "prior": 7.570760030550504, "rate": 6.280602762990652}, "datetime": {"datetime": "2024-04-09 03:00:11", "elapsed": 6.775398, "delta": 0.008761}}
{"target": -211.6607496495079, "params": {"gamma": 3.0382805830845347, "prior": 5.264427202791391, "rate": 7.123409644278645}, "datetime": {"datetime": "2024-04-09 03:00:11", "elapsed": 6.783977, "delta": 0.008579}}
{"target": -259.94056769305183, "params": {"gamma": 3.0538300009516193, "prior": 0.22397608517608533, "rate": 2.6833600285302275}, "datetime": {"datetime": "2024-04-09 03:00:11", "elapsed": 6.794015, "delta": 0.010038}}
{"target": -417.80200594914777, "params": {"gamma": 7.967658010425252, "prior": 9.306931580738663, "rate": 6.2536862178776484}, "datetime": {"datetime": "2024-04-09 03:00:11", "elapsed": 6.80331, "delta": 0.009295}}
{"target": -135.80206372758803, "params": {"gamma": 1.3289420383195298, "prior": 7.59994655654947, "rate": 5.269526555127393}, "datetime": {"datetime": "2024-04-09 03:00:11", "elapsed": 6.811831, "delta": 0.008521}}
{"target": -430.5249015231121, "params": {"gamma": 7.538936847140509, "prior": 8.600255860393125, "rate": 9.475467969467141}, "datetime": {"datetime": "2024-04-09 03:00:11", "elapsed": 6.820588, "delta": 0.008757}}
{"target": -364.4616004138885, "params": {"gamma": 6.545720808693693, "prior": 8.557156277442202, "rate": 7.426137988907772}, "datetime": {"datetime": "2024-04-09 03:00:11", "elapsed": 6.830994, "delta": 0.010406}}
{"target": -414.6034633157616, "params": {"gamma": 7.271284782848366, "prior": 8.60202848704295, "rate": 9.2301074044959}, "datetime": {"datetime": "2024-04-09 03:00:11", "elapsed": 6.84002, "delta": 0.009026}}
{"target": -509.21316742194097, "params": {"gamma": 9.020857939246921, "prior": 4.017927589495288, "rate": 0.8411287767074533}, "datetime": {"datetime": "2024-04-09 03:00:11", "elapsed": 6.848756, "delta": 0.008736}}
{"target": -461.6178214416412, "params": {"gamma": 8.295907610863033, "prior": 5.43542237774558, "rate": 5.421219471236491}, "datetime": {"datetime": "2024-04-09 03:00:11", "elapsed": 6.858043, "delta": 0.009287}}
{"target": -670.4639696833938, "params": {"gamma": 8.25192813033363, "prior": 0.4166434253201614, "rate": 8.779726226832842}, "datetime": {"datetime": "2024-04-09 03:00:11", "elapsed": 6.867966, "delta": 0.009923}}
{"target": -125.5967866041428, "params": {"gamma": 0.34730537937586553, "prior": 6.9626261279460415, "rate": 5.875257309024742}, "datetime": {"datetime": "2024-04-09 03:00:11", "elapsed": 6.87681, "delta": 0.008844}}
{"target": -349.3368315712561, "params": {"gamma": 6.417850059155134, "prior": 3.803393858608736, "rate": 2.755344804474391}, "datetime": {"datetime": "2024-04-09 03:00:11", "elapsed": 6.885464, "delta": 0.008654}}
{"target": -285.30144050483995, "params": {"gamma": 5.094576405806185, "prior": 8.869648859782243, "rate": 5.653331413985319}, "datetime": {"datetime": "2024-04-09 03:00:11", "elapsed": 6.895997, "delta": 0.010533}}
{"target": -432.8159264925988, "params": {"gamma": 6.631825765751704, "prior": 4.469654386439658, "rate": 9.7214187321274}, "datetime": {"datetime": "2024-04-09 03:00:11", "elapsed": 6.904749, "delta": 0.008752}}
{"target": -465.7360607109576, "params": {"gamma": 7.425482001064747, "prior": 3.613534857422657, "rate": 6.5356567956039315}, "datetime": {"datetime": "2024-04-09 03:00:11", "elapsed": 6.91333, "delta": 0.008581}}
{"target": -303.13044964447334, "params": {"gamma": 5.426621502305332, "prior": 8.852156502548992, "rate": 2.7512654566030514}, "datetime": {"datetime": "2024-04-09 03:00:11", "elapsed": 6.922133, "delta": 0.008803}}
{"target": -130.23404332337603, "params": {"gamma": 1.0815667842382009, "prior": 1.9935933122375844, "rate": 3.8710752798182537}, "datetime": {"datetime": "2024-04-09 03:00:11", "elapsed": 6.932453, "delta": 0.01032}}
{"target": -554.0367815352758, "params": {"gamma": 8.54074388954821, "prior": 2.7813646469755744, "rate": 6.263961673283628}, "datetime": {"datetime": "2024-04-09 03:00:11", "elapsed": 6.941458, "delta": 0.009005}}
{"target": -424.23921366931427, "params": {"gamma": 6.235894458654538, "prior": 4.139666639944494, "rate": 0.504300961464858}, "datetime": {"datetime": "2024-04-09 03:00:11", "elapsed": 6.950366, "delta": 0.008908}}
{"target": -440.0751942050602, "params": {"gamma": 7.448593896451896, "prior": 3.027682790796424, "rate": 3.9851835072938524}, "datetime": {"datetime": "2024-04-09 03:00:11", "elapsed": 6.960297, "delta": 0.009931}}
{"target": -274.9494487120517, "params": {"gamma": 3.7730184357375642, "prior": 6.669666053543827, "rate": 0.8642465348648255}, "datetime": {"datetime": "2024-04-09 03:00:11", "elapsed": 6.969724, "delta": 0.009427}}
{"target": -459.8701474219602, "params": {"gamma": 5.49934931479934, "prior": 0.25267604119823284, "rate": 9.830406796410628}, "datetime": {"datetime": "2024-04-09 03:00:11", "elapsed": 6.978256, "delta": 0.008532}}
{"target": -320.72315394549986, "params": {"gamma": 5.984673796657761, "prior": 3.902730857162644, "rate": 1.4683325593440997}, "datetime": {"datetime": "2024-04-09 03:00:11", "elapsed": 6.987274, "delta": 0.009018}}
{"target": -364.92001155081584, "params": {"gamma": 6.9690863860416155, "prior": 9.067503325394869, "rate": 3.1817694146938234}, "datetime": {"datetime": "2024-04-09 03:00:11", "elapsed": 6.998037, "delta": 0.010763}}
{"target": -530.1648899139927, "params": {"gamma": 7.665154954417642, "prior": 2.946231210207758, "rate": 9.57229619840156}, "datetime": {"datetime": "2024-04-09 03:00:11", "elapsed": 7.007045, "delta": 0.009008}}
{"target": -426.0837690411609, "params": {"gamma": 7.023455232193281, "prior": 6.287654372613879, "rate": 9.307416596768327}, "datetime": {"datetime": "2024-04-09 03:00:11", "elapsed": 7.015886, "delta": 0.008841}}
{"target": -185.68259122516787, "params": {"gamma": 2.6911548301319335, "prior": 9.243795888773532, "rate": 6.781151258305702}, "datetime": {"datetime": "2024-04-09 03:00:11", "elapsed": 7.025184, "delta": 0.009298}}
{"target": -462.902267236844, "params": {"gamma": 7.713853709507418, "prior": 5.759189830706018, "rate": 8.339212870314833}, "datetime": {"datetime": "2024-04-09 03:00:11", "elapsed": 7.035291, "delta": 0.010107}}
{"target": -498.1352475157724, "params": {"gamma": 6.983119711119335, "prior": 1.551426147591399, "rate": 6.1249988251521215}, "datetime": {"datetime": "2024-04-09 03:00:11", "elapsed": 7.044278, "delta": 0.008987}}
{"target": -203.2439322969088, "params": {"gamma": 2.793924035827702, "prior": 9.167199358366272, "rate": 1.9831246698113274}, "datetime": {"datetime": "2024-04-09 03:00:11", "elapsed": 7.053077, "delta": 0.008799}}
{"target": -240.45568090436544, "params": {"gamma": 2.857879237217657, "prior": 0.5717815791998215, "rate": 4.476343861362332}, "datetime": {"datetime": "2024-04-09 03:00:11", "elapsed": 7.06349, "delta": 0.010413}}
{"target": -349.46223217182575, "params": {"gamma": 5.576320563895948, "prior": 5.778254717513243, "rate": 9.053868422216771}, "datetime": {"datetime": "2024-04-09 03:00:11", "elapsed": 7.07237, "delta": 0.00888}}
{"target": -242.80532400866633, "params": {"gamma": 3.47479191407325, "prior": 4.5305309579534265, "rate": 8.512525387352474}, "datetime": {"datetime": "2024-04-09 03:00:11", "elapsed": 7.080972, "delta": 0.008602}}
{"target": -309.83742061160353, "params": {"gamma": 5.768716203017017, "prior": 6.574530055289563, "rate": 2.784314944612766}, "datetime": {"datetime": "2024-04-09 03:00:11", "elapsed": 7.089603, "delta": 0.008631}}
{"target": -299.422112214616, "params": {"gamma": 4.875225544956866, "prior": 6.247428637046675, "rate": 1.3348069074222546}, "datetime": {"datetime": "2024-04-09 03:00:11", "elapsed": 7.100164, "delta": 0.010561}}
{"target": -121.08456908422987, "params": {"gamma": 0.3300542572087522, "prior": 1.222768911195179, "rate": 4.775133302320191}, "datetime": {"datetime": "2024-04-09 03:00:11", "elapsed": 7.108695, "delta": 0.008531}}
{"target": -142.1363506879878, "params": {"gamma": 0.24124331957345432, "prior": 6.299468398458495, "rate": 0.9767285971428687}, "datetime": {"datetime": "2024-04-09 03:00:11", "elapsed": 7.117495, "delta": 0.0088}}
{"target": -185.4676026721774, "params": {"gamma": 2.5103644156247413, "prior": 4.322280163976562, "rate": 1.159151640315784}, "datetime": {"datetime": "2024-04-09 03:00:11", "elapsed": 7.127519, "delta": 0.010024}}
{"target": -244.15277970691267, "params": {"gamma": 2.706249385980867, "prior": 0.3086887610715615, "rate": 9.850470490551084}, "datetime": {"datetime": "2024-04-09 03:00:11", "elapsed": 7.136671, "delta": 0.009152}}
{"target": -469.40475161455777, "params": {"gamma": 6.116124507605985, "prior": 3.8457030044689664, "rate": 0.2662569827533811}, "datetime": {"datetime": "2024-04-09 03:00:11", "elapsed": 7.145739, "delta": 0.009068}}
{"target": -268.5933661054718, "params": {"gamma": 3.8989976450014674, "prior": 4.580330401225699, "rate": 9.310100934451263}, "datetime": {"datetime": "2024-04-09 03:00:11", "elapsed": 7.154535, "delta": 0.008796}}
{"target": -195.1881384749497, "params": {"gamma": 2.7857632142087283, "prior": 6.186340721724661, "rate": 6.6520183774673525}, "datetime": {"datetime": "2024-04-09 03:00:11", "elapsed": 7.164863, "delta": 0.010328}}
{"target": -159.69919915286042, "params": {"gamma": 1.8604237369935928, "prior": 5.107057154965675, "rate": 7.86522112783649}, "datetime": {"datetime": "2024-04-09 03:00:11", "elapsed": 7.173637, "delta": 0.008774}}
{"target": -174.75147401806726, "params": {"gamma": 0.966693765249707, "prior": 6.099749451872725, "rate": 0.261573266951244}, "datetime": {"datetime": "2024-04-09 03:00:11", "elapsed": 7.18237, "delta": 0.008733}}
{"target": -136.3366070049964, "params": {"gamma": 0.07146019137694642, "prior": 0.6893332106867064, "rate": 4.814523191031215}, "datetime": {"datetime": "2024-04-09 03:00:11", "elapsed": 7.191521, "delta": 0.009151}}
{"target": -544.2485809908112, "params": {"gamma": 9.257115382793618, "prior": 4.1150181029763395, "rate": 0.7512513607260716}, "datetime": {"datetime": "2024-04-09 03:00:11", "elapsed": 7.20189, "delta": 0.010369}}
{"target": -442.575481112305, "params": {"gamma": 8.613663392355804, "prior": 5.241046096157358, "rate": 3.1900397533053235}, "datetime": {"datetime": "2024-04-09 03:00:11", "elapsed": 7.210718, "delta": 0.008828}}
{"target": -500.1229594678078, "params": {"gamma": 9.630360355507971, "prior": 9.388791508173545, "rate": 2.6009297005949668}, "datetime": {"datetime": "2024-04-09 03:00:12", "elapsed": 7.219371, "delta": 0.008653}}
{"target": -165.46494483009235, "params": {"gamma": 2.014717145283489, "prior": 5.930196162730165, "rate": 8.425339580205748}, "datetime": {"datetime": "2024-04-09 03:00:12", "elapsed": 7.230051, "delta": 0.01068}}
{"target": -219.68960997877392, "params": {"gamma": 3.3678741763608038, "prior": 5.90565127249619, "rate": 1.623287749788599}, "datetime": {"datetime": "2024-04-09 03:00:12", "elapsed": 7.239007, "delta": 0.008956}}
{"target": -171.94535020787717, "params": {"gamma": 1.94674275864618, "prior": 7.637218638321746, "rate": 1.5018345150591474}, "datetime": {"datetime": "2024-04-09 03:00:12", "elapsed": 7.248115, "delta": 0.009108}}
{"target": -285.8265777643024, "params": {"gamma": 2.659804503437227, "prior": 6.925999145458927, "rate": 0.15187798702215813}, "datetime": {"datetime": "2024-04-09 03:00:12", "elapsed": 7.256916, "delta": 0.008801}}
{"target": -124.70522166036228, "params": {"gamma": 0.3229118442818368, "prior": 2.946506806237884, "rate": 3.366895181942479}, "datetime": {"datetime": "2024-04-09 03:00:12", "elapsed": 7.267375, "delta": 0.010459}}
