{"target": -150.1193598016638, "params": {"p_ai": 4.170803025021038, "p_al": 7.20352460992814, "p_ex": 0.002143633798631522, "prior": 3.024023393745766, "rate": 1.4684121522803133}, "datetime": {"datetime": "2024-04-01 14:12:55", "elapsed": 0.0, "delta": 0.0}}
{"target": -103.65404645610566, "params": {"p_ai": 0.9242936090932092, "p_al": 1.8634158535653313, "p_ex": 3.4562617097034343, "prior": 3.968277974832469, "rate": 5.388628523299567}, "datetime": {"datetime": "2024-04-01 14:12:55", "elapsed": 0.121284, "delta": 0.121284}}
{"target": -131.43420167180233, "params": {"p_ai": 4.192525949518545, "p_al": 6.852509784467199, "p_ex": 2.045318045065443, "prior": 8.781296246473064, "rate": 0.2748485443860637}, "datetime": {"datetime": "2024-04-01 14:12:56", "elapsed": 0.244945, "delta": 0.123661}}
{"target": -116.857622041202, "params": {"p_ai": 6.705004634273845, "p_al": 4.173630718868903, "p_ex": 5.587339594629071, "prior": 1.4047289990137424, "rate": 1.981816789359703}, "datetime": {"datetime": "2024-04-01 14:12:56", "elapsed": 0.36063, "delta": 0.115685}}
{"target": -138.77860463412054, "params": {"p_ai": 8.00764494218669, "p_al": 9.682647495618255, "p_ex": 3.1349283574142692, "prior": 6.923533834077472, "rate": 8.764015133808087}, "datetime": {"datetime": "2024-04-01 14:12:56", "elapsed": 0.494267, "delta": 0.133637}}
{"target": -170.31247159552518, "params": {"p_ai": 8.946172028374969, "p_al": 0.8513570694864094, "p_ex": 0.39150877754559077, "prior": 1.6991343652261244, "rate": 8.781546891790702}, "datetime": {"datetime": "2024-04-01 14:12:56", "elapsed": 0.622547, "delta": 0.12828}}
{"target": -99.95585898503646, "params": {"p_ai": 0.9843699914966679, "p_al": 4.211655142425517, "p_ex": 9.578937411974868, "prior": 5.332119684445198, "rate": 6.919079262390784}, "datetime": {"datetime": "2024-04-01 14:12:56", "elapsed": 0.736238, "delta": 0.113691}}
{"target": -96.8086511867219, "params": {"p_ai": 3.1558407944296234, "p_al": 6.865322775888155, "p_ex": 8.346422093301832, "prior": 0.18386448516457388, "rate": 7.50169300513473}, "datetime": {"datetime": "2024-04-01 14:12:56", "elapsed": 0.850926, "delta": 0.114688}}
{"target": -180.8427416570585, "params": {"p_ai": 9.88862202797604, "p_al": 7.4819083781440145, "p_ex": 2.8051594766519874, "prior": 7.893004005186435, "rate": 1.0331568397698425}, "datetime": {"datetime": "2024-04-01 14:12:56", "elapsed": 0.965614, "delta": 0.114688}}
{"target": -135.10308107993527, "params": {"p_ai": 4.479487368232876, "p_al": 9.086046435427862, "p_ex": 2.9368478695884215, "prior": 2.878465610524901, "rate": 1.3011556926106584}, "datetime": {"datetime": "2024-04-01 14:12:56", "elapsed": 1.080883, "delta": 0.115269}}
{"target": -117.15081909782192, "params": {"p_ai": 0.19465021174510047, "p_al": 6.78867649386597, "p_ex": 2.1170695318845905, "prior": 2.65620104706289, "rate": 4.916240019644103}, "datetime": {"datetime": "2024-04-01 14:12:57", "elapsed": 1.196248, "delta": 0.115365}}
{"target": -121.22903498325114, "params": {"p_ai": 0.5345720886256868, "p_al": 5.741601937314639, "p_ex": 1.4681390204831957, "prior": 5.89346606349594, "rate": 6.9978838418492915}, "datetime": {"datetime": "2024-04-01 14:12:57", "elapsed": 1.309941, "delta": 0.113693}}
{"target": -124.84856321980014, "params": {"p_ai": 1.0242419538494305, "p_al": 4.141145822207864, "p_ex": 6.9443071771197245, "prior": 4.1423785159995, "rate": 0.5004846360019255}, "datetime": {"datetime": "2024-04-01 14:12:57", "elapsed": 1.422634, "delta": 0.112693}}
{"target": -105.13440605736051, "params": {"p_ai": 5.359428162749201, "p_al": 6.638282657552669, "p_ex": 5.149376231471028, "prior": 9.446002965152143, "rate": 5.865963849979428}, "datetime": {"datetime": "2024-04-01 14:12:57", "elapsed": 1.535327, "delta": 0.112693}}
{"target": -167.03211046270258, "params": {"p_ai": 9.034115750963547, "p_al": 1.3756095667582289, "p_ex": 1.3936241961603346, "prior": 8.074105495806528, "rate": 3.9773706930183503}, "datetime": {"datetime": "2024-04-01 14:12:57", "elapsed": 1.650583, "delta": 0.115256}}
{"target": -97.30082186723723, "params": {"p_ai": 1.6543766169722107, "p_al": 9.275158295379942, "p_ex": 3.47831083159532, "prior": 7.50837021925842, "rate": 7.2602538555191645}, "datetime": {"datetime": "2024-04-01 14:12:57", "elapsed": 1.763276, "delta": 0.112693}}
{"target": -134.20609394762468, "params": {"p_ai": 8.833177605966892, "p_al": 6.237098398349034, "p_ex": 7.509673397839345, "prior": 3.4896345214364475, "rate": 2.7000089897584956}, "datetime": {"datetime": "2024-04-01 14:12:57", "elapsed": 1.875412, "delta": 0.112136}}
{"target": -135.12147442183345, "params": {"p_ai": 8.958966295742472, "p_al": 4.281483807523078, "p_ex": 9.648435631436707, "prior": 6.634751536686663, "rate": 6.217335506371009}, "datetime": {"datetime": "2024-04-01 14:12:57", "elapsed": 1.990333, "delta": 0.114921}}
{"target": -100.35147963445303, "params": {"p_ai": 1.1483449835607984, "p_al": 9.494943097812005, "p_ex": 4.499671422665926, "prior": 5.784317754256931, "rate": 4.081959890810051}, "datetime": {"datetime": "2024-04-01 14:12:57", "elapsed": 2.105695, "delta": 0.115362}}
{"target": -217.54087267407974, "params": {"p_ai": 2.371032775450034, "p_al": 9.033891826101975, "p_ex": 5.737221187236187, "prior": 0.029700399984558545, "rate": 6.171831991293619}, "datetime": {"datetime": "2024-04-01 14:12:58", "elapsed": 2.219385, "delta": 0.11369}}
{"target": -93.50174079106426, "params": {"p_ai": 3.2671223728191894, "p_al": 5.271053964473836, "p_ex": 8.859535051008434, "prior": 3.5733403302649953, "rate": 9.085442974047073}, "datetime": {"datetime": "2024-04-01 14:12:58", "elapsed": 2.333076, "delta": 0.113691}}
{"target": -113.6992240566891, "params": {"p_ai": 6.233977797802236, "p_al": 0.15919660722271628, "p_ex": 9.294442900203869, "prior": 6.9092782782517235, "rate": 9.973231181664353}, "datetime": {"datetime": "2024-04-01 14:12:58", "elapsed": 2.445799, "delta": 0.112723}}
{"target": -127.16178023043277, "params": {"p_ai": 1.7242327429449402, "p_al": 1.3722203605391488, "p_ex": 9.326022034908599, "prior": 6.9684847967375125, "rate": 0.6609357270479028}, "datetime": {"datetime": "2024-04-01 14:12:58", "elapsed": 2.559463, "delta": 0.113664}}
{"target": -122.71356135124618, "params": {"p_ai": 7.554875062972062, "p_al": 7.539008008424004, "p_ex": 9.230322330929287, "prior": 7.11553606152609, "rate": 1.2435853487596746}, "datetime": {"datetime": "2024-04-01 14:12:58", "elapsed": 2.671768, "delta": 0.112305}}
{"target": -141.30455717616385, "params": {"p_ai": 0.1997814582641161, "p_al": 0.26308365779031506, "p_ex": 0.2840365737199253, "prior": 2.462864464962856, "rate": 8.600419458880197}, "datetime": {"datetime": "2024-04-01 14:12:58", "elapsed": 2.783458, "delta": 0.11169}}
{"target": -103.35954589824107, "params": {"p_ai": 5.3887718123521875, "p_al": 5.5286669648789735, "p_ex": 8.420466892703697, "prior": 1.2426089778839915, "rate": 2.792557606432384}, "datetime": {"datetime": "2024-04-01 14:12:58", "elapsed": 2.896152, "delta": 0.112694}}
{"target": -103.59469388177489, "params": {"p_ai": 5.858006955311422, "p_al": 9.695987887448426, "p_ex": 5.6107411623378445, "prior": 0.1874542464400573, "rate": 8.006526094133482}, "datetime": {"datetime": "2024-04-01 14:12:58", "elapsed": 3.008847, "delta": 0.112695}}
{"target": -93.94270790585483, "params": {"p_ai": 2.3305097641363632, "p_al": 8.071244850992173, "p_ex": 3.8792185799976533, "prior": 8.635555003739727, "rate": 7.4714693057291095}, "datetime": {"datetime": "2024-04-01 14:12:58", "elapsed": 3.121186, "delta": 0.112339}}
{"target": -146.14505559189627, "params": {"p_ai": 5.562846099670199, "p_al": 1.3654158013811895, "p_ex": 0.6001169774326044, "prior": 1.2143132139516326, "rate": 0.4464742335690725}, "datetime": {"datetime": "2024-04-01 14:12:59", "elapsed": 3.235861, "delta": 0.114675}}
{"target": -146.36578650121822, "params": {"p_ai": 1.075833796931823, "p_al": 2.2578676767399393, "p_ex": 7.130176814846385, "prior": 5.597610103559371, "rate": 0.12654724561099942}, "datetime": {"datetime": "2024-04-01 14:12:59", "elapsed": 3.348554, "delta": 0.112693}}
{"target": -98.16650397294127, "params": {"p_ai": 0.7206708226151783, "p_al": 9.67279602367272, "p_ex": 5.6814365187375016, "prior": 2.033729053375244, "rate": 2.5240051199586637}, "datetime": {"datetime": "2024-04-01 14:12:59", "elapsed": 3.462245, "delta": 0.113691}}
{"target": -123.15469040256336, "params": {"p_ai": 7.438514714896855, "p_al": 1.9550993816120785, "p_ex": 5.814007913805305, "prior": 9.700229870894034, "rate": 8.468441186098863}, "datetime": {"datetime": "2024-04-01 14:12:59", "elapsed": 3.577932, "delta": 0.115687}}
{"target": -101.87003382976164, "params": {"p_ai": 2.399237743716714, "p_al": 4.938203372973032, "p_ex": 6.199937228095417, "prior": 8.289980014602238, "rate": 1.5687571550661965}, "datetime": {"datetime": "2024-04-01 14:12:59", "elapsed": 3.693319, "delta": 0.115387}}
{"target": -118.11393900189871, "params": {"p_ai": 0.18674344557191777, "p_al": 0.7011514150485041, "p_ex": 4.863964764259381, "prior": 6.063688287071651, "rate": 5.688945519427728}, "datetime": {"datetime": "2024-04-01 14:12:59", "elapsed": 3.811995, "delta": 0.118676}}
{"target": -87.1718270727231, "params": {"p_ai": 3.1743067308122854, "p_al": 9.886172927970076, "p_ex": 5.797872447238724, "prior": 3.8020315850628807, "rate": 5.509931242959851}, "datetime": {"datetime": "2024-04-01 14:12:59", "elapsed": 3.927679, "delta": 0.115684}}
{"target": -138.76832324956095, "params": {"p_ai": 7.453598974634115, "p_al": 6.6926597016383935, "p_ex": 2.6499306570704313, "prior": 0.6642820094499873, "rate": 3.701471894943149}, "datetime": {"datetime": "2024-04-01 14:12:59", "elapsed": 4.040373, "delta": 0.112694}}
{"target": -117.95779625115533, "params": {"p_ai": 6.297545352708624, "p_al": 2.102529925138481, "p_ex": 7.5278027818344, "prior": 0.6662982770597953, "rate": 2.603890670686831}, "datetime": {"datetime": "2024-04-01 14:13:00", "elapsed": 4.154264, "delta": 0.113891}}
{"target": -131.67679752710467, "params": {"p_ai": 8.04774088286971, "p_al": 1.935149391950654, "p_ex": 6.394969347918522, "prior": 5.247178420928214, "rate": 9.248154896023108}, "datetime": {"datetime": "2024-04-01 14:13:00", "elapsed": 4.26794, "delta": 0.113676}}
{"target": -88.88281225148425, "params": {"p_ai": 2.633704408100623, "p_al": 0.6605449457495538, "p_ex": 7.350924566923407, "prior": 7.722008117402925, "rate": 9.078250709182736}, "datetime": {"datetime": "2024-04-01 14:13:00", "elapsed": 4.380634, "delta": 0.112694}}
{"target": -157.64379970043646, "params": {"p_ai": 9.319788719899176, "p_al": 0.14050177818299456, "p_ex": 2.344386499128084, "prior": 6.1681667916595755, "rate": 9.490214190555477}, "datetime": {"datetime": "2024-04-01 14:13:00", "elapsed": 4.525, "delta": 0.144366}}
{"target": -137.65569170271786, "params": {"p_ai": 9.50181101635155, "p_al": 5.566975228763369, "p_ex": 9.15614789131298, "prior": 6.41602052325443, "rate": 3.9006871336983213}, "datetime": {"datetime": "2024-04-01 14:13:00", "elapsed": 4.639318, "delta": 0.114318}}
{"target": -99.21091009640438, "params": {"p_ai": 4.860420680302001, "p_al": 6.043500518716813, "p_ex": 5.495929667164118, "prior": 9.26188808563783, "rate": 9.187415622900428}, "datetime": {"datetime": "2024-04-01 14:13:00", "elapsed": 4.755009, "delta": 0.115691}}
{"target": -166.91678305277432, "params": {"p_ai": 3.9493612536226252, "p_al": 9.632662021878676, "p_ex": 1.740382711137963, "prior": 1.2641688648769336, "rate": 1.3516565013092665}, "datetime": {"datetime": "2024-04-01 14:13:00", "elapsed": 4.871691, "delta": 0.116682}}
{"target": -117.83451948970878, "params": {"p_ai": 5.057115994603291, "p_al": 0.2162265279367056, "p_ex": 9.479754141965593, "prior": 8.271327596236153, "rate": 0.15117478844048168}, "datetime": {"datetime": "2024-04-01 14:13:00", "elapsed": 4.984379, "delta": 0.112688}}
{"target": -115.8495539392046, "params": {"p_ai": 1.7627863594949775, "p_al": 3.3213036800940032, "p_ex": 1.310837451264358, "prior": 8.095097430573695, "rate": 3.4480217901802512}, "datetime": {"datetime": "2024-04-01 14:13:00", "elapsed": 5.09868, "delta": 0.114301}}
{"target": -141.16633580290153, "params": {"p_ai": 9.401134715851338, "p_al": 5.820559785290854, "p_ex": 8.78844101213403, "prior": 8.447499719476827, "rate": 9.054017794767784}, "datetime": {"datetime": "2024-04-01 14:13:01", "elapsed": 5.21312, "delta": 0.11444}}
{"target": -96.09066157418557, "params": {"p_ai": 4.599342777902254, "p_al": 5.463921813387713, "p_ex": 7.986237307929242, "prior": 2.8579027984897416, "rate": 4.903044972676658}, "datetime": {"datetime": "2024-04-01 14:13:01", "elapsed": 5.325815, "delta": 0.112695}}
{"target": -112.13909216311717, "params": {"p_ai": 5.9915039661511384, "p_al": 0.15631722223280642, "p_ex": 5.935220600558176, "prior": 4.337329813545594, "rate": 8.073797928319529}, "datetime": {"datetime": "2024-04-01 14:13:01", "elapsed": 5.438508, "delta": 0.112693}}
{"target": -88.40975713987864, "params": {"p_ai": 3.153132786150634, "p_al": 8.928994196542988, "p_ex": 5.778994295630071, "prior": 1.8409180060730232, "rate": 7.8795044090212185}, "datetime": {"datetime": "2024-04-01 14:13:01", "elapsed": 5.552199, "delta": 0.113691}}
{"target": -115.28162846068793, "params": {"p_ai": 6.120699739272295, "p_al": 0.5400388114654558, "p_ex": 4.202516606331321, "prior": 6.791009296817731, "rate": 9.186099177997281}, "datetime": {"datetime": "2024-04-01 14:13:01", "elapsed": 5.669484, "delta": 0.117285}}
{"target": -125.19509681717925, "params": {"p_ai": 0.005019846888682974, "p_al": 9.767614731161565, "p_ex": 3.766426567142999, "prior": 9.737861600044868, "rate": 6.047556293639557}, "datetime": {"datetime": "2024-04-01 14:13:01", "elapsed": 5.782178, "delta": 0.112694}}
{"target": -132.88835415746252, "params": {"p_ai": 8.288629233998948, "p_al": 5.747540335576315, "p_ex": 6.281133906875198, "prior": 2.8564772406752437, "rate": 5.868746573220174}, "datetime": {"datetime": "2024-04-01 14:13:01", "elapsed": 5.897863, "delta": 0.115685}}
{"target": -121.80491057771346, "params": {"p_ai": 7.500467615262897, "p_al": 8.583280050453995, "p_ex": 7.551066802488335, "prior": 6.980874427224584, "rate": 8.644929821115943}, "datetime": {"datetime": "2024-04-01 14:13:01", "elapsed": 6.012555, "delta": 0.114692}}
{"target": -91.66770063776129, "params": {"p_ai": 3.2274872873706277, "p_al": 6.708217119085085, "p_ex": 4.509288490197079, "prior": 3.8216454175631407, "rate": 4.108702687871935}, "datetime": {"datetime": "2024-04-01 14:13:01", "elapsed": 6.125863, "delta": 0.113308}}
{"target": -95.2447803531271, "params": {"p_ai": 4.015394355111937, "p_al": 3.1745220756368107, "p_ex": 6.219571759835095, "prior": 4.303042460941823, "rate": 9.738046977194596}, "datetime": {"datetime": "2024-04-01 14:13:02", "elapsed": 6.240554, "delta": 0.114691}}
{"target": -121.73379253725591, "params": {"p_ai": 6.778331113451677, "p_al": 1.9865003143826816, "p_ex": 4.26758339247098, "prior": 3.4341190515044557, "rate": 7.976590400781708}, "datetime": {"datetime": "2024-04-01 14:13:02", "elapsed": 6.354246, "delta": 0.113692}}
{"target": -141.1441528470287, "params": {"p_ai": 8.800102887345755, "p_al": 9.038515716307893, "p_ex": 6.627535403940247, "prior": 2.702812412035548, "rate": 2.5244146483443926}, "datetime": {"datetime": "2024-04-01 14:13:02", "elapsed": 6.467933, "delta": 0.113687}}
{"target": -133.379504433314, "params": {"p_ai": 8.549124529031326, "p_al": 5.277618748441158, "p_ex": 8.021808678961976, "prior": 5.725312683398872, "rate": 7.331692110349825}, "datetime": {"datetime": "2024-04-01 14:13:02", "elapsed": 6.581624, "delta": 0.113691}}
{"target": -102.61931819648008, "params": {"p_ai": 5.190597263013095, "p_al": 7.709068221108379, "p_ex": 5.689011049056451, "prior": 4.6576330760412175, "rate": 3.4275463906248644}, "datetime": {"datetime": "2024-04-01 14:13:02", "elapsed": 6.694944, "delta": 0.11332}}
{"target": -130.65601187914993, "params": {"p_ai": 0.6830252748186245, "p_al": 3.7798638691016704, "p_ex": 0.7971811509048254, "prior": 9.82818832019072, "rate": 1.816946900456307}, "datetime": {"datetime": "2024-04-01 14:13:02", "elapsed": 6.807639, "delta": 0.112695}}
{"target": -136.52708640794103, "params": {"p_ai": 8.118775118507678, "p_al": 8.749741487914026, "p_ex": 6.884444110607048, "prior": 5.695374633041013, "rate": 1.610553396719272}, "datetime": {"datetime": "2024-04-01 14:13:02", "elapsed": 6.921039, "delta": 0.1134}}
{"target": -116.50432634713975, "params": {"p_ai": 4.6693333476103005, "p_al": 3.452375339500995, "p_ex": 2.2511745381830317, "prior": 5.925526175789202, "rate": 3.1233861071814677}, "datetime": {"datetime": "2024-04-01 14:13:02", "elapsed": 7.034728, "delta": 0.113689}}
{"target": -190.5548973321724, "params": {"p_ai": 9.163139229130039, "p_al": 9.09644561399062, "p_ex": 2.57192581952818, "prior": 1.109802116139548, "rate": 1.9304343574591094}, "datetime": {"datetime": "2024-04-01 14:13:03", "elapsed": 7.149595, "delta": 0.114867}}
{"target": -113.90799876052407, "params": {"p_ai": 4.996342122618183, "p_al": 7.286128094077989, "p_ex": 2.082736189649506, "prior": 2.48108755021393, "rate": 8.516867077488733}, "datetime": {"datetime": "2024-04-01 14:13:03", "elapsed": 7.264283, "delta": 0.114688}}
{"target": -106.01767728782376, "params": {"p_ai": 4.159071333957006, "p_al": 6.167233986485208, "p_ex": 2.3374277262532615, "prior": 1.0205706269985484, "rate": 5.159054312668331}, "datetime": {"datetime": "2024-04-01 14:13:03", "elapsed": 7.377974, "delta": 0.113691}}
{"target": -98.27808610290853, "params": {"p_ai": 4.771932729510774, "p_al": 1.5275637692875392, "p_ex": 6.218440511172415, "prior": 5.440557178020568, "rate": 6.541719332360473}, "datetime": {"datetime": "2024-04-01 14:13:03", "elapsed": 7.49366, "delta": 0.115686}}
{"target": -103.51841527052804, "params": {"p_ai": 1.4463108557064734, "p_al": 7.5155266435353045, "p_ex": 2.221269348859427, "prior": 5.193998891835965, "rate": 7.853174986187969}, "datetime": {"datetime": "2024-04-01 14:13:03", "elapsed": 7.607968, "delta": 0.114308}}
{"target": -125.71304710783961, "params": {"p_ai": 0.22428194949007, "p_al": 3.2443002348021386, "p_ex": 8.72935084162471, "prior": 8.447251366413093, "rate": 5.384867485352843}, "datetime": {"datetime": "2024-04-01 14:13:03", "elapsed": 7.720665, "delta": 0.112697}}
{"target": -143.84465949354308, "params": {"p_ai": 8.666216133390963, "p_al": 9.498110107544912, "p_ex": 8.264243569295784, "prior": 8.54130032292155, "rate": 0.9883352748016633}, "datetime": {"datetime": "2024-04-01 14:13:03", "elapsed": 7.837346, "delta": 0.116681}}
{"target": -137.5935989386274, "params": {"p_ai": 6.51339201907757, "p_al": 7.035466364538378, "p_ex": 6.102797885653651, "prior": 7.996353002098545, "rate": 0.3466776274964709}, "datetime": {"datetime": "2024-04-01 14:13:03", "elapsed": 7.963999, "delta": 0.126653}}
{"target": -137.98217019161356, "params": {"p_ai": 7.702617106815245, "p_al": 7.317554278794531, "p_ex": 2.5977242345902325, "prior": 2.571435918922645, "rate": 6.323400870983849}, "datetime": {"datetime": "2024-04-01 14:13:03", "elapsed": 8.07925, "delta": 0.115251}}
{"target": -92.43881246094257, "params": {"p_ai": 3.4536293184492246, "p_al": 7.966090191394868, "p_ex": 4.46201617380257, "prior": 7.827711398426936, "rate": 9.904727364454784}, "datetime": {"datetime": "2024-04-01 14:13:04", "elapsed": 8.192715, "delta": 0.113465}}
{"target": -92.64691068210193, "params": {"p_ai": 3.0031831469994668, "p_al": 1.4309152767527356, "p_ex": 9.01318305505639, "prior": 5.416052229494846, "rate": 9.747428968179968}, "datetime": {"datetime": "2024-04-01 14:13:04", "elapsed": 8.307405, "delta": 0.11469}}
{"target": -131.3947434510502, "params": {"p_ai": 6.366407395618971, "p_al": 9.939136333080178, "p_ex": 5.461161970625374, "prior": 5.264732913121308, "rate": 1.3551436028186268}, "datetime": {"datetime": "2024-04-01 14:13:04", "elapsed": 8.422091, "delta": 0.114686}}
{"target": -124.99817011671321, "params": {"p_ai": 3.5576960046678274, "p_al": 0.2631594543964365, "p_ex": 1.6047914000169714, "prior": 7.456626289882254, "rate": 0.3049664995979595}, "datetime": {"datetime": "2024-04-01 14:13:04", "elapsed": 8.538774, "delta": 0.116683}}
{"target": -96.52424383037958, "params": {"p_ai": 3.6660644293402, "p_al": 8.623600182127603, "p_ex": 6.927084497356036, "prior": 6.90973047851962, "rate": 1.8871793727521535}, "datetime": {"datetime": "2024-04-01 14:13:04", "elapsed": 8.653135, "delta": 0.114361}}
{"target": -91.65001669168585, "params": {"p_ai": 4.419600903203486, "p_al": 5.816192496035568, "p_ex": 9.897527324929388, "prior": 2.0398583461059854, "rate": 2.478081284721786}, "datetime": {"datetime": "2024-04-01 14:13:04", "elapsed": 8.7658, "delta": 0.112665}}
{"target": -85.91598543322189, "params": {"p_ai": 2.6224686646453463, "p_al": 7.50197396056663, "p_ex": 4.570296299029493, "prior": 0.5702374546725388, "rate": 5.085653889861787}, "datetime": {"datetime": "2024-04-01 14:13:04", "elapsed": 8.878494, "delta": 0.112694}}
{"target": -90.43145903367837, "params": {"p_ai": 2.120389686272116, "p_al": 7.986243843357342, "p_ex": 2.9740164836912153, "prior": 0.2770325135330818, "rate": 5.934731062196747}, "datetime": {"datetime": "2024-04-01 14:13:04", "elapsed": 8.994179, "delta": 0.115685}}
{"target": -131.17108614028623, "params": {"p_ai": 8.438560448882956, "p_al": 3.81078022449808, "p_ex": 7.498833248950708, "prior": 5.111903641492986, "rate": 5.409977097816925}, "datetime": {"datetime": "2024-04-01 14:13:04", "elapsed": 9.109439, "delta": 0.11526}}
{"target": -188.58549744329696, "params": {"p_ai": 9.594383776296462, "p_al": 8.039804954094969, "p_ex": 0.3241983431691163, "prior": 7.09416312506172, "rate": 4.650549814153498}, "datetime": {"datetime": "2024-04-01 14:13:05", "elapsed": 9.224127, "delta": 0.114688}}
