{"target": -145.49282774750702, "params": {"gamma": 0.001, "prior": 1.5451602993247233, "rate": 10.0}, "datetime": {"datetime": "2024-04-12 20:04:13", "elapsed": 50.237438, "delta": 2.192639}}
{"target": -136.11651669956566, "params": {"gamma": 0.20660428790272015, "prior": 0.33611304260500663, "rate": 6.95625989409055}, "datetime": {"datetime": "2024-04-12 20:04:17", "elapsed": 54.777108, "delta": 4.53967}}
{"target": -145.52655518163976, "params": {"gamma": 0.001, "prior": 10.0, "rate": 9.019843329102692}, "datetime": {"datetime": "2024-04-12 20:04:20", "elapsed": 57.006468, "delta": 2.22936}}
{"target": -145.22405846793768, "params": {"gamma": 0.007012463330987434, "prior": 4.669657360578256, "rate": 7.970059653562998}, "datetime": {"datetime": "2024-04-12 20:04:22", "elapsed": 59.353689, "delta": 2.347221}}
{"target": -144.63088597726411, "params": {"gamma": 0.02932820683903486, "prior": 5.554617167653342, "rate": 4.714766845274136}, "datetime": {"datetime": "2024-04-12 20:04:26", "elapsed": 63.627711, "delta": 4.274022}}
{"target": -145.55372525762928, "params": {"gamma": 0.001, "prior": 10.0, "rate": 2.3198121163202416}, "datetime": {"datetime": "2024-04-12 20:04:30", "elapsed": 67.539376, "delta": 3.911665}}
{"target": -139.8950439746127, "params": {"gamma": 0.12426301304592946, "prior": 3.333191789783523, "rate": 8.703355395331203}, "datetime": {"datetime": "2024-04-12 20:04:34", "elapsed": 71.655963, "delta": 4.116587}}
{"target": -138.33629452521663, "params": {"gamma": 0.12853138008010748, "prior": 0.24548098884811584, "rate": 6.143993893327283}, "datetime": {"datetime": "2024-04-12 20:04:38", "elapsed": 75.778972, "delta": 4.123009}}
{"target": -138.0090490444747, "params": {"gamma": 0.21183656407155918, "prior": 4.988328433558644, "rate": 10.0}, "datetime": {"datetime": "2024-04-12 20:04:42", "elapsed": 78.953283, "delta": 3.174311}}
{"target": -144.68399278220917, "params": {"gamma": 0.018158031140918837, "prior": 0.734210246069024, "rate": 1.3216005655161864}, "datetime": {"datetime": "2024-04-12 20:04:45", "elapsed": 82.046285, "delta": 3.093002}}
{"target": -137.23694495113944, "params": {"gamma": 0.2764269060282219, "prior": 5.2429652520221754, "rate": 9.472313059342346}, "datetime": {"datetime": "2024-04-12 20:04:49", "elapsed": 85.924728, "delta": 3.878443}}
{"target": -137.7549358082339, "params": {"gamma": 0.15236226117402302, "prior": 0.9532489762227354, "rate": 7.5436439467059655}, "datetime": {"datetime": "2024-04-12 20:04:52", "elapsed": 89.183828, "delta": 3.2591}}
{"target": -145.57190610848446, "params": {"gamma": 0.001, "prior": 7.005827064923932, "rate": 0.001}, "datetime": {"datetime": "2024-04-12 20:04:55", "elapsed": 91.96017, "delta": 2.776342}}
{"target": -139.05718260311806, "params": {"gamma": 0.1802019043181633, "prior": 3.657040261018124, "rate": 6.31340097023429}, "datetime": {"datetime": "2024-04-12 20:04:58", "elapsed": 95.49562, "delta": 3.53545}}
{"target": -139.5745822908638, "params": {"gamma": 0.5363678166537037, "prior": 0.6700172317054112, "rate": 10.0}, "datetime": {"datetime": "2024-04-12 20:05:02", "elapsed": 99.718112, "delta": 4.222492}}
{"target": -136.37927856399662, "params": {"gamma": 0.4498815714349503, "prior": 0.13286973035136979, "rate": 0.9721179057946078}, "datetime": {"datetime": "2024-04-12 20:05:06", "elapsed": 103.507778, "delta": 3.789666}}
{"target": -136.99302179964516, "params": {"gamma": 0.23337782657742545, "prior": 3.7209247136756005, "rate": 10.0}, "datetime": {"datetime": "2024-04-12 20:05:10", "elapsed": 107.245544, "delta": 3.737766}}
{"target": -135.6841800683916, "params": {"gamma": 0.25536702373874204, "prior": 1.0058886465878882, "rate": 5.551040780558555}, "datetime": {"datetime": "2024-04-12 20:05:14", "elapsed": 110.936132, "delta": 3.690588}}
{"target": -141.96372441990465, "params": {"gamma": 0.7361332341687752, "prior": 10.0, "rate": 10.0}, "datetime": {"datetime": "2024-04-12 20:05:19", "elapsed": 116.05571, "delta": 5.119578}}
{"target": -138.2746024688427, "params": {"gamma": 0.43653038628728935, "prior": 5.426350569240059, "rate": 5.8220244944440775}, "datetime": {"datetime": "2024-04-12 20:05:22", "elapsed": 119.169852, "delta": 3.114142}}
{"target": -139.80722142784495, "params": {"gamma": 0.6250470384361347, "prior": 2.256805441313484, "rate": 2.607715285206996}, "datetime": {"datetime": "2024-04-12 20:05:26", "elapsed": 123.393868, "delta": 4.224016}}
{"target": -140.99517433240135, "params": {"gamma": 0.0898523083744983, "prior": 2.3661155549182893, "rate": 7.37184160879298}, "datetime": {"datetime": "2024-04-12 20:05:30", "elapsed": 127.046911, "delta": 3.653043}}
{"target": -138.55832327703118, "params": {"gamma": 0.3416952474638029, "prior": 9.411298904990051, "rate": 9.614921048623762}, "datetime": {"datetime": "2024-04-12 20:05:33", "elapsed": 130.72933, "delta": 3.682419}}
{"target": -137.80100923974172, "params": {"gamma": 0.39640242007813603, "prior": 6.153745558358372, "rate": 7.478768689532961}, "datetime": {"datetime": "2024-04-12 20:05:40", "elapsed": 137.448508, "delta": 6.719178}}
{"target": -135.51172524969556, "params": {"gamma": 0.3882025474782281, "prior": 1.1761698915584966, "rate": 9.440685390504921}, "datetime": {"datetime": "2024-04-12 20:05:44", "elapsed": 141.603316, "delta": 4.154808}}
{"target": -136.37952221755052, "params": {"gamma": 0.4004877241295739, "prior": 0.1, "rate": 2.1004326158793063}, "datetime": {"datetime": "2024-04-12 20:05:48", "elapsed": 145.272247, "delta": 3.668931}}
{"target": -137.50398971613635, "params": {"gamma": 0.28681086051404525, "prior": 2.825779225134381, "rate": 4.462520385096799}, "datetime": {"datetime": "2024-04-12 20:05:52", "elapsed": 149.751925, "delta": 4.479678}}
{"target": -145.52844764077068, "params": {"gamma": 0.001, "prior": 8.842655415989167, "rate": 7.343167217097641}, "datetime": {"datetime": "2024-04-12 20:05:56", "elapsed": 153.493563, "delta": 3.741638}}
{"target": -145.56184386558843, "params": {"gamma": 0.001, "prior": 8.114986859427347, "rate": 0.9549245322505022}, "datetime": {"datetime": "2024-04-12 20:05:58", "elapsed": 155.588063, "delta": 2.0945}}
{"target": -138.96321640042984, "params": {"gamma": 0.547708317484193, "prior": 9.218593477931153, "rate": 10.0}, "datetime": {"datetime": "2024-04-12 20:06:03", "elapsed": 160.077627, "delta": 4.489564}}
{"target": -137.7272250783985, "params": {"gamma": 0.3646510775464764, "prior": 6.863380598204065, "rate": 8.64460550698056}, "datetime": {"datetime": "2024-04-12 20:06:06", "elapsed": 163.563072, "delta": 3.485445}}
{"target": -138.9968870345883, "params": {"gamma": 0.13812951364781156, "prior": 2.6771203347113635, "rate": 9.37769776590507}, "datetime": {"datetime": "2024-04-12 20:06:12", "elapsed": 168.910493, "delta": 5.347421}}
{"target": -137.3442061607977, "params": {"gamma": 0.4409636570339126, "prior": 6.320751550279008, "rate": 9.200212950736795}, "datetime": {"datetime": "2024-04-12 20:06:16", "elapsed": 172.979834, "delta": 4.069341}}
{"target": -135.42500532456404, "params": {"gamma": 0.33735892361389175, "prior": 0.5209497232793352, "rate": 9.495009562086556}, "datetime": {"datetime": "2024-04-12 20:06:18", "elapsed": 175.725714, "delta": 2.74588}}
{"target": -136.66879261464126, "params": {"gamma": 0.1864866892793682, "prior": 0.7373520873474838, "rate": 6.981412726711998}, "datetime": {"datetime": "2024-04-12 20:06:21", "elapsed": 178.344108, "delta": 2.618394}}
{"target": -155.22877006849902, "params": {"gamma": 0.5947270268679458, "prior": 0.1, "rate": 0.001}, "datetime": {"datetime": "2024-04-12 20:06:24", "elapsed": 181.332654, "delta": 2.988546}}
{"target": -145.48912227169896, "params": {"gamma": 0.001, "prior": 0.1, "rate": 1.109565632885525}, "datetime": {"datetime": "2024-04-12 20:06:26", "elapsed": 183.501517, "delta": 2.168863}}
{"target": -136.06887097132432, "params": {"gamma": 0.3048809061159482, "prior": 2.263169155349771, "rate": 6.229892462147744}, "datetime": {"datetime": "2024-04-12 20:06:31", "elapsed": 188.034179, "delta": 4.532662}}
{"target": -145.5388337507502, "params": {"gamma": 0.001, "prior": 6.602684297698342, "rate": 3.443303943126192}, "datetime": {"datetime": "2024-04-12 20:06:34", "elapsed": 191.251252, "delta": 3.217073}}
{"target": -137.49485360209215, "params": {"gamma": 0.42858116833803933, "prior": 7.360464252197069, "rate": 10.0}, "datetime": {"datetime": "2024-04-12 20:06:37", "elapsed": 194.702918, "delta": 3.451666}}
{"target": -136.48368452624914, "params": {"gamma": 0.39672637570971325, "prior": 3.9605807384843414, "rate": 7.7621284573817935}, "datetime": {"datetime": "2024-04-12 20:06:44", "elapsed": 201.088657, "delta": 6.385739}}
{"target": -139.61110761483255, "params": {"gamma": 0.48447855712465515, "prior": 10.0, "rate": 7.840329200451356}, "datetime": {"datetime": "2024-04-12 20:06:47", "elapsed": 203.903234, "delta": 2.814577}}
{"target": -136.3277821454429, "params": {"gamma": 0.45523895560026184, "prior": 0.7517390166713352, "rate": 4.281798603356516}, "datetime": {"datetime": "2024-04-12 20:06:50", "elapsed": 207.34054, "delta": 3.437306}}
{"target": -139.29554292870012, "params": {"gamma": 0.36559439972804586, "prior": 7.9180287916609835, "rate": 6.536718383460143}, "datetime": {"datetime": "2024-04-12 20:06:54", "elapsed": 211.04789, "delta": 3.70735}}
{"target": -136.0045584436801, "params": {"gamma": 0.43669647152777585, "prior": 0.5390415932618368, "rate": 2.2553151399695768}, "datetime": {"datetime": "2024-04-12 20:06:57", "elapsed": 214.658076, "delta": 3.610186}}
{"target": -137.2906521578596, "params": {"gamma": 0.4899312605690101, "prior": 5.718905813827009, "rate": 9.890458905346657}, "datetime": {"datetime": "2024-04-12 20:07:01", "elapsed": 218.553135, "delta": 3.895059}}
{"target": -141.79563942733566, "params": {"gamma": 0.05665064043709684, "prior": 0.14099610326626413, "rate": 7.044035792641698}, "datetime": {"datetime": "2024-04-12 20:07:09", "elapsed": 226.431255, "delta": 7.87812}}
{"target": -138.29580467550895, "params": {"gamma": 0.5056540784984489, "prior": 0.6940029231573821, "rate": 8.507711781193109}, "datetime": {"datetime": "2024-04-12 20:07:14", "elapsed": 231.030552, "delta": 4.599297}}
{"target": -135.18541229106984, "params": {"gamma": 0.2858608182041101, "prior": 0.6453416587110783, "rate": 6.262758067648822}, "datetime": {"datetime": "2024-04-12 20:07:18", "elapsed": 235.00609, "delta": 3.975538}}
{"target": -135.5183967365396, "params": {"gamma": 0.35948643754083454, "prior": 0.5251497410620637, "rate": 7.9505530168547045}, "datetime": {"datetime": "2024-04-12 20:07:20", "elapsed": 237.655646, "delta": 2.649556}}
{"target": -135.4480025563623, "params": {"gamma": 0.3879201129040789, "prior": 1.3191469055628329, "rate": 8.192398844520346}, "datetime": {"datetime": "2024-04-12 20:07:25", "elapsed": 242.012922, "delta": 4.357276}}
{"target": -136.44398230234168, "params": {"gamma": 0.43128108918893326, "prior": 2.9243084078630552, "rate": 6.406138674100935}, "datetime": {"datetime": "2024-04-12 20:07:31", "elapsed": 247.832786, "delta": 5.819864}}
{"target": -138.06679608269545, "params": {"gamma": 0.536314222753102, "prior": 6.634263420684462, "rate": 10.0}, "datetime": {"datetime": "2024-04-12 20:07:36", "elapsed": 252.889672, "delta": 5.056886}}
{"target": -136.16512025061698, "params": {"gamma": 0.41634495292477736, "prior": 0.6025528454771581, "rate": 7.251740271931011}, "datetime": {"datetime": "2024-04-12 20:07:42", "elapsed": 259.569471, "delta": 6.679799}}
{"target": -136.10149770700494, "params": {"gamma": 0.2495646526931083, "prior": 2.0998601747666394, "rate": 8.379933281765302}, "datetime": {"datetime": "2024-04-12 20:07:45", "elapsed": 262.380028, "delta": 2.810557}}
{"target": -138.1869211376389, "params": {"gamma": 0.28145510985080785, "prior": 4.6719631690911685, "rate": 6.052818566417315}, "datetime": {"datetime": "2024-04-12 20:07:52", "elapsed": 269.664417, "delta": 7.284389}}
{"target": -139.12728522842528, "params": {"gamma": 0.2504644850411029, "prior": 4.611533089172237, "rate": 5.04207844312783}, "datetime": {"datetime": "2024-04-12 20:07:56", "elapsed": 272.870995, "delta": 3.206578}}
{"target": -137.5892760056527, "params": {"gamma": 0.4564932338473899, "prior": 5.185244405032259, "rate": 7.101924676306887}, "datetime": {"datetime": "2024-04-12 20:08:04", "elapsed": 281.373083, "delta": 8.502088}}
{"target": -137.0283795120053, "params": {"gamma": 0.45378889031289804, "prior": 0.5091539494733982, "rate": 0.8651528373126834}, "datetime": {"datetime": "2024-04-12 20:08:09", "elapsed": 285.87097, "delta": 4.497887}}
{"target": -136.14250338549706, "params": {"gamma": 0.2672969434057379, "prior": 1.6638682976933703, "rate": 5.460471966546304}, "datetime": {"datetime": "2024-04-12 20:08:12", "elapsed": 289.482953, "delta": 3.611983}}
{"target": -145.57190924858324, "params": {"gamma": 0.001, "prior": 9.223758992093002, "rate": 0.001}, "datetime": {"datetime": "2024-04-12 20:08:15", "elapsed": 292.072225, "delta": 2.589272}}
{"target": -135.88609621575978, "params": {"gamma": 0.4086988259081341, "prior": 3.1867268895323244, "rate": 10.0}, "datetime": {"datetime": "2024-04-12 20:08:23", "elapsed": 300.577258, "delta": 8.505033}}
{"target": -137.57149561642046, "params": {"gamma": 0.43406247612295973, "prior": 7.1069958365673696, "rate": 9.46613153051879}, "datetime": {"datetime": "2024-04-12 20:08:26", "elapsed": 303.255749, "delta": 2.678491}}
{"target": -138.2842140282881, "params": {"gamma": 0.46245721050269606, "prior": 5.971633220070712, "rate": 6.567922777928445}, "datetime": {"datetime": "2024-04-12 20:08:29", "elapsed": 306.334911, "delta": 3.079162}}
{"target": -135.50591370615766, "params": {"gamma": 0.3389220515908119, "prior": 1.6216230799570475, "rate": 6.021508716949538}, "datetime": {"datetime": "2024-04-12 20:08:32", "elapsed": 309.568339, "delta": 3.233428}}
{"target": -146.213891379319, "params": {"gamma": 0.05824342741000801, "prior": 1.4823240007074352, "rate": 0.006862036232789157}, "datetime": {"datetime": "2024-04-12 20:08:37", "elapsed": 314.685429, "delta": 5.11709}}
{"target": -135.76052885193917, "params": {"gamma": 0.3028304349644147, "prior": 0.885988620940067, "rate": 3.0014662628550917}, "datetime": {"datetime": "2024-04-12 20:08:40", "elapsed": 317.169727, "delta": 2.484298}}
{"target": -135.30129036892308, "params": {"gamma": 0.3377664797161681, "prior": 0.46716740909662813, "rate": 6.613244550473749}, "datetime": {"datetime": "2024-04-12 20:08:43", "elapsed": 320.046611, "delta": 2.876884}}
{"target": -145.54653053553517, "params": {"gamma": 0.001, "prior": 10.0, "rate": 3.5632835988628173}, "datetime": {"datetime": "2024-04-12 20:08:49", "elapsed": 326.343963, "delta": 6.297352}}
{"target": -136.14472774926926, "params": {"gamma": 0.3884357298331027, "prior": 3.4514902391324744, "rate": 8.129220078758921}, "datetime": {"datetime": "2024-04-12 20:08:53", "elapsed": 329.9692, "delta": 3.625237}}
{"target": -135.21022788165803, "params": {"gamma": 0.34583655901677673, "prior": 0.5958827177686483, "rate": 3.4611950187360785}, "datetime": {"datetime": "2024-04-12 20:08:57", "elapsed": 334.22721, "delta": 4.25801}}
{"target": -137.9551938138837, "params": {"gamma": 0.41717674096180796, "prior": 6.779300533513186, "rate": 7.899738500910746}, "datetime": {"datetime": "2024-04-12 20:09:03", "elapsed": 340.21571, "delta": 5.9885}}
{"target": -136.2995502075377, "params": {"gamma": 0.41319311380714124, "prior": 4.431754696706544, "rate": 10.0}, "datetime": {"datetime": "2024-04-12 20:09:07", "elapsed": 344.616323, "delta": 4.400613}}
{"target": -135.3129965071067, "params": {"gamma": 0.3453155486130676, "prior": 1.9809726237848881, "rate": 9.286919591896622}, "datetime": {"datetime": "2024-04-12 20:09:13", "elapsed": 350.450522, "delta": 5.834199}}
{"target": -140.56621491596997, "params": {"gamma": 0.366513253712032, "prior": 10.0, "rate": 6.109190651892868}, "datetime": {"datetime": "2024-04-12 20:09:17", "elapsed": 354.332465, "delta": 3.881943}}
{"target": -139.12102558002428, "params": {"gamma": 0.4450508868978094, "prior": 6.08196582994806, "rate": 5.215271693710752}, "datetime": {"datetime": "2024-04-12 20:09:23", "elapsed": 360.114993, "delta": 5.782528}}
{"target": -135.20001169978738, "params": {"gamma": 0.3522494412972901, "prior": 0.7777543170708173, "rate": 5.262959876787536}, "datetime": {"datetime": "2024-04-12 20:09:26", "elapsed": 363.642627, "delta": 3.527634}}
{"target": -145.55011427905237, "params": {"gamma": 0.001, "prior": 6.911586473520951, "rate": 2.012117699210073}, "datetime": {"datetime": "2024-04-12 20:09:31", "elapsed": 368.670177, "delta": 5.02755}}
{"target": -136.457300861231, "params": {"gamma": 0.37641812911840694, "prior": 3.5069675151680886, "rate": 6.891322039016512}, "datetime": {"datetime": "2024-04-12 20:09:38", "elapsed": 375.394153, "delta": 6.723976}}
{"target": -135.37590452380843, "params": {"gamma": 0.3202999329071911, "prior": 1.7542296265339206, "rate": 7.76625219991691}, "datetime": {"datetime": "2024-04-12 20:09:43", "elapsed": 380.317627, "delta": 4.923474}}
{"target": -136.86571105884963, "params": {"gamma": 0.44742567741802364, "prior": 4.892180909574195, "rate": 8.806888922084333}, "datetime": {"datetime": "2024-04-12 20:09:47", "elapsed": 384.279203, "delta": 3.961576}}
{"target": -138.14057067301704, "params": {"gamma": 0.25413878282586727, "prior": 1.7401190323596512, "rate": 2.542095544084184}, "datetime": {"datetime": "2024-04-12 20:09:53", "elapsed": 389.890435, "delta": 5.611232}}
{"target": -135.95454805642024, "params": {"gamma": 0.35751286113200936, "prior": 2.182927640091265, "rate": 5.6989432916564065}, "datetime": {"datetime": "2024-04-12 20:09:59", "elapsed": 396.152979, "delta": 6.262544}}
{"target": -145.5512161377099, "params": {"gamma": 0.001, "prior": 8.88605894398861, "rate": 2.420810546606588}, "datetime": {"datetime": "2024-04-12 20:10:04", "elapsed": 401.572528, "delta": 5.419549}}
{"target": -135.40324865040364, "params": {"gamma": 0.36090728337001826, "prior": 0.8059022929911772, "rate": 9.589868709707673}, "datetime": {"datetime": "2024-04-12 20:10:08", "elapsed": 405.135377, "delta": 3.562849}}
{"target": -135.64851213963178, "params": {"gamma": 0.3992211761860606, "prior": 0.962736924746341, "rate": 7.844235244861243}, "datetime": {"datetime": "2024-04-12 20:10:14", "elapsed": 411.325514, "delta": 6.190137}}
{"target": -137.00180946583757, "params": {"gamma": 0.34370789218358294, "prior": 0.1, "rate": 9.324498208195141}, "datetime": {"datetime": "2024-04-12 20:10:21", "elapsed": 418.580156, "delta": 7.254642}}
{"target": -138.48816643394335, "params": {"gamma": 0.5360443616779308, "prior": 8.047156518321952, "rate": 10.0}, "datetime": {"datetime": "2024-04-12 20:10:24", "elapsed": 421.707381, "delta": 3.127225}}
{"target": -135.2007492940685, "params": {"gamma": 0.3455740517319816, "prior": 1.6305668740949306, "rate": 9.733256534565324}, "datetime": {"datetime": "2024-04-12 20:10:31", "elapsed": 428.167391, "delta": 6.46001}}
{"target": -135.201957208149, "params": {"gamma": 0.34740800929000887, "prior": 1.563527274913856, "rate": 9.461523376591147}, "datetime": {"datetime": "2024-04-12 20:10:36", "elapsed": 433.050622, "delta": 4.883231}}
{"target": -139.76932510668658, "params": {"gamma": 0.5728691327881125, "prior": 10.0, "rate": 8.997774375865129}, "datetime": {"datetime": "2024-04-12 20:10:40", "elapsed": 437.678913, "delta": 4.628291}}
{"target": -137.36229961708133, "params": {"gamma": 0.31894297002416916, "prior": 2.4703780777079336, "rate": 3.7298086401325703}, "datetime": {"datetime": "2024-04-12 20:10:46", "elapsed": 442.958638, "delta": 5.279725}}
{"target": -135.7653717838304, "params": {"gamma": 0.418220205935336, "prior": 0.9279184569073405, "rate": 4.899705929303142}, "datetime": {"datetime": "2024-04-12 20:10:51", "elapsed": 447.960309, "delta": 5.001671}}
{"target": -136.81631712037108, "params": {"gamma": 0.24646486438703188, "prior": 1.675249336874811, "rate": 4.406924546183924}, "datetime": {"datetime": "2024-04-12 20:10:57", "elapsed": 454.480177, "delta": 6.519868}}
{"target": -135.16013286732738, "params": {"gamma": 0.2958108558584312, "prior": 0.6886305894731515, "rate": 5.622137059580936}, "datetime": {"datetime": "2024-04-12 20:11:04", "elapsed": 461.488488, "delta": 7.008311}}
{"target": -138.2320574482662, "params": {"gamma": 0.5144865896371881, "prior": 5.034252240570086, "rate": 6.363425580763365}, "datetime": {"datetime": "2024-04-12 20:11:09", "elapsed": 466.724946, "delta": 5.236458}}
{"target": -136.96121956453, "params": {"gamma": 0.41544495006314536, "prior": 5.583578302039381, "rate": 9.048501204344348}, "datetime": {"datetime": "2024-04-12 20:11:14", "elapsed": 471.273462, "delta": 4.548516}}
{"target": -138.12586130819744, "params": {"gamma": 0.2701489598479654, "prior": 3.508312754640732, "rate": 4.81859487249825}, "datetime": {"datetime": "2024-04-12 20:11:17", "elapsed": 474.433344, "delta": 3.159882}}
{"target": -137.38230214701773, "params": {"gamma": 0.5139351611397588, "prior": 5.050450191167073, "rate": 10.0}, "datetime": {"datetime": "2024-04-12 20:11:21", "elapsed": 477.796625, "delta": 3.363281}}
{"target": -135.25750423031982, "params": {"gamma": 0.3537815633852668, "prior": 0.5461202450048934, "rate": 2.961060488905155}, "datetime": {"datetime": "2024-04-12 20:11:24", "elapsed": 481.531995, "delta": 3.73537}}
{"target": -136.01949365719858, "params": {"gamma": 0.3035074239890999, "prior": 2.9142319427027754, "rate": 8.308587821094262}, "datetime": {"datetime": "2024-04-12 20:11:32", "elapsed": 488.814465, "delta": 7.28247}}
{"target": -137.72842648957678, "params": {"gamma": 0.39360930066718147, "prior": 3.345129015453313, "rate": 4.15601273146429}, "datetime": {"datetime": "2024-04-12 20:11:38", "elapsed": 495.534677, "delta": 6.720212}}
