{"target": -138.62938654380645, "params": {"p_ai": 3.954851699174629, "p_al": 5.395477384082393, "p_ex": 0.001, "prior": 1.2520362384201964, "rate": 3.8866054246699764}, "datetime": {"datetime": "2024-04-01 18:19:34", "elapsed": 14798.603836, "delta": 21.253872}}
{"target": -112.2441591464169, "params": {"p_ai": 6.3100183256025515, "p_al": 0.001, "p_ex": 6.339005307552998, "prior": 10.0, "rate": 2.870566166311448}, "datetime": {"datetime": "2024-04-01 18:19:56", "elapsed": 14820.43527, "delta": 21.831434}}
{"target": -92.1322304897868, "params": {"p_ai": 1.866506468383688, "p_al": 4.921606401993551, "p_ex": 10.0, "prior": 6.700481920232596, "rate": 5.733790148233177}, "datetime": {"datetime": "2024-04-01 18:20:31", "elapsed": 14855.938124, "delta": 35.502854}}
{"target": -94.34688533251742, "params": {"p_ai": 2.7907273417184864, "p_al": 10.0, "p_ex": 10.0, "prior": 10.0, "rate": 2.3969710894193907}, "datetime": {"datetime": "2024-04-01 18:21:00", "elapsed": 14884.243265, "delta": 28.305141}}
{"target": -95.41868923984106, "params": {"p_ai": 2.907201707225698, "p_al": 0.0067536116034344895, "p_ex": 3.820109407551878, "prior": 0.22785645654224745, "rate": 1.0349938585646392}, "datetime": {"datetime": "2024-04-01 18:21:33", "elapsed": 14917.97782, "delta": 33.734555}}
