{"target": -207.7372843360984, "params": {"gamma": 1.0947197590216522, "lr": 0.673041054216622}, "datetime": {"datetime": "2024-03-29 22:13:26", "elapsed": 2.112678, "delta": 0.002992}}
{"target": -858.0917241404014, "params": {"gamma": 4.999823778620901, "lr": 0.777098229275783}, "datetime": {"datetime": "2024-03-29 22:13:26", "elapsed": 2.116667, "delta": 0.003989}}
{"target": -534.469771278943, "params": {"gamma": 1.4369263717442184, "lr": 0.08320263643587555}, "datetime": {"datetime": "2024-03-29 22:13:26", "elapsed": 2.120657, "delta": 0.00399}}
{"target": -689.4515669212998, "params": {"gamma": 3.9927868349191855, "lr": 0.7969622519799001}, "datetime": {"datetime": "2024-03-29 22:13:26", "elapsed": 2.124646, "delta": 0.003989}}
{"target": -349.02839710043196, "params": {"gamma": 1.917565713359991, "lr": 0.767777192147274}, "datetime": {"datetime": "2024-03-29 22:13:26", "elapsed": 2.128635, "delta": 0.003989}}
{"target": -433.6334924494902, "params": {"gamma": 2.90368967262162, "lr": 0.21689148761179533}, "datetime": {"datetime": "2024-03-29 22:13:26", "elapsed": 2.132624, "delta": 0.003989}}
{"target": -133.35231853224528, "params": {"gamma": 0.1681391751809873, "lr": 0.3986590599223787}, "datetime": {"datetime": "2024-03-29 22:13:26", "elapsed": 2.135616, "delta": 0.002992}}
{"target": -550.2586486669137, "params": {"gamma": 3.8114338314432303, "lr": 0.6593449361953647}, "datetime": {"datetime": "2024-03-29 22:13:26", "elapsed": 2.140604, "delta": 0.004988}}
{"target": -194.7325092457642, "params": {"gamma": 0.7101130863034019, "lr": 0.15260398704227185}, "datetime": {"datetime": "2024-03-29 22:13:26", "elapsed": 2.144593, "delta": 0.003989}}
{"target": -143.33443905412162, "params": {"gamma": 0.16674225312644053, "lr": 0.11379635644740682}, "datetime": {"datetime": "2024-03-29 22:13:26", "elapsed": 2.149579, "delta": 0.004986}}
{"target": -689.5265580824466, "params": {"gamma": 6.518240970824895, "lr": 0.4026568521749192}, "datetime": {"datetime": "2024-03-29 22:13:26", "elapsed": 2.154565, "delta": 0.004986}}
{"target": -437.900704076855, "params": {"gamma": 3.2109421153589914, "lr": 0.5579119942437725}, "datetime": {"datetime": "2024-03-29 22:13:26", "elapsed": 2.158554, "delta": 0.003989}}
{"target": -1832.5256985537912, "params": {"gamma": 9.9346111705354, "lr": 0.8344865140180296}, "datetime": {"datetime": "2024-03-29 22:13:26", "elapsed": 2.162544, "delta": 0.00399}}
{"target": -1386.825023646092, "params": {"gamma": 6.99653220081344, "lr": 0.9182585891320579}, "datetime": {"datetime": "2024-03-29 22:13:26", "elapsed": 2.166533, "delta": 0.003989}}
{"target": -195.16681067864457, "params": {"gamma": 0.3982473381241651, "lr": 0.07033344161552524}, "datetime": {"datetime": "2024-03-29 22:13:26", "elapsed": 2.17152, "delta": 0.004987}}
{"target": -530.9354789365119, "params": {"gamma": 4.740588893590559, "lr": 0.3491674129570773}, "datetime": {"datetime": "2024-03-29 22:13:26", "elapsed": 2.178502, "delta": 0.006982}}
{"target": -1019.8290858758513, "params": {"gamma": 9.37258336922236, "lr": 0.48956496114516856}, "datetime": {"datetime": "2024-03-29 22:13:26", "elapsed": 2.184485, "delta": 0.005983}}
{"target": -1035.3300412398828, "params": {"gamma": 5.396951451823413, "lr": 0.8952603657312208}, "datetime": {"datetime": "2024-03-29 22:13:26", "elapsed": 2.190469, "delta": 0.005984}}
{"target": -853.3383591504953, "params": {"gamma": 4.466903823191082, "lr": 0.8770343892703519}, "datetime": {"datetime": "2024-03-29 22:13:26", "elapsed": 2.196453, "delta": 0.005984}}
{"target": -359.7612723853208, "params": {"gamma": 2.536563911966912, "lr": 0.27380970415810857}, "datetime": {"datetime": "2024-03-29 22:13:26", "elapsed": 2.202436, "delta": 0.005983}}
{"target": -447.0367768893806, "params": {"gamma": 3.284285539485814, "lr": 0.5475642704809535}, "datetime": {"datetime": "2024-03-29 22:13:26", "elapsed": 2.20842, "delta": 0.005984}}
{"target": -356.20499203002686, "params": {"gamma": 2.2020666115957854, "lr": 0.6714291710812733}, "datetime": {"datetime": "2024-03-29 22:13:26", "elapsed": 2.214404, "delta": 0.005984}}
{"target": -478.9126352427984, "params": {"gamma": 1.4287900347472011, "lr": 0.09410027449963942}, "datetime": {"datetime": "2024-03-29 22:13:26", "elapsed": 2.22, "delta": 0.005596}}
{"target": -1141.82600209921, "params": {"gamma": 8.70204727030757, "lr": 0.23686870355699852}, "datetime": {"datetime": "2024-03-29 22:13:26", "elapsed": 2.22399, "delta": 0.00399}}
{"target": -523.7961160981033, "params": {"gamma": 3.8606541062149327, "lr": 0.5715420927253323}, "datetime": {"datetime": "2024-03-29 22:13:26", "elapsed": 2.227979, "delta": 0.003989}}
{"target": -1907.4201585131138, "params": {"gamma": 5.258493897544749, "lr": 0.07602387944210687}, "datetime": {"datetime": "2024-03-29 22:13:26", "elapsed": 2.231967, "delta": 0.003988}}
{"target": -1728.6568513982836, "params": {"gamma": 8.741385230044685, "lr": 0.9511356184186921}, "datetime": {"datetime": "2024-03-29 22:13:26", "elapsed": 2.235956, "delta": 0.003989}}
{"target": -1097.3644356015307, "params": {"gamma": 8.125260534442543, "lr": 0.2838018349468743}, "datetime": {"datetime": "2024-03-29 22:13:26", "elapsed": 2.239945, "delta": 0.003989}}
{"target": -588.4491154381716, "params": {"gamma": 5.278940114383477, "lr": 0.3394167240176095}, "datetime": {"datetime": "2024-03-29 22:13:26", "elapsed": 2.243935, "delta": 0.00399}}
{"target": -1103.1090406331089, "params": {"gamma": 5.54711844056588, "lr": 0.9744034689130026}, "datetime": {"datetime": "2024-03-29 22:13:26", "elapsed": 2.247924, "delta": 0.003989}}
{"target": -488.09715047379404, "params": {"gamma": 3.1177174742720952, "lr": 0.6687966059228697}, "datetime": {"datetime": "2024-03-29 22:13:26", "elapsed": 2.251913, "delta": 0.003989}}
{"target": -567.6058986766018, "params": {"gamma": 3.26034610588255, "lr": 0.7744772660150796}, "datetime": {"datetime": "2024-03-29 22:13:26", "elapsed": 2.255903, "delta": 0.00399}}
{"target": -634.7791486563798, "params": {"gamma": 3.258773856165435, "lr": 0.889827341447375}, "datetime": {"datetime": "2024-03-29 22:13:26", "elapsed": 2.259892, "delta": 0.003989}}
{"target": -1281.461233295702, "params": {"gamma": 7.51732550147175, "lr": 0.7626320954451107}, "datetime": {"datetime": "2024-03-29 22:13:26", "elapsed": 2.263881, "delta": 0.003989}}
{"target": -684.4577439810245, "params": {"gamma": 4.695320806570698, "lr": 0.21076450246870537}, "datetime": {"datetime": "2024-03-29 22:13:26", "elapsed": 2.269865, "delta": 0.005984}}
{"target": -136.81185778714953, "params": {"gamma": 0.4157093206854123, "lr": 0.3218287999702445}, "datetime": {"datetime": "2024-03-29 22:13:26", "elapsed": 2.275849, "delta": 0.005984}}
{"target": -139.6846674535929, "params": {"gamma": 0.3720895322754502, "lr": 0.6938554113738997}, "datetime": {"datetime": "2024-03-29 22:13:26", "elapsed": 2.281833, "delta": 0.005984}}
{"target": -748.8053923447138, "params": {"gamma": 6.703829969329749, "lr": 0.430471782744975}, "datetime": {"datetime": "2024-03-29 22:13:26", "elapsed": 2.287816, "delta": 0.005983}}
{"target": -988.6001831684902, "params": {"gamma": 7.678121987604072, "lr": 0.5360084947395637}, "datetime": {"datetime": "2024-03-29 22:13:26", "elapsed": 2.291806, "delta": 0.00399}}
{"target": -166.43000521725978, "params": {"gamma": 0.3995594064278903, "lr": 0.13479311796067905}, "datetime": {"datetime": "2024-03-29 22:13:26", "elapsed": 2.296793, "delta": 0.004987}}
{"target": -239.05635963758883, "params": {"gamma": 1.9349705737501688, "lr": 0.3356638011646498}, "datetime": {"datetime": "2024-03-29 22:13:26", "elapsed": 2.302777, "delta": 0.005984}}
{"target": -145.5693769253245, "params": {"gamma": 0.52407715142833, "lr": 0.6051167805003662}, "datetime": {"datetime": "2024-03-29 22:13:26", "elapsed": 2.308761, "delta": 0.005984}}
{"target": -710.9035584689834, "params": {"gamma": 5.121098214211664, "lr": 0.6174610120171561}, "datetime": {"datetime": "2024-03-29 22:13:26", "elapsed": 2.314355, "delta": 0.005594}}
{"target": -810.0115791260787, "params": {"gamma": 4.324123592048677, "lr": 0.8477004682374377}, "datetime": {"datetime": "2024-03-29 22:13:26", "elapsed": 2.321336, "delta": 0.006981}}
{"target": -1648.2992002520816, "params": {"gamma": 4.541136501535455, "lr": 0.015403519791920894}, "datetime": {"datetime": "2024-03-29 22:13:26", "elapsed": 2.326323, "delta": 0.004987}}
{"target": -1224.199855365783, "params": {"gamma": 8.730808416322548, "lr": 0.6562015477440989}, "datetime": {"datetime": "2024-03-29 22:13:27", "elapsed": 2.330312, "delta": 0.003989}}
{"target": -1628.496857438681, "params": {"gamma": 8.23020740344406, "lr": 0.9517756930338517}, "datetime": {"datetime": "2024-03-29 22:13:27", "elapsed": 2.334301, "delta": 0.003989}}
{"target": -140.12323149486278, "params": {"gamma": 0.5100729227853552, "lr": 0.23507186409101455}, "datetime": {"datetime": "2024-03-29 22:13:27", "elapsed": 2.338291, "delta": 0.00399}}
{"target": -135.6237367855001, "params": {"gamma": 0.6343710911199417, "lr": 0.4216578860324509}, "datetime": {"datetime": "2024-03-29 22:13:27", "elapsed": 2.343277, "delta": 0.004986}}
{"target": -3129.0488033614115, "params": {"gamma": 8.638427625869019, "lr": 0.0816239827150681}, "datetime": {"datetime": "2024-03-29 22:13:27", "elapsed": 2.347267, "delta": 0.00399}}
{"target": -1202.9783215161078, "params": {"gamma": 4.7316464169059, "lr": 0.12554310980872363}, "datetime": {"datetime": "2024-03-29 22:13:27", "elapsed": 2.351256, "delta": 0.003989}}
{"target": -1430.133589381731, "params": {"gamma": 7.729083136069011, "lr": 0.8414221567958434}, "datetime": {"datetime": "2024-03-29 22:13:27", "elapsed": 2.355245, "delta": 0.003989}}
{"target": -134.53063746885582, "params": {"gamma": 0.4338660909233998, "lr": 0.48644074317039476}, "datetime": {"datetime": "2024-03-29 22:13:27", "elapsed": 2.360237, "delta": 0.004992}}
{"target": -491.4196755976806, "params": {"gamma": 2.3948710303334217, "lr": 0.9524737816932592}, "datetime": {"datetime": "2024-03-29 22:13:27", "elapsed": 2.367218, "delta": 0.006981}}
{"target": -1288.492150338656, "params": {"gamma": 9.438982385210178, "lr": 0.6139340023847009}, "datetime": {"datetime": "2024-03-29 22:13:27", "elapsed": 2.373196, "delta": 0.005978}}
{"target": -1066.6747722502894, "params": {"gamma": 9.734900485854638, "lr": 0.344861343716251}, "datetime": {"datetime": "2024-03-29 22:13:27", "elapsed": 2.377185, "delta": 0.003989}}
{"target": -995.1695323049544, "params": {"gamma": 8.97860932595915, "lr": 0.4345949734085095}, "datetime": {"datetime": "2024-03-29 22:13:27", "elapsed": 2.382172, "delta": 0.004987}}
{"target": -484.5895778720827, "params": {"gamma": 2.35891055683799, "lr": 0.9408279632013994}, "datetime": {"datetime": "2024-03-29 22:13:27", "elapsed": 2.386161, "delta": 0.003989}}
{"target": -2479.8670470326388, "params": {"gamma": 6.842496291781293, "lr": 0.06491158533912933}, "datetime": {"datetime": "2024-03-29 22:13:27", "elapsed": 2.390151, "delta": 0.00399}}
{"target": -1307.7923517388447, "params": {"gamma": 8.704378143373837, "lr": 0.7013802946333463}, "datetime": {"datetime": "2024-03-29 22:13:27", "elapsed": 2.396134, "delta": 0.005983}}
{"target": -946.6894918635951, "params": {"gamma": 6.049663802869843, "lr": 0.7323748991793305}, "datetime": {"datetime": "2024-03-29 22:13:27", "elapsed": 2.401121, "delta": 0.004987}}
{"target": -370.0990000342685, "params": {"gamma": 2.535136985955308, "lr": 0.6004889552745444}, "datetime": {"datetime": "2024-03-29 22:13:27", "elapsed": 2.407104, "delta": 0.005983}}
{"target": -2951.179833292066, "params": {"gamma": 8.146377193435292, "lr": 0.05411366032399989}, "datetime": {"datetime": "2024-03-29 22:13:27", "elapsed": 2.412091, "delta": 0.004987}}
{"target": -276.7489774344828, "params": {"gamma": 1.3059762027213204, "lr": 0.8424458099564136}, "datetime": {"datetime": "2024-03-29 22:13:27", "elapsed": 2.41608, "delta": 0.003989}}
{"target": -800.7665850605492, "params": {"gamma": 6.183840347409528, "lr": 0.531287810481058}, "datetime": {"datetime": "2024-03-29 22:13:27", "elapsed": 2.419072, "delta": 0.002992}}
{"target": -348.0995505184889, "params": {"gamma": 2.483658999241989, "lr": 0.2950785752494959}, "datetime": {"datetime": "2024-03-29 22:13:27", "elapsed": 2.424059, "delta": 0.004987}}
{"target": -915.4971911475457, "params": {"gamma": 8.726988963029699, "lr": 0.42166593484970927}, "datetime": {"datetime": "2024-03-29 22:13:27", "elapsed": 2.428048, "delta": 0.003989}}
{"target": -179.6034313200155, "params": {"gamma": 0.6452381255404884, "lr": 0.8969850695075825}, "datetime": {"datetime": "2024-03-29 22:13:27", "elapsed": 2.432037, "delta": 0.003989}}
{"target": -380.76588296444487, "params": {"gamma": 2.0346049474076864, "lr": 0.8262275354923914}, "datetime": {"datetime": "2024-03-29 22:13:27", "elapsed": 2.436026, "delta": 0.003989}}
{"target": -960.8008159835086, "params": {"gamma": 8.81782446020499, "lr": 0.48675074481833813}, "datetime": {"datetime": "2024-03-29 22:13:27", "elapsed": 2.441013, "delta": 0.004987}}
{"target": -775.8128646480279, "params": {"gamma": 5.98504846635326, "lr": 0.527267456485417}, "datetime": {"datetime": "2024-03-29 22:13:27", "elapsed": 2.446997, "delta": 0.005984}}
{"target": -1160.1759377988817, "params": {"gamma": 6.248588120560806, "lr": 0.8550417213473515}, "datetime": {"datetime": "2024-03-29 22:13:27", "elapsed": 2.452981, "delta": 0.005984}}
{"target": -550.0575422968827, "params": {"gamma": 2.8221123446002014, "lr": 0.8837555081806009}, "datetime": {"datetime": "2024-03-29 22:13:27", "elapsed": 2.458965, "delta": 0.005984}}
{"target": -1484.9861652146924, "params": {"gamma": 5.677335610861374, "lr": 0.11510304096690338}, "datetime": {"datetime": "2024-03-29 22:13:27", "elapsed": 2.463951, "delta": 0.004986}}
{"target": -328.7023916866329, "params": {"gamma": 2.270784650981365, "lr": 0.5959823856130138}, "datetime": {"datetime": "2024-03-29 22:13:27", "elapsed": 2.469935, "delta": 0.005984}}
{"target": -620.6106853968502, "params": {"gamma": 2.395222922809899, "lr": 0.13141566053746057}, "datetime": {"datetime": "2024-03-29 22:13:27", "elapsed": 2.475918, "delta": 0.005983}}
{"target": -328.7966823462157, "params": {"gamma": 1.6193152935242277, "lr": 0.8448725182357391}, "datetime": {"datetime": "2024-03-29 22:13:27", "elapsed": 2.480905, "delta": 0.004987}}
{"target": -1196.0681135050447, "params": {"gamma": 6.022234355273215, "lr": 0.9635670871883419}, "datetime": {"datetime": "2024-03-29 22:13:27", "elapsed": 2.486889, "delta": 0.005984}}
{"target": -479.37102516192965, "params": {"gamma": 3.4574464537469587, "lr": 0.5956250981349497}, "datetime": {"datetime": "2024-03-29 22:13:27", "elapsed": 2.492873, "delta": 0.005984}}
{"target": -826.919273018498, "params": {"gamma": 5.9902539044452245, "lr": 0.6157042872039488}, "datetime": {"datetime": "2024-03-29 22:13:27", "elapsed": 2.49786, "delta": 0.004987}}
{"target": -162.4122630220882, "params": {"gamma": 0.5927128946500382, "lr": 0.7503171845746859}, "datetime": {"datetime": "2024-03-29 22:13:27", "elapsed": 2.502846, "delta": 0.004986}}
{"target": -1215.687557166204, "params": {"gamma": 9.482146772378064, "lr": 0.5346790571795887}, "datetime": {"datetime": "2024-03-29 22:13:27", "elapsed": 2.506835, "delta": 0.003989}}
{"target": -350.42029450421006, "params": {"gamma": 1.926367653529729, "lr": 0.7529259149799422}, "datetime": {"datetime": "2024-03-29 22:13:27", "elapsed": 2.509827, "delta": 0.002992}}
{"target": -137.90598115871376, "params": {"gamma": 0.07418237430931014, "lr": 0.32825610365078084}, "datetime": {"datetime": "2024-03-29 22:13:27", "elapsed": 2.513816, "delta": 0.003989}}
{"target": -1227.6140751569271, "params": {"gamma": 9.176145870096288, "lr": 0.5883673328938768}, "datetime": {"datetime": "2024-03-29 22:13:27", "elapsed": 2.518803, "delta": 0.004987}}
{"target": -1169.7025055914587, "params": {"gamma": 8.55204764875745, "lr": 0.6046720523491877}, "datetime": {"datetime": "2024-03-29 22:13:27", "elapsed": 2.522792, "delta": 0.003989}}
{"target": -1553.0306617975182, "params": {"gamma": 8.225958947086186, "lr": 0.8794835234293169}, "datetime": {"datetime": "2024-03-29 22:13:27", "elapsed": 2.526781, "delta": 0.003989}}
{"target": -849.5166244642776, "params": {"gamma": 3.210542758870008, "lr": 0.12295477155217849}, "datetime": {"datetime": "2024-03-29 22:13:27", "elapsed": 2.529773, "delta": 0.002992}}
{"target": -803.9302590180176, "params": {"gamma": 7.213312138521522, "lr": 0.44034708683123824}, "datetime": {"datetime": "2024-03-29 22:13:27", "elapsed": 2.535757, "delta": 0.005984}}
{"target": -210.2280372905724, "params": {"gamma": 1.268230355710944, "lr": 0.5898236481098892}, "datetime": {"datetime": "2024-03-29 22:13:27", "elapsed": 2.540743, "delta": 0.004986}}
{"target": -136.81481481180725, "params": {"gamma": 0.36164707738402946, "lr": 0.20018211641098693}, "datetime": {"datetime": "2024-03-29 22:13:27", "elapsed": 2.54573, "delta": 0.004987}}
{"target": -2856.054950401713, "params": {"gamma": 7.883223595490022, "lr": 0.012096760015357866}, "datetime": {"datetime": "2024-03-29 22:13:27", "elapsed": 2.551715, "delta": 0.005985}}
{"target": -1104.8378812213052, "params": {"gamma": 3.034153371413982, "lr": 0.021375961088070716}, "datetime": {"datetime": "2024-03-29 22:13:27", "elapsed": 2.557698, "delta": 0.005983}}
{"target": -1312.6419969224908, "params": {"gamma": 9.974852442290567, "lr": 0.5820299763434618}, "datetime": {"datetime": "2024-03-29 22:13:27", "elapsed": 2.562685, "delta": 0.004987}}
{"target": -594.678070251276, "params": {"gamma": 2.93446940858208, "lr": 0.9289494618931157}, "datetime": {"datetime": "2024-03-29 22:13:27", "elapsed": 2.566673, "delta": 0.003988}}
{"target": -563.3147173817076, "params": {"gamma": 5.071687116058498, "lr": 0.4546922275524069}, "datetime": {"datetime": "2024-03-29 22:13:27", "elapsed": 2.570663, "delta": 0.00399}}
{"target": -804.7506653764849, "params": {"gamma": 5.879127191455569, "lr": 0.2641376442105696}, "datetime": {"datetime": "2024-03-29 22:13:27", "elapsed": 2.574652, "delta": 0.003989}}
{"target": -346.4947574309241, "params": {"gamma": 3.0535777051749857, "lr": 0.37165457672418245}, "datetime": {"datetime": "2024-03-29 22:13:27", "elapsed": 2.578641, "delta": 0.003989}}
{"target": -350.45635028487, "params": {"gamma": 2.4452355457167374, "lr": 0.5845472661166298}, "datetime": {"datetime": "2024-03-29 22:13:27", "elapsed": 2.584625, "delta": 0.005984}}
{"target": -2521.8928244037734, "params": {"gamma": 6.958765493189333, "lr": 0.07194722016400112}, "datetime": {"datetime": "2024-03-29 22:13:27", "elapsed": 2.590609, "delta": 0.005984}}
{"target": -1650.9093153404253, "params": {"gamma": 9.710862112935013, "lr": 0.7530706558694549}, "datetime": {"datetime": "2024-03-29 22:13:27", "elapsed": 2.596593, "delta": 0.005984}}
{"target": -1373.1485462440016, "params": {"gamma": 8.061825466371129, "lr": 0.7516404040812905}, "datetime": {"datetime": "2024-03-29 22:13:27", "elapsed": 2.601579, "delta": 0.004986}}
{"target": -150.11419735923252, "params": {"gamma": 0.8015297117349018, "lr": 0.48169628302117706}, "datetime": {"datetime": "2024-03-29 22:13:27", "elapsed": 2.605568, "delta": 0.003989}}
{"target": -685.1412165390022, "params": {"gamma": 4.457283891060159, "lr": 0.6724726505249299}, "datetime": {"datetime": "2024-03-29 22:13:27", "elapsed": 2.609558, "delta": 0.00399}}
{"target": -685.1974187781996, "params": {"gamma": 4.487923850984395, "lr": 0.7043133983839096}, "datetime": {"datetime": "2024-03-29 22:13:27", "elapsed": 2.613547, "delta": 0.003989}}
{"target": -1035.4865262364358, "params": {"gamma": 6.816771730688627, "lr": 0.6971485287527562}, "datetime": {"datetime": "2024-03-29 22:13:27", "elapsed": 2.617536, "delta": 0.003989}}
{"target": -1277.8032358353644, "params": {"gamma": 6.186388824872803, "lr": 0.15098073327964578}, "datetime": {"datetime": "2024-03-29 22:13:27", "elapsed": 2.621525, "delta": 0.003989}}
{"target": -1296.772244160815, "params": {"gamma": 7.608263760601256, "lr": 0.781045822193957}, "datetime": {"datetime": "2024-03-29 22:13:27", "elapsed": 2.625515, "delta": 0.00399}}
{"target": -1185.3894712312697, "params": {"gamma": 9.041125756152136, "lr": 0.23376869260410593}, "datetime": {"datetime": "2024-03-29 22:13:27", "elapsed": 2.629504, "delta": 0.003989}}
{"target": -220.12831301153298, "params": {"gamma": 1.7676122518303419, "lr": 0.3910991231067624}, "datetime": {"datetime": "2024-03-29 22:13:27", "elapsed": 2.633493, "delta": 0.003989}}
{"target": -577.8904217540526, "params": {"gamma": 3.206325975297607, "lr": 0.8154769290056262}, "datetime": {"datetime": "2024-03-29 22:13:27", "elapsed": 2.638479, "delta": 0.004986}}
{"target": -1048.934995826939, "params": {"gamma": 6.135645470784649, "lr": 0.7600017523497489}, "datetime": {"datetime": "2024-03-29 22:13:27", "elapsed": 2.642469, "delta": 0.00399}}
{"target": -1380.3389539174427, "params": {"gamma": 4.277223331869946, "lr": 0.09944056291558923}, "datetime": {"datetime": "2024-03-29 22:13:27", "elapsed": 2.646458, "delta": 0.003989}}
{"target": -170.13434098559586, "params": {"gamma": 1.151235085490412, "lr": 0.3734071317371953}, "datetime": {"datetime": "2024-03-29 22:13:27", "elapsed": 2.650447, "delta": 0.003989}}
{"target": -365.0985121773649, "params": {"gamma": 1.939283827327562, "lr": 0.8207464986229382}, "datetime": {"datetime": "2024-03-29 22:13:27", "elapsed": 2.655434, "delta": 0.004987}}
{"target": -913.5345107543524, "params": {"gamma": 5.996760448228745, "lr": 0.688845259018665}, "datetime": {"datetime": "2024-03-29 22:13:27", "elapsed": 2.659424, "delta": 0.00399}}
{"target": -1662.8147016062105, "params": {"gamma": 4.911608503081658, "lr": 0.08817368124218106}, "datetime": {"datetime": "2024-03-29 22:13:27", "elapsed": 2.663413, "delta": 0.003989}}
