{"target": -131.77252593400922, "params": {"gamma": 0.7466661384435471, "prior": 3.766026368361488, "rate": 1.235065179287484}, "datetime": {"datetime": "2024-04-09 03:00:08", "elapsed": 3.552744, "delta": 0.008655}}
{"target": -421.07936811883326, "params": {"gamma": 6.345552644202125, "prior": 4.1978064727211475, "rate": 9.909165409621975}, "datetime": {"datetime": "2024-04-09 03:00:08", "elapsed": 3.562868, "delta": 0.010124}}
{"target": -613.1828177648694, "params": {"gamma": 9.299626280909525, "prior": 1.5774367198665253, "rate": 3.9494277431054683}, "datetime": {"datetime": "2024-04-09 03:00:08", "elapsed": 3.57195, "delta": 0.009082}}
{"target": -291.39247860709946, "params": {"gamma": 4.6163355299129, "prior": 5.6533926757072575, "rate": 7.803854869369396}, "datetime": {"datetime": "2024-04-09 03:00:08", "elapsed": 3.58044, "delta": 0.00849}}
{"target": -274.85521213552556, "params": {"gamma": 4.872451896825164, "prior": 4.257936164901384, "rate": 2.6207350474886373}, "datetime": {"datetime": "2024-04-09 03:00:08", "elapsed": 3.588914, "delta": 0.008474}}
{"target": -744.393389310217, "params": {"gamma": 9.108150584728497, "prior": 0.32048796417476116, "rate": 8.211397860291427}, "datetime": {"datetime": "2024-04-09 03:00:08", "elapsed": 3.599433, "delta": 0.010519}}
{"target": -154.39964077663853, "params": {"gamma": 1.8854955282645185, "prior": 6.888993301808218, "rate": 3.552738684007098}, "datetime": {"datetime": "2024-04-09 03:00:08", "elapsed": 3.607964, "delta": 0.008531}}
{"target": -575.8412300782018, "params": {"gamma": 9.742152066323019, "prior": 1.3154440815492576, "rate": 1.8765113562797784}, "datetime": {"datetime": "2024-04-09 03:00:08", "elapsed": 3.616389, "delta": 0.008425}}
{"target": -449.075046104149, "params": {"gamma": 8.894535312169324, "prior": 5.875722514621456, "rate": 3.0931546002031376}, "datetime": {"datetime": "2024-04-09 03:00:08", "elapsed": 3.625258, "delta": 0.008869}}
{"target": -143.57985963968446, "params": {"gamma": 0.008643090396402046, "prior": 2.353217609390305, "rate": 1.4548909380781856}, "datetime": {"datetime": "2024-04-09 03:00:08", "elapsed": 3.635115, "delta": 0.009857}}
{"target": -162.0897418623072, "params": {"gamma": 2.035134809876536, "prior": 8.973593312359645, "rate": 8.731070688318136}, "datetime": {"datetime": "2024-04-09 03:00:08", "elapsed": 3.643509, "delta": 0.008394}}
{"target": -437.70339315653956, "params": {"gamma": 7.0031940868968645, "prior": 4.757926993906869, "rate": 8.271532887320552}, "datetime": {"datetime": "2024-04-09 03:00:08", "elapsed": 3.652044, "delta": 0.008535}}
{"target": -283.60042074338406, "params": {"gamma": 4.958768144455039, "prior": 3.698537964520562, "rate": 2.7567554245058266}, "datetime": {"datetime": "2024-04-09 03:00:08", "elapsed": 3.661838, "delta": 0.009794}}
{"target": -533.9088855984082, "params": {"gamma": 9.247483394570178, "prior": 3.931193419137293, "rate": 4.929315853439772}, "datetime": {"datetime": "2024-04-09 03:00:08", "elapsed": 3.670832, "delta": 0.008994}}
{"target": -179.08413170172912, "params": {"gamma": 2.5451265850419067, "prior": 8.861168536496827, "rate": 3.833251304596062}, "datetime": {"datetime": "2024-04-09 03:00:08", "elapsed": 3.679359, "delta": 0.008527}}
{"target": -204.5156647173099, "params": {"gamma": 2.9764495784234386, "prior": 7.2041901257280685, "rate": 1.909508561779902}, "datetime": {"datetime": "2024-04-09 03:00:08", "elapsed": 3.687916, "delta": 0.008557}}
{"target": -131.41741562731133, "params": {"gamma": 1.1828081008410374, "prior": 8.386278043913771, "rate": 7.441615077773983}, "datetime": {"datetime": "2024-04-09 03:00:08", "elapsed": 3.698409, "delta": 0.010493}}
{"target": -397.28969082435754, "params": {"gamma": 5.905614955923525, "prior": 2.5046265921522197, "rate": 6.2328482047306535}, "datetime": {"datetime": "2024-04-09 03:00:08", "elapsed": 3.707197, "delta": 0.008788}}
{"target": -378.6881363977858, "params": {"gamma": 6.383914852090989, "prior": 3.342937496712019, "rate": 0.6758259413323553}, "datetime": {"datetime": "2024-04-09 03:00:08", "elapsed": 3.715622, "delta": 0.008425}}
{"target": -537.5304318071773, "params": {"gamma": 8.805505437045703, "prior": 4.6535716376351575, "rate": 7.638963307946233}, "datetime": {"datetime": "2024-04-09 03:00:08", "elapsed": 3.724619, "delta": 0.008997}}
{"target": -179.4489119088864, "params": {"gamma": 2.539632320806454, "prior": 5.954733104448417, "rate": 4.288522808327629}, "datetime": {"datetime": "2024-04-09 03:00:08", "elapsed": 3.734516, "delta": 0.009897}}
{"target": -260.03602228740624, "params": {"gamma": 3.8216243248488464, "prior": 1.3544625000845356, "rate": 2.4434223654265494}, "datetime": {"datetime": "2024-04-09 03:00:08", "elapsed": 3.743295, "delta": 0.008779}}
{"target": -122.33178025718337, "params": {"gamma": 0.7943364880002312, "prior": 3.098297216704028, "rate": 7.417306297515323}, "datetime": {"datetime": "2024-04-09 03:00:08", "elapsed": 3.75206, "delta": 0.008765}}
{"target": -571.2138511909953, "params": {"gamma": 6.150542233985518, "prior": 6.7568698794458655, "rate": 0.08482241217079087}, "datetime": {"datetime": "2024-04-09 03:00:08", "elapsed": 3.762205, "delta": 0.010145}}
{"target": -353.11018418798216, "params": {"gamma": 6.784091345540948, "prior": 5.081488836374581, "rate": 2.309853596391308}, "datetime": {"datetime": "2024-04-09 03:00:08", "elapsed": 3.77105, "delta": 0.008845}}
{"target": -166.2631783252633, "params": {"gamma": 1.7497901933102402, "prior": 1.9313313589532155, "rate": 8.44275579074591}, "datetime": {"datetime": "2024-04-09 03:00:08", "elapsed": 3.779466, "delta": 0.008416}}
{"target": -487.21608100473713, "params": {"gamma": 9.825915303261548, "prior": 9.146022285932153, "rate": 3.4743468343077555}, "datetime": {"datetime": "2024-04-09 03:00:08", "elapsed": 3.787867, "delta": 0.008401}}
{"target": -469.9432435618549, "params": {"gamma": 7.802465572333946, "prior": 5.509900447944164, "rate": 8.16460753316182}, "datetime": {"datetime": "2024-04-09 03:00:08", "elapsed": 3.798266, "delta": 0.010399}}
{"target": -301.0373260651345, "params": {"gamma": 4.8377857849378705, "prior": 5.9405178531640965, "rate": 7.872847211795091}, "datetime": {"datetime": "2024-04-09 03:00:08", "elapsed": 3.806758, "delta": 0.008492}}
{"target": -127.6470792535487, "params": {"gamma": 1.0032461963882202, "prior": 5.416370456721353, "rate": 3.660467483349873}, "datetime": {"datetime": "2024-04-09 03:00:08", "elapsed": 3.852065, "delta": 0.045307}}
{"target": -321.80626394195804, "params": {"gamma": 6.043464129845054, "prior": 9.592144904806304, "rate": 3.9288366270246278}, "datetime": {"datetime": "2024-04-09 03:00:08", "elapsed": 3.862493, "delta": 0.010428}}
{"target": -239.99916508207858, "params": {"gamma": 3.930337006418223, "prior": 7.927306236537028, "rate": 6.451138912455179}, "datetime": {"datetime": "2024-04-09 03:00:08", "elapsed": 3.871533, "delta": 0.00904}}
{"target": -234.43982343450168, "params": {"gamma": 3.9394461945459094, "prior": 6.920654977479489, "rate": 4.040612088934736}, "datetime": {"datetime": "2024-04-09 03:00:08", "elapsed": 3.880274, "delta": 0.008741}}
{"target": -136.7340389967535, "params": {"gamma": 1.3619954293269727, "prior": 4.561368359854131, "rate": 3.3448595075800287}, "datetime": {"datetime": "2024-04-09 03:00:08", "elapsed": 3.888904, "delta": 0.00863}}
{"target": -165.65072955043772, "params": {"gamma": 2.180471331681618, "prior": 9.265170536200754, "rate": 6.896704351396498}, "datetime": {"datetime": "2024-04-09 03:00:08", "elapsed": 3.899494, "delta": 0.01059}}
{"target": -329.4602068272937, "params": {"gamma": 5.988610085343597, "prior": 7.49190897401775, "rate": 5.420168646652644}, "datetime": {"datetime": "2024-04-09 03:00:08", "elapsed": 3.908064, "delta": 0.00857}}
{"target": -390.9457316631305, "params": {"gamma": 7.005630193122407, "prior": 9.312542210573467, "rate": 8.626304328357714}, "datetime": {"datetime": "2024-04-09 03:00:08", "elapsed": 3.916559, "delta": 0.008495}}
{"target": -155.542316568758, "params": {"gamma": 1.6752511332077065, "prior": 2.705076336846355, "rate": 0.7170311841386036}, "datetime": {"datetime": "2024-04-09 03:00:08", "elapsed": 3.926295, "delta": 0.009736}}
{"target": -653.3358310595621, "params": {"gamma": 9.786749378778312, "prior": 2.4402025767377182, "rate": 6.6063229609300596}, "datetime": {"datetime": "2024-04-09 03:00:08", "elapsed": 3.93558, "delta": 0.009285}}
{"target": -124.94217060010433, "params": {"gamma": 0.8972173585756926, "prior": 2.1866323266614858, "rate": 5.028741010800528}, "datetime": {"datetime": "2024-04-09 03:00:08", "elapsed": 3.944141, "delta": 0.008561}}
{"target": -128.1753803352284, "params": {"gamma": 1.0504317296309502, "prior": 3.9498466866777715, "rate": 5.3803392136766695}, "datetime": {"datetime": "2024-04-09 03:00:08", "elapsed": 3.952938, "delta": 0.008797}}
{"target": -219.87837337829845, "params": {"gamma": 3.3927026446661146, "prior": 5.603412090153097, "rate": 5.368146451102699}, "datetime": {"datetime": "2024-04-09 03:00:08", "elapsed": 3.963101, "delta": 0.010163}}
{"target": -243.60804214017887, "params": {"gamma": 3.906714376870321, "prior": 6.993073822700919, "rate": 6.785146057525243}, "datetime": {"datetime": "2024-04-09 03:00:08", "elapsed": 3.971886, "delta": 0.008785}}
{"target": -364.58631224651947, "params": {"gamma": 6.8733441905945245, "prior": 5.6587634621138045, "rate": 3.5814410602153455}, "datetime": {"datetime": "2024-04-09 03:00:08", "elapsed": 3.980305, "delta": 0.008419}}
{"target": -331.3299289498964, "params": {"gamma": 6.131510241334756, "prior": 9.363789039421178, "rate": 5.969288360934786}, "datetime": {"datetime": "2024-04-09 03:00:08", "elapsed": 3.988666, "delta": 0.008361}}
{"target": -596.5777993956677, "params": {"gamma": 9.795922153419893, "prior": 4.465965542047824, "rate": 7.39638001311296}, "datetime": {"datetime": "2024-04-09 03:00:08", "elapsed": 3.999172, "delta": 0.010506}}
{"target": -126.34253550236566, "params": {"gamma": 0.3770011826173517, "prior": 7.6707937261048125, "rate": 5.1832975216877974}, "datetime": {"datetime": "2024-04-09 03:00:08", "elapsed": 4.007912, "delta": 0.00874}}
{"target": -138.9720601425723, "params": {"gamma": 0.05416001307807128, "prior": 2.8442810373477254, "rate": 5.348787492965596}, "datetime": {"datetime": "2024-04-09 03:00:08", "elapsed": 4.016449, "delta": 0.008537}}
{"target": -594.2981151914049, "params": {"gamma": 7.679860819934835, "prior": 0.6256166949799984, "rate": 5.490985385061347}, "datetime": {"datetime": "2024-04-09 03:00:08", "elapsed": 4.025398, "delta": 0.008949}}
{"target": -478.1410573467307, "params": {"gamma": 8.010144563427762, "prior": 6.530872243296941, "rate": 9.314538702914113}, "datetime": {"datetime": "2024-04-09 03:00:08", "elapsed": 4.03561, "delta": 0.010212}}
{"target": -121.69887776607901, "params": {"gamma": 0.7482397187025968, "prior": 2.8403839797458077, "rate": 9.192455805057469}, "datetime": {"datetime": "2024-04-09 03:00:08", "elapsed": 4.044337, "delta": 0.008727}}
{"target": -455.14058731388025, "params": {"gamma": 7.650286477833132, "prior": 6.037429410273777, "rate": 8.329848470226867}, "datetime": {"datetime": "2024-04-09 03:00:08", "elapsed": 4.052969, "delta": 0.008632}}
{"target": -498.51339803080054, "params": {"gamma": 8.960538872258445, "prior": 9.729931493242967, "rate": 9.98520655039097}, "datetime": {"datetime": "2024-04-09 03:00:08", "elapsed": 4.063129, "delta": 0.01016}}
{"target": -138.1100589626301, "params": {"gamma": 1.3973536875073507, "prior": 0.7983662429626219, "rate": 0.7355930769468734}, "datetime": {"datetime": "2024-04-09 03:00:08", "elapsed": 4.071989, "delta": 0.00886}}
{"target": -144.8556357088859, "params": {"gamma": 0.14842316520856935, "prior": 9.721018722481467, "rate": 0.9485743976558341}, "datetime": {"datetime": "2024-04-09 03:00:08", "elapsed": 4.080473, "delta": 0.008484}}
{"target": -442.0889781813617, "params": {"gamma": 8.417526525032311, "prior": 6.883212669386226, "rate": 4.876084117661699}, "datetime": {"datetime": "2024-04-09 03:00:08", "elapsed": 4.088964, "delta": 0.008491}}
{"target": -217.23135637464847, "params": {"gamma": 3.4676021187044235, "prior": 3.6011130919633505, "rate": 2.539134984589525}, "datetime": {"datetime": "2024-04-09 03:00:08", "elapsed": 4.099515, "delta": 0.010551}}
{"target": -746.2077275352983, "params": {"gamma": 9.110268719012566, "prior": 7.283861200399203, "rate": 0.2602320020499145}, "datetime": {"datetime": "2024-04-09 03:00:08", "elapsed": 4.108137, "delta": 0.008622}}
{"target": -340.74823786842666, "params": {"gamma": 4.615751011217899, "prior": 2.884882598114433, "rate": 0.2906328955928069}, "datetime": {"datetime": "2024-04-09 03:00:08", "elapsed": 4.116666, "delta": 0.008529}}
{"target": -442.8938442344227, "params": {"gamma": 8.846934261198635, "prior": 7.732953043751355, "rate": 3.298021057363365}, "datetime": {"datetime": "2024-04-09 03:00:08", "elapsed": 4.126041, "delta": 0.009375}}
{"target": -439.15983996016877, "params": {"gamma": 7.965789316779574, "prior": 3.3139193898096666, "rate": 3.0795165557326496}, "datetime": {"datetime": "2024-04-09 03:00:08", "elapsed": 4.13565, "delta": 0.009609}}
{"target": -467.2437708183903, "params": {"gamma": 9.281162675928762, "prior": 9.771470003263916, "rate": 5.236029491864212}, "datetime": {"datetime": "2024-04-09 03:00:08", "elapsed": 4.144307, "delta": 0.008657}}
{"target": -482.0882532264816, "params": {"gamma": 9.519399740511682, "prior": 8.891165289872, "rate": 5.180807583382493}, "datetime": {"datetime": "2024-04-09 03:00:08", "elapsed": 4.153083, "delta": 0.008776}}
{"target": -226.74516254218304, "params": {"gamma": 3.728115272172759, "prior": 7.132510325364133, "rate": 4.5569786029958985}, "datetime": {"datetime": "2024-04-09 03:00:08", "elapsed": 4.163367, "delta": 0.010284}}
{"target": -335.68477079314147, "params": {"gamma": 6.052523738337006, "prior": 9.905021349210472, "rate": 7.739388583314729}, "datetime": {"datetime": "2024-04-09 03:00:08", "elapsed": 4.172239, "delta": 0.008872}}
{"target": -235.92980637891486, "params": {"gamma": 3.343429773533269, "prior": 0.9810823861415419, "rate": 1.8498709971938052}, "datetime": {"datetime": "2024-04-09 03:00:08", "elapsed": 4.180715, "delta": 0.008476}}
{"target": -342.98108020576103, "params": {"gamma": 5.2689919070424525, "prior": 4.229313939257894, "rate": 8.006795921634268}, "datetime": {"datetime": "2024-04-09 03:00:08", "elapsed": 4.189295, "delta": 0.00858}}
{"target": -674.8391910016835, "params": {"gamma": 9.332090179528631, "prior": 1.8608610047183507, "rate": 8.600807641991286}, "datetime": {"datetime": "2024-04-09 03:00:08", "elapsed": 4.19981, "delta": 0.010515}}
{"target": -773.481011257895, "params": {"gamma": 9.57399186834036, "prior": 9.598759007812843, "rate": 0.37958801461658453}, "datetime": {"datetime": "2024-04-09 03:00:08", "elapsed": 4.20844, "delta": 0.00863}}
{"target": -120.08704665325222, "params": {"gamma": 0.576777472576129, "prior": 0.15739418988512105, "rate": 3.127498880398609}, "datetime": {"datetime": "2024-04-09 03:00:09", "elapsed": 4.216983, "delta": 0.008543}}
{"target": -120.5385230363047, "params": {"gamma": 0.5579284287083343, "prior": 3.0092386061583873, "rate": 3.5608088438258343}, "datetime": {"datetime": "2024-04-09 03:00:09", "elapsed": 4.22706, "delta": 0.010077}}
{"target": -482.38872023195484, "params": {"gamma": 9.536816507720744, "prior": 4.821814132619101, "rate": 2.783106185770882}, "datetime": {"datetime": "2024-04-09 03:00:09", "elapsed": 4.235847, "delta": 0.008787}}
{"target": -323.28044464814957, "params": {"gamma": 5.030548945314497, "prior": 6.469243454026442, "rate": 1.1133454800017826}, "datetime": {"datetime": "2024-04-09 03:00:09", "elapsed": 4.244473, "delta": 0.008626}}
{"target": -424.4237422752074, "params": {"gamma": 7.580858519672953, "prior": 8.534263135744226, "rate": 8.442654345834713}, "datetime": {"datetime": "2024-04-09 03:00:09", "elapsed": 4.253348, "delta": 0.008875}}
{"target": -506.0231127935419, "params": {"gamma": 8.905177817288482, "prior": 3.8802397278820355, "rate": 4.438608178466819}, "datetime": {"datetime": "2024-04-09 03:00:09", "elapsed": 4.263584, "delta": 0.010236}}
{"target": -131.01925819989745, "params": {"gamma": 1.0167131779857155, "prior": 2.335488532069228, "rate": 9.713233372262836}, "datetime": {"datetime": "2024-04-09 03:00:09", "elapsed": 4.272426, "delta": 0.008842}}
{"target": -196.21672626132772, "params": {"gamma": 2.8469550657183857, "prior": 9.083221808185874, "rate": 8.905632311496733}, "datetime": {"datetime": "2024-04-09 03:00:09", "elapsed": 4.28075, "delta": 0.008324}}
{"target": -678.9017559259639, "params": {"gamma": 9.225122468106674, "prior": 1.645880687963868, "rate": 8.797341712870308}, "datetime": {"datetime": "2024-04-09 03:00:09", "elapsed": 4.289285, "delta": 0.008535}}
{"target": -391.4703860636403, "params": {"gamma": 6.320317509680909, "prior": 2.1852189663461443, "rate": 3.4518140318860318}, "datetime": {"datetime": "2024-04-09 03:00:09", "elapsed": 4.299652, "delta": 0.010367}}
{"target": -161.2234807404666, "params": {"gamma": 1.6000279671042428, "prior": 4.499046758716659, "rate": 0.8386657635007598}, "datetime": {"datetime": "2024-04-09 03:00:09", "elapsed": 4.308415, "delta": 0.008763}}
{"target": -158.68258426772863, "params": {"gamma": 1.654019586311918, "prior": 2.052243830020026, "rate": 6.910582388225486}, "datetime": {"datetime": "2024-04-09 03:00:09", "elapsed": 4.316806, "delta": 0.008391}}
{"target": -322.056745100125, "params": {"gamma": 5.738454888784365, "prior": 8.745899026963649, "rate": 2.447096023126362}, "datetime": {"datetime": "2024-04-09 03:00:09", "elapsed": 4.326484, "delta": 0.009678}}
{"target": -499.74185066764403, "params": {"gamma": 6.296449959232413, "prior": 0.4408695265402466, "rate": 5.162468412309614}, "datetime": {"datetime": "2024-04-09 03:00:09", "elapsed": 4.336105, "delta": 0.009621}}
{"target": -781.517681021002, "params": {"gamma": 8.632401590656782, "prior": 9.842852784460677, "rate": 0.09971988061382621}, "datetime": {"datetime": "2024-04-09 03:00:09", "elapsed": 4.344893, "delta": 0.008788}}
{"target": -193.7326881233129, "params": {"gamma": 2.5291619792860742, "prior": 2.316111736242501, "rate": 0.4763284046833772}, "datetime": {"datetime": "2024-04-09 03:00:09", "elapsed": 4.353964, "delta": 0.009071}}
{"target": -144.7582384520204, "params": {"gamma": 0.10271439016149476, "prior": 4.952933591217894, "rate": 0.4557759745572704}, "datetime": {"datetime": "2024-04-09 03:00:09", "elapsed": 4.364122, "delta": 0.010158}}
{"target": -187.79264284049418, "params": {"gamma": 2.784002980338173, "prior": 6.435748234178231, "rate": 2.9476257235674814}, "datetime": {"datetime": "2024-04-09 03:00:09", "elapsed": 4.373009, "delta": 0.008887}}
{"target": -184.8062442297463, "params": {"gamma": 2.6972773568893555, "prior": 5.946410570211314, "rate": 3.805960238019191}, "datetime": {"datetime": "2024-04-09 03:00:09", "elapsed": 4.381618, "delta": 0.008609}}
{"target": -413.9354219443327, "params": {"gamma": 7.025527816580048, "prior": 5.011627117373624, "rate": 6.33245944879897}, "datetime": {"datetime": "2024-04-09 03:00:09", "elapsed": 4.390159, "delta": 0.008541}}
{"target": -217.23695599987596, "params": {"gamma": 3.5345900756692927, "prior": 2.9417350669395357, "rate": 1.3329379303972684}, "datetime": {"datetime": "2024-04-09 03:00:09", "elapsed": 4.400355, "delta": 0.010196}}
{"target": -532.6400891781724, "params": {"gamma": 9.370866767604843, "prior": 8.067874875556367, "rate": 9.380347403020368}, "datetime": {"datetime": "2024-04-09 03:00:09", "elapsed": 4.409082, "delta": 0.008727}}
{"target": -155.216806750253, "params": {"gamma": 1.8546198659533752, "prior": 9.338242051949933, "rate": 9.357596323713638}, "datetime": {"datetime": "2024-04-09 03:00:09", "elapsed": 4.417503, "delta": 0.008421}}
{"target": -210.38370393999537, "params": {"gamma": 2.8361615915229414, "prior": 2.8188790593962434, "rate": 5.514764305160052}, "datetime": {"datetime": "2024-04-09 03:00:09", "elapsed": 4.427201, "delta": 0.009698}}
{"target": -154.7214467225398, "params": {"gamma": 1.8537071044461548, "prior": 4.476800995204981, "rate": 1.8539911417309063}, "datetime": {"datetime": "2024-04-09 03:00:09", "elapsed": 4.436224, "delta": 0.009023}}
{"target": -595.3269611975519, "params": {"gamma": 9.473811803621638, "prior": 4.988864109161748, "rate": 9.639213756472554}, "datetime": {"datetime": "2024-04-09 03:00:09", "elapsed": 4.444818, "delta": 0.008594}}
{"target": -414.8858845167026, "params": {"gamma": 6.449771783449607, "prior": 4.894726153020617, "rate": 9.676984764366013}, "datetime": {"datetime": "2024-04-09 03:00:09", "elapsed": 4.453395, "delta": 0.008577}}
{"target": -139.7477621837184, "params": {"gamma": 1.4327546273059197, "prior": 6.360065759198316, "rate": 6.6192217900001395}, "datetime": {"datetime": "2024-04-09 03:00:09", "elapsed": 4.46355, "delta": 0.010155}}
{"target": -339.9686512920992, "params": {"gamma": 4.3389644317001075, "prior": 0.6876365308556791, "rate": 4.927733289059168}, "datetime": {"datetime": "2024-04-09 03:00:09", "elapsed": 4.472346, "delta": 0.008796}}
{"target": -269.14618939003145, "params": {"gamma": 4.651874301237257, "prior": 8.08679342667115, "rate": 2.5673532385398095}, "datetime": {"datetime": "2024-04-09 03:00:09", "elapsed": 4.480974, "delta": 0.008628}}
{"target": -280.82466256149905, "params": {"gamma": 3.914912199479702, "prior": 2.4777048514916347, "rate": 6.864747708308469}, "datetime": {"datetime": "2024-04-09 03:00:09", "elapsed": 4.489528, "delta": 0.008554}}
{"target": -711.3118807281212, "params": {"gamma": 9.898844649917818, "prior": 1.856552414995793, "rate": 8.214645955522746}, "datetime": {"datetime": "2024-04-09 03:00:09", "elapsed": 4.500065, "delta": 0.010537}}
