{"target": -74.28437644945744, "params": {"p_ai": 4.036824289622301, "p_al": 0.6069375019805211, "p_ex": 1.789668289049935, "prior": 7.359452519624915, "rate": 5.66173735456015}, "datetime": {"datetime": "2024-03-29 10:31:33", "elapsed": 102.643978, "delta": 0.105297}}
{"target": -53.38215904746572, "params": {"p_ai": 8.232546464042965, "p_al": 5.011999831149711, "p_ex": 7.678856294339033, "prior": 5.099670086770199, "rate": 5.681122236748865}, "datetime": {"datetime": "2024-03-29 10:31:33", "elapsed": 102.749231, "delta": 0.105253}}
{"target": -101.21721753895514, "params": {"p_ai": 1.8469950250075597, "p_al": 5.444465844143353, "p_ex": 2.0111304539680037, "prior": 5.562635501797696, "rate": 1.4152709353449207}, "datetime": {"datetime": "2024-03-29 10:31:33", "elapsed": 102.853981, "delta": 0.10475}}
{"target": -100.01224923727577, "params": {"p_ai": 1.860913882924621, "p_al": 7.648074817970597, "p_ex": 0.7097917708485983, "prior": 3.693767142270499, "rate": 8.77890231116656}, "datetime": {"datetime": "2024-03-29 10:31:33", "elapsed": 102.959667, "delta": 0.105686}}
{"target": -116.61279252481845, "params": {"p_ai": 1.0442696607468924, "p_al": 3.592172999392244, "p_ex": 1.1404897156144356, "prior": 8.765531034947044, "rate": 1.2632448916905008}, "datetime": {"datetime": "2024-03-29 10:31:33", "elapsed": 103.065383, "delta": 0.105716}}
{"target": -76.3794242557264, "params": {"p_ai": 2.5463005229193905, "p_al": 4.219641618837235, "p_ex": 6.652894921984129, "prior": 3.4477083901724783, "rate": 2.135803151301911}, "datetime": {"datetime": "2024-03-29 10:31:34", "elapsed": 103.169732, "delta": 0.104349}}
{"target": -62.34375565893935, "params": {"p_ai": 3.734477672558837, "p_al": 5.710675237020803, "p_ex": 9.907522742580955, "prior": 3.2723245929378826, "rate": 3.6226711604734505}, "datetime": {"datetime": "2024-03-29 10:31:34", "elapsed": 103.275448, "delta": 0.105716}}
{"target": -63.14558614270902, "params": {"p_ai": 7.062646301466503, "p_al": 2.9900579784113206, "p_ex": 3.497657509767646, "prior": 9.947082647057805, "rate": 6.043069520448973}, "datetime": {"datetime": "2024-03-29 10:31:34", "elapsed": 103.380167, "delta": 0.104719}}
{"target": -71.88892997292896, "params": {"p_ai": 8.28827913958632, "p_al": 0.3176252391757072, "p_ex": 1.4557567070423627, "prior": 7.2775552138753135, "rate": 5.397899711964559}, "datetime": {"datetime": "2024-03-29 10:31:34", "elapsed": 103.485884, "delta": 0.105717}}
{"target": -55.131706975823384, "params": {"p_ai": 9.952649800093342, "p_al": 4.956800964848641, "p_ex": 3.8416545812104723, "prior": 1.9445456383363844, "rate": 5.902074279216289}, "datetime": {"datetime": "2024-03-29 10:31:34", "elapsed": 103.591154, "delta": 0.10527}}
{"target": -180.87504411613043, "params": {"p_ai": 7.666485240265026, "p_al": 9.244467433023058, "p_ex": 1.3771206367777737, "prior": 0.08189114312752561, "rate": 4.780126931726139}, "datetime": {"datetime": "2024-03-29 10:31:34", "elapsed": 103.698865, "delta": 0.107711}}
{"target": -71.05349213844453, "params": {"p_ai": 1.830292914982966, "p_al": 6.103775776452777, "p_ex": 6.203072776459787, "prior": 4.096892220528767, "rate": 6.772375433611433}, "datetime": {"datetime": "2024-03-29 10:31:34", "elapsed": 103.804582, "delta": 0.105717}}
{"target": -104.13607670089166, "params": {"p_ai": 1.997506020536704, "p_al": 8.086011222867347, "p_ex": 0.5043465023721727, "prior": 1.7194467246754197, "rate": 9.806042588376602}, "datetime": {"datetime": "2024-03-29 10:31:34", "elapsed": 103.910298, "delta": 0.105716}}
{"target": -53.502985024491196, "params": {"p_ai": 9.003871416888757, "p_al": 9.397350482215943, "p_ex": 9.084534489161134, "prior": 4.414730582333611, "rate": 9.38810223223617}, "datetime": {"datetime": "2024-03-29 10:31:34", "elapsed": 104.016015, "delta": 0.105717}}
{"target": -65.9791776386983, "params": {"p_ai": 2.374897217223815, "p_al": 0.4960936050759842, "p_ex": 5.573083480654817, "prior": 3.133889031009968, "rate": 5.321241086655658}, "datetime": {"datetime": "2024-03-29 10:31:34", "elapsed": 104.121396, "delta": 0.105381}}
{"target": -71.39857000627191, "params": {"p_ai": 4.716614085966288, "p_al": 4.831840962748342, "p_ex": 5.701205216020305, "prior": 9.234499334273318, "rate": 2.362688743098965}, "datetime": {"datetime": "2024-03-29 10:31:35", "elapsed": 104.226115, "delta": 0.104719}}
{"target": -84.36047735743205, "params": {"p_ai": 8.76092541084365, "p_al": 7.338620497153172, "p_ex": 0.793028419268005, "prior": 8.35403947254459, "rate": 3.977042541433784}, "datetime": {"datetime": "2024-03-29 10:31:35", "elapsed": 104.330834, "delta": 0.104719}}
{"target": -69.72580346906888, "params": {"p_ai": 3.358045360101825, "p_al": 0.004929638918432948, "p_ex": 2.4588060546759145, "prior": 6.879775552325568, "rate": 8.511875178501727}, "datetime": {"datetime": "2024-03-29 10:31:35", "elapsed": 104.436551, "delta": 0.105717}}
{"target": -86.96201119558339, "params": {"p_ai": 2.411253644225826, "p_al": 3.710026765329585, "p_ex": 1.5050829543145978, "prior": 8.035198140908488, "rate": 7.170520210321555}, "datetime": {"datetime": "2024-03-29 10:31:35", "elapsed": 104.54127, "delta": 0.104719}}
{"target": -56.51918410607941, "params": {"p_ai": 7.005081395607865, "p_al": 6.788866386536979, "p_ex": 8.920557995853095, "prior": 8.830426892992689, "rate": 6.254053116944359}, "datetime": {"datetime": "2024-03-29 10:31:35", "elapsed": 104.647101, "delta": 0.105831}}
{"target": -93.81538643956891, "params": {"p_ai": 2.888494992021912, "p_al": 4.031624750430216, "p_ex": 0.29054354730172277, "prior": 9.164923656007396, "rate": 6.874789890986447}, "datetime": {"datetime": "2024-03-29 10:31:35", "elapsed": 104.75182, "delta": 0.104719}}
{"target": -55.428770876490994, "params": {"p_ai": 9.08180006447146, "p_al": 3.021569284048893, "p_ex": 9.448319713154849, "prior": 8.640447686233587, "rate": 8.860241578122423}, "datetime": {"datetime": "2024-03-29 10:31:35", "elapsed": 104.857537, "delta": 0.105717}}
{"target": -138.71263881309272, "params": {"p_ai": 0.0024131607540603924, "p_al": 3.773024949034168, "p_ex": 1.2241305975352685, "prior": 9.328146256783993, "rate": 5.137558817898313}, "datetime": {"datetime": "2024-03-29 10:31:35", "elapsed": 104.963253, "delta": 0.105716}}
{"target": -53.133873499995076, "params": {"p_ai": 4.893874797855624, "p_al": 4.869724747174828, "p_ex": 5.703348718331128, "prior": 5.445530591045077, "rate": 9.171191497772435}, "datetime": {"datetime": "2024-03-29 10:31:35", "elapsed": 105.067972, "delta": 0.104719}}
{"target": -80.60930432403164, "params": {"p_ai": 8.843961080725371, "p_al": 7.83740887369155, "p_ex": 3.227950630409935, "prior": 7.8445897782918435, "rate": 1.4527095656428062}, "datetime": {"datetime": "2024-03-29 10:31:36", "elapsed": 105.173343, "delta": 0.105371}}
{"target": -56.140506337238136, "params": {"p_ai": 8.602401775503456, "p_al": 7.730224416470844, "p_ex": 7.7598953885519135, "prior": 5.287458244919481, "rate": 4.502403481540989}, "datetime": {"datetime": "2024-03-29 10:31:36", "elapsed": 105.279059, "delta": 0.105716}}
{"target": -69.81884489455194, "params": {"p_ai": 2.267088295432349, "p_al": 8.086973092518448, "p_ex": 9.659325036522198, "prior": 5.435776190031357, "rate": 9.022172363016855}, "datetime": {"datetime": "2024-03-29 10:31:36", "elapsed": 105.386771, "delta": 0.107712}}
{"target": -86.99754053509656, "params": {"p_ai": 2.824222069304223, "p_al": 5.1780347582439115, "p_ex": 3.282297731662208, "prior": 9.918019790908655, "rate": 2.503916201575952}, "datetime": {"datetime": "2024-03-29 10:31:36", "elapsed": 105.492487, "delta": 0.105716}}
{"target": -76.601816911745, "params": {"p_ai": 0.9849823630854636, "p_al": 9.940379659168363, "p_ex": 6.9224566172976845, "prior": 2.9935576246966304, "rate": 9.088573077112654}, "datetime": {"datetime": "2024-03-29 10:31:40", "elapsed": 110.125835, "delta": 4.633348}}
{"target": -66.34469913876296, "params": {"p_ai": 1.5434233150759118, "p_al": 8.368381196292471, "p_ex": 7.484732821497403, "prior": 1.7470779431787573, "rate": 8.979028769172396}, "datetime": {"datetime": "2024-03-29 10:31:45", "elapsed": 114.836657, "delta": 4.710822}}
{"target": -86.18949256998035, "params": {"p_ai": 9.531902927700871, "p_al": 9.672410763744061, "p_ex": 3.111125480987697, "prior": 1.7704904429751942, "rate": 3.214169497984693}, "datetime": {"datetime": "2024-03-29 10:31:52", "elapsed": 121.946856, "delta": 7.110199}}
{"target": -88.81283144241868, "params": {"p_ai": 0.28949061319627156, "p_al": 8.236478692591211, "p_ex": 7.485208204733065, "prior": 1.5348074168143877, "rate": 4.879727829250071}, "datetime": {"datetime": "2024-03-29 10:31:56", "elapsed": 125.611809, "delta": 3.664953}}
{"target": -53.51911061438616, "params": {"p_ai": 3.670434578462217, "p_al": 6.061501199100037, "p_ex": 7.49437290768563, "prior": 0.8341776830375742, "rate": 7.651856904609464}, "datetime": {"datetime": "2024-03-29 10:32:00", "elapsed": 129.298451, "delta": 3.686642}}
{"target": -63.1054820553817, "params": {"p_ai": 3.569667010808831, "p_al": 7.259510593447007, "p_ex": 4.310331062196514, "prior": 1.3984183516518405, "rate": 4.506135152174239}, "datetime": {"datetime": "2024-03-29 10:32:04", "elapsed": 133.273125, "delta": 3.974674}}
{"target": -53.69273581396016, "params": {"p_ai": 4.475179852911768, "p_al": 5.085240077460356, "p_ex": 4.126794347964381, "prior": 0.4784769425039584, "rate": 9.296658030541105}, "datetime": {"datetime": "2024-03-29 10:32:07", "elapsed": 136.618364, "delta": 3.345239}}
{"target": -52.71480295823325, "params": {"p_ai": 3.734018238629331, "p_al": 9.710733541333546, "p_ex": 6.253522918329532, "prior": 2.066273321953669, "rate": 9.895251657510876}, "datetime": {"datetime": "2024-03-29 10:32:11", "elapsed": 140.129795, "delta": 3.511431}}
{"target": -56.927408450493, "params": {"p_ai": 6.6897048256925755, "p_al": 8.722242996823786, "p_ex": 9.994850668621735, "prior": 3.126487872715994, "rate": 4.089570062706154}, "datetime": {"datetime": "2024-03-29 10:32:14", "elapsed": 143.638528, "delta": 3.508733}}
{"target": -76.59819325875853, "params": {"p_ai": 9.980736704878806, "p_al": 7.695646111069098, "p_ex": 3.6979074860424404, "prior": 2.127445492066475, "rate": 2.5750608177679557}, "datetime": {"datetime": "2024-03-29 10:32:17", "elapsed": 146.878664, "delta": 3.240136}}
{"target": -56.39529811434046, "params": {"p_ai": 9.800957361920483, "p_al": 6.386440213312017, "p_ex": 9.837697247337577, "prior": 1.9774059183089057, "rate": 3.253516910685264}, "datetime": {"datetime": "2024-03-29 10:32:21", "elapsed": 150.247074, "delta": 3.36841}}
{"target": -65.84584735281135, "params": {"p_ai": 2.2458334423646704, "p_al": 6.587032525499894, "p_ex": 10.0, "prior": 2.7595424649385483, "rate": 9.649508641014972}, "datetime": {"datetime": "2024-03-29 10:32:24", "elapsed": 153.761182, "delta": 3.514108}}
{"target": -82.3422537942793, "params": {"p_ai": 0.5422426792408108, "p_al": 9.817474321197755, "p_ex": 7.7348931723081265, "prior": 0.6826527313943154, "rate": 9.634531369678053}, "datetime": {"datetime": "2024-03-29 10:32:30", "elapsed": 159.268068, "delta": 5.506886}}
{"target": -49.51843237737587, "params": {"p_ai": 10.0, "p_al": 4.317365190857048, "p_ex": 5.120216725020427, "prior": 1.409424932160996, "rate": 9.833940144880897}, "datetime": {"datetime": "2024-03-29 10:32:33", "elapsed": 162.887626, "delta": 3.619558}}
{"target": -50.73739411035688, "params": {"p_ai": 9.811261751258806, "p_al": 3.1421270016686207, "p_ex": 7.173808325424422, "prior": 0.935625925627545, "rate": 4.450658140145787}, "datetime": {"datetime": "2024-03-29 10:32:37", "elapsed": 166.910194, "delta": 4.022568}}
{"target": -51.193804982550276, "params": {"p_ai": 9.754199495728477, "p_al": 10.0, "p_ex": 6.648381208177837, "prior": 2.403935375036785, "rate": 9.421862816065362}, "datetime": {"datetime": "2024-03-29 10:32:43", "elapsed": 172.480337, "delta": 5.570143}}
{"target": -100.62425443805064, "params": {"p_ai": 0.001, "p_al": 9.626720326287725, "p_ex": 6.582146381863309, "prior": 2.6229007500021875, "rate": 5.887155519160686}, "datetime": {"datetime": "2024-03-29 10:32:48", "elapsed": 177.181909, "delta": 4.701572}}
{"target": -53.95282050858746, "params": {"p_ai": 10.0, "p_al": 8.080213467576412, "p_ex": 8.406008435850033, "prior": 1.1692006889348736, "rate": 8.628784970315026}, "datetime": {"datetime": "2024-03-29 10:32:54", "elapsed": 183.857447, "delta": 6.675538}}
{"target": -124.3235512808536, "params": {"p_ai": 10.0, "p_al": 2.9228709366086782, "p_ex": 6.680909090418515, "prior": 0.023472082866985808, "rate": 7.847135621046729}, "datetime": {"datetime": "2024-03-29 10:32:59", "elapsed": 188.492798, "delta": 4.635351}}
{"target": -51.88513836293483, "params": {"p_ai": 7.602256128739016, "p_al": 10.0, "p_ex": 7.0417543819751565, "prior": 2.858617613125549, "rate": 7.292362958836147}, "datetime": {"datetime": "2024-03-29 10:33:03", "elapsed": 192.132575, "delta": 3.639777}}
{"target": -50.43448185812498, "params": {"p_ai": 6.895657451772553, "p_al": 0.001, "p_ex": 6.494593103880133, "prior": 2.508752134349429, "rate": 10.0}, "datetime": {"datetime": "2024-03-29 10:33:08", "elapsed": 197.509722, "delta": 5.377147}}
{"target": -55.457981573862284, "params": {"p_ai": 8.168088579610915, "p_al": 3.5329185483601657, "p_ex": 10.0, "prior": 1.1247164134214407, "rate": 4.669266852152431}, "datetime": {"datetime": "2024-03-29 10:33:14", "elapsed": 203.428469, "delta": 5.918747}}
{"target": -51.65367181999318, "params": {"p_ai": 9.273292557910708, "p_al": 7.1758293520027685, "p_ex": 5.736787776914897, "prior": 0.7510783147212227, "rate": 10.0}, "datetime": {"datetime": "2024-03-29 10:33:20", "elapsed": 209.566273, "delta": 6.137804}}
{"target": -53.661462816049564, "params": {"p_ai": 4.072205016481046, "p_al": 7.318851861463935, "p_ex": 8.411723723234939, "prior": 2.0092174084543246, "rate": 8.379426961466542}, "datetime": {"datetime": "2024-03-29 10:33:24", "elapsed": 213.23552, "delta": 3.669247}}
{"target": -56.78351658961348, "params": {"p_ai": 3.412293878896123, "p_al": 9.962040456428786, "p_ex": 4.977641353176466, "prior": 2.9716258065184817, "rate": 9.122728831603622}, "datetime": {"datetime": "2024-03-29 10:33:28", "elapsed": 217.417357, "delta": 4.181837}}
{"target": -55.285565077934784, "params": {"p_ai": 6.786071949708343, "p_al": 4.603980431481842, "p_ex": 10.0, "prior": 3.488378787229214, "rate": 6.507540017807245}, "datetime": {"datetime": "2024-03-29 10:33:32", "elapsed": 221.621648, "delta": 4.204291}}
{"target": -50.776506059453695, "params": {"p_ai": 7.035901372405181, "p_al": 0.001, "p_ex": 6.57262770099928, "prior": 0.45334652775696016, "rate": 4.571931341602069}, "datetime": {"datetime": "2024-03-29 10:33:36", "elapsed": 225.802276, "delta": 4.180628}}
{"target": -53.00688580073115, "params": {"p_ai": 9.081216487638036, "p_al": 0.5420656799369412, "p_ex": 8.220711577689384, "prior": 1.3083578038392487, "rate": 2.95847125751403}, "datetime": {"datetime": "2024-03-29 10:33:40", "elapsed": 229.772874, "delta": 3.970598}}
{"target": -53.8916139175024, "params": {"p_ai": 10.0, "p_al": 6.329477658656752, "p_ex": 5.667507277299074, "prior": 9.015466948544175, "rate": 10.0}, "datetime": {"datetime": "2024-03-29 10:33:44", "elapsed": 233.49163, "delta": 3.718756}}
{"target": -49.342291406783865, "params": {"p_ai": 5.807839815257429, "p_al": 6.1919338034545195, "p_ex": 5.202299192679371, "prior": 2.277875166605074, "rate": 10.0}, "datetime": {"datetime": "2024-03-29 10:33:48", "elapsed": 237.511236, "delta": 4.019606}}
{"target": -54.56315266604044, "params": {"p_ai": 10.0, "p_al": 1.3473003455979597, "p_ex": 8.840526641742468, "prior": 5.082949002546821, "rate": 10.0}, "datetime": {"datetime": "2024-03-29 10:33:52", "elapsed": 241.209724, "delta": 3.698488}}
{"target": -52.25374500290974, "params": {"p_ai": 10.0, "p_al": 7.516170318622999, "p_ex": 7.280078718366851, "prior": 6.443667234062246, "rate": 10.0}, "datetime": {"datetime": "2024-03-29 10:33:55", "elapsed": 245.079243, "delta": 3.869519}}
{"target": -56.3896704761272, "params": {"p_ai": 10.0, "p_al": 2.8425685860711463, "p_ex": 8.933359726171934, "prior": 10.0, "rate": 5.984156072161026}, "datetime": {"datetime": "2024-03-29 10:34:03", "elapsed": 252.393219, "delta": 7.313976}}
{"target": -55.298614609247345, "params": {"p_ai": 10.0, "p_al": 7.349481340414064, "p_ex": 7.183383440153022, "prior": 10.0, "rate": 7.714728838235831}, "datetime": {"datetime": "2024-03-29 10:34:08", "elapsed": 257.843422, "delta": 5.450203}}
{"target": -56.01808977254898, "params": {"p_ai": 10.0, "p_al": 8.325703915682286, "p_ex": 9.967384456618731, "prior": 6.995637959344397, "rate": 7.549142948205749}, "datetime": {"datetime": "2024-03-29 10:34:13", "elapsed": 262.935032, "delta": 5.09161}}
{"target": -58.24119627668413, "params": {"p_ai": 8.026487733420675, "p_al": 2.2939772708511206, "p_ex": 9.747981243399787, "prior": 7.803735831558163, "rate": 3.584998324493408}, "datetime": {"datetime": "2024-03-29 10:34:17", "elapsed": 266.703053, "delta": 3.768021}}
{"target": -56.85605940421664, "params": {"p_ai": 8.40879197446614, "p_al": 0.001, "p_ex": 9.981707504604582, "prior": 4.369923786226482, "rate": 3.5055714692212008}, "datetime": {"datetime": "2024-03-29 10:34:23", "elapsed": 272.827326, "delta": 6.124273}}
{"target": -55.632568137965286, "params": {"p_ai": 8.333090190974467, "p_al": 8.93009199232618, "p_ex": 9.933556313171735, "prior": 8.825276460970677, "rate": 9.998738213366728}, "datetime": {"datetime": "2024-03-29 10:34:31", "elapsed": 280.304172, "delta": 7.476846}}
{"target": -54.26841920056074, "params": {"p_ai": 10.0, "p_al": 10.0, "p_ex": 7.487075071433298, "prior": 7.404414580959222, "rate": 7.989556647902234}, "datetime": {"datetime": "2024-03-29 10:34:35", "elapsed": 285.118075, "delta": 4.813903}}
{"target": -977.198453304505, "params": {"p_ai": 8.650034987294891, "p_al": 10.0, "p_ex": 6.552970295138817, "prior": 0.001, "rate": 8.985807664101701}, "datetime": {"datetime": "2024-03-29 10:34:41", "elapsed": 291.117257, "delta": 5.999182}}
{"target": -51.27422072455574, "params": {"p_ai": 10.0, "p_al": 9.56686699528834, "p_ex": 6.521290196298752, "prior": 3.7230867912333707, "rate": 9.628718469518365}, "datetime": {"datetime": "2024-03-29 10:34:46", "elapsed": 295.893759, "delta": 4.776502}}
{"target": -57.56333095093105, "params": {"p_ai": 10.0, "p_al": 8.31704383760384, "p_ex": 3.428190551275945, "prior": 1.9436835523599854, "rate": 9.146031755088126}, "datetime": {"datetime": "2024-03-29 10:34:54", "elapsed": 303.278791, "delta": 7.385032}}
{"target": -52.368741186433304, "params": {"p_ai": 10.0, "p_al": 8.322989957365847, "p_ex": 8.057718884342066, "prior": 2.7446609441555654, "rate": 7.53753477347567}, "datetime": {"datetime": "2024-03-29 10:34:59", "elapsed": 308.505056, "delta": 5.226265}}
{"target": -49.908671077028714, "params": {"p_ai": 6.035938950399164, "p_al": 8.293024115229729, "p_ex": 6.143723089631531, "prior": 2.455246366244172, "rate": 9.038031575400467}, "datetime": {"datetime": "2024-03-29 10:35:06", "elapsed": 316.021854, "delta": 7.516798}}
{"target": -54.44903234836828, "params": {"p_ai": 10.0, "p_al": 6.910386421437005, "p_ex": 9.100777346685668, "prior": 1.878537007346938, "rate": 9.771060534251728}, "datetime": {"datetime": "2024-03-29 10:35:11", "elapsed": 320.90933, "delta": 4.887476}}
{"target": -50.56183368890889, "params": {"p_ai": 8.112036134986019, "p_al": 5.843628516442041, "p_ex": 4.55835969900898, "prior": 2.7256244347213774, "rate": 9.935642225782654}, "datetime": {"datetime": "2024-03-29 10:35:19", "elapsed": 328.276518, "delta": 7.367188}}
{"target": -49.63013298132251, "params": {"p_ai": 7.655680878411326, "p_al": 7.1984858968583865, "p_ex": 6.893758392271785, "prior": 2.308126555921958, "rate": 10.0}, "datetime": {"datetime": "2024-03-29 10:35:24", "elapsed": 333.47, "delta": 5.193482}}
{"target": -53.473052369036644, "params": {"p_ai": 8.923155870619633, "p_al": 5.90653794249077, "p_ex": 4.352910552253636, "prior": 0.49718675651645106, "rate": 10.0}, "datetime": {"datetime": "2024-03-29 10:35:30", "elapsed": 339.816593, "delta": 6.346593}}
{"target": -54.9416624544069, "params": {"p_ai": 9.85117331478109, "p_al": 8.304994984323878, "p_ex": 6.827409199799403, "prior": 1.571306374139943, "rate": 4.7046149431214355}, "datetime": {"datetime": "2024-03-29 10:35:35", "elapsed": 344.732473, "delta": 4.91588}}
{"target": -55.55759660978356, "params": {"p_ai": 8.530388587168662, "p_al": 9.637110832557772, "p_ex": 5.843145655058928, "prior": 4.020907804379784, "rate": 5.87130247155563}, "datetime": {"datetime": "2024-03-29 10:35:46", "elapsed": 355.8514, "delta": 11.118927}}
{"target": -55.876777680127056, "params": {"p_ai": 6.689649821036846, "p_al": 9.982484705996919, "p_ex": 9.85020275632106, "prior": 6.627662340583034, "rate": 7.606968465630624}, "datetime": {"datetime": "2024-03-29 10:35:55", "elapsed": 364.830502, "delta": 8.979102}}
{"target": -53.17186282118181, "params": {"p_ai": 6.753666529934516, "p_al": 10.0, "p_ex": 6.343916740262729, "prior": 4.901570450106449, "rate": 7.641425583934416}, "datetime": {"datetime": "2024-03-29 10:36:03", "elapsed": 372.691334, "delta": 7.860832}}
{"target": -53.06891098419179, "params": {"p_ai": 10.0, "p_al": 10.0, "p_ex": 5.950339204493954, "prior": 3.2677567795006026, "rate": 7.611046213328657}, "datetime": {"datetime": "2024-03-29 10:36:09", "elapsed": 378.974109, "delta": 6.282775}}
{"target": -55.58544205912104, "params": {"p_ai": 5.260725400856765, "p_al": 9.937017337431167, "p_ex": 4.203544161610852, "prior": 1.6785926384585292, "rate": 8.823672854966068}, "datetime": {"datetime": "2024-03-29 10:36:16", "elapsed": 385.339258, "delta": 6.365149}}
{"target": -57.17379667387562, "params": {"p_ai": 10.0, "p_al": 2.8828811812359323, "p_ex": 10.0, "prior": 4.403760264694733, "rate": 2.894319230664735}, "datetime": {"datetime": "2024-03-29 10:36:19", "elapsed": 388.764572, "delta": 3.425314}}
