{"target": -444.5256337448471, "params": {"gamma": 6.557951918265758, "prior": 9.60793176737818, "rate": 0.03654404988379601}, "datetime": {"datetime": "2024-04-12 20:03:27", "elapsed": 4.770521, "delta": 0.008089}}
{"target": -622.3358059657236, "params": {"gamma": 7.233887082898668, "prior": 1.1790508359034728, "rate": 5.438331129146589}, "datetime": {"datetime": "2024-04-12 20:03:27", "elapsed": 4.778495, "delta": 0.007974}}
{"target": -521.6197243812276, "params": {"gamma": 6.269533250786666, "prior": 2.5051765451309316, "rate": 9.138524908590835}, "datetime": {"datetime": "2024-04-12 20:03:28", "elapsed": 4.78655, "delta": 0.008055}}
{"target": -505.96631796514663, "params": {"gamma": 6.223502974387487, "prior": 2.393777444809113, "rate": 7.701551743810476}, "datetime": {"datetime": "2024-04-12 20:03:28", "elapsed": 4.794471, "delta": 0.007921}}
{"target": -154.19202542995032, "params": {"gamma": 1.0559652928933503, "prior": 5.596730653460311, "rate": 0.9504657419551125}, "datetime": {"datetime": "2024-04-12 20:03:28", "elapsed": 4.802488, "delta": 0.008017}}
{"target": -450.9167473483998, "params": {"gamma": 5.810259742677521, "prior": 2.604503115929865, "rate": 6.495018612739509}, "datetime": {"datetime": "2024-04-12 20:03:28", "elapsed": 4.810487, "delta": 0.007999}}
{"target": -457.5730914271159, "params": {"gamma": 7.158553701628942, "prior": 5.289437584229746, "rate": 6.575556555623399}, "datetime": {"datetime": "2024-04-12 20:03:28", "elapsed": 4.818563, "delta": 0.008076}}
{"target": -446.9281721379054, "params": {"gamma": 8.133125159405232, "prior": 8.094371489266019, "rate": 6.197200238546574}, "datetime": {"datetime": "2024-04-12 20:03:28", "elapsed": 4.826524, "delta": 0.007961}}
{"target": -349.03529114977124, "params": {"gamma": 4.511573518745629, "prior": 4.1387048915689375, "rate": 8.74760145142373}, "datetime": {"datetime": "2024-04-12 20:03:28", "elapsed": 4.834492, "delta": 0.007968}}
{"target": -556.7489243582021, "params": {"gamma": 7.029614389411599, "prior": 1.9308567214966765, "rate": 5.657755734146004}, "datetime": {"datetime": "2024-04-12 20:03:28", "elapsed": 4.842642, "delta": 0.00815}}
{"target": -794.1878083012136, "params": {"gamma": 9.08817151496827, "prior": 1.5918309232578849, "rate": 8.455331237631533}, "datetime": {"datetime": "2024-04-12 20:03:28", "elapsed": 4.850756, "delta": 0.008114}}
{"target": -479.827250091338, "params": {"gamma": 8.202204460687183, "prior": 5.043476902848561, "rate": 0.37680093100554635}, "datetime": {"datetime": "2024-04-12 20:03:28", "elapsed": 4.858706, "delta": 0.00795}}
{"target": -173.93386864606077, "params": {"gamma": 1.4758775514639575, "prior": 9.234123077417845, "rate": 0.4425038055225927}, "datetime": {"datetime": "2024-04-12 20:03:28", "elapsed": 4.866556, "delta": 0.00785}}
{"target": -233.82553201823006, "params": {"gamma": 3.7256151652871896, "prior": 6.228492383782162, "rate": 1.9702834411012529}, "datetime": {"datetime": "2024-04-12 20:03:28", "elapsed": 4.874513, "delta": 0.007957}}
{"target": -785.8047464856664, "params": {"gamma": 9.810816492645733, "prior": 1.6441548071298822, "rate": 5.3972522724175835}, "datetime": {"datetime": "2024-04-12 20:03:28", "elapsed": 4.882474, "delta": 0.007961}}
{"target": -451.2068108231568, "params": {"gamma": 6.180495232142101, "prior": 2.3868004918300687, "rate": 4.663623583104205}, "datetime": {"datetime": "2024-04-12 20:03:28", "elapsed": 4.890475, "delta": 0.008001}}
{"target": -304.53637182672145, "params": {"gamma": 4.91059428280016, "prior": 7.691937525632765, "rate": 6.343173246985961}, "datetime": {"datetime": "2024-04-12 20:03:28", "elapsed": 4.89843, "delta": 0.007955}}
{"target": -283.89890604967064, "params": {"gamma": 4.676032980600331, "prior": 6.702731177620354, "rate": 4.534320887795462}, "datetime": {"datetime": "2024-04-12 20:03:28", "elapsed": 4.906556, "delta": 0.008126}}
{"target": -294.14446944154395, "params": {"gamma": 5.257590201822755, "prior": 6.619823611427782, "rate": 1.8127726241566626}, "datetime": {"datetime": "2024-04-12 20:03:28", "elapsed": 4.914612, "delta": 0.008056}}
{"target": -537.3613865046271, "params": {"gamma": 7.8807074621719, "prior": 6.068366841630134, "rate": 9.80334851848814}, "datetime": {"datetime": "2024-04-12 20:03:28", "elapsed": 4.922629, "delta": 0.008017}}
{"target": -207.97197289961719, "params": {"gamma": 2.2246095521182263, "prior": 4.716038094249078, "rate": 8.956522384191866}, "datetime": {"datetime": "2024-04-12 20:03:28", "elapsed": 4.930604, "delta": 0.007975}}
{"target": -331.21497612706696, "params": {"gamma": 6.014732663578183, "prior": 7.286992573903269, "rate": 4.137287971849402}, "datetime": {"datetime": "2024-04-12 20:03:28", "elapsed": 4.938761, "delta": 0.008157}}
{"target": -368.64010513872455, "params": {"gamma": 6.843411908691368, "prior": 9.465944795490875, "rate": 2.0026604713274816}, "datetime": {"datetime": "2024-04-12 20:03:28", "elapsed": 4.946801, "delta": 0.00804}}
{"target": -511.65468389459147, "params": {"gamma": 8.073845273509328, "prior": 9.698426319788975, "rate": 0.146672748901554}, "datetime": {"datetime": "2024-04-12 20:03:28", "elapsed": 4.954897, "delta": 0.008096}}
{"target": -230.9807413617996, "params": {"gamma": 2.152880656357681, "prior": 1.2620315110999845, "rate": 7.674467753896792}, "datetime": {"datetime": "2024-04-12 20:03:28", "elapsed": 4.963145, "delta": 0.008248}}
{"target": -145.8499333623427, "params": {"gamma": 0.8130846428413901, "prior": 9.984294230049985, "rate": 3.8967305467771722}, "datetime": {"datetime": "2024-04-12 20:03:28", "elapsed": 4.971203, "delta": 0.008058}}
{"target": -667.0329355327233, "params": {"gamma": 9.05212245656447, "prior": 1.9669182746447318, "rate": 4.409281126023087}, "datetime": {"datetime": "2024-04-12 20:03:28", "elapsed": 4.979156, "delta": 0.007953}}
{"target": -462.61149870030596, "params": {"gamma": 8.448273378243028, "prior": 5.993170828665236, "rate": 4.6221188088168805}, "datetime": {"datetime": "2024-04-12 20:03:28", "elapsed": 4.987151, "delta": 0.007995}}
{"target": -309.3768482917083, "params": {"gamma": 5.12698481782442, "prior": 5.781466716234239, "rate": 4.403751756648346}, "datetime": {"datetime": "2024-04-12 20:03:28", "elapsed": 4.995144, "delta": 0.007993}}
{"target": -185.008455809767, "params": {"gamma": 1.936396018280381, "prior": 1.2282610384459451, "rate": 1.5131280457741099}, "datetime": {"datetime": "2024-04-12 20:03:28", "elapsed": 5.003251, "delta": 0.008107}}
{"target": -137.9452152042229, "params": {"gamma": 0.5258571475674859, "prior": 5.630896469529952, "rate": 8.47736241934607}, "datetime": {"datetime": "2024-04-12 20:03:28", "elapsed": 5.011513, "delta": 0.008262}}
{"target": -333.08717930202715, "params": {"gamma": 3.5918342699021832, "prior": 0.8455776390945964, "rate": 4.257818395439178}, "datetime": {"datetime": "2024-04-12 20:03:28", "elapsed": 5.019798, "delta": 0.008285}}
{"target": -436.6702871093649, "params": {"gamma": 6.020476376881542, "prior": 4.311494309198812, "rate": 8.107401614840093}, "datetime": {"datetime": "2024-04-12 20:03:28", "elapsed": 5.028097, "delta": 0.008299}}
{"target": -515.4944494033824, "params": {"gamma": 9.418920575620866, "prior": 8.71211665535671, "rate": 7.040290983300606}, "datetime": {"datetime": "2024-04-12 20:03:28", "elapsed": 5.036325, "delta": 0.008228}}
{"target": -328.6232491431637, "params": {"gamma": 4.7035189488969715, "prior": 6.858710624742188, "rate": 0.13516968725473882}, "datetime": {"datetime": "2024-04-12 20:03:28", "elapsed": 5.044505, "delta": 0.00818}}
{"target": -850.0592238865933, "params": {"gamma": 9.824798706901937, "prior": 1.8035655851060701, "rate": 9.062697699220857}, "datetime": {"datetime": "2024-04-12 20:03:28", "elapsed": 5.052697, "delta": 0.008192}}
{"target": -404.65873795525545, "params": {"gamma": 8.071291906759395, "prior": 8.02138287543118, "rate": 2.690091641792864}, "datetime": {"datetime": "2024-04-12 20:03:28", "elapsed": 5.060845, "delta": 0.008148}}
{"target": -206.99385476519092, "params": {"gamma": 2.1923189037668234, "prior": 4.345126859849478, "rate": 8.493861636205818}, "datetime": {"datetime": "2024-04-12 20:03:28", "elapsed": 5.068985, "delta": 0.00814}}
{"target": -263.26065799231714, "params": {"gamma": 4.5043460450747315, "prior": 9.360659128669912, "rate": 3.5274405931901285}, "datetime": {"datetime": "2024-04-12 20:03:28", "elapsed": 5.077166, "delta": 0.008181}}
{"target": -346.49379013163923, "params": {"gamma": 6.194302264801901, "prior": 9.808920459922224, "rate": 6.434981759885809}, "datetime": {"datetime": "2024-04-12 20:03:28", "elapsed": 5.085334, "delta": 0.008168}}
{"target": -139.89271779883364, "params": {"gamma": 0.45593666218999723, "prior": 4.6892152004219465, "rate": 3.348178685792924}, "datetime": {"datetime": "2024-04-12 20:03:28", "elapsed": 5.093512, "delta": 0.008178}}
{"target": -295.4670897806736, "params": {"gamma": 5.322283303668225, "prior": 2.9189874652700007, "rate": 1.223490041069798}, "datetime": {"datetime": "2024-04-12 20:03:28", "elapsed": 5.101833, "delta": 0.008321}}
{"target": -432.8378914869474, "params": {"gamma": 6.683221598519268, "prior": 6.845461573423933, "rate": 8.671525860690885}, "datetime": {"datetime": "2024-04-12 20:03:28", "elapsed": 5.110148, "delta": 0.008315}}
{"target": -158.78994208153333, "params": {"gamma": 1.3246825541338114, "prior": 8.006341051952507, "rate": 8.267860615312884}, "datetime": {"datetime": "2024-04-12 20:03:28", "elapsed": 5.11846, "delta": 0.008312}}
{"target": -417.0484972502668, "params": {"gamma": 6.465852807575769, "prior": 2.128729243228275, "rate": 2.6149457233439732}, "datetime": {"datetime": "2024-04-12 20:03:28", "elapsed": 5.126656, "delta": 0.008196}}
{"target": -274.91003906557904, "params": {"gamma": 4.185549678574218, "prior": 5.46381082054904, "rate": 4.774902117966579}, "datetime": {"datetime": "2024-04-12 20:03:28", "elapsed": 5.134925, "delta": 0.008269}}
{"target": -307.55667030151426, "params": {"gamma": 4.67513146056165, "prior": 8.414423030956907, "rate": 8.70115355071037}, "datetime": {"datetime": "2024-04-12 20:03:28", "elapsed": 5.14304, "delta": 0.008115}}
{"target": -431.51369495290294, "params": {"gamma": 8.16772288980329, "prior": 8.790234044483526, "rate": 5.710516610608794}, "datetime": {"datetime": "2024-04-12 20:03:28", "elapsed": 5.151212, "delta": 0.008172}}
{"target": -559.6200391021223, "params": {"gamma": 9.64039729725748, "prior": 6.104789047679629, "rate": 6.039873463055735}, "datetime": {"datetime": "2024-04-12 20:03:28", "elapsed": 5.1594, "delta": 0.008188}}
{"target": -232.61030198359626, "params": {"gamma": 3.193658073009114, "prior": 6.843921422758488, "rate": 0.5206049193651046}, "datetime": {"datetime": "2024-04-12 20:03:28", "elapsed": 5.167602, "delta": 0.008202}}
{"target": -174.85587740702522, "params": {"gamma": 1.3463296636984106, "prior": 1.3893974589703744, "rate": 6.5523576709601326}, "datetime": {"datetime": "2024-04-12 20:03:28", "elapsed": 5.175822, "delta": 0.00822}}
{"target": -172.97444598052562, "params": {"gamma": 1.7541505851216117, "prior": 3.4773535501903177, "rate": 0.44407224667521283}, "datetime": {"datetime": "2024-04-12 20:03:28", "elapsed": 5.183934, "delta": 0.008112}}
{"target": -187.83423506817653, "params": {"gamma": 2.33810986680499, "prior": 9.645820816008012, "rate": 5.091884885761161}, "datetime": {"datetime": "2024-04-12 20:03:28", "elapsed": 5.192166, "delta": 0.008232}}
{"target": -171.5801591572191, "params": {"gamma": 1.5115941101958479, "prior": 5.277784464171196, "rate": 9.435150329726897}, "datetime": {"datetime": "2024-04-12 20:03:28", "elapsed": 5.200288, "delta": 0.008122}}
{"target": -462.99036323985126, "params": {"gamma": 8.656994454049334, "prior": 3.98145210241083, "rate": 2.8393912922180533}, "datetime": {"datetime": "2024-04-12 20:03:28", "elapsed": 5.208575, "delta": 0.008287}}
{"target": -457.65823183992245, "params": {"gamma": 7.617536897064726, "prior": 2.4807948155505692, "rate": 2.5430693142188665}, "datetime": {"datetime": "2024-04-12 20:03:28", "elapsed": 5.216834, "delta": 0.008259}}
{"target": -145.2229929639422, "params": {"gamma": 0.841779455445115, "prior": 8.655026538163867, "rate": 4.4795412572871784}, "datetime": {"datetime": "2024-04-12 20:03:28", "elapsed": 5.225045, "delta": 0.008211}}
{"target": -358.3406792760323, "params": {"gamma": 5.618300819839127, "prior": 7.393438481165847, "rate": 7.965092182444826}, "datetime": {"datetime": "2024-04-12 20:03:28", "elapsed": 5.233332, "delta": 0.008287}}
{"target": -394.0596608932513, "params": {"gamma": 4.475633881764149, "prior": 1.9228628061404038, "rate": 8.287499782431489}, "datetime": {"datetime": "2024-04-12 20:03:28", "elapsed": 5.24151, "delta": 0.008178}}
{"target": -140.7988355394219, "params": {"gamma": 0.3109486003227299, "prior": 9.47260986911873, "rate": 5.770201486928539}, "datetime": {"datetime": "2024-04-12 20:03:28", "elapsed": 5.249715, "delta": 0.008205}}
{"target": -431.89885066843425, "params": {"gamma": 8.754011995768419, "prior": 6.124797826038231, "rate": 2.5173441819390847}, "datetime": {"datetime": "2024-04-12 20:03:28", "elapsed": 5.257826, "delta": 0.008111}}
{"target": -246.13177838331012, "params": {"gamma": 2.962003105035548, "prior": 5.375933334413366, "rate": 9.620820050258088}, "datetime": {"datetime": "2024-04-12 20:03:28", "elapsed": 5.266008, "delta": 0.008182}}
{"target": -173.2486984957681, "params": {"gamma": 1.8457715492972864, "prior": 5.147993943616779, "rate": 3.4385372462650072}, "datetime": {"datetime": "2024-04-12 20:03:28", "elapsed": 5.274082, "delta": 0.008074}}
{"target": -396.97543107804285, "params": {"gamma": 7.697483724226901, "prior": 8.048378215680998, "rate": 4.246174543111865}, "datetime": {"datetime": "2024-04-12 20:03:28", "elapsed": 5.282347, "delta": 0.008265}}
{"target": -205.56024068776645, "params": {"gamma": 2.042020877443364, "prior": 0.7641856572556677, "rate": 1.9872839959411943}, "datetime": {"datetime": "2024-04-12 20:03:28", "elapsed": 5.290599, "delta": 0.008252}}
{"target": -225.99750765187844, "params": {"gamma": 2.7247361004436925, "prior": 6.028010287301183, "rate": 8.730961889247082}, "datetime": {"datetime": "2024-04-12 20:03:28", "elapsed": 5.298959, "delta": 0.00836}}
{"target": -155.54046260239156, "params": {"gamma": 1.2831811575160175, "prior": 9.58606854297747, "rate": 6.832025267697611}, "datetime": {"datetime": "2024-04-12 20:03:28", "elapsed": 5.307146, "delta": 0.008187}}
{"target": -378.4380163478022, "params": {"gamma": 7.419900392548125, "prior": 9.830519780617808, "rate": 4.161591625408803}, "datetime": {"datetime": "2024-04-12 20:03:28", "elapsed": 5.315403, "delta": 0.008257}}
{"target": -316.91164866577054, "params": {"gamma": 5.316303075493122, "prior": 6.824208206937614, "rate": 5.129238550757324}, "datetime": {"datetime": "2024-04-12 20:03:28", "elapsed": 5.323599, "delta": 0.008196}}
{"target": -261.199635060828, "params": {"gamma": 2.991824334263695, "prior": 1.143308260027389, "rate": 2.8500365250757254}, "datetime": {"datetime": "2024-04-12 20:03:28", "elapsed": 5.331889, "delta": 0.00829}}
{"target": -487.9410925485441, "params": {"gamma": 7.688759630029292, "prior": 6.443748774073277, "rate": 8.013505701328722}, "datetime": {"datetime": "2024-04-12 20:03:28", "elapsed": 5.340028, "delta": 0.008139}}
{"target": -410.31042932036075, "params": {"gamma": 5.171688199172296, "prior": 2.3977902162787172, "rate": 6.279991307892046}, "datetime": {"datetime": "2024-04-12 20:03:28", "elapsed": 5.348352, "delta": 0.008324}}
{"target": -332.27513413291933, "params": {"gamma": 3.040750894733009, "prior": 0.39233457492600754, "rate": 9.03340843699194}, "datetime": {"datetime": "2024-04-12 20:03:28", "elapsed": 5.35659, "delta": 0.008238}}
{"target": -315.66250488531387, "params": {"gamma": 4.2042753184590484, "prior": 4.318694726204651, "rate": 7.412776101583259}, "datetime": {"datetime": "2024-04-12 20:03:28", "elapsed": 5.364836, "delta": 0.008246}}
{"target": -687.4910595648299, "params": {"gamma": 9.484635584653631, "prior": 0.8179037276500872, "rate": 1.7278381802346168}, "datetime": {"datetime": "2024-04-12 20:03:28", "elapsed": 5.373068, "delta": 0.008232}}
{"target": -264.4253952317697, "params": {"gamma": 3.224252533837974, "prior": 2.5594000386689704, "rate": 4.9554543186305695}, "datetime": {"datetime": "2024-04-12 20:03:28", "elapsed": 5.381414, "delta": 0.008346}}
{"target": -441.686898327703, "params": {"gamma": 8.244771648366036, "prior": 8.55432690792754, "rate": 5.958703590644958}, "datetime": {"datetime": "2024-04-12 20:03:28", "elapsed": 5.389629, "delta": 0.008215}}
{"target": -237.39477754236142, "params": {"gamma": 2.4024971645768356, "prior": 1.9462776138995845, "rate": 7.434161733507989}, "datetime": {"datetime": "2024-04-12 20:03:28", "elapsed": 5.397893, "delta": 0.008264}}
{"target": -207.26566717434926, "params": {"gamma": 2.372903362377833, "prior": 5.440959820172842, "rate": 7.493058590484791}, "datetime": {"datetime": "2024-04-12 20:03:28", "elapsed": 5.40618, "delta": 0.008287}}
{"target": -184.65089905315637, "params": {"gamma": 2.283262797049244, "prior": 1.8275617569701659, "rate": 0.39831713007193664}, "datetime": {"datetime": "2024-04-12 20:03:28", "elapsed": 5.414365, "delta": 0.008185}}
{"target": -165.82402655440308, "params": {"gamma": 1.4765408081617755, "prior": 8.52924517877521, "rate": 1.0472544815378406}, "datetime": {"datetime": "2024-04-12 20:03:28", "elapsed": 5.422576, "delta": 0.008211}}
{"target": -254.84131953106086, "params": {"gamma": 2.2372268102276505, "prior": 0.4242962774851736, "rate": 6.763889997877335}, "datetime": {"datetime": "2024-04-12 20:03:28", "elapsed": 5.430754, "delta": 0.008178}}
{"target": -184.64456136066678, "params": {"gamma": 2.317799711505731, "prior": 4.194558006237466, "rate": 1.393872412065944}, "datetime": {"datetime": "2024-04-12 20:03:28", "elapsed": 5.438908, "delta": 0.008154}}
{"target": -266.8312298415534, "params": {"gamma": 3.772795658827454, "prior": 4.301930915772191, "rate": 4.730176553648271}, "datetime": {"datetime": "2024-04-12 20:03:28", "elapsed": 5.44706, "delta": 0.008152}}
{"target": -398.6728525718366, "params": {"gamma": 4.228995288573093, "prior": 1.1172899823542268, "rate": 7.72603008604881}, "datetime": {"datetime": "2024-04-12 20:03:28", "elapsed": 5.455372, "delta": 0.008312}}
{"target": -157.747684702231, "params": {"gamma": 1.3729228288956241, "prior": 4.300494505825538, "rate": 2.7202891684153423}, "datetime": {"datetime": "2024-04-12 20:03:28", "elapsed": 5.463668, "delta": 0.008296}}
{"target": -219.6475332856671, "params": {"gamma": 3.0107784228559833, "prior": 6.756965648605682, "rate": 5.178349451410332}, "datetime": {"datetime": "2024-04-12 20:03:28", "elapsed": 5.471908, "delta": 0.00824}}
{"target": -175.9090392645856, "params": {"gamma": 1.9016804177489257, "prior": 4.744430954350433, "rate": 3.396069147094239}, "datetime": {"datetime": "2024-04-12 20:03:28", "elapsed": 5.480127, "delta": 0.008219}}
{"target": -581.4885958773716, "params": {"gamma": 7.045267485283013, "prior": 2.338342504082235, "rate": 8.450036385446094}, "datetime": {"datetime": "2024-04-12 20:03:28", "elapsed": 5.488337, "delta": 0.00821}}
{"target": -296.68629672790627, "params": {"gamma": 5.262770419251413, "prior": 5.056133771938582, "rate": 2.537604383069914}, "datetime": {"datetime": "2024-04-12 20:03:28", "elapsed": 5.496617, "delta": 0.00828}}
{"target": -190.89038744787376, "params": {"gamma": 1.8623705416969032, "prior": 4.771008721102208, "rate": 9.818262353834747}, "datetime": {"datetime": "2024-04-12 20:03:28", "elapsed": 5.504924, "delta": 0.008307}}
{"target": -168.16059621834287, "params": {"gamma": 1.3299294703806088, "prior": 2.9062780810377657, "rate": 8.006611101660276}, "datetime": {"datetime": "2024-04-12 20:03:28", "elapsed": 5.513245, "delta": 0.008321}}
{"target": -414.69993347936435, "params": {"gamma": 6.648104208209039, "prior": 2.859708246065027, "rate": 3.1471614201443434}, "datetime": {"datetime": "2024-04-12 20:03:28", "elapsed": 5.521533, "delta": 0.008288}}
{"target": -292.2054164237827, "params": {"gamma": 4.200062595764889, "prior": 6.067588946198732, "rate": 7.193668333443535}, "datetime": {"datetime": "2024-04-12 20:03:28", "elapsed": 5.529843, "delta": 0.00831}}
{"target": -424.65435019309245, "params": {"gamma": 8.573146034178855, "prior": 6.843003557538256, "rate": 2.370583662652512}, "datetime": {"datetime": "2024-04-12 20:03:28", "elapsed": 5.538091, "delta": 0.008248}}
{"target": -451.95066005213414, "params": {"gamma": 9.257279632827263, "prior": 7.833834466690084, "rate": 3.0745074227980154}, "datetime": {"datetime": "2024-04-12 20:03:28", "elapsed": 5.546355, "delta": 0.008264}}
{"target": -216.19830327258995, "params": {"gamma": 3.0503514507789897, "prior": 8.823566352446155, "rate": 1.2616587254915876}, "datetime": {"datetime": "2024-04-12 20:03:28", "elapsed": 5.554614, "delta": 0.008259}}
{"target": -504.00637141648934, "params": {"gamma": 6.334974881523022, "prior": 2.8493560514869, "rate": 8.272176051067923}, "datetime": {"datetime": "2024-04-12 20:03:28", "elapsed": 5.56282, "delta": 0.008206}}
{"target": -231.70083861488183, "params": {"gamma": 3.645869952111327, "prior": 7.360324335241457, "rate": 1.9249864862469743}, "datetime": {"datetime": "2024-04-12 20:03:28", "elapsed": 5.571002, "delta": 0.008182}}
{"target": -278.73801220573665, "params": {"gamma": 4.814977529509854, "prior": 8.05558680166717, "rate": 3.9704851285120673}, "datetime": {"datetime": "2024-04-12 20:03:28", "elapsed": 5.579297, "delta": 0.008295}}
{"target": -170.75455906765367, "params": {"gamma": 1.6165788245210426, "prior": 6.524924004221608, "rate": 7.53350473313803}, "datetime": {"datetime": "2024-04-12 20:03:28", "elapsed": 5.587564, "delta": 0.008267}}
