{"target": -667.007927313136, "params": {"gamma": 7.0595677402804276, "lr": 0.8949395201529242}, "datetime": {"datetime": "2024-03-30 18:19:25", "elapsed": 3.003053, "delta": 0.00399}}
{"target": -310.85069095423637, "params": {"gamma": 3.2921308719412035, "lr": 0.5280013966376261}, "datetime": {"datetime": "2024-03-30 18:19:25", "elapsed": 3.007042, "delta": 0.003989}}
{"target": -608.3909676552887, "params": {"gamma": 6.504330926708715, "lr": 0.5942908535866644}, "datetime": {"datetime": "2024-03-30 18:19:25", "elapsed": 3.010034, "delta": 0.002992}}
{"target": -239.05769532172695, "params": {"gamma": 2.315397892406944, "lr": 0.4268213494482356}, "datetime": {"datetime": "2024-03-30 18:19:25", "elapsed": 3.014023, "delta": 0.003989}}
{"target": -240.27490483946224, "params": {"gamma": 2.481866529137688, "lr": 0.8456149622311454}, "datetime": {"datetime": "2024-03-30 18:19:25", "elapsed": 3.018013, "delta": 0.00399}}
{"target": -3533.696835509646, "params": {"gamma": 9.866787772235858, "lr": 0.06657080313237929}, "datetime": {"datetime": "2024-03-30 18:19:25", "elapsed": 3.022002, "delta": 0.003989}}
{"target": -812.9836818844611, "params": {"gamma": 7.139566394637347, "lr": 0.3301155521990743}, "datetime": {"datetime": "2024-03-30 18:19:25", "elapsed": 3.025991, "delta": 0.003989}}
{"target": -744.2518802001798, "params": {"gamma": 6.254728347736019, "lr": 0.258129649281871}, "datetime": {"datetime": "2024-03-30 18:19:25", "elapsed": 3.02998, "delta": 0.003989}}
{"target": -713.8131605021067, "params": {"gamma": 6.510425085475643, "lr": 0.37114718446272954}, "datetime": {"datetime": "2024-03-30 18:19:25", "elapsed": 3.03397, "delta": 0.00399}}
{"target": -280.7657669212332, "params": {"gamma": 2.9489139744901, "lr": 0.9117631736977988}, "datetime": {"datetime": "2024-03-30 18:19:25", "elapsed": 3.036961, "delta": 0.002991}}
{"target": -881.3822990531422, "params": {"gamma": 9.425046243387849, "lr": 0.6135500265601355}, "datetime": {"datetime": "2024-03-30 18:19:25", "elapsed": 3.040951, "delta": 0.00399}}
{"target": -206.92073650167126, "params": {"gamma": 2.1454633405260957, "lr": 0.9394188709061594}, "datetime": {"datetime": "2024-03-30 18:19:25", "elapsed": 3.04494, "delta": 0.003989}}
{"target": -700.4358925628133, "params": {"gamma": 7.504785013686519, "lr": 0.7510898073228061}, "datetime": {"datetime": "2024-03-30 18:19:25", "elapsed": 3.04893, "delta": 0.00399}}
{"target": -204.41739321819333, "params": {"gamma": 2.1180016271500137, "lr": 0.8301565261622993}, "datetime": {"datetime": "2024-03-30 18:19:25", "elapsed": 3.052919, "delta": 0.003989}}
{"target": -229.95309373713417, "params": {"gamma": 2.4017114464579397, "lr": 0.6316207452501602}, "datetime": {"datetime": "2024-03-30 18:19:25", "elapsed": 3.056908, "delta": 0.003989}}
{"target": -677.2295939997406, "params": {"gamma": 7.107684959425964, "lr": 0.7423834297071017}, "datetime": {"datetime": "2024-03-30 18:19:25", "elapsed": 3.060897, "delta": 0.003989}}
{"target": -367.4716166821087, "params": {"gamma": 3.9032567812912102, "lr": 0.7598253967160974}, "datetime": {"datetime": "2024-03-30 18:19:25", "elapsed": 3.06389, "delta": 0.002993}}
{"target": -843.2069492595454, "params": {"gamma": 9.029456085314978, "lr": 0.5874200192375769}, "datetime": {"datetime": "2024-03-30 18:19:25", "elapsed": 3.067879, "delta": 0.003989}}
{"target": -322.4906369944684, "params": {"gamma": 0.9050067472322914, "lr": 0.12897598414227607}, "datetime": {"datetime": "2024-03-30 18:19:25", "elapsed": 3.071868, "delta": 0.003989}}
{"target": -260.9140779594385, "params": {"gamma": 1.0535200041012063, "lr": 0.17272746332288003}, "datetime": {"datetime": "2024-03-30 18:19:25", "elapsed": 3.075857, "delta": 0.003989}}
{"target": -126.53327638822456, "params": {"gamma": 1.2651824720065605, "lr": 0.7783008900676276}, "datetime": {"datetime": "2024-03-30 18:19:25", "elapsed": 3.079847, "delta": 0.00399}}
{"target": -126.124364356009, "params": {"gamma": 0.39507571033225836, "lr": 0.24155841734086403}, "datetime": {"datetime": "2024-03-30 18:19:25", "elapsed": 3.083837, "delta": 0.00399}}
{"target": -820.7732914663516, "params": {"gamma": 8.790784947183296, "lr": 0.9735188608362936}, "datetime": {"datetime": "2024-03-30 18:19:25", "elapsed": 3.087826, "delta": 0.003989}}
{"target": -567.6928963327871, "params": {"gamma": 6.054614655262755, "lr": 0.9762382645603884}, "datetime": {"datetime": "2024-03-30 18:19:25", "elapsed": 3.091815, "delta": 0.003989}}
{"target": -74.39715563758652, "params": {"gamma": 0.43547196560805285, "lr": 0.9485727683760076}, "datetime": {"datetime": "2024-03-30 18:19:25", "elapsed": 3.095805, "delta": 0.00399}}
{"target": -294.65400818705336, "params": {"gamma": 3.113649528479215, "lr": 0.798972840361593}, "datetime": {"datetime": "2024-03-30 18:19:25", "elapsed": 3.099794, "delta": 0.003989}}
{"target": -773.6888267688706, "params": {"gamma": 8.106480405365568, "lr": 0.8599985915803449}, "datetime": {"datetime": "2024-03-30 18:19:25", "elapsed": 3.102786, "delta": 0.002992}}
{"target": -431.9054431464202, "params": {"gamma": 4.586049558214109, "lr": 0.9306443921654484}, "datetime": {"datetime": "2024-03-30 18:19:25", "elapsed": 3.106775, "delta": 0.003989}}
{"target": -246.77771260187947, "params": {"gamma": 2.579671951285972, "lr": 0.9344454925295846}, "datetime": {"datetime": "2024-03-30 18:19:25", "elapsed": 3.110764, "delta": 0.003989}}
{"target": -580.3598317383102, "params": {"gamma": 6.191577212883354, "lr": 0.9854449149448306}, "datetime": {"datetime": "2024-03-30 18:19:25", "elapsed": 3.114782, "delta": 0.004018}}
{"target": -76.82713470133872, "params": {"gamma": 0.3274060157599613, "lr": 0.7251666588327084}, "datetime": {"datetime": "2024-03-30 18:19:25", "elapsed": 3.118771, "delta": 0.003989}}
{"target": -569.1128605618578, "params": {"gamma": 5.655976799568431, "lr": 0.4924240473983196}, "datetime": {"datetime": "2024-03-30 18:19:25", "elapsed": 3.122766, "delta": 0.003995}}
{"target": -316.21193900814575, "params": {"gamma": 2.5929220383817193, "lr": 0.3268306848663751}, "datetime": {"datetime": "2024-03-30 18:19:25", "elapsed": 3.12675, "delta": 0.003984}}
{"target": -408.70152822842505, "params": {"gamma": 2.495372604807176, "lr": 0.21926791032506077}, "datetime": {"datetime": "2024-03-30 18:19:25", "elapsed": 3.13071, "delta": 0.00396}}
{"target": -747.8668051322296, "params": {"gamma": 7.996808714410864, "lr": 0.5023950058982584}, "datetime": {"datetime": "2024-03-30 18:19:25", "elapsed": 3.134699, "delta": 0.003989}}
{"target": -91.08469973185798, "params": {"gamma": 0.8328156970812803, "lr": 0.7769841920273803}, "datetime": {"datetime": "2024-03-30 18:19:25", "elapsed": 3.138689, "delta": 0.00399}}
{"target": -509.9357306386993, "params": {"gamma": 5.336957111761226, "lr": 0.739387787346382}, "datetime": {"datetime": "2024-03-30 18:19:25", "elapsed": 3.142678, "delta": 0.003989}}
{"target": -566.0614653972282, "params": {"gamma": 5.154421537738071, "lr": 0.39994592398513173}, "datetime": {"datetime": "2024-03-30 18:19:25", "elapsed": 3.146668, "delta": 0.00399}}
{"target": -3532.1552200613996, "params": {"gamma": 9.862481577580514, "lr": 0.02824262016291268}, "datetime": {"datetime": "2024-03-30 18:19:25", "elapsed": 3.150657, "delta": 0.003989}}
{"target": -870.4380756623365, "params": {"gamma": 9.327706315740619, "lr": 0.930854967759968}, "datetime": {"datetime": "2024-03-30 18:19:25", "elapsed": 3.154647, "delta": 0.00399}}
{"target": -622.584506148425, "params": {"gamma": 3.909796196303079, "lr": 0.2144648711333198}, "datetime": {"datetime": "2024-03-30 18:19:25", "elapsed": 3.157639, "delta": 0.002992}}
{"target": -1407.1941878426596, "params": {"gamma": 6.192513766034457, "lr": 0.17797233547016944}, "datetime": {"datetime": "2024-03-30 18:19:25", "elapsed": 3.161627, "delta": 0.003988}}
{"target": -946.8749743898671, "params": {"gamma": 8.032278735085756, "lr": 0.2539338558777352}, "datetime": {"datetime": "2024-03-30 18:19:25", "elapsed": 3.165616, "delta": 0.003989}}
{"target": -277.06767571060044, "params": {"gamma": 2.9087707441717465, "lr": 0.915915790009957}, "datetime": {"datetime": "2024-03-30 18:19:25", "elapsed": 3.169605, "delta": 0.003989}}
{"target": -843.882244870924, "params": {"gamma": 9.029265417910615, "lr": 0.5353808917305217}, "datetime": {"datetime": "2024-03-30 18:19:25", "elapsed": 3.173595, "delta": 0.00399}}
{"target": -944.6704708835068, "params": {"gamma": 8.628526966805577, "lr": 0.3525325688050618}, "datetime": {"datetime": "2024-03-30 18:19:25", "elapsed": 3.177585, "delta": 0.00399}}
{"target": -1011.3296735049461, "params": {"gamma": 9.978844897970799, "lr": 0.433689739404977}, "datetime": {"datetime": "2024-03-30 18:19:25", "elapsed": 3.181575, "delta": 0.00399}}
{"target": -1057.5971582751822, "params": {"gamma": 2.948825305973155, "lr": 0.04157423394916726}, "datetime": {"datetime": "2024-03-30 18:19:25", "elapsed": 3.185564, "delta": 0.003989}}
{"target": -993.1744235953184, "params": {"gamma": 9.897079830913631, "lr": 0.4648876309118224}, "datetime": {"datetime": "2024-03-30 18:19:25", "elapsed": 3.189553, "delta": 0.003989}}
{"target": -688.7410216241216, "params": {"gamma": 7.346115555489657, "lr": 0.6408076240458747}, "datetime": {"datetime": "2024-03-30 18:19:25", "elapsed": 3.193541, "delta": 0.003988}}
{"target": -2590.167033671, "params": {"gamma": 7.231210903260432, "lr": 0.05111090382611627}, "datetime": {"datetime": "2024-03-30 18:19:25", "elapsed": 3.197531, "delta": 0.00399}}
{"target": -858.6747216733885, "params": {"gamma": 9.200534008691728, "lr": 0.9268412179022415}, "datetime": {"datetime": "2024-03-30 18:19:25", "elapsed": 3.20152, "delta": 0.003989}}
{"target": -518.2894690929646, "params": {"gamma": 5.520398276514817, "lr": 0.963915888684551}, "datetime": {"datetime": "2024-03-30 18:19:25", "elapsed": 3.205509, "delta": 0.003989}}
{"target": -266.94780899215783, "params": {"gamma": 2.8102744143666842, "lr": 0.6021466271365452}, "datetime": {"datetime": "2024-03-30 18:19:25", "elapsed": 3.208501, "delta": 0.002992}}
{"target": -374.5217352519831, "params": {"gamma": 3.9652304378361865, "lr": 0.6280232317552282}, "datetime": {"datetime": "2024-03-30 18:19:25", "elapsed": 3.21249, "delta": 0.003989}}
{"target": -286.1221453691241, "params": {"gamma": 3.0070222529489574, "lr": 0.8193583846560202}, "datetime": {"datetime": "2024-03-30 18:19:25", "elapsed": 3.21648, "delta": 0.00399}}
{"target": -267.7187970111152, "params": {"gamma": 0.6987899990635812, "lr": 0.04187757029999628}, "datetime": {"datetime": "2024-03-30 18:19:25", "elapsed": 3.220469, "delta": 0.003989}}
{"target": -198.62512184119092, "params": {"gamma": 0.49491444994850975, "lr": 0.15045502836766345}, "datetime": {"datetime": "2024-03-30 18:19:25", "elapsed": 3.224459, "delta": 0.00399}}
{"target": -373.51365910354656, "params": {"gamma": 3.954109387473109, "lr": 0.9553899892571747}, "datetime": {"datetime": "2024-03-30 18:19:25", "elapsed": 3.228449, "delta": 0.00399}}
{"target": -114.36496732393772, "params": {"gamma": 1.1088436015198657, "lr": 0.6475529858164272}, "datetime": {"datetime": "2024-03-30 18:19:25", "elapsed": 3.232438, "delta": 0.003989}}
{"target": -579.3801836922274, "params": {"gamma": 5.276687463055037, "lr": 0.353242405983059}, "datetime": {"datetime": "2024-03-30 18:19:25", "elapsed": 3.236427, "delta": 0.003989}}
{"target": -332.50897374328974, "params": {"gamma": 1.9827940939725983, "lr": 0.22059408184733575}, "datetime": {"datetime": "2024-03-30 18:19:25", "elapsed": 3.24241, "delta": 0.005983}}
{"target": -73.79412041825591, "params": {"gamma": 0.4391712757617422, "lr": 0.7131639731598145}, "datetime": {"datetime": "2024-03-30 18:19:25", "elapsed": 3.24643, "delta": 0.00402}}
{"target": -663.8981882710196, "params": {"gamma": 6.538748151763354, "lr": 0.4437697927247224}, "datetime": {"datetime": "2024-03-30 18:19:25", "elapsed": 3.250418, "delta": 0.003988}}
{"target": -2467.4541942986602, "params": {"gamma": 7.189675941410347, "lr": 0.10997597244532042}, "datetime": {"datetime": "2024-03-30 18:19:25", "elapsed": 3.254379, "delta": 0.003961}}
{"target": -885.3333623371695, "params": {"gamma": 9.387253014515942, "lr": 0.8476267092393875}, "datetime": {"datetime": "2024-03-30 18:19:25", "elapsed": 3.25737, "delta": 0.002991}}
{"target": -722.5614699420992, "params": {"gamma": 6.590697560999168, "lr": 0.37883116866173183}, "datetime": {"datetime": "2024-03-30 18:19:25", "elapsed": 3.26136, "delta": 0.00399}}
{"target": -420.31781605516636, "params": {"gamma": 4.16625072341846, "lr": 0.48215392215746744}, "datetime": {"datetime": "2024-03-30 18:19:25", "elapsed": 3.265349, "delta": 0.003989}}
{"target": -891.4744176067882, "params": {"gamma": 9.352902416297999, "lr": 0.8635929549181026}, "datetime": {"datetime": "2024-03-30 18:19:25", "elapsed": 3.269338, "delta": 0.003989}}
{"target": -448.794288480046, "params": {"gamma": 4.779760568316378, "lr": 0.554518498278167}, "datetime": {"datetime": "2024-03-30 18:19:25", "elapsed": 3.273327, "delta": 0.003989}}
{"target": -817.3858213218127, "params": {"gamma": 8.754163218930938, "lr": 0.9492644337722901}, "datetime": {"datetime": "2024-03-30 18:19:25", "elapsed": 3.277317, "delta": 0.00399}}
{"target": -609.6256143746208, "params": {"gamma": 6.392208373926592, "lr": 0.7485203200897537}, "datetime": {"datetime": "2024-03-30 18:19:25", "elapsed": 3.281306, "delta": 0.003989}}
{"target": -333.1449537762382, "params": {"gamma": 3.516897438698066, "lr": 0.91802831908618}, "datetime": {"datetime": "2024-03-30 18:19:25", "elapsed": 3.285296, "delta": 0.00399}}
{"target": -782.3567231038329, "params": {"gamma": 8.367683746488458, "lr": 0.5520558812247628}, "datetime": {"datetime": "2024-03-30 18:19:25", "elapsed": 3.288287, "delta": 0.002991}}
{"target": -818.8696307615111, "params": {"gamma": 8.676404468942122, "lr": 0.8498718814403323}, "datetime": {"datetime": "2024-03-30 18:19:25", "elapsed": 3.292277, "delta": 0.00399}}
{"target": -2774.306662515647, "params": {"gamma": 8.084305154704811, "lr": 0.13069282439738805}, "datetime": {"datetime": "2024-03-30 18:19:25", "elapsed": 3.296266, "delta": 0.003989}}
{"target": -508.1748135234406, "params": {"gamma": 5.3604897456433, "lr": 0.900783114706916}, "datetime": {"datetime": "2024-03-30 18:19:25", "elapsed": 3.300287, "delta": 0.004021}}
{"target": -782.034875780049, "params": {"gamma": 7.70854747370775, "lr": 0.4207131990251918}, "datetime": {"datetime": "2024-03-30 18:19:25", "elapsed": 3.304245, "delta": 0.003958}}
{"target": -1145.9784162900305, "params": {"gamma": 9.778826053206298, "lr": 0.25077315667300226}, "datetime": {"datetime": "2024-03-30 18:19:25", "elapsed": 3.308234, "delta": 0.003989}}
{"target": -316.5240124474327, "params": {"gamma": 3.336768678250129, "lr": 0.954200507429589}, "datetime": {"datetime": "2024-03-30 18:19:25", "elapsed": 3.312223, "delta": 0.003989}}
{"target": -763.1006665293583, "params": {"gamma": 8.087344766504712, "lr": 0.9003400045106619}, "datetime": {"datetime": "2024-03-30 18:19:25", "elapsed": 3.316213, "delta": 0.00399}}
{"target": -117.23328086014115, "params": {"gamma": 0.11688430450954196, "lr": 0.37976443303399476}, "datetime": {"datetime": "2024-03-30 18:19:25", "elapsed": 3.319204, "delta": 0.002991}}
{"target": -290.6300874699131, "params": {"gamma": 2.355984044142083, "lr": 0.2959350518874113}, "datetime": {"datetime": "2024-03-30 18:19:25", "elapsed": 3.323194, "delta": 0.00399}}
{"target": -711.0540336255983, "params": {"gamma": 7.380216968542006, "lr": 0.7240848448640741}, "datetime": {"datetime": "2024-03-30 18:19:25", "elapsed": 3.327183, "delta": 0.003989}}
{"target": -507.7012738029973, "params": {"gamma": 4.618532302580416, "lr": 0.3652744612070937}, "datetime": {"datetime": "2024-03-30 18:19:25", "elapsed": 3.331172, "delta": 0.003989}}
{"target": -548.0011432787503, "params": {"gamma": 5.847331438432254, "lr": 0.5337077546342763}, "datetime": {"datetime": "2024-03-30 18:19:25", "elapsed": 3.335162, "delta": 0.00399}}
{"target": -516.9816059435809, "params": {"gamma": 5.5062450105196135, "lr": 0.6154770711146578}, "datetime": {"datetime": "2024-03-30 18:19:25", "elapsed": 3.339151, "delta": 0.003989}}
{"target": -372.4413478935992, "params": {"gamma": 3.957087074403221, "lr": 0.7717184824154584}, "datetime": {"datetime": "2024-03-30 18:19:25", "elapsed": 3.34314, "delta": 0.003989}}
{"target": -240.1653023562816, "params": {"gamma": 2.512780630310517, "lr": 0.655760767903366}, "datetime": {"datetime": "2024-03-30 18:19:25", "elapsed": 3.34713, "delta": 0.00399}}
{"target": -3439.622937381343, "params": {"gamma": 9.604011085051962, "lr": 0.0035547604644260433}, "datetime": {"datetime": "2024-03-30 18:19:25", "elapsed": 3.353113, "delta": 0.005983}}
{"target": -2482.6182243435833, "params": {"gamma": 7.233887082898668, "lr": 0.10899503392964371}, "datetime": {"datetime": "2024-03-30 18:19:25", "elapsed": 3.357103, "delta": 0.00399}}
{"target": -511.3578577102167, "params": {"gamma": 5.438331129146589, "lr": 0.6269160166803346}, "datetime": {"datetime": "2024-03-30 18:19:25", "elapsed": 3.361092, "delta": 0.003989}}
{"target": -233.0430599107525, "params": {"gamma": 2.4302283105822404, "lr": 0.9138438752466082}, "datetime": {"datetime": "2024-03-30 18:19:25", "elapsed": 3.365081, "delta": 0.003989}}
{"target": -975.8441999316253, "params": {"gamma": 6.223502974387487, "lr": 0.23169469139485988}, "datetime": {"datetime": "2024-03-30 18:19:25", "elapsed": 3.369071, "delta": 0.00399}}
{"target": -2643.02396799555, "params": {"gamma": 7.701551743810476, "lr": 0.10550707999733477}, "datetime": {"datetime": "2024-03-30 18:19:25", "elapsed": 3.372063, "delta": 0.002992}}
{"target": -1944.869384329096, "params": {"gamma": 5.552697959994914, "lr": 0.0949560698024915}, "datetime": {"datetime": "2024-03-30 18:19:25", "elapsed": 3.376052, "delta": 0.003989}}
{"target": -693.5944175882669, "params": {"gamma": 5.810259742677521, "lr": 0.2529801127201884}, "datetime": {"datetime": "2024-03-30 18:19:25", "elapsed": 3.380041, "delta": 0.003989}}
{"target": -626.5246943211836, "params": {"gamma": 6.495018612739509, "lr": 0.71582695285818}, "datetime": {"datetime": "2024-03-30 18:19:25", "elapsed": 3.384031, "delta": 0.00399}}
{"target": -493.14032315500907, "params": {"gamma": 5.242331960072044, "lr": 0.6575214077031101}, "datetime": {"datetime": "2024-03-30 18:19:25", "elapsed": 3.38802, "delta": 0.003989}}
{"target": -759.9407517361577, "params": {"gamma": 8.133125159405232, "lr": 0.8075122716430321}, "datetime": {"datetime": "2024-03-30 18:19:25", "elapsed": 3.392009, "delta": 0.003989}}
{"target": -623.2144180109774, "params": {"gamma": 6.197200238546574, "lr": 0.45110246212077487}, "datetime": {"datetime": "2024-03-30 18:19:25", "elapsed": 3.395999, "delta": 0.00399}}
{"target": -393.29490934673265, "params": {"gamma": 4.080091940484627, "lr": 0.8747476199043634}, "datetime": {"datetime": "2024-03-30 18:19:25", "elapsed": 3.399988, "delta": 0.003989}}
{"target": -1511.9913331199275, "params": {"gamma": 7.029614389411599, "lr": 0.18493502237340165}, "datetime": {"datetime": "2024-03-30 18:19:25", "elapsed": 3.403977, "delta": 0.003989}}
{"target": -535.9595339934382, "params": {"gamma": 5.657755734146004, "lr": 0.9088080323000569}, "datetime": {"datetime": "2024-03-30 18:19:25", "elapsed": 3.406969, "delta": 0.002992}}
{"target": -150.44050834933358, "params": {"gamma": 1.5077492324904636, "lr": 0.8455176755307064}, "datetime": {"datetime": "2024-03-30 18:19:25", "elapsed": 3.410959, "delta": 0.00399}}
{"target": -823.690021663009, "params": {"gamma": 8.202204460687183, "lr": 0.4993411012978345}, "datetime": {"datetime": "2024-03-30 18:19:25", "elapsed": 3.414948, "delta": 0.003989}}
{"target": -171.73949793302194, "params": {"gamma": 0.37680093100554635, "lr": 0.14750250539693543}, "datetime": {"datetime": "2024-03-30 18:19:25", "elapsed": 3.418937, "delta": 0.003989}}
{"target": -3304.4615006896006, "params": {"gamma": 9.226464308192023, "lr": 0.04415479603186245}, "datetime": {"datetime": "2024-03-30 18:19:25", "elapsed": 3.422926, "delta": 0.003989}}
{"target": -351.6256869836795, "params": {"gamma": 3.7256151652871896, "lr": 0.6190396347254709}, "datetime": {"datetime": "2024-03-30 18:19:25", "elapsed": 3.426916, "delta": 0.00399}}
{"target": -190.895522927169, "params": {"gamma": 1.9702834411012529, "lr": 0.9810797572402973}, "datetime": {"datetime": "2024-03-30 18:19:25", "elapsed": 3.430905, "delta": 0.003989}}
{"target": -152.6319350834383, "params": {"gamma": 1.5605963552011808, "lr": 0.5396791951612744}, "datetime": {"datetime": "2024-03-30 18:19:25", "elapsed": 3.434894, "delta": 0.003989}}
{"target": -969.2675840624133, "params": {"gamma": 6.180495232142101, "lr": 0.2309899486697039}, "datetime": {"datetime": "2024-03-30 18:19:25", "elapsed": 3.438883, "delta": 0.003989}}
{"target": -469.96376373271585, "params": {"gamma": 4.663623583104205, "lr": 0.49100852913292925}, "datetime": {"datetime": "2024-03-30 18:19:25", "elapsed": 3.442873, "delta": 0.00399}}
{"target": -718.7540086734492, "params": {"gamma": 7.668856900889094, "lr": 0.6342807527738734}, "datetime": {"datetime": "2024-03-30 18:19:25", "elapsed": 3.446862, "delta": 0.003989}}
{"target": -452.87418377207047, "params": {"gamma": 4.676032980600331, "lr": 0.6669425431939752}, "datetime": {"datetime": "2024-03-30 18:19:25", "elapsed": 3.449854, "delta": 0.002992}}
{"target": -426.0011775529706, "params": {"gamma": 4.534320887795462, "lr": 0.5257115913414097}, "datetime": {"datetime": "2024-03-30 18:19:25", "elapsed": 3.453843, "delta": 0.003989}}
{"target": -1496.1069954058116, "params": {"gamma": 6.586021847542061, "lr": 0.18119538195386165}, "datetime": {"datetime": "2024-03-30 18:19:25", "elapsed": 3.458389, "delta": 0.004546}}
{"target": -737.7623602704753, "params": {"gamma": 7.8807074621719, "lr": 0.6028653375383973}, "datetime": {"datetime": "2024-03-30 18:19:25", "elapsed": 3.46238, "delta": 0.003991}}
