{"target": -191.0626453891729, "params": {"gamma": 0.223553545528595, "lr": 0.05745995470566817}, "datetime": {"datetime": "2024-04-04 07:33:18", "elapsed": 8621.753199, "delta": 29.673226}}
{"target": -162.20526791898516, "params": {"gamma": 0.38629972475724395, "lr": 0.31283021356070073}, "datetime": {"datetime": "2024-04-04 07:33:26", "elapsed": 8629.902635, "delta": 8.149436}}
{"target": -180.75420923695225, "params": {"gamma": 0.24742108876943628, "lr": 0.1408472367313055}, "datetime": {"datetime": "2024-04-04 07:33:51", "elapsed": 8655.25085, "delta": 25.348215}}
{"target": -140.02398564838037, "params": {"gamma": 0.08880577066825511, "lr": 0.9057811127166925}, "datetime": {"datetime": "2024-04-04 07:34:04", "elapsed": 8668.624101, "delta": 13.373251}}
{"target": -143.3830459071254, "params": {"gamma": 0.033473008743424806, "lr": 0.4974867167243554}, "datetime": {"datetime": "2024-04-04 07:34:19", "elapsed": 8683.698026, "delta": 15.073925}}
{"target": -159.35753837861495, "params": {"gamma": 0.3133618437014345, "lr": 0.25895891084191847}, "datetime": {"datetime": "2024-04-04 07:34:31", "elapsed": 8695.474763, "delta": 11.776737}}
{"target": -143.40742512537486, "params": {"gamma": 0.022217504516494083, "lr": 0.5900863478215511}, "datetime": {"datetime": "2024-04-04 07:34:44", "elapsed": 8707.753659, "delta": 12.278896}}
{"target": -174.69626779767992, "params": {"gamma": 0.5487338042493249, "lr": 0.6169820792784619}, "datetime": {"datetime": "2024-04-04 07:34:54", "elapsed": 8718.400911, "delta": 10.647252}}
{"target": -143.36552780623933, "params": {"gamma": 0.0505119935889748, "lr": 0.3897774304492313}, "datetime": {"datetime": "2024-04-04 07:35:18", "elapsed": 8741.989638, "delta": 23.588727}}
{"target": -140.76315416965463, "params": {"gamma": 0.06002534378492702, "lr": 0.8999022488739934}, "datetime": {"datetime": "2024-04-04 07:35:37", "elapsed": 8760.970483, "delta": 18.980845}}
{"target": -142.47079339452804, "params": {"gamma": 0.1857633559328139, "lr": 0.9410923934964088}, "datetime": {"datetime": "2024-04-04 07:35:54", "elapsed": 8777.994435, "delta": 17.023952}}
{"target": -141.38782925489653, "params": {"gamma": 0.16774282242756017, "lr": 0.8552629965328887}, "datetime": {"datetime": "2024-04-04 07:36:04", "elapsed": 8787.721734, "delta": 9.727299}}
{"target": -164.25882809699726, "params": {"gamma": 0.38521554375310757, "lr": 0.8691780840393057}, "datetime": {"datetime": "2024-04-04 07:36:23", "elapsed": 8807.631922, "delta": 19.910188}}
{"target": -158.93549888983486, "params": {"gamma": 0.3477329315830854, "lr": 0.8580205008807904}, "datetime": {"datetime": "2024-04-04 07:36:37", "elapsed": 8821.365539, "delta": 13.733617}}
{"target": -252.4775742945168, "params": {"gamma": 0.5918592974493175, "lr": 0.18362943646590413}, "datetime": {"datetime": "2024-04-04 07:36:42", "elapsed": 8826.330161, "delta": 4.964622}}
{"target": -409.47594831938886, "params": {"gamma": 1.9157241815259134, "lr": 0.3906749606202884}, "datetime": {"datetime": "2024-04-04 07:36:55", "elapsed": 8839.282559, "delta": 12.952398}}
{"target": -143.1827757349386, "params": {"gamma": 0.018460424786149256, "lr": 0.9562282445706346}, "datetime": {"datetime": "2024-04-04 07:37:05", "elapsed": 8849.688652, "delta": 10.406093}}
{"target": -151.54735394734192, "params": {"gamma": 0.3542114242492063, "lr": 0.49239510654790464}, "datetime": {"datetime": "2024-04-04 07:37:20", "elapsed": 8864.563766, "delta": 14.875114}}
{"target": -147.51446866828198, "params": {"gamma": 0.06770712870212614, "lr": 0.24662570165859787}, "datetime": {"datetime": "2024-04-04 07:37:39", "elapsed": 8883.578147, "delta": 19.014381}}
{"target": -143.11705888295154, "params": {"gamma": 0.022059783260721173, "lr": 0.8005417533256406}, "datetime": {"datetime": "2024-04-04 07:37:51", "elapsed": 8894.791075, "delta": 11.212928}}
{"target": -193.0259108905241, "params": {"gamma": 0.6778173347142502, "lr": 0.5097089862135672}, "datetime": {"datetime": "2024-04-04 07:38:00", "elapsed": 8904.502503, "delta": 9.711428}}
{"target": -139.56383182373764, "params": {"gamma": 0.1572403623262067, "lr": 0.7329657252229937}, "datetime": {"datetime": "2024-04-04 07:38:19", "elapsed": 8923.516678, "delta": 19.014175}}
{"target": -169.90470178217527, "params": {"gamma": 0.42199653970609124, "lr": 0.8130778651152274}, "datetime": {"datetime": "2024-04-04 07:38:29", "elapsed": 8933.647317, "delta": 10.130639}}
