{"target": -324.2658306609487, "params": {"gamma": 3.622798839194582, "prior": 8.091186697583844, "rate": 0.3607736956187603}, "datetime": {"datetime": "2024-04-09 03:00:12", "elapsed": 7.276193, "delta": 0.008818}}
{"target": -236.87262475927818, "params": {"gamma": 3.584594051008626, "prior": 6.41895351934156, "rate": 1.4308980910737081}, "datetime": {"datetime": "2024-04-09 03:00:12", "elapsed": 7.284648, "delta": 0.008455}}
{"target": -511.3489576022877, "params": {"gamma": 8.577528406499894, "prior": 6.491087641906984, "rate": 1.1538189613747907}, "datetime": {"datetime": "2024-04-09 03:00:12", "elapsed": 7.294711, "delta": 0.010063}}
{"target": -161.17903776998293, "params": {"gamma": 2.081766002579473, "prior": 7.48043347440683, "rate": 4.034662876713395}, "datetime": {"datetime": "2024-04-09 03:00:12", "elapsed": 7.30361, "delta": 0.008899}}
{"target": -321.70475606691554, "params": {"gamma": 4.84521613942412, "prior": 8.885805272920003, "rate": 1.3752980526926846}, "datetime": {"datetime": "2024-04-09 03:00:12", "elapsed": 7.312235, "delta": 0.008625}}
{"target": -604.1282116241624, "params": {"gamma": 9.64376360106379, "prior": 0.5220338497861409, "rate": 0.9953031322915933}, "datetime": {"datetime": "2024-04-09 03:00:12", "elapsed": 7.321175, "delta": 0.00894}}
{"target": -166.64820762493852, "params": {"gamma": 2.2331610709734946, "prior": 8.08519231437909, "rate": 4.559272200887655}, "datetime": {"datetime": "2024-04-09 03:00:12", "elapsed": 7.331641, "delta": 0.010466}}
{"target": -366.7628227496596, "params": {"gamma": 6.5328581714709335, "prior": 1.8257792614463888, "rate": 1.668052607332356}, "datetime": {"datetime": "2024-04-09 03:00:12", "elapsed": 7.340479, "delta": 0.008838}}
{"target": -289.7509936523597, "params": {"gamma": 5.208962557197339, "prior": 7.428906989274194, "rate": 4.62528217768507}, "datetime": {"datetime": "2024-04-09 03:00:12", "elapsed": 7.349637, "delta": 0.009158}}
{"target": -437.9055295339124, "params": {"gamma": 8.696271237126007, "prior": 6.638078153239339, "rate": 2.4916517944308763}, "datetime": {"datetime": "2024-04-09 03:00:12", "elapsed": 7.359168, "delta": 0.009531}}
{"target": -186.16097450104402, "params": {"gamma": 2.3497873058002465, "prior": 3.8030624969839892, "rate": 7.566403946905877}, "datetime": {"datetime": "2024-04-09 03:00:12", "elapsed": 7.369077, "delta": 0.009909}}
{"target": -479.7395477534866, "params": {"gamma": 9.379438705433513, "prior": 8.632869393256446, "rate": 2.6168463160365345}, "datetime": {"datetime": "2024-04-09 03:00:12", "elapsed": 7.378029, "delta": 0.008952}}
{"target": -251.0036925121832, "params": {"gamma": 4.12337700085772, "prior": 6.154286584558183, "rate": 5.468797723702268}, "datetime": {"datetime": "2024-04-09 03:00:12", "elapsed": 7.386834, "delta": 0.008805}}
{"target": -306.11045071398763, "params": {"gamma": 3.893360179144248, "prior": 1.1040656911246396, "rate": 7.122735799168159}, "datetime": {"datetime": "2024-04-09 03:00:12", "elapsed": 7.397507, "delta": 0.010673}}
{"target": -124.0572318653918, "params": {"gamma": 0.8822635040904132, "prior": 8.674166550799823, "rate": 8.634620954886014}, "datetime": {"datetime": "2024-04-09 03:00:12", "elapsed": 7.406416, "delta": 0.008909}}
{"target": -426.347065359981, "params": {"gamma": 7.084799464362212, "prior": 4.915603280696092, "rate": 6.991766507563753}, "datetime": {"datetime": "2024-04-09 03:00:12", "elapsed": 7.415154, "delta": 0.008738}}
{"target": -246.03584922393338, "params": {"gamma": 3.950475613957549, "prior": 7.995210244504152, "rate": 7.864384405716199}, "datetime": {"datetime": "2024-04-09 03:00:12", "elapsed": 7.423755, "delta": 0.008601}}
{"target": -144.2624619898656, "params": {"gamma": 1.5561303101523432, "prior": 3.246393748470918, "rate": 3.4404877846831172}, "datetime": {"datetime": "2024-04-09 03:00:12", "elapsed": 7.433784, "delta": 0.010029}}
{"target": -299.94974700383915, "params": {"gamma": 3.6423388162366046, "prior": 5.709791011210197, "rate": 0.4178327377603575}, "datetime": {"datetime": "2024-04-09 03:00:12", "elapsed": 7.442412, "delta": 0.008628}}
{"target": -424.21622986792414, "params": {"gamma": 6.600037219920028, "prior": 2.09615441466068, "rate": 4.165209099174909}, "datetime": {"datetime": "2024-04-09 03:00:12", "elapsed": 7.451265, "delta": 0.008853}}
{"target": -275.7620877794757, "params": {"gamma": 4.5094756723505, "prior": 3.552395018521695, "rate": 3.8334198209699974}, "datetime": {"datetime": "2024-04-09 03:00:12", "elapsed": 7.461389, "delta": 0.010124}}
{"target": -173.9772308144707, "params": {"gamma": 1.8038803024167458, "prior": 0.7744875682013366, "rate": 5.513015232709581}, "datetime": {"datetime": "2024-04-09 03:00:12", "elapsed": 7.470391, "delta": 0.009002}}
{"target": -367.8932335142626, "params": {"gamma": 5.959073589220895, "prior": 1.5404479132949174, "rate": 2.310186141512919}, "datetime": {"datetime": "2024-04-09 03:00:12", "elapsed": 7.479432, "delta": 0.009041}}
{"target": -212.19058183794547, "params": {"gamma": 2.864484938242287, "prior": 8.324438532353815, "rate": 1.535055990682961}, "datetime": {"datetime": "2024-04-09 03:00:12", "elapsed": 7.488268, "delta": 0.008836}}
{"target": -302.5729847873176, "params": {"gamma": 5.521835936727261, "prior": 5.724583205152705, "rate": 3.434857510993614}, "datetime": {"datetime": "2024-04-09 03:00:12", "elapsed": 7.498984, "delta": 0.010716}}
{"target": -216.52346415272967, "params": {"gamma": 3.5068212758802293, "prior": 9.595208973440103, "rate": 5.533886150645748}, "datetime": {"datetime": "2024-04-09 03:00:12", "elapsed": 7.50783, "delta": 0.008846}}
{"target": -389.49553938242536, "params": {"gamma": 6.527659277808647, "prior": 4.958327152799692, "rate": 6.466853166736234}, "datetime": {"datetime": "2024-04-09 03:00:12", "elapsed": 7.516594, "delta": 0.008764}}
{"target": -397.73255406994633, "params": {"gamma": 6.052902604285114, "prior": 1.5372155999089467, "rate": 3.3474706483130476}, "datetime": {"datetime": "2024-04-09 03:00:12", "elapsed": 7.526653, "delta": 0.010059}}
{"target": -320.77317761146486, "params": {"gamma": 4.604879500595876, "prior": 1.3654344499032103, "rate": 3.6313701627213772}, "datetime": {"datetime": "2024-04-09 03:00:12", "elapsed": 7.535866, "delta": 0.009213}}
{"target": -170.02673104837356, "params": {"gamma": 2.2821882012949293, "prior": 8.49027576247698, "rate": 3.4153993261329654}, "datetime": {"datetime": "2024-04-09 03:00:12", "elapsed": 7.5446, "delta": 0.008734}}
{"target": -179.1011551177877, "params": {"gamma": 2.268666417341983, "prior": 4.140995888237594, "rate": 6.830957412174848}, "datetime": {"datetime": "2024-04-09 03:00:12", "elapsed": 7.553449, "delta": 0.008849}}
{"target": -120.00881652525771, "params": {"gamma": 0.657154367615287, "prior": 1.889219214669599, "rate": 6.943375082298363}, "datetime": {"datetime": "2024-04-09 03:00:12", "elapsed": 7.563728, "delta": 0.010279}}
{"target": -450.20506162438795, "params": {"gamma": 7.522813791436128, "prior": 6.215767368139672, "rate": 8.792106406805418}, "datetime": {"datetime": "2024-04-09 03:00:12", "elapsed": 7.572725, "delta": 0.008997}}
{"target": -150.81720030347162, "params": {"gamma": 1.6888331005858586, "prior": 7.065122548794142, "rate": 9.172684330641006}, "datetime": {"datetime": "2024-04-09 03:00:12", "elapsed": 7.581415, "delta": 0.00869}}
{"target": -147.76202655701263, "params": {"gamma": 1.508245851371479, "prior": 2.5132633762221936, "rate": 5.467299036335953}, "datetime": {"datetime": "2024-04-09 03:00:12", "elapsed": 7.590167, "delta": 0.008752}}
{"target": -280.80144020447915, "params": {"gamma": 3.441849250422999, "prior": 6.937326899745702, "rate": 0.5766186166326498}, "datetime": {"datetime": "2024-04-09 03:00:12", "elapsed": 7.600886, "delta": 0.010719}}
{"target": -147.92296931181826, "params": {"gamma": 1.6084806590922747, "prior": 7.190759234148253, "rate": 9.706216365641005}, "datetime": {"datetime": "2024-04-09 03:00:12", "elapsed": 7.60968, "delta": 0.008794}}
{"target": -589.827162658379, "params": {"gamma": 9.295574214746894, "prior": 9.020563234885856, "rate": 1.2783053957220292}, "datetime": {"datetime": "2024-04-09 03:00:12", "elapsed": 7.618521, "delta": 0.008841}}
{"target": -154.44012070493744, "params": {"gamma": 1.4601432517979631, "prior": 0.8154210924672393, "rate": 5.425859791214765}, "datetime": {"datetime": "2024-04-09 03:00:12", "elapsed": 7.628607, "delta": 0.010086}}
{"target": -526.1733242348254, "params": {"gamma": 8.824979242850812, "prior": 5.364739810662196, "rate": 7.817371138674004}, "datetime": {"datetime": "2024-04-09 03:00:12", "elapsed": 7.63755, "delta": 0.008943}}
{"target": -167.11990547886757, "params": {"gamma": 1.8853494153257044, "prior": 8.644801475646716, "rate": 1.8750602824827893}, "datetime": {"datetime": "2024-04-09 03:00:12", "elapsed": 7.64641, "delta": 0.00886}}
{"target": -120.23504228727253, "params": {"gamma": 0.548586496539166, "prior": 4.2727610032381715, "rate": 5.551489195654376}, "datetime": {"datetime": "2024-04-09 03:00:12", "elapsed": 7.655531, "delta": 0.009121}}
{"target": -648.5475630451235, "params": {"gamma": 9.707449353204424, "prior": 1.0083629510677956, "rate": 2.7399070142023203}, "datetime": {"datetime": "2024-04-09 03:00:12", "elapsed": 7.665805, "delta": 0.010274}}
{"target": -128.38676154725212, "params": {"gamma": 1.0519655837514126, "prior": 3.9653524037024024, "rate": 2.890821820794509}, "datetime": {"datetime": "2024-04-09 03:00:12", "elapsed": 7.674971, "delta": 0.009166}}
{"target": -352.3684653233055, "params": {"gamma": 5.133490194329599, "prior": 3.547741149332395, "rate": 9.28235195448276}, "datetime": {"datetime": "2024-04-09 03:00:12", "elapsed": 7.683833, "delta": 0.008862}}
{"target": -498.0513528060743, "params": {"gamma": 7.8996880160340215, "prior": 8.624012549278358, "rate": 1.2958799584830156}, "datetime": {"datetime": "2024-04-09 03:00:12", "elapsed": 7.693791, "delta": 0.009958}}
{"target": -413.47333096321046, "params": {"gamma": 5.751126599720151, "prior": 2.2263471052601016, "rate": 8.682517475837448}, "datetime": {"datetime": "2024-04-09 03:00:12", "elapsed": 7.703396, "delta": 0.009605}}
{"target": -130.29592590992038, "params": {"gamma": 0.15117919811248737, "prior": 1.1468677297875165, "rate": 3.761194698397609}, "datetime": {"datetime": "2024-04-09 03:00:12", "elapsed": 7.712206, "delta": 0.00881}}
{"target": -240.97060044787557, "params": {"gamma": 4.021536967025843, "prior": 2.8444788214889583, "rate": 0.9615339246006319}, "datetime": {"datetime": "2024-04-09 03:00:12", "elapsed": 7.721295, "delta": 0.009089}}
{"target": -136.2279400587067, "params": {"gamma": 1.1881853207208233, "prior": 3.2476530630886056, "rate": 9.507977547943128}, "datetime": {"datetime": "2024-04-09 03:00:12", "elapsed": 7.731923, "delta": 0.010628}}
{"target": -164.51101351115503, "params": {"gamma": 2.0748582416284203, "prior": 7.498075178486302, "rate": 2.5826284514108324}, "datetime": {"datetime": "2024-04-09 03:00:12", "elapsed": 7.740774, "delta": 0.008851}}
{"target": -119.65204890676738, "params": {"gamma": 0.37336531585223737, "prior": 0.2589168707539145, "rate": 1.5279066058805837}, "datetime": {"datetime": "2024-04-09 03:00:12", "elapsed": 7.749679, "delta": 0.008905}}
{"target": -276.7459640968502, "params": {"gamma": 4.621379845784425, "prior": 7.58342086562427, "rate": 7.2884205045195944}, "datetime": {"datetime": "2024-04-09 03:00:12", "elapsed": 7.75919, "delta": 0.009511}}
{"target": -241.93607843194502, "params": {"gamma": 3.524542035387884, "prior": 4.843478859752845, "rate": 8.140923460003277}, "datetime": {"datetime": "2024-04-09 03:00:12", "elapsed": 7.769131, "delta": 0.009941}}
{"target": -749.0485780000514, "params": {"gamma": 8.384190660883412, "prior": 3.2671753341380563, "rate": 0.043645919052664246}, "datetime": {"datetime": "2024-04-09 03:00:12", "elapsed": 7.778034, "delta": 0.008903}}
{"target": -130.6326935122783, "params": {"gamma": 0.4702615014191002, "prior": 7.404293038279442, "rate": 2.7270501784440078}, "datetime": {"datetime": "2024-04-09 03:00:12", "elapsed": 7.786698, "delta": 0.008664}}
{"target": -354.50521633806267, "params": {"gamma": 4.815376636054336, "prior": 2.0011095337083287, "rate": 8.471282047905861}, "datetime": {"datetime": "2024-04-09 03:00:12", "elapsed": 7.797271, "delta": 0.010573}}
{"target": -279.6843264696694, "params": {"gamma": 5.034272718755895, "prior": 5.318885739650387, "rate": 2.881507801269463}, "datetime": {"datetime": "2024-04-09 03:00:12", "elapsed": 7.806297, "delta": 0.009026}}
{"target": -423.5259046914582, "params": {"gamma": 5.120480307408566, "prior": 0.1194400892869483, "rate": 2.7736731083917574}, "datetime": {"datetime": "2024-04-09 03:00:12", "elapsed": 7.814976, "delta": 0.008679}}
{"target": -222.5393089671325, "params": {"gamma": 3.488281072400821, "prior": 2.9111137742614566, "rate": 0.8604363235466009}, "datetime": {"datetime": "2024-04-09 03:00:12", "elapsed": 7.823908, "delta": 0.008932}}
{"target": -315.4897488590407, "params": {"gamma": 5.2182903111313514, "prior": 7.9059434203978, "rate": 9.426041757646109}, "datetime": {"datetime": "2024-04-09 03:00:12", "elapsed": 7.834176, "delta": 0.010268}}
{"target": -276.21212539890973, "params": {"gamma": 4.973400631374519, "prior": 5.9781631977188905, "rate": 2.9093085181668954}, "datetime": {"datetime": "2024-04-09 03:00:12", "elapsed": 7.843111, "delta": 0.008935}}
{"target": -154.35793257855232, "params": {"gamma": 1.492445929692968, "prior": 1.4055297382115668, "rate": 7.323875397919708}, "datetime": {"datetime": "2024-04-09 03:00:12", "elapsed": 7.851996, "delta": 0.008885}}
{"target": -477.69118929128115, "params": {"gamma": 7.344959884063995, "prior": 1.8755651647026885, "rate": 4.136190237378143}, "datetime": {"datetime": "2024-04-09 03:00:12", "elapsed": 7.862851, "delta": 0.010855}}
{"target": -446.9255741580902, "params": {"gamma": 5.941849134587504, "prior": 1.3402912672428726, "rate": 7.85390412973879}, "datetime": {"datetime": "2024-04-09 03:00:12", "elapsed": 7.871985, "delta": 0.009134}}
{"target": -362.999822734342, "params": {"gamma": 6.20030204099907, "prior": 6.190694745933699, "rate": 7.012379711094405}, "datetime": {"datetime": "2024-04-09 03:00:12", "elapsed": 7.88069, "delta": 0.008705}}
{"target": -591.1539740177891, "params": {"gamma": 9.871843637581678, "prior": 5.667705113976064, "rate": 8.644298200721781}, "datetime": {"datetime": "2024-04-09 03:00:12", "elapsed": 7.889451, "delta": 0.008761}}
{"target": -269.99638126156424, "params": {"gamma": 4.187668041896602, "prior": 6.5792465771516, "rate": 9.252686617399803}, "datetime": {"datetime": "2024-04-09 03:00:12", "elapsed": 7.90006, "delta": 0.010609}}
{"target": -427.18385284580484, "params": {"gamma": 6.64184400562511, "prior": 3.1004986918363557, "rate": 6.199836992922438}, "datetime": {"datetime": "2024-04-09 03:00:12", "elapsed": 7.909054, "delta": 0.008994}}
{"target": -244.4680198046684, "params": {"gamma": 3.5138318852615673, "prior": 3.2914300838307535, "rate": 6.102440382404956}, "datetime": {"datetime": "2024-04-09 03:00:12", "elapsed": 7.917754, "delta": 0.0087}}
{"target": -150.83088450255806, "params": {"gamma": 1.6040719966518822, "prior": 4.918715464001758, "rate": 9.456397215578926}, "datetime": {"datetime": "2024-04-09 03:00:12", "elapsed": 7.927707, "delta": 0.009953}}
{"target": -270.95977100573765, "params": {"gamma": 3.839758505543401, "prior": 1.9707296731335333, "rate": 4.688920657472168}, "datetime": {"datetime": "2024-04-09 03:00:12", "elapsed": 7.937133, "delta": 0.009426}}
{"target": -465.99213307402243, "params": {"gamma": 8.409237406703872, "prior": 8.442410453690822, "rate": 8.278204591352763}, "datetime": {"datetime": "2024-04-09 03:00:12", "elapsed": 7.945993, "delta": 0.00886}}
{"target": -132.86709785260217, "params": {"gamma": 0.11574365054552785, "prior": 2.7436990682901228, "rate": 9.99875799995505}, "datetime": {"datetime": "2024-04-09 03:00:12", "elapsed": 7.9546, "delta": 0.008607}}
{"target": -133.42890566603506, "params": {"gamma": 1.1977130886476726, "prior": 4.951886011267569, "rate": 7.900471479876251}, "datetime": {"datetime": "2024-04-09 03:00:12", "elapsed": 7.965189, "delta": 0.010589}}
{"target": -132.69225998952206, "params": {"gamma": 1.223016887028468, "prior": 6.657850888843354, "rate": 4.881316374767721}, "datetime": {"datetime": "2024-04-09 03:00:12", "elapsed": 7.97429, "delta": 0.009101}}
{"target": -170.5218190084613, "params": {"gamma": 1.9437055308797813, "prior": 8.798437263168932, "rate": 1.8156924881797458}, "datetime": {"datetime": "2024-04-09 03:00:12", "elapsed": 7.983069, "delta": 0.008779}}
{"target": -350.0765020015914, "params": {"gamma": 6.390889540088459, "prior": 7.434186094159498, "rate": 5.6271661930456895}, "datetime": {"datetime": "2024-04-09 03:00:12", "elapsed": 7.992568, "delta": 0.009499}}
{"target": -419.02100803952084, "params": {"gamma": 6.288786844403314, "prior": 1.2777574265578442, "rate": 3.0810618335582585}, "datetime": {"datetime": "2024-04-09 03:00:12", "elapsed": 8.002341, "delta": 0.009773}}
{"target": -369.16271018754213, "params": {"gamma": 5.870035110089563, "prior": 4.015090791444363, "rate": 6.639796868246575}, "datetime": {"datetime": "2024-04-09 03:00:12", "elapsed": 8.011294, "delta": 0.008953}}
{"target": -615.8601261087858, "params": {"gamma": 8.519694493398179, "prior": 1.9831986841906173, "rate": 9.032823736002479}, "datetime": {"datetime": "2024-04-09 03:00:12", "elapsed": 8.020083, "delta": 0.008789}}
{"target": -231.4623351099053, "params": {"gamma": 3.8323753284605018, "prior": 9.43693087420972, "rate": 6.174205747936627}, "datetime": {"datetime": "2024-04-09 03:00:12", "elapsed": 8.03065, "delta": 0.010567}}
{"target": -443.3489350416393, "params": {"gamma": 7.901165115937855, "prior": 5.1962767408949375, "rate": 5.311915799238696}, "datetime": {"datetime": "2024-04-09 03:00:12", "elapsed": 8.039488, "delta": 0.008838}}
{"target": -243.49794663754253, "params": {"gamma": 3.276611393760953, "prior": 1.3807106015508195, "rate": 3.8388352966923764}, "datetime": {"datetime": "2024-04-09 03:00:12", "elapsed": 8.048476, "delta": 0.008988}}
{"target": -193.30685758372866, "params": {"gamma": 2.1505498314359848, "prior": 0.4253660332309741, "rate": 2.7495934114227696}, "datetime": {"datetime": "2024-04-09 03:00:12", "elapsed": 8.05735, "delta": 0.008874}}
{"target": -189.99370690632148, "params": {"gamma": 1.8065799506159026, "prior": 8.767750118877416, "rate": 0.8132843877516185}, "datetime": {"datetime": "2024-04-09 03:00:12", "elapsed": 8.067788, "delta": 0.010438}}
{"target": -157.00299104499436, "params": {"gamma": 1.8397720952197505, "prior": 7.069903885809709, "rate": 9.192339684311714}, "datetime": {"datetime": "2024-04-09 03:00:12", "elapsed": 8.076645, "delta": 0.008857}}
{"target": -230.51060001497626, "params": {"gamma": 2.515333063867109, "prior": 0.3108812014676776, "rate": 9.605084223078242}, "datetime": {"datetime": "2024-04-09 03:00:12", "elapsed": 8.085229, "delta": 0.008584}}
{"target": -415.24498244089534, "params": {"gamma": 6.8225241840990325, "prior": 3.175560691032173, "rate": 4.724262048710183}, "datetime": {"datetime": "2024-04-09 03:00:12", "elapsed": 8.095631, "delta": 0.010402}}
{"target": -397.6709146982234, "params": {"gamma": 5.992959482913756, "prior": 3.801298863446888, "rate": 8.74500347841515}, "datetime": {"datetime": "2024-04-09 03:00:12", "elapsed": 8.104748, "delta": 0.009117}}
{"target": -376.08479893562486, "params": {"gamma": 7.261999710487967, "prior": 9.547972975779691, "rate": 3.5113041629592687}, "datetime": {"datetime": "2024-04-09 03:00:12", "elapsed": 8.113613, "delta": 0.008865}}
{"target": -546.8199352201528, "params": {"gamma": 9.37180371312909, "prior": 4.843095684834866, "rate": 6.423584063846066}, "datetime": {"datetime": "2024-04-09 03:00:12", "elapsed": 8.122725, "delta": 0.009112}}
{"target": -379.1976336170528, "params": {"gamma": 7.36673540034412, "prior": 8.112445893156233, "rate": 3.963197413459656}, "datetime": {"datetime": "2024-04-09 03:00:12", "elapsed": 8.133269, "delta": 0.010544}}
{"target": -266.92225265835106, "params": {"gamma": 4.480011839169197, "prior": 8.191042558516232, "rate": 7.175854473706459}, "datetime": {"datetime": "2024-04-09 03:00:12", "elapsed": 8.142241, "delta": 0.008972}}
{"target": -552.4159024401342, "params": {"gamma": 9.408551244537064, "prior": 9.798018927036628, "rate": 1.7899544503221003}, "datetime": {"datetime": "2024-04-09 03:00:12", "elapsed": 8.151346, "delta": 0.009105}}
{"target": -172.8464123765971, "params": {"gamma": 2.2799661987157394, "prior": 7.188265828062564, "rate": 7.474079963807781}, "datetime": {"datetime": "2024-04-09 03:00:12", "elapsed": 8.161867, "delta": 0.010521}}
{"target": -333.67436291679377, "params": {"gamma": 6.032192362771022, "prior": 8.785267665792963, "rate": 2.5206526306452743}, "datetime": {"datetime": "2024-04-09 03:00:12", "elapsed": 8.170993, "delta": 0.009126}}
{"target": -212.805855041139, "params": {"gamma": 3.3955344555736273, "prior": 4.997003796258398, "rate": 3.150955862596707}, "datetime": {"datetime": "2024-04-09 03:00:12", "elapsed": 8.179881, "delta": 0.008888}}
{"target": -302.9581653619215, "params": {"gamma": 5.454845454328703, "prior": 6.856532985049649, "rate": 2.2044486446357947}, "datetime": {"datetime": "2024-04-09 03:00:12", "elapsed": 8.188807, "delta": 0.008926}}
{"target": -276.7720252698925, "params": {"gamma": 4.853889202229838, "prior": 9.930515440611035, "rate": 3.242288870509168}, "datetime": {"datetime": "2024-04-09 03:00:12", "elapsed": 8.199485, "delta": 0.010678}}
{"target": -127.62698304341126, "params": {"gamma": 0.35458383299364826, "prior": 8.19178211991173, "rate": 5.033564529213024}, "datetime": {"datetime": "2024-04-09 03:00:12", "elapsed": 8.208662, "delta": 0.009177}}
