{"target": -806.4089170266324, "params": {"gamma": 8.348705622270353, "prior": 4.409528980532247, "rate": 9.234638694972633}, "datetime": {"datetime": "2024-04-08 10:47:54", "elapsed": 1.697949, "delta": 0.008384}}
{"target": -478.4261736014624, "params": {"gamma": 7.0608119915549965, "prior": 4.8325099488563055, "rate": 1.2629748273898376}, "datetime": {"datetime": "2024-04-08 10:47:54", "elapsed": 1.706336, "delta": 0.008387}}
{"target": -852.5434389026234, "params": {"gamma": 9.760459461127008, "prior": 1.6823531384065245, "rate": 2.026818650071406}, "datetime": {"datetime": "2024-04-08 10:47:54", "elapsed": 1.714899, "delta": 0.008563}}
{"target": -325.6644570102422, "params": {"gamma": 4.312386369848549, "prior": 4.101598867173958, "rate": 1.4683680561621768}, "datetime": {"datetime": "2024-04-08 10:47:54", "elapsed": 1.723415, "delta": 0.008516}}
{"target": -760.7027200080375, "params": {"gamma": 7.293459874691873, "prior": 1.968576162084141, "rate": 6.439312547472317}, "datetime": {"datetime": "2024-04-08 10:47:54", "elapsed": 1.731866, "delta": 0.008451}}
{"target": -764.978231574669, "params": {"gamma": 7.543305199812411, "prior": 2.1862506816248755, "rate": 6.0099415268282925}, "datetime": {"datetime": "2024-04-08 10:47:54", "elapsed": 1.740277, "delta": 0.008411}}
{"target": -630.6884440603139, "params": {"gamma": 7.489534824083119, "prior": 6.418365235141301, "rate": 5.971675902163545}, "datetime": {"datetime": "2024-04-08 10:47:54", "elapsed": 1.748951, "delta": 0.008674}}
{"target": -299.30298534473894, "params": {"gamma": 2.955527374269315, "prior": 7.342904065290937, "rate": 9.453139091559498}, "datetime": {"datetime": "2024-04-08 10:47:54", "elapsed": 1.757654, "delta": 0.008703}}
{"target": -276.95152508422257, "params": {"gamma": 4.256188341225208, "prior": 7.843599986630912, "rate": 0.5623542555794911}, "datetime": {"datetime": "2024-04-08 10:47:54", "elapsed": 1.766401, "delta": 0.008747}}
{"target": -798.7183609167411, "params": {"gamma": 8.35288075329717, "prior": 2.0032751665392623, "rate": 3.951573592030842}, "datetime": {"datetime": "2024-04-08 10:47:54", "elapsed": 1.775086, "delta": 0.008685}}
{"target": -389.63022950250206, "params": {"gamma": 3.001510378207639, "prior": 0.893026073679888, "rate": 9.046405398359493}, "datetime": {"datetime": "2024-04-08 10:47:54", "elapsed": 1.784036, "delta": 0.00895}}
{"target": -336.3227483345496, "params": {"gamma": 3.702171621359829, "prior": 5.353904640913781, "rate": 4.941668542697355}, "datetime": {"datetime": "2024-04-08 10:47:54", "elapsed": 1.792763, "delta": 0.008727}}
{"target": -171.0714721215857, "params": {"gamma": 1.3224792582874385, "prior": 2.143895183005387, "rate": 0.7628119015141794}, "datetime": {"datetime": "2024-04-08 10:47:54", "elapsed": 1.801332, "delta": 0.008569}}
{"target": -469.169141195336, "params": {"gamma": 5.07970907775293, "prior": 2.6893405631465725, "rate": 3.5712590272190368}, "datetime": {"datetime": "2024-04-08 10:47:54", "elapsed": 1.809816, "delta": 0.008484}}
{"target": -158.05790936990982, "params": {"gamma": 1.0815452216436712, "prior": 7.896763212559821, "rate": 1.0667321840112223}, "datetime": {"datetime": "2024-04-08 10:47:54", "elapsed": 1.818581, "delta": 0.008765}}
{"target": -1007.3781740994683, "params": {"gamma": 9.857102528308165, "prior": 1.8538955279403317, "rate": 5.724478719234059}, "datetime": {"datetime": "2024-04-08 10:47:54", "elapsed": 1.827103, "delta": 0.008522}}
{"target": -147.14752624149602, "params": {"gamma": 0.4494085005562922, "prior": 7.892451267592758, "rate": 1.8968698722351471}, "datetime": {"datetime": "2024-04-08 10:47:54", "elapsed": 1.835691, "delta": 0.008588}}
{"target": -355.94850505803714, "params": {"gamma": 5.279511880102859, "prior": 7.426767677274809, "rate": 1.5001649176876422}, "datetime": {"datetime": "2024-04-08 10:47:54", "elapsed": 1.8442, "delta": 0.008509}}
{"target": -588.4531402424032, "params": {"gamma": 5.511320654695531, "prior": 2.2445103624549163, "rate": 7.592201297122131}, "datetime": {"datetime": "2024-04-08 10:47:54", "elapsed": 1.853024, "delta": 0.008824}}
{"target": -791.8206172016254, "params": {"gamma": 7.229429020368581, "prior": 1.847835439343122, "rate": 8.619803610113067}, "datetime": {"datetime": "2024-04-08 10:47:54", "elapsed": 1.861531, "delta": 0.008507}}
{"target": -144.8554479103571, "params": {"gamma": 0.1987312200639263, "prior": 8.61634627448884, "rate": 5.589479207798223}, "datetime": {"datetime": "2024-04-08 10:47:54", "elapsed": 1.869947, "delta": 0.008416}}
{"target": -361.811643981408, "params": {"gamma": 4.032801500586387, "prior": 7.611594617121132, "rate": 7.169573087923007}, "datetime": {"datetime": "2024-04-08 10:47:54", "elapsed": 1.878539, "delta": 0.008592}}
{"target": -524.7568384524789, "params": {"gamma": 9.873274421909457, "prior": 2.8530419812685297, "rate": 0.03893293042101652}, "datetime": {"datetime": "2024-04-08 10:47:54", "elapsed": 1.887327, "delta": 0.008788}}
{"target": -767.6062039260559, "params": {"gamma": 9.339092180540563, "prior": 8.593181334925148, "rate": 7.28877992431504}, "datetime": {"datetime": "2024-04-08 10:47:54", "elapsed": 1.895727, "delta": 0.0084}}
{"target": -460.6298139230775, "params": {"gamma": 5.167371140432463, "prior": 7.098866827962734, "rate": 7.805515039210552}, "datetime": {"datetime": "2024-04-08 10:47:54", "elapsed": 1.904157, "delta": 0.00843}}
{"target": -342.77041496726304, "params": {"gamma": 3.749384559425057, "prior": 7.72619300076658, "rate": 7.506492567432579}, "datetime": {"datetime": "2024-04-08 10:47:54", "elapsed": 1.912951, "delta": 0.008794}}
{"target": -582.196611598963, "params": {"gamma": 6.132498904231054, "prior": 4.07847264728159, "rate": 6.9733828846241455}, "datetime": {"datetime": "2024-04-08 10:47:54", "elapsed": 1.921672, "delta": 0.008721}}
{"target": -143.08479487585697, "params": {"gamma": 0.032125465394095866, "prior": 7.771476802573518, "rate": 8.964269607966013}, "datetime": {"datetime": "2024-04-08 10:47:54", "elapsed": 1.930237, "delta": 0.008565}}
{"target": -269.55029297067153, "params": {"gamma": 2.393917758667609, "prior": 1.2955951246613744, "rate": 2.2036195939494823}, "datetime": {"datetime": "2024-04-08 10:47:54", "elapsed": 1.938717, "delta": 0.00848}}
{"target": -270.10375279430104, "params": {"gamma": 3.021665216169693, "prior": 8.841982234781959, "rate": 5.432121135950708}, "datetime": {"datetime": "2024-04-08 10:47:54", "elapsed": 1.947444, "delta": 0.008727}}
{"target": -312.9866855020286, "params": {"gamma": 2.8678297844146994, "prior": 1.4697114289501707, "rate": 2.902154486582312}, "datetime": {"datetime": "2024-04-08 10:47:54", "elapsed": 1.956202, "delta": 0.008758}}
{"target": -561.4571608996, "params": {"gamma": 6.139097026322785, "prior": 3.3089714459847217, "rate": 4.574144456728294}, "datetime": {"datetime": "2024-04-08 10:47:54", "elapsed": 1.964631, "delta": 0.008429}}
{"target": -353.39007170822214, "params": {"gamma": 4.441726953059129, "prior": 8.29854007124197, "rate": 4.264055194208071}, "datetime": {"datetime": "2024-04-08 10:47:55", "elapsed": 1.972833, "delta": 0.008202}}
{"target": -271.26234899007005, "params": {"gamma": 3.4576425129338477, "prior": 6.782218887610141, "rate": 2.215599075279554}, "datetime": {"datetime": "2024-04-08 10:47:55", "elapsed": 1.980997, "delta": 0.008164}}
{"target": -465.580574054862, "params": {"gamma": 4.672990993441612, "prior": 3.216180304507763, "rate": 6.268929166026184}, "datetime": {"datetime": "2024-04-08 10:47:55", "elapsed": 1.98958, "delta": 0.008583}}
{"target": -818.914214692638, "params": {"gamma": 8.773727386473432, "prior": 4.532121101441722, "rate": 7.84478973050044}, "datetime": {"datetime": "2024-04-08 10:47:55", "elapsed": 1.997574, "delta": 0.007994}}
{"target": -315.6233225390137, "params": {"gamma": 4.570200039914943, "prior": 6.596670383999601, "rate": 1.3192779092999938}, "datetime": {"datetime": "2024-04-08 10:47:55", "elapsed": 2.005466, "delta": 0.007892}}
{"target": -361.3932490646621, "params": {"gamma": 4.3303820881695145, "prior": 9.102188687683872, "rate": 6.055184531308316}, "datetime": {"datetime": "2024-04-08 10:47:55", "elapsed": 2.013392, "delta": 0.007926}}
{"target": -650.7447335622867, "params": {"gamma": 7.6679790977837845, "prior": 5.096536020149354, "rate": 4.981058192655247}, "datetime": {"datetime": "2024-04-08 10:47:55", "elapsed": 2.021981, "delta": 0.008589}}
{"target": -966.1693947045405, "params": {"gamma": 8.429155502088307, "prior": 0.7712886499754421, "rate": 5.733149443225297}, "datetime": {"datetime": "2024-04-08 10:47:55", "elapsed": 2.02996, "delta": 0.007979}}
{"target": -668.2906470569111, "params": {"gamma": 9.42768299175406, "prior": 5.226814476905987, "rate": 1.945463629469317}, "datetime": {"datetime": "2024-04-08 10:47:55", "elapsed": 2.037818, "delta": 0.007858}}
{"target": -853.3156898267341, "params": {"gamma": 8.479545985042318, "prior": 2.5912275093229433, "rate": 7.007559638788898}, "datetime": {"datetime": "2024-04-08 10:47:55", "elapsed": 2.045991, "delta": 0.008173}}
{"target": -437.38312390925324, "params": {"gamma": 5.403069143028603, "prior": 9.493479253974174, "rate": 6.2437426873243576}, "datetime": {"datetime": "2024-04-08 10:47:55", "elapsed": 2.054738, "delta": 0.008747}}
{"target": -1062.8074504472693, "params": {"gamma": 8.379941642515245, "prior": 0.17853547432577865, "rate": 9.893411221610213}, "datetime": {"datetime": "2024-04-08 10:47:55", "elapsed": 2.062903, "delta": 0.008165}}
{"target": -170.52343608839246, "params": {"gamma": 0.7780679887535326, "prior": 3.2890821847862193, "rate": 9.461577802172197}, "datetime": {"datetime": "2024-04-08 10:47:55", "elapsed": 2.07115, "delta": 0.008247}}
{"target": -143.71334082438918, "params": {"gamma": 0.09038208461007943, "prior": 8.24502705367716, "rate": 8.612255172029577}, "datetime": {"datetime": "2024-04-08 10:47:55", "elapsed": 2.079495, "delta": 0.008345}}
{"target": -473.588685507301, "params": {"gamma": 4.398868311271517, "prior": 2.631877418678719, "rate": 8.027092506813352}, "datetime": {"datetime": "2024-04-08 10:47:55", "elapsed": 2.08828, "delta": 0.008785}}
{"target": -559.7157754532976, "params": {"gamma": 4.77914218231778, "prior": 1.429952225691392, "rate": 9.278562079257282}, "datetime": {"datetime": "2024-04-08 10:47:55", "elapsed": 2.096435, "delta": 0.008155}}
{"target": -835.1606988402033, "params": {"gamma": 8.959803700099478, "prior": 4.966296985167659, "rate": 8.567168262681404}, "datetime": {"datetime": "2024-04-08 10:47:55", "elapsed": 2.1046, "delta": 0.008165}}
{"target": -343.23989157495436, "params": {"gamma": 4.1863616796152225, "prior": 6.866302511646381, "rate": 3.9805084034398166}, "datetime": {"datetime": "2024-04-08 10:47:55", "elapsed": 2.112791, "delta": 0.008191}}
{"target": -570.9792429055871, "params": {"gamma": 5.057914432490653, "prior": 1.9765618580558806, "rate": 9.649924252185027}, "datetime": {"datetime": "2024-04-08 10:47:55", "elapsed": 2.121473, "delta": 0.008682}}
{"target": -298.25482018104043, "params": {"gamma": 2.9428626667543027, "prior": 1.1242496055523734, "rate": 1.4440096868902519}, "datetime": {"datetime": "2024-04-08 10:47:55", "elapsed": 2.129438, "delta": 0.007965}}
{"target": -144.23298669868163, "params": {"gamma": 0.14190884963023712, "prior": 7.187862424677705, "rate": 5.645418704088501}, "datetime": {"datetime": "2024-04-08 10:47:55", "elapsed": 2.137354, "delta": 0.007916}}
{"target": -730.2606764545598, "params": {"gamma": 7.945988933496338, "prior": 5.12009124051295, "rate": 7.918418574002035}, "datetime": {"datetime": "2024-04-08 10:47:55", "elapsed": 2.145593, "delta": 0.008239}}
{"target": -530.1910143706586, "params": {"gamma": 6.957946378504123, "prior": 7.800699920905836, "rate": 4.065422206901887}, "datetime": {"datetime": "2024-04-08 10:47:55", "elapsed": 2.15414, "delta": 0.008547}}
{"target": -612.7902082931455, "params": {"gamma": 6.478058561241625, "prior": 1.8799635471604466, "rate": 3.2188778139156518}, "datetime": {"datetime": "2024-04-08 10:47:55", "elapsed": 2.162334, "delta": 0.008194}}
{"target": -195.66510277455382, "params": {"gamma": 1.7268735965778053, "prior": 4.145508527631297, "rate": 2.4149460609080227}, "datetime": {"datetime": "2024-04-08 10:47:55", "elapsed": 2.170215, "delta": 0.007881}}
{"target": -307.01658543501253, "params": {"gamma": 4.069813019299451, "prior": 9.75470119012939, "rate": 3.2038729388944907}, "datetime": {"datetime": "2024-04-08 10:47:55", "elapsed": 2.178702, "delta": 0.008487}}
{"target": -754.8797850450431, "params": {"gamma": 9.824926958803978, "prior": 6.399430645974237, "rate": 3.7515350929207165}, "datetime": {"datetime": "2024-04-08 10:47:55", "elapsed": 2.187546, "delta": 0.008844}}
{"target": -618.795890224684, "params": {"gamma": 8.574987506336882, "prior": 6.2339087197488805, "rate": 2.521078768228263}, "datetime": {"datetime": "2024-04-08 10:47:55", "elapsed": 2.195729, "delta": 0.008183}}
{"target": -650.4824186805587, "params": {"gamma": 7.9287639240909, "prior": 4.386091236468214, "rate": 3.5757541621370836}, "datetime": {"datetime": "2024-04-08 10:47:55", "elapsed": 2.204407, "delta": 0.008678}}
{"target": -268.325321563999, "params": {"gamma": 3.3034390883142843, "prior": 7.003951868570081, "rate": 2.6872325889383593}, "datetime": {"datetime": "2024-04-08 10:47:55", "elapsed": 2.213157, "delta": 0.00875}}
{"target": -762.0140678170047, "params": {"gamma": 8.082971859040095, "prior": 3.0233590645584933, "rate": 5.441669714469987}, "datetime": {"datetime": "2024-04-08 10:47:55", "elapsed": 2.221962, "delta": 0.008805}}
{"target": -433.2091916608345, "params": {"gamma": 4.879726996560219, "prior": 8.56802848469416, "rate": 8.883975957519464}, "datetime": {"datetime": "2024-04-08 10:47:55", "elapsed": 2.230249, "delta": 0.008287}}
{"target": -226.72450003819375, "params": {"gamma": 1.8446600392352996, "prior": 5.894949743488685, "rate": 8.982152255125355}, "datetime": {"datetime": "2024-04-08 10:47:55", "elapsed": 2.238432, "delta": 0.008183}}
{"target": -326.70752351374125, "params": {"gamma": 4.461726073125263, "prior": 9.226496224289772, "rate": 2.790629913679252}, "datetime": {"datetime": "2024-04-08 10:47:55", "elapsed": 2.24677, "delta": 0.008338}}
{"target": -434.08168536796836, "params": {"gamma": 6.0887029107637645, "prior": 6.856291726691472, "rate": 2.2828291277714907}, "datetime": {"datetime": "2024-04-08 10:47:55", "elapsed": 2.255426, "delta": 0.008656}}
{"target": -144.8224391954248, "params": {"gamma": 0.13866135806461027, "prior": 4.225567227469891, "rate": 9.384880436675484}, "datetime": {"datetime": "2024-04-08 10:47:55", "elapsed": 2.263635, "delta": 0.008209}}
{"target": -257.85134784888453, "params": {"gamma": 3.430938070194235, "prior": 7.819468525277739, "rate": 1.7481883919612469}, "datetime": {"datetime": "2024-04-08 10:47:55", "elapsed": 2.271674, "delta": 0.008039}}
{"target": -404.0294655590529, "params": {"gamma": 3.420186410188222, "prior": 1.531517436297158, "rate": 7.167991370649615}, "datetime": {"datetime": "2024-04-08 10:47:55", "elapsed": 2.279804, "delta": 0.00813}}
{"target": -501.16479381586186, "params": {"gamma": 6.993376929344446, "prior": 6.916123447694296, "rate": 2.5347069488285103}, "datetime": {"datetime": "2024-04-08 10:47:55", "elapsed": 2.288528, "delta": 0.008724}}
{"target": -658.3346510540525, "params": {"gamma": 6.923908856112466, "prior": 2.350245655067901, "rate": 4.247066510197466}, "datetime": {"datetime": "2024-04-08 10:47:55", "elapsed": 2.296629, "delta": 0.008101}}
{"target": -264.13405043894574, "params": {"gamma": 3.7198492945552046, "prior": 3.61754832503921, "rate": 0.5774904176053226}, "datetime": {"datetime": "2024-04-08 10:47:55", "elapsed": 2.304633, "delta": 0.008004}}
{"target": -529.9652079467234, "params": {"gamma": 6.316834622032531, "prior": 7.102434366548825, "rate": 6.136273356333854}, "datetime": {"datetime": "2024-04-08 10:47:55", "elapsed": 2.312699, "delta": 0.008066}}
{"target": -540.1435306399186, "params": {"gamma": 6.483479248875083, "prior": 1.7824130707508519, "rate": 1.495318542589686}, "datetime": {"datetime": "2024-04-08 10:47:55", "elapsed": 2.321375, "delta": 0.008676}}
{"target": -349.83898178163327, "params": {"gamma": 5.142236260215303, "prior": 8.765793990909938, "rate": 1.8403504620306732}, "datetime": {"datetime": "2024-04-08 10:47:55", "elapsed": 2.329393, "delta": 0.008018}}
{"target": -420.98173035764074, "params": {"gamma": 4.628928347963892, "prior": 4.3464301068960385, "rate": 4.973394570009244}, "datetime": {"datetime": "2024-04-08 10:47:55", "elapsed": 2.337431, "delta": 0.008038}}
{"target": -195.48090789270836, "params": {"gamma": 1.6159461940896331, "prior": 3.4901623472346244, "rate": 2.6195421606310987}, "datetime": {"datetime": "2024-04-08 10:47:55", "elapsed": 2.34566, "delta": 0.008229}}
{"target": -640.3037561017941, "params": {"gamma": 8.44542490535156, "prior": 8.023289233186377, "rate": 4.266964943523168}, "datetime": {"datetime": "2024-04-08 10:47:55", "elapsed": 2.354203, "delta": 0.008543}}
{"target": -641.3129974769766, "params": {"gamma": 6.070547592429601, "prior": 1.5401095416355777, "rate": 5.096623328881369}, "datetime": {"datetime": "2024-04-08 10:47:55", "elapsed": 2.362516, "delta": 0.008313}}
{"target": -277.04520211799536, "params": {"gamma": 2.9701739107832585, "prior": 8.61054444033509, "rate": 6.716312210682993}, "datetime": {"datetime": "2024-04-08 10:47:55", "elapsed": 2.370872, "delta": 0.008356}}
{"target": -673.3952416266629, "params": {"gamma": 6.335106652211588, "prior": 1.3350378706848745, "rate": 4.706408207109359}, "datetime": {"datetime": "2024-04-08 10:47:55", "elapsed": 2.379464, "delta": 0.008592}}
{"target": -778.4495683595648, "params": {"gamma": 9.865741223089229, "prior": 9.488161823319384, "rate": 6.451211316964176}, "datetime": {"datetime": "2024-04-08 10:47:55", "elapsed": 2.388335, "delta": 0.008871}}
{"target": -193.73772307955295, "params": {"gamma": 1.5180969854487043, "prior": 6.427355802327059, "rate": 5.657055463326731}, "datetime": {"datetime": "2024-04-08 10:47:55", "elapsed": 2.39699, "delta": 0.008655}}
{"target": -440.03504943114564, "params": {"gamma": 4.6871897107748595, "prior": 4.337570947735874, "rate": 5.993098286824644}, "datetime": {"datetime": "2024-04-08 10:47:55", "elapsed": 2.405378, "delta": 0.008388}}
{"target": -688.342735133953, "params": {"gamma": 8.499848915271139, "prior": 7.53609829968218, "rate": 5.794026042432034}, "datetime": {"datetime": "2024-04-08 10:47:55", "elapsed": 2.413982, "delta": 0.008604}}
{"target": -1107.8467439704682, "params": {"gamma": 9.247117111178744, "prior": 0.7409258360713337, "rate": 9.913473740809359}, "datetime": {"datetime": "2024-04-08 10:47:55", "elapsed": 2.422638, "delta": 0.008656}}
{"target": -156.42425466068227, "params": {"gamma": 0.5308924321372274, "prior": 2.0750059067717572, "rate": 4.228103863783965}, "datetime": {"datetime": "2024-04-08 10:47:55", "elapsed": 2.430773, "delta": 0.008135}}
{"target": -156.90132095344433, "params": {"gamma": 1.0759812529754917, "prior": 6.274337068877248, "rate": 0.4808776479246243}, "datetime": {"datetime": "2024-04-08 10:47:55", "elapsed": 2.43876, "delta": 0.007987}}
{"target": -373.0444679255768, "params": {"gamma": 2.8469541861884147, "prior": 0.7042631430847438, "rate": 7.035489791719707}, "datetime": {"datetime": "2024-04-08 10:47:55", "elapsed": 2.447122, "delta": 0.008362}}
{"target": -504.97691817592647, "params": {"gamma": 6.684893219727232, "prior": 3.847947873180962, "rate": 1.8827544060381822}, "datetime": {"datetime": "2024-04-08 10:47:55", "elapsed": 2.455713, "delta": 0.008591}}
{"target": -736.176104894123, "params": {"gamma": 7.4703012854704225, "prior": 3.469754978578126, "rate": 7.953216372889023}, "datetime": {"datetime": "2024-04-08 10:47:55", "elapsed": 2.463849, "delta": 0.008136}}
{"target": -303.1529459032152, "params": {"gamma": 4.879521490857024, "prior": 5.304127499074696, "rate": 0.28588000406618064}, "datetime": {"datetime": "2024-04-08 10:47:55", "elapsed": 2.471925, "delta": 0.008076}}
{"target": -511.83548166564435, "params": {"gamma": 6.442675966770439, "prior": 3.5714993740784573, "rate": 2.292821067893365}, "datetime": {"datetime": "2024-04-08 10:47:55", "elapsed": 2.480472, "delta": 0.008547}}
{"target": -402.07401980408014, "params": {"gamma": 4.339399878740795, "prior": 3.8864278269820844, "rate": 4.698420611823517}, "datetime": {"datetime": "2024-04-08 10:47:55", "elapsed": 2.489274, "delta": 0.008802}}
{"target": -940.336371690173, "params": {"gamma": 9.794854058443883, "prior": 3.7073428966454816, "rate": 7.744326923227059}, "datetime": {"datetime": "2024-04-08 10:47:55", "elapsed": 2.497441, "delta": 0.008167}}
{"target": -409.7466907541544, "params": {"gamma": 5.528123197902375, "prior": 8.90239778216408, "rate": 3.55017355864457}, "datetime": {"datetime": "2024-04-08 10:47:55", "elapsed": 2.505979, "delta": 0.008538}}
{"target": -199.1312400572982, "params": {"gamma": 2.455941283184888, "prior": 9.119090472603986, "rate": 0.43629910331389593}, "datetime": {"datetime": "2024-04-08 10:47:55", "elapsed": 2.514558, "delta": 0.008579}}
{"target": -749.07777578212, "params": {"gamma": 9.507583527181962, "prior": 5.60842846514216, "rate": 3.764255803654188}, "datetime": {"datetime": "2024-04-08 10:47:55", "elapsed": 2.523195, "delta": 0.008637}}
{"target": -1137.867467221958, "params": {"gamma": 9.950528171068772, "prior": 0.6777901968615533, "rate": 5.167546891316355}, "datetime": {"datetime": "2024-04-08 10:47:55", "elapsed": 2.531511, "delta": 0.008316}}
{"target": -145.61454321596165, "params": {"gamma": 0.311939657480023, "prior": 5.754639817943711, "rate": 1.8055046214421606}, "datetime": {"datetime": "2024-04-08 10:47:55", "elapsed": 2.539977, "delta": 0.008466}}
