{"target": -837.6192507123899, "params": {"gamma": 4.170803025021038, "lr": 0.7203244934421581}, "datetime": {"datetime": "2024-04-04 21:00:52", "elapsed": 0.0, "delta": 0.0}}
{"target": -146.0884309563393, "params": {"gamma": 0.002143633798631522, "lr": 0.30233257263183977}, "datetime": {"datetime": "2024-04-04 21:00:52", "elapsed": 0.002639, "delta": 0.002639}}
{"target": -683.6633655020898, "params": {"gamma": 1.4684121522803133, "lr": 0.0923385947687978}, "datetime": {"datetime": "2024-04-04 21:00:52", "elapsed": 0.005313, "delta": 0.002674}}
{"target": -236.6858487878838, "params": {"gamma": 1.8634158535653313, "lr": 0.34556072704304774}, "datetime": {"datetime": "2024-04-04 21:00:52", "elapsed": 0.008087, "delta": 0.002774}}
{"target": -636.9805659554693, "params": {"gamma": 3.968277974832469, "lr": 0.538816734003357}, "datetime": {"datetime": "2024-04-04 21:00:52", "elapsed": 0.01092, "delta": 0.002833}}
{"target": -829.97820817968, "params": {"gamma": 4.192525949518545, "lr": 0.6852195003967595}, "datetime": {"datetime": "2024-04-04 21:00:52", "elapsed": 0.013732, "delta": 0.002812}}
{"target": -543.554563474908, "params": {"gamma": 2.045318045065443, "lr": 0.8781174363909454}, "datetime": {"datetime": "2024-04-04 21:00:52", "elapsed": 0.01645, "delta": 0.002718}}
{"target": -140.00966603093858, "params": {"gamma": 0.2748485443860637, "lr": 0.6704675101784022}, "datetime": {"datetime": "2024-04-04 21:00:52", "elapsed": 0.019218, "delta": 0.002768}}
{"target": -689.2258745164836, "params": {"gamma": 4.173630718868903, "lr": 0.5586898284457517}, "datetime": {"datetime": "2024-04-04 21:00:52", "elapsed": 0.021828, "delta": 0.00261}}
{"target": -241.85827245553102, "params": {"gamma": 1.4047289990137424, "lr": 0.1981014890848788}, "datetime": {"datetime": "2024-04-04 21:00:52", "elapsed": 0.024464, "delta": 0.002636}}
{"target": -2101.8789191943606, "params": {"gamma": 8.00764494218669, "lr": 0.9682615757193975}, "datetime": {"datetime": "2024-04-04 21:00:52", "elapsed": 0.027018, "delta": 0.002554}}
{"target": -626.4150807396347, "params": {"gamma": 3.1349283574142692, "lr": 0.6923226156693141}, "datetime": {"datetime": "2024-04-04 21:00:52", "elapsed": 0.029678, "delta": 0.00266}}
{"target": -2247.3671598846495, "params": {"gamma": 8.764015133808087, "lr": 0.8946066635038473}, "datetime": {"datetime": "2024-04-04 21:00:52", "elapsed": 0.032322, "delta": 0.002644}}
{"target": -473.68575608523497, "params": {"gamma": 0.8513570694864094, "lr": 0.03905478323288236}, "datetime": {"datetime": "2024-04-04 21:00:52", "elapsed": 0.034833, "delta": 0.002511}}
{"target": -457.0169230965611, "params": {"gamma": 1.6991343652261244, "lr": 0.8781425034294131}, "datetime": {"datetime": "2024-04-04 21:00:52", "elapsed": 0.037506, "delta": 0.002673}}
{"target": -178.16379216648332, "params": {"gamma": 0.9843699914966679, "lr": 0.42110762500505217}, "datetime": {"datetime": "2024-04-04 21:00:52", "elapsed": 0.040228, "delta": 0.002722}}
{"target": -1499.476983807879, "params": {"gamma": 9.578937411974868, "lr": 0.5331652849730171}, "datetime": {"datetime": "2024-04-04 21:00:52", "elapsed": 0.04299, "delta": 0.002762}}
{"target": -682.6049239972776, "params": {"gamma": 6.919079262390784, "lr": 0.31551563100606295}, "datetime": {"datetime": "2024-04-04 21:00:52", "elapsed": 0.045751, "delta": 0.002761}}
{"target": -1637.739144439329, "params": {"gamma": 6.865322775888155, "lr": 0.8346256718973729}, "datetime": {"datetime": "2024-04-04 21:00:52", "elapsed": 0.048524, "delta": 0.002773}}
{"target": -141.24202841918185, "params": {"gamma": 0.18386448516457388, "lr": 0.7501443149449675}, "datetime": {"datetime": "2024-04-04 21:00:52", "elapsed": 0.051112, "delta": 0.002588}}
{"target": -1997.9695233663283, "params": {"gamma": 9.88862202797604, "lr": 0.7481656543798394}, "datetime": {"datetime": "2024-04-04 21:00:52", "elapsed": 0.053726, "delta": 0.002614}}
{"target": -654.8424206004663, "params": {"gamma": 2.8051594766519874, "lr": 0.7892793284514885}, "datetime": {"datetime": "2024-04-04 21:00:52", "elapsed": 0.056379, "delta": 0.002653}}
{"target": -194.61908250239975, "params": {"gamma": 1.0331568397698425, "lr": 0.44789352617590517}, "datetime": {"datetime": "2024-04-04 21:00:52", "elapsed": 0.059037, "delta": 0.002658}}
{"target": -888.2298869644743, "params": {"gamma": 9.086046435427862, "lr": 0.2936141483736795}, "datetime": {"datetime": "2024-04-04 21:00:52", "elapsed": 0.061621, "delta": 0.002584}}
{"target": -729.3093536727563, "params": {"gamma": 2.878465610524901, "lr": 0.13002857211827767}, "datetime": {"datetime": "2024-04-04 21:00:52", "elapsed": 0.064384, "delta": 0.002763}}
{"target": -137.69603387611932, "params": {"gamma": 0.19465021174510047, "lr": 0.678835532939891}, "datetime": {"datetime": "2024-04-04 21:00:52", "elapsed": 0.066999, "delta": 0.002615}}
{"target": -249.1273561344893, "params": {"gamma": 2.1170695318845905, "lr": 0.2655466593722262}, "datetime": {"datetime": "2024-04-04 21:00:52", "elapsed": 0.069589, "delta": 0.00259}}
{"target": -2554.1909784824297, "params": {"gamma": 4.916240019644103, "lr": 0.053362545117080384}, "datetime": {"datetime": "2024-04-04 21:00:52", "elapsed": 0.072242, "delta": 0.002653}}
{"target": -1089.453960422787, "params": {"gamma": 5.741601937314639, "lr": 0.14672857490581015}, "datetime": {"datetime": "2024-04-04 21:00:52", "elapsed": 0.074755, "delta": 0.002513}}
{"target": -1159.0424532094075, "params": {"gamma": 5.89346606349594, "lr": 0.6997583600209312}, "datetime": {"datetime": "2024-04-04 21:00:52", "elapsed": 0.077528, "delta": 0.002773}}
{"target": -181.9921039529902, "params": {"gamma": 1.0242419538494305, "lr": 0.4140559878195683}, "datetime": {"datetime": "2024-04-04 21:00:52", "elapsed": 0.080354, "delta": 0.002826}}
{"target": -923.2468877801817, "params": {"gamma": 6.9443071771197245, "lr": 0.41417926952690265}, "datetime": {"datetime": "2024-04-04 21:00:52", "elapsed": 0.083074, "delta": 0.00272}}
{"target": -149.52812020642926, "params": {"gamma": 0.5004846360019255, "lr": 0.5358964059155116}, "datetime": {"datetime": "2024-04-04 21:00:52", "elapsed": 0.085685, "delta": 0.002611}}
{"target": -1046.8519455887695, "params": {"gamma": 6.638282657552669, "lr": 0.5148891120583086}, "datetime": {"datetime": "2024-04-04 21:00:52", "elapsed": 0.088307, "delta": 0.002622}}
{"target": -1572.0565871199763, "params": {"gamma": 9.446002965152143, "lr": 0.5865550405019929}, "datetime": {"datetime": "2024-04-04 21:00:52", "elapsed": 0.090832, "delta": 0.002525}}
{"target": -2220.9559031747094, "params": {"gamma": 9.034115750963547, "lr": 0.13747470414623753}, "datetime": {"datetime": "2024-04-04 21:00:52", "elapsed": 0.093345, "delta": 0.002513}}
{"target": -351.2527839904647, "params": {"gamma": 1.3936241961603346, "lr": 0.8073912887095238}, "datetime": {"datetime": "2024-04-04 21:00:52", "elapsed": 0.095937, "delta": 0.002592}}
{"target": -770.1173333955871, "params": {"gamma": 3.9773706930183503, "lr": 0.16535419711693278}, "datetime": {"datetime": "2024-04-04 21:00:52", "elapsed": 0.098452, "delta": 0.002515}}
{"target": -1031.2142947008183, "params": {"gamma": 9.275158295379942, "lr": 0.34776585974550656}, "datetime": {"datetime": "2024-04-04 21:00:52", "elapsed": 0.10098, "delta": 0.002528}}
{"target": -1493.8879540642947, "params": {"gamma": 7.50837021925842, "lr": 0.7259979853504515}, "datetime": {"datetime": "2024-04-04 21:00:52", "elapsed": 0.103481, "delta": 0.002501}}
{"target": -1475.2914032438061, "params": {"gamma": 8.833177605966892, "lr": 0.6236722070556089}, "datetime": {"datetime": "2024-04-04 21:00:52", "elapsed": 0.106046, "delta": 0.002565}}
{"target": -838.9634560221058, "params": {"gamma": 7.509673397839345, "lr": 0.34889834197784253}, "datetime": {"datetime": "2024-04-04 21:00:52", "elapsed": 0.108682, "delta": 0.002636}}
{"target": -704.2354918302766, "params": {"gamma": 2.7000089897584956, "lr": 0.8958862181960668}, "datetime": {"datetime": "2024-04-04 21:00:52", "elapsed": 0.111512, "delta": 0.00283}}
{"target": -1130.2176741098622, "params": {"gamma": 4.281483807523078, "lr": 0.9648400471483856}, "datetime": {"datetime": "2024-04-04 21:00:52", "elapsed": 0.11431, "delta": 0.002798}}
{"target": -1113.784662721871, "params": {"gamma": 6.634751536686663, "lr": 0.6216957202091218}, "datetime": {"datetime": "2024-04-04 21:00:52", "elapsed": 0.117004, "delta": 0.002694}}
{"target": -327.0879090547602, "params": {"gamma": 1.1483449835607984, "lr": 0.9494892587070712}, "datetime": {"datetime": "2024-04-04 21:00:52", "elapsed": 0.119663, "delta": 0.002659}}
{"target": -761.6284000418553, "params": {"gamma": 4.499671422665926, "lr": 0.5783896143871318}, "datetime": {"datetime": "2024-04-04 21:00:52", "elapsed": 0.122246, "delta": 0.002583}}
{"target": -363.9342143297401, "params": {"gamma": 4.081959890810051, "lr": 0.2370269802430277}, "datetime": {"datetime": "2024-04-04 21:00:52", "elapsed": 0.124882, "delta": 0.002636}}
{"target": -1504.4798691182468, "params": {"gamma": 9.033891826101975, "lr": 0.5736794866722859}, "datetime": {"datetime": "2024-04-04 21:00:52", "elapsed": 0.127482, "delta": 0.0026}}
{"target": -143.48433413565382, "params": {"gamma": 0.029700399984558545, "lr": 0.6171449136207239}, "datetime": {"datetime": "2024-04-04 21:00:52", "elapsed": 0.130004, "delta": 0.002522}}
{"target": -530.0944842728821, "params": {"gamma": 3.2671223728191894, "lr": 0.5270581022576093}, "datetime": {"datetime": "2024-04-04 21:00:52", "elapsed": 0.132661, "delta": 0.002657}}
{"target": -985.9405672085999, "params": {"gamma": 8.859535051008434, "lr": 0.35726976000249977}, "datetime": {"datetime": "2024-04-04 21:00:52", "elapsed": 0.135184, "delta": 0.002523}}
{"target": -1516.7822889952859, "params": {"gamma": 9.085442974047073, "lr": 0.6233601157918027}, "datetime": {"datetime": "2024-04-04 21:00:52", "elapsed": 0.137853, "delta": 0.002669}}
{"target": -141.5956922294332, "params": {"gamma": 0.15919660722271628, "lr": 0.9294372337437613}, "datetime": {"datetime": "2024-04-04 21:00:52", "elapsed": 0.140599, "delta": 0.002746}}
{"target": -1815.2897821597712, "params": {"gamma": 6.9092782782517235, "lr": 0.9973228504514805}, "datetime": {"datetime": "2024-04-04 21:00:52", "elapsed": 0.143458, "delta": 0.002859}}
{"target": -457.80182550031464, "params": {"gamma": 1.7242327429449402, "lr": 0.13713574962887776}, "datetime": {"datetime": "2024-04-04 21:00:52", "elapsed": 0.146269, "delta": 0.002811}}
{"target": -1824.5665673589233, "params": {"gamma": 9.326022034908599, "lr": 0.6968181614899002}, "datetime": {"datetime": "2024-04-04 21:00:52", "elapsed": 0.148979, "delta": 0.00271}}
{"target": -196.96986597425354, "params": {"gamma": 0.6609357270479028, "lr": 0.7554630526024664}, "datetime": {"datetime": "2024-04-04 21:00:52", "elapsed": 0.151731, "delta": 0.002752}}
{"target": -1979.594080237664, "params": {"gamma": 7.539008008424004, "lr": 0.9230245355464833}, "datetime": {"datetime": "2024-04-04 21:00:52", "elapsed": 0.15431, "delta": 0.002579}}
{"target": -2134.0796474289327, "params": {"gamma": 7.11553606152609, "lr": 0.1242709619721647}, "datetime": {"datetime": "2024-04-04 21:00:52", "elapsed": 0.156939, "delta": 0.002629}}
{"target": -195.8854682071616, "params": {"gamma": 0.1997814582641161, "lr": 0.026210986877719278}, "datetime": {"datetime": "2024-04-04 21:00:52", "elapsed": 0.159675, "delta": 0.002736}}
{"target": -132.88802609323204, "params": {"gamma": 0.2840365737199253, "lr": 0.2462110676030459}, "datetime": {"datetime": "2024-04-04 21:00:52", "elapsed": 0.16224, "delta": 0.002565}}
{"target": -1348.8257103351618, "params": {"gamma": 8.600419458880197, "lr": 0.5388310643416528}, "datetime": {"datetime": "2024-04-04 21:00:52", "elapsed": 0.164915, "delta": 0.002675}}
{"target": -1321.8991795153097, "params": {"gamma": 5.5286669648789735, "lr": 0.8420308923596057}, "datetime": {"datetime": "2024-04-04 21:00:52", "elapsed": 0.167529, "delta": 0.002614}}
{"target": -177.2053090729049, "params": {"gamma": 1.2426089778839915, "lr": 0.2791836790111395}, "datetime": {"datetime": "2024-04-04 21:00:52", "elapsed": 0.170156, "delta": 0.002627}}
{"target": -1541.0672878828507, "params": {"gamma": 5.858006955311422, "lr": 0.9695957483196745}, "datetime": {"datetime": "2024-04-04 21:00:52", "elapsed": 0.172886, "delta": 0.00273}}
{"target": -2913.4460867636035, "params": {"gamma": 5.6107411623378445, "lr": 0.01864728937294302}, "datetime": {"datetime": "2024-04-04 21:00:52", "elapsed": 0.175656, "delta": 0.00277}}
{"target": -683.7517264800359, "params": {"gamma": 8.006526094133482, "lr": 0.23297427384102043}, "datetime": {"datetime": "2024-04-04 21:00:52", "elapsed": 0.178447, "delta": 0.002791}}
{"target": -928.237387864589, "params": {"gamma": 8.071244850992173, "lr": 0.38786064406417176}, "datetime": {"datetime": "2024-04-04 21:00:52", "elapsed": 0.181252, "delta": 0.002805}}
{"target": -1746.7772875687222, "params": {"gamma": 8.635555003739727, "lr": 0.7471216427371846}, "datetime": {"datetime": "2024-04-04 21:00:52", "elapsed": 0.184096, "delta": 0.002844}}
{"target": -1377.750541173518, "params": {"gamma": 5.562846099670199, "lr": 0.13645522566068502}, "datetime": {"datetime": "2024-04-04 21:00:52", "elapsed": 0.186718, "delta": 0.002622}}
{"target": -243.27806789288613, "params": {"gamma": 0.6001169774326044, "lr": 0.12134345574073735}, "datetime": {"datetime": "2024-04-04 21:00:52", "elapsed": 0.18948, "delta": 0.002762}}
{"target": -234.8321641467052, "params": {"gamma": 0.4464742335690725, "lr": 0.1074941291060929}, "datetime": {"datetime": "2024-04-04 21:00:52", "elapsed": 0.19216, "delta": 0.00268}}
{"target": -462.7889828999539, "params": {"gamma": 2.2578676767399393, "lr": 0.7129889803826767}, "datetime": {"datetime": "2024-04-04 21:00:52", "elapsed": 0.194695, "delta": 0.002535}}
{"target": -2906.6527932807844, "params": {"gamma": 5.597610103559371, "lr": 0.012555980159115854}, "datetime": {"datetime": "2024-04-04 21:00:52", "elapsed": 0.197426, "delta": 0.002731}}
{"target": -228.35247274560052, "params": {"gamma": 0.7206708226151783, "lr": 0.967276330000272}, "datetime": {"datetime": "2024-04-04 21:00:52", "elapsed": 0.200136, "delta": 0.00271}}
{"target": -533.8923753584019, "params": {"gamma": 5.6814365187375016, "lr": 0.20329323466099047}, "datetime": {"datetime": "2024-04-04 21:00:52", "elapsed": 0.202774, "delta": 0.002638}}
{"target": -526.1852497837825, "params": {"gamma": 2.5240051199586637, "lr": 0.7438258540750929}, "datetime": {"datetime": "2024-04-04 21:00:52", "elapsed": 0.205495, "delta": 0.002721}}
{"target": -350.6888455973105, "params": {"gamma": 1.9550993816120785, "lr": 0.5813589272732578}, "datetime": {"datetime": "2024-04-04 21:00:52", "elapsed": 0.208188, "delta": 0.002693}}
{"target": -2308.0162359752344, "params": {"gamma": 9.700229870894034, "lr": 0.8468288014900353}, "datetime": {"datetime": "2024-04-04 21:00:52", "elapsed": 0.210977, "delta": 0.002789}}
{"target": -368.7788939808953, "params": {"gamma": 2.399237743716714, "lr": 0.49376971426872995}, "datetime": {"datetime": "2024-04-04 21:00:52", "elapsed": 0.213797, "delta": 0.00282}}
{"target": -1494.5953731014265, "params": {"gamma": 6.199937228095417, "lr": 0.8289808995501787}, "datetime": {"datetime": "2024-04-04 21:00:52", "elapsed": 0.216569, "delta": 0.002772}}
{"target": -830.5448973358608, "params": {"gamma": 1.5687571550661965, "lr": 0.018576202177409518}, "datetime": {"datetime": "2024-04-04 21:00:52", "elapsed": 0.219169, "delta": 0.0026}}
{"target": -161.45440239903385, "params": {"gamma": 0.7011514150485041, "lr": 0.4863451109370318}, "datetime": {"datetime": "2024-04-04 21:00:52", "elapsed": 0.221832, "delta": 0.002663}}
{"target": -988.7961419140084, "params": {"gamma": 6.063688287071651, "lr": 0.5688514370864813}, "datetime": {"datetime": "2024-04-04 21:00:52", "elapsed": 0.224477, "delta": 0.002645}}
{"target": -842.4923979677557, "params": {"gamma": 3.1743067308122854, "lr": 0.9886161544124489}, "datetime": {"datetime": "2024-04-04 21:00:52", "elapsed": 0.227052, "delta": 0.002575}}
{"target": -671.9604097551021, "params": {"gamma": 5.797872447238724, "lr": 0.3801411726235504}, "datetime": {"datetime": "2024-04-04 21:00:52", "elapsed": 0.229702, "delta": 0.00265}}
{"target": -1120.572807873906, "params": {"gamma": 5.509931242959851, "lr": 0.7453344309065021}, "datetime": {"datetime": "2024-04-04 21:00:52", "elapsed": 0.232375, "delta": 0.002673}}
{"target": -689.45414264016, "params": {"gamma": 6.6926597016383935, "lr": 0.2649195576628094}, "datetime": {"datetime": "2024-04-04 21:00:52", "elapsed": 0.234974, "delta": 0.002599}}
{"target": -140.83503065069496, "params": {"gamma": 0.6642820094499873, "lr": 0.3700841979141063}, "datetime": {"datetime": "2024-04-04 21:00:52", "elapsed": 0.237625, "delta": 0.002651}}
{"target": -588.8720639290229, "params": {"gamma": 6.297545352708624, "lr": 0.2101740099148396}, "datetime": {"datetime": "2024-04-04 21:00:52", "elapsed": 0.240264, "delta": 0.002639}}
{"target": -3905.3832254077965, "params": {"gamma": 7.5278027818344, "lr": 0.06653648135411494}, "datetime": {"datetime": "2024-04-04 21:00:52", "elapsed": 0.242924, "delta": 0.00266}}
{"target": -625.2236530008439, "params": {"gamma": 2.603890670686831, "lr": 0.8047545637433454}, "datetime": {"datetime": "2024-04-04 21:00:52", "elapsed": 0.245754, "delta": 0.00283}}
{"target": -365.8952953504781, "params": {"gamma": 1.935149391950654, "lr": 0.6394608808799401}, "datetime": {"datetime": "2024-04-04 21:00:52", "elapsed": 0.248558, "delta": 0.002804}}
{"target": -1381.801894136402, "params": {"gamma": 5.247178420928214, "lr": 0.9248079703993507}, "datetime": {"datetime": "2024-04-04 21:00:52", "elapsed": 0.251115, "delta": 0.002557}}
{"target": -1375.4810914314064, "params": {"gamma": 2.633704408100623, "lr": 0.06596109068402378}, "datetime": {"datetime": "2024-04-04 21:00:52", "elapsed": 0.253795, "delta": 0.00268}}
{"target": -1673.93391216321, "params": {"gamma": 7.350924566923407, "lr": 0.7721780295432468}, "datetime": {"datetime": "2024-04-04 21:00:52", "elapsed": 0.256366, "delta": 0.002571}}
{"target": -2381.2633822390244, "params": {"gamma": 9.078250709182736, "lr": 0.9319720691968373}, "datetime": {"datetime": "2024-04-04 21:00:52", "elapsed": 0.25901, "delta": 0.002644}}
{"target": -138.02516425792152, "params": {"gamma": 0.14050177818299456, "lr": 0.2343620861214205}, "datetime": {"datetime": "2024-04-04 21:00:52", "elapsed": 0.261544, "delta": 0.002534}}
{"target": -1621.9600350232847, "params": {"gamma": 6.1681667916595755, "lr": 0.9490163206876164}, "datetime": {"datetime": "2024-04-04 21:00:52", "elapsed": 0.264199, "delta": 0.002655}}
{"target": -1535.1108942999763, "params": {"gamma": 9.50181101635155, "lr": 0.5566531881951564}, "datetime": {"datetime": "2024-04-04 21:00:52", "elapsed": 0.266768, "delta": 0.002569}}
{"target": -1618.5871275022594, "params": {"gamma": 9.15614789131298, "lr": 0.6415662089463375}, "datetime": {"datetime": "2024-04-04 21:00:52", "elapsed": 0.269458, "delta": 0.00269}}
{"target": -577.0137221983239, "params": {"gamma": 3.9006871336983213, "lr": 0.48599066709690975}, "datetime": {"datetime": "2024-04-04 21:00:52", "elapsed": 0.272066, "delta": 0.002608}}
{"target": -955.3808051393396, "params": {"gamma": 6.043500518716813, "lr": 0.5495479215085626}, "datetime": {"datetime": "2024-04-04 21:00:52", "elapsed": 0.274712, "delta": 0.002646}}
{"target": -2429.1875424546183, "params": {"gamma": 9.26188808563783, "lr": 0.9187334356336061}, "datetime": {"datetime": "2024-04-04 21:00:52", "elapsed": 0.277545, "delta": 0.002833}}
{"target": -1043.7936069270038, "params": {"gamma": 3.9493612536226252, "lr": 0.9632625284407118}, "datetime": {"datetime": "2024-04-04 21:00:52", "elapsed": 0.280419, "delta": 0.002874}}
{"target": -461.51093282138527, "params": {"gamma": 1.740382711137963, "lr": 0.12632951943963733}, "datetime": {"datetime": "2024-04-04 21:00:52", "elapsed": 0.283105, "delta": 0.002686}}
{"target": -247.64915301438478, "params": {"gamma": 1.3516565013092665, "lr": 0.5056621656768967}, "datetime": {"datetime": "2024-04-04 21:00:52", "elapsed": 0.285768, "delta": 0.002663}}
{"target": -144.84919211058164, "params": {"gamma": 0.2162265279367056, "lr": 0.947970211217681}, "datetime": {"datetime": "2024-04-04 21:00:52", "elapsed": 0.288342, "delta": 0.002574}}
{"target": -4290.140654217565, "params": {"gamma": 8.271327596236153, "lr": 0.015018980742122379}, "datetime": {"datetime": "2024-04-04 21:00:52", "elapsed": 0.290978, "delta": 0.002636}}
{"target": -207.0949088785774, "params": {"gamma": 1.7627863594949775, "lr": 0.332063574366837}, "datetime": {"datetime": "2024-04-04 21:00:52", "elapsed": 0.29355, "delta": 0.002572}}
{"target": -333.1513896530866, "params": {"gamma": 1.310837451264358, "lr": 0.8094906921265821}, "datetime": {"datetime": "2024-04-04 21:00:52", "elapsed": 0.296108, "delta": 0.002558}}
{"target": -913.5040007318282, "params": {"gamma": 3.4480217901802512, "lr": 0.9401074823333672}, "datetime": {"datetime": "2024-04-04 21:00:52", "elapsed": 0.298878, "delta": 0.00277}}
{"target": -1508.0720453214358, "params": {"gamma": 5.820559785290854, "lr": 0.8788319844118441}, "datetime": {"datetime": "2024-04-04 21:00:52", "elapsed": 0.30158, "delta": 0.002702}}
{"target": -2166.6679938700463, "params": {"gamma": 8.447499719476827, "lr": 0.9053923187086492}, "datetime": {"datetime": "2024-04-04 21:00:52", "elapsed": 0.304393, "delta": 0.002813}}
{"target": -733.6081232527969, "params": {"gamma": 4.599342777902254, "lr": 0.5463468160203733}, "datetime": {"datetime": "2024-04-04 21:00:52", "elapsed": 0.307031, "delta": 0.002638}}
{"target": -783.8310838307274, "params": {"gamma": 7.986237307929242, "lr": 0.28571885173414757}, "datetime": {"datetime": "2024-04-04 21:00:52", "elapsed": 0.309878, "delta": 0.002847}}
