{"target": -660.0003342033881, "params": {"gamma": 1.8376113783199004, "lr": 0.0006090253221420205}, "datetime": {"datetime": "2024-04-04 00:12:15", "elapsed": 2419.575935, "delta": 9.941865}}
{"target": -687.9575370263757, "params": {"gamma": 1.922394536707481, "lr": 0.01400373840838276}, "datetime": {"datetime": "2024-04-04 00:12:24", "elapsed": 2428.678159, "delta": 9.102224}}
{"target": -250.32146970755014, "params": {"gamma": 1.8124545958950349, "lr": 0.16222530226516418}, "datetime": {"datetime": "2024-04-04 00:12:31", "elapsed": 2435.66806, "delta": 6.989901}}
{"target": -498.58011103225675, "params": {"gamma": 5.450810516502354, "lr": 0.4673499138227619}, "datetime": {"datetime": "2024-04-04 00:12:36", "elapsed": 2440.469176, "delta": 4.801116}}
{"target": -144.17461355646887, "params": {"gamma": 2.0838085977106724, "lr": 0.0}, "datetime": {"datetime": "2024-04-04 00:12:46", "elapsed": 2450.387649, "delta": 9.918473}}
{"target": -640.3802892512354, "params": {"gamma": 1.7780321975509394, "lr": 0.010425872465831043}, "datetime": {"datetime": "2024-04-04 00:12:55", "elapsed": 2460.123376, "delta": 9.735727}}
{"target": -1369.749958153809, "params": {"gamma": 3.96896182793532, "lr": 0.001675475029899176}, "datetime": {"datetime": "2024-04-04 00:13:05", "elapsed": 2469.312918, "delta": 9.189542}}
{"target": -600.1756284121954, "params": {"gamma": 4.7995177138185445, "lr": 0.7151465148667391}, "datetime": {"datetime": "2024-04-04 00:13:09", "elapsed": 2473.579412, "delta": 4.266494}}
{"target": -144.17461355646887, "params": {"gamma": 1.684793334042308, "lr": 0.0}, "datetime": {"datetime": "2024-04-04 00:13:16", "elapsed": 2480.856282, "delta": 7.27687}}
{"target": -354.0075574642432, "params": {"gamma": 1.8716984323404031, "lr": 0.14092724626551867}, "datetime": {"datetime": "2024-04-04 00:13:23", "elapsed": 2487.41271, "delta": 6.556428}}
{"target": -322.99275115316505, "params": {"gamma": 2.2812155994069805, "lr": 0.8687497596631695}, "datetime": {"datetime": "2024-04-04 00:13:30", "elapsed": 2494.912028, "delta": 7.499318}}
{"target": -762.2716860851307, "params": {"gamma": 9.999205696161074, "lr": 0.28032212092955866}, "datetime": {"datetime": "2024-04-04 00:13:35", "elapsed": 2499.973684, "delta": 5.061656}}
{"target": -643.0996633349023, "params": {"gamma": 6.2959603016022685, "lr": 0.5135494874262928}, "datetime": {"datetime": "2024-04-04 00:13:42", "elapsed": 2506.312165, "delta": 6.338481}}
{"target": -355.3761307222363, "params": {"gamma": 4.059552460987824, "lr": 0.4397174825183969}, "datetime": {"datetime": "2024-04-04 00:13:48", "elapsed": 2512.625353, "delta": 6.313188}}
{"target": -399.8984679744426, "params": {"gamma": 2.1866129329524653, "lr": 1.0}, "datetime": {"datetime": "2024-04-04 00:13:55", "elapsed": 2520.132399, "delta": 7.507046}}
{"target": -316.61929212264175, "params": {"gamma": 2.6066236072887037, "lr": 0.6937123134376747}, "datetime": {"datetime": "2024-04-04 00:14:01", "elapsed": 2526.048283, "delta": 5.915884}}
{"target": -539.9367292747232, "params": {"gamma": 3.63360120891882, "lr": 0.9991625541684753}, "datetime": {"datetime": "2024-04-04 00:14:07", "elapsed": 2531.455924, "delta": 5.407641}}
{"target": -984.1280497311105, "params": {"gamma": 9.342132532780054, "lr": 0.6371360829163196}, "datetime": {"datetime": "2024-04-04 00:14:09", "elapsed": 2534.133495, "delta": 2.677571}}
{"target": -944.8369926739739, "params": {"gamma": 5.358664432368244, "lr": 1.0}, "datetime": {"datetime": "2024-04-04 00:14:15", "elapsed": 2539.549194, "delta": 5.415699}}
{"target": -280.1396613201654, "params": {"gamma": 3.507733329297986, "lr": 0.28056651783611875}, "datetime": {"datetime": "2024-04-04 00:14:21", "elapsed": 2546.146544, "delta": 6.59735}}
{"target": -367.1696547489574, "params": {"gamma": 3.3824143694983766, "lr": 0.6257192654145018}, "datetime": {"datetime": "2024-04-04 00:14:27", "elapsed": 2551.476476, "delta": 5.329932}}
{"target": -259.5446848240895, "params": {"gamma": 2.66263949975653, "lr": 0.2087003320017684}, "datetime": {"datetime": "2024-04-04 00:14:35", "elapsed": 2559.348897, "delta": 7.872421}}
{"target": -305.67892738657054, "params": {"gamma": 1.944460991703302, "lr": 0.9134123384642189}, "datetime": {"datetime": "2024-04-04 00:14:39", "elapsed": 2564.107586, "delta": 4.758689}}
{"target": -370.0063679364077, "params": {"gamma": 2.882816532695685, "lr": 0.7962191856669418}, "datetime": {"datetime": "2024-04-04 00:14:49", "elapsed": 2573.428087, "delta": 9.320501}}
{"target": -346.08156640887756, "params": {"gamma": 4.404790427177408, "lr": 0.28256280420858715}, "datetime": {"datetime": "2024-04-04 00:14:54", "elapsed": 2579.131499, "delta": 5.703412}}
{"target": -238.36202309785332, "params": {"gamma": 2.4702520256502263, "lr": 0.4683314987373531}, "datetime": {"datetime": "2024-04-04 00:15:07", "elapsed": 2591.532041, "delta": 12.400542}}
{"target": -285.61174801775, "params": {"gamma": 1.7955718832300804, "lr": 0.9379640410196055}, "datetime": {"datetime": "2024-04-04 00:15:13", "elapsed": 2597.464375, "delta": 5.932334}}
{"target": -284.71746309415875, "params": {"gamma": 2.313596917932968, "lr": 0.6678324887276176}, "datetime": {"datetime": "2024-04-04 00:15:23", "elapsed": 2607.815254, "delta": 10.350879}}
{"target": -230.7345197146058, "params": {"gamma": 2.008290967617607, "lr": 0.626773897135529}, "datetime": {"datetime": "2024-04-04 00:15:32", "elapsed": 2616.88593, "delta": 9.070676}}
{"target": -766.059024894886, "params": {"gamma": 8.844216112337032, "lr": 0.4170509116035981}, "datetime": {"datetime": "2024-04-04 00:15:34", "elapsed": 2619.157118, "delta": 2.271188}}
{"target": -302.89133865047995, "params": {"gamma": 2.8576941936136984, "lr": 0.5067851842790623}, "datetime": {"datetime": "2024-04-04 00:15:42", "elapsed": 2627.031727, "delta": 7.874609}}
{"target": -509.50151698656106, "params": {"gamma": 4.340356481551386, "lr": 0.6788361981332698}, "datetime": {"datetime": "2024-04-04 00:15:54", "elapsed": 2638.817028, "delta": 11.785301}}
{"target": -242.06301156044603, "params": {"gamma": 2.6338969082100006, "lr": 0.41782813492686455}, "datetime": {"datetime": "2024-04-04 00:15:59", "elapsed": 2643.461585, "delta": 4.644557}}
{"target": -216.0413010713032, "params": {"gamma": 1.665380901674309, "lr": 0.6998439702352469}, "datetime": {"datetime": "2024-04-04 00:16:11", "elapsed": 2655.747487, "delta": 12.285902}}
{"target": -499.7554478038174, "params": {"gamma": 5.379482776619053, "lr": 0.20525945423709202}, "datetime": {"datetime": "2024-04-04 00:16:22", "elapsed": 2667.044817, "delta": 11.29733}}
{"target": -246.09245250053726, "params": {"gamma": 1.9678387998687592, "lr": 0.1700795868686078}, "datetime": {"datetime": "2024-04-04 00:16:27", "elapsed": 2672.120842, "delta": 5.076025}}
{"target": -143.46711625385055, "params": {"gamma": 1.3021531477477393, "lr": 0.4150698109881399}, "datetime": {"datetime": "2024-04-04 00:16:30", "elapsed": 2675.07097, "delta": 2.950128}}
{"target": -338.46106606004946, "params": {"gamma": 3.6372141707808057, "lr": 0.44842024724057505}, "datetime": {"datetime": "2024-04-04 00:16:35", "elapsed": 2679.973794, "delta": 4.902824}}
{"target": -761.6412227342935, "params": {"gamma": 2.1452961929089778, "lr": 0.004120902989635189}, "datetime": {"datetime": "2024-04-04 00:16:44", "elapsed": 2689.229245, "delta": 9.255451}}
{"target": -354.7030412426382, "params": {"gamma": 2.748157546182931, "lr": 0.7146208391423462}, "datetime": {"datetime": "2024-04-04 00:16:51", "elapsed": 2696.140466, "delta": 6.911221}}
{"target": -735.6401383715965, "params": {"gamma": 2.0667235092216103, "lr": 0.00032457030974952783}, "datetime": {"datetime": "2024-04-04 00:17:01", "elapsed": 2706.063496, "delta": 9.92303}}
{"target": -868.511400930155, "params": {"gamma": 2.46745939251745, "lr": 0.001568112749955053}, "datetime": {"datetime": "2024-04-04 00:17:10", "elapsed": 2714.339993, "delta": 8.276497}}
{"target": -603.9516937418232, "params": {"gamma": 7.873888782059107, "lr": 0.28467392366151034}, "datetime": {"datetime": "2024-04-04 00:17:25", "elapsed": 2730.162296, "delta": 15.822303}}
{"target": -423.25426301173087, "params": {"gamma": 4.085973301839931, "lr": 0.5386324892184474}, "datetime": {"datetime": "2024-04-04 00:17:36", "elapsed": 2740.285024, "delta": 10.122728}}
{"target": -433.7919981754058, "params": {"gamma": 3.664385496047018, "lr": 0.6965435632994865}, "datetime": {"datetime": "2024-04-04 00:17:47", "elapsed": 2751.49286, "delta": 11.207836}}
{"target": -586.6910485442004, "params": {"gamma": 6.440249910555746, "lr": 0.4934377094857194}, "datetime": {"datetime": "2024-04-04 00:17:52", "elapsed": 2756.404797, "delta": 4.911937}}
{"target": -304.47402723403076, "params": {"gamma": 3.254113681179845, "lr": 0.23955892331086726}, "datetime": {"datetime": "2024-04-04 00:17:56", "elapsed": 2761.249342, "delta": 4.844545}}
{"target": -322.13235177270525, "params": {"gamma": 3.0337283616622197, "lr": 0.5618893253070458}, "datetime": {"datetime": "2024-04-04 00:18:04", "elapsed": 2769.16263, "delta": 7.913288}}
{"target": -204.10644540758193, "params": {"gamma": 2.053296723425409, "lr": 0.4720606911311256}, "datetime": {"datetime": "2024-04-04 00:18:12", "elapsed": 2776.639755, "delta": 7.477125}}
{"target": -300.13948331423677, "params": {"gamma": 3.1960094619427606, "lr": 0.4867832691421283}, "datetime": {"datetime": "2024-04-04 00:18:20", "elapsed": 2784.680584, "delta": 8.040829}}
{"target": -312.8753361197389, "params": {"gamma": 2.4341489607434927, "lr": 0.7601473441256985}, "datetime": {"datetime": "2024-04-04 00:18:40", "elapsed": 2804.427576, "delta": 19.746992}}
{"target": -294.24015424466853, "params": {"gamma": 3.134046648935559, "lr": 0.24760520588139867}, "datetime": {"datetime": "2024-04-04 00:18:51", "elapsed": 2815.789158, "delta": 11.361582}}
{"target": -212.06597403573124, "params": {"gamma": 2.4211664233251557, "lr": 0.31286197863527254}, "datetime": {"datetime": "2024-04-04 00:19:01", "elapsed": 2825.547706, "delta": 9.758548}}
{"target": -413.56548792496733, "params": {"gamma": 5.012438218791854, "lr": 0.30928178254247884}, "datetime": {"datetime": "2024-04-04 00:19:09", "elapsed": 2833.819379, "delta": 8.271673}}
{"target": -368.16448904605164, "params": {"gamma": 3.9935527662147416, "lr": 0.23703070189086262}, "datetime": {"datetime": "2024-04-04 00:19:17", "elapsed": 2841.626739, "delta": 7.80736}}
{"target": -367.57971465335913, "params": {"gamma": 3.610115711373371, "lr": 0.5932363555931583}, "datetime": {"datetime": "2024-04-04 00:19:19", "elapsed": 2844.136573, "delta": 2.509834}}
{"target": -442.28741092989276, "params": {"gamma": 4.844493776230369, "lr": 0.22777989202142246}, "datetime": {"datetime": "2024-04-04 00:19:30", "elapsed": 2855.181233, "delta": 11.04466}}
{"target": -536.1961895214394, "params": {"gamma": 5.223618243265429, "lr": 0.5408086400906925}, "datetime": {"datetime": "2024-04-04 00:19:39", "elapsed": 2863.622356, "delta": 8.441123}}
{"target": -249.6372484407014, "params": {"gamma": 2.300156247415792, "lr": 0.5089387827684541}, "datetime": {"datetime": "2024-04-04 00:19:46", "elapsed": 2870.505741, "delta": 6.883385}}
{"target": -343.1275969116844, "params": {"gamma": 1.8463306861587974, "lr": 1.0}, "datetime": {"datetime": "2024-04-04 00:19:51", "elapsed": 2875.539107, "delta": 5.033366}}
{"target": -314.56402859786886, "params": {"gamma": 0.7686396591203347, "lr": 0.07079790735335445}, "datetime": {"datetime": "2024-04-04 00:20:12", "elapsed": 2896.921603, "delta": 21.382496}}
{"target": -748.9383466601885, "params": {"gamma": 2.1069199909337515, "lr": 0.0028359811196386753}, "datetime": {"datetime": "2024-04-04 00:20:18", "elapsed": 2902.953464, "delta": 6.031861}}
{"target": -586.8019286791972, "params": {"gamma": 1.9898352601557292, "lr": 0.09294207021167822}, "datetime": {"datetime": "2024-04-04 00:20:28", "elapsed": 2912.627354, "delta": 9.67389}}
{"target": -1428.8991356133752, "params": {"gamma": 4.145615983089383, "lr": 0.0030218236573869017}, "datetime": {"datetime": "2024-04-04 00:20:33", "elapsed": 2917.30563, "delta": 4.678276}}
{"target": -649.8093162777598, "params": {"gamma": 6.827946077322799, "lr": 0.3833538121244553}, "datetime": {"datetime": "2024-04-04 00:20:47", "elapsed": 2931.312206, "delta": 14.006576}}
{"target": -707.6431656577386, "params": {"gamma": 6.681346283016929, "lr": 0.6414978529733563}, "datetime": {"datetime": "2024-04-04 00:20:49", "elapsed": 2934.021849, "delta": 2.709643}}
{"target": -633.3905894176347, "params": {"gamma": 7.376425787775319, "lr": 0.4358582362382887}, "datetime": {"datetime": "2024-04-04 00:20:58", "elapsed": 2942.364492, "delta": 8.342643}}
{"target": -1133.118360303513, "params": {"gamma": 3.261421986582208, "lr": 0.0049438625642246325}, "datetime": {"datetime": "2024-04-04 00:21:04", "elapsed": 2949.121241, "delta": 6.756749}}
{"target": -1098.5165022132978, "params": {"gamma": 8.923467847758621, "lr": 0.7239564844732497}, "datetime": {"datetime": "2024-04-04 00:21:13", "elapsed": 2958.074199, "delta": 8.952958}}
{"target": -868.1668682525632, "params": {"gamma": 8.768232412800886, "lr": 0.590076003911826}, "datetime": {"datetime": "2024-04-04 00:21:16", "elapsed": 2960.90704, "delta": 2.832841}}
{"target": -745.914717468054, "params": {"gamma": 7.85723855761296, "lr": 0.3873092151685561}, "datetime": {"datetime": "2024-04-04 00:21:19", "elapsed": 2963.741005, "delta": 2.833965}}
{"target": -562.8779456104642, "params": {"gamma": 4.173797018682525, "lr": 0.8632113110275353}, "datetime": {"datetime": "2024-04-04 00:21:28", "elapsed": 2972.861296, "delta": 9.120291}}
{"target": -421.46979074344426, "params": {"gamma": 3.652491383776687, "lr": 0.18983468468462183}, "datetime": {"datetime": "2024-04-04 00:21:39", "elapsed": 2983.904467, "delta": 11.043171}}
{"target": -663.3950249729313, "params": {"gamma": 4.510130794713467, "lr": 0.9984897150813249}, "datetime": {"datetime": "2024-04-04 00:21:50", "elapsed": 2994.861633, "delta": 10.957166}}
{"target": -678.4029047476607, "params": {"gamma": 7.794600589496161, "lr": 0.3723717047567746}, "datetime": {"datetime": "2024-04-04 00:21:53", "elapsed": 2997.541005, "delta": 2.679372}}
{"target": -478.0569222571288, "params": {"gamma": 1.2817029627467842, "lr": 0.023636099164321855}, "datetime": {"datetime": "2024-04-04 00:21:58", "elapsed": 3002.822954, "delta": 5.281949}}
{"target": -835.0895487665819, "params": {"gamma": 9.220694322840956, "lr": 0.46182624580415543}, "datetime": {"datetime": "2024-04-04 00:22:14", "elapsed": 3018.811412, "delta": 15.988458}}
{"target": -551.6252671354224, "params": {"gamma": 5.957394788597596, "lr": 0.20787874940492546}, "datetime": {"datetime": "2024-04-04 00:22:21", "elapsed": 3026.152601, "delta": 7.341189}}
{"target": -180.1519251067888, "params": {"gamma": 1.3086794076159982, "lr": 0.1875694735461519}, "datetime": {"datetime": "2024-04-04 00:22:31", "elapsed": 3036.032106, "delta": 9.879505}}
{"target": -250.8626673207686, "params": {"gamma": 2.500348868754156, "lr": 0.3775550107443692}, "datetime": {"datetime": "2024-04-04 00:22:39", "elapsed": 3044.08946, "delta": 8.057354}}
{"target": -390.909843489484, "params": {"gamma": 3.779837730995465, "lr": 0.5532276418193031}, "datetime": {"datetime": "2024-04-04 00:22:49", "elapsed": 3053.925058, "delta": 9.835598}}
{"target": -409.15536658822884, "params": {"gamma": 4.441898148017077, "lr": 0.4810033219677199}, "datetime": {"datetime": "2024-04-04 00:22:56", "elapsed": 3060.632065, "delta": 6.707007}}
{"target": -303.5118596182004, "params": {"gamma": 2.6765229379319555, "lr": 0.6068919294163221}, "datetime": {"datetime": "2024-04-04 00:23:04", "elapsed": 3069.085395, "delta": 8.45333}}
{"target": -1614.8445777133297, "params": {"gamma": 4.700628833384109, "lr": 0.0021280316286419465}, "datetime": {"datetime": "2024-04-04 00:23:12", "elapsed": 3077.21464, "delta": 8.129245}}
{"target": -365.0362466487078, "params": {"gamma": 3.4952347799240195, "lr": 0.52800870827196}, "datetime": {"datetime": "2024-04-04 00:23:32", "elapsed": 3096.792868, "delta": 19.578228}}
{"target": -258.9050027144003, "params": {"gamma": 3.03870564801774, "lr": 0.2921930261131225}, "datetime": {"datetime": "2024-04-04 00:23:41", "elapsed": 3105.88623, "delta": 9.093362}}
{"target": -555.411121447164, "params": {"gamma": 7.222111363187532, "lr": 0.27894784914240356}, "datetime": {"datetime": "2024-04-04 00:23:50", "elapsed": 3114.51272, "delta": 8.62649}}
{"target": -501.0330224007465, "params": {"gamma": 6.491695022610638, "lr": 0.2681102683196104}, "datetime": {"datetime": "2024-04-04 00:23:54", "elapsed": 3118.705248, "delta": 4.192528}}
{"target": -525.551579376809, "params": {"gamma": 6.003006440899007, "lr": 0.3658223471648002}, "datetime": {"datetime": "2024-04-04 00:24:03", "elapsed": 3128.145352, "delta": 9.440104}}
{"target": -259.50561915035235, "params": {"gamma": 2.721429217295977, "lr": 0.48438582397900054}, "datetime": {"datetime": "2024-04-04 00:24:15", "elapsed": 3139.450018, "delta": 11.304666}}
{"target": -605.90758490861, "params": {"gamma": 1.673174742952181, "lr": 0.053011686436393535}, "datetime": {"datetime": "2024-04-04 00:24:32", "elapsed": 3156.857457, "delta": 17.407439}}
{"target": -283.1167720972971, "params": {"gamma": 2.862240802326519, "lr": 0.38024601125858115}, "datetime": {"datetime": "2024-04-04 00:24:37", "elapsed": 3161.897711, "delta": 5.040254}}
{"target": -873.0484640171902, "params": {"gamma": 4.943923683935245, "lr": 1.0}, "datetime": {"datetime": "2024-04-04 00:24:42", "elapsed": 3167.225677, "delta": 5.327966}}
{"target": -265.3755377191957, "params": {"gamma": 2.1340301652442624, "lr": 0.6809880411005222}, "datetime": {"datetime": "2024-04-04 00:24:51", "elapsed": 3175.930341, "delta": 8.704664}}
{"target": -238.4706673522737, "params": {"gamma": 2.771673294141331, "lr": 0.29289516224080936}, "datetime": {"datetime": "2024-04-04 00:25:06", "elapsed": 3190.862124, "delta": 14.931783}}
{"target": -242.3520379715307, "params": {"gamma": 1.7729804799220528, "lr": 0.7860205973569869}, "datetime": {"datetime": "2024-04-04 00:25:13", "elapsed": 3198.118554, "delta": 7.25643}}
{"target": -217.10754085065653, "params": {"gamma": 1.4363818895734293, "lr": 0.8536913154238706}, "datetime": {"datetime": "2024-04-04 00:25:24", "elapsed": 3208.725004, "delta": 10.60645}}
{"target": -274.2303754337189, "params": {"gamma": 3.2373040673800926, "lr": 0.32986589621293627}, "datetime": {"datetime": "2024-04-04 00:25:37", "elapsed": 3222.149784, "delta": 13.42478}}
{"target": -477.55036119116, "params": {"gamma": 3.5531185751382024, "lr": 0.8374635134609868}, "datetime": {"datetime": "2024-04-04 00:25:50", "elapsed": 3234.569303, "delta": 12.419519}}
{"target": -186.5609098631573, "params": {"gamma": 1.2649131727407765, "lr": 0.7161678381318956}, "datetime": {"datetime": "2024-04-04 00:25:59", "elapsed": 3243.679993, "delta": 9.11069}}
{"target": -230.3085761088871, "params": {"gamma": 2.0731152664920423, "lr": 0.5624710206888747}, "datetime": {"datetime": "2024-04-04 00:26:09", "elapsed": 3253.334179, "delta": 9.654186}}
{"target": -907.1784208311632, "params": {"gamma": 5.141138171229577, "lr": 1.0}, "datetime": {"datetime": "2024-04-04 00:26:20", "elapsed": 3265.232483, "delta": 11.898304}}
{"target": -307.835531502496, "params": {"gamma": 2.345909632897223, "lr": 0.739397850625888}, "datetime": {"datetime": "2024-04-04 00:26:31", "elapsed": 3276.056508, "delta": 10.824025}}
{"target": -299.3282374689243, "params": {"gamma": 1.5791882913437039, "lr": 1.0}, "datetime": {"datetime": "2024-04-04 00:26:38", "elapsed": 3282.830774, "delta": 6.774266}}
{"target": -193.5263646190185, "params": {"gamma": 1.8323695248458756, "lr": 0.3977614311875485}, "datetime": {"datetime": "2024-04-04 00:26:47", "elapsed": 3291.988554, "delta": 9.15778}}
{"target": -392.30840644125254, "params": {"gamma": 1.0154852108962258, "lr": 0.046095424636813376}, "datetime": {"datetime": "2024-04-04 00:26:52", "elapsed": 3297.185112, "delta": 5.196558}}
{"target": -278.40060000896983, "params": {"gamma": 2.943208262049162, "lr": 0.4738153993367191}, "datetime": {"datetime": "2024-04-04 00:27:05", "elapsed": 3309.947289, "delta": 12.762177}}
{"target": -480.57705278410936, "params": {"gamma": 5.474646134928016, "lr": 0.36435038714383494}, "datetime": {"datetime": "2024-04-04 00:27:19", "elapsed": 3324.14232, "delta": 14.195031}}
{"target": -341.4950930287408, "params": {"gamma": 4.342708302944966, "lr": 0.2629264259173447}, "datetime": {"datetime": "2024-04-04 00:27:26", "elapsed": 3330.486556, "delta": 6.344236}}
{"target": -456.45498991236695, "params": {"gamma": 4.976376346474447, "lr": 0.44826132622682724}, "datetime": {"datetime": "2024-04-04 00:27:38", "elapsed": 3342.589372, "delta": 12.102816}}
{"target": -171.3884555733809, "params": {"gamma": 1.6827649049779123, "lr": 0.3514366878689671}, "datetime": {"datetime": "2024-04-04 00:27:47", "elapsed": 3351.264929, "delta": 8.675557}}
{"target": -427.7912457180648, "params": {"gamma": 3.3191187335587826, "lr": 0.1520014422542335}, "datetime": {"datetime": "2024-04-04 00:27:58", "elapsed": 3362.361649, "delta": 11.09672}}
{"target": -568.1371071102171, "params": {"gamma": 5.336043272206222, "lr": 0.6331584348218372}, "datetime": {"datetime": "2024-04-04 00:28:12", "elapsed": 3376.57055, "delta": 14.208901}}
{"target": -267.28438764624843, "params": {"gamma": 2.4865963948181147, "lr": 0.528786348320682}, "datetime": {"datetime": "2024-04-04 00:28:24", "elapsed": 3389.185703, "delta": 12.615153}}
{"target": -182.03889570995128, "params": {"gamma": 1.7178393086504762, "lr": 0.21385309860739432}, "datetime": {"datetime": "2024-04-04 00:28:34", "elapsed": 3398.784195, "delta": 9.598492}}
{"target": -574.1870456356891, "params": {"gamma": 7.037814341845654, "lr": 0.31381564889136904}, "datetime": {"datetime": "2024-04-04 00:28:37", "elapsed": 3401.632175, "delta": 2.84798}}
