{"target": -139.6578843157092, "params": {"gamma": 3.622798839194582, "prior": 8.091186697583844, "rate": 0.3607736956187603}, "datetime": {"datetime": "2024-04-12 13:57:24", "elapsed": 6.390091, "delta": 0.00832}}
{"target": -123.84434733110129, "params": {"gamma": 3.584594051008626, "prior": 6.41895351934156, "rate": 1.4308980910737081}, "datetime": {"datetime": "2024-04-12 13:57:24", "elapsed": 6.398294, "delta": 0.008203}}
{"target": -199.69698291754574, "params": {"gamma": 8.577528406499894, "prior": 6.491087641906984, "rate": 1.1538189613747907}, "datetime": {"datetime": "2024-04-12 13:57:24", "elapsed": 6.406712, "delta": 0.008418}}
{"target": -117.14047381122046, "params": {"gamma": 2.081766002579473, "prior": 7.48043347440683, "rate": 4.034662876713395}, "datetime": {"datetime": "2024-04-12 13:57:24", "elapsed": 6.414979, "delta": 0.008267}}
{"target": -141.2548261465466, "params": {"gamma": 4.84521613942412, "prior": 8.885805272920003, "rate": 1.3752980526926846}, "datetime": {"datetime": "2024-04-12 13:57:24", "elapsed": 6.423249, "delta": 0.00827}}
{"target": -304.94041891585783, "params": {"gamma": 9.64376360106379, "prior": 0.5220338497861409, "rate": 0.9953031322915933}, "datetime": {"datetime": "2024-04-12 13:57:24", "elapsed": 6.431645, "delta": 0.008396}}
{"target": -117.50909055955884, "params": {"gamma": 2.2331610709734946, "prior": 8.08519231437909, "rate": 4.559272200887655}, "datetime": {"datetime": "2024-04-12 13:57:24", "elapsed": 6.439976, "delta": 0.008331}}
{"target": -188.61910164760192, "params": {"gamma": 6.5328581714709335, "prior": 1.8257792614463888, "rate": 1.668052607332356}, "datetime": {"datetime": "2024-04-12 13:57:24", "elapsed": 6.448308, "delta": 0.008332}}
{"target": -151.0082419463764, "params": {"gamma": 5.208962557197339, "prior": 7.428906989274194, "rate": 4.62528217768507}, "datetime": {"datetime": "2024-04-12 13:57:24", "elapsed": 6.456708, "delta": 0.0084}}
{"target": -210.0262903881183, "params": {"gamma": 8.696271237126007, "prior": 6.638078153239339, "rate": 2.4916517944308763}, "datetime": {"datetime": "2024-04-12 13:57:24", "elapsed": 6.465045, "delta": 0.008337}}
{"target": -134.8388530188585, "params": {"gamma": 2.3497873058002465, "prior": 3.8030624969839892, "rate": 7.566403946905877}, "datetime": {"datetime": "2024-04-12 13:57:24", "elapsed": 6.47332, "delta": 0.008275}}
{"target": -220.05986022545204, "params": {"gamma": 9.379438705433513, "prior": 8.632869393256446, "rate": 2.6168463160365345}, "datetime": {"datetime": "2024-04-12 13:57:24", "elapsed": 6.481698, "delta": 0.008378}}
{"target": -141.69541589658866, "params": {"gamma": 4.12337700085772, "prior": 6.154286584558183, "rate": 5.468797723702268}, "datetime": {"datetime": "2024-04-12 13:57:24", "elapsed": 6.490104, "delta": 0.008406}}
{"target": -193.3286030216094, "params": {"gamma": 3.893360179144248, "prior": 1.1040656911246396, "rate": 7.122735799168159}, "datetime": {"datetime": "2024-04-12 13:57:24", "elapsed": 6.498311, "delta": 0.008207}}
{"target": -125.69130528296833, "params": {"gamma": 0.8822635040904132, "prior": 8.674166550799823, "rate": 8.634620954886014}, "datetime": {"datetime": "2024-04-12 13:57:24", "elapsed": 6.506528, "delta": 0.008217}}
{"target": -221.2395078375976, "params": {"gamma": 7.084799464362212, "prior": 4.915603280696092, "rate": 6.991766507563753}, "datetime": {"datetime": "2024-04-12 13:57:24", "elapsed": 6.514739, "delta": 0.008211}}
{"target": -141.68045613212453, "params": {"gamma": 3.950475613957549, "prior": 7.995210244504152, "rate": 7.864384405716199}, "datetime": {"datetime": "2024-04-12 13:57:24", "elapsed": 6.522902, "delta": 0.008163}}
{"target": -122.29186168803741, "params": {"gamma": 1.5561303101523432, "prior": 3.246393748470918, "rate": 3.4404877846831172}, "datetime": {"datetime": "2024-04-12 13:57:24", "elapsed": 6.531165, "delta": 0.008263}}
{"target": -135.13954480033132, "params": {"gamma": 3.6423388162366046, "prior": 5.709791011210197, "rate": 0.4178327377603575}, "datetime": {"datetime": "2024-04-12 13:57:24", "elapsed": 6.53931, "delta": 0.008145}}
{"target": -227.0870998383494, "params": {"gamma": 6.600037219920028, "prior": 2.09615441466068, "rate": 4.165209099174909}, "datetime": {"datetime": "2024-04-12 13:57:24", "elapsed": 6.547639, "delta": 0.008329}}
{"target": -153.78562687056112, "params": {"gamma": 4.5094756723505, "prior": 3.552395018521695, "rate": 3.8334198209699974}, "datetime": {"datetime": "2024-04-12 13:57:24", "elapsed": 6.555831, "delta": 0.008192}}
{"target": -140.58189941566604, "params": {"gamma": 1.8038803024167458, "prior": 0.7744875682013366, "rate": 5.513015232709581}, "datetime": {"datetime": "2024-04-12 13:57:24", "elapsed": 6.564206, "delta": 0.008375}}
{"target": -197.12541358135888, "params": {"gamma": 5.959073589220895, "prior": 1.5404479132949174, "rate": 2.310186141512919}, "datetime": {"datetime": "2024-04-12 13:57:24", "elapsed": 6.572471, "delta": 0.008265}}
{"target": -119.76946443400746, "params": {"gamma": 2.864484938242287, "prior": 8.324438532353815, "rate": 1.535055990682961}, "datetime": {"datetime": "2024-04-12 13:57:24", "elapsed": 6.580884, "delta": 0.008413}}
{"target": -155.78383625039373, "params": {"gamma": 5.521835936727261, "prior": 5.724583205152705, "rate": 3.434857510993614}, "datetime": {"datetime": "2024-04-12 13:57:24", "elapsed": 6.589206, "delta": 0.008322}}
{"target": -125.53640078516956, "params": {"gamma": 3.5068212758802293, "prior": 9.595208973440103, "rate": 5.533886150645748}, "datetime": {"datetime": "2024-04-12 13:57:24", "elapsed": 6.597582, "delta": 0.008376}}
{"target": -203.731105456968, "params": {"gamma": 6.527659277808647, "prior": 4.958327152799692, "rate": 6.466853166736234}, "datetime": {"datetime": "2024-04-12 13:57:24", "elapsed": 6.605906, "delta": 0.008324}}
{"target": -217.66020272791246, "params": {"gamma": 6.052902604285114, "prior": 1.5372155999089467, "rate": 3.3474706483130476}, "datetime": {"datetime": "2024-04-12 13:57:24", "elapsed": 6.61421, "delta": 0.008304}}
{"target": -188.73062854725308, "params": {"gamma": 4.604879500595876, "prior": 1.3654344499032103, "rate": 3.6313701627213772}, "datetime": {"datetime": "2024-04-12 13:57:24", "elapsed": 6.622589, "delta": 0.008379}}
{"target": -116.069207911452, "params": {"gamma": 2.2821882012949293, "prior": 8.49027576247698, "rate": 3.4153993261329654}, "datetime": {"datetime": "2024-04-12 13:57:24", "elapsed": 6.630804, "delta": 0.008215}}
{"target": -130.87689062457818, "params": {"gamma": 2.268666417341983, "prior": 4.140995888237594, "rate": 6.830957412174848}, "datetime": {"datetime": "2024-04-12 13:57:24", "elapsed": 6.639118, "delta": 0.008314}}
{"target": -130.20909494158022, "params": {"gamma": 0.657154367615287, "prior": 1.889219214669599, "rate": 6.943375082298363}, "datetime": {"datetime": "2024-04-12 13:57:24", "elapsed": 6.647313, "delta": 0.008195}}
{"target": -231.59694972828362, "params": {"gamma": 7.522813791436128, "prior": 6.215767368139672, "rate": 8.792106406805418}, "datetime": {"datetime": "2024-04-12 13:57:25", "elapsed": 6.655629, "delta": 0.008316}}
{"target": -124.12612918958622, "params": {"gamma": 1.6888331005858586, "prior": 7.065122548794142, "rate": 9.172684330641006}, "datetime": {"datetime": "2024-04-12 13:57:25", "elapsed": 6.663856, "delta": 0.008227}}
{"target": -128.08876106528098, "params": {"gamma": 1.508245851371479, "prior": 2.5132633762221936, "rate": 5.467299036335953}, "datetime": {"datetime": "2024-04-12 13:57:25", "elapsed": 6.672254, "delta": 0.008398}}
{"target": -131.63994598757697, "params": {"gamma": 3.441849250422999, "prior": 6.937326899745702, "rate": 0.5766186166326498}, "datetime": {"datetime": "2024-04-12 13:57:25", "elapsed": 6.68053, "delta": 0.008276}}
{"target": -124.31408376535074, "params": {"gamma": 1.6084806590922747, "prior": 7.190759234148253, "rate": 9.706216365641005}, "datetime": {"datetime": "2024-04-12 13:57:25", "elapsed": 6.688849, "delta": 0.008319}}
{"target": -212.71755966050458, "params": {"gamma": 9.295574214746894, "prior": 9.020563234885856, "rate": 1.2783053957220292}, "datetime": {"datetime": "2024-04-12 13:57:25", "elapsed": 6.697063, "delta": 0.008214}}
{"target": -134.93328796452042, "params": {"gamma": 1.4601432517979631, "prior": 0.8154210924672393, "rate": 5.425859791214765}, "datetime": {"datetime": "2024-04-12 13:57:25", "elapsed": 6.705419, "delta": 0.008356}}
{"target": -265.7532511117146, "params": {"gamma": 8.824979242850812, "prior": 5.364739810662196, "rate": 7.817371138674004}, "datetime": {"datetime": "2024-04-12 13:57:25", "elapsed": 6.713771, "delta": 0.008352}}
{"target": -117.14720451516783, "params": {"gamma": 1.8853494153257044, "prior": 8.644801475646716, "rate": 1.8750602824827893}, "datetime": {"datetime": "2024-04-12 13:57:25", "elapsed": 6.722014, "delta": 0.008243}}
{"target": -130.3958176324571, "params": {"gamma": 0.548586496539166, "prior": 4.2727610032381715, "rate": 5.551489195654376}, "datetime": {"datetime": "2024-04-12 13:57:25", "elapsed": 6.730339, "delta": 0.008325}}
{"target": -333.592931022986, "params": {"gamma": 9.707449353204424, "prior": 1.0083629510677956, "rate": 2.7399070142023203}, "datetime": {"datetime": "2024-04-12 13:57:25", "elapsed": 6.738562, "delta": 0.008223}}
{"target": -123.18208587052857, "params": {"gamma": 1.0519655837514126, "prior": 3.9653524037024024, "rate": 2.890821820794509}, "datetime": {"datetime": "2024-04-12 13:57:25", "elapsed": 6.746879, "delta": 0.008317}}
{"target": -201.89459363297, "params": {"gamma": 5.133490194329599, "prior": 3.547741149332395, "rate": 9.28235195448276}, "datetime": {"datetime": "2024-04-12 13:57:25", "elapsed": 6.755099, "delta": 0.00822}}
{"target": -188.44593330689878, "params": {"gamma": 7.8996880160340215, "prior": 8.624012549278358, "rate": 1.2958799584830156}, "datetime": {"datetime": "2024-04-12 13:57:25", "elapsed": 6.763391, "delta": 0.008292}}
{"target": -236.01024486783808, "params": {"gamma": 5.751126599720151, "prior": 2.2263471052601016, "rate": 8.682517475837448}, "datetime": {"datetime": "2024-04-12 13:57:25", "elapsed": 6.771779, "delta": 0.008388}}
{"target": -138.30942259981296, "params": {"gamma": 0.15117919811248737, "prior": 1.1468677297875165, "rate": 3.761194698397609}, "datetime": {"datetime": "2024-04-12 13:57:25", "elapsed": 6.780056, "delta": 0.008277}}
{"target": -127.19138905907117, "params": {"gamma": 4.021536967025843, "prior": 2.8444788214889583, "rate": 0.9615339246006319}, "datetime": {"datetime": "2024-04-12 13:57:25", "elapsed": 6.788385, "delta": 0.008329}}
{"target": -128.699374249656, "params": {"gamma": 1.1881853207208233, "prior": 3.2476530630886056, "rate": 9.507977547943128}, "datetime": {"datetime": "2024-04-12 13:57:25", "elapsed": 6.796655, "delta": 0.00827}}
{"target": -115.92777670633303, "params": {"gamma": 2.0748582416284203, "prior": 7.498075178486302, "rate": 2.5826284514108324}, "datetime": {"datetime": "2024-04-12 13:57:25", "elapsed": 6.804958, "delta": 0.008303}}
{"target": -133.52531805469235, "params": {"gamma": 0.37336531585223737, "prior": 0.2589168707539145, "rate": 1.5279066058805837}, "datetime": {"datetime": "2024-04-12 13:57:25", "elapsed": 6.813258, "delta": 0.0083}}
{"target": -152.16995649005025, "params": {"gamma": 4.621379845784425, "prior": 7.58342086562427, "rate": 7.2884205045195944}, "datetime": {"datetime": "2024-04-12 13:57:25", "elapsed": 6.821645, "delta": 0.008387}}
{"target": -149.67882905035972, "params": {"gamma": 3.524542035387884, "prior": 4.843478859752845, "rate": 8.140923460003277}, "datetime": {"datetime": "2024-04-12 13:57:25", "elapsed": 6.830009, "delta": 0.008364}}
{"target": -225.20661565254863, "params": {"gamma": 8.384190660883412, "prior": 3.2671753341380563, "rate": 0.043645919052664246}, "datetime": {"datetime": "2024-04-12 13:57:25", "elapsed": 6.838304, "delta": 0.008295}}
{"target": -131.66716885891498, "params": {"gamma": 0.4702615014191002, "prior": 7.404293038279442, "rate": 2.7270501784440078}, "datetime": {"datetime": "2024-04-12 13:57:25", "elapsed": 6.84663, "delta": 0.008326}}
{"target": -210.68715469965122, "params": {"gamma": 4.815376636054336, "prior": 2.0011095337083287, "rate": 8.471282047905861}, "datetime": {"datetime": "2024-04-12 13:57:25", "elapsed": 6.854953, "delta": 0.008323}}
{"target": -145.3660647818652, "params": {"gamma": 5.034272718755895, "prior": 5.318885739650387, "rate": 2.881507801269463}, "datetime": {"datetime": "2024-04-12 13:57:25", "elapsed": 6.863288, "delta": 0.008335}}
{"target": -255.48638448301418, "params": {"gamma": 5.120480307408566, "prior": 0.1194400892869483, "rate": 2.7736731083917574}, "datetime": {"datetime": "2024-04-12 13:57:25", "elapsed": 6.871634, "delta": 0.008346}}
{"target": -121.9114435221078, "params": {"gamma": 3.488281072400821, "prior": 2.9111137742614566, "rate": 0.8604363235466009}, "datetime": {"datetime": "2024-04-12 13:57:25", "elapsed": 6.879874, "delta": 0.00824}}
{"target": -171.0519678552019, "params": {"gamma": 5.2182903111313514, "prior": 7.9059434203978, "rate": 9.426041757646109}, "datetime": {"datetime": "2024-04-12 13:57:25", "elapsed": 6.888246, "delta": 0.008372}}
{"target": -142.74663781887912, "params": {"gamma": 4.973400631374519, "prior": 5.9781631977188905, "rate": 2.9093085181668954}, "datetime": {"datetime": "2024-04-12 13:57:25", "elapsed": 6.89644, "delta": 0.008194}}
{"target": -134.0858829816808, "params": {"gamma": 1.492445929692968, "prior": 1.4055297382115668, "rate": 7.323875397919708}, "datetime": {"datetime": "2024-04-12 13:57:25", "elapsed": 6.904738, "delta": 0.008298}}
{"target": -252.6967619674016, "params": {"gamma": 7.344959884063995, "prior": 1.8755651647026885, "rate": 4.136190237378143}, "datetime": {"datetime": "2024-04-12 13:57:25", "elapsed": 6.913038, "delta": 0.0083}}
{"target": -257.3513254229651, "params": {"gamma": 5.941849134587504, "prior": 1.3402912672428726, "rate": 7.85390412973879}, "datetime": {"datetime": "2024-04-12 13:57:25", "elapsed": 6.921348, "delta": 0.00831}}
{"target": -189.98377172485158, "params": {"gamma": 6.20030204099907, "prior": 6.190694745933699, "rate": 7.012379711094405}, "datetime": {"datetime": "2024-04-12 13:57:25", "elapsed": 6.929626, "delta": 0.008278}}
{"target": -295.43301301546364, "params": {"gamma": 9.871843637581678, "prior": 5.667705113976064, "rate": 8.644298200721781}, "datetime": {"datetime": "2024-04-12 13:57:25", "elapsed": 6.937968, "delta": 0.008342}}
{"target": -156.53193470470947, "params": {"gamma": 4.187668041896602, "prior": 6.5792465771516, "rate": 9.252686617399803}, "datetime": {"datetime": "2024-04-12 13:57:25", "elapsed": 6.946224, "delta": 0.008256}}
{"target": -228.5085180901017, "params": {"gamma": 6.64184400562511, "prior": 3.1004986918363557, "rate": 6.199836992922438}, "datetime": {"datetime": "2024-04-12 13:57:25", "elapsed": 6.954565, "delta": 0.008341}}
{"target": -152.25087041720778, "params": {"gamma": 3.5138318852615673, "prior": 3.2914300838307535, "rate": 6.102440382404956}, "datetime": {"datetime": "2024-04-12 13:57:25", "elapsed": 6.962924, "delta": 0.008359}}
{"target": -127.51250467814668, "params": {"gamma": 1.6040719966518822, "prior": 4.918715464001758, "rate": 9.456397215578926}, "datetime": {"datetime": "2024-04-12 13:57:25", "elapsed": 6.97113, "delta": 0.008206}}
{"target": -166.41858264036506, "params": {"gamma": 3.839758505543401, "prior": 1.9707296731335333, "rate": 4.688920657472168}, "datetime": {"datetime": "2024-04-12 13:57:25", "elapsed": 6.979303, "delta": 0.008173}}
{"target": -234.69679738201532, "params": {"gamma": 8.409237406703872, "prior": 8.442410453690822, "rate": 8.278204591352763}, "datetime": {"datetime": "2024-04-12 13:57:25", "elapsed": 6.987575, "delta": 0.008272}}
{"target": -139.23994932911654, "params": {"gamma": 0.11574365054552785, "prior": 2.7436990682901228, "rate": 9.99875799995505}, "datetime": {"datetime": "2024-04-12 13:57:25", "elapsed": 6.995714, "delta": 0.008139}}
{"target": -125.49359933164118, "params": {"gamma": 1.1977130886476726, "prior": 4.951886011267569, "rate": 7.900471479876251}, "datetime": {"datetime": "2024-04-12 13:57:25", "elapsed": 7.003951, "delta": 0.008237}}
{"target": -121.70378035086331, "params": {"gamma": 1.223016887028468, "prior": 6.657850888843354, "rate": 4.881316374767721}, "datetime": {"datetime": "2024-04-12 13:57:25", "elapsed": 7.012122, "delta": 0.008171}}
{"target": -117.2038640227711, "params": {"gamma": 1.9437055308797813, "prior": 8.798437263168932, "rate": 1.8156924881797458}, "datetime": {"datetime": "2024-04-12 13:57:25", "elapsed": 7.020353, "delta": 0.008231}}
{"target": -179.04728033479202, "params": {"gamma": 6.390889540088459, "prior": 7.434186094159498, "rate": 5.6271661930456895}, "datetime": {"datetime": "2024-04-12 13:57:25", "elapsed": 7.028676, "delta": 0.008323}}
{"target": -229.09262751825267, "params": {"gamma": 6.288786844403314, "prior": 1.2777574265578442, "rate": 3.0810618335582585}, "datetime": {"datetime": "2024-04-12 13:57:25", "elapsed": 7.037001, "delta": 0.008325}}
{"target": -199.64011611233613, "params": {"gamma": 5.870035110089563, "prior": 4.015090791444363, "rate": 6.639796868246575}, "datetime": {"datetime": "2024-04-12 13:57:25", "elapsed": 7.045272, "delta": 0.008271}}
{"target": -332.0444823580605, "params": {"gamma": 8.519694493398179, "prior": 1.9831986841906173, "rate": 9.032823736002479}, "datetime": {"datetime": "2024-04-12 13:57:25", "elapsed": 7.053647, "delta": 0.008375}}
{"target": -131.09294196619652, "params": {"gamma": 3.8323753284605018, "prior": 9.43693087420972, "rate": 6.174205747936627}, "datetime": {"datetime": "2024-04-12 13:57:25", "elapsed": 7.062037, "delta": 0.00839}}
{"target": -224.48372192076718, "params": {"gamma": 7.901165115937855, "prior": 5.1962767408949375, "rate": 5.311915799238696}, "datetime": {"datetime": "2024-04-12 13:57:25", "elapsed": 7.070285, "delta": 0.008248}}
{"target": -158.0907681590598, "params": {"gamma": 3.276611393760953, "prior": 1.3807106015508195, "rate": 3.8388352966923764}, "datetime": {"datetime": "2024-04-12 13:57:25", "elapsed": 7.078476, "delta": 0.008191}}
{"target": -146.61556610878958, "params": {"gamma": 2.1505498314359848, "prior": 0.4253660332309741, "rate": 2.7495934114227696}, "datetime": {"datetime": "2024-04-12 13:57:25", "elapsed": 7.086785, "delta": 0.008309}}
{"target": -121.15774291523631, "params": {"gamma": 1.8065799506159026, "prior": 8.767750118877416, "rate": 0.8132843877516185}, "datetime": {"datetime": "2024-04-12 13:57:25", "elapsed": 7.094993, "delta": 0.008208}}
{"target": -124.62230053027102, "params": {"gamma": 1.8397720952197505, "prior": 7.069903885809709, "rate": 9.192339684311714}, "datetime": {"datetime": "2024-04-12 13:57:25", "elapsed": 7.103259, "delta": 0.008266}}
{"target": -164.8336953845034, "params": {"gamma": 2.515333063867109, "prior": 0.3108812014676776, "rate": 9.605084223078242}, "datetime": {"datetime": "2024-04-12 13:57:25", "elapsed": 7.111474, "delta": 0.008215}}
{"target": -217.2345549510766, "params": {"gamma": 6.8225241840990325, "prior": 3.175560691032173, "rate": 4.724262048710183}, "datetime": {"datetime": "2024-04-12 13:57:25", "elapsed": 7.119961, "delta": 0.008487}}
{"target": -218.8127756180981, "params": {"gamma": 5.992959482913756, "prior": 3.801298863446888, "rate": 8.74500347841515}, "datetime": {"datetime": "2024-04-12 13:57:25", "elapsed": 7.128163, "delta": 0.008202}}
{"target": -180.31772273167647, "params": {"gamma": 7.261999710487967, "prior": 9.547972975779691, "rate": 3.5113041629592687}, "datetime": {"datetime": "2024-04-12 13:57:25", "elapsed": 7.136457, "delta": 0.008294}}
{"target": -273.98083955415973, "params": {"gamma": 9.37180371312909, "prior": 4.843095684834866, "rate": 6.423584063846066}, "datetime": {"datetime": "2024-04-12 13:57:25", "elapsed": 7.144727, "delta": 0.00827}}
{"target": -187.6888879496117, "params": {"gamma": 7.36673540034412, "prior": 8.112445893156233, "rate": 3.963197413459656}, "datetime": {"datetime": "2024-04-12 13:57:25", "elapsed": 7.153147, "delta": 0.00842}}
{"target": -147.05662725396706, "params": {"gamma": 4.480011839169197, "prior": 8.191042558516232, "rate": 7.175854473706459}, "datetime": {"datetime": "2024-04-12 13:57:25", "elapsed": 7.161558, "delta": 0.008411}}
{"target": -214.84219803634298, "params": {"gamma": 9.408551244537064, "prior": 9.798018927036628, "rate": 1.7899544503221003}, "datetime": {"datetime": "2024-04-12 13:57:25", "elapsed": 7.169915, "delta": 0.008357}}
{"target": -124.04835995690773, "params": {"gamma": 2.2799661987157394, "prior": 7.188265828062564, "rate": 7.474079963807781}, "datetime": {"datetime": "2024-04-12 13:57:25", "elapsed": 7.178096, "delta": 0.008181}}
{"target": -155.8064846283598, "params": {"gamma": 6.032192362771022, "prior": 8.785267665792963, "rate": 2.5206526306452743}, "datetime": {"datetime": "2024-04-12 13:57:25", "elapsed": 7.186429, "delta": 0.008333}}
{"target": -125.60012246028965, "params": {"gamma": 3.3955344555736273, "prior": 4.997003796258398, "rate": 3.150955862596707}, "datetime": {"datetime": "2024-04-12 13:57:25", "elapsed": 7.19459, "delta": 0.008161}}
{"target": -146.78035332297873, "params": {"gamma": 5.454845454328703, "prior": 6.856532985049649, "rate": 2.2044486446357947}, "datetime": {"datetime": "2024-04-12 13:57:25", "elapsed": 7.202831, "delta": 0.008241}}
{"target": -137.78110899788146, "params": {"gamma": 4.853889202229838, "prior": 9.930515440611035, "rate": 3.242288870509168}, "datetime": {"datetime": "2024-04-12 13:57:25", "elapsed": 7.210966, "delta": 0.008135}}
{"target": -133.94538378284795, "params": {"gamma": 0.35458383299364826, "prior": 8.19178211991173, "rate": 5.033564529213024}, "datetime": {"datetime": "2024-04-12 13:57:25", "elapsed": 7.219222, "delta": 0.008256}}
