{"target": -90.60441858959724, "params": {"p_ai": 9.525789870241201, "p_al": 9.97165216320167, "p_ex": 0.25386238792504423, "prior": 7.997953111987898, "rate": 6.936140043234322}, "datetime": {"datetime": "2024-03-29 12:07:19", "elapsed": 5848.548455, "delta": 14.327082}}
{"target": -69.98223626020702, "params": {"p_ai": 3.3893015262985875, "p_al": 3.064310779916916, "p_ex": 4.598409956932745, "prior": 10.0, "rate": 5.60116962122203}, "datetime": {"datetime": "2024-03-29 12:07:33", "elapsed": 5862.602594, "delta": 14.054139}}
{"target": -76.9106382264216, "params": {"p_ai": 1.9538504292339969, "p_al": 10.0, "p_ex": 7.587114804833685, "prior": 10.0, "rate": 10.0}, "datetime": {"datetime": "2024-03-29 12:07:47", "elapsed": 5876.908345, "delta": 14.305751}}
{"target": -58.47035810046833, "params": {"p_ai": 4.2933029107102865, "p_al": 9.915691889804512, "p_ex": 9.964589359592981, "prior": 4.8092215517218015, "rate": 7.165459906789557}, "datetime": {"datetime": "2024-03-29 12:08:01", "elapsed": 5890.247605, "delta": 13.33926}}
{"target": -82.88170065190897, "params": {"p_ai": 2.564773077728578, "p_al": 2.9057424895797155, "p_ex": 10.0, "prior": 10.0, "rate": 5.565135209182511}, "datetime": {"datetime": "2024-03-29 12:08:22", "elapsed": 5911.211579, "delta": 20.963974}}
{"target": -68.19927108129737, "params": {"p_ai": 2.828801438519013, "p_al": 4.602010052712948, "p_ex": 10.0, "prior": 7.177519507926558, "rate": 10.0}, "datetime": {"datetime": "2024-03-29 12:08:35", "elapsed": 5925.074227, "delta": 13.862648}}
{"target": -152.335679039354, "params": {"p_ai": 0.001, "p_al": 6.651228099590967, "p_ex": 10.0, "prior": 10.0, "rate": 5.335349146574487}, "datetime": {"datetime": "2024-03-29 12:08:49", "elapsed": 5938.810535, "delta": 13.736308}}
{"target": -60.8413617769188, "params": {"p_ai": 5.487047818711529, "p_al": 0.001, "p_ex": 3.2573502456402053, "prior": 3.5660556685745273, "rate": 3.4923640446924256}, "datetime": {"datetime": "2024-03-29 12:09:03", "elapsed": 5953.10302, "delta": 14.292485}}
{"target": -1919.9252487420263, "params": {"p_ai": 3.3669113773057897, "p_al": 2.6843098595336716, "p_ex": 1.6250846650847621, "prior": 0.001, "rate": 1.511026580605947}, "datetime": {"datetime": "2024-03-29 12:09:24", "elapsed": 5973.42299, "delta": 20.31997}}
{"target": -59.81461073655456, "params": {"p_ai": 3.497086653329179, "p_al": 0.29147549965210395, "p_ex": 3.6599200803126015, "prior": 1.6106533346255474, "rate": 3.3365047405939174}, "datetime": {"datetime": "2024-03-29 12:09:39", "elapsed": 5988.846089, "delta": 15.423099}}
{"target": -86.00861754501929, "params": {"p_ai": 3.1874378258828324, "p_al": 0.46887367588547585, "p_ex": 0.6439998796198207, "prior": 2.2607027750933995, "rate": 3.5724140269016487}, "datetime": {"datetime": "2024-03-29 12:09:54", "elapsed": 6003.360179, "delta": 14.51409}}
{"target": -64.58585421413537, "params": {"p_ai": 4.724465691000502, "p_al": 0.14548941127348572, "p_ex": 1.6779200589001448, "prior": 0.676111862401686, "rate": 4.002204660363417}, "datetime": {"datetime": "2024-03-29 12:10:08", "elapsed": 6017.995378, "delta": 14.635199}}
{"target": -92.4222548100983, "params": {"p_ai": 5.979377115004405, "p_al": 2.8753889964092725, "p_ex": 5.1043829884548515, "prior": 3.2781594627232153, "rate": 0.001}, "datetime": {"datetime": "2024-03-29 12:10:22", "elapsed": 6032.045667, "delta": 14.050289}}
{"target": -68.1620227769945, "params": {"p_ai": 2.042689482863859, "p_al": 0.642414022344079, "p_ex": 4.8232699452157926, "prior": 0.9169468257570869, "rate": 1.8471330832216448}, "datetime": {"datetime": "2024-03-29 12:10:37", "elapsed": 6046.52147, "delta": 14.475803}}
{"target": -87.92614952812828, "params": {"p_ai": 6.697266140641177, "p_al": 1.1547703396338453, "p_ex": 0.05878057486663938, "prior": 1.7178356294136978, "rate": 2.7835359321506954}, "datetime": {"datetime": "2024-03-29 12:10:51", "elapsed": 6060.84385, "delta": 14.32238}}
{"target": -95.52240089172523, "params": {"p_ai": 3.0082977698958984, "p_al": 7.754191021092008, "p_ex": 0.001, "prior": 10.0, "rate": 0.001}, "datetime": {"datetime": "2024-03-29 12:11:18", "elapsed": 6087.706102, "delta": 26.862252}}
{"target": -84.61834035088587, "params": {"p_ai": 7.660530732298296, "p_al": 0.001, "p_ex": 7.363552609174185, "prior": 3.173747295046018, "rate": 0.001}, "datetime": {"datetime": "2024-03-29 12:11:36", "elapsed": 6105.309188, "delta": 17.603086}}
{"target": -93.94861669579319, "params": {"p_ai": 5.175359088336477, "p_al": 3.8414684599848457, "p_ex": 0.1037845135057918, "prior": 2.4904370797825806, "rate": 3.2967916371752257}, "datetime": {"datetime": "2024-03-29 12:12:03", "elapsed": 6132.370575, "delta": 27.061387}}
{"target": -62.55940318503896, "params": {"p_ai": 4.39397533591803, "p_al": 0.001, "p_ex": 2.521646330195319, "prior": 1.2490025413314203, "rate": 2.3445700330056782}, "datetime": {"datetime": "2024-03-29 12:12:17", "elapsed": 6146.835194, "delta": 14.464619}}
{"target": -86.69057270292687, "params": {"p_ai": 4.603705684603661, "p_al": 0.05712509325836219, "p_ex": 0.22696137691857032, "prior": 2.037221543950898, "rate": 0.10319856570489358}, "datetime": {"datetime": "2024-03-29 12:12:39", "elapsed": 6168.360172, "delta": 21.524978}}
{"target": -81.26174577199227, "params": {"p_ai": 6.55855763445756, "p_al": 0.1397615289500974, "p_ex": 0.8421944453905509, "prior": 0.4376774511031884, "rate": 0.14011061297731156}, "datetime": {"datetime": "2024-03-29 12:13:12", "elapsed": 6201.837535, "delta": 33.477363}}
{"target": -63.188903861381135, "params": {"p_ai": 4.303816674080345, "p_al": 5.761079538733833, "p_ex": 10.0, "prior": 10.0, "rate": 7.253086705324661}, "datetime": {"datetime": "2024-03-29 12:13:27", "elapsed": 6216.977375, "delta": 15.13984}}
{"target": -157.84735932347323, "params": {"p_ai": 0.001, "p_al": 3.792954955187674, "p_ex": 3.6068712745546914, "prior": 6.147149709382495, "rate": 0.001}, "datetime": {"datetime": "2024-03-29 12:13:42", "elapsed": 6231.939612, "delta": 14.962237}}
{"target": -90.48345270796196, "params": {"p_ai": 10.0, "p_al": 4.07619691530972, "p_ex": 0.001, "prior": 3.9361298633248274, "rate": 10.0}, "datetime": {"datetime": "2024-03-29 12:14:04", "elapsed": 6253.929416, "delta": 21.989804}}
{"target": -327.5691897245248, "params": {"p_ai": 1.9359427412283587, "p_al": 0.2266878896431979, "p_ex": 3.4975751913766104, "prior": 0.006579068198456886, "rate": 0.02133971460864278}, "datetime": {"datetime": "2024-03-29 12:14:30", "elapsed": 6279.594936, "delta": 25.66552}}
{"target": -68.96111129789867, "params": {"p_ai": 8.282117432720888, "p_al": 7.433841387055078, "p_ex": 2.5511555839648246, "prior": 10.0, "rate": 6.580500633702508}, "datetime": {"datetime": "2024-03-29 12:14:45", "elapsed": 6294.981307, "delta": 15.386371}}
{"target": -65.23488365774824, "params": {"p_ai": 10.0, "p_al": 0.001, "p_ex": 3.138615913251765, "prior": 7.349206571700184, "rate": 3.4310138907636634}, "datetime": {"datetime": "2024-03-29 12:15:09", "elapsed": 6318.964144, "delta": 23.982837}}
{"target": -62.2486994956186, "params": {"p_ai": 5.507303063793911, "p_al": 10.0, "p_ex": 7.678471698321293, "prior": 5.620737942481686, "rate": 3.6766576430563824}, "datetime": {"datetime": "2024-03-29 12:15:37", "elapsed": 6346.246088, "delta": 27.281944}}
{"target": -92.6114205648595, "params": {"p_ai": 4.961055995463392, "p_al": 7.567271188631934, "p_ex": 4.634505855130774, "prior": 10.0, "rate": 0.001}, "datetime": {"datetime": "2024-03-29 12:15:58", "elapsed": 6367.437358, "delta": 21.19127}}
{"target": -95.35529678554019, "params": {"p_ai": 3.3322713183157076, "p_al": 2.7656416401510913, "p_ex": 0.001, "prior": 3.276135220029668, "rate": 6.669618877549354}, "datetime": {"datetime": "2024-03-29 12:16:12", "elapsed": 6382.075241, "delta": 14.637883}}
{"target": -84.74841953081977, "params": {"p_ai": 10.0, "p_al": 2.557421256400766, "p_ex": 1.3894777757155403, "prior": 7.950681320183145, "rate": 0.001}, "datetime": {"datetime": "2024-03-29 12:16:32", "elapsed": 6401.544536, "delta": 19.469295}}
{"target": -96.79040444021109, "params": {"p_ai": 3.9804360990190415, "p_al": 4.431197383250774, "p_ex": 0.001, "prior": 4.037375085042904, "rate": 0.001}, "datetime": {"datetime": "2024-03-29 12:16:47", "elapsed": 6416.736917, "delta": 15.192381}}
{"target": -62.355868030195566, "params": {"p_ai": 10.0, "p_al": 10.0, "p_ex": 4.418611662887509, "prior": 5.425585725222626, "rate": 5.374491669940677}, "datetime": {"datetime": "2024-03-29 12:17:08", "elapsed": 6438.010417, "delta": 21.2735}}
{"target": -63.900901058393146, "params": {"p_ai": 3.9678192938337995, "p_al": 1.3857268532237945, "p_ex": 2.50784974757895, "prior": 1.7166495541159543, "rate": 3.830629695068536}, "datetime": {"datetime": "2024-03-29 12:17:23", "elapsed": 6452.363564, "delta": 14.353147}}
{"target": -146.210791509004, "params": {"p_ai": 0.001, "p_al": 0.001, "p_ex": 0.001, "prior": 2.0532949265487876, "rate": 2.4447409747359132}, "datetime": {"datetime": "2024-03-29 12:17:36", "elapsed": 6466.093078, "delta": 13.729514}}
{"target": -60.618313378472834, "params": {"p_ai": 5.726936810951387, "p_al": 6.667169328852259, "p_ex": 10.0, "prior": 4.443644006924225, "rate": 2.9149569089189}, "datetime": {"datetime": "2024-03-29 12:17:52", "elapsed": 6481.964368, "delta": 15.87129}}
{"target": -98.06696439397149, "params": {"p_ai": 7.552533900504331, "p_al": 1.760160643944187, "p_ex": 3.810627240230504, "prior": 1.3636499069414438, "rate": 0.001}, "datetime": {"datetime": "2024-03-29 12:18:07", "elapsed": 6496.765104, "delta": 14.800736}}
{"target": -59.6659736495085, "params": {"p_ai": 8.243419819166592, "p_al": 0.001, "p_ex": 6.6771022586347675, "prior": 5.72358200600018, "rate": 2.0170210512302646}, "datetime": {"datetime": "2024-03-29 12:18:22", "elapsed": 6511.241599, "delta": 14.476495}}
{"target": -75.38815021610083, "params": {"p_ai": 5.578529069100092, "p_al": 8.138282306351712, "p_ex": 7.822702522289301, "prior": 10.0, "rate": 1.4527618503713562}, "datetime": {"datetime": "2024-03-29 12:18:36", "elapsed": 6525.866894, "delta": 14.625295}}
{"target": -98.30638580681695, "params": {"p_ai": 7.128586736130188, "p_al": 7.491703407983086, "p_ex": 0.001, "prior": 5.743485868578607, "rate": 0.001}, "datetime": {"datetime": "2024-03-29 12:18:51", "elapsed": 6540.286299, "delta": 14.419405}}
{"target": -134.93220707515493, "params": {"p_ai": 0.001, "p_al": 0.001, "p_ex": 7.000683646655714, "prior": 4.716388214887894, "rate": 3.296595481135446}, "datetime": {"datetime": "2024-03-29 12:19:07", "elapsed": 6556.209945, "delta": 15.923646}}
{"target": -65.93406287986359, "params": {"p_ai": 10.0, "p_al": 3.1698189295485526, "p_ex": 5.087789612840982, "prior": 10.0, "rate": 2.5974525524292846}, "datetime": {"datetime": "2024-03-29 12:19:29", "elapsed": 6578.472191, "delta": 22.262246}}
{"target": -56.0419096115998, "params": {"p_ai": 7.984584541207932, "p_al": 7.864280151894305, "p_ex": 10.0, "prior": 1.633909606637133, "rate": 10.0}, "datetime": {"datetime": "2024-03-29 12:19:53", "elapsed": 6602.710782, "delta": 24.238591}}
{"target": -85.56435115120395, "params": {"p_ai": 6.974799547297991, "p_al": 0.001, "p_ex": 0.001, "prior": 7.574161705361951, "rate": 7.9785742184487685}, "datetime": {"datetime": "2024-03-29 12:20:14", "elapsed": 6623.352897, "delta": 20.642115}}
{"target": -58.42242381322492, "params": {"p_ai": 4.439267974802223, "p_al": 2.306692485077649, "p_ex": 10.0, "prior": 1.853246964168081, "rate": 10.0}, "datetime": {"datetime": "2024-03-29 12:20:35", "elapsed": 6645.125533, "delta": 21.772636}}
{"target": -91.49433727200136, "params": {"p_ai": 10.0, "p_al": 5.699369729742239, "p_ex": 2.9108022826953555, "prior": 6.146135710852104, "rate": 0.001}, "datetime": {"datetime": "2024-03-29 12:20:56", "elapsed": 6665.7435, "delta": 20.617967}}
{"target": -65.03559553536275, "params": {"p_ai": 10.0, "p_al": 10.0, "p_ex": 7.69626564470959, "prior": 5.131507414424564, "rate": 2.731533097219159}, "datetime": {"datetime": "2024-03-29 12:21:11", "elapsed": 6680.570313, "delta": 14.826813}}
{"target": -112.66438286215237, "params": {"p_ai": 3.374041093906282, "p_al": 7.236070860418654, "p_ex": 0.001, "prior": 1.8013264358357202, "rate": 4.189149883266717}, "datetime": {"datetime": "2024-03-29 12:21:32", "elapsed": 6701.719131, "delta": 21.148818}}
{"target": -56.09026900258653, "params": {"p_ai": 3.351842102778734, "p_al": 1.913443213178812, "p_ex": 3.3844772084366666, "prior": 1.1532157146982327, "rate": 8.957001264720185}, "datetime": {"datetime": "2024-03-29 12:21:47", "elapsed": 6716.937764, "delta": 15.218633}}
{"target": -74.01524546523447, "params": {"p_ai": 10.0, "p_al": 3.9028414142831243, "p_ex": 1.9234767226712974, "prior": 4.727288895683734, "rate": 2.9433679390243133}, "datetime": {"datetime": "2024-03-29 12:22:02", "elapsed": 6731.897606, "delta": 14.959842}}
{"target": -85.19923321841237, "params": {"p_ai": 10.0, "p_al": 0.001, "p_ex": 0.001, "prior": 5.6170813623696825, "rate": 4.513904722454211}, "datetime": {"datetime": "2024-03-29 12:22:18", "elapsed": 6747.607157, "delta": 15.709551}}
{"target": -99.31623136445693, "params": {"p_ai": 5.887916228583884, "p_al": 10.0, "p_ex": 0.001, "prior": 4.330289116167677, "rate": 7.484350835107873}, "datetime": {"datetime": "2024-03-29 12:22:34", "elapsed": 6763.534521, "delta": 15.927364}}
{"target": -62.73518866885171, "params": {"p_ai": 7.576462626291969, "p_al": 9.704095237443104, "p_ex": 5.553763924432909, "prior": 0.9832612580498876, "rate": 4.5299859403674665}, "datetime": {"datetime": "2024-03-29 12:22:49", "elapsed": 6778.719318, "delta": 15.184797}}
{"target": -85.64670189017522, "params": {"p_ai": 7.128553370677163, "p_al": 3.1024890291546696, "p_ex": 4.3808301353417995, "prior": 10.0, "rate": 0.001}, "datetime": {"datetime": "2024-03-29 12:23:10", "elapsed": 6799.622613, "delta": 20.903295}}
{"target": -92.00645803874413, "params": {"p_ai": 6.604282262974298, "p_al": 7.3343689990534155, "p_ex": 0.001, "prior": 7.9422512589123775, "rate": 2.3492275920455583}, "datetime": {"datetime": "2024-03-29 12:23:40", "elapsed": 6829.849498, "delta": 30.226885}}
{"target": -61.30461000937412, "params": {"p_ai": 10.0, "p_al": 0.001, "p_ex": 4.135917144900385, "prior": 4.9010253443041485, "rate": 2.4494914586222754}, "datetime": {"datetime": "2024-03-29 12:24:00", "elapsed": 6850.082253, "delta": 20.232755}}
{"target": -51.31505075439031, "params": {"p_ai": 8.468941298507104, "p_al": 4.09705999897039, "p_ex": 4.493718365317951, "prior": 1.6040977524468218, "rate": 5.807689852596591}, "datetime": {"datetime": "2024-03-29 12:24:22", "elapsed": 6871.789423, "delta": 21.70717}}
{"target": -53.22086200726161, "params": {"p_ai": 7.63012692748157, "p_al": 10.0, "p_ex": 7.916377486570636, "prior": 8.070391519549704, "rate": 10.0}, "datetime": {"datetime": "2024-03-29 12:24:38", "elapsed": 6887.709215, "delta": 15.919792}}
{"target": -96.9185723595363, "params": {"p_ai": 0.001, "p_al": 6.5838759229295825, "p_ex": 6.211653957253897, "prior": 1.733880348607387, "rate": 5.402287430418831}, "datetime": {"datetime": "2024-03-29 12:25:12", "elapsed": 6921.860746, "delta": 34.151531}}
{"target": -101.86100134714273, "params": {"p_ai": 7.807426340578117, "p_al": 10.0, "p_ex": 10.0, "prior": 6.875230625489541, "rate": 0.001}, "datetime": {"datetime": "2024-03-29 12:25:28", "elapsed": 6937.651474, "delta": 15.790728}}
{"target": -88.12933901272054, "params": {"p_ai": 5.2037464947385965, "p_al": 2.2364454567018868, "p_ex": 0.001, "prior": 7.981699462803169, "rate": 10.0}, "datetime": {"datetime": "2024-03-29 12:25:43", "elapsed": 6952.836939, "delta": 15.185465}}
{"target": -94.11206319701918, "params": {"p_ai": 5.037454678451696, "p_al": 10.0, "p_ex": 0.001, "prior": 7.433195419105965, "rate": 10.0}, "datetime": {"datetime": "2024-03-29 12:25:59", "elapsed": 6968.835902, "delta": 15.998963}}
{"target": -104.19295110154073, "params": {"p_ai": 10.0, "p_al": 10.0, "p_ex": 2.2865851685665772, "prior": 3.2646843133822623, "rate": 1.6212594801203544}, "datetime": {"datetime": "2024-03-29 12:26:21", "elapsed": 6990.380763, "delta": 21.544861}}
{"target": -1059.1833441301617, "params": {"p_ai": 4.749376529937868, "p_al": 7.175643907820294, "p_ex": 7.913830646323004, "prior": 0.001, "rate": 10.0}, "datetime": {"datetime": "2024-03-29 12:26:42", "elapsed": 7011.194268, "delta": 20.813505}}
{"target": -55.622216266440624, "params": {"p_ai": 5.602831720330206, "p_al": 7.005650401741228, "p_ex": 9.930581293543096, "prior": 1.244811754610405, "rate": 8.025719122176222}, "datetime": {"datetime": "2024-03-29 12:27:14", "elapsed": 7043.736797, "delta": 32.542529}}
{"target": -50.38823585445426, "params": {"p_ai": 7.332552907022011, "p_al": 6.6524255680650395, "p_ex": 5.0112150153714206, "prior": 1.0472892063277954, "rate": 8.500036018732136}, "datetime": {"datetime": "2024-03-29 12:27:31", "elapsed": 7060.47196, "delta": 16.735163}}
{"target": -64.19486553200316, "params": {"p_ai": 1.9060818818079677, "p_al": 7.810700222119444, "p_ex": 4.841707438384061, "prior": 2.1366099887634022, "rate": 10.0}, "datetime": {"datetime": "2024-03-29 12:28:00", "elapsed": 7090.035255, "delta": 29.563295}}
{"target": -54.70646106432069, "params": {"p_ai": 5.869114787837902, "p_al": 8.757749412135103, "p_ex": 9.862567857244823, "prior": 2.199787331322702, "rate": 8.87863668495924}, "datetime": {"datetime": "2024-03-29 12:28:17", "elapsed": 7106.450854, "delta": 16.415599}}
{"target": -52.36854522090086, "params": {"p_ai": 4.372394951058109, "p_al": 3.6744418243133743, "p_ex": 7.016361700002108, "prior": 0.4414887867180545, "rate": 7.847635344363271}, "datetime": {"datetime": "2024-03-29 12:28:31", "elapsed": 7120.908979, "delta": 14.458125}}
{"target": -137.18566392920684, "params": {"p_ai": 0.001, "p_al": 10.0, "p_ex": 6.876600930570344, "prior": 10.0, "rate": 5.43175443570372}, "datetime": {"datetime": "2024-03-29 12:28:48", "elapsed": 7138.093256, "delta": 17.184277}}
{"target": -122.33710118620272, "params": {"p_ai": 2.3348682379113788, "p_al": 6.360795493685632, "p_ex": 7.860284110773836, "prior": 10.0, "rate": 0.001}, "datetime": {"datetime": "2024-03-29 12:29:15", "elapsed": 7164.450494, "delta": 26.357238}}
{"target": -492.8349895365093, "params": {"p_ai": 10.0, "p_al": 6.758230153585001, "p_ex": 10.0, "prior": 0.001, "rate": 10.0}, "datetime": {"datetime": "2024-03-29 12:29:40", "elapsed": 7189.936652, "delta": 25.486158}}
{"target": -58.766784333395655, "params": {"p_ai": 3.934649112467551, "p_al": 0.001, "p_ex": 4.508571408097076, "prior": 7.5712313753318, "rate": 10.0}, "datetime": {"datetime": "2024-03-29 12:29:56", "elapsed": 7205.259667, "delta": 15.323015}}
{"target": -62.99414779204143, "params": {"p_ai": 3.77809158787413, "p_al": 0.001, "p_ex": 2.48591443978335, "prior": 3.7749203684170842, "rate": 10.0}, "datetime": {"datetime": "2024-03-29 12:30:17", "elapsed": 7226.296623, "delta": 21.036956}}
{"target": -57.71206006958598, "params": {"p_ai": 3.0882606103059422, "p_al": 10.0, "p_ex": 7.966487319251229, "prior": 3.88713014132406, "rate": 10.0}, "datetime": {"datetime": "2024-03-29 12:30:32", "elapsed": 7241.848127, "delta": 15.551504}}
{"target": -85.3000042412275, "params": {"p_ai": 10.0, "p_al": 2.5538669195742814, "p_ex": 0.001, "prior": 10.0, "rate": 2.1392475255461867}, "datetime": {"datetime": "2024-03-29 12:30:56", "elapsed": 7266.053163, "delta": 24.205036}}
{"target": -51.63012795420086, "params": {"p_ai": 10.0, "p_al": 8.170459792449948, "p_ex": 7.7782255935219755, "prior": 2.6872302295383186, "rate": 10.0}, "datetime": {"datetime": "2024-03-29 12:31:10", "elapsed": 7279.769304, "delta": 13.716141}}
{"target": -91.1875134608412, "params": {"p_ai": 6.858452795808258, "p_al": 6.096701105727639, "p_ex": 0.001, "prior": 6.177996697649893, "rate": 6.051210395684803}, "datetime": {"datetime": "2024-03-29 12:31:27", "elapsed": 7296.253125, "delta": 16.483821}}
{"target": -115.8834462154119, "params": {"p_ai": 0.043871057219627634, "p_al": 6.514141011290206, "p_ex": 9.737608920685172, "prior": 6.601305682913231, "rate": 9.897536440851601}, "datetime": {"datetime": "2024-03-29 12:31:48", "elapsed": 7317.907813, "delta": 21.654688}}
{"target": -1883.0269097806367, "params": {"p_ai": 3.8840149011265175, "p_al": 10.0, "p_ex": 1.6331246187741024, "prior": 0.001, "rate": 5.202917465380398}, "datetime": {"datetime": "2024-03-29 12:32:16", "elapsed": 7345.326373, "delta": 27.41856}}
{"target": -88.46069846117327, "params": {"p_ai": 6.022442205720556, "p_al": 8.63382568806022, "p_ex": 1.19091382030178, "prior": 2.541128543026722, "rate": 4.897308758836981}, "datetime": {"datetime": "2024-03-29 12:32:40", "elapsed": 7369.968652, "delta": 24.642279}}
{"target": -107.45746189238771, "params": {"p_ai": 1.9841107129389022, "p_al": 9.514420047472193, "p_ex": 0.15582344290874817, "prior": 5.0070893488618236, "rate": 7.107350446392506}, "datetime": {"datetime": "2024-03-29 12:32:56", "elapsed": 7385.668757, "delta": 15.700105}}
{"target": -76.60175212707448, "params": {"p_ai": 10.0, "p_al": 7.313319830351448, "p_ex": 2.4024388871915323, "prior": 5.570776817506486, "rate": 3.016920850154086}, "datetime": {"datetime": "2024-03-29 12:33:17", "elapsed": 7407.008622, "delta": 21.339865}}
{"target": -86.47389015415499, "params": {"p_ai": 10.0, "p_al": 1.9743777167475043, "p_ex": 7.860520646458703, "prior": 3.8060985689544444, "rate": 0.001}, "datetime": {"datetime": "2024-03-29 12:33:40", "elapsed": 7429.982226, "delta": 22.973604}}
{"target": -98.96462316843298, "params": {"p_ai": 3.96256995424079, "p_al": 8.622003789997128, "p_ex": 0.07447183572163328, "prior": 4.450756453022781, "rate": 6.2717034809556}, "datetime": {"datetime": "2024-03-29 12:33:56", "elapsed": 7445.656082, "delta": 15.673856}}
