{"target": -1037.504997974826, "params": {"gamma": 2.2021926865737713, "lr": 0.0038713906009244514}, "datetime": {"datetime": "2024-04-04 05:13:06", "elapsed": 210.004949, "delta": 6.163761}}
{"target": -321.04300411505926, "params": {"gamma": 1.0764368976133072, "lr": 1.0}, "datetime": {"datetime": "2024-04-04 05:13:13", "elapsed": 217.136597, "delta": 7.131648}}
{"target": -165.6112600368216, "params": {"gamma": 0.4307617134156568, "lr": 0.4004469252172085}, "datetime": {"datetime": "2024-04-04 05:13:17", "elapsed": 220.800304, "delta": 3.663707}}
{"target": -168.00454690471878, "params": {"gamma": 0.41104449213414795, "lr": 0.8440030508746857}, "datetime": {"datetime": "2024-04-04 05:13:25", "elapsed": 229.631391, "delta": 8.831087}}
{"target": -203.14079338793152, "params": {"gamma": 0.758510581547777, "lr": 0.5669279440380645}, "datetime": {"datetime": "2024-04-04 05:13:28", "elapsed": 232.135272, "delta": 2.503881}}
{"target": -140.43968710727847, "params": {"gamma": 0.0657082134880249, "lr": 0.9992797383594311}, "datetime": {"datetime": "2024-04-04 05:13:33", "elapsed": 237.20935, "delta": 5.074078}}
{"target": -193.26203532965837, "params": {"gamma": 0.5525059627791505, "lr": 0.926242396655782}, "datetime": {"datetime": "2024-04-04 05:13:39", "elapsed": 243.105912, "delta": 5.896562}}
{"target": -229.5451300890303, "params": {"gamma": 0.7476589341068167, "lr": 0.8041981501278281}, "datetime": {"datetime": "2024-04-04 05:13:41", "elapsed": 245.563345, "delta": 2.457433}}
{"target": -147.78375285904463, "params": {"gamma": 0.2511867442062102, "lr": 0.43681359759047694}, "datetime": {"datetime": "2024-04-04 05:13:47", "elapsed": 251.282204, "delta": 5.718859}}
{"target": -147.15306861353568, "params": {"gamma": 0.059775461731421474, "lr": 0.21825630342340574}, "datetime": {"datetime": "2024-04-04 05:13:50", "elapsed": 254.28805, "delta": 3.005846}}
{"target": -434.34296789035005, "params": {"gamma": 1.7089442949530615, "lr": 0.7579070539779361}, "datetime": {"datetime": "2024-04-04 05:13:56", "elapsed": 260.647908, "delta": 6.359858}}
{"target": -204.36544285683706, "params": {"gamma": 0.6482620707587139, "lr": 0.2620420814298712}, "datetime": {"datetime": "2024-04-04 05:14:02", "elapsed": 266.312732, "delta": 5.664824}}
{"target": -252.3094147615309, "params": {"gamma": 1.0387842509175984, "lr": 0.5406725366634693}, "datetime": {"datetime": "2024-04-04 05:14:05", "elapsed": 269.048093, "delta": 2.735361}}
{"target": -378.72965683519743, "params": {"gamma": 1.403829603419401, "lr": 0.9211005485154593}, "datetime": {"datetime": "2024-04-04 05:14:18", "elapsed": 281.958346, "delta": 12.910253}}
{"target": -144.69693328963425, "params": {"gamma": 0.002711812117927699, "lr": 0.5412058127877752}, "datetime": {"datetime": "2024-04-04 05:14:23", "elapsed": 286.866986, "delta": 4.90864}}
{"target": -631.9865646933804, "params": {"gamma": 2.8960807516706426, "lr": 0.43756233914345655}, "datetime": {"datetime": "2024-04-04 05:14:25", "elapsed": 289.670743, "delta": 2.803757}}
{"target": -180.31994944247953, "params": {"gamma": 0.5232112881266063, "lr": 0.6980340852060464}, "datetime": {"datetime": "2024-04-04 05:14:29", "elapsed": 293.112104, "delta": 3.441361}}
{"target": -386.3849667093619, "params": {"gamma": 1.7691861758569158, "lr": 0.5530726900700156}, "datetime": {"datetime": "2024-04-04 05:14:32", "elapsed": 296.534251, "delta": 3.422147}}
{"target": -763.9800951133143, "params": {"gamma": 3.5938945372980884, "lr": 0.6562288393109045}, "datetime": {"datetime": "2024-04-04 05:14:39", "elapsed": 303.384558, "delta": 6.850307}}
{"target": -145.39191233805062, "params": {"gamma": 0.27757958720836273, "lr": 0.5878850414876733}, "datetime": {"datetime": "2024-04-04 05:14:43", "elapsed": 307.048672, "delta": 3.664114}}
{"target": -216.70720207740678, "params": {"gamma": 0.8873894083694288, "lr": 0.477369657214993}, "datetime": {"datetime": "2024-04-04 05:14:49", "elapsed": 313.264837, "delta": 6.216165}}
{"target": -144.86776073702882, "params": {"gamma": 1.1085925059351434, "lr": 0.0}, "datetime": {"datetime": "2024-04-04 05:14:54", "elapsed": 318.114695, "delta": 4.849858}}
{"target": -365.9621640469095, "params": {"gamma": 1.6344218381015865, "lr": 0.6253049429224201}, "datetime": {"datetime": "2024-04-04 05:15:00", "elapsed": 324.116964, "delta": 6.002269}}
{"target": -144.9123169316682, "params": {"gamma": 0.0018413806487863962, "lr": 0.2041765500386027}, "datetime": {"datetime": "2024-04-04 05:15:11", "elapsed": 334.758104, "delta": 10.64114}}
{"target": -178.66931777890198, "params": {"gamma": 0.4911421201056449, "lr": 0.771360984995868}, "datetime": {"datetime": "2024-04-04 05:15:17", "elapsed": 341.549943, "delta": 6.791839}}
{"target": -181.51610514026584, "params": {"gamma": 0.6102325007446486, "lr": 0.5649769385252422}, "datetime": {"datetime": "2024-04-04 05:15:21", "elapsed": 345.089736, "delta": 3.539793}}
{"target": -2063.590480069558, "params": {"gamma": 8.289536893768322, "lr": 0.9850220411168592}, "datetime": {"datetime": "2024-04-04 05:15:23", "elapsed": 346.768809, "delta": 1.679073}}
{"target": -307.65172379748304, "params": {"gamma": 1.3289752596735633, "lr": 0.3687983664631588}, "datetime": {"datetime": "2024-04-04 05:15:30", "elapsed": 353.968326, "delta": 7.199517}}
{"target": -171.63470768769196, "params": {"gamma": 0.4898555633131605, "lr": 0.35782184925931415}, "datetime": {"datetime": "2024-04-04 05:15:38", "elapsed": 362.228881, "delta": 8.260555}}
{"target": -689.3491134325175, "params": {"gamma": 3.163193173277475, "lr": 0.4187116635943392}, "datetime": {"datetime": "2024-04-04 05:15:43", "elapsed": 367.353745, "delta": 5.124864}}
{"target": -201.13256886021287, "params": {"gamma": 0.6013901124777757, "lr": 0.8347697189515924}, "datetime": {"datetime": "2024-04-04 05:15:53", "elapsed": 377.485952, "delta": 10.132207}}
{"target": -161.7633019027983, "params": {"gamma": 0.2221977901092343, "lr": 0.21295554889710078}, "datetime": {"datetime": "2024-04-04 05:16:03", "elapsed": 386.954405, "delta": 9.468453}}
{"target": -347.4728688697691, "params": {"gamma": 0.798507239186887, "lr": 0.12796467084575913}, "datetime": {"datetime": "2024-04-04 05:16:06", "elapsed": 390.058369, "delta": 3.103964}}
{"target": -525.7640608982925, "params": {"gamma": 2.63333711970026, "lr": 0.48366748592957876}, "datetime": {"datetime": "2024-04-04 05:16:09", "elapsed": 393.602347, "delta": 3.543978}}
{"target": -144.86776073702882, "params": {"gamma": 0.7722762627110096, "lr": 0.0}, "datetime": {"datetime": "2024-04-04 05:16:13", "elapsed": 396.780188, "delta": 3.177841}}
{"target": -162.26485821096676, "params": {"gamma": 0.45457034945068986, "lr": 0.6260434256060369}, "datetime": {"datetime": "2024-04-04 05:16:21", "elapsed": 405.490719, "delta": 8.710531}}
{"target": -238.04792287752213, "params": {"gamma": 0.926577253552759, "lr": 0.3172141880177455}, "datetime": {"datetime": "2024-04-04 05:16:29", "elapsed": 413.202166, "delta": 7.711447}}
{"target": -140.15323292278072, "params": {"gamma": 0.09234137634506692, "lr": 0.7532474328787427}, "datetime": {"datetime": "2024-04-04 05:16:37", "elapsed": 421.579697, "delta": 8.377531}}
{"target": -685.2954915041466, "params": {"gamma": 2.6822597677880555, "lr": 0.9976471000054441}, "datetime": {"datetime": "2024-04-04 05:16:43", "elapsed": 427.382876, "delta": 5.803179}}
{"target": -327.0588559599187, "params": {"gamma": 0.9714487751923625, "lr": 0.21170717313643905}, "datetime": {"datetime": "2024-04-04 05:16:49", "elapsed": 433.598393, "delta": 6.215517}}
{"target": -141.62438140572814, "params": {"gamma": 0.1625111611206516, "lr": 0.5237855237841023}, "datetime": {"datetime": "2024-04-04 05:16:56", "elapsed": 440.48284, "delta": 6.884447}}
{"target": -153.44213157600595, "params": {"gamma": 0.36031430074023524, "lr": 0.5204052917178581}, "datetime": {"datetime": "2024-04-04 05:17:03", "elapsed": 447.083592, "delta": 6.600752}}
{"target": -349.08310032276444, "params": {"gamma": 1.1886954402884613, "lr": 1.0}, "datetime": {"datetime": "2024-04-04 05:17:09", "elapsed": 452.848419, "delta": 5.764827}}
{"target": -254.39884505987786, "params": {"gamma": 1.1251630542893774, "lr": 0.45664819683267777}, "datetime": {"datetime": "2024-04-04 05:17:15", "elapsed": 458.762371, "delta": 5.913952}}
{"target": -463.85378273654914, "params": {"gamma": 2.0815884304851613, "lr": 0.35341676833363556}, "datetime": {"datetime": "2024-04-04 05:17:18", "elapsed": 462.552923, "delta": 3.790552}}
{"target": -143.12818467095025, "params": {"gamma": 0.056432719709362894, "lr": 0.43828493198119045}, "datetime": {"datetime": "2024-04-04 05:17:23", "elapsed": 467.629803, "delta": 5.07688}}
{"target": -291.92548109222577, "params": {"gamma": 1.0405881553085334, "lr": 0.8108694153674639}, "datetime": {"datetime": "2024-04-04 05:17:30", "elapsed": 473.845594, "delta": 6.215791}}
{"target": -159.7708433939207, "params": {"gamma": 0.3566212283554597, "lr": 0.8826084478733534}, "datetime": {"datetime": "2024-04-04 05:17:37", "elapsed": 481.674111, "delta": 7.828517}}
{"target": -156.13893198776023, "params": {"gamma": 0.3323450482124796, "lr": 0.2970228822292672}, "datetime": {"datetime": "2024-04-04 05:17:43", "elapsed": 487.392359, "delta": 5.718248}}
{"target": -603.2957383963429, "params": {"gamma": 1.302164528205562, "lr": 0.10252375476051356}, "datetime": {"datetime": "2024-04-04 05:17:51", "elapsed": 494.812081, "delta": 7.419722}}
{"target": -144.86776073702882, "params": {"gamma": 0.9445282717036022, "lr": 0.0}, "datetime": {"datetime": "2024-04-04 05:17:56", "elapsed": 500.390932, "delta": 5.578851}}
{"target": -221.31493584947447, "params": {"gamma": 0.8628268964291496, "lr": 0.5535529031980901}, "datetime": {"datetime": "2024-04-04 05:18:06", "elapsed": 509.759032, "delta": 9.3681}}
{"target": -146.95753663226694, "params": {"gamma": 0.19642770074307253, "lr": 0.2991796649649673}, "datetime": {"datetime": "2024-04-04 05:18:09", "elapsed": 513.244208, "delta": 3.485176}}
{"target": -140.82111960776922, "params": {"gamma": 0.15456166985875056, "lr": 0.834632626971333}, "datetime": {"datetime": "2024-04-04 05:18:15", "elapsed": 519.37207, "delta": 6.127862}}
{"target": -184.24210586520596, "params": {"gamma": 0.5862870466097941, "lr": 0.36062834446100245}, "datetime": {"datetime": "2024-04-04 05:18:22", "elapsed": 525.927762, "delta": 6.555692}}
{"target": -144.86776073702882, "params": {"gamma": 0.39302121130804535, "lr": 0.0}, "datetime": {"datetime": "2024-04-04 05:18:25", "elapsed": 529.259479, "delta": 3.331717}}
{"target": -254.37692149722312, "params": {"gamma": 1.1250297346081883, "lr": 0.4567732133750909}, "datetime": {"datetime": "2024-04-04 05:18:27", "elapsed": 531.125249, "delta": 1.86577}}
{"target": -541.6713590288417, "params": {"gamma": 2.456423371726333, "lr": 0.4197972998081012}, "datetime": {"datetime": "2024-04-04 05:18:30", "elapsed": 534.425549, "delta": 3.3003}}
{"target": -140.95242937380948, "params": {"gamma": 0.07991354114302218, "lr": 0.584814786553794}, "datetime": {"datetime": "2024-04-04 05:18:37", "elapsed": 541.644484, "delta": 7.218935}}
{"target": -144.86776073702882, "params": {"gamma": 0.1475947806379532, "lr": 0.0}, "datetime": {"datetime": "2024-04-04 05:18:47", "elapsed": 551.671746, "delta": 10.027262}}
{"target": -258.43150317896675, "params": {"gamma": 0.9080048457663774, "lr": 0.7835603680629055}, "datetime": {"datetime": "2024-04-04 05:18:51", "elapsed": 554.74777, "delta": 3.076024}}
{"target": -148.26019798639481, "params": {"gamma": 0.2378022903882108, "lr": 0.3612949894874229}, "datetime": {"datetime": "2024-04-04 05:18:57", "elapsed": 561.067081, "delta": 6.319311}}
{"target": -626.0571360469797, "params": {"gamma": 2.665306635417004, "lr": 0.6757694507990822}, "datetime": {"datetime": "2024-04-04 05:19:05", "elapsed": 569.251557, "delta": 8.184476}}
{"target": -203.97726436276895, "params": {"gamma": 0.6652993472828777, "lr": 0.6899928181900832}, "datetime": {"datetime": "2024-04-04 05:19:08", "elapsed": 572.078239, "delta": 2.826682}}
{"target": -303.79589311572033, "params": {"gamma": 1.4164586363028118, "lr": 0.48782452683427013}, "datetime": {"datetime": "2024-04-04 05:19:12", "elapsed": 576.161247, "delta": 4.083008}}
{"target": -263.16511098483926, "params": {"gamma": 1.119491648006513, "lr": 0.5555602777520217}, "datetime": {"datetime": "2024-04-04 05:19:21", "elapsed": 584.896403, "delta": 8.735156}}
{"target": -580.1709821743987, "params": {"gamma": 2.0797212767356763, "lr": 1.0}, "datetime": {"datetime": "2024-04-04 05:19:24", "elapsed": 588.277871, "delta": 3.381468}}
{"target": -141.94964917157264, "params": {"gamma": 0.22540912257503667, "lr": 0.6108068295506521}, "datetime": {"datetime": "2024-04-04 05:19:31", "elapsed": 595.098889, "delta": 6.821018}}
{"target": -233.84477332580505, "params": {"gamma": 0.922190879532771, "lr": 0.61393022257527}, "datetime": {"datetime": "2024-04-04 05:19:38", "elapsed": 601.817586, "delta": 6.718697}}
{"target": -308.7469057126999, "params": {"gamma": 1.3721980319902334, "lr": 0.5702970874380554}, "datetime": {"datetime": "2024-04-04 05:19:42", "elapsed": 606.243654, "delta": 4.426068}}
{"target": -277.647389638402, "params": {"gamma": 0.9608129374877558, "lr": 0.9182314067431604}, "datetime": {"datetime": "2024-04-04 05:19:45", "elapsed": 609.505677, "delta": 3.262023}}
{"target": -144.51777955686913, "params": {"gamma": 0.003992343460481494, "lr": 0.8058475375536067}, "datetime": {"datetime": "2024-04-04 05:19:51", "elapsed": 614.708063, "delta": 5.202386}}
{"target": -205.90817489530662, "params": {"gamma": 0.5847848184084501, "lr": 1.0}, "datetime": {"datetime": "2024-04-04 05:19:58", "elapsed": 622.427109, "delta": 7.719046}}
{"target": -154.149560697487, "params": {"gamma": 0.09968935746405631, "lr": 0.15887730368596567}, "datetime": {"datetime": "2024-04-04 05:20:02", "elapsed": 626.302099, "delta": 3.87499}}
{"target": -163.6463963056102, "params": {"gamma": 0.4856776580995337, "lr": 0.4600658151869994}, "datetime": {"datetime": "2024-04-04 05:20:09", "elapsed": 633.135889, "delta": 6.83379}}
{"target": -144.86776073702882, "params": {"gamma": 2.416874654492298, "lr": 0.0}, "datetime": {"datetime": "2024-04-04 05:20:15", "elapsed": 639.347925, "delta": 6.212036}}
{"target": -1164.5766851349142, "params": {"gamma": 2.483870318317698, "lr": 0.0025442717122292624}, "datetime": {"datetime": "2024-04-04 05:20:21", "elapsed": 644.959189, "delta": 5.611264}}
{"target": -1099.798065033934, "params": {"gamma": 2.340332626303579, "lr": 0.012350080649241257}, "datetime": {"datetime": "2024-04-04 05:20:24", "elapsed": 647.962883, "delta": 3.003694}}
{"target": -382.7957229505675, "params": {"gamma": 1.6798964806579506, "lr": 0.41549452608071924}, "datetime": {"datetime": "2024-04-04 05:20:37", "elapsed": 661.265521, "delta": 13.302638}}
{"target": -143.45101745745188, "params": {"gamma": 0.20040544958561876, "lr": 0.9944081543136452}, "datetime": {"datetime": "2024-04-04 05:20:42", "elapsed": 666.520626, "delta": 5.255105}}
{"target": -141.33316422233418, "params": {"gamma": 0.04673155835388456, "lr": 0.8624812759299644}, "datetime": {"datetime": "2024-04-04 05:20:54", "elapsed": 677.748723, "delta": 11.228097}}
{"target": -149.54507870294927, "params": {"gamma": 0.33475854679667943, "lr": 0.6279047926655973}, "datetime": {"datetime": "2024-04-04 05:21:04", "elapsed": 687.982399, "delta": 10.233676}}
{"target": -589.9636878074576, "params": {"gamma": 2.3423240665759493, "lr": 0.8210305669819715}, "datetime": {"datetime": "2024-04-04 05:21:11", "elapsed": 695.366239, "delta": 7.38384}}
{"target": -144.22086267793716, "params": {"gamma": 0.2156517991381845, "lr": 0.8858429995085809}, "datetime": {"datetime": "2024-04-04 05:21:14", "elapsed": 698.53928, "delta": 3.173041}}
{"target": -181.54402926330272, "params": {"gamma": 0.48747144389606983, "lr": 0.9228076296179998}, "datetime": {"datetime": "2024-04-04 05:21:19", "elapsed": 703.166284, "delta": 4.627004}}
{"target": -961.2045531883256, "params": {"gamma": 3.860405504205809, "lr": 0.8648326547507652}, "datetime": {"datetime": "2024-04-04 05:21:21", "elapsed": 705.017097, "delta": 1.850813}}
{"target": -192.16279195805782, "params": {"gamma": 0.6720077802913851, "lr": 0.5432455230208976}, "datetime": {"datetime": "2024-04-04 05:21:27", "elapsed": 711.282231, "delta": 6.265134}}
{"target": -154.64834830190145, "params": {"gamma": 0.36426927445353124, "lr": 0.3831637571649591}, "datetime": {"datetime": "2024-04-04 05:21:35", "elapsed": 719.324825, "delta": 8.042594}}
{"target": -360.83234716813547, "params": {"gamma": 1.3269595359869926, "lr": 0.9984855778905464}, "datetime": {"datetime": "2024-04-04 05:21:39", "elapsed": 723.517234, "delta": 4.192409}}
{"target": -158.28152422422568, "params": {"gamma": 0.34519553635676237, "lr": 0.8256631392591495}, "datetime": {"datetime": "2024-04-04 05:21:47", "elapsed": 730.945209, "delta": 7.427975}}
{"target": -151.13779519216885, "params": {"gamma": 0.04667856015860041, "lr": 0.037453242033950986}, "datetime": {"datetime": "2024-04-04 05:21:53", "elapsed": 737.524451, "delta": 6.579242}}
{"target": -165.2308951226347, "params": {"gamma": 0.12215129398187963, "lr": 0.044482029046294294}, "datetime": {"datetime": "2024-04-04 05:21:58", "elapsed": 741.952644, "delta": 4.428193}}
{"target": -142.40369878616838, "params": {"gamma": 0.1756616114146505, "lr": 0.45955156149296805}, "datetime": {"datetime": "2024-04-04 05:22:07", "elapsed": 751.061662, "delta": 9.109018}}
{"target": -590.3346679702944, "params": {"gamma": 2.710660554808997, "lr": 0.29135327683992385}, "datetime": {"datetime": "2024-04-04 05:22:11", "elapsed": 755.13319, "delta": 4.071528}}
{"target": -145.22766338618226, "params": {"gamma": 0.004442144977059517, "lr": 0.11504166237375302}, "datetime": {"datetime": "2024-04-04 05:22:17", "elapsed": 761.538671, "delta": 6.405481}}
{"target": -144.86776073702882, "params": {"gamma": 0.6367231217630557, "lr": 0.0}, "datetime": {"datetime": "2024-04-04 05:22:22", "elapsed": 766.380899, "delta": 4.842228}}
{"target": -204.59904118862406, "params": {"gamma": 0.7503637751945664, "lr": 0.6258431952236557}, "datetime": {"datetime": "2024-04-04 05:22:28", "elapsed": 772.344366, "delta": 5.963467}}
{"target": -171.42931060173305, "params": {"gamma": 0.47869587144946935, "lr": 0.2954891437942248}, "datetime": {"datetime": "2024-04-04 05:22:35", "elapsed": 778.73345, "delta": 6.389084}}
{"target": -429.0375757896519, "params": {"gamma": 1.7927422192165552, "lr": 0.7208881825240286}, "datetime": {"datetime": "2024-04-04 05:22:42", "elapsed": 786.533764, "delta": 7.800314}}
{"target": -788.3579489824228, "params": {"gamma": 3.4290731165393327, "lr": 0.7205655379135241}, "datetime": {"datetime": "2024-04-04 05:22:44", "elapsed": 788.553596, "delta": 2.019832}}
{"target": -161.08824190573824, "params": {"gamma": 0.43734840676531156, "lr": 0.5548764536148023}, "datetime": {"datetime": "2024-04-04 05:22:54", "elapsed": 798.291145, "delta": 9.737549}}
{"target": -182.84915557301224, "params": {"gamma": 0.30083744262130696, "lr": 0.18204939059365022}, "datetime": {"datetime": "2024-04-04 05:22:58", "elapsed": 801.954287, "delta": 3.663142}}
{"target": -144.86776073702882, "params": {"gamma": 0.8774198279235121, "lr": 0.0}, "datetime": {"datetime": "2024-04-04 05:23:04", "elapsed": 807.987292, "delta": 6.033005}}
{"target": -388.4286652781122, "params": {"gamma": 1.5693465747463307, "lr": 0.2848129530612289}, "datetime": {"datetime": "2024-04-04 05:23:09", "elapsed": 813.151762, "delta": 5.16447}}
{"target": -144.39558094363176, "params": {"gamma": 0.0048043323651879, "lr": 0.9328219687283879}, "datetime": {"datetime": "2024-04-04 05:23:15", "elapsed": 819.253126, "delta": 6.101364}}
{"target": -139.88201757181088, "params": {"gamma": 0.11571929955283868, "lr": 0.8726544974257934}, "datetime": {"datetime": "2024-04-04 05:23:20", "elapsed": 824.153853, "delta": 4.900727}}
{"target": -143.80465702762424, "params": {"gamma": 0.03829090375117822, "lr": 0.36891865021337344}, "datetime": {"datetime": "2024-04-04 05:23:24", "elapsed": 827.756463, "delta": 3.60261}}
{"target": -144.74864624256077, "params": {"gamma": 0.0013809274416032142, "lr": 0.6118887537334993}, "datetime": {"datetime": "2024-04-04 05:23:30", "elapsed": 834.278769, "delta": 6.522306}}
{"target": -270.2314153234275, "params": {"gamma": 0.9271018421869287, "lr": 0.9994088571385504}, "datetime": {"datetime": "2024-04-04 05:23:41", "elapsed": 845.106397, "delta": 10.827628}}
{"target": -266.0028901027881, "params": {"gamma": 0.640566576668732, "lr": 0.19605365065753744}, "datetime": {"datetime": "2024-04-04 05:23:45", "elapsed": 848.932015, "delta": 3.825618}}
{"target": -291.23664671266573, "params": {"gamma": 1.210949244142755, "lr": 0.41374143651301565}, "datetime": {"datetime": "2024-04-04 05:23:49", "elapsed": 853.539106, "delta": 4.607091}}
{"target": -429.43358077435215, "params": {"gamma": 1.6194016274769034, "lr": 0.9431669562574044}, "datetime": {"datetime": "2024-04-04 05:23:55", "elapsed": 859.523198, "delta": 5.984092}}
{"target": -227.34447153049555, "params": {"gamma": 0.8622664671310699, "lr": 0.3022143653497043}, "datetime": {"datetime": "2024-04-04 05:24:02", "elapsed": 865.863927, "delta": 6.340729}}
{"target": -141.7093916522794, "params": {"gamma": 0.04893092111129809, "lr": 0.6857720247545172}, "datetime": {"datetime": "2024-04-04 05:24:09", "elapsed": 873.140564, "delta": 7.276637}}
{"target": -172.5053572027635, "params": {"gamma": 0.2102715510866219, "lr": 0.15585780875221206}, "datetime": {"datetime": "2024-04-04 05:24:13", "elapsed": 876.82475, "delta": 3.684186}}
{"target": -275.83650247888914, "params": {"gamma": 1.1887097791439594, "lr": 0.5867058590209836}, "datetime": {"datetime": "2024-04-04 05:24:23", "elapsed": 887.03496, "delta": 10.21021}}
