{"target": -282.67941661141646, "params": {"gamma": 2.351541289225017, "lr": 0.461602080891622}, "datetime": {"datetime": "2024-03-29 22:13:27", "elapsed": 2.668399, "delta": 0.004986}}
{"target": -729.3212832352868, "params": {"gamma": 1.9867164390362086, "lr": 0.0254762357788203}, "datetime": {"datetime": "2024-03-29 22:13:27", "elapsed": 2.673386, "delta": 0.004987}}
{"target": -1092.646352892603, "params": {"gamma": 7.294247584863271, "lr": 0.7249167472191191}, "datetime": {"datetime": "2024-03-29 22:13:27", "elapsed": 2.681364, "delta": 0.007978}}
{"target": -625.6581153014002, "params": {"gamma": 3.304587071870666, "lr": 0.8434941260636555}, "datetime": {"datetime": "2024-03-29 22:13:27", "elapsed": 2.689343, "delta": 0.007979}}
{"target": -818.1360245591683, "params": {"gamma": 4.284996317034784, "lr": 0.8646861447635343}, "datetime": {"datetime": "2024-03-29 22:13:27", "elapsed": 2.697321, "delta": 0.007978}}
{"target": -872.3557525710745, "params": {"gamma": 6.570997180804273, "lr": 0.5810356574180902}, "datetime": {"datetime": "2024-03-29 22:13:27", "elapsed": 2.70131, "delta": 0.003989}}
{"target": -285.88970611848544, "params": {"gamma": 2.008074152862875, "lr": 0.5295466104783949}, "datetime": {"datetime": "2024-03-29 22:13:27", "elapsed": 2.706296, "delta": 0.004986}}
{"target": -1147.5310690926995, "params": {"gamma": 8.944429751857296, "lr": 0.30499397583521604}, "datetime": {"datetime": "2024-03-29 22:13:27", "elapsed": 2.710286, "delta": 0.00399}}
{"target": -1658.489777436512, "params": {"gamma": 8.709585146001372, "lr": 0.9087452728583881}, "datetime": {"datetime": "2024-03-29 22:13:27", "elapsed": 2.714275, "delta": 0.003989}}
{"target": -514.5941360060914, "params": {"gamma": 3.2991157822561417, "lr": 0.6830743663365642}, "datetime": {"datetime": "2024-03-29 22:13:27", "elapsed": 2.718264, "delta": 0.003989}}
{"target": -3256.9735586770767, "params": {"gamma": 8.992310274710121, "lr": 0.07569688175830336}, "datetime": {"datetime": "2024-03-29 22:13:27", "elapsed": 2.723251, "delta": 0.004987}}
{"target": -1520.4460916063422, "params": {"gamma": 8.7860000441845, "lr": 0.1908393632684806}, "datetime": {"datetime": "2024-03-29 22:13:27", "elapsed": 2.72724, "delta": 0.003989}}
{"target": -1285.737971767004, "params": {"gamma": 8.497839331269288, "lr": 0.6671187886992039}, "datetime": {"datetime": "2024-03-29 22:13:27", "elapsed": 2.731229, "delta": 0.003989}}
{"target": -723.5112498308092, "params": {"gamma": 3.4440476153050885, "lr": 0.151375569992799}, "datetime": {"datetime": "2024-03-29 22:13:27", "elapsed": 2.735218, "delta": 0.003989}}
{"target": -1179.4020204581757, "params": {"gamma": 6.354074243923046, "lr": 0.8477880437147416}, "datetime": {"datetime": "2024-03-29 22:13:27", "elapsed": 2.739207, "delta": 0.003989}}
{"target": -1136.696552892382, "params": {"gamma": 8.218671898265342, "lr": 0.6282395971306578}, "datetime": {"datetime": "2024-03-29 22:13:27", "elapsed": 2.743197, "delta": 0.00399}}
{"target": -1278.4650360115668, "params": {"gamma": 9.563058796042565, "lr": 0.5899231270757698}, "datetime": {"datetime": "2024-03-29 22:13:27", "elapsed": 2.747186, "delta": 0.003989}}
{"target": -248.32946979532835, "params": {"gamma": 1.979130013694545, "lr": 0.4293307226164923}, "datetime": {"datetime": "2024-03-29 22:13:27", "elapsed": 2.751176, "delta": 0.00399}}
{"target": -678.4038810485886, "params": {"gamma": 3.3681232410129716, "lr": 0.991945011907281}, "datetime": {"datetime": "2024-03-29 22:13:27", "elapsed": 2.756162, "delta": 0.004986}}
{"target": -762.7727003448801, "params": {"gamma": 3.8029847246765303, "lr": 0.992700873664818}, "datetime": {"datetime": "2024-03-29 22:13:27", "elapsed": 2.760151, "delta": 0.003989}}
{"target": -957.0813242192295, "params": {"gamma": 5.188523703083409, "lr": 0.17227970147712546}, "datetime": {"datetime": "2024-03-29 22:13:27", "elapsed": 2.76414, "delta": 0.003989}}
{"target": -143.75125239617503, "params": {"gamma": 0.7466661384435471, "lr": 0.37030569377388767}, "datetime": {"datetime": "2024-03-29 22:13:27", "elapsed": 2.768709, "delta": 0.004569}}
{"target": -212.79332446975963, "params": {"gamma": 1.235065179287484, "lr": 0.6345187162918416}, "datetime": {"datetime": "2024-03-29 22:13:27", "elapsed": 2.772699, "delta": 0.00399}}
{"target": -828.3068225850477, "params": {"gamma": 4.13978453744836, "lr": 0.9909156325254501}, "datetime": {"datetime": "2024-03-29 22:13:27", "elapsed": 2.776688, "delta": 0.003989}}
{"target": -1908.1398830193318, "params": {"gamma": 9.299626280909525, "lr": 0.14923603230975002}, "datetime": {"datetime": "2024-03-29 22:13:27", "elapsed": 2.780676, "delta": 0.003988}}
{"target": -445.53520030452495, "params": {"gamma": 3.9494277431054683, "lr": 0.46157971096238615}, "datetime": {"datetime": "2024-03-29 22:13:27", "elapsed": 2.78766, "delta": 0.006984}}
{"target": -960.5460988465696, "params": {"gamma": 5.609926602464331, "lr": 0.7803635232892685}, "datetime": {"datetime": "2024-03-29 22:13:27", "elapsed": 2.793641, "delta": 0.005981}}
{"target": -521.8368869171733, "params": {"gamma": 4.872451896825164, "lr": 0.4199935520102408}, "datetime": {"datetime": "2024-03-29 22:13:27", "elapsed": 2.797631, "delta": 0.00399}}
{"target": -522.0013053342257, "params": {"gamma": 2.6207350474886373, "lr": 0.9108061390867584}, "datetime": {"datetime": "2024-03-29 22:13:27", "elapsed": 2.80162, "delta": 0.003989}}
{"target": -138.1720380163912, "params": {"gamma": 0.22369284381650878, "lr": 0.8211218982189646}, "datetime": {"datetime": "2024-03-29 22:13:27", "elapsed": 2.80561, "delta": 0.00399}}
{"target": -311.831220459376, "params": {"gamma": 1.8854955282645185, "lr": 0.6857568991725472}, "datetime": {"datetime": "2024-03-29 22:13:27", "elapsed": 2.811596, "delta": 0.005986}}
{"target": -714.1811899399446, "params": {"gamma": 3.552738684007098, "lr": 0.9742126278950913}, "datetime": {"datetime": "2024-03-29 22:13:27", "elapsed": 2.819577, "delta": 0.007981}}
{"target": -244.16018414660385, "params": {"gamma": 1.22859852236475, "lr": 0.18756989261723955}, "datetime": {"datetime": "2024-03-29 22:13:27", "elapsed": 2.825556, "delta": 0.005979}}
{"target": -1190.6066258175667, "params": {"gamma": 8.894535312169324, "lr": 0.5834063146082279}, "datetime": {"datetime": "2024-03-29 22:13:27", "elapsed": 2.832539, "delta": 0.006983}}
{"target": -1126.0715007184942, "params": {"gamma": 3.0931546002031376, "lr": 0.0007643854781880233}, "datetime": {"datetime": "2024-03-29 22:13:27", "elapsed": 2.839522, "delta": 0.006983}}
{"target": -489.5400731831964, "params": {"gamma": 2.2767497854842085, "lr": 0.1454036341712357}, "datetime": {"datetime": "2024-03-29 22:13:27", "elapsed": 2.8475, "delta": 0.007978}}
{"target": -409.98872095268564, "params": {"gamma": 2.035134809876536, "lr": 0.8963225568040046}, "datetime": {"datetime": "2024-03-29 22:13:27", "elapsed": 2.853484, "delta": 0.005984}}
{"target": -1311.7409437805625, "params": {"gamma": 8.731070688318136, "lr": 0.7002894376334498}, "datetime": {"datetime": "2024-03-29 22:13:27", "elapsed": 2.858466, "delta": 0.004982}}
{"target": -835.1325448350643, "params": {"gamma": 4.705506263845939, "lr": 0.8271360023322883}, "datetime": {"datetime": "2024-03-29 22:13:27", "elapsed": 2.862456, "delta": 0.00399}}
{"target": -554.2268391269217, "params": {"gamma": 4.958768144455039, "lr": 0.36348868328490525}, "datetime": {"datetime": "2024-03-29 22:13:27", "elapsed": 2.866445, "delta": 0.003989}}
{"target": -560.5326861157513, "params": {"gamma": 2.7567554245058266, "lr": 0.9247408135383717}, "datetime": {"datetime": "2024-03-29 22:13:27", "elapsed": 2.871433, "delta": 0.004988}}
{"target": -437.31426634976924, "params": {"gamma": 3.8705053533286655, "lr": 0.49288087343132025}, "datetime": {"datetime": "2024-03-29 22:13:27", "elapsed": 2.878413, "delta": 0.00698}}
{"target": -499.6382053193203, "params": {"gamma": 2.5451265850419067, "lr": 0.8849665188380633}, "datetime": {"datetime": "2024-03-29 22:13:27", "elapsed": 2.882402, "delta": 0.003989}}
{"target": -520.0378084976999, "params": {"gamma": 3.833251304596062, "lr": 0.29757471531387525}, "datetime": {"datetime": "2024-03-29 22:13:27", "elapsed": 2.928277, "delta": 0.045875}}
{"target": -1245.214693882084, "params": {"gamma": 7.17623202698535, "lr": 0.19086994317230743}, "datetime": {"datetime": "2024-03-29 22:13:27", "elapsed": 2.933265, "delta": 0.004988}}
{"target": -256.91507794125687, "params": {"gamma": 1.1828081008410374, "lr": 0.8369977822135122}, "datetime": {"datetime": "2024-03-29 22:13:27", "elapsed": 2.937254, "delta": 0.003989}}
{"target": -999.7521507287112, "params": {"gamma": 7.441615077773983, "lr": 0.5905205476471171}, "datetime": {"datetime": "2024-03-29 22:13:27", "elapsed": 2.94224, "delta": 0.004986}}
{"target": -356.5798813055623, "params": {"gamma": 2.429672858073742, "lr": 0.6232471451875841}, "datetime": {"datetime": "2024-03-29 22:13:27", "elapsed": 2.949221, "delta": 0.006981}}
{"target": -826.3791554204715, "params": {"gamma": 6.383914852090989, "lr": 0.32756944411232514}, "datetime": {"datetime": "2024-03-29 22:13:27", "elapsed": 2.955205, "delta": 0.005984}}
{"target": -183.9745443387482, "params": {"gamma": 0.6758259413323553, "lr": 0.8805385975643267}, "datetime": {"datetime": "2024-03-29 22:13:27", "elapsed": 2.959194, "delta": 0.003989}}
{"target": -791.0656553005621, "params": {"gamma": 4.60010735401151, "lr": 0.7638727180664299}, "datetime": {"datetime": "2024-03-29 22:13:27", "elapsed": 2.963183, "delta": 0.003989}}
{"target": -362.3042589377005, "params": {"gamma": 2.539632320806454, "lr": 0.5913871822675169}, "datetime": {"datetime": "2024-03-29 22:13:27", "elapsed": 2.967173, "delta": 0.00399}}
{"target": -468.75075182031753, "params": {"gamma": 4.288522808327629, "lr": 0.38210064254913956}, "datetime": {"datetime": "2024-03-29 22:13:27", "elapsed": 2.971162, "delta": 0.003989}}
{"target": -204.24622293863715, "params": {"gamma": 1.2680071250853806, "lr": 0.24426666320897583}, "datetime": {"datetime": "2024-03-29 22:13:27", "elapsed": 2.975151, "delta": 0.003989}}
{"target": -159.2474325596101, "params": {"gamma": 0.7943364880002312, "lr": 0.3028583047175786}, "datetime": {"datetime": "2024-03-29 22:13:27", "elapsed": 2.979141, "delta": 0.00399}}
{"target": -1017.7813720879909, "params": {"gamma": 7.417306297515323, "lr": 0.6150157249710488}, "datetime": {"datetime": "2024-03-29 22:13:27", "elapsed": 2.98313, "delta": 0.003989}}
{"target": -2437.1953873445646, "params": {"gamma": 6.724438578240325, "lr": 0.00838307952503159}, "datetime": {"datetime": "2024-03-29 22:13:27", "elapsed": 2.987119, "delta": 0.003989}}
{"target": -876.1727824629317, "params": {"gamma": 6.784091345540948, "lr": 0.503180690542887}, "datetime": {"datetime": "2024-03-29 22:13:27", "elapsed": 2.993103, "delta": 0.005984}}
{"target": -442.64373087108896, "params": {"gamma": 2.309853596391308, "lr": 0.17489650898192222}, "datetime": {"datetime": "2024-03-29 22:13:27", "elapsed": 2.997094, "delta": 0.003991}}
{"target": -368.26203732437415, "params": {"gamma": 1.8506446725427474, "lr": 0.8442600050750985}, "datetime": {"datetime": "2024-03-29 22:13:27", "elapsed": 3.002078, "delta": 0.004984}}
{"target": -1892.746179334844, "params": {"gamma": 9.825915303261548, "lr": 0.9137396248416316}, "datetime": {"datetime": "2024-03-29 22:13:27", "elapsed": 3.007065, "delta": 0.004987}}
{"target": -603.0777653648948, "params": {"gamma": 3.4743468343077555, "lr": 0.7802245796913637}, "datetime": {"datetime": "2024-03-29 22:13:27", "elapsed": 3.013049, "delta": 0.005984}}
{"target": -966.1258858827587, "params": {"gamma": 5.464999452423606, "lr": 0.8164423975559377}, "datetime": {"datetime": "2024-03-29 22:13:27", "elapsed": 3.018036, "delta": 0.004987}}
{"target": -658.604077645869, "params": {"gamma": 4.8377857849378705, "lr": 0.5899512982994037}, "datetime": {"datetime": "2024-03-29 22:13:27", "elapsed": 3.022027, "delta": 0.003991}}
{"target": -2374.1417780415372, "params": {"gamma": 7.872847211795091, "lr": 0.10023464310313235}, "datetime": {"datetime": "2024-03-29 22:13:27", "elapsed": 3.026014, "delta": 0.003987}}
{"target": -585.6163458754471, "params": {"gamma": 5.370534161288567, "lr": 0.36598334666965426}, "datetime": {"datetime": "2024-03-29 22:13:27", "elapsed": 3.031001, "delta": 0.004987}}
{"target": -1200.2230555283281, "params": {"gamma": 6.043464129845054, "lr": 0.9588025156370005}, "datetime": {"datetime": "2024-03-29 22:13:27", "elapsed": 3.035987, "delta": 0.004986}}
{"target": -431.9420887256067, "params": {"gamma": 3.9288366270246278, "lr": 0.39297299794161644}, "datetime": {"datetime": "2024-03-29 22:13:27", "elapsed": 3.042968, "delta": 0.006981}}
{"target": -1110.9485008578145, "params": {"gamma": 7.9065792989023995, "lr": 0.6450783990854264}, "datetime": {"datetime": "2024-03-29 22:13:27", "elapsed": 3.050947, "delta": 0.007979}}
{"target": -608.6618418633713, "params": {"gamma": 3.9394461945459094, "lr": 0.6889550482302514}, "datetime": {"datetime": "2024-03-29 22:13:27", "elapsed": 3.055933, "delta": 0.004986}}
{"target": -1030.1915063926067, "params": {"gamma": 4.040612088934736, "lr": 0.1361131542481221}, "datetime": {"datetime": "2024-03-29 22:13:27", "elapsed": 3.062922, "delta": 0.006989}}
{"target": -506.0298309974435, "params": {"gamma": 4.506982043452673, "lr": 0.3344193926972726}, "datetime": {"datetime": "2024-03-29 22:13:27", "elapsed": 3.069902, "delta": 0.00698}}
{"target": -450.822728638649, "params": {"gamma": 2.180471331681618, "lr": 0.9257748016364399}, "datetime": {"datetime": "2024-03-29 22:13:27", "elapsed": 3.074883, "delta": 0.004981}}
{"target": -928.2262661976123, "params": {"gamma": 6.896704351396498, "lr": 0.5988208906234219}, "datetime": {"datetime": "2024-03-29 22:13:27", "elapsed": 3.080868, "delta": 0.005985}}
{"target": -962.019799349005, "params": {"gamma": 7.466828063757928, "lr": 0.5419710617714415}, "datetime": {"datetime": "2024-03-29 22:13:27", "elapsed": 3.086853, "delta": 0.005985}}
{"target": -1388.6068718836793, "params": {"gamma": 7.005630193122407, "lr": 0.9305598192498451}, "datetime": {"datetime": "2024-03-29 22:13:27", "elapsed": 3.092839, "delta": 0.005986}}
{"target": -1575.6283944650131, "params": {"gamma": 8.626304328357714, "lr": 0.1674418575065213}, "datetime": {"datetime": "2024-03-29 22:13:27", "elapsed": 3.099816, "delta": 0.006977}}
{"target": -960.3293098659426, "params": {"gamma": 2.6321271002148183, "lr": 0.07161027944180454}, "datetime": {"datetime": "2024-03-29 22:13:27", "elapsed": 3.104802, "delta": 0.004986}}
{"target": -1281.1892340457182, "params": {"gamma": 9.786749378778312, "lr": 0.23638409866037557}, "datetime": {"datetime": "2024-03-29 22:13:27", "elapsed": 3.109788, "delta": 0.004986}}
{"target": -2232.81785030601, "params": {"gamma": 6.6063229609300596, "lr": 0.089630698927462}, "datetime": {"datetime": "2024-03-29 22:13:27", "elapsed": 3.114775, "delta": 0.004987}}
{"target": -297.5944346335824, "params": {"gamma": 2.1084986499281, "lr": 0.5028243835184045}, "datetime": {"datetime": "2024-03-29 22:13:27", "elapsed": 3.120759, "delta": 0.005984}}
{"target": -161.63481933881954, "params": {"gamma": 1.0504317296309502, "lr": 0.38887340269472437}, "datetime": {"datetime": "2024-03-29 22:13:27", "elapsed": 3.12774, "delta": 0.006981}}
{"target": -599.2962583071688, "params": {"gamma": 5.3803392136766695, "lr": 0.33920418488509996}, "datetime": {"datetime": "2024-03-29 22:13:27", "elapsed": 3.134721, "delta": 0.006981}}
{"target": -722.4308690529832, "params": {"gamma": 5.559446211054629, "lr": 0.536768321942464}, "datetime": {"datetime": "2024-03-29 22:13:27", "elapsed": 3.140705, "delta": 0.005984}}
{"target": -603.8376763152996, "params": {"gamma": 3.906714376870321, "lr": 0.6962700831011029}, "datetime": {"datetime": "2024-03-29 22:13:27", "elapsed": 3.147686, "delta": 0.006981}}
{"target": -1030.7811380300764, "params": {"gamma": 6.785146057525243, "lr": 0.6873031493743899}, "datetime": {"datetime": "2024-03-29 22:13:27", "elapsed": 3.152673, "delta": 0.004987}}
{"target": -624.4503138680651, "params": {"gamma": 5.615351096734943, "lr": 0.3580799140129358}, "datetime": {"datetime": "2024-03-29 22:13:27", "elapsed": 3.156663, "delta": 0.00399}}
{"target": -1217.4557684575036, "params": {"gamma": 6.131510241334756, "lr": 0.9357362666081998}, "datetime": {"datetime": "2024-03-29 22:13:27", "elapsed": 3.161649, "delta": 0.004986}}
{"target": -1185.7063000548385, "params": {"gamma": 5.969288360934786, "lr": 0.9795901743594252}, "datetime": {"datetime": "2024-03-29 22:13:27", "elapsed": 3.167633, "delta": 0.005984}}
{"target": -696.3464758293578, "params": {"gamma": 4.4106251974683035, "lr": 0.7396119625075467}, "datetime": {"datetime": "2024-03-29 22:13:27", "elapsed": 3.174615, "delta": 0.006982}}
{"target": -144.03805015564714, "params": {"gamma": 0.3770011826173517, "lr": 0.7647266390004861}, "datetime": {"datetime": "2024-03-29 22:13:27", "elapsed": 3.181594, "delta": 0.006979}}
{"target": -1880.2522691240827, "params": {"gamma": 5.1832975216877974, "lr": 0.0053165329611032375}, "datetime": {"datetime": "2024-03-29 22:13:27", "elapsed": 3.189573, "delta": 0.007979}}
{"target": -376.85479796261404, "params": {"gamma": 2.772723847721202, "lr": 0.5348322325198115}, "datetime": {"datetime": "2024-03-29 22:13:27", "elapsed": 3.194559, "delta": 0.004986}}
{"target": -2782.544064691934, "params": {"gamma": 7.679860819934835, "lr": 0.05309259545252509}, "datetime": {"datetime": "2024-03-29 22:13:27", "elapsed": 3.198549, "delta": 0.00399}}
{"target": -970.6115143740932, "params": {"gamma": 5.490985385061347, "lr": 0.800994555798356}, "datetime": {"datetime": "2024-03-29 22:13:27", "elapsed": 3.203535, "delta": 0.004986}}
{"target": -1288.8448866033211, "params": {"gamma": 6.496180965729911, "lr": 0.9314470149929107}, "datetime": {"datetime": "2024-03-29 22:13:27", "elapsed": 3.207524, "delta": 0.003989}}
{"target": -156.28795700474237, "params": {"gamma": 0.7482397187025968, "lr": 0.2768064626005866}, "datetime": {"datetime": "2024-03-29 22:13:27", "elapsed": 3.211514, "delta": 0.00399}}
{"target": -1563.5805494340473, "params": {"gamma": 9.192455805057469, "lr": 0.7650051482981429}, "datetime": {"datetime": "2024-03-29 22:13:27", "elapsed": 3.216499, "delta": 0.004985}}
{"target": -1058.1310672554316, "params": {"gamma": 5.9978037043765156, "lr": 0.8329681438370704}, "datetime": {"datetime": "2024-03-29 22:13:27", "elapsed": 3.220489, "delta": 0.00399}}
{"target": -1771.6002809878985, "params": {"gamma": 8.960538872258445, "lr": 0.9727203528528249}, "datetime": {"datetime": "2024-03-29 22:13:27", "elapsed": 3.225024, "delta": 0.004535}}
{"target": -2518.631159885053, "params": {"gamma": 9.98520655039097, "lr": 0.13964933368410348}, "datetime": {"datetime": "2024-03-29 22:13:27", "elapsed": 3.231006, "delta": 0.005982}}
{"target": -285.3370081392774, "params": {"gamma": 0.7063499053922482, "lr": 0.07346665436012334}, "datetime": {"datetime": "2024-03-29 22:13:27", "elapsed": 3.23699, "delta": 0.005984}}
{"target": -138.09599569701288, "params": {"gamma": 0.14842316520856935, "lr": 0.971820072977926}, "datetime": {"datetime": "2024-03-29 22:13:27", "elapsed": 3.240979, "delta": 0.003989}}
{"target": -220.64042404720186, "params": {"gamma": 0.9485743976558341, "lr": 0.8417368261858497}, "datetime": {"datetime": "2024-03-29 22:13:27", "elapsed": 3.244969, "delta": 0.00399}}
{"target": -751.8410266573078, "params": {"gamma": 6.852044796080089, "lr": 0.4875571674829181}, "datetime": {"datetime": "2024-03-29 22:13:27", "elapsed": 3.248958, "delta": 0.003989}}
{"target": -395.87762321455943, "params": {"gamma": 3.4676021187044235, "lr": 0.35364778706700506}, "datetime": {"datetime": "2024-03-29 22:13:27", "elapsed": 3.252947, "delta": 0.003989}}
{"target": -506.81564098634277, "params": {"gamma": 2.539134984589525, "lr": 0.9110179736986265}, "datetime": {"datetime": "2024-03-29 22:13:27", "elapsed": 3.259929, "delta": 0.006982}}
{"target": -2629.5840965221582, "params": {"gamma": 7.256699812403196, "lr": 0.025925792784269874}, "datetime": {"datetime": "2024-03-29 22:13:27", "elapsed": 3.26691, "delta": 0.006981}}
{"target": -631.4241135221655, "params": {"gamma": 4.615751011217899, "lr": 0.28130127253681136}, "datetime": {"datetime": "2024-03-29 22:13:27", "elapsed": 3.272894, "delta": 0.005984}}
{"target": -143.23141428831153, "params": {"gamma": 0.2906328955928069, "lr": 0.8846818943092944}, "datetime": {"datetime": "2024-03-29 22:13:27", "elapsed": 3.279875, "delta": 0.006981}}
{"target": -992.6996188728716, "params": {"gamma": 7.710282574188869, "lr": 0.32973507924426093}, "datetime": {"datetime": "2024-03-29 22:13:27", "elapsed": 3.286856, "delta": 0.006981}}
{"target": -1024.7507743379529, "params": {"gamma": 7.965789316779574, "lr": 0.3246383222029966}, "datetime": {"datetime": "2024-03-29 22:13:27", "elapsed": 3.292839, "delta": 0.005983}}
{"target": -622.6253636519135, "params": {"gamma": 3.0795165557326496, "lr": 0.9281090785007262}, "datetime": {"datetime": "2024-03-29 22:13:27", "elapsed": 3.298823, "delta": 0.005984}}
{"target": -1251.8349189951266, "params": {"gamma": 9.769184703296556, "lr": 0.5235553047168928}, "datetime": {"datetime": "2024-03-29 22:13:27", "elapsed": 3.30381, "delta": 0.004987}}
{"target": -1794.1716509968303, "params": {"gamma": 9.519399740511682, "lr": 0.8879964939264646}, "datetime": {"datetime": "2024-03-29 22:13:27", "elapsed": 3.307799, "delta": 0.003989}}
{"target": -565.8194853907273, "params": {"gamma": 5.180807583382493, "lr": 0.3727488020974856}, "datetime": {"datetime": "2024-03-29 22:13:27", "elapsed": 3.312792, "delta": 0.004993}}
{"target": -778.5784197039297, "params": {"gamma": 7.103835428617774, "lr": 0.455643424642054}, "datetime": {"datetime": "2024-03-29 22:13:27", "elapsed": 3.321769, "delta": 0.008977}}
