{"target": -113.22971945269877, "params": {"p_ai": 6.966842154900288, "p_al": 2.269897227592501, "p_ex": 10.0, "prior": 2.5924682999213475, "rate": 2.256924470017735}, "datetime": {"datetime": "2024-04-01 17:40:41", "elapsed": 12465.423482, "delta": 39.443665}}
{"target": -108.03598538652524, "params": {"p_ai": 5.469382112776659, "p_al": 10.0, "p_ex": 4.383366014806916, "prior": 7.840504791058483, "rate": 7.595574168370232}, "datetime": {"datetime": "2024-04-01 17:41:08", "elapsed": 12492.785948, "delta": 27.362466}}
{"target": -111.58183262824939, "params": {"p_ai": 2.393584797975346, "p_al": 0.001, "p_ex": 1.3585274454488014, "prior": 3.5219407123605526, "rate": 2.9855640618243147}, "datetime": {"datetime": "2024-04-01 17:41:34", "elapsed": 12518.559104, "delta": 25.773156}}
{"target": -397.8351106630109, "params": {"p_ai": 6.3916111362267385, "p_al": 8.589195939121831, "p_ex": 6.539520063234408, "prior": 0.001, "rate": 8.437658923701305}, "datetime": {"datetime": "2024-04-01 17:42:06", "elapsed": 12550.257347, "delta": 31.698243}}
{"target": -99.90863913324522, "params": {"p_ai": 4.743146073747378, "p_al": 8.330465165853132, "p_ex": 5.277039442755956, "prior": 1.0120225016270328, "rate": 6.834082355992869}, "datetime": {"datetime": "2024-04-01 17:42:37", "elapsed": 12581.847336, "delta": 31.589989}}
{"target": -107.85304118368542, "params": {"p_ai": 6.587373390260566, "p_al": 3.763658712769747, "p_ex": 10.0, "prior": 7.857913055335495, "rate": 5.440559298478024}, "datetime": {"datetime": "2024-04-01 17:43:16", "elapsed": 12620.907635, "delta": 39.060299}}
{"target": -118.17352554071468, "params": {"p_ai": 6.551128417925625, "p_al": 7.120566380269861, "p_ex": 4.294455113157854, "prior": 1.9903991989025367, "rate": 8.403750596844295}, "datetime": {"datetime": "2024-04-01 17:43:44", "elapsed": 12648.517051, "delta": 27.609416}}
{"target": -124.66437613881821, "params": {"p_ai": 7.331944241997535, "p_al": 6.867447679777706, "p_ex": 5.074692465301199, "prior": 1.262878020828315, "rate": 5.7348471858924706}, "datetime": {"datetime": "2024-04-01 17:44:09", "elapsed": 12673.273903, "delta": 24.756852}}
{"target": -113.34013152731164, "params": {"p_ai": 6.353041216393495, "p_al": 9.570880483384114, "p_ex": 6.58116510963509, "prior": 3.409318597414645, "rate": 8.256340949781078}, "datetime": {"datetime": "2024-04-01 17:44:35", "elapsed": 12699.772415, "delta": 26.498512}}
{"target": -98.35484974941869, "params": {"p_ai": 5.706139904595413, "p_al": 6.275728369072518, "p_ex": 10.0, "prior": 5.691006391411368, "rate": 1.7725223446496172}, "datetime": {"datetime": "2024-04-01 17:45:03", "elapsed": 12728.022686, "delta": 28.250271}}
{"target": -99.34746241202359, "params": {"p_ai": 4.646636914588576, "p_al": 10.0, "p_ex": 6.144481170480101, "prior": 0.788905170615423, "rate": 7.365427479575613}, "datetime": {"datetime": "2024-04-01 17:45:24", "elapsed": 12748.523182, "delta": 20.500496}}
{"target": -118.75399400593463, "params": {"p_ai": 7.618024572672791, "p_al": 0.001, "p_ex": 10.0, "prior": 7.5005517615097546, "rate": 5.104578904753861}, "datetime": {"datetime": "2024-04-01 17:45:49", "elapsed": 12773.270259, "delta": 24.747077}}
{"target": -139.1016149274331, "params": {"p_ai": 0.001, "p_al": 8.042122897332074, "p_ex": 0.001, "prior": 3.081083955171886, "rate": 5.708516628836497}, "datetime": {"datetime": "2024-04-01 17:46:18", "elapsed": 12802.473331, "delta": 29.203072}}
{"target": -98.2939889923518, "params": {"p_ai": 2.172658027704828, "p_al": 10.0, "p_ex": 4.381282782104676, "prior": 10.0, "rate": 4.268695170771445}, "datetime": {"datetime": "2024-04-01 17:46:39", "elapsed": 12823.188909, "delta": 20.715578}}
{"target": -109.14895242206364, "params": {"p_ai": 4.019787604005716, "p_al": 2.4289309889592503, "p_ex": 3.3019433046573625, "prior": 10.0, "rate": 2.592736062978443}, "datetime": {"datetime": "2024-04-01 17:47:17", "elapsed": 12861.345708, "delta": 38.156799}}
{"target": -148.7979067928182, "params": {"p_ai": 0.17600455417466931, "p_al": 0.0868869836046098, "p_ex": 4.01962826465251, "prior": 0.3955939144560977, "rate": 0.041228070271621585}, "datetime": {"datetime": "2024-04-01 17:47:45", "elapsed": 12890.137101, "delta": 28.791393}}
{"target": -116.36501881151939, "params": {"p_ai": 7.657045609800065, "p_al": 7.946174076289971, "p_ex": 10.0, "prior": 7.5990535125453675, "rate": 3.9067683997727443}, "datetime": {"datetime": "2024-04-01 17:48:05", "elapsed": 12909.636875, "delta": 19.499774}}
{"target": -92.61153108493484, "params": {"p_ai": 2.940888359485424, "p_al": 9.729680790801293, "p_ex": 9.69927560765121, "prior": 1.4896369566829262, "rate": 6.493796312975708}, "datetime": {"datetime": "2024-04-01 17:48:30", "elapsed": 12934.929865, "delta": 25.29299}}
{"target": -120.10757559326186, "params": {"p_ai": 6.811729985624479, "p_al": 9.946041690576616, "p_ex": 5.350232317246289, "prior": 1.9067703461094756, "rate": 9.973195012663927}, "datetime": {"datetime": "2024-04-01 17:48:56", "elapsed": 12961.132826, "delta": 26.202961}}
{"target": -97.63534951130622, "params": {"p_ai": 4.346875997069717, "p_al": 10.0, "p_ex": 4.334280768152248, "prior": 2.670681070659959, "rate": 6.706703256277874}, "datetime": {"datetime": "2024-04-01 17:49:16", "elapsed": 12980.216276, "delta": 19.08345}}
{"target": -143.96188969968327, "params": {"p_ai": 4.821623423169317, "p_al": 7.399125891574758, "p_ex": 0.001, "prior": 10.0, "rate": 0.001}, "datetime": {"datetime": "2024-04-01 17:49:36", "elapsed": 13000.902801, "delta": 20.686525}}
{"target": -99.51670316551706, "params": {"p_ai": 4.292174256739856, "p_al": 6.968883184307938, "p_ex": 6.8727349367925425, "prior": 0.5612441879012141, "rate": 6.157892034795024}, "datetime": {"datetime": "2024-04-01 17:49:55", "elapsed": 13019.94207, "delta": 19.039269}}
{"target": -537.0418060389329, "params": {"p_ai": 5.248976905251221, "p_al": 4.153800022002886, "p_ex": 3.8741048331616463, "prior": 0.001, "rate": 3.00386620931022}, "datetime": {"datetime": "2024-04-01 17:50:16", "elapsed": 13040.692636, "delta": 20.750566}}
{"target": -113.82186227658147, "params": {"p_ai": 6.397723002903792, "p_al": 6.974979290375728, "p_ex": 6.118667029122657, "prior": 0.3645419365019439, "rate": 4.173940048307528}, "datetime": {"datetime": "2024-04-01 17:50:36", "elapsed": 13060.899831, "delta": 20.207195}}
{"target": -107.4928690676177, "params": {"p_ai": 5.739595955614257, "p_al": 4.810742459175247, "p_ex": 6.204932215408434, "prior": 3.341093361548791, "rate": 1.7538920052915112}, "datetime": {"datetime": "2024-04-01 17:51:14", "elapsed": 13098.943735, "delta": 38.043904}}
{"target": -97.72524566923805, "params": {"p_ai": 2.237253631062977, "p_al": 5.140908298235946, "p_ex": 4.897042206986664, "prior": 2.159406667707889, "rate": 1.2195950142366436}, "datetime": {"datetime": "2024-04-01 17:51:44", "elapsed": 13129.034742, "delta": 30.091007}}
{"target": -130.61526276268248, "params": {"p_ai": 3.0297802492923127, "p_al": 10.0, "p_ex": 0.001, "prior": 10.0, "rate": 3.0262814140333223}, "datetime": {"datetime": "2024-04-01 17:52:09", "elapsed": 13153.858522, "delta": 24.82378}}
{"target": -111.12876317301227, "params": {"p_ai": 6.966265665708808, "p_al": 4.892160763362821, "p_ex": 8.606147492294488, "prior": 10.0, "rate": 3.9378659740831377}, "datetime": {"datetime": "2024-04-01 17:52:37", "elapsed": 13181.93335, "delta": 28.074828}}
{"target": -114.57577694159458, "params": {"p_ai": 6.296045379979331, "p_al": 8.083879746566236, "p_ex": 5.421030008903171, "prior": 3.01188595487198, "rate": 9.901856953255429}, "datetime": {"datetime": "2024-04-01 17:53:14", "elapsed": 13218.827733, "delta": 36.894383}}
{"target": -102.82973278523086, "params": {"p_ai": 4.9038037029629695, "p_al": 10.0, "p_ex": 7.974599365655973, "prior": 3.359228659939489, "rate": 10.0}, "datetime": {"datetime": "2024-04-01 17:53:43", "elapsed": 13248.001782, "delta": 29.174049}}
{"target": -191.33168939187, "params": {"p_ai": 10.0, "p_al": 10.0, "p_ex": 4.344448890003247, "prior": 10.0, "rate": 0.001}, "datetime": {"datetime": "2024-04-01 17:54:05", "elapsed": 13269.759277, "delta": 21.757495}}
{"target": -143.6688048394192, "params": {"p_ai": 10.0, "p_al": 7.355050097365478, "p_ex": 10.0, "prior": 10.0, "rate": 7.361696248917854}, "datetime": {"datetime": "2024-04-01 17:54:29", "elapsed": 13293.492047, "delta": 23.73277}}
{"target": -119.64091943050312, "params": {"p_ai": 0.001, "p_al": 0.001, "p_ex": 4.889019531310847, "prior": 2.054029129466967, "rate": 2.6057067038740156}, "datetime": {"datetime": "2024-04-01 17:55:01", "elapsed": 13325.621145, "delta": 32.129098}}
{"target": -98.03283089349613, "params": {"p_ai": 4.266187987807774, "p_al": 2.222841454897532, "p_ex": 5.015748531777251, "prior": 1.4645188505865472, "rate": 4.987524429994482}, "datetime": {"datetime": "2024-04-01 17:55:26", "elapsed": 13350.946115, "delta": 25.32497}}
{"target": -112.2061415179705, "params": {"p_ai": 4.488951124577191, "p_al": 2.1411732532942556, "p_ex": 2.004636036053279, "prior": 2.3832746734987085, "rate": 3.6393973352863105}, "datetime": {"datetime": "2024-04-01 17:55:48", "elapsed": 13373.098873, "delta": 22.152758}}
{"target": -87.26456970553406, "params": {"p_ai": 2.7441164009823127, "p_al": 3.6323568999416658, "p_ex": 4.870848596041034, "prior": 1.2889266027971564, "rate": 2.576647154023709}, "datetime": {"datetime": "2024-04-01 17:56:08", "elapsed": 13392.66708, "delta": 19.568207}}
{"target": -98.7552575996194, "params": {"p_ai": 1.684988839343654, "p_al": 8.291113279612414, "p_ex": 3.183033912123937, "prior": 10.0, "rate": 10.0}, "datetime": {"datetime": "2024-04-01 17:56:28", "elapsed": 13412.513406, "delta": 19.846326}}
{"target": -99.2277365029556, "params": {"p_ai": 5.300972782758636, "p_al": 8.4137166870658, "p_ex": 10.0, "prior": 7.523984138608148, "rate": 7.846356577100435}, "datetime": {"datetime": "2024-04-01 17:56:49", "elapsed": 13433.7461, "delta": 21.232694}}
{"target": -115.02778615276405, "params": {"p_ai": 0.001, "p_al": 6.817696193298503, "p_ex": 4.913882976717448, "prior": 5.52383225163188, "rate": 6.3877138216189175}, "datetime": {"datetime": "2024-04-01 17:57:20", "elapsed": 13464.839063, "delta": 31.092963}}
{"target": -100.95202693735743, "params": {"p_ai": 2.397054970371352, "p_al": 2.1398333194362364, "p_ex": 2.9375587629315607, "prior": 10.0, "rate": 6.5677568040567715}, "datetime": {"datetime": "2024-04-01 17:57:48", "elapsed": 13492.747137, "delta": 27.908074}}
{"target": -111.4304088986354, "params": {"p_ai": 3.002191662850002, "p_al": 1.8183934695148452, "p_ex": 1.1773431013578806, "prior": 4.0012312759125415, "rate": 7.090294027122973}, "datetime": {"datetime": "2024-04-01 17:58:08", "elapsed": 13512.168517, "delta": 19.42138}}
{"target": -110.7028945746991, "params": {"p_ai": 2.5195274044480778, "p_al": 10.0, "p_ex": 3.9562340706509618, "prior": 7.697938216867016, "rate": 1.2220586179388329}, "datetime": {"datetime": "2024-04-01 17:58:28", "elapsed": 13533.050665, "delta": 20.882148}}
{"target": -109.90285815560127, "params": {"p_ai": 4.803884634824567, "p_al": 9.719556976279366, "p_ex": 2.5059971221040644, "prior": 4.0923935133208005, "rate": 9.970509843382688}, "datetime": {"datetime": "2024-04-01 17:58:50", "elapsed": 13554.280661, "delta": 21.229996}}
{"target": -97.89621132966603, "params": {"p_ai": 4.198845344140737, "p_al": 3.2417052994033835, "p_ex": 4.336570088630715, "prior": 5.912482335289183, "rate": 10.0}, "datetime": {"datetime": "2024-04-01 17:59:31", "elapsed": 13595.265557, "delta": 40.984896}}
{"target": -93.41087113298192, "params": {"p_ai": 2.38874462123301, "p_al": 4.355172688260158, "p_ex": 3.058061930431551, "prior": 1.6804607816335941, "rate": 3.9026195669604222}, "datetime": {"datetime": "2024-04-01 18:00:08", "elapsed": 13632.874282, "delta": 37.608725}}
{"target": -94.46037566880673, "params": {"p_ai": 3.3216304562223655, "p_al": 6.546127132683021, "p_ex": 6.977220597417952, "prior": 0.16966340945562455, "rate": 9.953593515443448}, "datetime": {"datetime": "2024-04-01 18:00:41", "elapsed": 13665.479916, "delta": 32.605634}}
{"target": -119.29870843817238, "params": {"p_ai": 6.044596113852882, "p_al": 7.975193129681956, "p_ex": 3.3241902714463705, "prior": 2.518285556697426, "rate": 4.717016355386657}, "datetime": {"datetime": "2024-04-01 18:01:20", "elapsed": 13704.870932, "delta": 39.391016}}
{"target": -104.88583016339166, "params": {"p_ai": 5.249963899025818, "p_al": 2.917588714716098, "p_ex": 7.80753514444566, "prior": 5.329454252206589, "rate": 10.0}, "datetime": {"datetime": "2024-04-01 18:01:54", "elapsed": 13738.547813, "delta": 33.676881}}
{"target": -94.85392924937881, "params": {"p_ai": 1.4028605335837563, "p_al": 1.5573062425675916, "p_ex": 5.150411783867122, "prior": 2.949465861196213, "rate": 3.1770216579725723}, "datetime": {"datetime": "2024-04-01 18:02:26", "elapsed": 13771.065917, "delta": 32.518104}}
{"target": -92.3205718237451, "params": {"p_ai": 1.9003807727604285, "p_al": 0.11896720133018979, "p_ex": 8.125224286649557, "prior": 1.3814937902918523, "rate": 2.2021780712859633}, "datetime": {"datetime": "2024-04-01 18:03:02", "elapsed": 13806.323199, "delta": 35.257282}}
{"target": -98.23048935400408, "params": {"p_ai": 4.299848767817835, "p_al": 7.822972434791469, "p_ex": 4.179490099639314, "prior": 5.524814357429665, "rate": 8.107585804748616}, "datetime": {"datetime": "2024-04-01 18:03:31", "elapsed": 13835.936815, "delta": 29.613616}}
{"target": -190.91717365457595, "params": {"p_ai": 10.0, "p_al": 0.001, "p_ex": 0.001, "prior": 10.0, "rate": 10.0}, "datetime": {"datetime": "2024-04-01 18:03:51", "elapsed": 13855.867093, "delta": 19.930278}}
{"target": -112.56130298000286, "params": {"p_ai": 7.447919469342979, "p_al": 0.001, "p_ex": 10.0, "prior": 10.0, "rate": 2.870783684492159}, "datetime": {"datetime": "2024-04-01 18:04:13", "elapsed": 13877.640065, "delta": 21.772972}}
{"target": -111.57904693364243, "params": {"p_ai": 0.001, "p_al": 6.936752782801466, "p_ex": 6.533310589659536, "prior": 6.367823255544512, "rate": 10.0}, "datetime": {"datetime": "2024-04-01 18:04:51", "elapsed": 13915.620708, "delta": 37.980643}}
{"target": -97.71153774536398, "params": {"p_ai": 2.172802224716232, "p_al": 0.001, "p_ex": 3.3350193944221336, "prior": 10.0, "rate": 10.0}, "datetime": {"datetime": "2024-04-01 18:05:23", "elapsed": 13947.863157, "delta": 32.242449}}
{"target": -91.92303878682449, "params": {"p_ai": 3.1376567730469564, "p_al": 5.615169537032155, "p_ex": 10.0, "prior": 5.795740955024325, "rate": 10.0}, "datetime": {"datetime": "2024-04-01 18:05:45", "elapsed": 13969.656876, "delta": 21.793719}}
{"target": -114.8904589260272, "params": {"p_ai": 0.006864596901844678, "p_al": 0.001, "p_ex": 6.294758620933343, "prior": 0.001, "rate": 10.0}, "datetime": {"datetime": "2024-04-01 18:06:07", "elapsed": 13991.398876, "delta": 21.742}}
{"target": -92.51298840970534, "params": {"p_ai": 1.9133649563495607, "p_al": 1.883213284253686, "p_ex": 8.254759173108944, "prior": 7.428223320889038, "rate": 5.494500212098477}, "datetime": {"datetime": "2024-04-01 18:06:28", "elapsed": 14012.314131, "delta": 20.915255}}
{"target": -95.27457612495236, "params": {"p_ai": 2.069986825314945, "p_al": 5.213508683730633, "p_ex": 8.004030829816253, "prior": 6.338836280156733, "rate": 2.3080742873218036}, "datetime": {"datetime": "2024-04-01 18:06:59", "elapsed": 14043.668223, "delta": 31.354092}}
{"target": -144.51725367762302, "params": {"p_ai": 0.001, "p_al": 6.168046496977346, "p_ex": 10.0, "prior": 5.014017552603073, "rate": 1.826203676248846}, "datetime": {"datetime": "2024-04-01 18:07:31", "elapsed": 14075.207945, "delta": 31.539722}}
{"target": -98.37539999858622, "params": {"p_ai": 2.7237462946056756, "p_al": 5.39877969945584, "p_ex": 9.466744711231819, "prior": 8.387997812821851, "rate": 1.551506629897163}, "datetime": {"datetime": "2024-04-01 18:08:01", "elapsed": 14105.612212, "delta": 30.404267}}
{"target": -95.81759041729016, "params": {"p_ai": 4.069699552306486, "p_al": 2.8676093234830597, "p_ex": 6.872038275415124, "prior": 0.7551248098201773, "rate": 2.9566020769279486}, "datetime": {"datetime": "2024-04-01 18:08:38", "elapsed": 14142.622605, "delta": 37.010393}}
{"target": -115.68103510687547, "params": {"p_ai": 1.140940255849155, "p_al": 1.585602904588403, "p_ex": 7.390554322613875, "prior": 10.0, "rate": 2.9024137321479775}, "datetime": {"datetime": "2024-04-01 18:09:00", "elapsed": 14164.175713, "delta": 21.553108}}
{"target": -89.33143423025436, "params": {"p_ai": 3.0186746422218107, "p_al": 2.5595266689998377, "p_ex": 6.936946165073665, "prior": 6.087124415838706, "rate": 10.0}, "datetime": {"datetime": "2024-04-01 18:09:33", "elapsed": 14197.885929, "delta": 33.710216}}
{"target": -103.7113609505973, "params": {"p_ai": 5.089154682569821, "p_al": 2.961159591996217, "p_ex": 4.867115388728939, "prior": 4.357338163274123, "rate": 2.849722189816002}, "datetime": {"datetime": "2024-04-01 18:09:54", "elapsed": 14218.333738, "delta": 20.447809}}
{"target": -143.68395040480726, "params": {"p_ai": 10.0, "p_al": 0.001, "p_ex": 10.0, "prior": 10.0, "rate": 6.617367573638721}, "datetime": {"datetime": "2024-04-01 18:10:20", "elapsed": 14244.69329, "delta": 26.359552}}
{"target": -145.0261288885682, "params": {"p_ai": 7.225354222282281, "p_al": 0.001, "p_ex": 7.6205849874426175, "prior": 2.325923694968604, "rate": 0.001}, "datetime": {"datetime": "2024-04-01 18:10:43", "elapsed": 14267.269812, "delta": 22.576522}}
{"target": -87.67776209462062, "params": {"p_ai": 1.0782825914393128, "p_al": 8.747337940464385, "p_ex": 8.185112537655467, "prior": 0.9259965899178227, "rate": 5.913187293742193}, "datetime": {"datetime": "2024-04-01 18:11:09", "elapsed": 14293.891568, "delta": 26.621756}}
{"target": -123.5200849376444, "params": {"p_ai": 0.001, "p_al": 6.31529735799881, "p_ex": 7.730086913433794, "prior": 10.0, "rate": 8.134746332741518}, "datetime": {"datetime": "2024-04-01 18:11:32", "elapsed": 14316.953622, "delta": 23.062054}}
{"target": -97.26733417721154, "params": {"p_ai": 2.2797819198813207, "p_al": 8.009998261480664, "p_ex": 5.347044642586042, "prior": 6.535737049118774, "rate": 2.363725110262983}, "datetime": {"datetime": "2024-04-01 18:12:02", "elapsed": 14346.177372, "delta": 29.22375}}
{"target": -98.37270841475721, "params": {"p_ai": 3.884273446694761, "p_al": 10.0, "p_ex": 4.476055957023674, "prior": 8.630683013751765, "rate": 4.9662430752622795}, "datetime": {"datetime": "2024-04-01 18:12:42", "elapsed": 14386.504073, "delta": 40.326701}}
{"target": -89.2357826795746, "params": {"p_ai": 2.3507059628801117, "p_al": 2.4356739890166232, "p_ex": 10.0, "prior": 2.7254881840595586, "rate": 3.5494510338634706}, "datetime": {"datetime": "2024-04-01 18:13:21", "elapsed": 14425.375275, "delta": 38.871202}}
{"target": -135.7572346378576, "params": {"p_ai": 2.5491306090445938, "p_al": 4.645343110179168, "p_ex": 10.0, "prior": 10.0, "rate": 0.001}, "datetime": {"datetime": "2024-04-01 18:13:44", "elapsed": 14448.857699, "delta": 23.482424}}
{"target": -93.34410736599524, "params": {"p_ai": 1.983764041463645, "p_al": 2.5572473880591597, "p_ex": 6.580302073305842, "prior": 4.934053777043106, "rate": 2.5992270513062583}, "datetime": {"datetime": "2024-04-01 18:14:17", "elapsed": 14482.037882, "delta": 33.180183}}
{"target": -92.387511499703, "params": {"p_ai": 1.5739859173461694, "p_al": 2.814718021291391, "p_ex": 5.956213825532756, "prior": 7.908582074281947, "rate": 10.0}, "datetime": {"datetime": "2024-04-01 18:14:46", "elapsed": 14510.332629, "delta": 28.294747}}
{"target": -172.1472599276219, "params": {"p_ai": 10.0, "p_al": 6.449827559920151, "p_ex": 10.0, "prior": 0.001, "rate": 3.329099864874258}, "datetime": {"datetime": "2024-04-01 18:15:17", "elapsed": 14542.011532, "delta": 31.678903}}
{"target": -91.3718789590436, "params": {"p_ai": 2.295384518193156, "p_al": 10.0, "p_ex": 4.901140184962955, "prior": 10.0, "rate": 7.37263381804807}, "datetime": {"datetime": "2024-04-01 18:15:41", "elapsed": 14565.20222, "delta": 23.190688}}
{"target": -102.2720266842512, "params": {"p_ai": 3.507781534618259, "p_al": 8.269105367485304, "p_ex": 2.2767492318355282, "prior": 1.1039855916371206, "rate": 6.625064363019539}, "datetime": {"datetime": "2024-04-01 18:16:15", "elapsed": 14599.981067, "delta": 34.778847}}
{"target": -91.06042855537962, "params": {"p_ai": 3.967447121504049, "p_al": 3.33910299904482, "p_ex": 6.842155092346301, "prior": 10.0, "rate": 5.540743118006959}, "datetime": {"datetime": "2024-04-01 18:16:45", "elapsed": 14629.68523, "delta": 29.704163}}
{"target": -151.54653197654406, "params": {"p_ai": 10.0, "p_al": 10.0, "p_ex": 10.0, "prior": 3.5780389094851497, "rate": 6.308831650196398}, "datetime": {"datetime": "2024-04-01 18:17:15", "elapsed": 14659.782409, "delta": 30.097179}}
{"target": -106.6629723629882, "params": {"p_ai": 5.948378907946856, "p_al": 2.2694797730707177, "p_ex": 6.375094111005951, "prior": 10.0, "rate": 6.226538727860499}, "datetime": {"datetime": "2024-04-01 18:17:38", "elapsed": 14682.475906, "delta": 22.693497}}
{"target": -100.95408876962038, "params": {"p_ai": 4.454030425767903, "p_al": 0.001, "p_ex": 10.0, "prior": 5.827566315325557, "rate": 9.282545354297316}, "datetime": {"datetime": "2024-04-01 18:18:04", "elapsed": 14709.104039, "delta": 26.628133}}
{"target": -106.64543493305463, "params": {"p_ai": 2.628778092856737, "p_al": 10.0, "p_ex": 8.09302729871884, "prior": 3.693894328255996, "rate": 0.8720897529701179}, "datetime": {"datetime": "2024-04-01 18:18:36", "elapsed": 14740.587072, "delta": 31.483033}}
{"target": -86.36132141133129, "params": {"p_ai": 3.765474906591678, "p_al": 4.213113383456522, "p_ex": 9.179549585272605, "prior": 2.8994535790517775, "rate": 1.9938570323307794}, "datetime": {"datetime": "2024-04-01 18:19:13", "elapsed": 14777.349964, "delta": 36.762892}}
