{"target": -486.97379949371003, "params": {"gamma": 9.292802548221829, "prior": 4.080573920625559, "rate": 0.7692460154620339}, "datetime": {"datetime": "2024-04-12 20:03:30", "elapsed": 7.315025, "delta": 0.00836}}
{"target": -223.30920874725118, "params": {"gamma": 2.4537661400558073, "prior": 3.5675790065013078, "rate": 7.507532195259897}, "datetime": {"datetime": "2024-04-12 20:03:30", "elapsed": 7.323379, "delta": 0.008354}}
{"target": -189.61701984500863, "params": {"gamma": 1.8482967753404873, "prior": 4.366639171886156, "rate": 8.732580952739871}, "datetime": {"datetime": "2024-04-12 20:03:30", "elapsed": 7.331847, "delta": 0.008468}}
{"target": -302.2049124098483, "params": {"gamma": 5.338077152636459, "prior": 1.121231725515661, "rate": 0.24620034805926763}, "datetime": {"datetime": "2024-04-12 20:03:30", "elapsed": 7.340417, "delta": 0.00857}}
{"target": -401.52102137577185, "params": {"gamma": 7.058392201809326, "prior": 9.79336216048635, "rate": 7.851867464260117}, "datetime": {"datetime": "2024-04-12 20:03:30", "elapsed": 7.348863, "delta": 0.008446}}
{"target": -477.33484879030954, "params": {"gamma": 7.647497242257331, "prior": 6.786930405212397, "rate": 7.9552316002763535}, "datetime": {"datetime": "2024-04-12 20:03:30", "elapsed": 7.357258, "delta": 0.008395}}
{"target": -136.06955020000228, "params": {"gamma": 0.40113783894076427, "prior": 2.720348153996855, "rate": 6.9542799621795535}, "datetime": {"datetime": "2024-04-12 20:03:30", "elapsed": 7.365736, "delta": 0.008478}}
{"target": -438.67135768884685, "params": {"gamma": 8.670016307747831, "prior": 6.778608030986559, "rate": 1.7635850037063328}, "datetime": {"datetime": "2024-04-12 20:03:30", "elapsed": 7.374238, "delta": 0.008502}}
{"target": -529.9008779366989, "params": {"gamma": 9.363148290996985, "prior": 9.043449131097443, "rate": 0.8677009826349238}, "datetime": {"datetime": "2024-04-12 20:03:30", "elapsed": 7.382556, "delta": 0.008318}}
{"target": -199.38596568108633, "params": {"gamma": 1.9308073757049558, "prior": 2.824411003044214, "rate": 7.384380294175464}, "datetime": {"datetime": "2024-04-12 20:03:30", "elapsed": 7.390964, "delta": 0.008408}}
{"target": -425.6531038918071, "params": {"gamma": 8.59387390968027, "prior": 5.825391635770356, "rate": 1.9972560609459706}, "datetime": {"datetime": "2024-04-12 20:03:30", "elapsed": 7.399339, "delta": 0.008375}}
{"target": -387.63065582856694, "params": {"gamma": 4.151483786326004, "prior": 1.4648060826146607, "rate": 9.174044472397386}, "datetime": {"datetime": "2024-04-12 20:03:30", "elapsed": 7.407795, "delta": 0.008456}}
{"target": -440.0832901390081, "params": {"gamma": 7.645544873164326, "prior": 5.151116954680168, "rate": 4.536296856665209}, "datetime": {"datetime": "2024-04-12 20:03:30", "elapsed": 7.416291, "delta": 0.008496}}
{"target": -148.74200888483426, "params": {"gamma": 0.9793229413773535, "prior": 3.2548860273732405, "rate": 1.2072073207786072}, "datetime": {"datetime": "2024-04-12 20:03:30", "elapsed": 7.424779, "delta": 0.008488}}
{"target": -394.32360345504355, "params": {"gamma": 7.823598295559239, "prior": 5.494348696094326, "rate": 2.2735465367701733}, "datetime": {"datetime": "2024-04-12 20:03:30", "elapsed": 7.43328, "delta": 0.008501}}
{"target": -197.14710177144053, "params": {"gamma": 2.242804189720107, "prior": 2.677942155406277, "rate": 3.0894186504102437}, "datetime": {"datetime": "2024-04-12 20:03:30", "elapsed": 7.441952, "delta": 0.008672}}
{"target": -311.81725098786416, "params": {"gamma": 3.8776636126823174, "prior": 3.0457344305346488, "rate": 6.795879389436971}, "datetime": {"datetime": "2024-04-12 20:03:30", "elapsed": 7.450395, "delta": 0.008443}}
{"target": -136.23801837015637, "params": {"gamma": 0.351701119431484, "prior": 3.3482921178205443, "rate": 7.4531734367072975}, "datetime": {"datetime": "2024-04-12 20:03:30", "elapsed": 7.458885, "delta": 0.00849}}
{"target": -464.19363015050754, "params": {"gamma": 9.428137042767773, "prior": 8.047052246559756, "rate": 2.4090212695059683}, "datetime": {"datetime": "2024-04-12 20:03:30", "elapsed": 7.467306, "delta": 0.008421}}
{"target": -236.43818173087263, "params": {"gamma": 2.329921768369933, "prior": 1.9843342677001725, "rate": 8.825092851051235}, "datetime": {"datetime": "2024-04-12 20:03:30", "elapsed": 7.47577, "delta": 0.008464}}
{"target": -186.69418725897904, "params": {"gamma": 2.3793190167249576, "prior": 7.605988171789962, "rate": 2.611236264315461}, "datetime": {"datetime": "2024-04-12 20:03:30", "elapsed": 7.484244, "delta": 0.008474}}
{"target": -138.74120133704233, "params": {"gamma": 0.3317853522317488, "prior": 7.3611322306807825, "rate": 7.262291896142214}, "datetime": {"datetime": "2024-04-12 20:03:30", "elapsed": 7.492778, "delta": 0.008534}}
{"target": -148.45071013421597, "params": {"gamma": 0.8905021504995737, "prior": 3.334342453503056, "rate": 9.483704536600037}, "datetime": {"datetime": "2024-04-12 20:03:30", "elapsed": 7.501287, "delta": 0.008509}}
{"target": -195.58120066364557, "params": {"gamma": 1.6303270368232625, "prior": 0.9580574792638101, "rate": 5.946444277228148}, "datetime": {"datetime": "2024-04-12 20:03:30", "elapsed": 7.509831, "delta": 0.008544}}
{"target": -760.5906992689538, "params": {"gamma": 9.309967663594373, "prior": 1.424405246656605, "rate": 5.130609924306518}, "datetime": {"datetime": "2024-04-12 20:03:30", "elapsed": 7.518253, "delta": 0.008422}}
{"target": -414.54818291682125, "params": {"gamma": 6.84030814195546, "prior": 1.8011146201075885, "rate": 0.11358767502840258}, "datetime": {"datetime": "2024-04-12 20:03:30", "elapsed": 7.52675, "delta": 0.008497}}
{"target": -784.9727031548164, "params": {"gamma": 8.876943621666769, "prior": 0.44878957946825926, "rate": 2.575325379792938}, "datetime": {"datetime": "2024-04-12 20:03:30", "elapsed": 7.535252, "delta": 0.008502}}
{"target": -413.29525067581545, "params": {"gamma": 6.5171886333749445, "prior": 2.929251040222046, "rate": 0.09806625815159087}, "datetime": {"datetime": "2024-04-12 20:03:30", "elapsed": 7.543799, "delta": 0.008547}}
{"target": -314.99885246840927, "params": {"gamma": 5.754942892815359, "prior": 3.147143555513635, "rate": 1.5159891044593792}, "datetime": {"datetime": "2024-04-12 20:03:30", "elapsed": 7.552287, "delta": 0.008488}}
{"target": -815.6653895903127, "params": {"gamma": 9.712861834014069, "prior": 1.7332254521996295, "rate": 7.272627175991628}, "datetime": {"datetime": "2024-04-12 20:03:30", "elapsed": 7.560727, "delta": 0.00844}}
{"target": -460.5782701534158, "params": {"gamma": 8.907351190743636, "prior": 8.601279645696758, "rate": 1.8433864145173096}, "datetime": {"datetime": "2024-04-12 20:03:30", "elapsed": 7.569305, "delta": 0.008578}}
{"target": -278.13806899036, "params": {"gamma": 2.3688485284086984, "prior": 0.2817901013754669, "rate": 9.314123267181278}, "datetime": {"datetime": "2024-04-12 20:03:30", "elapsed": 7.577752, "delta": 0.008447}}
{"target": -469.323480028383, "params": {"gamma": 8.871324645396406, "prior": 5.995115072798474, "rate": 1.0945671874130298}, "datetime": {"datetime": "2024-04-12 20:03:30", "elapsed": 7.586304, "delta": 0.008552}}
{"target": -167.1991864873025, "params": {"gamma": 1.736252925778173, "prior": 5.811907672232824, "rate": 2.5173180780279494}, "datetime": {"datetime": "2024-04-12 20:03:30", "elapsed": 7.594714, "delta": 0.00841}}
{"target": -228.94675039528934, "params": {"gamma": 3.0024181605272484, "prior": 1.792774754535882, "rate": 1.8967275990085757}, "datetime": {"datetime": "2024-04-12 20:03:30", "elapsed": 7.603301, "delta": 0.008587}}
{"target": -303.0567164759233, "params": {"gamma": 4.634748122750124, "prior": 5.1477523290215155, "rate": 5.116287316757662}, "datetime": {"datetime": "2024-04-12 20:03:30", "elapsed": 7.611871, "delta": 0.00857}}
{"target": -873.7424437030779, "params": {"gamma": 9.971390854869842, "prior": 1.3829985909743843, "rate": 7.561942713988967}, "datetime": {"datetime": "2024-04-12 20:03:30", "elapsed": 7.620298, "delta": 0.008427}}
{"target": -440.7481057554596, "params": {"gamma": 7.937773715501701, "prior": 5.890337727828154, "rate": 4.627919064512984}, "datetime": {"datetime": "2024-04-12 20:03:30", "elapsed": 7.628848, "delta": 0.00855}}
{"target": -524.9852394646122, "params": {"gamma": 8.934372946865443, "prior": 8.298984168823933, "rate": 0.5038590693510084}, "datetime": {"datetime": "2024-04-12 20:03:30", "elapsed": 7.637369, "delta": 0.008521}}
{"target": -1008.2740350384486, "params": {"gamma": 9.629874547125452, "prior": 0.17266492836107364, "rate": 5.731748914634736}, "datetime": {"datetime": "2024-04-12 20:03:30", "elapsed": 7.645966, "delta": 0.008597}}
{"target": -312.7249153699654, "params": {"gamma": 5.7247357384538, "prior": 8.360358681426117, "rate": 3.8477759631858306}, "datetime": {"datetime": "2024-04-12 20:03:30", "elapsed": 7.654368, "delta": 0.008402}}
{"target": -159.47828949167072, "params": {"gamma": 0.911317649590776, "prior": 5.858703966752355, "rate": 0.24943375777694893}, "datetime": {"datetime": "2024-04-12 20:03:30", "elapsed": 7.66276, "delta": 0.008392}}
{"target": -249.98828670432516, "params": {"gamma": 3.618595813310707, "prior": 9.854636340644698, "rate": 8.687919916680645}, "datetime": {"datetime": "2024-04-12 20:03:30", "elapsed": 7.671221, "delta": 0.008461}}
{"target": -165.88286453818301, "params": {"gamma": 1.525814920870293, "prior": 8.008378281655215, "rate": 8.110158197295846}, "datetime": {"datetime": "2024-04-12 20:03:30", "elapsed": 7.679674, "delta": 0.008453}}
{"target": -676.2940950624119, "params": {"gamma": 9.282143984052633, "prior": 2.3214042338354473, "rate": 4.990175777525101}, "datetime": {"datetime": "2024-04-12 20:03:30", "elapsed": 7.68822, "delta": 0.008546}}
{"target": -472.0508566028025, "params": {"gamma": 8.274613470019348, "prior": 6.706604471482155, "rate": 5.939767497694312}, "datetime": {"datetime": "2024-04-12 20:03:30", "elapsed": 7.696682, "delta": 0.008462}}
{"target": -382.4411429862542, "params": {"gamma": 6.520106231886649, "prior": 2.461308526710229, "rate": 0.2563753086730316}, "datetime": {"datetime": "2024-04-12 20:03:30", "elapsed": 7.705232, "delta": 0.00855}}
{"target": -456.6248992117704, "params": {"gamma": 7.362836317207894, "prior": 3.3352390707756885, "rate": 3.7681921123145443}, "datetime": {"datetime": "2024-04-12 20:03:30", "elapsed": 7.713699, "delta": 0.008467}}
{"target": -327.2445623692134, "params": {"gamma": 6.126547925441392, "prior": 6.605933919398819, "rate": 2.0297861073278014}, "datetime": {"datetime": "2024-04-12 20:03:30", "elapsed": 7.722188, "delta": 0.008489}}
{"target": -563.396861654371, "params": {"gamma": 8.260489346916343, "prior": 3.864045391930247, "rate": 6.317812340605414}, "datetime": {"datetime": "2024-04-12 20:03:30", "elapsed": 7.730642, "delta": 0.008454}}
{"target": -494.7084017923909, "params": {"gamma": 9.664147745107453, "prior": 5.691383729139698, "rate": 3.58975250674678}, "datetime": {"datetime": "2024-04-12 20:03:30", "elapsed": 7.739159, "delta": 0.008517}}
{"target": -370.29716076567405, "params": {"gamma": 6.1900821172926825, "prior": 5.067751868825378, "rate": 4.524310101530738}, "datetime": {"datetime": "2024-04-12 20:03:30", "elapsed": 7.747578, "delta": 0.008419}}
{"target": -380.6820169357338, "params": {"gamma": 7.32297507682793, "prior": 9.252650484842617, "rate": 4.793234881420612}, "datetime": {"datetime": "2024-04-12 20:03:30", "elapsed": 7.756103, "delta": 0.008525}}
{"target": -146.56174642248476, "params": {"gamma": 0.8832132798499579, "prior": 5.739570211172332, "rate": 2.450263600293229}, "datetime": {"datetime": "2024-04-12 20:03:30", "elapsed": 7.764526, "delta": 0.008423}}
{"target": -143.13262453741314, "params": {"gamma": 0.3967395368422162, "prior": 7.902588045772463, "rate": 2.728409598411216}, "datetime": {"datetime": "2024-04-12 20:03:30", "elapsed": 7.773149, "delta": 0.008623}}
{"target": -413.4434368995, "params": {"gamma": 7.7709278589308965, "prior": 4.933268536573228, "rate": 3.1800409748600784}, "datetime": {"datetime": "2024-04-12 20:03:31", "elapsed": 7.78182, "delta": 0.008671}}
{"target": -321.24794398188214, "params": {"gamma": 3.1409404750589167, "prior": 0.516045124852533, "rate": 5.344463969208603}, "datetime": {"datetime": "2024-04-12 20:03:31", "elapsed": 7.790345, "delta": 0.008525}}
{"target": -509.80451532184526, "params": {"gamma": 8.235692008411606, "prior": 0.9305639897438418, "rate": 1.0864784973815673}, "datetime": {"datetime": "2024-04-12 20:03:31", "elapsed": 7.798833, "delta": 0.008488}}
{"target": -339.32950401642717, "params": {"gamma": 5.293030012750302, "prior": 6.635403915273608, "rate": 6.947765177374281}, "datetime": {"datetime": "2024-04-12 20:03:31", "elapsed": 7.807277, "delta": 0.008444}}
{"target": -315.73071184047626, "params": {"gamma": 3.1329037297737132, "prior": 0.47399998048085035, "rate": 4.146214234044257}, "datetime": {"datetime": "2024-04-12 20:03:31", "elapsed": 7.815797, "delta": 0.00852}}
{"target": -277.70568322724165, "params": {"gamma": 2.2612156645820662, "prior": 0.11103681949882596, "rate": 6.857480005685141}, "datetime": {"datetime": "2024-04-12 20:03:31", "elapsed": 7.824214, "delta": 0.008417}}
{"target": -510.65622387510007, "params": {"gamma": 9.520673328006277, "prior": 3.9724024292967792, "rate": 3.0036839952852596}, "datetime": {"datetime": "2024-04-12 20:03:31", "elapsed": 7.832763, "delta": 0.008549}}
{"target": -342.2732510208008, "params": {"gamma": 5.537964374290343, "prior": 8.534564954842326, "rate": 7.9498792795045405}, "datetime": {"datetime": "2024-04-12 20:03:31", "elapsed": 7.841224, "delta": 0.008461}}
{"target": -469.2132024132845, "params": {"gamma": 6.847882293080787, "prior": 4.377860203867094, "rate": 6.904649764523284}, "datetime": {"datetime": "2024-04-12 20:03:31", "elapsed": 7.849627, "delta": 0.008403}}
{"target": -213.06693042396313, "params": {"gamma": 2.161037487164819, "prior": 2.911040034677843, "rate": 7.778428288392944}, "datetime": {"datetime": "2024-04-12 20:03:31", "elapsed": 7.858109, "delta": 0.008482}}
{"target": -614.3099658227911, "params": {"gamma": 9.299871383327218, "prior": 1.9814900858052293, "rate": 2.9613368308929076}, "datetime": {"datetime": "2024-04-12 20:03:31", "elapsed": 7.866455, "delta": 0.008346}}
{"target": -144.3817350745631, "params": {"gamma": 0.06309646163797043, "prior": 4.372466228275976, "rate": 2.103740422454257}, "datetime": {"datetime": "2024-04-12 20:03:31", "elapsed": 7.874935, "delta": 0.00848}}
{"target": -359.2261428019353, "params": {"gamma": 6.414606400753661, "prior": 7.124933235213273, "rate": 1.188658366270452}, "datetime": {"datetime": "2024-04-12 20:03:31", "elapsed": 7.88343, "delta": 0.008495}}
{"target": -145.58661312577124, "params": {"gamma": 0.8223578763172843, "prior": 9.072717188845324, "rate": 3.8929983086548985}, "datetime": {"datetime": "2024-04-12 20:03:31", "elapsed": 7.891956, "delta": 0.008526}}
{"target": -320.73082144094076, "params": {"gamma": 5.334501569162878, "prior": 9.636091492645338, "rate": 7.590781068151137}, "datetime": {"datetime": "2024-04-12 20:03:31", "elapsed": 7.900346, "delta": 0.00839}}
{"target": -311.4331499975299, "params": {"gamma": 3.256077435692296, "prior": 0.9499080810909061, "rate": 5.360704142867423}, "datetime": {"datetime": "2024-04-12 20:03:31", "elapsed": 7.908832, "delta": 0.008486}}
{"target": -363.53922021338093, "params": {"gamma": 3.3619183039303744, "prior": 0.31468550480840884, "rate": 7.711752180204535}, "datetime": {"datetime": "2024-04-12 20:03:31", "elapsed": 7.917306, "delta": 0.008474}}
{"target": -279.8356074276881, "params": {"gamma": 3.849706389409975, "prior": 5.756079385581481, "rate": 7.557672815106508}, "datetime": {"datetime": "2024-04-12 20:03:31", "elapsed": 7.925908, "delta": 0.008602}}
{"target": -466.60870417812487, "params": {"gamma": 9.408533351590556, "prior": 6.161991152977763, "rate": 3.1546463916226513}, "datetime": {"datetime": "2024-04-12 20:03:31", "elapsed": 7.934336, "delta": 0.008428}}
{"target": -159.797029785528, "params": {"gamma": 1.1016550019623323, "prior": 0.8317969903215949, "rate": 3.197588047953422}, "datetime": {"datetime": "2024-04-12 20:03:31", "elapsed": 7.942818, "delta": 0.008482}}
{"target": -347.33484048129213, "params": {"gamma": 6.608730550421095, "prior": 6.982005440804134, "rate": 2.0779726825898135}, "datetime": {"datetime": "2024-04-12 20:03:31", "elapsed": 7.951301, "delta": 0.008483}}
{"target": -144.49666063368159, "params": {"gamma": 0.8288765899448861, "prior": 3.1245555467317083, "rate": 5.476198023985873}, "datetime": {"datetime": "2024-04-12 20:03:31", "elapsed": 7.959788, "delta": 0.008487}}
{"target": -391.66629554198806, "params": {"gamma": 7.546942075074172, "prior": 5.343607473643421, "rate": 2.8705505437179983}, "datetime": {"datetime": "2024-04-12 20:03:31", "elapsed": 7.968359, "delta": 0.008571}}
{"target": -477.3522094071245, "params": {"gamma": 6.242173052915846, "prior": 2.7218828862443387, "rate": 6.527276450430897}, "datetime": {"datetime": "2024-04-12 20:03:31", "elapsed": 7.976885, "delta": 0.008526}}
{"target": -478.4593266707564, "params": {"gamma": 8.419138180259552, "prior": 6.425583421647474, "rate": 5.656749058298363}, "datetime": {"datetime": "2024-04-12 20:03:31", "elapsed": 7.98538, "delta": 0.008495}}
{"target": -234.31975980688892, "params": {"gamma": 3.072113950599342, "prior": 8.780092695385816, "rate": 9.888230025288278}, "datetime": {"datetime": "2024-04-12 20:03:31", "elapsed": 7.993894, "delta": 0.008514}}
{"target": -402.98480464578375, "params": {"gamma": 7.775016832668201, "prior": 5.779074189947149, "rate": 1.4136520470773757}, "datetime": {"datetime": "2024-04-12 20:03:31", "elapsed": 8.002307, "delta": 0.008413}}
{"target": -225.91466218229826, "params": {"gamma": 3.1499752949036433, "prior": 3.731907254052719, "rate": 2.9196603150536307}, "datetime": {"datetime": "2024-04-12 20:03:31", "elapsed": 8.010814, "delta": 0.008507}}
{"target": -261.3534598288328, "params": {"gamma": 4.46008219467453, "prior": 6.145261916989693, "rate": 2.129932990561121}, "datetime": {"datetime": "2024-04-12 20:03:31", "elapsed": 8.0193, "delta": 0.008486}}
{"target": -231.66795466861967, "params": {"gamma": 2.4983477831127514, "prior": 1.2102897838888582, "rate": 3.07657830315885}, "datetime": {"datetime": "2024-04-12 20:03:31", "elapsed": 8.027802, "delta": 0.008502}}
{"target": -375.1636967655887, "params": {"gamma": 4.9749853375678486, "prior": 4.949097068629873, "rate": 9.955776541252115}, "datetime": {"datetime": "2024-04-12 20:03:31", "elapsed": 8.036261, "delta": 0.008459}}
{"target": -717.4435101725657, "params": {"gamma": 9.811104522073206, "prior": 4.421971439643317, "rate": 9.720234197281384}, "datetime": {"datetime": "2024-04-12 20:03:31", "elapsed": 8.04477, "delta": 0.008509}}
{"target": -186.9691168925555, "params": {"gamma": 2.1447646438539647, "prior": 5.457096772478638, "rate": 4.534899709382847}, "datetime": {"datetime": "2024-04-12 20:03:31", "elapsed": 8.053159, "delta": 0.008389}}
{"target": -483.39660984291663, "params": {"gamma": 9.67612136622795, "prior": 8.37814460904005, "rate": 2.142255100882632}, "datetime": {"datetime": "2024-04-12 20:03:31", "elapsed": 8.061692, "delta": 0.008533}}
{"target": -365.1873310950887, "params": {"gamma": 4.395951482451757, "prior": 1.7679220192998268, "rate": 5.29134301734205}, "datetime": {"datetime": "2024-04-12 20:03:31", "elapsed": 8.070155, "delta": 0.008463}}
{"target": -145.57190803126932, "params": {"gamma": 0.001, "prior": 8.215483500151057, "rate": 0.001}, "datetime": {"datetime": "2024-04-12 20:03:37", "elapsed": 13.95049, "delta": 5.880335}}
{"target": -145.5242034702816, "params": {"gamma": 0.001, "prior": 10.0, "rate": 10.0}, "datetime": {"datetime": "2024-04-12 20:03:40", "elapsed": 17.221644, "delta": 3.271154}}
{"target": -145.07927236907108, "params": {"gamma": 0.006498588945323686, "prior": 0.17241717909885645, "rate": 8.557420217349458}, "datetime": {"datetime": "2024-04-12 20:03:43", "elapsed": 20.480882, "delta": 3.259238}}
{"target": -145.5138601461536, "params": {"gamma": 0.001, "prior": 6.268471371927261, "rate": 10.0}, "datetime": {"datetime": "2024-04-12 20:03:46", "elapsed": 23.420938, "delta": 2.940056}}
{"target": -145.48625307302862, "params": {"gamma": 0.001, "prior": 0.1, "rate": 10.0}, "datetime": {"datetime": "2024-04-12 20:03:49", "elapsed": 26.043732, "delta": 2.622794}}
{"target": -145.57191001852019, "params": {"gamma": 0.001, "prior": 10.0, "rate": 0.001}, "datetime": {"datetime": "2024-04-12 20:03:53", "elapsed": 30.127183, "delta": 4.083451}}
{"target": -145.5205369536529, "params": {"gamma": 0.001, "prior": 8.500743583623697, "rate": 10.0}, "datetime": {"datetime": "2024-04-12 20:03:56", "elapsed": 33.535496, "delta": 3.408313}}
{"target": -145.54102675582766, "params": {"gamma": 0.001, "prior": 10.0, "rate": 4.701103590898862}, "datetime": {"datetime": "2024-04-12 20:03:59", "elapsed": 36.759767, "delta": 3.224271}}
{"target": -145.53230109739633, "params": {"gamma": 0.001, "prior": 10.0, "rate": 7.010343196519993}, "datetime": {"datetime": "2024-04-12 20:04:02", "elapsed": 39.445701, "delta": 2.685934}}
{"target": -140.62103570357863, "params": {"gamma": 0.0815544293939904, "prior": 0.2787082433819711, "rate": 2.6087875122173463}, "datetime": {"datetime": "2024-04-12 20:04:05", "elapsed": 42.479226, "delta": 3.033525}}
{"target": -145.5194687892342, "params": {"gamma": 0.001, "prior": 5.322331811959175, "rate": 6.567400285590348}, "datetime": {"datetime": "2024-04-12 20:04:07", "elapsed": 44.667976, "delta": 2.18875}}
{"target": -144.9644106029617, "params": {"gamma": 0.008531030818368451, "prior": 0.9419773645362606, "rate": 8.905863169179133}, "datetime": {"datetime": "2024-04-12 20:04:11", "elapsed": 48.044799, "delta": 3.376823}}
