{"target": -224.07360415597407, "params": {"gamma": 2.2414022834897844, "lr": 0.2042608975521487}, "datetime": {"datetime": "2024-04-03 23:46:16", "elapsed": 860.396498, "delta": 4.14079}}
{"target": -207.64033146804297, "params": {"gamma": 2.1565418553430664, "lr": 0.3441335298103029}, "datetime": {"datetime": "2024-04-03 23:46:21", "elapsed": 865.880576, "delta": 5.484078}}
{"target": -144.17461355646887, "params": {"gamma": 0.7686969569711857, "lr": 0.0}, "datetime": {"datetime": "2024-04-03 23:46:27", "elapsed": 872.058176, "delta": 6.1776}}
{"target": -432.1399568934342, "params": {"gamma": 5.565452376168597, "lr": 0.25051058367823315}, "datetime": {"datetime": "2024-04-03 23:46:34", "elapsed": 879.010305, "delta": 6.952129}}
{"target": -144.17461355646887, "params": {"gamma": 1.0414622300623553, "lr": 0.0}, "datetime": {"datetime": "2024-04-03 23:46:37", "elapsed": 882.254277, "delta": 3.243972}}
{"target": -377.8617185394178, "params": {"gamma": 0.9701462932461776, "lr": 0.0011916153116704464}, "datetime": {"datetime": "2024-04-03 23:46:42", "elapsed": 886.652873, "delta": 4.398596}}
{"target": -420.36293837952365, "params": {"gamma": 1.1030625160645433, "lr": 0.002718942026737725}, "datetime": {"datetime": "2024-04-03 23:46:48", "elapsed": 892.707095, "delta": 6.054222}}
{"target": -126.08453867495386, "params": {"gamma": 0.4528756130820083, "lr": 0.8675814812934873}, "datetime": {"datetime": "2024-04-03 23:46:52", "elapsed": 896.633991, "delta": 3.926896}}
{"target": -506.0304610235477, "params": {"gamma": 3.7796698290783763, "lr": 0.8020387954120906}, "datetime": {"datetime": "2024-04-03 23:46:54", "elapsed": 898.535909, "delta": 1.901918}}
{"target": -255.89735449121156, "params": {"gamma": 2.3457024190039975, "lr": 0.5560473850865981}, "datetime": {"datetime": "2024-04-03 23:46:59", "elapsed": 903.747531, "delta": 5.211622}}
{"target": -120.70600830269261, "params": {"gamma": 0.6910780134467254, "lr": 0.5529982456315035}, "datetime": {"datetime": "2024-04-03 23:47:05", "elapsed": 910.261488, "delta": 6.513957}}
{"target": -1872.412855458164, "params": {"gamma": 9.060873444957423, "lr": 0.12284501100394996}, "datetime": {"datetime": "2024-04-03 23:47:07", "elapsed": 912.099368, "delta": 1.83788}}
{"target": -128.9430407895802, "params": {"gamma": 0.6903461162600155, "lr": 0.6946268733550196}, "datetime": {"datetime": "2024-04-03 23:47:16", "elapsed": 920.578885, "delta": 8.479517}}
{"target": -111.8140773847414, "params": {"gamma": 0.5019750210014206, "lr": 0.466301704103081}, "datetime": {"datetime": "2024-04-03 23:47:25", "elapsed": 929.554135, "delta": 8.97525}}
{"target": -144.24471544175202, "params": {"gamma": 0.0028439110780854376, "lr": 0.06928615286665851}, "datetime": {"datetime": "2024-04-03 23:47:32", "elapsed": 936.560871, "delta": 7.006736}}
{"target": -375.79960969601024, "params": {"gamma": 3.5812866191988064, "lr": 0.5610898595673137}, "datetime": {"datetime": "2024-04-03 23:47:38", "elapsed": 942.775919, "delta": 6.215048}}
{"target": -327.90026209229154, "params": {"gamma": 2.9945098097792235, "lr": 0.6312398620475917}, "datetime": {"datetime": "2024-04-03 23:47:45", "elapsed": 949.881882, "delta": 7.105963}}
{"target": -958.6390325478848, "params": {"gamma": 7.793152136890645, "lr": 0.7358159854528827}, "datetime": {"datetime": "2024-04-03 23:47:47", "elapsed": 951.697224, "delta": 1.815342}}
{"target": -659.5735055026228, "params": {"gamma": 6.21818362271842, "lr": 0.6279181116481095}, "datetime": {"datetime": "2024-04-03 23:47:49", "elapsed": 953.602302, "delta": 1.905078}}
{"target": -407.9609731247357, "params": {"gamma": 3.2602612256837884, "lr": 0.7746400832917184}, "datetime": {"datetime": "2024-04-03 23:47:51", "elapsed": 955.725387, "delta": 2.123085}}
{"target": -131.58594534128196, "params": {"gamma": 0.0941069967953495, "lr": 0.7551956164928244}, "datetime": {"datetime": "2024-04-03 23:47:56", "elapsed": 960.877994, "delta": 5.152607}}
{"target": -287.02637253356073, "params": {"gamma": 3.402283023195592, "lr": 0.2932104818672866}, "datetime": {"datetime": "2024-04-03 23:48:05", "elapsed": 969.377055, "delta": 8.499061}}
{"target": -119.90807773027902, "params": {"gamma": 0.29820051763980887, "lr": 0.1732870690667678}, "datetime": {"datetime": "2024-04-03 23:48:10", "elapsed": 975.056317, "delta": 5.679262}}
{"target": -252.45714065748666, "params": {"gamma": 2.0551799986839976, "lr": 0.18762506446280636}, "datetime": {"datetime": "2024-04-03 23:48:15", "elapsed": 980.129262, "delta": 5.072945}}
{"target": -119.85669244700986, "params": {"gamma": 0.19302436948051294, "lr": 0.2753951635456948}, "datetime": {"datetime": "2024-04-03 23:48:21", "elapsed": 985.65794, "delta": 5.528678}}
{"target": -271.401228692093, "params": {"gamma": 2.0338209960835614, "lr": 0.7153089709174155}, "datetime": {"datetime": "2024-04-03 23:48:26", "elapsed": 990.394497, "delta": 4.736557}}
{"target": -115.10389873112177, "params": {"gamma": 0.38169872470926636, "lr": 0.3772171860471143}, "datetime": {"datetime": "2024-04-03 23:48:35", "elapsed": 999.700975, "delta": 9.306478}}
{"target": -124.45545597991729, "params": {"gamma": 0.5197026745496982, "lr": 0.7715622599407309}, "datetime": {"datetime": "2024-04-03 23:48:46", "elapsed": 1010.862493, "delta": 11.161518}}
{"target": -114.20877381143865, "params": {"gamma": 0.942888000055048, "lr": 0.25457858278317713}, "datetime": {"datetime": "2024-04-03 23:48:51", "elapsed": 1015.377954, "delta": 4.515461}}
{"target": -157.15699610669435, "params": {"gamma": 1.2544274782327978, "lr": 0.5226161382327659}, "datetime": {"datetime": "2024-04-03 23:48:55", "elapsed": 1020.193937, "delta": 4.815983}}
{"target": -126.51481799604369, "params": {"gamma": 0.368569171359293, "lr": 0.9185832467373335}, "datetime": {"datetime": "2024-04-03 23:49:01", "elapsed": 1025.663811, "delta": 5.469874}}
{"target": -131.78386815098887, "params": {"gamma": 0.09065168386337193, "lr": 0.6197222301314312}, "datetime": {"datetime": "2024-04-03 23:49:07", "elapsed": 1031.346688, "delta": 5.682877}}
{"target": -1737.9801366872912, "params": {"gamma": 5.067973419542996, "lr": 0.020469736447465303}, "datetime": {"datetime": "2024-04-03 23:49:09", "elapsed": 1033.436129, "delta": 2.089441}}
{"target": -467.70376306433445, "params": {"gamma": 6.043766266161986, "lr": 0.27389036121076193}, "datetime": {"datetime": "2024-04-03 23:49:12", "elapsed": 1036.888466, "delta": 3.452337}}
{"target": -152.40001566972842, "params": {"gamma": 0.11735676589152809, "lr": 0.05297777721365615}, "datetime": {"datetime": "2024-04-03 23:49:18", "elapsed": 1042.492309, "delta": 5.603843}}
{"target": -125.73872806628691, "params": {"gamma": 0.18722202458665932, "lr": 0.9994672737699968}, "datetime": {"datetime": "2024-04-03 23:49:23", "elapsed": 1047.419776, "delta": 4.927467}}
{"target": -207.99295584649707, "params": {"gamma": 1.5867189864922084, "lr": 0.6750140756460631}, "datetime": {"datetime": "2024-04-03 23:49:29", "elapsed": 1053.502124, "delta": 6.082348}}
{"target": -159.13657733381305, "params": {"gamma": 1.6795508804252974, "lr": 0.29576936114290875}, "datetime": {"datetime": "2024-04-03 23:49:36", "elapsed": 1060.526773, "delta": 7.024649}}
{"target": -167.59571223129944, "params": {"gamma": 0.8586959574876356, "lr": 0.9396953395443615}, "datetime": {"datetime": "2024-04-03 23:49:41", "elapsed": 1065.647761, "delta": 5.120988}}
{"target": -497.980474355106, "params": {"gamma": 4.000691575379724, "lr": 0.7019751779109304}, "datetime": {"datetime": "2024-04-03 23:49:43", "elapsed": 1067.540621, "delta": 1.89286}}
{"target": -144.01193755603006, "params": {"gamma": 0.001, "lr": 0.8110116527905151}, "datetime": {"datetime": "2024-04-03 23:49:54", "elapsed": 1079.183843, "delta": 11.643222}}
{"target": -109.43738219524467, "params": {"gamma": 0.7009079168873821, "lr": 0.3141376009607094}, "datetime": {"datetime": "2024-04-03 23:50:00", "elapsed": 1084.32092, "delta": 5.137077}}
{"target": -251.3938192908007, "params": {"gamma": 0.558509508631816, "lr": 0.05416138065226739}, "datetime": {"datetime": "2024-04-03 23:50:05", "elapsed": 1089.626065, "delta": 5.305145}}
{"target": -324.41050790215724, "params": {"gamma": 3.475990762145416, "lr": 0.4564634434686188}, "datetime": {"datetime": "2024-04-03 23:50:19", "elapsed": 1104.205681, "delta": 14.579616}}
{"target": -139.04564800076986, "params": {"gamma": 1.1082705890482514, "lr": 0.20833792154410924}, "datetime": {"datetime": "2024-04-03 23:50:30", "elapsed": 1114.490547, "delta": 10.284866}}
{"target": -115.02868329011017, "params": {"gamma": 0.31556278773621704, "lr": 0.459661170626976}, "datetime": {"datetime": "2024-04-03 23:50:37", "elapsed": 1121.630832, "delta": 7.140285}}
{"target": -198.3884195283428, "params": {"gamma": 2.102668433607247, "lr": 0.42940461743645075}, "datetime": {"datetime": "2024-04-03 23:50:49", "elapsed": 1133.73658, "delta": 12.105748}}
{"target": -144.17461355646887, "params": {"gamma": 2.2478183133230396, "lr": 0.0}, "datetime": {"datetime": "2024-04-03 23:50:54", "elapsed": 1138.382781, "delta": 4.646201}}
{"target": -168.31130213847075, "params": {"gamma": 1.918914497933616, "lr": 0.27582884510818984}, "datetime": {"datetime": "2024-04-03 23:51:06", "elapsed": 1150.510766, "delta": 12.127985}}
{"target": -194.0307602856153, "params": {"gamma": 1.3364007987768336, "lr": 0.7169183118301343}, "datetime": {"datetime": "2024-04-03 23:51:13", "elapsed": 1158.077602, "delta": 7.566836}}
{"target": -144.17461355646887, "params": {"gamma": 2.374690734405997, "lr": 0.0}, "datetime": {"datetime": "2024-04-03 23:51:19", "elapsed": 1163.515402, "delta": 5.4378}}
{"target": -123.22855520075618, "params": {"gamma": 0.21545697127850652, "lr": 0.8869412882544802}, "datetime": {"datetime": "2024-04-03 23:51:26", "elapsed": 1170.98411, "delta": 7.468708}}
{"target": -122.08480760630235, "params": {"gamma": 0.9159667705979307, "lr": 0.40060873328766855}, "datetime": {"datetime": "2024-04-03 23:51:32", "elapsed": 1177.028559, "delta": 6.044449}}
{"target": -127.38552452689633, "params": {"gamma": 0.7628103367239031, "lr": 0.6336852266320182}, "datetime": {"datetime": "2024-04-03 23:51:36", "elapsed": 1180.524206, "delta": 3.495647}}
{"target": -122.14083441885413, "params": {"gamma": 0.19356833180256197, "lr": 0.4633745243935846}, "datetime": {"datetime": "2024-04-03 23:51:42", "elapsed": 1186.639207, "delta": 6.115001}}
{"target": -172.69790822772103, "params": {"gamma": 0.7407118863237182, "lr": 1.0}, "datetime": {"datetime": "2024-04-03 23:51:49", "elapsed": 1193.26698, "delta": 6.627773}}
{"target": -148.50048641071785, "params": {"gamma": 0.9564501456675707, "lr": 0.6999379674584095}, "datetime": {"datetime": "2024-04-03 23:51:55", "elapsed": 1199.760442, "delta": 6.493462}}
{"target": -140.78264820456383, "params": {"gamma": 0.46000778512254437, "lr": 1.0}, "datetime": {"datetime": "2024-04-03 23:52:01", "elapsed": 1206.229876, "delta": 6.469434}}
{"target": -144.17461355646887, "params": {"gamma": 0.6467094446672218, "lr": 0.0}, "datetime": {"datetime": "2024-04-03 23:52:08", "elapsed": 1213.135836, "delta": 6.90596}}
{"target": -169.19914801230124, "params": {"gamma": 1.8273253407869297, "lr": 0.2934749221655969}, "datetime": {"datetime": "2024-04-03 23:52:16", "elapsed": 1220.602093, "delta": 7.466257}}
{"target": -327.9787393361078, "params": {"gamma": 2.7802102541979448, "lr": 0.1964228146983894}, "datetime": {"datetime": "2024-04-03 23:52:18", "elapsed": 1222.673713, "delta": 2.07162}}
{"target": -772.2008371927649, "params": {"gamma": 9.529763853814716, "lr": 0.29324897702544095}, "datetime": {"datetime": "2024-04-03 23:52:22", "elapsed": 1226.774764, "delta": 4.101051}}
{"target": -126.23442723340123, "params": {"gamma": 0.14376797971742267, "lr": 0.659991429923924}, "datetime": {"datetime": "2024-04-03 23:52:28", "elapsed": 1232.431334, "delta": 5.65657}}
{"target": -286.20860127308754, "params": {"gamma": 3.0342646341898214, "lr": 0.4766055625770941}, "datetime": {"datetime": "2024-04-03 23:52:35", "elapsed": 1239.383463, "delta": 6.952129}}
{"target": -117.96455644393113, "params": {"gamma": 0.5507651345288841, "lr": 0.6540329772375172}, "datetime": {"datetime": "2024-04-03 23:52:42", "elapsed": 1246.503987, "delta": 7.120524}}
{"target": -452.65836540441677, "params": {"gamma": 2.499080035639368, "lr": 1.0}, "datetime": {"datetime": "2024-04-03 23:52:46", "elapsed": 1250.686045, "delta": 4.182058}}
{"target": -112.13221485628553, "params": {"gamma": 0.5268948225517031, "lr": 0.36216477726112856}, "datetime": {"datetime": "2024-04-03 23:52:51", "elapsed": 1255.5193, "delta": 4.833255}}
{"target": -144.61547887960973, "params": {"gamma": 0.82307316057235, "lr": 0.71495982042779}, "datetime": {"datetime": "2024-04-03 23:52:57", "elapsed": 1262.122818, "delta": 6.603518}}
{"target": -116.02240517509124, "params": {"gamma": 0.3476375903313234, "lr": 0.639448770689063}, "datetime": {"datetime": "2024-04-03 23:53:01", "elapsed": 1265.940926, "delta": 3.818108}}
{"target": -346.49807457883566, "params": {"gamma": 2.8785108183023906, "lr": 0.674503912178299}, "datetime": {"datetime": "2024-04-03 23:53:10", "elapsed": 1274.812615, "delta": 8.871689}}
{"target": -360.820740323652, "params": {"gamma": 2.3481839308763166, "lr": 0.9890106938069273}, "datetime": {"datetime": "2024-04-03 23:53:12", "elapsed": 1276.989299, "delta": 2.176684}}
{"target": -136.8175027511902, "params": {"gamma": 0.7253041002451166, "lr": 0.7546841195447223}, "datetime": {"datetime": "2024-04-03 23:53:17", "elapsed": 1282.235456, "delta": 5.246157}}
{"target": -122.58549394872911, "params": {"gamma": 0.2194784490908276, "lr": 0.1669812838400645}, "datetime": {"datetime": "2024-04-03 23:53:24", "elapsed": 1288.773592, "delta": 6.538136}}
{"target": -240.55481957098797, "params": {"gamma": 1.4549243812160277, "lr": 0.9175376444412039}, "datetime": {"datetime": "2024-04-03 23:53:30", "elapsed": 1295.163792, "delta": 6.3902}}
{"target": -132.81723463968692, "params": {"gamma": 1.3361958102068932, "lr": 0.25322472695574794}, "datetime": {"datetime": "2024-04-03 23:53:37", "elapsed": 1301.791287, "delta": 6.627495}}
{"target": -146.98198492926443, "params": {"gamma": 1.3759122021943415, "lr": 0.4320229396540709}, "datetime": {"datetime": "2024-04-03 23:53:40", "elapsed": 1305.185921, "delta": 3.394634}}
{"target": -539.6464748682835, "params": {"gamma": 3.0095194976628976, "lr": 1.0}, "datetime": {"datetime": "2024-04-03 23:53:46", "elapsed": 1310.866088, "delta": 5.680167}}
{"target": -184.98069710012336, "params": {"gamma": 1.1110531843719906, "lr": 0.8823870445974795}, "datetime": {"datetime": "2024-04-03 23:53:53", "elapsed": 1317.65931, "delta": 6.793222}}
{"target": -135.57902777083143, "params": {"gamma": 1.1898044489291897, "lr": 0.4397390333793816}, "datetime": {"datetime": "2024-04-03 23:54:00", "elapsed": 1324.295526, "delta": 6.636216}}
{"target": -263.533817104891, "params": {"gamma": 1.6299792914646638, "lr": 0.929329313963591}, "datetime": {"datetime": "2024-04-03 23:54:07", "elapsed": 1331.728147, "delta": 7.432621}}
{"target": -123.5058197408517, "params": {"gamma": 0.7499931210099336, "lr": 0.5023588059143471}, "datetime": {"datetime": "2024-04-03 23:54:12", "elapsed": 1336.463899, "delta": 4.735752}}
{"target": -134.20317745928017, "params": {"gamma": 1.0500698069694505, "lr": 0.22793225096861403}, "datetime": {"datetime": "2024-04-03 23:54:15", "elapsed": 1340.019244, "delta": 3.555345}}
{"target": -161.79718265543843, "params": {"gamma": 1.0335509078534753, "lr": 0.7140969519206276}, "datetime": {"datetime": "2024-04-03 23:54:22", "elapsed": 1346.670149, "delta": 6.650905}}
{"target": -348.56810715623834, "params": {"gamma": 4.188728942130227, "lr": 0.2889118253569441}, "datetime": {"datetime": "2024-04-03 23:54:26", "elapsed": 1350.97432, "delta": 4.304171}}
{"target": -249.07091517389162, "params": {"gamma": 2.6685387844538373, "lr": 0.34933942040139315}, "datetime": {"datetime": "2024-04-03 23:54:32", "elapsed": 1356.39725, "delta": 5.42293}}
{"target": -127.44069705862472, "params": {"gamma": 1.0031642486675718, "lr": 0.3460406722660636}, "datetime": {"datetime": "2024-04-03 23:54:37", "elapsed": 1362.036784, "delta": 5.639534}}
{"target": -144.17461355646887, "params": {"gamma": 0.1552584139049005, "lr": 0.0}, "datetime": {"datetime": "2024-04-03 23:54:45", "elapsed": 1370.028657, "delta": 7.991873}}
{"target": -133.34523358364547, "params": {"gamma": 0.49298101649589654, "lr": 0.9467387219387801}, "datetime": {"datetime": "2024-04-03 23:54:54", "elapsed": 1378.914218, "delta": 8.885561}}
{"target": -137.9076787863367, "params": {"gamma": 0.8052116531252055, "lr": 0.16890159002197103}, "datetime": {"datetime": "2024-04-03 23:54:56", "elapsed": 1381.090036, "delta": 2.175818}}
{"target": -207.5313618215298, "params": {"gamma": 1.8442974367483365, "lr": 0.5319936722214017}, "datetime": {"datetime": "2024-04-03 23:55:03", "elapsed": 1387.281354, "delta": 6.191318}}
{"target": -121.68091997021585, "params": {"gamma": 0.32766147665574175, "lr": 0.8129543760143983}, "datetime": {"datetime": "2024-04-03 23:55:10", "elapsed": 1394.531692, "delta": 7.250338}}
{"target": -150.71125250491986, "params": {"gamma": 0.8142949776882573, "lr": 0.8404020158930143}, "datetime": {"datetime": "2024-04-03 23:55:18", "elapsed": 1402.93481, "delta": 8.403118}}
{"target": -170.47083512285474, "params": {"gamma": 1.4244904159679534, "lr": 0.5517323841209458}, "datetime": {"datetime": "2024-04-03 23:55:25", "elapsed": 1409.957118, "delta": 7.022308}}
{"target": -123.65974177441856, "params": {"gamma": 0.42891155712834855, "lr": 0.18422540871595047}, "datetime": {"datetime": "2024-04-03 23:55:28", "elapsed": 1413.256329, "delta": 3.299211}}
{"target": -117.4644069682084, "params": {"gamma": 0.5728736838881349, "lr": 0.5694547132745174}, "datetime": {"datetime": "2024-04-03 23:55:38", "elapsed": 1422.378915, "delta": 9.122586}}
{"target": -122.25797492644273, "params": {"gamma": 0.8009039832280519, "lr": 0.37554506730419046}, "datetime": {"datetime": "2024-04-03 23:55:43", "elapsed": 1428.091508, "delta": 5.712593}}
{"target": -118.70737256342372, "params": {"gamma": 0.6387504994347888, "lr": 0.5107122888944918}, "datetime": {"datetime": "2024-04-03 23:55:51", "elapsed": 1435.693833, "delta": 7.602325}}
{"target": -139.98223707275463, "params": {"gamma": 0.6832741209592, "lr": 0.8205618347080423}, "datetime": {"datetime": "2024-04-03 23:56:01", "elapsed": 1445.410366, "delta": 9.716533}}
{"target": -182.03646313136042, "params": {"gamma": 2.009983478694657, "lr": 0.325023318052604}, "datetime": {"datetime": "2024-04-03 23:56:06", "elapsed": 1451.0546, "delta": 5.644234}}
{"target": -135.86064249353808, "params": {"gamma": 0.05526862993703708, "lr": 0.859850668548064}, "datetime": {"datetime": "2024-04-03 23:56:19", "elapsed": 1463.839329, "delta": 12.784729}}
{"target": -272.03015897386433, "params": {"gamma": 1.378058327459792, "lr": 0.14183905524594365}, "datetime": {"datetime": "2024-04-03 23:56:27", "elapsed": 1471.337048, "delta": 7.497719}}
{"target": -125.02104513517746, "params": {"gamma": 1.1123070506125645, "lr": 0.3289805146108797}, "datetime": {"datetime": "2024-04-03 23:56:31", "elapsed": 1475.910786, "delta": 4.573738}}
{"target": -379.260720111485, "params": {"gamma": 1.2150879866449338, "lr": 0.09842017128891056}, "datetime": {"datetime": "2024-04-03 23:56:44", "elapsed": 1488.407353, "delta": 12.496567}}
{"target": -147.40276906354416, "params": {"gamma": 0.7376982453074161, "lr": 0.8918619271846427}, "datetime": {"datetime": "2024-04-03 23:56:47", "elapsed": 1491.995861, "delta": 3.588508}}
{"target": -193.60232301627417, "params": {"gamma": 2.294993492881425, "lr": 0.269516721610933}, "datetime": {"datetime": "2024-04-03 23:56:53", "elapsed": 1498.157396, "delta": 6.161535}}
{"target": -139.922998318522, "params": {"gamma": 0.03099852117327536, "lr": 0.3693151453881185}, "datetime": {"datetime": "2024-04-03 23:57:05", "elapsed": 1509.671333, "delta": 11.513937}}
{"target": -111.65398054460105, "params": {"gamma": 0.4342467129492982, "lr": 0.43469148331354046}, "datetime": {"datetime": "2024-04-03 23:57:11", "elapsed": 1516.012101, "delta": 6.340768}}
{"target": -218.07857462550092, "params": {"gamma": 1.279860367778938, "lr": 0.9142422559634079}, "datetime": {"datetime": "2024-04-03 23:57:25", "elapsed": 1529.920758, "delta": 13.908657}}
{"target": -129.06603368523858, "params": {"gamma": 0.11762148613899427, "lr": 0.8916110443663231}, "datetime": {"datetime": "2024-04-03 23:57:30", "elapsed": 1534.81649, "delta": 4.895732}}
{"target": -265.93486252403375, "params": {"gamma": 2.7971402786084814, "lr": 0.44730749239585466}, "datetime": {"datetime": "2024-04-03 23:57:36", "elapsed": 1540.410806, "delta": 5.594316}}
{"target": -274.887457541759, "params": {"gamma": 2.979398324330695, "lr": 0.33749684480025044}, "datetime": {"datetime": "2024-04-03 23:57:40", "elapsed": 1544.844983, "delta": 4.434177}}
{"target": -216.97318397893673, "params": {"gamma": 1.542180750267707, "lr": 0.7802544000823856}, "datetime": {"datetime": "2024-04-03 23:57:48", "elapsed": 1552.673384, "delta": 7.828401}}
{"target": -414.2135648539703, "params": {"gamma": 4.5229651243263085, "lr": 0.22955460124911264}, "datetime": {"datetime": "2024-04-03 23:57:54", "elapsed": 1558.482174, "delta": 5.80879}}
{"target": -212.79911819044088, "params": {"gamma": 0.9950671215919813, "lr": 0.12626362360447183}, "datetime": {"datetime": "2024-04-03 23:58:08", "elapsed": 1572.852974, "delta": 14.3708}}
{"target": -130.62557331822413, "params": {"gamma": 0.10777816156432372, "lr": 0.9998847955753675}, "datetime": {"datetime": "2024-04-03 23:58:16", "elapsed": 1580.58815, "delta": 7.735176}}
{"target": -115.61307097970156, "params": {"gamma": 0.4092437529130751, "lr": 0.6465727634747417}, "datetime": {"datetime": "2024-04-03 23:58:25", "elapsed": 1589.91265, "delta": 9.3245}}
