{"target": -547.2152984105528, "params": {"gamma": 4.676032980600331, "lr": 0.6669425431939752}, "datetime": {"datetime": "2024-04-03 23:31:58", "elapsed": 2.792309, "delta": 0.003257}}
{"target": -467.6733924900231, "params": {"gamma": 4.534320887795462, "lr": 0.5257115913414097}, "datetime": {"datetime": "2024-04-03 23:31:58", "elapsed": 2.795574, "delta": 0.003265}}
{"target": -757.6404336163022, "params": {"gamma": 6.586021847542061, "lr": 0.18119538195386165}, "datetime": {"datetime": "2024-04-03 23:31:58", "elapsed": 2.798796, "delta": 0.003222}}
{"target": -855.8268029234016, "params": {"gamma": 7.8807074621719, "lr": 0.6028653375383973}, "datetime": {"datetime": "2024-04-03 23:31:58", "elapsed": 2.8021, "delta": 0.003304}}
{"target": -877.9693898575455, "params": {"gamma": 9.80334851848814, "lr": 0.22238319353117575}, "datetime": {"datetime": "2024-04-03 23:31:58", "elapsed": 2.805595, "delta": 0.003495}}
{"target": -637.6915469281056, "params": {"gamma": 4.663198475191569, "lr": 0.8956418025994466}, "datetime": {"datetime": "2024-04-03 23:31:58", "elapsed": 2.808913, "delta": 0.003318}}
{"target": -746.8225613074906, "params": {"gamma": 6.014732663578183, "lr": 0.725958845848815}, "datetime": {"datetime": "2024-04-03 23:31:58", "elapsed": 2.81217, "delta": 0.003257}}
{"target": -486.71871230179073, "params": {"gamma": 4.137287971849402, "lr": 0.6843096218313198}, "datetime": {"datetime": "2024-04-03 23:31:58", "elapsed": 2.81538, "delta": 0.00321}}
{"target": -866.7172350125684, "params": {"gamma": 9.460604243445784, "lr": 0.20018606573932207}, "datetime": {"datetime": "2024-04-03 23:31:58", "elapsed": 2.818581, "delta": 0.003201}}
{"target": -1168.191071603041, "params": {"gamma": 8.073845273509328, "lr": 0.9695380120998964}, "datetime": {"datetime": "2024-04-03 23:31:58", "elapsed": 2.821762, "delta": 0.003181}}
{"target": -126.91981391508115, "params": {"gamma": 0.146672748901554, "lr": 0.21520958659442757}, "datetime": {"datetime": "2024-04-03 23:31:58", "elapsed": 2.825022, "delta": 0.00326}}
{"target": -176.24986508714903, "params": {"gamma": 1.1746518262109842, "lr": 0.7674235177414532}, "datetime": {"datetime": "2024-04-03 23:31:58", "elapsed": 2.82829, "delta": 0.003268}}
{"target": -162.6241001144082, "params": {"gamma": 0.8130846428413901, "lr": 0.9984135585909075}, "datetime": {"datetime": "2024-04-03 23:31:58", "elapsed": 2.831523, "delta": 0.003233}}
{"target": -559.3272696824371, "params": {"gamma": 3.8967305467771722, "lr": 0.9052027659330404}, "datetime": {"datetime": "2024-04-03 23:31:58", "elapsed": 2.834759, "delta": 0.003236}}
{"target": -182.3231855579928, "params": {"gamma": 1.886587457391179, "lr": 0.44087219982229087}, "datetime": {"datetime": "2024-04-03 23:31:58", "elapsed": 2.838249, "delta": 0.00349}}
{"target": -836.9886893580865, "params": {"gamma": 8.448273378243028, "lr": 0.5952697806732562}, "datetime": {"datetime": "2024-04-03 23:31:58", "elapsed": 2.841582, "delta": 0.003333}}
{"target": -476.3882081812126, "params": {"gamma": 4.6221188088168805, "lr": 0.5126497467571176}, "datetime": {"datetime": "2024-04-03 23:31:58", "elapsed": 2.844815, "delta": 0.003233}}
{"target": -495.61401074611655, "params": {"gamma": 5.739281383396582, "lr": 0.4403192075855932}, "datetime": {"datetime": "2024-04-03 23:31:58", "elapsed": 2.848064, "delta": 0.003249}}
{"target": -416.6762320112015, "params": {"gamma": 1.936396018280381, "lr": 0.11396576145918635}, "datetime": {"datetime": "2024-04-03 23:31:58", "elapsed": 2.851299, "delta": 0.003235}}
{"target": -553.4549697339017, "params": {"gamma": 1.5131280457741099, "lr": 0.0524909638531339}, "datetime": {"datetime": "2024-04-03 23:31:58", "elapsed": 2.854499, "delta": 0.0032}}
{"target": -735.2796640984157, "params": {"gamma": 5.587205434225252, "lr": 0.8477210140360106}, "datetime": {"datetime": "2024-04-03 23:31:58", "elapsed": 2.85761, "delta": 0.003111}}
{"target": -1243.5574230877714, "params": {"gamma": 3.5918342699021832, "lr": 0.07531087263581782}, "datetime": {"datetime": "2024-04-03 23:31:58", "elapsed": 2.860725, "delta": 0.003115}}
{"target": -469.3163702969422, "params": {"gamma": 4.257818395439178, "lr": 0.6020078384720013}, "datetime": {"datetime": "2024-04-03 23:31:58", "elapsed": 2.863873, "delta": 0.003148}}
{"target": -566.2865868639075, "params": {"gamma": 4.254609252290801, "lr": 0.81072123360737}, "datetime": {"datetime": "2024-04-03 23:31:58", "elapsed": 2.86704, "delta": 0.003167}}
{"target": -1238.0064184579426, "params": {"gamma": 9.418920575620866, "lr": 0.8699107732683544}, "datetime": {"datetime": "2024-04-03 23:31:58", "elapsed": 2.870499, "delta": 0.003459}}
{"target": -640.2305659688593, "params": {"gamma": 7.040290983300606, "lr": 0.4702989247821753}, "datetime": {"datetime": "2024-04-03 23:31:58", "elapsed": 2.873978, "delta": 0.003479}}
{"target": -2328.0305917977084, "params": {"gamma": 6.827297730989611, "lr": 0.013418310556529534}, "datetime": {"datetime": "2024-04-03 23:31:58", "elapsed": 2.877236, "delta": 0.003258}}
{"target": -1121.9284176574838, "params": {"gamma": 9.824798706901937, "lr": 0.17207733182889595}, "datetime": {"datetime": "2024-04-03 23:31:58", "elapsed": 2.880536, "delta": 0.0033}}
{"target": -1180.2471592138188, "params": {"gamma": 9.062697699220857, "lr": 0.8071099016661061}, "datetime": {"datetime": "2024-04-03 23:31:58", "elapsed": 2.883771, "delta": 0.003235}}
{"target": -613.4637379465985, "params": {"gamma": 8.00159670418549, "lr": 0.2689360577850649}, "datetime": {"datetime": "2024-04-03 23:31:58", "elapsed": 2.887015, "delta": 0.003244}}
{"target": -205.184528183825, "params": {"gamma": 2.1923189037668234, "lr": 0.42880069291408873}, "datetime": {"datetime": "2024-04-03 23:31:58", "elapsed": 2.890201, "delta": 0.003186}}
{"target": -770.09900116281, "params": {"gamma": 8.493861636205818, "lr": 0.45037964247172024}, "datetime": {"datetime": "2024-04-03 23:31:58", "elapsed": 2.893448, "delta": 0.003247}}
{"target": -825.6643658338687, "params": {"gamma": 9.354265719956611, "lr": 0.352679327251738}, "datetime": {"datetime": "2024-04-03 23:31:58", "elapsed": 2.896777, "delta": 0.003329}}
{"target": -901.6582573439499, "params": {"gamma": 6.194302264801901, "lr": 0.9806990363557802}, "datetime": {"datetime": "2024-04-03 23:31:58", "elapsed": 2.900027, "delta": 0.00325}}
{"target": -2196.4288745328063, "params": {"gamma": 6.434981759885809, "lr": 0.04549821604060378}, "datetime": {"datetime": "2024-04-03 23:31:58", "elapsed": 2.903426, "delta": 0.003399}}
{"target": -416.17129418625376, "params": {"gamma": 4.636107352426167, "lr": 0.3347513437136638}, "datetime": {"datetime": "2024-04-03 23:31:58", "elapsed": 2.906946, "delta": 0.00352}}
{"target": -414.0751055803928, "params": {"gamma": 5.322283303668225, "lr": 0.2847462086131314}, "datetime": {"datetime": "2024-04-03 23:31:58", "elapsed": 2.91018, "delta": 0.003234}}
{"target": -172.27806561922424, "params": {"gamma": 1.223490041069798, "lr": 0.6682889887508018}, "datetime": {"datetime": "2024-04-03 23:31:58", "elapsed": 2.913481, "delta": 0.003301}}
{"target": -902.2238546857824, "params": {"gamma": 6.8139161891581725, "lr": 0.8671392999990885}, "datetime": {"datetime": "2024-04-03 23:31:58", "elapsed": 2.916722, "delta": 0.003241}}
{"target": -193.81434323103414, "params": {"gamma": 1.3246825541338114, "lr": 0.798620308278031}, "datetime": {"datetime": "2024-04-03 23:31:58", "elapsed": 2.919973, "delta": 0.003251}}
{"target": -872.4582519082941, "params": {"gamma": 8.267860615312884, "lr": 0.6465499357511519}, "datetime": {"datetime": "2024-04-03 23:31:58", "elapsed": 2.92324, "delta": 0.003267}}
{"target": -176.98422556210713, "params": {"gamma": 2.0500165356605575, "lr": 0.2614207144058379}, "datetime": {"datetime": "2024-04-03 23:31:58", "elapsed": 2.926424, "delta": 0.003184}}
{"target": -433.10577891835084, "params": {"gamma": 4.185549678574218, "lr": 0.5417990727827313}, "datetime": {"datetime": "2024-04-03 23:31:58", "elapsed": 2.92962, "delta": 0.003196}}
{"target": -438.6020970188501, "params": {"gamma": 4.774902117966579, "lr": 0.4674598920453694}, "datetime": {"datetime": "2024-04-03 23:31:58", "elapsed": 2.932862, "delta": 0.003242}}
{"target": -1106.4438549280253, "params": {"gamma": 8.398567261266477, "lr": 0.8701023653075677}, "datetime": {"datetime": "2024-04-03 23:31:58", "elapsed": 2.936274, "delta": 0.003412}}
{"target": -1090.9742228118291, "params": {"gamma": 8.16772288980329, "lr": 0.8778014186346996}, "datetime": {"datetime": "2024-04-03 23:31:58", "elapsed": 2.939819, "delta": 0.003545}}
{"target": -833.1329155739371, "params": {"gamma": 5.710516610608794, "lr": 0.9640361333390818}, "datetime": {"datetime": "2024-04-03 23:31:58", "elapsed": 2.943235, "delta": 0.003416}}
{"target": -661.8684989114267, "params": {"gamma": 6.065836938156427, "lr": 0.6039477410796814}, "datetime": {"datetime": "2024-04-03 23:31:58", "elapsed": 2.946424, "delta": 0.003189}}
{"target": -381.37111600878205, "params": {"gamma": 3.193658073009114, "lr": 0.681204184117019}, "datetime": {"datetime": "2024-04-03 23:31:58", "elapsed": 2.949614, "delta": 0.00319}}
{"target": -153.23019555641153, "params": {"gamma": 0.5206049193651046, "lr": 0.13454642101194225}, "datetime": {"datetime": "2024-04-03 23:31:58", "elapsed": 2.952821, "delta": 0.003207}}
{"target": -166.8015920282782, "params": {"gamma": 1.303291433560078, "lr": 0.6552012872247357}, "datetime": {"datetime": "2024-04-03 23:31:58", "elapsed": 2.956043, "delta": 0.003222}}
{"target": -176.66255946032658, "params": {"gamma": 1.7541505851216117, "lr": 0.3411468232515472}, "datetime": {"datetime": "2024-04-03 23:31:58", "elapsed": 2.959252, "delta": 0.003209}}
{"target": -114.92130203371168, "params": {"gamma": 0.44407224667521283, "lr": 0.2337343601165106}, "datetime": {"datetime": "2024-04-03 23:31:58", "elapsed": 2.962458, "delta": 0.003206}}
{"target": -977.4487101018412, "params": {"gamma": 9.642279024168092, "lr": 0.5091394025163677}, "datetime": {"datetime": "2024-04-03 23:31:58", "elapsed": 2.965661, "delta": 0.003203}}
{"target": -178.28496919421, "params": {"gamma": 1.5115941101958479, "lr": 0.5230085317344643}, "datetime": {"datetime": "2024-04-03 23:31:58", "elapsed": 2.969105, "delta": 0.003444}}
{"target": -1240.099300982024, "params": {"gamma": 9.435150329726897, "lr": 0.865686014006334}, "datetime": {"datetime": "2024-04-03 23:31:58", "elapsed": 2.972561, "delta": 0.003456}}
{"target": -310.4363787801792, "params": {"gamma": 3.9212666234349385, "lr": 0.28386751597340265}, "datetime": {"datetime": "2024-04-03 23:31:58", "elapsed": 2.975837, "delta": 0.003276}}
{"target": -685.6873430297422, "params": {"gamma": 7.617536897064726, "lr": 0.2404843248030878}, "datetime": {"datetime": "2024-04-03 23:31:58", "elapsed": 2.979033, "delta": 0.003196}}
{"target": -831.3397831213557, "params": {"gamma": 2.5430693142188665, "lr": 0.08408635417992949}, "datetime": {"datetime": "2024-04-03 23:31:58", "elapsed": 2.982274, "delta": 0.003241}}
{"target": -783.3051216551007, "params": {"gamma": 8.641576803545505, "lr": 0.44789891562027984}, "datetime": {"datetime": "2024-04-03 23:31:58", "elapsed": 2.98551, "delta": 0.003236}}
{"target": -696.9589164620686, "params": {"gamma": 5.618300819839127, "lr": 0.7367109576935199}, "datetime": {"datetime": "2024-04-03 23:31:58", "elapsed": 2.98874, "delta": 0.00323}}
{"target": -722.8362375086126, "params": {"gamma": 7.965092182444826, "lr": 0.44750813899031383}, "datetime": {"datetime": "2024-04-03 23:31:58", "elapsed": 2.991954, "delta": 0.003214}}
{"target": -266.3476681642399, "params": {"gamma": 1.8420914342018075, "lr": 0.8287328515283018}, "datetime": {"datetime": "2024-04-03 23:31:58", "elapsed": 2.995106, "delta": 0.003152}}
{"target": -124.83119405017209, "params": {"gamma": 0.3109486003227299, "lr": 0.9467282696079524}, "datetime": {"datetime": "2024-04-03 23:31:58", "elapsed": 2.998269, "delta": 0.003163}}
{"target": -144.17461355646887, "params": {"gamma": 0.001, "lr": 0.0}, "datetime": {"datetime": "2024-04-03 23:32:01", "elapsed": 5.915067, "delta": 2.916798}}
{"target": -307.2111633731994, "params": {"gamma": 3.661306832713564, "lr": 0.3191046957108299}, "datetime": {"datetime": "2024-04-03 23:32:07", "elapsed": 12.132742, "delta": 6.217675}}
{"target": -280.14918931952417, "params": {"gamma": 3.3137004056326695, "lr": 0.31248219107535236}, "datetime": {"datetime": "2024-04-03 23:32:13", "elapsed": 17.567985, "delta": 5.435243}}
{"target": -143.9746718349601, "params": {"gamma": 0.0022228787644699433, "lr": 0.14148569444837}, "datetime": {"datetime": "2024-04-03 23:32:17", "elapsed": 21.826832, "delta": 4.258847}}
{"target": -184.41034880173586, "params": {"gamma": 1.0055696489648782, "lr": 0.9947638410372007}, "datetime": {"datetime": "2024-04-03 23:32:22", "elapsed": 26.80259, "delta": 4.975758}}
{"target": -234.75465619176012, "params": {"gamma": 1.4101733946406414, "lr": 0.9974383139315688}, "datetime": {"datetime": "2024-04-03 23:32:26", "elapsed": 31.189899, "delta": 4.387309}}
{"target": -123.35853267325771, "params": {"gamma": 0.6861744110988447, "lr": 0.6292257940875263}, "datetime": {"datetime": "2024-04-03 23:32:32", "elapsed": 36.848898, "delta": 5.658999}}
{"target": -264.6025066662669, "params": {"gamma": 1.6380465426115112, "lr": 0.9989729317783835}, "datetime": {"datetime": "2024-04-03 23:32:36", "elapsed": 41.234625, "delta": 4.385727}}
{"target": -680.2317775974964, "params": {"gamma": 5.532459911594318, "lr": 0.7020481994531945}, "datetime": {"datetime": "2024-04-03 23:32:38", "elapsed": 42.692367, "delta": 1.457742}}
{"target": -155.46582838848886, "params": {"gamma": 1.4853000029868202, "lr": 0.4066836824442297}, "datetime": {"datetime": "2024-04-03 23:32:39", "elapsed": 44.089092, "delta": 1.396725}}
{"target": -150.97459886771668, "params": {"gamma": 1.1744501421841216, "lr": 0.5120096868977471}, "datetime": {"datetime": "2024-04-03 23:32:44", "elapsed": 48.426314, "delta": 4.337222}}
{"target": -299.0314701148164, "params": {"gamma": 1.3222742635052018, "lr": 0.11633648927288441}, "datetime": {"datetime": "2024-04-03 23:32:48", "elapsed": 53.127277, "delta": 4.700963}}
{"target": -221.55100259091395, "params": {"gamma": 1.7187748652469688, "lr": 0.6743357116969687}, "datetime": {"datetime": "2024-04-03 23:32:53", "elapsed": 57.557782, "delta": 4.430505}}
{"target": -144.17461355646887, "params": {"gamma": 1.8099225977842013, "lr": 0.0}, "datetime": {"datetime": "2024-04-03 23:32:56", "elapsed": 60.893969, "delta": 3.336187}}
{"target": -143.99045378447732, "params": {"gamma": 0.0010842038503966445, "lr": 0.8753932280512451}, "datetime": {"datetime": "2024-04-03 23:32:59", "elapsed": 63.625958, "delta": 2.731989}}
{"target": -116.69361664365512, "params": {"gamma": 1.0055441744279614, "lr": 0.26257496020603854}, "datetime": {"datetime": "2024-04-03 23:33:04", "elapsed": 69.022339, "delta": 5.396381}}
{"target": -144.17461355646887, "params": {"gamma": 0.09570294909106697, "lr": 0.0}, "datetime": {"datetime": "2024-04-03 23:33:08", "elapsed": 73.188491, "delta": 4.166152}}
{"target": -247.7916169896491, "params": {"gamma": 2.7053204845161023, "lr": 0.41382168993361135}, "datetime": {"datetime": "2024-04-03 23:33:12", "elapsed": 76.56925, "delta": 3.380759}}
{"target": -309.74873330880774, "params": {"gamma": 2.195616609602122, "lr": 0.832826239704753}, "datetime": {"datetime": "2024-04-03 23:33:13", "elapsed": 77.965029, "delta": 1.395779}}
{"target": -127.40662459330991, "params": {"gamma": 0.5131523064693128, "lr": 0.8417653652411079}, "datetime": {"datetime": "2024-04-03 23:33:17", "elapsed": 82.172004, "delta": 4.206975}}
{"target": -132.43485442767283, "params": {"gamma": 0.9118340660462275, "lr": 0.548289853478703}, "datetime": {"datetime": "2024-04-03 23:33:20", "elapsed": 84.304293, "delta": 2.132289}}
{"target": -331.69520819958643, "params": {"gamma": 3.559648578954986, "lr": 0.4692779178774388}, "datetime": {"datetime": "2024-04-03 23:33:25", "elapsed": 89.31433, "delta": 5.010037}}
{"target": -330.06324668659323, "params": {"gamma": 1.767171229621821, "lr": 1.0}, "datetime": {"datetime": "2024-04-03 23:33:27", "elapsed": 92.245155, "delta": 2.930825}}
{"target": -424.4486651273249, "params": {"gamma": 4.614963540072418, "lr": 0.487979895010642}, "datetime": {"datetime": "2024-04-03 23:33:29", "elapsed": 93.58917, "delta": 1.344015}}
{"target": -177.69856249582648, "params": {"gamma": 1.0381097589990098, "lr": 0.8988740773915341}, "datetime": {"datetime": "2024-04-03 23:33:36", "elapsed": 101.060573, "delta": 7.471403}}
{"target": -136.1664442686685, "params": {"gamma": 0.5318273578963282, "lr": 0.9949085162672017}, "datetime": {"datetime": "2024-04-03 23:33:39", "elapsed": 103.327053, "delta": 2.26648}}
{"target": -115.10346760045402, "params": {"gamma": 0.38704767316735506, "lr": 0.5909688060788495}, "datetime": {"datetime": "2024-04-03 23:33:44", "elapsed": 108.975554, "delta": 5.648501}}
{"target": -189.04422122026236, "params": {"gamma": 1.8500149533105557, "lr": 0.23713738213410251}, "datetime": {"datetime": "2024-04-03 23:33:50", "elapsed": 114.944965, "delta": 5.969411}}
{"target": -144.26761924824402, "params": {"gamma": 1.2537166170363931, "lr": 0.45498967233416476}, "datetime": {"datetime": "2024-04-03 23:33:55", "elapsed": 119.390168, "delta": 4.445203}}
{"target": -385.2242724234926, "params": {"gamma": 4.9335045282200145, "lr": 0.25146848960585766}, "datetime": {"datetime": "2024-04-03 23:33:59", "elapsed": 124.096975, "delta": 4.706807}}
{"target": -388.27772934591, "params": {"gamma": 3.5895846154245032, "lr": 0.660327533014816}, "datetime": {"datetime": "2024-04-03 23:34:02", "elapsed": 126.434521, "delta": 2.337546}}
{"target": -133.60725883431033, "params": {"gamma": 0.7617731191395586, "lr": 0.6940416620914103}, "datetime": {"datetime": "2024-04-03 23:34:04", "elapsed": 128.740783, "delta": 2.306262}}
{"target": -259.048536978446, "params": {"gamma": 2.879763293947748, "lr": 0.4408877743579479}, "datetime": {"datetime": "2024-04-03 23:34:08", "elapsed": 132.733301, "delta": 3.992518}}
{"target": -124.11137125969756, "params": {"gamma": 0.18480402718902264, "lr": 0.7502587288683276}, "datetime": {"datetime": "2024-04-03 23:34:09", "elapsed": 134.181247, "delta": 1.447946}}
{"target": -302.5918838935784, "params": {"gamma": 1.565160082459536, "lr": 0.13302761090857607}, "datetime": {"datetime": "2024-04-03 23:34:12", "elapsed": 136.623412, "delta": 2.442165}}
{"target": -144.17461355646887, "params": {"gamma": 0.5882370178825482, "lr": 0.0}, "datetime": {"datetime": "2024-04-03 23:34:16", "elapsed": 140.689934, "delta": 4.066522}}
{"target": -120.74915442674312, "params": {"gamma": 1.0981115211708683, "lr": 0.26438227352459753}, "datetime": {"datetime": "2024-04-03 23:34:23", "elapsed": 147.655788, "delta": 6.965854}}
{"target": -146.53833839957025, "params": {"gamma": 0.05280008121202207, "lr": 0.07643879165736733}, "datetime": {"datetime": "2024-04-03 23:34:26", "elapsed": 150.794714, "delta": 3.138926}}
{"target": -173.3489828730893, "params": {"gamma": 0.9100670752025821, "lr": 0.9760895706410455}, "datetime": {"datetime": "2024-04-03 23:34:29", "elapsed": 154.157157, "delta": 3.362443}}
{"target": -132.4747753867007, "params": {"gamma": 0.08633206072671876, "lr": 0.5275962107725242}, "datetime": {"datetime": "2024-04-03 23:34:33", "elapsed": 157.720522, "delta": 3.563365}}
{"target": -146.54752201576463, "params": {"gamma": 0.05293937378390528, "lr": 0.07657875245843104}, "datetime": {"datetime": "2024-04-03 23:34:34", "elapsed": 159.088053, "delta": 1.367531}}
{"target": -333.133976349296, "params": {"gamma": 3.588253294008522, "lr": 0.24760254544221097}, "datetime": {"datetime": "2024-04-03 23:34:40", "elapsed": 165.013573, "delta": 5.92552}}
{"target": -222.46770673352248, "params": {"gamma": 2.707812041450922, "lr": 0.28429672336603173}, "datetime": {"datetime": "2024-04-03 23:34:45", "elapsed": 170.175018, "delta": 5.161445}}
{"target": -236.96094831157194, "params": {"gamma": 2.0733942345471497, "lr": 0.6358920311602675}, "datetime": {"datetime": "2024-04-03 23:34:48", "elapsed": 172.818183, "delta": 2.643165}}
{"target": -142.5659169615912, "params": {"gamma": 0.8829820076520609, "lr": 0.6837588415898936}, "datetime": {"datetime": "2024-04-03 23:34:50", "elapsed": 174.408961, "delta": 1.590778}}
{"target": -132.97700632015793, "params": {"gamma": 0.07827460412026123, "lr": 0.6832489963656524}, "datetime": {"datetime": "2024-04-03 23:34:56", "elapsed": 180.6173, "delta": 6.208339}}
{"target": -315.1767836244271, "params": {"gamma": 3.2168509277100097, "lr": 0.39534525375948537}, "datetime": {"datetime": "2024-04-03 23:35:01", "elapsed": 185.771606, "delta": 5.154306}}
{"target": -117.46967722872832, "params": {"gamma": 0.6623513471933025, "lr": 0.24180478065794503}, "datetime": {"datetime": "2024-04-03 23:35:07", "elapsed": 192.099643, "delta": 6.328037}}
{"target": -158.80416094504693, "params": {"gamma": 0.9907013349834123, "lr": 0.7610699618661859}, "datetime": {"datetime": "2024-04-03 23:35:10", "elapsed": 194.589464, "delta": 2.489821}}
{"target": -113.10620701215412, "params": {"gamma": 0.36883871484289976, "lr": 0.4341010276534176}, "datetime": {"datetime": "2024-04-03 23:35:15", "elapsed": 199.293354, "delta": 4.70389}}
{"target": -461.8923341510486, "params": {"gamma": 5.622730859915053, "lr": 0.32794114250738815}, "datetime": {"datetime": "2024-04-03 23:35:16", "elapsed": 200.869993, "delta": 1.576639}}
{"target": -870.4391786437951, "params": {"gamma": 7.76543352528068, "lr": 0.19624653987318286}, "datetime": {"datetime": "2024-04-03 23:35:18", "elapsed": 202.606633, "delta": 1.73664}}
{"target": -243.76670947860106, "params": {"gamma": 2.534813527068319, "lr": 0.4940009761709253}, "datetime": {"datetime": "2024-04-03 23:35:22", "elapsed": 206.965141, "delta": 4.358508}}
