{"target": -135.1683498952208, "params": {"gamma": 0.2981658769718223, "prior": 1.248368783822906, "rate": 9.272601902288734}, "datetime": {"datetime": "2024-04-12 21:38:48", "elapsed": 5725.145266, "delta": 17.561518}}
{"target": -135.13182251694676, "params": {"gamma": 0.3078416798559553, "prior": 0.9309538552157571, "rate": 10.0}, "datetime": {"datetime": "2024-04-12 21:38:58", "elapsed": 5735.338352, "delta": 10.193086}}
{"target": -135.18025582140112, "params": {"gamma": 0.2871652542040691, "prior": 0.6494090739344178, "rate": 7.264606874450575}, "datetime": {"datetime": "2024-04-12 21:39:05", "elapsed": 5742.576357, "delta": 7.238005}}
{"target": -136.16064587120565, "params": {"gamma": 0.385508188916609, "prior": 3.935744285760811, "rate": 9.140631293323299}, "datetime": {"datetime": "2024-04-12 21:39:21", "elapsed": 5758.059261, "delta": 15.482904}}
{"target": -135.16620616919445, "params": {"gamma": 0.3425351581709555, "prior": 1.1225848359515223, "rate": 8.974493431661857}, "datetime": {"datetime": "2024-04-12 21:39:34", "elapsed": 5770.857581, "delta": 12.79832}}
{"target": -135.14077568990908, "params": {"gamma": 0.33291904473186273, "prior": 1.1360226905808093, "rate": 7.767690435174129}, "datetime": {"datetime": "2024-04-12 21:39:44", "elapsed": 5781.337391, "delta": 10.47981}}
{"target": -135.14324525785506, "params": {"gamma": 0.3307642721608762, "prior": 0.5379703734840253, "rate": 5.074907342801544}, "datetime": {"datetime": "2024-04-12 21:39:55", "elapsed": 5792.159676, "delta": 10.822285}}
{"target": -135.12838137264, "params": {"gamma": 0.32835225447372374, "prior": 0.9109735843914955, "rate": 6.760667068384129}, "datetime": {"datetime": "2024-04-12 21:40:12", "elapsed": 5809.59243, "delta": 17.432754}}
{"target": -135.21558930065783, "params": {"gamma": 0.3210735936825382, "prior": 0.7122441375814841, "rate": 3.962953006223157}, "datetime": {"datetime": "2024-04-12 21:40:35", "elapsed": 5831.820836, "delta": 22.228406}}
{"target": -135.16954710696896, "params": {"gamma": 0.3330358483645497, "prior": 0.44780484196369397, "rate": 4.629751145219739}, "datetime": {"datetime": "2024-04-12 21:40:42", "elapsed": 5839.352599, "delta": 7.531763}}
{"target": -135.14348257181305, "params": {"gamma": 0.30881258476588014, "prior": 0.43659139164718597, "rate": 3.115230343822154}, "datetime": {"datetime": "2024-04-12 21:40:51", "elapsed": 5848.595692, "delta": 9.243093}}
{"target": -135.1563335030665, "params": {"gamma": 0.3202706698680624, "prior": 1.2924623210313466, "rate": 8.237497202482677}, "datetime": {"datetime": "2024-04-12 21:41:05", "elapsed": 5862.762534, "delta": 14.166842}}
{"target": -135.17420550086248, "params": {"gamma": 0.32066882262822943, "prior": 0.6157920544831432, "rate": 7.585116903335164}, "datetime": {"datetime": "2024-04-12 21:41:21", "elapsed": 5877.84871, "delta": 15.086176}}
{"target": -135.15882793894735, "params": {"gamma": 0.34128514329708476, "prior": 0.6506164832328976, "rate": 4.9819768722782865}, "datetime": {"datetime": "2024-04-12 21:41:34", "elapsed": 5891.456797, "delta": 13.608087}}
{"target": -135.26375885488565, "params": {"gamma": 0.3639972121383555, "prior": 0.8321621888272421, "rate": 5.502675394425932}, "datetime": {"datetime": "2024-04-12 21:41:46", "elapsed": 5903.469657, "delta": 12.01286}}
{"target": -135.13567204085112, "params": {"gamma": 0.2994005102432825, "prior": 0.45890280417222873, "rate": 4.34302351701233}, "datetime": {"datetime": "2024-04-12 21:42:04", "elapsed": 5921.469768, "delta": 18.000111}}
{"target": -135.2805449100798, "params": {"gamma": 0.3559589768559059, "prior": 1.0488904378322805, "rate": 5.450849740869572}, "datetime": {"datetime": "2024-04-12 21:42:19", "elapsed": 5935.863499, "delta": 14.393731}}
{"target": -135.11780406711478, "params": {"gamma": 0.3196528464638105, "prior": 1.1551317006949977, "rate": 9.383519468456416}, "datetime": {"datetime": "2024-04-12 21:42:38", "elapsed": 5954.988996, "delta": 19.125497}}
{"target": -135.13027166366916, "params": {"gamma": 0.3305331579825893, "prior": 1.1339283718089754, "rate": 8.832246993908681}, "datetime": {"datetime": "2024-04-12 21:42:58", "elapsed": 5975.55329, "delta": 20.564294}}
{"target": -135.1204149718817, "params": {"gamma": 0.3211026569095886, "prior": 0.9917104108221961, "rate": 9.171672083976116}, "datetime": {"datetime": "2024-04-12 21:43:18", "elapsed": 5995.229273, "delta": 19.675983}}
{"target": -135.13553028440856, "params": {"gamma": 0.306324432300336, "prior": 1.2493872619337754, "rate": 9.678767255753659}, "datetime": {"datetime": "2024-04-12 21:43:26", "elapsed": 6002.912821, "delta": 7.683548}}
{"target": -135.11744061750642, "params": {"gamma": 0.3204117345810092, "prior": 1.077819043271826, "rate": 9.397982587900787}, "datetime": {"datetime": "2024-04-12 21:43:40", "elapsed": 6017.750439, "delta": 14.837618}}
{"target": -135.15044423716725, "params": {"gamma": 0.30045077670996445, "prior": 0.840559238705902, "rate": 6.571828568666617}, "datetime": {"datetime": "2024-04-12 21:43:58", "elapsed": 6035.152507, "delta": 17.402068}}
{"target": -135.2476226316566, "params": {"gamma": 0.27575285193784693, "prior": 0.2908121852893615, "rate": 3.8212430232963635}, "datetime": {"datetime": "2024-04-12 21:44:10", "elapsed": 6047.491448, "delta": 12.338941}}
{"target": -135.2217447932428, "params": {"gamma": 0.35460494371165574, "prior": 0.29170053442820765, "rate": 1.8153787822221923}, "datetime": {"datetime": "2024-04-12 21:44:22", "elapsed": 6059.514753, "delta": 12.023305}}
{"target": -135.11612179227433, "params": {"gamma": 0.31644412311224535, "prior": 0.8515187036517199, "rate": 7.7513370887694}, "datetime": {"datetime": "2024-04-12 21:44:36", "elapsed": 6073.239046, "delta": 13.724293}}
{"target": -135.1262266477615, "params": {"gamma": 0.32486994063063374, "prior": 0.9932890868808537, "rate": 7.271353900867251}, "datetime": {"datetime": "2024-04-12 21:44:47", "elapsed": 6084.361624, "delta": 11.122578}}
{"target": -135.12307197295684, "params": {"gamma": 0.3246065148645644, "prior": 1.1158756606723277, "rate": 8.532018683082148}, "datetime": {"datetime": "2024-04-12 21:45:05", "elapsed": 6102.265494, "delta": 17.90387}}
{"target": -135.2694983253106, "params": {"gamma": 0.3311595959319944, "prior": 1.5379467735572492, "rate": 7.640325558473169}, "datetime": {"datetime": "2024-04-12 21:45:28", "elapsed": 6124.831068, "delta": 22.565574}}
{"target": -135.16854999631843, "params": {"gamma": 0.3313978619232364, "prior": 0.5470730379190231, "rate": 5.781256182348045}, "datetime": {"datetime": "2024-04-12 21:45:36", "elapsed": 6132.926007, "delta": 8.094939}}
{"target": -135.17868060162047, "params": {"gamma": 0.33560448717991664, "prior": 0.8124395183068593, "rate": 8.354516191501652}, "datetime": {"datetime": "2024-04-12 21:45:46", "elapsed": 6142.956007, "delta": 10.03}}
{"target": -135.12447503972396, "params": {"gamma": 0.31561491939566627, "prior": 1.2816936202569729, "rate": 9.66788206220488}, "datetime": {"datetime": "2024-04-12 21:45:53", "elapsed": 6150.576061, "delta": 7.620054}}
{"target": -135.1494821980945, "params": {"gamma": 0.3299724114003419, "prior": 1.260321014704673, "rate": 8.179574123598178}, "datetime": {"datetime": "2024-04-12 21:46:08", "elapsed": 6164.99162, "delta": 14.415559}}
{"target": -135.12209470050692, "params": {"gamma": 0.32432034481581273, "prior": 1.2876359861684135, "rate": 10.0}, "datetime": {"datetime": "2024-04-12 21:46:22", "elapsed": 6179.574121, "delta": 14.582501}}
{"target": -135.1204094876412, "params": {"gamma": 0.31335140290161145, "prior": 0.973568937581274, "rate": 9.483728709645233}, "datetime": {"datetime": "2024-04-12 21:46:41", "elapsed": 6197.891961, "delta": 18.31784}}
{"target": -135.12315918664711, "params": {"gamma": 0.3255556737061936, "prior": 0.7458438167137279, "rate": 6.421067167417418}, "datetime": {"datetime": "2024-04-12 21:46:55", "elapsed": 6211.948858, "delta": 14.056897}}
{"target": -135.17599382066848, "params": {"gamma": 0.3275771450473139, "prior": 1.4927757909969974, "rate": 8.94305508817219}, "datetime": {"datetime": "2024-04-12 21:47:06", "elapsed": 6223.718553, "delta": 11.769695}}
{"target": -135.2212349555114, "params": {"gamma": 0.3549629101281212, "prior": 0.5225503577479295, "rate": 3.293110338052592}, "datetime": {"datetime": "2024-04-12 21:47:25", "elapsed": 6241.866964, "delta": 18.148411}}
{"target": -135.17526990142727, "params": {"gamma": 0.3423580624637482, "prior": 1.2417850895813451, "rate": 7.891312321049947}, "datetime": {"datetime": "2024-04-12 21:47:40", "elapsed": 6256.924785, "delta": 15.057821}}
{"target": -135.1568017513547, "params": {"gamma": 0.30153448596166155, "prior": 0.7202054333908813, "rate": 8.863469208362089}, "datetime": {"datetime": "2024-04-12 21:47:59", "elapsed": 6275.938957, "delta": 19.014172}}
{"target": -135.143417991889, "params": {"gamma": 0.33578194795639893, "prior": 0.4394587246357087, "rate": 3.103615118688717}, "datetime": {"datetime": "2024-04-12 21:48:06", "elapsed": 6283.506069, "delta": 7.567112}}
{"target": -135.13960463393485, "params": {"gamma": 0.3132185544320833, "prior": 0.930309903255772, "rate": 6.470984181718776}, "datetime": {"datetime": "2024-04-12 21:48:25", "elapsed": 6302.279618, "delta": 18.773549}}
{"target": -135.16907579132408, "params": {"gamma": 0.3289397755534601, "prior": 1.2129268170059067, "rate": 7.395641842272974}, "datetime": {"datetime": "2024-04-12 21:48:38", "elapsed": 6315.561049, "delta": 13.281431}}
{"target": -135.12585092923612, "params": {"gamma": 0.3144261790280691, "prior": 0.7058177671889285, "rate": 7.1967330626432755}, "datetime": {"datetime": "2024-04-12 21:48:55", "elapsed": 6332.526995, "delta": 16.965946}}
{"target": -135.1266821589908, "params": {"gamma": 0.31749156022543196, "prior": 0.8081182290312591, "rate": 5.912824734618997}, "datetime": {"datetime": "2024-04-12 21:49:06", "elapsed": 6343.445632, "delta": 10.918637}}
{"target": -135.1165181137233, "params": {"gamma": 0.31409646845755784, "prior": 1.090722628894134, "rate": 9.324030535746402}, "datetime": {"datetime": "2024-04-12 21:49:23", "elapsed": 6359.878822, "delta": 16.43319}}
{"target": -135.20995861080908, "params": {"gamma": 0.3227405388070098, "prior": 1.6967759508470333, "rate": 9.502339816468874}, "datetime": {"datetime": "2024-04-12 21:49:30", "elapsed": 6367.551719, "delta": 7.672897}}
{"target": -135.2018342590707, "params": {"gamma": 0.3441899829876309, "prior": 1.5914793450455775, "rate": 9.364349076182672}, "datetime": {"datetime": "2024-04-12 21:49:49", "elapsed": 6385.797371, "delta": 18.245652}}
{"target": -135.14379440655134, "params": {"gamma": 0.3075931330569245, "prior": 1.113700909647114, "rate": 8.05498174117189}, "datetime": {"datetime": "2024-04-12 21:50:06", "elapsed": 6403.35366, "delta": 17.556289}}
{"target": -135.17825626127572, "params": {"gamma": 0.29679155360746956, "prior": 1.1211332220990111, "rate": 8.170452087686684}, "datetime": {"datetime": "2024-04-12 21:50:24", "elapsed": 6421.707339, "delta": 18.353679}}
{"target": -135.21834804862985, "params": {"gamma": 0.280951896340625, "prior": 0.892218233956764, "rate": 8.087874028262918}, "datetime": {"datetime": "2024-04-12 21:50:35", "elapsed": 6432.2302, "delta": 10.522861}}
{"target": -135.1288128185883, "params": {"gamma": 0.3235917938489858, "prior": 0.8227397238406191, "rate": 7.902559772368845}, "datetime": {"datetime": "2024-04-12 21:50:51", "elapsed": 6447.914942, "delta": 15.684742}}
{"target": -135.14026030091307, "params": {"gamma": 0.3298140514538175, "prior": 1.3326727267739311, "rate": 8.962992568092401}, "datetime": {"datetime": "2024-04-12 21:51:12", "elapsed": 6469.670683, "delta": 21.755741}}
{"target": -135.11946619368499, "params": {"gamma": 0.3205462855322285, "prior": 0.6821612974841252, "rate": 5.369815694293327}, "datetime": {"datetime": "2024-04-12 21:51:24", "elapsed": 6480.923556, "delta": 11.252873}}
{"target": -135.12376462767466, "params": {"gamma": 0.31233082240640847, "prior": 0.6867021233725707, "rate": 5.37780782059921}, "datetime": {"datetime": "2024-04-12 21:51:43", "elapsed": 6500.392131, "delta": 19.468575}}
{"target": -135.12789844761804, "params": {"gamma": 0.3195827239543517, "prior": 0.831466947054805, "rate": 5.970998036585329}, "datetime": {"datetime": "2024-04-12 21:52:00", "elapsed": 6517.364766, "delta": 16.972635}}
{"target": -135.26353588650306, "params": {"gamma": 0.3283518163981516, "prior": 1.8344275759131854, "rate": 9.22160298747372}, "datetime": {"datetime": "2024-04-12 21:52:14", "elapsed": 6531.097604, "delta": 13.732838}}
{"target": -135.13098818186987, "params": {"gamma": 0.30385186726389907, "prior": 0.7366414176478135, "rate": 7.6015991962707385}, "datetime": {"datetime": "2024-04-12 21:52:30", "elapsed": 6547.043629, "delta": 15.946025}}
{"target": -135.13420710653497, "params": {"gamma": 0.31229739954994085, "prior": 0.7246182135043586, "rate": 7.899027758463317}, "datetime": {"datetime": "2024-04-12 21:52:44", "elapsed": 6561.765302, "delta": 14.721673}}
{"target": -135.11986370850104, "params": {"gamma": 0.3223582953619604, "prior": 0.8158393028294064, "rate": 6.470352569102523}, "datetime": {"datetime": "2024-04-12 21:52:57", "elapsed": 6574.733815, "delta": 12.968513}}
{"target": -135.20578744083545, "params": {"gamma": 0.327453297209934, "prior": 1.5969050817959711, "rate": 8.94438627523351}, "datetime": {"datetime": "2024-04-12 21:53:14", "elapsed": 6591.525596, "delta": 16.791781}}
{"target": -135.1324519960307, "params": {"gamma": 0.3307803922043722, "prior": 1.2986239804058775, "rate": 9.504422761698743}, "datetime": {"datetime": "2024-04-12 21:53:31", "elapsed": 6607.82279, "delta": 16.297194}}
{"target": -135.12114402446304, "params": {"gamma": 0.308475559977481, "prior": 0.80789018026994, "rate": 6.970773521242216}, "datetime": {"datetime": "2024-04-12 21:53:49", "elapsed": 6626.439193, "delta": 18.616403}}
{"target": -135.1221224946825, "params": {"gamma": 0.3254429271378018, "prior": 0.8753495172416689, "rate": 7.1741633250364485}, "datetime": {"datetime": "2024-04-12 21:54:04", "elapsed": 6641.719585, "delta": 15.280392}}
{"target": -135.11945149900214, "params": {"gamma": 0.31547066102732113, "prior": 1.1445345736046033, "rate": 9.125558532953308}, "datetime": {"datetime": "2024-04-12 21:54:18", "elapsed": 6654.926775, "delta": 13.20719}}
{"target": -135.24192003957396, "params": {"gamma": 0.35574166980594973, "prior": 0.2659624284927984, "rate": 2.2407148117236586}, "datetime": {"datetime": "2024-04-12 21:54:32", "elapsed": 6669.679304, "delta": 14.752529}}
{"target": -135.12105000918504, "params": {"gamma": 0.32283820053977774, "prior": 1.2327606004423366, "rate": 9.581573624653016}, "datetime": {"datetime": "2024-04-12 21:54:57", "elapsed": 6694.708403, "delta": 25.029099}}
{"target": -135.1199137715028, "params": {"gamma": 0.3156086160831018, "prior": 0.4805367249602842, "rate": 4.625892360577741}, "datetime": {"datetime": "2024-04-12 21:55:13", "elapsed": 6710.764876, "delta": 16.056473}}
{"target": -135.16853022989378, "params": {"gamma": 0.33572261084053007, "prior": 1.5310503732220457, "rate": 9.493502640604046}, "datetime": {"datetime": "2024-04-12 21:55:24", "elapsed": 6721.627976, "delta": 10.8631}}
{"target": -135.15576759030384, "params": {"gamma": 0.3011905364285325, "prior": 0.4820212224760526, "rate": 5.888353739151577}, "datetime": {"datetime": "2024-04-12 21:55:55", "elapsed": 6752.12215, "delta": 30.494174}}
{"target": -135.17014024337396, "params": {"gamma": 0.29141533052754004, "prior": 0.30657068551268896, "rate": 3.627203439247573}, "datetime": {"datetime": "2024-04-12 21:56:16", "elapsed": 6773.594551, "delta": 21.472401}}
{"target": -135.1211740887967, "params": {"gamma": 0.3126430171874251, "prior": 0.9960481583046098, "rate": 9.786548970503462}, "datetime": {"datetime": "2024-04-12 21:56:36", "elapsed": 6793.582043, "delta": 19.987492}}
{"target": -135.26590584568928, "params": {"gamma": 0.33651357957714567, "prior": 1.7254409059123201, "rate": 8.606751174185135}, "datetime": {"datetime": "2024-04-12 21:56:52", "elapsed": 6809.037184, "delta": 15.455141}}
{"target": -135.1443604450192, "params": {"gamma": 0.33126650142937697, "prior": 0.5901154614473748, "rate": 5.554000795876949}, "datetime": {"datetime": "2024-04-12 21:57:01", "elapsed": 6818.064566, "delta": 9.027382}}
{"target": -135.22009595713146, "params": {"gamma": 0.33165075686318773, "prior": 1.1662358292233943, "rate": 6.3266778322573805}, "datetime": {"datetime": "2024-04-12 21:57:25", "elapsed": 6841.895038, "delta": 23.830472}}
{"target": -135.13905272550804, "params": {"gamma": 0.3051112874434301, "prior": 0.8443488005578096, "rate": 9.48391663509221}, "datetime": {"datetime": "2024-04-12 21:57:39", "elapsed": 6856.721276, "delta": 14.826238}}
{"target": -135.13961472455392, "params": {"gamma": 0.3101933547009562, "prior": 0.5347518313745934, "rate": 6.060633363262978}, "datetime": {"datetime": "2024-04-12 21:57:57", "elapsed": 6873.902578, "delta": 17.181302}}
{"target": -135.11568562661546, "params": {"gamma": 0.31582529784605273, "prior": 1.0966646294922617, "rate": 9.628895855267128}, "datetime": {"datetime": "2024-04-12 21:58:13", "elapsed": 6890.760014, "delta": 16.857436}}
{"target": -135.1190885536798, "params": {"gamma": 0.3222631159143233, "prior": 1.1473689740667483, "rate": 9.308052541158089}, "datetime": {"datetime": "2024-04-12 21:58:37", "elapsed": 6913.885638, "delta": 23.125624}}
{"target": -135.14512593481388, "params": {"gamma": 0.30192593903472076, "prior": 0.3598488527526875, "rate": 4.139713113043393}, "datetime": {"datetime": "2024-04-12 21:58:53", "elapsed": 6930.758728, "delta": 16.87309}}
{"target": -135.1401521053263, "params": {"gamma": 0.29831189455694634, "prior": 0.48743726357770123, "rate": 4.399033533773178}, "datetime": {"datetime": "2024-04-12 21:59:23", "elapsed": 6959.892333, "delta": 29.133605}}
{"target": -135.14478174915757, "params": {"gamma": 0.3005337586259828, "prior": 0.8484979586117152, "rate": 9.60068466538339}, "datetime": {"datetime": "2024-04-12 21:59:32", "elapsed": 6969.169368, "delta": 9.277035}}
{"target": -135.13410499537778, "params": {"gamma": 0.31305671313019157, "prior": 0.8341774058802383, "rate": 9.062389713785493}, "datetime": {"datetime": "2024-04-12 21:59:54", "elapsed": 6991.586687, "delta": 22.417319}}
{"target": -135.1617075152569, "params": {"gamma": 0.342113599900707, "prior": 1.1179677793953966, "rate": 8.54590277911982}, "datetime": {"datetime": "2024-04-12 22:00:14", "elapsed": 7011.598031, "delta": 20.011344}}
{"target": -135.20804146488314, "params": {"gamma": 0.2931937887919464, "prior": 0.5529009408347603, "rate": 3.837141423454075}, "datetime": {"datetime": "2024-04-12 22:00:31", "elapsed": 7028.538748, "delta": 16.940717}}
{"target": -135.2209789907849, "params": {"gamma": 0.3156327220428146, "prior": 0.7382853449039711, "rate": 4.149023053394052}, "datetime": {"datetime": "2024-04-12 22:00:44", "elapsed": 7041.090448, "delta": 12.5517}}
{"target": -135.15693687061173, "params": {"gamma": 0.3396295241053881, "prior": 0.8670787218236681, "rate": 7.085585383919706}, "datetime": {"datetime": "2024-04-12 22:01:10", "elapsed": 7066.790004, "delta": 25.699556}}
{"target": -135.13752126937294, "params": {"gamma": 0.3213869498896534, "prior": 1.2931887233057338, "rate": 8.732265282005484}, "datetime": {"datetime": "2024-04-12 22:01:33", "elapsed": 7090.620196, "delta": 23.830192}}
{"target": -135.29589205415945, "params": {"gamma": 0.3295894466982556, "prior": 1.660838944782933, "rate": 7.96410372441706}, "datetime": {"datetime": "2024-04-12 22:01:46", "elapsed": 7103.608762, "delta": 12.988566}}
{"target": -135.12235349747718, "params": {"gamma": 0.32558511187175504, "prior": 0.904360469964189, "rate": 7.3098046103565135}, "datetime": {"datetime": "2024-04-12 22:02:11", "elapsed": 7128.492804, "delta": 24.884042}}
{"target": -135.13435834467228, "params": {"gamma": 0.32846467843763716, "prior": 1.3251656435436925, "rate": 9.148334435516437}, "datetime": {"datetime": "2024-04-12 22:02:26", "elapsed": 7143.74537, "delta": 15.252566}}
{"target": -135.1298946247633, "params": {"gamma": 0.32150580033530024, "prior": 0.677255953985998, "rate": 6.7207717058122025}, "datetime": {"datetime": "2024-04-12 22:02:46", "elapsed": 7163.497769, "delta": 19.752399}}
{"target": -135.12661822794726, "params": {"gamma": 0.3216514470725602, "prior": 0.4180032497469956, "rate": 3.0217859449789715}, "datetime": {"datetime": "2024-04-12 22:02:58", "elapsed": 7175.181965, "delta": 11.684196}}
{"target": -135.14664053486084, "params": {"gamma": 0.3364481183760354, "prior": 0.25490653254008977, "rate": 2.096495132792458}, "datetime": {"datetime": "2024-04-12 22:03:16", "elapsed": 7192.793052, "delta": 17.611087}}
{"target": -135.13290513994716, "params": {"gamma": 0.3133619963722086, "prior": 0.5481829996727422, "rate": 3.9588519595033826}, "datetime": {"datetime": "2024-04-12 22:03:30", "elapsed": 7207.288933, "delta": 14.495881}}
{"target": -135.14609071252158, "params": {"gamma": 0.33739468138509415, "prior": 0.8080709761166007, "rate": 6.016543609010113}, "datetime": {"datetime": "2024-04-12 22:03:56", "elapsed": 7233.089367, "delta": 25.800434}}
{"target": -135.12215812168012, "params": {"gamma": 0.32053548028911394, "prior": 1.1055846066403838, "rate": 8.368535294445008}, "datetime": {"datetime": "2024-04-12 22:04:06", "elapsed": 7243.382196, "delta": 10.292829}}
{"target": -135.13131034573166, "params": {"gamma": 0.30519221647751743, "prior": 0.7575009996172016, "rate": 7.975375646712453}, "datetime": {"datetime": "2024-04-12 22:04:28", "elapsed": 7265.202398, "delta": 21.820202}}
{"target": -135.13304111182964, "params": {"gamma": 0.33187160094856544, "prior": 0.6540265659641037, "rate": 5.1890950919665615}, "datetime": {"datetime": "2024-04-12 22:04:42", "elapsed": 7279.245032, "delta": 14.042634}}
