{"target": -492.1629198780425, "params": {"gamma": 4.903044972676658, "lr": 0.5991103076458784}, "datetime": {"datetime": "2024-04-03 23:31:56", "elapsed": 0.304287, "delta": 0.002813}}
{"target": -125.63471530101431, "params": {"gamma": 0.15631722223280642, "lr": 0.5934814081966372}, "datetime": {"datetime": "2024-04-03 23:31:56", "elapsed": 0.30713, "delta": 0.002843}}
{"target": -576.7981513376922, "params": {"gamma": 4.337329813545594, "lr": 0.8073605288848414}, "datetime": {"datetime": "2024-04-03 23:31:56", "elapsed": 0.309687, "delta": 0.002557}}
{"target": -440.41707461280174, "params": {"gamma": 3.153132786150634, "lr": 0.8928887085251513}, "datetime": {"datetime": "2024-04-03 23:31:56", "elapsed": 0.312251, "delta": 0.002564}}
{"target": -653.0688252424749, "params": {"gamma": 5.778994295630071, "lr": 0.18401020162746506}, "datetime": {"datetime": "2024-04-03 23:31:56", "elapsed": 0.314779, "delta": 0.002528}}
{"target": -855.6981555217363, "params": {"gamma": 7.8795044090212185, "lr": 0.6120311770449339}, "datetime": {"datetime": "2024-04-03 23:31:56", "elapsed": 0.317333, "delta": 0.002554}}
{"target": -111.49182310755486, "params": {"gamma": 0.5400388114654558, "lr": 0.4201936800011322}, "datetime": {"datetime": "2024-04-03 23:31:56", "elapsed": 0.319933, "delta": 0.0026}}
{"target": -986.2337561597526, "params": {"gamma": 6.791009296817731, "lr": 0.9186017779775258}, "datetime": {"datetime": "2024-04-03 23:31:56", "elapsed": 0.322488, "delta": 0.002555}}
{"target": -143.35092404151115, "params": {"gamma": 0.005019846888682974, "lr": 0.9767591490310596}, "datetime": {"datetime": "2024-04-03 23:31:56", "elapsed": 0.325046, "delta": 0.002558}}
{"target": -558.603340277969, "params": {"gamma": 3.766426567142999, "lr": 0.9737835383583225}, "datetime": {"datetime": "2024-04-03 23:31:56", "elapsed": 0.327675, "delta": 0.002629}}
{"target": -800.8158756157623, "params": {"gamma": 6.047556293639557, "lr": 0.828845807980693}, "datetime": {"datetime": "2024-04-03 23:31:56", "elapsed": 0.330286, "delta": 0.002611}}
{"target": -610.7658455797215, "params": {"gamma": 5.747540335576315, "lr": 0.6280761983073504}, "datetime": {"datetime": "2024-04-03 23:31:56", "elapsed": 0.332882, "delta": 0.002596}}
{"target": -296.1163697993724, "params": {"gamma": 2.8564772406752437, "lr": 0.586833340656083}, "datetime": {"datetime": "2024-04-03 23:31:56", "elapsed": 0.335638, "delta": 0.002756}}
{"target": -990.6810248482267, "params": {"gamma": 7.500467615262897, "lr": 0.8583138364290424}, "datetime": {"datetime": "2024-04-03 23:31:56", "elapsed": 0.338516, "delta": 0.002878}}
{"target": -871.4246891547275, "params": {"gamma": 7.551066802488335, "lr": 0.698057248447303}, "datetime": {"datetime": "2024-04-03 23:31:56", "elapsed": 0.341229, "delta": 0.002713}}
{"target": -701.8749636723014, "params": {"gamma": 8.644929821115943, "lr": 0.32268099683674645}, "datetime": {"datetime": "2024-04-03 23:31:56", "elapsed": 0.343933, "delta": 0.002704}}
{"target": -610.5935827921945, "params": {"gamma": 6.708217119085085, "lr": 0.45087393641334916}, "datetime": {"datetime": "2024-04-03 23:31:56", "elapsed": 0.346573, "delta": 0.00264}}
{"target": -339.5252854277965, "params": {"gamma": 3.8216454175631407, "lr": 0.4108113499221856}, "datetime": {"datetime": "2024-04-03 23:31:56", "elapsed": 0.349131, "delta": 0.002558}}
{"target": -334.94591844354755, "params": {"gamma": 4.015394355111937, "lr": 0.3173839459582769}, "datetime": {"datetime": "2024-04-03 23:31:56", "elapsed": 0.351796, "delta": 0.002665}}
{"target": -535.972860543683, "params": {"gamma": 6.219571759835095, "lr": 0.43024727082126435}, "datetime": {"datetime": "2024-04-03 23:31:56", "elapsed": 0.354481, "delta": 0.002685}}
{"target": -1118.4615188438179, "params": {"gamma": 9.738046977194596, "lr": 0.6778008914343111}, "datetime": {"datetime": "2024-04-03 23:31:56", "elapsed": 0.357062, "delta": 0.002581}}
{"target": -191.56779746524327, "params": {"gamma": 1.9865003143826816, "lr": 0.4267010093480328}, "datetime": {"datetime": "2024-04-03 23:31:56", "elapsed": 0.359733, "delta": 0.002671}}
{"target": -435.0049062413052, "params": {"gamma": 3.4341190515044557, "lr": 0.7976388039585666}, "datetime": {"datetime": "2024-04-03 23:31:56", "elapsed": 0.362298, "delta": 0.002565}}
{"target": -1233.9728221299374, "params": {"gamma": 8.800102887345755, "lr": 0.903841955826372}, "datetime": {"datetime": "2024-04-03 23:31:56", "elapsed": 0.364937, "delta": 0.002639}}
{"target": -511.1438300840325, "params": {"gamma": 6.627535403940247, "lr": 0.2702082620297578}, "datetime": {"datetime": "2024-04-03 23:31:56", "elapsed": 0.367595, "delta": 0.002658}}
{"target": -348.71988449840654, "params": {"gamma": 2.5244146483443926, "lr": 0.8548979426974024}, "datetime": {"datetime": "2024-04-03 23:31:56", "elapsed": 0.370471, "delta": 0.002876}}
{"target": -696.5211896251242, "params": {"gamma": 5.277618748441158, "lr": 0.8021610840045981}, "datetime": {"datetime": "2024-04-03 23:31:56", "elapsed": 0.373272, "delta": 0.002801}}
{"target": -709.8192085382367, "params": {"gamma": 5.725312683398872, "lr": 0.7331425252875111}, "datetime": {"datetime": "2024-04-03 23:31:56", "elapsed": 0.375931, "delta": 0.002659}}
{"target": -633.909694086114, "params": {"gamma": 5.190597263013095, "lr": 0.770883910501888}, "datetime": {"datetime": "2024-04-03 23:31:56", "elapsed": 0.378554, "delta": 0.002623}}
{"target": -519.7656806598851, "params": {"gamma": 5.689011049056451, "lr": 0.4657098785919809}, "datetime": {"datetime": "2024-04-03 23:31:56", "elapsed": 0.381177, "delta": 0.002623}}
{"target": -1188.6279761633896, "params": {"gamma": 3.4275463906248644, "lr": 0.06820934841670412}, "datetime": {"datetime": "2024-04-03 23:31:56", "elapsed": 0.38382, "delta": 0.002643}}
{"target": -1306.4594136053474, "params": {"gamma": 3.7798638691016704, "lr": 0.07962607769825236}, "datetime": {"datetime": "2024-04-03 23:31:56", "elapsed": 0.386442, "delta": 0.002622}}
{"target": -1122.309738894024, "params": {"gamma": 9.82818832019072, "lr": 0.18161285133076377}, "datetime": {"datetime": "2024-04-03 23:31:56", "elapsed": 0.389031, "delta": 0.002589}}
{"target": -1070.3747432750945, "params": {"gamma": 8.118775118507678, "lr": 0.8749616449558981}, "datetime": {"datetime": "2024-04-03 23:31:56", "elapsed": 0.391641, "delta": 0.00261}}
{"target": -704.5265233927206, "params": {"gamma": 6.884444110607048, "lr": 0.5694944127453757}, "datetime": {"datetime": "2024-04-03 23:31:56", "elapsed": 0.394188, "delta": 0.002547}}
{"target": -169.58362115507643, "params": {"gamma": 1.610553396719272, "lr": 0.4668800227633063}, "datetime": {"datetime": "2024-04-03 23:31:56", "elapsed": 0.39673, "delta": 0.002542}}
{"target": -321.4508646285213, "params": {"gamma": 3.452375339500995, "lr": 0.2250399578140846}, "datetime": {"datetime": "2024-04-03 23:31:56", "elapsed": 0.399349, "delta": 0.002619}}
{"target": -485.9000700125186, "params": {"gamma": 5.925526175789202, "lr": 0.31226983770191696}, "datetime": {"datetime": "2024-04-03 23:31:56", "elapsed": 0.402062, "delta": 0.002713}}
{"target": -1322.7780957329971, "params": {"gamma": 9.163139229130039, "lr": 0.9096355249515571}, "datetime": {"datetime": "2024-04-03 23:31:56", "elapsed": 0.404868, "delta": 0.002806}}
{"target": -650.3852351815874, "params": {"gamma": 2.57192581952818, "lr": 0.1108913007440292}, "datetime": {"datetime": "2024-04-03 23:31:56", "elapsed": 0.407638, "delta": 0.00277}}
{"target": -194.2875376943742, "params": {"gamma": 1.9304343574591094, "lr": 0.49958417067888605}, "datetime": {"datetime": "2024-04-03 23:31:56", "elapsed": 0.410179, "delta": 0.002541}}
{"target": -671.0691412541142, "params": {"gamma": 7.286128094077989, "lr": 0.20819443840879148}, "datetime": {"datetime": "2024-04-03 23:31:56", "elapsed": 0.412721, "delta": 0.002542}}
{"target": -343.34692017041056, "params": {"gamma": 2.48108755021393, "lr": 0.851671874936367}, "datetime": {"datetime": "2024-04-03 23:31:56", "elapsed": 0.41528, "delta": 0.002559}}
{"target": -458.8498677393436, "params": {"gamma": 4.159071333957006, "lr": 0.6166850671552362}, "datetime": {"datetime": "2024-04-03 23:31:56", "elapsed": 0.417854, "delta": 0.002574}}
{"target": -594.7812760876711, "params": {"gamma": 2.3374277262532615, "lr": 0.10196725942579743}, "datetime": {"datetime": "2024-04-03 23:31:56", "elapsed": 0.42043, "delta": 0.002576}}
{"target": -472.66226067951374, "params": {"gamma": 5.159054312668331, "lr": 0.47714098704978236}, "datetime": {"datetime": "2024-04-03 23:31:56", "elapsed": 0.42302, "delta": 0.00259}}
{"target": -189.94160789661362, "params": {"gamma": 1.5275637692875392, "lr": 0.6218062317404155}, "datetime": {"datetime": "2024-04-03 23:31:56", "elapsed": 0.425576, "delta": 0.002556}}
{"target": -578.9592542297528, "params": {"gamma": 5.440557178020568, "lr": 0.6541373469707443}, "datetime": {"datetime": "2024-04-03 23:31:56", "elapsed": 0.428271, "delta": 0.002695}}
{"target": -203.8923876515089, "params": {"gamma": 1.4463108557064734, "lr": 0.7515278171352439}, "datetime": {"datetime": "2024-04-03 23:31:56", "elapsed": 0.430827, "delta": 0.002556}}
{"target": -242.23280586375247, "params": {"gamma": 2.221269348859427, "lr": 0.519351824366033}, "datetime": {"datetime": "2024-04-03 23:31:56", "elapsed": 0.433396, "delta": 0.002569}}
{"target": -2672.185306180975, "params": {"gamma": 7.853174986187969, "lr": 0.02233042799180618}, "datetime": {"datetime": "2024-04-03 23:31:56", "elapsed": 0.436218, "delta": 0.002822}}
{"target": -444.2760314352173, "params": {"gamma": 3.2443002348021386, "lr": 0.872922376400111}, "datetime": {"datetime": "2024-04-03 23:31:56", "elapsed": 0.439139, "delta": 0.002921}}
{"target": -857.9916225677107, "params": {"gamma": 8.447251366413093, "lr": 0.5384405925945437}, "datetime": {"datetime": "2024-04-03 23:31:56", "elapsed": 0.441833, "delta": 0.002694}}
{"target": -1252.2508962051452, "params": {"gamma": 8.666216133390963, "lr": 0.9498059913536265}, "datetime": {"datetime": "2024-04-03 23:31:56", "elapsed": 0.444393, "delta": 0.00256}}
{"target": -1076.052081739288, "params": {"gamma": 8.264243569295784, "lr": 0.8541154438365387}, "datetime": {"datetime": "2024-04-03 23:31:56", "elapsed": 0.447046, "delta": 0.002653}}
{"target": -142.023613640894, "params": {"gamma": 0.9883352748016633, "lr": 0.651304332340991}, "datetime": {"datetime": "2024-04-03 23:31:56", "elapsed": 0.449614, "delta": 0.002568}}
{"target": -765.4601137744645, "params": {"gamma": 7.035466364538378, "lr": 0.6102408126466297}, "datetime": {"datetime": "2024-04-03 23:31:56", "elapsed": 0.4522, "delta": 0.002586}}
{"target": -2720.2195096123896, "params": {"gamma": 7.996353002098545, "lr": 0.03457121987163425}, "datetime": {"datetime": "2024-04-03 23:31:56", "elapsed": 0.454784, "delta": 0.002584}}
{"target": -947.7374666224338, "params": {"gamma": 7.702617106815245, "lr": 0.731728600739527}, "datetime": {"datetime": "2024-04-03 23:31:56", "elapsed": 0.457357, "delta": 0.002573}}
{"target": -214.68721800563105, "params": {"gamma": 2.5977242345902325, "lr": 0.2570692988221467}, "datetime": {"datetime": "2024-04-03 23:31:56", "elapsed": 0.459971, "delta": 0.002614}}
{"target": -562.2557065585668, "params": {"gamma": 6.323400870983849, "lr": 0.34529746159108154}, "datetime": {"datetime": "2024-04-03 23:31:56", "elapsed": 0.462545, "delta": 0.002574}}
{"target": -722.9254243054983, "params": {"gamma": 7.966090191394868, "lr": 0.44614623200345727}, "datetime": {"datetime": "2024-04-03 23:31:56", "elapsed": 0.465206, "delta": 0.002661}}
{"target": -1133.2693897121458, "params": {"gamma": 7.827711398426936, "lr": 0.9904717836238407}, "datetime": {"datetime": "2024-04-03 23:31:56", "elapsed": 0.467896, "delta": 0.00269}}
{"target": -390.0317034063377, "params": {"gamma": 3.0031831469994668, "lr": 0.14300582825809938}, "datetime": {"datetime": "2024-04-03 23:31:56", "elapsed": 0.470828, "delta": 0.002932}}
{"target": -914.5593211988694, "params": {"gamma": 9.01318305505639, "lr": 0.5415593788873733}, "datetime": {"datetime": "2024-04-03 23:31:56", "elapsed": 0.473676, "delta": 0.002848}}
{"target": -1026.2654968913425, "params": {"gamma": 9.747428968179968, "lr": 0.6366044000018972}, "datetime": {"datetime": "2024-04-03 23:31:56", "elapsed": 0.476393, "delta": 0.002717}}
{"target": -999.2466263527256, "params": {"gamma": 9.939136333080178, "lr": 0.5460708041429516}, "datetime": {"datetime": "2024-04-03 23:31:56", "elapsed": 0.479101, "delta": 0.002708}}
{"target": -954.3202109792172, "params": {"gamma": 5.264732913121308, "lr": 0.1354279030721699}, "datetime": {"datetime": "2024-04-03 23:31:56", "elapsed": 0.481737, "delta": 0.002636}}
{"target": -1232.1408514172238, "params": {"gamma": 3.5576960046678274, "lr": 0.026218567296373285}, "datetime": {"datetime": "2024-04-03 23:31:56", "elapsed": 0.484405, "delta": 0.002668}}
{"target": -224.10970062635286, "params": {"gamma": 1.6047914000169714, "lr": 0.7456371927074961}, "datetime": {"datetime": "2024-04-03 23:31:56", "elapsed": 0.487088, "delta": 0.002683}}
{"target": -116.51952875893538, "params": {"gamma": 0.3049664995979595, "lr": 0.36654309724374434}, "datetime": {"datetime": "2024-04-03 23:31:56", "elapsed": 0.489732, "delta": 0.002644}}
{"target": -992.561734372172, "params": {"gamma": 8.623600182127603, "lr": 0.6926777175073543}, "datetime": {"datetime": "2024-04-03 23:31:56", "elapsed": 0.492444, "delta": 0.002712}}
{"target": -776.7707785491159, "params": {"gamma": 6.90973047851962, "lr": 0.18863680095531088}, "datetime": {"datetime": "2024-04-03 23:31:56", "elapsed": 0.495207, "delta": 0.002763}}
{"target": -445.4080798431328, "params": {"gamma": 4.419600903203486, "lr": 0.5815774073442912}, "datetime": {"datetime": "2024-04-03 23:31:56", "elapsed": 0.497846, "delta": 0.002639}}
{"target": -906.0368843106118, "params": {"gamma": 9.897527324929388, "lr": 0.20390622523312185}, "datetime": {"datetime": "2024-04-03 23:31:56", "elapsed": 0.500516, "delta": 0.00267}}
{"target": -206.2944291413519, "params": {"gamma": 2.478081284721786, "lr": 0.26217308377291193}, "datetime": {"datetime": "2024-04-03 23:31:56", "elapsed": 0.503491, "delta": 0.002975}}
{"target": -681.4586402482252, "params": {"gamma": 7.50197396056663, "lr": 0.4569753274356928}, "datetime": {"datetime": "2024-04-03 23:31:56", "elapsed": 0.506369, "delta": 0.002878}}
{"target": -116.54365741253716, "params": {"gamma": 0.5702374546725388, "lr": 0.5085162406102396}, "datetime": {"datetime": "2024-04-03 23:31:56", "elapsed": 0.508974, "delta": 0.002605}}
{"target": -281.56964595011016, "params": {"gamma": 2.120389686272116, "lr": 0.7986042447602102}, "datetime": {"datetime": "2024-04-03 23:31:56", "elapsed": 0.511698, "delta": 0.002724}}
{"target": -1037.1818408646675, "params": {"gamma": 2.9740164836912153, "lr": 0.02760601195450363}, "datetime": {"datetime": "2024-04-03 23:31:56", "elapsed": 0.514416, "delta": 0.002718}}
{"target": -779.4647139702012, "params": {"gamma": 5.934731062196747, "lr": 0.8438404289311888}, "datetime": {"datetime": "2024-04-03 23:31:56", "elapsed": 0.517069, "delta": 0.002653}}
{"target": -480.4240172575829, "params": {"gamma": 3.81078022449808, "lr": 0.7498583107261434}, "datetime": {"datetime": "2024-04-03 23:31:56", "elapsed": 0.519866, "delta": 0.002797}}
{"target": -525.0767677530761, "params": {"gamma": 5.111903641492986, "lr": 0.5409518049621886}, "datetime": {"datetime": "2024-04-03 23:31:56", "elapsed": 0.522672, "delta": 0.002806}}
{"target": -1248.2744395066131, "params": {"gamma": 9.594383776296462, "lr": 0.8039608914986468}, "datetime": {"datetime": "2024-04-03 23:31:56", "elapsed": 0.525377, "delta": 0.002705}}
{"target": -119.40273612171548, "params": {"gamma": 0.3241983431691163, "lr": 0.7093872512312951}, "datetime": {"datetime": "2024-04-03 23:31:56", "elapsed": 0.528105, "delta": 0.002728}}
{"target": -683.2207636559156, "params": {"gamma": 4.650549814153498, "lr": 0.9475489413950998}, "datetime": {"datetime": "2024-04-03 23:31:56", "elapsed": 0.530887, "delta": 0.002782}}
{"target": -188.13185208827295, "params": {"gamma": 2.2151059105005597, "lr": 0.2670720196843658}, "datetime": {"datetime": "2024-04-03 23:31:56", "elapsed": 0.533542, "delta": 0.002655}}
{"target": -117.26816669968913, "params": {"gamma": 0.8156581748077427, "lr": 0.42861882866378653}, "datetime": {"datetime": "2024-04-03 23:31:56", "elapsed": 0.53642, "delta": 0.002878}}
{"target": -149.68125131291396, "params": {"gamma": 1.091078621426664, "lr": 0.6337867606119179}, "datetime": {"datetime": "2024-04-03 23:31:56", "elapsed": 0.539358, "delta": 0.002938}}
{"target": -925.4937206947135, "params": {"gamma": 8.029829410500005, "lr": 0.6968004961201785}, "datetime": {"datetime": "2024-04-03 23:31:56", "elapsed": 0.542034, "delta": 0.002676}}
{"target": -678.5592037055225, "params": {"gamma": 7.66234759937663, "lr": 0.3424541198435198}, "datetime": {"datetime": "2024-04-03 23:31:56", "elapsed": 0.54471, "delta": 0.002676}}
{"target": -724.6750309161977, "params": {"gamma": 8.45866897879375, "lr": 0.42876877499944255}, "datetime": {"datetime": "2024-04-03 23:31:56", "elapsed": 0.547412, "delta": 0.002702}}
{"target": -869.5912084699673, "params": {"gamma": 8.240274694252776, "lr": 0.6264961586242938}, "datetime": {"datetime": "2024-04-03 23:31:56", "elapsed": 0.550072, "delta": 0.00266}}
{"target": -527.9626002931917, "params": {"gamma": 1.435087063653779, "lr": 0.07838689985494796}, "datetime": {"datetime": "2024-04-03 23:31:56", "elapsed": 0.552736, "delta": 0.002664}}
{"target": -161.65242639203552, "params": {"gamma": 0.1843080964871599, "lr": 0.06672499763935646}, "datetime": {"datetime": "2024-04-03 23:31:56", "elapsed": 0.55543, "delta": 0.002694}}
{"target": -953.441176691615, "params": {"gamma": 4.586379553270611, "lr": 0.11334192276759048}, "datetime": {"datetime": "2024-04-03 23:31:56", "elapsed": 0.558056, "delta": 0.002626}}
{"target": -120.46974310145991, "params": {"gamma": 0.27880570513785086, "lr": 0.7548614813904674}, "datetime": {"datetime": "2024-04-03 23:31:56", "elapsed": 0.560729, "delta": 0.002673}}
{"target": -496.92074719474215, "params": {"gamma": 3.949109954125934, "lr": 0.7469384956075251}, "datetime": {"datetime": "2024-04-03 23:31:56", "elapsed": 0.563414, "delta": 0.002685}}
{"target": -416.46011336168567, "params": {"gamma": 4.52459586263777, "lr": 0.4500867470007611}, "datetime": {"datetime": "2024-04-03 23:31:56", "elapsed": 0.566115, "delta": 0.002701}}
{"target": -439.163937094588, "params": {"gamma": 4.7812469946715925, "lr": 0.47400392656219403}, "datetime": {"datetime": "2024-04-03 23:31:56", "elapsed": 0.568891, "delta": 0.002776}}
{"target": -696.6922732814171, "params": {"gamma": 8.031830257799582, "lr": 0.40239251985773583}, "datetime": {"datetime": "2024-04-03 23:31:56", "elapsed": 0.571811, "delta": 0.00292}}
{"target": -3072.6885855547066, "params": {"gamma": 9.046956917275887, "lr": 0.037061047954035864}, "datetime": {"datetime": "2024-04-03 23:31:56", "elapsed": 0.574702, "delta": 0.002891}}
{"target": -1398.180338371656, "params": {"gamma": 7.738969552861467, "lr": 0.12564138113773882}, "datetime": {"datetime": "2024-04-03 23:31:56", "elapsed": 0.577284, "delta": 0.002582}}
{"target": -2112.7512119043445, "params": {"gamma": 6.185517155553943, "lr": 0.010364261335231939}, "datetime": {"datetime": "2024-04-03 23:31:56", "elapsed": 0.579996, "delta": 0.002712}}
{"target": -1844.8575551155986, "params": {"gamma": 5.386734198480894, "lr": 0.0030179566195963625}, "datetime": {"datetime": "2024-04-03 23:31:56", "elapsed": 0.582598, "delta": 0.002602}}
{"target": -1332.1670392431188, "params": {"gamma": 9.511986661116556, "lr": 0.905402033702778}, "datetime": {"datetime": "2024-04-03 23:31:56", "elapsed": 0.585327, "delta": 0.002729}}
{"target": -1152.0201810763501, "params": {"gamma": 7.959873452480752, "lr": 0.9152743199147875}, "datetime": {"datetime": "2024-04-03 23:31:56", "elapsed": 0.587916, "delta": 0.002589}}
{"target": -210.442942139909, "params": {"gamma": 1.4564367533528122, "lr": 0.15773006987053328}, "datetime": {"datetime": "2024-04-03 23:31:56", "elapsed": 0.590524, "delta": 0.002608}}
{"target": -223.14830943031367, "params": {"gamma": 1.8771290973514374, "lr": 0.6224959022999211}, "datetime": {"datetime": "2024-04-03 23:31:56", "elapsed": 0.593113, "delta": 0.002589}}
{"target": -1307.8820146236792, "params": {"gamma": 9.05818915058701, "lr": 0.9899551783590737}, "datetime": {"datetime": "2024-04-03 23:31:56", "elapsed": 0.595839, "delta": 0.002726}}
{"target": -876.5729578032128, "params": {"gamma": 7.111513465199394, "lr": 0.7318004091422953}, "datetime": {"datetime": "2024-04-03 23:31:56", "elapsed": 0.59845, "delta": 0.002611}}
{"target": -787.31092304185, "params": {"gamma": 9.093022752238, "lr": 0.4008737323711209}, "datetime": {"datetime": "2024-04-03 23:31:56", "elapsed": 0.601072, "delta": 0.002622}}
{"target": -302.4856612181958, "params": {"gamma": 2.4992569515701426, "lr": 0.17343017078712286}, "datetime": {"datetime": "2024-04-03 23:31:56", "elapsed": 0.603978, "delta": 0.002906}}
{"target": -189.4362866996133, "params": {"gamma": 1.1954510462869563, "lr": 0.8126105880328287}, "datetime": {"datetime": "2024-04-03 23:31:56", "elapsed": 0.606923, "delta": 0.002945}}
{"target": -140.30428903905255, "params": {"gamma": 1.4687769417990144, "lr": 0.2642974827269007}, "datetime": {"datetime": "2024-04-03 23:31:56", "elapsed": 0.609545, "delta": 0.002622}}
{"target": -665.8075778095649, "params": {"gamma": 8.191072697156674, "lr": 0.31058725179421}, "datetime": {"datetime": "2024-04-03 23:31:56", "elapsed": 0.612218, "delta": 0.002673}}
{"target": -749.2335888644018, "params": {"gamma": 9.824192075480136, "lr": 0.2666387021516352}, "datetime": {"datetime": "2024-04-03 23:31:56", "elapsed": 0.614847, "delta": 0.002629}}
