{"target": -64.16911528501961, "params": {"p_ai": 5.623723015326908, "p_al": 1.9373678362804954, "p_ex": 10.0, "prior": 8.065675520684836, "rate": 2.4773003086336667}, "datetime": {"datetime": "2024-03-29 13:05:19", "elapsed": 9328.202078, "delta": 17.870279}}
{"target": -102.94067344489484, "params": {"p_ai": 2.0434533788329867, "p_al": 0.001, "p_ex": 0.001, "prior": 2.3835002722118315, "rate": 0.001}, "datetime": {"datetime": "2024-03-29 13:05:43", "elapsed": 9352.200226, "delta": 23.998148}}
{"target": -83.8905599230778, "params": {"p_ai": 4.639539249639072, "p_al": 10.0, "p_ex": 2.6394226049411, "prior": 10.0, "rate": 2.228071849636132}, "datetime": {"datetime": "2024-03-29 13:06:00", "elapsed": 9369.870959, "delta": 17.670733}}
{"target": -93.72726963811031, "params": {"p_ai": 10.0, "p_al": 8.102686207866705, "p_ex": 10.0, "prior": 7.653360090040351, "rate": 0.001}, "datetime": {"datetime": "2024-03-29 13:06:31", "elapsed": 9400.607582, "delta": 30.736623}}
{"target": -83.45808443762468, "params": {"p_ai": 10.0, "p_al": 0.001, "p_ex": 10.0, "prior": 1.8987044708609202, "rate": 0.001}, "datetime": {"datetime": "2024-03-29 13:06:56", "elapsed": 9425.481945, "delta": 24.874363}}
{"target": -79.68907804670657, "params": {"p_ai": 10.0, "p_al": 6.650443444224187, "p_ex": 5.466436735693264, "prior": 2.220959287332236, "rate": 1.3328331546611578}, "datetime": {"datetime": "2024-03-29 13:07:15", "elapsed": 9444.135131, "delta": 18.653186}}
{"target": -58.50505320478628, "params": {"p_ai": 5.572597139761436, "p_al": 0.001, "p_ex": 3.934451510273227, "prior": 6.891705759197314, "rate": 6.567668411212807}, "datetime": {"datetime": "2024-03-29 13:07:32", "elapsed": 9461.666392, "delta": 17.531261}}
{"target": -118.3069984231189, "params": {"p_ai": 2.226977355646705, "p_al": 10.0, "p_ex": 6.118498598590624, "prior": 6.891137845951398, "rate": 0.001}, "datetime": {"datetime": "2024-03-29 13:07:51", "elapsed": 9480.247866, "delta": 18.581474}}
{"target": -62.13863175863832, "params": {"p_ai": 3.1734238947826134, "p_al": 3.925861902473924, "p_ex": 4.490338411923336, "prior": 2.270635385166611, "rate": 3.7934515628161285}, "datetime": {"datetime": "2024-03-29 13:08:08", "elapsed": 9497.655819, "delta": 17.407953}}
{"target": -67.41746270877086, "params": {"p_ai": 7.861675340943196, "p_al": 10.0, "p_ex": 10.0, "prior": 10.0, "rate": 2.243994815570098}, "datetime": {"datetime": "2024-03-29 13:08:46", "elapsed": 9535.265608, "delta": 37.609789}}
{"target": -67.75395989656946, "params": {"p_ai": 3.3579203203236303, "p_al": 1.475205596131815, "p_ex": 6.951923532409541, "prior": 9.859764263527188, "rate": 5.985084257252861}, "datetime": {"datetime": "2024-03-29 13:09:11", "elapsed": 9560.257172, "delta": 24.991564}}
{"target": -67.26026846099663, "params": {"p_ai": 3.5286948100643563, "p_al": 2.1744096855995823, "p_ex": 10.0, "prior": 10.0, "rate": 8.552116689858837}, "datetime": {"datetime": "2024-03-29 13:09:37", "elapsed": 9586.635902, "delta": 26.37873}}
{"target": -102.00785983724755, "params": {"p_ai": 10.0, "p_al": 3.7691403883939265, "p_ex": 0.001, "prior": 2.52432799015994, "rate": 0.001}, "datetime": {"datetime": "2024-03-29 13:09:55", "elapsed": 9604.25762, "delta": 17.621718}}
{"target": -63.72690970474905, "params": {"p_ai": 3.705542446704519, "p_al": 0.001, "p_ex": 10.0, "prior": 0.001, "rate": 0.001}, "datetime": {"datetime": "2024-03-29 13:10:21", "elapsed": 9630.539309, "delta": 26.281689}}
{"target": -83.59975749087528, "params": {"p_ai": 4.576592815684404, "p_al": 7.748102961535257, "p_ex": 2.0141828643548947, "prior": 2.655232777977591, "rate": 3.4337963788184718}, "datetime": {"datetime": "2024-03-29 13:10:39", "elapsed": 9648.79509, "delta": 18.255781}}
{"target": -471.4297851649923, "params": {"p_ai": 10.0, "p_al": 10.0, "p_ex": 10.0, "prior": 0.001, "rate": 3.6693988678863954}, "datetime": {"datetime": "2024-03-29 13:11:11", "elapsed": 9680.198065, "delta": 31.402975}}
{"target": -57.19745743140215, "params": {"p_ai": 8.82090543558824, "p_al": 10.0, "p_ex": 10.0, "prior": 3.3898713781112835, "rate": 4.470902421476738}, "datetime": {"datetime": "2024-03-29 13:11:30", "elapsed": 9699.650938, "delta": 19.452873}}
{"target": -54.13367814729138, "params": {"p_ai": 10.0, "p_al": 0.001, "p_ex": 2.8106858725435453, "prior": 0.001, "rate": 1.9647856468029783}, "datetime": {"datetime": "2024-03-29 13:12:00", "elapsed": 9729.975168, "delta": 30.32423}}
{"target": -146.27225772694698, "params": {"p_ai": 0.001, "p_al": 2.793140175897266, "p_ex": 5.971883665338215, "prior": 10.0, "rate": 3.981006584172309}, "datetime": {"datetime": "2024-03-29 13:12:21", "elapsed": 9750.257427, "delta": 20.282259}}
{"target": -55.46230358779629, "params": {"p_ai": 7.957776960291444, "p_al": 9.85584917534307, "p_ex": 9.895783983870098, "prior": 1.826678743295951, "rate": 6.260115158988233}, "datetime": {"datetime": "2024-03-29 13:12:39", "elapsed": 9768.909212, "delta": 18.651785}}
{"target": -1017.1276897307383, "params": {"p_ai": 7.279484687455452, "p_al": 3.565661104594508, "p_ex": 7.279320831241633, "prior": 0.001, "rate": 0.001}, "datetime": {"datetime": "2024-03-29 13:12:59", "elapsed": 9788.978534, "delta": 20.069322}}
{"target": -57.08486246089186, "params": {"p_ai": 9.139894901528205, "p_al": 2.414286869912726, "p_ex": 9.272032300805, "prior": 2.517044084442102, "rate": 1.6404615290486095}, "datetime": {"datetime": "2024-03-29 13:13:25", "elapsed": 9814.555094, "delta": 25.57656}}
{"target": -53.120603182678224, "params": {"p_ai": 8.837248281446268, "p_al": 3.933554410712859, "p_ex": 8.481654280316684, "prior": 1.4112551070478596, "rate": 2.883736418602458}, "datetime": {"datetime": "2024-03-29 13:13:50", "elapsed": 9839.210583, "delta": 24.655489}}
{"target": -83.82679810608306, "params": {"p_ai": 10.0, "p_al": 1.2664915100963732, "p_ex": 7.1726709374010245, "prior": 10.0, "rate": 0.001}, "datetime": {"datetime": "2024-03-29 13:14:07", "elapsed": 9856.990292, "delta": 17.779709}}
{"target": -53.167585826268535, "params": {"p_ai": 7.826031553776318, "p_al": 3.3549082637304646, "p_ex": 6.678130526361068, "prior": 2.0955060655505564, "rate": 2.792592576380216}, "datetime": {"datetime": "2024-03-29 13:14:25", "elapsed": 9874.863646, "delta": 17.873354}}
{"target": -91.76844186109497, "params": {"p_ai": 4.0940968677321115, "p_al": 0.001, "p_ex": 3.162627567520207, "prior": 5.112540452944221, "rate": 0.001}, "datetime": {"datetime": "2024-03-29 13:14:44", "elapsed": 9893.908347, "delta": 19.044701}}
{"target": -66.30956974816247, "params": {"p_ai": 4.222061051802162, "p_al": 10.0, "p_ex": 3.4858310590917676, "prior": 10.0, "rate": 8.992422867377579}, "datetime": {"datetime": "2024-03-29 13:15:04", "elapsed": 9913.300129, "delta": 19.391782}}
{"target": -63.86700663507477, "params": {"p_ai": 10.0, "p_al": 3.976745590968159, "p_ex": 2.123067826778095, "prior": 2.8076458371416306, "rate": 7.829256610003491}, "datetime": {"datetime": "2024-03-29 13:15:35", "elapsed": 9944.576589, "delta": 31.27646}}
{"target": -75.47319208578736, "params": {"p_ai": 1.9343743353979526, "p_al": 7.351855320969272, "p_ex": 10.0, "prior": 3.7250358056153807, "rate": 5.121690128161171}, "datetime": {"datetime": "2024-03-29 13:15:56", "elapsed": 9966.121436, "delta": 21.544847}}
{"target": -62.056401297266, "params": {"p_ai": 10.0, "p_al": 2.143638807460215, "p_ex": 2.598943804302008, "prior": 7.968280202438576, "rate": 10.0}, "datetime": {"datetime": "2024-03-29 13:16:42", "elapsed": 10011.301422, "delta": 45.179986}}
{"target": -66.1364276838838, "params": {"p_ai": 7.957909381935005, "p_al": 6.717906966633662, "p_ex": 6.009144117434976, "prior": 1.5639261038119017, "rate": 2.1709606056847286}, "datetime": {"datetime": "2024-03-29 13:17:08", "elapsed": 10037.534534, "delta": 26.233112}}
{"target": -55.248219290232925, "params": {"p_ai": 3.3064668706135976, "p_al": 5.788589512149355, "p_ex": 4.212893968055339, "prior": 1.8066682921297148, "rate": 10.0}, "datetime": {"datetime": "2024-03-29 13:17:39", "elapsed": 10068.367795, "delta": 30.833261}}
{"target": -97.27251069179343, "params": {"p_ai": 3.260522433091213, "p_al": 10.0, "p_ex": 0.001, "prior": 10.0, "rate": 7.62335859184714}, "datetime": {"datetime": "2024-03-29 13:18:16", "elapsed": 10105.801017, "delta": 37.433222}}
{"target": -57.53364318173125, "params": {"p_ai": 4.231432081453762, "p_al": 0.001, "p_ex": 7.363897687184086, "prior": 4.655187316533227, "rate": 5.5810263044302015}, "datetime": {"datetime": "2024-03-29 13:18:38", "elapsed": 10127.822617, "delta": 22.0216}}
{"target": -53.16994316418717, "params": {"p_ai": 10.0, "p_al": 2.2428531477704996, "p_ex": 7.420571966695903, "prior": 1.2205142177527792, "rate": 1.80867473601723}, "datetime": {"datetime": "2024-03-29 13:19:08", "elapsed": 10158.11532, "delta": 30.292703}}
{"target": -99.69636975754301, "params": {"p_ai": 10.0, "p_al": 7.423959136717866, "p_ex": 0.001, "prior": 4.278869934921096, "rate": 2.975895552409808}, "datetime": {"datetime": "2024-03-29 13:19:30", "elapsed": 10179.96239, "delta": 21.84707}}
{"target": -64.75531263073606, "params": {"p_ai": 4.0300251852125095, "p_al": 2.5892343618841083, "p_ex": 3.9233623111513243, "prior": 6.914114678159446, "rate": 5.391194888155126}, "datetime": {"datetime": "2024-03-29 13:19:49", "elapsed": 10198.131818, "delta": 18.169428}}
{"target": -61.80827317970842, "params": {"p_ai": 4.87943440797704, "p_al": 0.001, "p_ex": 5.5541991976841425, "prior": 10.0, "rate": 5.153889544460459}, "datetime": {"datetime": "2024-03-29 13:20:06", "elapsed": 10215.773946, "delta": 17.642128}}
{"target": -78.77773264926694, "params": {"p_ai": 2.4342011695320855, "p_al": 0.013773430329511522, "p_ex": 8.613900296560452, "prior": 7.963394310708844, "rate": 5.58395909503945}, "datetime": {"datetime": "2024-03-29 13:20:26", "elapsed": 10235.386323, "delta": 19.612377}}
{"target": -119.08834720121116, "params": {"p_ai": 0.001, "p_al": 0.001, "p_ex": 5.157546007398013, "prior": 7.071217875082382, "rate": 8.349669106926825}, "datetime": {"datetime": "2024-03-29 13:20:45", "elapsed": 10254.621321, "delta": 19.234998}}
{"target": -126.88695592569985, "params": {"p_ai": 0.001, "p_al": 10.0, "p_ex": 10.0, "prior": 7.601876455549073, "rate": 7.71089643401906}, "datetime": {"datetime": "2024-03-29 13:21:11", "elapsed": 10280.94932, "delta": 26.327999}}
{"target": -94.10375552233852, "params": {"p_ai": 4.493640940406022, "p_al": 3.1723409663853537, "p_ex": 6.556922436354792, "prior": 6.529045819467079, "rate": 0.001}, "datetime": {"datetime": "2024-03-29 13:21:32", "elapsed": 10301.471581, "delta": 20.522261}}
{"target": -70.38888657132604, "params": {"p_ai": 5.461249471188803, "p_al": 4.86247896403568, "p_ex": 3.27127716230564, "prior": 10.0, "rate": 3.954442993357636}, "datetime": {"datetime": "2024-03-29 13:21:51", "elapsed": 10320.276705, "delta": 18.805124}}
{"target": -115.5572071918731, "params": {"p_ai": 0.001, "p_al": 10.0, "p_ex": 3.8189638106501542, "prior": 7.342742477104716, "rate": 10.0}, "datetime": {"datetime": "2024-03-29 13:22:20", "elapsed": 10349.447122, "delta": 29.170417}}
{"target": -79.8865109543902, "params": {"p_ai": 3.247736481564532, "p_al": 6.425390525545526, "p_ex": 2.3769433022189177, "prior": 10.0, "rate": 5.336133201417657}, "datetime": {"datetime": "2024-03-29 13:22:40", "elapsed": 10369.72127, "delta": 20.274148}}
{"target": -97.5936169040705, "params": {"p_ai": 3.0083898995479847, "p_al": 1.966056304503656, "p_ex": 2.4493658210933322, "prior": 10.0, "rate": 0.001}, "datetime": {"datetime": "2024-03-29 13:23:19", "elapsed": 10408.859228, "delta": 39.137958}}
{"target": -96.1629785134449, "params": {"p_ai": 5.323025771348957, "p_al": 7.322266924963917, "p_ex": 9.310097864616525, "prior": 7.045749475018825, "rate": 0.0579417624445638}, "datetime": {"datetime": "2024-03-29 13:23:40", "elapsed": 10429.969717, "delta": 21.110489}}
{"target": -61.567331668464014, "params": {"p_ai": 10.0, "p_al": 2.3229156917074536, "p_ex": 5.4295265404171715, "prior": 4.159429048245719, "rate": 1.8234066027092026}, "datetime": {"datetime": "2024-03-29 13:24:12", "elapsed": 10461.497393, "delta": 31.527676}}
{"target": -63.689215960658736, "params": {"p_ai": 4.324727404741334, "p_al": 10.0, "p_ex": 10.0, "prior": 10.0, "rate": 6.710593693769711}, "datetime": {"datetime": "2024-03-29 13:24:39", "elapsed": 10488.879419, "delta": 27.382026}}
{"target": -142.8832379716981, "params": {"p_ai": 0.001, "p_al": 2.273593341518093, "p_ex": 10.0, "prior": 10.0, "rate": 7.420324909620708}, "datetime": {"datetime": "2024-03-29 13:25:09", "elapsed": 10518.72415, "delta": 29.844731}}
{"target": -77.18228576766161, "params": {"p_ai": 10.0, "p_al": 5.476551742472819, "p_ex": 2.147072206198125, "prior": 10.0, "rate": 2.4764421608855214}, "datetime": {"datetime": "2024-03-29 13:25:37", "elapsed": 10546.235373, "delta": 27.511223}}
{"target": -63.59322712382672, "params": {"p_ai": 2.5585451444761045, "p_al": 10.0, "p_ex": 10.0, "prior": 3.2149558736207564, "rate": 8.93225915525842}, "datetime": {"datetime": "2024-03-29 13:25:56", "elapsed": 10565.276155, "delta": 19.040782}}
{"target": -129.2044798279877, "params": {"p_ai": 0.001, "p_al": 2.906293777637163, "p_ex": 0.001, "prior": 3.179416094536992, "rate": 0.001}, "datetime": {"datetime": "2024-03-29 13:26:17", "elapsed": 10586.752705, "delta": 21.47655}}
{"target": -54.21175037793131, "params": {"p_ai": 10.0, "p_al": 4.855714468709747, "p_ex": 4.300434876844801, "prior": 3.427463538648864, "rate": 6.661436175522402}, "datetime": {"datetime": "2024-03-29 13:26:40", "elapsed": 10609.61234, "delta": 22.859635}}
{"target": -62.33549516462123, "params": {"p_ai": 5.762585753287418, "p_al": 8.156236690468981, "p_ex": 10.0, "prior": 7.192184757609144, "rate": 3.490136059398372}, "datetime": {"datetime": "2024-03-29 13:27:10", "elapsed": 10639.631022, "delta": 30.018682}}
{"target": -172.92749754309807, "params": {"p_ai": 0.001, "p_al": 0.001, "p_ex": 3.118837102861504, "prior": 5.000036379206461, "rate": 0.001}, "datetime": {"datetime": "2024-03-29 13:27:42", "elapsed": 10671.911125, "delta": 32.280103}}
{"target": -59.29808848534489, "params": {"p_ai": 7.912900065966517, "p_al": 0.001, "p_ex": 10.0, "prior": 1.5469864152732187, "rate": 10.0}, "datetime": {"datetime": "2024-03-29 13:28:13", "elapsed": 10702.705012, "delta": 30.793887}}
{"target": -73.08588987242767, "params": {"p_ai": 2.3373035302592267, "p_al": 5.391032195564192, "p_ex": 8.11349189860615, "prior": 10.0, "rate": 10.0}, "datetime": {"datetime": "2024-03-29 13:28:37", "elapsed": 10726.256076, "delta": 23.551064}}
{"target": -157.04395251219196, "params": {"p_ai": 0.001, "p_al": 4.519776902116947, "p_ex": 2.9971325685453127, "prior": 10.0, "rate": 0.001}, "datetime": {"datetime": "2024-03-29 13:29:00", "elapsed": 10749.429007, "delta": 23.172931}}
{"target": -1067.6222853459647, "params": {"p_ai": 10.0, "p_al": 6.139150639506774, "p_ex": 5.250621226922656, "prior": 0.001, "rate": 8.420597061233543}, "datetime": {"datetime": "2024-03-29 13:29:28", "elapsed": 10777.366206, "delta": 27.937199}}
{"target": -106.48147243445436, "params": {"p_ai": 0.001, "p_al": 10.0, "p_ex": 6.894070466047562, "prior": 5.579460060673548, "rate": 10.0}, "datetime": {"datetime": "2024-03-29 13:30:01", "elapsed": 10810.134204, "delta": 32.767998}}
{"target": -52.991255843606154, "params": {"p_ai": 9.885026273075583, "p_al": 2.3814587176240027, "p_ex": 5.53543168823028, "prior": 0.1962463951249676, "rate": 5.436109191303131}, "datetime": {"datetime": "2024-03-29 13:30:32", "elapsed": 10841.234408, "delta": 31.100204}}
{"target": -915.2409095384365, "params": {"p_ai": 6.561629484719071, "p_al": 7.990906127681222, "p_ex": 7.982778724776028, "prior": 0.001, "rate": 4.980210262933571}, "datetime": {"datetime": "2024-03-29 13:30:53", "elapsed": 10863.065623, "delta": 21.831215}}
{"target": -66.36426124438681, "params": {"p_ai": 7.315477413608949, "p_al": 10.0, "p_ex": 3.8300759523541847, "prior": 2.1317360778106345, "rate": 5.004079053506802}, "datetime": {"datetime": "2024-03-29 13:31:17", "elapsed": 10886.347635, "delta": 23.282012}}
{"target": -2030.3758845204582, "params": {"p_ai": 5.6807203196290095, "p_al": 2.524913271762131, "p_ex": 0.001, "prior": 0.001, "rate": 5.851481859061306}, "datetime": {"datetime": "2024-03-29 13:31:41", "elapsed": 10910.203042, "delta": 23.855407}}
{"target": -63.614207084552234, "params": {"p_ai": 4.599319495739825, "p_al": 3.9543247673754984, "p_ex": 2.3867518245631123, "prior": 2.576402739700928, "rate": 6.768266153938097}, "datetime": {"datetime": "2024-03-29 13:32:01", "elapsed": 10930.509258, "delta": 20.306216}}
{"target": -70.47909322126672, "params": {"p_ai": 8.4429384797519, "p_al": 0.3883208034422941, "p_ex": 1.0594011395723946, "prior": 0.48827494645502956, "rate": 4.418359431359665}, "datetime": {"datetime": "2024-03-29 13:32:21", "elapsed": 10950.368263, "delta": 19.859005}}
{"target": -82.41507585150273, "params": {"p_ai": 5.219860083226031, "p_al": 3.538429008810745, "p_ex": 0.548215001156419, "prior": 3.1195547795043788, "rate": 8.106577190396292}, "datetime": {"datetime": "2024-03-29 13:32:50", "elapsed": 10979.681968, "delta": 29.313705}}
{"target": -68.16050584710722, "params": {"p_ai": 3.1506123265549415, "p_al": 2.2318714449024, "p_ex": 2.792082801145094, "prior": 6.823200408004096, "rate": 10.0}, "datetime": {"datetime": "2024-03-29 13:33:12", "elapsed": 11001.74606, "delta": 22.064092}}
{"target": -85.8944164326336, "params": {"p_ai": 7.292624259301468, "p_al": 0.00449917317134106, "p_ex": 0.04223838276639238, "prior": 1.826171141598807, "rate": 4.9590972851556}, "datetime": {"datetime": "2024-03-29 13:33:49", "elapsed": 11038.283236, "delta": 36.537176}}
{"target": -103.51660849773953, "params": {"p_ai": 7.492436322724369, "p_al": 7.3642818506058, "p_ex": 3.1458727221970797, "prior": 4.74880896341078, "rate": 0.001}, "datetime": {"datetime": "2024-03-29 13:34:11", "elapsed": 11060.753278, "delta": 22.470042}}
{"target": -61.875746257655024, "params": {"p_ai": 3.765372800017741, "p_al": 0.001, "p_ex": 2.1711848358825527, "prior": 1.0317491365537212, "rate": 8.032483188327204}, "datetime": {"datetime": "2024-03-29 13:34:54", "elapsed": 11103.412999, "delta": 42.659721}}
{"target": -74.40838765832636, "params": {"p_ai": 6.349548901883863, "p_al": 3.342819792764648, "p_ex": 1.7003607849240008, "prior": 2.0736134077226906, "rate": 2.7841645981191454}, "datetime": {"datetime": "2024-03-29 13:35:13", "elapsed": 11122.265952, "delta": 18.852953}}
{"target": -65.3053942720565, "params": {"p_ai": 6.632001051525565, "p_al": 10.0, "p_ex": 7.734317553481562, "prior": 3.6431826365626288, "rate": 2.707594053714891}, "datetime": {"datetime": "2024-03-29 13:35:46", "elapsed": 11155.563166, "delta": 33.297214}}
{"target": -61.89043253330276, "params": {"p_ai": 8.377539010944112, "p_al": 5.76720452107606, "p_ex": 8.201647987421, "prior": 1.6215080852192065, "rate": 1.7828259660049572}, "datetime": {"datetime": "2024-03-29 13:36:19", "elapsed": 11188.129509, "delta": 32.566343}}
{"target": -56.57160839602064, "params": {"p_ai": 10.0, "p_al": 2.3224341342701362, "p_ex": 10.0, "prior": 5.878131393005608, "rate": 4.878229046106444}, "datetime": {"datetime": "2024-03-29 13:36:41", "elapsed": 11210.732363, "delta": 22.602854}}
{"target": -74.76537642554854, "params": {"p_ai": 5.743621247079361, "p_al": 0.04282773211585688, "p_ex": 0.8368169016127356, "prior": 1.2426793297668874, "rate": 3.4350862091191106}, "datetime": {"datetime": "2024-03-29 13:37:00", "elapsed": 11229.553707, "delta": 18.821344}}
{"target": -60.49796617214455, "params": {"p_ai": 8.79057188987995, "p_al": 4.398906690851207, "p_ex": 6.459803718509516, "prior": 0.15881579085503464, "rate": 5.665927011293389}, "datetime": {"datetime": "2024-03-29 13:37:29", "elapsed": 11258.797638, "delta": 29.243931}}
{"target": -65.60778872997408, "params": {"p_ai": 10.0, "p_al": 4.214910211893152, "p_ex": 2.35770979363311, "prior": 7.6554624898202634, "rate": 8.013086841053074}, "datetime": {"datetime": "2024-03-29 13:37:58", "elapsed": 11287.164219, "delta": 28.366581}}
{"target": -73.2954325196692, "params": {"p_ai": 10.0, "p_al": 0.001, "p_ex": 2.4922311345109547, "prior": 10.0, "rate": 2.048077808176095}, "datetime": {"datetime": "2024-03-29 13:38:17", "elapsed": 11306.203685, "delta": 19.039466}}
{"target": -67.62028182708049, "params": {"p_ai": 6.024755492586486, "p_al": 0.001, "p_ex": 7.040196741108903, "prior": 7.593370494011699, "rate": 1.3170613534575641}, "datetime": {"datetime": "2024-03-29 13:38:37", "elapsed": 11326.411359, "delta": 20.207674}}
{"target": -59.57895091543849, "params": {"p_ai": 9.870222533289017, "p_al": 5.38455617515702, "p_ex": 6.771056283020479, "prior": 0.31337985647590677, "rate": 3.5345243974617375}, "datetime": {"datetime": "2024-03-29 13:39:05", "elapsed": 11354.31426, "delta": 27.902901}}
{"target": -118.99310680891197, "params": {"p_ai": 0.001, "p_al": 2.8144999573971243, "p_ex": 7.159154067250313, "prior": 6.396824115839116, "rate": 7.6144124178246155}, "datetime": {"datetime": "2024-03-29 13:39:29", "elapsed": 11378.701829, "delta": 24.387569}}
{"target": -90.66104002834723, "params": {"p_ai": 0.001, "p_al": 0.001, "p_ex": 5.198774783038743, "prior": 0.001, "rate": 4.313990271689997}, "datetime": {"datetime": "2024-03-29 13:39:49", "elapsed": 11398.928823, "delta": 20.226994}}
{"target": -85.07028577291261, "params": {"p_ai": 7.282112432901952, "p_al": 0.001, "p_ex": 0.001, "prior": 10.0, "rate": 7.119589219013775}, "datetime": {"datetime": "2024-03-29 13:40:31", "elapsed": 11440.803664, "delta": 41.874841}}
{"target": -84.44474898143139, "params": {"p_ai": 9.789300030921778, "p_al": 1.4724223835012675, "p_ex": 0.28987392751325974, "prior": 1.946890450060588, "rate": 5.338742873437904}, "datetime": {"datetime": "2024-03-29 13:41:10", "elapsed": 11479.942942, "delta": 39.139278}}
