{"target": -135.53732522211672, "params": {"gamma": 0.37422083064349937, "prior": 2.460188762493013, "rate": 9.32819695460164}, "datetime": {"datetime": "2024-04-12 20:20:59", "elapsed": 1056.536866, "delta": 4.017426}}
{"target": -135.17841135197955, "params": {"gamma": 0.327736356730549, "prior": 0.9059128399660094, "rate": 5.395183448339001}, "datetime": {"datetime": "2024-04-12 20:21:07", "elapsed": 1064.132749, "delta": 7.595883}}
{"target": -135.15958115287702, "params": {"gamma": 0.31737263949209304, "prior": 1.4294272415480462, "rate": 9.115851429326716}, "datetime": {"datetime": "2024-04-12 20:21:11", "elapsed": 1068.399451, "delta": 4.266702}}
{"target": -136.68544089063812, "params": {"gamma": 0.47112473778411146, "prior": 3.51601019867067, "rate": 8.493384189230314}, "datetime": {"datetime": "2024-04-12 20:21:19", "elapsed": 1075.942917, "delta": 7.543466}}
{"target": -135.16876809295005, "params": {"gamma": 0.28944582490130255, "prior": 0.5461057547448749, "rate": 5.364129672074748}, "datetime": {"datetime": "2024-04-12 20:21:26", "elapsed": 1083.459076, "delta": 7.516159}}
{"target": -135.7464632172209, "params": {"gamma": 0.37404530670576497, "prior": 2.998582059672308, "rate": 9.214599373888518}, "datetime": {"datetime": "2024-04-12 20:21:37", "elapsed": 1094.681916, "delta": 11.22284}}
{"target": -136.30049945375046, "params": {"gamma": 0.44020499089812576, "prior": 3.8151531991107883, "rate": 10.0}, "datetime": {"datetime": "2024-04-12 20:21:42", "elapsed": 1099.120682, "delta": 4.438766}}
{"target": -135.52275272867783, "params": {"gamma": 0.3936581147225656, "prior": 1.5954198377965474, "rate": 7.845371697479033}, "datetime": {"datetime": "2024-04-12 20:21:46", "elapsed": 1103.627553, "delta": 4.506871}}
{"target": -135.17006063087595, "params": {"gamma": 0.3324708629381336, "prior": 0.6424914999117626, "rate": 6.718186527894685}, "datetime": {"datetime": "2024-04-12 20:21:51", "elapsed": 1108.404213, "delta": 4.77666}}
{"target": -135.18641492432454, "params": {"gamma": 0.3186305479873366, "prior": 0.416030342540993, "rate": 5.443177976410256}, "datetime": {"datetime": "2024-04-12 20:21:58", "elapsed": 1115.710375, "delta": 7.306162}}
{"target": -136.5977085412805, "params": {"gamma": 0.40521473093626137, "prior": 4.369870752222998, "rate": 8.16927538175023}, "datetime": {"datetime": "2024-04-12 20:22:06", "elapsed": 1122.857713, "delta": 7.147338}}
{"target": -135.12799298396592, "params": {"gamma": 0.3172013981206726, "prior": 0.46760260118336616, "rate": 4.765832187829774}, "datetime": {"datetime": "2024-04-12 20:22:09", "elapsed": 1126.518468, "delta": 3.660755}}
{"target": -135.71229410320987, "params": {"gamma": 0.31289918614383366, "prior": 0.1336065097539568, "rate": 4.741457684872174}, "datetime": {"datetime": "2024-04-12 20:22:13", "elapsed": 1130.619618, "delta": 4.10115}}
{"target": -135.7382601054122, "params": {"gamma": 0.324742230556759, "prior": 2.5122717529093346, "rate": 7.962918614561007}, "datetime": {"datetime": "2024-04-12 20:22:20", "elapsed": 1136.992559, "delta": 6.372941}}
{"target": -135.59045969133842, "params": {"gamma": 0.2519701651179081, "prior": 0.15731983632467003, "rate": 4.379764447478464}, "datetime": {"datetime": "2024-04-12 20:22:23", "elapsed": 1140.346882, "delta": 3.354323}}
{"target": -135.1683581836951, "params": {"gamma": 0.30151072416910246, "prior": 0.5976949952087187, "rate": 4.199574366028879}, "datetime": {"datetime": "2024-04-12 20:22:34", "elapsed": 1151.75962, "delta": 11.412738}}
{"target": -135.26026086693054, "params": {"gamma": 0.32860634882208, "prior": 0.341813757856262, "rate": 4.962524590147442}, "datetime": {"datetime": "2024-04-12 20:22:44", "elapsed": 1160.874526, "delta": 9.114906}}
{"target": -135.34049158981964, "params": {"gamma": 0.262630076345705, "prior": 0.36926378563228746, "rate": 3.9216884063342325}, "datetime": {"datetime": "2024-04-12 20:22:48", "elapsed": 1165.254385, "delta": 4.379859}}
{"target": -135.1532137148426, "params": {"gamma": 0.3318148785933232, "prior": 0.6271675389597723, "rate": 6.135709851337279}, "datetime": {"datetime": "2024-04-12 20:22:55", "elapsed": 1171.864504, "delta": 6.610119}}
{"target": -135.3477405423374, "params": {"gamma": 0.33764887345671546, "prior": 0.4455550050964122, "rate": 6.986912224586907}, "datetime": {"datetime": "2024-04-12 20:23:01", "elapsed": 1178.384349, "delta": 6.519845}}
{"target": -137.25628591919775, "params": {"gamma": 0.4651037565975364, "prior": 0.3176290602760761, "rate": 4.043332195774421}, "datetime": {"datetime": "2024-04-12 20:23:10", "elapsed": 1187.544759, "delta": 9.16041}}
{"target": -135.3260143974131, "params": {"gamma": 0.3123932094487422, "prior": 0.38937235617375965, "rate": 7.631870328757655}, "datetime": {"datetime": "2024-04-12 20:23:16", "elapsed": 1192.970542, "delta": 5.425783}}
{"target": -135.2005956791896, "params": {"gamma": 0.32453930031214573, "prior": 1.2591498078056347, "rate": 7.159776073264692}, "datetime": {"datetime": "2024-04-12 20:23:21", "elapsed": 1198.72113, "delta": 5.750588}}
{"target": -135.18620808785212, "params": {"gamma": 0.3492107778488643, "prior": 0.5855002751282974, "rate": 4.004003443098642}, "datetime": {"datetime": "2024-04-12 20:23:25", "elapsed": 1202.472007, "delta": 3.750877}}
{"target": -135.26838076928303, "params": {"gamma": 0.3640979971394528, "prior": 0.735531524158524, "rate": 5.233380949615041}, "datetime": {"datetime": "2024-04-12 20:23:37", "elapsed": 1214.682769, "delta": 12.210762}}
{"target": -135.1632292134877, "params": {"gamma": 0.2954733668218554, "prior": 0.5259886423864537, "rate": 4.2471522640531925}, "datetime": {"datetime": "2024-04-12 20:23:44", "elapsed": 1221.558229, "delta": 6.87546}}
{"target": -135.22761120453237, "params": {"gamma": 0.3190947060195637, "prior": 1.5252213434014092, "rate": 8.350596555732885}, "datetime": {"datetime": "2024-04-12 20:23:51", "elapsed": 1228.673257, "delta": 7.115028}}
{"target": -135.13926500949304, "params": {"gamma": 0.3128740488941925, "prior": 1.1701745939894905, "rate": 8.179650310089826}, "datetime": {"datetime": "2024-04-12 20:23:57", "elapsed": 1234.054295, "delta": 5.381038}}
{"target": -135.74969719659285, "params": {"gamma": 0.3935334250252645, "prior": 0.3941761670474325, "rate": 4.41272868327801}, "datetime": {"datetime": "2024-04-12 20:24:02", "elapsed": 1239.06157, "delta": 5.007275}}
{"target": -135.18939468256573, "params": {"gamma": 0.29401468765148275, "prior": 0.6977864003862407, "rate": 9.644440018390002}, "datetime": {"datetime": "2024-04-12 20:24:06", "elapsed": 1242.952236, "delta": 3.890666}}
{"target": -135.18818040370977, "params": {"gamma": 0.3071942523196565, "prior": 1.241192754264627, "rate": 7.814417578326476}, "datetime": {"datetime": "2024-04-12 20:24:14", "elapsed": 1251.463948, "delta": 8.511712}}
{"target": -135.16846440183411, "params": {"gamma": 0.3443530758341292, "prior": 1.4118529294514832, "rate": 9.637050941263995}, "datetime": {"datetime": "2024-04-12 20:24:20", "elapsed": 1257.443683, "delta": 5.979735}}
{"target": -135.71442699636157, "params": {"gamma": 0.2938362408300511, "prior": 0.13180855770584435, "rate": 5.295354332104977}, "datetime": {"datetime": "2024-04-12 20:24:28", "elapsed": 1265.389637, "delta": 7.945954}}
{"target": -137.20712231081635, "params": {"gamma": 0.4444224598227767, "prior": 2.1434930085665576, "rate": 3.304896749275913}, "datetime": {"datetime": "2024-04-12 20:24:32", "elapsed": 1268.851591, "delta": 3.461954}}
{"target": -135.15296696614018, "params": {"gamma": 0.33981111958873345, "prior": 0.8745257575795979, "rate": 6.3688034059955765}, "datetime": {"datetime": "2024-04-12 20:24:41", "elapsed": 1277.826857, "delta": 8.975266}}
{"target": -135.36180209106348, "params": {"gamma": 0.25988600859343447, "prior": 0.30460421455849246, "rate": 3.4053216889219264}, "datetime": {"datetime": "2024-04-12 20:24:44", "elapsed": 1281.684783, "delta": 3.857926}}
{"target": -135.41760175448317, "params": {"gamma": 0.3597407431576987, "prior": 0.4049267299931827, "rate": 5.07146569608155}, "datetime": {"datetime": "2024-04-12 20:24:48", "elapsed": 1285.500319, "delta": 3.815536}}
{"target": -135.25033216697028, "params": {"gamma": 0.3355766546062954, "prior": 0.4530210073862646, "rate": 5.846214520257826}, "datetime": {"datetime": "2024-04-12 20:24:54", "elapsed": 1290.812395, "delta": 5.312076}}
{"target": -135.3236338304191, "params": {"gamma": 0.2786565483266496, "prior": 0.5535835347985165, "rate": 3.655052369762741}, "datetime": {"datetime": "2024-04-12 20:25:00", "elapsed": 1297.761509, "delta": 6.949114}}
{"target": -135.85580213884626, "params": {"gamma": 0.3224942848370777, "prior": 0.10186416998429826, "rate": 3.9384837892373787}, "datetime": {"datetime": "2024-04-12 20:25:04", "elapsed": 1301.516418, "delta": 3.754909}}
{"target": -135.260445056147, "params": {"gamma": 0.3605754603671751, "prior": 0.976823579950663, "rate": 5.7746590415720815}, "datetime": {"datetime": "2024-04-12 20:25:10", "elapsed": 1307.48064, "delta": 5.964222}}
{"target": -135.39660552215668, "params": {"gamma": 0.3511045370788444, "prior": 1.9212280813322287, "rate": 8.063441896436764}, "datetime": {"datetime": "2024-04-12 20:25:14", "elapsed": 1311.437697, "delta": 3.957057}}
{"target": -135.16960659238276, "params": {"gamma": 0.338719381142206, "prior": 0.7272179375891961, "rate": 4.573679262650946}, "datetime": {"datetime": "2024-04-12 20:25:20", "elapsed": 1316.897783, "delta": 5.460086}}
{"target": -135.27611058607692, "params": {"gamma": 0.3515194606371591, "prior": 0.5236153637548415, "rate": 5.517371755114228}, "datetime": {"datetime": "2024-04-12 20:25:29", "elapsed": 1325.824113, "delta": 8.92633}}
{"target": -135.67473690922876, "params": {"gamma": 0.39163322186449895, "prior": 2.8192265797127947, "rate": 10.0}, "datetime": {"datetime": "2024-04-12 20:25:32", "elapsed": 1329.17013, "delta": 3.346017}}
{"target": -135.2580686132265, "params": {"gamma": 0.3263094543963141, "prior": 0.6285315695116506, "rate": 3.195532058262078}, "datetime": {"datetime": "2024-04-12 20:25:38", "elapsed": 1335.625663, "delta": 6.455533}}
{"target": -136.63474543551177, "params": {"gamma": 0.42254237150996987, "prior": 2.690718087781022, "rate": 5.0947311951269105}, "datetime": {"datetime": "2024-04-12 20:25:46", "elapsed": 1343.198776, "delta": 7.573113}}
{"target": -135.13127071871008, "params": {"gamma": 0.3201344642388742, "prior": 0.9580828075326197, "rate": 9.732555634937164}, "datetime": {"datetime": "2024-04-12 20:25:52", "elapsed": 1349.076, "delta": 5.877224}}
{"target": -135.11659626785305, "params": {"gamma": 0.31175831182137154, "prior": 0.8918159378625347, "rate": 8.158837055028103}, "datetime": {"datetime": "2024-04-12 20:25:58", "elapsed": 1355.367344, "delta": 6.291344}}
{"target": -135.14588956881414, "params": {"gamma": 0.33732041240203653, "prior": 0.4891376860781351, "rate": 3.6380504578070045}, "datetime": {"datetime": "2024-04-12 20:26:07", "elapsed": 1364.600831, "delta": 9.233487}}
{"target": -135.27029801684537, "params": {"gamma": 0.3622363954198859, "prior": 1.5278494286405724, "rate": 8.970394651811633}, "datetime": {"datetime": "2024-04-12 20:26:16", "elapsed": 1373.472483, "delta": 8.871652}}
{"target": -135.9324788352033, "params": {"gamma": 0.3417680530152423, "prior": 3.485555938725415, "rate": 9.36686998789554}, "datetime": {"datetime": "2024-04-12 20:26:24", "elapsed": 1381.185502, "delta": 7.713019}}
{"target": -135.16604977740892, "params": {"gamma": 0.33661294579652445, "prior": 1.0236963841664448, "rate": 6.434325288978543}, "datetime": {"datetime": "2024-04-12 20:26:29", "elapsed": 1386.44786, "delta": 5.262358}}
{"target": -135.2786719437, "params": {"gamma": 0.3276840942456804, "prior": 0.3437509452903339, "rate": 1.6927986654476492}, "datetime": {"datetime": "2024-04-12 20:26:36", "elapsed": 1393.073468, "delta": 6.625608}}
{"target": -135.9533449464521, "params": {"gamma": 0.3640144670271015, "prior": 2.022454282658088, "rate": 5.279565545370655}, "datetime": {"datetime": "2024-04-12 20:26:46", "elapsed": 1402.870159, "delta": 9.796691}}
{"target": -135.1425678399315, "params": {"gamma": 0.3129409260433838, "prior": 0.7024106931093916, "rate": 8.020794890215312}, "datetime": {"datetime": "2024-04-12 20:26:54", "elapsed": 1411.224473, "delta": 8.354314}}
{"target": -135.29260231847266, "params": {"gamma": 0.3505460462883415, "prior": 1.7152383567242686, "rate": 8.433834538175715}, "datetime": {"datetime": "2024-04-12 20:27:02", "elapsed": 1419.650723, "delta": 8.42625}}
{"target": -135.2664098746834, "params": {"gamma": 0.33925404577920126, "prior": 1.927853935026728, "rate": 9.628027971996598}, "datetime": {"datetime": "2024-04-12 20:27:09", "elapsed": 1426.348846, "delta": 6.698123}}
{"target": -135.19220174897325, "params": {"gamma": 0.3170031611377922, "prior": 0.26483653597308565, "rate": 3.5792016264176465}, "datetime": {"datetime": "2024-04-12 20:27:14", "elapsed": 1430.842152, "delta": 4.493306}}
{"target": -135.2278199265364, "params": {"gamma": 0.28442488264380245, "prior": 0.45592577072402996, "rate": 3.5349806716875927}, "datetime": {"datetime": "2024-04-12 20:27:19", "elapsed": 1436.286346, "delta": 5.444194}}
{"target": -135.34163006905442, "params": {"gamma": 0.36729851675001934, "prior": 1.2697586154405243, "rate": 6.3683909824004905}, "datetime": {"datetime": "2024-04-12 20:27:24", "elapsed": 1441.059291, "delta": 4.772945}}
{"target": -135.83285864978444, "params": {"gamma": 0.38689173362436896, "prior": 1.165351639271281, "rate": 3.4415409763480667}, "datetime": {"datetime": "2024-04-12 20:27:35", "elapsed": 1452.419306, "delta": 11.360015}}
{"target": -135.14086669367228, "params": {"gamma": 0.3296059808322349, "prior": 1.031938572171188, "rate": 6.914484470684365}, "datetime": {"datetime": "2024-04-12 20:27:44", "elapsed": 1461.533697, "delta": 9.114391}}
{"target": -135.1508664896307, "params": {"gamma": 0.3087905221994547, "prior": 0.8139420806901249, "rate": 9.805665976133863}, "datetime": {"datetime": "2024-04-12 20:27:52", "elapsed": 1469.694576, "delta": 8.160879}}
{"target": -135.16335627546619, "params": {"gamma": 0.34055098763608016, "prior": 0.7256475308085447, "rate": 4.768857387963619}, "datetime": {"datetime": "2024-04-12 20:27:59", "elapsed": 1476.141066, "delta": 6.44649}}
{"target": -136.64543492477637, "params": {"gamma": 0.4100439005321099, "prior": 3.2983313566510706, "rate": 6.062832864740762}, "datetime": {"datetime": "2024-04-12 20:28:08", "elapsed": 1485.103968, "delta": 8.962902}}
{"target": -135.41679495320614, "params": {"gamma": 0.35301459874575575, "prior": 2.1014306525070245, "rate": 8.625864751878565}, "datetime": {"datetime": "2024-04-12 20:28:15", "elapsed": 1492.692666, "delta": 7.588698}}
{"target": -135.13288032356581, "params": {"gamma": 0.32712506602669356, "prior": 1.3474478205703024, "rate": 9.344948358543668}, "datetime": {"datetime": "2024-04-12 20:28:24", "elapsed": 1501.719433, "delta": 9.026767}}
{"target": -135.14561286212557, "params": {"gamma": 0.33255712683581956, "prior": 0.36947492365284373, "rate": 3.4213364227480647}, "datetime": {"datetime": "2024-04-12 20:28:28", "elapsed": 1505.32661, "delta": 3.607177}}
{"target": -135.28296419118627, "params": {"gamma": 0.29367815209974923, "prior": 0.3639480436838993, "rate": 2.1459842708279995}, "datetime": {"datetime": "2024-04-12 20:28:32", "elapsed": 1509.423509, "delta": 4.096899}}
{"target": -135.13109062762783, "params": {"gamma": 0.32866550340945916, "prior": 1.146398738641459, "rate": 8.211747873373307}, "datetime": {"datetime": "2024-04-12 20:28:37", "elapsed": 1514.310298, "delta": 4.886789}}
{"target": -135.15244284229436, "params": {"gamma": 0.3395829225972748, "prior": 0.8196968341972439, "rate": 6.11351256957708}, "datetime": {"datetime": "2024-04-12 20:28:48", "elapsed": 1525.55267, "delta": 11.242372}}
{"target": -135.62643660198364, "params": {"gamma": 0.39425619155619807, "prior": 1.3670611889434503, "rate": 5.30964135505176}, "datetime": {"datetime": "2024-04-12 20:28:54", "elapsed": 1531.536496, "delta": 5.983826}}
{"target": -135.15533919458596, "params": {"gamma": 0.3403094156792048, "prior": 1.2448831538699126, "rate": 8.616893828904638}, "datetime": {"datetime": "2024-04-12 20:28:59", "elapsed": 1536.760952, "delta": 5.224456}}
{"target": -135.19112429975596, "params": {"gamma": 0.2849958829632171, "prior": 0.5884122828662924, "rate": 6.801252228585418}, "datetime": {"datetime": "2024-04-12 20:29:04", "elapsed": 1541.459531, "delta": 4.698579}}
{"target": -135.12834927034854, "params": {"gamma": 0.3209546091215976, "prior": 0.4632730203457888, "rate": 4.5762700076156975}, "datetime": {"datetime": "2024-04-12 20:29:09", "elapsed": 1546.401663, "delta": 4.942132}}
{"target": -135.31105476019914, "params": {"gamma": 0.26814634585713315, "prior": 0.3997185904947528, "rate": 3.6473043394794065}, "datetime": {"datetime": "2024-04-12 20:29:20", "elapsed": 1556.967776, "delta": 10.566113}}
{"target": -135.18689644072325, "params": {"gamma": 0.3451759524477669, "prior": 0.9285348188007684, "rate": 8.028312573738397}, "datetime": {"datetime": "2024-04-12 20:29:32", "elapsed": 1569.586277, "delta": 12.618501}}
{"target": -135.25846971008215, "params": {"gamma": 0.28094095076696224, "prior": 0.4591246110062679, "rate": 7.424474366662946}, "datetime": {"datetime": "2024-04-12 20:29:39", "elapsed": 1576.416695, "delta": 6.830418}}
{"target": -135.28912297025673, "params": {"gamma": 0.3679641110165122, "prior": 1.3431464963498416, "rate": 9.020852488385398}, "datetime": {"datetime": "2024-04-12 20:29:46", "elapsed": 1583.080515, "delta": 6.66382}}
{"target": -135.1831777230673, "params": {"gamma": 0.34654125841460787, "prior": 0.617824935825228, "rate": 4.929064760074715}, "datetime": {"datetime": "2024-04-12 20:29:54", "elapsed": 1591.052262, "delta": 7.971747}}
{"target": -135.12059206822804, "params": {"gamma": 0.3073500163942364, "prior": 1.0310046675504239, "rate": 9.587453560912131}, "datetime": {"datetime": "2024-04-12 20:30:01", "elapsed": 1598.695468, "delta": 7.643206}}
{"target": -135.12748134715477, "params": {"gamma": 0.32813934334152445, "prior": 0.9780891144454176, "rate": 8.363422895601325}, "datetime": {"datetime": "2024-04-12 20:30:06", "elapsed": 1603.25106, "delta": 4.555592}}
{"target": -135.94306814146378, "params": {"gamma": 0.3734871741496308, "prior": 2.9859759806709167, "rate": 7.889131395164291}, "datetime": {"datetime": "2024-04-12 20:30:12", "elapsed": 1609.024359, "delta": 5.773299}}
{"target": -135.13191628367795, "params": {"gamma": 0.31267298369588636, "prior": 0.48557734838243627, "rate": 5.2076734872785755}, "datetime": {"datetime": "2024-04-12 20:30:18", "elapsed": 1615.37722, "delta": 6.352861}}
{"target": -135.1209634793592, "params": {"gamma": 0.3244508520563719, "prior": 0.7990106379090753, "rate": 6.51345541215351}, "datetime": {"datetime": "2024-04-12 20:30:22", "elapsed": 1619.30842, "delta": 3.9312}}
{"target": -135.13744361018678, "params": {"gamma": 0.33385931200632574, "prior": 0.7733571421467356, "rate": 5.778031219019629}, "datetime": {"datetime": "2024-04-12 20:30:27", "elapsed": 1624.697304, "delta": 5.388884}}
{"target": -135.81082857940063, "params": {"gamma": 0.39161281286109423, "prior": 1.4992744175427344, "rate": 4.598113081188338}, "datetime": {"datetime": "2024-04-12 20:30:34", "elapsed": 1631.149926, "delta": 6.452622}}
{"target": -135.17615512177824, "params": {"gamma": 0.34650895920456815, "prior": 1.170803389653713, "rate": 7.97529742364344}, "datetime": {"datetime": "2024-04-12 20:30:38", "elapsed": 1634.924945, "delta": 3.775019}}
{"target": -135.2141997785374, "params": {"gamma": 0.3542203044244969, "prior": 0.3086888279502011, "rate": 1.9937375810268743}, "datetime": {"datetime": "2024-04-12 20:30:42", "elapsed": 1639.114194, "delta": 4.189249}}
{"target": -135.1188473188268, "params": {"gamma": 0.3203393895421775, "prior": 1.0710474959280665, "rate": 9.794678844164201}, "datetime": {"datetime": "2024-04-12 20:30:46", "elapsed": 1642.793796, "delta": 3.679602}}
{"target": -135.16107300671885, "params": {"gamma": 0.3330063343738603, "prior": 0.7069379578859651, "rate": 7.041778309641339}, "datetime": {"datetime": "2024-04-12 20:30:54", "elapsed": 1651.017983, "delta": 8.224187}}
{"target": -135.12868055577275, "params": {"gamma": 0.3262954656605809, "prior": 0.6199785510384428, "rate": 4.457869091792277}, "datetime": {"datetime": "2024-04-12 20:30:58", "elapsed": 1655.756484, "delta": 4.738501}}
{"target": -135.12229073315072, "params": {"gamma": 0.3147896767578061, "prior": 0.7632276854288362, "rate": 7.541962745731212}, "datetime": {"datetime": "2024-04-12 20:31:14", "elapsed": 1671.569648, "delta": 15.813164}}
{"target": -135.35539967273647, "params": {"gamma": 0.3514270048646495, "prior": 0.6060020948940565, "rate": 7.760514477227432}, "datetime": {"datetime": "2024-04-12 20:31:19", "elapsed": 1676.170321, "delta": 4.600673}}
{"target": -135.17658806960847, "params": {"gamma": 0.34682280892285905, "prior": 1.0906735676236026, "rate": 7.4909188822510675}, "datetime": {"datetime": "2024-04-12 20:31:26", "elapsed": 1683.077245, "delta": 6.906924}}
{"target": -135.20149024321535, "params": {"gamma": 0.28486434230065866, "prior": 0.6303980869229584, "rate": 8.038850394027117}, "datetime": {"datetime": "2024-04-12 20:31:29", "elapsed": 1686.693857, "delta": 3.616612}}
{"target": -135.12253463612447, "params": {"gamma": 0.32037288870229386, "prior": 1.2702823725770465, "rate": 9.572822438537298}, "datetime": {"datetime": "2024-04-12 20:31:34", "elapsed": 1690.913258, "delta": 4.219401}}
{"target": -135.23417770085806, "params": {"gamma": 0.2916036168780067, "prior": 0.47434549610892207, "rate": 7.748531833742444}, "datetime": {"datetime": "2024-04-12 20:31:38", "elapsed": 1695.674291, "delta": 4.761033}}
