{"target": -118.63533856507465, "params": {"gamma": 0.4899376500811665, "prior": 0.8658837997847827, "rate": 5.879488373050757}, "datetime": {"datetime": "2024-04-09 05:25:36", "elapsed": 8731.398448, "delta": 21.748659}}
{"target": -118.61175393752268, "params": {"gamma": 0.4968265437861106, "prior": 0.28225621264265244, "rate": 1.4342242409367443}, "datetime": {"datetime": "2024-04-09 05:25:56", "elapsed": 8752.150231, "delta": 20.751783}}
{"target": -118.64000937426042, "params": {"gamma": 0.48749738397679715, "prior": 2.1780357039673786, "rate": 9.30429303543063}, "datetime": {"datetime": "2024-04-09 05:26:11", "elapsed": 8766.577133, "delta": 14.426902}}
{"target": -118.66030823358459, "params": {"gamma": 0.46874707128475396, "prior": 0.6128481650369172, "rate": 4.953472377868146}, "datetime": {"datetime": "2024-04-09 05:26:23", "elapsed": 8779.045766, "delta": 12.468633}}
{"target": -118.94289294085517, "params": {"gamma": 0.5409888282337059, "prior": 4.021687953947001, "rate": 9.892522628891124}, "datetime": {"datetime": "2024-04-09 05:26:39", "elapsed": 8795.036594, "delta": 15.990828}}
{"target": -118.61782030399527, "params": {"gamma": 0.49500529743063115, "prior": 1.8464100467957407, "rate": 8.472565243197877}, "datetime": {"datetime": "2024-04-09 05:27:07", "elapsed": 8822.442021, "delta": 27.405427}}
{"target": -118.62934447419501, "params": {"gamma": 0.4890699795685489, "prior": 1.2957988772679587, "rate": 8.57370988328769}, "datetime": {"datetime": "2024-04-09 05:27:16", "elapsed": 8831.637204, "delta": 9.195183}}
{"target": -119.00874657678806, "params": {"gamma": 0.4329295115786382, "prior": 0.1, "rate": 3.2219890313376864}, "datetime": {"datetime": "2024-04-09 05:27:34", "elapsed": 8849.386408, "delta": 17.749204}}
{"target": -118.62158843249016, "params": {"gamma": 0.49391130784891507, "prior": 1.519078037937451, "rate": 6.815239475199606}, "datetime": {"datetime": "2024-04-09 05:27:51", "elapsed": 8866.480003, "delta": 17.093595}}
{"target": -118.66468474389443, "params": {"gamma": 0.49147681520679487, "prior": 1.9161095047598764, "rate": 7.431100541483679}, "datetime": {"datetime": "2024-04-09 05:28:08", "elapsed": 8883.277757, "delta": 16.797754}}
{"target": -118.61453688396574, "params": {"gamma": 0.49969532272444817, "prior": 1.2046809024834961, "rate": 5.867282159555312}, "datetime": {"datetime": "2024-04-09 05:28:16", "elapsed": 8891.493617, "delta": 8.21586}}
{"target": -118.82216138672652, "params": {"gamma": 0.47471893407192517, "prior": 0.607590319842107, "rate": 8.674210144366644}, "datetime": {"datetime": "2024-04-09 05:28:31", "elapsed": 8906.93542, "delta": 15.441803}}
{"target": -118.61101561995284, "params": {"gamma": 0.4881850722859186, "prior": 1.2416076027155711, "rate": 7.055226048655961}, "datetime": {"datetime": "2024-04-09 05:28:54", "elapsed": 8929.302651, "delta": 22.367231}}
{"target": -118.69159843788628, "params": {"gamma": 0.4631321871060181, "prior": 0.7941132314215991, "rate": 7.357839026355344}, "datetime": {"datetime": "2024-04-09 05:29:25", "elapsed": 8960.645063, "delta": 31.342412}}
{"target": -118.97498529518296, "params": {"gamma": 0.5543649861117027, "prior": 3.891508753692572, "rate": 9.489517589605985}, "datetime": {"datetime": "2024-04-09 05:29:34", "elapsed": 8969.687554, "delta": 9.042491}}
{"target": -118.66110675037687, "params": {"gamma": 0.5163846237839879, "prior": 1.5294752198538393, "rate": 5.90465941924659}, "datetime": {"datetime": "2024-04-09 05:29:54", "elapsed": 8990.080122, "delta": 20.392568}}
{"target": -118.70503268420447, "params": {"gamma": 0.5179391418579923, "prior": 1.4045685633821339, "rate": 4.754342007462589}, "datetime": {"datetime": "2024-04-09 05:30:14", "elapsed": 9009.347725, "delta": 19.267603}}
{"target": -118.82847438310768, "params": {"gamma": 0.44461433944241147, "prior": 0.39581163092229, "rate": 5.970905616062281}, "datetime": {"datetime": "2024-04-09 05:30:31", "elapsed": 9026.355523, "delta": 17.007798}}
{"target": -118.63282584425053, "params": {"gamma": 0.5105080851987303, "prior": 1.32405863836056, "rate": 6.572392304537158}, "datetime": {"datetime": "2024-04-09 05:30:54", "elapsed": 9050.012692, "delta": 23.657169}}
{"target": -118.63327598595524, "params": {"gamma": 0.5051260876035264, "prior": 1.6576158490977004, "rate": 6.9486797676898915}, "datetime": {"datetime": "2024-04-09 05:31:07", "elapsed": 9062.499339, "delta": 12.486647}}
{"target": -118.66955969012123, "params": {"gamma": 0.5215858033225895, "prior": 0.3313004912244951, "rate": 1.2870810306951568}, "datetime": {"datetime": "2024-04-09 05:31:31", "elapsed": 9086.256949, "delta": 23.75761}}
{"target": -120.22825650405838, "params": {"gamma": 0.580024210657862, "prior": 3.991903586239334, "rate": 5.108895096638638}, "datetime": {"datetime": "2024-04-09 05:31:43", "elapsed": 9099.034685, "delta": 12.777736}}
{"target": -118.61472159411733, "params": {"gamma": 0.49991085095444504, "prior": 0.8214299127316936, "rate": 4.196902012438112}, "datetime": {"datetime": "2024-04-09 05:31:59", "elapsed": 9115.057841, "delta": 16.023156}}
{"target": -118.74444477702211, "params": {"gamma": 0.5316985675928967, "prior": 2.2841734435736427, "rate": 7.374572197978917}, "datetime": {"datetime": "2024-04-09 05:32:20", "elapsed": 9135.525516, "delta": 20.467675}}
{"target": -118.60966917002584, "params": {"gamma": 0.48882340442391187, "prior": 1.4621425274000968, "rate": 7.658374023917099}, "datetime": {"datetime": "2024-04-09 05:32:40", "elapsed": 9155.936482, "delta": 20.410966}}
{"target": -118.61691849287709, "params": {"gamma": 0.49831669767144954, "prior": 1.650323332020571, "rate": 9.085517622990968}, "datetime": {"datetime": "2024-04-09 05:33:06", "elapsed": 9181.55437, "delta": 25.617888}}
{"target": -118.67887113206703, "params": {"gamma": 0.47781245119591387, "prior": 0.9420271175440285, "rate": 8.258555032071715}, "datetime": {"datetime": "2024-04-09 05:33:22", "elapsed": 9198.036471, "delta": 16.482101}}
{"target": -118.61537535576274, "params": {"gamma": 0.4820746205943426, "prior": 1.5989262168428577, "rate": 9.663903730142385}, "datetime": {"datetime": "2024-04-09 05:33:31", "elapsed": 9206.974952, "delta": 8.938481}}
{"target": -118.70445602234022, "params": {"gamma": 0.4839347944747456, "prior": 2.440875623073491, "rate": 9.058579500288626}, "datetime": {"datetime": "2024-04-09 05:33:52", "elapsed": 9227.276642, "delta": 20.30169}}
{"target": -118.63967484338644, "params": {"gamma": 0.47920240049176255, "prior": 1.0464777252782578, "rate": 4.806707448297304}, "datetime": {"datetime": "2024-04-09 05:34:23", "elapsed": 9259.209786, "delta": 31.933144}}
{"target": -118.65748798099868, "params": {"gamma": 0.5141836601247498, "prior": 0.5876878636570795, "rate": 2.2753403180493574}, "datetime": {"datetime": "2024-04-09 05:34:51", "elapsed": 9286.550384, "delta": 27.340598}}
{"target": -118.83650112544458, "params": {"gamma": 0.5291372769456388, "prior": 1.517810600660921, "rate": 4.172088574783707}, "datetime": {"datetime": "2024-04-09 05:35:12", "elapsed": 9307.814713, "delta": 21.264329}}
{"target": -118.61106205447273, "params": {"gamma": 0.4843917375198299, "prior": 0.9680765627969068, "rate": 5.326923784575119}, "datetime": {"datetime": "2024-04-09 05:35:24", "elapsed": 9319.936063, "delta": 12.12135}}
{"target": -118.71839355894946, "params": {"gamma": 0.5153018565842173, "prior": 2.0053851673526686, "rate": 6.582572983488699}, "datetime": {"datetime": "2024-04-09 05:35:48", "elapsed": 9344.145739, "delta": 24.209676}}
{"target": -118.7546313592962, "params": {"gamma": 0.5265573472490757, "prior": 3.049942040465005, "rate": 9.4679779715637}, "datetime": {"datetime": "2024-04-09 05:36:00", "elapsed": 9355.675856, "delta": 11.530117}}
{"target": -118.62335294094105, "params": {"gamma": 0.5039529331612558, "prior": 0.35709141724790205, "rate": 1.8947378963151338}, "datetime": {"datetime": "2024-04-09 05:36:13", "elapsed": 9368.704479, "delta": 13.028623}}
{"target": -118.62198105412729, "params": {"gamma": 0.5042671943455495, "prior": 1.6008333476721393, "rate": 8.282848498814673}, "datetime": {"datetime": "2024-04-09 05:36:28", "elapsed": 9383.416639, "delta": 14.71216}}
{"target": -118.61405260998117, "params": {"gamma": 0.48374337405424767, "prior": 1.8485769754218273, "rate": 9.514530504524835}, "datetime": {"datetime": "2024-04-09 05:36:49", "elapsed": 9404.943012, "delta": 21.526373}}
{"target": -118.6942355912187, "params": {"gamma": 0.5148570430771604, "prior": 2.6905359405595806, "rate": 9.303416857309305}, "datetime": {"datetime": "2024-04-09 05:37:04", "elapsed": 9419.718267, "delta": 14.775255}}
{"target": -118.65851746058176, "params": {"gamma": 0.5211362743097815, "prior": 2.159893195626689, "rate": 9.711499304427475}, "datetime": {"datetime": "2024-04-09 05:37:29", "elapsed": 9444.46331, "delta": 24.745043}}
{"target": -118.61478129423243, "params": {"gamma": 0.4850375657905945, "prior": 1.8902495617347397, "rate": 9.474997079194669}, "datetime": {"datetime": "2024-04-09 05:37:46", "elapsed": 9462.181365, "delta": 17.718055}}
{"target": -118.67763103582249, "params": {"gamma": 0.4967653494311475, "prior": 0.6155451881568967, "rate": 4.652444611851121}, "datetime": {"datetime": "2024-04-09 05:38:15", "elapsed": 9490.277269, "delta": 28.095904}}
{"target": -118.6238377648006, "params": {"gamma": 0.47426082137137476, "prior": 0.7959866640821943, "rate": 4.476552133715605}, "datetime": {"datetime": "2024-04-09 05:38:34", "elapsed": 9509.822281, "delta": 19.545012}}
{"target": -119.2128822848867, "params": {"gamma": 0.5480521700567724, "prior": 4.100943086980227, "rate": 8.160149996599058}, "datetime": {"datetime": "2024-04-09 05:38:55", "elapsed": 9530.868685, "delta": 21.046404}}
{"target": -118.62772830257094, "params": {"gamma": 0.49038221690230027, "prior": 0.4131783510213799, "rate": 2.6826397520193694}, "datetime": {"datetime": "2024-04-09 05:39:08", "elapsed": 9543.473739, "delta": 12.605054}}
{"target": -118.88575297491602, "params": {"gamma": 0.474863279842706, "prior": 0.5703158316864534, "rate": 9.865244605790867}, "datetime": {"datetime": "2024-04-09 05:39:27", "elapsed": 9562.828336, "delta": 19.354597}}
{"target": -118.62189002464052, "params": {"gamma": 0.48831779225750405, "prior": 2.0012766722767146, "rate": 9.226813326154186}, "datetime": {"datetime": "2024-04-09 05:39:42", "elapsed": 9577.640418, "delta": 14.812082}}
{"target": -118.68758187116265, "params": {"gamma": 0.5271062628885272, "prior": 0.26997956089956626, "rate": 1.0228116399296483}, "datetime": {"datetime": "2024-04-09 05:39:54", "elapsed": 9589.906954, "delta": 12.266536}}
{"target": -118.64689761268866, "params": {"gamma": 0.479938040463418, "prior": 1.857575965870521, "rate": 8.232057912617952}, "datetime": {"datetime": "2024-04-09 05:40:06", "elapsed": 9601.48739, "delta": 11.580436}}
{"target": -118.65784186218548, "params": {"gamma": 0.5144700095818183, "prior": 1.7566988038907514, "rate": 9.625665286529753}, "datetime": {"datetime": "2024-04-09 05:40:28", "elapsed": 9623.445389, "delta": 21.957999}}
{"target": -118.62779296386637, "params": {"gamma": 0.4782766338653398, "prior": 0.5567158627704585, "rate": 3.7682695772544053}, "datetime": {"datetime": "2024-04-09 05:40:37", "elapsed": 9632.607405, "delta": 9.162016}}
{"target": -118.61608751503987, "params": {"gamma": 0.4958279583318918, "prior": 0.9363872064337913, "rate": 4.355742699394223}, "datetime": {"datetime": "2024-04-09 05:40:49", "elapsed": 9644.965372, "delta": 12.357967}}
{"target": -118.62572970159727, "params": {"gamma": 0.5005636618662757, "prior": 2.0196501983404187, "rate": 8.765074233269468}, "datetime": {"datetime": "2024-04-09 05:41:05", "elapsed": 9660.259173, "delta": 15.293801}}
{"target": -118.63718342899007, "params": {"gamma": 0.5016632607891567, "prior": 1.2551854826720488, "rate": 5.143499147690513}, "datetime": {"datetime": "2024-04-09 05:41:18", "elapsed": 9673.987399, "delta": 13.728226}}
{"target": -118.70112737984002, "params": {"gamma": 0.5000620835947153, "prior": 1.5342763233504495, "rate": 5.3165358729112056}, "datetime": {"datetime": "2024-04-09 05:41:37", "elapsed": 9692.300446, "delta": 18.313047}}
{"target": -118.61054423953425, "params": {"gamma": 0.4856291628828232, "prior": 1.3468276328369035, "rate": 7.233133226637876}, "datetime": {"datetime": "2024-04-09 05:42:08", "elapsed": 9723.76802, "delta": 31.467574}}
{"target": -118.64450473489961, "params": {"gamma": 0.5162834999466102, "prior": 1.7661767091894196, "rate": 8.106507101807845}, "datetime": {"datetime": "2024-04-09 05:42:20", "elapsed": 9735.987334, "delta": 12.219314}}
{"target": -118.6285784891535, "params": {"gamma": 0.48732296759099925, "prior": 0.4776167513295707, "rate": 2.141060114160148}, "datetime": {"datetime": "2024-04-09 05:42:43", "elapsed": 9758.714641, "delta": 22.727307}}
{"target": -118.71383211364196, "params": {"gamma": 0.46800549602367086, "prior": 0.4949098541355822, "rate": 5.089998713690356}, "datetime": {"datetime": "2024-04-09 05:43:11", "elapsed": 9786.245358, "delta": 27.530717}}
{"target": -118.61227154683846, "params": {"gamma": 0.4916365484582278, "prior": 0.5755464956332031, "rate": 2.812108829206381}, "datetime": {"datetime": "2024-04-09 05:43:26", "elapsed": 9802.094833, "delta": 15.849475}}
{"target": -118.61006417330488, "params": {"gamma": 0.4922836394339971, "prior": 1.8064919259285204, "rate": 9.180162005966634}, "datetime": {"datetime": "2024-04-09 05:43:47", "elapsed": 9822.794424, "delta": 20.699591}}
{"target": -118.61426395554672, "params": {"gamma": 0.4809458343022428, "prior": 1.4360197240745154, "rate": 7.8426795144225965}, "datetime": {"datetime": "2024-04-09 05:44:34", "elapsed": 9870.019723, "delta": 47.225299}}
{"target": -118.80777784708711, "params": {"gamma": 0.4602991653373578, "prior": 0.5478282111894642, "rate": 8.032147695292801}, "datetime": {"datetime": "2024-04-09 05:44:43", "elapsed": 9878.928744, "delta": 8.909021}}
{"target": -118.6216046788531, "params": {"gamma": 0.4817114987107135, "prior": 0.6588223925863799, "rate": 4.258240940715077}, "datetime": {"datetime": "2024-04-09 05:45:02", "elapsed": 9897.565524, "delta": 18.63678}}
{"target": -118.67245684089563, "params": {"gamma": 0.5123698816762364, "prior": 1.132500595357056, "rate": 6.868348260000204}, "datetime": {"datetime": "2024-04-09 05:45:19", "elapsed": 9914.432958, "delta": 16.867434}}
{"target": -118.653356692677, "params": {"gamma": 0.4785983023546009, "prior": 2.0312985586680528, "rate": 8.918189823029872}, "datetime": {"datetime": "2024-04-09 05:45:33", "elapsed": 9928.680877, "delta": 14.247919}}
{"target": -118.62569255449034, "params": {"gamma": 0.47561145619273804, "prior": 0.16314245709552802, "rate": 1.0671457789122938}, "datetime": {"datetime": "2024-04-09 05:45:52", "elapsed": 9947.387509, "delta": 18.706632}}
{"target": -118.72531622516793, "params": {"gamma": 0.5172924823023547, "prior": 1.867887248669126, "rate": 6.0539138065523}, "datetime": {"datetime": "2024-04-09 05:46:11", "elapsed": 9966.97665, "delta": 19.589141}}
{"target": -118.6161331340772, "params": {"gamma": 0.482807838492456, "prior": 1.175943896222473, "rate": 7.200805742380363}, "datetime": {"datetime": "2024-04-09 05:46:33", "elapsed": 9988.275776, "delta": 21.299126}}
{"target": -118.70538152087443, "params": {"gamma": 0.5199534746740699, "prior": 2.843082146721398, "rate": 9.654734857951551}, "datetime": {"datetime": "2024-04-09 05:47:02", "elapsed": 10017.623319, "delta": 29.347543}}
{"target": -118.61920795111514, "params": {"gamma": 0.4944332106068949, "prior": 1.437305660370011, "rate": 8.5008484930271}, "datetime": {"datetime": "2024-04-09 05:47:21", "elapsed": 10037.108839, "delta": 19.48552}}
{"target": -118.64786505068216, "params": {"gamma": 0.5085055071862411, "prior": 1.6992185694184039, "rate": 9.838375731214702}, "datetime": {"datetime": "2024-04-09 05:47:35", "elapsed": 10050.71739, "delta": 13.608551}}
{"target": -118.72405628726008, "params": {"gamma": 0.5003031903263684, "prior": 1.1943372301211177, "rate": 10.0}, "datetime": {"datetime": "2024-04-09 05:47:50", "elapsed": 10065.353683, "delta": 14.636293}}
{"target": -118.64714468516266, "params": {"gamma": 0.48400795712047473, "prior": 1.1707499511906325, "rate": 8.73627876555752}, "datetime": {"datetime": "2024-04-09 05:48:08", "elapsed": 10084.02338, "delta": 18.669697}}
{"target": -118.64438325024754, "params": {"gamma": 0.5049770213879992, "prior": 1.3446482468920538, "rate": 8.0789114952193}, "datetime": {"datetime": "2024-04-09 05:48:29", "elapsed": 10104.923056, "delta": 20.899676}}
{"target": -118.81101822842022, "params": {"gamma": 0.5327365614229721, "prior": 3.0534328031361992, "rate": 8.732603518152244}, "datetime": {"datetime": "2024-04-09 05:48:47", "elapsed": 10122.707227, "delta": 17.784171}}
{"target": -118.6377375949637, "params": {"gamma": 0.49002776134167264, "prior": 1.3491141069050645, "rate": 9.264483155123742}, "datetime": {"datetime": "2024-04-09 05:49:07", "elapsed": 10142.293881, "delta": 19.586654}}
{"target": -118.70670974804707, "params": {"gamma": 0.4775126191269241, "prior": 0.9220149539313727, "rate": 8.963954238601263}, "datetime": {"datetime": "2024-04-09 05:49:27", "elapsed": 10162.440095, "delta": 20.146214}}
{"target": -118.64518835537181, "params": {"gamma": 0.5117952693030162, "prior": 0.6245004562049747, "rate": 2.531776245193716}, "datetime": {"datetime": "2024-04-09 05:49:47", "elapsed": 10182.578429, "delta": 20.138334}}
{"target": -118.71749506479837, "params": {"gamma": 0.5229644086802984, "prior": 3.007382288811826, "rate": 10.0}, "datetime": {"datetime": "2024-04-09 05:49:56", "elapsed": 10192.08884, "delta": 9.510411}}
{"target": -118.61423203548968, "params": {"gamma": 0.49890058662591874, "prior": 0.46695036799427625, "rate": 2.4368448907202067}, "datetime": {"datetime": "2024-04-09 05:50:10", "elapsed": 10206.080341, "delta": 13.991501}}
{"target": -120.07454433897631, "params": {"gamma": 0.5895789556947043, "prior": 6.297482017115424, "rate": 8.495098324071622}, "datetime": {"datetime": "2024-04-09 05:50:29", "elapsed": 10224.894505, "delta": 18.814164}}
{"target": -118.64789541701032, "params": {"gamma": 0.5150793507814186, "prior": 1.935683951269005, "rate": 9.81278747646059}, "datetime": {"datetime": "2024-04-09 05:50:48", "elapsed": 10243.235371, "delta": 18.340866}}
{"target": -118.66665490242758, "params": {"gamma": 0.5189259218468916, "prior": 2.5631698887330305, "rate": 9.83100280575302}, "datetime": {"datetime": "2024-04-09 05:51:04", "elapsed": 10260.131894, "delta": 16.896523}}
{"target": -118.84300301030684, "params": {"gamma": 0.4810616700341363, "prior": 0.13776800038355733, "rate": 1.970242856029355}, "datetime": {"datetime": "2024-04-09 05:51:14", "elapsed": 10269.619499, "delta": 9.487605}}
{"target": -118.61498542353876, "params": {"gamma": 0.49570795405496026, "prior": 0.9793080504122674, "rate": 5.483015961200317}, "datetime": {"datetime": "2024-04-09 05:51:29", "elapsed": 10284.639923, "delta": 15.020424}}
{"target": -118.79335781385942, "params": {"gamma": 0.5038714593200008, "prior": 1.5279160191922587, "rate": 4.550828527412755}, "datetime": {"datetime": "2024-04-09 05:51:53", "elapsed": 10308.841919, "delta": 24.201996}}
{"target": -118.64266045501788, "params": {"gamma": 0.5062806950295118, "prior": 1.8213496125770254, "rate": 7.3132794970522035}, "datetime": {"datetime": "2024-04-09 05:52:18", "elapsed": 10334.064644, "delta": 25.222725}}
{"target": -118.62586473704943, "params": {"gamma": 0.47647242584953264, "prior": 1.6019738984924234, "rate": 8.274041968046337}, "datetime": {"datetime": "2024-04-09 05:52:39", "elapsed": 10354.817154, "delta": 20.75251}}
{"target": -118.63945786426893, "params": {"gamma": 0.5133580088243578, "prior": 1.0393757961858536, "rate": 4.493592300758087}, "datetime": {"datetime": "2024-04-09 05:52:59", "elapsed": 10374.842259, "delta": 20.025105}}
{"target": -118.62139624934163, "params": {"gamma": 0.48066307254979596, "prior": 0.7971987350076553, "rate": 5.136887825693808}, "datetime": {"datetime": "2024-04-09 05:53:13", "elapsed": 10389.175312, "delta": 14.333053}}
{"target": -118.67882454326919, "params": {"gamma": 0.45711046071814515, "prior": 0.7278877935116376, "rate": 5.779191888264565}, "datetime": {"datetime": "2024-04-09 05:53:31", "elapsed": 10407.025494, "delta": 17.850182}}
