{"target": -129.5117289895407, "params": {"gamma": 0.4737633572082293, "lr": 0.34727227879583344}, "datetime": {"datetime": "2024-03-30 07:13:28", "elapsed": 32404.28668, "delta": 90.414831}}
{"target": -134.9745381448855, "params": {"gamma": 0.3414905267491603, "lr": 0.5366895168376226}, "datetime": {"datetime": "2024-03-30 07:15:17", "elapsed": 32513.02668, "delta": 108.74}}
{"target": -128.9105725033988, "params": {"gamma": 0.25401031741535207, "lr": 0.3482395678516784}, "datetime": {"datetime": "2024-03-30 07:16:50", "elapsed": 32605.445303, "delta": 92.418623}}
{"target": -132.8903775003861, "params": {"gamma": 0.22413642201426184, "lr": 0.44697368155410233}, "datetime": {"datetime": "2024-03-30 07:18:14", "elapsed": 32689.862111, "delta": 84.416808}}
{"target": -133.9875511963808, "params": {"gamma": 0.2194161234845605, "lr": 0.5452972860678221}, "datetime": {"datetime": "2024-03-30 07:19:42", "elapsed": 32777.493317, "delta": 87.631206}}
{"target": -134.63846846074551, "params": {"gamma": 0.6092308787533628, "lr": 0.4222217960523736}, "datetime": {"datetime": "2024-03-30 07:20:54", "elapsed": 32850.143057, "delta": 72.64974}}
{"target": -129.41171484738882, "params": {"gamma": 0.39176303020152575, "lr": 0.4217581588581517}, "datetime": {"datetime": "2024-03-30 07:22:27", "elapsed": 32943.055473, "delta": 92.912416}}
{"target": -199.35677371915995, "params": {"gamma": 0.41465249344478833, "lr": 0.019591927957961858}, "datetime": {"datetime": "2024-03-30 07:23:58", "elapsed": 33034.304528, "delta": 91.249055}}
{"target": -129.25586714043837, "params": {"gamma": 0.32578205978783814, "lr": 0.4113195671860994}, "datetime": {"datetime": "2024-03-30 07:25:29", "elapsed": 33124.515928, "delta": 90.2114}}
{"target": -136.98633135254232, "params": {"gamma": 0.19917825689177407, "lr": 0.18791163126515065}, "datetime": {"datetime": "2024-03-30 07:26:57", "elapsed": 33213.108733, "delta": 88.592805}}
{"target": -133.2134788572238, "params": {"gamma": 0.2556390494895601, "lr": 0.47730429048278566}, "datetime": {"datetime": "2024-03-30 07:28:04", "elapsed": 33279.886213, "delta": 66.77748}}
{"target": -184.72588254583636, "params": {"gamma": 1.283331374869347, "lr": 0.4710026919655418}, "datetime": {"datetime": "2024-03-30 07:29:34", "elapsed": 33370.080987, "delta": 90.194774}}
{"target": -134.6850829513737, "params": {"gamma": 0.23269258395313244, "lr": 0.2211105757637789}, "datetime": {"datetime": "2024-03-30 07:31:15", "elapsed": 33470.583604, "delta": 100.502617}}
{"target": -140.5983726858535, "params": {"gamma": 0.024532123449565905, "lr": 0.8604239640434256}, "datetime": {"datetime": "2024-03-30 07:32:11", "elapsed": 33526.667495, "delta": 56.083891}}
{"target": -148.65194667080374, "params": {"gamma": 0.6124908966840947, "lr": 0.5803023543744711}, "datetime": {"datetime": "2024-03-30 07:34:16", "elapsed": 33651.484673, "delta": 124.817178}}
{"target": -142.0421421876795, "params": {"gamma": 0.09497253446775752, "lr": 0.10836024602248073}, "datetime": {"datetime": "2024-03-30 07:36:12", "elapsed": 33768.100545, "delta": 116.615872}}
{"target": -134.01907946632116, "params": {"gamma": 0.27704376285881327, "lr": 0.3054393515041989}, "datetime": {"datetime": "2024-03-30 07:37:40", "elapsed": 33856.204062, "delta": 88.103517}}
{"target": -138.73883407214578, "params": {"gamma": 0.713597215714703, "lr": 0.33753157389120125}, "datetime": {"datetime": "2024-03-30 07:39:25", "elapsed": 33961.285337, "delta": 105.081275}}
{"target": -130.7749630792587, "params": {"gamma": 0.4813851357871682, "lr": 0.415898386704623}, "datetime": {"datetime": "2024-03-30 07:40:46", "elapsed": 34042.123205, "delta": 80.837868}}
{"target": -137.17098369994318, "params": {"gamma": 0.4489454508360772, "lr": 0.2581357292599692}, "datetime": {"datetime": "2024-03-30 07:42:14", "elapsed": 34129.562775, "delta": 87.43957}}
{"target": -134.71708169293544, "params": {"gamma": 0.32869501578387317, "lr": 0.5035220280873627}, "datetime": {"datetime": "2024-03-30 07:43:44", "elapsed": 34219.742943, "delta": 90.180168}}
{"target": -140.94326398169946, "params": {"gamma": 0.39706172593670996, "lr": 0.6905154111844145}, "datetime": {"datetime": "2024-03-30 07:45:00", "elapsed": 34295.489751, "delta": 75.746808}}
{"target": -133.70741952525043, "params": {"gamma": 0.2145758460866759, "lr": 0.49646758332127594}, "datetime": {"datetime": "2024-03-30 07:46:39", "elapsed": 34394.485699, "delta": 98.995948}}
{"target": -149.79529996470578, "params": {"gamma": 0.16367591625752728, "lr": 0.025122646638805042}, "datetime": {"datetime": "2024-03-30 07:48:02", "elapsed": 34477.405298, "delta": 82.919599}}
{"target": -131.96638245949893, "params": {"gamma": 0.15674521539591388, "lr": 0.35175577161333116}, "datetime": {"datetime": "2024-03-30 07:49:56", "elapsed": 34592.20957, "delta": 114.804272}}
{"target": -135.24893134120447, "params": {"gamma": 0.3954985755144533, "lr": 0.2696347495772571}, "datetime": {"datetime": "2024-03-30 07:51:26", "elapsed": 34682.258615, "delta": 90.049045}}
{"target": -141.88086439582284, "params": {"gamma": 0.30948123419850376, "lr": 0.8068194341589542}, "datetime": {"datetime": "2024-03-30 07:53:21", "elapsed": 34796.732487, "delta": 114.473872}}
{"target": -138.85776861299402, "params": {"gamma": 0.0653620658306261, "lr": 1.0}, "datetime": {"datetime": "2024-03-30 07:55:20", "elapsed": 34916.278945, "delta": 119.546458}}
{"target": -135.7128717987452, "params": {"gamma": 0.3717444645074716, "lr": 0.5241884050846275}, "datetime": {"datetime": "2024-03-30 07:57:22", "elapsed": 35037.58204, "delta": 121.303095}}
{"target": -139.0573589322296, "params": {"gamma": 0.42159431203204384, "lr": 0.2198403055830478}, "datetime": {"datetime": "2024-03-30 07:59:03", "elapsed": 35138.394327, "delta": 100.812287}}
{"target": -134.39297577613803, "params": {"gamma": 0.13908578710074768, "lr": 0.3929795126582716}, "datetime": {"datetime": "2024-03-30 08:00:31", "elapsed": 35226.819221, "delta": 88.424894}}
{"target": -131.29143680936474, "params": {"gamma": 0.3518448054314648, "lr": 0.36423849715597434}, "datetime": {"datetime": "2024-03-30 08:01:48", "elapsed": 35303.696797, "delta": 76.877576}}
{"target": -135.08911382582434, "params": {"gamma": 0.2839993317362319, "lr": 0.5887556342251861}, "datetime": {"datetime": "2024-03-30 08:04:02", "elapsed": 35438.310281, "delta": 134.613484}}
{"target": -129.68007153754732, "params": {"gamma": 0.41790550398177584, "lr": 0.4152196775735134}, "datetime": {"datetime": "2024-03-30 08:05:27", "elapsed": 35523.2818, "delta": 84.971519}}
{"target": -139.26870093513114, "params": {"gamma": 0.05356402760431194, "lr": 0.8359172639889992}, "datetime": {"datetime": "2024-03-30 08:06:45", "elapsed": 35600.926339, "delta": 77.644539}}
{"target": -130.42274334012967, "params": {"gamma": 0.19691188067266815, "lr": 0.3509855416532178}, "datetime": {"datetime": "2024-03-30 08:08:21", "elapsed": 35697.292006, "delta": 96.365667}}
{"target": -130.03206866213907, "params": {"gamma": 0.3291672342485378, "lr": 0.43774614463102246}, "datetime": {"datetime": "2024-03-30 08:10:02", "elapsed": 35798.044025, "delta": 100.752019}}
{"target": -133.38742601034215, "params": {"gamma": 0.1470657228980256, "lr": 0.44232288832668865}, "datetime": {"datetime": "2024-03-30 08:11:30", "elapsed": 35885.866787, "delta": 87.822762}}
{"target": -175.43897479498995, "params": {"gamma": 0.9832816384090777, "lr": 0.32124833106066575}, "datetime": {"datetime": "2024-03-30 08:12:36", "elapsed": 35952.191863, "delta": 66.325076}}
{"target": -139.18213234379937, "params": {"gamma": 0.25209263797289305, "lr": 0.8150857996538545}, "datetime": {"datetime": "2024-03-30 08:13:48", "elapsed": 36023.876487, "delta": 71.684624}}
{"target": -137.74598722251542, "params": {"gamma": 0.13130904980825137, "lr": 0.8780316506771402}, "datetime": {"datetime": "2024-03-30 08:15:07", "elapsed": 36102.417519, "delta": 78.541032}}
{"target": -133.03862894655518, "params": {"gamma": 0.2973972396963188, "lr": 0.46966079738244915}, "datetime": {"datetime": "2024-03-30 08:16:56", "elapsed": 36211.945238, "delta": 109.527719}}
{"target": -128.27043773627094, "params": {"gamma": 0.3972676992731897, "lr": 0.34229724970004904}, "datetime": {"datetime": "2024-03-30 08:18:14", "elapsed": 36290.004697, "delta": 78.059459}}
{"target": -128.08781359775008, "params": {"gamma": 0.3205847940143365, "lr": 0.34983993346026276}, "datetime": {"datetime": "2024-03-30 08:20:03", "elapsed": 36398.691876, "delta": 108.687179}}
{"target": -131.05984389955765, "params": {"gamma": 0.20846381378796347, "lr": 0.4160322499781314}, "datetime": {"datetime": "2024-03-30 08:21:19", "elapsed": 36474.748481, "delta": 76.056605}}
{"target": -136.64092849427604, "params": {"gamma": 0.13047794035275267, "lr": 0.7797049595388161}, "datetime": {"datetime": "2024-03-30 08:22:55", "elapsed": 36570.779423, "delta": 96.030942}}
{"target": -136.89459313173123, "params": {"gamma": 0.21441021073058686, "lr": 0.7964499321762523}, "datetime": {"datetime": "2024-03-30 08:24:22", "elapsed": 36658.298646, "delta": 87.519223}}
{"target": -141.08221060453337, "params": {"gamma": 0.42160372570768134, "lr": 0.6402467022401725}, "datetime": {"datetime": "2024-03-30 08:26:07", "elapsed": 36762.653387, "delta": 104.354741}}
{"target": -133.0223830955708, "params": {"gamma": 0.2513655550523101, "lr": 0.27006551773433496}, "datetime": {"datetime": "2024-03-30 08:27:39", "elapsed": 36854.546808, "delta": 91.893421}}
{"target": -135.81283984248844, "params": {"gamma": 0.2669619484220166, "lr": 0.6509631193790222}, "datetime": {"datetime": "2024-03-30 08:29:24", "elapsed": 36959.906042, "delta": 105.359234}}
{"target": -143.04305362425765, "params": {"gamma": 0.5004948346534558, "lr": 0.20821258204108295}, "datetime": {"datetime": "2024-03-30 08:31:31", "elapsed": 37086.645148, "delta": 126.739106}}
{"target": -128.40180162567668, "params": {"gamma": 0.28540946850573123, "lr": 0.33976165830155725}, "datetime": {"datetime": "2024-03-30 08:32:23", "elapsed": 37138.6835, "delta": 52.038352}}
{"target": -147.27325690772403, "params": {"gamma": 0.28038818147102257, "lr": 1.0}, "datetime": {"datetime": "2024-03-30 08:34:26", "elapsed": 37261.817786, "delta": 123.134286}}
{"target": -135.2319753888672, "params": {"gamma": 0.21820349657492633, "lr": 0.6785141211281389}, "datetime": {"datetime": "2024-03-30 08:36:01", "elapsed": 37357.112687, "delta": 95.294901}}
{"target": -137.98404305622978, "params": {"gamma": 0.05205161290609534, "lr": 0.34353267993754444}, "datetime": {"datetime": "2024-03-30 08:37:33", "elapsed": 37448.900933, "delta": 91.788246}}
{"target": -129.7042474792841, "params": {"gamma": 0.27388774166699525, "lr": 0.4268194227196531}, "datetime": {"datetime": "2024-03-30 08:39:14", "elapsed": 37549.523271, "delta": 100.622338}}
{"target": -134.29902486306625, "params": {"gamma": 0.33524751101423506, "lr": 0.229704130006129}, "datetime": {"datetime": "2024-03-30 08:40:40", "elapsed": 37636.172016, "delta": 86.648745}}
{"target": -128.52654074219072, "params": {"gamma": 0.27631092658898604, "lr": 0.3508622112370209}, "datetime": {"datetime": "2024-03-30 08:42:53", "elapsed": 37768.645304, "delta": 132.473288}}
{"target": -152.99428931778354, "params": {"gamma": 0.7021943920053219, "lr": 0.5122373034776905}, "datetime": {"datetime": "2024-03-30 08:43:53", "elapsed": 37828.717527, "delta": 60.072223}}
{"target": -137.75589350725807, "params": {"gamma": 0.3907350969723915, "lr": 0.5539439461214111}, "datetime": {"datetime": "2024-03-30 08:45:20", "elapsed": 37916.071201, "delta": 87.353674}}
{"target": -149.07642419796466, "params": {"gamma": 0.8259974571100204, "lr": 0.4538479771584357}, "datetime": {"datetime": "2024-03-30 08:46:59", "elapsed": 38014.668707, "delta": 98.597506}}
{"target": -142.09517201478903, "params": {"gamma": 0.22114081574514716, "lr": 0.0}, "datetime": {"datetime": "2024-03-30 08:49:11", "elapsed": 38146.787236, "delta": 132.118529}}
{"target": -135.44184443631406, "params": {"gamma": 0.6458180003858859, "lr": 0.3461520098684042}, "datetime": {"datetime": "2024-03-30 08:50:31", "elapsed": 38226.346871, "delta": 79.559635}}
{"target": -142.87236501531038, "params": {"gamma": 0.2863795974949217, "lr": 0.9145255697907813}, "datetime": {"datetime": "2024-03-30 08:52:25", "elapsed": 38340.345426, "delta": 113.998555}}
{"target": -131.63681546582552, "params": {"gamma": 0.5167691759442471, "lr": 0.426908126698167}, "datetime": {"datetime": "2024-03-30 08:54:00", "elapsed": 38436.124962, "delta": 95.779536}}
{"target": -133.21678024912092, "params": {"gamma": 0.5044213544496701, "lr": 0.37861585815153886}, "datetime": {"datetime": "2024-03-30 08:55:37", "elapsed": 38532.950759, "delta": 96.825797}}
{"target": -128.61161751690082, "params": {"gamma": 0.4253803822402133, "lr": 0.35779554912991074}, "datetime": {"datetime": "2024-03-30 08:57:17", "elapsed": 38632.458403, "delta": 99.507644}}
{"target": -130.32281116087677, "params": {"gamma": 0.4591386229715473, "lr": 0.413317296305598}, "datetime": {"datetime": "2024-03-30 08:58:51", "elapsed": 38727.003737, "delta": 94.545334}}
{"target": -132.03616631489885, "params": {"gamma": 0.1855756119935066, "lr": 0.4423310650733502}, "datetime": {"datetime": "2024-03-30 09:00:54", "elapsed": 38849.945968, "delta": 122.942231}}
{"target": -133.5407355045018, "params": {"gamma": 0.206071052045197, "lr": 0.2933803177242702}, "datetime": {"datetime": "2024-03-30 09:02:38", "elapsed": 38953.911981, "delta": 103.966013}}
{"target": -134.04929611926855, "params": {"gamma": 0.2221259501309205, "lr": 0.32958011669676857}, "datetime": {"datetime": "2024-03-30 09:04:00", "elapsed": 39036.26011, "delta": 82.348129}}
{"target": -134.36361229362134, "params": {"gamma": 0.16205821805726495, "lr": 0.29025133882147747}, "datetime": {"datetime": "2024-03-30 09:05:46", "elapsed": 39142.051464, "delta": 105.791354}}
{"target": -134.47552518933637, "params": {"gamma": 0.5475037731097419, "lr": 0.3978834587220249}, "datetime": {"datetime": "2024-03-30 09:07:58", "elapsed": 39273.413453, "delta": 131.361989}}
{"target": -147.23501463598583, "params": {"gamma": 0.4247834115821725, "lr": 0.7900726711720877}, "datetime": {"datetime": "2024-03-30 09:10:17", "elapsed": 39413.123513, "delta": 139.71006}}
{"target": -138.49939952361615, "params": {"gamma": 0.3456785174877421, "lr": 0.6880447565946015}, "datetime": {"datetime": "2024-03-30 09:11:43", "elapsed": 39498.472221, "delta": 85.348708}}
{"target": -139.35867926869923, "params": {"gamma": 0.050600667293459495, "lr": 0.9360492523817431}, "datetime": {"datetime": "2024-03-30 09:13:08", "elapsed": 39584.175391, "delta": 85.70317}}
{"target": -138.78431798063957, "params": {"gamma": 0.18241526322326698, "lr": 0.9376214489541412}, "datetime": {"datetime": "2024-03-30 09:14:57", "elapsed": 39692.701099, "delta": 108.525708}}
{"target": -142.09517201478903, "params": {"gamma": 0.06776072594009099, "lr": 0.0}, "datetime": {"datetime": "2024-03-30 09:16:45", "elapsed": 39801.012861, "delta": 108.311762}}
{"target": -136.15253389290007, "params": {"gamma": 0.10667318642965541, "lr": 0.2865572480416837}, "datetime": {"datetime": "2024-03-30 09:18:13", "elapsed": 39888.383135, "delta": 87.370274}}
{"target": -130.12812834332973, "params": {"gamma": 0.35459293537736075, "lr": 0.4364492486456929}, "datetime": {"datetime": "2024-03-30 09:19:44", "elapsed": 39979.478008, "delta": 91.094873}}
{"target": -138.3305417455938, "params": {"gamma": 0.08502068264467243, "lr": 0.9502063801277113}, "datetime": {"datetime": "2024-03-30 09:21:48", "elapsed": 40104.212442, "delta": 124.734434}}
{"target": -133.06489564779415, "params": {"gamma": 0.4247361350489314, "lr": 0.45419050946588957}, "datetime": {"datetime": "2024-03-30 09:23:38", "elapsed": 40213.606507, "delta": 109.394065}}
{"target": -136.7275977395096, "params": {"gamma": 0.29651307499054486, "lr": 0.696099632728693}, "datetime": {"datetime": "2024-03-30 09:25:47", "elapsed": 40342.743026, "delta": 129.136519}}
{"target": -189.23157953664645, "params": {"gamma": 0.6869655187512629, "lr": 0.9997506680687044}, "datetime": {"datetime": "2024-03-30 09:27:46", "elapsed": 40462.253481, "delta": 119.510455}}
{"target": -135.87704811302262, "params": {"gamma": 0.32702562572706306, "lr": 0.5922606500062146}, "datetime": {"datetime": "2024-03-30 09:29:33", "elapsed": 40568.883579, "delta": 106.630098}}
{"target": -129.2167056668929, "params": {"gamma": 0.239709265256669, "lr": 0.3535708555613907}, "datetime": {"datetime": "2024-03-30 09:31:05", "elapsed": 40661.296134, "delta": 92.412555}}
{"target": -137.4794103915453, "params": {"gamma": 0.0905393146257342, "lr": 0.17629097954083328}, "datetime": {"datetime": "2024-03-30 09:32:48", "elapsed": 40763.482672, "delta": 102.186538}}
{"target": -131.43367448979907, "params": {"gamma": 0.4177126181716271, "lr": 0.3935948786626753}, "datetime": {"datetime": "2024-03-30 09:34:16", "elapsed": 40851.495736, "delta": 88.013064}}
{"target": -135.35612275101036, "params": {"gamma": 0.18625764122223856, "lr": 0.6552389613516828}, "datetime": {"datetime": "2024-03-30 09:36:16", "elapsed": 40971.653694, "delta": 120.157958}}
{"target": -134.46508555321765, "params": {"gamma": 0.24889065287678516, "lr": 0.5785613416468415}, "datetime": {"datetime": "2024-03-30 09:38:44", "elapsed": 41119.930838, "delta": 148.277144}}
{"target": -134.43963978642844, "params": {"gamma": 0.34442730356851414, "lr": 0.2804266081121478}, "datetime": {"datetime": "2024-03-30 09:40:29", "elapsed": 41225.012675, "delta": 105.081837}}
{"target": -139.14745737826206, "params": {"gamma": 0.20633828968329793, "lr": 0.8720005818810905}, "datetime": {"datetime": "2024-03-30 09:42:16", "elapsed": 41331.748698, "delta": 106.736023}}
{"target": -133.6976205384546, "params": {"gamma": 0.2818715116427128, "lr": 0.2255773560170483}, "datetime": {"datetime": "2024-03-30 09:43:10", "elapsed": 41385.472301, "delta": 53.723603}}
{"target": -139.66709115344855, "params": {"gamma": 0.44078900787160624, "lr": 0.5499065336400631}, "datetime": {"datetime": "2024-03-30 09:45:01", "elapsed": 41496.336996, "delta": 110.864695}}
{"target": -134.4325720188823, "params": {"gamma": 0.18026006432775224, "lr": 0.5097758481802483}, "datetime": {"datetime": "2024-03-30 09:46:47", "elapsed": 41603.098325, "delta": 106.761329}}
{"target": -190.04217460821744, "params": {"gamma": 1.1366656222622527, "lr": 0.32855163662737796}, "datetime": {"datetime": "2024-03-30 09:48:53", "elapsed": 41728.625473, "delta": 125.527148}}
{"target": -128.23217014671627, "params": {"gamma": 0.3931384299729644, "lr": 0.3547750562334627}, "datetime": {"datetime": "2024-03-30 09:50:26", "elapsed": 41822.006544, "delta": 93.381071}}
{"target": -141.69934173221398, "params": {"gamma": 0.038043563287181885, "lr": 0.047336870458843716}, "datetime": {"datetime": "2024-03-30 09:52:32", "elapsed": 41947.465027, "delta": 125.458483}}
{"target": -134.45277241543954, "params": {"gamma": 0.22195714349084433, "lr": 0.5772468907747693}, "datetime": {"datetime": "2024-03-30 09:54:01", "elapsed": 42036.612175, "delta": 89.147148}}
{"target": -131.95883908326581, "params": {"gamma": 0.21980988317122752, "lr": 0.3967728410139034}, "datetime": {"datetime": "2024-03-30 09:55:21", "elapsed": 42116.485041, "delta": 79.872866}}
{"target": -137.92545904013414, "params": {"gamma": 0.10736456334088254, "lr": 0.8503172923203475}, "datetime": {"datetime": "2024-03-30 09:57:09", "elapsed": 42224.574871, "delta": 108.08983}}
{"target": -135.06663003059867, "params": {"gamma": 0.6203678388469535, "lr": 0.40505506811339}, "datetime": {"datetime": "2024-03-30 09:58:46", "elapsed": 42322.114241, "delta": 97.53937}}
{"target": -130.79905440246225, "params": {"gamma": 0.3275547494327425, "lr": 0.39128676419046615}, "datetime": {"datetime": "2024-03-30 10:01:11", "elapsed": 42466.491296, "delta": 144.377055}}
{"target": -143.8580404755605, "params": {"gamma": 0.44745875519176703, "lr": 0.6795006599017668}, "datetime": {"datetime": "2024-03-30 10:02:52", "elapsed": 42567.451926, "delta": 100.96063}}
{"target": -131.27183377653776, "params": {"gamma": 0.2592292738177883, "lr": 0.39059314095430386}, "datetime": {"datetime": "2024-03-30 10:04:32", "elapsed": 42667.930953, "delta": 100.479027}}
{"target": -129.17088782316983, "params": {"gamma": 0.4577101165190581, "lr": 0.33938333885456395}, "datetime": {"datetime": "2024-03-30 10:06:10", "elapsed": 42765.861783, "delta": 97.93083}}
{"target": -142.22435039593245, "params": {"gamma": 0.5422804075667194, "lr": 0.27837834947126194}, "datetime": {"datetime": "2024-03-30 10:07:32", "elapsed": 42847.590668, "delta": 81.728885}}
{"target": -130.55108757242323, "params": {"gamma": 0.5143992306940122, "lr": 0.3491507722132783}, "datetime": {"datetime": "2024-03-30 10:09:27", "elapsed": 42962.687837, "delta": 115.097169}}
{"target": -133.67458364231612, "params": {"gamma": 0.32042844372219975, "lr": 0.29939078492427107}, "datetime": {"datetime": "2024-03-30 10:10:51", "elapsed": 43047.160443, "delta": 84.472606}}
{"target": -132.81946038477656, "params": {"gamma": 0.18551474037052854, "lr": 0.3899208630655324}, "datetime": {"datetime": "2024-03-30 10:13:01", "elapsed": 43176.812476, "delta": 129.652033}}
{"target": -129.24863463202774, "params": {"gamma": 0.3629195675446448, "lr": 0.41598147031332333}, "datetime": {"datetime": "2024-03-30 10:14:55", "elapsed": 43290.893153, "delta": 114.080677}}
{"target": -128.2203424612819, "params": {"gamma": 0.30205550331716224, "lr": 0.34773781066762666}, "datetime": {"datetime": "2024-03-30 10:16:11", "elapsed": 43366.693756, "delta": 75.800603}}
{"target": -135.83030039823848, "params": {"gamma": 0.14454388014619038, "lr": 0.5702718214976968}, "datetime": {"datetime": "2024-03-30 10:17:19", "elapsed": 43434.377126, "delta": 67.68337}}
