{"target": -135.09311321633376, "params": {"gamma": 0.311939657480023, "prior": 5.754639817943711, "rate": 1.8055046214421606}, "datetime": {"datetime": "2024-04-12 13:57:20", "elapsed": 2.336109, "delta": 0.007925}}
{"target": -182.92088752005404, "params": {"gamma": 6.309961044194965, "prior": 9.811144389930757, "rate": 8.749150609572597}, "datetime": {"datetime": "2024-04-12 13:57:20", "elapsed": 2.343897, "delta": 0.007788}}
{"target": -154.36645692736636, "params": {"gamma": 4.518910657959286, "prior": 7.113762613512001, "rate": 7.77491003128189}, "datetime": {"datetime": "2024-04-12 13:57:20", "elapsed": 2.351841, "delta": 0.007944}}
{"target": -138.98481894281062, "params": {"gamma": 4.9489359987414545, "prior": 5.332481552757894, "rate": 1.5086931993235537}, "datetime": {"datetime": "2024-04-12 13:57:20", "elapsed": 2.359686, "delta": 0.007845}}
{"target": -181.43770019970998, "params": {"gamma": 3.6946298561934507, "prior": 1.5079904054205882, "rate": 7.269210639692282}, "datetime": {"datetime": "2024-04-12 13:57:20", "elapsed": 2.367569, "delta": 0.007883}}
{"target": -180.89612349777448, "params": {"gamma": 4.770652931028231, "prior": 4.543900483396978, "rate": 8.860093713682348}, "datetime": {"datetime": "2024-04-12 13:57:20", "elapsed": 2.375528, "delta": 0.007959}}
{"target": -153.10073548730858, "params": {"gamma": 5.2766601043433035, "prior": 4.149999235976913, "rate": 2.6896513301042457}, "datetime": {"datetime": "2024-04-12 13:57:20", "elapsed": 2.383574, "delta": 0.008046}}
{"target": -128.94452151571477, "params": {"gamma": 0.7210483396625298, "prior": 4.239547723880626, "rate": 0.25850907058342715}, "datetime": {"datetime": "2024-04-12 13:57:20", "elapsed": 2.391713, "delta": 0.008139}}
{"target": -142.1876656076665, "params": {"gamma": 2.912248251583728, "prior": 5.084744147499125, "rate": 9.659364717132203}, "datetime": {"datetime": "2024-04-12 13:57:20", "elapsed": 2.399682, "delta": 0.007969}}
{"target": -122.8093331657448, "params": {"gamma": 1.0947197590216522, "prior": 6.7631064367445575, "rate": 4.999823778620901}, "datetime": {"datetime": "2024-04-12 13:57:20", "elapsed": 2.407715, "delta": 0.008033}}
{"target": -199.1510677722005, "params": {"gamma": 7.771205194528555, "prior": 1.521709278954672, "rate": 0.8329431617223197}, "datetime": {"datetime": "2024-04-12 13:57:20", "elapsed": 2.415667, "delta": 0.007952}}
{"target": -127.49748947008578, "params": {"gamma": 3.9927868349191855, "prior": 7.989926294601011, "rate": 1.917565713359991}, "datetime": {"datetime": "2024-04-12 13:57:20", "elapsed": 2.423539, "delta": 0.007872}}
{"target": -205.8962805127893, "params": {"gamma": 7.678004144280593, "prior": 2.9739501709124956, "rate": 2.1696979846303415}, "datetime": {"datetime": "2024-04-12 13:57:20", "elapsed": 2.431372, "delta": 0.007833}}
{"target": -138.2036749143562, "params": {"gamma": 0.1681391751809873, "prior": 4.046724693231549, "rate": 3.8114338314432303}, "datetime": {"datetime": "2024-04-12 13:57:20", "elapsed": 2.439236, "delta": 0.007864}}
{"target": -224.61980570110262, "params": {"gamma": 6.593790017017453, "prior": 0.8020921646568335, "rate": 1.5268872664356763}, "datetime": {"datetime": "2024-04-12 13:57:20", "elapsed": 2.447118, "delta": 0.007882}}
{"target": -137.77293948292984, "params": {"gamma": 0.16674225312644053, "prior": 1.2265839288293277, "rate": 6.518240970824895}, "datetime": {"datetime": "2024-04-12 13:57:20", "elapsed": 2.454912, "delta": 0.007794}}
{"target": -159.7225150193365, "params": {"gamma": 4.027165864897017, "prior": 3.278160510256427, "rate": 5.579562030443482}, "datetime": {"datetime": "2024-04-12 13:57:20", "elapsed": 2.462783, "delta": 0.007871}}
{"target": -264.70278973361786, "params": {"gamma": 9.9346111705354, "prior": 8.361416488778493, "rate": 6.99653220081344}, "datetime": {"datetime": "2024-04-12 13:57:20", "elapsed": 2.470674, "delta": 0.007891}}
{"target": -273.58324405966727, "params": {"gamma": 9.182667632731448, "prior": 0.4933141961625397, "rate": 0.7042640827136369}, "datetime": {"datetime": "2024-04-12 13:57:20", "elapsed": 2.478407, "delta": 0.007733}}
{"target": -191.88796740799933, "params": {"gamma": 4.740588893590559, "prior": 3.5567573882750656, "rate": 9.37258336922236}, "datetime": {"datetime": "2024-04-12 13:57:20", "elapsed": 2.486187, "delta": 0.00778}}
{"target": -176.9495104225887, "params": {"gamma": 4.896160046490541, "prior": 5.442526189924171, "rate": 8.952708396946477}, "datetime": {"datetime": "2024-04-12 13:57:20", "elapsed": 2.493976, "delta": 0.007789}}
{"target": -132.48546805940646, "params": {"gamma": 4.466903823191082, "prior": 8.782640453776484, "rate": 2.536563911966912}, "datetime": {"datetime": "2024-04-12 13:57:20", "elapsed": 2.501675, "delta": 0.007699}}
{"target": -136.371372918644, "params": {"gamma": 2.7388232318769274, "prior": 3.3507777618671426, "rate": 5.476095140539054}, "datetime": {"datetime": "2024-04-12 13:57:20", "elapsed": 2.509492, "delta": 0.007817}}
{"target": -116.93456734449934, "params": {"gamma": 2.2020666115957854, "prior": 6.747148793704605, "rate": 1.4287900347472011}, "datetime": {"datetime": "2024-04-12 13:57:20", "elapsed": 2.517317, "delta": 0.007825}}
{"target": -123.9635137049814, "params": {"gamma": 0.9419086447218946, "prior": 8.714898287433238, "rate": 2.3694501668664283}, "datetime": {"datetime": "2024-04-12 13:57:20", "elapsed": 2.525087, "delta": 0.00777}}
{"target": -138.44005107859502, "params": {"gamma": 3.8606541062149327, "prior": 5.758266717980789, "rate": 5.258493897544749}, "datetime": {"datetime": "2024-04-12 13:57:20", "elapsed": 2.533001, "delta": 0.007914}}
{"target": -127.24810871470574, "params": {"gamma": 0.7611627705416266, "prior": 8.75384676242048, "rate": 9.511405048568502}, "datetime": {"datetime": "2024-04-12 13:57:20", "elapsed": 2.540919, "delta": 0.007918}}
{"target": -261.37161555926247, "params": {"gamma": 8.125260534442543, "prior": 2.9096381659740556, "rate": 5.278940114383477}, "datetime": {"datetime": "2024-04-12 13:57:20", "elapsed": 2.548769, "delta": 0.00785}}
{"target": -148.33776838745615, "params": {"gamma": 3.394827823452077, "prior": 5.5912063767979, "rate": 9.744060285661112}, "datetime": {"datetime": "2024-04-12 13:57:20", "elapsed": 2.556764, "delta": 0.007995}}
{"target": -120.413643357752, "params": {"gamma": 3.1177174742720952, "prior": 6.72108639863641, "rate": 3.26034610588255}, "datetime": {"datetime": "2024-04-12 13:57:20", "elapsed": 2.564545, "delta": 0.007781}}
{"target": -275.642857348644, "params": {"gamma": 7.744998182884782, "prior": 3.325518669470728, "rate": 8.898383587132303}, "datetime": {"datetime": "2024-04-12 13:57:20", "elapsed": 2.572454, "delta": 0.007909}}
{"target": -196.81800962790922, "params": {"gamma": 7.51732550147175, "prior": 7.650057744906595, "rate": 4.695320806570698}, "datetime": {"datetime": "2024-04-12 13:57:20", "elapsed": 2.580359, "delta": 0.007905}}
{"target": -145.52705661802037, "params": {"gamma": 2.108434260184585, "prior": 0.5106032878073389, "rate": 3.218966170902475}, "datetime": {"datetime": "2024-04-12 13:57:20", "elapsed": 2.588123, "delta": 0.007764}}
{"target": -133.5202764440593, "params": {"gamma": 0.3720895322754502, "prior": 6.969168572601607, "rate": 6.703829969329749}, "datetime": {"datetime": "2024-04-12 13:57:20", "elapsed": 2.595828, "delta": 0.007705}}
{"target": -138.7354301674817, "params": {"gamma": 4.305287355667006, "prior": 7.701110878815912, "rate": 5.360548938900898}, "datetime": {"datetime": "2024-04-12 13:57:20", "elapsed": 2.60357, "delta": 0.007742}}
{"target": -132.98651113317797, "params": {"gamma": 0.3995594064278903, "prior": 1.4344518678107228, "rate": 1.9349705737501688}, "datetime": {"datetime": "2024-04-12 13:57:20", "elapsed": 2.611303, "delta": 0.007733}}
{"target": -183.1637107499916, "params": {"gamma": 3.357302347845333, "prior": 0.6178981697310199, "rate": 6.051562688223163}, "datetime": {"datetime": "2024-04-12 13:57:20", "elapsed": 2.619047, "delta": 0.007744}}
{"target": -152.04140124873044, "params": {"gamma": 5.121098214211664, "prior": 6.212864018969845, "rate": 4.324123592048677}, "datetime": {"datetime": "2024-04-12 13:57:20", "elapsed": 2.62665, "delta": 0.007603}}
{"target": -216.86277351417934, "params": {"gamma": 8.47715698190614, "prior": 4.595184654985598, "rate": 0.15501979439941704}, "datetime": {"datetime": "2024-04-12 13:57:20", "elapsed": 2.634314, "delta": 0.007664}}
{"target": -254.50229972256088, "params": {"gamma": 8.730808416322548, "prior": 6.596395322666579, "rate": 8.23020740344406}, "datetime": {"datetime": "2024-04-12 13:57:20", "elapsed": 2.642056, "delta": 0.007742}}
{"target": -354.5124017150321, "params": {"gamma": 9.517805154645483, "prior": 0.6040325968171834, "rate": 2.3514835690460547}, "datetime": {"datetime": "2024-04-12 13:57:20", "elapsed": 2.649924, "delta": 0.007868}}
{"target": -129.67608966450769, "params": {"gamma": 0.6343710911199417, "prior": 4.274413071721264, "rate": 8.638427625869019}, "datetime": {"datetime": "2024-04-12 13:57:21", "elapsed": 2.657705, "delta": 0.007781}}
{"target": -125.77736896913713, "params": {"gamma": 0.817158203167966, "prior": 4.783808333570197, "rate": 1.2563055549774276}, "datetime": {"datetime": "2024-04-12 13:57:21", "elapsed": 2.665452, "delta": 0.007747}}
{"target": -198.88809240357384, "params": {"gamma": 7.729083136069011, "prior": 8.43007935227885, "rate": 0.4338660909233998}, "datetime": {"datetime": "2024-04-12 13:57:21", "elapsed": 2.673158, "delta": 0.007706}}
{"target": -209.06983708536998, "params": {"gamma": 4.864920990960778, "prior": 2.470169336963784, "rate": 9.5247853431509}, "datetime": {"datetime": "2024-04-12 13:57:21", "elapsed": 2.680852, "delta": 0.007694}}
{"target": -286.37797094280535, "params": {"gamma": 9.438982385210178, "prior": 6.1779466236085385, "rate": 9.734900485854638}, "datetime": {"datetime": "2024-04-12 13:57:21", "elapsed": 2.688599, "delta": 0.007747}}
{"target": -123.13487917967588, "params": {"gamma": 3.4492685758187935, "prior": 8.98872210491005, "rate": 4.346515139111687}, "datetime": {"datetime": "2024-04-12 13:57:21", "elapsed": 2.696414, "delta": 0.007815}}
{"target": -120.01322639361828, "params": {"gamma": 2.35891055683799, "prior": 9.414196835693854, "rate": 6.842496291781293}, "datetime": {"datetime": "2024-04-12 13:57:21", "elapsed": 2.704227, "delta": 0.007813}}
{"target": -128.44125786845518, "params": {"gamma": 0.6500509418059542, "prior": 8.717206082548355, "rate": 7.01410156603883}, "datetime": {"datetime": "2024-04-12 13:57:21", "elapsed": 2.71192, "delta": 0.007693}}
{"target": -157.08128048487282, "params": {"gamma": 6.049663802869843, "prior": 7.350511501875372, "rate": 2.535136985955308}, "datetime": {"datetime": "2024-04-12 13:57:21", "elapsed": 2.719757, "delta": 0.007837}}
{"target": -168.55072613025882, "params": {"gamma": 6.00528906379017, "prior": 8.164729894490387, "rate": 0.542082489579675}, "datetime": {"datetime": "2024-04-12 13:57:21", "elapsed": 2.727466, "delta": 0.007709}}
{"target": -121.11421120798406, "params": {"gamma": 1.3059762027213204, "prior": 8.440213518568495, "rate": 6.183840347409528}, "datetime": {"datetime": "2024-04-12 13:57:21", "elapsed": 2.735305, "delta": 0.007839}}
{"target": -171.75181153682877, "params": {"gamma": 5.3133468170001, "prior": 2.558078217071276, "rate": 2.9514906739197095}, "datetime": {"datetime": "2024-04-12 13:57:21", "elapsed": 2.743182, "delta": 0.007877}}
{"target": -202.59183459597682, "params": {"gamma": 8.726988963029699, "prior": 4.274492755012122, "rate": 0.6452381255404884}, "datetime": {"datetime": "2024-04-12 13:57:21", "elapsed": 2.750925, "delta": 0.007743}}
{"target": -337.24734711181486, "params": {"gamma": 8.969953710006317, "prior": 2.1134702449581058, "rate": 8.262449127388422}, "datetime": {"datetime": "2024-04-12 13:57:21", "elapsed": 2.758696, "delta": 0.007771}}
{"target": -255.29996115470905, "params": {"gamma": 8.81782446020499, "prior": 4.918832373701547, "rate": 5.98504846635326}, "datetime": {"datetime": "2024-04-12 13:57:21", "elapsed": 2.766452, "delta": 0.007756}}
{"target": -177.44397029221503, "params": {"gamma": 5.273147297397685, "prior": 6.28573081243644, "rate": 8.550562171752167}, "datetime": {"datetime": "2024-04-12 13:57:21", "elapsed": 2.774334, "delta": 0.007882}}
{"target": -121.04447662691604, "params": {"gamma": 2.8221123446002014, "prior": 8.849179530987948, "rate": 5.677335610861374}, "datetime": {"datetime": "2024-04-12 13:57:21", "elapsed": 2.78207, "delta": 0.007736}}
{"target": -127.9278507062216, "params": {"gamma": 1.151915306628067, "prior": 2.347311535625114, "rate": 5.960227873744525}, "datetime": {"datetime": "2024-04-12 13:57:21", "elapsed": 2.78987, "delta": 0.0078}}
{"target": -126.3924955594003, "params": {"gamma": 2.395222922809899, "prior": 1.4010150393208598, "rate": 1.6193152935242277}, "datetime": {"datetime": "2024-04-12 13:57:21", "elapsed": 2.79766, "delta": 0.00779}}
{"target": -261.4899305015801, "params": {"gamma": 8.448880309839154, "prior": 6.061618173537837, "rate": 9.635707304796231}, "datetime": {"datetime": "2024-04-12 13:57:21", "elapsed": 2.805654, "delta": 0.007994}}
{"target": -134.972479131328, "params": {"gamma": 3.4574464537469587, "prior": 5.996688471536002, "rate": 5.9902539044452245}, "datetime": {"datetime": "2024-04-12 13:57:21", "elapsed": 2.813494, "delta": 0.00784}}
{"target": -282.7006716888713, "params": {"gamma": 6.157427167752284, "prior": 0.6858543511386517, "rate": 7.503421528562285}, "datetime": {"datetime": "2024-04-12 13:57:21", "elapsed": 2.821436, "delta": 0.007942}}
{"target": -225.67713493340244, "params": {"gamma": 9.482146772378064, "prior": 5.393322666077928, "rate": 1.926367653529729}, "datetime": {"datetime": "2024-04-12 13:57:21", "elapsed": 2.829215, "delta": 0.007779}}
{"target": -347.3607020907171, "params": {"gamma": 7.529506223884443, "prior": 0.17245779634585162, "rate": 3.2832327804041577}, "datetime": {"datetime": "2024-04-12 13:57:21", "elapsed": 2.837199, "delta": 0.007984}}
{"target": -274.0886998913442, "params": {"gamma": 9.176145870096288, "prior": 5.92483659564938, "rate": 8.55204764875745}, "datetime": {"datetime": "2024-04-12 13:57:21", "elapsed": 2.84502, "delta": 0.007821}}
{"target": -184.16223819734947, "params": {"gamma": 6.047115851439529, "prior": 8.243523709986324, "rate": 8.79495575076974}, "datetime": {"datetime": "2024-04-12 13:57:21", "elapsed": 2.852952, "delta": 0.007932}}
{"target": -170.48510543947083, "params": {"gamma": 3.210542758870008, "prior": 1.3172522383665672, "rate": 7.213312138521522}, "datetime": {"datetime": "2024-04-12 13:57:21", "elapsed": 2.860753, "delta": 0.007801}}
{"target": -199.34291085943207, "params": {"gamma": 4.404030521225552, "prior": 1.3546835205058854, "rate": 5.898646657450783}, "datetime": {"datetime": "2024-04-12 13:57:21", "elapsed": 2.86845, "delta": 0.007697}}
{"target": -133.73131907622084, "params": {"gamma": 0.36164707738402946, "prior": 2.0818029524687707, "rate": 7.883223595490022}, "datetime": {"datetime": "2024-04-12 13:57:21", "elapsed": 2.876194, "delta": 0.007744}}
{"target": -139.79940954281932, "params": {"gamma": 0.12195550339356331, "prior": 3.1031221499148343, "rate": 0.2147382349196191}, "datetime": {"datetime": "2024-04-12 13:57:21", "elapsed": 2.884046, "delta": 0.007852}}
{"target": -246.21797438536825, "params": {"gamma": 9.974852442290567, "prior": 5.862096765800271, "rate": 2.93446940858208}, "datetime": {"datetime": "2024-04-12 13:57:21", "elapsed": 2.891755, "delta": 0.007709}}
{"target": -251.54435713149434, "params": {"gamma": 9.289565669469264, "prior": 5.120482293127225, "rate": 4.547467583296517}, "datetime": {"datetime": "2024-04-12 13:57:21", "elapsed": 2.899626, "delta": 0.007871}}
{"target": -182.6774483826649, "params": {"gamma": 5.879127191455569, "prior": 2.7149626776846394, "rate": 3.0535777051749857}, "datetime": {"datetime": "2024-04-12 13:57:21", "elapsed": 2.90733, "delta": 0.007704}}
{"target": -162.91950429487457, "params": {"gamma": 3.7171741126651003, "prior": 2.520035193778948, "rate": 5.845888113900182}, "datetime": {"datetime": "2024-04-12 13:57:21", "elapsed": 2.915231, "delta": 0.007901}}
{"target": -314.8843055643672, "params": {"gamma": 6.958765493189333, "prior": 0.8122774796236112, "rate": 9.710862112935013}, "datetime": {"datetime": "2024-04-12 13:57:21", "elapsed": 2.922957, "delta": 0.007726}}
{"target": -211.7402233545703, "params": {"gamma": 7.53095348803868, "prior": 8.081015313238742, "rate": 7.516652400408825}, "datetime": {"datetime": "2024-04-12 13:57:21", "elapsed": 2.930859, "delta": 0.007902}}
{"target": -126.45738068514936, "params": {"gamma": 0.8015297117349018, "prior": 4.868793201909653, "rate": 4.457283891060159}, "datetime": {"datetime": "2024-04-12 13:57:21", "elapsed": 2.938622, "delta": 0.007763}}
{"target": -217.01802617201525, "params": {"gamma": 6.725054032598774, "prior": 4.5424988623607865, "rate": 7.043429670440712}, "datetime": {"datetime": "2024-04-12 13:57:21", "elapsed": 2.946422, "delta": 0.0078}}
{"target": -193.57525492228413, "params": {"gamma": 6.816771730688627, "prior": 7.001770434652286, "rate": 6.186388824872803}, "datetime": {"datetime": "2024-04-12 13:57:21", "elapsed": 2.954168, "delta": 0.007746}}
{"target": -122.09578714172501, "params": {"gamma": 1.5106563520631782, "prior": 7.631944317426985, "rate": 7.810677176117377}, "datetime": {"datetime": "2024-04-12 13:57:21", "elapsed": 2.96207, "delta": 0.007902}}
{"target": -237.6687075715123, "params": {"gamma": 9.041125756152136, "prior": 2.414310056780649, "rate": 1.7676122518303419}, "datetime": {"datetime": "2024-04-12 13:57:21", "elapsed": 2.969869, "delta": 0.007799}}
{"target": -169.4813993384907, "params": {"gamma": 3.9116001319445175, "prior": 3.2735900745520863, "rate": 8.154953813127257}, "datetime": {"datetime": "2024-04-12 13:57:21", "elapsed": 2.977706, "delta": 0.007837}}
{"target": -165.8568528212935, "params": {"gamma": 6.135645470784649, "prior": 7.624017348262513, "rate": 4.277223331869946}, "datetime": {"datetime": "2024-04-12 13:57:21", "elapsed": 2.985436, "delta": 0.00773}}
{"target": -128.57231510032338, "params": {"gamma": 0.9953061885929767, "prior": 1.238846619297438, "rate": 3.734697910240216}, "datetime": {"datetime": "2024-04-12 13:57:21", "elapsed": 2.993324, "delta": 0.007888}}
{"target": -119.17204381812272, "params": {"gamma": 1.939283827327562, "prior": 8.225390336367088, "rate": 5.996760448228745}, "datetime": {"datetime": "2024-04-12 13:57:21", "elapsed": 3.001131, "delta": 0.007807}}
{"target": -170.6604449799068, "params": {"gamma": 6.888763744927632, "prior": 4.9619886169125325, "rate": 0.8826486387405684}, "datetime": {"datetime": "2024-04-12 13:57:21", "elapsed": 3.009035, "delta": 0.007904}}
{"target": -116.29768425146405, "params": {"gamma": 2.351541289225017, "prior": 4.669860600827058, "rate": 1.9867164390362086}, "datetime": {"datetime": "2024-04-12 13:57:21", "elapsed": 3.016879, "delta": 0.007844}}
{"target": -136.0660594197528, "params": {"gamma": 0.2557368815524242, "prior": 7.321037212735911, "rate": 7.249442555443973}, "datetime": {"datetime": "2024-04-12 13:57:21", "elapsed": 3.024982, "delta": 0.008103}}
{"target": -122.25733223483286, "params": {"gamma": 3.304587071870666, "prior": 8.45059184803019, "rate": 4.284996317034784}, "datetime": {"datetime": "2024-04-12 13:57:21", "elapsed": 3.03287, "delta": 0.007888}}
{"target": -235.64229438072854, "params": {"gamma": 8.64699676149058, "prior": 6.604947703766606, "rate": 5.810775538523484}, "datetime": {"datetime": "2024-04-12 13:57:21", "elapsed": 3.040759, "delta": 0.007889}}
{"target": -128.6871900464893, "params": {"gamma": 2.008074152862875, "prior": 5.342511443736109, "rate": 8.944429751857296}, "datetime": {"datetime": "2024-04-12 13:57:21", "elapsed": 3.048473, "delta": 0.007714}}
{"target": -130.86611535727775, "params": {"gamma": 3.0506347643763254, "prior": 8.722361530694428, "rate": 9.087543983311022}, "datetime": {"datetime": "2024-04-12 13:57:21", "elapsed": 3.056265, "delta": 0.007792}}
{"target": -139.32306848410542, "params": {"gamma": 3.2991157822561417, "prior": 6.862436226731985, "rate": 8.992310274710121}, "datetime": {"datetime": "2024-04-12 13:57:21", "elapsed": 3.064042, "delta": 0.007777}}
{"target": -126.88401568006064, "params": {"gamma": 0.7578931207012753, "prior": 8.798019845727227, "rate": 1.9092027933215376}, "datetime": {"datetime": "2024-04-12 13:57:21", "elapsed": 3.071842, "delta": 0.0078}}
{"target": -213.43468110926278, "params": {"gamma": 8.497839331269288, "prior": 6.704476008122119, "rate": 3.4440476153050885}, "datetime": {"datetime": "2024-04-12 13:57:21", "elapsed": 3.079879, "delta": 0.008037}}
{"target": -124.05517502351702, "params": {"gamma": 1.5146043243579972, "prior": 6.390172518735689, "rate": 8.478032649103701}, "datetime": {"datetime": "2024-04-12 13:57:21", "elapsed": 3.087705, "delta": 0.007826}}
{"target": -252.6916848189441, "params": {"gamma": 8.218671898265342, "prior": 6.319572011593512, "rate": 9.563058796042565}, "datetime": {"datetime": "2024-04-12 13:57:21", "elapsed": 3.095518, "delta": 0.007813}}
{"target": -211.58153406558918, "params": {"gamma": 5.899641347630623, "prior": 2.058544568014401, "rate": 4.293877895442307}, "datetime": {"datetime": "2024-04-12 13:57:21", "elapsed": 3.103311, "delta": 0.007793}}
{"target": -121.09931400229635, "params": {"gamma": 3.3681232410129716, "prior": 9.920255617882082, "rate": 3.8029847246765303}, "datetime": {"datetime": "2024-04-12 13:57:21", "elapsed": 3.111198, "delta": 0.007887}}
{"target": -233.28889053162916, "params": {"gamma": 9.927016035774514, "prior": 5.2361620822608, "rate": 1.7236247350697775}, "datetime": {"datetime": "2024-04-12 13:57:21", "elapsed": 3.119027, "delta": 0.007829}}
