{"target": -303.84568910662057, "params": {"gamma": 3.328309906839435, "lr": 0.229077950876577}, "datetime": {"datetime": "2024-04-04 21:04:22", "elapsed": 210.089963, "delta": 6.074455}}
{"target": -345.69719163772675, "params": {"gamma": 2.4468195615044053, "lr": 0.4017304478667305}, "datetime": {"datetime": "2024-04-04 21:04:29", "elapsed": 217.210757, "delta": 7.120794}}
{"target": -382.5837256327621, "params": {"gamma": 3.5474740191610357, "lr": 0.27463393135142217}, "datetime": {"datetime": "2024-04-04 21:04:33", "elapsed": 221.528535, "delta": 4.317778}}
{"target": -146.02566032321627, "params": {"gamma": 0.0026288011756329583, "lr": 0.3936652996866882}, "datetime": {"datetime": "2024-04-04 21:04:41", "elapsed": 229.104761, "delta": 7.576226}}
{"target": -257.9771331977411, "params": {"gamma": 2.080452326065713, "lr": 0.3562657049311111}, "datetime": {"datetime": "2024-04-04 21:04:43", "elapsed": 231.854644, "delta": 2.749883}}
{"target": -165.36884194697302, "params": {"gamma": 0.3652150022126932, "lr": 1.0}, "datetime": {"datetime": "2024-04-04 21:04:49", "elapsed": 236.974908, "delta": 5.120264}}
{"target": -139.43726574715157, "params": {"gamma": 0.34487348056155054, "lr": 0.44565732526029445}, "datetime": {"datetime": "2024-04-04 21:04:55", "elapsed": 243.199793, "delta": 6.224885}}
{"target": -235.48265956442216, "params": {"gamma": 0.9884432356689201, "lr": 0.7496007596414923}, "datetime": {"datetime": "2024-04-04 21:04:57", "elapsed": 245.817277, "delta": 2.617484}}
{"target": -304.012181731738, "params": {"gamma": 2.7183467660313396, "lr": 0.26180773246251887}, "datetime": {"datetime": "2024-04-04 21:05:02", "elapsed": 250.897293, "delta": 5.080016}}
{"target": -351.99366172235557, "params": {"gamma": 3.2274266966260337, "lr": 0.2805134038209678}, "datetime": {"datetime": "2024-04-04 21:05:06", "elapsed": 254.160497, "delta": 3.263204}}
{"target": -385.93482314759893, "params": {"gamma": 2.079335596881163, "lr": 0.6346897068060462}, "datetime": {"datetime": "2024-04-04 21:05:14", "elapsed": 262.063715, "delta": 7.903218}}
{"target": -164.84941501835212, "params": {"gamma": 0.6076498943323883, "lr": 0.6605923134626468}, "datetime": {"datetime": "2024-04-04 21:05:19", "elapsed": 267.572715, "delta": 5.509}}
{"target": -132.43597962831018, "params": {"gamma": 0.6589817548817848, "lr": 0.24936549424120394}, "datetime": {"datetime": "2024-04-04 21:05:22", "elapsed": 270.531756, "delta": 2.959041}}
{"target": -427.6489919672105, "params": {"gamma": 1.5922707771319566, "lr": 0.12827251117713057}, "datetime": {"datetime": "2024-04-04 21:05:27", "elapsed": 275.544613, "delta": 5.012857}}
{"target": -213.651535176804, "params": {"gamma": 1.096234215841336, "lr": 0.5353716367733778}, "datetime": {"datetime": "2024-04-04 21:05:34", "elapsed": 282.758548, "delta": 7.213935}}
{"target": -146.08469444749443, "params": {"gamma": 0.001652676003302681, "lr": 0.6987926443757551}, "datetime": {"datetime": "2024-04-04 21:05:38", "elapsed": 286.192054, "delta": 3.433506}}
{"target": -146.2540550981487, "params": {"gamma": 1.7350398954807353, "lr": 0.0}, "datetime": {"datetime": "2024-04-04 21:05:41", "elapsed": 289.584183, "delta": 3.392129}}
{"target": -283.3299301576753, "params": {"gamma": 3.0669300263795014, "lr": 0.23661120457825702}, "datetime": {"datetime": "2024-04-04 21:05:45", "elapsed": 293.364645, "delta": 3.780462}}
{"target": -150.0894497704531, "params": {"gamma": 0.26031572002519643, "lr": 1.0}, "datetime": {"datetime": "2024-04-04 21:05:54", "elapsed": 302.146967, "delta": 8.782322}}
{"target": -320.91948601629514, "params": {"gamma": 1.7639820856571249, "lr": 0.5753186519790144}, "datetime": {"datetime": "2024-04-04 21:05:57", "elapsed": 305.887531, "delta": 3.740564}}
{"target": -436.3287039954677, "params": {"gamma": 3.6914350887953304, "lr": 0.39785941771437905}, "datetime": {"datetime": "2024-04-04 21:06:07", "elapsed": 315.621254, "delta": 9.733723}}
{"target": -404.53431053405797, "params": {"gamma": 2.6609547993956846, "lr": 0.46893833032162957}, "datetime": {"datetime": "2024-04-04 21:06:12", "elapsed": 320.903998, "delta": 5.282744}}
{"target": -146.2540550981487, "params": {"gamma": 0.3015174457717054, "lr": 0.0}, "datetime": {"datetime": "2024-04-04 21:06:18", "elapsed": 326.404485, "delta": 5.500487}}
{"target": -140.74421740879785, "params": {"gamma": 0.07039704741205306, "lr": 1.0}, "datetime": {"datetime": "2024-04-04 21:06:25", "elapsed": 333.647906, "delta": 7.243421}}
{"target": -382.8463671072725, "params": {"gamma": 3.738149767033379, "lr": 0.2872642938843408}, "datetime": {"datetime": "2024-04-04 21:06:31", "elapsed": 339.309543, "delta": 5.661637}}
{"target": -133.14157861196728, "params": {"gamma": 0.4642780936051384, "lr": 0.39302166154179985}, "datetime": {"datetime": "2024-04-04 21:06:35", "elapsed": 343.076206, "delta": 3.766663}}
{"target": -2175.43854548046, "params": {"gamma": 8.289536893768322, "lr": 0.9850220411168592}, "datetime": {"datetime": "2024-04-04 21:06:37", "elapsed": 345.025845, "delta": 1.949639}}
{"target": -201.90618860588518, "params": {"gamma": 1.0018679749845403, "lr": 0.550781921975816}, "datetime": {"datetime": "2024-04-04 21:06:41", "elapsed": 349.097767, "delta": 4.071922}}
{"target": -192.82488704986136, "params": {"gamma": 0.5471074174513891, "lr": 0.9339138814633937}, "datetime": {"datetime": "2024-04-04 21:06:51", "elapsed": 358.966678, "delta": 9.868911}}
{"target": -137.31385544323103, "params": {"gamma": 0.2615441821686154, "lr": 0.4416854786882094}, "datetime": {"datetime": "2024-04-04 21:06:55", "elapsed": 363.510429, "delta": 4.543751}}
{"target": -175.51170047895607, "params": {"gamma": 0.7531826866725699, "lr": 0.5628400328236556}, "datetime": {"datetime": "2024-04-04 21:07:04", "elapsed": 371.957119, "delta": 8.44669}}
{"target": -219.7471358774962, "params": {"gamma": 1.139362244500103, "lr": 0.17845999519745315}, "datetime": {"datetime": "2024-04-04 21:07:13", "elapsed": 381.049586, "delta": 9.092467}}
{"target": -159.73836688338906, "params": {"gamma": 0.3949923853688637, "lr": 0.8489009355260353}, "datetime": {"datetime": "2024-04-04 21:07:16", "elapsed": 384.503102, "delta": 3.453516}}
{"target": -162.3995759005574, "params": {"gamma": 0.6167286494046469, "lr": 0.5737862211203167}, "datetime": {"datetime": "2024-04-04 21:07:20", "elapsed": 388.612537, "delta": 4.109435}}
{"target": -419.7937030779927, "params": {"gamma": 1.5248276140296002, "lr": 0.9945601757504658}, "datetime": {"datetime": "2024-04-04 21:07:24", "elapsed": 392.552234, "delta": 3.939697}}
{"target": -258.89376359300127, "params": {"gamma": 0.8117639910474912, "lr": 0.13865092075790109}, "datetime": {"datetime": "2024-04-04 21:07:32", "elapsed": 399.992259, "delta": 7.440025}}
{"target": -300.33501364651704, "params": {"gamma": 1.6321775990786906, "lr": 0.604824996920215}, "datetime": {"datetime": "2024-04-04 21:07:36", "elapsed": 404.752737, "delta": 4.760478}}
{"target": -148.55243873638005, "params": {"gamma": 0.9313678842674612, "lr": 0.3278790099420723}, "datetime": {"datetime": "2024-04-04 21:07:48", "elapsed": 416.479318, "delta": 11.726581}}
{"target": -146.06423747927658, "params": {"gamma": 0.002266169742776914, "lr": 0.5503385734452647}, "datetime": {"datetime": "2024-04-04 21:07:52", "elapsed": 420.381655, "delta": 3.902337}}
{"target": -146.1838887543723, "params": {"gamma": 0.001, "lr": 0.22360428197741453}, "datetime": {"datetime": "2024-04-04 21:07:57", "elapsed": 425.464308, "delta": 5.082653}}
{"target": -351.8594501798515, "params": {"gamma": 3.4033965931028787, "lr": 0.2862650507843971}, "datetime": {"datetime": "2024-04-04 21:08:02", "elapsed": 430.178319, "delta": 4.714011}}
{"target": -148.48975481824937, "params": {"gamma": 0.4476016620909164, "lr": 0.6359905310721056}, "datetime": {"datetime": "2024-04-04 21:08:07", "elapsed": 435.58809, "delta": 5.409771}}
{"target": -383.6311240607473, "params": {"gamma": 1.396340531931906, "lr": 0.9134269330813369}, "datetime": {"datetime": "2024-04-04 21:08:17", "elapsed": 444.981344, "delta": 9.393254}}
{"target": -763.7156510871881, "params": {"gamma": 5.026606978391405, "lr": 0.17918922484104544}, "datetime": {"datetime": "2024-04-04 21:08:23", "elapsed": 451.347055, "delta": 6.365711}}
{"target": -211.72494141478725, "params": {"gamma": 0.7408387909029921, "lr": 0.7952730158696456}, "datetime": {"datetime": "2024-04-04 21:08:27", "elapsed": 455.741354, "delta": 4.394299}}
{"target": -456.5111751686427, "params": {"gamma": 3.109076940006552, "lr": 0.44120492937370104}, "datetime": {"datetime": "2024-04-04 21:08:31", "elapsed": 459.911218, "delta": 4.169864}}
{"target": -201.69500607960367, "params": {"gamma": 1.5612563901323828, "lr": 0.2738474555253189}, "datetime": {"datetime": "2024-04-04 21:08:38", "elapsed": 466.587157, "delta": 6.675939}}
{"target": -181.30459693773278, "params": {"gamma": 0.9088335456483874, "lr": 0.4570483331403994}, "datetime": {"datetime": "2024-04-04 21:08:43", "elapsed": 471.707223, "delta": 5.120066}}
{"target": -160.95356317721567, "params": {"gamma": 0.5206475589587701, "lr": 0.70058496174137}, "datetime": {"datetime": "2024-04-04 21:08:50", "elapsed": 478.608778, "delta": 6.901555}}
{"target": -625.4835918105362, "params": {"gamma": 6.041183837866978, "lr": 0.2669013697769884}, "datetime": {"datetime": "2024-04-04 21:08:58", "elapsed": 486.497645, "delta": 7.888867}}
{"target": -142.48265704365994, "params": {"gamma": 0.22940413274099322, "lr": 0.1944148145386786}, "datetime": {"datetime": "2024-04-04 21:09:04", "elapsed": 492.189823, "delta": 5.692178}}
{"target": -146.2540550981487, "params": {"gamma": 2.201482831416901, "lr": 0.0}, "datetime": {"datetime": "2024-04-04 21:09:12", "elapsed": 500.388257, "delta": 8.198434}}
{"target": -138.50771825907358, "params": {"gamma": 0.26585652354094774, "lr": 0.5973265023445806}, "datetime": {"datetime": "2024-04-04 21:09:17", "elapsed": 504.949772, "delta": 4.561515}}
{"target": -146.2540550981487, "params": {"gamma": 2.266914203179713, "lr": 0.0}, "datetime": {"datetime": "2024-04-04 21:09:22", "elapsed": 510.896237, "delta": 5.946465}}
{"target": -191.73400000183278, "params": {"gamma": 0.5934136113615301, "lr": 0.8326678448991541}, "datetime": {"datetime": "2024-04-04 21:09:32", "elapsed": 520.082398, "delta": 9.186161}}
{"target": -280.97047687683363, "params": {"gamma": 0.9542158013068582, "lr": 0.9292574432167132}, "datetime": {"datetime": "2024-04-04 21:09:35", "elapsed": 523.662868, "delta": 3.58047}}
{"target": -1890.428907912789, "params": {"gamma": 3.6321830303402183, "lr": 0.012885773846974646}, "datetime": {"datetime": "2024-04-04 21:09:37", "elapsed": 525.635278, "delta": 1.97241}}
{"target": -232.52196138409428, "params": {"gamma": 1.928106861917368, "lr": 0.2580280131403919}, "datetime": {"datetime": "2024-04-04 21:09:40", "elapsed": 528.703247, "delta": 3.067969}}
{"target": -969.1174691054845, "params": {"gamma": 1.8412293886114661, "lr": 0.07594474821185704}, "datetime": {"datetime": "2024-04-04 21:09:50", "elapsed": 538.072757, "delta": 9.36951}}
{"target": -187.2581859098372, "params": {"gamma": 1.7672530894395817, "lr": 0.235883444280222}, "datetime": {"datetime": "2024-04-04 21:09:59", "elapsed": 547.424821, "delta": 9.352064}}
{"target": -457.58742266785845, "params": {"gamma": 3.3363061905673432, "lr": 0.40661143328330995}, "datetime": {"datetime": "2024-04-04 21:10:03", "elapsed": 551.549815, "delta": 4.124994}}
{"target": -391.4564561776101, "params": {"gamma": 2.813499463818115, "lr": 0.4030614686093579}, "datetime": {"datetime": "2024-04-04 21:10:10", "elapsed": 558.040383, "delta": 6.490568}}
{"target": -408.40431988787094, "params": {"gamma": 1.7097502488479612, "lr": 0.7735767162626381}, "datetime": {"datetime": "2024-04-04 21:10:15", "elapsed": 563.682198, "delta": 5.641815}}
{"target": -193.46451756929466, "params": {"gamma": 0.971185638817338, "lr": 0.18770552191726078}, "datetime": {"datetime": "2024-04-04 21:10:18", "elapsed": 566.731461, "delta": 3.049263}}
{"target": -277.01238436868925, "params": {"gamma": 2.270415899720941, "lr": 0.3341375383354056}, "datetime": {"datetime": "2024-04-04 21:10:23", "elapsed": 571.222985, "delta": 4.491524}}
{"target": -132.45655148474958, "params": {"gamma": 0.4884043326437633, "lr": 0.32767377587708235}, "datetime": {"datetime": "2024-04-04 21:10:32", "elapsed": 580.592671, "delta": 9.369686}}
{"target": -187.95914841919782, "params": {"gamma": 1.3339194990636924, "lr": 0.34464168262135053}, "datetime": {"datetime": "2024-04-04 21:10:36", "elapsed": 584.900095, "delta": 4.307424}}
{"target": -256.742605944993, "params": {"gamma": 1.5288488125493578, "lr": 0.19842725611201195}, "datetime": {"datetime": "2024-04-04 21:10:43", "elapsed": 591.401451, "delta": 6.501356}}
{"target": -170.88393693535897, "params": {"gamma": 0.4937988325404208, "lr": 0.7797287278857906}, "datetime": {"datetime": "2024-04-04 21:10:50", "elapsed": 598.596067, "delta": 7.194616}}
{"target": -536.0473971472065, "params": {"gamma": 2.6620773759873417, "lr": 0.6758890220814426}, "datetime": {"datetime": "2024-04-04 21:10:55", "elapsed": 603.103389, "delta": 4.507322}}
{"target": -200.78258448344553, "params": {"gamma": 1.1228007501800172, "lr": 0.441350996273137}, "datetime": {"datetime": "2024-04-04 21:10:59", "elapsed": 607.075075, "delta": 3.971686}}
{"target": -253.4211463169521, "params": {"gamma": 1.6823231881966387, "lr": 0.4169553238227399}, "datetime": {"datetime": "2024-04-04 21:11:05", "elapsed": 613.07999, "delta": 6.004915}}
{"target": -575.5351332984264, "params": {"gamma": 1.060039259857757, "lr": 0.0006673164646369134}, "datetime": {"datetime": "2024-04-04 21:11:15", "elapsed": 623.140859, "delta": 10.060869}}
{"target": -1158.5624860762398, "params": {"gamma": 2.2115308715108752, "lr": 0.05863800874760772}, "datetime": {"datetime": "2024-04-04 21:11:17", "elapsed": 625.87941, "delta": 2.738551}}
{"target": -237.30536026093696, "params": {"gamma": 1.396113667202629, "lr": 0.44861246657532516}, "datetime": {"datetime": "2024-04-04 21:11:22", "elapsed": 630.676324, "delta": 4.796914}}
{"target": -146.42919037895035, "params": {"gamma": 0.001, "lr": 0.06195951439448414}, "datetime": {"datetime": "2024-04-04 21:11:28", "elapsed": 635.970206, "delta": 5.293882}}
{"target": -229.47417374548652, "params": {"gamma": 1.177835497394755, "lr": 0.5710654545853073}, "datetime": {"datetime": "2024-04-04 21:11:34", "elapsed": 642.898268, "delta": 6.928062}}
{"target": -713.3126503024265, "params": {"gamma": 2.675039110395479, "lr": 0.9963421263831755}, "datetime": {"datetime": "2024-04-04 21:11:38", "elapsed": 646.635995, "delta": 3.737727}}
{"target": -132.08416370316584, "params": {"gamma": 0.3392785302035559, "lr": 0.291072606675171}, "datetime": {"datetime": "2024-04-04 21:11:49", "elapsed": 657.26424, "delta": 10.628245}}
{"target": -315.4014836884481, "params": {"gamma": 1.0997563590787556, "lr": 0.9983457703418116}, "datetime": {"datetime": "2024-04-04 21:11:55", "elapsed": 663.070717, "delta": 5.806477}}
{"target": -132.02439200872115, "params": {"gamma": 0.3858045792931282, "lr": 0.3863897958339466}, "datetime": {"datetime": "2024-04-04 21:12:04", "elapsed": 671.950937, "delta": 8.88022}}
{"target": -329.1955217507254, "params": {"gamma": 3.6479916385858027, "lr": 0.22794729501671918}, "datetime": {"datetime": "2024-04-04 21:12:13", "elapsed": 681.341683, "delta": 9.390746}}
{"target": -142.3414109372137, "params": {"gamma": 0.05873927909334688, "lr": 0.4363891360047555}, "datetime": {"datetime": "2024-04-04 21:12:19", "elapsed": 687.420085, "delta": 6.078402}}
{"target": -202.4697267838436, "params": {"gamma": 1.2258397910315333, "lr": 0.40268874122603393}, "datetime": {"datetime": "2024-04-04 21:12:24", "elapsed": 692.311097, "delta": 4.891012}}
{"target": -146.2540550981487, "params": {"gamma": 0.3884872601414595, "lr": 0.0}, "datetime": {"datetime": "2024-04-04 21:12:34", "elapsed": 702.479207, "delta": 10.16811}}
{"target": -986.6244082176331, "params": {"gamma": 3.860405504205809, "lr": 0.8648326547507652}, "datetime": {"datetime": "2024-04-04 21:12:36", "elapsed": 704.441389, "delta": 1.962182}}
{"target": -223.85396579527244, "params": {"gamma": 1.8274469788436882, "lr": 0.2764305960467526}, "datetime": {"datetime": "2024-04-04 21:12:40", "elapsed": 708.64572, "delta": 4.204331}}
{"target": -222.62013493093707, "params": {"gamma": 1.2754240971644872, "lr": 0.4976069133987293}, "datetime": {"datetime": "2024-04-04 21:12:44", "elapsed": 712.293093, "delta": 3.647373}}
{"target": -138.21997488195103, "params": {"gamma": 0.17204606634422914, "lr": 0.48887344261495835}, "datetime": {"datetime": "2024-04-04 21:12:48", "elapsed": 716.087038, "delta": 3.793945}}
{"target": -212.7484950288013, "params": {"gamma": 1.6958834132534144, "lr": 0.28538895331629577}, "datetime": {"datetime": "2024-04-04 21:12:52", "elapsed": 720.21901, "delta": 4.131972}}
{"target": -138.3430373756872, "params": {"gamma": 0.5977389731793257, "lr": 0.3448065256059356}, "datetime": {"datetime": "2024-04-04 21:12:59", "elapsed": 727.40101, "delta": 7.182}}
{"target": -155.08891559156172, "params": {"gamma": 1.0455452694079084, "lr": 0.32065690739602815}, "datetime": {"datetime": "2024-04-04 21:13:04", "elapsed": 732.279037, "delta": 4.878027}}
{"target": -235.0317060433009, "params": {"gamma": 2.2523222178948723, "lr": 0.2142820268108182}, "datetime": {"datetime": "2024-04-04 21:13:10", "elapsed": 738.805853, "delta": 6.526816}}
{"target": -140.17486754107622, "params": {"gamma": 0.1561272658153398, "lr": 0.847137410597119}, "datetime": {"datetime": "2024-04-04 21:13:15", "elapsed": 743.396689, "delta": 4.590836}}
{"target": -361.25712229886466, "params": {"gamma": 1.1916514807613938, "lr": 1.0}, "datetime": {"datetime": "2024-04-04 21:13:21", "elapsed": 749.195338, "delta": 5.798649}}
{"target": -138.8863630392639, "params": {"gamma": 0.09705388942278216, "lr": 0.6103627594186523}, "datetime": {"datetime": "2024-04-04 21:13:26", "elapsed": 753.969107, "delta": 4.773769}}
{"target": -242.25442098713327, "params": {"gamma": 0.9090437900314168, "lr": 0.7623716675314915}, "datetime": {"datetime": "2024-04-04 21:13:30", "elapsed": 758.649967, "delta": 4.68086}}
{"target": -146.2540550981487, "params": {"gamma": 0.7705935916350997, "lr": 0.0}, "datetime": {"datetime": "2024-04-04 21:13:40", "elapsed": 768.927379, "delta": 10.277412}}
{"target": -134.58122374021565, "params": {"gamma": 0.22590036912105338, "lr": 0.36650828482659126}, "datetime": {"datetime": "2024-04-04 21:13:48", "elapsed": 776.272431, "delta": 7.345052}}
{"target": -132.45674233020316, "params": {"gamma": 0.48841871460944297, "lr": 0.3275747701924504}, "datetime": {"datetime": "2024-04-04 21:13:50", "elapsed": 778.140013, "delta": 1.867582}}
{"target": -135.27335428271883, "params": {"gamma": 0.19496353252018214, "lr": 0.2860698881322916}, "datetime": {"datetime": "2024-04-04 21:13:59", "elapsed": 787.016406, "delta": 8.876393}}
{"target": -445.4783918032469, "params": {"gamma": 4.198914248601561, "lr": 0.2589663201734891}, "datetime": {"datetime": "2024-04-04 21:14:02", "elapsed": 790.602255, "delta": 3.585849}}
{"target": -451.58643685376103, "params": {"gamma": 3.002082616745274, "lr": 0.4611423138907007}, "datetime": {"datetime": "2024-04-04 21:14:08", "elapsed": 796.813026, "delta": 6.210771}}
{"target": -371.95866658284535, "params": {"gamma": 1.7904745695203221, "lr": 0.6809042261863427}, "datetime": {"datetime": "2024-04-04 21:14:14", "elapsed": 802.210307, "delta": 5.397281}}
{"target": -146.37495174910404, "params": {"gamma": 0.44081371667194486, "lr": 0.5638717349222814}, "datetime": {"datetime": "2024-04-04 21:14:22", "elapsed": 810.881947, "delta": 8.67164}}
{"target": -140.846642182954, "params": {"gamma": 0.35416981747917864, "lr": 0.5144072509565448}, "datetime": {"datetime": "2024-04-04 21:14:28", "elapsed": 816.025291, "delta": 5.143344}}
{"target": -386.3175213011163, "params": {"gamma": 2.5279366883111902, "lr": 0.47599735700330037}, "datetime": {"datetime": "2024-04-04 21:14:34", "elapsed": 822.783279, "delta": 6.757988}}
{"target": -250.3598383629651, "params": {"gamma": 2.0034399178069413, "lr": 0.33394288031754094}, "datetime": {"datetime": "2024-04-04 21:14:42", "elapsed": 830.81072, "delta": 8.027441}}
{"target": -145.31111943598856, "params": {"gamma": 0.8691535634509582, "lr": 0.30178861569669124}, "datetime": {"datetime": "2024-04-04 21:14:49", "elapsed": 837.399772, "delta": 6.589052}}
{"target": -517.115176459935, "params": {"gamma": 3.4729986385297247, "lr": 0.4588066817041677}, "datetime": {"datetime": "2024-04-04 21:14:52", "elapsed": 840.690334, "delta": 3.290562}}
{"target": -164.32100707696839, "params": {"gamma": 0.6567070895509971, "lr": 0.18551338482359014}, "datetime": {"datetime": "2024-04-04 21:14:56", "elapsed": 844.928151, "delta": 4.237817}}
{"target": -181.4761905012304, "params": {"gamma": 0.8319413204325978, "lr": 0.5393125974357869}, "datetime": {"datetime": "2024-04-04 21:15:00", "elapsed": 848.043371, "delta": 3.11522}}
{"target": -334.9577965241185, "params": {"gamma": 0.5538293273381169, "lr": 0.049269764389587606}, "datetime": {"datetime": "2024-04-04 21:15:08", "elapsed": 856.030706, "delta": 7.987335}}
{"target": -256.2538999369253, "params": {"gamma": 1.4129998463187339, "lr": 0.5481820218886836}, "datetime": {"datetime": "2024-04-04 21:15:14", "elapsed": 862.313113, "delta": 6.282407}}
{"target": -139.6151933178875, "params": {"gamma": 0.0875339083729775, "lr": 0.7434070127357879}, "datetime": {"datetime": "2024-04-04 21:15:18", "elapsed": 866.015503, "delta": 3.70239}}
{"target": -560.8131878072882, "params": {"gamma": 2.0817274613920316, "lr": 0.9999393017303786}, "datetime": {"datetime": "2024-04-04 21:15:27", "elapsed": 875.550277, "delta": 9.534774}}
{"target": -284.8971869452483, "params": {"gamma": 2.6676163868144664, "lr": 0.3213973136092947}, "datetime": {"datetime": "2024-04-04 21:15:34", "elapsed": 882.7276, "delta": 7.177323}}
