{"target": -249.24879228160128, "params": {"gamma": 1.521542868343571, "lr": 0.9945793058498934}, "datetime": {"datetime": "2024-04-03 23:35:28", "elapsed": 213.044233, "delta": 6.079092}}
{"target": -287.77866411753223, "params": {"gamma": 3.0579906210503793, "lr": 0.23249999811136512}, "datetime": {"datetime": "2024-04-03 23:35:35", "elapsed": 219.363241, "delta": 6.319008}}
{"target": -120.09077798468958, "params": {"gamma": 0.6119637271341911, "lr": 0.6599530792564042}, "datetime": {"datetime": "2024-04-03 23:35:38", "elapsed": 222.96051, "delta": 3.597269}}
{"target": -140.29740857506496, "params": {"gamma": 1.0095734398889027, "lr": 0.5563262413021297}, "datetime": {"datetime": "2024-04-03 23:35:48", "elapsed": 232.700157, "delta": 9.739647}}
{"target": -136.63173670697986, "params": {"gamma": 0.055378968622908226, "lr": 0.20954138307028491}, "datetime": {"datetime": "2024-04-03 23:35:51", "elapsed": 235.382049, "delta": 2.681892}}
{"target": -134.57911781442712, "params": {"gamma": 0.06848897902742306, "lr": 0.9253250020778555}, "datetime": {"datetime": "2024-04-03 23:35:56", "elapsed": 240.825482, "delta": 5.443433}}
{"target": -126.1950662699456, "params": {"gamma": 0.35998635005826685, "lr": 0.9998562010624206}, "datetime": {"datetime": "2024-04-03 23:36:02", "elapsed": 246.380915, "delta": 5.555433}}
{"target": -153.81974415332814, "params": {"gamma": 1.3235218832940174, "lr": 0.39968917471858756}, "datetime": {"datetime": "2024-04-03 23:36:04", "elapsed": 248.843967, "delta": 2.463052}}
{"target": -200.95154656922836, "params": {"gamma": 1.6455990638035243, "lr": 0.6170390992722039}, "datetime": {"datetime": "2024-04-03 23:36:09", "elapsed": 254.011241, "delta": 5.167274}}
{"target": -202.00145432562877, "params": {"gamma": 1.7634512932272604, "lr": 0.5673482266510184}, "datetime": {"datetime": "2024-04-03 23:36:13", "elapsed": 257.349159, "delta": 3.337918}}
{"target": -201.17932326791927, "params": {"gamma": 2.0744737936610886, "lr": 0.3554784838504462}, "datetime": {"datetime": "2024-04-03 23:36:23", "elapsed": 267.270919, "delta": 9.92176}}
{"target": -659.1238784952172, "params": {"gamma": 1.834951336620157, "lr": 0.08145076001220897}, "datetime": {"datetime": "2024-04-03 23:36:31", "elapsed": 275.54759, "delta": 8.276671}}
{"target": -628.3008290318368, "params": {"gamma": 1.7413160554950748, "lr": 0.01757629218236323}, "datetime": {"datetime": "2024-04-03 23:36:33", "elapsed": 278.25901, "delta": 2.71142}}
{"target": -311.2769109970687, "params": {"gamma": 3.333687433498254, "lr": 0.22910961623096393}, "datetime": {"datetime": "2024-04-03 23:36:41", "elapsed": 285.832433, "delta": 7.573423}}
{"target": -257.63868350223794, "params": {"gamma": 3.198226930112304, "lr": 0.27266240244600604}, "datetime": {"datetime": "2024-04-03 23:36:46", "elapsed": 291.163595, "delta": 5.331162}}
{"target": -143.90269276309232, "params": {"gamma": 0.001652676003302681, "lr": 0.6987926443757551}, "datetime": {"datetime": "2024-04-03 23:36:50", "elapsed": 294.407381, "delta": 3.243786}}
{"target": -145.0345120536099, "params": {"gamma": 0.75141208373195, "lr": 0.8070965566438162}, "datetime": {"datetime": "2024-04-03 23:36:53", "elapsed": 297.708833, "delta": 3.301452}}
{"target": -114.24284608657472, "params": {"gamma": 0.4617723892608281, "lr": 0.3946857523195486}, "datetime": {"datetime": "2024-04-03 23:36:56", "elapsed": 301.208726, "delta": 3.499893}}
{"target": -144.17461355646887, "params": {"gamma": 0.30151853994026484, "lr": 0.0}, "datetime": {"datetime": "2024-04-03 23:37:05", "elapsed": 309.507106, "delta": 8.29838}}
{"target": -143.91706951784684, "params": {"gamma": 0.001752922070262342, "lr": 0.4037438914522591}, "datetime": {"datetime": "2024-04-03 23:37:09", "elapsed": 314.034075, "delta": 4.526969}}
{"target": -678.8040449918909, "params": {"gamma": 8.354621018009103, "lr": 0.3135781031477508}, "datetime": {"datetime": "2024-04-03 23:37:15", "elapsed": 319.396628, "delta": 5.362553}}
{"target": -123.49530290361874, "params": {"gamma": 0.7565979559917959, "lr": 0.5761713790634931}, "datetime": {"datetime": "2024-04-03 23:37:20", "elapsed": 324.962143, "delta": 5.565515}}
{"target": -117.5668668781643, "params": {"gamma": 0.9521323744626057, "lr": 0.32126932086122506}, "datetime": {"datetime": "2024-04-03 23:37:26", "elapsed": 330.957689, "delta": 5.995546}}
{"target": -230.88745641199807, "params": {"gamma": 1.3801845739193328, "lr": 0.9181012560550993}, "datetime": {"datetime": "2024-04-03 23:37:33", "elapsed": 337.677174, "delta": 6.719485}}
{"target": -117.78715971122116, "params": {"gamma": 0.26095576215398064, "lr": 0.43804357226927937}, "datetime": {"datetime": "2024-04-03 23:37:38", "elapsed": 342.756903, "delta": 5.079729}}
{"target": -136.56828141543514, "params": {"gamma": 0.537078008129562, "lr": 0.9100075873757212}, "datetime": {"datetime": "2024-04-03 23:37:42", "elapsed": 346.585882, "delta": 3.828979}}
{"target": -1198.7965240206386, "params": {"gamma": 8.289536893768322, "lr": 0.9850220411168592}, "datetime": {"datetime": "2024-04-03 23:37:44", "elapsed": 348.267153, "delta": 1.681271}}
{"target": -124.3625321330651, "params": {"gamma": 0.2608010507780398, "lr": 0.9985957371353908}, "datetime": {"datetime": "2024-04-03 23:37:47", "elapsed": 352.087189, "delta": 3.820036}}
{"target": -119.16524268071053, "params": {"gamma": 0.6261005338789238, "lr": 0.5713418022569315}, "datetime": {"datetime": "2024-04-03 23:37:56", "elapsed": 360.321883, "delta": 8.234694}}
{"target": -121.50367706211733, "params": {"gamma": 0.36908740439184656, "lr": 0.8526969909708052}, "datetime": {"datetime": "2024-04-03 23:38:00", "elapsed": 365.002918, "delta": 4.681035}}
{"target": -177.3206409954021, "params": {"gamma": 1.1437771537680552, "lr": 0.1610326680635454}, "datetime": {"datetime": "2024-04-03 23:38:08", "elapsed": 373.261099, "delta": 8.258181}}
{"target": -186.15195010762216, "params": {"gamma": 0.804483664170809, "lr": 0.13980078665277812}, "datetime": {"datetime": "2024-04-03 23:38:18", "elapsed": 383.029434, "delta": 9.768335}}
{"target": -122.7586399041099, "params": {"gamma": 0.8841233977282743, "lr": 0.4727748984929705}, "datetime": {"datetime": "2024-04-03 23:38:22", "elapsed": 386.410741, "delta": 3.381307}}
{"target": -145.74091416611142, "params": {"gamma": 1.5607351795402957, "lr": 0.2748023534644424}, "datetime": {"datetime": "2024-04-03 23:38:25", "elapsed": 389.792581, "delta": 3.38184}}
{"target": -344.832967461192, "params": {"gamma": 3.723929028308471, "lr": 0.2471400033497302}, "datetime": {"datetime": "2024-04-03 23:38:28", "elapsed": 393.037149, "delta": 3.244568}}
{"target": -253.83272575202616, "params": {"gamma": 2.6543867609077565, "lr": 0.4890689428730519}, "datetime": {"datetime": "2024-04-03 23:38:38", "elapsed": 402.285643, "delta": 9.248494}}
{"target": -134.73259982148994, "params": {"gamma": 0.6145563243832576, "lr": 0.8292246408674055}, "datetime": {"datetime": "2024-04-03 23:38:43", "elapsed": 408.069165, "delta": 5.783522}}
{"target": -232.05722631547746, "params": {"gamma": 1.710021516697603, "lr": 0.7703676791195343}, "datetime": {"datetime": "2024-04-03 23:38:50", "elapsed": 414.949823, "delta": 6.880658}}
{"target": -124.28405858502389, "params": {"gamma": 0.5170621205452421, "lr": 0.7160654054487023}, "datetime": {"datetime": "2024-04-03 23:38:54", "elapsed": 418.527696, "delta": 3.577873}}
{"target": -366.29970058912244, "params": {"gamma": 4.125554690456351, "lr": 0.37487485877138893}, "datetime": {"datetime": "2024-04-03 23:39:00", "elapsed": 425.117959, "delta": 6.590263}}
{"target": -1749.5978390721784, "params": {"gamma": 10.0, "lr": 1.0}, "datetime": {"datetime": "2024-04-03 23:39:05", "elapsed": 429.875127, "delta": 4.757168}}
{"target": -269.3274866025543, "params": {"gamma": 2.97144917079412, "lr": 0.4170450127035533}, "datetime": {"datetime": "2024-04-03 23:39:10", "elapsed": 435.029926, "delta": 5.154799}}
{"target": -329.4374207983275, "params": {"gamma": 3.70060891445122, "lr": 0.4132989819074463}, "datetime": {"datetime": "2024-04-03 23:39:16", "elapsed": 440.841549, "delta": 5.811623}}
{"target": -144.37102435853757, "params": {"gamma": 1.0853264348249076, "lr": 0.5286338532400134}, "datetime": {"datetime": "2024-04-03 23:39:23", "elapsed": 447.933598, "delta": 7.092049}}
{"target": -151.7038156460564, "params": {"gamma": 0.9684952270773888, "lr": 0.19055231328733768}, "datetime": {"datetime": "2024-04-03 23:39:30", "elapsed": 454.719811, "delta": 6.786213}}
{"target": -116.74495399137193, "params": {"gamma": 0.31052555086133865, "lr": 0.5905901975960475}, "datetime": {"datetime": "2024-04-03 23:39:34", "elapsed": 458.434181, "delta": 3.71437}}
{"target": -121.00666133484131, "params": {"gamma": 0.22633146605160784, "lr": 0.22055047935472682}, "datetime": {"datetime": "2024-04-03 23:39:38", "elapsed": 463.143829, "delta": 4.709648}}
{"target": -303.1408875616979, "params": {"gamma": 3.3835452134708746, "lr": 0.4099537355275904}, "datetime": {"datetime": "2024-04-03 23:39:47", "elapsed": 471.998888, "delta": 8.855059}}
{"target": -405.0521132344823, "params": {"gamma": 2.66825459291879, "lr": 0.9995898187328022}, "datetime": {"datetime": "2024-04-03 23:39:54", "elapsed": 478.922339, "delta": 6.923451}}
{"target": -135.64903561143961, "params": {"gamma": 0.05941626144532644, "lr": 0.9988154140040651}, "datetime": {"datetime": "2024-04-03 23:40:01", "elapsed": 485.618193, "delta": 6.695854}}
{"target": -244.95878340027713, "params": {"gamma": 2.43333176817997, "lr": 0.39532126859044936}, "datetime": {"datetime": "2024-04-03 23:40:06", "elapsed": 490.548542, "delta": 4.930349}}
{"target": -144.02033936878263, "params": {"gamma": 0.001, "lr": 0.5532338433664608}, "datetime": {"datetime": "2024-04-03 23:40:13", "elapsed": 497.731695, "delta": 7.183153}}
{"target": -115.14165465329891, "params": {"gamma": 0.36440426213011345, "lr": 0.5127613389217082}, "datetime": {"datetime": "2024-04-03 23:40:18", "elapsed": 502.308134, "delta": 4.576439}}
{"target": -215.6073000921749, "params": {"gamma": 2.256734452926416, "lr": 0.3434714620871249}, "datetime": {"datetime": "2024-04-03 23:40:23", "elapsed": 507.409223, "delta": 5.101089}}
{"target": -136.3109314688592, "params": {"gamma": 1.1292603713350218, "lr": 0.4534416429392999}, "datetime": {"datetime": "2024-04-03 23:40:29", "elapsed": 513.998017, "delta": 6.588794}}
{"target": -115.94600912645288, "params": {"gamma": 0.4570844282157035, "lr": 0.6470521467561163}, "datetime": {"datetime": "2024-04-03 23:40:33", "elapsed": 517.300225, "delta": 3.302208}}
{"target": -1257.0524900438604, "params": {"gamma": 3.6321830303402183, "lr": 0.012885773846974646}, "datetime": {"datetime": "2024-04-03 23:40:34", "elapsed": 519.119838, "delta": 1.819613}}
{"target": -144.17461355646887, "params": {"gamma": 1.873463228763375, "lr": 0.0}, "datetime": {"datetime": "2024-04-03 23:40:37", "elapsed": 521.979258, "delta": 2.85942}}
{"target": -107.93040921492901, "params": {"gamma": 0.4885130619080477, "lr": 0.3208954087270066}, "datetime": {"datetime": "2024-04-03 23:40:44", "elapsed": 529.022119, "delta": 7.042861}}
{"target": -155.70217693391623, "params": {"gamma": 1.4202906351160962, "lr": 0.48489103319695115}, "datetime": {"datetime": "2024-04-03 23:40:52", "elapsed": 536.411816, "delta": 7.389697}}
{"target": -1067.4115559301667, "params": {"gamma": 7.363452655129601, "lr": 0.9971838112105152}, "datetime": {"datetime": "2024-04-03 23:40:55", "elapsed": 539.356146, "delta": 2.94433}}
{"target": -255.17308862568922, "params": {"gamma": 2.7873795500587497, "lr": 0.36691830937425696}, "datetime": {"datetime": "2024-04-03 23:41:01", "elapsed": 545.892405, "delta": 6.536259}}
{"target": -124.95076577150213, "params": {"gamma": 0.4537871001671687, "lr": 0.803068229273683}, "datetime": {"datetime": "2024-04-03 23:41:08", "elapsed": 553.204717, "delta": 7.312312}}
{"target": -195.33216590151795, "params": {"gamma": 1.0967303388786576, "lr": 0.9964270566052735}, "datetime": {"datetime": "2024-04-03 23:41:12", "elapsed": 556.910928, "delta": 3.706211}}
{"target": -278.2703329848289, "params": {"gamma": 3.1186309299814017, "lr": 0.4434251256331746}, "datetime": {"datetime": "2024-04-03 23:41:16", "elapsed": 560.578839, "delta": 3.667911}}
{"target": -326.5291010208879, "params": {"gamma": 2.3495589380684683, "lr": 0.8048529061792025}, "datetime": {"datetime": "2024-04-03 23:41:22", "elapsed": 566.62786, "delta": 6.049021}}
{"target": -176.6343336550919, "params": {"gamma": 1.0668094539348816, "lr": 0.8216636568745238}, "datetime": {"datetime": "2024-04-03 23:41:25", "elapsed": 569.945997, "delta": 3.318137}}
{"target": -144.17461355646887, "params": {"gamma": 2.211137798786975, "lr": 0.0}, "datetime": {"datetime": "2024-04-03 23:41:32", "elapsed": 576.819621, "delta": 6.873624}}
{"target": -777.420792844298, "params": {"gamma": 2.1929402911460993, "lr": 0.07040883609461845}, "datetime": {"datetime": "2024-04-03 23:41:38", "elapsed": 582.768315, "delta": 5.948694}}
{"target": -144.17461355646887, "params": {"gamma": 2.284492781853925, "lr": 0.0}, "datetime": {"datetime": "2024-04-03 23:41:42", "elapsed": 586.952276, "delta": 4.183961}}
{"target": -164.35097386062225, "params": {"gamma": 1.370345645049119, "lr": 0.5885959787243434}, "datetime": {"datetime": "2024-04-03 23:41:46", "elapsed": 590.887001, "delta": 3.934725}}
{"target": -168.8047660945367, "params": {"gamma": 1.6768360870857968, "lr": 0.41607726247038584}, "datetime": {"datetime": "2024-04-03 23:41:53", "elapsed": 598.037014, "delta": 7.150013}}
{"target": -151.7681191769171, "params": {"gamma": 0.9115956235125663, "lr": 0.7661078949239888}, "datetime": {"datetime": "2024-04-03 23:42:00", "elapsed": 605.190655, "delta": 7.153641}}
{"target": -120.32726131836556, "params": {"gamma": 0.2294057151182201, "lr": 0.6019126119595994}, "datetime": {"datetime": "2024-04-03 23:42:04", "elapsed": 608.700749, "delta": 3.510094}}
{"target": -112.7266952267124, "params": {"gamma": 0.5919544204700701, "lr": 0.3494605040914843}, "datetime": {"datetime": "2024-04-03 23:42:09", "elapsed": 613.739703, "delta": 5.038954}}
{"target": -324.69806953997625, "params": {"gamma": 2.680345270989784, "lr": 0.676677230251168}, "datetime": {"datetime": "2024-04-03 23:42:18", "elapsed": 622.605766, "delta": 8.866063}}
{"target": -182.23640694810655, "params": {"gamma": 1.760604911634137, "lr": 0.2442145304717105}, "datetime": {"datetime": "2024-04-03 23:42:24", "elapsed": 628.276705, "delta": 5.670939}}
{"target": -545.4065331626693, "params": {"gamma": 5.316120328676229, "lr": 0.535929336090534}, "datetime": {"datetime": "2024-04-03 23:42:27", "elapsed": 631.77741, "delta": 3.500705}}
{"target": -320.6626945042303, "params": {"gamma": 3.581332707679547, "lr": 0.369456435388282}, "datetime": {"datetime": "2024-04-03 23:42:36", "elapsed": 640.887845, "delta": 9.110435}}
{"target": -382.3354718480625, "params": {"gamma": 2.0818848481896226, "lr": 1.0}, "datetime": {"datetime": "2024-04-03 23:42:43", "elapsed": 647.763723, "delta": 6.875878}}
{"target": -143.8253716893273, "params": {"gamma": 0.002459191258579619, "lr": 0.2297531664204593}, "datetime": {"datetime": "2024-04-03 23:42:53", "elapsed": 657.290674, "delta": 9.526951}}
{"target": -111.2272634025583, "params": {"gamma": 0.3476057614659668, "lr": 0.3068487680544819}, "datetime": {"datetime": "2024-04-03 23:43:02", "elapsed": 667.035888, "delta": 9.745214}}
{"target": -124.88246960705007, "params": {"gamma": 0.16219531788468508, "lr": 0.5099814923726096}, "datetime": {"datetime": "2024-04-03 23:43:09", "elapsed": 673.769117, "delta": 6.733229}}
{"target": -147.0407369439842, "params": {"gamma": 1.2273559145021127, "lr": 0.3940628622724641}, "datetime": {"datetime": "2024-04-03 23:43:12", "elapsed": 677.19767, "delta": 3.428553}}
{"target": -646.678800391789, "params": {"gamma": 7.295495652794353, "lr": 0.34235969891177387}, "datetime": {"datetime": "2024-04-03 23:43:18", "elapsed": 682.580608, "delta": 5.382938}}
{"target": -522.7933754012456, "params": {"gamma": 3.860405504205809, "lr": 0.8648326547507652}, "datetime": {"datetime": "2024-04-03 23:43:20", "elapsed": 684.421932, "delta": 1.841324}}
{"target": -127.8073466181998, "params": {"gamma": 1.1660407253068648, "lr": 0.29995093359454644}, "datetime": {"datetime": "2024-04-03 23:43:23", "elapsed": 688.08701, "delta": 3.665078}}
{"target": -114.84108425006401, "params": {"gamma": 0.8834163070352727, "lr": 0.30419140401957867}, "datetime": {"datetime": "2024-04-03 23:43:29", "elapsed": 693.539842, "delta": 5.452832}}
{"target": -206.53954305998943, "params": {"gamma": 1.187900875382765, "lr": 0.9986666970939888}, "datetime": {"datetime": "2024-04-03 23:43:33", "elapsed": 697.488338, "delta": 3.948496}}
{"target": -127.18489166621767, "params": {"gamma": 0.8225963646574069, "lr": 0.5469650507284284}, "datetime": {"datetime": "2024-04-03 23:43:37", "elapsed": 701.416512, "delta": 3.928174}}
{"target": -178.61116667725798, "params": {"gamma": 0.9559703136836583, "lr": 0.9162530542347721}, "datetime": {"datetime": "2024-04-03 23:43:43", "elapsed": 707.619958, "delta": 6.203446}}
{"target": -120.00922030158436, "params": {"gamma": 0.7329837512096821, "lr": 0.20678196398765258}, "datetime": {"datetime": "2024-04-03 23:43:47", "elapsed": 711.78464, "delta": 4.164682}}
{"target": -135.18183371498793, "params": {"gamma": 0.06641128121085375, "lr": 0.44194212920611187}, "datetime": {"datetime": "2024-04-03 23:43:54", "elapsed": 718.408785, "delta": 6.624145}}
{"target": -231.1569105235335, "params": {"gamma": 2.1516928711217833, "lr": 0.5884762203893676}, "datetime": {"datetime": "2024-04-03 23:43:58", "elapsed": 722.583911, "delta": 4.175126}}
{"target": -138.92947223629088, "params": {"gamma": 0.9175987446185393, "lr": 0.620112089557544}, "datetime": {"datetime": "2024-04-03 23:44:04", "elapsed": 728.99075, "delta": 6.406839}}
{"target": -120.5638350768578, "params": {"gamma": 0.22417527243860377, "lr": 0.34650871938846073}, "datetime": {"datetime": "2024-04-03 23:44:09", "elapsed": 734.066625, "delta": 5.075875}}
{"target": -148.9524046506736, "params": {"gamma": 1.167382593050114, "lr": 0.5873337860908239}, "datetime": {"datetime": "2024-04-03 23:44:13", "elapsed": 738.178257, "delta": 4.111632}}
{"target": -448.4250715597144, "params": {"gamma": 3.608056695088437, "lr": 0.7618026605164485}, "datetime": {"datetime": "2024-04-03 23:44:20", "elapsed": 745.05093, "delta": 6.872673}}
{"target": -167.44001011890578, "params": {"gamma": 1.5244026289002708, "lr": 0.2104312321981162}, "datetime": {"datetime": "2024-04-03 23:44:27", "elapsed": 752.067763, "delta": 7.016833}}
{"target": -435.6094357492181, "params": {"gamma": 3.4290731165393327, "lr": 0.7205655379135241}, "datetime": {"datetime": "2024-04-03 23:44:29", "elapsed": 754.158863, "delta": 2.0911}}
{"target": -125.26630839127222, "params": {"gamma": 0.15910645638264756, "lr": 0.8481202370231011}, "datetime": {"datetime": "2024-04-03 23:44:39", "elapsed": 763.567487, "delta": 9.408624}}
{"target": -127.84149803323982, "params": {"gamma": 0.6446170868485972, "lr": 0.181164024593318}, "datetime": {"datetime": "2024-04-03 23:44:45", "elapsed": 769.995307, "delta": 6.42782}}
{"target": -180.4948436307819, "params": {"gamma": 1.7541265331448572, "lr": 0.48092363202224747}, "datetime": {"datetime": "2024-04-03 23:44:52", "elapsed": 777.096415, "delta": 7.101108}}
{"target": -122.38274432514964, "params": {"gamma": 1.0588767939861476, "lr": 0.31517563378905356}, "datetime": {"datetime": "2024-04-03 23:44:59", "elapsed": 783.860368, "delta": 6.763953}}
{"target": -259.74902458280945, "params": {"gamma": 1.3320689774987797, "lr": 1.0}, "datetime": {"datetime": "2024-04-03 23:45:07", "elapsed": 791.505692, "delta": 7.645324}}
{"target": -241.70417548823508, "params": {"gamma": 1.7973474745001268, "lr": 0.7112807150247406}, "datetime": {"datetime": "2024-04-03 23:45:12", "elapsed": 796.515914, "delta": 5.010222}}
{"target": -138.3142875917431, "params": {"gamma": 0.08404014944283153, "lr": 0.14029000514207945}, "datetime": {"datetime": "2024-04-03 23:45:16", "elapsed": 800.370249, "delta": 3.854335}}
{"target": -136.37306252722024, "params": {"gamma": 1.3192306684435156, "lr": 0.3267523799815685}, "datetime": {"datetime": "2024-04-03 23:45:23", "elapsed": 807.467793, "delta": 7.097544}}
{"target": -144.17461355646887, "params": {"gamma": 0.3902119699378651, "lr": 0.0}, "datetime": {"datetime": "2024-04-03 23:45:30", "elapsed": 814.281278, "delta": 6.813485}}
{"target": -160.88769633918898, "params": {"gamma": 1.5643621326095172, "lr": 0.40833633155558513}, "datetime": {"datetime": "2024-04-03 23:45:33", "elapsed": 817.879281, "delta": 3.598003}}
{"target": -115.32068405971725, "params": {"gamma": 0.4446445968909544, "lr": 0.5660352221005445}, "datetime": {"datetime": "2024-04-03 23:45:39", "elapsed": 824.049788, "delta": 6.170507}}
{"target": -582.8077283766958, "params": {"gamma": 5.029368647879511, "lr": 0.18111675315791886}, "datetime": {"datetime": "2024-04-03 23:45:42", "elapsed": 827.193945, "delta": 3.144157}}
{"target": -232.59875178159515, "params": {"gamma": 2.397296702493591, "lr": 0.22892069636731083}, "datetime": {"datetime": "2024-04-03 23:45:51", "elapsed": 835.719182, "delta": 8.525237}}
{"target": -136.05753385125243, "params": {"gamma": 0.9652087877811862, "lr": 0.5033161327587576}, "datetime": {"datetime": "2024-04-03 23:45:58", "elapsed": 842.558285, "delta": 6.839103}}
{"target": -141.43375285962827, "params": {"gamma": 0.5966752705018168, "lr": 0.9576414573373835}, "datetime": {"datetime": "2024-04-03 23:46:02", "elapsed": 846.43363, "delta": 3.875345}}
{"target": -108.36494956552825, "params": {"gamma": 0.6389543642089544, "lr": 0.2986557910666847}, "datetime": {"datetime": "2024-04-03 23:46:11", "elapsed": 856.255708, "delta": 9.822078}}
