{"target": -374.5130233139222, "params": {"gamma": 7.113433866846732, "prior": 5.583457649409001, "rate": 3.0458753612182816}, "datetime": {"datetime": "2024-04-12 20:03:24", "elapsed": 1.556557, "delta": 0.007859}}
{"target": -607.056603519217, "params": {"gamma": 8.348705622270353, "prior": 4.409528980532247, "rate": 9.234638694972633}, "datetime": {"datetime": "2024-04-12 20:03:24", "elapsed": 1.564243, "delta": 0.007686}}
{"target": -369.73211093723546, "params": {"gamma": 7.0608119915549965, "prior": 4.8325099488563055, "rate": 1.2629748273898376}, "datetime": {"datetime": "2024-04-12 20:03:24", "elapsed": 1.572105, "delta": 0.007862}}
{"target": -602.3353491548492, "params": {"gamma": 9.760459461127008, "prior": 1.6823531384065245, "rate": 2.026818650071406}, "datetime": {"datetime": "2024-04-12 20:03:24", "elapsed": 1.579754, "delta": 0.007649}}
{"target": -255.83344263814368, "params": {"gamma": 4.312386369848549, "prior": 4.101598867173958, "rate": 1.4683680561621768}, "datetime": {"datetime": "2024-04-12 20:03:24", "elapsed": 1.587564, "delta": 0.00781}}
{"target": -589.588480140284, "params": {"gamma": 7.293459874691873, "prior": 1.968576162084141, "rate": 6.439312547472317}, "datetime": {"datetime": "2024-04-12 20:03:24", "elapsed": 1.595217, "delta": 0.007653}}
{"target": -587.2408717839025, "params": {"gamma": 7.543305199812411, "prior": 2.1862506816248755, "rate": 6.0099415268282925}, "datetime": {"datetime": "2024-04-12 20:03:24", "elapsed": 1.603157, "delta": 0.00794}}
{"target": -438.8839812297096, "params": {"gamma": 7.489534824083119, "prior": 6.418365235141301, "rate": 5.971675902163545}, "datetime": {"datetime": "2024-04-12 20:03:24", "elapsed": 1.610923, "delta": 0.007766}}
{"target": -233.4783645595932, "params": {"gamma": 2.955527374269315, "prior": 7.342904065290937, "rate": 9.453139091559498}, "datetime": {"datetime": "2024-04-12 20:03:24", "elapsed": 1.618804, "delta": 0.007881}}
{"target": -282.04692318705906, "params": {"gamma": 4.256188341225208, "prior": 7.843599986630912, "rate": 0.5623542555794911}, "datetime": {"datetime": "2024-04-12 20:03:24", "elapsed": 1.626546, "delta": 0.007742}}
{"target": -598.2383572074119, "params": {"gamma": 8.35288075329717, "prior": 2.0032751665392623, "rate": 3.951573592030842}, "datetime": {"datetime": "2024-04-12 20:03:24", "elapsed": 1.634502, "delta": 0.007956}}
{"target": -308.90691709798193, "params": {"gamma": 3.001510378207639, "prior": 0.893026073679888, "rate": 9.046405398359493}, "datetime": {"datetime": "2024-04-12 20:03:24", "elapsed": 1.642319, "delta": 0.007817}}
{"target": -255.58588336462464, "params": {"gamma": 3.702171621359829, "prior": 5.353904640913781, "rate": 4.941668542697355}, "datetime": {"datetime": "2024-04-12 20:03:24", "elapsed": 1.650118, "delta": 0.007799}}
{"target": -156.08386683939702, "params": {"gamma": 1.3224792582874385, "prior": 2.143895183005387, "rate": 0.7628119015141794}, "datetime": {"datetime": "2024-04-12 20:03:24", "elapsed": 1.658093, "delta": 0.007975}}
{"target": -347.1842966253757, "params": {"gamma": 5.07970907775293, "prior": 2.6893405631465725, "rate": 3.5712590272190368}, "datetime": {"datetime": "2024-04-12 20:03:24", "elapsed": 1.665923, "delta": 0.00783}}
{"target": -156.21936247981745, "params": {"gamma": 1.0815452216436712, "prior": 7.896763212559821, "rate": 1.0667321840112223}, "datetime": {"datetime": "2024-04-12 20:03:24", "elapsed": 1.6739, "delta": 0.007977}}
{"target": -779.3980202184764, "params": {"gamma": 9.857102528308165, "prior": 1.8538955279403317, "rate": 5.724478719234059}, "datetime": {"datetime": "2024-04-12 20:03:24", "elapsed": 1.681768, "delta": 0.007868}}
{"target": -144.93094328976417, "params": {"gamma": 0.4494085005562922, "prior": 7.892451267592758, "rate": 1.8968698722351471}, "datetime": {"datetime": "2024-04-12 20:03:24", "elapsed": 1.689764, "delta": 0.007996}}
{"target": -301.9555324776696, "params": {"gamma": 5.279511880102859, "prior": 7.426767677274809, "rate": 1.5001649176876422}, "datetime": {"datetime": "2024-04-12 20:03:24", "elapsed": 1.697678, "delta": 0.007914}}
{"target": -456.4890795532855, "params": {"gamma": 5.511320654695531, "prior": 2.2445103624549163, "rate": 7.592201297122131}, "datetime": {"datetime": "2024-04-12 20:03:24", "elapsed": 1.705642, "delta": 0.007964}}
{"target": -623.1000430127608, "params": {"gamma": 7.229429020368581, "prior": 1.847835439343122, "rate": 8.619803610113067}, "datetime": {"datetime": "2024-04-12 20:03:24", "elapsed": 1.713525, "delta": 0.007883}}
{"target": -141.59864357895785, "params": {"gamma": 0.1987312200639263, "prior": 8.61634627448884, "rate": 5.589479207798223}, "datetime": {"datetime": "2024-04-12 20:03:24", "elapsed": 1.721429, "delta": 0.007904}}
{"target": -271.60452931822033, "params": {"gamma": 4.032801500586387, "prior": 7.611594617121132, "rate": 7.169573087923007}, "datetime": {"datetime": "2024-04-12 20:03:24", "elapsed": 1.729182, "delta": 0.007753}}
{"target": -610.6016973999713, "params": {"gamma": 9.873274421909457, "prior": 2.8530419812685297, "rate": 0.03893293042101652}, "datetime": {"datetime": "2024-04-12 20:03:24", "elapsed": 1.736924, "delta": 0.007742}}
{"target": -518.8852145593003, "params": {"gamma": 9.339092180540563, "prior": 8.593181334925148, "rate": 7.28877992431504}, "datetime": {"datetime": "2024-04-12 20:03:24", "elapsed": 1.744679, "delta": 0.007755}}
{"target": -336.74968308563103, "params": {"gamma": 5.167371140432463, "prior": 7.098866827962734, "rate": 7.805515039210552}, "datetime": {"datetime": "2024-04-12 20:03:24", "elapsed": 1.752513, "delta": 0.007834}}
{"target": -259.96359200221667, "params": {"gamma": 3.749384559425057, "prior": 7.72619300076658, "rate": 7.506492567432579}, "datetime": {"datetime": "2024-04-12 20:03:24", "elapsed": 1.760507, "delta": 0.007994}}
{"target": -433.76107599314076, "params": {"gamma": 6.132498904231054, "prior": 4.07847264728159, "rate": 6.9733828846241455}, "datetime": {"datetime": "2024-04-12 20:03:24", "elapsed": 1.768391, "delta": 0.007884}}
{"target": -144.3335073539824, "params": {"gamma": 0.032125465394095866, "prior": 7.771476802573518, "rate": 8.964269607966013}, "datetime": {"datetime": "2024-04-12 20:03:24", "elapsed": 1.776299, "delta": 0.007908}}
{"target": -213.89453892295356, "params": {"gamma": 2.393917758667609, "prior": 1.2955951246613744, "rate": 2.2036195939494823}, "datetime": {"datetime": "2024-04-12 20:03:25", "elapsed": 1.784163, "delta": 0.007864}}
{"target": -214.8777348462254, "params": {"gamma": 3.021665216169693, "prior": 8.841982234781959, "rate": 5.432121135950708}, "datetime": {"datetime": "2024-04-12 20:03:25", "elapsed": 1.792129, "delta": 0.007966}}
{"target": -244.6169474223144, "params": {"gamma": 2.8678297844146994, "prior": 1.4697114289501707, "rate": 2.902154486582312}, "datetime": {"datetime": "2024-04-12 20:03:25", "elapsed": 1.799979, "delta": 0.00785}}
{"target": -411.32313590667127, "params": {"gamma": 6.139097026322785, "prior": 3.3089714459847217, "rate": 4.574144456728294}, "datetime": {"datetime": "2024-04-12 20:03:25", "elapsed": 1.808001, "delta": 0.008022}}
{"target": -265.25535221175346, "params": {"gamma": 4.441726953059129, "prior": 8.29854007124197, "rate": 4.264055194208071}, "datetime": {"datetime": "2024-04-12 20:03:25", "elapsed": 1.815836, "delta": 0.007835}}
{"target": -224.00061984879963, "params": {"gamma": 3.4576425129338477, "prior": 6.782218887610141, "rate": 2.215599075279554}, "datetime": {"datetime": "2024-04-12 20:03:25", "elapsed": 1.823889, "delta": 0.008053}}
{"target": -353.3610868195443, "params": {"gamma": 4.672990993441612, "prior": 3.216180304507763, "rate": 6.268929166026184}, "datetime": {"datetime": "2024-04-12 20:03:25", "elapsed": 1.831746, "delta": 0.007857}}
{"target": -605.7345335589719, "params": {"gamma": 8.773727386473432, "prior": 4.532121101441722, "rate": 7.84478973050044}, "datetime": {"datetime": "2024-04-12 20:03:25", "elapsed": 1.839691, "delta": 0.007945}}
{"target": -272.1541280309158, "params": {"gamma": 4.570200039914943, "prior": 6.596670383999601, "rate": 1.3192779092999938}, "datetime": {"datetime": "2024-04-12 20:03:25", "elapsed": 1.847528, "delta": 0.007837}}
{"target": -268.90611359475184, "params": {"gamma": 4.3303820881695145, "prior": 9.102188687683872, "rate": 6.055184531308316}, "datetime": {"datetime": "2024-04-12 20:03:25", "elapsed": 1.855486, "delta": 0.007958}}
{"target": -454.12963890733215, "params": {"gamma": 7.6679790977837845, "prior": 5.096536020149354, "rate": 4.981058192655247}, "datetime": {"datetime": "2024-04-12 20:03:25", "elapsed": 1.863368, "delta": 0.007882}}
{"target": -772.3678046316372, "params": {"gamma": 8.429155502088307, "prior": 0.7712886499754421, "rate": 5.733149443225297}, "datetime": {"datetime": "2024-04-12 20:03:25", "elapsed": 1.871285, "delta": 0.007917}}
{"target": -458.88769854600423, "params": {"gamma": 9.42768299175406, "prior": 5.226814476905987, "rate": 1.945463629469317}, "datetime": {"datetime": "2024-04-12 20:03:25", "elapsed": 1.879182, "delta": 0.007897}}
{"target": -654.4250313068165, "params": {"gamma": 8.479545985042318, "prior": 2.5912275093229433, "rate": 7.007559638788898}, "datetime": {"datetime": "2024-04-12 20:03:25", "elapsed": 1.887309, "delta": 0.008127}}
{"target": -313.02358530005114, "params": {"gamma": 5.403069143028603, "prior": 9.493479253974174, "rate": 6.2437426873243576}, "datetime": {"datetime": "2024-04-12 20:03:25", "elapsed": 1.895088, "delta": 0.007779}}
{"target": -909.0446312390582, "params": {"gamma": 8.379941642515245, "prior": 0.17853547432577865, "rate": 9.893411221610213}, "datetime": {"datetime": "2024-04-12 20:03:25", "elapsed": 1.903112, "delta": 0.008024}}
{"target": -144.30139759378426, "params": {"gamma": 0.7780679887535326, "prior": 3.2890821847862193, "rate": 9.461577802172197}, "datetime": {"datetime": "2024-04-12 20:03:25", "elapsed": 1.910994, "delta": 0.007882}}
{"target": -142.5703913599394, "params": {"gamma": 0.09038208461007943, "prior": 8.24502705367716, "rate": 8.612255172029577}, "datetime": {"datetime": "2024-04-12 20:03:25", "elapsed": 1.918884, "delta": 0.00789}}
{"target": -366.6277876399001, "params": {"gamma": 4.398868311271517, "prior": 2.631877418678719, "rate": 8.027092506813352}, "datetime": {"datetime": "2024-04-12 20:03:25", "elapsed": 1.926851, "delta": 0.007967}}
{"target": -441.9395653941211, "params": {"gamma": 4.77914218231778, "prior": 1.429952225691392, "rate": 9.278562079257282}, "datetime": {"datetime": "2024-04-12 20:03:25", "elapsed": 1.934876, "delta": 0.008025}}
{"target": -617.3729363868351, "params": {"gamma": 8.959803700099478, "prior": 4.966296985167659, "rate": 8.567168262681404}, "datetime": {"datetime": "2024-04-12 20:03:25", "elapsed": 1.942892, "delta": 0.008016}}
{"target": -258.4869636410069, "params": {"gamma": 4.1863616796152225, "prior": 6.866302511646381, "rate": 3.9805084034398166}, "datetime": {"datetime": "2024-04-12 20:03:25", "elapsed": 1.950848, "delta": 0.007956}}
{"target": -448.18348967187967, "params": {"gamma": 5.057914432490653, "prior": 1.9765618580558806, "rate": 9.649924252185027}, "datetime": {"datetime": "2024-04-12 20:03:25", "elapsed": 1.958789, "delta": 0.007941}}
{"target": -232.7754772912429, "params": {"gamma": 2.9428626667543027, "prior": 1.1242496055523734, "rate": 1.4440096868902519}, "datetime": {"datetime": "2024-04-12 20:03:25", "elapsed": 1.966735, "delta": 0.007946}}
{"target": -141.9604941268074, "params": {"gamma": 0.14190884963023712, "prior": 7.187862424677705, "rate": 5.645418704088501}, "datetime": {"datetime": "2024-04-12 20:03:25", "elapsed": 1.974696, "delta": 0.007961}}
{"target": -535.0590563365591, "params": {"gamma": 7.945988933496338, "prior": 5.12009124051295, "rate": 7.918418574002035}, "datetime": {"datetime": "2024-04-12 20:03:25", "elapsed": 1.982642, "delta": 0.007946}}
{"target": -366.00352002973233, "params": {"gamma": 6.957946378504123, "prior": 7.800699920905836, "rate": 4.065422206901887}, "datetime": {"datetime": "2024-04-12 20:03:25", "elapsed": 1.990585, "delta": 0.007943}}
{"target": -455.7836649882656, "params": {"gamma": 6.478058561241625, "prior": 1.8799635471604466, "rate": 3.2188778139156518}, "datetime": {"datetime": "2024-04-12 20:03:25", "elapsed": 1.99851, "delta": 0.007925}}
{"target": -168.22509469692216, "params": {"gamma": 1.7268735965778053, "prior": 4.145508527631297, "rate": 2.4149460609080227}, "datetime": {"datetime": "2024-04-12 20:03:25", "elapsed": 2.006532, "delta": 0.008022}}
{"target": -246.61372713817622, "params": {"gamma": 4.069813019299451, "prior": 9.75470119012939, "rate": 3.2038729388944907}, "datetime": {"datetime": "2024-04-12 20:03:25", "elapsed": 2.014442, "delta": 0.00791}}
{"target": -494.5038138255744, "params": {"gamma": 9.824926958803978, "prior": 6.399430645974237, "rate": 3.7515350929207165}, "datetime": {"datetime": "2024-04-12 20:03:25", "elapsed": 2.022387, "delta": 0.007945}}
{"target": -424.4261960802805, "params": {"gamma": 8.574987506336882, "prior": 6.2339087197488805, "rate": 2.521078768228263}, "datetime": {"datetime": "2024-04-12 20:03:25", "elapsed": 2.030277, "delta": 0.00789}}
{"target": -444.69654498850673, "params": {"gamma": 7.9287639240909, "prior": 4.386091236468214, "rate": 3.5757541621370836}, "datetime": {"datetime": "2024-04-12 20:03:25", "elapsed": 2.038207, "delta": 0.00793}}
{"target": -218.96178695315672, "params": {"gamma": 3.3034390883142843, "prior": 7.003951868570081, "rate": 2.6872325889383593}, "datetime": {"datetime": "2024-04-12 20:03:25", "elapsed": 2.046034, "delta": 0.007827}}
{"target": -566.3958872463769, "params": {"gamma": 8.082971859040095, "prior": 3.0233590645584933, "rate": 5.441669714469987}, "datetime": {"datetime": "2024-04-12 20:03:25", "elapsed": 2.053921, "delta": 0.007887}}
{"target": -317.8674572367171, "params": {"gamma": 4.879726996560219, "prior": 8.56802848469416, "rate": 8.883975957519464}, "datetime": {"datetime": "2024-04-12 20:03:25", "elapsed": 2.06171, "delta": 0.007789}}
{"target": -184.53380174356712, "params": {"gamma": 1.8446600392352996, "prior": 5.894949743488685, "rate": 8.982152255125355}, "datetime": {"datetime": "2024-04-12 20:03:25", "elapsed": 2.069695, "delta": 0.007985}}
{"target": -261.76445431193764, "params": {"gamma": 4.461726073125263, "prior": 9.226496224289772, "rate": 2.790629913679252}, "datetime": {"datetime": "2024-04-12 20:03:25", "elapsed": 2.07766, "delta": 0.007965}}
{"target": -324.8243797518172, "params": {"gamma": 6.0887029107637645, "prior": 6.856291726691472, "rate": 2.2828291277714907}, "datetime": {"datetime": "2024-04-12 20:03:25", "elapsed": 2.085518, "delta": 0.007858}}
{"target": -139.68054323318194, "params": {"gamma": 0.13866135806461027, "prior": 4.225567227469891, "rate": 9.384880436675484}, "datetime": {"datetime": "2024-04-12 20:03:25", "elapsed": 2.093375, "delta": 0.007857}}
{"target": -224.99979694452006, "params": {"gamma": 3.430938070194235, "prior": 7.819468525277739, "rate": 1.7481883919612469}, "datetime": {"datetime": "2024-04-12 20:03:25", "elapsed": 2.101351, "delta": 0.007976}}
{"target": -316.9147784716797, "params": {"gamma": 3.420186410188222, "prior": 1.531517436297158, "rate": 7.167991370649615}, "datetime": {"datetime": "2024-04-12 20:03:25", "elapsed": 2.109478, "delta": 0.008127}}
{"target": -360.38340641898407, "params": {"gamma": 6.993376929344446, "prior": 6.916123447694296, "rate": 2.5347069488285103}, "datetime": {"datetime": "2024-04-12 20:03:25", "elapsed": 2.117494, "delta": 0.008016}}
{"target": -490.91235891305774, "params": {"gamma": 6.923908856112466, "prior": 2.350245655067901, "rate": 4.247066510197466}, "datetime": {"datetime": "2024-04-12 20:03:25", "elapsed": 2.125532, "delta": 0.008038}}
{"target": -241.25323641377298, "params": {"gamma": 3.7198492945552046, "prior": 3.61754832503921, "rate": 0.5774904176053226}, "datetime": {"datetime": "2024-04-12 20:03:25", "elapsed": 2.133487, "delta": 0.007955}}
{"target": -373.4639514842566, "params": {"gamma": 6.316834622032531, "prior": 7.102434366548825, "rate": 6.136273356333854}, "datetime": {"datetime": "2024-04-12 20:03:25", "elapsed": 2.141556, "delta": 0.008069}}
{"target": -378.747329633375, "params": {"gamma": 6.483479248875083, "prior": 1.7824130707508519, "rate": 1.495318542589686}, "datetime": {"datetime": "2024-04-12 20:03:25", "elapsed": 2.14946, "delta": 0.007904}}
{"target": -295.07249625121267, "params": {"gamma": 5.142236260215303, "prior": 8.765793990909938, "rate": 1.8403504620306732}, "datetime": {"datetime": "2024-04-12 20:03:25", "elapsed": 2.157586, "delta": 0.008126}}
{"target": -311.95148215944187, "params": {"gamma": 4.628928347963892, "prior": 4.3464301068960385, "rate": 4.973394570009244}, "datetime": {"datetime": "2024-04-12 20:03:25", "elapsed": 2.165495, "delta": 0.007909}}
{"target": -166.4343382783534, "params": {"gamma": 1.6159461940896331, "prior": 3.4901623472346244, "rate": 2.6195421606310987}, "datetime": {"datetime": "2024-04-12 20:03:25", "elapsed": 2.173581, "delta": 0.008086}}
{"target": -428.517861683907, "params": {"gamma": 8.44542490535156, "prior": 8.023289233186377, "rate": 4.266964943523168}, "datetime": {"datetime": "2024-04-12 20:03:25", "elapsed": 2.181528, "delta": 0.007947}}
{"target": -497.0483488657006, "params": {"gamma": 6.070547592429601, "prior": 1.5401095416355777, "rate": 5.096623328881369}, "datetime": {"datetime": "2024-04-12 20:03:25", "elapsed": 2.18958, "delta": 0.008052}}
{"target": -218.47281256908033, "params": {"gamma": 2.9701739107832585, "prior": 8.61054444033509, "rate": 6.716312210682993}, "datetime": {"datetime": "2024-04-12 20:03:25", "elapsed": 2.197604, "delta": 0.008024}}
{"target": -523.4447242866188, "params": {"gamma": 6.335106652211588, "prior": 1.3350378706848745, "rate": 4.706408207109359}, "datetime": {"datetime": "2024-04-12 20:03:25", "elapsed": 2.205678, "delta": 0.008074}}
{"target": -512.4603567166251, "params": {"gamma": 9.865741223089229, "prior": 9.488161823319384, "rate": 6.451211316964176}, "datetime": {"datetime": "2024-04-12 20:03:25", "elapsed": 2.213514, "delta": 0.007836}}
{"target": -164.3734955220446, "params": {"gamma": 1.5180969854487043, "prior": 6.427355802327059, "rate": 5.657055463326731}, "datetime": {"datetime": "2024-04-12 20:03:25", "elapsed": 2.221438, "delta": 0.007924}}
{"target": -328.4114332607213, "params": {"gamma": 4.6871897107748595, "prior": 4.337570947735874, "rate": 5.993098286824644}, "datetime": {"datetime": "2024-04-12 20:03:25", "elapsed": 2.229391, "delta": 0.007953}}
{"target": -464.65766029717076, "params": {"gamma": 8.499848915271139, "prior": 7.53609829968218, "rate": 5.794026042432034}, "datetime": {"datetime": "2024-04-12 20:03:25", "elapsed": 2.237317, "delta": 0.007926}}
{"target": -900.8858625786293, "params": {"gamma": 9.247117111178744, "prior": 0.7409258360713337, "rate": 9.913473740809359}, "datetime": {"datetime": "2024-04-12 20:03:25", "elapsed": 2.245125, "delta": 0.007808}}
{"target": -137.5961856305983, "params": {"gamma": 0.5308924321372274, "prior": 2.0750059067717572, "rate": 4.228103863783965}, "datetime": {"datetime": "2024-04-12 20:03:25", "elapsed": 2.253017, "delta": 0.007892}}
{"target": -160.02095062974055, "params": {"gamma": 1.0759812529754917, "prior": 6.274337068877248, "rate": 0.4808776479246243}, "datetime": {"datetime": "2024-04-12 20:03:25", "elapsed": 2.26103, "delta": 0.008013}}
{"target": -295.7003120174529, "params": {"gamma": 2.8469541861884147, "prior": 0.7042631430847438, "rate": 7.035489791719707}, "datetime": {"datetime": "2024-04-12 20:03:25", "elapsed": 2.269001, "delta": 0.007971}}
{"target": -352.5574726839436, "params": {"gamma": 6.684893219727232, "prior": 3.847947873180962, "rate": 1.8827544060381822}, "datetime": {"datetime": "2024-04-12 20:03:25", "elapsed": 2.276947, "delta": 0.007946}}
{"target": -558.4532649192297, "params": {"gamma": 7.4703012854704225, "prior": 3.469754978578126, "rate": 7.953216372889023}, "datetime": {"datetime": "2024-04-12 20:03:25", "elapsed": 2.284897, "delta": 0.00795}}
{"target": -318.7386273215841, "params": {"gamma": 4.879521490857024, "prior": 5.304127499074696, "rate": 0.28588000406618064}, "datetime": {"datetime": "2024-04-12 20:03:25", "elapsed": 2.292853, "delta": 0.007956}}
{"target": -355.7439283540133, "params": {"gamma": 6.442675966770439, "prior": 3.5714993740784573, "rate": 2.292821067893365}, "datetime": {"datetime": "2024-04-12 20:03:25", "elapsed": 2.300848, "delta": 0.007995}}
{"target": -300.5823150785691, "params": {"gamma": 4.339399878740795, "prior": 3.8864278269820844, "rate": 4.698420611823517}, "datetime": {"datetime": "2024-04-12 20:03:25", "elapsed": 2.308888, "delta": 0.00804}}
{"target": -707.1681536867433, "params": {"gamma": 9.794854058443883, "prior": 3.7073428966454816, "rate": 7.744326923227059}, "datetime": {"datetime": "2024-04-12 20:03:25", "elapsed": 2.316884, "delta": 0.007996}}
{"target": -302.9338849059524, "params": {"gamma": 5.528123197902375, "prior": 8.90239778216408, "rate": 3.55017355864457}, "datetime": {"datetime": "2024-04-12 20:03:25", "elapsed": 2.324975, "delta": 0.008091}}
{"target": -209.01013293064534, "params": {"gamma": 2.455941283184888, "prior": 9.119090472603986, "rate": 0.43629910331389593}, "datetime": {"datetime": "2024-04-12 20:03:25", "elapsed": 2.333033, "delta": 0.008058}}
{"target": -494.6451461011843, "params": {"gamma": 9.507583527181962, "prior": 5.60842846514216, "rate": 3.764255803654188}, "datetime": {"datetime": "2024-04-12 20:03:25", "elapsed": 2.341085, "delta": 0.008052}}
{"target": -912.1398266163757, "params": {"gamma": 9.950528171068772, "prior": 0.6777901968615533, "rate": 5.167546891316355}, "datetime": {"datetime": "2024-04-12 20:03:25", "elapsed": 2.349103, "delta": 0.008018}}
