{"target": -82.70725962721863, "params": {"p_ai": 1.9270996174594495, "p_al": 0.630935723333295, "p_ex": 2.8279284818177755, "prior": 2.2051531510121674, "rate": 2.2899922004941207}, "datetime": {"datetime": "2024-03-29 12:34:13", "elapsed": 7462.694778, "delta": 17.038696}}
{"target": -98.8515996049369, "params": {"p_ai": 2.6541810235541314, "p_al": 6.828213030828229, "p_ex": 0.009445523191705663, "prior": 9.980566106533747, "rate": 7.2406383074011655}, "datetime": {"datetime": "2024-03-29 12:34:28", "elapsed": 7477.281473, "delta": 14.586695}}
{"target": -65.36970961481585, "params": {"p_ai": 2.981271505227489, "p_al": 2.6384971473005745, "p_ex": 6.78183009372383, "prior": 10.0, "rate": 10.0}, "datetime": {"datetime": "2024-03-29 12:34:44", "elapsed": 7493.310465, "delta": 16.028992}}
{"target": -110.58859333834312, "params": {"p_ai": 0.001, "p_al": 7.692038044293244, "p_ex": 3.580148062732083, "prior": 0.5576783245611756, "rate": 6.107289486187911}, "datetime": {"datetime": "2024-03-29 12:35:01", "elapsed": 7510.392061, "delta": 17.081596}}
{"target": -76.03537942720735, "params": {"p_ai": 10.0, "p_al": 7.531409912967215, "p_ex": 4.671372726296584, "prior": 10.0, "rate": 1.4619134520241075}, "datetime": {"datetime": "2024-03-29 12:35:17", "elapsed": 7526.918827, "delta": 16.526766}}
{"target": -62.689526674676294, "params": {"p_ai": 7.706180050599256, "p_al": 0.001, "p_ex": 10.0, "prior": 6.1678768201185505, "rate": 1.2225820362736017}, "datetime": {"datetime": "2024-03-29 12:35:36", "elapsed": 7545.992102, "delta": 19.073275}}
{"target": -77.39443645594558, "params": {"p_ai": 3.8687630683287146, "p_al": 0.001, "p_ex": 7.721312534203632, "prior": 10.0, "rate": 1.9180162925924855}, "datetime": {"datetime": "2024-03-29 12:36:05", "elapsed": 7574.815086, "delta": 28.822984}}
{"target": -102.78777560827946, "params": {"p_ai": 2.1081427610994465, "p_al": 0.001, "p_ex": 0.001, "prior": 7.159535132012797, "rate": 4.16648762343634}, "datetime": {"datetime": "2024-03-29 12:36:22", "elapsed": 7591.169335, "delta": 16.354249}}
{"target": -64.41432339427017, "params": {"p_ai": 10.0, "p_al": 10.0, "p_ex": 8.669845387449502, "prior": 2.1357672951163127, "rate": 2.7960848054262586}, "datetime": {"datetime": "2024-03-29 12:36:38", "elapsed": 7607.132104, "delta": 15.962769}}
{"target": -55.795803734444824, "params": {"p_ai": 10.0, "p_al": 10.0, "p_ex": 10.0, "prior": 2.4257437200739944, "rate": 7.658362985270541}, "datetime": {"datetime": "2024-03-29 12:36:55", "elapsed": 7624.483845, "delta": 17.351741}}
{"target": -53.588220958106085, "params": {"p_ai": 4.584013186463522, "p_al": 7.044525784954769, "p_ex": 8.701960277511892, "prior": 1.3219326534546731, "rate": 5.987993143706003}, "datetime": {"datetime": "2024-03-29 12:37:12", "elapsed": 7641.420381, "delta": 16.936536}}
{"target": -49.477311707410564, "params": {"p_ai": 5.855812148339034, "p_al": 5.30359555164086, "p_ex": 6.7789872274785825, "prior": 1.1360966332796676, "rate": 7.9490136495536206}, "datetime": {"datetime": "2024-03-29 12:37:28", "elapsed": 7657.209355, "delta": 15.788974}}
{"target": -66.97510200522535, "params": {"p_ai": 10.0, "p_al": 5.7904629639958465, "p_ex": 7.307267597104016, "prior": 10.0, "rate": 1.9489708428704424}, "datetime": {"datetime": "2024-03-29 12:37:44", "elapsed": 7673.298625, "delta": 16.08927}}
{"target": -83.79866275499923, "params": {"p_ai": 7.190864473383654, "p_al": 0.001, "p_ex": 0.001, "prior": 10.0, "rate": 0.001}, "datetime": {"datetime": "2024-03-29 12:38:04", "elapsed": 7693.199812, "delta": 19.901187}}
{"target": -70.84850096999332, "params": {"p_ai": 4.0442779232644215, "p_al": 10.0, "p_ex": 3.25589736971688, "prior": 4.269201978221963, "rate": 5.367891496716743}, "datetime": {"datetime": "2024-03-29 12:38:26", "elapsed": 7715.850458, "delta": 22.650646}}
{"target": -108.15870704803922, "params": {"p_ai": 3.5327802002031383, "p_al": 9.56272812900456, "p_ex": 0.15048201779944917, "prior": 3.806149786604577, "rate": 3.4115858363515366}, "datetime": {"datetime": "2024-03-29 12:38:41", "elapsed": 7731.056145, "delta": 15.205687}}
{"target": -121.33106762365914, "params": {"p_ai": 0.001, "p_al": 10.0, "p_ex": 7.04744700318316, "prior": 5.930295321244681, "rate": 5.367157199936124}, "datetime": {"datetime": "2024-03-29 12:39:07", "elapsed": 7756.567288, "delta": 25.511143}}
{"target": -72.77198609915376, "params": {"p_ai": 2.6460176593329265, "p_al": 7.439563571004018, "p_ex": 10.0, "prior": 10.0, "rate": 10.0}, "datetime": {"datetime": "2024-03-29 12:39:25", "elapsed": 7774.717575, "delta": 18.150287}}
{"target": -55.87993597841014, "params": {"p_ai": 6.13657145681531, "p_al": 6.184975392553524, "p_ex": 10.0, "prior": 1.6710308109984027, "rate": 10.0}, "datetime": {"datetime": "2024-03-29 12:39:41", "elapsed": 7790.538746, "delta": 15.821171}}
{"target": -97.79754106286619, "params": {"p_ai": 2.692405544483916, "p_al": 5.54476372535269, "p_ex": 0.001, "prior": 10.0, "rate": 3.7350086506653795}, "datetime": {"datetime": "2024-03-29 12:40:03", "elapsed": 7812.471648, "delta": 21.932902}}
{"target": -110.65360177674054, "params": {"p_ai": 0.001, "p_al": 10.0, "p_ex": 10.0, "prior": 4.32378629371702, "rate": 7.2632563119824445}, "datetime": {"datetime": "2024-03-29 12:40:21", "elapsed": 7830.45378, "delta": 17.982132}}
{"target": -60.67632770630598, "params": {"p_ai": 5.852452080208093, "p_al": 10.0, "p_ex": 4.318347348969438, "prior": 8.084428650874145, "rate": 7.547336109053903}, "datetime": {"datetime": "2024-03-29 12:40:44", "elapsed": 7853.322602, "delta": 22.868822}}
{"target": -115.06010305819191, "params": {"p_ai": 6.39102454210119, "p_al": 7.379547182782459, "p_ex": 0.001, "prior": 1.2663600028590938, "rate": 4.38852734268429}, "datetime": {"datetime": "2024-03-29 12:41:06", "elapsed": 7875.344992, "delta": 22.02239}}
{"target": -60.04115195727828, "params": {"p_ai": 6.842895143206315, "p_al": 5.919688407091804, "p_ex": 7.618617847848666, "prior": 10.0, "rate": 4.264128413156116}, "datetime": {"datetime": "2024-03-29 12:41:26", "elapsed": 7896.125818, "delta": 20.780826}}
{"target": -72.72232719255202, "params": {"p_ai": 3.6656497389702514, "p_al": 6.7642895605935704, "p_ex": 2.035163203651194, "prior": 7.453818034372093, "rate": 10.0}, "datetime": {"datetime": "2024-03-29 12:41:43", "elapsed": 7912.8572, "delta": 16.731382}}
{"target": -51.52443293616066, "params": {"p_ai": 10.0, "p_al": 0.001, "p_ex": 5.63190212426798, "prior": 0.001, "rate": 3.132847402278149}, "datetime": {"datetime": "2024-03-29 12:42:00", "elapsed": 7929.314507, "delta": 16.457307}}
{"target": -54.143969661530036, "params": {"p_ai": 8.577728859133627, "p_al": 0.001, "p_ex": 7.182796603890014, "prior": 0.001, "rate": 8.417758791144987}, "datetime": {"datetime": "2024-03-29 12:42:17", "elapsed": 7946.561584, "delta": 17.247077}}
{"target": -59.13127420954687, "params": {"p_ai": 10.0, "p_al": 0.001, "p_ex": 2.0496904852761726, "prior": 0.001, "rate": 8.014804580089754}, "datetime": {"datetime": "2024-03-29 12:42:53", "elapsed": 7982.442311, "delta": 35.880727}}
{"target": -58.442954554162945, "params": {"p_ai": 8.15105458863784, "p_al": 5.035980967401222, "p_ex": 10.0, "prior": 2.9037703040338734, "rate": 2.2018298431025864}, "datetime": {"datetime": "2024-03-29 12:43:18", "elapsed": 8007.970285, "delta": 25.527974}}
{"target": -127.61016694720189, "params": {"p_ai": 0.001, "p_al": 2.9693491035326276, "p_ex": 4.54926090911374, "prior": 10.0, "rate": 7.608395969677266}, "datetime": {"datetime": "2024-03-29 12:43:35", "elapsed": 8024.24717, "delta": 16.276885}}
{"target": -61.040656678426345, "params": {"p_ai": 2.8504791842091928, "p_al": 0.001, "p_ex": 7.86004903320448, "prior": 1.8432520176650964, "rate": 5.983950010673878}, "datetime": {"datetime": "2024-03-29 12:44:01", "elapsed": 8050.754893, "delta": 26.507723}}
{"target": -92.49703087392632, "params": {"p_ai": 3.467723593444968, "p_al": 1.2213057134848673, "p_ex": 0.001, "prior": 7.85481826651731, "rate": 7.70288173463826}, "datetime": {"datetime": "2024-03-29 12:44:19", "elapsed": 8068.130997, "delta": 17.376104}}
{"target": -83.30610391562455, "params": {"p_ai": 10.0, "p_al": 0.001, "p_ex": 2.9155995381678004, "prior": 6.4791401729556535, "rate": 0.001}, "datetime": {"datetime": "2024-03-29 12:44:36", "elapsed": 8085.834653, "delta": 17.703656}}
{"target": -72.97622130111573, "params": {"p_ai": 5.689585730499996, "p_al": 7.807230231399195, "p_ex": 1.9880836137161155, "prior": 1.3147402870714562, "rate": 6.943472394467318}, "datetime": {"datetime": "2024-03-29 12:45:00", "elapsed": 8109.697962, "delta": 23.863309}}
{"target": -69.68345991635711, "params": {"p_ai": 2.0625337130435306, "p_al": 6.265045480249749, "p_ex": 6.929792748801621, "prior": 6.590401579197512, "rate": 10.0}, "datetime": {"datetime": "2024-03-29 12:45:22", "elapsed": 8131.468451, "delta": 21.770489}}
{"target": -146.69004826910802, "params": {"p_ai": 4.82583381636169, "p_al": 10.0, "p_ex": 10.0, "prior": 3.313005693634017, "rate": 0.001}, "datetime": {"datetime": "2024-03-29 12:45:39", "elapsed": 8148.562919, "delta": 17.094468}}
{"target": -122.73682486425285, "params": {"p_ai": 5.145077509135539, "p_al": 3.711042080026391, "p_ex": 10.0, "prior": 1.6758585229168874, "rate": 0.001}, "datetime": {"datetime": "2024-03-29 12:46:24", "elapsed": 8193.709556, "delta": 45.146637}}
{"target": -82.34998864257561, "params": {"p_ai": 3.4216382584794376, "p_al": 2.924139529668274, "p_ex": 10.0, "prior": 10.0, "rate": 2.5361487245976377}, "datetime": {"datetime": "2024-03-29 12:46:42", "elapsed": 8211.979195, "delta": 18.269639}}
{"target": -56.54758513037129, "params": {"p_ai": 10.0, "p_al": 4.619676710639787, "p_ex": 7.779092657619907, "prior": 2.2617672765372703, "rate": 2.3041413411241565}, "datetime": {"datetime": "2024-03-29 12:47:05", "elapsed": 8234.672079, "delta": 22.692884}}
{"target": -65.44072241157598, "params": {"p_ai": 7.8781511046310415, "p_al": 10.0, "p_ex": 2.508816893912827, "prior": 2.646090115478239, "rate": 9.289801191504038}, "datetime": {"datetime": "2024-03-29 12:47:22", "elapsed": 8251.974002, "delta": 17.301923}}
{"target": -63.29129204477597, "params": {"p_ai": 2.6344959239829455, "p_al": 0.001, "p_ex": 7.660525397262835, "prior": 4.0600292625962195, "rate": 10.0}, "datetime": {"datetime": "2024-03-29 12:47:40", "elapsed": 8269.500689, "delta": 17.526687}}
{"target": -72.40468668798192, "params": {"p_ai": 8.178635304141807, "p_al": 0.001, "p_ex": 2.012172358017388, "prior": 10.0, "rate": 3.411454369479163}, "datetime": {"datetime": "2024-03-29 12:47:56", "elapsed": 8285.832362, "delta": 16.331673}}
{"target": -59.4294733857379, "params": {"p_ai": 7.835132694106699, "p_al": 4.069468985142927, "p_ex": 2.9618613213007894, "prior": 6.732011145262691, "rate": 10.0}, "datetime": {"datetime": "2024-03-29 12:48:22", "elapsed": 8311.507695, "delta": 25.675333}}
{"target": -76.72411682119971, "params": {"p_ai": 10.0, "p_al": 10.0, "p_ex": 3.0103070260047473, "prior": 10.0, "rate": 2.9926407247667597}, "datetime": {"datetime": "2024-03-29 12:48:39", "elapsed": 8328.656986, "delta": 17.149291}}
{"target": -86.54750853658966, "params": {"p_ai": 7.34261286124222, "p_al": 4.040945878397662, "p_ex": 0.001, "prior": 10.0, "rate": 1.685136261979279}, "datetime": {"datetime": "2024-03-29 12:48:57", "elapsed": 8347.017065, "delta": 18.360079}}
{"target": -59.76042455013292, "params": {"p_ai": 2.6147316667285385, "p_al": 6.635904533395384, "p_ex": 8.234957816726823, "prior": 2.2122080130131767, "rate": 7.104817355282802}, "datetime": {"datetime": "2024-03-29 12:49:24", "elapsed": 8374.112816, "delta": 27.095751}}
{"target": -65.55975080816769, "params": {"p_ai": 6.26567947850535, "p_al": 1.85325459212206, "p_ex": 2.6392622734407656, "prior": 5.758839621838975, "rate": 4.490475700414483}, "datetime": {"datetime": "2024-03-29 12:49:56", "elapsed": 8405.716042, "delta": 31.603226}}
{"target": -59.535506957682784, "params": {"p_ai": 10.0, "p_al": 2.3174518685180705, "p_ex": 10.0, "prior": 10.0, "rate": 3.269229094807347}, "datetime": {"datetime": "2024-03-29 12:50:19", "elapsed": 8428.311521, "delta": 22.595479}}
{"target": -60.98888350281008, "params": {"p_ai": 7.818625560702551, "p_al": 10.0, "p_ex": 5.560126084842971, "prior": 10.0, "rate": 5.70940520508691}, "datetime": {"datetime": "2024-03-29 12:50:42", "elapsed": 8451.711754, "delta": 23.400233}}
{"target": -90.92659032030234, "params": {"p_ai": 10.0, "p_al": 6.059563801047951, "p_ex": 5.953113653289728, "prior": 6.833926676007838, "rate": 0.001}, "datetime": {"datetime": "2024-03-29 12:51:03", "elapsed": 8472.749602, "delta": 21.037848}}
{"target": -51.22427414315061, "params": {"p_ai": 6.162779677924233, "p_al": 9.923496509750388, "p_ex": 7.930533564539609, "prior": 3.138821808866593, "rate": 9.968981502702034}, "datetime": {"datetime": "2024-03-29 12:51:28", "elapsed": 8497.715422, "delta": 24.96582}}
{"target": -124.34513527117372, "params": {"p_ai": 0.001, "p_al": 0.001, "p_ex": 6.661397119991015, "prior": 10.0, "rate": 10.0}, "datetime": {"datetime": "2024-03-29 12:51:56", "elapsed": 8525.302865, "delta": 27.587443}}
{"target": -88.56913731932876, "params": {"p_ai": 10.0, "p_al": 7.1584710563705425, "p_ex": 1.7951111515679836, "prior": 10.0, "rate": 0.001}, "datetime": {"datetime": "2024-03-29 12:52:14", "elapsed": 8543.255953, "delta": 17.953088}}
{"target": -91.61766740058927, "params": {"p_ai": 10.0, "p_al": 4.396814468785296, "p_ex": 10.0, "prior": 4.74017095402401, "rate": 0.001}, "datetime": {"datetime": "2024-03-29 12:52:37", "elapsed": 8566.513983, "delta": 23.25803}}
{"target": -65.22166134816679, "params": {"p_ai": 10.0, "p_al": 8.070241623534022, "p_ex": 4.927021382685198, "prior": 6.920601610402786, "rate": 3.4827193163698413}, "datetime": {"datetime": "2024-03-29 12:52:59", "elapsed": 8588.58132, "delta": 22.067337}}
{"target": -88.96852138963754, "params": {"p_ai": 6.327415971034367, "p_al": 0.001, "p_ex": 10.0, "prior": 10.0, "rate": 0.001}, "datetime": {"datetime": "2024-03-29 12:53:22", "elapsed": 8611.156161, "delta": 22.574841}}
{"target": -61.20946324719513, "params": {"p_ai": 10.0, "p_al": 0.001, "p_ex": 10.0, "prior": 8.180404076652836, "rate": 1.749022611772888}, "datetime": {"datetime": "2024-03-29 12:53:38", "elapsed": 8627.528385, "delta": 16.372224}}
{"target": -122.1288133185186, "params": {"p_ai": 0.001, "p_al": 1.2513410122472934, "p_ex": 10.0, "prior": 5.370826817322425, "rate": 7.864267761320085}, "datetime": {"datetime": "2024-03-29 12:54:06", "elapsed": 8656.021005, "delta": 28.49262}}
{"target": -56.024539459846146, "params": {"p_ai": 5.268074222725669, "p_al": 10.0, "p_ex": 10.0, "prior": 2.312498416120548, "rate": 5.688932291730911}, "datetime": {"datetime": "2024-03-29 12:54:37", "elapsed": 8686.820859, "delta": 30.799854}}
{"target": -88.95100901562563, "params": {"p_ai": 4.523922605584352, "p_al": 2.8710227543804616, "p_ex": 0.001, "prior": 10.0, "rate": 4.758706004939336}, "datetime": {"datetime": "2024-03-29 12:55:02", "elapsed": 8711.219052, "delta": 24.398193}}
{"target": -103.29732597996248, "params": {"p_ai": 3.1027424499266343, "p_al": 0.04399608133786733, "p_ex": 7.042203452184277, "prior": 6.819363952584263, "rate": 0.2478973242466995}, "datetime": {"datetime": "2024-03-29 12:55:19", "elapsed": 8728.183128, "delta": 16.964076}}
{"target": -63.60300333704153, "params": {"p_ai": 2.727415526063198, "p_al": 0.001, "p_ex": 2.2855185595605563, "prior": 0.001, "rate": 4.353253054961016}, "datetime": {"datetime": "2024-03-29 12:55:42", "elapsed": 8751.368723, "delta": 23.185595}}
{"target": -115.98656681853112, "params": {"p_ai": 0.001, "p_al": 5.57989185805516, "p_ex": 4.3928150889292095, "prior": 7.6921055115053125, "rate": 10.0}, "datetime": {"datetime": "2024-03-29 12:55:59", "elapsed": 8768.271974, "delta": 16.903251}}
{"target": -53.641662894264286, "params": {"p_ai": 8.791465165524627, "p_al": 7.643832365549833, "p_ex": 7.041902845110742, "prior": 10.0, "rate": 10.0}, "datetime": {"datetime": "2024-03-29 12:56:22", "elapsed": 8791.630649, "delta": 23.358675}}
{"target": -143.6602943220714, "params": {"p_ai": 0.001, "p_al": 2.9665498403722843, "p_ex": 0.001, "prior": 8.310811915623756, "rate": 10.0}, "datetime": {"datetime": "2024-03-29 12:56:39", "elapsed": 8808.142987, "delta": 16.512338}}
{"target": -97.21100891781613, "params": {"p_ai": 10.0, "p_al": 10.0, "p_ex": 0.001, "prior": 7.14066800357515, "rate": 3.0501275595916266}, "datetime": {"datetime": "2024-03-29 12:57:09", "elapsed": 8838.458442, "delta": 30.315455}}
{"target": -86.91917866304527, "params": {"p_ai": 8.805773065867237, "p_al": 4.322050380871498, "p_ex": 10.0, "prior": 8.503510160477665, "rate": 0.001}, "datetime": {"datetime": "2024-03-29 12:57:35", "elapsed": 8864.23376, "delta": 25.775318}}
{"target": -52.866637572281455, "params": {"p_ai": 4.699591653606365, "p_al": 3.901953119292431, "p_ex": 8.331725131223086, "prior": 1.595652331573695, "rate": 8.720598311010027}, "datetime": {"datetime": "2024-03-29 12:57:54", "elapsed": 8883.155103, "delta": 18.921343}}
{"target": -68.99908621535361, "params": {"p_ai": 3.0001206489357743, "p_al": 7.303054981258413, "p_ex": 3.7979551275619037, "prior": 10.0, "rate": 10.0}, "datetime": {"datetime": "2024-03-29 12:58:11", "elapsed": 8900.512226, "delta": 17.357123}}
{"target": -67.48212938734403, "params": {"p_ai": 4.979724037114339, "p_al": 2.2329485395582114, "p_ex": 2.2219776522968098, "prior": 10.0, "rate": 10.0}, "datetime": {"datetime": "2024-03-29 12:58:41", "elapsed": 8930.626432, "delta": 30.114206}}
{"target": -64.9402207525157, "params": {"p_ai": 2.128639773866449, "p_al": 10.0, "p_ex": 5.175584043007133, "prior": 0.7378005563475174, "rate": 10.0}, "datetime": {"datetime": "2024-03-29 12:58:59", "elapsed": 8948.638889, "delta": 18.012457}}
{"target": -56.4019274970572, "params": {"p_ai": 5.983887784634191, "p_al": 6.172412175876793, "p_ex": 10.0, "prior": 7.573924268274505, "rate": 10.0}, "datetime": {"datetime": "2024-03-29 12:59:39", "elapsed": 8988.828544, "delta": 40.189655}}
{"target": -90.52322257549939, "params": {"p_ai": 10.0, "p_al": 3.5527020069971256, "p_ex": 0.001, "prior": 3.9371017307902654, "rate": 4.743033633768515}, "datetime": {"datetime": "2024-03-29 12:59:57", "elapsed": 9006.283735, "delta": 17.455191}}
{"target": -61.03226149672592, "params": {"p_ai": 6.017490450759406, "p_al": 0.001, "p_ex": 2.3402175398308076, "prior": 5.009631050616256, "rate": 10.0}, "datetime": {"datetime": "2024-03-29 13:00:20", "elapsed": 9029.553078, "delta": 23.269343}}
{"target": -103.57626632835458, "params": {"p_ai": 2.1155979960405076, "p_al": 0.001, "p_ex": 0.001, "prior": 4.446616668305969, "rate": 10.0}, "datetime": {"datetime": "2024-03-29 13:00:38", "elapsed": 9047.314146, "delta": 17.761068}}
{"target": -89.51708759271246, "params": {"p_ai": 3.876115554944574, "p_al": 0.001, "p_ex": 0.001, "prior": 10.0, "rate": 2.5689029587514463}, "datetime": {"datetime": "2024-03-29 13:01:03", "elapsed": 9072.683728, "delta": 25.369582}}
{"target": -61.27404894481287, "params": {"p_ai": 10.0, "p_al": 2.5169649055090972, "p_ex": 4.257429040354124, "prior": 6.945681005783234, "rate": 3.8810055743963683}, "datetime": {"datetime": "2024-03-29 13:01:28", "elapsed": 9097.922928, "delta": 25.2392}}
{"target": -87.60172345867058, "params": {"p_ai": 8.387993906751584, "p_al": 4.757201149234966, "p_ex": 0.001, "prior": 10.0, "rate": 7.500898243437976}, "datetime": {"datetime": "2024-03-29 13:01:53", "elapsed": 9122.631372, "delta": 24.708444}}
{"target": -57.05788084238238, "params": {"p_ai": 4.090633883262174, "p_al": 10.0, "p_ex": 5.979161093289303, "prior": 7.547937156997866, "rate": 10.0}, "datetime": {"datetime": "2024-03-29 13:02:18", "elapsed": 9148.031145, "delta": 25.399773}}
{"target": -62.29901577908156, "params": {"p_ai": 10.0, "p_al": 7.562141482866752, "p_ex": 7.927491444280235, "prior": 6.240163761052786, "rate": 2.6767417405959124}, "datetime": {"datetime": "2024-03-29 13:02:37", "elapsed": 9166.811407, "delta": 18.780262}}
{"target": -86.10381337435128, "params": {"p_ai": 7.899253850465081, "p_al": 0.001, "p_ex": 0.001, "prior": 4.089120470788479, "rate": 7.508507374281441}, "datetime": {"datetime": "2024-03-29 13:03:08", "elapsed": 9197.259164, "delta": 30.447757}}
{"target": -59.62552656928044, "params": {"p_ai": 4.5301651017998115, "p_al": 5.519363683107231, "p_ex": 10.0, "prior": 5.198409625110142, "rate": 5.590191567704188}, "datetime": {"datetime": "2024-03-29 13:03:25", "elapsed": 9214.61482, "delta": 17.355656}}
{"target": -56.52780010346094, "params": {"p_ai": 10.0, "p_al": 7.207056575297555, "p_ex": 4.526802110118742, "prior": 5.044179047968869, "rate": 6.752013656032157}, "datetime": {"datetime": "2024-03-29 13:03:44", "elapsed": 9233.261564, "delta": 18.646744}}
{"target": -58.602647772005476, "params": {"p_ai": 4.987575559673209, "p_al": 10.0, "p_ex": 8.127265658791561, "prior": 2.2930041333705455, "rate": 3.978585839564695}, "datetime": {"datetime": "2024-03-29 13:04:01", "elapsed": 9250.662129, "delta": 17.400565}}
{"target": -55.09262702848525, "params": {"p_ai": 7.545434105135398, "p_al": 10.0, "p_ex": 5.659430692205599, "prior": 10.0, "rate": 10.0}, "datetime": {"datetime": "2024-03-29 13:04:20", "elapsed": 9269.26702, "delta": 18.604891}}
{"target": -156.39102739475024, "params": {"p_ai": 0.001, "p_al": 7.287959598919107, "p_ex": 4.56823728808054, "prior": 6.794155903888992, "rate": 0.001}, "datetime": {"datetime": "2024-03-29 13:04:44", "elapsed": 9293.466994, "delta": 24.199974}}
{"target": -55.5370805114692, "params": {"p_ai": 10.0, "p_al": 0.001, "p_ex": 5.487650913988031, "prior": 0.001, "rate": 0.001}, "datetime": {"datetime": "2024-03-29 13:05:01", "elapsed": 9310.331799, "delta": 16.864805}}
