{"target": -141.66569416028346, "params": {"p_ai": 10.0, "p_al": 3.504505360067197, "p_ex": 10.0, "prior": 10.0, "rate": 5.498062968367803}, "datetime": {"datetime": "2024-04-01 16:35:51", "elapsed": 8575.531279, "delta": 15.91739}}
{"target": -194.17344715366897, "params": {"p_ai": 10.0, "p_al": 0.001, "p_ex": 0.001, "prior": 10.0, "rate": 0.001}, "datetime": {"datetime": "2024-04-01 16:36:26", "elapsed": 8610.998206, "delta": 35.466927}}
{"target": -112.10465996084314, "params": {"p_ai": 5.727268868592335, "p_al": 8.005060219460505, "p_ex": 6.993633523628056, "prior": 0.5728427476881468, "rate": 6.528408345128406}, "datetime": {"datetime": "2024-04-01 16:36:42", "elapsed": 8626.87615, "delta": 15.877944}}
{"target": -150.37620304614796, "params": {"p_ai": 0.001, "p_al": 0.001, "p_ex": 0.001, "prior": 2.2019596372214747, "rate": 2.464621325860654}, "datetime": {"datetime": "2024-04-01 16:37:04", "elapsed": 8648.763497, "delta": 21.887347}}
{"target": -85.09788147004755, "params": {"p_ai": 1.7798210091473792, "p_al": 5.787903798675267, "p_ex": 4.922045463944872, "prior": 0.7453765494028272, "rate": 3.440746806642486}, "datetime": {"datetime": "2024-04-01 16:37:20", "elapsed": 8664.906558, "delta": 16.143061}}
{"target": -160.7190425316661, "params": {"p_ai": 6.982842661651552, "p_al": 0.001, "p_ex": 10.0, "prior": 0.001, "rate": 2.1572818531342675}, "datetime": {"datetime": "2024-04-01 16:37:43", "elapsed": 8687.746851, "delta": 22.840293}}
{"target": -114.67419896665878, "params": {"p_ai": 6.932494039728868, "p_al": 7.403447171883646, "p_ex": 10.0, "prior": 10.0, "rate": 10.0}, "datetime": {"datetime": "2024-04-01 16:38:07", "elapsed": 8711.488275, "delta": 23.741424}}
{"target": -178.8887444638144, "params": {"p_ai": 10.0, "p_al": 0.001, "p_ex": 5.746472973485837, "prior": 4.281079016580367, "rate": 0.001}, "datetime": {"datetime": "2024-04-01 16:38:29", "elapsed": 8733.534112, "delta": 22.045837}}
{"target": -137.60471353454145, "params": {"p_ai": 4.519559661593179, "p_al": 0.001, "p_ex": 10.0, "prior": 0.001, "rate": 6.216094857455846}, "datetime": {"datetime": "2024-04-01 16:38:50", "elapsed": 8754.486258, "delta": 20.952146}}
{"target": -107.46301351527988, "params": {"p_ai": 4.910006901807924, "p_al": 0.001, "p_ex": 10.0, "prior": 3.423538216934996, "rate": 6.734525429092784}, "datetime": {"datetime": "2024-04-01 16:39:07", "elapsed": 8771.935103, "delta": 17.448845}}
{"target": -122.9389279092145, "params": {"p_ai": 3.785443491612158, "p_al": 0.08846170059032499, "p_ex": 6.536164494652469, "prior": 7.550390769375381, "rate": 0.0679238314065687}, "datetime": {"datetime": "2024-04-01 16:39:36", "elapsed": 8800.497865, "delta": 28.562762}}
{"target": -119.25657465186801, "params": {"p_ai": 0.001, "p_al": 0.001, "p_ex": 10.0, "prior": 2.650746671710796, "rate": 10.0}, "datetime": {"datetime": "2024-04-01 16:39:51", "elapsed": 8815.696581, "delta": 15.198716}}
{"target": -138.53866436974135, "params": {"p_ai": 4.654538180831106, "p_al": 6.724627526436742, "p_ex": 0.001, "prior": 3.2145751926171044, "rate": 10.0}, "datetime": {"datetime": "2024-04-01 16:40:08", "elapsed": 8832.81794, "delta": 17.121359}}
{"target": -197.27527043619546, "params": {"p_ai": 10.0, "p_al": 10.0, "p_ex": 0.001, "prior": 10.0, "rate": 5.562467039934515}, "datetime": {"datetime": "2024-04-01 16:40:24", "elapsed": 8848.866061, "delta": 16.048121}}
{"target": -129.25748914032988, "params": {"p_ai": 3.389052498470139, "p_al": 0.001, "p_ex": 0.001, "prior": 6.983401533694926, "rate": 2.891709806835787}, "datetime": {"datetime": "2024-04-01 16:40:42", "elapsed": 8866.662704, "delta": 17.796643}}
{"target": -99.34667334570312, "params": {"p_ai": 2.264898870286225, "p_al": 0.001, "p_ex": 2.5613428699308196, "prior": 4.385613303531631, "rate": 10.0}, "datetime": {"datetime": "2024-04-01 16:41:05", "elapsed": 8889.658467, "delta": 22.995763}}
{"target": -122.60601540917928, "params": {"p_ai": 0.001, "p_al": 6.90387998373935, "p_ex": 2.399294823225154, "prior": 6.460605606599132, "rate": 10.0}, "datetime": {"datetime": "2024-04-01 16:41:20", "elapsed": 8904.780296, "delta": 15.121829}}
{"target": -125.5139029351707, "params": {"p_ai": 3.691785225280829, "p_al": 7.183007855345672, "p_ex": 5.08231489303555, "prior": 10.0, "rate": 0.001}, "datetime": {"datetime": "2024-04-01 16:41:36", "elapsed": 8920.166808, "delta": 15.386512}}
{"target": -127.42900082466043, "params": {"p_ai": 2.5109197075962904, "p_al": 10.0, "p_ex": 0.001, "prior": 7.346878403985317, "rate": 7.516076706160171}, "datetime": {"datetime": "2024-04-01 16:41:59", "elapsed": 8943.954956, "delta": 23.788148}}
{"target": -196.00124782838597, "params": {"p_ai": 10.0, "p_al": 10.0, "p_ex": 10.0, "prior": 4.994796023832323, "rate": 0.001}, "datetime": {"datetime": "2024-04-01 16:42:16", "elapsed": 8960.471284, "delta": 16.516328}}
{"target": -154.88725959353053, "params": {"p_ai": 10.0, "p_al": 0.001, "p_ex": 4.405275335094993, "prior": 10.0, "rate": 10.0}, "datetime": {"datetime": "2024-04-01 16:42:47", "elapsed": 8991.7367, "delta": 31.265416}}
{"target": -107.57226063537492, "params": {"p_ai": 3.8421664387187304, "p_al": 6.738304289620245, "p_ex": 2.071352764435448, "prior": 7.5732530464760615, "rate": 10.0}, "datetime": {"datetime": "2024-04-01 16:43:09", "elapsed": 9013.438137, "delta": 21.701437}}
{"target": -330.3168333663931, "params": {"p_ai": 10.0, "p_al": 3.8670269203656713, "p_ex": 6.015155675946844, "prior": 0.001, "rate": 2.4067183572775086}, "datetime": {"datetime": "2024-04-01 16:43:25", "elapsed": 9029.24073, "delta": 15.802593}}
{"target": -106.39208395949656, "params": {"p_ai": 0.001, "p_al": 5.438394475417147, "p_ex": 10.0, "prior": 1.516455139474419, "rate": 6.904262055022587}, "datetime": {"datetime": "2024-04-01 16:43:41", "elapsed": 9045.637678, "delta": 16.396948}}
{"target": -119.20125314266927, "params": {"p_ai": 0.001, "p_al": 4.533282935774286, "p_ex": 6.1121018069264625, "prior": 7.463450084131199, "rate": 7.217218547295152}, "datetime": {"datetime": "2024-04-01 16:43:58", "elapsed": 9062.182685, "delta": 16.545007}}
{"target": -100.01034322165256, "params": {"p_ai": 1.6207710715136354, "p_al": 0.001, "p_ex": 3.0343509115498266, "prior": 4.141187343263469, "rate": 6.214898439632895}, "datetime": {"datetime": "2024-04-01 16:44:12", "elapsed": 9076.963995, "delta": 14.78131}}
{"target": -140.7583306739239, "params": {"p_ai": 0.001, "p_al": 10.0, "p_ex": 0.001, "prior": 10.0, "rate": 6.044726824920703}, "datetime": {"datetime": "2024-04-01 16:44:42", "elapsed": 9106.978413, "delta": 30.014418}}
{"target": -151.60698143054412, "params": {"p_ai": 0.001, "p_al": 0.001, "p_ex": 10.0, "prior": 7.217611528006667, "rate": 2.9603302404939633}, "datetime": {"datetime": "2024-04-01 16:45:04", "elapsed": 9129.131576, "delta": 22.153163}}
{"target": -137.8471628552559, "params": {"p_ai": 0.001, "p_al": 6.690836962457047, "p_ex": 0.001, "prior": 5.688622471487617, "rate": 2.05178523512541}, "datetime": {"datetime": "2024-04-01 16:45:30", "elapsed": 9154.597502, "delta": 25.465926}}
{"target": -116.1640885113365, "params": {"p_ai": 6.148690740503211, "p_al": 0.001, "p_ex": 4.210215210146068, "prior": 6.001643634352876, "rate": 4.118657826042082}, "datetime": {"datetime": "2024-04-01 16:45:47", "elapsed": 9171.17652, "delta": 16.579018}}
{"target": -126.75063020610447, "params": {"p_ai": 2.89154651244327, "p_al": 3.2472072014761233, "p_ex": 0.001, "prior": 6.740992806705453, "rate": 0.001}, "datetime": {"datetime": "2024-04-01 16:46:10", "elapsed": 9194.802838, "delta": 23.626318}}
{"target": -134.13797071099077, "params": {"p_ai": 3.349582044695942, "p_al": 0.001, "p_ex": 10.0, "prior": 4.741533950290622, "rate": 0.001}, "datetime": {"datetime": "2024-04-01 16:46:26", "elapsed": 9210.511988, "delta": 15.70915}}
{"target": -95.86306434905437, "params": {"p_ai": 1.937214084457275, "p_al": 8.552880521737645, "p_ex": 5.149596945282375, "prior": 2.4932378210986825, "rate": 2.0814202211354074}, "datetime": {"datetime": "2024-04-01 16:46:53", "elapsed": 9237.952195, "delta": 27.440207}}
{"target": -321.029850220258, "params": {"p_ai": 4.11137983608442, "p_al": 3.651302110313879, "p_ex": 10.0, "prior": 0.001, "rate": 10.0}, "datetime": {"datetime": "2024-04-01 16:47:10", "elapsed": 9254.262356, "delta": 16.310161}}
{"target": -97.67159810228823, "params": {"p_ai": 1.8679832677812842, "p_al": 3.4008724200739797, "p_ex": 8.806430377036627, "prior": 1.234082741178645, "rate": 8.616543980166547}, "datetime": {"datetime": "2024-04-01 16:47:32", "elapsed": 9276.686434, "delta": 22.424078}}
{"target": -106.98859670618197, "params": {"p_ai": 5.547653367148226, "p_al": 3.8498108562105386, "p_ex": 4.913899503289823, "prior": 10.0, "rate": 10.0}, "datetime": {"datetime": "2024-04-01 16:47:47", "elapsed": 9291.51513, "delta": 14.828696}}
{"target": -105.32373007495016, "params": {"p_ai": 1.9131662824301474, "p_al": 0.001, "p_ex": 2.902539517031829, "prior": 2.7197253186006893, "rate": 1.3627634129659831}, "datetime": {"datetime": "2024-04-01 16:48:04", "elapsed": 9308.408506, "delta": 16.893376}}
{"target": -130.69854510649336, "params": {"p_ai": 3.6957215042619675, "p_al": 0.001, "p_ex": 10.0, "prior": 10.0, "rate": 0.001}, "datetime": {"datetime": "2024-04-01 16:48:21", "elapsed": 9325.258125, "delta": 16.849619}}
{"target": -128.36283267574441, "params": {"p_ai": 4.445804977128242, "p_al": 7.43877890768624, "p_ex": 8.08687406372892, "prior": 6.919709666702921, "rate": 0.001}, "datetime": {"datetime": "2024-04-01 16:48:49", "elapsed": 9353.876401, "delta": 28.618276}}
{"target": -255.52548139067494, "params": {"p_ai": 5.994758802491883, "p_al": 5.411372635719215, "p_ex": 10.0, "prior": 1.0076627156873779, "rate": 0.001}, "datetime": {"datetime": "2024-04-01 16:49:11", "elapsed": 9375.855738, "delta": 21.979337}}
{"target": -127.6420275886379, "params": {"p_ai": 0.001, "p_al": 10.0, "p_ex": 2.619613719958719, "prior": 7.435369965504377, "rate": 4.151967925322392}, "datetime": {"datetime": "2024-04-01 16:49:27", "elapsed": 9391.642798, "delta": 15.78706}}
{"target": -98.18419132542795, "params": {"p_ai": 5.354718020773528, "p_al": 1.9557054882122369, "p_ex": 8.373443743179333, "prior": 2.4631903308943435, "rate": 1.9388693678844204}, "datetime": {"datetime": "2024-04-01 16:49:44", "elapsed": 9408.501233, "delta": 16.858435}}
{"target": -138.18567226579583, "params": {"p_ai": 0.001, "p_al": 0.001, "p_ex": 10.0, "prior": 10.0, "rate": 6.783019756502054}, "datetime": {"datetime": "2024-04-01 16:50:02", "elapsed": 9426.947812, "delta": 18.446579}}
{"target": -110.07689408847409, "params": {"p_ai": 6.2196267743124025, "p_al": 0.001, "p_ex": 7.39958205563754, "prior": 4.509777403329206, "rate": 4.888470505577436}, "datetime": {"datetime": "2024-04-01 16:50:20", "elapsed": 9444.140255, "delta": 17.192443}}
{"target": -101.98744365231204, "params": {"p_ai": 4.977799872862463, "p_al": 10.0, "p_ex": 6.030190495784313, "prior": 2.028723919787602, "rate": 8.630043888682295}, "datetime": {"datetime": "2024-04-01 16:50:47", "elapsed": 9471.584657, "delta": 27.444402}}
{"target": -137.56864332819993, "params": {"p_ai": 0.001, "p_al": 6.3712114271911355, "p_ex": 7.657915903879491, "prior": 10.0, "rate": 4.029931621936393}, "datetime": {"datetime": "2024-04-01 16:51:03", "elapsed": 9488.067302, "delta": 16.482645}}
{"target": -128.1289241575798, "params": {"p_ai": 3.068010385546749, "p_al": 0.001, "p_ex": 0.001, "prior": 10.0, "rate": 0.001}, "datetime": {"datetime": "2024-04-01 16:51:42", "elapsed": 9526.828757, "delta": 38.761455}}
{"target": -152.86149020801182, "params": {"p_ai": 10.0, "p_al": 6.967386469124381, "p_ex": 10.0, "prior": 6.173068833900455, "rate": 10.0}, "datetime": {"datetime": "2024-04-01 16:52:05", "elapsed": 9549.479423, "delta": 22.650666}}
{"target": -116.88726660643883, "params": {"p_ai": 7.220302125226387, "p_al": 0.001, "p_ex": 7.538242252535941, "prior": 7.6136197683225815, "rate": 2.1798247472029035}, "datetime": {"datetime": "2024-04-01 16:52:28", "elapsed": 9573.096121, "delta": 23.616698}}
{"target": -151.5520184359813, "params": {"p_ai": 10.0, "p_al": 10.0, "p_ex": 6.050234917457427, "prior": 10.0, "rate": 4.355068023305154}, "datetime": {"datetime": "2024-04-01 16:52:58", "elapsed": 9602.614169, "delta": 29.518048}}
{"target": -111.75472917919478, "params": {"p_ai": 6.539856369412551, "p_al": 10.0, "p_ex": 7.390255855317158, "prior": 3.663356649390309, "rate": 4.716246099912668}, "datetime": {"datetime": "2024-04-01 16:53:16", "elapsed": 9620.564562, "delta": 17.950393}}
{"target": -433.4799236265926, "params": {"p_ai": 3.6749747500351733, "p_al": 1.2249744469691262, "p_ex": 7.458736209289, "prior": 0.001, "rate": 7.72113638607995}, "datetime": {"datetime": "2024-04-01 16:53:34", "elapsed": 9638.940987, "delta": 18.376425}}
{"target": -105.423454478322, "params": {"p_ai": 4.597701644205743, "p_al": 2.385483246640561, "p_ex": 6.813870983415785, "prior": 2.12849949753187, "rate": 9.793344377714746}, "datetime": {"datetime": "2024-04-01 16:53:52", "elapsed": 9656.744229, "delta": 17.803242}}
{"target": -121.41446563688238, "params": {"p_ai": 1.5662136439196384, "p_al": 0.001, "p_ex": 10.0, "prior": 0.001, "rate": 2.016769172228985}, "datetime": {"datetime": "2024-04-01 16:54:08", "elapsed": 9672.576807, "delta": 15.832578}}
{"target": -110.7763213742095, "params": {"p_ai": 4.724186558545691, "p_al": 3.493789394446391, "p_ex": 9.365779009906285, "prior": 1.9721112772636746, "rate": 7.995218610056061}, "datetime": {"datetime": "2024-04-01 16:54:23", "elapsed": 9687.422182, "delta": 14.845375}}
{"target": -115.47554640391397, "params": {"p_ai": 0.001, "p_al": 3.8457208827732408, "p_ex": 3.013205128918178, "prior": 2.9709324709344145, "rate": 7.686632092899191}, "datetime": {"datetime": "2024-04-01 16:54:39", "elapsed": 9703.696899, "delta": 16.274717}}
{"target": -109.57109230786044, "params": {"p_ai": 6.224606181335543, "p_al": 4.680444095674938, "p_ex": 6.3342692984077305, "prior": 6.466822463952747, "rate": 6.233607460596593}, "datetime": {"datetime": "2024-04-01 16:54:57", "elapsed": 9721.443016, "delta": 17.746117}}
{"target": -106.06675014743023, "params": {"p_ai": 6.148859992821867, "p_al": 10.0, "p_ex": 10.0, "prior": 4.1061835209819835, "rate": 2.0330027710133836}, "datetime": {"datetime": "2024-04-01 16:55:20", "elapsed": 9744.253142, "delta": 22.810126}}
{"target": -125.01211334444814, "params": {"p_ai": 2.9906951375900075, "p_al": 2.410855020543939, "p_ex": 2.6171140758197864, "prior": 10.0, "rate": 0.001}, "datetime": {"datetime": "2024-04-01 16:55:36", "elapsed": 9761.022022, "delta": 16.76888}}
{"target": -167.82975617417202, "params": {"p_ai": 0.001, "p_al": 6.607251764410158, "p_ex": 6.031546367044109, "prior": 10.0, "rate": 0.001}, "datetime": {"datetime": "2024-04-01 16:55:53", "elapsed": 9777.844592, "delta": 16.82257}}
{"target": -108.1102811082913, "params": {"p_ai": 5.372628079864258, "p_al": 8.939518848342674, "p_ex": 9.814487447632906, "prior": 4.546685618359073, "rate": 9.977781054935438}, "datetime": {"datetime": "2024-04-01 16:56:16", "elapsed": 9800.771482, "delta": 22.92689}}
{"target": -108.66448777352448, "params": {"p_ai": 6.185647836796816, "p_al": 8.169445455644217, "p_ex": 8.161963229321978, "prior": 10.0, "rate": 2.238238487643967}, "datetime": {"datetime": "2024-04-01 16:56:33", "elapsed": 9817.553604, "delta": 16.782122}}
{"target": -127.57557326814029, "params": {"p_ai": 0.001, "p_al": 2.3556641546415564, "p_ex": 2.1513294135169505, "prior": 7.426613949857924, "rate": 10.0}, "datetime": {"datetime": "2024-04-01 16:56:56", "elapsed": 9841.110523, "delta": 23.556919}}
{"target": -175.00810996922593, "params": {"p_ai": 10.0, "p_al": 0.001, "p_ex": 7.2395849195969495, "prior": 10.0, "rate": 0.001}, "datetime": {"datetime": "2024-04-01 16:57:12", "elapsed": 9856.324296, "delta": 15.213773}}
{"target": -130.43063384984555, "params": {"p_ai": 0.001, "p_al": 10.0, "p_ex": 0.001, "prior": 10.0, "rate": 0.001}, "datetime": {"datetime": "2024-04-01 16:57:45", "elapsed": 9889.165417, "delta": 32.841121}}
{"target": -112.74450998115188, "params": {"p_ai": 0.001, "p_al": 4.832103257232309, "p_ex": 5.208628909988146, "prior": 3.802167946231371, "rate": 5.199026134536682}, "datetime": {"datetime": "2024-04-01 16:58:08", "elapsed": 9912.554719, "delta": 23.389302}}
{"target": -135.8913717849248, "params": {"p_ai": 4.452909132227621, "p_al": 2.3114387912372214, "p_ex": 0.001, "prior": 7.813583010876598, "rate": 10.0}, "datetime": {"datetime": "2024-04-01 16:58:31", "elapsed": 9935.835179, "delta": 23.28046}}
{"target": -147.4135749011129, "params": {"p_ai": 10.0, "p_al": 4.77406223770763, "p_ex": 10.0, "prior": 10.0, "rate": 10.0}, "datetime": {"datetime": "2024-04-01 16:58:59", "elapsed": 9963.213101, "delta": 27.377922}}
{"target": -112.36139028516557, "params": {"p_ai": 5.816215186888838, "p_al": 6.2673082095864405, "p_ex": 5.556742581691764, "prior": 1.0409090631122981, "rate": 8.25958639262983}, "datetime": {"datetime": "2024-04-01 16:59:14", "elapsed": 9978.977587, "delta": 15.764486}}
{"target": -124.70553016966589, "params": {"p_ai": 0.001, "p_al": 10.0, "p_ex": 6.541569771599933, "prior": 6.81055077003088, "rate": 3.670165634013057}, "datetime": {"datetime": "2024-04-01 16:59:30", "elapsed": 9995.009471, "delta": 16.031884}}
{"target": -304.1649811465864, "params": {"p_ai": 6.693225101842122, "p_al": 10.0, "p_ex": 8.393844239822926, "prior": 0.001, "rate": 5.3041076576042}, "datetime": {"datetime": "2024-04-01 16:59:47", "elapsed": 10011.532609, "delta": 16.523138}}
{"target": -149.57481026788193, "params": {"p_ai": 10.0, "p_al": 10.0, "p_ex": 6.946816959231047, "prior": 6.56258248113428, "rate": 10.0}, "datetime": {"datetime": "2024-04-01 17:00:08", "elapsed": 10032.180637, "delta": 20.648028}}
{"target": -99.78200867792017, "params": {"p_ai": 2.5305996767963483, "p_al": 8.083301980136346, "p_ex": 3.6176348203722823, "prior": 7.877429173996157, "rate": 3.7413848314713385}, "datetime": {"datetime": "2024-04-01 17:00:29", "elapsed": 10054.069157, "delta": 21.88852}}
{"target": -108.7517153400328, "params": {"p_ai": 4.832708782032751, "p_al": 9.977078675075678, "p_ex": 3.8246942442566896, "prior": 4.047449965806769, "rate": 4.198683979022345}, "datetime": {"datetime": "2024-04-01 17:00:53", "elapsed": 10077.66369, "delta": 23.594533}}
{"target": -104.29415512901022, "params": {"p_ai": 3.3315270826079213, "p_al": 0.001, "p_ex": 3.4526853983261767, "prior": 5.129048210962838, "rate": 1.5959519456930686}, "datetime": {"datetime": "2024-04-01 17:01:21", "elapsed": 10106.111197, "delta": 28.447507}}
{"target": -97.19199309901015, "params": {"p_ai": 3.0057834209160865, "p_al": 2.7279160170986962, "p_ex": 10.0, "prior": 10.0, "rate": 1.7981800342747083}, "datetime": {"datetime": "2024-04-01 17:01:39", "elapsed": 10123.444692, "delta": 17.333495}}
{"target": -113.01859181838303, "params": {"p_ai": 0.001, "p_al": 8.157187255235561, "p_ex": 7.655271394195836, "prior": 6.00768746562906, "rate": 7.745574641455095}, "datetime": {"datetime": "2024-04-01 17:01:58", "elapsed": 10142.240797, "delta": 18.796105}}
{"target": -116.36423703697099, "params": {"p_ai": 0.001, "p_al": 10.0, "p_ex": 4.951932095452454, "prior": 7.094622709697883, "rate": 6.9374951497685675}, "datetime": {"datetime": "2024-04-01 17:02:22", "elapsed": 10166.628682, "delta": 24.387885}}
{"target": -131.08012033784547, "params": {"p_ai": 0.001, "p_al": 7.075880657327753, "p_ex": 2.504270487503688, "prior": 10.0, "rate": 5.59893092918383}, "datetime": {"datetime": "2024-04-01 17:02:47", "elapsed": 10192.02535, "delta": 25.396668}}
{"target": -95.34581347910472, "params": {"p_ai": 1.583697519410111, "p_al": 4.676339761944531, "p_ex": 4.466066566491644, "prior": 10.0, "rate": 10.0}, "datetime": {"datetime": "2024-04-01 17:03:04", "elapsed": 10208.310689, "delta": 16.285339}}
{"target": -90.25724539618318, "params": {"p_ai": 4.158931502393303, "p_al": 0.001, "p_ex": 10.0, "prior": 7.299845952891632, "rate": 4.696047357043851}, "datetime": {"datetime": "2024-04-01 17:03:22", "elapsed": 10226.722248, "delta": 18.411559}}
{"target": -104.49242529132616, "params": {"p_ai": 2.441048396200971, "p_al": 9.997970153497178, "p_ex": 2.124360623202352, "prior": 9.564616719336248, "rate": 8.227455309948231}, "datetime": {"datetime": "2024-04-01 17:03:41", "elapsed": 10245.384475, "delta": 18.662227}}
{"target": -96.66916430923497, "params": {"p_ai": 4.036721087369572, "p_al": 7.836087559376344, "p_ex": 8.192230103071712, "prior": 1.843710392212974, "rate": 6.691239731264114}, "datetime": {"datetime": "2024-04-01 17:03:59", "elapsed": 10263.28968, "delta": 17.905205}}
{"target": -125.47327956665877, "params": {"p_ai": 2.123965874061975, "p_al": 6.968485999690083, "p_ex": 0.08214382319690645, "prior": 5.564032720636133, "rate": 4.97697716430318}, "datetime": {"datetime": "2024-04-01 17:04:17", "elapsed": 10281.538752, "delta": 18.249072}}
{"target": -107.71916766810348, "params": {"p_ai": 3.0145877070852265, "p_al": 0.001, "p_ex": 2.9349348301640794, "prior": 10.0, "rate": 2.597297766394392}, "datetime": {"datetime": "2024-04-01 17:04:41", "elapsed": 10305.174208, "delta": 23.635456}}
{"target": -112.99729574113775, "params": {"p_ai": 6.92063096691274, "p_al": 1.9051610011142297, "p_ex": 7.796756449235211, "prior": 10.0, "rate": 3.0845639933113014}, "datetime": {"datetime": "2024-04-01 17:04:58", "elapsed": 10322.517989, "delta": 17.343781}}
{"target": -87.64824056081575, "params": {"p_ai": 1.2630261922595214, "p_al": 10.0, "p_ex": 8.452270914474024, "prior": 1.9087714885911378, "rate": 7.370115851172436}, "datetime": {"datetime": "2024-04-01 17:05:32", "elapsed": 10356.978044, "delta": 34.460055}}
{"target": -145.56386725602763, "params": {"p_ai": 5.488367845913089, "p_al": 0.001, "p_ex": 0.001, "prior": 10.0, "rate": 3.098686024843357}, "datetime": {"datetime": "2024-04-01 17:05:50", "elapsed": 10374.374755, "delta": 17.396711}}
