{"target": -588.3157235406701, "params": {"gamma": 5.695374633041013, "prior": 1.693617224474527, "rate": 4.6693333476103005}, "datetime": {"datetime": "2024-04-08 10:47:53", "elapsed": 0.836305, "delta": 0.008095}}
{"target": -375.69144856253183, "params": {"gamma": 3.452375339500995, "prior": 2.327895582359438, "rate": 5.925526175789202}, "datetime": {"datetime": "2024-04-08 10:47:53", "elapsed": 0.84456, "delta": 0.008255}}
{"target": -298.70847563982835, "params": {"gamma": 3.1233861071814677, "prior": 9.171424979336672, "rate": 9.09644561399062}, "datetime": {"datetime": "2024-04-08 10:47:53", "elapsed": 0.853154, "delta": 0.008594}}
{"target": -280.7656328293445, "params": {"gamma": 2.57192581952818, "prior": 1.1978238773658891, "rate": 1.9304343574591094}, "datetime": {"datetime": "2024-04-08 10:47:53", "elapsed": 0.861488, "delta": 0.008334}}
{"target": -355.9981417447756, "params": {"gamma": 4.996342122618183, "prior": 7.312998112948502, "rate": 2.082736189649506}, "datetime": {"datetime": "2024-04-08 10:47:53", "elapsed": 0.869663, "delta": 0.008175}}
{"target": -230.16241262385785, "params": {"gamma": 2.48108755021393, "prior": 8.531551561870033, "rate": 4.159071333957006}, "datetime": {"datetime": "2024-04-08 10:47:53", "elapsed": 0.877787, "delta": 0.008124}}
{"target": -456.9341824283753, "params": {"gamma": 6.167233986485208, "prior": 2.413294778468576, "rate": 1.0205706269985484}, "datetime": {"datetime": "2024-04-08 10:47:53", "elapsed": 0.886352, "delta": 0.008565}}
{"target": -371.7512371833723, "params": {"gamma": 5.159054312668331, "prior": 4.8236957717928455, "rate": 1.5275637692875392}, "datetime": {"datetime": "2024-04-08 10:47:53", "elapsed": 0.894839, "delta": 0.008487}}
{"target": -553.4212168909338, "params": {"gamma": 6.218440511172415, "prior": 5.485700176257987, "rate": 6.541719332360473}, "datetime": {"datetime": "2024-04-08 10:47:53", "elapsed": 0.90303, "delta": 0.008191}}
{"target": -173.4156990734277, "params": {"gamma": 1.4463108557064734, "prior": 7.540125389638914, "rate": 2.221269348859427}, "datetime": {"datetime": "2024-04-08 10:47:53", "elapsed": 0.911052, "delta": 0.008022}}
{"target": -314.7668677157188, "params": {"gamma": 5.193998891835965, "prior": 7.8744306793940275, "rate": 0.22428194949007}, "datetime": {"datetime": "2024-04-08 10:47:53", "elapsed": 0.919416, "delta": 0.008364}}
{"target": -305.96085290196237, "params": {"gamma": 3.2443002348021386, "prior": 8.7419315263611, "rate": 8.447251366413093}, "datetime": {"datetime": "2024-04-08 10:47:53", "elapsed": 0.927684, "delta": 0.008268}}
{"target": -477.6162294089902, "params": {"gamma": 5.384867485352843, "prior": 8.67942191424848, "rate": 9.498110107544912}, "datetime": {"datetime": "2024-04-08 10:47:53", "elapsed": 0.935773, "delta": 0.008089}}
{"target": -493.7734459965875, "params": {"gamma": 8.264243569295784, "prior": 8.555742893981733, "rate": 0.9883352748016633}, "datetime": {"datetime": "2024-04-08 10:47:53", "elapsed": 0.944022, "delta": 0.008249}}
{"target": -545.33619504142, "params": {"gamma": 6.51339201907757, "prior": 7.064818182711264, "rate": 6.102797885653651}, "datetime": {"datetime": "2024-04-08 10:47:53", "elapsed": 0.952654, "delta": 0.008632}}
{"target": -977.2492861192674, "params": {"gamma": 7.996353002098545, "prior": 0.4422550767291791, "rate": 7.702617106815245}, "datetime": {"datetime": "2024-04-08 10:47:53", "elapsed": 0.960912, "delta": 0.008258}}
{"target": -620.6681518632492, "params": {"gamma": 7.317554278794531, "prior": 2.671014093653696, "rate": 2.571435918922645}, "datetime": {"datetime": "2024-04-08 10:47:54", "elapsed": 0.968713, "delta": 0.007801}}
{"target": -628.0708906682007, "params": {"gamma": 6.323400870983849, "prior": 3.5184448697517077, "rate": 7.966090191394868}, "datetime": {"datetime": "2024-04-08 10:47:54", "elapsed": 0.977202, "delta": 0.008489}}
{"target": -414.927651983003, "params": {"gamma": 4.46201617380257, "prior": 7.849219206363302, "rate": 9.904727364454784}, "datetime": {"datetime": "2024-04-08 10:47:54", "elapsed": 0.985822, "delta": 0.00862}}
{"target": -372.8014571942115, "params": {"gamma": 3.0031831469994668, "prior": 1.515757699755184, "rate": 9.01318305505639}, "datetime": {"datetime": "2024-04-08 10:47:54", "elapsed": 0.994235, "delta": 0.008413}}
{"target": -437.77223293170806, "params": {"gamma": 5.416052229494846, "prior": 9.749929671465313, "rate": 6.366407395618971}, "datetime": {"datetime": "2024-04-08 10:47:54", "elapsed": 1.002503, "delta": 0.008268}}
{"target": -833.2163492568873, "params": {"gamma": 9.939136333080178, "prior": 5.506100961015221, "rate": 5.264732913121308}, "datetime": {"datetime": "2024-04-08 10:47:54", "elapsed": 1.010688, "delta": 0.008185}}
{"target": -163.68231127036435, "params": {"gamma": 1.3551436028186268, "prior": 3.6214811927404233, "rate": 0.2631594543964365}, "datetime": {"datetime": "2024-04-08 10:47:54", "elapsed": 1.019224, "delta": 0.008536}}
{"target": -170.3319114680271, "params": {"gamma": 1.6047914000169714, "prior": 7.481808207804211, "rate": 0.3049664995979595}, "datetime": {"datetime": "2024-04-08 10:47:54", "elapsed": 1.027839, "delta": 0.008615}}
{"target": -325.7907363184016, "params": {"gamma": 3.6660644293402, "prior": 8.637227903096637, "rate": 6.927084497356036}, "datetime": {"datetime": "2024-04-08 10:47:54", "elapsed": 1.035975, "delta": 0.008136}}
{"target": -681.56556043741, "params": {"gamma": 6.90973047851962, "prior": 1.9675043294575778, "rate": 4.419600903203486}, "datetime": {"datetime": "2024-04-08 10:47:54", "elapsed": 1.04427, "delta": 0.008295}}
{"target": -387.9129344643358, "params": {"gamma": 5.816192496035568, "prior": 9.898541905870681, "rate": 2.0398583461059854}, "datetime": {"datetime": "2024-04-08 10:47:54", "elapsed": 1.052753, "delta": 0.008483}}
{"target": -295.34669551900174, "params": {"gamma": 2.478081284721786, "prior": 2.695513529351828, "rate": 7.50197396056663}, "datetime": {"datetime": "2024-04-08 10:47:54", "elapsed": 1.060963, "delta": 0.00821}}
{"target": -546.3319021127988, "params": {"gamma": 4.570296299029493, "prior": 0.6636014402698404, "rate": 5.085653889861787}, "datetime": {"datetime": "2024-04-08 10:47:54", "elapsed": 1.06899, "delta": 0.008027}}
{"target": -204.86537558117482, "params": {"gamma": 2.120389686272116, "prior": 8.006182023126081, "rate": 2.9740164836912153}, "datetime": {"datetime": "2024-04-08 10:47:54", "elapsed": 1.077042, "delta": 0.008052}}
{"target": -147.2781817558345, "params": {"gamma": 0.2770325135330818, "prior": 5.9749812496997485, "rate": 8.438560448882956}, "datetime": {"datetime": "2024-04-08 10:47:54", "elapsed": 1.085507, "delta": 0.008465}}
{"target": -326.6520111907757, "params": {"gamma": 3.81078022449808, "prior": 7.52359727618882, "rate": 5.111903641492986}, "datetime": {"datetime": "2024-04-08 10:47:54", "elapsed": 1.093754, "delta": 0.008247}}
{"target": -457.1501612492959, "params": {"gamma": 5.409977097816925, "prior": 9.598399778511348, "rate": 8.039804954094969}, "datetime": {"datetime": "2024-04-08 10:47:54", "elapsed": 1.101798, "delta": 0.008044}}
{"target": -146.86986304023387, "params": {"gamma": 0.3241983431691163, "prior": 7.1229337871898215, "rate": 4.650549814153498}, "datetime": {"datetime": "2024-04-08 10:47:54", "elapsed": 1.109757, "delta": 0.007959}}
{"target": -823.5231234106885, "params": {"gamma": 9.475541865009603, "prior": 2.2921840698025346, "rate": 2.6714531248239735}, "datetime": {"datetime": "2024-04-08 10:47:54", "elapsed": 1.118221, "delta": 0.008464}}
{"target": -154.06052838791243, "params": {"gamma": 0.8156581748077427, "prior": 4.343326403771487, "rate": 1.091078621426664}, "datetime": {"datetime": "2024-04-08 10:47:54", "elapsed": 1.126562, "delta": 0.008341}}
{"target": -531.8295657033868, "params": {"gamma": 6.3382338193585674, "prior": 8.049336050000004, "rate": 6.968308160705665}, "datetime": {"datetime": "2024-04-08 10:47:54", "elapsed": 1.135072, "delta": 0.00851}}
{"target": -761.0376811053259, "params": {"gamma": 7.66234759937663, "prior": 3.4902957864508464, "rate": 8.45866897879375}, "datetime": {"datetime": "2024-04-08 10:47:54", "elapsed": 1.143784, "delta": 0.008712}}
{"target": -366.6958165516942, "params": {"gamma": 4.2882589812194265, "prior": 8.257697717081955, "rate": 6.265335090084314}, "datetime": {"datetime": "2024-04-08 10:47:54", "elapsed": 1.152519, "delta": 0.008735}}
{"target": -170.0193154347066, "params": {"gamma": 1.435087063653779, "prior": 0.8760303085639848, "rate": 0.1843080964871599}, "datetime": {"datetime": "2024-04-08 10:47:54", "elapsed": 1.16097, "delta": 0.008451}}
{"target": -150.89400720920716, "params": {"gamma": 0.6681832513959254, "prior": 4.639979755713475, "rate": 1.1343058857531372}, "datetime": {"datetime": "2024-04-08 10:47:54", "elapsed": 1.169618, "delta": 0.008648}}
{"target": -145.7751029419473, "params": {"gamma": 0.27880570513785086, "prior": 7.573128665765627, "rate": 3.949109954125934}, "datetime": {"datetime": "2024-04-08 10:47:54", "elapsed": 1.17821, "delta": 0.008592}}
{"target": -635.3279524553903, "params": {"gamma": 7.469638017579644, "prior": 4.57880778478987, "rate": 4.501417383260611}, "datetime": {"datetime": "2024-04-08 10:47:54", "elapsed": 1.186962, "delta": 0.008752}}
{"target": -463.07604799553565, "params": {"gamma": 4.7812469946715925, "prior": 4.79263887296572, "rate": 8.031830257799582}, "datetime": {"datetime": "2024-04-08 10:47:54", "elapsed": 1.195091, "delta": 0.008129}}
{"target": -263.56014752060634, "params": {"gamma": 4.024522806057501, "prior": 9.056392987401868, "rate": 0.3715734184924046}, "datetime": {"datetime": "2024-04-08 10:47:54", "elapsed": 1.203259, "delta": 0.008168}}
{"target": -843.5415416532767, "params": {"gamma": 7.738969552861467, "prior": 1.3438496732636145, "rate": 6.185517155553943}, "datetime": {"datetime": "2024-04-08 10:47:54", "elapsed": 1.211619, "delta": 0.00836}}
{"target": -143.12359805238404, "params": {"gamma": 0.10463224909098416, "prior": 5.4324100975058345, "rate": 0.031176548239344033}, "datetime": {"datetime": "2024-04-08 10:47:54", "elapsed": 1.220204, "delta": 0.008585}}
{"target": -786.3066691513508, "params": {"gamma": 9.511986661116556, "prior": 9.063480133657503, "rate": 7.959873452480752}, "datetime": {"datetime": "2024-04-08 10:47:54", "elapsed": 1.228194, "delta": 0.00799}}
{"target": -778.3118241202873, "params": {"gamma": 9.15282792482796, "prior": 1.541026488468131, "rate": 1.5781429686354622}, "datetime": {"datetime": "2024-04-08 10:47:54", "elapsed": 1.236337, "delta": 0.008143}}
{"target": -227.40398805809997, "params": {"gamma": 1.8771290973514374, "prior": 6.262709432769219, "rate": 9.05818915058701}, "datetime": {"datetime": "2024-04-08 10:47:54", "elapsed": 1.244601, "delta": 0.008264}}
{"target": -840.2082782928229, "params": {"gamma": 9.899561828412377, "prior": 7.1401123417815775, "rate": 7.318272291013812}, "datetime": {"datetime": "2024-04-08 10:47:54", "elapsed": 1.253141, "delta": 0.00854}}
{"target": -705.8963966803641, "params": {"gamma": 9.093022752238, "prior": 4.0686499504740965, "rate": 2.4992569515701426}, "datetime": {"datetime": "2024-04-08 10:47:54", "elapsed": 1.261223, "delta": 0.008082}}
{"target": -253.56709016483518, "params": {"gamma": 1.7351282777004415, "prior": 1.2826247983039172, "rate": 8.126293269740254}, "datetime": {"datetime": "2024-04-08 10:47:54", "elapsed": 1.269179, "delta": 0.007956}}
{"target": -216.78055969980443, "params": {"gamma": 1.4687769417990144, "prior": 2.716545078996317, "rate": 8.191072697156674}, "datetime": {"datetime": "2024-04-08 10:47:54", "elapsed": 1.277563, "delta": 0.008384}}
{"target": -246.3293125862455, "params": {"gamma": 3.106561930690306, "prior": 9.825932748000135, "rate": 2.6671203828142005}, "datetime": {"datetime": "2024-04-08 10:47:54", "elapsed": 1.286158, "delta": 0.008595}}
{"target": -556.7440361180675, "params": {"gamma": 5.336999796367143, "prior": 3.2132234107399116, "rate": 9.1078175389072}, "datetime": {"datetime": "2024-04-08 10:47:54", "elapsed": 1.294655, "delta": 0.008497}}
{"target": -347.4171781381579, "params": {"gamma": 3.666199881868493, "prior": 4.392564040004329, "rate": 5.123414630091336}, "datetime": {"datetime": "2024-04-08 10:47:54", "elapsed": 1.303233, "delta": 0.008578}}
{"target": -1142.565387976235, "params": {"gamma": 9.388925887219763, "prior": 0.4063951620843921, "rate": 7.1690697576532605}, "datetime": {"datetime": "2024-04-08 10:47:54", "elapsed": 1.311804, "delta": 0.008571}}
{"target": -1072.1745857108722, "params": {"gamma": 8.910298523969097, "prior": 0.37014351282294133, "rate": 5.220990421277856}, "datetime": {"datetime": "2024-04-08 10:47:54", "elapsed": 1.320622, "delta": 0.008818}}
{"target": -287.680052756013, "params": {"gamma": 3.2605721278884827, "prior": 8.6089442765693, "rate": 5.585606992674257}, "datetime": {"datetime": "2024-04-08 10:47:54", "elapsed": 1.329258, "delta": 0.008636}}
{"target": -625.529687522331, "params": {"gamma": 6.902588453759316, "prior": 4.58324964952022, "rate": 6.2834620661760505}, "datetime": {"datetime": "2024-04-08 10:47:54", "elapsed": 1.337751, "delta": 0.008493}}
{"target": -399.2066563948377, "params": {"gamma": 2.901678420022571, "prior": 0.19255092186850625, "rate": 5.767982593935921}, "datetime": {"datetime": "2024-04-08 10:47:54", "elapsed": 1.346364, "delta": 0.008613}}
{"target": -327.1595440256891, "params": {"gamma": 3.1151306971104957, "prior": 5.220949225161185, "rate": 9.164142124685924}, "datetime": {"datetime": "2024-04-08 10:47:54", "elapsed": 1.355087, "delta": 0.008723}}
{"target": -409.33040080511074, "params": {"gamma": 4.265321410225459, "prior": 2.549220762363616, "rate": 3.7135663190292654}, "datetime": {"datetime": "2024-04-08 10:47:54", "elapsed": 1.363615, "delta": 0.008528}}
{"target": -774.1885944347257, "params": {"gamma": 9.31867930524877, "prior": 9.374996974960027, "rate": 8.443455155708566}, "datetime": {"datetime": "2024-04-08 10:47:54", "elapsed": 1.372123, "delta": 0.008508}}
{"target": -652.6400198768935, "params": {"gamma": 9.202144936542298, "prior": 2.356212870518038, "rate": 0.8757346133263552}, "datetime": {"datetime": "2024-04-08 10:47:54", "elapsed": 1.3807, "delta": 0.008577}}
{"target": -222.1390996277391, "params": {"gamma": 2.273870053110603, "prior": 3.2123284995290997, "rate": 1.7484839976867594}, "datetime": {"datetime": "2024-04-08 10:47:54", "elapsed": 1.389277, "delta": 0.008577}}
{"target": -589.7509569212733, "params": {"gamma": 6.071334525562633, "prior": 4.194505508511497, "rate": 8.163698766760314}, "datetime": {"datetime": "2024-04-08 10:47:54", "elapsed": 1.397665, "delta": 0.008388}}
{"target": -191.21000296110122, "params": {"gamma": 1.8521188522920375, "prior": 7.048577644587473, "rate": 2.4043158928665394}, "datetime": {"datetime": "2024-04-08 10:47:54", "elapsed": 1.405847, "delta": 0.008182}}
{"target": -371.7783158184378, "params": {"gamma": 5.742616669319757, "prior": 3.55497721248581, "rate": 0.5705870304288444}, "datetime": {"datetime": "2024-04-08 10:47:54", "elapsed": 1.414444, "delta": 0.008597}}
{"target": -232.589117836548, "params": {"gamma": 2.288907895932798, "prior": 6.674615298012455, "rate": 4.973003683511953}, "datetime": {"datetime": "2024-04-08 10:47:54", "elapsed": 1.423192, "delta": 0.008748}}
{"target": -550.6857330394892, "params": {"gamma": 5.190640824752714, "prior": 1.8297294860783329, "rate": 5.7075877996110185}, "datetime": {"datetime": "2024-04-08 10:47:54", "elapsed": 1.431509, "delta": 0.008317}}
{"target": -795.6236391844103, "params": {"gamma": 9.967537498656892, "prior": 8.186667577037056, "rate": 5.944131865685947}, "datetime": {"datetime": "2024-04-08 10:47:54", "elapsed": 1.439662, "delta": 0.008153}}
{"target": -766.1699243758593, "params": {"gamma": 9.759914694240718, "prior": 9.025469588226281, "rate": 5.956483728092853}, "datetime": {"datetime": "2024-04-08 10:47:54", "elapsed": 1.448257, "delta": 0.008595}}
{"target": -146.84666785018882, "params": {"gamma": 0.32523082681925664, "prior": 1.0264132485930595, "rate": 0.6546517787072217}, "datetime": {"datetime": "2024-04-08 10:47:54", "elapsed": 1.457074, "delta": 0.008817}}
{"target": -472.1087640684061, "params": {"gamma": 4.517879753766062, "prior": 3.816804848361792, "rate": 9.753524992668595}, "datetime": {"datetime": "2024-04-08 10:47:54", "elapsed": 1.465746, "delta": 0.008672}}
{"target": -199.92606990747112, "params": {"gamma": 1.6806649487029495, "prior": 9.730597160133286, "rate": 7.674981213761269}, "datetime": {"datetime": "2024-04-08 10:47:54", "elapsed": 1.474387, "delta": 0.008641}}
{"target": -706.5729084710238, "params": {"gamma": 8.242554158405353, "prior": 6.362896586102173, "rate": 6.6876589692971145}, "datetime": {"datetime": "2024-04-08 10:47:54", "elapsed": 1.483131, "delta": 0.008744}}
{"target": -597.129980728855, "params": {"gamma": 4.769346452878413, "prior": 0.23004993353841524, "rate": 3.530707849332706}, "datetime": {"datetime": "2024-04-08 10:47:54", "elapsed": 1.491581, "delta": 0.00845}}
{"target": -400.5921371183546, "params": {"gamma": 4.9212259431340915, "prior": 7.327902989792033, "rate": 4.686814799118347}, "datetime": {"datetime": "2024-04-08 10:47:54", "elapsed": 1.50007, "delta": 0.008489}}
{"target": -292.28390879322654, "params": {"gamma": 4.574591755978228, "prior": 1.4628611353614713, "rate": 0.10987644930098642}, "datetime": {"datetime": "2024-04-08 10:47:54", "elapsed": 1.508581, "delta": 0.008511}}
{"target": -779.7350230809235, "params": {"gamma": 7.583024326509486, "prior": 3.267533096969016, "rate": 9.843850118484914}, "datetime": {"datetime": "2024-04-08 10:47:54", "elapsed": 1.517081, "delta": 0.0085}}
{"target": -251.39883475377172, "params": {"gamma": 2.2031220273654006, "prior": 3.453209452268629, "rate": 5.239437460525651}, "datetime": {"datetime": "2024-04-08 10:47:54", "elapsed": 1.525754, "delta": 0.008673}}
{"target": -510.6525502277652, "params": {"gamma": 7.549159679148268, "prior": 4.692192060612927, "rate": 1.2491006085736511}, "datetime": {"datetime": "2024-04-08 10:47:54", "elapsed": 1.534189, "delta": 0.008435}}
{"target": -313.3833102267217, "params": {"gamma": 3.125701283542003, "prior": 5.094739780039847, "rate": 6.73881623116066}, "datetime": {"datetime": "2024-04-08 10:47:54", "elapsed": 1.54276, "delta": 0.008571}}
{"target": -484.425210229792, "params": {"gamma": 7.70172941316461, "prior": 1.3903242314481075, "rate": 0.23012839809249527}, "datetime": {"datetime": "2024-04-08 10:47:54", "elapsed": 1.551408, "delta": 0.008648}}
{"target": -314.7347662051156, "params": {"gamma": 5.191304139797683, "prior": 8.118888235557922, "rate": 0.12702506653173326}, "datetime": {"datetime": "2024-04-08 10:47:54", "elapsed": 1.559873, "delta": 0.008465}}
{"target": -534.1899391537763, "params": {"gamma": 6.725025976692686, "prior": 6.899401443904219, "rate": 4.49301828911279}, "datetime": {"datetime": "2024-04-08 10:47:54", "elapsed": 1.56838, "delta": 0.008507}}
{"target": -492.3346726678828, "params": {"gamma": 9.1479720787326, "prior": 6.47917473909423, "rate": 0.05339313667700704}, "datetime": {"datetime": "2024-04-08 10:47:54", "elapsed": 1.576906, "delta": 0.008526}}
{"target": -424.97003051784174, "params": {"gamma": 4.844800026698242, "prior": 8.60724628036624, "rate": 8.304165300803357}, "datetime": {"datetime": "2024-04-08 10:47:54", "elapsed": 1.585526, "delta": 0.00862}}
{"target": -542.6036612103575, "params": {"gamma": 6.491892816927667, "prior": 6.769614396596453, "rate": 5.7854172983122165}, "datetime": {"datetime": "2024-04-08 10:47:54", "elapsed": 1.593899, "delta": 0.008373}}
{"target": -280.1176837793444, "params": {"gamma": 2.741923631893355, "prior": 5.649246906306982, "rate": 6.717626118389386}, "datetime": {"datetime": "2024-04-08 10:47:54", "elapsed": 1.602444, "delta": 0.008545}}
{"target": -263.2644532086786, "params": {"gamma": 3.5249438725338718, "prior": 8.572700835813885, "rate": 1.9511798226010642}, "datetime": {"datetime": "2024-04-08 10:47:54", "elapsed": 1.611064, "delta": 0.00862}}
{"target": -751.9847386225287, "params": {"gamma": 7.473460782508901, "prior": 2.9670671872500867, "rate": 7.738219073154577}, "datetime": {"datetime": "2024-04-08 10:47:54", "elapsed": 1.619948, "delta": 0.008884}}
{"target": -333.6018709439648, "params": {"gamma": 4.277945556031427, "prior": 8.096214250210874, "rate": 3.535995091817236}, "datetime": {"datetime": "2024-04-08 10:47:54", "elapsed": 1.628598, "delta": 0.00865}}
{"target": -207.36666764644892, "params": {"gamma": 2.137718683058182, "prior": 7.696116633375489, "rate": 3.0871108343588807}, "datetime": {"datetime": "2024-04-08 10:47:54", "elapsed": 1.637253, "delta": 0.008655}}
{"target": -505.7162493772949, "params": {"gamma": 7.332717432196549, "prior": 7.4702842154695475, "rate": 2.2147456123811025}, "datetime": {"datetime": "2024-04-08 10:47:54", "elapsed": 1.645917, "delta": 0.008664}}
{"target": -221.6752830009679, "params": {"gamma": 2.141907256069664, "prior": 2.0695844419279603, "rate": 1.4260408593206808}, "datetime": {"datetime": "2024-04-08 10:47:54", "elapsed": 1.654693, "delta": 0.008776}}
{"target": -414.9950721182427, "params": {"gamma": 3.7714489094741337, "prior": 0.3636160584470526, "rate": 1.110092769973372}, "datetime": {"datetime": "2024-04-08 10:47:54", "elapsed": 1.663357, "delta": 0.008664}}
{"target": -406.77150376860936, "params": {"gamma": 6.745965673610343, "prior": 8.017787715284124, "rate": 0.8062147417567307}, "datetime": {"datetime": "2024-04-08 10:47:54", "elapsed": 1.672069, "delta": 0.008712}}
{"target": -296.18116172141623, "params": {"gamma": 2.3177914025474347, "prior": 2.1554940518577625, "rate": 9.173418297253225}, "datetime": {"datetime": "2024-04-08 10:47:54", "elapsed": 1.680864, "delta": 0.008795}}
{"target": -545.7794046292164, "params": {"gamma": 7.113433866846732, "prior": 5.583457649409001, "rate": 3.0458753612182816}, "datetime": {"datetime": "2024-04-08 10:47:54", "elapsed": 1.689565, "delta": 0.008701}}
