{"target": -142.80311416506677, "params": {"gamma": 0.0014246011303902214, "prior": 2.4122765725661766, "rate": 5.676004155115361}, "datetime": {"datetime": "2024-04-08 12:53:57", "elapsed": 7564.156142, "delta": 18.245127}}
{"target": -142.80184663832344, "params": {"gamma": 0.004636918938811593, "prior": 4.451554201337219, "rate": 0.2518168897099901}, "datetime": {"datetime": "2024-04-08 12:54:10", "elapsed": 7577.0403, "delta": 12.884158}}
{"target": -142.79607346740917, "params": {"gamma": 0.001, "prior": 6.982726530022834, "rate": 6.135906087868716}, "datetime": {"datetime": "2024-04-08 12:54:24", "elapsed": 7591.132158, "delta": 14.091858}}
{"target": -142.7976351988535, "params": {"gamma": 0.001, "prior": 5.55602872693271, "rate": 8.704728958248552}, "datetime": {"datetime": "2024-04-08 12:54:39", "elapsed": 7606.180708, "delta": 15.04855}}
{"target": -142.82040647588988, "params": {"gamma": 0.0025382795858139113, "prior": 1.428559724779156, "rate": 9.543068415238867}, "datetime": {"datetime": "2024-04-08 12:55:00", "elapsed": 7627.467614, "delta": 21.286906}}
{"target": -142.8149073456934, "params": {"gamma": 0.004620033297405892, "prior": 1.4377279943139731, "rate": 0.5563911065404906}, "datetime": {"datetime": "2024-04-08 12:55:13", "elapsed": 7640.113815, "delta": 12.646201}}
{"target": -142.81569310222585, "params": {"gamma": 0.0037812570869240627, "prior": 0.6267281047885469, "rate": 0.4447437808766093}, "datetime": {"datetime": "2024-04-08 12:55:40", "elapsed": 7667.110244, "delta": 26.996429}}
{"target": -142.79626112819457, "params": {"gamma": 0.001, "prior": 9.174355295560476, "rate": 8.644747019052616}, "datetime": {"datetime": "2024-04-08 12:56:00", "elapsed": 7687.000051, "delta": 19.889807}}
{"target": -142.79287889211284, "params": {"gamma": 0.001, "prior": 7.699168169364496, "rate": 1.6803270895471023}, "datetime": {"datetime": "2024-04-08 12:56:10", "elapsed": 7697.618167, "delta": 10.618116}}
{"target": -142.81123092736408, "params": {"gamma": 0.001609179976475299, "prior": 0.1311192022872354, "rate": 4.287835214464948}, "datetime": {"datetime": "2024-04-08 12:56:23", "elapsed": 7710.114694, "delta": 12.496527}}
{"target": -142.82582504556368, "params": {"gamma": 0.0030823333995197866, "prior": 1.319616656816776, "rate": 6.687400716312755}, "datetime": {"datetime": "2024-04-08 12:56:59", "elapsed": 7746.079554, "delta": 35.96486}}
{"target": -142.8159160238445, "params": {"gamma": 0.002182995874861959, "prior": 1.0540086485329685, "rate": 7.113680987364438}, "datetime": {"datetime": "2024-04-08 12:57:15", "elapsed": 7762.67369, "delta": 16.594136}}
{"target": -142.79814891291946, "params": {"gamma": 0.001, "prior": 3.420759919152643, "rate": 6.510854069888073}, "datetime": {"datetime": "2024-04-08 12:57:29", "elapsed": 7776.181602, "delta": 13.507912}}
{"target": -142.7964527423785, "params": {"gamma": 0.001, "prior": 8.220078774211217, "rate": 8.315118052342427}, "datetime": {"datetime": "2024-04-08 12:57:39", "elapsed": 7786.521652, "delta": 10.34005}}
{"target": -142.8153953163032, "params": {"gamma": 0.0031363912592249285, "prior": 1.3211434029502842, "rate": 1.5763672006980423}, "datetime": {"datetime": "2024-04-08 12:57:52", "elapsed": 7798.971628, "delta": 12.449976}}
{"target": -142.7952734187092, "params": {"gamma": 0.001, "prior": 10.0, "rate": 6.483079621981266}, "datetime": {"datetime": "2024-04-08 12:58:10", "elapsed": 7817.83079, "delta": 18.859162}}
{"target": -142.79930569261666, "params": {"gamma": 0.001, "prior": 3.2963182449446795, "rate": 10.0}, "datetime": {"datetime": "2024-04-08 12:58:22", "elapsed": 7829.138687, "delta": 11.307897}}
{"target": -142.80192757167367, "params": {"gamma": 0.001337587527074751, "prior": 4.420830624929648, "rate": 9.578472203192486}, "datetime": {"datetime": "2024-04-08 12:58:35", "elapsed": 7842.680953, "delta": 13.542266}}
{"target": -142.79643594817242, "params": {"gamma": 0.0013207649171136293, "prior": 9.634415797447343, "rate": 4.499547162853679}, "datetime": {"datetime": "2024-04-08 12:58:50", "elapsed": 7857.270212, "delta": 14.589259}}
{"target": -142.79634068661466, "params": {"gamma": 0.001, "prior": 4.460895191366261, "rate": 4.3292079463003175}, "datetime": {"datetime": "2024-04-08 12:59:20", "elapsed": 7887.041097, "delta": 29.770885}}
{"target": -142.8077556655388, "params": {"gamma": 0.003894790337726009, "prior": 9.359325180504833, "rate": 2.528208024504574}, "datetime": {"datetime": "2024-04-08 12:59:30", "elapsed": 7897.263531, "delta": 10.222434}}
{"target": -142.797612927729, "params": {"gamma": 0.001, "prior": 4.127881259087274, "rate": 6.4135567285437265}, "datetime": {"datetime": "2024-04-08 12:59:47", "elapsed": 7914.491274, "delta": 17.227743}}
{"target": -142.81506473376547, "params": {"gamma": 0.0020612939073804586, "prior": 0.9172637763022129, "rate": 7.69315518593585}, "datetime": {"datetime": "2024-04-08 12:59:57", "elapsed": 7924.700432, "delta": 10.209158}}
{"target": -142.79423984501557, "params": {"gamma": 0.001, "prior": 7.6574847752012865, "rate": 3.2562878600608576}, "datetime": {"datetime": "2024-04-08 13:00:14", "elapsed": 7941.832203, "delta": 17.131771}}
{"target": -142.8036835139892, "params": {"gamma": 0.001590556297428201, "prior": 2.363322549729796, "rate": 4.187498827560459}, "datetime": {"datetime": "2024-04-08 13:00:31", "elapsed": 7958.656077, "delta": 16.823874}}
{"target": -142.81785042030918, "params": {"gamma": 0.004114871884386268, "prior": 2.1448374143483537, "rate": 1.4828175705215956}, "datetime": {"datetime": "2024-04-08 13:00:42", "elapsed": 7969.574922, "delta": 10.918845}}
{"target": -142.81998650558094, "params": {"gamma": 0.002387938669311452, "prior": 0.5784178448150662, "rate": 5.897386647862818}, "datetime": {"datetime": "2024-04-08 13:00:54", "elapsed": 7981.665813, "delta": 12.090891}}
{"target": -142.79538120460728, "params": {"gamma": 0.001, "prior": 9.253599929120115, "rate": 6.25517761701045}, "datetime": {"datetime": "2024-04-08 13:01:01", "elapsed": 7988.610916, "delta": 6.945103}}
{"target": -142.84253842749004, "params": {"gamma": 0.006414302964337385, "prior": 2.094812108981371, "rate": 2.276860069643435}, "datetime": {"datetime": "2024-04-08 13:01:08", "elapsed": 7995.598817, "delta": 6.987901}}
{"target": -142.82042569725024, "params": {"gamma": 0.002651675807168901, "prior": 0.9011042001375811, "rate": 4.470336458436267}, "datetime": {"datetime": "2024-04-08 13:01:20", "elapsed": 8007.439517, "delta": 11.8407}}
{"target": -142.7960966611547, "params": {"gamma": 0.001, "prior": 8.589995383884219, "rate": 7.613839482113638}, "datetime": {"datetime": "2024-04-08 13:01:38", "elapsed": 8025.052279, "delta": 17.612762}}
{"target": -142.79600055669346, "params": {"gamma": 0.001, "prior": 3.8902580392979256, "rate": 3.3266098692373385}, "datetime": {"datetime": "2024-04-08 13:01:57", "elapsed": 8044.362411, "delta": 19.310132}}
{"target": -142.79982178482865, "params": {"gamma": 0.001, "prior": 2.5386587936584446, "rate": 9.693173887154199}, "datetime": {"datetime": "2024-04-08 13:02:16", "elapsed": 8063.042564, "delta": 18.680153}}
{"target": -142.8004174566199, "params": {"gamma": 0.001, "prior": 1.8990519092582938, "rate": 9.731554362656546}, "datetime": {"datetime": "2024-04-08 13:02:30", "elapsed": 8077.377156, "delta": 14.334592}}
{"target": -142.7916016772446, "params": {"gamma": 0.001, "prior": 9.660320749730404, "rate": 0.8504910021614088}, "datetime": {"datetime": "2024-04-08 13:02:48", "elapsed": 8095.312218, "delta": 17.935062}}
{"target": -142.80490338266497, "params": {"gamma": 0.001839332544852449, "prior": 3.211851510792691, "rate": 4.4643586064553284}, "datetime": {"datetime": "2024-04-08 13:03:05", "elapsed": 8112.691713, "delta": 17.379495}}
{"target": -142.79642164998486, "params": {"gamma": 0.001, "prior": 10.0, "rate": 10.0}, "datetime": {"datetime": "2024-04-08 13:03:21", "elapsed": 8128.613658, "delta": 15.921945}}
{"target": -142.8535277836002, "params": {"gamma": 0.009036804105444798, "prior": 1.9406767824617681, "rate": 1.3168553537689012}, "datetime": {"datetime": "2024-04-08 13:03:31", "elapsed": 8138.256182, "delta": 9.642524}}
{"target": -142.79291644459894, "params": {"gamma": 0.001, "prior": 9.242085303720168, "rate": 2.059973444177272}, "datetime": {"datetime": "2024-04-08 13:03:46", "elapsed": 8153.421007, "delta": 15.164825}}
{"target": -142.837565174322, "params": {"gamma": 0.006127137227971587, "prior": 3.179589024516397, "rate": 2.9807040286436877}, "datetime": {"datetime": "2024-04-08 13:04:02", "elapsed": 8169.48482, "delta": 16.063813}}
{"target": -142.83015349795878, "params": {"gamma": 0.004004033533618237, "prior": 4.214365444867106, "rate": 9.8271803549203}, "datetime": {"datetime": "2024-04-08 13:04:12", "elapsed": 8179.609017, "delta": 10.124197}}
{"target": -142.80231294552036, "params": {"gamma": 0.0018676748047679595, "prior": 3.3264806860303655, "rate": 2.63305143209013}, "datetime": {"datetime": "2024-04-08 13:04:31", "elapsed": 8197.998153, "delta": 18.389136}}
{"target": -142.795821424688, "params": {"gamma": 0.001, "prior": 5.281659489786048, "rate": 4.222666168286866}, "datetime": {"datetime": "2024-04-08 13:04:44", "elapsed": 8211.932848, "delta": 13.934695}}
{"target": -142.7903326528896, "params": {"gamma": 0.001, "prior": 6.513300067843943, "rate": 0.001}, "datetime": {"datetime": "2024-04-08 13:05:06", "elapsed": 8233.183712, "delta": 21.250864}}
{"target": -142.7939549136102, "params": {"gamma": 0.001, "prior": 9.391899051326117, "rate": 3.520151861742109}, "datetime": {"datetime": "2024-04-08 13:05:15", "elapsed": 8242.613751, "delta": 9.430039}}
{"target": -142.79356362535202, "params": {"gamma": 0.001, "prior": 7.4310931991943905, "rate": 2.317210642669836}, "datetime": {"datetime": "2024-04-08 13:05:31", "elapsed": 8258.477646, "delta": 15.863895}}
{"target": -142.80075919763294, "params": {"gamma": 0.00358940783541284, "prior": 3.0880235753254595, "rate": 0.31367568213351005}, "datetime": {"datetime": "2024-04-08 13:05:41", "elapsed": 8268.889715, "delta": 10.412069}}
{"target": -142.79034006791352, "params": {"gamma": 0.001, "prior": 1.740184466878233, "rate": 0.001}, "datetime": {"datetime": "2024-04-08 13:06:11", "elapsed": 8298.605964, "delta": 29.716249}}
{"target": -142.7967552446241, "params": {"gamma": 0.001, "prior": 7.059826550821472, "rate": 7.984723180689154}, "datetime": {"datetime": "2024-04-08 13:06:19", "elapsed": 8306.271941, "delta": 7.665977}}
{"target": -142.79449159875733, "params": {"gamma": 0.001, "prior": 10.0, "rate": 4.732657729532677}, "datetime": {"datetime": "2024-04-08 13:06:27", "elapsed": 8314.057402, "delta": 7.785461}}
{"target": -142.8752075125574, "params": {"gamma": 0.006145620961028861, "prior": 0.43074692327188524, "rate": 8.233935401179972}, "datetime": {"datetime": "2024-04-08 13:06:40", "elapsed": 8327.167483, "delta": 13.110081}}
{"target": -142.82894527098807, "params": {"gamma": 0.0030127741670882844, "prior": 0.17567718744083954, "rate": 2.0889279659501696}, "datetime": {"datetime": "2024-04-08 13:06:51", "elapsed": 8338.833626, "delta": 11.666143}}
{"target": -142.80770153055383, "params": {"gamma": 0.004374172230060823, "prior": 7.283243083648357, "rate": 1.446085803498362}, "datetime": {"datetime": "2024-04-08 13:07:02", "elapsed": 8349.679118, "delta": 10.845492}}
{"target": -142.79222128698459, "params": {"gamma": 0.001, "prior": 6.744819507327913, "rate": 0.9776565689856145}, "datetime": {"datetime": "2024-04-08 13:07:23", "elapsed": 8370.37377, "delta": 20.694652}}
{"target": -142.80546593701172, "params": {"gamma": 0.0022834478234710987, "prior": 9.362428261433879, "rate": 7.434295632099446}, "datetime": {"datetime": "2024-04-08 13:07:38", "elapsed": 8385.516044, "delta": 15.142274}}
{"target": -142.79979007085893, "params": {"gamma": 0.001524389398050323, "prior": 5.557099467319796, "rate": 4.463652907168917}, "datetime": {"datetime": "2024-04-08 13:07:47", "elapsed": 8393.978162, "delta": 8.462118}}
{"target": -142.79033184470282, "params": {"gamma": 0.001, "prior": 9.285890803355551, "rate": 0.001}, "datetime": {"datetime": "2024-04-08 13:08:18", "elapsed": 8425.874101, "delta": 31.895939}}
{"target": -142.799571625915, "params": {"gamma": 0.001125087655183767, "prior": 1.794727483172436, "rate": 3.6447730215111385}, "datetime": {"datetime": "2024-04-08 13:08:37", "elapsed": 8444.483108, "delta": 18.609007}}
{"target": -142.79174718463085, "params": {"gamma": 0.001061740796909719, "prior": 6.5039142239707095, "rate": 0.5432927251881595}, "datetime": {"datetime": "2024-04-08 13:08:49", "elapsed": 8455.996584, "delta": 11.513476}}
{"target": -142.79837941574928, "params": {"gamma": 0.001, "prior": 3.9355255108327825, "rate": 8.190146353422149}, "datetime": {"datetime": "2024-04-08 13:09:12", "elapsed": 8478.988039, "delta": 22.991455}}
{"target": -142.82426068462118, "params": {"gamma": 0.005615011099121871, "prior": 8.942203898885793, "rate": 4.518301817586965}, "datetime": {"datetime": "2024-04-08 13:09:22", "elapsed": 8489.501441, "delta": 10.513402}}
{"target": -142.79527151523862, "params": {"gamma": 0.001, "prior": 8.796096900883938, "rate": 5.69835683921716}, "datetime": {"datetime": "2024-04-08 13:09:30", "elapsed": 8497.643025, "delta": 8.141584}}
{"target": -142.8387945547047, "params": {"gamma": 0.004461682813711527, "prior": 2.878289623540606, "rate": 9.505318756235102}, "datetime": {"datetime": "2024-04-08 13:09:41", "elapsed": 8508.434782, "delta": 10.791757}}
{"target": -142.79473852470915, "params": {"gamma": 0.0012561642832322035, "prior": 2.9854117485177607, "rate": 0.8701728359897394}, "datetime": {"datetime": "2024-04-08 13:09:48", "elapsed": 8515.693296, "delta": 7.258514}}
{"target": -142.80392277071414, "params": {"gamma": 0.004308164498078922, "prior": 9.09537981487165, "rate": 1.0452911191099472}, "datetime": {"datetime": "2024-04-08 13:10:05", "elapsed": 8532.651054, "delta": 16.957758}}
{"target": -142.80929306196634, "params": {"gamma": 0.003572255186640134, "prior": 2.3316373304825513, "rate": 0.9556214464246279}, "datetime": {"datetime": "2024-04-08 13:10:29", "elapsed": 8556.912363, "delta": 24.261309}}
{"target": -142.79878227330335, "params": {"gamma": 0.0012122743308950583, "prior": 8.041691703937587, "rate": 9.75400456932163}, "datetime": {"datetime": "2024-04-08 13:11:00", "elapsed": 8587.194381, "delta": 30.282018}}
{"target": -142.8518868318461, "params": {"gamma": 0.02152868137165661, "prior": 9.329744609116775, "rate": 0.44000861435501987}, "datetime": {"datetime": "2024-04-08 13:11:16", "elapsed": 8603.587356, "delta": 16.392975}}
{"target": -142.81412601158453, "params": {"gamma": 0.0023989375415051275, "prior": 3.3228344257436793, "rate": 8.966886985641764}, "datetime": {"datetime": "2024-04-08 13:11:49", "elapsed": 8636.513805, "delta": 32.926449}}
{"target": -142.7973461512077, "params": {"gamma": 0.001, "prior": 7.108386291583294, "rate": 10.0}, "datetime": {"datetime": "2024-04-08 13:11:57", "elapsed": 8644.04403, "delta": 7.530225}}
{"target": -142.7957800130689, "params": {"gamma": 0.001, "prior": 10.0, "rate": 7.871038823573868}, "datetime": {"datetime": "2024-04-08 13:12:14", "elapsed": 8661.636179, "delta": 17.592149}}
{"target": -142.81619857680022, "params": {"gamma": 0.003013207307204619, "prior": 2.9132974367442186, "rate": 4.367280015900075}, "datetime": {"datetime": "2024-04-08 13:12:36", "elapsed": 8683.298001, "delta": 21.661822}}
{"target": -142.79931180833748, "params": {"gamma": 0.001, "prior": 0.6127368741628574, "rate": 1.8637335565556281}, "datetime": {"datetime": "2024-04-08 13:12:58", "elapsed": 8705.56529, "delta": 22.267289}}
{"target": -142.79934350428644, "params": {"gamma": 0.001, "prior": 2.939745235466901, "rate": 9.064370327544845}, "datetime": {"datetime": "2024-04-08 13:13:15", "elapsed": 8722.541265, "delta": 16.975975}}
{"target": -142.80002537011012, "params": {"gamma": 0.0010704497695139437, "prior": 2.768520513950449, "rate": 8.209754238959102}, "datetime": {"datetime": "2024-04-08 13:13:30", "elapsed": 8737.076297, "delta": 14.535032}}
{"target": -142.79490150540678, "params": {"gamma": 0.001, "prior": 8.550816752173539, "rate": 4.786374155105592}, "datetime": {"datetime": "2024-04-08 13:13:58", "elapsed": 8765.044445, "delta": 27.968148}}
{"target": -142.79782865291673, "params": {"gamma": 0.001, "prior": 4.725001474888521, "rate": 7.9610144148541}, "datetime": {"datetime": "2024-04-08 13:14:20", "elapsed": 8787.436343, "delta": 22.391898}}
{"target": -142.79506771157313, "params": {"gamma": 0.001, "prior": 9.579085547014152, "rate": 5.728857348618895}, "datetime": {"datetime": "2024-04-08 13:14:29", "elapsed": 8796.265858, "delta": 8.829515}}
{"target": -142.79621536523015, "params": {"gamma": 0.0011602073259363219, "prior": 7.563498366334428, "rate": 4.621903102672184}, "datetime": {"datetime": "2024-04-08 13:14:46", "elapsed": 8813.057508, "delta": 16.79165}}
{"target": -142.7938926027544, "params": {"gamma": 0.001, "prior": 10.0, "rate": 3.642606172092522}, "datetime": {"datetime": "2024-04-08 13:14:58", "elapsed": 8825.787668, "delta": 12.73016}}
{"target": -142.7957379748462, "params": {"gamma": 0.001, "prior": 7.055281864256595, "rate": 5.46570098137121}, "datetime": {"datetime": "2024-04-08 13:15:09", "elapsed": 8836.668657, "delta": 10.880989}}
{"target": -142.7960509946505, "params": {"gamma": 0.001, "prior": 10.0, "rate": 8.713859486943939}, "datetime": {"datetime": "2024-04-08 13:15:25", "elapsed": 8851.988185, "delta": 15.319528}}
{"target": -142.83828517015445, "params": {"gamma": 0.0040966770696992715, "prior": 1.1289565519833313, "rate": 5.6756388205666735}, "datetime": {"datetime": "2024-04-08 13:15:35", "elapsed": 8862.732113, "delta": 10.743928}}
{"target": -142.80390984520048, "params": {"gamma": 0.004578578841941818, "prior": 3.302368465403884, "rate": 0.3153866458519456}, "datetime": {"datetime": "2024-04-08 13:15:53", "elapsed": 8880.012152, "delta": 17.280039}}
{"target": -142.79705486261713, "params": {"gamma": 0.001, "prior": 6.71100294523066, "rate": 8.47668909338032}, "datetime": {"datetime": "2024-04-08 13:16:10", "elapsed": 8897.548014, "delta": 17.535862}}
{"target": -142.79410988855153, "params": {"gamma": 0.001, "prior": 7.148516889664754, "rate": 2.872539507363858}, "datetime": {"datetime": "2024-04-08 13:16:17", "elapsed": 8904.726511, "delta": 7.178497}}
{"target": -142.8419783609504, "params": {"gamma": 0.003757503778656833, "prior": 0.2316812380128482, "rate": 6.513935212917451}, "datetime": {"datetime": "2024-04-08 13:16:28", "elapsed": 8915.641832, "delta": 10.915321}}
{"target": -142.8170071835477, "params": {"gamma": 0.0021515018587630213, "prior": 0.6249523975763748, "rate": 6.812317284865838}, "datetime": {"datetime": "2024-04-08 13:16:47", "elapsed": 8934.317427, "delta": 18.675595}}
{"target": -142.79721147104357, "params": {"gamma": 0.001, "prior": 5.806981572672237, "rate": 7.77168493087267}, "datetime": {"datetime": "2024-04-08 13:16:59", "elapsed": 8946.626722, "delta": 12.309295}}
{"target": -142.81941878392368, "params": {"gamma": 0.003647822058932542, "prior": 2.533695866933474, "rate": 2.8941750196107723}, "datetime": {"datetime": "2024-04-08 13:17:18", "elapsed": 8965.598784, "delta": 18.972062}}
{"target": -142.8021077026069, "params": {"gamma": 0.0019307738218419814, "prior": 2.468191349632669, "rate": 1.7091583200165823}, "datetime": {"datetime": "2024-04-08 13:17:32", "elapsed": 8979.090131, "delta": 13.491347}}
{"target": -142.79656127092133, "params": {"gamma": 0.001, "prior": 7.64811662117425, "rate": 8.052945234130252}, "datetime": {"datetime": "2024-04-08 13:17:51", "elapsed": 8998.741867, "delta": 19.651736}}
{"target": -142.7921117397821, "params": {"gamma": 0.001, "prior": 7.301543910140837, "rate": 0.9790980681397597}, "datetime": {"datetime": "2024-04-08 13:18:06", "elapsed": 9013.38762, "delta": 14.645753}}
{"target": -142.82639355526655, "params": {"gamma": 0.0030028949955326453, "prior": 1.1735395982230747, "rate": 7.914708747412414}, "datetime": {"datetime": "2024-04-08 13:18:21", "elapsed": 9028.372538, "delta": 14.984918}}
{"target": -142.80079750904798, "params": {"gamma": 0.0018024104714785532, "prior": 4.498947156483946, "rate": 2.865990906782832}, "datetime": {"datetime": "2024-04-08 13:18:40", "elapsed": 9047.102917, "delta": 18.730379}}
{"target": -142.8042624983222, "params": {"gamma": 0.0011147688249096934, "prior": 0.251252848644929, "rate": 9.95773777577503}, "datetime": {"datetime": "2024-04-08 13:19:01", "elapsed": 9068.693322, "delta": 21.590405}}
{"target": -142.79379104521283, "params": {"gamma": 0.001, "prior": 4.8081578541179, "rate": 1.6708445879295957}, "datetime": {"datetime": "2024-04-08 13:19:36", "elapsed": 9102.977983, "delta": 34.284661}}
{"target": -142.79560322597487, "params": {"gamma": 0.001, "prior": 10.0, "rate": 7.360596807674728}, "datetime": {"datetime": "2024-04-08 13:19:51", "elapsed": 9118.426919, "delta": 15.448936}}
{"target": -142.79468480397105, "params": {"gamma": 0.001, "prior": 10.0, "rate": 5.126833184152678}, "datetime": {"datetime": "2024-04-08 13:19:59", "elapsed": 9126.017006, "delta": 7.590087}}
{"target": -142.79033448190512, "params": {"gamma": 0.001, "prior": 3.8862336253562964, "rate": 0.001}, "datetime": {"datetime": "2024-04-08 13:20:12", "elapsed": 9139.006315, "delta": 12.989309}}
{"target": -142.82898754037018, "params": {"gamma": 0.003507623701981297, "prior": 1.1049038745101303, "rate": 4.202615732734438}, "datetime": {"datetime": "2024-04-08 13:20:37", "elapsed": 9164.516694, "delta": 25.510379}}
{"target": -142.84669376708868, "params": {"gamma": 0.006190595440975577, "prior": 4.5753689736481995, "rate": 7.090133738447572}, "datetime": {"datetime": "2024-04-08 13:20:51", "elapsed": 9178.116614, "delta": 13.59992}}
