{"target": -135.25207548024102, "params": {"gamma": 1.3546094027823226, "lr": 0.8280873055521683}, "datetime": {"datetime": "2024-03-30 21:35:12", "elapsed": 11750.849916, "delta": 15.832268}}
{"target": -76.28464612090113, "params": {"gamma": 0.5601641617403379, "lr": 0.6863533135962931}, "datetime": {"datetime": "2024-03-30 21:35:28", "elapsed": 11766.817507, "delta": 15.967591}}
{"target": -172.210365218244, "params": {"gamma": 1.7653036262110458, "lr": 0.9614989252436259}, "datetime": {"datetime": "2024-03-30 21:36:10", "elapsed": 11808.43599, "delta": 41.618483}}
{"target": -441.9734031838121, "params": {"gamma": 4.706321187980757, "lr": 0.5567302686934467}, "datetime": {"datetime": "2024-03-30 21:36:40", "elapsed": 11838.709568, "delta": 30.273578}}
{"target": -144.17461355646887, "params": {"gamma": 2.019932070421955, "lr": 0.0}, "datetime": {"datetime": "2024-03-30 21:37:10", "elapsed": 11868.000234, "delta": 29.290666}}
{"target": -176.12755818317885, "params": {"gamma": 1.8196469843427499, "lr": 0.7810622207630298}, "datetime": {"datetime": "2024-03-30 21:37:27", "elapsed": 11885.595754, "delta": 17.59552}}
{"target": -247.04564337083175, "params": {"gamma": 0.6599449949491173, "lr": 0.10541026626124032}, "datetime": {"datetime": "2024-03-30 21:37:55", "elapsed": 11913.676026, "delta": 28.080272}}
{"target": -74.8120236328659, "params": {"gamma": 0.3614131233132585, "lr": 0.7304508912143757}, "datetime": {"datetime": "2024-03-30 21:38:15", "elapsed": 11933.710555, "delta": 20.034529}}
{"target": -635.6033671172105, "params": {"gamma": 6.788874229596983, "lr": 0.9892379433182713}, "datetime": {"datetime": "2024-03-30 21:38:24", "elapsed": 11942.287502, "delta": 8.576947}}
{"target": -237.56971360318613, "params": {"gamma": 2.497130802540955, "lr": 0.5657037860026133}, "datetime": {"datetime": "2024-03-30 21:38:47", "elapsed": 11965.117086, "delta": 22.829584}}
{"target": -85.65741593498363, "params": {"gamma": 0.7453685603659763, "lr": 0.9378616514042717}, "datetime": {"datetime": "2024-03-30 21:39:04", "elapsed": 11982.034755, "delta": 16.917669}}
{"target": -74.82961900832412, "params": {"gamma": 0.404168563591353, "lr": 0.9284720031157968}, "datetime": {"datetime": "2024-03-30 21:39:25", "elapsed": 12003.215175, "delta": 21.18042}}
{"target": -90.14400639552964, "params": {"gamma": 0.792162332907305, "lr": 0.8641149871680979}, "datetime": {"datetime": "2024-03-30 21:40:12", "elapsed": 12049.992698, "delta": 46.777523}}
{"target": -133.03899394328022, "params": {"gamma": 0.031020550399341196, "lr": 0.8974542009655048}, "datetime": {"datetime": "2024-03-30 21:40:32", "elapsed": 12070.327322, "delta": 20.334624}}
{"target": -151.05428631099835, "params": {"gamma": 1.5312908933000744, "lr": 0.8133353071418484}, "datetime": {"datetime": "2024-03-30 21:41:03", "elapsed": 12101.122878, "delta": 30.795556}}
{"target": -132.5544967436225, "params": {"gamma": 1.2972254556707736, "lr": 0.8858475559941495}, "datetime": {"datetime": "2024-03-30 21:41:31", "elapsed": 12129.342164, "delta": 28.219286}}
{"target": -158.36429650743338, "params": {"gamma": 1.5729022685237597, "lr": 0.7178734001176811}, "datetime": {"datetime": "2024-03-30 21:41:46", "elapsed": 12144.953557, "delta": 15.611393}}
