{"target": -127.65331789903004, "params": {"gamma": 0.5287857773295865, "prior": 8.914019769519989, "rate": 4.045739285423598}, "datetime": {"datetime": "2024-04-09 03:00:13", "elapsed": 8.217327, "delta": 0.008665}}
{"target": -540.7211740054541, "params": {"gamma": 9.292802548221829, "prior": 4.080573920625559, "rate": 0.7692460154620339}, "datetime": {"datetime": "2024-04-09 03:00:13", "elapsed": 8.227353, "delta": 0.010026}}
{"target": -192.37938749053828, "params": {"gamma": 2.4537661400558073, "prior": 3.5675790065013078, "rate": 7.507532195259897}, "datetime": {"datetime": "2024-04-09 03:00:13", "elapsed": 8.236722, "delta": 0.009369}}
{"target": -162.214957471094, "params": {"gamma": 1.8482967753404873, "prior": 4.366639171886156, "rate": 8.732580952739871}, "datetime": {"datetime": "2024-04-09 03:00:13", "elapsed": 8.24588, "delta": 0.009158}}
{"target": -319.7489719907316, "params": {"gamma": 5.338077152636459, "prior": 1.121231725515661, "rate": 0.24620034805926763}, "datetime": {"datetime": "2024-04-09 03:00:13", "elapsed": 8.254857, "delta": 0.008977}}
{"target": -384.70332190439063, "params": {"gamma": 7.058392201809326, "prior": 9.79336216048635, "rate": 7.851867464260117}, "datetime": {"datetime": "2024-04-09 03:00:13", "elapsed": 8.265676, "delta": 0.010819}}
{"target": -441.216768965765, "params": {"gamma": 7.647497242257331, "prior": 6.786930405212397, "rate": 7.9552316002763535}, "datetime": {"datetime": "2024-04-09 03:00:13", "elapsed": 8.274666, "delta": 0.00899}}
{"target": -120.03788070167617, "params": {"gamma": 0.40113783894076427, "prior": 2.720348153996855, "rate": 6.9542799621795535}, "datetime": {"datetime": "2024-04-09 03:00:13", "elapsed": 8.283659, "delta": 0.008993}}
{"target": -462.4952054399042, "params": {"gamma": 8.670016307747831, "prior": 6.778608030986559, "rate": 1.7635850037063328}, "datetime": {"datetime": "2024-04-09 03:00:13", "elapsed": 8.293573, "delta": 0.009914}}
{"target": -655.8716835706282, "params": {"gamma": 9.363148290996985, "prior": 9.043449131097443, "rate": 0.8677009826349238}, "datetime": {"datetime": "2024-04-09 03:00:13", "elapsed": 8.303387, "delta": 0.009814}}
{"target": -169.5425198297246, "params": {"gamma": 1.9308073757049558, "prior": 2.824411003044214, "rate": 7.384380294175464}, "datetime": {"datetime": "2024-04-09 03:00:13", "elapsed": 8.312393, "delta": 0.009006}}
{"target": -436.74452023539936, "params": {"gamma": 8.59387390968027, "prior": 5.825391635770356, "rate": 1.9972560609459706}, "datetime": {"datetime": "2024-04-09 03:00:13", "elapsed": 8.321639, "delta": 0.009246}}
{"target": -323.0432722366794, "params": {"gamma": 4.151483786326004, "prior": 1.4648060826146607, "rate": 9.174044472397386}, "datetime": {"datetime": "2024-04-09 03:00:13", "elapsed": 8.332116, "delta": 0.010477}}
{"target": -419.26231813592005, "params": {"gamma": 7.645544873164326, "prior": 5.151116954680168, "rate": 4.536296856665209}, "datetime": {"datetime": "2024-04-09 03:00:13", "elapsed": 8.341208, "delta": 0.009092}}
{"target": -132.6418100728685, "params": {"gamma": 0.9793229413773535, "prior": 3.2548860273732405, "rate": 1.2072073207786072}, "datetime": {"datetime": "2024-04-09 03:00:13", "elapsed": 8.350179, "delta": 0.008971}}
{"target": -398.2628436112182, "params": {"gamma": 7.823598295559239, "prior": 5.494348696094326, "rate": 2.2735465367701733}, "datetime": {"datetime": "2024-04-09 03:00:13", "elapsed": 8.360209, "delta": 0.01003}}
{"target": -172.6222853552379, "params": {"gamma": 2.242804189720107, "prior": 2.677942155406277, "rate": 3.0894186504102437}, "datetime": {"datetime": "2024-04-09 03:00:13", "elapsed": 8.369897, "delta": 0.009688}}
{"target": -270.8087593826445, "params": {"gamma": 3.8776636126823174, "prior": 3.0457344305346488, "rate": 6.795879389436971}, "datetime": {"datetime": "2024-04-09 03:00:13", "elapsed": 8.378769, "delta": 0.008872}}
{"target": -121.47507741905925, "params": {"gamma": 0.351701119431484, "prior": 3.3482921178205443, "rate": 7.4531734367072975}, "datetime": {"datetime": "2024-04-09 03:00:13", "elapsed": 8.387714, "delta": 0.008945}}
{"target": -483.0284432695108, "params": {"gamma": 9.428137042767773, "prior": 8.047052246559756, "rate": 2.4090212695059683}, "datetime": {"datetime": "2024-04-09 03:00:13", "elapsed": 8.398347, "delta": 0.010633}}
{"target": -198.73430543629064, "params": {"gamma": 2.329921768369933, "prior": 1.9843342677001725, "rate": 8.825092851051235}, "datetime": {"datetime": "2024-04-09 03:00:13", "elapsed": 8.407349, "delta": 0.009002}}
{"target": -175.5992995997762, "params": {"gamma": 2.3793190167249576, "prior": 7.605988171789962, "rate": 2.611236264315461}, "datetime": {"datetime": "2024-04-09 03:00:13", "elapsed": 8.41612, "delta": 0.008771}}
{"target": -125.15987700693341, "params": {"gamma": 0.3317853522317488, "prior": 7.3611322306807825, "rate": 7.262291896142214}, "datetime": {"datetime": "2024-04-09 03:00:13", "elapsed": 8.425565, "delta": 0.009445}}
{"target": -125.28287216182883, "params": {"gamma": 0.8905021504995737, "prior": 3.334342453503056, "rate": 9.483704536600037}, "datetime": {"datetime": "2024-04-09 03:00:13", "elapsed": 8.435582, "delta": 0.010017}}
{"target": -163.0720094813472, "params": {"gamma": 1.6303270368232625, "prior": 0.9580574792638101, "rate": 5.946444277228148}, "datetime": {"datetime": "2024-04-09 03:00:13", "elapsed": 8.444285, "delta": 0.008703}}
{"target": -650.8467596188586, "params": {"gamma": 9.309967663594373, "prior": 1.424405246656605, "rate": 5.130609924306518}, "datetime": {"datetime": "2024-04-09 03:00:13", "elapsed": 8.453208, "delta": 0.008923}}
{"target": -528.520659185116, "params": {"gamma": 6.84030814195546, "prior": 1.8011146201075885, "rate": 0.11358767502840258}, "datetime": {"datetime": "2024-04-09 03:00:13", "elapsed": 8.463619, "delta": 0.010411}}
{"target": -658.7898719494555, "params": {"gamma": 8.876943621666769, "prior": 0.44878957946825926, "rate": 2.575325379792938}, "datetime": {"datetime": "2024-04-09 03:00:13", "elapsed": 8.472741, "delta": 0.009122}}
{"target": -551.2497048016089, "params": {"gamma": 6.5171886333749445, "prior": 2.929251040222046, "rate": 0.09806625815159087}, "datetime": {"datetime": "2024-04-09 03:00:13", "elapsed": 8.481684, "delta": 0.008943}}
{"target": -309.2463861618155, "params": {"gamma": 5.754942892815359, "prior": 3.147143555513635, "rate": 1.5159891044593792}, "datetime": {"datetime": "2024-04-09 03:00:13", "elapsed": 8.490573, "delta": 0.008889}}
{"target": -693.2516039128551, "params": {"gamma": 9.712861834014069, "prior": 1.7332254521996295, "rate": 7.272627175991628}, "datetime": {"datetime": "2024-04-09 03:00:13", "elapsed": 8.501175, "delta": 0.010602}}
{"target": -499.8092292063401, "params": {"gamma": 8.907351190743636, "prior": 8.601279645696758, "rate": 1.8433864145173096}, "datetime": {"datetime": "2024-04-09 03:00:13", "elapsed": 8.510052, "delta": 0.008877}}
{"target": -220.65258958520658, "params": {"gamma": 2.3688485284086984, "prior": 0.2817901013754669, "rate": 9.314123267181278}, "datetime": {"datetime": "2024-04-09 03:00:13", "elapsed": 8.519192, "delta": 0.00914}}
{"target": -523.1760761431831, "params": {"gamma": 8.871324645396406, "prior": 5.995115072798474, "rate": 1.0945671874130298}, "datetime": {"datetime": "2024-04-09 03:00:13", "elapsed": 8.52975, "delta": 0.010558}}
{"target": -150.4413298443251, "params": {"gamma": 1.736252925778173, "prior": 5.811907672232824, "rate": 2.5173180780279494}, "datetime": {"datetime": "2024-04-09 03:00:13", "elapsed": 8.538728, "delta": 0.008978}}
{"target": -204.53043440175108, "params": {"gamma": 3.0024181605272484, "prior": 1.792774754535882, "rate": 1.8967275990085757}, "datetime": {"datetime": "2024-04-09 03:00:13", "elapsed": 8.547676, "delta": 0.008948}}
{"target": -278.6429045875103, "params": {"gamma": 4.634748122750124, "prior": 5.1477523290215155, "rate": 5.116287316757662}, "datetime": {"datetime": "2024-04-09 03:00:13", "elapsed": 8.556565, "delta": 0.008889}}
{"target": -735.0396299607243, "params": {"gamma": 9.971390854869842, "prior": 1.3829985909743843, "rate": 7.561942713988967}, "datetime": {"datetime": "2024-04-09 03:00:13", "elapsed": 8.567244, "delta": 0.010679}}
{"target": -425.807614858503, "params": {"gamma": 7.937773715501701, "prior": 5.890337727828154, "rate": 4.627919064512984}, "datetime": {"datetime": "2024-04-09 03:00:13", "elapsed": 8.576096, "delta": 0.008852}}
{"target": -683.6235032837642, "params": {"gamma": 8.934372946865443, "prior": 8.298984168823933, "rate": 0.5038590693510084}, "datetime": {"datetime": "2024-04-09 03:00:13", "elapsed": 8.584716, "delta": 0.00862}}
{"target": -792.6600834020468, "params": {"gamma": 9.629874547125452, "prior": 0.17266492836107364, "rate": 5.731748914634736}, "datetime": {"datetime": "2024-04-09 03:00:13", "elapsed": 8.595024, "delta": 0.010308}}
{"target": -307.75842136956277, "params": {"gamma": 5.7247357384538, "prior": 8.360358681426117, "rate": 3.8477759631858306}, "datetime": {"datetime": "2024-04-09 03:00:13", "elapsed": 8.604247, "delta": 0.009223}}
{"target": -172.64624904798288, "params": {"gamma": 0.911317649590776, "prior": 5.858703966752355, "rate": 0.24943375777694893}, "datetime": {"datetime": "2024-04-09 03:00:13", "elapsed": 8.613056, "delta": 0.008809}}
{"target": -228.04687205994222, "params": {"gamma": 3.618595813310707, "prior": 9.854636340644698, "rate": 8.687919916680645}, "datetime": {"datetime": "2024-04-09 03:00:13", "elapsed": 8.622352, "delta": 0.009296}}
{"target": -142.91930424829982, "params": {"gamma": 1.525814920870293, "prior": 8.008378281655215, "rate": 8.110158197295846}, "datetime": {"datetime": "2024-04-09 03:00:13", "elapsed": 8.633014, "delta": 0.010662}}
{"target": -595.4952613922995, "params": {"gamma": 9.282143984052633, "prior": 2.3214042338354473, "rate": 4.990175777525101}, "datetime": {"datetime": "2024-04-09 03:00:13", "elapsed": 8.641925, "delta": 0.008911}}
{"target": -450.9311452763274, "params": {"gamma": 8.274613470019348, "prior": 6.706604471482155, "rate": 5.939767497694312}, "datetime": {"datetime": "2024-04-09 03:00:13", "elapsed": 8.65101, "delta": 0.009085}}
{"target": -458.42548118148335, "params": {"gamma": 6.520106231886649, "prior": 2.461308526710229, "rate": 0.2563753086730316}, "datetime": {"datetime": "2024-04-09 03:00:13", "elapsed": 8.661449, "delta": 0.010439}}
{"target": -423.2681872552137, "params": {"gamma": 7.362836317207894, "prior": 3.3352390707756885, "rate": 3.7681921123145443}, "datetime": {"datetime": "2024-04-09 03:00:13", "elapsed": 8.670804, "delta": 0.009355}}
{"target": -334.10342847516307, "params": {"gamma": 6.126547925441392, "prior": 6.605933919398819, "rate": 2.0297861073278014}, "datetime": {"datetime": "2024-04-09 03:00:13", "elapsed": 8.679644, "delta": 0.00884}}
{"target": -505.39179351269473, "params": {"gamma": 8.260489346916343, "prior": 3.864045391930247, "rate": 6.317812340605414}, "datetime": {"datetime": "2024-04-09 03:00:13", "elapsed": 8.688627, "delta": 0.008983}}
{"target": -493.4880287760424, "params": {"gamma": 9.664147745107453, "prior": 5.691383729139698, "rate": 3.58975250674678}, "datetime": {"datetime": "2024-04-09 03:00:13", "elapsed": 8.699052, "delta": 0.010425}}
{"target": -348.7582826927911, "params": {"gamma": 6.1900821172926825, "prior": 5.067751868825378, "rate": 4.524310101530738}, "datetime": {"datetime": "2024-04-09 03:00:13", "elapsed": 8.707719, "delta": 0.008667}}
{"target": -378.409196083293, "params": {"gamma": 7.32297507682793, "prior": 9.252650484842617, "rate": 4.793234881420612}, "datetime": {"datetime": "2024-04-09 03:00:13", "elapsed": 8.716412, "delta": 0.008693}}
{"target": -129.47780550660462, "params": {"gamma": 0.8832132798499579, "prior": 5.739570211172332, "rate": 2.450263600293229}, "datetime": {"datetime": "2024-04-09 03:00:13", "elapsed": 8.725402, "delta": 0.00899}}
{"target": -132.32039473182408, "params": {"gamma": 0.3967395368422162, "prior": 7.902588045772463, "rate": 2.728409598411216}, "datetime": {"datetime": "2024-04-09 03:00:13", "elapsed": 8.735665, "delta": 0.010263}}
{"target": -406.527715531537, "params": {"gamma": 7.7709278589308965, "prior": 4.933268536573228, "rate": 3.1800409748600784}, "datetime": {"datetime": "2024-04-09 03:00:13", "elapsed": 8.744539, "delta": 0.008874}}
{"target": -263.89378091433895, "params": {"gamma": 3.1409404750589167, "prior": 0.516045124852533, "rate": 5.344463969208603}, "datetime": {"datetime": "2024-04-09 03:00:13", "elapsed": 8.753496, "delta": 0.008957}}
{"target": -472.1970084949818, "params": {"gamma": 8.235692008411606, "prior": 0.9305639897438418, "rate": 1.0864784973815673}, "datetime": {"datetime": "2024-04-09 03:00:13", "elapsed": 8.764045, "delta": 0.010549}}
{"target": -312.8933508730201, "params": {"gamma": 5.293030012750302, "prior": 6.635403915273608, "rate": 6.947765177374281}, "datetime": {"datetime": "2024-04-09 03:00:13", "elapsed": 8.773606, "delta": 0.009561}}
{"target": -260.6441659391188, "params": {"gamma": 3.1329037297737132, "prior": 0.47399998048085035, "rate": 4.146214234044257}, "datetime": {"datetime": "2024-04-09 03:00:13", "elapsed": 8.782519, "delta": 0.008913}}
{"target": -215.29743345588798, "params": {"gamma": 2.2612156645820662, "prior": 0.11103681949882596, "rate": 6.857480005685141}, "datetime": {"datetime": "2024-04-09 03:00:13", "elapsed": 8.792035, "delta": 0.009516}}
{"target": -499.7846271374318, "params": {"gamma": 9.520673328006277, "prior": 3.9724024292967792, "rate": 3.0036839952852596}, "datetime": {"datetime": "2024-04-09 03:00:13", "elapsed": 8.801819, "delta": 0.009784}}
{"target": -319.3139553113199, "params": {"gamma": 5.537964374290343, "prior": 8.534564954842326, "rate": 7.9498792795045405}, "datetime": {"datetime": "2024-04-09 03:00:13", "elapsed": 8.810744, "delta": 0.008925}}
{"target": -421.14262203715873, "params": {"gamma": 6.847882293080787, "prior": 4.377860203867094, "rate": 6.904649764523284}, "datetime": {"datetime": "2024-04-09 03:00:13", "elapsed": 8.819852, "delta": 0.009108}}
{"target": -181.5112119130838, "params": {"gamma": 2.161037487164819, "prior": 2.911040034677843, "rate": 7.778428288392944}, "datetime": {"datetime": "2024-04-09 03:00:13", "elapsed": 8.830215, "delta": 0.010363}}
{"target": -555.9450190881525, "params": {"gamma": 9.299871383327218, "prior": 1.9814900858052293, "rate": 2.9613368308929076}, "datetime": {"datetime": "2024-04-09 03:00:13", "elapsed": 8.839243, "delta": 0.009028}}
{"target": -140.63148167217955, "params": {"gamma": 0.06309646163797043, "prior": 4.372466228275976, "rate": 2.103740422454257}, "datetime": {"datetime": "2024-04-09 03:00:13", "elapsed": 8.848115, "delta": 0.008872}}
{"target": -400.72495173457514, "params": {"gamma": 6.414606400753661, "prior": 7.124933235213273, "rate": 1.188658366270452}, "datetime": {"datetime": "2024-04-09 03:00:13", "elapsed": 8.857069, "delta": 0.008954}}
{"target": -128.74076388060155, "params": {"gamma": 0.8223578763172843, "prior": 9.072717188845324, "rate": 3.8929983086548985}, "datetime": {"datetime": "2024-04-09 03:00:13", "elapsed": 8.867679, "delta": 0.01061}}
{"target": -302.62948673097844, "params": {"gamma": 5.334501569162878, "prior": 9.636091492645338, "rate": 7.590781068151137}, "datetime": {"datetime": "2024-04-09 03:00:13", "elapsed": 8.876744, "delta": 0.009065}}
{"target": -260.2917802657119, "params": {"gamma": 3.256077435692296, "prior": 0.9499080810909061, "rate": 5.360704142867423}, "datetime": {"datetime": "2024-04-09 03:00:13", "elapsed": 8.885529, "delta": 0.008785}}
{"target": -289.89777240276874, "params": {"gamma": 3.3619183039303744, "prior": 0.31468550480840884, "rate": 7.711752180204535}, "datetime": {"datetime": "2024-04-09 03:00:13", "elapsed": 8.896024, "delta": 0.010495}}
{"target": -250.4182993617019, "params": {"gamma": 3.849706389409975, "prior": 5.756079385581481, "rate": 7.557672815106508}, "datetime": {"datetime": "2024-04-09 03:00:13", "elapsed": 8.904937, "delta": 0.008913}}
{"target": -471.2835678404871, "params": {"gamma": 9.408533351590556, "prior": 6.161991152977763, "rate": 3.1546463916226513}, "datetime": {"datetime": "2024-04-09 03:00:13", "elapsed": 8.913655, "delta": 0.008718}}
{"target": -134.09281513526622, "params": {"gamma": 1.1016550019623323, "prior": 0.8317969903215949, "rate": 3.197588047953422}, "datetime": {"datetime": "2024-04-09 03:00:13", "elapsed": 8.922903, "delta": 0.009248}}
{"target": -357.09645212675207, "params": {"gamma": 6.608730550421095, "prior": 6.982005440804134, "rate": 2.0779726825898135}, "datetime": {"datetime": "2024-04-09 03:00:13", "elapsed": 8.933642, "delta": 0.010739}}
{"target": -122.769536694081, "params": {"gamma": 0.8288765899448861, "prior": 3.1245555467317083, "rate": 5.476198023985873}, "datetime": {"datetime": "2024-04-09 03:00:13", "elapsed": 8.942451, "delta": 0.008809}}
{"target": -389.2730867868316, "params": {"gamma": 7.546942075074172, "prior": 5.343607473643421, "rate": 2.8705505437179983}, "datetime": {"datetime": "2024-04-09 03:00:13", "elapsed": 8.95137, "delta": 0.008919}}
{"target": -415.75626312384986, "params": {"gamma": 6.242173052915846, "prior": 2.7218828862443387, "rate": 6.527276450430897}, "datetime": {"datetime": "2024-04-09 03:00:13", "elapsed": 8.961728, "delta": 0.010358}}
{"target": -457.6711418694585, "params": {"gamma": 8.419138180259552, "prior": 6.425583421647474, "rate": 5.656749058298363}, "datetime": {"datetime": "2024-04-09 03:00:13", "elapsed": 8.971066, "delta": 0.009338}}
{"target": -209.01510881473158, "params": {"gamma": 3.072113950599342, "prior": 8.780092695385816, "rate": 9.888230025288278}, "datetime": {"datetime": "2024-04-09 03:00:13", "elapsed": 8.97999, "delta": 0.008924}}
{"target": -426.89525194350057, "params": {"gamma": 7.775016832668201, "prior": 5.779074189947149, "rate": 1.4136520470773757}, "datetime": {"datetime": "2024-04-09 03:00:13", "elapsed": 8.988863, "delta": 0.008873}}
{"target": -205.4408991052823, "params": {"gamma": 3.1499752949036433, "prior": 3.731907254052719, "rate": 2.9196603150536307}, "datetime": {"datetime": "2024-04-09 03:00:13", "elapsed": 8.999426, "delta": 0.010563}}
{"target": -258.53426673125193, "params": {"gamma": 4.46008219467453, "prior": 6.145261916989693, "rate": 2.129932990561121}, "datetime": {"datetime": "2024-04-09 03:00:13", "elapsed": 9.008145, "delta": 0.008719}}
{"target": -198.28988970234516, "params": {"gamma": 2.4983477831127514, "prior": 1.2102897838888582, "rate": 3.07657830315885}, "datetime": {"datetime": "2024-04-09 03:00:13", "elapsed": 9.016613, "delta": 0.008468}}
{"target": -329.26841351498814, "params": {"gamma": 4.9749853375678486, "prior": 4.949097068629873, "rate": 9.955776541252115}, "datetime": {"datetime": "2024-04-09 03:00:13", "elapsed": 9.026393, "delta": 0.00978}}
{"target": -631.1125294960759, "params": {"gamma": 9.811104522073206, "prior": 4.421971439643317, "rate": 9.720234197281384}, "datetime": {"datetime": "2024-04-09 03:00:13", "elapsed": 9.036056, "delta": 0.009663}}
{"target": -165.0439473189029, "params": {"gamma": 2.1447646438539647, "prior": 5.457096772478638, "rate": 4.534899709382847}, "datetime": {"datetime": "2024-04-09 03:00:13", "elapsed": 9.044819, "delta": 0.008763}}
{"target": -512.1980908913494, "params": {"gamma": 9.67612136622795, "prior": 8.37814460904005, "rate": 2.142255100882632}, "datetime": {"datetime": "2024-04-09 03:00:13", "elapsed": 9.053413, "delta": 0.008594}}
{"target": -313.0467234959367, "params": {"gamma": 4.395951482451757, "prior": 1.7679220192998268, "rate": 5.29134301734205}, "datetime": {"datetime": "2024-04-09 03:00:13", "elapsed": 9.063919, "delta": 0.010506}}
{"target": -144.08883194292966, "params": {"gamma": 0.001, "prior": 10.0, "rate": 10.0}, "datetime": {"datetime": "2024-04-09 03:00:18", "elapsed": 14.169051, "delta": 5.105132}}
{"target": -137.73135904871447, "params": {"gamma": 0.054240218308068376, "prior": 0.19406330434817087, "rate": 8.903200134370806}, "datetime": {"datetime": "2024-04-09 03:00:22", "elapsed": 18.081604, "delta": 3.912553}}
{"target": -144.04522469884046, "params": {"gamma": 0.001, "prior": 0.1, "rate": 10.0}, "datetime": {"datetime": "2024-04-09 03:00:27", "elapsed": 22.407515, "delta": 4.325911}}
{"target": -134.38593324860662, "params": {"gamma": 0.11344107260185655, "prior": 6.237614940202846, "rate": 10.0}, "datetime": {"datetime": "2024-04-09 03:00:32", "elapsed": 27.61682, "delta": 5.209305}}
{"target": -144.21755627300098, "params": {"gamma": 0.001, "prior": 8.119173009230156, "rate": 0.001}, "datetime": {"datetime": "2024-04-09 03:00:35", "elapsed": 30.917558, "delta": 3.300738}}
{"target": -127.60704729647796, "params": {"gamma": 0.2416751912752926, "prior": 8.17212181231257, "rate": 10.0}, "datetime": {"datetime": "2024-04-09 03:00:42", "elapsed": 37.437661, "delta": 6.520103}}
{"target": -144.10094561073498, "params": {"gamma": 0.001, "prior": 10.0, "rate": 6.960914386441327}, "datetime": {"datetime": "2024-04-09 03:00:46", "elapsed": 42.032348, "delta": 4.594687}}
{"target": -122.70197922971542, "params": {"gamma": 0.3933113321239516, "prior": 5.388403097083817, "rate": 6.218832922246092}, "datetime": {"datetime": "2024-04-09 03:00:50", "elapsed": 45.423982, "delta": 3.391634}}
{"target": -144.11660198738804, "params": {"gamma": 0.001, "prior": 10.0, "rate": 4.63250462511131}, "datetime": {"datetime": "2024-04-09 03:00:53", "elapsed": 48.719924, "delta": 3.295942}}
{"target": -126.70389908917974, "params": {"gamma": 1.0050434312613994, "prior": 10.0, "rate": 10.0}, "datetime": {"datetime": "2024-04-09 03:00:57", "elapsed": 52.640497, "delta": 3.920573}}
{"target": -144.04750948335845, "params": {"gamma": 0.001, "prior": 0.1, "rate": 2.3252752197762123}, "datetime": {"datetime": "2024-04-09 03:01:00", "elapsed": 55.219938, "delta": 2.579441}}
