{"target": -119.23493434473966, "params": {"gamma": 0.4755399674225755, "prior": 0.1, "rate": 7.272278144630694}, "datetime": {"datetime": "2024-04-09 03:57:21", "elapsed": 3436.894579, "delta": 14.964876}}
{"target": -118.65448114445255, "params": {"gamma": 0.4641462326768425, "prior": 1.0266253737483184, "rate": 7.601752617459468}, "datetime": {"datetime": "2024-04-09 03:57:29", "elapsed": 3444.519779, "delta": 7.6252}}
{"target": -118.61675929300144, "params": {"gamma": 0.4819125252317563, "prior": 0.801767619315205, "rate": 4.934311790052085}, "datetime": {"datetime": "2024-04-09 03:57:40", "elapsed": 3455.800241, "delta": 11.280462}}
{"target": -118.61521156132349, "params": {"gamma": 0.5003102508658925, "prior": 1.3097516064817567, "rate": 6.345588598639946}, "datetime": {"datetime": "2024-04-09 03:57:50", "elapsed": 3465.264557, "delta": 9.464316}}
{"target": -121.56867842111502, "params": {"gamma": 0.6175487833812978, "prior": 9.056761548206731, "rate": 8.312070673596052}, "datetime": {"datetime": "2024-04-09 03:57:57", "elapsed": 3472.256582, "delta": 6.992025}}
{"target": -118.87336905489101, "params": {"gamma": 0.43191026209344174, "prior": 1.3940868033854625, "rate": 7.346485216259443}, "datetime": {"datetime": "2024-04-09 03:58:08", "elapsed": 3483.986415, "delta": 11.729833}}
{"target": -118.65577986153019, "params": {"gamma": 0.4859626035713591, "prior": 0.25360672453707916, "rate": 1.9424508713671833}, "datetime": {"datetime": "2024-04-09 03:58:15", "elapsed": 3490.613381, "delta": 6.626966}}
{"target": -118.66851613614409, "params": {"gamma": 0.4969704412128918, "prior": 1.110331600844587, "rate": 8.112388044557846}, "datetime": {"datetime": "2024-04-09 03:58:26", "elapsed": 3501.994683, "delta": 11.381302}}
{"target": -118.80089508533999, "params": {"gamma": 0.5181081599790256, "prior": 2.0417370622331465, "rate": 5.877716994079696}, "datetime": {"datetime": "2024-04-09 03:58:31", "elapsed": 3507.17605, "delta": 5.181367}}
{"target": -118.62547584092165, "params": {"gamma": 0.5070450746256373, "prior": 1.6768747308369334, "rate": 8.394284047265053}, "datetime": {"datetime": "2024-04-09 03:58:37", "elapsed": 3512.577238, "delta": 5.401188}}
{"target": -118.72477286651696, "params": {"gamma": 0.469730326295908, "prior": 1.9131984940608877, "rate": 7.654278703190277}, "datetime": {"datetime": "2024-04-09 03:58:44", "elapsed": 3519.482177, "delta": 6.904939}}
{"target": -118.69486001714742, "params": {"gamma": 0.5026905345549028, "prior": 2.617395442535004, "rate": 9.119248068374405}, "datetime": {"datetime": "2024-04-09 03:58:57", "elapsed": 3532.455409, "delta": 12.973232}}
{"target": -118.63463381965687, "params": {"gamma": 0.4738970256747345, "prior": 0.5482649101793152, "rate": 3.8453913095777}, "datetime": {"datetime": "2024-04-09 03:59:01", "elapsed": 3536.986351, "delta": 4.530942}}
{"target": -118.67794875066708, "params": {"gamma": 0.46040100753238894, "prior": 0.7589965029246287, "rate": 6.36310045728061}, "datetime": {"datetime": "2024-04-09 03:59:14", "elapsed": 3549.571066, "delta": 12.584715}}
{"target": -118.65149653519767, "params": {"gamma": 0.4933553714263138, "prior": 1.3974427243866714, "rate": 5.570800466229025}, "datetime": {"datetime": "2024-04-09 03:59:19", "elapsed": 3554.648087, "delta": 5.077021}}
{"target": -118.6102906758972, "params": {"gamma": 0.4900771124668117, "prior": 1.6109706105280348, "rate": 8.93500101709673}, "datetime": {"datetime": "2024-04-09 03:59:31", "elapsed": 3566.819772, "delta": 12.171685}}
{"target": -118.62210590851245, "params": {"gamma": 0.5024521922452438, "prior": 1.2239034967095705, "rate": 6.612429607745045}, "datetime": {"datetime": "2024-04-09 03:59:42", "elapsed": 3577.640119, "delta": 10.820347}}
{"target": -118.62538001559736, "params": {"gamma": 0.47589446844770333, "prior": 0.5843291737137679, "rate": 3.067249856434592}, "datetime": {"datetime": "2024-04-09 03:59:54", "elapsed": 3589.547172, "delta": 11.907053}}
{"target": -118.62352292554267, "params": {"gamma": 0.4973558817583657, "prior": 1.5927885347271298, "rate": 9.407968056786322}, "datetime": {"datetime": "2024-04-09 04:00:01", "elapsed": 3596.514226, "delta": 6.967054}}
{"target": -118.65403927411248, "params": {"gamma": 0.48662655364314694, "prior": 1.2287333419579387, "rate": 9.302357893018916}, "datetime": {"datetime": "2024-04-09 04:00:06", "elapsed": 3602.212158, "delta": 5.697932}}
{"target": -118.69361809950257, "params": {"gamma": 0.5112833724226745, "prior": 1.4574551982656707, "rate": 5.037810054627484}, "datetime": {"datetime": "2024-04-09 04:00:18", "elapsed": 3613.379339, "delta": 11.167181}}
{"target": -118.96229587838117, "params": {"gamma": 0.566773734359306, "prior": 3.5436220122923454, "rate": 9.355616201115831}, "datetime": {"datetime": "2024-04-09 04:00:30", "elapsed": 3625.699493, "delta": 12.320154}}
{"target": -118.6216623609089, "params": {"gamma": 0.5018992841896172, "prior": 1.681285262972388, "rate": 7.544273587863296}, "datetime": {"datetime": "2024-04-09 04:00:35", "elapsed": 3631.125069, "delta": 5.425576}}
{"target": -118.61698749413878, "params": {"gamma": 0.5010630711704014, "prior": 1.68754799206021, "rate": 7.95785018897637}, "datetime": {"datetime": "2024-04-09 04:00:47", "elapsed": 3642.311878, "delta": 11.186809}}
{"target": -118.63117748088456, "params": {"gamma": 0.4841378528955432, "prior": 0.603922517667733, "rate": 4.149443080800514}, "datetime": {"datetime": "2024-04-09 04:01:02", "elapsed": 3658.132135, "delta": 15.820257}}
{"target": -118.78636658143184, "params": {"gamma": 0.5371031887426679, "prior": 2.1112860466704055, "rate": 6.383130233912668}, "datetime": {"datetime": "2024-04-09 04:01:08", "elapsed": 3664.012936, "delta": 5.880801}}
{"target": -118.64734846582093, "params": {"gamma": 0.5149877366558049, "prior": 2.2465356212704464, "rate": 9.26577350869679}, "datetime": {"datetime": "2024-04-09 04:01:18", "elapsed": 3674.069418, "delta": 10.056482}}
{"target": -118.75958535708072, "params": {"gamma": 0.45921208733318775, "prior": 0.6902445022241628, "rate": 8.44939476948487}, "datetime": {"datetime": "2024-04-09 04:01:30", "elapsed": 3685.426713, "delta": 11.357295}}
{"target": -118.63304379566074, "params": {"gamma": 0.4795218015208885, "prior": 0.43170999624767903, "rate": 2.0371960444511}, "datetime": {"datetime": "2024-04-09 04:01:35", "elapsed": 3691.028599, "delta": 5.601886}}
{"target": -118.64685927259342, "params": {"gamma": 0.468618895771488, "prior": 1.063773358973565, "rate": 7.866173073122296}, "datetime": {"datetime": "2024-04-09 04:01:45", "elapsed": 3700.872032, "delta": 9.843433}}
{"target": -118.7552321778862, "params": {"gamma": 0.4863543108229003, "prior": 0.725814180605777, "rate": 7.690559789838468}, "datetime": {"datetime": "2024-04-09 04:01:53", "elapsed": 3708.405724, "delta": 7.533692}}
{"target": -118.67275103568059, "params": {"gamma": 0.4636024891109092, "prior": 1.8135591884304938, "rate": 9.11504987260863}, "datetime": {"datetime": "2024-04-09 04:02:02", "elapsed": 3717.240439, "delta": 8.834715}}
{"target": -118.63069146694376, "params": {"gamma": 0.5077000039989896, "prior": 1.62506034337091, "rate": 8.531068179038812}, "datetime": {"datetime": "2024-04-09 04:02:13", "elapsed": 3728.689109, "delta": 11.44867}}
{"target": -118.82277600008483, "params": {"gamma": 0.5346980944731365, "prior": 3.544597893306269, "rate": 10.0}, "datetime": {"datetime": "2024-04-09 04:02:23", "elapsed": 3739.025522, "delta": 10.336413}}
{"target": -118.86039404486472, "params": {"gamma": 0.525006906475712, "prior": 2.473176679494532, "rate": 6.6028080532252265}, "datetime": {"datetime": "2024-04-09 04:02:40", "elapsed": 3755.2805, "delta": 16.254978}}
{"target": -118.62337429137683, "params": {"gamma": 0.49300559477945155, "prior": 0.9487085678237644, "rate": 5.864804868969999}, "datetime": {"datetime": "2024-04-09 04:02:58", "elapsed": 3773.43431, "delta": 18.15381}}
{"target": -119.46820808711057, "params": {"gamma": 0.5836997888315956, "prior": 3.987721008583203, "rate": 7.013701645503371}, "datetime": {"datetime": "2024-04-09 04:03:03", "elapsed": 3778.994136, "delta": 5.559826}}
{"target": -118.64859477237766, "params": {"gamma": 0.5030934459660824, "prior": 1.20982184526021, "rate": 4.743427635825623}, "datetime": {"datetime": "2024-04-09 04:03:12", "elapsed": 3787.435248, "delta": 8.441112}}
{"target": -118.61959208862044, "params": {"gamma": 0.5005699571512374, "prior": 0.1, "rate": 0.5453095873880536}, "datetime": {"datetime": "2024-04-09 04:03:25", "elapsed": 3801.139591, "delta": 13.704343}}
{"target": -118.60994585586411, "params": {"gamma": 0.48674719111802156, "prior": 0.664217677293927, "rate": 3.618674337928942}, "datetime": {"datetime": "2024-04-09 04:03:41", "elapsed": 3816.78212, "delta": 15.642529}}
{"target": -119.03279570131374, "params": {"gamma": 0.5464414665539185, "prior": 2.1828514819643727, "rate": 4.958962609320705}, "datetime": {"datetime": "2024-04-09 04:03:46", "elapsed": 3821.753008, "delta": 4.970888}}
{"target": -118.91729165984532, "params": {"gamma": 0.4881879484535502, "prior": 0.5870688367463156, "rate": 9.429049011180135}, "datetime": {"datetime": "2024-04-09 04:03:54", "elapsed": 3829.932126, "delta": 8.179118}}
{"target": -118.77999447204071, "params": {"gamma": 0.46159620917177, "prior": 0.32871209794808615, "rate": 4.35053291586739}, "datetime": {"datetime": "2024-04-09 04:04:00", "elapsed": 3835.601272, "delta": 5.669146}}
{"target": -118.6623527534084, "params": {"gamma": 0.47342875606509754, "prior": 0.9761206692397326, "rate": 8.051539264941463}, "datetime": {"datetime": "2024-04-09 04:04:12", "elapsed": 3847.461668, "delta": 11.860396}}
{"target": -118.65145382589043, "params": {"gamma": 0.48347052413363706, "prior": 1.7117271758315609, "rate": 7.243630078549606}, "datetime": {"datetime": "2024-04-09 04:04:21", "elapsed": 3856.713295, "delta": 9.251627}}
{"target": -118.61787293160364, "params": {"gamma": 0.49863086945448454, "prior": 0.961685791816208, "rate": 4.412500327064989}, "datetime": {"datetime": "2024-04-09 04:04:30", "elapsed": 3865.52475, "delta": 8.811455}}
{"target": -118.69032256906017, "params": {"gamma": 0.46363685262077403, "prior": 1.0217991398965125, "rate": 9.432161898244354}, "datetime": {"datetime": "2024-04-09 04:04:38", "elapsed": 3873.749866, "delta": 8.225116}}
{"target": -118.69560313772689, "params": {"gamma": 0.5130835426423694, "prior": 1.8841318870145989, "rate": 6.4854569335878205}, "datetime": {"datetime": "2024-04-09 04:04:44", "elapsed": 3879.625042, "delta": 5.875176}}
{"target": -118.65695234338088, "params": {"gamma": 0.49564763155204083, "prior": 2.3069016546254715, "rate": 8.970148035174056}, "datetime": {"datetime": "2024-04-09 04:04:49", "elapsed": 3884.6106, "delta": 4.985558}}
{"target": -118.72524527448883, "params": {"gamma": 0.5366655747423253, "prior": 1.5148272931331146, "rate": 6.832823274269959}, "datetime": {"datetime": "2024-04-09 04:04:57", "elapsed": 3892.260041, "delta": 7.649441}}
{"target": -118.69943738724595, "params": {"gamma": 0.5325630174825536, "prior": 2.1792022631090227, "rate": 9.08964632576442}, "datetime": {"datetime": "2024-04-09 04:05:09", "elapsed": 3904.384772, "delta": 12.124731}}
{"target": -118.61139278726354, "params": {"gamma": 0.48403294075246955, "prior": 1.3662678331566684, "rate": 7.662245298878599}, "datetime": {"datetime": "2024-04-09 04:05:20", "elapsed": 3915.318475, "delta": 10.933703}}
{"target": -119.20299080563122, "params": {"gamma": 0.5494881826056185, "prior": 3.1973828035929563, "rate": 6.404209226312749}, "datetime": {"datetime": "2024-04-09 04:05:28", "elapsed": 3923.659906, "delta": 8.341431}}
{"target": -118.71840870078996, "params": {"gamma": 0.45361047410937805, "prior": 1.035534883882474, "rate": 5.3159279246135815}, "datetime": {"datetime": "2024-04-09 04:05:37", "elapsed": 3932.422788, "delta": 8.762882}}
{"target": -118.67605506688213, "params": {"gamma": 0.5265034557106119, "prior": 1.9729267358944627, "rate": 8.411094752497746}, "datetime": {"datetime": "2024-04-09 04:05:45", "elapsed": 3940.492672, "delta": 8.069884}}
{"target": -118.66460199983956, "params": {"gamma": 0.5047665000452188, "prior": 1.058326430758178, "rate": 3.944696161380485}, "datetime": {"datetime": "2024-04-09 04:05:51", "elapsed": 3946.623722, "delta": 6.13105}}
{"target": -118.63995899568725, "params": {"gamma": 0.5041253354574148, "prior": 1.7409537368637722, "rate": 7.05317469315121}, "datetime": {"datetime": "2024-04-09 04:05:58", "elapsed": 3953.357792, "delta": 6.73407}}
{"target": -118.7349311984212, "params": {"gamma": 0.4836389872184402, "prior": 0.978411068881905, "rate": 10.0}, "datetime": {"datetime": "2024-04-09 04:06:09", "elapsed": 3965.089348, "delta": 11.731556}}
{"target": -118.61667319215788, "params": {"gamma": 0.4957389511405642, "prior": 1.0855079066948448, "rate": 6.185015607183863}, "datetime": {"datetime": "2024-04-09 04:06:20", "elapsed": 3975.527372, "delta": 10.438024}}
{"target": -118.72656453797138, "params": {"gamma": 0.536591306026939, "prior": 2.3198158530801556, "rate": 8.349385657737079}, "datetime": {"datetime": "2024-04-09 04:06:29", "elapsed": 3984.602559, "delta": 9.075187}}
{"target": -118.65333837741463, "params": {"gamma": 0.49251033665179017, "prior": 2.1094675030358947, "rate": 8.395614384605604}, "datetime": {"datetime": "2024-04-09 04:06:40", "elapsed": 3995.418406, "delta": 10.815847}}
{"target": -118.64384403059384, "params": {"gamma": 0.49445952546778743, "prior": 0.6633702460627905, "rate": 2.696715605205684}, "datetime": {"datetime": "2024-04-09 04:06:47", "elapsed": 4003.034501, "delta": 7.616095}}
{"target": -118.77554943082039, "params": {"gamma": 0.48768367031953747, "prior": 1.9174674097113529, "rate": 6.218527322926152}, "datetime": {"datetime": "2024-04-09 04:07:03", "elapsed": 4018.282169, "delta": 15.247668}}
{"target": -118.64313806703493, "params": {"gamma": 0.515633044032015, "prior": 2.0165311955689447, "rate": 8.904988385723755}, "datetime": {"datetime": "2024-04-09 04:07:09", "elapsed": 4024.547753, "delta": 6.265584}}
{"target": -118.68693827495873, "params": {"gamma": 0.4594380751657382, "prior": 0.3624005845869377, "rate": 1.86259684211474}, "datetime": {"datetime": "2024-04-09 04:07:14", "elapsed": 4029.905636, "delta": 5.357883}}
{"target": -118.74444914295373, "params": {"gamma": 0.5280413227473187, "prior": 2.1360648768609325, "rate": 6.79345015646062}, "datetime": {"datetime": "2024-04-09 04:07:30", "elapsed": 4045.67454, "delta": 15.768904}}
{"target": -119.05909661733428, "params": {"gamma": 0.5347075944249191, "prior": 3.9105417570399084, "rate": 8.67850109903873}, "datetime": {"datetime": "2024-04-09 04:07:37", "elapsed": 4052.980217, "delta": 7.305677}}
{"target": -118.66198978357284, "params": {"gamma": 0.4971621012489244, "prior": 1.9432723350250076, "rate": 7.414390147856613}, "datetime": {"datetime": "2024-04-09 04:07:50", "elapsed": 4065.883112, "delta": 12.902895}}
{"target": -118.97378172109535, "params": {"gamma": 0.5659150471354072, "prior": 2.7160448678751625, "rate": 6.990458099637687}, "datetime": {"datetime": "2024-04-09 04:08:03", "elapsed": 4078.41437, "delta": 12.531258}}
{"target": -118.74213975184982, "params": {"gamma": 0.5087139670466722, "prior": 0.6034501390271899, "rate": 4.771274379621347}, "datetime": {"datetime": "2024-04-09 04:08:15", "elapsed": 4090.456997, "delta": 12.042627}}
{"target": -118.73070163910549, "params": {"gamma": 0.45884698493892845, "prior": 0.6615266978474381, "rate": 7.183703754125503}, "datetime": {"datetime": "2024-04-09 04:08:26", "elapsed": 4102.097234, "delta": 11.640237}}
{"target": -118.65985496924995, "params": {"gamma": 0.4598795864382577, "prior": 0.8025533103681525, "rate": 5.453480162730997}, "datetime": {"datetime": "2024-04-09 04:08:40", "elapsed": 4115.469196, "delta": 13.371962}}
{"target": -119.38777669015788, "params": {"gamma": 0.5636118190391789, "prior": 1.7523698838112742, "rate": 3.156252808075213}, "datetime": {"datetime": "2024-04-09 04:08:45", "elapsed": 4121.074498, "delta": 5.605302}}
{"target": -119.05570412372231, "params": {"gamma": 0.5588462870029436, "prior": 4.324800623584035, "rate": 9.812412526878155}, "datetime": {"datetime": "2024-04-09 04:09:00", "elapsed": 4135.350876, "delta": 14.276378}}
{"target": -118.97624719214105, "params": {"gamma": 0.5273285741379202, "prior": 3.073712413443366, "rate": 7.32198857183415}, "datetime": {"datetime": "2024-04-09 04:09:16", "elapsed": 4151.24348, "delta": 15.892604}}
{"target": -118.77784011950129, "params": {"gamma": 0.5015353339569607, "prior": 2.6486568151413343, "rate": 8.10131418238932}, "datetime": {"datetime": "2024-04-09 04:09:28", "elapsed": 4164.14013, "delta": 12.89665}}
{"target": -119.3325404299259, "params": {"gamma": 0.5843493707209404, "prior": 0.7876294424530483, "rate": 1.5160352355329028}, "datetime": {"datetime": "2024-04-09 04:09:44", "elapsed": 4179.39527, "delta": 15.25514}}
{"target": -119.41798516026938, "params": {"gamma": 0.5845907027268585, "prior": 1.1340009988455206, "rate": 2.060160741396961}, "datetime": {"datetime": "2024-04-09 04:10:04", "elapsed": 4199.887566, "delta": 20.492296}}
{"target": -118.68194394753249, "params": {"gamma": 0.5246147559709841, "prior": 2.5807783579801034, "rate": 9.733743394621525}, "datetime": {"datetime": "2024-04-09 04:10:12", "elapsed": 4207.922066, "delta": 8.0345}}
{"target": -118.64222652488036, "params": {"gamma": 0.4658243785245678, "prior": 1.5205308424139319, "rate": 9.099498936650063}, "datetime": {"datetime": "2024-04-09 04:10:18", "elapsed": 4213.7998, "delta": 5.877734}}
{"target": -118.63507026277372, "params": {"gamma": 0.5112019335718261, "prior": 0.8798505328150232, "rate": 3.829564475227558}, "datetime": {"datetime": "2024-04-09 04:10:23", "elapsed": 4219.000956, "delta": 5.201156}}
{"target": -118.67359773626835, "params": {"gamma": 0.4859749109108617, "prior": 0.9428189009268498, "rate": 7.737918876194843}, "datetime": {"datetime": "2024-04-09 04:10:32", "elapsed": 4228.034818, "delta": 9.033862}}
{"target": -118.7102994116952, "params": {"gamma": 0.5351469814202048, "prior": 1.5476031790774163, "rate": 6.274144026288184}, "datetime": {"datetime": "2024-04-09 04:10:42", "elapsed": 4238.128534, "delta": 10.093716}}
{"target": -118.65165729286524, "params": {"gamma": 0.503003612050834, "prior": 0.1, "rate": 0.638077555057381}, "datetime": {"datetime": "2024-04-09 04:10:52", "elapsed": 4247.967301, "delta": 9.838767}}
{"target": -119.12785911686296, "params": {"gamma": 0.5141792660870853, "prior": 3.7664517827682094, "rate": 8.188789134078515}, "datetime": {"datetime": "2024-04-09 04:11:07", "elapsed": 4262.931834, "delta": 14.964533}}
{"target": -118.67300427237603, "params": {"gamma": 0.48847311702440693, "prior": 2.472058195902777, "rate": 9.543725542724872}, "datetime": {"datetime": "2024-04-09 04:11:17", "elapsed": 4273.000413, "delta": 10.068579}}
{"target": -118.71197732831783, "params": {"gamma": 0.47048069156973776, "prior": 0.5794688447854394, "rate": 5.894949686891187}, "datetime": {"datetime": "2024-04-09 04:11:26", "elapsed": 4281.331959, "delta": 8.331546}}
{"target": -118.75464437706499, "params": {"gamma": 0.5147285469973222, "prior": 2.994116359026024, "rate": 9.228424513155353}, "datetime": {"datetime": "2024-04-09 04:11:34", "elapsed": 4290.187305, "delta": 8.855346}}
{"target": -118.67473979670608, "params": {"gamma": 0.5110163694918, "prior": 1.9452008736970627, "rate": 7.046391412273094}, "datetime": {"datetime": "2024-04-09 04:11:43", "elapsed": 4298.327814, "delta": 8.140509}}
{"target": -118.62066343000087, "params": {"gamma": 0.4932669064476821, "prior": 1.613675708044002, "rate": 9.764809792310752}, "datetime": {"datetime": "2024-04-09 04:11:59", "elapsed": 4314.918748, "delta": 16.590934}}
{"target": -118.62874590479908, "params": {"gamma": 0.5061418235590672, "prior": 1.7327429325246213, "rate": 9.250962006785938}, "datetime": {"datetime": "2024-04-09 04:12:09", "elapsed": 4324.385595, "delta": 9.466847}}
{"target": -118.63991627080833, "params": {"gamma": 0.4822459104173662, "prior": 1.15294897036325, "rate": 8.371825046859305}, "datetime": {"datetime": "2024-04-09 04:12:17", "elapsed": 4332.587173, "delta": 8.201578}}
{"target": -118.629091031992, "params": {"gamma": 0.5071839373734275, "prior": 1.4137695161076727, "rate": 7.3959486039642846}, "datetime": {"datetime": "2024-04-09 04:12:35", "elapsed": 4350.406755, "delta": 17.819582}}
{"target": -118.6813091002473, "params": {"gamma": 0.4540240600538482, "prior": 0.48674881709599027, "rate": 3.287658621015021}, "datetime": {"datetime": "2024-04-09 04:12:44", "elapsed": 4359.480623, "delta": 9.073868}}
{"target": -118.61958154389748, "params": {"gamma": 0.4996549500777345, "prior": 1.4896177693838655, "rate": 8.251243921499801}, "datetime": {"datetime": "2024-04-09 04:12:57", "elapsed": 4372.850188, "delta": 13.369565}}
{"target": -118.65754226548238, "params": {"gamma": 0.5209206033025734, "prior": 2.171959040753929, "rate": 9.575051856077563}, "datetime": {"datetime": "2024-04-09 04:13:07", "elapsed": 4382.402658, "delta": 9.55247}}
{"target": -118.7355844661759, "params": {"gamma": 0.45811407011747607, "prior": 0.8719593620976562, "rate": 9.639120843913437}, "datetime": {"datetime": "2024-04-09 04:13:18", "elapsed": 4394.193396, "delta": 11.790738}}
{"target": -118.68702976665115, "params": {"gamma": 0.4999596503494252, "prior": 0.3722475344972944, "rate": 1.3274405560473712}, "datetime": {"datetime": "2024-04-09 04:13:27", "elapsed": 4403.060057, "delta": 8.866661}}
{"target": -118.62802461352436, "params": {"gamma": 0.47591112003662905, "prior": 1.3590353142161715, "rate": 6.968198538882465}, "datetime": {"datetime": "2024-04-09 04:13:35", "elapsed": 4410.740361, "delta": 7.680304}}
