{"target": -132.4603639762536, "params": {"p_ai": 0.001, "p_al": 0.001, "p_ex": 10.0, "prior": 4.926506907184879, "rate": 5.207738870216203}, "datetime": {"datetime": "2024-03-29 11:23:15", "elapsed": 3204.218324, "delta": 9.167028}}
{"target": -140.0907204691075, "params": {"p_ai": 0.001, "p_al": 10.0, "p_ex": 0.001, "prior": 10.0, "rate": 10.0}, "datetime": {"datetime": "2024-03-29 11:23:24", "elapsed": 3213.463465, "delta": 9.245141}}
{"target": -95.71663583335045, "params": {"p_ai": 0.001, "p_al": 10.0, "p_ex": 5.135163326160265, "prior": 1.172635112294516, "rate": 8.368503488388887}, "datetime": {"datetime": "2024-03-29 11:23:34", "elapsed": 3223.283277, "delta": 9.819812}}
{"target": -2392.1705497632774, "params": {"p_ai": 0.001, "p_al": 1.9514164528101774, "p_ex": 0.001, "prior": 0.001, "rate": 10.0}, "datetime": {"datetime": "2024-03-29 11:23:50", "elapsed": 3240.013878, "delta": 16.730601}}
{"target": -65.30370845554837, "params": {"p_ai": 2.0445521183095012, "p_al": 4.369137777596897, "p_ex": 3.475892056428236, "prior": 1.0627393225428179, "rate": 9.262103353300628}, "datetime": {"datetime": "2024-03-29 11:24:00", "elapsed": 3249.681743, "delta": 9.667865}}
{"target": -199.24521315924213, "params": {"p_ai": 0.001, "p_al": 0.001, "p_ex": 5.683509303764904, "prior": 10.0, "rate": 0.001}, "datetime": {"datetime": "2024-03-29 11:24:09", "elapsed": 3258.578565, "delta": 8.896822}}
{"target": -83.26702363513418, "params": {"p_ai": 10.0, "p_al": 0.001, "p_ex": 0.001, "prior": 4.201959184620673, "rate": 0.001}, "datetime": {"datetime": "2024-03-29 11:24:25", "elapsed": 3274.160892, "delta": 15.582327}}
{"target": -97.03446870472577, "params": {"p_ai": 0.09402382678320877, "p_al": 4.998054094361485, "p_ex": 3.8320285998769945, "prior": 0.6599689539775868, "rate": 7.149150799840096}, "datetime": {"datetime": "2024-03-29 11:24:36", "elapsed": 3286.087107, "delta": 11.926215}}
{"target": -86.49675682262541, "params": {"p_ai": 4.813895517507758, "p_al": 0.1229013529829405, "p_ex": 0.15544702815079275, "prior": 0.5310581532917893, "rate": 8.023915311703648}, "datetime": {"datetime": "2024-03-29 11:24:45", "elapsed": 3294.391168, "delta": 8.304061}}
{"target": -89.25654922358434, "params": {"p_ai": 1.9035744438749087, "p_al": 0.001, "p_ex": 1.144124252513218, "prior": 2.9372677697442784, "rate": 8.0922604864864}, "datetime": {"datetime": "2024-03-29 11:24:53", "elapsed": 3302.568801, "delta": 8.177633}}
{"target": -110.65510455130135, "params": {"p_ai": 4.591440322751821, "p_al": 10.0, "p_ex": 10.0, "prior": 6.209028094697866, "rate": 0.001}, "datetime": {"datetime": "2024-03-29 11:25:03", "elapsed": 3312.133299, "delta": 9.564498}}
{"target": -70.10805184126463, "params": {"p_ai": 1.5361014419436807, "p_al": 0.0030464482259430583, "p_ex": 3.679631830100696, "prior": 0.3374656281140266, "rate": 2.9524095600144546}, "datetime": {"datetime": "2024-03-29 11:25:12", "elapsed": 3321.160005, "delta": 9.026706}}
{"target": -100.93583207806944, "params": {"p_ai": 10.0, "p_al": 10.0, "p_ex": 0.001, "prior": 3.485427737572933, "rate": 8.482065509837346}, "datetime": {"datetime": "2024-03-29 11:25:22", "elapsed": 3331.346704, "delta": 10.186699}}
{"target": -100.78285878155869, "params": {"p_ai": 2.9434170536178126, "p_al": 10.0, "p_ex": 2.3989313166305877, "prior": 10.0, "rate": 0.001}, "datetime": {"datetime": "2024-03-29 11:25:34", "elapsed": 3343.349412, "delta": 12.002708}}
{"target": -123.64954698167085, "params": {"p_ai": 10.0, "p_al": 10.0, "p_ex": 10.0, "prior": 4.281897424944591, "rate": 0.001}, "datetime": {"datetime": "2024-03-29 11:25:49", "elapsed": 3358.799064, "delta": 15.449652}}
{"target": -134.95280425920043, "params": {"p_ai": 0.001, "p_al": 10.0, "p_ex": 10.0, "prior": 5.96219250418294, "rate": 4.37670775378255}, "datetime": {"datetime": "2024-03-29 11:25:59", "elapsed": 3368.586467, "delta": 9.787403}}
{"target": -140.09088757925946, "params": {"p_ai": 0.001, "p_al": 0.001, "p_ex": 0.001, "prior": 0.001, "rate": 0.001}, "datetime": {"datetime": "2024-03-29 11:26:12", "elapsed": 3381.981385, "delta": 13.394918}}
{"target": -146.2171847206276, "params": {"p_ai": 0.001, "p_al": 0.001, "p_ex": 0.001, "prior": 10.0, "rate": 5.085235734796222}, "datetime": {"datetime": "2024-03-29 11:26:35", "elapsed": 3404.781715, "delta": 22.80033}}
{"target": -138.27318734144353, "params": {"p_ai": 0.001, "p_al": 10.0, "p_ex": 0.001, "prior": 6.676356398980583, "rate": 5.015252302749102}, "datetime": {"datetime": "2024-03-29 11:26:53", "elapsed": 3422.451387, "delta": 17.669672}}
{"target": -80.24038105982119, "params": {"p_ai": 1.7535326023687798, "p_al": 10.0, "p_ex": 4.700969860734183, "prior": 10.0, "rate": 10.0}, "datetime": {"datetime": "2024-03-29 11:27:05", "elapsed": 3434.312421, "delta": 11.861034}}
{"target": -89.09134559022179, "params": {"p_ai": 10.0, "p_al": 6.685191786136025, "p_ex": 0.001, "prior": 10.0, "rate": 6.375419372748174}, "datetime": {"datetime": "2024-03-29 11:27:27", "elapsed": 3456.665144, "delta": 22.352723}}
{"target": -1108.1143330117281, "params": {"p_ai": 0.001, "p_al": 2.3126263368675297, "p_ex": 10.0, "prior": 0.001, "rate": 10.0}, "datetime": {"datetime": "2024-03-29 11:27:36", "elapsed": 3465.258356, "delta": 8.593212}}
{"target": -1455.5505329467637, "params": {"p_ai": 10.0, "p_al": 5.521258028129272, "p_ex": 2.1601043253352894, "prior": 0.001, "rate": 4.3587028826528575}, "datetime": {"datetime": "2024-03-29 11:27:53", "elapsed": 3482.263174, "delta": 17.004818}}
{"target": -1648.0835437183662, "params": {"p_ai": 0.001, "p_al": 4.204040021947842, "p_ex": 5.586139351636191, "prior": 0.001, "rate": 9.005249731861259}, "datetime": {"datetime": "2024-03-29 11:28:01", "elapsed": 3491.0363, "delta": 8.773126}}
{"target": -110.57154874413435, "params": {"p_ai": 0.009604918580785441, "p_al": 5.72675785129299, "p_ex": 2.7062603460173196, "prior": 2.0709305567479426, "rate": 7.326259390666879}, "datetime": {"datetime": "2024-03-29 11:28:16", "elapsed": 3505.848833, "delta": 14.812533}}
{"target": -67.80874600781307, "params": {"p_ai": 2.568046840634582, "p_al": 3.6677877104018886, "p_ex": 2.67291407743751, "prior": 2.10351790278064, "rate": 8.054414451768679}, "datetime": {"datetime": "2024-03-29 11:28:33", "elapsed": 3522.377585, "delta": 16.528752}}
{"target": -104.86242113689008, "params": {"p_ai": 9.751583229240708, "p_al": 9.001500817947703, "p_ex": 0.17521292944512987, "prior": 1.9970171951602393, "rate": 6.443142168836028}, "datetime": {"datetime": "2024-03-29 11:28:54", "elapsed": 3543.206729, "delta": 20.829144}}
{"target": -88.36302057966483, "params": {"p_ai": 9.912770268739465, "p_al": 5.325543470863379, "p_ex": 0.24842851844160593, "prior": 6.06612845874365, "rate": 3.7507623456387917}, "datetime": {"datetime": "2024-03-29 11:29:11", "elapsed": 3560.531146, "delta": 17.324417}}
{"target": -64.91965744523671, "params": {"p_ai": 1.9604868126173136, "p_al": 2.6870257186755397, "p_ex": 8.555922036351541, "prior": 1.4561794657826996, "rate": 7.984052529999793}, "datetime": {"datetime": "2024-03-29 11:29:31", "elapsed": 3580.621181, "delta": 20.090035}}
{"target": -70.21508459561801, "params": {"p_ai": 1.5534907659365076, "p_al": 3.4482775543148083, "p_ex": 7.792869196930574, "prior": 2.842947581930574, "rate": 10.0}, "datetime": {"datetime": "2024-03-29 11:29:46", "elapsed": 3595.513266, "delta": 14.892085}}
{"target": -86.80272420467372, "params": {"p_ai": 8.276350547128446, "p_al": 1.979672594177617, "p_ex": 0.244348630263703, "prior": 1.2435188784728866, "rate": 4.832024464376312}, "datetime": {"datetime": "2024-03-29 11:30:04", "elapsed": 3613.361992, "delta": 17.848726}}
{"target": -89.85678278384272, "params": {"p_ai": 3.9468646214381065, "p_al": 3.350783237315364, "p_ex": 0.001, "prior": 7.420387775462093, "rate": 0.001}, "datetime": {"datetime": "2024-03-29 11:30:18", "elapsed": 3627.879789, "delta": 14.517797}}
{"target": -126.19525192166901, "params": {"p_ai": 3.129473748293043, "p_al": 0.001, "p_ex": 10.0, "prior": 3.145168275314124, "rate": 0.001}, "datetime": {"datetime": "2024-03-29 11:30:28", "elapsed": 3638.073813, "delta": 10.194024}}
{"target": -250.72829759053548, "params": {"p_ai": 0.001, "p_al": 0.001, "p_ex": 10.0, "prior": 10.0, "rate": 0.001}, "datetime": {"datetime": "2024-03-29 11:30:38", "elapsed": 3647.758007, "delta": 9.684194}}
{"target": -63.47502225824403, "params": {"p_ai": 3.862208074283782, "p_al": 0.001, "p_ex": 10.0, "prior": 0.001, "rate": 10.0}, "datetime": {"datetime": "2024-03-29 11:30:54", "elapsed": 3663.384809, "delta": 15.626802}}
{"target": -89.48873324680025, "params": {"p_ai": 0.5771924587760014, "p_al": 0.22216886280171474, "p_ex": 5.8002650699151985, "prior": 3.2540491897828283, "rate": 9.607729622058162}, "datetime": {"datetime": "2024-03-29 11:31:12", "elapsed": 3681.200647, "delta": 17.815838}}
{"target": -94.12215172665175, "params": {"p_ai": 3.4004164980112415, "p_al": 3.0737678910833455, "p_ex": 0.001, "prior": 5.739737427650843, "rate": 10.0}, "datetime": {"datetime": "2024-03-29 11:31:22", "elapsed": 3691.2408, "delta": 10.040153}}
{"target": -89.45357280158655, "params": {"p_ai": 10.0, "p_al": 2.3539860717056347, "p_ex": 0.001, "prior": 3.2874137060100255, "rate": 2.3818315048424545}, "datetime": {"datetime": "2024-03-29 11:31:39", "elapsed": 3708.913086, "delta": 17.672286}}
{"target": -119.18446572908881, "params": {"p_ai": 0.001, "p_al": 0.001, "p_ex": 2.405014296489234, "prior": 4.916930939381375, "rate": 10.0}, "datetime": {"datetime": "2024-03-29 11:31:49", "elapsed": 3718.764714, "delta": 9.851628}}
{"target": -115.24238039141589, "params": {"p_ai": 0.001, "p_al": 0.001, "p_ex": 7.648095226357701, "prior": 6.150525965945039, "rate": 10.0}, "datetime": {"datetime": "2024-03-29 11:31:59", "elapsed": 3728.436698, "delta": 9.671984}}
{"target": -83.61219799993741, "params": {"p_ai": 10.0, "p_al": 0.001, "p_ex": 10.0, "prior": 10.0, "rate": 0.001}, "datetime": {"datetime": "2024-03-29 11:32:14", "elapsed": 3743.586478, "delta": 15.14978}}
{"target": -1065.4860048111632, "params": {"p_ai": 0.001, "p_al": 3.4872057587320215, "p_ex": 6.634541024383544, "prior": 0.001, "rate": 0.001}, "datetime": {"datetime": "2024-03-29 11:32:28", "elapsed": 3757.843785, "delta": 14.257307}}
{"target": -93.40434582454859, "params": {"p_ai": 6.582812005891465, "p_al": 10.0, "p_ex": 3.6046003162132494, "prior": 10.0, "rate": 0.001}, "datetime": {"datetime": "2024-03-29 11:32:44", "elapsed": 3773.224541, "delta": 15.380756}}
{"target": -113.51131514653522, "params": {"p_ai": 0.001, "p_al": 3.223453480342505, "p_ex": 10.0, "prior": 2.172096548499334, "rate": 3.6482995816340953}, "datetime": {"datetime": "2024-03-29 11:32:53", "elapsed": 3783.073791, "delta": 9.84925}}
{"target": -83.2597252089648, "params": {"p_ai": 10.0, "p_al": 0.001, "p_ex": 7.610360486241889, "prior": 1.1690770487129523, "rate": 0.001}, "datetime": {"datetime": "2024-03-29 11:33:04", "elapsed": 3793.24512, "delta": 10.171329}}
{"target": -86.21619341061782, "params": {"p_ai": 10.0, "p_al": 3.2850061259483874, "p_ex": 7.372806829392093, "prior": 6.704122164426024, "rate": 0.001}, "datetime": {"datetime": "2024-03-29 11:33:18", "elapsed": 3807.650994, "delta": 14.405874}}
{"target": -69.74509552359116, "params": {"p_ai": 2.0457902164980815, "p_al": 0.001, "p_ex": 10.0, "prior": 0.001, "rate": 2.964572151590798}, "datetime": {"datetime": "2024-03-29 11:33:28", "elapsed": 3817.653704, "delta": 10.00271}}
{"target": -91.82382804102174, "params": {"p_ai": 0.7324017039749173, "p_al": 0.0649483606044111, "p_ex": 6.511852624800648, "prior": 1.5789066351238854, "rate": 2.9267772127292457}, "datetime": {"datetime": "2024-03-29 11:33:37", "elapsed": 3826.958866, "delta": 9.305162}}
{"target": -102.35923970182398, "params": {"p_ai": 0.251066194454141, "p_al": 7.597345114009852, "p_ex": 4.937308405157462, "prior": 5.8252940281053345, "rate": 9.884118661570646}, "datetime": {"datetime": "2024-03-29 11:33:48", "elapsed": 3837.889773, "delta": 10.930907}}
{"target": -94.38782909770433, "params": {"p_ai": 3.461568757632665, "p_al": 6.693242468368107, "p_ex": 0.001, "prior": 10.0, "rate": 10.0}, "datetime": {"datetime": "2024-03-29 11:33:58", "elapsed": 3848.039081, "delta": 10.149308}}
{"target": -83.26680468623196, "params": {"p_ai": 10.0, "p_al": 0.001, "p_ex": 0.001, "prior": 7.199822387278753, "rate": 0.001}, "datetime": {"datetime": "2024-03-29 11:34:13", "elapsed": 3862.556351, "delta": 14.51727}}
{"target": -87.30123070470263, "params": {"p_ai": 4.726602937182287, "p_al": 0.001, "p_ex": 0.001, "prior": 6.266000191305057, "rate": 3.222599652313003}, "datetime": {"datetime": "2024-03-29 11:34:29", "elapsed": 3879.109804, "delta": 16.553453}}
{"target": -85.02113341929952, "params": {"p_ai": 10.0, "p_al": 0.001, "p_ex": 0.001, "prior": 10.0, "rate": 7.069863756830212}, "datetime": {"datetime": "2024-03-29 11:34:40", "elapsed": 3890.055704, "delta": 10.9459}}
{"target": -84.24902866051073, "params": {"p_ai": 6.400449040661859, "p_al": 0.001, "p_ex": 0.001, "prior": 5.510215714046173, "rate": 0.001}, "datetime": {"datetime": "2024-03-29 11:34:51", "elapsed": 3900.510547, "delta": 10.454843}}
{"target": -85.46708969153966, "params": {"p_ai": 10.0, "p_al": 4.022691885574218, "p_ex": 7.128740000405294, "prior": 10.0, "rate": 0.001}, "datetime": {"datetime": "2024-03-29 11:35:02", "elapsed": 3911.586328, "delta": 11.075781}}
{"target": -89.92820836462754, "params": {"p_ai": 10.0, "p_al": 0.001, "p_ex": 0.001, "prior": 0.001, "rate": 2.9138577540771338}, "datetime": {"datetime": "2024-03-29 11:35:16", "elapsed": 3925.924037, "delta": 14.337709}}
{"target": -103.17757947727574, "params": {"p_ai": 0.001, "p_al": 6.2458290036850626, "p_ex": 7.835633400826194, "prior": 4.073106016109283, "rate": 10.0}, "datetime": {"datetime": "2024-03-29 11:35:31", "elapsed": 3940.756734, "delta": 14.832697}}
{"target": -90.19053248816218, "params": {"p_ai": 5.065046097232801, "p_al": 0.001, "p_ex": 5.927311278825559, "prior": 10.0, "rate": 0.001}, "datetime": {"datetime": "2024-03-29 11:35:45", "elapsed": 3954.832643, "delta": 14.075909}}
{"target": -88.44712385994788, "params": {"p_ai": 7.229707087341233, "p_al": 4.959606493878316, "p_ex": 0.001, "prior": 7.283742267057067, "rate": 0.001}, "datetime": {"datetime": "2024-03-29 11:36:02", "elapsed": 3971.514213, "delta": 16.68157}}
{"target": -98.06027797106529, "params": {"p_ai": 0.001, "p_al": 0.001, "p_ex": 7.036909327915033, "prior": 1.342233755814726, "rate": 7.434167851801425}, "datetime": {"datetime": "2024-03-29 11:36:12", "elapsed": 3982.083506, "delta": 10.569293}}
{"target": -160.62122526590804, "params": {"p_ai": 0.001, "p_al": 0.001, "p_ex": 10.0, "prior": 3.1988912733085595, "rate": 1.5471383527784826}, "datetime": {"datetime": "2024-03-29 11:36:26", "elapsed": 3995.621565, "delta": 13.538059}}
{"target": -95.79996351924366, "params": {"p_ai": 7.64557796585257, "p_al": 5.407292539858621, "p_ex": 0.001, "prior": 3.345309500536885, "rate": 3.8559113202745445}, "datetime": {"datetime": "2024-03-29 11:36:36", "elapsed": 4005.506021, "delta": 9.884456}}
{"target": -63.07028433162754, "params": {"p_ai": 2.5178120891860325, "p_al": 0.001, "p_ex": 8.617361071137282, "prior": 0.001, "rate": 7.7806683403153505}, "datetime": {"datetime": "2024-03-29 11:36:51", "elapsed": 4020.426379, "delta": 14.920358}}
{"target": -50.205901681473264, "params": {"p_ai": 9.869681448823137, "p_al": 4.447490133635159, "p_ex": 5.293019309981837, "prior": 1.0744219378829174, "rate": 6.461037276009721}, "datetime": {"datetime": "2024-03-29 11:37:07", "elapsed": 4036.496317, "delta": 16.069938}}
{"target": -116.71556786448083, "params": {"p_ai": 10.0, "p_al": 7.278493586918332, "p_ex": 7.591490203868613, "prior": 3.4827328722188295, "rate": 0.001}, "datetime": {"datetime": "2024-03-29 11:37:26", "elapsed": 4055.800122, "delta": 19.303805}}
{"target": -139.65378285506367, "params": {"p_ai": 0.001, "p_al": 6.992187991027392, "p_ex": 0.001, "prior": 10.0, "rate": 5.467252188637266}, "datetime": {"datetime": "2024-03-29 11:37:36", "elapsed": 4065.741604, "delta": 9.941482}}
{"target": -89.13829161939634, "params": {"p_ai": 10.0, "p_al": 6.937200589598276, "p_ex": 0.001, "prior": 10.0, "rate": 2.10593148056357}, "datetime": {"datetime": "2024-03-29 11:37:48", "elapsed": 4077.567861, "delta": 11.826257}}
{"target": -153.38283254649696, "params": {"p_ai": 0.001, "p_al": 10.0, "p_ex": 4.013767500025498, "prior": 10.0, "rate": 0.001}, "datetime": {"datetime": "2024-03-29 11:38:10", "elapsed": 4099.574271, "delta": 22.00641}}
{"target": -71.51216549094389, "params": {"p_ai": 3.7279779197999776, "p_al": 10.0, "p_ex": 10.0, "prior": 5.877310039121033, "rate": 3.097389341291252}, "datetime": {"datetime": "2024-03-29 11:38:30", "elapsed": 4119.34302, "delta": 19.768749}}
{"target": -80.0909136047217, "params": {"p_ai": 10.0, "p_al": 10.0, "p_ex": 2.722386866006301, "prior": 5.987262125736042, "rate": 2.9276850021677734}, "datetime": {"datetime": "2024-03-29 11:38:40", "elapsed": 4129.706538, "delta": 10.363518}}
{"target": -86.06589822439348, "params": {"p_ai": 7.635743657324264, "p_al": 1.7477727853801852, "p_ex": 10.0, "prior": 7.716790777341197, "rate": 0.001}, "datetime": {"datetime": "2024-03-29 11:38:51", "elapsed": 4141.055325, "delta": 11.348787}}
{"target": -86.21770624094326, "params": {"p_ai": 7.017984515981266, "p_al": 2.03704397455869, "p_ex": 8.060193498218283, "prior": 10.0, "rate": 0.001}, "datetime": {"datetime": "2024-03-29 11:39:02", "elapsed": 4151.63357, "delta": 10.578245}}
{"target": -952.276869887713, "params": {"p_ai": 2.2205862958518, "p_al": 3.242858540245473, "p_ex": 10.0, "prior": 0.001, "rate": 3.5433775461823944}, "datetime": {"datetime": "2024-03-29 11:39:13", "elapsed": 4162.855435, "delta": 11.221865}}
{"target": -128.493441579325, "params": {"p_ai": 0.001, "p_al": 5.40004724590157, "p_ex": 10.0, "prior": 4.154054345846289, "rate": 3.996359840512574}, "datetime": {"datetime": "2024-03-29 11:39:24", "elapsed": 4173.269417, "delta": 10.413982}}
{"target": -97.27307257929742, "params": {"p_ai": 0.001, "p_al": 7.011360414342157, "p_ex": 8.576651152984878, "prior": 2.1230702632455207, "rate": 6.942185426870657}, "datetime": {"datetime": "2024-03-29 11:39:43", "elapsed": 4192.53997, "delta": 19.270553}}
{"target": -87.73317877852215, "params": {"p_ai": 4.838179404212167, "p_al": 0.001, "p_ex": 0.001, "prior": 5.504994668850709, "rate": 6.662048660099256}, "datetime": {"datetime": "2024-03-29 11:39:59", "elapsed": 4208.416268, "delta": 15.876298}}
{"target": -89.24932750131877, "params": {"p_ai": 6.901792313942065, "p_al": 7.144700954546051, "p_ex": 0.001, "prior": 10.0, "rate": 10.0}, "datetime": {"datetime": "2024-03-29 11:40:14", "elapsed": 4223.693546, "delta": 15.277278}}
{"target": -67.43369555920228, "params": {"p_ai": 3.666158412701068, "p_al": 5.764653934190952, "p_ex": 5.801708343578853, "prior": 0.2844982298789818, "rate": 3.111198215399814}, "datetime": {"datetime": "2024-03-29 11:40:36", "elapsed": 4245.690391, "delta": 21.996845}}
{"target": -88.26245295946867, "params": {"p_ai": 5.693102830338515, "p_al": 5.976590082904031, "p_ex": 0.001, "prior": 10.0, "rate": 0.001}, "datetime": {"datetime": "2024-03-29 11:40:52", "elapsed": 4262.073494, "delta": 16.383103}}
{"target": -84.54307580708075, "params": {"p_ai": 1.450751220582714, "p_al": 5.748826413668942, "p_ex": 5.469119654633037, "prior": 10.0, "rate": 10.0}, "datetime": {"datetime": "2024-03-29 11:41:07", "elapsed": 4276.353809, "delta": 14.280315}}
{"target": -111.03620648247644, "params": {"p_ai": 0.001, "p_al": 10.0, "p_ex": 3.4627478070200666, "prior": 2.003842155684798, "rate": 5.560423798447413}, "datetime": {"datetime": "2024-03-29 11:41:18", "elapsed": 4287.219644, "delta": 10.865835}}
{"target": -97.35367467269283, "params": {"p_ai": 0.752399913878059, "p_al": 5.446631187130524, "p_ex": 2.4165903166419946, "prior": 0.517511379862793, "rate": 7.943788620514416}, "datetime": {"datetime": "2024-03-29 11:41:28", "elapsed": 4297.402211, "delta": 10.182567}}
{"target": -87.84329419914482, "params": {"p_ai": 4.573622282403358, "p_al": 0.001, "p_ex": 0.001, "prior": 10.0, "rate": 6.715151630246298}, "datetime": {"datetime": "2024-03-29 11:41:39", "elapsed": 4308.142544, "delta": 10.740333}}
{"target": -190.66645582715233, "params": {"p_ai": 0.001, "p_al": 10.0, "p_ex": 10.0, "prior": 5.533258669509294, "rate": 0.001}, "datetime": {"datetime": "2024-03-29 11:41:55", "elapsed": 4324.502054, "delta": 16.35951}}
{"target": -59.91156364988616, "params": {"p_ai": 5.8276581957760705, "p_al": 7.581817360601859, "p_ex": 10.0, "prior": 0.5502761429737707, "rate": 10.0}, "datetime": {"datetime": "2024-03-29 11:42:12", "elapsed": 4341.803439, "delta": 17.301385}}
{"target": -85.52747668902215, "params": {"p_ai": 10.0, "p_al": 4.212699903285676, "p_ex": 3.0165734091698524, "prior": 10.0, "rate": 0.001}, "datetime": {"datetime": "2024-03-29 11:42:24", "elapsed": 4353.351894, "delta": 11.548455}}
{"target": -71.631290966941, "params": {"p_ai": 3.9594764593940392, "p_al": 10.0, "p_ex": 10.0, "prior": 10.0, "rate": 4.009928073778187}, "datetime": {"datetime": "2024-03-29 11:42:35", "elapsed": 4364.915596, "delta": 11.563702}}
{"target": -86.21910937587234, "params": {"p_ai": 10.0, "p_al": 2.7752304257053813, "p_ex": 3.856956758112271, "prior": 5.561348275345385, "rate": 0.001}, "datetime": {"datetime": "2024-03-29 11:42:46", "elapsed": 4375.758208, "delta": 10.842612}}
{"target": -89.93332618442466, "params": {"p_ai": 10.0, "p_al": 0.001, "p_ex": 0.001, "prior": 0.001, "rate": 10.0}, "datetime": {"datetime": "2024-03-29 11:43:02", "elapsed": 4391.560777, "delta": 15.802569}}
{"target": -136.83567168722976, "params": {"p_ai": 1.1302204676883354, "p_al": 0.001, "p_ex": 3.3933773927170505, "prior": 1.942262733269498, "rate": 0.001}, "datetime": {"datetime": "2024-03-29 11:43:18", "elapsed": 4407.543618, "delta": 15.982841}}
