{"target": -135.15241254149956, "params": {"gamma": 0.3190696730602441, "prior": 1.374712971862367, "rate": 8.892788223541501}, "datetime": {"datetime": "2024-04-12 21:17:11", "elapsed": 4428.108751, "delta": 10.212095}}
{"target": -135.13179347509322, "params": {"gamma": 0.30395260309818345, "prior": 0.5937122703951686, "rate": 6.194200022903888}, "datetime": {"datetime": "2024-04-12 21:17:20", "elapsed": 4436.971952, "delta": 8.863201}}
{"target": -135.11600852483016, "params": {"gamma": 0.31688918792963283, "prior": 1.162790857800827, "rate": 9.935481880946803}, "datetime": {"datetime": "2024-04-12 21:17:26", "elapsed": 4443.099488, "delta": 6.127536}}
{"target": -135.122340337271, "params": {"gamma": 0.3112012340629687, "prior": 1.0063752803547732, "rate": 10.0}, "datetime": {"datetime": "2024-04-12 21:17:43", "elapsed": 4459.932753, "delta": 16.833265}}
{"target": -135.11902289060845, "params": {"gamma": 0.32250231297068305, "prior": 1.0923216142197387, "rate": 8.979086210072172}, "datetime": {"datetime": "2024-04-12 21:17:56", "elapsed": 4473.620136, "delta": 13.687383}}
{"target": -135.12440716205984, "params": {"gamma": 0.31766511490410254, "prior": 0.5780665437554998, "rate": 4.308231760613064}, "datetime": {"datetime": "2024-04-12 21:18:12", "elapsed": 4489.710135, "delta": 16.089999}}
{"target": -135.1240394825745, "params": {"gamma": 0.3163170748760092, "prior": 0.4183389776609733, "rate": 4.163267064254932}, "datetime": {"datetime": "2024-04-12 21:18:24", "elapsed": 4501.572253, "delta": 11.862118}}
{"target": -135.22878740657333, "params": {"gamma": 0.3514647291448085, "prior": 0.4657716564504333, "rate": 2.6905797438244865}, "datetime": {"datetime": "2024-04-12 21:18:38", "elapsed": 4515.472958, "delta": 13.900705}}
{"target": -135.12136577541358, "params": {"gamma": 0.3243161873489988, "prior": 1.2028247416777509, "rate": 9.529612599807592}, "datetime": {"datetime": "2024-04-12 21:18:55", "elapsed": 4532.621714, "delta": 17.148756}}
{"target": -135.11858392548424, "params": {"gamma": 0.3148973150694713, "prior": 0.9628019715971902, "rate": 7.811991670509227}, "datetime": {"datetime": "2024-04-12 21:19:07", "elapsed": 4544.675032, "delta": 12.053318}}
{"target": -135.1818273141849, "params": {"gamma": 0.3448775531251407, "prior": 1.0218729063622307, "rate": 6.506169401650837}, "datetime": {"datetime": "2024-04-12 21:19:22", "elapsed": 4559.33487, "delta": 14.659838}}
{"target": -135.20641529869326, "params": {"gamma": 0.3532613856424438, "prior": 0.34441665158481216, "rate": 2.4783655921120795}, "datetime": {"datetime": "2024-04-12 21:19:30", "elapsed": 4567.627734, "delta": 8.292864}}
{"target": -135.19674960093496, "params": {"gamma": 0.2946952572287824, "prior": 0.5656111556675298, "rate": 8.122346397864769}, "datetime": {"datetime": "2024-04-12 21:19:47", "elapsed": 4584.084455, "delta": 16.456721}}
{"target": -135.18225735035665, "params": {"gamma": 0.286283599304164, "prior": 0.5656452273226459, "rate": 6.005073516607846}, "datetime": {"datetime": "2024-04-12 21:19:57", "elapsed": 4594.294598, "delta": 10.210143}}
{"target": -135.12857385139944, "params": {"gamma": 0.3261790598672672, "prior": 0.8540340606284956, "rate": 6.142629553961855}, "datetime": {"datetime": "2024-04-12 21:20:11", "elapsed": 4607.835251, "delta": 13.540653}}
{"target": -135.13635613511417, "params": {"gamma": 0.32228381812351514, "prior": 0.7219377751667543, "rate": 7.3939431774404385}, "datetime": {"datetime": "2024-04-12 21:20:27", "elapsed": 4624.637186, "delta": 16.801935}}
{"target": -135.12968441633765, "params": {"gamma": 0.3168443178507011, "prior": 0.5842987768201875, "rate": 4.196297244256646}, "datetime": {"datetime": "2024-04-12 21:20:37", "elapsed": 4634.73947, "delta": 10.102284}}
{"target": -135.17176331555788, "params": {"gamma": 0.33589940453227785, "prior": 0.4628254477885724, "rate": 4.5987965314601045}, "datetime": {"datetime": "2024-04-12 21:20:49", "elapsed": 4646.137929, "delta": 11.398459}}
{"target": -135.12269103322154, "params": {"gamma": 0.325204397690779, "prior": 0.6779655642976509, "rate": 5.849830117294781}, "datetime": {"datetime": "2024-04-12 21:20:59", "elapsed": 4656.245202, "delta": 10.107273}}
{"target": -135.16175299084605, "params": {"gamma": 0.29255510701705306, "prior": 0.41724071693772546, "rate": 3.7095807042634403}, "datetime": {"datetime": "2024-04-12 21:21:11", "elapsed": 4668.34045, "delta": 12.095248}}
{"target": -135.13388733041776, "params": {"gamma": 0.332341026559282, "prior": 1.0310140537157626, "rate": 7.952663498131916}, "datetime": {"datetime": "2024-04-12 21:21:22", "elapsed": 4678.874106, "delta": 10.533656}}
{"target": -135.17387938957646, "params": {"gamma": 0.2900012561688026, "prior": 0.6320332286625632, "rate": 7.434983395893614}, "datetime": {"datetime": "2024-04-12 21:21:37", "elapsed": 4693.78509, "delta": 14.910984}}
{"target": -135.13295205403568, "params": {"gamma": 0.32966431006408, "prior": 1.329685681758703, "rate": 9.436265207551944}, "datetime": {"datetime": "2024-04-12 21:21:45", "elapsed": 4701.910736, "delta": 8.125646}}
{"target": -135.17082870333516, "params": {"gamma": 0.34447411496800784, "prior": 0.8319798518311683, "rate": 6.369834613190332}, "datetime": {"datetime": "2024-04-12 21:22:02", "elapsed": 4718.837538, "delta": 16.926802}}
{"target": -135.14229401751294, "params": {"gamma": 0.30352188742685077, "prior": 0.7290357655341736, "rate": 8.31142957634044}, "datetime": {"datetime": "2024-04-12 21:22:16", "elapsed": 4733.029679, "delta": 14.192141}}
{"target": -135.12203889858276, "params": {"gamma": 0.32072623502106173, "prior": 0.6976090627421493, "rate": 6.5767600089198}, "datetime": {"datetime": "2024-04-12 21:22:26", "elapsed": 4742.781882, "delta": 9.752203}}
{"target": -135.20855922465094, "params": {"gamma": 0.29093378884392734, "prior": 0.24527594195977948, "rate": 3.604218601205238}, "datetime": {"datetime": "2024-04-12 21:22:40", "elapsed": 4756.849093, "delta": 14.067211}}
{"target": -135.12127081359233, "params": {"gamma": 0.3217171974467639, "prior": 0.7679154346448064, "rate": 5.897419277302172}, "datetime": {"datetime": "2024-04-12 21:22:54", "elapsed": 4771.622727, "delta": 14.773634}}
{"target": -135.14420069804206, "params": {"gamma": 0.3075168484256298, "prior": 0.5562972273036425, "rate": 6.485895826600362}, "datetime": {"datetime": "2024-04-12 21:23:07", "elapsed": 4784.568616, "delta": 12.945889}}
{"target": -135.12987145711054, "params": {"gamma": 0.3250097954358851, "prior": 1.0818067596922039, "rate": 7.634020605903165}, "datetime": {"datetime": "2024-04-12 21:23:20", "elapsed": 4797.427912, "delta": 12.859296}}
{"target": -135.1330884655811, "params": {"gamma": 0.3219918018891358, "prior": 0.4911323148093597, "rate": 3.376678308585268}, "datetime": {"datetime": "2024-04-12 21:23:26", "elapsed": 4803.538893, "delta": 6.110981}}
{"target": -135.2724627361576, "params": {"gamma": 0.35504393159442615, "prior": 1.2612359569054112, "rate": 6.640775872058362}, "datetime": {"datetime": "2024-04-12 21:23:39", "elapsed": 4816.718155, "delta": 13.179262}}
{"target": -135.11803722675955, "params": {"gamma": 0.3207059838016383, "prior": 0.6315138743456337, "rate": 5.152955828728007}, "datetime": {"datetime": "2024-04-12 21:23:57", "elapsed": 4833.829284, "delta": 17.111129}}
{"target": -135.13389520781553, "params": {"gamma": 0.30529772384468595, "prior": 0.884669429270954, "rate": 9.54894057933433}, "datetime": {"datetime": "2024-04-12 21:24:10", "elapsed": 4846.840045, "delta": 13.010761}}
{"target": -135.1912448408041, "params": {"gamma": 0.3115880600747971, "prior": 0.9946992259538919, "rate": 6.047287592903191}, "datetime": {"datetime": "2024-04-12 21:24:23", "elapsed": 4860.099377, "delta": 13.259332}}
{"target": -135.16945691976667, "params": {"gamma": 0.30853449858202736, "prior": 0.47370635046634435, "rate": 6.1924734654134115}, "datetime": {"datetime": "2024-04-12 21:24:30", "elapsed": 4867.073873, "delta": 6.974496}}
{"target": -135.12452492673376, "params": {"gamma": 0.32221081504090027, "prior": 0.8530601038476536, "rate": 6.29681018252969}, "datetime": {"datetime": "2024-04-12 21:24:42", "elapsed": 4878.881177, "delta": 11.807304}}
{"target": -135.16857132950335, "params": {"gamma": 0.33557129613763126, "prior": 1.1410146313214784, "rate": 7.068987909064374}, "datetime": {"datetime": "2024-04-12 21:24:52", "elapsed": 4889.399397, "delta": 10.51822}}
{"target": -135.12078877232472, "params": {"gamma": 0.3146354472674981, "prior": 1.0723526622603425, "rate": 8.46441650539776}, "datetime": {"datetime": "2024-04-12 21:25:03", "elapsed": 4900.260296, "delta": 10.860899}}
{"target": -135.1827100778469, "params": {"gamma": 0.3296598002123057, "prior": 0.8563651045219444, "rate": 5.047603871477346}, "datetime": {"datetime": "2024-04-12 21:25:16", "elapsed": 4913.182301, "delta": 12.922005}}
{"target": -135.13845236463615, "params": {"gamma": 0.3334221666174284, "prior": 1.387032135814609, "rate": 9.85524530648686}, "datetime": {"datetime": "2024-04-12 21:25:34", "elapsed": 4931.203236, "delta": 18.020935}}
{"target": -135.14793165214036, "params": {"gamma": 0.3115707877497939, "prior": 0.5956965054065275, "rate": 7.023017594250673}, "datetime": {"datetime": "2024-04-12 21:25:47", "elapsed": 4943.833763, "delta": 12.630527}}
{"target": -135.39529508001212, "params": {"gamma": 0.3373628430833459, "prior": 0.9636959394230369, "rate": 4.024490637804167}, "datetime": {"datetime": "2024-04-12 21:26:00", "elapsed": 4957.507347, "delta": 13.673584}}
{"target": -135.26055604941365, "params": {"gamma": 0.34708334452752504, "prior": 1.9004812016437012, "rate": 9.779322229776485}, "datetime": {"datetime": "2024-04-12 21:26:15", "elapsed": 4972.044335, "delta": 14.536988}}
{"target": -135.15495441108794, "params": {"gamma": 0.3398775500421551, "prior": 0.824930659689037, "rate": 5.643579367075879}, "datetime": {"datetime": "2024-04-12 21:26:23", "elapsed": 4980.429155, "delta": 8.38482}}
{"target": -135.20091391092737, "params": {"gamma": 0.305481088771335, "prior": 0.6365768665153771, "rate": 9.414535497330656}, "datetime": {"datetime": "2024-04-12 21:26:34", "elapsed": 4991.719638, "delta": 11.290483}}
{"target": -135.22365539812265, "params": {"gamma": 0.34082564408675864, "prior": 1.3804675391234666, "rate": 7.5381205235131175}, "datetime": {"datetime": "2024-04-12 21:26:45", "elapsed": 5002.19437, "delta": 10.474732}}
{"target": -135.20332930005026, "params": {"gamma": 0.34221495292241627, "prior": 1.0839468588949068, "rate": 6.271340833125893}, "datetime": {"datetime": "2024-04-12 21:26:57", "elapsed": 5014.147932, "delta": 11.953562}}
{"target": -135.1416750010869, "params": {"gamma": 0.3350416036583513, "prior": 1.410370487040834, "rate": 10.0}, "datetime": {"datetime": "2024-04-12 21:27:08", "elapsed": 5025.458273, "delta": 11.310341}}
{"target": -135.2005044286025, "params": {"gamma": 0.29358615474565336, "prior": 0.5411844332089599, "rate": 7.841529386978235}, "datetime": {"datetime": "2024-04-12 21:27:28", "elapsed": 5045.209367, "delta": 19.751094}}
{"target": -135.1180754527789, "params": {"gamma": 0.30991548299815, "prior": 0.43533515971044356, "rate": 3.9033265087200206}, "datetime": {"datetime": "2024-04-12 21:27:42", "elapsed": 5058.816296, "delta": 13.606929}}
{"target": -135.124971530843, "params": {"gamma": 0.3274415938693253, "prior": 1.0831709504200118, "rate": 8.63599202724535}, "datetime": {"datetime": "2024-04-12 21:27:55", "elapsed": 5072.021051, "delta": 13.204755}}
{"target": -135.1655093003788, "params": {"gamma": 0.290965528385768, "prior": 0.43163181523950855, "rate": 3.9423888148250206}, "datetime": {"datetime": "2024-04-12 21:28:12", "elapsed": 5089.041266, "delta": 17.020215}}
{"target": -135.11982173155403, "params": {"gamma": 0.3191926284058333, "prior": 0.907353317197492, "rate": 8.511221743525065}, "datetime": {"datetime": "2024-04-12 21:28:27", "elapsed": 5104.034183, "delta": 14.992917}}
{"target": -135.17615060979105, "params": {"gamma": 0.34019621526823574, "prior": 0.8138751240958724, "rate": 7.589682017366965}, "datetime": {"datetime": "2024-04-12 21:28:38", "elapsed": 5115.386709, "delta": 11.352526}}
{"target": -135.1658613149913, "params": {"gamma": 0.326758419636454, "prior": 1.3760123951212828, "rate": 8.457492567961044}, "datetime": {"datetime": "2024-04-12 21:28:51", "elapsed": 5128.483606, "delta": 13.096897}}
{"target": -135.11760930708746, "params": {"gamma": 0.3194229388085483, "prior": 1.0466468561153086, "rate": 9.474925590500686}, "datetime": {"datetime": "2024-04-12 21:28:58", "elapsed": 5135.601952, "delta": 7.118346}}
{"target": -135.25033904939852, "params": {"gamma": 0.33779049407551637, "prior": 0.7410344665309955, "rate": 9.256022617305659}, "datetime": {"datetime": "2024-04-12 21:29:11", "elapsed": 5147.855706, "delta": 12.253754}}
{"target": -135.11850123141906, "params": {"gamma": 0.3093563137634551, "prior": 1.080638021411022, "rate": 9.739352390256549}, "datetime": {"datetime": "2024-04-12 21:29:19", "elapsed": 5156.291443, "delta": 8.435737}}
{"target": -135.11835521656513, "params": {"gamma": 0.32188250696582416, "prior": 0.788738198176734, "rate": 6.6229086360322675}, "datetime": {"datetime": "2024-04-12 21:29:28", "elapsed": 5164.858679, "delta": 8.567236}}
{"target": -135.1323647890766, "params": {"gamma": 0.33156719496938664, "prior": 1.2448892129862628, "rate": 9.859802061815174}, "datetime": {"datetime": "2024-04-12 21:29:39", "elapsed": 5175.838733, "delta": 10.980054}}
{"target": -135.11592795581086, "params": {"gamma": 0.3170898895361742, "prior": 1.0231469849094403, "rate": 8.803905224413372}, "datetime": {"datetime": "2024-04-12 21:29:47", "elapsed": 5184.307643, "delta": 8.46891}}
{"target": -135.17896340932793, "params": {"gamma": 0.34731009042515615, "prior": 1.0244016907315063, "rate": 7.300634738328289}, "datetime": {"datetime": "2024-04-12 21:30:00", "elapsed": 5197.21482, "delta": 12.907177}}
{"target": -135.20328944377118, "params": {"gamma": 0.2926883104127429, "prior": 0.6863279751773006, "rate": 10.0}, "datetime": {"datetime": "2024-04-12 21:30:09", "elapsed": 5206.299913, "delta": 9.085093}}
{"target": -135.1479285453714, "params": {"gamma": 0.3122245326452793, "prior": 0.44358532540390083, "rate": 5.21629748642286}, "datetime": {"datetime": "2024-04-12 21:30:24", "elapsed": 5221.108167, "delta": 14.808254}}
{"target": -135.1382321823359, "params": {"gamma": 0.29851889155437944, "prior": 0.3522915610411793, "rate": 3.42234995966651}, "datetime": {"datetime": "2024-04-12 21:30:35", "elapsed": 5231.96481, "delta": 10.856643}}
{"target": -135.12938825916225, "params": {"gamma": 0.30203980098498634, "prior": 0.6009259667630921, "rate": 5.536163999252324}, "datetime": {"datetime": "2024-04-12 21:30:51", "elapsed": 5248.662214, "delta": 16.697404}}
{"target": -135.1918543583212, "params": {"gamma": 0.3012076627107475, "prior": 0.596028282905683, "rate": 8.571215020190925}, "datetime": {"datetime": "2024-04-12 21:31:04", "elapsed": 5260.997709, "delta": 12.335495}}
{"target": -135.2178440525491, "params": {"gamma": 0.34926058653370406, "prior": 1.3295062492100884, "rate": 7.774515620902405}, "datetime": {"datetime": "2024-04-12 21:31:14", "elapsed": 5271.713063, "delta": 10.715354}}
{"target": -135.12242138845863, "params": {"gamma": 0.3165946221588102, "prior": 0.8436519373577647, "rate": 8.26852178546093}, "datetime": {"datetime": "2024-04-12 21:31:26", "elapsed": 5283.535767, "delta": 11.822704}}
{"target": -135.1221861095227, "params": {"gamma": 0.31327270512563066, "prior": 0.9169324974810149, "rate": 7.2211189607750175}, "datetime": {"datetime": "2024-04-12 21:31:39", "elapsed": 5296.542355, "delta": 13.006588}}
{"target": -135.12173189564322, "params": {"gamma": 0.31182983233095046, "prior": 1.0120220230806953, "rate": 10.0}, "datetime": {"datetime": "2024-04-12 21:31:46", "elapsed": 5302.976586, "delta": 6.434231}}
{"target": -135.22982165258472, "params": {"gamma": 0.33188026015675354, "prior": 1.6300860400253374, "rate": 8.670870576355039}, "datetime": {"datetime": "2024-04-12 21:31:52", "elapsed": 5308.985361, "delta": 6.008775}}
{"target": -135.1156978609205, "params": {"gamma": 0.314801109961001, "prior": 0.39654242965486547, "rate": 3.5220911376505986}, "datetime": {"datetime": "2024-04-12 21:32:11", "elapsed": 5328.184069, "delta": 19.198708}}
{"target": -135.1716933394475, "params": {"gamma": 0.3299208827799754, "prior": 0.4466382137280611, "rate": 4.887980864923785}, "datetime": {"datetime": "2024-04-12 21:32:21", "elapsed": 5338.179841, "delta": 9.995772}}
{"target": -135.23680308768112, "params": {"gamma": 0.35871481958112605, "prior": 0.7106645984488245, "rate": 4.557165228132581}, "datetime": {"datetime": "2024-04-12 21:32:39", "elapsed": 5356.2446, "delta": 18.064759}}
{"target": -135.1516296089893, "params": {"gamma": 0.33316529545183987, "prior": 1.2939080250275705, "rate": 8.428805317791523}, "datetime": {"datetime": "2024-04-12 21:32:58", "elapsed": 5375.403776, "delta": 19.159176}}
{"target": -135.1513612827297, "params": {"gamma": 0.30314528031844656, "prior": 1.0656702132191955, "rate": 7.899175902809477}, "datetime": {"datetime": "2024-04-12 21:33:11", "elapsed": 5388.756147, "delta": 13.352371}}
{"target": -135.2124093987751, "params": {"gamma": 0.3517811647623004, "prior": 1.1120202644465202, "rate": 6.847858591444904}, "datetime": {"datetime": "2024-04-12 21:33:34", "elapsed": 5411.21903, "delta": 22.462883}}
{"target": -135.1341852917129, "params": {"gamma": 0.32649474014293695, "prior": 1.4058403151137826, "rate": 9.629584802629758}, "datetime": {"datetime": "2024-04-12 21:33:53", "elapsed": 5430.328762, "delta": 19.109732}}
{"target": -135.23510722494373, "params": {"gamma": 0.2960095815466781, "prior": 0.5902800896863296, "rate": 9.815457910007915}, "datetime": {"datetime": "2024-04-12 21:34:06", "elapsed": 5442.857147, "delta": 12.528385}}
{"target": -135.45614376131417, "params": {"gamma": 0.33458405030863503, "prior": 1.287801220935663, "rate": 5.0511524819021565}, "datetime": {"datetime": "2024-04-12 21:34:20", "elapsed": 5457.712794, "delta": 14.855647}}
{"target": -135.14291730420862, "params": {"gamma": 0.3352283639927588, "prior": 1.3616505603298612, "rate": 9.5037052819892}, "datetime": {"datetime": "2024-04-12 21:34:37", "elapsed": 5474.652677, "delta": 16.939883}}
{"target": -135.1332556184327, "params": {"gamma": 0.3092457079702147, "prior": 1.15356078131641, "rate": 8.699062709150708}, "datetime": {"datetime": "2024-04-12 21:34:45", "elapsed": 5481.995444, "delta": 7.342767}}
{"target": -135.13783534114484, "params": {"gamma": 0.29866759147164085, "prior": 0.8326012133462675, "rate": 8.080377188321796}, "datetime": {"datetime": "2024-04-12 21:35:01", "elapsed": 5498.536405, "delta": 16.540961}}
{"target": -135.13047018796473, "params": {"gamma": 0.3233290927223408, "prior": 0.9548839611635638, "rate": 6.684094432435121}, "datetime": {"datetime": "2024-04-12 21:35:16", "elapsed": 5513.206156, "delta": 14.669751}}
{"target": -135.12887640801625, "params": {"gamma": 0.32573746291091044, "prior": 1.2820903404717474, "rate": 9.16453865584464}, "datetime": {"datetime": "2024-04-12 21:35:32", "elapsed": 5528.812908, "delta": 15.606752}}
{"target": -135.12285002495966, "params": {"gamma": 0.3255672286364732, "prior": 0.5004972242331679, "rate": 4.263932303749281}, "datetime": {"datetime": "2024-04-12 21:35:43", "elapsed": 5540.730621, "delta": 11.917713}}
{"target": -135.21788486437904, "params": {"gamma": 0.3109758155576338, "prior": 1.4841789885547856, "rate": 8.587723073589263}, "datetime": {"datetime": "2024-04-12 21:35:59", "elapsed": 5555.912774, "delta": 15.182153}}
{"target": -135.11765457821824, "params": {"gamma": 0.3129794801941041, "prior": 0.8087778134307172, "rate": 6.822936355351977}, "datetime": {"datetime": "2024-04-12 21:36:23", "elapsed": 5580.043516, "delta": 24.130742}}
{"target": -135.11741286162248, "params": {"gamma": 0.31723517142458163, "prior": 0.631847787477205, "rate": 5.161180670143096}, "datetime": {"datetime": "2024-04-12 21:36:33", "elapsed": 5590.39235, "delta": 10.348834}}
{"target": -135.1379309886087, "params": {"gamma": 0.3007208203994967, "prior": 1.159780471732677, "rate": 9.913096843615566}, "datetime": {"datetime": "2024-04-12 21:36:49", "elapsed": 5606.488967, "delta": 16.096617}}
{"target": -135.12440768794525, "params": {"gamma": 0.31006297893234575, "prior": 0.947243084688946, "rate": 9.588672328114507}, "datetime": {"datetime": "2024-04-12 21:37:00", "elapsed": 5617.200194, "delta": 10.711227}}
{"target": -135.49660992053745, "params": {"gamma": 0.32098725834432, "prior": 0.34346222217817257, "rate": 8.46457653361049}, "datetime": {"datetime": "2024-04-12 21:37:20", "elapsed": 5637.128026, "delta": 19.927832}}
{"target": -135.13806541512804, "params": {"gamma": 0.31020549240291934, "prior": 0.5872408202546547, "rate": 6.593040468863576}, "datetime": {"datetime": "2024-04-12 21:37:33", "elapsed": 5650.295304, "delta": 13.167278}}
{"target": -135.13389660914217, "params": {"gamma": 0.3118777790475696, "prior": 0.3719507463511109, "rate": 4.0516482737938135}, "datetime": {"datetime": "2024-04-12 21:37:45", "elapsed": 5662.542438, "delta": 12.247134}}
{"target": -135.259515090176, "params": {"gamma": 0.3557457544141119, "prior": 1.473364895349339, "rate": 8.105173024594052}, "datetime": {"datetime": "2024-04-12 21:38:01", "elapsed": 5678.672992, "delta": 16.130554}}
{"target": -135.11822950451574, "params": {"gamma": 0.3166363550524101, "prior": 0.7696999122765269, "rate": 7.240695135253293}, "datetime": {"datetime": "2024-04-12 21:38:08", "elapsed": 5685.489022, "delta": 6.81603}}
{"target": -135.1222304752463, "params": {"gamma": 0.32025307255021507, "prior": 1.1829129614499923, "rate": 8.946246351161808}, "datetime": {"datetime": "2024-04-12 21:38:30", "elapsed": 5707.583748, "delta": 22.094726}}
