{"target": -240.83168639169418, "params": {"gamma": 2.8026461610955637, "prior": 4.5684824262007755, "rate": 9.004588674948266}, "datetime": {"datetime": "2024-04-12 20:03:28", "elapsed": 5.595799, "delta": 0.008235}}
{"target": -485.65455260867276, "params": {"gamma": 8.719984326277993, "prior": 7.1011573368634044, "rate": 5.909415094304578}, "datetime": {"datetime": "2024-04-12 20:03:28", "elapsed": 5.604144, "delta": 0.008345}}
{"target": -535.2469451636591, "params": {"gamma": 8.174005321700859, "prior": 9.085681996388406, "rate": 0.026073089119563617}, "datetime": {"datetime": "2024-04-12 20:03:28", "elapsed": 5.612415, "delta": 0.008271}}
{"target": -285.6350765012888, "params": {"gamma": 3.972880434571384, "prior": 5.657955868812967, "rate": 7.339497439712482}, "datetime": {"datetime": "2024-04-12 20:03:28", "elapsed": 5.620781, "delta": 0.008366}}
{"target": -145.19777899096903, "params": {"gamma": 0.8756401490882502, "prior": 4.057574378040559, "rate": 2.796932173319039}, "datetime": {"datetime": "2024-04-12 20:03:28", "elapsed": 5.629151, "delta": 0.00837}}
{"target": -300.254519273862, "params": {"gamma": 4.235677020998725, "prior": 5.029988463465554, "rate": 6.600492220036985}, "datetime": {"datetime": "2024-04-12 20:03:28", "elapsed": 5.637516, "delta": 0.008365}}
{"target": -314.74355013441135, "params": {"gamma": 4.962865153563822, "prior": 6.242635185991386, "rate": 5.824816179030337}, "datetime": {"datetime": "2024-04-12 20:03:28", "elapsed": 5.645805, "delta": 0.008289}}
{"target": -429.76670627679863, "params": {"gamma": 4.2838956479905255, "prior": 0.1492660106415274, "rate": 1.9459696221821587}, "datetime": {"datetime": "2024-04-12 20:03:28", "elapsed": 5.654135, "delta": 0.00833}}
{"target": -292.9583327901845, "params": {"gamma": 3.2027463362086017, "prior": 1.55508344596382, "rate": 5.987040152182751}, "datetime": {"datetime": "2024-04-12 20:03:28", "elapsed": 5.662322, "delta": 0.008187}}
{"target": -341.197130016987, "params": {"gamma": 6.115383267119364, "prior": 5.050923270009602, "rate": 3.2091681671070447}, "datetime": {"datetime": "2024-04-12 20:03:28", "elapsed": 5.67062, "delta": 0.008298}}
{"target": -416.3604646138695, "params": {"gamma": 6.53292726219252, "prior": 1.983806478522533, "rate": 0.05980393346483768}, "datetime": {"datetime": "2024-04-12 20:03:28", "elapsed": 5.678836, "delta": 0.008216}}
{"target": -498.50770591672443, "params": {"gamma": 7.3496852448209316, "prior": 4.490688034848957, "rate": 6.978718718842435}, "datetime": {"datetime": "2024-04-12 20:03:28", "elapsed": 5.687155, "delta": 0.008319}}
{"target": -207.6359260240913, "params": {"gamma": 1.851248453020123, "prior": 0.7199360396407632, "rate": 3.78170775924343}, "datetime": {"datetime": "2024-04-12 20:03:28", "elapsed": 5.695519, "delta": 0.008364}}
{"target": -489.45161020553815, "params": {"gamma": 6.960269107944495, "prior": 1.1179018377977268, "rate": 1.959146502516249}, "datetime": {"datetime": "2024-04-12 20:03:28", "elapsed": 5.703776, "delta": 0.008257}}
{"target": -310.5732913764939, "params": {"gamma": 4.540072551414793, "prior": 6.249376977967096, "rate": 7.501492356441782}, "datetime": {"datetime": "2024-04-12 20:03:28", "elapsed": 5.712041, "delta": 0.008265}}
{"target": -150.26927150130638, "params": {"gamma": 1.0982404778352803, "prior": 6.283773710840847, "rate": 3.8742178609226636}, "datetime": {"datetime": "2024-04-12 20:03:28", "elapsed": 5.720316, "delta": 0.008275}}
{"target": -514.2890350365407, "params": {"gamma": 6.701233597109323, "prior": 2.115247738852826, "rate": 5.2796600565097815}, "datetime": {"datetime": "2024-04-12 20:03:28", "elapsed": 5.728534, "delta": 0.008218}}
{"target": -214.62402373160955, "params": {"gamma": 1.722453387004371, "prior": 0.2849419593641159, "rate": 4.870015513993148}, "datetime": {"datetime": "2024-04-12 20:03:28", "elapsed": 5.736795, "delta": 0.008261}}
{"target": -175.5914689548926, "params": {"gamma": 1.8425935878323698, "prior": 6.4195989670335365, "rate": 5.366211618584989}, "datetime": {"datetime": "2024-04-12 20:03:28", "elapsed": 5.745102, "delta": 0.008307}}
{"target": -588.8306837888879, "params": {"gamma": 7.74967885459746, "prior": 3.990303036078612, "rate": 9.894531856231692}, "datetime": {"datetime": "2024-04-12 20:03:28", "elapsed": 5.75337, "delta": 0.008268}}
{"target": -364.2211618519269, "params": {"gamma": 5.152631746924576, "prior": 4.84035167173617, "rate": 7.494675265050945}, "datetime": {"datetime": "2024-04-12 20:03:28", "elapsed": 5.761656, "delta": 0.008286}}
{"target": -383.4684422399401, "params": {"gamma": 5.727310244630862, "prior": 3.6884066412702516, "rate": 4.892958609815962}, "datetime": {"datetime": "2024-04-12 20:03:28", "elapsed": 5.770051, "delta": 0.008395}}
{"target": -182.7934881699033, "params": {"gamma": 1.8921946110135588, "prior": 3.9964758015389337, "rate": 0.30058756348796134}, "datetime": {"datetime": "2024-04-12 20:03:28", "elapsed": 5.778367, "delta": 0.008316}}
{"target": -347.2759169849611, "params": {"gamma": 4.625828074361687, "prior": 2.8172937167553513, "rate": 5.267631887725799}, "datetime": {"datetime": "2024-04-12 20:03:29", "elapsed": 5.78666, "delta": 0.008293}}
{"target": -141.51927898541263, "params": {"gamma": 0.2936919419097222, "prior": 5.595358988569528, "rate": 2.9306858383999437}, "datetime": {"datetime": "2024-04-12 20:03:29", "elapsed": 5.794907, "delta": 0.008247}}
{"target": -323.84444711744453, "params": {"gamma": 5.775329319454461, "prior": 7.35442154728753, "rate": 4.403937930137581}, "datetime": {"datetime": "2024-04-12 20:03:29", "elapsed": 5.803205, "delta": 0.008298}}
{"target": -560.4044741121295, "params": {"gamma": 6.6319050719967745, "prior": 2.4652085532150996, "rate": 9.985992286776213}, "datetime": {"datetime": "2024-04-12 20:03:29", "elapsed": 5.811586, "delta": 0.008381}}
{"target": -189.08354280433625, "params": {"gamma": 2.4295423376760557, "prior": 9.414201302377094, "rate": 2.1729802841597885}, "datetime": {"datetime": "2024-04-12 20:03:29", "elapsed": 5.819991, "delta": 0.008405}}
{"target": -310.87724359616186, "params": {"gamma": 4.97614628166607, "prior": 8.229651952438084, "rate": 7.166163879900548}, "datetime": {"datetime": "2024-04-12 20:03:29", "elapsed": 5.828261, "delta": 0.00827}}
{"target": -491.0765977841675, "params": {"gamma": 7.05609854079457, "prior": 4.460361543759608, "rate": 7.541996079526139}, "datetime": {"datetime": "2024-04-12 20:03:29", "elapsed": 5.836564, "delta": 0.008303}}
{"target": -566.4764575643651, "params": {"gamma": 9.199615816571573, "prior": 4.469382278626795, "rate": 5.2801268760628535}, "datetime": {"datetime": "2024-04-12 20:03:29", "elapsed": 5.844876, "delta": 0.008312}}
{"target": -140.3713713800321, "params": {"gamma": 0.6612898045823568, "prior": 3.968653429339858, "rate": 4.672918424766126}, "datetime": {"datetime": "2024-04-12 20:03:29", "elapsed": 5.853159, "delta": 0.008283}}
{"target": -798.6818019982185, "params": {"gamma": 8.951481970324929, "prior": 1.1945186585288683, "rate": 7.311644894386467}, "datetime": {"datetime": "2024-04-12 20:03:29", "elapsed": 5.861575, "delta": 0.008416}}
{"target": -349.8955251618923, "params": {"gamma": 5.455166214318647, "prior": 6.10470076211378, "rate": 0.2987996583514733}, "datetime": {"datetime": "2024-04-12 20:03:29", "elapsed": 5.869909, "delta": 0.008334}}
{"target": -179.6582453875503, "params": {"gamma": 1.4683270502280348, "prior": 2.911433932115233, "rate": 0.04971560748810713}, "datetime": {"datetime": "2024-04-12 20:03:29", "elapsed": 5.878136, "delta": 0.008227}}
{"target": -364.92611424451746, "params": {"gamma": 6.6919088201735715, "prior": 8.715553694333723, "rate": 5.470136124403138}, "datetime": {"datetime": "2024-04-12 20:03:29", "elapsed": 5.886457, "delta": 0.008321}}
{"target": -302.5989611589405, "params": {"gamma": 5.432097311144519, "prior": 6.195686693269069, "rate": 3.022512822657626}, "datetime": {"datetime": "2024-04-12 20:03:29", "elapsed": 5.894696, "delta": 0.008239}}
{"target": -273.4985612896286, "params": {"gamma": 3.6679530846277557, "prior": 5.7919033000498885, "rate": 8.092356620589728}, "datetime": {"datetime": "2024-04-12 20:03:29", "elapsed": 5.902969, "delta": 0.008273}}
{"target": -200.63937919143305, "params": {"gamma": 2.016764747447303, "prior": 3.3424881528980626, "rate": 7.429469582646582}, "datetime": {"datetime": "2024-04-12 20:03:29", "elapsed": 5.911218, "delta": 0.008249}}
{"target": -292.22483263322874, "params": {"gamma": 3.4098615710742886, "prior": 0.5713481941948949, "rate": 1.5644129298338398}, "datetime": {"datetime": "2024-04-12 20:03:29", "elapsed": 5.919553, "delta": 0.008335}}
{"target": -185.6646980595318, "params": {"gamma": 1.9394547317358086, "prior": 5.001612389355664, "rate": 6.351614485952291}, "datetime": {"datetime": "2024-04-12 20:03:29", "elapsed": 5.927845, "delta": 0.008292}}
{"target": -434.32917475525613, "params": {"gamma": 8.802319552208612, "prior": 9.035111908580227, "rate": 3.072300524082465}, "datetime": {"datetime": "2024-04-12 20:03:29", "elapsed": 5.936156, "delta": 0.008311}}
{"target": -482.2739413545221, "params": {"gamma": 7.534047351182733, "prior": 2.896037502533829, "rate": 3.686400120782994}, "datetime": {"datetime": "2024-04-12 20:03:29", "elapsed": 5.944414, "delta": 0.008258}}
{"target": -208.35153532349418, "params": {"gamma": 2.927972894369209, "prior": 4.195538288371103, "rate": 2.147942240988137}, "datetime": {"datetime": "2024-04-12 20:03:29", "elapsed": 5.952728, "delta": 0.008314}}
{"target": -315.2053017047048, "params": {"gamma": 3.1905410786954205, "prior": 1.3070061575118679, "rate": 9.63021937771575}, "datetime": {"datetime": "2024-04-12 20:03:29", "elapsed": 5.961026, "delta": 0.008298}}
{"target": -309.10433812442227, "params": {"gamma": 5.04032611097843, "prior": 9.238696757627771, "rate": 7.461855247593438}, "datetime": {"datetime": "2024-04-12 20:03:29", "elapsed": 5.969377, "delta": 0.008351}}
{"target": -289.8755439034624, "params": {"gamma": 4.577595171516512, "prior": 7.570760030550504, "rate": 6.280602762990652}, "datetime": {"datetime": "2024-04-12 20:03:29", "elapsed": 5.977712, "delta": 0.008335}}
{"target": -239.42064107722598, "params": {"gamma": 3.0382805830845347, "prior": 5.264427202791391, "rate": 7.123409644278645}, "datetime": {"datetime": "2024-04-12 20:03:29", "elapsed": 5.986171, "delta": 0.008459}}
{"target": -317.7523720653785, "params": {"gamma": 3.0538300009516193, "prior": 0.22397608517608533, "rate": 2.6833600285302275}, "datetime": {"datetime": "2024-04-12 20:03:29", "elapsed": 5.994457, "delta": 0.008286}}
{"target": -425.75356243662765, "params": {"gamma": 7.967658010425252, "prior": 9.306931580738663, "rate": 6.2536862178776484}, "datetime": {"datetime": "2024-04-12 20:03:29", "elapsed": 6.002744, "delta": 0.008287}}
{"target": -156.79164448855298, "params": {"gamma": 1.3289420383195298, "prior": 7.59994655654947, "rate": 5.269526555127393}, "datetime": {"datetime": "2024-04-12 20:03:29", "elapsed": 6.011046, "delta": 0.008302}}
{"target": -462.9452197448609, "params": {"gamma": 7.538936847140509, "prior": 8.600255860393125, "rate": 9.475467969467141}, "datetime": {"datetime": "2024-04-12 20:03:29", "elapsed": 6.019376, "delta": 0.00833}}
{"target": -384.85849197626925, "params": {"gamma": 6.545720808693693, "prior": 8.557156277442202, "rate": 7.426137988907772}, "datetime": {"datetime": "2024-04-12 20:03:29", "elapsed": 6.027648, "delta": 0.008272}}
{"target": -445.08016745208596, "params": {"gamma": 7.271284782848366, "prior": 8.60202848704295, "rate": 9.2301074044959}, "datetime": {"datetime": "2024-04-12 20:03:29", "elapsed": 6.035959, "delta": 0.008311}}
{"target": -467.26292629190544, "params": {"gamma": 9.020857939246921, "prior": 4.017927589495288, "rate": 0.8411287767074533}, "datetime": {"datetime": "2024-04-12 20:03:29", "elapsed": 6.044235, "delta": 0.008276}}
{"target": -489.67580715412186, "params": {"gamma": 8.295907610863033, "prior": 5.43542237774558, "rate": 5.421219471236491}, "datetime": {"datetime": "2024-04-12 20:03:29", "elapsed": 6.052538, "delta": 0.008303}}
{"target": -836.9501262381035, "params": {"gamma": 8.25192813033363, "prior": 0.4166434253201614, "rate": 8.779726226832842}, "datetime": {"datetime": "2024-04-12 20:03:29", "elapsed": 6.060887, "delta": 0.008349}}
{"target": -139.2729822521174, "params": {"gamma": 0.34730537937586553, "prior": 6.9626261279460415, "rate": 5.875257309024742}, "datetime": {"datetime": "2024-04-12 20:03:29", "elapsed": 6.069184, "delta": 0.008297}}
{"target": -363.19852993360695, "params": {"gamma": 6.417850059155134, "prior": 3.803393858608736, "rate": 2.755344804474391}, "datetime": {"datetime": "2024-04-12 20:03:29", "elapsed": 6.077446, "delta": 0.008262}}
{"target": -298.6132272744387, "params": {"gamma": 5.094576405806185, "prior": 8.869648859782243, "rate": 5.653331413985319}, "datetime": {"datetime": "2024-04-12 20:03:29", "elapsed": 6.085766, "delta": 0.00832}}
{"target": -493.60750003249535, "params": {"gamma": 6.631825765751704, "prior": 4.469654386439658, "rate": 9.7214187321274}, "datetime": {"datetime": "2024-04-12 20:03:29", "elapsed": 6.093977, "delta": 0.008211}}
{"target": -523.8199815281587, "params": {"gamma": 7.425482001064747, "prior": 3.613534857422657, "rate": 6.5356567956039315}, "datetime": {"datetime": "2024-04-12 20:03:29", "elapsed": 6.102231, "delta": 0.008254}}
{"target": -299.2056153180456, "params": {"gamma": 5.426621502305332, "prior": 8.852156502548992, "rate": 2.7512654566030514}, "datetime": {"datetime": "2024-04-12 20:03:29", "elapsed": 6.110517, "delta": 0.008286}}
{"target": -153.8756554572867, "params": {"gamma": 1.0815667842382009, "prior": 1.9935933122375844, "rate": 3.8710752798182537}, "datetime": {"datetime": "2024-04-12 20:03:29", "elapsed": 6.118963, "delta": 0.008446}}
{"target": -631.5498164950678, "params": {"gamma": 8.54074388954821, "prior": 2.7813646469755744, "rate": 6.263961673283628}, "datetime": {"datetime": "2024-04-12 20:03:29", "elapsed": 6.127232, "delta": 0.008269}}
{"target": -362.86957564082013, "params": {"gamma": 6.235894458654538, "prior": 4.139666639944494, "rate": 0.504300961464858}, "datetime": {"datetime": "2024-04-12 20:03:29", "elapsed": 6.135623, "delta": 0.008391}}
{"target": -481.89622963022134, "params": {"gamma": 7.448593896451896, "prior": 3.027682790796424, "rate": 3.9851835072938524}, "datetime": {"datetime": "2024-04-12 20:03:29", "elapsed": 6.143802, "delta": 0.008179}}
{"target": -247.43316437351365, "params": {"gamma": 3.7730184357375642, "prior": 6.669666053543827, "rate": 0.8642465348648255}, "datetime": {"datetime": "2024-04-12 20:03:29", "elapsed": 6.152254, "delta": 0.008452}}
{"target": -589.6830953182972, "params": {"gamma": 5.49934931479934, "prior": 0.25267604119823284, "rate": 9.830406796410628}, "datetime": {"datetime": "2024-04-12 20:03:29", "elapsed": 6.160686, "delta": 0.008432}}
{"target": -320.4306033390596, "params": {"gamma": 5.984673796657761, "prior": 3.902730857162644, "rate": 1.4683325593440997}, "datetime": {"datetime": "2024-04-12 20:03:29", "elapsed": 6.169119, "delta": 0.008433}}
{"target": -359.59174119120416, "params": {"gamma": 6.9690863860416155, "prior": 9.067503325394869, "rate": 3.1817694146938234}, "datetime": {"datetime": "2024-04-12 20:03:29", "elapsed": 6.177498, "delta": 0.008379}}
{"target": -617.4470613375586, "params": {"gamma": 7.665154954417642, "prior": 2.946231210207758, "rate": 9.57229619840156}, "datetime": {"datetime": "2024-04-12 20:03:29", "elapsed": 6.185772, "delta": 0.008274}}
{"target": -472.0395969463512, "params": {"gamma": 7.023455232193281, "prior": 6.287654372613879, "rate": 9.307416596768327}, "datetime": {"datetime": "2024-04-12 20:03:29", "elapsed": 6.194039, "delta": 0.008267}}
{"target": -205.87592063165215, "params": {"gamma": 2.6911548301319335, "prior": 9.243795888773532, "rate": 6.781151258305702}, "datetime": {"datetime": "2024-04-12 20:03:29", "elapsed": 6.202229, "delta": 0.00819}}
{"target": -511.1107334526348, "params": {"gamma": 7.713853709507418, "prior": 5.759189830706018, "rate": 8.339212870314833}, "datetime": {"datetime": "2024-04-12 20:03:29", "elapsed": 6.210582, "delta": 0.008353}}
{"target": -585.9762370557801, "params": {"gamma": 6.983119711119335, "prior": 1.551426147591399, "rate": 6.1249988251521215}, "datetime": {"datetime": "2024-04-12 20:03:29", "elapsed": 6.218962, "delta": 0.00838}}
{"target": -201.95562178328314, "params": {"gamma": 2.793924035827702, "prior": 9.167199358366272, "rate": 1.9831246698113274}, "datetime": {"datetime": "2024-04-12 20:03:29", "elapsed": 6.227199, "delta": 0.008237}}
{"target": -290.2435109093593, "params": {"gamma": 2.857879237217657, "prior": 0.5717815791998215, "rate": 4.476343861362332}, "datetime": {"datetime": "2024-04-12 20:03:29", "elapsed": 6.235498, "delta": 0.008299}}
{"target": -390.6154618997728, "params": {"gamma": 5.576320563895948, "prior": 5.778254717513243, "rate": 9.053868422216771}, "datetime": {"datetime": "2024-04-12 20:03:29", "elapsed": 6.243785, "delta": 0.008287}}
{"target": -277.6979646940454, "params": {"gamma": 3.47479191407325, "prior": 4.5305309579534265, "rate": 8.512525387352474}, "datetime": {"datetime": "2024-04-12 20:03:29", "elapsed": 6.252122, "delta": 0.008337}}
{"target": -312.97586204631824, "params": {"gamma": 5.768716203017017, "prior": 6.574530055289563, "rate": 2.784314944612766}, "datetime": {"datetime": "2024-04-12 20:03:29", "elapsed": 6.260362, "delta": 0.00824}}
{"target": -283.43083460940676, "params": {"gamma": 4.875225544956866, "prior": 6.247428637046675, "rate": 1.3348069074222546}, "datetime": {"datetime": "2024-04-12 20:03:29", "elapsed": 6.268744, "delta": 0.008382}}
{"target": -135.46829319088638, "params": {"gamma": 0.3300542572087522, "prior": 1.222768911195179, "rate": 4.775133302320191}, "datetime": {"datetime": "2024-04-12 20:03:29", "elapsed": 6.277099, "delta": 0.008355}}
{"target": -145.7148205175811, "params": {"gamma": 0.24124331957345432, "prior": 6.299468398458495, "rate": 0.9767285971428687}, "datetime": {"datetime": "2024-04-12 20:03:29", "elapsed": 6.285488, "delta": 0.008389}}
{"target": -191.11594609052068, "params": {"gamma": 2.5103644156247413, "prior": 4.322280163976562, "rate": 1.159151640315784}, "datetime": {"datetime": "2024-04-12 20:03:29", "elapsed": 6.293812, "delta": 0.008324}}
{"target": -308.2631051919579, "params": {"gamma": 2.706249385980867, "prior": 0.3086887610715615, "rate": 9.850470490551084}, "datetime": {"datetime": "2024-04-12 20:03:29", "elapsed": 6.302166, "delta": 0.008354}}
{"target": -374.83320697319937, "params": {"gamma": 6.116124507605985, "prior": 3.8457030044689664, "rate": 0.2662569827533811}, "datetime": {"datetime": "2024-04-12 20:03:29", "elapsed": 6.31046, "delta": 0.008294}}
{"target": -307.65249563056176, "params": {"gamma": 3.8989976450014674, "prior": 4.580330401225699, "rate": 9.310100934451263}, "datetime": {"datetime": "2024-04-12 20:03:29", "elapsed": 6.318814, "delta": 0.008354}}
{"target": -219.61570276294498, "params": {"gamma": 2.7857632142087283, "prior": 6.186340721724661, "rate": 6.6520183774673525}, "datetime": {"datetime": "2024-04-12 20:03:29", "elapsed": 6.327052, "delta": 0.008238}}
{"target": -185.44677407097717, "params": {"gamma": 1.8604237369935928, "prior": 5.107057154965675, "rate": 7.86522112783649}, "datetime": {"datetime": "2024-04-12 20:03:29", "elapsed": 6.335464, "delta": 0.008412}}
{"target": -160.74340865818223, "params": {"gamma": 0.966693765249707, "prior": 6.099749451872725, "rate": 0.261573266951244}, "datetime": {"datetime": "2024-04-12 20:03:29", "elapsed": 6.343721, "delta": 0.008257}}
{"target": -141.2543040475621, "params": {"gamma": 0.07146019137694642, "prior": 0.6893332106867064, "rate": 4.814523191031215}, "datetime": {"datetime": "2024-04-12 20:03:29", "elapsed": 6.352085, "delta": 0.008364}}
{"target": -487.498390216688, "params": {"gamma": 9.257115382793618, "prior": 4.1150181029763395, "rate": 0.7512513607260716}, "datetime": {"datetime": "2024-04-12 20:03:29", "elapsed": 6.360385, "delta": 0.0083}}
{"target": -445.2835173357652, "params": {"gamma": 8.613663392355804, "prior": 5.241046096157358, "rate": 3.1900397533053235}, "datetime": {"datetime": "2024-04-12 20:03:29", "elapsed": 6.368759, "delta": 0.008374}}
{"target": -476.61188724276775, "params": {"gamma": 9.630360355507971, "prior": 9.388791508173545, "rate": 2.6009297005949668}, "datetime": {"datetime": "2024-04-12 20:03:29", "elapsed": 6.377065, "delta": 0.008306}}
{"target": -191.11748636255095, "params": {"gamma": 2.014717145283489, "prior": 5.930196162730165, "rate": 8.425339580205748}, "datetime": {"datetime": "2024-04-12 20:03:29", "elapsed": 6.385428, "delta": 0.008363}}
{"target": -221.09562760965548, "params": {"gamma": 3.3678741763608038, "prior": 5.90565127249619, "rate": 1.623287749788599}, "datetime": {"datetime": "2024-04-12 20:03:29", "elapsed": 6.39378, "delta": 0.008352}}
{"target": -174.92462628008997, "params": {"gamma": 1.94674275864618, "prior": 7.637218638321746, "rate": 1.5018345150591474}, "datetime": {"datetime": "2024-04-12 20:03:29", "elapsed": 6.402145, "delta": 0.008365}}
{"target": -226.6912532813271, "params": {"gamma": 2.659804503437227, "prior": 6.925999145458927, "rate": 0.15187798702215813}, "datetime": {"datetime": "2024-04-12 20:03:29", "elapsed": 6.41047, "delta": 0.008325}}
{"target": -138.26027997024474, "params": {"gamma": 0.3229118442818368, "prior": 2.946506806237884, "rate": 3.366895181942479}, "datetime": {"datetime": "2024-04-12 20:03:29", "elapsed": 6.418873, "delta": 0.008403}}
{"target": -261.51151120869076, "params": {"gamma": 3.622798839194582, "prior": 8.091186697583844, "rate": 0.3607736956187603}, "datetime": {"datetime": "2024-04-12 20:03:29", "elapsed": 6.427184, "delta": 0.008311}}
