{"target": -122.66390447176758, "params": {"gamma": 0.7325873736294092, "lr": 0.54267232853632}, "datetime": {"datetime": "2024-04-04 01:07:24", "elapsed": 5728.52472, "delta": 7.49778}}
{"target": -123.4991824770509, "params": {"gamma": 0.18900337343882484, "lr": 0.22163997146143732}, "datetime": {"datetime": "2024-04-04 01:07:35", "elapsed": 5740.043988, "delta": 11.519268}}
{"target": -236.6713003634685, "params": {"gamma": 2.161717099700878, "lr": 0.5404775589399777}, "datetime": {"datetime": "2024-04-04 01:07:48", "elapsed": 5753.203608, "delta": 13.15962}}
{"target": -131.07382460806815, "params": {"gamma": 1.0850384466857057, "lr": 0.3657150938423376}, "datetime": {"datetime": "2024-04-04 01:08:05", "elapsed": 5769.428817, "delta": 16.225209}}
{"target": -128.11183890978265, "params": {"gamma": 0.9884034029559421, "lr": 0.4676521463520815}, "datetime": {"datetime": "2024-04-04 01:08:21", "elapsed": 5785.402475, "delta": 15.973658}}
{"target": -144.0475741500361, "params": {"gamma": 0.001, "lr": 0.18749396604032822}, "datetime": {"datetime": "2024-04-04 01:08:32", "elapsed": 5796.815323, "delta": 11.412848}}
{"target": -192.5053603816285, "params": {"gamma": 1.993539317993092, "lr": 0.3704348365538999}, "datetime": {"datetime": "2024-04-04 01:08:42", "elapsed": 5806.66822, "delta": 9.852897}}
{"target": -207.88102373413508, "params": {"gamma": 2.091018200628285, "lr": 0.22370433147081373}, "datetime": {"datetime": "2024-04-04 01:08:59", "elapsed": 5823.681255, "delta": 17.013035}}
{"target": -345.8193008211144, "params": {"gamma": 3.653300034092967, "lr": 0.21329754943853196}, "datetime": {"datetime": "2024-04-04 01:09:03", "elapsed": 5827.530928, "delta": 3.849673}}
{"target": -121.94807732378433, "params": {"gamma": 0.6560157365354138, "lr": 0.6637150828519809}, "datetime": {"datetime": "2024-04-04 01:09:13", "elapsed": 5837.839768, "delta": 10.30884}}
{"target": -118.92780297078572, "params": {"gamma": 0.47355851733861115, "lr": 0.6911738256163018}, "datetime": {"datetime": "2024-04-04 01:09:24", "elapsed": 5848.349697, "delta": 10.509929}}
{"target": -172.07429606674614, "params": {"gamma": 0.9916487602952135, "lr": 0.8777144705513332}, "datetime": {"datetime": "2024-04-04 01:09:33", "elapsed": 5857.586806, "delta": 9.237109}}
{"target": -167.07604078188524, "params": {"gamma": 1.5769045171325247, "lr": 0.49352221675930175}, "datetime": {"datetime": "2024-04-04 01:09:42", "elapsed": 5866.560323, "delta": 8.973517}}
{"target": -238.44730100597067, "params": {"gamma": 2.539111894089326, "lr": 0.3339346367524094}, "datetime": {"datetime": "2024-04-04 01:09:53", "elapsed": 5877.945562, "delta": 11.385239}}
{"target": -141.30658693514286, "params": {"gamma": 1.4017471561482366, "lr": 0.33204506117275756}, "datetime": {"datetime": "2024-04-04 01:10:05", "elapsed": 5889.702889, "delta": 11.757327}}
{"target": -137.7198420707769, "params": {"gamma": 0.042950818901092994, "lr": 0.8200640624559246}, "datetime": {"datetime": "2024-04-04 01:10:17", "elapsed": 5901.555669, "delta": 11.85278}}
{"target": -107.68710790852222, "params": {"gamma": 0.5431371669793432, "lr": 0.3270342545036766}, "datetime": {"datetime": "2024-04-04 01:10:28", "elapsed": 5912.263747, "delta": 10.708078}}
{"target": -261.56690649984546, "params": {"gamma": 2.4054333533603716, "lr": 0.5574630449226994}, "datetime": {"datetime": "2024-04-04 01:10:44", "elapsed": 5928.277667, "delta": 16.01392}}
{"target": -250.85934807470684, "params": {"gamma": 2.5003112698085452, "lr": 0.3774815862141343}, "datetime": {"datetime": "2024-04-04 01:10:48", "elapsed": 5932.32921, "delta": 4.051543}}
{"target": -355.24793877783037, "params": {"gamma": 4.273614302195464, "lr": 0.2980231825499303}, "datetime": {"datetime": "2024-04-04 01:11:03", "elapsed": 5947.90245, "delta": 15.57324}}
{"target": -116.04262569207305, "params": {"gamma": 0.7206814383206048, "lr": 0.4567544605408177}, "datetime": {"datetime": "2024-04-04 01:11:13", "elapsed": 5957.342672, "delta": 9.440222}}
{"target": -112.2468546486224, "params": {"gamma": 0.41537838502038493, "lr": 0.40116748691665793}, "datetime": {"datetime": "2024-04-04 01:11:21", "elapsed": 5966.009043, "delta": 8.666371}}
{"target": -509.033555199977, "params": {"gamma": 6.217128866471548, "lr": 0.3320731037004421}, "datetime": {"datetime": "2024-04-04 01:11:30", "elapsed": 5974.540013, "delta": 8.53097}}
{"target": -119.93134710549309, "params": {"gamma": 0.33371203196266125, "lr": 0.7737030402998216}, "datetime": {"datetime": "2024-04-04 01:11:39", "elapsed": 5984.15384, "delta": 9.613827}}
{"target": -127.46751796488249, "params": {"gamma": 0.9214525321564171, "lr": 0.22400727386051866}, "datetime": {"datetime": "2024-04-04 01:11:47", "elapsed": 5992.073366, "delta": 7.919526}}
{"target": -172.49247679692203, "params": {"gamma": 1.0957937509131679, "lr": 0.15412016128963135}, "datetime": {"datetime": "2024-04-04 01:12:00", "elapsed": 6004.479626, "delta": 12.40626}}
{"target": -966.9694248334113, "params": {"gamma": 8.397034782333924, "lr": 0.6680350273335731}, "datetime": {"datetime": "2024-04-04 01:12:04", "elapsed": 6008.407645, "delta": 3.928019}}
{"target": -555.0438774347881, "params": {"gamma": 5.4128820804501645, "lr": 0.5385299580513708}, "datetime": {"datetime": "2024-04-04 01:12:19", "elapsed": 6024.180062, "delta": 15.772417}}
{"target": -230.3440594461603, "params": {"gamma": 1.14274964562953, "lr": 1.0}, "datetime": {"datetime": "2024-04-04 01:12:45", "elapsed": 6049.800602, "delta": 25.62054}}
{"target": -354.61467131952105, "params": {"gamma": 3.64863323805505, "lr": 0.37848246443273503}, "datetime": {"datetime": "2024-04-04 01:12:53", "elapsed": 6058.10248, "delta": 8.301878}}
{"target": -155.44518367607816, "params": {"gamma": 1.357354035241465, "lr": 0.21814248921528123}, "datetime": {"datetime": "2024-04-04 01:13:01", "elapsed": 6066.141831, "delta": 8.039351}}
{"target": -127.94663479010893, "params": {"gamma": 0.22393323940033927, "lr": 1.0}, "datetime": {"datetime": "2024-04-04 01:13:14", "elapsed": 6078.370073, "delta": 12.228242}}
{"target": -116.47142262989898, "params": {"gamma": 0.5326968724461845, "lr": 0.5603440050450954}, "datetime": {"datetime": "2024-04-04 01:13:27", "elapsed": 6092.057991, "delta": 13.687918}}
{"target": -134.4147483241062, "params": {"gamma": 0.8778677677748775, "lr": 0.6376405771750604}, "datetime": {"datetime": "2024-04-04 01:13:44", "elapsed": 6108.975345, "delta": 16.917354}}
{"target": -205.45739276016215, "params": {"gamma": 1.7392224657146889, "lr": 0.6253005887387065}, "datetime": {"datetime": "2024-04-04 01:13:55", "elapsed": 6120.259242, "delta": 11.283897}}
{"target": -116.83179438183329, "params": {"gamma": 0.30888871501501713, "lr": 0.6573300545845832}, "datetime": {"datetime": "2024-04-04 01:14:06", "elapsed": 6130.813324, "delta": 10.554082}}
{"target": -355.9092051481519, "params": {"gamma": 1.9234248068593665, "lr": 1.0}, "datetime": {"datetime": "2024-04-04 01:14:18", "elapsed": 6142.894516, "delta": 12.081192}}
{"target": -123.93018630959334, "params": {"gamma": 0.3305361697881344, "lr": 0.9018345898000186}, "datetime": {"datetime": "2024-04-04 01:14:29", "elapsed": 6153.871181, "delta": 10.976665}}
{"target": -174.6897965838764, "params": {"gamma": 1.4691559224430515, "lr": 0.5222605152294278}, "datetime": {"datetime": "2024-04-04 01:14:45", "elapsed": 6169.294136, "delta": 15.422955}}
{"target": -124.8004057683314, "params": {"gamma": 0.17841593633360728, "lr": 0.8851362368614692}, "datetime": {"datetime": "2024-04-04 01:14:58", "elapsed": 6182.759137, "delta": 13.465001}}
{"target": -144.19851786841986, "params": {"gamma": 0.001, "lr": 0.03241816896953598}, "datetime": {"datetime": "2024-04-04 01:15:06", "elapsed": 6191.167171, "delta": 8.408034}}
{"target": -167.82146850636508, "params": {"gamma": 1.0787299502126615, "lr": 0.7198091121117541}, "datetime": {"datetime": "2024-04-04 01:15:16", "elapsed": 6201.114462, "delta": 9.947291}}
{"target": -471.2943057441912, "params": {"gamma": 1.3636412697388116, "lr": 0.08357920811389974}, "datetime": {"datetime": "2024-04-04 01:15:31", "elapsed": 6215.447283, "delta": 14.332821}}
{"target": -269.7666271814847, "params": {"gamma": 3.1795830642960867, "lr": 0.324142182205862}, "datetime": {"datetime": "2024-04-04 01:15:39", "elapsed": 6223.63857, "delta": 8.191287}}
{"target": -276.3657346350952, "params": {"gamma": 3.0577325735380834, "lr": 0.42637186843535213}, "datetime": {"datetime": "2024-04-04 01:15:47", "elapsed": 6231.286007, "delta": 7.647437}}
{"target": -125.67570398223181, "params": {"gamma": 0.1521040835789338, "lr": 0.4627271452616457}, "datetime": {"datetime": "2024-04-04 01:16:09", "elapsed": 6253.837052, "delta": 22.551045}}
{"target": -550.7591234981398, "params": {"gamma": 5.168137961992274, "lr": 0.6642809907130701}, "datetime": {"datetime": "2024-04-04 01:16:13", "elapsed": 6257.908938, "delta": 4.071886}}
{"target": -156.89195864882072, "params": {"gamma": 0.842701564533193, "lr": 0.8852100009454495}, "datetime": {"datetime": "2024-04-04 01:16:26", "elapsed": 6271.094749, "delta": 13.185811}}
{"target": -117.40223871297086, "params": {"gamma": 0.6000865806813481, "lr": 0.5322698376376361}, "datetime": {"datetime": "2024-04-04 01:16:38", "elapsed": 6282.648509, "delta": 11.55376}}
{"target": -593.8779072501295, "params": {"gamma": 6.5208359078694285, "lr": 0.46632341710009273}, "datetime": {"datetime": "2024-04-04 01:16:42", "elapsed": 6286.932338, "delta": 4.283829}}
{"target": -137.47860411222544, "params": {"gamma": 0.04496366285898294, "lr": 0.9568224095770783}, "datetime": {"datetime": "2024-04-04 01:16:56", "elapsed": 6300.933514, "delta": 14.001176}}
{"target": -428.896404191907, "params": {"gamma": 4.143013458361553, "lr": 0.5350222418014875}, "datetime": {"datetime": "2024-04-04 01:17:00", "elapsed": 6305.211443, "delta": 4.277929}}
{"target": -318.9744526168846, "params": {"gamma": 3.413458089463583, "lr": 0.4663270087354332}, "datetime": {"datetime": "2024-04-04 01:17:19", "elapsed": 6323.396228, "delta": 18.184785}}
{"target": -115.47350215181959, "params": {"gamma": 0.5227401862011284, "lr": 0.5061625562259877}, "datetime": {"datetime": "2024-04-04 01:17:30", "elapsed": 6334.499728, "delta": 11.1035}}
{"target": -135.4699576000297, "params": {"gamma": 1.1707495330063888, "lr": 0.405644906071154}, "datetime": {"datetime": "2024-04-04 01:17:40", "elapsed": 6344.375026, "delta": 9.875298}}
{"target": -383.0274902604659, "params": {"gamma": 2.781363483446895, "lr": 0.8209949407159705}, "datetime": {"datetime": "2024-04-04 01:17:44", "elapsed": 6348.730482, "delta": 4.355456}}
{"target": -709.4856440421414, "params": {"gamma": 5.832830344217257, "lr": 0.7693191542753347}, "datetime": {"datetime": "2024-04-04 01:17:59", "elapsed": 6363.920804, "delta": 15.190322}}
{"target": -123.6507796883051, "params": {"gamma": 0.1976034307520394, "lr": 0.7958423986627633}, "datetime": {"datetime": "2024-04-04 01:18:09", "elapsed": 6373.97307, "delta": 10.052266}}
{"target": -246.18294182961552, "params": {"gamma": 1.4981094212332142, "lr": 0.9457945441205414}, "datetime": {"datetime": "2024-04-04 01:18:21", "elapsed": 6385.280228, "delta": 11.307158}}
{"target": -121.5603160511265, "params": {"gamma": 0.4165379112092021, "lr": 0.7831930182289697}, "datetime": {"datetime": "2024-04-04 01:18:35", "elapsed": 6399.684756, "delta": 14.404528}}
{"target": -115.63815005956093, "params": {"gamma": 0.3530139232298343, "lr": 0.5843457636634102}, "datetime": {"datetime": "2024-04-04 01:18:42", "elapsed": 6406.285613, "delta": 6.600857}}
{"target": -123.83027038018878, "params": {"gamma": 0.8356544229589526, "lr": 0.3927853229084921}, "datetime": {"datetime": "2024-04-04 01:18:53", "elapsed": 6417.291578, "delta": 11.005965}}
{"target": -222.90532592049627, "params": {"gamma": 1.317858821920792, "lr": 0.9255113490705044}, "datetime": {"datetime": "2024-04-04 01:18:57", "elapsed": 6421.422268, "delta": 4.13069}}
{"target": -120.8579324238642, "params": {"gamma": 0.8430792767772505, "lr": 0.46309282777744}, "datetime": {"datetime": "2024-04-04 01:19:10", "elapsed": 6434.266652, "delta": 12.844384}}
{"target": -106.81370004300912, "params": {"gamma": 0.6748218586314919, "lr": 0.28219345621367947}, "datetime": {"datetime": "2024-04-04 01:19:24", "elapsed": 6448.918418, "delta": 14.651766}}
{"target": -119.36348500124284, "params": {"gamma": 0.337942436992726, "lr": 0.16697400274439628}, "datetime": {"datetime": "2024-04-04 01:19:37", "elapsed": 6461.6128, "delta": 12.694382}}
{"target": -164.3612305061224, "params": {"gamma": 1.3704758129777301, "lr": 0.588551208773162}, "datetime": {"datetime": "2024-04-04 01:19:41", "elapsed": 6465.846882, "delta": 4.234082}}
{"target": -316.04989339942716, "params": {"gamma": 2.020926540156331, "lr": 0.9993997408074923}, "datetime": {"datetime": "2024-04-04 01:19:52", "elapsed": 6476.882577, "delta": 11.035695}}
{"target": -283.0123265237586, "params": {"gamma": 2.096252322093819, "lr": 0.15177538756067321}, "datetime": {"datetime": "2024-04-04 01:20:12", "elapsed": 6497.260672, "delta": 20.378095}}
{"target": -296.026830423214, "params": {"gamma": 2.207988825564366, "lr": 0.16135267893832161}, "datetime": {"datetime": "2024-04-04 01:20:29", "elapsed": 6513.656154, "delta": 16.395482}}
{"target": -244.80661710117633, "params": {"gamma": 1.236650171469559, "lr": 1.0}, "datetime": {"datetime": "2024-04-04 01:20:42", "elapsed": 6526.279164, "delta": 12.62301}}
{"target": -126.11180143359122, "params": {"gamma": 0.14863597131265693, "lr": 0.5475668444985018}, "datetime": {"datetime": "2024-04-04 01:20:56", "elapsed": 6541.136693, "delta": 14.857529}}
{"target": -122.19960083926884, "params": {"gamma": 0.3662511543799351, "lr": 0.8098580370882308}, "datetime": {"datetime": "2024-04-04 01:21:12", "elapsed": 6556.396537, "delta": 15.259844}}
{"target": -214.46052214955043, "params": {"gamma": 1.8360585790405834, "lr": 0.6654458470547608}, "datetime": {"datetime": "2024-04-04 01:21:31", "elapsed": 6575.773751, "delta": 19.377214}}
{"target": -142.95908197088104, "params": {"gamma": 1.428696177887771, "lr": 0.2903641899317174}, "datetime": {"datetime": "2024-04-04 01:21:44", "elapsed": 6588.48096, "delta": 12.707209}}
{"target": -318.25190949242034, "params": {"gamma": 2.2825182923505136, "lr": 0.8031276050152164}, "datetime": {"datetime": "2024-04-04 01:21:52", "elapsed": 6596.971943, "delta": 8.490983}}
{"target": -130.40897805243702, "params": {"gamma": 0.09447520175160995, "lr": 0.26375679331863155}, "datetime": {"datetime": "2024-04-04 01:21:56", "elapsed": 6600.991671, "delta": 4.019728}}
{"target": -105.91993154087889, "params": {"gamma": 0.543549091766367, "lr": 0.2546744340662771}, "datetime": {"datetime": "2024-04-04 01:22:06", "elapsed": 6610.90333, "delta": 9.911659}}
{"target": -116.25562355265346, "params": {"gamma": 0.23739074700019294, "lr": 0.2549708837858319}, "datetime": {"datetime": "2024-04-04 01:22:15", "elapsed": 6619.976823, "delta": 9.073493}}
{"target": -134.9559785757413, "params": {"gamma": 0.5156186003127274, "lr": 0.9301820772812448}, "datetime": {"datetime": "2024-04-04 01:22:20", "elapsed": 6624.38491, "delta": 4.408087}}
{"target": -113.64222159128958, "params": {"gamma": 0.35567819518840327, "lr": 0.4746054084699656}, "datetime": {"datetime": "2024-04-04 01:22:28", "elapsed": 6632.284486, "delta": 7.899576}}
{"target": -112.10373009239322, "params": {"gamma": 0.48866029499874464, "lr": 0.3631073093324044}, "datetime": {"datetime": "2024-04-04 01:22:39", "elapsed": 6643.698566, "delta": 11.41408}}
{"target": -198.04867356820813, "params": {"gamma": 1.886930563857935, "lr": 0.39327433588619587}, "datetime": {"datetime": "2024-04-04 01:22:46", "elapsed": 6651.190273, "delta": 7.491707}}
{"target": -780.1664106724286, "params": {"gamma": 5.336311486310064, "lr": 0.9709713134951646}, "datetime": {"datetime": "2024-04-04 01:22:51", "elapsed": 6655.541194, "delta": 4.350921}}
{"target": -447.4226974685703, "params": {"gamma": 1.7087245258086792, "lr": 0.10065486012718594}, "datetime": {"datetime": "2024-04-04 01:22:55", "elapsed": 6659.649416, "delta": 4.108222}}
{"target": -202.50973309732552, "params": {"gamma": 2.4237816262629033, "lr": 0.2674844430080433}, "datetime": {"datetime": "2024-04-04 01:23:08", "elapsed": 6672.66065, "delta": 13.011234}}
{"target": -167.21729670455426, "params": {"gamma": 1.379409862442944, "lr": 0.5402231616276124}, "datetime": {"datetime": "2024-04-04 01:23:34", "elapsed": 6698.553353, "delta": 25.892703}}
{"target": -123.38510653017046, "params": {"gamma": 0.19049341304698567, "lr": 0.3656910647756657}, "datetime": {"datetime": "2024-04-04 01:23:44", "elapsed": 6708.324195, "delta": 9.770842}}
{"target": -136.41463447940126, "params": {"gamma": 0.6466734156186357, "lr": 0.8561327296590375}, "datetime": {"datetime": "2024-04-04 01:23:54", "elapsed": 6718.33886, "delta": 10.014665}}
{"target": -108.77493239891328, "params": {"gamma": 0.6658445355381003, "lr": 0.32926517275527556}, "datetime": {"datetime": "2024-04-04 01:24:05", "elapsed": 6730.118786, "delta": 11.779926}}
{"target": -148.7071772122482, "params": {"gamma": 1.1443384987121055, "lr": 0.5424043570577222}, "datetime": {"datetime": "2024-04-04 01:24:14", "elapsed": 6738.888439, "delta": 8.769653}}
{"target": -294.52705539905924, "params": {"gamma": 1.861884945486085, "lr": 0.9293864554902989}, "datetime": {"datetime": "2024-04-04 01:24:18", "elapsed": 6743.252577, "delta": 4.364138}}
{"target": -152.37633582455032, "params": {"gamma": 0.913383014839438, "lr": 0.7145549614458796}, "datetime": {"datetime": "2024-04-04 01:24:46", "elapsed": 6770.636594, "delta": 27.384017}}
{"target": -140.2882896552245, "params": {"gamma": 0.02723866787549125, "lr": 0.43816360081676065}, "datetime": {"datetime": "2024-04-04 01:25:02", "elapsed": 6786.724397, "delta": 16.087803}}
{"target": -126.80158436005867, "params": {"gamma": 0.49347868120124033, "lr": 0.8037566311354757}, "datetime": {"datetime": "2024-04-04 01:25:10", "elapsed": 6795.257001, "delta": 8.532604}}
{"target": -509.193005375662, "params": {"gamma": 4.766046803086776, "lr": 0.6377086824778958}, "datetime": {"datetime": "2024-04-04 01:25:20", "elapsed": 6804.649013, "delta": 9.392012}}
{"target": -636.5394407288093, "params": {"gamma": 7.822729709532785, "lr": 0.3112406219009186}, "datetime": {"datetime": "2024-04-04 01:25:24", "elapsed": 6808.799201, "delta": 4.150188}}
{"target": -149.01656977461056, "params": {"gamma": 0.7966735860458634, "lr": 0.8035640354177762}, "datetime": {"datetime": "2024-04-04 01:25:43", "elapsed": 6827.737397, "delta": 18.938196}}
{"target": -124.36600797394205, "params": {"gamma": 0.2680510952794439, "lr": 0.9672305933560502}, "datetime": {"datetime": "2024-04-04 01:25:54", "elapsed": 6838.678401, "delta": 10.941004}}
{"target": -124.0573040921153, "params": {"gamma": 0.4526488917400211, "lr": 0.15279227474388676}, "datetime": {"datetime": "2024-04-04 01:26:09", "elapsed": 6854.085452, "delta": 15.407051}}
{"target": -192.94043990406888, "params": {"gamma": 1.6616550948869229, "lr": 0.5643625653442331}, "datetime": {"datetime": "2024-04-04 01:26:38", "elapsed": 6883.068197, "delta": 28.982745}}
{"target": -242.32402816644014, "params": {"gamma": 2.8222603008854374, "lr": 0.3262585632027996}, "datetime": {"datetime": "2024-04-04 01:26:46", "elapsed": 6890.60791, "delta": 7.539713}}
{"target": -128.27295075712132, "params": {"gamma": 0.12115450112525511, "lr": 0.849760036549481}, "datetime": {"datetime": "2024-04-04 01:27:00", "elapsed": 6904.354396, "delta": 13.746486}}
{"target": -229.51798955835147, "params": {"gamma": 2.5070696146397466, "lr": 0.4337408663825808}, "datetime": {"datetime": "2024-04-04 01:27:13", "elapsed": 6917.573396, "delta": 13.219}}
{"target": -163.48082391957115, "params": {"gamma": 0.821036505968117, "lr": 0.9542805599356184}, "datetime": {"datetime": "2024-04-04 01:27:19", "elapsed": 6924.077808, "delta": 6.504412}}
{"target": -117.65982195586032, "params": {"gamma": 0.783276230199126, "lr": 0.3380397757745984}, "datetime": {"datetime": "2024-04-04 01:27:32", "elapsed": 6936.981509, "delta": 12.903701}}
{"target": -137.42190492064714, "params": {"gamma": 0.7623163208979737, "lr": 0.1921748036945672}, "datetime": {"datetime": "2024-04-04 01:27:56", "elapsed": 6960.419629, "delta": 23.43812}}
{"target": -185.81492652567647, "params": {"gamma": 1.8077845822500844, "lr": 0.22699161672270018}, "datetime": {"datetime": "2024-04-04 01:28:13", "elapsed": 6977.514626, "delta": 17.094997}}
{"target": -129.79768754636143, "params": {"gamma": 0.127699872363268, "lr": 0.1473734367150158}, "datetime": {"datetime": "2024-04-04 01:28:26", "elapsed": 6990.95996, "delta": 13.445334}}
{"target": -143.06915502547918, "params": {"gamma": 0.9747124479873842, "lr": 0.6140151206188572}, "datetime": {"datetime": "2024-04-04 01:28:33", "elapsed": 6997.960967, "delta": 7.001007}}
{"target": -291.57130932338504, "params": {"gamma": 3.0966311264062996, "lr": 0.49093123528686455}, "datetime": {"datetime": "2024-04-04 01:28:40", "elapsed": 7005.260105, "delta": 7.299138}}
{"target": -117.66359071780822, "params": {"gamma": 0.4109291172829396, "lr": 0.684397652949197}, "datetime": {"datetime": "2024-04-04 01:28:52", "elapsed": 7016.934913, "delta": 11.674808}}
{"target": -125.8444606333123, "params": {"gamma": 1.1284448230443072, "lr": 0.2876563238623976}, "datetime": {"datetime": "2024-04-04 01:29:13", "elapsed": 7037.544495, "delta": 20.609582}}
{"target": -119.74362297550324, "params": {"gamma": 0.6694645571586765, "lr": 0.5844149075583511}, "datetime": {"datetime": "2024-04-04 01:29:28", "elapsed": 7053.230477, "delta": 15.685982}}
{"target": -107.87828907868118, "params": {"gamma": 0.5929782402397064, "lr": 0.30308565856723957}, "datetime": {"datetime": "2024-04-04 01:29:44", "elapsed": 7069.032842, "delta": 15.802365}}
