{"target": -439.2542053721727, "params": {"gamma": 5.336999796367143, "lr": 0.31446701118584963}, "datetime": {"datetime": "2024-04-03 23:31:56", "elapsed": 0.617444, "delta": 0.002597}}
{"target": -790.5911148985875, "params": {"gamma": 9.1078175389072, "lr": 0.36655664385123443}, "datetime": {"datetime": "2024-04-03 23:31:56", "elapsed": 0.62007, "delta": 0.002626}}
{"target": -448.0548558617153, "params": {"gamma": 4.336489680404373, "lr": 0.5122926922783614}, "datetime": {"datetime": "2024-04-03 23:31:56", "elapsed": 0.622718, "delta": 0.002648}}
{"target": -3187.4178450039935, "params": {"gamma": 9.388925887219763, "lr": 0.030949006271150714}, "datetime": {"datetime": "2024-04-03 23:31:56", "elapsed": 0.625414, "delta": 0.002696}}
{"target": -967.459452391691, "params": {"gamma": 7.1690697576532605, "lr": 0.8910189542923389}, "datetime": {"datetime": "2024-04-03 23:31:56", "elapsed": 0.628034, "delta": 0.00262}}
{"target": -117.82095100752552, "params": {"gamma": 0.2738449479511707, "lr": 0.5220512472525107}, "datetime": {"datetime": "2024-04-03 23:31:56", "elapsed": 0.630715, "delta": 0.002681}}
{"target": -446.343353609977, "params": {"gamma": 3.2605721278884827, "lr": 0.8594893208655858}, "datetime": {"datetime": "2024-04-03 23:31:56", "elapsed": 0.633542, "delta": 0.002827}}
{"target": -649.6290388165387, "params": {"gamma": 5.585606992674257, "lr": 0.6902278681627478}, "datetime": {"datetime": "2024-04-03 23:31:56", "elapsed": 0.636417, "delta": 0.002875}}
{"target": -484.7383600624819, "params": {"gamma": 4.529082146015424, "lr": 0.6283090375213571}, "datetime": {"datetime": "2024-04-03 23:31:56", "elapsed": 0.639377, "delta": 0.00296}}
{"target": -1013.0585669595813, "params": {"gamma": 2.901678420022571, "lr": 0.009348577966515781}, "datetime": {"datetime": "2024-04-03 23:31:56", "elapsed": 0.642145, "delta": 0.002768}}
{"target": -473.40693078200553, "params": {"gamma": 5.767982593935921, "lr": 0.3114442141324628}, "datetime": {"datetime": "2024-04-03 23:31:56", "elapsed": 0.64485, "delta": 0.002705}}
{"target": -757.0858286209312, "params": {"gamma": 5.1731587174127975, "lr": 0.9164058530538978}, "datetime": {"datetime": "2024-04-03 23:31:56", "elapsed": 0.647573, "delta": 0.002723}}
{"target": -391.7706844439152, "params": {"gamma": 4.265321410225459, "lr": 0.2473960366023854}, "datetime": {"datetime": "2024-04-03 23:31:56", "elapsed": 0.650232, "delta": 0.002659}}
{"target": -551.1724263207255, "params": {"gamma": 3.7135663190292654, "lr": 0.9318611166365406}, "datetime": {"datetime": "2024-04-03 23:31:56", "elapsed": 0.652924, "delta": 0.002692}}
{"target": -1216.7988151040574, "params": {"gamma": 9.368746944709628, "lr": 0.8443299485657132}, "datetime": {"datetime": "2024-04-03 23:31:56", "elapsed": 0.655632, "delta": 0.002708}}
{"target": -825.0739180107025, "params": {"gamma": 9.202144936542298, "lr": 0.22790028995131695}, "datetime": {"datetime": "2024-04-03 23:31:56", "elapsed": 0.658378, "delta": 0.002746}}
{"target": -125.3137616004787, "params": {"gamma": 0.8757346133263552, "lr": 0.22730973628468876}, "datetime": {"datetime": "2024-04-03 23:31:56", "elapsed": 0.661128, "delta": 0.00275}}
{"target": -372.8275254965728, "params": {"gamma": 3.1444517845243904, "lr": 0.17476587635631158}, "datetime": {"datetime": "2024-04-03 23:31:56", "elapsed": 0.663861, "delta": 0.002733}}
{"target": -529.5784306669876, "params": {"gamma": 6.071334525562633, "lr": 0.41358641500116133}, "datetime": {"datetime": "2024-04-03 23:31:56", "elapsed": 0.666612, "delta": 0.002751}}
{"target": -914.0416822590863, "params": {"gamma": 8.163698766760314, "lr": 0.18513039826903066}, "datetime": {"datetime": "2024-04-03 23:31:56", "elapsed": 0.669548, "delta": 0.002936}}
{"target": -633.0681336199673, "params": {"gamma": 7.019063421033349, "lr": 0.24035562484913886}, "datetime": {"datetime": "2024-04-03 23:31:56", "elapsed": 0.672446, "delta": 0.002898}}
{"target": -511.87876835655135, "params": {"gamma": 5.742616669319757, "lr": 0.34898759722078887}, "datetime": {"datetime": "2024-04-03 23:31:56", "elapsed": 0.675283, "delta": 0.002837}}
{"target": -115.55460625832526, "params": {"gamma": 0.5705870304288444, "lr": 0.22881367096037586}, "datetime": {"datetime": "2024-04-03 23:31:56", "elapsed": 0.67793, "delta": 0.002647}}
{"target": -604.6289046315337, "params": {"gamma": 6.641361450992581, "lr": 0.4972500933605313}, "datetime": {"datetime": "2024-04-03 23:31:56", "elapsed": 0.680672, "delta": 0.002742}}
{"target": -600.8959003871327, "params": {"gamma": 5.190640824752714, "lr": 0.1747201501089225}, "datetime": {"datetime": "2024-04-03 23:31:56", "elapsed": 0.683391, "delta": 0.002719}}
{"target": -832.7182197963642, "params": {"gamma": 5.7075877996110185, "lr": 0.99675342520821}, "datetime": {"datetime": "2024-04-03 23:31:56", "elapsed": 0.686068, "delta": 0.002677}}
{"target": -809.732666459884, "params": {"gamma": 8.168534252807428, "lr": 0.5943726238309778}, "datetime": {"datetime": "2024-04-03 23:31:56", "elapsed": 0.688788, "delta": 0.00272}}
{"target": -1366.3687330332382, "params": {"gamma": 9.759914694240718, "lr": 0.9015625846693213}, "datetime": {"datetime": "2024-04-03 23:31:56", "elapsed": 0.691508, "delta": 0.00272}}
{"target": -2035.931140162282, "params": {"gamma": 5.956483728092853, "lr": 0.032426325314457105}, "datetime": {"datetime": "2024-04-03 23:31:56", "elapsed": 0.694182, "delta": 0.002674}}
{"target": -367.23689650566587, "params": {"gamma": 0.93667738107899, "lr": 0.06537171504222639}, "datetime": {"datetime": "2024-04-03 23:31:56", "elapsed": 0.696874, "delta": 0.002692}}
{"target": -434.7909293626178, "params": {"gamma": 4.517879753766062, "lr": 0.37543483316785775}, "datetime": {"datetime": "2024-04-03 23:31:56", "elapsed": 0.699662, "delta": 0.002788}}
{"target": -1113.9103487669365, "params": {"gamma": 9.753524992668595, "lr": 0.1679832931996149}, "datetime": {"datetime": "2024-04-03 23:31:56", "elapsed": 0.702506, "delta": 0.002844}}
{"target": -1168.7351566102866, "params": {"gamma": 9.72790313173462, "lr": 0.7674748688630131}, "datetime": {"datetime": "2024-04-03 23:31:56", "elapsed": 0.705492, "delta": 0.002986}}
{"target": -869.8281152062001, "params": {"gamma": 8.242554158405353, "lr": 0.6326158167779973}, "datetime": {"datetime": "2024-04-03 23:31:56", "elapsed": 0.70828, "delta": 0.002788}}
{"target": -608.7593618633318, "params": {"gamma": 6.6876589692971145, "lr": 0.47688233352119336}, "datetime": {"datetime": "2024-04-03 23:31:56", "elapsed": 0.711062, "delta": 0.002782}}
{"target": -128.09586144285936, "params": {"gamma": 0.13235043287379938, "lr": 0.3530060855418248}, "datetime": {"datetime": "2024-04-03 23:31:56", "elapsed": 0.713757, "delta": 0.002695}}
{"target": -613.2638877863326, "params": {"gamma": 4.9212259431340915, "lr": 0.7300912110901043}, "datetime": {"datetime": "2024-04-03 23:31:56", "elapsed": 0.716469, "delta": 0.002712}}
{"target": -430.80475763699053, "params": {"gamma": 4.686814799118347, "lr": 0.4574049160894317}, "datetime": {"datetime": "2024-04-03 23:31:56", "elapsed": 0.719209, "delta": 0.00274}}
{"target": -509.1893545922168, "params": {"gamma": 1.377489746715086, "lr": 0.01088873380347899}, "datetime": {"datetime": "2024-04-03 23:31:56", "elapsed": 0.721858, "delta": 0.002649}}
{"target": -617.4949359319793, "params": {"gamma": 7.583024326509486, "lr": 0.3199528380776784}, "datetime": {"datetime": "2024-04-03 23:31:56", "elapsed": 0.724482, "delta": 0.002624}}
{"target": -901.206299362223, "params": {"gamma": 9.843850118484914, "lr": 0.220234226159156}, "datetime": {"datetime": "2024-04-03 23:31:56", "elapsed": 0.727114, "delta": 0.002632}}
{"target": -354.49652553343645, "params": {"gamma": 3.387741546791315, "lr": 0.5238961356661317}, "datetime": {"datetime": "2024-04-03 23:31:56", "elapsed": 0.729755, "delta": 0.002641}}
{"target": -685.6736014190433, "params": {"gamma": 7.549159679148268, "lr": 0.46385778390029564}, "datetime": {"datetime": "2024-04-03 23:31:56", "elapsed": 0.732377, "delta": 0.002622}}
{"target": -132.34689315043641, "params": {"gamma": 1.2491006085736511, "lr": 0.3125013784920495}, "datetime": {"datetime": "2024-04-03 23:31:56", "elapsed": 0.735165, "delta": 0.002788}}
{"target": -588.8052228860779, "params": {"gamma": 5.045687177840246, "lr": 0.6738490080168676}, "datetime": {"datetime": "2024-04-03 23:31:56", "elapsed": 0.73811, "delta": 0.002945}}
{"target": -1391.4966587643512, "params": {"gamma": 7.70172941316461, "lr": 0.13033578095435427}, "datetime": {"datetime": "2024-04-03 23:31:56", "elapsed": 0.74097, "delta": 0.00286}}
{"target": -120.04650614709331, "params": {"gamma": 0.23012839809249527, "lr": 0.5190823222119895}, "datetime": {"datetime": "2024-04-03 23:31:56", "elapsed": 0.743729, "delta": 0.002759}}
{"target": -2755.017656960205, "params": {"gamma": 8.1000771179135, "lr": 0.012603767029876312}, "datetime": {"datetime": "2024-04-03 23:31:56", "elapsed": 0.746365, "delta": 0.002636}}
{"target": -778.1635132620975, "params": {"gamma": 6.725025976692686, "lr": 0.6868082266569918}, "datetime": {"datetime": "2024-04-03 23:31:56", "elapsed": 0.749002, "delta": 0.002637}}
{"target": -660.979625594112, "params": {"gamma": 4.49301828911279, "lr": 0.9147886867419343}, "datetime": {"datetime": "2024-04-03 23:31:56", "elapsed": 0.751664, "delta": 0.002662}}
{"target": -2199.442691097505, "params": {"gamma": 6.443966486485173, "lr": 0.005239837651465851}, "datetime": {"datetime": "2024-04-03 23:31:56", "elapsed": 0.754315, "delta": 0.002651}}
{"target": -648.9123357747087, "params": {"gamma": 4.844800026698242, "lr": 0.8593178060976}, "datetime": {"datetime": "2024-04-03 23:31:56", "elapsed": 0.756956, "delta": 0.002641}}
{"target": -876.2314950920752, "params": {"gamma": 8.304165300803357, "lr": 0.6491541971124779}, "datetime": {"datetime": "2024-04-03 23:31:56", "elapsed": 0.759675, "delta": 0.002719}}
{"target": -670.352895655029, "params": {"gamma": 6.737310540562419, "lr": 0.5784995797892005}, "datetime": {"datetime": "2024-04-03 23:31:56", "elapsed": 0.762397, "delta": 0.002722}}
{"target": -293.8236923434094, "params": {"gamma": 2.741923631893355, "lr": 0.5605299905360588}, "datetime": {"datetime": "2024-04-03 23:31:56", "elapsed": 0.765049, "delta": 0.002652}}
{"target": -596.4808742891554, "params": {"gamma": 6.717626118389386, "lr": 0.35242963021640883}, "datetime": {"datetime": "2024-04-03 23:31:56", "elapsed": 0.767747, "delta": 0.002698}}
{"target": -957.2594916466151, "params": {"gamma": 8.558427844172023, "lr": 0.1950374860087073}, "datetime": {"datetime": "2024-04-03 23:31:56", "elapsed": 0.770759, "delta": 0.003012}}
{"target": -608.7908530258591, "params": {"gamma": 7.473460782508901, "lr": 0.2896027461868774}, "datetime": {"datetime": "2024-04-03 23:31:56", "elapsed": 0.773604, "delta": 0.002845}}
{"target": -671.6333353667337, "params": {"gamma": 7.738219073154577, "lr": 0.4277373293360762}, "datetime": {"datetime": "2024-04-03 23:31:56", "elapsed": 0.776266, "delta": 0.002662}}
{"target": -714.6176620291156, "params": {"gamma": 8.077176392712982, "lr": 0.3535348626679904}, "datetime": {"datetime": "2024-04-03 23:31:56", "elapsed": 0.778918, "delta": 0.002652}}
{"target": -279.36113816504303, "params": {"gamma": 2.137718683058182, "lr": 0.7672845084217665}, "datetime": {"datetime": "2024-04-03 23:31:56", "elapsed": 0.781573, "delta": 0.002655}}
{"target": -394.5367999669501, "params": {"gamma": 3.0871108343588807, "lr": 0.7332450677264275}, "datetime": {"datetime": "2024-04-03 23:31:56", "elapsed": 0.784208, "delta": 0.002635}}
{"target": -685.3582457106552, "params": {"gamma": 7.444987057624244, "lr": 0.22139670090820107}, "datetime": {"datetime": "2024-04-03 23:31:56", "elapsed": 0.787109, "delta": 0.002901}}
{"target": -261.31322590022154, "params": {"gamma": 2.141907256069664, "lr": 0.1989479234270667}, "datetime": {"datetime": "2024-04-03 23:31:56", "elapsed": 0.789753, "delta": 0.002644}}
{"target": -161.36093615908314, "params": {"gamma": 1.4260408593206808, "lr": 0.3770825992073341}, "datetime": {"datetime": "2024-04-03 23:31:56", "elapsed": 0.792524, "delta": 0.002771}}
{"target": -155.9026066351188, "params": {"gamma": 0.26725221903152313, "lr": 0.11092036903424063}, "datetime": {"datetime": "2024-04-03 23:31:56", "elapsed": 0.795391, "delta": 0.002867}}
{"target": -830.5517063572498, "params": {"gamma": 6.745965673610343, "lr": 0.7997765368973863}, "datetime": {"datetime": "2024-04-03 23:31:56", "elapsed": 0.798092, "delta": 0.002701}}
{"target": -122.32490121122346, "params": {"gamma": 0.8062147417567307, "lr": 0.23170231048579204}, "datetime": {"datetime": "2024-04-03 23:31:56", "elapsed": 0.80086, "delta": 0.002768}}
{"target": -323.68616505570543, "params": {"gamma": 2.0770489923763398, "lr": 0.9173335630816306}, "datetime": {"datetime": "2024-04-03 23:31:56", "elapsed": 0.803861, "delta": 0.003001}}
{"target": -719.5995602703649, "params": {"gamma": 7.113433866846732, "lr": 0.5538846110514143}, "datetime": {"datetime": "2024-04-03 23:31:56", "elapsed": 0.806893, "delta": 0.003032}}
{"target": -413.7821524235305, "params": {"gamma": 3.0458753612182816, "lr": 0.8348540476317985}, "datetime": {"datetime": "2024-04-03 23:31:56", "elapsed": 0.809585, "delta": 0.002692}}
{"target": -641.3106221047874, "params": {"gamma": 4.353624270337571, "lr": 0.9234562151187752}, "datetime": {"datetime": "2024-04-03 23:31:56", "elapsed": 0.812428, "delta": 0.002843}}
{"target": -642.0625405008901, "params": {"gamma": 7.0608119915549965, "lr": 0.47803130796528337}, "datetime": {"datetime": "2024-04-03 23:31:56", "elapsed": 0.815266, "delta": 0.002838}}
{"target": -215.94413934620266, "params": {"gamma": 1.2629748273898376, "lr": 0.9760435504677476}, "datetime": {"datetime": "2024-04-03 23:31:56", "elapsed": 0.818115, "delta": 0.002849}}
{"target": -173.0041189310652, "params": {"gamma": 1.5991766697905894, "lr": 0.2026021252196626}, "datetime": {"datetime": "2024-04-03 23:31:56", "elapsed": 0.820884, "delta": 0.002769}}
{"target": -380.64008815198036, "params": {"gamma": 4.312386369848549, "lr": 0.40420190577514725}, "datetime": {"datetime": "2024-04-03 23:31:56", "elapsed": 0.823685, "delta": 0.002801}}
{"target": -209.33654865111836, "params": {"gamma": 1.4683680561621768, "lr": 0.7293189193611234}, "datetime": {"datetime": "2024-04-03 23:31:56", "elapsed": 0.826559, "delta": 0.002874}}
{"target": -219.36021928932158, "params": {"gamma": 1.8882619237049822, "lr": 0.6438956443116628}, "datetime": {"datetime": "2024-04-03 23:31:56", "elapsed": 0.829282, "delta": 0.002723}}
{"target": -694.2023453568742, "params": {"gamma": 7.543305199812411, "lr": 0.21073239208332073}, "datetime": {"datetime": "2024-04-03 23:31:56", "elapsed": 0.832092, "delta": 0.00281}}
{"target": -744.0362439170437, "params": {"gamma": 6.0099415268282925, "lr": 0.7489283752458364}, "datetime": {"datetime": "2024-04-03 23:31:56", "elapsed": 0.835023, "delta": 0.002931}}
{"target": -635.8336218281911, "params": {"gamma": 6.382548887492715, "lr": 0.5971273029466491}, "datetime": {"datetime": "2024-04-03 23:31:56", "elapsed": 0.837987, "delta": 0.002964}}
{"target": -379.0233622503645, "params": {"gamma": 2.955527374269315, "lr": 0.7316064712415088}, "datetime": {"datetime": "2024-04-03 23:31:56", "elapsed": 0.84083, "delta": 0.002843}}
{"target": -818.0749063365856, "params": {"gamma": 9.453139091559498, "lr": 0.42556139026154693}, "datetime": {"datetime": "2024-04-03 23:31:56", "elapsed": 0.843626, "delta": 0.002796}}
{"target": -2661.738650928927, "params": {"gamma": 7.822035986497222, "lr": 0.056141039661915304}, "datetime": {"datetime": "2024-04-03 23:31:56", "elapsed": 0.846468, "delta": 0.002842}}
{"target": -934.754454064952, "params": {"gamma": 8.35288075329717, "lr": 0.1922500168221477}, "datetime": {"datetime": "2024-04-03 23:31:56", "elapsed": 0.849194, "delta": 0.002726}}
{"target": -329.9370680052212, "params": {"gamma": 3.951573592030842, "lr": 0.30008104592535645}, "datetime": {"datetime": "2024-04-03 23:31:56", "elapsed": 0.851943, "delta": 0.002749}}
{"target": -157.4973708393953, "params": {"gamma": 0.8019563344166869, "lr": 0.9046310029362429}, "datetime": {"datetime": "2024-04-03 23:31:56", "elapsed": 0.85472, "delta": 0.002777}}
{"target": -385.378895375749, "params": {"gamma": 3.702171621359829, "lr": 0.5306974384761395}, "datetime": {"datetime": "2024-04-03 23:31:56", "elapsed": 0.857398, "delta": 0.002678}}
{"target": -896.4407515538435, "params": {"gamma": 4.941668542697355, "lr": 0.13216114194293815}, "datetime": {"datetime": "2024-04-03 23:31:56", "elapsed": 0.860103, "delta": 0.002705}}
{"target": -735.1806268547846, "params": {"gamma": 2.0653341348354406, "lr": 0.07618880903232117}, "datetime": {"datetime": "2024-04-03 23:31:56", "elapsed": 0.862916, "delta": 0.002813}}
{"target": -396.06865468838186, "params": {"gamma": 5.07970907775293, "lr": 0.2615495518329871}, "datetime": {"datetime": "2024-04-03 23:31:56", "elapsed": 0.86562, "delta": 0.002704}}
{"target": -889.4559063412361, "params": {"gamma": 3.5712590272190368, "lr": 0.10806532869723684}, "datetime": {"datetime": "2024-04-03 23:31:56", "elapsed": 0.868545, "delta": 0.002925}}
{"target": -1929.5162768266182, "params": {"gamma": 7.87573084468542, "lr": 0.1065838767888011}, "datetime": {"datetime": "2024-04-03 23:31:56", "elapsed": 0.871559, "delta": 0.003014}}
{"target": -1125.562501199848, "params": {"gamma": 9.857102528308165, "lr": 0.17716116443841734}, "datetime": {"datetime": "2024-04-03 23:31:56", "elapsed": 0.87439, "delta": 0.002831}}
{"target": -1958.119785178295, "params": {"gamma": 5.724478719234059, "lr": 0.044845334589088126}, "datetime": {"datetime": "2024-04-03 23:31:56", "elapsed": 0.877105, "delta": 0.002715}}
{"target": -882.0375479434323, "params": {"gamma": 7.871375780268687, "lr": 0.18960594781829654}, "datetime": {"datetime": "2024-04-03 23:31:56", "elapsed": 0.879887, "delta": 0.002782}}
{"target": -656.2631862215922, "params": {"gamma": 5.279511880102859, "lr": 0.7400775431590716}, "datetime": {"datetime": "2024-04-03 23:31:56", "elapsed": 0.882586, "delta": 0.002699}}
{"target": -176.79204013357173, "params": {"gamma": 1.5001649176876422, "lr": 0.5510871741869717}, "datetime": {"datetime": "2024-04-03 23:31:56", "elapsed": 0.885264, "delta": 0.002678}}
{"target": -282.6453954310202, "params": {"gamma": 2.1669554660794654, "lr": 0.7591960493171447}, "datetime": {"datetime": "2024-04-03 23:31:56", "elapsed": 0.887959, "delta": 0.002695}}
{"target": -829.986967481157, "params": {"gamma": 7.229429020368581, "lr": 0.17654903427708302}, "datetime": {"datetime": "2024-04-03 23:31:56", "elapsed": 0.890666, "delta": 0.002707}}
{"target": -2929.3810979343416, "params": {"gamma": 8.619803610113067, "lr": 0.019775099516344263}, "datetime": {"datetime": "2024-04-03 23:31:56", "elapsed": 0.893338, "delta": 0.002672}}
{"target": -876.2418362907287, "params": {"gamma": 8.60250973723373, "lr": 0.5589038111609383}, "datetime": {"datetime": "2024-04-03 23:31:56", "elapsed": 0.896023, "delta": 0.002685}}
{"target": -498.0398376868397, "params": {"gamma": 4.032801500586387, "lr": 0.7587469310223366}, "datetime": {"datetime": "2024-04-03 23:31:56", "elapsed": 0.898717, "delta": 0.002694}}
{"target": -1039.913908211965, "params": {"gamma": 7.169573087923007, "lr": 0.9873261748084265}, "datetime": {"datetime": "2024-04-03 23:31:56", "elapsed": 0.901522, "delta": 0.002805}}
{"target": -973.0298056289788, "params": {"gamma": 2.7815724010812146, "lr": 0.0037936724093425855}, "datetime": {"datetime": "2024-04-03 23:31:56", "elapsed": 0.904511, "delta": 0.002989}}
{"target": -1227.712366803675, "params": {"gamma": 9.339092180540563, "lr": 0.8578971045378938}, "datetime": {"datetime": "2024-04-03 23:31:56", "elapsed": 0.907431, "delta": 0.00292}}
{"target": -742.232755298285, "params": {"gamma": 7.28877992431504, "lr": 0.5166887829215384}, "datetime": {"datetime": "2024-04-03 23:31:56", "elapsed": 0.91012, "delta": 0.002689}}
{"target": -869.3778068227871, "params": {"gamma": 7.069855496242362, "lr": 0.7805295568767427}, "datetime": {"datetime": "2024-04-03 23:31:56", "elapsed": 0.912797, "delta": 0.002677}}
{"target": -464.9132133450042, "params": {"gamma": 3.749384559425057, "lr": 0.7703225253299576}, "datetime": {"datetime": "2024-04-03 23:31:56", "elapsed": 0.915505, "delta": 0.002708}}
{"target": -815.8136544233807, "params": {"gamma": 7.506492567432579, "lr": 0.6132112115442597}, "datetime": {"datetime": "2024-04-03 23:31:56", "elapsed": 0.918186, "delta": 0.002681}}
{"target": -473.4901727254861, "params": {"gamma": 4.019257373754407, "lr": 0.6973080192643409}, "datetime": {"datetime": "2024-04-03 23:31:56", "elapsed": 0.920857, "delta": 0.002671}}
{"target": -139.2933204730874, "params": {"gamma": 0.032125465394095866, "lr": 0.7748966467245978}, "datetime": {"datetime": "2024-04-03 23:31:56", "elapsed": 0.92356, "delta": 0.002703}}
{"target": -804.1462527278264, "params": {"gamma": 8.964269607966013, "lr": 0.23931570743750463}, "datetime": {"datetime": "2024-04-03 23:31:56", "elapsed": 0.926239, "delta": 0.002679}}
{"target": -145.3919550577591, "params": {"gamma": 1.208551075907988, "lr": 0.2202839877937276}, "datetime": {"datetime": "2024-04-03 23:31:56", "elapsed": 0.928923, "delta": 0.002684}}
{"target": -420.4439167523162, "params": {"gamma": 3.021665216169693, "lr": 0.8830285085638342}, "datetime": {"datetime": "2024-04-03 23:31:56", "elapsed": 0.931616, "delta": 0.002693}}
{"target": -446.788481537562, "params": {"gamma": 5.432121135950708, "lr": 0.2867116496064306}, "datetime": {"datetime": "2024-04-03 23:31:56", "elapsed": 0.934407, "delta": 0.002791}}
{"target": -140.25372155011306, "params": {"gamma": 1.3844085432396722, "lr": 0.29014446310454167}, "datetime": {"datetime": "2024-04-03 23:31:56", "elapsed": 0.937406, "delta": 0.002999}}
