{"target": -118.84224795874702, "params": {"gamma": 0.5237310129936803, "prior": 2.0547159628604326, "rate": 5.60358959552915}, "datetime": {"datetime": "2024-04-09 03:30:03", "elapsed": 1798.481891, "delta": 5.326442}}
{"target": -118.82517549218827, "params": {"gamma": 0.518803260240356, "prior": 3.290763701521072, "rate": 9.18434269550278}, "datetime": {"datetime": "2024-04-09 03:30:09", "elapsed": 1804.899792, "delta": 6.417901}}
{"target": -118.79525064051772, "params": {"gamma": 0.5271767568707308, "prior": 3.323204721003846, "rate": 9.65201983378131}, "datetime": {"datetime": "2024-04-09 03:30:18", "elapsed": 1813.429611, "delta": 8.529819}}
{"target": -119.33560583156591, "params": {"gamma": 0.475802152417415, "prior": 3.6095304468266596, "rate": 7.903691161921123}, "datetime": {"datetime": "2024-04-09 03:30:29", "elapsed": 1824.751944, "delta": 11.322333}}
{"target": -119.48286823400387, "params": {"gamma": 0.5437991131435704, "prior": 3.203175710291772, "rate": 5.514183945874355}, "datetime": {"datetime": "2024-04-09 03:30:35", "elapsed": 1830.525637, "delta": 5.773693}}
{"target": -118.76588824573771, "params": {"gamma": 0.4749410280615443, "prior": 0.38200834864462696, "rate": 4.577406911514161}, "datetime": {"datetime": "2024-04-09 03:30:42", "elapsed": 1837.482177, "delta": 6.95654}}
{"target": -118.77944006484626, "params": {"gamma": 0.45272705688027887, "prior": 2.0714283380437912, "rate": 9.116604823105593}, "datetime": {"datetime": "2024-04-09 03:30:50", "elapsed": 1845.668676, "delta": 8.186499}}
{"target": -118.93590880852238, "params": {"gamma": 0.559645430147823, "prior": 1.2862033132811521, "rate": 6.691994151987849}, "datetime": {"datetime": "2024-04-09 03:30:59", "elapsed": 1854.393029, "delta": 8.724353}}
{"target": -119.2005038583902, "params": {"gamma": 0.5745404080184159, "prior": 1.2875143828043405, "rate": 2.6740405798148505}, "datetime": {"datetime": "2024-04-09 03:31:05", "elapsed": 1861.187201, "delta": 6.794172}}
{"target": -118.74162746886469, "params": {"gamma": 0.5236574694045141, "prior": 1.3163213955722912, "rate": 4.164828709538156}, "datetime": {"datetime": "2024-04-09 03:31:15", "elapsed": 1870.321978, "delta": 9.134777}}
{"target": -119.09209326881634, "params": {"gamma": 0.410086113158977, "prior": 0.12912771520189198, "rate": 3.6622199223306597}, "datetime": {"datetime": "2024-04-09 03:31:23", "elapsed": 1878.858992, "delta": 8.537014}}
{"target": -118.7278128420035, "params": {"gamma": 0.4736536652050635, "prior": 0.8059774414668159, "rate": 8.584954482123084}, "datetime": {"datetime": "2024-04-09 03:31:34", "elapsed": 1889.391005, "delta": 10.532013}}
{"target": -118.81391023708419, "params": {"gamma": 0.5511356491200708, "prior": 2.459627308553256, "rate": 7.802358012315581}, "datetime": {"datetime": "2024-04-09 03:31:39", "elapsed": 1894.532699, "delta": 5.141694}}
{"target": -118.64623701565705, "params": {"gamma": 0.49907305169376576, "prior": 1.2270315999088297, "rate": 8.025684327863432}, "datetime": {"datetime": "2024-04-09 03:31:45", "elapsed": 1901.174803, "delta": 6.642104}}
{"target": -118.62444849070907, "params": {"gamma": 0.5060979980009774, "prior": 1.6387207904651468, "rate": 8.334420760185923}, "datetime": {"datetime": "2024-04-09 03:31:50", "elapsed": 1905.221304, "delta": 4.046501}}
{"target": -118.80333569900294, "params": {"gamma": 0.5532058920018004, "prior": 2.487154674405941, "rate": 8.967171056541284}, "datetime": {"datetime": "2024-04-09 03:31:59", "elapsed": 1914.639846, "delta": 9.418542}}
{"target": -118.64853196448522, "params": {"gamma": 0.492645042386552, "prior": 1.1176994729297796, "rate": 4.510240350467674}, "datetime": {"datetime": "2024-04-09 03:32:09", "elapsed": 1924.455955, "delta": 9.816109}}
{"target": -119.52520213788235, "params": {"gamma": 0.6089547036017225, "prior": 3.2951284934901173, "rate": 5.9996567507604395}, "datetime": {"datetime": "2024-04-09 03:32:13", "elapsed": 1928.58148, "delta": 4.125525}}
{"target": -119.04056604705275, "params": {"gamma": 0.5578907913439285, "prior": 3.046479370988152, "rate": 6.998096317042047}, "datetime": {"datetime": "2024-04-09 03:32:19", "elapsed": 1934.491168, "delta": 5.909688}}
{"target": -120.46378303064463, "params": {"gamma": 0.5541221002340406, "prior": 6.587124217494569, "rate": 7.976986527700686}, "datetime": {"datetime": "2024-04-09 03:32:26", "elapsed": 1942.078335, "delta": 7.587167}}
{"target": -119.25412879860423, "params": {"gamma": 0.5302540699113327, "prior": 4.52071163729758, "rate": 8.870788188324717}, "datetime": {"datetime": "2024-04-09 03:32:40", "elapsed": 1955.555263, "delta": 13.476928}}
{"target": -121.74915713747058, "params": {"gamma": 0.7756628153719527, "prior": 7.232159771543053, "rate": 10.0}, "datetime": {"datetime": "2024-04-09 03:32:45", "elapsed": 1961.028425, "delta": 5.473162}}
{"target": -118.7659409061786, "params": {"gamma": 0.5416442296536168, "prior": 1.1989205581985747, "rate": 5.73813969812575}, "datetime": {"datetime": "2024-04-09 03:32:51", "elapsed": 1966.286457, "delta": 5.258032}}
{"target": -118.65967518213826, "params": {"gamma": 0.4638130034166525, "prior": 1.2353501529957414, "rate": 9.515181393224966}, "datetime": {"datetime": "2024-04-09 03:32:56", "elapsed": 1971.987893, "delta": 5.701436}}
{"target": -118.68355602903463, "params": {"gamma": 0.5044650577251311, "prior": 0.47328019350163, "rate": 3.33566329878146}, "datetime": {"datetime": "2024-04-09 03:33:04", "elapsed": 1979.969078, "delta": 7.981185}}
{"target": -121.06153977092498, "params": {"gamma": 0.6471924714752122, "prior": 7.782416768046842, "rate": 8.151993494788105}, "datetime": {"datetime": "2024-04-09 03:33:12", "elapsed": 1987.287884, "delta": 7.318806}}
{"target": -118.61180073359728, "params": {"gamma": 0.48336621466186874, "prior": 1.6687274495639361, "rate": 9.151392075788882}, "datetime": {"datetime": "2024-04-09 03:33:18", "elapsed": 1993.391681, "delta": 6.103797}}
{"target": -122.77068579039342, "params": {"gamma": 0.6061996032085458, "prior": 8.507727253273844, "rate": 6.37051085976701}, "datetime": {"datetime": "2024-04-09 03:33:23", "elapsed": 1998.699884, "delta": 5.308203}}
{"target": -118.71106739891252, "params": {"gamma": 0.45236606692038395, "prior": 0.7296809762855047, "rate": 3.985210030147987}, "datetime": {"datetime": "2024-04-09 03:33:28", "elapsed": 2003.472678, "delta": 4.772794}}
{"target": -119.66831319356668, "params": {"gamma": 0.6338695533326051, "prior": 3.549016211975099, "rate": 6.653266336228832}, "datetime": {"datetime": "2024-04-09 03:33:38", "elapsed": 2013.357681, "delta": 9.885003}}
{"target": -118.67721450050637, "params": {"gamma": 0.5157488349522181, "prior": 1.0310546812720305, "rate": 6.027086254607975}, "datetime": {"datetime": "2024-04-09 03:33:48", "elapsed": 2023.818494, "delta": 10.460813}}
{"target": -118.95093790192189, "params": {"gamma": 0.5732529119479639, "prior": 1.2021632180769521, "rate": 3.571723219773862}, "datetime": {"datetime": "2024-04-09 03:33:55", "elapsed": 2030.705871, "delta": 6.887377}}
{"target": -118.72322127784261, "params": {"gamma": 0.48876351422293235, "prior": 0.7073351688264896, "rate": 2.4680727016975976}, "datetime": {"datetime": "2024-04-09 03:34:05", "elapsed": 2041.182028, "delta": 10.476157}}
{"target": -118.82252187327943, "params": {"gamma": 0.429344320985885, "prior": 0.40726908840095244, "rate": 3.738235206028028}, "datetime": {"datetime": "2024-04-09 03:34:09", "elapsed": 2045.157894, "delta": 3.975866}}
{"target": -119.21674882143597, "params": {"gamma": 0.4737810625206371, "prior": 0.1, "rate": 6.915735027326048}, "datetime": {"datetime": "2024-04-09 03:34:23", "elapsed": 2059.005147, "delta": 13.847253}}
{"target": -118.68667650808592, "params": {"gamma": 0.5197565830580498, "prior": 2.6203610427363855, "rate": 9.361639844267165}, "datetime": {"datetime": "2024-04-09 03:34:31", "elapsed": 2067.049141, "delta": 8.043994}}
{"target": -120.59577698197054, "params": {"gamma": 0.7114050118171927, "prior": 5.542595373584765, "rate": 10.0}, "datetime": {"datetime": "2024-04-09 03:34:39", "elapsed": 2074.542244, "delta": 7.493103}}
{"target": -119.35770422467067, "params": {"gamma": 0.5616283866248498, "prior": 2.417564999333752, "rate": 4.424508607213601}, "datetime": {"datetime": "2024-04-09 03:34:44", "elapsed": 2079.879344, "delta": 5.3371}}
{"target": -118.79387950507459, "params": {"gamma": 0.4413590211747042, "prior": 0.6721563484828748, "rate": 8.184806837671989}, "datetime": {"datetime": "2024-04-09 03:34:52", "elapsed": 2087.783978, "delta": 7.904634}}
{"target": -118.95999065566859, "params": {"gamma": 0.5529954318581071, "prior": 2.7073817491997834, "rate": 6.690183590205787}, "datetime": {"datetime": "2024-04-09 03:35:04", "elapsed": 2100.164232, "delta": 12.380254}}
{"target": -118.6240920768351, "params": {"gamma": 0.49448259052120225, "prior": 1.57511692565887, "rate": 9.644348908239195}, "datetime": {"datetime": "2024-04-09 03:35:12", "elapsed": 2108.157758, "delta": 7.993526}}
{"target": -118.61329399547311, "params": {"gamma": 0.4985236733848406, "prior": 0.7401291879396277, "rate": 3.7961252888697654}, "datetime": {"datetime": "2024-04-09 03:35:19", "elapsed": 2114.259781, "delta": 6.102023}}
{"target": -119.02499243760784, "params": {"gamma": 0.5794348248221923, "prior": 1.8546031792667623, "rate": 4.955846300486055}, "datetime": {"datetime": "2024-04-09 03:35:24", "elapsed": 2119.257818, "delta": 4.998037}}
{"target": -118.77203384016562, "params": {"gamma": 0.5326985625547691, "prior": 2.8733042303892025, "rate": 8.778965337690861}, "datetime": {"datetime": "2024-04-09 03:35:31", "elapsed": 2126.37194, "delta": 7.114122}}
{"target": -118.9589038180954, "params": {"gamma": 0.48052080779820955, "prior": 0.337112066976026, "rate": 6.785375585069952}, "datetime": {"datetime": "2024-04-09 03:35:39", "elapsed": 2134.21881, "delta": 7.84687}}
{"target": -118.65550666330202, "params": {"gamma": 0.47498285210387, "prior": 1.9131034167337142, "rate": 8.668036527057032}, "datetime": {"datetime": "2024-04-09 03:35:49", "elapsed": 2144.26462, "delta": 10.04581}}
{"target": -118.69200868069915, "params": {"gamma": 0.5296596727561967, "prior": 1.3848033484107443, "rate": 5.37175930547596}, "datetime": {"datetime": "2024-04-09 03:35:55", "elapsed": 2150.437165, "delta": 6.172545}}
{"target": -119.179863285593, "params": {"gamma": 0.4123275122300447, "prior": 0.10833407392122268, "rate": 7.574777890654416}, "datetime": {"datetime": "2024-04-09 03:36:07", "elapsed": 2162.959926, "delta": 12.522761}}
{"target": -118.64759120652039, "params": {"gamma": 0.5170797768781132, "prior": 0.9363485773908427, "rate": 4.040589575515093}, "datetime": {"datetime": "2024-04-09 03:36:18", "elapsed": 2173.222881, "delta": 10.262955}}
{"target": -118.88915348896539, "params": {"gamma": 0.5661141418083471, "prior": 1.4025470218825538, "rate": 4.564516529871014}, "datetime": {"datetime": "2024-04-09 03:36:29", "elapsed": 2184.28737, "delta": 11.064489}}
{"target": -118.64394547481173, "params": {"gamma": 0.48477432944688537, "prior": 0.7662456615373473, "rate": 3.291022901662383}, "datetime": {"datetime": "2024-04-09 03:36:38", "elapsed": 2193.626658, "delta": 9.339288}}
{"target": -119.94323428917193, "params": {"gamma": 0.6291781751565951, "prior": 5.051575658014795, "rate": 7.641816113379689}, "datetime": {"datetime": "2024-04-09 03:36:43", "elapsed": 2198.712004, "delta": 5.085346}}
{"target": -118.75056088173751, "params": {"gamma": 0.45984460997737575, "prior": 0.797224627000711, "rate": 9.428696221867739}, "datetime": {"datetime": "2024-04-09 03:36:59", "elapsed": 2214.450347, "delta": 15.738343}}
{"target": -118.67190724874786, "params": {"gamma": 0.48665226667539174, "prior": 0.6780281232686122, "rate": 5.503219602517284}, "datetime": {"datetime": "2024-04-09 03:37:08", "elapsed": 2223.553465, "delta": 9.103118}}
{"target": -118.70480069638411, "params": {"gamma": 0.49848521806203333, "prior": 1.5146930021079867, "rate": 5.23809005986234}, "datetime": {"datetime": "2024-04-09 03:37:16", "elapsed": 2231.842126, "delta": 8.288661}}
{"target": -118.66550995735318, "params": {"gamma": 0.47415922498667634, "prior": 0.6121335483204001, "rate": 5.1220638258408036}, "datetime": {"datetime": "2024-04-09 03:37:24", "elapsed": 2240.175818, "delta": 8.333692}}
{"target": -118.91850219886842, "params": {"gamma": 0.5499057285525353, "prior": 3.813456549860755, "rate": 9.821935038021124}, "datetime": {"datetime": "2024-04-09 03:37:33", "elapsed": 2248.588201, "delta": 8.412383}}
{"target": -118.94664805471793, "params": {"gamma": 0.5571735767222211, "prior": 3.5352594699223943, "rate": 9.018570825748784}, "datetime": {"datetime": "2024-04-09 03:37:39", "elapsed": 2254.70212, "delta": 6.113919}}
{"target": -118.77895710232744, "params": {"gamma": 0.4899749728418198, "prior": 3.132372450111155, "rate": 10.0}, "datetime": {"datetime": "2024-04-09 03:37:53", "elapsed": 2269.040715, "delta": 14.338595}}
{"target": -118.63011849687288, "params": {"gamma": 0.5049924048950278, "prior": 1.5841713243082003, "rate": 8.747476327163966}, "datetime": {"datetime": "2024-04-09 03:38:01", "elapsed": 2276.956808, "delta": 7.916093}}
{"target": -118.76097915230704, "params": {"gamma": 0.439829069615264, "prior": 0.4416500685447865, "rate": 2.87329719055741}, "datetime": {"datetime": "2024-04-09 03:38:06", "elapsed": 2281.429323, "delta": 4.472515}}
{"target": -118.63596833432271, "params": {"gamma": 0.5122979038619592, "prior": 1.9611449220160364, "rate": 9.515268710195997}, "datetime": {"datetime": "2024-04-09 03:38:14", "elapsed": 2289.890088, "delta": 8.460765}}
{"target": -118.63036714018517, "params": {"gamma": 0.4858623545146869, "prior": 1.554650253971082, "rate": 6.987809019130388}, "datetime": {"datetime": "2024-04-09 03:38:21", "elapsed": 2296.3537, "delta": 6.463612}}
{"target": -119.0117076243716, "params": {"gamma": 0.48590479102559847, "prior": 2.3416775925485047, "rate": 6.04397114051218}, "datetime": {"datetime": "2024-04-09 03:38:29", "elapsed": 2304.219861, "delta": 7.866161}}
{"target": -118.82963875927085, "params": {"gamma": 0.4537739059615343, "prior": 0.7304810282496546, "rate": 2.888144111067474}, "datetime": {"datetime": "2024-04-09 03:38:36", "elapsed": 2311.338419, "delta": 7.118558}}
{"target": -118.87505160837323, "params": {"gamma": 0.444226627076148, "prior": 0.402785144304862, "rate": 7.438892716499927}, "datetime": {"datetime": "2024-04-09 03:38:40", "elapsed": 2315.438086, "delta": 4.099667}}
{"target": -118.70485539446497, "params": {"gamma": 0.5196529806847606, "prior": 1.9672455225035554, "rate": 6.684314184590702}, "datetime": {"datetime": "2024-04-09 03:38:52", "elapsed": 2327.65597, "delta": 12.217884}}
{"target": -120.28948654162211, "params": {"gamma": 0.5657922689893906, "prior": 3.181634763526275, "rate": 4.01416567329235}, "datetime": {"datetime": "2024-04-09 03:39:02", "elapsed": 2337.497506, "delta": 9.841536}}
{"target": -118.79487824083563, "params": {"gamma": 0.5514142227298308, "prior": 2.395045589021994, "rate": 9.48423963698922}, "datetime": {"datetime": "2024-04-09 03:39:13", "elapsed": 2348.591632, "delta": 11.094126}}
{"target": -118.85335797645871, "params": {"gamma": 0.46002541506855943, "prior": 0.4954573246617319, "rate": 8.563109189743152}, "datetime": {"datetime": "2024-04-09 03:39:17", "elapsed": 2352.89788, "delta": 4.306248}}
{"target": -118.7097863525288, "params": {"gamma": 0.4615880067709334, "prior": 0.8999477834427377, "rate": 9.016404786952663}, "datetime": {"datetime": "2024-04-09 03:39:27", "elapsed": 2362.420517, "delta": 9.522637}}
{"target": -118.91831846259497, "params": {"gamma": 0.5486981409083661, "prior": 2.96186224324288, "rate": 7.6021605129160434}, "datetime": {"datetime": "2024-04-09 03:39:34", "elapsed": 2370.183711, "delta": 7.763194}}
{"target": -118.64444083958479, "params": {"gamma": 0.46742120108461704, "prior": 0.9351503967563602, "rate": 5.0946274887485306}, "datetime": {"datetime": "2024-04-09 03:39:48", "elapsed": 2383.589251, "delta": 13.40554}}
{"target": -118.68131093220485, "params": {"gamma": 0.4755158651731741, "prior": 0.34707121019619114, "rate": 3.0970022753212993}, "datetime": {"datetime": "2024-04-09 03:39:52", "elapsed": 2387.961642, "delta": 4.372391}}
{"target": -118.72344146686059, "params": {"gamma": 0.5330178716084517, "prior": 2.884403879502524, "rate": 10.0}, "datetime": {"datetime": "2024-04-09 03:39:59", "elapsed": 2394.765592, "delta": 6.80395}}
{"target": -118.63625885316225, "params": {"gamma": 0.47348572613988593, "prior": 0.19402518132662439, "rate": 1.3748305569126278}, "datetime": {"datetime": "2024-04-09 03:40:04", "elapsed": 2399.25173, "delta": 4.486138}}
{"target": -118.70927479722492, "params": {"gamma": 0.44776428817830555, "prior": 1.2430548498429803, "rate": 8.869755187565485}, "datetime": {"datetime": "2024-04-09 03:40:10", "elapsed": 2406.075416, "delta": 6.823686}}
{"target": -119.02698542271199, "params": {"gamma": 0.5807221779762844, "prior": 3.048042382056127, "rate": 8.270086365081541}, "datetime": {"datetime": "2024-04-09 03:40:17", "elapsed": 2412.773869, "delta": 6.698453}}
{"target": -118.85696285347392, "params": {"gamma": 0.4283929925992041, "prior": 0.1, "rate": 1.2399134306679809}, "datetime": {"datetime": "2024-04-09 03:40:22", "elapsed": 2417.262751, "delta": 4.488882}}
{"target": -118.71917313187177, "params": {"gamma": 0.5075460426530697, "prior": 0.5808227601032794, "rate": 4.382284601967843}, "datetime": {"datetime": "2024-04-09 03:40:35", "elapsed": 2430.506425, "delta": 13.243674}}
{"target": -118.62636406038743, "params": {"gamma": 0.49156587877336166, "prior": 1.1069628132134703, "rate": 7.062122607348765}, "datetime": {"datetime": "2024-04-09 03:40:40", "elapsed": 2435.610808, "delta": 5.104383}}
{"target": -120.84422148130503, "params": {"gamma": 0.5130664734776169, "prior": 2.397910731514662, "rate": 2.795717568803239}, "datetime": {"datetime": "2024-04-09 03:40:54", "elapsed": 2449.912339, "delta": 14.301531}}
{"target": -118.64399982312058, "params": {"gamma": 0.5131539813526768, "prior": 1.6084909715491846, "rate": 6.648155710086256}, "datetime": {"datetime": "2024-04-09 03:41:08", "elapsed": 2463.925364, "delta": 14.013025}}
{"target": -119.11651097608723, "params": {"gamma": 0.547293110120652, "prior": 3.4065157757098254, "rate": 7.241340799232764}, "datetime": {"datetime": "2024-04-09 03:41:12", "elapsed": 2467.875451, "delta": 3.950087}}
{"target": -119.22878330683001, "params": {"gamma": 0.49233988354105723, "prior": 0.1525382008732446, "rate": 5.812288171462526}, "datetime": {"datetime": "2024-04-09 03:41:17", "elapsed": 2472.452649, "delta": 4.577198}}
{"target": -120.01194354136622, "params": {"gamma": 0.5839808412516378, "prior": 5.2566548289946, "rate": 7.237572900976316}, "datetime": {"datetime": "2024-04-09 03:41:25", "elapsed": 2480.549574, "delta": 8.096925}}
{"target": -118.65118352546698, "params": {"gamma": 0.5187155234971239, "prior": 1.1008595470737195, "rate": 4.987035603888414}, "datetime": {"datetime": "2024-04-09 03:41:33", "elapsed": 2488.545895, "delta": 7.996321}}
{"target": -118.77278493547142, "params": {"gamma": 0.44466337453207455, "prior": 0.5355901496501496, "rate": 6.174996111806082}, "datetime": {"datetime": "2024-04-09 03:41:42", "elapsed": 2497.333219, "delta": 8.787324}}
{"target": -120.4956847329748, "params": {"gamma": 0.6290043506569964, "prior": 0.72041066538608, "rate": 0.8711548595193934}, "datetime": {"datetime": "2024-04-09 03:41:51", "elapsed": 2507.082777, "delta": 9.749558}}
{"target": -120.93063913289164, "params": {"gamma": 0.720704652587043, "prior": 6.535716544557683, "rate": 9.186610825221424}, "datetime": {"datetime": "2024-04-09 03:41:58", "elapsed": 2513.59924, "delta": 6.516463}}
{"target": -118.69066884346985, "params": {"gamma": 0.4814729835649473, "prior": 1.5547822916650766, "rate": 6.035886087941893}, "datetime": {"datetime": "2024-04-09 03:42:06", "elapsed": 2521.429066, "delta": 7.829826}}
{"target": -118.82844411004413, "params": {"gamma": 0.5202002435580465, "prior": 2.8633386550610638, "rate": 7.951725650195843}, "datetime": {"datetime": "2024-04-09 03:42:14", "elapsed": 2529.467449, "delta": 8.038383}}
{"target": -118.87195604977786, "params": {"gamma": 0.454907950676177, "prior": 1.7139444613261572, "rate": 6.284713538310041}, "datetime": {"datetime": "2024-04-09 03:42:20", "elapsed": 2535.555185, "delta": 6.087736}}
{"target": -118.61364413114603, "params": {"gamma": 0.4816674500237537, "prior": 0.7815370692525367, "rate": 4.240162074777644}, "datetime": {"datetime": "2024-04-09 03:42:26", "elapsed": 2542.009451, "delta": 6.454266}}
{"target": -119.14407332378092, "params": {"gamma": 0.5875997276184336, "prior": 2.3204376872063426, "rate": 5.46734691565866}, "datetime": {"datetime": "2024-04-09 03:42:36", "elapsed": 2552.059173, "delta": 10.049722}}
{"target": -118.61863581810164, "params": {"gamma": 0.5033668158385555, "prior": 0.26462190717875694, "rate": 1.2745352046540537}, "datetime": {"datetime": "2024-04-09 03:42:49", "elapsed": 2564.364737, "delta": 12.305564}}
{"target": -118.712972616107, "params": {"gamma": 0.533477715933272, "prior": 1.8403607514005087, "rate": 8.544714783564404}, "datetime": {"datetime": "2024-04-09 03:42:58", "elapsed": 2573.280048, "delta": 8.915311}}
{"target": -118.75311978728973, "params": {"gamma": 0.44814076541521725, "prior": 0.5986538422472021, "rate": 6.564635089840019}, "datetime": {"datetime": "2024-04-09 03:43:09", "elapsed": 2584.536948, "delta": 11.2569}}
{"target": -118.72319686186829, "params": {"gamma": 0.5340783955997691, "prior": 2.0800944670651615, "rate": 7.308193246709597}, "datetime": {"datetime": "2024-04-09 03:43:14", "elapsed": 2589.44907, "delta": 4.912122}}
{"target": -119.66870938944683, "params": {"gamma": 0.57941403328494, "prior": 6.1579416047016196, "rate": 9.720250666439242}, "datetime": {"datetime": "2024-04-09 03:43:20", "elapsed": 2595.368111, "delta": 5.919041}}
