{"target": -142.79811882611202, "params": {"gamma": 0.001, "prior": 3.8489143960807453, "rate": 7.24164511435283}, "datetime": {"datetime": "2024-04-08 11:35:40", "elapsed": 2867.592449, "delta": 11.928492}}
{"target": -142.80679213485746, "params": {"gamma": 0.0023242161186965466, "prior": 3.8561867469200384, "rate": 3.603929956428638}, "datetime": {"datetime": "2024-04-08 11:35:49", "elapsed": 2876.55271, "delta": 8.960261}}
{"target": -142.79535189442814, "params": {"gamma": 0.001, "prior": 10.0, "rate": 6.683553165576406}, "datetime": {"datetime": "2024-04-08 11:35:54", "elapsed": 2881.008432, "delta": 4.455722}}
{"target": -142.79033940501736, "params": {"gamma": 0.001, "prior": 1.8623176742508694, "rate": 0.001}, "datetime": {"datetime": "2024-04-08 11:36:04", "elapsed": 2891.163729, "delta": 10.155297}}
{"target": -142.8007528025898, "params": {"gamma": 0.001, "prior": 1.4595426368805118, "rate": 9.000408051730327}, "datetime": {"datetime": "2024-04-08 11:36:13", "elapsed": 2900.964356, "delta": 9.800627}}
{"target": -142.79415190931573, "params": {"gamma": 0.001, "prior": 4.9575691199145995, "rate": 2.029162248630454}, "datetime": {"datetime": "2024-04-08 11:36:23", "elapsed": 2910.692031, "delta": 9.727675}}
{"target": -142.79345169966487, "params": {"gamma": 0.001, "prior": 5.763688031454688, "rate": 1.701227051606941}, "datetime": {"datetime": "2024-04-08 11:36:30", "elapsed": 2917.320195, "delta": 6.628164}}
{"target": -142.79486346576152, "params": {"gamma": 0.001, "prior": 10.0, "rate": 5.512643031773315}, "datetime": {"datetime": "2024-04-08 11:36:38", "elapsed": 2925.688702, "delta": 8.368507}}
{"target": -142.79360231032163, "params": {"gamma": 0.001, "prior": 8.115912037443387, "rate": 2.5785880022353127}, "datetime": {"datetime": "2024-04-08 11:36:48", "elapsed": 2935.142672, "delta": 9.45397}}
{"target": -142.8749595578875, "params": {"gamma": 0.0061032713466165015, "prior": 0.12335042482751776, "rate": 2.5338933158179464}, "datetime": {"datetime": "2024-04-08 11:36:53", "elapsed": 2940.538039, "delta": 5.395367}}
{"target": -142.79033338763935, "params": {"gamma": 0.001, "prior": 5.122476965297438, "rate": 0.001}, "datetime": {"datetime": "2024-04-08 11:36:57", "elapsed": 2944.780037, "delta": 4.241998}}
{"target": -142.79773892939957, "params": {"gamma": 0.0014706076033635673, "prior": 6.358552886491406, "rate": 3.3034237755312192}, "datetime": {"datetime": "2024-04-08 11:37:07", "elapsed": 2954.458064, "delta": 9.678027}}
{"target": -142.79294315820005, "params": {"gamma": 0.001, "prior": 9.687298696974821, "rate": 2.1915142043628464}, "datetime": {"datetime": "2024-04-08 11:37:17", "elapsed": 2964.292354, "delta": 9.83429}}
{"target": -142.7914890225099, "params": {"gamma": 0.001, "prior": 4.132254213855994, "rate": 0.32559490080554926}, "datetime": {"datetime": "2024-04-08 11:37:23", "elapsed": 2970.081132, "delta": 5.788778}}
{"target": -142.8172803048649, "params": {"gamma": 0.0032796855201880685, "prior": 6.502728055721966, "rate": 8.328603635904189}, "datetime": {"datetime": "2024-04-08 11:37:36", "elapsed": 2983.066116, "delta": 12.984984}}
{"target": -142.79997310348224, "params": {"gamma": 0.001, "prior": 1.9151400166295718, "rate": 7.853180068225}, "datetime": {"datetime": "2024-04-08 11:37:42", "elapsed": 2989.514998, "delta": 6.448882}}
{"target": -142.79703627384342, "params": {"gamma": 0.001050478332003603, "prior": 8.002194294573933, "rate": 8.598393428964947}, "datetime": {"datetime": "2024-04-08 11:37:47", "elapsed": 2994.07546, "delta": 4.560462}}
{"target": -142.83124471180605, "params": {"gamma": 0.0035971599075599156, "prior": 1.0886612071070116, "rate": 4.849727574746915}, "datetime": {"datetime": "2024-04-08 11:37:53", "elapsed": 2999.989766, "delta": 5.914306}}
{"target": -142.79034612591525, "params": {"gamma": 0.001, "prior": 1.0876556262752326, "rate": 0.001}, "datetime": {"datetime": "2024-04-08 11:38:01", "elapsed": 3008.956198, "delta": 8.966432}}
{"target": -142.79050179254287, "params": {"gamma": 0.001, "prior": 0.1, "rate": 0.001}, "datetime": {"datetime": "2024-04-08 11:38:12", "elapsed": 3019.843823, "delta": 10.887625}}
{"target": -142.79607158952763, "params": {"gamma": 0.001, "prior": 10.0, "rate": 8.781108601793171}, "datetime": {"datetime": "2024-04-08 11:38:21", "elapsed": 3027.977948, "delta": 8.134125}}
{"target": -142.8258790574707, "params": {"gamma": 0.0026357793610769674, "prior": 0.23829437173679746, "rate": 7.122277709188649}, "datetime": {"datetime": "2024-04-08 11:38:27", "elapsed": 3034.172704, "delta": 6.194756}}
{"target": -142.79594199365064, "params": {"gamma": 0.001, "prior": 9.696701184113872, "rate": 8.11189429089682}, "datetime": {"datetime": "2024-04-08 11:38:37", "elapsed": 3044.677356, "delta": 10.504652}}
{"target": -142.8007971276513, "params": {"gamma": 0.0010441133471102422, "prior": 0.5317511397395874, "rate": 2.5218841874644347}, "datetime": {"datetime": "2024-04-08 11:38:44", "elapsed": 3051.105057, "delta": 6.427701}}
{"target": -142.84937103273947, "params": {"gamma": 0.007319634029397954, "prior": 7.1004233662422624, "rate": 7.35791637064788}, "datetime": {"datetime": "2024-04-08 11:38:53", "elapsed": 3060.455848, "delta": 9.350791}}
{"target": -142.79675695251998, "params": {"gamma": 0.001, "prior": 4.958142615819011, "rate": 5.611232010034157}, "datetime": {"datetime": "2024-04-08 11:39:10", "elapsed": 3077.880888, "delta": 17.42504}}
{"target": -142.79570084275224, "params": {"gamma": 0.001, "prior": 10.0, "rate": 7.638786994415319}, "datetime": {"datetime": "2024-04-08 11:39:20", "elapsed": 3087.648298, "delta": 9.76741}}
{"target": -142.7924156909711, "params": {"gamma": 0.001, "prior": 9.300753253913928, "rate": 1.5357474077745012}, "datetime": {"datetime": "2024-04-08 11:39:27", "elapsed": 3094.777412, "delta": 7.129114}}
{"target": -142.80092495376724, "params": {"gamma": 0.001964101618841583, "prior": 8.718677522287196, "rate": 4.53891245729572}, "datetime": {"datetime": "2024-04-08 11:39:35", "elapsed": 3102.523705, "delta": 7.746293}}
{"target": -142.81422109142463, "params": {"gamma": 0.0023647748277077617, "prior": 1.8757503303344045, "rate": 5.4931731501485235}, "datetime": {"datetime": "2024-04-08 11:39:45", "elapsed": 3112.501154, "delta": 9.977449}}
{"target": -142.79625624205127, "params": {"gamma": 0.001, "prior": 6.974101039914857, "rate": 6.559601521193565}, "datetime": {"datetime": "2024-04-08 11:39:49", "elapsed": 3116.700053, "delta": 4.198899}}
{"target": -142.79363974141503, "params": {"gamma": 0.001, "prior": 9.290142830217034, "rate": 3.0052664553578325}, "datetime": {"datetime": "2024-04-08 11:39:55", "elapsed": 3122.628071, "delta": 5.928018}}
{"target": -142.81205564045132, "params": {"gamma": 0.001693716737497763, "prior": 0.2418591713419801, "rate": 5.475489524921528}, "datetime": {"datetime": "2024-04-08 11:40:03", "elapsed": 3130.700797, "delta": 8.072726}}
{"target": -142.79326418473013, "params": {"gamma": 0.001, "prior": 6.538617275767462, "rate": 1.7555731037681233}, "datetime": {"datetime": "2024-04-08 11:40:18", "elapsed": 3145.078591, "delta": 14.377794}}
{"target": -142.82656491959207, "params": {"gamma": 0.0027732502572902764, "prior": 0.5774550068585059, "rate": 9.277316932689748}, "datetime": {"datetime": "2024-04-08 11:40:28", "elapsed": 3155.233008, "delta": 10.154417}}
{"target": -142.79362331621095, "params": {"gamma": 0.001, "prior": 10.0, "rate": 3.209497908491689}, "datetime": {"datetime": "2024-04-08 11:40:33", "elapsed": 3160.901324, "delta": 5.668316}}
{"target": -142.79828789114654, "params": {"gamma": 0.001, "prior": 3.405709696412223, "rate": 6.839510448736869}, "datetime": {"datetime": "2024-04-08 11:40:41", "elapsed": 3168.604153, "delta": 7.702829}}
{"target": -142.79428272261666, "params": {"gamma": 0.001, "prior": 10.0, "rate": 4.3316676815814565}, "datetime": {"datetime": "2024-04-08 11:40:48", "elapsed": 3175.319062, "delta": 6.714909}}
{"target": -142.7970838437918, "params": {"gamma": 0.001, "prior": 7.141809312327287, "rate": 9.117854042340337}, "datetime": {"datetime": "2024-04-08 11:41:06", "elapsed": 3193.238394, "delta": 17.919332}}
{"target": -142.79614828484372, "params": {"gamma": 0.001, "prior": 8.99757335820485, "rate": 8.129963258413392}, "datetime": {"datetime": "2024-04-08 11:41:15", "elapsed": 3202.042173, "delta": 8.803779}}
{"target": -142.7922594471019, "params": {"gamma": 0.001, "prior": 8.599470315529363, "rate": 1.279736384867029}, "datetime": {"datetime": "2024-04-08 11:41:24", "elapsed": 3211.498511, "delta": 9.456338}}
{"target": -142.79813258926734, "params": {"gamma": 0.001, "prior": 2.6720813297214585, "rate": 5.054081072345972}, "datetime": {"datetime": "2024-04-08 11:41:29", "elapsed": 3216.125222, "delta": 4.626711}}
{"target": -142.79966300374855, "params": {"gamma": 0.001, "prior": 1.1168398061937617, "rate": 3.964943317949044}, "datetime": {"datetime": "2024-04-08 11:41:37", "elapsed": 3224.844392, "delta": 8.71917}}
{"target": -142.79515652427528, "params": {"gamma": 0.001, "prior": 7.2343955216920355, "rate": 4.480660508829831}, "datetime": {"datetime": "2024-04-08 11:41:42", "elapsed": 3229.238115, "delta": 4.393723}}
{"target": -142.81805654288013, "params": {"gamma": 0.0023330015954209572, "prior": 0.6375067211645965, "rate": 4.567290199834644}, "datetime": {"datetime": "2024-04-08 11:41:54", "elapsed": 3240.9813, "delta": 11.743185}}
{"target": -142.85143092107216, "params": {"gamma": 0.0056668947929663736, "prior": 1.9481794151786656, "rate": 5.85845923948606}, "datetime": {"datetime": "2024-04-08 11:41:59", "elapsed": 3246.475238, "delta": 5.493938}}
{"target": -142.83767840912782, "params": {"gamma": 0.005474525215525564, "prior": 3.13012892414467, "rate": 4.203251993344305}, "datetime": {"datetime": "2024-04-08 11:42:09", "elapsed": 3256.286153, "delta": 9.810915}}
{"target": -142.81633655600277, "params": {"gamma": 0.0054821573620854195, "prior": 3.337448793974981, "rate": 0.9489514584303776}, "datetime": {"datetime": "2024-04-08 11:42:17", "elapsed": 3264.621418, "delta": 8.335265}}
{"target": -142.79033213886123, "params": {"gamma": 0.001, "prior": 8.040257433119727, "rate": 0.001}, "datetime": {"datetime": "2024-04-08 11:42:29", "elapsed": 3276.336508, "delta": 11.71509}}
{"target": -142.7957962134916, "params": {"gamma": 0.001, "prior": 3.955431105311464, "rate": 3.1324307567669085}, "datetime": {"datetime": "2024-04-08 11:42:33", "elapsed": 3280.661084, "delta": 4.324576}}
{"target": -142.79746578115254, "params": {"gamma": 0.001, "prior": 5.221865869421637, "rate": 7.67993480766439}, "datetime": {"datetime": "2024-04-08 11:42:39", "elapsed": 3286.505539, "delta": 5.844455}}
{"target": -142.79769461021434, "params": {"gamma": 0.001, "prior": 6.047793356901673, "rate": 9.68851741764651}, "datetime": {"datetime": "2024-04-08 11:42:49", "elapsed": 3296.847226, "delta": 10.341687}}
{"target": -142.80729795357453, "params": {"gamma": 0.0013421771199281646, "prior": 0.3143526584490659, "rate": 8.891673623969412}, "datetime": {"datetime": "2024-04-08 11:42:57", "elapsed": 3304.35468, "delta": 7.507454}}
{"target": -142.8140918459917, "params": {"gamma": 0.0035543504653492166, "prior": 2.800297027176642, "rate": 1.9991246365984428}, "datetime": {"datetime": "2024-04-08 11:43:01", "elapsed": 3308.33143, "delta": 3.97675}}
{"target": -142.80753321889748, "params": {"gamma": 0.0025325433526528014, "prior": 7.141398893990585, "rate": 5.827412708542949}, "datetime": {"datetime": "2024-04-08 11:43:10", "elapsed": 3317.789508, "delta": 9.458078}}
{"target": -142.79232351061614, "params": {"gamma": 0.001, "prior": 7.141309394606851, "rate": 1.1098168961508803}, "datetime": {"datetime": "2024-04-08 11:43:17", "elapsed": 3323.978926, "delta": 6.189418}}
{"target": -142.79224903441485, "params": {"gamma": 0.001, "prior": 2.7994056876091684, "rate": 0.4136296912455746}, "datetime": {"datetime": "2024-04-08 11:43:23", "elapsed": 3330.549925, "delta": 6.570999}}
{"target": -142.7939697834047, "params": {"gamma": 0.001, "prior": 10.0, "rate": 3.7735442484580886}, "datetime": {"datetime": "2024-04-08 11:43:36", "elapsed": 3343.394952, "delta": 12.845027}}
{"target": -142.79707617202715, "params": {"gamma": 0.001, "prior": 4.194850101146082, "rate": 5.3403648118109635}, "datetime": {"datetime": "2024-04-08 11:43:55", "elapsed": 3362.940039, "delta": 19.545087}}
{"target": -142.85387270330995, "params": {"gamma": 0.009108931348676994, "prior": 9.690671826803447, "rate": 6.525138848894212}, "datetime": {"datetime": "2024-04-08 11:44:00", "elapsed": 3367.228125, "delta": 4.288086}}
{"target": -142.81420778800498, "params": {"gamma": 0.0022531489326552525, "prior": 1.7249716051092046, "rate": 6.399776761009666}, "datetime": {"datetime": "2024-04-08 11:44:08", "elapsed": 3375.279136, "delta": 8.051011}}
{"target": -142.8364613812761, "params": {"gamma": 0.0059684241388591516, "prior": 1.9117896649877424, "rate": 1.8132873167558872}, "datetime": {"datetime": "2024-04-08 11:44:20", "elapsed": 3387.185626, "delta": 11.90649}}
{"target": -142.83955102832013, "params": {"gamma": 0.005059602154502176, "prior": 4.309512082628399, "rate": 8.757171356999333}, "datetime": {"datetime": "2024-04-08 11:44:29", "elapsed": 3396.564665, "delta": 9.379039}}
{"target": -142.80313304763192, "params": {"gamma": 0.005104503338404748, "prior": 7.675891770161286, "rate": 0.4230181052718295}, "datetime": {"datetime": "2024-04-08 11:44:35", "elapsed": 3402.144004, "delta": 5.579339}}
{"target": -142.7940921473849, "params": {"gamma": 0.001, "prior": 9.581243322513128, "rate": 3.820035691929992}, "datetime": {"datetime": "2024-04-08 11:44:42", "elapsed": 3409.215183, "delta": 7.071179}}
{"target": -142.8223235774378, "params": {"gamma": 0.0024842475584850006, "prior": 0.4832516971121027, "rate": 7.1047917990785745}, "datetime": {"datetime": "2024-04-08 11:44:51", "elapsed": 3418.013108, "delta": 8.797925}}
{"target": -142.79495101421207, "params": {"gamma": 0.001, "prior": 9.258583168922968, "rate": 5.286277186029639}, "datetime": {"datetime": "2024-04-08 11:44:57", "elapsed": 3424.669922, "delta": 6.656814}}
{"target": -142.79308319428063, "params": {"gamma": 0.001, "prior": 8.169973245571594, "rate": 1.994757649950895}, "datetime": {"datetime": "2024-04-08 11:45:07", "elapsed": 3434.522102, "delta": 9.85218}}
{"target": -142.79995544736923, "params": {"gamma": 0.0015787310694728779, "prior": 7.51897462446593, "rate": 5.695830441256377}, "datetime": {"datetime": "2024-04-08 11:45:15", "elapsed": 3442.13073, "delta": 7.608628}}
{"target": -142.83576656553103, "params": {"gamma": 0.007628760099721871, "prior": 3.598824626589102, "rate": 1.6676883675019782}, "datetime": {"datetime": "2024-04-08 11:45:23", "elapsed": 3450.086224, "delta": 7.955494}}
{"target": -142.7944549260051, "params": {"gamma": 0.001, "prior": 9.529516335902663, "rate": 4.441148917357836}, "datetime": {"datetime": "2024-04-08 11:45:35", "elapsed": 3462.764713, "delta": 12.678489}}
{"target": -142.7903317859158, "params": {"gamma": 0.001, "prior": 9.582564747925352, "rate": 0.001}, "datetime": {"datetime": "2024-04-08 11:45:40", "elapsed": 3467.53232, "delta": 4.767607}}
{"target": -142.79533102017652, "params": {"gamma": 0.001, "prior": 8.267258703315953, "rate": 5.480976276193476}, "datetime": {"datetime": "2024-04-08 11:45:46", "elapsed": 3473.29321, "delta": 5.76089}}
{"target": -142.79632166324285, "params": {"gamma": 0.001, "prior": 10.0, "rate": 9.636639142766228}, "datetime": {"datetime": "2024-04-08 11:46:00", "elapsed": 3487.053282, "delta": 13.760072}}
{"target": -142.8026087032095, "params": {"gamma": 0.001141167916962482, "prior": 1.3389842407388652, "rate": 8.661643493016411}, "datetime": {"datetime": "2024-04-08 11:46:09", "elapsed": 3496.692634, "delta": 9.639352}}
{"target": -142.83057392002743, "params": {"gamma": 0.015917611663782867, "prior": 6.640414282673006, "rate": 0.20105380444776513}, "datetime": {"datetime": "2024-04-08 11:46:17", "elapsed": 3504.90517, "delta": 8.212536}}
{"target": -142.9014367229947, "params": {"gamma": 0.023108088730495586, "prior": 2.1728951842277247, "rate": 0.4992351921492339}, "datetime": {"datetime": "2024-04-08 11:46:22", "elapsed": 3509.889738, "delta": 4.984568}}
{"target": -142.8007046275327, "params": {"gamma": 0.001524814306620664, "prior": 0.8340777885862225, "rate": 0.8367154253565018}, "datetime": {"datetime": "2024-04-08 11:46:33", "elapsed": 3520.477734, "delta": 10.587996}}
{"target": -142.83917828550133, "params": {"gamma": 0.004826162464158444, "prior": 1.8435030957522485, "rate": 4.405995156242794}, "datetime": {"datetime": "2024-04-08 11:46:40", "elapsed": 3527.136873, "delta": 6.659139}}
{"target": -142.79511034820243, "params": {"gamma": 0.001, "prior": 10.0, "rate": 6.082087013027514}, "datetime": {"datetime": "2024-04-08 11:46:48", "elapsed": 3535.103505, "delta": 7.966632}}
{"target": -142.8031024163356, "params": {"gamma": 0.0010756510159236452, "prior": 0.4585285295669044, "rate": 7.75674495883348}, "datetime": {"datetime": "2024-04-08 11:46:57", "elapsed": 3544.047669, "delta": 8.944164}}
{"target": -142.90298434591384, "params": {"gamma": 0.007781508273230151, "prior": 0.2288806603927408, "rate": 9.585264525051178}, "datetime": {"datetime": "2024-04-08 11:47:04", "elapsed": 3551.128749, "delta": 7.08108}}
{"target": -142.7943749309552, "params": {"gamma": 0.001, "prior": 6.752571756431573, "rate": 3.0424228709555807}, "datetime": {"datetime": "2024-04-08 11:47:11", "elapsed": 3558.140216, "delta": 7.011467}}
{"target": -142.83255546958458, "params": {"gamma": 0.0077490817224158326, "prior": 3.065707709859784, "rate": 1.140502543260504}, "datetime": {"datetime": "2024-04-08 11:47:19", "elapsed": 3566.101241, "delta": 7.961025}}
{"target": -142.809863828681, "params": {"gamma": 0.0020836206122299165, "prior": 1.5261088625125139, "rate": 3.4965689621745546}, "datetime": {"datetime": "2024-04-08 11:47:24", "elapsed": 3571.061159, "delta": 4.959918}}
{"target": -142.79508127593098, "params": {"gamma": 0.001, "prior": 6.225690274703908, "rate": 3.7433411070000564}, "datetime": {"datetime": "2024-04-08 11:47:35", "elapsed": 3582.105684, "delta": 11.044525}}
{"target": -142.79844118113166, "params": {"gamma": 0.001, "prior": 4.690389231732599, "rate": 10.0}, "datetime": {"datetime": "2024-04-08 11:47:46", "elapsed": 3593.205635, "delta": 11.099951}}
{"target": -142.80347217273012, "params": {"gamma": 0.001205233886990778, "prior": 0.37613965489721557, "rate": 2.503698064535407}, "datetime": {"datetime": "2024-04-08 11:47:55", "elapsed": 3602.81701, "delta": 9.611375}}
{"target": -142.7978642238189, "params": {"gamma": 0.001, "prior": 4.460780394819699, "rate": 7.617515077533636}, "datetime": {"datetime": "2024-04-08 11:48:03", "elapsed": 3610.60571, "delta": 7.7887}}
{"target": -142.79553665537986, "params": {"gamma": 0.001, "prior": 9.552712114740284, "rate": 6.854921651937667}, "datetime": {"datetime": "2024-04-08 11:48:14", "elapsed": 3620.969347, "delta": 10.363637}}
{"target": -142.8416996477565, "params": {"gamma": 0.0039307357127398995, "prior": 0.8050496143597332, "rate": 9.96288720507931}, "datetime": {"datetime": "2024-04-08 11:48:23", "elapsed": 3630.168798, "delta": 9.199451}}
{"target": -142.81269259638916, "params": {"gamma": 0.00491381213077792, "prior": 4.247121180794617, "rate": 1.1228705920209878}, "datetime": {"datetime": "2024-04-08 11:48:30", "elapsed": 3637.231836, "delta": 7.063038}}
{"target": -142.80107696018177, "params": {"gamma": 0.001502979305140192, "prior": 5.866264189444982, "rate": 6.734197271946396}, "datetime": {"datetime": "2024-04-08 11:48:44", "elapsed": 3651.118201, "delta": 13.886365}}
{"target": -142.83210931580356, "params": {"gamma": 0.004165363673257482, "prior": 3.8141711671066334, "rate": 9.104453256785904}, "datetime": {"datetime": "2024-04-08 11:48:50", "elapsed": 3657.896124, "delta": 6.777923}}
{"target": -142.79463774500132, "params": {"gamma": 0.001, "prior": 3.9925759050016323, "rate": 2.0077376305307606}, "datetime": {"datetime": "2024-04-08 11:49:02", "elapsed": 3669.756407, "delta": 11.860283}}
{"target": -142.79735198390458, "params": {"gamma": 0.001, "prior": 5.799740627432235, "rate": 8.176684973231495}, "datetime": {"datetime": "2024-04-08 11:49:07", "elapsed": 3674.587765, "delta": 4.831358}}
{"target": -142.81994513206786, "params": {"gamma": 0.003106332639592178, "prior": 3.5967203302409825, "rate": 7.644630167921144}, "datetime": {"datetime": "2024-04-08 11:49:12", "elapsed": 3679.241087, "delta": 4.653322}}
{"target": -142.7939591507407, "params": {"gamma": 0.001, "prior": 8.524366847420712, "rate": 3.2011713781932185}, "datetime": {"datetime": "2024-04-08 11:49:18", "elapsed": 3685.047667, "delta": 5.80658}}
{"target": -142.82485562055643, "params": {"gamma": 0.01062713102199217, "prior": 6.106440991961437, "rate": 0.5700110951506836}, "datetime": {"datetime": "2024-04-08 11:49:28", "elapsed": 3695.715732, "delta": 10.668065}}
{"target": -142.79875803672365, "params": {"gamma": 0.0010194010921841263, "prior": 3.7796845297274726, "rate": 8.440367605515119}, "datetime": {"datetime": "2024-04-08 11:49:32", "elapsed": 3699.751159, "delta": 4.035427}}
{"target": -142.79676424600672, "params": {"gamma": 0.001, "prior": 6.591871158524708, "rate": 7.480236991018416}, "datetime": {"datetime": "2024-04-08 11:49:45", "elapsed": 3712.411426, "delta": 12.660267}}
{"target": -142.79810121088389, "params": {"gamma": 0.001, "prior": 5.350983378913339, "rate": 10.0}, "datetime": {"datetime": "2024-04-08 11:49:50", "elapsed": 3717.090179, "delta": 4.678753}}
{"target": -142.79805176113996, "params": {"gamma": 0.001, "prior": 4.912459762821977, "rate": 9.008445851831524}, "datetime": {"datetime": "2024-04-08 11:50:05", "elapsed": 3732.594174, "delta": 15.503995}}
