{"target": -512.4158443271548, "params": {"gamma": 3.1506693103029977, "lr": 0.5002428841865044}, "datetime": {"datetime": "2024-04-04 22:42:36", "elapsed": 6103.984701, "delta": 8.118653}}
{"target": -460.1363432442226, "params": {"gamma": 3.063761439296264, "lr": 0.4883794785866802}, "datetime": {"datetime": "2024-04-04 22:42:48", "elapsed": 6116.032476, "delta": 12.047775}}
{"target": -1355.4246151580633, "params": {"gamma": 5.1459852350575686, "lr": 0.999920162750053}, "datetime": {"datetime": "2024-04-04 22:43:00", "elapsed": 6128.22997, "delta": 12.197494}}
{"target": -249.74710260687095, "params": {"gamma": 2.4318988051657153, "lr": 0.2044342909971838}, "datetime": {"datetime": "2024-04-04 22:43:16", "elapsed": 6144.52735, "delta": 16.29738}}
{"target": -512.6937285755347, "params": {"gamma": 5.443595337419887, "lr": 0.21858805780651025}, "datetime": {"datetime": "2024-04-04 22:43:30", "elapsed": 6158.737206, "delta": 14.209856}}
{"target": -424.93497062300554, "params": {"gamma": 4.1894788174059645, "lr": 0.3241660743520559}, "datetime": {"datetime": "2024-04-04 22:43:42", "elapsed": 6170.333601, "delta": 11.596395}}
{"target": -844.5790516958705, "params": {"gamma": 8.270044026589847, "lr": 0.2597074888833796}, "datetime": {"datetime": "2024-04-04 22:43:52", "elapsed": 6180.305913, "delta": 9.972312}}
{"target": -851.8720762543849, "params": {"gamma": 5.20075552058193, "lr": 0.5636189388703878}, "datetime": {"datetime": "2024-04-04 22:44:19", "elapsed": 6207.626199, "delta": 27.320286}}
{"target": -354.25336552488426, "params": {"gamma": 3.653300034092967, "lr": 0.21329754943853196}, "datetime": {"datetime": "2024-04-04 22:44:23", "elapsed": 6211.45408, "delta": 3.827881}}
{"target": -352.37556792875154, "params": {"gamma": 2.2782087812480634, "lr": 0.4894044549176617}, "datetime": {"datetime": "2024-04-04 22:44:33", "elapsed": 6221.031282, "delta": 9.577202}}
{"target": -426.0694341838234, "params": {"gamma": 3.6955891218163326, "lr": 0.33890345250061205}, "datetime": {"datetime": "2024-04-04 22:44:41", "elapsed": 6229.876463, "delta": 8.845181}}
{"target": -466.5809038936193, "params": {"gamma": 4.925388017174014, "lr": 0.2003693631724698}, "datetime": {"datetime": "2024-04-04 22:44:52", "elapsed": 6240.72029, "delta": 10.843827}}
{"target": -343.1837713913888, "params": {"gamma": 2.2126534940103273, "lr": 0.19258162620340613}, "datetime": {"datetime": "2024-04-04 22:45:07", "elapsed": 6255.709733, "delta": 14.989443}}
{"target": -852.2523694371474, "params": {"gamma": 5.850678484500253, "lr": 0.44729738182665824}, "datetime": {"datetime": "2024-04-04 22:45:22", "elapsed": 6270.21453, "delta": 14.504797}}
{"target": -527.7568846451568, "params": {"gamma": 3.0583679083228987, "lr": 0.6096834514672886}, "datetime": {"datetime": "2024-04-04 22:45:32", "elapsed": 6280.565385, "delta": 10.350855}}
{"target": -312.60965940126533, "params": {"gamma": 1.4661887291183502, "lr": 0.6737834455380869}, "datetime": {"datetime": "2024-04-04 22:45:55", "elapsed": 6303.742569, "delta": 23.177184}}
{"target": -395.2305641368153, "params": {"gamma": 4.470154316204771, "lr": 0.2478850115948099}, "datetime": {"datetime": "2024-04-04 22:46:05", "elapsed": 6313.444747, "delta": 9.702178}}
{"target": -364.0392334063804, "params": {"gamma": 2.3720931674214145, "lr": 0.18595841879800568}, "datetime": {"datetime": "2024-04-04 22:46:24", "elapsed": 6332.827154, "delta": 19.382407}}
{"target": -1429.2727437503897, "params": {"gamma": 7.051313295381794, "lr": 0.7302029739795443}, "datetime": {"datetime": "2024-04-04 22:46:28", "elapsed": 6336.696014, "delta": 3.86886}}
{"target": -299.06674486995973, "params": {"gamma": 1.7172926272154583, "lr": 0.5302295598669743}, "datetime": {"datetime": "2024-04-04 22:46:41", "elapsed": 6349.235662, "delta": 12.539648}}
{"target": -332.41710874655155, "params": {"gamma": 1.754699217644865, "lr": 0.6295349580687476}, "datetime": {"datetime": "2024-04-04 22:46:51", "elapsed": 6359.306421, "delta": 10.070759}}
{"target": -469.41540102568297, "params": {"gamma": 1.9900041341898382, "lr": 0.7624897047136036}, "datetime": {"datetime": "2024-04-04 22:46:58", "elapsed": 6366.723035, "delta": 7.416614}}
{"target": -197.95299520620634, "params": {"gamma": 1.648477880754006, "lr": 0.30826391044228907}, "datetime": {"datetime": "2024-04-04 22:47:06", "elapsed": 6374.409321, "delta": 7.686286}}
{"target": -614.8401846742538, "params": {"gamma": 6.20386634097787, "lr": 0.31330982006463426}, "datetime": {"datetime": "2024-04-04 22:47:15", "elapsed": 6383.052377, "delta": 8.643056}}
{"target": -245.46473082360524, "params": {"gamma": 2.219902821936201, "lr": 0.32561774869862736}, "datetime": {"datetime": "2024-04-04 22:47:29", "elapsed": 6397.199252, "delta": 14.146875}}
{"target": -199.74670794381086, "params": {"gamma": 1.4682908941722197, "lr": 0.35335919613311817}, "datetime": {"datetime": "2024-04-04 22:47:45", "elapsed": 6413.442335, "delta": 16.243083}}
{"target": -1644.3866845160246, "params": {"gamma": 8.397034782333924, "lr": 0.6680350273335731}, "datetime": {"datetime": "2024-04-04 22:47:49", "elapsed": 6417.331385, "delta": 3.88905}}
{"target": -271.6984257356434, "params": {"gamma": 1.0586896793631249, "lr": 0.750144361769247}, "datetime": {"datetime": "2024-04-04 22:48:06", "elapsed": 6434.41897, "delta": 17.087585}}
{"target": -241.80148397282588, "params": {"gamma": 0.9397751400890653, "lr": 0.15631597166599165}, "datetime": {"datetime": "2024-04-04 22:48:27", "elapsed": 6455.833921, "delta": 21.414951}}
{"target": -206.59707005392798, "params": {"gamma": 0.9308102583897864, "lr": 0.6510885481052667}, "datetime": {"datetime": "2024-04-04 22:48:35", "elapsed": 6463.618286, "delta": 7.784365}}
{"target": -195.7414687875511, "params": {"gamma": 1.077052231787728, "lr": 0.429259335916949}, "datetime": {"datetime": "2024-04-04 22:48:43", "elapsed": 6471.177821, "delta": 7.559535}}
{"target": -1000.9899276585636, "params": {"gamma": 4.168603481570988, "lr": 0.8378542272231625}, "datetime": {"datetime": "2024-04-04 22:48:54", "elapsed": 6482.343946, "delta": 11.166125}}
{"target": -911.1274877976873, "params": {"gamma": 5.755642908575798, "lr": 0.5294382488855376}, "datetime": {"datetime": "2024-04-04 22:49:08", "elapsed": 6496.261052, "delta": 13.917106}}
{"target": -251.10500227952886, "params": {"gamma": 0.9481093013864765, "lr": 0.7897219553118702}, "datetime": {"datetime": "2024-04-04 22:49:25", "elapsed": 6513.805108, "delta": 17.544056}}
{"target": -440.06167982303043, "params": {"gamma": 2.9188076790771142, "lr": 0.49903874484165023}, "datetime": {"datetime": "2024-04-04 22:49:37", "elapsed": 6525.631639, "delta": 11.826531}}
{"target": -157.74000369299677, "params": {"gamma": 0.9571050977731129, "lr": 0.36951239579564915}, "datetime": {"datetime": "2024-04-04 22:49:48", "elapsed": 6536.221357, "delta": 10.589718}}
{"target": -338.0121659137838, "params": {"gamma": 3.08013388412576, "lr": 0.2818279351377283}, "datetime": {"datetime": "2024-04-04 22:50:08", "elapsed": 6556.462277, "delta": 20.24092}}
{"target": -1410.6250463554818, "params": {"gamma": 4.944254048248854, "lr": 1.0}, "datetime": {"datetime": "2024-04-04 22:50:21", "elapsed": 6569.137693, "delta": 12.675416}}
{"target": -231.0340670249952, "params": {"gamma": 2.051331449886891, "lr": 0.3091781281946617}, "datetime": {"datetime": "2024-04-04 22:50:42", "elapsed": 6590.751688, "delta": 21.613995}}
{"target": -319.82131739992906, "params": {"gamma": 2.8872895328042048, "lr": 0.2673430965274235}, "datetime": {"datetime": "2024-04-04 22:50:57", "elapsed": 6605.069968, "delta": 14.31828}}
{"target": -139.5347641867396, "params": {"gamma": 0.545024965457499, "lr": 0.25715850642992627}, "datetime": {"datetime": "2024-04-04 22:51:05", "elapsed": 6613.566315, "delta": 8.496347}}
{"target": -262.3195099835272, "params": {"gamma": 1.4578364857230524, "lr": 0.5229405245868296}, "datetime": {"datetime": "2024-04-04 22:51:15", "elapsed": 6623.155033, "delta": 9.588718}}
{"target": -491.8287678778232, "params": {"gamma": 3.2917347703369124, "lr": 0.4536229733198408}, "datetime": {"datetime": "2024-04-04 22:51:28", "elapsed": 6636.705296, "delta": 13.550263}}
{"target": -136.2733276780114, "params": {"gamma": 0.20996514308887185, "lr": 0.4074352886781709}, "datetime": {"datetime": "2024-04-04 22:51:37", "elapsed": 6645.825496, "delta": 9.1202}}
{"target": -387.79909173329537, "params": {"gamma": 2.600087068609796, "lr": 0.4360759640759004}, "datetime": {"datetime": "2024-04-04 22:51:51", "elapsed": 6659.087651, "delta": 13.262155}}
{"target": -185.86188107259864, "params": {"gamma": 0.9523258437508534, "lr": 0.4535950258062738}, "datetime": {"datetime": "2024-04-04 22:52:22", "elapsed": 6690.927999, "delta": 31.840348}}
{"target": -923.1440479140149, "params": {"gamma": 5.168137961992274, "lr": 0.6642809907130701}, "datetime": {"datetime": "2024-04-04 22:52:27", "elapsed": 6695.042342, "delta": 4.114343}}
{"target": -225.5415342602175, "params": {"gamma": 1.4379949191666161, "lr": 0.42504641350869204}, "datetime": {"datetime": "2024-04-04 22:52:37", "elapsed": 6705.669478, "delta": 10.627136}}
{"target": -154.9166768215686, "params": {"gamma": 0.46543168959111075, "lr": 0.6843064305105289}, "datetime": {"datetime": "2024-04-04 22:52:48", "elapsed": 6716.227367, "delta": 10.557889}}
{"target": -683.0444434662598, "params": {"gamma": 6.627420269062121, "lr": 0.27039731498131303}, "datetime": {"datetime": "2024-04-04 22:52:52", "elapsed": 6720.367472, "delta": 4.140105}}
{"target": -314.16771005442826, "params": {"gamma": 1.1083679581928485, "lr": 0.9153962297276114}, "datetime": {"datetime": "2024-04-04 22:53:05", "elapsed": 6733.64395, "delta": 13.276478}}
{"target": -663.7036930097898, "params": {"gamma": 4.143013458361553, "lr": 0.5350222418014875}, "datetime": {"datetime": "2024-04-04 22:53:09", "elapsed": 6737.844631, "delta": 4.200681}}
{"target": -141.44420359573286, "params": {"gamma": 0.06962154297811403, "lr": 0.7919763917716333}, "datetime": {"datetime": "2024-04-04 22:53:27", "elapsed": 6755.877428, "delta": 18.032797}}
{"target": -331.38166428112345, "params": {"gamma": 3.010013963572012, "lr": 0.2600126898779975}, "datetime": {"datetime": "2024-04-04 22:53:35", "elapsed": 6763.761253, "delta": 7.883825}}
{"target": -137.72387724781436, "params": {"gamma": 0.1881351458721063, "lr": 0.5301997859873023}, "datetime": {"datetime": "2024-04-04 22:53:44", "elapsed": 6772.837755, "delta": 9.076502}}
{"target": -680.7739410253001, "params": {"gamma": 2.781363483446895, "lr": 0.8209949407159705}, "datetime": {"datetime": "2024-04-04 22:53:49", "elapsed": 6777.139945, "delta": 4.30219}}
{"target": -563.1508187436974, "params": {"gamma": 6.009421954845747, "lr": 0.21063463857031772}, "datetime": {"datetime": "2024-04-04 22:54:07", "elapsed": 6795.701104, "delta": 18.561159}}
{"target": -146.2540550981487, "params": {"gamma": 1.7069923780644336, "lr": 0.0}, "datetime": {"datetime": "2024-04-04 22:54:16", "elapsed": 6804.465367, "delta": 8.764263}}
{"target": -476.99262090982626, "params": {"gamma": 1.8076171427738876, "lr": 0.14184786956143425}, "datetime": {"datetime": "2024-04-04 22:54:28", "elapsed": 6816.326393, "delta": 11.861026}}
{"target": -141.4199843189058, "params": {"gamma": 0.9535796934613757, "lr": 0.2248559616255581}, "datetime": {"datetime": "2024-04-04 22:54:44", "elapsed": 6832.132214, "delta": 15.805821}}
{"target": -175.08904701061977, "params": {"gamma": 1.3462612346538074, "lr": 0.28866485110987383}, "datetime": {"datetime": "2024-04-04 22:54:50", "elapsed": 6838.285288, "delta": 6.153074}}
{"target": -135.03645635987357, "params": {"gamma": 0.5000229206379359, "lr": 0.3668653063241071}, "datetime": {"datetime": "2024-04-04 22:55:00", "elapsed": 6848.390868, "delta": 10.10558}}
{"target": -368.4270351682207, "params": {"gamma": 1.317858821920792, "lr": 0.9255113490705044}, "datetime": {"datetime": "2024-04-04 22:55:04", "elapsed": 6852.30327, "delta": 3.912402}}
{"target": -209.2040351168259, "params": {"gamma": 1.0125214832995988, "lr": 0.6123354151679411}, "datetime": {"datetime": "2024-04-04 22:55:17", "elapsed": 6865.095393, "delta": 12.792123}}
{"target": -146.2540550981487, "params": {"gamma": 0.6826384814766977, "lr": 0.0}, "datetime": {"datetime": "2024-04-04 22:55:29", "elapsed": 6877.283271, "delta": 12.187878}}
{"target": -141.52662962129028, "params": {"gamma": 0.1901151419964003, "lr": 0.8105953442434024}, "datetime": {"datetime": "2024-04-04 22:55:44", "elapsed": 6892.560524, "delta": 15.277253}}
{"target": -1289.4405482131694, "params": {"gamma": 9.145740443175212, "lr": 0.19312680036520047}, "datetime": {"datetime": "2024-04-04 22:55:48", "elapsed": 6896.836344, "delta": 4.27582}}
{"target": -175.19238197798632, "params": {"gamma": 0.44610248921288415, "lr": 0.15875469299263267}, "datetime": {"datetime": "2024-04-04 22:55:58", "elapsed": 6906.36194, "delta": 9.525596}}
{"target": -267.34807440158613, "params": {"gamma": 0.9069944072439668, "lr": 0.9130381323437905}, "datetime": {"datetime": "2024-04-04 22:56:10", "elapsed": 6917.972877, "delta": 11.610937}}
{"target": -134.15238285465608, "params": {"gamma": 0.45258659251758554, "lr": 0.3343066531356036}, "datetime": {"datetime": "2024-04-04 22:56:27", "elapsed": 6935.753085, "delta": 17.780208}}
{"target": -143.2491070439256, "params": {"gamma": 0.035111608085291575, "lr": 0.9518278387415461}, "datetime": {"datetime": "2024-04-04 22:56:41", "elapsed": 6949.668784, "delta": 13.915699}}
{"target": -157.95921586407965, "params": {"gamma": 0.6030073877012163, "lr": 0.5343446118062001}, "datetime": {"datetime": "2024-04-04 22:56:55", "elapsed": 6963.672045, "delta": 14.003261}}
{"target": -143.41415897995444, "params": {"gamma": 0.03699184236856378, "lr": 0.5242988913373589}, "datetime": {"datetime": "2024-04-04 22:57:11", "elapsed": 6979.615998, "delta": 15.943953}}
{"target": -270.9949462564622, "params": {"gamma": 1.6631963402703354, "lr": 0.4596055550184508}, "datetime": {"datetime": "2024-04-04 22:57:30", "elapsed": 6998.86133, "delta": 19.245332}}
{"target": -160.73971009412517, "params": {"gamma": 1.1361610839485579, "lr": 0.299934468734372}, "datetime": {"datetime": "2024-04-04 22:57:43", "elapsed": 7011.26601, "delta": 12.40468}}
{"target": -855.3257305555115, "params": {"gamma": 8.739468191069335, "lr": 0.32247473906214374}, "datetime": {"datetime": "2024-04-04 22:57:51", "elapsed": 7019.467672, "delta": 8.201662}}
{"target": -212.12253640234402, "params": {"gamma": 0.6438463987130798, "lr": 0.956449031944423}, "datetime": {"datetime": "2024-04-04 22:57:55", "elapsed": 7023.432948, "delta": 3.965276}}
{"target": -149.08472503114726, "params": {"gamma": 0.4004459914357294, "lr": 0.7247488373779637}, "datetime": {"datetime": "2024-04-04 22:58:05", "elapsed": 7033.428708, "delta": 9.99576}}
{"target": -358.01196303793637, "params": {"gamma": 3.2906151176146596, "lr": 0.2722067480065825}, "datetime": {"datetime": "2024-04-04 22:58:13", "elapsed": 7041.130275, "delta": 7.701567}}
{"target": -149.71633498192352, "params": {"gamma": 1.1373532610778294, "lr": 0.22935327968246821}, "datetime": {"datetime": "2024-04-04 22:58:17", "elapsed": 7045.17283, "delta": 4.042555}}
{"target": -139.03539826402107, "params": {"gamma": 0.8395441899945103, "lr": 0.21583751340137336}, "datetime": {"datetime": "2024-04-04 22:58:24", "elapsed": 7052.817913, "delta": 7.645083}}
{"target": -146.2540550981487, "params": {"gamma": 0.20168473753377283, "lr": 0.0}, "datetime": {"datetime": "2024-04-04 22:58:36", "elapsed": 7064.138363, "delta": 11.32045}}
{"target": -153.94808637348663, "params": {"gamma": 0.8916310120686577, "lr": 0.337190077129786}, "datetime": {"datetime": "2024-04-04 22:58:43", "elapsed": 7071.642546, "delta": 7.504183}}
{"target": -1405.03756934728, "params": {"gamma": 5.336311486310064, "lr": 0.9709713134951646}, "datetime": {"datetime": "2024-04-04 22:58:48", "elapsed": 7076.009075, "delta": 4.366529}}
{"target": -662.1910548705465, "params": {"gamma": 1.7087245258086792, "lr": 0.10065486012718594}, "datetime": {"datetime": "2024-04-04 22:58:52", "elapsed": 7079.992192, "delta": 3.983117}}
{"target": -181.64203776070366, "params": {"gamma": 1.682529059835939, "lr": 0.2444965502673362}, "datetime": {"datetime": "2024-04-04 22:59:04", "elapsed": 7092.724849, "delta": 12.732657}}
{"target": -396.6305979637229, "params": {"gamma": 1.858593735534851, "lr": 0.743457802929588}, "datetime": {"datetime": "2024-04-04 22:59:26", "elapsed": 7114.852642, "delta": 22.127793}}
{"target": -273.7335353180439, "params": {"gamma": 2.54237508288321, "lr": 0.3306459039151708}, "datetime": {"datetime": "2024-04-04 22:59:36", "elapsed": 7124.317383, "delta": 9.464741}}
{"target": -138.19662131103723, "params": {"gamma": 0.6197588883742376, "lr": 0.3762112017699063}, "datetime": {"datetime": "2024-04-04 22:59:44", "elapsed": 7132.851569, "delta": 8.534186}}
{"target": -410.68503497239294, "params": {"gamma": 2.332834730763804, "lr": 0.6045028767805809}, "datetime": {"datetime": "2024-04-04 22:59:53", "elapsed": 7141.77043, "delta": 8.918861}}
{"target": -355.4079666202107, "params": {"gamma": 1.6382548076511372, "lr": 0.15334274174596274}, "datetime": {"datetime": "2024-04-04 23:00:04", "elapsed": 7151.973099, "delta": 10.202669}}
{"target": -504.7924743123788, "params": {"gamma": 1.861884945486085, "lr": 0.9293864554902989}, "datetime": {"datetime": "2024-04-04 23:00:08", "elapsed": 7156.208058, "delta": 4.234959}}
{"target": -319.39889292143636, "params": {"gamma": 1.6545517126287799, "lr": 0.6512812758246941}, "datetime": {"datetime": "2024-04-04 23:00:24", "elapsed": 7172.491674, "delta": 16.283616}}
{"target": -943.0875721638993, "params": {"gamma": 1.7901757850061435, "lr": 0.0008164296573954788}, "datetime": {"datetime": "2024-04-04 23:00:42", "elapsed": 7189.959549, "delta": 17.467875}}
{"target": -1102.6181417432906, "params": {"gamma": 7.3585668024996815, "lr": 0.17668938806363843}, "datetime": {"datetime": "2024-04-04 23:00:52", "elapsed": 7200.279251, "delta": 10.319702}}
{"target": -4574.153522115911, "params": {"gamma": 8.820159144756595, "lr": 0.0004467901192122259}, "datetime": {"datetime": "2024-04-04 23:01:01", "elapsed": 7209.704266, "delta": 9.425015}}
{"target": -768.3154279097986, "params": {"gamma": 7.822729709532785, "lr": 0.3112406219009186}, "datetime": {"datetime": "2024-04-04 23:01:05", "elapsed": 7213.786057, "delta": 4.081791}}
{"target": -946.1729108046922, "params": {"gamma": 5.627655060042397, "lr": 0.5875779561883507}, "datetime": {"datetime": "2024-04-04 23:01:22", "elapsed": 7230.509194, "delta": 16.723137}}
{"target": -551.6976567263771, "params": {"gamma": 2.6537152734440754, "lr": 0.7415807989090487}, "datetime": {"datetime": "2024-04-04 23:01:34", "elapsed": 7242.628032, "delta": 12.118838}}
{"target": -1965.828361487649, "params": {"gamma": 9.995610881338768, "lr": 0.7076746134594144}, "datetime": {"datetime": "2024-04-04 23:01:50", "elapsed": 7258.326046, "delta": 15.698014}}
{"target": -1264.7206827320215, "params": {"gamma": 2.4183217640028354, "lr": 0.04194827929223799}, "datetime": {"datetime": "2024-04-04 23:02:15", "elapsed": 7283.685004, "delta": 25.358958}}
{"target": -805.1883647154109, "params": {"gamma": 5.518208295128838, "lr": 0.4599441519902362}, "datetime": {"datetime": "2024-04-04 23:02:27", "elapsed": 7294.960631, "delta": 11.275627}}
{"target": -872.4367815402674, "params": {"gamma": 3.4051210733071176, "lr": 0.8732896228087998}, "datetime": {"datetime": "2024-04-04 23:02:40", "elapsed": 7308.064506, "delta": 13.103875}}
{"target": -146.2540550981487, "params": {"gamma": 1.7568769908439803, "lr": 0.0}, "datetime": {"datetime": "2024-04-04 23:02:53", "elapsed": 7321.83187, "delta": 13.767364}}
{"target": -868.243338057504, "params": {"gamma": 1.6430643031477732, "lr": 0.06785604547426194}, "datetime": {"datetime": "2024-04-04 23:03:01", "elapsed": 7329.053575, "delta": 7.221705}}
{"target": -658.0855767462057, "params": {"gamma": 7.693096442605237, "lr": 0.24927975620619613}, "datetime": {"datetime": "2024-04-04 23:03:13", "elapsed": 7341.073266, "delta": 12.019691}}
{"target": -987.7458553777502, "params": {"gamma": 5.86784742895543, "lr": 0.6229879340556771}, "datetime": {"datetime": "2024-04-04 23:03:37", "elapsed": 7365.896381, "delta": 24.823115}}
{"target": -775.4461588622052, "params": {"gamma": 4.87219458934797, "lr": 0.5054009835763885}, "datetime": {"datetime": "2024-04-04 23:03:52", "elapsed": 7380.506564, "delta": 14.610183}}
{"target": -618.8415995310014, "params": {"gamma": 2.389045445801364, "lr": 0.8594533915471978}, "datetime": {"datetime": "2024-04-04 23:04:05", "elapsed": 7393.238308, "delta": 12.731744}}
{"target": -869.181824155716, "params": {"gamma": 3.6584387380462005, "lr": 0.8082114950040488}, "datetime": {"datetime": "2024-04-04 23:04:12", "elapsed": 7400.733736, "delta": 7.495428}}
{"target": -1172.4002687713285, "params": {"gamma": 8.108587259383896, "lr": 0.4989346255708097}, "datetime": {"datetime": "2024-04-04 23:04:19", "elapsed": 7406.956272, "delta": 6.222536}}
{"target": -505.73361648325977, "params": {"gamma": 2.9226122479730696, "lr": 0.610636133408358}, "datetime": {"datetime": "2024-04-04 23:04:31", "elapsed": 7419.325563, "delta": 12.369291}}
{"target": -669.4773326322947, "params": {"gamma": 6.780592582974985, "lr": 0.3010203838876825}, "datetime": {"datetime": "2024-04-04 23:04:47", "elapsed": 7435.588162, "delta": 16.262599}}
{"target": -1153.53095504849, "params": {"gamma": 4.371032275430836, "lr": 0.9999412830804085}, "datetime": {"datetime": "2024-04-04 23:05:03", "elapsed": 7451.617378, "delta": 16.029216}}
{"target": -602.9675484441307, "params": {"gamma": 3.520398686176811, "lr": 0.615376465129452}, "datetime": {"datetime": "2024-04-04 23:05:16", "elapsed": 7464.231275, "delta": 12.613897}}
