{"target": -317.8113352627865, "params": {"gamma": 4.170803025021038, "prior": 7.231212485077365, "rate": 0.002143633798631522}, "datetime": {"datetime": "2024-04-12 20:03:23", "elapsed": 0.0, "delta": 0.0}}
{"target": -214.34469362377823, "params": {"gamma": 3.024023393745766, "prior": 1.5528833190894193, "rate": 0.9242936090932092}, "datetime": {"datetime": "2024-04-12 20:03:23", "elapsed": 0.007697, "delta": 0.007697}}
{"target": -180.47819004013996, "params": {"gamma": 1.8634158535653313, "prior": 3.5210511977261727, "rate": 3.968277974832469}, "datetime": {"datetime": "2024-04-12 20:03:23", "elapsed": 0.015328, "delta": 0.007631}}
{"target": -381.93031090816794, "params": {"gamma": 5.388628523299567, "prior": 4.250025692592619, "rate": 6.852509784467199}, "datetime": {"datetime": "2024-04-12 20:03:23", "elapsed": 0.022817, "delta": 0.007489}}
{"target": -197.39531008853785, "params": {"gamma": 2.045318045065443, "prior": 8.79336262027036, "rate": 0.2748485443860637}, "datetime": {"datetime": "2024-04-12 20:03:23", "elapsed": 0.030454, "delta": 0.007637}}
{"target": -439.0111329202811, "params": {"gamma": 6.705004634273845, "prior": 4.231317543434557, "rate": 5.587339594629071}, "datetime": {"datetime": "2024-04-12 20:03:23", "elapsed": 0.037974, "delta": 0.00752}}
{"target": -176.02737723857877, "params": {"gamma": 1.4047289990137424, "prior": 2.0612047419403, "rate": 8.00764494218669}, "datetime": {"datetime": "2024-04-12 20:03:23", "elapsed": 0.045522, "delta": 0.007548}}
{"target": -705.4034289675585, "params": {"gamma": 9.682647495618255, "prior": 3.2028993637765044, "rate": 6.923533834077472}, "datetime": {"datetime": "2024-04-12 20:03:23", "elapsed": 0.053103, "delta": 0.007581}}
{"target": -499.54832835063274, "params": {"gamma": 8.764015133808087, "prior": 8.956605968688088, "rate": 0.8513570694864094}, "datetime": {"datetime": "2024-04-12 20:03:23", "elapsed": 0.060716, "delta": 0.007613}}
{"target": -135.50439286235923, "params": {"gamma": 0.39150877754559077, "prior": 1.7813211536892324, "rate": 8.781546891790702}, "datetime": {"datetime": "2024-04-12 20:03:23", "elapsed": 0.068377, "delta": 0.007661}}
{"target": -150.93188022350103, "params": {"gamma": 0.9843699914966679, "prior": 4.268965487550016, "rate": 9.578937411974868}, "datetime": {"datetime": "2024-04-12 20:03:23", "elapsed": 0.075991, "delta": 0.007614}}
{"target": -297.0989521293006, "params": {"gamma": 5.332119684445198, "prior": 6.949583428109686, "rate": 3.1558407944296234}, "datetime": {"datetime": "2024-04-12 20:03:23", "elapsed": 0.083545, "delta": 0.007554}}
{"target": -440.23389814486495, "params": {"gamma": 6.865322775888155, "prior": 8.362794151783993, "rate": 0.18386448516457388}, "datetime": {"datetime": "2024-04-12 20:03:23", "elapsed": 0.091098, "delta": 0.007553}}
{"target": -416.25979059890136, "params": {"gamma": 7.50169300513473, "prior": 9.889724780174298, "rate": 7.4819083781440145}, "datetime": {"datetime": "2024-04-12 20:03:23", "elapsed": 0.098717, "delta": 0.007619}}
{"target": -208.10236095198476, "params": {"gamma": 2.8051594766519874, "prior": 7.913865351669736, "rate": 1.0331568397698425}, "datetime": {"datetime": "2024-04-12 20:03:23", "elapsed": 0.106365, "delta": 0.007648}}
{"target": -262.1520423125262, "params": {"gamma": 4.479487368232876, "prior": 9.095095480621646, "rate": 2.9368478695884215}, "datetime": {"datetime": "2024-04-12 20:03:23", "elapsed": 0.11404, "delta": 0.007675}}
{"target": -209.87367627580082, "params": {"gamma": 2.878465610524901, "prior": 1.3872828639709491, "rate": 0.19465021174510047}, "datetime": {"datetime": "2024-04-12 20:03:23", "elapsed": 0.121656, "delta": 0.007616}}
{"target": -433.360619365197, "params": {"gamma": 6.78867649386597, "prior": 2.1951183484005847, "rate": 2.65620104706289}, "datetime": {"datetime": "2024-04-12 20:03:23", "elapsed": 0.12929, "delta": 0.007634}}
{"target": -471.56358321320863, "params": {"gamma": 4.916240019644103, "prior": 0.6282891966590958, "rate": 5.741601937314639}, "datetime": {"datetime": "2024-04-12 20:03:23", "elapsed": 0.137044, "delta": 0.007754}}
{"target": -165.14957816106718, "params": {"gamma": 1.4681390204831957, "prior": 5.934124815342514, "rate": 6.9978838418492915}, "datetime": {"datetime": "2024-04-12 20:03:23", "elapsed": 0.144803, "delta": 0.007759}}
{"target": -150.79621865209091, "params": {"gamma": 1.0242419538494305, "prior": 4.199154279413726, "rate": 6.9443071771197245}, "datetime": {"datetime": "2024-04-12 20:03:23", "elapsed": 0.152437, "delta": 0.007634}}
{"target": -402.7196997832773, "params": {"gamma": 4.1423785159995, "prior": 0.5945392435662629, "rate": 5.359428162749201}, "datetime": {"datetime": "2024-04-12 20:03:23", "elapsed": 0.160027, "delta": 0.00759}}
{"target": -473.02117523969764, "params": {"gamma": 6.638282657552669, "prior": 5.1974022093772545, "rate": 9.446002965152143}, "datetime": {"datetime": "2024-04-12 20:03:23", "elapsed": 0.167542, "delta": 0.007515}}
{"target": -337.3186705223719, "params": {"gamma": 5.865963849979428, "prior": 9.043678961350047, "rate": 1.3756095667582289}, "datetime": {"datetime": "2024-04-12 20:03:23", "elapsed": 0.175103, "delta": 0.007561}}
{"target": -157.71748127763473, "params": {"gamma": 1.3936241961603346, "prior": 8.093173758224285, "rate": 3.9773706930183503}, "datetime": {"datetime": "2024-04-12 20:03:23", "elapsed": 0.182727, "delta": 0.007624}}
{"target": -164.64905063808013, "params": {"gamma": 1.6543766169722107, "prior": 9.282334945920736, "rate": 3.47831083159532}, "datetime": {"datetime": "2024-04-12 20:03:23", "elapsed": 0.190288, "delta": 0.007561}}
{"target": -474.0985333550522, "params": {"gamma": 7.50837021925842, "prior": 7.28738005496947, "rate": 8.833177605966892}, "datetime": {"datetime": "2024-04-12 20:03:23", "elapsed": 0.198032, "delta": 0.007744}}
{"target": -333.105059778325, "params": {"gamma": 6.237098398349034, "prior": 7.534330096870638, "rate": 3.4896345214364475}, "datetime": {"datetime": "2024-04-12 20:03:23", "elapsed": 0.205717, "delta": 0.007685}}
{"target": -199.4012373011624, "params": {"gamma": 2.7000089897584956, "prior": 8.969273560141062, "rate": 4.281483807523078}, "datetime": {"datetime": "2024-04-12 20:03:23", "elapsed": 0.21349, "delta": 0.007773}}
{"target": -549.8158720592735, "params": {"gamma": 9.648435631436707, "prior": 6.6680708284026355, "rate": 6.217335506371009}, "datetime": {"datetime": "2024-04-12 20:03:23", "elapsed": 0.221176, "delta": 0.007686}}
{"target": -151.56251811820474, "params": {"gamma": 1.1483449835607984, "prior": 9.499943661200005, "rate": 4.499671422665926}, "datetime": {"datetime": "2024-04-12 20:03:23", "elapsed": 0.228849, "delta": 0.007673}}
{"target": -322.1704340084347, "params": {"gamma": 5.784317754256931, "prior": 4.140554347336684, "rate": 2.371032775450034}, "datetime": {"datetime": "2024-04-12 20:03:23", "elapsed": 0.23646, "delta": 0.007611}}
{"target": -578.3873656899217, "params": {"gamma": 9.033891826101975, "prior": 5.77942691805563, "rate": 0.029700399984558545}, "datetime": {"datetime": "2024-04-12 20:03:23", "elapsed": 0.244096, "delta": 0.007636}}
{"target": -427.7589545851228, "params": {"gamma": 6.171831991293619, "prior": 3.3337845275437523, "rate": 5.271053964473836}, "datetime": {"datetime": "2024-04-12 20:03:23", "elapsed": 0.251679, "delta": 0.007583}}
{"target": -670.4325731831196, "params": {"gamma": 8.859535051008434, "prior": 3.636970624024748, "rate": 9.085442974047073}, "datetime": {"datetime": "2024-04-12 20:03:23", "elapsed": 0.259339, "delta": 0.00766}}
{"target": -662.1626911954836, "params": {"gamma": 6.233977797802236, "prior": 0.2566303041809072, "rate": 9.294442900203869}, "datetime": {"datetime": "2024-04-12 20:03:23", "elapsed": 0.26706, "delta": 0.007721}}
{"target": -380.5961056689496, "params": {"gamma": 6.9092782782517235, "prior": 9.973496219469657, "rate": 1.7242327429449402}, "datetime": {"datetime": "2024-04-12 20:03:23", "elapsed": 0.274641, "delta": 0.007581}}
{"target": -158.44051869660177, "params": {"gamma": 1.3722203605391488, "prior": 9.33269508406792, "rate": 6.9684847967375125}, "datetime": {"datetime": "2024-04-12 20:03:23", "elapsed": 0.282212, "delta": 0.007571}}
{"target": -140.65457163703354, "params": {"gamma": 0.6609357270479028, "prior": 7.579084220764417, "rate": 7.539008008424004}, "datetime": {"datetime": "2024-04-12 20:03:23", "elapsed": 0.289784, "delta": 0.007572}}
{"target": -489.44718577824426, "params": {"gamma": 9.230322330929287, "prior": 7.14409511042187, "rate": 1.2435853487596746}, "datetime": {"datetime": "2024-04-12 20:03:23", "elapsed": 0.297388, "delta": 0.007604}}
{"target": -140.94134349598627, "params": {"gamma": 0.1997814582641161, "prior": 0.3594887700894208, "rate": 0.2840365737199253}, "datetime": {"datetime": "2024-04-12 20:03:23", "elapsed": 0.30512, "delta": 0.007732}}
{"target": -194.38291052344266, "params": {"gamma": 2.462864464962856, "prior": 8.61427669196059, "rate": 5.3887718123521875}, "datetime": {"datetime": "2024-04-12 20:03:23", "elapsed": 0.312842, "delta": 0.007722}}
{"target": -322.79851793017303, "params": {"gamma": 5.5286669648789735, "prior": 8.436105834360097, "rate": 1.2426089778839915}, "datetime": {"datetime": "2024-04-12 20:03:23", "elapsed": 0.320494, "delta": 0.007652}}
{"target": -233.76124166865074, "params": {"gamma": 2.792557606432384, "prior": 5.89901678743705, "rate": 9.695987887448426}, "datetime": {"datetime": "2024-04-12 20:03:23", "elapsed": 0.328058, "delta": 0.007564}}
{"target": -587.7185480609461, "params": {"gamma": 5.6107411623378445, "prior": 0.2846081647921359, "rate": 8.006526094133482}, "datetime": {"datetime": "2024-04-12 20:03:23", "elapsed": 0.335655, "delta": 0.007597}}
{"target": -186.69948431866501, "params": {"gamma": 2.3305097641363632, "prior": 8.090341436625915, "rate": 3.8792185799976533}, "datetime": {"datetime": "2024-04-12 20:03:23", "elapsed": 0.343175, "delta": 0.00752}}
{"target": -466.66997848352355, "params": {"gamma": 8.635555003739727, "prior": 7.496504263098128, "rate": 5.562846099670199}, "datetime": {"datetime": "2024-04-12 20:03:23", "elapsed": 0.350706, "delta": 0.007531}}
{"target": -164.84689276830744, "params": {"gamma": 1.3654158013811895, "prior": 0.6931851261708954, "rate": 1.2143132139516326}, "datetime": {"datetime": "2024-04-12 20:03:23", "elapsed": 0.358415, "delta": 0.007709}}
{"target": -136.7293433325784, "params": {"gamma": 0.4464742335690725, "prior": 1.16419187815032, "rate": 2.2578676767399393}, "datetime": {"datetime": "2024-04-12 20:03:23", "elapsed": 0.365982, "delta": 0.007567}}
{"target": -453.90225100109586, "params": {"gamma": 7.130176814846385, "prior": 5.64119812233601, "rate": 0.12654724561099942}, "datetime": {"datetime": "2024-04-12 20:03:23", "elapsed": 0.373583, "delta": 0.007601}}
{"target": -142.96245048091592, "params": {"gamma": 0.7206708226151783, "prior": 9.676035667002694, "rate": 5.6814365187375016}, "datetime": {"datetime": "2024-04-12 20:03:23", "elapsed": 0.381103, "delta": 0.00752}}
{"target": -207.2304270743442, "params": {"gamma": 2.033729053375244, "prior": 2.598024871246202, "rate": 7.438514714896855}, "datetime": {"datetime": "2024-04-12 20:03:23", "elapsed": 0.388705, "delta": 0.007602}}
{"target": -191.2733783504229, "params": {"gamma": 1.9550993816120785, "prior": 5.855453380005252, "rate": 9.700229870894034}, "datetime": {"datetime": "2024-04-12 20:03:23", "elapsed": 0.39647, "delta": 0.007765}}
{"target": -607.8984032017495, "params": {"gamma": 8.468441186098863, "prior": 2.4744928155611032, "rate": 4.938203372973032}, "datetime": {"datetime": "2024-04-12 20:03:23", "elapsed": 0.404144, "delta": 0.007674}}
{"target": -344.571502259217, "params": {"gamma": 6.199937228095417, "prior": 8.306910905546768, "rate": 1.5687571550661965}, "datetime": {"datetime": "2024-04-12 20:03:23", "elapsed": 0.411798, "delta": 0.007654}}
{"target": -136.91075727316766, "params": {"gamma": 0.18674344557191777, "prior": 0.7932192228203011, "rate": 4.863964764259381}, "datetime": {"datetime": "2024-04-12 20:03:23", "elapsed": 0.419336, "delta": 0.007538}}
{"target": -332.1278541635582, "params": {"gamma": 6.063688287071651, "prior": 5.731629227156165, "rate": 3.1743067308122854}, "datetime": {"datetime": "2024-04-12 20:03:23", "elapsed": 0.42695, "delta": 0.007614}}
{"target": -508.13828114341084, "params": {"gamma": 9.886172927970076, "prior": 5.839477670533389, "rate": 3.8020315850628807}, "datetime": {"datetime": "2024-04-12 20:03:23", "elapsed": 0.43456, "delta": 0.00761}}
{"target": -337.8437916033056, "params": {"gamma": 5.509931242959851, "prior": 7.478810865974371, "rate": 6.6926597016383935}, "datetime": {"datetime": "2024-04-12 20:03:23", "elapsed": 0.44223, "delta": 0.00767}}
{"target": -261.41248783694266, "params": {"gamma": 2.6499306570704313, "prior": 0.7567148608415716, "rate": 3.701471894943149}, "datetime": {"datetime": "2024-04-12 20:03:23", "elapsed": 0.449888, "delta": 0.007658}}
{"target": -518.4965948925276, "params": {"gamma": 6.297545352708624, "prior": 2.180722698156912, "rate": 7.5278027818344}, "datetime": {"datetime": "2024-04-12 20:03:23", "elapsed": 0.457638, "delta": 0.00775}}
{"target": -140.8110041590622, "params": {"gamma": 0.6662982770597953, "prior": 2.677119475927556, "rate": 8.04774088286971}, "datetime": {"datetime": "2024-04-12 20:03:23", "elapsed": 0.465384, "delta": 0.007746}}
{"target": -178.72988035957647, "params": {"gamma": 1.935149391950654, "prior": 6.430662720711407, "rate": 5.247178420928214}, "datetime": {"datetime": "2024-04-12 20:03:23", "elapsed": 0.473208, "delta": 0.007824}}
{"target": -467.55577591036774, "params": {"gamma": 9.248154896023108, "prior": 2.706638027822399, "rate": 0.6605449457495538}, "datetime": {"datetime": "2024-04-12 20:03:23", "elapsed": 0.480955, "delta": 0.007747}}
{"target": -460.77684977837515, "params": {"gamma": 7.350924566923407, "prior": 7.744562492478143, "rate": 9.078250709182736}, "datetime": {"datetime": "2024-04-12 20:03:23", "elapsed": 0.488799, "delta": 0.007844}}
{"target": -880.5524201944955, "params": {"gamma": 9.319788719899176, "prior": 0.23812057245841045, "rate": 2.344386499128084}, "datetime": {"datetime": "2024-04-12 20:03:23", "elapsed": 0.496509, "delta": 0.00771}}
{"target": -379.78370753361924, "params": {"gamma": 6.1681667916595755, "prior": 9.495261574807403, "rate": 9.50181101635155}, "datetime": {"datetime": "2024-04-12 20:03:23", "elapsed": 0.50429, "delta": 0.007781}}
{"target": -323.5144124616505, "params": {"gamma": 5.566975228763369, "prior": 9.164502862686119, "rate": 6.41602052325443}, "datetime": {"datetime": "2024-04-12 20:03:23", "elapsed": 0.511998, "delta": 0.007708}}
{"target": -278.9771445252266, "params": {"gamma": 3.9006871336983213, "prior": 4.911307604259406, "rate": 6.043500518716813}, "datetime": {"datetime": "2024-04-12 20:03:23", "elapsed": 0.519581, "delta": 0.007583}}
{"target": -345.1399158051508, "params": {"gamma": 5.495929667164118, "prior": 9.269196124393892, "rate": 9.187415622900428}, "datetime": {"datetime": "2024-04-12 20:03:23", "elapsed": 0.527143, "delta": 0.007562}}
{"target": -248.4637183973627, "params": {"gamma": 3.9493612536226252, "prior": 9.636299031563047, "rate": 1.740382711137963}, "datetime": {"datetime": "2024-04-12 20:03:23", "elapsed": 0.534755, "delta": 0.007612}}
{"target": -167.34608022828354, "params": {"gamma": 1.2641688648769336, "prior": 1.4372836646626401, "rate": 5.057115994603291}, "datetime": {"datetime": "2024-04-12 20:03:23", "elapsed": 0.542452, "delta": 0.007697}}
{"target": -140.37081740031772, "params": {"gamma": 0.2162265279367056, "prior": 9.484905091055042, "rate": 8.271327596236153}, "datetime": {"datetime": "2024-04-12 20:03:23", "elapsed": 0.550111, "delta": 0.007659}}
{"target": -139.7106031921809, "params": {"gamma": 0.15117478844048168, "prior": 1.8443429301930472, "rate": 3.3213036800940032}, "datetime": {"datetime": "2024-04-12 20:03:23", "elapsed": 0.557886, "delta": 0.007775}}
{"target": -155.53953857357473, "params": {"gamma": 1.310837451264358, "prior": 8.113957852053163, "rate": 3.4480217901802512}, "datetime": {"datetime": "2024-04-12 20:03:23", "elapsed": 0.565507, "delta": 0.007621}}
{"target": -621.2296818841307, "params": {"gamma": 9.401134715851338, "prior": 5.861940381476092, "rate": 8.78844101213403}, "datetime": {"datetime": "2024-04-12 20:03:23", "elapsed": 0.573147, "delta": 0.00764}}
{"target": -426.07764022527635, "params": {"gamma": 8.447499719476827, "prior": 9.063383955215627, "rate": 4.599342777902254}, "datetime": {"datetime": "2024-04-12 20:03:23", "elapsed": 0.580805, "delta": 0.007658}}
{"target": -300.01260326493866, "params": {"gamma": 5.463921813387713, "prior": 8.00617555240519, "rate": 2.8579027984897416}, "datetime": {"datetime": "2024-04-12 20:03:23", "elapsed": 0.588421, "delta": 0.007616}}
{"target": -334.5031479580168, "params": {"gamma": 4.903044972676658, "prior": 6.031192045694196, "rate": 0.15631722223280642}, "datetime": {"datetime": "2024-04-12 20:03:23", "elapsed": 0.596105, "delta": 0.007684}}
{"target": -428.77633526230983, "params": {"gamma": 5.935220600558176, "prior": 4.393395854995637, "rate": 8.073797928319529}, "datetime": {"datetime": "2024-04-12 20:03:23", "elapsed": 0.603806, "delta": 0.007701}}
{"target": -221.01307907109614, "params": {"gamma": 3.153132786150634, "prior": 8.939598214398998, "rate": 5.778994295630071}, "datetime": {"datetime": "2024-04-12 20:03:23", "elapsed": 0.611466, "delta": 0.00766}}
{"target": -174.62804109644807, "params": {"gamma": 1.8409180060730232, "prior": 7.900499414872493, "rate": 6.120699739272295}, "datetime": {"datetime": "2024-04-12 20:03:23", "elapsed": 0.618988, "delta": 0.007522}}
{"target": -138.01066567854718, "params": {"gamma": 0.5400388114654558, "prior": 4.259917432011209, "rate": 6.791009296817731}, "datetime": {"datetime": "2024-04-12 20:03:23", "elapsed": 0.626709, "delta": 0.007721}}
{"target": -1024.8080508789308, "params": {"gamma": 9.186099177997281, "prior": 0.10398004642443859, "rate": 9.767614731161565}, "datetime": {"datetime": "2024-04-12 20:03:23", "elapsed": 0.634435, "delta": 0.007726}}
{"target": -243.93463411164845, "params": {"gamma": 3.766426567142999, "prior": 9.740457029747393, "rate": 6.047556293639557}, "datetime": {"datetime": "2024-04-12 20:03:23", "elapsed": 0.642116, "delta": 0.007681}}
{"target": -501.6559638894727, "params": {"gamma": 8.288629233998948, "prior": 5.789643896610213, "rate": 6.281133906875198}, "datetime": {"datetime": "2024-04-12 20:03:23", "elapsed": 0.649861, "delta": 0.007745}}
{"target": -228.15598446713403, "params": {"gamma": 2.8564772406752437, "prior": 5.9096500724952215, "rate": 7.500467615262897}, "datetime": {"datetime": "2024-04-12 20:03:23", "elapsed": 0.657557, "delta": 0.007696}}
{"target": -493.1498364924098, "params": {"gamma": 8.583280050453995, "prior": 7.575313665830033, "rate": 6.980874427224584}, "datetime": {"datetime": "2024-04-12 20:03:23", "elapsed": 0.665214, "delta": 0.007657}}
{"target": -623.1471407840329, "params": {"gamma": 8.644929821115943, "prior": 3.29454186868379, "rate": 6.708217119085085}, "datetime": {"datetime": "2024-04-12 20:03:23", "elapsed": 0.672824, "delta": 0.00761}}
{"target": -300.8353150825115, "params": {"gamma": 4.509288490197079, "prior": 3.8828172451120206, "rate": 4.108702687871935}, "datetime": {"datetime": "2024-04-12 20:03:23", "elapsed": 0.680521, "delta": 0.007697}}
{"target": -311.3234185553193, "params": {"gamma": 4.015394355111937, "prior": 3.2421010649869415, "rate": 6.219571759835095}, "datetime": {"datetime": "2024-04-12 20:03:23", "elapsed": 0.688129, "delta": 0.007608}}
{"target": -269.56717624404996, "params": {"gamma": 4.303042460941823, "prior": 9.740640571479798, "rate": 6.778331113451677}, "datetime": {"datetime": "2024-04-12 20:03:23", "elapsed": 0.695778, "delta": 0.007649}}
{"target": -180.27783663444256, "params": {"gamma": 1.9865003143826816, "prior": 4.324339992545524, "rate": 3.4341190515044557}, "datetime": {"datetime": "2024-04-12 20:03:23", "elapsed": 0.703437, "delta": 0.007659}}
{"target": -476.7501561275436, "params": {"gamma": 7.976590400781708, "prior": 8.811983056777974, "rate": 9.038515716307893}, "datetime": {"datetime": "2024-04-12 20:03:23", "elapsed": 0.711004, "delta": 0.007567}}
{"target": -393.4165567497049, "params": {"gamma": 6.627535403940247, "prior": 2.775061794094602, "rate": 2.5244146483443926}, "datetime": {"datetime": "2024-04-12 20:03:23", "elapsed": 0.718708, "delta": 0.007704}}
{"target": -568.7224767285092, "params": {"gamma": 8.549124529031326, "prior": 5.324374998456592, "rate": 8.021808678961976}, "datetime": {"datetime": "2024-04-12 20:03:23", "elapsed": 0.726324, "delta": 0.007616}}
{"target": -330.8444005102486, "params": {"gamma": 5.725312683398872, "prior": 7.35811100034636, "rate": 5.190597263013095}, "datetime": {"datetime": "2024-04-12 20:03:23", "elapsed": 0.733939, "delta": 0.007615}}
{"target": -433.79956572008984, "params": {"gamma": 7.709068221108379, "prior": 5.731694107976684, "rate": 4.6576330760412175}, "datetime": {"datetime": "2024-04-12 20:03:23", "elapsed": 0.741568, "delta": 0.007629}}
{"target": -319.1242097847931, "params": {"gamma": 3.4275463906248644, "prior": 0.7752725493253708, "rate": 3.7798638691016704}, "datetime": {"datetime": "2024-04-12 20:03:23", "elapsed": 0.74916, "delta": 0.007592}}
{"target": -149.5503695851279, "params": {"gamma": 0.7971811509048254, "prior": 9.829889425931405, "rate": 1.816946900456307}, "datetime": {"datetime": "2024-04-12 20:03:23", "elapsed": 0.756949, "delta": 0.007789}}
{"target": -449.30760806393243, "params": {"gamma": 8.118775118507678, "prior": 8.762120285063391, "rate": 6.884444110607048}, "datetime": {"datetime": "2024-04-12 20:03:23", "elapsed": 0.76463, "delta": 0.007681}}
