{"target": -142.8167133490247, "params": {"gamma": 0.01039573133267395, "prior": 1.5310505310695155, "rate": 0.06006508026029859}, "datetime": {"datetime": "2024-04-08 10:49:03", "elapsed": 70.300408, "delta": 4.591022}}
{"target": -142.79033247003022, "params": {"gamma": 0.001, "prior": 6.9852445354786985, "rate": 0.001}, "datetime": {"datetime": "2024-04-08 10:49:07", "elapsed": 74.562996, "delta": 4.262588}}
{"target": -142.90812998080844, "params": {"gamma": 0.008251585970731695, "prior": 0.2532272575078021, "rate": 6.814979269930363}, "datetime": {"datetime": "2024-04-08 10:49:10", "elapsed": 77.364997, "delta": 2.802001}}
{"target": -142.797703642771, "params": {"gamma": 0.001, "prior": 4.8716543400442776, "rate": 7.830851526042615}, "datetime": {"datetime": "2024-04-08 10:49:17", "elapsed": 84.867094, "delta": 7.502097}}
{"target": -142.80289427330652, "params": {"gamma": 0.001, "prior": 0.1, "rate": 10.0}, "datetime": {"datetime": "2024-04-08 10:49:22", "elapsed": 89.898702, "delta": 5.031608}}
{"target": -142.87739482390538, "params": {"gamma": 0.011256934956293718, "prior": 5.691328392607236, "rate": 4.90795731978126}, "datetime": {"datetime": "2024-04-08 10:49:30", "elapsed": 97.131291, "delta": 7.232589}}
{"target": -142.79826128453232, "params": {"gamma": 0.001, "prior": 5.031076330807386, "rate": 10.0}, "datetime": {"datetime": "2024-04-08 10:49:37", "elapsed": 104.544846, "delta": 7.413555}}
{"target": -143.54202287889666, "params": {"gamma": 0.04914336809242004, "prior": 1.1740529398616417, "rate": 9.97130246386552}, "datetime": {"datetime": "2024-04-08 10:49:42", "elapsed": 109.464655, "delta": 4.919809}}
{"target": -142.79894980807487, "params": {"gamma": 0.001, "prior": 3.3166707896156375, "rate": 8.667704082626724}, "datetime": {"datetime": "2024-04-08 10:49:47", "elapsed": 114.498848, "delta": 5.034193}}
{"target": -142.79191365367103, "params": {"gamma": 0.001, "prior": 8.079946199612074, "rate": 0.9320907942246724}, "datetime": {"datetime": "2024-04-08 10:49:52", "elapsed": 119.131659, "delta": 4.632811}}
{"target": -142.80073380597884, "params": {"gamma": 0.001, "prior": 0.933946277269625, "rate": 5.696470107083551}, "datetime": {"datetime": "2024-04-08 10:49:58", "elapsed": 125.457831, "delta": 6.326172}}
{"target": -142.8398565336511, "params": {"gamma": 0.005360248330644084, "prior": 5.513871222410115, "rate": 9.22317227546184}, "datetime": {"datetime": "2024-04-08 10:50:03", "elapsed": 130.778173, "delta": 5.320342}}
{"target": -142.7964775144359, "params": {"gamma": 0.001, "prior": 9.31561006698958, "rate": 9.509978111818063}, "datetime": {"datetime": "2024-04-08 10:50:08", "elapsed": 135.326317, "delta": 4.548144}}
{"target": -143.03341967081872, "params": {"gamma": 0.023363599182662672, "prior": 0.8680970461919056, "rate": 1.6429903137304678}, "datetime": {"datetime": "2024-04-08 10:50:14", "elapsed": 141.568769, "delta": 6.242452}}
{"target": -142.80122282233032, "params": {"gamma": 0.001, "prior": 0.9134169007372984, "rate": 7.562916593789495}, "datetime": {"datetime": "2024-04-08 10:50:20", "elapsed": 147.358786, "delta": 5.790017}}
{"target": -142.7903318533802, "params": {"gamma": 0.001, "prior": 9.243647960606497, "rate": 0.001}, "datetime": {"datetime": "2024-04-08 10:50:26", "elapsed": 153.800798, "delta": 6.442012}}
{"target": -143.02667615732588, "params": {"gamma": 0.0233720774326256, "prior": 3.6742285113096527, "rate": 6.292755326014918}, "datetime": {"datetime": "2024-04-08 10:50:33", "elapsed": 159.986854, "delta": 6.186056}}
{"target": -142.96162318394542, "params": {"gamma": 0.019064425372391985, "prior": 6.15417628134044, "rate": 7.526808925167389}, "datetime": {"datetime": "2024-04-08 10:50:42", "elapsed": 169.019649, "delta": 9.032795}}
{"target": -142.79381264519537, "params": {"gamma": 0.001, "prior": 10.0, "rate": 3.510223797530599}, "datetime": {"datetime": "2024-04-08 10:50:46", "elapsed": 173.268699, "delta": 4.24905}}
{"target": -142.93625831253894, "params": {"gamma": 0.02191744540152845, "prior": 6.549394119373531, "rate": 3.4369395019109383}, "datetime": {"datetime": "2024-04-08 10:50:51", "elapsed": 178.393339, "delta": 5.12464}}
{"target": -142.81423692214108, "params": {"gamma": 0.0033713516743998167, "prior": 8.968571534729902, "rate": 7.55108310560367}, "datetime": {"datetime": "2024-04-08 10:50:57", "elapsed": 184.336427, "delta": 5.943088}}
{"target": -142.8025772023985, "params": {"gamma": 0.001, "prior": 0.1, "rate": 3.659796461882843}, "datetime": {"datetime": "2024-04-08 10:51:06", "elapsed": 192.985701, "delta": 8.649274}}
{"target": -142.79724801894392, "params": {"gamma": 0.001, "prior": 7.371609227992439, "rate": 10.0}, "datetime": {"datetime": "2024-04-08 10:51:16", "elapsed": 203.559121, "delta": 10.57342}}
{"target": -142.87639669759358, "params": {"gamma": 0.007892114428678973, "prior": 2.5789347612304447, "rate": 7.572621497233105}, "datetime": {"datetime": "2024-04-08 10:51:22", "elapsed": 209.421713, "delta": 5.862592}}
{"target": -142.88302757923847, "params": {"gamma": 0.01787142163955753, "prior": 8.843327360401673, "rate": 2.5663688207079027}, "datetime": {"datetime": "2024-04-08 10:51:27", "elapsed": 214.137193, "delta": 4.71548}}
{"target": -142.79471658238265, "params": {"gamma": 0.001, "prior": 9.089559913080345, "rate": 4.721044392751352}, "datetime": {"datetime": "2024-04-08 10:51:32", "elapsed": 219.627315, "delta": 5.490122}}
{"target": -143.03275372557366, "params": {"gamma": 0.02830807758198301, "prior": 4.646236549313169, "rate": 4.540148757794915}, "datetime": {"datetime": "2024-04-08 10:51:38", "elapsed": 225.423886, "delta": 5.796571}}
{"target": -142.79341302725473, "params": {"gamma": 0.001, "prior": 6.894376580036599, "rate": 1.9961763040790872}, "datetime": {"datetime": "2024-04-08 10:51:41", "elapsed": 228.084029, "delta": 2.660143}}
{"target": -142.7949971742182, "params": {"gamma": 0.001, "prior": 10.0, "rate": 5.815612685296064}, "datetime": {"datetime": "2024-04-08 10:51:49", "elapsed": 236.534209, "delta": 8.45018}}
{"target": -142.90886035476942, "params": {"gamma": 0.014479458620378239, "prior": 2.4315602410983237, "rate": 2.368845462295431}, "datetime": {"datetime": "2024-04-08 10:51:57", "elapsed": 244.250603, "delta": 7.716394}}
{"target": -142.89380818066678, "params": {"gamma": 0.009380108794364982, "prior": 2.2204176744786417, "rate": 6.604507576676825}, "datetime": {"datetime": "2024-04-08 10:52:04", "elapsed": 251.448232, "delta": 7.197629}}
{"target": -142.96555169136386, "params": {"gamma": 0.019035537827493548, "prior": 3.4845566932216334, "rate": 4.5946904226212695}, "datetime": {"datetime": "2024-04-08 10:52:10", "elapsed": 257.360146, "delta": 5.911914}}
{"target": -143.01934413726198, "params": {"gamma": 0.018898408619037688, "prior": 2.439342307037215, "rate": 9.344260670752329}, "datetime": {"datetime": "2024-04-08 10:52:13", "elapsed": 260.614145, "delta": 3.253999}}
{"target": -142.98204470192155, "params": {"gamma": 0.014752171595402108, "prior": 0.45071797665744595, "rate": 2.8761134415949687}, "datetime": {"datetime": "2024-04-08 10:52:16", "elapsed": 263.767049, "delta": 3.152904}}
{"target": -143.06877070012186, "params": {"gamma": 0.03498436986127132, "prior": 8.353027870927232, "rate": 6.350762401331032}, "datetime": {"datetime": "2024-04-08 10:52:22", "elapsed": 269.773696, "delta": 6.006647}}
{"target": -142.79033420008147, "params": {"gamma": 0.001, "prior": 4.1438265745265594, "rate": 0.001}, "datetime": {"datetime": "2024-04-08 10:52:25", "elapsed": 272.279883, "delta": 2.506187}}
{"target": -142.8666875985551, "params": {"gamma": 0.026029518601326816, "prior": 0.6734828530844014, "rate": 0.032452249964450494}, "datetime": {"datetime": "2024-04-08 10:52:30", "elapsed": 277.791967, "delta": 5.512084}}
{"target": -143.05301314387765, "params": {"gamma": 0.05106763691104865, "prior": 3.8380780852052463, "rate": 0.8732137250444557}, "datetime": {"datetime": "2024-04-08 10:52:36", "elapsed": 283.374872, "delta": 5.582905}}
{"target": -142.79690547400614, "params": {"gamma": 0.001, "prior": 6.964860158009492, "rate": 8.325771541288272}, "datetime": {"datetime": "2024-04-08 10:52:40", "elapsed": 287.747123, "delta": 4.372251}}
{"target": -142.8318621817865, "params": {"gamma": 0.005892283587114601, "prior": 5.365959321603712, "rate": 3.9707268472821364}, "datetime": {"datetime": "2024-04-08 10:52:50", "elapsed": 297.730135, "delta": 9.983012}}
{"target": -142.99875830588954, "params": {"gamma": 0.018193512888071136, "prior": 3.256177947371933, "rate": 9.682430064358512}, "datetime": {"datetime": "2024-04-08 10:52:53", "elapsed": 300.886512, "delta": 3.156377}}
{"target": -143.16697736931096, "params": {"gamma": 0.025084037743727267, "prior": 0.5576777777701948, "rate": 9.45378897866867}, "datetime": {"datetime": "2024-04-08 10:52:58", "elapsed": 305.181844, "delta": 4.295332}}
{"target": -142.7942661081935, "params": {"gamma": 0.001, "prior": 8.386830279141577, "rate": 3.6070425867888756}, "datetime": {"datetime": "2024-04-08 10:53:03", "elapsed": 310.711156, "delta": 5.529312}}
{"target": -142.79126740661135, "params": {"gamma": 0.001, "prior": 10.0, "rate": 0.6150313311818717}, "datetime": {"datetime": "2024-04-08 10:53:11", "elapsed": 318.536145, "delta": 7.824989}}
{"target": -142.83164302361865, "params": {"gamma": 0.012662631203091017, "prior": 8.925805553505104, "rate": 0.8058839471595635}, "datetime": {"datetime": "2024-04-08 10:53:18", "elapsed": 325.908723, "delta": 7.372578}}
{"target": -142.90232666693078, "params": {"gamma": 0.015299583149084514, "prior": 4.263186283869505, "rate": 3.026265615222172}, "datetime": {"datetime": "2024-04-08 10:53:25", "elapsed": 332.833679, "delta": 6.924956}}
{"target": -143.06571160235228, "params": {"gamma": 0.025544346606588043, "prior": 2.2572304001587544, "rate": 4.7390483085598705}, "datetime": {"datetime": "2024-04-08 10:53:31", "elapsed": 338.234925, "delta": 5.401246}}
{"target": -142.79965109773752, "params": {"gamma": 0.001, "prior": 1.238447886592975, "rate": 4.3730797315028855}, "datetime": {"datetime": "2024-04-08 10:53:35", "elapsed": 342.672618, "delta": 4.437693}}
{"target": -142.80283648280937, "params": {"gamma": 0.001, "prior": 0.1, "rate": 7.6650023801170555}, "datetime": {"datetime": "2024-04-08 10:53:38", "elapsed": 345.354614, "delta": 2.681996}}
{"target": -142.7958062690635, "params": {"gamma": 0.001, "prior": 10.0, "rate": 7.949411392186049}, "datetime": {"datetime": "2024-04-08 10:53:47", "elapsed": 354.701309, "delta": 9.346695}}
{"target": -145.18360292864634, "params": {"gamma": 0.3889368767869781, "prior": 1.1910603611678827, "rate": 0.001}, "datetime": {"datetime": "2024-04-08 10:53:58", "elapsed": 365.3626, "delta": 10.661291}}
{"target": -143.24925676224385, "params": {"gamma": 0.03111190443782157, "prior": 0.10496771862394652, "rate": 1.1181159380750405}, "datetime": {"datetime": "2024-04-08 10:54:06", "elapsed": 373.359266, "delta": 7.996666}}
{"target": -142.7917453670352, "params": {"gamma": 0.001, "prior": 7.180800718950477, "rate": 0.7202441660960361}, "datetime": {"datetime": "2024-04-08 10:54:16", "elapsed": 383.237896, "delta": 9.87863}}
{"target": -142.79732113597586, "params": {"gamma": 0.001, "prior": 6.671709188059492, "rate": 9.299023599003482}, "datetime": {"datetime": "2024-04-08 10:54:20", "elapsed": 387.340626, "delta": 4.10273}}
{"target": -142.79050179254287, "params": {"gamma": 0.001, "prior": 0.1, "rate": 0.001}, "datetime": {"datetime": "2024-04-08 10:54:29", "elapsed": 395.982421, "delta": 8.641795}}
{"target": -142.7988470372828, "params": {"gamma": 0.001, "prior": 3.9903096774381903, "rate": 10.0}, "datetime": {"datetime": "2024-04-08 10:54:33", "elapsed": 400.352101, "delta": 4.36968}}
{"target": -142.81292163869531, "params": {"gamma": 0.002746277225787122, "prior": 2.944432606883212, "rate": 3.9717918758110797}, "datetime": {"datetime": "2024-04-08 10:54:41", "elapsed": 408.731699, "delta": 8.379598}}
{"target": -143.12167584643788, "params": {"gamma": 0.03688325254263167, "prior": 6.028253428167299, "rate": 6.313617533772586}, "datetime": {"datetime": "2024-04-08 10:54:45", "elapsed": 412.807621, "delta": 4.075922}}
{"target": -142.87130930075588, "params": {"gamma": 0.008460628777451759, "prior": 4.215476248008557, "rate": 7.328219932413638}, "datetime": {"datetime": "2024-04-08 10:54:52", "elapsed": 419.749785, "delta": 6.942164}}
{"target": -143.15508628111564, "params": {"gamma": 0.0598366631098184, "prior": 2.2746896382922697, "rate": 0.759784641763649}, "datetime": {"datetime": "2024-04-08 10:54:55", "elapsed": 422.552215, "delta": 2.80243}}
{"target": -142.86893095028145, "params": {"gamma": 0.026149864302797483, "prior": 6.1856207693594945, "rate": 0.3301394953759063}, "datetime": {"datetime": "2024-04-08 10:55:06", "elapsed": 433.322404, "delta": 10.770189}}
{"target": -142.81162835549566, "params": {"gamma": 0.0031160186926924823, "prior": 6.778213464517327, "rate": 5.29245244772513}, "datetime": {"datetime": "2024-04-08 10:55:09", "elapsed": 436.443316, "delta": 3.120912}}
{"target": -142.79694862845403, "params": {"gamma": 0.001, "prior": 4.569416545120983, "rate": 5.549859960275796}, "datetime": {"datetime": "2024-04-08 10:55:12", "elapsed": 439.844091, "delta": 3.400775}}
{"target": -142.94201468970988, "params": {"gamma": 0.023923159303573843, "prior": 3.196774014655028, "rate": 1.4615343648820904}, "datetime": {"datetime": "2024-04-08 10:55:16", "elapsed": 443.644998, "delta": 3.800907}}
{"target": -142.79807497009264, "params": {"gamma": 0.001, "prior": 4.705083382082661, "rate": 8.705045504578113}, "datetime": {"datetime": "2024-04-08 10:55:21", "elapsed": 448.846154, "delta": 5.201156}}
{"target": -142.83986027295975, "params": {"gamma": 0.011636404173650357, "prior": 9.29989901228371, "rate": 1.7633996078111367}, "datetime": {"datetime": "2024-04-08 10:55:24", "elapsed": 451.424603, "delta": 2.578449}}
{"target": -142.79616604290626, "params": {"gamma": 0.001, "prior": 8.00610867739624, "rate": 7.282068472158483}, "datetime": {"datetime": "2024-04-08 10:55:27", "elapsed": 454.128169, "delta": 2.703566}}
{"target": -142.7949890308712, "params": {"gamma": 0.001, "prior": 7.863755838662431, "rate": 4.558461236586701}, "datetime": {"datetime": "2024-04-08 10:55:35", "elapsed": 462.619037, "delta": 8.490868}}
{"target": -142.79547940621424, "params": {"gamma": 0.001, "prior": 9.303808054604687, "rate": 6.531458371051565}, "datetime": {"datetime": "2024-04-08 10:55:39", "elapsed": 466.633544, "delta": 4.014507}}
{"target": -142.79225204487858, "params": {"gamma": 0.001, "prior": 10.0, "rate": 1.4806221735643115}, "datetime": {"datetime": "2024-04-08 10:55:45", "elapsed": 472.549231, "delta": 5.915687}}
{"target": -142.82284641307226, "params": {"gamma": 0.004435265529429654, "prior": 7.2208460901527385, "rate": 6.25171222325482}, "datetime": {"datetime": "2024-04-08 10:55:52", "elapsed": 479.85629, "delta": 7.307059}}
{"target": -142.84246274869167, "params": {"gamma": 0.009225293621070267, "prior": 5.892459628142944, "rate": 2.332884560387589}, "datetime": {"datetime": "2024-04-08 10:55:59", "elapsed": 486.8464, "delta": 6.99011}}
{"target": -142.7971995282605, "params": {"gamma": 0.001, "prior": 5.298311280273383, "rate": 7.059662898844744}, "datetime": {"datetime": "2024-04-08 10:56:09", "elapsed": 496.457041, "delta": 9.610641}}
{"target": -142.80800102898084, "params": {"gamma": 0.00247336821180417, "prior": 9.05545033426793, "rate": 8.48277231249274}, "datetime": {"datetime": "2024-04-08 10:56:13", "elapsed": 500.657362, "delta": 4.200321}}
{"target": -142.88438231790465, "params": {"gamma": 0.02017111391802144, "prior": 5.436251625365773, "rate": 1.1832245407459447}, "datetime": {"datetime": "2024-04-08 10:56:20", "elapsed": 507.760726, "delta": 7.103364}}
{"target": -142.81614856385877, "params": {"gamma": 0.002459191258579619, "prior": 2.3745563475625473, "rate": 8.120106555773756}, "datetime": {"datetime": "2024-04-08 10:56:28", "elapsed": 515.584432, "delta": 7.823706}}
{"target": -142.79536246998316, "params": {"gamma": 0.001, "prior": 6.396981063334455, "rate": 4.292984820384898}, "datetime": {"datetime": "2024-04-08 10:56:34", "elapsed": 521.332903, "delta": 5.748471}}
{"target": -142.79414165397264, "params": {"gamma": 0.001, "prior": 7.474118410186438, "rate": 3.0455123246586204}, "datetime": {"datetime": "2024-04-08 10:56:44", "elapsed": 531.766739, "delta": 10.433836}}
{"target": -142.80926055192595, "params": {"gamma": 0.0014840232863601336, "prior": 0.2206556889869094, "rate": 5.871897769850757}, "datetime": {"datetime": "2024-04-08 10:56:53", "elapsed": 540.393685, "delta": 8.626946}}
{"target": -142.95625584856901, "params": {"gamma": 0.013617381506331693, "prior": 1.5629971572081176, "rate": 6.895755117072539}, "datetime": {"datetime": "2024-04-08 10:56:58", "elapsed": 545.934752, "delta": 5.541067}}
{"target": -142.80818279032428, "params": {"gamma": 0.0034370573879638003, "prior": 9.181904569595684, "rate": 3.6175134772171607}, "datetime": {"datetime": "2024-04-08 10:57:04", "elapsed": 551.489162, "delta": 5.55441}}
{"target": -143.0815900086957, "params": {"gamma": 0.029091654854017667, "prior": 5.4119430415284775, "rate": 8.444991733978798}, "datetime": {"datetime": "2024-04-08 10:57:12", "elapsed": 559.352733, "delta": 7.863571}}
{"target": -142.91452940576696, "params": {"gamma": 0.026439792557338162, "prior": 8.504816154048234, "rate": 1.7947473971963699}, "datetime": {"datetime": "2024-04-08 10:57:18", "elapsed": 565.368591, "delta": 6.015858}}
{"target": -142.92698893984965, "params": {"gamma": 0.010921186254087802, "prior": 1.716770466579069, "rate": 9.558522698636608}, "datetime": {"datetime": "2024-04-08 10:57:26", "elapsed": 573.611169, "delta": 8.242578}}
{"target": -142.91187739249992, "params": {"gamma": 0.013944549142338922, "prior": 8.156077729469981, "rate": 9.61908581297881}, "datetime": {"datetime": "2024-04-08 10:57:36", "elapsed": 583.327801, "delta": 9.716632}}
{"target": -142.95144622745977, "params": {"gamma": 0.058314758428780165, "prior": 7.526748991943081, "rate": 0.08364011708435207}, "datetime": {"datetime": "2024-04-08 10:57:44", "elapsed": 591.124422, "delta": 7.796621}}
{"target": -142.79654492198333, "params": {"gamma": 0.001, "prior": 6.6893547424211155, "rate": 7.001058905199463}, "datetime": {"datetime": "2024-04-08 10:57:47", "elapsed": 594.26033, "delta": 3.135908}}
{"target": -143.31769886456794, "params": {"gamma": 0.04146521742461781, "prior": 1.6768609501442566, "rate": 5.6391232869481}, "datetime": {"datetime": "2024-04-08 10:57:55", "elapsed": 602.713683, "delta": 8.453353}}
{"target": -142.7933950006335, "params": {"gamma": 0.001, "prior": 7.72370367965466, "rate": 2.2162165460556476}, "datetime": {"datetime": "2024-04-08 10:58:01", "elapsed": 608.365402, "delta": 5.651719}}
{"target": -142.92432424511492, "params": {"gamma": 0.012892305151872577, "prior": 3.9423777196153984, "rate": 8.557270318747657}, "datetime": {"datetime": "2024-04-08 10:58:07", "elapsed": 614.312459, "delta": 5.947057}}
{"target": -142.93096755331075, "params": {"gamma": 0.010070748425557222, "prior": 0.29959055393316725, "rate": 4.656429785137836}, "datetime": {"datetime": "2024-04-08 10:58:13", "elapsed": 620.892631, "delta": 6.580172}}
{"target": -142.93985582871113, "params": {"gamma": 0.011963706238703811, "prior": 1.478276959893306, "rate": 7.913321921065676}, "datetime": {"datetime": "2024-04-08 10:58:18", "elapsed": 625.895571, "delta": 5.00294}}
{"target": -142.80663498952546, "params": {"gamma": 0.0016235557366344009, "prior": 0.4110826604022999, "rate": 1.4038182935844294}, "datetime": {"datetime": "2024-04-08 10:58:26", "elapsed": 633.924514, "delta": 8.028943}}
{"target": -142.82243041691518, "params": {"gamma": 0.003057397662653469, "prior": 1.0163467277542753, "rate": 3.210453087670809}, "datetime": {"datetime": "2024-04-08 10:58:35", "elapsed": 642.347758, "delta": 8.423244}}
{"target": -142.8130657419681, "params": {"gamma": 0.0026158501116670327, "prior": 1.4259006085957928, "rate": 2.3182520419403048}, "datetime": {"datetime": "2024-04-08 10:58:40", "elapsed": 647.719714, "delta": 5.371956}}
{"target": -142.79485344682436, "params": {"gamma": 0.001, "prior": 9.593098195295603, "rate": 5.267034925432269}, "datetime": {"datetime": "2024-04-08 10:58:48", "elapsed": 655.164081, "delta": 7.444367}}
{"target": -142.79304492826395, "params": {"gamma": 0.001, "prior": 6.286410106409875, "rate": 1.503591492514777}, "datetime": {"datetime": "2024-04-08 10:58:52", "elapsed": 659.031195, "delta": 3.867114}}
{"target": -142.7974198576498, "params": {"gamma": 0.001, "prior": 3.7360957285426863, "rate": 5.401723163385732}, "datetime": {"datetime": "2024-04-08 10:58:56", "elapsed": 663.244696, "delta": 4.213501}}
{"target": -142.8226857140677, "params": {"gamma": 0.005743749516142609, "prior": 5.331650073359067, "rate": 2.263260574239695}, "datetime": {"datetime": "2024-04-08 10:59:01", "elapsed": 668.190261, "delta": 4.945565}}
{"target": -142.9309719898791, "params": {"gamma": 0.017651483176277866, "prior": 1.253911309602571, "rate": 1.095926136889196}, "datetime": {"datetime": "2024-04-08 10:59:07", "elapsed": 674.009775, "delta": 5.819514}}
{"target": -142.9013313658653, "params": {"gamma": 0.013444516173796817, "prior": 3.1448317775550527, "rate": 3.1769740487232507}, "datetime": {"datetime": "2024-04-08 10:59:14", "elapsed": 681.906414, "delta": 7.896639}}
{"target": -142.8241886617187, "params": {"gamma": 0.004500134413160951, "prior": 6.007638289767724, "rate": 5.566419086048446}, "datetime": {"datetime": "2024-04-08 10:59:21", "elapsed": 688.075427, "delta": 6.169013}}
{"target": -142.87266389364137, "params": {"gamma": 0.006792260469045171, "prior": 0.7368860085839595, "rate": 3.905528672524208}, "datetime": {"datetime": "2024-04-08 10:59:27", "elapsed": 694.225138, "delta": 6.149711}}
