{"target": -113.58658057132106, "params": {"p_ai": 4.036824289622301, "p_al": 0.6069375019805211, "p_ex": 1.789668289049935, "prior": 7.359452519624915, "rate": 5.66173735456015}, "datetime": {"datetime": "2024-04-01 14:14:50", "elapsed": 114.869687, "delta": 0.119684}}
{"target": -128.93989723707327, "params": {"p_ai": 8.232546464042965, "p_al": 5.011999831149711, "p_ex": 7.678856294339033, "prior": 5.099670086770199, "rate": 5.681122236748865}, "datetime": {"datetime": "2024-04-01 14:14:50", "elapsed": 114.985374, "delta": 0.115687}}
{"target": -113.74484835684227, "params": {"p_ai": 1.8469950250075597, "p_al": 5.444465844143353, "p_ex": 2.0111304539680037, "prior": 5.562635501797696, "rate": 1.4152709353449207}, "datetime": {"datetime": "2024-04-01 14:14:50", "elapsed": 115.10265, "delta": 0.117276}}
{"target": -115.81301427470368, "params": {"p_ai": 1.860913882924621, "p_al": 7.648074817970597, "p_ex": 0.7097917708485983, "prior": 3.693767142270499, "rate": 8.77890231116656}, "datetime": {"datetime": "2024-04-01 14:14:51", "elapsed": 115.215918, "delta": 0.113268}}
{"target": -125.66087010983306, "params": {"p_ai": 1.0442696607468924, "p_al": 3.592172999392244, "p_ex": 1.1404897156144356, "prior": 8.765531034947044, "rate": 1.2632448916905008}, "datetime": {"datetime": "2024-04-01 14:14:51", "elapsed": 115.330611, "delta": 0.114693}}
{"target": -88.08811267268186, "params": {"p_ai": 2.5463005229193905, "p_al": 4.219641618837235, "p_ex": 6.652894921984129, "prior": 3.4477083901724783, "rate": 2.135803151301911}, "datetime": {"datetime": "2024-04-01 14:14:51", "elapsed": 115.446301, "delta": 0.11569}}
{"target": -87.88185742531842, "params": {"p_ai": 3.734477672558837, "p_al": 5.710675237020803, "p_ex": 9.907522742580955, "prior": 3.2723245929378826, "rate": 3.6226711604734505}, "datetime": {"datetime": "2024-04-01 14:14:51", "elapsed": 115.568976, "delta": 0.122675}}
{"target": -129.28336504814894, "params": {"p_ai": 7.062646301466503, "p_al": 2.9900579784113206, "p_ex": 3.497657509767646, "prior": 9.947082647057805, "rate": 6.043069520448973}, "datetime": {"datetime": "2024-04-01 14:14:51", "elapsed": 115.683263, "delta": 0.114287}}
{"target": -156.72145743533886, "params": {"p_ai": 8.28827913958632, "p_al": 0.3176252391757072, "p_ex": 1.4557567070423627, "prior": 7.2775552138753135, "rate": 5.397899711964559}, "datetime": {"datetime": "2024-04-01 14:14:51", "elapsed": 115.797955, "delta": 0.114692}}
{"target": -154.3878329788782, "params": {"p_ai": 9.952649800093342, "p_al": 4.956800964848641, "p_ex": 3.8416545812104723, "prior": 1.9445456383363844, "rate": 5.902074279216289}, "datetime": {"datetime": "2024-04-01 14:14:51", "elapsed": 115.915639, "delta": 0.117684}}
{"target": -143.29872039388505, "params": {"p_ai": 7.666485240265026, "p_al": 9.244467433023058, "p_ex": 1.3771206367777737, "prior": 0.08189114312752561, "rate": 4.780126931726139}, "datetime": {"datetime": "2024-04-01 14:14:51", "elapsed": 116.031329, "delta": 0.11569}}
{"target": -87.05912679658435, "params": {"p_ai": 1.830292914982966, "p_al": 6.103775776452777, "p_ex": 6.203072776459787, "prior": 4.096892220528767, "rate": 6.772375433611433}, "datetime": {"datetime": "2024-04-01 14:14:52", "elapsed": 116.149174, "delta": 0.117845}}
{"target": -117.20605080626173, "params": {"p_ai": 1.997506020536704, "p_al": 8.086011222867347, "p_ex": 0.5043465023721727, "prior": 1.7194467246754197, "rate": 9.806042588376602}, "datetime": {"datetime": "2024-04-01 14:14:52", "elapsed": 116.265861, "delta": 0.116687}}
{"target": -142.9869303093195, "params": {"p_ai": 9.003871416888757, "p_al": 9.397350482215943, "p_ex": 9.084534489161134, "prior": 4.414730582333611, "rate": 9.38810223223617}, "datetime": {"datetime": "2024-04-01 14:14:52", "elapsed": 116.384543, "delta": 0.118682}}
{"target": -89.88298998726889, "params": {"p_ai": 2.374897217223815, "p_al": 0.4960936050759842, "p_ex": 5.573083480654817, "prior": 3.133889031009968, "rate": 5.321241086655658}, "datetime": {"datetime": "2024-04-01 14:14:52", "elapsed": 116.502631, "delta": 0.118088}}
{"target": -103.01775916270026, "params": {"p_ai": 4.716614085966288, "p_al": 4.831840962748342, "p_ex": 5.701205216020305, "prior": 9.234499334273318, "rate": 2.362688743098965}, "datetime": {"datetime": "2024-04-01 14:14:52", "elapsed": 116.618966, "delta": 0.116335}}
{"target": -174.0273607946172, "params": {"p_ai": 8.76092541084365, "p_al": 7.338620497153172, "p_ex": 0.793028419268005, "prior": 8.35403947254459, "rate": 3.977042541433784}, "datetime": {"datetime": "2024-04-01 14:14:52", "elapsed": 116.731662, "delta": 0.112696}}
{"target": -103.26442327500381, "params": {"p_ai": 3.358045360101825, "p_al": 0.004929638918432948, "p_ex": 2.4588060546759145, "prior": 6.879775552325568, "rate": 8.511875178501727}, "datetime": {"datetime": "2024-04-01 14:14:52", "elapsed": 116.847351, "delta": 0.115689}}
{"target": -109.25983284303987, "params": {"p_ai": 2.411253644225826, "p_al": 3.710026765329585, "p_ex": 1.5050829543145978, "prior": 8.035198140908488, "rate": 7.170520210321555}, "datetime": {"datetime": "2024-04-01 14:14:52", "elapsed": 116.964039, "delta": 0.116688}}
{"target": -112.55944442232307, "params": {"p_ai": 7.005081395607865, "p_al": 6.788866386536979, "p_ex": 8.920557995853095, "prior": 8.830426892992689, "rate": 6.254053116944359}, "datetime": {"datetime": "2024-04-01 14:14:52", "elapsed": 117.079317, "delta": 0.115278}}
{"target": -123.57107375390292, "params": {"p_ai": 2.888494992021912, "p_al": 4.031624750430216, "p_ex": 0.29054354730172277, "prior": 9.164923656007396, "rate": 6.874789890986447}, "datetime": {"datetime": "2024-04-01 14:14:53", "elapsed": 117.196003, "delta": 0.116686}}
{"target": -137.95656521819635, "params": {"p_ai": 9.08180006447146, "p_al": 3.021569284048893, "p_ex": 9.448319713154849, "prior": 8.640447686233587, "rate": 8.860241578122423}, "datetime": {"datetime": "2024-04-01 14:14:53", "elapsed": 117.308701, "delta": 0.112698}}
{"target": -138.81132904764326, "params": {"p_ai": 0.0024131607540603924, "p_al": 3.773024949034168, "p_ex": 1.2241305975352685, "prior": 9.328146256783993, "rate": 5.137558817898313}, "datetime": {"datetime": "2024-04-01 14:14:53", "elapsed": 117.423394, "delta": 0.114693}}
{"target": -100.18865555777461, "params": {"p_ai": 4.893874797855624, "p_al": 4.869724747174828, "p_ex": 5.703348718331128, "prior": 5.445530591045077, "rate": 9.171191497772435}, "datetime": {"datetime": "2024-04-01 14:14:53", "elapsed": 117.537088, "delta": 0.113694}}
{"target": -163.93272077248977, "params": {"p_ai": 8.843961080725371, "p_al": 7.83740887369155, "p_ex": 3.227950630409935, "prior": 7.8445897782918435, "rate": 1.4527095656428062}, "datetime": {"datetime": "2024-04-01 14:14:53", "elapsed": 117.653508, "delta": 0.11642}}
{"target": -131.20339698890956, "params": {"p_ai": 8.602401775503456, "p_al": 7.730224416470844, "p_ex": 7.7598953885519135, "prior": 5.287458244919481, "rate": 4.502403481540989}, "datetime": {"datetime": "2024-04-01 14:14:53", "elapsed": 117.771192, "delta": 0.117684}}
{"target": -88.40112320240394, "params": {"p_ai": 2.267088295432349, "p_al": 8.086973092518448, "p_ex": 9.659325036522198, "prior": 5.435776190031357, "rate": 9.022172363016855}, "datetime": {"datetime": "2024-04-01 14:14:53", "elapsed": 117.885888, "delta": 0.114696}}
{"target": -105.99194429135082, "params": {"p_ai": 2.824222069304223, "p_al": 5.1780347582439115, "p_ex": 3.282297731662208, "prior": 9.918019790908655, "rate": 2.503916201575952}, "datetime": {"datetime": "2024-04-01 14:14:53", "elapsed": 117.998582, "delta": 0.112694}}
{"target": -88.85283764969978, "params": {"p_ai": 1.0149594629300827, "p_al": 10.0, "p_ex": 6.716307448156351, "prior": 2.200492391591883, "rate": 10.0}, "datetime": {"datetime": "2024-04-01 14:15:00", "elapsed": 124.327662, "delta": 6.32908}}
{"target": -101.57570500174879, "params": {"p_ai": 0.001, "p_al": 8.709206461748485, "p_ex": 7.874602990714347, "prior": 2.3602659205793963, "rate": 5.718086259578962}, "datetime": {"datetime": "2024-04-01 14:15:06", "elapsed": 130.541229, "delta": 6.213567}}
{"target": -93.23614125011673, "params": {"p_ai": 4.584502177349506, "p_al": 9.111461925992986, "p_ex": 10.0, "prior": 2.715350759012204, "rate": 3.5416069626388738}, "datetime": {"datetime": "2024-04-01 14:15:14", "elapsed": 138.503819, "delta": 7.96259}}
{"target": -91.2021330461476, "params": {"p_ai": 3.1323106877750027, "p_al": 10.0, "p_ex": 7.115576618992148, "prior": 1.745865567455224, "rate": 9.87305638105409}, "datetime": {"datetime": "2024-04-01 14:15:19", "elapsed": 143.155588, "delta": 4.651769}}
{"target": -87.37399749401405, "params": {"p_ai": 1.678946614625974, "p_al": 8.447438266314736, "p_ex": 7.381870732379104, "prior": 1.9517545936178773, "rate": 8.72926519412857}, "datetime": {"datetime": "2024-04-01 14:15:23", "elapsed": 147.579705, "delta": 4.424117}}
{"target": -551.4906045323319, "params": {"p_ai": 0.001, "p_al": 10.0, "p_ex": 6.883491282323052, "prior": 0.001, "rate": 10.0}, "datetime": {"datetime": "2024-04-01 14:15:27", "elapsed": 151.995422, "delta": 4.415717}}
{"target": -87.60298614608315, "params": {"p_ai": 1.4075975719385128, "p_al": 10.0, "p_ex": 5.7919401244069535, "prior": 3.9714390306822134, "rate": 10.0}, "datetime": {"datetime": "2024-04-01 14:15:33", "elapsed": 157.192751, "delta": 5.197329}}
{"target": -122.42840952528732, "params": {"p_ai": 0.001, "p_al": 10.0, "p_ex": 1.5165069149541048, "prior": 0.8170980528527583, "rate": 6.864796068552298}, "datetime": {"datetime": "2024-04-01 14:15:37", "elapsed": 162.047293, "delta": 4.854542}}
{"target": -86.17299555464464, "params": {"p_ai": 2.2517851474134485, "p_al": 9.649554987472042, "p_ex": 4.8175029868806165, "prior": 2.404488104633424, "rate": 9.200754782357917}, "datetime": {"datetime": "2024-04-01 14:15:43", "elapsed": 167.856495, "delta": 5.809202}}
{"target": -86.85392042833287, "params": {"p_ai": 3.0111525759247586, "p_al": 0.001, "p_ex": 10.0, "prior": 0.001, "rate": 0.001}, "datetime": {"datetime": "2024-04-01 14:15:48", "elapsed": 172.604093, "delta": 4.747598}}
{"target": -87.01174414673461, "params": {"p_ai": 1.5794201873718783, "p_al": 10.0, "p_ex": 7.456404356256062, "prior": 3.21972434419102, "rate": 9.899488735314801}, "datetime": {"datetime": "2024-04-01 14:15:53", "elapsed": 177.443443, "delta": 4.83935}}
{"target": -94.08904734812563, "params": {"p_ai": 2.7702760147442524, "p_al": 8.093661838980163, "p_ex": 7.706358197634171, "prior": 0.648372460298577, "rate": 9.129869471174851}, "datetime": {"datetime": "2024-04-01 14:15:58", "elapsed": 182.589668, "delta": 5.146225}}
{"target": -87.64271782623491, "params": {"p_ai": 2.8813685028993516, "p_al": 10.0, "p_ex": 10.0, "prior": 10.0, "rate": 4.3650963396263425}, "datetime": {"datetime": "2024-04-01 14:16:06", "elapsed": 190.844435, "delta": 8.254767}}
{"target": -354.40313230292384, "params": {"p_ai": 1.771498691143015, "p_al": 4.491303965545309, "p_ex": 10.0, "prior": 0.001, "rate": 2.021436216306663}, "datetime": {"datetime": "2024-04-01 14:16:12", "elapsed": 196.216251, "delta": 5.371816}}
{"target": -129.82710731956303, "params": {"p_ai": 1.7496930958115964, "p_al": 0.001, "p_ex": 9.484175377102233, "prior": 2.4610695947447225, "rate": 0.2230116958138406}, "datetime": {"datetime": "2024-04-01 14:16:18", "elapsed": 202.955973, "delta": 6.739722}}
{"target": -88.64860689482127, "params": {"p_ai": 2.655220492514622, "p_al": 1.1306039018292957, "p_ex": 6.8286835492654925, "prior": 0.7194362470452919, "rate": 2.002973075833131}, "datetime": {"datetime": "2024-04-01 14:16:26", "elapsed": 210.502643, "delta": 7.54667}}
{"target": -128.49883523638272, "params": {"p_ai": 0.001, "p_al": 0.001, "p_ex": 10.0, "prior": 0.001, "rate": 10.0}, "datetime": {"datetime": "2024-04-01 14:16:33", "elapsed": 217.688121, "delta": 7.185478}}
{"target": -90.20183085336826, "params": {"p_ai": 0.772652229129426, "p_al": 6.721866054283331, "p_ex": 7.4083656915313005, "prior": 1.4668648848749832, "rate": 5.5302304643110745}, "datetime": {"datetime": "2024-04-01 14:16:43", "elapsed": 228.085777, "delta": 10.397656}}
{"target": -114.20934586428226, "params": {"p_ai": 0.001, "p_al": 0.001, "p_ex": 5.98150657460074, "prior": 0.001, "rate": 1.7549473259887218}, "datetime": {"datetime": "2024-04-01 14:16:51", "elapsed": 236.09808, "delta": 8.012303}}
{"target": -99.47326801917667, "params": {"p_ai": 5.547036532358405, "p_al": 0.5023490005639083, "p_ex": 9.94462012141606, "prior": 1.108020216513676, "rate": 0.854905566022141}, "datetime": {"datetime": "2024-04-01 14:16:57", "elapsed": 241.310385, "delta": 5.212305}}
{"target": -102.8346617703212, "params": {"p_ai": 0.05146663451206284, "p_al": 9.420118668570025, "p_ex": 5.157488067431569, "prior": 2.236602371990524, "rate": 4.958827743777381}, "datetime": {"datetime": "2024-04-01 14:17:06", "elapsed": 250.444809, "delta": 9.134424}}
{"target": -92.95890001453172, "params": {"p_ai": 4.023648017537515, "p_al": 2.8451242857908254, "p_ex": 10.0, "prior": 3.9236508079478263, "rate": 0.7198459375511015}, "datetime": {"datetime": "2024-04-01 14:17:13", "elapsed": 257.420525, "delta": 6.975716}}
{"target": -91.33181425886416, "params": {"p_ai": 2.6184043926776197, "p_al": 0.001, "p_ex": 10.0, "prior": 6.205287760284054, "rate": 6.577304848644347}, "datetime": {"datetime": "2024-04-01 14:17:21", "elapsed": 265.387441, "delta": 7.966916}}
{"target": -85.21162818046831, "params": {"p_ai": 1.6959473506002982, "p_al": 10.0, "p_ex": 6.198619582906293, "prior": 2.896636944198536, "rate": 8.268544531755886}, "datetime": {"datetime": "2024-04-01 14:17:26", "elapsed": 270.895808, "delta": 5.508367}}
{"target": -88.06576895806903, "params": {"p_ai": 3.197064976780399, "p_al": 10.0, "p_ex": 5.95360735103544, "prior": 10.0, "rate": 10.0}, "datetime": {"datetime": "2024-04-01 14:17:33", "elapsed": 277.937957, "delta": 7.042149}}
{"target": -86.01671365965466, "params": {"p_ai": 1.8217909350851265, "p_al": 9.38893789689331, "p_ex": 6.231400495642643, "prior": 2.539055149140878, "rate": 10.0}, "datetime": {"datetime": "2024-04-01 14:17:39", "elapsed": 283.57525, "delta": 5.637293}}
{"target": -92.34464680184453, "params": {"p_ai": 4.3935563057611855, "p_al": 0.001, "p_ex": 7.453431004316378, "prior": 0.001, "rate": 0.001}, "datetime": {"datetime": "2024-04-01 14:17:45", "elapsed": 289.767286, "delta": 6.192036}}
{"target": -87.8410431451047, "params": {"p_ai": 3.5504529288110764, "p_al": 3.0799653763505317, "p_ex": 10.0, "prior": 10.0, "rate": 6.780135032677394}, "datetime": {"datetime": "2024-04-01 14:17:51", "elapsed": 295.515749, "delta": 5.748463}}
{"target": -91.54984133982785, "params": {"p_ai": 3.6067980312029975, "p_al": 6.601301356071402, "p_ex": 5.302533903331145, "prior": 0.7334401977949823, "rate": 3.0574798077357537}, "datetime": {"datetime": "2024-04-01 14:17:56", "elapsed": 300.946893, "delta": 5.431144}}
{"target": -88.87347500689596, "params": {"p_ai": 3.533693204448647, "p_al": 6.520121956192175, "p_ex": 10.0, "prior": 10.0, "rate": 10.0}, "datetime": {"datetime": "2024-04-01 14:18:02", "elapsed": 306.443603, "delta": 5.49671}}
{"target": -94.27598414193415, "params": {"p_ai": 1.6256796654767216, "p_al": 4.590820397448306, "p_ex": 10.0, "prior": 7.211377036936098, "rate": 10.0}, "datetime": {"datetime": "2024-04-01 14:18:07", "elapsed": 311.913768, "delta": 5.470165}}
{"target": -86.05555604289388, "params": {"p_ai": 3.096936335175921, "p_al": 10.0, "p_ex": 10.0, "prior": 6.590313706662098, "rate": 3.1340842416659425}, "datetime": {"datetime": "2024-04-01 14:18:13", "elapsed": 317.54313, "delta": 5.629362}}
{"target": -89.24437942658771, "params": {"p_ai": 2.9921479283529093, "p_al": 0.001, "p_ex": 10.0, "prior": 10.0, "rate": 6.530684233197184}, "datetime": {"datetime": "2024-04-01 14:18:23", "elapsed": 327.158601, "delta": 9.615471}}
{"target": -90.5191579905378, "params": {"p_ai": 2.971106081293556, "p_al": 0.001, "p_ex": 10.0, "prior": 10.0, "rate": 10.0}, "datetime": {"datetime": "2024-04-01 14:18:30", "elapsed": 334.563521, "delta": 7.40492}}
{"target": -131.68092811006377, "params": {"p_ai": 0.17104360292457002, "p_al": 10.0, "p_ex": 10.0, "prior": 8.607312987235877, "rate": 4.230144028026044}, "datetime": {"datetime": "2024-04-01 14:18:38", "elapsed": 342.936949, "delta": 8.373428}}
{"target": -87.28936833288364, "params": {"p_ai": 3.5293245142514302, "p_al": 3.4661826603945918, "p_ex": 10.0, "prior": 7.1662410424769645, "rate": 4.8893405952948585}, "datetime": {"datetime": "2024-04-01 14:18:46", "elapsed": 350.62102, "delta": 7.684071}}
{"target": -90.06356513829459, "params": {"p_ai": 3.054670024376006, "p_al": 2.8570693012805104, "p_ex": 5.378834587488345, "prior": 10.0, "rate": 10.0}, "datetime": {"datetime": "2024-04-01 14:18:55", "elapsed": 359.801606, "delta": 9.180586}}
{"target": -94.70099847674402, "params": {"p_ai": 5.241852353264301, "p_al": 10.0, "p_ex": 10.0, "prior": 10.0, "rate": 6.193424207721758}, "datetime": {"datetime": "2024-04-01 14:19:04", "elapsed": 368.237089, "delta": 8.435483}}
{"target": -89.46858458124369, "params": {"p_ai": 1.5224525909369975, "p_al": 7.162271823527938, "p_ex": 10.0, "prior": 2.9155900668571335, "rate": 5.54288525831792}, "datetime": {"datetime": "2024-04-01 14:19:09", "elapsed": 374.075857, "delta": 5.838768}}
{"target": -102.25229339558292, "params": {"p_ai": 3.1200786318436022, "p_al": 0.001, "p_ex": 4.891130150451571, "prior": 0.001, "rate": 3.4664125361435474}, "datetime": {"datetime": "2024-04-01 14:19:17", "elapsed": 381.921329, "delta": 7.845472}}
{"target": -87.43558513628183, "params": {"p_ai": 2.5390942258835874, "p_al": 10.0, "p_ex": 10.0, "prior": 8.05852076747363, "rate": 10.0}, "datetime": {"datetime": "2024-04-01 14:19:23", "elapsed": 387.486135, "delta": 5.564806}}
{"target": -88.93127864122125, "params": {"p_ai": 3.4991879526790535, "p_al": 0.9967931403418369, "p_ex": 7.385200909236881, "prior": 10.0, "rate": 6.828453047988927}, "datetime": {"datetime": "2024-04-01 14:19:31", "elapsed": 395.689787, "delta": 8.203652}}
{"target": -93.89064491700601, "params": {"p_ai": 5.005661522857276, "p_al": 10.0, "p_ex": 10.0, "prior": 10.0, "rate": 2.7086925026335864}, "datetime": {"datetime": "2024-04-01 14:19:36", "elapsed": 400.725758, "delta": 5.035971}}
{"target": -121.32866127745241, "params": {"p_ai": 0.001, "p_al": 0.001, "p_ex": 10.0, "prior": 5.340706586743194, "rate": 10.0}, "datetime": {"datetime": "2024-04-01 14:19:44", "elapsed": 408.391217, "delta": 7.665459}}
{"target": -86.77573886683562, "params": {"p_ai": 3.3603745833534258, "p_al": 10.0, "p_ex": 10.0, "prior": 7.591494878524332, "rate": 7.77643885836845}, "datetime": {"datetime": "2024-04-01 14:19:49", "elapsed": 413.693531, "delta": 5.302314}}
{"target": -89.85232600923666, "params": {"p_ai": 3.5593617647486604, "p_al": 0.001, "p_ex": 10.0, "prior": 10.0, "rate": 3.0989653803060464}, "datetime": {"datetime": "2024-04-01 14:19:57", "elapsed": 422.033085, "delta": 8.339554}}
{"target": -85.04407867665748, "params": {"p_ai": 2.579855392943783, "p_al": 10.0, "p_ex": 6.929345300439014, "prior": 6.001504000395983, "rate": 6.463801268940142}, "datetime": {"datetime": "2024-04-01 14:20:04", "elapsed": 428.860098, "delta": 6.827013}}
{"target": -86.35197755682732, "params": {"p_ai": 3.3965390571458527, "p_al": 7.302635221911095, "p_ex": 10.0, "prior": 10.0, "rate": 5.133677119063131}, "datetime": {"datetime": "2024-04-01 14:20:13", "elapsed": 437.337066, "delta": 8.476968}}
{"target": -98.90923385340433, "params": {"p_ai": 1.4777175734510644, "p_al": 0.001, "p_ex": 4.5726006345617, "prior": 0.001, "rate": 10.0}, "datetime": {"datetime": "2024-04-01 14:20:18", "elapsed": 442.456739, "delta": 5.119673}}
{"target": -89.80732722956206, "params": {"p_ai": 1.550826528062347, "p_al": 7.6792953631955205, "p_ex": 7.910216442773222, "prior": 0.8767902748846783, "rate": 7.778365257559411}, "datetime": {"datetime": "2024-04-01 14:20:28", "elapsed": 452.978812, "delta": 10.522073}}
{"target": -91.01793355244101, "params": {"p_ai": 2.168492618009566, "p_al": 0.001, "p_ex": 5.526941081727374, "prior": 4.975618547622475, "rate": 10.0}, "datetime": {"datetime": "2024-04-01 14:20:38", "elapsed": 462.874894, "delta": 9.896082}}
{"target": -129.73736523726703, "params": {"p_ai": 0.0010000000000000009, "p_al": 0.001, "p_ex": 10.0, "prior": 10.0, "rate": 10.0}, "datetime": {"datetime": "2024-04-01 14:20:48", "elapsed": 472.209516, "delta": 9.334622}}
{"target": -95.38949231088982, "params": {"p_ai": 2.1877199102259786, "p_al": 10.0, "p_ex": 2.4321844837891082, "prior": 1.1520463618260133, "rate": 8.767812672815955}, "datetime": {"datetime": "2024-04-01 14:20:55", "elapsed": 479.726983, "delta": 7.517467}}
{"target": -86.75623734300918, "params": {"p_ai": 2.899715500955335, "p_al": 7.265771939326716, "p_ex": 6.9770837867669435, "prior": 10.0, "rate": 10.0}, "datetime": {"datetime": "2024-04-01 14:21:04", "elapsed": 488.977941, "delta": 9.250958}}
{"target": -87.2088017966586, "params": {"p_ai": 2.1293999779464454, "p_al": 6.327290793575405, "p_ex": 7.059539608310525, "prior": 6.052289973722584, "rate": 10.0}, "datetime": {"datetime": "2024-04-01 14:21:10", "elapsed": 494.421064, "delta": 5.443123}}
{"target": -89.17763014535245, "params": {"p_ai": 3.134903849083784, "p_al": 0.001, "p_ex": 6.894988233463969, "prior": 10.0, "rate": 10.0}, "datetime": {"datetime": "2024-04-01 14:21:16", "elapsed": 500.274392, "delta": 5.853328}}
{"target": -576.124786317268, "params": {"p_ai": 1.7298849941524133, "p_al": 4.393463953510583, "p_ex": 5.158632260613147, "prior": 0.001, "rate": 7.299618186389235}, "datetime": {"datetime": "2024-04-01 14:21:22", "elapsed": 507.028904, "delta": 6.754512}}
{"target": -135.891347229475, "params": {"p_ai": 0.19889046456246198, "p_al": 3.142746086334498, "p_ex": 0.23953176826329442, "prior": 0.48815152450042, "rate": 9.925016058774341}, "datetime": {"datetime": "2024-04-01 14:21:32", "elapsed": 516.642836, "delta": 9.613932}}
