{"target": -214.76848840437523, "params": {"gamma": 2.3106546042570515, "prior": 0.6739605523903935, "rate": 1.3890263639386906}, "datetime": {"datetime": "2024-04-12 20:03:27", "elapsed": 3.954251, "delta": 0.007945}}
{"target": -458.011962206263, "params": {"gamma": 9.351596002308344, "prior": 8.896566823226658, "rate": 2.893315694333617}, "datetime": {"datetime": "2024-04-12 20:03:27", "elapsed": 3.962141, "delta": 0.00789}}
{"target": -469.34825314774844, "params": {"gamma": 9.477692896949968, "prior": 8.514312298791047, "rate": 4.347113285922664}, "datetime": {"datetime": "2024-04-12 20:03:27", "elapsed": 3.969991, "delta": 0.00785}}
{"target": -272.50084005213745, "params": {"gamma": 4.681027499109862, "prior": 6.335544913675885, "rate": 1.581160317803163}, "datetime": {"datetime": "2024-04-12 20:03:27", "elapsed": 3.977788, "delta": 0.007797}}
{"target": -146.63764529126615, "params": {"gamma": 0.14880608533418707, "prior": 2.72856897297662, "rate": 0.15542087579566607}, "datetime": {"datetime": "2024-04-12 20:03:27", "elapsed": 3.985674, "delta": 0.007886}}
{"target": -362.3395138271081, "params": {"gamma": 6.745313942778413, "prior": 5.559541474546487, "rate": 3.2171598078821737}, "datetime": {"datetime": "2024-04-12 20:03:27", "elapsed": 3.993548, "delta": 0.007874}}
{"target": -529.8287888612224, "params": {"gamma": 7.802243168860467, "prior": 1.543275769026293, "rate": 2.449561506980074}, "datetime": {"datetime": "2024-04-12 20:03:27", "elapsed": 4.001635, "delta": 0.008087}}
{"target": -206.31914090867576, "params": {"gamma": 2.923845306630798, "prior": 2.0397262703400223, "rate": 0.8802988990222627}, "datetime": {"datetime": "2024-04-12 20:03:27", "elapsed": 4.009632, "delta": 0.007997}}
{"target": -791.0614724765861, "params": {"gamma": 8.699891826535803, "prior": 0.9730675911579497, "rate": 6.837419647880558}, "datetime": {"datetime": "2024-04-12 20:03:27", "elapsed": 4.017694, "delta": 0.008062}}
{"target": -180.10076076820022, "params": {"gamma": 1.204888367700376, "prior": 0.20592013112732416, "rate": 5.573125032519063}, "datetime": {"datetime": "2024-04-12 20:03:27", "elapsed": 4.025665, "delta": 0.007971}}
{"target": -444.3635431924666, "params": {"gamma": 9.071183443148486, "prior": 8.618521006635163, "rate": 3.3851753897983823}, "datetime": {"datetime": "2024-04-12 20:03:27", "elapsed": 4.033658, "delta": 0.007993}}
{"target": -139.16109878680177, "params": {"gamma": 0.27256113442929636, "prior": 8.028507615787328, "rate": 8.06004333796437}, "datetime": {"datetime": "2024-04-12 20:03:27", "elapsed": 4.041545, "delta": 0.007887}}
{"target": -539.7115596422966, "params": {"gamma": 8.685012674911418, "prior": 6.729501338767777, "rate": 8.077980844288449}, "datetime": {"datetime": "2024-04-12 20:03:27", "elapsed": 4.049433, "delta": 0.007888}}
{"target": -558.368108691547, "params": {"gamma": 8.9750853247459, "prior": 4.592916509851121, "rate": 5.578695211845391}, "datetime": {"datetime": "2024-04-12 20:03:27", "elapsed": 4.057492, "delta": 0.008059}}
{"target": -323.0703542380853, "params": {"gamma": 5.06180515715352, "prior": 6.9506406547897654, "rate": 6.829385769431119}, "datetime": {"datetime": "2024-04-12 20:03:27", "elapsed": 4.065386, "delta": 0.007894}}
{"target": -301.110728568234, "params": {"gamma": 5.203616044997302, "prior": 8.301834666046165, "rate": 5.058288088511875}, "datetime": {"datetime": "2024-04-12 20:03:27", "elapsed": 4.073373, "delta": 0.007987}}
{"target": -430.7193436832923, "params": {"gamma": 8.248760765289934, "prior": 2.8902663726181053, "rate": 1.7857698349419049}, "datetime": {"datetime": "2024-04-12 20:03:27", "elapsed": 4.081266, "delta": 0.007893}}
{"target": -470.72539181836237, "params": {"gamma": 9.698735832876796, "prior": 7.44520130201516, "rate": 2.598657141350841}, "datetime": {"datetime": "2024-04-12 20:03:27", "elapsed": 4.08938, "delta": 0.008114}}
{"target": -353.89069861476753, "params": {"gamma": 5.8127721875694265, "prior": 9.557096310028049, "rate": 0.808458324212976}, "datetime": {"datetime": "2024-04-12 20:03:27", "elapsed": 4.09773, "delta": 0.00835}}
{"target": -146.53975140541777, "params": {"gamma": 0.8362585364103492, "prior": 6.229434831057081, "rate": 2.245710294880741}, "datetime": {"datetime": "2024-04-12 20:03:27", "elapsed": 4.10594, "delta": 0.00821}}
{"target": -476.60031272912494, "params": {"gamma": 7.652074383378348, "prior": 5.72471017519614, "rate": 6.66221471414473}, "datetime": {"datetime": "2024-04-12 20:03:27", "elapsed": 4.114106, "delta": 0.008166}}
{"target": -162.5591528214298, "params": {"gamma": 1.0790311940451294, "prior": 0.9344022092219122, "rate": 6.251585561986592}, "datetime": {"datetime": "2024-04-12 20:03:27", "elapsed": 4.122002, "delta": 0.007896}}
{"target": -358.64757836665655, "params": {"gamma": 4.097902880079071, "prior": 0.9637999863326198, "rate": 3.711268386216875}, "datetime": {"datetime": "2024-04-12 20:03:27", "elapsed": 4.129959, "delta": 0.007957}}
{"target": -578.3744086517112, "params": {"gamma": 6.72177195215883, "prior": 1.9769152618966988, "rate": 8.957395356178512}, "datetime": {"datetime": "2024-04-12 20:03:27", "elapsed": 4.137825, "delta": 0.007866}}
{"target": -510.1381233994305, "params": {"gamma": 9.498514042411992, "prior": 9.619568170101886, "rate": 7.301095494844863}, "datetime": {"datetime": "2024-04-12 20:03:27", "elapsed": 4.145817, "delta": 0.007992}}
{"target": -246.83284566948527, "params": {"gamma": 4.063477988455463, "prior": 7.463117043877074, "rate": 2.8805808058682407}, "datetime": {"datetime": "2024-04-12 20:03:27", "elapsed": 4.153734, "delta": 0.007917}}
{"target": -232.65758196343222, "params": {"gamma": 3.144857806685071, "prior": 6.098373976056793, "rate": 5.948876486945769}, "datetime": {"datetime": "2024-04-12 20:03:27", "elapsed": 4.161631, "delta": 0.007897}}
{"target": -688.9452305318516, "params": {"gamma": 8.786731102181795, "prior": 2.620547481039712, "rate": 7.662117463663015}, "datetime": {"datetime": "2024-04-12 20:03:27", "elapsed": 4.169649, "delta": 0.008018}}
{"target": -1003.4608618271262, "params": {"gamma": 9.410191654922194, "prior": 0.11022603331157285, "rate": 4.761415090903047}, "datetime": {"datetime": "2024-04-12 20:03:27", "elapsed": 4.177592, "delta": 0.007943}}
{"target": -355.5220758020327, "params": {"gamma": 6.570746249918269, "prior": 8.448899817803273, "rate": 1.8382103793481412}, "datetime": {"datetime": "2024-04-12 20:03:27", "elapsed": 4.185597, "delta": 0.008005}}
{"target": -643.1489783967323, "params": {"gamma": 8.56173622063573, "prior": 3.7072182505845768, "rate": 8.922847018832448}, "datetime": {"datetime": "2024-04-12 20:03:27", "elapsed": 4.193424, "delta": 0.007827}}
{"target": -135.22545515383337, "params": {"gamma": 0.2780896894835276, "prior": 0.9453623773193891, "rate": 9.81412324707537}, "datetime": {"datetime": "2024-04-12 20:03:27", "elapsed": 4.201462, "delta": 0.008038}}
{"target": -325.1280515663607, "params": {"gamma": 6.095409755809193, "prior": 4.234560233460414, "rate": 1.6929726327522117}, "datetime": {"datetime": "2024-04-12 20:03:27", "elapsed": 4.209545, "delta": 0.008083}}
{"target": -592.1840698258695, "params": {"gamma": 6.499361629743811, "prior": 0.46605317675764246, "rate": 3.116827520693586}, "datetime": {"datetime": "2024-04-12 20:03:27", "elapsed": 4.217694, "delta": 0.008149}}
{"target": -239.90097145877857, "params": {"gamma": 3.2354684906937643, "prior": 6.11367474579408, "rate": 6.508661735500295}, "datetime": {"datetime": "2024-04-12 20:03:27", "elapsed": 4.225689, "delta": 0.007995}}
{"target": -453.75473643997935, "params": {"gamma": 8.460699937765456, "prior": 9.28305133171568, "rate": 6.604916818383386}, "datetime": {"datetime": "2024-04-12 20:03:27", "elapsed": 4.233545, "delta": 0.007856}}
{"target": -444.778920528098, "params": {"gamma": 5.782161010166973, "prior": 4.047283881927183, "rate": 9.666158313928777}, "datetime": {"datetime": "2024-04-12 20:03:27", "elapsed": 4.241499, "delta": 0.007954}}
{"target": -161.6212922061178, "params": {"gamma": 1.541637639151742, "prior": 8.96135940562162, "rate": 3.1108196657805305}, "datetime": {"datetime": "2024-04-12 20:03:27", "elapsed": 4.249404, "delta": 0.007905}}
{"target": -300.87821858651387, "params": {"gamma": 5.485342407571374, "prior": 6.852455958484867, "rate": 2.3654600436102275}, "datetime": {"datetime": "2024-04-12 20:03:27", "elapsed": 4.257401, "delta": 0.007997}}
{"target": -177.14012631455702, "params": {"gamma": 1.678199113817666, "prior": 5.133971932953198, "rate": 7.918846891971133}, "datetime": {"datetime": "2024-04-12 20:03:27", "elapsed": 4.265408, "delta": 0.008007}}
{"target": -633.6279309662266, "params": {"gamma": 6.9244522072085894, "prior": 1.277836038012847, "rate": 9.007521408502258}, "datetime": {"datetime": "2024-04-12 20:03:27", "elapsed": 4.273532, "delta": 0.008124}}
{"target": -283.0268726702588, "params": {"gamma": 4.797895932924502, "prior": 9.47209912447251, "rate": 5.53478362877641}, "datetime": {"datetime": "2024-04-12 20:03:27", "elapsed": 4.281652, "delta": 0.00812}}
{"target": -148.34275651283875, "params": {"gamma": 0.8489334147818686, "prior": 2.1043840531779026, "rate": 8.542525491190911}, "datetime": {"datetime": "2024-04-12 20:03:27", "elapsed": 4.289603, "delta": 0.007951}}
{"target": -363.0238339149154, "params": {"gamma": 7.0595677402804276, "prior": 8.95990124951395, "rate": 3.2921308719412035}, "datetime": {"datetime": "2024-04-12 20:03:27", "elapsed": 4.297539, "delta": 0.007936}}
{"target": -328.0619626418468, "params": {"gamma": 5.280485964979625, "prior": 6.538941511592786, "rate": 5.943314245013059}, "datetime": {"datetime": "2024-04-12 20:03:27", "elapsed": 4.305477, "delta": 0.007938}}
{"target": -187.9497739512407, "params": {"gamma": 2.315397892406944, "prior": 4.325531359537532, "rate": 2.481866529137688}, "datetime": {"datetime": "2024-04-12 20:03:27", "elapsed": 4.313534, "delta": 0.008057}}
{"target": -496.4574848866101, "params": {"gamma": 8.456304007349223, "prior": 9.868106705184019, "rate": 0.6666414605206605}, "datetime": {"datetime": "2024-04-12 20:03:27", "elapsed": 4.32141, "delta": 0.007876}}
{"target": -508.4862985369165, "params": {"gamma": 7.139566394637347, "prior": 3.3681439667708357, "rate": 6.254728347736019}, "datetime": {"datetime": "2024-04-12 20:03:27", "elapsed": 4.329436, "delta": 0.008026}}
{"target": -197.28805207234709, "params": {"gamma": 2.582038363169428, "prior": 6.5449753321541015, "rate": 3.7121006974428328}, "datetime": {"datetime": "2024-04-12 20:03:27", "elapsed": 4.337464, "delta": 0.008028}}
{"target": -225.73799871100925, "params": {"gamma": 2.9489139744901, "prior": 9.126455419608208, "rate": 9.425046243387849}, "datetime": {"datetime": "2024-04-12 20:03:27", "elapsed": 4.345498, "delta": 0.008034}}
{"target": -524.4427910179327, "params": {"gamma": 6.135886715574795, "prior": 2.223231030223857, "rate": 9.394249290190688}, "datetime": {"datetime": "2024-04-12 20:03:27", "elapsed": 4.353478, "delta": 0.00798}}
{"target": -385.8850116649663, "params": {"gamma": 7.504785013686519, "prior": 7.53578909249578, "rate": 2.1180016271500137}, "datetime": {"datetime": "2024-04-12 20:03:27", "elapsed": 4.361499, "delta": 0.008021}}
{"target": -632.8255783056254, "params": {"gamma": 8.30173510509683, "prior": 2.47694202619598, "rate": 6.316575831756353}, "datetime": {"datetime": "2024-04-12 20:03:27", "elapsed": 4.369581, "delta": 0.008082}}
{"target": -372.36306232598895, "params": {"gamma": 7.107684959425964, "prior": 7.449595954100307, "rate": 3.9032567812912102}, "datetime": {"datetime": "2024-04-12 20:03:27", "elapsed": 4.377555, "delta": 0.007974}}
{"target": -406.58676609134926, "params": {"gamma": 7.598494141764259, "prior": 9.039065431004929, "rate": 5.8746127723565325}, "datetime": {"datetime": "2024-04-12 20:03:27", "elapsed": 4.385536, "delta": 0.007981}}
{"target": -145.72267173270873, "params": {"gamma": 0.9050067472322914, "prior": 1.376862243008533, "rate": 1.0535200041012063}, "datetime": {"datetime": "2024-04-12 20:03:27", "elapsed": 4.393511, "delta": 0.007975}}
{"target": -200.95386343846576, "params": {"gamma": 1.7281019057654774, "prior": 1.3516658138678819, "rate": 7.783230599786209}, "datetime": {"datetime": "2024-04-12 20:03:27", "elapsed": 4.401551, "delta": 0.00804}}
{"target": -135.69917011514582, "params": {"gamma": 0.39507571033225836, "prior": 2.491428331674554, "rate": 8.790784947183296}, "datetime": {"datetime": "2024-04-12 20:03:27", "elapsed": 4.409665, "delta": 0.008114}}
{"target": -654.6562711067189, "params": {"gamma": 9.7352150895021, "prior": 6.093677876497776, "rate": 9.762406407339324}, "datetime": {"datetime": "2024-04-12 20:03:27", "elapsed": 4.417734, "delta": 0.008069}}
{"target": -143.44485731470206, "params": {"gamma": 0.43547196560805285, "prior": 9.490870406922475, "rate": 3.113649528479215}, "datetime": {"datetime": "2024-04-12 20:03:27", "elapsed": 4.42583, "delta": 0.008096}}
{"target": -481.8632225139402, "params": {"gamma": 7.989929430775569, "prior": 8.125228124124325, "rate": 8.600125917211868}, "datetime": {"datetime": "2024-04-12 20:03:27", "elapsed": 4.433921, "delta": 0.008091}}
{"target": -267.3380671639382, "params": {"gamma": 4.586049558214109, "prior": 9.313379482437938, "rate": 2.579671951285972}, "datetime": {"datetime": "2024-04-12 20:03:27", "elapsed": 4.441983, "delta": 0.008062}}
{"target": -627.292182449072, "params": {"gamma": 9.344520479803316, "prior": 6.229284369191439, "rate": 9.85446370453336}, "datetime": {"datetime": "2024-04-12 20:03:27", "elapsed": 4.450076, "delta": 0.008093}}
{"target": -139.70354454461182, "params": {"gamma": 0.3274060157599613, "prior": 7.279149922443812, "rate": 5.655976799568431}, "datetime": {"datetime": "2024-04-12 20:03:27", "elapsed": 4.458104, "delta": 0.008028}}
{"target": -332.4279609650438, "params": {"gamma": 4.924748049935798, "prior": 2.6662594439422964, "rate": 3.268980017978885}, "datetime": {"datetime": "2024-04-12 20:03:27", "elapsed": 4.466156, "delta": 0.008052}}
{"target": -241.25341214729482, "params": {"gamma": 2.495372604807176, "prior": 2.270752312218102, "rate": 7.996808714410864}, "datetime": {"datetime": "2024-04-12 20:03:27", "elapsed": 4.47415, "delta": 0.007994}}
{"target": -476.97603632144427, "params": {"gamma": 5.024447663976686, "prior": 0.9235798981002775, "rate": 7.770064936081777}, "datetime": {"datetime": "2024-04-12 20:03:27", "elapsed": 4.48214, "delta": 0.00799}}
{"target": -313.16749864425594, "params": {"gamma": 5.336957111761226, "prior": 7.419939094729182, "rate": 5.154421537738071}, "datetime": {"datetime": "2024-04-12 20:03:27", "elapsed": 4.490054, "delta": 0.007914}}
{"target": -287.1590190535427, "params": {"gamma": 4.0000592939273325, "prior": 9.86384314611932, "rate": 0.2833979590089639}, "datetime": {"datetime": "2024-04-12 20:03:27", "elapsed": 4.497997, "delta": 0.007943}}
{"target": -455.63843386043163, "params": {"gamma": 9.327706315740619, "prior": 9.315464180823684, "rate": 3.909796196303079}, "datetime": {"datetime": "2024-04-12 20:03:27", "elapsed": 4.50596, "delta": 0.007963}}
{"target": -179.23981314232722, "params": {"gamma": 2.145434246462065, "prior": 6.230211649539066, "rate": 1.7805453823662243}, "datetime": {"datetime": "2024-04-12 20:03:27", "elapsed": 4.514074, "delta": 0.008114}}
{"target": -491.3380575930929, "params": {"gamma": 8.032278735085756, "prior": 2.613945173189579, "rate": 2.9087707441717465}, "datetime": {"datetime": "2024-04-12 20:03:27", "elapsed": 4.52205, "delta": 0.007976}}
{"target": -466.58537841683176, "params": {"gamma": 9.15924198430956, "prior": 9.038876651396649, "rate": 5.354273536413487}, "datetime": {"datetime": "2024-04-12 20:03:27", "elapsed": 4.530176, "delta": 0.008126}}
{"target": -669.5462223178923, "params": {"gamma": 8.628526966805577, "prior": 3.5900724311701118, "rate": 9.978844897970799}, "datetime": {"datetime": "2024-04-12 20:03:27", "elapsed": 4.538135, "delta": 0.007959}}
{"target": -270.63699576451376, "params": {"gamma": 4.337463704310366, "prior": 3.0186389168051044, "rate": 0.4167007652577235}, "datetime": {"datetime": "2024-04-12 20:03:27", "elapsed": 4.546085, "delta": 0.00795}}
{"target": -660.2851292018621, "params": {"gamma": 9.897079830913631, "prior": 4.702387546027041, "rate": 7.346115555489657}, "datetime": {"datetime": "2024-04-12 20:03:27", "elapsed": 4.55399, "delta": 0.007905}}
{"target": -389.19265894726135, "params": {"gamma": 6.408435432834701, "prior": 7.258624656693496, "rate": 0.5120579273573367}, "datetime": {"datetime": "2024-04-12 20:03:27", "elapsed": 4.562081, "delta": 0.008091}}
{"target": -468.7805798353929, "params": {"gamma": 9.200534008691728, "prior": 9.275728057232191, "rate": 5.520398276514817}, "datetime": {"datetime": "2024-04-12 20:03:27", "elapsed": 4.570058, "delta": 0.007977}}
{"target": -696.3917654851142, "params": {"gamma": 9.639194970956826, "prior": 2.881459816204638, "rate": 6.0218641247383164}, "datetime": {"datetime": "2024-04-12 20:03:27", "elapsed": 4.577983, "delta": 0.007925}}
{"target": -245.5619349331223, "params": {"gamma": 3.9652304378361865, "prior": 6.317429994376759, "rate": 3.0070222529489574}, "datetime": {"datetime": "2024-04-12 20:03:27", "elapsed": 4.58589, "delta": 0.007907}}
{"target": -417.89507795432957, "params": {"gamma": 8.193764488175546, "prior": 0.7908811871916644, "rate": 0.4197338254296628}, "datetime": {"datetime": "2024-04-12 20:03:27", "elapsed": 4.593875, "delta": 0.007985}}
{"target": -136.9617276351514, "params": {"gamma": 0.49491444994850975, "prior": 1.5895047808398683, "rate": 3.954109387473109}, "datetime": {"datetime": "2024-04-12 20:03:27", "elapsed": 4.602106, "delta": 0.008231}}
{"target": -836.4347457360602, "params": {"gamma": 9.553944502582489, "prior": 1.1968748529899662, "rate": 6.475882305178456}, "datetime": {"datetime": "2024-04-12 20:03:27", "elapsed": 4.610259, "delta": 0.008153}}
{"target": -300.15010522903503, "params": {"gamma": 5.276687463055037, "prior": 3.5970998192322843, "rate": 1.9827940939725983}, "datetime": {"datetime": "2024-04-12 20:03:27", "elapsed": 4.618337, "delta": 0.008078}}
{"target": -249.40804801996674, "params": {"gamma": 2.20672022439151, "prior": 0.5338329462987547, "rate": 7.131926567624986}, "datetime": {"datetime": "2024-04-12 20:03:27", "elapsed": 4.626275, "delta": 0.007938}}
{"target": -451.74967487759926, "params": {"gamma": 6.538748151763354, "prior": 4.493320947974752, "rate": 7.189675941410347}, "datetime": {"datetime": "2024-04-12 20:03:27", "elapsed": 4.634236, "delta": 0.007961}}
{"target": -150.95283867830372, "params": {"gamma": 1.100649748480759, "prior": 9.393319816352417, "rate": 8.476419465684636}, "datetime": {"datetime": "2024-04-12 20:03:27", "elapsed": 4.642165, "delta": 0.007929}}
{"target": -409.76119866128164, "params": {"gamma": 6.590697560999168, "prior": 3.8504285697511453, "rate": 4.16625072341846}, "datetime": {"datetime": "2024-04-12 20:03:27", "elapsed": 4.65012, "delta": 0.007955}}
{"target": -307.3370647263279, "params": {"gamma": 4.822057067652517, "prior": 9.359309323067325, "rate": 8.636065956226108}, "datetime": {"datetime": "2024-04-12 20:03:27", "elapsed": 4.658248, "delta": 0.008128}}
{"target": -343.14754023885155, "params": {"gamma": 4.779760568316378, "prior": 5.589733132953853, "rate": 8.754163218930938}, "datetime": {"datetime": "2024-04-12 20:03:27", "elapsed": 4.666242, "delta": 0.007994}}
{"target": -580.6498668078796, "params": {"gamma": 9.492695073289129, "prior": 6.427929083095635, "rate": 7.485454680577448}, "datetime": {"datetime": "2024-04-12 20:03:27", "elapsed": 4.674358, "delta": 0.008116}}
{"target": -246.74666230460775, "params": {"gamma": 3.516897438698066, "prior": 9.188480358953182, "rate": 8.367683746488458}, "datetime": {"datetime": "2024-04-12 20:03:27", "elapsed": 4.682322, "delta": 0.007964}}
{"target": -345.3134386737875, "params": {"gamma": 5.521006756366404, "prior": 8.68950937519022, "rate": 8.498868942521883}, "datetime": {"datetime": "2024-04-12 20:03:27", "elapsed": 4.690472, "delta": 0.00815}}
{"target": -671.36547356441, "params": {"gamma": 8.084305154704811, "prior": 1.393858961534142, "rate": 5.3604897456433}, "datetime": {"datetime": "2024-04-12 20:03:27", "elapsed": 4.698416, "delta": 0.007944}}
{"target": -453.6150420418638, "params": {"gamma": 9.007930363954452, "prior": 7.73123512248292, "rate": 4.207711277052893}, "datetime": {"datetime": "2024-04-12 20:03:27", "elapsed": 4.706517, "delta": 0.008101}}
{"target": -616.680838344072, "params": {"gamma": 9.778826053206298, "prior": 2.5826542510627224, "rate": 3.336768678250129}, "datetime": {"datetime": "2024-04-12 20:03:27", "elapsed": 4.714546, "delta": 0.008029}}
{"target": -574.8596625552932, "params": {"gamma": 9.54205087378846, "prior": 8.106281947034368, "rate": 9.003499705102108}, "datetime": {"datetime": "2024-04-12 20:03:27", "elapsed": 4.722622, "delta": 0.008076}}
{"target": -143.03205973678814, "params": {"gamma": 0.11688430450954196, "prior": 3.859667887036548, "rate": 2.355984044142083}, "datetime": {"datetime": "2024-04-12 20:03:27", "elapsed": 4.730596, "delta": 0.007974}}
{"target": -224.52512191911597, "params": {"gamma": 2.9600545838222256, "prior": 7.406155414398024, "rate": 7.241124363795878}, "datetime": {"datetime": "2024-04-12 20:03:27", "elapsed": 4.738599, "delta": 0.008003}}
{"target": -334.05127807857195, "params": {"gamma": 4.618532302580416, "prior": 3.716217165950228, "rate": 5.847331438432254}, "datetime": {"datetime": "2024-04-12 20:03:27", "elapsed": 4.746596, "delta": 0.007997}}
{"target": -346.23017187753646, "params": {"gamma": 5.33754383858813, "prior": 5.550737634177834, "rate": 6.155155234075464}, "datetime": {"datetime": "2024-04-12 20:03:27", "elapsed": 4.754532, "delta": 0.007936}}
{"target": -242.40254707530957, "params": {"gamma": 3.957087074403221, "prior": 7.740012975913038, "rate": 2.512780630310517}, "datetime": {"datetime": "2024-04-12 20:03:27", "elapsed": 4.762432, "delta": 0.0079}}
