{"target": -122.96733146713417, "params": {"gamma": 1.6165788245210426, "prior": 6.524924004221608, "rate": 7.53350473313803}, "datetime": {"datetime": "2024-04-12 13:57:23", "elapsed": 5.540876, "delta": 0.008228}}
{"target": -141.21945881317941, "params": {"gamma": 2.8026461610955637, "prior": 4.5684824262007755, "rate": 9.004588674948266}, "datetime": {"datetime": "2024-04-12 13:57:23", "elapsed": 5.549028, "delta": 0.008152}}
{"target": -235.07383395988734, "params": {"gamma": 8.719984326277993, "prior": 7.1011573368634044, "rate": 5.909415094304578}, "datetime": {"datetime": "2024-04-12 13:57:23", "elapsed": 5.557164, "delta": 0.008136}}
{"target": -228.27668874398378, "params": {"gamma": 8.174005321700859, "prior": 9.085681996388406, "rate": 0.026073089119563617}, "datetime": {"datetime": "2024-04-12 13:57:23", "elapsed": 5.565241, "delta": 0.008077}}
{"target": -150.00836614469887, "params": {"gamma": 3.972880434571384, "prior": 5.657955868812967, "rate": 7.339497439712482}, "datetime": {"datetime": "2024-04-12 13:57:23", "elapsed": 5.573328, "delta": 0.008087}}
{"target": -125.06843657163827, "params": {"gamma": 0.8756401490882502, "prior": 4.057574378040559, "rate": 2.796932173319039}, "datetime": {"datetime": "2024-04-12 13:57:23", "elapsed": 5.58143, "delta": 0.008102}}
{"target": -155.14335355433084, "params": {"gamma": 4.235677020998725, "prior": 5.029988463465554, "rate": 6.600492220036985}, "datetime": {"datetime": "2024-04-12 13:57:23", "elapsed": 5.58957, "delta": 0.00814}}
{"target": -157.4491071212669, "params": {"gamma": 4.962865153563822, "prior": 6.242635185991386, "rate": 5.824816179030337}, "datetime": {"datetime": "2024-04-12 13:57:23", "elapsed": 5.597711, "delta": 0.008141}}
{"target": -217.70874227498174, "params": {"gamma": 4.2838956479905255, "prior": 0.1492660106415274, "rate": 1.9459696221821587}, "datetime": {"datetime": "2024-04-12 13:57:23", "elapsed": 5.605934, "delta": 0.008223}}
{"target": -163.67140307711438, "params": {"gamma": 3.2027463362086017, "prior": 1.55508344596382, "rate": 5.987040152182751}, "datetime": {"datetime": "2024-04-12 13:57:23", "elapsed": 5.614035, "delta": 0.008101}}
{"target": -168.42108400159137, "params": {"gamma": 6.115383267119364, "prior": 5.050923270009602, "rate": 3.2091681671070447}, "datetime": {"datetime": "2024-04-12 13:57:23", "elapsed": 5.62212, "delta": 0.008085}}
{"target": -186.7917266860988, "params": {"gamma": 6.53292726219252, "prior": 1.983806478522533, "rate": 0.05980393346483768}, "datetime": {"datetime": "2024-04-12 13:57:23", "elapsed": 5.630199, "delta": 0.008079}}
{"target": -232.48311283702887, "params": {"gamma": 7.3496852448209316, "prior": 4.490688034848957, "rate": 6.978718718842435}, "datetime": {"datetime": "2024-04-12 13:57:23", "elapsed": 5.638254, "delta": 0.008055}}
{"target": -139.25409934151057, "params": {"gamma": 1.851248453020123, "prior": 0.7199360396407632, "rate": 3.78170775924343}, "datetime": {"datetime": "2024-04-12 13:57:23", "elapsed": 5.646497, "delta": 0.008243}}
{"target": -229.4081822123331, "params": {"gamma": 6.960269107944495, "prior": 1.1179018377977268, "rate": 1.959146502516249}, "datetime": {"datetime": "2024-04-12 13:57:24", "elapsed": 5.654545, "delta": 0.008048}}
{"target": -157.8710045417941, "params": {"gamma": 4.540072551414793, "prior": 6.249376977967096, "rate": 7.501492356441782}, "datetime": {"datetime": "2024-04-12 13:57:24", "elapsed": 5.662509, "delta": 0.007964}}
{"target": -122.33216191238694, "params": {"gamma": 1.0982404778352803, "prior": 6.283773710840847, "rate": 3.8742178609226636}, "datetime": {"datetime": "2024-04-12 13:57:24", "elapsed": 5.670514, "delta": 0.008005}}
{"target": -242.19680046540867, "params": {"gamma": 6.701233597109323, "prior": 2.115247738852826, "rate": 5.2796600565097815}, "datetime": {"datetime": "2024-04-12 13:57:24", "elapsed": 5.678421, "delta": 0.007907}}
{"target": -142.82665791409158, "params": {"gamma": 1.722453387004371, "prior": 0.2849419593641159, "rate": 4.870015513993148}, "datetime": {"datetime": "2024-04-12 13:57:24", "elapsed": 5.686461, "delta": 0.00804}}
{"target": -120.27468383487877, "params": {"gamma": 1.8425935878323698, "prior": 6.4195989670335365, "rate": 5.366211618584989}, "datetime": {"datetime": "2024-04-12 13:57:24", "elapsed": 5.694528, "delta": 0.008067}}
{"target": -271.0201706202531, "params": {"gamma": 7.74967885459746, "prior": 3.990303036078612, "rate": 9.894531856231692}, "datetime": {"datetime": "2024-04-12 13:57:24", "elapsed": 5.70259, "delta": 0.008062}}
{"target": -180.16601784971834, "params": {"gamma": 5.152631746924576, "prior": 4.84035167173617, "rate": 7.494675265050945}, "datetime": {"datetime": "2024-04-12 13:57:24", "elapsed": 5.710627, "delta": 0.008037}}
{"target": -186.3205988385583, "params": {"gamma": 5.727310244630862, "prior": 3.6884066412702516, "rate": 4.892958609815962}, "datetime": {"datetime": "2024-04-12 13:57:24", "elapsed": 5.71876, "delta": 0.008133}}
{"target": -122.22412146043442, "params": {"gamma": 1.8921946110135588, "prior": 3.9964758015389337, "rate": 0.30058756348796134}, "datetime": {"datetime": "2024-04-12 13:57:24", "elapsed": 5.72669, "delta": 0.00793}}
{"target": -175.9300403520463, "params": {"gamma": 4.625828074361687, "prior": 2.8172937167553513, "rate": 5.267631887725799}, "datetime": {"datetime": "2024-04-12 13:57:24", "elapsed": 5.734695, "delta": 0.008005}}
{"target": -135.34143997855884, "params": {"gamma": 0.2936919419097222, "prior": 5.595358988569528, "rate": 2.9306858383999437}, "datetime": {"datetime": "2024-04-12 13:57:24", "elapsed": 5.742766, "delta": 0.008071}}
{"target": -160.4291301305332, "params": {"gamma": 5.775329319454461, "prior": 7.35442154728753, "rate": 4.403937930137581}, "datetime": {"datetime": "2024-04-12 13:57:24", "elapsed": 5.750923, "delta": 0.008157}}
{"target": -264.948365878586, "params": {"gamma": 6.6319050719967745, "prior": 2.4652085532150996, "rate": 9.985992286776213}, "datetime": {"datetime": "2024-04-12 13:57:24", "elapsed": 5.758916, "delta": 0.007993}}
{"target": -116.86724360982734, "params": {"gamma": 2.4295423376760557, "prior": 9.414201302377094, "rate": 2.1729802841597885}, "datetime": {"datetime": "2024-04-12 13:57:24", "elapsed": 5.766992, "delta": 0.008076}}
{"target": -155.564823832898, "params": {"gamma": 4.97614628166607, "prior": 8.229651952438084, "rate": 7.166163879900548}, "datetime": {"datetime": "2024-04-12 13:57:24", "elapsed": 5.775078, "delta": 0.008086}}
{"target": -229.83934802564218, "params": {"gamma": 7.05609854079457, "prior": 4.460361543759608, "rate": 7.541996079526139}, "datetime": {"datetime": "2024-04-12 13:57:24", "elapsed": 5.78315, "delta": 0.008072}}
{"target": -263.1864088268353, "params": {"gamma": 9.199615816571573, "prior": 4.469382278626795, "rate": 5.2801268760628535}, "datetime": {"datetime": "2024-04-12 13:57:24", "elapsed": 5.791194, "delta": 0.008044}}
{"target": -128.65610374361245, "params": {"gamma": 0.6612898045823568, "prior": 3.968653429339858, "rate": 4.672918424766126}, "datetime": {"datetime": "2024-04-12 13:57:24", "elapsed": 5.799168, "delta": 0.007974}}
{"target": -363.0828622627127, "params": {"gamma": 8.951481970324929, "prior": 1.1945186585288683, "rate": 7.311644894386467}, "datetime": {"datetime": "2024-04-12 13:57:24", "elapsed": 5.807263, "delta": 0.008095}}
{"target": -164.33842821512127, "params": {"gamma": 5.455166214318647, "prior": 6.10470076211378, "rate": 0.2987996583514733}, "datetime": {"datetime": "2024-04-12 13:57:24", "elapsed": 5.815395, "delta": 0.008132}}
{"target": -126.04094150048223, "params": {"gamma": 1.4683270502280348, "prior": 2.911433932115233, "rate": 0.04971560748810713}, "datetime": {"datetime": "2024-04-12 13:57:24", "elapsed": 5.823492, "delta": 0.008097}}
{"target": -179.80361765600148, "params": {"gamma": 6.6919088201735715, "prior": 8.715553694333723, "rate": 5.470136124403138}, "datetime": {"datetime": "2024-04-12 13:57:24", "elapsed": 5.831574, "delta": 0.008082}}
{"target": -150.3602913985258, "params": {"gamma": 5.432097311144519, "prior": 6.195686693269069, "rate": 3.022512822657626}, "datetime": {"datetime": "2024-04-12 13:57:24", "elapsed": 5.83977, "delta": 0.008196}}
{"target": -146.9240164580095, "params": {"gamma": 3.6679530846277557, "prior": 5.7919033000498885, "rate": 8.092356620589728}, "datetime": {"datetime": "2024-04-12 13:57:24", "elapsed": 5.847815, "delta": 0.008045}}
{"target": -132.48009818209505, "params": {"gamma": 2.016764747447303, "prior": 3.3424881528980626, "rate": 7.429469582646582}, "datetime": {"datetime": "2024-04-12 13:57:24", "elapsed": 5.856009, "delta": 0.008194}}
{"target": -160.6612752973445, "params": {"gamma": 3.4098615710742886, "prior": 0.5713481941948949, "rate": 1.5644129298338398}, "datetime": {"datetime": "2024-04-12 13:57:24", "elapsed": 5.864164, "delta": 0.008155}}
{"target": -124.78978026381957, "params": {"gamma": 1.9394547317358086, "prior": 5.001612389355664, "rate": 6.351614485952291}, "datetime": {"datetime": "2024-04-12 13:57:24", "elapsed": 5.872321, "delta": 0.008157}}
{"target": -210.26179289231018, "params": {"gamma": 8.802319552208612, "prior": 9.035111908580227, "rate": 3.072300524082465}, "datetime": {"datetime": "2024-04-12 13:57:24", "elapsed": 5.880389, "delta": 0.008068}}
{"target": -226.32687690640162, "params": {"gamma": 7.534047351182733, "prior": 2.896037502533829, "rate": 3.686400120782994}, "datetime": {"datetime": "2024-04-12 13:57:24", "elapsed": 5.888442, "delta": 0.008053}}
{"target": -119.5374063004341, "params": {"gamma": 2.927972894369209, "prior": 4.195538288371103, "rate": 2.147942240988137}, "datetime": {"datetime": "2024-04-12 13:57:24", "elapsed": 5.896508, "delta": 0.008066}}
{"target": -174.47986820608784, "params": {"gamma": 3.1905410786954205, "prior": 1.3070061575118679, "rate": 9.63021937771575}, "datetime": {"datetime": "2024-04-12 13:57:24", "elapsed": 5.904577, "delta": 0.008069}}
{"target": -154.53647752574642, "params": {"gamma": 5.04032611097843, "prior": 9.238696757627771, "rate": 7.461855247593438}, "datetime": {"datetime": "2024-04-12 13:57:24", "elapsed": 5.912718, "delta": 0.008141}}
{"target": -147.2114596949133, "params": {"gamma": 4.577595171516512, "prior": 7.570760030550504, "rate": 6.280602762990652}, "datetime": {"datetime": "2024-04-12 13:57:24", "elapsed": 5.920919, "delta": 0.008201}}
{"target": -136.37748740101455, "params": {"gamma": 3.0382805830845347, "prior": 5.264427202791391, "rate": 7.123409644278645}, "datetime": {"datetime": "2024-04-12 13:57:24", "elapsed": 5.929059, "delta": 0.00814}}
{"target": -175.90219425016264, "params": {"gamma": 3.0538300009516193, "prior": 0.22397608517608533, "rate": 2.6833600285302275}, "datetime": {"datetime": "2024-04-12 13:57:24", "elapsed": 5.937197, "delta": 0.008138}}
{"target": -209.67301777566917, "params": {"gamma": 7.967658010425252, "prior": 9.306931580738663, "rate": 6.2536862178776484}, "datetime": {"datetime": "2024-04-12 13:57:24", "elapsed": 5.94526, "delta": 0.008063}}
{"target": -120.74806757306621, "params": {"gamma": 1.3289420383195298, "prior": 7.59994655654947, "rate": 5.269526555127393}, "datetime": {"datetime": "2024-04-12 13:57:24", "elapsed": 5.953451, "delta": 0.008191}}
{"target": -219.38081080759304, "params": {"gamma": 7.538936847140509, "prior": 8.600255860393125, "rate": 9.475467969467141}, "datetime": {"datetime": "2024-04-12 13:57:24", "elapsed": 5.961705, "delta": 0.008254}}
{"target": -186.9920620327072, "params": {"gamma": 6.545720808693693, "prior": 8.557156277442202, "rate": 7.426137988907772}, "datetime": {"datetime": "2024-04-12 13:57:24", "elapsed": 5.96981, "delta": 0.008105}}
{"target": -211.90829306667936, "params": {"gamma": 7.271284782848366, "prior": 8.60202848704295, "rate": 9.2301074044959}, "datetime": {"datetime": "2024-04-12 13:57:24", "elapsed": 5.977914, "delta": 0.008104}}
{"target": -208.34249162684577, "params": {"gamma": 9.020857939246921, "prior": 4.017927589495288, "rate": 0.8411287767074533}, "datetime": {"datetime": "2024-04-12 13:57:24", "elapsed": 5.986028, "delta": 0.008114}}
{"target": -232.75615136019417, "params": {"gamma": 8.295907610863033, "prior": 5.43542237774558, "rate": 5.421219471236491}, "datetime": {"datetime": "2024-04-12 13:57:24", "elapsed": 5.9941, "delta": 0.008072}}
{"target": -378.30912735844953, "params": {"gamma": 8.25192813033363, "prior": 0.4166434253201614, "rate": 8.779726226832842}, "datetime": {"datetime": "2024-04-12 13:57:24", "elapsed": 6.002174, "delta": 0.008074}}
{"target": -134.05216547286378, "params": {"gamma": 0.34730537937586553, "prior": 6.9626261279460415, "rate": 5.875257309024742}, "datetime": {"datetime": "2024-04-12 13:57:24", "elapsed": 6.010205, "delta": 0.008031}}
{"target": -178.24300651458395, "params": {"gamma": 6.417850059155134, "prior": 3.803393858608736, "rate": 2.755344804474391}, "datetime": {"datetime": "2024-04-12 13:57:24", "elapsed": 6.018437, "delta": 0.008232}}
{"target": -149.53615000386156, "params": {"gamma": 5.094576405806185, "prior": 8.869648859782243, "rate": 5.653331413985319}, "datetime": {"datetime": "2024-04-12 13:57:24", "elapsed": 6.026555, "delta": 0.008118}}
{"target": -232.8141580256356, "params": {"gamma": 6.631825765751704, "prior": 4.469654386439658, "rate": 9.7214187321274}, "datetime": {"datetime": "2024-04-12 13:57:24", "elapsed": 6.034645, "delta": 0.00809}}
{"target": -243.0553941894784, "params": {"gamma": 7.425482001064747, "prior": 3.613534857422657, "rate": 6.5356567956039315}, "datetime": {"datetime": "2024-04-12 13:57:24", "elapsed": 6.042685, "delta": 0.00804}}
{"target": -146.219945350061, "params": {"gamma": 5.426621502305332, "prior": 8.852156502548992, "rate": 2.7512654566030514}, "datetime": {"datetime": "2024-04-12 13:57:24", "elapsed": 6.050788, "delta": 0.008103}}
{"target": -126.70941074468735, "params": {"gamma": 1.0815667842382009, "prior": 1.9935933122375844, "rate": 3.8710752798182537}, "datetime": {"datetime": "2024-04-12 13:57:24", "elapsed": 6.058823, "delta": 0.008035}}
{"target": -286.72925100272346, "params": {"gamma": 8.54074388954821, "prior": 2.7813646469755744, "rate": 6.263961673283628}, "datetime": {"datetime": "2024-04-12 13:57:24", "elapsed": 6.066789, "delta": 0.007966}}
{"target": -163.82331374365435, "params": {"gamma": 6.235894458654538, "prior": 4.139666639944494, "rate": 0.504300961464858}, "datetime": {"datetime": "2024-04-12 13:57:24", "elapsed": 6.074811, "delta": 0.008022}}
{"target": -225.99022799742522, "params": {"gamma": 7.448593896451896, "prior": 3.027682790796424, "rate": 3.9851835072938524}, "datetime": {"datetime": "2024-04-12 13:57:24", "elapsed": 6.082966, "delta": 0.008155}}
{"target": -130.367474040926, "params": {"gamma": 3.7730184357375642, "prior": 6.669666053543827, "rate": 0.8642465348648255}, "datetime": {"datetime": "2024-04-12 13:57:24", "elapsed": 6.090987, "delta": 0.008021}}
{"target": -274.88419696412217, "params": {"gamma": 5.49934931479934, "prior": 0.25267604119823284, "rate": 9.830406796410628}, "datetime": {"datetime": "2024-04-12 13:57:24", "elapsed": 6.099104, "delta": 0.008117}}
{"target": -156.71380836031727, "params": {"gamma": 5.984673796657761, "prior": 3.902730857162644, "rate": 1.4683325593440997}, "datetime": {"datetime": "2024-04-12 13:57:24", "elapsed": 6.107315, "delta": 0.008211}}
{"target": -174.0377968995365, "params": {"gamma": 6.9690863860416155, "prior": 9.067503325394869, "rate": 3.1817694146938234}, "datetime": {"datetime": "2024-04-12 13:57:24", "elapsed": 6.115579, "delta": 0.008264}}
{"target": -285.1046591236503, "params": {"gamma": 7.665154954417642, "prior": 2.946231210207758, "rate": 9.57229619840156}, "datetime": {"datetime": "2024-04-12 13:57:24", "elapsed": 6.123821, "delta": 0.008242}}
{"target": -221.84318022116489, "params": {"gamma": 7.023455232193281, "prior": 6.287654372613879, "rate": 9.307416596768327}, "datetime": {"datetime": "2024-04-12 13:57:24", "elapsed": 6.132226, "delta": 0.008405}}
{"target": -121.83152858909682, "params": {"gamma": 2.6911548301319335, "prior": 9.243795888773532, "rate": 6.781151258305702}, "datetime": {"datetime": "2024-04-12 13:57:24", "elapsed": 6.140363, "delta": 0.008137}}
{"target": -237.57495398643636, "params": {"gamma": 7.713853709507418, "prior": 5.759189830706018, "rate": 8.339212870314833}, "datetime": {"datetime": "2024-04-12 13:57:24", "elapsed": 6.148709, "delta": 0.008346}}
{"target": -274.7405760313041, "params": {"gamma": 6.983119711119335, "prior": 1.551426147591399, "rate": 6.1249988251521215}, "datetime": {"datetime": "2024-04-12 13:57:24", "elapsed": 6.157031, "delta": 0.008322}}
{"target": -118.43978766019055, "params": {"gamma": 2.793924035827702, "prior": 9.167199358366272, "rate": 1.9831246698113274}, "datetime": {"datetime": "2024-04-12 13:57:24", "elapsed": 6.165138, "delta": 0.008107}}
{"target": -165.8521619597981, "params": {"gamma": 2.857879237217657, "prior": 0.5717815791998215, "rate": 4.476343861362332}, "datetime": {"datetime": "2024-04-12 13:57:24", "elapsed": 6.173208, "delta": 0.00807}}
{"target": -190.27234151479274, "params": {"gamma": 5.576320563895948, "prior": 5.778254717513243, "rate": 9.053868422216771}, "datetime": {"datetime": "2024-04-12 13:57:24", "elapsed": 6.181308, "delta": 0.0081}}
{"target": -151.881112753416, "params": {"gamma": 3.47479191407325, "prior": 4.5305309579534265, "rate": 8.512525387352474}, "datetime": {"datetime": "2024-04-12 13:57:24", "elapsed": 6.189448, "delta": 0.00814}}
{"target": -154.24401943372305, "params": {"gamma": 5.768716203017017, "prior": 6.574530055289563, "rate": 2.784314944612766}, "datetime": {"datetime": "2024-04-12 13:57:24", "elapsed": 6.19744, "delta": 0.007992}}
{"target": -138.9390614730233, "params": {"gamma": 4.875225544956866, "prior": 6.247428637046675, "rate": 1.3348069074222546}, "datetime": {"datetime": "2024-04-12 13:57:24", "elapsed": 6.205771, "delta": 0.008331}}
{"target": -134.28850360072926, "params": {"gamma": 0.3300542572087522, "prior": 1.222768911195179, "rate": 4.775133302320191}, "datetime": {"datetime": "2024-04-12 13:57:24", "elapsed": 6.241072, "delta": 0.035301}}
{"target": -136.92374363818672, "params": {"gamma": 0.24124331957345432, "prior": 6.299468398458495, "rate": 0.9767285971428687}, "datetime": {"datetime": "2024-04-12 13:57:24", "elapsed": 6.24954, "delta": 0.008468}}
{"target": -116.54005583027809, "params": {"gamma": 2.5103644156247413, "prior": 4.322280163976562, "rate": 1.159151640315784}, "datetime": {"datetime": "2024-04-12 13:57:24", "elapsed": 6.257811, "delta": 0.008271}}
{"target": -170.7776419311898, "params": {"gamma": 2.706249385980867, "prior": 0.3086887610715615, "rate": 9.850470490551084}, "datetime": {"datetime": "2024-04-12 13:57:24", "elapsed": 6.26611, "delta": 0.008299}}
{"target": -169.6299521447406, "params": {"gamma": 6.116124507605985, "prior": 3.8457030044689664, "rate": 0.2662569827533811}, "datetime": {"datetime": "2024-04-12 13:57:24", "elapsed": 6.27439, "delta": 0.00828}}
{"target": -162.81415875373173, "params": {"gamma": 3.8989976450014674, "prior": 4.580330401225699, "rate": 9.310100934451263}, "datetime": {"datetime": "2024-04-12 13:57:24", "elapsed": 6.282541, "delta": 0.008151}}
{"target": -128.64896592626278, "params": {"gamma": 2.7857632142087283, "prior": 6.186340721724661, "rate": 6.6520183774673525}, "datetime": {"datetime": "2024-04-12 13:57:24", "elapsed": 6.290784, "delta": 0.008243}}
{"target": -126.62911051442461, "params": {"gamma": 1.8604237369935928, "prior": 5.107057154965675, "rate": 7.86522112783649}, "datetime": {"datetime": "2024-04-12 13:57:24", "elapsed": 6.299106, "delta": 0.008322}}
{"target": -126.715732154893, "params": {"gamma": 0.966693765249707, "prior": 6.099749451872725, "rate": 0.261573266951244}, "datetime": {"datetime": "2024-04-12 13:57:24", "elapsed": 6.307257, "delta": 0.008151}}
{"target": -140.40864116727644, "params": {"gamma": 0.07146019137694642, "prior": 0.6893332106867064, "rate": 4.814523191031215}, "datetime": {"datetime": "2024-04-12 13:57:24", "elapsed": 6.315495, "delta": 0.008238}}
{"target": -212.05189354745838, "params": {"gamma": 9.257115382793618, "prior": 4.1150181029763395, "rate": 0.7512513607260716}, "datetime": {"datetime": "2024-04-12 13:57:24", "elapsed": 6.323669, "delta": 0.008174}}
{"target": -221.17677213819562, "params": {"gamma": 8.613663392355804, "prior": 5.241046096157358, "rate": 3.1900397533053235}, "datetime": {"datetime": "2024-04-12 13:57:24", "elapsed": 6.331949, "delta": 0.00828}}
{"target": -223.59159372527918, "params": {"gamma": 9.630360355507971, "prior": 9.388791508173545, "rate": 2.6009297005949668}, "datetime": {"datetime": "2024-04-12 13:57:24", "elapsed": 6.340183, "delta": 0.008234}}
{"target": -126.59958794478896, "params": {"gamma": 2.014717145283489, "prior": 5.930196162730165, "rate": 8.425339580205748}, "datetime": {"datetime": "2024-04-12 13:57:24", "elapsed": 6.348487, "delta": 0.008304}}
{"target": -121.08010434675175, "params": {"gamma": 3.3678741763608038, "prior": 5.90565127249619, "rate": 1.623287749788599}, "datetime": {"datetime": "2024-04-12 13:57:24", "elapsed": 6.356852, "delta": 0.008365}}
{"target": -117.38866259815023, "params": {"gamma": 1.94674275864618, "prior": 7.637218638321746, "rate": 1.5018345150591474}, "datetime": {"datetime": "2024-04-12 13:57:24", "elapsed": 6.365205, "delta": 0.008353}}
{"target": -132.69528894000405, "params": {"gamma": 2.659804503437227, "prior": 6.925999145458927, "rate": 0.15187798702215813}, "datetime": {"datetime": "2024-04-12 13:57:24", "elapsed": 6.373519, "delta": 0.008314}}
{"target": -134.54079280983134, "params": {"gamma": 0.3229118442818368, "prior": 2.946506806237884, "rate": 3.366895181942479}, "datetime": {"datetime": "2024-04-12 13:57:24", "elapsed": 6.381771, "delta": 0.008252}}
