{"target": -795.6983041158998, "params": {"gamma": 6.139097026322785, "lr": 0.3241385298974466}, "datetime": {"datetime": "2024-03-29 22:13:26", "elapsed": 1.607456, "delta": 0.003989}}
{"target": -519.2456218526897, "params": {"gamma": 4.574144456728294, "lr": 0.44411710701661444}, "datetime": {"datetime": "2024-03-29 22:13:26", "elapsed": 1.611446, "delta": 0.00399}}
{"target": -869.8862348161276, "params": {"gamma": 8.281525471954389, "lr": 0.4263481542362306}, "datetime": {"datetime": "2024-03-29 22:13:26", "elapsed": 1.614438, "delta": 0.002992}}
{"target": -537.8132950608198, "params": {"gamma": 3.4576425129338477, "lr": 0.6749716048091052}, "datetime": {"datetime": "2024-03-29 22:13:26", "elapsed": 1.619425, "delta": 0.004987}}
{"target": -269.41262082937925, "params": {"gamma": 2.215599075279554, "lr": 0.4672458239265538}, "datetime": {"datetime": "2024-03-29 22:13:26", "elapsed": 1.624412, "delta": 0.004987}}
{"target": -453.7888012800776, "params": {"gamma": 3.1483421075528404, "lr": 0.6268556021628346}, "datetime": {"datetime": "2024-03-29 22:13:26", "elapsed": 1.627404, "delta": 0.002992}}
{"target": -923.0933672812022, "params": {"gamma": 8.773727386473432, "lr": 0.4476890001456285}, "datetime": {"datetime": "2024-03-29 22:13:26", "elapsed": 1.631393, "delta": 0.003989}}
{"target": -857.3155804058946, "params": {"gamma": 7.84478973050044, "lr": 0.4569657005615504}, "datetime": {"datetime": "2024-03-29 22:13:26", "elapsed": 1.635382, "delta": 0.003989}}
{"target": -1661.3513609768272, "params": {"gamma": 6.562637087839597, "lr": 0.13184097502750214}, "datetime": {"datetime": "2024-03-29 22:13:26", "elapsed": 1.639372, "delta": 0.00399}}
{"target": -844.4754549346192, "params": {"gamma": 4.3303820881695145, "lr": 0.9093119886549367}, "datetime": {"datetime": "2024-03-29 22:13:26", "elapsed": 1.642364, "delta": 0.002992}}
{"target": -1035.4032764723538, "params": {"gamma": 6.055184531308316, "lr": 0.7667745872371021}, "datetime": {"datetime": "2024-03-29 22:13:26", "elapsed": 1.646353, "delta": 0.003989}}
{"target": -560.7638458064858, "params": {"gamma": 5.047501380350848, "lr": 0.49805562482800747}, "datetime": {"datetime": "2024-03-29 22:13:26", "elapsed": 1.650342, "delta": 0.003989}}
{"target": -3053.3996982780495, "params": {"gamma": 8.429155502088307, "lr": 0.06780693434095375}, "datetime": {"datetime": "2024-03-29 22:13:26", "elapsed": 1.653334, "delta": 0.002992}}
{"target": -1139.5002892129096, "params": {"gamma": 5.733149443225297, "lr": 0.9427625754329493}, "datetime": {"datetime": "2024-03-29 22:13:26", "elapsed": 1.657323, "delta": 0.003989}}
{"target": -903.9394750726269, "params": {"gamma": 5.179082621675048, "lr": 0.1944658095278845}, "datetime": {"datetime": "2024-03-29 22:13:26", "elapsed": 1.661312, "delta": 0.003989}}
{"target": -1152.9492635012264, "params": {"gamma": 8.479545985042318, "lr": 0.25163914235585283}, "datetime": {"datetime": "2024-03-29 22:13:26", "elapsed": 1.665301, "delta": 0.003989}}
{"target": -904.2639078017258, "params": {"gamma": 7.007559638788898, "lr": 0.5402609403968999}, "datetime": {"datetime": "2024-03-29 22:13:26", "elapsed": 1.668292, "delta": 0.002991}}
{"target": -1295.1134339557855, "params": {"gamma": 9.488414046513915, "lr": 0.6243367024026759}, "datetime": {"datetime": "2024-03-29 22:13:26", "elapsed": 1.672282, "delta": 0.00399}}
{"target": -3035.6096033650238, "params": {"gamma": 8.379941642515245, "lr": 0.007932876194523097}, "datetime": {"datetime": "2024-03-29 22:13:26", "elapsed": 1.676271, "delta": 0.003989}}
{"target": -3582.715179102264, "params": {"gamma": 9.893411221610213, "lr": 0.07771457033238649}, "datetime": {"datetime": "2024-03-29 22:13:26", "elapsed": 1.68026, "delta": 0.003989}}
{"target": -650.1319718266809, "params": {"gamma": 3.2219730066340815, "lr": 0.9461523954567653}, "datetime": {"datetime": "2024-03-29 22:13:26", "elapsed": 1.685248, "delta": 0.004988}}
{"target": -137.8220686584668, "params": {"gamma": 0.09038208461007943, "lr": 0.8227300054219355}, "datetime": {"datetime": "2024-03-29 22:13:26", "elapsed": 1.690234, "delta": 0.004986}}
{"target": -955.4607498857467, "params": {"gamma": 8.612255172029577, "lr": 0.4398308142085725}, "datetime": {"datetime": "2024-03-29 22:13:26", "elapsed": 1.696218, "delta": 0.005984}}
{"target": -468.05125743783015, "params": {"gamma": 2.558196192865506, "lr": 0.8026895196332986}, "datetime": {"datetime": "2024-03-29 22:13:26", "elapsed": 1.701204, "delta": 0.004986}}
{"target": -1214.860867005462, "params": {"gamma": 4.77914218231778, "lr": 0.13433860865569613}, "datetime": {"datetime": "2024-03-29 22:13:26", "elapsed": 1.707187, "delta": 0.005983}}
{"target": -1766.4094498630327, "params": {"gamma": 9.278562079257282, "lr": 0.8959699670066484}, "datetime": {"datetime": "2024-03-29 22:13:26", "elapsed": 1.712175, "delta": 0.004988}}
{"target": -917.5247577443594, "params": {"gamma": 4.915959955019337, "lr": 0.8567024965177922}, "datetime": {"datetime": "2024-03-29 22:13:26", "elapsed": 1.717162, "delta": 0.004987}}
{"target": -645.0946619774628, "params": {"gamma": 4.1863616796152225, "lr": 0.6834649001663011}, "datetime": {"datetime": "2024-03-29 22:13:26", "elapsed": 1.721151, "delta": 0.003989}}
{"target": -525.2901140446255, "params": {"gamma": 3.9805084034398166, "lr": 0.5057420174508104}, "datetime": {"datetime": "2024-03-29 22:13:26", "elapsed": 1.724143, "delta": 0.002992}}
{"target": -397.5781058983161, "params": {"gamma": 1.896327476636439, "lr": 0.9649889241109139}, "datetime": {"datetime": "2024-03-29 22:13:26", "elapsed": 1.729128, "delta": 0.004985}}
{"target": -894.8094262963793, "params": {"gamma": 2.9428626667543027, "lr": 0.10345955611640134}, "datetime": {"datetime": "2024-03-29 22:13:26", "elapsed": 1.735112, "delta": 0.005984}}
{"target": -536.9602656302783, "params": {"gamma": 1.4440096868902519, "lr": 0.014092294192442956}, "datetime": {"datetime": "2024-03-29 22:13:26", "elapsed": 1.740099, "delta": 0.004987}}
{"target": -937.5189503175618, "params": {"gamma": 7.1597410489244835, "lr": 0.5644983202408741}, "datetime": {"datetime": "2024-03-29 22:13:26", "elapsed": 1.744088, "delta": 0.003989}}
{"target": -1022.3039860489401, "params": {"gamma": 7.945988933496338, "lr": 0.5070799232841364}, "datetime": {"datetime": "2024-03-29 22:13:26", "elapsed": 1.748077, "delta": 0.003989}}
{"target": -1199.4593380578644, "params": {"gamma": 7.918418574002035, "lr": 0.6957642142718394}, "datetime": {"datetime": "2024-03-29 22:13:26", "elapsed": 1.752066, "delta": 0.003989}}
{"target": -818.4193308540337, "params": {"gamma": 7.778706920114895, "lr": 0.4064828689770863}, "datetime": {"datetime": "2024-03-29 22:13:26", "elapsed": 1.756056, "delta": 0.00399}}
{"target": -1189.0181950559536, "params": {"gamma": 6.478058561241625, "lr": 0.1797942976929744}, "datetime": {"datetime": "2024-03-29 22:13:26", "elapsed": 1.76063, "delta": 0.004574}}
{"target": -603.9119825371085, "params": {"gamma": 3.2188778139156518, "lr": 0.1726046201197925}, "datetime": {"datetime": "2024-03-29 22:13:26", "elapsed": 1.764619, "delta": 0.003989}}
{"target": -549.8778402945039, "params": {"gamma": 4.086963612907611, "lr": 0.2414187479655988}, "datetime": {"datetime": "2024-03-29 22:13:26", "elapsed": 1.767611, "delta": 0.002992}}
{"target": -814.6809626610367, "params": {"gamma": 4.069813019299451, "lr": 0.9752223424373121}, "datetime": {"datetime": "2024-03-29 22:13:26", "elapsed": 1.7716, "delta": 0.003989}}
{"target": -646.6341373697112, "params": {"gamma": 3.2038729388944907, "lr": 0.9824909449748953}, "datetime": {"datetime": "2024-03-29 22:13:26", "elapsed": 1.775589, "delta": 0.003989}}
{"target": -683.0758405633806, "params": {"gamma": 6.363424952433981, "lr": 0.375091018393911}, "datetime": {"datetime": "2024-03-29 22:13:26", "elapsed": 1.781572, "delta": 0.005983}}
{"target": -1172.7745158042994, "params": {"gamma": 8.574987506336882, "lr": 0.6195867393685738}, "datetime": {"datetime": "2024-03-29 22:13:26", "elapsed": 1.784564, "delta": 0.002992}}
{"target": -445.9784416878091, "params": {"gamma": 2.521078768228263, "lr": 0.7928556779768876}, "datetime": {"datetime": "2024-03-29 22:13:26", "elapsed": 1.788553, "delta": 0.003989}}
{"target": -487.183072699699, "params": {"gamma": 4.329952148832897, "lr": 0.3575111673304414}, "datetime": {"datetime": "2024-03-29 22:13:26", "elapsed": 1.792544, "delta": 0.003991}}
{"target": -515.2266307124423, "params": {"gamma": 3.3034390883142843, "lr": 0.6973688756131394}, "datetime": {"datetime": "2024-03-29 22:13:26", "elapsed": 1.796533, "delta": 0.003989}}
{"target": -489.79839566686854, "params": {"gamma": 2.6872325889383593, "lr": 0.8082780137053801}, "datetime": {"datetime": "2024-03-29 22:13:26", "elapsed": 1.799525, "delta": 0.002992}}
{"target": -398.82746086897333, "params": {"gamma": 2.953592655204078, "lr": 0.5441213835853572}, "datetime": {"datetime": "2024-03-29 22:13:26", "elapsed": 1.803514, "delta": 0.003989}}
{"target": -910.936413180941, "params": {"gamma": 4.879726996560219, "lr": 0.8553564125953698}, "datetime": {"datetime": "2024-03-29 22:13:26", "elapsed": 1.807502, "delta": 0.003988}}
{"target": -1537.1988312531987, "params": {"gamma": 8.883975957519464, "lr": 0.18438444236776674}, "datetime": {"datetime": "2024-03-29 22:13:26", "elapsed": 1.811493, "delta": 0.003991}}
{"target": -1121.2928923400812, "params": {"gamma": 5.853899240923573, "lr": 0.8982050460171371}, "datetime": {"datetime": "2024-03-29 22:13:26", "elapsed": 1.815482, "delta": 0.003989}}
{"target": -891.0600024375458, "params": {"gamma": 4.461726073125263, "lr": 0.9218683054838154}, "datetime": {"datetime": "2024-03-29 22:13:26", "elapsed": 1.819471, "delta": 0.003989}}
{"target": -403.07895153811654, "params": {"gamma": 2.790629913679252, "lr": 0.6088311741937957}, "datetime": {"datetime": "2024-03-29 22:13:26", "elapsed": 1.82346, "delta": 0.003989}}
{"target": -900.7071708263921, "params": {"gamma": 6.824854643958388, "lr": 0.2282057333504841}, "datetime": {"datetime": "2024-03-29 22:13:26", "elapsed": 1.828447, "delta": 0.004987}}
{"target": -133.56574504845116, "params": {"gamma": 0.13866135806461027, "lr": 0.4167239623706961}, "datetime": {"datetime": "2024-03-29 22:13:26", "elapsed": 1.834431, "delta": 0.005984}}
{"target": -1029.0618946755717, "params": {"gamma": 9.384880436675484, "lr": 0.34302810983040655}, "datetime": {"datetime": "2024-03-29 22:13:26", "elapsed": 1.83842, "delta": 0.003989}}
{"target": -1426.488084154013, "params": {"gamma": 7.7976632105305175, "lr": 0.17473631282740743}, "datetime": {"datetime": "2024-03-29 22:13:26", "elapsed": 1.841412, "delta": 0.002992}}
{"target": -718.7050723460167, "params": {"gamma": 3.420186410188222, "lr": 0.14459772083809674}, "datetime": {"datetime": "2024-03-29 22:13:26", "elapsed": 1.845401, "delta": 0.003989}}
{"target": -1087.7505631271642, "params": {"gamma": 7.167991370649615, "lr": 0.6993076236968142}, "datetime": {"datetime": "2024-03-29 22:13:26", "elapsed": 1.84939, "delta": 0.003989}}
{"target": -939.4155659065851, "params": {"gamma": 6.88528468217124, "lr": 0.25339603448629966}, "datetime": {"datetime": "2024-03-29 22:13:26", "elapsed": 1.853379, "delta": 0.003989}}
{"target": -913.42637324414, "params": {"gamma": 6.923908856112466, "lr": 0.22729754091594956}, "datetime": {"datetime": "2024-03-29 22:13:26", "elapsed": 1.857368, "delta": 0.003989}}
{"target": -468.74680351873684, "params": {"gamma": 4.247066510197466, "lr": 0.37192212166768723}, "datetime": {"datetime": "2024-03-29 22:13:26", "elapsed": 1.861357, "delta": 0.003989}}
{"target": -1291.9863728982825, "params": {"gamma": 3.553723808289602, "lr": 0.05765480724125638}, "datetime": {"datetime": "2024-03-29 22:13:26", "elapsed": 1.865346, "delta": 0.003989}}
{"target": -954.8064267698618, "params": {"gamma": 6.316834622032531, "lr": 0.7073166026816995}, "datetime": {"datetime": "2024-03-29 22:13:26", "elapsed": 1.869335, "delta": 0.003989}}
{"target": -867.9093202706849, "params": {"gamma": 6.136273356333854, "lr": 0.6483127561631246}, "datetime": {"datetime": "2024-03-29 22:13:26", "elapsed": 1.874322, "delta": 0.004987}}
{"target": -375.8356006304752, "params": {"gamma": 1.7002372014583604, "lr": 0.14944679893886248}, "datetime": {"datetime": "2024-03-29 22:13:26", "elapsed": 1.878311, "delta": 0.003989}}
{"target": -978.7456235273255, "params": {"gamma": 5.142236260215303, "lr": 0.8753327263545391}, "datetime": {"datetime": "2024-03-29 22:13:26", "elapsed": 1.8823, "delta": 0.003989}}
{"target": -233.72018099002443, "params": {"gamma": 1.8403504620306732, "lr": 0.4628391187082599}, "datetime": {"datetime": "2024-03-29 22:13:26", "elapsed": 1.887287, "delta": 0.004987}}
{"target": -481.11281329670175, "params": {"gamma": 4.289894407965, "lr": 0.4972891859195163}, "datetime": {"datetime": "2024-03-29 22:13:26", "elapsed": 1.893271, "delta": 0.005984}}
{"target": -208.75751559568067, "params": {"gamma": 1.6159461940896331, "lr": 0.34244064113481054}, "datetime": {"datetime": "2024-03-29 22:13:26", "elapsed": 1.898257, "delta": 0.004986}}
{"target": -503.05582665223056, "params": {"gamma": 2.6195421606310987, "lr": 0.844526943229479}, "datetime": {"datetime": "2024-03-29 22:13:26", "elapsed": 1.902246, "delta": 0.003989}}
{"target": -841.4281926528937, "params": {"gamma": 8.003522125518241, "lr": 0.4266391582681436}, "datetime": {"datetime": "2024-03-29 22:13:26", "elapsed": 1.906236, "delta": 0.00399}}
{"target": -1254.3555762769713, "params": {"gamma": 6.070547592429601, "lr": 0.14546561026621996}, "datetime": {"datetime": "2024-03-29 22:13:26", "elapsed": 1.910225, "delta": 0.003989}}
{"target": -683.7740359966033, "params": {"gamma": 5.096623328881369, "lr": 0.29694708578690454}, "datetime": {"datetime": "2024-03-29 22:13:26", "elapsed": 1.913217, "delta": 0.002992}}
{"target": -1300.4530136058834, "params": {"gamma": 8.596649884738442, "lr": 0.6715983809063899}, "datetime": {"datetime": "2024-03-29 22:13:26", "elapsed": 1.917207, "delta": 0.00399}}
{"target": -1654.6390748730553, "params": {"gamma": 6.335106652211588, "lr": 0.12475130006917923}, "datetime": {"datetime": "2024-03-29 22:13:26", "elapsed": 1.921197, "delta": 0.00399}}
{"target": -938.8083088872182, "params": {"gamma": 4.706408207109359, "lr": 0.9865727795868815}, "datetime": {"datetime": "2024-03-29 22:13:26", "elapsed": 1.925186, "delta": 0.003989}}
{"target": -1327.584699704979, "params": {"gamma": 9.483043441552578, "lr": 0.6450856402604436}, "datetime": {"datetime": "2024-03-29 22:13:26", "elapsed": 1.929175, "delta": 0.003989}}
{"target": -248.90267027376368, "params": {"gamma": 1.5180969854487043, "lr": 0.639126848719905}, "datetime": {"datetime": "2024-03-29 22:13:26", "elapsed": 1.932166, "delta": 0.002991}}
{"target": -625.1608222862659, "params": {"gamma": 5.657055463326731, "lr": 0.468665837661252}, "datetime": {"datetime": "2024-03-29 22:13:26", "elapsed": 1.936155, "delta": 0.003989}}
{"target": -586.0418157613103, "params": {"gamma": 4.280946657213234, "lr": 0.5992697556580301}, "datetime": {"datetime": "2024-03-29 22:13:26", "elapsed": 1.940146, "delta": 0.003991}}
{"target": -1446.9187192021254, "params": {"gamma": 8.499848915271139, "lr": 0.7511210403719374}, "datetime": {"datetime": "2024-03-29 22:13:26", "elapsed": 1.944134, "delta": 0.003988}}
{"target": -1151.4109280997209, "params": {"gamma": 5.794026042432034, "lr": 0.9247041815360281}, "datetime": {"datetime": "2024-03-29 22:13:26", "elapsed": 1.948124, "delta": 0.00399}}
{"target": -183.7627379240367, "params": {"gamma": 0.6483350944320471, "lr": 0.9913465087318091}, "datetime": {"datetime": "2024-03-29 22:13:26", "elapsed": 1.952113, "delta": 0.003989}}
{"target": -154.97347010160274, "params": {"gamma": 0.5308924321372274, "lr": 0.19949554613856135}, "datetime": {"datetime": "2024-03-29 22:13:26", "elapsed": 1.955105, "delta": 0.002992}}
{"target": -1279.5162928084842, "params": {"gamma": 4.228103863783965, "lr": 0.10750887618516769}, "datetime": {"datetime": "2024-03-29 22:13:26", "elapsed": 1.959094, "delta": 0.003989}}
{"target": -2261.0487724883146, "params": {"gamma": 6.2370804395660215, "lr": 0.047992564048867314}, "datetime": {"datetime": "2024-03-29 22:13:26", "elapsed": 1.963083, "delta": 0.003989}}
{"target": -1037.5078003798405, "params": {"gamma": 2.8469541861884147, "lr": 0.06103668111967109}, "datetime": {"datetime": "2024-03-29 22:13:26", "elapsed": 1.96807, "delta": 0.004987}}
{"target": -1068.0316873803724, "params": {"gamma": 7.035489791719707, "lr": 0.668456167589482}, "datetime": {"datetime": "2024-03-29 22:13:26", "elapsed": 1.974054, "delta": 0.005984}}
{"target": -666.5521880875946, "params": {"gamma": 3.7864273519127716, "lr": 0.1881942600298212}, "datetime": {"datetime": "2024-03-29 22:13:26", "elapsed": 1.97904, "delta": 0.004986}}
{"target": -823.3974037161425, "params": {"gamma": 7.4703012854704225, "lr": 0.34037929076546725}, "datetime": {"datetime": "2024-03-29 22:13:26", "elapsed": 1.985023, "delta": 0.005983}}
{"target": -868.8430569768389, "params": {"gamma": 7.953216372889023, "lr": 0.4879009391796203}, "datetime": {"datetime": "2024-03-29 22:13:26", "elapsed": 1.99001, "delta": 0.004987}}
{"target": -1906.9413921223204, "params": {"gamma": 5.257168774065444, "lr": 0.028490849491567216}, "datetime": {"datetime": "2024-03-29 22:13:26", "elapsed": 1.995993, "delta": 0.005983}}
{"target": -713.1154272166174, "params": {"gamma": 6.442675966770439, "lr": 0.3506565024321674}, "datetime": {"datetime": "2024-03-29 22:13:26", "elapsed": 2.00098, "delta": 0.004987}}
{"target": -279.5573094467104, "params": {"gamma": 2.292821067893365, "lr": 0.4338833762117006}, "datetime": {"datetime": "2024-03-29 22:13:26", "elapsed": 2.004969, "delta": 0.003989}}
{"target": -432.6096860271922, "params": {"gamma": 3.825292105251905, "lr": 0.46978904008636024}, "datetime": {"datetime": "2024-03-29 22:13:26", "elapsed": 2.008958, "delta": 0.003989}}
{"target": -1049.3248810493233, "params": {"gamma": 9.794854058443883, "lr": 0.36437807036823044}, "datetime": {"datetime": "2024-03-29 22:13:26", "elapsed": 2.012948, "delta": 0.00399}}
{"target": -1011.9487488414966, "params": {"gamma": 7.744326923227059, "lr": 0.5527675965498925}, "datetime": {"datetime": "2024-03-29 22:13:26", "elapsed": 2.016937, "delta": 0.003989}}
{"target": -976.0404077385778, "params": {"gamma": 8.891421759985722, "lr": 0.354952851149572}, "datetime": {"datetime": "2024-03-29 22:13:26", "elapsed": 2.020926, "delta": 0.003989}}
{"target": -491.36749016298756, "params": {"gamma": 2.455941283184888, "lr": 0.9110192396569683}, "datetime": {"datetime": "2024-03-29 22:13:26", "elapsed": 2.024915, "delta": 0.003989}}
{"target": -157.24264692471036, "params": {"gamma": 0.43629910331389593, "lr": 0.9507534280610023}, "datetime": {"datetime": "2024-03-29 22:13:26", "elapsed": 2.029902, "delta": 0.004987}}
{"target": -600.3094208797468, "params": {"gamma": 5.5645127497935825, "lr": 0.3763632166870875}, "datetime": {"datetime": "2024-03-29 22:13:26", "elapsed": 2.034889, "delta": 0.004987}}
{"target": -3603.362667908389, "params": {"gamma": 9.950528171068772, "lr": 0.05836264614763165}, "datetime": {"datetime": "2024-03-29 22:13:26", "elapsed": 2.040872, "delta": 0.005983}}
{"target": -1874.5618219660792, "params": {"gamma": 5.167546891316355, "lr": 0.03109707545554785}, "datetime": {"datetime": "2024-03-29 22:13:26", "elapsed": 2.04586, "delta": 0.004988}}
{"target": -1051.2423649790574, "params": {"gamma": 5.712186216123149, "lr": 0.18046850899511557}, "datetime": {"datetime": "2024-03-29 22:13:26", "elapsed": 2.051844, "delta": 0.005984}}
{"target": -1252.387171493137, "params": {"gamma": 6.309961044194965, "lr": 0.9809236757505815}, "datetime": {"datetime": "2024-03-29 22:13:26", "elapsed": 2.05683, "delta": 0.004986}}
{"target": -920.5770574326393, "params": {"gamma": 8.749150609572597, "lr": 0.45183624942087064}, "datetime": {"datetime": "2024-03-29 22:13:26", "elapsed": 2.062813, "delta": 0.005983}}
{"target": -1208.662321793032, "params": {"gamma": 7.084900239647121, "lr": 0.7774687500031893}, "datetime": {"datetime": "2024-03-29 22:13:26", "elapsed": 2.0678, "delta": 0.004987}}
{"target": -645.9923024296994, "params": {"gamma": 4.9489359987414545, "lr": 0.5285334901775651}, "datetime": {"datetime": "2024-03-29 22:13:26", "elapsed": 2.073784, "delta": 0.005984}}
{"target": -199.0698450558369, "params": {"gamma": 1.5086931993235537, "lr": 0.36939992561190627}, "datetime": {"datetime": "2024-03-29 22:13:26", "elapsed": 2.07877, "delta": 0.004986}}
{"target": -247.00963824903027, "params": {"gamma": 1.4230703094747938, "lr": 0.7268937533445626}, "datetime": {"datetime": "2024-03-29 22:13:26", "elapsed": 2.084754, "delta": 0.005984}}
{"target": -514.5589825202131, "params": {"gamma": 4.770652931028231, "lr": 0.44887883670676554}, "datetime": {"datetime": "2024-03-29 22:13:26", "elapsed": 2.089741, "delta": 0.004987}}
{"target": -1137.3624031021081, "params": {"gamma": 8.860093713682348, "lr": 0.5276187723115614}, "datetime": {"datetime": "2024-03-29 22:13:26", "elapsed": 2.09373, "delta": 0.003989}}
{"target": -566.2117200531145, "params": {"gamma": 4.091499228336683, "lr": 0.26889202221264585}, "datetime": {"datetime": "2024-03-29 22:13:26", "elapsed": 2.09772, "delta": 0.00399}}
{"target": -139.50332061976118, "params": {"gamma": 0.7210483396625298, "lr": 0.4181361337253158}, "datetime": {"datetime": "2024-03-29 22:13:26", "elapsed": 2.101709, "delta": 0.003989}}
{"target": -133.213138407606, "params": {"gamma": 0.25850907058342715, "lr": 0.29115394055242805}, "datetime": {"datetime": "2024-03-29 22:13:26", "elapsed": 2.105697, "delta": 0.003988}}
{"target": -1003.1035655511346, "params": {"gamma": 5.035591588974117, "lr": 0.9659330650197223}, "datetime": {"datetime": "2024-03-29 22:13:26", "elapsed": 2.109686, "delta": 0.003989}}
