{"target": -635.1480300292476, "params": {"gamma": 4.170803025021038, "lr": 0.7203244934421581}, "datetime": {"datetime": "2024-03-29 22:13:24", "elapsed": 0.0, "delta": 0.0}}
{"target": -141.9522027852898, "params": {"gamma": 0.002143633798631522, "lr": 0.30233257263183977}, "datetime": {"datetime": "2024-03-29 22:13:24", "elapsed": 0.006981, "delta": 0.006981}}
{"target": -491.17405437542953, "params": {"gamma": 1.4684121522803133, "lr": 0.0923385947687978}, "datetime": {"datetime": "2024-03-29 22:13:24", "elapsed": 0.011968, "delta": 0.004987}}
{"target": -232.13568424357592, "params": {"gamma": 1.8634158535653313, "lr": 0.34556072704304774}, "datetime": {"datetime": "2024-03-29 22:13:24", "elapsed": 0.017952, "delta": 0.005984}}
{"target": -523.7721723157823, "params": {"gamma": 3.968277974832469, "lr": 0.538816734003357}, "datetime": {"datetime": "2024-03-29 22:13:24", "elapsed": 0.024935, "delta": 0.006983}}
{"target": -646.0050676622147, "params": {"gamma": 4.192525949518545, "lr": 0.6852195003967595}, "datetime": {"datetime": "2024-03-29 22:13:24", "elapsed": 0.029919, "delta": 0.004984}}
{"target": -409.6865090974566, "params": {"gamma": 2.045318045065443, "lr": 0.8781174363909454}, "datetime": {"datetime": "2024-03-29 22:13:24", "elapsed": 0.034906, "delta": 0.004987}}
{"target": -136.14139219631926, "params": {"gamma": 0.2748485443860637, "lr": 0.6704675101784022}, "datetime": {"datetime": "2024-03-29 22:13:24", "elapsed": 0.039893, "delta": 0.004987}}
{"target": -558.6136801310445, "params": {"gamma": 4.173630718868903, "lr": 0.5586898284457517}, "datetime": {"datetime": "2024-03-29 22:13:24", "elapsed": 0.045876, "delta": 0.005983}}
{"target": -271.0232692347483, "params": {"gamma": 1.4047289990137424, "lr": 0.1981014890848788}, "datetime": {"datetime": "2024-03-29 22:13:24", "elapsed": 0.050863, "delta": 0.004987}}
{"target": -1584.8912371118693, "params": {"gamma": 8.00764494218669, "lr": 0.9682615757193975}, "datetime": {"datetime": "2024-03-29 22:13:24", "elapsed": 0.056847, "delta": 0.005984}}
{"target": -490.6074891978646, "params": {"gamma": 3.1349283574142692, "lr": 0.6923226156693141}, "datetime": {"datetime": "2024-03-29 22:13:24", "elapsed": 0.061833, "delta": 0.004986}}
{"target": -1669.4400075859364, "params": {"gamma": 8.764015133808087, "lr": 0.8946066635038473}, "datetime": {"datetime": "2024-03-29 22:13:24", "elapsed": 0.067818, "delta": 0.005985}}
{"target": -332.7230589996618, "params": {"gamma": 0.8513570694864094, "lr": 0.03905478323288236}, "datetime": {"datetime": "2024-03-29 22:13:24", "elapsed": 0.073802, "delta": 0.005984}}
{"target": -348.5967259874051, "params": {"gamma": 1.6991343652261244, "lr": 0.8781425034294131}, "datetime": {"datetime": "2024-03-29 22:13:24", "elapsed": 0.079785, "delta": 0.005983}}
{"target": -154.8887619217568, "params": {"gamma": 0.9843699914966679, "lr": 0.42110762500505217}, "datetime": {"datetime": "2024-03-29 22:13:24", "elapsed": 0.085771, "delta": 0.005986}}
{"target": -1227.876304130134, "params": {"gamma": 9.578937411974868, "lr": 0.5331652849730171}, "datetime": {"datetime": "2024-03-29 22:13:24", "elapsed": 0.091752, "delta": 0.005981}}
{"target": -893.4703567215953, "params": {"gamma": 6.919079262390784, "lr": 0.31551563100606295}, "datetime": {"datetime": "2024-03-29 22:13:24", "elapsed": 0.097737, "delta": 0.005985}}
{"target": -1272.6055420261166, "params": {"gamma": 6.865322775888155, "lr": 0.8346256718973729}, "datetime": {"datetime": "2024-03-29 22:13:24", "elapsed": 0.103721, "delta": 0.005984}}
{"target": -136.57539937252085, "params": {"gamma": 0.18386448516457388, "lr": 0.7501443149449675}, "datetime": {"datetime": "2024-03-29 22:13:24", "elapsed": 0.109705, "delta": 0.005984}}
{"target": -1535.327032194493, "params": {"gamma": 9.88862202797604, "lr": 0.7481656543798394}, "datetime": {"datetime": "2024-03-29 22:13:24", "elapsed": 0.115688, "delta": 0.005983}}
{"target": -492.4579965930944, "params": {"gamma": 2.8051594766519874, "lr": 0.7892793284514885}, "datetime": {"datetime": "2024-03-29 22:13:24", "elapsed": 0.120675, "delta": 0.004987}}
{"target": -162.26398361030314, "params": {"gamma": 1.0331568397698425, "lr": 0.44789352617590517}, "datetime": {"datetime": "2024-03-29 22:13:24", "elapsed": 0.126658, "delta": 0.005983}}
{"target": -1203.7994664818586, "params": {"gamma": 9.086046435427862, "lr": 0.2936141483736795}, "datetime": {"datetime": "2024-03-29 22:13:24", "elapsed": 0.132642, "delta": 0.005984}}
{"target": -740.426321521782, "params": {"gamma": 2.878465610524901, "lr": 0.13002857211827767}, "datetime": {"datetime": "2024-03-29 22:13:24", "elapsed": 0.138629, "delta": 0.005987}}
{"target": -135.1409930606332, "params": {"gamma": 0.19465021174510047, "lr": 0.678835532939891}, "datetime": {"datetime": "2024-03-29 22:13:24", "elapsed": 0.142616, "delta": 0.003987}}
{"target": -308.4734509230617, "params": {"gamma": 2.1170695318845905, "lr": 0.2655466593722262}, "datetime": {"datetime": "2024-03-29 22:13:24", "elapsed": 0.146605, "delta": 0.003989}}
{"target": -1783.775953194179, "params": {"gamma": 4.916240019644103, "lr": 0.053362545117080384}, "datetime": {"datetime": "2024-03-29 22:13:24", "elapsed": 0.150594, "delta": 0.003989}}
{"target": -1187.7793460993587, "params": {"gamma": 5.741601937314639, "lr": 0.14672857490581015}, "datetime": {"datetime": "2024-03-29 22:13:24", "elapsed": 0.153585, "delta": 0.002991}}
{"target": -898.1821563891052, "params": {"gamma": 5.89346606349594, "lr": 0.6997583600209312}, "datetime": {"datetime": "2024-03-29 22:13:24", "elapsed": 0.157575, "delta": 0.00399}}
{"target": -157.58278440318514, "params": {"gamma": 1.0242419538494305, "lr": 0.4140559878195683}, "datetime": {"datetime": "2024-03-29 22:13:24", "elapsed": 0.160567, "delta": 0.002992}}
{"target": -733.0691872620533, "params": {"gamma": 6.9443071771197245, "lr": 0.41417926952690265}, "datetime": {"datetime": "2024-03-29 22:13:24", "elapsed": 0.164556, "delta": 0.003989}}
{"target": -140.66438602575315, "params": {"gamma": 0.5004846360019255, "lr": 0.5358964059155116}, "datetime": {"datetime": "2024-03-29 22:13:24", "elapsed": 0.167548, "delta": 0.002992}}
{"target": -857.8486420040427, "params": {"gamma": 6.638282657552669, "lr": 0.5148891120583086}, "datetime": {"datetime": "2024-03-29 22:13:24", "elapsed": 0.171537, "delta": 0.003989}}
{"target": -1263.0801020560275, "params": {"gamma": 9.446002965152143, "lr": 0.5865550405019929}, "datetime": {"datetime": "2024-03-29 22:13:24", "elapsed": 0.174529, "delta": 0.002992}}
{"target": -2280.3893537778877, "params": {"gamma": 9.034115750963547, "lr": 0.13747470414623753}, "datetime": {"datetime": "2024-03-29 22:13:24", "elapsed": 0.178518, "delta": 0.003989}}
{"target": -277.6461802103787, "params": {"gamma": 1.3936241961603346, "lr": 0.8073912887095238}, "datetime": {"datetime": "2024-03-29 22:13:24", "elapsed": 0.18151, "delta": 0.002992}}
{"target": -831.0668946690823, "params": {"gamma": 3.9773706930183503, "lr": 0.16535419711693278}, "datetime": {"datetime": "2024-03-29 22:13:24", "elapsed": 0.184502, "delta": 0.002992}}
{"target": -1017.2718227398284, "params": {"gamma": 9.275158295379942, "lr": 0.34776585974550656}, "datetime": {"datetime": "2024-03-29 22:13:24", "elapsed": 0.188491, "delta": 0.003989}}
{"target": -1124.0901158606487, "params": {"gamma": 7.50837021925842, "lr": 0.7259979853504515}, "datetime": {"datetime": "2024-03-29 22:13:24", "elapsed": 0.191484, "delta": 0.002993}}
{"target": -1207.3518501122774, "params": {"gamma": 8.833177605966892, "lr": 0.6236722070556089}, "datetime": {"datetime": "2024-03-29 22:13:24", "elapsed": 0.195473, "delta": 0.003989}}
{"target": -827.6247892900655, "params": {"gamma": 7.509673397839345, "lr": 0.34889834197784253}, "datetime": {"datetime": "2024-03-29 22:13:24", "elapsed": 0.198465, "delta": 0.002992}}
{"target": -531.3062352366413, "params": {"gamma": 2.7000089897584956, "lr": 0.8958862181960668}, "datetime": {"datetime": "2024-03-29 22:13:24", "elapsed": 0.203451, "delta": 0.004986}}
{"target": -855.9156010290928, "params": {"gamma": 4.281483807523078, "lr": 0.9648400471483856}, "datetime": {"datetime": "2024-03-29 22:13:24", "elapsed": 0.206443, "delta": 0.002992}}
{"target": -913.0788526778829, "params": {"gamma": 6.634751536686663, "lr": 0.6216957202091218}, "datetime": {"datetime": "2024-03-29 22:13:24", "elapsed": 0.210432, "delta": 0.003989}}
{"target": -262.9287369979285, "params": {"gamma": 1.1483449835607984, "lr": 0.9494892587070712}, "datetime": {"datetime": "2024-03-29 22:13:24", "elapsed": 0.213424, "delta": 0.002992}}
{"target": -605.5360013592135, "params": {"gamma": 4.499671422665926, "lr": 0.5783896143871318}, "datetime": {"datetime": "2024-03-29 22:13:24", "elapsed": 0.218034, "delta": 0.00461}}
{"target": -549.2396446534211, "params": {"gamma": 4.081959890810051, "lr": 0.2370269802430277}, "datetime": {"datetime": "2024-03-29 22:13:24", "elapsed": 0.221026, "delta": 0.002992}}
{"target": -1190.8519673681867, "params": {"gamma": 9.033891826101975, "lr": 0.5736794866722859}, "datetime": {"datetime": "2024-03-29 22:13:24", "elapsed": 0.225015, "delta": 0.003989}}
{"target": -140.17805478092706, "params": {"gamma": 0.029700399984558545, "lr": 0.6171449136207239}, "datetime": {"datetime": "2024-03-29 22:13:24", "elapsed": 0.228011, "delta": 0.002996}}
{"target": -437.17719126974345, "params": {"gamma": 3.2671223728191894, "lr": 0.5270581022576093}, "datetime": {"datetime": "2024-03-29 22:13:24", "elapsed": 0.232996, "delta": 0.004985}}
{"target": -972.614469542459, "params": {"gamma": 8.859535051008434, "lr": 0.35726976000249977}, "datetime": {"datetime": "2024-03-29 22:13:24", "elapsed": 0.236983, "delta": 0.003987}}
{"target": -1241.1382806475892, "params": {"gamma": 9.085442974047073, "lr": 0.6233601157918027}, "datetime": {"datetime": "2024-03-29 22:13:24", "elapsed": 0.240972, "delta": 0.003989}}
{"target": -138.256018492326, "params": {"gamma": 0.15919660722271628, "lr": 0.9294372337437613}, "datetime": {"datetime": "2024-03-29 22:13:24", "elapsed": 0.243965, "delta": 0.002993}}
{"target": -1369.7366967314842, "params": {"gamma": 6.9092782782517235, "lr": 0.9973228504514805}, "datetime": {"datetime": "2024-03-29 22:13:24", "elapsed": 0.247954, "delta": 0.003989}}
{"target": -455.8667069726893, "params": {"gamma": 1.7242327429449402, "lr": 0.13713574962887776}, "datetime": {"datetime": "2024-03-29 22:13:24", "elapsed": 0.253938, "delta": 0.005984}}
{"target": -1409.0837098722036, "params": {"gamma": 9.326022034908599, "lr": 0.6968181614899002}, "datetime": {"datetime": "2024-03-29 22:13:24", "elapsed": 0.259922, "delta": 0.005984}}
{"target": -169.65664509013433, "params": {"gamma": 0.6609357270479028, "lr": 0.7554630526024664}, "datetime": {"datetime": "2024-03-29 22:13:24", "elapsed": 0.265905, "delta": 0.005983}}
{"target": -1493.0816339137398, "params": {"gamma": 7.539008008424004, "lr": 0.9230245355464833}, "datetime": {"datetime": "2024-03-29 22:13:24", "elapsed": 0.270891, "delta": 0.004986}}
{"target": -1855.9555569268348, "params": {"gamma": 7.11553606152609, "lr": 0.1242709619721647}, "datetime": {"datetime": "2024-03-29 22:13:24", "elapsed": 0.273883, "delta": 0.002992}}
{"target": -154.55401041661503, "params": {"gamma": 0.1997814582641161, "lr": 0.026210986877719278}, "datetime": {"datetime": "2024-03-29 22:13:24", "elapsed": 0.277872, "delta": 0.003989}}
{"target": -133.70993122467064, "params": {"gamma": 0.2840365737199253, "lr": 0.2462110676030459}, "datetime": {"datetime": "2024-03-29 22:13:24", "elapsed": 0.28286, "delta": 0.004988}}
{"target": -1104.6715270176178, "params": {"gamma": 8.600419458880197, "lr": 0.5388310643416528}, "datetime": {"datetime": "2024-03-29 22:13:24", "elapsed": 0.290852, "delta": 0.007992}}
{"target": -1029.0222136828163, "params": {"gamma": 5.5286669648789735, "lr": 0.8420308923596057}, "datetime": {"datetime": "2024-03-29 22:13:24", "elapsed": 0.30181, "delta": 0.010958}}
{"target": -203.72824805036583, "params": {"gamma": 1.2426089778839915, "lr": 0.2791836790111395}, "datetime": {"datetime": "2024-03-29 22:13:24", "elapsed": 0.30879, "delta": 0.00698}}
{"target": -1163.929910392058, "params": {"gamma": 5.858006955311422, "lr": 0.9695957483196745}, "datetime": {"datetime": "2024-03-29 22:13:24", "elapsed": 0.315773, "delta": 0.006983}}
{"target": -2034.697116394598, "params": {"gamma": 5.6107411623378445, "lr": 0.01864728937294302}, "datetime": {"datetime": "2024-03-29 22:13:24", "elapsed": 0.322753, "delta": 0.00698}}
{"target": -1052.4749053852288, "params": {"gamma": 8.006526094133482, "lr": 0.23297427384102043}, "datetime": {"datetime": "2024-03-29 22:13:25", "elapsed": 0.329732, "delta": 0.006979}}
{"target": -860.3831347807281, "params": {"gamma": 8.071244850992173, "lr": 0.38786064406417176}, "datetime": {"datetime": "2024-03-29 22:13:25", "elapsed": 0.334718, "delta": 0.004986}}
{"target": -1343.0675845746628, "params": {"gamma": 8.635555003739727, "lr": 0.7471216427371846}, "datetime": {"datetime": "2024-03-29 22:13:25", "elapsed": 0.33771, "delta": 0.002992}}
{"target": -1411.0046372861607, "params": {"gamma": 5.562846099670199, "lr": 0.13645522566068502}, "datetime": {"datetime": "2024-03-29 22:13:25", "elapsed": 0.3417, "delta": 0.00399}}
{"target": -203.77040379435314, "params": {"gamma": 0.6001169774326044, "lr": 0.12134345574073735}, "datetime": {"datetime": "2024-03-29 22:13:25", "elapsed": 0.34569, "delta": 0.00399}}
{"target": -187.66476118199813, "params": {"gamma": 0.4464742335690725, "lr": 0.1074941291060929}, "datetime": {"datetime": "2024-03-29 22:13:25", "elapsed": 0.349679, "delta": 0.003989}}
{"target": -361.94537492125227, "params": {"gamma": 2.2578676767399393, "lr": 0.7129889803826767}, "datetime": {"datetime": "2024-03-29 22:13:25", "elapsed": 0.354665, "delta": 0.004986}}
{"target": -2029.952163467631, "params": {"gamma": 5.597610103559371, "lr": 0.012555980159115854}, "datetime": {"datetime": "2024-03-29 22:13:25", "elapsed": 0.359652, "delta": 0.004987}}
{"target": -194.12475641806572, "params": {"gamma": 0.7206708226151783, "lr": 0.967276330000272}, "datetime": {"datetime": "2024-03-29 22:13:25", "elapsed": 0.365638, "delta": 0.005986}}
{"target": -823.6229771291803, "params": {"gamma": 5.6814365187375016, "lr": 0.20329323466099047}, "datetime": {"datetime": "2024-03-29 22:13:25", "elapsed": 0.37162, "delta": 0.005982}}
{"target": -412.28832405222147, "params": {"gamma": 2.5240051199586637, "lr": 0.7438258540750929}, "datetime": {"datetime": "2024-03-29 22:13:25", "elapsed": 0.377605, "delta": 0.005985}}
{"target": -286.24605663606565, "params": {"gamma": 1.9550993816120785, "lr": 0.5813589272732578}, "datetime": {"datetime": "2024-03-29 22:13:25", "elapsed": 0.382591, "delta": 0.004986}}
{"target": -1789.757780094495, "params": {"gamma": 9.700229870894034, "lr": 0.8468288014900353}, "datetime": {"datetime": "2024-03-29 22:13:25", "elapsed": 0.388575, "delta": 0.005984}}
{"target": -287.3683961157746, "params": {"gamma": 2.399237743716714, "lr": 0.49376971426872995}, "datetime": {"datetime": "2024-03-29 22:13:25", "elapsed": 0.394557, "delta": 0.005982}}
{"target": -1093.0510455782678, "params": {"gamma": 6.199937228095417, "lr": 0.8289808995501787}, "datetime": {"datetime": "2024-03-29 22:13:25", "elapsed": 0.399543, "delta": 0.004986}}
{"target": -580.9283373924682, "params": {"gamma": 1.5687571550661965, "lr": 0.018576202177409518}, "datetime": {"datetime": "2024-03-29 22:13:25", "elapsed": 0.405527, "delta": 0.005984}}
{"target": -144.57176192216477, "params": {"gamma": 0.7011514150485041, "lr": 0.4863451109370318}, "datetime": {"datetime": "2024-03-29 22:13:25", "elapsed": 0.411511, "delta": 0.005984}}
{"target": -798.0958503360107, "params": {"gamma": 6.063688287071651, "lr": 0.5688514370864813}, "datetime": {"datetime": "2024-03-29 22:13:25", "elapsed": 0.416498, "delta": 0.004987}}
{"target": -640.9222509625064, "params": {"gamma": 3.1743067308122854, "lr": 0.9886161544124489}, "datetime": {"datetime": "2024-03-29 22:13:25", "elapsed": 0.421485, "delta": 0.004987}}
{"target": -624.4656063376756, "params": {"gamma": 5.797872447238724, "lr": 0.3801411726235504}, "datetime": {"datetime": "2024-03-29 22:13:25", "elapsed": 0.427469, "delta": 0.005984}}
{"target": -864.1126330858076, "params": {"gamma": 5.509931242959851, "lr": 0.7453344309065021}, "datetime": {"datetime": "2024-03-29 22:13:25", "elapsed": 0.432456, "delta": 0.004987}}
{"target": -913.6254298735381, "params": {"gamma": 6.6926597016383935, "lr": 0.2649195576628094}, "datetime": {"datetime": "2024-03-29 22:13:25", "elapsed": 0.437441, "delta": 0.004985}}
{"target": -139.7210145730174, "params": {"gamma": 0.6642820094499873, "lr": 0.3700841979141063}, "datetime": {"datetime": "2024-03-29 22:13:25", "elapsed": 0.44143, "delta": 0.003989}}
{"target": -910.6908621679644, "params": {"gamma": 6.297545352708624, "lr": 0.2101740099148396}, "datetime": {"datetime": "2024-03-29 22:13:25", "elapsed": 0.445419, "delta": 0.003989}}
{"target": -2727.5791733206, "params": {"gamma": 7.5278027818344, "lr": 0.06653648135411494}, "datetime": {"datetime": "2024-03-29 22:13:25", "elapsed": 0.449408, "delta": 0.003989}}
{"target": -475.7439125104327, "params": {"gamma": 2.603890670686831, "lr": 0.8047545637433454}, "datetime": {"datetime": "2024-03-29 22:13:25", "elapsed": 0.453398, "delta": 0.00399}}
{"target": -300.94967894109675, "params": {"gamma": 1.935149391950654, "lr": 0.6394608808799401}, "datetime": {"datetime": "2024-03-29 22:13:25", "elapsed": 0.456391, "delta": 0.002993}}
{"target": -1044.4576287827142, "params": {"gamma": 5.247178420928214, "lr": 0.9248079703993507}, "datetime": {"datetime": "2024-03-29 22:13:25", "elapsed": 0.461379, "delta": 0.004988}}
{"target": -960.8955735047881, "params": {"gamma": 2.633704408100623, "lr": 0.06596109068402378}, "datetime": {"datetime": "2024-03-29 22:13:25", "elapsed": 0.465367, "delta": 0.003988}}
{"target": -1253.4455958504366, "params": {"gamma": 7.350924566923407, "lr": 0.7721780295432468}, "datetime": {"datetime": "2024-03-29 22:13:25", "elapsed": 0.470353, "delta": 0.004986}}
{"target": -1794.6665883610751, "params": {"gamma": 9.078250709182736, "lr": 0.9319720691968373}, "datetime": {"datetime": "2024-03-29 22:13:25", "elapsed": 0.476337, "delta": 0.005984}}
{"target": -135.31065774629707, "params": {"gamma": 0.14050177818299456, "lr": 0.2343620861214205}, "datetime": {"datetime": "2024-03-29 22:13:25", "elapsed": 0.481323, "delta": 0.004986}}
{"target": -1224.6307583849261, "params": {"gamma": 6.1681667916595755, "lr": 0.9490163206876164}, "datetime": {"datetime": "2024-03-29 22:13:25", "elapsed": 0.48631, "delta": 0.004987}}
{"target": -1235.8562348039763, "params": {"gamma": 9.50181101635155, "lr": 0.5566531881951564}, "datetime": {"datetime": "2024-03-29 22:13:25", "elapsed": 0.4903, "delta": 0.00399}}
{"target": -1282.65485996101, "params": {"gamma": 9.15614789131298, "lr": 0.6415662089463375}, "datetime": {"datetime": "2024-03-29 22:13:25", "elapsed": 0.493291, "delta": 0.002991}}
{"target": -440.456850208083, "params": {"gamma": 3.9006871336983213, "lr": 0.48599066709690975}, "datetime": {"datetime": "2024-03-29 22:13:25", "elapsed": 0.49728, "delta": 0.003989}}
{"target": -795.5300894484421, "params": {"gamma": 6.043500518716813, "lr": 0.5495479215085626}, "datetime": {"datetime": "2024-03-29 22:13:25", "elapsed": 0.50127, "delta": 0.00399}}
{"target": -1830.6520416557812, "params": {"gamma": 9.26188808563783, "lr": 0.9187334356336061}, "datetime": {"datetime": "2024-03-29 22:13:25", "elapsed": 0.505259, "delta": 0.003989}}
{"target": -791.2376168435491, "params": {"gamma": 3.9493612536226252, "lr": 0.9632625284407118}, "datetime": {"datetime": "2024-03-29 22:13:25", "elapsed": 0.509248, "delta": 0.003989}}
{"target": -459.7946583986344, "params": {"gamma": 1.740382711137963, "lr": 0.12632951943963733}, "datetime": {"datetime": "2024-03-29 22:13:25", "elapsed": 0.51224, "delta": 0.002992}}
{"target": -212.71247548275286, "params": {"gamma": 1.3516565013092665, "lr": 0.5056621656768967}, "datetime": {"datetime": "2024-03-29 22:13:25", "elapsed": 0.516229, "delta": 0.003989}}
{"target": -139.97678425468337, "params": {"gamma": 0.2162265279367056, "lr": 0.947970211217681}, "datetime": {"datetime": "2024-03-29 22:13:25", "elapsed": 0.520219, "delta": 0.00399}}
{"target": -2996.3473003696977, "params": {"gamma": 8.271327596236153, "lr": 0.015018980742122379}, "datetime": {"datetime": "2024-03-29 22:13:25", "elapsed": 0.52321, "delta": 0.002991}}
{"target": -257.3616652522589, "params": {"gamma": 1.7627863594949775, "lr": 0.332063574366837}, "datetime": {"datetime": "2024-03-29 22:13:25", "elapsed": 0.5272, "delta": 0.00399}}
{"target": -264.85477846793293, "params": {"gamma": 1.310837451264358, "lr": 0.8094906921265821}, "datetime": {"datetime": "2024-03-29 22:13:25", "elapsed": 0.531188, "delta": 0.003988}}
{"target": -693.8795164939015, "params": {"gamma": 3.4480217901802512, "lr": 0.9401074823333672}, "datetime": {"datetime": "2024-03-29 22:13:25", "elapsed": 0.53418, "delta": 0.002992}}
{"target": -1104.9145058076724, "params": {"gamma": 5.820559785290854, "lr": 0.8788319844118441}, "datetime": {"datetime": "2024-03-29 22:13:25", "elapsed": 0.53817, "delta": 0.00399}}
{"target": -1609.1015243247482, "params": {"gamma": 8.447499719476827, "lr": 0.9053923187086492}, "datetime": {"datetime": "2024-03-29 22:13:25", "elapsed": 0.541162, "delta": 0.002992}}
{"target": -612.3700580696526, "params": {"gamma": 4.599342777902254, "lr": 0.5463468160203733}, "datetime": {"datetime": "2024-03-29 22:13:25", "elapsed": 0.545151, "delta": 0.003989}}
{"target": -1060.3176618244543, "params": {"gamma": 7.986237307929242, "lr": 0.28571885173414757}, "datetime": {"datetime": "2024-03-29 22:13:25", "elapsed": 0.54914, "delta": 0.003989}}
