{"target": -390.3390527780235, "params": {"gamma": 5.695374633041013, "prior": 1.693617224474527, "rate": 4.6693333476103005}, "datetime": {"datetime": "2024-04-09 03:00:05", "elapsed": 0.861848, "delta": 0.009661}}
{"target": -250.98755570763262, "params": {"gamma": 3.452375339500995, "prior": 2.327895582359438, "rate": 5.925526175789202}, "datetime": {"datetime": "2024-04-09 03:00:05", "elapsed": 0.870192, "delta": 0.008344}}
{"target": -208.6044321934883, "params": {"gamma": 3.1233861071814677, "prior": 9.171424979336672, "rate": 9.09644561399062}, "datetime": {"datetime": "2024-04-09 03:00:05", "elapsed": 0.878267, "delta": 0.008075}}
{"target": -193.08221878545297, "params": {"gamma": 2.57192581952818, "prior": 1.1978238773658891, "rate": 1.9304343574591094}, "datetime": {"datetime": "2024-04-09 03:00:05", "elapsed": 0.886257, "delta": 0.00799}}
{"target": -288.3477454817389, "params": {"gamma": 4.996342122618183, "prior": 7.312998112948502, "rate": 2.082736189649506}, "datetime": {"datetime": "2024-04-09 03:00:05", "elapsed": 0.896053, "delta": 0.009796}}
{"target": -176.08544660383276, "params": {"gamma": 2.48108755021393, "prior": 8.531551561870033, "rate": 4.159071333957006}, "datetime": {"datetime": "2024-04-09 03:00:05", "elapsed": 0.904395, "delta": 0.008342}}
{"target": -326.7687374125316, "params": {"gamma": 6.167233986485208, "prior": 2.413294778468576, "rate": 1.0205706269985484}, "datetime": {"datetime": "2024-04-09 03:00:05", "elapsed": 0.912421, "delta": 0.008026}}
{"target": -290.8574542420928, "params": {"gamma": 5.159054312668331, "prior": 4.8236957717928455, "rate": 1.5275637692875392}, "datetime": {"datetime": "2024-04-09 03:00:05", "elapsed": 0.920606, "delta": 0.008185}}
{"target": -367.1571031677977, "params": {"gamma": 6.218440511172415, "prior": 5.485700176257987, "rate": 6.541719332360473}, "datetime": {"datetime": "2024-04-09 03:00:05", "elapsed": 0.930472, "delta": 0.009866}}
{"target": -146.720389666263, "params": {"gamma": 1.4463108557064734, "prior": 7.540125389638914, "rate": 2.221269348859427}, "datetime": {"datetime": "2024-04-09 03:00:05", "elapsed": 0.938556, "delta": 0.008084}}
{"target": -459.95657298906247, "params": {"gamma": 5.193998891835965, "prior": 7.8744306793940275, "rate": 0.22428194949007}, "datetime": {"datetime": "2024-04-09 03:00:05", "elapsed": 0.946751, "delta": 0.008195}}
{"target": -213.43667925172022, "params": {"gamma": 3.2443002348021386, "prior": 8.7419315263611, "rate": 8.447251366413093}, "datetime": {"datetime": "2024-04-09 03:00:05", "elapsed": 0.95492, "delta": 0.008169}}
{"target": -319.62264162333105, "params": {"gamma": 5.384867485352843, "prior": 8.67942191424848, "rate": 9.498110107544912}, "datetime": {"datetime": "2024-04-09 03:00:05", "elapsed": 0.964662, "delta": 0.009742}}
{"target": -557.5043793681064, "params": {"gamma": 8.264243569295784, "prior": 8.555742893981733, "rate": 0.9883352748016633}, "datetime": {"datetime": "2024-04-09 03:00:05", "elapsed": 0.972729, "delta": 0.008067}}
{"target": -362.6394507523643, "params": {"gamma": 6.51339201907757, "prior": 7.064818182711264, "rate": 6.102797885653651}, "datetime": {"datetime": "2024-04-09 03:00:05", "elapsed": 0.98102, "delta": 0.008291}}
{"target": -644.7781244401373, "params": {"gamma": 7.996353002098545, "prior": 0.4422550767291791, "rate": 7.702617106815245}, "datetime": {"datetime": "2024-04-09 03:00:05", "elapsed": 0.989129, "delta": 0.008109}}
{"target": -409.1329519227773, "params": {"gamma": 7.317554278794531, "prior": 2.671014093653696, "rate": 2.571435918922645}, "datetime": {"datetime": "2024-04-09 03:00:05", "elapsed": 0.99929, "delta": 0.010161}}
{"target": -416.8283958660379, "params": {"gamma": 6.323400870983849, "prior": 3.5184448697517077, "rate": 7.966090191394868}, "datetime": {"datetime": "2024-04-09 03:00:05", "elapsed": 1.007351, "delta": 0.008061}}
{"target": -279.64957381431907, "params": {"gamma": 4.46201617380257, "prior": 7.849219206363302, "rate": 9.904727364454784}, "datetime": {"datetime": "2024-04-09 03:00:05", "elapsed": 1.015665, "delta": 0.008314}}
{"target": -245.03742107738682, "params": {"gamma": 3.0031831469994668, "prior": 1.515757699755184, "rate": 9.01318305505639}, "datetime": {"datetime": "2024-04-09 03:00:05", "elapsed": 1.024362, "delta": 0.008697}}
{"target": -300.1121308054127, "params": {"gamma": 5.416052229494846, "prior": 9.749929671465313, "rate": 6.366407395618971}, "datetime": {"datetime": "2024-04-09 03:00:05", "elapsed": 1.033869, "delta": 0.009507}}
{"target": -542.2260930362562, "params": {"gamma": 9.939136333080178, "prior": 5.506100961015221, "rate": 5.264732913121308}, "datetime": {"datetime": "2024-04-09 03:00:05", "elapsed": 1.042112, "delta": 0.008243}}
{"target": -178.8174747201851, "params": {"gamma": 1.3551436028186268, "prior": 3.6214811927404233, "rate": 0.2631594543964365}, "datetime": {"datetime": "2024-04-09 03:00:05", "elapsed": 1.050504, "delta": 0.008392}}
{"target": -205.1220313463434, "params": {"gamma": 1.6047914000169714, "prior": 7.481808207804211, "rate": 0.3049664995979595}, "datetime": {"datetime": "2024-04-09 03:00:05", "elapsed": 1.059478, "delta": 0.008974}}
{"target": -228.04959747433176, "params": {"gamma": 3.6660644293402, "prior": 8.637227903096637, "rate": 6.927084497356036}, "datetime": {"datetime": "2024-04-09 03:00:05", "elapsed": 1.068439, "delta": 0.008961}}
{"target": -452.3056898514144, "params": {"gamma": 6.90973047851962, "prior": 1.9675043294575778, "rate": 4.419600903203486}, "datetime": {"datetime": "2024-04-09 03:00:05", "elapsed": 1.076742, "delta": 0.008303}}
{"target": -348.314737753534, "params": {"gamma": 5.816192496035568, "prior": 9.898541905870681, "rate": 2.0398583461059854}, "datetime": {"datetime": "2024-04-09 03:00:05", "elapsed": 1.084898, "delta": 0.008156}}
{"target": -198.93343637280378, "params": {"gamma": 2.478081284721786, "prior": 2.695513529351828, "rate": 7.50197396056663}, "datetime": {"datetime": "2024-04-09 03:00:05", "elapsed": 1.094671, "delta": 0.009773}}
{"target": -358.3334424539633, "params": {"gamma": 4.570296299029493, "prior": 0.6636014402698404, "rate": 5.085653889861787}, "datetime": {"datetime": "2024-04-09 03:00:05", "elapsed": 1.10335, "delta": 0.008679}}
{"target": -165.10992121343247, "params": {"gamma": 2.120389686272116, "prior": 8.006182023126081, "rate": 2.9740164836912153}, "datetime": {"datetime": "2024-04-09 03:00:05", "elapsed": 1.111429, "delta": 0.008079}}
{"target": -125.49133994137314, "params": {"gamma": 0.2770325135330818, "prior": 5.9749812496997485, "rate": 8.438560448882956}, "datetime": {"datetime": "2024-04-09 03:00:05", "elapsed": 1.11975, "delta": 0.008321}}
{"target": -231.14582402450702, "params": {"gamma": 3.81078022449808, "prior": 7.52359727618882, "rate": 5.111903641492986}, "datetime": {"datetime": "2024-04-09 03:00:05", "elapsed": 1.129648, "delta": 0.009898}}
{"target": -308.5459707655975, "params": {"gamma": 5.409977097816925, "prior": 9.598399778511348, "rate": 8.039804954094969}, "datetime": {"datetime": "2024-04-09 03:00:05", "elapsed": 1.138178, "delta": 0.00853}}
{"target": -128.00665585830563, "params": {"gamma": 0.3241983431691163, "prior": 7.1229337871898215, "rate": 4.650549814153498}, "datetime": {"datetime": "2024-04-09 03:00:05", "elapsed": 1.146631, "delta": 0.008453}}
{"target": -538.5280523873221, "params": {"gamma": 9.475541865009603, "prior": 2.2921840698025346, "rate": 2.6714531248239735}, "datetime": {"datetime": "2024-04-09 03:00:05", "elapsed": 1.155368, "delta": 0.008737}}
{"target": -136.67623600517678, "params": {"gamma": 0.8156581748077427, "prior": 4.343326403771487, "rate": 1.091078621426664}, "datetime": {"datetime": "2024-04-09 03:00:05", "elapsed": 1.165304, "delta": 0.009936}}
{"target": -354.2909013529012, "params": {"gamma": 6.3382338193585674, "prior": 8.049336050000004, "rate": 6.968308160705665}, "datetime": {"datetime": "2024-04-09 03:00:05", "elapsed": 1.174092, "delta": 0.008788}}
{"target": -505.54224903186326, "params": {"gamma": 7.66234759937663, "prior": 3.4902957864508464, "rate": 8.45866897879375}, "datetime": {"datetime": "2024-04-09 03:00:05", "elapsed": 1.18243, "delta": 0.008338}}
{"target": -254.13202632878193, "params": {"gamma": 4.2882589812194265, "prior": 8.257697717081955, "rate": 6.265335090084314}, "datetime": {"datetime": "2024-04-09 03:00:05", "elapsed": 1.190862, "delta": 0.008432}}
{"target": -153.1814426008396, "params": {"gamma": 1.435087063653779, "prior": 0.8760303085639848, "rate": 0.1843080964871599}, "datetime": {"datetime": "2024-04-09 03:00:05", "elapsed": 1.200822, "delta": 0.00996}}
{"target": -135.97976572397235, "params": {"gamma": 0.6681832513959254, "prior": 4.639979755713475, "rate": 1.1343058857531372}, "datetime": {"datetime": "2024-04-09 03:00:05", "elapsed": 1.209136, "delta": 0.008314}}
{"target": -131.0946374927238, "params": {"gamma": 0.27880570513785086, "prior": 7.573128665765627, "rate": 3.949109954125934}, "datetime": {"datetime": "2024-04-09 03:00:06", "elapsed": 1.217303, "delta": 0.008167}}
{"target": -418.31502677222517, "params": {"gamma": 7.469638017579644, "prior": 4.57880778478987, "rate": 4.501417383260611}, "datetime": {"datetime": "2024-04-09 03:00:06", "elapsed": 1.226662, "delta": 0.009359}}
{"target": -309.2211375466673, "params": {"gamma": 4.7812469946715925, "prior": 4.79263887296572, "rate": 8.031830257799582}, "datetime": {"datetime": "2024-04-09 03:00:06", "elapsed": 1.236019, "delta": 0.009357}}
{"target": -355.9955270585087, "params": {"gamma": 4.024522806057501, "prior": 9.056392987401868, "rate": 0.3715734184924046}, "datetime": {"datetime": "2024-04-09 03:00:06", "elapsed": 1.244385, "delta": 0.008366}}
{"target": -561.3124941867171, "params": {"gamma": 7.738969552861467, "prior": 1.3438496732636145, "rate": 6.185517155553943}, "datetime": {"datetime": "2024-04-09 03:00:06", "elapsed": 1.252958, "delta": 0.008573}}
{"target": -148.46227460467597, "params": {"gamma": 0.10463224909098416, "prior": 5.4324100975058345, "rate": 0.031176548239344033}, "datetime": {"datetime": "2024-04-09 03:00:06", "elapsed": 1.262523, "delta": 0.009565}}
{"target": -512.2386514480913, "params": {"gamma": 9.511986661116556, "prior": 9.063480133657503, "rate": 7.959873452480752}, "datetime": {"datetime": "2024-04-09 03:00:06", "elapsed": 1.271053, "delta": 0.00853}}
{"target": -508.3224239364924, "params": {"gamma": 9.15282792482796, "prior": 1.541026488468131, "rate": 1.5781429686354622}, "datetime": {"datetime": "2024-04-09 03:00:06", "elapsed": 1.279167, "delta": 0.008114}}
{"target": -159.71574408066905, "params": {"gamma": 1.8771290973514374, "prior": 6.262709432769219, "rate": 9.05818915058701}, "datetime": {"datetime": "2024-04-09 03:00:06", "elapsed": 1.287503, "delta": 0.008336}}
{"target": -547.3997726062804, "params": {"gamma": 9.899561828412377, "prior": 7.1401123417815775, "rate": 7.318272291013812}, "datetime": {"datetime": "2024-04-09 03:00:06", "elapsed": 1.297662, "delta": 0.010159}}
{"target": -465.25121843889247, "params": {"gamma": 9.093022752238, "prior": 4.0686499504740965, "rate": 2.4992569515701426}, "datetime": {"datetime": "2024-04-09 03:00:06", "elapsed": 1.306452, "delta": 0.00879}}
{"target": -169.03934411590816, "params": {"gamma": 1.7351282777004415, "prior": 1.2826247983039172, "rate": 8.126293269740254}, "datetime": {"datetime": "2024-04-09 03:00:06", "elapsed": 1.314735, "delta": 0.008283}}
{"target": -148.76150408757834, "params": {"gamma": 1.4687769417990144, "prior": 2.716545078996317, "rate": 8.191072697156674}, "datetime": {"datetime": "2024-04-09 03:00:06", "elapsed": 1.323446, "delta": 0.008711}}
{"target": -209.19575644065267, "params": {"gamma": 3.106561930690306, "prior": 9.825932748000135, "rate": 2.6671203828142005}, "datetime": {"datetime": "2024-04-09 03:00:06", "elapsed": 1.333301, "delta": 0.009855}}
{"target": -369.2856291539065, "params": {"gamma": 5.336999796367143, "prior": 3.2132234107399116, "rate": 9.1078175389072}, "datetime": {"datetime": "2024-04-09 03:00:06", "elapsed": 1.341523, "delta": 0.008222}}
{"target": -237.7243084698319, "params": {"gamma": 3.666199881868493, "prior": 4.392564040004329, "rate": 5.123414630091336}, "datetime": {"datetime": "2024-04-09 03:00:06", "elapsed": 1.349877, "delta": 0.008354}}
{"target": -756.0703034624726, "params": {"gamma": 9.388925887219763, "prior": 0.4063951620843921, "rate": 7.1690697576532605}, "datetime": {"datetime": "2024-04-09 03:00:06", "elapsed": 1.359105, "delta": 0.009228}}
{"target": -709.9377605930287, "params": {"gamma": 8.910298523969097, "prior": 0.37014351282294133, "rate": 5.220990421277856}, "datetime": {"datetime": "2024-04-09 03:00:06", "elapsed": 1.368066, "delta": 0.008961}}
{"target": -207.57432144599665, "params": {"gamma": 3.2605721278884827, "prior": 8.6089442765693, "rate": 5.585606992674257}, "datetime": {"datetime": "2024-04-09 03:00:06", "elapsed": 1.376348, "delta": 0.008282}}
{"target": -413.46127698564317, "params": {"gamma": 6.902588453759316, "prior": 4.58324964952022, "rate": 6.2834620661760505}, "datetime": {"datetime": "2024-04-09 03:00:06", "elapsed": 1.384301, "delta": 0.007953}}
{"target": -257.79332127663827, "params": {"gamma": 2.901678420022571, "prior": 0.19255092186850625, "rate": 5.767982593935921}, "datetime": {"datetime": "2024-04-09 03:00:06", "elapsed": 1.393365, "delta": 0.009064}}
{"target": -222.0310281460466, "params": {"gamma": 3.1151306971104957, "prior": 5.220949225161185, "rate": 9.164142124685924}, "datetime": {"datetime": "2024-04-09 03:00:06", "elapsed": 1.402287, "delta": 0.008922}}
{"target": -275.40408317545337, "params": {"gamma": 4.265321410225459, "prior": 2.549220762363616, "rate": 3.7135663190292654}, "datetime": {"datetime": "2024-04-09 03:00:06", "elapsed": 1.410416, "delta": 0.008129}}
{"target": -504.786885339708, "params": {"gamma": 9.31867930524877, "prior": 9.374996974960027, "rate": 8.443455155708566}, "datetime": {"datetime": "2024-04-09 03:00:06", "elapsed": 1.418421, "delta": 0.008005}}
{"target": -460.3552715066586, "params": {"gamma": 9.202144936542298, "prior": 2.356212870518038, "rate": 0.8757346133263552}, "datetime": {"datetime": "2024-04-09 03:00:06", "elapsed": 1.4281, "delta": 0.009679}}
{"target": -168.1688160275484, "params": {"gamma": 2.273870053110603, "prior": 3.2123284995290997, "rate": 1.7484839976867594}, "datetime": {"datetime": "2024-04-09 03:00:06", "elapsed": 1.436579, "delta": 0.008479}}
{"target": -391.3871087143445, "params": {"gamma": 6.071334525562633, "prior": 4.194505508511497, "rate": 8.163698766760314}, "datetime": {"datetime": "2024-04-09 03:00:06", "elapsed": 1.444852, "delta": 0.008273}}
{"target": -156.9834402875392, "params": {"gamma": 1.8521188522920375, "prior": 7.048577644587473, "rate": 2.4043158928665394}, "datetime": {"datetime": "2024-04-09 03:00:06", "elapsed": 1.45314, "delta": 0.008288}}
{"target": -367.72908787869295, "params": {"gamma": 5.742616669319757, "prior": 3.55497721248581, "rate": 0.5705870304288444}, "datetime": {"datetime": "2024-04-09 03:00:06", "elapsed": 1.463174, "delta": 0.010034}}
{"target": -169.85199928877938, "params": {"gamma": 2.288907895932798, "prior": 6.674615298012455, "rate": 4.973003683511953}, "datetime": {"datetime": "2024-04-09 03:00:06", "elapsed": 1.471858, "delta": 0.008684}}
{"target": -364.9897533426998, "params": {"gamma": 5.190640824752714, "prior": 1.8297294860783329, "rate": 5.7075877996110185}, "datetime": {"datetime": "2024-04-09 03:00:06", "elapsed": 1.480104, "delta": 0.008246}}
{"target": -518.1826536275755, "params": {"gamma": 9.967537498656892, "prior": 8.186667577037056, "rate": 5.944131865685947}, "datetime": {"datetime": "2024-04-09 03:00:06", "elapsed": 1.488423, "delta": 0.008319}}
{"target": -501.03008619161784, "params": {"gamma": 9.759914694240718, "prior": 9.025469588226281, "rate": 5.956483728092853}, "datetime": {"datetime": "2024-04-09 03:00:06", "elapsed": 1.498325, "delta": 0.009902}}
{"target": -128.14772899169975, "params": {"gamma": 0.32523082681925664, "prior": 1.0264132485930595, "rate": 0.6546517787072217}, "datetime": {"datetime": "2024-04-09 03:00:06", "elapsed": 1.506827, "delta": 0.008502}}
{"target": -313.7303234090812, "params": {"gamma": 4.517879753766062, "prior": 3.816804848361792, "rate": 9.753524992668595}, "datetime": {"datetime": "2024-04-09 03:00:06", "elapsed": 1.515174, "delta": 0.008347}}
{"target": -147.39010768211318, "params": {"gamma": 1.6806649487029495, "prior": 9.730597160133286, "rate": 7.674981213761269}, "datetime": {"datetime": "2024-04-09 03:00:06", "elapsed": 1.523504, "delta": 0.00833}}
{"target": -463.3138591569892, "params": {"gamma": 8.242554158405353, "prior": 6.362896586102173, "rate": 6.6876589692971145}, "datetime": {"datetime": "2024-04-09 03:00:06", "elapsed": 1.533417, "delta": 0.009913}}
{"target": -389.508692934373, "params": {"gamma": 4.769346452878413, "prior": 0.23004993353841524, "rate": 3.530707849332706}, "datetime": {"datetime": "2024-04-09 03:00:06", "elapsed": 1.541604, "delta": 0.008187}}
{"target": -277.80226403678546, "params": {"gamma": 4.9212259431340915, "prior": 7.327902989792033, "rate": 4.686814799118347}, "datetime": {"datetime": "2024-04-09 03:00:06", "elapsed": 1.549813, "delta": 0.008209}}
{"target": -358.41749508826877, "params": {"gamma": 4.574591755978228, "prior": 1.4628611353614713, "rate": 0.10987644930098642}, "datetime": {"datetime": "2024-04-09 03:00:06", "elapsed": 1.558482, "delta": 0.008669}}
{"target": -518.639075833872, "params": {"gamma": 7.583024326509486, "prior": 3.267533096969016, "rate": 9.843850118484914}, "datetime": {"datetime": "2024-04-09 03:00:06", "elapsed": 1.567825, "delta": 0.009343}}
{"target": -174.77606498127858, "params": {"gamma": 2.2031220273654006, "prior": 3.453209452268629, "rate": 5.239437460525651}, "datetime": {"datetime": "2024-04-09 03:00:06", "elapsed": 1.576031, "delta": 0.008206}}
{"target": -407.94029736700764, "params": {"gamma": 7.549159679148268, "prior": 4.692192060612927, "rate": 1.2491006085736511}, "datetime": {"datetime": "2024-04-09 03:00:06", "elapsed": 1.583969, "delta": 0.007938}}
{"target": -215.28809337221742, "params": {"gamma": 3.125701283542003, "prior": 5.094739780039847, "rate": 6.73881623116066}, "datetime": {"datetime": "2024-04-09 03:00:06", "elapsed": 1.593016, "delta": 0.009047}}
{"target": -473.18983054831637, "params": {"gamma": 7.70172941316461, "prior": 1.3903242314481075, "rate": 0.23012839809249527}, "datetime": {"datetime": "2024-04-09 03:00:06", "elapsed": 1.602046, "delta": 0.00903}}
{"target": -486.54245067421124, "params": {"gamma": 5.191304139797683, "prior": 8.118888235557922, "rate": 0.12702506653173326}, "datetime": {"datetime": "2024-04-09 03:00:06", "elapsed": 1.610685, "delta": 0.008639}}
{"target": -358.9611259130866, "params": {"gamma": 6.725025976692686, "prior": 6.899401443904219, "rate": 4.49301828911279}, "datetime": {"datetime": "2024-04-09 03:00:06", "elapsed": 1.618952, "delta": 0.008267}}
{"target": -832.1796001543992, "params": {"gamma": 9.1479720787326, "prior": 6.47917473909423, "rate": 0.05339313667700704}, "datetime": {"datetime": "2024-04-09 03:00:06", "elapsed": 1.629015, "delta": 0.010063}}
{"target": -287.52503282681613, "params": {"gamma": 4.844800026698242, "prior": 8.60724628036624, "rate": 8.304165300803357}, "datetime": {"datetime": "2024-04-09 03:00:06", "elapsed": 1.637451, "delta": 0.008436}}
{"target": -361.0129298035838, "params": {"gamma": 6.491892816927667, "prior": 6.769614396596453, "rate": 5.7854172983122165}, "datetime": {"datetime": "2024-04-09 03:00:06", "elapsed": 1.645955, "delta": 0.008504}}
{"target": -195.10519300283647, "params": {"gamma": 2.741923631893355, "prior": 5.649246906306982, "rate": 6.717626118389386}, "datetime": {"datetime": "2024-04-09 03:00:06", "elapsed": 1.654373, "delta": 0.008418}}
{"target": -233.31256905716242, "params": {"gamma": 3.5249438725338718, "prior": 8.572700835813885, "rate": 1.9511798226010642}, "datetime": {"datetime": "2024-04-09 03:00:06", "elapsed": 1.664558, "delta": 0.010185}}
{"target": -499.72079736056554, "params": {"gamma": 7.473460782508901, "prior": 2.9670671872500867, "rate": 7.738219073154577}, "datetime": {"datetime": "2024-04-09 03:00:06", "elapsed": 1.672954, "delta": 0.008396}}
{"target": -247.48445919265916, "params": {"gamma": 4.277945556031427, "prior": 8.096214250210874, "rate": 3.535995091817236}, "datetime": {"datetime": "2024-04-09 03:00:06", "elapsed": 1.681273, "delta": 0.008319}}
{"target": -164.8596258867842, "params": {"gamma": 2.137718683058182, "prior": 7.696116633375489, "rate": 3.0871108343588807}, "datetime": {"datetime": "2024-04-09 03:00:06", "elapsed": 1.689721, "delta": 0.008448}}
{"target": -389.5690742253347, "params": {"gamma": 7.332717432196549, "prior": 7.4702842154695475, "rate": 2.2147456123811025}, "datetime": {"datetime": "2024-04-09 03:00:06", "elapsed": 1.699762, "delta": 0.010041}}
{"target": -163.7683039562537, "params": {"gamma": 2.141907256069664, "prior": 2.0695844419279603, "rate": 1.4260408593206808}, "datetime": {"datetime": "2024-04-09 03:00:06", "elapsed": 1.708114, "delta": 0.008352}}
{"target": -275.5804571014748, "params": {"gamma": 3.7714489094741337, "prior": 0.3636160584470526, "rate": 1.110092769973372}, "datetime": {"datetime": "2024-04-09 03:00:06", "elapsed": 1.71648, "delta": 0.008366}}
{"target": -476.75702321545816, "params": {"gamma": 6.745965673610343, "prior": 8.017787715284124, "rate": 0.8062147417567307}, "datetime": {"datetime": "2024-04-09 03:00:06", "elapsed": 1.725658, "delta": 0.009178}}
{"target": -197.35154506503065, "params": {"gamma": 2.3177914025474347, "prior": 2.1554940518577625, "rate": 9.173418297253225}, "datetime": {"datetime": "2024-04-09 03:00:06", "elapsed": 1.735225, "delta": 0.009567}}
