{"target": -452.1668099142558, "params": {"gamma": 5.695374633041013, "prior": 1.693617224474527, "rate": 4.6693333476103005}, "datetime": {"datetime": "2024-04-12 20:03:23", "elapsed": 0.7724, "delta": 0.00777}}
{"target": -291.4859925956064, "params": {"gamma": 3.452375339500995, "prior": 2.327895582359438, "rate": 5.925526175789202}, "datetime": {"datetime": "2024-04-12 20:03:23", "elapsed": 0.779958, "delta": 0.007558}}
{"target": -232.2585173074881, "params": {"gamma": 3.1233861071814677, "prior": 9.171424979336672, "rate": 9.09644561399062}, "datetime": {"datetime": "2024-04-12 20:03:24", "elapsed": 0.787585, "delta": 0.007627}}
{"target": -221.54467450591142, "params": {"gamma": 2.57192581952818, "prior": 1.1978238773658891, "rate": 1.9304343574591094}, "datetime": {"datetime": "2024-04-12 20:03:24", "elapsed": 0.7952, "delta": 0.007615}}
{"target": -283.16984446916285, "params": {"gamma": 4.996342122618183, "prior": 7.312998112948502, "rate": 2.082736189649506}, "datetime": {"datetime": "2024-04-12 20:03:24", "elapsed": 0.803099, "delta": 0.007899}}
{"target": -191.98870706025633, "params": {"gamma": 2.48108755021393, "prior": 8.531551561870033, "rate": 4.159071333957006}, "datetime": {"datetime": "2024-04-12 20:03:24", "elapsed": 0.810815, "delta": 0.007716}}
{"target": -328.59650048056545, "params": {"gamma": 6.167233986485208, "prior": 2.413294778468576, "rate": 1.0205706269985484}, "datetime": {"datetime": "2024-04-12 20:03:24", "elapsed": 0.818556, "delta": 0.007741}}
{"target": -288.52982379522615, "params": {"gamma": 5.159054312668331, "prior": 4.8236957717928455, "rate": 1.5275637692875392}, "datetime": {"datetime": "2024-04-12 20:03:24", "elapsed": 0.826176, "delta": 0.00762}}
{"target": -400.12116172814694, "params": {"gamma": 6.218440511172415, "prior": 5.485700176257987, "rate": 6.541719332360473}, "datetime": {"datetime": "2024-04-12 20:03:24", "elapsed": 0.833836, "delta": 0.00766}}
{"target": -159.52858628195904, "params": {"gamma": 1.4463108557064734, "prior": 7.540125389638914, "rate": 2.221269348859427}, "datetime": {"datetime": "2024-04-12 20:03:24", "elapsed": 0.841387, "delta": 0.007551}}
{"target": -347.7717904020797, "params": {"gamma": 5.193998891835965, "prior": 7.8744306793940275, "rate": 0.22428194949007}, "datetime": {"datetime": "2024-04-12 20:03:24", "elapsed": 0.849045, "delta": 0.007658}}
{"target": -236.7782449902824, "params": {"gamma": 3.2443002348021386, "prior": 8.7419315263611, "rate": 8.447251366413093}, "datetime": {"datetime": "2024-04-12 20:03:24", "elapsed": 0.856685, "delta": 0.00764}}
{"target": -347.5936318725321, "params": {"gamma": 5.384867485352843, "prior": 8.67942191424848, "rate": 9.498110107544912}, "datetime": {"datetime": "2024-04-12 20:03:24", "elapsed": 0.864302, "delta": 0.007617}}
{"target": -465.3716132278985, "params": {"gamma": 8.264243569295784, "prior": 8.555742893981733, "rate": 0.9883352748016633}, "datetime": {"datetime": "2024-04-12 20:03:24", "elapsed": 0.871992, "delta": 0.00769}}
{"target": -382.86860058463617, "params": {"gamma": 6.51339201907757, "prior": 7.064818182711264, "rate": 6.102797885653651}, "datetime": {"datetime": "2024-04-12 20:03:24", "elapsed": 0.879709, "delta": 0.007717}}
{"target": -799.108035656738, "params": {"gamma": 7.996353002098545, "prior": 0.4422550767291791, "rate": 7.702617106815245}, "datetime": {"datetime": "2024-04-12 20:03:24", "elapsed": 0.887343, "delta": 0.007634}}
{"target": -434.2490278547009, "params": {"gamma": 7.317554278794531, "prior": 2.671014093653696, "rate": 2.571435918922645}, "datetime": {"datetime": "2024-04-12 20:03:24", "elapsed": 0.895032, "delta": 0.007689}}
{"target": -476.850153563078, "params": {"gamma": 6.323400870983849, "prior": 3.5184448697517077, "rate": 7.966090191394868}, "datetime": {"datetime": "2024-04-12 20:03:24", "elapsed": 0.902844, "delta": 0.007812}}
{"target": -309.80084346433875, "params": {"gamma": 4.46201617380257, "prior": 7.849219206363302, "rate": 9.904727364454784}, "datetime": {"datetime": "2024-04-12 20:03:24", "elapsed": 0.910443, "delta": 0.007599}}
{"target": -293.60992091669, "params": {"gamma": 3.0031831469994668, "prior": 1.515757699755184, "rate": 9.01318305505639}, "datetime": {"datetime": "2024-04-12 20:03:24", "elapsed": 0.918235, "delta": 0.007792}}
{"target": -313.19679090231045, "params": {"gamma": 5.416052229494846, "prior": 9.749929671465313, "rate": 6.366407395618971}, "datetime": {"datetime": "2024-04-12 20:03:24", "elapsed": 0.925969, "delta": 0.007734}}
{"target": -569.4032897308763, "params": {"gamma": 9.939136333080178, "prior": 5.506100961015221, "rate": 5.264732913121308}, "datetime": {"datetime": "2024-04-12 20:03:24", "elapsed": 0.933688, "delta": 0.007719}}
{"target": -167.1924672718767, "params": {"gamma": 1.3551436028186268, "prior": 3.6214811927404233, "rate": 0.2631594543964365}, "datetime": {"datetime": "2024-04-12 20:03:24", "elapsed": 0.941327, "delta": 0.007639}}
{"target": -179.27361244361424, "params": {"gamma": 1.6047914000169714, "prior": 7.481808207804211, "rate": 0.3049664995979595}, "datetime": {"datetime": "2024-04-12 20:03:24", "elapsed": 0.949091, "delta": 0.007764}}
{"target": -248.39421810891056, "params": {"gamma": 3.6660644293402, "prior": 8.637227903096637, "rate": 6.927084497356036}, "datetime": {"datetime": "2024-04-12 20:03:24", "elapsed": 0.956837, "delta": 0.007746}}
{"target": -516.6408031629957, "params": {"gamma": 6.90973047851962, "prior": 1.9675043294575778, "rate": 4.419600903203486}, "datetime": {"datetime": "2024-04-12 20:03:24", "elapsed": 0.964714, "delta": 0.007877}}
{"target": -324.53872862781697, "params": {"gamma": 5.816192496035568, "prior": 9.898541905870681, "rate": 2.0398583461059854}, "datetime": {"datetime": "2024-04-12 20:03:24", "elapsed": 0.9724, "delta": 0.007686}}
{"target": -233.192048667433, "params": {"gamma": 2.478081284721786, "prior": 2.695513529351828, "rate": 7.50197396056663}, "datetime": {"datetime": "2024-04-12 20:03:24", "elapsed": 0.980091, "delta": 0.007691}}
{"target": -432.61979419318266, "params": {"gamma": 4.570296299029493, "prior": 0.6636014402698404, "rate": 5.085653889861787}, "datetime": {"datetime": "2024-04-12 20:03:24", "elapsed": 0.987717, "delta": 0.007626}}
{"target": -178.55638957284847, "params": {"gamma": 2.120389686272116, "prior": 8.006182023126081, "rate": 2.9740164836912153}, "datetime": {"datetime": "2024-04-12 20:03:24", "elapsed": 0.995444, "delta": 0.007727}}
{"target": -137.95664006041446, "params": {"gamma": 0.2770325135330818, "prior": 5.9749812496997485, "rate": 8.438560448882956}, "datetime": {"datetime": "2024-04-12 20:03:24", "elapsed": 1.003171, "delta": 0.007727}}
{"target": -248.46983078111043, "params": {"gamma": 3.81078022449808, "prior": 7.52359727618882, "rate": 5.111903641492986}, "datetime": {"datetime": "2024-04-12 20:03:24", "elapsed": 1.01098, "delta": 0.007809}}
{"target": -328.367936566107, "params": {"gamma": 5.409977097816925, "prior": 9.598399778511348, "rate": 8.039804954094969}, "datetime": {"datetime": "2024-04-12 20:03:24", "elapsed": 1.018686, "delta": 0.007706}}
{"target": -140.43883701063731, "params": {"gamma": 0.3241983431691163, "prior": 7.1229337871898215, "rate": 4.650549814153498}, "datetime": {"datetime": "2024-04-12 20:03:24", "elapsed": 1.026311, "delta": 0.007625}}
{"target": -579.8182326448572, "params": {"gamma": 9.475541865009603, "prior": 2.2921840698025346, "rate": 2.6714531248239735}, "datetime": {"datetime": "2024-04-12 20:03:24", "elapsed": 1.03399, "delta": 0.007679}}
{"target": -148.05183808393684, "params": {"gamma": 0.8156581748077427, "prior": 4.343326403771487, "rate": 1.091078621426664}, "datetime": {"datetime": "2024-04-12 20:03:24", "elapsed": 1.041681, "delta": 0.007691}}
{"target": -374.6683409471304, "params": {"gamma": 6.3382338193585674, "prior": 8.049336050000004, "rate": 6.968308160705665}, "datetime": {"datetime": "2024-04-12 20:03:24", "elapsed": 1.049382, "delta": 0.007701}}
{"target": -579.4790284245922, "params": {"gamma": 7.66234759937663, "prior": 3.4902957864508464, "rate": 8.45866897879375}, "datetime": {"datetime": "2024-04-12 20:03:24", "elapsed": 1.057053, "delta": 0.007671}}
{"target": -272.68370932275445, "params": {"gamma": 4.2882589812194265, "prior": 8.257697717081955, "rate": 6.265335090084314}, "datetime": {"datetime": "2024-04-12 20:03:24", "elapsed": 1.064824, "delta": 0.007771}}
{"target": -160.79367777647087, "params": {"gamma": 1.435087063653779, "prior": 0.8760303085639848, "rate": 0.1843080964871599}, "datetime": {"datetime": "2024-04-12 20:03:24", "elapsed": 1.072638, "delta": 0.007814}}
{"target": -146.47107498057252, "params": {"gamma": 0.6681832513959254, "prior": 4.639979755713475, "rate": 1.1343058857531372}, "datetime": {"datetime": "2024-04-12 20:03:24", "elapsed": 1.08047, "delta": 0.007832}}
{"target": -141.62624909624546, "params": {"gamma": 0.27880570513785086, "prior": 7.573128665765627, "rate": 3.949109954125934}, "datetime": {"datetime": "2024-04-12 20:03:24", "elapsed": 1.088296, "delta": 0.007826}}
{"target": -444.6089588230455, "params": {"gamma": 7.469638017579644, "prior": 4.57880778478987, "rate": 4.501417383260611}, "datetime": {"datetime": "2024-04-12 20:03:24", "elapsed": 1.096095, "delta": 0.007799}}
{"target": -348.4714161936939, "params": {"gamma": 4.7812469946715925, "prior": 4.79263887296572, "rate": 8.031830257799582}, "datetime": {"datetime": "2024-04-12 20:03:24", "elapsed": 1.10404, "delta": 0.007945}}
{"target": -282.21915455258477, "params": {"gamma": 4.024522806057501, "prior": 9.056392987401868, "rate": 0.3715734184924046}, "datetime": {"datetime": "2024-04-12 20:03:24", "elapsed": 1.111862, "delta": 0.007822}}
{"target": -663.9983477444446, "params": {"gamma": 7.738969552861467, "prior": 1.3438496732636145, "rate": 6.185517155553943}, "datetime": {"datetime": "2024-04-12 20:03:24", "elapsed": 1.119907, "delta": 0.008045}}
{"target": -146.77528847687645, "params": {"gamma": 0.10463224909098416, "prior": 5.4324100975058345, "rate": 0.031176548239344033}, "datetime": {"datetime": "2024-04-12 20:03:24", "elapsed": 1.12779, "delta": 0.007883}}
{"target": -532.9644614931375, "params": {"gamma": 9.511986661116556, "prior": 9.063480133657503, "rate": 7.959873452480752}, "datetime": {"datetime": "2024-04-12 20:03:24", "elapsed": 1.135665, "delta": 0.007875}}
{"target": -539.4039172035558, "params": {"gamma": 9.15282792482796, "prior": 1.541026488468131, "rate": 1.5781429686354622}, "datetime": {"datetime": "2024-04-12 20:03:24", "elapsed": 1.143411, "delta": 0.007746}}
{"target": -185.1316727055895, "params": {"gamma": 1.8771290973514374, "prior": 6.262709432769219, "rate": 9.05818915058701}, "datetime": {"datetime": "2024-04-12 20:03:24", "elapsed": 1.151187, "delta": 0.007776}}
{"target": -579.8819096589896, "params": {"gamma": 9.899561828412377, "prior": 7.1401123417815775, "rate": 7.318272291013812}, "datetime": {"datetime": "2024-04-12 20:03:24", "elapsed": 1.159001, "delta": 0.007814}}
{"target": -466.9564344558669, "params": {"gamma": 9.093022752238, "prior": 4.0686499504740965, "rate": 2.4992569515701426}, "datetime": {"datetime": "2024-04-12 20:03:24", "elapsed": 1.166727, "delta": 0.007726}}
{"target": -202.80051232193674, "params": {"gamma": 1.7351282777004415, "prior": 1.2826247983039172, "rate": 8.126293269740254}, "datetime": {"datetime": "2024-04-12 20:03:24", "elapsed": 1.174678, "delta": 0.007951}}
{"target": -176.40397566536026, "params": {"gamma": 1.4687769417990144, "prior": 2.716545078996317, "rate": 8.191072697156674}, "datetime": {"datetime": "2024-04-12 20:03:24", "elapsed": 1.182401, "delta": 0.007723}}
{"target": -211.69455264416368, "params": {"gamma": 3.106561930690306, "prior": 9.825932748000135, "rate": 2.6671203828142005}, "datetime": {"datetime": "2024-04-12 20:03:24", "elapsed": 1.190419, "delta": 0.008018}}
{"target": -428.71312851833846, "params": {"gamma": 5.336999796367143, "prior": 3.2132234107399116, "rate": 9.1078175389072}, "datetime": {"datetime": "2024-04-12 20:03:24", "elapsed": 1.198303, "delta": 0.007884}}
{"target": -264.4484096450317, "params": {"gamma": 3.666199881868493, "prior": 4.392564040004329, "rate": 5.123414630091336}, "datetime": {"datetime": "2024-04-12 20:03:24", "elapsed": 1.206239, "delta": 0.007936}}
{"target": -936.9988932077307, "params": {"gamma": 9.388925887219763, "prior": 0.4063951620843921, "rate": 7.1690697576532605}, "datetime": {"datetime": "2024-04-12 20:03:24", "elapsed": 1.214052, "delta": 0.007813}}
{"target": -872.7356336998303, "params": {"gamma": 8.910298523969097, "prior": 0.37014351282294133, "rate": 5.220990421277856}, "datetime": {"datetime": "2024-04-12 20:03:24", "elapsed": 1.221875, "delta": 0.007823}}
{"target": -225.27278515208923, "params": {"gamma": 3.2605721278884827, "prior": 8.6089442765693, "rate": 5.585606992674257}, "datetime": {"datetime": "2024-04-12 20:03:24", "elapsed": 1.229707, "delta": 0.007832}}
{"target": -455.12558272638006, "params": {"gamma": 6.902588453759316, "prior": 4.58324964952022, "rate": 6.2834620661760505}, "datetime": {"datetime": "2024-04-12 20:03:24", "elapsed": 1.237503, "delta": 0.007796}}
{"target": -325.10270051324477, "params": {"gamma": 2.901678420022571, "prior": 0.19255092186850625, "rate": 5.767982593935921}, "datetime": {"datetime": "2024-04-12 20:03:24", "elapsed": 1.245327, "delta": 0.007824}}
{"target": -253.90071603589857, "params": {"gamma": 3.1151306971104957, "prior": 5.220949225161185, "rate": 9.164142124685924}, "datetime": {"datetime": "2024-04-12 20:03:24", "elapsed": 1.253064, "delta": 0.007737}}
{"target": -308.5262023880146, "params": {"gamma": 4.265321410225459, "prior": 2.549220762363616, "rate": 3.7135663190292654}, "datetime": {"datetime": "2024-04-12 20:03:24", "elapsed": 1.260939, "delta": 0.007875}}
{"target": -527.1686320643669, "params": {"gamma": 9.31867930524877, "prior": 9.374996974960027, "rate": 8.443455155708566}, "datetime": {"datetime": "2024-04-12 20:03:24", "elapsed": 1.268874, "delta": 0.007935}}
{"target": -449.6707120606734, "params": {"gamma": 9.202144936542298, "prior": 2.356212870518038, "rate": 0.8757346133263552}, "datetime": {"datetime": "2024-04-12 20:03:24", "elapsed": 1.27677, "delta": 0.007896}}
{"target": -185.92823428746203, "params": {"gamma": 2.273870053110603, "prior": 3.2123284995290997, "rate": 1.7484839976867594}, "datetime": {"datetime": "2024-04-12 20:03:24", "elapsed": 1.284608, "delta": 0.007838}}
{"target": -443.60212487530765, "params": {"gamma": 6.071334525562633, "prior": 4.194505508511497, "rate": 8.163698766760314}, "datetime": {"datetime": "2024-04-12 20:03:24", "elapsed": 1.292637, "delta": 0.008029}}
{"target": -170.29028814470726, "params": {"gamma": 1.8521188522920375, "prior": 7.048577644587473, "rate": 2.4043158928665394}, "datetime": {"datetime": "2024-04-12 20:03:24", "elapsed": 1.300495, "delta": 0.007858}}
{"target": -329.7593585949323, "params": {"gamma": 5.742616669319757, "prior": 3.55497721248581, "rate": 0.5705870304288444}, "datetime": {"datetime": "2024-04-12 20:03:24", "elapsed": 1.308282, "delta": 0.007787}}
{"target": -190.6807946022583, "params": {"gamma": 2.288907895932798, "prior": 6.674615298012455, "rate": 4.973003683511953}, "datetime": {"datetime": "2024-04-12 20:03:24", "elapsed": 1.31603, "delta": 0.007748}}
{"target": -425.88166649021304, "params": {"gamma": 5.190640824752714, "prior": 1.8297294860783329, "rate": 5.7075877996110185}, "datetime": {"datetime": "2024-04-12 20:03:24", "elapsed": 1.323856, "delta": 0.007826}}
{"target": -525.9306343265334, "params": {"gamma": 9.967537498656892, "prior": 8.186667577037056, "rate": 5.944131865685947}, "datetime": {"datetime": "2024-04-12 20:03:24", "elapsed": 1.331458, "delta": 0.007602}}
{"target": -504.04784678212013, "params": {"gamma": 9.759914694240718, "prior": 9.025469588226281, "rate": 5.956483728092853}, "datetime": {"datetime": "2024-04-12 20:03:24", "elapsed": 1.339183, "delta": 0.007725}}
{"target": -140.5317040995898, "params": {"gamma": 0.32523082681925664, "prior": 1.0264132485930595, "rate": 0.6546517787072217}, "datetime": {"datetime": "2024-04-12 20:03:24", "elapsed": 1.346851, "delta": 0.007668}}
{"target": -362.9874025885449, "params": {"gamma": 4.517879753766062, "prior": 3.816804848361792, "rate": 9.753524992668595}, "datetime": {"datetime": "2024-04-12 20:03:24", "elapsed": 1.354662, "delta": 0.007811}}
{"target": -169.11129395319227, "params": {"gamma": 1.6806649487029495, "prior": 9.730597160133286, "rate": 7.674981213761269}, "datetime": {"datetime": "2024-04-12 20:03:24", "elapsed": 1.362436, "delta": 0.007774}}
{"target": -494.4566383231857, "params": {"gamma": 8.242554158405353, "prior": 6.362896586102173, "rate": 6.6876589692971145}, "datetime": {"datetime": "2024-04-12 20:03:24", "elapsed": 1.370168, "delta": 0.007732}}
{"target": -481.12953975252674, "params": {"gamma": 4.769346452878413, "prior": 0.23004993353841524, "rate": 3.530707849332706}, "datetime": {"datetime": "2024-04-12 20:03:24", "elapsed": 1.377833, "delta": 0.007665}}
{"target": -291.60256405823105, "params": {"gamma": 4.9212259431340915, "prior": 7.327902989792033, "rate": 4.686814799118347}, "datetime": {"datetime": "2024-04-12 20:03:24", "elapsed": 1.385703, "delta": 0.00787}}
{"target": -296.2107794270883, "params": {"gamma": 4.574591755978228, "prior": 1.4628611353614713, "rate": 0.10987644930098642}, "datetime": {"datetime": "2024-04-12 20:03:24", "elapsed": 1.393404, "delta": 0.007701}}
{"target": -601.7722037939748, "params": {"gamma": 7.583024326509486, "prior": 3.267533096969016, "rate": 9.843850118484914}, "datetime": {"datetime": "2024-04-12 20:03:24", "elapsed": 1.401182, "delta": 0.007778}}
{"target": -201.44054620166725, "params": {"gamma": 2.2031220273654006, "prior": 3.453209452268629, "rate": 5.239437460525651}, "datetime": {"datetime": "2024-04-12 20:03:24", "elapsed": 1.409014, "delta": 0.007832}}
{"target": -389.7069464981789, "params": {"gamma": 7.549159679148268, "prior": 4.692192060612927, "rate": 1.2491006085736511}, "datetime": {"datetime": "2024-04-12 20:03:24", "elapsed": 1.416828, "delta": 0.007814}}
{"target": -242.946153411048, "params": {"gamma": 3.125701283542003, "prior": 5.094739780039847, "rate": 6.73881623116066}, "datetime": {"datetime": "2024-04-12 20:03:24", "elapsed": 1.424622, "delta": 0.007794}}
{"target": -419.8374982623019, "params": {"gamma": 7.70172941316461, "prior": 1.3903242314481075, "rate": 0.23012839809249527}, "datetime": {"datetime": "2024-04-12 20:03:24", "elapsed": 1.432236, "delta": 0.007614}}
{"target": -357.3747021666782, "params": {"gamma": 5.191304139797683, "prior": 8.118888235557922, "rate": 0.12702506653173326}, "datetime": {"datetime": "2024-04-12 20:03:24", "elapsed": 1.440032, "delta": 0.007796}}
{"target": -368.815170985733, "params": {"gamma": 6.725025976692686, "prior": 6.899401443904219, "rate": 4.49301828911279}, "datetime": {"datetime": "2024-04-12 20:03:24", "elapsed": 1.447767, "delta": 0.007735}}
{"target": -579.2262212533288, "params": {"gamma": 9.1479720787326, "prior": 6.47917473909423, "rate": 0.05339313667700704}, "datetime": {"datetime": "2024-04-12 20:03:24", "elapsed": 1.455714, "delta": 0.007947}}
{"target": -311.2982385229667, "params": {"gamma": 4.844800026698242, "prior": 8.60724628036624, "rate": 8.304165300803357}, "datetime": {"datetime": "2024-04-12 20:03:24", "elapsed": 1.46335, "delta": 0.007636}}
{"target": -380.8409866859118, "params": {"gamma": 6.491892816927667, "prior": 6.769614396596453, "rate": 5.7854172983122165}, "datetime": {"datetime": "2024-04-12 20:03:24", "elapsed": 1.471039, "delta": 0.007689}}
{"target": -220.62175498016416, "params": {"gamma": 2.741923631893355, "prior": 5.649246906306982, "rate": 6.717626118389386}, "datetime": {"datetime": "2024-04-12 20:03:24", "elapsed": 1.478805, "delta": 0.007766}}
{"target": -228.3792001573209, "params": {"gamma": 3.5249438725338718, "prior": 8.572700835813885, "rate": 1.9511798226010642}, "datetime": {"datetime": "2024-04-12 20:03:24", "elapsed": 1.486505, "delta": 0.0077}}
{"target": -575.3971567877301, "params": {"gamma": 7.473460782508901, "prior": 2.9670671872500867, "rate": 7.738219073154577}, "datetime": {"datetime": "2024-04-12 20:03:24", "elapsed": 1.494167, "delta": 0.007662}}
{"target": -256.0537840854103, "params": {"gamma": 4.277945556031427, "prior": 8.096214250210874, "rate": 3.535995091817236}, "datetime": {"datetime": "2024-04-12 20:03:24", "elapsed": 1.501921, "delta": 0.007754}}
{"target": -179.33108473047474, "params": {"gamma": 2.137718683058182, "prior": 7.696116633375489, "rate": 3.0871108343588807}, "datetime": {"datetime": "2024-04-12 20:03:24", "elapsed": 1.509699, "delta": 0.007778}}
{"target": -377.1271362722361, "params": {"gamma": 7.332717432196549, "prior": 7.4702842154695475, "rate": 2.2147456123811025}, "datetime": {"datetime": "2024-04-12 20:03:24", "elapsed": 1.51757, "delta": 0.007871}}
{"target": -184.06777670482046, "params": {"gamma": 2.141907256069664, "prior": 2.0695844419279603, "rate": 1.4260408593206808}, "datetime": {"datetime": "2024-04-12 20:03:24", "elapsed": 1.525315, "delta": 0.007745}}
{"target": -322.3091000630849, "params": {"gamma": 3.7714489094741337, "prior": 0.3636160584470526, "rate": 1.110092769973372}, "datetime": {"datetime": "2024-04-12 20:03:24", "elapsed": 1.53306, "delta": 0.007745}}
{"target": -394.94912603229517, "params": {"gamma": 6.745965673610343, "prior": 8.017787715284124, "rate": 0.8062147417567307}, "datetime": {"datetime": "2024-04-12 20:03:24", "elapsed": 1.540874, "delta": 0.007814}}
{"target": -234.53255926905345, "params": {"gamma": 2.3177914025474347, "prior": 2.1554940518577625, "rate": 9.173418297253225}, "datetime": {"datetime": "2024-04-12 20:03:24", "elapsed": 1.548698, "delta": 0.007824}}
