{"target": -115.87807957235071, "params": {"gamma": 2.284586710307766, "prior": 5.821118099503602, "rate": 1.9832948404675734}, "datetime": {"datetime": "2024-04-12 14:41:28", "elapsed": 2650.314022, "delta": 4.764913}}
{"target": -115.87183847136988, "params": {"gamma": 2.1558042897299736, "prior": 3.638188508843034, "rate": 1.1819124978649738}, "datetime": {"datetime": "2024-04-12 14:41:35", "elapsed": 2657.157867, "delta": 6.843845}}
{"target": -115.86015017196021, "params": {"gamma": 2.169372496018793, "prior": 4.388695705231382, "rate": 1.5163089255202202}, "datetime": {"datetime": "2024-04-12 14:41:46", "elapsed": 2668.337454, "delta": 11.179587}}
{"target": -115.85595339185097, "params": {"gamma": 2.196435758507217, "prior": 6.919096411070324, "rate": 2.3993573925340272}, "datetime": {"datetime": "2024-04-12 14:42:00", "elapsed": 2682.305138, "delta": 13.967684}}
{"target": -115.8627282860356, "params": {"gamma": 2.2503033244768287, "prior": 4.399476434596406, "rate": 1.4513054310009441}, "datetime": {"datetime": "2024-04-12 14:42:07", "elapsed": 2688.670737, "delta": 6.365599}}
{"target": -115.8555447394881, "params": {"gamma": 2.221546287718015, "prior": 3.9730185863077954, "rate": 1.3118013005453284}, "datetime": {"datetime": "2024-04-12 14:42:18", "elapsed": 2700.51968, "delta": 11.848943}}
{"target": -115.86391784071819, "params": {"gamma": 2.220138540880053, "prior": 8.202460376180184, "rate": 2.895403764252696}, "datetime": {"datetime": "2024-04-12 14:42:25", "elapsed": 2707.452092, "delta": 6.932412}}
{"target": -115.85278516957803, "params": {"gamma": 2.2052670364147087, "prior": 4.616746515473824, "rate": 1.5385636626490946}, "datetime": {"datetime": "2024-04-12 14:42:33", "elapsed": 2715.212877, "delta": 7.760785}}
{"target": -115.85238154051216, "params": {"gamma": 2.2119878209205637, "prior": 4.87511944976949, "rate": 1.6626075617797096}, "datetime": {"datetime": "2024-04-12 14:42:41", "elapsed": 2722.826015, "delta": 7.613138}}
{"target": -115.86328713314988, "params": {"gamma": 2.222521850338587, "prior": 3.564290606070783, "rate": 1.2557248568427533}, "datetime": {"datetime": "2024-04-12 14:42:52", "elapsed": 2734.583231, "delta": 11.757216}}
{"target": -115.85974978083995, "params": {"gamma": 2.1806319226847273, "prior": 3.148706766713949, "rate": 1.0973005008647667}, "datetime": {"datetime": "2024-04-12 14:43:04", "elapsed": 2746.557657, "delta": 11.974426}}
{"target": -115.85813867529716, "params": {"gamma": 2.1969404319768944, "prior": 7.960634912102001, "rate": 2.603458102742109}, "datetime": {"datetime": "2024-04-12 14:43:10", "elapsed": 2752.425202, "delta": 5.867545}}
{"target": -115.85290498662347, "params": {"gamma": 2.2008396385120874, "prior": 4.775055561627773, "rate": 1.635420511297428}, "datetime": {"datetime": "2024-04-12 14:43:25", "elapsed": 2766.808094, "delta": 14.382892}}
{"target": -115.8526467672661, "params": {"gamma": 2.1961546817916293, "prior": 5.5453550698482434, "rate": 1.8910261776855382}, "datetime": {"datetime": "2024-04-12 14:43:31", "elapsed": 2773.629585, "delta": 6.821491}}
{"target": -115.86577216463263, "params": {"gamma": 2.1574698062342077, "prior": 2.330874805990153, "rate": 0.7683605867410811}, "datetime": {"datetime": "2024-04-12 14:43:42", "elapsed": 2783.924644, "delta": 10.295059}}
{"target": -115.87347545677817, "params": {"gamma": 2.2647780835147384, "prior": 8.455719176824948, "rate": 2.7512448384205146}, "datetime": {"datetime": "2024-04-12 14:43:55", "elapsed": 2796.697305, "delta": 12.772661}}
{"target": -115.86539434009534, "params": {"gamma": 2.2483327323107245, "prior": 9.69742112960632, "rate": 3.3804080447778295}, "datetime": {"datetime": "2024-04-12 14:43:59", "elapsed": 2801.067374, "delta": 4.370069}}
{"target": -115.86201873186641, "params": {"gamma": 2.184322809977844, "prior": 10.0, "rate": 3.511685412957432}, "datetime": {"datetime": "2024-04-12 14:44:08", "elapsed": 2809.935783, "delta": 8.868409}}
{"target": -115.85349845119248, "params": {"gamma": 2.2045137250391162, "prior": 6.590079926034759, "rate": 2.1875299813405746}, "datetime": {"datetime": "2024-04-12 14:44:16", "elapsed": 2818.08321, "delta": 8.147427}}
{"target": -115.85846434776889, "params": {"gamma": 2.211463563041294, "prior": 6.636964925555579, "rate": 2.3192074902393562}, "datetime": {"datetime": "2024-04-12 14:44:28", "elapsed": 2830.262787, "delta": 12.179577}}
{"target": -115.872139674482, "params": {"gamma": 2.2755494082531764, "prior": 7.248469398849718, "rate": 2.462200341880683}, "datetime": {"datetime": "2024-04-12 14:44:35", "elapsed": 2837.032366, "delta": 6.769579}}
{"target": -115.85550964615422, "params": {"gamma": 2.186178798579937, "prior": 5.244068170048338, "rate": 1.8065834698348735}, "datetime": {"datetime": "2024-04-12 14:44:50", "elapsed": 2852.549202, "delta": 15.516836}}
{"target": -115.86086065654104, "params": {"gamma": 2.218051711602849, "prior": 4.11339524994304, "rate": 1.4436159023143635}, "datetime": {"datetime": "2024-04-12 14:45:06", "elapsed": 2868.176568, "delta": 15.627366}}
{"target": -115.86327276605634, "params": {"gamma": 2.212968393510974, "prior": 9.196266728598946, "rate": 3.2470340094115944}, "datetime": {"datetime": "2024-04-12 14:45:13", "elapsed": 2875.60326, "delta": 7.426692}}
{"target": -115.8887769151965, "params": {"gamma": 2.202305873226058, "prior": 8.684996209135914, "rate": 3.178715876570284}, "datetime": {"datetime": "2024-04-12 14:45:19", "elapsed": 2880.791732, "delta": 5.188472}}
{"target": -115.85469834621821, "params": {"gamma": 2.228200990409685, "prior": 6.7718407645109275, "rate": 2.316164772081966}, "datetime": {"datetime": "2024-04-12 14:45:26", "elapsed": 2887.900999, "delta": 7.109267}}
{"target": -115.87021741688817, "params": {"gamma": 2.2486781486637843, "prior": 7.745589094602818, "rate": 2.501568049995475}, "datetime": {"datetime": "2024-04-12 14:45:36", "elapsed": 2897.677617, "delta": 9.776618}}
{"target": -115.85205910245814, "params": {"gamma": 2.20016272821753, "prior": 7.519356841561404, "rate": 2.554407265677894}, "datetime": {"datetime": "2024-04-12 14:45:48", "elapsed": 2909.832407, "delta": 12.15479}}
{"target": -115.85293150266214, "params": {"gamma": 2.195006058310581, "prior": 2.9311376735606434, "rate": 1.001178020925404}, "datetime": {"datetime": "2024-04-12 14:45:57", "elapsed": 2919.381813, "delta": 9.549406}}
{"target": -115.86223312607476, "params": {"gamma": 2.1670229595675576, "prior": 2.6076443531902203, "rate": 0.9054869630295019}, "datetime": {"datetime": "2024-04-12 14:46:09", "elapsed": 2931.075353, "delta": 11.69354}}
{"target": -115.85904311693037, "params": {"gamma": 2.231890634131632, "prior": 3.8032543036281337, "rate": 1.3203884418244503}, "datetime": {"datetime": "2024-04-12 14:46:19", "elapsed": 2941.006223, "delta": 9.93087}}
{"target": -115.85725543372095, "params": {"gamma": 2.174578425246604, "prior": 5.906289627552765, "rate": 1.968594075903264}, "datetime": {"datetime": "2024-04-12 14:46:25", "elapsed": 2947.180454, "delta": 6.174231}}
{"target": -115.8698727659111, "params": {"gamma": 2.153707469853478, "prior": 6.817375494285957, "rate": 2.230694179698535}, "datetime": {"datetime": "2024-04-12 14:46:36", "elapsed": 2958.589915, "delta": 11.409461}}
{"target": -115.85377202777042, "params": {"gamma": 2.1852227369583686, "prior": 8.614279876674034, "rate": 2.9251661802569897}, "datetime": {"datetime": "2024-04-12 14:46:47", "elapsed": 2969.412161, "delta": 10.822246}}
{"target": -115.85536096861551, "params": {"gamma": 2.1776505024672317, "prior": 9.880908717936789, "rate": 3.3536166853640887}, "datetime": {"datetime": "2024-04-12 14:46:53", "elapsed": 2975.333139, "delta": 5.920978}}
{"target": -115.85768692090501, "params": {"gamma": 2.2406566896075537, "prior": 8.832431024915754, "rate": 2.9408395225104393}, "datetime": {"datetime": "2024-04-12 14:47:00", "elapsed": 2982.318396, "delta": 6.985257}}
{"target": -115.86046897784777, "params": {"gamma": 2.2303727890211458, "prior": 7.421411256426232, "rate": 2.5892813965431074}, "datetime": {"datetime": "2024-04-12 14:47:08", "elapsed": 2990.080112, "delta": 7.761716}}
{"target": -115.85403579460588, "params": {"gamma": 2.2105522002046043, "prior": 9.178019515329241, "rate": 3.039105761740254}, "datetime": {"datetime": "2024-04-12 14:47:18", "elapsed": 2999.767314, "delta": 9.687202}}
{"target": -115.85955988763467, "params": {"gamma": 2.2207516692166123, "prior": 9.661952985405907, "rate": 3.150260841527796}, "datetime": {"datetime": "2024-04-12 14:47:25", "elapsed": 3006.823535, "delta": 7.056221}}
{"target": -115.88598283446335, "params": {"gamma": 2.1517409691165033, "prior": 7.5474504850576585, "rate": 2.39884382381655}, "datetime": {"datetime": "2024-04-12 14:47:35", "elapsed": 3017.18879, "delta": 10.365255}}
{"target": -115.87698040090031, "params": {"gamma": 2.1958558778537096, "prior": 10.0, "rate": 3.1613434660225175}, "datetime": {"datetime": "2024-04-12 14:47:47", "elapsed": 3029.108047, "delta": 11.919257}}
{"target": -115.87114453736645, "params": {"gamma": 2.2250456725410213, "prior": 8.448427600952249, "rate": 3.015225110341736}, "datetime": {"datetime": "2024-04-12 14:47:53", "elapsed": 3035.328653, "delta": 6.220606}}
{"target": -115.8555982468683, "params": {"gamma": 2.2238135715090173, "prior": 2.7799367108872275, "rate": 0.9187626153592805}, "datetime": {"datetime": "2024-04-12 14:48:03", "elapsed": 3044.898256, "delta": 9.569603}}
{"target": -115.8589091434066, "params": {"gamma": 2.1656076983422583, "prior": 5.091313097748649, "rate": 1.7261750953534283}, "datetime": {"datetime": "2024-04-12 14:48:18", "elapsed": 3060.495396, "delta": 15.59714}}
{"target": -115.9305697346885, "params": {"gamma": 2.1848218785637137, "prior": 10.0, "rate": 3.7944343016707744}, "datetime": {"datetime": "2024-04-12 14:48:26", "elapsed": 3067.946287, "delta": 7.450891}}
{"target": -115.86157229568694, "params": {"gamma": 2.160157748974236, "prior": 8.42875046111386, "rate": 2.820972041630143}, "datetime": {"datetime": "2024-04-12 14:48:32", "elapsed": 3074.450662, "delta": 6.504375}}
{"target": -115.87622252998017, "params": {"gamma": 2.2628092157023563, "prior": 6.259287821241591, "rate": 2.204144799716104}, "datetime": {"datetime": "2024-04-12 14:48:46", "elapsed": 3088.496969, "delta": 14.046307}}
{"target": -115.85292058357513, "params": {"gamma": 2.2141896154409237, "prior": 6.003435218999846, "rate": 2.0538573834021743}, "datetime": {"datetime": "2024-04-12 14:48:58", "elapsed": 3099.927519, "delta": 11.43055}}
{"target": -115.86110396670259, "params": {"gamma": 2.2135803788239037, "prior": 7.6462552831673944, "rate": 2.6875294748115657}, "datetime": {"datetime": "2024-04-12 14:49:09", "elapsed": 3110.857067, "delta": 10.929548}}
{"target": -115.85297986198682, "params": {"gamma": 2.221629194878993, "prior": 9.643439140845178, "rate": 3.2794884800351443}, "datetime": {"datetime": "2024-04-12 14:49:15", "elapsed": 3116.883172, "delta": 6.026105}}
{"target": -115.89089994936101, "params": {"gamma": 2.296232886272644, "prior": 3.223616044260326, "rate": 1.1187970495171606}, "datetime": {"datetime": "2024-04-12 14:49:22", "elapsed": 3124.188255, "delta": 7.305083}}
{"target": -115.85623166929516, "params": {"gamma": 2.1758675008700323, "prior": 5.698584314822777, "rate": 1.9452385730717374}, "datetime": {"datetime": "2024-04-12 14:49:35", "elapsed": 3137.576784, "delta": 13.388529}}
{"target": -115.85320250627959, "params": {"gamma": 2.2250579886644637, "prior": 5.424567352391094, "rate": 1.8354439641084637}, "datetime": {"datetime": "2024-04-12 14:49:47", "elapsed": 3148.724061, "delta": 11.147277}}
{"target": -115.86196349669841, "params": {"gamma": 2.204063386490932, "prior": 5.750090309445123, "rate": 1.8616403737169045}, "datetime": {"datetime": "2024-04-12 14:49:57", "elapsed": 3158.683713, "delta": 9.959652}}
{"target": -115.86911829303622, "params": {"gamma": 2.143976773874889, "prior": 9.441523397177127, "rate": 3.1621087790086646}, "datetime": {"datetime": "2024-04-12 14:50:04", "elapsed": 3165.893397, "delta": 7.209684}}
{"target": -115.86200359704281, "params": {"gamma": 2.1681136513272135, "prior": 3.3573073651829373, "rate": 1.1662779138415633}, "datetime": {"datetime": "2024-04-12 14:50:12", "elapsed": 3174.393818, "delta": 8.500421}}
{"target": -115.8911822979625, "params": {"gamma": 2.169004685839755, "prior": 5.505008121854359, "rate": 2.0107623763023783}, "datetime": {"datetime": "2024-04-12 14:50:22", "elapsed": 3183.881394, "delta": 9.487576}}
{"target": -115.85223273203184, "params": {"gamma": 2.1980747716670246, "prior": 4.322475416793591, "rate": 1.451858418914299}, "datetime": {"datetime": "2024-04-12 14:50:33", "elapsed": 3195.254087, "delta": 11.372693}}
{"target": -115.87258370094104, "params": {"gamma": 2.193936274415341, "prior": 1.828402225102846, "rate": 0.6557246530670188}, "datetime": {"datetime": "2024-04-12 14:50:41", "elapsed": 3202.845843, "delta": 7.591756}}
{"target": -115.86114637550827, "params": {"gamma": 2.1652496117196303, "prior": 4.012651912340684, "rate": 1.3309742623146297}, "datetime": {"datetime": "2024-04-12 14:50:48", "elapsed": 3209.875122, "delta": 7.029279}}
{"target": -115.8718477030719, "params": {"gamma": 2.1387813443792867, "prior": 6.3239554765561055, "rate": 2.121928176521881}, "datetime": {"datetime": "2024-04-12 14:50:57", "elapsed": 3219.454716, "delta": 9.579594}}
{"target": -115.90792563277034, "params": {"gamma": 2.1641373870677416, "prior": 8.59636733346192, "rate": 2.645688832915992}, "datetime": {"datetime": "2024-04-12 14:51:05", "elapsed": 3226.980562, "delta": 7.525846}}
{"target": -115.8654347132594, "params": {"gamma": 2.150130660336401, "prior": 8.780437103493208, "rate": 2.959651306262361}, "datetime": {"datetime": "2024-04-12 14:51:14", "elapsed": 3236.37142, "delta": 9.390858}}
{"target": -115.8526346860568, "params": {"gamma": 2.199564940185473, "prior": 7.870997986667126, "rate": 2.6893884485446025}, "datetime": {"datetime": "2024-04-12 14:51:19", "elapsed": 3241.037625, "delta": 4.666205}}
{"target": -115.86260991412085, "params": {"gamma": 2.157119630446371, "prior": 8.200579335777762, "rate": 2.7997863795334146}, "datetime": {"datetime": "2024-04-12 14:51:28", "elapsed": 3250.465176, "delta": 9.427551}}
{"target": -115.87248429067958, "params": {"gamma": 2.193989263151524, "prior": 7.321978167381254, "rate": 2.3303104091069398}, "datetime": {"datetime": "2024-04-12 14:51:38", "elapsed": 3260.584623, "delta": 10.119447}}
{"target": -115.85338860725, "params": {"gamma": 2.1975854392988547, "prior": 7.04785525029694, "rate": 2.4182559573573115}, "datetime": {"datetime": "2024-04-12 14:51:47", "elapsed": 3268.851427, "delta": 8.266804}}
{"target": -115.8617848117713, "params": {"gamma": 2.255346681198377, "prior": 9.363578868984037, "rate": 3.1566884411302762}, "datetime": {"datetime": "2024-04-12 14:51:56", "elapsed": 3277.669792, "delta": 8.818365}}
{"target": -115.8600994835593, "params": {"gamma": 2.194114688365227, "prior": 2.8865426810509636, "rate": 0.9399864069162331}, "datetime": {"datetime": "2024-04-12 14:52:06", "elapsed": 3287.81591, "delta": 10.146118}}
{"target": -115.88739732617164, "params": {"gamma": 2.176434619359869, "prior": 8.169759337177757, "rate": 2.5601930710885594}, "datetime": {"datetime": "2024-04-12 14:52:12", "elapsed": 3294.225461, "delta": 6.409551}}
{"target": -115.85254411078138, "params": {"gamma": 2.217699809813696, "prior": 8.969527103224456, "rate": 3.050767602195914}, "datetime": {"datetime": "2024-04-12 14:52:19", "elapsed": 3301.506577, "delta": 7.281116}}
{"target": -115.86323382603449, "params": {"gamma": 2.2505837773644872, "prior": 4.517778552191501, "rate": 1.4880891702418504}, "datetime": {"datetime": "2024-04-12 14:52:28", "elapsed": 3309.688633, "delta": 8.182056}}
{"target": -115.85754274420181, "params": {"gamma": 2.173762891898075, "prior": 4.700647740084879, "rate": 1.566194972078398}, "datetime": {"datetime": "2024-04-12 14:52:40", "elapsed": 3321.68669, "delta": 11.998057}}
{"target": -115.85794605921168, "params": {"gamma": 2.16995321712398, "prior": 1.5604121823328958, "rate": 0.522760370601082}, "datetime": {"datetime": "2024-04-12 14:52:44", "elapsed": 3326.321529, "delta": 4.634839}}
{"target": -115.85882155869207, "params": {"gamma": 2.2033580231582186, "prior": 5.113470753692385, "rate": 1.789330791064491}, "datetime": {"datetime": "2024-04-12 14:52:54", "elapsed": 3336.329295, "delta": 10.007766}}
{"target": -115.85938277082771, "params": {"gamma": 2.217930116457388, "prior": 4.990452373894967, "rate": 1.6267009877762622}, "datetime": {"datetime": "2024-04-12 14:53:03", "elapsed": 3344.7604, "delta": 8.431105}}
{"target": -115.89322568414985, "params": {"gamma": 2.188640365290666, "prior": 2.3010707425100487, "rate": 0.8456580051848874}, "datetime": {"datetime": "2024-04-12 14:53:16", "elapsed": 3357.756179, "delta": 12.995779}}
{"target": -115.85406555129454, "params": {"gamma": 2.2286046224819067, "prior": 3.0048695492224105, "rate": 1.021491501982578}, "datetime": {"datetime": "2024-04-12 14:53:21", "elapsed": 3363.366739, "delta": 5.61056}}
{"target": -115.8926934303093, "params": {"gamma": 2.180141400539252, "prior": 4.874483574208504, "rate": 1.7882684446706116}, "datetime": {"datetime": "2024-04-12 14:53:30", "elapsed": 3371.736849, "delta": 8.37011}}
{"target": -115.87018108244908, "params": {"gamma": 2.1968691735447603, "prior": 4.51116337760595, "rate": 1.6124611839001644}, "datetime": {"datetime": "2024-04-12 14:53:40", "elapsed": 3382.173419, "delta": 10.43657}}
{"target": -115.89023131191817, "params": {"gamma": 2.1480555984018626, "prior": 6.679211041136163, "rate": 2.413633930465155}, "datetime": {"datetime": "2024-04-12 14:53:49", "elapsed": 3390.831198, "delta": 8.657779}}
{"target": -115.85569411093964, "params": {"gamma": 2.2371517566543586, "prior": 6.894645803790003, "rate": 2.324501431757734}, "datetime": {"datetime": "2024-04-12 14:54:03", "elapsed": 3405.003181, "delta": 14.171983}}
{"target": -115.8529399103372, "params": {"gamma": 2.222812226529305, "prior": 10.0, "rate": 3.362691176276743}, "datetime": {"datetime": "2024-04-12 14:54:09", "elapsed": 3411.610332, "delta": 6.607151}}
{"target": -115.85871512496176, "params": {"gamma": 2.2407183309587184, "prior": 7.513519320595989, "rate": 2.488151727200211}, "datetime": {"datetime": "2024-04-12 14:54:18", "elapsed": 3419.823802, "delta": 8.21347}}
{"target": -115.86468664360208, "params": {"gamma": 2.2540741402083, "prior": 2.5319560645114034, "rate": 0.833601190203534}, "datetime": {"datetime": "2024-04-12 14:54:27", "elapsed": 3429.460633, "delta": 9.636831}}
{"target": -115.85766638636713, "params": {"gamma": 2.2343128857749086, "prior": 6.138971544441004, "rate": 2.1169779929828376}, "datetime": {"datetime": "2024-04-12 14:54:35", "elapsed": 3437.630915, "delta": 8.170282}}
{"target": -115.8608654427578, "params": {"gamma": 2.2426803936762894, "prior": 3.5248099720932293, "rate": 1.1599925887059295}, "datetime": {"datetime": "2024-04-12 14:54:44", "elapsed": 3446.486547, "delta": 8.855632}}
{"target": -115.86626682081942, "params": {"gamma": 2.2295351585211405, "prior": 9.520770861990627, "rate": 3.068130911475204}, "datetime": {"datetime": "2024-04-12 14:54:55", "elapsed": 3457.244757, "delta": 10.75821}}
{"target": -115.85940370196678, "params": {"gamma": 2.1651603514082316, "prior": 2.1900938800719825, "rate": 0.7348870896889129}, "datetime": {"datetime": "2024-04-12 14:55:03", "elapsed": 3465.270623, "delta": 8.025866}}
{"target": -115.85490323911037, "params": {"gamma": 2.2187312777605976, "prior": 8.697051040428892, "rate": 2.9993445464905224}, "datetime": {"datetime": "2024-04-12 14:55:12", "elapsed": 3474.149307, "delta": 8.878684}}
{"target": -115.8572772888037, "params": {"gamma": 2.207886460898374, "prior": 9.212382729922124, "rate": 3.0160617256055615}, "datetime": {"datetime": "2024-04-12 14:55:17", "elapsed": 3479.39703, "delta": 5.247723}}
{"target": -115.8640645664843, "params": {"gamma": 2.224418475788631, "prior": 6.233071214748921, "rate": 2.0140116841504176}, "datetime": {"datetime": "2024-04-12 14:55:27", "elapsed": 3489.098337, "delta": 9.701307}}
{"target": -115.85599480981357, "params": {"gamma": 2.2022121008029067, "prior": 5.6685924414389355, "rate": 1.8637440995042915}, "datetime": {"datetime": "2024-04-12 14:55:34", "elapsed": 3496.474863, "delta": 7.376526}}
{"target": -115.86863981632649, "params": {"gamma": 2.144222062268842, "prior": 2.8279181082852003, "rate": 0.9642215917645338}, "datetime": {"datetime": "2024-04-12 14:55:44", "elapsed": 3506.249666, "delta": 9.774803}}
{"target": -115.87495465608538, "params": {"gamma": 2.254847736159625, "prior": 4.029886872197535, "rate": 1.4254598749684342}, "datetime": {"datetime": "2024-04-12 14:55:58", "elapsed": 3519.658418, "delta": 13.408752}}
{"target": -115.86068451311978, "params": {"gamma": 2.172048874715482, "prior": 2.0355879566783783, "rate": 0.7068003295844345}, "datetime": {"datetime": "2024-04-12 14:56:08", "elapsed": 3530.404169, "delta": 10.745751}}
{"target": -115.85528891623227, "params": {"gamma": 2.2326131520211967, "prior": 6.4484767180854, "rate": 2.2004599564613363}, "datetime": {"datetime": "2024-04-12 14:56:14", "elapsed": 3535.981881, "delta": 5.577712}}
{"target": -115.85480174545586, "params": {"gamma": 2.2189742736813316, "prior": 7.978414695590582, "rate": 2.6392453084363807}, "datetime": {"datetime": "2024-04-12 14:56:23", "elapsed": 3545.048813, "delta": 9.066932}}
{"target": -115.85794129444156, "params": {"gamma": 2.208699751595485, "prior": 9.519673171300187, "rate": 3.3231289851252126}, "datetime": {"datetime": "2024-04-12 14:56:35", "elapsed": 3556.842356, "delta": 11.793543}}
{"target": -115.8635321778506, "params": {"gamma": 2.2199741683115146, "prior": 8.137757185227288, "rate": 2.8705307877215884}, "datetime": {"datetime": "2024-04-12 14:56:51", "elapsed": 3572.856427, "delta": 16.014071}}
