{"target": -223.351983014801, "params": {"gamma": 0.7145258808075728, "lr": 0.8372461789017669}, "datetime": {"datetime": "2024-04-04 06:22:12", "elapsed": 4355.833763, "delta": 7.814506}}
{"target": -170.881632587334, "params": {"gamma": 0.517938832247384, "lr": 0.5043916685760267}, "datetime": {"datetime": "2024-04-04 06:22:34", "elapsed": 4377.721028, "delta": 21.887265}}
{"target": -144.98195276768843, "params": {"gamma": 0.001, "lr": 0.08091015825782737}, "datetime": {"datetime": "2024-04-04 06:22:44", "elapsed": 4387.70935, "delta": 9.988322}}
{"target": -218.164229869096, "params": {"gamma": 0.7079383978800946, "lr": 0.7863958588137195}, "datetime": {"datetime": "2024-04-04 06:23:05", "elapsed": 4408.740961, "delta": 21.031611}}
{"target": -372.6540738255397, "params": {"gamma": 1.6291529627235233, "lr": 0.4062663146655727}, "datetime": {"datetime": "2024-04-04 06:23:11", "elapsed": 4415.513721, "delta": 6.77276}}
{"target": -373.8147852810162, "params": {"gamma": 1.5252395712666587, "lr": 0.7070293860028587}, "datetime": {"datetime": "2024-04-04 06:23:18", "elapsed": 4422.217587, "delta": 6.703866}}
{"target": -434.3134658112928, "params": {"gamma": 1.84991755564086, "lr": 0.7459299844139095}, "datetime": {"datetime": "2024-04-04 06:23:27", "elapsed": 4431.494079, "delta": 9.276492}}
{"target": -141.39263663496715, "params": {"gamma": 0.1676803332154595, "lr": 0.5607838411608951}, "datetime": {"datetime": "2024-04-04 06:23:42", "elapsed": 4445.92038, "delta": 14.426301}}
{"target": -336.9714092952577, "params": {"gamma": 1.4792530903317223, "lr": 0.6044661151507307}, "datetime": {"datetime": "2024-04-04 06:23:50", "elapsed": 4454.017843, "delta": 8.097463}}
{"target": -144.76321515354329, "params": {"gamma": 0.0016518658926214557, "lr": 0.5041420587095092}, "datetime": {"datetime": "2024-04-04 06:24:00", "elapsed": 4464.637984, "delta": 10.620141}}
{"target": -146.37555525375708, "params": {"gamma": 0.2361153639202923, "lr": 0.9780155334286372}, "datetime": {"datetime": "2024-04-04 06:24:13", "elapsed": 4477.639421, "delta": 13.001437}}
{"target": -141.478983463679, "params": {"gamma": 0.1758772064404396, "lr": 0.7137938359287536}, "datetime": {"datetime": "2024-04-04 06:24:26", "elapsed": 4490.109853, "delta": 12.470432}}
{"target": -361.5507867042971, "params": {"gamma": 1.4560104788752863, "lr": 0.6759748326104653}, "datetime": {"datetime": "2024-04-04 06:24:32", "elapsed": 4495.942731, "delta": 5.832878}}
{"target": -140.4977570030345, "params": {"gamma": 0.11675596166020413, "lr": 0.8088870607454444}, "datetime": {"datetime": "2024-04-04 06:24:45", "elapsed": 4509.50789, "delta": 13.565159}}
{"target": -141.90066024896808, "params": {"gamma": 0.14295957601746065, "lr": 0.45667149376770755}, "datetime": {"datetime": "2024-04-04 06:24:52", "elapsed": 4516.108421, "delta": 6.600531}}
{"target": -158.18200624560006, "params": {"gamma": 0.35932627833912606, "lr": 0.42059802737687424}, "datetime": {"datetime": "2024-04-04 06:25:00", "elapsed": 4524.360326, "delta": 8.251905}}
{"target": -148.02446275324425, "params": {"gamma": 0.15891996073930714, "lr": 0.2723401623858369}, "datetime": {"datetime": "2024-04-04 06:25:12", "elapsed": 4536.705464, "delta": 12.345138}}
{"target": -960.9130517118089, "params": {"gamma": 4.688267679963025, "lr": 0.3868661444216558}, "datetime": {"datetime": "2024-04-04 06:25:16", "elapsed": 4540.21442, "delta": 3.508956}}
{"target": -222.8922538146236, "params": {"gamma": 0.8363740772783578, "lr": 0.3338293703737265}, "datetime": {"datetime": "2024-04-04 06:25:24", "elapsed": 4548.552122, "delta": 8.337702}}
{"target": -169.94288341942638, "params": {"gamma": 0.45931582201541665, "lr": 0.3273120917081593}, "datetime": {"datetime": "2024-04-04 06:25:31", "elapsed": 4555.312017, "delta": 6.759895}}
{"target": -177.51799423685253, "params": {"gamma": 0.5782419853158661, "lr": 0.3986557195104209}, "datetime": {"datetime": "2024-04-04 06:25:39", "elapsed": 4563.272096, "delta": 7.960079}}
{"target": -535.196766700857, "params": {"gamma": 1.9091640639949414, "lr": 1.0}, "datetime": {"datetime": "2024-04-04 06:25:52", "elapsed": 4576.679083, "delta": 13.406987}}
{"target": -278.17091965304445, "params": {"gamma": 0.4883615511617005, "lr": 0.08848281616426723}, "datetime": {"datetime": "2024-04-04 06:26:10", "elapsed": 4594.245042, "delta": 17.565959}}
{"target": -164.876246462935, "params": {"gamma": 0.38528169398276757, "lr": 0.9186545355918818}, "datetime": {"datetime": "2024-04-04 06:26:39", "elapsed": 4622.892219, "delta": 28.647177}}
{"target": -144.75397926941795, "params": {"gamma": 0.031319061796546976, "lr": 0.283404911551581}, "datetime": {"datetime": "2024-04-04 06:26:49", "elapsed": 4633.277659, "delta": 10.38544}}
{"target": -147.73608127751615, "params": {"gamma": 0.3156052862048284, "lr": 0.6662436566322845}, "datetime": {"datetime": "2024-04-04 06:26:59", "elapsed": 4643.249077, "delta": 9.971418}}
{"target": -443.81276686049216, "params": {"gamma": 1.6800644331760017, "lr": 0.9418523521031655}, "datetime": {"datetime": "2024-04-04 06:27:05", "elapsed": 4649.110865, "delta": 5.861788}}
{"target": -143.30828360238482, "params": {"gamma": 0.08274099735320098, "lr": 0.3645891410252418}, "datetime": {"datetime": "2024-04-04 06:27:16", "elapsed": 4660.249501, "delta": 11.138636}}
{"target": -229.1204013793608, "params": {"gamma": 0.36896663497106524, "lr": 0.10231028518833918}, "datetime": {"datetime": "2024-04-04 06:27:26", "elapsed": 4669.994028, "delta": 9.744527}}
{"target": -2113.743564168195, "params": {"gamma": 10.0, "lr": 0.29667283748406753}, "datetime": {"datetime": "2024-04-04 06:27:33", "elapsed": 4676.888797, "delta": 6.894769}}
{"target": -144.86776073702882, "params": {"gamma": 2.3955178449860095, "lr": 0.0}, "datetime": {"datetime": "2024-04-04 06:27:42", "elapsed": 4686.274821, "delta": 9.386024}}
{"target": -291.0681516527409, "params": {"gamma": 1.0661661014947372, "lr": 0.7726117250412741}, "datetime": {"datetime": "2024-04-04 06:27:58", "elapsed": 4701.75569, "delta": 15.480869}}
{"target": -302.71580661364334, "params": {"gamma": 1.1674046916154972, "lr": 0.26598435258298136}, "datetime": {"datetime": "2024-04-04 06:28:09", "elapsed": 4713.57602, "delta": 11.82033}}
{"target": -247.09151190853518, "params": {"gamma": 0.7694444933861506, "lr": 1.0}, "datetime": {"datetime": "2024-04-04 06:28:23", "elapsed": 4727.24139, "delta": 13.66537}}
{"target": -153.4481661281103, "params": {"gamma": 0.2998186209862448, "lr": 0.2863290323696188}, "datetime": {"datetime": "2024-04-04 06:28:29", "elapsed": 4733.411431, "delta": 6.170041}}
{"target": -200.7473459450141, "params": {"gamma": 0.33248195875226666, "lr": 0.16100258962287384}, "datetime": {"datetime": "2024-04-04 06:28:37", "elapsed": 4741.346955, "delta": 7.935524}}
{"target": -187.25561265692969, "params": {"gamma": 0.6541221629130632, "lr": 0.5758180917632035}, "datetime": {"datetime": "2024-04-04 06:28:44", "elapsed": 4748.111348, "delta": 6.764393}}
{"target": -145.12923374868564, "params": {"gamma": 0.2528565770836408, "lr": 0.4862783878203303}, "datetime": {"datetime": "2024-04-04 06:28:57", "elapsed": 4760.769705, "delta": 12.658357}}
{"target": -170.1599057149002, "params": {"gamma": 0.14395126383296017, "lr": 0.07512147729968159}, "datetime": {"datetime": "2024-04-04 06:29:09", "elapsed": 4773.634923, "delta": 12.865218}}
{"target": -139.3385014603441, "params": {"gamma": 0.15068983491980134, "lr": 0.6428560118186869}, "datetime": {"datetime": "2024-04-04 06:29:13", "elapsed": 4777.418021, "delta": 3.783098}}
{"target": -159.70263396761982, "params": {"gamma": 0.4228119372287297, "lr": 0.5205161977919128}, "datetime": {"datetime": "2024-04-04 06:29:19", "elapsed": 4783.471731, "delta": 6.05371}}
{"target": -220.39139782643093, "params": {"gamma": 0.6160198442475965, "lr": 0.23532366212992972}, "datetime": {"datetime": "2024-04-04 06:29:27", "elapsed": 4790.893447, "delta": 7.421716}}
{"target": -173.71155806492695, "params": {"gamma": 0.1587529864062044, "lr": 0.029874874828584568}, "datetime": {"datetime": "2024-04-04 06:29:38", "elapsed": 4802.302545, "delta": 11.409098}}
{"target": -192.76110494806053, "params": {"gamma": 0.5565569699425488, "lr": 0.8475331810326034}, "datetime": {"datetime": "2024-04-04 06:29:46", "elapsed": 4810.129018, "delta": 7.826473}}
{"target": -306.07627231057364, "params": {"gamma": 1.317842766035491, "lr": 0.6002579222778388}, "datetime": {"datetime": "2024-04-04 06:29:54", "elapsed": 4818.182622, "delta": 8.053604}}
{"target": -4378.518326919908, "params": {"gamma": 9.57544634576314, "lr": 0.04203317101924797}, "datetime": {"datetime": "2024-04-04 06:29:58", "elapsed": 4821.864417, "delta": 3.681795}}
{"target": -172.69750405282647, "params": {"gamma": 0.4351131634400631, "lr": 0.9485829541441816}, "datetime": {"datetime": "2024-04-04 06:30:01", "elapsed": 4825.234976, "delta": 3.370559}}
{"target": -338.14825648027306, "params": {"gamma": 1.242211946292801, "lr": 0.8357318364543548}, "datetime": {"datetime": "2024-04-04 06:30:13", "elapsed": 4836.811821, "delta": 11.576845}}
{"target": -141.7538381534733, "params": {"gamma": 0.07185941055094668, "lr": 0.5501852897216686}, "datetime": {"datetime": "2024-04-04 06:30:21", "elapsed": 4845.05923, "delta": 8.247409}}
{"target": -180.3033505013166, "params": {"gamma": 0.6282711650869441, "lr": 0.4591942825409442}, "datetime": {"datetime": "2024-04-04 06:30:41", "elapsed": 4865.031182, "delta": 19.971952}}
{"target": -540.9360444202515, "params": {"gamma": 2.502059009818817, "lr": 0.36796437738684895}, "datetime": {"datetime": "2024-04-04 06:30:47", "elapsed": 4870.885309, "delta": 5.854127}}
{"target": -147.85125554715597, "params": {"gamma": 0.31270649224855457, "lr": 0.5998046825916811}, "datetime": {"datetime": "2024-04-04 06:30:58", "elapsed": 4881.856633, "delta": 10.971324}}
{"target": -162.41493106692687, "params": {"gamma": 0.37355354032668403, "lr": 0.841190402259982}, "datetime": {"datetime": "2024-04-04 06:31:09", "elapsed": 4892.721548, "delta": 10.864915}}
{"target": -144.98350061822953, "params": {"gamma": 0.10603231372431077, "lr": 0.3272600158790795}, "datetime": {"datetime": "2024-04-04 06:31:15", "elapsed": 4899.030139, "delta": 6.308591}}
{"target": -163.81714485508354, "params": {"gamma": 0.4096731303800143, "lr": 0.6911214596890304}, "datetime": {"datetime": "2024-04-04 06:31:26", "elapsed": 4909.853886, "delta": 10.823747}}
{"target": -144.69168935754467, "params": {"gamma": 0.2013207385105183, "lr": 0.3871134465666536}, "datetime": {"datetime": "2024-04-04 06:31:41", "elapsed": 4925.349407, "delta": 15.495521}}
{"target": -178.05415489065473, "params": {"gamma": 0.473519607679098, "lr": 0.25174002261519435}, "datetime": {"datetime": "2024-04-04 06:31:53", "elapsed": 4936.946181, "delta": 11.596774}}
{"target": -153.93565894897472, "params": {"gamma": 0.30597707279604247, "lr": 0.8065977629812776}, "datetime": {"datetime": "2024-04-04 06:32:08", "elapsed": 4952.65152, "delta": 15.705339}}
{"target": -415.9433104527982, "params": {"gamma": 0.8065766248235349, "lr": 0.08106503469681825}, "datetime": {"datetime": "2024-04-04 06:32:19", "elapsed": 4963.128384, "delta": 10.476864}}
{"target": -1905.7245085057598, "params": {"gamma": 7.944551449369426, "lr": 0.7747548578846204}, "datetime": {"datetime": "2024-04-04 06:32:23", "elapsed": 4966.968805, "delta": 3.840421}}
{"target": -141.88330488257756, "params": {"gamma": 0.04004077518883032, "lr": 0.6523857474849447}, "datetime": {"datetime": "2024-04-04 06:32:32", "elapsed": 4975.987794, "delta": 9.018989}}
{"target": -167.1846587360024, "params": {"gamma": 0.49215440819241646, "lr": 0.6246409577063414}, "datetime": {"datetime": "2024-04-04 06:32:49", "elapsed": 4993.426295, "delta": 17.438501}}
{"target": -194.5006479775484, "params": {"gamma": 0.7348499403080989, "lr": 0.467009814068612}, "datetime": {"datetime": "2024-04-04 06:33:00", "elapsed": 5004.473903, "delta": 11.047608}}
{"target": -155.01190081876518, "params": {"gamma": 0.33150632519464734, "lr": 0.351711780257178}, "datetime": {"datetime": "2024-04-04 06:33:09", "elapsed": 5013.152381, "delta": 8.678478}}
{"target": -246.96756616802534, "params": {"gamma": 1.079700457092995, "lr": 0.4546699169770254}, "datetime": {"datetime": "2024-04-04 06:33:22", "elapsed": 5026.437795, "delta": 13.285414}}
{"target": -175.12697974683735, "params": {"gamma": 0.45040604805969375, "lr": 0.9041617384442912}, "datetime": {"datetime": "2024-04-04 06:33:31", "elapsed": 5035.210328, "delta": 8.772533}}
{"target": -146.87472736935632, "params": {"gamma": 0.016576288095554954, "lr": 0.01994193706571179}, "datetime": {"datetime": "2024-04-04 06:33:40", "elapsed": 5044.214734, "delta": 9.004406}}
{"target": -144.86776073702882, "params": {"gamma": 0.11643269704603636, "lr": 0.0}, "datetime": {"datetime": "2024-04-04 06:33:48", "elapsed": 5051.923089, "delta": 7.708355}}
{"target": -357.7427452616873, "params": {"gamma": 1.5578457441462719, "lr": 0.3537463352309732}, "datetime": {"datetime": "2024-04-04 06:34:02", "elapsed": 5066.15146, "delta": 14.228371}}
{"target": -548.3327628120693, "params": {"gamma": 2.285711242706096, "lr": 0.2672877830426317}, "datetime": {"datetime": "2024-04-04 06:34:13", "elapsed": 5077.069874, "delta": 10.918414}}
{"target": -234.11759569903015, "params": {"gamma": 0.7889869521208891, "lr": 0.7912128755968986}, "datetime": {"datetime": "2024-04-04 06:34:25", "elapsed": 5089.062645, "delta": 11.992771}}
{"target": -1651.0532964720455, "params": {"gamma": 7.818203794294855, "lr": 0.6081558390144978}, "datetime": {"datetime": "2024-04-04 06:34:29", "elapsed": 5092.975654, "delta": 3.913009}}
{"target": -141.21858113231215, "params": {"gamma": 0.10290232991502452, "lr": 0.5107129506967409}, "datetime": {"datetime": "2024-04-04 06:34:45", "elapsed": 5109.570595, "delta": 16.594941}}
{"target": -235.0375167895844, "params": {"gamma": 0.9559898131862479, "lr": 0.5856926761029855}, "datetime": {"datetime": "2024-04-04 06:34:55", "elapsed": 5119.277182, "delta": 9.706587}}
{"target": -202.61585965416194, "params": {"gamma": 0.6031541736954034, "lr": 0.9052250848219303}, "datetime": {"datetime": "2024-04-04 06:35:04", "elapsed": 5127.797344, "delta": 8.520162}}
{"target": -139.9583015883018, "params": {"gamma": 0.12361237234457884, "lr": 0.9447850692565403}, "datetime": {"datetime": "2024-04-04 06:35:15", "elapsed": 5138.902222, "delta": 11.104878}}
{"target": -146.06155663813428, "params": {"gamma": 0.10956651652552515, "lr": 0.25018289833647445}, "datetime": {"datetime": "2024-04-04 06:35:23", "elapsed": 5146.963388, "delta": 8.061166}}
{"target": -186.36868881202344, "params": {"gamma": 0.5611951133833967, "lr": 0.6888129770846638}, "datetime": {"datetime": "2024-04-04 06:35:35", "elapsed": 5159.437055, "delta": 12.473667}}
{"target": -194.65572032301506, "params": {"gamma": 0.5817771209454838, "lr": 0.7927214764106022}, "datetime": {"datetime": "2024-04-04 06:35:41", "elapsed": 5165.608189, "delta": 6.171134}}
{"target": -145.79486852972784, "params": {"gamma": 0.24205332531062132, "lr": 0.682883659086573}, "datetime": {"datetime": "2024-04-04 06:35:53", "elapsed": 5176.792837, "delta": 11.184648}}
{"target": -142.68227795822474, "params": {"gamma": 0.1862581916985548, "lr": 0.8206767059614983}, "datetime": {"datetime": "2024-04-04 06:36:07", "elapsed": 5190.970812, "delta": 14.177975}}
{"target": -151.44530101907932, "params": {"gamma": 0.35635095665662414, "lr": 0.5984555497329571}, "datetime": {"datetime": "2024-04-04 06:36:13", "elapsed": 5197.421664, "delta": 6.450852}}
{"target": -673.9039167732525, "params": {"gamma": 2.4328437419467424, "lr": 1.0}, "datetime": {"datetime": "2024-04-04 06:36:34", "elapsed": 5218.700968, "delta": 21.279304}}
{"target": -143.33264376070017, "params": {"gamma": 0.2535783399718678, "lr": 0.6310779804123002}, "datetime": {"datetime": "2024-04-04 06:36:56", "elapsed": 5240.117506, "delta": 21.416538}}
{"target": -264.2136640062497, "params": {"gamma": 0.9765684566678461, "lr": 0.25933087339129357}, "datetime": {"datetime": "2024-04-04 06:37:03", "elapsed": 5247.072143, "delta": 6.954637}}
{"target": -205.50818556504788, "params": {"gamma": 0.7784459784871863, "lr": 0.39500717682658437}, "datetime": {"datetime": "2024-04-04 06:37:10", "elapsed": 5254.030509, "delta": 6.958366}}
{"target": -190.65020341948417, "params": {"gamma": 0.29026022919867045, "lr": 0.1428493675721142}, "datetime": {"datetime": "2024-04-04 06:37:25", "elapsed": 5269.656217, "delta": 15.625708}}
{"target": -230.15289503637877, "params": {"gamma": 0.43849020718282294, "lr": 0.1517610415383086}, "datetime": {"datetime": "2024-04-04 06:37:44", "elapsed": 5288.669272, "delta": 19.013055}}
{"target": -185.256572887985, "params": {"gamma": 0.5827380496412556, "lr": 0.31725238901401964}, "datetime": {"datetime": "2024-04-04 06:37:51", "elapsed": 5295.406462, "delta": 6.73719}}
{"target": -414.76536391640275, "params": {"gamma": 1.5573252266356994, "lr": 0.9518195219332694}, "datetime": {"datetime": "2024-04-04 06:37:58", "elapsed": 5301.864592, "delta": 6.45813}}
{"target": -169.16181403971237, "params": {"gamma": 0.5153182180260164, "lr": 0.5681251166355041}, "datetime": {"datetime": "2024-04-04 06:38:10", "elapsed": 5314.234675, "delta": 12.370083}}
{"target": -152.29165072493166, "params": {"gamma": 0.3348493708419555, "lr": 0.39697469449502254}, "datetime": {"datetime": "2024-04-04 06:38:19", "elapsed": 5323.472175, "delta": 9.2375}}
{"target": -144.28708551851474, "params": {"gamma": 0.1793892968510402, "lr": 0.43303878085453873}, "datetime": {"datetime": "2024-04-04 06:38:33", "elapsed": 5336.910746, "delta": 13.438571}}
{"target": -142.5971051390614, "params": {"gamma": 0.19650347806309823, "lr": 0.5358904447834322}, "datetime": {"datetime": "2024-04-04 06:38:53", "elapsed": 5357.500845, "delta": 20.590099}}
{"target": -209.15239244927207, "params": {"gamma": 0.6355388821853948, "lr": 0.9482161113391447}, "datetime": {"datetime": "2024-04-04 06:39:08", "elapsed": 5372.140428, "delta": 14.639583}}
{"target": -499.60911107024725, "params": {"gamma": 1.993034375638964, "lr": 0.7697477148933087}, "datetime": {"datetime": "2024-04-04 06:39:16", "elapsed": 5380.482139, "delta": 8.341711}}
{"target": -145.50363471399587, "params": {"gamma": 0.021880103679373698, "lr": 0.2025909040692977}, "datetime": {"datetime": "2024-04-04 06:39:27", "elapsed": 5390.962677, "delta": 10.480538}}
{"target": -138.1998739999546, "params": {"gamma": 0.09544101865334748, "lr": 1.0}, "datetime": {"datetime": "2024-04-04 06:39:37", "elapsed": 5400.779681, "delta": 9.817004}}
{"target": -144.0491123315694, "params": {"gamma": 0.09303082777915621, "lr": 0.29073866618791466}, "datetime": {"datetime": "2024-04-04 06:39:47", "elapsed": 5411.706419, "delta": 10.926738}}
{"target": -404.1425160310773, "params": {"gamma": 1.7919978196226227, "lr": 0.440230540383472}, "datetime": {"datetime": "2024-04-04 06:39:54", "elapsed": 5418.539843, "delta": 6.833424}}
{"target": -139.22644468313453, "params": {"gamma": 0.1288751632590077, "lr": 0.6615345405824152}, "datetime": {"datetime": "2024-04-04 06:40:10", "elapsed": 5434.269283, "delta": 15.72944}}
{"target": -154.18022291674893, "params": {"gamma": 0.35595130400049874, "lr": 0.7349407491209364}, "datetime": {"datetime": "2024-04-04 06:40:21", "elapsed": 5445.068902, "delta": 10.799619}}
{"target": -273.12700589073023, "params": {"gamma": 0.9402939668632441, "lr": 0.958256146713832}, "datetime": {"datetime": "2024-04-04 06:40:28", "elapsed": 5452.424885, "delta": 7.355983}}
{"target": -139.92092043260325, "params": {"gamma": 0.1183259760142187, "lr": 0.8417510911731781}, "datetime": {"datetime": "2024-04-04 06:40:37", "elapsed": 5461.312906, "delta": 8.888021}}
{"target": -158.501592098781, "params": {"gamma": 0.08923638581307403, "lr": 0.022725879639320382}, "datetime": {"datetime": "2024-04-04 06:40:44", "elapsed": 5468.070912, "delta": 6.758006}}
{"target": -169.99688100026668, "params": {"gamma": 0.40174756375350934, "lr": 1.0}, "datetime": {"datetime": "2024-04-04 06:40:52", "elapsed": 5476.41335, "delta": 8.342438}}
{"target": -180.12793455637853, "params": {"gamma": 0.21809650773149733, "lr": 0.12344727053701421}, "datetime": {"datetime": "2024-04-04 06:41:02", "elapsed": 5486.304052, "delta": 9.890702}}
{"target": -466.2053326706659, "params": {"gamma": 2.1629667867678752, "lr": 0.5180532366338876}, "datetime": {"datetime": "2024-04-04 06:41:21", "elapsed": 5505.122808, "delta": 18.818756}}
{"target": -213.49147723294573, "params": {"gamma": 0.7794183287746257, "lr": 0.34183667038273857}, "datetime": {"datetime": "2024-04-04 06:41:28", "elapsed": 5512.566949, "delta": 7.444141}}
{"target": -141.40670603251291, "params": {"gamma": 0.16512522043100963, "lr": 0.6709411569375806}, "datetime": {"datetime": "2024-04-04 06:41:37", "elapsed": 5520.732789, "delta": 8.16584}}
{"target": -143.7086734122677, "params": {"gamma": 0.027520813729909138, "lr": 0.44829962444872984}, "datetime": {"datetime": "2024-04-04 06:41:44", "elapsed": 5528.459928, "delta": 7.727139}}
{"target": -161.8854961866517, "params": {"gamma": 0.3963550995221178, "lr": 0.4106403400733959}, "datetime": {"datetime": "2024-04-04 06:41:52", "elapsed": 5536.002148, "delta": 7.54222}}
{"target": -227.63560968046804, "params": {"gamma": 0.8244950981556132, "lr": 0.7343575971058662}, "datetime": {"datetime": "2024-04-04 06:41:59", "elapsed": 5543.140469, "delta": 7.138321}}
{"target": -150.5507677091492, "params": {"gamma": 0.08053711806002299, "lr": 0.18231089403946243}, "datetime": {"datetime": "2024-04-04 06:42:10", "elapsed": 5554.111526, "delta": 10.971057}}
{"target": -144.86776073702882, "params": {"gamma": 1.1202787730239074, "lr": 0.0}, "datetime": {"datetime": "2024-04-04 06:42:21", "elapsed": 5565.531922, "delta": 11.420396}}
