{"target": -129.0466968525429, "params": {"gamma": 0.14956476338279415, "prior": 0.27230757638773795, "rate": 7.209817926795916}, "datetime": {"datetime": "2024-04-09 03:01:02", "elapsed": 57.891271, "delta": 2.671333}}
{"target": -131.30564171319256, "params": {"gamma": 0.16047476457807053, "prior": 5.024940303535381, "rate": 7.596731262978142}, "datetime": {"datetime": "2024-04-09 03:01:05", "elapsed": 60.456242, "delta": 2.564971}}
{"target": -121.68968490133986, "params": {"gamma": 0.6546623665944137, "prior": 10.0, "rate": 9.095931704425256}, "datetime": {"datetime": "2024-04-09 03:01:09", "elapsed": 64.380889, "delta": 3.924647}}
{"target": -124.055751736291, "params": {"gamma": 0.3970496162013531, "prior": 5.650609634189352, "rate": 4.985904435805225}, "datetime": {"datetime": "2024-04-09 03:01:11", "elapsed": 67.083222, "delta": 2.702333}}
{"target": -119.5378743264115, "params": {"gamma": 0.37195740088035056, "prior": 0.9225412911470898, "rate": 7.91445065352217}, "datetime": {"datetime": "2024-04-09 03:01:14", "elapsed": 69.910756, "delta": 2.827534}}
{"target": -144.21756911127466, "params": {"gamma": 0.001, "prior": 10.0, "rate": 0.001}, "datetime": {"datetime": "2024-04-09 03:01:19", "elapsed": 74.507778, "delta": 4.597022}}
{"target": -121.3641991894788, "params": {"gamma": 0.6563301195243321, "prior": 0.36565711932790834, "rate": 4.350151202131617}, "datetime": {"datetime": "2024-04-09 03:01:25", "elapsed": 80.9048, "delta": 6.397022}}
{"target": -120.9018340593886, "params": {"gamma": 0.635703031483949, "prior": 9.254670458278317, "rate": 10.0}, "datetime": {"datetime": "2024-04-09 03:01:30", "elapsed": 86.122955, "delta": 5.218155}}
{"target": -144.05411679714598, "params": {"gamma": 0.001, "prior": 1.506728444138445, "rate": 10.0}, "datetime": {"datetime": "2024-04-09 03:01:36", "elapsed": 91.803896, "delta": 5.680941}}
{"target": -130.40552418768843, "params": {"gamma": 0.8899043818354052, "prior": 0.4525852754609846, "rate": 9.826207190807645}, "datetime": {"datetime": "2024-04-09 03:01:40", "elapsed": 95.5729, "delta": 3.769004}}
{"target": -120.00868274544776, "params": {"gamma": 0.605762626345289, "prior": 0.9861217723235501, "rate": 9.133999616353695}, "datetime": {"datetime": "2024-04-09 03:01:44", "elapsed": 99.963207, "delta": 4.390307}}
{"target": -119.96468007736645, "params": {"gamma": 0.5900770057811521, "prior": 7.1089714363482415, "rate": 9.986657063538154}, "datetime": {"datetime": "2024-04-09 03:01:51", "elapsed": 106.439962, "delta": 6.476755}}
{"target": -121.68354727946067, "params": {"gamma": 0.7485315308772443, "prior": 2.2726638134783754, "rate": 2.5627218335609188}, "datetime": {"datetime": "2024-04-09 03:01:55", "elapsed": 110.281762, "delta": 3.8418}}
{"target": -119.40216992844141, "params": {"gamma": 0.5343180215086931, "prior": 3.5177017724706015, "rate": 6.352230658609822}, "datetime": {"datetime": "2024-04-09 03:01:58", "elapsed": 113.758124, "delta": 3.476362}}
{"target": -124.7825526875174, "params": {"gamma": 0.925440891847216, "prior": 8.2048630152518, "rate": 10.0}, "datetime": {"datetime": "2024-04-09 03:02:02", "elapsed": 117.852932, "delta": 4.094808}}
{"target": -119.82187749184526, "params": {"gamma": 0.5749069501116316, "prior": 6.366518350592973, "rate": 9.398776481249117}, "datetime": {"datetime": "2024-04-09 03:02:08", "elapsed": 124.089893, "delta": 6.236961}}
{"target": -118.69960160884338, "params": {"gamma": 0.4498815714349503, "prior": 0.13286973035136979, "rate": 0.9721179057946078}, "datetime": {"datetime": "2024-04-09 03:02:13", "elapsed": 128.946056, "delta": 4.856163}}
{"target": -119.40474824566607, "params": {"gamma": 0.6011237886269567, "prior": 5.170602349580949, "rate": 10.0}, "datetime": {"datetime": "2024-04-09 03:02:18", "elapsed": 134.017942, "delta": 5.071886}}
{"target": -122.23273670979272, "params": {"gamma": 0.5748340140072958, "prior": 7.832305459161898, "rate": 6.461012173982429}, "datetime": {"datetime": "2024-04-09 03:02:25", "elapsed": 141.034954, "delta": 7.017012}}
{"target": -120.40529363627634, "params": {"gamma": 0.6047539791694461, "prior": 6.141832556248508, "rate": 7.480602507098854}, "datetime": {"datetime": "2024-04-09 03:02:32", "elapsed": 147.494502, "delta": 6.459548}}
{"target": -120.37497164328727, "params": {"gamma": 0.6911910455996613, "prior": 6.0071972989135185, "rate": 9.99512383401912}, "datetime": {"datetime": "2024-04-09 03:02:35", "elapsed": 151.077985, "delta": 3.583483}}
{"target": -119.18451686626636, "params": {"gamma": 0.4738088204777919, "prior": 3.4619228033359337, "rate": 8.375267089826783}, "datetime": {"datetime": "2024-04-09 03:02:42", "elapsed": 157.44648, "delta": 6.368495}}
{"target": -144.14535797785402, "params": {"gamma": 0.001, "prior": 10.0, "rate": 2.3323032588163572}, "datetime": {"datetime": "2024-04-09 03:02:46", "elapsed": 161.575557, "delta": 4.129077}}
{"target": -122.17207228783116, "params": {"gamma": 0.7763490140168047, "prior": 5.1929792687515866, "rate": 5.555435671691834}, "datetime": {"datetime": "2024-04-09 03:02:51", "elapsed": 166.886743, "delta": 5.311186}}
{"target": -124.77132233698119, "params": {"gamma": 0.7916021839703127, "prior": 1.2127326362989, "rate": 10.0}, "datetime": {"datetime": "2024-04-09 03:03:00", "elapsed": 175.48089, "delta": 8.594147}}
{"target": -118.91451887328132, "params": {"gamma": 0.5029204709117248, "prior": 3.8052941198280212, "rate": 10.0}, "datetime": {"datetime": "2024-04-09 03:03:04", "elapsed": 180.112906, "delta": 4.632016}}
{"target": -122.51637802150883, "params": {"gamma": 0.6844001917391769, "prior": 0.10175940860210558, "rate": 1.727911879054088}, "datetime": {"datetime": "2024-04-09 03:03:09", "elapsed": 184.269116, "delta": 4.15621}}
{"target": -119.0138016489602, "params": {"gamma": 0.5660315877396961, "prior": 0.9933937955260052, "rate": 5.337320506070397}, "datetime": {"datetime": "2024-04-09 03:03:14", "elapsed": 189.25735, "delta": 4.988234}}
{"target": -119.51722156734854, "params": {"gamma": 0.5300970356028396, "prior": 5.382459345297714, "rate": 9.260108877345928}, "datetime": {"datetime": "2024-04-09 03:03:21", "elapsed": 196.874845, "delta": 7.617495}}
{"target": -120.1198071966619, "params": {"gamma": 0.6497385341979115, "prior": 3.0319227159909405, "rate": 4.495315172963215}, "datetime": {"datetime": "2024-04-09 03:03:24", "elapsed": 199.232068, "delta": 2.357223}}
{"target": -122.55515662940225, "params": {"gamma": 0.6898651516250719, "prior": 10.0, "rate": 7.941810407056271}, "datetime": {"datetime": "2024-04-09 03:03:29", "elapsed": 205.032332, "delta": 5.800264}}
{"target": -119.50063390179494, "params": {"gamma": 0.3763163779058276, "prior": 0.9814158463269342, "rate": 7.268268748410704}, "datetime": {"datetime": "2024-04-09 03:03:34", "elapsed": 209.47087, "delta": 4.438538}}
{"target": -121.00290486735061, "params": {"gamma": 0.7076655977538596, "prior": 6.796746306301236, "rate": 8.414126166320148}, "datetime": {"datetime": "2024-04-09 03:03:38", "elapsed": 213.34959, "delta": 3.87872}}
{"target": -119.23215185811928, "params": {"gamma": 0.5525232288978607, "prior": 4.007882800286712, "rate": 7.8837015416964995}, "datetime": {"datetime": "2024-04-09 03:03:45", "elapsed": 221.040269, "delta": 7.690679}}
{"target": -118.73268378874705, "params": {"gamma": 0.539882325036007, "prior": 1.0265014860821158, "rate": 4.214991856994783}, "datetime": {"datetime": "2024-04-09 03:03:48", "elapsed": 224.090623, "delta": 3.050354}}
{"target": -120.71683341708462, "params": {"gamma": 0.6861294974916043, "prior": 5.315589897906809, "rate": 6.809938198723432}, "datetime": {"datetime": "2024-04-09 03:03:51", "elapsed": 226.99117, "delta": 2.900547}}
{"target": -120.79704455150952, "params": {"gamma": 0.45236214125161966, "prior": 4.43130789197712, "rate": 6.207058589239083}, "datetime": {"datetime": "2024-04-09 03:03:55", "elapsed": 230.89714, "delta": 3.90597}}
{"target": -123.85229863180064, "params": {"gamma": 0.7122502037323843, "prior": 0.2672277428552072, "rate": 7.397977056663215}, "datetime": {"datetime": "2024-04-09 03:03:58", "elapsed": 233.414567, "delta": 2.517427}}
{"target": -119.90473950607384, "params": {"gamma": 0.6575111473248292, "prior": 3.149484434607206, "rate": 10.0}, "datetime": {"datetime": "2024-04-09 03:04:02", "elapsed": 237.237467, "delta": 3.8229}}
{"target": -119.01833018194006, "params": {"gamma": 0.5273879562666914, "prior": 0.8243796391840739, "rate": 1.897235780242911}, "datetime": {"datetime": "2024-04-09 03:04:06", "elapsed": 241.282152, "delta": 4.044685}}
{"target": -126.55887427432997, "params": {"gamma": 0.366059050946168, "prior": 5.956827757760912, "rate": 4.053067382042031}, "datetime": {"datetime": "2024-04-09 03:04:10", "elapsed": 245.552477, "delta": 4.270325}}
{"target": -125.22604988475747, "params": {"gamma": 0.3196954187430227, "prior": 4.7678781606266565, "rate": 5.005363963379466}, "datetime": {"datetime": "2024-04-09 03:04:18", "elapsed": 253.567765, "delta": 8.015288}}
{"target": -120.95835701361257, "params": {"gamma": 0.5852978334984387, "prior": 6.154353130992144, "rate": 6.466310645813076}, "datetime": {"datetime": "2024-04-09 03:04:21", "elapsed": 256.607728, "delta": 3.039963}}
{"target": -121.9791660719021, "params": {"gamma": 0.6043119084786749, "prior": 9.055014073825738, "rate": 7.701048593251846}, "datetime": {"datetime": "2024-04-09 03:04:24", "elapsed": 260.023284, "delta": 3.415556}}
{"target": -120.71003417431461, "params": {"gamma": 0.6787337270736876, "prior": 7.565053875437093, "rate": 9.451380897212351}, "datetime": {"datetime": "2024-04-09 03:04:28", "elapsed": 264.212271, "delta": 4.188987}}
{"target": -119.52895796565224, "params": {"gamma": 0.5136591246514682, "prior": 0.12156755842453572, "rate": 6.542511321249791}, "datetime": {"datetime": "2024-04-09 03:04:32", "elapsed": 268.01769, "delta": 3.805419}}
{"target": -118.82579997866209, "params": {"gamma": 0.536005519512045, "prior": 1.4838945685100153, "rate": 9.415549577101444}, "datetime": {"datetime": "2024-04-09 03:04:35", "elapsed": 270.783375, "delta": 2.765685}}
{"target": -118.78785886010455, "params": {"gamma": 0.4473638774035801, "prior": 0.4496650349526774, "rate": 5.797577493824741}, "datetime": {"datetime": "2024-04-09 03:04:42", "elapsed": 277.256208, "delta": 6.472833}}
{"target": -122.06206658019161, "params": {"gamma": 0.7957521197034423, "prior": 1.5356448975983792, "rate": 2.2423137879859727}, "datetime": {"datetime": "2024-04-09 03:04:48", "elapsed": 283.606412, "delta": 6.350204}}
{"target": -121.90623917620945, "params": {"gamma": 0.6889226485002872, "prior": 3.0536670328771383, "rate": 2.747359760511386}, "datetime": {"datetime": "2024-04-09 03:04:52", "elapsed": 287.785063, "delta": 4.178651}}
{"target": -121.20602672455838, "params": {"gamma": 0.6235549880055098, "prior": 9.498518909298319, "rate": 9.439998246436017}, "datetime": {"datetime": "2024-04-09 03:04:55", "elapsed": 290.584919, "delta": 2.799856}}
{"target": -119.21428338334576, "params": {"gamma": 0.5596302075022435, "prior": 0.44230814949473296, "rate": 3.6769222192977673}, "datetime": {"datetime": "2024-04-09 03:05:01", "elapsed": 296.25597, "delta": 5.671051}}
{"target": -123.17590732322722, "params": {"gamma": 0.8105396621215033, "prior": 7.1525670400867565, "rate": 6.378480164294963}, "datetime": {"datetime": "2024-04-09 03:05:08", "elapsed": 303.412518, "delta": 7.156548}}
{"target": -120.451237591163, "params": {"gamma": 0.6856807660872329, "prior": 6.009477811037266, "rate": 8.883245982389449}, "datetime": {"datetime": "2024-04-09 03:05:13", "elapsed": 308.874964, "delta": 5.462446}}
{"target": -119.3856594593675, "params": {"gamma": 0.5644472576982813, "prior": 0.6884701307003235, "rate": 6.678915447931033}, "datetime": {"datetime": "2024-04-09 03:05:22", "elapsed": 317.364039, "delta": 8.489075}}
{"target": -118.87698056789621, "params": {"gamma": 0.5333943335479009, "prior": 2.4194247470793795, "rate": 6.350281771283819}, "datetime": {"datetime": "2024-04-09 03:05:27", "elapsed": 322.372167, "delta": 5.008128}}
{"target": -118.97504407393927, "params": {"gamma": 0.5645557188828981, "prior": 0.5132870442943374, "rate": 2.6286815634328886}, "datetime": {"datetime": "2024-04-09 03:05:33", "elapsed": 329.102173, "delta": 6.730006}}
{"target": -119.14901717637925, "params": {"gamma": 0.5787656838766371, "prior": 4.517231337451908, "rate": 10.0}, "datetime": {"datetime": "2024-04-09 03:05:38", "elapsed": 333.302866, "delta": 4.200693}}
{"target": -118.73945702231818, "params": {"gamma": 0.531528286830491, "prior": 1.430126766681431, "rate": 7.80433933181172}, "datetime": {"datetime": "2024-04-09 03:05:46", "elapsed": 341.295593, "delta": 7.992727}}
{"target": -120.14974448601924, "params": {"gamma": 0.6827124248282643, "prior": 2.930180269555058, "rate": 6.510936046927273}, "datetime": {"datetime": "2024-04-09 03:05:49", "elapsed": 345.11949, "delta": 3.823897}}
{"target": -120.22273851891926, "params": {"gamma": 0.6703597865592, "prior": 2.1125300832617535, "rate": 3.285078032743202}, "datetime": {"datetime": "2024-04-09 03:05:54", "elapsed": 349.542454, "delta": 4.422964}}
{"target": -121.57318312403186, "params": {"gamma": 0.647359883043593, "prior": 6.058702667365865, "rate": 5.619230032278256}, "datetime": {"datetime": "2024-04-09 03:05:56", "elapsed": 352.198902, "delta": 2.656448}}
{"target": -119.43082967349848, "params": {"gamma": 0.5835735201920406, "prior": 4.708905635267041, "rate": 8.4688693791667}, "datetime": {"datetime": "2024-04-09 03:06:06", "elapsed": 362.163943, "delta": 9.965041}}
{"target": -120.94268193264656, "params": {"gamma": 0.6650805673396238, "prior": 6.756751482074018, "rate": 7.51310650079332}, "datetime": {"datetime": "2024-04-09 03:06:09", "elapsed": 364.994742, "delta": 2.830799}}
{"target": -119.05798392439415, "params": {"gamma": 0.5874002965662944, "prior": 0.921726306013129, "rate": 3.1970145463479365}, "datetime": {"datetime": "2024-04-09 03:06:12", "elapsed": 368.117869, "delta": 3.123127}}
{"target": -119.12487135360615, "params": {"gamma": 0.557288820430233, "prior": 0.5338358065273391, "rate": 1.1374217990388946}, "datetime": {"datetime": "2024-04-09 03:06:16", "elapsed": 371.85423, "delta": 3.736361}}
{"target": -122.07003466395454, "params": {"gamma": 0.28386610178850774, "prior": 1.1665686327584204, "rate": 8.503370667650902}, "datetime": {"datetime": "2024-04-09 03:06:22", "elapsed": 377.270924, "delta": 5.416694}}
{"target": -123.62926322574799, "params": {"gamma": 0.7949409537110302, "prior": 0.1, "rate": 0.4663126541456168}, "datetime": {"datetime": "2024-04-09 03:06:24", "elapsed": 380.090739, "delta": 2.819815}}
{"target": -124.14560360705686, "params": {"gamma": 0.6692835541074064, "prior": 10.0, "rate": 6.227040237142518}, "datetime": {"datetime": "2024-04-09 03:06:27", "elapsed": 382.981517, "delta": 2.890778}}
{"target": -119.6333536558352, "params": {"gamma": 0.6284203677675826, "prior": 1.1494123486151475, "rate": 4.687425139985217}, "datetime": {"datetime": "2024-04-09 03:06:34", "elapsed": 389.737833, "delta": 6.756316}}
{"target": -119.48855254367591, "params": {"gamma": 0.6291204865620863, "prior": 1.8313162924026456, "rate": 5.641060256059814}, "datetime": {"datetime": "2024-04-09 03:06:37", "elapsed": 392.771746, "delta": 3.033913}}
{"target": -120.06315393623802, "params": {"gamma": 0.5137256654213588, "prior": 3.662953339244302, "rate": 5.290736318299143}, "datetime": {"datetime": "2024-04-09 03:06:41", "elapsed": 396.853823, "delta": 4.082077}}
{"target": -118.82825497999848, "params": {"gamma": 0.522937936446647, "prior": 3.191315990596158, "rate": 8.853302649046467}, "datetime": {"datetime": "2024-04-09 03:06:47", "elapsed": 402.955599, "delta": 6.101776}}
{"target": -119.13285373375807, "params": {"gamma": 0.4647189432121049, "prior": 0.1, "rate": 5.446036520457511}, "datetime": {"datetime": "2024-04-09 03:06:52", "elapsed": 407.35811, "delta": 4.402511}}
{"target": -120.23463076447709, "params": {"gamma": 0.6254683228534562, "prior": 6.962753661488586, "rate": 9.183318515381854}, "datetime": {"datetime": "2024-04-09 03:06:58", "elapsed": 413.478139, "delta": 6.120029}}
{"target": -119.14920133643419, "params": {"gamma": 0.5437451941505431, "prior": 0.9545486690879007, "rate": 9.556457864922276}, "datetime": {"datetime": "2024-04-09 03:07:04", "elapsed": 419.748413, "delta": 6.270274}}
{"target": -119.84334325498003, "params": {"gamma": 0.35268765455181544, "prior": 0.1, "rate": 6.0232482589417655}, "datetime": {"datetime": "2024-04-09 03:07:10", "elapsed": 426.103607, "delta": 6.355194}}
{"target": -118.7664702049714, "params": {"gamma": 0.5283101724755978, "prior": 2.4277838328083012, "rate": 7.402876201253954}, "datetime": {"datetime": "2024-04-09 03:07:15", "elapsed": 430.532661, "delta": 4.429054}}
{"target": -122.10472423881816, "params": {"gamma": 0.7833543638522582, "prior": 3.558646407529612, "rate": 4.1194192712906}, "datetime": {"datetime": "2024-04-09 03:07:20", "elapsed": 436.003344, "delta": 5.470683}}
{"target": -123.32959291456109, "params": {"gamma": 0.642987546611639, "prior": 9.232389138982295, "rate": 6.366438216522675}, "datetime": {"datetime": "2024-04-09 03:07:28", "elapsed": 443.653377, "delta": 7.650033}}
{"target": -120.62629341927173, "params": {"gamma": 0.6841038658157986, "prior": 6.103201871656967, "rate": 8.08916411022383}, "datetime": {"datetime": "2024-04-09 03:07:33", "elapsed": 448.844992, "delta": 5.191615}}
{"target": -118.7219545834213, "params": {"gamma": 0.5201594699796416, "prior": 1.945554949799678, "rate": 6.366887003165262}, "datetime": {"datetime": "2024-04-09 03:07:38", "elapsed": 453.392151, "delta": 4.547159}}
{"target": -119.28774444000129, "params": {"gamma": 0.5564141702445561, "prior": 3.6572136814384835, "rate": 6.958679034596581}, "datetime": {"datetime": "2024-04-09 03:07:43", "elapsed": 459.122782, "delta": 5.730631}}
{"target": -120.2532318366141, "params": {"gamma": 0.5997266042858472, "prior": 0.6014801445955547, "rate": 8.3037797414843}, "datetime": {"datetime": "2024-04-09 03:07:49", "elapsed": 464.519601, "delta": 5.396819}}
{"target": -119.93749875388943, "params": {"gamma": 0.6599298262109023, "prior": 4.915580510638712, "rate": 8.998142152484919}, "datetime": {"datetime": "2024-04-09 03:07:54", "elapsed": 470.106153, "delta": 5.586552}}
{"target": -121.3654775161608, "params": {"gamma": 0.6719257765472726, "prior": 0.8882105369255314, "rate": 7.75615644434794}, "datetime": {"datetime": "2024-04-09 03:07:59", "elapsed": 474.47896, "delta": 4.372807}}
{"target": -118.61923578576739, "params": {"gamma": 0.4862679233281004, "prior": 1.5473470847116906, "rate": 7.374512110829583}, "datetime": {"datetime": "2024-04-09 03:08:05", "elapsed": 480.66465, "delta": 6.18569}}
{"target": -119.40480682923324, "params": {"gamma": 0.5878855574439732, "prior": 1.5517021656745138, "rate": 2.8652210759735555}, "datetime": {"datetime": "2024-04-09 03:08:11", "elapsed": 486.584207, "delta": 5.919557}}
{"target": -119.15290745048468, "params": {"gamma": 0.5605801983163964, "prior": 0.6509094627727815, "rate": 4.856785459384221}, "datetime": {"datetime": "2024-04-09 03:08:14", "elapsed": 489.882226, "delta": 3.298019}}
{"target": -121.35805393788961, "params": {"gamma": 0.7555586782694056, "prior": 6.615768033435626, "rate": 10.0}, "datetime": {"datetime": "2024-04-09 03:08:19", "elapsed": 494.653444, "delta": 4.771218}}
{"target": -120.06402116311425, "params": {"gamma": 0.38329823775350713, "prior": 3.071569053219731, "rate": 9.543948128657112}, "datetime": {"datetime": "2024-04-09 03:08:24", "elapsed": 499.573775, "delta": 4.920331}}
{"target": -120.37678438062632, "params": {"gamma": 0.6851533734582318, "prior": 3.962422938408865, "rate": 6.161954596896563}, "datetime": {"datetime": "2024-04-09 03:08:29", "elapsed": 504.982986, "delta": 5.409211}}
{"target": -120.14704096313893, "params": {"gamma": 0.6367491881416469, "prior": 5.497813665964305, "rate": 7.699964836387794}, "datetime": {"datetime": "2024-04-09 03:08:34", "elapsed": 509.854625, "delta": 4.871639}}
{"target": -120.67851685402442, "params": {"gamma": 0.7125009330518419, "prior": 2.564898867896903, "rate": 4.121530992840069}, "datetime": {"datetime": "2024-04-09 03:08:39", "elapsed": 514.982081, "delta": 5.127456}}
{"target": -121.03770597162912, "params": {"gamma": 0.6910950369523445, "prior": 7.516956472297294, "rate": 8.622575525490378}, "datetime": {"datetime": "2024-04-09 03:08:49", "elapsed": 524.223068, "delta": 9.240987}}
{"target": -118.6337979270692, "params": {"gamma": 0.4917365086593349, "prior": 2.2123171777401587, "rate": 9.442599262289207}, "datetime": {"datetime": "2024-04-09 03:08:57", "elapsed": 532.40398, "delta": 8.180912}}
{"target": -119.19612159320826, "params": {"gamma": 0.44873957875227816, "prior": 1.7719504758831879, "rate": 4.989766972347654}, "datetime": {"datetime": "2024-04-09 03:09:02", "elapsed": 537.694704, "delta": 5.290724}}
{"target": -122.7053136525732, "params": {"gamma": 0.7358104846753969, "prior": 5.844712678237686, "rate": 4.784871186549811}, "datetime": {"datetime": "2024-04-09 03:09:09", "elapsed": 544.29973, "delta": 6.605026}}
{"target": -119.59527515208343, "params": {"gamma": 0.5674911732170604, "prior": 4.61737265490728, "rate": 7.4978039335777185}, "datetime": {"datetime": "2024-04-09 03:09:12", "elapsed": 547.652338, "delta": 3.352608}}
{"target": -118.82946989588865, "params": {"gamma": 0.5518070910621814, "prior": 1.9846578707924112, "rate": 9.26026740540899}, "datetime": {"datetime": "2024-04-09 03:09:17", "elapsed": 552.335418, "delta": 4.68308}}
{"target": -126.48210482436676, "params": {"gamma": 0.5044497742385656, "prior": 6.603286271386494, "rate": 3.4275028757798904}, "datetime": {"datetime": "2024-04-09 03:09:21", "elapsed": 556.708015, "delta": 4.372597}}
