{"target": -115.91726878693208, "params": {"gamma": 2.2746663634837136, "prior": 7.760035097878568, "rate": 2.85439766840414}, "datetime": {"datetime": "2024-04-12 14:15:16", "elapsed": 1078.020047, "delta": 7.252819}}
{"target": -115.85867997146714, "params": {"gamma": 2.2218466657914995, "prior": 10.0, "rate": 3.269085612836949}, "datetime": {"datetime": "2024-04-12 14:15:22", "elapsed": 1083.728273, "delta": 5.708226}}
{"target": -115.86278294643147, "params": {"gamma": 2.2293690144535154, "prior": 7.233996355387881, "rate": 2.3477759901481536}, "datetime": {"datetime": "2024-04-12 14:15:25", "elapsed": 1087.640123, "delta": 3.91185}}
{"target": -115.88760759565217, "params": {"gamma": 2.2707969338151988, "prior": 3.8997686349082255, "rate": 1.2427747724660627}, "datetime": {"datetime": "2024-04-12 14:15:30", "elapsed": 1092.28751, "delta": 4.647387}}
{"target": -115.87486963763976, "params": {"gamma": 2.239079472197889, "prior": 9.101218913089347, "rate": 3.249444696445674}, "datetime": {"datetime": "2024-04-12 14:15:38", "elapsed": 1099.987198, "delta": 7.699688}}
{"target": -115.91957466490051, "params": {"gamma": 2.169233836316564, "prior": 6.384825236876931, "rate": 1.940773942262062}, "datetime": {"datetime": "2024-04-12 14:15:44", "elapsed": 1106.562548, "delta": 6.57535}}
{"target": -115.85769946687277, "params": {"gamma": 2.1758929712501005, "prior": 8.727940327558182, "rate": 3.0072567517160853}, "datetime": {"datetime": "2024-04-12 14:15:53", "elapsed": 1115.115231, "delta": 8.552683}}
{"target": -115.88372041071811, "params": {"gamma": 2.178150212823684, "prior": 7.316547349861937, "rate": 2.655687122333877}, "datetime": {"datetime": "2024-04-12 14:16:01", "elapsed": 1122.68606, "delta": 7.570829}}
{"target": -115.85701924075804, "params": {"gamma": 2.172452881901107, "prior": 4.4402008938701405, "rate": 1.5133784500140437}, "datetime": {"datetime": "2024-04-12 14:16:12", "elapsed": 1133.751276, "delta": 11.065216}}
{"target": -115.8519479472073, "params": {"gamma": 2.213826379278751, "prior": 3.132105960107159, "rate": 1.0582584616899715}, "datetime": {"datetime": "2024-04-12 14:16:19", "elapsed": 1141.155184, "delta": 7.403908}}
{"target": -115.88338695051844, "params": {"gamma": 2.1726829888082615, "prior": 9.346778105202075, "rate": 3.386015525048803}, "datetime": {"datetime": "2024-04-12 14:16:24", "elapsed": 1146.019932, "delta": 4.864748}}
{"target": -115.90376613177659, "params": {"gamma": 2.147996402806067, "prior": 5.238761933365326, "rate": 1.6315155643897779}, "datetime": {"datetime": "2024-04-12 14:16:30", "elapsed": 1152.235967, "delta": 6.216035}}
{"target": -115.85194946702185, "params": {"gamma": 2.20404880666216, "prior": 5.615885281125475, "rate": 1.9086261038647552}, "datetime": {"datetime": "2024-04-12 14:16:40", "elapsed": 1162.407655, "delta": 10.171688}}
{"target": -115.8562125492448, "params": {"gamma": 2.2136484731951858, "prior": 9.601971847325132, "rate": 3.3326381702609216}, "datetime": {"datetime": "2024-04-12 14:16:46", "elapsed": 1167.926808, "delta": 5.519153}}
{"target": -115.85887484523174, "params": {"gamma": 2.2058578989252386, "prior": 2.910517901787748, "rate": 0.9488756746907996}, "datetime": {"datetime": "2024-04-12 14:16:52", "elapsed": 1174.475881, "delta": 6.549073}}
{"target": -115.87696677882509, "params": {"gamma": 2.1774942324425512, "prior": 4.641642071017328, "rate": 1.6695504371526597}, "datetime": {"datetime": "2024-04-12 14:17:01", "elapsed": 1183.599126, "delta": 9.123245}}
{"target": -115.85214469647582, "params": {"gamma": 2.2104407355107467, "prior": 5.805614290435975, "rate": 1.945526512723235}, "datetime": {"datetime": "2024-04-12 14:17:10", "elapsed": 1192.335008, "delta": 8.735882}}
{"target": -115.8568330141514, "params": {"gamma": 2.1752253127245997, "prior": 6.936146110060342, "rate": 2.3155631132021384}, "datetime": {"datetime": "2024-04-12 14:17:17", "elapsed": 1199.003073, "delta": 6.668065}}
{"target": -115.8922610639461, "params": {"gamma": 2.204771275329538, "prior": 10.0, "rate": 3.6731141753870302}, "datetime": {"datetime": "2024-04-12 14:17:25", "elapsed": 1207.18205, "delta": 8.178977}}
{"target": -115.86279526206845, "params": {"gamma": 2.1648736531445714, "prior": 8.826087303995054, "rate": 2.909911637047329}, "datetime": {"datetime": "2024-04-12 14:17:31", "elapsed": 1213.447235, "delta": 6.265185}}
{"target": -115.92454635462701, "params": {"gamma": 2.2384137706811855, "prior": 9.797390571995303, "rate": 2.9614690463389195}, "datetime": {"datetime": "2024-04-12 14:17:38", "elapsed": 1220.61059, "delta": 7.163355}}
{"target": -115.85182788724927, "params": {"gamma": 2.201847000922102, "prior": 4.12206652406219, "rate": 1.3907242837565486}, "datetime": {"datetime": "2024-04-12 14:17:45", "elapsed": 1226.869521, "delta": 6.258931}}
{"target": -115.85213100015935, "params": {"gamma": 2.1967445842034086, "prior": 6.664285598594257, "rate": 2.2518350653098707}, "datetime": {"datetime": "2024-04-12 14:17:52", "elapsed": 1233.787091, "delta": 6.91757}}
{"target": -115.88092033727096, "params": {"gamma": 2.167804536276259, "prior": 5.001722157373673, "rate": 1.8028690957911235}, "datetime": {"datetime": "2024-04-12 14:17:59", "elapsed": 1240.80805, "delta": 7.020959}}
{"target": -115.8527307711436, "params": {"gamma": 2.2185035009243492, "prior": 7.532813973863289, "rate": 2.522534858259469}, "datetime": {"datetime": "2024-04-12 14:18:06", "elapsed": 1248.206687, "delta": 7.398637}}
{"target": -115.87547375063569, "params": {"gamma": 2.1758170104079446, "prior": 5.416374833594607, "rate": 1.7252603081207896}, "datetime": {"datetime": "2024-04-12 14:18:11", "elapsed": 1253.6497, "delta": 5.443013}}
{"target": -115.8566629542129, "params": {"gamma": 2.229778883809568, "prior": 6.3970484588619625, "rate": 2.2061310653643313}, "datetime": {"datetime": "2024-04-12 14:18:15", "elapsed": 1257.515805, "delta": 3.866105}}
{"target": -115.87494490773646, "params": {"gamma": 2.1999858358118267, "prior": 3.696447138760999, "rate": 1.3306076190013885}, "datetime": {"datetime": "2024-04-12 14:18:25", "elapsed": 1267.388886, "delta": 9.873081}}
{"target": -115.8589511335154, "params": {"gamma": 2.1655366886852074, "prior": 8.543306404037141, "rate": 2.881787182944558}, "datetime": {"datetime": "2024-04-12 14:18:32", "elapsed": 1274.183989, "delta": 6.795103}}
{"target": -115.92508244830825, "params": {"gamma": 2.0893548580879906, "prior": 7.708618976720575, "rate": 2.7525424234670886}, "datetime": {"datetime": "2024-04-12 14:18:41", "elapsed": 1283.033268, "delta": 8.849279}}
{"target": -115.85720752270352, "params": {"gamma": 2.178220483523416, "prior": 3.284015360412392, "rate": 1.089283736894298}, "datetime": {"datetime": "2024-04-12 14:18:46", "elapsed": 1288.276033, "delta": 5.242765}}
{"target": -115.85927303368935, "params": {"gamma": 2.1986973254715116, "prior": 6.6361733176853726, "rate": 2.163095405455441}, "datetime": {"datetime": "2024-04-12 14:18:54", "elapsed": 1295.975976, "delta": 7.699943}}
{"target": -115.86143794352331, "params": {"gamma": 2.191089945107729, "prior": 8.95847924070777, "rate": 3.1486128669403572}, "datetime": {"datetime": "2024-04-12 14:18:58", "elapsed": 1300.013268, "delta": 4.037292}}
{"target": -115.86395027313851, "params": {"gamma": 2.1888132372991036, "prior": 5.3205278259999735, "rate": 1.87885408549802}, "datetime": {"datetime": "2024-04-12 14:19:05", "elapsed": 1307.071761, "delta": 7.058493}}
{"target": -115.88708122782869, "params": {"gamma": 2.227564945473867, "prior": 8.583693469015262, "rate": 3.12529485807124}, "datetime": {"datetime": "2024-04-12 14:19:16", "elapsed": 1317.963823, "delta": 10.892062}}
{"target": -115.87207215412009, "params": {"gamma": 2.263805658320247, "prior": 3.053032860010086, "rate": 1.0641912081366451}, "datetime": {"datetime": "2024-04-12 14:19:24", "elapsed": 1325.888095, "delta": 7.924272}}
{"target": -115.89687787084341, "params": {"gamma": 2.12268935468696, "prior": 5.981715949356203, "rate": 2.1352577054320014}, "datetime": {"datetime": "2024-04-12 14:19:28", "elapsed": 1329.78788, "delta": 3.899785}}
{"target": -115.85790719158999, "params": {"gamma": 2.2290249900173684, "prior": 8.083741301107029, "rate": 2.8018720409881244}, "datetime": {"datetime": "2024-04-12 14:19:34", "elapsed": 1336.355998, "delta": 6.568118}}
{"target": -115.88244609931154, "params": {"gamma": 2.1387619062192185, "prior": 9.218229212823827, "rate": 2.983333572216527}, "datetime": {"datetime": "2024-04-12 14:19:40", "elapsed": 1342.488618, "delta": 6.13262}}
{"target": -115.85730514857491, "params": {"gamma": 2.229176563630015, "prior": 6.170524560222806, "rate": 2.1341538049320423}, "datetime": {"datetime": "2024-04-12 14:19:47", "elapsed": 1349.041557, "delta": 6.552939}}
{"target": -115.85502164712085, "params": {"gamma": 2.2147293007706814, "prior": 8.394040302420803, "rate": 2.770427481430004}, "datetime": {"datetime": "2024-04-12 14:19:55", "elapsed": 1357.155022, "delta": 8.113465}}
{"target": -115.8555649287018, "params": {"gamma": 2.20323630418835, "prior": 10.0, "rate": 3.4667809251094774}, "datetime": {"datetime": "2024-04-12 14:20:04", "elapsed": 1366.176284, "delta": 9.021262}}
{"target": -115.94539020058052, "params": {"gamma": 2.22400234146728, "prior": 9.165985847642675, "rate": 2.720823310594812}, "datetime": {"datetime": "2024-04-12 14:20:08", "elapsed": 1370.354934, "delta": 4.17865}}
{"target": -115.86427179373074, "params": {"gamma": 2.235835119588237, "prior": 2.408061177942981, "rate": 0.845105112829104}, "datetime": {"datetime": "2024-04-12 14:20:14", "elapsed": 1375.868139, "delta": 5.513205}}
{"target": -115.85273204330029, "params": {"gamma": 2.2171681269591246, "prior": 7.800887406692838, "rate": 2.6091339053847222}, "datetime": {"datetime": "2024-04-12 14:20:18", "elapsed": 1379.918878, "delta": 4.050739}}
{"target": -115.88302551685683, "params": {"gamma": 2.1214640137028127, "prior": 2.5094488051899475, "rate": 0.844819635106055}, "datetime": {"datetime": "2024-04-12 14:20:26", "elapsed": 1387.961553, "delta": 8.042675}}
{"target": -115.85824907775499, "params": {"gamma": 2.2292361095739923, "prior": 4.962987996460206, "rate": 1.6298869369243099}, "datetime": {"datetime": "2024-04-12 14:20:34", "elapsed": 1396.633614, "delta": 8.672061}}
{"target": -115.90270906181888, "params": {"gamma": 2.1639720905010456, "prior": 1.9401331521276068, "rate": 0.7163104708052863}, "datetime": {"datetime": "2024-04-12 14:20:38", "elapsed": 1400.144982, "delta": 3.511368}}
{"target": -115.85628980550615, "params": {"gamma": 2.2229939437622908, "prior": 4.403454576294603, "rate": 1.4508662566054678}, "datetime": {"datetime": "2024-04-12 14:20:45", "elapsed": 1407.162578, "delta": 7.017596}}
{"target": -115.85570698609651, "params": {"gamma": 2.236893473086351, "prior": 5.169659268881415, "rate": 1.7380340262037859}, "datetime": {"datetime": "2024-04-12 14:20:52", "elapsed": 1414.162545, "delta": 6.999967}}
{"target": -115.85296723905947, "params": {"gamma": 2.209596196816805, "prior": 3.4512264133377615, "rate": 1.1828280310260069}, "datetime": {"datetime": "2024-04-12 14:21:00", "elapsed": 1421.790778, "delta": 7.628233}}
{"target": -115.86264026058981, "params": {"gamma": 2.1755007445570667, "prior": 4.637070882145929, "rate": 1.5141105736288887}, "datetime": {"datetime": "2024-04-12 14:21:06", "elapsed": 1427.712474, "delta": 5.921696}}
{"target": -115.8657345654822, "params": {"gamma": 2.1586139706738474, "prior": 9.805226915396911, "rate": 3.22733765045206}, "datetime": {"datetime": "2024-04-12 14:21:14", "elapsed": 1436.208815, "delta": 8.496341}}
{"target": -115.95025374232388, "params": {"gamma": 2.1364456033569574, "prior": 4.866737489193575, "rate": 1.4602453676299985}, "datetime": {"datetime": "2024-04-12 14:21:22", "elapsed": 1444.242764, "delta": 8.033949}}
{"target": -115.85651871438826, "params": {"gamma": 2.22867545051492, "prior": 2.6665015536739127, "rate": 0.919875650472356}, "datetime": {"datetime": "2024-04-12 14:21:31", "elapsed": 1453.048902, "delta": 8.806138}}
{"target": -115.86173832675351, "params": {"gamma": 2.1591489812091647, "prior": 2.822452408671638, "rate": 0.9467644619979653}, "datetime": {"datetime": "2024-04-12 14:21:40", "elapsed": 1462.466065, "delta": 9.417163}}
{"target": -115.85741871135589, "params": {"gamma": 2.1934783631963612, "prior": 8.959982233328677, "rate": 2.939374585247862}, "datetime": {"datetime": "2024-04-12 14:21:51", "elapsed": 1472.948614, "delta": 10.482549}}
{"target": -115.85773076804558, "params": {"gamma": 2.2412388052842154, "prior": 9.439959641452788, "rate": 3.225651654482239}, "datetime": {"datetime": "2024-04-12 14:22:00", "elapsed": 1481.842281, "delta": 8.893667}}
{"target": -115.87353613890485, "params": {"gamma": 2.141282204735219, "prior": 6.755146344301868, "rate": 2.3459853444308094}, "datetime": {"datetime": "2024-04-12 14:22:11", "elapsed": 1493.388857, "delta": 11.546576}}
{"target": -115.85181197728652, "params": {"gamma": 2.2043879512215967, "prior": 7.971466200510136, "rate": 2.702592253280238}, "datetime": {"datetime": "2024-04-12 14:22:22", "elapsed": 1504.320305, "delta": 10.931448}}
{"target": -115.85201055510889, "params": {"gamma": 2.2147885219491616, "prior": 7.391725751548502, "rate": 2.4967619551402542}, "datetime": {"datetime": "2024-04-12 14:22:28", "elapsed": 1510.509072, "delta": 6.188767}}
{"target": -115.85769133976422, "params": {"gamma": 2.186005128319868, "prior": 7.663589179037431, "rate": 2.5208522786237855}, "datetime": {"datetime": "2024-04-12 14:22:33", "elapsed": 1515.086275, "delta": 4.577203}}
{"target": -115.91986051978841, "params": {"gamma": 2.3329955618356313, "prior": 5.540165622404659, "rate": 1.8380617740171015}, "datetime": {"datetime": "2024-04-12 14:22:45", "elapsed": 1527.062087, "delta": 11.975812}}
{"target": -115.87315126765462, "params": {"gamma": 2.2015212864728313, "prior": 10.0, "rate": 3.176477226518475}, "datetime": {"datetime": "2024-04-12 14:22:54", "elapsed": 1535.725967, "delta": 8.66388}}
{"target": -115.87457325000291, "params": {"gamma": 2.255133439017563, "prior": 6.865176143453808, "rate": 2.2089609896121116}, "datetime": {"datetime": "2024-04-12 14:23:04", "elapsed": 1546.53497, "delta": 10.809003}}
{"target": -115.86387770554354, "params": {"gamma": 2.169061304440502, "prior": 9.477307690773664, "rate": 3.100358475669877}, "datetime": {"datetime": "2024-04-12 14:23:14", "elapsed": 1556.165445, "delta": 9.630475}}
{"target": -115.858066072711, "params": {"gamma": 2.209067069676879, "prior": 8.856054896766286, "rate": 3.0923795221758734}, "datetime": {"datetime": "2024-04-12 14:23:24", "elapsed": 1565.785695, "delta": 9.62025}}
{"target": -115.86991664566953, "params": {"gamma": 2.1948022133488676, "prior": 5.481398188671607, "rate": 1.9580802681227973}, "datetime": {"datetime": "2024-04-12 14:23:32", "elapsed": 1574.586577, "delta": 8.800882}}
{"target": -115.95446714349426, "params": {"gamma": 2.2428121727031316, "prior": 7.438763751346302, "rate": 2.8513870318618486}, "datetime": {"datetime": "2024-04-12 14:23:42", "elapsed": 1583.792805, "delta": 9.206228}}
{"target": -115.87455556268789, "params": {"gamma": 2.1494796814836983, "prior": 9.277208727697538, "rate": 3.268265334550937}, "datetime": {"datetime": "2024-04-12 14:23:51", "elapsed": 1593.025186, "delta": 9.232381}}
{"target": -115.85939842207122, "params": {"gamma": 2.248288659944826, "prior": 8.461467141450917, "rate": 2.8754795192190334}, "datetime": {"datetime": "2024-04-12 14:24:03", "elapsed": 1605.065772, "delta": 12.040586}}
{"target": -115.85650090520394, "params": {"gamma": 2.234195508018684, "prior": 8.173597456679252, "rate": 2.8040664770850974}, "datetime": {"datetime": "2024-04-12 14:24:10", "elapsed": 1612.127309, "delta": 7.061537}}
{"target": -115.85647703593172, "params": {"gamma": 2.2303755644567, "prior": 7.107663294485888, "rate": 2.4480502688939074}, "datetime": {"datetime": "2024-04-12 14:24:14", "elapsed": 1616.57617, "delta": 4.448861}}
{"target": -115.86204552591545, "params": {"gamma": 2.2325979355251024, "prior": 6.078273493932328, "rate": 1.9790174152944453}, "datetime": {"datetime": "2024-04-12 14:24:20", "elapsed": 1621.862189, "delta": 5.286019}}
{"target": -115.85301526577268, "params": {"gamma": 2.189748809898706, "prior": 2.19683399238299, "rate": 0.7395605606511442}, "datetime": {"datetime": "2024-04-12 14:24:31", "elapsed": 1632.73483, "delta": 10.872641}}
{"target": -115.85239241182653, "params": {"gamma": 2.2072190488925982, "prior": 5.7656000740241495, "rate": 1.9688899678502205}, "datetime": {"datetime": "2024-04-12 14:24:37", "elapsed": 1639.617831, "delta": 6.883001}}
{"target": -115.85231106727213, "params": {"gamma": 2.1948395414577666, "prior": 4.089013635407539, "rate": 1.3832651372902416}, "datetime": {"datetime": "2024-04-12 14:24:43", "elapsed": 1645.215836, "delta": 5.598005}}
{"target": -115.88947614124805, "params": {"gamma": 2.2860416055296757, "prior": 8.09064354321641, "rate": 2.610334253380739}, "datetime": {"datetime": "2024-04-12 14:24:49", "elapsed": 1650.971062, "delta": 5.755226}}
{"target": -115.85732252326791, "params": {"gamma": 2.1872752143722374, "prior": 7.021539836901147, "rate": 2.3107569838008883}, "datetime": {"datetime": "2024-04-12 14:24:59", "elapsed": 1661.351191, "delta": 10.380129}}
{"target": -115.86715741359023, "params": {"gamma": 2.1475529335357013, "prior": 8.185093683029956, "rate": 2.743257309618132}, "datetime": {"datetime": "2024-04-12 14:25:05", "elapsed": 1667.417989, "delta": 6.066798}}
{"target": -115.85511292380798, "params": {"gamma": 2.2348384823360186, "prior": 9.157019545601939, "rate": 3.0894941078684828}, "datetime": {"datetime": "2024-04-12 14:25:20", "elapsed": 1682.050703, "delta": 14.632714}}
{"target": -115.85608886699754, "params": {"gamma": 2.195009551572445, "prior": 1.5765324175566533, "rate": 0.54673820497208}, "datetime": {"datetime": "2024-04-12 14:25:27", "elapsed": 1688.969785, "delta": 6.919082}}
{"target": -115.85350102381179, "params": {"gamma": 2.190425219781725, "prior": 3.5283981787027203, "rate": 1.1796337955915097}, "datetime": {"datetime": "2024-04-12 14:25:32", "elapsed": 1694.520312, "delta": 5.550527}}
{"target": -115.89561623200885, "params": {"gamma": 2.1830518624954616, "prior": 1.4657980791296423, "rate": 0.45430228215940893}, "datetime": {"datetime": "2024-04-12 14:25:41", "elapsed": 1703.373603, "delta": 8.853291}}
{"target": -115.88348972410759, "params": {"gamma": 2.187026800903346, "prior": 9.621823506111307, "rate": 3.49745608958917}, "datetime": {"datetime": "2024-04-12 14:25:53", "elapsed": 1715.434337, "delta": 12.060734}}
{"target": -115.85587550790923, "params": {"gamma": 2.2142253999452186, "prior": 7.535951323811355, "rate": 2.6123350149610087}, "datetime": {"datetime": "2024-04-12 14:26:00", "elapsed": 1722.542413, "delta": 7.108076}}
{"target": -115.8595152181417, "params": {"gamma": 2.224194442878533, "prior": 6.56545600937784, "rate": 2.292009576133856}, "datetime": {"datetime": "2024-04-12 14:26:05", "elapsed": 1726.982691, "delta": 4.440278}}
{"target": -115.86526856087966, "params": {"gamma": 2.1665329720581803, "prior": 4.456861273850623, "rate": 1.5607006458105446}, "datetime": {"datetime": "2024-04-12 14:26:12", "elapsed": 1733.691671, "delta": 6.70898}}
{"target": -115.85949225343495, "params": {"gamma": 2.164872757944063, "prior": 3.807770382920393, "rate": 1.2779079928825052}, "datetime": {"datetime": "2024-04-12 14:26:16", "elapsed": 1737.686811, "delta": 3.99514}}
{"target": -115.85538821200412, "params": {"gamma": 2.232269143404257, "prior": 4.904013281586819, "rate": 1.6756333211317076}, "datetime": {"datetime": "2024-04-12 14:26:25", "elapsed": 1747.315329, "delta": 9.628518}}
{"target": -115.87355153183768, "params": {"gamma": 2.2091130659624576, "prior": 8.729876554040262, "rate": 2.770802447383822}, "datetime": {"datetime": "2024-04-12 14:26:31", "elapsed": 1753.288434, "delta": 5.973105}}
{"target": -115.86192692539127, "params": {"gamma": 2.158737640321545, "prior": 7.266949127833429, "rate": 2.480674972830832}, "datetime": {"datetime": "2024-04-12 14:26:35", "elapsed": 1757.450772, "delta": 4.162338}}
{"target": -115.85871699952732, "params": {"gamma": 2.2343438552151635, "prior": 6.3470490503649835, "rate": 2.088453723041244}, "datetime": {"datetime": "2024-04-12 14:26:40", "elapsed": 1761.755291, "delta": 4.304519}}
{"target": -115.85511402540902, "params": {"gamma": 2.234604915238551, "prior": 10.0, "rate": 3.3645459020857493}, "datetime": {"datetime": "2024-04-12 14:26:46", "elapsed": 1767.673048, "delta": 5.917757}}
{"target": -115.85361281828943, "params": {"gamma": 2.1870317082962236, "prior": 3.2496449773056817, "rate": 1.0909393769499158}, "datetime": {"datetime": "2024-04-12 14:26:53", "elapsed": 1774.721942, "delta": 7.048894}}
{"target": -115.8820798953291, "params": {"gamma": 2.2037503858984784, "prior": 8.56249192103639, "rate": 2.687350392230266}, "datetime": {"datetime": "2024-04-12 14:27:00", "elapsed": 1782.405358, "delta": 7.683416}}
{"target": -115.85641497015123, "params": {"gamma": 2.234696545944321, "prior": 9.745707471247712, "rate": 3.3396132632863136}, "datetime": {"datetime": "2024-04-12 14:27:16", "elapsed": 1798.070579, "delta": 15.665221}}
{"target": -115.88534811973678, "params": {"gamma": 2.1572546555327974, "prior": 7.826456006077022, "rate": 2.4807541442690684}, "datetime": {"datetime": "2024-04-12 14:27:27", "elapsed": 1809.490306, "delta": 11.419727}}
{"target": -115.85448297043237, "params": {"gamma": 2.1834568823129072, "prior": 9.617256295783648, "rate": 3.221164459904282}, "datetime": {"datetime": "2024-04-12 14:27:47", "elapsed": 1828.824309, "delta": 19.334003}}
{"target": -115.8520478037703, "params": {"gamma": 2.203216902157912, "prior": 5.2173408936661385, "rate": 1.7750979635240502}, "datetime": {"datetime": "2024-04-12 14:27:50", "elapsed": 1832.482568, "delta": 3.658259}}
