{"target": -1014.3181937218186, "params": {"gamma": 4.903044972676658, "lr": 0.5991103076458784}, "datetime": {"datetime": "2024-04-04 05:09:36", "elapsed": 0.312253, "delta": 0.002756}}
{"target": -140.51197539972367, "params": {"gamma": 0.15631722223280642, "lr": 0.5934814081966372}, "datetime": {"datetime": "2024-04-04 05:09:36", "elapsed": 0.315006, "delta": 0.002753}}
{"target": -1073.7078048701023, "params": {"gamma": 4.337329813545594, "lr": 0.8073605288848414}, "datetime": {"datetime": "2024-04-04 05:09:36", "elapsed": 0.317666, "delta": 0.00266}}
{"target": -797.6332523856606, "params": {"gamma": 3.153132786150634, "lr": 0.8928887085251513}, "datetime": {"datetime": "2024-04-04 05:09:36", "elapsed": 0.320332, "delta": 0.002666}}
{"target": -1996.1633799852084, "params": {"gamma": 5.778994295630071, "lr": 0.18401020162746506}, "datetime": {"datetime": "2024-04-04 05:09:36", "elapsed": 0.322931, "delta": 0.002599}}
{"target": -1663.9192384517546, "params": {"gamma": 7.8795044090212185, "lr": 0.6120311770449339}, "datetime": {"datetime": "2024-04-04 05:09:36", "elapsed": 0.325642, "delta": 0.002711}}
{"target": -179.02227491971692, "params": {"gamma": 0.5400388114654558, "lr": 0.4201936800011322}, "datetime": {"datetime": "2024-04-04 05:09:36", "elapsed": 0.328537, "delta": 0.002895}}
{"target": -1694.3531597704139, "params": {"gamma": 6.791009296817731, "lr": 0.9186017779775258}, "datetime": {"datetime": "2024-04-04 05:09:36", "elapsed": 0.331423, "delta": 0.002886}}
{"target": -144.3749553816948, "params": {"gamma": 0.005019846888682974, "lr": 0.9767591490310596}, "datetime": {"datetime": "2024-04-04 05:09:36", "elapsed": 0.334043, "delta": 0.00262}}
{"target": -950.3013757183046, "params": {"gamma": 3.766426567142999, "lr": 0.9737835383583225}, "datetime": {"datetime": "2024-04-04 05:09:36", "elapsed": 0.336765, "delta": 0.002722}}
{"target": -1474.7290310670096, "params": {"gamma": 6.047556293639557, "lr": 0.828845807980693}, "datetime": {"datetime": "2024-04-04 05:09:36", "elapsed": 0.339583, "delta": 0.002818}}
{"target": -1211.0673765808192, "params": {"gamma": 5.747540335576315, "lr": 0.6280761983073504}, "datetime": {"datetime": "2024-04-04 05:09:36", "elapsed": 0.342238, "delta": 0.002655}}
{"target": -599.6394263823497, "params": {"gamma": 2.8564772406752437, "lr": 0.586833340656083}, "datetime": {"datetime": "2024-04-04 05:09:36", "elapsed": 0.345041, "delta": 0.002803}}
{"target": -1840.9123859338488, "params": {"gamma": 7.500467615262897, "lr": 0.8583138364290424}, "datetime": {"datetime": "2024-04-04 05:09:36", "elapsed": 0.347798, "delta": 0.002757}}
{"target": -1726.1062632140329, "params": {"gamma": 7.551066802488335, "lr": 0.698057248447303}, "datetime": {"datetime": "2024-04-04 05:09:36", "elapsed": 0.350472, "delta": 0.002674}}
{"target": -1807.5827901807934, "params": {"gamma": 8.644929821115943, "lr": 0.32268099683674645}, "datetime": {"datetime": "2024-04-04 05:09:36", "elapsed": 0.353169, "delta": 0.002697}}
{"target": -1323.0289071765137, "params": {"gamma": 6.708217119085085, "lr": 0.45087393641334916}, "datetime": {"datetime": "2024-04-04 05:09:36", "elapsed": 0.355919, "delta": 0.00275}}
{"target": -828.0177673590039, "params": {"gamma": 3.8216454175631407, "lr": 0.4108113499221856}, "datetime": {"datetime": "2024-04-04 05:09:36", "elapsed": 0.358629, "delta": 0.00271}}
{"target": -850.5380295011022, "params": {"gamma": 4.015394355111937, "lr": 0.3173839459582769}, "datetime": {"datetime": "2024-04-04 05:09:36", "elapsed": 0.361531, "delta": 0.002902}}
{"target": -1332.9509570147395, "params": {"gamma": 6.219571759835095, "lr": 0.43024727082126435}, "datetime": {"datetime": "2024-04-04 05:09:36", "elapsed": 0.36439, "delta": 0.002859}}
{"target": -2220.255007751757, "params": {"gamma": 9.738046977194596, "lr": 0.6778008914343111}, "datetime": {"datetime": "2024-04-04 05:09:36", "elapsed": 0.367114, "delta": 0.002724}}
{"target": -444.84606071517203, "params": {"gamma": 1.9865003143826816, "lr": 0.4267010093480328}, "datetime": {"datetime": "2024-04-04 05:09:36", "elapsed": 0.369767, "delta": 0.002653}}
{"target": -839.0860553473836, "params": {"gamma": 3.4341190515044557, "lr": 0.7976388039585666}, "datetime": {"datetime": "2024-04-04 05:09:36", "elapsed": 0.372501, "delta": 0.002734}}
{"target": -2181.309920381447, "params": {"gamma": 8.800102887345755, "lr": 0.903841955826372}, "datetime": {"datetime": "2024-04-04 05:09:36", "elapsed": 0.375112, "delta": 0.002611}}
{"target": -1548.9156646080917, "params": {"gamma": 6.627535403940247, "lr": 0.2702082620297578}, "datetime": {"datetime": "2024-04-04 05:09:36", "elapsed": 0.377751, "delta": 0.002639}}
{"target": -639.2512393226816, "params": {"gamma": 2.5244146483443926, "lr": 0.8548979426974024}, "datetime": {"datetime": "2024-04-04 05:09:36", "elapsed": 0.380359, "delta": 0.002608}}
{"target": -1300.7387970138395, "params": {"gamma": 5.277618748441158, "lr": 0.8021610840045981}, "datetime": {"datetime": "2024-04-04 05:09:36", "elapsed": 0.382986, "delta": 0.002627}}
{"target": -1273.5544781725212, "params": {"gamma": 5.725312683398872, "lr": 0.7331425252875111}, "datetime": {"datetime": "2024-04-04 05:09:36", "elapsed": 0.385614, "delta": 0.002628}}
{"target": -1252.2988210049637, "params": {"gamma": 5.190597263013095, "lr": 0.770883910501888}, "datetime": {"datetime": "2024-04-04 05:09:36", "elapsed": 0.388359, "delta": 0.002745}}
{"target": -1106.5706616972818, "params": {"gamma": 5.689011049056451, "lr": 0.4657098785919809}, "datetime": {"datetime": "2024-04-04 05:09:36", "elapsed": 0.391119, "delta": 0.00276}}
{"target": -1591.300657150226, "params": {"gamma": 3.4275463906248644, "lr": 0.06820934841670412}, "datetime": {"datetime": "2024-04-04 05:09:36", "elapsed": 0.394032, "delta": 0.002913}}
{"target": -1750.8414946197247, "params": {"gamma": 3.7798638691016704, "lr": 0.07962607769825236}, "datetime": {"datetime": "2024-04-04 05:09:36", "elapsed": 0.396921, "delta": 0.002889}}
{"target": -3704.349490823403, "params": {"gamma": 9.82818832019072, "lr": 0.18161285133076377}, "datetime": {"datetime": "2024-04-04 05:09:36", "elapsed": 0.399676, "delta": 0.002755}}
{"target": -1990.4998746543465, "params": {"gamma": 8.118775118507678, "lr": 0.8749616449558981}, "datetime": {"datetime": "2024-04-04 05:09:36", "elapsed": 0.402342, "delta": 0.002666}}
{"target": -1408.5167858678426, "params": {"gamma": 6.884444110607048, "lr": 0.5694944127453757}, "datetime": {"datetime": "2024-04-04 05:09:36", "elapsed": 0.405039, "delta": 0.002697}}
{"target": -337.95367541203353, "params": {"gamma": 1.610553396719272, "lr": 0.4668800227633063}, "datetime": {"datetime": "2024-04-04 05:09:36", "elapsed": 0.407664, "delta": 0.002625}}
{"target": -932.832850492773, "params": {"gamma": 3.452375339500995, "lr": 0.2250399578140846}, "datetime": {"datetime": "2024-04-04 05:09:36", "elapsed": 0.410332, "delta": 0.002668}}
{"target": -1244.926409582892, "params": {"gamma": 5.925526175789202, "lr": 0.31226983770191696}, "datetime": {"datetime": "2024-04-04 05:09:36", "elapsed": 0.413091, "delta": 0.002759}}
{"target": -2252.786527419013, "params": {"gamma": 9.163139229130039, "lr": 0.9096355249515571}, "datetime": {"datetime": "2024-04-04 05:09:36", "elapsed": 0.415829, "delta": 0.002738}}
{"target": -1156.0769371484257, "params": {"gamma": 2.57192581952818, "lr": 0.1108913007440292}, "datetime": {"datetime": "2024-04-04 05:09:36", "elapsed": 0.418525, "delta": 0.002696}}
{"target": -395.624976213835, "params": {"gamma": 1.9304343574591094, "lr": 0.49958417067888605}, "datetime": {"datetime": "2024-04-04 05:09:36", "elapsed": 0.421188, "delta": 0.002663}}
{"target": -2228.864405205886, "params": {"gamma": 7.286128094077989, "lr": 0.20819443840879148}, "datetime": {"datetime": "2024-04-04 05:09:36", "elapsed": 0.423904, "delta": 0.002716}}
{"target": -628.910364095671, "params": {"gamma": 2.48108755021393, "lr": 0.851671874936367}, "datetime": {"datetime": "2024-04-04 05:09:36", "elapsed": 0.426868, "delta": 0.002964}}
{"target": -884.4219663878454, "params": {"gamma": 4.159071333957006, "lr": 0.6166850671552362}, "datetime": {"datetime": "2024-04-04 05:09:36", "elapsed": 0.429796, "delta": 0.002928}}
{"target": -1053.2359292927804, "params": {"gamma": 2.3374277262532615, "lr": 0.10196725942579743}, "datetime": {"datetime": "2024-04-04 05:09:36", "elapsed": 0.432552, "delta": 0.002756}}
{"target": -1005.2891680953716, "params": {"gamma": 5.159054312668331, "lr": 0.47714098704978236}, "datetime": {"datetime": "2024-04-04 05:09:36", "elapsed": 0.435304, "delta": 0.002752}}
{"target": -346.32829694896714, "params": {"gamma": 1.5275637692875392, "lr": 0.6218062317404155}, "datetime": {"datetime": "2024-04-04 05:09:36", "elapsed": 0.437948, "delta": 0.002644}}
{"target": -1147.7480358761559, "params": {"gamma": 5.440557178020568, "lr": 0.6541373469707443}, "datetime": {"datetime": "2024-04-04 05:09:36", "elapsed": 0.440652, "delta": 0.002704}}
{"target": -374.8161204381083, "params": {"gamma": 1.4463108557064734, "lr": 0.7515278171352439}, "datetime": {"datetime": "2024-04-04 05:09:36", "elapsed": 0.44327, "delta": 0.002618}}
{"target": -477.76185410065176, "params": {"gamma": 2.221269348859427, "lr": 0.519351824366033}, "datetime": {"datetime": "2024-04-04 05:09:36", "elapsed": 0.446004, "delta": 0.002734}}
{"target": -3597.4862035490037, "params": {"gamma": 7.853174986187969, "lr": 0.02233042799180618}, "datetime": {"datetime": "2024-04-04 05:09:36", "elapsed": 0.448624, "delta": 0.00262}}
{"target": -812.8452173708224, "params": {"gamma": 3.2443002348021386, "lr": 0.872922376400111}, "datetime": {"datetime": "2024-04-04 05:09:36", "elapsed": 0.451341, "delta": 0.002717}}
{"target": -1747.9630993708347, "params": {"gamma": 8.447251366413093, "lr": 0.5384405925945437}, "datetime": {"datetime": "2024-04-04 05:09:36", "elapsed": 0.453989, "delta": 0.002648}}
{"target": -2156.420531757101, "params": {"gamma": 8.666216133390963, "lr": 0.9498059913536265}, "datetime": {"datetime": "2024-04-04 05:09:36", "elapsed": 0.456734, "delta": 0.002745}}
{"target": -2024.3255160685667, "params": {"gamma": 8.264243569295784, "lr": 0.8541154438365387}, "datetime": {"datetime": "2024-04-04 05:09:36", "elapsed": 0.45964, "delta": 0.002906}}
{"target": -244.699965017776, "params": {"gamma": 0.9883352748016633, "lr": 0.651304332340991}, "datetime": {"datetime": "2024-04-04 05:09:36", "elapsed": 0.462608, "delta": 0.002968}}
{"target": -1486.7971752463363, "params": {"gamma": 7.035466364538378, "lr": 0.6102408126466297}, "datetime": {"datetime": "2024-04-04 05:09:36", "elapsed": 0.465351, "delta": 0.002743}}
{"target": -3662.4150059187905, "params": {"gamma": 7.996353002098545, "lr": 0.03457121987163425}, "datetime": {"datetime": "2024-04-04 05:09:36", "elapsed": 0.468166, "delta": 0.002815}}
{"target": -1705.3235512973995, "params": {"gamma": 7.702617106815245, "lr": 0.731728600739527}, "datetime": {"datetime": "2024-04-04 05:09:36", "elapsed": 0.470902, "delta": 0.002736}}
{"target": -619.2561392949216, "params": {"gamma": 2.5977242345902325, "lr": 0.2570692988221467}, "datetime": {"datetime": "2024-04-04 05:09:36", "elapsed": 0.473758, "delta": 0.002856}}
{"target": -1359.2256907949609, "params": {"gamma": 6.323400870983849, "lr": 0.34529746159108154}, "datetime": {"datetime": "2024-04-04 05:09:36", "elapsed": 0.476508, "delta": 0.00275}}
{"target": -1567.552077580627, "params": {"gamma": 7.966090191394868, "lr": 0.44614623200345727}, "datetime": {"datetime": "2024-04-04 05:09:36", "elapsed": 0.479413, "delta": 0.002905}}
{"target": -1949.7836873971235, "params": {"gamma": 7.827711398426936, "lr": 0.9904717836238407}, "datetime": {"datetime": "2024-04-04 05:09:36", "elapsed": 0.482048, "delta": 0.002635}}
{"target": -1182.7212381325141, "params": {"gamma": 3.0031831469994668, "lr": 0.14300582825809938}, "datetime": {"datetime": "2024-04-04 05:09:36", "elapsed": 0.484825, "delta": 0.002777}}
{"target": -1864.1945702298797, "params": {"gamma": 9.01318305505639, "lr": 0.5415593788873733}, "datetime": {"datetime": "2024-04-04 05:09:36", "elapsed": 0.487619, "delta": 0.002794}}
{"target": -2047.010797469149, "params": {"gamma": 9.747428968179968, "lr": 0.6366044000018972}, "datetime": {"datetime": "2024-04-04 05:09:36", "elapsed": 0.490404, "delta": 0.002785}}
{"target": -2039.4869209624076, "params": {"gamma": 9.939136333080178, "lr": 0.5460708041429516}, "datetime": {"datetime": "2024-04-04 05:09:36", "elapsed": 0.493327, "delta": 0.002923}}
{"target": -2035.922478593615, "params": {"gamma": 5.264732913121308, "lr": 0.1354279030721699}, "datetime": {"datetime": "2024-04-04 05:09:36", "elapsed": 0.4963, "delta": 0.002973}}
{"target": -1650.227223022015, "params": {"gamma": 3.5576960046678274, "lr": 0.026218567296373285}, "datetime": {"datetime": "2024-04-04 05:09:36", "elapsed": 0.499179, "delta": 0.002879}}
{"target": -382.9579197639268, "params": {"gamma": 1.6047914000169714, "lr": 0.7456371927074961}, "datetime": {"datetime": "2024-04-04 05:09:36", "elapsed": 0.501842, "delta": 0.002663}}
{"target": -151.74753375940819, "params": {"gamma": 0.3049664995979595, "lr": 0.36654309724374434}, "datetime": {"datetime": "2024-04-04 05:09:36", "elapsed": 0.504716, "delta": 0.002874}}
{"target": -1968.4288814799575, "params": {"gamma": 8.623600182127603, "lr": 0.6926777175073543}, "datetime": {"datetime": "2024-04-04 05:09:36", "elapsed": 0.507549, "delta": 0.002833}}
{"target": -2383.9344723134673, "params": {"gamma": 6.90973047851962, "lr": 0.18863680095531088}, "datetime": {"datetime": "2024-04-04 05:09:36", "elapsed": 0.510237, "delta": 0.002688}}
{"target": -915.903379050662, "params": {"gamma": 4.419600903203486, "lr": 0.5815774073442912}, "datetime": {"datetime": "2024-04-04 05:09:36", "elapsed": 0.512968, "delta": 0.002731}}
{"target": -3022.712608863662, "params": {"gamma": 9.897527324929388, "lr": 0.20390622523312185}, "datetime": {"datetime": "2024-04-04 05:09:36", "elapsed": 0.515783, "delta": 0.002815}}
{"target": -592.0043754051221, "params": {"gamma": 2.478081284721786, "lr": 0.26217308377291193}, "datetime": {"datetime": "2024-04-04 05:09:36", "elapsed": 0.5185, "delta": 0.002717}}
{"target": -1453.4272554277134, "params": {"gamma": 7.50197396056663, "lr": 0.4569753274356928}, "datetime": {"datetime": "2024-04-04 05:09:36", "elapsed": 0.521253, "delta": 0.002753}}
{"target": -177.72335364349786, "params": {"gamma": 0.5702374546725388, "lr": 0.5085162406102396}, "datetime": {"datetime": "2024-04-04 05:09:36", "elapsed": 0.524075, "delta": 0.002822}}
{"target": -530.6028179983986, "params": {"gamma": 2.120389686272116, "lr": 0.7986042447602102}, "datetime": {"datetime": "2024-04-04 05:09:36", "elapsed": 0.527009, "delta": 0.002934}}
{"target": -1386.0748456545457, "params": {"gamma": 2.9740164836912153, "lr": 0.02760601195450363}, "datetime": {"datetime": "2024-04-04 05:09:36", "elapsed": 0.5299, "delta": 0.002891}}
{"target": -1460.8882368026088, "params": {"gamma": 5.934731062196747, "lr": 0.8438404289311888}, "datetime": {"datetime": "2024-04-04 05:09:36", "elapsed": 0.532735, "delta": 0.002835}}
{"target": -856.3262857073881, "params": {"gamma": 3.81078022449808, "lr": 0.7498583107261434}, "datetime": {"datetime": "2024-04-04 05:09:36", "elapsed": 0.535555, "delta": 0.00282}}
{"target": -1063.8448433730596, "params": {"gamma": 5.111903641492986, "lr": 0.5409518049621886}, "datetime": {"datetime": "2024-04-04 05:09:36", "elapsed": 0.538345, "delta": 0.00279}}
{"target": -2344.78218750095, "params": {"gamma": 9.594383776296462, "lr": 0.8039608914986468}, "datetime": {"datetime": "2024-04-04 05:09:36", "elapsed": 0.541105, "delta": 0.00276}}
{"target": -152.86987943114715, "params": {"gamma": 0.3241983431691163, "lr": 0.7093872512312951}, "datetime": {"datetime": "2024-04-04 05:09:36", "elapsed": 0.543865, "delta": 0.00276}}
{"target": -1167.435287797481, "params": {"gamma": 4.650549814153498, "lr": 0.9475489413950998}, "datetime": {"datetime": "2024-04-04 05:09:36", "elapsed": 0.546575, "delta": 0.00271}}
{"target": -532.357737719518, "params": {"gamma": 2.2151059105005597, "lr": 0.2670720196843658}, "datetime": {"datetime": "2024-04-04 05:09:36", "elapsed": 0.549368, "delta": 0.002793}}
{"target": -218.82296121086452, "params": {"gamma": 0.8156581748077427, "lr": 0.42861882866378653}, "datetime": {"datetime": "2024-04-04 05:09:36", "elapsed": 0.552123, "delta": 0.002755}}
{"target": -263.2213673382392, "params": {"gamma": 1.091078621426664, "lr": 0.6337867606119179}, "datetime": {"datetime": "2024-04-04 05:09:36", "elapsed": 0.554798, "delta": 0.002675}}
{"target": -1834.269906442391, "params": {"gamma": 8.029829410500005, "lr": 0.6968004961201785}, "datetime": {"datetime": "2024-04-04 05:09:36", "elapsed": 0.557462, "delta": 0.002664}}
{"target": -1644.1365928932028, "params": {"gamma": 7.66234759937663, "lr": 0.3424541198435198}, "datetime": {"datetime": "2024-04-04 05:09:36", "elapsed": 0.560364, "delta": 0.002902}}
{"target": -1807.2659766185097, "params": {"gamma": 8.45866897879375, "lr": 0.42876877499944255}, "datetime": {"datetime": "2024-04-04 05:09:36", "elapsed": 0.563361, "delta": 0.002997}}
{"target": -1731.4348950719145, "params": {"gamma": 8.240274694252776, "lr": 0.6264961586242938}, "datetime": {"datetime": "2024-04-04 05:09:36", "elapsed": 0.566078, "delta": 0.002717}}
{"target": -693.0523607049695, "params": {"gamma": 1.435087063653779, "lr": 0.07838689985494796}, "datetime": {"datetime": "2024-04-04 05:09:36", "elapsed": 0.568738, "delta": 0.00266}}
{"target": -180.2158175397979, "params": {"gamma": 0.1843080964871599, "lr": 0.06672499763935646}, "datetime": {"datetime": "2024-04-04 05:09:36", "elapsed": 0.571401, "delta": 0.002663}}
{"target": -1951.5156762445201, "params": {"gamma": 4.586379553270611, "lr": 0.11334192276759048}, "datetime": {"datetime": "2024-04-04 05:09:36", "elapsed": 0.574072, "delta": 0.002671}}
{"target": -149.72847696352625, "params": {"gamma": 0.27880570513785086, "lr": 0.7548614813904674}, "datetime": {"datetime": "2024-04-04 05:09:36", "elapsed": 0.57673, "delta": 0.002658}}
{"target": -886.4032995548804, "params": {"gamma": 3.949109954125934, "lr": 0.7469384956075251}, "datetime": {"datetime": "2024-04-04 05:09:36", "elapsed": 0.579408, "delta": 0.002678}}
{"target": -899.1256523428342, "params": {"gamma": 4.52459586263777, "lr": 0.4500867470007611}, "datetime": {"datetime": "2024-04-04 05:09:36", "elapsed": 0.58205, "delta": 0.002642}}
{"target": -933.145342248316, "params": {"gamma": 4.7812469946715925, "lr": 0.47400392656219403}, "datetime": {"datetime": "2024-04-04 05:09:36", "elapsed": 0.584718, "delta": 0.002668}}
{"target": -1720.7991014545823, "params": {"gamma": 8.031830257799582, "lr": 0.40239251985773583}, "datetime": {"datetime": "2024-04-04 05:09:36", "elapsed": 0.587393, "delta": 0.002675}}
{"target": -4138.851883477298, "params": {"gamma": 9.046956917275887, "lr": 0.037061047954035864}, "datetime": {"datetime": "2024-04-04 05:09:36", "elapsed": 0.590136, "delta": 0.002743}}
{"target": -2984.5671451954736, "params": {"gamma": 7.738969552861467, "lr": 0.12564138113773882}, "datetime": {"datetime": "2024-04-04 05:09:36", "elapsed": 0.593045, "delta": 0.002909}}
{"target": -2841.2635066932376, "params": {"gamma": 6.185517155553943, "lr": 0.010364261335231939}, "datetime": {"datetime": "2024-04-04 05:09:36", "elapsed": 0.596066, "delta": 0.003021}}
{"target": -2479.089906407852, "params": {"gamma": 5.386734198480894, "lr": 0.0030179566195963625}, "datetime": {"datetime": "2024-04-04 05:09:36", "elapsed": 0.598805, "delta": 0.002739}}
{"target": -2356.049453263314, "params": {"gamma": 9.511986661116556, "lr": 0.905402033702778}, "datetime": {"datetime": "2024-04-04 05:09:36", "elapsed": 0.601476, "delta": 0.002671}}
{"target": -1959.8572074022554, "params": {"gamma": 7.959873452480752, "lr": 0.9152743199147875}, "datetime": {"datetime": "2024-04-04 05:09:36", "elapsed": 0.604253, "delta": 0.002777}}
{"target": -589.9982752981298, "params": {"gamma": 1.4564367533528122, "lr": 0.15773006987053328}, "datetime": {"datetime": "2024-04-04 05:09:36", "elapsed": 0.606992, "delta": 0.002739}}
{"target": -415.167964096694, "params": {"gamma": 1.8771290973514374, "lr": 0.6224959022999211}, "datetime": {"datetime": "2024-04-04 05:09:36", "elapsed": 0.609694, "delta": 0.002702}}
{"target": -2253.0238710043027, "params": {"gamma": 9.05818915058701, "lr": 0.9899551783590737}, "datetime": {"datetime": "2024-04-04 05:09:36", "elapsed": 0.612391, "delta": 0.002697}}
{"target": -1576.215870627562, "params": {"gamma": 7.111513465199394, "lr": 0.7318004091422953}, "datetime": {"datetime": "2024-04-04 05:09:36", "elapsed": 0.615188, "delta": 0.002797}}
{"target": -1946.2291611536875, "params": {"gamma": 9.093022752238, "lr": 0.4008737323711209}, "datetime": {"datetime": "2024-04-04 05:09:36", "elapsed": 0.618002, "delta": 0.002814}}
{"target": -955.2237917434462, "params": {"gamma": 2.4992569515701426, "lr": 0.17343017078712286}, "datetime": {"datetime": "2024-04-04 05:09:36", "elapsed": 0.620993, "delta": 0.002991}}
{"target": -326.47443319662943, "params": {"gamma": 1.1954510462869563, "lr": 0.8126105880328287}, "datetime": {"datetime": "2024-04-04 05:09:36", "elapsed": 0.623967, "delta": 0.002974}}
{"target": -366.5685449700044, "params": {"gamma": 1.4687769417990144, "lr": 0.2642974827269007}, "datetime": {"datetime": "2024-04-04 05:09:36", "elapsed": 0.626905, "delta": 0.002938}}
{"target": -1713.652159133846, "params": {"gamma": 8.191072697156674, "lr": 0.31058725179421}, "datetime": {"datetime": "2024-04-04 05:09:36", "elapsed": 0.629941, "delta": 0.003036}}
{"target": -2288.8658923130147, "params": {"gamma": 9.824192075480136, "lr": 0.2666387021516352}, "datetime": {"datetime": "2024-04-04 05:09:36", "elapsed": 0.632747, "delta": 0.002806}}
