{"target": -468.7827129436988, "params": {"gamma": 4.999823778620901, "lr": 0.777098229275783}, "datetime": {"datetime": "2024-03-30 18:19:23", "elapsed": 1.674693, "delta": 0.00399}}
{"target": -519.1711547069697, "params": {"gamma": 1.4369263717442184, "lr": 0.08320263643587555}, "datetime": {"datetime": "2024-03-30 18:19:23", "elapsed": 1.678682, "delta": 0.003989}}
{"target": -375.73750886029273, "params": {"gamma": 3.9927868349191855, "lr": 0.7969622519799001}, "datetime": {"datetime": "2024-03-30 18:19:23", "elapsed": 1.681674, "delta": 0.002992}}
{"target": -185.0196286964739, "params": {"gamma": 1.917565713359991, "lr": 0.767777192147274}, "datetime": {"datetime": "2024-03-30 18:19:23", "elapsed": 1.685663, "delta": 0.003989}}
{"target": -470.0592370635089, "params": {"gamma": 2.90368967262162, "lr": 0.21689148761179533}, "datetime": {"datetime": "2024-03-30 18:19:23", "elapsed": 1.689653, "delta": 0.00399}}
{"target": -109.05832225729525, "params": {"gamma": 0.1681391751809873, "lr": 0.3986590599223787}, "datetime": {"datetime": "2024-03-30 18:19:23", "elapsed": 1.692644, "delta": 0.002991}}
{"target": -360.2539268267621, "params": {"gamma": 3.8114338314432303, "lr": 0.6593449361953647}, "datetime": {"datetime": "2024-03-30 18:19:23", "elapsed": 1.696633, "delta": 0.003989}}
{"target": -257.3637068258326, "params": {"gamma": 0.7101130863034019, "lr": 0.15260398704227185}, "datetime": {"datetime": "2024-03-30 18:19:23", "elapsed": 1.700623, "delta": 0.00399}}
{"target": -142.67311344241324, "params": {"gamma": 0.16674225312644053, "lr": 0.11379635644740682}, "datetime": {"datetime": "2024-03-30 18:19:23", "elapsed": 1.703615, "delta": 0.002992}}
{"target": -661.8273562049203, "params": {"gamma": 6.518240970824895, "lr": 0.4026568521749192}, "datetime": {"datetime": "2024-03-30 18:19:23", "elapsed": 1.707604, "delta": 0.003989}}
{"target": -303.3448689958229, "params": {"gamma": 3.2109421153589914, "lr": 0.5579119942437725}, "datetime": {"datetime": "2024-03-30 18:19:23", "elapsed": 1.711625, "delta": 0.004021}}
{"target": -936.5111027046019, "params": {"gamma": 9.9346111705354, "lr": 0.8344865140180296}, "datetime": {"datetime": "2024-03-30 18:19:23", "elapsed": 1.714614, "delta": 0.002989}}
{"target": -654.8102517380605, "params": {"gamma": 6.99653220081344, "lr": 0.9182585891320579}, "datetime": {"datetime": "2024-03-30 18:19:23", "elapsed": 1.718606, "delta": 0.003992}}
{"target": -182.95392012653897, "params": {"gamma": 0.3982473381241651, "lr": 0.07033344161552524}, "datetime": {"datetime": "2024-03-30 18:19:23", "elapsed": 1.722596, "delta": 0.00399}}
{"target": -520.9909738718231, "params": {"gamma": 4.740588893590559, "lr": 0.3491674129570773}, "datetime": {"datetime": "2024-03-30 18:19:23", "elapsed": 1.726554, "delta": 0.003958}}
{"target": -940.7252634428235, "params": {"gamma": 9.37258336922236, "lr": 0.48956496114516856}, "datetime": {"datetime": "2024-03-30 18:19:23", "elapsed": 1.729573, "delta": 0.003019}}
{"target": -511.58263975965167, "params": {"gamma": 5.396951451823413, "lr": 0.8952603657312208}, "datetime": {"datetime": "2024-03-30 18:19:23", "elapsed": 1.733565, "delta": 0.003992}}
{"target": -429.8159878520174, "params": {"gamma": 4.466903823191082, "lr": 0.8770343892703519}, "datetime": {"datetime": "2024-03-30 18:19:23", "elapsed": 1.737554, "delta": 0.003989}}
{"target": -321.39585203007425, "params": {"gamma": 2.536563911966912, "lr": 0.27380970415810857}, "datetime": {"datetime": "2024-03-30 18:19:23", "elapsed": 1.741519, "delta": 0.003965}}
{"target": -310.1252369056697, "params": {"gamma": 3.284285539485814, "lr": 0.5475642704809535}, "datetime": {"datetime": "2024-03-30 18:19:23", "elapsed": 1.744505, "delta": 0.002986}}
{"target": -217.46333601450746, "params": {"gamma": 2.2020666115957854, "lr": 0.6714291710812733}, "datetime": {"datetime": "2024-03-30 18:19:23", "elapsed": 1.748495, "delta": 0.00399}}
{"target": -505.0518619608502, "params": {"gamma": 1.4287900347472011, "lr": 0.09410027449963942}, "datetime": {"datetime": "2024-03-30 18:19:23", "elapsed": 1.752514, "delta": 0.004019}}
{"target": -1354.9870523109882, "params": {"gamma": 8.70204727030757, "lr": 0.23686870355699852}, "datetime": {"datetime": "2024-03-30 18:19:23", "elapsed": 1.755504, "delta": 0.00299}}
{"target": -362.8229728115994, "params": {"gamma": 3.8606541062149327, "lr": 0.5715420927253323}, "datetime": {"datetime": "2024-03-30 18:19:23", "elapsed": 1.759465, "delta": 0.003961}}
{"target": -1883.9791235528255, "params": {"gamma": 5.258493897544749, "lr": 0.07602387944210687}, "datetime": {"datetime": "2024-03-30 18:19:23", "elapsed": 1.763455, "delta": 0.00399}}
{"target": -816.2038715542984, "params": {"gamma": 8.741385230044685, "lr": 0.9511356184186921}, "datetime": {"datetime": "2024-03-30 18:19:23", "elapsed": 1.766447, "delta": 0.002992}}
{"target": -957.4745818420743, "params": {"gamma": 8.125260534442543, "lr": 0.2838018349468743}, "datetime": {"datetime": "2024-03-30 18:19:23", "elapsed": 1.770465, "delta": 0.004018}}
{"target": -579.6255799663306, "params": {"gamma": 5.278940114383477, "lr": 0.3394167240176095}, "datetime": {"datetime": "2024-03-30 18:19:23", "elapsed": 1.774425, "delta": 0.00396}}
{"target": -520.7603462205819, "params": {"gamma": 5.54711844056588, "lr": 0.9744034689130026}, "datetime": {"datetime": "2024-03-30 18:19:23", "elapsed": 1.778414, "delta": 0.003989}}
{"target": -304.339329476417, "params": {"gamma": 3.1177174742720952, "lr": 0.6687966059228697}, "datetime": {"datetime": "2024-03-30 18:19:23", "elapsed": 1.781406, "delta": 0.002992}}
{"target": -308.1678958762359, "params": {"gamma": 3.26034610588255, "lr": 0.7744772660150796}, "datetime": {"datetime": "2024-03-30 18:19:23", "elapsed": 1.785396, "delta": 0.00399}}
{"target": -311.9330223016808, "params": {"gamma": 3.258773856165435, "lr": 0.889827341447375}, "datetime": {"datetime": "2024-03-30 18:19:23", "elapsed": 1.789385, "delta": 0.003989}}
{"target": -701.5958259408587, "params": {"gamma": 7.51732550147175, "lr": 0.7626320954451107}, "datetime": {"datetime": "2024-03-30 18:19:23", "elapsed": 1.792377, "delta": 0.002992}}
{"target": -742.3250586141169, "params": {"gamma": 4.695320806570698, "lr": 0.21076450246870537}, "datetime": {"datetime": "2024-03-30 18:19:23", "elapsed": 1.796366, "delta": 0.003989}}
{"target": -109.97869155780032, "params": {"gamma": 0.4157093206854123, "lr": 0.3218287999702445}, "datetime": {"datetime": "2024-03-30 18:19:23", "elapsed": 1.800385, "delta": 0.004019}}
{"target": -74.83277338445028, "params": {"gamma": 0.3720895322754502, "lr": 0.6938554113738997}, "datetime": {"datetime": "2024-03-30 18:19:23", "elapsed": 1.804345, "delta": 0.00396}}
{"target": -680.5685661200677, "params": {"gamma": 6.703829969329749, "lr": 0.430471782744975}, "datetime": {"datetime": "2024-03-30 18:19:23", "elapsed": 1.807367, "delta": 0.003022}}
{"target": -718.2307079665799, "params": {"gamma": 7.678121987604072, "lr": 0.5360084947395637}, "datetime": {"datetime": "2024-03-30 18:19:23", "elapsed": 1.811358, "delta": 0.003991}}
{"target": -178.69821848027166, "params": {"gamma": 0.3995594064278903, "lr": 0.13479311796067905}, "datetime": {"datetime": "2024-03-30 18:19:23", "elapsed": 1.814348, "delta": 0.00299}}
{"target": -217.7846308262499, "params": {"gamma": 1.9349705737501688, "lr": 0.3356638011646498}, "datetime": {"datetime": "2024-03-30 18:19:23", "elapsed": 1.818336, "delta": 0.003988}}
{"target": -77.92991105876465, "params": {"gamma": 0.52407715142833, "lr": 0.6051167805003662}, "datetime": {"datetime": "2024-03-30 18:19:23", "elapsed": 1.822297, "delta": 0.003961}}
{"target": -481.1859164942956, "params": {"gamma": 5.121098214211664, "lr": 0.6174610120171561}, "datetime": {"datetime": "2024-03-30 18:19:23", "elapsed": 1.825289, "delta": 0.002992}}
{"target": -412.0228882323877, "params": {"gamma": 4.324123592048677, "lr": 0.8477004682374377}, "datetime": {"datetime": "2024-03-30 18:19:23", "elapsed": 1.829307, "delta": 0.004018}}
{"target": -1627.2197440530672, "params": {"gamma": 4.541136501535455, "lr": 0.015403519791920894}, "datetime": {"datetime": "2024-03-30 18:19:23", "elapsed": 1.832309, "delta": 0.003002}}
{"target": -817.512137104865, "params": {"gamma": 8.730808416322548, "lr": 0.6562015477440989}, "datetime": {"datetime": "2024-03-30 18:19:23", "elapsed": 1.838283, "delta": 0.005974}}
{"target": -768.9206690692994, "params": {"gamma": 8.23020740344406, "lr": 0.9517756930338517}, "datetime": {"datetime": "2024-03-30 18:19:23", "elapsed": 1.841247, "delta": 0.002964}}
{"target": -134.76875527318617, "params": {"gamma": 0.5100729227853552, "lr": 0.23507186409101455}, "datetime": {"datetime": "2024-03-30 18:19:23", "elapsed": 1.845236, "delta": 0.003989}}
{"target": -95.16513204716728, "params": {"gamma": 0.6343710911199417, "lr": 0.4216578860324509}, "datetime": {"datetime": "2024-03-30 18:19:23", "elapsed": 1.849226, "delta": 0.00399}}
{"target": -3093.945156043755, "params": {"gamma": 8.638427625869019, "lr": 0.0816239827150681}, "datetime": {"datetime": "2024-03-30 18:19:23", "elapsed": 1.852216, "delta": 0.00299}}
{"target": -1624.4468093548176, "params": {"gamma": 4.7316464169059, "lr": 0.12554310980872363}, "datetime": {"datetime": "2024-03-30 18:19:23", "elapsed": 1.856206, "delta": 0.00399}}
{"target": -730.2969710553484, "params": {"gamma": 7.729083136069011, "lr": 0.8414221567958434}, "datetime": {"datetime": "2024-03-30 18:19:23", "elapsed": 1.859197, "delta": 0.002991}}
{"target": -91.29870993360953, "params": {"gamma": 0.4338660909233998, "lr": 0.48644074317039476}, "datetime": {"datetime": "2024-03-30 18:19:23", "elapsed": 1.863187, "delta": 0.00399}}
{"target": -229.79581589450765, "params": {"gamma": 2.3948710303334217, "lr": 0.9524737816932592}, "datetime": {"datetime": "2024-03-30 18:19:23", "elapsed": 1.867176, "delta": 0.003989}}
{"target": -882.6783468435952, "params": {"gamma": 9.438982385210178, "lr": 0.6139340023847009}, "datetime": {"datetime": "2024-03-30 18:19:23", "elapsed": 1.871165, "delta": 0.003989}}
{"target": -1065.2637463604701, "params": {"gamma": 9.734900485854638, "lr": 0.344861343716251}, "datetime": {"datetime": "2024-03-30 18:19:23", "elapsed": 1.874157, "delta": 0.002992}}
{"target": -910.3069174997293, "params": {"gamma": 8.97860932595915, "lr": 0.4345949734085095}, "datetime": {"datetime": "2024-03-30 18:19:23", "elapsed": 1.878147, "delta": 0.00399}}
{"target": -226.49416430534234, "params": {"gamma": 2.35891055683799, "lr": 0.9408279632013994}, "datetime": {"datetime": "2024-03-30 18:19:23", "elapsed": 1.881139, "delta": 0.002992}}
{"target": -2451.010640116093, "params": {"gamma": 6.842496291781293, "lr": 0.06491158533912933}, "datetime": {"datetime": "2024-03-30 18:19:23", "elapsed": 1.885129, "delta": 0.00399}}
{"target": -837.5077642368567, "params": {"gamma": 8.704378143373837, "lr": 0.7013802946333463}, "datetime": {"datetime": "2024-03-30 18:19:23", "elapsed": 1.889119, "delta": 0.00399}}
{"target": -577.2619935133602, "params": {"gamma": 6.049663802869843, "lr": 0.7323748991793305}, "datetime": {"datetime": "2024-03-30 18:19:23", "elapsed": 1.89211, "delta": 0.002991}}
{"target": -241.60570735736758, "params": {"gamma": 2.535136985955308, "lr": 0.6004889552745444}, "datetime": {"datetime": "2024-03-30 18:19:23", "elapsed": 1.8961, "delta": 0.00399}}
{"target": -2917.79222736151, "params": {"gamma": 8.146377193435292, "lr": 0.05411366032399989}, "datetime": {"datetime": "2024-03-30 18:19:23", "elapsed": 1.900089, "delta": 0.003989}}
{"target": -132.24485854915744, "params": {"gamma": 1.3059762027213204, "lr": 0.8424458099564136}, "datetime": {"datetime": "2024-03-30 18:19:23", "elapsed": 1.903081, "delta": 0.002992}}
{"target": -579.2849152631427, "params": {"gamma": 6.183840347409528, "lr": 0.531287810481058}, "datetime": {"datetime": "2024-03-30 18:19:23", "elapsed": 1.90707, "delta": 0.003989}}
{"target": -304.40057711260357, "params": {"gamma": 2.483658999241989, "lr": 0.2950785752494959}, "datetime": {"datetime": "2024-03-30 18:19:23", "elapsed": 1.91106, "delta": 0.00399}}
{"target": -884.8937302106146, "params": {"gamma": 8.726988963029699, "lr": 0.42166593484970927}, "datetime": {"datetime": "2024-03-30 18:19:23", "elapsed": 1.91464, "delta": 0.00358}}
{"target": -80.20973592213517, "params": {"gamma": 0.6452381255404884, "lr": 0.8969850695075825}, "datetime": {"datetime": "2024-03-30 18:19:23", "elapsed": 1.917632, "delta": 0.002992}}
{"target": -196.78793233078622, "params": {"gamma": 2.0346049474076864, "lr": 0.8262275354923914}, "datetime": {"datetime": "2024-03-30 18:19:23", "elapsed": 1.921621, "delta": 0.003989}}
{"target": -885.2502557832166, "params": {"gamma": 8.81782446020499, "lr": 0.48675074481833813}, "datetime": {"datetime": "2024-03-30 18:19:23", "elapsed": 1.925611, "delta": 0.00399}}
{"target": -560.8036232957451, "params": {"gamma": 5.98504846635326, "lr": 0.527267456485417}, "datetime": {"datetime": "2024-03-30 18:19:23", "elapsed": 1.928602, "delta": 0.002991}}
{"target": -591.8811392247716, "params": {"gamma": 6.248588120560806, "lr": 0.8550417213473515}, "datetime": {"datetime": "2024-03-30 18:19:23", "elapsed": 1.93259, "delta": 0.003988}}
{"target": -274.67671633365484, "params": {"gamma": 2.8221123446002014, "lr": 0.8837555081806009}, "datetime": {"datetime": "2024-03-30 18:19:23", "elapsed": 1.93658, "delta": 0.00399}}
{"target": -1948.7534838233055, "params": {"gamma": 5.677335610861374, "lr": 0.11510304096690338}, "datetime": {"datetime": "2024-03-30 18:19:23", "elapsed": 1.940569, "delta": 0.003989}}
{"target": -216.2393716493034, "params": {"gamma": 2.270784650981365, "lr": 0.5959823856130138}, "datetime": {"datetime": "2024-03-30 18:19:23", "elapsed": 1.944559, "delta": 0.00399}}
{"target": -824.0996655184057, "params": {"gamma": 2.395222922809899, "lr": 0.13141566053746057}, "datetime": {"datetime": "2024-03-30 18:19:23", "elapsed": 1.948579, "delta": 0.00402}}
{"target": -160.612106339902, "params": {"gamma": 1.6193152935242277, "lr": 0.8448725182357391}, "datetime": {"datetime": "2024-03-30 18:19:23", "elapsed": 1.952567, "delta": 0.003988}}
{"target": -564.6982587980182, "params": {"gamma": 6.022234355273215, "lr": 0.9635670871883419}, "datetime": {"datetime": "2024-03-30 18:19:23", "elapsed": 1.956558, "delta": 0.003991}}
{"target": -325.48254817455637, "params": {"gamma": 3.4574464537469587, "lr": 0.5956250981349497}, "datetime": {"datetime": "2024-03-30 18:19:23", "elapsed": 1.960549, "delta": 0.003991}}
{"target": -561.9756997130597, "params": {"gamma": 5.9902539044452245, "lr": 0.6157042872039488}, "datetime": {"datetime": "2024-03-30 18:19:23", "elapsed": 1.964505, "delta": 0.003956}}
{"target": -76.82145005255255, "params": {"gamma": 0.5927128946500382, "lr": 0.7503171845746859}, "datetime": {"datetime": "2024-03-30 18:19:23", "elapsed": 1.967497, "delta": 0.002992}}
{"target": -885.9995997229631, "params": {"gamma": 9.482146772378064, "lr": 0.5346790571795887}, "datetime": {"datetime": "2024-03-30 18:19:24", "elapsed": 1.971487, "delta": 0.00399}}
{"target": -185.82001315252842, "params": {"gamma": 1.926367653529729, "lr": 0.7529259149799422}, "datetime": {"datetime": "2024-03-30 18:19:24", "elapsed": 1.975476, "delta": 0.003989}}
{"target": -129.41448606066746, "params": {"gamma": 0.07418237430931014, "lr": 0.32825610365078084}, "datetime": {"datetime": "2024-03-30 18:19:24", "elapsed": 1.978468, "delta": 0.002992}}
{"target": -856.8488540062366, "params": {"gamma": 9.176145870096288, "lr": 0.5883673328938768}, "datetime": {"datetime": "2024-03-30 18:19:24", "elapsed": 1.982457, "delta": 0.003989}}
{"target": -800.1947795022658, "params": {"gamma": 8.55204764875745, "lr": 0.6046720523491877}, "datetime": {"datetime": "2024-03-30 18:19:24", "elapsed": 1.986446, "delta": 0.003989}}
{"target": -784.9793451831135, "params": {"gamma": 8.225958947086186, "lr": 0.8794835234293169}, "datetime": {"datetime": "2024-03-30 18:19:24", "elapsed": 1.989438, "delta": 0.002992}}
{"target": -1103.0914115447597, "params": {"gamma": 3.210542758870008, "lr": 0.12295477155217849}, "datetime": {"datetime": "2024-03-30 18:19:24", "elapsed": 1.993428, "delta": 0.00399}}
{"target": -732.0198617466266, "params": {"gamma": 7.213312138521522, "lr": 0.44034708683123824}, "datetime": {"datetime": "2024-03-30 18:19:24", "elapsed": 1.997417, "delta": 0.003989}}
{"target": -126.64357510419829, "params": {"gamma": 1.268230355710944, "lr": 0.5898236481098892}, "datetime": {"datetime": "2024-03-30 18:19:24", "elapsed": 2.000409, "delta": 0.002992}}
{"target": -124.34373991105726, "params": {"gamma": 0.36164707738402946, "lr": 0.20018211641098693}, "datetime": {"datetime": "2024-03-30 18:19:24", "elapsed": 2.004398, "delta": 0.003989}}
{"target": -2823.584111565519, "params": {"gamma": 7.883223595490022, "lr": 0.012096760015357866}, "datetime": {"datetime": "2024-03-30 18:19:24", "elapsed": 2.008388, "delta": 0.00399}}
{"target": -1088.0998687391836, "params": {"gamma": 3.034153371413982, "lr": 0.021375961088070716}, "datetime": {"datetime": "2024-03-30 18:19:24", "elapsed": 2.011379, "delta": 0.002991}}
{"target": -931.1277113785071, "params": {"gamma": 9.974852442290567, "lr": 0.5820299763434618}, "datetime": {"datetime": "2024-03-30 18:19:24", "elapsed": 2.015369, "delta": 0.00399}}
{"target": -279.43502608490905, "params": {"gamma": 2.93446940858208, "lr": 0.9289494618931157}, "datetime": {"datetime": "2024-03-30 18:19:24", "elapsed": 2.019358, "delta": 0.003989}}
{"target": -510.723845824982, "params": {"gamma": 5.071687116058498, "lr": 0.4546922275524069}, "datetime": {"datetime": "2024-03-30 18:19:24", "elapsed": 2.023347, "delta": 0.003989}}
{"target": -701.4430846384781, "params": {"gamma": 5.879127191455569, "lr": 0.2641376442105696}, "datetime": {"datetime": "2024-03-30 18:19:24", "elapsed": 2.026339, "delta": 0.002992}}
{"target": -337.6599438093058, "params": {"gamma": 3.0535777051749857, "lr": 0.37165457672418245}, "datetime": {"datetime": "2024-03-30 18:19:24", "elapsed": 2.030329, "delta": 0.00399}}
{"target": -232.19869377761995, "params": {"gamma": 2.4452355457167374, "lr": 0.5845472661166298}, "datetime": {"datetime": "2024-03-30 18:19:24", "elapsed": 2.034318, "delta": 0.003989}}
{"target": -2492.633842767562, "params": {"gamma": 6.958765493189333, "lr": 0.07194722016400112}, "datetime": {"datetime": "2024-03-30 18:19:24", "elapsed": 2.03731, "delta": 0.002992}}
{"target": -904.4936156663149, "params": {"gamma": 9.710862112935013, "lr": 0.7530706558694549}, "datetime": {"datetime": "2024-03-30 18:19:24", "elapsed": 2.0413, "delta": 0.00399}}
{"target": -751.960018475204, "params": {"gamma": 8.061825466371129, "lr": 0.7516404040812905}, "datetime": {"datetime": "2024-03-30 18:19:24", "elapsed": 2.045289, "delta": 0.003989}}
{"target": -103.06786439060288, "params": {"gamma": 0.8015297117349018, "lr": 0.48169628302117706}, "datetime": {"datetime": "2024-03-30 18:19:24", "elapsed": 2.049278, "delta": 0.003989}}
{"target": -432.00197247271694, "params": {"gamma": 4.457283891060159, "lr": 0.6724726505249299}, "datetime": {"datetime": "2024-03-30 18:19:24", "elapsed": 2.05227, "delta": 0.002992}}
{"target": -434.92527239475265, "params": {"gamma": 4.487923850984395, "lr": 0.7043133983839096}, "datetime": {"datetime": "2024-03-30 18:19:24", "elapsed": 2.056259, "delta": 0.003989}}
{"target": -657.2487893268809, "params": {"gamma": 6.816771730688627, "lr": 0.6971485287527562}, "datetime": {"datetime": "2024-03-30 18:19:24", "elapsed": 2.060248, "delta": 0.003989}}
{"target": -2065.629131588331, "params": {"gamma": 6.186388824872803, "lr": 0.15098073327964578}, "datetime": {"datetime": "2024-03-30 18:19:24", "elapsed": 2.064238, "delta": 0.00399}}
{"target": -710.0071896170682, "params": {"gamma": 7.608263760601256, "lr": 0.781045822193957}, "datetime": {"datetime": "2024-03-30 18:19:24", "elapsed": 2.06723, "delta": 0.002992}}
{"target": -1406.8641006457538, "params": {"gamma": 9.041125756152136, "lr": 0.23376869260410593}, "datetime": {"datetime": "2024-03-30 18:19:24", "elapsed": 2.071219, "delta": 0.003989}}
{"target": -200.28267668896174, "params": {"gamma": 1.7676122518303419, "lr": 0.3910991231067624}, "datetime": {"datetime": "2024-03-30 18:19:24", "elapsed": 2.075208, "delta": 0.003989}}
{"target": -304.4942688379643, "params": {"gamma": 3.206325975297607, "lr": 0.8154769290056262}, "datetime": {"datetime": "2024-03-30 18:19:24", "elapsed": 2.079198, "delta": 0.00399}}
{"target": -573.8050127038977, "params": {"gamma": 6.135645470784649, "lr": 0.7600017523497489}, "datetime": {"datetime": "2024-03-30 18:19:24", "elapsed": 2.08219, "delta": 0.002992}}
{"target": -1498.5538461810606, "params": {"gamma": 4.277223331869946, "lr": 0.09944056291558923}, "datetime": {"datetime": "2024-03-30 18:19:24", "elapsed": 2.086179, "delta": 0.003989}}
{"target": -138.95543054703262, "params": {"gamma": 1.151235085490412, "lr": 0.3734071317371953}, "datetime": {"datetime": "2024-03-30 18:19:24", "elapsed": 2.090168, "delta": 0.003989}}
{"target": -188.08020088412772, "params": {"gamma": 1.939283827327562, "lr": 0.8207464986229382}, "datetime": {"datetime": "2024-03-30 18:19:24", "elapsed": 2.09316, "delta": 0.002992}}
{"target": -578.9488543257969, "params": {"gamma": 5.996760448228745, "lr": 0.688845259018665}, "datetime": {"datetime": "2024-03-30 18:19:24", "elapsed": 2.097149, "delta": 0.003989}}
{"target": -1740.1692854659107, "params": {"gamma": 4.911608503081658, "lr": 0.08817368124218106}, "datetime": {"datetime": "2024-03-30 18:19:24", "elapsed": 2.101139, "delta": 0.00399}}
{"target": -240.3598195598519, "params": {"gamma": 2.351541289225017, "lr": 0.461602080891622}, "datetime": {"datetime": "2024-03-30 18:19:24", "elapsed": 2.10413, "delta": 0.002991}}
{"target": -714.1736125452487, "params": {"gamma": 1.9867164390362086, "lr": 0.0254762357788203}, "datetime": {"datetime": "2024-03-30 18:19:24", "elapsed": 2.10812, "delta": 0.00399}}
