{"target": -286.3001593224839, "params": {"gamma": 1.0947197590216522, "lr": 0.673041054216622}, "datetime": {"datetime": "2024-04-04 05:09:37", "elapsed": 1.310835, "delta": 0.002926}}
{"target": -1207.0883706002433, "params": {"gamma": 4.999823778620901, "lr": 0.777098229275783}, "datetime": {"datetime": "2024-04-04 05:09:37", "elapsed": 1.313701, "delta": 0.002866}}
{"target": -693.8735920383818, "params": {"gamma": 1.4369263717442184, "lr": 0.08320263643587555}, "datetime": {"datetime": "2024-04-04 05:09:37", "elapsed": 1.316757, "delta": 0.003056}}
{"target": -971.2956607029912, "params": {"gamma": 3.9927868349191855, "lr": 0.7969622519799001}, "datetime": {"datetime": "2024-04-04 05:09:37", "elapsed": 1.319775, "delta": 0.003018}}
{"target": -482.2027411395451, "params": {"gamma": 1.917565713359991, "lr": 0.767777192147274}, "datetime": {"datetime": "2024-04-04 05:09:37", "elapsed": 1.322689, "delta": 0.002914}}
{"target": -898.1476934451675, "params": {"gamma": 2.90368967262162, "lr": 0.21689148761179533}, "datetime": {"datetime": "2024-04-04 05:09:37", "elapsed": 1.325741, "delta": 0.003052}}
{"target": -143.68777784635154, "params": {"gamma": 0.1681391751809873, "lr": 0.3986590599223787}, "datetime": {"datetime": "2024-04-04 05:09:37", "elapsed": 1.328923, "delta": 0.003182}}
{"target": -809.0078365806897, "params": {"gamma": 3.8114338314432303, "lr": 0.6593449361953647}, "datetime": {"datetime": "2024-04-04 05:09:37", "elapsed": 1.331979, "delta": 0.003056}}
{"target": -317.64579291516037, "params": {"gamma": 0.7101130863034019, "lr": 0.15260398704227185}, "datetime": {"datetime": "2024-04-04 05:09:37", "elapsed": 1.334938, "delta": 0.002959}}
{"target": -168.81345125584468, "params": {"gamma": 0.16674225312644053, "lr": 0.11379635644740682}, "datetime": {"datetime": "2024-04-04 05:09:37", "elapsed": 1.33781, "delta": 0.002872}}
{"target": -1399.3807710831877, "params": {"gamma": 6.518240970824895, "lr": 0.4026568521749192}, "datetime": {"datetime": "2024-04-04 05:09:37", "elapsed": 1.340803, "delta": 0.002993}}
{"target": -667.0353543342634, "params": {"gamma": 3.2109421153589914, "lr": 0.5579119942437725}, "datetime": {"datetime": "2024-04-04 05:09:37", "elapsed": 1.343661, "delta": 0.002858}}
{"target": -2428.485928904338, "params": {"gamma": 9.9346111705354, "lr": 0.8344865140180296}, "datetime": {"datetime": "2024-04-04 05:09:37", "elapsed": 1.346507, "delta": 0.002846}}
{"target": -1744.985404535786, "params": {"gamma": 6.99653220081344, "lr": 0.9182585891320579}, "datetime": {"datetime": "2024-04-04 05:09:37", "elapsed": 1.349364, "delta": 0.002857}}
{"target": -249.24196492223965, "params": {"gamma": 0.3982473381241651, "lr": 0.07033344161552524}, "datetime": {"datetime": "2024-04-04 05:09:37", "elapsed": 1.352219, "delta": 0.002855}}
{"target": -1022.8991698464739, "params": {"gamma": 4.740588893590559, "lr": 0.3491674129570773}, "datetime": {"datetime": "2024-04-04 05:09:37", "elapsed": 1.355132, "delta": 0.002913}}
{"target": -1811.5440648351675, "params": {"gamma": 9.37258336922236, "lr": 0.48956496114516856}, "datetime": {"datetime": "2024-04-04 05:09:37", "elapsed": 1.35802, "delta": 0.002888}}
{"target": -1346.3486423086206, "params": {"gamma": 5.396951451823413, "lr": 0.8952603657312208}, "datetime": {"datetime": "2024-04-04 05:09:37", "elapsed": 1.361195, "delta": 0.003175}}
{"target": -1102.3941351119095, "params": {"gamma": 4.466903823191082, "lr": 0.8770343892703519}, "datetime": {"datetime": "2024-04-04 05:09:37", "elapsed": 1.364363, "delta": 0.003168}}
{"target": -605.3175775783523, "params": {"gamma": 2.536563911966912, "lr": 0.27380970415810857}, "datetime": {"datetime": "2024-04-04 05:09:37", "elapsed": 1.367239, "delta": 0.002876}}
{"target": -686.3298695045239, "params": {"gamma": 3.284285539485814, "lr": 0.5475642704809535}, "datetime": {"datetime": "2024-04-04 05:09:37", "elapsed": 1.370119, "delta": 0.00288}}
{"target": -523.484156882566, "params": {"gamma": 2.2020666115957854, "lr": 0.6714291710812733}, "datetime": {"datetime": "2024-04-04 05:09:37", "elapsed": 1.372998, "delta": 0.002879}}
{"target": -660.6627410794208, "params": {"gamma": 1.4287900347472011, "lr": 0.09410027449963942}, "datetime": {"datetime": "2024-04-04 05:09:37", "elapsed": 1.375895, "delta": 0.002897}}
{"target": -2322.6966958483476, "params": {"gamma": 8.70204727030757, "lr": 0.23686870355699852}, "datetime": {"datetime": "2024-04-04 05:09:37", "elapsed": 1.378779, "delta": 0.002884}}
{"target": -802.3653315606228, "params": {"gamma": 3.8606541062149327, "lr": 0.5715420927253323}, "datetime": {"datetime": "2024-04-04 05:09:37", "elapsed": 1.381646, "delta": 0.002867}}
{"target": -2420.950428531128, "params": {"gamma": 5.258493897544749, "lr": 0.07602387944210687}, "datetime": {"datetime": "2024-04-04 05:09:37", "elapsed": 1.384531, "delta": 0.002885}}
{"target": -2174.9459547804363, "params": {"gamma": 8.741385230044685, "lr": 0.9511356184186921}, "datetime": {"datetime": "2024-04-04 05:09:37", "elapsed": 1.387404, "delta": 0.002873}}
{"target": -1895.5819556055933, "params": {"gamma": 8.125260534442543, "lr": 0.2838018349468743}, "datetime": {"datetime": "2024-04-04 05:09:37", "elapsed": 1.390283, "delta": 0.002879}}
{"target": -1137.1977915619957, "params": {"gamma": 5.278940114383477, "lr": 0.3394167240176095}, "datetime": {"datetime": "2024-04-04 05:09:37", "elapsed": 1.39331, "delta": 0.003027}}
{"target": -1388.019900762406, "params": {"gamma": 5.54711844056588, "lr": 0.9744034689130026}, "datetime": {"datetime": "2024-04-04 05:09:37", "elapsed": 1.396507, "delta": 0.003197}}
{"target": -726.9705859273242, "params": {"gamma": 3.1177174742720952, "lr": 0.6687966059228697}, "datetime": {"datetime": "2024-04-04 05:09:37", "elapsed": 1.399472, "delta": 0.002965}}
{"target": -795.8665493019462, "params": {"gamma": 3.26034610588255, "lr": 0.7744772660150796}, "datetime": {"datetime": "2024-04-04 05:09:37", "elapsed": 1.402416, "delta": 0.002944}}
{"target": -823.3588709106793, "params": {"gamma": 3.258773856165435, "lr": 0.889827341447375}, "datetime": {"datetime": "2024-04-04 05:09:37", "elapsed": 1.405286, "delta": 0.00287}}
{"target": -1804.3035690666356, "params": {"gamma": 7.51732550147175, "lr": 0.7626320954451107}, "datetime": {"datetime": "2024-04-04 05:09:37", "elapsed": 1.408237, "delta": 0.002951}}
{"target": -1441.4896917370666, "params": {"gamma": 4.695320806570698, "lr": 0.21076450246870537}, "datetime": {"datetime": "2024-04-04 05:09:37", "elapsed": 1.411225, "delta": 0.002988}}
{"target": -165.18928302019992, "params": {"gamma": 0.4157093206854123, "lr": 0.3218287999702445}, "datetime": {"datetime": "2024-04-04 05:09:37", "elapsed": 1.414154, "delta": 0.002929}}
{"target": -158.99922594995465, "params": {"gamma": 0.3720895322754502, "lr": 0.6938554113738997}, "datetime": {"datetime": "2024-04-04 05:09:37", "elapsed": 1.417164, "delta": 0.00301}}
{"target": -1435.4895286828405, "params": {"gamma": 6.703829969329749, "lr": 0.430471782744975}, "datetime": {"datetime": "2024-04-04 05:09:37", "elapsed": 1.420136, "delta": 0.002972}}
{"target": -1590.0374189499676, "params": {"gamma": 7.678121987604072, "lr": 0.5360084947395637}, "datetime": {"datetime": "2024-04-04 05:09:37", "elapsed": 1.423128, "delta": 0.002992}}
{"target": -219.3220504171115, "params": {"gamma": 0.3995594064278903, "lr": 0.13479311796067905}, "datetime": {"datetime": "2024-04-04 05:09:37", "elapsed": 1.426137, "delta": 0.003009}}
{"target": -433.8182564995489, "params": {"gamma": 1.9349705737501688, "lr": 0.3356638011646498}, "datetime": {"datetime": "2024-04-04 05:09:37", "elapsed": 1.42938, "delta": 0.003243}}
{"target": -171.35688958950948, "params": {"gamma": 0.52407715142833, "lr": 0.6051167805003662}, "datetime": {"datetime": "2024-04-04 05:09:37", "elapsed": 1.432446, "delta": 0.003066}}
{"target": -1085.4998978572003, "params": {"gamma": 5.121098214211664, "lr": 0.6174610120171561}, "datetime": {"datetime": "2024-04-04 05:09:37", "elapsed": 1.435495, "delta": 0.003049}}
{"target": -1071.8261166429493, "params": {"gamma": 4.324123592048677, "lr": 0.8477004682374377}, "datetime": {"datetime": "2024-04-04 05:09:37", "elapsed": 1.438381, "delta": 0.002886}}
{"target": -2095.7739534592906, "params": {"gamma": 4.541136501535455, "lr": 0.015403519791920894}, "datetime": {"datetime": "2024-04-04 05:09:37", "elapsed": 1.441235, "delta": 0.002854}}
{"target": -1834.6020217585074, "params": {"gamma": 8.730808416322548, "lr": 0.6562015477440989}, "datetime": {"datetime": "2024-04-04 05:09:37", "elapsed": 1.444164, "delta": 0.002929}}
{"target": -2048.9695562837724, "params": {"gamma": 8.23020740344406, "lr": 0.9517756930338517}, "datetime": {"datetime": "2024-04-04 05:09:37", "elapsed": 1.447028, "delta": 0.002864}}
{"target": -200.76959298514151, "params": {"gamma": 0.5100729227853552, "lr": 0.23507186409101455}, "datetime": {"datetime": "2024-04-04 05:09:37", "elapsed": 1.44996, "delta": 0.002932}}
{"target": -192.1984638647674, "params": {"gamma": 0.6343710911199417, "lr": 0.4216578860324509}, "datetime": {"datetime": "2024-04-04 05:09:37", "elapsed": 1.453, "delta": 0.00304}}
{"target": -3953.587529588566, "params": {"gamma": 8.638427625869019, "lr": 0.0816239827150681}, "datetime": {"datetime": "2024-04-04 05:09:37", "elapsed": 1.456064, "delta": 0.003064}}
{"target": -1831.640447214689, "params": {"gamma": 4.7316464169059, "lr": 0.12554310980872363}, "datetime": {"datetime": "2024-04-04 05:09:37", "elapsed": 1.459095, "delta": 0.003031}}
{"target": -1894.8554743440448, "params": {"gamma": 7.729083136069011, "lr": 0.8414221567958434}, "datetime": {"datetime": "2024-04-04 05:09:37", "elapsed": 1.462351, "delta": 0.003256}}
{"target": -158.4420000874371, "params": {"gamma": 0.4338660909233998, "lr": 0.48644074317039476}, "datetime": {"datetime": "2024-04-04 05:09:37", "elapsed": 1.465416, "delta": 0.003065}}
{"target": -615.517608059914, "params": {"gamma": 2.3948710303334217, "lr": 0.9524737816932592}, "datetime": {"datetime": "2024-04-04 05:09:37", "elapsed": 1.468437, "delta": 0.003021}}
{"target": -1991.2901588096133, "params": {"gamma": 9.438982385210178, "lr": 0.6139340023847009}, "datetime": {"datetime": "2024-04-04 05:09:37", "elapsed": 1.471426, "delta": 0.002989}}
{"target": -2085.41122536363, "params": {"gamma": 9.734900485854638, "lr": 0.344861343716251}, "datetime": {"datetime": "2024-04-04 05:09:37", "elapsed": 1.474383, "delta": 0.002957}}
{"target": -1917.4546162426925, "params": {"gamma": 8.97860932595915, "lr": 0.4345949734085095}, "datetime": {"datetime": "2024-04-04 05:09:37", "elapsed": 1.47739, "delta": 0.003007}}
{"target": -606.8083886108838, "params": {"gamma": 2.35891055683799, "lr": 0.9408279632013994}, "datetime": {"datetime": "2024-04-04 05:09:37", "elapsed": 1.480426, "delta": 0.003036}}
{"target": -3139.1703620515646, "params": {"gamma": 6.842496291781293, "lr": 0.06491158533912933}, "datetime": {"datetime": "2024-04-04 05:09:37", "elapsed": 1.483448, "delta": 0.003022}}
{"target": -1976.5906577090743, "params": {"gamma": 8.704378143373837, "lr": 0.7013802946333463}, "datetime": {"datetime": "2024-04-04 05:09:37", "elapsed": 1.486417, "delta": 0.002969}}
{"target": -1344.3525495382332, "params": {"gamma": 6.049663802869843, "lr": 0.7323748991793305}, "datetime": {"datetime": "2024-04-04 05:09:37", "elapsed": 1.48938, "delta": 0.002963}}
{"target": -548.2037893287278, "params": {"gamma": 2.535136985955308, "lr": 0.6004889552745444}, "datetime": {"datetime": "2024-04-04 05:09:37", "elapsed": 1.492507, "delta": 0.003127}}
{"target": -3730.448686061103, "params": {"gamma": 8.146377193435292, "lr": 0.05411366032399989}, "datetime": {"datetime": "2024-04-04 05:09:37", "elapsed": 1.49578, "delta": 0.003273}}
{"target": -352.6824393482542, "params": {"gamma": 1.3059762027213204, "lr": 0.8424458099564136}, "datetime": {"datetime": "2024-04-04 05:09:37", "elapsed": 1.498945, "delta": 0.003165}}
{"target": -1283.4368582162078, "params": {"gamma": 6.183840347409528, "lr": 0.531287810481058}, "datetime": {"datetime": "2024-04-04 05:09:37", "elapsed": 1.50189, "delta": 0.002945}}
{"target": -543.6593486678984, "params": {"gamma": 2.483658999241989, "lr": 0.2950785752494959}, "datetime": {"datetime": "2024-04-04 05:09:37", "elapsed": 1.504772, "delta": 0.002882}}
{"target": -1868.4676756703782, "params": {"gamma": 8.726988963029699, "lr": 0.42166593484970927}, "datetime": {"datetime": "2024-04-04 05:09:37", "elapsed": 1.507686, "delta": 0.002914}}
{"target": -210.7988448649288, "params": {"gamma": 0.6452381255404884, "lr": 0.8969850695075825}, "datetime": {"datetime": "2024-04-04 05:09:37", "elapsed": 1.510602, "delta": 0.002916}}
{"target": -517.553959046395, "params": {"gamma": 2.0346049474076864, "lr": 0.8262275354923914}, "datetime": {"datetime": "2024-04-04 05:09:37", "elapsed": 1.513502, "delta": 0.0029}}
{"target": -1705.3280126921782, "params": {"gamma": 8.81782446020499, "lr": 0.48675074481833813}, "datetime": {"datetime": "2024-04-04 05:09:37", "elapsed": 1.516407, "delta": 0.002905}}
{"target": -1242.6831650581832, "params": {"gamma": 5.98504846635326, "lr": 0.527267456485417}, "datetime": {"datetime": "2024-04-04 05:09:37", "elapsed": 1.519319, "delta": 0.002912}}
{"target": -1536.7722502457116, "params": {"gamma": 6.248588120560806, "lr": 0.8550417213473515}, "datetime": {"datetime": "2024-04-04 05:09:37", "elapsed": 1.522234, "delta": 0.002915}}
{"target": -708.0589334132972, "params": {"gamma": 2.8221123446002014, "lr": 0.8837555081806009}, "datetime": {"datetime": "2024-04-04 05:09:37", "elapsed": 1.525217, "delta": 0.002983}}
{"target": -2411.155018577035, "params": {"gamma": 5.677335610861374, "lr": 0.11510304096690338}, "datetime": {"datetime": "2024-04-04 05:09:37", "elapsed": 1.52849, "delta": 0.003273}}
{"target": -482.89370320030724, "params": {"gamma": 2.270784650981365, "lr": 0.5959823856130138}, "datetime": {"datetime": "2024-04-04 05:09:37", "elapsed": 1.531601, "delta": 0.003111}}
{"target": -939.0409023385905, "params": {"gamma": 2.395222922809899, "lr": 0.13141566053746057}, "datetime": {"datetime": "2024-04-04 05:09:37", "elapsed": 1.534618, "delta": 0.003017}}
{"target": -425.12055592170384, "params": {"gamma": 1.6193152935242277, "lr": 0.8448725182357391}, "datetime": {"datetime": "2024-04-04 05:09:37", "elapsed": 1.537562, "delta": 0.002944}}
{"target": -1504.9991083176546, "params": {"gamma": 6.022234355273215, "lr": 0.9635670871883419}, "datetime": {"datetime": "2024-04-04 05:09:37", "elapsed": 1.540493, "delta": 0.002931}}
{"target": -720.7117360384409, "params": {"gamma": 3.4574464537469587, "lr": 0.5956250981349497}, "datetime": {"datetime": "2024-04-04 05:09:37", "elapsed": 1.543411, "delta": 0.002918}}
{"target": -1267.5835854253883, "params": {"gamma": 5.9902539044452245, "lr": 0.6157042872039488}, "datetime": {"datetime": "2024-04-04 05:09:37", "elapsed": 1.546311, "delta": 0.0029}}
{"target": -196.08682677599015, "params": {"gamma": 0.5927128946500382, "lr": 0.7503171845746859}, "datetime": {"datetime": "2024-04-04 05:09:37", "elapsed": 1.549216, "delta": 0.002905}}
{"target": -1960.5238548348375, "params": {"gamma": 9.482146772378064, "lr": 0.5346790571795887}, "datetime": {"datetime": "2024-04-04 05:09:37", "elapsed": 1.552145, "delta": 0.002929}}
{"target": -484.2305756017147, "params": {"gamma": 1.926367653529729, "lr": 0.7529259149799422}, "datetime": {"datetime": "2024-04-04 05:09:37", "elapsed": 1.555043, "delta": 0.002898}}
{"target": -144.54331058213714, "params": {"gamma": 0.07418237430931014, "lr": 0.32825610365078084}, "datetime": {"datetime": "2024-04-04 05:09:37", "elapsed": 1.558129, "delta": 0.003086}}
{"target": -1887.0350337156028, "params": {"gamma": 9.176145870096288, "lr": 0.5883673328938768}, "datetime": {"datetime": "2024-04-04 05:09:37", "elapsed": 1.561401, "delta": 0.003272}}
{"target": -1805.0890060578754, "params": {"gamma": 8.55204764875745, "lr": 0.6046720523491877}, "datetime": {"datetime": "2024-04-04 05:09:37", "elapsed": 1.564606, "delta": 0.003205}}
{"target": -2007.5137450013362, "params": {"gamma": 8.225958947086186, "lr": 0.8794835234293169}, "datetime": {"datetime": "2024-04-04 05:09:37", "elapsed": 1.56763, "delta": 0.003024}}
{"target": -1372.430159243069, "params": {"gamma": 3.210542758870008, "lr": 0.12295477155217849}, "datetime": {"datetime": "2024-04-04 05:09:37", "elapsed": 1.570631, "delta": 0.003001}}
{"target": -1543.4012841949584, "params": {"gamma": 7.213312138521522, "lr": 0.44034708683123824}, "datetime": {"datetime": "2024-04-04 05:09:37", "elapsed": 1.57357, "delta": 0.002939}}
{"target": -290.2731756295652, "params": {"gamma": 1.268230355710944, "lr": 0.5898236481098892}, "datetime": {"datetime": "2024-04-04 05:09:37", "elapsed": 1.576613, "delta": 0.003043}}
{"target": -182.84715905200872, "params": {"gamma": 0.36164707738402946, "lr": 0.20018211641098693}, "datetime": {"datetime": "2024-04-04 05:09:37", "elapsed": 1.579622, "delta": 0.003009}}
{"target": -3611.112717349546, "params": {"gamma": 7.883223595490022, "lr": 0.012096760015357866}, "datetime": {"datetime": "2024-04-04 05:09:37", "elapsed": 1.582605, "delta": 0.002983}}
{"target": -1413.2750085848081, "params": {"gamma": 3.034153371413982, "lr": 0.021375961088070716}, "datetime": {"datetime": "2024-04-04 05:09:37", "elapsed": 1.585619, "delta": 0.003014}}
{"target": -2050.331429762688, "params": {"gamma": 9.974852442290567, "lr": 0.5820299763434618}, "datetime": {"datetime": "2024-04-04 05:09:37", "elapsed": 1.588709, "delta": 0.00309}}
{"target": -746.7402357606203, "params": {"gamma": 2.93446940858208, "lr": 0.9289494618931157}, "datetime": {"datetime": "2024-04-04 05:09:37", "elapsed": 1.59185, "delta": 0.003141}}
{"target": -988.6008068810237, "params": {"gamma": 5.071687116058498, "lr": 0.4546922275524069}, "datetime": {"datetime": "2024-04-04 05:09:37", "elapsed": 1.595124, "delta": 0.003274}}
{"target": -1375.7304489127462, "params": {"gamma": 5.879127191455569, "lr": 0.2641376442105696}, "datetime": {"datetime": "2024-04-04 05:09:37", "elapsed": 1.598298, "delta": 0.003174}}
{"target": -654.101658816552, "params": {"gamma": 3.0535777051749857, "lr": 0.37165457672418245}, "datetime": {"datetime": "2024-04-04 05:09:37", "elapsed": 1.601346, "delta": 0.003048}}
{"target": -517.4859887506657, "params": {"gamma": 2.4452355457167374, "lr": 0.5845472661166298}, "datetime": {"datetime": "2024-04-04 05:09:37", "elapsed": 1.604415, "delta": 0.003069}}
{"target": -3191.8941837342104, "params": {"gamma": 6.958765493189333, "lr": 0.07194722016400112}, "datetime": {"datetime": "2024-04-04 05:09:37", "elapsed": 1.607472, "delta": 0.003057}}
{"target": -2325.116348689861, "params": {"gamma": 9.710862112935013, "lr": 0.7530706558694549}, "datetime": {"datetime": "2024-04-04 05:09:37", "elapsed": 1.610571, "delta": 0.003099}}
{"target": -1933.5664272828637, "params": {"gamma": 8.061825466371129, "lr": 0.7516404040812905}, "datetime": {"datetime": "2024-04-04 05:09:37", "elapsed": 1.613566, "delta": 0.002995}}
{"target": -203.97005831180925, "params": {"gamma": 0.8015297117349018, "lr": 0.48169628302117706}, "datetime": {"datetime": "2024-04-04 05:09:37", "elapsed": 1.616679, "delta": 0.003113}}
{"target": -1027.835476085561, "params": {"gamma": 4.457283891060159, "lr": 0.6724726505249299}, "datetime": {"datetime": "2024-04-04 05:09:37", "elapsed": 1.61976, "delta": 0.003081}}
{"target": -1028.8853119197847, "params": {"gamma": 4.487923850984395, "lr": 0.7043133983839096}, "datetime": {"datetime": "2024-04-04 05:09:37", "elapsed": 1.622753, "delta": 0.002993}}
{"target": -1560.2377782938079, "params": {"gamma": 6.816771730688627, "lr": 0.6971485287527562}, "datetime": {"datetime": "2024-04-04 05:09:37", "elapsed": 1.62589, "delta": 0.003137}}
{"target": -2417.3977316584965, "params": {"gamma": 6.186388824872803, "lr": 0.15098073327964578}, "datetime": {"datetime": "2024-04-04 05:09:37", "elapsed": 1.629162, "delta": 0.003272}}
{"target": -1830.366591560995, "params": {"gamma": 7.608263760601256, "lr": 0.781045822193957}, "datetime": {"datetime": "2024-04-04 05:09:37", "elapsed": 1.632315, "delta": 0.003153}}
{"target": -2412.5488313397445, "params": {"gamma": 9.041125756152136, "lr": 0.23376869260410593}, "datetime": {"datetime": "2024-04-04 05:09:37", "elapsed": 1.635342, "delta": 0.003027}}
{"target": -381.02847889316826, "params": {"gamma": 1.7676122518303419, "lr": 0.3910991231067624}, "datetime": {"datetime": "2024-04-04 05:09:37", "elapsed": 1.638315, "delta": 0.002973}}
{"target": -801.3383584549338, "params": {"gamma": 3.206325975297607, "lr": 0.8154769290056262}, "datetime": {"datetime": "2024-04-04 05:09:37", "elapsed": 1.641294, "delta": 0.002979}}
{"target": -1476.4054398964556, "params": {"gamma": 6.135645470784649, "lr": 0.7600017523497489}, "datetime": {"datetime": "2024-04-04 05:09:37", "elapsed": 1.644335, "delta": 0.003041}}
{"target": -1922.2086357602718, "params": {"gamma": 4.277223331869946, "lr": 0.09944056291558923}, "datetime": {"datetime": "2024-04-04 05:09:37", "elapsed": 1.64739, "delta": 0.003055}}
{"target": -274.5561296070468, "params": {"gamma": 1.151235085490412, "lr": 0.3734071317371953}, "datetime": {"datetime": "2024-04-04 05:09:37", "elapsed": 1.650379, "delta": 0.002989}}
{"target": -495.229732025418, "params": {"gamma": 1.939283827327562, "lr": 0.8207464986229382}, "datetime": {"datetime": "2024-04-04 05:09:37", "elapsed": 1.653393, "delta": 0.003014}}
{"target": -1375.0677459596418, "params": {"gamma": 5.996760448228745, "lr": 0.688845259018665}, "datetime": {"datetime": "2024-04-04 05:09:37", "elapsed": 1.656405, "delta": 0.003012}}
{"target": -2250.9097231197256, "params": {"gamma": 4.911608503081658, "lr": 0.08817368124218106}, "datetime": {"datetime": "2024-04-04 05:09:37", "elapsed": 1.659536, "delta": 0.003131}}
