{"target": -134.77562086064628, "params": {"gamma": 0.311939657480023, "prior": 5.754639817943711, "rate": 1.8055046214421606}, "datetime": {"datetime": "2024-04-09 03:00:07", "elapsed": 2.649087, "delta": 0.008385}}
{"target": -354.51660075671487, "params": {"gamma": 6.309961044194965, "prior": 9.811144389930757, "rate": 8.749150609572597}, "datetime": {"datetime": "2024-04-09 03:00:07", "elapsed": 2.657533, "delta": 0.008446}}
{"target": -276.71559095565857, "params": {"gamma": 4.518910657959286, "prior": 7.113762613512001, "rate": 7.77491003128189}, "datetime": {"datetime": "2024-04-09 03:00:07", "elapsed": 2.66738, "delta": 0.009847}}
{"target": -286.58024173281854, "params": {"gamma": 4.9489359987414545, "prior": 5.332481552757894, "rate": 1.5086931993235537}, "datetime": {"datetime": "2024-04-09 03:00:07", "elapsed": 2.675976, "delta": 0.008596}}
{"target": -284.8889657907751, "params": {"gamma": 3.6946298561934507, "prior": 1.5079904054205882, "rate": 7.269210639692282}, "datetime": {"datetime": "2024-04-09 03:00:07", "elapsed": 2.68421, "delta": 0.008234}}
{"target": -315.9739324756549, "params": {"gamma": 4.770652931028231, "prior": 4.543900483396978, "rate": 8.860093713682348}, "datetime": {"datetime": "2024-04-09 03:00:07", "elapsed": 2.693411, "delta": 0.009201}}
{"target": -293.73466509188455, "params": {"gamma": 5.2766601043433035, "prior": 4.149999235976913, "rate": 2.6896513301042457}, "datetime": {"datetime": "2024-04-09 03:00:07", "elapsed": 2.702604, "delta": 0.009193}}
{"target": -160.54807544489975, "params": {"gamma": 0.7210483396625298, "prior": 4.239547723880626, "rate": 0.25850907058342715}, "datetime": {"datetime": "2024-04-09 03:00:07", "elapsed": 2.710999, "delta": 0.008395}}
{"target": -213.6054155732714, "params": {"gamma": 2.912248251583728, "prior": 5.084744147499125, "rate": 9.659364717132203}, "datetime": {"datetime": "2024-04-09 03:00:07", "elapsed": 2.719861, "delta": 0.008862}}
{"target": -129.3454531818691, "params": {"gamma": 1.0947197590216522, "prior": 6.7631064367445575, "rate": 4.999823778620901}, "datetime": {"datetime": "2024-04-09 03:00:07", "elapsed": 2.730074, "delta": 0.010213}}
{"target": -399.8641110120876, "params": {"gamma": 7.771205194528555, "prior": 1.521709278954672, "rate": 0.8329431617223197}, "datetime": {"datetime": "2024-04-09 03:00:07", "elapsed": 2.738755, "delta": 0.008681}}
{"target": -251.89479750583794, "params": {"gamma": 3.9927868349191855, "prior": 7.989926294601011, "rate": 1.917565713359991}, "datetime": {"datetime": "2024-04-09 03:00:07", "elapsed": 2.74768, "delta": 0.008925}}
{"target": -408.7962689313758, "params": {"gamma": 7.678004144280593, "prior": 2.9739501709124956, "rate": 2.1696979846303415}, "datetime": {"datetime": "2024-04-09 03:00:07", "elapsed": 2.756351, "delta": 0.008671}}
{"target": -132.45427438959126, "params": {"gamma": 0.1681391751809873, "prior": 4.046724693231549, "rate": 3.8114338314432303}, "datetime": {"datetime": "2024-04-09 03:00:07", "elapsed": 2.766544, "delta": 0.010193}}
{"target": -420.6701707779343, "params": {"gamma": 6.593790017017453, "prior": 0.8020921646568335, "rate": 1.5268872664356763}, "datetime": {"datetime": "2024-04-09 03:00:07", "elapsed": 2.77549, "delta": 0.008946}}
{"target": -128.6006027021109, "params": {"gamma": 0.16674225312644053, "prior": 1.2265839288293277, "rate": 6.518240970824895}, "datetime": {"datetime": "2024-04-09 03:00:07", "elapsed": 2.784279, "delta": 0.008789}}
{"target": -268.9311164930289, "params": {"gamma": 4.027165864897017, "prior": 3.278160510256427, "rate": 5.579562030443482}, "datetime": {"datetime": "2024-04-09 03:00:07", "elapsed": 2.794046, "delta": 0.009767}}
{"target": -528.9547054612372, "params": {"gamma": 9.9346111705354, "prior": 8.361416488778493, "rate": 6.99653220081344}, "datetime": {"datetime": "2024-04-09 03:00:07", "elapsed": 2.802993, "delta": 0.008947}}
{"target": -544.2453161092618, "params": {"gamma": 9.182667632731448, "prior": 0.4933141961625397, "rate": 0.7042640827136369}, "datetime": {"datetime": "2024-04-09 03:00:07", "elapsed": 2.811365, "delta": 0.008372}}
{"target": -328.62049831474167, "params": {"gamma": 4.740588893590559, "prior": 3.5567573882750656, "rate": 9.37258336922236}, "datetime": {"datetime": "2024-04-09 03:00:07", "elapsed": 2.819818, "delta": 0.008453}}
{"target": -314.62125871652506, "params": {"gamma": 4.896160046490541, "prior": 5.442526189924171, "rate": 8.952708396946477}, "datetime": {"datetime": "2024-04-09 03:00:07", "elapsed": 2.829733, "delta": 0.009915}}
{"target": -264.7422688696631, "params": {"gamma": 4.466903823191082, "prior": 8.782640453776484, "rate": 2.536563911966912}, "datetime": {"datetime": "2024-04-09 03:00:07", "elapsed": 2.838168, "delta": 0.008435}}
{"target": -201.4627255312192, "params": {"gamma": 2.7388232318769274, "prior": 3.3507777618671426, "rate": 5.476095140539054}, "datetime": {"datetime": "2024-04-09 03:00:07", "elapsed": 2.8465, "delta": 0.008332}}
{"target": -179.61352555603426, "params": {"gamma": 2.2020666115957854, "prior": 6.747148793704605, "rate": 1.4287900347472011}, "datetime": {"datetime": "2024-04-09 03:00:07", "elapsed": 2.854994, "delta": 0.008494}}
{"target": -136.9175696467106, "params": {"gamma": 0.9419086447218946, "prior": 8.714898287433238, "rate": 2.3694501668664283}, "datetime": {"datetime": "2024-04-09 03:00:07", "elapsed": 2.864746, "delta": 0.009752}}
{"target": -239.80764453499444, "params": {"gamma": 3.8606541062149327, "prior": 5.758266717980789, "rate": 5.258493897544749}, "datetime": {"datetime": "2024-04-09 03:00:07", "elapsed": 2.873254, "delta": 0.008508}}
{"target": -121.932692660541, "params": {"gamma": 0.7611627705416266, "prior": 8.75384676242048, "rate": 9.511405048568502}, "datetime": {"datetime": "2024-04-09 03:00:07", "elapsed": 2.881886, "delta": 0.008632}}
{"target": -507.4990611521014, "params": {"gamma": 8.125260534442543, "prior": 2.9096381659740556, "rate": 5.278940114383477}, "datetime": {"datetime": "2024-04-09 03:00:07", "elapsed": 2.890358, "delta": 0.008472}}
{"target": -236.28991316646344, "params": {"gamma": 3.394827823452077, "prior": 5.5912063767979, "rate": 9.744060285661112}, "datetime": {"datetime": "2024-04-09 03:00:07", "elapsed": 2.900483, "delta": 0.010125}}
{"target": -200.5481043027172, "params": {"gamma": 3.1177174742720952, "prior": 6.72108639863641, "rate": 3.26034610588255}, "datetime": {"datetime": "2024-04-09 03:00:07", "elapsed": 2.908962, "delta": 0.008479}}
{"target": -519.3426034180117, "params": {"gamma": 7.744998182884782, "prior": 3.325518669470728, "rate": 8.898383587132303}, "datetime": {"datetime": "2024-04-09 03:00:07", "elapsed": 2.917353, "delta": 0.008391}}
{"target": -392.6599339402297, "params": {"gamma": 7.51732550147175, "prior": 7.650057744906595, "rate": 4.695320806570698}, "datetime": {"datetime": "2024-04-09 03:00:07", "elapsed": 2.926975, "delta": 0.009622}}
{"target": -190.50487513486252, "params": {"gamma": 2.108434260184585, "prior": 0.5106032878073389, "rate": 3.218966170902475}, "datetime": {"datetime": "2024-04-09 03:00:07", "elapsed": 2.936079, "delta": 0.009104}}
{"target": -124.15266662292413, "params": {"gamma": 0.3720895322754502, "prior": 6.969168572601607, "rate": 6.703829969329749}, "datetime": {"datetime": "2024-04-09 03:00:07", "elapsed": 2.944704, "delta": 0.008625}}
{"target": -252.8563713770107, "params": {"gamma": 4.305287355667006, "prior": 7.701110878815912, "rate": 5.360548938900898}, "datetime": {"datetime": "2024-04-09 03:00:07", "elapsed": 2.953085, "delta": 0.008381}}
{"target": -121.88442836408836, "params": {"gamma": 0.3995594064278903, "prior": 1.4344518678107228, "rate": 1.9349705737501688}, "datetime": {"datetime": "2024-04-09 03:00:07", "elapsed": 2.963165, "delta": 0.01008}}
{"target": -277.98457865577797, "params": {"gamma": 3.357302347845333, "prior": 0.6178981697310199, "rate": 6.051562688223163}, "datetime": {"datetime": "2024-04-09 03:00:07", "elapsed": 2.971861, "delta": 0.008696}}
{"target": -288.81658870916823, "params": {"gamma": 5.121098214211664, "prior": 6.212864018969845, "rate": 4.324123592048677}, "datetime": {"datetime": "2024-04-09 03:00:07", "elapsed": 2.980318, "delta": 0.008457}}
{"target": -701.5644211601468, "params": {"gamma": 8.47715698190614, "prior": 4.595184654985598, "rate": 0.15501979439941704}, "datetime": {"datetime": "2024-04-09 03:00:07", "elapsed": 2.988702, "delta": 0.008384}}
{"target": -505.1686980873623, "params": {"gamma": 8.730808416322548, "prior": 6.596395322666579, "rate": 8.23020740344406}, "datetime": {"datetime": "2024-04-09 03:00:07", "elapsed": 2.999035, "delta": 0.010333}}
{"target": -672.5830268619472, "params": {"gamma": 9.517805154645483, "prior": 0.6040325968171834, "rate": 2.3514835690460547}, "datetime": {"datetime": "2024-04-09 03:00:07", "elapsed": 3.007481, "delta": 0.008446}}
{"target": -119.60852099356946, "params": {"gamma": 0.6343710911199417, "prior": 4.274413071721264, "rate": 8.638427625869019}, "datetime": {"datetime": "2024-04-09 03:00:07", "elapsed": 3.01587, "delta": 0.008389}}
{"target": -135.9233956522713, "params": {"gamma": 0.817158203167966, "prior": 4.783808333570197, "rate": 1.2563055549774276}, "datetime": {"datetime": "2024-04-09 03:00:07", "elapsed": 3.024122, "delta": 0.008252}}
{"target": -610.9907670409411, "params": {"gamma": 7.729083136069011, "prior": 8.43007935227885, "rate": 0.4338660909233998}, "datetime": {"datetime": "2024-04-09 03:00:07", "elapsed": 3.034256, "delta": 0.010134}}
{"target": -353.81930046910384, "params": {"gamma": 4.864920990960778, "prior": 2.470169336963784, "rate": 9.5247853431509}, "datetime": {"datetime": "2024-04-09 03:00:07", "elapsed": 3.042569, "delta": 0.008313}}
{"target": -569.9185071301574, "params": {"gamma": 9.438982385210178, "prior": 6.1779466236085385, "rate": 9.734900485854638}, "datetime": {"datetime": "2024-04-09 03:00:07", "elapsed": 3.051035, "delta": 0.008466}}
{"target": -213.67076677529258, "params": {"gamma": 3.4492685758187935, "prior": 8.98872210491005, "rate": 4.346515139111687}, "datetime": {"datetime": "2024-04-09 03:00:07", "elapsed": 3.060625, "delta": 0.00959}}
{"target": -172.40373452913337, "params": {"gamma": 2.35891055683799, "prior": 9.414196835693854, "rate": 6.842496291781293}, "datetime": {"datetime": "2024-04-09 03:00:07", "elapsed": 3.069472, "delta": 0.008847}}
{"target": -122.33078860846989, "params": {"gamma": 0.6500509418059542, "prior": 8.717206082548355, "rate": 7.01410156603883}, "datetime": {"datetime": "2024-04-09 03:00:07", "elapsed": 3.077945, "delta": 0.008473}}
{"target": -325.91699856386344, "params": {"gamma": 6.049663802869843, "prior": 7.350511501875372, "rate": 2.535136985955308}, "datetime": {"datetime": "2024-04-09 03:00:07", "elapsed": 3.086643, "delta": 0.008698}}
{"target": -465.05765606161566, "params": {"gamma": 6.00528906379017, "prior": 8.164729894490387, "rate": 0.542082489579675}, "datetime": {"datetime": "2024-04-09 03:00:07", "elapsed": 3.096831, "delta": 0.010188}}
{"target": -135.05789463352824, "params": {"gamma": 1.3059762027213204, "prior": 8.440213518568495, "rate": 6.183840347409528}, "datetime": {"datetime": "2024-04-09 03:00:07", "elapsed": 3.105612, "delta": 0.008781}}
{"target": -318.6777878081529, "params": {"gamma": 5.3133468170001, "prior": 2.558078217071276, "rate": 2.9514906739197095}, "datetime": {"datetime": "2024-04-09 03:00:07", "elapsed": 3.113978, "delta": 0.008366}}
{"target": -545.712393100245, "params": {"gamma": 8.726988963029699, "prior": 4.274492755012122, "rate": 0.6452381255404884}, "datetime": {"datetime": "2024-04-09 03:00:07", "elapsed": 3.122455, "delta": 0.008477}}
{"target": -634.8509863258719, "params": {"gamma": 8.969953710006317, "prior": 2.1134702449581058, "rate": 8.262449127388422}, "datetime": {"datetime": "2024-04-09 03:00:07", "elapsed": 3.132642, "delta": 0.010187}}
{"target": -507.41376204025704, "params": {"gamma": 8.81782446020499, "prior": 4.918832373701547, "rate": 5.98504846635326}, "datetime": {"datetime": "2024-04-09 03:00:07", "elapsed": 3.1411, "delta": 0.008458}}
{"target": -325.1401101588564, "params": {"gamma": 5.273147297397685, "prior": 6.28573081243644, "rate": 8.550562171752167}, "datetime": {"datetime": "2024-04-09 03:00:07", "elapsed": 3.149518, "delta": 0.008418}}
{"target": -189.76422816429127, "params": {"gamma": 2.8221123446002014, "prior": 8.849179530987948, "rate": 5.677335610861374}, "datetime": {"datetime": "2024-04-09 03:00:07", "elapsed": 3.158252, "delta": 0.008734}}
{"target": -134.0122226599969, "params": {"gamma": 1.151915306628067, "prior": 2.347311535625114, "rate": 5.960227873744525}, "datetime": {"datetime": "2024-04-09 03:00:07", "elapsed": 3.167599, "delta": 0.009347}}
{"target": -179.2272891537181, "params": {"gamma": 2.395222922809899, "prior": 1.4010150393208598, "rate": 1.6193152935242277}, "datetime": {"datetime": "2024-04-09 03:00:07", "elapsed": 3.17611, "delta": 0.008511}}
{"target": -513.5255463874986, "params": {"gamma": 8.448880309839154, "prior": 6.061618173537837, "rate": 9.635707304796231}, "datetime": {"datetime": "2024-04-09 03:00:07", "elapsed": 3.184673, "delta": 0.008563}}
{"target": -223.7941937316115, "params": {"gamma": 3.4574464537469587, "prior": 5.996688471536002, "rate": 5.9902539044452245}, "datetime": {"datetime": "2024-04-09 03:00:07", "elapsed": 3.194153, "delta": 0.00948}}
{"target": -486.97132170598195, "params": {"gamma": 6.157427167752284, "prior": 0.6858543511386517, "rate": 7.503421528562285}, "datetime": {"datetime": "2024-04-09 03:00:07", "elapsed": 3.203058, "delta": 0.008905}}
{"target": -474.04612212344756, "params": {"gamma": 9.482146772378064, "prior": 5.393322666077928, "rate": 1.926367653529729}, "datetime": {"datetime": "2024-04-09 03:00:07", "elapsed": 3.211572, "delta": 0.008514}}
{"target": -610.1203657960317, "params": {"gamma": 7.529506223884443, "prior": 0.17245779634585162, "rate": 3.2832327804041577}, "datetime": {"datetime": "2024-04-09 03:00:08", "elapsed": 3.220361, "delta": 0.008789}}
{"target": -545.0731897880812, "params": {"gamma": 9.176145870096288, "prior": 5.92483659564938, "rate": 8.55204764875745}, "datetime": {"datetime": "2024-04-09 03:00:08", "elapsed": 3.230437, "delta": 0.010076}}
{"target": -351.5994132976806, "params": {"gamma": 6.047115851439529, "prior": 8.243523709986324, "rate": 8.79495575076974}, "datetime": {"datetime": "2024-04-09 03:00:08", "elapsed": 3.239397, "delta": 0.00896}}
{"target": -256.6755460785026, "params": {"gamma": 3.210542758870008, "prior": 1.3172522383665672, "rate": 7.213312138521522}, "datetime": {"datetime": "2024-04-09 03:00:08", "elapsed": 3.248361, "delta": 0.008964}}
{"target": -328.2448647631881, "params": {"gamma": 4.404030521225552, "prior": 1.3546835205058854, "rate": 5.898646657450783}, "datetime": {"datetime": "2024-04-09 03:00:08", "elapsed": 3.256888, "delta": 0.008527}}
{"target": -120.27899589545947, "params": {"gamma": 0.36164707738402946, "prior": 2.0818029524687707, "rate": 7.883223595490022}, "datetime": {"datetime": "2024-04-09 03:00:08", "elapsed": 3.267188, "delta": 0.0103}}
{"target": -145.81809692699812, "params": {"gamma": 0.12195550339356331, "prior": 3.1031221499148343, "rate": 0.2147382349196191}, "datetime": {"datetime": "2024-04-09 03:00:08", "elapsed": 3.275856, "delta": 0.008668}}
{"target": -496.064882996552, "params": {"gamma": 9.974852442290567, "prior": 5.862096765800271, "rate": 2.93446940858208}, "datetime": {"datetime": "2024-04-09 03:00:08", "elapsed": 3.28428, "delta": 0.008424}}
{"target": -502.05118645141204, "params": {"gamma": 9.289565669469264, "prior": 5.120482293127225, "rate": 4.547467583296517}, "datetime": {"datetime": "2024-04-09 03:00:08", "elapsed": 3.294083, "delta": 0.009803}}
{"target": -346.10420587002886, "params": {"gamma": 5.879127191455569, "prior": 2.7149626776846394, "rate": 3.0535777051749857}, "datetime": {"datetime": "2024-04-09 03:00:08", "elapsed": 3.302962, "delta": 0.008879}}
{"target": -263.06663937693855, "params": {"gamma": 3.7171741126651003, "prior": 2.520035193778948, "rate": 5.845888113900182}, "datetime": {"datetime": "2024-04-09 03:00:08", "elapsed": 3.311318, "delta": 0.008356}}
{"target": -551.4361030356474, "params": {"gamma": 6.958765493189333, "prior": 0.8122774796236112, "rate": 9.710862112935013}, "datetime": {"datetime": "2024-04-09 03:00:08", "elapsed": 3.319823, "delta": 0.008505}}
{"target": -417.412133613963, "params": {"gamma": 7.53095348803868, "prior": 8.081015313238742, "rate": 7.516652400408825}, "datetime": {"datetime": "2024-04-09 03:00:08", "elapsed": 3.32986, "delta": 0.010037}}
{"target": -122.9603913413549, "params": {"gamma": 0.8015297117349018, "prior": 4.868793201909653, "rate": 4.457283891060159}, "datetime": {"datetime": "2024-04-09 03:00:08", "elapsed": 3.338705, "delta": 0.008845}}
{"target": -412.9075745331711, "params": {"gamma": 6.725054032598774, "prior": 4.5424988623607865, "rate": 7.043429670440712}, "datetime": {"datetime": "2024-04-09 03:00:08", "elapsed": 3.347261, "delta": 0.008556}}
{"target": -378.6995348013827, "params": {"gamma": 6.816771730688627, "prior": 7.001770434652286, "rate": 6.186388824872803}, "datetime": {"datetime": "2024-04-09 03:00:08", "elapsed": 3.355706, "delta": 0.008445}}
{"target": -142.427413556269, "params": {"gamma": 1.5106563520631782, "prior": 7.631944317426985, "rate": 7.810677176117377}, "datetime": {"datetime": "2024-04-09 03:00:08", "elapsed": 3.365758, "delta": 0.010052}}
{"target": -474.1266313947826, "params": {"gamma": 9.041125756152136, "prior": 2.414310056780649, "rate": 1.7676122518303419}, "datetime": {"datetime": "2024-04-09 03:00:08", "elapsed": 3.374548, "delta": 0.00879}}
{"target": -276.7782801570207, "params": {"gamma": 3.9116001319445175, "prior": 3.2735900745520863, "rate": 8.154953813127257}, "datetime": {"datetime": "2024-04-09 03:00:08", "elapsed": 3.382928, "delta": 0.00838}}
{"target": -327.922277228915, "params": {"gamma": 6.135645470784649, "prior": 7.624017348262513, "rate": 4.277223331869946}, "datetime": {"datetime": "2024-04-09 03:00:08", "elapsed": 3.391963, "delta": 0.009035}}
{"target": -128.93988118186354, "params": {"gamma": 0.9953061885929767, "prior": 1.238846619297438, "rate": 3.734697910240216}, "datetime": {"datetime": "2024-04-09 03:00:08", "elapsed": 3.401508, "delta": 0.009545}}
{"target": -156.4559394357383, "params": {"gamma": 1.939283827327562, "prior": 8.225390336367088, "rate": 5.996760448228745}, "datetime": {"datetime": "2024-04-09 03:00:08", "elapsed": 3.409922, "delta": 0.008414}}
{"target": -419.22103650367615, "params": {"gamma": 6.888763744927632, "prior": 4.9619886169125325, "rate": 0.8826486387405684}, "datetime": {"datetime": "2024-04-09 03:00:08", "elapsed": 3.418271, "delta": 0.008349}}
{"target": -172.03780540989976, "params": {"gamma": 2.351541289225017, "prior": 4.669860600827058, "rate": 1.9867164390362086}, "datetime": {"datetime": "2024-04-09 03:00:08", "elapsed": 3.428337, "delta": 0.010066}}
{"target": -127.93442333672762, "params": {"gamma": 0.2557368815524242, "prior": 7.321037212735911, "rate": 7.249442555443973}, "datetime": {"datetime": "2024-04-09 03:00:08", "elapsed": 3.436881, "delta": 0.008544}}
{"target": -207.90288948655325, "params": {"gamma": 3.304587071870666, "prior": 8.45059184803019, "rate": 4.284996317034784}, "datetime": {"datetime": "2024-04-09 03:00:08", "elapsed": 3.445539, "delta": 0.008658}}
{"target": -468.99670654049623, "params": {"gamma": 8.64699676149058, "prior": 6.604947703766606, "rate": 5.810775538523484}, "datetime": {"datetime": "2024-04-09 03:00:08", "elapsed": 3.453792, "delta": 0.008253}}
{"target": -167.28934157289467, "params": {"gamma": 2.008074152862875, "prior": 5.342511443736109, "rate": 8.944429751857296}, "datetime": {"datetime": "2024-04-09 03:00:08", "elapsed": 3.463838, "delta": 0.010046}}
{"target": -206.37578814255752, "params": {"gamma": 3.0506347643763254, "prior": 8.722361530694428, "rate": 9.087543983311022}, "datetime": {"datetime": "2024-04-09 03:00:08", "elapsed": 3.472461, "delta": 0.008623}}
{"target": -223.37508333618942, "params": {"gamma": 3.2991157822561417, "prior": 6.862436226731985, "rate": 8.992310274710121}, "datetime": {"datetime": "2024-04-09 03:00:08", "elapsed": 3.480595, "delta": 0.008134}}
{"target": -138.6959541042511, "params": {"gamma": 0.7578931207012753, "prior": 8.798019845727227, "rate": 1.9092027933215376}, "datetime": {"datetime": "2024-04-09 03:00:08", "elapsed": 3.488856, "delta": 0.008261}}
{"target": -430.4585890529708, "params": {"gamma": 8.497839331269288, "prior": 6.704476008122119, "rate": 3.4440476153050885}, "datetime": {"datetime": "2024-04-09 03:00:08", "elapsed": 3.49912, "delta": 0.010264}}
{"target": -144.11689148016168, "params": {"gamma": 1.5146043243579972, "prior": 6.390172518735689, "rate": 8.478032649103701}, "datetime": {"datetime": "2024-04-09 03:00:08", "elapsed": 3.507313, "delta": 0.008193}}
{"target": -495.49476273564585, "params": {"gamma": 8.218671898265342, "prior": 6.319572011593512, "rate": 9.563058796042565}, "datetime": {"datetime": "2024-04-09 03:00:08", "elapsed": 3.515856, "delta": 0.008543}}
{"target": -385.7309357499674, "params": {"gamma": 5.899641347630623, "prior": 2.058544568014401, "rate": 4.293877895442307}, "datetime": {"datetime": "2024-04-09 03:00:08", "elapsed": 3.525139, "delta": 0.009283}}
{"target": -212.17684977809503, "params": {"gamma": 3.3681232410129716, "prior": 9.920255617882082, "rate": 3.8029847246765303}, "datetime": {"datetime": "2024-04-09 03:00:08", "elapsed": 3.535193, "delta": 0.010054}}
{"target": -497.9804418764136, "params": {"gamma": 9.927016035774514, "prior": 5.2361620822608, "rate": 1.7236247350697775}, "datetime": {"datetime": "2024-04-09 03:00:08", "elapsed": 3.544089, "delta": 0.008896}}
