{"target": -128.30696772407236, "params": {"p_ai": 2.6597853995779155, "p_al": 10.0, "p_ex": 10.0, "prior": 6.243543704000092, "rate": 0.001}, "datetime": {"datetime": "2024-04-01 15:24:42", "elapsed": 4307.098418, "delta": 10.095735}}
{"target": -93.24530927453215, "params": {"p_ai": 3.4077534343696994, "p_al": 7.856424002082449, "p_ex": 6.441645774350034, "prior": 1.5712033099342129, "rate": 10.0}, "datetime": {"datetime": "2024-04-01 15:24:51", "elapsed": 4315.6079, "delta": 8.509482}}
{"target": -95.97780972405644, "params": {"p_ai": 1.0747045045386256, "p_al": 1.7895456963332175, "p_ex": 4.675783473730615, "prior": 3.2158545151869413, "rate": 9.713028356888982}, "datetime": {"datetime": "2024-04-01 15:25:01", "elapsed": 4325.599661, "delta": 9.991761}}
{"target": -104.0592478805116, "params": {"p_ai": 4.533539020545503, "p_al": 7.995712292355833, "p_ex": 10.0, "prior": 2.7460896105958947, "rate": 8.099078569564954}, "datetime": {"datetime": "2024-04-01 15:25:09", "elapsed": 4334.071695, "delta": 8.472034}}
{"target": -102.18527130814203, "params": {"p_ai": 1.5707504585774608, "p_al": 10.0, "p_ex": 7.869403943942199, "prior": 10.0, "rate": 3.3840424966819467}, "datetime": {"datetime": "2024-04-01 15:25:28", "elapsed": 4352.559745, "delta": 18.48805}}
{"target": -90.82595054042045, "params": {"p_ai": 2.3692244361061374, "p_al": 8.077621357691323, "p_ex": 3.350889479800111, "prior": 2.390002204689145, "rate": 8.39771944371833}, "datetime": {"datetime": "2024-04-01 15:25:40", "elapsed": 4364.915282, "delta": 12.355537}}
{"target": -95.07059460221329, "params": {"p_ai": 3.409293648042535, "p_al": 0.20323871358570905, "p_ex": 8.602064078952377, "prior": 9.963955986883166, "rate": 1.8914957388494844}, "datetime": {"datetime": "2024-04-01 15:25:54", "elapsed": 4378.739777, "delta": 13.824495}}
{"target": -87.98585408608794, "params": {"p_ai": 2.7342302856755945, "p_al": 5.87307386299414, "p_ex": 8.521419855780179, "prior": 2.0418350304159416, "rate": 5.306212634285859}, "datetime": {"datetime": "2024-04-01 15:26:11", "elapsed": 4395.490006, "delta": 16.750229}}
{"target": -90.9749473777728, "params": {"p_ai": 3.230586787127446, "p_al": 2.9378794530084495, "p_ex": 4.897974585953059, "prior": 5.493881748555805, "rate": 6.685241673820045}, "datetime": {"datetime": "2024-04-01 15:26:24", "elapsed": 4408.433941, "delta": 12.943935}}
{"target": -99.49692887294822, "params": {"p_ai": 5.965904072641966, "p_al": 2.8916699005675666, "p_ex": 10.0, "prior": 4.966628741684274, "rate": 2.1852630362895904}, "datetime": {"datetime": "2024-04-01 15:26:35", "elapsed": 4419.331248, "delta": 10.897307}}
{"target": -114.92107947256663, "params": {"p_ai": 7.661266665425023, "p_al": 0.001, "p_ex": 10.0, "prior": 3.0688557852441694, "rate": 0.6790935747086021}, "datetime": {"datetime": "2024-04-01 15:26:43", "elapsed": 4427.684668, "delta": 8.35342}}
{"target": -88.59151135328499, "params": {"p_ai": 2.369290006653152, "p_al": 10.0, "p_ex": 10.0, "prior": 5.630105325604088, "rate": 10.0}, "datetime": {"datetime": "2024-04-01 15:26:51", "elapsed": 4435.52916, "delta": 7.844492}}
{"target": -106.56078074051989, "params": {"p_ai": 0.26214255051498114, "p_al": 9.975512681784597, "p_ex": 3.813814346127853, "prior": 4.105123787019124, "rate": 7.347998267849945}, "datetime": {"datetime": "2024-04-01 15:27:00", "elapsed": 4445.021849, "delta": 9.492689}}
{"target": -110.64777952084216, "params": {"p_ai": 0.2937498631045843, "p_al": 10.0, "p_ex": 10.0, "prior": 7.744226512981583, "rate": 10.0}, "datetime": {"datetime": "2024-04-01 15:27:12", "elapsed": 4456.505263, "delta": 11.483414}}
{"target": -96.96462088260299, "params": {"p_ai": 1.0272138904501622, "p_al": 10.0, "p_ex": 6.9136323980189465, "prior": 10.0, "rate": 10.0}, "datetime": {"datetime": "2024-04-01 15:27:25", "elapsed": 4470.00525, "delta": 13.499987}}
{"target": -119.73624294873225, "params": {"p_ai": 0.11850180437270823, "p_al": 0.001, "p_ex": 10.0, "prior": 0.001, "rate": 0.001}, "datetime": {"datetime": "2024-04-01 15:27:35", "elapsed": 4480.024484, "delta": 10.019234}}
{"target": -93.51393552089662, "params": {"p_ai": 2.6353174147051233, "p_al": 0.001, "p_ex": 10.0, "prior": 6.612560086243234, "rate": 10.0}, "datetime": {"datetime": "2024-04-01 15:27:44", "elapsed": 4488.399245, "delta": 8.374761}}
{"target": -84.89957402235886, "params": {"p_ai": 2.2517489460695206, "p_al": 9.108422116993466, "p_ex": 6.021709267895021, "prior": 3.606486189333308, "rate": 7.084788359435914}, "datetime": {"datetime": "2024-04-01 15:27:53", "elapsed": 4497.200435, "delta": 8.80119}}
{"target": -126.69385358850504, "params": {"p_ai": 0.001, "p_al": 7.173891420456971, "p_ex": 10.0, "prior": 6.5433177998502075, "rate": 5.154254670231335}, "datetime": {"datetime": "2024-04-01 15:28:07", "elapsed": 4511.698153, "delta": 14.497718}}
{"target": -96.61363909604516, "params": {"p_ai": 1.0874882428407942, "p_al": 4.33389904062796, "p_ex": 6.58122466986528, "prior": 5.534249891226572, "rate": 5.776548194685447}, "datetime": {"datetime": "2024-04-01 15:28:22", "elapsed": 4526.714652, "delta": 15.016499}}
{"target": -87.0728627104241, "params": {"p_ai": 2.4939557405882176, "p_al": 7.560635599934895, "p_ex": 8.968757807295091, "prior": 10.0, "rate": 8.846156187180606}, "datetime": {"datetime": "2024-04-01 15:28:42", "elapsed": 4546.94649, "delta": 20.231838}}
{"target": -95.79778303751348, "params": {"p_ai": 4.895112648430594, "p_al": 5.814356212097374, "p_ex": 7.404604721308391, "prior": 10.0, "rate": 4.337249892287346}, "datetime": {"datetime": "2024-04-01 15:28:55", "elapsed": 4560.038124, "delta": 13.091634}}
{"target": -95.11627108865055, "params": {"p_ai": 2.0608135167199175, "p_al": 6.483614595546108, "p_ex": 3.3827439059593347, "prior": 8.07781893768253, "rate": 10.0}, "datetime": {"datetime": "2024-04-01 15:29:04", "elapsed": 4568.267122, "delta": 8.228998}}
{"target": -113.9407328753342, "params": {"p_ai": 0.001, "p_al": 10.0, "p_ex": 7.89161362395797, "prior": 5.3492015834351765, "rate": 5.519009368428995}, "datetime": {"datetime": "2024-04-01 15:29:23", "elapsed": 4587.713355, "delta": 19.446233}}
{"target": -85.73513702648914, "params": {"p_ai": 2.732205294897059, "p_al": 5.404315730547527, "p_ex": 7.12886841643218, "prior": 4.783962239400207, "rate": 4.970833952233358}, "datetime": {"datetime": "2024-04-01 15:29:32", "elapsed": 4596.564694, "delta": 8.851339}}
{"target": -100.14899292259766, "params": {"p_ai": 3.8754041529785286, "p_al": 1.3695113478117849, "p_ex": 3.766802288337647, "prior": 5.463347212371721, "rate": 3.5020594382985184}, "datetime": {"datetime": "2024-04-01 15:29:45", "elapsed": 4610.050284, "delta": 13.48559}}
{"target": -90.14066495918341, "params": {"p_ai": 3.396276264589964, "p_al": 5.115821816549727, "p_ex": 5.504648272818014, "prior": 8.189029914573396, "rate": 8.064384084566273}, "datetime": {"datetime": "2024-04-01 15:29:54", "elapsed": 4618.183437, "delta": 8.133153}}
{"target": -98.27679031785122, "params": {"p_ai": 3.4119134851163064, "p_al": 10.0, "p_ex": 4.701286540504546, "prior": 7.1616209114756595, "rate": 3.2913955275343496}, "datetime": {"datetime": "2024-04-01 15:30:02", "elapsed": 4626.626511, "delta": 8.443074}}
{"target": -90.01520510543688, "params": {"p_ai": 3.0337231509112565, "p_al": 7.549258661762305, "p_ex": 6.881855508798144, "prior": 4.6383573231688695, "rate": 2.28286646655767}, "datetime": {"datetime": "2024-04-01 15:30:11", "elapsed": 4635.537937, "delta": 8.911426}}
{"target": -103.99048790425249, "params": {"p_ai": 6.442981876611025, "p_al": 0.001, "p_ex": 10.0, "prior": 6.936706544143429, "rate": 2.965492009306975}, "datetime": {"datetime": "2024-04-01 15:30:20", "elapsed": 4644.603246, "delta": 9.065309}}
{"target": -90.22931554935334, "params": {"p_ai": 4.14594483944584, "p_al": 0.001, "p_ex": 8.52919657399451, "prior": 10.0, "rate": 5.520499151797743}, "datetime": {"datetime": "2024-04-01 15:30:35", "elapsed": 4659.477414, "delta": 14.874168}}
{"target": -102.98435022278154, "params": {"p_ai": 3.010443466015881, "p_al": 6.551509057609199, "p_ex": 2.836548876000629, "prior": 10.0, "rate": 5.292266708034304}, "datetime": {"datetime": "2024-04-01 15:30:56", "elapsed": 4680.212129, "delta": 20.734715}}
{"target": -122.39669648691324, "params": {"p_ai": 0.17844911647623132, "p_al": 3.282569452810554, "p_ex": 9.951374082946627, "prior": 9.954532706874932, "rate": 9.960883447923809}, "datetime": {"datetime": "2024-04-01 15:31:06", "elapsed": 4690.230506, "delta": 10.018377}}
{"target": -101.83635385918299, "params": {"p_ai": 5.053176371218709, "p_al": 4.459869083915075, "p_ex": 9.736775854370443, "prior": 5.930791129134911, "rate": 8.646903895928173}, "datetime": {"datetime": "2024-04-01 15:31:21", "elapsed": 4705.835494, "delta": 15.604988}}
{"target": -84.73014438414245, "params": {"p_ai": 2.578652057658172, "p_al": 3.442790123910678, "p_ex": 6.878751209686703, "prior": 1.2088640085230042, "rate": 2.569044442862377}, "datetime": {"datetime": "2024-04-01 15:31:30", "elapsed": 4714.631537, "delta": 8.796043}}
{"target": -94.80513536995853, "params": {"p_ai": 4.447376450505352, "p_al": 1.7701018657692966, "p_ex": 8.516797395488888, "prior": 4.582009682444505, "rate": 5.400895003593529}, "datetime": {"datetime": "2024-04-01 15:31:49", "elapsed": 4733.695904, "delta": 19.064367}}
{"target": -110.27119722356665, "params": {"p_ai": 0.001, "p_al": 6.239896064066526, "p_ex": 4.094231952606599, "prior": 3.702590453613784, "rate": 8.644048999898926}, "datetime": {"datetime": "2024-04-01 15:32:01", "elapsed": 4745.739761, "delta": 12.043857}}
{"target": -98.86663668124568, "params": {"p_ai": 4.885929984685586, "p_al": 7.881441708314239, "p_ex": 7.854845915922181, "prior": 6.157124084426716, "rate": 10.0}, "datetime": {"datetime": "2024-04-01 15:32:14", "elapsed": 4758.399197, "delta": 12.659436}}
{"target": -95.79834443649948, "params": {"p_ai": 4.773101615022888, "p_al": 10.0, "p_ex": 7.482517431186448, "prior": 7.295156448185628, "rate": 3.4106551004699557}, "datetime": {"datetime": "2024-04-01 15:32:24", "elapsed": 4768.509997, "delta": 10.1108}}
{"target": -96.95682498261075, "params": {"p_ai": 3.773496727434323, "p_al": 0.001, "p_ex": 4.248577624527413, "prior": 8.000099061259203, "rate": 6.579140120313785}, "datetime": {"datetime": "2024-04-01 15:32:36", "elapsed": 4780.527385, "delta": 12.017388}}
{"target": -130.76178922079708, "params": {"p_ai": 1.417946050872528, "p_al": 0.001, "p_ex": 10.0, "prior": 10.0, "rate": 1.4976307314907251}, "datetime": {"datetime": "2024-04-01 15:32:46", "elapsed": 4790.829698, "delta": 10.302313}}
{"target": -96.89288306669808, "params": {"p_ai": 1.6971116162319102, "p_al": 2.4520069117205274, "p_ex": 10.0, "prior": 6.329522610692893, "rate": 4.3921297999624125}, "datetime": {"datetime": "2024-04-01 15:32:57", "elapsed": 4802.13436, "delta": 11.304662}}
{"target": -109.51722456927945, "params": {"p_ai": 0.37542290304850373, "p_al": 4.443936800777014, "p_ex": 4.119295937130099, "prior": 7.3057995748745315, "rate": 10.0}, "datetime": {"datetime": "2024-04-01 15:33:13", "elapsed": 4817.892408, "delta": 15.758048}}
{"target": -96.91589196772229, "params": {"p_ai": 3.081166833443634, "p_al": 2.466959558485004, "p_ex": 4.557496083981234, "prior": 8.279226471991956, "rate": 3.253829469415824}, "datetime": {"datetime": "2024-04-01 15:33:28", "elapsed": 4832.495955, "delta": 14.603547}}
{"target": -93.27323335366901, "params": {"p_ai": 2.6157097384625474, "p_al": 3.168362994330765, "p_ex": 8.123857860736873, "prior": 10.0, "rate": 3.1881057090853657}, "datetime": {"datetime": "2024-04-01 15:33:38", "elapsed": 4842.686653, "delta": 10.190698}}
{"target": -146.55540274175235, "params": {"p_ai": 10.0, "p_al": 0.001, "p_ex": 10.0, "prior": 0.001, "rate": 0.001}, "datetime": {"datetime": "2024-04-01 15:33:54", "elapsed": 4858.318513, "delta": 15.63186}}
{"target": -117.39323640281135, "params": {"p_ai": 0.001, "p_al": 7.174712473342297, "p_ex": 2.1774005326057364, "prior": 2.4773667884183537, "rate": 10.0}, "datetime": {"datetime": "2024-04-01 15:34:09", "elapsed": 4873.233641, "delta": 14.915128}}
{"target": -87.6224798163437, "params": {"p_ai": 3.1036573498095503, "p_al": 10.0, "p_ex": 7.861358916244771, "prior": 5.16213316633338, "rate": 10.0}, "datetime": {"datetime": "2024-04-01 15:34:23", "elapsed": 4887.686388, "delta": 14.452747}}
{"target": -100.00044234704406, "params": {"p_ai": 3.22016461416256, "p_al": 0.001, "p_ex": 10.0, "prior": 4.060314962578165, "rate": 10.0}, "datetime": {"datetime": "2024-04-01 15:34:37", "elapsed": 4902.125243, "delta": 14.438855}}
{"target": -89.66488382134503, "params": {"p_ai": 2.2432184502752133, "p_al": 1.5727012133872977, "p_ex": 7.04944155827178, "prior": 8.707395692969158, "rate": 7.454883907285794}, "datetime": {"datetime": "2024-04-01 15:34:48", "elapsed": 4912.886402, "delta": 10.761159}}
{"target": -99.53962055980156, "params": {"p_ai": 5.199372337264311, "p_al": 3.7953087525054623, "p_ex": 7.422135956907946, "prior": 10.0, "rate": 10.0}, "datetime": {"datetime": "2024-04-01 15:35:00", "elapsed": 4924.945494, "delta": 12.059092}}
{"target": -91.68984580991251, "params": {"p_ai": 1.5005066287395097, "p_al": 1.8821024205007526, "p_ex": 6.726900055085562, "prior": 2.591873749646146, "rate": 6.352273790928156}, "datetime": {"datetime": "2024-04-01 15:35:11", "elapsed": 4935.208819, "delta": 10.263325}}
{"target": -99.42159612436022, "params": {"p_ai": 4.871869727966708, "p_al": 9.81991882481358, "p_ex": 5.531915629799976, "prior": 9.853733550623817, "rate": 7.141026832965165}, "datetime": {"datetime": "2024-04-01 15:35:21", "elapsed": 4945.343547, "delta": 10.134728}}
{"target": -95.14793881619663, "params": {"p_ai": 5.320375435445419, "p_al": 8.071872248614246, "p_ex": 10.0, "prior": 7.396213805287524, "rate": 2.440416889306016}, "datetime": {"datetime": "2024-04-01 15:35:35", "elapsed": 4959.24255, "delta": 13.899003}}
{"target": -107.44613424084561, "params": {"p_ai": 1.8610660613354477, "p_al": 3.5110268342288635, "p_ex": 10.0, "prior": 0.27341597384982835, "rate": 10.0}, "datetime": {"datetime": "2024-04-01 15:35:48", "elapsed": 4972.997903, "delta": 13.755353}}
{"target": -96.33330757241922, "params": {"p_ai": 1.8625921587149261, "p_al": 4.805462311673625, "p_ex": 10.0, "prior": 2.448246789028389, "rate": 9.208388153882948}, "datetime": {"datetime": "2024-04-01 15:36:01", "elapsed": 4985.615996, "delta": 12.618093}}
{"target": -96.43363639026596, "params": {"p_ai": 3.212508417891158, "p_al": 0.001, "p_ex": 6.099336164516522, "prior": 2.4493409956036865, "rate": 10.0}, "datetime": {"datetime": "2024-04-01 15:36:12", "elapsed": 4996.318052, "delta": 10.702056}}
{"target": -138.9596778483989, "params": {"p_ai": 0.001, "p_al": 10.0, "p_ex": 0.001, "prior": 5.426272441490033, "rate": 5.652685112125023}, "datetime": {"datetime": "2024-04-01 15:36:26", "elapsed": 5010.869685, "delta": 14.551633}}
{"target": -90.58713923690719, "params": {"p_ai": 3.444212872339181, "p_al": 1.7808393167560355, "p_ex": 5.854210371559648, "prior": 9.980581101785798, "rate": 8.383847126651805}, "datetime": {"datetime": "2024-04-01 15:36:37", "elapsed": 5021.722175, "delta": 10.85249}}
{"target": -88.92582208849726, "params": {"p_ai": 2.4860506678613365, "p_al": 7.2920190535483735, "p_ex": 6.502024933086648, "prior": 0.882323073641351, "rate": 8.313010144227604}, "datetime": {"datetime": "2024-04-01 15:36:45", "elapsed": 5029.828958, "delta": 8.106783}}
{"target": -115.9698424988859, "params": {"p_ai": 0.7248038694401255, "p_al": 0.001, "p_ex": 10.0, "prior": 7.757655885284332, "rate": 5.876674795599634}, "datetime": {"datetime": "2024-04-01 15:36:55", "elapsed": 5039.775036, "delta": 9.946078}}
{"target": -189.03527056277863, "params": {"p_ai": 0.001, "p_al": 10.0, "p_ex": 10.0, "prior": 10.0, "rate": 0.001}, "datetime": {"datetime": "2024-04-01 15:37:09", "elapsed": 5053.556403, "delta": 13.781367}}
{"target": -93.79876011294199, "params": {"p_ai": 2.5467833412802503, "p_al": 8.469174826829764, "p_ex": 3.4236314362577165, "prior": 2.454840930893899, "rate": 4.803465021464925}, "datetime": {"datetime": "2024-04-01 15:37:29", "elapsed": 5073.56159, "delta": 20.005187}}
{"target": -92.61469639209892, "params": {"p_ai": 2.496737542402345, "p_al": 6.956238863620544, "p_ex": 7.500422749045363, "prior": 8.243171605533796, "rate": 2.8541308138070285}, "datetime": {"datetime": "2024-04-01 15:37:40", "elapsed": 5085.090593, "delta": 11.529003}}
{"target": -102.84822914811943, "params": {"p_ai": 5.27123607324671, "p_al": 10.0, "p_ex": 5.36649242593753, "prior": 4.174272427030886, "rate": 6.051835291720494}, "datetime": {"datetime": "2024-04-01 15:37:58", "elapsed": 5102.990415, "delta": 17.899822}}
{"target": -96.7439611550881, "params": {"p_ai": 3.6650811820652014, "p_al": 0.001, "p_ex": 3.9801750178423716, "prior": 5.89742670905963, "rate": 10.0}, "datetime": {"datetime": "2024-04-01 15:38:07", "elapsed": 5111.995302, "delta": 9.004887}}
{"target": -88.50837827158281, "params": {"p_ai": 3.207569642288745, "p_al": 10.0, "p_ex": 5.337127512227844, "prior": 5.251536284398982, "rate": 10.0}, "datetime": {"datetime": "2024-04-01 15:38:17", "elapsed": 5121.860265, "delta": 9.864963}}
{"target": -101.2448077158625, "params": {"p_ai": 4.290761423516501, "p_al": 4.229151946299865, "p_ex": 5.886249602244888, "prior": 1.5242827872036075, "rate": 10.0}, "datetime": {"datetime": "2024-04-01 15:38:32", "elapsed": 5136.264852, "delta": 14.404587}}
{"target": -94.96455573960131, "params": {"p_ai": 0.6690461888794383, "p_al": 8.676694636682761, "p_ex": 10.0, "prior": 2.138729571181877, "rate": 6.8486718906124855}, "datetime": {"datetime": "2024-04-01 15:38:48", "elapsed": 5152.730604, "delta": 16.465752}}
{"target": -109.76941857261292, "params": {"p_ai": 6.432239648818696, "p_al": 10.0, "p_ex": 10.0, "prior": 3.8583286517017643, "rate": 4.700166962425495}, "datetime": {"datetime": "2024-04-01 15:38:58", "elapsed": 5163.111725, "delta": 10.381121}}
{"target": -88.61632593117784, "params": {"p_ai": 2.4617542958752905, "p_al": 1.9651578988957055, "p_ex": 7.008313864873299, "prior": 4.885747988024557, "rate": 7.731820486112645}, "datetime": {"datetime": "2024-04-01 15:39:15", "elapsed": 5179.374551, "delta": 16.262826}}
{"target": -91.95668034537108, "params": {"p_ai": 4.513194531282051, "p_al": 7.009998787280019, "p_ex": 7.98085979566937, "prior": 9.944259922882553, "rate": 7.127909031862106}, "datetime": {"datetime": "2024-04-01 15:39:30", "elapsed": 5194.696863, "delta": 15.322312}}
{"target": -91.32270412141555, "params": {"p_ai": 1.412183421896129, "p_al": 3.8318996547420943, "p_ex": 6.4818602248711, "prior": 3.2830947411989095, "rate": 10.0}, "datetime": {"datetime": "2024-04-01 15:39:46", "elapsed": 5210.580989, "delta": 15.884126}}
{"target": -107.29896370830527, "params": {"p_ai": 1.302223051663122, "p_al": 0.001, "p_ex": 8.866681761880175, "prior": 4.748673308202938, "rate": 2.361424526913575}, "datetime": {"datetime": "2024-04-01 15:40:02", "elapsed": 5226.20852, "delta": 15.627531}}
{"target": -86.39949521534328, "params": {"p_ai": 2.44218854422889, "p_al": 10.0, "p_ex": 10.0, "prior": 6.99475124881139, "rate": 4.843416040588961}, "datetime": {"datetime": "2024-04-01 15:40:19", "elapsed": 5243.317475, "delta": 17.108955}}
{"target": -150.3783453732632, "params": {"p_ai": 0.001, "p_al": 0.001, "p_ex": 0.001, "prior": 10.0, "rate": 10.0}, "datetime": {"datetime": "2024-04-01 15:40:35", "elapsed": 5259.487274, "delta": 16.169799}}
{"target": -89.83069443362464, "params": {"p_ai": 3.929773308940061, "p_al": 8.793586468552283, "p_ex": 10.0, "prior": 10.0, "rate": 10.0}, "datetime": {"datetime": "2024-04-01 15:40:53", "elapsed": 5277.84335, "delta": 18.356076}}
{"target": -88.58198541905884, "params": {"p_ai": 2.374677318795802, "p_al": 2.1447057802119764, "p_ex": 6.096695386389639, "prior": 1.692475355207987, "rate": 4.924507726468687}, "datetime": {"datetime": "2024-04-01 15:41:04", "elapsed": 5289.107307, "delta": 11.263957}}
{"target": -97.96518933666468, "params": {"p_ai": 1.2754681383986155, "p_al": 0.001, "p_ex": 6.46498181244344, "prior": 4.960131621064833, "rate": 4.959732040334388}, "datetime": {"datetime": "2024-04-01 15:41:20", "elapsed": 5304.302293, "delta": 15.194986}}
{"target": -96.48910146284614, "params": {"p_ai": 4.292071351573768, "p_al": 3.7452325396891033, "p_ex": 5.315222793759226, "prior": 3.001237772886092, "rate": 6.728214516341056}, "datetime": {"datetime": "2024-04-01 15:41:40", "elapsed": 5324.469098, "delta": 20.166805}}
{"target": -104.02918395947157, "params": {"p_ai": 5.602237939050448, "p_al": 10.0, "p_ex": 6.1057805735037345, "prior": 10.0, "rate": 10.0}, "datetime": {"datetime": "2024-04-01 15:41:51", "elapsed": 5335.910639, "delta": 11.441541}}
{"target": -183.88604995404052, "params": {"p_ai": 10.0, "p_al": 10.0, "p_ex": 10.0, "prior": 0.001, "rate": 10.0}, "datetime": {"datetime": "2024-04-01 15:42:02", "elapsed": 5346.751876, "delta": 10.841237}}
{"target": -88.2605372545986, "params": {"p_ai": 2.324050185641315, "p_al": 4.297670146163435, "p_ex": 10.0, "prior": 4.15288670206568, "rate": 2.768156517477313}, "datetime": {"datetime": "2024-04-01 15:42:18", "elapsed": 5362.644994, "delta": 15.893118}}
{"target": -118.51578238365475, "params": {"p_ai": 0.001, "p_al": 3.231498237285619, "p_ex": 3.7401484394372733, "prior": 2.1496289560272035, "rate": 2.150250290762987}, "datetime": {"datetime": "2024-04-01 15:42:31", "elapsed": 5375.480867, "delta": 12.835873}}
{"target": -146.55517934156836, "params": {"p_ai": 10.0, "p_al": 10.0, "p_ex": 10.0, "prior": 10.0, "rate": 10.0}, "datetime": {"datetime": "2024-04-01 15:42:44", "elapsed": 5388.244109, "delta": 12.763242}}
{"target": -453.9211273266029, "params": {"p_ai": 0.001, "p_al": 2.4335018428258874, "p_ex": 9.417951781968924, "prior": 0.001, "rate": 6.37191650432041}, "datetime": {"datetime": "2024-04-01 15:42:58", "elapsed": 5402.951906, "delta": 14.707797}}
