{"target": -87.9688364401924, "params": {"gamma": 0.7645468625177912, "lr": 0.5737297932409439}, "datetime": {"datetime": "2024-03-30 18:23:26", "elapsed": 244.001118, "delta": 5.763591}}
{"target": -75.6197819196243, "params": {"gamma": 0.5402651998825584, "lr": 0.9216253230424358}, "datetime": {"datetime": "2024-03-30 18:23:31", "elapsed": 249.959182, "delta": 5.958064}}
{"target": -492.19942263780274, "params": {"gamma": 5.354895049136309, "lr": 1.0}, "datetime": {"datetime": "2024-03-30 18:23:36", "elapsed": 254.166269, "delta": 4.207087}}
{"target": -85.91029891539905, "params": {"gamma": 0.7475265893711898, "lr": 0.8174794470464848}, "datetime": {"datetime": "2024-03-30 18:23:43", "elapsed": 261.094957, "delta": 6.928688}}
{"target": -108.95640031155513, "params": {"gamma": 0.8927536976898539, "lr": 0.4816331689357244}, "datetime": {"datetime": "2024-03-30 18:23:46", "elapsed": 264.178399, "delta": 3.083442}}
{"target": -165.7429640227924, "params": {"gamma": 1.7049322233019621, "lr": 0.7824708812651432}, "datetime": {"datetime": "2024-03-30 18:23:54", "elapsed": 271.979728, "delta": 7.801329}}
{"target": -268.9755274925189, "params": {"gamma": 2.642922690260298, "lr": 0.47119663970932457}, "datetime": {"datetime": "2024-03-30 18:23:59", "elapsed": 277.387929, "delta": 5.408201}}
{"target": -80.00940424958682, "params": {"gamma": 0.5903514384465126, "lr": 0.6657566837895795}, "datetime": {"datetime": "2024-03-30 18:24:02", "elapsed": 280.721359, "delta": 3.33343}}
{"target": -144.17461355646887, "params": {"gamma": 0.30224449293041217, "lr": 0.0}, "datetime": {"datetime": "2024-03-30 18:24:07", "elapsed": 285.840378, "delta": 5.119019}}
{"target": -123.3762906658656, "params": {"gamma": 0.06089568621692655, "lr": 0.9368350061920659}, "datetime": {"datetime": "2024-03-30 18:24:13", "elapsed": 291.946304, "delta": 6.105926}}
{"target": -200.6823265547587, "params": {"gamma": 2.0773218667897737, "lr": 0.9994110358077352}, "datetime": {"datetime": "2024-03-30 18:24:17", "elapsed": 295.382755, "delta": 3.436451}}
{"target": -136.21096523945965, "params": {"gamma": 0.06049244625206146, "lr": 0.19621097606419302}, "datetime": {"datetime": "2024-03-30 18:24:20", "elapsed": 298.506948, "delta": 3.124193}}
{"target": -240.30523501483515, "params": {"gamma": 2.5092663729316067, "lr": 0.9993460403324538}, "datetime": {"datetime": "2024-03-30 18:24:24", "elapsed": 302.01543, "delta": 3.508482}}
{"target": -76.50881731754453, "params": {"gamma": 0.2632320140127843, "lr": 1.0}, "datetime": {"datetime": "2024-03-30 18:24:32", "elapsed": 310.196043, "delta": 8.180613}}
{"target": -279.8554019470942, "params": {"gamma": 3.0161096680479695, "lr": 1.0}, "datetime": {"datetime": "2024-03-30 18:24:36", "elapsed": 314.133387, "delta": 3.937344}}
{"target": -75.84620360545354, "params": {"gamma": 0.38124326850789086, "lr": 0.8552070365606975}, "datetime": {"datetime": "2024-03-30 18:24:42", "elapsed": 320.630482, "delta": 6.497095}}
{"target": -143.35101702690912, "params": {"gamma": 0.0021069640998775414, "lr": 0.6928548764675717}, "datetime": {"datetime": "2024-03-30 18:24:47", "elapsed": 325.682925, "delta": 5.052443}}
{"target": -108.64561684557519, "params": {"gamma": 1.046088803302927, "lr": 0.5382142085649534}, "datetime": {"datetime": "2024-03-30 18:24:55", "elapsed": 333.578507, "delta": 7.895582}}
{"target": -142.50795514946728, "params": {"gamma": 0.005956408167507591, "lr": 0.39122143596639836}, "datetime": {"datetime": "2024-03-30 18:25:03", "elapsed": 341.458224, "delta": 7.879717}}
{"target": -341.8638186880214, "params": {"gamma": 2.7178270136899805, "lr": 0.27411638039933894}, "datetime": {"datetime": "2024-03-30 18:25:09", "elapsed": 347.529096, "delta": 6.070872}}
{"target": -116.97470160792373, "params": {"gamma": 1.1878422323637428, "lr": 1.0}, "datetime": {"datetime": "2024-03-30 18:25:12", "elapsed": 350.926962, "delta": 3.397866}}
{"target": -774.4085394834613, "params": {"gamma": 8.289536893768322, "lr": 0.9850220411168592}, "datetime": {"datetime": "2024-03-30 18:25:15", "elapsed": 353.456196, "delta": 2.529234}}
{"target": -234.85219057596112, "params": {"gamma": 2.0965446508018766, "lr": 0.36957218018400634}, "datetime": {"datetime": "2024-03-30 18:25:19", "elapsed": 357.760208, "delta": 4.304012}}
{"target": -81.00515192287321, "params": {"gamma": 0.6261005338789238, "lr": 0.5713418022569315}, "datetime": {"datetime": "2024-03-30 18:25:28", "elapsed": 366.669345, "delta": 8.909137}}
{"target": -93.42658765081777, "params": {"gamma": 0.40155659149400824, "lr": 0.39879211565252226}, "datetime": {"datetime": "2024-03-30 18:25:33", "elapsed": 371.642352, "delta": 4.973007}}
{"target": -78.43633833035719, "params": {"gamma": 0.6013901124777757, "lr": 0.8347697189515924}, "datetime": {"datetime": "2024-03-30 18:25:41", "elapsed": 379.838107, "delta": 8.195755}}
{"target": -341.55238187051714, "params": {"gamma": 3.6224075620216567, "lr": 0.7778385602553973}, "datetime": {"datetime": "2024-03-30 18:25:48", "elapsed": 386.190653, "delta": 6.352546}}
{"target": -253.54637951974732, "params": {"gamma": 2.486084285998863, "lr": 0.44717593089450103}, "datetime": {"datetime": "2024-03-30 18:25:51", "elapsed": 389.648366, "delta": 3.457713}}
{"target": -108.17272726546162, "params": {"gamma": 1.0414566615222662, "lr": 0.8031440535215986}, "datetime": {"datetime": "2024-03-30 18:25:55", "elapsed": 393.676741, "delta": 4.028375}}
{"target": -82.35348805276385, "params": {"gamma": 0.3103062999295857, "lr": 0.5972154590897651}, "datetime": {"datetime": "2024-03-30 18:25:59", "elapsed": 397.293231, "delta": 3.61649}}
{"target": -316.12917060356375, "params": {"gamma": 1.8714138588416849, "lr": 0.23589112344161134}, "datetime": {"datetime": "2024-03-30 18:26:07", "elapsed": 405.145371, "delta": 7.85214}}
{"target": -201.49302243895914, "params": {"gamma": 2.032878165685901, "lr": 0.710181570353466}, "datetime": {"datetime": "2024-03-30 18:26:11", "elapsed": 409.870663, "delta": 4.725292}}
{"target": -267.2239376784849, "params": {"gamma": 2.8018806591918444, "lr": 0.9990415837075297}, "datetime": {"datetime": "2024-03-30 18:26:21", "elapsed": 419.378607, "delta": 9.507944}}
{"target": -74.87640664257414, "params": {"gamma": 0.5170621205452421, "lr": 0.7160654054487023}, "datetime": {"datetime": "2024-03-30 18:26:25", "elapsed": 423.803435, "delta": 4.424828}}
{"target": -123.21039272703621, "params": {"gamma": 0.653101935903355, "lr": 0.27243020191822886}, "datetime": {"datetime": "2024-03-30 18:26:32", "elapsed": 430.711462, "delta": 6.908027}}
{"target": -144.17461355646887, "params": {"gamma": 2.2001065362767, "lr": 0.0}, "datetime": {"datetime": "2024-03-30 18:26:37", "elapsed": 435.016816, "delta": 4.305354}}
{"target": -115.51793095898395, "params": {"gamma": 0.07357119909735453, "lr": 1.0}, "datetime": {"datetime": "2024-03-30 18:26:46", "elapsed": 444.370215, "delta": 9.353399}}
{"target": -498.7801360265671, "params": {"gamma": 5.317769572997174, "lr": 0.5438421230233981}, "datetime": {"datetime": "2024-03-30 18:26:53", "elapsed": 451.395846, "delta": 7.025631}}
{"target": -832.2126609076863, "params": {"gamma": 2.3178272807522533, "lr": 0.0033080035141834774}, "datetime": {"datetime": "2024-03-30 18:27:00", "elapsed": 457.990029, "delta": 6.594183}}
{"target": -93.78359935723768, "params": {"gamma": 0.48081616326074744, "lr": 0.3605310775926681}, "datetime": {"datetime": "2024-03-30 18:27:05", "elapsed": 463.374565, "delta": 5.384536}}
{"target": -100.36041692594003, "params": {"gamma": 0.9464343265782799, "lr": 0.9320185748239229}, "datetime": {"datetime": "2024-03-30 18:27:10", "elapsed": 468.692466, "delta": 5.317901}}
{"target": -129.45198197641054, "params": {"gamma": 1.3332311245173476, "lr": 1.0}, "datetime": {"datetime": "2024-03-30 18:27:16", "elapsed": 474.804034, "delta": 6.111568}}
{"target": -420.5460338849772, "params": {"gamma": 3.5523485248318245, "lr": 0.2985518806998541}, "datetime": {"datetime": "2024-03-30 18:27:23", "elapsed": 481.454084, "delta": 6.65005}}
{"target": -144.17461355646887, "params": {"gamma": 2.127324756196295, "lr": 0.0}, "datetime": {"datetime": "2024-03-30 18:27:29", "elapsed": 487.299845, "delta": 5.845761}}
{"target": -283.88825964236094, "params": {"gamma": 2.9868282430616984, "lr": 0.6337318606829409}, "datetime": {"datetime": "2024-03-30 18:27:37", "elapsed": 495.230263, "delta": 7.930418}}
{"target": -99.62574785074969, "params": {"gamma": 0.2571497310030666, "lr": 0.4435786329942907}, "datetime": {"datetime": "2024-03-30 18:27:41", "elapsed": 499.763979, "delta": 4.533716}}
{"target": -146.36957880012787, "params": {"gamma": 1.344604430237003, "lr": 0.4057533640803702}, "datetime": {"datetime": "2024-03-30 18:27:49", "elapsed": 507.492859, "delta": 7.72888}}
{"target": -415.83863290155324, "params": {"gamma": 4.515015189852372, "lr": 1.0}, "datetime": {"datetime": "2024-03-30 18:27:53", "elapsed": 511.319382, "delta": 3.826523}}
{"target": -74.51422088594356, "params": {"gamma": 0.44985704474276234, "lr": 0.8027018525454118}, "datetime": {"datetime": "2024-03-30 18:28:00", "elapsed": 518.002042, "delta": 6.68266}}
{"target": -177.88548671635974, "params": {"gamma": 1.6858508978168707, "lr": 0.4196561406682473}, "datetime": {"datetime": "2024-03-30 18:28:07", "elapsed": 525.6591, "delta": 7.657058}}
{"target": -306.9555442344425, "params": {"gamma": 3.0271131461491625, "lr": 0.4620022984618044}, "datetime": {"datetime": "2024-03-30 18:28:11", "elapsed": 529.43311, "delta": 3.77401}}
{"target": -1301.972986804399, "params": {"gamma": 3.6321830303402183, "lr": 0.012885773846974646}, "datetime": {"datetime": "2024-03-30 18:28:14", "elapsed": 532.102412, "delta": 2.669302}}
{"target": -152.11760639286953, "params": {"gamma": 1.4224662946698037, "lr": 0.4775398604295904}, "datetime": {"datetime": "2024-03-30 18:28:17", "elapsed": 535.208408, "delta": 3.105996}}
{"target": -118.44547373050017, "params": {"gamma": 1.165954880788325, "lr": 0.56322505703455}, "datetime": {"datetime": "2024-03-30 18:28:27", "elapsed": 545.466382, "delta": 10.257974}}
{"target": -79.41008228182027, "params": {"gamma": 0.3648783502713046, "lr": 0.5204153042192808}, "datetime": {"datetime": "2024-03-30 18:28:34", "elapsed": 552.334876, "delta": 6.868494}}
{"target": -463.9813423827311, "params": {"gamma": 4.792424454884676, "lr": 0.7172830068811507}, "datetime": {"datetime": "2024-03-30 18:28:38", "elapsed": 556.267402, "delta": 3.932526}}
{"target": -134.29847596172874, "params": {"gamma": 1.3572792270284528, "lr": 0.5929617933406088}, "datetime": {"datetime": "2024-03-30 18:28:44", "elapsed": 562.92765, "delta": 6.660248}}
{"target": -384.5913845053558, "params": {"gamma": 3.2225236282848475, "lr": 0.3005249847647573}, "datetime": {"datetime": "2024-03-30 18:28:50", "elapsed": 568.092269, "delta": 5.164619}}
{"target": -177.26055493461257, "params": {"gamma": 1.798763567432329, "lr": 0.7385477850233056}, "datetime": {"datetime": "2024-03-30 18:28:53", "elapsed": 571.162024, "delta": 3.069755}}
{"target": -337.3568747671293, "params": {"gamma": 3.650767819410591, "lr": 1.0}, "datetime": {"datetime": "2024-03-30 18:28:58", "elapsed": 576.737709, "delta": 5.575685}}
{"target": -144.17461355646887, "params": {"gamma": 0.7758249503220794, "lr": 0.0}, "datetime": {"datetime": "2024-03-30 18:29:06", "elapsed": 584.805719, "delta": 8.06801}}
{"target": -144.17461355646887, "params": {"gamma": 0.9350641573910685, "lr": 0.0}, "datetime": {"datetime": "2024-03-30 18:29:10", "elapsed": 588.83948, "delta": 4.033761}}
{"target": -224.62646565463544, "params": {"gamma": 2.2896099525832776, "lr": 0.872149223809562}, "datetime": {"datetime": "2024-03-30 18:29:18", "elapsed": 595.980465, "delta": 7.140985}}
{"target": -143.7307088060233, "params": {"gamma": 0.0012744161193384011, "lr": 0.5436071848110313}, "datetime": {"datetime": "2024-03-30 18:29:24", "elapsed": 602.786077, "delta": 6.805612}}
{"target": -452.73092760137297, "params": {"gamma": 4.113439008764703, "lr": 0.36548733047580817}, "datetime": {"datetime": "2024-03-30 18:29:32", "elapsed": 610.478062, "delta": 7.691985}}
{"target": -188.70303233183458, "params": {"gamma": 0.9716729142250585, "lr": 0.21030546132544875}, "datetime": {"datetime": "2024-03-30 18:29:39", "elapsed": 617.665301, "delta": 7.187239}}
{"target": -287.3581484291499, "params": {"gamma": 2.801367041291134, "lr": 0.41763023486639433}, "datetime": {"datetime": "2024-03-30 18:29:45", "elapsed": 623.28488, "delta": 5.619579}}
{"target": -373.17160805538555, "params": {"gamma": 3.65684777697522, "lr": 0.4407366847704581}, "datetime": {"datetime": "2024-03-30 18:29:50", "elapsed": 628.785349, "delta": 5.500469}}
{"target": -90.60187554378277, "params": {"gamma": 0.2294057151182201, "lr": 0.6019126119595994}, "datetime": {"datetime": "2024-03-30 18:29:53", "elapsed": 631.895902, "delta": 3.110553}}
{"target": -94.26749447714889, "params": {"gamma": 0.8553682157615955, "lr": 0.5503687100357213}, "datetime": {"datetime": "2024-03-30 18:30:00", "elapsed": 638.3649, "delta": 6.468998}}
{"target": -77.63192793018491, "params": {"gamma": 0.47098486515864063, "lr": 0.6406894625862363}, "datetime": {"datetime": "2024-03-30 18:30:05", "elapsed": 643.758389, "delta": 5.393489}}
{"target": -207.3508362169331, "params": {"gamma": 1.5711921537507094, "lr": 0.2878095237017857}, "datetime": {"datetime": "2024-03-30 18:30:13", "elapsed": 651.232521, "delta": 7.474132}}
{"target": -122.14134052171156, "params": {"gamma": 0.21859767193058272, "lr": 0.22526377107868734}, "datetime": {"datetime": "2024-03-30 18:30:18", "elapsed": 656.200043, "delta": 4.967522}}
{"target": -249.44677024733775, "params": {"gamma": 2.233780668984685, "lr": 0.34775625374848795}, "datetime": {"datetime": "2024-03-30 18:30:28", "elapsed": 666.386223, "delta": 10.18618}}
{"target": -338.90501799182346, "params": {"gamma": 3.6024656304127047, "lr": 0.5746459553781221}, "datetime": {"datetime": "2024-03-30 18:30:34", "elapsed": 672.950303, "delta": 6.56408}}
{"target": -482.5629556429971, "params": {"gamma": 5.134023012259063, "lr": 0.9983701146845395}, "datetime": {"datetime": "2024-03-30 18:30:43", "elapsed": 681.347635, "delta": 8.397332}}
{"target": -143.9862893996766, "params": {"gamma": 0.001, "lr": 0.22435312081680772}, "datetime": {"datetime": "2024-03-30 18:30:54", "elapsed": 692.885467, "delta": 11.537832}}
{"target": -460.95880174971995, "params": {"gamma": 1.3002497653364815, "lr": 0.09806845986787338}, "datetime": {"datetime": "2024-03-30 18:31:02", "elapsed": 700.278164, "delta": 7.392697}}
{"target": -206.7901907601205, "params": {"gamma": 2.16720137783672, "lr": 0.5842196501583911}, "datetime": {"datetime": "2024-03-30 18:31:06", "elapsed": 704.253946, "delta": 3.975782}}
{"target": -125.40361618318622, "params": {"gamma": 1.248472030792543, "lr": 0.5202043990738864}, "datetime": {"datetime": "2024-03-30 18:31:11", "elapsed": 709.82123, "delta": 5.567284}}
{"target": -372.5595972596145, "params": {"gamma": 3.860405504205809, "lr": 0.8648326547507652}, "datetime": {"datetime": "2024-03-30 18:31:14", "elapsed": 712.473176, "delta": 2.651946}}
{"target": -144.3532113967047, "params": {"gamma": 0.930816171069514, "lr": 0.31959643586595987}, "datetime": {"datetime": "2024-03-30 18:31:18", "elapsed": 716.32167, "delta": 3.848494}}
{"target": -95.7157048951349, "params": {"gamma": 0.8948896449953619, "lr": 0.7819448023749889}, "datetime": {"datetime": "2024-03-30 18:31:21", "elapsed": 719.946704, "delta": 3.625034}}
{"target": -168.27604725762265, "params": {"gamma": 1.7220062284511035, "lr": 0.9469483456629787}, "datetime": {"datetime": "2024-03-30 18:31:26", "elapsed": 724.252012, "delta": 4.305308}}
{"target": -209.84474224443247, "params": {"gamma": 2.177381307488324, "lr": 0.998159977698805}, "datetime": {"datetime": "2024-03-30 18:31:30", "elapsed": 728.827009, "delta": 4.574997}}
{"target": -280.0498410035684, "params": {"gamma": 2.8622580628263194, "lr": 0.6995773306703272}, "datetime": {"datetime": "2024-03-30 18:31:38", "elapsed": 736.209388, "delta": 7.382379}}
{"target": -801.3696115714721, "params": {"gamma": 7.31378637808098, "lr": 0.34765318737531414}, "datetime": {"datetime": "2024-03-30 18:31:44", "elapsed": 742.369714, "delta": 6.160326}}
{"target": -114.66193385968693, "params": {"gamma": 1.105759558579486, "lr": 0.8520257834585047}, "datetime": {"datetime": "2024-03-30 18:31:52", "elapsed": 750.636319, "delta": 8.266605}}
{"target": -93.55508440217402, "params": {"gamma": 0.8582557936142293, "lr": 0.9506679885286718}, "datetime": {"datetime": "2024-03-30 18:31:58", "elapsed": 756.062933, "delta": 5.426614}}
{"target": -217.67577197804812, "params": {"gamma": 1.670404018065996, "lr": 0.2950423207591131}, "datetime": {"datetime": "2024-03-30 18:32:04", "elapsed": 762.290268, "delta": 6.227335}}
{"target": -144.17461355646887, "params": {"gamma": 1.1086570643466334, "lr": 0.0}, "datetime": {"datetime": "2024-03-30 18:32:09", "elapsed": 767.720426, "delta": 5.430158}}
{"target": -74.61511130393545, "params": {"gamma": 0.46433445882103525, "lr": 0.8904857645728839}, "datetime": {"datetime": "2024-03-30 18:32:14", "elapsed": 772.703405, "delta": 4.982979}}
{"target": -223.16969776456287, "params": {"gamma": 2.322689993775123, "lr": 0.9998009367028671}, "datetime": {"datetime": "2024-03-30 18:32:23", "elapsed": 781.231128, "delta": 8.527723}}
{"target": -143.7484027387797, "params": {"gamma": 0.0050729380760901385, "lr": 0.054686245922822785}, "datetime": {"datetime": "2024-03-30 18:32:31", "elapsed": 789.108737, "delta": 7.877609}}
{"target": -333.9766295349166, "params": {"gamma": 3.4290731165393327, "lr": 0.7205655379135241}, "datetime": {"datetime": "2024-03-30 18:32:33", "elapsed": 791.897872, "delta": 2.789135}}
{"target": -131.69574823631012, "params": {"gamma": 1.3149575619197318, "lr": 0.9311127169270662}, "datetime": {"datetime": "2024-03-30 18:32:43", "elapsed": 801.119164, "delta": 9.221292}}
{"target": -74.48139113366162, "params": {"gamma": 0.48175177289774435, "lr": 0.997133279658223}, "datetime": {"datetime": "2024-03-30 18:32:47", "elapsed": 805.257926, "delta": 4.138762}}
{"target": -96.96643784865897, "params": {"gamma": 0.5859867327306393, "lr": 0.36895936932995976}, "datetime": {"datetime": "2024-03-30 18:32:51", "elapsed": 809.25619, "delta": 3.998264}}
{"target": -183.63231657244825, "params": {"gamma": 1.7633904716794397, "lr": 0.4977673668077677}, "datetime": {"datetime": "2024-03-30 18:33:01", "elapsed": 819.890349, "delta": 10.634159}}
{"target": -548.0772797846182, "params": {"gamma": 5.445503726697863, "lr": 0.4894259029020167}, "datetime": {"datetime": "2024-03-30 18:33:08", "elapsed": 826.797041, "delta": 6.906692}}
{"target": -102.51405185049789, "params": {"gamma": 0.1552701747363614, "lr": 0.5073977452836368}, "datetime": {"datetime": "2024-03-30 18:33:17", "elapsed": 835.751548, "delta": 8.954507}}
{"target": -99.04997896438339, "params": {"gamma": 0.9195448783803462, "lr": 0.623924883393875}, "datetime": {"datetime": "2024-03-30 18:33:25", "elapsed": 843.60035, "delta": 7.848802}}
{"target": -145.43518620719743, "params": {"gamma": 1.4691282760370517, "lr": 0.9470262750528221}, "datetime": {"datetime": "2024-03-30 18:33:34", "elapsed": 852.615433, "delta": 9.015083}}
{"target": -158.02272923664097, "params": {"gamma": 1.6088598469736424, "lr": 0.9313047875655932}, "datetime": {"datetime": "2024-03-30 18:33:42", "elapsed": 860.084224, "delta": 7.468791}}
{"target": -144.17461355646887, "params": {"gamma": 0.3955801781537147, "lr": 0.0}, "datetime": {"datetime": "2024-03-30 18:33:46", "elapsed": 864.404826, "delta": 4.320602}}
{"target": -82.37235429128756, "params": {"gamma": 0.6804786598259276, "lr": 0.6979057006401861}, "datetime": {"datetime": "2024-03-30 18:33:49", "elapsed": 867.753852, "delta": 3.349026}}
{"target": -133.94830298500577, "params": {"gamma": 1.2023902582206971, "lr": 0.42549375607482054}, "datetime": {"datetime": "2024-03-30 18:33:53", "elapsed": 871.469628, "delta": 3.715776}}
{"target": -88.00208124812191, "params": {"gamma": 0.7525351672446804, "lr": 0.6388925285006203}, "datetime": {"datetime": "2024-03-30 18:34:01", "elapsed": 878.983054, "delta": 7.513426}}
{"target": -84.11194969099878, "params": {"gamma": 0.6915255861281677, "lr": 0.5537067325268675}, "datetime": {"datetime": "2024-03-30 18:34:11", "elapsed": 889.399729, "delta": 10.416675}}
{"target": -342.6405324101926, "params": {"gamma": 3.353138118895955, "lr": 0.4237044308338007}, "datetime": {"datetime": "2024-03-30 18:34:15", "elapsed": 893.916972, "delta": 4.517243}}
{"target": -102.42635723292342, "params": {"gamma": 0.22360986448990966, "lr": 0.3594419042735276}, "datetime": {"datetime": "2024-03-30 18:34:27", "elapsed": 905.742475, "delta": 11.825503}}
{"target": -178.6269580714133, "params": {"gamma": 1.835804758706553, "lr": 0.9987379752349104}, "datetime": {"datetime": "2024-03-30 18:34:32", "elapsed": 910.747257, "delta": 5.004782}}
{"target": -125.43425991438613, "params": {"gamma": 1.1117907509958784, "lr": 0.45096788380676656}, "datetime": {"datetime": "2024-03-30 18:34:39", "elapsed": 917.949755, "delta": 7.202498}}
{"target": -109.16276534692079, "params": {"gamma": 0.34348034979344316, "lr": 0.30838089172300986}, "datetime": {"datetime": "2024-03-30 18:34:46", "elapsed": 924.286431, "delta": 6.336676}}
{"target": -275.9766287743277, "params": {"gamma": 2.8968963019242193, "lr": 0.8056872655977948}, "datetime": {"datetime": "2024-03-30 18:34:52", "elapsed": 930.796101, "delta": 6.50967}}
{"target": -77.4140047496861, "params": {"gamma": 0.44270176759507107, "lr": 0.5557390554711742}, "datetime": {"datetime": "2024-03-30 18:34:57", "elapsed": 935.13376, "delta": 4.337659}}
{"target": -102.22056628133215, "params": {"gamma": 0.1435653795576329, "lr": 0.8575461568200696}, "datetime": {"datetime": "2024-03-30 18:35:01", "elapsed": 939.486814, "delta": 4.353054}}
