{"target": -219.37190579879424, "params": {"gamma": 5.695374633041013, "prior": 1.693617224474527, "rate": 4.6693333476103005}, "datetime": {"datetime": "2024-04-12 13:57:19", "elapsed": 0.766158, "delta": 0.007543}}
{"target": -159.70622745637482, "params": {"gamma": 3.452375339500995, "prior": 2.327895582359438, "rate": 5.925526175789202}, "datetime": {"datetime": "2024-04-12 13:57:19", "elapsed": 0.773729, "delta": 0.007571}}
{"target": -130.68974904231465, "params": {"gamma": 3.1233861071814677, "prior": 9.171424979336672, "rate": 9.09644561399062}, "datetime": {"datetime": "2024-04-12 13:57:19", "elapsed": 0.781554, "delta": 0.007825}}
{"target": -133.92196264140796, "params": {"gamma": 2.57192581952818, "prior": 1.1978238773658891, "rate": 1.9304343574591094}, "datetime": {"datetime": "2024-04-12 13:57:19", "elapsed": 0.789175, "delta": 0.007621}}
{"target": -139.6568206599548, "params": {"gamma": 4.996342122618183, "prior": 7.312998112948502, "rate": 2.082736189649506}, "datetime": {"datetime": "2024-04-12 13:57:19", "elapsed": 0.796624, "delta": 0.007449}}
{"target": -117.15779341077396, "params": {"gamma": 2.48108755021393, "prior": 8.531551561870033, "rate": 4.159071333957006}, "datetime": {"datetime": "2024-04-12 13:57:19", "elapsed": 0.804158, "delta": 0.007534}}
{"target": -161.3900553619677, "params": {"gamma": 6.167233986485208, "prior": 2.413294778468576, "rate": 1.0205706269985484}, "datetime": {"datetime": "2024-04-12 13:57:19", "elapsed": 0.811772, "delta": 0.007614}}
{"target": -142.16564809137162, "params": {"gamma": 5.159054312668331, "prior": 4.8236957717928455, "rate": 1.5275637692875392}, "datetime": {"datetime": "2024-04-12 13:57:19", "elapsed": 0.819374, "delta": 0.007602}}
{"target": -192.60433897122442, "params": {"gamma": 6.218440511172415, "prior": 5.485700176257987, "rate": 6.541719332360473}, "datetime": {"datetime": "2024-04-12 13:57:19", "elapsed": 0.826898, "delta": 0.007524}}
{"target": -118.64521214167878, "params": {"gamma": 1.4463108557064734, "prior": 7.540125389638914, "rate": 2.221269348859427}, "datetime": {"datetime": "2024-04-12 13:57:19", "elapsed": 0.834606, "delta": 0.007708}}
{"target": -166.1594423835015, "params": {"gamma": 5.193998891835965, "prior": 7.8744306793940275, "rate": 0.22428194949007}, "datetime": {"datetime": "2024-04-12 13:57:19", "elapsed": 0.842262, "delta": 0.007656}}
{"target": -131.55759830526293, "params": {"gamma": 3.2443002348021386, "prior": 8.7419315263611, "rate": 8.447251366413093}, "datetime": {"datetime": "2024-04-12 13:57:19", "elapsed": 0.849892, "delta": 0.00763}}
{"target": -171.2119300693776, "params": {"gamma": 5.384867485352843, "prior": 8.67942191424848, "rate": 9.498110107544912}, "datetime": {"datetime": "2024-04-12 13:57:19", "elapsed": 0.857471, "delta": 0.007579}}
{"target": -196.58687843014053, "params": {"gamma": 8.264243569295784, "prior": 8.555742893981733, "rate": 0.9883352748016633}, "datetime": {"datetime": "2024-04-12 13:57:19", "elapsed": 0.865149, "delta": 0.007678}}
{"target": -186.1275405927061, "params": {"gamma": 6.51339201907757, "prior": 7.064818182711264, "rate": 6.102797885653651}, "datetime": {"datetime": "2024-04-12 13:57:19", "elapsed": 0.872843, "delta": 0.007694}}
{"target": -364.0833436936566, "params": {"gamma": 7.996353002098545, "prior": 0.4422550767291791, "rate": 7.702617106815245}, "datetime": {"datetime": "2024-04-12 13:57:19", "elapsed": 0.88042, "delta": 0.007577}}
{"target": -208.26345222850924, "params": {"gamma": 7.317554278794531, "prior": 2.671014093653696, "rate": 2.571435918922645}, "datetime": {"datetime": "2024-04-12 13:57:19", "elapsed": 0.887995, "delta": 0.007575}}
{"target": -226.7629974842811, "params": {"gamma": 6.323400870983849, "prior": 3.5184448697517077, "rate": 7.966090191394868}, "datetime": {"datetime": "2024-04-12 13:57:19", "elapsed": 0.895578, "delta": 0.007583}}
{"target": -158.0950627723638, "params": {"gamma": 4.46201617380257, "prior": 7.849219206363302, "rate": 9.904727364454784}, "datetime": {"datetime": "2024-04-12 13:57:19", "elapsed": 0.903149, "delta": 0.007571}}
{"target": -166.20712687612382, "params": {"gamma": 3.0031831469994668, "prior": 1.515757699755184, "rate": 9.01318305505639}, "datetime": {"datetime": "2024-04-12 13:57:19", "elapsed": 0.910668, "delta": 0.007519}}
{"target": -155.78781365340413, "params": {"gamma": 5.416052229494846, "prior": 9.749929671465313, "rate": 6.366407395618971}, "datetime": {"datetime": "2024-04-12 13:57:19", "elapsed": 0.918294, "delta": 0.007626}}
{"target": -270.8721297066118, "params": {"gamma": 9.939136333080178, "prior": 5.506100961015221, "rate": 5.264732913121308}, "datetime": {"datetime": "2024-04-12 13:57:19", "elapsed": 0.92585, "delta": 0.007556}}
{"target": -123.15958515678284, "params": {"gamma": 1.3551436028186268, "prior": 3.6214811927404233, "rate": 0.2631594543964365}, "datetime": {"datetime": "2024-04-12 13:57:19", "elapsed": 0.933535, "delta": 0.007685}}
{"target": -124.35688326057407, "params": {"gamma": 1.6047914000169714, "prior": 7.481808207804211, "rate": 0.3049664995979595}, "datetime": {"datetime": "2024-04-12 13:57:19", "elapsed": 0.941178, "delta": 0.007643}}
{"target": -132.8496049718746, "params": {"gamma": 3.6660644293402, "prior": 8.637227903096637, "rate": 6.927084497356036}, "datetime": {"datetime": "2024-04-12 13:57:19", "elapsed": 0.948842, "delta": 0.007664}}
{"target": -242.02665324713158, "params": {"gamma": 6.90973047851962, "prior": 1.9675043294575778, "rate": 4.419600903203486}, "datetime": {"datetime": "2024-04-12 13:57:19", "elapsed": 0.956438, "delta": 0.007596}}
{"target": -152.7765642799086, "params": {"gamma": 5.816192496035568, "prior": 9.898541905870681, "rate": 2.0398583461059854}, "datetime": {"datetime": "2024-04-12 13:57:19", "elapsed": 0.963987, "delta": 0.007549}}
{"target": -142.357210153931, "params": {"gamma": 2.478081284721786, "prior": 2.695513529351828, "rate": 7.50197396056663}, "datetime": {"datetime": "2024-04-12 13:57:19", "elapsed": 0.971585, "delta": 0.007598}}
{"target": -218.58487588399026, "params": {"gamma": 4.570296299029493, "prior": 0.6636014402698404, "rate": 5.085653889861787}, "datetime": {"datetime": "2024-04-12 13:57:19", "elapsed": 0.979127, "delta": 0.007542}}
{"target": -115.9302723464136, "params": {"gamma": 2.120389686272116, "prior": 8.006182023126081, "rate": 2.9740164836912153}, "datetime": {"datetime": "2024-04-12 13:57:19", "elapsed": 0.986641, "delta": 0.007514}}
{"target": -135.51048879286697, "params": {"gamma": 0.2770325135330818, "prior": 5.9749812496997485, "rate": 8.438560448882956}, "datetime": {"datetime": "2024-04-12 13:57:19", "elapsed": 0.994235, "delta": 0.007594}}
{"target": -131.48105696944566, "params": {"gamma": 3.81078022449808, "prior": 7.52359727618882, "rate": 5.111903641492986}, "datetime": {"datetime": "2024-04-12 13:57:19", "elapsed": 1.001922, "delta": 0.007687}}
{"target": -162.5130926275809, "params": {"gamma": 5.409977097816925, "prior": 9.598399778511348, "rate": 8.039804954094969}, "datetime": {"datetime": "2024-04-12 13:57:19", "elapsed": 1.009678, "delta": 0.007756}}
{"target": -134.59972806994915, "params": {"gamma": 0.3241983431691163, "prior": 7.1229337871898215, "rate": 4.650549814153498}, "datetime": {"datetime": "2024-04-12 13:57:19", "elapsed": 1.017404, "delta": 0.007726}}
{"target": -269.3317032996827, "params": {"gamma": 9.475541865009603, "prior": 2.2921840698025346, "rate": 2.6714531248239735}, "datetime": {"datetime": "2024-04-12 13:57:19", "elapsed": 1.025038, "delta": 0.007634}}
{"target": -125.84320758658097, "params": {"gamma": 0.8156581748077427, "prior": 4.343326403771487, "rate": 1.091078621426664}, "datetime": {"datetime": "2024-04-12 13:57:19", "elapsed": 1.032727, "delta": 0.007689}}
{"target": -182.456958578519, "params": {"gamma": 6.3382338193585674, "prior": 8.049336050000004, "rate": 6.968308160705665}, "datetime": {"datetime": "2024-04-12 13:57:19", "elapsed": 1.040443, "delta": 0.007716}}
{"target": -267.1497522424451, "params": {"gamma": 7.66234759937663, "prior": 3.4902957864508464, "rate": 8.45866897879375}, "datetime": {"datetime": "2024-04-12 13:57:19", "elapsed": 1.04805, "delta": 0.007607}}
{"target": -140.36957823022354, "params": {"gamma": 4.2882589812194265, "prior": 8.257697717081955, "rate": 6.265335090084314}, "datetime": {"datetime": "2024-04-12 13:57:19", "elapsed": 1.055628, "delta": 0.007578}}
{"target": -119.34858940079633, "params": {"gamma": 1.435087063653779, "prior": 0.8760303085639848, "rate": 0.1843080964871599}, "datetime": {"datetime": "2024-04-12 13:57:19", "elapsed": 1.063292, "delta": 0.007664}}
{"target": -128.2323365210203, "params": {"gamma": 0.6681832513959254, "prior": 4.639979755713475, "rate": 1.1343058857531372}, "datetime": {"datetime": "2024-04-12 13:57:19", "elapsed": 1.071075, "delta": 0.007783}}
{"target": -135.68452176895735, "params": {"gamma": 0.27880570513785086, "prior": 7.573128665765627, "rate": 3.949109954125934}, "datetime": {"datetime": "2024-04-12 13:57:19", "elapsed": 1.078758, "delta": 0.007683}}
{"target": -212.6561283071308, "params": {"gamma": 7.469638017579644, "prior": 4.57880778478987, "rate": 4.501417383260611}, "datetime": {"datetime": "2024-04-12 13:57:19", "elapsed": 1.08648, "delta": 0.007722}}
{"target": -175.14674812447623, "params": {"gamma": 4.7812469946715925, "prior": 4.79263887296572, "rate": 8.031830257799582}, "datetime": {"datetime": "2024-04-12 13:57:19", "elapsed": 1.094265, "delta": 0.007785}}
{"target": -145.6393734358637, "params": {"gamma": 4.024522806057501, "prior": 9.056392987401868, "rate": 0.3715734184924046}, "datetime": {"datetime": "2024-04-12 13:57:19", "elapsed": 1.101996, "delta": 0.007731}}
{"target": -306.88195890147404, "params": {"gamma": 7.738969552861467, "prior": 1.3438496732636145, "rate": 6.185517155553943}, "datetime": {"datetime": "2024-04-12 13:57:19", "elapsed": 1.109835, "delta": 0.007839}}
{"target": -140.28217574248873, "params": {"gamma": 0.10463224909098416, "prior": 5.4324100975058345, "rate": 0.031176548239344033}, "datetime": {"datetime": "2024-04-12 13:57:19", "elapsed": 1.117628, "delta": 0.007793}}
{"target": -256.4742792834142, "params": {"gamma": 9.511986661116556, "prior": 9.063480133657503, "rate": 7.959873452480752}, "datetime": {"datetime": "2024-04-12 13:57:19", "elapsed": 1.125361, "delta": 0.007733}}
{"target": -254.76276149007302, "params": {"gamma": 9.15282792482796, "prior": 1.541026488468131, "rate": 1.5781429686354622}, "datetime": {"datetime": "2024-04-12 13:57:19", "elapsed": 1.133171, "delta": 0.00781}}
{"target": -125.99691961376442, "params": {"gamma": 1.8771290973514374, "prior": 6.262709432769219, "rate": 9.05818915058701}, "datetime": {"datetime": "2024-04-12 13:57:19", "elapsed": 1.140947, "delta": 0.007776}}
{"target": -273.26263149118193, "params": {"gamma": 9.899561828412377, "prior": 7.1401123417815775, "rate": 7.318272291013812}, "datetime": {"datetime": "2024-04-12 13:57:19", "elapsed": 1.148743, "delta": 0.007796}}
{"target": -232.56584518890298, "params": {"gamma": 9.093022752238, "prior": 4.0686499504740965, "rate": 2.4992569515701426}, "datetime": {"datetime": "2024-04-12 13:57:19", "elapsed": 1.156637, "delta": 0.007894}}
{"target": -138.6788169029611, "params": {"gamma": 1.7351282777004415, "prior": 1.2826247983039172, "rate": 8.126293269740254}, "datetime": {"datetime": "2024-04-12 13:57:19", "elapsed": 1.164506, "delta": 0.007869}}
{"target": -130.34507880324784, "params": {"gamma": 1.4687769417990144, "prior": 2.716545078996317, "rate": 8.191072697156674}, "datetime": {"datetime": "2024-04-12 13:57:19", "elapsed": 1.172406, "delta": 0.0079}}
{"target": -119.23147750756726, "params": {"gamma": 3.106561930690306, "prior": 9.825932748000135, "rate": 2.6671203828142005}, "datetime": {"datetime": "2024-04-12 13:57:19", "elapsed": 1.18005, "delta": 0.007644}}
{"target": -210.72226654990598, "params": {"gamma": 5.336999796367143, "prior": 3.2132234107399116, "rate": 9.1078175389072}, "datetime": {"datetime": "2024-04-12 13:57:19", "elapsed": 1.187764, "delta": 0.007714}}
{"target": -141.85923508822512, "params": {"gamma": 3.666199881868493, "prior": 4.392564040004329, "rate": 5.123414630091336}, "datetime": {"datetime": "2024-04-12 13:57:19", "elapsed": 1.195421, "delta": 0.007657}}
{"target": -420.0264303138877, "params": {"gamma": 9.388925887219763, "prior": 0.4063951620843921, "rate": 7.1690697576532605}, "datetime": {"datetime": "2024-04-12 13:57:19", "elapsed": 1.203264, "delta": 0.007843}}
{"target": -394.79759721828907, "params": {"gamma": 8.910298523969097, "prior": 0.37014351282294133, "rate": 5.220990421277856}, "datetime": {"datetime": "2024-04-12 13:57:19", "elapsed": 1.211004, "delta": 0.00774}}
{"target": -124.69112570023442, "params": {"gamma": 3.2605721278884827, "prior": 8.6089442765693, "rate": 5.585606992674257}, "datetime": {"datetime": "2024-04-12 13:57:19", "elapsed": 1.218894, "delta": 0.00789}}
{"target": -214.98342953665474, "params": {"gamma": 6.902588453759316, "prior": 4.58324964952022, "rate": 6.2834620661760505}, "datetime": {"datetime": "2024-04-12 13:57:19", "elapsed": 1.22656, "delta": 0.007666}}
{"target": -176.7720431196279, "params": {"gamma": 2.901678420022571, "prior": 0.19255092186850625, "rate": 5.767982593935921}, "datetime": {"datetime": "2024-04-12 13:57:19", "elapsed": 1.23449, "delta": 0.00793}}
{"target": -143.68420153998125, "params": {"gamma": 3.1151306971104957, "prior": 5.220949225161185, "rate": 9.164142124685924}, "datetime": {"datetime": "2024-04-12 13:57:19", "elapsed": 1.242242, "delta": 0.007752}}
{"target": -159.21921314420098, "params": {"gamma": 4.265321410225459, "prior": 2.549220762363616, "rate": 3.7135663190292654}, "datetime": {"datetime": "2024-04-12 13:57:19", "elapsed": 1.250116, "delta": 0.007874}}
{"target": -252.87222519348907, "params": {"gamma": 9.31867930524877, "prior": 9.374996974960027, "rate": 8.443455155708566}, "datetime": {"datetime": "2024-04-12 13:57:19", "elapsed": 1.257854, "delta": 0.007738}}
{"target": -220.5926126229728, "params": {"gamma": 9.202144936542298, "prior": 2.356212870518038, "rate": 0.8757346133263552}, "datetime": {"datetime": "2024-04-12 13:57:19", "elapsed": 1.265654, "delta": 0.0078}}
{"target": -117.34298830480277, "params": {"gamma": 2.273870053110603, "prior": 3.2123284995290997, "rate": 1.7484839976867594}, "datetime": {"datetime": "2024-04-12 13:57:19", "elapsed": 1.273485, "delta": 0.007831}}
{"target": -212.5171028363059, "params": {"gamma": 6.071334525562633, "prior": 4.194505508511497, "rate": 8.163698766760314}, "datetime": {"datetime": "2024-04-12 13:57:19", "elapsed": 1.28127, "delta": 0.007785}}
{"target": -116.40926602497636, "params": {"gamma": 1.8521188522920375, "prior": 7.048577644587473, "rate": 2.4043158928665394}, "datetime": {"datetime": "2024-04-12 13:57:19", "elapsed": 1.289075, "delta": 0.007805}}
{"target": -153.497472128207, "params": {"gamma": 5.742616669319757, "prior": 3.55497721248581, "rate": 0.5705870304288444}, "datetime": {"datetime": "2024-04-12 13:57:19", "elapsed": 1.296721, "delta": 0.007646}}
{"target": -120.01972058774724, "params": {"gamma": 2.288907895932798, "prior": 6.674615298012455, "rate": 4.973003683511953}, "datetime": {"datetime": "2024-04-12 13:57:19", "elapsed": 1.3045, "delta": 0.007779}}
{"target": -210.58838577226408, "params": {"gamma": 5.190640824752714, "prior": 1.8297294860783329, "rate": 5.7075877996110185}, "datetime": {"datetime": "2024-04-12 13:57:19", "elapsed": 1.312281, "delta": 0.007781}}
{"target": -259.5791973885682, "params": {"gamma": 9.967537498656892, "prior": 8.186667577037056, "rate": 5.944131865685947}, "datetime": {"datetime": "2024-04-12 13:57:19", "elapsed": 1.319993, "delta": 0.007712}}
{"target": -250.87624480960991, "params": {"gamma": 9.759914694240718, "prior": 9.025469588226281, "rate": 5.956483728092853}, "datetime": {"datetime": "2024-04-12 13:57:19", "elapsed": 1.327704, "delta": 0.007711}}
{"target": -134.58183367767398, "params": {"gamma": 0.32523082681925664, "prior": 1.0264132485930595, "rate": 0.6546517787072217}, "datetime": {"datetime": "2024-04-12 13:57:19", "elapsed": 1.335452, "delta": 0.007748}}
{"target": -185.066501402165, "params": {"gamma": 4.517879753766062, "prior": 3.816804848361792, "rate": 9.753524992668595}, "datetime": {"datetime": "2024-04-12 13:57:19", "elapsed": 1.343096, "delta": 0.007644}}
{"target": -119.95895047020997, "params": {"gamma": 1.6806649487029495, "prior": 9.730597160133286, "rate": 7.674981213761269}, "datetime": {"datetime": "2024-04-12 13:57:19", "elapsed": 1.350782, "delta": 0.007686}}
{"target": -233.9041767349721, "params": {"gamma": 8.242554158405353, "prior": 6.362896586102173, "rate": 6.6876589692971145}, "datetime": {"datetime": "2024-04-12 13:57:19", "elapsed": 1.358448, "delta": 0.007666}}
{"target": -237.37066290821255, "params": {"gamma": 4.769346452878413, "prior": 0.23004993353841524, "rate": 3.530707849332706}, "datetime": {"datetime": "2024-04-12 13:57:19", "elapsed": 1.36611, "delta": 0.007662}}
{"target": -146.6727382344894, "params": {"gamma": 4.9212259431340915, "prior": 7.327902989792033, "rate": 4.686814799118347}, "datetime": {"datetime": "2024-04-12 13:57:19", "elapsed": 1.373724, "delta": 0.007614}}
{"target": -146.4602533120612, "params": {"gamma": 4.574591755978228, "prior": 1.4628611353614713, "rate": 0.10987644930098642}, "datetime": {"datetime": "2024-04-12 13:57:19", "elapsed": 1.381352, "delta": 0.007628}}
{"target": -278.1642022053136, "params": {"gamma": 7.583024326509486, "prior": 3.267533096969016, "rate": 9.843850118484914}, "datetime": {"datetime": "2024-04-12 13:57:19", "elapsed": 1.389104, "delta": 0.007752}}
{"target": -128.96820332563652, "params": {"gamma": 2.2031220273654006, "prior": 3.453209452268629, "rate": 5.239437460525651}, "datetime": {"datetime": "2024-04-12 13:57:19", "elapsed": 1.396865, "delta": 0.007761}}
{"target": -182.3786883353105, "params": {"gamma": 7.549159679148268, "prior": 4.692192060612927, "rate": 1.2491006085736511}, "datetime": {"datetime": "2024-04-12 13:57:19", "elapsed": 1.404651, "delta": 0.007786}}
{"target": -137.05973727147105, "params": {"gamma": 3.125701283542003, "prior": 5.094739780039847, "rate": 6.73881623116066}, "datetime": {"datetime": "2024-04-12 13:57:19", "elapsed": 1.412373, "delta": 0.007722}}
{"target": -184.60201316621243, "params": {"gamma": 7.70172941316461, "prior": 1.3903242314481075, "rate": 0.23012839809249527}, "datetime": {"datetime": "2024-04-12 13:57:19", "elapsed": 1.420054, "delta": 0.007681}}
{"target": -170.55576270359504, "params": {"gamma": 5.191304139797683, "prior": 8.118888235557922, "rate": 0.12702506653173326}, "datetime": {"datetime": "2024-04-12 13:57:19", "elapsed": 1.42779, "delta": 0.007736}}
{"target": -181.5205171961321, "params": {"gamma": 6.725025976692686, "prior": 6.899401443904219, "rate": 4.49301828911279}, "datetime": {"datetime": "2024-04-12 13:57:19", "elapsed": 1.435527, "delta": 0.007737}}
{"target": -241.59861384604093, "params": {"gamma": 9.1479720787326, "prior": 6.47917473909423, "rate": 0.05339313667700704}, "datetime": {"datetime": "2024-04-12 13:57:19", "elapsed": 1.443233, "delta": 0.007706}}
{"target": -156.32574837750087, "params": {"gamma": 4.844800026698242, "prior": 8.60724628036624, "rate": 8.304165300803357}, "datetime": {"datetime": "2024-04-12 13:57:19", "elapsed": 1.45088, "delta": 0.007647}}
{"target": -185.28038281722402, "params": {"gamma": 6.491892816927667, "prior": 6.769614396596453, "rate": 5.7854172983122165}, "datetime": {"datetime": "2024-04-12 13:57:19", "elapsed": 1.458501, "delta": 0.007621}}
{"target": -130.08582574754848, "params": {"gamma": 2.741923631893355, "prior": 5.649246906306982, "rate": 6.717626118389386}, "datetime": {"datetime": "2024-04-12 13:57:19", "elapsed": 1.466076, "delta": 0.007575}}
{"target": -123.19275903965305, "params": {"gamma": 3.5249438725338718, "prior": 8.572700835813885, "rate": 1.9511798226010642}, "datetime": {"datetime": "2024-04-12 13:57:19", "elapsed": 1.473761, "delta": 0.007685}}
{"target": -266.33344901002306, "params": {"gamma": 7.473460782508901, "prior": 2.9670671872500867, "rate": 7.738219073154577}, "datetime": {"datetime": "2024-04-12 13:57:19", "elapsed": 1.481425, "delta": 0.007664}}
{"target": -131.5368489817742, "params": {"gamma": 4.277945556031427, "prior": 8.096214250210874, "rate": 3.535995091817236}, "datetime": {"datetime": "2024-04-12 13:57:19", "elapsed": 1.489178, "delta": 0.007753}}
{"target": -116.03441916963244, "params": {"gamma": 2.137718683058182, "prior": 7.696116633375489, "rate": 3.0871108343588807}, "datetime": {"datetime": "2024-04-12 13:57:19", "elapsed": 1.496902, "delta": 0.007724}}
{"target": -179.17571987097085, "params": {"gamma": 7.332717432196549, "prior": 7.4702842154695475, "rate": 2.2147456123811025}, "datetime": {"datetime": "2024-04-12 13:57:19", "elapsed": 1.504748, "delta": 0.007846}}
{"target": -118.89958641390491, "params": {"gamma": 2.141907256069664, "prior": 2.0695844419279603, "rate": 1.4260408593206808}, "datetime": {"datetime": "2024-04-12 13:57:19", "elapsed": 1.512462, "delta": 0.007714}}
{"target": -172.09164411189144, "params": {"gamma": 3.7714489094741337, "prior": 0.3636160584470526, "rate": 1.110092769973372}, "datetime": {"datetime": "2024-04-12 13:57:19", "elapsed": 1.52032, "delta": 0.007858}}
{"target": -174.0124245886618, "params": {"gamma": 6.745965673610343, "prior": 8.017787715284124, "rate": 0.8062147417567307}, "datetime": {"datetime": "2024-04-12 13:57:19", "elapsed": 1.528089, "delta": 0.007769}}
{"target": -145.60105503098254, "params": {"gamma": 2.3177914025474347, "prior": 2.1554940518577625, "rate": 9.173418297253225}, "datetime": {"datetime": "2024-04-12 13:57:19", "elapsed": 1.535842, "delta": 0.007753}}
