{"target": -159.46165185064075, "params": {"gamma": 4.170803025021038, "prior": 7.231212485077365, "rate": 0.002143633798631522}, "datetime": {"datetime": "2024-04-12 13:57:18", "elapsed": 0.0, "delta": 0.0}}
{"target": -121.61603054639284, "params": {"gamma": 3.024023393745766, "prior": 1.5528833190894193, "rate": 0.9242936090932092}, "datetime": {"datetime": "2024-04-12 13:57:18", "elapsed": 0.007727, "delta": 0.007727}}
{"target": -123.16531644748726, "params": {"gamma": 1.8634158535653313, "prior": 3.5210511977261727, "rate": 3.968277974832469}, "datetime": {"datetime": "2024-04-12 13:57:18", "elapsed": 0.015421, "delta": 0.007694}}
{"target": -187.22584216136082, "params": {"gamma": 5.388628523299567, "prior": 4.250025692592619, "rate": 6.852509784467199}, "datetime": {"datetime": "2024-04-12 13:57:18", "elapsed": 0.022879, "delta": 0.007458}}
{"target": -126.48161862081007, "params": {"gamma": 2.045318045065443, "prior": 8.79336262027036, "rate": 0.2748485443860637}, "datetime": {"datetime": "2024-04-12 13:57:18", "elapsed": 0.030606, "delta": 0.007727}}
{"target": -208.4592941690227, "params": {"gamma": 6.705004634273845, "prior": 4.231317543434557, "rate": 5.587339594629071}, "datetime": {"datetime": "2024-04-12 13:57:18", "elapsed": 0.038118, "delta": 0.007512}}
{"target": -131.49206275642453, "params": {"gamma": 1.4047289990137424, "prior": 2.0612047419403, "rate": 8.00764494218669}, "datetime": {"datetime": "2024-04-12 13:57:18", "elapsed": 0.04564, "delta": 0.007522}}
{"target": -315.31279276887324, "params": {"gamma": 9.682647495618255, "prior": 3.2028993637765044, "rate": 6.923533834077472}, "datetime": {"datetime": "2024-04-12 13:57:18", "elapsed": 0.053256, "delta": 0.007616}}
{"target": -206.88828241058835, "params": {"gamma": 8.764015133808087, "prior": 8.956605968688088, "rate": 0.8513570694864094}, "datetime": {"datetime": "2024-04-12 13:57:18", "elapsed": 0.06095, "delta": 0.007694}}
{"target": -133.2486534650167, "params": {"gamma": 0.39150877754559077, "prior": 1.7813211536892324, "rate": 8.781546891790702}, "datetime": {"datetime": "2024-04-12 13:57:18", "elapsed": 0.06851, "delta": 0.00756}}
{"target": -127.53810974816938, "params": {"gamma": 0.9843699914966679, "prior": 4.268965487550016, "rate": 9.578937411974868}, "datetime": {"datetime": "2024-04-12 13:57:18", "elapsed": 0.076079, "delta": 0.007569}}
{"target": -147.65705715376376, "params": {"gamma": 5.332119684445198, "prior": 6.949583428109686, "rate": 3.1558407944296234}, "datetime": {"datetime": "2024-04-12 13:57:18", "elapsed": 0.0836, "delta": 0.007521}}
{"target": -195.43280757998627, "params": {"gamma": 6.865322775888155, "prior": 8.362794151783993, "rate": 0.18386448516457388}, "datetime": {"datetime": "2024-04-12 13:57:18", "elapsed": 0.091115, "delta": 0.007515}}
{"target": -203.18514337006266, "params": {"gamma": 7.50169300513473, "prior": 9.889724780174298, "rate": 7.4819083781440145}, "datetime": {"datetime": "2024-04-12 13:57:18", "elapsed": 0.098585, "delta": 0.00747}}
{"target": -122.05883815349362, "params": {"gamma": 2.8051594766519874, "prior": 7.913865351669736, "rate": 1.0331568397698425}, "datetime": {"datetime": "2024-04-12 13:57:18", "elapsed": 0.10624, "delta": 0.007655}}
{"target": -132.66966132665513, "params": {"gamma": 4.479487368232876, "prior": 9.095095480621646, "rate": 2.9368478695884215}, "datetime": {"datetime": "2024-04-12 13:57:18", "elapsed": 0.113736, "delta": 0.007496}}
{"target": -121.92149711067742, "params": {"gamma": 2.878465610524901, "prior": 1.3872828639709491, "rate": 0.19465021174510047}, "datetime": {"datetime": "2024-04-12 13:57:18", "elapsed": 0.12125, "delta": 0.007514}}
{"target": -206.2481593441837, "params": {"gamma": 6.78867649386597, "prior": 2.1951183484005847, "rate": 2.65620104706289}, "datetime": {"datetime": "2024-04-12 13:57:18", "elapsed": 0.128961, "delta": 0.007711}}
{"target": -234.03760166305383, "params": {"gamma": 4.916240019644103, "prior": 0.6282891966590958, "rate": 5.741601937314639}, "datetime": {"datetime": "2024-04-12 13:57:18", "elapsed": 0.136526, "delta": 0.007565}}
{"target": -123.16981921960583, "params": {"gamma": 1.4681390204831957, "prior": 5.934124815342514, "rate": 6.9978838418492915}, "datetime": {"datetime": "2024-04-12 13:57:18", "elapsed": 0.144112, "delta": 0.007586}}
{"target": -126.2238662410014, "params": {"gamma": 1.0242419538494305, "prior": 4.199154279413726, "rate": 6.9443071771197245}, "datetime": {"datetime": "2024-04-12 13:57:18", "elapsed": 0.151554, "delta": 0.007442}}
{"target": -207.35955867236726, "params": {"gamma": 4.1423785159995, "prior": 0.5945392435662629, "rate": 5.359428162749201}, "datetime": {"datetime": "2024-04-12 13:57:18", "elapsed": 0.159079, "delta": 0.007525}}
{"target": -223.2651066734961, "params": {"gamma": 6.638282657552669, "prior": 5.1974022093772545, "rate": 9.446002965152143}, "datetime": {"datetime": "2024-04-12 13:57:18", "elapsed": 0.166481, "delta": 0.007402}}
{"target": -155.8442179133118, "params": {"gamma": 5.865963849979428, "prior": 9.043678961350047, "rate": 1.3756095667582289}, "datetime": {"datetime": "2024-04-12 13:57:18", "elapsed": 0.173986, "delta": 0.007505}}
{"target": -119.27218508866966, "params": {"gamma": 1.3936241961603346, "prior": 8.093173758224285, "rate": 3.9773706930183503}, "datetime": {"datetime": "2024-04-12 13:57:18", "elapsed": 0.18159, "delta": 0.007604}}
{"target": -117.26071554217684, "params": {"gamma": 1.6543766169722107, "prior": 9.282334945920736, "rate": 3.47831083159532}, "datetime": {"datetime": "2024-04-12 13:57:18", "elapsed": 0.189182, "delta": 0.007592}}
{"target": -223.25018969897442, "params": {"gamma": 7.50837021925842, "prior": 7.28738005496947, "rate": 8.833177605966892}, "datetime": {"datetime": "2024-04-12 13:57:18", "elapsed": 0.196747, "delta": 0.007565}}
{"target": -164.0867588069576, "params": {"gamma": 6.237098398349034, "prior": 7.534330096870638, "rate": 3.4896345214364475}, "datetime": {"datetime": "2024-04-12 13:57:18", "elapsed": 0.2043, "delta": 0.007553}}
{"target": -117.84279131405847, "params": {"gamma": 2.7000089897584956, "prior": 8.969273560141062, "rate": 4.281483807523078}, "datetime": {"datetime": "2024-04-12 13:57:18", "elapsed": 0.21184, "delta": 0.00754}}
{"target": -262.5155202559979, "params": {"gamma": 9.648435631436707, "prior": 6.6680708284026355, "rate": 6.217335506371009}, "datetime": {"datetime": "2024-04-12 13:57:18", "elapsed": 0.219412, "delta": 0.007572}}
{"target": -121.3926698242205, "params": {"gamma": 1.1483449835607984, "prior": 9.499943661200005, "rate": 4.499671422665926}, "datetime": {"datetime": "2024-04-12 13:57:18", "elapsed": 0.226917, "delta": 0.007505}}
{"target": -159.61489492616823, "params": {"gamma": 5.784317754256931, "prior": 4.140554347336684, "rate": 2.371032775450034}, "datetime": {"datetime": "2024-04-12 13:57:18", "elapsed": 0.234403, "delta": 0.007486}}
{"target": -241.8243916491385, "params": {"gamma": 9.033891826101975, "prior": 5.77942691805563, "rate": 0.029700399984558545}, "datetime": {"datetime": "2024-04-12 13:57:18", "elapsed": 0.241907, "delta": 0.007504}}
{"target": -204.67126330724474, "params": {"gamma": 6.171831991293619, "prior": 3.3337845275437523, "rate": 5.271053964473836}, "datetime": {"datetime": "2024-04-12 13:57:18", "elapsed": 0.249524, "delta": 0.007617}}
{"target": -302.88965484858085, "params": {"gamma": 8.859535051008434, "prior": 3.636970624024748, "rate": 9.085442974047073}, "datetime": {"datetime": "2024-04-12 13:57:18", "elapsed": 0.256988, "delta": 0.007464}}
{"target": -303.92093175742974, "params": {"gamma": 6.233977797802236, "prior": 0.2566303041809072, "rate": 9.294442900203869}, "datetime": {"datetime": "2024-04-12 13:57:18", "elapsed": 0.264522, "delta": 0.007534}}
{"target": -171.15367830165408, "params": {"gamma": 6.9092782782517235, "prior": 9.973496219469657, "rate": 1.7242327429449402}, "datetime": {"datetime": "2024-04-12 13:57:18", "elapsed": 0.27211, "delta": 0.007588}}
{"target": -120.79025953134096, "params": {"gamma": 1.3722203605391488, "prior": 9.33269508406792, "rate": 6.9684847967375125}, "datetime": {"datetime": "2024-04-12 13:57:18", "elapsed": 0.279586, "delta": 0.007476}}
{"target": -128.46906148911384, "params": {"gamma": 0.6609357270479028, "prior": 7.579084220764417, "rate": 7.539008008424004}, "datetime": {"datetime": "2024-04-12 13:57:18", "elapsed": 0.28717, "delta": 0.007584}}
{"target": -211.43155926839108, "params": {"gamma": 9.230322330929287, "prior": 7.14409511042187, "rate": 1.2435853487596746}, "datetime": {"datetime": "2024-04-12 13:57:18", "elapsed": 0.294599, "delta": 0.007429}}
{"target": -137.45854567090046, "params": {"gamma": 0.1997814582641161, "prior": 0.3594887700894208, "rate": 0.2840365737199253}, "datetime": {"datetime": "2024-04-12 13:57:18", "elapsed": 0.302212, "delta": 0.007613}}
{"target": -118.92161125645147, "params": {"gamma": 2.462864464962856, "prior": 8.61427669196059, "rate": 5.3887718123521875}, "datetime": {"datetime": "2024-04-12 13:57:18", "elapsed": 0.30992, "delta": 0.007708}}
{"target": -151.22979311963059, "params": {"gamma": 5.5286669648789735, "prior": 8.436105834360097, "rate": 1.2426089778839915}, "datetime": {"datetime": "2024-04-12 13:57:18", "elapsed": 0.317485, "delta": 0.007565}}
{"target": -137.23556346006384, "params": {"gamma": 2.792557606432384, "prior": 5.89901678743705, "rate": 9.695987887448426}, "datetime": {"datetime": "2024-04-12 13:57:18", "elapsed": 0.325123, "delta": 0.007638}}
{"target": -276.566228730032, "params": {"gamma": 5.6107411623378445, "prior": 0.2846081647921359, "rate": 8.006526094133482}, "datetime": {"datetime": "2024-04-12 13:57:18", "elapsed": 0.33285, "delta": 0.007727}}
{"target": -116.73409312079677, "params": {"gamma": 2.3305097641363632, "prior": 8.090341436625915, "rate": 3.8792185799976533}, "datetime": {"datetime": "2024-04-12 13:57:18", "elapsed": 0.340467, "delta": 0.007617}}
{"target": -228.59521827651224, "params": {"gamma": 8.635555003739727, "prior": 7.496504263098128, "rate": 5.562846099670199}, "datetime": {"datetime": "2024-04-12 13:57:18", "elapsed": 0.348072, "delta": 0.007605}}
{"target": -126.0026099169554, "params": {"gamma": 1.3654158013811895, "prior": 0.6931851261708954, "rate": 1.2143132139516326}, "datetime": {"datetime": "2024-04-12 13:57:18", "elapsed": 0.355584, "delta": 0.007512}}
{"target": -132.22867526068248, "params": {"gamma": 0.4464742335690725, "prior": 1.16419187815032, "rate": 2.2578676767399393}, "datetime": {"datetime": "2024-04-12 13:57:18", "elapsed": 0.363117, "delta": 0.007533}}
{"target": -199.5970377792028, "params": {"gamma": 7.130176814846385, "prior": 5.64119812233601, "rate": 0.12654724561099942}, "datetime": {"datetime": "2024-04-12 13:57:18", "elapsed": 0.370639, "delta": 0.007522}}
{"target": -127.12326291239347, "params": {"gamma": 0.7206708226151783, "prior": 9.676035667002694, "rate": 5.6814365187375016}, "datetime": {"datetime": "2024-04-12 13:57:18", "elapsed": 0.378148, "delta": 0.007509}}
{"target": -135.89543633921315, "params": {"gamma": 2.033729053375244, "prior": 2.598024871246202, "rate": 7.438514714896855}, "datetime": {"datetime": "2024-04-12 13:57:18", "elapsed": 0.385803, "delta": 0.007655}}
{"target": -128.13855936830214, "params": {"gamma": 1.9550993816120785, "prior": 5.855453380005252, "rate": 9.700229870894034}, "datetime": {"datetime": "2024-04-12 13:57:18", "elapsed": 0.393494, "delta": 0.007691}}
{"target": -276.60267955432715, "params": {"gamma": 8.468441186098863, "prior": 2.4744928155611032, "rate": 4.938203372973032}, "datetime": {"datetime": "2024-04-12 13:57:18", "elapsed": 0.401103, "delta": 0.007609}}
{"target": -159.22893671840393, "params": {"gamma": 6.199937228095417, "prior": 8.306910905546768, "rate": 1.5687571550661965}, "datetime": {"datetime": "2024-04-12 13:57:18", "elapsed": 0.408826, "delta": 0.007723}}
{"target": -137.23223027126735, "params": {"gamma": 0.18674344557191777, "prior": 0.7932192228203011, "rate": 4.863964764259381}, "datetime": {"datetime": "2024-04-12 13:57:18", "elapsed": 0.41649, "delta": 0.007664}}
{"target": -164.1899348840702, "params": {"gamma": 6.063688287071651, "prior": 5.731629227156165, "rate": 3.1743067308122854}, "datetime": {"datetime": "2024-04-12 13:57:18", "elapsed": 0.42412, "delta": 0.00763}}
{"target": -253.38436948042914, "params": {"gamma": 9.886172927970076, "prior": 5.839477670533389, "rate": 3.8020315850628807}, "datetime": {"datetime": "2024-04-12 13:57:18", "elapsed": 0.431793, "delta": 0.007673}}
{"target": -166.58376161368415, "params": {"gamma": 5.509931242959851, "prior": 7.478810865974371, "rate": 6.6926597016383935}, "datetime": {"datetime": "2024-04-12 13:57:18", "elapsed": 0.439364, "delta": 0.007571}}
{"target": -154.5710974273956, "params": {"gamma": 2.6499306570704313, "prior": 0.7567148608415716, "rate": 3.701471894943149}, "datetime": {"datetime": "2024-04-12 13:57:18", "elapsed": 0.446861, "delta": 0.007497}}
{"target": -247.1648449450332, "params": {"gamma": 6.297545352708624, "prior": 2.180722698156912, "rate": 7.5278027818344}, "datetime": {"datetime": "2024-04-12 13:57:18", "elapsed": 0.454375, "delta": 0.007514}}
{"target": -129.8873628564028, "params": {"gamma": 0.6662982770597953, "prior": 2.677119475927556, "rate": 8.04774088286971}, "datetime": {"datetime": "2024-04-12 13:57:18", "elapsed": 0.46193, "delta": 0.007555}}
{"target": -120.11953707602663, "params": {"gamma": 1.935149391950654, "prior": 6.430662720711407, "rate": 5.247178420928214}, "datetime": {"datetime": "2024-04-12 13:57:18", "elapsed": 0.469568, "delta": 0.007638}}
{"target": -214.10345066704514, "params": {"gamma": 9.248154896023108, "prior": 2.706638027822399, "rate": 0.6605449457495538}, "datetime": {"datetime": "2024-04-12 13:57:18", "elapsed": 0.477257, "delta": 0.007689}}
{"target": -217.88384756393378, "params": {"gamma": 7.350924566923407, "prior": 7.744562492478143, "rate": 9.078250709182736}, "datetime": {"datetime": "2024-04-12 13:57:18", "elapsed": 0.484837, "delta": 0.00758}}
{"target": -398.29674066951964, "params": {"gamma": 9.319788719899176, "prior": 0.23812057245841045, "rate": 2.344386499128084}, "datetime": {"datetime": "2024-04-12 13:57:18", "elapsed": 0.492421, "delta": 0.007584}}
{"target": -184.23064556692898, "params": {"gamma": 6.1681667916595755, "prior": 9.495261574807403, "rate": 9.50181101635155}, "datetime": {"datetime": "2024-04-12 13:57:18", "elapsed": 0.500142, "delta": 0.007721}}
{"target": -160.3426533900044, "params": {"gamma": 5.566975228763369, "prior": 9.164502862686119, "rate": 6.41602052325443}, "datetime": {"datetime": "2024-04-12 13:57:18", "elapsed": 0.507818, "delta": 0.007676}}
{"target": -147.1734790568759, "params": {"gamma": 3.9006871336983213, "prior": 4.911307604259406, "rate": 6.043500518716813}, "datetime": {"datetime": "2024-04-12 13:57:18", "elapsed": 0.515267, "delta": 0.007449}}
{"target": -169.83330724311628, "params": {"gamma": 5.495929667164118, "prior": 9.269196124393892, "rate": 9.187415622900428}, "datetime": {"datetime": "2024-04-12 13:57:18", "elapsed": 0.522856, "delta": 0.007589}}
{"target": -128.98546542061231, "params": {"gamma": 3.9493612536226252, "prior": 9.636299031563047, "rate": 1.740382711137963}, "datetime": {"datetime": "2024-04-12 13:57:18", "elapsed": 0.530519, "delta": 0.007663}}
{"target": -129.95160971543595, "params": {"gamma": 1.2641688648769336, "prior": 1.4372836646626401, "rate": 5.057115994603291}, "datetime": {"datetime": "2024-04-12 13:57:18", "elapsed": 0.538068, "delta": 0.007549}}
{"target": -137.0332120501981, "params": {"gamma": 0.2162265279367056, "prior": 9.484905091055042, "rate": 8.271327596236153}, "datetime": {"datetime": "2024-04-12 13:57:18", "elapsed": 0.545654, "delta": 0.007586}}
{"target": -138.47312133391205, "params": {"gamma": 0.15117478844048168, "prior": 1.8443429301930472, "rate": 3.3213036800940032}, "datetime": {"datetime": "2024-04-12 13:57:18", "elapsed": 0.553289, "delta": 0.007635}}
{"target": -119.72827076144132, "params": {"gamma": 1.310837451264358, "prior": 8.113957852053163, "rate": 3.4480217901802512}, "datetime": {"datetime": "2024-04-12 13:57:18", "elapsed": 0.561041, "delta": 0.007752}}
{"target": -282.19763154950925, "params": {"gamma": 9.401134715851338, "prior": 5.861940381476092, "rate": 8.78844101213403}, "datetime": {"datetime": "2024-04-12 13:57:18", "elapsed": 0.568694, "delta": 0.007653}}
{"target": -211.97694262680102, "params": {"gamma": 8.447499719476827, "prior": 9.063383955215627, "rate": 4.599342777902254}, "datetime": {"datetime": "2024-04-12 13:57:18", "elapsed": 0.576415, "delta": 0.007721}}
{"target": -147.47640917246036, "params": {"gamma": 5.463921813387713, "prior": 8.00617555240519, "rate": 2.8579027984897416}, "datetime": {"datetime": "2024-04-12 13:57:18", "elapsed": 0.584099, "delta": 0.007684}}
{"target": -162.4540047152996, "params": {"gamma": 4.903044972676658, "prior": 6.031192045694196, "rate": 0.15631722223280642}, "datetime": {"datetime": "2024-04-12 13:57:18", "elapsed": 0.591715, "delta": 0.007616}}
{"target": -206.29292289542735, "params": {"gamma": 5.935220600558176, "prior": 4.393395854995637, "rate": 8.073797928319529}, "datetime": {"datetime": "2024-04-12 13:57:18", "elapsed": 0.59927, "delta": 0.007555}}
{"target": -123.66923188596674, "params": {"gamma": 3.153132786150634, "prior": 8.939598214398998, "rate": 5.778994295630071}, "datetime": {"datetime": "2024-04-12 13:57:18", "elapsed": 0.606897, "delta": 0.007627}}
{"target": -119.65633831394717, "params": {"gamma": 1.8409180060730232, "prior": 7.900499414872493, "rate": 6.120699739272295}, "datetime": {"datetime": "2024-04-12 13:57:18", "elapsed": 0.614439, "delta": 0.007542}}
{"target": -130.67060457252433, "params": {"gamma": 0.5400388114654558, "prior": 4.259917432011209, "rate": 6.791009296817731}, "datetime": {"datetime": "2024-04-12 13:57:18", "elapsed": 0.621948, "delta": 0.007509}}
{"target": -435.0737051649529, "params": {"gamma": 9.186099177997281, "prior": 0.10398004642443859, "rate": 9.767614731161565}, "datetime": {"datetime": "2024-04-12 13:57:18", "elapsed": 0.629477, "delta": 0.007529}}
{"target": -129.4395704937266, "params": {"gamma": 3.766426567142999, "prior": 9.740457029747393, "rate": 6.047556293639557}, "datetime": {"datetime": "2024-04-12 13:57:18", "elapsed": 0.637009, "delta": 0.007532}}
{"target": -236.524692723598, "params": {"gamma": 8.288629233998948, "prior": 5.789643896610213, "rate": 6.281133906875198}, "datetime": {"datetime": "2024-04-12 13:57:18", "elapsed": 0.644599, "delta": 0.00759}}
{"target": -132.66516577454368, "params": {"gamma": 2.8564772406752437, "prior": 5.9096500724952215, "rate": 7.500467615262897}, "datetime": {"datetime": "2024-04-12 13:57:18", "elapsed": 0.65216, "delta": 0.007561}}
{"target": -236.10981095660975, "params": {"gamma": 8.583280050453995, "prior": 7.575313665830033, "rate": 6.980874427224584}, "datetime": {"datetime": "2024-04-12 13:57:19", "elapsed": 0.65975, "delta": 0.00759}}
{"target": -282.69688029314904, "params": {"gamma": 8.644929821115943, "prior": 3.29454186868379, "rate": 6.708217119085085}, "datetime": {"datetime": "2024-04-12 13:57:19", "elapsed": 0.667384, "delta": 0.007634}}
{"target": -153.15864419132558, "params": {"gamma": 4.509288490197079, "prior": 3.8828172451120206, "rate": 4.108702687871935}, "datetime": {"datetime": "2024-04-12 13:57:19", "elapsed": 0.67495, "delta": 0.007566}}
{"target": -163.42380182650498, "params": {"gamma": 4.015394355111937, "prior": 3.2421010649869415, "rate": 6.219571759835095}, "datetime": {"datetime": "2024-04-12 13:57:19", "elapsed": 0.682594, "delta": 0.007644}}
{"target": -138.69634129894996, "params": {"gamma": 4.303042460941823, "prior": 9.740640571479798, "rate": 6.778331113451677}, "datetime": {"datetime": "2024-04-12 13:57:19", "elapsed": 0.690302, "delta": 0.007708}}
{"target": -119.9317217417249, "params": {"gamma": 1.9865003143826816, "prior": 4.324339992545524, "rate": 3.4341190515044557}, "datetime": {"datetime": "2024-04-12 13:57:19", "elapsed": 0.697859, "delta": 0.007557}}
{"target": -226.42445620510028, "params": {"gamma": 7.976590400781708, "prior": 8.811983056777974, "rate": 9.038515716307893}, "datetime": {"datetime": "2024-04-12 13:57:19", "elapsed": 0.705504, "delta": 0.007645}}
{"target": -190.5213699425539, "params": {"gamma": 6.627535403940247, "prior": 2.775061794094602, "rate": 2.5244146483443926}, "datetime": {"datetime": "2024-04-12 13:57:19", "elapsed": 0.713102, "delta": 0.007598}}
{"target": -260.77743437108893, "params": {"gamma": 8.549124529031326, "prior": 5.324374998456592, "rate": 8.021808678961976}, "datetime": {"datetime": "2024-04-12 13:57:19", "elapsed": 0.720749, "delta": 0.007647}}
{"target": -163.56895490474042, "params": {"gamma": 5.725312683398872, "prior": 7.35811100034636, "rate": 5.190597263013095}, "datetime": {"datetime": "2024-04-12 13:57:19", "elapsed": 0.728421, "delta": 0.007672}}
{"target": -210.49326683968658, "params": {"gamma": 7.709068221108379, "prior": 5.731694107976684, "rate": 4.6576330760412175}, "datetime": {"datetime": "2024-04-12 13:57:19", "elapsed": 0.736046, "delta": 0.007625}}
{"target": -174.26407276484386, "params": {"gamma": 3.4275463906248644, "prior": 0.7752725493253708, "rate": 3.7798638691016704}, "datetime": {"datetime": "2024-04-12 13:57:19", "elapsed": 0.743588, "delta": 0.007542}}
{"target": -126.4802067901036, "params": {"gamma": 0.7971811509048254, "prior": 9.829889425931405, "rate": 1.816946900456307}, "datetime": {"datetime": "2024-04-12 13:57:19", "elapsed": 0.751103, "delta": 0.007515}}
{"target": -218.67074980870808, "params": {"gamma": 8.118775118507678, "prior": 8.762120285063391, "rate": 6.884444110607048}, "datetime": {"datetime": "2024-04-12 13:57:19", "elapsed": 0.758615, "delta": 0.007512}}
