{"target": -142.82915425476634, "params": {"gamma": 0.004925577324551106, "prior": 2.645589854070527, "rate": 2.744880950595717}, "datetime": {"datetime": "2024-04-08 12:08:20", "elapsed": 4827.12148, "delta": 5.405482}}
{"target": -142.8013926164994, "params": {"gamma": 0.0018455967223720603, "prior": 7.591129562885775, "rate": 5.144138784579987}, "datetime": {"datetime": "2024-04-08 12:08:36", "elapsed": 4843.245698, "delta": 16.124218}}
{"target": -142.79231405158032, "params": {"gamma": 0.001, "prior": 4.673741630266679, "rate": 0.7217501096887419}, "datetime": {"datetime": "2024-04-08 12:08:44", "elapsed": 4851.361135, "delta": 8.115437}}
{"target": -142.79605928405837, "params": {"gamma": 0.001, "prior": 2.4000803569768956, "rate": 2.09787920590048}, "datetime": {"datetime": "2024-04-08 12:08:57", "elapsed": 4864.829215, "delta": 13.46808}}
{"target": -142.79672449528408, "params": {"gamma": 0.001, "prior": 8.674607282595852, "rate": 9.700485000699206}, "datetime": {"datetime": "2024-04-08 12:09:07", "elapsed": 4874.820103, "delta": 9.990888}}
{"target": -142.79656117447973, "params": {"gamma": 0.002384949780216473, "prior": 7.61656253334336, "rate": 0.7748051220329258}, "datetime": {"datetime": "2024-04-08 12:09:19", "elapsed": 4886.258191, "delta": 11.438088}}
{"target": -142.79201121303979, "params": {"gamma": 0.001, "prior": 9.097149191266942, "rate": 1.1321018249957846}, "datetime": {"datetime": "2024-04-08 12:09:27", "elapsed": 4894.248456, "delta": 7.990265}}
{"target": -142.7921711135998, "params": {"gamma": 0.001, "prior": 9.680857676452407, "rate": 1.354672168670522}, "datetime": {"datetime": "2024-04-08 12:09:44", "elapsed": 4911.907256, "delta": 17.6588}}
{"target": -142.7960420992326, "params": {"gamma": 0.001, "prior": 9.277644927264282, "rate": 8.057595499245801}, "datetime": {"datetime": "2024-04-08 12:10:03", "elapsed": 4930.445269, "delta": 18.538013}}
{"target": -142.80251049113267, "params": {"gamma": 0.001103769145484754, "prior": 1.1882840024516619, "rate": 9.501414854941109}, "datetime": {"datetime": "2024-04-08 12:10:13", "elapsed": 4940.571021, "delta": 10.125752}}
{"target": -142.81666707959323, "params": {"gamma": 0.004978635631549763, "prior": 8.96913746254231, "rate": 3.3699136208289127}, "datetime": {"datetime": "2024-04-08 12:10:21", "elapsed": 4948.923778, "delta": 8.352757}}
{"target": -142.7958896387056, "params": {"gamma": 0.001, "prior": 10.0, "rate": 8.202837276084862}, "datetime": {"datetime": "2024-04-08 12:10:35", "elapsed": 4962.553638, "delta": 13.62986}}
{"target": -142.8072357468792, "params": {"gamma": 0.001324012975027029, "prior": 0.20857630896310136, "rate": 7.788151677499886}, "datetime": {"datetime": "2024-04-08 12:10:44", "elapsed": 4971.608646, "delta": 9.055008}}
{"target": -142.79612528565303, "params": {"gamma": 0.001, "prior": 4.364756672338011, "rate": 3.9102431282275045}, "datetime": {"datetime": "2024-04-08 12:10:55", "elapsed": 4982.957592, "delta": 11.348946}}
{"target": -142.79702839859735, "params": {"gamma": 0.001, "prior": 5.903106141704683, "rate": 7.3837782898980295}, "datetime": {"datetime": "2024-04-08 12:11:06", "elapsed": 4993.131228, "delta": 10.173636}}
{"target": -142.79270452927426, "params": {"gamma": 0.001, "prior": 8.861483395897773, "rate": 1.7489912748332603}, "datetime": {"datetime": "2024-04-08 12:11:13", "elapsed": 5000.853363, "delta": 7.722135}}
{"target": -142.7996435244314, "params": {"gamma": 0.001, "prior": 2.841673308414029, "rate": 10.0}, "datetime": {"datetime": "2024-04-08 12:11:29", "elapsed": 5016.055384, "delta": 15.202021}}
{"target": -142.7972209563724, "params": {"gamma": 0.001, "prior": 4.814431717674169, "rate": 6.465968661684439}, "datetime": {"datetime": "2024-04-08 12:11:41", "elapsed": 5028.540834, "delta": 12.48545}}
{"target": -142.79253960732873, "params": {"gamma": 0.0014804960031204251, "prior": 9.726097558678925, "rate": 0.524373218620667}, "datetime": {"datetime": "2024-04-08 12:11:50", "elapsed": 5037.377558, "delta": 8.836724}}
{"target": -142.79592242799788, "params": {"gamma": 0.001, "prior": 5.033647239352142, "rate": 4.180169192065352}, "datetime": {"datetime": "2024-04-08 12:12:06", "elapsed": 5053.731649, "delta": 16.354091}}
{"target": -142.79265030296327, "params": {"gamma": 0.001, "prior": 10.0, "rate": 1.9109866861185139}, "datetime": {"datetime": "2024-04-08 12:12:25", "elapsed": 5072.953807, "delta": 19.222158}}
{"target": -142.79992193166544, "params": {"gamma": 0.001, "prior": 0.2411199981187759, "rate": 0.9649424039054432}, "datetime": {"datetime": "2024-04-08 12:12:42", "elapsed": 5089.871836, "delta": 16.918029}}
{"target": -142.79860137580388, "params": {"gamma": 0.001, "prior": 3.111966176551668, "rate": 7.0674716114563525}, "datetime": {"datetime": "2024-04-08 12:13:02", "elapsed": 5109.609886, "delta": 19.73805}}
{"target": -142.81090499525948, "params": {"gamma": 0.002800830181608864, "prior": 8.543570666135299, "rate": 8.301703283782077}, "datetime": {"datetime": "2024-04-08 12:13:14", "elapsed": 5121.129346, "delta": 11.51946}}
{"target": -142.79861261924546, "params": {"gamma": 0.0012370172254364113, "prior": 6.85864472744477, "rate": 7.420580826741199}, "datetime": {"datetime": "2024-04-08 12:13:24", "elapsed": 5131.555301, "delta": 10.425955}}
{"target": -142.79621735471952, "params": {"gamma": 0.001, "prior": 10.0, "rate": 9.270819635749545}, "datetime": {"datetime": "2024-04-08 12:13:33", "elapsed": 5140.729625, "delta": 9.174324}}
{"target": -142.79888846513185, "params": {"gamma": 0.0019530365085559998, "prior": 6.256070440947447, "rate": 2.1014547345166923}, "datetime": {"datetime": "2024-04-08 12:13:39", "elapsed": 5146.625123, "delta": 5.895498}}
{"target": -142.7914982600032, "params": {"gamma": 0.001, "prior": 5.315132346736435, "rate": 0.42276477464465445}, "datetime": {"datetime": "2024-04-08 12:13:53", "elapsed": 5160.066063, "delta": 13.44094}}
{"target": -142.80064238782845, "params": {"gamma": 0.0015300410535275125, "prior": 9.78191454704976, "rate": 9.567672329868367}, "datetime": {"datetime": "2024-04-08 12:14:02", "elapsed": 5169.001367, "delta": 8.935304}}
{"target": -142.81474227914507, "params": {"gamma": 0.0026177100226426634, "prior": 2.9722694757441293, "rate": 6.144405571915088}, "datetime": {"datetime": "2024-04-08 12:14:11", "elapsed": 5178.333476, "delta": 9.332109}}
{"target": -142.79514347241977, "params": {"gamma": 0.001, "prior": 8.172812865318331, "rate": 5.035990805203522}, "datetime": {"datetime": "2024-04-08 12:14:31", "elapsed": 5198.645697, "delta": 20.312221}}
{"target": -142.79281682068017, "params": {"gamma": 0.001, "prior": 6.5600082244673645, "rate": 1.3821204296400398}, "datetime": {"datetime": "2024-04-08 12:14:49", "elapsed": 5215.981927, "delta": 17.33623}}
{"target": -142.81203207515415, "params": {"gamma": 0.00165615669859077, "prior": 0.12298935332257104, "rate": 4.696171961006119}, "datetime": {"datetime": "2024-04-08 12:14:57", "elapsed": 5224.96001, "delta": 8.978083}}
{"target": -142.80913427517513, "params": {"gamma": 0.002735022937508649, "prior": 6.041386545975732, "rate": 4.966202575171232}, "datetime": {"datetime": "2024-04-08 12:15:15", "elapsed": 5242.217307, "delta": 17.257297}}
{"target": -142.80251512442192, "params": {"gamma": 0.001, "prior": 0.1, "rate": 3.236734430764916}, "datetime": {"datetime": "2024-04-08 12:15:26", "elapsed": 5253.377878, "delta": 11.160571}}
{"target": -142.79639467324972, "params": {"gamma": 0.001, "prior": 7.890087406199522, "rate": 7.81174390328095}, "datetime": {"datetime": "2024-04-08 12:15:43", "elapsed": 5270.391033, "delta": 17.013155}}
{"target": -142.79685870395463, "params": {"gamma": 0.001, "prior": 7.205895827244728, "rate": 8.466685148564368}, "datetime": {"datetime": "2024-04-08 12:15:52", "elapsed": 5279.692722, "delta": 9.301689}}
{"target": -142.79355389108713, "params": {"gamma": 0.001, "prior": 8.59484388796174, "rate": 2.6674468240871176}, "datetime": {"datetime": "2024-04-08 12:16:08", "elapsed": 5295.125088, "delta": 15.432366}}
{"target": -142.79033495381432, "params": {"gamma": 0.001, "prior": 3.5198108622928923, "rate": 0.001}, "datetime": {"datetime": "2024-04-08 12:16:18", "elapsed": 5305.377231, "delta": 10.252143}}
{"target": -142.7964305128716, "params": {"gamma": 0.001, "prior": 3.9370531642919584, "rate": 3.949977710038976}, "datetime": {"datetime": "2024-04-08 12:16:26", "elapsed": 5313.578389, "delta": 8.201158}}
{"target": -142.8104033723654, "params": {"gamma": 0.0025977820682394357, "prior": 1.5598823794611547, "rate": 1.7821138906879062}, "datetime": {"datetime": "2024-04-08 12:16:37", "elapsed": 5324.662527, "delta": 11.084138}}
{"target": -142.83636385353466, "params": {"gamma": 0.005207273584947957, "prior": 3.56850704477042, "rate": 5.185463113348214}, "datetime": {"datetime": "2024-04-08 12:16:47", "elapsed": 5334.305425, "delta": 9.642898}}
{"target": -142.79644402783939, "params": {"gamma": 0.001, "prior": 8.77686465300839, "rate": 8.849787255690325}, "datetime": {"datetime": "2024-04-08 12:17:05", "elapsed": 5352.146882, "delta": 17.841457}}
{"target": -142.79033567186102, "params": {"gamma": 0.001, "prior": 3.07812571990593, "rate": 0.001}, "datetime": {"datetime": "2024-04-08 12:17:13", "elapsed": 5360.03057, "delta": 7.883688}}
{"target": -142.8084631560098, "params": {"gamma": 0.0015621286634077767, "prior": 0.8267131654049854, "rate": 6.679372187840411}, "datetime": {"datetime": "2024-04-08 12:17:25", "elapsed": 5372.78915, "delta": 12.75858}}
{"target": -142.79848954770523, "params": {"gamma": 0.002105682075356611, "prior": 9.03637980603542, "rate": 2.269982320452755}, "datetime": {"datetime": "2024-04-08 12:17:33", "elapsed": 5380.575279, "delta": 7.786129}}
{"target": -142.79152773966632, "params": {"gamma": 0.001, "prior": 10.0, "rate": 0.819355983471165}, "datetime": {"datetime": "2024-04-08 12:17:42", "elapsed": 5389.643383, "delta": 9.068104}}
{"target": -142.79995325482537, "params": {"gamma": 0.001, "prior": 1.754217833288291, "rate": 7.125470542548484}, "datetime": {"datetime": "2024-04-08 12:17:53", "elapsed": 5400.395058, "delta": 10.751675}}
{"target": -142.84799342144078, "params": {"gamma": 0.0074077443225369155, "prior": 5.322487676993236, "rate": 4.9733756829982285}, "datetime": {"datetime": "2024-04-08 12:18:02", "elapsed": 5409.203309, "delta": 8.808251}}
{"target": -142.80275158811986, "params": {"gamma": 0.001, "prior": 0.1, "rate": 5.678620342094185}, "datetime": {"datetime": "2024-04-08 12:18:11", "elapsed": 5418.559354, "delta": 9.356045}}
{"target": -142.84680697183094, "params": {"gamma": 0.005515339779233489, "prior": 3.215047441602431, "rate": 7.815558078745758}, "datetime": {"datetime": "2024-04-08 12:18:28", "elapsed": 5435.210018, "delta": 16.650664}}
{"target": -142.84131277312923, "params": {"gamma": 0.007048631859282914, "prior": 4.336730659715441, "rate": 3.338743457832677}, "datetime": {"datetime": "2024-04-08 12:18:35", "elapsed": 5442.03384, "delta": 6.823822}}
{"target": -142.7953997079675, "params": {"gamma": 0.0011622146259429862, "prior": 9.212115611205341, "rate": 4.211074488919173}, "datetime": {"datetime": "2024-04-08 12:18:40", "elapsed": 5447.505939, "delta": 5.472099}}
{"target": -142.79330046460674, "params": {"gamma": 0.001, "prior": 6.034086643762969, "rate": 1.650531750240921}, "datetime": {"datetime": "2024-04-08 12:19:00", "elapsed": 5467.202522, "delta": 19.696583}}
{"target": -142.8874522180794, "params": {"gamma": 0.009863198100348618, "prior": 2.246539451276167, "rate": 4.2022303543643105}, "datetime": {"datetime": "2024-04-08 12:19:16", "elapsed": 5483.292428, "delta": 16.089906}}
{"target": -142.8193804437666, "params": {"gamma": 0.0032147704138874157, "prior": 5.474610942132479, "rate": 9.536801857252414}, "datetime": {"datetime": "2024-04-08 12:19:33", "elapsed": 5499.988393, "delta": 16.695965}}
{"target": -142.80714582739537, "params": {"gamma": 0.004733392697064007, "prior": 1.9048600336538342, "rate": 0.2834504152223323}, "datetime": {"datetime": "2024-04-08 12:19:49", "elapsed": 5516.006064, "delta": 16.017671}}
{"target": -142.8151162779844, "params": {"gamma": 0.0037249135815975343, "prior": 6.3113859920459205, "rate": 4.403984360496251}, "datetime": {"datetime": "2024-04-08 12:19:56", "elapsed": 5523.70108, "delta": 7.695016}}
{"target": -142.79557938659823, "params": {"gamma": 0.001, "prior": 7.850989767813514, "rate": 5.7265066075709425}, "datetime": {"datetime": "2024-04-08 12:20:09", "elapsed": 5536.699117, "delta": 12.998037}}
{"target": -142.8009711476063, "params": {"gamma": 0.0015949023638960023, "prior": 7.686248768432648, "rate": 7.1840539742879725}, "datetime": {"datetime": "2024-04-08 12:20:28", "elapsed": 5555.743837, "delta": 19.04472}}
{"target": -142.79511539303564, "params": {"gamma": 0.001, "prior": 9.20701359648427, "rate": 5.610925656810552}, "datetime": {"datetime": "2024-04-08 12:20:39", "elapsed": 5566.297417, "delta": 10.55358}}
{"target": -142.79908598175433, "params": {"gamma": 0.001, "prior": 1.8682724106330615, "rate": 5.165265421922387}, "datetime": {"datetime": "2024-04-08 12:20:49", "elapsed": 5576.671559, "delta": 10.374142}}
{"target": -142.80750345234404, "params": {"gamma": 0.0017071132023297048, "prior": 2.449108282173772, "rate": 8.19263455959341}, "datetime": {"datetime": "2024-04-08 12:21:06", "elapsed": 5593.269115, "delta": 16.597556}}
{"target": -142.7954663711561, "params": {"gamma": 0.001, "prior": 3.8809319111806992, "rate": 2.7108889352470626}, "datetime": {"datetime": "2024-04-08 12:21:12", "elapsed": 5599.415877, "delta": 6.146762}}
{"target": -142.79723540333876, "params": {"gamma": 0.001, "prior": 6.954570199542121, "rate": 9.390317949630736}, "datetime": {"datetime": "2024-04-08 12:21:28", "elapsed": 5615.462899, "delta": 16.047022}}
{"target": -142.7976528763028, "params": {"gamma": 0.001, "prior": 3.639650852618304, "rate": 5.7401765279958195}, "datetime": {"datetime": "2024-04-08 12:21:37", "elapsed": 5624.110188, "delta": 8.647289}}
{"target": -142.79550356022233, "params": {"gamma": 0.001, "prior": 5.656034853045428, "rate": 4.007603965780777}, "datetime": {"datetime": "2024-04-08 12:21:51", "elapsed": 5638.08867, "delta": 13.978482}}
{"target": -142.82215194456137, "params": {"gamma": 0.003118657420194303, "prior": 0.9395027573939743, "rate": 2.6045161445598835}, "datetime": {"datetime": "2024-04-08 12:22:01", "elapsed": 5648.723538, "delta": 10.634868}}
{"target": -142.7942145979001, "params": {"gamma": 0.001, "prior": 6.155982161336073, "rate": 2.5893535008095507}, "datetime": {"datetime": "2024-04-08 12:22:14", "elapsed": 5661.332931, "delta": 12.609393}}
{"target": -142.79786485183945, "params": {"gamma": 0.001, "prior": 3.013773978804698, "rate": 5.147736246320256}, "datetime": {"datetime": "2024-04-08 12:22:22", "elapsed": 5669.793167, "delta": 8.460236}}
{"target": -142.8058073651253, "params": {"gamma": 0.003450455789773559, "prior": 4.896867895781832, "rate": 1.3796614215344396}, "datetime": {"datetime": "2024-04-08 12:22:31", "elapsed": 5678.60985, "delta": 8.816683}}
{"target": -142.80507899681177, "params": {"gamma": 0.0018417458547217603, "prior": 2.393849088541642, "rate": 3.4316034869110195}, "datetime": {"datetime": "2024-04-08 12:22:54", "elapsed": 5701.744924, "delta": 23.135074}}
{"target": -142.84391869911772, "params": {"gamma": 0.0045957186855537045, "prior": 1.6982341346612937, "rate": 8.035564452171288}, "datetime": {"datetime": "2024-04-08 12:23:04", "elapsed": 5711.13975, "delta": 9.394826}}
{"target": -142.82558370575285, "params": {"gamma": 0.002878884211689147, "prior": 1.1406551741706257, "rate": 9.118809174956365}, "datetime": {"datetime": "2024-04-08 12:23:22", "elapsed": 5729.391529, "delta": 18.251779}}
{"target": -142.8099407592723, "params": {"gamma": 0.002218950152334684, "prior": 1.5812340035732748, "rate": 2.872487672502957}, "datetime": {"datetime": "2024-04-08 12:23:31", "elapsed": 5738.960497, "delta": 9.568968}}
{"target": -142.79559719774028, "params": {"gamma": 0.001, "prior": 6.699983580315637, "rate": 4.920270998579806}, "datetime": {"datetime": "2024-04-08 12:23:38", "elapsed": 5745.178513, "delta": 6.218016}}
{"target": -142.7933047385461, "params": {"gamma": 0.001, "prior": 10.0, "rate": 2.74132252891791}, "datetime": {"datetime": "2024-04-08 12:23:55", "elapsed": 5762.83733, "delta": 17.658817}}
{"target": -142.81367558751356, "params": {"gamma": 0.0034261950278305104, "prior": 8.502158487907515, "rate": 6.428490893316041}, "datetime": {"datetime": "2024-04-08 12:24:01", "elapsed": 5768.807996, "delta": 5.970666}}
{"target": -142.84911622097454, "params": {"gamma": 0.006682739032043055, "prior": 6.177936165108509, "rate": 8.44819579670721}, "datetime": {"datetime": "2024-04-08 12:24:21", "elapsed": 5788.062418, "delta": 19.254422}}
{"target": -142.79378579005427, "params": {"gamma": 0.001, "prior": 5.37696371928548, "rate": 1.8639195852152308}, "datetime": {"datetime": "2024-04-08 12:24:39", "elapsed": 5806.228061, "delta": 18.165643}}
{"target": -142.83061363536368, "params": {"gamma": 0.0035716279516872155, "prior": 0.8792565252214981, "rate": 3.749830318532612}, "datetime": {"datetime": "2024-04-08 12:24:47", "elapsed": 5814.466499, "delta": 8.238438}}
{"target": -142.8320118110932, "params": {"gamma": 0.006203561304013342, "prior": 6.649028415302928, "rate": 4.307221522184166}, "datetime": {"datetime": "2024-04-08 12:24:53", "elapsed": 5820.610131, "delta": 6.143632}}
{"target": -142.79191354541473, "params": {"gamma": 0.001, "prior": 8.295842329523339, "rate": 0.9569138362911233}, "datetime": {"datetime": "2024-04-08 12:25:08", "elapsed": 5835.567217, "delta": 14.957086}}
{"target": -142.79542773904672, "params": {"gamma": 0.001, "prior": 8.36282783931309, "rate": 5.755408035238958}, "datetime": {"datetime": "2024-04-08 12:25:22", "elapsed": 5849.247915, "delta": 13.680698}}
{"target": -142.7970429080431, "params": {"gamma": 0.001, "prior": 4.0590932376956115, "rate": 5.104486119326809}, "datetime": {"datetime": "2024-04-08 12:25:36", "elapsed": 5863.298748, "delta": 14.050833}}
{"target": -142.79638255553306, "params": {"gamma": 0.001, "prior": 7.013959373711393, "rate": 6.9132458815970415}, "datetime": {"datetime": "2024-04-08 12:25:45", "elapsed": 5872.468156, "delta": 9.169408}}
{"target": -142.82651138719046, "params": {"gamma": 0.003722692205498671, "prior": 4.223299191746586, "rate": 9.182396739762382}, "datetime": {"datetime": "2024-04-08 12:26:01", "elapsed": 5888.408077, "delta": 15.939921}}
{"target": -142.79678400392328, "params": {"gamma": 0.001, "prior": 8.74844523000602, "rate": 10.0}, "datetime": {"datetime": "2024-04-08 12:26:17", "elapsed": 5904.214554, "delta": 15.806477}}
{"target": -142.79307887969847, "params": {"gamma": 0.001, "prior": 7.257013686181487, "rate": 1.7677594620158363}, "datetime": {"datetime": "2024-04-08 12:26:23", "elapsed": 5910.482482, "delta": 6.267928}}
{"target": -142.80691017010676, "params": {"gamma": 0.0022898202620627445, "prior": 4.7823100231000275, "rate": 4.761374908151663}, "datetime": {"datetime": "2024-04-08 12:26:31", "elapsed": 5918.35193, "delta": 7.869448}}
{"target": -142.79716371269927, "params": {"gamma": 0.001, "prior": 7.605080303907957, "rate": 10.0}, "datetime": {"datetime": "2024-04-08 12:26:44", "elapsed": 5931.423538, "delta": 13.071608}}
{"target": -142.81555342393793, "params": {"gamma": 0.0027715922567082838, "prior": 3.2914830180095063, "rate": 6.130115500008305}, "datetime": {"datetime": "2024-04-08 12:26:58", "elapsed": 5945.504646, "delta": 14.081108}}
{"target": -142.79357053979737, "params": {"gamma": 0.0017668916407017807, "prior": 3.8281937980731255, "rate": 0.2402133419495179}, "datetime": {"datetime": "2024-04-08 12:27:12", "elapsed": 5959.573421, "delta": 14.068775}}
{"target": -142.79904928482873, "params": {"gamma": 0.001, "prior": 3.5079337573125167, "rate": 9.551609358976972}, "datetime": {"datetime": "2024-04-08 12:27:23", "elapsed": 5970.413485, "delta": 10.840064}}
{"target": -142.79081323594747, "params": {"gamma": 0.001, "prior": 8.370779028475539, "rate": 0.24704805014269182}, "datetime": {"datetime": "2024-04-08 12:27:51", "elapsed": 5998.258674, "delta": 27.845189}}
{"target": -142.7936663390138, "params": {"gamma": 0.001, "prior": 10.0, "rate": 3.2763019567906646}, "datetime": {"datetime": "2024-04-08 12:28:00", "elapsed": 6007.051988, "delta": 8.793314}}
{"target": -142.81700293232117, "params": {"gamma": 0.007388159050977774, "prior": 6.010788763542494, "rate": 0.8217696077161085}, "datetime": {"datetime": "2024-04-08 12:28:20", "elapsed": 6027.401292, "delta": 20.349304}}
{"target": -142.83448334081774, "params": {"gamma": 0.0037658265729742938, "prior": 1.7687160557907973, "rate": 9.25103531299622}, "datetime": {"datetime": "2024-04-08 12:28:32", "elapsed": 6039.157353, "delta": 11.756061}}
{"target": -142.81976561642117, "params": {"gamma": 0.0023350000223201486, "prior": 0.3489766753083836, "rate": 4.217373191591487}, "datetime": {"datetime": "2024-04-08 12:28:48", "elapsed": 6055.707576, "delta": 16.550223}}
{"target": -142.82917971371322, "params": {"gamma": 0.0031929391178819894, "prior": 0.46723323869258304, "rate": 3.3672877173931783}, "datetime": {"datetime": "2024-04-08 12:28:55", "elapsed": 6062.040176, "delta": 6.3326}}
{"target": -142.80499663308944, "params": {"gamma": 0.0020364066444172792, "prior": 9.392587335121892, "rate": 9.617592160157752}, "datetime": {"datetime": "2024-04-08 12:29:07", "elapsed": 6074.438656, "delta": 12.39848}}
{"target": -142.79714957582652, "params": {"gamma": 0.001, "prior": 3.6817873784582758, "rate": 4.815995915787428}, "datetime": {"datetime": "2024-04-08 12:29:23", "elapsed": 6090.260247, "delta": 15.821591}}
{"target": -142.802888492281, "params": {"gamma": 0.001, "prior": 0.1, "rate": 9.70632242957924}, "datetime": {"datetime": "2024-04-08 12:29:38", "elapsed": 6105.478954, "delta": 15.218707}}
