{"target": -90.69366674510167, "params": {"p_ai": 3.4298699732349145, "p_al": 0.001, "p_ex": 6.4018407345130015, "prior": 4.57831960108481, "rate": 5.44030331398003}, "datetime": {"datetime": "2024-04-01 15:09:14", "elapsed": 3378.157974, "delta": 7.528759}}
{"target": -98.79626198967146, "params": {"p_ai": 3.9300105354988646, "p_al": 3.5787329597840505, "p_ex": 3.3934536806823448, "prior": 1.3187469854688703, "rate": 9.926055801588873}, "datetime": {"datetime": "2024-04-01 15:09:23", "elapsed": 3388.04085, "delta": 9.882876}}
{"target": -91.81019204856817, "params": {"p_ai": 4.166967771370621, "p_al": 2.004000909830833, "p_ex": 9.814760220502635, "prior": 2.023959964362651, "rate": 2.273507350117524}, "datetime": {"datetime": "2024-04-01 15:09:32", "elapsed": 3396.323041, "delta": 8.282191}}
{"target": -99.67931944192885, "params": {"p_ai": 3.822079866299435, "p_al": 1.420513053256301, "p_ex": 3.252270987738693, "prior": 1.8130982713549024, "rate": 2.3456167467183873}, "datetime": {"datetime": "2024-04-01 15:09:39", "elapsed": 3403.661813, "delta": 7.338772}}
{"target": -94.13465466834633, "params": {"p_ai": 3.582386018449035, "p_al": 10.0, "p_ex": 5.943885488391796, "prior": 10.0, "rate": 3.901356193890593}, "datetime": {"datetime": "2024-04-01 15:09:47", "elapsed": 3412.035186, "delta": 8.373373}}
{"target": -88.96956020894027, "params": {"p_ai": 2.480973847167514, "p_al": 8.112081916351034, "p_ex": 10.0, "prior": 7.083364449235255, "rate": 3.370507996256814}, "datetime": {"datetime": "2024-04-01 15:09:56", "elapsed": 3420.212879, "delta": 8.177693}}
{"target": -119.36303508930519, "params": {"p_ai": 0.19851292391759068, "p_al": 2.970257899050968, "p_ex": 9.607356818694038, "prior": 3.798888077971579, "rate": 3.4910714556982523}, "datetime": {"datetime": "2024-04-01 15:10:04", "elapsed": 3428.464464, "delta": 8.251585}}
{"target": -89.34406521134179, "params": {"p_ai": 3.461458176793026, "p_al": 0.001, "p_ex": 7.353275036835785, "prior": 2.3571068079896507, "rate": 1.9891760690011226}, "datetime": {"datetime": "2024-04-01 15:10:13", "elapsed": 3437.198573, "delta": 8.734109}}
{"target": -97.27465535293358, "params": {"p_ai": 0.001, "p_al": 7.958726661099308, "p_ex": 7.475277019369899, "prior": 1.2792106704677926, "rate": 4.0571113199608355}, "datetime": {"datetime": "2024-04-01 15:10:20", "elapsed": 3444.971249, "delta": 7.772676}}
{"target": -94.01485462967581, "params": {"p_ai": 3.7817954644257368, "p_al": 7.406096262761139, "p_ex": 7.492394758968441, "prior": 10.0, "rate": 2.4844154536684075}, "datetime": {"datetime": "2024-04-01 15:10:33", "elapsed": 3457.834133, "delta": 12.862884}}
{"target": -668.3294084007207, "params": {"p_ai": 0.001, "p_al": 1.1231905735011585, "p_ex": 2.110973414636968, "prior": 0.001, "rate": 10.0}, "datetime": {"datetime": "2024-04-01 15:10:45", "elapsed": 3469.687167, "delta": 11.853034}}
{"target": -85.3198094094561, "params": {"p_ai": 2.6112879336637413, "p_al": 8.908357921605747, "p_ex": 8.367905301252321, "prior": 1.3923300240123009, "rate": 4.635381936145237}, "datetime": {"datetime": "2024-04-01 15:10:53", "elapsed": 3477.986668, "delta": 8.299501}}
{"target": -554.4489010616808, "params": {"p_ai": 3.966453041046381, "p_al": 1.230544867772653, "p_ex": 3.4435330800731245, "prior": 0.001, "rate": 9.463688445273412}, "datetime": {"datetime": "2024-04-01 15:11:07", "elapsed": 3491.228415, "delta": 13.241747}}
{"target": -94.0788296704891, "params": {"p_ai": 3.4386254429590903, "p_al": 2.043177287051817, "p_ex": 6.18633497359026, "prior": 2.42277104851346, "rate": 8.020505013412398}, "datetime": {"datetime": "2024-04-01 15:11:17", "elapsed": 3501.91231, "delta": 10.683895}}
{"target": -104.30099437112392, "params": {"p_ai": 0.5452991660595395, "p_al": 3.319443031895057, "p_ex": 3.3381502760317376, "prior": 3.109263731090678, "rate": 9.92343001723803}, "datetime": {"datetime": "2024-04-01 15:11:26", "elapsed": 3510.871184, "delta": 8.958874}}
{"target": -94.30928504833558, "params": {"p_ai": 3.682233802685878, "p_al": 3.510759282377407, "p_ex": 4.9837921442780395, "prior": 3.064275435559486, "rate": 9.78683988139563}, "datetime": {"datetime": "2024-04-01 15:11:35", "elapsed": 3519.886934, "delta": 9.01575}}
{"target": -99.708074271876, "params": {"p_ai": 2.422043475353155, "p_al": 1.0373255451116863, "p_ex": 2.174088676189507, "prior": 1.3224227169461784, "rate": 8.646394781160375}, "datetime": {"datetime": "2024-04-01 15:11:45", "elapsed": 3529.753703, "delta": 9.866769}}
{"target": -103.94708049506558, "params": {"p_ai": 4.788153698351064, "p_al": 0.8334177772727321, "p_ex": 5.412037856636582, "prior": 3.037615005359813, "rate": 9.369720147962111}, "datetime": {"datetime": "2024-04-01 15:11:57", "elapsed": 3541.971686, "delta": 12.217983}}
{"target": -92.6813141084944, "params": {"p_ai": 1.7734611478591191, "p_al": 1.0611161187530307, "p_ex": 5.254464319509556, "prior": 1.783026350463163, "rate": 8.766247976606268}, "datetime": {"datetime": "2024-04-01 15:12:06", "elapsed": 3550.389594, "delta": 8.417908}}
{"target": -99.26313042902252, "params": {"p_ai": 5.962575718753426, "p_al": 2.694586008845799, "p_ex": 10.0, "prior": 7.7525551645995705, "rate": 3.051320024406075}, "datetime": {"datetime": "2024-04-01 15:12:15", "elapsed": 3560.072764, "delta": 9.68317}}
{"target": -94.52695094198391, "params": {"p_ai": 2.9908449034555344, "p_al": 3.148332884794483, "p_ex": 4.853042173365741, "prior": 5.742003784604218, "rate": 2.6204976665787774}, "datetime": {"datetime": "2024-04-01 15:12:26", "elapsed": 3570.787791, "delta": 10.715027}}
{"target": -107.34489037834699, "params": {"p_ai": 0.7725558151161304, "p_al": 5.361406453823318, "p_ex": 6.2182925724927305, "prior": 10.0, "rate": 6.625204766278406}, "datetime": {"datetime": "2024-04-01 15:12:35", "elapsed": 3579.267729, "delta": 8.479938}}
{"target": -90.47826678555721, "params": {"p_ai": 2.2874379332222143, "p_al": 5.4135695750805155, "p_ex": 10.0, "prior": 3.6100712788026708, "rate": 7.157843073294802}, "datetime": {"datetime": "2024-04-01 15:12:44", "elapsed": 3588.196951, "delta": 8.929222}}
{"target": -100.93190137694629, "params": {"p_ai": 2.1539953371469722, "p_al": 0.001, "p_ex": 6.160243112832176, "prior": 0.5673515125675023, "rate": 9.602762657594404}, "datetime": {"datetime": "2024-04-01 15:12:51", "elapsed": 3595.556309, "delta": 7.359358}}
{"target": -98.7702761753737, "params": {"p_ai": 4.471221240251802, "p_al": 6.4469858984595385, "p_ex": 10.0, "prior": 7.728510686191494, "rate": 0.9438077386605183}, "datetime": {"datetime": "2024-04-01 15:13:00", "elapsed": 3604.543643, "delta": 8.987334}}
{"target": -95.25233934226324, "params": {"p_ai": 1.9581665176196439, "p_al": 0.001, "p_ex": 4.431961926395478, "prior": 1.0640972291975654, "rate": 8.226699423161328}, "datetime": {"datetime": "2024-04-01 15:13:09", "elapsed": 3613.167981, "delta": 8.624338}}
{"target": -88.78001939704023, "params": {"p_ai": 1.9429164671132475, "p_al": 8.979149862784993, "p_ex": 5.882786172398487, "prior": 7.803631741482274, "rate": 7.635403856557969}, "datetime": {"datetime": "2024-04-01 15:13:18", "elapsed": 3622.576284, "delta": 9.408303}}
{"target": -93.04606153725162, "params": {"p_ai": 2.603649295865554, "p_al": 10.0, "p_ex": 3.6849308182695126, "prior": 8.447400830142367, "rate": 10.0}, "datetime": {"datetime": "2024-04-01 15:13:28", "elapsed": 3633.100979, "delta": 10.524695}}
{"target": -99.98058724908209, "params": {"p_ai": 5.679470149445213, "p_al": 0.001, "p_ex": 8.636895166337338, "prior": 10.0, "rate": 2.7457258318262934}, "datetime": {"datetime": "2024-04-01 15:13:41", "elapsed": 3645.598887, "delta": 12.497908}}
{"target": -88.48058544325009, "params": {"p_ai": 3.7555283986872707, "p_al": 8.081718952234079, "p_ex": 9.664333458006718, "prior": 1.5427347527545439, "rate": 2.674644239102763}, "datetime": {"datetime": "2024-04-01 15:13:48", "elapsed": 3653.067381, "delta": 7.468494}}
{"target": -95.7159920153272, "params": {"p_ai": 1.1421160584141101, "p_al": 5.66455453969851, "p_ex": 7.779381010927032, "prior": 3.5156341939552638, "rate": 2.7998934306653096}, "datetime": {"datetime": "2024-04-01 15:14:01", "elapsed": 3665.972343, "delta": 12.904962}}
{"target": -92.0359324464187, "params": {"p_ai": 3.9828065199662874, "p_al": 0.001, "p_ex": 7.834134325674567, "prior": 7.1749101316950545, "rate": 2.209169409566669}, "datetime": {"datetime": "2024-04-01 15:14:20", "elapsed": 3684.556223, "delta": 18.58388}}
{"target": -96.54502853631693, "params": {"p_ai": 4.352158363801647, "p_al": 0.001, "p_ex": 5.627051132243791, "prior": 10.0, "rate": 5.536336094301839}, "datetime": {"datetime": "2024-04-01 15:14:36", "elapsed": 3700.81481, "delta": 16.258587}}
{"target": -104.29842806577166, "params": {"p_ai": 6.06389418445795, "p_al": 9.26048078457147, "p_ex": 10.0, "prior": 10.0, "rate": 8.604483832507382}, "datetime": {"datetime": "2024-04-01 15:14:47", "elapsed": 3711.497676, "delta": 10.682866}}
{"target": -92.65363920548683, "params": {"p_ai": 2.709160691916108, "p_al": 1.9285548585028545, "p_ex": 10.0, "prior": 3.6282923323434337, "rate": 6.3357502722482755}, "datetime": {"datetime": "2024-04-01 15:15:09", "elapsed": 3734.094386, "delta": 22.59671}}
{"target": -101.78950783492608, "params": {"p_ai": 5.75964884613869, "p_al": 10.0, "p_ex": 8.14468865544984, "prior": 10.0, "rate": 3.9069733562946256}, "datetime": {"datetime": "2024-04-01 15:15:17", "elapsed": 3741.389771, "delta": 7.295385}}
{"target": -99.94867996186473, "params": {"p_ai": 4.900940004500869, "p_al": 7.877934034380843, "p_ex": 10.0, "prior": 10.0, "rate": 1.2309436149217143}, "datetime": {"datetime": "2024-04-01 15:15:28", "elapsed": 3753.027883, "delta": 11.638112}}
{"target": -105.85796092769237, "params": {"p_ai": 4.163005925530911, "p_al": 0.09030590237797972, "p_ex": 7.216181363853256, "prior": 1.6884287508959606, "rate": 8.21363565265142}, "datetime": {"datetime": "2024-04-01 15:15:36", "elapsed": 3760.766575, "delta": 7.738692}}
{"target": -114.23396357030347, "params": {"p_ai": 0.001, "p_al": 4.70630175594923, "p_ex": 8.285535679473158, "prior": 5.980573840566764, "rate": 10.0}, "datetime": {"datetime": "2024-04-01 15:15:47", "elapsed": 3772.032322, "delta": 11.265747}}
{"target": -91.12293954764834, "params": {"p_ai": 1.9647678113397986, "p_al": 3.1230049778543174, "p_ex": 3.8937470980924265, "prior": 1.8133392468219562, "rate": 9.928075244393302}, "datetime": {"datetime": "2024-04-01 15:16:02", "elapsed": 3786.556245, "delta": 14.523923}}
{"target": -99.07644262951712, "params": {"p_ai": 3.382878343613655, "p_al": 2.780133398983933, "p_ex": 3.1776724398508285, "prior": 10.0, "rate": 10.0}, "datetime": {"datetime": "2024-04-01 15:16:17", "elapsed": 3801.365375, "delta": 14.80913}}
{"target": -97.11372269077252, "params": {"p_ai": 4.690917824565615, "p_al": 4.967970159589116, "p_ex": 9.83513813323075, "prior": 4.52461068934313, "rate": 6.037739188849049}, "datetime": {"datetime": "2024-04-01 15:16:29", "elapsed": 3813.606802, "delta": 12.241427}}
{"target": -90.17937260550997, "params": {"p_ai": 1.8501587815919065, "p_al": 3.6941615934779524, "p_ex": 8.462246329781182, "prior": 2.0790577057779096, "rate": 5.772974695340516}, "datetime": {"datetime": "2024-04-01 15:16:48", "elapsed": 3832.746726, "delta": 19.139924}}
{"target": -89.11766639946299, "params": {"p_ai": 3.6266534138540463, "p_al": 7.038564275339669, "p_ex": 6.307631369334722, "prior": 6.39159797125638, "rate": 7.065620133731062}, "datetime": {"datetime": "2024-04-01 15:17:00", "elapsed": 3844.42216, "delta": 11.675434}}
{"target": -91.51212157089945, "params": {"p_ai": 4.0143397417946876, "p_al": 2.475698208813547, "p_ex": 10.0, "prior": 8.70306612424124, "rate": 8.321464223192809}, "datetime": {"datetime": "2024-04-01 15:17:12", "elapsed": 3856.808393, "delta": 12.386233}}
{"target": -100.78052522640996, "params": {"p_ai": 3.5186657579676295, "p_al": 5.701049603006543, "p_ex": 2.9366585454654883, "prior": 9.983627616692853, "rate": 9.945275831918638}, "datetime": {"datetime": "2024-04-01 15:17:26", "elapsed": 3871.072232, "delta": 14.263839}}
{"target": -111.3784068278695, "params": {"p_ai": 0.5858920284104847, "p_al": 0.001, "p_ex": 3.4754063327858598, "prior": 8.379705317025163, "rate": 10.0}, "datetime": {"datetime": "2024-04-01 15:17:35", "elapsed": 3879.770331, "delta": 8.698099}}
{"target": -92.25128666867874, "params": {"p_ai": 2.3782139871334618, "p_al": 6.811879795010328, "p_ex": 4.833548492316779, "prior": 9.471677445832865, "rate": 6.349249411598939}, "datetime": {"datetime": "2024-04-01 15:17:43", "elapsed": 3887.850617, "delta": 8.080286}}
{"target": -106.86548751922606, "params": {"p_ai": 4.336060441080006, "p_al": 4.002975543458745, "p_ex": 2.345058446306269, "prior": 2.9640528809805344, "rate": 9.400688194913084}, "datetime": {"datetime": "2024-04-01 15:17:55", "elapsed": 3900.126739, "delta": 12.276122}}
{"target": -96.08026115732363, "params": {"p_ai": 5.403847511941517, "p_al": 5.404086284024686, "p_ex": 10.0, "prior": 3.6000837330754174, "rate": 1.4620507555775961}, "datetime": {"datetime": "2024-04-01 15:18:12", "elapsed": 3916.932009, "delta": 16.80527}}
{"target": -93.73249426807769, "params": {"p_ai": 3.9473257512531745, "p_al": 0.001, "p_ex": 8.37519054618389, "prior": 7.600740493866176, "rate": 10.0}, "datetime": {"datetime": "2024-04-01 15:18:21", "elapsed": 3925.924824, "delta": 8.992815}}
{"target": -95.62625971849442, "params": {"p_ai": 4.179601056902354, "p_al": 1.3679819743696298, "p_ex": 10.0, "prior": 6.099015392196487, "rate": 7.803123917135071}, "datetime": {"datetime": "2024-04-01 15:18:36", "elapsed": 3940.854944, "delta": 14.93012}}
{"target": -100.5380287477041, "params": {"p_ai": 0.11351368751408109, "p_al": 6.428777473354031, "p_ex": 8.535951114313242, "prior": 1.4173717898443083, "rate": 7.229122118169014}, "datetime": {"datetime": "2024-04-01 15:18:48", "elapsed": 3952.435846, "delta": 11.580902}}
{"target": -90.76942790045838, "params": {"p_ai": 1.4208827307325629, "p_al": 7.570340704727231, "p_ex": 8.241353682372273, "prior": 5.949382021626153, "rate": 9.36120829498491}, "datetime": {"datetime": "2024-04-01 15:18:55", "elapsed": 3959.424319, "delta": 6.988473}}
{"target": -121.85397347507276, "params": {"p_ai": 3.65533226937024, "p_al": 4.711478797948733, "p_ex": 10.0, "prior": 5.578108867388033, "rate": 0.02173822171573715}, "datetime": {"datetime": "2024-04-01 15:19:06", "elapsed": 3970.712818, "delta": 11.288499}}
{"target": -96.15276083481467, "params": {"p_ai": 1.7372301002474908, "p_al": 1.1785469532800519, "p_ex": 8.643508685240011, "prior": 3.370651087150256, "rate": 10.0}, "datetime": {"datetime": "2024-04-01 15:19:18", "elapsed": 3982.859974, "delta": 12.147156}}
{"target": -97.82336014659484, "params": {"p_ai": 4.085212042492384, "p_al": 4.640384428675697, "p_ex": 4.28424113830201, "prior": 5.497439192035428, "rate": 4.480746429625393}, "datetime": {"datetime": "2024-04-01 15:19:30", "elapsed": 3995.114341, "delta": 12.254367}}
{"target": -94.7992230967913, "params": {"p_ai": 3.04327690434471, "p_al": 3.0795126129964516, "p_ex": 7.716979739259479, "prior": 2.749497225008789, "rate": 10.0}, "datetime": {"datetime": "2024-04-01 15:19:39", "elapsed": 4003.201376, "delta": 8.087035}}
{"target": -88.86504596977015, "params": {"p_ai": 2.296259324273485, "p_al": 2.7826011765942207, "p_ex": 7.765332974554853, "prior": 10.0, "rate": 10.0}, "datetime": {"datetime": "2024-04-01 15:19:46", "elapsed": 4010.921178, "delta": 7.719802}}
{"target": -95.15150762769125, "params": {"p_ai": 4.66457118775759, "p_al": 4.622637336969387, "p_ex": 7.694305860860541, "prior": 7.36937498993779, "rate": 7.967902673617872}, "datetime": {"datetime": "2024-04-01 15:19:58", "elapsed": 4022.725819, "delta": 11.804641}}
{"target": -90.8470583538343, "params": {"p_ai": 2.2615797186578717, "p_al": 6.767605587831185, "p_ex": 5.271086570104634, "prior": 2.431182953894922, "rate": 2.2482886181106427}, "datetime": {"datetime": "2024-04-01 15:20:07", "elapsed": 4031.510312, "delta": 8.784493}}
{"target": -99.4400034925692, "params": {"p_ai": 5.1332087421468975, "p_al": 7.069531566380202, "p_ex": 9.840867156004123, "prior": 8.227710786661829, "rate": 9.52828836571694}, "datetime": {"datetime": "2024-04-01 15:20:14", "elapsed": 4039.137466, "delta": 7.627154}}
{"target": -103.3524566480004, "params": {"p_ai": 5.690427360515877, "p_al": 7.014888262153007, "p_ex": 10.0, "prior": 2.5032671176800254, "rate": 3.3233334584703695}, "datetime": {"datetime": "2024-04-01 15:20:24", "elapsed": 4048.240154, "delta": 9.102688}}
{"target": -101.30968219589253, "params": {"p_ai": 5.32711699659871, "p_al": 0.001, "p_ex": 6.471204188222809, "prior": 7.613496029515582, "rate": 3.9351291036823612}, "datetime": {"datetime": "2024-04-01 15:20:32", "elapsed": 4057.035873, "delta": 8.795719}}
{"target": -101.00963713924848, "params": {"p_ai": 2.964137653041715, "p_al": 2.511810916665031, "p_ex": 2.4029826725870884, "prior": 6.497318980353918, "rate": 10.0}, "datetime": {"datetime": "2024-04-01 15:20:45", "elapsed": 4069.793025, "delta": 12.757152}}
{"target": -98.50907240022983, "params": {"p_ai": 3.7021102763565006, "p_al": 0.001, "p_ex": 6.127050298263819, "prior": 9.09530324814687, "rate": 1.8824774863437619}, "datetime": {"datetime": "2024-04-01 15:20:57", "elapsed": 4081.884656, "delta": 12.091631}}
{"target": -134.00056887907542, "params": {"p_ai": 0.001, "p_al": 0.001, "p_ex": 6.508939082975671, "prior": 10.0, "rate": 5.236620742718729}, "datetime": {"datetime": "2024-04-01 15:21:07", "elapsed": 4091.834639, "delta": 9.949983}}
{"target": -90.6985206947645, "params": {"p_ai": 2.2684971524756414, "p_al": 3.5446414730035527, "p_ex": 9.99273651628089, "prior": 8.473853820471412, "rate": 6.249707596001686}, "datetime": {"datetime": "2024-04-01 15:21:17", "elapsed": 4101.513889, "delta": 9.67925}}
{"target": -98.49339055468164, "params": {"p_ai": 4.746087617461054, "p_al": 3.0262314937795667, "p_ex": 5.550682596167486, "prior": 8.679894451524468, "rate": 6.53299686416393}, "datetime": {"datetime": "2024-04-01 15:21:26", "elapsed": 4110.813879, "delta": 9.29999}}
{"target": -92.92711622740379, "params": {"p_ai": 3.5523069737164197, "p_al": 3.163372129788767, "p_ex": 7.131780695729481, "prior": 2.325439476444365, "rate": 6.19212802428545}, "datetime": {"datetime": "2024-04-01 15:21:37", "elapsed": 4121.234975, "delta": 10.421096}}
{"target": -112.9138061211432, "params": {"p_ai": 0.001, "p_al": 6.758846837287151, "p_ex": 10.0, "prior": 4.760898959690592, "rate": 10.0}, "datetime": {"datetime": "2024-04-01 15:21:46", "elapsed": 4130.950182, "delta": 9.715207}}
{"target": -94.95109841072336, "params": {"p_ai": 4.738180615427089, "p_al": 2.463324767308721, "p_ex": 7.650817786112632, "prior": 6.927730330326301, "rate": 5.876805427527288}, "datetime": {"datetime": "2024-04-01 15:22:01", "elapsed": 4145.163858, "delta": 14.213676}}
{"target": -97.0774123318931, "params": {"p_ai": 4.8534772014951155, "p_al": 9.994507575627765, "p_ex": 8.342712704098703, "prior": 5.974743486823326, "rate": 8.572208171674967}, "datetime": {"datetime": "2024-04-01 15:22:15", "elapsed": 4159.349337, "delta": 14.185479}}
{"target": -92.85475550507667, "params": {"p_ai": 2.7015382765679297, "p_al": 7.611273871303076, "p_ex": 3.5051044362407704, "prior": 5.929878308711966, "rate": 9.95990520545747}, "datetime": {"datetime": "2024-04-01 15:22:24", "elapsed": 4168.877003, "delta": 9.527666}}
{"target": -124.66754979901161, "params": {"p_ai": 4.242707863713272, "p_al": 10.0, "p_ex": 10.0, "prior": 10.0, "rate": 0.001}, "datetime": {"datetime": "2024-04-01 15:22:38", "elapsed": 4182.189092, "delta": 13.312089}}
{"target": -93.07424481702515, "params": {"p_ai": 4.276602380977882, "p_al": 1.547753346098368, "p_ex": 7.375530071162608, "prior": 7.958368656004401, "rate": 7.842524702918786}, "datetime": {"datetime": "2024-04-01 15:22:46", "elapsed": 4190.374385, "delta": 8.185293}}
{"target": -93.68924124482045, "params": {"p_ai": 3.9839138515269035, "p_al": 5.545038603977461, "p_ex": 10.0, "prior": 10.0, "rate": 1.6469959690967289}, "datetime": {"datetime": "2024-04-01 15:23:00", "elapsed": 4204.896695, "delta": 14.52231}}
{"target": -101.0254495642018, "params": {"p_ai": 5.9876096092108195, "p_al": 10.0, "p_ex": 10.0, "prior": 6.300848226697884, "rate": 3.898786834773176}, "datetime": {"datetime": "2024-04-01 15:23:12", "elapsed": 4216.82681, "delta": 11.930115}}
{"target": -97.3150383664666, "params": {"p_ai": 3.233561873074409, "p_al": 0.001, "p_ex": 5.662508249704479, "prior": 1.458402636149243, "rate": 7.507411135012137}, "datetime": {"datetime": "2024-04-01 15:23:26", "elapsed": 4231.112063, "delta": 14.285253}}
{"target": -99.5034741799825, "params": {"p_ai": 3.607527714978455, "p_al": 4.010279482569054, "p_ex": 3.968161570186891, "prior": 10.0, "rate": 4.700917026660116}, "datetime": {"datetime": "2024-04-01 15:23:34", "elapsed": 4238.890464, "delta": 7.778401}}
{"target": -104.20531645352429, "params": {"p_ai": 0.7289884191617594, "p_al": 2.023883645703561, "p_ex": 4.951691992734697, "prior": 6.938938992647023, "rate": 8.08282018391874}, "datetime": {"datetime": "2024-04-01 15:23:49", "elapsed": 4253.819822, "delta": 14.929358}}
{"target": -111.34593577298287, "params": {"p_ai": 5.665856554075822, "p_al": 2.8558577865927868, "p_ex": 9.57863625229172, "prior": 2.6182596577481485, "rate": 0.26152271765957796}, "datetime": {"datetime": "2024-04-01 15:24:04", "elapsed": 4268.861533, "delta": 15.041711}}
{"target": -114.66435775056672, "params": {"p_ai": 0.001, "p_al": 0.001, "p_ex": 6.9343538545087275, "prior": 4.252967063739693, "rate": 10.0}, "datetime": {"datetime": "2024-04-01 15:24:22", "elapsed": 4287.044996, "delta": 18.183463}}
{"target": -122.4149243199157, "params": {"p_ai": 0.001, "p_al": 0.001, "p_ex": 10.0, "prior": 3.9529136457616723, "rate": 6.535593446309139}, "datetime": {"datetime": "2024-04-01 15:24:32", "elapsed": 4297.002683, "delta": 9.957687}}
