{"target": -141.7741794063148, "params": {"gamma": 0.004785182888138342, "lr": 0.22634321365536836}, "datetime": {"datetime": "2024-03-29 22:18:51", "elapsed": 327.013542, "delta": 8.237079}}
{"target": -311.2935850241707, "params": {"gamma": 2.640222073447145, "lr": 0.47197006705805733}, "datetime": {"datetime": "2024-03-29 22:19:01", "elapsed": 336.761675, "delta": 9.748133}}
{"target": -281.8894069500867, "params": {"gamma": 2.462252806881651, "lr": 0.4249268091071531}, "datetime": {"datetime": "2024-03-29 22:19:08", "elapsed": 343.446444, "delta": 6.684769}}
{"target": -138.24231685498364, "params": {"gamma": 0.08964151667014869, "lr": 0.9999044399564677}, "datetime": {"datetime": "2024-03-29 22:19:22", "elapsed": 358.201698, "delta": 14.755254}}
{"target": -132.2020864737859, "params": {"gamma": 0.4615083705370659, "lr": 0.3944141648723192}, "datetime": {"datetime": "2024-03-29 22:19:26", "elapsed": 362.207285, "delta": 4.005587}}
{"target": -223.24758597322173, "params": {"gamma": 0.9096414830714953, "lr": 0.9637579622040181}, "datetime": {"datetime": "2024-03-29 22:19:36", "elapsed": 371.731037, "delta": 9.523752}}
{"target": -141.77456227006263, "params": {"gamma": 0.2526032821441886, "lr": 0.9965227105561166}, "datetime": {"datetime": "2024-03-29 22:19:49", "elapsed": 384.745752, "delta": 13.014715}}
{"target": -209.65754039185552, "params": {"gamma": 1.6782640822541735, "lr": 0.4125672532921797}, "datetime": {"datetime": "2024-03-29 22:19:53", "elapsed": 389.11792, "delta": 4.372168}}
{"target": -520.4175693379955, "params": {"gamma": 3.591206642064443, "lr": 0.6387740582425893}, "datetime": {"datetime": "2024-03-29 22:20:01", "elapsed": 397.060055, "delta": 7.942135}}
{"target": -159.15967631773142, "params": {"gamma": 0.7555569651057324, "lr": 0.5715865764341339}, "datetime": {"datetime": "2024-03-29 22:20:07", "elapsed": 403.144928, "delta": 6.084873}}
{"target": -314.8326466583076, "params": {"gamma": 2.079335596881163, "lr": 0.6346897068060462}, "datetime": {"datetime": "2024-03-29 22:20:20", "elapsed": 416.266483, "delta": 13.121555}}
{"target": -150.09810871121616, "params": {"gamma": 0.38774783472807445, "lr": 0.8543480371979603}, "datetime": {"datetime": "2024-03-29 22:20:29", "elapsed": 425.024908, "delta": 8.758425}}
{"target": -395.85451958074214, "params": {"gamma": 1.0381885829812243, "lr": 0.0004164117009537449}, "datetime": {"datetime": "2024-03-29 22:20:33", "elapsed": 429.044944, "delta": 4.020036}}
{"target": -259.6286286133164, "params": {"gamma": 1.6520343677812377, "lr": 0.6081624772293275}, "datetime": {"datetime": "2024-03-29 22:20:46", "elapsed": 441.512097, "delta": 12.467153}}
{"target": -263.95474524593817, "params": {"gamma": 1.7758524119139165, "lr": 0.5680398818669781}, "datetime": {"datetime": "2024-03-29 22:20:56", "elapsed": 452.306707, "delta": 10.79461}}
{"target": -150.7630459493822, "params": {"gamma": 0.6383998789414952, "lr": 0.563655284948977}, "datetime": {"datetime": "2024-03-29 22:21:02", "elapsed": 457.879014, "delta": 5.572307}}
{"target": -185.12563344791135, "params": {"gamma": 0.75141208373195, "lr": 0.8070965566438162}, "datetime": {"datetime": "2024-03-29 22:21:09", "elapsed": 464.514907, "delta": 6.635893}}
{"target": -436.1617068673634, "params": {"gamma": 1.5896695124704359, "lr": 0.12419410587444357}, "datetime": {"datetime": "2024-03-29 22:21:14", "elapsed": 470.040462, "delta": 5.525555}}
{"target": -302.93443735765146, "params": {"gamma": 1.377404536016128, "lr": 0.9288417396683036}, "datetime": {"datetime": "2024-03-29 22:21:25", "elapsed": 480.426937, "delta": 10.386475}}
{"target": -141.97937628924745, "params": {"gamma": 0.00178896902701416, "lr": 0.561560822682975}, "datetime": {"datetime": "2024-03-29 22:21:30", "elapsed": 485.689323, "delta": 5.262386}}
{"target": -350.75862331055424, "params": {"gamma": 3.169530753418497, "lr": 0.4195163409691933}, "datetime": {"datetime": "2024-03-29 22:21:38", "elapsed": 493.670673, "delta": 7.98135}}
{"target": -184.30225680768686, "params": {"gamma": 1.3491350626129417, "lr": 0.3912003330288325}, "datetime": {"datetime": "2024-03-29 22:21:47", "elapsed": 502.467281, "delta": 8.796608}}
{"target": -156.61687658224537, "params": {"gamma": 0.9057145489341409, "lr": 0.46280661749900653}, "datetime": {"datetime": "2024-03-29 22:21:55", "elapsed": 511.202027, "delta": 8.734746}}
{"target": -149.49469113255293, "params": {"gamma": 0.5288575150327909, "lr": 0.697948185266556}, "datetime": {"datetime": "2024-03-29 22:22:04", "elapsed": 519.955019, "delta": 8.752992}}
{"target": -209.1088285936531, "params": {"gamma": 0.7993641689234259, "lr": 0.14537080499833377}, "datetime": {"datetime": "2024-03-29 22:22:15", "elapsed": 531.284053, "delta": 11.329034}}
{"target": -188.01168355797944, "params": {"gamma": 1.1081718118667143, "lr": 0.5354584185671122}, "datetime": {"datetime": "2024-03-29 22:22:22", "elapsed": 538.219169, "delta": 6.935116}}
{"target": -1640.121364923844, "params": {"gamma": 8.289536893768322, "lr": 0.9850220411168592}, "datetime": {"datetime": "2024-03-29 22:22:26", "elapsed": 541.357385, "delta": 3.138216}}
{"target": -134.71753213974083, "params": {"gamma": 0.21366689915326176, "lr": 0.21300578819021032}, "datetime": {"datetime": "2024-03-29 22:22:32", "elapsed": 547.664344, "delta": 6.306959}}
{"target": -134.83521938275845, "params": {"gamma": 0.2603782488441531, "lr": 0.5980013611729144}, "datetime": {"datetime": "2024-03-29 22:22:44", "elapsed": 559.814254, "delta": 12.14991}}
{"target": -170.70501551569217, "params": {"gamma": 0.9306884211976678, "lr": 0.3114298797852778}, "datetime": {"datetime": "2024-03-29 22:22:51", "elapsed": 566.806212, "delta": 6.991958}}
{"target": -142.41554711757965, "params": {"gamma": 0.4473025823123476, "lr": 0.6433289627181112}, "datetime": {"datetime": "2024-03-29 22:23:02", "elapsed": 578.268325, "delta": 11.462113}}
{"target": -143.51278001065458, "params": {"gamma": 0.0928319056626788, "lr": 0.06925611284956246}, "datetime": {"datetime": "2024-03-29 22:23:14", "elapsed": 589.93465, "delta": 11.666325}}
{"target": -207.78693309517604, "params": {"gamma": 0.9767952104756222, "lr": 0.18846224657435917}, "datetime": {"datetime": "2024-03-29 22:23:20", "elapsed": 595.396453, "delta": 5.461803}}
{"target": -175.3753011411517, "params": {"gamma": 0.6226614593947953, "lr": 0.8364455182875943}, "datetime": {"datetime": "2024-03-29 22:23:26", "elapsed": 601.48279, "delta": 6.086337}}
{"target": -330.44828087467874, "params": {"gamma": 1.530816834435482, "lr": 0.9947799228608103}, "datetime": {"datetime": "2024-03-29 22:23:31", "elapsed": 607.041465, "delta": 5.558675}}
{"target": -273.7215314876378, "params": {"gamma": 1.877684458672866, "lr": 0.22439558329593545}, "datetime": {"datetime": "2024-03-29 22:23:44", "elapsed": 619.653598, "delta": 12.612133}}
{"target": -135.22881822362203, "params": {"gamma": 0.3527681524504827, "lr": 0.5037692658481353}, "datetime": {"datetime": "2024-03-29 22:23:55", "elapsed": 630.821078, "delta": 11.16748}}
{"target": -376.88361711801275, "params": {"gamma": 2.71308823837399, "lr": 0.28945443187565856}, "datetime": {"datetime": "2024-03-29 22:24:08", "elapsed": 643.410893, "delta": 12.589815}}
{"target": -250.12789321335225, "params": {"gamma": 1.0729451567514698, "lr": 0.9998837363961596}, "datetime": {"datetime": "2024-03-29 22:24:14", "elapsed": 649.88014, "delta": 6.469247}}
{"target": -138.59968605869233, "params": {"gamma": 0.07191926627912848, "lr": 0.19582873389332833}, "datetime": {"datetime": "2024-03-29 22:24:23", "elapsed": 659.173154, "delta": 9.293014}}
{"target": -802.7096639928029, "params": {"gamma": 2.1922580765470645, "lr": 0.0004577643627423633}, "datetime": {"datetime": "2024-03-29 22:24:29", "elapsed": 664.9426, "delta": 5.769446}}
{"target": -139.45172177005844, "params": {"gamma": 0.48337928171318967, "lr": 0.3261669246469192}, "datetime": {"datetime": "2024-03-29 22:24:37", "elapsed": 673.318791, "delta": 8.376191}}
{"target": -152.69312814199225, "params": {"gamma": 0.4568424242851265, "lr": 0.8016001503756078}, "datetime": {"datetime": "2024-03-29 22:24:52", "elapsed": 687.384793, "delta": 14.066002}}
{"target": -408.0276533891395, "params": {"gamma": 3.694073497268851, "lr": 0.3962177932239104}, "datetime": {"datetime": "2024-03-29 22:25:01", "elapsed": 696.55627, "delta": 9.171477}}
{"target": -318.4342166004206, "params": {"gamma": 1.7225579440091832, "lr": 0.768779704287032}, "datetime": {"datetime": "2024-03-29 22:25:11", "elapsed": 707.233871, "delta": 10.677601}}
{"target": -138.07008587474337, "params": {"gamma": 0.056432719709362894, "lr": 0.43828493198119045}, "datetime": {"datetime": "2024-03-29 22:25:18", "elapsed": 714.270364, "delta": 7.036493}}
{"target": -195.65171341944645, "params": {"gamma": 1.4144018574290027, "lr": 0.4663277242291357}, "datetime": {"datetime": "2024-03-29 22:25:28", "elapsed": 723.569167, "delta": 9.298803}}
{"target": -202.57032799582151, "params": {"gamma": 1.2539452611696016, "lr": 0.5048836567115557}, "datetime": {"datetime": "2024-03-29 22:25:41", "elapsed": 736.388913, "delta": 12.819746}}
{"target": -134.846586265189, "params": {"gamma": 0.15894445065513782, "lr": 0.5047759823326519}, "datetime": {"datetime": "2024-03-29 22:25:50", "elapsed": 745.868015, "delta": 9.479102}}
{"target": -235.3821913614534, "params": {"gamma": 0.5443343752412868, "lr": 0.04234391526250059}, "datetime": {"datetime": "2024-03-29 22:26:01", "elapsed": 757.256627, "delta": 11.388612}}
{"target": -142.09517201478903, "params": {"gamma": 0.7708099439652715, "lr": 0.0}, "datetime": {"datetime": "2024-03-29 22:26:09", "elapsed": 765.152738, "delta": 7.896111}}
{"target": -142.09517201478903, "params": {"gamma": 0.394801607327513, "lr": 0.0}, "datetime": {"datetime": "2024-03-29 22:26:23", "elapsed": 779.077865, "delta": 13.925127}}
{"target": -134.82654721005824, "params": {"gamma": 0.3408031321552423, "lr": 0.3042139090966358}, "datetime": {"datetime": "2024-03-29 22:26:29", "elapsed": 785.209239, "delta": 6.131374}}
{"target": -136.5568415566279, "params": {"gamma": 0.33003756056235073, "lr": 0.6185805322942383}, "datetime": {"datetime": "2024-03-29 22:26:38", "elapsed": 793.355406, "delta": 8.146167}}
{"target": -132.9587830959524, "params": {"gamma": 0.5862870466097941, "lr": 0.36062834446100245}, "datetime": {"datetime": "2024-03-29 22:26:48", "elapsed": 803.778404, "delta": 10.422998}}
{"target": -350.36019845421305, "params": {"gamma": 3.0271131461491625, "lr": 0.4620022984618044}, "datetime": {"datetime": "2024-03-29 22:26:53", "elapsed": 808.740343, "delta": 4.961939}}
{"target": -1320.2739464037552, "params": {"gamma": 3.6321830303402183, "lr": 0.012885773846974646}, "datetime": {"datetime": "2024-03-29 22:26:57", "elapsed": 812.409217, "delta": 3.668874}}
{"target": -170.09251143030787, "params": {"gamma": 1.1193300285360446, "lr": 0.44256133984764057}, "datetime": {"datetime": "2024-03-29 22:27:02", "elapsed": 817.460298, "delta": 5.051081}}
{"target": -230.00352840360077, "params": {"gamma": 1.1329290043926592, "lr": 0.1827232982100062}, "datetime": {"datetime": "2024-03-29 22:27:10", "elapsed": 826.219563, "delta": 8.759265}}
{"target": -137.94439676293308, "params": {"gamma": 0.15272979991454913, "lr": 0.8597632903882498}, "datetime": {"datetime": "2024-03-29 22:27:24", "elapsed": 840.159404, "delta": 13.939841}}
{"target": -136.69126248352148, "params": {"gamma": 0.10477739789229987, "lr": 0.6219436304467469}, "datetime": {"datetime": "2024-03-29 22:27:30", "elapsed": 845.383512, "delta": 5.224108}}
{"target": -216.47439452986822, "params": {"gamma": 1.0354521210999117, "lr": 0.7827426859589939}, "datetime": {"datetime": "2024-03-29 22:27:39", "elapsed": 855.26672, "delta": 9.883208}}
{"target": -132.0167502107513, "params": {"gamma": 0.23262865827965512, "lr": 0.37358281239498947}, "datetime": {"datetime": "2024-03-29 22:27:48", "elapsed": 863.873858, "delta": 8.607138}}
{"target": -653.4611843860644, "params": {"gamma": 1.7735335651622497, "lr": 0.03900717221341454}, "datetime": {"datetime": "2024-03-29 22:27:54", "elapsed": 870.28851, "delta": 6.414652}}
{"target": -199.74819253657768, "params": {"gamma": 1.189389252759033, "lr": 0.5715799434949014}, "datetime": {"datetime": "2024-03-29 22:28:01", "elapsed": 877.282467, "delta": 6.993957}}
{"target": -680.3565720848657, "params": {"gamma": 1.8492137281904266, "lr": 0.004704713355210832}, "datetime": {"datetime": "2024-03-29 22:28:14", "elapsed": 890.266337, "delta": 12.98387}}
{"target": -422.43433467587545, "params": {"gamma": 2.665178311805187, "lr": 0.6750551947052452}, "datetime": {"datetime": "2024-03-29 22:28:20", "elapsed": 895.7929, "delta": 5.526563}}
{"target": -164.5866880816536, "params": {"gamma": 0.8506529937699094, "lr": 0.5220414683127298}, "datetime": {"datetime": "2024-03-29 22:28:34", "elapsed": 909.888899, "delta": 14.095999}}
{"target": -133.85801038582505, "params": {"gamma": 0.18567302404805672, "lr": 0.28985244110697206}, "datetime": {"datetime": "2024-03-29 22:28:46", "elapsed": 921.576601, "delta": 11.687702}}
{"target": -300.7106951341632, "params": {"gamma": 2.534082377726671, "lr": 0.4814666116337136}, "datetime": {"datetime": "2024-03-29 22:28:53", "elapsed": 929.121815, "delta": 7.545214}}
{"target": -333.82983830596197, "params": {"gamma": 1.8001641577696583, "lr": 0.18333748211172152}, "datetime": {"datetime": "2024-03-29 22:28:59", "elapsed": 934.776794, "delta": 5.654979}}
{"target": -141.82459883902482, "params": {"gamma": 0.003992343460481494, "lr": 0.8058475375536067}, "datetime": {"datetime": "2024-03-29 22:29:08", "elapsed": 943.70923, "delta": 8.932436}}
{"target": -237.43894789762925, "params": {"gamma": 1.5666802313907484, "lr": 0.28864520316136166}, "datetime": {"datetime": "2024-03-29 22:29:18", "elapsed": 954.323098, "delta": 10.613868}}
{"target": -142.0532273582603, "params": {"gamma": 0.001, "lr": 0.12144670789846639}, "datetime": {"datetime": "2024-03-29 22:29:23", "elapsed": 959.314256, "delta": 4.991158}}
{"target": -187.8702239467435, "params": {"gamma": 0.5843000486518616, "lr": 1.0}, "datetime": {"datetime": "2024-03-29 22:29:36", "elapsed": 971.654656, "delta": 12.3404}}
{"target": -179.41939504627098, "params": {"gamma": 0.9324299585836836, "lr": 0.6088603083409948}, "datetime": {"datetime": "2024-03-29 22:29:45", "elapsed": 981.02711, "delta": 9.372454}}
{"target": -232.5859462221555, "params": {"gamma": 0.967279977860077, "lr": 0.9226744769994881}, "datetime": {"datetime": "2024-03-29 22:30:04", "elapsed": 999.528622, "delta": 18.501512}}
{"target": -301.8517919538568, "params": {"gamma": 1.186398593364138, "lr": 1.0}, "datetime": {"datetime": "2024-03-29 22:30:10", "elapsed": 1006.163784, "delta": 6.635162}}
{"target": -155.20123915843274, "params": {"gamma": 0.518332208059139, "lr": 0.7620277056075394}, "datetime": {"datetime": "2024-03-29 22:30:25", "elapsed": 1020.42798, "delta": 14.264196}}
{"target": -158.6866926100423, "params": {"gamma": 0.4685895050939748, "lr": 0.8712228064850374}, "datetime": {"datetime": "2024-03-29 22:30:36", "elapsed": 1031.799673, "delta": 11.371693}}
{"target": -142.09517201478903, "params": {"gamma": 0.15323317727261246, "lr": 0.0}, "datetime": {"datetime": "2024-03-29 22:30:49", "elapsed": 1044.672417, "delta": 12.872744}}
{"target": -170.59203224045808, "params": {"gamma": 1.2038760473729102, "lr": 0.41296466408678345}, "datetime": {"datetime": "2024-03-29 22:31:07", "elapsed": 1062.641239, "delta": 17.968822}}
{"target": -147.53307026265105, "params": {"gamma": 0.6313968416288586, "lr": 0.30765466155677623}, "datetime": {"datetime": "2024-03-29 22:31:17", "elapsed": 1072.997315, "delta": 10.356076}}
{"target": -139.9102864147198, "params": {"gamma": 0.3022739993226709, "lr": 0.17359616854942006}, "datetime": {"datetime": "2024-03-29 22:31:24", "elapsed": 1080.071125, "delta": 7.07381}}
{"target": -142.09517201478903, "params": {"gamma": 1.7747326698320167, "lr": 0.0}, "datetime": {"datetime": "2024-03-29 22:31:35", "elapsed": 1091.293921, "delta": 11.222796}}
{"target": -739.7367341143078, "params": {"gamma": 3.860405504205809, "lr": 0.8648326547507652}, "datetime": {"datetime": "2024-03-29 22:31:39", "elapsed": 1094.964325, "delta": 3.670404}}
{"target": -219.0333724589377, "params": {"gamma": 1.3702081989423447, "lr": 0.5817154349980718}, "datetime": {"datetime": "2024-03-29 22:31:46", "elapsed": 1101.565631, "delta": 6.601306}}
{"target": -165.1118895669388, "params": {"gamma": 0.6334774297977219, "lr": 0.18758551081363561}, "datetime": {"datetime": "2024-03-29 22:31:54", "elapsed": 1110.163917, "delta": 8.598286}}
{"target": -294.0006774115968, "params": {"gamma": 1.3269595359869926, "lr": 0.9984855778905464}, "datetime": {"datetime": "2024-03-29 22:32:01", "elapsed": 1116.556156, "delta": 6.392239}}
{"target": -161.426972758201, "params": {"gamma": 0.6698107512422429, "lr": 0.6909715494532377}, "datetime": {"datetime": "2024-03-29 22:32:07", "elapsed": 1123.118505, "delta": 6.562349}}
{"target": -135.78526165224795, "params": {"gamma": 0.4842842603227139, "lr": 0.46354387501171723}, "datetime": {"datetime": "2024-03-29 22:32:19", "elapsed": 1134.900255, "delta": 11.78175}}
{"target": -142.09517201478903, "params": {"gamma": 0.6461790769984136, "lr": 0.0}, "datetime": {"datetime": "2024-03-29 22:32:28", "elapsed": 1143.330535, "delta": 8.43028}}
{"target": -131.47338854261625, "params": {"gamma": 0.2057376886528628, "lr": 0.4411126313831055}, "datetime": {"datetime": "2024-03-29 22:32:39", "elapsed": 1154.498339, "delta": 11.167804}}
{"target": -200.4538865180356, "params": {"gamma": 1.571816539938615, "lr": 0.40590562533854524}, "datetime": {"datetime": "2024-03-29 22:32:46", "elapsed": 1161.92972, "delta": 7.431381}}
{"target": -136.9471702495269, "params": {"gamma": 0.11511001914753337, "lr": 0.7551015185013876}, "datetime": {"datetime": "2024-03-29 22:32:57", "elapsed": 1172.366494, "delta": 10.436774}}
{"target": -390.8897527549261, "params": {"gamma": 3.5735176601114187, "lr": 0.4010102341231838}, "datetime": {"datetime": "2024-03-29 22:33:04", "elapsed": 1180.311615, "delta": 7.945121}}
{"target": -131.4588727650864, "params": {"gamma": 0.37641118243261057, "lr": 0.36923098788433206}, "datetime": {"datetime": "2024-03-29 22:33:12", "elapsed": 1187.712758, "delta": 7.401143}}
{"target": -140.77030184210741, "params": {"gamma": 0.10612071210388688, "lr": 0.14011660295108067}, "datetime": {"datetime": "2024-03-29 22:33:23", "elapsed": 1198.523771, "delta": 10.811013}}
{"target": -248.47767025160888, "params": {"gamma": 1.6843468973935072, "lr": 0.3124100141951698}, "datetime": {"datetime": "2024-03-29 22:33:33", "elapsed": 1209.291033, "delta": 10.767262}}
{"target": -527.4577601178529, "params": {"gamma": 3.4290731165393327, "lr": 0.7205655379135241}, "datetime": {"datetime": "2024-03-29 22:33:37", "elapsed": 1213.282883, "delta": 3.99185}}
{"target": -155.1722603466431, "params": {"gamma": 0.9764502631734225, "lr": 0.35704820288202715}, "datetime": {"datetime": "2024-03-29 22:33:51", "elapsed": 1226.437422, "delta": 13.154539}}
{"target": -139.15725933330617, "params": {"gamma": 0.19457730332585452, "lr": 0.9959797654143241}, "datetime": {"datetime": "2024-03-29 22:33:56", "elapsed": 1231.783759, "delta": 5.346337}}
{"target": -247.16305796351983, "params": {"gamma": 2.018015044264903, "lr": 0.3442883030975398}, "datetime": {"datetime": "2024-03-29 22:34:09", "elapsed": 1245.109707, "delta": 13.325948}}
{"target": -140.45860287412793, "params": {"gamma": 0.4562170259006939, "lr": 0.5837405360874502}, "datetime": {"datetime": "2024-03-29 22:34:25", "elapsed": 1261.141406, "delta": 16.031699}}
{"target": -548.0540984393695, "params": {"gamma": 2.69165146812986, "lr": 0.9990327658265429}, "datetime": {"datetime": "2024-03-29 22:34:37", "elapsed": 1272.417804, "delta": 11.276398}}
{"target": -167.1579817250643, "params": {"gamma": 0.7753736105078619, "lr": 0.6363674571430703}, "datetime": {"datetime": "2024-03-29 22:34:45", "elapsed": 1280.626102, "delta": 8.208298}}
{"target": -471.89568439801445, "params": {"gamma": 3.37906465860778, "lr": 0.2570789495628877}, "datetime": {"datetime": "2024-03-29 22:34:51", "elapsed": 1286.567455, "delta": 5.941353}}
{"target": -431.56881541721356, "params": {"gamma": 3.2176767376816464, "lr": 0.3035708026621856}, "datetime": {"datetime": "2024-03-29 22:35:03", "elapsed": 1298.921316, "delta": 12.353861}}
{"target": -272.2649624583593, "params": {"gamma": 2.2709143490966293, "lr": 0.3470911135891165}, "datetime": {"datetime": "2024-03-29 22:35:14", "elapsed": 1310.056585, "delta": 11.135269}}
{"target": -147.54300155412528, "params": {"gamma": 0.3573251912082167, "lr": 0.9008784515270182}, "datetime": {"datetime": "2024-03-29 22:35:21", "elapsed": 1316.52022, "delta": 6.463635}}
{"target": -142.0217958577486, "params": {"gamma": 0.001, "lr": 1.0}, "datetime": {"datetime": "2024-03-29 22:35:26", "elapsed": 1322.111931, "delta": 5.591711}}
{"target": -143.1666868579357, "params": {"gamma": 0.3324799799492669, "lr": 0.8286793158791379}, "datetime": {"datetime": "2024-03-29 22:35:32", "elapsed": 1327.476934, "delta": 5.365003}}
{"target": -159.48261702799707, "params": {"gamma": 0.7251393415925126, "lr": 0.21502317891131129}, "datetime": {"datetime": "2024-03-29 22:35:44", "elapsed": 1339.691327, "delta": 12.214393}}
{"target": -297.24413992521465, "params": {"gamma": 1.801328302394653, "lr": 0.7160048574975837}, "datetime": {"datetime": "2024-03-29 22:35:54", "elapsed": 1349.805027, "delta": 10.1137}}
{"target": -315.12965836016366, "params": {"gamma": 2.8064984322734134, "lr": 0.406853746309187}, "datetime": {"datetime": "2024-03-29 22:36:00", "elapsed": 1356.169379, "delta": 6.364352}}
{"target": -160.5360927186801, "params": {"gamma": 0.9639878965922241, "lr": 0.49425579539336917}, "datetime": {"datetime": "2024-03-29 22:36:15", "elapsed": 1370.654426, "delta": 14.485047}}
