{"target": -203.50051708067744, "params": {"gamma": 1.1644868137128634, "lr": 0.6193820439407175}, "datetime": {"datetime": "2024-03-29 23:28:36", "elapsed": 4512.143776, "delta": 71.854021}}
{"target": -200.33685499300717, "params": {"gamma": 1.4690522552947731, "lr": 0.47101782773111023}, "datetime": {"datetime": "2024-03-29 23:29:43", "elapsed": 4578.525872, "delta": 66.382096}}
{"target": -165.22678550148206, "params": {"gamma": 1.1008768540737712, "lr": 0.3922952594237443}, "datetime": {"datetime": "2024-03-29 23:30:42", "elapsed": 4638.064094, "delta": 59.538222}}
{"target": -144.60685161923507, "params": {"gamma": 0.5400468048204267, "lr": 0.5477328902006777}, "datetime": {"datetime": "2024-03-29 23:31:53", "elapsed": 4709.201957, "delta": 71.137863}}
{"target": -130.4800671369228, "params": {"gamma": 0.2313763497167915, "lr": 0.4160285452021641}, "datetime": {"datetime": "2024-03-29 23:33:05", "elapsed": 4780.653564, "delta": 71.451607}}
{"target": -142.09517201478903, "params": {"gamma": 0.19834269954092779, "lr": 0.0}, "datetime": {"datetime": "2024-03-29 23:33:58", "elapsed": 4833.788432, "delta": 53.134868}}
{"target": -129.10868649226845, "params": {"gamma": 0.4545526995557334, "lr": 0.34987616657941245}, "datetime": {"datetime": "2024-03-29 23:35:04", "elapsed": 4899.654377, "delta": 65.865945}}
{"target": -164.01098835004854, "params": {"gamma": 1.0135773571522095, "lr": 0.4937631563992674}, "datetime": {"datetime": "2024-03-29 23:36:20", "elapsed": 4975.93459, "delta": 76.280213}}
{"target": -136.7630901169981, "params": {"gamma": 0.4247011535984341, "lr": 0.2742267352981631}, "datetime": {"datetime": "2024-03-29 23:37:37", "elapsed": 5053.19033, "delta": 77.25574}}
{"target": -153.26700208913482, "params": {"gamma": 0.8534296508947881, "lr": 0.4724427486853664}, "datetime": {"datetime": "2024-03-29 23:38:45", "elapsed": 5120.761464, "delta": 67.571134}}
{"target": -137.44254214523386, "params": {"gamma": 0.1302828853322466, "lr": 0.905898564930915}, "datetime": {"datetime": "2024-03-29 23:39:46", "elapsed": 5182.168731, "delta": 61.407267}}
{"target": -154.1833959986488, "params": {"gamma": 0.432610836858094, "lr": 0.8406135477556337}, "datetime": {"datetime": "2024-03-29 23:41:12", "elapsed": 5267.528102, "delta": 85.359371}}
{"target": -141.08786717148442, "params": {"gamma": 0.6284965307029573, "lr": 0.46539133319714066}, "datetime": {"datetime": "2024-03-29 23:42:26", "elapsed": 5341.471426, "delta": 73.943324}}
{"target": -168.76147479451367, "params": {"gamma": 0.8967527798846491, "lr": 0.2595168124963929}, "datetime": {"datetime": "2024-03-29 23:43:35", "elapsed": 5411.216973, "delta": 69.745547}}
{"target": -143.18006918261568, "params": {"gamma": 0.27586838617223924, "lr": 0.9706932186870214}, "datetime": {"datetime": "2024-03-29 23:44:49", "elapsed": 5484.474044, "delta": 73.257071}}
{"target": -146.00200367224812, "params": {"gamma": 0.5973952703191947, "lr": 0.5351062609277193}, "datetime": {"datetime": "2024-03-29 23:45:57", "elapsed": 5552.429585, "delta": 67.955541}}
{"target": -146.42003303995838, "params": {"gamma": 0.7362481217357385, "lr": 0.46239633839978606}, "datetime": {"datetime": "2024-03-29 23:47:19", "elapsed": 5635.297632, "delta": 82.868047}}
{"target": -135.95445501142675, "params": {"gamma": 0.27392153190477597, "lr": 0.7052849294596854}, "datetime": {"datetime": "2024-03-29 23:48:45", "elapsed": 5720.652406, "delta": 85.354774}}
{"target": -214.69292976424705, "params": {"gamma": 1.1596495711067278, "lr": 0.7019230040745309}, "datetime": {"datetime": "2024-03-29 23:50:21", "elapsed": 5817.321307, "delta": 96.668901}}
{"target": -163.62588902300666, "params": {"gamma": 0.8398248142203326, "lr": 0.2604135004588277}, "datetime": {"datetime": "2024-03-29 23:51:38", "elapsed": 5894.117421, "delta": 76.796114}}
{"target": -136.2896422830947, "params": {"gamma": 0.11626808322138117, "lr": 0.4934185576173683}, "datetime": {"datetime": "2024-03-29 23:52:59", "elapsed": 5975.062767, "delta": 80.945346}}
{"target": -209.71049316747556, "params": {"gamma": 0.6499500158766656, "lr": 0.1385734238836328}, "datetime": {"datetime": "2024-03-29 23:54:20", "elapsed": 6055.55973, "delta": 80.496963}}
{"target": -134.03011908265267, "params": {"gamma": 0.2249892048964975, "lr": 0.3043380212824421}, "datetime": {"datetime": "2024-03-29 23:55:24", "elapsed": 6120.012602, "delta": 64.452872}}
{"target": -167.15550338356093, "params": {"gamma": 1.1581056057649097, "lr": 0.42633879331235525}, "datetime": {"datetime": "2024-03-29 23:56:36", "elapsed": 6191.693842, "delta": 71.68124}}
{"target": -136.8673815916787, "params": {"gamma": 0.17750015136585434, "lr": 0.18407137047363797}, "datetime": {"datetime": "2024-03-29 23:57:37", "elapsed": 6252.508275, "delta": 60.814433}}
{"target": -135.64064859772265, "params": {"gamma": 0.3764767077524466, "lr": 0.3249236514551952}, "datetime": {"datetime": "2024-03-29 23:58:59", "elapsed": 6334.937853, "delta": 82.429578}}
{"target": -142.2577968770029, "params": {"gamma": 0.4208259340240644, "lr": 0.6804236137665725}, "datetime": {"datetime": "2024-03-29 23:59:49", "elapsed": 6385.304323, "delta": 50.36647}}
{"target": -137.31770062691527, "params": {"gamma": 0.08410604328364853, "lr": 0.7338374501230176}, "datetime": {"datetime": "2024-03-30 00:01:22", "elapsed": 6477.361269, "delta": 92.056946}}
{"target": -135.09806529495484, "params": {"gamma": 0.30785293492682697, "lr": 0.5798150213516273}, "datetime": {"datetime": "2024-03-30 00:02:30", "elapsed": 6545.691788, "delta": 68.330519}}
{"target": -139.89291381679064, "params": {"gamma": 0.029177498977533033, "lr": 0.4114759710953028}, "datetime": {"datetime": "2024-03-30 00:03:48", "elapsed": 6624.303674, "delta": 78.611886}}
{"target": -163.06256732656925, "params": {"gamma": 0.5081639317056217, "lr": 0.8862858696147209}, "datetime": {"datetime": "2024-03-30 00:05:12", "elapsed": 6708.242547, "delta": 83.938873}}
{"target": -145.2570732803855, "params": {"gamma": 0.594490563293457, "lr": 0.32995944251256704}, "datetime": {"datetime": "2024-03-30 00:06:15", "elapsed": 6771.087905, "delta": 62.845358}}
{"target": -171.41759665681448, "params": {"gamma": 0.4783106120135385, "lr": 1.0}, "datetime": {"datetime": "2024-03-30 00:07:09", "elapsed": 6824.43792, "delta": 53.350015}}
{"target": -147.60449521909212, "params": {"gamma": 0.33809340385375913, "lr": 0.16519653996799327}, "datetime": {"datetime": "2024-03-30 00:08:46", "elapsed": 6922.305172, "delta": 97.867252}}
{"target": -133.0869972624788, "params": {"gamma": 0.27627320520247084, "lr": 0.48124129516432934}, "datetime": {"datetime": "2024-03-30 00:09:42", "elapsed": 6977.473035, "delta": 55.167863}}
{"target": -139.8389085358472, "params": {"gamma": 0.4830489254316863, "lr": 0.5057467200184563}, "datetime": {"datetime": "2024-03-30 00:10:49", "elapsed": 7044.865181, "delta": 67.392146}}
{"target": -133.34482884550934, "params": {"gamma": 0.4858548408076817, "lr": 0.37236543889875917}, "datetime": {"datetime": "2024-03-30 00:12:21", "elapsed": 7136.89786, "delta": 92.032679}}
{"target": -185.61227770032517, "params": {"gamma": 1.3943049339425555, "lr": 0.42020195604566374}, "datetime": {"datetime": "2024-03-30 00:14:13", "elapsed": 7249.127829, "delta": 112.229969}}
{"target": -142.05769792823293, "params": {"gamma": 0.5481009537343579, "lr": 0.2489652924892587}, "datetime": {"datetime": "2024-03-30 00:15:47", "elapsed": 7343.005551, "delta": 93.877722}}
{"target": -132.17967458874128, "params": {"gamma": 0.3446308544121782, "lr": 0.452506416037908}, "datetime": {"datetime": "2024-03-30 00:17:07", "elapsed": 7422.785498, "delta": 79.779947}}
{"target": -133.01943584659648, "params": {"gamma": 0.1876117660351518, "lr": 0.3692981940729604}, "datetime": {"datetime": "2024-03-30 00:18:12", "elapsed": 7488.269545, "delta": 65.484047}}
{"target": -142.09517201478903, "params": {"gamma": 0.6802495708608783, "lr": 0.0}, "datetime": {"datetime": "2024-03-30 00:19:18", "elapsed": 7554.179955, "delta": 65.91041}}
{"target": -137.66979352204805, "params": {"gamma": 0.3648925746766563, "lr": 0.6128077057136699}, "datetime": {"datetime": "2024-03-30 00:20:33", "elapsed": 7629.059286, "delta": 74.879331}}
{"target": -138.01131074034527, "params": {"gamma": 0.0719101393425082, "lr": 0.6269843579141691}, "datetime": {"datetime": "2024-03-30 00:21:34", "elapsed": 7689.90615, "delta": 60.846864}}
{"target": -137.7641920080503, "params": {"gamma": 0.07573626875300074, "lr": 0.23412353443451728}, "datetime": {"datetime": "2024-03-30 00:22:39", "elapsed": 7755.239985, "delta": 65.333835}}
{"target": -145.5971879712281, "params": {"gamma": 0.32454671102293825, "lr": 0.8655323076575517}, "datetime": {"datetime": "2024-03-30 00:23:58", "elapsed": 7833.490285, "delta": 78.2503}}
{"target": -181.0074455604029, "params": {"gamma": 0.8757569391997296, "lr": 0.7257815268081947}, "datetime": {"datetime": "2024-03-30 00:25:31", "elapsed": 7927.282141, "delta": 93.791856}}
{"target": -141.9646890307496, "params": {"gamma": 0.49971089561586496, "lr": 0.5718635450171149}, "datetime": {"datetime": "2024-03-30 00:27:06", "elapsed": 8022.235162, "delta": 94.953021}}
{"target": -142.09517201478903, "params": {"gamma": 0.8045010912280988, "lr": 0.0}, "datetime": {"datetime": "2024-03-30 00:28:17", "elapsed": 8093.06426, "delta": 70.829098}}
{"target": -134.5265370675286, "params": {"gamma": 0.20099460847001874, "lr": 0.7149122050348223}, "datetime": {"datetime": "2024-03-30 00:29:42", "elapsed": 8178.243954, "delta": 85.179694}}
{"target": -261.06109978979435, "params": {"gamma": 1.7142735264731515, "lr": 0.5849289455436927}, "datetime": {"datetime": "2024-03-30 00:31:05", "elapsed": 8260.789112, "delta": 82.545158}}
{"target": -142.02207492095204, "params": {"gamma": 0.001, "lr": 0.2643054472495852}, "datetime": {"datetime": "2024-03-30 00:32:11", "elapsed": 8326.503325, "delta": 65.714213}}
{"target": -153.52784335535947, "params": {"gamma": 0.5565836233389754, "lr": 0.7286955913663259}, "datetime": {"datetime": "2024-03-30 00:33:02", "elapsed": 8378.102475, "delta": 51.59915}}
{"target": -223.7922258248632, "params": {"gamma": 1.8377619445372517, "lr": 0.40183696378172107}, "datetime": {"datetime": "2024-03-30 00:33:58", "elapsed": 8433.632352, "delta": 55.529877}}
{"target": -146.38245000093312, "params": {"gamma": 0.6219851354177514, "lr": 0.2282871339257394}, "datetime": {"datetime": "2024-03-30 00:35:18", "elapsed": 8514.225007, "delta": 80.592655}}
{"target": -141.69471632135324, "params": {"gamma": 0.022540000553593773, "lr": 0.024317041113968027}, "datetime": {"datetime": "2024-03-30 00:36:32", "elapsed": 8587.830211, "delta": 73.605204}}
{"target": -136.55651013727734, "params": {"gamma": 0.10670569363458819, "lr": 0.31398913552376057}, "datetime": {"datetime": "2024-03-30 00:38:12", "elapsed": 8687.376157, "delta": 99.545946}}
{"target": -138.8393594825926, "params": {"gamma": 0.42044689066079377, "lr": 0.5602195695255902}, "datetime": {"datetime": "2024-03-30 00:39:08", "elapsed": 8744.303465, "delta": 56.927308}}
{"target": -134.2681383453106, "params": {"gamma": 0.3051298963375663, "lr": 0.32960808442692385}, "datetime": {"datetime": "2024-03-30 00:40:17", "elapsed": 8813.207925, "delta": 68.90446}}
{"target": -135.63669410819654, "params": {"gamma": 0.3689293515030236, "lr": 0.5442185695352562}, "datetime": {"datetime": "2024-03-30 00:41:41", "elapsed": 8896.687281, "delta": 83.479356}}
{"target": -135.63224461365274, "params": {"gamma": 0.12419287759426886, "lr": 0.44595683955433074}, "datetime": {"datetime": "2024-03-30 00:43:04", "elapsed": 8979.490733, "delta": 82.803452}}
{"target": -136.50011708284455, "params": {"gamma": 0.15657194192088908, "lr": 0.7746421070551702}, "datetime": {"datetime": "2024-03-30 00:44:01", "elapsed": 9037.265168, "delta": 57.774435}}
{"target": -136.6362292827874, "params": {"gamma": 0.101844631059839, "lr": 0.6692124837647103}, "datetime": {"datetime": "2024-03-30 00:45:38", "elapsed": 9133.640943, "delta": 96.375775}}
{"target": -155.98753609089908, "params": {"gamma": 0.6461126759996757, "lr": 0.6546014888825112}, "datetime": {"datetime": "2024-03-30 00:46:57", "elapsed": 9212.975553, "delta": 79.33461}}
{"target": -143.30900564559502, "params": {"gamma": 0.2970438760527147, "lr": 0.8349294871598734}, "datetime": {"datetime": "2024-03-30 00:48:08", "elapsed": 9283.619448, "delta": 70.643895}}
{"target": -135.4633543617961, "params": {"gamma": 0.5250997446851899, "lr": 0.4482141521635493}, "datetime": {"datetime": "2024-03-30 00:49:16", "elapsed": 9351.899516, "delta": 68.280068}}
{"target": -141.75487353637104, "params": {"gamma": 0.005186212879634254, "lr": 0.8461375492382239}, "datetime": {"datetime": "2024-03-30 00:50:46", "elapsed": 9441.489262, "delta": 89.589746}}
{"target": -161.77544738027578, "params": {"gamma": 0.47702257976948126, "lr": 0.9169674149070962}, "datetime": {"datetime": "2024-03-30 00:52:01", "elapsed": 9516.508683, "delta": 75.019421}}
{"target": -138.08990479711858, "params": {"gamma": 0.39803557272234796, "lr": 0.2089787311570196}, "datetime": {"datetime": "2024-03-30 00:53:42", "elapsed": 9618.313871, "delta": 101.805188}}
{"target": -172.76831772000435, "params": {"gamma": 1.205381790946588, "lr": 0.3610969345155567}, "datetime": {"datetime": "2024-03-30 00:55:00", "elapsed": 9695.89672, "delta": 77.582849}}
{"target": -148.3059885397549, "params": {"gamma": 0.844548204045336, "lr": 0.39801968832448953}, "datetime": {"datetime": "2024-03-30 00:56:40", "elapsed": 9795.628772, "delta": 99.732052}}
{"target": -129.18549722147102, "params": {"gamma": 0.24107142493659522, "lr": 0.33601484194733966}, "datetime": {"datetime": "2024-03-30 00:58:11", "elapsed": 9887.110431, "delta": 91.481659}}
{"target": -138.27208423086083, "params": {"gamma": 0.5598628164164795, "lr": 0.45594720088650376}, "datetime": {"datetime": "2024-03-30 00:59:28", "elapsed": 9963.771375, "delta": 76.660944}}
{"target": -197.12138633275418, "params": {"gamma": 1.0960656097823642, "lr": 0.2194622010920355}, "datetime": {"datetime": "2024-03-30 01:00:23", "elapsed": 10019.096089, "delta": 55.324714}}
{"target": -139.84304143518332, "params": {"gamma": 0.3927837295969945, "lr": 0.7269480988544152}, "datetime": {"datetime": "2024-03-30 01:01:15", "elapsed": 10070.497125, "delta": 51.401036}}
{"target": -137.01622338962477, "params": {"gamma": 0.08402652243274532, "lr": 0.36484059808194014}, "datetime": {"datetime": "2024-03-30 01:02:45", "elapsed": 10160.581155, "delta": 90.08403}}
{"target": -131.8636486295756, "params": {"gamma": 0.464103557715306, "lr": 0.43052192770596565}, "datetime": {"datetime": "2024-03-30 01:04:05", "elapsed": 10240.941445, "delta": 80.36029}}
{"target": -156.78728041875468, "params": {"gamma": 0.9515044074948045, "lr": 0.44799626934690995}, "datetime": {"datetime": "2024-03-30 01:05:01", "elapsed": 10297.149971, "delta": 56.208526}}
{"target": -136.93075291468196, "params": {"gamma": 0.11330950983455378, "lr": 0.7961786701612369}, "datetime": {"datetime": "2024-03-30 01:06:00", "elapsed": 10355.644026, "delta": 58.494055}}
{"target": -131.54963638369782, "params": {"gamma": 0.2652725478489528, "lr": 0.3651532372017414}, "datetime": {"datetime": "2024-03-30 01:07:39", "elapsed": 10454.632068, "delta": 98.988042}}
{"target": -142.09517201478903, "params": {"gamma": 0.9345678145938875, "lr": 0.0}, "datetime": {"datetime": "2024-03-30 01:09:09", "elapsed": 10545.2247, "delta": 90.592632}}
{"target": -136.94368578386835, "params": {"gamma": 0.11067908167298997, "lr": 0.1773762605644891}, "datetime": {"datetime": "2024-03-30 01:10:52", "elapsed": 10648.032709, "delta": 102.808009}}
{"target": -140.11070846610403, "params": {"gamma": 0.030517019131033447, "lr": 0.5449540822820135}, "datetime": {"datetime": "2024-03-30 01:12:29", "elapsed": 10744.983549, "delta": 96.95084}}
{"target": -278.1323407290116, "params": {"gamma": 1.2702243763813346, "lr": 0.91109004559486}, "datetime": {"datetime": "2024-03-30 01:13:59", "elapsed": 10835.318178, "delta": 90.334629}}
{"target": -153.73730084138342, "params": {"gamma": 0.4024932399700799, "lr": 0.984024257598032}, "datetime": {"datetime": "2024-03-30 01:15:15", "elapsed": 10910.525082, "delta": 75.206904}}
{"target": -134.9141691719951, "params": {"gamma": 0.18828159278535112, "lr": 0.5981157285951159}, "datetime": {"datetime": "2024-03-30 01:16:04", "elapsed": 10959.810195, "delta": 49.285113}}
{"target": -142.07060051427527, "params": {"gamma": 0.001, "lr": 0.08510323019630651}, "datetime": {"datetime": "2024-03-30 01:17:52", "elapsed": 11067.851425, "delta": 108.04123}}
{"target": -142.02440420197914, "params": {"gamma": 0.001, "lr": 0.7677857318587703}, "datetime": {"datetime": "2024-03-30 01:18:57", "elapsed": 11132.46289, "delta": 64.611465}}
{"target": -131.14858145239938, "params": {"gamma": 0.2053173385456933, "lr": 0.4032321462846541}, "datetime": {"datetime": "2024-03-30 01:20:31", "elapsed": 11227.318173, "delta": 94.855283}}
{"target": -230.26768928017452, "params": {"gamma": 1.2919953496724228, "lr": 0.7147850248889875}, "datetime": {"datetime": "2024-03-30 01:21:37", "elapsed": 11293.266637, "delta": 65.948464}}
{"target": -138.9511952840673, "params": {"gamma": 0.06711991768687102, "lr": 0.15781365017055238}, "datetime": {"datetime": "2024-03-30 01:22:41", "elapsed": 11357.228376, "delta": 63.961739}}
{"target": -138.50178865964685, "params": {"gamma": 0.07738748745636857, "lr": 0.9768189866852818}, "datetime": {"datetime": "2024-03-30 01:23:40", "elapsed": 11415.409407, "delta": 58.181031}}
{"target": -136.07607429436078, "params": {"gamma": 0.6596493827530013, "lr": 0.3342376809301264}, "datetime": {"datetime": "2024-03-30 01:25:04", "elapsed": 11499.810453, "delta": 84.401046}}
{"target": -134.9043566565896, "params": {"gamma": 0.23930555737703832, "lr": 0.557727390033585}, "datetime": {"datetime": "2024-03-30 01:26:22", "elapsed": 11577.905073, "delta": 78.09462}}
{"target": -169.58032415334912, "params": {"gamma": 0.5417085395608965, "lr": 0.9688439620035687}, "datetime": {"datetime": "2024-03-30 01:27:40", "elapsed": 11655.374455, "delta": 77.469382}}
{"target": -138.437330992291, "params": {"gamma": 0.4727619786689454, "lr": 0.24357052994824402}, "datetime": {"datetime": "2024-03-30 01:28:57", "elapsed": 11733.057135, "delta": 77.68268}}
{"target": -149.32289312441344, "params": {"gamma": 0.5811335183937817, "lr": 0.6122287052260047}, "datetime": {"datetime": "2024-03-30 01:30:01", "elapsed": 11796.395113, "delta": 63.337978}}
{"target": -138.86243322056805, "params": {"gamma": 0.057035097154836144, "lr": 0.47568530031017187}, "datetime": {"datetime": "2024-03-30 01:31:19", "elapsed": 11875.02618, "delta": 78.631067}}
{"target": -140.3903321466843, "params": {"gamma": 0.22558430137794047, "lr": 0.9781689918768508}, "datetime": {"datetime": "2024-03-30 01:32:28", "elapsed": 11943.94744, "delta": 68.92126}}
{"target": -145.70638484076767, "params": {"gamma": 0.49001622197931627, "lr": 0.7193675083628049}, "datetime": {"datetime": "2024-03-30 01:33:15", "elapsed": 11990.446801, "delta": 46.499361}}
{"target": -176.40044659539646, "params": {"gamma": 0.3186995308243126, "lr": 0.04824806261230152}, "datetime": {"datetime": "2024-03-30 01:34:39", "elapsed": 12074.530039, "delta": 84.083238}}
{"target": -187.55178573853186, "params": {"gamma": 1.3802249848925041, "lr": 0.34725289751513444}, "datetime": {"datetime": "2024-03-30 01:35:18", "elapsed": 12114.094717, "delta": 39.564678}}
{"target": -205.26061673637227, "params": {"gamma": 1.6277020255114436, "lr": 0.40947763189247377}, "datetime": {"datetime": "2024-03-30 01:36:34", "elapsed": 12190.039035, "delta": 75.944318}}
{"target": -144.77334525198688, "params": {"gamma": 0.3145373790529589, "lr": 0.914133149001002}, "datetime": {"datetime": "2024-03-30 01:37:27", "elapsed": 12242.920128, "delta": 52.881093}}
{"target": -136.11798109731953, "params": {"gamma": 0.11919085276351192, "lr": 0.6987980530467232}, "datetime": {"datetime": "2024-03-30 01:38:50", "elapsed": 12325.382, "delta": 82.461872}}
{"target": -166.8201322954641, "params": {"gamma": 0.6364877432737612, "lr": 0.7922522134796116}, "datetime": {"datetime": "2024-03-30 01:40:32", "elapsed": 12427.614828, "delta": 102.232828}}
{"target": -135.41531943106793, "params": {"gamma": 0.2359584699598322, "lr": 0.6864648003029004}, "datetime": {"datetime": "2024-03-30 01:41:47", "elapsed": 12503.306728, "delta": 75.6919}}
{"target": -130.6597989066522, "params": {"gamma": 0.40414138907667063, "lr": 0.43931026237243365}, "datetime": {"datetime": "2024-03-30 01:42:52", "elapsed": 12567.848431, "delta": 64.541703}}
{"target": -142.70848167700913, "params": {"gamma": 0.7854270807435458, "lr": 0.34821084713409195}, "datetime": {"datetime": "2024-03-30 01:44:06", "elapsed": 12642.05198, "delta": 74.203549}}
{"target": -156.52408454845033, "params": {"gamma": 0.7646661331112524, "lr": 0.234887814134629}, "datetime": {"datetime": "2024-03-30 01:45:29", "elapsed": 12724.851902, "delta": 82.799922}}
{"target": -132.50621806881853, "params": {"gamma": 0.17094579734514204, "lr": 0.4315900931209843}, "datetime": {"datetime": "2024-03-30 01:46:51", "elapsed": 12806.39611, "delta": 81.544208}}
{"target": -138.34005717851275, "params": {"gamma": 0.07501756539747054, "lr": 0.8920070060122068}, "datetime": {"datetime": "2024-03-30 01:48:03", "elapsed": 12879.104139, "delta": 72.708029}}
{"target": -134.05804452183685, "params": {"gamma": 0.3240461388091719, "lr": 0.27314766024137827}, "datetime": {"datetime": "2024-03-30 01:49:14", "elapsed": 12949.706191, "delta": 70.602052}}
{"target": -187.87016904870976, "params": {"gamma": 1.0738920177202662, "lr": 0.5590672014006003}, "datetime": {"datetime": "2024-03-30 01:51:10", "elapsed": 13066.244743, "delta": 116.538552}}
