{"target": -956.671530993339, "params": {"gamma": 4.797895932924502, "lr": 0.9466766792396476}, "datetime": {"datetime": "2024-03-29 22:13:28", "elapsed": 3.953653, "delta": 0.004987}}
{"target": -1872.3656417744235, "params": {"gamma": 5.53478362877641, "lr": 0.08480182166035288}, "datetime": {"datetime": "2024-03-29 22:13:28", "elapsed": 3.957642, "delta": 0.003989}}
{"target": -398.496042641705, "params": {"gamma": 2.0254278937096815, "lr": 0.8542379729163827}, "datetime": {"datetime": "2024-03-29 22:13:28", "elapsed": 3.961631, "delta": 0.003989}}
{"target": -1348.3008730589768, "params": {"gamma": 7.0595677402804276, "lr": 0.8949395201529242}, "datetime": {"datetime": "2024-03-29 22:13:28", "elapsed": 3.966617, "delta": 0.004986}}
{"target": -440.2481440356494, "params": {"gamma": 3.2921308719412035, "lr": 0.5280013966376261}, "datetime": {"datetime": "2024-03-29 22:13:28", "elapsed": 3.971604, "delta": 0.004987}}
{"target": -876.7510468681495, "params": {"gamma": 6.504330926708715, "lr": 0.5942908535866644}, "datetime": {"datetime": "2024-03-29 22:13:28", "elapsed": 3.975593, "delta": 0.003989}}
{"target": -267.92474409206125, "params": {"gamma": 2.315397892406944, "lr": 0.4268213494482356}, "datetime": {"datetime": "2024-03-29 22:13:28", "elapsed": 3.982575, "delta": 0.006982}}
{"target": -478.63472132508383, "params": {"gamma": 2.481866529137688, "lr": 0.8456149622311454}, "datetime": {"datetime": "2024-03-29 22:13:28", "elapsed": 3.988559, "delta": 0.005984}}
{"target": -3573.090940320449, "params": {"gamma": 9.866787772235858, "lr": 0.06657080313237929}, "datetime": {"datetime": "2024-03-29 22:13:28", "elapsed": 3.992548, "delta": 0.003989}}
{"target": -921.1190643672988, "params": {"gamma": 7.139566394637347, "lr": 0.3301155521990743}, "datetime": {"datetime": "2024-03-29 22:13:28", "elapsed": 3.997534, "delta": 0.004986}}
{"target": -855.0058894815847, "params": {"gamma": 6.254728347736019, "lr": 0.258129649281871}, "datetime": {"datetime": "2024-03-29 22:13:28", "elapsed": 4.001524, "delta": 0.00399}}
{"target": -704.8325212215767, "params": {"gamma": 6.510425085475643, "lr": 0.37114718446272954}, "datetime": {"datetime": "2024-03-29 22:13:28", "elapsed": 4.005513, "delta": 0.003989}}
{"target": -583.3557679859006, "params": {"gamma": 2.9489139744901, "lr": 0.9117631736977988}, "datetime": {"datetime": "2024-03-29 22:13:28", "elapsed": 4.011497, "delta": 0.005984}}
{"target": -1286.6254410372005, "params": {"gamma": 9.425046243387849, "lr": 0.6135500265601355}, "datetime": {"datetime": "2024-03-29 22:13:28", "elapsed": 4.017481, "delta": 0.005984}}
{"target": -444.2248652688204, "params": {"gamma": 2.1454633405260957, "lr": 0.9394188709061594}, "datetime": {"datetime": "2024-03-29 22:13:28", "elapsed": 4.024462, "delta": 0.006981}}
{"target": -1279.349809478073, "params": {"gamma": 7.504785013686519, "lr": 0.7510898073228061}, "datetime": {"datetime": "2024-03-29 22:13:28", "elapsed": 4.029448, "delta": 0.004986}}
{"target": -394.5401673961175, "params": {"gamma": 2.1180016271500137, "lr": 0.8301565261622993}, "datetime": {"datetime": "2024-03-29 22:13:28", "elapsed": 4.033437, "delta": 0.003989}}
{"target": -356.0785060539466, "params": {"gamma": 2.4017114464579397, "lr": 0.6316207452501602}, "datetime": {"datetime": "2024-03-29 22:13:28", "elapsed": 4.039429, "delta": 0.005992}}
{"target": -1108.7669674167114, "params": {"gamma": 7.107684959425964, "lr": 0.7423834297071017}, "datetime": {"datetime": "2024-03-29 22:13:28", "elapsed": 4.051392, "delta": 0.011963}}
{"target": -674.5262423588146, "params": {"gamma": 3.9032567812912102, "lr": 0.7598253967160974}, "datetime": {"datetime": "2024-03-29 22:13:28", "elapsed": 4.059368, "delta": 0.007976}}
{"target": -1208.3365963004635, "params": {"gamma": 9.029456085314978, "lr": 0.5874200192375769}, "datetime": {"datetime": "2024-03-29 22:13:28", "elapsed": 4.066353, "delta": 0.006985}}
{"target": -263.15591392478115, "params": {"gamma": 0.9050067472322914, "lr": 0.12897598414227607}, "datetime": {"datetime": "2024-03-29 22:13:28", "elapsed": 4.072335, "delta": 0.005982}}
{"target": -229.50163481212854, "params": {"gamma": 1.0535200041012063, "lr": 0.17272746332288003}, "datetime": {"datetime": "2024-03-29 22:13:28", "elapsed": 4.077319, "delta": 0.004984}}
{"target": -249.06502360619336, "params": {"gamma": 1.2651824720065605, "lr": 0.7783008900676276}, "datetime": {"datetime": "2024-03-29 22:13:28", "elapsed": 4.082305, "delta": 0.004986}}
{"target": -135.6699009052041, "params": {"gamma": 0.39507571033225836, "lr": 0.24155841734086403}, "datetime": {"datetime": "2024-03-29 22:13:28", "elapsed": 4.086294, "delta": 0.003989}}
{"target": -1738.3366695739169, "params": {"gamma": 8.790784947183296, "lr": 0.9735188608362936}, "datetime": {"datetime": "2024-03-29 22:13:28", "elapsed": 4.092278, "delta": 0.005984}}
{"target": -1202.4053941573425, "params": {"gamma": 6.054614655262755, "lr": 0.9762382645603884}, "datetime": {"datetime": "2024-03-29 22:13:28", "elapsed": 4.097266, "delta": 0.004988}}
{"target": -157.15397295045702, "params": {"gamma": 0.43547196560805285, "lr": 0.9485727683760076}, "datetime": {"datetime": "2024-03-29 22:13:28", "elapsed": 4.101254, "delta": 0.003988}}
{"target": -543.293659064591, "params": {"gamma": 3.113649528479215, "lr": 0.798972840361593}, "datetime": {"datetime": "2024-03-29 22:13:28", "elapsed": 4.106241, "delta": 0.004987}}
{"target": -1527.3986618212189, "params": {"gamma": 8.106480405365568, "lr": 0.8599985915803449}, "datetime": {"datetime": "2024-03-29 22:13:28", "elapsed": 4.112225, "delta": 0.005984}}
{"target": -915.3158796176903, "params": {"gamma": 4.586049558214109, "lr": 0.9306443921654484}, "datetime": {"datetime": "2024-03-29 22:13:28", "elapsed": 4.119206, "delta": 0.006981}}
{"target": -526.6338269041181, "params": {"gamma": 2.579671951285972, "lr": 0.9344454925295846}, "datetime": {"datetime": "2024-03-29 22:13:28", "elapsed": 4.12519, "delta": 0.005984}}
{"target": -1229.2131381872896, "params": {"gamma": 6.191577212883354, "lr": 0.9854449149448306}, "datetime": {"datetime": "2024-03-29 22:13:28", "elapsed": 4.131175, "delta": 0.005985}}
{"target": -136.96553000287005, "params": {"gamma": 0.3274060157599613, "lr": 0.7251666588327084}, "datetime": {"datetime": "2024-03-29 22:13:28", "elapsed": 4.13616, "delta": 0.004985}}
{"target": -625.0466949732856, "params": {"gamma": 5.655976799568431, "lr": 0.4924240473983196}, "datetime": {"datetime": "2024-03-29 22:13:28", "elapsed": 4.140149, "delta": 0.003989}}
{"target": -355.30102941603235, "params": {"gamma": 2.5929220383817193, "lr": 0.3268306848663751}, "datetime": {"datetime": "2024-03-29 22:13:28", "elapsed": 4.144138, "delta": 0.003989}}
{"target": -377.47651062744586, "params": {"gamma": 2.495372604807176, "lr": 0.21926791032506077}, "datetime": {"datetime": "2024-03-29 22:13:28", "elapsed": 4.148128, "delta": 0.00399}}
{"target": -1028.699034175967, "params": {"gamma": 7.996808714410864, "lr": 0.5023950058982584}, "datetime": {"datetime": "2024-03-29 22:13:28", "elapsed": 4.152117, "delta": 0.003989}}
{"target": -189.97857971943066, "params": {"gamma": 0.8328156970812803, "lr": 0.7769841920273803}, "datetime": {"datetime": "2024-03-29 22:13:28", "elapsed": 4.156106, "delta": 0.003989}}
{"target": -837.6705632052121, "params": {"gamma": 5.336957111761226, "lr": 0.739387787346382}, "datetime": {"datetime": "2024-03-29 22:13:28", "elapsed": 4.160097, "delta": 0.003991}}
{"target": -557.9132661111371, "params": {"gamma": 5.154421537738071, "lr": 0.39994592398513173}, "datetime": {"datetime": "2024-03-29 22:13:28", "elapsed": 4.165083, "delta": 0.004986}}
{"target": -3571.534273527766, "params": {"gamma": 9.862481577580514, "lr": 0.02824262016291268}, "datetime": {"datetime": "2024-03-29 22:13:28", "elapsed": 4.172064, "delta": 0.006981}}
{"target": -1843.5499180880636, "params": {"gamma": 9.327706315740619, "lr": 0.930854967759968}, "datetime": {"datetime": "2024-03-29 22:13:28", "elapsed": 4.179046, "delta": 0.006982}}
{"target": -573.9655349105298, "params": {"gamma": 3.909796196303079, "lr": 0.2144648711333198}, "datetime": {"datetime": "2024-03-29 22:13:28", "elapsed": 4.184032, "delta": 0.004986}}
{"target": -1137.644203777447, "params": {"gamma": 6.192513766034457, "lr": 0.17797233547016944}, "datetime": {"datetime": "2024-03-29 22:13:28", "elapsed": 4.18802, "delta": 0.003988}}
{"target": -1093.032688284187, "params": {"gamma": 8.032278735085756, "lr": 0.2539338558777352}, "datetime": {"datetime": "2024-03-29 22:13:28", "elapsed": 4.192009, "delta": 0.003989}}
{"target": -575.8296721064605, "params": {"gamma": 2.9087707441717465, "lr": 0.915915790009957}, "datetime": {"datetime": "2024-03-29 22:13:28", "elapsed": 4.196996, "delta": 0.004987}}
{"target": -1158.661710625824, "params": {"gamma": 9.029265417910615, "lr": 0.5353808917305217}, "datetime": {"datetime": "2024-03-29 22:13:28", "elapsed": 4.200985, "delta": 0.003989}}
{"target": -947.7957785415737, "params": {"gamma": 8.628526966805577, "lr": 0.3525325688050618}, "datetime": {"datetime": "2024-03-29 22:13:28", "elapsed": 4.204974, "delta": 0.003989}}
{"target": -1103.6167313781802, "params": {"gamma": 9.978844897970799, "lr": 0.433689739404977}, "datetime": {"datetime": "2024-03-29 22:13:28", "elapsed": 4.208963, "delta": 0.003989}}
{"target": -1074.139938803442, "params": {"gamma": 2.948825305973155, "lr": 0.04157423394916726}, "datetime": {"datetime": "2024-03-29 22:13:28", "elapsed": 4.21395, "delta": 0.004987}}
{"target": -1075.6499041018599, "params": {"gamma": 9.897079830913631, "lr": 0.4648876309118224}, "datetime": {"datetime": "2024-03-29 22:13:28", "elapsed": 4.21953, "delta": 0.00558}}
{"target": -1033.9648901151545, "params": {"gamma": 7.346115555489657, "lr": 0.6408076240458747}, "datetime": {"datetime": "2024-03-29 22:13:28", "elapsed": 4.226511, "delta": 0.006981}}
{"target": -2620.3707705657216, "params": {"gamma": 7.231210903260432, "lr": 0.05111090382611627}, "datetime": {"datetime": "2024-03-29 22:13:28", "elapsed": 4.230501, "delta": 0.00399}}
{"target": -1818.6290540515765, "params": {"gamma": 9.200534008691728, "lr": 0.9268412179022415}, "datetime": {"datetime": "2024-03-29 22:13:28", "elapsed": 4.234489, "delta": 0.003988}}
{"target": -1097.882878007384, "params": {"gamma": 5.520398276514817, "lr": 0.963915888684551}, "datetime": {"datetime": "2024-03-29 22:13:28", "elapsed": 4.238479, "delta": 0.00399}}
{"target": -405.6264177453289, "params": {"gamma": 2.8102744143666842, "lr": 0.6021466271365452}, "datetime": {"datetime": "2024-03-29 22:13:28", "elapsed": 4.243466, "delta": 0.004987}}
{"target": -562.5555487472424, "params": {"gamma": 3.9652304378361865, "lr": 0.6280232317552282}, "datetime": {"datetime": "2024-03-29 22:13:28", "elapsed": 4.247455, "delta": 0.003989}}
{"target": -543.9704419025245, "params": {"gamma": 3.0070222529489574, "lr": 0.8193583846560202}, "datetime": {"datetime": "2024-03-29 22:13:28", "elapsed": 4.252441, "delta": 0.004986}}
{"target": -282.9226728185954, "params": {"gamma": 0.6987899990635812, "lr": 0.04187757029999628}, "datetime": {"datetime": "2024-03-29 22:13:28", "elapsed": 4.25643, "delta": 0.003989}}
{"target": -164.1650166025759, "params": {"gamma": 0.49491444994850975, "lr": 0.15045502836766345}, "datetime": {"datetime": "2024-03-29 22:13:28", "elapsed": 4.26042, "delta": 0.00399}}
{"target": -792.1614155472672, "params": {"gamma": 3.954109387473109, "lr": 0.9553899892571747}, "datetime": {"datetime": "2024-03-29 22:13:28", "elapsed": 4.264409, "delta": 0.003989}}
{"target": -201.2120787923517, "params": {"gamma": 1.1088436015198657, "lr": 0.6475529858164272}, "datetime": {"datetime": "2024-03-29 22:13:28", "elapsed": 4.269396, "delta": 0.004987}}
{"target": -588.2081829685075, "params": {"gamma": 5.276687463055037, "lr": 0.353242405983059}, "datetime": {"datetime": "2024-03-29 22:13:28", "elapsed": 4.273384, "delta": 0.003988}}
{"target": -308.2920816829106, "params": {"gamma": 1.9827940939725983, "lr": 0.22059408184733575}, "datetime": {"datetime": "2024-03-29 22:13:28", "elapsed": 4.278373, "delta": 0.004989}}
{"target": -143.05704650898846, "params": {"gamma": 0.4391712757617422, "lr": 0.7131639731598145}, "datetime": {"datetime": "2024-03-29 22:13:28", "elapsed": 4.285352, "delta": 0.006979}}
{"target": -730.9542835116723, "params": {"gamma": 6.538748151763354, "lr": 0.4437697927247224}, "datetime": {"datetime": "2024-03-29 22:13:28", "elapsed": 4.291336, "delta": 0.005984}}
{"target": -2168.8703908051557, "params": {"gamma": 7.189675941410347, "lr": 0.10997597244532042}, "datetime": {"datetime": "2024-03-29 22:13:28", "elapsed": 4.296323, "delta": 0.004987}}
{"target": -1732.6498579535833, "params": {"gamma": 9.387253014515942, "lr": 0.8476267092393875}, "datetime": {"datetime": "2024-03-29 22:13:28", "elapsed": 4.300312, "delta": 0.003989}}
{"target": -706.6493315838472, "params": {"gamma": 6.590697560999168, "lr": 0.37883116866173183}, "datetime": {"datetime": "2024-03-29 22:13:28", "elapsed": 4.307301, "delta": 0.006989}}
{"target": -468.1729598578629, "params": {"gamma": 4.16625072341846, "lr": 0.48215392215746744}, "datetime": {"datetime": "2024-03-29 22:13:28", "elapsed": 4.317271, "delta": 0.00997}}
{"target": -1759.144395624392, "params": {"gamma": 9.352902416297999, "lr": 0.8635929549181026}, "datetime": {"datetime": "2024-03-29 22:13:28", "elapsed": 4.323251, "delta": 0.00598}}
{"target": -635.1954213818182, "params": {"gamma": 4.779760568316378, "lr": 0.554518498278167}, "datetime": {"datetime": "2024-03-29 22:13:29", "elapsed": 4.330237, "delta": 0.006986}}
{"target": -1731.160676859454, "params": {"gamma": 8.754163218930938, "lr": 0.9492644337722901}, "datetime": {"datetime": "2024-03-29 22:13:29", "elapsed": 4.336223, "delta": 0.005986}}
{"target": -999.1398149109218, "params": {"gamma": 6.392208373926592, "lr": 0.7485203200897537}, "datetime": {"datetime": "2024-03-29 22:13:29", "elapsed": 4.345193, "delta": 0.00897}}
{"target": -707.2302718330899, "params": {"gamma": 3.516897438698066, "lr": 0.91802831908618}, "datetime": {"datetime": "2024-03-29 22:13:29", "elapsed": 4.352173, "delta": 0.00698}}
{"target": -1091.3466942234327, "params": {"gamma": 8.367683746488458, "lr": 0.5520558812247628}, "datetime": {"datetime": "2024-03-29 22:13:29", "elapsed": 4.35895, "delta": 0.006777}}
{"target": -1602.9514813360465, "params": {"gamma": 8.676404468942122, "lr": 0.8498718814403323}, "datetime": {"datetime": "2024-03-29 22:13:29", "elapsed": 4.363444, "delta": 0.004494}}
{"target": -2042.4743954870485, "params": {"gamma": 8.084305154704811, "lr": 0.13069282439738805}, "datetime": {"datetime": "2024-03-29 22:13:29", "elapsed": 4.368431, "delta": 0.004987}}
{"target": -1027.784890215184, "params": {"gamma": 5.3604897456433, "lr": 0.900783114706916}, "datetime": {"datetime": "2024-03-29 22:13:29", "elapsed": 4.373418, "delta": 0.004987}}
{"target": -811.239746491959, "params": {"gamma": 7.70854747370775, "lr": 0.4207131990251918}, "datetime": {"datetime": "2024-03-29 22:13:29", "elapsed": 4.377407, "delta": 0.003989}}
{"target": -1327.023890354194, "params": {"gamma": 9.778826053206298, "lr": 0.25077315667300226}, "datetime": {"datetime": "2024-03-29 22:13:29", "elapsed": 4.382393, "delta": 0.004986}}
{"target": -672.3344485440088, "params": {"gamma": 3.336768678250129, "lr": 0.954200507429589}, "datetime": {"datetime": "2024-03-29 22:13:29", "elapsed": 4.386382, "delta": 0.003989}}
{"target": -1541.2367945729525, "params": {"gamma": 8.087344766504712, "lr": 0.9003400045106619}, "datetime": {"datetime": "2024-03-29 22:13:29", "elapsed": 4.392297, "delta": 0.005915}}
{"target": -135.31717371808756, "params": {"gamma": 0.11688430450954196, "lr": 0.37976443303399476}, "datetime": {"datetime": "2024-03-29 22:13:29", "elapsed": 4.398281, "delta": 0.005984}}
{"target": -332.2121507247993, "params": {"gamma": 2.355984044142083, "lr": 0.2959350518874113}, "datetime": {"datetime": "2024-03-29 22:13:29", "elapsed": 4.404266, "delta": 0.005985}}
{"target": -1105.2704061470122, "params": {"gamma": 7.380216968542006, "lr": 0.7240848448640741}, "datetime": {"datetime": "2024-03-29 22:13:29", "elapsed": 4.408255, "delta": 0.003989}}
{"target": -507.2770410396992, "params": {"gamma": 4.618532302580416, "lr": 0.3652744612070937}, "datetime": {"datetime": "2024-03-29 22:13:29", "elapsed": 4.412244, "delta": 0.003989}}
{"target": -758.5326039664754, "params": {"gamma": 5.847331438432254, "lr": 0.5337077546342763}, "datetime": {"datetime": "2024-03-29 22:13:29", "elapsed": 4.417231, "delta": 0.004987}}
{"target": -762.2806701371604, "params": {"gamma": 5.5062450105196135, "lr": 0.6154770711146578}, "datetime": {"datetime": "2024-03-29 22:13:29", "elapsed": 4.425042, "delta": 0.007811}}
{"target": -683.5096838909442, "params": {"gamma": 3.957087074403221, "lr": 0.7717184824154584}, "datetime": {"datetime": "2024-03-29 22:13:29", "elapsed": 4.431026, "delta": 0.005984}}
{"target": -376.0089863060611, "params": {"gamma": 2.512780630310517, "lr": 0.655760767903366}, "datetime": {"datetime": "2024-03-29 22:13:29", "elapsed": 4.439006, "delta": 0.00798}}
{"target": -3478.098670250993, "params": {"gamma": 9.604011085051962, "lr": 0.0035547604644260433}, "datetime": {"datetime": "2024-03-29 22:13:29", "elapsed": 4.447982, "delta": 0.008976}}
{"target": -2182.154047232318, "params": {"gamma": 7.233887082898668, "lr": 0.10899503392964371}, "datetime": {"datetime": "2024-03-29 22:13:29", "elapsed": 4.454429, "delta": 0.006447}}
{"target": -760.6899092428489, "params": {"gamma": 5.438331129146589, "lr": 0.6269160166803346}, "datetime": {"datetime": "2024-03-29 22:13:29", "elapsed": 4.45842, "delta": 0.003991}}
{"target": -486.600344829185, "params": {"gamma": 2.4302283105822404, "lr": 0.9138438752466082}, "datetime": {"datetime": "2024-03-29 22:13:29", "elapsed": 4.462409, "delta": 0.003989}}
{"target": -823.5074523959635, "params": {"gamma": 6.223502974387487, "lr": 0.23169469139485988}, "datetime": {"datetime": "2024-03-29 22:13:29", "elapsed": 4.46939, "delta": 0.006981}}
{"target": -2322.6718338317737, "params": {"gamma": 7.701551743810476, "lr": 0.10550707999733477}, "datetime": {"datetime": "2024-03-29 22:13:29", "elapsed": 4.475373, "delta": 0.005983}}
{"target": -1787.4528133383114, "params": {"gamma": 5.552697959994914, "lr": 0.0949560698024915}, "datetime": {"datetime": "2024-03-29 22:13:29", "elapsed": 4.481357, "delta": 0.005984}}
{"target": -795.5389642601281, "params": {"gamma": 5.810259742677521, "lr": 0.2529801127201884}, "datetime": {"datetime": "2024-03-29 22:13:29", "elapsed": 4.485347, "delta": 0.00399}}
{"target": -975.3246492228691, "params": {"gamma": 6.495018612739509, "lr": 0.71582695285818}, "datetime": {"datetime": "2024-03-29 22:13:29", "elapsed": 4.49133, "delta": 0.005983}}
{"target": -745.4170438887123, "params": {"gamma": 5.242331960072044, "lr": 0.6575214077031101}, "datetime": {"datetime": "2024-03-29 22:13:29", "elapsed": 4.495525, "delta": 0.004195}}
{"target": -1427.2477144078077, "params": {"gamma": 8.133125159405232, "lr": 0.8075122716430321}, "datetime": {"datetime": "2024-03-29 22:13:29", "elapsed": 4.501511, "delta": 0.005986}}
{"target": -659.650522351551, "params": {"gamma": 6.197200238546574, "lr": 0.45110246212077487}, "datetime": {"datetime": "2024-03-29 22:13:29", "elapsed": 4.508492, "delta": 0.006981}}
{"target": -780.2775167737877, "params": {"gamma": 4.080091940484627, "lr": 0.8747476199043634}, "datetime": {"datetime": "2024-03-29 22:13:29", "elapsed": 4.514476, "delta": 0.005984}}
{"target": -1220.1498563288203, "params": {"gamma": 7.029614389411599, "lr": 0.18493502237340165}, "datetime": {"datetime": "2024-03-29 22:13:29", "elapsed": 4.518465, "delta": 0.003989}}
{"target": -1083.6970377884181, "params": {"gamma": 5.657755734146004, "lr": 0.9088080323000569}, "datetime": {"datetime": "2024-03-29 22:13:29", "elapsed": 4.522455, "delta": 0.00399}}
{"target": -310.04652988684956, "params": {"gamma": 1.5077492324904636, "lr": 0.8455176755307064}, "datetime": {"datetime": "2024-03-29 22:13:29", "elapsed": 4.528438, "delta": 0.005983}}
{"target": -895.3187377813894, "params": {"gamma": 8.202204460687183, "lr": 0.4993411012978345}, "datetime": {"datetime": "2024-03-29 22:13:29", "elapsed": 4.535419, "delta": 0.006981}}
{"target": -151.09028807847383, "params": {"gamma": 0.37680093100554635, "lr": 0.14750250539693543}, "datetime": {"datetime": "2024-03-29 22:13:29", "elapsed": 4.541403, "delta": 0.005984}}
{"target": -3341.6181917291715, "params": {"gamma": 9.226464308192023, "lr": 0.04415479603186245}, "datetime": {"datetime": "2024-03-29 22:13:29", "elapsed": 4.54639, "delta": 0.004987}}
{"target": -525.5824262783008, "params": {"gamma": 3.7256151652871896, "lr": 0.6190396347254709}, "datetime": {"datetime": "2024-03-29 22:13:29", "elapsed": 4.551376, "delta": 0.004986}}
{"target": -411.3638906785358, "params": {"gamma": 1.9702834411012529, "lr": 0.9810797572402973}, "datetime": {"datetime": "2024-03-29 22:13:29", "elapsed": 4.555365, "delta": 0.003989}}
{"target": -235.200748064015, "params": {"gamma": 1.5605963552011808, "lr": 0.5396791951612744}, "datetime": {"datetime": "2024-03-29 22:13:29", "elapsed": 4.561349, "delta": 0.005984}}
{"target": -817.9876866607216, "params": {"gamma": 6.180495232142101, "lr": 0.2309899486697039}, "datetime": {"datetime": "2024-03-29 22:13:29", "elapsed": 4.567333, "delta": 0.005984}}
{"target": -520.3366285396788, "params": {"gamma": 4.663623583104205, "lr": 0.49100852913292925}, "datetime": {"datetime": "2024-03-29 22:13:29", "elapsed": 4.574314, "delta": 0.006981}}
{"target": -1062.262625685628, "params": {"gamma": 7.668856900889094, "lr": 0.6342807527738734}, "datetime": {"datetime": "2024-03-29 22:13:29", "elapsed": 4.581301, "delta": 0.006987}}
