{"target": -362.3033324413045, "params": {"gamma": 2.351541289225017, "lr": 0.461602080891622}, "datetime": {"datetime": "2024-04-04 21:00:53", "elapsed": 1.69063, "delta": 0.002992}}
{"target": -1043.4261723883162, "params": {"gamma": 1.9867164390362086, "lr": 0.0254762357788203}, "datetime": {"datetime": "2024-04-04 21:00:53", "elapsed": 1.693537, "delta": 0.002907}}
{"target": -1451.728865825258, "params": {"gamma": 7.294247584863271, "lr": 0.7249167472191191}, "datetime": {"datetime": "2024-04-04 21:00:53", "elapsed": 1.696463, "delta": 0.002926}}
{"target": -797.7656197343905, "params": {"gamma": 3.304587071870666, "lr": 0.8434941260636555}, "datetime": {"datetime": "2024-04-04 21:00:53", "elapsed": 1.699382, "delta": 0.002919}}
{"target": -1093.271563344297, "params": {"gamma": 4.284996317034784, "lr": 0.8646861447635343}, "datetime": {"datetime": "2024-04-04 21:00:53", "elapsed": 1.702318, "delta": 0.002936}}
{"target": -1100.7150168590686, "params": {"gamma": 6.570997180804273, "lr": 0.5810356574180902}, "datetime": {"datetime": "2024-04-04 21:00:53", "elapsed": 1.705292, "delta": 0.002974}}
{"target": -341.3063904319236, "params": {"gamma": 2.008074152862875, "lr": 0.5295466104783949}, "datetime": {"datetime": "2024-04-04 21:00:53", "elapsed": 1.70833, "delta": 0.003038}}
{"target": -874.7843046347182, "params": {"gamma": 8.944429751857296, "lr": 0.30499397583521604}, "datetime": {"datetime": "2024-04-04 21:00:53", "elapsed": 1.711489, "delta": 0.003159}}
{"target": -2233.4894697744553, "params": {"gamma": 8.709585146001372, "lr": 0.9087452728583881}, "datetime": {"datetime": "2024-04-04 21:00:53", "elapsed": 1.714669, "delta": 0.00318}}
{"target": -657.913909050076, "params": {"gamma": 3.2991157822561417, "lr": 0.6830743663365642}, "datetime": {"datetime": "2024-04-04 21:00:53", "elapsed": 1.717748, "delta": 0.003079}}
{"target": -4663.239946500168, "params": {"gamma": 8.992310274710121, "lr": 0.07569688175830336}, "datetime": {"datetime": "2024-04-04 21:00:53", "elapsed": 1.720781, "delta": 0.003033}}
{"target": -1239.9809379374337, "params": {"gamma": 8.7860000441845, "lr": 0.1908393632684806}, "datetime": {"datetime": "2024-04-04 21:00:53", "elapsed": 1.723696, "delta": 0.002915}}
{"target": -1663.9368726767002, "params": {"gamma": 8.497839331269288, "lr": 0.6671187886992039}, "datetime": {"datetime": "2024-04-04 21:00:53", "elapsed": 1.726581, "delta": 0.002885}}
{"target": -674.0386871100815, "params": {"gamma": 3.4440476153050885, "lr": 0.151375569992799}, "datetime": {"datetime": "2024-04-04 21:00:53", "elapsed": 1.729472, "delta": 0.002891}}
{"target": -1516.9077983591737, "params": {"gamma": 6.354074243923046, "lr": 0.8477880437147416}, "datetime": {"datetime": "2024-04-04 21:00:53", "elapsed": 1.732381, "delta": 0.002909}}
{"target": -1438.590721668038, "params": {"gamma": 8.218671898265342, "lr": 0.6282395971306578}, "datetime": {"datetime": "2024-04-04 21:00:53", "elapsed": 1.73535, "delta": 0.002969}}
{"target": -1591.2514248623938, "params": {"gamma": 9.563058796042565, "lr": 0.5899231270757698}, "datetime": {"datetime": "2024-04-04 21:00:53", "elapsed": 1.73832, "delta": 0.00297}}
{"target": -305.76591786026177, "params": {"gamma": 1.979130013694545, "lr": 0.4293307226164923}, "datetime": {"datetime": "2024-04-04 21:00:53", "elapsed": 1.741423, "delta": 0.003103}}
{"target": -892.76467053622, "params": {"gamma": 3.3681232410129716, "lr": 0.991945011907281}, "datetime": {"datetime": "2024-04-04 21:00:53", "elapsed": 1.744647, "delta": 0.003224}}
{"target": -1005.7287309147848, "params": {"gamma": 3.8029847246765303, "lr": 0.992700873664818}, "datetime": {"datetime": "2024-04-04 21:00:53", "elapsed": 1.747884, "delta": 0.003237}}
{"target": -787.2115183863109, "params": {"gamma": 5.188523703083409, "lr": 0.17227970147712546}, "datetime": {"datetime": "2024-04-04 21:00:53", "elapsed": 1.750867, "delta": 0.002983}}
{"target": -144.8706557535599, "params": {"gamma": 0.7466661384435471, "lr": 0.37030569377388767}, "datetime": {"datetime": "2024-04-04 21:00:53", "elapsed": 1.753899, "delta": 0.003032}}
{"target": -249.7600222795003, "params": {"gamma": 1.235065179287484, "lr": 0.6345187162918416}, "datetime": {"datetime": "2024-04-04 21:00:53", "elapsed": 1.757016, "delta": 0.003117}}
{"target": -1093.3364680032737, "params": {"gamma": 4.13978453744836, "lr": 0.9909156325254501}, "datetime": {"datetime": "2024-04-04 21:00:53", "elapsed": 1.759953, "delta": 0.002937}}
{"target": -1735.030362369701, "params": {"gamma": 9.299626280909525, "lr": 0.14923603230975002}, "datetime": {"datetime": "2024-04-04 21:00:53", "elapsed": 1.762874, "delta": 0.002921}}
{"target": -583.8570271270025, "params": {"gamma": 3.9494277431054683, "lr": 0.46157971096238615}, "datetime": {"datetime": "2024-04-04 21:00:53", "elapsed": 1.765945, "delta": 0.003071}}
{"target": -1291.2773140996376, "params": {"gamma": 5.609926602464331, "lr": 0.7803635232892685}, "datetime": {"datetime": "2024-04-04 21:00:53", "elapsed": 1.769013, "delta": 0.003068}}
{"target": -654.8371037775726, "params": {"gamma": 4.872451896825164, "lr": 0.4199935520102408}, "datetime": {"datetime": "2024-04-04 21:00:53", "elapsed": 1.772113, "delta": 0.0031}}
{"target": -691.4369829981482, "params": {"gamma": 2.6207350474886373, "lr": 0.9108061390867584}, "datetime": {"datetime": "2024-04-04 21:00:53", "elapsed": 1.775099, "delta": 0.002986}}
{"target": -143.76986319493315, "params": {"gamma": 0.22369284381650878, "lr": 0.8211218982189646}, "datetime": {"datetime": "2024-04-04 21:00:53", "elapsed": 1.778363, "delta": 0.003264}}
{"target": -389.5914870255459, "params": {"gamma": 1.8854955282645185, "lr": 0.6857568991725472}, "datetime": {"datetime": "2024-04-04 21:00:53", "elapsed": 1.781645, "delta": 0.003282}}
{"target": -940.6972180592667, "params": {"gamma": 3.552738684007098, "lr": 0.9742126278950913}, "datetime": {"datetime": "2024-04-04 21:00:53", "elapsed": 1.784772, "delta": 0.003127}}
{"target": -221.4088818715708, "params": {"gamma": 1.22859852236475, "lr": 0.18756989261723955}, "datetime": {"datetime": "2024-04-04 21:00:53", "elapsed": 1.78797, "delta": 0.003198}}
{"target": -1481.6291618304112, "params": {"gamma": 8.894535312169324, "lr": 0.5834063146082279}, "datetime": {"datetime": "2024-04-04 21:00:53", "elapsed": 1.790947, "delta": 0.002977}}
{"target": -1612.206800777887, "params": {"gamma": 3.0931546002031376, "lr": 0.0007643854781880233}, "datetime": {"datetime": "2024-04-04 21:00:53", "elapsed": 1.793968, "delta": 0.003021}}
{"target": -466.03367230080767, "params": {"gamma": 2.2767497854842085, "lr": 0.1454036341712357}, "datetime": {"datetime": "2024-04-04 21:00:53", "elapsed": 1.79706, "delta": 0.003092}}
{"target": -537.3506459912256, "params": {"gamma": 2.035134809876536, "lr": 0.8963225568040046}, "datetime": {"datetime": "2024-04-04 21:00:53", "elapsed": 1.800164, "delta": 0.003104}}
{"target": -1719.2883695219693, "params": {"gamma": 8.731070688318136, "lr": 0.7002894376334498}, "datetime": {"datetime": "2024-04-04 21:00:53", "elapsed": 1.803134, "delta": 0.00297}}
{"target": -1137.9490247799613, "params": {"gamma": 4.705506263845939, "lr": 0.8271360023322883}, "datetime": {"datetime": "2024-04-04 21:00:53", "elapsed": 1.806115, "delta": 0.002981}}
{"target": -561.9617497390032, "params": {"gamma": 4.958768144455039, "lr": 0.36348868328490525}, "datetime": {"datetime": "2024-04-04 21:00:53", "elapsed": 1.809229, "delta": 0.003114}}
{"target": -734.4163496292301, "params": {"gamma": 2.7567554245058266, "lr": 0.9247408135383717}, "datetime": {"datetime": "2024-04-04 21:00:53", "elapsed": 1.812519, "delta": 0.00329}}
{"target": -572.7776691082713, "params": {"gamma": 3.8705053533286655, "lr": 0.49288087343132025}, "datetime": {"datetime": "2024-04-04 21:00:53", "elapsed": 1.815758, "delta": 0.003239}}
{"target": -669.8273687609669, "params": {"gamma": 2.5451265850419067, "lr": 0.8849665188380633}, "datetime": {"datetime": "2024-04-04 21:00:53", "elapsed": 1.818812, "delta": 0.003054}}
{"target": -391.68932148679215, "params": {"gamma": 3.833251304596062, "lr": 0.29757471531387525}, "datetime": {"datetime": "2024-04-04 21:00:53", "elapsed": 1.821835, "delta": 0.003023}}
{"target": -1018.6883882724754, "params": {"gamma": 7.17623202698535, "lr": 0.19086994317230743}, "datetime": {"datetime": "2024-04-04 21:00:53", "elapsed": 1.824847, "delta": 0.003012}}
{"target": -309.60077540951, "params": {"gamma": 1.1828081008410374, "lr": 0.8369977822135122}, "datetime": {"datetime": "2024-04-04 21:00:53", "elapsed": 1.827869, "delta": 0.003022}}
{"target": -1243.415605776695, "params": {"gamma": 7.441615077773983, "lr": 0.5905205476471171}, "datetime": {"datetime": "2024-04-04 21:00:53", "elapsed": 1.830835, "delta": 0.002966}}
{"target": -426.20155902784524, "params": {"gamma": 2.429672858073742, "lr": 0.6232471451875841}, "datetime": {"datetime": "2024-04-04 21:00:53", "elapsed": 1.834004, "delta": 0.003169}}
{"target": -631.8909645067392, "params": {"gamma": 6.383914852090989, "lr": 0.32756944411232514}, "datetime": {"datetime": "2024-04-04 21:00:53", "elapsed": 1.837117, "delta": 0.003113}}
{"target": -216.48051735289621, "params": {"gamma": 0.6758259413323553, "lr": 0.8805385975643267}, "datetime": {"datetime": "2024-04-04 21:00:53", "elapsed": 1.840172, "delta": 0.003055}}
{"target": -1052.9473571696053, "params": {"gamma": 4.60010735401151, "lr": 0.7638727180664299}, "datetime": {"datetime": "2024-04-04 21:00:53", "elapsed": 1.84332, "delta": 0.003148}}
{"target": -443.45625640795237, "params": {"gamma": 2.539632320806454, "lr": 0.5913871822675169}, "datetime": {"datetime": "2024-04-04 21:00:53", "elapsed": 1.846591, "delta": 0.003271}}
{"target": -502.72183603408155, "params": {"gamma": 4.288522808327629, "lr": 0.38210064254913956}, "datetime": {"datetime": "2024-04-04 21:00:53", "elapsed": 1.849664, "delta": 0.003073}}
{"target": -156.5266332441905, "params": {"gamma": 1.2680071250853806, "lr": 0.24426666320897583}, "datetime": {"datetime": "2024-04-04 21:00:53", "elapsed": 1.852798, "delta": 0.003134}}
{"target": -141.76076087301053, "params": {"gamma": 0.7943364880002312, "lr": 0.3028583047175786}, "datetime": {"datetime": "2024-04-04 21:00:53", "elapsed": 1.855824, "delta": 0.003026}}
{"target": -1242.4449480550516, "params": {"gamma": 7.417306297515323, "lr": 0.6150157249710488}, "datetime": {"datetime": "2024-04-04 21:00:53", "elapsed": 1.858809, "delta": 0.002985}}
{"target": -3489.675975698748, "params": {"gamma": 6.724438578240325, "lr": 0.00838307952503159}, "datetime": {"datetime": "2024-04-04 21:00:53", "elapsed": 1.861784, "delta": 0.002975}}
{"target": -1069.2828160384365, "params": {"gamma": 6.784091345540948, "lr": 0.503180690542887}, "datetime": {"datetime": "2024-04-04 21:00:53", "elapsed": 1.864758, "delta": 0.002974}}
{"target": -374.22434113769765, "params": {"gamma": 2.309853596391308, "lr": 0.17489650898192222}, "datetime": {"datetime": "2024-04-04 21:00:53", "elapsed": 1.867699, "delta": 0.002941}}
{"target": -459.57634067548236, "params": {"gamma": 1.8506446725427474, "lr": 0.8442600050750985}, "datetime": {"datetime": "2024-04-04 21:00:53", "elapsed": 1.870653, "delta": 0.002954}}
{"target": -2546.9078380636047, "params": {"gamma": 9.825915303261548, "lr": 0.9137396248416316}, "datetime": {"datetime": "2024-04-04 21:00:53", "elapsed": 1.873694, "delta": 0.003041}}
{"target": -805.9360988313033, "params": {"gamma": 3.4743468343077555, "lr": 0.7802245796913637}, "datetime": {"datetime": "2024-04-04 21:00:53", "elapsed": 1.876764, "delta": 0.00307}}
{"target": -1289.766081647476, "params": {"gamma": 5.464999452423606, "lr": 0.8164423975559377}, "datetime": {"datetime": "2024-04-04 21:00:53", "elapsed": 1.880039, "delta": 0.003275}}
{"target": -816.9013582058332, "params": {"gamma": 4.8377857849378705, "lr": 0.5899512982994037}, "datetime": {"datetime": "2024-04-04 21:00:53", "elapsed": 1.883166, "delta": 0.003127}}
{"target": -2957.6534113631624, "params": {"gamma": 7.872847211795091, "lr": 0.10023464310313235}, "datetime": {"datetime": "2024-04-04 21:00:53", "elapsed": 1.886133, "delta": 0.002967}}
{"target": -601.2336584135186, "params": {"gamma": 5.370534161288567, "lr": 0.36598334666965426}, "datetime": {"datetime": "2024-04-04 21:00:53", "elapsed": 1.889105, "delta": 0.002972}}
{"target": -1589.434871841921, "params": {"gamma": 6.043464129845054, "lr": 0.9588025156370005}, "datetime": {"datetime": "2024-04-04 21:00:53", "elapsed": 1.892065, "delta": 0.00296}}
{"target": -462.6663067574446, "params": {"gamma": 3.9288366270246278, "lr": 0.39297299794161644}, "datetime": {"datetime": "2024-04-04 21:00:53", "elapsed": 1.89506, "delta": 0.002995}}
{"target": -1400.5825673799482, "params": {"gamma": 7.9065792989023995, "lr": 0.6450783990854264}, "datetime": {"datetime": "2024-04-04 21:00:53", "elapsed": 1.898006, "delta": 0.002946}}
{"target": -781.1488837858595, "params": {"gamma": 3.9394461945459094, "lr": 0.6889550482302514}, "datetime": {"datetime": "2024-04-04 21:00:53", "elapsed": 1.901173, "delta": 0.003167}}
{"target": -1008.886651459042, "params": {"gamma": 4.040612088934736, "lr": 0.1361131542481221}, "datetime": {"datetime": "2024-04-04 21:00:53", "elapsed": 1.904232, "delta": 0.003059}}
{"target": -513.1739597954979, "params": {"gamma": 4.506982043452673, "lr": 0.3344193926972726}, "datetime": {"datetime": "2024-04-04 21:00:53", "elapsed": 1.907271, "delta": 0.003039}}
{"target": -586.0804077239204, "params": {"gamma": 2.180471331681618, "lr": 0.9257748016364399}, "datetime": {"datetime": "2024-04-04 21:00:53", "elapsed": 1.910506, "delta": 0.003235}}
{"target": -1154.0951334193908, "params": {"gamma": 6.896704351396498, "lr": 0.5988208906234219}, "datetime": {"datetime": "2024-04-04 21:00:53", "elapsed": 1.913852, "delta": 0.003346}}
{"target": -1174.3377520213912, "params": {"gamma": 7.466828063757928, "lr": 0.5419710617714415}, "datetime": {"datetime": "2024-04-04 21:00:53", "elapsed": 1.916956, "delta": 0.003104}}
{"target": -1840.4277432822462, "params": {"gamma": 7.005630193122407, "lr": 0.9305598192498451}, "datetime": {"datetime": "2024-04-04 21:00:53", "elapsed": 1.920108, "delta": 0.003152}}
{"target": -1287.0357562239863, "params": {"gamma": 8.626304328357714, "lr": 0.1674418575065213}, "datetime": {"datetime": "2024-04-04 21:00:53", "elapsed": 1.923065, "delta": 0.002957}}
{"target": -1374.6693723710125, "params": {"gamma": 2.6321271002148183, "lr": 0.07161027944180454}, "datetime": {"datetime": "2024-04-04 21:00:53", "elapsed": 1.926042, "delta": 0.002977}}
{"target": -829.6169440825464, "params": {"gamma": 9.786749378778312, "lr": 0.23638409866037557}, "datetime": {"datetime": "2024-04-04 21:00:53", "elapsed": 1.929026, "delta": 0.002984}}
{"target": -3227.065460023756, "params": {"gamma": 6.6063229609300596, "lr": 0.089630698927462}, "datetime": {"datetime": "2024-04-04 21:00:53", "elapsed": 1.93217, "delta": 0.003144}}
{"target": -356.077480404115, "params": {"gamma": 2.1084986499281, "lr": 0.5028243835184045}, "datetime": {"datetime": "2024-04-04 21:00:54", "elapsed": 1.935248, "delta": 0.003078}}
{"target": -165.32094727676156, "params": {"gamma": 1.0504317296309502, "lr": 0.38887340269472437}, "datetime": {"datetime": "2024-04-04 21:00:54", "elapsed": 1.93831, "delta": 0.003062}}
{"target": -607.6010146927131, "params": {"gamma": 5.3803392136766695, "lr": 0.33920418488509996}, "datetime": {"datetime": "2024-04-04 21:00:54", "elapsed": 1.941405, "delta": 0.003095}}
{"target": -880.9766800273421, "params": {"gamma": 5.559446211054629, "lr": 0.536768321942464}, "datetime": {"datetime": "2024-04-04 21:00:54", "elapsed": 1.944757, "delta": 0.003352}}
{"target": -774.8377466423012, "params": {"gamma": 3.906714376870321, "lr": 0.6962700831011029}, "datetime": {"datetime": "2024-04-04 21:00:54", "elapsed": 1.94803, "delta": 0.003273}}
{"target": -1331.8410127665418, "params": {"gamma": 6.785146057525243, "lr": 0.6873031493743899}, "datetime": {"datetime": "2024-04-04 21:00:54", "elapsed": 1.951053, "delta": 0.003023}}
{"target": -633.0789287317832, "params": {"gamma": 5.615351096734943, "lr": 0.3580799140129358}, "datetime": {"datetime": "2024-04-04 21:00:54", "elapsed": 1.954086, "delta": 0.003033}}
{"target": -1612.3990182485609, "params": {"gamma": 6.131510241334756, "lr": 0.9357362666081998}, "datetime": {"datetime": "2024-04-04 21:00:54", "elapsed": 1.957187, "delta": 0.003101}}
{"target": -1570.0891355087506, "params": {"gamma": 5.969288360934786, "lr": 0.9795901743594252}, "datetime": {"datetime": "2024-04-04 21:00:54", "elapsed": 1.960293, "delta": 0.003106}}
{"target": -900.7666231375359, "params": {"gamma": 4.4106251974683035, "lr": 0.7396119625075467}, "datetime": {"datetime": "2024-04-04 21:00:54", "elapsed": 1.96333, "delta": 0.003037}}
{"target": -155.73393651853445, "params": {"gamma": 0.3770011826173517, "lr": 0.7647266390004861}, "datetime": {"datetime": "2024-04-04 21:00:54", "elapsed": 1.96639, "delta": 0.00306}}
{"target": -2692.3243356617177, "params": {"gamma": 5.1832975216877974, "lr": 0.0053165329611032375}, "datetime": {"datetime": "2024-04-04 21:00:54", "elapsed": 1.96945, "delta": 0.00306}}
{"target": -455.25669688991235, "params": {"gamma": 2.772723847721202, "lr": 0.5348322325198115}, "datetime": {"datetime": "2024-04-04 21:00:54", "elapsed": 1.972525, "delta": 0.003075}}
{"target": -3984.0690172894706, "params": {"gamma": 7.679860819934835, "lr": 0.05309259545252509}, "datetime": {"datetime": "2024-04-04 21:00:54", "elapsed": 1.975656, "delta": 0.003131}}
{"target": -1295.825436798213, "params": {"gamma": 5.490985385061347, "lr": 0.800994555798356}, "datetime": {"datetime": "2024-04-04 21:00:54", "elapsed": 1.978921, "delta": 0.003265}}
{"target": -1707.521341650448, "params": {"gamma": 6.496180965729911, "lr": 0.9314470149929107}, "datetime": {"datetime": "2024-04-04 21:00:54", "elapsed": 1.982139, "delta": 0.003218}}
{"target": -147.07158253448415, "params": {"gamma": 0.7482397187025968, "lr": 0.2768064626005866}, "datetime": {"datetime": "2024-04-04 21:00:54", "elapsed": 1.985243, "delta": 0.003104}}
{"target": -2090.0255277864803, "params": {"gamma": 9.192455805057469, "lr": 0.7650051482981429}, "datetime": {"datetime": "2024-04-04 21:00:54", "elapsed": 1.988356, "delta": 0.003113}}
{"target": -1446.3284885950186, "params": {"gamma": 5.9978037043765156, "lr": 0.8329681438370704}, "datetime": {"datetime": "2024-04-04 21:00:54", "elapsed": 1.991363, "delta": 0.003007}}
{"target": -2350.5442100489927, "params": {"gamma": 8.960538872258445, "lr": 0.9727203528528249}, "datetime": {"datetime": "2024-04-04 21:00:54", "elapsed": 1.994333, "delta": 0.00297}}
{"target": -2452.0616738804993, "params": {"gamma": 9.98520655039097, "lr": 0.13964933368410348}, "datetime": {"datetime": "2024-04-04 21:00:54", "elapsed": 1.997312, "delta": 0.002979}}
{"target": -404.76242571528996, "params": {"gamma": 0.7063499053922482, "lr": 0.07346665436012334}, "datetime": {"datetime": "2024-04-04 21:00:54", "elapsed": 2.000391, "delta": 0.003079}}
{"target": -141.23542781628106, "params": {"gamma": 0.14842316520856935, "lr": 0.971820072977926}, "datetime": {"datetime": "2024-04-04 21:00:54", "elapsed": 2.003351, "delta": 0.00296}}
{"target": -259.5717799305878, "params": {"gamma": 0.9485743976558341, "lr": 0.8417368261858497}, "datetime": {"datetime": "2024-04-04 21:00:54", "elapsed": 2.006332, "delta": 0.002981}}
{"target": -994.1557008252124, "params": {"gamma": 6.852044796080089, "lr": 0.4875571674829181}, "datetime": {"datetime": "2024-04-04 21:00:54", "elapsed": 2.009493, "delta": 0.003161}}
{"target": -401.778262714789, "params": {"gamma": 3.4676021187044235, "lr": 0.35364778706700506}, "datetime": {"datetime": "2024-04-04 21:00:54", "elapsed": 2.012787, "delta": 0.003294}}
{"target": -670.6412209254147, "params": {"gamma": 2.539134984589525, "lr": 0.9110179736986265}, "datetime": {"datetime": "2024-04-04 21:00:54", "elapsed": 2.015898, "delta": 0.003111}}
{"target": -3765.0964250014567, "params": {"gamma": 7.256699812403196, "lr": 0.025925792784269874}, "datetime": {"datetime": "2024-04-04 21:00:54", "elapsed": 2.018897, "delta": 0.002999}}
{"target": -486.0127217113206, "params": {"gamma": 4.615751011217899, "lr": 0.28130127253681136}, "datetime": {"datetime": "2024-04-04 21:00:54", "elapsed": 2.021941, "delta": 0.003044}}
{"target": -151.70452149371852, "params": {"gamma": 0.2906328955928069, "lr": 0.8846818943092944}, "datetime": {"datetime": "2024-04-04 21:00:54", "elapsed": 2.024921, "delta": 0.00298}}
{"target": -757.6460712634521, "params": {"gamma": 7.710282574188869, "lr": 0.32973507924426093}, "datetime": {"datetime": "2024-04-04 21:00:54", "elapsed": 2.027891, "delta": 0.00297}}
{"target": -781.8906287704777, "params": {"gamma": 7.965789316779574, "lr": 0.3246383222029966}, "datetime": {"datetime": "2024-04-04 21:00:54", "elapsed": 2.030895, "delta": 0.003004}}
{"target": -817.9272777209546, "params": {"gamma": 3.0795165557326496, "lr": 0.9281090785007262}, "datetime": {"datetime": "2024-04-04 21:00:54", "elapsed": 2.03384, "delta": 0.002945}}
{"target": -1528.7693933079695, "params": {"gamma": 9.769184703296556, "lr": 0.5235553047168928}, "datetime": {"datetime": "2024-04-04 21:00:54", "elapsed": 2.036934, "delta": 0.003094}}
{"target": -2458.3225558293166, "params": {"gamma": 9.519399740511682, "lr": 0.8879964939264646}, "datetime": {"datetime": "2024-04-04 21:00:54", "elapsed": 2.040037, "delta": 0.003103}}
{"target": -580.879419837825, "params": {"gamma": 5.180807583382493, "lr": 0.3727488020974856}, "datetime": {"datetime": "2024-04-04 21:00:54", "elapsed": 2.043171, "delta": 0.003134}}
{"target": -1029.8612909463402, "params": {"gamma": 7.103835428617774, "lr": 0.455643424642054}, "datetime": {"datetime": "2024-04-04 21:00:54", "elapsed": 2.046418, "delta": 0.003247}}
