{"target": -159.23946590520484, "params": {"gamma": 0.3576478855832543, "lr": 0.8982049002840244}, "datetime": {"datetime": "2024-04-04 21:15:42", "elapsed": 890.324612, "delta": 7.597012}}
{"target": -195.919916749516, "params": {"gamma": 0.9133658573580524, "lr": 0.6117824089304744}, "datetime": {"datetime": "2024-04-04 21:15:48", "elapsed": 896.2114, "delta": 5.886788}}
{"target": -172.82802544736168, "params": {"gamma": 0.12055227572812281, "lr": 0.05190072201061635}, "datetime": {"datetime": "2024-04-04 21:15:54", "elapsed": 902.312761, "delta": 6.101361}}
{"target": -183.4637963473396, "params": {"gamma": 0.7612184240504116, "lr": 0.6415502151390208}, "datetime": {"datetime": "2024-04-04 21:16:01", "elapsed": 909.832612, "delta": 7.519851}}
{"target": -135.08853000573484, "params": {"gamma": 0.7344131151446097, "lr": 0.2107312917198313}, "datetime": {"datetime": "2024-04-04 21:16:06", "elapsed": 914.768928, "delta": 4.936316}}
{"target": -145.95416624431388, "params": {"gamma": 1.0585333467002103, "lr": 0.23446822034565462}, "datetime": {"datetime": "2024-04-04 21:16:13", "elapsed": 921.169431, "delta": 6.400503}}
{"target": -232.1959369069692, "params": {"gamma": 2.3981823240329665, "lr": 0.23168557961699443}, "datetime": {"datetime": "2024-04-04 21:16:17", "elapsed": 925.357379, "delta": 4.187948}}
{"target": -897.3387779792315, "params": {"gamma": 3.7796698290783763, "lr": 0.8020387954120906}, "datetime": {"datetime": "2024-04-04 21:16:19", "elapsed": 927.445061, "delta": 2.087682}}
{"target": -281.61066085933606, "params": {"gamma": 1.7453393078665722, "lr": 0.48209443352263015}, "datetime": {"datetime": "2024-04-04 21:16:26", "elapsed": 934.400597, "delta": 6.955536}}
{"target": -672.328507955077, "params": {"gamma": 6.518334724128681, "lr": 0.2579447622450516}, "datetime": {"datetime": "2024-04-04 21:16:32", "elapsed": 940.243321, "delta": 5.842724}}
{"target": -2710.824839654051, "params": {"gamma": 9.060873444957423, "lr": 0.12284501100394996}, "datetime": {"datetime": "2024-04-04 21:16:34", "elapsed": 942.309371, "delta": 2.06605}}
{"target": -183.11287115942102, "params": {"gamma": 0.6903461162600155, "lr": 0.6946268733550196}, "datetime": {"datetime": "2024-04-04 21:16:47", "elapsed": 955.57327, "delta": 13.263899}}
{"target": -146.2540550981487, "params": {"gamma": 0.6444752574440735, "lr": 0.0}, "datetime": {"datetime": "2024-04-04 21:16:53", "elapsed": 961.533722, "delta": 5.960452}}
{"target": -163.1477388308758, "params": {"gamma": 1.1731369405578538, "lr": 0.2994069993584282}, "datetime": {"datetime": "2024-04-04 21:16:59", "elapsed": 967.334698, "delta": 5.800976}}
{"target": -146.2540550981487, "params": {"gamma": 2.361225634074724, "lr": 0.0}, "datetime": {"datetime": "2024-04-04 21:17:04", "elapsed": 972.920262, "delta": 5.585564}}
{"target": -142.65431881756854, "params": {"gamma": 0.1823678552544633, "lr": 0.9988161520859749}, "datetime": {"datetime": "2024-04-04 21:17:12", "elapsed": 980.522769, "delta": 7.602507}}
{"target": -1577.932287415623, "params": {"gamma": 7.793152136890645, "lr": 0.7358159854528827}, "datetime": {"datetime": "2024-04-04 21:17:14", "elapsed": 982.500898, "delta": 1.978129}}
{"target": -1093.6819224650549, "params": {"gamma": 6.21818362271842, "lr": 0.6279181116481095}, "datetime": {"datetime": "2024-04-04 21:17:16", "elapsed": 984.424674, "delta": 1.923776}}
{"target": -1092.0043826538838, "params": {"gamma": 5.755668566778193, "lr": 0.156555861531963}, "datetime": {"datetime": "2024-04-04 21:17:18", "elapsed": 986.365811, "delta": 1.941137}}
{"target": -318.5338116960983, "params": {"gamma": 2.0772365612053, "lr": 0.43605541129135106}, "datetime": {"datetime": "2024-04-04 21:17:23", "elapsed": 991.820758, "delta": 5.454947}}
{"target": -551.7785838425534, "params": {"gamma": 2.3454578565037294, "lr": 0.7998315720555759}, "datetime": {"datetime": "2024-04-04 21:17:31", "elapsed": 999.668466, "delta": 7.847708}}
{"target": -792.7822979192608, "params": {"gamma": 5.430527957046959, "lr": 0.47290405553305903}, "datetime": {"datetime": "2024-04-04 21:17:37", "elapsed": 1005.134211, "delta": 5.465745}}
{"target": -348.4840922822821, "params": {"gamma": 2.963101824625971, "lr": 0.3561841143446558}, "datetime": {"datetime": "2024-04-04 21:17:43", "elapsed": 1010.936027, "delta": 5.801816}}
{"target": -146.2540550981487, "params": {"gamma": 2.1311027839742365, "lr": 0.0}, "datetime": {"datetime": "2024-04-04 21:17:50", "elapsed": 1018.154685, "delta": 7.218658}}
{"target": -144.17592764788898, "params": {"gamma": 0.2998921483995374, "lr": 0.1750414382107185}, "datetime": {"datetime": "2024-04-04 21:17:54", "elapsed": 1022.383473, "delta": 4.228788}}
{"target": -238.7310557486583, "params": {"gamma": 1.554848055484308, "lr": 0.4036147806836433}, "datetime": {"datetime": "2024-04-04 21:18:04", "elapsed": 1032.707815, "delta": 10.324342}}
{"target": -409.15486549895485, "params": {"gamma": 3.5690427473969457, "lr": 0.36920816563615166}, "datetime": {"datetime": "2024-04-04 21:18:13", "elapsed": 1041.770238, "delta": 9.062423}}
{"target": -145.70687730063483, "params": {"gamma": 0.48620314483185195, "lr": 0.4617168182335252}, "datetime": {"datetime": "2024-04-04 21:18:20", "elapsed": 1048.147707, "delta": 6.377469}}
{"target": -257.54023634962203, "params": {"gamma": 1.349701167773157, "lr": 0.6005624856925182}, "datetime": {"datetime": "2024-04-04 21:18:24", "elapsed": 1052.174103, "delta": 4.026396}}
{"target": -140.4136196815688, "params": {"gamma": 0.3235085666210852, "lr": 0.6278224818599312}, "datetime": {"datetime": "2024-04-04 21:18:27", "elapsed": 1055.834887, "delta": 3.660784}}
{"target": -146.10717540331154, "params": {"gamma": 0.0015642725346027223, "lr": 0.801443186965957}, "datetime": {"datetime": "2024-04-04 21:18:33", "elapsed": 1061.842703, "delta": 6.007816}}
{"target": -160.39531688055098, "params": {"gamma": 1.3373825772608179, "lr": 0.239392900132126}, "datetime": {"datetime": "2024-04-04 21:18:38", "elapsed": 1066.563411, "delta": 4.720708}}
{"target": -151.45863059365388, "params": {"gamma": 0.0966481278117823, "lr": 0.13342561405197606}, "datetime": {"datetime": "2024-04-04 21:18:45", "elapsed": 1073.249585, "delta": 6.686174}}
{"target": -266.728875314325, "params": {"gamma": 2.1681951958815056, "lr": 0.3385018413624096}, "datetime": {"datetime": "2024-04-04 21:18:51", "elapsed": 1079.052014, "delta": 5.802429}}
{"target": -371.69950520239615, "params": {"gamma": 1.3311485399458745, "lr": 0.9993779788111657}, "datetime": {"datetime": "2024-04-04 21:18:57", "elapsed": 1085.516423, "delta": 6.464409}}
{"target": -538.9514581343799, "params": {"gamma": 2.9875062249161894, "lr": 0.6301662423130431}, "datetime": {"datetime": "2024-04-04 21:19:03", "elapsed": 1091.569437, "delta": 6.053014}}
{"target": -153.732838401637, "params": {"gamma": 0.3367337248699351, "lr": 0.8295519613387609}, "datetime": {"datetime": "2024-04-04 21:19:10", "elapsed": 1098.491885, "delta": 6.922448}}
{"target": -167.73405827355757, "params": {"gamma": 0.6819207693394929, "lr": 0.5579846847072177}, "datetime": {"datetime": "2024-04-04 21:19:15", "elapsed": 1103.574901, "delta": 5.083016}}
{"target": -798.3095569824843, "params": {"gamma": 4.000691575379724, "lr": 0.7019751779109304}, "datetime": {"datetime": "2024-04-04 21:19:17", "elapsed": 1105.574999, "delta": 2.000098}}
{"target": -137.0147229798867, "params": {"gamma": 0.6749546012561525, "lr": 0.31200721030846}, "datetime": {"datetime": "2024-04-04 21:19:26", "elapsed": 1114.008394, "delta": 8.433395}}
{"target": -259.8613137608126, "params": {"gamma": 0.8626163444474545, "lr": 0.9404043023097235}, "datetime": {"datetime": "2024-04-04 21:19:32", "elapsed": 1120.172268, "delta": 6.163874}}
{"target": -305.8466411128424, "params": {"gamma": 1.9229390178457009, "lr": 0.19103888650840609}, "datetime": {"datetime": "2024-04-04 21:19:37", "elapsed": 1125.229192, "delta": 5.056924}}
{"target": -380.2172807633258, "params": {"gamma": 2.142622719968491, "lr": 0.5919933218348393}, "datetime": {"datetime": "2024-04-04 21:19:45", "elapsed": 1133.500682, "delta": 8.27149}}
{"target": -552.2323847393752, "params": {"gamma": 4.076180862035235, "lr": 0.40680428613523445}, "datetime": {"datetime": "2024-04-04 21:19:57", "elapsed": 1145.401281, "delta": 11.900599}}
{"target": -146.2540550981487, "params": {"gamma": 1.772968687297795, "lr": 0.0}, "datetime": {"datetime": "2024-04-04 21:20:08", "elapsed": 1156.527446, "delta": 11.126165}}
{"target": -289.6521828440241, "params": {"gamma": 2.394944341955241, "lr": 0.3447363211136538}, "datetime": {"datetime": "2024-04-04 21:20:25", "elapsed": 1173.886465, "delta": 17.359019}}
{"target": -146.2540550981487, "params": {"gamma": 2.3187060093560996, "lr": 0.0}, "datetime": {"datetime": "2024-04-04 21:20:30", "elapsed": 1178.237486, "delta": 4.351021}}
{"target": -906.1992676429018, "params": {"gamma": 1.7177321248281419, "lr": 0.05054142621606916}, "datetime": {"datetime": "2024-04-04 21:20:44", "elapsed": 1192.749861, "delta": 14.512375}}
{"target": -145.46674783500129, "params": {"gamma": 0.22382787608435514, "lr": 0.882862539182182}, "datetime": {"datetime": "2024-04-04 21:20:53", "elapsed": 1201.870568, "delta": 9.120707}}
{"target": -271.44431389750355, "params": {"gamma": 1.0499006932006947, "lr": 0.7993845390862566}, "datetime": {"datetime": "2024-04-04 21:20:57", "elapsed": 1205.899377, "delta": 4.028809}}
{"target": -155.3026940701319, "params": {"gamma": 0.04693584498349046, "lr": 0.012853377130092825}, "datetime": {"datetime": "2024-04-04 21:21:04", "elapsed": 1212.728874, "delta": 6.829497}}
{"target": -290.5508678205157, "params": {"gamma": 1.802149853782974, "lr": 0.1913067288117415}, "datetime": {"datetime": "2024-04-04 21:21:12", "elapsed": 1220.089266, "delta": 7.360392}}
{"target": -141.10276604908776, "params": {"gamma": 0.09743629264838805, "lr": 0.882082765054525}, "datetime": {"datetime": "2024-04-04 21:21:15", "elapsed": 1223.508714, "delta": 3.419448}}
{"target": -196.95468947459398, "params": {"gamma": 0.9631661868294132, "lr": 0.5022563443943934}, "datetime": {"datetime": "2024-04-04 21:21:21", "elapsed": 1229.685175, "delta": 6.176461}}
{"target": -156.28873657039574, "params": {"gamma": 0.9244014352350559, "lr": 0.25014343275673223}, "datetime": {"datetime": "2024-04-04 21:21:28", "elapsed": 1236.398436, "delta": 6.713261}}
{"target": -488.34851383835667, "params": {"gamma": 4.864876784881736, "lr": 0.30671313418497825}, "datetime": {"datetime": "2024-04-04 21:21:35", "elapsed": 1243.111692, "delta": 6.713256}}
{"target": -179.39877345747774, "params": {"gamma": 0.4742778082706343, "lr": 0.9998299747828081}, "datetime": {"datetime": "2024-04-04 21:21:41", "elapsed": 1249.069222, "delta": 5.95753}}
{"target": -142.16629649253335, "params": {"gamma": 0.05433194603685701, "lr": 0.5579297935130136}, "datetime": {"datetime": "2024-04-04 21:21:48", "elapsed": 1256.496844, "delta": 7.427622}}
{"target": -179.08310423395358, "params": {"gamma": 0.4799685802343455, "lr": 0.9115864516293952}, "datetime": {"datetime": "2024-04-04 21:21:57", "elapsed": 1265.241339, "delta": 8.744495}}
{"target": -418.12956992599595, "params": {"gamma": 2.7802102541979448, "lr": 0.1964228146983894}, "datetime": {"datetime": "2024-04-04 21:21:59", "elapsed": 1267.408209, "delta": 2.16687}}
{"target": -430.4290055365635, "params": {"gamma": 4.517953899352015, "lr": 0.21854964164389978}, "datetime": {"datetime": "2024-04-04 21:22:03", "elapsed": 1271.447273, "delta": 4.039064}}
{"target": -160.8716956051647, "params": {"gamma": 0.992715838238066, "lr": 0.34948460026038386}, "datetime": {"datetime": "2024-04-04 21:22:09", "elapsed": 1277.114217, "delta": 5.666944}}
{"target": -137.93232212036324, "params": {"gamma": 0.13822459315663296, "lr": 0.6948330004943287}, "datetime": {"datetime": "2024-04-04 21:22:16", "elapsed": 1284.711735, "delta": 7.597518}}
{"target": -166.83329273904317, "params": {"gamma": 0.45161559689270786, "lr": 0.8030805517967503}, "datetime": {"datetime": "2024-04-04 21:22:23", "elapsed": 1291.595225, "delta": 6.88349}}
{"target": -722.5675435189323, "params": {"gamma": 2.5033862049842472, "lr": 1.0}, "datetime": {"datetime": "2024-04-04 21:22:27", "elapsed": 1295.878311, "delta": 4.283086}}
{"target": -136.07172188947524, "params": {"gamma": 0.21187643060809777, "lr": 0.6182974905059683}, "datetime": {"datetime": "2024-04-04 21:22:32", "elapsed": 1300.16798, "delta": 4.289669}}
{"target": -135.03880803388407, "params": {"gamma": 0.6118292531174203, "lr": 0.29068625212261523}, "datetime": {"datetime": "2024-04-04 21:22:39", "elapsed": 1307.275288, "delta": 7.107308}}
{"target": -142.54195290019595, "params": {"gamma": 0.0699965804336154, "lr": 0.25220862710077535}, "datetime": {"datetime": "2024-04-04 21:22:43", "elapsed": 1311.5441, "delta": 4.268812}}
{"target": -148.96961316461935, "params": {"gamma": 0.8118629633722338, "lr": 0.361596759404627}, "datetime": {"datetime": "2024-04-04 21:23:01", "elapsed": 1329.235151, "delta": 17.691051}}
{"target": -629.1139993026218, "params": {"gamma": 2.3481839308763166, "lr": 0.9890106938069273}, "datetime": {"datetime": "2024-04-04 21:23:03", "elapsed": 1331.371081, "delta": 2.13593}}
{"target": -146.2540550981487, "params": {"gamma": 0.15618754919394215, "lr": 0.0}, "datetime": {"datetime": "2024-04-04 21:23:09", "elapsed": 1337.894306, "delta": 6.523225}}
{"target": -172.16363560084386, "params": {"gamma": 1.3051611825761922, "lr": 0.29339655983240975}, "datetime": {"datetime": "2024-04-04 21:23:20", "elapsed": 1348.029445, "delta": 10.135139}}
{"target": -146.13539456537703, "params": {"gamma": 0.001, "lr": 1.0}, "datetime": {"datetime": "2024-04-04 21:23:29", "elapsed": 1357.151117, "delta": 9.121672}}
{"target": -140.5575208719277, "params": {"gamma": 0.4061846638222777, "lr": 0.4329777064918344}, "datetime": {"datetime": "2024-04-04 21:23:38", "elapsed": 1365.978784, "delta": 8.827667}}
{"target": -289.9000976983456, "params": {"gamma": 3.150947160552798, "lr": 0.24568337700737242}, "datetime": {"datetime": "2024-04-04 21:23:41", "elapsed": 1369.341346, "delta": 3.362562}}
{"target": -136.17359888183327, "params": {"gamma": 0.53483411670781, "lr": 0.35779372004160215}, "datetime": {"datetime": "2024-04-04 21:23:46", "elapsed": 1374.467959, "delta": 5.126613}}
{"target": -142.72779357382186, "params": {"gamma": 0.04205657405166069, "lr": 0.8483800293142345}, "datetime": {"datetime": "2024-04-04 21:23:54", "elapsed": 1382.174117, "delta": 7.706158}}
{"target": -227.63922769473172, "params": {"gamma": 0.7915801934215754, "lr": 0.8387646415611342}, "datetime": {"datetime": "2024-04-04 21:24:01", "elapsed": 1389.506757, "delta": 7.33264}}
{"target": -336.09607784572523, "params": {"gamma": 1.5955000577745737, "lr": 0.6698697098937552}, "datetime": {"datetime": "2024-04-04 21:24:08", "elapsed": 1396.66512, "delta": 7.158363}}
{"target": -244.17778685627155, "params": {"gamma": 0.7350566278740734, "lr": 1.0}, "datetime": {"datetime": "2024-04-04 21:24:13", "elapsed": 1400.994472, "delta": 4.329352}}
{"target": -218.83615641604143, "params": {"gamma": 2.0504434748800575, "lr": 0.20105621333092605}, "datetime": {"datetime": "2024-04-04 21:24:16", "elapsed": 1404.799893, "delta": 3.805421}}
{"target": -318.085772038295, "params": {"gamma": 1.8489840255143577, "lr": 0.5370125150349953}, "datetime": {"datetime": "2024-04-04 21:24:27", "elapsed": 1415.742491, "delta": 10.942598}}
{"target": -138.34284212303862, "params": {"gamma": 0.14836218657313327, "lr": 0.5439379639160713}, "datetime": {"datetime": "2024-04-04 21:24:32", "elapsed": 1420.140751, "delta": 4.39826}}
{"target": -169.44604506637285, "params": {"gamma": 1.1077547860518469, "lr": 0.3348723379701918}, "datetime": {"datetime": "2024-04-04 21:24:39", "elapsed": 1427.399299, "delta": 7.258548}}
{"target": -293.044238748129, "params": {"gamma": 2.75842531661094, "lr": 0.3248463320006136}, "datetime": {"datetime": "2024-04-04 21:24:45", "elapsed": 1432.936723, "delta": 5.537424}}
{"target": -148.45090253920463, "params": {"gamma": 0.4162948347207493, "lr": 0.18459934782354515}, "datetime": {"datetime": "2024-04-04 21:24:54", "elapsed": 1442.49039, "delta": 9.553667}}
{"target": -207.55540004904495, "params": {"gamma": 1.633153898936618, "lr": 0.2686116894836512}, "datetime": {"datetime": "2024-04-04 21:25:06", "elapsed": 1454.113506, "delta": 11.623116}}
{"target": -182.33243990470714, "params": {"gamma": 0.8052116531252055, "lr": 0.16890159002197103}, "datetime": {"datetime": "2024-04-04 21:25:08", "elapsed": 1456.250551, "delta": 2.137045}}
{"target": -156.17216075718878, "params": {"gamma": 0.9278716684752798, "lr": 0.39619084203170163}, "datetime": {"datetime": "2024-04-04 21:25:15", "elapsed": 1463.196092, "delta": 6.945541}}
{"target": -305.1664524393096, "params": {"gamma": 1.0568985134169964, "lr": 0.9441652853188212}, "datetime": {"datetime": "2024-04-04 21:25:22", "elapsed": 1470.32023, "delta": 7.124138}}
{"target": -137.75745744464618, "params": {"gamma": 0.211229200407267, "lr": 0.4451038136221068}, "datetime": {"datetime": "2024-04-04 21:25:36", "elapsed": 1484.396376, "delta": 14.076146}}
{"target": -146.2540550981487, "params": {"gamma": 0.24642095491369076, "lr": 0.0}, "datetime": {"datetime": "2024-04-04 21:25:42", "elapsed": 1490.666128, "delta": 6.269752}}
{"target": -139.83610987847618, "params": {"gamma": 0.31848492158564246, "lr": 0.5630062058684794}, "datetime": {"datetime": "2024-04-04 21:25:46", "elapsed": 1494.08715, "delta": 3.421022}}
{"target": -203.43171374544963, "params": {"gamma": 0.8222230900760644, "lr": 0.7026145341583803}, "datetime": {"datetime": "2024-04-04 21:25:55", "elapsed": 1503.306207, "delta": 9.219057}}
{"target": -415.3215428110172, "params": {"gamma": 2.023371598845395, "lr": 0.6996664460223834}, "datetime": {"datetime": "2024-04-04 21:26:02", "elapsed": 1510.093751, "delta": 6.787544}}
{"target": -143.26990533710827, "params": {"gamma": 0.03997025395944284, "lr": 0.3670916464392891}, "datetime": {"datetime": "2024-04-04 21:26:09", "elapsed": 1517.779841, "delta": 7.68609}}
{"target": -202.11730121729653, "params": {"gamma": 0.6682466767291325, "lr": 0.8120130854335802}, "datetime": {"datetime": "2024-04-04 21:26:18", "elapsed": 1526.539323, "delta": 8.759482}}
{"target": -135.48969307876425, "params": {"gamma": 0.20052744206538045, "lr": 0.2406310857785503}, "datetime": {"datetime": "2024-04-04 21:26:25", "elapsed": 1533.085665, "delta": 6.546342}}
{"target": -307.4485740923602, "params": {"gamma": 1.1055897578633909, "lr": 0.8632484797183054}, "datetime": {"datetime": "2024-04-04 21:26:30", "elapsed": 1538.415285, "delta": 5.32962}}
{"target": -157.204975698372, "params": {"gamma": 0.313529779498044, "lr": 1.0}, "datetime": {"datetime": "2024-04-04 21:26:38", "elapsed": 1545.972604, "delta": 7.557319}}
{"target": -144.53144285620866, "params": {"gamma": 0.3868354499768056, "lr": 0.638984987504008}, "datetime": {"datetime": "2024-04-04 21:26:42", "elapsed": 1550.329585, "delta": 4.356981}}
{"target": -293.68198462800103, "params": {"gamma": 1.3497398164149936, "lr": 0.7118810916755236}, "datetime": {"datetime": "2024-04-04 21:26:52", "elapsed": 1560.302578, "delta": 9.972993}}
{"target": -133.14282133868065, "params": {"gamma": 0.3544837112102247, "lr": 0.3388742502023888}, "datetime": {"datetime": "2024-04-04 21:26:56", "elapsed": 1564.489948, "delta": 4.18737}}
{"target": -137.7162496551928, "params": {"gamma": 0.46355153773291446, "lr": 0.28081543965849}, "datetime": {"datetime": "2024-04-04 21:27:02", "elapsed": 1570.868361, "delta": 6.378413}}
{"target": -203.2390469576148, "params": {"gamma": 0.6002081675714461, "lr": 0.9617126073729363}, "datetime": {"datetime": "2024-04-04 21:27:11", "elapsed": 1579.774783, "delta": 8.906422}}
{"target": -146.04508465303874, "params": {"gamma": 0.002190217137842215, "lr": 0.6389412664014317}, "datetime": {"datetime": "2024-04-04 21:27:18", "elapsed": 1586.28931, "delta": 6.514527}}
{"target": -317.6261353542523, "params": {"gamma": 3.029947165744012, "lr": 0.299455415246764}, "datetime": {"datetime": "2024-04-04 21:27:29", "elapsed": 1597.459031, "delta": 11.169721}}
{"target": -388.0177002743624, "params": {"gamma": 2.324041263904856, "lr": 0.5403633317010306}, "datetime": {"datetime": "2024-04-04 21:27:37", "elapsed": 1605.315933, "delta": 7.856902}}
{"target": -459.8010262125883, "params": {"gamma": 4.346407545713465, "lr": 0.2680902156421382}, "datetime": {"datetime": "2024-04-04 21:27:42", "elapsed": 1610.714063, "delta": 5.39813}}
{"target": -146.2540550981487, "params": {"gamma": 2.4222605364553447, "lr": 0.0}, "datetime": {"datetime": "2024-04-04 21:27:46", "elapsed": 1614.832383, "delta": 4.11832}}
{"target": -149.712031325875, "params": {"gamma": 1.137266307678099, "lr": 0.22928772721407087}, "datetime": {"datetime": "2024-04-04 21:27:55", "elapsed": 1623.815247, "delta": 8.982864}}
{"target": -140.2509263195647, "params": {"gamma": 0.15663705254508778, "lr": 0.7877875270195941}, "datetime": {"datetime": "2024-04-04 21:28:03", "elapsed": 1631.262289, "delta": 7.447042}}
{"target": -159.08814058997365, "params": {"gamma": 0.5541213910809151, "lr": 0.6461715089655207}, "datetime": {"datetime": "2024-04-04 21:28:15", "elapsed": 1643.011306, "delta": 11.749017}}
{"target": -162.03480258852883, "params": {"gamma": 0.6469768119244711, "lr": 0.5147070462407102}, "datetime": {"datetime": "2024-04-04 21:28:25", "elapsed": 1653.808859, "delta": 10.797553}}
{"target": -146.2540550981487, "params": {"gamma": 1.8732271468475388, "lr": 0.0}, "datetime": {"datetime": "2024-04-04 21:28:38", "elapsed": 1666.298886, "delta": 12.490027}}
{"target": -146.2540550981487, "params": {"gamma": 0.7224152409976109, "lr": 0.0}, "datetime": {"datetime": "2024-04-04 21:28:41", "elapsed": 1669.819772, "delta": 3.520886}}
