{"target": -416.0843324750193, "params": {"gamma": 2.744991446957398, "lr": 0.4608427002738741}, "datetime": {"datetime": "2024-04-04 21:43:44", "elapsed": 2572.236897, "delta": 14.962608}}
{"target": -757.570290315733, "params": {"gamma": 6.823956896819965, "lr": 0.37162944184411584}, "datetime": {"datetime": "2024-04-04 21:43:49", "elapsed": 2577.775953, "delta": 5.539056}}
{"target": -633.2668918940359, "params": {"gamma": 2.183725005713687, "lr": 1.0}, "datetime": {"datetime": "2024-04-04 21:43:55", "elapsed": 2583.76094, "delta": 5.984987}}
{"target": -1527.1198633610852, "params": {"gamma": 5.3562232222354575, "lr": 1.0}, "datetime": {"datetime": "2024-04-04 21:44:06", "elapsed": 2594.889979, "delta": 11.129039}}
{"target": -347.37532743059427, "params": {"gamma": 3.574586481404629, "lr": 0.20882417285530536}, "datetime": {"datetime": "2024-04-04 21:44:15", "elapsed": 2603.345257, "delta": 8.455278}}
{"target": -541.3498665328551, "params": {"gamma": 3.6462935052572574, "lr": 0.454748666409726}, "datetime": {"datetime": "2024-04-04 21:44:24", "elapsed": 2612.90888, "delta": 9.563623}}
{"target": -591.4268658937051, "params": {"gamma": 5.693924554810797, "lr": 0.27858898755912354}, "datetime": {"datetime": "2024-04-04 21:44:29", "elapsed": 2617.55973, "delta": 4.65085}}
{"target": -494.0924321871203, "params": {"gamma": 3.029474003528925, "lr": 0.5501053305643016}, "datetime": {"datetime": "2024-04-04 21:44:35", "elapsed": 2623.681989, "delta": 6.122259}}
{"target": -692.3945552039137, "params": {"gamma": 2.8952528339641534, "lr": 0.8034008323913798}, "datetime": {"datetime": "2024-04-04 21:44:45", "elapsed": 2633.454421, "delta": 9.772432}}
{"target": -489.0380807957567, "params": {"gamma": 1.7997821629858917, "lr": 0.9374157528554727}, "datetime": {"datetime": "2024-04-04 21:44:54", "elapsed": 2642.199617, "delta": 8.745196}}
{"target": -310.70633627273384, "params": {"gamma": 1.6977980363886978, "lr": 0.5846368157007902}, "datetime": {"datetime": "2024-04-04 21:45:01", "elapsed": 2649.12886, "delta": 6.929243}}
{"target": -548.9812924761321, "params": {"gamma": 5.507616820177917, "lr": 0.29661424365148636}, "datetime": {"datetime": "2024-04-04 21:45:08", "elapsed": 2656.474761, "delta": 7.345901}}
{"target": -427.4636810000504, "params": {"gamma": 1.7976993761408417, "lr": 0.7527287289261002}, "datetime": {"datetime": "2024-04-04 21:45:15", "elapsed": 2663.818919, "delta": 7.344158}}
{"target": -467.6207710625211, "params": {"gamma": 3.4151141816986574, "lr": 0.42029038423989484}, "datetime": {"datetime": "2024-04-04 21:45:24", "elapsed": 2672.256986, "delta": 8.438067}}
{"target": -558.8924168721003, "params": {"gamma": 2.7421250438198963, "lr": 0.7261308723086459}, "datetime": {"datetime": "2024-04-04 21:45:29", "elapsed": 2677.430959, "delta": 5.173973}}
{"target": -356.58710047928594, "params": {"gamma": 3.9904904135601407, "lr": 0.24304804338308827}, "datetime": {"datetime": "2024-04-04 21:45:36", "elapsed": 2684.168949, "delta": 6.73799}}
{"target": -587.0254810867013, "params": {"gamma": 6.824783316797414, "lr": 0.22809230098304445}, "datetime": {"datetime": "2024-04-04 21:45:38", "elapsed": 2686.895174, "delta": 2.726225}}
{"target": -394.3663748875697, "params": {"gamma": 2.58678532952073, "lr": 0.4883316337246786}, "datetime": {"datetime": "2024-04-04 21:45:44", "elapsed": 2692.794086, "delta": 5.898912}}
{"target": -470.3577591405154, "params": {"gamma": 2.315903393925003, "lr": 0.6707778472902554}, "datetime": {"datetime": "2024-04-04 21:45:54", "elapsed": 2701.951681, "delta": 9.157595}}
{"target": -961.3933168650535, "params": {"gamma": 9.4568040782196, "lr": 0.268856459258177}, "datetime": {"datetime": "2024-04-04 21:45:59", "elapsed": 2707.821739, "delta": 5.870058}}
{"target": -1102.2343686710724, "params": {"gamma": 9.612234819667378, "lr": 0.38040177464698427}, "datetime": {"datetime": "2024-04-04 21:46:09", "elapsed": 2717.787907, "delta": 9.966168}}
{"target": -301.09514983132595, "params": {"gamma": 2.5067780055032753, "lr": 0.36306990716326704}, "datetime": {"datetime": "2024-04-04 21:46:15", "elapsed": 2723.001921, "delta": 5.214014}}
{"target": -360.68909573964237, "params": {"gamma": 2.0185775445406753, "lr": 0.6143611568903614}, "datetime": {"datetime": "2024-04-04 21:46:26", "elapsed": 2734.207945, "delta": 11.206024}}
{"target": -2148.903119158264, "params": {"gamma": 4.132419569803636, "lr": 0.0009214025901158607}, "datetime": {"datetime": "2024-04-04 21:46:32", "elapsed": 2740.659622, "delta": 6.451677}}
{"target": -433.2314704459021, "params": {"gamma": 3.762632047987403, "lr": 0.35349630389258846}, "datetime": {"datetime": "2024-04-04 21:46:52", "elapsed": 2760.762976, "delta": 20.103354}}
{"target": -146.2540550981487, "params": {"gamma": 1.1343542653474525, "lr": 0.0}, "datetime": {"datetime": "2024-04-04 21:46:59", "elapsed": 2767.221914, "delta": 6.458938}}
{"target": -2442.0375645048653, "params": {"gamma": 4.699382945770448, "lr": 0.0021548820889273346}, "datetime": {"datetime": "2024-04-04 21:47:10", "elapsed": 2778.752333, "delta": 11.530419}}
{"target": -439.20140845372634, "params": {"gamma": 4.616940729822074, "lr": 0.20796981672579173}, "datetime": {"datetime": "2024-04-04 21:47:20", "elapsed": 2788.270767, "delta": 9.518434}}
{"target": -1169.9880375563519, "params": {"gamma": 8.844216112337032, "lr": 0.4170509116035981}, "datetime": {"datetime": "2024-04-04 21:47:22", "elapsed": 2790.883411, "delta": 2.612644}}
{"target": -514.5945595669824, "params": {"gamma": 3.301505542002474, "lr": 0.1717922271885869}, "datetime": {"datetime": "2024-04-04 21:47:32", "elapsed": 2800.729852, "delta": 9.846441}}
{"target": -393.4925784232712, "params": {"gamma": 2.5951362246076433, "lr": 0.19762554688372846}, "datetime": {"datetime": "2024-04-04 21:47:44", "elapsed": 2812.579784, "delta": 11.849932}}
{"target": -635.8812001406554, "params": {"gamma": 5.477004651328297, "lr": 0.3873486855906757}, "datetime": {"datetime": "2024-04-04 21:47:49", "elapsed": 2817.517404, "delta": 4.93762}}
{"target": -554.2912985280046, "params": {"gamma": 3.738685120072829, "lr": 0.45338141021036404}, "datetime": {"datetime": "2024-04-04 21:48:03", "elapsed": 2831.093036, "delta": 13.575632}}
{"target": -432.3602613736039, "params": {"gamma": 4.2688023104048085, "lr": 0.30476816895104036}, "datetime": {"datetime": "2024-04-04 21:48:15", "elapsed": 2843.555858, "delta": 12.462822}}
{"target": -520.8610225840422, "params": {"gamma": 2.5822721649430354, "lr": 0.6840388672923401}, "datetime": {"datetime": "2024-04-04 21:48:21", "elapsed": 2849.274392, "delta": 5.718534}}
{"target": -210.61889922651955, "params": {"gamma": 1.3021531477477393, "lr": 0.4150698109881399}, "datetime": {"datetime": "2024-04-04 21:48:24", "elapsed": 2852.386634, "delta": 3.112242}}
{"target": -675.7627477593608, "params": {"gamma": 6.008671847479058, "lr": 0.349731614339427}, "datetime": {"datetime": "2024-04-04 21:48:30", "elapsed": 2858.316305, "delta": 5.929671}}
{"target": -617.65231183852, "params": {"gamma": 1.145090007980372, "lr": 0.03941918778887332}, "datetime": {"datetime": "2024-04-04 21:48:37", "elapsed": 2865.816157, "delta": 7.499852}}
{"target": -1330.2876607051642, "params": {"gamma": 9.221052936476397, "lr": 0.4495167497526286}, "datetime": {"datetime": "2024-04-04 21:48:46", "elapsed": 2874.07503, "delta": 8.258873}}
{"target": -298.7474521708281, "params": {"gamma": 3.0129247574461067, "lr": 0.20980898039805596}, "datetime": {"datetime": "2024-04-04 21:48:56", "elapsed": 2884.433602, "delta": 10.358572}}
{"target": -935.7509141681963, "params": {"gamma": 6.440054601985939, "lr": 0.49086464993844825}, "datetime": {"datetime": "2024-04-04 21:49:03", "elapsed": 2891.91496, "delta": 7.481358}}
{"target": -260.0813994963837, "params": {"gamma": 1.1696751347579262, "lr": 0.6945335902452902}, "datetime": {"datetime": "2024-04-04 21:49:21", "elapsed": 2908.936193, "delta": 17.021233}}
{"target": -654.3287863883597, "params": {"gamma": 4.081732843821551, "lr": 0.5150642792802476}, "datetime": {"datetime": "2024-04-04 21:49:36", "elapsed": 2924.164569, "delta": 15.228376}}
{"target": -512.5051630912105, "params": {"gamma": 1.935353458472454, "lr": 0.8983108939162608}, "datetime": {"datetime": "2024-04-04 21:49:52", "elapsed": 2940.121084, "delta": 15.956515}}
{"target": -1702.4558360431013, "params": {"gamma": 3.268090845466261, "lr": 0.0054288841977993}, "datetime": {"datetime": "2024-04-04 21:49:57", "elapsed": 2945.55553, "delta": 5.434446}}
{"target": -359.5223536737197, "params": {"gamma": 3.7135059637827217, "lr": 0.2185072867677348}, "datetime": {"datetime": "2024-04-04 21:50:02", "elapsed": 2950.60423, "delta": 5.0487}}
{"target": -481.4089404911747, "params": {"gamma": 3.0693359572406926, "lr": 0.17030464202205817}, "datetime": {"datetime": "2024-04-04 21:50:10", "elapsed": 2958.500028, "delta": 7.895798}}
{"target": -297.72506730927404, "params": {"gamma": 1.0016944791352818, "lr": 0.13094707840489345}, "datetime": {"datetime": "2024-04-04 21:50:18", "elapsed": 2966.07079, "delta": 7.570762}}
{"target": -567.6684876298852, "params": {"gamma": 3.5141041952682825, "lr": 0.5375836868952802}, "datetime": {"datetime": "2024-04-04 21:50:25", "elapsed": 2973.922261, "delta": 7.851471}}
{"target": -246.6140792007837, "params": {"gamma": 1.6235608057881983, "lr": 0.40291784295877453}, "datetime": {"datetime": "2024-04-04 21:50:38", "elapsed": 2986.616804, "delta": 12.694543}}
{"target": -553.6416151376532, "params": {"gamma": 6.416449494454765, "lr": 0.24683364643082573}, "datetime": {"datetime": "2024-04-04 21:50:49", "elapsed": 2997.41064, "delta": 10.793836}}
{"target": -1044.9322524217016, "params": {"gamma": 3.6496236120218755, "lr": 1.0}, "datetime": {"datetime": "2024-04-04 21:50:58", "elapsed": 3006.628997, "delta": 9.218357}}
{"target": -363.18303640910705, "params": {"gamma": 0.6164247831479007, "lr": 0.04933728184907815}, "datetime": {"datetime": "2024-04-04 21:51:06", "elapsed": 3014.63543, "delta": 8.006433}}
{"target": -389.47129003192146, "params": {"gamma": 3.266630682996518, "lr": 0.3926208869531804}, "datetime": {"datetime": "2024-04-04 21:51:14", "elapsed": 3022.167358, "delta": 7.531928}}
{"target": -616.5506518189147, "params": {"gamma": 3.610115711373371, "lr": 0.5932363555931583}, "datetime": {"datetime": "2024-04-04 21:51:16", "elapsed": 3024.870573, "delta": 2.703215}}
{"target": -283.24586458813496, "params": {"gamma": 2.3319704838419884, "lr": 0.35906149104525487}, "datetime": {"datetime": "2024-04-04 21:51:28", "elapsed": 3036.44291, "delta": 11.572337}}
{"target": -218.6421972947035, "params": {"gamma": 1.6741897613942187, "lr": 0.3492395117242929}, "datetime": {"datetime": "2024-04-04 21:51:37", "elapsed": 3045.872855, "delta": 9.429945}}
{"target": -345.1985609484246, "params": {"gamma": 1.2424600970501574, "lr": 0.8779789038494006}, "datetime": {"datetime": "2024-04-04 21:51:45", "elapsed": 3053.107184, "delta": 7.234329}}
{"target": -729.5729048933881, "params": {"gamma": 7.10085428853173, "lr": 0.25783528980386183}, "datetime": {"datetime": "2024-04-04 21:51:50", "elapsed": 3058.552407, "delta": 5.445223}}
{"target": -350.574867148711, "params": {"gamma": 1.6607940621821005, "lr": 0.7115736199771063}, "datetime": {"datetime": "2024-04-04 21:52:06", "elapsed": 3074.15906, "delta": 15.606653}}
{"target": -267.4066280677706, "params": {"gamma": 2.1304547829066838, "lr": 0.3861671287179118}, "datetime": {"datetime": "2024-04-04 21:52:12", "elapsed": 3080.504882, "delta": 6.345822}}
{"target": -298.1512593945908, "params": {"gamma": 3.2560348617270978, "lr": 0.23312399910602355}, "datetime": {"datetime": "2024-04-04 21:52:22", "elapsed": 3090.534787, "delta": 10.029905}}
{"target": -566.1998905234669, "params": {"gamma": 2.4289780522209257, "lr": 0.7620993519864924}, "datetime": {"datetime": "2024-04-04 21:52:27", "elapsed": 3095.052195, "delta": 4.517408}}
{"target": -898.220004144556, "params": {"gamma": 9.191263967479026, "lr": 0.3070768670555629}, "datetime": {"datetime": "2024-04-04 21:52:47", "elapsed": 3115.739473, "delta": 20.687278}}
{"target": -1186.8763958992054, "params": {"gamma": 6.681346283016929, "lr": 0.6414978529733563}, "datetime": {"datetime": "2024-04-04 21:52:50", "elapsed": 3118.715079, "delta": 2.975606}}
{"target": -273.9198073347127, "params": {"gamma": 1.3734609806677078, "lr": 0.6567356724936575}, "datetime": {"datetime": "2024-04-04 21:53:00", "elapsed": 3128.57124, "delta": 9.856161}}
{"target": -858.3648371196812, "params": {"gamma": 4.33953325672382, "lr": 0.6837101694416439}, "datetime": {"datetime": "2024-04-04 21:53:09", "elapsed": 3137.660486, "delta": 9.089246}}
{"target": -254.93280315484864, "params": {"gamma": 1.5372509544531556, "lr": 0.46350358456768137}, "datetime": {"datetime": "2024-04-04 21:53:20", "elapsed": 3148.345941, "delta": 10.685455}}
{"target": -1460.9191694936787, "params": {"gamma": 8.768232412800886, "lr": 0.590076003911826}, "datetime": {"datetime": "2024-04-04 21:53:23", "elapsed": 3151.444554, "delta": 3.098613}}
{"target": -904.0841074911939, "params": {"gamma": 7.85723855761296, "lr": 0.3873092151685561}, "datetime": {"datetime": "2024-04-04 21:53:26", "elapsed": 3154.726044, "delta": 3.28149}}
{"target": -465.36054924976037, "params": {"gamma": 1.7061647382948337, "lr": 0.9529903589515988}, "datetime": {"datetime": "2024-04-04 21:53:35", "elapsed": 3163.636438, "delta": 8.910394}}
{"target": -203.8388643337219, "params": {"gamma": 0.9645987497237154, "lr": 0.5929406515905754}, "datetime": {"datetime": "2024-04-04 21:53:47", "elapsed": 3175.510537, "delta": 11.874099}}
{"target": -240.2796795602364, "params": {"gamma": 0.7753203940913362, "lr": 0.959295736659736}, "datetime": {"datetime": "2024-04-04 21:53:59", "elapsed": 3187.047352, "delta": 11.536815}}
{"target": -862.2020242628207, "params": {"gamma": 7.794600589496161, "lr": 0.3723717047567746}, "datetime": {"datetime": "2024-04-04 21:54:02", "elapsed": 3189.940577, "delta": 2.893225}}
{"target": -729.8559572031762, "params": {"gamma": 3.673255048956566, "lr": 0.6809527384359836}, "datetime": {"datetime": "2024-04-04 21:54:07", "elapsed": 3195.602168, "delta": 5.661591}}
{"target": -262.87065971517876, "params": {"gamma": 2.419467988143946, "lr": 0.28750140365015076}, "datetime": {"datetime": "2024-04-04 21:54:28", "elapsed": 3216.464248, "delta": 20.86208}}
{"target": -251.51725226537525, "params": {"gamma": 2.6546755693565345, "lr": 0.24865518687807486}, "datetime": {"datetime": "2024-04-04 21:54:46", "elapsed": 3234.506947, "delta": 18.042699}}
{"target": -557.3337265779713, "params": {"gamma": 5.944235130923007, "lr": 0.2011198306334574}, "datetime": {"datetime": "2024-04-04 21:54:55", "elapsed": 3243.888394, "delta": 9.381447}}
{"target": -146.2540550981487, "params": {"gamma": 2.28964224170142, "lr": 0.0}, "datetime": {"datetime": "2024-04-04 21:55:06", "elapsed": 3254.76942, "delta": 10.881026}}
{"target": -1299.5241082986672, "params": {"gamma": 2.4860360091918077, "lr": 0.005096991155765562}, "datetime": {"datetime": "2024-04-04 21:55:15", "elapsed": 3263.338994, "delta": 8.569574}}
{"target": -438.4768962476777, "params": {"gamma": 2.6612517346000764, "lr": 0.5438569932005801}, "datetime": {"datetime": "2024-04-04 21:55:20", "elapsed": 3268.752882, "delta": 5.413888}}
{"target": -285.0193527718529, "params": {"gamma": 1.6190120036087612, "lr": 0.5346688399125162}, "datetime": {"datetime": "2024-04-04 21:55:33", "elapsed": 3280.960178, "delta": 12.207296}}
{"target": -279.88812846264887, "params": {"gamma": 1.2646590127001764, "lr": 0.7156249037083743}, "datetime": {"datetime": "2024-04-04 21:55:41", "elapsed": 3289.407646, "delta": 8.447468}}
{"target": -325.43440191953755, "params": {"gamma": 0.5323447931626826, "lr": 0.0005993375283438462}, "datetime": {"datetime": "2024-04-04 21:56:00", "elapsed": 3308.316744, "delta": 18.909098}}
{"target": -713.3571444479552, "params": {"gamma": 4.978841482621286, "lr": 0.43740535324801605}, "datetime": {"datetime": "2024-04-04 21:56:09", "elapsed": 3317.747286, "delta": 9.430542}}
{"target": -271.7446631188496, "params": {"gamma": 2.2379034025431768, "lr": 0.3736714306063793}, "datetime": {"datetime": "2024-04-04 21:56:17", "elapsed": 3325.588534, "delta": 7.841248}}
{"target": -236.9759639650103, "params": {"gamma": 1.9792488069396046, "lr": 0.2776093509308267}, "datetime": {"datetime": "2024-04-04 21:56:22", "elapsed": 3329.93559, "delta": 4.347056}}
{"target": -387.04996622186627, "params": {"gamma": 1.442969026746529, "lr": 0.8600792073001352}, "datetime": {"datetime": "2024-04-04 21:56:31", "elapsed": 3339.809706, "delta": 9.874116}}
{"target": -218.58200292182065, "params": {"gamma": 1.2416097161268262, "lr": 0.45568511003363}, "datetime": {"datetime": "2024-04-04 21:56:42", "elapsed": 3349.943357, "delta": 10.133651}}
{"target": -378.2896808503813, "params": {"gamma": 2.4691115014353406, "lr": 0.4962161741639196}, "datetime": {"datetime": "2024-04-04 21:56:54", "elapsed": 3362.651731, "delta": 12.708374}}
{"target": -1288.8628407931496, "params": {"gamma": 4.513492889856343, "lr": 1.0}, "datetime": {"datetime": "2024-04-04 21:57:00", "elapsed": 3368.928325, "delta": 6.276594}}
{"target": -241.30652910208872, "params": {"gamma": 0.8737520160139794, "lr": 0.8099325354112058}, "datetime": {"datetime": "2024-04-04 21:57:06", "elapsed": 3373.984287, "delta": 5.055962}}
{"target": -349.72360967852364, "params": {"gamma": 2.0646628636880195, "lr": 0.5502074924235881}, "datetime": {"datetime": "2024-04-04 21:57:14", "elapsed": 3382.324729, "delta": 8.340442}}
{"target": -309.9796478339391, "params": {"gamma": 1.3674385243478344, "lr": 0.1496832008911677}, "datetime": {"datetime": "2024-04-04 21:57:23", "elapsed": 3391.401905, "delta": 9.077176}}
{"target": -413.0643382740939, "params": {"gamma": 1.5279601694996923, "lr": 0.1403308606793474}, "datetime": {"datetime": "2024-04-04 21:57:31", "elapsed": 3399.18622, "delta": 7.784315}}
{"target": -493.74098659482064, "params": {"gamma": 4.6950406528506345, "lr": 0.2765281056679336}, "datetime": {"datetime": "2024-04-04 21:57:42", "elapsed": 3410.057524, "delta": 10.871304}}
{"target": -206.95910285386918, "params": {"gamma": 1.1777919860898136, "lr": 0.4333245453427038}, "datetime": {"datetime": "2024-04-04 21:57:53", "elapsed": 3421.046286, "delta": 10.988762}}
{"target": -470.94695655486936, "params": {"gamma": 4.003316601956266, "lr": 0.38912929755567793}, "datetime": {"datetime": "2024-04-04 21:58:05", "elapsed": 3433.744468, "delta": 12.698182}}
{"target": -239.00654505828297, "params": {"gamma": 1.1644052861921133, "lr": 0.6272398107622886}, "datetime": {"datetime": "2024-04-04 21:58:15", "elapsed": 3443.560713, "delta": 9.816245}}
{"target": -375.66418484748556, "params": {"gamma": 3.1406825187195238, "lr": 0.3851270982015216}, "datetime": {"datetime": "2024-04-04 21:58:28", "elapsed": 3456.14833, "delta": 12.587617}}
{"target": -191.026895851768, "params": {"gamma": 0.7168988187819413, "lr": 0.7489993396729134}, "datetime": {"datetime": "2024-04-04 21:58:40", "elapsed": 3468.687854, "delta": 12.539524}}
{"target": -211.76176705532038, "params": {"gamma": 0.5964448095859906, "lr": 1.0}, "datetime": {"datetime": "2024-04-04 21:58:51", "elapsed": 3479.540198, "delta": 10.852344}}
{"target": -393.6485005661824, "params": {"gamma": 3.391065186856861, "lr": 0.3550621022343109}, "datetime": {"datetime": "2024-04-04 21:58:58", "elapsed": 3486.651016, "delta": 7.110818}}
{"target": -201.1954733714735, "params": {"gamma": 1.0919516786524264, "lr": 0.4799217152145925}, "datetime": {"datetime": "2024-04-04 21:59:07", "elapsed": 3495.323128, "delta": 8.672112}}
{"target": -626.1752425992028, "params": {"gamma": 3.7743119819369166, "lr": 0.5558200941727298}, "datetime": {"datetime": "2024-04-04 21:59:21", "elapsed": 3508.976292, "delta": 13.653164}}
{"target": -329.11758580636297, "params": {"gamma": 1.8177123039456433, "lr": 0.6142419893419905}, "datetime": {"datetime": "2024-04-04 21:59:34", "elapsed": 3522.63129, "delta": 13.654998}}
{"target": -215.8316333159641, "params": {"gamma": 2.1755050340477835, "lr": 0.23900660508584803}, "datetime": {"datetime": "2024-04-04 21:59:49", "elapsed": 3537.60214, "delta": 14.97085}}
{"target": -330.8921690990793, "params": {"gamma": 1.9956582180937494, "lr": 0.17003363171374675}, "datetime": {"datetime": "2024-04-04 21:59:55", "elapsed": 3543.48601, "delta": 5.88387}}
{"target": -825.3898102595589, "params": {"gamma": 8.424113085152134, "lr": 0.3200629516586352}, "datetime": {"datetime": "2024-04-04 22:00:08", "elapsed": 3556.423125, "delta": 12.937115}}
{"target": -182.48490605765267, "params": {"gamma": 0.7965169911141341, "lr": 0.5883795903540519}, "datetime": {"datetime": "2024-04-04 22:00:16", "elapsed": 3564.760364, "delta": 8.337239}}
{"target": -319.7865091745018, "params": {"gamma": 2.035382172648878, "lr": 0.47372472016488887}, "datetime": {"datetime": "2024-04-04 22:00:25", "elapsed": 3573.45143, "delta": 8.691066}}
{"target": -265.9312857019691, "params": {"gamma": 0.9949577910300065, "lr": 0.8121853153286728}, "datetime": {"datetime": "2024-04-04 22:00:34", "elapsed": 3582.777757, "delta": 9.326327}}
{"target": -217.18465956926727, "params": {"gamma": 1.8860319713639153, "lr": 0.29683406257325584}, "datetime": {"datetime": "2024-04-04 22:00:50", "elapsed": 3598.83783, "delta": 16.060073}}
{"target": -333.81788577657176, "params": {"gamma": 2.8228542382200983, "lr": 0.341094101634265}, "datetime": {"datetime": "2024-04-04 22:01:00", "elapsed": 3608.334214, "delta": 9.496384}}
{"target": -229.44840834869376, "params": {"gamma": 0.65860138517341, "lr": 0.12889617751013543}, "datetime": {"datetime": "2024-04-04 22:01:08", "elapsed": 3616.854986, "delta": 8.520772}}
{"target": -2345.239930058957, "params": {"gamma": 9.545596648939085, "lr": 0.1324329866978663}, "datetime": {"datetime": "2024-04-04 22:01:12", "elapsed": 3619.962909, "delta": 3.107923}}
