{"target": -1523.4815933571647, "params": {"gamma": 9.80334851848814, "lr": 0.22238319353117575}, "datetime": {"datetime": "2024-03-30 18:19:25", "elapsed": 3.466369, "delta": 0.003989}}
{"target": -443.0158775801604, "params": {"gamma": 4.663198475191569, "lr": 0.8956418025994466}, "datetime": {"datetime": "2024-03-30 18:19:25", "elapsed": 3.470359, "delta": 0.00399}}
{"target": -580.6648460943646, "params": {"gamma": 6.014732663578183, "lr": 0.725958845848815}, "datetime": {"datetime": "2024-03-30 18:19:25", "elapsed": 3.473351, "delta": 0.002992}}
{"target": -401.4776090761951, "params": {"gamma": 4.137287971849402, "lr": 0.6843096218313198}, "datetime": {"datetime": "2024-03-30 18:19:25", "elapsed": 3.47734, "delta": 0.003989}}
{"target": -1471.042645575487, "params": {"gamma": 9.460604243445784, "lr": 0.20018606573932207}, "datetime": {"datetime": "2024-03-30 18:19:25", "elapsed": 3.481329, "delta": 0.003989}}
{"target": -754.4574877256077, "params": {"gamma": 8.073845273509328, "lr": 0.9695380120998964}, "datetime": {"datetime": "2024-03-30 18:19:25", "elapsed": 3.485318, "delta": 0.003989}}
{"target": -125.41162040208559, "params": {"gamma": 0.146672748901554, "lr": 0.21520958659442757}, "datetime": {"datetime": "2024-03-30 18:19:25", "elapsed": 3.489308, "delta": 0.00399}}
{"target": -118.68775638056611, "params": {"gamma": 1.1746518262109842, "lr": 0.7674235177414532}, "datetime": {"datetime": "2024-03-30 18:19:25", "elapsed": 3.493297, "delta": 0.003989}}
{"target": -90.26334602725693, "params": {"gamma": 0.8130846428413901, "lr": 0.9984135585909075}, "datetime": {"datetime": "2024-03-30 18:19:25", "elapsed": 3.497286, "delta": 0.003989}}
{"target": -371.4377056001276, "params": {"gamma": 3.8967305467771722, "lr": 0.9052027659330404}, "datetime": {"datetime": "2024-03-30 18:19:25", "elapsed": 3.501276, "delta": 0.00399}}
{"target": -197.10838961973306, "params": {"gamma": 1.886587457391179, "lr": 0.44087219982229087}, "datetime": {"datetime": "2024-03-30 18:19:25", "elapsed": 3.505265, "delta": 0.003989}}
{"target": -789.1583741554344, "params": {"gamma": 8.448273378243028, "lr": 0.5952697806732562}, "datetime": {"datetime": "2024-03-30 18:19:25", "elapsed": 3.509254, "delta": 0.003989}}
{"target": -434.15372186393324, "params": {"gamma": 4.6221188088168805, "lr": 0.5126497467571176}, "datetime": {"datetime": "2024-03-30 18:19:25", "elapsed": 3.513244, "delta": 0.00399}}
{"target": -583.1754102491286, "params": {"gamma": 5.739281383396582, "lr": 0.4403192075855932}, "datetime": {"datetime": "2024-03-30 18:19:25", "elapsed": 3.517233, "delta": 0.003989}}
{"target": -667.5352689115334, "params": {"gamma": 1.936396018280381, "lr": 0.11396576145918635}, "datetime": {"datetime": "2024-03-30 18:19:25", "elapsed": 3.520225, "delta": 0.002992}}
{"target": -546.0632267509487, "params": {"gamma": 1.5131280457741099, "lr": 0.0524909638531339}, "datetime": {"datetime": "2024-03-30 18:19:25", "elapsed": 3.524214, "delta": 0.003989}}
{"target": -530.0545415305543, "params": {"gamma": 5.587205434225252, "lr": 0.8477210140360106}, "datetime": {"datetime": "2024-03-30 18:19:25", "elapsed": 3.528204, "delta": 0.00399}}
{"target": -1287.5391319630137, "params": {"gamma": 3.5918342699021832, "lr": 0.07531087263581782}, "datetime": {"datetime": "2024-03-30 18:19:25", "elapsed": 3.532193, "delta": 0.003989}}
{"target": -400.9997008088334, "params": {"gamma": 4.257818395439178, "lr": 0.6020078384720013}, "datetime": {"datetime": "2024-03-30 18:19:25", "elapsed": 3.536183, "delta": 0.00399}}
{"target": -401.2753669163089, "params": {"gamma": 4.254609252290801, "lr": 0.81072123360737}, "datetime": {"datetime": "2024-03-30 18:19:25", "elapsed": 3.540171, "delta": 0.003988}}
{"target": -897.7131004240712, "params": {"gamma": 9.418920575620866, "lr": 0.8699107732683544}, "datetime": {"datetime": "2024-03-30 18:19:25", "elapsed": 3.544161, "delta": 0.00399}}
{"target": -707.5071272170758, "params": {"gamma": 7.040290983300606, "lr": 0.4702989247821753}, "datetime": {"datetime": "2024-03-30 18:19:25", "elapsed": 3.54815, "delta": 0.003989}}
{"target": -2445.569718795306, "params": {"gamma": 6.827297730989611, "lr": 0.013418310556529534}, "datetime": {"datetime": "2024-03-30 18:19:25", "elapsed": 3.55214, "delta": 0.00399}}
{"target": -2228.030749629398, "params": {"gamma": 9.824798706901937, "lr": 0.17207733182889595}, "datetime": {"datetime": "2024-03-30 18:19:25", "elapsed": 3.556129, "delta": 0.003989}}
{"target": -845.9249675268711, "params": {"gamma": 9.062697699220857, "lr": 0.8071099016661061}, "datetime": {"datetime": "2024-03-30 18:19:25", "elapsed": 3.560118, "delta": 0.003989}}
{"target": -943.3773343531504, "params": {"gamma": 8.00159670418549, "lr": 0.2689360577850649}, "datetime": {"datetime": "2024-03-30 18:19:25", "elapsed": 3.564107, "delta": 0.003989}}
{"target": -226.92896406591709, "params": {"gamma": 2.1923189037668234, "lr": 0.42880069291408873}, "datetime": {"datetime": "2024-03-30 18:19:25", "elapsed": 3.568097, "delta": 0.00399}}
{"target": -852.8547672983731, "params": {"gamma": 8.493861636205818, "lr": 0.45037964247172024}, "datetime": {"datetime": "2024-03-30 18:19:25", "elapsed": 3.572086, "delta": 0.003989}}
{"target": -1023.774886001684, "params": {"gamma": 9.354265719956611, "lr": 0.352679327251738}, "datetime": {"datetime": "2024-03-30 18:19:25", "elapsed": 3.575078, "delta": 0.002992}}
{"target": -580.6118600838155, "params": {"gamma": 6.194302264801901, "lr": 0.9806990363557802}, "datetime": {"datetime": "2024-03-30 18:19:25", "elapsed": 3.579067, "delta": 0.003989}}
{"target": -2305.1258064854105, "params": {"gamma": 6.434981759885809, "lr": 0.04549821604060378}, "datetime": {"datetime": "2024-03-30 18:19:25", "elapsed": 3.583056, "delta": 0.003989}}
{"target": -509.6147536360432, "params": {"gamma": 4.636107352426167, "lr": 0.3347513437136638}, "datetime": {"datetime": "2024-03-30 18:19:25", "elapsed": 3.587046, "delta": 0.00399}}
{"target": -637.9862038223059, "params": {"gamma": 5.322283303668225, "lr": 0.2847462086131314}, "datetime": {"datetime": "2024-03-30 18:19:25", "elapsed": 3.591035, "delta": 0.003989}}
{"target": -126.25739039518051, "params": {"gamma": 1.223490041069798, "lr": 0.6682889887508018}, "datetime": {"datetime": "2024-03-30 18:19:25", "elapsed": 3.595024, "delta": 0.003989}}
{"target": -651.5462892931607, "params": {"gamma": 6.8139161891581725, "lr": 0.8671392999990885}, "datetime": {"datetime": "2024-03-30 18:19:25", "elapsed": 3.599042, "delta": 0.004018}}
{"target": -131.7502150591111, "params": {"gamma": 1.3246825541338114, "lr": 0.798620308278031}, "datetime": {"datetime": "2024-03-30 18:19:25", "elapsed": 3.603003, "delta": 0.003961}}
{"target": -774.4590378736926, "params": {"gamma": 8.267860615312884, "lr": 0.6465499357511519}, "datetime": {"datetime": "2024-03-30 18:19:25", "elapsed": 3.606992, "delta": 0.003989}}
{"target": -266.76781112352114, "params": {"gamma": 2.0500165356605575, "lr": 0.2614207144058379}, "datetime": {"datetime": "2024-03-30 18:19:25", "elapsed": 3.610981, "delta": 0.003989}}
{"target": -393.62837829863247, "params": {"gamma": 4.185549678574218, "lr": 0.5417990727827313}, "datetime": {"datetime": "2024-03-30 18:19:25", "elapsed": 3.614971, "delta": 0.00399}}
{"target": -481.0769848774178, "params": {"gamma": 4.774902117966579, "lr": 0.4674598920453694}, "datetime": {"datetime": "2024-03-30 18:19:25", "elapsed": 3.61896, "delta": 0.003989}}
{"target": -801.2905763166272, "params": {"gamma": 8.398567261266477, "lr": 0.8701023653075677}, "datetime": {"datetime": "2024-03-30 18:19:25", "elapsed": 3.622949, "delta": 0.003989}}
{"target": -779.4761340561743, "params": {"gamma": 8.16772288980329, "lr": 0.8778014186346996}, "datetime": {"datetime": "2024-03-30 18:19:25", "elapsed": 3.626939, "delta": 0.00399}}
{"target": -535.8705680787725, "params": {"gamma": 5.710516610608794, "lr": 0.9640361333390818}, "datetime": {"datetime": "2024-03-30 18:19:25", "elapsed": 3.630928, "delta": 0.003989}}
{"target": -569.0027324332399, "params": {"gamma": 6.065836938156427, "lr": 0.6039477410796814}, "datetime": {"datetime": "2024-03-30 18:19:25", "elapsed": 3.634917, "delta": 0.003989}}
{"target": -311.56500221376916, "params": {"gamma": 3.193658073009114, "lr": 0.681204184117019}, "datetime": {"datetime": "2024-03-30 18:19:25", "elapsed": 3.638907, "delta": 0.00399}}
{"target": -208.16346299010203, "params": {"gamma": 0.5206049193651046, "lr": 0.13454642101194225}, "datetime": {"datetime": "2024-03-30 18:19:25", "elapsed": 3.641899, "delta": 0.002992}}
{"target": -130.8366017557123, "params": {"gamma": 1.303291433560078, "lr": 0.6552012872247357}, "datetime": {"datetime": "2024-03-30 18:19:25", "elapsed": 3.645888, "delta": 0.003989}}
{"target": -198.88459045290864, "params": {"gamma": 1.7541505851216117, "lr": 0.3411468232515472}, "datetime": {"datetime": "2024-03-30 18:19:25", "elapsed": 3.649877, "delta": 0.003989}}
{"target": -129.38165711179877, "params": {"gamma": 0.44407224667521283, "lr": 0.2337343601165106}, "datetime": {"datetime": "2024-03-30 18:19:25", "elapsed": 3.653866, "delta": 0.003989}}
{"target": -900.8917412842015, "params": {"gamma": 9.642279024168092, "lr": 0.5091394025163677}, "datetime": {"datetime": "2024-03-30 18:19:25", "elapsed": 3.657856, "delta": 0.00399}}
{"target": -148.2903981599522, "params": {"gamma": 1.5115941101958479, "lr": 0.5230085317344643}, "datetime": {"datetime": "2024-03-30 18:19:25", "elapsed": 3.661845, "delta": 0.003989}}
{"target": -899.2468043463178, "params": {"gamma": 9.435150329726897, "lr": 0.865686014006334}, "datetime": {"datetime": "2024-03-30 18:19:25", "elapsed": 3.665834, "delta": 0.003989}}
{"target": -478.4437984820385, "params": {"gamma": 3.9212666234349385, "lr": 0.28386751597340265}, "datetime": {"datetime": "2024-03-30 18:19:25", "elapsed": 3.669824, "delta": 0.00399}}
{"target": -1189.0703091529724, "params": {"gamma": 7.617536897064726, "lr": 0.2404843248030878}, "datetime": {"datetime": "2024-03-30 18:19:25", "elapsed": 3.673813, "delta": 0.003989}}
{"target": -902.449437740232, "params": {"gamma": 2.5430693142188665, "lr": 0.08408635417992949}, "datetime": {"datetime": "2024-03-30 18:19:25", "elapsed": 3.677803, "delta": 0.00399}}
{"target": -867.6258900213154, "params": {"gamma": 8.641576803545505, "lr": 0.44789891562027984}, "datetime": {"datetime": "2024-03-30 18:19:25", "elapsed": 3.681792, "delta": 0.003989}}
{"target": -536.5109135172111, "params": {"gamma": 5.618300819839127, "lr": 0.7367109576935199}, "datetime": {"datetime": "2024-03-30 18:19:25", "elapsed": 3.685781, "delta": 0.003989}}
{"target": -799.9798222981992, "params": {"gamma": 7.965092182444826, "lr": 0.44750813899031383}, "datetime": {"datetime": "2024-03-30 18:19:25", "elapsed": 3.68977, "delta": 0.003989}}
{"target": -179.2183338948906, "params": {"gamma": 1.8420914342018075, "lr": 0.8287328515283018}, "datetime": {"datetime": "2024-03-30 18:19:25", "elapsed": 3.69376, "delta": 0.00399}}
{"target": -79.03458979161843, "params": {"gamma": 0.3109486003227299, "lr": 0.9467282696079524}, "datetime": {"datetime": "2024-03-30 18:19:25", "elapsed": 3.697749, "delta": 0.003989}}
{"target": -144.17461355646887, "params": {"gamma": 0.001, "lr": 0.0}, "datetime": {"datetime": "2024-03-30 18:19:30", "elapsed": 8.503007, "delta": 4.805258}}
{"target": -103.45111857767809, "params": {"gamma": 0.984887422346343, "lr": 0.982895774820107}, "datetime": {"datetime": "2024-03-30 18:19:36", "elapsed": 14.348479, "delta": 5.845472}}
{"target": -395.6604452714373, "params": {"gamma": 3.3241263703467285, "lr": 0.32494036669732707}, "datetime": {"datetime": "2024-03-30 18:19:40", "elapsed": 18.002225, "delta": 3.653746}}
{"target": -143.96771477619885, "params": {"gamma": 0.0022228787644699433, "lr": 0.14148569444837}, "datetime": {"datetime": "2024-03-30 18:19:44", "elapsed": 22.222603, "delta": 4.220378}}
{"target": -140.20722161542847, "params": {"gamma": 1.410718842596817, "lr": 0.9986142071084716}, "datetime": {"datetime": "2024-03-30 18:19:47", "elapsed": 25.542938, "delta": 3.320335}}
{"target": -83.71110058782442, "params": {"gamma": 0.6758538826229239, "lr": 0.6322135902082906}, "datetime": {"datetime": "2024-03-30 18:19:52", "elapsed": 30.140172, "delta": 4.597234}}
{"target": -161.31185688218397, "params": {"gamma": 1.6452100365756248, "lr": 0.9871000706096534}, "datetime": {"datetime": "2024-03-30 18:19:56", "elapsed": 34.434223, "delta": 4.294051}}
{"target": -172.91211705689076, "params": {"gamma": 1.7287491459488638, "lr": 0.677729478649822}, "datetime": {"datetime": "2024-03-30 18:20:01", "elapsed": 39.618559, "delta": 5.184336}}
{"target": -534.619928111347, "params": {"gamma": 5.532459911594318, "lr": 0.7020481994531945}, "datetime": {"datetime": "2024-03-30 18:20:03", "elapsed": 41.718025, "delta": 2.099466}}
{"target": -159.13111346763765, "params": {"gamma": 1.4853000029868202, "lr": 0.4066836824442297}, "datetime": {"datetime": "2024-03-30 18:20:05", "elapsed": 43.839479, "delta": 2.121454}}
{"target": -402.9206425066409, "params": {"gamma": 3.6552636500322992, "lr": 0.347447190229068}, "datetime": {"datetime": "2024-03-30 18:20:09", "elapsed": 47.903631, "delta": 4.064152}}
{"target": -167.90401663017198, "params": {"gamma": 1.7705044545933277, "lr": 1.0}, "datetime": {"datetime": "2024-03-30 18:20:14", "elapsed": 52.757737, "delta": 4.854106}}
{"target": -129.47242870811388, "params": {"gamma": 1.1611465719894383, "lr": 0.4978736625286395}, "datetime": {"datetime": "2024-03-30 18:20:19", "elapsed": 57.06383, "delta": 4.306093}}
{"target": -689.025282338234, "params": {"gamma": 7.366445828568776, "lr": 0.9972689784272937}, "datetime": {"datetime": "2024-03-30 18:20:22", "elapsed": 60.193244, "delta": 3.129414}}
{"target": -75.19581544676613, "params": {"gamma": 0.5164985758106664, "lr": 0.8321543626736038}, "datetime": {"datetime": "2024-03-30 18:20:24", "elapsed": 62.903931, "delta": 2.710687}}
{"target": -349.9678186420159, "params": {"gamma": 3.5969476802499494, "lr": 0.6701546131124448}, "datetime": {"datetime": "2024-03-30 18:20:31", "elapsed": 69.582779, "delta": 6.678848}}
{"target": -914.8525296600569, "params": {"gamma": 10.0, "lr": 1.0}, "datetime": {"datetime": "2024-03-30 18:20:35", "elapsed": 73.542794, "delta": 3.960015}}
{"target": -100.35039648543197, "params": {"gamma": 0.9392640022017521, "lr": 0.5581575455845296}, "datetime": {"datetime": "2024-03-30 18:20:39", "elapsed": 77.155705, "delta": 3.612911}}
{"target": -211.52577809915533, "params": {"gamma": 2.195616609602122, "lr": 0.832826239704753}, "datetime": {"datetime": "2024-03-30 18:20:41", "elapsed": 79.155791, "delta": 2.000086}}
{"target": -143.79846808690203, "params": {"gamma": 0.001, "lr": 0.8748585496100166}, "datetime": {"datetime": "2024-03-30 18:20:45", "elapsed": 83.506048, "delta": 4.350257}}
{"target": -75.93189166374202, "params": {"gamma": 0.5508912766490873, "lr": 0.9911074634786285}, "datetime": {"datetime": "2024-03-30 18:20:48", "elapsed": 85.989847, "delta": 2.483799}}
{"target": -109.21986977547353, "params": {"gamma": 1.0470118338792758, "lr": 0.8942917339586667}, "datetime": {"datetime": "2024-03-30 18:20:52", "elapsed": 90.196758, "delta": 4.206911}}
{"target": -144.17461355646887, "params": {"gamma": 0.09651195590774295, "lr": 0.0}, "datetime": {"datetime": "2024-03-30 18:20:55", "elapsed": 93.220614, "delta": 3.023856}}
{"target": -465.1047163681521, "params": {"gamma": 4.614963540072418, "lr": 0.487979895010642}, "datetime": {"datetime": "2024-03-30 18:20:57", "elapsed": 95.346924, "delta": 2.12631}}
{"target": -621.6570123319151, "params": {"gamma": 6.638088962311357, "lr": 0.9894300135937393}, "datetime": {"datetime": "2024-03-30 18:21:03", "elapsed": 101.094943, "delta": 5.748019}}
{"target": -300.0948621599234, "params": {"gamma": 2.7058720953875848, "lr": 0.39195643714903317}, "datetime": {"datetime": "2024-03-30 18:21:05", "elapsed": 103.898986, "delta": 2.804043}}
{"target": -359.47613314139375, "params": {"gamma": 3.5557657804745286, "lr": 0.4876283423227411}, "datetime": {"datetime": "2024-03-30 18:21:10", "elapsed": 108.105382, "delta": 4.206396}}
{"target": -150.1275335060713, "params": {"gamma": 1.5213477837320593, "lr": 0.9992908891703639}, "datetime": {"datetime": "2024-03-30 18:21:16", "elapsed": 114.415337, "delta": 6.309955}}
{"target": -150.02728606613692, "params": {"gamma": 0.9931531032201786, "lr": 0.29204767733756687}, "datetime": {"datetime": "2024-03-30 18:21:21", "elapsed": 119.024639, "delta": 4.609302}}
{"target": -199.7374623925964, "params": {"gamma": 2.0781892749348936, "lr": 0.6243805940093702}, "datetime": {"datetime": "2024-03-30 18:21:26", "elapsed": 124.189123, "delta": 5.164484}}
{"target": -87.52345654224112, "params": {"gamma": 0.7586723222934944, "lr": 0.7022942534795548}, "datetime": {"datetime": "2024-03-30 18:21:28", "elapsed": 126.688781, "delta": 2.499658}}
{"target": -78.32832042732124, "params": {"gamma": 0.3946552390001499, "lr": 0.6060832950139342}, "datetime": {"datetime": "2024-03-30 18:21:31", "elapsed": 129.320524, "delta": 2.631743}}
{"target": -140.26904082309795, "params": {"gamma": 1.2755641098276531, "lr": 0.4418619327643091}, "datetime": {"datetime": "2024-03-30 18:21:35", "elapsed": 133.565705, "delta": 4.245181}}
{"target": -93.51057974226534, "params": {"gamma": 0.18480402718902264, "lr": 0.7502587288683276}, "datetime": {"datetime": "2024-03-30 18:21:37", "elapsed": 135.634624, "delta": 2.068919}}
{"target": -102.77422429436679, "params": {"gamma": 0.9685626182096837, "lr": 0.7440752053050316}, "datetime": {"datetime": "2024-03-30 18:21:41", "elapsed": 139.135551, "delta": 3.500927}}
{"target": -144.17461355646887, "params": {"gamma": 0.5870142353638911, "lr": 0.0}, "datetime": {"datetime": "2024-03-30 18:21:45", "elapsed": 143.007825, "delta": 3.872274}}
{"target": -325.9543220862904, "params": {"gamma": 3.1869011142288297, "lr": 0.41564323669154685}, "datetime": {"datetime": "2024-03-30 18:21:49", "elapsed": 147.078199, "delta": 4.070374}}
{"target": -249.98870456822618, "params": {"gamma": 2.685581021263587, "lr": 1.0}, "datetime": {"datetime": "2024-03-30 18:21:52", "elapsed": 150.521721, "delta": 3.443522}}
{"target": -110.16685158176767, "params": {"gamma": 1.0661596013289287, "lr": 0.9978778297198018}, "datetime": {"datetime": "2024-03-30 18:21:55", "elapsed": 153.671059, "delta": 3.149338}}
{"target": -294.1618913169003, "params": {"gamma": 2.897936280710957, "lr": 0.4507926798150188}, "datetime": {"datetime": "2024-03-30 18:22:00", "elapsed": 157.985876, "delta": 4.314817}}
{"target": -356.1522406329852, "params": {"gamma": 3.7661192153244967, "lr": 0.9730047216414515}, "datetime": {"datetime": "2024-03-30 18:22:02", "elapsed": 160.127961, "delta": 2.142085}}
{"target": -160.70630572614579, "params": {"gamma": 1.6470047865828974, "lr": 0.6217272710244912}, "datetime": {"datetime": "2024-03-30 18:22:05", "elapsed": 163.511949, "delta": 3.383988}}
{"target": -164.25240570511622, "params": {"gamma": 1.1025102879205457, "lr": 0.27888264959474884}, "datetime": {"datetime": "2024-03-30 18:22:08", "elapsed": 166.936742, "delta": 3.424793}}
{"target": -117.04606780982897, "params": {"gamma": 0.09000406085322239, "lr": 0.5260567983400435}, "datetime": {"datetime": "2024-03-30 18:22:11", "elapsed": 169.829368, "delta": 2.892626}}
{"target": -96.908315059732, "params": {"gamma": 0.8829820076520609, "lr": 0.6837588415898936}, "datetime": {"datetime": "2024-03-30 18:22:14", "elapsed": 172.090951, "delta": 2.261583}}
{"target": -139.1768339103199, "params": {"gamma": 1.3991739079427545, "lr": 0.915147853390981}, "datetime": {"datetime": "2024-03-30 18:22:19", "elapsed": 177.237783, "delta": 5.146832}}
{"target": -140.6723013612097, "params": {"gamma": 0.06421845547117985, "lr": 0.08700993095097909}, "datetime": {"datetime": "2024-03-30 18:22:27", "elapsed": 185.346471, "delta": 8.108688}}
{"target": -169.62878333210347, "params": {"gamma": 1.7566954881423014, "lr": 0.5889069913688051}, "datetime": {"datetime": "2024-03-30 18:22:34", "elapsed": 192.160791, "delta": 6.81432}}
{"target": -261.2547301815676, "params": {"gamma": 2.6643496768495205, "lr": 0.6987216664875663}, "datetime": {"datetime": "2024-03-30 18:22:36", "elapsed": 194.915422, "delta": 2.754631}}
{"target": -647.5783258715051, "params": {"gamma": 1.7995170775630704, "lr": 0.003707401595530624}, "datetime": {"datetime": "2024-03-30 18:22:42", "elapsed": 200.111865, "delta": 5.196443}}
{"target": -646.9244745171753, "params": {"gamma": 5.622730859915053, "lr": 0.32794114250738815}, "datetime": {"datetime": "2024-03-30 18:22:44", "elapsed": 202.423781, "delta": 2.311916}}
{"target": -1669.4413949738773, "params": {"gamma": 7.76543352528068, "lr": 0.19624653987318286}, "datetime": {"datetime": "2024-03-30 18:22:46", "elapsed": 204.815148, "delta": 2.391367}}
{"target": -116.2934738345958, "params": {"gamma": 0.08203150570894255, "lr": 0.6837210709658927}, "datetime": {"datetime": "2024-03-30 18:22:50", "elapsed": 208.681672, "delta": 3.866524}}
{"target": -97.01936384288221, "params": {"gamma": 0.9038538283121849, "lr": 0.9923743825979198}, "datetime": {"datetime": "2024-03-30 18:22:58", "elapsed": 216.81723, "delta": 8.135558}}
{"target": -226.36767452250993, "params": {"gamma": 2.357451408876072, "lr": 0.804310418719426}, "datetime": {"datetime": "2024-03-30 18:23:05", "elapsed": 223.378434, "delta": 6.561204}}
{"target": -144.17461355646887, "params": {"gamma": 1.0277658395166367, "lr": 0.0}, "datetime": {"datetime": "2024-03-30 18:23:09", "elapsed": 227.690313, "delta": 4.311879}}
{"target": -94.50661142651938, "params": {"gamma": 0.3332919478551591, "lr": 0.44363884067028037}, "datetime": {"datetime": "2024-03-30 18:23:16", "elapsed": 234.862472, "delta": 7.172159}}
{"target": -76.02069928884144, "params": {"gamma": 0.3649170812889623, "lr": 0.9964789486365678}, "datetime": {"datetime": "2024-03-30 18:23:20", "elapsed": 238.237527, "delta": 3.375055}}
