{"target": -116.19321000561109, "params": {"gamma": 1.9294480224323511, "prior": 3.5725609542297017, "rate": 1.2552108774234856}, "datetime": {"datetime": "2024-04-12 13:58:02", "elapsed": 43.955466, "delta": 2.294404}}
{"target": -116.02478852446008, "params": {"gamma": 2.3137683779978087, "prior": 9.647660773808768, "rate": 3.7417844033787935}, "datetime": {"datetime": "2024-04-12 13:58:05", "elapsed": 46.95514, "delta": 2.999674}}
{"target": -116.09261816324924, "params": {"gamma": 2.3597489934191094, "prior": 8.767314857633243, "rate": 2.524980121188757}, "datetime": {"datetime": "2024-04-12 13:58:07", "elapsed": 49.555283, "delta": 2.600143}}
{"target": -115.9699336957704, "params": {"gamma": 2.3750370088866894, "prior": 6.597246128335891, "rate": 2.216186765606321}, "datetime": {"datetime": "2024-04-12 13:58:12", "elapsed": 53.954742, "delta": 4.399459}}
{"target": -116.11301339191436, "params": {"gamma": 1.9623961547871411, "prior": 5.312665953099575, "rate": 1.8253160486879143}, "datetime": {"datetime": "2024-04-12 13:58:14", "elapsed": 56.127187, "delta": 2.172445}}
{"target": -117.02375836661888, "params": {"gamma": 1.8631935860220052, "prior": 10.0, "rate": 4.945549071119219}, "datetime": {"datetime": "2024-04-12 13:58:16", "elapsed": 58.348336, "delta": 2.221149}}
{"target": -116.65085500153515, "params": {"gamma": 1.994465099538383, "prior": 9.12643186746212, "rate": 4.355994547485299}, "datetime": {"datetime": "2024-04-12 13:58:21", "elapsed": 63.453511, "delta": 5.105175}}
{"target": -116.23209487537723, "params": {"gamma": 2.083084175703505, "prior": 6.500207291875559, "rate": 2.799502331678703}, "datetime": {"datetime": "2024-04-12 13:58:26", "elapsed": 67.862467, "delta": 4.408956}}
{"target": -115.88130736606017, "params": {"gamma": 2.1977794708669895, "prior": 2.542042782766857, "rate": 0.9224895541601694}, "datetime": {"datetime": "2024-04-12 13:58:30", "elapsed": 71.796692, "delta": 3.934225}}
{"target": -116.22236087666718, "params": {"gamma": 2.390581101131851, "prior": 10.0, "rate": 2.76167782340887}, "datetime": {"datetime": "2024-04-12 13:58:35", "elapsed": 77.48715, "delta": 5.690458}}
{"target": -116.1018739824124, "params": {"gamma": 2.209378000095083, "prior": 7.512133057375539, "rate": 2.0459190016111037}, "datetime": {"datetime": "2024-04-12 13:58:38", "elapsed": 80.608471, "delta": 3.121321}}
{"target": -116.05204119246307, "params": {"gamma": 2.2966605895526464, "prior": 4.691222157012812, "rate": 1.3330641535211054}, "datetime": {"datetime": "2024-04-12 13:58:42", "elapsed": 83.820417, "delta": 3.211946}}
{"target": -116.28851025882997, "params": {"gamma": 1.9506317818595733, "prior": 2.9110456402371936, "rate": 1.1805567967429575}, "datetime": {"datetime": "2024-04-12 13:58:46", "elapsed": 87.86712, "delta": 4.046703}}
{"target": -116.03368612936058, "params": {"gamma": 2.054217635517786, "prior": 9.580479386429392, "rate": 2.864453607890136}, "datetime": {"datetime": "2024-04-12 13:58:49", "elapsed": 91.201316, "delta": 3.334196}}
{"target": -116.00048872630269, "params": {"gamma": 2.2406151627083375, "prior": 8.122820053945661, "rate": 2.334373394418204}, "datetime": {"datetime": "2024-04-12 13:58:52", "elapsed": 94.582761, "delta": 3.381445}}
{"target": -116.57174758278077, "params": {"gamma": 2.6184037588999183, "prior": 8.319096224998727, "rate": 2.974869765213098}, "datetime": {"datetime": "2024-04-12 13:58:57", "elapsed": 98.742889, "delta": 4.160128}}
{"target": -116.05210426965978, "params": {"gamma": 2.303516811711409, "prior": 7.037526974889438, "rate": 2.7834736670339875}, "datetime": {"datetime": "2024-04-12 13:59:01", "elapsed": 103.610932, "delta": 4.868043}}
{"target": -116.10961357739029, "params": {"gamma": 2.455654493612069, "prior": 3.6440886439141327, "rate": 1.2434044388121006}, "datetime": {"datetime": "2024-04-12 13:59:05", "elapsed": 107.448945, "delta": 3.838013}}
{"target": -116.18795040063681, "params": {"gamma": 2.4788334013117144, "prior": 10.0, "rate": 3.587917608504709}, "datetime": {"datetime": "2024-04-12 13:59:09", "elapsed": 111.441195, "delta": 3.99225}}
{"target": -116.14523566248943, "params": {"gamma": 1.9562248293585012, "prior": 1.367503543015309, "rate": 0.437809257759773}, "datetime": {"datetime": "2024-04-12 13:59:14", "elapsed": 115.673262, "delta": 4.232067}}
{"target": -115.91425010114318, "params": {"gamma": 2.2136422090894317, "prior": 6.083304177728653, "rate": 2.2780209983638215}, "datetime": {"datetime": "2024-04-12 13:59:19", "elapsed": 120.715285, "delta": 5.042023}}
{"target": -116.16111570252393, "params": {"gamma": 1.9635526842854558, "prior": 10.0, "rate": 3.771813295781103}, "datetime": {"datetime": "2024-04-12 13:59:22", "elapsed": 124.162346, "delta": 3.447061}}
{"target": -115.87752794348881, "params": {"gamma": 2.1412749772363315, "prior": 8.727386372471457, "rate": 2.8465218405564467}, "datetime": {"datetime": "2024-04-12 13:59:26", "elapsed": 128.344462, "delta": 4.182116}}
{"target": -117.10136810959654, "params": {"gamma": 2.526693928442629, "prior": 10.0, "rate": 4.698485782717873}, "datetime": {"datetime": "2024-04-12 13:59:32", "elapsed": 133.82295, "delta": 5.478488}}
{"target": -116.11916372429538, "params": {"gamma": 2.0006332797924133, "prior": 6.6668977073100155, "rate": 1.9909810039414158}, "datetime": {"datetime": "2024-04-12 13:59:35", "elapsed": 137.637935, "delta": 3.814985}}
{"target": -116.51073996781896, "params": {"gamma": 2.0769536345981474, "prior": 5.160427499059945, "rate": 2.4220171671083794}, "datetime": {"datetime": "2024-04-12 13:59:40", "elapsed": 142.506779, "delta": 4.868844}}
{"target": -115.94470379650693, "params": {"gamma": 2.145726401053268, "prior": 9.08158935099652, "rate": 3.4560442064635266}, "datetime": {"datetime": "2024-04-12 13:59:45", "elapsed": 147.490317, "delta": 4.983538}}
{"target": -115.9108111786853, "params": {"gamma": 2.191420068163745, "prior": 1.6604921419505578, "rate": 0.6204881288654759}, "datetime": {"datetime": "2024-04-12 13:59:51", "elapsed": 153.201811, "delta": 5.711494}}
{"target": -115.99023877299841, "params": {"gamma": 2.371559791339734, "prior": 4.997980885984643, "rate": 1.7889862143718023}, "datetime": {"datetime": "2024-04-12 13:59:55", "elapsed": 157.626075, "delta": 4.424264}}
{"target": -116.15010187900403, "params": {"gamma": 2.0144823076363596, "prior": 2.1850394086998413, "rate": 0.8745611010264498}, "datetime": {"datetime": "2024-04-12 14:00:03", "elapsed": 164.72437, "delta": 7.098295}}
{"target": -120.67865476004621, "params": {"gamma": 1.8810341898047094, "prior": 10.0, "rate": 8.731305728069543}, "datetime": {"datetime": "2024-04-12 14:00:05", "elapsed": 167.212758, "delta": 2.488388}}
{"target": -116.04483399084303, "params": {"gamma": 2.31128920569932, "prior": 5.863990797264357, "rate": 1.6839375616017946}, "datetime": {"datetime": "2024-04-12 14:00:12", "elapsed": 174.002981, "delta": 6.790223}}
{"target": -115.88502832187118, "params": {"gamma": 2.2767025520742403, "prior": 7.082057030644755, "rate": 2.2791810629112756}, "datetime": {"datetime": "2024-04-12 14:00:17", "elapsed": 178.763203, "delta": 4.760222}}
{"target": -116.61901208760958, "params": {"gamma": 2.238314656510293, "prior": 5.815724899324177, "rate": 2.7883306934364365}, "datetime": {"datetime": "2024-04-12 14:00:20", "elapsed": 181.919336, "delta": 3.156133}}
{"target": -116.04211308449297, "params": {"gamma": 2.0212765362864027, "prior": 8.363895216461847, "rate": 2.596423867999078}, "datetime": {"datetime": "2024-04-12 14:00:26", "elapsed": 188.400914, "delta": 6.481578}}
{"target": -115.92478404085374, "params": {"gamma": 2.3385517276811556, "prior": 9.665789056168872, "rate": 3.2342801848563445}, "datetime": {"datetime": "2024-04-12 14:00:29", "elapsed": 191.012593, "delta": 2.611679}}
{"target": -116.03030249563415, "params": {"gamma": 2.12881393016887, "prior": 3.966664105561878, "rate": 1.1320026258505373}, "datetime": {"datetime": "2024-04-12 14:00:31", "elapsed": 193.56387, "delta": 2.551277}}
{"target": -115.8916433300866, "params": {"gamma": 2.1160273410519723, "prior": 9.464214063189289, "rate": 3.302968829977383}, "datetime": {"datetime": "2024-04-12 14:00:35", "elapsed": 196.837635, "delta": 3.273765}}
{"target": -116.21078071337837, "params": {"gamma": 2.024755066394823, "prior": 9.109959708300236, "rate": 2.5066467191926582}, "datetime": {"datetime": "2024-04-12 14:00:37", "elapsed": 199.402193, "delta": 2.564558}}
{"target": -116.00945936143651, "params": {"gamma": 2.017706815053128, "prior": 5.7630813034256425, "rate": 1.9155790402054327}, "datetime": {"datetime": "2024-04-12 14:00:41", "elapsed": 203.254599, "delta": 3.852406}}
{"target": -115.92362714847641, "params": {"gamma": 2.083323590225615, "prior": 4.86634869634711, "rate": 1.5942289410170314}, "datetime": {"datetime": "2024-04-12 14:00:45", "elapsed": 206.702197, "delta": 3.447598}}
{"target": -116.13943393152296, "params": {"gamma": 2.151490553265552, "prior": 3.899655172359101, "rate": 1.6421293240824046}, "datetime": {"datetime": "2024-04-12 14:00:49", "elapsed": 210.797943, "delta": 4.095746}}
{"target": -117.90552423414206, "params": {"gamma": 1.8317281607763984, "prior": 9.289732146680642, "rate": 5.508838727800297}, "datetime": {"datetime": "2024-04-12 14:00:57", "elapsed": 219.192662, "delta": 8.394719}}
{"target": -115.9582057808947, "params": {"gamma": 2.3501500275348803, "prior": 8.848104748563415, "rate": 3.1505266433288366}, "datetime": {"datetime": "2024-04-12 14:01:01", "elapsed": 222.755698, "delta": 3.563036}}
{"target": -116.2631483183774, "params": {"gamma": 1.9182134550331664, "prior": 1.660616590969673, "rate": 0.6251478346770906}, "datetime": {"datetime": "2024-04-12 14:01:05", "elapsed": 227.356875, "delta": 4.601177}}
{"target": -115.88044049963248, "params": {"gamma": 2.2701174755683327, "prior": 5.41451494775028, "rate": 1.7456649330679108}, "datetime": {"datetime": "2024-04-12 14:01:09", "elapsed": 231.121517, "delta": 3.764642}}
{"target": -115.8786473383636, "params": {"gamma": 2.284049238371899, "prior": 8.287896198863232, "rate": 2.7469799174785328}, "datetime": {"datetime": "2024-04-12 14:01:16", "elapsed": 237.795267, "delta": 6.67375}}
{"target": -116.3971806371889, "params": {"gamma": 1.9956103661941293, "prior": 8.631162588446335, "rate": 3.8080161069335277}, "datetime": {"datetime": "2024-04-12 14:01:22", "elapsed": 243.962651, "delta": 6.167384}}
{"target": -116.57489124812618, "params": {"gamma": 2.4163943626473867, "prior": 7.459749533853119, "rate": 3.3223972055189788}, "datetime": {"datetime": "2024-04-12 14:01:29", "elapsed": 250.950087, "delta": 6.987436}}
{"target": -115.90431462467073, "params": {"gamma": 2.1674878321795585, "prior": 3.463226451688191, "rate": 1.0684553374524781}, "datetime": {"datetime": "2024-04-12 14:01:36", "elapsed": 258.302129, "delta": 7.352042}}
{"target": -115.89931513700833, "params": {"gamma": 2.129514934507885, "prior": 6.519100481320351, "rate": 2.352493845427743}, "datetime": {"datetime": "2024-04-12 14:01:40", "elapsed": 262.066417, "delta": 3.764288}}
{"target": -115.96909864013999, "params": {"gamma": 2.0721188599677296, "prior": 8.430921128748034, "rate": 3.11790350773421}, "datetime": {"datetime": "2024-04-12 14:01:43", "elapsed": 264.721831, "delta": 2.655414}}
{"target": -115.94327808466974, "params": {"gamma": 2.0615368327405457, "prior": 4.227284952194191, "rate": 1.4200325819475876}, "datetime": {"datetime": "2024-04-12 14:01:46", "elapsed": 267.778611, "delta": 3.05678}}
{"target": -115.87907008578355, "params": {"gamma": 2.1371279145409545, "prior": 7.883123910112854, "rate": 2.577074035591977}, "datetime": {"datetime": "2024-04-12 14:01:55", "elapsed": 277.265909, "delta": 9.487298}}
{"target": -116.20821041487109, "params": {"gamma": 2.0761938569508662, "prior": 9.594396860291072, "rate": 4.085774421582305}, "datetime": {"datetime": "2024-04-12 14:02:00", "elapsed": 282.593155, "delta": 5.327246}}
{"target": -115.97968064020843, "params": {"gamma": 2.376164059595193, "prior": 6.147438407008122, "rate": 1.9922763266955335}, "datetime": {"datetime": "2024-04-12 14:02:11", "elapsed": 293.139516, "delta": 10.546361}}
{"target": -115.94442289203202, "params": {"gamma": 2.15968467085991, "prior": 5.100400628338025, "rate": 1.9478735842050872}, "datetime": {"datetime": "2024-04-12 14:02:14", "elapsed": 296.009081, "delta": 2.869565}}
{"target": -116.07432573525126, "params": {"gamma": 2.2631083870052264, "prior": 6.954847969325981, "rate": 1.9331151156507258}, "datetime": {"datetime": "2024-04-12 14:02:22", "elapsed": 303.730178, "delta": 7.721097}}
{"target": -116.0644360612925, "params": {"gamma": 2.3080826073774623, "prior": 9.544396908851214, "rate": 2.708099631124968}, "datetime": {"datetime": "2024-04-12 14:02:25", "elapsed": 307.073275, "delta": 3.343097}}
{"target": -115.89024985868677, "params": {"gamma": 2.112718490517221, "prior": 9.079123244446725, "rate": 3.042416289029144}, "datetime": {"datetime": "2024-04-12 14:02:34", "elapsed": 316.286714, "delta": 9.213439}}
{"target": -116.13942408999705, "params": {"gamma": 2.4360943117714613, "prior": 2.3248565408930753, "rate": 0.8644393011259759}, "datetime": {"datetime": "2024-04-12 14:02:40", "elapsed": 322.358495, "delta": 6.071781}}
{"target": -116.207277312141, "params": {"gamma": 2.0156346191683756, "prior": 7.212976766236267, "rate": 2.978225752565684}, "datetime": {"datetime": "2024-04-12 14:02:44", "elapsed": 326.229956, "delta": 3.871461}}
{"target": -115.8776956944825, "params": {"gamma": 2.19169416873216, "prior": 6.836849843562019, "rate": 2.4686933793757406}, "datetime": {"datetime": "2024-04-12 14:02:47", "elapsed": 328.809703, "delta": 2.579747}}
{"target": -115.87765146495963, "params": {"gamma": 2.205042861980431, "prior": 10.0, "rate": 3.6124823806840825}, "datetime": {"datetime": "2024-04-12 14:02:54", "elapsed": 336.092819, "delta": 7.283116}}
{"target": -116.23873522458966, "params": {"gamma": 2.069200053794938, "prior": 7.9940885985745345, "rate": 3.4365295938534377}, "datetime": {"datetime": "2024-04-12 14:02:57", "elapsed": 338.937363, "delta": 2.844544}}
{"target": -115.97177227233306, "params": {"gamma": 2.3080636351442902, "prior": 1.9546900740739823, "rate": 0.7358350231300304}, "datetime": {"datetime": "2024-04-12 14:03:00", "elapsed": 342.032333, "delta": 3.09497}}
{"target": -115.88280983796383, "params": {"gamma": 2.2469832447720104, "prior": 4.507626236387551, "rate": 1.6212084936368658}, "datetime": {"datetime": "2024-04-12 14:03:06", "elapsed": 347.690064, "delta": 5.657731}}
{"target": -115.89678476119578, "params": {"gamma": 2.1063382654764133, "prior": 2.7029579044738243, "rate": 0.899279923810626}, "datetime": {"datetime": "2024-04-12 14:03:11", "elapsed": 353.506178, "delta": 5.816114}}
{"target": -116.05320816635938, "params": {"gamma": 2.427208247125343, "prior": 2.8220639739775395, "rate": 0.9484038350357221}, "datetime": {"datetime": "2024-04-12 14:03:14", "elapsed": 356.217115, "delta": 2.710937}}
{"target": -115.9290994643678, "params": {"gamma": 2.1430372324556624, "prior": 5.66261530156528, "rate": 2.1262121043477347}, "datetime": {"datetime": "2024-04-12 14:03:17", "elapsed": 359.268779, "delta": 3.051664}}
{"target": -116.07658989156721, "params": {"gamma": 2.324017911730201, "prior": 10.0, "rate": 3.9610075173644437}, "datetime": {"datetime": "2024-04-12 14:03:24", "elapsed": 366.144614, "delta": 6.875835}}
{"target": -116.02276612374968, "params": {"gamma": 2.325142404159991, "prior": 8.031378559700677, "rate": 3.0899230622984932}, "datetime": {"datetime": "2024-04-12 14:03:29", "elapsed": 370.705914, "delta": 4.5613}}
{"target": -115.87182406487018, "params": {"gamma": 2.14154951345919, "prior": 6.295909026687012, "rate": 2.0910370729259866}, "datetime": {"datetime": "2024-04-12 14:03:32", "elapsed": 374.382404, "delta": 3.67649}}
{"target": -115.8615212938712, "params": {"gamma": 2.233458645680572, "prior": 3.5883941930704166, "rate": 1.2530535596757544}, "datetime": {"datetime": "2024-04-12 14:03:39", "elapsed": 380.90978, "delta": 6.527376}}
{"target": -115.94169692494721, "params": {"gamma": 2.3315910619091404, "prior": 10.0, "rate": 3.156999567484054}, "datetime": {"datetime": "2024-04-12 14:03:43", "elapsed": 385.287203, "delta": 4.377423}}
{"target": -115.86350322317483, "params": {"gamma": 2.1653096119849287, "prior": 7.321992784539357, "rate": 2.40703658554116}, "datetime": {"datetime": "2024-04-12 14:03:49", "elapsed": 390.975062, "delta": 5.687859}}
{"target": -115.90947394830371, "params": {"gamma": 2.2301475599961744, "prior": 7.699477250686049, "rate": 2.3537471742793428}, "datetime": {"datetime": "2024-04-12 14:03:53", "elapsed": 395.103293, "delta": 4.128231}}
{"target": -115.97973320824701, "params": {"gamma": 2.118096857353012, "prior": 10.0, "rate": 2.9619185574858524}, "datetime": {"datetime": "2024-04-12 14:03:59", "elapsed": 401.315419, "delta": 6.212126}}
{"target": -115.9521616671174, "params": {"gamma": 2.0760326000874882, "prior": 3.0837812099026345, "rate": 0.9736178761854699}, "datetime": {"datetime": "2024-04-12 14:04:03", "elapsed": 405.32213, "delta": 4.006711}}
{"target": -115.91635035111877, "params": {"gamma": 2.2432902356511595, "prior": 3.244338577834634, "rate": 1.209296674443524}, "datetime": {"datetime": "2024-04-12 14:04:08", "elapsed": 410.592254, "delta": 5.270124}}
{"target": -115.85463753554168, "params": {"gamma": 2.2327224270483073, "prior": 5.894646137132241, "rate": 1.9867056179084543}, "datetime": {"datetime": "2024-04-12 14:04:15", "elapsed": 417.333846, "delta": 6.741592}}
{"target": -116.00792247363903, "params": {"gamma": 2.304179678951297, "prior": 6.382148043399113, "rate": 2.4646912903231284}, "datetime": {"datetime": "2024-04-12 14:04:22", "elapsed": 424.254999, "delta": 6.921153}}
{"target": -115.88739950242696, "params": {"gamma": 2.1316056911621506, "prior": 9.767272767411677, "rate": 3.463359271860967}, "datetime": {"datetime": "2024-04-12 14:04:26", "elapsed": 427.945102, "delta": 3.690103}}
{"target": -116.04702400390445, "params": {"gamma": 2.0784761647437384, "prior": 9.419392808875397, "rate": 3.71886394015018}, "datetime": {"datetime": "2024-04-12 14:04:32", "elapsed": 433.776226, "delta": 5.831124}}
{"target": -115.85439692294472, "params": {"gamma": 2.211722085524434, "prior": 3.888120228403575, "rate": 1.3413091266266821}, "datetime": {"datetime": "2024-04-12 14:04:38", "elapsed": 439.669114, "delta": 5.892888}}
{"target": -115.87180935176208, "params": {"gamma": 2.267330842382879, "prior": 8.514975126830462, "rate": 2.9511497217774334}, "datetime": {"datetime": "2024-04-12 14:04:43", "elapsed": 445.584998, "delta": 5.915884}}
{"target": -115.89100060311222, "params": {"gamma": 2.2203311806099255, "prior": 5.118329007931581, "rate": 1.5911457690983992}, "datetime": {"datetime": "2024-04-12 14:04:47", "elapsed": 449.176124, "delta": 3.591126}}
{"target": -115.89051138208592, "params": {"gamma": 2.211144318508162, "prior": 7.483843587096557, "rate": 2.742723401531015}, "datetime": {"datetime": "2024-04-12 14:04:54", "elapsed": 455.751802, "delta": 6.575678}}
{"target": -115.87752386862996, "params": {"gamma": 2.1967547168898567, "prior": 9.75800429594529, "rate": 3.082218299219293}, "datetime": {"datetime": "2024-04-12 14:04:58", "elapsed": 460.643335, "delta": 4.891533}}
{"target": -115.88884637885486, "params": {"gamma": 2.299795815486812, "prior": 7.952977917462824, "rate": 2.7053704229200606}, "datetime": {"datetime": "2024-04-12 14:05:02", "elapsed": 463.671068, "delta": 3.027733}}
{"target": -115.93743971526703, "params": {"gamma": 2.2932240574746237, "prior": 6.563648227943361, "rate": 2.0084230895769575}, "datetime": {"datetime": "2024-04-12 14:05:07", "elapsed": 468.727215, "delta": 5.056147}}
{"target": -115.9378891218539, "params": {"gamma": 2.3207817716713643, "prior": 9.001694131756551, "rate": 2.8179323546924553}, "datetime": {"datetime": "2024-04-12 14:05:11", "elapsed": 473.487987, "delta": 4.760772}}
{"target": -115.95250602721588, "params": {"gamma": 2.3274637633075037, "prior": 9.303881996856804, "rate": 3.3913963310787385}, "datetime": {"datetime": "2024-04-12 14:05:18", "elapsed": 480.278583, "delta": 6.790596}}
{"target": -115.86984588765448, "params": {"gamma": 2.197047462880898, "prior": 7.169183262946873, "rate": 2.561241508353568}, "datetime": {"datetime": "2024-04-12 14:05:23", "elapsed": 484.987911, "delta": 4.709328}}
{"target": -115.86646218185972, "params": {"gamma": 2.1695824225727036, "prior": 6.83327320650761, "rate": 2.2202199672645033}, "datetime": {"datetime": "2024-04-12 14:05:27", "elapsed": 489.390618, "delta": 4.402707}}
{"target": -116.42926835052931, "params": {"gamma": 2.537028916316958, "prior": 5.0942505999901195, "rate": 1.4785903168697916}, "datetime": {"datetime": "2024-04-12 14:05:34", "elapsed": 496.200963, "delta": 6.810345}}
{"target": -115.89252347723628, "params": {"gamma": 2.21990817172692, "prior": 2.8730812011489086, "rate": 1.053889308333746}, "datetime": {"datetime": "2024-04-12 14:05:41", "elapsed": 503.263381, "delta": 7.062418}}
{"target": -115.89707868372521, "params": {"gamma": 2.3104634476015367, "prior": 4.660931389136665, "rate": 1.5655262560838321}, "datetime": {"datetime": "2024-04-12 14:05:46", "elapsed": 508.263656, "delta": 5.000275}}
{"target": -115.89972162741792, "params": {"gamma": 2.132889383986247, "prior": 4.5030231773611735, "rate": 1.4248090011586807}, "datetime": {"datetime": "2024-04-12 14:05:51", "elapsed": 512.975342, "delta": 4.711686}}
{"target": -115.89061284126555, "params": {"gamma": 2.2012848945065384, "prior": 9.279120127412268, "rate": 2.8840990687729775}, "datetime": {"datetime": "2024-04-12 14:05:54", "elapsed": 516.191004, "delta": 3.215662}}
{"target": -115.85867157642366, "params": {"gamma": 2.194953112615819, "prior": 2.3629147762750256, "rate": 0.7720715790924733}, "datetime": {"datetime": "2024-04-12 14:05:58", "elapsed": 520.423644, "delta": 4.23264}}
