{"target": -134.90898342801745, "params": {"gamma": 2.3106546042570515, "prior": 0.6739605523903935, "rate": 1.3890263639386906}, "datetime": {"datetime": "2024-04-12 13:57:22", "elapsed": 3.92502, "delta": 0.00788}}
{"target": -220.8540638611732, "params": {"gamma": 9.351596002308344, "prior": 8.896566823226658, "rate": 2.893315694333617}, "datetime": {"datetime": "2024-04-12 13:57:22", "elapsed": 3.932941, "delta": 0.007921}}
{"target": -235.41381637907926, "params": {"gamma": 9.477692896949968, "prior": 8.514312298791047, "rate": 4.347113285922664}, "datetime": {"datetime": "2024-04-12 13:57:22", "elapsed": 3.940905, "delta": 0.007964}}
{"target": -135.593756012073, "params": {"gamma": 4.681027499109862, "prior": 6.335544913675885, "rate": 1.581160317803163}, "datetime": {"datetime": "2024-04-12 13:57:22", "elapsed": 3.94884, "delta": 0.007935}}
{"target": -139.19573862913637, "params": {"gamma": 0.14880608533418707, "prior": 2.72856897297662, "rate": 0.15542087579566607}, "datetime": {"datetime": "2024-04-12 13:57:22", "elapsed": 3.956859, "delta": 0.008019}}
{"target": -178.78945417689727, "params": {"gamma": 6.745313942778413, "prior": 5.559541474546487, "rate": 3.2171598078821737}, "datetime": {"datetime": "2024-04-12 13:57:22", "elapsed": 3.964925, "delta": 0.008066}}
{"target": -244.99972038631108, "params": {"gamma": 7.802243168860467, "prior": 1.543275769026293, "rate": 2.449561506980074}, "datetime": {"datetime": "2024-04-12 13:57:22", "elapsed": 3.973062, "delta": 0.008137}}
{"target": -118.4558746320393, "params": {"gamma": 2.923845306630798, "prior": 2.0397262703400223, "rate": 0.8802988990222627}, "datetime": {"datetime": "2024-04-12 13:57:22", "elapsed": 3.981046, "delta": 0.007984}}
{"target": -360.8963989227736, "params": {"gamma": 8.699891826535803, "prior": 0.9730675911579497, "rate": 6.837419647880558}, "datetime": {"datetime": "2024-04-12 13:57:22", "elapsed": 3.98905, "delta": 0.008004}}
{"target": -134.89470713126076, "params": {"gamma": 1.204888367700376, "prior": 0.20592013112732416, "rate": 5.573125032519063}, "datetime": {"datetime": "2024-04-12 13:57:22", "elapsed": 3.997011, "delta": 0.007961}}
{"target": -219.07103838241818, "params": {"gamma": 9.071183443148486, "prior": 8.618521006635163, "rate": 3.3851753897983823}, "datetime": {"datetime": "2024-04-12 13:57:22", "elapsed": 4.004957, "delta": 0.007946}}
{"target": -135.67578525363479, "params": {"gamma": 0.27256113442929636, "prior": 8.028507615787328, "rate": 8.06004333796437}, "datetime": {"datetime": "2024-04-12 13:57:22", "elapsed": 4.012867, "delta": 0.00791}}
{"target": -251.29969109320234, "params": {"gamma": 8.685012674911418, "prior": 6.729501338767777, "rate": 8.077980844288449}, "datetime": {"datetime": "2024-04-12 13:57:22", "elapsed": 4.020849, "delta": 0.007982}}
{"target": -259.1020746285759, "params": {"gamma": 8.9750853247459, "prior": 4.592916509851121, "rate": 5.578695211845391}, "datetime": {"datetime": "2024-04-12 13:57:22", "elapsed": 4.028781, "delta": 0.007932}}
{"target": -160.99250235762958, "params": {"gamma": 5.06180515715352, "prior": 6.9506406547897654, "rate": 6.829385769431119}, "datetime": {"datetime": "2024-04-12 13:57:22", "elapsed": 4.036687, "delta": 0.007906}}
{"target": -150.4540766338887, "params": {"gamma": 5.203616044997302, "prior": 8.301834666046165, "rate": 5.058288088511875}, "datetime": {"datetime": "2024-04-12 13:57:22", "elapsed": 4.044565, "delta": 0.007878}}
{"target": -213.33379126282605, "params": {"gamma": 8.248760765289934, "prior": 2.8902663726181053, "rate": 1.7857698349419049}, "datetime": {"datetime": "2024-04-12 13:57:22", "elapsed": 4.052524, "delta": 0.007959}}
{"target": -229.78306153890526, "params": {"gamma": 9.698735832876796, "prior": 7.44520130201516, "rate": 2.598657141350841}, "datetime": {"datetime": "2024-04-12 13:57:22", "elapsed": 4.060353, "delta": 0.007829}}
{"target": -162.3297472336472, "params": {"gamma": 5.8127721875694265, "prior": 9.557096310028049, "rate": 0.808458324212976}, "datetime": {"datetime": "2024-04-12 13:57:22", "elapsed": 4.068288, "delta": 0.007935}}
{"target": -125.28146163606883, "params": {"gamma": 0.8362585364103492, "prior": 6.229434831057081, "rate": 2.245710294880741}, "datetime": {"datetime": "2024-04-12 13:57:22", "elapsed": 4.076116, "delta": 0.007828}}
{"target": -224.67415532635923, "params": {"gamma": 7.652074383378348, "prior": 5.72471017519614, "rate": 6.66221471414473}, "datetime": {"datetime": "2024-04-12 13:57:22", "elapsed": 4.084135, "delta": 0.008019}}
{"target": -131.2974744116371, "params": {"gamma": 1.0790311940451294, "prior": 0.9344022092219122, "rate": 6.251585561986592}, "datetime": {"datetime": "2024-04-12 13:57:22", "elapsed": 4.092278, "delta": 0.008143}}
{"target": -187.14000865809757, "params": {"gamma": 4.097902880079071, "prior": 0.9637999863326198, "rate": 3.711268386216875}, "datetime": {"datetime": "2024-04-12 13:57:22", "elapsed": 4.100133, "delta": 0.007855}}
{"target": -272.947167994251, "params": {"gamma": 6.72177195215883, "prior": 1.9769152618966988, "rate": 8.957395356178512}, "datetime": {"datetime": "2024-04-12 13:57:22", "elapsed": 4.108107, "delta": 0.007974}}
{"target": -250.02013505119453, "params": {"gamma": 9.498514042411992, "prior": 9.619568170101886, "rate": 7.301095494844863}, "datetime": {"datetime": "2024-04-12 13:57:22", "elapsed": 4.115981, "delta": 0.007874}}
{"target": -128.0914030454936, "params": {"gamma": 4.063477988455463, "prior": 7.463117043877074, "rate": 2.8805808058682407}, "datetime": {"datetime": "2024-04-12 13:57:22", "elapsed": 4.123953, "delta": 0.007972}}
{"target": -130.5961258881739, "params": {"gamma": 3.144857806685071, "prior": 6.098373976056793, "rate": 5.948876486945769}, "datetime": {"datetime": "2024-04-12 13:57:22", "elapsed": 4.131905, "delta": 0.007952}}
{"target": -311.8630931664492, "params": {"gamma": 8.786731102181795, "prior": 2.620547481039712, "rate": 7.662117463663015}, "datetime": {"datetime": "2024-04-12 13:57:22", "elapsed": 4.139884, "delta": 0.007979}}
{"target": -437.74512996694307, "params": {"gamma": 9.410191654922194, "prior": 0.11022603331157285, "rate": 4.761415090903047}, "datetime": {"datetime": "2024-04-12 13:57:22", "elapsed": 4.147831, "delta": 0.007947}}
{"target": -164.67424184772864, "params": {"gamma": 6.570746249918269, "prior": 8.448899817803273, "rate": 1.8382103793481412}, "datetime": {"datetime": "2024-04-12 13:57:22", "elapsed": 4.155792, "delta": 0.007961}}
{"target": -291.8708206464257, "params": {"gamma": 8.56173622063573, "prior": 3.7072182505845768, "rate": 8.922847018832448}, "datetime": {"datetime": "2024-04-12 13:57:22", "elapsed": 4.163817, "delta": 0.008025}}
{"target": -135.09479900735656, "params": {"gamma": 0.2780896894835276, "prior": 0.9453623773193891, "rate": 9.81412324707537}, "datetime": {"datetime": "2024-04-12 13:57:22", "elapsed": 4.171725, "delta": 0.007908}}
{"target": -159.35319319256692, "params": {"gamma": 6.095409755809193, "prior": 4.234560233460414, "rate": 1.6929726327522117}, "datetime": {"datetime": "2024-04-12 13:57:22", "elapsed": 4.17964, "delta": 0.007915}}
{"target": -280.92502750789964, "params": {"gamma": 6.499361629743811, "prior": 0.46605317675764246, "rate": 3.116827520693586}, "datetime": {"datetime": "2024-04-12 13:57:22", "elapsed": 4.187518, "delta": 0.007878}}
{"target": -133.54429770872014, "params": {"gamma": 3.2354684906937643, "prior": 6.11367474579408, "rate": 6.508661735500295}, "datetime": {"datetime": "2024-04-12 13:57:22", "elapsed": 4.195385, "delta": 0.007867}}
{"target": -222.9665511475245, "params": {"gamma": 8.460699937765456, "prior": 9.28305133171568, "rate": 6.604916818383386}, "datetime": {"datetime": "2024-04-12 13:57:22", "elapsed": 4.203291, "delta": 0.007906}}
{"target": -215.04393120828757, "params": {"gamma": 5.782161010166973, "prior": 4.047283881927183, "rate": 9.666158313928777}, "datetime": {"datetime": "2024-04-12 13:57:22", "elapsed": 4.211229, "delta": 0.007938}}
{"target": -117.88941483262718, "params": {"gamma": 1.541637639151742, "prior": 8.96135940562162, "rate": 3.1108196657805305}, "datetime": {"datetime": "2024-04-12 13:57:22", "elapsed": 4.219088, "delta": 0.007859}}
{"target": -147.61331006742535, "params": {"gamma": 5.485342407571374, "prior": 6.852455958484867, "rate": 2.3654600436102275}, "datetime": {"datetime": "2024-04-12 13:57:22", "elapsed": 4.226963, "delta": 0.007875}}
{"target": -125.75786346786555, "params": {"gamma": 1.678199113817666, "prior": 5.133971932953198, "rate": 7.918846891971133}, "datetime": {"datetime": "2024-04-12 13:57:22", "elapsed": 4.234869, "delta": 0.007906}}
{"target": -297.67353927353525, "params": {"gamma": 6.9244522072085894, "prior": 1.277836038012847, "rate": 9.007521408502258}, "datetime": {"datetime": "2024-04-12 13:57:22", "elapsed": 4.242794, "delta": 0.007925}}
{"target": -142.87777641907536, "params": {"gamma": 4.797895932924502, "prior": 9.47209912447251, "rate": 5.53478362877641}, "datetime": {"datetime": "2024-04-12 13:57:22", "elapsed": 4.25084, "delta": 0.008046}}
{"target": -129.53977072501272, "params": {"gamma": 0.8489334147818686, "prior": 2.1043840531779026, "rate": 8.542525491190911}, "datetime": {"datetime": "2024-04-12 13:57:22", "elapsed": 4.258733, "delta": 0.007893}}
{"target": -176.35916906762543, "params": {"gamma": 7.0595677402804276, "prior": 8.95990124951395, "rate": 3.2921308719412035}, "datetime": {"datetime": "2024-04-12 13:57:22", "elapsed": 4.26665, "delta": 0.007917}}
{"target": -162.61791662994148, "params": {"gamma": 5.280485964979625, "prior": 6.538941511592786, "rate": 5.943314245013059}, "datetime": {"datetime": "2024-04-12 13:57:22", "elapsed": 4.274573, "delta": 0.007923}}
{"target": -117.7770110847442, "params": {"gamma": 2.315397892406944, "prior": 4.325531359537532, "rate": 2.481866529137688}, "datetime": {"datetime": "2024-04-12 13:57:22", "elapsed": 4.282524, "delta": 0.007951}}
{"target": -206.4780278497984, "params": {"gamma": 8.456304007349223, "prior": 9.868106705184019, "rate": 0.6666414605206605}, "datetime": {"datetime": "2024-04-12 13:57:22", "elapsed": 4.290591, "delta": 0.008067}}
{"target": -237.2285839308337, "params": {"gamma": 7.139566394637347, "prior": 3.3681439667708357, "rate": 6.254728347736019}, "datetime": {"datetime": "2024-04-12 13:57:22", "elapsed": 4.298565, "delta": 0.007974}}
{"target": -118.54553152979446, "params": {"gamma": 2.582038363169428, "prior": 6.5449753321541015, "rate": 3.7121006974428328}, "datetime": {"datetime": "2024-04-12 13:57:22", "elapsed": 4.306483, "delta": 0.007918}}
{"target": -129.56839495060711, "params": {"gamma": 2.9489139744901, "prior": 9.126455419608208, "rate": 9.425046243387849}, "datetime": {"datetime": "2024-04-12 13:57:22", "elapsed": 4.31446, "delta": 0.007977}}
{"target": -251.23748440916737, "params": {"gamma": 6.135886715574795, "prior": 2.223231030223857, "rate": 9.394249290190688}, "datetime": {"datetime": "2024-04-12 13:57:22", "elapsed": 4.322499, "delta": 0.008039}}
{"target": -181.95560783498829, "params": {"gamma": 7.504785013686519, "prior": 7.53578909249578, "rate": 2.1180016271500137}, "datetime": {"datetime": "2024-04-12 13:57:22", "elapsed": 4.330398, "delta": 0.007899}}
{"target": -288.4385062826748, "params": {"gamma": 8.30173510509683, "prior": 2.47694202619598, "rate": 6.316575831756353}, "datetime": {"datetime": "2024-04-12 13:57:22", "elapsed": 4.338486, "delta": 0.008088}}
{"target": -183.89185751908792, "params": {"gamma": 7.107684959425964, "prior": 7.449595954100307, "rate": 3.9032567812912102}, "datetime": {"datetime": "2024-04-12 13:57:22", "elapsed": 4.346555, "delta": 0.008069}}
{"target": -200.33021361491635, "params": {"gamma": 7.598494141764259, "prior": 9.039065431004929, "rate": 5.8746127723565325}, "datetime": {"datetime": "2024-04-12 13:57:22", "elapsed": 4.354541, "delta": 0.007986}}
{"target": -124.88065153655604, "params": {"gamma": 0.9050067472322914, "prior": 1.376862243008533, "rate": 1.0535200041012063}, "datetime": {"datetime": "2024-04-12 13:57:22", "elapsed": 4.362409, "delta": 0.007868}}
{"target": -137.94407354291687, "params": {"gamma": 1.7281019057654774, "prior": 1.3516658138678819, "rate": 7.783230599786209}, "datetime": {"datetime": "2024-04-12 13:57:22", "elapsed": 4.370406, "delta": 0.007997}}
{"target": -133.17643744585084, "params": {"gamma": 0.39507571033225836, "prior": 2.491428331674554, "rate": 8.790784947183296}, "datetime": {"datetime": "2024-04-12 13:57:22", "elapsed": 4.37834, "delta": 0.007934}}
{"target": -295.16006103991424, "params": {"gamma": 9.7352150895021, "prior": 6.093677876497776, "rate": 9.762406407339324}, "datetime": {"datetime": "2024-04-12 13:57:22", "elapsed": 4.386385, "delta": 0.008045}}
{"target": -132.42378277883446, "params": {"gamma": 0.43547196560805285, "prior": 9.490870406922475, "rate": 3.113649528479215}, "datetime": {"datetime": "2024-04-12 13:57:22", "elapsed": 4.394307, "delta": 0.007922}}
{"target": -228.19222296251462, "params": {"gamma": 7.989929430775569, "prior": 8.125228124124325, "rate": 8.600125917211868}, "datetime": {"datetime": "2024-04-12 13:57:22", "elapsed": 4.402291, "delta": 0.007984}}
{"target": -134.0738499931416, "params": {"gamma": 4.586049558214109, "prior": 9.313379482437938, "rate": 2.579671951285972}, "datetime": {"datetime": "2024-04-12 13:57:22", "elapsed": 4.410193, "delta": 0.007902}}
{"target": -284.19264584621715, "params": {"gamma": 9.344520479803316, "prior": 6.229284369191439, "rate": 9.85446370453336}, "datetime": {"datetime": "2024-04-12 13:57:22", "elapsed": 4.418067, "delta": 0.007874}}
{"target": -134.49575663705897, "params": {"gamma": 0.3274060157599613, "prior": 7.279149922443812, "rate": 5.655976799568431}, "datetime": {"datetime": "2024-04-12 13:57:22", "elapsed": 4.426094, "delta": 0.008027}}
{"target": -166.13263377748189, "params": {"gamma": 4.924748049935798, "prior": 2.6662594439422964, "rate": 3.268980017978885}, "datetime": {"datetime": "2024-04-12 13:57:22", "elapsed": 4.433984, "delta": 0.00789}}
{"target": -146.43496109186566, "params": {"gamma": 2.495372604807176, "prior": 2.270752312218102, "rate": 7.996808714410864}, "datetime": {"datetime": "2024-04-12 13:57:22", "elapsed": 4.441923, "delta": 0.007939}}
{"target": -236.04591487597872, "params": {"gamma": 5.024447663976686, "prior": 0.9235798981002775, "rate": 7.770064936081777}, "datetime": {"datetime": "2024-04-12 13:57:22", "elapsed": 4.449925, "delta": 0.008002}}
{"target": -155.8694477853718, "params": {"gamma": 5.336957111761226, "prior": 7.419939094729182, "rate": 5.154421537738071}, "datetime": {"datetime": "2024-04-12 13:57:22", "elapsed": 4.457983, "delta": 0.008058}}
{"target": -148.19475792090543, "params": {"gamma": 4.0000592939273325, "prior": 9.86384314611932, "rate": 0.2833979590089639}, "datetime": {"datetime": "2024-04-12 13:57:22", "elapsed": 4.465932, "delta": 0.007949}}
{"target": -226.35027126776578, "params": {"gamma": 9.327706315740619, "prior": 9.315464180823684, "rate": 3.909796196303079}, "datetime": {"datetime": "2024-04-12 13:57:22", "elapsed": 4.473906, "delta": 0.007974}}
{"target": -116.01840927485631, "params": {"gamma": 2.145434246462065, "prior": 6.230211649539066, "rate": 1.7805453823662243}, "datetime": {"datetime": "2024-04-12 13:57:22", "elapsed": 4.481796, "delta": 0.00789}}
{"target": -231.58681948760244, "params": {"gamma": 8.032278735085756, "prior": 2.613945173189579, "rate": 2.9087707441717465}, "datetime": {"datetime": "2024-04-12 13:57:22", "elapsed": 4.489697, "delta": 0.007901}}
{"target": -232.87997741954467, "params": {"gamma": 9.15924198430956, "prior": 9.038876651396649, "rate": 5.354273536413487}, "datetime": {"datetime": "2024-04-12 13:57:22", "elapsed": 4.497706, "delta": 0.008009}}
{"target": -303.7041676906754, "params": {"gamma": 8.628526966805577, "prior": 3.5900724311701118, "rate": 9.978844897970799}, "datetime": {"datetime": "2024-04-12 13:57:22", "elapsed": 4.505682, "delta": 0.007976}}
{"target": -136.06849453951472, "params": {"gamma": 4.337463704310366, "prior": 3.0186389168051044, "rate": 0.4167007652577235}, "datetime": {"datetime": "2024-04-12 13:57:22", "elapsed": 4.513681, "delta": 0.007999}}
{"target": -297.6783179667491, "params": {"gamma": 9.897079830913631, "prior": 4.702387546027041, "rate": 7.346115555489657}, "datetime": {"datetime": "2024-04-12 13:57:22", "elapsed": 4.521787, "delta": 0.008106}}
{"target": -173.78426530519516, "params": {"gamma": 6.408435432834701, "prior": 7.258624656693496, "rate": 0.5120579273573367}, "datetime": {"datetime": "2024-04-12 13:57:22", "elapsed": 4.5297, "delta": 0.007913}}
{"target": -233.99753792066855, "params": {"gamma": 9.200534008691728, "prior": 9.275728057232191, "rate": 5.520398276514817}, "datetime": {"datetime": "2024-04-12 13:57:22", "elapsed": 4.537704, "delta": 0.008004}}
{"target": -311.5801996204219, "params": {"gamma": 9.639194970956826, "prior": 2.881459816204638, "rate": 6.0218641247383164}, "datetime": {"datetime": "2024-04-12 13:57:22", "elapsed": 4.545674, "delta": 0.00797}}
{"target": -128.4433888590413, "params": {"gamma": 3.9652304378361865, "prior": 6.317429994376759, "rate": 3.0070222529489574}, "datetime": {"datetime": "2024-04-12 13:57:22", "elapsed": 4.5537, "delta": 0.008026}}
{"target": -207.59091738378328, "params": {"gamma": 8.193764488175546, "prior": 0.7908811871916644, "rate": 0.4197338254296628}, "datetime": {"datetime": "2024-04-12 13:57:22", "elapsed": 4.561612, "delta": 0.007912}}
{"target": -131.59353628871423, "params": {"gamma": 0.49491444994850975, "prior": 1.5895047808398683, "rate": 3.954109387473109}, "datetime": {"datetime": "2024-04-12 13:57:22", "elapsed": 4.569583, "delta": 0.007971}}
{"target": -377.1887284818063, "params": {"gamma": 9.553944502582489, "prior": 1.1968748529899662, "rate": 6.475882305178456}, "datetime": {"datetime": "2024-04-12 13:57:22", "elapsed": 4.577573, "delta": 0.00799}}
{"target": -149.74496077072158, "params": {"gamma": 5.276687463055037, "prior": 3.5970998192322843, "rate": 1.9827940939725983}, "datetime": {"datetime": "2024-04-12 13:57:22", "elapsed": 4.585612, "delta": 0.008039}}
{"target": -152.89328445754907, "params": {"gamma": 2.20672022439151, "prior": 0.5338329462987547, "rate": 7.131926567624986}, "datetime": {"datetime": "2024-04-12 13:57:22", "elapsed": 4.593703, "delta": 0.008091}}
{"target": -214.11227691769443, "params": {"gamma": 6.538748151763354, "prior": 4.493320947974752, "rate": 7.189675941410347}, "datetime": {"datetime": "2024-04-12 13:57:22", "elapsed": 4.601721, "delta": 0.008018}}
{"target": -123.387836158371, "params": {"gamma": 1.100649748480759, "prior": 9.393319816352417, "rate": 8.476419465684636}, "datetime": {"datetime": "2024-04-12 13:57:22", "elapsed": 4.60978, "delta": 0.008059}}
{"target": -196.7255183618712, "params": {"gamma": 6.590697560999168, "prior": 3.8504285697511453, "rate": 4.16625072341846}, "datetime": {"datetime": "2024-04-12 13:57:22", "elapsed": 4.617841, "delta": 0.008061}}
{"target": -154.5206920809498, "params": {"gamma": 4.822057067652517, "prior": 9.359309323067325, "rate": 8.636065956226108}, "datetime": {"datetime": "2024-04-12 13:57:22", "elapsed": 4.625869, "delta": 0.008028}}
{"target": -172.4625885774972, "params": {"gamma": 4.779760568316378, "prior": 5.589733132953853, "rate": 8.754163218930938}, "datetime": {"datetime": "2024-04-12 13:57:22", "elapsed": 4.633911, "delta": 0.008042}}
{"target": -269.7165306694484, "params": {"gamma": 9.492695073289129, "prior": 6.427929083095635, "rate": 7.485454680577448}, "datetime": {"datetime": "2024-04-12 13:57:22", "elapsed": 4.641858, "delta": 0.007947}}
{"target": -133.65731933326703, "params": {"gamma": 3.516897438698066, "prior": 9.188480358953182, "rate": 8.367683746488458}, "datetime": {"datetime": "2024-04-12 13:57:22", "elapsed": 4.649798, "delta": 0.00794}}
{"target": -169.86396404679184, "params": {"gamma": 5.521006756366404, "prior": 8.68950937519022, "rate": 8.498868942521883}, "datetime": {"datetime": "2024-04-12 13:57:23", "elapsed": 4.657784, "delta": 0.007986}}
{"target": -308.04286256630803, "params": {"gamma": 8.084305154704811, "prior": 1.393858961534142, "rate": 5.3604897456433}, "datetime": {"datetime": "2024-04-12 13:57:23", "elapsed": 4.665709, "delta": 0.007925}}
{"target": -226.6569457483828, "params": {"gamma": 9.007930363954452, "prior": 7.73123512248292, "rate": 4.207711277052893}, "datetime": {"datetime": "2024-04-12 13:57:23", "elapsed": 4.673661, "delta": 0.007952}}
{"target": -282.73671191263315, "params": {"gamma": 9.778826053206298, "prior": 2.5826542510627224, "rate": 3.336768678250129}, "datetime": {"datetime": "2024-04-12 13:57:23", "elapsed": 4.68157, "delta": 0.007909}}
{"target": -268.44662935265995, "params": {"gamma": 9.54205087378846, "prior": 8.106281947034368, "rate": 9.003499705102108}, "datetime": {"datetime": "2024-04-12 13:57:23", "elapsed": 4.689486, "delta": 0.007916}}
{"target": -139.61766639266057, "params": {"gamma": 0.11688430450954196, "prior": 3.859667887036548, "rate": 2.355984044142083}, "datetime": {"datetime": "2024-04-12 13:57:23", "elapsed": 4.697453, "delta": 0.007967}}
{"target": -128.6358355769994, "params": {"gamma": 2.9600545838222256, "prior": 7.406155414398024, "rate": 7.241124363795878}, "datetime": {"datetime": "2024-04-12 13:57:23", "elapsed": 4.705453, "delta": 0.008}}
{"target": -169.19700175966165, "params": {"gamma": 4.618532302580416, "prior": 3.716217165950228, "rate": 5.847331438432254}, "datetime": {"datetime": "2024-04-12 13:57:23", "elapsed": 4.713483, "delta": 0.00803}}
{"target": -170.7413931028074, "params": {"gamma": 5.33754383858813, "prior": 5.550737634177834, "rate": 6.155155234075464}, "datetime": {"datetime": "2024-04-12 13:57:23", "elapsed": 4.721536, "delta": 0.008053}}
