{"target": -953.5257466708063, "params": {"gamma": 4.170803025021038, "lr": 0.7203244934421581}, "datetime": {"datetime": "2024-04-04 05:09:36", "elapsed": 0.0, "delta": 0.0}}
{"target": -144.83158332861612, "params": {"gamma": 0.002143633798631522, "lr": 0.30233257263183977}, "datetime": {"datetime": "2024-04-04 05:09:36", "elapsed": 0.002871, "delta": 0.002871}}
{"target": -677.8744073662102, "params": {"gamma": 1.4684121522803133, "lr": 0.0923385947687978}, "datetime": {"datetime": "2024-04-04 05:09:36", "elapsed": 0.00553, "delta": 0.002659}}
{"target": -419.2381679210462, "params": {"gamma": 1.8634158535653313, "lr": 0.34556072704304774}, "datetime": {"datetime": "2024-04-04 05:09:36", "elapsed": 0.008188, "delta": 0.002658}}
{"target": -830.2830797556768, "params": {"gamma": 3.968277974832469, "lr": 0.538816734003357}, "datetime": {"datetime": "2024-04-04 05:09:36", "elapsed": 0.010795, "delta": 0.002607}}
{"target": -968.2249702468115, "params": {"gamma": 4.192525949518545, "lr": 0.6852195003967595}, "datetime": {"datetime": "2024-04-04 05:09:36", "elapsed": 0.013413, "delta": 0.002618}}
{"target": -523.5874044339847, "params": {"gamma": 2.045318045065443, "lr": 0.8781174363909454}, "datetime": {"datetime": "2024-04-04 05:09:36", "elapsed": 0.016102, "delta": 0.002689}}
{"target": -148.52937579838627, "params": {"gamma": 0.2748485443860637, "lr": 0.6704675101784022}, "datetime": {"datetime": "2024-04-04 05:09:36", "elapsed": 0.018844, "delta": 0.002742}}
{"target": -860.2727316307096, "params": {"gamma": 4.173630718868903, "lr": 0.5586898284457517}, "datetime": {"datetime": "2024-04-04 05:09:36", "elapsed": 0.021478, "delta": 0.002634}}
{"target": -505.72801343044523, "params": {"gamma": 1.4047289990137424, "lr": 0.1981014890848788}, "datetime": {"datetime": "2024-04-04 05:09:36", "elapsed": 0.024145, "delta": 0.002667}}
{"target": -1994.1233325701414, "params": {"gamma": 8.00764494218669, "lr": 0.9682615757193975}, "datetime": {"datetime": "2024-04-04 05:09:36", "elapsed": 0.026993, "delta": 0.002848}}
{"target": -730.8197374453093, "params": {"gamma": 3.1349283574142692, "lr": 0.6923226156693141}, "datetime": {"datetime": "2024-04-04 05:09:36", "elapsed": 0.029842, "delta": 0.002849}}
{"target": -2172.4521002077613, "params": {"gamma": 8.764015133808087, "lr": 0.8946066635038473}, "datetime": {"datetime": "2024-04-04 05:09:36", "elapsed": 0.032532, "delta": 0.00269}}
{"target": -435.289015577731, "params": {"gamma": 0.8513570694864094, "lr": 0.03905478323288236}, "datetime": {"datetime": "2024-04-04 05:09:36", "elapsed": 0.035158, "delta": 0.002626}}
{"target": -442.3446172633135, "params": {"gamma": 1.6991343652261244, "lr": 0.8781425034294131}, "datetime": {"datetime": "2024-04-04 05:09:36", "elapsed": 0.037697, "delta": 0.002539}}
{"target": -249.63782898784413, "params": {"gamma": 0.9843699914966679, "lr": 0.42110762500505217}, "datetime": {"datetime": "2024-04-04 05:09:36", "elapsed": 0.040283, "delta": 0.002586}}
{"target": -1980.4067174168122, "params": {"gamma": 9.578937411974868, "lr": 0.5331652849730171}, "datetime": {"datetime": "2024-04-04 05:09:36", "elapsed": 0.042915, "delta": 0.002632}}
{"target": -1450.4389352950643, "params": {"gamma": 6.919079262390784, "lr": 0.31551563100606295}, "datetime": {"datetime": "2024-04-04 05:09:36", "elapsed": 0.04544, "delta": 0.002525}}
{"target": -1685.9191098040142, "params": {"gamma": 6.865322775888155, "lr": 0.8346256718973729}, "datetime": {"datetime": "2024-04-04 05:09:36", "elapsed": 0.048058, "delta": 0.002618}}
{"target": -142.21913669142887, "params": {"gamma": 0.18386448516457388, "lr": 0.7501443149449675}, "datetime": {"datetime": "2024-04-04 05:09:36", "elapsed": 0.050699, "delta": 0.002641}}
{"target": -2182.881893765139, "params": {"gamma": 9.88862202797604, "lr": 0.7481656543798394}, "datetime": {"datetime": "2024-04-04 05:09:36", "elapsed": 0.053296, "delta": 0.002597}}
{"target": -690.7868664841839, "params": {"gamma": 2.8051594766519874, "lr": 0.7892793284514885}, "datetime": {"datetime": "2024-04-04 05:09:36", "elapsed": 0.055968, "delta": 0.002672}}
{"target": -243.50673269935203, "params": {"gamma": 1.0331568397698425, "lr": 0.44789352617590517}, "datetime": {"datetime": "2024-04-04 05:09:36", "elapsed": 0.058814, "delta": 0.002846}}
{"target": -1922.2883595475832, "params": {"gamma": 9.086046435427862, "lr": 0.2936141483736795}, "datetime": {"datetime": "2024-04-04 05:09:36", "elapsed": 0.061672, "delta": 0.002858}}
{"target": -1122.8977625287548, "params": {"gamma": 2.878465610524901, "lr": 0.13002857211827767}, "datetime": {"datetime": "2024-04-04 05:09:36", "elapsed": 0.064381, "delta": 0.002709}}
{"target": -142.72197763758228, "params": {"gamma": 0.19465021174510047, "lr": 0.678835532939891}, "datetime": {"datetime": "2024-04-04 05:09:36", "elapsed": 0.066991, "delta": 0.00261}}
{"target": -510.2329729124494, "params": {"gamma": 2.1170695318845905, "lr": 0.2655466593722262}, "datetime": {"datetime": "2024-04-04 05:09:36", "elapsed": 0.069539, "delta": 0.002548}}
{"target": -2265.7959976365114, "params": {"gamma": 4.916240019644103, "lr": 0.053362545117080384}, "datetime": {"datetime": "2024-04-04 05:09:36", "elapsed": 0.072241, "delta": 0.002702}}
{"target": -2244.652756392656, "params": {"gamma": 5.741601937314639, "lr": 0.14672857490581015}, "datetime": {"datetime": "2024-04-04 05:09:36", "elapsed": 0.074771, "delta": 0.00253}}
{"target": -1351.7491814138577, "params": {"gamma": 5.89346606349594, "lr": 0.6997583600209312}, "datetime": {"datetime": "2024-04-04 05:09:36", "elapsed": 0.077353, "delta": 0.002582}}
{"target": -256.7729692921032, "params": {"gamma": 1.0242419538494305, "lr": 0.4140559878195683}, "datetime": {"datetime": "2024-04-04 05:09:36", "elapsed": 0.079877, "delta": 0.002524}}
{"target": -1489.8374887355687, "params": {"gamma": 6.9443071771197245, "lr": 0.41417926952690265}, "datetime": {"datetime": "2024-04-04 05:09:36", "elapsed": 0.082432, "delta": 0.002555}}
{"target": -168.70016718186173, "params": {"gamma": 0.5004846360019255, "lr": 0.5358964059155116}, "datetime": {"datetime": "2024-04-04 05:09:36", "elapsed": 0.085034, "delta": 0.002602}}
{"target": -1376.637753062504, "params": {"gamma": 6.638282657552669, "lr": 0.5148891120583086}, "datetime": {"datetime": "2024-04-04 05:09:36", "elapsed": 0.087687, "delta": 0.002653}}
{"target": -1942.2057153606024, "params": {"gamma": 9.446002965152143, "lr": 0.5865550405019929}, "datetime": {"datetime": "2024-04-04 05:09:36", "elapsed": 0.090261, "delta": 0.002574}}
{"target": -3481.234200540697, "params": {"gamma": 9.034115750963547, "lr": 0.13747470414623753}, "datetime": {"datetime": "2024-04-04 05:09:36", "elapsed": 0.093042, "delta": 0.002781}}
{"target": -371.6202844020785, "params": {"gamma": 1.3936241961603346, "lr": 0.8073912887095238}, "datetime": {"datetime": "2024-04-04 05:09:36", "elapsed": 0.095882, "delta": 0.00284}}
{"target": -1559.9179567975923, "params": {"gamma": 3.9773706930183503, "lr": 0.16535419711693278}, "datetime": {"datetime": "2024-04-04 05:09:36", "elapsed": 0.098627, "delta": 0.002745}}
{"target": -1987.5109356649473, "params": {"gamma": 9.275158295379942, "lr": 0.34776585974550656}, "datetime": {"datetime": "2024-04-04 05:09:36", "elapsed": 0.101199, "delta": 0.002572}}
{"target": -1700.0355930714177, "params": {"gamma": 7.50837021925842, "lr": 0.7259979853504515}, "datetime": {"datetime": "2024-04-04 05:09:36", "elapsed": 0.103812, "delta": 0.002613}}
{"target": -1864.1058373056899, "params": {"gamma": 8.833177605966892, "lr": 0.6236722070556089}, "datetime": {"datetime": "2024-04-04 05:09:36", "elapsed": 0.106373, "delta": 0.002561}}
{"target": -1611.6397617540313, "params": {"gamma": 7.509673397839345, "lr": 0.34889834197784253}, "datetime": {"datetime": "2024-04-04 05:09:36", "elapsed": 0.10893, "delta": 0.002557}}
{"target": -687.5482311454357, "params": {"gamma": 2.7000089897584956, "lr": 0.8958862181960668}, "datetime": {"datetime": "2024-04-04 05:09:36", "elapsed": 0.111485, "delta": 0.002555}}
{"target": -1076.7306264115373, "params": {"gamma": 4.281483807523078, "lr": 0.9648400471483856}, "datetime": {"datetime": "2024-04-04 05:09:36", "elapsed": 0.114028, "delta": 0.002543}}
{"target": -1402.733503997438, "params": {"gamma": 6.634751536686663, "lr": 0.6216957202091218}, "datetime": {"datetime": "2024-04-04 05:09:36", "elapsed": 0.116584, "delta": 0.002556}}
{"target": -319.7468632842486, "params": {"gamma": 1.1483449835607984, "lr": 0.9494892587070712}, "datetime": {"datetime": "2024-04-04 05:09:36", "elapsed": 0.119138, "delta": 0.002554}}
{"target": -932.1920584765323, "params": {"gamma": 4.499671422665926, "lr": 0.5783896143871318}, "datetime": {"datetime": "2024-04-04 05:09:36", "elapsed": 0.121677, "delta": 0.002539}}
{"target": -1099.0819226576007, "params": {"gamma": 4.081959890810051, "lr": 0.2370269802430277}, "datetime": {"datetime": "2024-04-04 05:09:36", "elapsed": 0.124228, "delta": 0.002551}}
{"target": -1857.9529580218746, "params": {"gamma": 9.033891826101975, "lr": 0.5736794866722859}, "datetime": {"datetime": "2024-04-04 05:09:36", "elapsed": 0.127107, "delta": 0.002879}}
{"target": -142.60569014353672, "params": {"gamma": 0.029700399984558545, "lr": 0.6171449136207239}, "datetime": {"datetime": "2024-04-04 05:09:36", "elapsed": 0.129949, "delta": 0.002842}}
{"target": -687.8253007974525, "params": {"gamma": 3.2671223728191894, "lr": 0.5270581022576093}, "datetime": {"datetime": "2024-04-04 05:09:36", "elapsed": 0.13256, "delta": 0.002611}}
{"target": -1899.0113336937088, "params": {"gamma": 8.859535051008434, "lr": 0.35726976000249977}, "datetime": {"datetime": "2024-04-04 05:09:36", "elapsed": 0.13524, "delta": 0.00268}}
{"target": -1917.065720771251, "params": {"gamma": 9.085442974047073, "lr": 0.6233601157918027}, "datetime": {"datetime": "2024-04-04 05:09:36", "elapsed": 0.137805, "delta": 0.002565}}
{"target": -141.05287442238532, "params": {"gamma": 0.15919660722271628, "lr": 0.9294372337437613}, "datetime": {"datetime": "2024-04-04 05:09:36", "elapsed": 0.140459, "delta": 0.002654}}
{"target": -1723.4892452138768, "params": {"gamma": 6.9092782782517235, "lr": 0.9973228504514805}, "datetime": {"datetime": "2024-04-04 05:09:36", "elapsed": 0.143115, "delta": 0.002656}}
{"target": -685.6464696952065, "params": {"gamma": 1.7242327429449402, "lr": 0.13713574962887776}, "datetime": {"datetime": "2024-04-04 05:09:36", "elapsed": 0.145665, "delta": 0.00255}}
{"target": -2127.1490281848264, "params": {"gamma": 9.326022034908599, "lr": 0.6968181614899002}, "datetime": {"datetime": "2024-04-04 05:09:36", "elapsed": 0.148369, "delta": 0.002704}}
{"target": -208.6102865983483, "params": {"gamma": 0.6609357270479028, "lr": 0.7554630526024664}, "datetime": {"datetime": "2024-04-04 05:09:36", "elapsed": 0.151073, "delta": 0.002704}}
{"target": -1878.6439696739476, "params": {"gamma": 7.539008008424004, "lr": 0.9230245355464833}, "datetime": {"datetime": "2024-04-04 05:09:36", "elapsed": 0.153678, "delta": 0.002605}}
{"target": -3017.2671257564875, "params": {"gamma": 7.11553606152609, "lr": 0.1242709619721647}, "datetime": {"datetime": "2024-04-04 05:09:36", "elapsed": 0.156383, "delta": 0.002705}}
{"target": -184.3728840252401, "params": {"gamma": 0.1997814582641161, "lr": 0.026210986877719278}, "datetime": {"datetime": "2024-04-04 05:09:36", "elapsed": 0.159232, "delta": 0.002849}}
{"target": -166.61154420127497, "params": {"gamma": 0.2840365737199253, "lr": 0.2462110676030459}, "datetime": {"datetime": "2024-04-04 05:09:36", "elapsed": 0.16216, "delta": 0.002928}}
{"target": -1779.418878048256, "params": {"gamma": 8.600419458880197, "lr": 0.5388310643416528}, "datetime": {"datetime": "2024-04-04 05:09:36", "elapsed": 0.164963, "delta": 0.002803}}
{"target": -1362.7337222235712, "params": {"gamma": 5.5286669648789735, "lr": 0.8420308923596057}, "datetime": {"datetime": "2024-04-04 05:09:36", "elapsed": 0.167678, "delta": 0.002715}}
{"target": -318.3629589668394, "params": {"gamma": 1.2426089778839915, "lr": 0.2791836790111395}, "datetime": {"datetime": "2024-04-04 05:09:36", "elapsed": 0.170279, "delta": 0.002601}}
{"target": -1464.5595682237142, "params": {"gamma": 5.858006955311422, "lr": 0.9695957483196745}, "datetime": {"datetime": "2024-04-04 05:09:36", "elapsed": 0.172926, "delta": 0.002647}}
{"target": -2580.6508261764166, "params": {"gamma": 5.6107411623378445, "lr": 0.01864728937294302}, "datetime": {"datetime": "2024-04-04 05:09:36", "elapsed": 0.17561, "delta": 0.002684}}
{"target": -2138.3947244274163, "params": {"gamma": 8.006526094133482, "lr": 0.23297427384102043}, "datetime": {"datetime": "2024-04-04 05:09:36", "elapsed": 0.178337, "delta": 0.002727}}
{"target": -1643.088417731979, "params": {"gamma": 8.071244850992173, "lr": 0.38786064406417176}, "datetime": {"datetime": "2024-04-04 05:09:36", "elapsed": 0.181002, "delta": 0.002665}}
{"target": -1909.121915960209, "params": {"gamma": 8.635555003739727, "lr": 0.7471216427371846}, "datetime": {"datetime": "2024-04-04 05:09:36", "elapsed": 0.183793, "delta": 0.002791}}
{"target": -2150.189797707816, "params": {"gamma": 5.562846099670199, "lr": 0.13645522566068502}, "datetime": {"datetime": "2024-04-04 05:09:36", "elapsed": 0.186499, "delta": 0.002706}}
{"target": -299.9033285510001, "params": {"gamma": 0.6001169774326044, "lr": 0.12134345574073735}, "datetime": {"datetime": "2024-04-04 05:09:36", "elapsed": 0.189278, "delta": 0.002779}}
{"target": -255.6226642266706, "params": {"gamma": 0.4464742335690725, "lr": 0.1074941291060929}, "datetime": {"datetime": "2024-04-04 05:09:36", "elapsed": 0.192152, "delta": 0.002874}}
{"target": -532.3490889916116, "params": {"gamma": 2.2578676767399393, "lr": 0.7129889803826767}, "datetime": {"datetime": "2024-04-04 05:09:36", "elapsed": 0.195086, "delta": 0.002934}}
{"target": -2574.6972925638775, "params": {"gamma": 5.597610103559371, "lr": 0.012555980159115854}, "datetime": {"datetime": "2024-04-04 05:09:36", "elapsed": 0.197951, "delta": 0.002865}}
{"target": -226.2799540087148, "params": {"gamma": 0.7206708226151783, "lr": 0.967276330000272}, "datetime": {"datetime": "2024-04-04 05:09:36", "elapsed": 0.200715, "delta": 0.002764}}
{"target": -1741.1120979981886, "params": {"gamma": 5.6814365187375016, "lr": 0.20329323466099047}, "datetime": {"datetime": "2024-04-04 05:09:36", "elapsed": 0.203382, "delta": 0.002667}}
{"target": -577.9328235853133, "params": {"gamma": 2.5240051199586637, "lr": 0.7438258540750929}, "datetime": {"datetime": "2024-04-04 05:09:36", "elapsed": 0.20595, "delta": 0.002568}}
{"target": -420.85160796546944, "params": {"gamma": 1.9550993816120785, "lr": 0.5813589272732578}, "datetime": {"datetime": "2024-04-04 05:09:36", "elapsed": 0.208628, "delta": 0.002678}}
{"target": -2371.772015318578, "params": {"gamma": 9.700229870894034, "lr": 0.8468288014900353}, "datetime": {"datetime": "2024-04-04 05:09:36", "elapsed": 0.21131, "delta": 0.002682}}
{"target": -482.0651004609054, "params": {"gamma": 2.399237743716714, "lr": 0.49376971426872995}, "datetime": {"datetime": "2024-04-04 05:09:36", "elapsed": 0.213871, "delta": 0.002561}}
{"target": -1511.2644202291235, "params": {"gamma": 6.199937228095417, "lr": 0.8289808995501787}, "datetime": {"datetime": "2024-04-04 05:09:36", "elapsed": 0.216604, "delta": 0.002733}}
{"target": -752.8150675387329, "params": {"gamma": 1.5687571550661965, "lr": 0.018576202177409518}, "datetime": {"datetime": "2024-04-04 05:09:36", "elapsed": 0.219278, "delta": 0.002674}}
{"target": -189.87689702034038, "params": {"gamma": 0.7011514150485041, "lr": 0.4863451109370318}, "datetime": {"datetime": "2024-04-04 05:09:36", "elapsed": 0.221861, "delta": 0.002583}}
{"target": -1242.222316905171, "params": {"gamma": 6.063688287071651, "lr": 0.5688514370864813}, "datetime": {"datetime": "2024-04-04 05:09:36", "elapsed": 0.224574, "delta": 0.002713}}
{"target": -805.3074502312462, "params": {"gamma": 3.1743067308122854, "lr": 0.9886161544124489}, "datetime": {"datetime": "2024-04-04 05:09:36", "elapsed": 0.227453, "delta": 0.002879}}
{"target": -1184.3896073474714, "params": {"gamma": 5.797872447238724, "lr": 0.3801411726235504}, "datetime": {"datetime": "2024-04-04 05:09:36", "elapsed": 0.230378, "delta": 0.002925}}
{"target": -1226.5521132162514, "params": {"gamma": 5.509931242959851, "lr": 0.7453344309065021}, "datetime": {"datetime": "2024-04-04 05:09:36", "elapsed": 0.233035, "delta": 0.002657}}
{"target": -1563.9876858642508, "params": {"gamma": 6.6926597016383935, "lr": 0.2649195576628094}, "datetime": {"datetime": "2024-04-04 05:09:36", "elapsed": 0.235626, "delta": 0.002591}}
{"target": -192.96281246965057, "params": {"gamma": 0.6642820094499873, "lr": 0.3700841979141063}, "datetime": {"datetime": "2024-04-04 05:09:36", "elapsed": 0.238204, "delta": 0.002578}}
{"target": -1928.366575479826, "params": {"gamma": 6.297545352708624, "lr": 0.2101740099148396}, "datetime": {"datetime": "2024-04-04 05:09:36", "elapsed": 0.24076, "delta": 0.002556}}
{"target": -3449.936465717635, "params": {"gamma": 7.5278027818344, "lr": 0.06653648135411494}, "datetime": {"datetime": "2024-04-04 05:09:36", "elapsed": 0.243325, "delta": 0.002565}}
{"target": -656.9572248362317, "params": {"gamma": 2.603890670686831, "lr": 0.8047545637433454}, "datetime": {"datetime": "2024-04-04 05:09:36", "elapsed": 0.245903, "delta": 0.002578}}
{"target": -425.4391137406976, "params": {"gamma": 1.935149391950654, "lr": 0.6394608808799401}, "datetime": {"datetime": "2024-04-04 05:09:36", "elapsed": 0.248496, "delta": 0.002593}}
{"target": -1314.1967038239518, "params": {"gamma": 5.247178420928214, "lr": 0.9248079703993507}, "datetime": {"datetime": "2024-04-04 05:09:36", "elapsed": 0.251074, "delta": 0.002578}}
{"target": -1232.24398454385, "params": {"gamma": 2.633704408100623, "lr": 0.06596109068402378}, "datetime": {"datetime": "2024-04-04 05:09:36", "elapsed": 0.253633, "delta": 0.002559}}
{"target": -1764.804088694381, "params": {"gamma": 7.350924566923407, "lr": 0.7721780295432468}, "datetime": {"datetime": "2024-04-04 05:09:36", "elapsed": 0.256223, "delta": 0.00259}}
{"target": -2257.9682228337933, "params": {"gamma": 9.078250709182736, "lr": 0.9319720691968373}, "datetime": {"datetime": "2024-04-04 05:09:36", "elapsed": 0.258934, "delta": 0.002711}}
{"target": -152.19515104760308, "params": {"gamma": 0.14050177818299456, "lr": 0.2343620861214205}, "datetime": {"datetime": "2024-04-04 05:09:36", "elapsed": 0.26174, "delta": 0.002806}}
{"target": -1540.9373121407832, "params": {"gamma": 6.1681667916595755, "lr": 0.9490163206876164}, "datetime": {"datetime": "2024-04-04 05:09:36", "elapsed": 0.264594, "delta": 0.002854}}
{"target": -1939.4142230453317, "params": {"gamma": 9.50181101635155, "lr": 0.5566531881951564}, "datetime": {"datetime": "2024-04-04 05:09:36", "elapsed": 0.267186, "delta": 0.002592}}
{"target": -1923.4665026894922, "params": {"gamma": 9.15614789131298, "lr": 0.6415662089463375}, "datetime": {"datetime": "2024-04-04 05:09:36", "elapsed": 0.269767, "delta": 0.002581}}
{"target": -765.3325689391565, "params": {"gamma": 3.9006871336983213, "lr": 0.48599066709690975}, "datetime": {"datetime": "2024-04-04 05:09:36", "elapsed": 0.272371, "delta": 0.002604}}
{"target": -1245.5615076272297, "params": {"gamma": 6.043500518716813, "lr": 0.5495479215085626}, "datetime": {"datetime": "2024-04-04 05:09:36", "elapsed": 0.274987, "delta": 0.002616}}
{"target": -2303.2277088369033, "params": {"gamma": 9.26188808563783, "lr": 0.9187334356336061}, "datetime": {"datetime": "2024-04-04 05:09:36", "elapsed": 0.277619, "delta": 0.002632}}
{"target": -995.1804282201298, "params": {"gamma": 3.9493612536226252, "lr": 0.9632625284407118}, "datetime": {"datetime": "2024-04-04 05:09:36", "elapsed": 0.280214, "delta": 0.002595}}
{"target": -691.7035945709165, "params": {"gamma": 1.740382711137963, "lr": 0.12632951943963733}, "datetime": {"datetime": "2024-04-04 05:09:36", "elapsed": 0.282818, "delta": 0.002604}}
{"target": -309.19315685274023, "params": {"gamma": 1.3516565013092665, "lr": 0.5056621656768967}, "datetime": {"datetime": "2024-04-04 05:09:36", "elapsed": 0.285454, "delta": 0.002636}}
{"target": -144.65715899512875, "params": {"gamma": 0.2162265279367056, "lr": 0.947970211217681}, "datetime": {"datetime": "2024-04-04 05:09:36", "elapsed": 0.288053, "delta": 0.002599}}
{"target": -3787.111962934483, "params": {"gamma": 8.271327596236153, "lr": 0.015018980742122379}, "datetime": {"datetime": "2024-04-04 05:09:36", "elapsed": 0.290669, "delta": 0.002616}}
{"target": -393.38608444514733, "params": {"gamma": 1.7627863594949775, "lr": 0.332063574366837}, "datetime": {"datetime": "2024-04-04 05:09:36", "elapsed": 0.293495, "delta": 0.002826}}
{"target": -352.6567858431806, "params": {"gamma": 1.310837451264358, "lr": 0.8094906921265821}, "datetime": {"datetime": "2024-04-04 05:09:36", "elapsed": 0.296391, "delta": 0.002896}}
{"target": -872.2731620229611, "params": {"gamma": 3.4480217901802512, "lr": 0.9401074823333672}, "datetime": {"datetime": "2024-04-04 05:09:36", "elapsed": 0.299083, "delta": 0.002692}}
{"target": -1428.1044030682624, "params": {"gamma": 5.820559785290854, "lr": 0.8788319844118441}, "datetime": {"datetime": "2024-04-04 05:09:36", "elapsed": 0.301676, "delta": 0.002593}}
{"target": -2094.764236698657, "params": {"gamma": 8.447499719476827, "lr": 0.9053923187086492}, "datetime": {"datetime": "2024-04-04 05:09:36", "elapsed": 0.304276, "delta": 0.0026}}
{"target": -952.080603649593, "params": {"gamma": 4.599342777902254, "lr": 0.5463468160203733}, "datetime": {"datetime": "2024-04-04 05:09:36", "elapsed": 0.306894, "delta": 0.002618}}
{"target": -1691.9177875976625, "params": {"gamma": 7.986237307929242, "lr": 0.28571885173414757}, "datetime": {"datetime": "2024-04-04 05:09:36", "elapsed": 0.309497, "delta": 0.002603}}
