{"target": -99.15134993765479, "params": {"p_ai": 1.2347633484315714, "p_al": 1.4415183169370065, "p_ex": 9.445061208747392, "prior": 3.285851142158123, "rate": 8.02836642763795}, "datetime": {"datetime": "2024-04-01 15:43:18", "elapsed": 5422.975115, "delta": 20.023209}}
{"target": -92.14391561941025, "params": {"p_ai": 1.9567543978753874, "p_al": 0.001, "p_ex": 8.24323852690985, "prior": 9.073026104325734, "rate": 10.0}, "datetime": {"datetime": "2024-04-01 15:43:32", "elapsed": 5436.737714, "delta": 13.762599}}
{"target": -109.10648072597127, "params": {"p_ai": 5.254066481848104, "p_al": 10.0, "p_ex": 8.18186247379813, "prior": 1.2866415403635982, "rate": 7.493060653866439}, "datetime": {"datetime": "2024-04-01 15:43:55", "elapsed": 5459.583393, "delta": 22.845679}}
{"target": -99.76243536287251, "params": {"p_ai": 1.0811388023173631, "p_al": 0.005744795624492013, "p_ex": 8.274956696947468, "prior": 2.7073386913234563, "rate": 5.35824262446576}, "datetime": {"datetime": "2024-04-01 15:44:07", "elapsed": 5472.036989, "delta": 12.453596}}
{"target": -106.31719545381704, "params": {"p_ai": 0.7280201780706775, "p_al": 2.6782799967874937, "p_ex": 10.0, "prior": 6.314734635771597, "rate": 9.064463638734228}, "datetime": {"datetime": "2024-04-01 15:44:25", "elapsed": 5489.975222, "delta": 17.938233}}
{"target": -404.94248940966486, "params": {"p_ai": 0.001, "p_al": 5.04663010309505, "p_ex": 9.187190463375902, "prior": 0.006879704289230088, "rate": 9.95586334964859}, "datetime": {"datetime": "2024-04-01 15:44:37", "elapsed": 5501.271687, "delta": 11.296465}}
{"target": -90.18961502759372, "params": {"p_ai": 2.504566812261709, "p_al": 7.2002602874206305, "p_ex": 7.8950502302295895, "prior": 2.560553876347232, "rate": 9.8544391771661}, "datetime": {"datetime": "2024-04-01 15:44:48", "elapsed": 5512.55828, "delta": 11.286593}}
{"target": -105.01803072596499, "params": {"p_ai": 6.130531040434912, "p_al": 10.0, "p_ex": 10.0, "prior": 7.083708482386763, "rate": 6.537580859655801}, "datetime": {"datetime": "2024-04-01 15:44:58", "elapsed": 5522.970172, "delta": 10.411892}}
{"target": -96.70362157235932, "params": {"p_ai": 1.3923236856746057, "p_al": 6.363605000049216, "p_ex": 10.0, "prior": 9.372201679826885, "rate": 10.0}, "datetime": {"datetime": "2024-04-01 15:45:11", "elapsed": 5535.773681, "delta": 12.803509}}
{"target": -149.40001359262632, "params": {"p_ai": 8.23312480155076, "p_al": 0.001, "p_ex": 10.0, "prior": 10.0, "rate": 0.001}, "datetime": {"datetime": "2024-04-01 15:45:27", "elapsed": 5551.308793, "delta": 15.535112}}
{"target": -150.39258947801176, "params": {"p_ai": 0.001, "p_al": 0.001, "p_ex": 0.001, "prior": 10.0, "rate": 0.001}, "datetime": {"datetime": "2024-04-01 15:45:52", "elapsed": 5576.246701, "delta": 24.937908}}
{"target": -194.5865423196977, "params": {"p_ai": 10.0, "p_al": 10.0, "p_ex": 0.001, "prior": 10.0, "rate": 10.0}, "datetime": {"datetime": "2024-04-01 15:46:03", "elapsed": 5587.707902, "delta": 11.461201}}
{"target": -93.1731822399384, "params": {"p_ai": 1.516429536268751, "p_al": 5.4027292729507845, "p_ex": 9.203832922171395, "prior": 2.035734028313838, "rate": 7.809772726378218}, "datetime": {"datetime": "2024-04-01 15:46:15", "elapsed": 5599.82532, "delta": 12.117418}}
{"target": -110.00540219276024, "params": {"p_ai": 2.684419166078412, "p_al": 0.001, "p_ex": 10.0, "prior": 1.5676880074869535, "rate": 10.0}, "datetime": {"datetime": "2024-04-01 15:46:31", "elapsed": 5615.837738, "delta": 16.012418}}
{"target": -109.83380175632435, "params": {"p_ai": 0.001, "p_al": 10.0, "p_ex": 8.522200348930596, "prior": 3.345461892097402, "rate": 3.7356262380566703}, "datetime": {"datetime": "2024-04-01 15:46:42", "elapsed": 5626.762199, "delta": 10.924461}}
{"target": -118.5455755004796, "params": {"p_ai": 7.161019243236122, "p_al": 0.001, "p_ex": 10.0, "prior": 10.0, "rate": 10.0}, "datetime": {"datetime": "2024-04-01 15:47:00", "elapsed": 5645.113518, "delta": 18.351319}}
{"target": -91.69315722727507, "params": {"p_ai": 3.2914831061627208, "p_al": 2.938478181926051, "p_ex": 8.01211234931524, "prior": 2.686668630586058, "rate": 0.7980105318498637}, "datetime": {"datetime": "2024-04-01 15:47:19", "elapsed": 5663.773395, "delta": 18.659877}}
{"target": -96.03287531811797, "params": {"p_ai": 2.1855813802185597, "p_al": 0.3597580234454055, "p_ex": 8.447644004917823, "prior": 2.107218166590958, "rate": 6.5921676786371055}, "datetime": {"datetime": "2024-04-01 15:47:31", "elapsed": 5675.253129, "delta": 11.479734}}
{"target": -113.61807804531158, "params": {"p_ai": 6.479780595017049, "p_al": 10.0, "p_ex": 10.0, "prior": 7.008771486694494, "rate": 10.0}, "datetime": {"datetime": "2024-04-01 15:47:53", "elapsed": 5697.49479, "delta": 22.241661}}
{"target": -104.31623788870992, "params": {"p_ai": 2.904253751604542, "p_al": 2.4855813882525015, "p_ex": 9.86533755538361, "prior": 1.759389935917263, "rate": 9.469542358468871}, "datetime": {"datetime": "2024-04-01 15:48:06", "elapsed": 5710.399099, "delta": 12.904309}}
{"target": -96.51511823983977, "params": {"p_ai": 2.0524438135299166, "p_al": 2.5809449289004625, "p_ex": 7.258908533243245, "prior": 0.9222789805004651, "rate": 10.0}, "datetime": {"datetime": "2024-04-01 15:48:18", "elapsed": 5722.692258, "delta": 12.293159}}
{"target": -100.4857172501325, "params": {"p_ai": 6.085332270936911, "p_al": 5.596600372028358, "p_ex": 10.0, "prior": 7.849166745776111, "rate": 3.3529639031526046}, "datetime": {"datetime": "2024-04-01 15:48:38", "elapsed": 5742.792757, "delta": 20.100499}}
{"target": -85.32450270389513, "params": {"p_ai": 3.060034697858248, "p_al": 8.457456663488225, "p_ex": 9.029597728186424, "prior": 5.456700259147259, "rate": 5.916776774065775}, "datetime": {"datetime": "2024-04-01 15:49:01", "elapsed": 5765.189589, "delta": 22.396832}}
{"target": -87.15837740315851, "params": {"p_ai": 2.8175765977645875, "p_al": 4.45811705700111, "p_ex": 8.552435185697288, "prior": 9.820328244611842, "rate": 7.011384659238017}, "datetime": {"datetime": "2024-04-01 15:49:13", "elapsed": 5777.704142, "delta": 12.514553}}
{"target": -106.1150555324833, "params": {"p_ai": 6.687671987816453, "p_al": 2.7423588368992187, "p_ex": 10.0, "prior": 10.0, "rate": 4.4081407600699025}, "datetime": {"datetime": "2024-04-01 15:49:25", "elapsed": 5789.739274, "delta": 12.035132}}
{"target": -142.40027726093274, "params": {"p_ai": 0.001, "p_al": 0.001, "p_ex": 0.001, "prior": 0.001, "rate": 0.001}, "datetime": {"datetime": "2024-04-01 15:49:38", "elapsed": 5802.239096, "delta": 12.499822}}
{"target": -98.15879880602537, "params": {"p_ai": 5.355641559689775, "p_al": 2.6613165783073804, "p_ex": 10.0, "prior": 6.003647477659417, "rate": 4.755625308527481}, "datetime": {"datetime": "2024-04-01 15:49:56", "elapsed": 5820.727147, "delta": 18.488051}}
{"target": -89.03842176784828, "params": {"p_ai": 2.7173577934106543, "p_al": 0.001, "p_ex": 8.551388850683894, "prior": 10.0, "rate": 7.896351898351468}, "datetime": {"datetime": "2024-04-01 15:50:12", "elapsed": 5836.715443, "delta": 15.988296}}
{"target": -167.7482785161616, "params": {"p_ai": 10.0, "p_al": 0.001, "p_ex": 10.0, "prior": 5.487213075226064, "rate": 0.001}, "datetime": {"datetime": "2024-04-01 15:50:24", "elapsed": 5848.338031, "delta": 11.622588}}
{"target": -95.01477096466603, "params": {"p_ai": 2.013358299797906, "p_al": 10.0, "p_ex": 6.041346553998352, "prior": 5.04473571412884, "rate": 2.4513400870918365}, "datetime": {"datetime": "2024-04-01 15:50:36", "elapsed": 5860.183884, "delta": 11.845853}}
{"target": -91.1602407933405, "params": {"p_ai": 2.9435542971673514, "p_al": 4.203283467089977, "p_ex": 10.0, "prior": 5.010517765648385, "rate": 8.133516059621087}, "datetime": {"datetime": "2024-04-01 15:50:47", "elapsed": 5871.891218, "delta": 11.707334}}
{"target": -94.24261817212248, "params": {"p_ai": 2.23715395812476, "p_al": 5.262456518629449, "p_ex": 3.591598331426052, "prior": 4.632688106496909, "rate": 4.795401309665346}, "datetime": {"datetime": "2024-04-01 15:51:03", "elapsed": 5887.412125, "delta": 15.520907}}
{"target": -101.67989070015395, "params": {"p_ai": 0.8194297370861205, "p_al": 7.176750480447767, "p_ex": 5.450090157065179, "prior": 10.0, "rate": 10.0}, "datetime": {"datetime": "2024-04-01 15:51:17", "elapsed": 5901.482655, "delta": 14.07053}}
{"target": -88.91842978256011, "params": {"p_ai": 2.246097280340549, "p_al": 6.645164268328108, "p_ex": 10.0, "prior": 7.39765460698317, "rate": 8.267997421717611}, "datetime": {"datetime": "2024-04-01 15:51:29", "elapsed": 5913.183676, "delta": 11.701021}}
{"target": -138.12344858758416, "params": {"p_ai": 0.001, "p_al": 10.0, "p_ex": 0.001, "prior": 10.0, "rate": 2.851072923591182}, "datetime": {"datetime": "2024-04-01 15:51:47", "elapsed": 5931.509672, "delta": 18.325996}}
{"target": -95.43644475392544, "params": {"p_ai": 4.6116000569128675, "p_al": 5.8173203398118885, "p_ex": 7.361687438245009, "prior": 5.841694583561388, "rate": 2.141196289066597}, "datetime": {"datetime": "2024-04-01 15:51:59", "elapsed": 5943.852655, "delta": 12.342983}}
{"target": -887.1942767653967, "params": {"p_ai": 0.001, "p_al": 10.0, "p_ex": 0.001, "prior": 0.001, "rate": 0.001}, "datetime": {"datetime": "2024-04-01 15:52:12", "elapsed": 5956.414471, "delta": 12.561816}}
{"target": -119.08520286788263, "params": {"p_ai": 0.001, "p_al": 10.0, "p_ex": 4.097590842009099, "prior": 10.0, "rate": 10.0}, "datetime": {"datetime": "2024-04-01 15:52:24", "elapsed": 5968.838948, "delta": 12.424477}}
{"target": -614.3455061884907, "params": {"p_ai": 10.0, "p_al": 10.0, "p_ex": 0.001, "prior": 0.001, "rate": 10.0}, "datetime": {"datetime": "2024-04-01 15:52:46", "elapsed": 5991.015326, "delta": 22.176378}}
{"target": -123.0117654797321, "params": {"p_ai": 3.154137230172676, "p_al": 0.0494808350586049, "p_ex": 0.331016297894212, "prior": 6.0699018513231735, "rate": 9.750855181085644}, "datetime": {"datetime": "2024-04-01 15:53:03", "elapsed": 6008.030683, "delta": 17.015357}}
{"target": -189.7765736549238, "params": {"p_ai": 0.001, "p_al": 0.001, "p_ex": 5.4672253056472275, "prior": 10.0, "rate": 0.001}, "datetime": {"datetime": "2024-04-01 15:53:21", "elapsed": 6025.497512, "delta": 17.466829}}
{"target": -91.11562718950628, "params": {"p_ai": 2.218448340296659, "p_al": 5.158531487659066, "p_ex": 7.651996360790541, "prior": 2.40429462203429, "rate": 10.0}, "datetime": {"datetime": "2024-04-01 15:53:34", "elapsed": 6038.545483, "delta": 13.047971}}
{"target": -109.01097314966296, "params": {"p_ai": 1.2997240791631623, "p_al": 0.001, "p_ex": 7.484029828394069, "prior": 0.001, "rate": 2.9385895920873852}, "datetime": {"datetime": "2024-04-01 15:53:52", "elapsed": 6056.87248, "delta": 18.326997}}
{"target": -144.16643077833245, "params": {"p_ai": 0.001, "p_al": 7.262971287648021, "p_ex": 0.001, "prior": 10.0, "rate": 10.0}, "datetime": {"datetime": "2024-04-01 15:54:25", "elapsed": 6090.065339, "delta": 33.192859}}
{"target": -149.9566477813632, "params": {"p_ai": 10.0, "p_al": 0.001, "p_ex": 5.813829659703115, "prior": 0.001, "rate": 0.001}, "datetime": {"datetime": "2024-04-01 15:54:39", "elapsed": 6104.022464, "delta": 13.957125}}
{"target": -150.38150850747888, "params": {"p_ai": 0.001, "p_al": 0.001, "p_ex": 0.001, "prior": 10.0, "rate": 5.354224076596532}, "datetime": {"datetime": "2024-04-01 15:54:53", "elapsed": 6117.722269, "delta": 13.699805}}
{"target": -123.47335295331725, "params": {"p_ai": 3.440063594938526, "p_al": 6.692618510843583, "p_ex": 8.162948723070597, "prior": 10.0, "rate": 0.001}, "datetime": {"datetime": "2024-04-01 15:55:11", "elapsed": 6135.469836, "delta": 17.747567}}
{"target": -132.1641096953083, "params": {"p_ai": 0.001, "p_al": 4.014627054972849, "p_ex": 0.001, "prior": 4.853365347042289, "rate": 0.001}, "datetime": {"datetime": "2024-04-01 15:55:34", "elapsed": 6158.717683, "delta": 23.247847}}
{"target": -271.42617813371584, "params": {"p_ai": 5.779818504120316, "p_al": 5.544959081412883, "p_ex": 10.0, "prior": 0.001, "rate": 4.981831410333243}, "datetime": {"datetime": "2024-04-01 15:55:48", "elapsed": 6172.519059, "delta": 13.801376}}
{"target": -142.71072761296756, "params": {"p_ai": 10.0, "p_al": 10.0, "p_ex": 10.0, "prior": 5.465405943766596, "rate": 3.4036342769093824}, "datetime": {"datetime": "2024-04-01 15:56:13", "elapsed": 6197.152647, "delta": 24.633588}}
{"target": -102.8309217042018, "params": {"p_ai": 6.226059771385895, "p_al": 0.001, "p_ex": 10.0, "prior": 10.0, "rate": 4.98037505570931}, "datetime": {"datetime": "2024-04-01 15:56:32", "elapsed": 6216.929762, "delta": 19.777115}}
{"target": -122.59846511198621, "params": {"p_ai": 0.001, "p_al": 2.4145833385104174, "p_ex": 3.9688292806645173, "prior": 10.0, "rate": 10.0}, "datetime": {"datetime": "2024-04-01 15:56:51", "elapsed": 6235.80415, "delta": 18.874388}}
{"target": -163.98979500328693, "params": {"p_ai": 10.0, "p_al": 0.001, "p_ex": 4.721444188951168, "prior": 0.001, "rate": 10.0}, "datetime": {"datetime": "2024-04-01 15:57:04", "elapsed": 6248.393359, "delta": 12.589209}}
{"target": -108.81142266759524, "params": {"p_ai": 5.0417451472103965, "p_al": 0.001, "p_ex": 4.387592586326969, "prior": 10.0, "rate": 3.2824973431533966}, "datetime": {"datetime": "2024-04-01 15:57:17", "elapsed": 6261.679251, "delta": 13.285892}}
{"target": -145.3650500257927, "params": {"p_ai": 0.001, "p_al": 10.0, "p_ex": 3.879261502939784, "prior": 10.0, "rate": 0.001}, "datetime": {"datetime": "2024-04-01 15:57:31", "elapsed": 6275.456353, "delta": 13.777102}}
{"target": -171.93596255711645, "params": {"p_ai": 10.0, "p_al": 10.0, "p_ex": 10.0, "prior": 0.001, "rate": 5.114583696246641}, "datetime": {"datetime": "2024-04-01 15:57:48", "elapsed": 6292.433559, "delta": 16.977206}}
{"target": -132.7616314400583, "params": {"p_ai": 5.475522691482318, "p_al": 0.001, "p_ex": 6.488325647484087, "prior": 10.0, "rate": 0.001}, "datetime": {"datetime": "2024-04-01 15:58:01", "elapsed": 6305.943075, "delta": 13.509516}}
{"target": -148.41487298298927, "params": {"p_ai": 10.0, "p_al": 0.001, "p_ex": 10.0, "prior": 10.0, "rate": 10.0}, "datetime": {"datetime": "2024-04-01 15:58:14", "elapsed": 6318.480583, "delta": 12.537508}}
{"target": -129.26297729605992, "params": {"p_ai": 3.4795590051857923, "p_al": 0.001, "p_ex": 0.001, "prior": 4.498715186185033, "rate": 5.176934118228195}, "datetime": {"datetime": "2024-04-01 15:58:27", "elapsed": 6331.837606, "delta": 13.357023}}
{"target": -140.2111341289179, "params": {"p_ai": 4.67251589124556, "p_al": 10.0, "p_ex": 0.001, "prior": 10.0, "rate": 10.0}, "datetime": {"datetime": "2024-04-01 15:58:41", "elapsed": 6345.190334, "delta": 13.352728}}
{"target": -169.89447010509568, "params": {"p_ai": 10.0, "p_al": 4.268390446140213, "p_ex": 10.0, "prior": 10.0, "rate": 0.001}, "datetime": {"datetime": "2024-04-01 15:58:54", "elapsed": 6358.85787, "delta": 13.667536}}
{"target": -283.80843948616865, "params": {"p_ai": 5.3112939393668945, "p_al": 10.0, "p_ex": 10.0, "prior": 0.001, "rate": 10.0}, "datetime": {"datetime": "2024-04-01 15:59:08", "elapsed": 6373.001056, "delta": 14.143186}}
{"target": -122.50389013706874, "params": {"p_ai": 4.365048278278687, "p_al": 3.060090259267955, "p_ex": 5.940507437461549, "prior": 6.074810400763108, "rate": 0.09615060106080524}, "datetime": {"datetime": "2024-04-01 15:59:21", "elapsed": 6385.985805, "delta": 12.984749}}
{"target": -111.38533594817953, "params": {"p_ai": 6.116282995311751, "p_al": 9.853523028772141, "p_ex": 5.870588244560316, "prior": 1.6737113994750097, "rate": 6.022325977172393}, "datetime": {"datetime": "2024-04-01 15:59:36", "elapsed": 6400.42298, "delta": 14.437175}}
{"target": -121.59026316350806, "params": {"p_ai": 0.001, "p_al": 9.027517601255438, "p_ex": 6.2201016145742996, "prior": 10.0, "rate": 7.47266760071523}, "datetime": {"datetime": "2024-04-01 15:59:56", "elapsed": 6420.253853, "delta": 19.830873}}
{"target": -145.3850904389224, "params": {"p_ai": 6.3265502465263115, "p_al": 10.0, "p_ex": 10.0, "prior": 6.878492656590737, "rate": 0.001}, "datetime": {"datetime": "2024-04-01 16:00:19", "elapsed": 6444.091411, "delta": 23.837558}}
{"target": -128.77440632418134, "params": {"p_ai": 1.5759376454200624, "p_al": 10.0, "p_ex": 6.461393938873288, "prior": 7.027166450717843, "rate": 0.001}, "datetime": {"datetime": "2024-04-01 16:00:39", "elapsed": 6463.877673, "delta": 19.786262}}
{"target": -136.29602901571585, "params": {"p_ai": 4.531735677015799, "p_al": 0.001, "p_ex": 0.001, "prior": 10.0, "rate": 10.0}, "datetime": {"datetime": "2024-04-01 16:00:58", "elapsed": 6482.256996, "delta": 18.379323}}
{"target": -201.27071655003436, "params": {"p_ai": 0.001, "p_al": 0.001, "p_ex": 6.739165315527977, "prior": 2.037450731176534, "rate": 0.001}, "datetime": {"datetime": "2024-04-01 16:01:17", "elapsed": 6501.334061, "delta": 19.077065}}
{"target": -869.8445322257637, "params": {"p_ai": 0.001, "p_al": 10.0, "p_ex": 0.001, "prior": 0.001, "rate": 9.688813169721485}, "datetime": {"datetime": "2024-04-01 16:01:31", "elapsed": 6515.450792, "delta": 14.116731}}
{"target": -123.27853140854747, "params": {"p_ai": 0.2259217465152992, "p_al": 9.98659625102215, "p_ex": 1.3450069906448532, "prior": 4.177989012895918, "rate": 8.624382123345578}, "datetime": {"datetime": "2024-04-01 16:01:53", "elapsed": 6537.159628, "delta": 21.708836}}
{"target": -104.05332785962744, "params": {"p_ai": 2.2589188886740503, "p_al": 8.725740787196044, "p_ex": 1.5894073703216134, "prior": 2.8878539043949836, "rate": 9.872900821137247}, "datetime": {"datetime": "2024-04-01 16:02:07", "elapsed": 6551.256764, "delta": 14.097136}}
{"target": -152.88771422090008, "params": {"p_ai": 6.1764433151542075, "p_al": 0.001, "p_ex": 10.0, "prior": 0.001, "rate": 10.0}, "datetime": {"datetime": "2024-04-01 16:02:20", "elapsed": 6564.347476, "delta": 13.090712}}
{"target": -101.23051778828912, "params": {"p_ai": 0.523075051508233, "p_al": 9.294091723544732, "p_ex": 3.003982884835604, "prior": 1.3463048657000152, "rate": 6.8053226720519975}, "datetime": {"datetime": "2024-04-01 16:02:34", "elapsed": 6578.698034, "delta": 14.350558}}
{"target": -127.35065663228241, "params": {"p_ai": 2.439021699055924, "p_al": 10.0, "p_ex": 0.001, "prior": 10.0, "rate": 0.001}, "datetime": {"datetime": "2024-04-01 16:02:48", "elapsed": 6592.574282, "delta": 13.876248}}
{"target": -111.43170079177064, "params": {"p_ai": 5.572245655896044, "p_al": 7.8326418934987405, "p_ex": 3.777425755415482, "prior": 10.0, "rate": 10.0}, "datetime": {"datetime": "2024-04-01 16:03:03", "elapsed": 6607.55096, "delta": 14.976678}}
{"target": -127.77598925308591, "params": {"p_ai": 3.0960011449056624, "p_al": 4.41481693686687, "p_ex": 0.001, "prior": 10.0, "rate": 0.001}, "datetime": {"datetime": "2024-04-01 16:03:17", "elapsed": 6621.433183, "delta": 13.882223}}
{"target": -141.56783639710176, "params": {"p_ai": 10.0, "p_al": 10.0, "p_ex": 10.0, "prior": 10.0, "rate": 5.55077082566005}, "datetime": {"datetime": "2024-04-01 16:03:44", "elapsed": 6649.100703, "delta": 27.66752}}
{"target": -129.61598688678325, "params": {"p_ai": 0.001, "p_al": 10.0, "p_ex": 10.0, "prior": 10.0, "rate": 7.061330879191462}, "datetime": {"datetime": "2024-04-01 16:04:05", "elapsed": 6669.998241, "delta": 20.897538}}
{"target": -199.13293507196184, "params": {"p_ai": 0.001, "p_al": 2.779067362414653, "p_ex": 10.0, "prior": 3.7821179900759843, "rate": 0.001}, "datetime": {"datetime": "2024-04-01 16:04:24", "elapsed": 6688.709056, "delta": 18.710815}}
{"target": -161.01310673228988, "params": {"p_ai": 0.001, "p_al": 0.001, "p_ex": 1.7715160762423452, "prior": 3.650607636190481, "rate": 0.001}, "datetime": {"datetime": "2024-04-01 16:04:38", "elapsed": 6702.638928, "delta": 13.929872}}
{"target": -108.88687687690341, "params": {"p_ai": 5.947809497570509, "p_al": 0.001, "p_ex": 5.755007264634426, "prior": 7.591864207970311, "rate": 6.8263094077270825}, "datetime": {"datetime": "2024-04-01 16:05:15", "elapsed": 6740.009367, "delta": 37.370439}}
{"target": -122.4087978610425, "params": {"p_ai": 0.001, "p_al": 0.001, "p_ex": 6.287756741628827, "prior": 10.0, "rate": 10.0}, "datetime": {"datetime": "2024-04-01 16:05:29", "elapsed": 6753.455511, "delta": 13.446144}}
{"target": -150.37607646989312, "params": {"p_ai": 0.001, "p_al": 0.001, "p_ex": 0.001, "prior": 6.319897864481531, "rate": 10.0}, "datetime": {"datetime": "2024-04-01 16:05:43", "elapsed": 6767.938356, "delta": 14.482845}}
{"target": -118.337537618171, "params": {"p_ai": 0.001, "p_al": 10.0, "p_ex": 4.151892255712419, "prior": 3.919899078767401, "rate": 2.93253370018314}, "datetime": {"datetime": "2024-04-01 16:05:59", "elapsed": 6783.29722, "delta": 15.358864}}
{"target": -141.34847872693888, "params": {"p_ai": 0.001, "p_al": 7.253780259131475, "p_ex": 0.001, "prior": 8.039052754409566, "rate": 4.746598853307406}, "datetime": {"datetime": "2024-04-01 16:06:26", "elapsed": 6810.304593, "delta": 27.007373}}
{"target": -110.83332622374128, "params": {"p_ai": 0.001, "p_al": 6.930757707641516, "p_ex": 10.0, "prior": 2.884801987651808, "rate": 4.167442341416179}, "datetime": {"datetime": "2024-04-01 16:06:45", "elapsed": 6829.546467, "delta": 19.241874}}
{"target": -113.18257374505865, "params": {"p_ai": 6.827518466976273, "p_al": 0.001, "p_ex": 8.645534956709621, "prior": 0.001, "rate": 0.001}, "datetime": {"datetime": "2024-04-01 16:07:15", "elapsed": 6859.149595, "delta": 29.603128}}
{"target": -114.31590105018957, "params": {"p_ai": 6.831957436176343, "p_al": 4.102246850897174, "p_ex": 10.0, "prior": 10.0, "rate": 10.0}, "datetime": {"datetime": "2024-04-01 16:07:29", "elapsed": 6873.937692, "delta": 14.788097}}
{"target": -112.29838806888469, "params": {"p_ai": 0.001, "p_al": 10.0, "p_ex": 2.957142819597549, "prior": 3.273058602852209, "rate": 10.0}, "datetime": {"datetime": "2024-04-01 16:07:57", "elapsed": 6901.281813, "delta": 27.344121}}
