{"target": -135.16106708030898, "params": {"gamma": 0.3408667103467397, "prior": 0.7391491018787619, "rate": 4.933935739534596}, "datetime": {"datetime": "2024-04-12 22:05:01", "elapsed": 7298.116194, "delta": 18.871162}}
{"target": -135.19505105480104, "params": {"gamma": 0.3074214700737554, "prior": 0.32911752222694657, "rate": 4.744133121074439}, "datetime": {"datetime": "2024-04-12 22:05:24", "elapsed": 7321.402016, "delta": 23.285822}}
{"target": -135.12189998833844, "params": {"gamma": 0.3249587937925444, "prior": 0.836652222103304, "rate": 6.651872361594427}, "datetime": {"datetime": "2024-04-12 22:05:42", "elapsed": 7339.610883, "delta": 18.208867}}
{"target": -135.14388099044828, "params": {"gamma": 0.33257689413206626, "prior": 0.9357980756254183, "rate": 8.547681538834096}, "datetime": {"datetime": "2024-04-12 22:05:54", "elapsed": 7350.934174, "delta": 11.323291}}
{"target": -135.29035403282916, "params": {"gamma": 0.3598014403271673, "prior": 0.8773673016974878, "rate": 4.615827532173828}, "datetime": {"datetime": "2024-04-12 22:06:06", "elapsed": 7363.485907, "delta": 12.551733}}
{"target": -135.13400890829496, "params": {"gamma": 0.3250124005930416, "prior": 0.9983473798056178, "rate": 9.741954078451618}, "datetime": {"datetime": "2024-04-12 22:06:21", "elapsed": 7378.559431, "delta": 15.073524}}
{"target": -135.14262164982605, "params": {"gamma": 0.3359943997432446, "prior": 0.8679456732589699, "rate": 6.373493324071588}, "datetime": {"datetime": "2024-04-12 22:06:34", "elapsed": 7391.373451, "delta": 12.81402}}
{"target": -135.20264666572984, "params": {"gamma": 0.315881999509337, "prior": 0.5822643606916592, "rate": 8.204555824761506}, "datetime": {"datetime": "2024-04-12 22:06:54", "elapsed": 7411.091059, "delta": 19.717608}}
{"target": -135.17858504204636, "params": {"gamma": 0.34587075362137537, "prior": 1.5200494987717454, "rate": 10.0}, "datetime": {"datetime": "2024-04-12 22:07:07", "elapsed": 7424.165513, "delta": 13.074454}}
{"target": -135.11756831059085, "params": {"gamma": 0.31942338519325525, "prior": 0.38390235026071395, "rate": 3.4711582980982327}, "datetime": {"datetime": "2024-04-12 22:07:25", "elapsed": 7441.940546, "delta": 17.775033}}
{"target": -135.1241674673347, "params": {"gamma": 0.31943086467870896, "prior": 0.7500531571135024, "rate": 5.564937573588678}, "datetime": {"datetime": "2024-04-12 22:07:48", "elapsed": 7465.209787, "delta": 23.269241}}
{"target": -135.13315101009098, "params": {"gamma": 0.31599184620781917, "prior": 0.7730486217197257, "rate": 8.220303493713613}, "datetime": {"datetime": "2024-04-12 22:08:13", "elapsed": 7490.573523, "delta": 25.363736}}
{"target": -135.14818409799813, "params": {"gamma": 0.3142492286081245, "prior": 1.2308285039753746, "rate": 8.223603575383681}, "datetime": {"datetime": "2024-04-12 22:08:39", "elapsed": 7516.517045, "delta": 25.943522}}
{"target": -135.22677886080612, "params": {"gamma": 0.3294125395653512, "prior": 0.501471798012089, "rate": 6.601412044784384}, "datetime": {"datetime": "2024-04-12 22:09:09", "elapsed": 7546.364903, "delta": 29.847858}}
{"target": -135.1266314445008, "params": {"gamma": 0.32435809013500216, "prior": 0.9369742474263744, "rate": 8.76295701421536}, "datetime": {"datetime": "2024-04-12 22:09:26", "elapsed": 7563.110092, "delta": 16.745189}}
{"target": -135.25427226202694, "params": {"gamma": 0.3588324337207543, "prior": 1.4532809899297026, "rate": 8.515369433504135}, "datetime": {"datetime": "2024-04-12 22:09:35", "elapsed": 7572.409013, "delta": 9.298921}}
{"target": -135.11819311807955, "params": {"gamma": 0.3141774305713086, "prior": 0.6477103411431642, "rate": 6.146689601584088}, "datetime": {"datetime": "2024-04-12 22:09:54", "elapsed": 7591.489287, "delta": 19.080274}}
{"target": -135.15795696532587, "params": {"gamma": 0.3347867488045186, "prior": 0.9050912472120531, "rate": 5.803163961708377}, "datetime": {"datetime": "2024-04-12 22:10:11", "elapsed": 7608.564809, "delta": 17.075522}}
{"target": -135.16347041447014, "params": {"gamma": 0.29095983558422034, "prior": 0.5419862769305022, "rate": 5.720811118941342}, "datetime": {"datetime": "2024-04-12 22:10:29", "elapsed": 7625.84064, "delta": 17.275831}}
