{"target": -121.268731536831, "params": {"gamma": 1.199635790181682, "lr": 0.5265697977034689}, "datetime": {"datetime": "2024-03-30 20:22:39", "elapsed": 7397.543733, "delta": 16.598232}}
{"target": -430.310603407203, "params": {"gamma": 4.224212812576857, "lr": 0.4416579935149222}, "datetime": {"datetime": "2024-03-30 20:22:53", "elapsed": 7411.035931, "delta": 13.492198}}
{"target": -384.46056395516837, "params": {"gamma": 4.07233071937085, "lr": 0.6341621705653919}, "datetime": {"datetime": "2024-03-30 20:23:17", "elapsed": 7435.261365, "delta": 24.225434}}
{"target": -583.5789174780074, "params": {"gamma": 3.653300034092967, "lr": 0.21329754943853196}, "datetime": {"datetime": "2024-03-30 20:23:23", "elapsed": 7441.703503, "delta": 6.442138}}
{"target": -110.7047543706952, "params": {"gamma": 0.4297357300407109, "lr": 0.2759980525409127}, "datetime": {"datetime": "2024-03-30 20:23:36", "elapsed": 7454.816754, "delta": 13.113251}}
{"target": -147.17654323283784, "params": {"gamma": 0.21584406825029237, "lr": 0.10837556074800579}, "datetime": {"datetime": "2024-03-30 20:23:49", "elapsed": 7467.615881, "delta": 12.799127}}
{"target": -126.28501502094787, "params": {"gamma": 0.6931257123971686, "lr": 0.27354385708483453}, "datetime": {"datetime": "2024-03-30 20:24:04", "elapsed": 7482.842894, "delta": 15.227013}}
{"target": -410.8960107171026, "params": {"gamma": 4.364416552884835, "lr": 0.621534238004979}, "datetime": {"datetime": "2024-03-30 20:24:26", "elapsed": 7504.529776, "delta": 21.686882}}
{"target": -250.06793629594227, "params": {"gamma": 2.620336292538277, "lr": 0.6346605367302882}, "datetime": {"datetime": "2024-03-30 20:24:45", "elapsed": 7523.721475, "delta": 19.191699}}
{"target": -130.6595195367749, "params": {"gamma": 0.04129221899836602, "lr": 0.6658914186332477}, "datetime": {"datetime": "2024-03-30 20:25:00", "elapsed": 7538.439938, "delta": 14.718463}}
{"target": -131.95198307129093, "params": {"gamma": 0.1120321460033825, "lr": 0.19605935592877877}, "datetime": {"datetime": "2024-03-30 20:25:15", "elapsed": 7553.434109, "delta": 14.994171}}
{"target": -328.4153464613848, "params": {"gamma": 3.2433890514813495, "lr": 0.4600489347460781}, "datetime": {"datetime": "2024-03-30 20:25:31", "elapsed": 7569.123153, "delta": 15.689044}}
{"target": -105.63513431329426, "params": {"gamma": 1.0196054130443066, "lr": 0.7603775668722225}, "datetime": {"datetime": "2024-03-30 20:25:50", "elapsed": 7588.462974, "delta": 19.339821}}
{"target": -671.9029465708438, "params": {"gamma": 7.051313295381794, "lr": 0.7302029739795443}, "datetime": {"datetime": "2024-03-30 20:25:57", "elapsed": 7594.994169, "delta": 6.531195}}
{"target": -450.6794640641833, "params": {"gamma": 4.745225338647385, "lr": 0.8956000793209566}, "datetime": {"datetime": "2024-03-30 20:26:12", "elapsed": 7610.89505, "delta": 15.900881}}
{"target": -123.38125510792977, "params": {"gamma": 0.060879420537469524, "lr": 0.9365230688927486}, "datetime": {"datetime": "2024-03-30 20:26:19", "elapsed": 7617.672141, "delta": 6.777091}}
{"target": -397.84332582176427, "params": {"gamma": 4.3169756084572795, "lr": 1.0}, "datetime": {"datetime": "2024-03-30 20:26:30", "elapsed": 7628.473706, "delta": 10.801565}}
{"target": -164.29715907078756, "params": {"gamma": 1.6434264459377055, "lr": 0.8865043372123438}, "datetime": {"datetime": "2024-03-30 20:26:42", "elapsed": 7640.538536, "delta": 12.06483}}
{"target": -105.21894848985501, "params": {"gamma": 1.0027269075122067, "lr": 0.547655998828293}, "datetime": {"datetime": "2024-03-30 20:26:56", "elapsed": 7654.897939, "delta": 14.359403}}
{"target": -237.04411006469337, "params": {"gamma": 2.4737796615269025, "lr": 0.955911862308692}, "datetime": {"datetime": "2024-03-30 20:27:07", "elapsed": 7665.590822, "delta": 10.692883}}
{"target": -221.80136970757343, "params": {"gamma": 1.9731205802031049, "lr": 0.3701568891186032}, "datetime": {"datetime": "2024-03-30 20:27:22", "elapsed": 7680.814407, "delta": 15.223585}}
{"target": -808.1569507205378, "params": {"gamma": 8.397034782333924, "lr": 0.6680350273335731}, "datetime": {"datetime": "2024-03-30 20:27:29", "elapsed": 7687.466066, "delta": 6.651659}}
{"target": -283.3856745493488, "params": {"gamma": 2.945354583579341, "lr": 0.8387790432172357}, "datetime": {"datetime": "2024-03-30 20:27:51", "elapsed": 7709.546546, "delta": 22.08048}}
{"target": -190.93537374708083, "params": {"gamma": 0.4312613181155626, "lr": 0.030200795764412147}, "datetime": {"datetime": "2024-03-30 20:28:10", "elapsed": 7728.279443, "delta": 18.732897}}
{"target": -102.25245825165256, "params": {"gamma": 0.7772245548040824, "lr": 0.4005651728407443}, "datetime": {"datetime": "2024-03-30 20:28:23", "elapsed": 7741.708853, "delta": 13.42941}}
{"target": -640.071229313071, "params": {"gamma": 6.837179459948629, "lr": 0.9996168050266461}, "datetime": {"datetime": "2024-03-30 20:28:35", "elapsed": 7753.160139, "delta": 11.451286}}
{"target": -203.8927999731898, "params": {"gamma": 1.0846274009535741, "lr": 0.21474480143388075}, "datetime": {"datetime": "2024-03-30 20:28:52", "elapsed": 7770.046255, "delta": 16.886116}}
{"target": -97.54507673275215, "params": {"gamma": 0.2791042997303406, "lr": 0.4761150648004766}, "datetime": {"datetime": "2024-03-30 20:29:13", "elapsed": 7791.289885, "delta": 21.24363}}
{"target": -143.82565218083144, "params": {"gamma": 0.001, "lr": 0.6477114807790794}, "datetime": {"datetime": "2024-03-30 20:29:39", "elapsed": 7817.785308, "delta": 26.495423}}
{"target": -486.4980919992248, "params": {"gamma": 4.4237566314891765, "lr": 0.379026958797699}, "datetime": {"datetime": "2024-03-30 20:29:55", "elapsed": 7833.587257, "delta": 15.801949}}
{"target": -74.4802740189376, "params": {"gamma": 0.4816423463149095, "lr": 0.9969977638607191}, "datetime": {"datetime": "2024-03-30 20:30:02", "elapsed": 7840.571613, "delta": 6.984356}}
{"target": -90.5249677823958, "params": {"gamma": 0.8167555418096253, "lr": 0.9532563833598899}, "datetime": {"datetime": "2024-03-30 20:30:17", "elapsed": 7855.552005, "delta": 14.980392}}
{"target": -91.61073351217165, "params": {"gamma": 0.4869368582773359, "lr": 0.4054989358889558}, "datetime": {"datetime": "2024-03-30 20:30:32", "elapsed": 7870.385808, "delta": 14.833803}}
{"target": -350.6645519300494, "params": {"gamma": 3.7066859344522114, "lr": 0.9996433148736604}, "datetime": {"datetime": "2024-03-30 20:30:56", "elapsed": 7894.670504, "delta": 24.284696}}
{"target": -155.10383317741108, "params": {"gamma": 1.441358181370345, "lr": 0.436852544968216}, "datetime": {"datetime": "2024-03-30 20:31:18", "elapsed": 7916.441853, "delta": 21.771349}}
{"target": -409.7195736714079, "params": {"gamma": 1.1239398515362784, "lr": 0.04004327473948144}, "datetime": {"datetime": "2024-03-30 20:31:29", "elapsed": 7927.402229, "delta": 10.960376}}
{"target": -448.1958677651894, "params": {"gamma": 4.777099452637244, "lr": 0.796044315396098}, "datetime": {"datetime": "2024-03-30 20:31:44", "elapsed": 7942.909097, "delta": 15.506868}}
{"target": -141.7470645047842, "params": {"gamma": 1.4279507222656438, "lr": 0.9605321828187694}, "datetime": {"datetime": "2024-03-30 20:32:03", "elapsed": 7961.507878, "delta": 18.598781}}
{"target": -98.91137375482752, "params": {"gamma": 0.9212451427736469, "lr": 0.7472669450754921}, "datetime": {"datetime": "2024-03-30 20:32:16", "elapsed": 7974.204266, "delta": 12.696388}}
{"target": -367.6759973946046, "params": {"gamma": 3.8914457912663405, "lr": 0.627337314740735}, "datetime": {"datetime": "2024-03-30 20:32:26", "elapsed": 7984.437688, "delta": 10.233422}}
{"target": -165.36991538840513, "params": {"gamma": 1.6700546594427959, "lr": 0.7438917671517666}, "datetime": {"datetime": "2024-03-30 20:33:07", "elapsed": 8025.204611, "delta": 40.766923}}
{"target": -486.24477862091476, "params": {"gamma": 5.168137961992274, "lr": 0.6642809907130701}, "datetime": {"datetime": "2024-03-30 20:33:14", "elapsed": 8031.993556, "delta": 6.788945}}
{"target": -221.0533686179111, "params": {"gamma": 2.2996259021585175, "lr": 0.9294065449426622}, "datetime": {"datetime": "2024-03-30 20:33:28", "elapsed": 8046.372797, "delta": 14.379241}}
{"target": -457.8634643315979, "params": {"gamma": 1.2623321339968172, "lr": 0.04128770547640015}, "datetime": {"datetime": "2024-03-30 20:33:46", "elapsed": 8064.007702, "delta": 17.634905}}
{"target": -655.5700279184916, "params": {"gamma": 6.5208359078694285, "lr": 0.46632341710009273}, "datetime": {"datetime": "2024-03-30 20:33:53", "elapsed": 8071.030553, "delta": 7.022851}}
{"target": -142.87591997320825, "params": {"gamma": 1.4056432517808195, "lr": 0.6818764258430042}, "datetime": {"datetime": "2024-03-30 20:34:11", "elapsed": 8089.770736, "delta": 18.740183}}
{"target": -389.68180431187517, "params": {"gamma": 4.143013458361553, "lr": 0.5350222418014875}, "datetime": {"datetime": "2024-03-30 20:34:18", "elapsed": 8096.70365, "delta": 6.932914}}
{"target": -138.68144979578526, "params": {"gamma": 0.8383932014801148, "lr": 0.270690304370244}, "datetime": {"datetime": "2024-03-30 20:34:42", "elapsed": 8120.925855, "delta": 24.222205}}
{"target": -193.29574167806678, "params": {"gamma": 2.0188001088784553, "lr": 0.5803213967774744}, "datetime": {"datetime": "2024-03-30 20:34:55", "elapsed": 8133.743158, "delta": 12.817303}}
{"target": -130.6088932548364, "params": {"gamma": 1.3117049494240367, "lr": 0.7520310383879554}, "datetime": {"datetime": "2024-03-30 20:35:07", "elapsed": 8145.866071, "delta": 12.122913}}
{"target": -265.33843931031595, "params": {"gamma": 2.781363483446895, "lr": 0.8209949407159705}, "datetime": {"datetime": "2024-03-30 20:35:14", "elapsed": 8152.85585, "delta": 6.989779}}
{"target": -358.28015328900665, "params": {"gamma": 3.508777724132928, "lr": 0.4188595091035512}, "datetime": {"datetime": "2024-03-30 20:35:45", "elapsed": 8183.614079, "delta": 30.758229}}
{"target": -529.537349379715, "params": {"gamma": 4.8190727373868185, "lr": 0.3612671782754753}, "datetime": {"datetime": "2024-03-30 20:35:58", "elapsed": 8196.356396, "delta": 12.742317}}
{"target": -192.1109019018475, "params": {"gamma": 1.9835862871711583, "lr": 0.9264542826364147}, "datetime": {"datetime": "2024-03-30 20:36:16", "elapsed": 8214.497841, "delta": 18.141445}}
{"target": -98.4625265073402, "params": {"gamma": 0.9100887961655303, "lr": 0.834262539230586}, "datetime": {"datetime": "2024-03-30 20:36:36", "elapsed": 8234.625284, "delta": 20.127443}}
{"target": -143.90451605605568, "params": {"gamma": 0.001, "lr": 0.43508850441194874}, "datetime": {"datetime": "2024-03-30 20:36:46", "elapsed": 8244.391465, "delta": 9.766181}}
{"target": -187.98498934676536, "params": {"gamma": 1.7917857725146866, "lr": 0.4401698827000309}, "datetime": {"datetime": "2024-03-30 20:37:01", "elapsed": 8259.554025, "delta": 15.16256}}
{"target": -131.95232187131245, "params": {"gamma": 1.317858821920792, "lr": 0.9255113490705044}, "datetime": {"datetime": "2024-03-30 20:37:08", "elapsed": 8266.516522, "delta": 6.962497}}
{"target": -144.73865135562613, "params": {"gamma": 0.6116751292789093, "lr": 0.2135309774072801}, "datetime": {"datetime": "2024-03-30 20:37:25", "elapsed": 8283.201841, "delta": 16.685319}}
{"target": -106.49711231306313, "params": {"gamma": 0.9989720786582195, "lr": 0.7057432133380273}, "datetime": {"datetime": "2024-03-30 20:37:50", "elapsed": 8308.525381, "delta": 25.32354}}
{"target": -121.72280896247281, "params": {"gamma": 0.25929107542603363, "lr": 0.20164901655973227}, "datetime": {"datetime": "2024-03-30 20:38:08", "elapsed": 8326.267663, "delta": 17.742282}}
{"target": -1964.8165943433967, "params": {"gamma": 9.145740443175212, "lr": 0.19312680036520047}, "datetime": {"datetime": "2024-03-30 20:38:15", "elapsed": 8333.237833, "delta": 6.97017}}
{"target": -96.67527055087965, "params": {"gamma": 0.8821001142378504, "lr": 0.6444613689465194}, "datetime": {"datetime": "2024-03-30 20:38:29", "elapsed": 8347.427217, "delta": 14.189384}}
{"target": -109.3747228998002, "params": {"gamma": 0.3821279292219946, "lr": 0.28718458156424975}, "datetime": {"datetime": "2024-03-30 20:38:48", "elapsed": 8366.786996, "delta": 19.359779}}
{"target": -88.59127535028944, "params": {"gamma": 0.7876928312707011, "lr": 0.8210334287520679}, "datetime": {"datetime": "2024-03-30 20:39:13", "elapsed": 8390.991546, "delta": 24.20455}}
{"target": -250.86495589942666, "params": {"gamma": 2.2470791874339406, "lr": 0.3972751746559865}, "datetime": {"datetime": "2024-03-30 20:39:28", "elapsed": 8406.375843, "delta": 15.384297}}
{"target": -174.412959406329, "params": {"gamma": 1.6653162030141087, "lr": 0.4649626526928361}, "datetime": {"datetime": "2024-03-30 20:39:46", "elapsed": 8424.544108, "delta": 18.168265}}
{"target": -205.6506893243748, "params": {"gamma": 2.131595750090219, "lr": 0.9987890512895873}, "datetime": {"datetime": "2024-03-30 20:40:08", "elapsed": 8446.03443, "delta": 21.490322}}
{"target": -140.18972355270463, "params": {"gamma": 0.11420125851186991, "lr": 0.1003193046574502}, "datetime": {"datetime": "2024-03-30 20:40:33", "elapsed": 8471.524997, "delta": 25.490567}}
{"target": -103.17019744362902, "params": {"gamma": 0.9739925495757693, "lr": 0.8943637828803294}, "datetime": {"datetime": "2024-03-30 20:40:53", "elapsed": 8491.684815, "delta": 20.159818}}
{"target": -352.72808156430625, "params": {"gamma": 3.1927081154424255, "lr": 0.35389503086357893}, "datetime": {"datetime": "2024-03-30 20:41:06", "elapsed": 8504.267094, "delta": 12.582279}}
{"target": -79.76559590416207, "params": {"gamma": 0.6438463987130798, "lr": 0.956449031944423}, "datetime": {"datetime": "2024-03-30 20:41:13", "elapsed": 8511.311775, "delta": 7.044681}}
{"target": -144.17461355646887, "params": {"gamma": 1.6586079460821523, "lr": 0.0}, "datetime": {"datetime": "2024-03-30 20:41:29", "elapsed": 8527.096474, "delta": 15.784699}}
{"target": -172.5106224801411, "params": {"gamma": 1.7827889480884447, "lr": 0.545075995442483}, "datetime": {"datetime": "2024-03-30 20:41:40", "elapsed": 8538.583693, "delta": 11.487219}}
{"target": -75.01466337667227, "params": {"gamma": 0.5156186003127274, "lr": 0.9301820772812448}, "datetime": {"datetime": "2024-03-30 20:41:47", "elapsed": 8545.343729, "delta": 6.760036}}
{"target": -127.96310614132624, "params": {"gamma": 1.2726270831530508, "lr": 0.9260660157488302}, "datetime": {"datetime": "2024-03-30 20:41:58", "elapsed": 8556.120559, "delta": 10.77683}}
{"target": -171.3391965757889, "params": {"gamma": 1.7363868343096134, "lr": 0.8383768288037295}, "datetime": {"datetime": "2024-03-30 20:42:13", "elapsed": 8571.679192, "delta": 15.558633}}
{"target": -213.8100163511738, "params": {"gamma": 2.16339938500196, "lr": 0.7089344552405509}, "datetime": {"datetime": "2024-03-30 20:42:25", "elapsed": 8583.368626, "delta": 11.689434}}
{"target": -501.26709802646815, "params": {"gamma": 5.336311486310064, "lr": 0.9709713134951646}, "datetime": {"datetime": "2024-03-30 20:42:32", "elapsed": 8590.700022, "delta": 7.331396}}
{"target": -590.1225287623552, "params": {"gamma": 1.7087245258086792, "lr": 0.10065486012718594}, "datetime": {"datetime": "2024-03-30 20:42:39", "elapsed": 8597.891204, "delta": 7.191182}}
{"target": -147.2461014257762, "params": {"gamma": 1.499230167830916, "lr": 0.7736423334365182}, "datetime": {"datetime": "2024-03-30 20:42:56", "elapsed": 8614.104154, "delta": 16.21295}}
{"target": -300.9288384103987, "params": {"gamma": 3.1008646576549124, "lr": 0.8622981539724118}, "datetime": {"datetime": "2024-03-30 20:43:27", "elapsed": 8645.033579, "delta": 30.929425}}
{"target": -101.65123111331104, "params": {"gamma": 0.9541134201837503, "lr": 0.6084689474348826}, "datetime": {"datetime": "2024-03-30 20:43:39", "elapsed": 8657.365242, "delta": 12.331663}}
{"target": -98.49229047284419, "params": {"gamma": 0.6197588883742376, "lr": 0.3762112017699063}, "datetime": {"datetime": "2024-03-30 20:43:51", "elapsed": 8669.780688, "delta": 12.415446}}
{"target": -80.44832805816708, "params": {"gamma": 0.6475661789238395, "lr": 0.6697218332545216}, "datetime": {"datetime": "2024-03-30 20:44:04", "elapsed": 8682.172427, "delta": 12.391739}}
{"target": -96.22419901153368, "params": {"gamma": 0.17328700760479043, "lr": 0.8939895532417823}, "datetime": {"datetime": "2024-03-30 20:44:18", "elapsed": 8696.17777, "delta": 14.005343}}
{"target": -181.00350863638187, "params": {"gamma": 1.861884945486085, "lr": 0.9293864554902989}, "datetime": {"datetime": "2024-03-30 20:44:25", "elapsed": 8703.402729, "delta": 7.224959}}
{"target": -346.2245054512594, "params": {"gamma": 3.581292934783069, "lr": 0.8788143819970398}, "datetime": {"datetime": "2024-03-30 20:44:51", "elapsed": 8729.936403, "delta": 26.533674}}
{"target": -263.5657612520701, "params": {"gamma": 2.3659298531369415, "lr": 0.38507125274164566}, "datetime": {"datetime": "2024-03-30 20:45:17", "elapsed": 8755.276689, "delta": 25.340286}}
{"target": -93.86532401190499, "params": {"gamma": 0.8442917318564944, "lr": 0.6679669393523621}, "datetime": {"datetime": "2024-03-30 20:45:32", "elapsed": 8770.207436, "delta": 14.930747}}
{"target": -101.614292526676, "params": {"gamma": 0.23307473698554843, "lr": 0.4847876483473269}, "datetime": {"datetime": "2024-03-30 20:45:45", "elapsed": 8783.149257, "delta": 12.941821}}
{"target": -887.7853380970064, "params": {"gamma": 7.822729709532785, "lr": 0.3112406219009186}, "datetime": {"datetime": "2024-03-30 20:45:52", "elapsed": 8790.386056, "delta": 7.236799}}
{"target": -283.937562878069, "params": {"gamma": 2.794541364780962, "lr": 0.47580118247858505}, "datetime": {"datetime": "2024-03-30 20:46:13", "elapsed": 8811.289418, "delta": 20.903362}}
{"target": -116.07796545323053, "params": {"gamma": 0.9919177300883989, "lr": 0.46797397707628}, "datetime": {"datetime": "2024-03-30 20:46:30", "elapsed": 8828.243241, "delta": 16.953823}}
{"target": -941.931835000958, "params": {"gamma": 10.0, "lr": 0.8937280433253907}, "datetime": {"datetime": "2024-03-30 20:46:41", "elapsed": 8839.887221, "delta": 11.64398}}
{"target": -422.3644772148399, "params": {"gamma": 1.9121211033833472, "lr": 0.18688135153932128}, "datetime": {"datetime": "2024-03-30 20:47:14", "elapsed": 8872.510934, "delta": 32.623713}}
{"target": -114.49313159777397, "params": {"gamma": 0.5184502544252103, "lr": 0.2833098433902299}, "datetime": {"datetime": "2024-03-30 20:47:26", "elapsed": 8884.177091, "delta": 11.666157}}
{"target": -113.70019058459235, "params": {"gamma": 1.1079794122685802, "lr": 0.9687188500008492}, "datetime": {"datetime": "2024-03-30 20:47:45", "elapsed": 8903.576553, "delta": 19.399462}}
{"target": -144.04746456396214, "params": {"gamma": 0.8965216510263365, "lr": 0.2760699819660023}, "datetime": {"datetime": "2024-03-30 20:48:10", "elapsed": 8928.309247, "delta": 24.732694}}
{"target": -79.0591723706746, "params": {"gamma": 0.3790296689435893, "lr": 0.6487182649051138}, "datetime": {"datetime": "2024-03-30 20:48:19", "elapsed": 8937.717557, "delta": 9.40831}}
{"target": -122.80930292891028, "params": {"gamma": 0.3230575487836347, "lr": 0.20910953153065515}, "datetime": {"datetime": "2024-03-30 20:48:36", "elapsed": 8954.041678, "delta": 16.324121}}
{"target": -122.54805768177907, "params": {"gamma": 0.6634820235892516, "lr": 0.3181936776849652}, "datetime": {"datetime": "2024-03-30 20:49:10", "elapsed": 8988.174422, "delta": 34.132744}}
{"target": -111.05150818260866, "params": {"gamma": 1.084821324394298, "lr": 0.7971955940576677}, "datetime": {"datetime": "2024-03-30 20:49:33", "elapsed": 9011.369128, "delta": 23.194706}}
{"target": -590.6180559879613, "params": {"gamma": 6.298321960983617, "lr": 0.6032040879298003}, "datetime": {"datetime": "2024-03-30 20:49:52", "elapsed": 9030.669104, "delta": 19.299976}}
{"target": -247.45984195648768, "params": {"gamma": 2.60480985255329, "lr": 0.5236012161233106}, "datetime": {"datetime": "2024-03-30 20:50:03", "elapsed": 9041.688891, "delta": 11.019787}}
{"target": -241.18269017532376, "params": {"gamma": 2.156161976563391, "lr": 0.38659474703811714}, "datetime": {"datetime": "2024-03-30 20:50:14", "elapsed": 9052.212991, "delta": 10.5241}}
{"target": -289.7675375064493, "params": {"gamma": 3.0639695168428887, "lr": 0.5059618647410412}, "datetime": {"datetime": "2024-03-30 20:50:31", "elapsed": 9069.14659, "delta": 16.933599}}
{"target": -78.03979485946606, "params": {"gamma": 0.5317377486808179, "lr": 0.5183715542337781}, "datetime": {"datetime": "2024-03-30 20:51:01", "elapsed": 9099.584902, "delta": 30.438312}}
{"target": -223.51418844217903, "params": {"gamma": 1.7261586970175313, "lr": 0.3028099423037983}, "datetime": {"datetime": "2024-03-30 20:51:22", "elapsed": 9120.632968, "delta": 21.048066}}
{"target": -144.17461355646887, "params": {"gamma": 0.8171214103737747, "lr": 0.0}, "datetime": {"datetime": "2024-03-30 20:51:44", "elapsed": 9142.156619, "delta": 21.523651}}
{"target": -77.73418976661742, "params": {"gamma": 0.33063015443243665, "lr": 0.91486331417024}, "datetime": {"datetime": "2024-03-30 20:52:00", "elapsed": 9158.154377, "delta": 15.997758}}
{"target": -139.38055612518323, "params": {"gamma": 1.4066979249295402, "lr": 0.6006138543886296}, "datetime": {"datetime": "2024-03-30 20:52:24", "elapsed": 9182.761275, "delta": 24.606898}}
{"target": -77.43342969693134, "params": {"gamma": 0.587850056219361, "lr": 0.7050842206097764}, "datetime": {"datetime": "2024-03-30 20:52:54", "elapsed": 9212.956436, "delta": 30.195161}}
{"target": -77.9661241878601, "params": {"gamma": 0.5098573742915159, "lr": 0.6401391602317839}, "datetime": {"datetime": "2024-03-30 20:53:17", "elapsed": 9234.982979, "delta": 22.026543}}
{"target": -119.42186970904221, "params": {"gamma": 1.1503385524478573, "lr": 0.8667304192105112}, "datetime": {"datetime": "2024-03-30 20:53:31", "elapsed": 9249.098525, "delta": 14.115546}}
