{"target": -130.45186544989667, "params": {"gamma": 0.5287857773295865, "prior": 8.914019769519989, "rate": 4.045739285423598}, "datetime": {"datetime": "2024-04-12 13:57:25", "elapsed": 7.227408, "delta": 0.008186}}
{"target": -212.8380699784263, "params": {"gamma": 9.292802548221829, "prior": 4.080573920625559, "rate": 0.7692460154620339}, "datetime": {"datetime": "2024-04-12 13:57:25", "elapsed": 7.235779, "delta": 0.008371}}
{"target": -137.19892145041985, "params": {"gamma": 2.4537661400558073, "prior": 3.5675790065013078, "rate": 7.507532195259897}, "datetime": {"datetime": "2024-04-12 13:57:25", "elapsed": 7.24407, "delta": 0.008291}}
{"target": -129.5625789653065, "params": {"gamma": 1.8482967753404873, "prior": 4.366639171886156, "rate": 8.732580952739871}, "datetime": {"datetime": "2024-04-12 13:57:25", "elapsed": 7.252401, "delta": 0.008331}}
{"target": -145.28878243741553, "params": {"gamma": 5.338077152636459, "prior": 1.121231725515661, "rate": 0.24620034805926763}, "datetime": {"datetime": "2024-04-12 13:57:25", "elapsed": 7.260673, "delta": 0.008272}}
{"target": -195.3501435956772, "params": {"gamma": 7.058392201809326, "prior": 9.79336216048635, "rate": 7.851867464260117}, "datetime": {"datetime": "2024-04-12 13:57:25", "elapsed": 7.268943, "delta": 0.00827}}
{"target": -224.9155043729513, "params": {"gamma": 7.647497242257331, "prior": 6.786930405212397, "rate": 7.9552316002763535}, "datetime": {"datetime": "2024-04-12 13:57:25", "elapsed": 7.277175, "delta": 0.008232}}
{"target": -133.04323702642742, "params": {"gamma": 0.40113783894076427, "prior": 2.720348153996855, "rate": 6.9542799621795535}, "datetime": {"datetime": "2024-04-12 13:57:25", "elapsed": 7.285531, "delta": 0.008356}}
{"target": -203.54190076132193, "params": {"gamma": 8.670016307747831, "prior": 6.778608030986559, "rate": 1.7635850037063328}, "datetime": {"datetime": "2024-04-12 13:57:25", "elapsed": 7.293857, "delta": 0.008326}}
{"target": -216.67515373878487, "params": {"gamma": 9.363148290996985, "prior": 9.043449131097443, "rate": 0.8677009826349238}, "datetime": {"datetime": "2024-04-12 13:57:25", "elapsed": 7.302067, "delta": 0.00821}}
{"target": -133.50266593870612, "params": {"gamma": 1.9308073757049558, "prior": 2.824411003044214, "rate": 7.384380294175464}, "datetime": {"datetime": "2024-04-12 13:57:25", "elapsed": 7.310269, "delta": 0.008202}}
{"target": -206.0928912692915, "params": {"gamma": 8.59387390968027, "prior": 5.825391635770356, "rate": 1.9972560609459706}, "datetime": {"datetime": "2024-04-12 13:57:25", "elapsed": 7.318546, "delta": 0.008277}}
{"target": -200.73430229430062, "params": {"gamma": 4.151483786326004, "prior": 1.4648060826146607, "rate": 9.174044472397386}, "datetime": {"datetime": "2024-04-12 13:57:25", "elapsed": 7.326867, "delta": 0.008321}}
{"target": -212.15677641931353, "params": {"gamma": 7.645544873164326, "prior": 5.151116954680168, "rate": 4.536296856665209}, "datetime": {"datetime": "2024-04-12 13:57:25", "elapsed": 7.335235, "delta": 0.008368}}
{"target": -123.27750376672006, "params": {"gamma": 0.9793229413773535, "prior": 3.2548860273732405, "rate": 1.2072073207786072}, "datetime": {"datetime": "2024-04-12 13:57:25", "elapsed": 7.34357, "delta": 0.008335}}
{"target": -193.70151761487872, "params": {"gamma": 7.823598295559239, "prior": 5.494348696094326, "rate": 2.2735465367701733}, "datetime": {"datetime": "2024-04-12 13:57:25", "elapsed": 7.35183, "delta": 0.00826}}
{"target": -125.26738150617322, "params": {"gamma": 2.242804189720107, "prior": 2.677942155406277, "rate": 3.0894186504102437}, "datetime": {"datetime": "2024-04-12 13:57:25", "elapsed": 7.36014, "delta": 0.00831}}
{"target": -165.28638788542276, "params": {"gamma": 3.8776636126823174, "prior": 3.0457344305346488, "rate": 6.795879389436971}, "datetime": {"datetime": "2024-04-12 13:57:25", "elapsed": 7.368581, "delta": 0.008441}}
{"target": -133.9203385268868, "params": {"gamma": 0.351701119431484, "prior": 3.3482921178205443, "rate": 7.4531734367072975}, "datetime": {"datetime": "2024-04-12 13:57:25", "elapsed": 7.376881, "delta": 0.0083}}
{"target": -220.83324821685358, "params": {"gamma": 9.428137042767773, "prior": 8.047052246559756, "rate": 2.4090212695059683}, "datetime": {"datetime": "2024-04-12 13:57:25", "elapsed": 7.385166, "delta": 0.008285}}
{"target": -146.38934830994017, "params": {"gamma": 2.329921768369933, "prior": 1.9843342677001725, "rate": 8.825092851051235}, "datetime": {"datetime": "2024-04-12 13:57:25", "elapsed": 7.39346, "delta": 0.008294}}
{"target": -115.97884772471917, "params": {"gamma": 2.3793190167249576, "prior": 7.605988171789962, "rate": 2.611236264315461}, "datetime": {"datetime": "2024-04-12 13:57:25", "elapsed": 7.401723, "delta": 0.008263}}
{"target": -134.36693850486733, "params": {"gamma": 0.3317853522317488, "prior": 7.3611322306807825, "rate": 7.262291896142214}, "datetime": {"datetime": "2024-04-12 13:57:25", "elapsed": 7.410097, "delta": 0.008374}}
{"target": -128.56653224047238, "params": {"gamma": 0.8905021504995737, "prior": 3.334342453503056, "rate": 9.483704536600037}, "datetime": {"datetime": "2024-04-12 13:57:25", "elapsed": 7.418404, "delta": 0.008307}}
{"target": -136.9234189657363, "params": {"gamma": 1.6303270368232625, "prior": 0.9580574792638101, "rate": 5.946444277228148}, "datetime": {"datetime": "2024-04-12 13:57:25", "elapsed": 7.426732, "delta": 0.008328}}
{"target": -342.4637567887794, "params": {"gamma": 9.309967663594373, "prior": 1.424405246656605, "rate": 5.130609924306518}, "datetime": {"datetime": "2024-04-12 13:57:25", "elapsed": 7.435042, "delta": 0.00831}}
{"target": -182.01015764300567, "params": {"gamma": 6.84030814195546, "prior": 1.8011146201075885, "rate": 0.11358767502840258}, "datetime": {"datetime": "2024-04-12 13:57:25", "elapsed": 7.443301, "delta": 0.008259}}
{"target": -357.0687180709978, "params": {"gamma": 8.876943621666769, "prior": 0.44878957946825926, "rate": 2.575325379792938}, "datetime": {"datetime": "2024-04-12 13:57:25", "elapsed": 7.451577, "delta": 0.008276}}
{"target": -185.35173984099458, "params": {"gamma": 6.5171886333749445, "prior": 2.929251040222046, "rate": 0.09806625815159087}, "datetime": {"datetime": "2024-04-12 13:57:25", "elapsed": 7.459871, "delta": 0.008294}}
{"target": -155.83912213109883, "params": {"gamma": 5.754942892815359, "prior": 3.147143555513635, "rate": 1.5159891044593792}, "datetime": {"datetime": "2024-04-12 13:57:25", "elapsed": 7.468183, "delta": 0.008312}}
{"target": -366.0559617858994, "params": {"gamma": 9.712861834014069, "prior": 1.7332254521996295, "rate": 7.272627175991628}, "datetime": {"datetime": "2024-04-12 13:57:25", "elapsed": 7.476524, "delta": 0.008341}}
{"target": -206.36299111507532, "params": {"gamma": 8.907351190743636, "prior": 8.601279645696758, "rate": 1.8433864145173096}, "datetime": {"datetime": "2024-04-12 13:57:25", "elapsed": 7.484857, "delta": 0.008333}}
{"target": -160.73482120920255, "params": {"gamma": 2.3688485284086984, "prior": 0.2817901013754669, "rate": 9.314123267181278}, "datetime": {"datetime": "2024-04-12 13:57:25", "elapsed": 7.493298, "delta": 0.008441}}
{"target": -205.01113390207843, "params": {"gamma": 8.871324645396406, "prior": 5.995115072798474, "rate": 1.0945671874130298}, "datetime": {"datetime": "2024-04-12 13:57:25", "elapsed": 7.501555, "delta": 0.008257}}
{"target": -117.06789912458258, "params": {"gamma": 1.736252925778173, "prior": 5.811907672232824, "rate": 2.5173180780279494}, "datetime": {"datetime": "2024-04-12 13:57:25", "elapsed": 7.509878, "delta": 0.008323}}
{"target": -130.63321275111005, "params": {"gamma": 3.0024181605272484, "prior": 1.792774754535882, "rate": 1.8967275990085757}, "datetime": {"datetime": "2024-04-12 13:57:25", "elapsed": 7.518395, "delta": 0.008517}}
{"target": -153.4410857005532, "params": {"gamma": 4.634748122750124, "prior": 5.1477523290215155, "rate": 5.116287316757662}, "datetime": {"datetime": "2024-04-12 13:57:25", "elapsed": 7.526698, "delta": 0.008303}}
{"target": -392.27871482785076, "params": {"gamma": 9.971390854869842, "prior": 1.3829985909743843, "rate": 7.561942713988967}, "datetime": {"datetime": "2024-04-12 13:57:25", "elapsed": 7.53502, "delta": 0.008322}}
{"target": -214.48332054834222, "params": {"gamma": 7.937773715501701, "prior": 5.890337727828154, "rate": 4.627919064512984}, "datetime": {"datetime": "2024-04-12 13:57:25", "elapsed": 7.543265, "delta": 0.008245}}
{"target": -215.73094487896313, "params": {"gamma": 8.934372946865443, "prior": 8.298984168823933, "rate": 0.5038590693510084}, "datetime": {"datetime": "2024-04-12 13:57:25", "elapsed": 7.55167, "delta": 0.008405}}
{"target": -443.2023223345471, "params": {"gamma": 9.629874547125452, "prior": 0.17266492836107364, "rate": 5.731748914634736}, "datetime": {"datetime": "2024-04-12 13:57:25", "elapsed": 7.559991, "delta": 0.008321}}
{"target": -154.59762874545783, "params": {"gamma": 5.7247357384538, "prior": 8.360358681426117, "rate": 3.8477759631858306}, "datetime": {"datetime": "2024-04-12 13:57:25", "elapsed": 7.568402, "delta": 0.008411}}
{"target": -127.21446929368823, "params": {"gamma": 0.911317649590776, "prior": 5.858703966752355, "rate": 0.24943375777694893}, "datetime": {"datetime": "2024-04-12 13:57:25", "elapsed": 7.576822, "delta": 0.00842}}
{"target": -134.26372737540984, "params": {"gamma": 3.618595813310707, "prior": 9.854636340644698, "rate": 8.687919916680645}, "datetime": {"datetime": "2024-04-12 13:57:25", "elapsed": 7.585187, "delta": 0.008365}}
{"target": -121.99567074629107, "params": {"gamma": 1.525814920870293, "prior": 8.008378281655215, "rate": 8.110158197295846}, "datetime": {"datetime": "2024-04-12 13:57:25", "elapsed": 7.593557, "delta": 0.00837}}
{"target": -303.86556262875933, "params": {"gamma": 9.282143984052633, "prior": 2.3214042338354473, "rate": 4.990175777525101}, "datetime": {"datetime": "2024-04-12 13:57:25", "elapsed": 7.601877, "delta": 0.00832}}
{"target": -227.07393945387722, "params": {"gamma": 8.274613470019348, "prior": 6.706604471482155, "rate": 5.939767497694312}, "datetime": {"datetime": "2024-04-12 13:57:25", "elapsed": 7.610261, "delta": 0.008384}}
{"target": -170.0907815104311, "params": {"gamma": 6.520106231886649, "prior": 2.461308526710229, "rate": 0.2563753086730316}, "datetime": {"datetime": "2024-04-12 13:57:25", "elapsed": 7.618607, "delta": 0.008346}}
{"target": -216.41646672829668, "params": {"gamma": 7.362836317207894, "prior": 3.3352390707756885, "rate": 3.7681921123145443}, "datetime": {"datetime": "2024-04-12 13:57:25", "elapsed": 7.626888, "delta": 0.008281}}
{"target": -157.67221743878517, "params": {"gamma": 6.126547925441392, "prior": 6.605933919398819, "rate": 2.0297861073278014}, "datetime": {"datetime": "2024-04-12 13:57:25", "elapsed": 7.63509, "delta": 0.008202}}
{"target": -258.4036483450461, "params": {"gamma": 8.260489346916343, "prior": 3.864045391930247, "rate": 6.317812340605414}, "datetime": {"datetime": "2024-04-12 13:57:25", "elapsed": 7.643394, "delta": 0.008304}}
{"target": -246.92407407872184, "params": {"gamma": 9.664147745107453, "prior": 5.691383729139698, "rate": 3.58975250674678}, "datetime": {"datetime": "2024-04-12 13:57:25", "elapsed": 7.651565, "delta": 0.008171}}
{"target": -180.4186139834652, "params": {"gamma": 6.1900821172926825, "prior": 5.067751868825378, "rate": 4.524310101530738}, "datetime": {"datetime": "2024-04-12 13:57:26", "elapsed": 7.659764, "delta": 0.008199}}
{"target": -188.13277825543395, "params": {"gamma": 7.32297507682793, "prior": 9.252650484842617, "rate": 4.793234881420612}, "datetime": {"datetime": "2024-04-12 13:57:26", "elapsed": 7.668059, "delta": 0.008295}}
{"target": -124.58098113139337, "params": {"gamma": 0.8832132798499579, "prior": 5.739570211172332, "rate": 2.450263600293229}, "datetime": {"datetime": "2024-04-12 13:57:26", "elapsed": 7.676249, "delta": 0.00819}}
{"target": -133.21031904579698, "params": {"gamma": 0.3967395368422162, "prior": 7.902588045772463, "rate": 2.728409598411216}, "datetime": {"datetime": "2024-04-12 13:57:26", "elapsed": 7.684571, "delta": 0.008322}}
{"target": -203.91146499424596, "params": {"gamma": 7.7709278589308965, "prior": 4.933268536573228, "rate": 3.1800409748600784}, "datetime": {"datetime": "2024-04-12 13:57:26", "elapsed": 7.692872, "delta": 0.008301}}
{"target": -177.13345817871854, "params": {"gamma": 3.1409404750589167, "prior": 0.516045124852533, "rate": 5.344463969208603}, "datetime": {"datetime": "2024-04-12 13:57:26", "elapsed": 7.701223, "delta": 0.008351}}
{"target": -238.8761683838057, "params": {"gamma": 8.235692008411606, "prior": 0.9305639897438418, "rate": 1.0864784973815673}, "datetime": {"datetime": "2024-04-12 13:57:26", "elapsed": 7.709507, "delta": 0.008284}}
{"target": -167.72712471970007, "params": {"gamma": 5.293030012750302, "prior": 6.635403915273608, "rate": 6.947765177374281}, "datetime": {"datetime": "2024-04-12 13:57:26", "elapsed": 7.717721, "delta": 0.008214}}
{"target": -174.99817950082377, "params": {"gamma": 3.1329037297737132, "prior": 0.47399998048085035, "rate": 4.146214234044257}, "datetime": {"datetime": "2024-04-12 13:57:26", "elapsed": 7.72601, "delta": 0.008289}}
{"target": -158.89171924794312, "params": {"gamma": 2.2612156645820662, "prior": 0.11103681949882596, "rate": 6.857480005685141}, "datetime": {"datetime": "2024-04-12 13:57:26", "elapsed": 7.734277, "delta": 0.008267}}
{"target": -250.40382942157274, "params": {"gamma": 9.520673328006277, "prior": 3.9724024292967792, "rate": 3.0036839952852596}, "datetime": {"datetime": "2024-04-12 13:57:26", "elapsed": 7.742586, "delta": 0.008309}}
{"target": -168.4967625839711, "params": {"gamma": 5.537964374290343, "prior": 8.534564954842326, "rate": 7.9498792795045405}, "datetime": {"datetime": "2024-04-12 13:57:26", "elapsed": 7.750908, "delta": 0.008322}}
{"target": -220.9083048264911, "params": {"gamma": 6.847882293080787, "prior": 4.377860203867094, "rate": 6.904649764523284}, "datetime": {"datetime": "2024-04-12 13:57:26", "elapsed": 7.759357, "delta": 0.008449}}
{"target": -136.7626731648575, "params": {"gamma": 2.161037487164819, "prior": 2.911040034677843, "rate": 7.778428288392944}, "datetime": {"datetime": "2024-04-12 13:57:26", "elapsed": 7.767691, "delta": 0.008334}}
{"target": -279.4025919030954, "params": {"gamma": 9.299871383327218, "prior": 1.9814900858052293, "rate": 2.9613368308929076}, "datetime": {"datetime": "2024-04-12 13:57:26", "elapsed": 7.776072, "delta": 0.008381}}
{"target": -141.0720610062955, "params": {"gamma": 0.06309646163797043, "prior": 4.372466228275976, "rate": 2.103740422454257}, "datetime": {"datetime": "2024-04-12 13:57:26", "elapsed": 7.784403, "delta": 0.008331}}
{"target": -163.44341327371143, "params": {"gamma": 6.414606400753661, "prior": 7.124933235213273, "rate": 1.188658366270452}, "datetime": {"datetime": "2024-04-12 13:57:26", "elapsed": 7.792647, "delta": 0.008244}}
{"target": -125.46516771251791, "params": {"gamma": 0.8223578763172843, "prior": 9.072717188845324, "rate": 3.8929983086548985}, "datetime": {"datetime": "2024-04-12 13:57:26", "elapsed": 7.800909, "delta": 0.008262}}
{"target": -159.23996908993988, "params": {"gamma": 5.334501569162878, "prior": 9.636091492645338, "rate": 7.590781068151137}, "datetime": {"datetime": "2024-04-12 13:57:26", "elapsed": 7.809273, "delta": 0.008364}}
{"target": -172.2407922728816, "params": {"gamma": 3.256077435692296, "prior": 0.9499080810909061, "rate": 5.360704142867423}, "datetime": {"datetime": "2024-04-12 13:57:26", "elapsed": 7.817572, "delta": 0.008299}}
{"target": -191.18087571233232, "params": {"gamma": 3.3619183039303744, "prior": 0.31468550480840884, "rate": 7.711752180204535}, "datetime": {"datetime": "2024-04-12 13:57:26", "elapsed": 7.825922, "delta": 0.00835}}
{"target": -148.22499085239787, "params": {"gamma": 3.849706389409975, "prior": 5.756079385581481, "rate": 7.557672815106508}, "datetime": {"datetime": "2024-04-12 13:57:26", "elapsed": 7.834279, "delta": 0.008357}}
{"target": -233.9149791659248, "params": {"gamma": 9.408533351590556, "prior": 6.161991152977763, "rate": 3.1546463916226513}, "datetime": {"datetime": "2024-04-12 13:57:26", "elapsed": 7.842585, "delta": 0.008306}}
{"target": -129.6190830800416, "params": {"gamma": 1.1016550019623323, "prior": 0.8317969903215949, "rate": 3.197588047953422}, "datetime": {"datetime": "2024-04-12 13:57:26", "elapsed": 7.850851, "delta": 0.008266}}
{"target": -165.93092384186716, "params": {"gamma": 6.608730550421095, "prior": 6.982005440804134, "rate": 2.0779726825898135}, "datetime": {"datetime": "2024-04-12 13:57:26", "elapsed": 7.859014, "delta": 0.008163}}
{"target": -127.59434437976046, "params": {"gamma": 0.8288765899448861, "prior": 3.1245555467317083, "rate": 5.476198023985873}, "datetime": {"datetime": "2024-04-12 13:57:26", "elapsed": 7.867374, "delta": 0.00836}}
{"target": -193.80118687813044, "params": {"gamma": 7.546942075074172, "prior": 5.343607473643421, "rate": 2.8705505437179983}, "datetime": {"datetime": "2024-04-12 13:57:26", "elapsed": 7.875675, "delta": 0.008301}}
{"target": -227.5514582180011, "params": {"gamma": 6.242173052915846, "prior": 2.7218828862443387, "rate": 6.527276450430897}, "datetime": {"datetime": "2024-04-12 13:57:26", "elapsed": 7.883943, "delta": 0.008268}}
{"target": -230.2447294336026, "params": {"gamma": 8.419138180259552, "prior": 6.425583421647474, "rate": 5.656749058298363}, "datetime": {"datetime": "2024-04-12 13:57:26", "elapsed": 7.892211, "delta": 0.008268}}
{"target": -132.74972080986305, "params": {"gamma": 3.072113950599342, "prior": 8.780092695385816, "rate": 9.888230025288278}, "datetime": {"datetime": "2024-04-12 13:57:26", "elapsed": 7.900552, "delta": 0.008341}}
{"target": -186.04014222243197, "params": {"gamma": 7.775016832668201, "prior": 5.779074189947149, "rate": 1.4136520470773757}, "datetime": {"datetime": "2024-04-12 13:57:26", "elapsed": 7.908822, "delta": 0.00827}}
{"target": -126.52848989763247, "params": {"gamma": 3.1499752949036433, "prior": 3.731907254052719, "rate": 2.9196603150536307}, "datetime": {"datetime": "2024-04-12 13:57:26", "elapsed": 7.917101, "delta": 0.008279}}
{"target": -132.57815978489847, "params": {"gamma": 4.46008219467453, "prior": 6.145261916989693, "rate": 2.129932990561121}, "datetime": {"datetime": "2024-04-12 13:57:26", "elapsed": 7.925478, "delta": 0.008377}}
{"target": -141.1647275136053, "params": {"gamma": 2.4983477831127514, "prior": 1.2102897838888582, "rate": 3.07657830315885}, "datetime": {"datetime": "2024-04-12 13:57:26", "elapsed": 7.933734, "delta": 0.008256}}
{"target": -186.99148212483183, "params": {"gamma": 4.9749853375678486, "prior": 4.949097068629873, "rate": 9.955776541252115}, "datetime": {"datetime": "2024-04-12 13:57:26", "elapsed": 7.942003, "delta": 0.008269}}
{"target": -320.14414585328666, "params": {"gamma": 9.811104522073206, "prior": 4.421971439643317, "rate": 9.720234197281384}, "datetime": {"datetime": "2024-04-12 13:57:26", "elapsed": 7.950257, "delta": 0.008254}}
{"target": -120.7120270546712, "params": {"gamma": 2.1447646438539647, "prior": 5.457096772478638, "rate": 4.534899709382847}, "datetime": {"datetime": "2024-04-12 13:57:26", "elapsed": 7.958546, "delta": 0.008289}}
{"target": -223.21601549500508, "params": {"gamma": 9.67612136622795, "prior": 8.37814460904005, "rate": 2.142255100882632}, "datetime": {"datetime": "2024-04-12 13:57:26", "elapsed": 7.966916, "delta": 0.00837}}
{"target": -187.44311960610403, "params": {"gamma": 4.395951482451757, "prior": 1.7679220192998268, "rate": 5.29134301734205}, "datetime": {"datetime": "2024-04-12 13:57:26", "elapsed": 7.97518, "delta": 0.008264}}
{"target": -115.88227011127653, "params": {"gamma": 2.1343931252815644, "prior": 10.0, "rate": 3.2567822888681843}, "datetime": {"datetime": "2024-04-12 13:57:29", "elapsed": 11.060008, "delta": 3.084828}}
{"target": -123.10694733609131, "params": {"gamma": 1.2017558718477808, "prior": 10.0, "rate": 10.0}, "datetime": {"datetime": "2024-04-12 13:57:33", "elapsed": 14.984078, "delta": 3.92407}}
{"target": -118.12714413201599, "params": {"gamma": 2.1142867376045436, "prior": 10.0, "rate": 1.6445010012109813}, "datetime": {"datetime": "2024-04-12 13:57:36", "elapsed": 18.384843, "delta": 3.400765}}
{"target": -116.16745931841926, "params": {"gamma": 2.1386170821269608, "prior": 10.0, "rate": 4.2510112367404265}, "datetime": {"datetime": "2024-04-12 13:57:40", "elapsed": 21.832525, "delta": 3.447682}}
{"target": -116.50821389391001, "params": {"gamma": 2.238947556450464, "prior": 5.410958901770041, "rate": 1.2842973629033339}, "datetime": {"datetime": "2024-04-12 13:57:42", "elapsed": 24.444786, "delta": 2.612261}}
{"target": -117.5977281082947, "params": {"gamma": 2.001942205780103, "prior": 10.0, "rate": 5.824405754255116}, "datetime": {"datetime": "2024-04-12 13:57:46", "elapsed": 28.515864, "delta": 4.071078}}
{"target": -115.89029212033854, "params": {"gamma": 2.2849332270845615, "prior": 3.1464245261359736, "rate": 1.012192035288459}, "datetime": {"datetime": "2024-04-12 13:57:50", "elapsed": 31.879121, "delta": 3.363257}}
{"target": -115.95115702936764, "params": {"gamma": 2.3530620202138537, "prior": 9.242196551375088, "rate": 2.9861540804923594}, "datetime": {"datetime": "2024-04-12 13:57:53", "elapsed": 35.014191, "delta": 3.13507}}
{"target": -116.6541143185189, "params": {"gamma": 1.8926351802528463, "prior": 10.0, "rate": 2.5514460791635596}, "datetime": {"datetime": "2024-04-12 13:57:56", "elapsed": 38.628685, "delta": 3.614494}}
{"target": -116.09727021704349, "params": {"gamma": 2.366416582059985, "prior": 5.548897020857835, "rate": 2.160817146200252}, "datetime": {"datetime": "2024-04-12 13:58:00", "elapsed": 41.661062, "delta": 3.032377}}
