{"target": -115.8608270794953, "params": {"gamma": 2.233373646556878, "prior": 2.3731712671343668, "rate": 0.7754170040348288}, "datetime": {"datetime": "2024-04-12 16:23:43", "elapsed": 8785.37387, "delta": 26.493514}}
{"target": -115.85551994683527, "params": {"gamma": 2.1842785602165953, "prior": 8.126298500412005, "rate": 2.699993157831097}, "datetime": {"datetime": "2024-04-12 16:24:02", "elapsed": 8803.95145, "delta": 18.57758}}
{"target": -115.86015900372004, "params": {"gamma": 2.2383410725623363, "prior": 1.566719968206388, "rate": 0.5430336443954251}, "datetime": {"datetime": "2024-04-12 16:24:23", "elapsed": 8825.48916, "delta": 21.53771}}
{"target": -115.86310762614461, "params": {"gamma": 2.2525521561265496, "prior": 6.858145003999912, "rate": 2.266540641692354}, "datetime": {"datetime": "2024-04-12 16:24:40", "elapsed": 8841.965117, "delta": 16.475957}}
{"target": -115.86507709867195, "params": {"gamma": 2.174271014344392, "prior": 9.074746388484765, "rate": 3.193398904198552}, "datetime": {"datetime": "2024-04-12 16:25:03", "elapsed": 8865.617691, "delta": 23.652574}}
{"target": -115.86322619898235, "params": {"gamma": 2.174658373894664, "prior": 9.618485512067425, "rate": 3.1378379575290833}, "datetime": {"datetime": "2024-04-12 16:25:18", "elapsed": 8880.157485, "delta": 14.539794}}
{"target": -115.85442983093552, "params": {"gamma": 2.2141612357926594, "prior": 3.3636006270752055, "rate": 1.11263685689705}, "datetime": {"datetime": "2024-04-12 16:25:45", "elapsed": 8907.202125, "delta": 27.04464}}
{"target": -115.8591598496153, "params": {"gamma": 2.166468331541439, "prior": 9.793169306110196, "rate": 3.3466329355336555}, "datetime": {"datetime": "2024-04-12 16:25:57", "elapsed": 8919.565236, "delta": 12.363111}}
{"target": -115.8589465512689, "params": {"gamma": 2.167144775537826, "prior": 3.832611825983283, "rate": 1.283077378999393}, "datetime": {"datetime": "2024-04-12 16:26:14", "elapsed": 8935.707803, "delta": 16.142567}}
{"target": -115.85580059777998, "params": {"gamma": 2.237418233617951, "prior": 2.4183608095547444, "rate": 0.8183983063738391}, "datetime": {"datetime": "2024-04-12 16:26:42", "elapsed": 8964.423928, "delta": 28.716125}}
{"target": -115.85396413584776, "params": {"gamma": 2.2144942693549234, "prior": 3.8780980362439834, "rate": 1.3342730920123536}, "datetime": {"datetime": "2024-04-12 16:26:57", "elapsed": 8979.317541, "delta": 14.893613}}
{"target": -115.85872479891917, "params": {"gamma": 2.2243116834037275, "prior": 5.065794028178161, "rate": 1.764673095273866}, "datetime": {"datetime": "2024-04-12 16:27:07", "elapsed": 8988.790257, "delta": 9.472716}}
{"target": -115.86015698982969, "params": {"gamma": 2.171679933508117, "prior": 8.429391538651764, "rate": 2.782757695734871}, "datetime": {"datetime": "2024-04-12 16:27:24", "elapsed": 9006.154769, "delta": 17.364512}}
{"target": -115.8622578392522, "params": {"gamma": 2.1569080886529286, "prior": 8.79289853811341, "rate": 2.975610244561446}, "datetime": {"datetime": "2024-04-12 16:27:46", "elapsed": 9027.658745, "delta": 21.503976}}
{"target": -115.86005577480802, "params": {"gamma": 2.238938665103367, "prior": 7.1561452683143285, "rate": 2.478160965691535}, "datetime": {"datetime": "2024-04-12 16:28:16", "elapsed": 9057.938151, "delta": 30.279406}}
{"target": -115.85821217178184, "params": {"gamma": 2.2364416823470648, "prior": 2.1214771680245077, "rate": 0.7315944397583052}, "datetime": {"datetime": "2024-04-12 16:28:25", "elapsed": 9067.285028, "delta": 9.346877}}
{"target": -115.85483900951238, "params": {"gamma": 2.2294833977927193, "prior": 3.1514687173394265, "rate": 1.07710333903902}, "datetime": {"datetime": "2024-04-12 16:28:42", "elapsed": 9084.644324, "delta": 17.359296}}
{"target": -115.85263007057982, "params": {"gamma": 2.1971403950643285, "prior": 5.441818335546861, "rate": 1.8211791914071211}, "datetime": {"datetime": "2024-04-12 16:29:00", "elapsed": 9101.726169, "delta": 17.081845}}
{"target": -115.85927990493998, "params": {"gamma": 2.1746421518640324, "prior": 7.060399963045965, "rate": 2.3309115148543262}, "datetime": {"datetime": "2024-04-12 16:29:16", "elapsed": 9118.309459, "delta": 16.58329}}
{"target": -115.86258497689184, "params": {"gamma": 2.167843575527387, "prior": 4.061077208593353, "rate": 1.4130275691242193}, "datetime": {"datetime": "2024-04-12 16:29:43", "elapsed": 9144.944713, "delta": 26.635254}}
{"target": -115.86391650053476, "params": {"gamma": 2.153281678489116, "prior": 9.350182606423079, "rate": 3.154071275131682}, "datetime": {"datetime": "2024-04-12 16:29:57", "elapsed": 9158.872092, "delta": 13.927379}}
{"target": -115.85432380637239, "params": {"gamma": 2.181979903511787, "prior": 1.556359579357096, "rate": 0.5273928103558363}, "datetime": {"datetime": "2024-04-12 16:30:17", "elapsed": 9178.721954, "delta": 19.849862}}
{"target": -115.85555439113523, "params": {"gamma": 2.2126802267702326, "prior": 9.365149791365296, "rate": 3.2440985051596187}, "datetime": {"datetime": "2024-04-12 16:30:29", "elapsed": 9191.022716, "delta": 12.300762}}
{"target": -115.85321731389718, "params": {"gamma": 2.21491547973166, "prior": 2.813237181049622, "rate": 0.9639392626650464}, "datetime": {"datetime": "2024-04-12 16:30:46", "elapsed": 9208.62254, "delta": 17.599824}}
{"target": -115.85630537810785, "params": {"gamma": 2.2329135440147914, "prior": 2.787340666307893, "rate": 0.9250931667962285}, "datetime": {"datetime": "2024-04-12 16:31:06", "elapsed": 9227.704798, "delta": 19.082258}}
{"target": -115.856933150245, "params": {"gamma": 2.1727603470781145, "prior": 1.4437516697609147, "rate": 0.4920944134218293}, "datetime": {"datetime": "2024-04-12 16:31:31", "elapsed": 9253.18957, "delta": 25.484772}}
{"target": -115.85551100659714, "params": {"gamma": 2.21837691993221, "prior": 2.317270056562737, "rate": 0.8011657605400744}, "datetime": {"datetime": "2024-04-12 16:31:52", "elapsed": 9274.101449, "delta": 20.911879}}
{"target": -115.86564626074056, "params": {"gamma": 2.158864755860862, "prior": 1.9645866168635142, "rate": 0.6832530572813391}, "datetime": {"datetime": "2024-04-12 16:32:07", "elapsed": 9288.668213, "delta": 14.566764}}
{"target": -115.85765224913442, "params": {"gamma": 2.2256117054105986, "prior": 6.102548577676387, "rate": 2.0040227238296646}, "datetime": {"datetime": "2024-04-12 16:32:16", "elapsed": 9298.056333, "delta": 9.38812}}
{"target": -115.86470927814871, "params": {"gamma": 2.1583254806724717, "prior": 3.4917664715275283, "rate": 1.1540049341096812}, "datetime": {"datetime": "2024-04-12 16:32:32", "elapsed": 9313.866297, "delta": 15.809964}}
{"target": -115.852925579593, "params": {"gamma": 2.190675528387889, "prior": 8.284042437735753, "rate": 2.813493710889429}, "datetime": {"datetime": "2024-04-12 16:32:56", "elapsed": 9338.419549, "delta": 24.553252}}
{"target": -115.85323219374446, "params": {"gamma": 2.188158293871488, "prior": 9.721578877293886, "rate": 3.2977209126280473}, "datetime": {"datetime": "2024-04-12 16:33:19", "elapsed": 9360.832984, "delta": 22.413435}}
{"target": -115.85399016478502, "params": {"gamma": 2.2214995921201064, "prior": 4.379592444454293, "rate": 1.5013524229362731}, "datetime": {"datetime": "2024-04-12 16:33:37", "elapsed": 9378.960171, "delta": 18.127187}}
{"target": -115.85552732592538, "params": {"gamma": 2.225171427523135, "prior": 8.821869241253578, "rate": 3.038874701444997}, "datetime": {"datetime": "2024-04-12 16:33:49", "elapsed": 9391.453448, "delta": 12.493277}}
{"target": -115.86218692339186, "params": {"gamma": 2.16288760614464, "prior": 8.058814138746422, "rate": 2.7825906143571495}, "datetime": {"datetime": "2024-04-12 16:34:03", "elapsed": 9405.191737, "delta": 13.738289}}
{"target": -115.85276532381204, "params": {"gamma": 2.2076648096219516, "prior": 4.250676046946714, "rate": 1.416638752940804}, "datetime": {"datetime": "2024-04-12 16:34:15", "elapsed": 9417.253242, "delta": 12.061505}}
{"target": -115.85649727792257, "params": {"gamma": 2.2341742965048894, "prior": 2.6172679700297654, "rate": 0.897897236904931}, "datetime": {"datetime": "2024-04-12 16:34:28", "elapsed": 9430.056921, "delta": 12.803679}}
{"target": -115.87206564154569, "params": {"gamma": 2.152690751968026, "prior": 2.048576529952591, "rate": 0.7199903586468818}, "datetime": {"datetime": "2024-04-12 16:34:44", "elapsed": 9446.557234, "delta": 16.500313}}
{"target": -115.87692224760578, "params": {"gamma": 2.177819054415127, "prior": 6.9467974128138295, "rate": 2.2062245792769977}, "datetime": {"datetime": "2024-04-12 16:35:04", "elapsed": 9466.192218, "delta": 19.634984}}
{"target": -115.87024411573046, "params": {"gamma": 2.231054139758519, "prior": 1.8429501228260505, "rate": 0.6554880779969818}, "datetime": {"datetime": "2024-04-12 16:35:20", "elapsed": 9482.407675, "delta": 16.215457}}
{"target": -115.86034418800061, "params": {"gamma": 2.200528124151275, "prior": 9.317266126393582, "rate": 3.0283505288657304}, "datetime": {"datetime": "2024-04-12 16:35:39", "elapsed": 9501.215958, "delta": 18.808283}}
{"target": -115.8606942148226, "params": {"gamma": 2.234266162809658, "prior": 8.614262305676746, "rate": 2.8171973767467344}, "datetime": {"datetime": "2024-04-12 16:35:59", "elapsed": 9521.431933, "delta": 20.215975}}
{"target": -115.88254572816268, "params": {"gamma": 2.1980680368889747, "prior": 8.957424287243219, "rate": 2.8108033906087297}, "datetime": {"datetime": "2024-04-12 16:36:15", "elapsed": 9536.676264, "delta": 15.244331}}
{"target": -115.85771748618258, "params": {"gamma": 2.18380648496047, "prior": 10.0, "rate": 3.293777105738376}, "datetime": {"datetime": "2024-04-12 16:36:37", "elapsed": 9559.28402, "delta": 22.607756}}
{"target": -115.86049671362026, "params": {"gamma": 2.2448011824520684, "prior": 9.620368449540143, "rate": 3.3149311647049937}, "datetime": {"datetime": "2024-04-12 16:37:03", "elapsed": 9584.665896, "delta": 25.381876}}
{"target": -115.8522433404255, "params": {"gamma": 2.217365470283669, "prior": 9.16876121848306, "rate": 3.0899254206235076}, "datetime": {"datetime": "2024-04-12 16:37:17", "elapsed": 9599.353431, "delta": 14.687535}}
{"target": -115.85332742511146, "params": {"gamma": 2.193765318484028, "prior": 9.903686779156759, "rate": 3.389760248965472}, "datetime": {"datetime": "2024-04-12 16:37:33", "elapsed": 9615.440269, "delta": 16.086838}}
{"target": -115.8663565268513, "params": {"gamma": 2.1812634739796177, "prior": 7.927562057092703, "rate": 2.5589720957766353}, "datetime": {"datetime": "2024-04-12 16:37:50", "elapsed": 9632.345087, "delta": 16.904818}}
{"target": -115.87146210537794, "params": {"gamma": 2.141521820676456, "prior": 5.57552473406798, "rate": 1.920394339079333}, "datetime": {"datetime": "2024-04-12 16:38:04", "elapsed": 9646.400821, "delta": 14.055734}}
{"target": -115.87610542784665, "params": {"gamma": 2.203210213320942, "prior": 2.098617747899878, "rate": 0.7566299826130771}, "datetime": {"datetime": "2024-04-12 16:38:17", "elapsed": 9658.659383, "delta": 12.258562}}
{"target": -115.86120811536108, "params": {"gamma": 2.1639449449037262, "prior": 7.3030793359543775, "rate": 2.427267084068551}, "datetime": {"datetime": "2024-04-12 16:38:44", "elapsed": 9686.21329, "delta": 27.553907}}
{"target": -115.85833946322832, "params": {"gamma": 2.1864253218637786, "prior": 7.589878933056056, "rate": 2.642245367118884}, "datetime": {"datetime": "2024-04-12 16:39:02", "elapsed": 9704.459966, "delta": 18.246676}}
{"target": -115.86192172346804, "params": {"gamma": 2.214430088361099, "prior": 5.8557915349003915, "rate": 1.8965872641628356}, "datetime": {"datetime": "2024-04-12 16:39:15", "elapsed": 9717.030784, "delta": 12.570818}}
{"target": -115.86374902761453, "params": {"gamma": 2.225328612731005, "prior": 5.795874891770193, "rate": 2.0418729712306622}, "datetime": {"datetime": "2024-04-12 16:39:33", "elapsed": 9734.864091, "delta": 17.833307}}
{"target": -115.85494876520413, "params": {"gamma": 2.1833890216699383, "prior": 5.409168068040047, "rate": 1.8051700395591785}, "datetime": {"datetime": "2024-04-12 16:39:50", "elapsed": 9752.641473, "delta": 17.777382}}
{"target": -115.87285264956863, "params": {"gamma": 2.179674216975951, "prior": 7.341636560528251, "rate": 2.6263920654533655}, "datetime": {"datetime": "2024-04-12 16:40:10", "elapsed": 9772.074589, "delta": 19.433116}}
{"target": -115.85781879973506, "params": {"gamma": 2.235685375930594, "prior": 7.899653473453586, "rate": 2.7220265335676883}, "datetime": {"datetime": "2024-04-12 16:40:31", "elapsed": 9793.222598, "delta": 21.148009}}
{"target": -115.85717648287903, "params": {"gamma": 2.2339959462979513, "prior": 3.985321938003153, "rate": 1.3719457846633805}, "datetime": {"datetime": "2024-04-12 16:40:52", "elapsed": 9813.768079, "delta": 20.545481}}
{"target": -115.85481163708911, "params": {"gamma": 2.2234802256195016, "prior": 5.223384668416264, "rate": 1.7956623616574745}, "datetime": {"datetime": "2024-04-12 16:41:21", "elapsed": 9843.119633, "delta": 29.351554}}
{"target": -115.8644393783749, "params": {"gamma": 2.2201992569584386, "prior": 3.736464075181318, "rate": 1.3202374521419862}, "datetime": {"datetime": "2024-04-12 16:41:39", "elapsed": 9861.489263, "delta": 18.36963}}
{"target": -115.85731635896441, "params": {"gamma": 2.2040025845895186, "prior": 5.654216668081313, "rate": 1.970777315448814}, "datetime": {"datetime": "2024-04-12 16:41:59", "elapsed": 9881.018598, "delta": 19.529335}}
{"target": -115.85666416253422, "params": {"gamma": 2.237395892443411, "prior": 5.645559039743364, "rate": 1.881514970560572}, "datetime": {"datetime": "2024-04-12 16:42:11", "elapsed": 9893.506753, "delta": 12.488155}}
{"target": -115.86471235546, "params": {"gamma": 2.195791126818331, "prior": 6.49216376989783, "rate": 2.092680379008404}, "datetime": {"datetime": "2024-04-12 16:42:44", "elapsed": 9926.083779, "delta": 32.577026}}
{"target": -115.85540061488093, "params": {"gamma": 2.2095098545376284, "prior": 6.915438247539047, "rate": 2.395559862738149}, "datetime": {"datetime": "2024-04-12 16:42:58", "elapsed": 9940.629599, "delta": 14.54582}}
{"target": -115.85938211530548, "params": {"gamma": 2.2398656869261737, "prior": 4.613546281657906, "rate": 1.59235810725255}, "datetime": {"datetime": "2024-04-12 16:43:16", "elapsed": 9958.633797, "delta": 18.004198}}
{"target": -115.86319371037243, "params": {"gamma": 2.158391530667544, "prior": 2.298435302219135, "rate": 0.7908407762491592}, "datetime": {"datetime": "2024-04-12 16:43:33", "elapsed": 9975.55134, "delta": 16.917543}}
{"target": -115.85989833608319, "params": {"gamma": 2.2478358516739143, "prior": 3.343222685801382, "rate": 1.1425199711309508}, "datetime": {"datetime": "2024-04-12 16:43:47", "elapsed": 9989.085255, "delta": 13.533915}}
{"target": -115.85555054829648, "params": {"gamma": 2.2346223129933462, "prior": 6.966368157722717, "rate": 2.3729770419842793}, "datetime": {"datetime": "2024-04-12 16:44:02", "elapsed": 10004.588865, "delta": 15.50361}}
{"target": -115.85698512598034, "params": {"gamma": 2.1739164445011183, "prior": 9.17955901488829, "rate": 3.139792456006536}, "datetime": {"datetime": "2024-04-12 16:44:20", "elapsed": 10021.891307, "delta": 17.302442}}
{"target": -115.85456479432192, "params": {"gamma": 2.2067227901953164, "prior": 6.072404282642751, "rate": 2.0976080356021587}, "datetime": {"datetime": "2024-04-12 16:44:38", "elapsed": 10040.011415, "delta": 18.120108}}
{"target": -115.85804587815012, "params": {"gamma": 2.244018438177682, "prior": 1.5125842467284267, "rate": 0.5145266606564438}, "datetime": {"datetime": "2024-04-12 16:45:06", "elapsed": 10068.158686, "delta": 28.147271}}
{"target": -115.85542956384805, "params": {"gamma": 2.2337393583434664, "prior": 7.540149268194889, "rate": 2.570477201819662}, "datetime": {"datetime": "2024-04-12 16:45:24", "elapsed": 10085.993631, "delta": 17.834945}}
{"target": -115.86079813883613, "params": {"gamma": 2.1616727254649644, "prior": 4.911991327126784, "rate": 1.6772189713775}, "datetime": {"datetime": "2024-04-12 16:45:37", "elapsed": 10098.775016, "delta": 12.781385}}
{"target": -115.85651937760515, "params": {"gamma": 2.2396151125302333, "prior": 6.003905232854114, "rate": 2.0152055652039165}, "datetime": {"datetime": "2024-04-12 16:45:52", "elapsed": 10113.880779, "delta": 15.105763}}
{"target": -115.856950131855, "params": {"gamma": 2.1783622165191208, "prior": 6.200947184026205, "rate": 2.1350388177842174}, "datetime": {"datetime": "2024-04-12 16:46:11", "elapsed": 10133.540075, "delta": 19.659296}}
{"target": -115.8581483130211, "params": {"gamma": 2.2366379298077743, "prior": 10.0, "rate": 3.446915395845553}, "datetime": {"datetime": "2024-04-12 16:46:33", "elapsed": 10155.075337, "delta": 21.535262}}
{"target": -115.85594722445579, "params": {"gamma": 2.2374878008917785, "prior": 2.9440374789130375, "rate": 0.99899160185336}, "datetime": {"datetime": "2024-04-12 16:46:50", "elapsed": 10172.49445, "delta": 17.419113}}
{"target": -115.85857845330509, "params": {"gamma": 2.1676911510687744, "prior": 5.20257150739268, "rate": 1.744754891684761}, "datetime": {"datetime": "2024-04-12 16:47:12", "elapsed": 10194.33405, "delta": 21.8396}}
{"target": -115.85805100245217, "params": {"gamma": 2.2347307226115296, "prior": 3.8744270242284364, "rate": 1.2783434195871661}, "datetime": {"datetime": "2024-04-12 16:47:29", "elapsed": 10210.657957, "delta": 16.323907}}
{"target": -115.8565396317801, "params": {"gamma": 2.2214526980479588, "prior": 8.203298095349664, "rate": 2.698687668647955}, "datetime": {"datetime": "2024-04-12 16:47:47", "elapsed": 10228.866535, "delta": 18.208578}}
{"target": -115.86090276180839, "params": {"gamma": 2.1756704519192147, "prior": 8.717064191936462, "rate": 2.8596769493430214}, "datetime": {"datetime": "2024-04-12 16:48:00", "elapsed": 10241.813114, "delta": 12.946579}}
{"target": -115.85638353504842, "params": {"gamma": 2.1863829185907058, "prior": 10.0, "rate": 3.3039884437488114}, "datetime": {"datetime": "2024-04-12 16:48:15", "elapsed": 10257.355999, "delta": 15.542885}}
{"target": -115.86047155858836, "params": {"gamma": 2.2307402246458183, "prior": 8.343657676142815, "rate": 2.910457070645007}, "datetime": {"datetime": "2024-04-12 16:48:40", "elapsed": 10282.225353, "delta": 24.869354}}
{"target": -115.88003119847718, "params": {"gamma": 2.2196335495305246, "prior": 8.428729150560049, "rate": 3.0489236387459235}, "datetime": {"datetime": "2024-04-12 16:49:00", "elapsed": 10302.282625, "delta": 20.057272}}
{"target": -115.86071361084211, "params": {"gamma": 2.1839332454989444, "prior": 8.463597039482487, "rate": 2.762988979900321}, "datetime": {"datetime": "2024-04-12 16:49:16", "elapsed": 10318.200884, "delta": 15.918259}}
{"target": -115.85697112456008, "params": {"gamma": 2.2365135015523774, "prior": 5.50820998868402, "rate": 1.8885533232503298}, "datetime": {"datetime": "2024-04-12 16:49:25", "elapsed": 10327.626342, "delta": 9.425458}}
{"target": -115.85460307878557, "params": {"gamma": 2.193646047219604, "prior": 7.764141708407696, "rate": 2.6758454038500417}, "datetime": {"datetime": "2024-04-12 16:49:40", "elapsed": 10342.366217, "delta": 14.739875}}
{"target": -115.85659935203323, "params": {"gamma": 2.2396431368843785, "prior": 5.050278913646488, "rate": 1.6933377311743583}, "datetime": {"datetime": "2024-04-12 16:50:00", "elapsed": 10362.252218, "delta": 19.886001}}
{"target": -115.8594954949073, "params": {"gamma": 2.1727842005424463, "prior": 9.462670947584199, "rate": 3.1278272771740143}, "datetime": {"datetime": "2024-04-12 16:50:19", "elapsed": 10380.785212, "delta": 18.532994}}
{"target": -115.8561334520271, "params": {"gamma": 2.1853700629326225, "prior": 4.436827241922044, "rate": 1.5317872555935412}, "datetime": {"datetime": "2024-04-12 16:50:40", "elapsed": 10402.180544, "delta": 21.395332}}
{"target": -115.85858186552889, "params": {"gamma": 2.2330007681693975, "prior": 10.0, "rate": 3.2886112200241397}, "datetime": {"datetime": "2024-04-12 16:50:54", "elapsed": 10416.341539, "delta": 14.160995}}
{"target": -115.87067467383373, "params": {"gamma": 2.211727795411804, "prior": 8.805810608234879, "rate": 3.148960749459574}, "datetime": {"datetime": "2024-04-12 16:51:08", "elapsed": 10429.793407, "delta": 13.451868}}
{"target": -115.85492476511445, "params": {"gamma": 2.209089474600236, "prior": 4.162322656410377, "rate": 1.4394880055709587}, "datetime": {"datetime": "2024-04-12 16:51:21", "elapsed": 10443.529547, "delta": 13.73614}}
