{"target": -702.8444053937218, "params": {"gamma": 7.294247584863271, "lr": 0.7249167472191191}, "datetime": {"datetime": "2024-03-30 18:19:24", "elapsed": 2.112109, "delta": 0.003989}}
{"target": -316.86118811455765, "params": {"gamma": 3.304587071870666, "lr": 0.8434941260636555}, "datetime": {"datetime": "2024-03-30 18:19:24", "elapsed": 2.115101, "delta": 0.002992}}
{"target": -412.639509110096, "params": {"gamma": 4.284996317034784, "lr": 0.8646861447635343}, "datetime": {"datetime": "2024-03-30 18:19:24", "elapsed": 2.119091, "delta": 0.00399}}
{"target": -614.5894809699288, "params": {"gamma": 6.570997180804273, "lr": 0.5810356574180902}, "datetime": {"datetime": "2024-03-30 18:19:24", "elapsed": 2.123081, "delta": 0.00399}}
{"target": -192.88985171696, "params": {"gamma": 2.008074152862875, "lr": 0.5295466104783949}, "datetime": {"datetime": "2024-03-30 18:19:24", "elapsed": 2.12707, "delta": 0.003989}}
{"target": -1010.6082470744395, "params": {"gamma": 8.944429751857296, "lr": 0.30499397583521604}, "datetime": {"datetime": "2024-03-30 18:19:24", "elapsed": 2.130062, "delta": 0.002992}}
{"target": -821.2790028769001, "params": {"gamma": 8.709585146001372, "lr": 0.9087452728583881}, "datetime": {"datetime": "2024-03-30 18:19:24", "elapsed": 2.134051, "delta": 0.003989}}
{"target": -321.60250723956534, "params": {"gamma": 3.2991157822561417, "lr": 0.6830743663365642}, "datetime": {"datetime": "2024-03-30 18:19:24", "elapsed": 2.138041, "delta": 0.00399}}
{"target": -3220.634616316499, "params": {"gamma": 8.992310274710121, "lr": 0.07569688175830336}, "datetime": {"datetime": "2024-03-30 18:19:24", "elapsed": 2.141032, "delta": 0.002991}}
{"target": -1887.8336733806223, "params": {"gamma": 8.7860000441845, "lr": 0.1908393632684806}, "datetime": {"datetime": "2024-03-30 18:19:24", "elapsed": 2.145022, "delta": 0.00399}}
{"target": -817.7836121122804, "params": {"gamma": 8.497839331269288, "lr": 0.6671187886992039}, "datetime": {"datetime": "2024-03-30 18:19:24", "elapsed": 2.149011, "delta": 0.003989}}
{"target": -1152.6748601166628, "params": {"gamma": 3.4440476153050885, "lr": 0.151375569992799}, "datetime": {"datetime": "2024-03-30 18:19:24", "elapsed": 2.152452, "delta": 0.003441}}
{"target": -601.7427372242398, "params": {"gamma": 6.354074243923046, "lr": 0.8477880437147416}, "datetime": {"datetime": "2024-03-30 18:19:24", "elapsed": 2.156441, "delta": 0.003989}}
{"target": -769.8846295427105, "params": {"gamma": 8.218671898265342, "lr": 0.6282395971306578}, "datetime": {"datetime": "2024-03-30 18:19:24", "elapsed": 2.16043, "delta": 0.003989}}
{"target": -892.8312580999333, "params": {"gamma": 9.563058796042565, "lr": 0.5899231270757698}, "datetime": {"datetime": "2024-03-30 18:19:24", "elapsed": 2.163422, "delta": 0.002992}}
{"target": -206.07830229732394, "params": {"gamma": 1.979130013694545, "lr": 0.4293307226164923}, "datetime": {"datetime": "2024-03-30 18:19:24", "elapsed": 2.167413, "delta": 0.003991}}
{"target": -319.41663216587364, "params": {"gamma": 3.3681232410129716, "lr": 0.991945011907281}, "datetime": {"datetime": "2024-03-30 18:19:24", "elapsed": 2.171402, "delta": 0.003989}}
{"target": -359.5564553320284, "params": {"gamma": 3.8029847246765303, "lr": 0.992700873664818}, "datetime": {"datetime": "2024-03-30 18:19:24", "elapsed": 2.174394, "delta": 0.002992}}
{"target": -1180.3992602433746, "params": {"gamma": 5.188523703083409, "lr": 0.17227970147712546}, "datetime": {"datetime": "2024-03-30 18:19:24", "elapsed": 2.178383, "delta": 0.003989}}
{"target": -105.83316751766188, "params": {"gamma": 0.7466661384435471, "lr": 0.37030569377388767}, "datetime": {"datetime": "2024-03-30 18:19:24", "elapsed": 2.182373, "delta": 0.00399}}
{"target": -124.97010079526123, "params": {"gamma": 1.235065179287484, "lr": 0.6345187162918416}, "datetime": {"datetime": "2024-03-30 18:19:24", "elapsed": 2.186362, "delta": 0.003989}}
{"target": -390.6659393839137, "params": {"gamma": 4.13978453744836, "lr": 0.9909156325254501}, "datetime": {"datetime": "2024-03-30 18:19:24", "elapsed": 2.189354, "delta": 0.002992}}
{"target": -3102.3214606880947, "params": {"gamma": 9.299626280909525, "lr": 0.14923603230975002}, "datetime": {"datetime": "2024-03-30 18:19:24", "elapsed": 2.193343, "delta": 0.003989}}
{"target": -398.69352130044484, "params": {"gamma": 3.9494277431054683, "lr": 0.46157971096238615}, "datetime": {"datetime": "2024-03-30 18:19:24", "elapsed": 2.197331, "delta": 0.003988}}
{"target": -525.189496952793, "params": {"gamma": 5.609926602464331, "lr": 0.7803635232892685}, "datetime": {"datetime": "2024-03-30 18:19:24", "elapsed": 2.20132, "delta": 0.003989}}
{"target": -495.6853518167094, "params": {"gamma": 4.872451896825164, "lr": 0.4199935520102408}, "datetime": {"datetime": "2024-03-30 18:19:24", "elapsed": 2.20531, "delta": 0.00399}}
{"target": -250.5540838436932, "params": {"gamma": 2.6207350474886373, "lr": 0.9108061390867584}, "datetime": {"datetime": "2024-03-30 18:19:24", "elapsed": 2.209299, "delta": 0.003989}}
{"target": -88.26672339427225, "params": {"gamma": 0.22369284381650878, "lr": 0.8211218982189646}, "datetime": {"datetime": "2024-03-30 18:19:24", "elapsed": 2.212293, "delta": 0.002994}}
{"target": -187.61786919121997, "params": {"gamma": 1.8854955282645185, "lr": 0.6857568991725472}, "datetime": {"datetime": "2024-03-30 18:19:24", "elapsed": 2.216282, "delta": 0.003989}}
{"target": -336.4529674123263, "params": {"gamma": 3.552738684007098, "lr": 0.9742126278950913}, "datetime": {"datetime": "2024-03-30 18:19:24", "elapsed": 2.220271, "delta": 0.003989}}
{"target": -283.1977070145858, "params": {"gamma": 1.22859852236475, "lr": 0.18756989261723955}, "datetime": {"datetime": "2024-03-30 18:19:24", "elapsed": 2.22426, "delta": 0.003989}}
{"target": -830.6595769889982, "params": {"gamma": 8.894535312169324, "lr": 0.5834063146082279}, "datetime": {"datetime": "2024-03-30 18:19:24", "elapsed": 2.228248, "delta": 0.003988}}
{"target": -1109.1937181538995, "params": {"gamma": 3.0931546002031376, "lr": 0.0007643854781880233}, "datetime": {"datetime": "2024-03-30 18:19:24", "elapsed": 2.233235, "delta": 0.004987}}
{"target": -764.6433562652337, "params": {"gamma": 2.2767497854842085, "lr": 0.1454036341712357}, "datetime": {"datetime": "2024-03-30 18:19:24", "elapsed": 2.237225, "delta": 0.00399}}
{"target": -198.28786413566039, "params": {"gamma": 2.035134809876536, "lr": 0.8963225568040046}, "datetime": {"datetime": "2024-03-30 18:19:24", "elapsed": 2.241215, "delta": 0.00399}}
{"target": -840.0568673272943, "params": {"gamma": 8.731070688318136, "lr": 0.7002894376334498}, "datetime": {"datetime": "2024-03-30 18:19:24", "elapsed": 2.245203, "delta": 0.003988}}
{"target": -442.947255791926, "params": {"gamma": 4.705506263845939, "lr": 0.8271360023322883}, "datetime": {"datetime": "2024-03-30 18:19:24", "elapsed": 2.248195, "delta": 0.002992}}
{"target": -544.7508682151262, "params": {"gamma": 4.958768144455039, "lr": 0.36348868328490525}, "datetime": {"datetime": "2024-03-30 18:19:24", "elapsed": 2.252184, "delta": 0.003989}}
{"target": -263.06977851112623, "params": {"gamma": 2.7567554245058266, "lr": 0.9247408135383717}, "datetime": {"datetime": "2024-03-30 18:19:24", "elapsed": 2.256174, "delta": 0.00399}}
{"target": -390.82608172610236, "params": {"gamma": 3.8705053533286655, "lr": 0.49288087343132025}, "datetime": {"datetime": "2024-03-30 18:19:24", "elapsed": 2.260163, "delta": 0.003989}}
{"target": -248.62237745485928, "params": {"gamma": 2.5451265850419067, "lr": 0.8849665188380633}, "datetime": {"datetime": "2024-03-30 18:19:24", "elapsed": 2.263155, "delta": 0.002992}}
{"target": -451.2084210458662, "params": {"gamma": 3.833251304596062, "lr": 0.29757471531387525}, "datetime": {"datetime": "2024-03-30 18:19:24", "elapsed": 2.267144, "delta": 0.003989}}
{"target": -1543.3635181891789, "params": {"gamma": 7.17623202698535, "lr": 0.19086994317230743}, "datetime": {"datetime": "2024-03-30 18:19:24", "elapsed": 2.271134, "delta": 0.00399}}
{"target": -121.34768373155215, "params": {"gamma": 1.1828081008410374, "lr": 0.8369977822135122}, "datetime": {"datetime": "2024-03-30 18:19:24", "elapsed": 2.275123, "delta": 0.003989}}
{"target": -695.544733397898, "params": {"gamma": 7.441615077773983, "lr": 0.5905205476471171}, "datetime": {"datetime": "2024-03-30 18:19:24", "elapsed": 2.278115, "delta": 0.002992}}
{"target": -231.9137397979487, "params": {"gamma": 2.429672858073742, "lr": 0.6232471451875841}, "datetime": {"datetime": "2024-03-30 18:19:24", "elapsed": 2.282104, "delta": 0.003989}}
{"target": -730.250658453017, "params": {"gamma": 6.383914852090989, "lr": 0.32756944411232514}, "datetime": {"datetime": "2024-03-30 18:19:24", "elapsed": 2.286093, "delta": 0.003989}}
{"target": -82.6338282791208, "params": {"gamma": 0.6758259413323553, "lr": 0.8805385975643267}, "datetime": {"datetime": "2024-03-30 18:19:24", "elapsed": 2.289085, "delta": 0.002992}}
{"target": -431.8388017058216, "params": {"gamma": 4.60010735401151, "lr": 0.7638727180664299}, "datetime": {"datetime": "2024-03-30 18:19:24", "elapsed": 2.293075, "delta": 0.00399}}
{"target": -240.85443830670584, "params": {"gamma": 2.539632320806454, "lr": 0.5913871822675169}, "datetime": {"datetime": "2024-03-30 18:19:24", "elapsed": 2.297065, "delta": 0.00399}}
{"target": -471.78027795683715, "params": {"gamma": 4.288522808327629, "lr": 0.38210064254913956}, "datetime": {"datetime": "2024-03-30 18:19:24", "elapsed": 2.301054, "delta": 0.003989}}
{"target": -229.25936804784556, "params": {"gamma": 1.2680071250853806, "lr": 0.24426666320897583}, "datetime": {"datetime": "2024-03-30 18:19:24", "elapsed": 2.305044, "delta": 0.00399}}
{"target": -132.59096329621752, "params": {"gamma": 0.7943364880002312, "lr": 0.3028583047175786}, "datetime": {"datetime": "2024-03-30 18:19:24", "elapsed": 2.309033, "delta": 0.003989}}
{"target": -694.6687262286656, "params": {"gamma": 7.417306297515323, "lr": 0.6150157249710488}, "datetime": {"datetime": "2024-03-30 18:19:24", "elapsed": 2.312025, "delta": 0.002992}}
{"target": -2408.7473159932406, "params": {"gamma": 6.724438578240325, "lr": 0.00838307952503159}, "datetime": {"datetime": "2024-03-30 18:19:24", "elapsed": 2.316043, "delta": 0.004018}}
{"target": -635.09522255014, "params": {"gamma": 6.784091345540948, "lr": 0.503180690542887}, "datetime": {"datetime": "2024-03-30 18:19:24", "elapsed": 2.320032, "delta": 0.003989}}
{"target": -532.9353560557092, "params": {"gamma": 2.309853596391308, "lr": 0.17489650898192222}, "datetime": {"datetime": "2024-03-30 18:19:24", "elapsed": 2.323993, "delta": 0.003961}}
{"target": -181.8469643983701, "params": {"gamma": 1.8506446725427474, "lr": 0.8442600050750985}, "datetime": {"datetime": "2024-03-30 18:19:24", "elapsed": 2.326984, "delta": 0.002991}}
{"target": -916.5221627646465, "params": {"gamma": 9.825915303261548, "lr": 0.9137396248416316}, "datetime": {"datetime": "2024-03-30 18:19:24", "elapsed": 2.330973, "delta": 0.003989}}
{"target": -327.8955278849896, "params": {"gamma": 3.4743468343077555, "lr": 0.7802245796913637}, "datetime": {"datetime": "2024-03-30 18:19:24", "elapsed": 2.334962, "delta": 0.003989}}
{"target": -513.1666900343381, "params": {"gamma": 5.464999452423606, "lr": 0.8164423975559377}, "datetime": {"datetime": "2024-03-30 18:19:24", "elapsed": 2.338952, "delta": 0.00399}}
{"target": -453.4987397565622, "params": {"gamma": 4.8377857849378705, "lr": 0.5899512982994037}, "datetime": {"datetime": "2024-03-30 18:19:24", "elapsed": 2.343938, "delta": 0.004986}}
{"target": -2701.7774593890017, "params": {"gamma": 7.872847211795091, "lr": 0.10023464310313235}, "datetime": {"datetime": "2024-03-30 18:19:24", "elapsed": 2.347928, "delta": 0.00399}}
{"target": -589.6038004256675, "params": {"gamma": 5.370534161288567, "lr": 0.36598334666965426}, "datetime": {"datetime": "2024-03-30 18:19:24", "elapsed": 2.351917, "delta": 0.003989}}
{"target": -566.6616567907978, "params": {"gamma": 6.043464129845054, "lr": 0.9588025156370005}, "datetime": {"datetime": "2024-03-30 18:19:24", "elapsed": 2.355907, "delta": 0.00399}}
{"target": -432.654017225186, "params": {"gamma": 3.9288366270246278, "lr": 0.39297299794161644}, "datetime": {"datetime": "2024-03-30 18:19:24", "elapsed": 2.358898, "delta": 0.002991}}
{"target": -740.8611041612529, "params": {"gamma": 7.9065792989023995, "lr": 0.6450783990854264}, "datetime": {"datetime": "2024-03-30 18:19:24", "elapsed": 2.362887, "delta": 0.003989}}
{"target": -382.6119465919559, "params": {"gamma": 3.9394461945459094, "lr": 0.6889550482302514}, "datetime": {"datetime": "2024-03-30 18:19:24", "elapsed": 2.366877, "delta": 0.00399}}
{"target": -1387.5276857760182, "params": {"gamma": 4.040612088934736, "lr": 0.1361131542481221}, "datetime": {"datetime": "2024-03-30 18:19:24", "elapsed": 2.370866, "delta": 0.003989}}
{"target": -495.5572670647291, "params": {"gamma": 4.506982043452673, "lr": 0.3344193926972726}, "datetime": {"datetime": "2024-03-30 18:19:24", "elapsed": 2.373858, "delta": 0.002992}}
{"target": -210.1278795362659, "params": {"gamma": 2.180471331681618, "lr": 0.9257748016364399}, "datetime": {"datetime": "2024-03-30 18:19:24", "elapsed": 2.377847, "delta": 0.003989}}
{"target": -644.874407892468, "params": {"gamma": 6.896704351396498, "lr": 0.5988208906234219}, "datetime": {"datetime": "2024-03-30 18:19:24", "elapsed": 2.381837, "delta": 0.00399}}
{"target": -698.5818977115406, "params": {"gamma": 7.466828063757928, "lr": 0.5419710617714415}, "datetime": {"datetime": "2024-03-30 18:19:24", "elapsed": 2.385827, "delta": 0.00399}}
{"target": -655.6517580358276, "params": {"gamma": 7.005630193122407, "lr": 0.9305598192498451}, "datetime": {"datetime": "2024-03-30 18:19:24", "elapsed": 2.388818, "delta": 0.002991}}
{"target": -1957.1747778801746, "params": {"gamma": 8.626304328357714, "lr": 0.1674418575065213}, "datetime": {"datetime": "2024-03-30 18:19:24", "elapsed": 2.392807, "delta": 0.003989}}
{"target": -944.4283819252561, "params": {"gamma": 2.6321271002148183, "lr": 0.07161027944180454}, "datetime": {"datetime": "2024-03-30 18:19:24", "elapsed": 2.396797, "delta": 0.00399}}
{"target": -1520.9419629068327, "params": {"gamma": 9.786749378778312, "lr": 0.23638409866037557}, "datetime": {"datetime": "2024-03-30 18:19:24", "elapsed": 2.400786, "delta": 0.003989}}
{"target": -2340.038138816289, "params": {"gamma": 6.6063229609300596, "lr": 0.089630698927462}, "datetime": {"datetime": "2024-03-30 18:19:24", "elapsed": 2.403778, "delta": 0.002992}}
{"target": -202.02417846175652, "params": {"gamma": 2.1084986499281, "lr": 0.5028243835184045}, "datetime": {"datetime": "2024-03-30 18:19:24", "elapsed": 2.407767, "delta": 0.003989}}
{"target": -129.82524353903855, "params": {"gamma": 1.0504317296309502, "lr": 0.38887340269472437}, "datetime": {"datetime": "2024-03-30 18:19:24", "elapsed": 2.411756, "delta": 0.003989}}
{"target": -590.6719894620337, "params": {"gamma": 5.3803392136766695, "lr": 0.33920418488509996}, "datetime": {"datetime": "2024-03-30 18:19:24", "elapsed": 2.415746, "delta": 0.00399}}
{"target": -521.2413120076983, "params": {"gamma": 5.559446211054629, "lr": 0.536768321942464}, "datetime": {"datetime": "2024-03-30 18:19:24", "elapsed": 2.418738, "delta": 0.002992}}
{"target": -379.4912974532287, "params": {"gamma": 3.906714376870321, "lr": 0.6962700831011029}, "datetime": {"datetime": "2024-03-30 18:19:24", "elapsed": 2.422727, "delta": 0.003989}}
{"target": -654.2288192305917, "params": {"gamma": 6.785146057525243, "lr": 0.6873031493743899}, "datetime": {"datetime": "2024-03-30 18:19:24", "elapsed": 2.426716, "delta": 0.003989}}
{"target": -616.2763857805664, "params": {"gamma": 5.615351096734943, "lr": 0.3580799140129358}, "datetime": {"datetime": "2024-03-30 18:19:24", "elapsed": 2.430734, "delta": 0.004018}}
{"target": -574.8045230801589, "params": {"gamma": 6.131510241334756, "lr": 0.9357362666081998}, "datetime": {"datetime": "2024-03-30 18:19:24", "elapsed": 2.433698, "delta": 0.002964}}
{"target": -559.8016761789975, "params": {"gamma": 5.969288360934786, "lr": 0.9795901743594252}, "datetime": {"datetime": "2024-03-30 18:19:24", "elapsed": 2.437687, "delta": 0.003989}}
{"target": -422.4707551097228, "params": {"gamma": 4.4106251974683035, "lr": 0.7396119625075467}, "datetime": {"datetime": "2024-03-30 18:19:24", "elapsed": 2.441676, "delta": 0.003989}}
{"target": -74.88914545396327, "params": {"gamma": 0.3770011826173517, "lr": 0.7647266390004861}, "datetime": {"datetime": "2024-03-30 18:19:24", "elapsed": 2.445665, "delta": 0.003989}}
{"target": -1857.062882467505, "params": {"gamma": 5.1832975216877974, "lr": 0.0053165329611032375}, "datetime": {"datetime": "2024-03-30 18:19:24", "elapsed": 2.448658, "delta": 0.002993}}
{"target": -262.90910905254634, "params": {"gamma": 2.772723847721202, "lr": 0.5348322325198115}, "datetime": {"datetime": "2024-03-30 18:19:24", "elapsed": 2.452647, "delta": 0.003989}}
{"target": -2750.781088082982, "params": {"gamma": 7.679860819934835, "lr": 0.05309259545252509}, "datetime": {"datetime": "2024-03-30 18:19:24", "elapsed": 2.456636, "delta": 0.003989}}
{"target": -515.5696290267856, "params": {"gamma": 5.490985385061347, "lr": 0.800994555798356}, "datetime": {"datetime": "2024-03-30 18:19:24", "elapsed": 2.460625, "delta": 0.003989}}
{"target": -608.5319195483354, "params": {"gamma": 6.496180965729911, "lr": 0.9314470149929107}, "datetime": {"datetime": "2024-03-30 18:19:24", "elapsed": 2.464306, "delta": 0.003681}}
{"target": -130.7861258718007, "params": {"gamma": 0.7482397187025968, "lr": 0.2768064626005866}, "datetime": {"datetime": "2024-03-30 18:19:24", "elapsed": 2.4673, "delta": 0.002994}}
{"target": -856.5414028392673, "params": {"gamma": 9.192455805057469, "lr": 0.7650051482981429}, "datetime": {"datetime": "2024-03-30 18:19:24", "elapsed": 2.471289, "delta": 0.003989}}
{"target": -562.4388490441365, "params": {"gamma": 5.9978037043765156, "lr": 0.8329681438370704}, "datetime": {"datetime": "2024-03-30 18:19:24", "elapsed": 2.475279, "delta": 0.00399}}
{"target": -836.4753632853225, "params": {"gamma": 8.960538872258445, "lr": 0.9727203528528249}, "datetime": {"datetime": "2024-03-30 18:19:24", "elapsed": 2.479268, "delta": 0.003989}}
{"target": -3426.3126940637544, "params": {"gamma": 9.98520655039097, "lr": 0.13964933368410348}, "datetime": {"datetime": "2024-03-30 18:19:24", "elapsed": 2.48226, "delta": 0.002992}}
{"target": -270.1012033524932, "params": {"gamma": 0.7063499053922482, "lr": 0.07346665436012334}, "datetime": {"datetime": "2024-03-30 18:19:24", "elapsed": 2.486249, "delta": 0.003989}}
{"target": -101.00166223295554, "params": {"gamma": 0.14842316520856935, "lr": 0.971820072977926}, "datetime": {"datetime": "2024-03-30 18:19:24", "elapsed": 2.490239, "delta": 0.00399}}
{"target": -101.52840237798132, "params": {"gamma": 0.9485743976558341, "lr": 0.8417368261858497}, "datetime": {"datetime": "2024-03-30 18:19:24", "elapsed": 2.494228, "delta": 0.003989}}
{"target": -688.685062463133, "params": {"gamma": 6.852044796080089, "lr": 0.4875571674829181}, "datetime": {"datetime": "2024-03-30 18:19:24", "elapsed": 2.49722, "delta": 0.002992}}
{"target": -382.5424847625279, "params": {"gamma": 3.4676021187044235, "lr": 0.35364778706700506}, "datetime": {"datetime": "2024-03-30 18:19:24", "elapsed": 2.501209, "delta": 0.003989}}
{"target": -243.05071572459195, "params": {"gamma": 2.539134984589525, "lr": 0.9110179736986265}, "datetime": {"datetime": "2024-03-30 18:19:24", "elapsed": 2.505198, "delta": 0.003989}}
{"target": -2599.2918810501237, "params": {"gamma": 7.256699812403196, "lr": 0.025925792784269874}, "datetime": {"datetime": "2024-03-30 18:19:24", "elapsed": 2.508191, "delta": 0.002993}}
{"target": -557.4985020341986, "params": {"gamma": 4.615751011217899, "lr": 0.28130127253681136}, "datetime": {"datetime": "2024-03-30 18:19:24", "elapsed": 2.51218, "delta": 0.003989}}
{"target": -81.1210191100854, "params": {"gamma": 0.2906328955928069, "lr": 0.8846818943092944}, "datetime": {"datetime": "2024-03-30 18:19:24", "elapsed": 2.516169, "delta": 0.003989}}
{"target": -875.472950168195, "params": {"gamma": 7.710282574188869, "lr": 0.32973507924426093}, "datetime": {"datetime": "2024-03-30 18:19:24", "elapsed": 2.520158, "delta": 0.003989}}
{"target": -903.4497230617017, "params": {"gamma": 7.965789316779574, "lr": 0.3246383222029966}, "datetime": {"datetime": "2024-03-30 18:19:24", "elapsed": 2.52315, "delta": 0.002992}}
{"target": -292.80132489199633, "params": {"gamma": 3.0795165557326496, "lr": 0.9281090785007262}, "datetime": {"datetime": "2024-03-30 18:19:24", "elapsed": 2.52714, "delta": 0.00399}}
{"target": -912.6938611106905, "params": {"gamma": 9.769184703296556, "lr": 0.5235553047168928}, "datetime": {"datetime": "2024-03-30 18:19:24", "elapsed": 2.531129, "delta": 0.003989}}
{"target": -907.2083349469663, "params": {"gamma": 9.519399740511682, "lr": 0.8879964939264646}, "datetime": {"datetime": "2024-03-30 18:19:24", "elapsed": 2.535118, "delta": 0.003989}}
{"target": -568.9356704768904, "params": {"gamma": 5.180807583382493, "lr": 0.3727488020974856}, "datetime": {"datetime": "2024-03-30 18:19:24", "elapsed": 2.53811, "delta": 0.002992}}
{"target": -713.8608131176104, "params": {"gamma": 7.103835428617774, "lr": 0.455643424642054}, "datetime": {"datetime": "2024-03-30 18:19:24", "elapsed": 2.5421, "delta": 0.00399}}
{"target": -567.4995208753966, "params": {"gamma": 6.052523738337006, "lr": 0.9904061968899467}, "datetime": {"datetime": "2024-03-30 18:19:24", "elapsed": 2.546089, "delta": 0.003989}}
{"target": -847.7574703125944, "params": {"gamma": 7.739388583314729, "lr": 0.33427640499382627}, "datetime": {"datetime": "2024-03-30 18:19:24", "elapsed": 2.550078, "delta": 0.003989}}
{"target": -218.4722499490009, "params": {"gamma": 0.8908932100029573, "lr": 0.18490559027840836}, "datetime": {"datetime": "2024-03-30 18:19:24", "elapsed": 2.55307, "delta": 0.002992}}
