{"target": -459.5603266619103, "params": {"gamma": 4.903044972676658, "lr": 0.5991103076458784}, "datetime": {"datetime": "2024-03-30 18:19:22", "elapsed": 0.419875, "delta": 0.006982}}
{"target": -102.13552477958788, "params": {"gamma": 0.15631722223280642, "lr": 0.5934814081966372}, "datetime": {"datetime": "2024-03-30 18:19:22", "elapsed": 0.424862, "delta": 0.004987}}
{"target": -408.91912315556925, "params": {"gamma": 4.337329813545594, "lr": 0.8073605288848414}, "datetime": {"datetime": "2024-03-30 18:19:22", "elapsed": 0.429847, "delta": 0.004985}}
{"target": -302.0897224918457, "params": {"gamma": 3.153132786150634, "lr": 0.8928887085251513}, "datetime": {"datetime": "2024-03-30 18:19:22", "elapsed": 0.435832, "delta": 0.005985}}
{"target": -1244.4316825833316, "params": {"gamma": 5.778994295630071, "lr": 0.18401020162746506}, "datetime": {"datetime": "2024-03-30 18:19:22", "elapsed": 0.440819, "delta": 0.004987}}
{"target": -737.6504817883579, "params": {"gamma": 7.8795044090212185, "lr": 0.6120311770449339}, "datetime": {"datetime": "2024-03-30 18:19:22", "elapsed": 0.446802, "delta": 0.005983}}
{"target": -92.32893604968369, "params": {"gamma": 0.5400388114654558, "lr": 0.4201936800011322}, "datetime": {"datetime": "2024-03-30 18:19:22", "elapsed": 0.452787, "delta": 0.005985}}
{"target": -635.8008440282803, "params": {"gamma": 6.791009296817731, "lr": 0.9186017779775258}, "datetime": {"datetime": "2024-03-30 18:19:22", "elapsed": 0.459768, "delta": 0.006981}}
{"target": -142.29112408596924, "params": {"gamma": 0.005019846888682974, "lr": 0.9767591490310596}, "datetime": {"datetime": "2024-03-30 18:19:22", "elapsed": 0.465751, "delta": 0.005983}}
{"target": -356.18062104852004, "params": {"gamma": 3.766426567142999, "lr": 0.9737835383583225}, "datetime": {"datetime": "2024-03-30 18:19:22", "elapsed": 0.471301, "delta": 0.00555}}
{"target": -567.0401197154799, "params": {"gamma": 6.047556293639557, "lr": 0.828845807980693}, "datetime": {"datetime": "2024-03-30 18:19:22", "elapsed": 0.477284, "delta": 0.005983}}
{"target": -540.1015633449598, "params": {"gamma": 5.747540335576315, "lr": 0.6280761983073504}, "datetime": {"datetime": "2024-03-30 18:19:22", "elapsed": 0.483268, "delta": 0.005984}}
{"target": -269.9882491158597, "params": {"gamma": 2.8564772406752437, "lr": 0.586833340656083}, "datetime": {"datetime": "2024-03-30 18:19:22", "elapsed": 0.487257, "delta": 0.003989}}
{"target": -716.4221256065855, "params": {"gamma": 7.500467615262897, "lr": 0.8583138364290424}, "datetime": {"datetime": "2024-03-30 18:19:22", "elapsed": 0.491246, "delta": 0.003989}}
{"target": -727.3694092099954, "params": {"gamma": 7.551066802488335, "lr": 0.698057248447303}, "datetime": {"datetime": "2024-03-30 18:19:22", "elapsed": 0.494239, "delta": 0.002993}}
{"target": -977.8135517952117, "params": {"gamma": 8.644929821115943, "lr": 0.32268099683674645}, "datetime": {"datetime": "2024-03-30 18:19:22", "elapsed": 0.49723, "delta": 0.002991}}
{"target": -674.3045994012214, "params": {"gamma": 6.708217119085085, "lr": 0.45087393641334916}, "datetime": {"datetime": "2024-03-30 18:19:22", "elapsed": 0.50122, "delta": 0.00399}}
{"target": -389.7570395123382, "params": {"gamma": 3.8216454175631407, "lr": 0.4108113499221856}, "datetime": {"datetime": "2024-03-30 18:19:22", "elapsed": 0.504211, "delta": 0.002991}}
{"target": -471.1049051953568, "params": {"gamma": 4.015394355111937, "lr": 0.3173839459582769}, "datetime": {"datetime": "2024-03-30 18:19:22", "elapsed": 0.508201, "delta": 0.00399}}
{"target": -631.6685201135448, "params": {"gamma": 6.219571759835095, "lr": 0.43024727082126435}, "datetime": {"datetime": "2024-03-30 18:19:22", "elapsed": 0.511193, "delta": 0.002992}}
{"target": -936.2222829192243, "params": {"gamma": 9.738046977194596, "lr": 0.6778008914343111}, "datetime": {"datetime": "2024-03-30 18:19:22", "elapsed": 0.515182, "delta": 0.003989}}
{"target": -206.79507494199513, "params": {"gamma": 1.9865003143826816, "lr": 0.4267010093480328}, "datetime": {"datetime": "2024-03-30 18:19:22", "elapsed": 0.518174, "delta": 0.002992}}
{"target": -324.18603720088333, "params": {"gamma": 3.4341190515044557, "lr": 0.7976388039585666}, "datetime": {"datetime": "2024-03-30 18:19:22", "elapsed": 0.521166, "delta": 0.002992}}
{"target": -829.7422974684115, "params": {"gamma": 8.800102887345755, "lr": 0.903841955826372}, "datetime": {"datetime": "2024-03-30 18:19:22", "elapsed": 0.525155, "delta": 0.003989}}
{"target": -786.7452597664236, "params": {"gamma": 6.627535403940247, "lr": 0.2702082620297578}, "datetime": {"datetime": "2024-03-30 18:19:22", "elapsed": 0.528147, "delta": 0.002992}}
{"target": -244.22739579544856, "params": {"gamma": 2.5244146483443926, "lr": 0.8548979426974024}, "datetime": {"datetime": "2024-03-30 18:19:22", "elapsed": 0.531139, "delta": 0.002992}}
{"target": -495.8400791099736, "params": {"gamma": 5.277618748441158, "lr": 0.8021610840045981}, "datetime": {"datetime": "2024-03-30 18:19:22", "elapsed": 0.535129, "delta": 0.00399}}
{"target": -546.6198497514112, "params": {"gamma": 5.725312683398872, "lr": 0.7331425252875111}, "datetime": {"datetime": "2024-03-30 18:19:22", "elapsed": 0.53812, "delta": 0.002991}}
{"target": -486.41871352577255, "params": {"gamma": 5.190597263013095, "lr": 0.770883910501888}, "datetime": {"datetime": "2024-03-30 18:19:22", "elapsed": 0.54211, "delta": 0.00399}}
{"target": -572.4146632436373, "params": {"gamma": 5.689011049056451, "lr": 0.4657098785919809}, "datetime": {"datetime": "2024-03-30 18:19:22", "elapsed": 0.545102, "delta": 0.002992}}
{"target": -1228.7738951337315, "params": {"gamma": 3.4275463906248644, "lr": 0.06820934841670412}, "datetime": {"datetime": "2024-03-30 18:19:22", "elapsed": 0.548094, "delta": 0.002992}}
{"target": -1354.8061187906792, "params": {"gamma": 3.7798638691016704, "lr": 0.07962607769825236}, "datetime": {"datetime": "2024-03-30 18:19:22", "elapsed": 0.552083, "delta": 0.003989}}
{"target": -2228.7967967407494, "params": {"gamma": 9.82818832019072, "lr": 0.18161285133076377}, "datetime": {"datetime": "2024-03-30 18:19:22", "elapsed": 0.555075, "delta": 0.002992}}
{"target": -774.8506550499246, "params": {"gamma": 8.118775118507678, "lr": 0.8749616449558981}, "datetime": {"datetime": "2024-03-30 18:19:22", "elapsed": 0.558067, "delta": 0.002992}}
{"target": -644.4265167262539, "params": {"gamma": 6.884444110607048, "lr": 0.5694944127453757}, "datetime": {"datetime": "2024-03-30 18:19:22", "elapsed": 0.562057, "delta": 0.00399}}
{"target": -169.3117966775874, "params": {"gamma": 1.610553396719272, "lr": 0.4668800227633063}, "datetime": {"datetime": "2024-03-30 18:19:22", "elapsed": 0.565048, "delta": 0.002991}}
{"target": -553.071463668596, "params": {"gamma": 3.452375339500995, "lr": 0.2250399578140846}, "datetime": {"datetime": "2024-03-30 18:19:22", "elapsed": 0.569038, "delta": 0.00399}}
{"target": -680.0690270181045, "params": {"gamma": 5.925526175789202, "lr": 0.31226983770191696}, "datetime": {"datetime": "2024-03-30 18:19:22", "elapsed": 0.572029, "delta": 0.002991}}
{"target": -855.21573149755, "params": {"gamma": 9.163139229130039, "lr": 0.9096355249515571}, "datetime": {"datetime": "2024-03-30 18:19:22", "elapsed": 0.575022, "delta": 0.002993}}
{"target": -884.5075087022504, "params": {"gamma": 2.57192581952818, "lr": 0.1108913007440292}, "datetime": {"datetime": "2024-03-30 18:19:22", "elapsed": 0.579011, "delta": 0.003989}}
{"target": -199.53500608034025, "params": {"gamma": 1.9304343574591094, "lr": 0.49958417067888605}, "datetime": {"datetime": "2024-03-30 18:19:22", "elapsed": 0.582003, "delta": 0.002992}}
{"target": -1138.3726825338613, "params": {"gamma": 7.286128094077989, "lr": 0.20819443840879148}, "datetime": {"datetime": "2024-03-30 18:19:22", "elapsed": 0.584995, "delta": 0.002992}}
{"target": -240.2025534793894, "params": {"gamma": 2.48108755021393, "lr": 0.851671874936367}, "datetime": {"datetime": "2024-03-30 18:19:22", "elapsed": 0.588984, "delta": 0.003989}}
{"target": -391.83401978928646, "params": {"gamma": 4.159071333957006, "lr": 0.6166850671552362}, "datetime": {"datetime": "2024-03-30 18:19:22", "elapsed": 0.591976, "delta": 0.002992}}
{"target": -804.3521248434098, "params": {"gamma": 2.3374277262532615, "lr": 0.10196725942579743}, "datetime": {"datetime": "2024-03-30 18:19:22", "elapsed": 0.595966, "delta": 0.00399}}
{"target": -519.452963339705, "params": {"gamma": 5.159054312668331, "lr": 0.47714098704978236}, "datetime": {"datetime": "2024-03-30 18:19:22", "elapsed": 0.598957, "delta": 0.002991}}
{"target": -150.049441345011, "params": {"gamma": 1.5275637692875392, "lr": 0.6218062317404155}, "datetime": {"datetime": "2024-03-30 18:19:22", "elapsed": 0.601949, "delta": 0.002992}}
{"target": -511.56477361395304, "params": {"gamma": 5.440557178020568, "lr": 0.6541373469707443}, "datetime": {"datetime": "2024-03-30 18:19:22", "elapsed": 0.605939, "delta": 0.00399}}
{"target": -142.5234790375502, "params": {"gamma": 1.4463108557064734, "lr": 0.7515278171352439}, "datetime": {"datetime": "2024-03-30 18:19:22", "elapsed": 0.608959, "delta": 0.00302}}
{"target": -212.30982279023635, "params": {"gamma": 2.221269348859427, "lr": 0.519351824366033}, "datetime": {"datetime": "2024-03-30 18:19:22", "elapsed": 0.611923, "delta": 0.002964}}
{"target": -2812.8268244341652, "params": {"gamma": 7.853174986187969, "lr": 0.02233042799180618}, "datetime": {"datetime": "2024-03-30 18:19:22", "elapsed": 0.615912, "delta": 0.003989}}
{"target": -314.4466040753472, "params": {"gamma": 3.2443002348021386, "lr": 0.872922376400111}, "datetime": {"datetime": "2024-03-30 18:19:22", "elapsed": 0.618904, "delta": 0.002992}}
{"target": -789.7562630561814, "params": {"gamma": 8.447251366413093, "lr": 0.5384405925945437}, "datetime": {"datetime": "2024-03-30 18:19:22", "elapsed": 0.622893, "delta": 0.003989}}
{"target": -809.2508174506037, "params": {"gamma": 8.666216133390963, "lr": 0.9498059913536265}, "datetime": {"datetime": "2024-03-30 18:19:22", "elapsed": 0.625885, "delta": 0.002992}}
{"target": -780.333195631258, "params": {"gamma": 8.264243569295784, "lr": 0.8541154438365387}, "datetime": {"datetime": "2024-03-30 18:19:22", "elapsed": 0.628877, "delta": 0.002992}}
{"target": -104.67552894684829, "params": {"gamma": 0.9883352748016633, "lr": 0.651304332340991}, "datetime": {"datetime": "2024-03-30 18:19:22", "elapsed": 0.632866, "delta": 0.003989}}
{"target": -659.160965861206, "params": {"gamma": 7.035466364538378, "lr": 0.6102408126466297}, "datetime": {"datetime": "2024-03-30 18:19:22", "elapsed": 0.635858, "delta": 0.002992}}
{"target": -2864.084035884546, "params": {"gamma": 7.996353002098545, "lr": 0.03457121987163425}, "datetime": {"datetime": "2024-03-30 18:19:22", "elapsed": 0.63885, "delta": 0.002992}}
{"target": -733.4470104759166, "params": {"gamma": 7.702617106815245, "lr": 0.731728600739527}, "datetime": {"datetime": "2024-03-30 18:19:22", "elapsed": 0.64284, "delta": 0.00399}}
{"target": -328.2967961766532, "params": {"gamma": 2.5977242345902325, "lr": 0.2570692988221467}, "datetime": {"datetime": "2024-03-30 18:19:22", "elapsed": 0.645832, "delta": 0.002992}}
{"target": -693.4312333658276, "params": {"gamma": 6.323400870983849, "lr": 0.34529746159108154}, "datetime": {"datetime": "2024-03-30 18:19:22", "elapsed": 0.649821, "delta": 0.003989}}
{"target": -800.0796183323437, "params": {"gamma": 7.966090191394868, "lr": 0.44614623200345727}, "datetime": {"datetime": "2024-03-30 18:19:22", "elapsed": 0.652813, "delta": 0.002992}}
{"target": -731.690712868346, "params": {"gamma": 7.827711398426936, "lr": 0.9904717836238407}, "datetime": {"datetime": "2024-03-30 18:19:22", "elapsed": 0.656874, "delta": 0.004061}}
{"target": -1006.0206237437372, "params": {"gamma": 3.0031831469994668, "lr": 0.14300582825809938}, "datetime": {"datetime": "2024-03-30 18:19:22", "elapsed": 0.660373, "delta": 0.003499}}
{"target": -842.3866123288376, "params": {"gamma": 9.01318305505639, "lr": 0.5415593788873733}, "datetime": {"datetime": "2024-03-30 18:19:22", "elapsed": 0.663365, "delta": 0.002992}}
{"target": -912.0567143893275, "params": {"gamma": 9.747428968179968, "lr": 0.6366044000018972}, "datetime": {"datetime": "2024-03-30 18:19:22", "elapsed": 0.666357, "delta": 0.002992}}
{"target": -928.4992375476019, "params": {"gamma": 9.939136333080178, "lr": 0.5460708041429516}, "datetime": {"datetime": "2024-03-30 18:19:22", "elapsed": 0.670346, "delta": 0.003989}}
{"target": -1807.2517430366663, "params": {"gamma": 5.264732913121308, "lr": 0.1354279030721699}, "datetime": {"datetime": "2024-03-30 18:19:22", "elapsed": 0.673369, "delta": 0.003023}}
{"target": -1275.327303529069, "params": {"gamma": 3.5576960046678274, "lr": 0.026218567296373285}, "datetime": {"datetime": "2024-03-30 18:19:22", "elapsed": 0.677366, "delta": 0.003997}}
{"target": -159.3622550181658, "params": {"gamma": 1.6047914000169714, "lr": 0.7456371927074961}, "datetime": {"datetime": "2024-03-30 18:19:22", "elapsed": 0.680347, "delta": 0.002981}}
{"target": -96.28803633217642, "params": {"gamma": 0.3049664995979595, "lr": 0.36654309724374434}, "datetime": {"datetime": "2024-03-30 18:19:22", "elapsed": 0.68334, "delta": 0.002993}}
{"target": -829.7935805768162, "params": {"gamma": 8.623600182127603, "lr": 0.6926777175073543}, "datetime": {"datetime": "2024-03-30 18:19:22", "elapsed": 0.687328, "delta": 0.003988}}
{"target": -1486.3399026957136, "params": {"gamma": 6.90973047851962, "lr": 0.18863680095531088}, "datetime": {"datetime": "2024-03-30 18:19:22", "elapsed": 0.690293, "delta": 0.002965}}
{"target": -414.6693576137308, "params": {"gamma": 4.419600903203486, "lr": 0.5815774073442912}, "datetime": {"datetime": "2024-03-30 18:19:22", "elapsed": 0.694282, "delta": 0.003989}}
{"target": -1537.890747086683, "params": {"gamma": 9.897527324929388, "lr": 0.20390622523312185}, "datetime": {"datetime": "2024-03-30 18:19:22", "elapsed": 0.697274, "delta": 0.002992}}
{"target": -314.80261448786456, "params": {"gamma": 2.478081284721786, "lr": 0.26217308377291193}, "datetime": {"datetime": "2024-03-30 18:19:22", "elapsed": 0.701264, "delta": 0.00399}}
{"target": -753.670872087044, "params": {"gamma": 7.50197396056663, "lr": 0.4569753274356928}, "datetime": {"datetime": "2024-03-30 18:19:22", "elapsed": 0.704255, "delta": 0.002991}}
{"target": -79.0096533447185, "params": {"gamma": 0.5702374546725388, "lr": 0.5085162406102396}, "datetime": {"datetime": "2024-03-30 18:19:22", "elapsed": 0.71027, "delta": 0.006015}}
{"target": -203.50015502854603, "params": {"gamma": 2.120389686272116, "lr": 0.7986042447602102}, "datetime": {"datetime": "2024-03-30 18:19:22", "elapsed": 0.71326, "delta": 0.00299}}
{"target": -1066.6019541442179, "params": {"gamma": 2.9740164836912153, "lr": 0.02760601195450363}, "datetime": {"datetime": "2024-03-30 18:19:22", "elapsed": 0.717249, "delta": 0.003989}}
{"target": -562.5404926031127, "params": {"gamma": 5.934731062196747, "lr": 0.8438404289311888}, "datetime": {"datetime": "2024-03-30 18:19:22", "elapsed": 0.72024, "delta": 0.002991}}
{"target": -365.8853449465718, "params": {"gamma": 3.81078022449808, "lr": 0.7498583107261434}, "datetime": {"datetime": "2024-03-30 18:19:22", "elapsed": 0.723205, "delta": 0.002965}}
{"target": -479.6503147662835, "params": {"gamma": 5.111903641492986, "lr": 0.5409518049621886}, "datetime": {"datetime": "2024-03-30 18:19:22", "elapsed": 0.727222, "delta": 0.004017}}
{"target": -895.1055950626853, "params": {"gamma": 9.594383776296462, "lr": 0.8039608914986468}, "datetime": {"datetime": "2024-03-30 18:19:22", "elapsed": 0.730215, "delta": 0.002993}}
{"target": -77.01659274821203, "params": {"gamma": 0.3241983431691163, "lr": 0.7093872512312951}, "datetime": {"datetime": "2024-03-30 18:19:22", "elapsed": 0.734206, "delta": 0.003991}}
{"target": -437.86727176423864, "params": {"gamma": 4.650549814153498, "lr": 0.9475489413950998}, "datetime": {"datetime": "2024-03-30 18:19:22", "elapsed": 0.737167, "delta": 0.002961}}
{"target": -285.23776895901557, "params": {"gamma": 2.2151059105005597, "lr": 0.2670720196843658}, "datetime": {"datetime": "2024-03-30 18:19:22", "elapsed": 0.741155, "delta": 0.003988}}
{"target": -104.58551672876801, "params": {"gamma": 0.8156581748077427, "lr": 0.42861882866378653}, "datetime": {"datetime": "2024-03-30 18:19:22", "elapsed": 0.744147, "delta": 0.002992}}
{"target": -112.90519973892313, "params": {"gamma": 1.091078621426664, "lr": 0.6337867606119179}, "datetime": {"datetime": "2024-03-30 18:19:22", "elapsed": 0.747168, "delta": 0.003021}}
{"target": -773.0896383701838, "params": {"gamma": 8.029829410500005, "lr": 0.6968004961201785}, "datetime": {"datetime": "2024-03-30 18:19:22", "elapsed": 0.751158, "delta": 0.00399}}
{"target": -839.3604227047856, "params": {"gamma": 7.66234759937663, "lr": 0.3424541198435198}, "datetime": {"datetime": "2024-03-30 18:19:22", "elapsed": 0.754121, "delta": 0.002963}}
{"target": -857.7940613331469, "params": {"gamma": 8.45866897879375, "lr": 0.42876877499944255}, "datetime": {"datetime": "2024-03-30 18:19:22", "elapsed": 0.75811, "delta": 0.003989}}
{"target": -771.8936261867484, "params": {"gamma": 8.240274694252776, "lr": 0.6264961586242938}, "datetime": {"datetime": "2024-03-30 18:19:22", "elapsed": 0.761102, "delta": 0.002992}}
{"target": -518.5228954782799, "params": {"gamma": 1.435087063653779, "lr": 0.07838689985494796}, "datetime": {"datetime": "2024-03-30 18:19:22", "elapsed": 0.764094, "delta": 0.002992}}
{"target": -145.80363972967308, "params": {"gamma": 0.1843080964871599, "lr": 0.06672499763935646}, "datetime": {"datetime": "2024-03-30 18:19:22", "elapsed": 0.768084, "delta": 0.00399}}
{"target": -1574.6368356207597, "params": {"gamma": 4.586379553270611, "lr": 0.11334192276759048}, "datetime": {"datetime": "2024-03-30 18:19:22", "elapsed": 0.771076, "delta": 0.002992}}
{"target": -81.0348378591205, "params": {"gamma": 0.27880570513785086, "lr": 0.7548614813904674}, "datetime": {"datetime": "2024-03-30 18:19:22", "elapsed": 0.775065, "delta": 0.003989}}
{"target": -378.9288701827007, "params": {"gamma": 3.949109954125934, "lr": 0.7469384956075251}, "datetime": {"datetime": "2024-03-30 18:19:22", "elapsed": 0.778057, "delta": 0.002992}}
{"target": -456.0818569833882, "params": {"gamma": 4.52459586263777, "lr": 0.4500867470007611}, "datetime": {"datetime": "2024-03-30 18:19:22", "elapsed": 0.782047, "delta": 0.00399}}
{"target": -481.7106886213155, "params": {"gamma": 4.7812469946715925, "lr": 0.47400392656219403}, "datetime": {"datetime": "2024-03-30 18:19:22", "elapsed": 0.785038, "delta": 0.002991}}
{"target": -814.6848207177072, "params": {"gamma": 8.031830257799582, "lr": 0.40239251985773583}, "datetime": {"datetime": "2024-03-30 18:19:22", "elapsed": 0.789027, "delta": 0.003989}}
{"target": -3240.1980482202534, "params": {"gamma": 9.046956917275887, "lr": 0.037061047954035864}, "datetime": {"datetime": "2024-03-30 18:19:22", "elapsed": 0.792019, "delta": 0.002992}}
{"target": -2655.8580772401388, "params": {"gamma": 7.738969552861467, "lr": 0.12564138113773882}, "datetime": {"datetime": "2024-03-30 18:19:22", "elapsed": 0.795011, "delta": 0.002992}}
{"target": -2215.822022765858, "params": {"gamma": 6.185517155553943, "lr": 0.010364261335231939}, "datetime": {"datetime": "2024-03-30 18:19:22", "elapsed": 0.799, "delta": 0.003989}}
{"target": -1929.8828919538682, "params": {"gamma": 5.386734198480894, "lr": 0.0030179566195963625}, "datetime": {"datetime": "2024-03-30 18:19:22", "elapsed": 0.801992, "delta": 0.002992}}
{"target": -896.3028162889016, "params": {"gamma": 9.511986661116556, "lr": 0.905402033702778}, "datetime": {"datetime": "2024-03-30 18:19:22", "elapsed": 0.805982, "delta": 0.00399}}
{"target": -743.9153575461795, "params": {"gamma": 7.959873452480752, "lr": 0.9152743199147875}, "datetime": {"datetime": "2024-03-30 18:19:22", "elapsed": 0.808974, "delta": 0.002992}}
{"target": -493.5767240732812, "params": {"gamma": 1.4564367533528122, "lr": 0.15773006987053328}, "datetime": {"datetime": "2024-03-30 18:19:22", "elapsed": 0.811965, "delta": 0.002991}}
{"target": -181.4544187378353, "params": {"gamma": 1.8771290973514374, "lr": 0.6224959022999211}, "datetime": {"datetime": "2024-03-30 18:19:22", "elapsed": 0.815955, "delta": 0.00399}}
{"target": -845.5079304309863, "params": {"gamma": 9.05818915058701, "lr": 0.9899551783590737}, "datetime": {"datetime": "2024-03-30 18:19:22", "elapsed": 0.818947, "delta": 0.002992}}
{"target": -677.5913565078304, "params": {"gamma": 7.111513465199394, "lr": 0.7318004091422953}, "datetime": {"datetime": "2024-03-30 18:19:22", "elapsed": 0.822936, "delta": 0.003989}}
{"target": -921.8624962235303, "params": {"gamma": 9.093022752238, "lr": 0.4008737323711209}, "datetime": {"datetime": "2024-03-30 18:19:22", "elapsed": 0.825928, "delta": 0.002992}}
{"target": -575.1268555873393, "params": {"gamma": 2.4992569515701426, "lr": 0.17343017078712286}, "datetime": {"datetime": "2024-03-30 18:19:22", "elapsed": 0.829918, "delta": 0.00399}}
{"target": -121.27369852672774, "params": {"gamma": 1.1954510462869563, "lr": 0.8126105880328287}, "datetime": {"datetime": "2024-03-30 18:19:22", "elapsed": 0.83291, "delta": 0.002992}}
{"target": -202.77474660766035, "params": {"gamma": 1.4687769417990144, "lr": 0.2642974827269007}, "datetime": {"datetime": "2024-03-30 18:19:22", "elapsed": 0.835931, "delta": 0.003021}}
{"target": -928.1174114727902, "params": {"gamma": 8.191072697156674, "lr": 0.31058725179421}, "datetime": {"datetime": "2024-03-30 18:19:22", "elapsed": 0.839919, "delta": 0.003988}}
{"target": -1151.1501151899888, "params": {"gamma": 9.824192075480136, "lr": 0.2666387021516352}, "datetime": {"datetime": "2024-03-30 18:19:22", "elapsed": 0.842912, "delta": 0.002993}}
{"target": -615.6516130293988, "params": {"gamma": 5.336999796367143, "lr": 0.31446701118584963}, "datetime": {"datetime": "2024-03-30 18:19:22", "elapsed": 0.846901, "delta": 0.003989}}
