{"target": -69.82415100804626, "params": {"p_ai": 3.9591290487074438, "p_al": 4.5639940608276115, "p_ex": 10.0, "prior": 4.87676528893726, "rate": 2.226659613377393}, "datetime": {"datetime": "2024-03-29 14:20:10", "elapsed": 13819.696808, "delta": 34.074165}}
{"target": -56.67091882797608, "params": {"p_ai": 8.623447356098449, "p_al": 5.259398701638547, "p_ex": 4.330201227319515, "prior": 10.0, "rate": 10.0}, "datetime": {"datetime": "2024-03-29 14:20:33", "elapsed": 13843.123663, "delta": 23.426855}}
{"target": -146.2258596657665, "params": {"p_ai": 0.001, "p_al": 0.001, "p_ex": 0.001, "prior": 7.159441953256928, "rate": 0.001}, "datetime": {"datetime": "2024-03-29 14:21:06", "elapsed": 13875.732926, "delta": 32.609263}}
{"target": -114.50942694187736, "params": {"p_ai": 3.245378801926048, "p_al": 5.1590399579082105, "p_ex": 10.0, "prior": 6.594349857503706, "rate": 0.001}, "datetime": {"datetime": "2024-03-29 14:21:40", "elapsed": 13909.537224, "delta": 33.804298}}
{"target": -50.077243406350284, "params": {"p_ai": 8.498698854663708, "p_al": 6.871779801075658, "p_ex": 4.892086127469543, "prior": 1.5251489123832793, "rate": 9.99187634766472}, "datetime": {"datetime": "2024-03-29 14:22:02", "elapsed": 13932.108309, "delta": 22.571085}}
{"target": -57.042344401792036, "params": {"p_ai": 7.217384146274527, "p_al": 2.2763383582364645, "p_ex": 6.164318817194809, "prior": 10.0, "rate": 5.906847179472226}, "datetime": {"datetime": "2024-03-29 14:22:26", "elapsed": 13956.121168, "delta": 24.012859}}
{"target": -72.94521005769157, "params": {"p_ai": 9.988412921509115, "p_al": 0.06273832014612739, "p_ex": 1.3044646473703496, "prior": 3.372315313168097, "rate": 2.5786903269818544}, "datetime": {"datetime": "2024-03-29 14:22:48", "elapsed": 13978.091037, "delta": 21.969869}}
{"target": -65.46610247730493, "params": {"p_ai": 10.0, "p_al": 0.001, "p_ex": 2.29841237323453, "prior": 8.339855073079972, "rate": 7.0441482076572965}, "datetime": {"datetime": "2024-03-29 14:23:10", "elapsed": 13999.883857, "delta": 21.79282}}
{"target": -55.4991446421412, "params": {"p_ai": 5.504068383271542, "p_al": 7.757804064326706, "p_ex": 10.0, "prior": 3.958935004820144, "rate": 10.0}, "datetime": {"datetime": "2024-03-29 14:23:33", "elapsed": 14022.140973, "delta": 22.257116}}
{"target": -57.68561663406713, "params": {"p_ai": 6.0973987665036224, "p_al": 4.562026170142068, "p_ex": 10.0, "prior": 8.285568175042636, "rate": 6.759837863716426}, "datetime": {"datetime": "2024-03-29 14:24:21", "elapsed": 14071.082702, "delta": 48.941729}}
{"target": -95.16302197389228, "params": {"p_ai": 2.9924435777164464, "p_al": 0.001, "p_ex": 0.001, "prior": 8.193369006054489, "rate": 10.0}, "datetime": {"datetime": "2024-03-29 14:24:52", "elapsed": 14102.125944, "delta": 31.043242}}
{"target": -63.63595288810238, "params": {"p_ai": 6.771636844106597, "p_al": 3.684654249210047, "p_ex": 1.9943028448445557, "prior": 2.5639688756540666, "rate": 8.219379091710195}, "datetime": {"datetime": "2024-03-29 14:25:23", "elapsed": 14133.058465, "delta": 30.932521}}
{"target": -54.751673506392564, "params": {"p_ai": 10.0, "p_al": 2.6066845276483024, "p_ex": 7.079492724579817, "prior": 8.373802276039804, "rate": 6.4052707044476875}, "datetime": {"datetime": "2024-03-29 14:25:57", "elapsed": 14166.328155, "delta": 33.26969}}
{"target": -56.10575490470196, "params": {"p_ai": 7.00046498687099, "p_al": 2.136302798139394, "p_ex": 3.2738290449506766, "prior": 5.2711142600697745, "rate": 10.0}, "datetime": {"datetime": "2024-03-29 14:26:47", "elapsed": 14216.485249, "delta": 50.157094}}
{"target": -71.61940878744419, "params": {"p_ai": 2.814932635539692, "p_al": 0.001, "p_ex": 8.598814347952878, "prior": 10.0, "rate": 8.425998533345595}, "datetime": {"datetime": "2024-03-29 14:27:17", "elapsed": 14246.419484, "delta": 29.934235}}
{"target": -57.747242600975326, "params": {"p_ai": 5.488128442286546, "p_al": 3.5055172919628097, "p_ex": 7.612221704409482, "prior": 7.236205855435285, "rate": 4.85323105728955}, "datetime": {"datetime": "2024-03-29 14:27:39", "elapsed": 14268.973064, "delta": 22.55358}}
{"target": -124.20429769837892, "params": {"p_ai": 0.001, "p_al": 10.0, "p_ex": 2.084988943648169, "prior": 5.006186324526249, "rate": 6.964384724631717}, "datetime": {"datetime": "2024-03-29 14:28:05", "elapsed": 14294.873237, "delta": 25.900173}}
{"target": -63.131821491071896, "params": {"p_ai": 4.973069647818507, "p_al": 8.193482964560195, "p_ex": 2.616405186184293, "prior": 4.0276514073514695, "rate": 10.0}, "datetime": {"datetime": "2024-03-29 14:28:45", "elapsed": 14334.469843, "delta": 39.596606}}
{"target": -57.64336868561295, "params": {"p_ai": 8.107940538759697, "p_al": 0.001, "p_ex": 10.0, "prior": 1.9028122657047741, "rate": 5.468713828142875}, "datetime": {"datetime": "2024-03-29 14:29:14", "elapsed": 14363.248906, "delta": 28.779063}}
{"target": -84.34399377732092, "params": {"p_ai": 8.359490276937487, "p_al": 2.218924195273928, "p_ex": 1.5651225897579526, "prior": 10.0, "rate": 0.001}, "datetime": {"datetime": "2024-03-29 14:29:39", "elapsed": 14388.931365, "delta": 25.682459}}
{"target": -128.71605622676904, "params": {"p_ai": 0.001, "p_al": 10.0, "p_ex": 10.0, "prior": 10.0, "rate": 10.0}, "datetime": {"datetime": "2024-03-29 14:30:01", "elapsed": 14410.295425, "delta": 21.36406}}
{"target": -99.55509780665294, "params": {"p_ai": 3.189791013947943, "p_al": 10.0, "p_ex": 0.001, "prior": 7.269313929077278, "rate": 7.713787547292545}, "datetime": {"datetime": "2024-03-29 14:30:21", "elapsed": 14430.833955, "delta": 20.53853}}
{"target": -88.13605688772452, "params": {"p_ai": 6.508272696639246, "p_al": 5.928209610925928, "p_ex": 3.0121304640853146, "prior": 10.0, "rate": 0.001}, "datetime": {"datetime": "2024-03-29 14:30:42", "elapsed": 14452.029927, "delta": 21.195972}}
{"target": -52.57505849715116, "params": {"p_ai": 5.746149761654259, "p_al": 7.624673965316482, "p_ex": 6.083469623550187, "prior": 6.515878200163958, "rate": 10.0}, "datetime": {"datetime": "2024-03-29 14:31:13", "elapsed": 14482.677672, "delta": 30.647745}}
{"target": -56.74501421832064, "params": {"p_ai": 8.075403364156912, "p_al": 4.218842383614475, "p_ex": 10.0, "prior": 10.0, "rate": 7.4788136086754715}, "datetime": {"datetime": "2024-03-29 14:31:42", "elapsed": 14511.182737, "delta": 28.505065}}
{"target": -92.17405871233936, "params": {"p_ai": 7.410299312284991, "p_al": 10.0, "p_ex": 0.001, "prior": 10.0, "rate": 5.081806437027113}, "datetime": {"datetime": "2024-03-29 14:32:03", "elapsed": 14532.898856, "delta": 21.716119}}
{"target": -57.322813215608875, "params": {"p_ai": 5.331111782989107, "p_al": 0.001, "p_ex": 7.032797454636851, "prior": 7.110771765016184, "rate": 5.059579657922381}, "datetime": {"datetime": "2024-03-29 14:32:27", "elapsed": 14557.057662, "delta": 24.158806}}
{"target": -79.07386023734765, "params": {"p_ai": 2.032676892725083, "p_al": 10.0, "p_ex": 5.8913494945074, "prior": 10.0, "rate": 7.6751563448275935}, "datetime": {"datetime": "2024-03-29 14:32:56", "elapsed": 14585.674816, "delta": 28.617154}}
{"target": -52.8915320627488, "params": {"p_ai": 10.0, "p_al": 6.4104208477961135, "p_ex": 4.294460500758376, "prior": 3.845953408891377, "rate": 10.0}, "datetime": {"datetime": "2024-03-29 14:33:49", "elapsed": 14639.048887, "delta": 53.374071}}
{"target": -56.81676209050911, "params": {"p_ai": 7.901334997687775, "p_al": 7.1315768025551725, "p_ex": 9.987142838159203, "prior": 9.888157035841427, "rate": 7.387825929724822}, "datetime": {"datetime": "2024-03-29 14:34:43", "elapsed": 14693.037035, "delta": 53.988148}}
{"target": -101.00302331097483, "params": {"p_ai": 3.212721757860892, "p_al": 10.0, "p_ex": 0.001, "prior": 5.024807466383632, "rate": 10.0}, "datetime": {"datetime": "2024-03-29 14:35:26", "elapsed": 14735.794653, "delta": 42.757618}}
{"target": -59.611184266411485, "params": {"p_ai": 3.9853737173232773, "p_al": 0.001, "p_ex": 9.076874362274237, "prior": 1.419093140673278, "rate": 2.513298029247298}, "datetime": {"datetime": "2024-03-29 14:36:06", "elapsed": 14775.254916, "delta": 39.460263}}
{"target": -52.3497584438988, "params": {"p_ai": 7.231898371581556, "p_al": 3.6327576070949883, "p_ex": 7.761735653922212, "prior": 6.448429357658323, "rate": 10.0}, "datetime": {"datetime": "2024-03-29 14:36:31", "elapsed": 14800.419297, "delta": 25.164381}}
{"target": -58.98224684581945, "params": {"p_ai": 7.798716092701588, "p_al": 10.0, "p_ex": 10.0, "prior": 10.0, "rate": 5.399849444172255}, "datetime": {"datetime": "2024-03-29 14:36:55", "elapsed": 14824.443662, "delta": 24.024365}}
{"target": -57.02498616074118, "params": {"p_ai": 5.335909452571395, "p_al": 2.062219917364237, "p_ex": 4.707337761895517, "prior": 4.6320066465055385, "rate": 4.673474514889634}, "datetime": {"datetime": "2024-03-29 14:37:34", "elapsed": 14863.789806, "delta": 39.346144}}
{"target": -52.67425868416984, "params": {"p_ai": 10.0, "p_al": 4.376478827076987, "p_ex": 7.108569959002854, "prior": 7.850306704927607, "rate": 10.0}, "datetime": {"datetime": "2024-03-29 14:38:11", "elapsed": 14900.428596, "delta": 36.63879}}
{"target": -53.701625746800346, "params": {"p_ai": 9.871451351924685, "p_al": 2.895285330351903, "p_ex": 8.276777517306355, "prior": 1.3125905958347255, "rate": 9.68066348851324}, "datetime": {"datetime": "2024-03-29 14:38:32", "elapsed": 14922.071331, "delta": 21.642735}}
{"target": -61.60803906172991, "params": {"p_ai": 8.382934980407676, "p_al": 10.0, "p_ex": 7.696008214429899, "prior": 7.712001227895354, "rate": 3.7357301480773315}, "datetime": {"datetime": "2024-03-29 14:38:57", "elapsed": 14947.078008, "delta": 25.006677}}
{"target": -84.77773168447419, "params": {"p_ai": 6.186838088581299, "p_al": 0.001, "p_ex": 0.001, "prior": 7.926961308095092, "rate": 1.7063987554394766}, "datetime": {"datetime": "2024-03-29 14:39:45", "elapsed": 14994.76504, "delta": 47.687032}}
{"target": -88.85961732866315, "params": {"p_ai": 10.0, "p_al": 5.16721552240572, "p_ex": 0.001, "prior": 8.152301358492831, "rate": 10.0}, "datetime": {"datetime": "2024-03-29 14:40:25", "elapsed": 15034.567362, "delta": 39.802322}}
{"target": -178.770713670619, "params": {"p_ai": 0.001, "p_al": 6.624311235712033, "p_ex": 6.093990056658398, "prior": 10.0, "rate": 0.001}, "datetime": {"datetime": "2024-03-29 14:40:51", "elapsed": 15060.479946, "delta": 25.912584}}
{"target": -53.82348552164019, "params": {"p_ai": 10.0, "p_al": 5.717473300776701, "p_ex": 7.720450200763413, "prior": 10.0, "rate": 10.0}, "datetime": {"datetime": "2024-03-29 14:41:17", "elapsed": 15086.774044, "delta": 26.294098}}
{"target": -137.14682941681977, "params": {"p_ai": 0.001, "p_al": 6.501374295925999, "p_ex": 0.001, "prior": 5.463582878017411, "rate": 2.6298709535643416}, "datetime": {"datetime": "2024-03-29 14:41:43", "elapsed": 15112.12868, "delta": 25.354636}}
{"target": -102.95458423299269, "params": {"p_ai": 0.03786743810740742, "p_al": 7.5688032797571, "p_ex": 9.91430462613778, "prior": 3.6420626572601833, "rate": 9.60302811699666}, "datetime": {"datetime": "2024-03-29 14:42:23", "elapsed": 15153.08058, "delta": 40.9519}}
{"target": -114.04315723867582, "params": {"p_ai": 2.3674452550304705, "p_al": 8.089778771404337, "p_ex": 3.558721004259294, "prior": 5.034672627113949, "rate": 0.001}, "datetime": {"datetime": "2024-03-29 14:42:59", "elapsed": 15188.260617, "delta": 35.180037}}
{"target": -57.9818636619641, "params": {"p_ai": 6.536770383238766, "p_al": 0.001, "p_ex": 10.0, "prior": 10.0, "rate": 7.2052192014839145}, "datetime": {"datetime": "2024-03-29 14:43:35", "elapsed": 15224.609561, "delta": 36.348944}}
{"target": -60.149152337945885, "params": {"p_ai": 5.8101939488690615, "p_al": 5.8287208951422365, "p_ex": 3.2155134498188613, "prior": 7.641529717886268, "rate": 10.0}, "datetime": {"datetime": "2024-03-29 14:44:18", "elapsed": 15267.323958, "delta": 42.714397}}
{"target": -56.5106903424347, "params": {"p_ai": 9.900527896499257, "p_al": 1.5344681211769322, "p_ex": 9.922314698618774, "prior": 4.8904464071849985, "rate": 8.205583969711135}, "datetime": {"datetime": "2024-03-29 14:44:45", "elapsed": 15294.236087, "delta": 26.912129}}
{"target": -105.36083532628744, "params": {"p_ai": 2.1933262334137216, "p_al": 10.0, "p_ex": 0.001, "prior": 7.731330970952582, "rate": 0.001}, "datetime": {"datetime": "2024-03-29 14:45:09", "elapsed": 15318.728555, "delta": 24.492468}}
{"target": -85.22011376381315, "params": {"p_ai": 5.806730630136528, "p_al": 7.874240756650626, "p_ex": 1.4747183185407793, "prior": 10.0, "rate": 1.7613307885856273}, "datetime": {"datetime": "2024-03-29 14:45:34", "elapsed": 15343.582877, "delta": 24.854322}}
{"target": -83.54911110509549, "params": {"p_ai": 8.333637059854647, "p_al": 0.001, "p_ex": 1.782673023807549, "prior": 8.230548889674077, "rate": 0.001}, "datetime": {"datetime": "2024-03-29 14:46:05", "elapsed": 15374.444594, "delta": 30.861717}}
{"target": -59.2216373630151, "params": {"p_ai": 7.253064807179114, "p_al": 0.001, "p_ex": 4.50146188254568, "prior": 4.701380497327677, "rate": 2.8069837067973538}, "datetime": {"datetime": "2024-03-29 14:46:30", "elapsed": 15399.814734, "delta": 25.37014}}
{"target": -58.276482229941855, "params": {"p_ai": 5.308058345003919, "p_al": 0.001, "p_ex": 10.0, "prior": 3.4905252474802455, "rate": 7.604253609574732}, "datetime": {"datetime": "2024-03-29 14:47:03", "elapsed": 15432.241281, "delta": 32.426547}}
{"target": -62.262029054993114, "params": {"p_ai": 4.108567604184177, "p_al": 3.5512122681449263, "p_ex": 10.0, "prior": 7.878335115584583, "rate": 7.905053964946044}, "datetime": {"datetime": "2024-03-29 14:47:33", "elapsed": 15462.281427, "delta": 30.040146}}
{"target": -51.97117075531541, "params": {"p_ai": 5.42002466488587, "p_al": 10.0, "p_ex": 6.076184476128556, "prior": 2.196259312285438, "rate": 7.803856199498582}, "datetime": {"datetime": "2024-03-29 14:48:08", "elapsed": 15497.903522, "delta": 35.622095}}
{"target": -91.46428373479603, "params": {"p_ai": 3.03759140417746, "p_al": 10.0, "p_ex": 3.6588317668619723, "prior": 7.962921891211128, "rate": 1.6376856702644667}, "datetime": {"datetime": "2024-03-29 14:48:55", "elapsed": 15544.787252, "delta": 46.88373}}
{"target": -72.13094287865948, "params": {"p_ai": 3.1751361736215586, "p_al": 3.7829608047627064, "p_ex": 6.398638135675009, "prior": 6.3245640099324785, "rate": 3.1245462052875363}, "datetime": {"datetime": "2024-03-29 14:49:40", "elapsed": 15589.472585, "delta": 44.685333}}
{"target": -102.75746778441969, "params": {"p_ai": 10.0, "p_al": 10.0, "p_ex": 7.799026997272063, "prior": 6.557661020156877, "rate": 0.001}, "datetime": {"datetime": "2024-03-29 14:50:07", "elapsed": 15616.466884, "delta": 26.994299}}
{"target": -84.27742603071016, "params": {"p_ai": 1.5765190908346, "p_al": 2.736007376987873, "p_ex": 4.047635180545073, "prior": 10.0, "rate": 10.0}, "datetime": {"datetime": "2024-03-29 14:50:46", "elapsed": 15655.666023, "delta": 39.199139}}
{"target": -82.9271681837103, "params": {"p_ai": 2.6464146035511753, "p_al": 6.949939785658514, "p_ex": 4.958044036623519, "prior": 2.039059781117021, "rate": 1.8888076077203209}, "datetime": {"datetime": "2024-03-29 14:51:20", "elapsed": 15690.022075, "delta": 34.356052}}
{"target": -132.3653214583398, "params": {"p_ai": 0.001, "p_al": 5.266561143795036, "p_ex": 10.0, "prior": 7.795352444919149, "rate": 7.299620445604627}, "datetime": {"datetime": "2024-03-29 14:52:03", "elapsed": 15732.136549, "delta": 42.114474}}
{"target": -59.8569999761563, "params": {"p_ai": 10.0, "p_al": 1.3589877450294714, "p_ex": 10.0, "prior": 0.42918920300906066, "rate": 5.293959899533368}, "datetime": {"datetime": "2024-03-29 14:52:29", "elapsed": 15758.923255, "delta": 26.786706}}
{"target": -100.89354307262145, "params": {"p_ai": 10.0, "p_al": 6.7203461003765605, "p_ex": 0.001, "prior": 1.957781245436267, "rate": 6.828077443056857}, "datetime": {"datetime": "2024-03-29 14:53:07", "elapsed": 15797.00023, "delta": 38.076975}}
{"target": -92.9240989988496, "params": {"p_ai": 3.005684379578421, "p_al": 5.577681027173686, "p_ex": 10.0, "prior": 10.0, "rate": 1.924519036865776}, "datetime": {"datetime": "2024-03-29 14:53:42", "elapsed": 15831.329541, "delta": 34.329311}}
{"target": -62.3114597800871, "params": {"p_ai": 5.267481332863858, "p_al": 9.829388545956165, "p_ex": 9.76875275211912, "prior": 3.0790238343037473, "rate": 3.0439105178847785}, "datetime": {"datetime": "2024-03-29 14:54:24", "elapsed": 15873.606825, "delta": 42.277284}}
{"target": -65.7663543066548, "params": {"p_ai": 7.266909058871787, "p_al": 0.001, "p_ex": 2.671384202425477, "prior": 10.0, "rate": 5.956121743641748}, "datetime": {"datetime": "2024-03-29 14:54:53", "elapsed": 15902.411152, "delta": 28.804327}}
{"target": -70.81516936253527, "params": {"p_ai": 10.0, "p_al": 10.0, "p_ex": 5.067444560810197, "prior": 4.372234473638715, "rate": 2.851889345004319}, "datetime": {"datetime": "2024-03-29 14:55:32", "elapsed": 15941.257067, "delta": 38.845915}}
{"target": -1087.021925161764, "params": {"p_ai": 0.001, "p_al": 10.0, "p_ex": 10.0, "prior": 0.001, "rate": 10.0}, "datetime": {"datetime": "2024-03-29 14:56:06", "elapsed": 15976.023622, "delta": 34.766555}}
{"target": -91.41982468484868, "params": {"p_ai": 10.0, "p_al": 0.001, "p_ex": 0.001, "prior": 0.001, "rate": 0.001}, "datetime": {"datetime": "2024-03-29 14:56:52", "elapsed": 16021.130729, "delta": 45.107107}}
{"target": -56.903113019730974, "params": {"p_ai": 10.0, "p_al": 5.9315552220983605, "p_ex": 6.667152653521228, "prior": 5.053424692402475, "rate": 3.8864457826626637}, "datetime": {"datetime": "2024-03-29 14:57:20", "elapsed": 16049.848793, "delta": 28.718064}}
{"target": -96.84585376354195, "params": {"p_ai": 3.216991959156056, "p_al": 2.8075672390655426, "p_ex": 3.016295988248181, "prior": 5.286903366912228, "rate": 0.001}, "datetime": {"datetime": "2024-03-29 14:57:45", "elapsed": 16074.850315, "delta": 25.001522}}
{"target": -139.31243029140524, "params": {"p_ai": 0.001, "p_al": 10.0, "p_ex": 3.3902218462231395, "prior": 10.0, "rate": 3.277873856354503}, "datetime": {"datetime": "2024-03-29 14:58:31", "elapsed": 16120.689898, "delta": 45.839583}}
{"target": -113.18360127815784, "params": {"p_ai": 3.344685904230988, "p_al": 10.0, "p_ex": 10.0, "prior": 10.0, "rate": 0.001}, "datetime": {"datetime": "2024-03-29 14:59:04", "elapsed": 16153.404927, "delta": 32.715029}}
{"target": -77.26127205472942, "params": {"p_ai": 6.395349475143396, "p_al": 2.084236519192839, "p_ex": 1.5722074785167013, "prior": 10.0, "rate": 2.865688201859539}, "datetime": {"datetime": "2024-03-29 14:59:51", "elapsed": 16200.8663, "delta": 47.461373}}
