{"target": -135.85788847672706, "params": {"gamma": 0.4245210981912237, "prior": 0.8732936062517717, "rate": 3.727461221802608}, "datetime": {"datetime": "2024-04-12 20:11:43", "elapsed": 500.591743, "delta": 5.057066}}
{"target": -136.19229896993897, "params": {"gamma": 0.43806530964309787, "prior": 1.320192190445443, "rate": 10.0}, "datetime": {"datetime": "2024-04-12 20:11:50", "elapsed": 507.61143, "delta": 7.019687}}
{"target": -135.31131233123818, "params": {"gamma": 0.3501730076347056, "prior": 1.7130882445787776, "rate": 8.156929886478279}, "datetime": {"datetime": "2024-04-12 20:11:55", "elapsed": 512.069053, "delta": 4.457623}}
{"target": -135.24988790496025, "params": {"gamma": 0.28152146858216004, "prior": 1.2717727687209541, "rate": 9.736614844858693}, "datetime": {"datetime": "2024-04-12 20:12:00", "elapsed": 517.653864, "delta": 5.584811}}
{"target": -137.2320552641505, "params": {"gamma": 0.27556133188983906, "prior": 3.978384205726367, "rate": 7.228088080810181}, "datetime": {"datetime": "2024-04-12 20:12:05", "elapsed": 522.545462, "delta": 4.891598}}
{"target": -139.5874433284791, "params": {"gamma": 0.36553389938961645, "prior": 2.8471516402033594, "rate": 2.1885843097778555}, "datetime": {"datetime": "2024-04-12 20:12:11", "elapsed": 528.534485, "delta": 5.989023}}
{"target": -135.6128559939779, "params": {"gamma": 0.3247423564989461, "prior": 1.862347067556915, "rate": 6.486257312958885}, "datetime": {"datetime": "2024-04-12 20:12:17", "elapsed": 534.696956, "delta": 6.162471}}
{"target": -135.15434186678058, "params": {"gamma": 0.31612734123749214, "prior": 0.5165097576224873, "rate": 6.115632427532921}, "datetime": {"datetime": "2024-04-12 20:12:23", "elapsed": 540.252724, "delta": 5.555768}}
{"target": -137.3865531822801, "params": {"gamma": 0.4133483701237972, "prior": 5.567751561111018, "rate": 7.746787732189751}, "datetime": {"datetime": "2024-04-12 20:12:27", "elapsed": 544.611138, "delta": 4.358414}}
{"target": -135.90386017946193, "params": {"gamma": 0.4275571306510248, "prior": 0.4453683529711514, "rate": 1.8054312409337863}, "datetime": {"datetime": "2024-04-12 20:12:33", "elapsed": 549.841285, "delta": 5.230147}}
{"target": -135.84820193903607, "params": {"gamma": 0.4199012803075236, "prior": 1.1333311631546428, "rate": 4.298724557980603}, "datetime": {"datetime": "2024-04-12 20:12:35", "elapsed": 552.55635, "delta": 2.715065}}
{"target": -135.24183963044, "params": {"gamma": 0.2781127009896354, "prior": 0.543987704024709, "rate": 7.536651591909096}, "datetime": {"datetime": "2024-04-12 20:12:41", "elapsed": 558.505747, "delta": 5.949397}}
{"target": -135.868036186394, "params": {"gamma": 0.314149200422394, "prior": 3.234963785103187, "rate": 9.713575283890505}, "datetime": {"datetime": "2024-04-12 20:12:46", "elapsed": 563.780781, "delta": 5.275034}}
{"target": -135.7565726363671, "params": {"gamma": 0.3637517726090554, "prior": 1.6635340440344475, "rate": 4.996815353104732}, "datetime": {"datetime": "2024-04-12 20:12:53", "elapsed": 569.879327, "delta": 6.098546}}
{"target": -135.84925579009848, "params": {"gamma": 0.42244796275022506, "prior": 2.453834171193084, "rate": 9.930009968467774}, "datetime": {"datetime": "2024-04-12 20:12:57", "elapsed": 573.853977, "delta": 3.97465}}
{"target": -138.466078752567, "params": {"gamma": 0.5004179974560238, "prior": 0.1, "rate": 1.529794923628949}, "datetime": {"datetime": "2024-04-12 20:13:02", "elapsed": 579.179188, "delta": 5.325211}}
{"target": -136.08905495173514, "params": {"gamma": 0.2760995997111243, "prior": 1.8931467172104688, "rate": 6.025142131903625}, "datetime": {"datetime": "2024-04-12 20:13:05", "elapsed": 582.682999, "delta": 3.503811}}
{"target": -136.4002122145748, "params": {"gamma": 0.31219126293096594, "prior": 2.151996781414064, "rate": 4.830168657337657}, "datetime": {"datetime": "2024-04-12 20:13:13", "elapsed": 590.375274, "delta": 7.692275}}
{"target": -135.63340940087105, "params": {"gamma": 0.2515860871395584, "prior": 0.30495255518047615, "rate": 1.9259317527235216}, "datetime": {"datetime": "2024-04-12 20:13:18", "elapsed": 595.572737, "delta": 5.197463}}
{"target": -135.6817911090937, "params": {"gamma": 0.388517845403396, "prior": 2.815188054554886, "rate": 9.71119304757013}, "datetime": {"datetime": "2024-04-12 20:13:24", "elapsed": 601.300482, "delta": 5.727745}}
{"target": -135.89717799938626, "params": {"gamma": 0.3914767722880994, "prior": 3.0781875846792253, "rate": 8.738359063855574}, "datetime": {"datetime": "2024-04-12 20:13:27", "elapsed": 604.437267, "delta": 3.136785}}
{"target": -139.34618468186366, "params": {"gamma": 0.5228887520744276, "prior": 2.0882049176280075, "rate": 1.868014198009159}, "datetime": {"datetime": "2024-04-12 20:13:31", "elapsed": 608.538338, "delta": 4.101071}}
{"target": -135.15828907085742, "params": {"gamma": 0.33804426035159335, "prior": 0.9266025143061286, "rate": 8.146287488319158}, "datetime": {"datetime": "2024-04-12 20:13:34", "elapsed": 611.365884, "delta": 2.827546}}
{"target": -135.1726496739666, "params": {"gamma": 0.338874773042147, "prior": 0.6129834498768608, "rate": 3.81522475158388}, "datetime": {"datetime": "2024-04-12 20:13:40", "elapsed": 616.975424, "delta": 5.60954}}
{"target": -135.55659065332281, "params": {"gamma": 0.3936515422452934, "prior": 2.1853359824570435, "rate": 9.703950834860539}, "datetime": {"datetime": "2024-04-12 20:13:43", "elapsed": 619.92455, "delta": 2.949126}}
{"target": -136.425496815834, "params": {"gamma": 0.39717628377610054, "prior": 4.724327545089381, "rate": 9.55190617485101}, "datetime": {"datetime": "2024-04-12 20:13:52", "elapsed": 629.29241, "delta": 9.36786}}
{"target": -135.78633376042157, "params": {"gamma": 0.40936416213871124, "prior": 1.1898389899126942, "rate": 9.729582144593785}, "datetime": {"datetime": "2024-04-12 20:13:58", "elapsed": 635.405507, "delta": 6.113097}}
{"target": -135.84301830722777, "params": {"gamma": 0.39329029549057376, "prior": 2.2780914958812093, "rate": 6.829043298381403}, "datetime": {"datetime": "2024-04-12 20:14:03", "elapsed": 640.410017, "delta": 5.00451}}
{"target": -135.31241122802192, "params": {"gamma": 0.2789505966869902, "prior": 0.5080652272896307, "rate": 9.716442169282042}, "datetime": {"datetime": "2024-04-12 20:14:08", "elapsed": 645.568207, "delta": 5.15819}}
{"target": -135.2229982912272, "params": {"gamma": 0.35391951437100116, "prior": 1.4416349228513012, "rate": 8.800352732370767}, "datetime": {"datetime": "2024-04-12 20:14:14", "elapsed": 651.054135, "delta": 5.485928}}
{"target": -136.5426737966488, "params": {"gamma": 0.43109137696391786, "prior": 1.4525519460780225, "rate": 2.9765096997263143}, "datetime": {"datetime": "2024-04-12 20:14:18", "elapsed": 654.892941, "delta": 3.838806}}
{"target": -135.1558686178296, "params": {"gamma": 0.3222906845042291, "prior": 0.9385192260776377, "rate": 5.961750781261596}, "datetime": {"datetime": "2024-04-12 20:14:24", "elapsed": 661.577695, "delta": 6.684754}}
{"target": -135.39592330614195, "params": {"gamma": 0.364211060588432, "prior": 0.7265108566334094, "rate": 3.2033248943208497}, "datetime": {"datetime": "2024-04-12 20:14:27", "elapsed": 664.775154, "delta": 3.197459}}
{"target": -135.4650332884581, "params": {"gamma": 0.3453279962658557, "prior": 1.8605245682533256, "rate": 7.176682998732372}, "datetime": {"datetime": "2024-04-12 20:14:31", "elapsed": 668.121751, "delta": 3.346597}}
{"target": -135.41755093127298, "params": {"gamma": 0.3752933976478992, "prior": 1.104466654785158, "rate": 5.1384006993447295}, "datetime": {"datetime": "2024-04-12 20:14:34", "elapsed": 671.212545, "delta": 3.090794}}
{"target": -138.19168779522505, "params": {"gamma": 0.48947255872908196, "prior": 7.831705896595303, "rate": 9.333840974922852}, "datetime": {"datetime": "2024-04-12 20:14:40", "elapsed": 677.239912, "delta": 6.027367}}
{"target": -135.45021349212638, "params": {"gamma": 0.2960114665303988, "prior": 1.560022940854021, "rate": 7.214663922163862}, "datetime": {"datetime": "2024-04-12 20:14:50", "elapsed": 686.792572, "delta": 9.55266}}
{"target": -135.2477318715739, "params": {"gamma": 0.31677290769680005, "prior": 1.479186883867311, "rate": 7.88611746549874}, "datetime": {"datetime": "2024-04-12 20:14:55", "elapsed": 692.020789, "delta": 5.228217}}
{"target": -135.22181178150817, "params": {"gamma": 0.28247607409723663, "prior": 0.7084293345777677, "rate": 5.961283312638637}, "datetime": {"datetime": "2024-04-12 20:14:59", "elapsed": 696.179046, "delta": 4.158257}}
{"target": -135.22853050701065, "params": {"gamma": 0.35065053266529944, "prior": 1.5939940560938848, "rate": 9.136227567266612}, "datetime": {"datetime": "2024-04-12 20:15:04", "elapsed": 701.124389, "delta": 4.945343}}
{"target": -135.40032632673277, "params": {"gamma": 0.32761564671052384, "prior": 2.121568293093057, "rate": 8.942120662188842}, "datetime": {"datetime": "2024-04-12 20:15:10", "elapsed": 707.567832, "delta": 6.443443}}
{"target": -135.39160635774755, "params": {"gamma": 0.36918215144103844, "prior": 1.6148954241800866, "rate": 7.443053345776991}, "datetime": {"datetime": "2024-04-12 20:15:17", "elapsed": 714.053503, "delta": 6.485671}}
{"target": -137.08671462671433, "params": {"gamma": 0.3732949240493508, "prior": 3.6809207080341255, "rate": 5.646372152800973}, "datetime": {"datetime": "2024-04-12 20:15:23", "elapsed": 719.873793, "delta": 5.82029}}
{"target": -137.25935340080332, "params": {"gamma": 0.4617985804634922, "prior": 3.9333906796247144, "rate": 6.188575591016278}, "datetime": {"datetime": "2024-04-12 20:15:26", "elapsed": 723.154216, "delta": 3.280423}}
{"target": -135.45334678206532, "params": {"gamma": 0.3762379791057819, "prior": 1.3043803670854537, "rate": 5.697409993832186}, "datetime": {"datetime": "2024-04-12 20:15:31", "elapsed": 728.426613, "delta": 5.272397}}
{"target": -137.37670921832802, "params": {"gamma": 0.4841790922717896, "prior": 4.663139234090719, "rate": 7.517746466433744}, "datetime": {"datetime": "2024-04-12 20:15:34", "elapsed": 731.719612, "delta": 3.292999}}
{"target": -138.13135707059018, "params": {"gamma": 0.4505208087009346, "prior": 7.514711718061084, "rate": 8.52822208525771}, "datetime": {"datetime": "2024-04-12 20:15:38", "elapsed": 735.38597, "delta": 3.666358}}
{"target": -135.25782856540772, "params": {"gamma": 0.3335389894948605, "prior": 0.8182988715901957, "rate": 4.131436067542586}, "datetime": {"datetime": "2024-04-12 20:15:44", "elapsed": 741.28719, "delta": 5.90122}}
{"target": -135.3635262331229, "params": {"gamma": 0.3719659320654018, "prior": 1.9792309650682276, "rate": 9.976074504027725}, "datetime": {"datetime": "2024-04-12 20:15:49", "elapsed": 746.546108, "delta": 5.258918}}
{"target": -135.22224087477457, "params": {"gamma": 0.3392080391113394, "prior": 1.5810852391848216, "rate": 8.619519064226575}, "datetime": {"datetime": "2024-04-12 20:15:56", "elapsed": 753.676888, "delta": 7.13078}}
{"target": -135.17059896707454, "params": {"gamma": 0.3446006653609249, "prior": 0.7342780047447921, "rate": 5.552156053481112}, "datetime": {"datetime": "2024-04-12 20:16:02", "elapsed": 758.805642, "delta": 5.128754}}
{"target": -135.51493109228005, "params": {"gamma": 0.24570980152688474, "prior": 0.3921408998939, "rate": 6.5064693896664085}, "datetime": {"datetime": "2024-04-12 20:16:08", "elapsed": 765.343082, "delta": 6.53744}}
{"target": -135.13814169883275, "params": {"gamma": 0.30444878367111905, "prior": 0.7083590618018732, "rate": 7.87310007950761}, "datetime": {"datetime": "2024-04-12 20:16:15", "elapsed": 772.528884, "delta": 7.185802}}
{"target": -135.1530120534621, "params": {"gamma": 0.3361856061139365, "prior": 0.8744545001154311, "rate": 5.772303334391385}, "datetime": {"datetime": "2024-04-12 20:16:25", "elapsed": 782.490258, "delta": 9.961374}}
{"target": -139.3067852877537, "params": {"gamma": 0.49523510489728345, "prior": 9.080723024864607, "rate": 7.815483996790796}, "datetime": {"datetime": "2024-04-12 20:16:31", "elapsed": 788.451709, "delta": 5.961451}}
{"target": -135.68259596918688, "params": {"gamma": 0.2970727247985559, "prior": 0.7259318224851963, "rate": 2.685130523188579}, "datetime": {"datetime": "2024-04-12 20:16:34", "elapsed": 791.719388, "delta": 3.267679}}
{"target": -135.21377009844224, "params": {"gamma": 0.3461821645617033, "prior": 0.45229897986402323, "rate": 2.606603527807156}, "datetime": {"datetime": "2024-04-12 20:16:39", "elapsed": 796.152042, "delta": 4.432654}}
{"target": -135.42382424338177, "params": {"gamma": 0.31883142178778995, "prior": 1.5769930755189971, "rate": 6.646533139332981}, "datetime": {"datetime": "2024-04-12 20:16:46", "elapsed": 803.036865, "delta": 6.884823}}
{"target": -135.78225297210636, "params": {"gamma": 0.3869351648828694, "prior": 1.8303526466207773, "rate": 5.656961618154584}, "datetime": {"datetime": "2024-04-12 20:16:52", "elapsed": 808.897289, "delta": 5.860424}}
{"target": -138.82757244392926, "params": {"gamma": 0.49604260299585384, "prior": 5.247152932686529, "rate": 5.175956426092547}, "datetime": {"datetime": "2024-04-12 20:16:55", "elapsed": 812.298166, "delta": 3.400877}}
{"target": -135.2501742528345, "params": {"gamma": 0.3305308329552784, "prior": 1.20475291406411, "rate": 6.171234047945309}, "datetime": {"datetime": "2024-04-12 20:17:01", "elapsed": 818.744449, "delta": 6.446283}}
{"target": -135.2996843035729, "params": {"gamma": 0.3043666968546603, "prior": 1.7181329108267274, "rate": 9.034119635283457}, "datetime": {"datetime": "2024-04-12 20:17:07", "elapsed": 824.393394, "delta": 5.648945}}
{"target": -135.2706954705562, "params": {"gamma": 0.36460484973053, "prior": 0.35680474052027644, "rate": 2.261653863246245}, "datetime": {"datetime": "2024-04-12 20:17:12", "elapsed": 829.056259, "delta": 4.662865}}
{"target": -136.90283017774718, "params": {"gamma": 0.4074760577503951, "prior": 5.008200365160833, "rate": 8.236464403688828}, "datetime": {"datetime": "2024-04-12 20:17:18", "elapsed": 835.469844, "delta": 6.413585}}
{"target": -135.1909979840126, "params": {"gamma": 0.3496053129379913, "prior": 0.8977771931462517, "rate": 6.665554793458185}, "datetime": {"datetime": "2024-04-12 20:17:24", "elapsed": 841.47074, "delta": 6.000896}}
{"target": -135.1346667123456, "params": {"gamma": 0.300225621906393, "prior": 1.0653014205374944, "rate": 9.638840990000139}, "datetime": {"datetime": "2024-04-12 20:17:29", "elapsed": 846.144245, "delta": 4.673505}}
{"target": -135.2828922351826, "params": {"gamma": 0.34960947256684316, "prior": 1.3652511217172607, "rate": 6.801324028957197}, "datetime": {"datetime": "2024-04-12 20:17:34", "elapsed": 850.983526, "delta": 4.839281}}
{"target": -135.3559877611821, "params": {"gamma": 0.260231366626156, "prior": 0.5586291625137005, "rate": 6.828697852346013}, "datetime": {"datetime": "2024-04-12 20:17:38", "elapsed": 855.0373, "delta": 4.053774}}
{"target": -135.16995693873412, "params": {"gamma": 0.3155441106626676, "prior": 0.9994422119956923, "rate": 6.250381038352007}, "datetime": {"datetime": "2024-04-12 20:17:49", "elapsed": 866.0635, "delta": 11.0262}}
{"target": -135.35071214403393, "params": {"gamma": 0.3240296139278284, "prior": 0.9981893626214547, "rate": 4.504478531372369}, "datetime": {"datetime": "2024-04-12 20:17:54", "elapsed": 871.147543, "delta": 5.084043}}
{"target": -135.83370605819462, "params": {"gamma": 0.4046484126695894, "prior": 0.3933922375892579, "rate": 1.2704238649842143}, "datetime": {"datetime": "2024-04-12 20:17:58", "elapsed": 875.610519, "delta": 4.462976}}
{"target": -135.28791821163608, "params": {"gamma": 0.30766883486830293, "prior": 0.6979589251157144, "rate": 3.656841981808519}, "datetime": {"datetime": "2024-04-12 20:18:10", "elapsed": 886.809022, "delta": 11.198503}}
{"target": -135.97777119241596, "params": {"gamma": 0.36972588381554305, "prior": 3.777197160118484, "rate": 9.721318711057204}, "datetime": {"datetime": "2024-04-12 20:18:14", "elapsed": 891.204183, "delta": 4.395161}}
{"target": -135.7308255148411, "params": {"gamma": 0.40924170980192787, "prior": 0.7063234326593083, "rate": 2.799185654072824}, "datetime": {"datetime": "2024-04-12 20:18:25", "elapsed": 902.279636, "delta": 11.075453}}
{"target": -135.35777782634412, "params": {"gamma": 0.37726064644434526, "prior": 1.2896393110482522, "rate": 8.381167071442327}, "datetime": {"datetime": "2024-04-12 20:18:30", "elapsed": 907.492921, "delta": 5.213285}}
{"target": -135.69176336472478, "params": {"gamma": 0.3166939331427091, "prior": 2.483508627963722, "rate": 8.349238839513614}, "datetime": {"datetime": "2024-04-12 20:18:35", "elapsed": 912.408662, "delta": 4.915741}}
{"target": -135.14955003918416, "params": {"gamma": 0.32316550663252847, "prior": 0.5339292218117989, "rate": 5.800623392558844}, "datetime": {"datetime": "2024-04-12 20:18:39", "elapsed": 915.957628, "delta": 3.548966}}
{"target": -135.19111709477525, "params": {"gamma": 0.33962530647673644, "prior": 1.1538183144203433, "rate": 6.815574280142431}, "datetime": {"datetime": "2024-04-12 20:18:43", "elapsed": 920.00342, "delta": 4.045792}}
{"target": -135.7287397117758, "params": {"gamma": 0.3289775174727088, "prior": 0.31014991400695163, "rate": 9.648319238752215}, "datetime": {"datetime": "2024-04-12 20:18:51", "elapsed": 927.849068, "delta": 7.845648}}
{"target": -135.20119486610145, "params": {"gamma": 0.3397022793220974, "prior": 0.6198988724579753, "rate": 6.459680314724208}, "datetime": {"datetime": "2024-04-12 20:18:55", "elapsed": 932.748526, "delta": 4.899458}}
{"target": -135.2219873744458, "params": {"gamma": 0.34141169976636526, "prior": 1.2872062437024607, "rate": 7.071505635356525}, "datetime": {"datetime": "2024-04-12 20:18:59", "elapsed": 936.11854, "delta": 3.370014}}
{"target": -135.46764381192025, "params": {"gamma": 0.3174016398249693, "prior": 1.7037115532861227, "rate": 6.90238514253705}, "datetime": {"datetime": "2024-04-12 20:19:05", "elapsed": 942.591911, "delta": 6.473371}}
{"target": -135.3136319035416, "params": {"gamma": 0.344815382749072, "prior": 1.3722383991618738, "rate": 6.420857444609953}, "datetime": {"datetime": "2024-04-12 20:19:13", "elapsed": 950.592911, "delta": 8.001}}
{"target": -135.2296121719755, "params": {"gamma": 0.35099966150231277, "prior": 1.3112069810160587, "rate": 7.516648179097643}, "datetime": {"datetime": "2024-04-12 20:19:18", "elapsed": 955.456954, "delta": 4.864043}}
{"target": -135.1440413913475, "params": {"gamma": 0.3065363824941468, "prior": 0.6665739343187161, "rate": 7.760060241633785}, "datetime": {"datetime": "2024-04-12 20:19:22", "elapsed": 959.42454, "delta": 3.967586}}
{"target": -135.5497920060214, "params": {"gamma": 0.2512185484097833, "prior": 0.38813511201385936, "rate": 9.496303894729126}, "datetime": {"datetime": "2024-04-12 20:19:29", "elapsed": 966.036925, "delta": 6.612385}}
{"target": -135.17882610968965, "params": {"gamma": 0.29485700255005, "prior": 0.7351466078322527, "rate": 9.708873163686391}, "datetime": {"datetime": "2024-04-12 20:19:38", "elapsed": 975.169789, "delta": 9.132864}}
{"target": -135.8716498111821, "params": {"gamma": 0.3558642009091098, "prior": 2.739479659153839, "rate": 7.557646617261752}, "datetime": {"datetime": "2024-04-12 20:19:41", "elapsed": 978.706441, "delta": 3.536652}}
{"target": -136.25146290851805, "params": {"gamma": 0.3805914277297795, "prior": 2.723531735946809, "rate": 5.967806265611458}, "datetime": {"datetime": "2024-04-12 20:19:47", "elapsed": 984.392906, "delta": 5.686465}}
{"target": -135.1853919036103, "params": {"gamma": 0.34907934959294173, "prior": 1.0534020711408267, "rate": 7.229963584595552}, "datetime": {"datetime": "2024-04-12 20:19:53", "elapsed": 990.76515, "delta": 6.372244}}
{"target": -135.26212293045623, "params": {"gamma": 0.35785497821506135, "prior": 1.7061618678643875, "rate": 9.559449638033234}, "datetime": {"datetime": "2024-04-12 20:20:04", "elapsed": 1001.140755, "delta": 10.375605}}
{"target": -139.85337209325868, "params": {"gamma": 0.4042457341686992, "prior": 9.447448219430166, "rate": 6.716655507409238}, "datetime": {"datetime": "2024-04-12 20:20:09", "elapsed": 1005.811012, "delta": 4.670257}}
{"target": -136.30546620580827, "params": {"gamma": 0.4377324701166904, "prior": 3.508893215585622, "rate": 8.958412531926522}, "datetime": {"datetime": "2024-04-12 20:20:12", "elapsed": 1009.59502, "delta": 3.784008}}
{"target": -135.23035105716377, "params": {"gamma": 0.2772515896239162, "prior": 0.627999576575479, "rate": 6.567377336201247}, "datetime": {"datetime": "2024-04-12 20:20:22", "elapsed": 1019.281798, "delta": 9.686778}}
{"target": -135.15640023884418, "params": {"gamma": 0.32179660495951673, "prior": 0.7186567293797023, "rate": 8.177628991916619}, "datetime": {"datetime": "2024-04-12 20:20:28", "elapsed": 1025.584155, "delta": 6.302357}}
{"target": -135.13371885577044, "params": {"gamma": 0.31845472512957596, "prior": 1.3660821989740022, "rate": 9.469447139026492}, "datetime": {"datetime": "2024-04-12 20:20:33", "elapsed": 1030.118797, "delta": 4.534642}}
{"target": -136.3026260290038, "params": {"gamma": 0.37134827430913486, "prior": 4.013188852073948, "rate": 8.532823129308706}, "datetime": {"datetime": "2024-04-12 20:20:39", "elapsed": 1036.324386, "delta": 6.205589}}
{"target": -135.73112806141907, "params": {"gamma": 0.39044937378626365, "prior": 2.2533784772914527, "rate": 7.4432214860327655}, "datetime": {"datetime": "2024-04-12 20:20:43", "elapsed": 1039.858806, "delta": 3.53442}}
{"target": -135.5328667554265, "params": {"gamma": 0.3967623026138787, "prior": 1.759632757286588, "rate": 9.879028199626054}, "datetime": {"datetime": "2024-04-12 20:20:49", "elapsed": 1046.257974, "delta": 6.399168}}
{"target": -135.1867707719574, "params": {"gamma": 0.3338160880949203, "prior": 1.1401032875347916, "rate": 6.68364005323613}, "datetime": {"datetime": "2024-04-12 20:20:55", "elapsed": 1052.51944, "delta": 6.261466}}
