{"target": -404.6740494061084, "params": {"gamma": 4.170803025021038, "lr": 0.7203244934421581}, "datetime": {"datetime": "2024-03-30 18:19:22", "elapsed": 0.0, "delta": 0.0}}
{"target": -143.68299294161707, "params": {"gamma": 0.002143633798631522, "lr": 0.30233257263183977}, "datetime": {"datetime": "2024-03-30 18:19:22", "elapsed": 0.002992, "delta": 0.002992}}
{"target": -518.6926331151192, "params": {"gamma": 1.4684121522803133, "lr": 0.0923385947687978}, "datetime": {"datetime": "2024-03-30 18:19:22", "elapsed": 0.005984, "delta": 0.002992}}
{"target": -210.27619578010388, "params": {"gamma": 1.8634158535653313, "lr": 0.34556072704304774}, "datetime": {"datetime": "2024-03-30 18:19:22", "elapsed": 0.009974, "delta": 0.00399}}
{"target": -373.47404808923386, "params": {"gamma": 3.968277974832469, "lr": 0.538816734003357}, "datetime": {"datetime": "2024-03-30 18:19:22", "elapsed": 0.012966, "delta": 0.002992}}
{"target": -406.7459116058698, "params": {"gamma": 4.192525949518545, "lr": 0.6852195003967595}, "datetime": {"datetime": "2024-03-30 18:19:22", "elapsed": 0.016955, "delta": 0.003989}}
{"target": -201.73999995014645, "params": {"gamma": 2.045318045065443, "lr": 0.8781174363909454}, "datetime": {"datetime": "2024-03-30 18:19:22", "elapsed": 0.019947, "delta": 0.002992}}
{"target": -80.81090881254252, "params": {"gamma": 0.2748485443860637, "lr": 0.6704675101784022}, "datetime": {"datetime": "2024-03-30 18:19:22", "elapsed": 0.024934, "delta": 0.004987}}
{"target": -392.5224794598363, "params": {"gamma": 4.173630718868903, "lr": 0.5586898284457517}, "datetime": {"datetime": "2024-03-30 18:19:22", "elapsed": 0.030917, "delta": 0.005983}}
{"target": -318.351199577918, "params": {"gamma": 1.4047289990137424, "lr": 0.1981014890848788}, "datetime": {"datetime": "2024-03-30 18:19:22", "elapsed": 0.035904, "delta": 0.004987}}
{"target": -748.3341063333729, "params": {"gamma": 8.00764494218669, "lr": 0.9682615757193975}, "datetime": {"datetime": "2024-03-30 18:19:22", "elapsed": 0.041888, "delta": 0.005984}}
{"target": -305.976742544925, "params": {"gamma": 3.1349283574142692, "lr": 0.6923226156693141}, "datetime": {"datetime": "2024-03-30 18:19:22", "elapsed": 0.047872, "delta": 0.005984}}
{"target": -826.3681368164546, "params": {"gamma": 8.764015133808087, "lr": 0.8946066635038473}, "datetime": {"datetime": "2024-03-30 18:19:22", "elapsed": 0.052859, "delta": 0.004987}}
{"target": -317.1120521764157, "params": {"gamma": 0.8513570694864094, "lr": 0.03905478323288236}, "datetime": {"datetime": "2024-03-30 18:19:22", "elapsed": 0.056848, "delta": 0.003989}}
{"target": -169.4631712898808, "params": {"gamma": 1.6991343652261244, "lr": 0.8781425034294131}, "datetime": {"datetime": "2024-03-30 18:19:22", "elapsed": 0.060837, "delta": 0.003989}}
{"target": -116.32586380687685, "params": {"gamma": 0.9843699914966679, "lr": 0.42110762500505217}, "datetime": {"datetime": "2024-03-30 18:19:22", "elapsed": 0.066822, "delta": 0.005985}}
{"target": -895.0010307876485, "params": {"gamma": 9.578937411974868, "lr": 0.5331652849730171}, "datetime": {"datetime": "2024-03-30 18:19:22", "elapsed": 0.071808, "delta": 0.004986}}
{"target": -788.8427004926864, "params": {"gamma": 6.919079262390784, "lr": 0.31551563100606295}, "datetime": {"datetime": "2024-03-30 18:19:22", "elapsed": 0.075797, "delta": 0.003989}}
{"target": -649.5396015232617, "params": {"gamma": 6.865322775888155, "lr": 0.8346256718973729}, "datetime": {"datetime": "2024-03-30 18:19:22", "elapsed": 0.079786, "delta": 0.003989}}
{"target": -93.67464241310303, "params": {"gamma": 0.18386448516457388, "lr": 0.7501443149449675}, "datetime": {"datetime": "2024-03-30 18:19:22", "elapsed": 0.082778, "delta": 0.002992}}
{"target": -940.0204665764998, "params": {"gamma": 9.88862202797604, "lr": 0.7481656543798394}, "datetime": {"datetime": "2024-03-30 18:19:22", "elapsed": 0.08577, "delta": 0.002992}}
{"target": -266.2670422280169, "params": {"gamma": 2.8051594766519874, "lr": 0.7892793284514885}, "datetime": {"datetime": "2024-03-30 18:19:22", "elapsed": 0.08976, "delta": 0.00399}}
{"target": -119.21606564942044, "params": {"gamma": 1.0331568397698425, "lr": 0.44789352617590517}, "datetime": {"datetime": "2024-03-30 18:19:22", "elapsed": 0.093749, "delta": 0.003989}}
{"target": -1026.1150670589193, "params": {"gamma": 9.086046435427862, "lr": 0.2936141483736795}, "datetime": {"datetime": "2024-03-30 18:19:22", "elapsed": 0.096741, "delta": 0.002992}}
{"target": -989.3881007043963, "params": {"gamma": 2.878465610524901, "lr": 0.13002857211827767}, "datetime": {"datetime": "2024-03-30 18:19:22", "elapsed": 0.099732, "delta": 0.002991}}
{"target": -91.07598888936764, "params": {"gamma": 0.19465021174510047, "lr": 0.678835532939891}, "datetime": {"datetime": "2024-03-30 18:19:22", "elapsed": 0.103722, "delta": 0.00399}}
{"target": -274.25944802182164, "params": {"gamma": 2.1170695318845905, "lr": 0.2655466593722262}, "datetime": {"datetime": "2024-03-30 18:19:22", "elapsed": 0.106715, "delta": 0.002993}}
{"target": -1761.4734608262095, "params": {"gamma": 4.916240019644103, "lr": 0.053362545117080384}, "datetime": {"datetime": "2024-03-30 18:19:22", "elapsed": 0.110703, "delta": 0.003988}}
{"target": -1917.5243430124724, "params": {"gamma": 5.741601937314639, "lr": 0.14672857490581015}, "datetime": {"datetime": "2024-03-30 18:19:22", "elapsed": 0.113695, "delta": 0.002992}}
{"target": -569.0864083422631, "params": {"gamma": 5.89346606349594, "lr": 0.6997583600209312}, "datetime": {"datetime": "2024-03-30 18:19:22", "elapsed": 0.116687, "delta": 0.002992}}
{"target": -119.38105186765169, "params": {"gamma": 1.0242419538494305, "lr": 0.4140559878195683}, "datetime": {"datetime": "2024-03-30 18:19:22", "elapsed": 0.121674, "delta": 0.004987}}
{"target": -704.8533328931069, "params": {"gamma": 6.9443071771197245, "lr": 0.41417926952690265}, "datetime": {"datetime": "2024-03-30 18:19:22", "elapsed": 0.12666, "delta": 0.004986}}
{"target": -77.54662288263546, "params": {"gamma": 0.5004846360019255, "lr": 0.5358964059155116}, "datetime": {"datetime": "2024-03-30 18:19:22", "elapsed": 0.129652, "delta": 0.002992}}
{"target": -621.5375020072005, "params": {"gamma": 6.638282657552669, "lr": 0.5148891120583086}, "datetime": {"datetime": "2024-03-30 18:19:22", "elapsed": 0.132644, "delta": 0.002992}}
{"target": -881.9451967360392, "params": {"gamma": 9.446002965152143, "lr": 0.5865550405019929}, "datetime": {"datetime": "2024-03-30 18:19:22", "elapsed": 0.136634, "delta": 0.00399}}
{"target": -3100.0894281888627, "params": {"gamma": 9.034115750963547, "lr": 0.13747470414623753}, "datetime": {"datetime": "2024-03-30 18:19:22", "elapsed": 0.139625, "delta": 0.002991}}
{"target": -138.72151186212344, "params": {"gamma": 1.3936241961603346, "lr": 0.8073912887095238}, "datetime": {"datetime": "2024-03-30 18:19:22", "elapsed": 0.142617, "delta": 0.002992}}
{"target": -1330.1613550748723, "params": {"gamma": 3.9773706930183503, "lr": 0.16535419711693278}, "datetime": {"datetime": "2024-03-30 18:19:22", "elapsed": 0.145609, "delta": 0.002992}}
{"target": -1015.1522623171428, "params": {"gamma": 9.275158295379942, "lr": 0.34776585974550656}, "datetime": {"datetime": "2024-03-30 18:19:22", "elapsed": 0.149599, "delta": 0.00399}}
{"target": -723.2920689616557, "params": {"gamma": 7.50837021925842, "lr": 0.7259979853504515}, "datetime": {"datetime": "2024-03-30 18:19:22", "elapsed": 0.152591, "delta": 0.002992}}
{"target": -826.3392974533967, "params": {"gamma": 8.833177605966892, "lr": 0.6236722070556089}, "datetime": {"datetime": "2024-03-30 18:19:22", "elapsed": 0.155582, "delta": 0.002991}}
{"target": -822.7198685966675, "params": {"gamma": 7.509673397839345, "lr": 0.34889834197784253}, "datetime": {"datetime": "2024-03-30 18:19:22", "elapsed": 0.158575, "delta": 0.002993}}
{"target": -259.9190859788064, "params": {"gamma": 2.7000089897584956, "lr": 0.8958862181960668}, "datetime": {"datetime": "2024-03-30 18:19:22", "elapsed": 0.162564, "delta": 0.003989}}
{"target": -403.75844009820224, "params": {"gamma": 4.281483807523078, "lr": 0.9648400471483856}, "datetime": {"datetime": "2024-03-30 18:19:22", "elapsed": 0.165556, "delta": 0.002992}}
{"target": -621.899695441552, "params": {"gamma": 6.634751536686663, "lr": 0.6216957202091218}, "datetime": {"datetime": "2024-03-30 18:19:22", "elapsed": 0.168549, "delta": 0.002993}}
{"target": -117.15061728123234, "params": {"gamma": 1.1483449835607984, "lr": 0.9494892587070712}, "datetime": {"datetime": "2024-03-30 18:19:22", "elapsed": 0.172537, "delta": 0.003988}}
{"target": -422.10199378505484, "params": {"gamma": 4.499671422665926, "lr": 0.5783896143871318}, "datetime": {"datetime": "2024-03-30 18:19:22", "elapsed": 0.175529, "delta": 0.002992}}
{"target": -648.7964573803895, "params": {"gamma": 4.081959890810051, "lr": 0.2370269802430277}, "datetime": {"datetime": "2024-03-30 18:19:22", "elapsed": 0.178521, "delta": 0.002992}}
{"target": -843.6194651974574, "params": {"gamma": 9.033891826101975, "lr": 0.5736794866722859}, "datetime": {"datetime": "2024-03-30 18:19:22", "elapsed": 0.181513, "delta": 0.002992}}
{"target": -134.24035831921978, "params": {"gamma": 0.029700399984558545, "lr": 0.6171449136207239}, "datetime": {"datetime": "2024-03-30 18:19:22", "elapsed": 0.185503, "delta": 0.00399}}
{"target": -308.5382847424844, "params": {"gamma": 3.2671223728191894, "lr": 0.5270581022576093}, "datetime": {"datetime": "2024-03-30 18:19:22", "elapsed": 0.188495, "delta": 0.002992}}
{"target": -969.8499087038899, "params": {"gamma": 8.859535051008434, "lr": 0.35726976000249977}, "datetime": {"datetime": "2024-03-30 18:19:22", "elapsed": 0.191487, "delta": 0.002992}}
{"target": -849.7995865278785, "params": {"gamma": 9.085442974047073, "lr": 0.6233601157918027}, "datetime": {"datetime": "2024-03-30 18:19:22", "elapsed": 0.195506, "delta": 0.004019}}
{"target": -98.81667370335045, "params": {"gamma": 0.15919660722271628, "lr": 0.9294372337437613}, "datetime": {"datetime": "2024-03-30 18:19:22", "elapsed": 0.198498, "delta": 0.002992}}
{"target": -646.739847682205, "params": {"gamma": 6.9092782782517235, "lr": 0.9973228504514805}, "datetime": {"datetime": "2024-03-30 18:19:22", "elapsed": 0.204452, "delta": 0.005954}}
{"target": -595.3865421431101, "params": {"gamma": 1.7242327429449402, "lr": 0.13713574962887776}, "datetime": {"datetime": "2024-03-30 18:19:22", "elapsed": 0.207444, "delta": 0.002992}}
{"target": -896.874141581679, "params": {"gamma": 9.326022034908599, "lr": 0.6968181614899002}, "datetime": {"datetime": "2024-03-30 18:19:22", "elapsed": 0.210436, "delta": 0.002992}}
{"target": -80.05901613383571, "params": {"gamma": 0.6609357270479028, "lr": 0.7554630526024664}, "datetime": {"datetime": "2024-03-30 18:19:22", "elapsed": 0.214425, "delta": 0.003989}}
{"target": -704.9865828374551, "params": {"gamma": 7.539008008424004, "lr": 0.9230245355464833}, "datetime": {"datetime": "2024-03-30 18:19:22", "elapsed": 0.217417, "delta": 0.002992}}
{"target": -2442.024912125122, "params": {"gamma": 7.11553606152609, "lr": 0.1242709619721647}, "datetime": {"datetime": "2024-03-30 18:19:22", "elapsed": 0.220409, "delta": 0.002992}}
{"target": -147.41334259632526, "params": {"gamma": 0.1997814582641161, "lr": 0.026210986877719278}, "datetime": {"datetime": "2024-03-30 18:19:22", "elapsed": 0.224398, "delta": 0.003989}}
{"target": -121.90984293781247, "params": {"gamma": 0.2840365737199253, "lr": 0.2462110676030459}, "datetime": {"datetime": "2024-03-30 18:19:22", "elapsed": 0.22739, "delta": 0.002992}}
{"target": -804.0004691947584, "params": {"gamma": 8.600419458880197, "lr": 0.5388310643416528}, "datetime": {"datetime": "2024-03-30 18:19:22", "elapsed": 0.230382, "delta": 0.002992}}
{"target": -524.5827748768429, "params": {"gamma": 5.5286669648789735, "lr": 0.8420308923596057}, "datetime": {"datetime": "2024-03-30 18:19:22", "elapsed": 0.233374, "delta": 0.002992}}
{"target": -178.70740358875472, "params": {"gamma": 1.2426089778839915, "lr": 0.2791836790111395}, "datetime": {"datetime": "2024-03-30 18:19:22", "elapsed": 0.237363, "delta": 0.003989}}
{"target": -549.5102502182962, "params": {"gamma": 5.858006955311422, "lr": 0.9695957483196745}, "datetime": {"datetime": "2024-03-30 18:19:22", "elapsed": 0.240356, "delta": 0.002993}}
{"target": -2010.0682039905798, "params": {"gamma": 5.6107411623378445, "lr": 0.01864728937294302}, "datetime": {"datetime": "2024-03-30 18:19:22", "elapsed": 0.243347, "delta": 0.002991}}
{"target": -1248.5791600988393, "params": {"gamma": 8.006526094133482, "lr": 0.23297427384102043}, "datetime": {"datetime": "2024-03-30 18:19:22", "elapsed": 0.247336, "delta": 0.003989}}
{"target": -883.9283244813653, "params": {"gamma": 8.071244850992173, "lr": 0.38786064406417176}, "datetime": {"datetime": "2024-03-30 18:19:22", "elapsed": 0.250329, "delta": 0.002993}}
{"target": -821.6069020470865, "params": {"gamma": 8.635555003739727, "lr": 0.7471216427371846}, "datetime": {"datetime": "2024-03-30 18:19:22", "elapsed": 0.253321, "delta": 0.002992}}
{"target": -1909.4885647636302, "params": {"gamma": 5.562846099670199, "lr": 0.13645522566068502}, "datetime": {"datetime": "2024-03-30 18:19:22", "elapsed": 0.25731, "delta": 0.003989}}
{"target": -229.85113411055642, "params": {"gamma": 0.6001169774326044, "lr": 0.12134345574073735}, "datetime": {"datetime": "2024-03-30 18:19:22", "elapsed": 0.260302, "delta": 0.002992}}
{"target": -189.50726098887097, "params": {"gamma": 0.4464742335690725, "lr": 0.1074941291060929}, "datetime": {"datetime": "2024-03-30 18:19:22", "elapsed": 0.263294, "delta": 0.002992}}
{"target": -222.7386055730464, "params": {"gamma": 2.2578676767399393, "lr": 0.7129889803826767}, "datetime": {"datetime": "2024-03-30 18:19:22", "elapsed": 0.267283, "delta": 0.003989}}
{"target": -2005.3677682744583, "params": {"gamma": 5.597610103559371, "lr": 0.012555980159115854}, "datetime": {"datetime": "2024-03-30 18:19:22", "elapsed": 0.270276, "delta": 0.002993}}
{"target": -84.09705578165308, "params": {"gamma": 0.7206708226151783, "lr": 0.967276330000272}, "datetime": {"datetime": "2024-03-30 18:19:22", "elapsed": 0.273267, "delta": 0.002991}}
{"target": -892.9664490487006, "params": {"gamma": 5.6814365187375016, "lr": 0.20329323466099047}, "datetime": {"datetime": "2024-03-30 18:19:22", "elapsed": 0.277286, "delta": 0.004019}}
{"target": -244.87188775445716, "params": {"gamma": 2.5240051199586637, "lr": 0.7438258540750929}, "datetime": {"datetime": "2024-03-30 18:19:22", "elapsed": 0.280249, "delta": 0.002963}}
{"target": -187.5217537507547, "params": {"gamma": 1.9550993816120785, "lr": 0.5813589272732578}, "datetime": {"datetime": "2024-03-30 18:19:22", "elapsed": 0.28324, "delta": 0.002991}}
{"target": -914.5965407988303, "params": {"gamma": 9.700229870894034, "lr": 0.8468288014900353}, "datetime": {"datetime": "2024-03-30 18:19:22", "elapsed": 0.28723, "delta": 0.00399}}
{"target": -245.0286230586782, "params": {"gamma": 2.399237743716714, "lr": 0.49376971426872995}, "datetime": {"datetime": "2024-03-30 18:19:22", "elapsed": 0.290222, "delta": 0.002992}}
{"target": -581.1330180699634, "params": {"gamma": 6.199937228095417, "lr": 0.8289808995501787}, "datetime": {"datetime": "2024-03-30 18:19:22", "elapsed": 0.293214, "delta": 0.002992}}
{"target": -565.7332360185658, "params": {"gamma": 1.5687571550661965, "lr": 0.018576202177409518}, "datetime": {"datetime": "2024-03-30 18:19:22", "elapsed": 0.297232, "delta": 0.004018}}
{"target": -97.57034761787244, "params": {"gamma": 0.7011514150485041, "lr": 0.4863451109370318}, "datetime": {"datetime": "2024-03-30 18:19:22", "elapsed": 0.300224, "delta": 0.002992}}
{"target": -568.1144614839482, "params": {"gamma": 6.063688287071651, "lr": 0.5688514370864813}, "datetime": {"datetime": "2024-03-30 18:19:22", "elapsed": 0.303216, "delta": 0.002992}}
{"target": -301.5402164456178, "params": {"gamma": 3.1743067308122854, "lr": 0.9886161544124489}, "datetime": {"datetime": "2024-03-30 18:19:22", "elapsed": 0.307205, "delta": 0.003989}}
{"target": -636.1637587227222, "params": {"gamma": 5.797872447238724, "lr": 0.3801411726235504}, "datetime": {"datetime": "2024-03-30 18:19:22", "elapsed": 0.310169, "delta": 0.002964}}
{"target": -526.2741445153614, "params": {"gamma": 5.509931242959851, "lr": 0.7453344309065021}, "datetime": {"datetime": "2024-03-30 18:19:22", "elapsed": 0.31316, "delta": 0.002991}}
{"target": -794.1685066102269, "params": {"gamma": 6.6926597016383935, "lr": 0.2649195576628094}, "datetime": {"datetime": "2024-03-30 18:19:22", "elapsed": 0.317149, "delta": 0.003989}}
{"target": -100.80424152957343, "params": {"gamma": 0.6642820094499873, "lr": 0.3700841979141063}, "datetime": {"datetime": "2024-03-30 18:19:22", "elapsed": 0.320141, "delta": 0.002992}}
{"target": -987.1668880358478, "params": {"gamma": 6.297545352708624, "lr": 0.2101740099148396}, "datetime": {"datetime": "2024-03-30 18:19:22", "elapsed": 0.323133, "delta": 0.002992}}
{"target": -2696.345069167836, "params": {"gamma": 7.5278027818344, "lr": 0.06653648135411494}, "datetime": {"datetime": "2024-03-30 18:19:22", "elapsed": 0.32812, "delta": 0.004987}}
{"target": -249.00960729387427, "params": {"gamma": 2.603890670686831, "lr": 0.8047545637433454}, "datetime": {"datetime": "2024-03-30 18:19:22", "elapsed": 0.332109, "delta": 0.003989}}
{"target": -187.27695471744616, "params": {"gamma": 1.935149391950654, "lr": 0.6394608808799401}, "datetime": {"datetime": "2024-03-30 18:19:22", "elapsed": 0.336099, "delta": 0.00399}}
{"target": -493.02542558346124, "params": {"gamma": 5.247178420928214, "lr": 0.9248079703993507}, "datetime": {"datetime": "2024-03-30 18:19:22", "elapsed": 0.339091, "delta": 0.002992}}
{"target": -944.9918140881671, "params": {"gamma": 2.633704408100623, "lr": 0.06596109068402378}, "datetime": {"datetime": "2024-03-30 18:19:22", "elapsed": 0.342083, "delta": 0.002992}}
{"target": -686.2046252916816, "params": {"gamma": 7.350924566923407, "lr": 0.7721780295432468}, "datetime": {"datetime": "2024-03-30 18:19:22", "elapsed": 0.346072, "delta": 0.003989}}
{"target": -847.3636084139081, "params": {"gamma": 9.078250709182736, "lr": 0.9319720691968373}, "datetime": {"datetime": "2024-03-30 18:19:22", "elapsed": 0.349064, "delta": 0.002992}}
{"target": -125.85884640641005, "params": {"gamma": 0.14050177818299456, "lr": 0.2343620861214205}, "datetime": {"datetime": "2024-03-30 18:19:22", "elapsed": 0.352056, "delta": 0.002992}}
{"target": -578.1947068538894, "params": {"gamma": 6.1681667916595755, "lr": 0.9490163206876164}, "datetime": {"datetime": "2024-03-30 18:19:22", "elapsed": 0.356045, "delta": 0.003989}}
{"target": -887.828353639314, "params": {"gamma": 9.50181101635155, "lr": 0.5566531881951564}, "datetime": {"datetime": "2024-03-30 18:19:22", "elapsed": 0.359037, "delta": 0.002992}}
{"target": -857.0680926325155, "params": {"gamma": 9.15614789131298, "lr": 0.6415662089463375}, "datetime": {"datetime": "2024-03-30 18:19:22", "elapsed": 0.363026, "delta": 0.003989}}
{"target": -393.834518272867, "params": {"gamma": 3.9006871336983213, "lr": 0.48599066709690975}, "datetime": {"datetime": "2024-03-30 18:19:22", "elapsed": 0.366018, "delta": 0.002992}}
{"target": -566.2376633237498, "params": {"gamma": 6.043500518716813, "lr": 0.5495479215085626}, "datetime": {"datetime": "2024-03-30 18:19:22", "elapsed": 0.36901, "delta": 0.002992}}
{"target": -864.3499317252343, "params": {"gamma": 9.26188808563783, "lr": 0.9187334356336061}, "datetime": {"datetime": "2024-03-30 18:19:22", "elapsed": 0.373, "delta": 0.00399}}
{"target": -373.07509347080554, "params": {"gamma": 3.9493612536226252, "lr": 0.9632625284407118}, "datetime": {"datetime": "2024-03-30 18:19:22", "elapsed": 0.375992, "delta": 0.002992}}
{"target": -600.8700227359379, "params": {"gamma": 1.740382711137963, "lr": 0.12632951943963733}, "datetime": {"datetime": "2024-03-30 18:19:22", "elapsed": 0.378984, "delta": 0.002992}}
{"target": -134.27497890780376, "params": {"gamma": 1.3516565013092665, "lr": 0.5056621656768967}, "datetime": {"datetime": "2024-03-30 18:19:22", "elapsed": 0.382973, "delta": 0.003989}}
{"target": -89.11697506287068, "params": {"gamma": 0.2162265279367056, "lr": 0.947970211217681}, "datetime": {"datetime": "2024-03-30 18:19:22", "elapsed": 0.385965, "delta": 0.002992}}
{"target": -2962.524131204779, "params": {"gamma": 8.271327596236153, "lr": 0.015018980742122379}, "datetime": {"datetime": "2024-03-30 18:19:22", "elapsed": 0.388957, "delta": 0.002992}}
{"target": -227.3622083344501, "params": {"gamma": 1.7627863594949775, "lr": 0.332063574366837}, "datetime": {"datetime": "2024-03-30 18:19:22", "elapsed": 0.392946, "delta": 0.003989}}
{"target": -131.37689351834152, "params": {"gamma": 1.310837451264358, "lr": 0.8094906921265821}, "datetime": {"datetime": "2024-03-30 18:19:22", "elapsed": 0.395938, "delta": 0.002992}}
{"target": -326.7887492929468, "params": {"gamma": 3.4480217901802512, "lr": 0.9401074823333672}, "datetime": {"datetime": "2024-03-30 18:19:22", "elapsed": 0.39893, "delta": 0.002992}}
{"target": -557.6853161001754, "params": {"gamma": 5.820559785290854, "lr": 0.8788319844118441}, "datetime": {"datetime": "2024-03-30 18:19:22", "elapsed": 0.402919, "delta": 0.003989}}
{"target": -796.7744109740179, "params": {"gamma": 8.447499719476827, "lr": 0.9053923187086492}, "datetime": {"datetime": "2024-03-30 18:19:22", "elapsed": 0.405911, "delta": 0.002992}}
{"target": -432.0387294270733, "params": {"gamma": 4.599342777902254, "lr": 0.5463468160203733}, "datetime": {"datetime": "2024-03-30 18:19:22", "elapsed": 0.408903, "delta": 0.002992}}
{"target": -905.6886936141337, "params": {"gamma": 7.986237307929242, "lr": 0.28571885173414757}, "datetime": {"datetime": "2024-03-30 18:19:22", "elapsed": 0.412893, "delta": 0.00399}}
