{"target": -115.86528216949652, "params": {"gamma": 2.2126120171307266, "prior": 8.911951729753838, "rate": 3.158601390335996}, "datetime": {"datetime": "2024-04-12 15:57:28", "elapsed": 7210.073487, "delta": 11.207524}}
{"target": -115.85932009968265, "params": {"gamma": 2.174129234980274, "prior": 4.131528986682886, "rate": 1.3645164554033866}, "datetime": {"datetime": "2024-04-12 15:57:42", "elapsed": 7224.617968, "delta": 14.544481}}
{"target": -115.8592975761994, "params": {"gamma": 2.206442477689499, "prior": 8.177218333592622, "rate": 2.663082956270758}, "datetime": {"datetime": "2024-04-12 15:57:59", "elapsed": 7241.252388, "delta": 16.63442}}
{"target": -115.85242346771204, "params": {"gamma": 2.2153474851496577, "prior": 9.5016659749925, "rate": 3.2349272810045338}, "datetime": {"datetime": "2024-04-12 15:58:27", "elapsed": 7268.838391, "delta": 27.586003}}
{"target": -115.85296864334059, "params": {"gamma": 2.1980818740462573, "prior": 6.383686481222321, "rate": 2.129470405627406}, "datetime": {"datetime": "2024-04-12 15:58:37", "elapsed": 7279.091492, "delta": 10.253101}}
{"target": -115.86857897450378, "params": {"gamma": 2.2256363613536587, "prior": 6.72003878335341, "rate": 2.1540610414662837}, "datetime": {"datetime": "2024-04-12 15:58:48", "elapsed": 7290.379102, "delta": 11.28761}}
{"target": -115.86248896950936, "params": {"gamma": 2.208461016442294, "prior": 8.903853833008949, "rate": 2.8792540751922746}, "datetime": {"datetime": "2024-04-12 15:59:01", "elapsed": 7303.394807, "delta": 13.015705}}
{"target": -115.85517081821669, "params": {"gamma": 2.197297313399449, "prior": 6.856534474666634, "rate": 2.3715526716749102}, "datetime": {"datetime": "2024-04-12 15:59:13", "elapsed": 7315.369816, "delta": 11.975009}}
{"target": -115.85316388236001, "params": {"gamma": 2.2014018280066114, "prior": 9.167399418247287, "rate": 3.145145136642456}, "datetime": {"datetime": "2024-04-12 15:59:35", "elapsed": 7337.460722, "delta": 22.090906}}
{"target": -115.85372582857036, "params": {"gamma": 2.2260435415402804, "prior": 7.959871928244218, "rate": 2.7095718436807226}, "datetime": {"datetime": "2024-04-12 15:59:47", "elapsed": 7348.869698, "delta": 11.408976}}
{"target": -115.86124979096503, "params": {"gamma": 2.2487420285629263, "prior": 5.2806380452297255, "rate": 1.7487665505236683}, "datetime": {"datetime": "2024-04-12 16:00:01", "elapsed": 7362.827836, "delta": 13.958138}}
{"target": -115.85910355831587, "params": {"gamma": 2.18354380169379, "prior": 5.781052533696577, "rate": 1.8960724630109567}, "datetime": {"datetime": "2024-04-12 16:00:23", "elapsed": 7385.127042, "delta": 22.299206}}
{"target": -115.86139690954016, "params": {"gamma": 2.2543906989757394, "prior": 2.570050615827236, "rate": 0.8662913550288396}, "datetime": {"datetime": "2024-04-12 16:00:38", "elapsed": 7400.145359, "delta": 15.018317}}
{"target": -115.8538805226169, "params": {"gamma": 2.223179906244173, "prior": 6.684384075159196, "rate": 2.2866080701970675}, "datetime": {"datetime": "2024-04-12 16:01:03", "elapsed": 7424.747417, "delta": 24.602058}}
{"target": -115.85212632753719, "params": {"gamma": 2.206955248029039, "prior": 4.426730092214762, "rate": 1.4828791419660698}, "datetime": {"datetime": "2024-04-12 16:01:25", "elapsed": 7447.032014, "delta": 22.284597}}
{"target": -115.87479313394937, "params": {"gamma": 2.155992689528546, "prior": 9.531001727570029, "rate": 3.379189279642091}, "datetime": {"datetime": "2024-04-12 16:01:41", "elapsed": 7463.33166, "delta": 16.299646}}
{"target": -115.86424935936668, "params": {"gamma": 2.170894711111516, "prior": 2.070259576317362, "rate": 0.7255438412766705}, "datetime": {"datetime": "2024-04-12 16:01:49", "elapsed": 7470.852153, "delta": 7.520493}}
{"target": -115.86400078274835, "params": {"gamma": 2.2486376847211136, "prior": 8.263717081759847, "rate": 2.868651078146403}, "datetime": {"datetime": "2024-04-12 16:02:06", "elapsed": 7488.632369, "delta": 17.780216}}
{"target": -115.85254219890216, "params": {"gamma": 2.1937633811389343, "prior": 2.472383796881443, "rate": 0.8395031581945888}, "datetime": {"datetime": "2024-04-12 16:02:20", "elapsed": 7502.556945, "delta": 13.924576}}
{"target": -115.85219077760914, "params": {"gamma": 2.198927486845648, "prior": 4.209057235246887, "rate": 1.431181588963897}, "datetime": {"datetime": "2024-04-12 16:02:38", "elapsed": 7520.588942, "delta": 18.031997}}
{"target": -115.85489039802272, "params": {"gamma": 2.20280362575997, "prior": 4.944005378258803, "rate": 1.7098244672869645}, "datetime": {"datetime": "2024-04-12 16:02:51", "elapsed": 7533.480841, "delta": 12.891899}}
{"target": -115.85518712638667, "params": {"gamma": 2.2181833342399826, "prior": 6.111881742345249, "rate": 2.018004381248888}, "datetime": {"datetime": "2024-04-12 16:03:07", "elapsed": 7549.464713, "delta": 15.983872}}
{"target": -115.8557443405685, "params": {"gamma": 2.1839777935290923, "prior": 6.007448940322797, "rate": 2.0680798158889266}, "datetime": {"datetime": "2024-04-12 16:03:28", "elapsed": 7570.242573, "delta": 20.77786}}
{"target": -115.85718632201134, "params": {"gamma": 2.2356282358492847, "prior": 2.0284165652355877, "rate": 0.6970321943676828}, "datetime": {"datetime": "2024-04-12 16:03:44", "elapsed": 7586.55369, "delta": 16.311117}}
{"target": -115.86205754627386, "params": {"gamma": 2.1711160109141705, "prior": 6.143076638484895, "rate": 2.1404974700689223}, "datetime": {"datetime": "2024-04-12 16:03:56", "elapsed": 7598.276244, "delta": 11.722554}}
{"target": -115.85634077755792, "params": {"gamma": 2.2379696426896643, "prior": 7.736525155507229, "rate": 2.588310714147517}, "datetime": {"datetime": "2024-04-12 16:04:10", "elapsed": 7612.110057, "delta": 13.833813}}
{"target": -115.8557103488641, "params": {"gamma": 2.1922935427477537, "prior": 3.6766172909514316, "rate": 1.2721137577845167}, "datetime": {"datetime": "2024-04-12 16:04:28", "elapsed": 7630.572428, "delta": 18.462371}}
{"target": -115.85624341134871, "params": {"gamma": 2.1880023531260604, "prior": 5.195842106850694, "rate": 1.797622097177325}, "datetime": {"datetime": "2024-04-12 16:04:47", "elapsed": 7648.716088, "delta": 18.14366}}
{"target": -115.85698820125302, "params": {"gamma": 2.213107416214791, "prior": 9.216795744592623, "rate": 3.0211929064080816}, "datetime": {"datetime": "2024-04-12 16:04:57", "elapsed": 7659.251777, "delta": 10.535689}}
{"target": -115.85509009177079, "params": {"gamma": 2.1851478694888784, "prior": 10.0, "rate": 3.327249661039131}, "datetime": {"datetime": "2024-04-12 16:05:14", "elapsed": 7676.054411, "delta": 16.802634}}
{"target": -115.90571542728635, "params": {"gamma": 2.1905262978874203, "prior": 5.338305810970016, "rate": 1.985828256796116}, "datetime": {"datetime": "2024-04-12 16:05:28", "elapsed": 7689.821781, "delta": 13.76737}}
{"target": -115.85223172975573, "params": {"gamma": 2.208977612493908, "prior": 2.551758856448725, "rate": 0.8540540367661097}, "datetime": {"datetime": "2024-04-12 16:05:41", "elapsed": 7703.232849, "delta": 13.411068}}
{"target": -115.85760932931248, "params": {"gamma": 2.243839427166456, "prior": 10.0, "rate": 3.3716187709264824}, "datetime": {"datetime": "2024-04-12 16:05:53", "elapsed": 7715.599683, "delta": 12.366834}}
{"target": -115.888900174597, "params": {"gamma": 2.1731289301439065, "prior": 9.268534917276567, "rate": 3.3806394129143063}, "datetime": {"datetime": "2024-04-12 16:06:12", "elapsed": 7734.04022, "delta": 18.440537}}
{"target": -115.8532884633964, "params": {"gamma": 2.22338528984373, "prior": 8.836952104871974, "rate": 2.960032414032212}, "datetime": {"datetime": "2024-04-12 16:06:22", "elapsed": 7744.467033, "delta": 10.426813}}
{"target": -115.85229575322633, "params": {"gamma": 2.2108543365976145, "prior": 7.5777459086824495, "rate": 2.583487733546513}, "datetime": {"datetime": "2024-04-12 16:06:39", "elapsed": 7761.478315, "delta": 17.011282}}
{"target": -115.86280747248695, "params": {"gamma": 2.156148454139798, "prior": 6.355799841846509, "rate": 2.137070944393655}, "datetime": {"datetime": "2024-04-12 16:06:52", "elapsed": 7774.00754, "delta": 12.529225}}
{"target": -115.8565931152712, "params": {"gamma": 2.201781099998401, "prior": 6.552945570162223, "rate": 2.150576548786585}, "datetime": {"datetime": "2024-04-12 16:07:04", "elapsed": 7786.099041, "delta": 12.091501}}
{"target": -115.8788757345255, "params": {"gamma": 2.143744577521778, "prior": 7.683430855078216, "rate": 2.4903848946256923}, "datetime": {"datetime": "2024-04-12 16:07:19", "elapsed": 7801.056012, "delta": 14.956971}}
{"target": -115.86377969756369, "params": {"gamma": 2.2333200570512997, "prior": 7.511119343957789, "rate": 2.4366117470261486}, "datetime": {"datetime": "2024-04-12 16:07:41", "elapsed": 7822.791832, "delta": 21.73582}}
{"target": -115.8676377238255, "params": {"gamma": 2.1615107309726795, "prior": 10.0, "rate": 3.5073442153238834}, "datetime": {"datetime": "2024-04-12 16:07:56", "elapsed": 7837.740262, "delta": 14.94843}}
{"target": -115.86677859117675, "params": {"gamma": 2.1588378095994614, "prior": 8.656097677567294, "rate": 2.8390499426857336}, "datetime": {"datetime": "2024-04-12 16:08:10", "elapsed": 7851.799216, "delta": 14.058954}}
{"target": -115.86391681411953, "params": {"gamma": 2.2472595878143293, "prior": 3.1458871544928284, "rate": 1.0300749480434417}, "datetime": {"datetime": "2024-04-12 16:08:24", "elapsed": 7866.469676, "delta": 14.67046}}
{"target": -115.86835009367029, "params": {"gamma": 2.2189949711453796, "prior": 2.9303869936527325, "rate": 0.9383741295572807}, "datetime": {"datetime": "2024-04-12 16:08:41", "elapsed": 7883.543633, "delta": 17.073957}}
{"target": -115.86046479435308, "params": {"gamma": 2.2414529728704773, "prior": 9.791012916778579, "rate": 3.2226202354119198}, "datetime": {"datetime": "2024-04-12 16:08:55", "elapsed": 7896.980106, "delta": 13.436473}}
{"target": -115.85536309397662, "params": {"gamma": 2.2274808293437713, "prior": 2.270755596134717, "rate": 0.7532007887434792}, "datetime": {"datetime": "2024-04-12 16:09:07", "elapsed": 7908.669426, "delta": 11.68932}}
{"target": -115.864142887243, "params": {"gamma": 2.2582095122380146, "prior": 5.3725816888384115, "rate": 1.8374770970724537}, "datetime": {"datetime": "2024-04-12 16:09:21", "elapsed": 7923.104719, "delta": 14.435293}}
{"target": -115.85985050745272, "params": {"gamma": 2.2214600350033358, "prior": 3.5826405347213295, "rate": 1.167501689399456}, "datetime": {"datetime": "2024-04-12 16:09:33", "elapsed": 7935.522549, "delta": 12.41783}}
{"target": -115.8552819591554, "params": {"gamma": 2.177714364506634, "prior": 3.649878861935793, "rate": 1.23615201271085}, "datetime": {"datetime": "2024-04-12 16:09:51", "elapsed": 7953.221531, "delta": 17.698982}}
{"target": -115.85931222244838, "params": {"gamma": 2.182718331153692, "prior": 3.173759871640761, "rate": 1.1059516093534025}, "datetime": {"datetime": "2024-04-12 16:10:09", "elapsed": 7971.34388, "delta": 18.122349}}
{"target": -115.85426512849195, "params": {"gamma": 2.1835205429520657, "prior": 7.883694735085032, "rate": 2.6842778839574786}, "datetime": {"datetime": "2024-04-12 16:10:26", "elapsed": 7988.393777, "delta": 17.049897}}
{"target": -115.86017624431094, "params": {"gamma": 2.244906837049764, "prior": 5.604426928621107, "rate": 1.9282545849458876}, "datetime": {"datetime": "2024-04-12 16:10:41", "elapsed": 8002.906844, "delta": 14.513067}}
{"target": -115.85856526899433, "params": {"gamma": 2.216350354906287, "prior": 3.0425726893391785, "rate": 1.0624137535948526}, "datetime": {"datetime": "2024-04-12 16:11:01", "elapsed": 8022.995773, "delta": 20.088929}}
{"target": -115.85585639455712, "params": {"gamma": 2.209818057803366, "prior": 4.786189179922798, "rate": 1.5738670252642284}, "datetime": {"datetime": "2024-04-12 16:11:20", "elapsed": 8041.761916, "delta": 18.766143}}
{"target": -115.85595585873301, "params": {"gamma": 2.1756724075438783, "prior": 4.473794478782946, "rate": 1.5046263194052567}, "datetime": {"datetime": "2024-04-12 16:11:30", "elapsed": 8052.364085, "delta": 10.602169}}
{"target": -115.85586686382057, "params": {"gamma": 2.2351995411293384, "prior": 1.4887998723093177, "rate": 0.49711230097580494}, "datetime": {"datetime": "2024-04-12 16:11:41", "elapsed": 8063.185385, "delta": 10.8213}}
{"target": -115.8560403515695, "params": {"gamma": 2.2243052213960186, "prior": 4.646679810899214, "rate": 1.5334514579694423}, "datetime": {"datetime": "2024-04-12 16:11:48", "elapsed": 8069.849382, "delta": 6.663997}}
{"target": -115.86957312310066, "params": {"gamma": 2.172353798664321, "prior": 8.588577476672057, "rate": 3.046774029019997}, "datetime": {"datetime": "2024-04-12 16:11:58", "elapsed": 8079.752915, "delta": 9.903533}}
{"target": -115.853190502715, "params": {"gamma": 2.2079739859137915, "prior": 6.235534553429203, "rate": 2.072895833307452}, "datetime": {"datetime": "2024-04-12 16:12:16", "elapsed": 8098.069797, "delta": 18.316882}}
{"target": -115.85579337102243, "params": {"gamma": 2.1812311803841458, "prior": 5.8742794551982245, "rate": 1.955603584972849}, "datetime": {"datetime": "2024-04-12 16:12:38", "elapsed": 8119.783501, "delta": 21.713704}}
{"target": -115.85626649282196, "params": {"gamma": 2.2254095637274007, "prior": 9.383840242356538, "rate": 3.0960271817587817}, "datetime": {"datetime": "2024-04-12 16:12:53", "elapsed": 8135.303825, "delta": 15.520324}}
{"target": -115.86660341620274, "params": {"gamma": 2.2220202643751112, "prior": 7.019627424186558, "rate": 2.4888647449388763}, "datetime": {"datetime": "2024-04-12 16:13:10", "elapsed": 8152.127635, "delta": 16.82381}}
{"target": -115.85398261443206, "params": {"gamma": 2.1840415150590533, "prior": 9.017467086685166, "rate": 3.0615574860541432}, "datetime": {"datetime": "2024-04-12 16:13:24", "elapsed": 8166.126357, "delta": 13.998722}}
{"target": -115.85639246890298, "params": {"gamma": 2.2336745690490067, "prior": 9.505406079205274, "rate": 3.15609652867556}, "datetime": {"datetime": "2024-04-12 16:13:42", "elapsed": 8183.95594, "delta": 17.829583}}
{"target": -115.85711675032388, "params": {"gamma": 2.173047241358217, "prior": 4.78604191010522, "rate": 1.6355453086061282}, "datetime": {"datetime": "2024-04-12 16:14:01", "elapsed": 8203.604127, "delta": 19.648187}}
{"target": -115.85605788190708, "params": {"gamma": 2.2383708983057504, "prior": 3.459539343703448, "rate": 1.1641543349799277}, "datetime": {"datetime": "2024-04-12 16:14:21", "elapsed": 8223.343809, "delta": 19.739682}}
{"target": -115.85582082893369, "params": {"gamma": 2.2356221008345774, "prior": 4.877431061803181, "rate": 1.6617986068281587}, "datetime": {"datetime": "2024-04-12 16:14:31", "elapsed": 8233.134075, "delta": 9.790266}}
{"target": -115.85960867240145, "params": {"gamma": 2.202049012231377, "prior": 8.456804925613618, "rate": 2.964738981065636}, "datetime": {"datetime": "2024-04-12 16:14:55", "elapsed": 8256.785368, "delta": 23.651293}}
{"target": -115.86787273666994, "params": {"gamma": 2.230193608871073, "prior": 9.12474085630828, "rate": 2.932480160465968}, "datetime": {"datetime": "2024-04-12 16:15:08", "elapsed": 8270.579221, "delta": 13.793853}}
{"target": -115.87245905866392, "params": {"gamma": 2.235485841452576, "prior": 9.878833165502005, "rate": 3.5197088490645276}, "datetime": {"datetime": "2024-04-12 16:15:21", "elapsed": 8282.926039, "delta": 12.346818}}
{"target": -115.86194399292667, "params": {"gamma": 2.2363684051887427, "prior": 3.742279065951025, "rate": 1.2213887358225217}, "datetime": {"datetime": "2024-04-12 16:15:40", "elapsed": 8301.911567, "delta": 18.985528}}
{"target": -115.85603751251143, "params": {"gamma": 2.2325760352678783, "prior": 8.50660073099634, "rate": 2.826190377755659}, "datetime": {"datetime": "2024-04-12 16:15:56", "elapsed": 8318.557828, "delta": 16.646261}}
{"target": -115.85260210365647, "params": {"gamma": 2.2204194726450996, "prior": 9.651832659931967, "rate": 3.2699938488763665}, "datetime": {"datetime": "2024-04-12 16:16:10", "elapsed": 8332.35817, "delta": 13.800342}}
{"target": -115.85671348811736, "params": {"gamma": 2.1857623391894188, "prior": 3.332735946508488, "rate": 1.1002122036690272}, "datetime": {"datetime": "2024-04-12 16:16:22", "elapsed": 8344.525854, "delta": 12.167684}}
{"target": -115.8617301489631, "params": {"gamma": 2.2229414141448025, "prior": 5.1683071376897285, "rate": 1.6775272278097288}, "datetime": {"datetime": "2024-04-12 16:16:35", "elapsed": 8356.76388, "delta": 12.238026}}
{"target": -115.85433510960515, "params": {"gamma": 2.1820250259325467, "prior": 7.2528699433450585, "rate": 2.4594584510259785}, "datetime": {"datetime": "2024-04-12 16:16:48", "elapsed": 8369.826077, "delta": 13.062197}}
{"target": -115.87996001629057, "params": {"gamma": 2.16539133029072, "prior": 3.3075004764942957, "rate": 1.189331481638847}, "datetime": {"datetime": "2024-04-12 16:17:04", "elapsed": 8385.809196, "delta": 15.983119}}
{"target": -115.85313467230144, "params": {"gamma": 2.2186882225054814, "prior": 9.90201283003987, "rate": 3.304806978665275}, "datetime": {"datetime": "2024-04-12 16:17:15", "elapsed": 8397.366087, "delta": 11.556891}}
{"target": -115.85387718795822, "params": {"gamma": 2.2287937054474454, "prior": 7.6929684251302515, "rate": 2.5888095216017573}, "datetime": {"datetime": "2024-04-12 16:17:24", "elapsed": 8406.449687, "delta": 9.0836}}
{"target": -115.85270600701871, "params": {"gamma": 2.191639436122331, "prior": 6.763691570327146, "rate": 2.2919510013252826}, "datetime": {"datetime": "2024-04-12 16:17:44", "elapsed": 8425.944945, "delta": 19.495258}}
{"target": -115.86056104843527, "params": {"gamma": 2.243750732042761, "prior": 4.091852317995159, "rate": 1.3496808459520866}, "datetime": {"datetime": "2024-04-12 16:17:55", "elapsed": 8436.940954, "delta": 10.996009}}
{"target": -115.85596985625395, "params": {"gamma": 2.2034420112812603, "prior": 4.649026294862028, "rate": 1.528411219671663}, "datetime": {"datetime": "2024-04-12 16:18:09", "elapsed": 8450.72472, "delta": 13.783766}}
{"target": -115.86809239595412, "params": {"gamma": 2.1599750654286547, "prior": 2.3954518442375585, "rate": 0.8399153237900454}, "datetime": {"datetime": "2024-04-12 16:18:24", "elapsed": 8465.8128, "delta": 15.08808}}
{"target": -115.85589061911334, "params": {"gamma": 2.2256145690294424, "prior": 8.39319547099684, "rate": 2.7736304947997903}, "datetime": {"datetime": "2024-04-12 16:18:47", "elapsed": 8488.854134, "delta": 23.041334}}
{"target": -115.85671000685699, "params": {"gamma": 2.1740599117086368, "prior": 8.9485176498496, "rate": 3.054534863736889}, "datetime": {"datetime": "2024-04-12 16:18:57", "elapsed": 8499.346847, "delta": 10.492713}}
{"target": -115.85215587023028, "params": {"gamma": 2.2125754503114523, "prior": 6.578407848964207, "rate": 2.2374758995799917}, "datetime": {"datetime": "2024-04-12 16:19:20", "elapsed": 8521.692885, "delta": 22.346038}}
{"target": -115.85561006040781, "params": {"gamma": 2.1799641112484287, "prior": 5.308788397557601, "rate": 1.7726715431891604}, "datetime": {"datetime": "2024-04-12 16:19:39", "elapsed": 8541.392213, "delta": 19.699328}}
{"target": -115.85717531918984, "params": {"gamma": 2.1902813907451426, "prior": 2.5850611908818713, "rate": 0.849807982044585}, "datetime": {"datetime": "2024-04-12 16:20:06", "elapsed": 8567.898555, "delta": 26.506342}}
{"target": -115.8716088218183, "params": {"gamma": 2.1586180779743764, "prior": 1.4612953172461105, "rate": 0.47369233568133334}, "datetime": {"datetime": "2024-04-12 16:20:30", "elapsed": 8592.038875, "delta": 24.14032}}
{"target": -115.85926308375802, "params": {"gamma": 2.1657418937380783, "prior": 7.44870388578987, "rate": 2.497662635392778}, "datetime": {"datetime": "2024-04-12 16:20:44", "elapsed": 8606.547782, "delta": 14.508907}}
{"target": -115.8524843954113, "params": {"gamma": 2.216219258274715, "prior": 7.449482473490308, "rate": 2.5359627105946903}, "datetime": {"datetime": "2024-04-12 16:20:57", "elapsed": 8619.36227, "delta": 12.814488}}
{"target": -115.86706558673755, "params": {"gamma": 2.1466943632832307, "prior": 6.67222820419826, "rate": 2.261086729121007}, "datetime": {"datetime": "2024-04-12 16:21:11", "elapsed": 8633.45129, "delta": 14.08902}}
{"target": -115.8723852310551, "params": {"gamma": 2.2357656450831835, "prior": 7.696281162681072, "rate": 2.4594937496239195}, "datetime": {"datetime": "2024-04-12 16:21:23", "elapsed": 8644.938615, "delta": 11.487325}}
{"target": -115.85317217872206, "params": {"gamma": 2.22331062365525, "prior": 7.881558894798963, "rate": 2.643336472275947}, "datetime": {"datetime": "2024-04-12 16:21:44", "elapsed": 8666.052878, "delta": 21.114263}}
{"target": -115.86255079849177, "params": {"gamma": 2.2564017964251426, "prior": 6.367461761151292, "rate": 2.163790059252536}, "datetime": {"datetime": "2024-04-12 16:22:02", "elapsed": 8684.169444, "delta": 18.116566}}
{"target": -115.86523832376385, "params": {"gamma": 2.200513979781448, "prior": 4.373407729945254, "rate": 1.4073262717730295}, "datetime": {"datetime": "2024-04-12 16:22:31", "elapsed": 8712.873475, "delta": 28.704031}}
{"target": -115.85559623944192, "params": {"gamma": 2.178738418879189, "prior": 2.8492475862484086, "rate": 0.9732308474178292}, "datetime": {"datetime": "2024-04-12 16:22:42", "elapsed": 8723.969292, "delta": 11.095817}}
{"target": -115.96574222625286, "params": {"gamma": 2.1258015322357564, "prior": 8.61736870462238, "rate": 3.305530188470515}, "datetime": {"datetime": "2024-04-12 16:23:08", "elapsed": 8750.012866, "delta": 26.043574}}
{"target": -115.86565937134017, "params": {"gamma": 2.208233130270367, "prior": 8.128662822944372, "rate": 2.8842374519309253}, "datetime": {"datetime": "2024-04-12 16:23:17", "elapsed": 8758.880356, "delta": 8.86749}}
