{"target": -228.08366893743494, "params": {"gamma": 0.7194235106138174, "lr": 0.9201606292270118}, "datetime": {"datetime": "2024-04-04 23:45:24", "elapsed": 9872.486708, "delta": 72.625605}}
{"target": -413.53831314976384, "params": {"gamma": 3.868976264831954, "lr": 0.25203517022112565}, "datetime": {"datetime": "2024-04-04 23:46:23", "elapsed": 9931.58154, "delta": 59.094832}}
{"target": -476.19785964431503, "params": {"gamma": 2.617400305351875, "lr": 0.6315726715957396}, "datetime": {"datetime": "2024-04-04 23:48:00", "elapsed": 10028.286005, "delta": 96.704465}}
{"target": -306.88184946514497, "params": {"gamma": 3.1076489926476603, "lr": 0.21311761826838382}, "datetime": {"datetime": "2024-04-04 23:49:42", "elapsed": 10130.864635, "delta": 102.57863}}
{"target": -272.2588448278522, "params": {"gamma": 0.9166777518220208, "lr": 0.9592283539840532}, "datetime": {"datetime": "2024-04-04 23:51:01", "elapsed": 10209.477091, "delta": 78.612456}}
{"target": -674.9351216566187, "params": {"gamma": 1.2599569371672639, "lr": 0.06444560671884078}, "datetime": {"datetime": "2024-04-04 23:52:23", "elapsed": 10291.09788, "delta": 81.620789}}
{"target": -716.1680928021976, "params": {"gamma": 8.40228532789077, "lr": 0.24784677649224418}, "datetime": {"datetime": "2024-04-04 23:53:39", "elapsed": 10367.357488, "delta": 76.259608}}
{"target": -643.4053360259713, "params": {"gamma": 4.372755155554219, "lr": 0.45868152715740174}, "datetime": {"datetime": "2024-04-04 23:54:47", "elapsed": 10435.750841, "delta": 68.393353}}
{"target": -236.6449809793893, "params": {"gamma": 1.3605226458036837, "lr": 0.1981729769425553}, "datetime": {"datetime": "2024-04-04 23:55:57", "elapsed": 10505.221389, "delta": 69.470548}}
{"target": -1008.8450476376808, "params": {"gamma": 7.60365664648193, "lr": 0.4019077159685124}, "datetime": {"datetime": "2024-04-04 23:57:06", "elapsed": 10574.124386, "delta": 68.902997}}
{"target": -560.2729404062515, "params": {"gamma": 5.375900899235965, "lr": 0.26370479672902614}, "datetime": {"datetime": "2024-04-04 23:58:19", "elapsed": 10647.261339, "delta": 73.136953}}
{"target": -1868.0595644817206, "params": {"gamma": 6.561437901664364, "lr": 1.0}, "datetime": {"datetime": "2024-04-04 23:59:35", "elapsed": 10723.054457, "delta": 75.793118}}
{"target": -402.37522799445406, "params": {"gamma": 2.1523227214046643, "lr": 0.6406854142653643}, "datetime": {"datetime": "2024-04-05 00:00:37", "elapsed": 10785.684324, "delta": 62.629867}}
{"target": -146.2540550981487, "params": {"gamma": 0.8123668854893848, "lr": 0.0}, "datetime": {"datetime": "2024-04-05 00:02:30", "elapsed": 10898.93026, "delta": 113.245936}}
{"target": -370.3833249094362, "params": {"gamma": 4.162133220260281, "lr": 0.22346975826248705}, "datetime": {"datetime": "2024-04-05 00:03:23", "elapsed": 10951.174487, "delta": 52.244227}}
{"target": -1058.5197156057905, "params": {"gamma": 2.143933307000445, "lr": 0.0851608229683768}, "datetime": {"datetime": "2024-04-05 00:04:41", "elapsed": 11029.465654, "delta": 78.291167}}
{"target": -766.1234532474572, "params": {"gamma": 1.9934540454686713, "lr": 0.10819809441587536}, "datetime": {"datetime": "2024-04-05 00:06:16", "elapsed": 11124.331453, "delta": 94.865799}}
{"target": -202.66275458569916, "params": {"gamma": 0.6059401845757725, "lr": 0.912793134562217}, "datetime": {"datetime": "2024-04-05 00:07:37", "elapsed": 11204.995464, "delta": 80.664011}}
{"target": -238.28240051876358, "params": {"gamma": 1.2132484432224524, "lr": 0.5870649523509941}, "datetime": {"datetime": "2024-04-05 00:08:46", "elapsed": 11274.570754, "delta": 69.57529}}
{"target": -325.48225500030816, "params": {"gamma": 1.2461698511957966, "lr": 0.8316423804789513}, "datetime": {"datetime": "2024-04-05 00:10:14", "elapsed": 11362.665587, "delta": 88.094833}}
{"target": -249.6784712543785, "params": {"gamma": 1.3652615020490606, "lr": 0.5489039361851845}, "datetime": {"datetime": "2024-04-05 00:11:34", "elapsed": 11442.800908, "delta": 80.135321}}
{"target": -190.19551645529586, "params": {"gamma": 1.8108271620130167, "lr": 0.23284010795321697}, "datetime": {"datetime": "2024-04-05 00:13:16", "elapsed": 11544.239151, "delta": 101.438243}}
