{"target": -119.19835852006354, "params": {"gamma": 0.5981407000285179, "prior": 1.7133242517828395, "rate": 4.1428587535033365}, "datetime": {"datetime": "2024-04-09 03:43:28", "elapsed": 2604.205629, "delta": 8.837518}}
{"target": -119.67591413113674, "params": {"gamma": 0.6280261214643865, "prior": 4.260982976844763, "rate": 7.609322478347869}, "datetime": {"datetime": "2024-04-09 03:43:40", "elapsed": 2615.914367, "delta": 11.708738}}
{"target": -119.13227891120226, "params": {"gamma": 0.42909256954805575, "prior": 0.1009701336879128, "rate": 7.834154748587313}, "datetime": {"datetime": "2024-04-09 03:43:47", "elapsed": 2623.07336, "delta": 7.158993}}
{"target": -120.517890287569, "params": {"gamma": 0.5267951710479802, "prior": 7.017825369334843, "rate": 8.667776530262682}, "datetime": {"datetime": "2024-04-09 03:43:53", "elapsed": 2628.574659, "delta": 5.501299}}
{"target": -118.71768676011253, "params": {"gamma": 0.499740650833918, "prior": 0.9024492983975659, "rate": 7.469978839112444}, "datetime": {"datetime": "2024-04-09 03:44:00", "elapsed": 2635.586723, "delta": 7.012064}}
{"target": -119.12149760278129, "params": {"gamma": 0.529895506634705, "prior": 4.175909282264024, "rate": 8.8960811749878}, "datetime": {"datetime": "2024-04-09 03:44:07", "elapsed": 2642.852069, "delta": 7.265346}}
{"target": -118.70565128652547, "params": {"gamma": 0.529289929920561, "prior": 1.374001460244239, "rate": 4.906614644290096}, "datetime": {"datetime": "2024-04-09 03:44:12", "elapsed": 2647.621935, "delta": 4.769866}}
{"target": -119.37182216176598, "params": {"gamma": 0.6186923079239738, "prior": 1.2511475053665395, "rate": 3.009531037945452}, "datetime": {"datetime": "2024-04-09 03:44:21", "elapsed": 2656.649017, "delta": 9.027082}}
{"target": -119.4301646500738, "params": {"gamma": 0.5623833057670866, "prior": 2.2524684036773794, "rate": 3.9624413739825948}, "datetime": {"datetime": "2024-04-09 03:44:32", "elapsed": 2667.540637, "delta": 10.89162}}
{"target": -118.64010117709238, "params": {"gamma": 0.4680486285625476, "prior": 0.9698374354067381, "rate": 6.665752178402616}, "datetime": {"datetime": "2024-04-09 03:44:39", "elapsed": 2674.752309, "delta": 7.211672}}
{"target": -118.6218849493828, "params": {"gamma": 0.4818937577527645, "prior": 1.1449294820842648, "rate": 7.41808126419485}, "datetime": {"datetime": "2024-04-09 03:44:46", "elapsed": 2681.760179, "delta": 7.00787}}
{"target": -118.8708775888293, "params": {"gamma": 0.4509120003593952, "prior": 0.41373652213700063, "rate": 7.717588367378809}, "datetime": {"datetime": "2024-04-09 03:44:54", "elapsed": 2690.101125, "delta": 8.340946}}
{"target": -118.72572867296921, "params": {"gamma": 0.5209720411080747, "prior": 1.2996637647600338, "rate": 8.209142658994933}, "datetime": {"datetime": "2024-04-09 03:45:08", "elapsed": 2703.84504, "delta": 13.743915}}
{"target": -118.74749010946249, "params": {"gamma": 0.44176834593526676, "prior": 1.41734832345694, "rate": 9.287716213561238}, "datetime": {"datetime": "2024-04-09 03:45:23", "elapsed": 2718.348733, "delta": 14.503693}}
{"target": -119.04750017317356, "params": {"gamma": 0.5855598007462444, "prior": 0.5578491151149965, "rate": 2.003487266046614}, "datetime": {"datetime": "2024-04-09 03:45:27", "elapsed": 2722.989282, "delta": 4.640549}}
{"target": -119.65466436321712, "params": {"gamma": 0.538988638296815, "prior": 4.435030413893524, "rate": 7.116188726019013}, "datetime": {"datetime": "2024-04-09 03:45:37", "elapsed": 2732.60624, "delta": 9.616958}}
{"target": -118.69156937215794, "params": {"gamma": 0.5150904206391801, "prior": 2.4794032236309067, "rate": 8.632022217833274}, "datetime": {"datetime": "2024-04-09 03:45:48", "elapsed": 2743.315025, "delta": 10.708785}}
{"target": -118.7588364658055, "params": {"gamma": 0.4434279653683918, "prior": 0.9733218470447289, "rate": 5.5276935968217895}, "datetime": {"datetime": "2024-04-09 03:45:58", "elapsed": 2753.537541, "delta": 10.222516}}
{"target": -121.57235137339046, "params": {"gamma": 0.6201754713607825, "prior": 9.664765118824098, "rate": 8.866710679405083}, "datetime": {"datetime": "2024-04-09 03:46:09", "elapsed": 2764.354195, "delta": 10.816654}}
{"target": -118.68185605366793, "params": {"gamma": 0.5252785536341905, "prior": 1.2655236612685272, "rate": 6.182147353751584}, "datetime": {"datetime": "2024-04-09 03:46:16", "elapsed": 2771.376386, "delta": 7.022191}}
{"target": -118.64150833150931, "params": {"gamma": 0.5122673698600108, "prior": 1.461629548627921, "rate": 7.559966819011238}, "datetime": {"datetime": "2024-04-09 03:46:28", "elapsed": 2783.824315, "delta": 12.447929}}
{"target": -118.68597862361801, "params": {"gamma": 0.5066362537653893, "prior": 1.2610438499428893, "rate": 8.710312489683844}, "datetime": {"datetime": "2024-04-09 03:46:35", "elapsed": 2790.436169, "delta": 6.611854}}
{"target": -118.68153888160306, "params": {"gamma": 0.49816979408446793, "prior": 2.2710126529821464, "rate": 8.239575060831713}, "datetime": {"datetime": "2024-04-09 03:46:40", "elapsed": 2795.381068, "delta": 4.944899}}
{"target": -118.65294936502777, "params": {"gamma": 0.4891959837178858, "prior": 2.1303506411643327, "rate": 8.634961083766674}, "datetime": {"datetime": "2024-04-09 03:46:47", "elapsed": 2802.352469, "delta": 6.971401}}
{"target": -118.94475350883692, "params": {"gamma": 0.538379862271538, "prior": 3.3308069033553083, "rate": 8.15904022050813}, "datetime": {"datetime": "2024-04-09 03:46:57", "elapsed": 2812.403824, "delta": 10.051355}}
{"target": -118.76475224192315, "params": {"gamma": 0.5184069279692339, "prior": 1.370360375464515, "rate": 10.0}, "datetime": {"datetime": "2024-04-09 03:47:05", "elapsed": 2820.601009, "delta": 8.197185}}
{"target": -118.74504118834766, "params": {"gamma": 0.48751162093652994, "prior": 0.775545559199509, "rate": 7.893708820560762}, "datetime": {"datetime": "2024-04-09 03:47:21", "elapsed": 2836.974955, "delta": 16.373946}}
{"target": -118.66208213202958, "params": {"gamma": 0.5181548758468861, "prior": 1.5508519203822322, "rate": 8.046458347281606}, "datetime": {"datetime": "2024-04-09 03:47:28", "elapsed": 2843.749556, "delta": 6.774601}}
{"target": -118.89180552330114, "params": {"gamma": 0.5113763695464779, "prior": 0.24965746466105054, "rate": 2.6881077953177885}, "datetime": {"datetime": "2024-04-09 03:47:33", "elapsed": 2848.721525, "delta": 4.971969}}
{"target": -118.8508076657865, "params": {"gamma": 0.5041424858194656, "prior": 0.6753083628861124, "rate": 7.3794805977387385}, "datetime": {"datetime": "2024-04-09 03:47:42", "elapsed": 2857.773832, "delta": 9.052307}}
{"target": -118.62655078075143, "params": {"gamma": 0.47838395942426465, "prior": 0.9371618097960738, "rate": 4.6622905993132315}, "datetime": {"datetime": "2024-04-09 03:47:51", "elapsed": 2866.566825, "delta": 8.792993}}
{"target": -118.80679640215865, "params": {"gamma": 0.4729409213446346, "prior": 0.711227112934563, "rate": 9.816795318763502}, "datetime": {"datetime": "2024-04-09 03:48:02", "elapsed": 2877.834253, "delta": 11.267428}}
{"target": -118.8953352375167, "params": {"gamma": 0.5555062561124096, "prior": 1.9377416789318078, "rate": 10.0}, "datetime": {"datetime": "2024-04-09 03:48:08", "elapsed": 2883.934831, "delta": 6.100578}}
{"target": -118.67506000733621, "params": {"gamma": 0.4936695697176516, "prior": 0.6856473896647935, "rate": 5.300511203256366}, "datetime": {"datetime": "2024-04-09 03:48:17", "elapsed": 2893.086876, "delta": 9.152045}}
{"target": -118.64915315357472, "params": {"gamma": 0.49947691551311507, "prior": 1.7470014164841299, "rate": 6.873881790263877}, "datetime": {"datetime": "2024-04-09 03:48:26", "elapsed": 2901.446677, "delta": 8.359801}}
{"target": -118.73615029324985, "params": {"gamma": 0.5141018231955725, "prior": 1.2511847265802278, "rate": 9.03464558373748}, "datetime": {"datetime": "2024-04-09 03:48:34", "elapsed": 2909.233728, "delta": 7.787051}}
{"target": -118.77285431316874, "params": {"gamma": 0.5313206609812425, "prior": 2.94715513171456, "rate": 8.951246080848902}, "datetime": {"datetime": "2024-04-09 03:48:40", "elapsed": 2916.074299, "delta": 6.840571}}
{"target": -118.71820715090034, "params": {"gamma": 0.4994337719795942, "prior": 0.9035932428959071, "rate": 3.0414459222739905}, "datetime": {"datetime": "2024-04-09 03:48:51", "elapsed": 2926.683039, "delta": 10.60874}}
{"target": -118.75740598027642, "params": {"gamma": 0.4830287022991733, "prior": 0.9928259687419417, "rate": 3.3894816628234907}, "datetime": {"datetime": "2024-04-09 03:49:02", "elapsed": 2937.988469, "delta": 11.30543}}
{"target": -118.82920350693102, "params": {"gamma": 0.5274067250914697, "prior": 0.7827216318421516, "rate": 2.1696647364051636}, "datetime": {"datetime": "2024-04-09 03:49:08", "elapsed": 2943.877127, "delta": 5.888658}}
{"target": -118.65768375482385, "params": {"gamma": 0.5201097919723356, "prior": 1.5188934852903284, "rate": 7.170388055622512}, "datetime": {"datetime": "2024-04-09 03:49:20", "elapsed": 2956.075315, "delta": 12.198188}}
{"target": -118.67469248479074, "params": {"gamma": 0.4902615304985408, "prior": 1.5216176170800835, "rate": 5.79463844836104}, "datetime": {"datetime": "2024-04-09 03:49:31", "elapsed": 2966.880729, "delta": 10.805414}}
{"target": -118.79689550130914, "params": {"gamma": 0.43315234529118024, "prior": 0.7658623937352673, "rate": 6.928871639100811}, "datetime": {"datetime": "2024-04-09 03:49:36", "elapsed": 2971.245694, "delta": 4.364965}}
{"target": -120.56975739022468, "params": {"gamma": 0.6782618127996964, "prior": 4.445611715676493, "rate": 5.901815503340066}, "datetime": {"datetime": "2024-04-09 03:49:41", "elapsed": 2977.184102, "delta": 5.938408}}
{"target": -121.25010216303029, "params": {"gamma": 0.6372838674071505, "prior": 5.09470665414692, "rate": 5.04797322763192}, "datetime": {"datetime": "2024-04-09 03:49:50", "elapsed": 2985.49614, "delta": 8.312038}}
{"target": -118.65268802246273, "params": {"gamma": 0.517226438861095, "prior": 0.8711798103473574, "rate": 3.563305689808313}, "datetime": {"datetime": "2024-04-09 03:49:58", "elapsed": 2993.660001, "delta": 8.163861}}
{"target": -118.7412181588378, "params": {"gamma": 0.5139464595489156, "prior": 0.8344176419392284, "rate": 6.120714969723092}, "datetime": {"datetime": "2024-04-09 03:50:09", "elapsed": 3004.870354, "delta": 11.210353}}
{"target": -118.62795579361172, "params": {"gamma": 0.4965817412324961, "prior": 0.7494376563914152, "rate": 4.59676699285616}, "datetime": {"datetime": "2024-04-09 03:50:16", "elapsed": 3011.895123, "delta": 7.024769}}
{"target": -119.0276562630681, "params": {"gamma": 0.5541124132464259, "prior": 3.311803185575331, "rate": 7.640410948008047}, "datetime": {"datetime": "2024-04-09 03:50:23", "elapsed": 3018.584075, "delta": 6.688952}}
{"target": -118.84640965943528, "params": {"gamma": 0.4893488700069924, "prior": 0.5643197723646249, "rate": 1.6672278460676944}, "datetime": {"datetime": "2024-04-09 03:50:29", "elapsed": 3024.979244, "delta": 6.395169}}
{"target": -118.86504342466688, "params": {"gamma": 0.5623588969621067, "prior": 2.876668674477009, "rate": 9.430744837095878}, "datetime": {"datetime": "2024-04-09 03:50:38", "elapsed": 3033.582722, "delta": 8.603478}}
{"target": -118.72869135221939, "params": {"gamma": 0.5041755834237626, "prior": 2.152706673708981, "rate": 7.026916740992583}, "datetime": {"datetime": "2024-04-09 03:50:46", "elapsed": 3041.79879, "delta": 8.216068}}
{"target": -118.63068958884689, "params": {"gamma": 0.49348591263312674, "prior": 1.9044568455162774, "rate": 8.170869655704472}, "datetime": {"datetime": "2024-04-09 03:50:53", "elapsed": 3048.587565, "delta": 6.788775}}
{"target": -118.81496835411617, "params": {"gamma": 0.527071009782695, "prior": 0.8953497343503708, "rate": 6.430040893856709}, "datetime": {"datetime": "2024-04-09 03:50:58", "elapsed": 3053.448159, "delta": 4.860594}}
{"target": -118.67048098641071, "params": {"gamma": 0.4585580326842522, "prior": 0.4609157461025396, "rate": 3.503504646008452}, "datetime": {"datetime": "2024-04-09 03:51:11", "elapsed": 3066.691774, "delta": 13.243615}}
{"target": -118.96415545734529, "params": {"gamma": 0.49738538789799114, "prior": 3.4350110906171527, "rate": 8.802464769012328}, "datetime": {"datetime": "2024-04-09 03:51:16", "elapsed": 3071.263487, "delta": 4.571713}}
{"target": -118.65832693233105, "params": {"gamma": 0.5202806179298427, "prior": 1.7342634224644684, "rate": 8.192491389603479}, "datetime": {"datetime": "2024-04-09 03:51:24", "elapsed": 3079.295428, "delta": 8.031941}}
{"target": -118.67839956763298, "params": {"gamma": 0.4648748744784136, "prior": 0.4988969216464939, "rate": 2.3965753710100937}, "datetime": {"datetime": "2024-04-09 03:51:29", "elapsed": 3084.253768, "delta": 4.95834}}
{"target": -118.69555644663356, "params": {"gamma": 0.5253539592019569, "prior": 2.741466118080888, "rate": 9.821422610597262}, "datetime": {"datetime": "2024-04-09 03:51:38", "elapsed": 3093.621761, "delta": 9.367993}}
{"target": -118.8225209572267, "params": {"gamma": 0.4942259618662193, "prior": 1.8331740630987852, "rate": 5.44699048439056}, "datetime": {"datetime": "2024-04-09 03:51:45", "elapsed": 3101.085515, "delta": 7.463754}}
{"target": -118.64408303947519, "params": {"gamma": 0.5158430291402691, "prior": 1.1750724013226352, "rate": 5.532256816443737}, "datetime": {"datetime": "2024-04-09 03:51:54", "elapsed": 3110.189829, "delta": 9.104314}}
{"target": -118.91655463141117, "params": {"gamma": 0.569650275766534, "prior": 2.1233292275884748, "rate": 7.9191251553123045}, "datetime": {"datetime": "2024-04-09 03:51:59", "elapsed": 3115.170079, "delta": 4.98025}}
{"target": -118.84643901795702, "params": {"gamma": 0.5267663027460965, "prior": 1.7106330574141875, "rate": 4.640740674741671}, "datetime": {"datetime": "2024-04-09 03:52:06", "elapsed": 3121.453872, "delta": 6.283793}}
{"target": -118.80163579696485, "params": {"gamma": 0.5047050558855901, "prior": 0.8896947606767581, "rate": 2.6171505603084135}, "datetime": {"datetime": "2024-04-09 03:52:16", "elapsed": 3132.013171, "delta": 10.559299}}
{"target": -118.64112738289711, "params": {"gamma": 0.5093035895862036, "prior": 0.5676246585657609, "rate": 2.3184261806927817}, "datetime": {"datetime": "2024-04-09 03:52:24", "elapsed": 3139.819116, "delta": 7.805945}}
{"target": -118.66887576076896, "params": {"gamma": 0.47853081142546594, "prior": 0.8519860928268072, "rate": 7.1562544470386875}, "datetime": {"datetime": "2024-04-09 03:52:29", "elapsed": 3144.351245, "delta": 4.532129}}
{"target": -118.82205051360793, "params": {"gamma": 0.5464634450720212, "prior": 1.8396936139916351, "rate": 9.491533523228455}, "datetime": {"datetime": "2024-04-09 03:52:39", "elapsed": 3154.622586, "delta": 10.271341}}
{"target": -118.61054066827798, "params": {"gamma": 0.49276483036158936, "prior": 0.28328486005745185, "rate": 1.5383204522183607}, "datetime": {"datetime": "2024-04-09 03:52:46", "elapsed": 3161.764791, "delta": 7.142205}}
{"target": -118.6336705281264, "params": {"gamma": 0.48671834324524454, "prior": 1.395933990711295, "rate": 9.602286806789802}, "datetime": {"datetime": "2024-04-09 03:52:55", "elapsed": 3170.966, "delta": 9.201209}}
{"target": -118.70259649286118, "params": {"gamma": 0.526440927939378, "prior": 1.6773556814046202, "rate": 8.859987016227416}, "datetime": {"datetime": "2024-04-09 03:53:05", "elapsed": 3180.531882, "delta": 9.565882}}
{"target": -118.81390574608386, "params": {"gamma": 0.5200305243069681, "prior": 1.0646318552299912, "rate": 8.508535574970695}, "datetime": {"datetime": "2024-04-09 03:53:18", "elapsed": 3193.428356, "delta": 12.896474}}
{"target": -118.97066023768693, "params": {"gamma": 0.4943244059678905, "prior": 0.5297603462641529, "rate": 8.91057225382177}, "datetime": {"datetime": "2024-04-09 03:53:25", "elapsed": 3200.452661, "delta": 7.024305}}
{"target": -118.76953881022753, "params": {"gamma": 0.45789691544102334, "prior": 0.38760170026353336, "rate": 4.921110861514616}, "datetime": {"datetime": "2024-04-09 03:53:30", "elapsed": 3205.784773, "delta": 5.332112}}
{"target": -120.25248119209063, "params": {"gamma": 0.5301012293733717, "prior": 7.375545907250085, "rate": 9.759574742812353}, "datetime": {"datetime": "2024-04-09 03:53:40", "elapsed": 3215.87573, "delta": 10.090957}}
{"target": -118.66372821855492, "params": {"gamma": 0.5228746411958881, "prior": 2.119866373040941, "rate": 9.296396499799535}, "datetime": {"datetime": "2024-04-09 03:53:51", "elapsed": 3226.246918, "delta": 10.371188}}
{"target": -118.64834224262788, "params": {"gamma": 0.4647659505911013, "prior": 1.4721307808401767, "rate": 8.423862034899647}, "datetime": {"datetime": "2024-04-09 03:53:56", "elapsed": 3231.89105, "delta": 5.644132}}
{"target": -118.98266519317339, "params": {"gamma": 0.5367656229162002, "prior": 2.6725122348690555, "rate": 6.3126333175933595}, "datetime": {"datetime": "2024-04-09 03:54:03", "elapsed": 3238.662503, "delta": 6.771453}}
{"target": -118.81151282071625, "params": {"gamma": 0.5199038464235223, "prior": 2.486751460613093, "rate": 7.053444966135072}, "datetime": {"datetime": "2024-04-09 03:54:16", "elapsed": 3251.896731, "delta": 13.234228}}
{"target": -118.62244069974014, "params": {"gamma": 0.47954173073324513, "prior": 0.2747693442122551, "rate": 1.7826909572154588}, "datetime": {"datetime": "2024-04-09 03:54:21", "elapsed": 3257.128172, "delta": 5.231441}}
{"target": -119.33145727202157, "params": {"gamma": 0.5372521280695934, "prior": 4.998701390840329, "rate": 9.331343514747795}, "datetime": {"datetime": "2024-04-09 03:54:31", "elapsed": 3266.647454, "delta": 9.519282}}
{"target": -118.64967475221592, "params": {"gamma": 0.494522517533353, "prior": 0.4040487896612419, "rate": 2.8146438306335053}, "datetime": {"datetime": "2024-04-09 03:54:36", "elapsed": 3271.800984, "delta": 5.15353}}
{"target": -118.62135556943677, "params": {"gamma": 0.4757881923128684, "prior": 1.2390083573868849, "rate": 6.8947767447229245}, "datetime": {"datetime": "2024-04-09 03:54:43", "elapsed": 3279.075784, "delta": 7.2748}}
{"target": -119.06436419096066, "params": {"gamma": 0.4500083972261155, "prior": 0.1, "rate": 4.635044381665064}, "datetime": {"datetime": "2024-04-09 03:54:53", "elapsed": 3289.181044, "delta": 10.10526}}
{"target": -118.70092342903179, "params": {"gamma": 0.5113465045756171, "prior": 2.647634150512471, "rate": 9.006594569964362}, "datetime": {"datetime": "2024-04-09 03:54:58", "elapsed": 3293.851237, "delta": 4.670193}}
{"target": -118.66939835352233, "params": {"gamma": 0.519213063731106, "prior": 2.303124515839006, "rate": 8.742729624658393}, "datetime": {"datetime": "2024-04-09 03:55:04", "elapsed": 3299.400702, "delta": 5.549465}}
{"target": -118.65692351362989, "params": {"gamma": 0.5198427235590134, "prior": 2.052296299438913, "rate": 9.708000141664003}, "datetime": {"datetime": "2024-04-09 03:55:15", "elapsed": 3310.848145, "delta": 11.447443}}
{"target": -118.76301986054251, "params": {"gamma": 0.5014359660300068, "prior": 1.4020836857397465, "rate": 4.3768588405830675}, "datetime": {"datetime": "2024-04-09 03:55:24", "elapsed": 3320.081531, "delta": 9.233386}}
{"target": -119.54146296903754, "params": {"gamma": 0.5342374446650899, "prior": 4.766187771025189, "rate": 8.067551794535225}, "datetime": {"datetime": "2024-04-09 03:55:34", "elapsed": 3329.218233, "delta": 9.136702}}
{"target": -118.81849042094368, "params": {"gamma": 0.4957481441865971, "prior": 2.8798521815645852, "rate": 8.546048808772417}, "datetime": {"datetime": "2024-04-09 03:55:39", "elapsed": 3334.79905, "delta": 5.580817}}
{"target": -119.71004526867715, "params": {"gamma": 0.4803202622730626, "prior": 4.333266149329173, "rate": 7.806993392041109}, "datetime": {"datetime": "2024-04-09 03:55:50", "elapsed": 3345.761567, "delta": 10.962517}}
{"target": -118.61659674643843, "params": {"gamma": 0.501456264466111, "prior": 1.6206127787792481, "rate": 7.771011481582949}, "datetime": {"datetime": "2024-04-09 03:55:58", "elapsed": 3354.037748, "delta": 8.276181}}
{"target": -118.61860363895295, "params": {"gamma": 0.48803381827800474, "prior": 1.2576053285648898, "rate": 7.794065069384131}, "datetime": {"datetime": "2024-04-09 03:56:05", "elapsed": 3360.393822, "delta": 6.356074}}
{"target": -118.90905523968628, "params": {"gamma": 0.5604672170409559, "prior": 2.7047402555056856, "rate": 7.478777978971853}, "datetime": {"datetime": "2024-04-09 03:56:13", "elapsed": 3369.029422, "delta": 8.6356}}
{"target": -118.66233846532914, "params": {"gamma": 0.46716885554228615, "prior": 0.7249896423054113, "rate": 5.87844344078619}, "datetime": {"datetime": "2024-04-09 03:56:21", "elapsed": 3376.618585, "delta": 7.589163}}
{"target": -118.7094877628074, "params": {"gamma": 0.5220356368027415, "prior": 2.271130243801103, "rate": 7.678414558731651}, "datetime": {"datetime": "2024-04-09 03:56:27", "elapsed": 3382.574234, "delta": 5.955649}}
{"target": -118.6720158944443, "params": {"gamma": 0.46894947466139514, "prior": 1.123497763672432, "rate": 9.664083574363111}, "datetime": {"datetime": "2024-04-09 03:56:35", "elapsed": 3391.031637, "delta": 8.457403}}
{"target": -119.08534053039735, "params": {"gamma": 0.57183532591597, "prior": 1.634236113268018, "rate": 3.7550788083484528}, "datetime": {"datetime": "2024-04-09 03:56:41", "elapsed": 3396.522841, "delta": 5.491204}}
{"target": -118.77616497407824, "params": {"gamma": 0.5124533923296332, "prior": 0.2898140013808018, "rate": 2.370831215529616}, "datetime": {"datetime": "2024-04-09 03:56:54", "elapsed": 3409.438035, "delta": 12.915194}}
{"target": -118.63975288028746, "params": {"gamma": 0.4714015065177354, "prior": 1.1450796923759896, "rate": 5.8854573286955505}, "datetime": {"datetime": "2024-04-09 03:57:06", "elapsed": 3421.929703, "delta": 12.491668}}
