{"target": -159.1942985339822, "params": {"p_ai": 8.577528406499894, "p_al": 6.455998518326055, "p_ex": 1.1538189613747907, "prior": 2.081766002579473, "rate": 7.455237809150899}, "datetime": {"datetime": "2024-04-01 14:13:53", "elapsed": 57.299972, "delta": 0.138627}}
{"target": -107.80068967608499, "params": {"p_ai": 4.034662876713395, "p_al": 4.84521613942412, "p_ex": 8.874663325649202, "prior": 1.3752980526926846, "rate": 9.64376360106379}, "datetime": {"datetime": "2024-04-01 14:13:53", "elapsed": 57.447577, "delta": 0.147605}}
{"target": -125.76672820702031, "params": {"p_ai": 0.4272541882840023, "p_al": 0.9953031322915933, "p_ex": 2.2331610709734946, "prior": 8.06604423752288, "rate": 4.559272200887655}, "datetime": {"datetime": "2024-04-01 14:13:53", "elapsed": 57.580221, "delta": 0.132644}}
{"target": -134.15435222309938, "params": {"p_ai": 6.5328581714709335, "p_al": 1.7440370540608525, "p_ex": 1.668052607332356, "prior": 5.208962557197339, "rate": 7.403196059166937}, "datetime": {"datetime": "2024-04-01 14:13:53", "elapsed": 57.711467, "delta": 0.131246}}
{"target": -100.1584394576002, "params": {"p_ai": 4.62528217768507, "p_al": 8.696271237126007, "p_ex": 6.604458934771733, "prior": 2.4916517944308763, "rate": 2.3497873058002465}, "datetime": {"datetime": "2024-04-01 14:13:53", "elapsed": 57.841122, "delta": 0.129655}}
{"target": -89.19287237749201, "params": {"p_ai": 3.741093121953829, "p_al": 7.566403946905877, "p_ex": 9.379438705433513, "prior": 8.61919808718901, "rate": 2.6168463160365345}, "datetime": {"datetime": "2024-04-01 14:13:53", "elapsed": 57.971769, "delta": 0.130647}}
{"target": -107.44090383705189, "params": {"p_ai": 4.12337700085772, "p_al": 6.115829450403766, "p_ex": 5.468797723702268, "prior": 3.893360179144248, "rate": 1.0151063480358857}, "datetime": {"datetime": "2024-04-01 14:13:53", "elapsed": 58.126146, "delta": 0.154377}}
{"target": -115.90022299747659, "params": {"p_ai": 7.122735799168159, "p_al": 0.8822635040904132, "p_ex": 8.660908216307822, "prior": 8.634620954886014, "rate": 7.084799464362212}, "datetime": {"datetime": "2024-04-01 14:13:54", "elapsed": 58.257181, "delta": 0.131035}}
{"target": -104.45171020016727, "params": {"p_ai": 4.864759313503054, "p_al": 6.991766507563753, "p_ex": 3.950475613957549, "prior": 7.975162346949194, "rate": 7.864384405716199}, "datetime": {"datetime": "2024-04-01 14:13:54", "elapsed": 58.383477, "delta": 0.126296}}
{"target": -96.07389808329428, "params": {"p_ai": 1.5561303101523432, "p_al": 3.1788576859556272, "p_ex": 3.4404877846831172, "prior": 3.6423388162366046, "rate": 5.6668889213223}, "datetime": {"datetime": "2024-04-01 14:13:54", "elapsed": 58.512132, "delta": 0.128655}}
{"target": -118.08743486920429, "params": {"p_ai": 0.4178327377603575, "p_al": 6.600037219920028, "p_ex": 2.0171159588072864, "prior": 4.165209099174909, "rate": 4.5094756723505}, "datetime": {"datetime": "2024-04-01 14:13:54", "elapsed": 58.64036, "delta": 0.128228}}
{"target": -103.20377137028713, "params": {"p_ai": 3.4879189687069116, "p_al": 3.8334198209699974, "p_ex": 1.8038803024167458, "prior": 0.68223244388335, "rate": 5.513015232709581}, "datetime": {"datetime": "2024-04-01 14:13:54", "elapsed": 58.76702, "delta": 0.12666}}
{"target": -122.06198748835781, "params": {"p_ai": 5.959073589220895, "p_al": 1.4558523924278663, "p_ex": 2.310186141512919, "prior": 2.864484938242287, "rate": 8.307682917677353}, "datetime": {"datetime": "2024-04-01 14:13:54", "elapsed": 58.888694, "delta": 0.121674}}
{"target": -90.71783022805319, "params": {"p_ai": 1.535055990682961, "p_al": 5.521835936727261, "p_ex": 5.681829037204232, "prior": 3.434857510993614, "rate": 3.5068212758802293}, "datetime": {"datetime": "2024-04-01 14:13:54", "elapsed": 59.01336, "delta": 0.124666}}
{"target": -145.06565377004472, "params": {"p_ai": 9.591161063174503, "p_al": 5.533886150645748, "p_ex": 6.527659277808647, "prior": 4.907910424327689, "rate": 6.466853166736234}, "datetime": {"datetime": "2024-04-01 14:13:55", "elapsed": 59.149605, "delta": 0.136245}}
{"target": -124.80383507946947, "params": {"p_ai": 6.052902604285114, "p_al": 1.452587755908036, "p_ex": 3.3474706483130476, "prior": 4.604879500595876, "rate": 1.2790887944022422}, "datetime": {"datetime": "2024-04-01 14:13:55", "elapsed": 59.265324, "delta": 0.115719}}
{"target": -87.17436988222039, "params": {"p_ai": 3.6313701627213772, "p_al": 2.2821882012949293, "p_ex": 8.47517852010175, "prior": 3.4153993261329654, "rate": 2.268666417341983}, "datetime": {"datetime": "2024-04-01 14:13:55", "elapsed": 59.388966, "delta": 0.123642}}
{"target": -124.70873548572355, "params": {"p_ai": 4.08240584711997, "p_al": 6.830957412174848, "p_ex": 0.657154367615287, "prior": 1.8081114068162947, "rate": 6.943375082298363}, "datetime": {"datetime": "2024-04-01 14:13:55", "elapsed": 59.526595, "delta": 0.137629}}
{"target": -133.7966556407905, "params": {"p_ai": 7.522813791436128, "p_al": 6.177925041821069, "p_ex": 8.792106406805418, "prior": 1.6888331005858586, "rate": 7.0357737742820845}, "datetime": {"datetime": "2024-04-01 14:13:55", "elapsed": 59.692884, "delta": 0.166289}}
{"target": -158.46128502538937, "params": {"p_ai": 9.172684330641006, "p_al": 1.508245851371479, "p_ex": 2.4383960099844155, "prior": 5.467299036335953, "rate": 3.441849250422999}, "datetime": {"datetime": "2024-04-01 14:13:55", "elapsed": 59.825527, "delta": 0.132643}}
{"target": -138.83054552466402, "params": {"p_ai": 6.90670016874316, "p_al": 0.5766186166326498, "p_ex": 1.6084806590922747, "prior": 7.162666826489736, "rate": 9.706216365641005}, "datetime": {"datetime": "2024-04-01 14:13:55", "elapsed": 59.951191, "delta": 0.125664}}
{"target": -247.98246682575677, "params": {"p_ai": 9.295574214746894, "p_al": 9.010768867234715, "p_ex": 1.2783053957220292, "prior": 1.4601432517979631, "rate": 0.7235753033919117}, "datetime": {"datetime": "2024-04-01 14:13:55", "elapsed": 60.09691, "delta": 0.145719}}
{"target": -114.93432567582404, "params": {"p_ai": 5.425859791214765, "p_al": 8.824979242850812, "p_ex": 5.318387208768819, "prior": 7.817371138674004, "rate": 1.8853494153257044}, "datetime": {"datetime": "2024-04-01 14:13:56", "elapsed": 60.232547, "delta": 0.135637}}
{"target": -168.51388655414277, "params": {"p_ai": 8.631249490403183, "p_al": 1.8750602824827893, "p_ex": 0.548586496539166, "prior": 4.215488613270554, "rate": 5.551489195654376}, "datetime": {"datetime": "2024-04-01 14:13:56", "elapsed": 60.370179, "delta": 0.137632}}
{"target": -157.2149569400324, "params": {"p_ai": 9.707449353204424, "p_al": 0.9184465805784736, "p_ex": 2.7399070142023203, "prior": 1.0519655837514126, "rate": 3.9050059277394262}, "datetime": {"datetime": "2024-04-01 14:13:56", "elapsed": 60.50781, "delta": 0.137631}}
{"target": -96.27631166186401, "params": {"p_ai": 2.890821820794509, "p_al": 5.133490194329599, "p_ex": 3.483218560825719, "prior": 9.28235195448276, "rate": 7.8996880160340215}, "datetime": {"datetime": "2024-04-01 14:13:56", "elapsed": 60.641858, "delta": 0.134048}}
{"target": -142.59849926290246, "params": {"p_ai": 8.610252674771141, "p_al": 1.2958799584830156, "p_ex": 5.751126599720151, "prior": 2.1486105763127026, "rate": 8.682517475837448}, "datetime": {"datetime": "2024-04-01 14:13:56", "elapsed": 60.780482, "delta": 0.138624}}
{"target": -123.78345547320734, "params": {"p_ai": 0.15117919811248737, "p_al": 1.0583364070853916, "p_ex": 3.761194698397609, "prior": 4.021536967025843, "rate": 2.7729236097038474}, "datetime": {"datetime": "2024-04-01 14:13:56", "elapsed": 60.917117, "delta": 0.136635}}
{"target": -122.57365717821857, "params": {"p_ai": 0.9615339246006319, "p_al": 1.1881853207208233, "p_ex": 3.1801295937194918, "prior": 9.507977547943128, "rate": 2.0748582416284203}, "datetime": {"datetime": "2024-04-01 14:13:56", "elapsed": 61.048765, "delta": 0.131648}}
{"target": -169.1086839370728, "params": {"p_ai": 7.473055930271166, "p_al": 2.5826284514108324, "p_ex": 0.37336531585223737, "prior": 0.16150603946145364, "rate": 1.5279066058805837}, "datetime": {"datetime": "2024-04-01 14:13:57", "elapsed": 61.197584, "delta": 0.148819}}
{"target": -94.45919075556571, "params": {"p_ai": 4.621379845784425, "p_al": 7.559255074280514, "p_ex": 7.2884205045195944, "prior": 3.524542035387884, "rate": 4.7919136483503735}, "datetime": {"datetime": "2024-04-01 14:13:57", "elapsed": 61.330228, "delta": 0.132644}}
{"target": -460.6727843537794, "params": {"p_ai": 8.140923460003277, "p_al": 8.384190660883412, "p_ex": 3.1998470874794367, "prior": 0.043645919052664246, "rate": 0.4702615014191002}, "datetime": {"datetime": "2024-04-01 14:13:57", "elapsed": 61.46387, "delta": 0.133642}}
{"target": -128.42269234282332, "params": {"p_ai": 7.378335968662237, "p_al": 2.7270501784440078, "p_ex": 4.815376636054336, "prior": 1.9211206290454117, "rate": 8.471282047905861}, "datetime": {"datetime": "2024-04-01 14:13:57", "elapsed": 61.603496, "delta": 0.139626}}
{"target": -142.23693781185466, "params": {"p_ai": 5.034272718755895, "p_al": 5.272074597046892, "p_ex": 2.881507801269463, "prior": 5.120480307408566, "rate": 0.020634490179817777}, "datetime": {"datetime": "2024-04-01 14:13:57", "elapsed": 61.72397, "delta": 0.120474}}
{"target": -93.6017955502332, "params": {"p_ai": 2.7736731083917574, "p_al": 3.488281072400821, "p_ex": 2.8402249120040706, "prior": 0.8604363235466009, "rate": 5.2182903111313514}, "datetime": {"datetime": "2024-04-01 14:13:57", "elapsed": 61.85063, "delta": 0.12666}}
{"target": -136.38763194138187, "params": {"p_ai": 7.885002854601779, "p_al": 9.426041757646109, "p_ex": 4.973400631374519, "prior": 5.93794482969608, "rate": 2.9093085181668954}, "datetime": {"datetime": "2024-04-01 14:13:57", "elapsed": 61.986269, "delta": 0.135639}}
{"target": -111.17548863622316, "params": {"p_ai": 1.492445929692968, "p_al": 1.3195850355936822, "p_ex": 7.323875397919708, "prior": 7.344959884063995, "rate": 1.7943208163497153}, "datetime": {"datetime": "2024-04-01 14:13:57", "elapsed": 62.133557, "delta": 0.147288}}
{"target": -119.72057116716034, "params": {"p_ai": 4.136190237378143, "p_al": 5.941849134587504, "p_ex": 1.2536941799153012, "prior": 7.85390412973879, "rate": 6.20030204099907}, "datetime": {"datetime": "2024-04-01 14:13:58", "elapsed": 62.275181, "delta": 0.141624}}
{"target": -111.65320910054353, "params": {"p_ai": 6.152601693393037, "p_al": 7.012379711094405, "p_ex": 9.871843637581678, "prior": 5.624382165115826, "rate": 8.644298200721781}, "datetime": {"datetime": "2024-04-01 14:13:58", "elapsed": 62.399596, "delta": 0.124415}}
{"target": -88.5151970300819, "params": {"p_ai": 4.187668041896602, "p_al": 6.545039042923117, "p_ex": 9.252686617399803, "prior": 6.64184400562511, "rate": 3.031503678754719}, "datetime": {"datetime": "2024-04-01 14:13:58", "elapsed": 62.533237, "delta": 0.133641}}
{"target": -128.70631134648167, "params": {"p_ai": 6.199836992922438, "p_al": 3.5138318852615673, "p_ex": 3.224344384669061, "prior": 6.102440382404956, "rate": 1.6040719966518822}, "datetime": {"datetime": "2024-04-01 14:13:58", "elapsed": 62.665574, "delta": 0.132337}}
{"target": -107.04061301343684, "params": {"p_ai": 4.867902618641776, "p_al": 9.456397215578926, "p_ex": 3.839758505543401, "prior": 1.8904369698648686, "rate": 4.688920657472168}, "datetime": {"datetime": "2024-04-01 14:13:58", "elapsed": 62.786251, "delta": 0.120677}}
{"target": -129.5409241164131, "params": {"p_ai": 8.409237406703872, "p_al": 8.426834558227732, "p_ex": 8.278204591352763, "prior": 0.11574365054552785, "rate": 2.6711360589730235}, "datetime": {"datetime": "2024-04-01 14:13:58", "elapsed": 62.911914, "delta": 0.125663}}
{"target": -161.80290497281183, "params": {"p_ai": 9.99875799995505, "p_al": 1.1977130886476726, "p_ex": 4.901404871380246, "prior": 7.900471479876251, "rate": 1.223016887028468}, "datetime": {"datetime": "2024-04-01 14:13:58", "elapsed": 63.037578, "delta": 0.125664}}
{"target": -143.7955193914038, "params": {"p_ai": 6.624429397731788, "p_al": 4.881316374767721, "p_ex": 1.9437055308797813, "prior": 8.786421635800622, "rate": 1.8156924881797458}, "datetime": {"datetime": "2024-04-01 14:13:59", "elapsed": 63.173862, "delta": 0.136284}}
{"target": -126.24407277239574, "params": {"p_ai": 6.390889540088459, "p_al": 7.4085279551010945, "p_ex": 5.6271661930456895, "prior": 6.288786844403314, "rate": 1.1905350008234223}, "datetime": {"datetime": "2024-04-01 14:13:59", "elapsed": 63.305506, "delta": 0.131644}}
{"target": -92.87904219174428, "params": {"p_ai": 3.0810618335582585, "p_al": 5.870035110089563, "p_ex": 3.955241699358807, "prior": 6.639796868246575, "rate": 8.519694493398179}, "datetime": {"datetime": "2024-04-01 14:13:59", "elapsed": 63.44912, "delta": 0.143614}}
{"target": -97.48900622980416, "params": {"p_ai": 1.903030671032523, "p_al": 9.032823736002479, "p_ex": 3.8323753284605018, "prior": 9.431300182951817, "rate": 6.174205747936627}, "datetime": {"datetime": "2024-04-01 14:13:59", "elapsed": 63.576778, "delta": 0.127658}}
{"target": -137.38822902268646, "params": {"p_ai": 7.901165115937855, "p_al": 5.148239508303887, "p_ex": 5.311915799238696, "prior": 3.276611393760953, "rate": 1.2945177075663274}, "datetime": {"datetime": "2024-04-01 14:13:59", "elapsed": 63.700039, "delta": 0.123261}}
{"target": -129.38325173141786, "params": {"p_ai": 3.8388352966923764, "p_al": 2.1505498314359848, "p_ex": 0.32961969356328386, "prior": 2.7495934114227696, "rate": 1.8065799506159026}, "datetime": {"datetime": "2024-04-01 14:13:59", "elapsed": 63.820717, "delta": 0.120678}}
{"target": -156.00161076616462, "params": {"p_ai": 8.75542762006619, "p_al": 0.8132843877516185, "p_ex": 1.8397720952197505, "prior": 7.040602924667807, "rate": 9.192339684311714}, "datetime": {"datetime": "2024-04-01 14:13:59", "elapsed": 63.98827, "delta": 0.167553}}
{"target": -92.58348925185423, "params": {"p_ai": 2.515333063867109, "p_al": 0.21399001348235436, "p_ex": 9.605084223078242, "prior": 6.8225241840990325, "rate": 3.107316297942495}, "datetime": {"datetime": "2024-04-01 14:13:59", "elapsed": 64.127516, "delta": 0.139246}}
{"target": -104.88143645965832, "params": {"p_ai": 4.724262048710183, "p_al": 5.992959482913756, "p_ex": 3.7393118520813564, "prior": 8.74500347841515, "rate": 7.261999710487967}, "datetime": {"datetime": "2024-04-01 14:14:00", "elapsed": 64.259214, "delta": 0.131698}}
{"target": -145.39267405097416, "params": {"p_ai": 9.543452705537488, "p_al": 3.5113041629592687, "p_ex": 9.37180371312909, "prior": 4.791526641683215, "rate": 6.423584063846066}, "datetime": {"datetime": "2024-04-01 14:14:00", "elapsed": 64.39485, "delta": 0.135636}}
{"target": -127.28371059321279, "params": {"p_ai": 7.36673540034412, "p_al": 8.093570352087795, "p_ex": 3.963197413459656, "prior": 4.480011839169197, "rate": 8.172952984101395}, "datetime": {"datetime": "2024-04-01 14:14:00", "elapsed": 64.552083, "delta": 0.157233}}
{"target": -120.03267827838806, "params": {"p_ai": 7.175854473706459, "p_al": 9.408551244537064, "p_ex": 9.795999116306994, "prior": 1.7899544503221003, "rate": 2.2799661987157394}, "datetime": {"datetime": "2024-04-01 14:14:00", "elapsed": 64.676299, "delta": 0.124216}}
{"target": -124.28658562295925, "params": {"p_ai": 7.16014848634319, "p_al": 7.474079963807781, "p_ex": 6.032192362771022, "prior": 8.773120342450891, "rate": 2.5206526306452743}, "datetime": {"datetime": "2024-04-01 14:14:00", "elapsed": 64.806949, "delta": 0.13065}}
{"target": -97.96753253120973, "params": {"p_ai": 3.3955344555736273, "p_al": 4.946973834220983, "p_ex": 3.150955862596707, "prior": 5.454845454328703, "rate": 6.8250983149001465}, "datetime": {"datetime": "2024-04-01 14:14:00", "elapsed": 64.933606, "delta": 0.126657}}
{"target": -110.84402652935852, "params": {"p_ai": 2.2044486446357947, "p_al": 4.853889202229838, "p_ex": 9.929820595017146, "prior": 3.242288870509168, "rate": 0.35458383299364826}, "datetime": {"datetime": "2024-04-01 14:14:00", "elapsed": 65.082844, "delta": 0.149238}}
{"target": -168.95003012202648, "params": {"p_ai": 8.173699941110849, "p_al": 5.033564529213024, "p_ex": 0.5287857773295865, "prior": 8.903159967215188, "rate": 4.045739285423598}, "datetime": {"datetime": "2024-04-01 14:14:01", "elapsed": 65.219776, "delta": 0.136932}}
{"target": -175.89768760451466, "params": {"p_ai": 9.292802548221829, "p_al": 4.0213796598318154, "p_ex": 0.7692460154620339, "prior": 2.4537661400558073, "rate": 3.503254796566321}, "datetime": {"datetime": "2024-04-01 14:14:01", "elapsed": 65.342677, "delta": 0.122901}}
{"target": -129.5570672927168, "params": {"p_ai": 7.507532195259897, "p_al": 1.8482967753404873, "p_ex": 4.310305563605018, "prior": 8.732580952739871, "rate": 5.338077152636459}, "datetime": {"datetime": "2024-04-01 14:14:01", "elapsed": 65.469633, "delta": 0.126956}}
{"target": -103.48577683903532, "params": {"p_ai": 1.0324440427708175, "p_al": 0.24620034805926763, "p_ex": 7.058392201809326, "prior": 9.791295782091213, "rate": 7.851867464260117}, "datetime": {"datetime": "2024-04-01 14:14:01", "elapsed": 65.587523, "delta": 0.11789}}
{"target": -128.02120683077584, "params": {"p_ai": 7.647497242257331, "p_al": 6.754799709264521, "p_ex": 7.9552316002763535, "prior": 0.40113783894076427, "rate": 2.647551635536823}, "datetime": {"datetime": "2024-04-01 14:14:01", "elapsed": 65.711519, "delta": 0.123996}}
{"target": -123.89129349008843, "params": {"p_ai": 6.9542799621795535, "p_al": 8.670016307747831, "p_ex": 6.746394111296426, "prior": 1.7635850037063328, "rate": 9.363148290996985}, "datetime": {"datetime": "2024-04-01 14:14:01", "elapsed": 65.827661, "delta": 0.116142}}
{"target": -156.23264950366925, "params": {"p_ai": 9.033883622408418, "p_al": 0.8677009826349238, "p_ex": 1.9308073757049558, "prior": 2.7526551130746566, "rate": 7.384380294175464}, "datetime": {"datetime": "2024-04-01 14:14:01", "elapsed": 65.944018, "delta": 0.116357}}
{"target": -168.26459893038964, "params": {"p_ai": 8.59387390968027, "p_al": 5.7836455521280605, "p_ex": 1.9972560609459706, "prior": 4.151483786326004, "rate": 1.3794541434408072}, "datetime": {"datetime": "2024-04-01 14:14:01", "elapsed": 66.057714, "delta": 0.113696}}
{"target": -163.4653870055811, "params": {"p_ai": 9.174044472397386, "p_al": 7.645544873164326, "p_ex": 5.10262812422697, "prior": 4.536296856665209, "rate": 0.9793229413773535}, "datetime": {"datetime": "2024-04-01 14:14:02", "elapsed": 66.173013, "delta": 0.115299}}
{"target": -89.357439853685, "params": {"p_ai": 3.1874348876469725, "p_al": 1.2072073207786072, "p_ex": 7.823598295559239, "prior": 5.44929218305527, "rate": 2.2735465367701733}, "datetime": {"datetime": "2024-04-01 14:14:02", "elapsed": 66.287701, "delta": 0.114688}}
{"target": -98.8109540871629, "params": {"p_ai": 2.242804189720107, "p_al": 2.6047215769603396, "p_ex": 3.0894186504102437, "prior": 3.8776636126823174, "rate": 2.9761917748399953}, "datetime": {"datetime": "2024-04-01 14:14:02", "elapsed": 66.404389, "delta": 0.116688}}
{"target": -125.94504588081368, "params": {"p_ai": 6.795879389436971, "p_al": 0.351701119431484, "p_ex": 3.2817750389987497, "prior": 7.4531734367072975, "rate": 9.428137042767773}, "datetime": {"datetime": "2024-04-01 14:14:02", "elapsed": 66.519794, "delta": 0.115405}}
{"target": -141.47663888413044, "params": {"p_ai": 8.027522769025355, "p_al": 2.4090212695059683, "p_ex": 2.329921768369933, "prior": 1.904177610377174, "rate": 8.825092851051235}, "datetime": {"datetime": "2024-04-01 14:14:02", "elapsed": 66.637079, "delta": 0.117285}}
{"target": -91.61487905277556, "params": {"p_ai": 2.3793190167249576, "p_al": 7.582048053507862, "p_ex": 2.611236264315461, "prior": 0.3317853522317488, "rate": 7.334743552987591}, "datetime": {"datetime": "2024-04-01 14:14:02", "elapsed": 66.750775, "delta": 0.113696}}
{"target": -140.55580575364664, "params": {"p_ai": 7.262291896142214, "p_al": 0.8905021504995737, "p_ex": 3.2676858780380864, "prior": 9.483704536600037, "rate": 1.6303270368232625}, "datetime": {"datetime": "2024-04-01 14:14:02", "elapsed": 66.867462, "delta": 0.116687}}
{"target": -92.56966308339243, "params": {"p_ai": 0.8676380540564483, "p_al": 5.946444277228148, "p_ex": 9.309967663594373, "prior": 1.3386492991231709, "rate": 5.130609924306518}, "datetime": {"datetime": "2024-04-01 14:14:02", "elapsed": 66.986143, "delta": 0.118681}}
{"target": -160.0633858905028, "params": {"p_ai": 6.84030814195546, "p_al": 1.7191257663086643, "p_ex": 0.11358767502840258, "prior": 8.876943621666769, "rate": 0.3532774752629418}, "datetime": {"datetime": "2024-04-01 14:14:02", "elapsed": 67.099423, "delta": 0.11328}}
{"target": -92.29376368910162, "params": {"p_ai": 2.575325379792938, "p_al": 6.5171886333749445, "p_ex": 2.8585435506242662, "prior": 0.09806625815159087, "rate": 5.754942892815359}, "datetime": {"datetime": "2024-04-01 14:14:03", "elapsed": 67.216734, "delta": 0.117311}}
{"target": -103.30618363825776, "params": {"p_ai": 3.078614991068771, "p_al": 1.5159891044593792, "p_ex": 9.712861834014069, "prior": 1.6505577067216257, "rate": 7.272627175991628}, "datetime": {"datetime": "2024-04-01 14:14:03", "elapsed": 67.331426, "delta": 0.114692}}
{"target": -236.20456659698166, "params": {"p_ai": 8.907351190743636, "p_al": 8.587292442153725, "p_ex": 1.8433864145173096, "prior": 2.3688485284086984, "rate": 0.1846080023892216}, "datetime": {"datetime": "2024-04-01 14:14:03", "elapsed": 67.445121, "delta": 0.113695}}
{"target": -164.6559239807784, "params": {"p_ai": 9.314123267181278, "p_al": 8.871324645396406, "p_ex": 5.95506622352646, "prior": 1.0945671874130298, "rate": 1.736252925778173}, "datetime": {"datetime": "2024-04-01 14:14:03", "elapsed": 67.557819, "delta": 0.112698}}
{"target": -118.17247168046578, "params": {"p_ai": 5.770026748955153, "p_al": 2.5173180780279494, "p_ex": 3.0024181605272484, "prior": 1.7107025020812408, "rate": 1.8967275990085757}, "datetime": {"datetime": "2024-04-01 14:14:03", "elapsed": 67.676149, "delta": 0.11833}}
