{"target": -192.3923972130662, "params": {"p_ai": 10.0, "p_al": 6.240787308941754, "p_ex": 0.001, "prior": 6.255764719229971, "rate": 10.0}, "datetime": {"datetime": "2024-04-01 17:06:25", "elapsed": 10409.62961, "delta": 35.254855}}
{"target": -123.52354686597043, "params": {"p_ai": 3.632134646750606, "p_al": 1.7482251455503317, "p_ex": 10.0, "prior": 2.2363405096839566, "rate": 0.001}, "datetime": {"datetime": "2024-04-01 17:06:51", "elapsed": 10435.901884, "delta": 26.272274}}
{"target": -96.05209599395106, "params": {"p_ai": 3.5433773942019036, "p_al": 0.13738688296907506, "p_ex": 4.611336236803223, "prior": 1.5915329452790856, "rate": 5.122582682857756}, "datetime": {"datetime": "2024-04-01 17:07:19", "elapsed": 10463.579261, "delta": 27.677377}}
{"target": -95.05980350057895, "params": {"p_ai": 3.918385007914866, "p_al": 9.681470049806412, "p_ex": 8.294348993268642, "prior": 1.0347866512500181, "rate": 2.448790907649723}, "datetime": {"datetime": "2024-04-01 17:07:41", "elapsed": 10485.488261, "delta": 21.909}}
{"target": -113.99305322523139, "params": {"p_ai": 6.3351051779119185, "p_al": 0.001, "p_ex": 7.247305503992194, "prior": 1.9970039547034795, "rate": 3.0565094030518454}, "datetime": {"datetime": "2024-04-01 17:07:59", "elapsed": 10503.476545, "delta": 17.988284}}
{"target": -95.26381381378613, "params": {"p_ai": 2.6072682579776614, "p_al": 3.585898023779981, "p_ex": 2.4552497941841236, "prior": 0.8649968146019411, "rate": 7.221570501627161}, "datetime": {"datetime": "2024-04-01 17:08:15", "elapsed": 10519.598112, "delta": 16.121567}}
{"target": -196.53718238900152, "params": {"p_ai": 10.0, "p_al": 4.475457070024769, "p_ex": 0.001, "prior": 10.0, "rate": 0.001}, "datetime": {"datetime": "2024-04-01 17:08:37", "elapsed": 10541.767442, "delta": 22.16933}}
{"target": -118.66448132632456, "params": {"p_ai": 0.001, "p_al": 8.145517001051221, "p_ex": 7.54744825370054, "prior": 3.7146890317466172, "rate": 2.5504669665461424}, "datetime": {"datetime": "2024-04-01 17:09:02", "elapsed": 10566.738564, "delta": 24.971122}}
{"target": -102.17870702221036, "params": {"p_ai": 4.74768064864478, "p_al": 2.2511849040524203, "p_ex": 10.0, "prior": 6.197544338878834, "rate": 10.0}, "datetime": {"datetime": "2024-04-01 17:09:19", "elapsed": 10583.517721, "delta": 16.779157}}
{"target": -148.8963358741651, "params": {"p_ai": 10.0, "p_al": 0.001, "p_ex": 10.0, "prior": 2.7198388560654365, "rate": 2.8211636616124456}, "datetime": {"datetime": "2024-04-01 17:09:36", "elapsed": 10600.42108, "delta": 16.903359}}
{"target": -120.25027458293737, "params": {"p_ai": 7.016012230029187, "p_al": 4.191471190348095, "p_ex": 10.0, "prior": 7.213848949236607, "rate": 10.0}, "datetime": {"datetime": "2024-04-01 17:10:00", "elapsed": 10624.65931, "delta": 24.23823}}
{"target": -97.76542668119248, "params": {"p_ai": 3.756970917960884, "p_al": 0.003348028144536709, "p_ex": 7.840083995178742, "prior": 2.951833321787602, "rate": 7.11519938770003}, "datetime": {"datetime": "2024-04-01 17:10:22", "elapsed": 10646.767589, "delta": 22.108279}}
{"target": -114.08697996868516, "params": {"p_ai": 1.1989425468725425, "p_al": 2.4817643301945336, "p_ex": 10.0, "prior": 10.0, "rate": 4.017366635153728}, "datetime": {"datetime": "2024-04-01 17:10:40", "elapsed": 10664.585119, "delta": 17.81753}}
{"target": -111.70462864885162, "params": {"p_ai": 6.358382802071273, "p_al": 4.880992920325745, "p_ex": 5.884728984130959, "prior": 10.0, "rate": 7.743377483604623}, "datetime": {"datetime": "2024-04-01 17:11:19", "elapsed": 10703.253725, "delta": 38.668606}}
{"target": -125.35966870319183, "params": {"p_ai": 0.001, "p_al": 4.034905732620095, "p_ex": 4.073947476314118, "prior": 10.0, "rate": 7.337912773567197}, "datetime": {"datetime": "2024-04-01 17:11:49", "elapsed": 10733.33784, "delta": 30.084115}}
{"target": -91.87645875448378, "params": {"p_ai": 3.855912236316992, "p_al": 9.165136018501524, "p_ex": 5.262420222588229, "prior": 2.6354955927385992, "rate": 5.245469304938259}, "datetime": {"datetime": "2024-04-01 17:12:12", "elapsed": 10756.443941, "delta": 23.106101}}
{"target": -106.8674718857341, "params": {"p_ai": 4.755675539370203, "p_al": 2.245875543511726, "p_ex": 3.372956420948465, "prior": 6.635842028977813, "rate": 6.085537485287893}, "datetime": {"datetime": "2024-04-01 17:12:30", "elapsed": 10774.854764, "delta": 18.410823}}
{"target": -118.8681652306287, "params": {"p_ai": 0.001, "p_al": 10.0, "p_ex": 2.978860804941715, "prior": 7.00116138217948, "rate": 10.0}, "datetime": {"datetime": "2024-04-01 17:12:46", "elapsed": 10790.674701, "delta": 15.819937}}
{"target": -113.07556424288803, "params": {"p_ai": 0.001, "p_al": 2.62482856487079, "p_ex": 7.06057968104588, "prior": 5.102327458095391, "rate": 10.0}, "datetime": {"datetime": "2024-04-01 17:13:13", "elapsed": 10817.996673, "delta": 27.321972}}
{"target": -106.4969260432734, "params": {"p_ai": 1.06921892844412, "p_al": 2.107156381871802, "p_ex": 10.0, "prior": 1.3550661734317941, "rate": 10.0}, "datetime": {"datetime": "2024-04-01 17:13:37", "elapsed": 10841.37915, "delta": 23.382477}}
{"target": -104.10727977715862, "params": {"p_ai": 2.815519869299145, "p_al": 9.967049438217451, "p_ex": 2.00355036726786, "prior": 7.3341690828625365, "rate": 9.5053472466448}, "datetime": {"datetime": "2024-04-01 17:14:04", "elapsed": 10868.780552, "delta": 27.401402}}
{"target": -109.37628029495923, "params": {"p_ai": 0.001, "p_al": 8.847513059735173, "p_ex": 10.0, "prior": 3.9458074440581985, "rate": 7.9079569499614415}, "datetime": {"datetime": "2024-04-01 17:14:27", "elapsed": 10891.790557, "delta": 23.010005}}
{"target": -147.09354905138144, "params": {"p_ai": 0.001, "p_al": 3.5152536638730294, "p_ex": 0.001, "prior": 10.0, "rate": 10.0}, "datetime": {"datetime": "2024-04-01 17:14:59", "elapsed": 10923.937227, "delta": 32.14667}}
{"target": -106.71562220345336, "params": {"p_ai": 0.001, "p_al": 10.0, "p_ex": 10.0, "prior": 3.1956807528669255, "rate": 5.503444265369069}, "datetime": {"datetime": "2024-04-01 17:15:35", "elapsed": 10959.576009, "delta": 35.638782}}
{"target": -105.40072655940278, "params": {"p_ai": 5.005533997622071, "p_al": 5.637191200954322, "p_ex": 3.901222712125172, "prior": 7.668111077707591, "rate": 10.0}, "datetime": {"datetime": "2024-04-01 17:16:01", "elapsed": 10985.38092, "delta": 25.804911}}
{"target": -102.02276233951085, "params": {"p_ai": 1.3872343876276332, "p_al": 1.510567646294717, "p_ex": 4.008564446944958, "prior": 1.9369181554832127, "rate": 1.1289724836007575}, "datetime": {"datetime": "2024-04-01 17:16:18", "elapsed": 11002.803689, "delta": 17.422769}}
{"target": -134.97964454508033, "params": {"p_ai": 0.001, "p_al": 4.600880401467319, "p_ex": 0.001, "prior": 7.30423798170128, "rate": 0.001}, "datetime": {"datetime": "2024-04-01 17:16:37", "elapsed": 11021.752892, "delta": 18.949203}}
{"target": -99.24509047504567, "params": {"p_ai": 3.00951579828565, "p_al": 7.45654158593139, "p_ex": 2.9924897900327667, "prior": 10.0, "rate": 8.260271804732168}, "datetime": {"datetime": "2024-04-01 17:16:58", "elapsed": 11043.116147, "delta": 21.363255}}
{"target": -109.77696462613763, "params": {"p_ai": 5.0349539979333935, "p_al": 1.9006279955116692, "p_ex": 2.7762366672339294, "prior": 1.0955862204326736, "rate": 5.285420082814032}, "datetime": {"datetime": "2024-04-01 17:17:29", "elapsed": 11073.457214, "delta": 30.341067}}
{"target": -125.74058173987021, "params": {"p_ai": 6.997213136359892, "p_al": 10.0, "p_ex": 6.05609684373442, "prior": 10.0, "rate": 2.350595251783494}, "datetime": {"datetime": "2024-04-01 17:17:57", "elapsed": 11101.434886, "delta": 27.977672}}
{"target": -137.80798729523687, "params": {"p_ai": 4.741126368933503, "p_al": 0.001, "p_ex": 0.001, "prior": 6.156882141398377, "rate": 7.496671307223718}, "datetime": {"datetime": "2024-04-01 17:18:14", "elapsed": 11118.781551, "delta": 17.346665}}
{"target": -125.10991078180868, "params": {"p_ai": 0.001, "p_al": 3.956249133079712, "p_ex": 7.563667721685951, "prior": 5.148953434497462, "rate": 3.597403175139201}, "datetime": {"datetime": "2024-04-01 17:18:40", "elapsed": 11144.849825, "delta": 26.068274}}
{"target": -110.51783920840569, "params": {"p_ai": 3.9627509459712096, "p_al": 7.932940854725436, "p_ex": 3.059655010310206, "prior": 10.0, "rate": 3.1592898007552237}, "datetime": {"datetime": "2024-04-01 17:19:09", "elapsed": 11173.68538, "delta": 28.835555}}
{"target": -86.54993323080096, "params": {"p_ai": 3.2420923771200902, "p_al": 5.932031358231524, "p_ex": 10.0, "prior": 3.9699937087977415, "rate": 1.7079730378570874}, "datetime": {"datetime": "2024-04-01 17:19:28", "elapsed": 11192.321853, "delta": 18.636473}}
{"target": -129.19384034774183, "params": {"p_ai": 0.001, "p_al": 10.0, "p_ex": 0.001, "prior": 6.441514290590104, "rate": 0.001}, "datetime": {"datetime": "2024-04-01 17:19:54", "elapsed": 11218.60206, "delta": 26.280207}}
{"target": -146.28842425847583, "params": {"p_ai": 9.870081789320546, "p_al": 7.254613478848629, "p_ex": 9.82398832927374, "prior": 3.373414622171432, "rate": 4.189578676179528}, "datetime": {"datetime": "2024-04-01 17:20:16", "elapsed": 11241.092181, "delta": 22.490121}}
{"target": -99.01160618124081, "params": {"p_ai": 4.928850158850843, "p_al": 4.2218756726277284, "p_ex": 6.632235697496507, "prior": 7.674191213174756, "rate": 10.0}, "datetime": {"datetime": "2024-04-01 17:20:42", "elapsed": 11266.191077, "delta": 25.098896}}
{"target": -101.27952101111258, "params": {"p_ai": 4.007665807562232, "p_al": 2.1388140333819323, "p_ex": 10.0, "prior": 2.088104769226317, "rate": 5.189890560429455}, "datetime": {"datetime": "2024-04-01 17:20:58", "elapsed": 11283.02539, "delta": 16.834313}}
{"target": -96.52519551913045, "params": {"p_ai": 4.515357306432803, "p_al": 10.0, "p_ex": 10.0, "prior": 1.353175188890974, "rate": 2.41596785421881}, "datetime": {"datetime": "2024-04-01 17:21:24", "elapsed": 11308.880951, "delta": 25.855561}}
{"target": -110.21125018673466, "params": {"p_ai": 6.673988228802933, "p_al": 0.001, "p_ex": 10.0, "prior": 10.0, "rate": 7.398500253921431}, "datetime": {"datetime": "2024-04-01 17:22:06", "elapsed": 11350.946538, "delta": 42.065587}}
{"target": -105.33350247967985, "params": {"p_ai": 6.1228691160706425, "p_al": 8.131910682921049, "p_ex": 7.602346288195325, "prior": 10.0, "rate": 5.68350176352941}, "datetime": {"datetime": "2024-04-01 17:22:25", "elapsed": 11369.743616, "delta": 18.797078}}
{"target": -114.73224799038361, "params": {"p_ai": 6.957479039531964, "p_al": 10.0, "p_ex": 10.0, "prior": 10.0, "rate": 1.5782694192369555}, "datetime": {"datetime": "2024-04-01 17:22:43", "elapsed": 11387.659466, "delta": 17.91585}}
{"target": -124.94779580017602, "params": {"p_ai": 0.001, "p_al": 2.2491319992897196, "p_ex": 10.0, "prior": 5.480502201828266, "rate": 6.088120532161005}, "datetime": {"datetime": "2024-04-01 17:23:02", "elapsed": 11406.798089, "delta": 19.138623}}
{"target": -115.64984524613601, "params": {"p_ai": 6.934681679645088, "p_al": 2.1365555144849457, "p_ex": 8.212092142777355, "prior": 10.0, "rate": 10.0}, "datetime": {"datetime": "2024-04-01 17:23:20", "elapsed": 11424.86543, "delta": 18.067341}}
{"target": -103.58860127442954, "params": {"p_ai": 2.0097163993054954, "p_al": 2.36619883943238, "p_ex": 3.410424714005034, "prior": 10.0, "rate": 4.026386298066768}, "datetime": {"datetime": "2024-04-01 17:23:44", "elapsed": 11448.849024, "delta": 23.983594}}
{"target": -96.95372105906812, "params": {"p_ai": 2.6767099092435145, "p_al": 0.001, "p_ex": 8.073858396347122, "prior": 2.7101302046350204, "rate": 9.137856008368397}, "datetime": {"datetime": "2024-04-01 17:24:01", "elapsed": 11466.015666, "delta": 17.166642}}
{"target": -103.4793457515751, "params": {"p_ai": 4.559751655550701, "p_al": 2.417046799402836, "p_ex": 3.8209925665683095, "prior": 10.0, "rate": 8.145217281568163}, "datetime": {"datetime": "2024-04-01 17:24:34", "elapsed": 11498.7577, "delta": 32.742034}}
{"target": -136.30779886657376, "params": {"p_ai": 0.001, "p_al": 0.001, "p_ex": 3.6609029677370364, "prior": 10.0, "rate": 4.186679782741798}, "datetime": {"datetime": "2024-04-01 17:24:53", "elapsed": 11517.345133, "delta": 18.587433}}
{"target": -113.31432171430667, "params": {"p_ai": 0.001, "p_al": 0.001, "p_ex": 6.582103053379944, "prior": 2.132345643160985, "rate": 6.77946238216618}, "datetime": {"datetime": "2024-04-01 17:25:11", "elapsed": 11535.733222, "delta": 18.388089}}
{"target": -96.09009313556743, "params": {"p_ai": 2.439178332530766, "p_al": 0.001, "p_ex": 5.803427376686226, "prior": 5.823679562632952, "rate": 2.138127495789373}, "datetime": {"datetime": "2024-04-01 17:25:47", "elapsed": 11571.456653, "delta": 35.723431}}
{"target": -558.2500073290316, "params": {"p_ai": 0.7461766928921417, "p_al": 2.170580998667952, "p_ex": 6.034529758838562, "prior": 0.001, "rate": 1.4088998075066428}, "datetime": {"datetime": "2024-04-01 17:26:06", "elapsed": 11590.897193, "delta": 19.44054}}
{"target": -152.788734372718, "params": {"p_ai": 10.0, "p_al": 10.0, "p_ex": 6.204235946536322, "prior": 2.9205332471994128, "rate": 10.0}, "datetime": {"datetime": "2024-04-01 17:26:25", "elapsed": 11609.766239, "delta": 18.869046}}
{"target": -101.6002529949658, "params": {"p_ai": 2.3125790441807985, "p_al": 2.7059783408132367, "p_ex": 2.7015785182636987, "prior": 5.907281678046162, "rate": 4.193741965666323}, "datetime": {"datetime": "2024-04-01 17:26:44", "elapsed": 11628.836039, "delta": 19.0698}}
{"target": -112.79298998104927, "params": {"p_ai": 6.664350404729955, "p_al": 7.5666969973139855, "p_ex": 10.0, "prior": 4.739556307411064, "rate": 5.640456959669583}, "datetime": {"datetime": "2024-04-01 17:27:18", "elapsed": 11662.692382, "delta": 33.856343}}
{"target": -108.07221922924137, "params": {"p_ai": 5.205496237923028, "p_al": 6.438247473681637, "p_ex": 7.250435126203786, "prior": 2.4475780984944593, "rate": 10.0}, "datetime": {"datetime": "2024-04-01 17:27:54", "elapsed": 11698.645511, "delta": 35.953129}}
{"target": -97.97720590860735, "params": {"p_ai": 4.58421279407978, "p_al": 0.001, "p_ex": 10.0, "prior": 8.458517108348085, "rate": 10.0}, "datetime": {"datetime": "2024-04-01 17:28:26", "elapsed": 11730.207155, "delta": 31.561644}}
{"target": -122.44761424537457, "params": {"p_ai": 8.322166138923857, "p_al": 2.5744573811467237, "p_ex": 10.0, "prior": 6.447341091398485, "rate": 2.8211074645083003}, "datetime": {"datetime": "2024-04-01 17:28:44", "elapsed": 11748.39732, "delta": 18.190165}}
{"target": -88.98568979491264, "params": {"p_ai": 3.4115651121171533, "p_al": 1.7371799953498355, "p_ex": 5.871655906314643, "prior": 1.5592828395100125, "rate": 2.1069111059916366}, "datetime": {"datetime": "2024-04-01 17:29:10", "elapsed": 11774.753766, "delta": 26.356446}}
{"target": -109.02017298143582, "params": {"p_ai": 0.001, "p_al": 3.1994371774879307, "p_ex": 4.919796906430711, "prior": 1.8915196932040497, "rate": 3.7467207660932154}, "datetime": {"datetime": "2024-04-01 17:29:31", "elapsed": 11795.59756, "delta": 20.843794}}
{"target": -125.96537240658705, "params": {"p_ai": 1.8191206424830222, "p_al": 6.118443015227557, "p_ex": 0.001, "prior": 6.138923431924909, "rate": 10.0}, "datetime": {"datetime": "2024-04-01 17:29:57", "elapsed": 11821.313242, "delta": 25.715682}}
{"target": -127.1572337431515, "params": {"p_ai": 4.8351811158726274, "p_al": 2.1806543635990443, "p_ex": 7.834593916166495, "prior": 3.9871020367148504, "rate": 0.001}, "datetime": {"datetime": "2024-04-01 17:30:17", "elapsed": 11841.377015, "delta": 20.063773}}
{"target": -113.33206953255258, "params": {"p_ai": 0.14565515786963346, "p_al": 0.2460942843414034, "p_ex": 7.250211399805137, "prior": 1.6962333033053938, "rate": 2.776158121127621}, "datetime": {"datetime": "2024-04-01 17:30:37", "elapsed": 11861.466763, "delta": 20.089748}}
{"target": -117.18655166912099, "params": {"p_ai": 7.206998774482719, "p_al": 10.0, "p_ex": 8.241200069674331, "prior": 10.0, "rate": 10.0}, "datetime": {"datetime": "2024-04-01 17:30:55", "elapsed": 11879.296884, "delta": 17.830121}}
{"target": -97.63499999206317, "params": {"p_ai": 0.5290254661539096, "p_al": 8.042736137819725, "p_ex": 8.422797805998538, "prior": 3.269681031537904, "rate": 10.0}, "datetime": {"datetime": "2024-04-01 17:31:13", "elapsed": 11897.903081, "delta": 18.606197}}
{"target": -127.06306457240382, "params": {"p_ai": 4.31775101101238, "p_al": 2.767874006042527, "p_ex": 5.455847605157604, "prior": 10.0, "rate": 0.001}, "datetime": {"datetime": "2024-04-01 17:31:31", "elapsed": 11915.912762, "delta": 18.009681}}
{"target": -132.91981158042904, "params": {"p_ai": 6.085049441517131, "p_al": 2.3535605508971615, "p_ex": 8.917850518018819, "prior": 10.0, "rate": 0.001}, "datetime": {"datetime": "2024-04-01 17:31:51", "elapsed": 11936.130841, "delta": 20.218079}}
{"target": -89.9817644091998, "params": {"p_ai": 1.4414954239545854, "p_al": 10.0, "p_ex": 4.622625189070232, "prior": 3.172369651979712, "rate": 5.60341801813273}, "datetime": {"datetime": "2024-04-01 17:32:11", "elapsed": 11955.73483, "delta": 19.603989}}
{"target": -126.12161967348878, "params": {"p_ai": 2.4582085929962387, "p_al": 0.001, "p_ex": 0.001, "prior": 3.419072741777488, "rate": 10.0}, "datetime": {"datetime": "2024-04-01 17:32:37", "elapsed": 11981.641921, "delta": 25.907091}}
{"target": -119.17393489335707, "params": {"p_ai": 0.001, "p_al": 2.2418038712885884, "p_ex": 7.341067570059315, "prior": 3.187960324698953, "rate": 3.1970839665487203}, "datetime": {"datetime": "2024-04-01 17:33:04", "elapsed": 12009.038401, "delta": 27.39648}}
{"target": -105.58937367117713, "params": {"p_ai": 4.550307242609195, "p_al": 10.0, "p_ex": 3.0981728238570523, "prior": 5.018320178289084, "rate": 7.883233271985915}, "datetime": {"datetime": "2024-04-01 17:33:23", "elapsed": 12027.577211, "delta": 18.53881}}
{"target": -120.66975443500837, "params": {"p_ai": 5.420250097478281, "p_al": 0.001, "p_ex": 10.0, "prior": 2.873043294382251, "rate": 10.0}, "datetime": {"datetime": "2024-04-01 17:33:51", "elapsed": 12056.02572, "delta": 28.448509}}
{"target": -118.40456411024435, "params": {"p_ai": 0.001, "p_al": 0.001, "p_ex": 6.813435753691432, "prior": 0.03218776962664223, "rate": 4.553046521136054}, "datetime": {"datetime": "2024-04-01 17:34:12", "elapsed": 12076.37301, "delta": 20.34729}}
{"target": -154.69714978997945, "params": {"p_ai": 0.001, "p_al": 3.899865210819751, "p_ex": 2.8617497520806943, "prior": 10.0, "rate": 0.001}, "datetime": {"datetime": "2024-04-01 17:34:39", "elapsed": 12103.315802, "delta": 26.942792}}
{"target": -120.0186056594885, "params": {"p_ai": 7.169320778359093, "p_al": 7.791605661268917, "p_ex": 4.629542416571517, "prior": 0.3030841043478924, "rate": 7.291326975496637}, "datetime": {"datetime": "2024-04-01 17:35:09", "elapsed": 12133.779889, "delta": 30.464087}}
{"target": -143.430909005056, "params": {"p_ai": 5.198061511428775, "p_al": 0.001, "p_ex": 0.001, "prior": 5.418874554774768, "rate": 0.001}, "datetime": {"datetime": "2024-04-01 17:35:42", "elapsed": 12166.931945, "delta": 33.152056}}
{"target": -121.03930406363521, "params": {"p_ai": 7.000240600399147, "p_al": 0.001, "p_ex": 5.1879306882427265, "prior": 10.0, "rate": 5.376039725217697}, "datetime": {"datetime": "2024-04-01 17:36:00", "elapsed": 12185.137871, "delta": 18.205926}}
{"target": -98.8530053580448, "params": {"p_ai": 3.6602378139530596, "p_al": 5.204815712012472, "p_ex": 8.303751896436815, "prior": 1.6776720222411354, "rate": 7.867480048376303}, "datetime": {"datetime": "2024-04-01 17:36:27", "elapsed": 12211.673856, "delta": 26.535985}}
{"target": -143.50409911220356, "params": {"p_ai": 8.09483678017414, "p_al": 0.001, "p_ex": 4.305374997507377, "prior": 0.001, "rate": 6.7491613471197285}, "datetime": {"datetime": "2024-04-01 17:36:55", "elapsed": 12239.451799, "delta": 27.777943}}
{"target": -124.23555583373209, "params": {"p_ai": 0.001, "p_al": 1.337740757840208, "p_ex": 10.0, "prior": 7.734581774908421, "rate": 10.0}, "datetime": {"datetime": "2024-04-01 17:37:15", "elapsed": 12259.217192, "delta": 19.765393}}
{"target": -109.68028355752277, "params": {"p_ai": 6.613788296102328, "p_al": 8.400070676790284, "p_ex": 8.522280393749373, "prior": 4.0999681258964635, "rate": 3.0588163152487313}, "datetime": {"datetime": "2024-04-01 17:37:33", "elapsed": 12277.1719, "delta": 17.954708}}
{"target": -126.4931424346364, "params": {"p_ai": 2.2039974810501386, "p_al": 7.627823849103443, "p_ex": 3.5545212276340643, "prior": 5.513973797152835, "rate": 0.001}, "datetime": {"datetime": "2024-04-01 17:37:51", "elapsed": 12295.259828, "delta": 18.087928}}
{"target": -118.33198600696383, "params": {"p_ai": 0.03400113659818386, "p_al": 6.795167135710609, "p_ex": 9.939369490693032, "prior": 6.652938289260484, "rate": 8.34382767128501}, "datetime": {"datetime": "2024-04-01 17:38:10", "elapsed": 12314.474409, "delta": 19.214581}}
{"target": -115.1972428737136, "params": {"p_ai": 6.379773283796826, "p_al": 0.001, "p_ex": 6.724690871224879, "prior": 5.904846631592881, "rate": 10.0}, "datetime": {"datetime": "2024-04-01 17:38:46", "elapsed": 12350.20682, "delta": 35.732411}}
{"target": -555.0449987895713, "params": {"p_ai": 6.033331500450462, "p_al": 10.0, "p_ex": 3.0684433559744306, "prior": 0.001, "rate": 7.7381395843544025}, "datetime": {"datetime": "2024-04-01 17:39:16", "elapsed": 12380.366605, "delta": 30.159785}}
{"target": -112.54221616626461, "params": {"p_ai": 5.266535464621497, "p_al": 10.0, "p_ex": 3.08129775946888, "prior": 10.0, "rate": 10.0}, "datetime": {"datetime": "2024-04-01 17:39:43", "elapsed": 12407.672265, "delta": 27.30566}}
{"target": -114.52913866912759, "params": {"p_ai": 4.825533579801283, "p_al": 9.773080492295293, "p_ex": 2.4382960645880134, "prior": 3.1574058465216077, "rate": 5.951881781778871}, "datetime": {"datetime": "2024-04-01 17:40:01", "elapsed": 12425.979817, "delta": 18.307552}}
