{"target": -230.88136994835182, "params": {"gamma": 3.584594051008626, "prior": 6.41895351934156, "rate": 1.4308980910737081}, "datetime": {"datetime": "2024-04-12 20:03:29", "elapsed": 6.435582, "delta": 0.008398}}
{"target": -457.1759121420463, "params": {"gamma": 8.577528406499894, "prior": 6.491087641906984, "rate": 1.1538189613747907}, "datetime": {"datetime": "2024-04-12 20:03:29", "elapsed": 6.444004, "delta": 0.008422}}
{"target": -179.30341853454948, "params": {"gamma": 2.081766002579473, "prior": 7.48043347440683, "rate": 4.034662876713395}, "datetime": {"datetime": "2024-04-12 20:03:29", "elapsed": 6.452416, "delta": 0.008412}}
{"target": -290.3079791277415, "params": {"gamma": 4.84521613942412, "prior": 8.885805272920003, "rate": 1.3752980526926846}, "datetime": {"datetime": "2024-04-12 20:03:29", "elapsed": 6.460806, "delta": 0.00839}}
{"target": -680.3832201807236, "params": {"gamma": 9.64376360106379, "prior": 0.5220338497861409, "rate": 0.9953031322915933}, "datetime": {"datetime": "2024-04-12 20:03:29", "elapsed": 6.46922, "delta": 0.008414}}
{"target": -184.88811111209088, "params": {"gamma": 2.2331610709734946, "prior": 8.08519231437909, "rate": 4.559272200887655}, "datetime": {"datetime": "2024-04-12 20:03:29", "elapsed": 6.47756, "delta": 0.00834}}
{"target": -389.18393728680337, "params": {"gamma": 6.5328581714709335, "prior": 1.8257792614463888, "rate": 1.668052607332356}, "datetime": {"datetime": "2024-04-12 20:03:29", "elapsed": 6.486008, "delta": 0.008448}}
{"target": -302.28011612280363, "params": {"gamma": 5.208962557197339, "prior": 7.428906989274194, "rate": 4.62528217768507}, "datetime": {"datetime": "2024-04-12 20:03:29", "elapsed": 6.523829, "delta": 0.037821}}
{"target": -429.01480661063863, "params": {"gamma": 8.696271237126007, "prior": 6.638078153239339, "rate": 2.4916517944308763}, "datetime": {"datetime": "2024-04-12 20:03:29", "elapsed": 6.532528, "delta": 0.008699}}
{"target": -215.9217179025831, "params": {"gamma": 2.3497873058002465, "prior": 3.8030624969839892, "rate": 7.566403946905877}, "datetime": {"datetime": "2024-04-12 20:03:29", "elapsed": 6.541005, "delta": 0.008477}}
{"target": -461.62488280974407, "params": {"gamma": 9.379438705433513, "prior": 8.632869393256446, "rate": 2.6168463160365345}, "datetime": {"datetime": "2024-04-12 20:03:29", "elapsed": 6.549423, "delta": 0.008418}}
{"target": -272.9096593331562, "params": {"gamma": 4.12337700085772, "prior": 6.154286584558183, "rate": 5.468797723702268}, "datetime": {"datetime": "2024-04-12 20:03:29", "elapsed": 6.557774, "delta": 0.008351}}
{"target": -367.67912859254915, "params": {"gamma": 3.893360179144248, "prior": 1.1040656911246396, "rate": 7.122735799168159}, "datetime": {"datetime": "2024-04-12 20:03:29", "elapsed": 6.566104, "delta": 0.00833}}
{"target": -145.19221152995505, "params": {"gamma": 0.8822635040904132, "prior": 8.674166550799823, "rate": 8.634620954886014}, "datetime": {"datetime": "2024-04-12 20:03:29", "elapsed": 6.574503, "delta": 0.008399}}
{"target": -470.6265101751017, "params": {"gamma": 7.084799464362212, "prior": 4.915603280696092, "rate": 6.991766507563753}, "datetime": {"datetime": "2024-04-12 20:03:29", "elapsed": 6.582785, "delta": 0.008282}}
{"target": -269.88593223107523, "params": {"gamma": 3.950475613957549, "prior": 7.995210244504152, "rate": 7.864384405716199}, "datetime": {"datetime": "2024-04-12 20:03:29", "elapsed": 6.591047, "delta": 0.008262}}
{"target": -167.465784232023, "params": {"gamma": 1.5561303101523432, "prior": 3.246393748470918, "rate": 3.4404877846831172}, "datetime": {"datetime": "2024-04-12 20:03:29", "elapsed": 6.599395, "delta": 0.008348}}
{"target": -253.1337387127977, "params": {"gamma": 3.6423388162366046, "prior": 5.709791011210197, "rate": 0.4178327377603575}, "datetime": {"datetime": "2024-04-12 20:03:29", "elapsed": 6.607814, "delta": 0.008419}}
{"target": -480.9375714198986, "params": {"gamma": 6.600037219920028, "prior": 2.09615441466068, "rate": 4.165209099174909}, "datetime": {"datetime": "2024-04-12 20:03:29", "elapsed": 6.616295, "delta": 0.008481}}
{"target": -302.0738184435189, "params": {"gamma": 4.5094756723505, "prior": 3.552395018521695, "rate": 3.8334198209699974}, "datetime": {"datetime": "2024-04-12 20:03:29", "elapsed": 6.624717, "delta": 0.008422}}
{"target": -209.18410487556397, "params": {"gamma": 1.8038803024167458, "prior": 0.7744875682013366, "rate": 5.513015232709581}, "datetime": {"datetime": "2024-04-12 20:03:29", "elapsed": 6.633176, "delta": 0.008459}}
{"target": -409.2597987459734, "params": {"gamma": 5.959073589220895, "prior": 1.5404479132949174, "rate": 2.310186141512919}, "datetime": {"datetime": "2024-04-12 20:03:29", "elapsed": 6.641599, "delta": 0.008423}}
{"target": -205.9731870253754, "params": {"gamma": 2.864484938242287, "prior": 8.324438532353815, "rate": 1.535055990682961}, "datetime": {"datetime": "2024-04-12 20:03:29", "elapsed": 6.649935, "delta": 0.008336}}
{"target": -313.4928046497073, "params": {"gamma": 5.521835936727261, "prior": 5.724583205152705, "rate": 3.434857510993614}, "datetime": {"datetime": "2024-04-12 20:03:29", "elapsed": 6.658306, "delta": 0.008371}}
{"target": -231.99595829669005, "params": {"gamma": 3.5068212758802293, "prior": 9.595208973440103, "rate": 5.533886150645748}, "datetime": {"datetime": "2024-04-12 20:03:29", "elapsed": 6.666679, "delta": 0.008373}}
{"target": -427.34317956602547, "params": {"gamma": 6.527659277808647, "prior": 4.958327152799692, "rate": 6.466853166736234}, "datetime": {"datetime": "2024-04-12 20:03:29", "elapsed": 6.675079, "delta": 0.0084}}
{"target": -454.1484514485379, "params": {"gamma": 6.052902604285114, "prior": 1.5372155999089467, "rate": 3.3474706483130476}, "datetime": {"datetime": "2024-04-12 20:03:29", "elapsed": 6.683552, "delta": 0.008473}}
{"target": -371.8179301432677, "params": {"gamma": 4.604879500595876, "prior": 1.3654344499032103, "rate": 3.6313701627213772}, "datetime": {"datetime": "2024-04-12 20:03:29", "elapsed": 6.691967, "delta": 0.008415}}
{"target": -184.00778929109973, "params": {"gamma": 2.2821882012949293, "prior": 8.49027576247698, "rate": 3.4153993261329654}, "datetime": {"datetime": "2024-04-12 20:03:29", "elapsed": 6.70029, "delta": 0.008323}}
{"target": -206.68927259382116, "params": {"gamma": 2.268666417341983, "prior": 4.140995888237594, "rate": 6.830957412174848}, "datetime": {"datetime": "2024-04-12 20:03:29", "elapsed": 6.70877, "delta": 0.00848}}
{"target": -140.90138441517092, "params": {"gamma": 0.657154367615287, "prior": 1.889219214669599, "rate": 6.943375082298363}, "datetime": {"datetime": "2024-04-12 20:03:29", "elapsed": 6.717348, "delta": 0.008578}}
{"target": -496.2255235027282, "params": {"gamma": 7.522813791436128, "prior": 6.215767368139672, "rate": 8.792106406805418}, "datetime": {"datetime": "2024-04-12 20:03:29", "elapsed": 6.725812, "delta": 0.008464}}
{"target": -175.20069822741846, "params": {"gamma": 1.6888331005858586, "prior": 7.065122548794142, "rate": 9.172684330641006}, "datetime": {"datetime": "2024-04-12 20:03:29", "elapsed": 6.734198, "delta": 0.008386}}
{"target": -174.04678940054532, "params": {"gamma": 1.508245851371479, "prior": 2.5132633762221936, "rate": 5.467299036335953}, "datetime": {"datetime": "2024-04-12 20:03:29", "elapsed": 6.742575, "delta": 0.008377}}
{"target": -241.75406040197808, "params": {"gamma": 3.441849250422999, "prior": 6.937326899745702, "rate": 0.5766186166326498}, "datetime": {"datetime": "2024-04-12 20:03:29", "elapsed": 6.750956, "delta": 0.008381}}
{"target": -172.31418729002772, "params": {"gamma": 1.6084806590922747, "prior": 7.190759234148253, "rate": 9.706216365641005}, "datetime": {"datetime": "2024-04-12 20:03:29", "elapsed": 6.759264, "delta": 0.008308}}
{"target": -505.7565487839514, "params": {"gamma": 9.295574214746894, "prior": 9.020563234885856, "rate": 1.2783053957220292}, "datetime": {"datetime": "2024-04-12 20:03:29", "elapsed": 6.767676, "delta": 0.008412}}
{"target": -185.43063899512273, "params": {"gamma": 1.4601432517979631, "prior": 0.8154210924672393, "rate": 5.425859791214765}, "datetime": {"datetime": "2024-04-12 20:03:29", "elapsed": 6.776031, "delta": 0.008355}}
{"target": -580.3545709558588, "params": {"gamma": 8.824979242850812, "prior": 5.364739810662196, "rate": 7.817371138674004}, "datetime": {"datetime": "2024-04-12 20:03:30", "elapsed": 6.784436, "delta": 0.008405}}
{"target": -172.51759715490616, "params": {"gamma": 1.8853494153257044, "prior": 8.644801475646716, "rate": 1.8750602824827893}, "datetime": {"datetime": "2024-04-12 20:03:30", "elapsed": 6.792756, "delta": 0.00832}}
{"target": -138.52348610490034, "params": {"gamma": 0.548586496539166, "prior": 4.2727610032381715, "rate": 5.551489195654376}, "datetime": {"datetime": "2024-04-12 20:03:30", "elapsed": 6.801138, "delta": 0.008382}}
{"target": -746.6687039183131, "params": {"gamma": 9.707449353204424, "prior": 1.0083629510677956, "rate": 2.7399070142023203}, "datetime": {"datetime": "2024-04-12 20:03:30", "elapsed": 6.80956, "delta": 0.008422}}
{"target": -149.22229296335092, "params": {"gamma": 1.0519655837514126, "prior": 3.9653524037024024, "rate": 2.890821820794509}, "datetime": {"datetime": "2024-04-12 20:03:30", "elapsed": 6.818087, "delta": 0.008527}}
{"target": -407.53869101590806, "params": {"gamma": 5.133490194329599, "prior": 3.547741149332395, "rate": 9.28235195448276}, "datetime": {"datetime": "2024-04-12 20:03:30", "elapsed": 6.826463, "delta": 0.008376}}
{"target": -434.33547199616464, "params": {"gamma": 7.8996880160340215, "prior": 8.624012549278358, "rate": 1.2958799584830156}, "datetime": {"datetime": "2024-04-12 20:03:30", "elapsed": 6.834861, "delta": 0.008398}}
{"target": -486.94449913668905, "params": {"gamma": 5.751126599720151, "prior": 2.2263471052601016, "rate": 8.682517475837448}, "datetime": {"datetime": "2024-04-12 20:03:30", "elapsed": 6.843113, "delta": 0.008252}}
{"target": -138.6583822719516, "params": {"gamma": 0.15117919811248737, "prior": 1.1468677297875165, "rate": 3.761194698397609}, "datetime": {"datetime": "2024-04-12 20:03:30", "elapsed": 6.851524, "delta": 0.008411}}
{"target": -244.81173529715602, "params": {"gamma": 4.021536967025843, "prior": 2.8444788214889583, "rate": 0.9615339246006319}, "datetime": {"datetime": "2024-04-12 20:03:30", "elapsed": 6.859831, "delta": 0.008307}}
{"target": -161.81147182476508, "params": {"gamma": 1.1881853207208233, "prior": 3.2476530630886056, "rate": 9.507977547943128}, "datetime": {"datetime": "2024-04-12 20:03:30", "elapsed": 6.868223, "delta": 0.008392}}
{"target": -177.00996346679514, "params": {"gamma": 2.0748582416284203, "prior": 7.498075178486302, "rate": 2.5826284514108324}, "datetime": {"datetime": "2024-04-12 20:03:30", "elapsed": 6.876573, "delta": 0.00835}}
{"target": -135.33545074981572, "params": {"gamma": 0.37336531585223737, "prior": 0.2589168707539145, "rate": 1.5279066058805837}, "datetime": {"datetime": "2024-04-12 20:03:30", "elapsed": 6.885003, "delta": 0.00843}}
{"target": -300.34777132700054, "params": {"gamma": 4.621379845784425, "prior": 7.58342086562427, "rate": 7.2884205045195944}, "datetime": {"datetime": "2024-04-12 20:03:30", "elapsed": 6.893342, "delta": 0.008339}}
{"target": -274.9864929565485, "params": {"gamma": 3.524542035387884, "prior": 4.843478859752845, "rate": 8.140923460003277}, "datetime": {"datetime": "2024-04-12 20:03:30", "elapsed": 6.901857, "delta": 0.008515}}
{"target": -530.4956539900252, "params": {"gamma": 8.384190660883412, "prior": 3.2671753341380563, "rate": 0.043645919052664246}, "datetime": {"datetime": "2024-04-12 20:03:30", "elapsed": 6.910247, "delta": 0.00839}}
{"target": -143.0054746716988, "params": {"gamma": 0.4702615014191002, "prior": 7.404293038279442, "rate": 2.7270501784440078}, "datetime": {"datetime": "2024-04-12 20:03:30", "elapsed": 6.918733, "delta": 0.008486}}
{"target": -419.5159163221819, "params": {"gamma": 4.815376636054336, "prior": 2.0011095337083287, "rate": 8.471282047905861}, "datetime": {"datetime": "2024-04-12 20:03:30", "elapsed": 6.927173, "delta": 0.00844}}
{"target": -289.91142156281524, "params": {"gamma": 5.034272718755895, "prior": 5.318885739650387, "rate": 2.881507801269463}, "datetime": {"datetime": "2024-04-12 20:03:30", "elapsed": 6.935536, "delta": 0.008363}}
{"target": -531.2941590585085, "params": {"gamma": 5.120480307408566, "prior": 0.1194400892869483, "rate": 2.7736731083917574}, "datetime": {"datetime": "2024-04-12 20:03:30", "elapsed": 6.943919, "delta": 0.008383}}
{"target": -225.22837078076878, "params": {"gamma": 3.488281072400821, "prior": 2.9111137742614566, "rate": 0.8604363235466009}, "datetime": {"datetime": "2024-04-12 20:03:30", "elapsed": 6.952251, "delta": 0.008332}}
{"target": -345.9065052325052, "params": {"gamma": 5.2182903111313514, "prior": 7.9059434203978, "rate": 9.426041757646109}, "datetime": {"datetime": "2024-04-12 20:03:30", "elapsed": 6.960591, "delta": 0.00834}}
{"target": -284.60019107418196, "params": {"gamma": 4.973400631374519, "prior": 5.9781631977188905, "rate": 2.9093085181668954}, "datetime": {"datetime": "2024-04-12 20:03:30", "elapsed": 6.969031, "delta": 0.00844}}
{"target": -184.65399333326593, "params": {"gamma": 1.492445929692968, "prior": 1.4055297382115668, "rate": 7.323875397919708}, "datetime": {"datetime": "2024-04-12 20:03:30", "elapsed": 6.977529, "delta": 0.008498}}
{"target": -544.63200163552, "params": {"gamma": 7.344959884063995, "prior": 1.8755651647026885, "rate": 4.136190237378143}, "datetime": {"datetime": "2024-04-12 20:03:30", "elapsed": 6.985961, "delta": 0.008432}}
{"target": -534.2867843332897, "params": {"gamma": 5.941849134587504, "prior": 1.3402912672428726, "rate": 7.85390412973879}, "datetime": {"datetime": "2024-04-12 20:03:30", "elapsed": 6.994501, "delta": 0.00854}}
{"target": -393.7877687832125, "params": {"gamma": 6.20030204099907, "prior": 6.190694745933699, "rate": 7.012379711094405}, "datetime": {"datetime": "2024-04-12 20:03:30", "elapsed": 7.002848, "delta": 0.008347}}
{"target": -654.1038469309273, "params": {"gamma": 9.871843637581678, "prior": 5.667705113976064, "rate": 8.644298200721781}, "datetime": {"datetime": "2024-04-12 20:03:30", "elapsed": 7.011295, "delta": 0.008447}}
{"target": -301.98357182732354, "params": {"gamma": 4.187668041896602, "prior": 6.5792465771516, "rate": 9.252686617399803}, "datetime": {"datetime": "2024-04-12 20:03:30", "elapsed": 7.019742, "delta": 0.008447}}
{"target": -484.4729272492898, "params": {"gamma": 6.64184400562511, "prior": 3.1004986918363557, "rate": 6.199836992922438}, "datetime": {"datetime": "2024-04-12 20:03:30", "elapsed": 7.028181, "delta": 0.008439}}
{"target": -279.3188090816409, "params": {"gamma": 3.5138318852615673, "prior": 3.2914300838307535, "rate": 6.102440382404956}, "datetime": {"datetime": "2024-04-12 20:03:30", "elapsed": 7.036654, "delta": 0.008473}}
{"target": -176.90398620342668, "params": {"gamma": 1.6040719966518822, "prior": 4.918715464001758, "rate": 9.456397215578926}, "datetime": {"datetime": "2024-04-12 20:03:30", "elapsed": 7.045035, "delta": 0.008381}}
{"target": -313.09589806388874, "params": {"gamma": 3.839758505543401, "prior": 1.9707296731335333, "rate": 4.688920657472168}, "datetime": {"datetime": "2024-04-12 20:03:30", "elapsed": 7.053489, "delta": 0.008454}}
{"target": -493.16305982309734, "params": {"gamma": 8.409237406703872, "prior": 8.442410453690822, "rate": 8.278204591352763}, "datetime": {"datetime": "2024-04-12 20:03:30", "elapsed": 7.061924, "delta": 0.008435}}
{"target": -139.76464187768346, "params": {"gamma": 0.11574365054552785, "prior": 2.7436990682901228, "rate": 9.99875799995505}, "datetime": {"datetime": "2024-04-12 20:03:30", "elapsed": 7.070298, "delta": 0.008374}}
{"target": -157.11301012590573, "params": {"gamma": 1.1977130886476726, "prior": 4.951886011267569, "rate": 7.900471479876251}, "datetime": {"datetime": "2024-04-12 20:03:30", "elapsed": 7.078709, "delta": 0.008411}}
{"target": -153.88269402017403, "params": {"gamma": 1.223016887028468, "prior": 6.657850888843354, "rate": 4.881316374767721}, "datetime": {"datetime": "2024-04-12 20:03:30", "elapsed": 7.087122, "delta": 0.008413}}
{"target": -174.5148331391068, "params": {"gamma": 1.9437055308797813, "prior": 8.798437263168932, "rate": 1.8156924881797458}, "datetime": {"datetime": "2024-04-12 20:03:30", "elapsed": 7.095521, "delta": 0.008399}}
{"target": -365.47456930749496, "params": {"gamma": 6.390889540088459, "prior": 7.434186094159498, "rate": 5.6271661930456895}, "datetime": {"datetime": "2024-04-12 20:03:30", "elapsed": 7.103932, "delta": 0.008411}}
{"target": -481.214293062377, "params": {"gamma": 6.288786844403314, "prior": 1.2777574265578442, "rate": 3.0810618335582585}, "datetime": {"datetime": "2024-04-12 20:03:30", "elapsed": 7.112349, "delta": 0.008417}}
{"target": -413.86964285369794, "params": {"gamma": 5.870035110089563, "prior": 4.015090791444363, "rate": 6.639796868246575}, "datetime": {"datetime": "2024-04-12 20:03:30", "elapsed": 7.120782, "delta": 0.008433}}
{"target": -727.7105482116509, "params": {"gamma": 8.519694493398179, "prior": 1.9831986841906173, "rate": 9.032823736002479}, "datetime": {"datetime": "2024-04-12 20:03:30", "elapsed": 7.129214, "delta": 0.008432}}
{"target": -248.12055442324802, "params": {"gamma": 3.8323753284605018, "prior": 9.43693087420972, "rate": 6.174205747936627}, "datetime": {"datetime": "2024-04-12 20:03:30", "elapsed": 7.13769, "delta": 0.008476}}
{"target": -472.28577228875463, "params": {"gamma": 7.901165115937855, "prior": 5.1962767408949375, "rate": 5.311915799238696}, "datetime": {"datetime": "2024-04-12 20:03:30", "elapsed": 7.146158, "delta": 0.008468}}
{"target": -284.12965174511726, "params": {"gamma": 3.276611393760953, "prior": 1.3807106015508195, "rate": 3.8388352966923764}, "datetime": {"datetime": "2024-04-12 20:03:30", "elapsed": 7.154559, "delta": 0.008401}}
{"target": -232.0123493267345, "params": {"gamma": 2.1505498314359848, "prior": 0.4253660332309741, "rate": 2.7495934114227696}, "datetime": {"datetime": "2024-04-12 20:03:30", "elapsed": 7.162946, "delta": 0.008387}}
{"target": -177.78651807389684, "params": {"gamma": 1.8065799506159026, "prior": 8.767750118877416, "rate": 0.8132843877516185}, "datetime": {"datetime": "2024-04-12 20:03:30", "elapsed": 7.171393, "delta": 0.008447}}
{"target": -181.7014650181447, "params": {"gamma": 1.8397720952197505, "prior": 7.069903885809709, "rate": 9.192339684311714}, "datetime": {"datetime": "2024-04-12 20:03:30", "elapsed": 7.179861, "delta": 0.008468}}
{"target": -290.20956329905067, "params": {"gamma": 2.515333063867109, "prior": 0.3108812014676776, "rate": 9.605084223078242}, "datetime": {"datetime": "2024-04-12 20:03:30", "elapsed": 7.188295, "delta": 0.008434}}
{"target": -460.44929081109257, "params": {"gamma": 6.8225241840990325, "prior": 3.175560691032173, "rate": 4.724262048710183}, "datetime": {"datetime": "2024-04-12 20:03:30", "elapsed": 7.196627, "delta": 0.008332}}
{"target": -455.681478541996, "params": {"gamma": 5.992959482913756, "prior": 3.801298863446888, "rate": 8.74500347841515}, "datetime": {"datetime": "2024-04-12 20:03:30", "elapsed": 7.205088, "delta": 0.008461}}
{"target": -371.1264944809247, "params": {"gamma": 7.261999710487967, "prior": 9.547972975779691, "rate": 3.5113041629592687}, "datetime": {"datetime": "2024-04-12 20:03:30", "elapsed": 7.213595, "delta": 0.008507}}
{"target": -597.2201269151693, "params": {"gamma": 9.37180371312909, "prior": 4.843095684834866, "rate": 6.423584063846066}, "datetime": {"datetime": "2024-04-12 20:03:30", "elapsed": 7.222083, "delta": 0.008488}}
{"target": -380.0868451345745, "params": {"gamma": 7.36673540034412, "prior": 8.112445893156233, "rate": 3.963197413459656}, "datetime": {"datetime": "2024-04-12 20:03:30", "elapsed": 7.230537, "delta": 0.008454}}
{"target": -288.4042704149926, "params": {"gamma": 4.480011839169197, "prior": 8.191042558516232, "rate": 7.175854473706459}, "datetime": {"datetime": "2024-04-12 20:03:30", "elapsed": 7.238958, "delta": 0.008421}}
{"target": -494.60044123761645, "params": {"gamma": 9.408551244537064, "prior": 9.798018927036628, "rate": 1.7899544503221003}, "datetime": {"datetime": "2024-04-12 20:03:30", "elapsed": 7.247417, "delta": 0.008459}}
{"target": -196.56082495610576, "params": {"gamma": 2.2799661987157394, "prior": 7.188265828062564, "rate": 7.474079963807781}, "datetime": {"datetime": "2024-04-12 20:03:30", "elapsed": 7.25589, "delta": 0.008473}}
{"target": -324.61188630330054, "params": {"gamma": 6.032192362771022, "prior": 8.785267665792963, "rate": 2.5206526306452743}, "datetime": {"datetime": "2024-04-12 20:03:30", "elapsed": 7.264208, "delta": 0.008318}}
{"target": -229.8228825742234, "params": {"gamma": 3.3955344555736273, "prior": 4.997003796258398, "rate": 3.150955862596707}, "datetime": {"datetime": "2024-04-12 20:03:30", "elapsed": 7.272748, "delta": 0.00854}}
{"target": -300.0268850775597, "params": {"gamma": 5.454845454328703, "prior": 6.856532985049649, "rate": 2.2044486446357947}, "datetime": {"datetime": "2024-04-12 20:03:30", "elapsed": 7.281237, "delta": 0.008489}}
{"target": -276.502234742543, "params": {"gamma": 4.853889202229838, "prior": 9.930515440611035, "rate": 3.242288870509168}, "datetime": {"datetime": "2024-04-12 20:03:30", "elapsed": 7.289722, "delta": 0.008485}}
{"target": -140.57358130957127, "params": {"gamma": 0.35458383299364826, "prior": 8.19178211991173, "rate": 5.033564529213024}, "datetime": {"datetime": "2024-04-12 20:03:30", "elapsed": 7.298255, "delta": 0.008533}}
{"target": -142.24690364545324, "params": {"gamma": 0.5287857773295865, "prior": 8.914019769519989, "rate": 4.045739285423598}, "datetime": {"datetime": "2024-04-12 20:03:30", "elapsed": 7.306665, "delta": 0.00841}}
