{"target": -228.486413941812, "params": {"gamma": 2.351541289225017, "lr": 0.461602080891622}, "datetime": {"datetime": "2024-04-03 23:31:57", "elapsed": 1.652813, "delta": 0.002933}}
{"target": -709.1945788297543, "params": {"gamma": 1.9867164390362086, "lr": 0.0254762357788203}, "datetime": {"datetime": "2024-04-03 23:31:57", "elapsed": 1.65578, "delta": 0.002967}}
{"target": -901.4707882905882, "params": {"gamma": 7.294247584863271, "lr": 0.7249167472191191}, "datetime": {"datetime": "2024-04-03 23:31:57", "elapsed": 1.65873, "delta": 0.00295}}
{"target": -446.2619036330554, "params": {"gamma": 3.304587071870666, "lr": 0.8434941260636555}, "datetime": {"datetime": "2024-04-03 23:31:57", "elapsed": 1.661642, "delta": 0.002912}}
{"target": -577.1182016944342, "params": {"gamma": 4.284996317034784, "lr": 0.8646861447635343}, "datetime": {"datetime": "2024-04-03 23:31:57", "elapsed": 1.6646, "delta": 0.002958}}
{"target": -654.1680989158555, "params": {"gamma": 6.570997180804273, "lr": 0.5810356574180902}, "datetime": {"datetime": "2024-04-03 23:31:57", "elapsed": 1.66766, "delta": 0.00306}}
{"target": -222.45007999390123, "params": {"gamma": 2.008074152862875, "lr": 0.5295466104783949}, "datetime": {"datetime": "2024-04-03 23:31:57", "elapsed": 1.670876, "delta": 0.003216}}
{"target": -725.6778196827443, "params": {"gamma": 8.944429751857296, "lr": 0.30499397583521604}, "datetime": {"datetime": "2024-04-03 23:31:57", "elapsed": 1.673966, "delta": 0.00309}}
{"target": -1221.488496931794, "params": {"gamma": 8.709585146001372, "lr": 0.9087452728583881}, "datetime": {"datetime": "2024-04-03 23:31:57", "elapsed": 1.676944, "delta": 0.002978}}
{"target": -393.085396309485, "params": {"gamma": 3.2991157822561417, "lr": 0.6830743663365642}, "datetime": {"datetime": "2024-04-03 23:31:57", "elapsed": 1.6798, "delta": 0.002856}}
{"target": -3054.3548948890093, "params": {"gamma": 8.992310274710121, "lr": 0.07569688175830336}, "datetime": {"datetime": "2024-04-03 23:31:57", "elapsed": 1.682649, "delta": 0.002849}}
{"target": -982.1765350484151, "params": {"gamma": 8.7860000441845, "lr": 0.1908393632684806}, "datetime": {"datetime": "2024-04-03 23:31:57", "elapsed": 1.685538, "delta": 0.002889}}
{"target": -978.3559202254306, "params": {"gamma": 8.497839331269288, "lr": 0.6671187886992039}, "datetime": {"datetime": "2024-04-03 23:31:57", "elapsed": 1.688414, "delta": 0.002876}}
{"target": -442.7611034358747, "params": {"gamma": 3.4440476153050885, "lr": 0.151375569992799}, "datetime": {"datetime": "2024-04-03 23:31:57", "elapsed": 1.691277, "delta": 0.002863}}
{"target": -832.8100392539603, "params": {"gamma": 6.354074243923046, "lr": 0.8477880437147416}, "datetime": {"datetime": "2024-04-03 23:31:57", "elapsed": 1.694139, "delta": 0.002862}}
{"target": -867.3460212317314, "params": {"gamma": 8.218671898265342, "lr": 0.6282395971306578}, "datetime": {"datetime": "2024-04-03 23:31:57", "elapsed": 1.697039, "delta": 0.0029}}
{"target": -945.6299132205974, "params": {"gamma": 9.563058796042565, "lr": 0.5899231270757698}, "datetime": {"datetime": "2024-04-03 23:31:57", "elapsed": 1.699923, "delta": 0.002884}}
{"target": -189.1439473717517, "params": {"gamma": 1.979130013694545, "lr": 0.4293307226164923}, "datetime": {"datetime": "2024-04-03 23:31:57", "elapsed": 1.703078, "delta": 0.003155}}
{"target": -502.6888069618618, "params": {"gamma": 3.3681232410129716, "lr": 0.991945011907281}, "datetime": {"datetime": "2024-04-03 23:31:57", "elapsed": 1.706312, "delta": 0.003234}}
{"target": -563.7441818214469, "params": {"gamma": 3.8029847246765303, "lr": 0.992700873664818}, "datetime": {"datetime": "2024-04-03 23:31:57", "elapsed": 1.709255, "delta": 0.002943}}
{"target": -600.6583894810653, "params": {"gamma": 5.188523703083409, "lr": 0.17227970147712546}, "datetime": {"datetime": "2024-04-03 23:31:57", "elapsed": 1.712224, "delta": 0.002969}}
{"target": -116.23911162480809, "params": {"gamma": 0.7466661384435471, "lr": 0.37030569377388767}, "datetime": {"datetime": "2024-04-03 23:31:57", "elapsed": 1.715156, "delta": 0.002932}}
{"target": -161.1365559959231, "params": {"gamma": 1.235065179287484, "lr": 0.6345187162918416}, "datetime": {"datetime": "2024-04-03 23:31:57", "elapsed": 1.718031, "delta": 0.002875}}
{"target": -611.1607265403939, "params": {"gamma": 4.13978453744836, "lr": 0.9909156325254501}, "datetime": {"datetime": "2024-04-03 23:31:57", "elapsed": 1.720893, "delta": 0.002862}}
{"target": -1150.211098454902, "params": {"gamma": 9.299626280909525, "lr": 0.14923603230975002}, "datetime": {"datetime": "2024-04-03 23:31:57", "elapsed": 1.723786, "delta": 0.002893}}
{"target": -365.79323118608744, "params": {"gamma": 3.9494277431054683, "lr": 0.46157971096238615}, "datetime": {"datetime": "2024-04-03 23:31:57", "elapsed": 1.726678, "delta": 0.002892}}
{"target": -694.4608683067595, "params": {"gamma": 5.609926602464331, "lr": 0.7803635232892685}, "datetime": {"datetime": "2024-04-03 23:31:57", "elapsed": 1.72957, "delta": 0.002892}}
{"target": -427.8673447932003, "params": {"gamma": 4.872451896825164, "lr": 0.4199935520102408}, "datetime": {"datetime": "2024-04-03 23:31:57", "elapsed": 1.732451, "delta": 0.002881}}
{"target": -398.463792721397, "params": {"gamma": 2.6207350474886373, "lr": 0.9108061390867584}, "datetime": {"datetime": "2024-04-03 23:31:57", "elapsed": 1.735602, "delta": 0.003151}}
{"target": -122.9642891131241, "params": {"gamma": 0.22369284381650878, "lr": 0.8211218982189646}, "datetime": {"datetime": "2024-04-03 23:31:57", "elapsed": 1.738873, "delta": 0.003271}}
{"target": -238.96151401781364, "params": {"gamma": 1.8854955282645185, "lr": 0.6857568991725472}, "datetime": {"datetime": "2024-04-03 23:31:57", "elapsed": 1.74202, "delta": 0.003147}}
{"target": -528.5821386903411, "params": {"gamma": 3.552738684007098, "lr": 0.9742126278950913}, "datetime": {"datetime": "2024-04-03 23:31:57", "elapsed": 1.74492, "delta": 0.0029}}
{"target": -173.0660985514859, "params": {"gamma": 1.22859852236475, "lr": 0.18756989261723955}, "datetime": {"datetime": "2024-04-03 23:31:57", "elapsed": 1.747805, "delta": 0.002885}}
{"target": -880.4752146912713, "params": {"gamma": 8.894535312169324, "lr": 0.5834063146082279}, "datetime": {"datetime": "2024-04-03 23:31:57", "elapsed": 1.750688, "delta": 0.002883}}
{"target": -1076.9335219572972, "params": {"gamma": 3.0931546002031376, "lr": 0.0007643854781880233}, "datetime": {"datetime": "2024-04-03 23:31:57", "elapsed": 1.75385, "delta": 0.003162}}
{"target": -304.0675999561054, "params": {"gamma": 2.2767497854842085, "lr": 0.1454036341712357}, "datetime": {"datetime": "2024-04-03 23:31:57", "elapsed": 1.756851, "delta": 0.003001}}
{"target": -297.0889375517736, "params": {"gamma": 2.035134809876536, "lr": 0.8963225568040046}, "datetime": {"datetime": "2024-04-03 23:31:57", "elapsed": 1.759859, "delta": 0.003008}}
{"target": -1062.1342564306033, "params": {"gamma": 8.731070688318136, "lr": 0.7002894376334498}, "datetime": {"datetime": "2024-04-03 23:31:57", "elapsed": 1.762846, "delta": 0.002987}}
{"target": -628.3358172164812, "params": {"gamma": 4.705506263845939, "lr": 0.8271360023322883}, "datetime": {"datetime": "2024-04-03 23:31:57", "elapsed": 1.765786, "delta": 0.00294}}
{"target": -444.02688877391876, "params": {"gamma": 4.958768144455039, "lr": 0.36348868328490525}, "datetime": {"datetime": "2024-04-03 23:31:57", "elapsed": 1.768937, "delta": 0.003151}}
{"target": -417.3392717125704, "params": {"gamma": 2.7567554245058266, "lr": 0.9247408135383717}, "datetime": {"datetime": "2024-04-03 23:31:57", "elapsed": 1.772142, "delta": 0.003205}}
{"target": -358.87053938461025, "params": {"gamma": 3.8705053533286655, "lr": 0.49288087343132025}, "datetime": {"datetime": "2024-04-03 23:31:57", "elapsed": 1.775251, "delta": 0.003109}}
{"target": -359.53107084055665, "params": {"gamma": 2.5451265850419067, "lr": 0.8849665188380633}, "datetime": {"datetime": "2024-04-03 23:31:57", "elapsed": 1.778194, "delta": 0.002943}}
{"target": -320.6616324817394, "params": {"gamma": 3.833251304596062, "lr": 0.29757471531387525}, "datetime": {"datetime": "2024-04-03 23:31:57", "elapsed": 1.78112, "delta": 0.002926}}
{"target": -805.9400470215578, "params": {"gamma": 7.17623202698535, "lr": 0.19086994317230743}, "datetime": {"datetime": "2024-04-03 23:31:57", "elapsed": 1.784137, "delta": 0.003017}}
{"target": -188.47643231096433, "params": {"gamma": 1.1828081008410374, "lr": 0.8369977822135122}, "datetime": {"datetime": "2024-04-03 23:31:57", "elapsed": 1.787164, "delta": 0.003027}}
{"target": -738.9235535508196, "params": {"gamma": 7.441615077773983, "lr": 0.5905205476471171}, "datetime": {"datetime": "2024-04-03 23:31:57", "elapsed": 1.7901, "delta": 0.002936}}
{"target": -278.26194754985823, "params": {"gamma": 2.429672858073742, "lr": 0.6232471451875841}, "datetime": {"datetime": "2024-04-03 23:31:57", "elapsed": 1.79307, "delta": 0.00297}}
{"target": -522.2696947192659, "params": {"gamma": 6.383914852090989, "lr": 0.32756944411232514}, "datetime": {"datetime": "2024-04-03 23:31:57", "elapsed": 1.796053, "delta": 0.002983}}
{"target": -141.66512166391576, "params": {"gamma": 0.6758259413323553, "lr": 0.8805385975643267}, "datetime": {"datetime": "2024-04-03 23:31:57", "elapsed": 1.7991, "delta": 0.003047}}
{"target": -564.5311746281834, "params": {"gamma": 4.60010735401151, "lr": 0.7638727180664299}, "datetime": {"datetime": "2024-04-03 23:31:57", "elapsed": 1.802093, "delta": 0.002993}}
{"target": -266.5957173085723, "params": {"gamma": 2.539632320806454, "lr": 0.5913871822675169}, "datetime": {"datetime": "2024-04-03 23:31:57", "elapsed": 1.805344, "delta": 0.003251}}
{"target": -413.56508175319965, "params": {"gamma": 4.288522808327629, "lr": 0.38210064254913956}, "datetime": {"datetime": "2024-04-03 23:31:57", "elapsed": 1.808429, "delta": 0.003085}}
{"target": -147.3849189724609, "params": {"gamma": 1.2680071250853806, "lr": 0.24426666320897583}, "datetime": {"datetime": "2024-04-03 23:31:57", "elapsed": 1.811588, "delta": 0.003159}}
{"target": -111.8316352814626, "params": {"gamma": 0.7943364880002312, "lr": 0.3028583047175786}, "datetime": {"datetime": "2024-04-03 23:31:57", "elapsed": 1.814608, "delta": 0.00302}}
{"target": -806.2784139931622, "params": {"gamma": 7.417306297515323, "lr": 0.6150157249710488}, "datetime": {"datetime": "2024-04-03 23:31:57", "elapsed": 1.817547, "delta": 0.002939}}
{"target": -2293.525922330576, "params": {"gamma": 6.724438578240325, "lr": 0.00838307952503159}, "datetime": {"datetime": "2024-04-03 23:31:57", "elapsed": 1.82058, "delta": 0.003033}}
{"target": -691.8274545505606, "params": {"gamma": 6.784091345540948, "lr": 0.503180690542887}, "datetime": {"datetime": "2024-04-03 23:31:57", "elapsed": 1.823615, "delta": 0.003035}}
{"target": -282.1737648829151, "params": {"gamma": 2.309853596391308, "lr": 0.17489650898192222}, "datetime": {"datetime": "2024-04-03 23:31:57", "elapsed": 1.826654, "delta": 0.003039}}
{"target": -266.12605271111966, "params": {"gamma": 1.8506446725427474, "lr": 0.8442600050750985}, "datetime": {"datetime": "2024-04-03 23:31:57", "elapsed": 1.829593, "delta": 0.002939}}
{"target": -1416.8567204626818, "params": {"gamma": 9.825915303261548, "lr": 0.9137396248416316}, "datetime": {"datetime": "2024-04-03 23:31:57", "elapsed": 1.832595, "delta": 0.003002}}
{"target": -439.7681721283887, "params": {"gamma": 3.4743468343077555, "lr": 0.7802245796913637}, "datetime": {"datetime": "2024-04-03 23:31:57", "elapsed": 1.835783, "delta": 0.003188}}
{"target": -720.4183888542269, "params": {"gamma": 5.464999452423606, "lr": 0.8164423975559377}, "datetime": {"datetime": "2024-04-03 23:31:57", "elapsed": 1.838992, "delta": 0.003209}}
{"target": -485.8435038038916, "params": {"gamma": 4.8377857849378705, "lr": 0.5899512982994037}, "datetime": {"datetime": "2024-04-03 23:31:57", "elapsed": 1.841996, "delta": 0.003004}}
{"target": -1928.81850236912, "params": {"gamma": 7.872847211795091, "lr": 0.10023464310313235}, "datetime": {"datetime": "2024-04-03 23:31:57", "elapsed": 1.84497, "delta": 0.002974}}
{"target": -471.72466594148494, "params": {"gamma": 5.370534161288567, "lr": 0.36598334666965426}, "datetime": {"datetime": "2024-04-03 23:31:57", "elapsed": 1.847866, "delta": 0.002896}}
{"target": -880.2879282469323, "params": {"gamma": 6.043464129845054, "lr": 0.9588025156370005}, "datetime": {"datetime": "2024-04-03 23:31:57", "elapsed": 1.850786, "delta": 0.00292}}
{"target": -380.3707084972519, "params": {"gamma": 3.9288366270246278, "lr": 0.39297299794161644}, "datetime": {"datetime": "2024-04-03 23:31:57", "elapsed": 1.853675, "delta": 0.002889}}
{"target": -834.9124091432376, "params": {"gamma": 7.9065792989023995, "lr": 0.6450783990854264}, "datetime": {"datetime": "2024-04-03 23:31:57", "elapsed": 1.856569, "delta": 0.002894}}
{"target": -464.5515889020137, "params": {"gamma": 3.9394461945459094, "lr": 0.6889550482302514}, "datetime": {"datetime": "2024-04-03 23:31:57", "elapsed": 1.859469, "delta": 0.0029}}
{"target": -735.2879890297347, "params": {"gamma": 4.040612088934736, "lr": 0.1361131542481221}, "datetime": {"datetime": "2024-04-03 23:31:57", "elapsed": 1.862368, "delta": 0.002899}}
{"target": -405.04117673986497, "params": {"gamma": 4.506982043452673, "lr": 0.3344193926972726}, "datetime": {"datetime": "2024-04-03 23:31:57", "elapsed": 1.865336, "delta": 0.002968}}
{"target": -337.8067789031212, "params": {"gamma": 2.180471331681618, "lr": 0.9257748016364399}, "datetime": {"datetime": "2024-04-03 23:31:57", "elapsed": 1.868287, "delta": 0.002951}}
{"target": -685.8673091236305, "params": {"gamma": 6.896704351396498, "lr": 0.5988208906234219}, "datetime": {"datetime": "2024-04-03 23:31:57", "elapsed": 1.871598, "delta": 0.003311}}
{"target": -760.0196115979226, "params": {"gamma": 7.466828063757928, "lr": 0.5419710617714415}, "datetime": {"datetime": "2024-04-03 23:31:57", "elapsed": 1.874681, "delta": 0.003083}}
{"target": -1016.6649815528059, "params": {"gamma": 7.005630193122407, "lr": 0.9305598192498451}, "datetime": {"datetime": "2024-04-03 23:31:57", "elapsed": 1.877629, "delta": 0.002948}}
{"target": -987.104820890727, "params": {"gamma": 8.626304328357714, "lr": 0.1674418575065213}, "datetime": {"datetime": "2024-04-03 23:31:57", "elapsed": 1.880521, "delta": 0.002892}}
{"target": -923.2699847181957, "params": {"gamma": 2.6321271002148183, "lr": 0.07161027944180454}, "datetime": {"datetime": "2024-04-03 23:31:57", "elapsed": 1.883447, "delta": 0.002926}}
{"target": -876.5089046749838, "params": {"gamma": 9.786749378778312, "lr": 0.23638409866037557}, "datetime": {"datetime": "2024-04-03 23:31:57", "elapsed": 1.886339, "delta": 0.002892}}
{"target": -2092.0490895476664, "params": {"gamma": 6.6063229609300596, "lr": 0.089630698927462}, "datetime": {"datetime": "2024-04-03 23:31:57", "elapsed": 1.889254, "delta": 0.002915}}
{"target": -231.72357177948405, "params": {"gamma": 2.1084986499281, "lr": 0.5028243835184045}, "datetime": {"datetime": "2024-04-03 23:31:57", "elapsed": 1.892219, "delta": 0.002965}}
{"target": -135.51635078835236, "params": {"gamma": 1.0504317296309502, "lr": 0.38887340269472437}, "datetime": {"datetime": "2024-04-03 23:31:57", "elapsed": 1.898997, "delta": 0.006778}}
{"target": -480.4937240957114, "params": {"gamma": 5.3803392136766695, "lr": 0.33920418488509996}, "datetime": {"datetime": "2024-04-03 23:31:57", "elapsed": 1.90935, "delta": 0.010353}}
{"target": -569.6465610540895, "params": {"gamma": 5.559446211054629, "lr": 0.536768321942464}, "datetime": {"datetime": "2024-04-03 23:31:57", "elapsed": 1.918705, "delta": 0.009355}}
{"target": -460.88734794925347, "params": {"gamma": 3.906714376870321, "lr": 0.6962700831011029}, "datetime": {"datetime": "2024-04-03 23:31:57", "elapsed": 1.926031, "delta": 0.007326}}
{"target": -784.9495798489867, "params": {"gamma": 6.785146057525243, "lr": 0.6873031493743899}, "datetime": {"datetime": "2024-04-03 23:31:57", "elapsed": 1.931913, "delta": 0.005882}}
{"target": -500.84933167047825, "params": {"gamma": 5.615351096734943, "lr": 0.3580799140129358}, "datetime": {"datetime": "2024-04-03 23:31:57", "elapsed": 1.940553, "delta": 0.00864}}
{"target": -892.7615533432589, "params": {"gamma": 6.131510241334756, "lr": 0.9357362666081998}, "datetime": {"datetime": "2024-04-03 23:31:57", "elapsed": 1.943813, "delta": 0.00326}}
{"target": -869.7804852012079, "params": {"gamma": 5.969288360934786, "lr": 0.9795901743594252}, "datetime": {"datetime": "2024-04-03 23:31:57", "elapsed": 1.94705, "delta": 0.003237}}
{"target": -552.0803669870235, "params": {"gamma": 4.4106251974683035, "lr": 0.7396119625075467}, "datetime": {"datetime": "2024-04-03 23:31:57", "elapsed": 1.950173, "delta": 0.003123}}
{"target": -120.19522544718635, "params": {"gamma": 0.3770011826173517, "lr": 0.7647266390004861}, "datetime": {"datetime": "2024-04-03 23:31:57", "elapsed": 1.953189, "delta": 0.003016}}
{"target": -1776.64471383812, "params": {"gamma": 5.1832975216877974, "lr": 0.0053165329611032375}, "datetime": {"datetime": "2024-04-03 23:31:57", "elapsed": 1.956303, "delta": 0.003114}}
{"target": -294.69153909586186, "params": {"gamma": 2.772723847721202, "lr": 0.5348322325198115}, "datetime": {"datetime": "2024-04-03 23:31:57", "elapsed": 1.959395, "delta": 0.003092}}
{"target": -2614.0412701368273, "params": {"gamma": 7.679860819934835, "lr": 0.05309259545252509}, "datetime": {"datetime": "2024-04-03 23:31:57", "elapsed": 1.962371, "delta": 0.002976}}
{"target": -723.7332125597295, "params": {"gamma": 5.490985385061347, "lr": 0.800994555798356}, "datetime": {"datetime": "2024-04-03 23:31:57", "elapsed": 1.965386, "delta": 0.003015}}
{"target": -944.4391719733505, "params": {"gamma": 6.496180965729911, "lr": 0.9314470149929107}, "datetime": {"datetime": "2024-04-03 23:31:57", "elapsed": 1.972119, "delta": 0.006733}}
{"target": -108.21139815322728, "params": {"gamma": 0.7482397187025968, "lr": 0.2768064626005866}, "datetime": {"datetime": "2024-04-03 23:31:57", "elapsed": 1.981274, "delta": 0.009155}}
{"target": -1105.567905657858, "params": {"gamma": 9.192455805057469, "lr": 0.7650051482981429}, "datetime": {"datetime": "2024-04-03 23:31:57", "elapsed": 1.987551, "delta": 0.006277}}
{"target": -794.4135984534286, "params": {"gamma": 5.9978037043765156, "lr": 0.8329681438370704}, "datetime": {"datetime": "2024-04-03 23:31:57", "elapsed": 1.993142, "delta": 0.005591}}
{"target": -1294.0223709365541, "params": {"gamma": 8.960538872258445, "lr": 0.9727203528528249}, "datetime": {"datetime": "2024-04-03 23:31:57", "elapsed": 1.997181, "delta": 0.004039}}
{"target": -1801.358069441707, "params": {"gamma": 9.98520655039097, "lr": 0.13964933368410348}, "datetime": {"datetime": "2024-04-03 23:31:57", "elapsed": 2.001236, "delta": 0.004055}}
{"target": -295.42863314307687, "params": {"gamma": 0.7063499053922482, "lr": 0.07346665436012334}, "datetime": {"datetime": "2024-04-03 23:31:57", "elapsed": 2.004882, "delta": 0.003646}}
{"target": -127.63688420869927, "params": {"gamma": 0.14842316520856935, "lr": 0.971820072977926}, "datetime": {"datetime": "2024-04-03 23:31:57", "elapsed": 2.008031, "delta": 0.003149}}
{"target": -163.71999808133228, "params": {"gamma": 0.9485743976558341, "lr": 0.8417368261858497}, "datetime": {"datetime": "2024-04-03 23:31:57", "elapsed": 2.011079, "delta": 0.003048}}
{"target": -623.4279352883328, "params": {"gamma": 6.852044796080089, "lr": 0.4875571674829181}, "datetime": {"datetime": "2024-04-03 23:31:57", "elapsed": 2.014043, "delta": 0.002964}}
{"target": -316.0466255296777, "params": {"gamma": 3.4676021187044235, "lr": 0.35364778706700506}, "datetime": {"datetime": "2024-04-03 23:31:57", "elapsed": 2.017176, "delta": 0.003133}}
{"target": -387.16656233309817, "params": {"gamma": 2.539134984589525, "lr": 0.9110179736986265}, "datetime": {"datetime": "2024-04-03 23:31:57", "elapsed": 2.020242, "delta": 0.003066}}
{"target": -2472.0802414778677, "params": {"gamma": 7.256699812403196, "lr": 0.025925792784269874}, "datetime": {"datetime": "2024-04-03 23:31:57", "elapsed": 2.023236, "delta": 0.002994}}
{"target": -361.6836859436969, "params": {"gamma": 4.615751011217899, "lr": 0.28130127253681136}, "datetime": {"datetime": "2024-04-03 23:31:57", "elapsed": 2.026204, "delta": 0.002968}}
{"target": -122.0544512926732, "params": {"gamma": 0.2906328955928069, "lr": 0.8846818943092944}, "datetime": {"datetime": "2024-04-03 23:31:57", "elapsed": 2.029153, "delta": 0.002949}}
{"target": -627.6053108846479, "params": {"gamma": 7.710282574188869, "lr": 0.32973507924426093}, "datetime": {"datetime": "2024-04-03 23:31:57", "elapsed": 2.032189, "delta": 0.003036}}
{"target": -647.9063574342672, "params": {"gamma": 7.965789316779574, "lr": 0.3246383222029966}, "datetime": {"datetime": "2024-04-03 23:31:57", "elapsed": 2.035374, "delta": 0.003185}}
{"target": -462.3097969956373, "params": {"gamma": 3.0795165557326496, "lr": 0.9281090785007262}, "datetime": {"datetime": "2024-04-03 23:31:57", "elapsed": 2.038692, "delta": 0.003318}}
{"target": -990.1359877419138, "params": {"gamma": 9.769184703296556, "lr": 0.5235553047168928}, "datetime": {"datetime": "2024-04-03 23:31:57", "elapsed": 2.041804, "delta": 0.003112}}
{"target": -1267.9401470237992, "params": {"gamma": 9.519399740511682, "lr": 0.8879964939264646}, "datetime": {"datetime": "2024-04-03 23:31:57", "elapsed": 2.044723, "delta": 0.002919}}
{"target": -455.60293124305366, "params": {"gamma": 5.180807583382493, "lr": 0.3727488020974856}, "datetime": {"datetime": "2024-04-03 23:31:57", "elapsed": 2.047644, "delta": 0.002921}}
{"target": -645.9035547467206, "params": {"gamma": 7.103835428617774, "lr": 0.455643424642054}, "datetime": {"datetime": "2024-04-03 23:31:57", "elapsed": 2.05059, "delta": 0.002946}}
