{"target": -88.7231494445626, "params": {"p_ai": 2.52837648258127, "p_al": 5.229769867658476, "p_ex": 5.330573212529622, "prior": 8.411373710044312, "rate": 9.989479717093614}, "datetime": {"datetime": "2024-04-01 14:32:03", "elapsed": 1147.606371, "delta": 7.360968}}
{"target": -91.48673730303993, "params": {"p_ai": 3.32375212065992, "p_al": 0.001, "p_ex": 8.854725495681897, "prior": 4.2759942275066845, "rate": 5.597303409524997}, "datetime": {"datetime": "2024-04-01 14:32:09", "elapsed": 1153.617193, "delta": 6.010822}}
{"target": -91.39294971980577, "params": {"p_ai": 1.9548640410876492, "p_al": 6.002529545360095, "p_ex": 2.9772974885114527, "prior": 1.0097362397719878, "rate": 8.937179083147822}, "datetime": {"datetime": "2024-04-01 14:32:15", "elapsed": 1159.468819, "delta": 5.851626}}
{"target": -88.60449369557338, "params": {"p_ai": 3.6376430409947367, "p_al": 4.690277566051051, "p_ex": 6.984212519477431, "prior": 6.1012319286882954, "rate": 5.713249328760283}, "datetime": {"datetime": "2024-04-01 14:32:26", "elapsed": 1170.999241, "delta": 11.530422}}
{"target": -96.18099249684367, "params": {"p_ai": 2.050775701905518, "p_al": 4.380988173005522, "p_ex": 2.130369942960843, "prior": 0.5759355294708681, "rate": 6.444663858681078}, "datetime": {"datetime": "2024-04-01 14:32:36", "elapsed": 1180.988623, "delta": 9.989382}}
{"target": -88.1642005459693, "params": {"p_ai": 3.97484923554146, "p_al": 5.507858957239197, "p_ex": 9.827538027607915, "prior": 10.0, "rate": 6.629323484827928}, "datetime": {"datetime": "2024-04-01 14:32:42", "elapsed": 1187.04007, "delta": 6.051447}}
{"target": -94.68591941826813, "params": {"p_ai": 2.8755947096004024, "p_al": 0.8250628655184897, "p_ex": 6.98869547985238, "prior": 1.5644148232488038, "rate": 6.037114370119924}, "datetime": {"datetime": "2024-04-01 14:32:49", "elapsed": 1193.687784, "delta": 6.647714}}
{"target": -93.15084767389104, "params": {"p_ai": 3.639990054618006, "p_al": 3.5379692415868, "p_ex": 4.383886865941476, "prior": 2.5164108742794626, "rate": 4.498899728378179}, "datetime": {"datetime": "2024-04-01 14:32:57", "elapsed": 1201.224384, "delta": 7.5366}}
{"target": -87.34132288752205, "params": {"p_ai": 3.63883171570112, "p_al": 10.0, "p_ex": 10.0, "prior": 9.760618396437692, "rate": 8.589977418333692}, "datetime": {"datetime": "2024-04-01 14:33:08", "elapsed": 1212.274275, "delta": 11.049891}}
{"target": -93.45376823627241, "params": {"p_ai": 1.1874544053369682, "p_al": 8.9677722948381, "p_ex": 9.619779248313206, "prior": 4.4889899443069075, "rate": 4.584446488348062}, "datetime": {"datetime": "2024-04-01 14:33:14", "elapsed": 1218.688923, "delta": 6.414648}}
{"target": -91.03923361469656, "params": {"p_ai": 3.3162537193606823, "p_al": 6.706706983175615, "p_ex": 4.639762484614804, "prior": 1.9818798624638099, "rate": 9.014410771461435}, "datetime": {"datetime": "2024-04-01 14:33:21", "elapsed": 1225.355687, "delta": 6.666764}}
{"target": -89.06779079127955, "params": {"p_ai": 2.830270485828894, "p_al": 4.149108461429312, "p_ex": 6.5162417569386175, "prior": 3.36167420032797, "rate": 8.605524719865581}, "datetime": {"datetime": "2024-04-01 14:33:30", "elapsed": 1234.551004, "delta": 9.195317}}
{"target": -89.22753433162227, "params": {"p_ai": 3.8845731481536596, "p_al": 1.3425585854012516, "p_ex": 8.143695003934697, "prior": 1.8321319207090163, "rate": 0.7542707517504903}, "datetime": {"datetime": "2024-04-01 14:33:41", "elapsed": 1245.989883, "delta": 11.438879}}
{"target": -87.40593845462372, "params": {"p_ai": 2.2133954723319165, "p_al": 9.8648498892142, "p_ex": 4.843971220818565, "prior": 4.8401567760221385, "rate": 8.011351283864121}, "datetime": {"datetime": "2024-04-01 14:33:51", "elapsed": 1255.854343, "delta": 9.86446}}
{"target": -89.48791139004966, "params": {"p_ai": 2.718656755166014, "p_al": 1.5993708626957506, "p_ex": 8.460016004383858, "prior": 10.0, "rate": 5.110161686580601}, "datetime": {"datetime": "2024-04-01 14:34:00", "elapsed": 1264.833802, "delta": 8.979459}}
{"target": -89.74846713142898, "params": {"p_ai": 3.4560880274489927, "p_al": 1.9536637567742552, "p_ex": 6.847661865696568, "prior": 8.72210854620832, "rate": 10.0}, "datetime": {"datetime": "2024-04-01 14:34:07", "elapsed": 1271.99352, "delta": 7.159718}}
{"target": -91.24495034085955, "params": {"p_ai": 3.584236079007005, "p_al": 0.47167110027115516, "p_ex": 8.34811688343627, "prior": 6.202163244487754, "rate": 7.654946630798133}, "datetime": {"datetime": "2024-04-01 14:34:20", "elapsed": 1284.908235, "delta": 12.914715}}
{"target": -86.23721183851295, "params": {"p_ai": 3.3414316641907273, "p_al": 5.315783730603123, "p_ex": 10.0, "prior": 5.803771518063605, "rate": 4.444878186300013}, "datetime": {"datetime": "2024-04-01 14:34:26", "elapsed": 1290.752777, "delta": 5.844542}}
{"target": -99.01373998513235, "params": {"p_ai": 3.3850527823827896, "p_al": 6.4493954566662905, "p_ex": 2.520850426626142, "prior": 2.807093537337075, "rate": 9.48680440312521}, "datetime": {"datetime": "2024-04-01 14:34:34", "elapsed": 1298.901503, "delta": 8.148726}}
{"target": -95.74049673206898, "params": {"p_ai": 0.97812401928553, "p_al": 8.56061712885188, "p_ex": 3.4818985729187446, "prior": 2.980341157082303, "rate": 9.120239541332786}, "datetime": {"datetime": "2024-04-01 14:34:40", "elapsed": 1304.951773, "delta": 6.05027}}
{"target": -91.3960198929326, "params": {"p_ai": 3.708715597748076, "p_al": 0.001, "p_ex": 6.260636652204756, "prior": 8.681395423572145, "rate": 7.843307025892434}, "datetime": {"datetime": "2024-04-01 14:34:46", "elapsed": 1310.514693, "delta": 5.56292}}
{"target": -84.60925908063155, "params": {"p_ai": 3.0924809107587956, "p_al": 9.914266331855071, "p_ex": 10.0, "prior": 4.490202202664194, "rate": 2.8262679886395574}, "datetime": {"datetime": "2024-04-01 14:34:55", "elapsed": 1319.155858, "delta": 8.641165}}
{"target": -90.54307345616148, "params": {"p_ai": 3.378194798592114, "p_al": 4.210567332864376, "p_ex": 8.22805191252142, "prior": 5.90968966394085, "rate": 9.663177090707846}, "datetime": {"datetime": "2024-04-01 14:35:03", "elapsed": 1327.233161, "delta": 8.077303}}
{"target": -94.61858641194362, "params": {"p_ai": 5.053244141468838, "p_al": 3.6896299305838416, "p_ex": 8.643722440536227, "prior": 7.462167115752081, "rate": 4.2195524524477}, "datetime": {"datetime": "2024-04-01 14:35:09", "elapsed": 1333.754855, "delta": 6.521694}}
{"target": -90.63958769970614, "params": {"p_ai": 1.2760338635642894, "p_al": 10.0, "p_ex": 6.736694739895322, "prior": 4.244766413418784, "rate": 4.46396674302511}, "datetime": {"datetime": "2024-04-01 14:35:17", "elapsed": 1341.83844, "delta": 8.083585}}
{"target": -92.21128059573273, "params": {"p_ai": 2.9606491199686453, "p_al": 0.05954022620063736, "p_ex": 5.663743338294589, "prior": 3.3492297756473004, "rate": 8.281459348648536}, "datetime": {"datetime": "2024-04-01 14:35:24", "elapsed": 1348.517012, "delta": 6.678572}}
{"target": -95.43498875821747, "params": {"p_ai": 2.160513903776588, "p_al": 7.059230998382197, "p_ex": 2.7844335548826433, "prior": 0.6716347143505091, "rate": 4.370097536803623}, "datetime": {"datetime": "2024-04-01 14:35:29", "elapsed": 1354.046494, "delta": 5.529482}}
{"target": -87.71238260350978, "params": {"p_ai": 2.6397587867725907, "p_al": 8.865537359918278, "p_ex": 8.289789875374488, "prior": 10.0, "rate": 5.25897636106507}, "datetime": {"datetime": "2024-04-01 14:35:39", "elapsed": 1363.585063, "delta": 9.538569}}
{"target": -96.35713006179367, "params": {"p_ai": 4.632390472949102, "p_al": 9.442760028946603, "p_ex": 5.808913534527923, "prior": 6.208171650970649, "rate": 7.62454778795477}, "datetime": {"datetime": "2024-04-01 14:35:48", "elapsed": 1372.156373, "delta": 8.57131}}
{"target": -87.4029023267442, "params": {"p_ai": 3.1398725525905906, "p_al": 10.0, "p_ex": 6.95747056476095, "prior": 5.652748406604574, "rate": 3.7831436107832683}, "datetime": {"datetime": "2024-04-01 14:35:54", "elapsed": 1378.420118, "delta": 6.263745}}
{"target": -92.85025972469381, "params": {"p_ai": 3.106852024502651, "p_al": 2.6715881537949095, "p_ex": 4.633265932287692, "prior": 6.812198112690277, "rate": 4.94162109342149}, "datetime": {"datetime": "2024-04-01 14:36:00", "elapsed": 1384.732471, "delta": 6.312353}}
{"target": -89.11639960317672, "params": {"p_ai": 3.5513662967766657, "p_al": 10.0, "p_ex": 8.145279693050611, "prior": 9.031919132406838, "rate": 3.4573318174859113}, "datetime": {"datetime": "2024-04-01 14:36:09", "elapsed": 1393.951121, "delta": 9.21865}}
{"target": -93.87422609592822, "params": {"p_ai": 1.2371631667901217, "p_al": 6.7622967780597705, "p_ex": 4.748522290335994, "prior": 6.175537397891964, "rate": 9.447994081726893}, "datetime": {"datetime": "2024-04-01 14:36:19", "elapsed": 1404.064928, "delta": 10.113807}}
{"target": -88.99504001015099, "params": {"p_ai": 2.729355492018719, "p_al": 8.339947876367198, "p_ex": 4.779270052801034, "prior": 5.084066341706888, "rate": 5.913751010046832}, "datetime": {"datetime": "2024-04-01 14:36:28", "elapsed": 1412.701864, "delta": 8.636936}}
{"target": -98.30549746591466, "params": {"p_ai": 0.6531691114086605, "p_al": 9.137059741227475, "p_ex": 5.97268118891039, "prior": 5.197974463071071, "rate": 6.980407750487316}, "datetime": {"datetime": "2024-04-01 14:36:34", "elapsed": 1418.812417, "delta": 6.110553}}
{"target": -90.35367083957138, "params": {"p_ai": 3.122040871606254, "p_al": 3.0258357660307293, "p_ex": 10.0, "prior": 6.851320081204667, "rate": 8.508548973729786}, "datetime": {"datetime": "2024-04-01 14:36:40", "elapsed": 1424.970575, "delta": 6.158158}}
{"target": -88.24939935685336, "params": {"p_ai": 1.9498880893544295, "p_al": 8.980956656120876, "p_ex": 9.29515039926384, "prior": 7.255327743054672, "rate": 8.06770552393973}, "datetime": {"datetime": "2024-04-01 14:36:49", "elapsed": 1433.513629, "delta": 8.543054}}
{"target": -93.4354008920694, "params": {"p_ai": 4.0508330465238505, "p_al": 3.1543693822096004, "p_ex": 10.0, "prior": 5.075887275008124, "rate": 6.36521430284299}, "datetime": {"datetime": "2024-04-01 14:36:56", "elapsed": 1440.309414, "delta": 6.795785}}
{"target": -89.73701236391578, "params": {"p_ai": 4.311548403723485, "p_al": 10.0, "p_ex": 10.0, "prior": 5.277304847937333, "rate": 4.921425753553439}, "datetime": {"datetime": "2024-04-01 14:37:04", "elapsed": 1448.954459, "delta": 8.645045}}
{"target": -100.87242909597143, "params": {"p_ai": 1.230966598614112, "p_al": 0.4299966493044274, "p_ex": 8.92493346252585, "prior": 5.0108158491643575, "rate": 4.729785411326771}, "datetime": {"datetime": "2024-04-01 14:37:11", "elapsed": 1455.656463, "delta": 6.702004}}
{"target": -87.52658539681111, "params": {"p_ai": 2.827719964258021, "p_al": 8.050753293650098, "p_ex": 9.715923330458757, "prior": 8.644132599450991, "rate": 10.0}, "datetime": {"datetime": "2024-04-01 14:37:22", "elapsed": 1466.952917, "delta": 11.296454}}
{"target": -93.5625446370504, "params": {"p_ai": 4.375724345967064, "p_al": 7.5249255986447094, "p_ex": 10.0, "prior": 4.064401308081169, "rate": 5.462177542706808}, "datetime": {"datetime": "2024-04-01 14:37:32", "elapsed": 1476.689592, "delta": 9.736675}}
{"target": -88.01099885660966, "params": {"p_ai": 3.20968586996534, "p_al": 4.675408434060915, "p_ex": 6.822712260716034, "prior": 10.0, "rate": 10.0}, "datetime": {"datetime": "2024-04-01 14:37:41", "elapsed": 1485.656404, "delta": 8.966812}}
{"target": -94.14259161730006, "params": {"p_ai": 1.6880813738524423, "p_al": 0.001, "p_ex": 4.982410470481913, "prior": 7.068497444134696, "rate": 8.606557896372427}, "datetime": {"datetime": "2024-04-01 14:37:51", "elapsed": 1495.659873, "delta": 10.003469}}
{"target": -89.38104409829451, "params": {"p_ai": 3.4727077150401406, "p_al": 7.823862422880468, "p_ex": 6.048404806258015, "prior": 5.9259466891960795, "rate": 10.0}, "datetime": {"datetime": "2024-04-01 14:37:59", "elapsed": 1503.202488, "delta": 7.542615}}
{"target": -88.38318543498816, "params": {"p_ai": 3.610250208287043, "p_al": 7.114878395202691, "p_ex": 10.0, "prior": 6.49453023352033, "rate": 6.87882799433027}, "datetime": {"datetime": "2024-04-01 14:38:05", "elapsed": 1509.254454, "delta": 6.051966}}
{"target": -84.39161278839988, "params": {"p_ai": 2.4603277566635797, "p_al": 10.0, "p_ex": 9.557195316027038, "prior": 2.3383619361329715, "rate": 4.769517543480299}, "datetime": {"datetime": "2024-04-01 14:38:11", "elapsed": 1515.650328, "delta": 6.395874}}
{"target": -92.57471864012511, "params": {"p_ai": 2.7962342550673687, "p_al": 3.366844243731807, "p_ex": 6.023619849748219, "prior": 9.470595367577102, "rate": 3.8450352014483133}, "datetime": {"datetime": "2024-04-01 14:38:24", "elapsed": 1528.237637, "delta": 12.587309}}
{"target": -87.27011142994779, "params": {"p_ai": 2.9231564724685435, "p_al": 6.983863802765081, "p_ex": 7.158860942916485, "prior": 6.110462098694759, "rate": 3.5927258678132574}, "datetime": {"datetime": "2024-04-01 14:38:37", "elapsed": 1541.298603, "delta": 13.060966}}
{"target": -93.56726795753161, "params": {"p_ai": 1.4968338203737308, "p_al": 0.9237015640107502, "p_ex": 5.209571834302053, "prior": 4.8475555188536354, "rate": 8.127695859624035}, "datetime": {"datetime": "2024-04-01 14:38:45", "elapsed": 1549.411265, "delta": 8.112662}}
{"target": -90.70435585512925, "params": {"p_ai": 3.1166675420439827, "p_al": 4.8748508306403195, "p_ex": 5.491817263328274, "prior": 10.0, "rate": 6.446477525747846}, "datetime": {"datetime": "2024-04-01 14:38:53", "elapsed": 1557.752204, "delta": 8.340939}}
{"target": -661.0633040122337, "params": {"p_ai": 1.9368243894059007, "p_al": 1.68876793841451, "p_ex": 3.125371403718684, "prior": 0.001, "rate": 3.8207594051434826}, "datetime": {"datetime": "2024-04-01 14:39:09", "elapsed": 1573.488572, "delta": 15.736368}}
{"target": -92.25461340456812, "params": {"p_ai": 0.736135236690487, "p_al": 3.7753586009634366, "p_ex": 5.07332914149865, "prior": 0.9275863866749047, "rate": 2.5377946417763693}, "datetime": {"datetime": "2024-04-01 14:39:17", "elapsed": 1581.28778, "delta": 7.799208}}
{"target": -91.43003654485533, "params": {"p_ai": 1.7284862929531108, "p_al": 3.195668665216617, "p_ex": 4.382032520277887, "prior": 1.2604886807304634, "rate": 1.61969834658803}, "datetime": {"datetime": "2024-04-01 14:39:26", "elapsed": 1591.034743, "delta": 9.746963}}
{"target": -89.9687013986431, "params": {"p_ai": 1.7823278095861945, "p_al": 3.3997764118778555, "p_ex": 4.724242607348004, "prior": 2.262355820563876, "rate": 3.038507241561563}, "datetime": {"datetime": "2024-04-01 14:39:33", "elapsed": 1597.682238, "delta": 6.647495}}
{"target": -96.82916857664051, "params": {"p_ai": 4.109877209653077, "p_al": 0.7748714446302464, "p_ex": 5.459248766950913, "prior": 1.4772571721377235, "rate": 3.5995020606429176}, "datetime": {"datetime": "2024-04-01 14:39:41", "elapsed": 1605.636196, "delta": 7.953958}}
{"target": -97.76037112227792, "params": {"p_ai": 4.190979894294092, "p_al": 0.8272805911921599, "p_ex": 4.226491983468732, "prior": 0.604320080630836, "rate": 1.5941098720639648}, "datetime": {"datetime": "2024-04-01 14:39:51", "elapsed": 1616.097426, "delta": 10.46123}}
{"target": -94.26134990736861, "params": {"p_ai": 3.0636635566639385, "p_al": 4.4953438178655585, "p_ex": 3.519896137025488, "prior": 1.1973439330369213, "rate": 2.712790689129113}, "datetime": {"datetime": "2024-04-01 14:39:57", "elapsed": 1621.751862, "delta": 5.654436}}
{"target": -92.20952577074615, "params": {"p_ai": 3.0017570723422042, "p_al": 1.707040456437138, "p_ex": 4.931584039097644, "prior": 1.4459771060301831, "rate": 6.369645749612162}, "datetime": {"datetime": "2024-04-01 14:40:02", "elapsed": 1627.052092, "delta": 5.30023}}
{"target": -95.33673765741909, "params": {"p_ai": 2.141249580607017, "p_al": 1.3869310837128235, "p_ex": 5.168965586213055, "prior": 0.7279647787141511, "rate": 0.39395309079906365}, "datetime": {"datetime": "2024-04-01 14:40:09", "elapsed": 1633.362744, "delta": 6.310652}}
{"target": -112.83316831990108, "params": {"p_ai": 0.06934258896779683, "p_al": 2.0731152664920423, "p_ex": 5.625147735868058, "prior": 1.9633172824333374, "rate": 2.376524211952206}, "datetime": {"datetime": "2024-04-01 14:40:19", "elapsed": 1643.547964, "delta": 10.18522}}
{"target": -91.69914425269639, "params": {"p_ai": 1.5844836936345637, "p_al": 8.885216460090149, "p_ex": 8.000073510578689, "prior": 6.61133662002304, "rate": 4.892976480355346}, "datetime": {"datetime": "2024-04-01 14:40:26", "elapsed": 1650.21631, "delta": 6.668346}}
{"target": -90.88807416579748, "params": {"p_ai": 2.164518950247911, "p_al": 0.4528176503249111, "p_ex": 6.378960074726737, "prior": 1.5428002782385906, "rate": 3.9432319619063985}, "datetime": {"datetime": "2024-04-01 14:40:32", "elapsed": 1656.477334, "delta": 6.261024}}
{"target": -91.62587660902045, "params": {"p_ai": 4.545524966815868, "p_al": 6.968010493552986, "p_ex": 8.311150717064143, "prior": 3.7200054241970215, "rate": 2.7056405007727022}, "datetime": {"datetime": "2024-04-01 14:40:44", "elapsed": 1668.278922, "delta": 11.801588}}
{"target": -89.77077990890297, "params": {"p_ai": 3.226649970328171, "p_al": 2.000489471867391, "p_ex": 5.438502242548642, "prior": 2.7703297448338766, "rate": 4.315255110455174}, "datetime": {"datetime": "2024-04-01 14:40:50", "elapsed": 1674.398708, "delta": 6.119786}}
{"target": -86.57692729890346, "params": {"p_ai": 1.8492319974756675, "p_al": 9.438427405453137, "p_ex": 6.6250756499058365, "prior": 5.924805712905425, "rate": 9.14033332640705}, "datetime": {"datetime": "2024-04-01 14:40:55", "elapsed": 1679.745336, "delta": 5.346628}}
{"target": -108.32766988002724, "params": {"p_ai": 4.678708469107337, "p_al": 0.34198096848536386, "p_ex": 2.8307677610044935, "prior": 1.9916439858514499, "rate": 3.6952861210893464}, "datetime": {"datetime": "2024-04-01 14:41:10", "elapsed": 1694.20292, "delta": 14.457584}}
{"target": -91.89288893009252, "params": {"p_ai": 1.6588669568729482, "p_al": 2.83353449602597, "p_ex": 7.416865822634754, "prior": 6.965840504957613, "rate": 7.65083112305547}, "datetime": {"datetime": "2024-04-01 14:41:15", "elapsed": 1699.744935, "delta": 5.542015}}
{"target": -87.8753542218167, "params": {"p_ai": 2.4089472833361367, "p_al": 2.610009534350242, "p_ex": 6.574929560805379, "prior": 5.358863535675385, "rate": 5.756366220390978}, "datetime": {"datetime": "2024-04-01 14:41:26", "elapsed": 1710.923007, "delta": 11.178072}}
{"target": -92.23715509294489, "params": {"p_ai": 4.520213555526427, "p_al": 4.177584394118712, "p_ex": 10.0, "prior": 8.097892959221971, "rate": 6.58721389063097}, "datetime": {"datetime": "2024-04-01 14:41:36", "elapsed": 1720.550553, "delta": 9.627546}}
{"target": -113.41080915349639, "params": {"p_ai": 3.916977639426172, "p_al": 0.001, "p_ex": 6.445522597939679, "prior": 0.001, "rate": 2.709593396367078}, "datetime": {"datetime": "2024-04-01 14:41:45", "elapsed": 1729.299461, "delta": 8.748908}}
{"target": -88.65335275386118, "params": {"p_ai": 2.5934877403855894, "p_al": 6.187104356059432, "p_ex": 5.242534540707384, "prior": 5.92285479021702, "rate": 5.718871125631075}, "datetime": {"datetime": "2024-04-01 14:41:52", "elapsed": 1736.390467, "delta": 7.091006}}
{"target": -85.53781802172652, "params": {"p_ai": 1.0200252704227561, "p_al": 9.368025968142051, "p_ex": 8.428334093521071, "prior": 1.3693687151248997, "rate": 4.080989640378887}, "datetime": {"datetime": "2024-04-01 14:42:00", "elapsed": 1745.008777, "delta": 8.61831}}
{"target": -86.55512515915511, "params": {"p_ai": 3.6315496131439695, "p_al": 5.630993021009519, "p_ex": 10.0, "prior": 8.131767225436501, "rate": 4.6210251948467445}, "datetime": {"datetime": "2024-04-01 14:42:07", "elapsed": 1751.89758, "delta": 6.888803}}
{"target": -90.01610425458749, "params": {"p_ai": 1.896162541007371, "p_al": 5.780283156355386, "p_ex": 9.205379377032182, "prior": 5.624087311757124, "rate": 8.915550582724158}, "datetime": {"datetime": "2024-04-01 14:42:14", "elapsed": 1758.181274, "delta": 6.283694}}
{"target": -95.46800950647574, "params": {"p_ai": 0.7987738672855956, "p_al": 7.212569947508578, "p_ex": 9.032025839890963, "prior": 3.2514250713723665, "rate": 7.889467229982873}, "datetime": {"datetime": "2024-04-01 14:42:26", "elapsed": 1770.751522, "delta": 12.570248}}
{"target": -90.03625891231505, "params": {"p_ai": 2.563938726535744, "p_al": 1.5925805383951586, "p_ex": 10.0, "prior": 4.04890419607469, "rate": 2.1391560367001663}, "datetime": {"datetime": "2024-04-01 14:42:32", "elapsed": 1776.946328, "delta": 6.194806}}
{"target": -83.37861673990274, "params": {"p_ai": 2.109830609168988, "p_al": 6.376913253225991, "p_ex": 6.72065284375125, "prior": 1.5291491681361462, "rate": 3.521487401379909}, "datetime": {"datetime": "2024-04-01 14:42:39", "elapsed": 1784.041028, "delta": 7.0947}}
{"target": -126.93021226539146, "params": {"p_ai": 2.6691572956777523, "p_al": 1.2727790468277467, "p_ex": 3.1284034679718618, "prior": 1.0273852412107152, "rate": 0.001}, "datetime": {"datetime": "2024-04-01 14:42:49", "elapsed": 1793.152418, "delta": 9.11139}}
{"target": -89.78809531574973, "params": {"p_ai": 3.894926849320118, "p_al": 0.001, "p_ex": 8.29314243293856, "prior": 8.761318000710785, "rate": 3.7611747869447836}, "datetime": {"datetime": "2024-04-01 14:42:58", "elapsed": 1802.493672, "delta": 9.341254}}
{"target": -88.89194134645628, "params": {"p_ai": 3.833505156254171, "p_al": 10.0, "p_ex": 7.8879943695398635, "prior": 2.4419582205326034, "rate": 4.266212283978142}, "datetime": {"datetime": "2024-04-01 14:43:09", "elapsed": 1813.513371, "delta": 11.019699}}
{"target": -95.79484501689066, "params": {"p_ai": 2.5555123939029474, "p_al": 1.1762728700482499, "p_ex": 2.7371308147955364, "prior": 0.4277948167419018, "rate": 9.257386938968923}, "datetime": {"datetime": "2024-04-01 14:43:15", "elapsed": 1819.232872, "delta": 5.719501}}
