{"target": -923.3930666011374, "params": {"gamma": 4.676032980600331, "lr": 0.6669425431939752}, "datetime": {"datetime": "2024-04-04 21:00:54", "elapsed": 2.834323, "delta": 0.003149}}
{"target": -723.6311401869679, "params": {"gamma": 4.534320887795462, "lr": 0.5257115913414097}, "datetime": {"datetime": "2024-04-04 21:00:54", "elapsed": 2.837641, "delta": 0.003318}}
{"target": -990.2675066584214, "params": {"gamma": 6.586021847542061, "lr": 0.18119538195386165}, "datetime": {"datetime": "2024-04-04 21:00:54", "elapsed": 2.840853, "delta": 0.003212}}
{"target": -1318.6469896097387, "params": {"gamma": 7.8807074621719, "lr": 0.6028653375383973}, "datetime": {"datetime": "2024-04-04 21:00:54", "elapsed": 2.844329, "delta": 0.003476}}
{"target": -830.9774617376869, "params": {"gamma": 9.80334851848814, "lr": 0.22238319353117575}, "datetime": {"datetime": "2024-04-04 21:00:54", "elapsed": 2.847835, "delta": 0.003506}}
{"target": -1202.3339346275495, "params": {"gamma": 4.663198475191569, "lr": 0.8956418025994466}, "datetime": {"datetime": "2024-04-04 21:00:54", "elapsed": 2.850972, "delta": 0.003137}}
{"target": -1199.8893384269795, "params": {"gamma": 6.014732663578183, "lr": 0.725958845848815}, "datetime": {"datetime": "2024-04-04 21:00:54", "elapsed": 2.854167, "delta": 0.003195}}
{"target": -819.3160412082236, "params": {"gamma": 4.137287971849402, "lr": 0.6843096218313198}, "datetime": {"datetime": "2024-04-04 21:00:54", "elapsed": 2.857328, "delta": 0.003161}}
{"target": -871.7175858452831, "params": {"gamma": 9.460604243445784, "lr": 0.20018606573932207}, "datetime": {"datetime": "2024-04-04 21:00:54", "elapsed": 2.860522, "delta": 0.003194}}
{"target": -2119.1536668052017, "params": {"gamma": 8.073845273509328, "lr": 0.9695380120998964}, "datetime": {"datetime": "2024-04-04 21:00:54", "elapsed": 2.86368, "delta": 0.003158}}
{"target": -136.63510908721096, "params": {"gamma": 0.146672748901554, "lr": 0.21520958659442757}, "datetime": {"datetime": "2024-04-04 21:00:54", "elapsed": 2.86699, "delta": 0.00331}}
{"target": -295.2207158311393, "params": {"gamma": 1.1746518262109842, "lr": 0.7674235177414532}, "datetime": {"datetime": "2024-04-04 21:00:54", "elapsed": 2.870326, "delta": 0.003336}}
{"target": -248.677802427661, "params": {"gamma": 0.8130846428413901, "lr": 0.9984135585909075}, "datetime": {"datetime": "2024-04-04 21:00:54", "elapsed": 2.87362, "delta": 0.003294}}
{"target": -1007.4150283394597, "params": {"gamma": 3.8967305467771722, "lr": 0.9052027659330404}, "datetime": {"datetime": "2024-04-04 21:00:54", "elapsed": 2.877107, "delta": 0.003487}}
{"target": -293.8113781946567, "params": {"gamma": 1.886587457391179, "lr": 0.44087219982229087}, "datetime": {"datetime": "2024-04-04 21:00:54", "elapsed": 2.880661, "delta": 0.003554}}
{"target": -1408.456545731578, "params": {"gamma": 8.448273378243028, "lr": 0.5952697806732562}, "datetime": {"datetime": "2024-04-04 21:00:54", "elapsed": 2.884068, "delta": 0.003407}}
{"target": -737.0900445117354, "params": {"gamma": 4.6221188088168805, "lr": 0.5126497467571176}, "datetime": {"datetime": "2024-04-04 21:00:54", "elapsed": 2.887451, "delta": 0.003383}}
{"target": -818.6173166193161, "params": {"gamma": 5.739281383396582, "lr": 0.4403192075855932}, "datetime": {"datetime": "2024-04-04 21:00:54", "elapsed": 2.890687, "delta": 0.003236}}
{"target": -605.6498406328712, "params": {"gamma": 1.936396018280381, "lr": 0.11396576145918635}, "datetime": {"datetime": "2024-04-04 21:00:54", "elapsed": 2.893866, "delta": 0.003179}}
{"target": -802.3769620556056, "params": {"gamma": 1.5131280457741099, "lr": 0.0524909638531339}, "datetime": {"datetime": "2024-04-04 21:00:54", "elapsed": 2.897185, "delta": 0.003319}}
{"target": -1335.725283463433, "params": {"gamma": 5.587205434225252, "lr": 0.8477210140360106}, "datetime": {"datetime": "2024-04-04 21:00:54", "elapsed": 2.900561, "delta": 0.003376}}
{"target": -1869.5900140145663, "params": {"gamma": 3.5918342699021832, "lr": 0.07531087263581782}, "datetime": {"datetime": "2024-04-04 21:00:54", "elapsed": 2.903865, "delta": 0.003304}}
{"target": -723.5338108372225, "params": {"gamma": 4.257818395439178, "lr": 0.6020078384720013}, "datetime": {"datetime": "2024-04-04 21:00:54", "elapsed": 2.907181, "delta": 0.003316}}
{"target": -1007.7731454465401, "params": {"gamma": 4.254609252290801, "lr": 0.81072123360737}, "datetime": {"datetime": "2024-04-04 21:00:54", "elapsed": 2.910678, "delta": 0.003497}}
{"target": -2386.091918272259, "params": {"gamma": 9.418920575620866, "lr": 0.8699107732683544}, "datetime": {"datetime": "2024-04-04 21:00:54", "elapsed": 2.914199, "delta": 0.003521}}
{"target": -1020.8495745208336, "params": {"gamma": 7.040290983300606, "lr": 0.4702989247821753}, "datetime": {"datetime": "2024-04-04 21:00:54", "elapsed": 2.917533, "delta": 0.003334}}
{"target": -3542.899907343993, "params": {"gamma": 6.827297730989611, "lr": 0.013418310556529534}, "datetime": {"datetime": "2024-04-04 21:00:54", "elapsed": 2.920864, "delta": 0.003331}}
{"target": -1461.4034479178044, "params": {"gamma": 9.824798706901937, "lr": 0.17207733182889595}, "datetime": {"datetime": "2024-04-04 21:00:54", "elapsed": 2.924176, "delta": 0.003312}}
{"target": -2129.3777897628074, "params": {"gamma": 9.062697699220857, "lr": 0.8071099016661061}, "datetime": {"datetime": "2024-04-04 21:00:54", "elapsed": 2.927399, "delta": 0.003223}}
{"target": -818.1644050038047, "params": {"gamma": 8.00159670418549, "lr": 0.2689360577850649}, "datetime": {"datetime": "2024-04-04 21:00:54", "elapsed": 2.930665, "delta": 0.003266}}
{"target": -333.61913940698264, "params": {"gamma": 2.1923189037668234, "lr": 0.42880069291408873}, "datetime": {"datetime": "2024-04-04 21:00:55", "elapsed": 2.934047, "delta": 0.003382}}
{"target": -1227.074676511201, "params": {"gamma": 8.493861636205818, "lr": 0.45037964247172024}, "datetime": {"datetime": "2024-04-04 21:00:55", "elapsed": 2.937407, "delta": 0.00336}}
{"target": -1039.8321485484657, "params": {"gamma": 9.354265719956611, "lr": 0.352679327251738}, "datetime": {"datetime": "2024-04-04 21:00:55", "elapsed": 2.94077, "delta": 0.003363}}
{"target": -1628.776965187338, "params": {"gamma": 6.194302264801901, "lr": 0.9806990363557802}, "datetime": {"datetime": "2024-04-04 21:00:55", "elapsed": 2.944249, "delta": 0.003479}}
{"target": -3339.901016043835, "params": {"gamma": 6.434981759885809, "lr": 0.04549821604060378}, "datetime": {"datetime": "2024-04-04 21:00:55", "elapsed": 2.94785, "delta": 0.003601}}
{"target": -527.1023065566104, "params": {"gamma": 4.636107352426167, "lr": 0.3347513437136638}, "datetime": {"datetime": "2024-04-04 21:00:55", "elapsed": 2.951113, "delta": 0.003263}}
{"target": -555.0245463341555, "params": {"gamma": 5.322283303668225, "lr": 0.2847462086131314}, "datetime": {"datetime": "2024-04-04 21:00:55", "elapsed": 2.954357, "delta": 0.003244}}
{"target": -269.44036874046805, "params": {"gamma": 1.223490041069798, "lr": 0.6682889887508018}, "datetime": {"datetime": "2024-04-04 21:00:55", "elapsed": 2.957634, "delta": 0.003277}}
{"target": -1729.7796294271204, "params": {"gamma": 6.8139161891581725, "lr": 0.8671392999990885}, "datetime": {"datetime": "2024-04-04 21:00:55", "elapsed": 2.960922, "delta": 0.003288}}
{"target": -328.402713467754, "params": {"gamma": 1.3246825541338114, "lr": 0.798620308278031}, "datetime": {"datetime": "2024-04-04 21:00:55", "elapsed": 2.964207, "delta": 0.003285}}
{"target": -1463.609433428274, "params": {"gamma": 8.267860615312884, "lr": 0.6465499357511519}, "datetime": {"datetime": "2024-04-04 21:00:55", "elapsed": 2.967539, "delta": 0.003332}}
{"target": -243.1897440588007, "params": {"gamma": 2.0500165356605575, "lr": 0.2614207144058379}, "datetime": {"datetime": "2024-04-04 21:00:55", "elapsed": 2.970795, "delta": 0.003256}}
{"target": -670.2127866551924, "params": {"gamma": 4.185549678574218, "lr": 0.5417990727827313}, "datetime": {"datetime": "2024-04-04 21:00:55", "elapsed": 2.974113, "delta": 0.003318}}
{"target": -700.1194247917969, "params": {"gamma": 4.774902117966579, "lr": 0.4674598920453694}, "datetime": {"datetime": "2024-04-04 21:00:55", "elapsed": 2.977579, "delta": 0.003466}}
{"target": -2128.9968398457954, "params": {"gamma": 8.398567261266477, "lr": 0.8701023653075677}, "datetime": {"datetime": "2024-04-04 21:00:55", "elapsed": 2.98118, "delta": 0.003601}}
{"target": -2110.9967343096296, "params": {"gamma": 8.16772288980329, "lr": 0.8778014186346996}, "datetime": {"datetime": "2024-04-04 21:00:55", "elapsed": 2.984606, "delta": 0.003426}}
{"target": -1502.6050576732573, "params": {"gamma": 5.710516610608794, "lr": 0.9640361333390818}, "datetime": {"datetime": "2024-04-04 21:00:55", "elapsed": 2.987899, "delta": 0.003293}}
{"target": -1020.278557096375, "params": {"gamma": 6.065836938156427, "lr": 0.6039477410796814}, "datetime": {"datetime": "2024-04-04 21:00:55", "elapsed": 2.991091, "delta": 0.003192}}
{"target": -637.6762926609076, "params": {"gamma": 3.193658073009114, "lr": 0.681204184117019}, "datetime": {"datetime": "2024-04-04 21:00:55", "elapsed": 2.994277, "delta": 0.003186}}
{"target": -204.96328681334057, "params": {"gamma": 0.5206049193651046, "lr": 0.13454642101194225}, "datetime": {"datetime": "2024-04-04 21:00:55", "elapsed": 2.99745, "delta": 0.003173}}
{"target": -262.81391824271327, "params": {"gamma": 1.303291433560078, "lr": 0.6552012872247357}, "datetime": {"datetime": "2024-04-04 21:00:55", "elapsed": 3.00076, "delta": 0.00331}}
{"target": -226.1984426732432, "params": {"gamma": 1.7541505851216117, "lr": 0.3411468232515472}, "datetime": {"datetime": "2024-04-04 21:00:55", "elapsed": 3.00414, "delta": 0.00338}}
{"target": -130.65595471415224, "params": {"gamma": 0.44407224667521283, "lr": 0.2337343601165106}, "datetime": {"datetime": "2024-04-04 21:00:55", "elapsed": 3.007437, "delta": 0.003297}}
{"target": -1509.2296387391586, "params": {"gamma": 9.642279024168092, "lr": 0.5091394025163677}, "datetime": {"datetime": "2024-04-04 21:00:55", "elapsed": 3.010923, "delta": 0.003486}}
{"target": -269.83839389858844, "params": {"gamma": 1.5115941101958479, "lr": 0.5230085317344643}, "datetime": {"datetime": "2024-04-04 21:00:55", "elapsed": 3.014505, "delta": 0.003582}}
{"target": -2390.1814162040237, "params": {"gamma": 9.435150329726897, "lr": 0.865686014006334}, "datetime": {"datetime": "2024-04-04 21:00:55", "elapsed": 3.017796, "delta": 0.003291}}
{"target": -418.5899724820429, "params": {"gamma": 3.9212666234349385, "lr": 0.28386751597340265}, "datetime": {"datetime": "2024-04-04 21:00:55", "elapsed": 3.021002, "delta": 0.003206}}
{"target": -651.8991962248457, "params": {"gamma": 7.617536897064726, "lr": 0.2404843248030878}, "datetime": {"datetime": "2024-04-04 21:00:55", "elapsed": 3.024481, "delta": 0.003479}}
{"target": -1251.2880012178366, "params": {"gamma": 2.5430693142188665, "lr": 0.08408635417992949}, "datetime": {"datetime": "2024-04-04 21:00:55", "elapsed": 3.027755, "delta": 0.003274}}
{"target": -1248.038829643227, "params": {"gamma": 8.641576803545505, "lr": 0.44789891562027984}, "datetime": {"datetime": "2024-04-04 21:00:55", "elapsed": 3.030994, "delta": 0.003239}}
{"target": -1142.2632650854705, "params": {"gamma": 5.618300819839127, "lr": 0.7367109576935199}, "datetime": {"datetime": "2024-04-04 21:00:55", "elapsed": 3.034315, "delta": 0.003321}}
{"target": -1152.0388793669845, "params": {"gamma": 7.965092182444826, "lr": 0.44750813899031383}, "datetime": {"datetime": "2024-04-04 21:00:55", "elapsed": 3.037637, "delta": 0.003322}}
{"target": -460.87098693642145, "params": {"gamma": 1.8420914342018075, "lr": 0.8287328515283018}, "datetime": {"datetime": "2024-04-04 21:00:55", "elapsed": 3.041012, "delta": 0.003375}}
{"target": -154.43014198511813, "params": {"gamma": 0.3109486003227299, "lr": 0.9467282696079524}, "datetime": {"datetime": "2024-04-04 21:00:55", "elapsed": 3.044511, "delta": 0.003499}}
{"target": -146.2540550981487, "params": {"gamma": 0.001, "lr": 0.0}, "datetime": {"datetime": "2024-04-04 21:00:58", "elapsed": 6.415011, "delta": 3.3705}}
{"target": -344.0548300624862, "params": {"gamma": 3.318642422881963, "lr": 0.31357204887291756}, "datetime": {"datetime": "2024-04-04 21:01:04", "elapsed": 12.319094, "delta": 5.904083}}
{"target": -374.06756752990026, "params": {"gamma": 3.643564991076384, "lr": 0.3004577955985678}, "datetime": {"datetime": "2024-04-04 21:01:07", "elapsed": 15.468592, "delta": 3.149498}}
{"target": -146.3382552125408, "params": {"gamma": 0.0022228787644699433, "lr": 0.14148569444837}, "datetime": {"datetime": "2024-04-04 21:01:11", "elapsed": 19.52122, "delta": 4.052628}}
{"target": -293.00936790480495, "params": {"gamma": 1.0055696489648782, "lr": 0.9947638410372007}, "datetime": {"datetime": "2024-04-04 21:01:14", "elapsed": 22.541137, "delta": 3.019917}}
{"target": -391.23735857294196, "params": {"gamma": 1.4101733946406414, "lr": 0.9974383139315688}, "datetime": {"datetime": "2024-04-04 21:01:19", "elapsed": 27.353608, "delta": 4.812471}}
{"target": -172.86892748709707, "params": {"gamma": 0.6861164570019912, "lr": 0.6286641302176557}, "datetime": {"datetime": "2024-04-04 21:01:26", "elapsed": 34.485726, "delta": 7.132118}}
{"target": -448.1934438132223, "params": {"gamma": 1.6380465426115112, "lr": 0.9989729317783835}, "datetime": {"datetime": "2024-04-04 21:01:31", "elapsed": 39.295355, "delta": 4.809629}}
{"target": -1096.031551861532, "params": {"gamma": 5.532459911594318, "lr": 0.7020481994531945}, "datetime": {"datetime": "2024-04-04 21:01:32", "elapsed": 40.771516, "delta": 1.476161}}
{"target": -230.84563766807503, "params": {"gamma": 1.4853000029868202, "lr": 0.4066836824442297}, "datetime": {"datetime": "2024-04-04 21:01:34", "elapsed": 42.321098, "delta": 1.549582}}
{"target": -212.49797998961157, "params": {"gamma": 1.190052734995669, "lr": 0.48676036410982937}, "datetime": {"datetime": "2024-04-04 21:01:38", "elapsed": 46.879309, "delta": 4.558211}}
{"target": -356.9000858959289, "params": {"gamma": 1.7089159292207925, "lr": 0.6676587191880777}, "datetime": {"datetime": "2024-04-04 21:01:44", "elapsed": 52.299965, "delta": 5.420656}}
{"target": -146.09926674030967, "params": {"gamma": 0.0015745689865474533, "lr": 0.8692443224384971}, "datetime": {"datetime": "2024-04-04 21:01:48", "elapsed": 56.476543, "delta": 4.176578}}
{"target": -160.33185463472122, "params": {"gamma": 0.9919453765826876, "lr": 0.2661854498127}, "datetime": {"datetime": "2024-04-04 21:01:51", "elapsed": 59.5664, "delta": 3.089857}}
{"target": -146.2540550981487, "params": {"gamma": 1.809426233262041, "lr": 0.0}, "datetime": {"datetime": "2024-04-04 21:01:54", "elapsed": 62.342714, "delta": 2.776314}}
{"target": -176.75532221668507, "params": {"gamma": 0.5113424219156483, "lr": 0.8468193142466772}, "datetime": {"datetime": "2024-04-04 21:02:01", "elapsed": 69.092643, "delta": 6.749929}}
{"target": -329.4934067463947, "params": {"gamma": 2.7158813385886194, "lr": 0.3902299990787547}, "datetime": {"datetime": "2024-04-04 21:02:04", "elapsed": 72.877644, "delta": 3.785001}}
{"target": -146.2540550981487, "params": {"gamma": 0.09485601354174121, "lr": 0.0}, "datetime": {"datetime": "2024-04-04 21:02:09", "elapsed": 77.076542, "delta": 4.198898}}
{"target": -543.0920277746212, "params": {"gamma": 2.195616609602122, "lr": 0.832826239704753}, "datetime": {"datetime": "2024-04-04 21:02:10", "elapsed": 78.452556, "delta": 1.376014}}
{"target": -433.14086563321, "params": {"gamma": 4.938059621056279, "lr": 0.24894769035488407}, "datetime": {"datetime": "2024-04-04 21:02:14", "elapsed": 82.457195, "delta": 4.004639}}
{"target": -190.95437765948157, "params": {"gamma": 0.9118340660462275, "lr": 0.548289853478703}, "datetime": {"datetime": "2024-04-04 21:02:17", "elapsed": 84.946794, "delta": 2.489599}}
{"target": -530.5784141238171, "params": {"gamma": 3.569317430766532, "lr": 0.4614805297678809}, "datetime": {"datetime": "2024-04-04 21:02:22", "elapsed": 90.266407, "delta": 5.319613}}
{"target": -486.2716369872151, "params": {"gamma": 5.591083715440701, "lr": 0.24984061867638996}, "datetime": {"datetime": "2024-04-04 21:02:25", "elapsed": 93.479554, "delta": 3.213147}}
{"target": -677.5496781867552, "params": {"gamma": 4.614963540072418, "lr": 0.487979895010642}, "datetime": {"datetime": "2024-04-04 21:02:27", "elapsed": 94.973466, "delta": 1.493912}}
{"target": -203.6474474219069, "params": {"gamma": 1.855598594871498, "lr": 0.22161630589943268}, "datetime": {"datetime": "2024-04-04 21:02:33", "elapsed": 101.716703, "delta": 6.743237}}
{"target": -167.7155348451352, "params": {"gamma": 1.1065225846385311, "lr": 0.26981910412968946}, "datetime": {"datetime": "2024-04-04 21:02:36", "elapsed": 104.041951, "delta": 2.325248}}
{"target": -199.34333495505032, "params": {"gamma": 0.5400231332208668, "lr": 1.0}, "datetime": {"datetime": "2024-04-04 21:02:40", "elapsed": 108.579061, "delta": 4.53711}}
{"target": -429.14001527127164, "params": {"gamma": 2.9071309280723456, "lr": 0.4298591525711195}, "datetime": {"datetime": "2024-04-04 21:02:49", "elapsed": 117.373287, "delta": 8.794226}}
{"target": -142.51623517693085, "params": {"gamma": 0.3682198923821974, "lr": 0.5793193593837745}, "datetime": {"datetime": "2024-04-04 21:02:54", "elapsed": 122.113132, "delta": 4.739845}}
{"target": -209.88391033100478, "params": {"gamma": 1.295339967053043, "lr": 0.406014562630465}, "datetime": {"datetime": "2024-04-04 21:02:58", "elapsed": 126.767926, "delta": 4.654794}}
{"target": -974.9577722784003, "params": {"gamma": 9.999381522524018, "lr": 0.29377237639416987}, "datetime": {"datetime": "2024-04-04 21:03:01", "elapsed": 129.121542, "delta": 2.353616}}
{"target": -477.7345689644209, "params": {"gamma": 1.7551347100269148, "lr": 0.9979950150984102}, "datetime": {"datetime": "2024-04-04 21:03:03", "elapsed": 131.309234, "delta": 2.187692}}
{"target": -805.3209097245189, "params": {"gamma": 7.871053940682139, "lr": 0.27107582811674746}, "datetime": {"datetime": "2024-04-04 21:03:07", "elapsed": 135.556467, "delta": 4.247233}}
{"target": -141.27068634828473, "params": {"gamma": 0.18480402718902264, "lr": 0.7502587288683276}, "datetime": {"datetime": "2024-04-04 21:03:09", "elapsed": 137.092746, "delta": 1.536279}}
{"target": -155.851142253567, "params": {"gamma": 0.05392895915112443, "lr": 0.08358003975503814}, "datetime": {"datetime": "2024-04-04 21:03:11", "elapsed": 139.71419, "delta": 2.621444}}
{"target": -146.2540550981487, "params": {"gamma": 0.587569368114765, "lr": 0.0}, "datetime": {"datetime": "2024-04-04 21:03:16", "elapsed": 143.969352, "delta": 4.255162}}
{"target": -292.2641905537372, "params": {"gamma": 1.0394840381911745, "lr": 0.8747250477123106}, "datetime": {"datetime": "2024-04-04 21:03:20", "elapsed": 148.486662, "delta": 4.51731}}
{"target": -140.3011942079949, "params": {"gamma": 0.09134291314610687, "lr": 0.5181121170269294}, "datetime": {"datetime": "2024-04-04 21:03:24", "elapsed": 152.563196, "delta": 4.076534}}
{"target": -194.57923981778765, "params": {"gamma": 0.7650583136446043, "lr": 0.7074142316860698}, "datetime": {"datetime": "2024-04-04 21:03:27", "elapsed": 155.509839, "delta": 2.946643}}
{"target": -521.014167315577, "params": {"gamma": 1.3166554877228627, "lr": 0.110452304140783}, "datetime": {"datetime": "2024-04-04 21:03:30", "elapsed": 158.924395, "delta": 3.414556}}
{"target": -996.1447525420757, "params": {"gamma": 3.7661192153244967, "lr": 0.9730047216414515}, "datetime": {"datetime": "2024-04-04 21:03:32", "elapsed": 160.396699, "delta": 1.472304}}
{"target": -371.6781898537454, "params": {"gamma": 3.212285737172757, "lr": 0.3746924351797587}, "datetime": {"datetime": "2024-04-04 21:03:35", "elapsed": 163.637476, "delta": 3.240777}}
{"target": -139.76148220913163, "params": {"gamma": 0.08511367775435688, "lr": 0.6848037820221049}, "datetime": {"datetime": "2024-04-04 21:03:39", "elapsed": 167.850783, "delta": 4.213307}}
{"target": -287.93362917464174, "params": {"gamma": 0.9109137621397018, "lr": 1.0}, "datetime": {"datetime": "2024-04-04 21:03:42", "elapsed": 170.566961, "delta": 2.716178}}
{"target": -212.24315477171797, "params": {"gamma": 0.8829820076520609, "lr": 0.6837588415898936}, "datetime": {"datetime": "2024-04-04 21:03:44", "elapsed": 172.113774, "delta": 1.546813}}
{"target": -930.9503768718433, "params": {"gamma": 9.53596333296159, "lr": 0.2985184472892929}, "datetime": {"datetime": "2024-04-04 21:03:49", "elapsed": 177.802893, "delta": 5.689119}}
{"target": -647.5415430261838, "params": {"gamma": 3.5819114077934135, "lr": 0.6402492820455815}, "datetime": {"datetime": "2024-04-04 21:03:55", "elapsed": 182.980867, "delta": 5.177974}}
{"target": -817.1653140617683, "params": {"gamma": 8.337465443522994, "lr": 0.29928645601690496}, "datetime": {"datetime": "2024-04-04 21:04:02", "elapsed": 190.173867, "delta": 7.193}}
{"target": -717.1304683160713, "params": {"gamma": 7.2831823720247595, "lr": 0.3184668093381299}, "datetime": {"datetime": "2024-04-04 21:04:04", "elapsed": 192.192919, "delta": 2.019052}}
{"target": -143.75408512101515, "params": {"gamma": 0.06544313559104808, "lr": 0.19120646776400085}, "datetime": {"datetime": "2024-04-04 21:04:09", "elapsed": 197.394089, "delta": 5.20117}}
{"target": -559.8598078333737, "params": {"gamma": 5.622730859915053, "lr": 0.32794114250738815}, "datetime": {"datetime": "2024-04-04 21:04:11", "elapsed": 199.109257, "delta": 1.715168}}
{"target": -1099.6769044512082, "params": {"gamma": 7.76543352528068, "lr": 0.19624653987318286}, "datetime": {"datetime": "2024-04-04 21:04:12", "elapsed": 200.757471, "delta": 1.648214}}
{"target": -141.61047641889547, "params": {"gamma": 0.06510303810338756, "lr": 0.9303952428078303}, "datetime": {"datetime": "2024-04-04 21:04:16", "elapsed": 204.015508, "delta": 3.258037}}
