{"target": -608.7081361568502, "params": {"gamma": 6.139097026322785, "lr": 0.3241385298974466}, "datetime": {"datetime": "2024-04-04 21:00:53", "elapsed": 0.963223, "delta": 0.00277}}
{"target": -657.4529883578462, "params": {"gamma": 4.574144456728294, "lr": 0.44411710701661444}, "datetime": {"datetime": "2024-04-04 21:00:53", "elapsed": 0.966045, "delta": 0.002822}}
{"target": -1096.8861513074373, "params": {"gamma": 8.281525471954389, "lr": 0.4263481542362306}, "datetime": {"datetime": "2024-04-04 21:00:53", "elapsed": 0.96896, "delta": 0.002915}}
{"target": -688.3714363227098, "params": {"gamma": 3.4576425129338477, "lr": 0.6749716048091052}, "datetime": {"datetime": "2024-04-04 21:00:53", "elapsed": 0.971995, "delta": 0.003035}}
{"target": -343.9286811191833, "params": {"gamma": 2.215599075279554, "lr": 0.4672458239265538}, "datetime": {"datetime": "2024-04-04 21:00:53", "elapsed": 0.974712, "delta": 0.002717}}
{"target": -566.3321934118762, "params": {"gamma": 3.1483421075528404, "lr": 0.6268556021628346}, "datetime": {"datetime": "2024-04-04 21:00:53", "elapsed": 0.977732, "delta": 0.00302}}
{"target": -1266.7947715310522, "params": {"gamma": 8.773727386473432, "lr": 0.4476890001456285}, "datetime": {"datetime": "2024-04-04 21:00:53", "elapsed": 0.980794, "delta": 0.003062}}
{"target": -1134.9694069345821, "params": {"gamma": 7.84478973050044, "lr": 0.4569657005615504}, "datetime": {"datetime": "2024-04-04 21:00:53", "elapsed": 0.983714, "delta": 0.00292}}
{"target": -1620.5043967449612, "params": {"gamma": 6.562637087839597, "lr": 0.13184097502750214}, "datetime": {"datetime": "2024-04-04 21:00:53", "elapsed": 0.986433, "delta": 0.002719}}
{"target": -1129.9563123192752, "params": {"gamma": 4.3303820881695145, "lr": 0.9093119886549367}, "datetime": {"datetime": "2024-04-04 21:00:53", "elapsed": 0.989309, "delta": 0.002876}}
{"target": -1381.2699446112586, "params": {"gamma": 6.055184531308316, "lr": 0.7667745872371021}, "datetime": {"datetime": "2024-04-04 21:00:53", "elapsed": 0.992139, "delta": 0.00283}}
{"target": -738.6223174878493, "params": {"gamma": 5.047501380350848, "lr": 0.49805562482800747}, "datetime": {"datetime": "2024-04-04 21:00:53", "elapsed": 0.994946, "delta": 0.002807}}
{"target": -4371.814130369255, "params": {"gamma": 8.429155502088307, "lr": 0.06780693434095375}, "datetime": {"datetime": "2024-04-04 21:00:53", "elapsed": 0.9978, "delta": 0.002854}}
{"target": -1508.5069812761233, "params": {"gamma": 5.733149443225297, "lr": 0.9427625754329493}, "datetime": {"datetime": "2024-04-04 21:00:53", "elapsed": 1.000676, "delta": 0.002876}}
{"target": -744.4100352836656, "params": {"gamma": 5.179082621675048, "lr": 0.1944658095278845}, "datetime": {"datetime": "2024-04-04 21:00:53", "elapsed": 1.003454, "delta": 0.002778}}
{"target": -865.1963633453336, "params": {"gamma": 8.479545985042318, "lr": 0.25163914235585283}, "datetime": {"datetime": "2024-04-04 21:00:53", "elapsed": 1.006268, "delta": 0.002814}}
{"target": -1103.6645748196781, "params": {"gamma": 7.007559638788898, "lr": 0.5402609403968999}, "datetime": {"datetime": "2024-04-04 21:00:53", "elapsed": 1.009153, "delta": 0.002885}}
{"target": -1583.0620550689227, "params": {"gamma": 9.488414046513915, "lr": 0.6243367024026759}, "datetime": {"datetime": "2024-04-04 21:00:53", "elapsed": 1.012184, "delta": 0.003031}}
{"target": -4346.346695506529, "params": {"gamma": 8.379941642515245, "lr": 0.007932876194523097}, "datetime": {"datetime": "2024-04-04 21:00:53", "elapsed": 1.015202, "delta": 0.003018}}
{"target": -5129.553166645144, "params": {"gamma": 9.893411221610213, "lr": 0.07771457033238649}, "datetime": {"datetime": "2024-04-04 21:00:53", "elapsed": 1.017996, "delta": 0.002794}}
{"target": -854.8508827503507, "params": {"gamma": 3.2219730066340815, "lr": 0.9461523954567653}, "datetime": {"datetime": "2024-04-04 21:00:53", "elapsed": 1.020852, "delta": 0.002856}}
{"target": -140.95786194437773, "params": {"gamma": 0.09038208461007943, "lr": 0.8227300054219355}, "datetime": {"datetime": "2024-04-04 21:00:53", "elapsed": 1.023669, "delta": 0.002817}}
{"target": -1217.3604667184647, "params": {"gamma": 8.612255172029577, "lr": 0.4398308142085725}, "datetime": {"datetime": "2024-04-04 21:00:53", "elapsed": 1.026451, "delta": 0.002782}}
{"target": -614.7126567793464, "params": {"gamma": 2.558196192865506, "lr": 0.8026895196332986}, "datetime": {"datetime": "2024-04-04 21:00:53", "elapsed": 1.029187, "delta": 0.002736}}
{"target": -1187.661883239537, "params": {"gamma": 4.77914218231778, "lr": 0.13433860865569613}, "datetime": {"datetime": "2024-04-04 21:00:53", "elapsed": 1.032039, "delta": 0.002852}}
{"target": -2378.5607822841735, "params": {"gamma": 9.278562079257282, "lr": 0.8959699670066484}, "datetime": {"datetime": "2024-04-04 21:00:53", "elapsed": 1.034825, "delta": 0.002786}}
{"target": -1177.2389882657405, "params": {"gamma": 4.915959955019337, "lr": 0.8567024965177922}, "datetime": {"datetime": "2024-04-04 21:00:53", "elapsed": 1.037757, "delta": 0.002932}}
{"target": -828.7882497719719, "params": {"gamma": 4.1863616796152225, "lr": 0.6834649001663011}, "datetime": {"datetime": "2024-04-04 21:00:53", "elapsed": 1.04057, "delta": 0.002813}}
{"target": -638.8501470577767, "params": {"gamma": 3.9805084034398166, "lr": 0.5057420174508104}, "datetime": {"datetime": "2024-04-04 21:00:53", "elapsed": 1.043567, "delta": 0.002997}}
{"target": -513.5446756012763, "params": {"gamma": 1.896327476636439, "lr": 0.9649889241109139}, "datetime": {"datetime": "2024-04-04 21:00:53", "elapsed": 1.04668, "delta": 0.003113}}
{"target": -1116.6980087144457, "params": {"gamma": 2.9428626667543027, "lr": 0.10345955611640134}, "datetime": {"datetime": "2024-04-04 21:00:53", "elapsed": 1.049552, "delta": 0.002872}}
{"target": -767.4520199892097, "params": {"gamma": 1.4440096868902519, "lr": 0.014092294192442956}, "datetime": {"datetime": "2024-04-04 21:00:53", "elapsed": 1.052413, "delta": 0.002861}}
{"target": -1162.8780306329643, "params": {"gamma": 7.1597410489244835, "lr": 0.5644983202408741}, "datetime": {"datetime": "2024-04-04 21:00:53", "elapsed": 1.055257, "delta": 0.002844}}
{"target": -1248.0857314970037, "params": {"gamma": 7.945988933496338, "lr": 0.5070799232841364}, "datetime": {"datetime": "2024-04-04 21:00:53", "elapsed": 1.058091, "delta": 0.002834}}
{"target": -1551.5682202698997, "params": {"gamma": 7.918418574002035, "lr": 0.6957642142718394}, "datetime": {"datetime": "2024-04-04 21:00:53", "elapsed": 1.060852, "delta": 0.002761}}
{"target": -1031.5773322069226, "params": {"gamma": 7.778706920114895, "lr": 0.4064828689770863}, "datetime": {"datetime": "2024-04-04 21:00:53", "elapsed": 1.063621, "delta": 0.002769}}
{"target": -974.569969995582, "params": {"gamma": 6.478058561241625, "lr": 0.1797942976929744}, "datetime": {"datetime": "2024-04-04 21:00:53", "elapsed": 1.066428, "delta": 0.002807}}
{"target": -502.7681906285537, "params": {"gamma": 3.2188778139156518, "lr": 0.1726046201197925}, "datetime": {"datetime": "2024-04-04 21:00:53", "elapsed": 1.069248, "delta": 0.00282}}
{"target": -364.3364641388778, "params": {"gamma": 4.086963612907611, "lr": 0.2414187479655988}, "datetime": {"datetime": "2024-04-04 21:00:53", "elapsed": 1.072023, "delta": 0.002775}}
{"target": -1075.1289559875127, "params": {"gamma": 4.069813019299451, "lr": 0.9752223424373121}, "datetime": {"datetime": "2024-04-04 21:00:53", "elapsed": 1.074787, "delta": 0.002764}}
{"target": -850.1576340499387, "params": {"gamma": 3.2038729388944907, "lr": 0.9824909449748953}, "datetime": {"datetime": "2024-04-04 21:00:53", "elapsed": 1.07779, "delta": 0.003003}}
{"target": -735.6297626520216, "params": {"gamma": 6.363424952433981, "lr": 0.375091018393911}, "datetime": {"datetime": "2024-04-04 21:00:53", "elapsed": 1.080893, "delta": 0.003103}}
{"target": -1432.82716698467, "params": {"gamma": 8.574987506336882, "lr": 0.6195867393685738}, "datetime": {"datetime": "2024-04-04 21:00:53", "elapsed": 1.083745, "delta": 0.002852}}
{"target": -591.054351059334, "params": {"gamma": 2.521078768228263, "lr": 0.7928556779768876}, "datetime": {"datetime": "2024-04-04 21:00:53", "elapsed": 1.086609, "delta": 0.002864}}
{"target": -494.10263475214816, "params": {"gamma": 4.329952148832897, "lr": 0.3575111673304414}, "datetime": {"datetime": "2024-04-04 21:00:53", "elapsed": 1.0894, "delta": 0.002791}}
{"target": -658.7439900003977, "params": {"gamma": 3.3034390883142843, "lr": 0.6973688756131394}, "datetime": {"datetime": "2024-04-04 21:00:53", "elapsed": 1.092181, "delta": 0.002781}}
{"target": -644.4122795572276, "params": {"gamma": 2.6872325889383593, "lr": 0.8082780137053801}, "datetime": {"datetime": "2024-04-04 21:00:53", "elapsed": 1.095092, "delta": 0.002911}}
{"target": -482.5645863536935, "params": {"gamma": 2.953592655204078, "lr": 0.5441213835853572}, "datetime": {"datetime": "2024-04-04 21:00:53", "elapsed": 1.097997, "delta": 0.002905}}
{"target": -1168.6881296227436, "params": {"gamma": 4.879726996560219, "lr": 0.8553564125953698}, "datetime": {"datetime": "2024-04-04 21:00:53", "elapsed": 1.100907, "delta": 0.00291}}
{"target": -1253.4512134496372, "params": {"gamma": 8.883975957519464, "lr": 0.18438444236776674}, "datetime": {"datetime": "2024-04-04 21:00:53", "elapsed": 1.103856, "delta": 0.002949}}
{"target": -1505.5656401957021, "params": {"gamma": 5.853899240923573, "lr": 0.8982050460171371}, "datetime": {"datetime": "2024-04-04 21:00:53", "elapsed": 1.106641, "delta": 0.002785}}
{"target": -1177.146551748315, "params": {"gamma": 4.461726073125263, "lr": 0.9218683054838154}, "datetime": {"datetime": "2024-04-04 21:00:53", "elapsed": 1.109666, "delta": 0.003025}}
{"target": -484.3651842862156, "params": {"gamma": 2.790629913679252, "lr": 0.6088311741937957}, "datetime": {"datetime": "2024-04-04 21:00:53", "elapsed": 1.112789, "delta": 0.003123}}
{"target": -587.0313147685517, "params": {"gamma": 6.824854643958388, "lr": 0.2282057333504841}, "datetime": {"datetime": "2024-04-04 21:00:53", "elapsed": 1.11583, "delta": 0.003041}}
{"target": -138.13425164690915, "params": {"gamma": 0.13866135806461027, "lr": 0.4167239623706961}, "datetime": {"datetime": "2024-04-04 21:00:53", "elapsed": 1.118661, "delta": 0.002831}}
{"target": -1043.1673281495441, "params": {"gamma": 9.384880436675484, "lr": 0.34302810983040655}, "datetime": {"datetime": "2024-04-04 21:00:53", "elapsed": 1.121558, "delta": 0.002897}}
{"target": -1166.488661181963, "params": {"gamma": 7.7976632105305175, "lr": 0.17473631282740743}, "datetime": {"datetime": "2024-04-04 21:00:53", "elapsed": 1.124461, "delta": 0.002903}}
{"target": -669.7497537515845, "params": {"gamma": 3.420186410188222, "lr": 0.14459772083809674}, "datetime": {"datetime": "2024-04-04 21:00:53", "elapsed": 1.127377, "delta": 0.002916}}
{"target": -1406.059859810481, "params": {"gamma": 7.167991370649615, "lr": 0.6993076236968142}, "datetime": {"datetime": "2024-04-04 21:00:53", "elapsed": 1.130219, "delta": 0.002842}}
{"target": -708.3831366863878, "params": {"gamma": 6.88528468217124, "lr": 0.25339603448629966}, "datetime": {"datetime": "2024-04-04 21:00:53", "elapsed": 1.133831, "delta": 0.003612}}
{"target": -595.1333908135507, "params": {"gamma": 6.923908856112466, "lr": 0.22729754091594956}, "datetime": {"datetime": "2024-04-04 21:00:53", "elapsed": 1.136839, "delta": 0.003008}}
{"target": -481.04842457788163, "params": {"gamma": 4.247066510197466, "lr": 0.37192212166768723}, "datetime": {"datetime": "2024-04-04 21:00:53", "elapsed": 1.139833, "delta": 0.002994}}
{"target": -1849.9087130930734, "params": {"gamma": 3.553723808289602, "lr": 0.05765480724125638}, "datetime": {"datetime": "2024-04-04 21:00:53", "elapsed": 1.14285, "delta": 0.003017}}
{"target": -1248.7730410217132, "params": {"gamma": 6.316834622032531, "lr": 0.7073166026816995}, "datetime": {"datetime": "2024-04-04 21:00:53", "elapsed": 1.146007, "delta": 0.003157}}
{"target": -1091.838603192836, "params": {"gamma": 6.136273356333854, "lr": 0.6483127561631246}, "datetime": {"datetime": "2024-04-04 21:00:53", "elapsed": 1.149058, "delta": 0.003051}}
{"target": -365.96445551064534, "params": {"gamma": 1.7002372014583604, "lr": 0.14944679893886248}, "datetime": {"datetime": "2024-04-04 21:00:53", "elapsed": 1.152016, "delta": 0.002958}}
{"target": -1333.9512797651278, "params": {"gamma": 5.142236260215303, "lr": 0.8753327263545391}, "datetime": {"datetime": "2024-04-04 21:00:53", "elapsed": 1.154867, "delta": 0.002851}}
{"target": -294.0073450289192, "params": {"gamma": 1.8403504620306732, "lr": 0.4628391187082599}, "datetime": {"datetime": "2024-04-04 21:00:53", "elapsed": 1.157836, "delta": 0.002969}}
{"target": -631.7354527522975, "params": {"gamma": 4.289894407965, "lr": 0.4972891859195163}, "datetime": {"datetime": "2024-04-04 21:00:53", "elapsed": 1.160733, "delta": 0.002897}}
{"target": -213.20928779478908, "params": {"gamma": 1.6159461940896331, "lr": 0.34244064113481054}, "datetime": {"datetime": "2024-04-04 21:00:53", "elapsed": 1.163733, "delta": 0.003}}
{"target": -637.4763250708187, "params": {"gamma": 2.6195421606310987, "lr": 0.844526943229479}, "datetime": {"datetime": "2024-04-04 21:00:53", "elapsed": 1.166583, "delta": 0.00285}}
{"target": -1060.7755260380384, "params": {"gamma": 8.003522125518241, "lr": 0.4266391582681436}, "datetime": {"datetime": "2024-04-04 21:00:53", "elapsed": 1.169502, "delta": 0.002919}}
{"target": -1149.103385890785, "params": {"gamma": 6.070547592429601, "lr": 0.14546561026621996}, "datetime": {"datetime": "2024-04-04 21:00:53", "elapsed": 1.172395, "delta": 0.002893}}
{"target": -510.1860460994195, "params": {"gamma": 5.096623328881369, "lr": 0.29694708578690454}, "datetime": {"datetime": "2024-04-04 21:00:53", "elapsed": 1.175357, "delta": 0.002962}}
{"target": -1683.1006567206143, "params": {"gamma": 8.596649884738442, "lr": 0.6715983809063899}, "datetime": {"datetime": "2024-04-04 21:00:53", "elapsed": 1.178235, "delta": 0.002878}}
{"target": -1902.73683895643, "params": {"gamma": 6.335106652211588, "lr": 0.12475130006917923}, "datetime": {"datetime": "2024-04-04 21:00:53", "elapsed": 1.181327, "delta": 0.003092}}
{"target": -1240.8772140841058, "params": {"gamma": 4.706408207109359, "lr": 0.9865727795868815}, "datetime": {"datetime": "2024-04-04 21:00:53", "elapsed": 1.184479, "delta": 0.003152}}
{"target": -1675.6231417563083, "params": {"gamma": 9.483043441552578, "lr": 0.6450856402604436}, "datetime": {"datetime": "2024-04-04 21:00:53", "elapsed": 1.18753, "delta": 0.003051}}
{"target": -297.14889019069994, "params": {"gamma": 1.5180969854487043, "lr": 0.639126848719905}, "datetime": {"datetime": "2024-04-04 21:00:53", "elapsed": 1.190559, "delta": 0.003029}}
{"target": -824.839356005972, "params": {"gamma": 5.657055463326731, "lr": 0.468665837661252}, "datetime": {"datetime": "2024-04-04 21:00:53", "elapsed": 1.193502, "delta": 0.002943}}
{"target": -725.9025744329734, "params": {"gamma": 4.280946657213234, "lr": 0.5992697556580301}, "datetime": {"datetime": "2024-04-04 21:00:53", "elapsed": 1.196418, "delta": 0.002916}}
{"target": -1933.52066792806, "params": {"gamma": 8.499848915271139, "lr": 0.7511210403719374}, "datetime": {"datetime": "2024-04-04 21:00:53", "elapsed": 1.199296, "delta": 0.002878}}
{"target": -1524.3820667195907, "params": {"gamma": 5.794026042432034, "lr": 0.9247041815360281}, "datetime": {"datetime": "2024-04-04 21:00:53", "elapsed": 1.202169, "delta": 0.002873}}
{"target": -213.05116599052874, "params": {"gamma": 0.6483350944320471, "lr": 0.9913465087318091}, "datetime": {"datetime": "2024-04-04 21:00:53", "elapsed": 1.205102, "delta": 0.002933}}
{"target": -155.0915267239063, "params": {"gamma": 0.5308924321372274, "lr": 0.19949554613856135}, "datetime": {"datetime": "2024-04-04 21:00:53", "elapsed": 1.208208, "delta": 0.003106}}
{"target": -1595.3377536178057, "params": {"gamma": 4.228103863783965, "lr": 0.10750887618516769}, "datetime": {"datetime": "2024-04-04 21:00:53", "elapsed": 1.211254, "delta": 0.003046}}
{"target": -3237.5030526040905, "params": {"gamma": 6.2370804395660215, "lr": 0.047992564048867314}, "datetime": {"datetime": "2024-04-04 21:00:53", "elapsed": 1.214369, "delta": 0.003115}}
{"target": -1485.291275737452, "params": {"gamma": 2.8469541861884147, "lr": 0.06103668111967109}, "datetime": {"datetime": "2024-04-04 21:00:53", "elapsed": 1.217407, "delta": 0.003038}}
{"target": -1380.3715512340839, "params": {"gamma": 7.035489791719707, "lr": 0.668456167589482}, "datetime": {"datetime": "2024-04-04 21:00:53", "elapsed": 1.220229, "delta": 0.002822}}
{"target": -553.9981402381924, "params": {"gamma": 3.7864273519127716, "lr": 0.1881942600298212}, "datetime": {"datetime": "2024-04-04 21:00:53", "elapsed": 1.223042, "delta": 0.002813}}
{"target": -834.6785632095354, "params": {"gamma": 7.4703012854704225, "lr": 0.34037929076546725}, "datetime": {"datetime": "2024-04-04 21:00:53", "elapsed": 1.225949, "delta": 0.002907}}
{"target": -1150.3538038730821, "params": {"gamma": 7.953216372889023, "lr": 0.4879009391796203}, "datetime": {"datetime": "2024-04-04 21:00:53", "elapsed": 1.228793, "delta": 0.002844}}
{"target": -2730.536479007567, "params": {"gamma": 5.257168774065444, "lr": 0.028490849491567216}, "datetime": {"datetime": "2024-04-04 21:00:53", "elapsed": 1.231614, "delta": 0.002821}}
{"target": -722.9102802553624, "params": {"gamma": 6.442675966770439, "lr": 0.3506565024321674}, "datetime": {"datetime": "2024-04-04 21:00:53", "elapsed": 1.234442, "delta": 0.002828}}
{"target": -346.87661395421395, "params": {"gamma": 2.292821067893365, "lr": 0.4338833762117006}, "datetime": {"datetime": "2024-04-04 21:00:53", "elapsed": 1.237268, "delta": 0.002826}}
{"target": -566.4342255853109, "params": {"gamma": 3.825292105251905, "lr": 0.46978904008636024}, "datetime": {"datetime": "2024-04-04 21:00:53", "elapsed": 1.240095, "delta": 0.002827}}
{"target": -1078.045267502924, "params": {"gamma": 9.794854058443883, "lr": 0.36437807036823044}, "datetime": {"datetime": "2024-04-04 21:00:53", "elapsed": 1.242974, "delta": 0.002879}}
{"target": -1217.046780804717, "params": {"gamma": 7.744326923227059, "lr": 0.5527675965498925}, "datetime": {"datetime": "2024-04-04 21:00:53", "elapsed": 1.24615, "delta": 0.003176}}
{"target": -989.4137375742142, "params": {"gamma": 8.891421759985722, "lr": 0.354952851149572}, "datetime": {"datetime": "2024-04-04 21:00:53", "elapsed": 1.249142, "delta": 0.002992}}
{"target": -649.4626562310438, "params": {"gamma": 2.455941283184888, "lr": 0.9110192396569683}, "datetime": {"datetime": "2024-04-04 21:00:53", "elapsed": 1.252053, "delta": 0.002911}}
{"target": -172.8732973116086, "params": {"gamma": 0.43629910331389593, "lr": 0.9507534280610023}, "datetime": {"datetime": "2024-04-04 21:00:53", "elapsed": 1.255034, "delta": 0.002981}}
{"target": -645.717049276711, "params": {"gamma": 5.5645127497935825, "lr": 0.3763632166870875}, "datetime": {"datetime": "2024-04-04 21:00:53", "elapsed": 1.257928, "delta": 0.002894}}
{"target": -5159.110893952882, "params": {"gamma": 9.950528171068772, "lr": 0.05836264614763165}, "datetime": {"datetime": "2024-04-04 21:00:53", "elapsed": 1.260735, "delta": 0.002807}}
{"target": -2684.176990677312, "params": {"gamma": 5.167546891316355, "lr": 0.03109707545554785}, "datetime": {"datetime": "2024-04-04 21:00:53", "elapsed": 1.263624, "delta": 0.002889}}
{"target": -863.2558212988881, "params": {"gamma": 5.712186216123149, "lr": 0.18046850899511557}, "datetime": {"datetime": "2024-04-04 21:00:53", "elapsed": 1.266429, "delta": 0.002805}}
{"target": -1658.9452081655131, "params": {"gamma": 6.309961044194965, "lr": 0.9809236757505815}, "datetime": {"datetime": "2024-04-04 21:00:53", "elapsed": 1.269232, "delta": 0.002803}}
{"target": -1263.3065734576996, "params": {"gamma": 8.749150609572597, "lr": 0.45183624942087064}, "datetime": {"datetime": "2024-04-04 21:00:53", "elapsed": 1.272085, "delta": 0.002853}}
{"target": -1613.8370500661256, "params": {"gamma": 7.084900239647121, "lr": 0.7774687500031893}, "datetime": {"datetime": "2024-04-04 21:00:53", "elapsed": 1.274998, "delta": 0.002913}}
{"target": -787.2221301233524, "params": {"gamma": 4.9489359987414545, "lr": 0.5285334901775651}, "datetime": {"datetime": "2024-04-04 21:00:53", "elapsed": 1.278115, "delta": 0.003117}}
{"target": -202.17680980432485, "params": {"gamma": 1.5086931993235537, "lr": 0.36939992561190627}, "datetime": {"datetime": "2024-04-04 21:00:53", "elapsed": 1.281274, "delta": 0.003159}}
{"target": -308.5495372046548, "params": {"gamma": 1.4230703094747938, "lr": 0.7268937533445626}, "datetime": {"datetime": "2024-04-04 21:00:53", "elapsed": 1.284133, "delta": 0.002859}}
{"target": -699.5195887445262, "params": {"gamma": 4.770652931028231, "lr": 0.44887883670676554}, "datetime": {"datetime": "2024-04-04 21:00:53", "elapsed": 1.287175, "delta": 0.003042}}
{"target": -1388.8026083148163, "params": {"gamma": 8.860093713682348, "lr": 0.5276187723115614}, "datetime": {"datetime": "2024-04-04 21:00:53", "elapsed": 1.290032, "delta": 0.002857}}
{"target": -435.06371955390114, "params": {"gamma": 4.091499228336683, "lr": 0.26889202221264585}, "datetime": {"datetime": "2024-04-04 21:00:53", "elapsed": 1.292962, "delta": 0.00293}}
{"target": -155.49986442826102, "params": {"gamma": 0.7210483396625298, "lr": 0.4181361337253158}, "datetime": {"datetime": "2024-04-04 21:00:53", "elapsed": 1.295807, "delta": 0.002845}}
{"target": -133.39277320145717, "params": {"gamma": 0.25850907058342715, "lr": 0.29115394055242805}, "datetime": {"datetime": "2024-04-04 21:00:53", "elapsed": 1.298631, "delta": 0.002824}}
{"target": -1326.6521420005924, "params": {"gamma": 5.035591588974117, "lr": 0.9659330650197223}, "datetime": {"datetime": "2024-04-04 21:00:53", "elapsed": 1.301477, "delta": 0.002846}}
