{"target": -103.70018839850755, "params": {"p_ai": 4.5757870709533535, "p_al": 8.089094820222526, "p_ex": 9.72319270731127, "prior": 1.3771761110391951, "rate": 5.306309991390124}, "datetime": {"datetime": "2024-04-01 14:55:12", "elapsed": 2537.031594, "delta": 8.900305}}
{"target": -116.23290254644418, "params": {"p_ai": 2.50737980308382, "p_al": 8.624410312759755, "p_ex": 0.8412239303493605, "prior": 0.3973691746216625, "rate": 5.8909018450307205}, "datetime": {"datetime": "2024-04-01 14:55:20", "elapsed": 2544.775506, "delta": 7.743912}}
{"target": -95.453611866275, "params": {"p_ai": 2.5026226155179523, "p_al": 10.0, "p_ex": 2.644384100733854, "prior": 3.305925320618182, "rate": 9.84721562617614}, "datetime": {"datetime": "2024-04-01 14:55:31", "elapsed": 2555.590111, "delta": 10.814605}}
{"target": -95.97320670772417, "params": {"p_ai": 5.371197806698745, "p_al": 7.482341045168325, "p_ex": 10.0, "prior": 4.907455048593776, "rate": 3.3131290953468167}, "datetime": {"datetime": "2024-04-01 14:55:39", "elapsed": 2563.753789, "delta": 8.163678}}
{"target": -102.49220963337316, "params": {"p_ai": 1.073434676396203, "p_al": 4.774345571931294, "p_ex": 10.0, "prior": 8.263799204282364, "rate": 7.891309448415897}, "datetime": {"datetime": "2024-04-01 14:55:46", "elapsed": 2571.098397, "delta": 7.344608}}
{"target": -95.33621626633085, "params": {"p_ai": 4.594559032628387, "p_al": 2.2972872988037194, "p_ex": 9.846325103582737, "prior": 9.925394056774463, "rate": 9.937945389587004}, "datetime": {"datetime": "2024-04-01 14:55:55", "elapsed": 2580.093308, "delta": 8.994911}}
{"target": -88.82742912286471, "params": {"p_ai": 3.0137499332360247, "p_al": 5.2236318450471915, "p_ex": 5.475660237935955, "prior": 6.125022574705358, "rate": 10.0}, "datetime": {"datetime": "2024-04-01 14:56:09", "elapsed": 2594.101107, "delta": 14.007799}}
{"target": -94.78114182779034, "params": {"p_ai": 1.380661127187788, "p_al": 7.095255792329833, "p_ex": 10.0, "prior": 7.021185646925289, "rate": 10.0}, "datetime": {"datetime": "2024-04-01 14:56:18", "elapsed": 2602.632429, "delta": 8.531322}}
{"target": -95.48070603259733, "params": {"p_ai": 4.473311219770369, "p_al": 0.001, "p_ex": 6.264585449588413, "prior": 4.719585734899421, "rate": 2.7447732554387643}, "datetime": {"datetime": "2024-04-01 14:56:29", "elapsed": 2613.893809, "delta": 11.26138}}
{"target": -95.5218805790468, "params": {"p_ai": 2.439757401722405, "p_al": 0.001, "p_ex": 9.850652341713936, "prior": 3.91899485196967, "rate": 7.624080926207606}, "datetime": {"datetime": "2024-04-01 14:56:38", "elapsed": 2622.707565, "delta": 8.813756}}
{"target": -95.0721391594667, "params": {"p_ai": 1.4685276076365013, "p_al": 1.2475591646433306, "p_ex": 8.486727036169718, "prior": 5.730364939028009, "rate": 8.207655664947897}, "datetime": {"datetime": "2024-04-01 14:56:45", "elapsed": 2629.636346, "delta": 6.928781}}
{"target": -92.12615699715744, "params": {"p_ai": 3.457015868991003, "p_al": 0.001, "p_ex": 5.404948283712231, "prior": 7.697158641206579, "rate": 10.0}, "datetime": {"datetime": "2024-04-01 14:56:56", "elapsed": 2640.37958, "delta": 10.743234}}
{"target": -90.99093499873521, "params": {"p_ai": 4.149457259468152, "p_al": 8.23558950577767, "p_ex": 6.9067615006574385, "prior": 8.703118917136454, "rate": 6.5662979422093}, "datetime": {"datetime": "2024-04-01 14:57:03", "elapsed": 2647.488152, "delta": 7.108572}}
{"target": -91.63100458984232, "params": {"p_ai": 3.1913648626987787, "p_al": 7.437830910249937, "p_ex": 4.609557840409933, "prior": 10.0, "rate": 10.0}, "datetime": {"datetime": "2024-04-01 14:57:13", "elapsed": 2657.497084, "delta": 10.008932}}
{"target": -88.70407524291281, "params": {"p_ai": 2.420230283576684, "p_al": 4.892391894404292, "p_ex": 7.036179478382855, "prior": 8.410806005325014, "rate": 5.445011701391563}, "datetime": {"datetime": "2024-04-01 14:57:19", "elapsed": 2663.650883, "delta": 6.153799}}
{"target": -94.2907670480451, "params": {"p_ai": 1.3804685125183869, "p_al": 8.443593648437579, "p_ex": 4.395240688495892, "prior": 7.753722947089758, "rate": 10.0}, "datetime": {"datetime": "2024-04-01 14:57:26", "elapsed": 2670.697054, "delta": 7.046171}}
{"target": -91.47447368202292, "params": {"p_ai": 4.007150299294763, "p_al": 8.691772878943203, "p_ex": 6.266455997203373, "prior": 8.733019581185282, "rate": 10.0}, "datetime": {"datetime": "2024-04-01 14:57:33", "elapsed": 2677.427732, "delta": 6.730678}}
{"target": -93.70222659947237, "params": {"p_ai": 5.15819236437201, "p_al": 1.8583328342127565, "p_ex": 10.0, "prior": 10.0, "rate": 2.6682252743831016}, "datetime": {"datetime": "2024-04-01 14:57:40", "elapsed": 2684.191239, "delta": 6.763507}}
{"target": -90.1687762315506, "params": {"p_ai": 2.0378639196580695, "p_al": 9.24498898475182, "p_ex": 10.0, "prior": 3.335370413489776, "rate": 8.864987195017301}, "datetime": {"datetime": "2024-04-01 14:57:47", "elapsed": 2691.42334, "delta": 7.232101}}
{"target": -101.47779328313482, "params": {"p_ai": 0.8066685699019607, "p_al": 0.7260991433058318, "p_ex": 6.650589836376398, "prior": 6.604132801406057, "rate": 10.0}, "datetime": {"datetime": "2024-04-01 14:57:53", "elapsed": 2697.179446, "delta": 5.756106}}
{"target": -93.02578608524689, "params": {"p_ai": 2.839378018952972, "p_al": 0.001, "p_ex": 4.5051041679107255, "prior": 4.125288281026264, "rate": 3.6289288348073323}, "datetime": {"datetime": "2024-04-01 14:58:08", "elapsed": 2712.735696, "delta": 15.55625}}
{"target": -95.68955145094804, "params": {"p_ai": 1.7695500191467015, "p_al": 0.001, "p_ex": 7.788206770085087, "prior": 7.264780714420228, "rate": 4.778442334129888}, "datetime": {"datetime": "2024-04-01 14:58:16", "elapsed": 2720.477541, "delta": 7.741845}}
{"target": -88.75277858728504, "params": {"p_ai": 2.201537295694675, "p_al": 9.072714796240772, "p_ex": 5.2263571434069185, "prior": 3.77089675898855, "rate": 3.969167691743182}, "datetime": {"datetime": "2024-04-01 14:58:22", "elapsed": 2726.762592, "delta": 6.285051}}
{"target": -92.79374718540858, "params": {"p_ai": 3.8917362995956943, "p_al": 4.085304713873901, "p_ex": 5.537289660459829, "prior": 10.0, "rate": 8.358535271889007}, "datetime": {"datetime": "2024-04-01 14:58:35", "elapsed": 2740.127648, "delta": 13.365056}}
{"target": -92.98102115517904, "params": {"p_ai": 2.488873341930825, "p_al": 8.000338918303182, "p_ex": 9.820851862108709, "prior": 9.796144858766116, "rate": 3.267047515796271}, "datetime": {"datetime": "2024-04-01 14:58:43", "elapsed": 2747.164095, "delta": 7.036447}}
{"target": -97.60312499364927, "params": {"p_ai": 3.8478723107206565, "p_al": 9.831137540264592, "p_ex": 9.9890130759913, "prior": 3.4730596981636563, "rate": 9.463082163618697}, "datetime": {"datetime": "2024-04-01 14:58:51", "elapsed": 2755.744697, "delta": 8.580602}}
{"target": -94.05408087647604, "params": {"p_ai": 4.68445594546255, "p_al": 4.215415223268371, "p_ex": 10.0, "prior": 10.0, "rate": 8.64930725634061}, "datetime": {"datetime": "2024-04-01 14:58:59", "elapsed": 2764.041251, "delta": 8.296554}}
{"target": -100.53023518731003, "params": {"p_ai": 1.3213800195577081, "p_al": 1.6487843856719888, "p_ex": 4.697560596301314, "prior": 10.0, "rate": 7.474557389849128}, "datetime": {"datetime": "2024-04-01 14:59:09", "elapsed": 2773.744111, "delta": 9.70286}}
{"target": -93.39467229126393, "params": {"p_ai": 5.127539786592607, "p_al": 1.0856694091437438, "p_ex": 10.0, "prior": 3.601421958855553, "rate": 1.674048785370865}, "datetime": {"datetime": "2024-04-01 14:59:19", "elapsed": 2783.615843, "delta": 9.871732}}
{"target": -97.02890234294662, "params": {"p_ai": 4.491110827422844, "p_al": 4.77695125223032, "p_ex": 10.0, "prior": 7.439022718536283, "rate": 10.0}, "datetime": {"datetime": "2024-04-01 14:59:27", "elapsed": 2791.215252, "delta": 7.599409}}
{"target": -91.28399442979396, "params": {"p_ai": 0.7783806041843502, "p_al": 8.51601839471561, "p_ex": 10.0, "prior": 1.957140972682422, "rate": 4.328482966231544}, "datetime": {"datetime": "2024-04-01 14:59:37", "elapsed": 2801.454583, "delta": 10.239331}}
{"target": -95.94798734923744, "params": {"p_ai": 5.209864071898947, "p_al": 3.1907745383753636, "p_ex": 8.802303090688005, "prior": 10.0, "rate": 5.898592830064889}, "datetime": {"datetime": "2024-04-01 14:59:44", "elapsed": 2808.73088, "delta": 7.276297}}
{"target": -97.6176201410464, "params": {"p_ai": 1.131723933963443, "p_al": 5.705198794480862, "p_ex": 7.60294473404329, "prior": 10.0, "rate": 10.0}, "datetime": {"datetime": "2024-04-01 14:59:56", "elapsed": 2820.426487, "delta": 11.695607}}
{"target": -118.1782800556162, "params": {"p_ai": 0.4032702111439547, "p_al": 10.0, "p_ex": 1.3474624815118106, "prior": 2.3858306092487265, "rate": 9.757774767474926}, "datetime": {"datetime": "2024-04-01 15:00:03", "elapsed": 2827.768202, "delta": 7.341715}}
{"target": -100.21120099594194, "params": {"p_ai": 3.939932806202057, "p_al": 0.13108476006061448, "p_ex": 4.204600987900276, "prior": 7.3396249398325955, "rate": 3.4646245927313077}, "datetime": {"datetime": "2024-04-01 15:00:16", "elapsed": 2841.086729, "delta": 13.318527}}
{"target": -105.75773249472115, "params": {"p_ai": 2.173255876680202, "p_al": 0.001, "p_ex": 7.822063943960552, "prior": 0.001, "rate": 0.020342156267027876}, "datetime": {"datetime": "2024-04-01 15:00:32", "elapsed": 2856.97467, "delta": 15.887941}}
{"target": -105.53417683591984, "params": {"p_ai": 0.8449296580382276, "p_al": 0.001, "p_ex": 6.511677961231094, "prior": 0.5050141999307036, "rate": 7.689267415992826}, "datetime": {"datetime": "2024-04-01 15:00:49", "elapsed": 2873.225986, "delta": 16.251316}}
{"target": -96.17912639265577, "params": {"p_ai": 5.3905898173379025, "p_al": 4.913328656565627, "p_ex": 9.996643996864034, "prior": 5.714802216937958, "rate": 3.6688463942256777}, "datetime": {"datetime": "2024-04-01 15:00:57", "elapsed": 2882.011688, "delta": 8.785702}}
{"target": -97.65225208243038, "params": {"p_ai": 3.0358625674375213, "p_al": 0.001, "p_ex": 10.0, "prior": 2.247827729264434, "rate": 4.832044729729708}, "datetime": {"datetime": "2024-04-01 15:01:12", "elapsed": 2896.360518, "delta": 14.34883}}
{"target": -93.32805247964433, "params": {"p_ai": 0.7914944034008432, "p_al": 7.544424794613759, "p_ex": 6.215420645381799, "prior": 3.206444923074778, "rate": 5.755300647465791}, "datetime": {"datetime": "2024-04-01 15:01:19", "elapsed": 2903.644083, "delta": 7.283565}}
{"target": -91.88104519800326, "params": {"p_ai": 2.285559219996382, "p_al": 0.08375138935018897, "p_ex": 6.121489702912874, "prior": 9.084870691278088, "rate": 5.9892121038081365}, "datetime": {"datetime": "2024-04-01 15:01:30", "elapsed": 2914.171905, "delta": 10.527822}}
{"target": -115.22033196228955, "params": {"p_ai": 2.1325124343596236, "p_al": 0.001, "p_ex": 8.68296970061764, "prior": 0.001, "rate": 4.6989136462856615}, "datetime": {"datetime": "2024-04-01 15:01:37", "elapsed": 2921.376157, "delta": 7.204252}}
{"target": -98.67828626699175, "params": {"p_ai": 5.367108639939133, "p_al": 0.04710830001161781, "p_ex": 7.805722626856931, "prior": 3.3019574919767436, "rate": 1.3165114546768393}, "datetime": {"datetime": "2024-04-01 15:01:47", "elapsed": 2932.026042, "delta": 10.649885}}
{"target": -93.38296570844356, "params": {"p_ai": 1.4239037265078827, "p_al": 6.776494439334187, "p_ex": 5.338113254285301, "prior": 7.083236093315275, "rate": 7.283022325543417}, "datetime": {"datetime": "2024-04-01 15:01:59", "elapsed": 2943.182547, "delta": 11.156505}}
{"target": -93.2372893930664, "params": {"p_ai": 1.0190695165073909, "p_al": 5.566095281243111, "p_ex": 5.771844127481271, "prior": 4.253377955061498, "rate": 9.991708497648304}, "datetime": {"datetime": "2024-04-01 15:02:11", "elapsed": 2955.908158, "delta": 12.725611}}
{"target": -112.20047235330817, "params": {"p_ai": 3.2284923129218916, "p_al": 10.0, "p_ex": 1.2904093893744393, "prior": 2.295569002392424, "rate": 8.03859226518745}, "datetime": {"datetime": "2024-04-01 15:02:23", "elapsed": 2967.7253, "delta": 11.817142}}
{"target": -94.96733209130934, "params": {"p_ai": 2.9172212574802554, "p_al": 10.0, "p_ex": 3.5624964171280618, "prior": 4.136971128366854, "rate": 5.591236550976207}, "datetime": {"datetime": "2024-04-01 15:02:30", "elapsed": 2974.440442, "delta": 6.715142}}
{"target": -93.03736522236565, "params": {"p_ai": 1.751102831787019, "p_al": 10.0, "p_ex": 6.783272402536958, "prior": 10.0, "rate": 5.9114024704746155}, "datetime": {"datetime": "2024-04-01 15:02:37", "elapsed": 2981.253932, "delta": 6.81349}}
{"target": -96.17229503835689, "params": {"p_ai": 4.0321055758380036, "p_al": 0.8058928647341788, "p_ex": 4.756133938951397, "prior": 10.0, "rate": 10.0}, "datetime": {"datetime": "2024-04-01 15:02:44", "elapsed": 2989.044957, "delta": 7.791025}}
{"target": -88.9899547004385, "params": {"p_ai": 4.347900793478959, "p_al": 7.4220363634306, "p_ex": 10.0, "prior": 7.123360949345151, "rate": 4.704294713620573}, "datetime": {"datetime": "2024-04-01 15:02:56", "elapsed": 3000.202558, "delta": 11.157601}}
{"target": -90.9920263490768, "params": {"p_ai": 3.292398919064197, "p_al": 10.0, "p_ex": 4.894340295817623, "prior": 6.049911635201898, "rate": 5.8178000015992115}, "datetime": {"datetime": "2024-04-01 15:03:08", "elapsed": 3012.476824, "delta": 12.274266}}
{"target": -378.36748614705664, "params": {"p_ai": 4.310179996753112, "p_al": 1.9790022532157696, "p_ex": 6.047997549130619, "prior": 0.001, "rate": 0.26045359746222924}, "datetime": {"datetime": "2024-04-01 15:03:16", "elapsed": 3020.388803, "delta": 7.911979}}
{"target": -88.80134032568061, "params": {"p_ai": 3.809776662876862, "p_al": 4.006866381346651, "p_ex": 6.8875735813009635, "prior": 2.066868045727484, "rate": 2.0018068906628805}, "datetime": {"datetime": "2024-04-01 15:03:24", "elapsed": 3028.241191, "delta": 7.852388}}
{"target": -87.1012734855278, "params": {"p_ai": 2.180493046155071, "p_al": 2.012787723934259, "p_ex": 5.466047989686876, "prior": 1.4210854820605177, "rate": 2.0324084227040724}, "datetime": {"datetime": "2024-04-01 15:03:35", "elapsed": 3039.187336, "delta": 10.946145}}
{"target": -93.1807603193717, "params": {"p_ai": 3.0974574294093986, "p_al": 5.7345153805036935, "p_ex": 5.614056236809059, "prior": 10.0, "rate": 4.0480955193042085}, "datetime": {"datetime": "2024-04-01 15:03:45", "elapsed": 3049.475811, "delta": 10.288475}}
{"target": -86.69508344140696, "params": {"p_ai": 3.0264170983513496, "p_al": 4.30844696769874, "p_ex": 5.379600129360888, "prior": 0.36261945649023425, "rate": 2.331094671375033}, "datetime": {"datetime": "2024-04-01 15:03:58", "elapsed": 3062.860112, "delta": 13.384301}}
{"target": -98.28300729309042, "params": {"p_ai": 4.567025048035985, "p_al": 1.232895667228787, "p_ex": 6.427411191892828, "prior": 6.124506063762818, "rate": 9.893709241964203}, "datetime": {"datetime": "2024-04-01 15:04:12", "elapsed": 3076.226795, "delta": 13.366683}}
{"target": -89.40668833023815, "params": {"p_ai": 2.9036959752269915, "p_al": 5.424294863908789, "p_ex": 6.190378506351641, "prior": 5.163982274644133, "rate": 2.8516153636869035}, "datetime": {"datetime": "2024-04-01 15:04:20", "elapsed": 3084.204457, "delta": 7.977662}}
{"target": -96.4136945046344, "params": {"p_ai": 4.7232252226285585, "p_al": 0.001, "p_ex": 8.63017575872286, "prior": 10.0, "rate": 10.0}, "datetime": {"datetime": "2024-04-01 15:04:29", "elapsed": 3093.279711, "delta": 9.075254}}
{"target": -126.21508685265071, "params": {"p_ai": 4.234556835577891, "p_al": 0.001, "p_ex": 8.831183265829932, "prior": 1.0408867899301137, "rate": 0.001}, "datetime": {"datetime": "2024-04-01 15:04:49", "elapsed": 3113.697794, "delta": 20.418083}}
{"target": -93.91938723998483, "params": {"p_ai": 3.429216224001863, "p_al": 1.6720454054769167, "p_ex": 7.999323867326743, "prior": 1.3677473562364884, "rate": 3.6689724724496124}, "datetime": {"datetime": "2024-04-01 15:04:58", "elapsed": 3122.39153, "delta": 8.693736}}
{"target": -105.86742186481186, "params": {"p_ai": 0.42793973543977454, "p_al": 10.0, "p_ex": 10.0, "prior": 5.713313047585976, "rate": 7.203902799570487}, "datetime": {"datetime": "2024-04-01 15:05:05", "elapsed": 3129.679226, "delta": 7.287696}}
{"target": -95.08906974658781, "params": {"p_ai": 1.6583634084400232, "p_al": 4.128682386460069, "p_ex": 10.0, "prior": 4.54136893175174, "rate": 10.0}, "datetime": {"datetime": "2024-04-01 15:05:16", "elapsed": 3140.335799, "delta": 10.656573}}
{"target": -93.65171191282535, "params": {"p_ai": 3.9519420417371762, "p_al": 6.09779606527756, "p_ex": 7.200636734206073, "prior": 4.739224403479912, "rate": 10.0}, "datetime": {"datetime": "2024-04-01 15:05:29", "elapsed": 3154.120048, "delta": 13.784249}}
{"target": -90.99756235937735, "params": {"p_ai": 2.289621491445276, "p_al": 2.4757302729636543, "p_ex": 6.839078641208178, "prior": 7.179514263664457, "rate": 4.041926485683584}, "datetime": {"datetime": "2024-04-01 15:05:38", "elapsed": 3162.251068, "delta": 8.13102}}
{"target": -89.22622969643406, "params": {"p_ai": 2.868451641466497, "p_al": 5.232695568453059, "p_ex": 10.0, "prior": 6.083031971474602, "rate": 2.2412362270230246}, "datetime": {"datetime": "2024-04-01 15:05:52", "elapsed": 3176.272688, "delta": 14.02162}}
{"target": -93.07359740095606, "params": {"p_ai": 4.085171340033799, "p_al": 1.2067902292529964, "p_ex": 7.09052473672613, "prior": 9.961319120834238, "rate": 3.429202848669018}, "datetime": {"datetime": "2024-04-01 15:06:00", "elapsed": 3184.908971, "delta": 8.636283}}
{"target": -94.32120441366855, "params": {"p_ai": 4.187250182743487, "p_al": 10.0, "p_ex": 10.0, "prior": 3.1045152754098475, "rate": 5.896615807348675}, "datetime": {"datetime": "2024-04-01 15:06:10", "elapsed": 3194.365655, "delta": 9.456684}}
{"target": -92.66938812518588, "params": {"p_ai": 2.57321112815143, "p_al": 3.657287701142202, "p_ex": 4.545425656477178, "prior": 8.372982286136715, "rate": 6.16529958503148}, "datetime": {"datetime": "2024-04-01 15:06:22", "elapsed": 3206.956902, "delta": 12.591247}}
{"target": -94.11321293989798, "params": {"p_ai": 4.080797578762422, "p_al": 10.0, "p_ex": 10.0, "prior": 8.111425210786773, "rate": 1.6648912609174262}, "datetime": {"datetime": "2024-04-01 15:06:30", "elapsed": 3214.391218, "delta": 7.434316}}
{"target": -109.71245733718514, "params": {"p_ai": 1.0428202299723373, "p_al": 7.249448460904134, "p_ex": 10.0, "prior": 10.0, "rate": 5.275991106604841}, "datetime": {"datetime": "2024-04-01 15:06:39", "elapsed": 3223.604823, "delta": 9.213605}}
{"target": -92.36345998616989, "params": {"p_ai": 2.1604983871529075, "p_al": 10.0, "p_ex": 8.08905833834264, "prior": 7.504340915000312, "rate": 3.1023648195336295}, "datetime": {"datetime": "2024-04-01 15:06:50", "elapsed": 3234.751604, "delta": 11.146781}}
{"target": -91.04169220472028, "params": {"p_ai": 2.3461730656692503, "p_al": 2.3071873850115607, "p_ex": 10.0, "prior": 10.0, "rate": 10.0}, "datetime": {"datetime": "2024-04-01 15:07:00", "elapsed": 3244.825573, "delta": 10.073969}}
{"target": -109.50060935145419, "params": {"p_ai": 0.8770189838809724, "p_al": 10.0, "p_ex": 10.0, "prior": 5.168847656567264, "rate": 2.467583594131162}, "datetime": {"datetime": "2024-04-01 15:07:10", "elapsed": 3255.131208, "delta": 10.305635}}
{"target": -372.54855291480584, "params": {"p_ai": 0.8596803673879699, "p_al": 10.0, "p_ex": 10.0, "prior": 0.001, "rate": 3.323109212910922}, "datetime": {"datetime": "2024-04-01 15:07:20", "elapsed": 3264.614601, "delta": 9.483393}}
{"target": -86.72682262299236, "params": {"p_ai": 1.4019148488797772, "p_al": 8.531474733570608, "p_ex": 8.875428757442691, "prior": 2.6931598533413705, "rate": 4.872846720768498}, "datetime": {"datetime": "2024-04-01 15:07:40", "elapsed": 3284.408096, "delta": 19.793495}}
{"target": -97.822813911896, "params": {"p_ai": 1.5458452841849692, "p_al": 0.001, "p_ex": 4.525762562646615, "prior": 0.6717625188171661, "rate": 0.6026808694129555}, "datetime": {"datetime": "2024-04-01 15:07:50", "elapsed": 3294.712454, "delta": 10.304358}}
{"target": -99.89371285448038, "params": {"p_ai": 4.6003940867171105, "p_al": 10.0, "p_ex": 9.15536639148644, "prior": 0.843629606823542, "rate": 3.9601533872126775}, "datetime": {"datetime": "2024-04-01 15:08:01", "elapsed": 3305.742775, "delta": 11.030321}}
{"target": -88.12548579801197, "params": {"p_ai": 0.9702065912054881, "p_al": 9.55610096633445, "p_ex": 7.087404763262435, "prior": 2.1614015210278086, "rate": 4.100227283422039}, "datetime": {"datetime": "2024-04-01 15:08:13", "elapsed": 3317.907457, "delta": 12.164682}}
{"target": -95.04498849086136, "params": {"p_ai": 1.7476557150440823, "p_al": 2.1807092679064657, "p_ex": 10.0, "prior": 7.0949663301646115, "rate": 6.767524379300968}, "datetime": {"datetime": "2024-04-01 15:08:28", "elapsed": 3332.172343, "delta": 14.264886}}
{"target": -112.258187042176, "params": {"p_ai": 0.023201299816656352, "p_al": 8.568741940121, "p_ex": 4.181500085125502, "prior": 5.560122353775972, "rate": 8.911444771965408}, "datetime": {"datetime": "2024-04-01 15:08:38", "elapsed": 3343.126565, "delta": 10.954222}}
{"target": -106.27691966695116, "params": {"p_ai": 3.8487976066494847, "p_al": 0.001, "p_ex": 5.727403367778492, "prior": 0.37760208797113975, "rate": 5.454814997759847}, "datetime": {"datetime": "2024-04-01 15:08:47", "elapsed": 3351.253489, "delta": 8.126924}}
{"target": -95.47517773250144, "params": {"p_ai": 4.925752737056388, "p_al": 0.001, "p_ex": 10.0, "prior": 4.9624085060694085, "rate": 3.6961061283869014}, "datetime": {"datetime": "2024-04-01 15:08:55", "elapsed": 3359.388874, "delta": 8.135385}}
{"target": -98.41049524851938, "params": {"p_ai": 1.387081718620507, "p_al": 1.854888204837901, "p_ex": 2.49404762077329, "prior": 0.9432650040399672, "rate": 7.387335576925695}, "datetime": {"datetime": "2024-04-01 15:09:06", "elapsed": 3370.629215, "delta": 11.240341}}
