{"target": -1722.4495167295245, "params": {"gamma": 9.545596648939085, "lr": 0.1324329866978663}, "datetime": {"datetime": "2024-04-04 00:28:40", "elapsed": 3404.614829, "delta": 2.982654}}
{"target": -736.1281216349211, "params": {"gamma": 9.648273049210669, "lr": 0.25614456528685603}, "datetime": {"datetime": "2024-04-04 00:28:51", "elapsed": 3416.095058, "delta": 11.480229}}
{"target": -196.03703516976157, "params": {"gamma": 1.2510742217203183, "lr": 0.8521232231188083}, "datetime": {"datetime": "2024-04-04 00:29:03", "elapsed": 3428.120225, "delta": 12.025167}}
{"target": -777.5832719509307, "params": {"gamma": 4.391820714139229, "lr": 1.0}, "datetime": {"datetime": "2024-04-04 00:29:17", "elapsed": 3441.879369, "delta": 13.759144}}
{"target": -212.88340048779716, "params": {"gamma": 1.5343059253303633, "lr": 0.7097261956626313}, "datetime": {"datetime": "2024-04-04 00:29:22", "elapsed": 3447.162393, "delta": 5.283024}}
{"target": -159.56912966502716, "params": {"gamma": 1.4743584170950106, "lr": 0.47209510805054233}, "datetime": {"datetime": "2024-04-04 00:29:36", "elapsed": 3461.017662, "delta": 13.855269}}
{"target": -277.4968176446482, "params": {"gamma": 2.59363878324846, "lr": 0.513610679230687}, "datetime": {"datetime": "2024-04-04 00:29:49", "elapsed": 3473.467653, "delta": 12.449991}}
{"target": -284.85915267178166, "params": {"gamma": 3.1499084024924566, "lr": 0.37180544040458574}, "datetime": {"datetime": "2024-04-04 00:30:00", "elapsed": 3485.021272, "delta": 11.553619}}
{"target": -354.70352318320255, "params": {"gamma": 3.838137421884725, "lr": 0.2301132952773095}, "datetime": {"datetime": "2024-04-04 00:30:08", "elapsed": 3493.012875, "delta": 7.991603}}
{"target": -564.0958461280514, "params": {"gamma": 3.077912281052651, "lr": 0.14135364727788524}, "datetime": {"datetime": "2024-04-04 00:30:24", "elapsed": 3508.628453, "delta": 15.615578}}
{"target": -131.22200203635322, "params": {"gamma": 0.8021493841027406, "lr": 0.6065950505923889}, "datetime": {"datetime": "2024-04-04 00:30:27", "elapsed": 3511.848254, "delta": 3.219801}}
{"target": -271.5941769298239, "params": {"gamma": 0.627307020542286, "lr": 0.054112962776716844}, "datetime": {"datetime": "2024-04-04 00:30:32", "elapsed": 3517.198435, "delta": 5.350181}}
{"target": -490.8178221814077, "params": {"gamma": 5.3634742716043595, "lr": 0.4620522395208122}, "datetime": {"datetime": "2024-04-04 00:30:39", "elapsed": 3523.9558, "delta": 6.757365}}
{"target": -281.98508695239343, "params": {"gamma": 2.9896159006287255, "lr": 0.22791424907312297}, "datetime": {"datetime": "2024-04-04 00:30:51", "elapsed": 3535.782953, "delta": 11.827153}}
{"target": -387.6908174415653, "params": {"gamma": 4.008278723640684, "lr": 0.38497132053895655}, "datetime": {"datetime": "2024-04-04 00:30:58", "elapsed": 3542.971775, "delta": 7.188822}}
{"target": -467.9695905044036, "params": {"gamma": 2.589281992881212, "lr": 1.0}, "datetime": {"datetime": "2024-04-04 00:31:05", "elapsed": 3549.417878, "delta": 6.446103}}
{"target": -321.42447346723884, "params": {"gamma": 2.930149915670767, "lr": 0.6251380056918582}, "datetime": {"datetime": "2024-04-04 00:31:16", "elapsed": 3560.842451, "delta": 11.424573}}
{"target": -176.53555968122265, "params": {"gamma": 1.6225510288535705, "lr": 0.39292347343157086}, "datetime": {"datetime": "2024-04-04 00:31:23", "elapsed": 3567.964554, "delta": 7.122103}}
{"target": -211.88037678940236, "params": {"gamma": 1.8923603285103607, "lr": 0.5026021610212452}, "datetime": {"datetime": "2024-04-04 00:31:26", "elapsed": 3571.19643, "delta": 3.231876}}
{"target": -1228.7500957756197, "params": {"gamma": 10.0, "lr": 0.7149502157965887}, "datetime": {"datetime": "2024-04-04 00:31:40", "elapsed": 3584.569327, "delta": 13.372897}}
{"target": -493.6543634356896, "params": {"gamma": 3.6819292311887186, "lr": 0.8096963741404473}, "datetime": {"datetime": "2024-04-04 00:31:47", "elapsed": 3592.237281, "delta": 7.667954}}
{"target": -220.04994967395373, "params": {"gamma": 2.3121806942001095, "lr": 0.33914495247363263}, "datetime": {"datetime": "2024-04-04 00:31:57", "elapsed": 3601.590575, "delta": 9.353294}}
{"target": -348.07426317316765, "params": {"gamma": 3.747219398191457, "lr": 0.46809285666213185}, "datetime": {"datetime": "2024-04-04 00:32:07", "elapsed": 3611.292037, "delta": 9.701462}}
{"target": -307.7847473614328, "params": {"gamma": 2.5889676174022984, "lr": 0.19501611471235658}, "datetime": {"datetime": "2024-04-04 00:32:13", "elapsed": 3618.214272, "delta": 6.922235}}
{"target": -243.4869449506901, "params": {"gamma": 1.6662708696027941, "lr": 0.8051705528128078}, "datetime": {"datetime": "2024-04-04 00:32:27", "elapsed": 3631.734917, "delta": 13.520645}}
{"target": -155.22758342360956, "params": {"gamma": 1.2116326961132502, "lr": 0.5652843071742232}, "datetime": {"datetime": "2024-04-04 00:32:37", "elapsed": 3642.101342, "delta": 10.366425}}
{"target": -242.01479852094945, "params": {"gamma": 0.5257870285000021, "lr": 0.0009908826919828861}, "datetime": {"datetime": "2024-04-04 00:32:47", "elapsed": 3652.071229, "delta": 9.969887}}
{"target": -202.5712565666513, "params": {"gamma": 1.9410603224283376, "lr": 0.39235328687531845}, "datetime": {"datetime": "2024-04-04 00:32:56", "elapsed": 3660.67238, "delta": 8.601151}}
{"target": -280.91691068198764, "params": {"gamma": 1.4650896181419655, "lr": 1.0}, "datetime": {"datetime": "2024-04-04 00:33:01", "elapsed": 3665.569694, "delta": 4.897314}}
{"target": -369.2242163877265, "params": {"gamma": 4.226659691759607, "lr": 0.433079659297148}, "datetime": {"datetime": "2024-04-04 00:33:06", "elapsed": 3670.268235, "delta": 4.698541}}
{"target": -217.94497657948563, "params": {"gamma": 2.6439082712272217, "lr": 0.27967584318999605}, "datetime": {"datetime": "2024-04-04 00:33:17", "elapsed": 3681.834535, "delta": 11.5663}}
{"target": -496.59663543464137, "params": {"gamma": 4.020466908778472, "lr": 0.7629717783029158}, "datetime": {"datetime": "2024-04-04 00:33:20", "elapsed": 3684.761228, "delta": 2.926693}}
{"target": -381.62186330140344, "params": {"gamma": 3.1959173086920516, "lr": 0.6738538692546402}, "datetime": {"datetime": "2024-04-04 00:33:23", "elapsed": 3688.022766, "delta": 3.261538}}
{"target": -391.69876108612635, "params": {"gamma": 3.523108901319003, "lr": 0.6124796379847991}, "datetime": {"datetime": "2024-04-04 00:33:33", "elapsed": 3697.572652, "delta": 9.549886}}
{"target": -182.45967048168853, "params": {"gamma": 1.1312296098861598, "lr": 0.8039563436544491}, "datetime": {"datetime": "2024-04-04 00:33:39", "elapsed": 3704.125691, "delta": 6.553039}}
{"target": -195.51122951941565, "params": {"gamma": 1.587594067020224, "lr": 0.6027858509364623}, "datetime": {"datetime": "2024-04-04 00:33:49", "elapsed": 3713.886888, "delta": 9.761197}}
{"target": -144.01341136860472, "params": {"gamma": 0.001, "lr": 0.7516901688990477}, "datetime": {"datetime": "2024-04-04 00:33:56", "elapsed": 3720.472111, "delta": 6.585223}}
{"target": -144.17461355646887, "params": {"gamma": 0.8804370949452535, "lr": 0.0}, "datetime": {"datetime": "2024-04-04 00:34:07", "elapsed": 3732.084986, "delta": 11.612875}}
{"target": -144.17461355646887, "params": {"gamma": 0.8264933462327649, "lr": 0.0}, "datetime": {"datetime": "2024-04-04 00:34:18", "elapsed": 3742.274064, "delta": 10.189078}}
{"target": -256.75782563077024, "params": {"gamma": 2.216832854083312, "lr": 0.6124973562275577}, "datetime": {"datetime": "2024-04-04 00:34:25", "elapsed": 3749.277779, "delta": 7.003715}}
{"target": -335.81929005642695, "params": {"gamma": 3.5399169003717126, "lr": 0.2032177871644026}, "datetime": {"datetime": "2024-04-04 00:34:33", "elapsed": 3757.580352, "delta": 8.302573}}
{"target": -821.6632277768914, "params": {"gamma": 2.5116495574679667, "lr": 0.0902679689634086}, "datetime": {"datetime": "2024-04-04 00:34:36", "elapsed": 3760.746879, "delta": 3.166527}}
{"target": -307.2120674210145, "params": {"gamma": 3.363389470736514, "lr": 0.35141817488232596}, "datetime": {"datetime": "2024-04-04 00:34:42", "elapsed": 3766.805064, "delta": 6.058185}}
{"target": -449.3062072773278, "params": {"gamma": 4.06895778997368, "lr": 0.616182239866755}, "datetime": {"datetime": "2024-04-04 00:34:52", "elapsed": 3776.998847, "delta": 10.193783}}
{"target": -172.22782395612813, "params": {"gamma": 1.9784498607631322, "lr": 0.27929633224209893}, "datetime": {"datetime": "2024-04-04 00:35:03", "elapsed": 3787.406449, "delta": 10.407602}}
{"target": -430.2555165535044, "params": {"gamma": 4.603173762572806, "lr": 0.20800777277975613}, "datetime": {"datetime": "2024-04-04 00:35:08", "elapsed": 3792.460683, "delta": 5.054234}}
{"target": -247.3552944340498, "params": {"gamma": 1.8499375117102863, "lr": 0.7550147219011026}, "datetime": {"datetime": "2024-04-04 00:35:15", "elapsed": 3799.310142, "delta": 6.849459}}
{"target": -463.2464352490192, "params": {"gamma": 3.393498839627414, "lr": 0.8747508295350394}, "datetime": {"datetime": "2024-04-04 00:35:28", "elapsed": 3813.099808, "delta": 13.789666}}
{"target": -562.983215673287, "params": {"gamma": 5.633130890656936, "lr": 0.5912067484757804}, "datetime": {"datetime": "2024-04-04 00:35:37", "elapsed": 3821.87145, "delta": 8.771642}}
{"target": -588.8876470593317, "params": {"gamma": 5.752481817243008, "lr": 0.5391519543269224}, "datetime": {"datetime": "2024-04-04 00:35:47", "elapsed": 3832.034958, "delta": 10.163508}}
{"target": -122.75152190193562, "params": {"gamma": 0.883974602678595, "lr": 0.47282595893313095}, "datetime": {"datetime": "2024-04-04 00:35:51", "elapsed": 3835.384246, "delta": 3.349288}}
{"target": -164.17165345829545, "params": {"gamma": 1.0488390546797788, "lr": 0.7714368607370389}, "datetime": {"datetime": "2024-04-04 00:35:56", "elapsed": 3841.077663, "delta": 5.693417}}
{"target": -342.54060356436827, "params": {"gamma": 3.516844368673016, "lr": 0.3974252921726483}, "datetime": {"datetime": "2024-04-04 00:36:05", "elapsed": 3849.430643, "delta": 8.35298}}
{"target": -447.81477395164364, "params": {"gamma": 3.5312051565162874, "lr": 0.7143086543470871}, "datetime": {"datetime": "2024-04-04 00:36:12", "elapsed": 3856.614288, "delta": 7.183645}}
{"target": -213.25891800233683, "params": {"gamma": 2.166261947187746, "lr": 0.48716936021962265}, "datetime": {"datetime": "2024-04-04 00:36:17", "elapsed": 3862.009963, "delta": 5.395675}}
{"target": -363.98617701473637, "params": {"gamma": 2.827629358109555, "lr": 0.7274511961637522}, "datetime": {"datetime": "2024-04-04 00:36:23", "elapsed": 3867.778658, "delta": 5.768695}}
{"target": -142.082881691571, "params": {"gamma": 0.7603438795561426, "lr": 0.15161867158727216}, "datetime": {"datetime": "2024-04-04 00:36:30", "elapsed": 3874.783145, "delta": 7.004487}}
{"target": -212.38403279474016, "params": {"gamma": 1.366219080112175, "lr": 0.8606218911470371}, "datetime": {"datetime": "2024-04-04 00:36:41", "elapsed": 3885.940685, "delta": 11.15754}}
{"target": -170.87842062032604, "params": {"gamma": 1.7279722138276568, "lr": 0.43542667346613906}, "datetime": {"datetime": "2024-04-04 00:36:48", "elapsed": 3892.723974, "delta": 6.783289}}
{"target": -249.05573200447614, "params": {"gamma": 1.9810093829932836, "lr": 0.6866238351475469}, "datetime": {"datetime": "2024-04-04 00:36:55", "elapsed": 3900.002403, "delta": 7.278429}}
{"target": -162.82855886333437, "params": {"gamma": 1.5642699727721394, "lr": 0.3453717541631228}, "datetime": {"datetime": "2024-04-04 00:37:04", "elapsed": 3909.009747, "delta": 9.007344}}
{"target": -137.15599079016388, "params": {"gamma": 0.048191266864738964, "lr": 0.7166236265350104}, "datetime": {"datetime": "2024-04-04 00:37:15", "elapsed": 3919.458652, "delta": 10.448905}}
{"target": -235.24587362898075, "params": {"gamma": 0.5017795343768424, "lr": 0.07453235933058022}, "datetime": {"datetime": "2024-04-04 00:37:24", "elapsed": 3928.75045, "delta": 9.291798}}
{"target": -155.96098484460973, "params": {"gamma": 1.1711590610997007, "lr": 0.6416007022572157}, "datetime": {"datetime": "2024-04-04 00:37:31", "elapsed": 3935.422523, "delta": 6.672073}}
{"target": -129.77039208648168, "params": {"gamma": 0.8038401634413577, "lr": 0.6639020730049097}, "datetime": {"datetime": "2024-04-04 00:37:40", "elapsed": 3944.459718, "delta": 9.037195}}
{"target": -156.661471233934, "params": {"gamma": 1.7378373720419455, "lr": 0.28314453487718105}, "datetime": {"datetime": "2024-04-04 00:37:52", "elapsed": 3956.61498, "delta": 12.155262}}
{"target": -138.33064754824667, "params": {"gamma": 0.03706105735440081, "lr": 0.2546092007056102}, "datetime": {"datetime": "2024-04-04 00:38:01", "elapsed": 3965.460955, "delta": 8.845975}}
{"target": -183.13397522231477, "params": {"gamma": 0.9947329925150497, "lr": 0.9481464412994562}, "datetime": {"datetime": "2024-04-04 00:38:16", "elapsed": 3981.13213, "delta": 15.671175}}
{"target": -312.95291977004337, "params": {"gamma": 3.3440781436956306, "lr": 0.4598053213117047}, "datetime": {"datetime": "2024-04-04 00:38:26", "elapsed": 3990.285487, "delta": 9.153357}}
{"target": -187.30640267488974, "params": {"gamma": 2.083524841102872, "lr": 0.3075364059007153}, "datetime": {"datetime": "2024-04-04 00:38:37", "elapsed": 4001.946067, "delta": 11.66058}}
{"target": -157.27442829597757, "params": {"gamma": 0.22444163059813063, "lr": 0.0937375288491531}, "datetime": {"datetime": "2024-04-04 00:38:51", "elapsed": 4015.653734, "delta": 13.707667}}
{"target": -150.62392361649802, "params": {"gamma": 1.4321579235694875, "lr": 0.43385597613935545}, "datetime": {"datetime": "2024-04-04 00:39:04", "elapsed": 4028.656759, "delta": 13.003025}}
{"target": -228.87140721756003, "params": {"gamma": 2.249102182652958, "lr": 0.39758187636322073}, "datetime": {"datetime": "2024-04-04 00:39:11", "elapsed": 4035.716239, "delta": 7.05948}}
{"target": -254.4993605221857, "params": {"gamma": 2.7342979434308083, "lr": 0.34463583821133825}, "datetime": {"datetime": "2024-04-04 00:39:21", "elapsed": 4045.706881, "delta": 9.990642}}
{"target": -288.6141965468047, "params": {"gamma": 2.9233467541107836, "lr": 0.38443673682547186}, "datetime": {"datetime": "2024-04-04 00:39:35", "elapsed": 4059.657299, "delta": 13.950418}}
{"target": -144.0288009313424, "params": {"gamma": 0.001, "lr": 0.35063887333974547}, "datetime": {"datetime": "2024-04-04 00:39:42", "elapsed": 4066.788392, "delta": 7.131093}}
{"target": -551.3491505647664, "params": {"gamma": 4.034815944777088, "lr": 0.8836363964548886}, "datetime": {"datetime": "2024-04-04 00:39:45", "elapsed": 4070.026862, "delta": 3.23847}}
{"target": -142.22674612780247, "params": {"gamma": 1.2764507443207016, "lr": 0.3652413320853067}, "datetime": {"datetime": "2024-04-04 00:39:53", "elapsed": 4077.587494, "delta": 7.560632}}
{"target": -137.6758331606151, "params": {"gamma": 0.5849493750345087, "lr": 0.9042170378068073}, "datetime": {"datetime": "2024-04-04 00:40:01", "elapsed": 4085.278782, "delta": 7.691288}}
{"target": -193.22483275560487, "params": {"gamma": 2.1653086932158607, "lr": 0.287523904288426}, "datetime": {"datetime": "2024-04-04 00:40:07", "elapsed": 4091.291144, "delta": 6.012362}}
{"target": -210.67732765081993, "params": {"gamma": 1.2210741781387304, "lr": 0.9459765019027243}, "datetime": {"datetime": "2024-04-04 00:40:23", "elapsed": 4107.786588, "delta": 16.495444}}
{"target": -124.43574881398649, "params": {"gamma": 0.40746575625692233, "lr": 0.886732981081084}, "datetime": {"datetime": "2024-04-04 00:40:37", "elapsed": 4122.000364, "delta": 14.213776}}
{"target": -143.12351820287486, "params": {"gamma": 0.006426737267313031, "lr": 0.921183704031478}, "datetime": {"datetime": "2024-04-04 00:40:43", "elapsed": 4128.03292, "delta": 6.032556}}
{"target": -262.93353243486325, "params": {"gamma": 1.9907195938027802, "lr": 0.7700415230143827}, "datetime": {"datetime": "2024-04-04 00:40:55", "elapsed": 4140.126906, "delta": 12.093986}}
{"target": -586.7833762996789, "params": {"gamma": 3.2845344886327936, "lr": 1.0}, "datetime": {"datetime": "2024-04-04 00:41:03", "elapsed": 4147.264256, "delta": 7.13735}}
{"target": -600.8469683690504, "params": {"gamma": 7.373460889916224, "lr": 0.2989717947058904}, "datetime": {"datetime": "2024-04-04 00:41:10", "elapsed": 4155.210554, "delta": 7.946298}}
{"target": -686.9155340604236, "params": {"gamma": 8.456692822314752, "lr": 0.3320307012167548}, "datetime": {"datetime": "2024-04-04 00:41:17", "elapsed": 4161.689382, "delta": 6.478828}}
{"target": -167.89678491023582, "params": {"gamma": 0.6584203531792662, "lr": 0.13633329569816022}, "datetime": {"datetime": "2024-04-04 00:41:26", "elapsed": 4171.20611, "delta": 9.516728}}
{"target": -318.6985897858, "params": {"gamma": 1.6979744943287975, "lr": 1.0}, "datetime": {"datetime": "2024-04-04 00:41:41", "elapsed": 4186.217326, "delta": 15.011216}}
{"target": -182.5571371227275, "params": {"gamma": 1.2121332884789064, "lr": 0.7286179068249382}, "datetime": {"datetime": "2024-04-04 00:41:49", "elapsed": 4193.66869, "delta": 7.451364}}
{"target": -120.86182779590979, "params": {"gamma": 0.21553703125662155, "lr": 0.4156163005066648}, "datetime": {"datetime": "2024-04-04 00:41:59", "elapsed": 4204.148839, "delta": 10.480149}}
{"target": -139.1014954255346, "params": {"gamma": 0.03543166279223444, "lr": 0.16877994944899666}, "datetime": {"datetime": "2024-04-04 00:42:08", "elapsed": 4212.505936, "delta": 8.357097}}
{"target": -601.7610062210922, "params": {"gamma": 4.533647664912549, "lr": 0.8122434253199072}, "datetime": {"datetime": "2024-04-04 00:42:19", "elapsed": 4223.771574, "delta": 11.265638}}
{"target": -350.09413207783876, "params": {"gamma": 3.8671035935908646, "lr": 0.3572184609823914}, "datetime": {"datetime": "2024-04-04 00:42:33", "elapsed": 4237.290504, "delta": 13.51893}}
{"target": -656.6547733624674, "params": {"gamma": 8.075888500355312, "lr": 0.2859598908306137}, "datetime": {"datetime": "2024-04-04 00:42:36", "elapsed": 4240.853741, "delta": 3.563237}}
{"target": -501.09493063511786, "params": {"gamma": 4.870796980619491, "lr": 0.5078621876708201}, "datetime": {"datetime": "2024-04-04 00:42:50", "elapsed": 4255.195548, "delta": 14.341807}}
{"target": -441.6336165973352, "params": {"gamma": 5.693183188439927, "lr": 0.2767259364188587}, "datetime": {"datetime": "2024-04-04 00:42:58", "elapsed": 4263.044416, "delta": 7.848868}}
{"target": -156.16570326204322, "params": {"gamma": 1.399943133623689, "lr": 0.24868683315472456}, "datetime": {"datetime": "2024-04-04 00:43:05", "elapsed": 4270.088434, "delta": 7.044018}}
{"target": -172.56256068357342, "params": {"gamma": 1.4729695836422951, "lr": 0.5982476065982251}, "datetime": {"datetime": "2024-04-04 00:43:21", "elapsed": 4286.003911, "delta": 15.915477}}
{"target": -128.696320999526, "params": {"gamma": 0.5971957073346935, "lr": 0.19250044705846328}, "datetime": {"datetime": "2024-04-04 00:43:33", "elapsed": 4297.790055, "delta": 11.786144}}
{"target": -137.91047777737302, "params": {"gamma": 0.0431344696059513, "lr": 0.5029359064469316}, "datetime": {"datetime": "2024-04-04 00:43:50", "elapsed": 4314.609234, "delta": 16.819179}}
{"target": -227.20010981646828, "params": {"gamma": 2.3311445128593573, "lr": 0.22988604857261696}, "datetime": {"datetime": "2024-04-04 00:44:01", "elapsed": 4325.652274, "delta": 11.04304}}
{"target": -322.68504527130546, "params": {"gamma": 3.390570427901642, "lr": 0.21037812667820524}, "datetime": {"datetime": "2024-04-04 00:44:14", "elapsed": 4338.769261, "delta": 13.116987}}
{"target": -144.17461355646887, "params": {"gamma": 0.34722625800977513, "lr": 0.0}, "datetime": {"datetime": "2024-04-04 00:44:22", "elapsed": 4346.678459, "delta": 7.909198}}
{"target": -418.9000939808018, "params": {"gamma": 3.354437982528324, "lr": 0.7706131229517351}, "datetime": {"datetime": "2024-04-04 00:44:28", "elapsed": 4352.864408, "delta": 6.185949}}
{"target": -344.98028236029063, "params": {"gamma": 2.665391252142994, "lr": 0.7416206174118203}, "datetime": {"datetime": "2024-04-04 00:44:39", "elapsed": 4364.144109, "delta": 11.279701}}
{"target": -150.4853137016178, "params": {"gamma": 0.8742339436218297, "lr": 0.7314244603680157}, "datetime": {"datetime": "2024-04-04 00:44:57", "elapsed": 4381.89806, "delta": 17.753951}}
{"target": -121.4110285949766, "params": {"gamma": 0.1845902859236636, "lr": 0.32275271982164677}, "datetime": {"datetime": "2024-04-04 00:45:07", "elapsed": 4391.790756, "delta": 9.892696}}
{"target": -211.15784508925438, "params": {"gamma": 1.4883186948293805, "lr": 0.7967128143246982}, "datetime": {"datetime": "2024-04-04 00:45:15", "elapsed": 4399.990066, "delta": 8.19931}}
{"target": -214.4682828576319, "params": {"gamma": 1.9011668123657282, "lr": 0.5611321635537819}, "datetime": {"datetime": "2024-04-04 00:45:22", "elapsed": 4406.741391, "delta": 6.751325}}
{"target": -147.2600360038463, "params": {"gamma": 1.1248655793761715, "lr": 0.5078047017317024}, "datetime": {"datetime": "2024-04-04 00:45:32", "elapsed": 4416.575638, "delta": 9.834247}}
{"target": -1129.3807710419098, "params": {"gamma": 6.423833277626365, "lr": 1.0}, "datetime": {"datetime": "2024-04-04 00:45:51", "elapsed": 4435.842695, "delta": 19.267057}}
{"target": -258.86617414415457, "params": {"gamma": 2.7147587370434496, "lr": 0.2320577061237351}, "datetime": {"datetime": "2024-04-04 00:45:59", "elapsed": 4443.644319, "delta": 7.801624}}
{"target": -145.0116981567922, "params": {"gamma": 0.11784945197603804, "lr": 0.10682169345307577}, "datetime": {"datetime": "2024-04-04 00:46:06", "elapsed": 4450.687191, "delta": 7.042872}}
{"target": -141.23769710410315, "params": {"gamma": 0.8514609317667965, "lr": 0.17965325541396837}, "datetime": {"datetime": "2024-04-04 00:46:18", "elapsed": 4463.014149, "delta": 12.326958}}
{"target": -133.33645114649124, "params": {"gamma": 1.0116399322783889, "lr": 0.2039441421171867}, "datetime": {"datetime": "2024-04-04 00:46:25", "elapsed": 4470.124382, "delta": 7.110233}}
