{"target": -239.33743034464212, "params": {"gamma": 3.957087074403221, "prior": 7.740012975913038, "rate": 2.512780630310517}, "datetime": {"datetime": "2024-04-09 03:00:10", "elapsed": 5.421711, "delta": 0.0087}}
{"target": -636.1785338357529, "params": {"gamma": 6.557951918265758, "prior": 9.60793176737818, "rate": 0.03654404988379601}, "datetime": {"datetime": "2024-04-09 03:00:10", "elapsed": 5.43192, "delta": 0.010209}}
{"target": -525.7798053155562, "params": {"gamma": 7.233887082898668, "prior": 1.1790508359034728, "rate": 5.438331129146589}, "datetime": {"datetime": "2024-04-09 03:00:10", "elapsed": 5.440465, "delta": 0.008545}}
{"target": -444.58047490271326, "params": {"gamma": 6.269533250786666, "prior": 2.5051765451309316, "rate": 9.138524908590835}, "datetime": {"datetime": "2024-04-09 03:00:10", "elapsed": 5.44899, "delta": 0.008525}}
{"target": -433.7724442149229, "params": {"gamma": 6.223502974387487, "prior": 2.393777444809113, "rate": 7.701551743810476}, "datetime": {"datetime": "2024-04-09 03:00:10", "elapsed": 5.457869, "delta": 0.008879}}
{"target": -148.45474495837834, "params": {"gamma": 1.0559652928933503, "prior": 5.596730653460311, "rate": 0.9504657419551125}, "datetime": {"datetime": "2024-04-09 03:00:10", "elapsed": 5.467733, "delta": 0.009864}}
{"target": -391.5038448088148, "params": {"gamma": 5.810259742677521, "prior": 2.604503115929865, "rate": 6.495018612739509}, "datetime": {"datetime": "2024-04-09 03:00:10", "elapsed": 5.476237, "delta": 0.008504}}
{"target": -419.82480716778673, "params": {"gamma": 7.158553701628942, "prior": 5.289437584229746, "rate": 6.575556555623399}, "datetime": {"datetime": "2024-04-09 03:00:10", "elapsed": 5.48463, "delta": 0.008393}}
{"target": -433.522562947274, "params": {"gamma": 8.133125159405232, "prior": 8.094371489266019, "rate": 6.197200238546574}, "datetime": {"datetime": "2024-04-09 03:00:10", "elapsed": 5.494555, "delta": 0.009925}}
{"target": -304.8892240454581, "params": {"gamma": 4.511573518745629, "prior": 4.1387048915689375, "rate": 8.74760145142373}, "datetime": {"datetime": "2024-04-09 03:00:10", "elapsed": 5.503096, "delta": 0.008541}}
{"target": -480.167234235692, "params": {"gamma": 7.029614389411599, "prior": 1.9308567214966765, "rate": 5.657755734146004}, "datetime": {"datetime": "2024-04-09 03:00:10", "elapsed": 5.511293, "delta": 0.008197}}
{"target": -668.4815384401293, "params": {"gamma": 9.08817151496827, "prior": 1.5918309232578849, "rate": 8.455331237631533}, "datetime": {"datetime": "2024-04-09 03:00:10", "elapsed": 5.519911, "delta": 0.008618}}
{"target": -608.3265138305644, "params": {"gamma": 8.202204460687183, "prior": 5.043476902848561, "rate": 0.37680093100554635}, "datetime": {"datetime": "2024-04-09 03:00:10", "elapsed": 5.530053, "delta": 0.010142}}
{"target": -194.76714238682436, "params": {"gamma": 1.4758775514639575, "prior": 9.234123077417845, "rate": 0.4425038055225927}, "datetime": {"datetime": "2024-04-09 03:00:10", "elapsed": 5.538535, "delta": 0.008482}}
{"target": -230.4625257995232, "params": {"gamma": 3.7256151652871896, "prior": 6.228492383782162, "rate": 1.9702834411012529}, "datetime": {"datetime": "2024-04-09 03:00:10", "elapsed": 5.546877, "delta": 0.008342}}
{"target": -675.7651943646333, "params": {"gamma": 9.810816492645733, "prior": 1.6441548071298822, "rate": 5.3972522724175835}, "datetime": {"datetime": "2024-04-09 03:00:10", "elapsed": 5.55519, "delta": 0.008313}}
{"target": -398.09198727183417, "params": {"gamma": 6.180495232142101, "prior": 2.3868004918300687, "rate": 4.663623583104205}, "datetime": {"datetime": "2024-04-09 03:00:10", "elapsed": 5.565565, "delta": 0.010375}}
{"target": -284.73437711082255, "params": {"gamma": 4.91059428280016, "prior": 7.691937525632765, "rate": 6.343173246985961}, "datetime": {"datetime": "2024-04-09 03:00:10", "elapsed": 5.574652, "delta": 0.009087}}
{"target": -268.3878108768738, "params": {"gamma": 4.676032980600331, "prior": 6.702731177620354, "rate": 4.534320887795462}, "datetime": {"datetime": "2024-04-09 03:00:10", "elapsed": 5.583658, "delta": 0.009006}}
{"target": -301.8435170651506, "params": {"gamma": 5.257590201822755, "prior": 6.619823611427782, "rate": 1.8127726241566626}, "datetime": {"datetime": "2024-04-09 03:00:10", "elapsed": 5.593678, "delta": 0.01002}}
{"target": -482.2646713810236, "params": {"gamma": 7.8807074621719, "prior": 6.068366841630134, "rate": 9.80334851848814}, "datetime": {"datetime": "2024-04-09 03:00:10", "elapsed": 5.60315, "delta": 0.009472}}
{"target": -179.27316857090256, "params": {"gamma": 2.2246095521182263, "prior": 4.716038094249078, "rate": 8.956522384191866}, "datetime": {"datetime": "2024-04-09 03:00:10", "elapsed": 5.612057, "delta": 0.008907}}
{"target": -322.88602565587877, "params": {"gamma": 6.014732663578183, "prior": 7.286992573903269, "rate": 4.137287971849402}, "datetime": {"datetime": "2024-04-09 03:00:10", "elapsed": 5.62103, "delta": 0.008973}}
{"target": -397.1061478311943, "params": {"gamma": 6.843411908691368, "prior": 9.465944795490875, "rate": 2.0026604713274816}, "datetime": {"datetime": "2024-04-09 03:00:10", "elapsed": 5.631549, "delta": 0.010519}}
{"target": -717.9862417013535, "params": {"gamma": 8.073845273509328, "prior": 9.698426319788975, "rate": 0.146672748901554}, "datetime": {"datetime": "2024-04-09 03:00:10", "elapsed": 5.640349, "delta": 0.0088}}
{"target": -192.7043250061952, "params": {"gamma": 2.152880656357681, "prior": 1.2620315110999845, "rate": 7.674467753896792}, "datetime": {"datetime": "2024-04-09 03:00:10", "elapsed": 5.64898, "delta": 0.008631}}
{"target": -129.8449832761305, "params": {"gamma": 0.8130846428413901, "prior": 9.984294230049985, "rate": 3.8967305467771722}, "datetime": {"datetime": "2024-04-09 03:00:10", "elapsed": 5.658315, "delta": 0.009335}}
{"target": -585.6451761497815, "params": {"gamma": 9.05212245656447, "prior": 1.9669182746447318, "rate": 4.409281126023087}, "datetime": {"datetime": "2024-04-09 03:00:10", "elapsed": 5.667974, "delta": 0.009659}}
{"target": -449.2323635968054, "params": {"gamma": 8.448273378243028, "prior": 5.993170828665236, "rate": 4.6221188088168805}, "datetime": {"datetime": "2024-04-09 03:00:10", "elapsed": 5.676699, "delta": 0.008725}}
{"target": -291.923292191973, "params": {"gamma": 5.12698481782442, "prior": 5.781466716234239, "rate": 4.403751756648346}, "datetime": {"datetime": "2024-04-09 03:00:10", "elapsed": 5.68527, "delta": 0.008571}}
{"target": -160.45919541937977, "params": {"gamma": 1.936396018280381, "prior": 1.2282610384459451, "rate": 1.5131280457741099}, "datetime": {"datetime": "2024-04-09 03:00:10", "elapsed": 5.695587, "delta": 0.010317}}
{"target": -119.87223893106179, "params": {"gamma": 0.5258571475674859, "prior": 5.630896469529952, "rate": 8.47736241934607}, "datetime": {"datetime": "2024-04-09 03:00:10", "elapsed": 5.704208, "delta": 0.008621}}
{"target": -279.37886796105454, "params": {"gamma": 3.5918342699021832, "prior": 0.8455776390945964, "rate": 4.257818395439178}, "datetime": {"datetime": "2024-04-09 03:00:10", "elapsed": 5.712713, "delta": 0.008505}}
{"target": -386.12147070846794, "params": {"gamma": 6.020476376881542, "prior": 4.311494309198812, "rate": 8.107401614840093}, "datetime": {"datetime": "2024-04-09 03:00:10", "elapsed": 5.721595, "delta": 0.008882}}
{"target": -500.2744160172471, "params": {"gamma": 9.418920575620866, "prior": 8.71211665535671, "rate": 7.040290983300606}, "datetime": {"datetime": "2024-04-09 03:00:10", "elapsed": 5.731956, "delta": 0.010361}}
{"target": -439.5519379069501, "params": {"gamma": 4.7035189488969715, "prior": 6.858710624742188, "rate": 0.13516968725473882}, "datetime": {"datetime": "2024-04-09 03:00:10", "elapsed": 5.740705, "delta": 0.008749}}
{"target": -717.3022830145317, "params": {"gamma": 9.824798706901937, "prior": 1.8035655851060701, "rate": 9.062697699220857}, "datetime": {"datetime": "2024-04-09 03:00:10", "elapsed": 5.749547, "delta": 0.008842}}
{"target": -414.8538767744926, "params": {"gamma": 8.071291906759395, "prior": 8.02138287543118, "rate": 2.690091641792864}, "datetime": {"datetime": "2024-04-09 03:00:10", "elapsed": 5.758798, "delta": 0.009251}}
{"target": -178.17396978434172, "params": {"gamma": 2.1923189037668234, "prior": 4.345126859849478, "rate": 8.493861636205818}, "datetime": {"datetime": "2024-04-09 03:00:10", "elapsed": 5.768399, "delta": 0.009601}}
{"target": -258.5702855745019, "params": {"gamma": 4.5043460450747315, "prior": 9.360659128669912, "rate": 3.5274405931901285}, "datetime": {"datetime": "2024-04-09 03:00:10", "elapsed": 5.777303, "delta": 0.008904}}
{"target": -335.14071634615374, "params": {"gamma": 6.194302264801901, "prior": 9.808920459922224, "rate": 6.434981759885809}, "datetime": {"datetime": "2024-04-09 03:00:10", "elapsed": 5.785889, "delta": 0.008586}}
{"target": -124.37278544208067, "params": {"gamma": 0.45593666218999723, "prior": 4.6892152004219465, "rate": 3.348178685792924}, "datetime": {"datetime": "2024-04-09 03:00:10", "elapsed": 5.796123, "delta": 0.010234}}
{"target": -291.11156040166566, "params": {"gamma": 5.322283303668225, "prior": 2.9189874652700007, "rate": 1.223490041069798}, "datetime": {"datetime": "2024-04-09 03:00:10", "elapsed": 5.804801, "delta": 0.008678}}
{"target": -395.7792471016426, "params": {"gamma": 6.683221598519268, "prior": 6.845461573423933, "rate": 8.671525860690885}, "datetime": {"datetime": "2024-04-09 03:00:10", "elapsed": 5.81336, "delta": 0.008559}}
{"target": -136.0435988316977, "params": {"gamma": 1.3246825541338114, "prior": 8.006341051952507, "rate": 8.267860615312884}, "datetime": {"datetime": "2024-04-09 03:00:10", "elapsed": 5.822273, "delta": 0.008913}}
{"target": -382.093945026359, "params": {"gamma": 6.465852807575769, "prior": 2.128729243228275, "rate": 2.6149457233439732}, "datetime": {"datetime": "2024-04-09 03:00:10", "elapsed": 5.83229, "delta": 0.010017}}
{"target": -253.3541060601125, "params": {"gamma": 4.185549678574218, "prior": 5.46381082054904, "rate": 4.774902117966579}, "datetime": {"datetime": "2024-04-09 03:00:10", "elapsed": 5.840939, "delta": 0.008649}}
{"target": -282.1258339946672, "params": {"gamma": 4.67513146056165, "prior": 8.414423030956907, "rate": 8.70115355071037}, "datetime": {"datetime": "2024-04-09 03:00:10", "elapsed": 5.849562, "delta": 0.008623}}
{"target": -425.31546046826173, "params": {"gamma": 8.16772288980329, "prior": 8.790234044483526, "rate": 5.710516610608794}, "datetime": {"datetime": "2024-04-09 03:00:10", "elapsed": 5.858827, "delta": 0.009265}}
{"target": -530.255905360243, "params": {"gamma": 9.64039729725748, "prior": 6.104789047679629, "rate": 6.039873463055735}, "datetime": {"datetime": "2024-04-09 03:00:10", "elapsed": 5.868336, "delta": 0.009509}}
{"target": -270.5248806704863, "params": {"gamma": 3.193658073009114, "prior": 6.843921422758488, "rate": 0.5206049193651046}, "datetime": {"datetime": "2024-04-09 03:00:10", "elapsed": 5.87708, "delta": 0.008744}}
{"target": -146.32575044637568, "params": {"gamma": 1.3463296636984106, "prior": 1.3893974589703744, "rate": 6.5523576709601326}, "datetime": {"datetime": "2024-04-09 03:00:10", "elapsed": 5.88547, "delta": 0.00839}}
{"target": -177.5355760234076, "params": {"gamma": 1.7541505851216117, "prior": 3.4773535501903177, "rate": 0.44407224667521283}, "datetime": {"datetime": "2024-04-09 03:00:10", "elapsed": 5.895794, "delta": 0.010324}}
{"target": -170.580119487792, "params": {"gamma": 2.33810986680499, "prior": 9.645820816008012, "rate": 5.091884885761161}, "datetime": {"datetime": "2024-04-09 03:00:10", "elapsed": 5.904663, "delta": 0.008869}}
{"target": -146.25828470767888, "params": {"gamma": 1.5115941101958479, "prior": 5.277784464171196, "rate": 9.435150329726897}, "datetime": {"datetime": "2024-04-09 03:00:10", "elapsed": 5.913287, "delta": 0.008624}}
{"target": -453.9125744483576, "params": {"gamma": 8.656994454049334, "prior": 3.98145210241083, "rate": 2.8393912922180533}, "datetime": {"datetime": "2024-04-09 03:00:10", "elapsed": 5.922535, "delta": 0.009248}}
{"target": -428.99172960672473, "params": {"gamma": 7.617536897064726, "prior": 2.4807948155505692, "rate": 2.5430693142188665}, "datetime": {"datetime": "2024-04-09 03:00:10", "elapsed": 5.932725, "delta": 0.01019}}
{"target": -126.9671839801522, "params": {"gamma": 0.841779455445115, "prior": 8.655026538163867, "rate": 4.4795412572871784}, "datetime": {"datetime": "2024-04-09 03:00:10", "elapsed": 5.941403, "delta": 0.008678}}
{"target": -330.52836716075285, "params": {"gamma": 5.618300819839127, "prior": 7.393438481165847, "rate": 7.965092182444826}, "datetime": {"datetime": "2024-04-09 03:00:10", "elapsed": 5.950158, "delta": 0.008755}}
{"target": -332.60744783628127, "params": {"gamma": 4.475633881764149, "prior": 1.9228628061404038, "rate": 8.287499782431489}, "datetime": {"datetime": "2024-04-09 03:00:10", "elapsed": 5.960288, "delta": 0.01013}}
{"target": -128.91301540115245, "params": {"gamma": 0.3109486003227299, "prior": 9.47260986911873, "rate": 5.770201486928539}, "datetime": {"datetime": "2024-04-09 03:00:10", "elapsed": 5.969174, "delta": 0.008886}}
{"target": -438.93507585331935, "params": {"gamma": 8.754011995768419, "prior": 6.124797826038231, "rate": 2.5173441819390847}, "datetime": {"datetime": "2024-04-09 03:00:10", "elapsed": 5.977865, "delta": 0.008691}}
{"target": -214.69985056690928, "params": {"gamma": 2.962003105035548, "prior": 5.375933334413366, "rate": 9.620820050258088}, "datetime": {"datetime": "2024-04-09 03:00:10", "elapsed": 5.986403, "delta": 0.008538}}
{"target": -152.81453276963833, "params": {"gamma": 1.8457715492972864, "prior": 5.147993943616779, "rate": 3.4385372462650072}, "datetime": {"datetime": "2024-04-09 03:00:10", "elapsed": 5.996706, "delta": 0.010303}}
{"target": -395.47748800025016, "params": {"gamma": 7.697483724226901, "prior": 8.048378215680998, "rate": 4.246174543111865}, "datetime": {"datetime": "2024-04-09 03:00:10", "elapsed": 6.005426, "delta": 0.00872}}
{"target": -175.0381570351448, "params": {"gamma": 2.042020877443364, "prior": 0.7641856572556677, "rate": 1.9872839959411943}, "datetime": {"datetime": "2024-04-09 03:00:10", "elapsed": 6.013889, "delta": 0.008463}}
{"target": -198.23743105598257, "params": {"gamma": 2.7247361004436925, "prior": 6.028010287301183, "rate": 8.730961889247082}, "datetime": {"datetime": "2024-04-09 03:00:10", "elapsed": 6.022637, "delta": 0.008748}}
{"target": -134.4305502477188, "params": {"gamma": 1.2831811575160175, "prior": 9.58606854297747, "rate": 6.832025267697611}, "datetime": {"datetime": "2024-04-09 03:00:10", "elapsed": 6.032645, "delta": 0.010008}}
{"target": -380.60134588764316, "params": {"gamma": 7.419900392548125, "prior": 9.830519780617808, "rate": 4.161591625408803}, "datetime": {"datetime": "2024-04-09 03:00:10", "elapsed": 6.041116, "delta": 0.008471}}
{"target": -300.09420447010683, "params": {"gamma": 5.316303075493122, "prior": 6.824208206937614, "rate": 5.129238550757324}, "datetime": {"datetime": "2024-04-09 03:00:10", "elapsed": 6.049885, "delta": 0.008769}}
{"target": -224.55103831964914, "params": {"gamma": 2.991824334263695, "prior": 1.143308260027389, "rate": 2.8500365250757254}, "datetime": {"datetime": "2024-04-09 03:00:10", "elapsed": 6.058955, "delta": 0.00907}}
{"target": -448.35738532235575, "params": {"gamma": 7.688759630029292, "prior": 6.443748774073277, "rate": 8.013505701328722}, "datetime": {"datetime": "2024-04-09 03:00:10", "elapsed": 6.068556, "delta": 0.009601}}
{"target": -354.77773626729817, "params": {"gamma": 5.171688199172296, "prior": 2.3977902162787172, "rate": 6.279991307892046}, "datetime": {"datetime": "2024-04-09 03:00:10", "elapsed": 6.077349, "delta": 0.008793}}
{"target": -265.94320805394653, "params": {"gamma": 3.040750894733009, "prior": 0.39233457492600754, "rate": 9.03340843699194}, "datetime": {"datetime": "2024-04-09 03:00:10", "elapsed": 6.086186, "delta": 0.008837}}
{"target": -278.8001525147688, "params": {"gamma": 4.2042753184590484, "prior": 4.318694726204651, "rate": 7.412776101583259}, "datetime": {"datetime": "2024-04-09 03:00:10", "elapsed": 6.096404, "delta": 0.010218}}
{"target": -606.1504971694096, "params": {"gamma": 9.484635584653631, "prior": 0.8179037276500872, "rate": 1.7278381802346168}, "datetime": {"datetime": "2024-04-09 03:00:10", "elapsed": 6.105108, "delta": 0.008704}}
{"target": -230.38465001823886, "params": {"gamma": 3.224252533837974, "prior": 2.5594000386689704, "rate": 4.9554543186305695}, "datetime": {"datetime": "2024-04-09 03:00:10", "elapsed": 6.113652, "delta": 0.008544}}
{"target": -432.8725865721381, "params": {"gamma": 8.244771648366036, "prior": 8.55432690792754, "rate": 5.958703590644958}, "datetime": {"datetime": "2024-04-09 03:00:10", "elapsed": 6.122395, "delta": 0.008743}}
{"target": -200.42745585912536, "params": {"gamma": 2.4024971645768356, "prior": 1.9462776138995845, "rate": 7.434161733507989}, "datetime": {"datetime": "2024-04-09 03:00:10", "elapsed": 6.132362, "delta": 0.009967}}
{"target": -180.97882399732907, "params": {"gamma": 2.372903362377833, "prior": 5.440959820172842, "rate": 7.493058590484791}, "datetime": {"datetime": "2024-04-09 03:00:10", "elapsed": 6.140989, "delta": 0.008627}}
{"target": -181.98724322087696, "params": {"gamma": 2.283262797049244, "prior": 1.8275617569701659, "rate": 0.39831713007193664}, "datetime": {"datetime": "2024-04-09 03:00:10", "elapsed": 6.149767, "delta": 0.008778}}
{"target": -168.58460767523735, "params": {"gamma": 1.4765408081617755, "prior": 8.52924517877521, "rate": 1.0472544815378406}, "datetime": {"datetime": "2024-04-09 03:00:10", "elapsed": 6.158771, "delta": 0.009004}}
{"target": -207.49915462417232, "params": {"gamma": 2.2372268102276505, "prior": 0.4242962774851736, "rate": 6.763889997877335}, "datetime": {"datetime": "2024-04-09 03:00:10", "elapsed": 6.168275, "delta": 0.009504}}
{"target": -173.83452000987617, "params": {"gamma": 2.317799711505731, "prior": 4.194558006237466, "rate": 1.393872412065944}, "datetime": {"datetime": "2024-04-09 03:00:10", "elapsed": 6.176906, "delta": 0.008631}}
{"target": -241.03752239901257, "params": {"gamma": 3.772795658827454, "prior": 4.301930915772191, "rate": 4.730176553648271}, "datetime": {"datetime": "2024-04-09 03:00:10", "elapsed": 6.185615, "delta": 0.008709}}
{"target": -331.237024599019, "params": {"gamma": 4.228995288573093, "prior": 1.1172899823542268, "rate": 7.72603008604881}, "datetime": {"datetime": "2024-04-09 03:00:10", "elapsed": 6.195882, "delta": 0.010267}}
{"target": -137.27952061358513, "params": {"gamma": 1.3729228288956241, "prior": 4.300494505825538, "rate": 2.7202891684153423}, "datetime": {"datetime": "2024-04-09 03:00:10", "elapsed": 6.204629, "delta": 0.008747}}
{"target": -199.30542602579112, "params": {"gamma": 3.0107784228559833, "prior": 6.756965648605682, "rate": 5.178349451410332}, "datetime": {"datetime": "2024-04-09 03:00:10", "elapsed": 6.213063, "delta": 0.008434}}
{"target": -155.00786316126633, "params": {"gamma": 1.9016804177489257, "prior": 4.744430954350433, "rate": 3.396069147094239}, "datetime": {"datetime": "2024-04-09 03:00:11", "elapsed": 6.221963, "delta": 0.0089}}
{"target": -496.35360443739245, "params": {"gamma": 7.045267485283013, "prior": 2.338342504082235, "rate": 8.450036385446094}, "datetime": {"datetime": "2024-04-09 03:00:11", "elapsed": 6.232388, "delta": 0.010425}}
{"target": -288.609732593791, "params": {"gamma": 5.262770419251413, "prior": 5.056133771938582, "rate": 2.537604383069914}, "datetime": {"datetime": "2024-04-09 03:00:11", "elapsed": 6.241366, "delta": 0.008978}}
{"target": -163.2143673099746, "params": {"gamma": 1.8623705416969032, "prior": 4.771008721102208, "rate": 9.818262353834747}, "datetime": {"datetime": "2024-04-09 03:00:11", "elapsed": 6.250271, "delta": 0.008905}}
{"target": -141.83367702862768, "params": {"gamma": 1.3299294703806088, "prior": 2.9062780810377657, "rate": 8.006611101660276}, "datetime": {"datetime": "2024-04-09 03:00:11", "elapsed": 6.260003, "delta": 0.009732}}
{"target": -384.2189207655238, "params": {"gamma": 6.648104208209039, "prior": 2.859708246065027, "rate": 3.1471614201443434}, "datetime": {"datetime": "2024-04-09 03:00:11", "elapsed": 6.269383, "delta": 0.00938}}
{"target": -264.16864015912745, "params": {"gamma": 4.200062595764889, "prior": 6.067588946198732, "rate": 7.193668333443535}, "datetime": {"datetime": "2024-04-09 03:00:11", "elapsed": 6.278103, "delta": 0.00872}}
{"target": -435.3623644047999, "params": {"gamma": 8.573146034178855, "prior": 6.843003557538256, "rate": 2.370583662652512}, "datetime": {"datetime": "2024-04-09 03:00:11", "elapsed": 6.286916, "delta": 0.008813}}
{"target": -461.55036593465695, "params": {"gamma": 9.257279632827263, "prior": 7.833834466690084, "rate": 3.0745074227980154}, "datetime": {"datetime": "2024-04-09 03:00:11", "elapsed": 6.297111, "delta": 0.010195}}
{"target": -231.88543378691497, "params": {"gamma": 3.0503514507789897, "prior": 8.823566352446155, "rate": 1.2616587254915876}, "datetime": {"datetime": "2024-04-09 03:00:11", "elapsed": 6.305839, "delta": 0.008728}}
{"target": -434.41729242426027, "params": {"gamma": 6.334974881523022, "prior": 2.8493560514869, "rate": 8.272176051067923}, "datetime": {"datetime": "2024-04-09 03:00:11", "elapsed": 6.314417, "delta": 0.008578}}
{"target": -233.1650302205289, "params": {"gamma": 3.645869952111327, "prior": 7.360324335241457, "rate": 1.9249864862469743}, "datetime": {"datetime": "2024-04-09 03:00:11", "elapsed": 6.323215, "delta": 0.008798}}
{"target": -269.627668054121, "params": {"gamma": 4.814977529509854, "prior": 8.05558680166717, "rate": 3.9704851285120673}, "datetime": {"datetime": "2024-04-09 03:00:11", "elapsed": 6.333605, "delta": 0.01039}}
