{"target": -120.87865881743295, "params": {"gamma": 0.8742040891691841, "lr": 0.3722270472614341}, "datetime": {"datetime": "2024-04-04 02:13:59", "elapsed": 9724.217596, "delta": 67.617271}}
{"target": -127.88618368249129, "params": {"gamma": 1.1675270187114464, "lr": 0.2992812858774673}, "datetime": {"datetime": "2024-04-04 02:14:43", "elapsed": 9767.881281, "delta": 43.663685}}
{"target": -117.4586329466887, "params": {"gamma": 0.572667155216379, "lr": 0.5707673996860476}, "datetime": {"datetime": "2024-04-04 02:16:05", "elapsed": 9850.224449, "delta": 82.343168}}
{"target": -137.17275447271885, "params": {"gamma": 0.04879221006198482, "lr": 0.554611154439927}, "datetime": {"datetime": "2024-04-04 02:17:26", "elapsed": 9930.713742, "delta": 80.489293}}
{"target": -117.72455169694524, "params": {"gamma": 0.27152110588283285, "lr": 0.3378543557192373}, "datetime": {"datetime": "2024-04-04 02:18:30", "elapsed": 9994.924389, "delta": 64.210647}}
{"target": -116.50494181163421, "params": {"gamma": 0.5687676472672798, "lr": 0.5084638942587287}, "datetime": {"datetime": "2024-04-04 02:19:39", "elapsed": 10063.922514, "delta": 68.998125}}
{"target": -143.13559501500185, "params": {"gamma": 1.517046144903556, "lr": 0.2575184291937366}, "datetime": {"datetime": "2024-04-04 02:20:55", "elapsed": 10139.511716, "delta": 75.589202}}
{"target": -120.06195177720525, "params": {"gamma": 0.734411422079566, "lr": 0.20705190481543645}, "datetime": {"datetime": "2024-04-04 02:21:47", "elapsed": 10191.859761, "delta": 52.348045}}
{"target": -122.33146436789266, "params": {"gamma": 0.37674122502608515, "lr": 0.14894504087720395}, "datetime": {"datetime": "2024-04-04 02:23:08", "elapsed": 10272.961226, "delta": 81.101465}}
{"target": -117.3869095580358, "params": {"gamma": 0.5995917005278276, "lr": 0.5309609613047797}, "datetime": {"datetime": "2024-04-04 02:24:33", "elapsed": 10357.987284, "delta": 85.026058}}
{"target": -122.28457098408448, "params": {"gamma": 0.19326988487084093, "lr": 0.6276324122186502}, "datetime": {"datetime": "2024-04-04 02:25:50", "elapsed": 10434.788374, "delta": 76.80109}}
{"target": -107.88493838371738, "params": {"gamma": 0.5938606893370358, "lr": 0.3041279510650151}, "datetime": {"datetime": "2024-04-04 02:26:47", "elapsed": 10491.447326, "delta": 56.658952}}
{"target": -140.0929145976844, "params": {"gamma": 1.1513682445461442, "lr": 0.24086601921727652}, "datetime": {"datetime": "2024-04-04 02:27:51", "elapsed": 10555.413362, "delta": 63.966036}}
{"target": -139.49792756012278, "params": {"gamma": 0.6458988513685786, "lr": 0.8981551456119491}, "datetime": {"datetime": "2024-04-04 02:28:58", "elapsed": 10622.603614, "delta": 67.190252}}
{"target": -111.49220341396705, "params": {"gamma": 0.5401134919365157, "lr": 0.41820478432672603}, "datetime": {"datetime": "2024-04-04 02:29:49", "elapsed": 10673.476719, "delta": 50.873105}}
{"target": -116.19794777383967, "params": {"gamma": 0.7453205235053698, "lr": 0.3695793845798325}, "datetime": {"datetime": "2024-04-04 02:30:53", "elapsed": 10737.936867, "delta": 64.460148}}
{"target": -115.9598351235904, "params": {"gamma": 0.3285155435220611, "lr": 0.5490990484977142}, "datetime": {"datetime": "2024-04-04 02:31:52", "elapsed": 10796.440713, "delta": 58.503846}}
{"target": -110.64644217081565, "params": {"gamma": 0.8391014655732556, "lr": 0.27784636829982934}, "datetime": {"datetime": "2024-04-04 02:32:55", "elapsed": 10860.189485, "delta": 63.748772}}
{"target": -117.51215417984362, "params": {"gamma": 0.663951905642732, "lr": 0.2409581115451349}, "datetime": {"datetime": "2024-04-04 02:33:53", "elapsed": 10918.156066, "delta": 57.966581}}
{"target": -117.90195337002993, "params": {"gamma": 0.27199641256533996, "lr": 0.5221538017966664}, "datetime": {"datetime": "2024-04-04 02:35:40", "elapsed": 11024.529116, "delta": 106.37305}}
{"target": -128.03586711029817, "params": {"gamma": 0.9870100072824936, "lr": 0.46655882176769803}, "datetime": {"datetime": "2024-04-04 02:36:37", "elapsed": 11081.815374, "delta": 57.286258}}
{"target": -121.76053222709565, "params": {"gamma": 0.7186064553004075, "lr": 0.5945685132693287}, "datetime": {"datetime": "2024-04-04 02:38:33", "elapsed": 11198.187541, "delta": 116.372167}}
