{"target": -160.44931292025046, "params": {"gamma": 1.0947197590216522, "lr": 0.673041054216622}, "datetime": {"datetime": "2024-04-03 23:31:57", "elapsed": 1.308406, "delta": 0.002943}}
{"target": -611.4810264594322, "params": {"gamma": 4.999823778620901, "lr": 0.777098229275783}, "datetime": {"datetime": "2024-04-03 23:31:57", "elapsed": 1.311343, "delta": 0.002937}}
{"target": -528.5627029606387, "params": {"gamma": 1.4369263717442184, "lr": 0.08320263643587555}, "datetime": {"datetime": "2024-04-03 23:31:57", "elapsed": 1.314211, "delta": 0.002868}}
{"target": -501.32636392178154, "params": {"gamma": 3.9927868349191855, "lr": 0.7969622519799001}, "datetime": {"datetime": "2024-04-03 23:31:57", "elapsed": 1.317145, "delta": 0.002934}}
{"target": -254.81779755218201, "params": {"gamma": 1.917565713359991, "lr": 0.767777192147274}, "datetime": {"datetime": "2024-04-03 23:31:57", "elapsed": 1.320145, "delta": 0.003}}
{"target": -280.2535983277045, "params": {"gamma": 2.90368967262162, "lr": 0.21689148761179533}, "datetime": {"datetime": "2024-04-03 23:31:57", "elapsed": 1.323094, "delta": 0.002949}}
{"target": -125.4476760232498, "params": {"gamma": 0.1681391751809873, "lr": 0.3986590599223787}, "datetime": {"datetime": "2024-04-03 23:31:57", "elapsed": 1.325934, "delta": 0.00284}}
{"target": -410.9611836869616, "params": {"gamma": 3.8114338314432303, "lr": 0.6593449361953647}, "datetime": {"datetime": "2024-04-03 23:31:57", "elapsed": 1.328864, "delta": 0.00293}}
{"target": -138.26314247331325, "params": {"gamma": 0.7101130863034019, "lr": 0.15260398704227185}, "datetime": {"datetime": "2024-04-03 23:31:57", "elapsed": 1.331802, "delta": 0.002938}}
{"target": -140.95205296380206, "params": {"gamma": 0.16674225312644053, "lr": 0.11379635644740682}, "datetime": {"datetime": "2024-04-03 23:31:57", "elapsed": 1.334722, "delta": 0.00292}}
{"target": -567.6170957362756, "params": {"gamma": 6.518240970824895, "lr": 0.4026568521749192}, "datetime": {"datetime": "2024-04-03 23:31:57", "elapsed": 1.337848, "delta": 0.003126}}
{"target": -339.4360517510692, "params": {"gamma": 3.2109421153589914, "lr": 0.5579119942437725}, "datetime": {"datetime": "2024-04-03 23:31:57", "elapsed": 1.340892, "delta": 0.003044}}
{"target": -1288.9209211440932, "params": {"gamma": 9.9346111705354, "lr": 0.8344865140180296}, "datetime": {"datetime": "2024-04-03 23:31:57", "elapsed": 1.343842, "delta": 0.00295}}
{"target": -1015.3748669782968, "params": {"gamma": 6.99653220081344, "lr": 0.9182585891320579}, "datetime": {"datetime": "2024-04-03 23:31:57", "elapsed": 1.346744, "delta": 0.002902}}
{"target": -207.43435747284545, "params": {"gamma": 0.3982473381241651, "lr": 0.07033344161552524}, "datetime": {"datetime": "2024-04-03 23:31:57", "elapsed": 1.349588, "delta": 0.002844}}
{"target": -425.184966042383, "params": {"gamma": 4.740588893590559, "lr": 0.3491674129570773}, "datetime": {"datetime": "2024-04-03 23:31:57", "elapsed": 1.352536, "delta": 0.002948}}
{"target": -848.6735935585693, "params": {"gamma": 9.37258336922236, "lr": 0.48956496114516856}, "datetime": {"datetime": "2024-04-03 23:31:57", "elapsed": 1.355476, "delta": 0.00294}}
{"target": -734.0889134994113, "params": {"gamma": 5.396951451823413, "lr": 0.8952603657312208}, "datetime": {"datetime": "2024-04-03 23:31:57", "elapsed": 1.358353, "delta": 0.002877}}
{"target": -607.4990781142376, "params": {"gamma": 4.466903823191082, "lr": 0.8770343892703519}, "datetime": {"datetime": "2024-04-03 23:31:57", "elapsed": 1.36122, "delta": 0.002867}}
{"target": -210.3881146251032, "params": {"gamma": 2.536563911966912, "lr": 0.27380970415810857}, "datetime": {"datetime": "2024-04-03 23:31:57", "elapsed": 1.36413, "delta": 0.00291}}
{"target": -342.6430661249993, "params": {"gamma": 3.284285539485814, "lr": 0.5475642704809535}, "datetime": {"datetime": "2024-04-03 23:31:57", "elapsed": 1.367072, "delta": 0.002942}}
{"target": -272.68213964163544, "params": {"gamma": 2.2020666115957854, "lr": 0.6714291710812733}, "datetime": {"datetime": "2024-04-03 23:31:57", "elapsed": 1.370237, "delta": 0.003165}}
{"target": -435.68647038488626, "params": {"gamma": 1.4287900347472011, "lr": 0.09410027449963942}, "datetime": {"datetime": "2024-04-03 23:31:57", "elapsed": 1.3733, "delta": 0.003063}}
{"target": -781.0776485566232, "params": {"gamma": 8.70204727030757, "lr": 0.23686870355699852}, "datetime": {"datetime": "2024-04-03 23:31:57", "elapsed": 1.376202, "delta": 0.002902}}
{"target": -391.58498560229356, "params": {"gamma": 3.8606541062149327, "lr": 0.5715420927253323}, "datetime": {"datetime": "2024-04-03 23:31:57", "elapsed": 1.379027, "delta": 0.002825}}
{"target": -1801.8572951525623, "params": {"gamma": 5.258493897544749, "lr": 0.07602387944210687}, "datetime": {"datetime": "2024-04-03 23:31:57", "elapsed": 1.381826, "delta": 0.002799}}
{"target": -1262.9188706418395, "params": {"gamma": 8.741385230044685, "lr": 0.9511356184186921}, "datetime": {"datetime": "2024-04-03 23:31:57", "elapsed": 1.384601, "delta": 0.002775}}
{"target": -622.6748184343159, "params": {"gamma": 8.125260534442543, "lr": 0.2838018349468743}, "datetime": {"datetime": "2024-04-03 23:31:57", "elapsed": 1.387411, "delta": 0.00281}}
{"target": -471.71633893279807, "params": {"gamma": 5.278940114383477, "lr": 0.3394167240176095}, "datetime": {"datetime": "2024-04-03 23:31:57", "elapsed": 1.390236, "delta": 0.002825}}
{"target": -810.0002859488344, "params": {"gamma": 5.54711844056588, "lr": 0.9744034689130026}, "datetime": {"datetime": "2024-04-03 23:31:57", "elapsed": 1.393044, "delta": 0.002808}}
{"target": -372.94832623340994, "params": {"gamma": 3.1177174742720952, "lr": 0.6687966059228697}, "datetime": {"datetime": "2024-04-03 23:31:57", "elapsed": 1.395893, "delta": 0.002849}}
{"target": -407.97082572038585, "params": {"gamma": 3.26034610588255, "lr": 0.7744772660150796}, "datetime": {"datetime": "2024-04-03 23:31:57", "elapsed": 1.398705, "delta": 0.002812}}
{"target": -454.1336092769443, "params": {"gamma": 3.258773856165435, "lr": 0.889827341447375}, "datetime": {"datetime": "2024-04-03 23:31:57", "elapsed": 1.401628, "delta": 0.002923}}
{"target": -907.9956943615304, "params": {"gamma": 7.51732550147175, "lr": 0.7626320954451107}, "datetime": {"datetime": "2024-04-03 23:31:57", "elapsed": 1.404749, "delta": 0.003121}}
{"target": -438.48943319188396, "params": {"gamma": 4.695320806570698, "lr": 0.21076450246870537}, "datetime": {"datetime": "2024-04-03 23:31:57", "elapsed": 1.407684, "delta": 0.002935}}
{"target": -109.10342100045148, "params": {"gamma": 0.4157093206854123, "lr": 0.3218287999702445}, "datetime": {"datetime": "2024-04-03 23:31:57", "elapsed": 1.410492, "delta": 0.002808}}
{"target": -117.37425492278108, "params": {"gamma": 0.3720895322754502, "lr": 0.6938554113738997}, "datetime": {"datetime": "2024-04-03 23:31:57", "elapsed": 1.413319, "delta": 0.002827}}
{"target": -576.7235385716618, "params": {"gamma": 6.703829969329749, "lr": 0.430471782744975}, "datetime": {"datetime": "2024-04-03 23:31:57", "elapsed": 1.416135, "delta": 0.002816}}
{"target": -781.1301277794082, "params": {"gamma": 7.678121987604072, "lr": 0.5360084947395637}, "datetime": {"datetime": "2024-04-03 23:31:57", "elapsed": 1.418944, "delta": 0.002809}}
{"target": -143.25954567616498, "params": {"gamma": 0.3995594064278903, "lr": 0.13479311796067905}, "datetime": {"datetime": "2024-04-03 23:31:57", "elapsed": 1.421745, "delta": 0.002801}}
{"target": -190.35072867776222, "params": {"gamma": 1.9349705737501688, "lr": 0.3356638011646498}, "datetime": {"datetime": "2024-04-03 23:31:57", "elapsed": 1.424539, "delta": 0.002794}}
{"target": -118.09545517680561, "params": {"gamma": 0.52407715142833, "lr": 0.6051167805003662}, "datetime": {"datetime": "2024-04-03 23:31:57", "elapsed": 1.427595, "delta": 0.003056}}
{"target": -561.0956962969842, "params": {"gamma": 5.121098214211664, "lr": 0.6174610120171561}, "datetime": {"datetime": "2024-04-03 23:31:57", "elapsed": 1.430516, "delta": 0.002921}}
{"target": -574.9846293294104, "params": {"gamma": 4.324123592048677, "lr": 0.8477004682374377}, "datetime": {"datetime": "2024-04-03 23:31:57", "elapsed": 1.433344, "delta": 0.002828}}
{"target": -1561.3958887927135, "params": {"gamma": 4.541136501535455, "lr": 0.015403519791920894}, "datetime": {"datetime": "2024-04-03 23:31:57", "elapsed": 1.436405, "delta": 0.003061}}
{"target": -920.5772156400192, "params": {"gamma": 8.730808416322548, "lr": 0.6562015477440989}, "datetime": {"datetime": "2024-04-03 23:31:57", "elapsed": 1.43962, "delta": 0.003215}}
{"target": -1190.3777418799896, "params": {"gamma": 8.23020740344406, "lr": 0.9517756930338517}, "datetime": {"datetime": "2024-04-03 23:31:57", "elapsed": 1.442544, "delta": 0.002924}}
{"target": -114.92487769209174, "params": {"gamma": 0.5100729227853552, "lr": 0.23507186409101455}, "datetime": {"datetime": "2024-04-03 23:31:57", "elapsed": 1.445402, "delta": 0.002858}}
{"target": -112.64139214296651, "params": {"gamma": 0.6343710911199417, "lr": 0.4216578860324509}, "datetime": {"datetime": "2024-04-03 23:31:57", "elapsed": 1.448321, "delta": 0.002919}}
{"target": -2935.629325345558, "params": {"gamma": 8.638427625869019, "lr": 0.0816239827150681}, "datetime": {"datetime": "2024-04-03 23:31:57", "elapsed": 1.451289, "delta": 0.002968}}
{"target": -858.8354506878576, "params": {"gamma": 4.7316464169059, "lr": 0.12554310980872363}, "datetime": {"datetime": "2024-04-03 23:31:57", "elapsed": 1.454212, "delta": 0.002923}}
{"target": -1007.8759878208347, "params": {"gamma": 7.729083136069011, "lr": 0.8414221567958434}, "datetime": {"datetime": "2024-04-03 23:31:57", "elapsed": 1.457098, "delta": 0.002886}}
{"target": -112.08937028973007, "params": {"gamma": 0.4338660909233998, "lr": 0.48644074317039476}, "datetime": {"datetime": "2024-04-03 23:31:57", "elapsed": 1.460041, "delta": 0.002943}}
{"target": -367.24940730613673, "params": {"gamma": 2.3948710303334217, "lr": 0.9524737816932592}, "datetime": {"datetime": "2024-04-03 23:31:57", "elapsed": 1.463029, "delta": 0.002988}}
{"target": -1022.4959879117966, "params": {"gamma": 9.438982385210178, "lr": 0.6139340023847009}, "datetime": {"datetime": "2024-04-03 23:31:57", "elapsed": 1.465932, "delta": 0.002903}}
{"target": -858.7686739362559, "params": {"gamma": 9.734900485854638, "lr": 0.344861343716251}, "datetime": {"datetime": "2024-04-03 23:31:57", "elapsed": 1.469019, "delta": 0.003087}}
{"target": -768.5594341538218, "params": {"gamma": 8.97860932595915, "lr": 0.4345949734085095}, "datetime": {"datetime": "2024-04-03 23:31:57", "elapsed": 1.472207, "delta": 0.003188}}
{"target": -362.29697310953355, "params": {"gamma": 2.35891055683799, "lr": 0.9408279632013994}, "datetime": {"datetime": "2024-04-03 23:31:57", "elapsed": 1.475236, "delta": 0.003029}}
{"target": -2333.1290717600914, "params": {"gamma": 6.842496291781293, "lr": 0.06491158533912933}, "datetime": {"datetime": "2024-04-03 23:31:57", "elapsed": 1.478139, "delta": 0.002903}}
{"target": -1058.9453293448585, "params": {"gamma": 8.704378143373837, "lr": 0.7013802946333463}, "datetime": {"datetime": "2024-04-03 23:31:57", "elapsed": 1.481086, "delta": 0.002947}}
{"target": -748.8126884124039, "params": {"gamma": 6.049663802869843, "lr": 0.7323748991793305}, "datetime": {"datetime": "2024-04-03 23:31:57", "elapsed": 1.484047, "delta": 0.002961}}
{"target": -289.01393444494073, "params": {"gamma": 2.535136985955308, "lr": 0.6004889552745444}, "datetime": {"datetime": "2024-04-03 23:31:57", "elapsed": 1.487024, "delta": 0.002977}}
{"target": -2770.550796817672, "params": {"gamma": 8.146377193435292, "lr": 0.05411366032399989}, "datetime": {"datetime": "2024-04-03 23:31:57", "elapsed": 1.489902, "delta": 0.002878}}
{"target": -202.20336364243025, "params": {"gamma": 1.3059762027213204, "lr": 0.8424458099564136}, "datetime": {"datetime": "2024-04-03 23:31:57", "elapsed": 1.49288, "delta": 0.002978}}
{"target": -631.9116080316417, "params": {"gamma": 6.183840347409528, "lr": 0.531287810481058}, "datetime": {"datetime": "2024-04-03 23:31:57", "elapsed": 1.49587, "delta": 0.00299}}
{"target": -216.73033447204128, "params": {"gamma": 2.483658999241989, "lr": 0.2950785752494959}, "datetime": {"datetime": "2024-04-03 23:31:57", "elapsed": 1.498782, "delta": 0.002912}}
{"target": -756.0470450006522, "params": {"gamma": 8.726988963029699, "lr": 0.42166593484970927}, "datetime": {"datetime": "2024-04-03 23:31:57", "elapsed": 1.501836, "delta": 0.003054}}
{"target": -139.44430998537948, "params": {"gamma": 0.6452381255404884, "lr": 0.8969850695075825}, "datetime": {"datetime": "2024-04-03 23:31:57", "elapsed": 1.504989, "delta": 0.003153}}
{"target": -289.8766125736887, "params": {"gamma": 2.0346049474076864, "lr": 0.8262275354923914}, "datetime": {"datetime": "2024-04-03 23:31:57", "elapsed": 1.508027, "delta": 0.003038}}
{"target": -799.0635529851155, "params": {"gamma": 8.81782446020499, "lr": 0.48675074481833813}, "datetime": {"datetime": "2024-04-03 23:31:57", "elapsed": 1.51093, "delta": 0.002903}}
{"target": -612.0797561393526, "params": {"gamma": 5.98504846635326, "lr": 0.527267456485417}, "datetime": {"datetime": "2024-04-03 23:31:57", "elapsed": 1.513843, "delta": 0.002913}}
{"target": -819.3883608296205, "params": {"gamma": 6.248588120560806, "lr": 0.8550417213473515}, "datetime": {"datetime": "2024-04-03 23:31:57", "elapsed": 1.516802, "delta": 0.002959}}
{"target": -394.8626557280644, "params": {"gamma": 2.8221123446002014, "lr": 0.8837555081806009}, "datetime": {"datetime": "2024-04-03 23:31:57", "elapsed": 1.519784, "delta": 0.002982}}
{"target": -1177.2714021019285, "params": {"gamma": 5.677335610861374, "lr": 0.11510304096690338}, "datetime": {"datetime": "2024-04-03 23:31:57", "elapsed": 1.522697, "delta": 0.002913}}
{"target": -241.93341663068526, "params": {"gamma": 2.270784650981365, "lr": 0.5959823856130138}, "datetime": {"datetime": "2024-04-03 23:31:57", "elapsed": 1.525596, "delta": 0.002899}}
{"target": -444.16531463647146, "params": {"gamma": 2.395222922809899, "lr": 0.13141566053746057}, "datetime": {"datetime": "2024-04-03 23:31:57", "elapsed": 1.528424, "delta": 0.002828}}
{"target": -238.4972864365251, "params": {"gamma": 1.6193152935242277, "lr": 0.8448725182357391}, "datetime": {"datetime": "2024-04-03 23:31:57", "elapsed": 1.531374, "delta": 0.00295}}
{"target": -877.2804933434153, "params": {"gamma": 6.022234355273215, "lr": 0.9635670871883419}, "datetime": {"datetime": "2024-04-03 23:31:57", "elapsed": 1.534358, "delta": 0.002984}}
{"target": -353.00063283998793, "params": {"gamma": 3.4574464537469587, "lr": 0.5956250981349497}, "datetime": {"datetime": "2024-04-03 23:31:57", "elapsed": 1.537595, "delta": 0.003237}}
{"target": -653.7987849393734, "params": {"gamma": 5.9902539044452245, "lr": 0.6157042872039488}, "datetime": {"datetime": "2024-04-03 23:31:57", "elapsed": 1.540662, "delta": 0.003067}}
{"target": -128.18020235085012, "params": {"gamma": 0.5927128946500382, "lr": 0.7503171845746859}, "datetime": {"datetime": "2024-04-03 23:31:57", "elapsed": 1.543588, "delta": 0.002926}}
{"target": -961.4399782554973, "params": {"gamma": 9.482146772378064, "lr": 0.5346790571795887}, "datetime": {"datetime": "2024-04-03 23:31:57", "elapsed": 1.54645, "delta": 0.002862}}
{"target": -255.79198590199357, "params": {"gamma": 1.926367653529729, "lr": 0.7529259149799422}, "datetime": {"datetime": "2024-04-03 23:31:57", "elapsed": 1.549279, "delta": 0.002829}}
{"target": -133.4133912870309, "params": {"gamma": 0.07418237430931014, "lr": 0.32825610365078084}, "datetime": {"datetime": "2024-04-03 23:31:57", "elapsed": 1.552102, "delta": 0.002823}}
{"target": -907.9199419725574, "params": {"gamma": 9.176145870096288, "lr": 0.5883673328938768}, "datetime": {"datetime": "2024-04-03 23:31:57", "elapsed": 1.554929, "delta": 0.002827}}
{"target": -927.6240434657097, "params": {"gamma": 8.55204764875745, "lr": 0.6046720523491877}, "datetime": {"datetime": "2024-04-03 23:31:57", "elapsed": 1.557765, "delta": 0.002836}}
{"target": -1098.5970054587044, "params": {"gamma": 8.225958947086186, "lr": 0.8794835234293169}, "datetime": {"datetime": "2024-04-03 23:31:57", "elapsed": 1.560659, "delta": 0.002894}}
{"target": -672.3494518423922, "params": {"gamma": 3.210542758870008, "lr": 0.12295477155217849}, "datetime": {"datetime": "2024-04-03 23:31:57", "elapsed": 1.563534, "delta": 0.002875}}
{"target": -619.6422796138451, "params": {"gamma": 7.213312138521522, "lr": 0.44034708683123824}, "datetime": {"datetime": "2024-04-03 23:31:57", "elapsed": 1.566397, "delta": 0.002863}}
{"target": -156.4454858148873, "params": {"gamma": 1.268230355710944, "lr": 0.5898236481098892}, "datetime": {"datetime": "2024-04-03 23:31:57", "elapsed": 1.569497, "delta": 0.0031}}
{"target": -115.56167403043821, "params": {"gamma": 0.36164707738402946, "lr": 0.20018211641098693}, "datetime": {"datetime": "2024-04-03 23:31:57", "elapsed": 1.572685, "delta": 0.003188}}
{"target": -2682.266166165491, "params": {"gamma": 7.883223595490022, "lr": 0.012096760015357866}, "datetime": {"datetime": "2024-04-03 23:31:57", "elapsed": 1.57565, "delta": 0.002965}}
{"target": -1057.2439359937027, "params": {"gamma": 3.034153371413982, "lr": 0.021375961088070716}, "datetime": {"datetime": "2024-04-03 23:31:57", "elapsed": 1.578492, "delta": 0.002842}}
{"target": -985.7677926328431, "params": {"gamma": 9.974852442290567, "lr": 0.5820299763434618}, "datetime": {"datetime": "2024-04-03 23:31:57", "elapsed": 1.581353, "delta": 0.002861}}
{"target": -442.0721566667643, "params": {"gamma": 2.93446940858208, "lr": 0.9289494618931157}, "datetime": {"datetime": "2024-04-03 23:31:57", "elapsed": 1.5842, "delta": 0.002847}}
{"target": -464.9088159003702, "params": {"gamma": 5.071687116058498, "lr": 0.4546922275524069}, "datetime": {"datetime": "2024-04-03 23:31:57", "elapsed": 1.587192, "delta": 0.002992}}
{"target": -455.45872189303395, "params": {"gamma": 5.879127191455569, "lr": 0.2641376442105696}, "datetime": {"datetime": "2024-04-03 23:31:57", "elapsed": 1.590245, "delta": 0.003053}}
{"target": -276.9286482800271, "params": {"gamma": 3.0535777051749857, "lr": 0.37165457672418245}, "datetime": {"datetime": "2024-04-03 23:31:57", "elapsed": 1.593175, "delta": 0.00293}}
{"target": -257.8894842026382, "params": {"gamma": 2.4452355457167374, "lr": 0.5845472661166298}, "datetime": {"datetime": "2024-04-03 23:31:57", "elapsed": 1.596185, "delta": 0.00301}}
{"target": -2372.132821796187, "params": {"gamma": 6.958765493189333, "lr": 0.07194722016400112}, "datetime": {"datetime": "2024-04-03 23:31:57", "elapsed": 1.599159, "delta": 0.002974}}
{"target": -1166.7247446173137, "params": {"gamma": 9.710862112935013, "lr": 0.7530706558694549}, "datetime": {"datetime": "2024-04-03 23:31:57", "elapsed": 1.602164, "delta": 0.003005}}
{"target": -972.2062018532753, "params": {"gamma": 8.061825466371129, "lr": 0.7516404040812905}, "datetime": {"datetime": "2024-04-03 23:31:57", "elapsed": 1.605356, "delta": 0.003192}}
{"target": -119.07069122235526, "params": {"gamma": 0.8015297117349018, "lr": 0.48169628302117706}, "datetime": {"datetime": "2024-04-03 23:31:57", "elapsed": 1.608376, "delta": 0.00302}}
{"target": -522.6316738988733, "params": {"gamma": 4.457283891060159, "lr": 0.6724726505249299}, "datetime": {"datetime": "2024-04-03 23:31:57", "elapsed": 1.61135, "delta": 0.002974}}
{"target": -555.8372252942778, "params": {"gamma": 4.487923850984395, "lr": 0.7043133983839096}, "datetime": {"datetime": "2024-04-03 23:31:57", "elapsed": 1.614264, "delta": 0.002914}}
{"target": -788.5194519325793, "params": {"gamma": 6.816771730688627, "lr": 0.6971485287527562}, "datetime": {"datetime": "2024-04-03 23:31:57", "elapsed": 1.61717, "delta": 0.002906}}
{"target": -773.5744671976076, "params": {"gamma": 6.186388824872803, "lr": 0.15098073327964578}, "datetime": {"datetime": "2024-04-03 23:31:57", "elapsed": 1.620137, "delta": 0.002967}}
{"target": -933.9347411521458, "params": {"gamma": 7.608263760601256, "lr": 0.781045822193957}, "datetime": {"datetime": "2024-04-03 23:31:57", "elapsed": 1.623129, "delta": 0.002992}}
{"target": -810.9077698817459, "params": {"gamma": 9.041125756152136, "lr": 0.23376869260410593}, "datetime": {"datetime": "2024-04-03 23:31:57", "elapsed": 1.626053, "delta": 0.002924}}
{"target": -188.21051067815105, "params": {"gamma": 1.7676122518303419, "lr": 0.3910991231067624}, "datetime": {"datetime": "2024-04-03 23:31:57", "elapsed": 1.628955, "delta": 0.002902}}
{"target": -433.5946718969968, "params": {"gamma": 3.206325975297607, "lr": 0.8154769290056262}, "datetime": {"datetime": "2024-04-03 23:31:57", "elapsed": 1.631936, "delta": 0.002981}}
{"target": -745.1478567376237, "params": {"gamma": 6.135645470784649, "lr": 0.7600017523497489}, "datetime": {"datetime": "2024-04-03 23:31:57", "elapsed": 1.63494, "delta": 0.003004}}
{"target": -1219.966609023352, "params": {"gamma": 4.277223331869946, "lr": 0.09944056291558923}, "datetime": {"datetime": "2024-04-03 23:31:57", "elapsed": 1.63813, "delta": 0.00319}}
{"target": -134.76256442581067, "params": {"gamma": 1.151235085490412, "lr": 0.3734071317371953}, "datetime": {"datetime": "2024-04-03 23:31:57", "elapsed": 1.641167, "delta": 0.003037}}
{"target": -278.19094913946924, "params": {"gamma": 1.939283827327562, "lr": 0.8207464986229382}, "datetime": {"datetime": "2024-04-03 23:31:57", "elapsed": 1.644142, "delta": 0.002975}}
{"target": -695.989304596266, "params": {"gamma": 5.996760448228745, "lr": 0.688845259018665}, "datetime": {"datetime": "2024-04-03 23:31:57", "elapsed": 1.647001, "delta": 0.002859}}
{"target": -1565.2267056644882, "params": {"gamma": 4.911608503081658, "lr": 0.08817368124218106}, "datetime": {"datetime": "2024-04-03 23:31:57", "elapsed": 1.64988, "delta": 0.002879}}
