{"target": -118.62962918878391, "params": {"gamma": 0.5072431260955951, "prior": 0.9054455712681737, "rate": 4.755598536546881}, "datetime": {"datetime": "2024-04-09 04:13:48", "elapsed": 4423.749873, "delta": 13.009512}}
{"target": -119.25181737354436, "params": {"gamma": 0.5867756592897906, "prior": 4.821671840022147, "rate": 10.0}, "datetime": {"datetime": "2024-04-09 04:13:57", "elapsed": 4433.140097, "delta": 9.390224}}
{"target": -118.65650515863196, "params": {"gamma": 0.5203530621047008, "prior": 0.36020538071073593, "rate": 1.5396464621377104}, "datetime": {"datetime": "2024-04-09 04:14:04", "elapsed": 4439.638814, "delta": 6.498717}}
{"target": -118.61159449394745, "params": {"gamma": 0.4873843258534403, "prior": 0.6504022696981443, "rate": 3.7422255838676293}, "datetime": {"datetime": "2024-04-09 04:14:15", "elapsed": 4451.015963, "delta": 11.377149}}
{"target": -118.8493478353013, "params": {"gamma": 0.4505459532514624, "prior": 0.3628247775526975, "rate": 6.200332278161055}, "datetime": {"datetime": "2024-04-09 04:14:21", "elapsed": 4456.852549, "delta": 5.836586}}
{"target": -118.62101096883171, "params": {"gamma": 0.47955620764776347, "prior": 1.3349906995621472, "rate": 8.539586552036976}, "datetime": {"datetime": "2024-04-09 04:14:35", "elapsed": 4470.900454, "delta": 14.047905}}
{"target": -118.80098214681796, "params": {"gamma": 0.5118729401310056, "prior": 3.2498748329677354, "rate": 9.423310338088973}, "datetime": {"datetime": "2024-04-09 04:14:46", "elapsed": 4481.639044, "delta": 10.73859}}
{"target": -118.64673037338211, "params": {"gamma": 0.5166205376044052, "prior": 2.073649511569452, "rate": 9.83305779792383}, "datetime": {"datetime": "2024-04-09 04:14:55", "elapsed": 4490.870587, "delta": 9.231543}}
{"target": -118.67290326045551, "params": {"gamma": 0.4755027788744005, "prior": 0.7887154058934711, "rate": 6.800481045581759}, "datetime": {"datetime": "2024-04-09 04:15:05", "elapsed": 4501.196054, "delta": 10.325467}}
{"target": -118.83955998571115, "params": {"gamma": 0.4345626328221543, "prior": 0.3914650516230068, "rate": 5.301553601431257}, "datetime": {"datetime": "2024-04-09 04:15:18", "elapsed": 4514.060926, "delta": 12.864872}}
{"target": -118.66006706681696, "params": {"gamma": 0.48596707617818746, "prior": 1.9231700481877392, "rate": 7.793077880250778}, "datetime": {"datetime": "2024-04-09 04:15:31", "elapsed": 4526.856887, "delta": 12.795961}}
{"target": -118.70330890897188, "params": {"gamma": 0.4965759654483889, "prior": 2.735720754040781, "rate": 9.55027615374155}, "datetime": {"datetime": "2024-04-09 04:15:40", "elapsed": 4536.03119, "delta": 9.174303}}
{"target": -118.61815047789405, "params": {"gamma": 0.48599032648864304, "prior": 1.062929781448234, "rate": 6.6226796976211135}, "datetime": {"datetime": "2024-04-09 04:16:06", "elapsed": 4561.772712, "delta": 25.741522}}
{"target": -118.62028927747306, "params": {"gamma": 0.4852074759260824, "prior": 1.3585138875395135, "rate": 6.490728390664768}, "datetime": {"datetime": "2024-04-09 04:16:17", "elapsed": 4572.634241, "delta": 10.861529}}
{"target": -118.62524120519427, "params": {"gamma": 0.49025339976352306, "prior": 1.391527963272756, "rate": 8.908125200819114}, "datetime": {"datetime": "2024-04-09 04:16:26", "elapsed": 4581.890466, "delta": 9.256225}}
{"target": -118.6431990552581, "params": {"gamma": 0.46520406363592137, "prior": 0.9650064998722679, "rate": 5.952895690837915}, "datetime": {"datetime": "2024-04-09 04:16:40", "elapsed": 4595.662327, "delta": 13.771861}}
{"target": -118.61282322018631, "params": {"gamma": 0.48209813361505804, "prior": 1.733629882015747, "rate": 9.56477589760977}, "datetime": {"datetime": "2024-04-09 04:16:48", "elapsed": 4603.584766, "delta": 7.922439}}
{"target": -118.62973726611456, "params": {"gamma": 0.48045014112345164, "prior": 1.972341251346078, "rate": 9.36692104388391}, "datetime": {"datetime": "2024-04-09 04:16:56", "elapsed": 4611.807961, "delta": 8.223195}}
{"target": -118.62577899095689, "params": {"gamma": 0.4734105925587654, "prior": 1.5078755932131254, "rate": 9.509515579971321}, "datetime": {"datetime": "2024-04-09 04:17:10", "elapsed": 4625.394936, "delta": 13.586975}}
{"target": -118.78346620609304, "params": {"gamma": 0.5040872483574905, "prior": 3.317282725967064, "rate": 10.0}, "datetime": {"datetime": "2024-04-09 04:17:30", "elapsed": 4645.310377, "delta": 19.915441}}
{"target": -118.7683336260742, "params": {"gamma": 0.48685908612507023, "prior": 1.6772450069241156, "rate": 5.516971355652278}, "datetime": {"datetime": "2024-04-09 04:17:36", "elapsed": 4651.603175, "delta": 6.292798}}
{"target": -118.670046746737, "params": {"gamma": 0.46775967655333905, "prior": 1.5099934782395812, "rate": 7.14822179186006}, "datetime": {"datetime": "2024-04-09 04:17:53", "elapsed": 4668.849351, "delta": 17.246176}}
{"target": -118.62342875084455, "params": {"gamma": 0.49413885473463537, "prior": 1.2828075976086601, "rate": 5.689738386552283}, "datetime": {"datetime": "2024-04-09 04:18:01", "elapsed": 4677.098101, "delta": 8.24875}}
{"target": -118.61347805925834, "params": {"gamma": 0.4830027799758741, "prior": 0.4684056016042215, "rate": 2.4649389580518872}, "datetime": {"datetime": "2024-04-09 04:18:13", "elapsed": 4688.520532, "delta": 11.422431}}
{"target": -118.63036902974189, "params": {"gamma": 0.5063209139337179, "prior": 0.251758624463958, "rate": 1.0808725883345256}, "datetime": {"datetime": "2024-04-09 04:18:21", "elapsed": 4696.746856, "delta": 8.226324}}
{"target": -118.61277236784659, "params": {"gamma": 0.4837772326048668, "prior": 0.22891319670523597, "rate": 1.202142795242187}, "datetime": {"datetime": "2024-04-09 04:18:29", "elapsed": 4704.767611, "delta": 8.020755}}
{"target": -118.6983395065993, "params": {"gamma": 0.4720616151559623, "prior": 0.857151726023628, "rate": 8.250309814772715}, "datetime": {"datetime": "2024-04-09 04:18:38", "elapsed": 4713.267607, "delta": 8.499996}}
{"target": -118.72016048202411, "params": {"gamma": 0.4735524775721508, "prior": 0.8892183156348588, "rate": 9.227877267155657}, "datetime": {"datetime": "2024-04-09 04:18:47", "elapsed": 4722.702404, "delta": 9.434797}}
{"target": -118.65844087060897, "params": {"gamma": 0.47169800483828045, "prior": 1.1211468081391185, "rate": 9.055638955967867}, "datetime": {"datetime": "2024-04-09 04:19:02", "elapsed": 4737.985397, "delta": 15.282993}}
{"target": -118.61857554228668, "params": {"gamma": 0.5033669256886674, "prior": 1.5581119346293635, "rate": 7.6740822838206855}, "datetime": {"datetime": "2024-04-09 04:19:13", "elapsed": 4748.927277, "delta": 10.94188}}
{"target": -118.67226502947297, "params": {"gamma": 0.5245040997764929, "prior": 1.0955697677244929, "rate": 4.412850929239742}, "datetime": {"datetime": "2024-04-09 04:19:20", "elapsed": 4755.910457, "delta": 6.98318}}
{"target": -118.9021026163983, "params": {"gamma": 0.46239631263177117, "prior": 0.27851144975290165, "rate": 5.6651788042374385}, "datetime": {"datetime": "2024-04-09 04:19:36", "elapsed": 4771.572216, "delta": 15.661759}}
{"target": -118.61215654212003, "params": {"gamma": 0.48568372373043006, "prior": 0.9671450432185907, "rate": 5.622811207872047}, "datetime": {"datetime": "2024-04-09 04:19:54", "elapsed": 4790.134745, "delta": 18.562529}}
{"target": -118.67292090970959, "params": {"gamma": 0.4955354704497737, "prior": 1.1218804567967777, "rate": 4.1894957857362405}, "datetime": {"datetime": "2024-04-09 04:20:07", "elapsed": 4802.62523, "delta": 12.490485}}
{"target": -118.62460907396053, "params": {"gamma": 0.5017367785300121, "prior": 1.4864464600106282, "rate": 6.512167372533952}, "datetime": {"datetime": "2024-04-09 04:20:17", "elapsed": 4812.888084, "delta": 10.262854}}
{"target": -118.66914279795358, "params": {"gamma": 0.48374602732499394, "prior": 0.8865829217774747, "rate": 7.262650786675683}, "datetime": {"datetime": "2024-04-09 04:20:25", "elapsed": 4820.55524, "delta": 7.667156}}
{"target": -118.72760398468212, "params": {"gamma": 0.5089739908581592, "prior": 2.626609708312566, "rate": 8.512205158719638}, "datetime": {"datetime": "2024-04-09 04:20:35", "elapsed": 4830.500936, "delta": 9.945696}}
{"target": -118.79569249646151, "params": {"gamma": 0.4864685630754655, "prior": 0.34091155903434467, "rate": 4.040578128534962}, "datetime": {"datetime": "2024-04-09 04:20:46", "elapsed": 4841.493568, "delta": 10.992632}}
{"target": -118.63423475587317, "params": {"gamma": 0.511026581252373, "prior": 1.7289360850530882, "rate": 8.594812095898286}, "datetime": {"datetime": "2024-04-09 04:21:02", "elapsed": 4858.048682, "delta": 16.555114}}
{"target": -118.83890237893665, "params": {"gamma": 0.5366811340597433, "prior": 1.8880760598733866, "rate": 5.225569728668233}, "datetime": {"datetime": "2024-04-09 04:21:25", "elapsed": 4880.921329, "delta": 22.872647}}
{"target": -119.42072276595302, "params": {"gamma": 0.5801720232121469, "prior": 2.9383288731826123, "rate": 5.285266467008888}, "datetime": {"datetime": "2024-04-09 04:21:44", "elapsed": 4899.599989, "delta": 18.67866}}
{"target": -118.635694216513, "params": {"gamma": 0.4968298884888901, "prior": 1.9157156541653593, "rate": 7.959071674844541}, "datetime": {"datetime": "2024-04-09 04:22:06", "elapsed": 4921.843578, "delta": 22.243589}}
{"target": -118.77393320755878, "params": {"gamma": 0.5035848857348297, "prior": 2.4894515141578974, "rate": 7.609707888330201}, "datetime": {"datetime": "2024-04-09 04:22:21", "elapsed": 4936.891111, "delta": 15.047533}}
{"target": -118.61362513929568, "params": {"gamma": 0.4811348068799056, "prior": 1.5096953381161813, "rate": 8.563201762103022}, "datetime": {"datetime": "2024-04-09 04:22:32", "elapsed": 4947.300503, "delta": 10.409392}}
{"target": -118.61546844255194, "params": {"gamma": 0.4883128851900407, "prior": 1.6864349377314731, "rate": 8.136494541064623}, "datetime": {"datetime": "2024-04-09 04:22:42", "elapsed": 4958.042487, "delta": 10.741984}}
{"target": -118.62426978259182, "params": {"gamma": 0.5064208669221067, "prior": 0.39655551062969074, "rate": 1.9871091160413823}, "datetime": {"datetime": "2024-04-09 04:22:50", "elapsed": 4965.70634, "delta": 7.663853}}
{"target": -118.7482908439227, "params": {"gamma": 0.46029072803725696, "prior": 0.581486864580796, "rate": 6.821285087940672}, "datetime": {"datetime": "2024-04-09 04:22:56", "elapsed": 4971.877972, "delta": 6.171632}}
{"target": -118.68938442943634, "params": {"gamma": 0.5288281059719927, "prior": 1.6590525966240557, "rate": 6.43259475843315}, "datetime": {"datetime": "2024-04-09 04:23:06", "elapsed": 4981.245906, "delta": 9.367934}}
{"target": -118.76007100555582, "params": {"gamma": 0.5224336063525877, "prior": 3.2184609601239864, "rate": 9.836595315431415}, "datetime": {"datetime": "2024-04-09 04:23:17", "elapsed": 4992.924647, "delta": 11.678741}}
{"target": -118.82821143572276, "params": {"gamma": 0.45004729766768214, "prior": 0.5309016816908487, "rate": 8.309705282235193}, "datetime": {"datetime": "2024-04-09 04:23:28", "elapsed": 5003.476356, "delta": 10.551709}}
{"target": -118.63395718944322, "params": {"gamma": 0.5112317866441619, "prior": 1.2073945665333046, "rate": 5.9299303936448}, "datetime": {"datetime": "2024-04-09 04:23:45", "elapsed": 5020.874907, "delta": 17.398551}}
{"target": -118.62203193860682, "params": {"gamma": 0.5022545901174182, "prior": 1.7155134725955818, "rate": 7.686918498220122}, "datetime": {"datetime": "2024-04-09 04:24:07", "elapsed": 5042.435238, "delta": 21.560331}}
{"target": -118.63963316798676, "params": {"gamma": 0.5042742465227725, "prior": 2.141597641514095, "rate": 8.689475711939144}, "datetime": {"datetime": "2024-04-09 04:24:16", "elapsed": 5051.45685, "delta": 9.021612}}
{"target": -118.61922071224957, "params": {"gamma": 0.49590119495525375, "prior": 0.9165687173326346, "rate": 4.155934552662134}, "datetime": {"datetime": "2024-04-09 04:24:28", "elapsed": 5063.96968, "delta": 12.51283}}
{"target": -118.62801309486004, "params": {"gamma": 0.4981706066480049, "prior": 1.4577920678154477, "rate": 8.779957934805124}, "datetime": {"datetime": "2024-04-09 04:24:40", "elapsed": 5076.204381, "delta": 12.234701}}
{"target": -118.623076386672, "params": {"gamma": 0.49312232679652057, "prior": 1.4950118579756564, "rate": 9.213669533471693}, "datetime": {"datetime": "2024-04-09 04:24:58", "elapsed": 5093.724135, "delta": 17.519754}}
{"target": -118.68054328522658, "params": {"gamma": 0.510764206660915, "prior": 0.9690845451319222, "rate": 3.456251186816596}, "datetime": {"datetime": "2024-04-09 04:25:11", "elapsed": 5106.433399, "delta": 12.709264}}
{"target": -118.63187723685981, "params": {"gamma": 0.5079556868361412, "prior": 0.572714942333179, "rate": 3.0218675997922455}, "datetime": {"datetime": "2024-04-09 04:25:19", "elapsed": 5114.935224, "delta": 8.501825}}
{"target": -118.6419360119183, "params": {"gamma": 0.5151300777755686, "prior": 1.1945955826088024, "rate": 5.601737257641908}, "datetime": {"datetime": "2024-04-09 04:25:34", "elapsed": 5129.524793, "delta": 14.589569}}
{"target": -118.63697004668443, "params": {"gamma": 0.4675205883954867, "prior": 1.1773431913777135, "rate": 7.33847744221656}, "datetime": {"datetime": "2024-04-09 04:25:50", "elapsed": 5145.26454, "delta": 15.739747}}
{"target": -118.684593389573, "params": {"gamma": 0.4882102583043583, "prior": 0.6378391984906617, "rate": 5.349530357224761}, "datetime": {"datetime": "2024-04-09 04:26:01", "elapsed": 5156.839924, "delta": 11.575384}}
{"target": -118.66029298435464, "params": {"gamma": 0.4606192750636723, "prior": 1.35168337539719, "rate": 8.029808516671835}, "datetime": {"datetime": "2024-04-09 04:26:16", "elapsed": 5171.482424, "delta": 14.6425}}
{"target": -118.64073181868714, "params": {"gamma": 0.5145473454416792, "prior": 1.4141063999023584, "rate": 6.695976077161069}, "datetime": {"datetime": "2024-04-09 04:26:31", "elapsed": 5186.854675, "delta": 15.372251}}
{"target": -118.73157240809115, "params": {"gamma": 0.5222479403049685, "prior": 3.0112488142413936, "rate": 9.69465294830054}, "datetime": {"datetime": "2024-04-09 04:26:42", "elapsed": 5197.861804, "delta": 11.007129}}
{"target": -118.65213028819034, "params": {"gamma": 0.49411028073645263, "prior": 1.7033359360136648, "rate": 6.755846731150114}, "datetime": {"datetime": "2024-04-09 04:26:57", "elapsed": 5212.688432, "delta": 14.826628}}
{"target": -118.63601488996996, "params": {"gamma": 0.4797871549065246, "prior": 1.3161470708224376, "rate": 9.414945133907006}, "datetime": {"datetime": "2024-04-09 04:27:03", "elapsed": 5218.776645, "delta": 6.088213}}
{"target": -118.83646222128607, "params": {"gamma": 0.49203645222023834, "prior": 0.7302360705681015, "rate": 9.04685953985053}, "datetime": {"datetime": "2024-04-09 04:27:14", "elapsed": 5229.906355, "delta": 11.12971}}
{"target": -118.6390935075641, "params": {"gamma": 0.5136968982476625, "prior": 1.6740479507626822, "rate": 7.35175982750302}, "datetime": {"datetime": "2024-04-09 04:27:29", "elapsed": 5244.96735, "delta": 15.060995}}
{"target": -118.7222123510831, "params": {"gamma": 0.5355616140033648, "prior": 1.6163823701897868, "rate": 5.840804413471434}, "datetime": {"datetime": "2024-04-09 04:27:38", "elapsed": 5253.950955, "delta": 8.983605}}
{"target": -118.63866511889529, "params": {"gamma": 0.4825879536881163, "prior": 1.402409633719316, "rate": 6.255041151634389}, "datetime": {"datetime": "2024-04-09 04:27:47", "elapsed": 5262.883206, "delta": 8.932251}}
{"target": -118.64972559460793, "params": {"gamma": 0.5181991833209459, "prior": 0.4255414713053538, "rate": 1.8722802371914982}, "datetime": {"datetime": "2024-04-09 04:27:59", "elapsed": 5274.571269, "delta": 11.688063}}
{"target": -118.72425595484982, "params": {"gamma": 0.5322148967337703, "prior": 2.8753990800073024, "rate": 9.862838847475174}, "datetime": {"datetime": "2024-04-09 04:28:05", "elapsed": 5280.887418, "delta": 6.316149}}
{"target": -118.63640026264345, "params": {"gamma": 0.4754366004415273, "prior": 0.705503008633633, "rate": 5.04705213988906}, "datetime": {"datetime": "2024-04-09 04:28:11", "elapsed": 5287.085371, "delta": 6.197953}}
{"target": -118.61281679629309, "params": {"gamma": 0.49166523920599214, "prior": 0.671523218758282, "rate": 3.2588379016258675}, "datetime": {"datetime": "2024-04-09 04:28:29", "elapsed": 5304.792014, "delta": 17.706643}}
{"target": -118.66666790939522, "params": {"gamma": 0.4580302123789436, "prior": 0.6301189567879604, "rate": 3.9933330414073014}, "datetime": {"datetime": "2024-04-09 04:28:42", "elapsed": 5317.657428, "delta": 12.865414}}
{"target": -118.77035332952967, "params": {"gamma": 0.529964408537762, "prior": 2.719352018916813, "rate": 8.266519174993652}, "datetime": {"datetime": "2024-04-09 04:29:04", "elapsed": 5339.271889, "delta": 21.614461}}
{"target": -118.7345768149819, "params": {"gamma": 0.48359548463901436, "prior": 0.3469685866376009, "rate": 3.543680488857474}, "datetime": {"datetime": "2024-04-09 04:29:14", "elapsed": 5349.362552, "delta": 10.090663}}
{"target": -118.64140806323822, "params": {"gamma": 0.47200107024287963, "prior": 0.617624933455496, "rate": 4.506475780803233}, "datetime": {"datetime": "2024-04-09 04:29:23", "elapsed": 5358.408055, "delta": 9.045503}}
{"target": -118.7569141153696, "params": {"gamma": 0.5313186794711322, "prior": 1.6198419518172615, "rate": 5.0765442962842595}, "datetime": {"datetime": "2024-04-09 04:29:34", "elapsed": 5369.372153, "delta": 10.964098}}
{"target": -118.7051073372531, "params": {"gamma": 0.5199650331268024, "prior": 0.47918819338468976, "rate": 2.8853466458366284}, "datetime": {"datetime": "2024-04-09 04:29:59", "elapsed": 5394.927759, "delta": 25.555606}}
{"target": -118.69260178959414, "params": {"gamma": 0.46438946252229063, "prior": 0.5686140881543541, "rate": 2.6240943398580696}, "datetime": {"datetime": "2024-04-09 04:30:13", "elapsed": 5409.149507, "delta": 14.221748}}
{"target": -118.62412529184276, "params": {"gamma": 0.49112209677844454, "prior": 1.117519510512173, "rate": 7.055827012233174}, "datetime": {"datetime": "2024-04-09 04:30:25", "elapsed": 5420.349693, "delta": 11.200186}}
{"target": -118.61576653862656, "params": {"gamma": 0.4887326940731213, "prior": 1.3166531123754883, "rate": 7.927500336610839}, "datetime": {"datetime": "2024-04-09 04:30:42", "elapsed": 5437.831365, "delta": 17.481672}}
{"target": -118.95980038177503, "params": {"gamma": 0.5436095496899953, "prior": 1.0137028201642293, "rate": 2.458300432400487}, "datetime": {"datetime": "2024-04-09 04:30:49", "elapsed": 5445.033769, "delta": 7.202404}}
{"target": -118.70697541651317, "params": {"gamma": 0.5342755445947969, "prior": 1.233487273857372, "rate": 4.918363053558686}, "datetime": {"datetime": "2024-04-09 04:31:06", "elapsed": 5461.273743, "delta": 16.239974}}
{"target": -118.6208456224495, "params": {"gamma": 0.5010334626156904, "prior": 0.6876919581333146, "rate": 3.0957598964908946}, "datetime": {"datetime": "2024-04-09 04:31:18", "elapsed": 5473.710478, "delta": 12.436735}}
{"target": -118.63223952926197, "params": {"gamma": 0.48885987531298714, "prior": 1.046980825898885, "rate": 4.570119688411332}, "datetime": {"datetime": "2024-04-09 04:31:34", "elapsed": 5489.532192, "delta": 15.821714}}
{"target": -118.61141209881964, "params": {"gamma": 0.4963226606520945, "prior": 1.2675411399599312, "rate": 6.461908909015802}, "datetime": {"datetime": "2024-04-09 04:31:40", "elapsed": 5496.078966, "delta": 6.546774}}
{"target": -118.63324325892692, "params": {"gamma": 0.4765299899114157, "prior": 1.305633253815583, "rate": 9.164473918834535}, "datetime": {"datetime": "2024-04-09 04:31:56", "elapsed": 5512.014549, "delta": 15.935583}}
{"target": -118.73510709246345, "params": {"gamma": 0.5194384572009747, "prior": 1.4747277416934559, "rate": 9.803760657383851}, "datetime": {"datetime": "2024-04-09 04:32:12", "elapsed": 5527.42004, "delta": 15.405491}}
{"target": -118.63078231847551, "params": {"gamma": 0.4705712054714073, "prior": 1.181144891487766, "rate": 6.83955152520998}, "datetime": {"datetime": "2024-04-09 04:32:23", "elapsed": 5538.449897, "delta": 11.029857}}
{"target": -118.61390781827932, "params": {"gamma": 0.48497633119000355, "prior": 1.9049926257700351, "rate": 9.652597633963984}, "datetime": {"datetime": "2024-04-09 04:32:41", "elapsed": 5556.732971, "delta": 18.283074}}
{"target": -118.67861403859955, "params": {"gamma": 0.5039703868327683, "prior": 1.2783654895500618, "rate": 4.602674354731589}, "datetime": {"datetime": "2024-04-09 04:32:53", "elapsed": 5568.689911, "delta": 11.95694}}
{"target": -118.61228721578814, "params": {"gamma": 0.4940488547383106, "prior": 0.4636101703952762, "rate": 2.253161317733965}, "datetime": {"datetime": "2024-04-09 04:33:12", "elapsed": 5587.542435, "delta": 18.852524}}
{"target": -118.61551457690368, "params": {"gamma": 0.5001540476323253, "prior": 1.0624875130394984, "rate": 5.0870732258728575}, "datetime": {"datetime": "2024-04-09 04:33:22", "elapsed": 5597.391267, "delta": 9.848832}}
{"target": -119.64425576432357, "params": {"gamma": 0.5265125876728224, "prior": 5.172512414412196, "rate": 8.478179376053479}, "datetime": {"datetime": "2024-04-09 04:33:28", "elapsed": 5604.130756, "delta": 6.739489}}
{"target": -118.64576026646753, "params": {"gamma": 0.49689569906240605, "prior": 0.3706633254686753, "rate": 2.4785648501538784}, "datetime": {"datetime": "2024-04-09 04:33:47", "elapsed": 5622.460764, "delta": 18.330008}}
{"target": -118.68689421463844, "params": {"gamma": 0.5266910731269108, "prior": 1.3405042261076539, "rate": 5.065257680360712}, "datetime": {"datetime": "2024-04-09 04:34:00", "elapsed": 5636.14665, "delta": 13.685886}}
{"target": -118.64488607107135, "params": {"gamma": 0.500032743345273, "prior": 1.3041666092887827, "rate": 5.199125911001387}, "datetime": {"datetime": "2024-04-09 04:34:18", "elapsed": 5653.227425, "delta": 17.080775}}
