{"target": -55.70328704575602, "params": {"p_ai": 6.737232067349163, "p_al": 4.427566141017447, "p_ex": 10.0, "prior": 4.042209488328747, "rate": 10.0}, "datetime": {"datetime": "2024-03-29 10:53:14", "elapsed": 1403.577847, "delta": 7.336805}}
{"target": -56.855268870997996, "params": {"p_ai": 4.880891458181172, "p_al": 3.620416021621342, "p_ex": 3.1917476370964724, "prior": 3.2412305520853972, "rate": 8.804410619099839}, "datetime": {"datetime": "2024-03-29 10:53:21", "elapsed": 1410.39978, "delta": 6.821933}}
{"target": -58.23564635474075, "params": {"p_ai": 10.0, "p_al": 0.001, "p_ex": 10.0, "prior": 2.3164718827802613, "rate": 6.722010399623666}, "datetime": {"datetime": "2024-03-29 10:53:26", "elapsed": 1415.376541, "delta": 4.976761}}
{"target": -57.92822046777928, "params": {"p_ai": 5.904440607057618, "p_al": 3.3261191018296885, "p_ex": 10.0, "prior": 10.0, "rate": 8.602033016075806}, "datetime": {"datetime": "2024-03-29 10:53:32", "elapsed": 1421.323686, "delta": 5.947145}}
{"target": -58.5406786504781, "params": {"p_ai": 10.0, "p_al": 0.001, "p_ex": 10.0, "prior": 3.0096532262395432, "rate": 10.0}, "datetime": {"datetime": "2024-03-29 10:53:37", "elapsed": 1426.285029, "delta": 4.961343}}
{"target": -63.32248038060647, "params": {"p_ai": 7.73817202298127, "p_al": 0.001, "p_ex": 10.0, "prior": 10.0, "rate": 1.7964616554173358}, "datetime": {"datetime": "2024-03-29 10:53:42", "elapsed": 1431.485115, "delta": 5.200086}}
{"target": -59.18572394488096, "params": {"p_ai": 6.589955045999144, "p_al": 0.001, "p_ex": 10.0, "prior": 6.839624628923442, "rate": 3.3359023012696043}, "datetime": {"datetime": "2024-03-29 10:53:50", "elapsed": 1439.230515, "delta": 7.7454}}
{"target": -56.081783539693, "params": {"p_ai": 7.671897667519765, "p_al": 6.602774831389833, "p_ex": 10.0, "prior": 4.557605752649611, "rate": 4.795748757366805}, "datetime": {"datetime": "2024-03-29 10:53:58", "elapsed": 1447.271775, "delta": 8.04126}}
{"target": -58.61162613330782, "params": {"p_ai": 4.143218565939624, "p_al": 10.0, "p_ex": 5.679138017645769, "prior": 6.074858470862149, "rate": 7.507766498530259}, "datetime": {"datetime": "2024-03-29 10:54:02", "elapsed": 1452.032609, "delta": 4.760834}}
{"target": -58.29844277439195, "params": {"p_ai": 9.634727291859827, "p_al": 10.0, "p_ex": 3.4755837463294013, "prior": 3.90282147752693, "rate": 10.0}, "datetime": {"datetime": "2024-03-29 10:54:08", "elapsed": 1457.436423, "delta": 5.403814}}
{"target": -58.733381286730676, "params": {"p_ai": 5.328812031663208, "p_al": 3.8238478375835494, "p_ex": 5.034255669465508, "prior": 10.0, "rate": 7.5630393456536185}, "datetime": {"datetime": "2024-03-29 10:54:15", "elapsed": 1464.786841, "delta": 7.350418}}
{"target": -54.69456061476716, "params": {"p_ai": 4.671398472384521, "p_al": 7.388277952732724, "p_ex": 3.7307532445435028, "prior": 1.168979491589765, "rate": 10.0}, "datetime": {"datetime": "2024-03-29 10:54:23", "elapsed": 1472.801298, "delta": 8.014457}}
{"target": -61.26958479931752, "params": {"p_ai": 10.0, "p_al": 5.709204853643659, "p_ex": 3.6218330371150915, "prior": 10.0, "rate": 7.940758975966272}, "datetime": {"datetime": "2024-03-29 10:54:29", "elapsed": 1478.544316, "delta": 5.743018}}
{"target": -77.20762075107031, "params": {"p_ai": 10.0, "p_al": 5.860111384070933, "p_ex": 10.0, "prior": 10.0, "rate": 0.46010810048162026}, "datetime": {"datetime": "2024-03-29 10:54:35", "elapsed": 1484.530104, "delta": 5.985788}}
{"target": -55.16837790977542, "params": {"p_ai": 7.617120170593424, "p_al": 10.0, "p_ex": 10.0, "prior": 6.3951151239351525, "rate": 10.0}, "datetime": {"datetime": "2024-03-29 10:54:45", "elapsed": 1494.229011, "delta": 9.698907}}
{"target": -64.01502567059642, "params": {"p_ai": 3.9545604033210946, "p_al": 0.001, "p_ex": 10.0, "prior": 10.0, "rate": 10.0}, "datetime": {"datetime": "2024-03-29 10:54:52", "elapsed": 1501.144902, "delta": 6.915891}}
{"target": -89.90035441462392, "params": {"p_ai": 0.001, "p_al": 0.001, "p_ex": 7.193010101791908, "prior": 0.001, "rate": 10.0}, "datetime": {"datetime": "2024-03-29 10:55:03", "elapsed": 1512.927517, "delta": 11.782615}}
{"target": -69.13097200713796, "params": {"p_ai": 8.942075465063056, "p_al": 2.4129061447801443, "p_ex": 9.914767831035425, "prior": 4.7448395012266085, "rate": 0.5499817129251635}, "datetime": {"datetime": "2024-03-29 10:55:10", "elapsed": 1519.214302, "delta": 6.286785}}
{"target": -83.37534641188486, "params": {"p_ai": 10.0, "p_al": 0.001, "p_ex": 6.040710113699888, "prior": 4.770156493580856, "rate": 0.001}, "datetime": {"datetime": "2024-03-29 10:55:18", "elapsed": 1527.994057, "delta": 8.779755}}
{"target": -61.67940081546701, "params": {"p_ai": 10.0, "p_al": 2.4961458875439586, "p_ex": 2.306256028714519, "prior": 4.570053649264826, "rate": 10.0}, "datetime": {"datetime": "2024-03-29 10:55:25", "elapsed": 1534.195385, "delta": 6.201328}}
{"target": -56.325003176943255, "params": {"p_ai": 10.0, "p_al": 4.7073451853469646, "p_ex": 10.0, "prior": 10.0, "rate": 10.0}, "datetime": {"datetime": "2024-03-29 10:55:30", "elapsed": 1539.669183, "delta": 5.473798}}
{"target": -56.18839323744207, "params": {"p_ai": 10.0, "p_al": 7.379844937913013, "p_ex": 10.0, "prior": 10.0, "rate": 10.0}, "datetime": {"datetime": "2024-03-29 10:55:35", "elapsed": 1544.536681, "delta": 4.867498}}
{"target": -59.09354926762881, "params": {"p_ai": 5.335815539758343, "p_al": 0.001, "p_ex": 10.0, "prior": 1.9282124306681463, "rate": 10.0}, "datetime": {"datetime": "2024-03-29 10:55:40", "elapsed": 1550.087214, "delta": 5.550533}}
{"target": -87.850794287117, "params": {"p_ai": 10.0, "p_al": 10.0, "p_ex": 0.9559261926128955, "prior": 1.5079770055324395, "rate": 10.0}, "datetime": {"datetime": "2024-03-29 10:55:47", "elapsed": 1556.51946, "delta": 6.432246}}
{"target": -58.06949228736564, "params": {"p_ai": 9.985893636057629, "p_al": 7.295605264877619, "p_ex": 9.799775038458863, "prior": 9.73054000100026, "rate": 5.217267303930747}, "datetime": {"datetime": "2024-03-29 10:55:54", "elapsed": 1563.816841, "delta": 7.297381}}
{"target": -60.72098571825303, "params": {"p_ai": 4.4320352469412505, "p_al": 5.837511873303022, "p_ex": 10.0, "prior": 10.0, "rate": 10.0}, "datetime": {"datetime": "2024-03-29 10:56:00", "elapsed": 1569.265414, "delta": 5.448573}}
{"target": -80.96748897362265, "params": {"p_ai": 3.444171347397984, "p_al": 0.001, "p_ex": 0.6469548906822445, "prior": 0.001, "rate": 8.889587607916797}, "datetime": {"datetime": "2024-03-29 10:56:08", "elapsed": 1577.77442, "delta": 8.509006}}
{"target": -63.91556697389133, "params": {"p_ai": 2.640739359171337, "p_al": 2.4890253070410275, "p_ex": 10.0, "prior": 1.6059315030138577, "rate": 10.0}, "datetime": {"datetime": "2024-03-29 10:56:18", "elapsed": 1587.491619, "delta": 9.717199}}
{"target": -54.002065226280855, "params": {"p_ai": 6.261873772748595, "p_al": 6.734804182264064, "p_ex": 4.079564066782787, "prior": 4.65673798546971, "rate": 9.92626187305266}, "datetime": {"datetime": "2024-03-29 10:56:25", "elapsed": 1594.831024, "delta": 7.339405}}
{"target": -67.06411547942592, "params": {"p_ai": 7.088613656607835, "p_al": 10.0, "p_ex": 10.0, "prior": 4.664893895666672, "rate": 2.1872618198290183}, "datetime": {"datetime": "2024-03-29 10:56:35", "elapsed": 1604.340567, "delta": 9.509543}}
{"target": -59.605528547829714, "params": {"p_ai": 4.458727359281436, "p_al": 0.001, "p_ex": 6.843221079929364, "prior": 10.0, "rate": 7.35185865610055}, "datetime": {"datetime": "2024-03-29 10:56:43", "elapsed": 1613.065472, "delta": 8.724905}}
{"target": -57.54992672531313, "params": {"p_ai": 5.203075938179885, "p_al": 3.1230651108532776, "p_ex": 10.0, "prior": 5.0098174350552735, "rate": 7.061082506854644}, "datetime": {"datetime": "2024-03-29 10:56:53", "elapsed": 1623.093185, "delta": 10.027713}}
{"target": -50.89101545009919, "params": {"p_ai": 6.496243845806431, "p_al": 3.4707385816016116, "p_ex": 5.536764847071371, "prior": 4.987316632284697, "rate": 9.910539969303638}, "datetime": {"datetime": "2024-03-29 10:57:02", "elapsed": 1631.428099, "delta": 8.334914}}
{"target": -57.0052107362879, "params": {"p_ai": 8.661100703916773, "p_al": 0.001, "p_ex": 6.993460405088067, "prior": 10.0, "rate": 4.9035773466999215}, "datetime": {"datetime": "2024-03-29 10:57:09", "elapsed": 1639.004751, "delta": 7.576652}}
{"target": -54.926677771129256, "params": {"p_ai": 10.0, "p_al": 4.560945854620439, "p_ex": 7.829667355658112, "prior": 10.0, "rate": 7.685633957647769}, "datetime": {"datetime": "2024-03-29 10:57:21", "elapsed": 1650.90704, "delta": 11.902289}}
{"target": -60.478167498178024, "params": {"p_ai": 10.0, "p_al": 0.001, "p_ex": 2.810938536962916, "prior": 5.080670480152122, "rate": 6.226128384847027}, "datetime": {"datetime": "2024-03-29 10:57:34", "elapsed": 1663.777601, "delta": 12.870561}}
{"target": -55.52523714715862, "params": {"p_ai": 10.0, "p_al": 4.858564670196801, "p_ex": 9.7151677870994, "prior": 4.290551172521161, "rate": 10.0}, "datetime": {"datetime": "2024-03-29 10:57:40", "elapsed": 1669.815096, "delta": 6.037495}}
{"target": -64.4157743635209, "params": {"p_ai": 6.814453033301936, "p_al": 10.0, "p_ex": 2.9381705283536372, "prior": 10.0, "rate": 10.0}, "datetime": {"datetime": "2024-03-29 10:57:50", "elapsed": 1679.810351, "delta": 9.995255}}
{"target": -66.97891397836035, "params": {"p_ai": 2.2964973383235505, "p_al": 0.001, "p_ex": 5.073168224519126, "prior": 5.656031117427902, "rate": 10.0}, "datetime": {"datetime": "2024-03-29 10:57:58", "elapsed": 1688.031353, "delta": 8.221002}}
{"target": -79.38474428562387, "params": {"p_ai": 1.4965754091064387, "p_al": 0.001, "p_ex": 10.0, "prior": 3.243948765945914, "rate": 10.0}, "datetime": {"datetime": "2024-03-29 10:58:05", "elapsed": 1694.771556, "delta": 6.740203}}
{"target": -54.581281273120624, "params": {"p_ai": 9.934494560205751, "p_al": 0.008237247255641764, "p_ex": 7.3971619865707465, "prior": 0.2762399553476594, "rate": 6.178046994491887}, "datetime": {"datetime": "2024-03-29 10:58:11", "elapsed": 1701.023442, "delta": 6.251886}}
{"target": -55.82357545350362, "params": {"p_ai": 7.989022883173241, "p_al": 2.806114883869346, "p_ex": 9.866820510445391, "prior": 6.8002435280399, "rate": 9.761537426640423}, "datetime": {"datetime": "2024-03-29 10:58:22", "elapsed": 1711.869801, "delta": 10.846359}}
{"target": -56.34634225510999, "params": {"p_ai": 10.0, "p_al": 4.102577219377642, "p_ex": 6.909361533210537, "prior": 7.088099548513974, "rate": 4.552561757551266}, "datetime": {"datetime": "2024-03-29 10:58:29", "elapsed": 1718.270585, "delta": 6.400784}}
{"target": -56.48226197650343, "params": {"p_ai": 3.6051062576553417, "p_al": 7.661292005768687, "p_ex": 5.619269859958011, "prior": 5.363664701467811, "rate": 10.0}, "datetime": {"datetime": "2024-03-29 10:58:39", "elapsed": 1728.825835, "delta": 10.55525}}
{"target": -64.73323876056266, "params": {"p_ai": 6.450037727711345, "p_al": 0.001, "p_ex": 6.688605600315401, "prior": 10.0, "rate": 2.2649925807533635}, "datetime": {"datetime": "2024-03-29 10:58:47", "elapsed": 1736.610648, "delta": 7.784813}}
{"target": -83.26671917694392, "params": {"p_ai": 10.0, "p_al": 0.001, "p_ex": 0.001, "prior": 10.0, "rate": 0.0010000000000000286}, "datetime": {"datetime": "2024-03-29 10:58:58", "elapsed": 1747.261254, "delta": 10.650606}}
{"target": -54.54656285126366, "params": {"p_ai": 10.0, "p_al": 10.0, "p_ex": 5.169500840589557, "prior": 7.2916552697134085, "rate": 10.0}, "datetime": {"datetime": "2024-03-29 10:59:09", "elapsed": 1758.131849, "delta": 10.870595}}
{"target": -52.88815485645175, "params": {"p_ai": 6.993060191532613, "p_al": 9.91362751352142, "p_ex": 5.747876671272941, "prior": 6.421532852547333, "rate": 9.757005228796476}, "datetime": {"datetime": "2024-03-29 10:59:22", "elapsed": 1771.607699, "delta": 13.47585}}
{"target": -54.592989302803616, "params": {"p_ai": 8.935266828609764, "p_al": 1.9268947768071139, "p_ex": 7.822438038133617, "prior": 10.0, "rate": 7.886423838797737}, "datetime": {"datetime": "2024-03-29 10:59:29", "elapsed": 1779.028975, "delta": 7.421276}}
{"target": -68.35865613889177, "params": {"p_ai": 10.0, "p_al": 7.444076995460981, "p_ex": 3.6585327687352827, "prior": 10.0, "rate": 4.156191061731762}, "datetime": {"datetime": "2024-03-29 10:59:37", "elapsed": 1787.024362, "delta": 7.995387}}
{"target": -59.79200776026911, "params": {"p_ai": 4.2343659615695035, "p_al": 10.0, "p_ex": 6.673977230154382, "prior": 8.898029507420576, "rate": 7.831640660044343}, "datetime": {"datetime": "2024-03-29 10:59:45", "elapsed": 1795.115883, "delta": 8.091521}}
{"target": -58.444135608113896, "params": {"p_ai": 4.343494886745051, "p_al": 0.001, "p_ex": 8.034271508505316, "prior": 6.746209715950879, "rate": 7.2632949636556985}, "datetime": {"datetime": "2024-03-29 10:59:53", "elapsed": 1802.767799, "delta": 7.651916}}
{"target": -91.19193310702721, "params": {"p_ai": 7.252056121332503, "p_al": 10.0, "p_ex": 0.001, "prior": 10.0, "rate": 10.0}, "datetime": {"datetime": "2024-03-29 11:00:01", "elapsed": 1810.689729, "delta": 7.92193}}
{"target": -52.914095333019375, "params": {"p_ai": 10.0, "p_al": 4.442106153417416, "p_ex": 8.484761167125166, "prior": 3.0943003340846755, "rate": 7.161014620636428}, "datetime": {"datetime": "2024-03-29 11:00:08", "elapsed": 1817.776702, "delta": 7.086973}}
{"target": -68.63963933245766, "params": {"p_ai": 10.0, "p_al": 10.0, "p_ex": 10.0, "prior": 6.451693074459485, "rate": 1.8949718178533423}, "datetime": {"datetime": "2024-03-29 11:00:22", "elapsed": 1832.039822, "delta": 14.26312}}
{"target": -54.76250922938736, "params": {"p_ai": 7.622638962073807, "p_al": 0.09889349058376734, "p_ex": 3.4199523815169286, "prior": 3.108648908046239, "rate": 6.459449315670221}, "datetime": {"datetime": "2024-03-29 11:00:30", "elapsed": 1840.110201, "delta": 8.070379}}
{"target": -55.46461094347495, "params": {"p_ai": 10.0, "p_al": 6.804512348066761, "p_ex": 10.0, "prior": 2.739765830844244, "rate": 5.666150138119029}, "datetime": {"datetime": "2024-03-29 11:00:37", "elapsed": 1846.353474, "delta": 6.243273}}
{"target": -51.55836309915326, "params": {"p_ai": 6.281759961482486, "p_al": 8.263309920630903, "p_ex": 7.981822893905272, "prior": 2.3287461454442684, "rate": 7.124087353497652}, "datetime": {"datetime": "2024-03-29 11:00:45", "elapsed": 1854.898878, "delta": 8.545404}}
{"target": -58.42700060751344, "params": {"p_ai": 10.0, "p_al": 4.198628643307816, "p_ex": 6.501373792595667, "prior": 10.0, "rate": 4.839896763608025}, "datetime": {"datetime": "2024-03-29 11:00:52", "elapsed": 1861.670195, "delta": 6.771317}}
{"target": -64.95631716109875, "params": {"p_ai": 7.127287852155063, "p_al": 10.0, "p_ex": 7.219362095423762, "prior": 10.0, "rate": 3.4091362632043847}, "datetime": {"datetime": "2024-03-29 11:01:01", "elapsed": 1870.557754, "delta": 8.887559}}
{"target": -61.01516005993511, "params": {"p_ai": 4.978059107386002, "p_al": 2.9331488716727443, "p_ex": 5.928207008305471, "prior": 4.342042162417023, "rate": 2.6397967179568957}, "datetime": {"datetime": "2024-03-29 11:01:08", "elapsed": 1877.473664, "delta": 6.91591}}
{"target": -57.271372834599816, "params": {"p_ai": 6.17553887217681, "p_al": 9.99606527045443, "p_ex": 5.237624276386695, "prior": 3.3756280083711623, "rate": 5.758077491684484}, "datetime": {"datetime": "2024-03-29 11:01:22", "elapsed": 1891.850996, "delta": 14.377332}}
{"target": -61.88065437643636, "params": {"p_ai": 3.446071528781273, "p_al": 7.838012883904342, "p_ex": 6.940872863956885, "prior": 10.0, "rate": 10.0}, "datetime": {"datetime": "2024-03-29 11:01:30", "elapsed": 1899.459558, "delta": 7.608562}}
{"target": -85.55197065233638, "params": {"p_ai": 10.0, "p_al": 4.281195139343723, "p_ex": 0.001, "prior": 10.0, "rate": 0.001}, "datetime": {"datetime": "2024-03-29 11:01:40", "elapsed": 1909.888787, "delta": 10.429229}}
{"target": -94.02900940148858, "params": {"p_ai": 10.0, "p_al": 10.0, "p_ex": 0.001, "prior": 6.83667176214289, "rate": 10.0}, "datetime": {"datetime": "2024-03-29 11:01:47", "elapsed": 1917.007404, "delta": 7.118617}}
{"target": -92.77529533158648, "params": {"p_ai": 10.0, "p_al": 10.0, "p_ex": 10.0, "prior": 10.0, "rate": 0.001}, "datetime": {"datetime": "2024-03-29 11:01:56", "elapsed": 1925.618459, "delta": 8.611055}}
{"target": -67.19409348280946, "params": {"p_ai": 4.947449622135271, "p_al": 0.001, "p_ex": 10.0, "prior": 10.0, "rate": 2.9019039388713534}, "datetime": {"datetime": "2024-03-29 11:02:02", "elapsed": 1931.271554, "delta": 5.653095}}
{"target": -54.54157434968076, "params": {"p_ai": 7.2220688582714825, "p_al": 0.001, "p_ex": 7.056226946329024, "prior": 10.0, "rate": 8.053859287824514}, "datetime": {"datetime": "2024-03-29 11:02:09", "elapsed": 1938.998975, "delta": 7.727421}}
{"target": -56.19942987632508, "params": {"p_ai": 10.0, "p_al": 4.00957216180236, "p_ex": 10.0, "prior": 6.868117897929773, "rate": 10.0}, "datetime": {"datetime": "2024-03-29 11:02:17", "elapsed": 1946.384026, "delta": 7.385051}}
{"target": -92.18742248575181, "params": {"p_ai": 10.0, "p_al": 10.0, "p_ex": 0.001, "prior": 10.0, "rate": 5.2216959123041775}, "datetime": {"datetime": "2024-03-29 11:02:23", "elapsed": 1952.65953, "delta": 6.275504}}
{"target": -119.56665566318125, "params": {"p_ai": 0.001, "p_al": 0.001, "p_ex": 5.751101876939645, "prior": 0.001, "rate": 0.001}, "datetime": {"datetime": "2024-03-29 11:02:34", "elapsed": 1963.904016, "delta": 11.244486}}
{"target": -50.273920710424086, "params": {"p_ai": 10.0, "p_al": 4.225348499200038, "p_ex": 5.750327200364272, "prior": 3.5724177683785556, "rate": 10.0}, "datetime": {"datetime": "2024-03-29 11:02:49", "elapsed": 1978.465776, "delta": 14.56176}}
{"target": -55.767770076142185, "params": {"p_ai": 4.89832797404918, "p_al": 10.0, "p_ex": 10.0, "prior": 3.6738334762763354, "rate": 10.0}, "datetime": {"datetime": "2024-03-29 11:02:56", "elapsed": 1986.022905, "delta": 7.557129}}
{"target": -83.58147542282698, "params": {"p_ai": 10.0, "p_al": 0.001, "p_ex": 10.0, "prior": 5.412690092878556, "rate": 0.001}, "datetime": {"datetime": "2024-03-29 11:03:04", "elapsed": 1993.61255, "delta": 7.589645}}
{"target": -60.28976147857026, "params": {"p_ai": 4.710166450894025, "p_al": 3.4478270715028816, "p_ex": 8.758257820923557, "prior": 9.846886453035687, "rate": 6.770896678500508}, "datetime": {"datetime": "2024-03-29 11:03:15", "elapsed": 2004.417385, "delta": 10.804835}}
{"target": -60.17254432508501, "params": {"p_ai": 10.0, "p_al": 0.001, "p_ex": 3.1117783010065434, "prior": 10.0, "rate": 10.0}, "datetime": {"datetime": "2024-03-29 11:03:25", "elapsed": 2014.146288, "delta": 9.728903}}
{"target": -55.636048909073665, "params": {"p_ai": 10.0, "p_al": 7.674699231489977, "p_ex": 10.0, "prior": 5.0465813359241665, "rate": 10.0}, "datetime": {"datetime": "2024-03-29 11:03:34", "elapsed": 2023.442989, "delta": 9.296701}}
{"target": -92.64454137433637, "params": {"p_ai": 10.0, "p_al": 10.0, "p_ex": 3.7138081454148746, "prior": 10.0, "rate": 0.001}, "datetime": {"datetime": "2024-03-29 11:03:52", "elapsed": 2041.624297, "delta": 18.181308}}
{"target": -56.99969710231555, "params": {"p_ai": 9.984528141492596, "p_al": 7.653284060716146, "p_ex": 5.527164408990209, "prior": 4.013828528150095, "rate": 4.759388801311509}, "datetime": {"datetime": "2024-03-29 11:04:02", "elapsed": 2051.162802, "delta": 9.538505}}
{"target": -60.577598135283516, "params": {"p_ai": 5.448953666434316, "p_al": 8.09133121484255, "p_ex": 10.0, "prior": 10.0, "rate": 5.9722334332196665}, "datetime": {"datetime": "2024-03-29 11:04:11", "elapsed": 2060.685509, "delta": 9.522707}}
{"target": -56.26328303585601, "params": {"p_ai": 10.0, "p_al": 4.278800606575364, "p_ex": 10.0, "prior": 1.0479976784152167, "rate": 4.843242977964862}, "datetime": {"datetime": "2024-03-29 11:04:23", "elapsed": 2072.229873, "delta": 11.544364}}
{"target": -52.23139401327253, "params": {"p_ai": 10.0, "p_al": 0.001, "p_ex": 5.152089858722844, "prior": 6.039764568092218, "rate": 10.0}, "datetime": {"datetime": "2024-03-29 11:04:32", "elapsed": 2081.539733, "delta": 9.30986}}
{"target": -66.41583334691747, "params": {"p_ai": 10.0, "p_al": 10.0, "p_ex": 2.9419069557903645, "prior": 1.7474480424598333, "rate": 7.582888816030344}, "datetime": {"datetime": "2024-03-29 11:04:43", "elapsed": 2092.569165, "delta": 11.029432}}
{"target": -56.31338743052157, "params": {"p_ai": 7.314839610198609, "p_al": 4.922124558016738, "p_ex": 10.0, "prior": 10.0, "rate": 10.0}, "datetime": {"datetime": "2024-03-29 11:04:49", "elapsed": 2099.018004, "delta": 6.448839}}
{"target": -51.10366120166045, "params": {"p_ai": 7.6003791479263905, "p_al": 0.001, "p_ex": 5.123922111833269, "prior": 4.854634477826317, "rate": 10.0}, "datetime": {"datetime": "2024-03-29 11:04:56", "elapsed": 2105.375818, "delta": 6.357814}}
{"target": -58.251512262628296, "params": {"p_ai": 7.494872949629164, "p_al": 2.5239518573609487, "p_ex": 10.0, "prior": 5.467870682881951, "rate": 2.8649226807210213}, "datetime": {"datetime": "2024-03-29 11:05:02", "elapsed": 2111.639264, "delta": 6.263446}}
{"target": -56.76585113255537, "params": {"p_ai": 10.0, "p_al": 5.665255518604512, "p_ex": 10.0, "prior": 10.0, "rate": 7.417921090968699}, "datetime": {"datetime": "2024-03-29 11:05:13", "elapsed": 2123.085376, "delta": 11.446112}}
{"target": -56.715961073657866, "params": {"p_ai": 6.161192720278128, "p_al": 10.0, "p_ex": 3.750522545708793, "prior": 4.221300153400119, "rate": 10.0}, "datetime": {"datetime": "2024-03-29 11:05:25", "elapsed": 2135.093466, "delta": 12.00809}}
{"target": -52.233085510212234, "params": {"p_ai": 8.259458320428848, "p_al": 5.887387901519167, "p_ex": 5.70273802156768, "prior": 6.953534187257437, "rate": 9.990718079599743}, "datetime": {"datetime": "2024-03-29 11:05:40", "elapsed": 2150.012574, "delta": 14.919108}}
