{"target": -1201.99616592205, "params": {"gamma": 6.052523738337006, "lr": 0.9904061968899467}, "datetime": {"datetime": "2024-03-29 22:13:28", "elapsed": 3.328743, "delta": 0.006974}}
{"target": -852.2915743002733, "params": {"gamma": 7.739388583314729, "lr": 0.33427640499382627}, "datetime": {"datetime": "2024-03-29 22:13:28", "elapsed": 3.33373, "delta": 0.004987}}
{"target": -196.16480366939126, "params": {"gamma": 0.8908932100029573, "lr": 0.18490559027840836}, "datetime": {"datetime": "2024-03-29 22:13:28", "elapsed": 3.345701, "delta": 0.011971}}
{"target": -562.1328037260631, "params": {"gamma": 5.2689919070424525, "lr": 0.417102418106858}, "datetime": {"datetime": "2024-03-29 22:13:28", "elapsed": 3.351683, "delta": 0.005982}}
{"target": -1584.7248968178706, "params": {"gamma": 8.006795921634268, "lr": 0.9332023381866817}, "datetime": {"datetime": "2024-03-29 22:13:28", "elapsed": 3.356667, "delta": 0.004984}}
{"target": -362.21430698372546, "params": {"gamma": 1.779469614765534, "lr": 0.8600667708762162}, "datetime": {"datetime": "2024-03-29 22:13:28", "elapsed": 3.360656, "delta": 0.003989}}
{"target": -1891.8133137363875, "params": {"gamma": 9.57399186834036, "lr": 0.9594706068497821}, "datetime": {"datetime": "2024-03-29 22:13:28", "elapsed": 3.364646, "delta": 0.00399}}
{"target": -190.52405726309294, "params": {"gamma": 0.37958801461658453, "lr": 0.05758350560817371}, "datetime": {"datetime": "2024-03-29 22:13:28", "elapsed": 3.369632, "delta": 0.004986}}
{"target": -138.63839269869695, "params": {"gamma": 0.05896813178397224, "lr": 0.3126811561554764}, "datetime": {"datetime": "2024-03-29 22:13:28", "elapsed": 3.373621, "delta": 0.003989}}
{"target": -142.4247920213472, "params": {"gamma": 0.5579284287083343, "lr": 0.29386248547054417}, "datetime": {"datetime": "2024-03-29 22:13:28", "elapsed": 3.377611, "delta": 0.00399}}
{"target": -715.7466056803602, "params": {"gamma": 3.5608088438258343, "lr": 0.9536770184739218}, "datetime": {"datetime": "2024-03-29 22:13:28", "elapsed": 3.382597, "delta": 0.004986}}
{"target": -651.835794767574, "params": {"gamma": 4.770032273945294, "lr": 0.27823844242133033}, "datetime": {"datetime": "2024-03-29 22:13:28", "elapsed": 3.388581, "delta": 0.005984}}
{"target": -716.4410657706787, "params": {"gamma": 5.030548945314497, "lr": 0.6433579246491355}, "datetime": {"datetime": "2024-03-29 22:13:28", "elapsed": 3.394565, "delta": 0.005984}}
{"target": -227.4776349130032, "params": {"gamma": 1.1133454800017826, "lr": 0.7580616581331086}, "datetime": {"datetime": "2024-03-29 22:13:28", "elapsed": 3.401546, "delta": 0.006981}}
{"target": -1574.3445554217337, "params": {"gamma": 8.519605767101668, "lr": 0.8442498595694283}, "datetime": {"datetime": "2024-03-29 22:13:28", "elapsed": 3.40753, "delta": 0.005984}}
{"target": -947.0465049361517, "params": {"gamma": 8.905177817288482, "lr": 0.38184239675576115}, "datetime": {"datetime": "2024-03-29 22:13:28", "elapsed": 3.413514, "delta": 0.005984}}
{"target": -1342.6596411053083, "params": {"gamma": 4.438608178466819, "lr": 0.10158147594616618}, "datetime": {"datetime": "2024-03-29 22:13:28", "elapsed": 3.419497, "delta": 0.005983}}
{"target": -465.62648952912554, "params": {"gamma": 2.25884341738992, "lr": 0.971320469273211}, "datetime": {"datetime": "2024-03-29 22:13:28", "elapsed": 3.425482, "delta": 0.005985}}
{"target": -557.7840643517685, "params": {"gamma": 2.8469550657183857, "lr": 0.9073961422409973}, "datetime": {"datetime": "2024-03-29 22:13:28", "elapsed": 3.431465, "delta": 0.005983}}
{"target": -1760.8411479796907, "params": {"gamma": 8.905632311496733, "lr": 0.9225044972603934}, "datetime": {"datetime": "2024-03-29 22:13:28", "elapsed": 3.435454, "delta": 0.003989}}
{"target": -324.87075605020556, "params": {"gamma": 1.5623394948435068, "lr": 0.8797221435013809}, "datetime": {"datetime": "2024-03-29 22:13:28", "elapsed": 3.439444, "delta": 0.00399}}
{"target": -913.9100241330106, "params": {"gamma": 6.320317509680909, "lr": 0.21062817841880244}, "datetime": {"datetime": "2024-03-29 22:13:28", "elapsed": 3.444431, "delta": 0.004987}}
{"target": -725.0757092206303, "params": {"gamma": 3.4518140318860318, "lr": 0.1599187885892832}, "datetime": {"datetime": "2024-03-29 22:13:28", "elapsed": 3.449416, "delta": 0.004985}}
{"target": -1505.6595191482238, "params": {"gamma": 4.444037226303826, "lr": 0.08377495384546052}, "datetime": {"datetime": "2024-03-29 22:13:28", "elapsed": 3.454403, "delta": 0.004987}}
{"target": -310.31228728392927, "params": {"gamma": 1.654019586311918, "lr": 0.19719634646666928}, "datetime": {"datetime": "2024-03-29 22:13:28", "elapsed": 3.45939, "delta": 0.004987}}
{"target": -916.2282266275333, "params": {"gamma": 6.910582388225486, "lr": 0.573802869165353}, "datetime": {"datetime": "2024-03-29 22:13:28", "elapsed": 3.463381, "delta": 0.003991}}
{"target": -1145.8486087877602, "params": {"gamma": 8.733358017233284, "lr": 0.2446340657192081}, "datetime": {"datetime": "2024-03-29 22:13:28", "elapsed": 3.46737, "delta": 0.003989}}
{"target": -2282.5060051793116, "params": {"gamma": 6.296449959232413, "lr": 0.034431265307095615}, "datetime": {"datetime": "2024-03-29 22:13:28", "elapsed": 3.472355, "delta": 0.004985}}
{"target": -980.607305596635, "params": {"gamma": 5.162468412309614, "lr": 0.8632264817138495}, "datetime": {"datetime": "2024-03-29 22:13:28", "elapsed": 3.477342, "delta": 0.004987}}
{"target": -3563.870489708678, "params": {"gamma": 9.841281312305282, "lr": 0.009872975358918512}, "datetime": {"datetime": "2024-03-29 22:13:28", "elapsed": 3.48133, "delta": 0.003988}}
{"target": -353.16208836566364, "params": {"gamma": 2.5291619792860742, "lr": 0.22384967032752534}, "datetime": {"datetime": "2024-03-29 22:13:28", "elapsed": 3.48532, "delta": 0.00399}}
{"target": -215.91053825433417, "params": {"gamma": 0.4763284046833772, "lr": 0.010172456261775653}, "datetime": {"datetime": "2024-03-29 22:13:28", "elapsed": 3.48931, "delta": 0.00399}}
{"target": -1778.7993395478222, "params": {"gamma": 4.902462927130074, "lr": 0.04548214567029407}, "datetime": {"datetime": "2024-03-29 22:13:28", "elapsed": 3.493299, "delta": 0.003989}}
{"target": -411.95585112708267, "params": {"gamma": 2.784002980338173, "lr": 0.6399745691089123}, "datetime": {"datetime": "2024-03-29 22:13:28", "elapsed": 3.498285, "delta": 0.004986}}
{"target": -415.27933004360597, "params": {"gamma": 2.9476257235674814, "lr": 0.26965470115905144}, "datetime": {"datetime": "2024-03-29 22:13:28", "elapsed": 3.505266, "delta": 0.006981}}
{"target": -635.6515888929617, "params": {"gamma": 5.905874675913428, "lr": 0.38053407720964005}, "datetime": {"datetime": "2024-03-29 22:13:28", "elapsed": 3.51125, "delta": 0.005984}}
{"target": -770.2617948398688, "params": {"gamma": 7.025527816580048, "lr": 0.4961239512498611}, "datetime": {"datetime": "2024-03-29 22:13:28", "elapsed": 3.517234, "delta": 0.005984}}
{"target": -701.2954328396095, "params": {"gamma": 6.33245944879897, "lr": 0.3533943470016294}, "datetime": {"datetime": "2024-03-29 22:13:28", "elapsed": 3.523218, "delta": 0.005984}}
{"target": -738.6088025599681, "params": {"gamma": 2.871152417608931, "lr": 0.13320711375110195}, "datetime": {"datetime": "2024-03-29 22:13:28", "elapsed": 3.527208, "delta": 0.00399}}
{"target": -1641.3203475866505, "params": {"gamma": 9.370866767604843, "lr": 0.8048358460157946}, "datetime": {"datetime": "2024-03-29 22:13:28", "elapsed": 3.531196, "delta": 0.003988}}
{"target": -1622.0736693120257, "params": {"gamma": 9.380347403020368, "lr": 0.1853805246478023}, "datetime": {"datetime": "2024-03-29 22:13:28", "elapsed": 3.535186, "delta": 0.00399}}
{"target": -1844.3177310500698, "params": {"gamma": 9.331624472469432, "lr": 0.9357532076921331}, "datetime": {"datetime": "2024-03-29 22:13:28", "elapsed": 3.541169, "delta": 0.005983}}
{"target": -398.18336047877284, "params": {"gamma": 2.8361615915229414, "lr": 0.27463424842386297}, "datetime": {"datetime": "2024-03-29 22:13:28", "elapsed": 3.547153, "delta": 0.005984}}
{"target": -961.2665070807348, "params": {"gamma": 5.514764305160052, "lr": 0.18528923936855235}, "datetime": {"datetime": "2024-03-29 22:13:28", "elapsed": 3.553137, "delta": 0.005984}}
{"target": -774.6915474863739, "params": {"gamma": 4.421569005157032, "lr": 0.1853176459376844}, "datetime": {"datetime": "2024-03-29 22:13:28", "elapsed": 3.559127, "delta": 0.00599}}
{"target": -1030.6017305378557, "params": {"gamma": 9.473811803621638, "lr": 0.4938246574910856}, "datetime": {"datetime": "2024-03-29 22:13:28", "elapsed": 3.573084, "delta": 0.013957}}
{"target": -1349.0504391538811, "params": {"gamma": 9.639213756472554, "lr": 0.6449416725122118}, "datetime": {"datetime": "2024-03-29 22:13:28", "elapsed": 3.582059, "delta": 0.008975}}
{"target": -965.6115144337826, "params": {"gamma": 4.843673414550824, "lr": 0.9676952459611975}, "datetime": {"datetime": "2024-03-29 22:13:28", "elapsed": 3.592035, "delta": 0.009976}}
{"target": -235.504165906057, "params": {"gamma": 1.4327546273059197, "lr": 0.6323298746664966}, "datetime": {"datetime": "2024-03-29 22:13:28", "elapsed": 3.601008, "delta": 0.008973}}
{"target": -739.6555775064329, "params": {"gamma": 6.6192217900001395, "lr": 0.43383982715272595}, "datetime": {"datetime": "2024-03-29 22:13:28", "elapsed": 3.604996, "delta": 0.003988}}
{"target": -139.63190491509263, "params": {"gamma": 0.594512896164236, "lr": 0.4927226011660333}, "datetime": {"datetime": "2024-03-29 22:13:28", "elapsed": 3.608987, "delta": 0.003991}}
{"target": -825.8925164205086, "params": {"gamma": 4.651874301237257, "lr": 0.8067468107748635}, "datetime": {"datetime": "2024-03-29 22:13:28", "elapsed": 3.612975, "delta": 0.003988}}
{"target": -295.41142251372327, "params": {"gamma": 2.5673532385398095, "lr": 0.3914303629842686}, "datetime": {"datetime": "2024-03-29 22:13:28", "elapsed": 3.618959, "delta": 0.005984}}
{"target": -384.71223753415, "params": {"gamma": 2.402481900006551, "lr": 0.6864434151723641}, "datetime": {"datetime": "2024-03-29 22:13:28", "elapsed": 3.622948, "delta": 0.003989}}
{"target": -1804.6747648443468, "params": {"gamma": 9.898844649917818, "lr": 0.1774295368682619}, "datetime": {"datetime": "2024-03-29 22:13:28", "elapsed": 3.628932, "delta": 0.005984}}
{"target": -1079.2101620748626, "params": {"gamma": 8.214645955522746, "lr": 0.2309885592816333}, "datetime": {"datetime": "2024-03-29 22:13:28", "elapsed": 3.632921, "delta": 0.003989}}
{"target": -196.52316607897205, "params": {"gamma": 0.5807001579142975, "lr": 0.13881651804567363}, "datetime": {"datetime": "2024-03-29 22:13:28", "elapsed": 3.637908, "delta": 0.004987}}
{"target": -1762.884291453557, "params": {"gamma": 9.351596002308344, "lr": 0.8885421033562281}, "datetime": {"datetime": "2024-03-29 22:13:28", "elapsed": 3.641897, "delta": 0.003989}}
{"target": -586.7609079903475, "params": {"gamma": 2.893315694333617, "lr": 0.9477640661016069}, "datetime": {"datetime": "2024-03-29 22:13:28", "elapsed": 3.645886, "delta": 0.003989}}
{"target": -943.236162981576, "params": {"gamma": 8.499455421778958, "lr": 0.4346547940716735}, "datetime": {"datetime": "2024-03-29 22:13:28", "elapsed": 3.65187, "delta": 0.005984}}
{"target": -658.635912501082, "params": {"gamma": 4.681027499109862, "lr": 0.6298530215834227}, "datetime": {"datetime": "2024-03-29 22:13:28", "elapsed": 3.655859, "delta": 0.003989}}
{"target": -585.3099899220774, "params": {"gamma": 1.581160317803163, "lr": 0.014782086742092915}, "datetime": {"datetime": "2024-03-29 22:13:28", "elapsed": 3.660845, "delta": 0.004986}}
{"target": -968.8483229928058, "params": {"gamma": 2.655854662706386, "lr": 0.015443631942760883}, "datetime": {"datetime": "2024-03-29 22:13:28", "elapsed": 3.664835, "delta": 0.00399}}
{"target": -884.7781196214963, "params": {"gamma": 6.745313942778413, "lr": 0.5514688358127765}, "datetime": {"datetime": "2024-03-29 22:13:28", "elapsed": 3.668824, "delta": 0.003989}}
{"target": -560.4171127870884, "params": {"gamma": 3.2171598078821737, "lr": 0.7802023371197586}, "datetime": {"datetime": "2024-03-29 22:13:28", "elapsed": 3.672814, "delta": 0.00399}}
{"target": -225.13468682613157, "params": {"gamma": 1.4587085267165556, "lr": 0.2448806387618836}, "datetime": {"datetime": "2024-03-29 22:13:28", "elapsed": 3.676803, "delta": 0.003989}}
{"target": -520.4313457866239, "params": {"gamma": 2.923845306630798, "lr": 0.19593194649899215}, "datetime": {"datetime": "2024-03-29 22:13:28", "elapsed": 3.681789, "delta": 0.004986}}
{"target": -213.0665513490134, "params": {"gamma": 0.8802988990222627, "lr": 0.8699761802716075}, "datetime": {"datetime": "2024-03-29 22:13:28", "elapsed": 3.685778, "delta": 0.003989}}
{"target": -183.17580164941944, "params": {"gamma": 0.8827982670695292, "lr": 0.6837103358216379}, "datetime": {"datetime": "2024-03-29 22:13:28", "elapsed": 3.690765, "delta": 0.004987}}
{"target": -453.35228492788383, "params": {"gamma": 1.204888367700376, "lr": 0.010699003144174157}, "datetime": {"datetime": "2024-03-29 22:13:28", "elapsed": 3.694754, "delta": 0.003989}}
{"target": -1067.7763500787842, "params": {"gamma": 5.573125032519063, "lr": 0.9071090552203707}, "datetime": {"datetime": "2024-03-29 22:13:28", "elapsed": 3.698744, "delta": 0.00399}}
{"target": -945.2366711058653, "params": {"gamma": 8.604706216701516, "lr": 0.33845138411825004}, "datetime": {"datetime": "2024-03-29 22:13:28", "elapsed": 3.702733, "delta": 0.003989}}
{"target": -140.03026716893294, "params": {"gamma": 0.27256113442929636, "lr": 0.8008593551300331}, "datetime": {"datetime": "2024-03-29 22:13:28", "elapsed": 3.706722, "delta": 0.003989}}
{"target": -1518.7659960342985, "params": {"gamma": 8.06004333796437, "lr": 0.8684881163027721}, "datetime": {"datetime": "2024-03-29 22:13:28", "elapsed": 3.711709, "delta": 0.004987}}
{"target": -1178.9127017458695, "params": {"gamma": 6.696796352155456, "lr": 0.8077788623150765}, "datetime": {"datetime": "2024-03-29 22:13:28", "elapsed": 3.715698, "delta": 0.003989}}
{"target": -943.7108719923432, "params": {"gamma": 8.9750853247459, "lr": 0.4538299504900123}, "datetime": {"datetime": "2024-03-29 22:13:28", "elapsed": 3.721682, "delta": 0.005984}}
{"target": -724.8437778403475, "params": {"gamma": 5.578695211845391, "lr": 0.5061311288282347}, "datetime": {"datetime": "2024-03-29 22:13:28", "elapsed": 3.727666, "delta": 0.005984}}
{"target": -1050.8680053934008, "params": {"gamma": 6.920147061337664, "lr": 0.6829068676298748}, "datetime": {"datetime": "2024-03-29 22:13:28", "elapsed": 3.732652, "delta": 0.004986}}
{"target": -921.0182252247404, "params": {"gamma": 5.203616044997302, "lr": 0.8284681480854713}, "datetime": {"datetime": "2024-03-29 22:13:28", "elapsed": 3.737639, "delta": 0.004987}}
{"target": -895.949011876238, "params": {"gamma": 5.058288088511875, "lr": 0.8248585623852319}, "datetime": {"datetime": "2024-03-29 22:13:28", "elapsed": 3.744619, "delta": 0.00698}}
{"target": -532.7346687631021, "params": {"gamma": 2.8191690363442863, "lr": 0.17849483297748825}, "datetime": {"datetime": "2024-03-29 22:13:28", "elapsed": 3.748609, "delta": 0.00399}}
{"target": -1506.1891981868948, "params": {"gamma": 9.698735832876796, "lr": 0.7419395254560768}, "datetime": {"datetime": "2024-03-29 22:13:28", "elapsed": 3.752598, "delta": 0.003989}}
{"target": -364.67179267753676, "params": {"gamma": 2.598657141350841, "lr": 0.5812353422911717}, "datetime": {"datetime": "2024-03-29 22:13:28", "elapsed": 3.757674, "delta": 0.005076}}
{"target": -3459.5382077881104, "params": {"gamma": 9.55266727312833, "lr": 0.0807539078120788}, "datetime": {"datetime": "2024-03-29 22:13:28", "elapsed": 3.761173, "delta": 0.003499}}
{"target": -170.24069849161208, "params": {"gamma": 0.8362585364103492, "lr": 0.6191348314199072}, "datetime": {"datetime": "2024-03-29 22:13:28", "elapsed": 3.76616, "delta": 0.004987}}
{"target": -401.43207839663796, "params": {"gamma": 2.245710294880741, "lr": 0.7651839567335081}, "datetime": {"datetime": "2024-03-29 22:13:28", "elapsed": 3.770149, "delta": 0.003989}}
{"target": -805.6254082490012, "params": {"gamma": 5.681957276948102, "lr": 0.6661880902234952}, "datetime": {"datetime": "2024-03-29 22:13:28", "elapsed": 3.775134, "delta": 0.004985}}
{"target": -387.5566871323739, "params": {"gamma": 1.0790311940451294, "lr": 0.08428305143655679}, "datetime": {"datetime": "2024-03-29 22:13:28", "elapsed": 3.779124, "delta": 0.00399}}
{"target": -662.2940087963672, "params": {"gamma": 6.251585561986592, "lr": 0.4097312611340205}, "datetime": {"datetime": "2024-03-29 22:13:28", "elapsed": 3.783113, "delta": 0.003989}}
{"target": -150.99233783311445, "params": {"gamma": 0.8734379861959459, "lr": 0.3710639450161891}, "datetime": {"datetime": "2024-03-29 22:13:28", "elapsed": 3.787102, "delta": 0.003989}}
{"target": -1167.5261196414137, "params": {"gamma": 6.72177195215883, "lr": 0.1895874001915857}, "datetime": {"datetime": "2024-03-29 22:13:28", "elapsed": 3.792089, "delta": 0.004987}}
{"target": -1770.9842958578472, "params": {"gamma": 8.957395356178512, "lr": 0.9498463888800873}, "datetime": {"datetime": "2024-03-29 22:13:28", "elapsed": 3.796078, "delta": 0.003989}}
{"target": -1493.4575494250885, "params": {"gamma": 9.615763851802903, "lr": 0.7300825577402602}, "datetime": {"datetime": "2024-03-29 22:13:28", "elapsed": 3.804062, "delta": 0.007984}}
{"target": -643.5649131786791, "params": {"gamma": 4.063477988455463, "lr": 0.7437491963512196}, "datetime": {"datetime": "2024-03-29 22:13:28", "elapsed": 3.813035, "delta": 0.008973}}
{"target": -390.25055006663877, "params": {"gamma": 2.8805808058682407, "lr": 0.3144172223907462}, "datetime": {"datetime": "2024-03-29 22:13:28", "elapsed": 3.818019, "delta": 0.004984}}
{"target": -818.4137579907198, "params": {"gamma": 6.059357715817362, "lr": 0.5948471334079176}, "datetime": {"datetime": "2024-03-29 22:13:28", "elapsed": 3.823007, "delta": 0.004988}}
{"target": -1194.102913470181, "params": {"gamma": 8.786731102181795, "lr": 0.25460075566057694}, "datetime": {"datetime": "2024-03-29 22:13:28", "elapsed": 3.833979, "delta": 0.010972}}
{"target": -1517.1985029569378, "params": {"gamma": 7.662117463663015, "lr": 0.9410132668189013}, "datetime": {"datetime": "2024-03-29 22:13:28", "elapsed": 3.840957, "delta": 0.006978}}
{"target": -141.39346648105848, "params": {"gamma": 0.011328293644688577, "lr": 0.47608911800210485}, "datetime": {"datetime": "2024-03-29 22:13:28", "elapsed": 3.844946, "delta": 0.003989}}
{"target": -1218.898377671614, "params": {"gamma": 6.570746249918269, "lr": 0.8433232139195225}, "datetime": {"datetime": "2024-03-29 22:13:28", "elapsed": 3.848935, "delta": 0.003989}}
{"target": -366.12347132766274, "params": {"gamma": 1.8382103793481412, "lr": 0.8561592379873718}, "datetime": {"datetime": "2024-03-29 22:13:28", "elapsed": 3.853922, "delta": 0.004987}}
{"target": -706.6206672562228, "params": {"gamma": 3.6442904330904224, "lr": 0.8922739292761724}, "datetime": {"datetime": "2024-03-29 22:13:28", "elapsed": 3.860904, "delta": 0.006982}}
{"target": -165.63704762894625, "params": {"gamma": 0.2780896894835276, "lr": 0.08539013912317062}, "datetime": {"datetime": "2024-03-29 22:13:28", "elapsed": 3.866887, "delta": 0.005983}}
{"target": -1338.7431836568337, "params": {"gamma": 9.81412324707537, "lr": 0.6095019257734966}, "datetime": {"datetime": "2024-03-29 22:13:28", "elapsed": 3.873868, "delta": 0.006981}}
{"target": -775.3883635844073, "params": {"gamma": 4.176905835795019, "lr": 0.16921418469369054}, "datetime": {"datetime": "2024-03-29 22:13:28", "elapsed": 3.880849, "delta": 0.006981}}
{"target": -2355.84375926174, "params": {"gamma": 6.499361629743811, "lr": 0.03697506835935782}, "datetime": {"datetime": "2024-03-29 22:13:28", "elapsed": 3.886833, "delta": 0.005984}}
{"target": -419.17402597147924, "params": {"gamma": 3.116827520693586, "lr": 0.32347919698907535}, "datetime": {"datetime": "2024-03-29 22:13:28", "elapsed": 3.893815, "delta": 0.006982}}
{"target": -859.4802261050733, "params": {"gamma": 6.074811493252022, "lr": 0.6508312566756971}, "datetime": {"datetime": "2024-03-29 22:13:28", "elapsed": 3.899798, "delta": 0.005983}}
{"target": -1673.658337862693, "params": {"gamma": 8.460699937765456, "lr": 0.9275809425975434}, "datetime": {"datetime": "2024-03-29 22:13:28", "elapsed": 3.905782, "delta": 0.005984}}
{"target": -876.7370328403681, "params": {"gamma": 6.604916818383386, "lr": 0.5781739184085382}, "datetime": {"datetime": "2024-03-29 22:13:28", "elapsed": 3.912763, "delta": 0.006981}}
{"target": -798.7086333245999, "params": {"gamma": 3.987756720746455, "lr": 0.966612492642142}, "datetime": {"datetime": "2024-03-29 22:13:28", "elapsed": 3.918747, "delta": 0.005984}}
{"target": -322.4284937448945, "params": {"gamma": 1.541637639151742, "lr": 0.8950868086486484}, "datetime": {"datetime": "2024-03-29 22:13:28", "elapsed": 3.922736, "delta": 0.003989}}
{"target": -425.4510315489522, "params": {"gamma": 3.1108196657805305, "lr": 0.548489089666104}, "datetime": {"datetime": "2024-03-29 22:13:28", "elapsed": 3.927723, "delta": 0.004987}}
{"target": -900.2097220459074, "params": {"gamma": 6.8209805180697165, "lr": 0.23646965132615538}, "datetime": {"datetime": "2024-03-29 22:13:28", "elapsed": 3.933706, "delta": 0.005983}}
{"target": -248.24144791323067, "params": {"gamma": 1.678199113817666, "lr": 0.508482013429616}, "datetime": {"datetime": "2024-03-29 22:13:28", "elapsed": 3.940687, "delta": 0.006981}}
{"target": -1199.5231096898365, "params": {"gamma": 7.918846891971133, "lr": 0.6924144621670756}, "datetime": {"datetime": "2024-03-29 22:13:28", "elapsed": 3.944677, "delta": 0.00399}}
{"target": -262.2577313121714, "params": {"gamma": 1.1906143983929753, "lr": 0.900742215071733}, "datetime": {"datetime": "2024-03-29 22:13:28", "elapsed": 3.948666, "delta": 0.003989}}
