{"target": -135.1630646338141, "params": {"gamma": 0.3272968031828021, "prior": 1.378118756770802, "rate": 8.5322361589646}, "datetime": {"datetime": "2024-04-12 20:31:44", "elapsed": 1700.87685, "delta": 5.202559}}
{"target": -135.2155354774018, "params": {"gamma": 0.30560459015749986, "prior": 0.43790716026314724, "rate": 6.7887469424538}, "datetime": {"datetime": "2024-04-12 20:31:55", "elapsed": 1712.461267, "delta": 11.584417}}
{"target": -135.2278476435445, "params": {"gamma": 0.34524125510592935, "prior": 1.6881766641010763, "rate": 9.303886400431653}, "datetime": {"datetime": "2024-04-12 20:32:04", "elapsed": 1721.150907, "delta": 8.68964}}
{"target": -135.23256465586815, "params": {"gamma": 0.32791379877991805, "prior": 1.5171080041854341, "rate": 8.052182883777368}, "datetime": {"datetime": "2024-04-12 20:32:15", "elapsed": 1732.026126, "delta": 10.875219}}
{"target": -135.2610945640771, "params": {"gamma": 0.36204243226598587, "prior": 1.118635749786247, "rate": 8.316907977658312}, "datetime": {"datetime": "2024-04-12 20:32:20", "elapsed": 1737.633309, "delta": 5.607183}}
{"target": -135.49128996674406, "params": {"gamma": 0.35713834978217207, "prior": 1.987861819400179, "rate": 7.530486033521432}, "datetime": {"datetime": "2024-04-12 20:32:26", "elapsed": 1743.625212, "delta": 5.991903}}
{"target": -135.37672610599176, "params": {"gamma": 0.3727933824536951, "prior": 1.1980635811518354, "rate": 5.919045126686544}, "datetime": {"datetime": "2024-04-12 20:32:35", "elapsed": 1752.053713, "delta": 8.428501}}
{"target": -135.6274089947662, "params": {"gamma": 0.3465680616584132, "prior": 2.701393422895176, "rate": 8.974578374019114}, "datetime": {"datetime": "2024-04-12 20:32:41", "elapsed": 1758.358229, "delta": 6.304516}}
{"target": -135.2624639763267, "params": {"gamma": 0.35706587589625266, "prior": 1.319997386012221, "rate": 7.310053903867337}, "datetime": {"datetime": "2024-04-12 20:32:47", "elapsed": 1764.332056, "delta": 5.973827}}
{"target": -135.38074002369575, "params": {"gamma": 0.346736580422157, "prior": 0.43910121823680204, "rate": 6.412248100614128}, "datetime": {"datetime": "2024-04-12 20:33:01", "elapsed": 1778.409708, "delta": 14.077652}}
{"target": -135.22069112592837, "params": {"gamma": 0.3074224411349694, "prior": 0.6184640917125168, "rate": 9.675938320233815}, "datetime": {"datetime": "2024-04-12 20:33:10", "elapsed": 1786.975778, "delta": 8.56607}}
{"target": -135.1699318594639, "params": {"gamma": 0.339868871541131, "prior": 1.4676648036658493, "rate": 9.30518633028969}, "datetime": {"datetime": "2024-04-12 20:33:16", "elapsed": 1793.270782, "delta": 6.295004}}
{"target": -135.42739824359197, "params": {"gamma": 0.34763438288267695, "prior": 2.27523052391471, "rate": 9.158207002791725}, "datetime": {"datetime": "2024-04-12 20:33:22", "elapsed": 1799.232016, "delta": 5.961234}}
{"target": -135.22850354019624, "params": {"gamma": 0.3559772033174427, "prior": 0.7999214998960094, "rate": 6.166102994529428}, "datetime": {"datetime": "2024-04-12 20:33:32", "elapsed": 1809.355623, "delta": 10.123607}}
{"target": -135.14161967745866, "params": {"gamma": 0.3190571460063516, "prior": 0.3375828217763337, "rate": 3.677752322265106}, "datetime": {"datetime": "2024-04-12 20:33:36", "elapsed": 1813.462887, "delta": 4.107264}}
{"target": -135.12903906309097, "params": {"gamma": 0.3066535565933891, "prior": 0.9596917889905131, "rate": 10.0}, "datetime": {"datetime": "2024-04-12 20:33:46", "elapsed": 1823.432434, "delta": 9.969547}}
{"target": -135.14605318213754, "params": {"gamma": 0.3173353674857424, "prior": 1.0743808300311066, "rate": 7.124934757274839}, "datetime": {"datetime": "2024-04-12 20:33:52", "elapsed": 1829.087539, "delta": 5.655105}}
{"target": -135.15084721941065, "params": {"gamma": 0.3368654612515861, "prior": 1.08013828655327, "rate": 9.211099882132642}, "datetime": {"datetime": "2024-04-12 20:33:56", "elapsed": 1833.195282, "delta": 4.107743}}
{"target": -135.1595877201839, "params": {"gamma": 0.3417852129877855, "prior": 1.231519119887245, "rate": 8.517768332449172}, "datetime": {"datetime": "2024-04-12 20:34:02", "elapsed": 1839.53204, "delta": 6.336758}}
{"target": -135.80936668344955, "params": {"gamma": 0.39695508098464954, "prior": 1.9913860587768633, "rate": 6.280411428280228}, "datetime": {"datetime": "2024-04-12 20:34:09", "elapsed": 1846.00405, "delta": 6.47201}}
{"target": -135.25968692161504, "params": {"gamma": 0.35467070155356717, "prior": 0.9579363344711612, "rate": 8.979278540650704}, "datetime": {"datetime": "2024-04-12 20:34:26", "elapsed": 1862.844054, "delta": 16.840004}}
{"target": -135.32460547744847, "params": {"gamma": 0.32918127623384064, "prior": 0.546167986141986, "rate": 9.125441007461342}, "datetime": {"datetime": "2024-04-12 20:34:32", "elapsed": 1869.524527, "delta": 6.680473}}
{"target": -135.15902613204022, "params": {"gamma": 0.32914183458817703, "prior": 0.9079447045325316, "rate": 5.698045394470271}, "datetime": {"datetime": "2024-04-12 20:34:38", "elapsed": 1874.907596, "delta": 5.383069}}
{"target": -135.17117610543022, "params": {"gamma": 0.3238252756051968, "prior": 0.7864717911650785, "rate": 9.28136639570045}, "datetime": {"datetime": "2024-04-12 20:34:43", "elapsed": 1879.816005, "delta": 4.908409}}
{"target": -135.24215033010907, "params": {"gamma": 0.2790070766891601, "prior": 0.7004433860776281, "rate": 10.0}, "datetime": {"datetime": "2024-04-12 20:34:49", "elapsed": 1885.788681, "delta": 5.972676}}
{"target": -135.1492836992791, "params": {"gamma": 0.3000283901997244, "prior": 0.8522632530615853, "rate": 9.921664287500574}, "datetime": {"datetime": "2024-04-12 20:34:55", "elapsed": 1892.421197, "delta": 6.632516}}
{"target": -135.2557642417604, "params": {"gamma": 0.36016766045806375, "prior": 1.1799288734172673, "rate": 9.163682095365496}, "datetime": {"datetime": "2024-04-12 20:35:01", "elapsed": 1898.65535, "delta": 6.234153}}
{"target": -135.14763485547687, "params": {"gamma": 0.3075098923773616, "prior": 0.6823286624100511, "rate": 8.100727823987386}, "datetime": {"datetime": "2024-04-12 20:35:06", "elapsed": 1903.334785, "delta": 4.679435}}
{"target": -135.1840298829512, "params": {"gamma": 0.2929286610451812, "prior": 0.7414730123893319, "rate": 9.867963832291125}, "datetime": {"datetime": "2024-04-12 20:35:11", "elapsed": 1907.815663, "delta": 4.480878}}
{"target": -135.1290892960224, "params": {"gamma": 0.319528635878898, "prior": 0.9298699546194052, "rate": 9.365278165643705}, "datetime": {"datetime": "2024-04-12 20:35:20", "elapsed": 1916.934875, "delta": 9.119212}}
{"target": -135.2281680743979, "params": {"gamma": 0.3139574251293613, "prior": 0.35659563603777866, "rate": 5.493057972799468}, "datetime": {"datetime": "2024-04-12 20:35:33", "elapsed": 1930.45659, "delta": 13.521715}}
{"target": -135.12560926731442, "params": {"gamma": 0.3185284127281702, "prior": 0.4589224705251771, "rate": 3.3710489721631762}, "datetime": {"datetime": "2024-04-12 20:35:39", "elapsed": 1935.824642, "delta": 5.368052}}
{"target": -135.1850963216367, "params": {"gamma": 0.3481146236198282, "prior": 0.3606786198488204, "rate": 2.392593012678009}, "datetime": {"datetime": "2024-04-12 20:35:48", "elapsed": 1945.577005, "delta": 9.752363}}
{"target": -135.16960857451275, "params": {"gamma": 0.34407698046545704, "prior": 0.8978717711994803, "rate": 6.914393673304442}, "datetime": {"datetime": "2024-04-12 20:35:54", "elapsed": 1951.773062, "delta": 6.196057}}
{"target": -135.12833799578598, "params": {"gamma": 0.32834020548944076, "prior": 0.6847163142998892, "rate": 5.910109156934906}, "datetime": {"datetime": "2024-04-12 20:36:07", "elapsed": 1964.774909, "delta": 13.001847}}
{"target": -135.1187252086872, "params": {"gamma": 0.30996147639612043, "prior": 1.0626239738378576, "rate": 10.0}, "datetime": {"datetime": "2024-04-12 20:36:15", "elapsed": 1972.542714, "delta": 7.767805}}
{"target": -135.22298378705662, "params": {"gamma": 0.31711380707764575, "prior": 0.6296438963712675, "rate": 9.329684933020873}, "datetime": {"datetime": "2024-04-12 20:36:25", "elapsed": 1982.004141, "delta": 9.461427}}
{"target": -135.35387162578024, "params": {"gamma": 0.3592772674951349, "prior": 0.8233351202900362, "rate": 9.07044125860876}, "datetime": {"datetime": "2024-04-12 20:36:30", "elapsed": 1986.83081, "delta": 4.826669}}
{"target": -135.20327659215184, "params": {"gamma": 0.3509036455020521, "prior": 1.1282358127245447, "rate": 8.895921049767166}, "datetime": {"datetime": "2024-04-12 20:36:42", "elapsed": 1999.612139, "delta": 12.781329}}
{"target": -135.11595878298914, "params": {"gamma": 0.3164747021521119, "prior": 1.0993307198925344, "rate": 9.4149099918404}, "datetime": {"datetime": "2024-04-12 20:36:50", "elapsed": 2007.435035, "delta": 7.822896}}
{"target": -135.13638513237723, "params": {"gamma": 0.3025605541664763, "prior": 0.5283871089943054, "rate": 5.680726736750528}, "datetime": {"datetime": "2024-04-12 20:36:58", "elapsed": 2015.129715, "delta": 7.69468}}
{"target": -135.1649774807558, "params": {"gamma": 0.3398031541736542, "prior": 0.94194724981828, "rate": 8.266640839557324}, "datetime": {"datetime": "2024-04-12 20:37:05", "elapsed": 2021.887462, "delta": 6.757747}}
{"target": -135.1352097893401, "params": {"gamma": 0.3163402053195503, "prior": 0.45870881042725004, "rate": 3.19069628564877}, "datetime": {"datetime": "2024-04-12 20:37:09", "elapsed": 2026.771277, "delta": 4.883815}}
{"target": -135.2681595745866, "params": {"gamma": 0.36078619806457246, "prior": 1.5936275678552112, "rate": 9.161035222755626}, "datetime": {"datetime": "2024-04-12 20:37:17", "elapsed": 2034.591234, "delta": 7.819957}}
{"target": -135.13571525788942, "params": {"gamma": 0.3324105104552379, "prior": 0.8149603286728407, "rate": 6.763514049638044}, "datetime": {"datetime": "2024-04-12 20:37:25", "elapsed": 2042.470806, "delta": 7.879572}}
{"target": -135.20146440370468, "params": {"gamma": 0.35233548655083063, "prior": 1.029163111362176, "rate": 7.364207593015683}, "datetime": {"datetime": "2024-04-12 20:37:35", "elapsed": 2052.035551, "delta": 9.564745}}
{"target": -135.13095145049812, "params": {"gamma": 0.31050585380206974, "prior": 0.8838473675726646, "rate": 9.457198438883813}, "datetime": {"datetime": "2024-04-12 20:37:41", "elapsed": 2058.483996, "delta": 6.448445}}
{"target": -135.2064746584433, "params": {"gamma": 0.3524680123483217, "prior": 0.7149634126043397, "rate": 5.393387284525305}, "datetime": {"datetime": "2024-04-12 20:37:49", "elapsed": 2066.369303, "delta": 7.885307}}
{"target": -135.2337911574651, "params": {"gamma": 0.3536203853712674, "prior": 0.5443797867154962, "rate": 4.7099246697304515}, "datetime": {"datetime": "2024-04-12 20:37:58", "elapsed": 2075.082926, "delta": 8.713623}}
{"target": -135.14601322026795, "params": {"gamma": 0.29695073610936157, "prior": 0.3544536069275508, "rate": 3.7725922648123253}, "datetime": {"datetime": "2024-04-12 20:38:14", "elapsed": 2091.572233, "delta": 16.489307}}
{"target": -135.11609992975795, "params": {"gamma": 0.31420177665805976, "prior": 1.138349385188596, "rate": 9.873261568475916}, "datetime": {"datetime": "2024-04-12 20:38:20", "elapsed": 2096.953694, "delta": 5.381461}}
{"target": -135.15211903951618, "params": {"gamma": 0.3309549986988255, "prior": 0.7119684106384663, "rate": 4.590075264801707}, "datetime": {"datetime": "2024-04-12 20:38:29", "elapsed": 2105.795776, "delta": 8.842082}}
{"target": -135.1388630295083, "params": {"gamma": 0.3020759663514245, "prior": 0.9137721094164712, "rate": 10.0}, "datetime": {"datetime": "2024-04-12 20:38:52", "elapsed": 2129.064861, "delta": 23.269085}}
{"target": -135.12470958843437, "params": {"gamma": 0.3086863858583566, "prior": 0.990370086322374, "rate": 10.0}, "datetime": {"datetime": "2024-04-12 20:38:58", "elapsed": 2135.107641, "delta": 6.04278}}
{"target": -135.12717923127224, "params": {"gamma": 0.3275936084818021, "prior": 0.9947521797603899, "rate": 8.643899906818582}, "datetime": {"datetime": "2024-04-12 20:39:09", "elapsed": 2146.181483, "delta": 11.073842}}
{"target": -135.1919054650055, "params": {"gamma": 0.34973679654079526, "prior": 1.1704099738165081, "rate": 8.724095218591382}, "datetime": {"datetime": "2024-04-12 20:39:14", "elapsed": 2151.23279, "delta": 5.051307}}
{"target": -135.2703496301733, "params": {"gamma": 0.27131650334491975, "prior": 0.3377923952661703, "rate": 4.208079899859138}, "datetime": {"datetime": "2024-04-12 20:39:21", "elapsed": 2158.624569, "delta": 7.391779}}
{"target": -135.4404637446203, "params": {"gamma": 0.378397031776706, "prior": 2.1759504875514586, "rate": 10.0}, "datetime": {"datetime": "2024-04-12 20:39:28", "elapsed": 2165.430157, "delta": 6.805588}}
{"target": -135.1254978390367, "params": {"gamma": 0.32638495090794717, "prior": 0.6028960481430841, "rate": 5.300869905820697}, "datetime": {"datetime": "2024-04-12 20:39:41", "elapsed": 2178.631972, "delta": 13.201815}}
{"target": -135.1521147793516, "params": {"gamma": 0.3375678406237634, "prior": 1.3081732823305363, "rate": 8.793733157693522}, "datetime": {"datetime": "2024-04-12 20:39:47", "elapsed": 2184.717102, "delta": 6.08513}}
{"target": -135.25743704499752, "params": {"gamma": 0.32481743722186934, "prior": 0.5808830165002173, "rate": 8.750268439381541}, "datetime": {"datetime": "2024-04-12 20:39:52", "elapsed": 2189.237291, "delta": 4.520189}}
{"target": -135.33210057267686, "params": {"gamma": 0.32957484114834446, "prior": 0.4886689266159365, "rate": 8.255287255968161}, "datetime": {"datetime": "2024-04-12 20:40:01", "elapsed": 2198.154918, "delta": 8.917627}}
{"target": -135.15231799044443, "params": {"gamma": 0.29385347512539267, "prior": 0.5928089301020698, "rate": 5.663883935285923}, "datetime": {"datetime": "2024-04-12 20:40:07", "elapsed": 2204.27667, "delta": 6.121752}}
{"target": -135.19433948588755, "params": {"gamma": 0.33467215235289166, "prior": 1.3201159338884687, "rate": 7.606991290585444}, "datetime": {"datetime": "2024-04-12 20:40:13", "elapsed": 2210.63535, "delta": 6.35868}}
{"target": -135.1717161280558, "params": {"gamma": 0.31995112110306645, "prior": 0.6218083053394735, "rate": 7.6413324260369455}, "datetime": {"datetime": "2024-04-12 20:40:20", "elapsed": 2217.518929, "delta": 6.883579}}
{"target": -135.1286737663391, "params": {"gamma": 0.3292135032618651, "prior": 0.9255630945479223, "rate": 7.723662599188579}, "datetime": {"datetime": "2024-04-12 20:40:25", "elapsed": 2221.785659, "delta": 4.26673}}
{"target": -135.12590311229195, "params": {"gamma": 0.3055393161287809, "prior": 0.9935892902448732, "rate": 8.57315289276457}, "datetime": {"datetime": "2024-04-12 20:40:33", "elapsed": 2230.768139, "delta": 8.98248}}
{"target": -135.28156129012197, "params": {"gamma": 0.26947927211458994, "prior": 0.7126843518202949, "rate": 8.5845704123076}, "datetime": {"datetime": "2024-04-12 20:40:41", "elapsed": 2238.449493, "delta": 7.681354}}
{"target": -135.12148055143976, "params": {"gamma": 0.3225577334101013, "prior": 1.2151909020735845, "rate": 9.348325683594863}, "datetime": {"datetime": "2024-04-12 20:40:52", "elapsed": 2249.548894, "delta": 11.099401}}
{"target": -135.193556257717, "params": {"gamma": 0.3446413214211671, "prior": 0.9558248975071051, "rate": 8.744594899082676}, "datetime": {"datetime": "2024-04-12 20:40:57", "elapsed": 2254.193122, "delta": 4.644228}}
{"target": -135.33016776804124, "params": {"gamma": 0.323638663246402, "prior": 0.48971384683022634, "rate": 8.802905173428261}, "datetime": {"datetime": "2024-04-12 20:41:08", "elapsed": 2265.598515, "delta": 11.405393}}
{"target": -135.11589741560678, "params": {"gamma": 0.31470903988473803, "prior": 1.1492261875879146, "rate": 10.0}, "datetime": {"datetime": "2024-04-12 20:41:18", "elapsed": 2275.622369, "delta": 10.023854}}
{"target": -135.33828307681225, "params": {"gamma": 0.36731624574818567, "prior": 1.8797679622517731, "rate": 9.499229712857273}, "datetime": {"datetime": "2024-04-12 20:41:31", "elapsed": 2287.977301, "delta": 12.354932}}
{"target": -135.1188906906535, "params": {"gamma": 0.3112301078122952, "prior": 0.9460656473549797, "rate": 8.016511421299333}, "datetime": {"datetime": "2024-04-12 20:41:39", "elapsed": 2296.71919, "delta": 8.741889}}
{"target": -135.17670721109747, "params": {"gamma": 0.32044090436347294, "prior": 1.2830608555694425, "rate": 7.758965345405312}, "datetime": {"datetime": "2024-04-12 20:41:49", "elapsed": 2306.266203, "delta": 9.547013}}
{"target": -135.1748808608781, "params": {"gamma": 0.3459263484333181, "prior": 0.9435377718653385, "rate": 6.993264077075702}, "datetime": {"datetime": "2024-04-12 20:41:54", "elapsed": 2310.836036, "delta": 4.569833}}
{"target": -135.2733852461952, "params": {"gamma": 0.3518743147749303, "prior": 1.0658876973643197, "rate": 5.466558934875494}, "datetime": {"datetime": "2024-04-12 20:42:00", "elapsed": 2317.020902, "delta": 6.184866}}
{"target": -135.14316387890054, "params": {"gamma": 0.30182422356657496, "prior": 0.771634053836201, "rate": 6.15290067898793}, "datetime": {"datetime": "2024-04-12 20:42:07", "elapsed": 2324.500295, "delta": 7.479393}}
{"target": -135.16829468748838, "params": {"gamma": 0.3014810773397033, "prior": 1.1419274186238138, "rate": 8.029206655291777}, "datetime": {"datetime": "2024-04-12 20:42:15", "elapsed": 2332.040027, "delta": 7.539732}}
{"target": -135.19716021333377, "params": {"gamma": 0.34576192569777076, "prior": 0.66160217057872, "rate": 4.003226955160454}, "datetime": {"datetime": "2024-04-12 20:42:27", "elapsed": 2344.053756, "delta": 12.013729}}
{"target": -135.34964303695804, "params": {"gamma": 0.363365961322109, "prior": 1.4757043944328485, "rate": 7.03848984128424}, "datetime": {"datetime": "2024-04-12 20:42:38", "elapsed": 2354.801761, "delta": 10.748005}}
{"target": -135.2045014351125, "params": {"gamma": 0.2818250061377463, "prior": 0.8798051856734391, "rate": 9.879251183805424}, "datetime": {"datetime": "2024-04-12 20:42:47", "elapsed": 2364.373734, "delta": 9.571973}}
{"target": -135.23669106199054, "params": {"gamma": 0.3534810583061294, "prior": 0.8126760402604072, "rate": 4.6825207805334745}, "datetime": {"datetime": "2024-04-12 20:42:54", "elapsed": 2371.36907, "delta": 6.995336}}
{"target": -135.2893728221494, "params": {"gamma": 0.33948953902696793, "prior": 0.43198757457986514, "rate": 2.0834821091759794}, "datetime": {"datetime": "2024-04-12 20:42:58", "elapsed": 2375.46829, "delta": 4.09922}}
{"target": -135.1246480372806, "params": {"gamma": 0.31071571175491336, "prior": 0.5865976553609783, "rate": 5.959192738416195}, "datetime": {"datetime": "2024-04-12 20:43:03", "elapsed": 2380.33432, "delta": 4.86603}}
{"target": -135.12177866061006, "params": {"gamma": 0.32515591955208484, "prior": 0.747043302937983, "rate": 6.084748088458231}, "datetime": {"datetime": "2024-04-12 20:43:11", "elapsed": 2388.344183, "delta": 8.009863}}
{"target": -135.1158809855374, "params": {"gamma": 0.3168202262818455, "prior": 1.1602750750989963, "rate": 10.0}, "datetime": {"datetime": "2024-04-12 20:43:19", "elapsed": 2396.551929, "delta": 8.207746}}
{"target": -135.24067352382662, "params": {"gamma": 0.29265789345737153, "prior": 0.5887588585348799, "rate": 9.882537561019989}, "datetime": {"datetime": "2024-04-12 20:43:27", "elapsed": 2404.177989, "delta": 7.62606}}
{"target": -135.40110432554607, "params": {"gamma": 0.3178008887462274, "prior": 0.4254427278723782, "rate": 9.211901004065231}, "datetime": {"datetime": "2024-04-12 20:43:36", "elapsed": 2412.958852, "delta": 8.780863}}
{"target": -135.18982614224478, "params": {"gamma": 0.33789472676661003, "prior": 0.8326796843756686, "rate": 8.59351480260477}, "datetime": {"datetime": "2024-04-12 20:43:44", "elapsed": 2420.910766, "delta": 7.951914}}
{"target": -135.14815307554832, "params": {"gamma": 0.3003518817156858, "prior": 0.8629877883723936, "rate": 10.0}, "datetime": {"datetime": "2024-04-12 20:43:52", "elapsed": 2429.434461, "delta": 8.523695}}
{"target": -135.1384732715951, "params": {"gamma": 0.33415379788966326, "prior": 0.5027717534253611, "rate": 3.6912515536038843}, "datetime": {"datetime": "2024-04-12 20:44:02", "elapsed": 2439.191865, "delta": 9.757404}}
{"target": -135.13268930386133, "params": {"gamma": 0.32626243615288814, "prior": 0.5086279411741786, "rate": 3.5188892072015103}, "datetime": {"datetime": "2024-04-12 20:44:09", "elapsed": 2446.350063, "delta": 7.158198}}
{"target": -135.18549210057637, "params": {"gamma": 0.32365262879896645, "prior": 0.7397720760002889, "rate": 4.353371707726315}, "datetime": {"datetime": "2024-04-12 20:44:21", "elapsed": 2458.211357, "delta": 11.861294}}
{"target": -135.12045759771866, "params": {"gamma": 0.318064103161919, "prior": 0.7678981859001737, "rate": 7.317548435576217}, "datetime": {"datetime": "2024-04-12 20:44:32", "elapsed": 2468.940168, "delta": 10.728811}}
{"target": -135.34325312476264, "params": {"gamma": 0.36126568991845276, "prior": 1.9067477002751472, "rate": 9.068610948974074}, "datetime": {"datetime": "2024-04-12 20:44:39", "elapsed": 2476.761467, "delta": 7.821299}}
{"target": -135.22851772982594, "params": {"gamma": 0.2960553021764497, "prior": 0.44578723160558187, "rate": 7.253998136903522}, "datetime": {"datetime": "2024-04-12 20:44:53", "elapsed": 2490.74486, "delta": 13.983393}}
{"target": -135.14425594522567, "params": {"gamma": 0.3318236429718095, "prior": 0.942253887961192, "rate": 6.278882858905114}, "datetime": {"datetime": "2024-04-12 20:45:03", "elapsed": 2499.815389, "delta": 9.070529}}
{"target": -135.26490007878212, "params": {"gamma": 0.3446523898094369, "prior": 0.5944723877197978, "rate": 6.910015063449124}, "datetime": {"datetime": "2024-04-12 20:45:08", "elapsed": 2504.86908, "delta": 5.053691}}
{"target": -135.2255215584891, "params": {"gamma": 0.35226772731578965, "prior": 0.5713338156297608, "rate": 3.369671182776256}, "datetime": {"datetime": "2024-04-12 20:45:16", "elapsed": 2513.471497, "delta": 8.602417}}
