{"target": -446.4559284267704, "params": {"gamma": 4.170803025021038, "prior": 7.231212485077365, "rate": 0.002143633798631522}, "datetime": {"datetime": "2024-04-09 03:00:04", "elapsed": 0.0, "delta": 0.0}}
{"target": -197.2846557026729, "params": {"gamma": 3.024023393745766, "prior": 1.5528833190894193, "rate": 0.9242936090932092}, "datetime": {"datetime": "2024-04-09 03:00:04", "elapsed": 0.008071, "delta": 0.008071}}
{"target": -156.58265798988887, "params": {"gamma": 1.8634158535653313, "prior": 3.5210511977261727, "rate": 3.968277974832469}, "datetime": {"datetime": "2024-04-09 03:00:04", "elapsed": 0.016095, "delta": 0.008024}}
{"target": -340.72804768617056, "params": {"gamma": 5.388628523299567, "prior": 4.250025692592619, "rate": 6.852509784467199}, "datetime": {"datetime": "2024-04-09 03:00:04", "elapsed": 0.024689, "delta": 0.008594}}
{"target": -236.4999299646871, "params": {"gamma": 2.045318045065443, "prior": 8.79336262027036, "rate": 0.2748485443860637}, "datetime": {"datetime": "2024-04-09 03:00:04", "elapsed": 0.033817, "delta": 0.009128}}
{"target": -399.9315380389898, "params": {"gamma": 6.705004634273845, "prior": 4.231317543434557, "rate": 5.587339594629071}, "datetime": {"datetime": "2024-04-09 03:00:04", "elapsed": 0.042031, "delta": 0.008214}}
{"target": -147.75720803878107, "params": {"gamma": 1.4047289990137424, "prior": 2.0612047419403, "rate": 8.00764494218669}, "datetime": {"datetime": "2024-04-09 03:00:04", "elapsed": 0.050122, "delta": 0.008091}}
{"target": -621.1200405645446, "params": {"gamma": 9.682647495618255, "prior": 3.2028993637765044, "rate": 6.923533834077472}, "datetime": {"datetime": "2024-04-09 03:00:04", "elapsed": 0.058968, "delta": 0.008846}}
{"target": -617.04367245435, "params": {"gamma": 8.764015133808087, "prior": 8.956605968688088, "rate": 0.8513570694864094}, "datetime": {"datetime": "2024-04-09 03:00:04", "elapsed": 0.067947, "delta": 0.008979}}
{"target": -119.4316002704261, "params": {"gamma": 0.39150877754559077, "prior": 1.7813211536892324, "rate": 8.781546891790702}, "datetime": {"datetime": "2024-04-09 03:00:04", "elapsed": 0.076002, "delta": 0.008055}}
{"target": -127.52703547827623, "params": {"gamma": 0.9843699914966679, "prior": 4.268965487550016, "rate": 9.578937411974868}, "datetime": {"datetime": "2024-04-09 03:00:04", "elapsed": 0.083917, "delta": 0.007915}}
{"target": -291.14557621178807, "params": {"gamma": 5.332119684445198, "prior": 6.949583428109686, "rate": 3.1558407944296234}, "datetime": {"datetime": "2024-04-09 03:00:04", "elapsed": 0.092667, "delta": 0.00875}}
{"target": -602.5227813692144, "params": {"gamma": 6.865322775888155, "prior": 8.362794151783993, "rate": 0.18386448516457388}, "datetime": {"datetime": "2024-04-09 03:00:04", "elapsed": 0.101672, "delta": 0.009005}}
{"target": -402.5326267057018, "params": {"gamma": 7.50169300513473, "prior": 9.889724780174298, "rate": 7.4819083781440145}, "datetime": {"datetime": "2024-04-09 03:00:04", "elapsed": 0.109639, "delta": 0.007967}}
{"target": -223.76185274442327, "params": {"gamma": 2.8051594766519874, "prior": 7.913865351669736, "rate": 1.0331568397698425}, "datetime": {"datetime": "2024-04-09 03:00:04", "elapsed": 0.117319, "delta": 0.00768}}
{"target": -261.31280251467075, "params": {"gamma": 4.479487368232876, "prior": 9.095095480621646, "rate": 2.9368478695884215}, "datetime": {"datetime": "2024-04-09 03:00:04", "elapsed": 0.125867, "delta": 0.008548}}
{"target": -224.23040266701778, "params": {"gamma": 2.878465610524901, "prior": 1.3872828639709491, "rate": 0.19465021174510047}, "datetime": {"datetime": "2024-04-09 03:00:04", "elapsed": 0.13467, "delta": 0.008803}}
{"target": -398.12180676413584, "params": {"gamma": 6.78867649386597, "prior": 2.1951183484005847, "rate": 2.65620104706289}, "datetime": {"datetime": "2024-04-09 03:00:04", "elapsed": 0.142524, "delta": 0.007854}}
{"target": -388.46455375575, "params": {"gamma": 4.916240019644103, "prior": 0.6282891966590958, "rate": 5.741601937314639}, "datetime": {"datetime": "2024-04-09 03:00:04", "elapsed": 0.150516, "delta": 0.007992}}
{"target": -141.63231150137517, "params": {"gamma": 1.4681390204831957, "prior": 5.934124815342514, "rate": 6.9978838418492915}, "datetime": {"datetime": "2024-04-09 03:00:04", "elapsed": 0.158821, "delta": 0.008305}}
{"target": -127.8621447915198, "params": {"gamma": 1.0242419538494305, "prior": 4.199154279413726, "rate": 6.9443071771197245}, "datetime": {"datetime": "2024-04-09 03:00:04", "elapsed": 0.167988, "delta": 0.009167}}
{"target": -331.85975508226863, "params": {"gamma": 4.1423785159995, "prior": 0.5945392435662629, "rate": 5.359428162749201}, "datetime": {"datetime": "2024-04-09 03:00:04", "elapsed": 0.176058, "delta": 0.00807}}
{"target": -419.8418389858262, "params": {"gamma": 6.638282657552669, "prior": 5.1974022093772545, "rate": 9.446002965152143}, "datetime": {"datetime": "2024-04-09 03:00:04", "elapsed": 0.183971, "delta": 0.007913}}
{"target": -379.8293167783171, "params": {"gamma": 5.865963849979428, "prior": 9.043678961350047, "rate": 1.3756095667582289}, "datetime": {"datetime": "2024-04-09 03:00:04", "elapsed": 0.193129, "delta": 0.009158}}
{"target": -139.06162624036227, "params": {"gamma": 1.3936241961603346, "prior": 8.093173758224285, "rate": 3.9773706930183503}, "datetime": {"datetime": "2024-04-09 03:00:04", "elapsed": 0.202122, "delta": 0.008993}}
{"target": -149.34623611396705, "params": {"gamma": 1.6543766169722107, "prior": 9.282334945920736, "rate": 3.47831083159532}, "datetime": {"datetime": "2024-04-09 03:00:04", "elapsed": 0.210059, "delta": 0.007937}}
{"target": -436.5445290250204, "params": {"gamma": 7.50837021925842, "prior": 7.28738005496947, "rate": 8.833177605966892}, "datetime": {"datetime": "2024-04-09 03:00:05", "elapsed": 0.218076, "delta": 0.008017}}
{"target": -329.6486764855361, "params": {"gamma": 6.237098398349034, "prior": 7.534330096870638, "rate": 3.4896345214364475}, "datetime": {"datetime": "2024-04-09 03:00:05", "elapsed": 0.227572, "delta": 0.009496}}
{"target": -184.422700286289, "params": {"gamma": 2.7000089897584956, "prior": 8.969273560141062, "rate": 4.281483807523078}, "datetime": {"datetime": "2024-04-09 03:00:05", "elapsed": 0.236056, "delta": 0.008484}}
{"target": -524.8060425786929, "params": {"gamma": 9.648435631436707, "prior": 6.6680708284026355, "rate": 6.217335506371009}, "datetime": {"datetime": "2024-04-09 03:00:05", "elapsed": 0.244386, "delta": 0.00833}}
{"target": -133.1018847872587, "params": {"gamma": 1.1483449835607984, "prior": 9.499943661200005, "rate": 4.499671422665926}, "datetime": {"datetime": "2024-04-09 03:00:05", "elapsed": 0.25242, "delta": 0.008034}}
{"target": -312.98593790368847, "params": {"gamma": 5.784317754256931, "prior": 4.140554347336684, "rate": 2.371032775450034}, "datetime": {"datetime": "2024-04-09 03:00:05", "elapsed": 0.262164, "delta": 0.009744}}
{"target": -837.9977760691321, "params": {"gamma": 9.033891826101975, "prior": 5.77942691805563, "rate": 0.029700399984558545}, "datetime": {"datetime": "2024-04-09 03:00:05", "elapsed": 0.270429, "delta": 0.008265}}
{"target": -383.1960416483198, "params": {"gamma": 6.171831991293619, "prior": 3.3337845275437523, "rate": 5.271053964473836}, "datetime": {"datetime": "2024-04-09 03:00:05", "elapsed": 0.278272, "delta": 0.007843}}
{"target": -584.6716107754479, "params": {"gamma": 8.859535051008434, "prior": 3.636970624024748, "rate": 9.085442974047073}, "datetime": {"datetime": "2024-04-09 03:00:05", "elapsed": 0.286006, "delta": 0.007734}}
{"target": -518.0600492674131, "params": {"gamma": 6.233977797802236, "prior": 0.2566303041809072, "rate": 9.294442900203869}, "datetime": {"datetime": "2024-04-09 03:00:05", "elapsed": 0.296152, "delta": 0.010146}}
{"target": -423.7301108867711, "params": {"gamma": 6.9092782782517235, "prior": 9.973496219469657, "rate": 1.7242327429449402}, "datetime": {"datetime": "2024-04-09 03:00:05", "elapsed": 0.304315, "delta": 0.008163}}
{"target": -137.04211668856624, "params": {"gamma": 1.3722203605391488, "prior": 9.33269508406792, "rate": 6.9684847967375125}, "datetime": {"datetime": "2024-04-09 03:00:05", "elapsed": 0.312161, "delta": 0.007846}}
{"target": -121.32424626890125, "params": {"gamma": 0.6609357270479028, "prior": 7.579084220764417, "rate": 7.539008008424004}, "datetime": {"datetime": "2024-04-09 03:00:05", "elapsed": 0.320164, "delta": 0.008003}}
{"target": -550.90724624148, "params": {"gamma": 9.230322330929287, "prior": 7.14409511042187, "rate": 1.2435853487596746}, "datetime": {"datetime": "2024-04-09 03:00:05", "elapsed": 0.330098, "delta": 0.009934}}
{"target": -131.60423141904195, "params": {"gamma": 0.1997814582641161, "prior": 0.3594887700894208, "rate": 0.2840365737199253}, "datetime": {"datetime": "2024-04-09 03:00:05", "elapsed": 0.338159, "delta": 0.008061}}
{"target": -175.55579386334585, "params": {"gamma": 2.462864464962856, "prior": 8.61427669196059, "rate": 5.3887718123521875}, "datetime": {"datetime": "2024-04-09 03:00:05", "elapsed": 0.346371, "delta": 0.008212}}
{"target": -363.85374380970404, "params": {"gamma": 5.5286669648789735, "prior": 8.436105834360097, "rate": 1.2426089778839915}, "datetime": {"datetime": "2024-04-09 03:00:05", "elapsed": 0.35435, "delta": 0.007979}}
{"target": -204.22521567175227, "params": {"gamma": 2.792557606432384, "prior": 5.89901678743705, "rate": 9.695987887448426}, "datetime": {"datetime": "2024-04-09 03:00:05", "elapsed": 0.364108, "delta": 0.009758}}
{"target": -464.89308726748556, "params": {"gamma": 5.6107411623378445, "prior": 0.2846081647921359, "rate": 8.006526094133482}, "datetime": {"datetime": "2024-04-09 03:00:05", "elapsed": 0.372367, "delta": 0.008259}}
{"target": -170.55570467327524, "params": {"gamma": 2.3305097641363632, "prior": 8.090341436625915, "rate": 3.8792185799976533}, "datetime": {"datetime": "2024-04-09 03:00:05", "elapsed": 0.380495, "delta": 0.008128}}
{"target": -455.5767055445309, "params": {"gamma": 8.635555003739727, "prior": 7.496504263098128, "rate": 5.562846099670199}, "datetime": {"datetime": "2024-04-09 03:00:05", "elapsed": 0.388566, "delta": 0.008071}}
{"target": -140.18744154825222, "params": {"gamma": 1.3654158013811895, "prior": 0.6931851261708954, "rate": 1.2143132139516326}, "datetime": {"datetime": "2024-04-09 03:00:05", "elapsed": 0.398394, "delta": 0.009828}}
{"target": -119.90576759798435, "params": {"gamma": 0.4464742335690725, "prior": 1.16419187815032, "rate": 2.2578676767399393}, "datetime": {"datetime": "2024-04-09 03:00:05", "elapsed": 0.406463, "delta": 0.008069}}
{"target": -622.254735855854, "params": {"gamma": 7.130176814846385, "prior": 5.64119812233601, "rate": 0.12654724561099942}, "datetime": {"datetime": "2024-04-09 03:00:05", "elapsed": 0.414417, "delta": 0.007954}}
{"target": -124.81519361393164, "params": {"gamma": 0.7206708226151783, "prior": 9.676035667002694, "rate": 5.6814365187375016}, "datetime": {"datetime": "2024-04-09 03:00:05", "elapsed": 0.422573, "delta": 0.008156}}
{"target": -175.9750402935688, "params": {"gamma": 2.033729053375244, "prior": 2.598024871246202, "rate": 7.438514714896855}, "datetime": {"datetime": "2024-04-09 03:00:05", "elapsed": 0.432194, "delta": 0.009621}}
{"target": -164.75854703204925, "params": {"gamma": 1.9550993816120785, "prior": 5.855453380005252, "rate": 9.700229870894034}, "datetime": {"datetime": "2024-04-09 03:00:05", "elapsed": 0.440173, "delta": 0.007979}}
{"target": -537.5048112498675, "params": {"gamma": 8.468441186098863, "prior": 2.4744928155611032, "rate": 4.938203372973032}, "datetime": {"datetime": "2024-04-09 03:00:05", "elapsed": 0.448378, "delta": 0.008205}}
{"target": -376.14575953833315, "params": {"gamma": 6.199937228095417, "prior": 8.306910905546768, "rate": 1.5687571550661965}, "datetime": {"datetime": "2024-04-09 03:00:05", "elapsed": 0.456308, "delta": 0.00793}}
{"target": -127.13621983460534, "params": {"gamma": 0.18674344557191777, "prior": 0.7932192228203011, "rate": 4.863964764259381}, "datetime": {"datetime": "2024-04-09 03:00:05", "elapsed": 0.466156, "delta": 0.009848}}
{"target": -324.4913292962133, "params": {"gamma": 6.063688287071651, "prior": 5.731629227156165, "rate": 3.1743067308122854}, "datetime": {"datetime": "2024-04-09 03:00:05", "elapsed": 0.474161, "delta": 0.008005}}
{"target": -506.060942821609, "params": {"gamma": 9.886172927970076, "prior": 5.839477670533389, "rate": 3.8020315850628807}, "datetime": {"datetime": "2024-04-09 03:00:05", "elapsed": 0.482118, "delta": 0.007957}}
{"target": -316.12439057161123, "params": {"gamma": 5.509931242959851, "prior": 7.478810865974371, "rate": 6.6926597016383935}, "datetime": {"datetime": "2024-04-09 03:00:05", "elapsed": 0.490431, "delta": 0.008313}}
{"target": -219.29103394145707, "params": {"gamma": 2.6499306570704313, "prior": 0.7567148608415716, "rate": 3.701471894943149}, "datetime": {"datetime": "2024-04-09 03:00:05", "elapsed": 0.500377, "delta": 0.009946}}
{"target": -443.06856704147737, "params": {"gamma": 6.297545352708624, "prior": 2.180722698156912, "rate": 7.5278027818344}, "datetime": {"datetime": "2024-04-09 03:00:05", "elapsed": 0.508519, "delta": 0.008142}}
{"target": -120.00901241403105, "params": {"gamma": 0.6662982770597953, "prior": 2.677119475927556, "rate": 8.04774088286971}, "datetime": {"datetime": "2024-04-09 03:00:05", "elapsed": 0.516643, "delta": 0.008124}}
{"target": -156.8590897220159, "params": {"gamma": 1.935149391950654, "prior": 6.430662720711407, "rate": 5.247178420928214}, "datetime": {"datetime": "2024-04-09 03:00:05", "elapsed": 0.526097, "delta": 0.009454}}
{"target": -497.9542638609461, "params": {"gamma": 9.248154896023108, "prior": 2.706638027822399, "rate": 0.6605449457495538}, "datetime": {"datetime": "2024-04-09 03:00:05", "elapsed": 0.535112, "delta": 0.009015}}
{"target": -425.50085282915205, "params": {"gamma": 7.350924566923407, "prior": 7.744562492478143, "rate": 9.078250709182736}, "datetime": {"datetime": "2024-04-09 03:00:05", "elapsed": 0.543564, "delta": 0.008452}}
{"target": -725.5007188086852, "params": {"gamma": 9.319788719899176, "prior": 0.23812057245841045, "rate": 2.344386499128084}, "datetime": {"datetime": "2024-04-09 03:00:05", "elapsed": 0.551894, "delta": 0.00833}}
{"target": -353.9844151825304, "params": {"gamma": 6.1681667916595755, "prior": 9.495261574807403, "rate": 9.50181101635155}, "datetime": {"datetime": "2024-04-09 03:00:05", "elapsed": 0.561658, "delta": 0.009764}}
{"target": -309.0315922279228, "params": {"gamma": 5.566975228763369, "prior": 9.164502862686119, "rate": 6.41602052325443}, "datetime": {"datetime": "2024-04-09 03:00:05", "elapsed": 0.569831, "delta": 0.008173}}
{"target": -250.76270755534858, "params": {"gamma": 3.9006871336983213, "prior": 4.911307604259406, "rate": 6.043500518716813}, "datetime": {"datetime": "2024-04-09 03:00:05", "elapsed": 0.577659, "delta": 0.007828}}
{"target": -320.2372465548842, "params": {"gamma": 5.495929667164118, "prior": 9.269196124393892, "rate": 9.187415622900428}, "datetime": {"datetime": "2024-04-09 03:00:05", "elapsed": 0.585704, "delta": 0.008045}}
{"target": -264.733674067217, "params": {"gamma": 3.9493612536226252, "prior": 9.636299031563047, "rate": 1.740382711137963}, "datetime": {"datetime": "2024-04-09 03:00:05", "elapsed": 0.595442, "delta": 0.009738}}
{"target": -140.58130526958473, "params": {"gamma": 1.2641688648769336, "prior": 1.4372836646626401, "rate": 5.057115994603291}, "datetime": {"datetime": "2024-04-09 03:00:05", "elapsed": 0.603654, "delta": 0.008212}}
{"target": -130.3309145414107, "params": {"gamma": 0.2162265279367056, "prior": 9.484905091055042, "rate": 8.271327596236153}, "datetime": {"datetime": "2024-04-09 03:00:05", "elapsed": 0.611561, "delta": 0.007907}}
{"target": -131.45358228202699, "params": {"gamma": 0.15117478844048168, "prior": 1.8443429301930472, "rate": 3.3213036800940032}, "datetime": {"datetime": "2024-04-09 03:00:05", "elapsed": 0.619581, "delta": 0.00802}}
{"target": -138.0612593147449, "params": {"gamma": 1.310837451264358, "prior": 8.113957852053163, "rate": 3.4480217901802512}, "datetime": {"datetime": "2024-04-09 03:00:05", "elapsed": 0.629262, "delta": 0.009681}}
{"target": -562.0978651748688, "params": {"gamma": 9.401134715851338, "prior": 5.861940381476092, "rate": 8.78844101213403}, "datetime": {"datetime": "2024-04-09 03:00:05", "elapsed": 0.637382, "delta": 0.00812}}
{"target": -427.86200267183074, "params": {"gamma": 8.447499719476827, "prior": 9.063383955215627, "rate": 4.599342777902254}, "datetime": {"datetime": "2024-04-09 03:00:05", "elapsed": 0.645725, "delta": 0.008343}}
{"target": -299.9314239363409, "params": {"gamma": 5.463921813387713, "prior": 8.00617555240519, "rate": 2.8579027984897416}, "datetime": {"datetime": "2024-04-09 03:00:05", "elapsed": 0.653733, "delta": 0.008008}}
{"target": -442.6589960778743, "params": {"gamma": 4.903044972676658, "prior": 6.031192045694196, "rate": 0.15631722223280642}, "datetime": {"datetime": "2024-04-09 03:00:05", "elapsed": 0.663534, "delta": 0.009801}}
{"target": -379.66078155437435, "params": {"gamma": 5.935220600558176, "prior": 4.393395854995637, "rate": 8.073797928319529}, "datetime": {"datetime": "2024-04-09 03:00:05", "elapsed": 0.671724, "delta": 0.00819}}
{"target": -203.15080955714532, "params": {"gamma": 3.153132786150634, "prior": 8.939598214398998, "rate": 5.778994295630071}, "datetime": {"datetime": "2024-04-09 03:00:05", "elapsed": 0.680105, "delta": 0.008381}}
{"target": -153.0963755412856, "params": {"gamma": 1.8409180060730232, "prior": 7.900499414872493, "rate": 6.120699739272295}, "datetime": {"datetime": "2024-04-09 03:00:05", "elapsed": 0.688319, "delta": 0.008214}}
{"target": -119.66782065616617, "params": {"gamma": 0.5400388114654558, "prior": 4.259917432011209, "rate": 6.791009296817731}, "datetime": {"datetime": "2024-04-09 03:00:05", "elapsed": 0.698393, "delta": 0.010074}}
{"target": -769.7926396648622, "params": {"gamma": 9.186099177997281, "prior": 0.10398004642443859, "rate": 9.767614731161565}, "datetime": {"datetime": "2024-04-09 03:00:05", "elapsed": 0.706665, "delta": 0.008272}}
{"target": -227.97121827080394, "params": {"gamma": 3.766426567142999, "prior": 9.740457029747393, "rate": 6.047556293639557}, "datetime": {"datetime": "2024-04-09 03:00:05", "elapsed": 0.714718, "delta": 0.008053}}
{"target": -468.47152986399567, "params": {"gamma": 8.288629233998948, "prior": 5.789643896610213, "rate": 6.281133906875198}, "datetime": {"datetime": "2024-04-09 03:00:05", "elapsed": 0.722968, "delta": 0.00825}}
{"target": -201.66116636678888, "params": {"gamma": 2.8564772406752437, "prior": 5.9096500724952215, "rate": 7.500467615262897}, "datetime": {"datetime": "2024-04-09 03:00:05", "elapsed": 0.732755, "delta": 0.009787}}
{"target": -469.6204581540821, "params": {"gamma": 8.583280050453995, "prior": 7.575313665830033, "rate": 6.980874427224584}, "datetime": {"datetime": "2024-04-09 03:00:05", "elapsed": 0.740965, "delta": 0.00821}}
{"target": -550.3324324103444, "params": {"gamma": 8.644929821115943, "prior": 3.29454186868379, "rate": 6.708217119085085}, "datetime": {"datetime": "2024-04-09 03:00:05", "elapsed": 0.749559, "delta": 0.008594}}
{"target": -275.0013572372854, "params": {"gamma": 4.509288490197079, "prior": 3.8828172451120206, "rate": 4.108702687871935}, "datetime": {"datetime": "2024-04-09 03:00:05", "elapsed": 0.757995, "delta": 0.008436}}
{"target": -272.8676065518546, "params": {"gamma": 4.015394355111937, "prior": 3.2421010649869415, "rate": 6.219571759835095}, "datetime": {"datetime": "2024-04-09 03:00:05", "elapsed": 0.767527, "delta": 0.009532}}
{"target": -252.75272621823322, "params": {"gamma": 4.303042460941823, "prior": 9.740640571479798, "rate": 6.778331113451677}, "datetime": {"datetime": "2024-04-09 03:00:05", "elapsed": 0.775825, "delta": 0.008298}}
{"target": -158.64328629827162, "params": {"gamma": 1.9865003143826816, "prior": 4.324339992545524, "rate": 3.4341190515044557}, "datetime": {"datetime": "2024-04-09 03:00:05", "elapsed": 0.783846, "delta": 0.008021}}
{"target": -447.5056385897, "params": {"gamma": 7.976590400781708, "prior": 8.811983056777974, "rate": 9.038515716307893}, "datetime": {"datetime": "2024-04-09 03:00:05", "elapsed": 0.792252, "delta": 0.008406}}
{"target": -371.1584683062599, "params": {"gamma": 6.627535403940247, "prior": 2.775061794094602, "rate": 2.5244146483443926}, "datetime": {"datetime": "2024-04-09 03:00:05", "elapsed": 0.801435, "delta": 0.009183}}
{"target": -513.9007573858225, "params": {"gamma": 8.549124529031326, "prior": 5.324374998456592, "rate": 8.021808678961976}, "datetime": {"datetime": "2024-04-09 03:00:05", "elapsed": 0.809645, "delta": 0.00821}}
{"target": -316.4719236276623, "params": {"gamma": 5.725312683398872, "prior": 7.35811100034636, "rate": 5.190597263013095}, "datetime": {"datetime": "2024-04-09 03:00:05", "elapsed": 0.81768, "delta": 0.008035}}
{"target": -416.9418470307237, "params": {"gamma": 7.709068221108379, "prior": 5.731694107976684, "rate": 4.6576330760412175}, "datetime": {"datetime": "2024-04-09 03:00:05", "elapsed": 0.82689, "delta": 0.00921}}
{"target": -267.89778694161936, "params": {"gamma": 3.4275463906248644, "prior": 0.7752725493253708, "rate": 3.7798638691016704}, "datetime": {"datetime": "2024-04-09 03:00:05", "elapsed": 0.835815, "delta": 0.008925}}
{"target": -142.14285940928323, "params": {"gamma": 0.7971811509048254, "prior": 9.829889425931405, "rate": 1.816946900456307}, "datetime": {"datetime": "2024-04-09 03:00:05", "elapsed": 0.843879, "delta": 0.008064}}
{"target": -434.56532801590686, "params": {"gamma": 8.118775118507678, "prior": 8.762120285063391, "rate": 6.884444110607048}, "datetime": {"datetime": "2024-04-09 03:00:05", "elapsed": 0.852187, "delta": 0.008308}}
