{"target": -58.44168139753346, "params": {"p_ai": 8.066926533359512, "p_al": 0.03480270482617428, "p_ex": 2.4621277273718314, "prior": 3.4116243103446906, "rate": 9.805510389222096}, "datetime": {"datetime": "2024-03-29 11:05:53", "elapsed": 2162.814231, "delta": 12.801657}}
{"target": -54.49117088762223, "params": {"p_ai": 6.784762952201206, "p_al": 0.0017646914948411057, "p_ex": 8.616962779627807, "prior": 2.1630399981915427, "rate": 8.478303190928766}, "datetime": {"datetime": "2024-03-29 11:06:02", "elapsed": 2171.637309, "delta": 8.823078}}
{"target": -53.19385085121628, "params": {"p_ai": 10.0, "p_al": 0.001, "p_ex": 7.427297131917965, "prior": 7.9568248817819685, "rate": 10.0}, "datetime": {"datetime": "2024-03-29 11:06:12", "elapsed": 2182.066848, "delta": 10.429539}}
{"target": -59.61320292958321, "params": {"p_ai": 5.154148576990192, "p_al": 0.4153052713148126, "p_ex": 9.812629238197939, "prior": 3.2433768118360105, "rate": 2.625584186285115}, "datetime": {"datetime": "2024-03-29 11:06:21", "elapsed": 2190.443801, "delta": 8.376953}}
{"target": -54.10247339439064, "params": {"p_ai": 10.0, "p_al": 0.001, "p_ex": 7.548940869459484, "prior": 7.472988137445578, "rate": 6.802327298957348}, "datetime": {"datetime": "2024-03-29 11:06:33", "elapsed": 2202.346897, "delta": 11.903096}}
{"target": -86.84871700039196, "params": {"p_ai": 5.2567868392872565, "p_al": 0.001, "p_ex": 0.001, "prior": 10.0, "rate": 10.0}, "datetime": {"datetime": "2024-03-29 11:06:41", "elapsed": 2210.323915, "delta": 7.977018}}
{"target": -85.77696076042054, "params": {"p_ai": 10.0, "p_al": 0.001, "p_ex": 0.001, "prior": 6.218237961928185, "rate": 7.3675486037392925}, "datetime": {"datetime": "2024-03-29 11:06:49", "elapsed": 2219.053555, "delta": 8.72964}}
{"target": -85.51813749127248, "params": {"p_ai": 10.0, "p_al": 0.001, "p_ex": 0.001, "prior": 10.0, "rate": 10.0}, "datetime": {"datetime": "2024-03-29 11:06:58", "elapsed": 2227.811594, "delta": 8.758039}}
{"target": -57.60277153256442, "params": {"p_ai": 9.979032539808632, "p_al": 3.708153795469297, "p_ex": 9.778898923379172, "prior": 8.36998839940835, "rate": 4.411165045169607}, "datetime": {"datetime": "2024-03-29 11:07:07", "elapsed": 2236.534623, "delta": 8.723029}}
{"target": -56.918043227681444, "params": {"p_ai": 9.975884880149561, "p_al": 9.218349994103805, "p_ex": 7.532587686570964, "prior": 7.188217513183588, "rate": 5.386137385158606}, "datetime": {"datetime": "2024-03-29 11:07:16", "elapsed": 2245.590378, "delta": 9.055755}}
{"target": -49.66630387181482, "params": {"p_ai": 7.097293328431823, "p_al": 4.694428417092634, "p_ex": 5.4568190344703975, "prior": 2.8405536978319215, "rate": 8.354174540058267}, "datetime": {"datetime": "2024-03-29 11:07:23", "elapsed": 2252.718351, "delta": 7.127973}}
{"target": -88.883040625168, "params": {"p_ai": 4.4515332317895515, "p_al": 0.001, "p_ex": 0.001, "prior": 6.07257385064341, "rate": 10.0}, "datetime": {"datetime": "2024-03-29 11:07:41", "elapsed": 2270.322591, "delta": 17.60424}}
{"target": -59.94449359136292, "params": {"p_ai": 7.08881824591509, "p_al": 5.582429099242572, "p_ex": 10.0, "prior": 7.72302143951124, "rate": 3.4560941977320443}, "datetime": {"datetime": "2024-03-29 11:07:49", "elapsed": 2278.687322, "delta": 8.364731}}
{"target": -55.67321179406666, "params": {"p_ai": 4.732768166016531, "p_al": 4.20457250058447, "p_ex": 5.080827670689553, "prior": 7.73704523836386, "rate": 10.0}, "datetime": {"datetime": "2024-03-29 11:07:58", "elapsed": 2287.496385, "delta": 8.809063}}
{"target": -60.18855861558422, "params": {"p_ai": 5.941997025049197, "p_al": 7.2278562444103995, "p_ex": 3.679087632432978, "prior": 10.0, "rate": 10.0}, "datetime": {"datetime": "2024-03-29 11:08:14", "elapsed": 2303.534299, "delta": 16.037914}}
{"target": -60.64363580242679, "params": {"p_ai": 4.42303160714172, "p_al": 0.027710907026807702, "p_ex": 9.84271799473995, "prior": 0.5689546203224872, "rate": 6.615532030752496}, "datetime": {"datetime": "2024-03-29 11:08:23", "elapsed": 2312.332056, "delta": 8.797757}}
{"target": -63.37559093886188, "params": {"p_ai": 1.9718103390562696, "p_al": 0.001, "p_ex": 3.3635475622269757, "prior": 0.001, "rate": 10.0}, "datetime": {"datetime": "2024-03-29 11:08:32", "elapsed": 2321.456151, "delta": 9.124095}}
{"target": -96.3897869729697, "params": {"p_ai": 5.9053948092652515, "p_al": 10.0, "p_ex": 10.0, "prior": 10.0, "rate": 0.001}, "datetime": {"datetime": "2024-03-29 11:08:41", "elapsed": 2330.674683, "delta": 9.218532}}
{"target": -65.27237598272059, "params": {"p_ai": 4.12973368577833, "p_al": 0.001, "p_ex": 10.0, "prior": 10.0, "rate": 6.895895903964704}, "datetime": {"datetime": "2024-03-29 11:08:53", "elapsed": 2342.487875, "delta": 11.813192}}
{"target": -54.7882624059703, "params": {"p_ai": 7.329301843013812, "p_al": 10.0, "p_ex": 10.0, "prior": 3.3296335589660586, "rate": 10.0}, "datetime": {"datetime": "2024-03-29 11:09:05", "elapsed": 2354.259043, "delta": 11.771168}}
{"target": -159.7375692755681, "params": {"p_ai": 0.001, "p_al": 10.0, "p_ex": 10.0, "prior": 10.0, "rate": 4.070764977475166}, "datetime": {"datetime": "2024-03-29 11:09:15", "elapsed": 2364.222247, "delta": 9.963204}}
{"target": -54.87346093679982, "params": {"p_ai": 4.788543494259371, "p_al": 6.222481907642983, "p_ex": 7.859533842471422, "prior": 5.634246742668081, "rate": 7.7934360061002845}, "datetime": {"datetime": "2024-03-29 11:09:28", "elapsed": 2377.702785, "delta": 13.480538}}
{"target": -59.226518900634844, "params": {"p_ai": 10.0, "p_al": 10.0, "p_ex": 5.528375697525942, "prior": 2.3354643323242947, "rate": 4.9029373571896615}, "datetime": {"datetime": "2024-03-29 11:09:36", "elapsed": 2386.099265, "delta": 8.39648}}
{"target": -52.32632854416591, "params": {"p_ai": 8.131890381470274, "p_al": 4.966567255939575, "p_ex": 8.468861584660752, "prior": 2.6776900996297868, "rate": 10.0}, "datetime": {"datetime": "2024-03-29 11:09:49", "elapsed": 2398.438415, "delta": 12.33915}}
{"target": -55.081760231480516, "params": {"p_ai": 7.30482377373273, "p_al": 6.2011166990781845, "p_ex": 9.881875909625311, "prior": 1.989575518528992, "rate": 3.8642910362034004}, "datetime": {"datetime": "2024-03-29 11:09:57", "elapsed": 2406.972963, "delta": 8.534548}}
{"target": -64.15132325618642, "params": {"p_ai": 6.559068435225558, "p_al": 0.009519901133952551, "p_ex": 2.166993067952016, "prior": 1.204242825213735, "rate": 1.5460382278885334}, "datetime": {"datetime": "2024-03-29 11:10:09", "elapsed": 2418.714325, "delta": 11.741362}}
{"target": -83.29100323765306, "params": {"p_ai": 10.0, "p_al": 0.001, "p_ex": 3.0192581296632333, "prior": 3.1979624511818003, "rate": 0.001}, "datetime": {"datetime": "2024-03-29 11:10:25", "elapsed": 2434.485237, "delta": 15.770912}}
{"target": -57.063335445666034, "params": {"p_ai": 5.601430705651013, "p_al": 7.8245653805938336, "p_ex": 7.398892384940742, "prior": 10.0, "rate": 7.526680166777859}, "datetime": {"datetime": "2024-03-29 11:10:43", "elapsed": 2452.543357, "delta": 18.05812}}
{"target": -59.2981442075737, "params": {"p_ai": 6.85457105355454, "p_al": 4.090813236856939, "p_ex": 3.746556040802341, "prior": 5.484730358432497, "rate": 5.58677503923038}, "datetime": {"datetime": "2024-03-29 11:10:52", "elapsed": 2462.017257, "delta": 9.4739}}
{"target": -89.93166923219214, "params": {"p_ai": 10.0, "p_al": 0.001, "p_ex": 0.001, "prior": 0.001, "rate": 5.774971032174326}, "datetime": {"datetime": "2024-03-29 11:11:09", "elapsed": 2478.856906, "delta": 16.839649}}
{"target": -65.28239124969365, "params": {"p_ai": 10.0, "p_al": 6.794492082933286, "p_ex": 8.726629503210535, "prior": 0.24056260765452644, "rate": 5.334068971563147}, "datetime": {"datetime": "2024-03-29 11:11:18", "elapsed": 2487.999646, "delta": 9.14274}}
{"target": -56.549063736463225, "params": {"p_ai": 6.478965492047689, "p_al": 10.0, "p_ex": 10.0, "prior": 10.0, "rate": 10.0}, "datetime": {"datetime": "2024-03-29 11:11:32", "elapsed": 2501.479306, "delta": 13.47966}}
{"target": -56.55332203430676, "params": {"p_ai": 8.537945359900894, "p_al": 10.0, "p_ex": 5.371666591997759, "prior": 7.123671230480584, "rate": 7.383111523840955}, "datetime": {"datetime": "2024-03-29 11:11:41", "elapsed": 2510.51062, "delta": 9.031314}}
{"target": -56.2017665861724, "params": {"p_ai": 9.881900620704922, "p_al": 0.09269241519008209, "p_ex": 4.189669821781235, "prior": 8.352149992885888, "rate": 8.538709598261372}, "datetime": {"datetime": "2024-03-29 11:11:55", "elapsed": 2524.589316, "delta": 14.078696}}
{"target": -66.64126642186277, "params": {"p_ai": 3.2095819943389254, "p_al": 0.001, "p_ex": 10.0, "prior": 4.413221840956219, "rate": 6.446618213975646}, "datetime": {"datetime": "2024-03-29 11:12:08", "elapsed": 2538.093022, "delta": 13.503706}}
{"target": -123.8223012323002, "params": {"p_ai": 0.001, "p_al": 0.001, "p_ex": 3.6238610509526783, "prior": 10.0, "rate": 10.0}, "datetime": {"datetime": "2024-03-29 11:12:18", "elapsed": 2547.187113, "delta": 9.094091}}
{"target": -56.018928542626504, "params": {"p_ai": 4.9598158067223705, "p_al": 4.589215444155159, "p_ex": 7.374990302292202, "prior": 10.0, "rate": 10.0}, "datetime": {"datetime": "2024-03-29 11:12:32", "elapsed": 2561.819295, "delta": 14.632182}}
{"target": -61.61205793251568, "params": {"p_ai": 10.0, "p_al": 3.1181581234340223, "p_ex": 10.0, "prior": 7.1384464871559885, "rate": 1.8658028898130203}, "datetime": {"datetime": "2024-03-29 11:12:42", "elapsed": 2571.30467, "delta": 9.485375}}
{"target": -51.29859186216694, "params": {"p_ai": 10.0, "p_al": 0.001, "p_ex": 3.7380950317278443, "prior": 0.5413532183261328, "rate": 6.224592418785443}, "datetime": {"datetime": "2024-03-29 11:12:50", "elapsed": 2579.881775, "delta": 8.577105}}
{"target": -56.460255635797594, "params": {"p_ai": 10.0, "p_al": 4.251344502363436, "p_ex": 4.753655178060919, "prior": 3.9675468790120134, "rate": 4.377709867669306}, "datetime": {"datetime": "2024-03-29 11:13:00", "elapsed": 2589.921016, "delta": 10.039241}}
{"target": -55.708432372214546, "params": {"p_ai": 8.29044649663202, "p_al": 7.451048228496494, "p_ex": 9.797889320642158, "prior": 6.307560336107387, "rate": 6.480235938563771}, "datetime": {"datetime": "2024-03-29 11:13:15", "elapsed": 2604.821763, "delta": 14.900747}}
{"target": -53.82657814850325, "params": {"p_ai": 10.0, "p_al": 1.5030805045385287, "p_ex": 4.090156703639494, "prior": 2.437521656296104, "rate": 4.5659734111575005}, "datetime": {"datetime": "2024-03-29 11:13:29", "elapsed": 2618.645945, "delta": 13.824182}}
{"target": -57.564699335001485, "params": {"p_ai": 10.0, "p_al": 10.0, "p_ex": 10.0, "prior": 1.697664928378856, "rate": 4.902434368766563}, "datetime": {"datetime": "2024-03-29 11:13:38", "elapsed": 2628.000135, "delta": 9.35419}}
{"target": -57.28591076939941, "params": {"p_ai": 10.0, "p_al": 3.6396205514435334, "p_ex": 7.5205808341172125, "prior": 4.9884050269216225, "rate": 2.875153395989262}, "datetime": {"datetime": "2024-03-29 11:13:48", "elapsed": 2637.609825, "delta": 9.60969}}
{"target": -67.40656087406123, "params": {"p_ai": 2.1771139312691976, "p_al": 10.0, "p_ex": 5.168753044509003, "prior": 5.6306353093774835, "rate": 10.0}, "datetime": {"datetime": "2024-03-29 11:14:02", "elapsed": 2651.153349, "delta": 13.543524}}
{"target": -63.23434962825934, "params": {"p_ai": 8.391269985954558, "p_al": 3.2723243557758073, "p_ex": 2.165574932765955, "prior": 1.9796159390457098, "rate": 5.872063597963154}, "datetime": {"datetime": "2024-03-29 11:14:12", "elapsed": 2661.776386, "delta": 10.623037}}
{"target": -54.44750212582231, "params": {"p_ai": 7.439823936138465, "p_al": 0.001, "p_ex": 5.06707064275675, "prior": 10.0, "rate": 10.0}, "datetime": {"datetime": "2024-03-29 11:14:25", "elapsed": 2674.435291, "delta": 12.658905}}
{"target": -93.28985692755647, "params": {"p_ai": 0.001, "p_al": 0.001, "p_ex": 10.0, "prior": 0.001, "rate": 5.406722332258247}, "datetime": {"datetime": "2024-03-29 11:14:37", "elapsed": 2687.082859, "delta": 12.647568}}
{"target": -56.833294461428224, "params": {"p_ai": 9.258533647820643, "p_al": 1.295294168416958, "p_ex": 9.97629227762558, "prior": 8.279625879166506, "rate": 5.922297390740751}, "datetime": {"datetime": "2024-03-29 11:14:46", "elapsed": 2695.632719, "delta": 8.54986}}
{"target": -56.0262732357522, "params": {"p_ai": 10.0, "p_al": 5.683967178088456, "p_ex": 10.0, "prior": 6.932358881511659, "rate": 7.811759266059178}, "datetime": {"datetime": "2024-03-29 11:14:56", "elapsed": 2705.431148, "delta": 9.798429}}
{"target": -56.729207655584474, "params": {"p_ai": 8.58804672592657, "p_al": 2.745731713018004, "p_ex": 4.126168704398761, "prior": 10.0, "rate": 10.0}, "datetime": {"datetime": "2024-03-29 11:15:13", "elapsed": 2723.050451, "delta": 17.619303}}
{"target": -56.1701898381527, "params": {"p_ai": 7.754858729506874, "p_al": 2.0967349492565663, "p_ex": 10.0, "prior": 5.710702816389915, "rate": 6.871271783037764}, "datetime": {"datetime": "2024-03-29 11:15:22", "elapsed": 2731.954841, "delta": 8.90439}}
{"target": -65.81612663511359, "params": {"p_ai": 3.379661321974543, "p_al": 10.0, "p_ex": 10.0, "prior": 10.0, "rate": 10.0}, "datetime": {"datetime": "2024-03-29 11:15:30", "elapsed": 2740.102803, "delta": 8.147962}}
{"target": -60.60903509390626, "params": {"p_ai": 4.293698268903624, "p_al": 10.0, "p_ex": 10.0, "prior": 7.802673498031505, "rate": 8.078402248584744}, "datetime": {"datetime": "2024-03-29 11:15:41", "elapsed": 2750.865448, "delta": 10.762645}}
{"target": -1969.4124327330553, "params": {"p_ai": 6.461611525806404, "p_al": 7.3583726031704195, "p_ex": 0.001, "prior": 0.001, "rate": 10.0}, "datetime": {"datetime": "2024-03-29 11:15:56", "elapsed": 2765.209791, "delta": 14.344343}}
{"target": -80.71552032602047, "params": {"p_ai": 4.177086187251824, "p_al": 9.716846990616764, "p_ex": 1.3747134224117357, "prior": 3.4617014984967525, "rate": 8.427772041951847}, "datetime": {"datetime": "2024-03-29 11:16:04", "elapsed": 2773.218101, "delta": 8.00831}}
{"target": -53.46626740991027, "params": {"p_ai": 6.472749147945404, "p_al": 6.864099217145772, "p_ex": 4.0041617716015265, "prior": 1.9208266205674283, "rate": 7.877504799754136}, "datetime": {"datetime": "2024-03-29 11:16:19", "elapsed": 2788.414943, "delta": 15.196842}}
{"target": -146.2270689585582, "params": {"p_ai": 0.001, "p_al": 0.001, "p_ex": 0.001, "prior": 10.0, "rate": 0.001}, "datetime": {"datetime": "2024-03-29 11:16:27", "elapsed": 2796.972799, "delta": 8.557856}}
{"target": -85.83766461978553, "params": {"p_ai": 9.634009845919763, "p_al": 5.866671285296838, "p_ex": 0.5374105858379862, "prior": 3.936810510786261, "rate": 6.346874005331982}, "datetime": {"datetime": "2024-03-29 11:16:39", "elapsed": 2808.794324, "delta": 11.821525}}
{"target": -56.99739014819327, "params": {"p_ai": 4.96468582433435, "p_al": 6.58892897555963, "p_ex": 4.105564894806107, "prior": 0.4462611332300507, "rate": 7.99154206620114}, "datetime": {"datetime": "2024-03-29 11:16:49", "elapsed": 2819.107393, "delta": 10.313069}}
{"target": -134.22044607444147, "params": {"p_ai": 0.001, "p_al": 0.001, "p_ex": 10.0, "prior": 10.0, "rate": 10.0}, "datetime": {"datetime": "2024-03-29 11:16:57", "elapsed": 2826.803193, "delta": 7.6958}}
{"target": -92.61825810613578, "params": {"p_ai": 10.0, "p_al": 10.0, "p_ex": 0.001, "prior": 10.0, "rate": 0.001}, "datetime": {"datetime": "2024-03-29 11:17:09", "elapsed": 2838.191115, "delta": 11.387922}}
{"target": -2358.0874694088775, "params": {"p_ai": 0.001, "p_al": 10.0, "p_ex": 0.001, "prior": 0.001, "rate": 10.0}, "datetime": {"datetime": "2024-03-29 11:17:21", "elapsed": 2850.604602, "delta": 12.413487}}
{"target": -128.71639194036845, "params": {"p_ai": 0.001, "p_al": 0.001, "p_ex": 10.0, "prior": 0.001, "rate": 0.001}, "datetime": {"datetime": "2024-03-29 11:17:35", "elapsed": 2864.71388, "delta": 14.109278}}
{"target": -93.34448824172694, "params": {"p_ai": 5.8414513200651825, "p_al": 10.0, "p_ex": 0.001, "prior": 10.0, "rate": 0.001}, "datetime": {"datetime": "2024-03-29 11:17:51", "elapsed": 2880.149086, "delta": 15.435206}}
{"target": -77.15413522439454, "params": {"p_ai": 2.4644139799608413, "p_al": 8.042091840903073, "p_ex": 2.076352863853714, "prior": 2.594095709973796, "rate": 9.554001411048725}, "datetime": {"datetime": "2024-03-29 11:18:05", "elapsed": 2894.841539, "delta": 14.692453}}
{"target": -88.03203777683538, "params": {"p_ai": 10.0, "p_al": 3.809900723534348, "p_ex": 0.001, "prior": 5.664630788669482, "rate": 0.001}, "datetime": {"datetime": "2024-03-29 11:18:26", "elapsed": 2915.887975, "delta": 21.046436}}
{"target": -208.7139960478293, "params": {"p_ai": 0.001, "p_al": 10.0, "p_ex": 10.0, "prior": 10.0, "rate": 0.001}, "datetime": {"datetime": "2024-03-29 11:18:40", "elapsed": 2930.10493, "delta": 14.216955}}
{"target": -813.0818413016858, "params": {"p_ai": 10.0, "p_al": 5.044203489713759, "p_ex": 10.0, "prior": 0.001, "rate": 0.001}, "datetime": {"datetime": "2024-03-29 11:18:52", "elapsed": 2941.529276, "delta": 11.424346}}
{"target": -135.3006716555143, "params": {"p_ai": 0.001, "p_al": 10.0, "p_ex": 0.001, "prior": 10.0, "rate": 2.4392797500110657}, "datetime": {"datetime": "2024-03-29 11:19:03", "elapsed": 2953.082707, "delta": 11.553431}}
{"target": -69.23207852349404, "params": {"p_ai": 8.02996554397351, "p_al": 3.88516267938391, "p_ex": 8.911124737451033, "prior": 2.4855163662775404, "rate": 0.7653879902551858}, "datetime": {"datetime": "2024-03-29 11:19:19", "elapsed": 2968.9963, "delta": 15.913593}}
{"target": -75.20592095662106, "params": {"p_ai": 6.309603684505265, "p_al": 10.0, "p_ex": 1.9237160232079331, "prior": 2.69199177162542, "rate": 7.251150699835895}, "datetime": {"datetime": "2024-03-29 11:19:38", "elapsed": 2987.543727, "delta": 18.547427}}
{"target": -114.60264812370843, "params": {"p_ai": 0.11013545365597473, "p_al": 3.573568354328923, "p_ex": 9.859114178655643, "prior": 6.198894982165067, "rate": 9.960400718028694}, "datetime": {"datetime": "2024-03-29 11:19:48", "elapsed": 2997.73622, "delta": 10.192493}}
{"target": -62.247346115151714, "params": {"p_ai": 9.943662282991967, "p_al": 5.792315542086767, "p_ex": 9.838753855865933, "prior": 3.982303565348887, "rate": 1.8053427335312573}, "datetime": {"datetime": "2024-03-29 11:19:59", "elapsed": 3008.809987, "delta": 11.073767}}
{"target": -112.71801934929617, "params": {"p_ai": 10.0, "p_al": 10.0, "p_ex": 0.001, "prior": 5.155588874156883, "rate": 0.001}, "datetime": {"datetime": "2024-03-29 11:20:12", "elapsed": 3021.131834, "delta": 12.321847}}
{"target": -85.01389419836678, "params": {"p_ai": 6.283843709401981, "p_al": 0.001, "p_ex": 0.001, "prior": 10.0, "rate": 3.8147412917454195}, "datetime": {"datetime": "2024-03-29 11:20:22", "elapsed": 3031.188643, "delta": 10.056809}}
{"target": -166.0596362028664, "params": {"p_ai": 0.001, "p_al": 0.001, "p_ex": 10.0, "prior": 10.0, "rate": 4.201298728136605}, "datetime": {"datetime": "2024-03-29 11:20:43", "elapsed": 3052.132539, "delta": 20.943896}}
{"target": -131.37282496541704, "params": {"p_ai": 0.001, "p_al": 4.711531104096914, "p_ex": 10.0, "prior": 10.0, "rate": 10.0}, "datetime": {"datetime": "2024-03-29 11:20:52", "elapsed": 3061.999068, "delta": 9.866529}}
{"target": -146.21233252975958, "params": {"p_ai": 0.001, "p_al": 0.001, "p_ex": 0.001, "prior": 10.0, "rate": 10.0}, "datetime": {"datetime": "2024-03-29 11:21:05", "elapsed": 3074.987046, "delta": 12.987978}}
{"target": -270.63721865760743, "params": {"p_ai": 0.3727478499616943, "p_al": 3.9378500396010327, "p_ex": 0.2781611514859979, "prior": 0.5283695833446527, "rate": 0.08708666349809689}, "datetime": {"datetime": "2024-03-29 11:21:15", "elapsed": 3084.952234, "delta": 9.965188}}
{"target": -84.16423880211573, "params": {"p_ai": 10.0, "p_al": 0.001, "p_ex": 0.001, "prior": 10.0, "rate": 3.3543155861289806}, "datetime": {"datetime": "2024-03-29 11:21:25", "elapsed": 3095.024323, "delta": 10.072089}}
{"target": -63.00982941248905, "params": {"p_ai": 3.3053013330427157, "p_al": 0.001, "p_ex": 6.2910967436196, "prior": 10.0, "rate": 10.0}, "datetime": {"datetime": "2024-03-29 11:21:35", "elapsed": 3104.589742, "delta": 9.565419}}
{"target": -97.95365446298224, "params": {"p_ai": 4.801444457791733, "p_al": 6.534840546236265, "p_ex": 10.0, "prior": 10.0, "rate": 0.001}, "datetime": {"datetime": "2024-03-29 11:21:45", "elapsed": 3114.453056, "delta": 9.863314}}
{"target": -90.36181195869307, "params": {"p_ai": 5.148235097415707, "p_al": 6.6277940273913725, "p_ex": 0.001, "prior": 10.0, "rate": 4.461643890837175}, "datetime": {"datetime": "2024-03-29 11:21:55", "elapsed": 3124.174304, "delta": 9.721248}}
{"target": -1563.0013936841378, "params": {"p_ai": 0.001, "p_al": 10.0, "p_ex": 0.001, "prior": 0.001, "rate": 0.001}, "datetime": {"datetime": "2024-03-29 11:22:12", "elapsed": 3142.012522, "delta": 17.838218}}
{"target": -133.82097144150552, "params": {"p_ai": 0.26484043326892803, "p_al": 5.067967226420264, "p_ex": 9.519365712234572, "prior": 0.09031898990458384, "rate": 2.0118484039296134}, "datetime": {"datetime": "2024-03-29 11:22:26", "elapsed": 3155.824486, "delta": 13.811964}}
{"target": -1033.3922248195452, "params": {"p_ai": 0.001, "p_al": 10.0, "p_ex": 10.0, "prior": 0.001, "rate": 2.9953407708797455}, "datetime": {"datetime": "2024-03-29 11:22:35", "elapsed": 3164.642055, "delta": 8.817569}}
{"target": -96.53856251373949, "params": {"p_ai": 6.822912644742754, "p_al": 10.0, "p_ex": 0.001, "prior": 4.575178682186136, "rate": 10.0}, "datetime": {"datetime": "2024-03-29 11:22:52", "elapsed": 3181.519102, "delta": 16.877047}}
{"target": -92.82363965676808, "params": {"p_ai": 3.513365225361496, "p_al": 3.3565278295130696, "p_ex": 0.001, "prior": 10.0, "rate": 10.0}, "datetime": {"datetime": "2024-03-29 11:23:05", "elapsed": 3195.051296, "delta": 13.532194}}
