{"target": -129.94432888561616, "params": {"gamma": 0.2583115349675914, "lr": 0.4245804589007254}, "datetime": {"datetime": "2024-03-30 04:39:55", "elapsed": 23190.688946, "delta": 42.351466}}
{"target": -135.5511936721485, "params": {"gamma": 0.21523049824820972, "lr": 0.738332032584806}, "datetime": {"datetime": "2024-03-30 04:41:29", "elapsed": 23284.748075, "delta": 94.059129}}
{"target": -142.10134095324673, "params": {"gamma": 0.06029538151376261, "lr": 0.0739794436827443}, "datetime": {"datetime": "2024-03-30 04:42:46", "elapsed": 23362.309323, "delta": 77.561248}}
{"target": -133.94740304951097, "params": {"gamma": 0.255649304445768, "lr": 0.3146156567754852}, "datetime": {"datetime": "2024-03-30 04:43:41", "elapsed": 23416.576409, "delta": 54.267086}}
{"target": -134.93090490250924, "params": {"gamma": 0.18649619089420097, "lr": 0.21418062090856915}, "datetime": {"datetime": "2024-03-30 04:45:00", "elapsed": 23496.130839, "delta": 79.55443}}
{"target": -131.23248660601587, "params": {"gamma": 0.33301685714665463, "lr": 0.36575880139691663}, "datetime": {"datetime": "2024-03-30 04:45:57", "elapsed": 23552.402023, "delta": 56.271184}}
{"target": -138.715179065092, "params": {"gamma": 0.3687099269440042, "lr": 0.663844861006115}, "datetime": {"datetime": "2024-03-30 04:47:19", "elapsed": 23635.1052, "delta": 82.703177}}
{"target": -129.70070833819523, "params": {"gamma": 0.2206001266753864, "lr": 0.3470968905824422}, "datetime": {"datetime": "2024-03-30 04:48:05", "elapsed": 23680.329522, "delta": 45.224322}}
{"target": -136.8605721696495, "params": {"gamma": 0.6638098098004978, "lr": 0.41592819268973513}, "datetime": {"datetime": "2024-03-30 04:49:38", "elapsed": 23774.198106, "delta": 93.868584}}
{"target": -152.28131026801952, "params": {"gamma": 0.5645580396885898, "lr": 0.6843483216775091}, "datetime": {"datetime": "2024-03-30 04:50:48", "elapsed": 23844.326225, "delta": 70.128119}}
{"target": -135.41890477785785, "params": {"gamma": 0.556026042999728, "lr": 0.36741268929821225}, "datetime": {"datetime": "2024-03-30 04:52:06", "elapsed": 23921.655953, "delta": 77.329728}}
{"target": -229.29592964163447, "params": {"gamma": 1.0058302204584328, "lr": 0.834969759153644}, "datetime": {"datetime": "2024-03-30 04:53:20", "elapsed": 23995.439631, "delta": 73.783678}}
{"target": -137.70934491368212, "params": {"gamma": 0.4325411258157664, "lr": 0.5157204815987929}, "datetime": {"datetime": "2024-03-30 04:54:11", "elapsed": 24047.223345, "delta": 51.783714}}
{"target": -137.6232144740203, "params": {"gamma": 0.1550778170488518, "lr": 0.8964628465188563}, "datetime": {"datetime": "2024-03-30 04:55:38", "elapsed": 24133.364395, "delta": 86.14105}}
{"target": -133.31751333241363, "params": {"gamma": 0.3062602208261813, "lr": 0.2607956058303934}, "datetime": {"datetime": "2024-03-30 04:56:42", "elapsed": 24197.594687, "delta": 64.230292}}
{"target": -145.69530823787565, "params": {"gamma": 0.553072616601153, "lr": 0.5861937564162489}, "datetime": {"datetime": "2024-03-30 04:57:48", "elapsed": 24263.939794, "delta": 66.345107}}
{"target": -147.70232795595751, "params": {"gamma": 0.6245396559794407, "lr": 0.5176846305463321}, "datetime": {"datetime": "2024-03-30 04:59:23", "elapsed": 24358.386868, "delta": 94.447074}}
{"target": -135.29937570063058, "params": {"gamma": 0.20697469107785113, "lr": 0.6471100258681561}, "datetime": {"datetime": "2024-03-30 05:00:24", "elapsed": 24420.100704, "delta": 61.713836}}
{"target": -134.978898654288, "params": {"gamma": 0.3483932079952187, "lr": 0.3306705480298515}, "datetime": {"datetime": "2024-03-30 05:01:38", "elapsed": 24494.010912, "delta": 73.910208}}
{"target": -140.12495464796072, "params": {"gamma": 0.031107406795163432, "lr": 0.5817962296199684}, "datetime": {"datetime": "2024-03-30 05:03:24", "elapsed": 24599.798651, "delta": 105.787739}}
{"target": -132.5074065789154, "params": {"gamma": 0.4486826945719474, "lr": 0.3721056307153505}, "datetime": {"datetime": "2024-03-30 05:04:58", "elapsed": 24693.654967, "delta": 93.856316}}
{"target": -133.14973536969524, "params": {"gamma": 0.5672771950319297, "lr": 0.42367874899948965}, "datetime": {"datetime": "2024-03-30 05:06:49", "elapsed": 24805.112882, "delta": 111.457915}}
{"target": -222.3593228783579, "params": {"gamma": 1.4480440368317353, "lr": 0.3266545142082994}, "datetime": {"datetime": "2024-03-30 05:08:07", "elapsed": 24882.333564, "delta": 77.220682}}
{"target": -138.91465487335628, "params": {"gamma": 0.05445579695416043, "lr": 0.757678506038657}, "datetime": {"datetime": "2024-03-30 05:09:34", "elapsed": 24969.954435, "delta": 87.620871}}
{"target": -135.56805204820557, "params": {"gamma": 0.13717388539583553, "lr": 0.4744663876381895}, "datetime": {"datetime": "2024-03-30 05:11:08", "elapsed": 25063.904289, "delta": 93.949854}}
{"target": -148.76346916553646, "params": {"gamma": 0.8885495049629021, "lr": 0.40055721169405845}, "datetime": {"datetime": "2024-03-30 05:12:26", "elapsed": 25141.422739, "delta": 77.51845}}
{"target": -134.65896552591724, "params": {"gamma": 0.17239180547887623, "lr": 0.7168920247778615}, "datetime": {"datetime": "2024-03-30 05:13:27", "elapsed": 25203.084333, "delta": 61.661594}}
{"target": -135.85625306346108, "params": {"gamma": 0.11362201499737236, "lr": 0.726826469405646}, "datetime": {"datetime": "2024-03-30 05:14:22", "elapsed": 25258.319811, "delta": 55.235478}}
{"target": -142.09517201478903, "params": {"gamma": 0.42694818683480507, "lr": 0.0}, "datetime": {"datetime": "2024-03-30 05:15:35", "elapsed": 25331.085357, "delta": 72.765546}}
{"target": -135.82038443172044, "params": {"gamma": 0.3005459591946102, "lr": 0.606379974350541}, "datetime": {"datetime": "2024-03-30 05:16:37", "elapsed": 25392.48808, "delta": 61.402723}}
{"target": -134.90778292565636, "params": {"gamma": 0.09920237846427823, "lr": 0.3470051733695795}, "datetime": {"datetime": "2024-03-30 05:18:01", "elapsed": 25477.244432, "delta": 84.756352}}
{"target": -132.54369982463, "params": {"gamma": 0.4895197975573263, "lr": 0.43978401329226835}, "datetime": {"datetime": "2024-03-30 05:19:15", "elapsed": 25550.687179, "delta": 73.442747}}
{"target": -141.95163710531475, "params": {"gamma": 0.14681140436122056, "lr": 0.13284884994438706}, "datetime": {"datetime": "2024-03-30 05:20:43", "elapsed": 25638.642161, "delta": 87.954982}}
{"target": -133.30939553390115, "params": {"gamma": 0.3556329144761922, "lr": 0.4721177710180047}, "datetime": {"datetime": "2024-03-30 05:22:13", "elapsed": 25728.920983, "delta": 90.278822}}
{"target": -148.7315781135972, "params": {"gamma": 0.34894855678042347, "lr": 0.9327304377140633}, "datetime": {"datetime": "2024-03-30 05:23:21", "elapsed": 25796.445891, "delta": 67.524908}}
{"target": -148.30759347298346, "params": {"gamma": 0.7703070322452213, "lr": 0.4682020749121789}, "datetime": {"datetime": "2024-03-30 05:24:30", "elapsed": 25866.243107, "delta": 69.797216}}
{"target": -135.6630048156685, "params": {"gamma": 0.13348784301055583, "lr": 0.32162802844536653}, "datetime": {"datetime": "2024-03-30 05:25:47", "elapsed": 25942.780088, "delta": 76.536981}}
{"target": -161.98491816316695, "params": {"gamma": 0.743587505788829, "lr": 0.6119407240522938}, "datetime": {"datetime": "2024-03-30 05:26:51", "elapsed": 26006.793087, "delta": 64.012999}}
{"target": -138.68490294025884, "params": {"gamma": 0.05887483818511571, "lr": 0.5987582992519074}, "datetime": {"datetime": "2024-03-30 05:28:12", "elapsed": 26087.470429, "delta": 80.677342}}
{"target": -142.09517201478903, "params": {"gamma": 1.7942279108083794, "lr": 0.0}, "datetime": {"datetime": "2024-03-30 05:29:20", "elapsed": 26156.050127, "delta": 68.579698}}
{"target": -171.10344291812294, "params": {"gamma": 0.35889271764194264, "lr": 0.10794846176887041}, "datetime": {"datetime": "2024-03-30 05:30:44", "elapsed": 26239.842604, "delta": 83.792477}}
{"target": -354.2329079072939, "params": {"gamma": 1.9256444053681532, "lr": 0.18354451197025834}, "datetime": {"datetime": "2024-03-30 05:31:48", "elapsed": 26303.363338, "delta": 63.520734}}
{"target": -148.64194759570665, "params": {"gamma": 0.6576581572160398, "lr": 0.29304663010627174}, "datetime": {"datetime": "2024-03-30 05:32:47", "elapsed": 26363.172935, "delta": 59.809597}}
{"target": -162.16888878291198, "params": {"gamma": 0.9875065335942387, "lr": 0.4577967164820569}, "datetime": {"datetime": "2024-03-30 05:34:20", "elapsed": 26455.827684, "delta": 92.654749}}
{"target": -142.09517201478903, "params": {"gamma": 0.7427848712331411, "lr": 0.0}, "datetime": {"datetime": "2024-03-30 05:35:44", "elapsed": 26539.580712, "delta": 83.753028}}
{"target": -133.9547515340707, "params": {"gamma": 0.20580421156579148, "lr": 0.2422916994767419}, "datetime": {"datetime": "2024-03-30 05:37:24", "elapsed": 26639.659361, "delta": 100.078649}}
{"target": -143.48173489594032, "params": {"gamma": 0.5728387720428757, "lr": 0.26036007891568536}, "datetime": {"datetime": "2024-03-30 05:38:44", "elapsed": 26720.171086, "delta": 80.511725}}
{"target": -154.29436680161515, "params": {"gamma": 0.47506096886767724, "lr": 0.8273338210014978}, "datetime": {"datetime": "2024-03-30 05:40:05", "elapsed": 26800.787822, "delta": 80.616736}}
{"target": -141.35530193308568, "params": {"gamma": 0.4780890723382324, "lr": 0.5546364484102955}, "datetime": {"datetime": "2024-03-30 05:41:34", "elapsed": 26889.673344, "delta": 88.885522}}
{"target": -138.9777265755469, "params": {"gamma": 0.4896771846283956, "lr": 0.26645542837564495}, "datetime": {"datetime": "2024-03-30 05:43:06", "elapsed": 26981.791955, "delta": 92.118611}}
{"target": -158.49948803743544, "params": {"gamma": 0.5533611454980496, "lr": 0.7742884886778953}, "datetime": {"datetime": "2024-03-30 05:44:27", "elapsed": 27062.381013, "delta": 80.589058}}
{"target": -143.04628332498538, "params": {"gamma": 0.6705616477204305, "lr": 0.4848741770845707}, "datetime": {"datetime": "2024-03-30 05:45:40", "elapsed": 27135.661828, "delta": 73.280815}}
{"target": -142.03118242080683, "params": {"gamma": 0.001, "lr": 0.15187823971694003}, "datetime": {"datetime": "2024-03-30 05:46:42", "elapsed": 27197.506029, "delta": 61.844201}}
{"target": -134.63762547510387, "params": {"gamma": 0.11582835416802822, "lr": 0.4188629679876069}, "datetime": {"datetime": "2024-03-30 05:47:44", "elapsed": 27260.306586, "delta": 62.800557}}
{"target": -170.21837651549558, "params": {"gamma": 0.841583188195788, "lr": 0.20515015044453588}, "datetime": {"datetime": "2024-03-30 05:49:08", "elapsed": 27343.583903, "delta": 83.277317}}
{"target": -132.7243750253539, "params": {"gamma": 0.4848986078436753, "lr": 0.3972969708018399}, "datetime": {"datetime": "2024-03-30 05:50:22", "elapsed": 27417.792463, "delta": 74.20856}}
{"target": -135.04514344786807, "params": {"gamma": 0.16517097468745856, "lr": 0.5717772997301861}, "datetime": {"datetime": "2024-03-30 05:51:32", "elapsed": 27488.015602, "delta": 70.223139}}
{"target": -136.11006793946686, "params": {"gamma": 0.08951660684786181, "lr": 0.4400678900163515}, "datetime": {"datetime": "2024-03-30 05:52:43", "elapsed": 27558.75877, "delta": 70.743168}}
{"target": -142.01402269419293, "params": {"gamma": 0.0011863125353289523, "lr": 0.9529306069425204}, "datetime": {"datetime": "2024-03-30 05:54:34", "elapsed": 27670.219896, "delta": 111.461126}}
{"target": -133.5014770242486, "params": {"gamma": 0.23377916266963833, "lr": 0.27984599560561496}, "datetime": {"datetime": "2024-03-30 05:56:00", "elapsed": 27755.704997, "delta": 85.485101}}
{"target": -131.60385665509034, "params": {"gamma": 0.1902724205333267, "lr": 0.41365028049467223}, "datetime": {"datetime": "2024-03-30 05:57:28", "elapsed": 27843.71947, "delta": 88.014473}}
{"target": -130.97679715769192, "params": {"gamma": 0.2865802937950033, "lr": 0.38341126338118847}, "datetime": {"datetime": "2024-03-30 05:58:15", "elapsed": 27890.721212, "delta": 47.001742}}
{"target": -193.3241402564456, "params": {"gamma": 1.0363327319703175, "lr": 0.6621134956891672}, "datetime": {"datetime": "2024-03-30 05:59:38", "elapsed": 27973.850711, "delta": 83.129499}}
{"target": -137.15289495591105, "params": {"gamma": 0.1683383323849521, "lr": 0.8325637869017324}, "datetime": {"datetime": "2024-03-30 06:01:11", "elapsed": 28066.440209, "delta": 92.589498}}
{"target": -136.48685486746876, "params": {"gamma": 0.42133646767315763, "lr": 0.24714159594382493}, "datetime": {"datetime": "2024-03-30 06:02:24", "elapsed": 28139.389621, "delta": 72.949412}}
{"target": -172.4271012175791, "params": {"gamma": 1.1275876326395948, "lr": 0.486785346137537}, "datetime": {"datetime": "2024-03-30 06:03:31", "elapsed": 28207.044636, "delta": 67.655015}}
{"target": -137.78778456788066, "params": {"gamma": 0.0791745339627976, "lr": 0.6608243842078988}, "datetime": {"datetime": "2024-03-30 06:04:33", "elapsed": 28268.586927, "delta": 61.542291}}
{"target": -134.40415517226992, "params": {"gamma": 0.18989790407690293, "lr": 0.3171167778828299}, "datetime": {"datetime": "2024-03-30 06:05:49", "elapsed": 28345.047377, "delta": 76.46045}}
{"target": -140.20393086725994, "params": {"gamma": 0.23769566315375223, "lr": 0.9164204684993521}, "datetime": {"datetime": "2024-03-30 06:07:09", "elapsed": 28424.449138, "delta": 79.401761}}
{"target": -135.14051995381573, "params": {"gamma": 0.4600993237993475, "lr": 0.4859879177658123}, "datetime": {"datetime": "2024-03-30 06:08:28", "elapsed": 28504.133734, "delta": 79.684596}}
{"target": -139.77424359685637, "params": {"gamma": 0.1696389459504654, "lr": 1.0}, "datetime": {"datetime": "2024-03-30 06:09:56", "elapsed": 28592.192336, "delta": 88.058602}}
{"target": -131.24518000245575, "params": {"gamma": 0.4034287346554822, "lr": 0.3766760027313407}, "datetime": {"datetime": "2024-03-30 06:11:38", "elapsed": 28693.776877, "delta": 101.584541}}
{"target": -137.25768670801367, "params": {"gamma": 0.08141900844034514, "lr": 0.2896527707269059}, "datetime": {"datetime": "2024-03-30 06:12:45", "elapsed": 28760.529097, "delta": 66.75222}}
{"target": -140.56812559665008, "params": {"gamma": 0.02173444981094203, "lr": 0.7486688901766171}, "datetime": {"datetime": "2024-03-30 06:14:25", "elapsed": 28860.508362, "delta": 99.979265}}
{"target": -137.25878699356647, "params": {"gamma": 0.6843476920914786, "lr": 0.34234674483321503}, "datetime": {"datetime": "2024-03-30 06:15:22", "elapsed": 28917.85046, "delta": 57.342098}}
{"target": -130.07786102700516, "params": {"gamma": 0.4970761981516639, "lr": 0.35056817019491515}, "datetime": {"datetime": "2024-03-30 06:17:07", "elapsed": 29022.658194, "delta": 104.807734}}
{"target": -138.52634272520106, "params": {"gamma": 0.27124685706415125, "lr": 0.17599831503369578}, "datetime": {"datetime": "2024-03-30 06:18:22", "elapsed": 29097.916812, "delta": 75.258618}}
{"target": -137.05675840661323, "params": {"gamma": 0.13802121205026074, "lr": 0.19097678291114029}, "datetime": {"datetime": "2024-03-30 06:19:48", "elapsed": 29184.115543, "delta": 86.198731}}
{"target": -128.35799536356876, "params": {"gamma": 0.28896523643105654, "lr": 0.3547940169030903}, "datetime": {"datetime": "2024-03-30 06:21:13", "elapsed": 29269.237585, "delta": 85.122042}}
{"target": -171.63167303608066, "params": {"gamma": 0.8231334168099083, "lr": 0.6596302778673268}, "datetime": {"datetime": "2024-03-30 06:22:37", "elapsed": 29352.575846, "delta": 83.338261}}
{"target": -142.09517201478903, "params": {"gamma": 0.6172636215438156, "lr": 0.0}, "datetime": {"datetime": "2024-03-30 06:24:35", "elapsed": 29471.310621, "delta": 118.734775}}
{"target": -159.72223497107504, "params": {"gamma": 0.7945747940682523, "lr": 0.2621977077708303}, "datetime": {"datetime": "2024-03-30 06:25:32", "elapsed": 29528.027589, "delta": 56.716968}}
{"target": -133.9090551916281, "params": {"gamma": 0.24802005775431524, "lr": 0.5311112417189083}, "datetime": {"datetime": "2024-03-30 06:27:04", "elapsed": 29619.586665, "delta": 91.559076}}
{"target": -136.59113070904488, "params": {"gamma": 0.11379869617537552, "lr": 0.650566638239927}, "datetime": {"datetime": "2024-03-30 06:28:26", "elapsed": 29701.636777, "delta": 82.050112}}
{"target": -200.3134601295862, "params": {"gamma": 0.8676061818412268, "lr": 0.8187983923546596}, "datetime": {"datetime": "2024-03-30 06:29:42", "elapsed": 29777.364325, "delta": 75.727548}}
{"target": -131.58697819368743, "params": {"gamma": 0.23888324599231386, "lr": 0.39490026511865783}, "datetime": {"datetime": "2024-03-30 06:31:23", "elapsed": 29878.809534, "delta": 101.445209}}
{"target": -134.97594725124438, "params": {"gamma": 0.1533500103121061, "lr": 0.5317452799689447}, "datetime": {"datetime": "2024-03-30 06:32:06", "elapsed": 29922.140797, "delta": 43.331263}}
{"target": -136.60369702854112, "params": {"gamma": 0.10273274176249739, "lr": 0.24165227955238}, "datetime": {"datetime": "2024-03-30 06:33:12", "elapsed": 29987.570938, "delta": 65.430141}}
{"target": -136.59568217596524, "params": {"gamma": 0.271015922937571, "lr": 0.7323313366208973}, "datetime": {"datetime": "2024-03-30 06:34:50", "elapsed": 30085.877754, "delta": 98.306816}}
{"target": -136.86959492023476, "params": {"gamma": 0.3142906391190601, "lr": 0.6487235471191316}, "datetime": {"datetime": "2024-03-30 06:36:38", "elapsed": 30193.365297, "delta": 107.487543}}
{"target": -129.23127383485857, "params": {"gamma": 0.35611278043599287, "lr": 0.4045694036659687}, "datetime": {"datetime": "2024-03-30 06:37:20", "elapsed": 30236.015522, "delta": 42.650225}}
{"target": -142.0320374209737, "params": {"gamma": 0.001, "lr": 0.4956817751967117}, "datetime": {"datetime": "2024-03-30 06:38:33", "elapsed": 30308.713507, "delta": 72.697985}}
{"target": -128.14521460766863, "params": {"gamma": 0.3821056576687586, "lr": 0.34879175908255555}, "datetime": {"datetime": "2024-03-30 06:40:05", "elapsed": 30401.298929, "delta": 92.585422}}
{"target": -134.05001841210566, "params": {"gamma": 0.3189002404976349, "lr": 0.24107067031765606}, "datetime": {"datetime": "2024-03-30 06:41:24", "elapsed": 30479.688042, "delta": 78.389113}}
{"target": -132.4861497306279, "params": {"gamma": 0.3835768994355752, "lr": 0.4491965032493851}, "datetime": {"datetime": "2024-03-30 06:42:54", "elapsed": 30569.929833, "delta": 90.241791}}
{"target": -132.44035877874563, "params": {"gamma": 0.2112298089939102, "lr": 0.36853720322964667}, "datetime": {"datetime": "2024-03-30 06:44:47", "elapsed": 30682.812757, "delta": 112.882924}}
{"target": -139.28916116604378, "params": {"gamma": 0.5860827083419375, "lr": 0.46803395017986615}, "datetime": {"datetime": "2024-03-30 06:46:02", "elapsed": 30758.256246, "delta": 75.443489}}
{"target": -147.84662769109306, "params": {"gamma": 0.36062389843056736, "lr": 0.8486801559237771}, "datetime": {"datetime": "2024-03-30 06:47:24", "elapsed": 30839.956547, "delta": 81.700301}}
{"target": -130.10579515846322, "params": {"gamma": 0.2947240358043764, "lr": 0.4300494172471896}, "datetime": {"datetime": "2024-03-30 06:48:34", "elapsed": 30909.81763, "delta": 69.861083}}
{"target": -134.38314196157933, "params": {"gamma": 0.3587111725292046, "lr": 0.2940430774761875}, "datetime": {"datetime": "2024-03-30 06:50:21", "elapsed": 31016.983035, "delta": 107.165405}}
{"target": -140.0579170429722, "params": {"gamma": 0.306201969064083, "lr": 0.7595586407449448}, "datetime": {"datetime": "2024-03-30 06:52:04", "elapsed": 31119.345057, "delta": 102.362022}}
{"target": -137.15865024148718, "params": {"gamma": 0.6036381303335019, "lr": 0.3688492056728736}, "datetime": {"datetime": "2024-03-30 06:53:45", "elapsed": 31221.153286, "delta": 101.808229}}
{"target": -140.85269714786833, "params": {"gamma": 0.7480833343116614, "lr": 0.4020502731764428}, "datetime": {"datetime": "2024-03-30 06:54:53", "elapsed": 31288.919907, "delta": 67.766621}}
{"target": -136.07450834417546, "params": {"gamma": 0.33561689979626597, "lr": 0.2037296041710197}, "datetime": {"datetime": "2024-03-30 06:56:15", "elapsed": 31371.221282, "delta": 82.301375}}
{"target": -136.51610280178357, "params": {"gamma": 0.5088052653595704, "lr": 0.47253242698715403}, "datetime": {"datetime": "2024-03-30 06:57:20", "elapsed": 31435.547752, "delta": 64.32647}}
{"target": -142.02831438970682, "params": {"gamma": 0.001, "lr": 0.33097245598027425}, "datetime": {"datetime": "2024-03-30 06:58:45", "elapsed": 31521.123244, "delta": 85.575492}}
{"target": -135.01810543207196, "params": {"gamma": 0.18370746931467283, "lr": 0.6217938202601213}, "datetime": {"datetime": "2024-03-30 07:00:38", "elapsed": 31633.826949, "delta": 112.703705}}
{"target": -137.28677830614757, "params": {"gamma": 0.34400276641068595, "lr": 0.6359146612276131}, "datetime": {"datetime": "2024-03-30 07:02:22", "elapsed": 31737.727167, "delta": 103.900218}}
{"target": -138.79596497882184, "params": {"gamma": 0.3942284736564173, "lr": 0.6125051683843382}, "datetime": {"datetime": "2024-03-30 07:04:22", "elapsed": 31857.517554, "delta": 119.790387}}
{"target": -136.590024990722, "params": {"gamma": 0.19389587713940973, "lr": 0.7779130013659392}, "datetime": {"datetime": "2024-03-30 07:05:51", "elapsed": 31946.942092, "delta": 89.424538}}
{"target": -140.3205929470206, "params": {"gamma": 0.025450623431427725, "lr": 0.7052704277116371}, "datetime": {"datetime": "2024-03-30 07:07:09", "elapsed": 32024.5966, "delta": 77.654508}}
{"target": -141.52947738312588, "params": {"gamma": 0.2481850508793298, "lr": 0.960845961228071}, "datetime": {"datetime": "2024-03-30 07:07:57", "elapsed": 32072.900789, "delta": 48.304189}}
{"target": -137.95195045240172, "params": {"gamma": 0.12978572997110827, "lr": 0.9391459026337227}, "datetime": {"datetime": "2024-03-30 07:09:53", "elapsed": 32188.920694, "delta": 116.019905}}
{"target": -138.1298806460293, "params": {"gamma": 0.6453891567451499, "lr": 0.39792194369588363}, "datetime": {"datetime": "2024-03-30 07:11:58", "elapsed": 32313.871849, "delta": 124.951155}}
