{"target": -135.18438810853556, "params": {"gamma": 0.3382847924023173, "prior": 0.6424342999426897, "rate": 6.444110329801802}, "datetime": {"datetime": "2024-04-12 21:00:20", "elapsed": 3416.94913, "delta": 7.901446}}
{"target": -135.13686920789334, "params": {"gamma": 0.33157348906132617, "prior": 1.3239987191445248, "rate": 9.227809764664}, "datetime": {"datetime": "2024-04-12 21:00:30", "elapsed": 3426.992743, "delta": 10.043613}}
{"target": -135.1455439879176, "params": {"gamma": 0.33488344775398615, "prior": 0.5730122007870557, "rate": 3.882770805567239}, "datetime": {"datetime": "2024-04-12 21:00:41", "elapsed": 3438.243693, "delta": 11.25095}}
{"target": -135.11668504971524, "params": {"gamma": 0.3192391055965724, "prior": 0.8911015692962483, "rate": 7.541253898536849}, "datetime": {"datetime": "2024-04-12 21:00:50", "elapsed": 3447.441005, "delta": 9.197312}}
{"target": -135.27089378567848, "params": {"gamma": 0.3520662698537015, "prior": 0.5016545136197375, "rate": 5.149165523018617}, "datetime": {"datetime": "2024-04-12 21:00:57", "elapsed": 3454.577539, "delta": 7.136534}}
{"target": -135.14065253655974, "params": {"gamma": 0.3200944869694642, "prior": 0.8013254158788417, "rate": 5.361817705948582}, "datetime": {"datetime": "2024-04-12 21:01:11", "elapsed": 3468.253196, "delta": 13.675657}}
{"target": -135.1622625662422, "params": {"gamma": 0.29559126723460905, "prior": 0.6431781585907959, "rate": 7.762121964102694}, "datetime": {"datetime": "2024-04-12 21:01:20", "elapsed": 3476.821979, "delta": 8.568783}}
{"target": -135.13321830076785, "params": {"gamma": 0.3296957834235644, "prior": 1.0935048845477626, "rate": 7.738301933462572}, "datetime": {"datetime": "2024-04-12 21:01:31", "elapsed": 3488.214965, "delta": 11.392986}}
{"target": -135.13603616735605, "params": {"gamma": 0.3067941882969906, "prior": 0.5556901852389722, "rate": 6.145311863072225}, "datetime": {"datetime": "2024-04-12 21:01:36", "elapsed": 3493.00303, "delta": 4.788065}}
{"target": -135.1168814963917, "params": {"gamma": 0.3197477952746015, "prior": 0.8508165240659367, "rate": 7.341693894421486}, "datetime": {"datetime": "2024-04-12 21:01:41", "elapsed": 3497.929535, "delta": 4.926505}}
{"target": -135.11584729918724, "params": {"gamma": 0.3169838084459319, "prior": 0.6145981250402213, "rate": 5.435425062209589}, "datetime": {"datetime": "2024-04-12 21:01:48", "elapsed": 3505.181335, "delta": 7.2518}}
{"target": -135.1770085207266, "params": {"gamma": 0.2924134696954137, "prior": 1.000007614041205, "rate": 8.043413399099654}, "datetime": {"datetime": "2024-04-12 21:02:00", "elapsed": 3517.134511, "delta": 11.953176}}
{"target": -135.14541287530676, "params": {"gamma": 0.3113051226949267, "prior": 0.381927255825555, "rate": 4.452488757048669}, "datetime": {"datetime": "2024-04-12 21:02:06", "elapsed": 3523.734899, "delta": 6.600388}}
{"target": -135.20054869962934, "params": {"gamma": 0.34682763234039005, "prior": 1.0845728257552745, "rate": 6.555468650824326}, "datetime": {"datetime": "2024-04-12 21:02:22", "elapsed": 3539.496034, "delta": 15.761135}}
{"target": -135.13477373984455, "params": {"gamma": 0.3198953934091408, "prior": 0.825543282531185, "rate": 8.589629763395113}, "datetime": {"datetime": "2024-04-12 21:02:27", "elapsed": 3544.12637, "delta": 4.630336}}
{"target": -135.12980419670217, "params": {"gamma": 0.3263284481279612, "prior": 0.5727493141750584, "rate": 4.070243297711178}, "datetime": {"datetime": "2024-04-12 21:02:35", "elapsed": 3552.480047, "delta": 8.353677}}
{"target": -135.1546498890378, "params": {"gamma": 0.3260259113616152, "prior": 0.8086384760321121, "rate": 8.685306051615413}, "datetime": {"datetime": "2024-04-12 21:02:43", "elapsed": 3560.489731, "delta": 8.009684}}
{"target": -135.23603332725494, "params": {"gamma": 0.3378655661326926, "prior": 0.4398610710064875, "rate": 2.3201947445289313}, "datetime": {"datetime": "2024-04-12 21:03:00", "elapsed": 3576.879162, "delta": 16.389431}}
{"target": -135.16662488473176, "params": {"gamma": 0.34328759728265845, "prior": 1.1891801358730048, "rate": 9.175528927880125}, "datetime": {"datetime": "2024-04-12 21:03:07", "elapsed": 3583.985469, "delta": 7.106307}}
{"target": -135.26410812504446, "params": {"gamma": 0.3636282438062477, "prior": 0.5577581287019509, "rate": 3.5669589552987513}, "datetime": {"datetime": "2024-04-12 21:03:12", "elapsed": 3589.414546, "delta": 5.429077}}
{"target": -135.24101680781243, "params": {"gamma": 0.2773075412054514, "prior": 0.41146287214165267, "rate": 5.490147835831728}, "datetime": {"datetime": "2024-04-12 21:03:23", "elapsed": 3600.203805, "delta": 10.789259}}
{"target": -135.15858979862296, "params": {"gamma": 0.3164522125626537, "prior": 0.7633201241148636, "rate": 9.17767252712567}, "datetime": {"datetime": "2024-04-12 21:03:34", "elapsed": 3611.295901, "delta": 11.092096}}
{"target": -135.11570244592124, "params": {"gamma": 0.31605244452102693, "prior": 0.9605732624234319, "rate": 8.413274251126065}, "datetime": {"datetime": "2024-04-12 21:03:39", "elapsed": 3615.994522, "delta": 4.698621}}
{"target": -135.15304982185387, "params": {"gamma": 0.3393314026184988, "prior": 0.9812210812145823, "rate": 7.66214775168906}, "datetime": {"datetime": "2024-04-12 21:03:48", "elapsed": 3625.197383, "delta": 9.202861}}
{"target": -135.1202650461662, "params": {"gamma": 0.32278538821711517, "prior": 0.5606561021339013, "rate": 4.430794411061013}, "datetime": {"datetime": "2024-04-12 21:04:03", "elapsed": 3640.285183, "delta": 15.0878}}
{"target": -135.15033408019775, "params": {"gamma": 0.29516410890334915, "prior": 0.696198028011669, "rate": 7.373955461838521}, "datetime": {"datetime": "2024-04-12 21:04:11", "elapsed": 3647.850439, "delta": 7.565256}}
{"target": -135.14822127295758, "params": {"gamma": 0.3376365096588088, "prior": 1.4347111556687162, "rate": 10.0}, "datetime": {"datetime": "2024-04-12 21:04:17", "elapsed": 3654.709608, "delta": 6.859169}}
{"target": -135.1990720766285, "params": {"gamma": 0.347624443857127, "prior": 1.5883807326907082, "rate": 9.735329260048827}, "datetime": {"datetime": "2024-04-12 21:04:28", "elapsed": 3665.721316, "delta": 11.011708}}
{"target": -135.3493600300185, "params": {"gamma": 0.335867193058839, "prior": 1.8866259487181452, "rate": 8.356716632484124}, "datetime": {"datetime": "2024-04-12 21:04:37", "elapsed": 3673.784401, "delta": 8.063085}}
{"target": -135.19917847250224, "params": {"gamma": 0.35184850099115, "prior": 0.995167962950943, "rate": 7.127559537942878}, "datetime": {"datetime": "2024-04-12 21:04:44", "elapsed": 3681.072702, "delta": 7.288301}}
{"target": -135.13404520840135, "params": {"gamma": 0.31067607424265703, "prior": 0.6607651286077357, "rate": 7.223774585707472}, "datetime": {"datetime": "2024-04-12 21:04:51", "elapsed": 3688.107398, "delta": 7.034696}}
{"target": -135.13788879407366, "params": {"gamma": 0.29855286119292596, "prior": 0.6315889981605102, "rate": 5.920795156377068}, "datetime": {"datetime": "2024-04-12 21:04:58", "elapsed": 3695.737619, "delta": 7.630221}}
{"target": -135.12940392421876, "params": {"gamma": 0.32973829328761545, "prior": 0.7744975703227844, "rate": 5.873002518659882}, "datetime": {"datetime": "2024-04-12 21:05:09", "elapsed": 3706.377336, "delta": 10.639717}}
{"target": -135.15484619498352, "params": {"gamma": 0.32969566227366537, "prior": 1.4793079425036102, "rate": 9.419100690354384}, "datetime": {"datetime": "2024-04-12 21:05:18", "elapsed": 3715.65169, "delta": 9.274354}}
{"target": -135.13083536855515, "params": {"gamma": 0.3210823107258913, "prior": 1.196362167539117, "rate": 8.3701844022774}, "datetime": {"datetime": "2024-04-12 21:05:28", "elapsed": 3725.307334, "delta": 9.655644}}
{"target": -135.1292896117112, "params": {"gamma": 0.3153543452136036, "prior": 0.5520290285453684, "rate": 4.016490608155791}, "datetime": {"datetime": "2024-04-12 21:05:43", "elapsed": 3740.764021, "delta": 15.456687}}
{"target": -135.19465669516453, "params": {"gamma": 0.31017502151661513, "prior": 1.317545367569808, "rate": 8.01787402213526}, "datetime": {"datetime": "2024-04-12 21:05:51", "elapsed": 3748.628254, "delta": 7.864233}}
{"target": -135.17852741119088, "params": {"gamma": 0.29266644834611033, "prior": 0.4141936826319714, "rate": 3.284100614479954}, "datetime": {"datetime": "2024-04-12 21:06:01", "elapsed": 3758.746773, "delta": 10.118519}}
{"target": -135.13367603653202, "params": {"gamma": 0.3232499622596698, "prior": 0.5509952857911521, "rate": 5.489845134264062}, "datetime": {"datetime": "2024-04-12 21:06:11", "elapsed": 3767.884125, "delta": 9.137352}}
{"target": -135.12532454958574, "params": {"gamma": 0.31475830764238016, "prior": 0.6464692474462308, "rate": 6.554680363182068}, "datetime": {"datetime": "2024-04-12 21:06:20", "elapsed": 3777.663327, "delta": 9.779202}}
{"target": -135.34435532692999, "params": {"gamma": 0.3333108682474713, "prior": 0.7681248550302564, "rate": 3.432518630821446}, "datetime": {"datetime": "2024-04-12 21:06:25", "elapsed": 3782.348226, "delta": 4.684899}}
{"target": -135.15228691051908, "params": {"gamma": 0.3266225705752782, "prior": 0.7985025122688623, "rate": 8.415772423866523}, "datetime": {"datetime": "2024-04-12 21:06:33", "elapsed": 3790.627233, "delta": 8.279007}}
{"target": -135.12435009668434, "params": {"gamma": 0.3156582064723092, "prior": 0.6920474144556186, "rate": 5.224316501579974}, "datetime": {"datetime": "2024-04-12 21:06:39", "elapsed": 3796.398086, "delta": 5.770853}}
{"target": -135.11617658770658, "params": {"gamma": 0.3127994193428147, "prior": 1.0944578233057052, "rate": 10.0}, "datetime": {"datetime": "2024-04-12 21:06:53", "elapsed": 3810.362399, "delta": 13.964313}}
{"target": -135.29687678540336, "params": {"gamma": 0.36644640713352994, "prior": 1.234411137599528, "rate": 7.114756762457972}, "datetime": {"datetime": "2024-04-12 21:07:04", "elapsed": 3821.530375, "delta": 11.167976}}
{"target": -135.1762367990522, "params": {"gamma": 0.3059061588612475, "prior": 0.7004034843162074, "rate": 9.461637749284565}, "datetime": {"datetime": "2024-04-12 21:07:18", "elapsed": 3835.05336, "delta": 13.522985}}
{"target": -135.19615358722135, "params": {"gamma": 0.319573592931586, "prior": 0.6690196637469926, "rate": 8.958984918270792}, "datetime": {"datetime": "2024-04-12 21:07:28", "elapsed": 3844.918246, "delta": 9.864886}}
{"target": -135.18352144750762, "params": {"gamma": 0.34306045048314654, "prior": 0.6225530090620407, "rate": 5.622144478844699}, "datetime": {"datetime": "2024-04-12 21:07:33", "elapsed": 3850.497559, "delta": 5.579313}}
{"target": -135.15034327027666, "params": {"gamma": 0.32653607738246176, "prior": 0.6841074180014576, "rate": 4.405200149280197}, "datetime": {"datetime": "2024-04-12 21:07:38", "elapsed": 3855.540137, "delta": 5.042578}}
{"target": -135.17221623623593, "params": {"gamma": 0.2959154504925447, "prior": 0.7184360344727965, "rate": 9.247991130852725}, "datetime": {"datetime": "2024-04-12 21:07:46", "elapsed": 3863.284215, "delta": 7.744078}}
{"target": -135.20930890739686, "params": {"gamma": 0.2959879991107986, "prior": 0.6477178535600066, "rate": 9.843653111845937}, "datetime": {"datetime": "2024-04-12 21:07:59", "elapsed": 3875.982052, "delta": 12.697837}}
{"target": -135.13271229617087, "params": {"gamma": 0.30603699608406737, "prior": 1.021732798000767, "rate": 8.124922477310443}, "datetime": {"datetime": "2024-04-12 21:08:09", "elapsed": 3886.54854, "delta": 10.566488}}
{"target": -135.1786059096495, "params": {"gamma": 0.3072065903652556, "prior": 0.5088966766707517, "rate": 6.9191326680046075}, "datetime": {"datetime": "2024-04-12 21:08:18", "elapsed": 3894.959426, "delta": 8.410886}}
{"target": -135.21382710775038, "params": {"gamma": 0.3186289471851978, "prior": 0.3416009382329733, "rate": 4.867064806982405}, "datetime": {"datetime": "2024-04-12 21:08:30", "elapsed": 3907.480092, "delta": 12.520666}}
{"target": -135.18103142376884, "params": {"gamma": 0.34210627817111633, "prior": 0.5552867871631997, "rate": 3.4365483321772805}, "datetime": {"datetime": "2024-04-12 21:08:37", "elapsed": 3914.557195, "delta": 7.077103}}
{"target": -135.19225123824523, "params": {"gamma": 0.3472318798755823, "prior": 1.4720143804812502, "rate": 9.23552160754541}, "datetime": {"datetime": "2024-04-12 21:08:46", "elapsed": 3923.011019, "delta": 8.453824}}
{"target": -135.1780160354218, "params": {"gamma": 0.34486673261042733, "prior": 1.3436644097903074, "rate": 8.71517195737574}, "datetime": {"datetime": "2024-04-12 21:08:53", "elapsed": 3930.737221, "delta": 7.726202}}
{"target": -135.12166345424387, "params": {"gamma": 0.3093075539762466, "prior": 0.7680750225635776, "rate": 7.511077272084903}, "datetime": {"datetime": "2024-04-12 21:09:03", "elapsed": 3940.22236, "delta": 9.485139}}
{"target": -135.15783082432273, "params": {"gamma": 0.32589618660515524, "prior": 0.808559862865941, "rate": 8.824018357001776}, "datetime": {"datetime": "2024-04-12 21:09:12", "elapsed": 3949.539703, "delta": 9.317343}}
{"target": -135.2632327553551, "params": {"gamma": 0.33738539522403593, "prior": 1.3748751059116067, "rate": 6.88961730525333}, "datetime": {"datetime": "2024-04-12 21:09:25", "elapsed": 3962.363247, "delta": 12.823544}}
{"target": -135.11881210741734, "params": {"gamma": 0.31130089685383683, "prior": 1.0497421286666133, "rate": 10.0}, "datetime": {"datetime": "2024-04-12 21:09:42", "elapsed": 3979.153029, "delta": 16.789782}}
{"target": -135.12143551030553, "params": {"gamma": 0.3081760350987821, "prior": 0.4362165452318358, "rate": 4.201693542718374}, "datetime": {"datetime": "2024-04-12 21:09:54", "elapsed": 3991.709007, "delta": 12.555978}}
{"target": -135.12218214690864, "params": {"gamma": 0.30709762288192677, "prior": 1.0747848107325493, "rate": 9.44624266913129}, "datetime": {"datetime": "2024-04-12 21:10:04", "elapsed": 4001.769295, "delta": 10.060288}}
{"target": -135.19657157367078, "params": {"gamma": 0.3312067100433057, "prior": 0.5050719976844635, "rate": 2.883180479971582}, "datetime": {"datetime": "2024-04-12 21:10:24", "elapsed": 4021.14579, "delta": 19.376495}}
{"target": -135.1193934318886, "params": {"gamma": 0.3215824524455045, "prior": 1.258958031147025, "rate": 10.0}, "datetime": {"datetime": "2024-04-12 21:10:30", "elapsed": 4027.026738, "delta": 5.880948}}
{"target": -135.12291107890343, "params": {"gamma": 0.31294959481191753, "prior": 1.2309086750458706, "rate": 9.654326564902725}, "datetime": {"datetime": "2024-04-12 21:10:37", "elapsed": 4034.684988, "delta": 7.65825}}
{"target": -135.1673686250121, "params": {"gamma": 0.3102710907644423, "prior": 0.6647746324267299, "rate": 8.56710234538081}, "datetime": {"datetime": "2024-04-12 21:10:45", "elapsed": 4042.044642, "delta": 7.359654}}
{"target": -135.14085528031495, "params": {"gamma": 0.30039206226245657, "prior": 0.34657344337408963, "rate": 3.7732725384367813}, "datetime": {"datetime": "2024-04-12 21:10:57", "elapsed": 4054.376278, "delta": 12.331636}}
{"target": -135.20248731247986, "params": {"gamma": 0.33916684990400897, "prior": 0.5949497344933027, "rate": 6.288670417143588}, "datetime": {"datetime": "2024-04-12 21:11:09", "elapsed": 4065.920688, "delta": 11.54441}}
{"target": -135.22870607568512, "params": {"gamma": 0.28476314391736357, "prior": 0.5302974821689924, "rate": 7.938728501246897}, "datetime": {"datetime": "2024-04-12 21:11:23", "elapsed": 4079.977761, "delta": 14.057073}}
{"target": -135.16150082767376, "params": {"gamma": 0.30311760266163035, "prior": 0.5619001272969436, "rate": 7.119881955586063}, "datetime": {"datetime": "2024-04-12 21:11:35", "elapsed": 4092.232446, "delta": 12.254685}}
{"target": -135.1365457717847, "params": {"gamma": 0.3322628843187617, "prior": 1.1427146733831208, "rate": 8.111065282896089}, "datetime": {"datetime": "2024-04-12 21:11:51", "elapsed": 4107.866924, "delta": 15.634478}}
{"target": -135.18135405762501, "params": {"gamma": 0.3355584262018919, "prior": 0.8511063640781408, "rate": 5.082871787213676}, "datetime": {"datetime": "2024-04-12 21:12:03", "elapsed": 4120.440026, "delta": 12.573102}}
{"target": -135.269229908071, "params": {"gamma": 0.3589654667677216, "prior": 0.557735229807298, "rate": 4.824155933375771}, "datetime": {"datetime": "2024-04-12 21:12:16", "elapsed": 4133.72965, "delta": 13.289624}}
{"target": -135.1352286241704, "params": {"gamma": 0.30056349278176675, "prior": 0.7751486853023073, "rate": 7.869091146285018}, "datetime": {"datetime": "2024-04-12 21:12:30", "elapsed": 4147.217739, "delta": 13.488089}}
{"target": -135.19966339247236, "params": {"gamma": 0.31035050284724736, "prior": 0.369913775150175, "rate": 5.347691208303977}, "datetime": {"datetime": "2024-04-12 21:12:45", "elapsed": 4162.5651, "delta": 15.347361}}
{"target": -135.18308291610938, "params": {"gamma": 0.3466005975426171, "prior": 0.31733524282606473, "rate": 2.063952761855008}, "datetime": {"datetime": "2024-04-12 21:12:58", "elapsed": 4175.429276, "delta": 12.864176}}
{"target": -135.15328629794098, "params": {"gamma": 0.33986224738924614, "prior": 1.2083470427172807, "rate": 8.624184080995898}, "datetime": {"datetime": "2024-04-12 21:13:10", "elapsed": 4186.917575, "delta": 11.488299}}
{"target": -135.2150173909183, "params": {"gamma": 0.334745328580063, "prior": 1.5236151443146682, "rate": 8.369468999072232}, "datetime": {"datetime": "2024-04-12 21:13:21", "elapsed": 4198.520555, "delta": 11.60298}}
{"target": -135.11969975677357, "params": {"gamma": 0.3210959123156049, "prior": 1.2307061544161189, "rate": 9.673630928486508}, "datetime": {"datetime": "2024-04-12 21:13:35", "elapsed": 4212.034936, "delta": 13.514381}}
{"target": -135.16034542995968, "params": {"gamma": 0.3421732604462048, "prior": 0.3169757883656061, "rate": 2.249698426997177}, "datetime": {"datetime": "2024-04-12 21:13:46", "elapsed": 4223.116265, "delta": 11.081329}}
{"target": -135.1263581530442, "params": {"gamma": 0.32827553393384823, "prior": 1.1349486222244443, "rate": 9.245660775548533}, "datetime": {"datetime": "2024-04-12 21:13:55", "elapsed": 4231.796174, "delta": 8.679909}}
{"target": -135.135081283705, "params": {"gamma": 0.3230237562710074, "prior": 0.9177722189653653, "rate": 9.248612145388536}, "datetime": {"datetime": "2024-04-12 21:14:10", "elapsed": 4247.527509, "delta": 15.731335}}
{"target": -135.16948232501846, "params": {"gamma": 0.34383585453219073, "prior": 1.4550956008833573, "rate": 9.717341384382141}, "datetime": {"datetime": "2024-04-12 21:14:18", "elapsed": 4255.774973, "delta": 8.247464}}
{"target": -135.18797789160598, "params": {"gamma": 0.3280397763727438, "prior": 1.3737825826183974, "rate": 7.9981687356314906}, "datetime": {"datetime": "2024-04-12 21:14:35", "elapsed": 4272.729451, "delta": 16.954478}}
{"target": -135.1475779013476, "params": {"gamma": 0.29658610013836867, "prior": 1.0853184990711544, "rate": 9.572530986477334}, "datetime": {"datetime": "2024-04-12 21:14:43", "elapsed": 4280.362599, "delta": 7.633148}}
{"target": -135.24359255170953, "params": {"gamma": 0.33254529277656025, "prior": 0.842783236416915, "rate": 4.3645958005639445}, "datetime": {"datetime": "2024-04-12 21:14:55", "elapsed": 4291.795084, "delta": 11.432485}}
{"target": -135.13179989354342, "params": {"gamma": 0.3222041215894319, "prior": 0.9365973018137389, "rate": 9.33739041880951}, "datetime": {"datetime": "2024-04-12 21:15:03", "elapsed": 4299.93787, "delta": 8.142786}}
{"target": -135.27952743255793, "params": {"gamma": 0.3664363634464173, "prior": 1.1158803687237586, "rate": 7.321971312597907}, "datetime": {"datetime": "2024-04-12 21:15:10", "elapsed": 4307.382093, "delta": 7.444223}}
{"target": -135.15184045577845, "params": {"gamma": 0.3319551142444228, "prior": 1.5157410610403341, "rate": 9.814949633289332}, "datetime": {"datetime": "2024-04-12 21:15:23", "elapsed": 4320.199981, "delta": 12.817888}}
{"target": -136.17435543273405, "params": {"gamma": 0.3526140925178489, "prior": 3.0795283396426827, "rate": 7.086720472038138}, "datetime": {"datetime": "2024-04-12 21:15:31", "elapsed": 4328.025238, "delta": 7.825257}}
{"target": -135.123017431112, "params": {"gamma": 0.3055686989803242, "prior": 0.5800100195799615, "rate": 5.302262452509502}, "datetime": {"datetime": "2024-04-12 21:15:37", "elapsed": 4334.243336, "delta": 6.218098}}
{"target": -135.31901877878184, "params": {"gamma": 0.3473923317314533, "prior": 0.6545976236181354, "rate": 3.0532552004408795}, "datetime": {"datetime": "2024-04-12 21:15:53", "elapsed": 4350.124683, "delta": 15.881347}}
{"target": -135.1298031010578, "params": {"gamma": 0.3271979140012002, "prior": 0.6845828029195014, "rate": 6.260045710238107}, "datetime": {"datetime": "2024-04-12 21:16:02", "elapsed": 4359.189565, "delta": 9.064882}}
{"target": -135.15742205176832, "params": {"gamma": 0.3229873273805793, "prior": 1.4499106479070127, "rate": 9.157376052086317}, "datetime": {"datetime": "2024-04-12 21:16:17", "elapsed": 4373.841401, "delta": 14.651836}}
{"target": -135.21257996108406, "params": {"gamma": 0.3345292892284526, "prior": 1.6823422911018775, "rate": 9.288846226668822}, "datetime": {"datetime": "2024-04-12 21:16:30", "elapsed": 4386.781252, "delta": 12.939851}}
{"target": -135.15215118710069, "params": {"gamma": 0.30792173804556927, "prior": 0.5187467982305212, "rate": 6.296282821170434}, "datetime": {"datetime": "2024-04-12 21:16:43", "elapsed": 4399.854895, "delta": 13.073643}}
{"target": -135.14607686652263, "params": {"gamma": 0.3004767133053165, "prior": 1.0467453406515603, "rate": 8.415072012315461}, "datetime": {"datetime": "2024-04-12 21:16:53", "elapsed": 4410.641997, "delta": 10.787102}}
{"target": -135.18101231729946, "params": {"gamma": 0.295636201183358, "prior": 0.7438604275948939, "rate": 10.0}, "datetime": {"datetime": "2024-04-12 21:17:01", "elapsed": 4417.896656, "delta": 7.254659}}
