{"target": -143.52925755921012, "params": {"gamma": 0.311939657480023, "prior": 5.754639817943711, "rate": 1.8055046214421606}, "datetime": {"datetime": "2024-04-12 20:03:25", "elapsed": 2.357187, "delta": 0.008084}}
{"target": -375.9998304220609, "params": {"gamma": 6.309961044194965, "prior": 9.811144389930757, "rate": 8.749150609572597}, "datetime": {"datetime": "2024-04-12 20:03:25", "elapsed": 2.365212, "delta": 0.008025}}
{"target": -303.35336948196965, "params": {"gamma": 4.518910657959286, "prior": 7.113762613512001, "rate": 7.77491003128189}, "datetime": {"datetime": "2024-04-12 20:03:25", "elapsed": 2.373295, "delta": 0.008083}}
{"target": -281.37600271942426, "params": {"gamma": 4.9489359987414545, "prior": 5.332481552757894, "rate": 1.5086931993235537}, "datetime": {"datetime": "2024-04-12 20:03:25", "elapsed": 2.381191, "delta": 0.007896}}
{"target": -339.1676563102527, "params": {"gamma": 3.6946298561934507, "prior": 1.5079904054205882, "rate": 7.269210639692282}, "datetime": {"datetime": "2024-04-12 20:03:25", "elapsed": 2.389289, "delta": 0.008098}}
{"target": -359.5803755757683, "params": {"gamma": 4.770652931028231, "prior": 4.543900483396978, "rate": 8.860093713682348}, "datetime": {"datetime": "2024-04-12 20:03:25", "elapsed": 2.397157, "delta": 0.007868}}
{"target": -306.9767123518117, "params": {"gamma": 5.2766601043433035, "prior": 4.149999235976913, "rate": 2.6896513301042457}, "datetime": {"datetime": "2024-04-12 20:03:25", "elapsed": 2.405303, "delta": 0.008146}}
{"target": -154.10300559809068, "params": {"gamma": 0.7210483396625298, "prior": 4.239547723880626, "rate": 0.25850907058342715}, "datetime": {"datetime": "2024-04-12 20:03:25", "elapsed": 2.413272, "delta": 0.007969}}
{"target": -245.6638694096782, "params": {"gamma": 2.912248251583728, "prior": 5.084744147499125, "rate": 9.659364717132203}, "datetime": {"datetime": "2024-04-12 20:03:25", "elapsed": 2.421218, "delta": 0.007946}}
{"target": -150.34921175639363, "params": {"gamma": 1.0947197590216522, "prior": 6.7631064367445575, "rate": 4.999823778620901}, "datetime": {"datetime": "2024-04-12 20:03:25", "elapsed": 2.429127, "delta": 0.007909}}
{"target": -402.0122799314728, "params": {"gamma": 7.771205194528555, "prior": 1.521709278954672, "rate": 0.8329431617223197}, "datetime": {"datetime": "2024-04-12 20:03:25", "elapsed": 2.437077, "delta": 0.00795}}
{"target": -245.81120023317519, "params": {"gamma": 3.9927868349191855, "prior": 7.989926294601011, "rate": 1.917565713359991}, "datetime": {"datetime": "2024-04-12 20:03:25", "elapsed": 2.44491, "delta": 0.007833}}
{"target": -420.6736293862767, "params": {"gamma": 7.678004144280593, "prior": 2.9739501709124956, "rate": 2.1696979846303415}, "datetime": {"datetime": "2024-04-12 20:03:25", "elapsed": 2.452965, "delta": 0.008055}}
{"target": -140.95213412140248, "params": {"gamma": 0.1681391751809873, "prior": 4.046724693231549, "rate": 3.8114338314432303}, "datetime": {"datetime": "2024-04-12 20:03:25", "elapsed": 2.460954, "delta": 0.007989}}
{"target": -475.541817725526, "params": {"gamma": 6.593790017017453, "prior": 0.8020921646568335, "rate": 1.5268872664356763}, "datetime": {"datetime": "2024-04-12 20:03:25", "elapsed": 2.46894, "delta": 0.007986}}
{"target": -137.59518262371492, "params": {"gamma": 0.16674225312644053, "prior": 1.2265839288293277, "rate": 6.518240970824895}, "datetime": {"datetime": "2024-04-12 20:03:25", "elapsed": 2.476817, "delta": 0.007877}}
{"target": -304.6848525604016, "params": {"gamma": 4.027165864897017, "prior": 3.278160510256427, "rate": 5.579562030443482}, "datetime": {"datetime": "2024-04-12 20:03:25", "elapsed": 2.484698, "delta": 0.007881}}
{"target": -546.2924184371661, "params": {"gamma": 9.9346111705354, "prior": 8.361416488778493, "rate": 6.99653220081344}, "datetime": {"datetime": "2024-04-12 20:03:25", "elapsed": 2.492416, "delta": 0.007718}}
{"target": -598.8936672350228, "params": {"gamma": 9.182667632731448, "prior": 0.4933141961625397, "rate": 0.7042640827136369}, "datetime": {"datetime": "2024-04-12 20:03:25", "elapsed": 2.50033, "delta": 0.007914}}
{"target": -380.59261280777883, "params": {"gamma": 4.740588893590559, "prior": 3.5567573882750656, "rate": 9.37258336922236}, "datetime": {"datetime": "2024-04-12 20:03:25", "elapsed": 2.508251, "delta": 0.007921}}
{"target": -353.9181207419688, "params": {"gamma": 4.896160046490541, "prior": 5.442526189924171, "rate": 8.952708396946477}, "datetime": {"datetime": "2024-04-12 20:03:25", "elapsed": 2.51619, "delta": 0.007939}}
{"target": -262.2968276574929, "params": {"gamma": 4.466903823191082, "prior": 8.782640453776484, "rate": 2.536563911966912}, "datetime": {"datetime": "2024-04-12 20:03:25", "elapsed": 2.524038, "delta": 0.007848}}
{"target": -230.71591604867308, "params": {"gamma": 2.7388232318769274, "prior": 3.3507777618671426, "rate": 5.476095140539054}, "datetime": {"datetime": "2024-04-12 20:03:25", "elapsed": 2.531823, "delta": 0.007785}}
{"target": -182.2425070379753, "params": {"gamma": 2.2020666115957854, "prior": 6.747148793704605, "rate": 1.4287900347472011}, "datetime": {"datetime": "2024-04-12 20:03:25", "elapsed": 2.53965, "delta": 0.007827}}
{"target": -149.48687672372012, "params": {"gamma": 0.9419086447218946, "prior": 8.714898287433238, "rate": 2.3694501668664283}, "datetime": {"datetime": "2024-04-12 20:03:25", "elapsed": 2.547374, "delta": 0.007724}}
{"target": -262.28306331385033, "params": {"gamma": 3.8606541062149327, "prior": 5.758266717980789, "rate": 5.258493897544749}, "datetime": {"datetime": "2024-04-12 20:03:25", "elapsed": 2.555194, "delta": 0.00782}}
{"target": -142.39677732502196, "params": {"gamma": 0.7611627705416266, "prior": 8.75384676242048, "rate": 9.511405048568502}, "datetime": {"datetime": "2024-04-12 20:03:25", "elapsed": 2.562907, "delta": 0.007713}}
{"target": -570.3773342122431, "params": {"gamma": 8.125260534442543, "prior": 2.9096381659740556, "rate": 5.278940114383477}, "datetime": {"datetime": "2024-04-12 20:03:25", "elapsed": 2.570734, "delta": 0.007827}}
{"target": -269.3831227557988, "params": {"gamma": 3.394827823452077, "prior": 5.5912063767979, "rate": 9.744060285661112}, "datetime": {"datetime": "2024-04-12 20:03:25", "elapsed": 2.578746, "delta": 0.008012}}
{"target": -214.49844257951818, "params": {"gamma": 3.1177174742720952, "prior": 6.72108639863641, "rate": 3.26034610588255}, "datetime": {"datetime": "2024-04-12 20:03:25", "elapsed": 2.586659, "delta": 0.007913}}
{"target": -598.6344814358273, "params": {"gamma": 7.744998182884782, "prior": 3.325518669470728, "rate": 8.898383587132303}, "datetime": {"datetime": "2024-04-12 20:03:25", "elapsed": 2.594421, "delta": 0.007762}}
{"target": -398.6748245929395, "params": {"gamma": 7.51732550147175, "prior": 7.650057744906595, "rate": 4.695320806570698}, "datetime": {"datetime": "2024-04-12 20:03:25", "elapsed": 2.602452, "delta": 0.008031}}
{"target": -228.52171354233388, "params": {"gamma": 2.108434260184585, "prior": 0.5106032878073389, "rate": 3.218966170902475}, "datetime": {"datetime": "2024-04-12 20:03:25", "elapsed": 2.610478, "delta": 0.008026}}
{"target": -138.67266583639767, "params": {"gamma": 0.3720895322754502, "prior": 6.969168572601607, "rate": 6.703829969329749}, "datetime": {"datetime": "2024-04-12 20:03:25", "elapsed": 2.618369, "delta": 0.007891}}
{"target": -269.6719286504419, "params": {"gamma": 4.305287355667006, "prior": 7.701110878815912, "rate": 5.360548938900898}, "datetime": {"datetime": "2024-04-12 20:03:25", "elapsed": 2.626215, "delta": 0.007846}}
{"target": -137.46495946818334, "params": {"gamma": 0.3995594064278903, "prior": 1.4344518678107228, "rate": 1.9349705737501688}, "datetime": {"datetime": "2024-04-12 20:03:25", "elapsed": 2.634025, "delta": 0.00781}}
{"target": -337.9768356494149, "params": {"gamma": 3.357302347845333, "prior": 0.6178981697310199, "rate": 6.051562688223163}, "datetime": {"datetime": "2024-04-12 20:03:25", "elapsed": 2.641916, "delta": 0.007891}}
{"target": -304.04454183504293, "params": {"gamma": 5.121098214211664, "prior": 6.212864018969845, "rate": 4.324123592048677}, "datetime": {"datetime": "2024-04-12 20:03:25", "elapsed": 2.649882, "delta": 0.007966}}
{"target": -516.6954116243628, "params": {"gamma": 8.47715698190614, "prior": 4.595184654985598, "rate": 0.15501979439941704}, "datetime": {"datetime": "2024-04-12 20:03:25", "elapsed": 2.657744, "delta": 0.007862}}
{"target": -548.7174559929225, "params": {"gamma": 8.730808416322548, "prior": 6.596395322666579, "rate": 8.23020740344406}, "datetime": {"datetime": "2024-04-12 20:03:25", "elapsed": 2.665618, "delta": 0.007874}}
{"target": -788.7550195913944, "params": {"gamma": 9.517805154645483, "prior": 0.6040325968171834, "rate": 2.3514835690460547}, "datetime": {"datetime": "2024-04-12 20:03:25", "elapsed": 2.673489, "delta": 0.007871}}
{"target": -139.52366955353864, "params": {"gamma": 0.6343710911199417, "prior": 4.274413071721264, "rate": 8.638427625869019}, "datetime": {"datetime": "2024-04-12 20:03:25", "elapsed": 2.681253, "delta": 0.007764}}
{"target": -147.83193301687518, "params": {"gamma": 0.817158203167966, "prior": 4.783808333570197, "rate": 1.2563055549774276}, "datetime": {"datetime": "2024-04-12 20:03:25", "elapsed": 2.689125, "delta": 0.007872}}
{"target": -466.4642974496115, "params": {"gamma": 7.729083136069011, "prior": 8.43007935227885, "rate": 0.4338660909233998}, "datetime": {"datetime": "2024-04-12 20:03:25", "elapsed": 2.696982, "delta": 0.007857}}
{"target": -417.06710589245085, "params": {"gamma": 4.864920990960778, "prior": 2.470169336963784, "rate": 9.5247853431509}, "datetime": {"datetime": "2024-04-12 20:03:25", "elapsed": 2.705, "delta": 0.008018}}
{"target": -632.6227214062585, "params": {"gamma": 9.438982385210178, "prior": 6.1779466236085385, "rate": 9.734900485854638}, "datetime": {"datetime": "2024-04-12 20:03:25", "elapsed": 2.712848, "delta": 0.007848}}
{"target": -226.58062369016542, "params": {"gamma": 3.4492685758187935, "prior": 8.98872210491005, "rate": 4.346515139111687}, "datetime": {"datetime": "2024-04-12 20:03:25", "elapsed": 2.720771, "delta": 0.007923}}
{"target": -192.9173235099073, "params": {"gamma": 2.35891055683799, "prior": 9.414196835693854, "rate": 6.842496291781293}, "datetime": {"datetime": "2024-04-12 20:03:25", "elapsed": 2.728614, "delta": 0.007843}}
{"target": -141.02064454452287, "params": {"gamma": 0.6500509418059542, "prior": 8.717206082548355, "rate": 7.01410156603883}, "datetime": {"datetime": "2024-04-12 20:03:25", "elapsed": 2.7365, "delta": 0.007886}}
{"target": -323.06815466364895, "params": {"gamma": 6.049663802869843, "prior": 7.350511501875372, "rate": 2.535136985955308}, "datetime": {"datetime": "2024-04-12 20:03:25", "elapsed": 2.744198, "delta": 0.007698}}
{"target": -370.3399401875056, "params": {"gamma": 6.00528906379017, "prior": 8.164729894490387, "rate": 0.542082489579675}, "datetime": {"datetime": "2024-04-12 20:03:25", "elapsed": 2.751955, "delta": 0.007757}}
{"target": -156.32341501978692, "params": {"gamma": 1.3059762027213204, "prior": 8.440213518568495, "rate": 6.183840347409528}, "datetime": {"datetime": "2024-04-12 20:03:25", "elapsed": 2.75978, "delta": 0.007825}}
{"target": -348.2445428267646, "params": {"gamma": 5.3133468170001, "prior": 2.558078217071276, "rate": 2.9514906739197095}, "datetime": {"datetime": "2024-04-12 20:03:25", "elapsed": 2.767686, "delta": 0.007906}}
{"target": -474.1589379813215, "params": {"gamma": 8.726988963029699, "prior": 4.274492755012122, "rate": 0.6452381255404884}, "datetime": {"datetime": "2024-04-12 20:03:25", "elapsed": 2.775453, "delta": 0.007767}}
{"target": -744.9613773045016, "params": {"gamma": 8.969953710006317, "prior": 2.1134702449581058, "rate": 8.262449127388422}, "datetime": {"datetime": "2024-04-12 20:03:26", "elapsed": 2.783324, "delta": 0.007871}}
{"target": -549.5874372849726, "params": {"gamma": 8.81782446020499, "prior": 4.918832373701547, "rate": 5.98504846635326}, "datetime": {"datetime": "2024-04-12 20:03:26", "elapsed": 2.791114, "delta": 0.00779}}
{"target": -360.05459866459495, "params": {"gamma": 5.273147297397685, "prior": 6.28573081243644, "rate": 8.550562171752167}, "datetime": {"datetime": "2024-04-12 20:03:26", "elapsed": 2.798896, "delta": 0.007782}}
{"target": -208.17888324145045, "params": {"gamma": 2.8221123446002014, "prior": 8.849179530987948, "rate": 5.677335610861374}, "datetime": {"datetime": "2024-04-12 20:03:26", "elapsed": 2.806871, "delta": 0.007975}}
{"target": -158.89539762459088, "params": {"gamma": 1.151915306628067, "prior": 2.347311535625114, "rate": 5.960227873744525}, "datetime": {"datetime": "2024-04-12 20:03:26", "elapsed": 2.814636, "delta": 0.007765}}
{"target": -203.96355331644463, "params": {"gamma": 2.395222922809899, "prior": 1.4010150393208598, "rate": 1.6193152935242277}, "datetime": {"datetime": "2024-04-12 20:03:26", "elapsed": 2.822473, "delta": 0.007837}}
{"target": -571.009092371461, "params": {"gamma": 8.448880309839154, "prior": 6.061618173537837, "rate": 9.635707304796231}, "datetime": {"datetime": "2024-04-12 20:03:26", "elapsed": 2.830391, "delta": 0.007918}}
{"target": -247.69290665975515, "params": {"gamma": 3.4574464537469587, "prior": 5.996688471536002, "rate": 5.9902539044452245}, "datetime": {"datetime": "2024-04-12 20:03:26", "elapsed": 2.838232, "delta": 0.007841}}
{"target": -594.2444530634341, "params": {"gamma": 6.157427167752284, "prior": 0.6858543511386517, "rate": 7.503421528562285}, "datetime": {"datetime": "2024-04-12 20:03:26", "elapsed": 2.845965, "delta": 0.007733}}
{"target": -461.48805812469885, "params": {"gamma": 9.482146772378064, "prior": 5.393322666077928, "rate": 1.926367653529729}, "datetime": {"datetime": "2024-04-12 20:03:26", "elapsed": 2.853931, "delta": 0.007966}}
{"target": -758.8654419583552, "params": {"gamma": 7.529506223884443, "prior": 0.17245779634585162, "rate": 3.2832327804041577}, "datetime": {"datetime": "2024-04-12 20:03:26", "elapsed": 2.86176, "delta": 0.007829}}
{"target": -600.43496176393, "params": {"gamma": 9.176145870096288, "prior": 5.92483659564938, "rate": 8.55204764875745}, "datetime": {"datetime": "2024-04-12 20:03:26", "elapsed": 2.869668, "delta": 0.007908}}
{"target": -379.71585865333486, "params": {"gamma": 6.047115851439529, "prior": 8.243523709986324, "rate": 8.79495575076974}, "datetime": {"datetime": "2024-04-12 20:03:26", "elapsed": 2.877456, "delta": 0.007788}}
{"target": -306.8428987416486, "params": {"gamma": 3.210542758870008, "prior": 1.3172522383665672, "rate": 7.213312138521522}, "datetime": {"datetime": "2024-04-12 20:03:26", "elapsed": 2.885419, "delta": 0.007963}}
{"target": -389.07671348396934, "params": {"gamma": 4.404030521225552, "prior": 1.3546835205058854, "rate": 5.898646657450783}, "datetime": {"datetime": "2024-04-12 20:03:26", "elapsed": 2.893389, "delta": 0.00797}}
{"target": -135.50014694456934, "params": {"gamma": 0.36164707738402946, "prior": 2.0818029524687707, "rate": 7.883223595490022}, "datetime": {"datetime": "2024-04-12 20:03:26", "elapsed": 2.90132, "delta": 0.007931}}
{"target": -146.28576980865125, "params": {"gamma": 0.12195550339356331, "prior": 3.1031221499148343, "rate": 0.2147382349196191}, "datetime": {"datetime": "2024-04-12 20:03:26", "elapsed": 2.909267, "delta": 0.007947}}
{"target": -489.0425510824808, "params": {"gamma": 9.974852442290567, "prior": 5.862096765800271, "rate": 2.93446940858208}, "datetime": {"datetime": "2024-04-12 20:03:26", "elapsed": 2.917154, "delta": 0.007887}}
{"target": -523.4862206519841, "params": {"gamma": 9.289565669469264, "prior": 5.120482293127225, "rate": 4.547467583296517}, "datetime": {"datetime": "2024-04-12 20:03:26", "elapsed": 2.924992, "delta": 0.007838}}
{"target": -375.9385513225784, "params": {"gamma": 5.879127191455569, "prior": 2.7149626776846394, "rate": 3.0535777051749857}, "datetime": {"datetime": "2024-04-12 20:03:26", "elapsed": 2.932807, "delta": 0.007815}}
{"target": -303.75236645108095, "params": {"gamma": 3.7171741126651003, "prior": 2.520035193778948, "rate": 5.845888113900182}, "datetime": {"datetime": "2024-04-12 20:03:26", "elapsed": 2.940688, "delta": 0.007881}}
{"target": -674.6089716327186, "params": {"gamma": 6.958765493189333, "prior": 0.8122774796236112, "rate": 9.710862112935013}, "datetime": {"datetime": "2024-04-12 20:03:26", "elapsed": 2.948566, "delta": 0.007878}}
{"target": -440.9439092595614, "params": {"gamma": 7.53095348803868, "prior": 8.081015313238742, "rate": 7.516652400408825}, "datetime": {"datetime": "2024-04-12 20:03:26", "elapsed": 2.956383, "delta": 0.007817}}
{"target": -143.36886989712156, "params": {"gamma": 0.8015297117349018, "prior": 4.868793201909653, "rate": 4.457283891060159}, "datetime": {"datetime": "2024-04-12 20:03:26", "elapsed": 2.964234, "delta": 0.007851}}
{"target": -459.5365795571029, "params": {"gamma": 6.725054032598774, "prior": 4.5424988623607865, "rate": 7.043429670440712}, "datetime": {"datetime": "2024-04-12 20:03:26", "elapsed": 2.9721, "delta": 0.007866}}
{"target": -399.75453544196057, "params": {"gamma": 6.816771730688627, "prior": 7.001770434652286, "rate": 6.186388824872803}, "datetime": {"datetime": "2024-04-12 20:03:26", "elapsed": 2.979797, "delta": 0.007697}}
{"target": -165.41927795358131, "params": {"gamma": 1.5106563520631782, "prior": 7.631944317426985, "rate": 7.810677176117377}, "datetime": {"datetime": "2024-04-12 20:03:26", "elapsed": 2.987705, "delta": 0.007908}}
{"target": -483.86553581893685, "params": {"gamma": 9.041125756152136, "prior": 2.414310056780649, "rate": 1.7676122518303419}, "datetime": {"datetime": "2024-04-12 20:03:26", "elapsed": 2.995411, "delta": 0.007706}}
{"target": -320.47150093967076, "params": {"gamma": 3.9116001319445175, "prior": 3.2735900745520863, "rate": 8.154953813127257}, "datetime": {"datetime": "2024-04-12 20:03:26", "elapsed": 3.003297, "delta": 0.007886}}
{"target": -335.62907015575587, "params": {"gamma": 6.135645470784649, "prior": 7.624017348262513, "rate": 4.277223331869946}, "datetime": {"datetime": "2024-04-12 20:03:26", "elapsed": 3.01126, "delta": 0.007963}}
{"target": -153.13560256963217, "params": {"gamma": 0.9953061885929767, "prior": 1.238846619297438, "rate": 3.734697910240216}, "datetime": {"datetime": "2024-04-12 20:03:26", "elapsed": 3.019073, "delta": 0.007813}}
{"target": -177.4603619175801, "params": {"gamma": 1.939283827327562, "prior": 8.225390336367088, "rate": 5.996760448228745}, "datetime": {"datetime": "2024-04-12 20:03:26", "elapsed": 3.026902, "delta": 0.007829}}
{"target": -378.36160115281933, "params": {"gamma": 6.888763744927632, "prior": 4.9619886169125325, "rate": 0.8826486387405684}, "datetime": {"datetime": "2024-04-12 20:03:26", "elapsed": 3.034695, "delta": 0.007793}}
{"target": -186.5753689094744, "params": {"gamma": 2.351541289225017, "prior": 4.669860600827058, "rate": 1.9867164390362086}, "datetime": {"datetime": "2024-04-12 20:03:26", "elapsed": 3.042535, "delta": 0.00784}}
{"target": -139.4020189238604, "params": {"gamma": 0.2557368815524242, "prior": 7.321037212735911, "rate": 7.249442555443973}, "datetime": {"datetime": "2024-04-12 20:03:26", "elapsed": 3.050344, "delta": 0.007809}}
{"target": -221.96766082685406, "params": {"gamma": 3.304587071870666, "prior": 8.45059184803019, "rate": 4.284996317034784}, "datetime": {"datetime": "2024-04-12 20:03:26", "elapsed": 3.058195, "delta": 0.007851}}
{"target": -489.75476226429805, "params": {"gamma": 8.64699676149058, "prior": 6.604947703766606, "rate": 5.810775538523484}, "datetime": {"datetime": "2024-04-12 20:03:26", "elapsed": 3.066185, "delta": 0.00799}}
{"target": -194.0644632164057, "params": {"gamma": 2.008074152862875, "prior": 5.342511443736109, "rate": 8.944429751857296}, "datetime": {"datetime": "2024-04-12 20:03:26", "elapsed": 3.074122, "delta": 0.007937}}
{"target": -230.6320349095486, "params": {"gamma": 3.0506347643763254, "prior": 8.722361530694428, "rate": 9.087543983311022}, "datetime": {"datetime": "2024-04-12 20:03:26", "elapsed": 3.082112, "delta": 0.00799}}
{"target": -251.32014232453975, "params": {"gamma": 3.2991157822561417, "prior": 6.862436226731985, "rate": 8.992310274710121}, "datetime": {"datetime": "2024-04-12 20:03:26", "elapsed": 3.090209, "delta": 0.008097}}
{"target": -148.1257733003019, "params": {"gamma": 0.7578931207012753, "prior": 8.798019845727227, "rate": 1.9092027933215376}, "datetime": {"datetime": "2024-04-12 20:03:26", "elapsed": 3.098116, "delta": 0.007907}}
{"target": -428.7887603937653, "params": {"gamma": 8.497839331269288, "prior": 6.704476008122119, "rate": 3.4440476153050885}, "datetime": {"datetime": "2024-04-12 20:03:26", "elapsed": 3.106202, "delta": 0.008086}}
{"target": -168.21070717561278, "params": {"gamma": 1.5146043243579972, "prior": 6.390172518735689, "rate": 8.478032649103701}, "datetime": {"datetime": "2024-04-12 20:03:26", "elapsed": 3.11423, "delta": 0.008028}}
{"target": -548.8016735427882, "params": {"gamma": 8.218671898265342, "prior": 6.319572011593512, "rate": 9.563058796042565}, "datetime": {"datetime": "2024-04-12 20:03:26", "elapsed": 3.122111, "delta": 0.007881}}
{"target": -439.3808429658157, "params": {"gamma": 5.899641347630623, "prior": 2.058544568014401, "rate": 4.293877895442307}, "datetime": {"datetime": "2024-04-12 20:03:26", "elapsed": 3.130033, "delta": 0.007922}}
{"target": -221.28277859821145, "params": {"gamma": 3.3681232410129716, "prior": 9.920255617882082, "rate": 3.8029847246765303}, "datetime": {"datetime": "2024-04-12 20:03:26", "elapsed": 3.138083, "delta": 0.00805}}
{"target": -481.53737759733235, "params": {"gamma": 9.927016035774514, "prior": 5.2361620822608, "rate": 1.7236247350697775}, "datetime": {"datetime": "2024-04-12 20:03:26", "elapsed": 3.145927, "delta": 0.007844}}
