{"target": -142.7903325015476, "params": {"gamma": 0.001, "prior": 6.899084969182774, "rate": 0.001}, "datetime": {"datetime": "2024-04-08 12:29:53", "elapsed": 6120.672425, "delta": 15.193471}}
{"target": -142.80339224434093, "params": {"gamma": 0.0014304350282723795, "prior": 1.1649287229045586, "rate": 2.913340348716199}, "datetime": {"datetime": "2024-04-08 12:30:13", "elapsed": 6140.583398, "delta": 19.910973}}
{"target": -142.79479234894467, "params": {"gamma": 0.001, "prior": 10.0, "rate": 5.35652854655067}, "datetime": {"datetime": "2024-04-08 12:30:27", "elapsed": 6154.560402, "delta": 13.977004}}
{"target": -142.79435809427244, "params": {"gamma": 0.001, "prior": 6.474895721027628, "rate": 2.8965191859812887}, "datetime": {"datetime": "2024-04-08 12:30:50", "elapsed": 6177.182924, "delta": 22.622522}}
{"target": -142.79755322910881, "params": {"gamma": 0.001, "prior": 6.5813449282972085, "rate": 10.0}, "datetime": {"datetime": "2024-04-08 12:31:05", "elapsed": 6192.415524, "delta": 15.2326}}
{"target": -142.82088565400934, "params": {"gamma": 0.002475418814617996, "prior": 1.0040931274758726, "rate": 9.428061833016484}, "datetime": {"datetime": "2024-04-08 12:31:12", "elapsed": 6199.254511, "delta": 6.838987}}
{"target": -142.79612035642683, "params": {"gamma": 0.001, "prior": 7.388689698242403, "rate": 6.607142075987965}, "datetime": {"datetime": "2024-04-08 12:31:21", "elapsed": 6208.140604, "delta": 8.886093}}
{"target": -142.80940643806562, "params": {"gamma": 0.0035602015762240024, "prior": 4.316908839310324, "rate": 1.8093992724703143}, "datetime": {"datetime": "2024-04-08 12:31:27", "elapsed": 6214.351564, "delta": 6.21096}}
{"target": -142.7994381452716, "params": {"gamma": 0.0013679671606248887, "prior": 5.614633876522564, "rate": 5.651055428789369}, "datetime": {"datetime": "2024-04-08 12:31:36", "elapsed": 6223.150232, "delta": 8.798668}}
{"target": -142.7986985921674, "params": {"gamma": 0.001, "prior": 4.066203166958926, "rate": 9.598887343670167}, "datetime": {"datetime": "2024-04-08 12:31:47", "elapsed": 6234.033244, "delta": 10.883012}}
{"target": -142.79514107998247, "params": {"gamma": 0.0012720288077926337, "prior": 8.656718692849196, "rate": 2.853068768034151}, "datetime": {"datetime": "2024-04-08 12:32:04", "elapsed": 6251.863245, "delta": 17.830001}}
{"target": -142.7983506590889, "params": {"gamma": 0.001, "prior": 4.859410086731724, "rate": 10.0}, "datetime": {"datetime": "2024-04-08 12:32:20", "elapsed": 6267.960015, "delta": 16.09677}}
{"target": -142.92399392286558, "params": {"gamma": 0.009579486974015602, "prior": 0.12310021849543251, "rate": 1.9622456071286725}, "datetime": {"datetime": "2024-04-08 12:32:32", "elapsed": 6279.930928, "delta": 11.970913}}
{"target": -142.79033170910463, "params": {"gamma": 0.001, "prior": 10.0, "rate": 0.001}, "datetime": {"datetime": "2024-04-08 12:32:45", "elapsed": 6292.422811, "delta": 12.491883}}
{"target": -142.8512865287769, "params": {"gamma": 0.0048833534842400396, "prior": 0.2714267195122673, "rate": 1.9755146069078497}, "datetime": {"datetime": "2024-04-08 12:33:01", "elapsed": 6308.351541, "delta": 15.92873}}
{"target": -142.8108790023594, "params": {"gamma": 0.0026426796931107175, "prior": 2.8713184511018843, "rate": 3.322037976494912}, "datetime": {"datetime": "2024-04-08 12:33:27", "elapsed": 6334.623089, "delta": 26.271548}}
{"target": -142.80003965944638, "params": {"gamma": 0.0013256447865438133, "prior": 5.151430359125453, "rate": 6.7451010016492265}, "datetime": {"datetime": "2024-04-08 12:33:36", "elapsed": 6343.008086, "delta": 8.384997}}
{"target": -142.79874636092293, "params": {"gamma": 0.001, "prior": 3.662254749923987, "rate": 8.812376344504292}, "datetime": {"datetime": "2024-04-08 12:33:52", "elapsed": 6359.317934, "delta": 16.309848}}
{"target": -142.7949108380386, "params": {"gamma": 0.001, "prior": 3.235166267079969, "rate": 1.8176947163335804}, "datetime": {"datetime": "2024-04-08 12:34:12", "elapsed": 6379.205832, "delta": 19.887898}}
{"target": -142.80875415707357, "params": {"gamma": 0.003243041864784885, "prior": 7.956872880520472, "rate": 3.917326881934192}, "datetime": {"datetime": "2024-04-08 12:34:29", "elapsed": 6396.451452, "delta": 17.24562}}
{"target": -142.8428930921024, "params": {"gamma": 0.010898856710759661, "prior": 8.54023630742405, "rate": 2.2330181892512413}, "datetime": {"datetime": "2024-04-08 12:34:40", "elapsed": 6407.558162, "delta": 11.10671}}
{"target": -142.80070974615847, "params": {"gamma": 0.001453800634916082, "prior": 7.918631571651174, "rate": 9.210416362383446}, "datetime": {"datetime": "2024-04-08 12:34:56", "elapsed": 6423.342432, "delta": 15.78427}}
{"target": -142.79620050270194, "params": {"gamma": 0.001, "prior": 9.560595438052056, "rate": 8.808124498886505}, "datetime": {"datetime": "2024-04-08 12:35:05", "elapsed": 6432.190519, "delta": 8.848087}}
{"target": -142.79650963357815, "params": {"gamma": 0.001, "prior": 9.680082333833784, "rate": 10.0}, "datetime": {"datetime": "2024-04-08 12:35:17", "elapsed": 6444.179586, "delta": 11.989067}}
{"target": -142.7939093389302, "params": {"gamma": 0.001, "prior": 7.399348511540932, "rate": 2.7161035331549943}, "datetime": {"datetime": "2024-04-08 12:35:30", "elapsed": 6457.475557, "delta": 13.295971}}
{"target": -142.79935961577348, "params": {"gamma": 0.0011019540741020561, "prior": 3.406683753096885, "rate": 6.96773614934757}, "datetime": {"datetime": "2024-04-08 12:35:45", "elapsed": 6472.92219, "delta": 15.446633}}
{"target": -142.79994808299585, "params": {"gamma": 0.001588031767472212, "prior": 8.756808624859914, "rate": 6.5139475342904225}, "datetime": {"datetime": "2024-04-08 12:35:54", "elapsed": 6481.234906, "delta": 8.312716}}
{"target": -142.8001821872302, "params": {"gamma": 0.004299070058040383, "prior": 5.73262088589124, "rate": 0.26015233447175906}, "datetime": {"datetime": "2024-04-08 12:36:09", "elapsed": 6496.611611, "delta": 15.376705}}
{"target": -142.79655278913856, "params": {"gamma": 0.001, "prior": 6.607027573145571, "rate": 6.9350052424722035}, "datetime": {"datetime": "2024-04-08 12:36:31", "elapsed": 6518.476718, "delta": 21.865107}}
{"target": -142.79852219442353, "params": {"gamma": 0.001, "prior": 2.074260998617765, "rate": 4.565718013637292}, "datetime": {"datetime": "2024-04-08 12:36:40", "elapsed": 6527.922415, "delta": 9.445697}}
{"target": -142.81769309667422, "params": {"gamma": 0.0029506866066626686, "prior": 4.781177247623451, "rate": 9.332487725248242}, "datetime": {"datetime": "2024-04-08 12:36:56", "elapsed": 6543.382925, "delta": 15.46051}}
{"target": -142.79275886612737, "params": {"gamma": 0.001, "prior": 3.63541857974507, "rate": 0.7407468095613685}, "datetime": {"datetime": "2024-04-08 12:37:05", "elapsed": 6552.884258, "delta": 9.501333}}
{"target": -142.79562929843965, "params": {"gamma": 0.001, "prior": 6.176682916061728, "rate": 4.591766551411435}, "datetime": {"datetime": "2024-04-08 12:37:12", "elapsed": 6559.101694, "delta": 6.217436}}
{"target": -142.87439887123665, "params": {"gamma": 0.01261021497384554, "prior": 6.02716657713017, "rate": 3.4473356344080717}, "datetime": {"datetime": "2024-04-08 12:37:21", "elapsed": 6568.179596, "delta": 9.077902}}
{"target": -142.79696031451195, "params": {"gamma": 0.001, "prior": 6.3769262200715575, "rate": 7.77864479759309}, "datetime": {"datetime": "2024-04-08 12:37:32", "elapsed": 6579.818668, "delta": 11.639072}}
{"target": -142.7963269531108, "params": {"gamma": 0.001, "prior": 3.4177117200467775, "rate": 3.2999874146155306}, "datetime": {"datetime": "2024-04-08 12:37:45", "elapsed": 6592.240896, "delta": 12.422228}}
{"target": -142.7929838316006, "params": {"gamma": 0.001, "prior": 10.0, "rate": 2.3135545167820117}, "datetime": {"datetime": "2024-04-08 12:38:02", "elapsed": 6609.228482, "delta": 16.987586}}
{"target": -142.79636469255772, "params": {"gamma": 0.001, "prior": 6.261793135292126, "rate": 6.131205771949813}, "datetime": {"datetime": "2024-04-08 12:38:11", "elapsed": 6618.320519, "delta": 9.092037}}
{"target": -142.79781835728852, "params": {"gamma": 0.001, "prior": 3.274772767852613, "rate": 5.4961721224217275}, "datetime": {"datetime": "2024-04-08 12:38:24", "elapsed": 6631.014448, "delta": 12.693929}}
{"target": -142.7948197019986, "params": {"gamma": 0.001, "prior": 7.4519157892016885, "rate": 4.036083659486927}, "datetime": {"datetime": "2024-04-08 12:38:33", "elapsed": 6640.504038, "delta": 9.48959}}
{"target": -142.81720839463014, "params": {"gamma": 0.0029554406046780313, "prior": 5.125269840866997, "rate": 9.342424969922144}, "datetime": {"datetime": "2024-04-08 12:38:50", "elapsed": 6657.010271, "delta": 16.506233}}
{"target": -142.79784046884154, "params": {"gamma": 0.001, "prior": 5.08017668604222, "rate": 8.597709468533225}, "datetime": {"datetime": "2024-04-08 12:39:19", "elapsed": 6686.014005, "delta": 29.003734}}
{"target": -142.8095305125383, "params": {"gamma": 0.0023591485455843712, "prior": 4.173328198013509, "rate": 5.71831688468412}, "datetime": {"datetime": "2024-04-08 12:39:37", "elapsed": 6704.543312, "delta": 18.529307}}
{"target": -142.84779786827303, "params": {"gamma": 0.005499194260435449, "prior": 2.574505237422049, "rate": 6.807435863146215}, "datetime": {"datetime": "2024-04-08 12:39:50", "elapsed": 6717.32939, "delta": 12.786078}}
{"target": -142.7910165140247, "params": {"gamma": 0.001, "prior": 7.4422862985238885, "rate": 0.3221439194107507}, "datetime": {"datetime": "2024-04-08 12:40:02", "elapsed": 6729.604463, "delta": 12.275073}}
{"target": -142.79361277224996, "params": {"gamma": 0.001, "prior": 9.660118052641272, "rate": 3.084726945517337}, "datetime": {"datetime": "2024-04-08 12:40:18", "elapsed": 6745.734608, "delta": 16.130145}}
{"target": -142.7903330522902, "params": {"gamma": 0.001, "prior": 5.675663533746701, "rate": 0.001}, "datetime": {"datetime": "2024-04-08 12:40:32", "elapsed": 6759.918111, "delta": 14.183503}}
{"target": -142.79480508248594, "params": {"gamma": 0.001, "prior": 9.230843694693233, "rate": 4.970098866930945}, "datetime": {"datetime": "2024-04-08 12:40:43", "elapsed": 6770.32398, "delta": 10.405869}}
{"target": -142.7968271248505, "params": {"gamma": 0.0014269318793893543, "prior": 3.4556189147722716, "rate": 1.4922442716075222}, "datetime": {"datetime": "2024-04-08 12:41:02", "elapsed": 6789.89981, "delta": 19.57583}}
{"target": -142.7922723709142, "params": {"gamma": 0.001, "prior": 7.941179726337562, "rate": 1.192251775302893}, "datetime": {"datetime": "2024-04-08 12:41:09", "elapsed": 6796.807876, "delta": 6.908066}}
{"target": -142.8065822818609, "params": {"gamma": 0.003020559635610604, "prior": 4.791308688272413, "rate": 2.12369144657132}, "datetime": {"datetime": "2024-04-08 12:41:23", "elapsed": 6810.629865, "delta": 13.821989}}
{"target": -142.7965006435877, "params": {"gamma": 0.001003036552483142, "prior": 0.7691172174015948, "rate": 0.7846697006278608}, "datetime": {"datetime": "2024-04-08 12:41:39", "elapsed": 6826.189647, "delta": 15.559782}}
{"target": -142.846050842682, "params": {"gamma": 0.009234487359386308, "prior": 8.644995158656013, "rate": 4.020284346207847}, "datetime": {"datetime": "2024-04-08 12:41:50", "elapsed": 6837.813805, "delta": 11.624158}}
{"target": -142.7975206390797, "params": {"gamma": 0.001, "prior": 5.065895443009811, "rate": 7.604350983391649}, "datetime": {"datetime": "2024-04-08 12:42:05", "elapsed": 6852.917501, "delta": 15.103696}}
{"target": -142.79034182060914, "params": {"gamma": 0.001, "prior": 1.4829509791528752, "rate": 0.001}, "datetime": {"datetime": "2024-04-08 12:42:17", "elapsed": 6864.684183, "delta": 11.766682}}
{"target": -142.8124470652404, "params": {"gamma": 0.0017465116954668864, "prior": 0.49844710150667204, "rate": 8.756052447286704}, "datetime": {"datetime": "2024-04-08 12:42:31", "elapsed": 6878.151657, "delta": 13.467474}}
{"target": -142.82077268722605, "params": {"gamma": 0.007518560282415797, "prior": 3.943523043907793, "rate": 0.7169061474649661}, "datetime": {"datetime": "2024-04-08 12:42:47", "elapsed": 6894.41008, "delta": 16.258423}}
{"target": -142.79037898608743, "params": {"gamma": 0.001, "prior": 0.357069002110277, "rate": 0.001}, "datetime": {"datetime": "2024-04-08 12:42:54", "elapsed": 6901.917578, "delta": 7.507498}}
{"target": -142.79272342987122, "params": {"gamma": 0.001, "prior": 9.541077179479618, "rate": 1.9042103975477755}, "datetime": {"datetime": "2024-04-08 12:43:16", "elapsed": 6923.48731, "delta": 21.569732}}
{"target": -142.79549565965763, "params": {"gamma": 0.001, "prior": 9.747073483008892, "rate": 6.885438894177234}, "datetime": {"datetime": "2024-04-08 12:43:31", "elapsed": 6938.464051, "delta": 14.976741}}
{"target": -142.7961861506558, "params": {"gamma": 0.001, "prior": 5.629524639941053, "rate": 5.158851772285103}, "datetime": {"datetime": "2024-04-08 12:43:41", "elapsed": 6948.854817, "delta": 10.390766}}
{"target": -142.7950084137755, "params": {"gamma": 0.001, "prior": 10.0, "rate": 5.841657963476762}, "datetime": {"datetime": "2024-04-08 12:43:57", "elapsed": 6964.087363, "delta": 15.232546}}
{"target": -142.79672780782585, "params": {"gamma": 0.001, "prior": 5.674857645320562, "rate": 6.353731801812181}, "datetime": {"datetime": "2024-04-08 12:44:10", "elapsed": 6977.383816, "delta": 13.296453}}
{"target": -142.79590926277518, "params": {"gamma": 0.001, "prior": 6.419687309845038, "rate": 5.304921489549298}, "datetime": {"datetime": "2024-04-08 12:44:30", "elapsed": 6997.094561, "delta": 19.710745}}
{"target": -142.8020214446061, "params": {"gamma": 0.0011635356883872823, "prior": 0.1885041277916869, "rate": 0.8174737551552573}, "datetime": {"datetime": "2024-04-08 12:44:39", "elapsed": 7006.844191, "delta": 9.74963}}
{"target": -142.80369998756706, "params": {"gamma": 0.0013917337635645953, "prior": 2.813199774590376, "rate": 8.721856250917742}, "datetime": {"datetime": "2024-04-08 12:44:50", "elapsed": 7017.954728, "delta": 11.110537}}
{"target": -142.7953037623409, "params": {"gamma": 0.001, "prior": 6.196970693538862, "rate": 4.065214498053208}, "datetime": {"datetime": "2024-04-08 12:45:03", "elapsed": 7030.745281, "delta": 12.790553}}
{"target": -142.79808291444368, "params": {"gamma": 0.001, "prior": 4.112191465297459, "rate": 7.631275005524381}, "datetime": {"datetime": "2024-04-08 12:45:20", "elapsed": 7047.935773, "delta": 17.190492}}
{"target": -142.79498840154153, "params": {"gamma": 0.0021792271949210183, "prior": 4.618264541968339, "rate": 0.31968952040416193}, "datetime": {"datetime": "2024-04-08 12:45:29", "elapsed": 7056.129999, "delta": 8.194226}}
{"target": -142.80755261573668, "params": {"gamma": 0.0023417254667817493, "prior": 1.1443802914699963, "rate": 1.1790888650293248}, "datetime": {"datetime": "2024-04-08 12:45:39", "elapsed": 7066.099729, "delta": 9.96973}}
{"target": -142.86067926599452, "params": {"gamma": 0.010855901666923694, "prior": 1.5162328670491492, "rate": 0.8238825424559397}, "datetime": {"datetime": "2024-04-08 12:45:51", "elapsed": 7078.086502, "delta": 11.986773}}
{"target": -142.79583743017352, "params": {"gamma": 0.001, "prior": 7.985277176623675, "rate": 6.422809155249685}, "datetime": {"datetime": "2024-04-08 12:46:10", "elapsed": 7097.546555, "delta": 19.460053}}
{"target": -142.82880273441435, "params": {"gamma": 0.004162373574986326, "prior": 4.074808964655175, "rate": 7.195652601944206}, "datetime": {"datetime": "2024-04-08 12:46:21", "elapsed": 7108.433241, "delta": 10.886686}}
{"target": -142.83327889226874, "params": {"gamma": 0.00391935001563809, "prior": 1.8986448546985772, "rate": 6.781940654628074}, "datetime": {"datetime": "2024-04-08 12:46:47", "elapsed": 7134.451829, "delta": 26.018588}}
{"target": -142.79727816907894, "params": {"gamma": 0.001, "prior": 6.443104008868436, "rate": 8.838548129908661}, "datetime": {"datetime": "2024-04-08 12:47:04", "elapsed": 7151.923138, "delta": 17.471309}}
{"target": -142.790331764376, "params": {"gamma": 0.001, "prior": 9.696067116221842, "rate": 0.001}, "datetime": {"datetime": "2024-04-08 12:47:23", "elapsed": 7170.041705, "delta": 18.118567}}
{"target": -142.84718876434218, "params": {"gamma": 0.004704195562045573, "prior": 1.0844186814430279, "rate": 6.35978739214317}, "datetime": {"datetime": "2024-04-08 12:47:45", "elapsed": 7192.17351, "delta": 22.131805}}
{"target": -142.79033227916452, "params": {"gamma": 0.001, "prior": 7.556735779574386, "rate": 0.001}, "datetime": {"datetime": "2024-04-08 12:47:54", "elapsed": 7201.671177, "delta": 9.497667}}
{"target": -142.79033405888234, "params": {"gamma": 0.001, "prior": 4.286157589130466, "rate": 0.001}, "datetime": {"datetime": "2024-04-08 12:48:04", "elapsed": 7211.742854, "delta": 10.071677}}
{"target": -142.7951385903494, "params": {"gamma": 0.001, "prior": 8.530020059613403, "rate": 5.2460212232768875}, "datetime": {"datetime": "2024-04-08 12:48:14", "elapsed": 7221.192228, "delta": 9.449374}}
{"target": -142.8074678522318, "params": {"gamma": 0.003125076486185398, "prior": 7.032698409173378, "rate": 3.2236438825096996}, "datetime": {"datetime": "2024-04-08 12:48:25", "elapsed": 7232.168426, "delta": 10.976198}}
{"target": -142.81390395340105, "params": {"gamma": 0.004531398921836, "prior": 2.121465775705108, "rate": 0.7821235001540805}, "datetime": {"datetime": "2024-04-08 12:48:37", "elapsed": 7244.538086, "delta": 12.36966}}
{"target": -142.82487092234965, "params": {"gamma": 0.0026692256224244704, "prior": 0.5114793037303836, "rate": 7.48694609124775}, "datetime": {"datetime": "2024-04-08 12:49:05", "elapsed": 7272.071278, "delta": 27.533192}}
{"target": -142.81130690590442, "params": {"gamma": 0.0016871876052171205, "prior": 0.33053985772023764, "rate": 4.76817176815594}, "datetime": {"datetime": "2024-04-08 12:49:24", "elapsed": 7291.680359, "delta": 19.609081}}
{"target": -142.80470241631167, "params": {"gamma": 0.0011629875060087, "prior": 0.2639796640256497, "rate": 6.969401387068787}, "datetime": {"datetime": "2024-04-08 12:49:35", "elapsed": 7302.74617, "delta": 11.065811}}
{"target": -142.81938398823075, "params": {"gamma": 0.0024746756850233106, "prior": 0.3542772692815853, "rate": 2.250569938249484}, "datetime": {"datetime": "2024-04-08 12:49:50", "elapsed": 7317.41408, "delta": 14.66791}}
{"target": -142.79673724730822, "params": {"gamma": 0.001, "prior": 7.748019581402658, "rate": 8.705138395980317}, "datetime": {"datetime": "2024-04-08 12:49:59", "elapsed": 7326.276555, "delta": 8.862475}}
{"target": -142.80289427330652, "params": {"gamma": 0.001, "prior": 0.1, "rate": 10.0}, "datetime": {"datetime": "2024-04-08 12:50:12", "elapsed": 7338.994192, "delta": 12.717637}}
{"target": -142.82600943724694, "params": {"gamma": 0.005696105960975016, "prior": 4.395010307266284, "rate": 2.4201345387483006}, "datetime": {"datetime": "2024-04-08 12:50:39", "elapsed": 7366.642359, "delta": 27.648167}}
{"target": -142.79593183853822, "params": {"gamma": 0.001, "prior": 8.39064384506202, "rate": 6.992615235935296}, "datetime": {"datetime": "2024-04-08 12:50:54", "elapsed": 7381.622259, "delta": 14.9799}}
{"target": -142.79811326481416, "params": {"gamma": 0.0013843020163116994, "prior": 7.254797228440467, "rate": 4.915808732147552}, "datetime": {"datetime": "2024-04-08 12:51:01", "elapsed": 7388.010697, "delta": 6.388438}}
{"target": -142.7966458878436, "params": {"gamma": 0.001, "prior": 4.83469279329634, "rate": 5.252017408373996}, "datetime": {"datetime": "2024-04-08 12:51:18", "elapsed": 7405.34041, "delta": 17.329713}}
{"target": -142.80929619594176, "params": {"gamma": 0.0020958495311893207, "prior": 4.56618909174213, "rate": 9.191754678416201}, "datetime": {"datetime": "2024-04-08 12:51:27", "elapsed": 7414.705844, "delta": 9.365434}}
{"target": -142.81103789838807, "params": {"gamma": 0.0021864216300454264, "prior": 2.5221757116134427, "rate": 5.888106461201795}, "datetime": {"datetime": "2024-04-08 12:51:37", "elapsed": 7424.638228, "delta": 9.932384}}
{"target": -142.79336994071488, "params": {"gamma": 0.001, "prior": 7.933133395293697, "rate": 2.247825662222772}, "datetime": {"datetime": "2024-04-08 12:51:51", "elapsed": 7438.11221, "delta": 13.473982}}
{"target": -142.81581339835813, "params": {"gamma": 0.0022748278392478024, "prior": 1.868016886572206, "rate": 9.24150910722056}, "datetime": {"datetime": "2024-04-08 12:52:03", "elapsed": 7450.917416, "delta": 12.805206}}
{"target": -142.82943446675327, "params": {"gamma": 0.01820394316097604, "prior": 2.075118811678628, "rate": 0.0077297118644395835}, "datetime": {"datetime": "2024-04-08 12:52:18", "elapsed": 7465.960242, "delta": 15.042826}}
{"target": -142.79394092447595, "params": {"gamma": 0.001, "prior": 7.986443355002819, "rate": 2.974324526044313}, "datetime": {"datetime": "2024-04-08 12:52:34", "elapsed": 7481.780911, "delta": 15.820669}}
{"target": -142.79486174508008, "params": {"gamma": 0.001, "prior": 5.617881476058562, "rate": 3.0947927485140205}, "datetime": {"datetime": "2024-04-08 12:52:49", "elapsed": 7496.40934, "delta": 14.628429}}
{"target": -142.79236738053132, "params": {"gamma": 0.001, "prior": 10.0, "rate": 1.5999667612637969}, "datetime": {"datetime": "2024-04-08 12:53:01", "elapsed": 7508.749038, "delta": 12.339698}}
{"target": -142.7941130828028, "params": {"gamma": 0.001, "prior": 10.0, "rate": 4.0240159077055715}, "datetime": {"datetime": "2024-04-08 12:53:19", "elapsed": 7526.504, "delta": 17.754962}}
{"target": -142.8112322811771, "params": {"gamma": 0.001963058038852192, "prior": 2.0522274262383844, "rate": 8.331389169163412}, "datetime": {"datetime": "2024-04-08 12:53:29", "elapsed": 7536.887363, "delta": 10.383363}}
{"target": -142.79274633415224, "params": {"gamma": 0.001, "prior": 6.080244967685431, "rate": 1.229885339813311}, "datetime": {"datetime": "2024-04-08 12:53:38", "elapsed": 7545.911015, "delta": 9.023652}}
