{"target": -941.5396463349862, "params": {"gamma": 9.647477523604952, "lr": 0.298306122517234}, "datetime": {"datetime": "2024-04-04 23:05:25", "elapsed": 7473.034687, "delta": 8.803412}}
{"target": -806.9052041066585, "params": {"gamma": 7.215067208123132, "lr": 0.3570074514280812}, "datetime": {"datetime": "2024-04-04 23:05:39", "elapsed": 7487.906354, "delta": 14.871667}}
{"target": -961.8076559022612, "params": {"gamma": 8.368641012295646, "lr": 0.39440558420921157}, "datetime": {"datetime": "2024-04-04 23:05:57", "elapsed": 7505.767727, "delta": 17.861373}}
{"target": -1873.713744041524, "params": {"gamma": 7.298388288576749, "lr": 0.8976855745937556}, "datetime": {"datetime": "2024-04-04 23:06:05", "elapsed": 7513.678347, "delta": 7.91062}}
{"target": -833.7616414635478, "params": {"gamma": 8.512309227606881, "lr": 0.3204154701967122}, "datetime": {"datetime": "2024-04-04 23:06:15", "elapsed": 7523.248253, "delta": 9.569906}}
{"target": -1205.3395688429855, "params": {"gamma": 5.035017670379291, "lr": 0.8477886759104649}, "datetime": {"datetime": "2024-04-04 23:06:19", "elapsed": 7527.438853, "delta": 4.1906}}
{"target": -2620.0250668819463, "params": {"gamma": 5.043523240650076, "lr": 0.0037527504388487065}, "datetime": {"datetime": "2024-04-04 23:06:31", "elapsed": 7539.493482, "delta": 12.054629}}
{"target": -869.8300593860606, "params": {"gamma": 3.279729031501761, "lr": 0.9984528999944366}, "datetime": {"datetime": "2024-04-04 23:06:40", "elapsed": 7548.888408, "delta": 9.394926}}
{"target": -1314.337244232919, "params": {"gamma": 6.596320331142875, "lr": 0.7228013256669941}, "datetime": {"datetime": "2024-04-04 23:06:53", "elapsed": 7561.754811, "delta": 12.866403}}
{"target": -854.6762018515373, "params": {"gamma": 5.388255541755875, "lr": 0.5441345656617403}, "datetime": {"datetime": "2024-04-04 23:07:10", "elapsed": 7578.012021, "delta": 16.25721}}
{"target": -1501.1512351669728, "params": {"gamma": 9.288181929639693, "lr": 0.5631396123632078}, "datetime": {"datetime": "2024-04-04 23:07:26", "elapsed": 7594.063646, "delta": 16.051625}}
{"target": -1069.9240452482131, "params": {"gamma": 7.386295173478913, "lr": 0.49535552233944}, "datetime": {"datetime": "2024-04-04 23:07:40", "elapsed": 7608.451276, "delta": 14.38763}}
{"target": -824.3453952509248, "params": {"gamma": 4.60046861976352, "lr": 0.6512129062753741}, "datetime": {"datetime": "2024-04-04 23:07:58", "elapsed": 7626.061782, "delta": 17.610506}}
{"target": -466.48628819050305, "params": {"gamma": 4.073056403888388, "lr": 0.3477648860394118}, "datetime": {"datetime": "2024-04-04 23:08:09", "elapsed": 7637.910078, "delta": 11.848296}}
{"target": -658.2297544462657, "params": {"gamma": 5.847163487553275, "lr": 0.3421483819336887}, "datetime": {"datetime": "2024-04-04 23:08:18", "elapsed": 7646.460114, "delta": 8.550036}}
{"target": -1054.4939855997154, "params": {"gamma": 6.288927679063804, "lr": 0.5851190100507122}, "datetime": {"datetime": "2024-04-04 23:08:30", "elapsed": 7658.183622, "delta": 11.723508}}
{"target": -1042.9629548721919, "params": {"gamma": 4.518735696367192, "lr": 0.7995796107360835}, "datetime": {"datetime": "2024-04-04 23:08:37", "elapsed": 7665.634267, "delta": 7.450645}}
{"target": -498.8935773274887, "params": {"gamma": 2.4666081365137, "lr": 0.6957408758639989}, "datetime": {"datetime": "2024-04-04 23:08:44", "elapsed": 7672.522986, "delta": 6.888719}}
{"target": -773.2741824058982, "params": {"gamma": 7.54527175795085, "lr": 0.2697245502835557}, "datetime": {"datetime": "2024-04-04 23:09:00", "elapsed": 7688.465997, "delta": 15.943011}}
{"target": -501.1149633303531, "params": {"gamma": 3.3583606945721343, "lr": 0.47328930336168606}, "datetime": {"datetime": "2024-04-04 23:09:20", "elapsed": 7708.545997, "delta": 20.08}}
{"target": -993.6475184448951, "params": {"gamma": 3.467749241618831, "lr": 1.0}, "datetime": {"datetime": "2024-04-04 23:09:32", "elapsed": 7720.358252, "delta": 11.812255}}
{"target": -654.5770180249835, "params": {"gamma": 6.3375802115477615, "lr": 0.27238448329913867}, "datetime": {"datetime": "2024-04-04 23:09:45", "elapsed": 7733.819524, "delta": 13.461272}}
{"target": -415.22153347502996, "params": {"gamma": 2.5057766681947653, "lr": 0.5480019419625647}, "datetime": {"datetime": "2024-04-04 23:10:00", "elapsed": 7748.785518, "delta": 14.965994}}
{"target": -1028.4347511468816, "params": {"gamma": 5.404991605400887, "lr": 0.15454954966695955}, "datetime": {"datetime": "2024-04-04 23:10:12", "elapsed": 7760.439508, "delta": 11.65399}}
{"target": -711.8077255213971, "params": {"gamma": 6.151908782039652, "lr": 0.39157475104959205}, "datetime": {"datetime": "2024-04-04 23:10:29", "elapsed": 7776.981468, "delta": 16.54196}}
{"target": -404.18006197950325, "params": {"gamma": 1.9637725739910317, "lr": 0.6897582538432164}, "datetime": {"datetime": "2024-04-04 23:10:41", "elapsed": 7789.825602, "delta": 12.844134}}
{"target": -781.1429119247036, "params": {"gamma": 2.9374558180720656, "lr": 0.9996336690204857}, "datetime": {"datetime": "2024-04-04 23:10:55", "elapsed": 7803.841339, "delta": 14.015737}}
{"target": -546.0361247024068, "params": {"gamma": 2.0238700942253347, "lr": 0.9994794919202438}, "datetime": {"datetime": "2024-04-04 23:11:11", "elapsed": 7819.817834, "delta": 15.976495}}
{"target": -1685.1968112524514, "params": {"gamma": 6.410599935246668, "lr": 0.9945560910252786}, "datetime": {"datetime": "2024-04-04 23:11:30", "elapsed": 7838.088243, "delta": 18.270409}}
{"target": -392.0460137763384, "params": {"gamma": 1.5780182292310645, "lr": 0.8105840569986335}, "datetime": {"datetime": "2024-04-04 23:11:41", "elapsed": 7849.890474, "delta": 11.802231}}
{"target": -702.7044300068712, "params": {"gamma": 2.4324079423530787, "lr": 1.0}, "datetime": {"datetime": "2024-04-04 23:11:56", "elapsed": 7863.943306, "delta": 14.052832}}
{"target": -889.0348054494448, "params": {"gamma": 6.110372310311233, "lr": 0.4835689818262645}, "datetime": {"datetime": "2024-04-04 23:12:09", "elapsed": 7877.795866, "delta": 13.85256}}
{"target": -425.5561782443334, "params": {"gamma": 2.8137518893418614, "lr": 0.46971131948513756}, "datetime": {"datetime": "2024-04-04 23:12:34", "elapsed": 7902.502509, "delta": 24.706643}}
{"target": -430.80058496175286, "params": {"gamma": 1.751140141000726, "lr": 0.8068675778278774}, "datetime": {"datetime": "2024-04-04 23:12:50", "elapsed": 7918.362577, "delta": 15.860068}}
{"target": -1327.6425344051065, "params": {"gamma": 5.817665084013857, "lr": 0.7603051200443727}, "datetime": {"datetime": "2024-04-04 23:13:06", "elapsed": 7934.177914, "delta": 15.815337}}
{"target": -369.31121865448586, "params": {"gamma": 1.475580114619364, "lr": 0.802517140919925}, "datetime": {"datetime": "2024-04-04 23:13:19", "elapsed": 7947.246175, "delta": 13.068261}}
{"target": -408.030243250384, "params": {"gamma": 3.5263763802030796, "lr": 0.3388062674117649}, "datetime": {"datetime": "2024-04-04 23:13:37", "elapsed": 7965.207396, "delta": 17.961221}}
{"target": -1283.8819501657822, "params": {"gamma": 9.72071324387002, "lr": 0.4268456999225565}, "datetime": {"datetime": "2024-04-04 23:13:45", "elapsed": 7973.854814, "delta": 8.647418}}
{"target": -1370.0253759168352, "params": {"gamma": 8.193126271217615, "lr": 0.6055758256573267}, "datetime": {"datetime": "2024-04-04 23:13:50", "elapsed": 7978.540828, "delta": 4.686014}}
{"target": -547.0351430734963, "params": {"gamma": 5.240637747167919, "lr": 0.2629397184925868}, "datetime": {"datetime": "2024-04-04 23:13:59", "elapsed": 7986.994601, "delta": 8.453773}}
{"target": -774.4681607869709, "params": {"gamma": 5.100713930002001, "lr": 0.18088120658872042}, "datetime": {"datetime": "2024-04-04 23:14:22", "elapsed": 8010.724209, "delta": 23.729608}}
{"target": -717.0638140233991, "params": {"gamma": 6.973603039681283, "lr": 0.2825348937810237}, "datetime": {"datetime": "2024-04-04 23:14:36", "elapsed": 8024.79501, "delta": 14.070801}}
{"target": -777.6381360752453, "params": {"gamma": 3.3493054388475674, "lr": 0.7817982177519185}, "datetime": {"datetime": "2024-04-04 23:14:51", "elapsed": 8039.451733, "delta": 14.656723}}
{"target": -405.08489260461954, "params": {"gamma": 4.231425135215215, "lr": 0.20414263547386202}, "datetime": {"datetime": "2024-04-04 23:15:03", "elapsed": 8051.682862, "delta": 12.231129}}
{"target": -844.0418940689408, "params": {"gamma": 4.768510172158053, "lr": 0.6256442024771658}, "datetime": {"datetime": "2024-04-04 23:15:18", "elapsed": 8066.339091, "delta": 14.656229}}
{"target": -494.5783225820618, "params": {"gamma": 4.9310240407707395, "lr": 0.30820663110434376}, "datetime": {"datetime": "2024-04-04 23:15:35", "elapsed": 8083.547669, "delta": 17.208578}}
{"target": -559.8410474832773, "params": {"gamma": 3.2557290616068273, "lr": 0.615246518951695}, "datetime": {"datetime": "2024-04-04 23:15:42", "elapsed": 8090.845121, "delta": 7.297452}}
{"target": -344.1102934482603, "params": {"gamma": 2.092152024685789, "lr": 0.16728642331743238}, "datetime": {"datetime": "2024-04-04 23:15:50", "elapsed": 8097.984011, "delta": 7.13889}}
{"target": -381.9439584843937, "params": {"gamma": 1.37264982380972, "lr": 0.9630644609571942}, "datetime": {"datetime": "2024-04-04 23:16:05", "elapsed": 8113.578568, "delta": 15.594557}}
{"target": -496.6462541744871, "params": {"gamma": 3.363879111069705, "lr": 0.1819915721939871}, "datetime": {"datetime": "2024-04-04 23:16:14", "elapsed": 8122.55813, "delta": 8.979562}}
{"target": -389.78471906846505, "params": {"gamma": 4.4027512058601035, "lr": 0.24312362880963867}, "datetime": {"datetime": "2024-04-04 23:16:29", "elapsed": 8137.639664, "delta": 15.081534}}
{"target": -557.6765248800682, "params": {"gamma": 3.4484877557295914, "lr": 0.5197030945883259}, "datetime": {"datetime": "2024-04-04 23:16:49", "elapsed": 8157.32129, "delta": 19.681626}}
{"target": -744.7750573863206, "params": {"gamma": 3.7507210148465284, "lr": 0.6862518316321925}, "datetime": {"datetime": "2024-04-04 23:17:03", "elapsed": 8171.903679, "delta": 14.582389}}
{"target": -646.8945361196385, "params": {"gamma": 5.742708433212266, "lr": 0.34896275704643664}, "datetime": {"datetime": "2024-04-04 23:17:08", "elapsed": 8176.267562, "delta": 4.363883}}
{"target": -373.8005772518977, "params": {"gamma": 2.4361565737778976, "lr": 0.450661943080111}, "datetime": {"datetime": "2024-04-04 23:17:16", "elapsed": 8184.316846, "delta": 8.049284}}
{"target": -550.2174607365378, "params": {"gamma": 1.0086137399480215, "lr": 0.06377867796155923}, "datetime": {"datetime": "2024-04-04 23:17:37", "elapsed": 8205.065353, "delta": 20.748507}}
{"target": -474.7182589410367, "params": {"gamma": 3.4707977467990827, "lr": 0.42188270216625967}, "datetime": {"datetime": "2024-04-04 23:17:41", "elapsed": 8209.585792, "delta": 4.520439}}
{"target": -334.9218886318981, "params": {"gamma": 2.7661765377208303, "lr": 0.3821829927298631}, "datetime": {"datetime": "2024-04-04 23:18:05", "elapsed": 8233.362299, "delta": 23.776507}}
{"target": -821.7804972738636, "params": {"gamma": 3.094389082216228, "lr": 0.9978243874572974}, "datetime": {"datetime": "2024-04-04 23:18:15", "elapsed": 8243.331521, "delta": 9.969222}}
{"target": -554.5375994638604, "params": {"gamma": 5.56641874109725, "lr": 0.3068322727542425}, "datetime": {"datetime": "2024-04-04 23:18:31", "elapsed": 8259.867912, "delta": 16.536391}}
{"target": -1642.1262150227549, "params": {"gamma": 8.385379252269226, "lr": 0.6870725131576453}, "datetime": {"datetime": "2024-04-04 23:18:36", "elapsed": 8264.625954, "delta": 4.758042}}
{"target": -765.5489462558289, "params": {"gamma": 5.2379845475814895, "lr": 0.4868931437066598}, "datetime": {"datetime": "2024-04-04 23:18:57", "elapsed": 8285.792583, "delta": 21.166629}}
{"target": -881.7607942231162, "params": {"gamma": 9.01791102818716, "lr": 0.32576526267546885}, "datetime": {"datetime": "2024-04-04 23:19:16", "elapsed": 8304.532205, "delta": 18.739622}}
{"target": -499.6934949221586, "params": {"gamma": 2.724115624347734, "lr": 0.6659402186637984}, "datetime": {"datetime": "2024-04-04 23:19:30", "elapsed": 8318.777187, "delta": 14.244982}}
{"target": -596.2068721151006, "params": {"gamma": 4.037335221382024, "lr": 0.44923195775008984}, "datetime": {"datetime": "2024-04-04 23:19:41", "elapsed": 8329.830904, "delta": 11.053717}}
{"target": -324.8316163638903, "params": {"gamma": 1.0536960444626897, "lr": 1.0}, "datetime": {"datetime": "2024-04-04 23:19:52", "elapsed": 8340.169813, "delta": 10.338909}}
{"target": -944.935919162998, "params": {"gamma": 9.289637560520784, "lr": 0.2548303564023837}, "datetime": {"datetime": "2024-04-04 23:19:57", "elapsed": 8344.950683, "delta": 4.78087}}
{"target": -820.6113084727667, "params": {"gamma": 5.003568694147424, "lr": 0.5712504535725139}, "datetime": {"datetime": "2024-04-04 23:20:22", "elapsed": 8370.108935, "delta": 25.158252}}
{"target": -648.1727950409743, "params": {"gamma": 6.555782981986044, "lr": 0.31331756288484086}, "datetime": {"datetime": "2024-04-04 23:20:38", "elapsed": 8386.275916, "delta": 16.166981}}
{"target": -527.0030980913947, "params": {"gamma": 3.879617691108555, "lr": 0.4236256764127242}, "datetime": {"datetime": "2024-04-04 23:20:52", "elapsed": 8400.81002, "delta": 14.534104}}
{"target": -337.28159047231156, "params": {"gamma": 1.3768788975132145, "lr": 0.750842954039693}, "datetime": {"datetime": "2024-04-04 23:21:03", "elapsed": 8411.139615, "delta": 10.329595}}
{"target": -421.00811033106595, "params": {"gamma": 3.047944695783142, "lr": 0.42738301095804054}, "datetime": {"datetime": "2024-04-04 23:21:18", "elapsed": 8426.760413, "delta": 15.620798}}
{"target": -750.1581240141251, "params": {"gamma": 4.707342226864641, "lr": 0.5427559778232204}, "datetime": {"datetime": "2024-04-04 23:21:38", "elapsed": 8446.445459, "delta": 19.685046}}
{"target": -1178.3430668370297, "params": {"gamma": 3.1088336623891637, "lr": 0.10386921625113732}, "datetime": {"datetime": "2024-04-04 23:22:11", "elapsed": 8479.05143, "delta": 32.605971}}
{"target": -445.6559300712637, "params": {"gamma": 2.7089780016937386, "lr": 0.5103934962692901}, "datetime": {"datetime": "2024-04-04 23:22:36", "elapsed": 8504.755147, "delta": 25.703717}}
{"target": -1105.231440876418, "params": {"gamma": 4.7925459842697204, "lr": 0.7807729999486097}, "datetime": {"datetime": "2024-04-04 23:22:50", "elapsed": 8518.658779, "delta": 13.903632}}
{"target": -419.8077583159358, "params": {"gamma": 2.2554358278684807, "lr": 0.6524275259766992}, "datetime": {"datetime": "2024-04-04 23:23:00", "elapsed": 8528.121103, "delta": 9.462324}}
{"target": -460.62489063499254, "params": {"gamma": 1.687395612563287, "lr": 0.998960939603293}, "datetime": {"datetime": "2024-04-04 23:23:14", "elapsed": 8542.097636, "delta": 13.976533}}
{"target": -396.20034569224026, "params": {"gamma": 3.689148091418764, "lr": 0.26667670811677263}, "datetime": {"datetime": "2024-04-04 23:23:28", "elapsed": 8556.833053, "delta": 14.735417}}
{"target": -480.37420604221217, "params": {"gamma": 5.518713958904952, "lr": 0.2428583345333335}, "datetime": {"datetime": "2024-04-04 23:23:42", "elapsed": 8570.412333, "delta": 13.57928}}
{"target": -211.7261248048881, "params": {"gamma": 0.7408453154272711, "lr": 0.795183314201803}, "datetime": {"datetime": "2024-04-04 23:23:47", "elapsed": 8575.297907, "delta": 4.885574}}
{"target": -146.2540550981487, "params": {"gamma": 3.8561316698012154, "lr": 0.0}, "datetime": {"datetime": "2024-04-04 23:24:02", "elapsed": 8590.741145, "delta": 15.443238}}
{"target": -554.5703779838681, "params": {"gamma": 4.890407806212517, "lr": 0.36094043054678693}, "datetime": {"datetime": "2024-04-04 23:24:17", "elapsed": 8605.16186, "delta": 14.420715}}
{"target": -1628.9843529358984, "params": {"gamma": 9.767608116915197, "lr": 0.6197405009152243}, "datetime": {"datetime": "2024-04-04 23:24:21", "elapsed": 8609.903994, "delta": 4.742134}}
{"target": -2018.941721487736, "params": {"gamma": 3.8809469279341187, "lr": 0.05184540707363128}, "datetime": {"datetime": "2024-04-04 23:24:37", "elapsed": 8625.819792, "delta": 15.915798}}
{"target": -922.3293597179124, "params": {"gamma": 8.275450204893597, "lr": 0.34486836335190985}, "datetime": {"datetime": "2024-04-04 23:24:48", "elapsed": 8636.131384, "delta": 10.311592}}
{"target": -1975.3593614571787, "params": {"gamma": 3.7965957605165896, "lr": 0.006406619119881718}, "datetime": {"datetime": "2024-04-04 23:25:04", "elapsed": 8652.63967, "delta": 16.508286}}
{"target": -719.7792208169583, "params": {"gamma": 3.6982094226691964, "lr": 0.14350104071406833}, "datetime": {"datetime": "2024-04-04 23:25:19", "elapsed": 8667.035289, "delta": 14.395619}}
{"target": -700.3268040721846, "params": {"gamma": 3.404711748213172, "lr": 0.7340747096378397}, "datetime": {"datetime": "2024-04-04 23:25:23", "elapsed": 8671.721997, "delta": 4.686708}}
{"target": -677.467019456874, "params": {"gamma": 7.929785914142832, "lr": 0.2419748211528785}, "datetime": {"datetime": "2024-04-04 23:25:38", "elapsed": 8686.231005, "delta": 14.509008}}
{"target": -294.90596528739104, "params": {"gamma": 1.2756693601015825, "lr": 0.15993978923724234}, "datetime": {"datetime": "2024-04-04 23:26:06", "elapsed": 8714.854486, "delta": 28.623481}}
{"target": -639.3873491016392, "params": {"gamma": 6.463052243928364, "lr": 0.2863192044506716}, "datetime": {"datetime": "2024-04-04 23:26:21", "elapsed": 8729.312037, "delta": 14.457551}}
{"target": -264.20478694610944, "params": {"gamma": 1.3943894166485125, "lr": 0.6075044656236321}, "datetime": {"datetime": "2024-04-04 23:26:31", "elapsed": 8739.184661, "delta": 9.872624}}
{"target": -420.6518512277348, "params": {"gamma": 4.143687020368155, "lr": 0.2922982617008358}, "datetime": {"datetime": "2024-04-04 23:26:40", "elapsed": 8748.243217, "delta": 9.058556}}
{"target": -551.2527500789777, "params": {"gamma": 2.2815650968428556, "lr": 0.8143560608534921}, "datetime": {"datetime": "2024-04-04 23:26:57", "elapsed": 8765.617473, "delta": 17.374256}}
{"target": -1215.5940532657864, "params": {"gamma": 7.254007388294939, "lr": 0.6059898492538524}, "datetime": {"datetime": "2024-04-04 23:27:07", "elapsed": 8775.296166, "delta": 9.678693}}
{"target": -293.521380276938, "params": {"gamma": 1.3126586229353512, "lr": 0.7477064835671485}, "datetime": {"datetime": "2024-04-04 23:27:20", "elapsed": 8788.692076, "delta": 13.39591}}
{"target": -279.9918194110467, "params": {"gamma": 0.7536262979049438, "lr": 0.12108222494715681}, "datetime": {"datetime": "2024-04-04 23:27:42", "elapsed": 8810.223641, "delta": 21.531565}}
{"target": -929.8014985590844, "params": {"gamma": 9.523864468731242, "lr": 0.33120485375653874}, "datetime": {"datetime": "2024-04-04 23:27:47", "elapsed": 8815.205779, "delta": 4.982138}}
{"target": -363.77304825020616, "params": {"gamma": 3.3509938845216287, "lr": 0.2769382556276606}, "datetime": {"datetime": "2024-04-04 23:27:54", "elapsed": 8822.818199, "delta": 7.61242}}
{"target": -825.522947748076, "params": {"gamma": 7.3861693027141815, "lr": 0.3373981313631372}, "datetime": {"datetime": "2024-04-04 23:28:12", "elapsed": 8840.868267, "delta": 18.050068}}
{"target": -602.617796012599, "params": {"gamma": 6.07475823909817, "lr": 0.33275071839180415}, "datetime": {"datetime": "2024-04-04 23:28:27", "elapsed": 8855.751465, "delta": 14.883198}}
{"target": -639.388066068153, "params": {"gamma": 6.463059812183655, "lr": 0.2862579908276651}, "datetime": {"datetime": "2024-04-04 23:28:32", "elapsed": 8860.762548, "delta": 5.011083}}
{"target": -309.21963947798537, "params": {"gamma": 2.9374669074621194, "lr": 0.31529998940336634}, "datetime": {"datetime": "2024-04-04 23:30:10", "elapsed": 8958.778851, "delta": 98.016303}}
{"target": -1105.4145581617863, "params": {"gamma": 4.186194126860046, "lr": 0.9180034209825624}, "datetime": {"datetime": "2024-04-04 23:31:47", "elapsed": 9055.324569, "delta": 96.545718}}
{"target": -321.87742891072753, "params": {"gamma": 2.7080776083584346, "lr": 0.3358462941239455}, "datetime": {"datetime": "2024-04-04 23:33:01", "elapsed": 9129.466013, "delta": 74.141444}}
{"target": -868.7868574015088, "params": {"gamma": 5.480108325413948, "lr": 0.5333722786833579}, "datetime": {"datetime": "2024-04-04 23:34:12", "elapsed": 9200.308963, "delta": 70.84295}}
{"target": -2025.9369924774935, "params": {"gamma": 3.8944848513512405, "lr": 0.0008290400410877474}, "datetime": {"datetime": "2024-04-04 23:35:10", "elapsed": 9258.551583, "delta": 58.24262}}
{"target": -903.7490218312691, "params": {"gamma": 8.871242093101202, "lr": 0.263365156606734}, "datetime": {"datetime": "2024-04-04 23:36:10", "elapsed": 9318.115933, "delta": 59.56435}}
{"target": -885.9091388605805, "params": {"gamma": 4.954275856373691, "lr": 0.6584536644347647}, "datetime": {"datetime": "2024-04-04 23:37:12", "elapsed": 9380.672192, "delta": 62.556259}}
{"target": -685.9566243046552, "params": {"gamma": 4.49015438285426, "lr": 0.17062220676498235}, "datetime": {"datetime": "2024-04-04 23:38:53", "elapsed": 9481.909315, "delta": 101.237123}}
{"target": -857.3228625383409, "params": {"gamma": 4.271305735142092, "lr": 0.7261185463710635}, "datetime": {"datetime": "2024-04-04 23:40:19", "elapsed": 9567.723998, "delta": 85.814683}}
{"target": -368.7931461181325, "params": {"gamma": 3.5866470213160953, "lr": 0.315801064058879}, "datetime": {"datetime": "2024-04-04 23:41:37", "elapsed": 9645.744265, "delta": 78.020267}}
{"target": -723.51289049223, "params": {"gamma": 1.3567897638980382, "lr": 0.07041601146484133}, "datetime": {"datetime": "2024-04-04 23:42:51", "elapsed": 9719.216519, "delta": 73.472254}}
{"target": -228.4217464789878, "params": {"gamma": 1.880689143090421, "lr": 0.25047440282145517}, "datetime": {"datetime": "2024-04-04 23:44:11", "elapsed": 9799.861103, "delta": 80.644584}}
