{"target": -121.68542267897803, "params": {"gamma": 0.744496972414906, "prior": 5.606279749414314, "rate": 6.191550590646147}, "datetime": {"datetime": "2024-04-09 03:09:28", "elapsed": 563.558873, "delta": 6.850858}}
{"target": -119.8148510493461, "params": {"gamma": 0.5288509362419478, "prior": 0.1, "rate": 8.097902810071437}, "datetime": {"datetime": "2024-04-09 03:09:33", "elapsed": 569.024357, "delta": 5.465484}}
{"target": -118.92801271859364, "params": {"gamma": 0.5236533303653971, "prior": 2.299438564747242, "rate": 5.735162300929761}, "datetime": {"datetime": "2024-04-09 03:09:39", "elapsed": 574.721308, "delta": 5.696951}}
{"target": -123.50086588132365, "params": {"gamma": 0.7133262104996889, "prior": 8.136945523816086, "rate": 5.663302967100703}, "datetime": {"datetime": "2024-04-09 03:09:46", "elapsed": 581.279095, "delta": 6.557787}}
{"target": -126.5339853321233, "params": {"gamma": 0.779767548256574, "prior": 10.0, "rate": 5.085234330757327}, "datetime": {"datetime": "2024-04-09 03:09:50", "elapsed": 585.513821, "delta": 4.234726}}
{"target": -123.38143345721117, "params": {"gamma": 0.6783296699411511, "prior": 0.1, "rate": 8.749660257278645}, "datetime": {"datetime": "2024-04-09 03:09:56", "elapsed": 591.63546, "delta": 6.121639}}
{"target": -120.38117656796784, "params": {"gamma": 0.6501088616511285, "prior": 7.624052827311527, "rate": 10.0}, "datetime": {"datetime": "2024-04-09 03:10:02", "elapsed": 597.903585, "delta": 6.268125}}
{"target": -120.65066919641062, "params": {"gamma": 0.6831185066001108, "prior": 4.8530689448517075, "rate": 6.329690355222962}, "datetime": {"datetime": "2024-04-09 03:10:09", "elapsed": 604.352781, "delta": 6.449196}}
{"target": -125.71957457450382, "params": {"gamma": 0.7631889191684627, "prior": 0.12099661486464247, "rate": 3.7189801738902637}, "datetime": {"datetime": "2024-04-09 03:10:18", "elapsed": 613.905125, "delta": 9.552344}}
{"target": -121.74195287972803, "params": {"gamma": 0.38949797841066486, "prior": 0.9142634448542626, "rate": 1.3570630589260457}, "datetime": {"datetime": "2024-04-09 03:10:24", "elapsed": 619.814423, "delta": 5.909298}}
{"target": -123.3659931740194, "params": {"gamma": 0.7521452850946532, "prior": 2.033723073460677, "rate": 1.5134020576526799}, "datetime": {"datetime": "2024-04-09 03:10:29", "elapsed": 624.898399, "delta": 5.083976}}
{"target": -119.3786792245477, "params": {"gamma": 0.5443181930296749, "prior": 4.058080624194009, "rate": 7.3510655886038485}, "datetime": {"datetime": "2024-04-09 03:10:35", "elapsed": 630.593218, "delta": 5.694819}}
{"target": -119.19767744311437, "params": {"gamma": 0.5763404881696962, "prior": 1.4130598065331446, "rate": 8.50101120290554}, "datetime": {"datetime": "2024-04-09 03:10:38", "elapsed": 633.635092, "delta": 3.041874}}
{"target": -121.90242298006186, "params": {"gamma": 0.5327409960207244, "prior": 8.222211508356851, "rate": 7.466896308484065}, "datetime": {"datetime": "2024-04-09 03:10:43", "elapsed": 639.00644, "delta": 5.371348}}
{"target": -119.20089830188988, "params": {"gamma": 0.5314092176282381, "prior": 2.971127512046253, "rate": 6.007379597275759}, "datetime": {"datetime": "2024-04-09 03:10:50", "elapsed": 645.225567, "delta": 6.219127}}
{"target": -119.55880054262937, "params": {"gamma": 0.4207703098955016, "prior": 2.94979777710712, "rate": 8.251052308092753}, "datetime": {"datetime": "2024-04-09 03:10:54", "elapsed": 649.859521, "delta": 4.633954}}
{"target": -118.91794484419124, "params": {"gamma": 0.5489835287111972, "prior": 1.6904599676249181, "rate": 4.34459307403163}, "datetime": {"datetime": "2024-04-09 03:10:59", "elapsed": 654.314604, "delta": 4.455083}}
{"target": -121.40595225419369, "params": {"gamma": 0.7495020168060531, "prior": 3.954903298354381, "rate": 10.0}, "datetime": {"datetime": "2024-04-09 03:11:04", "elapsed": 659.77275, "delta": 5.458146}}
{"target": -119.28956852427348, "params": {"gamma": 0.5792069171010654, "prior": 4.929241121906511, "rate": 9.661702078629862}, "datetime": {"datetime": "2024-04-09 03:11:08", "elapsed": 663.708813, "delta": 3.936063}}
{"target": -123.11541440486403, "params": {"gamma": 0.7934598903034051, "prior": 10.0, "rate": 8.542832497087723}, "datetime": {"datetime": "2024-04-09 03:11:16", "elapsed": 672.025544, "delta": 8.316731}}
{"target": -119.8481867186836, "params": {"gamma": 0.6399727994868253, "prior": 5.725408804883117, "rate": 9.607339202935554}, "datetime": {"datetime": "2024-04-09 03:11:22", "elapsed": 677.689923, "delta": 5.664379}}
{"target": -125.29552156120289, "params": {"gamma": 0.7721393606986132, "prior": 7.182258303731795, "rate": 4.150874461348409}, "datetime": {"datetime": "2024-04-09 03:11:28", "elapsed": 683.982393, "delta": 6.29247}}
{"target": -118.67127958160337, "params": {"gamma": 0.5127798809347501, "prior": 0.5218020996490388, "rate": 3.1294631269752053}, "datetime": {"datetime": "2024-04-09 03:11:31", "elapsed": 686.987387, "delta": 3.004994}}
{"target": -123.33171091603614, "params": {"gamma": 0.7183321353621419, "prior": 10.0, "rate": 7.174096426374841}, "datetime": {"datetime": "2024-04-09 03:11:36", "elapsed": 691.566433, "delta": 4.579046}}
{"target": -119.65922553654954, "params": {"gamma": 0.38625063945736693, "prior": 1.3219615306576313, "rate": 5.496959978563096}, "datetime": {"datetime": "2024-04-09 03:11:39", "elapsed": 694.517066, "delta": 2.950633}}
{"target": -121.61729424227312, "params": {"gamma": 0.5857555728566038, "prior": 3.5797235208789, "rate": 3.2711447120074526}, "datetime": {"datetime": "2024-04-09 03:11:45", "elapsed": 700.566976, "delta": 6.04991}}
{"target": -118.77428563548658, "params": {"gamma": 0.541896782229707, "prior": 1.4092648606610236, "rate": 6.920713291210727}, "datetime": {"datetime": "2024-04-09 03:11:48", "elapsed": 703.605355, "delta": 3.038379}}
{"target": -119.92000666262854, "params": {"gamma": 0.6657346164407453, "prior": 3.6832130090410606, "rate": 8.02479975257184}, "datetime": {"datetime": "2024-04-09 03:11:58", "elapsed": 713.318698, "delta": 9.713343}}
{"target": -119.6445981854714, "params": {"gamma": 0.5415604835539872, "prior": 3.6189487364968747, "rate": 5.814841241673713}, "datetime": {"datetime": "2024-04-09 03:12:03", "elapsed": 719.198612, "delta": 5.879914}}
{"target": -120.70511761458599, "params": {"gamma": 0.6292108086592998, "prior": 0.1, "rate": 1.1618638028886705}, "datetime": {"datetime": "2024-04-09 03:12:10", "elapsed": 725.599474, "delta": 6.400862}}
{"target": -121.22274251211499, "params": {"gamma": 0.6873560588099963, "prior": 6.512159648298544, "rate": 6.963336323637425}, "datetime": {"datetime": "2024-04-09 03:12:16", "elapsed": 731.396181, "delta": 5.796707}}
{"target": -118.6820969230917, "params": {"gamma": 0.5206903368863054, "prior": 1.0113212809947294, "rate": 3.6859276319184846}, "datetime": {"datetime": "2024-04-09 03:12:21", "elapsed": 736.975154, "delta": 5.578973}}
{"target": -119.00021922469017, "params": {"gamma": 0.5181783518187667, "prior": 3.7649458159249507, "rate": 8.893462518537945}, "datetime": {"datetime": "2024-04-09 03:12:26", "elapsed": 741.375515, "delta": 4.400361}}
{"target": -119.8851894087212, "params": {"gamma": 0.3861264101144261, "prior": 2.050854937990155, "rate": 6.960150321608111}, "datetime": {"datetime": "2024-04-09 03:12:32", "elapsed": 747.337378, "delta": 5.961863}}
{"target": -119.13053702516726, "params": {"gamma": 0.5775622653301111, "prior": 1.5226061204846837, "rate": 3.418516024367053}, "datetime": {"datetime": "2024-04-09 03:12:35", "elapsed": 750.499967, "delta": 3.162589}}
{"target": -119.58029256829477, "params": {"gamma": 0.614995845145684, "prior": 4.470742334013991, "rate": 8.025935137453704}, "datetime": {"datetime": "2024-04-09 03:12:38", "elapsed": 754.17886, "delta": 3.678893}}
{"target": -119.23943839769794, "params": {"gamma": 0.5381822911773656, "prior": 2.41572200044913, "rate": 4.744737967060422}, "datetime": {"datetime": "2024-04-09 03:12:41", "elapsed": 757.068298, "delta": 2.889438}}
{"target": -119.54179671377922, "params": {"gamma": 0.5303347302431298, "prior": 0.21034762646191074, "rate": 6.021567602209704}, "datetime": {"datetime": "2024-04-09 03:12:48", "elapsed": 764.107903, "delta": 7.039605}}
{"target": -118.62727773064952, "params": {"gamma": 0.4925411230168706, "prior": 1.4178653059131703, "rate": 9.019505064893075}, "datetime": {"datetime": "2024-04-09 03:12:58", "elapsed": 773.952805, "delta": 9.844902}}
{"target": -122.64700256831479, "params": {"gamma": 0.6029458126001329, "prior": 9.4643995931576, "rate": 7.226232446051534}, "datetime": {"datetime": "2024-04-09 03:13:04", "elapsed": 779.482062, "delta": 5.529257}}
{"target": -119.0733919328008, "params": {"gamma": 0.5681608685316383, "prior": 0.38114329983110695, "rate": 2.188452823075228}, "datetime": {"datetime": "2024-04-09 03:13:09", "elapsed": 784.724337, "delta": 5.242275}}
{"target": -119.14467192125836, "params": {"gamma": 0.5666818847384554, "prior": 0.3509461407300164, "rate": 0.748592155560282}, "datetime": {"datetime": "2024-04-09 03:13:14", "elapsed": 789.537195, "delta": 4.812858}}
{"target": -118.74793192547341, "params": {"gamma": 0.5410602876111328, "prior": 1.334429532623593, "rate": 5.953195142819995}, "datetime": {"datetime": "2024-04-09 03:13:20", "elapsed": 796.065566, "delta": 6.528371}}
{"target": -118.74073194409637, "params": {"gamma": 0.5402428885323476, "prior": 2.6806879653089193, "rate": 9.633869781794312}, "datetime": {"datetime": "2024-04-09 03:13:30", "elapsed": 805.224458, "delta": 9.158892}}
{"target": -120.9643102493333, "params": {"gamma": 0.6901512408113717, "prior": 2.6909541869375713, "rate": 3.1607259528112843}, "datetime": {"datetime": "2024-04-09 03:13:38", "elapsed": 813.706615, "delta": 8.482157}}
{"target": -120.63705716104838, "params": {"gamma": 0.5705470724503867, "prior": 8.743803457201974, "rate": 10.0}, "datetime": {"datetime": "2024-04-09 03:13:41", "elapsed": 817.200745, "delta": 3.49413}}
{"target": -121.54901318692832, "params": {"gamma": 0.3570185489565092, "prior": 4.896582447840498, "rate": 10.0}, "datetime": {"datetime": "2024-04-09 03:13:50", "elapsed": 825.976678, "delta": 8.775933}}
{"target": -118.91389196043467, "params": {"gamma": 0.5009074411389001, "prior": 0.7552707881281309, "rate": 10.0}, "datetime": {"datetime": "2024-04-09 03:13:54", "elapsed": 829.378742, "delta": 3.402064}}
{"target": -120.40201248223097, "params": {"gamma": 0.6680636434672302, "prior": 6.983414865790447, "rate": 9.640589850152917}, "datetime": {"datetime": "2024-04-09 03:13:59", "elapsed": 834.595946, "delta": 5.217204}}
{"target": -119.1345237710434, "params": {"gamma": 0.45701248961130875, "prior": 2.772201339867819, "rate": 7.688069235769226}, "datetime": {"datetime": "2024-04-09 03:14:05", "elapsed": 840.707864, "delta": 6.111918}}
{"target": -118.7427248855034, "params": {"gamma": 0.4675170664332725, "prior": 0.479623786296679, "rate": 5.4961776820853325}, "datetime": {"datetime": "2024-04-09 03:14:09", "elapsed": 845.04735, "delta": 4.339486}}
{"target": -119.10234540403708, "params": {"gamma": 0.5460696950142109, "prior": 3.9175209482108917, "rate": 8.412133261127375}, "datetime": {"datetime": "2024-04-09 03:14:17", "elapsed": 853.202692, "delta": 8.155342}}
{"target": -118.62348046041087, "params": {"gamma": 0.4999353785848335, "prior": 1.901249099062537, "rate": 8.365370632627886}, "datetime": {"datetime": "2024-04-09 03:14:23", "elapsed": 858.972755, "delta": 5.770063}}
{"target": -118.86662924483379, "params": {"gamma": 0.4699371416777343, "prior": 1.8204916758663472, "rate": 5.890676519224601}, "datetime": {"datetime": "2024-04-09 03:14:32", "elapsed": 867.40825, "delta": 8.435495}}
{"target": -119.28537543983225, "params": {"gamma": 0.5890636440529657, "prior": 2.58528272136348, "rate": 5.252755866154666}, "datetime": {"datetime": "2024-04-09 03:14:42", "elapsed": 877.376733, "delta": 9.968483}}
{"target": -118.74420611852894, "params": {"gamma": 0.4411459744287179, "prior": 0.8031405224099484, "rate": 6.088406546566995}, "datetime": {"datetime": "2024-04-09 03:14:49", "elapsed": 884.83103, "delta": 7.454297}}
{"target": -121.77800188306902, "params": {"gamma": 0.6713308186693482, "prior": 4.392799403627886, "rate": 3.979966622836809}, "datetime": {"datetime": "2024-04-09 03:14:55", "elapsed": 890.917175, "delta": 6.086145}}
{"target": -119.91629148403631, "params": {"gamma": 0.6425388681938293, "prior": 5.058755643919972, "rate": 8.207304508795934}, "datetime": {"datetime": "2024-04-09 03:14:59", "elapsed": 894.254604, "delta": 3.337429}}
{"target": -118.69922851005141, "params": {"gamma": 0.4800852950637472, "prior": 2.394434039594219, "rate": 9.222622964247604}, "datetime": {"datetime": "2024-04-09 03:15:03", "elapsed": 898.917303, "delta": 4.662699}}
{"target": -120.82955360150268, "params": {"gamma": 0.7227530205167882, "prior": 3.6060816589409344, "rate": 8.577082788569543}, "datetime": {"datetime": "2024-04-09 03:15:10", "elapsed": 905.911901, "delta": 6.994598}}
{"target": -120.26528761828668, "params": {"gamma": 0.6635474006274102, "prior": 3.365484628677794, "rate": 4.896257018063872}, "datetime": {"datetime": "2024-04-09 03:15:16", "elapsed": 912.182863, "delta": 6.270962}}
{"target": -119.72722423103976, "params": {"gamma": 0.6490498230298639, "prior": 0.8234975053731535, "rate": 2.351967839703246}, "datetime": {"datetime": "2024-04-09 03:15:20", "elapsed": 915.488338, "delta": 3.305475}}
{"target": -120.38320450256653, "params": {"gamma": 0.6772359655390232, "prior": 4.820418984241547, "rate": 7.044283986260812}, "datetime": {"datetime": "2024-04-09 03:15:27", "elapsed": 922.536426, "delta": 7.048088}}
{"target": -118.68553077795384, "params": {"gamma": 0.5289999931166359, "prior": 0.42550772252496316, "rate": 1.754542190320099}, "datetime": {"datetime": "2024-04-09 03:15:33", "elapsed": 928.364749, "delta": 5.828323}}
{"target": -118.88135081142968, "params": {"gamma": 0.519777193333943, "prior": 3.6721867813046174, "rate": 9.621979919697417}, "datetime": {"datetime": "2024-04-09 03:15:39", "elapsed": 934.517809, "delta": 6.15306}}
{"target": -118.95889671111111, "params": {"gamma": 0.5177461033828897, "prior": 2.1335495365557366, "rate": 5.216500417288874}, "datetime": {"datetime": "2024-04-09 03:15:47", "elapsed": 942.968323, "delta": 8.450514}}
{"target": -122.95697425729311, "params": {"gamma": 0.5038532654108829, "prior": 5.100777604174581, "rate": 4.070764709000498}, "datetime": {"datetime": "2024-04-09 03:15:53", "elapsed": 948.869542, "delta": 5.901219}}
{"target": -121.01478823604526, "params": {"gamma": 0.6774061475809536, "prior": 8.11640454947332, "rate": 9.051941688257259}, "datetime": {"datetime": "2024-04-09 03:15:58", "elapsed": 953.92198, "delta": 5.052438}}
{"target": -125.36745670721471, "params": {"gamma": 0.9427901953091182, "prior": 10.0, "rate": 9.374064861706467}, "datetime": {"datetime": "2024-04-09 03:16:03", "elapsed": 959.166247, "delta": 5.244267}}
{"target": -121.37402619882542, "params": {"gamma": 0.6500970777355578, "prior": 8.353650751841284, "rate": 8.118654821062732}, "datetime": {"datetime": "2024-04-09 03:16:07", "elapsed": 962.656076, "delta": 3.489829}}
{"target": -121.34882896854914, "params": {"gamma": 0.5753016863040239, "prior": 9.211793911568964, "rate": 8.924463807688767}, "datetime": {"datetime": "2024-04-09 03:16:18", "elapsed": 973.570013, "delta": 10.913937}}
{"target": -119.4692598728083, "params": {"gamma": 0.6032564205125198, "prior": 0.6534976646253059, "rate": 3.483676724564264}, "datetime": {"datetime": "2024-04-09 03:16:27", "elapsed": 982.511587, "delta": 8.941574}}
{"target": -118.87106060979264, "params": {"gamma": 0.5186017252916355, "prior": 1.0545574322723736, "rate": 2.7964511919209114}, "datetime": {"datetime": "2024-04-09 03:16:31", "elapsed": 987.170445, "delta": 4.658858}}
{"target": -118.61873798983991, "params": {"gamma": 0.48192221100261395, "prior": 0.9103954832386117, "rate": 5.729230073013881}, "datetime": {"datetime": "2024-04-09 03:16:42", "elapsed": 998.176578, "delta": 11.006133}}
{"target": -119.73519720405909, "params": {"gamma": 0.5522334579666189, "prior": 2.3566490680949244, "rate": 3.6191854139819783}, "datetime": {"datetime": "2024-04-09 03:16:48", "elapsed": 1003.405299, "delta": 5.228721}}
{"target": -118.80971793272158, "params": {"gamma": 0.5087637109908727, "prior": 3.4317720465900123, "rate": 9.90185375043568}, "datetime": {"datetime": "2024-04-09 03:16:56", "elapsed": 1011.318522, "delta": 7.913223}}
{"target": -121.99292858732075, "params": {"gamma": 0.7165964894108461, "prior": 7.5561647462495145, "rate": 6.97429410734085}, "datetime": {"datetime": "2024-04-09 03:17:01", "elapsed": 1016.725366, "delta": 5.406844}}
{"target": -119.19393202766327, "params": {"gamma": 0.5735301094926084, "prior": 1.1767776457777241, "rate": 7.408318706685944}, "datetime": {"datetime": "2024-04-09 03:17:07", "elapsed": 1022.781079, "delta": 6.055713}}
{"target": -118.83255172334643, "params": {"gamma": 0.4570676967221895, "prior": 0.599198686162187, "rate": 9.656511660669715}, "datetime": {"datetime": "2024-04-09 03:17:11", "elapsed": 1026.500615, "delta": 3.719536}}
{"target": -118.98070126459547, "params": {"gamma": 0.41707024681174676, "prior": 0.3625782299589635, "rate": 6.5313124352808005}, "datetime": {"datetime": "2024-04-09 03:17:14", "elapsed": 1030.069491, "delta": 3.568876}}
{"target": -120.37956645384001, "params": {"gamma": 0.5676510744377725, "prior": 5.73360976968099, "rate": 7.039437636527379}, "datetime": {"datetime": "2024-04-09 03:17:21", "elapsed": 1036.857204, "delta": 6.787713}}
{"target": -124.32027107032414, "params": {"gamma": 0.9025189246656129, "prior": 9.050366662590369, "rate": 10.0}, "datetime": {"datetime": "2024-04-09 03:17:27", "elapsed": 1042.301352, "delta": 5.444148}}
{"target": -122.57064184768606, "params": {"gamma": 0.4190247845275645, "prior": 9.018139454410262, "rate": 9.565226837487677}, "datetime": {"datetime": "2024-04-09 03:17:30", "elapsed": 1045.886759, "delta": 3.585407}}
{"target": -118.82215434133842, "params": {"gamma": 0.43565244596306385, "prior": 1.4562958260406245, "rate": 8.128323092130055}, "datetime": {"datetime": "2024-04-09 03:17:38", "elapsed": 1053.220811, "delta": 7.334052}}
{"target": -120.70665286281292, "params": {"gamma": 0.5895348959186346, "prior": 7.207887439923766, "rate": 8.04796190810273}, "datetime": {"datetime": "2024-04-09 03:17:48", "elapsed": 1063.266427, "delta": 10.045616}}
{"target": -118.6679854890204, "params": {"gamma": 0.5114340891253856, "prior": 2.2938232585374494, "rate": 8.47835871235285}, "datetime": {"datetime": "2024-04-09 03:17:52", "elapsed": 1068.012808, "delta": 4.746381}}
{"target": -119.24469491216742, "params": {"gamma": 0.5000027008597417, "prior": 3.2415241272775797, "rate": 6.814072875252371}, "datetime": {"datetime": "2024-04-09 03:17:57", "elapsed": 1072.518633, "delta": 4.505825}}
{"target": -119.05065807045067, "params": {"gamma": 0.5781835178459019, "prior": 2.22723083037698, "rate": 10.0}, "datetime": {"datetime": "2024-04-09 03:18:03", "elapsed": 1078.781724, "delta": 6.263091}}
{"target": -118.95919874391552, "params": {"gamma": 0.5573040636940882, "prior": 0.7030212413602263, "rate": 4.01715227712505}, "datetime": {"datetime": "2024-04-09 03:18:11", "elapsed": 1086.922921, "delta": 8.141197}}
{"target": -119.16696500767252, "params": {"gamma": 0.5945569990025453, "prior": 1.9479584799976197, "rate": 7.626126719922051}, "datetime": {"datetime": "2024-04-09 03:18:15", "elapsed": 1090.486561, "delta": 3.56364}}
{"target": -119.08490655657388, "params": {"gamma": 0.5875397209794793, "prior": 2.6059284949024426, "rate": 10.0}, "datetime": {"datetime": "2024-04-09 03:18:20", "elapsed": 1095.87318, "delta": 5.386619}}
{"target": -120.32787619961712, "params": {"gamma": 0.520239552660733, "prior": 1.8346659288619724, "rate": 2.4148228977432833}, "datetime": {"datetime": "2024-04-09 03:18:24", "elapsed": 1099.463984, "delta": 3.590804}}
{"target": -120.06306139494686, "params": {"gamma": 0.6614112484031229, "prior": 5.337818117630267, "rate": 8.77345655580925}, "datetime": {"datetime": "2024-04-09 03:18:33", "elapsed": 1108.278696, "delta": 8.814712}}
{"target": -119.02237455454345, "params": {"gamma": 0.5824815893726858, "prior": 2.1187349436522025, "rate": 6.064873106667775}, "datetime": {"datetime": "2024-04-09 03:18:39", "elapsed": 1114.583848, "delta": 6.305152}}
{"target": -118.9420660904921, "params": {"gamma": 0.5453149484662184, "prior": 3.1948954446358067, "rate": 7.913669482196242}, "datetime": {"datetime": "2024-04-09 03:18:45", "elapsed": 1121.194014, "delta": 6.610166}}
{"target": -118.79400304719029, "params": {"gamma": 0.44748637629335114, "prior": 0.692794019867406, "rate": 9.199140696896965}, "datetime": {"datetime": "2024-04-09 03:18:54", "elapsed": 1129.241729, "delta": 8.047715}}
{"target": -119.12883885594844, "params": {"gamma": 0.39739998403749355, "prior": 0.5664833182169678, "rate": 7.833884108383052}, "datetime": {"datetime": "2024-04-09 03:19:02", "elapsed": 1137.883658, "delta": 8.641929}}
{"target": -118.8330059380046, "params": {"gamma": 0.5546599758893758, "prior": 1.4658497289108994, "rate": 6.4039327218681406}, "datetime": {"datetime": "2024-04-09 03:19:08", "elapsed": 1143.896731, "delta": 6.013073}}
{"target": -120.24039584390026, "params": {"gamma": 0.37974058210489137, "prior": 0.3648473519481172, "rate": 1.0622867617768252}, "datetime": {"datetime": "2024-04-09 03:19:14", "elapsed": 1149.87918, "delta": 5.982449}}
{"target": -118.95877096334598, "params": {"gamma": 0.5729358317869995, "prior": 2.3866698311809484, "rate": 6.846040413180464}, "datetime": {"datetime": "2024-04-09 03:19:18", "elapsed": 1153.61389, "delta": 3.73471}}
{"target": -118.86836973778196, "params": {"gamma": 0.4717144489915012, "prior": 2.8722800872490506, "rate": 9.15933193513858}, "datetime": {"datetime": "2024-04-09 03:19:21", "elapsed": 1156.971367, "delta": 3.357477}}
