{"target": -118.86997051202887, "params": {"gamma": 0.48984483438901083, "prior": 0.3410521273907741, "rate": 4.733341992437268}, "datetime": {"datetime": "2024-04-09 04:34:40", "elapsed": 5675.457154, "delta": 22.229729}}
{"target": -118.62834860137129, "params": {"gamma": 0.5045187225395831, "prior": 0.7951938789861014, "rate": 3.429050343284709}, "datetime": {"datetime": "2024-04-09 04:34:47", "elapsed": 5683.021465, "delta": 7.564311}}
{"target": -118.61525320889113, "params": {"gamma": 0.4939653462687329, "prior": 1.6183856167086677, "rate": 9.283272950331934}, "datetime": {"datetime": "2024-04-09 04:34:56", "elapsed": 5692.09594, "delta": 9.074475}}
{"target": -119.8119020601936, "params": {"gamma": 0.5722620783205202, "prior": 1.9382812431604424, "rate": 2.8718135252556007}, "datetime": {"datetime": "2024-04-09 04:35:19", "elapsed": 5715.199473, "delta": 23.103533}}
{"target": -118.62324880702134, "params": {"gamma": 0.4896042766769853, "prior": 1.0824963477731306, "rate": 4.910697138727759}, "datetime": {"datetime": "2024-04-09 04:35:36", "elapsed": 5731.56123, "delta": 16.361757}}
{"target": -118.62695076723745, "params": {"gamma": 0.478852089000879, "prior": 1.1014147285148344, "rate": 5.427603803537936}, "datetime": {"datetime": "2024-04-09 04:35:49", "elapsed": 5744.277117, "delta": 12.715887}}
{"target": -118.83030314317845, "params": {"gamma": 0.506309150191648, "prior": 2.570615977994691, "rate": 7.283080226250126}, "datetime": {"datetime": "2024-04-09 04:36:05", "elapsed": 5760.574615, "delta": 16.297498}}
{"target": -118.6193007606856, "params": {"gamma": 0.4844406258793224, "prior": 1.8894138450414966, "rate": 9.161446365357538}, "datetime": {"datetime": "2024-04-09 04:36:23", "elapsed": 5778.218513, "delta": 17.643898}}
{"target": -118.6126549362051, "params": {"gamma": 0.4896723297538533, "prior": 0.7464366759335854, "rate": 4.318491565065561}, "datetime": {"datetime": "2024-04-09 04:36:37", "elapsed": 5792.603988, "delta": 14.385475}}
{"target": -118.6860177057554, "params": {"gamma": 0.4889196545779862, "prior": 1.1755006363426939, "rate": 9.848281119292402}, "datetime": {"datetime": "2024-04-09 04:36:45", "elapsed": 5800.503812, "delta": 7.899824}}
{"target": -118.63335821643422, "params": {"gamma": 0.477360911936397, "prior": 0.8863828852523497, "rate": 6.237044863603556}, "datetime": {"datetime": "2024-04-09 04:36:54", "elapsed": 5809.229267, "delta": 8.725455}}
{"target": -118.76741964836988, "params": {"gamma": 0.5157603584877989, "prior": 2.6012653300370516, "rate": 7.857907200605352}, "datetime": {"datetime": "2024-04-09 04:37:07", "elapsed": 5822.924032, "delta": 13.694765}}
{"target": -118.61814099132988, "params": {"gamma": 0.4815355053668003, "prior": 0.9104369787523288, "rate": 5.6879495136622795}, "datetime": {"datetime": "2024-04-09 04:37:29", "elapsed": 5844.839454, "delta": 21.915422}}
{"target": -118.64911186267754, "params": {"gamma": 0.5143833771503521, "prior": 0.4130315797327926, "rate": 1.6714552203885242}, "datetime": {"datetime": "2024-04-09 04:37:50", "elapsed": 5865.46592, "delta": 20.626466}}
{"target": -118.66899298445159, "params": {"gamma": 0.48733700345098424, "prior": 0.19637725493103236, "rate": 1.5688087056257143}, "datetime": {"datetime": "2024-04-09 04:38:02", "elapsed": 5877.544932, "delta": 12.079012}}
{"target": -118.62289911492353, "params": {"gamma": 0.502611963811414, "prior": 1.8119890831010155, "rate": 9.837143097874542}, "datetime": {"datetime": "2024-04-09 04:38:19", "elapsed": 5894.869541, "delta": 17.324609}}
{"target": -118.63439799983351, "params": {"gamma": 0.4964619108515387, "prior": 2.3009843216203114, "rate": 9.619805998390879}, "datetime": {"datetime": "2024-04-09 04:38:29", "elapsed": 5904.287139, "delta": 9.417598}}
{"target": -118.61620688745828, "params": {"gamma": 0.4818449454757405, "prior": 1.3707880975667706, "rate": 7.078339508837922}, "datetime": {"datetime": "2024-04-09 04:38:49", "elapsed": 5924.621909, "delta": 20.33477}}
{"target": -118.6216971420106, "params": {"gamma": 0.49549387778644155, "prior": 1.5893783782021274, "rate": 7.094074499347679}, "datetime": {"datetime": "2024-04-09 04:39:09", "elapsed": 5945.148146, "delta": 20.526237}}
{"target": -118.73045597317075, "params": {"gamma": 0.5352597107844359, "prior": 2.549511462138243, "rate": 8.827650719563195}, "datetime": {"datetime": "2024-04-09 04:39:26", "elapsed": 5961.56227, "delta": 16.414124}}
{"target": -118.66474098928187, "params": {"gamma": 0.5129773390500432, "prior": 2.4832173186977187, "rate": 9.306118030820647}, "datetime": {"datetime": "2024-04-09 04:39:33", "elapsed": 5968.980112, "delta": 7.417842}}
{"target": -118.67210789069348, "params": {"gamma": 0.474006840991889, "prior": 1.3736749522470462, "rate": 5.966019604133871}, "datetime": {"datetime": "2024-04-09 04:39:48", "elapsed": 5983.95889, "delta": 14.978778}}
{"target": -118.67678901142888, "params": {"gamma": 0.49963186694875084, "prior": 1.8294091918765953, "rate": 6.679379991426198}, "datetime": {"datetime": "2024-04-09 04:40:08", "elapsed": 6003.625119, "delta": 19.666229}}
{"target": -118.73317743661501, "params": {"gamma": 0.5047517773737807, "prior": 1.764818241964326, "rate": 5.7110473418722725}, "datetime": {"datetime": "2024-04-09 04:40:19", "elapsed": 6014.976823, "delta": 11.351704}}
{"target": -118.64237420827408, "params": {"gamma": 0.5125921663255896, "prior": 0.9396935953010372, "rate": 3.905316221225683}, "datetime": {"datetime": "2024-04-09 04:40:41", "elapsed": 6036.459734, "delta": 21.482911}}
{"target": -118.70685473352836, "params": {"gamma": 0.47531544812940085, "prior": 0.8189514429208746, "rate": 8.049098664980852}, "datetime": {"datetime": "2024-04-09 04:40:58", "elapsed": 6053.623255, "delta": 17.163521}}
{"target": -118.71582004591187, "params": {"gamma": 0.5168897958843066, "prior": 2.666051487033714, "rate": 8.803445841118435}, "datetime": {"datetime": "2024-04-09 04:41:15", "elapsed": 6070.501931, "delta": 16.878676}}
{"target": -118.64800883105248, "params": {"gamma": 0.5175168913892131, "prior": 1.9782477721011023, "rate": 9.090789547456845}, "datetime": {"datetime": "2024-04-09 04:41:37", "elapsed": 6092.540549, "delta": 22.038618}}
{"target": -118.60954629549254, "params": {"gamma": 0.48913141441338215, "prior": 1.5080440258947438, "rate": 7.919212895292002}, "datetime": {"datetime": "2024-04-09 04:42:06", "elapsed": 6121.530615, "delta": 28.990066}}
{"target": -118.75682297851766, "params": {"gamma": 0.4677725124695033, "prior": 0.537250602588265, "rate": 6.466307004528359}, "datetime": {"datetime": "2024-04-09 04:42:13", "elapsed": 6129.027329, "delta": 7.496714}}
{"target": -118.79763629115911, "params": {"gamma": 0.5263384109747835, "prior": 3.1346313343809684, "rate": 9.065472772127658}, "datetime": {"datetime": "2024-04-09 04:42:25", "elapsed": 6140.659051, "delta": 11.631722}}
{"target": -118.61037235517419, "params": {"gamma": 0.48893167803451876, "prior": 1.6976465717479876, "rate": 9.491627525504915}, "datetime": {"datetime": "2024-04-09 04:42:39", "elapsed": 6154.935537, "delta": 14.276486}}
{"target": -118.70625764311309, "params": {"gamma": 0.4607477158916864, "prior": 1.8081080241796066, "rate": 8.462820487400988}, "datetime": {"datetime": "2024-04-09 04:42:48", "elapsed": 6163.989149, "delta": 9.053612}}
{"target": -118.64048275167926, "params": {"gamma": 0.503864017847196, "prior": 2.0222561000959023, "rate": 8.173491116561607}, "datetime": {"datetime": "2024-04-09 04:42:59", "elapsed": 6175.036193, "delta": 11.047044}}
{"target": -118.61951947121713, "params": {"gamma": 0.4764717415828354, "prior": 0.6972670097439629, "rate": 4.15399267945212}, "datetime": {"datetime": "2024-04-09 04:43:10", "elapsed": 6185.788403, "delta": 10.75221}}
{"target": -118.61163351171136, "params": {"gamma": 0.4864264003668255, "prior": 0.5275780285387508, "rate": 2.7110445669453105}, "datetime": {"datetime": "2024-04-09 04:43:25", "elapsed": 6200.825947, "delta": 15.037544}}
{"target": -118.63177292187885, "params": {"gamma": 0.49856723809116593, "prior": 1.8177617053361683, "rate": 7.650576550448813}, "datetime": {"datetime": "2024-04-09 04:43:39", "elapsed": 6214.867847, "delta": 14.0419}}
{"target": -118.66860940889329, "params": {"gamma": 0.5197616717606273, "prior": 0.6170248269370451, "rate": 2.3617351484859825}, "datetime": {"datetime": "2024-04-09 04:43:50", "elapsed": 6226.204624, "delta": 11.336777}}
{"target": -118.68902570360687, "params": {"gamma": 0.5185475093567312, "prior": 0.8601354514250581, "rate": 5.014038106306638}, "datetime": {"datetime": "2024-04-09 04:44:06", "elapsed": 6241.577201, "delta": 15.372577}}
{"target": -118.60985206171553, "params": {"gamma": 0.49310771896413513, "prior": 1.734920838201293, "rate": 9.005754007277192}, "datetime": {"datetime": "2024-04-09 04:44:27", "elapsed": 6262.840925, "delta": 21.263724}}
{"target": -118.61831620717449, "params": {"gamma": 0.47717756997935623, "prior": 0.3728289233580645, "rate": 2.1312230725234294}, "datetime": {"datetime": "2024-04-09 04:44:36", "elapsed": 6271.234083, "delta": 8.393158}}
{"target": -118.65138539783473, "params": {"gamma": 0.5158538970483276, "prior": 2.428918921253864, "rate": 9.840888132183654}, "datetime": {"datetime": "2024-04-09 04:44:50", "elapsed": 6285.863606, "delta": 14.629523}}
{"target": -118.76452622257567, "params": {"gamma": 0.4975710934375584, "prior": 0.9062165954059974, "rate": 8.73805266988638}, "datetime": {"datetime": "2024-04-09 04:45:06", "elapsed": 6301.887719, "delta": 16.024113}}
{"target": -118.66782548728312, "params": {"gamma": 0.48014694237997574, "prior": 0.5051448112774014, "rate": 4.196582830615149}, "datetime": {"datetime": "2024-04-09 04:45:34", "elapsed": 6330.16492, "delta": 28.277201}}
{"target": -118.67147513219273, "params": {"gamma": 0.5239885797579161, "prior": 2.1278146173423056, "rate": 8.514137516930116}, "datetime": {"datetime": "2024-04-09 04:45:51", "elapsed": 6347.025704, "delta": 16.860784}}
{"target": -118.61237447252692, "params": {"gamma": 0.4972393092527461, "prior": 1.2225202589547872, "rate": 6.049547448020402}, "datetime": {"datetime": "2024-04-09 04:46:11", "elapsed": 6366.482397, "delta": 19.456693}}
{"target": -118.6941931085577, "params": {"gamma": 0.5050548167613279, "prior": 1.0645105978092078, "rate": 7.704664523813276}, "datetime": {"datetime": "2024-04-09 04:46:24", "elapsed": 6380.073948, "delta": 13.591551}}
{"target": -118.63043314400932, "params": {"gamma": 0.5075598842419656, "prior": 1.4085316576496094, "rate": 6.1040592934825195}, "datetime": {"datetime": "2024-04-09 04:46:39", "elapsed": 6394.220275, "delta": 14.146327}}
{"target": -118.66060686553152, "params": {"gamma": 0.5201672465193156, "prior": 2.2620253403187274, "rate": 9.14025343148618}, "datetime": {"datetime": "2024-04-09 04:47:02", "elapsed": 6417.524935, "delta": 23.30466}}
{"target": -118.61198615622655, "params": {"gamma": 0.48675404255863797, "prior": 1.7065598687774373, "rate": 8.68369942661415}, "datetime": {"datetime": "2024-04-09 04:47:19", "elapsed": 6434.789894, "delta": 17.264959}}
{"target": -118.65282829413282, "params": {"gamma": 0.4814644504008863, "prior": 0.5053685205775791, "rate": 3.916545477688375}, "datetime": {"datetime": "2024-04-09 04:47:32", "elapsed": 6447.890554, "delta": 13.10066}}
{"target": -118.67641518155838, "params": {"gamma": 0.508006543287811, "prior": 1.9078973835668864, "rate": 6.87685557940554}, "datetime": {"datetime": "2024-04-09 04:47:48", "elapsed": 6463.758548, "delta": 15.867994}}
{"target": -118.61859222171634, "params": {"gamma": 0.48048358109539446, "prior": 0.5738352943392321, "rate": 3.5887952312976488}, "datetime": {"datetime": "2024-04-09 04:48:05", "elapsed": 6480.750055, "delta": 16.991507}}
{"target": -119.20958563677539, "params": {"gamma": 0.5913205248450336, "prior": 2.013793823747246, "rate": 4.47762443622853}, "datetime": {"datetime": "2024-04-09 04:48:19", "elapsed": 6494.337834, "delta": 13.587779}}
{"target": -118.7867948879949, "params": {"gamma": 0.5253563425337546, "prior": 1.2648677936248103, "rate": 3.7142667573791983}, "datetime": {"datetime": "2024-04-09 04:48:40", "elapsed": 6516.047464, "delta": 21.70963}}
{"target": -118.62182475949733, "params": {"gamma": 0.49825285109032513, "prior": 1.2169915671741223, "rate": 5.4096610829538285}, "datetime": {"datetime": "2024-04-09 04:48:50", "elapsed": 6525.609767, "delta": 9.562303}}
{"target": -118.72982255711433, "params": {"gamma": 0.5350374516013496, "prior": 2.1568400602876086, "rate": 7.466400298246185}, "datetime": {"datetime": "2024-04-09 04:48:57", "elapsed": 6532.591981, "delta": 6.982214}}
{"target": -118.61700294368137, "params": {"gamma": 0.4828047916981528, "prior": 1.257727333140396, "rate": 7.780253996707854}, "datetime": {"datetime": "2024-04-09 04:49:08", "elapsed": 6543.467875, "delta": 10.875894}}
{"target": -118.63366912793971, "params": {"gamma": 0.5043300014802837, "prior": 1.3833005315986917, "rate": 5.774381439447687}, "datetime": {"datetime": "2024-04-09 04:49:20", "elapsed": 6555.919727, "delta": 12.451852}}
{"target": -118.63913739641193, "params": {"gamma": 0.5119649178240324, "prior": 1.875738828482031, "rate": 7.936414925649026}, "datetime": {"datetime": "2024-04-09 04:49:39", "elapsed": 6574.65607, "delta": 18.736343}}
{"target": -118.61269818887236, "params": {"gamma": 0.48232444301375227, "prior": 0.827217976565183, "rate": 4.537670588457144}, "datetime": {"datetime": "2024-04-09 04:49:58", "elapsed": 6594.156782, "delta": 19.500712}}
{"target": -118.61695710326305, "params": {"gamma": 0.4965632641556426, "prior": 1.536814680820718, "rate": 8.68718411577258}, "datetime": {"datetime": "2024-04-09 04:50:09", "elapsed": 6605.10019, "delta": 10.943408}}
{"target": -118.65471924478504, "params": {"gamma": 0.4634230862149362, "prior": 0.9476818570683453, "rate": 6.926310076238685}, "datetime": {"datetime": "2024-04-09 04:50:30", "elapsed": 6625.63874, "delta": 20.53855}}
{"target": -118.61495850763777, "params": {"gamma": 0.4985940334668084, "prior": 0.9220858173377432, "rate": 4.9186707789979405}, "datetime": {"datetime": "2024-04-09 04:50:48", "elapsed": 6644.149304, "delta": 18.510564}}
{"target": -118.61094974878107, "params": {"gamma": 0.49060039156986324, "prior": 1.3585191544229946, "rate": 6.800263996968028}, "datetime": {"datetime": "2024-04-09 04:51:03", "elapsed": 6658.837885, "delta": 14.688581}}
{"target": -121.05905745710142, "params": {"gamma": 0.7185341682607721, "prior": 5.738494398353315, "rate": 7.330253577557452}, "datetime": {"datetime": "2024-04-09 04:51:18", "elapsed": 6674.065006, "delta": 15.227121}}
{"target": -118.70365598900251, "params": {"gamma": 0.455253313136184, "prior": 1.0966024166255743, "rate": 5.756949647903506}, "datetime": {"datetime": "2024-04-09 04:51:43", "elapsed": 6698.894323, "delta": 24.829317}}
{"target": -118.62004787242658, "params": {"gamma": 0.4853131492280837, "prior": 0.8434116746634758, "rate": 4.032268031247799}, "datetime": {"datetime": "2024-04-09 04:51:57", "elapsed": 6712.458569, "delta": 13.564246}}
{"target": -118.6153899380331, "params": {"gamma": 0.4994385389318574, "prior": 0.1, "rate": 0.5272632863879628}, "datetime": {"datetime": "2024-04-09 04:52:09", "elapsed": 6724.767429, "delta": 12.30886}}
{"target": -118.68334163029844, "params": {"gamma": 0.5175069314254521, "prior": 1.296133097973, "rate": 7.529136506771663}, "datetime": {"datetime": "2024-04-09 04:52:29", "elapsed": 6744.39441, "delta": 19.626981}}
{"target": -118.61680396335207, "params": {"gamma": 0.49143577534329286, "prior": 1.6830012443671178, "rate": 7.877795755940085}, "datetime": {"datetime": "2024-04-09 04:52:51", "elapsed": 6766.570248, "delta": 22.175838}}
{"target": -118.83093877023931, "params": {"gamma": 0.4997486242836474, "prior": 2.1580827800558207, "rate": 6.226292525235281}, "datetime": {"datetime": "2024-04-09 04:53:02", "elapsed": 6777.343874, "delta": 10.773626}}
{"target": -118.63154658946156, "params": {"gamma": 0.5065630046600567, "prior": 1.182896597689801, "rate": 6.4105261821201065}, "datetime": {"datetime": "2024-04-09 04:53:15", "elapsed": 6791.09354, "delta": 13.749666}}
{"target": -118.80284510507343, "params": {"gamma": 0.542142259442777, "prior": 1.1067816984326506, "rate": 3.3214360425262286}, "datetime": {"datetime": "2024-04-09 04:53:23", "elapsed": 6798.747443, "delta": 7.653903}}
{"target": -118.62915723322595, "params": {"gamma": 0.47341177660688316, "prior": 0.6977149210643125, "rate": 4.6263667744016015}, "datetime": {"datetime": "2024-04-09 04:53:35", "elapsed": 6810.291633, "delta": 11.54419}}
{"target": -118.6279821712691, "params": {"gamma": 0.4885847029534825, "prior": 2.1429338273248977, "rate": 9.550586343686103}, "datetime": {"datetime": "2024-04-09 04:53:53", "elapsed": 6829.098786, "delta": 18.807153}}
{"target": -118.6765037390872, "params": {"gamma": 0.4988897079688709, "prior": 0.5181699578374068, "rate": 1.8972082422640775}, "datetime": {"datetime": "2024-04-09 04:54:05", "elapsed": 6840.355001, "delta": 11.256215}}
{"target": -118.62909327960767, "params": {"gamma": 0.47991964588147185, "prior": 0.24891814129852186, "rate": 1.7038977594598077}, "datetime": {"datetime": "2024-04-09 04:54:22", "elapsed": 6857.907528, "delta": 17.552527}}
{"target": -118.64160163102557, "params": {"gamma": 0.5138373011443816, "prior": 0.47401565717573524, "rate": 2.346321525979498}, "datetime": {"datetime": "2024-04-09 04:54:33", "elapsed": 6868.577403, "delta": 10.669875}}
{"target": -118.64024319568136, "params": {"gamma": 0.49945777080208775, "prior": 0.1, "rate": 0.6334238773941806}, "datetime": {"datetime": "2024-04-09 04:54:44", "elapsed": 6879.281313, "delta": 10.70391}}
{"target": -118.61619891963981, "params": {"gamma": 0.4926012364922276, "prior": 1.5862255295033545, "rate": 7.423064123037038}, "datetime": {"datetime": "2024-04-09 04:55:02", "elapsed": 6897.576527, "delta": 18.295214}}
{"target": -118.66586846307152, "params": {"gamma": 0.5235329702300889, "prior": 1.8994792492191044, "rate": 8.191574826648797}, "datetime": {"datetime": "2024-04-09 04:55:09", "elapsed": 6904.903123, "delta": 7.326596}}
{"target": -119.0984051192378, "params": {"gamma": 0.42282978948036876, "prior": 0.10440188854410995, "rate": 5.102071665850743}, "datetime": {"datetime": "2024-04-09 04:55:32", "elapsed": 6928.033263, "delta": 23.13014}}
{"target": -118.67598575538524, "params": {"gamma": 0.45763475953003924, "prior": 0.6636374980325209, "rate": 5.200185114713835}, "datetime": {"datetime": "2024-04-09 04:55:47", "elapsed": 6942.645474, "delta": 14.612211}}
{"target": -118.67819984157404, "params": {"gamma": 0.4595355366356985, "prior": 0.3879063504019178, "rate": 3.217503724481084}, "datetime": {"datetime": "2024-04-09 04:56:03", "elapsed": 6959.079943, "delta": 16.434469}}
{"target": -118.79706771397875, "params": {"gamma": 0.43323574869705717, "prior": 0.6152927546676067, "rate": 5.635301636472131}, "datetime": {"datetime": "2024-04-09 04:56:16", "elapsed": 6971.976145, "delta": 12.896202}}
{"target": -118.64590663291833, "params": {"gamma": 0.5166218793882916, "prior": 2.0365013138328836, "rate": 8.897304603287541}, "datetime": {"datetime": "2024-04-09 04:56:34", "elapsed": 6990.183738, "delta": 18.207593}}
{"target": -118.64747323599758, "params": {"gamma": 0.46370320310068935, "prior": 0.9909282033100213, "rate": 6.447802743570709}, "datetime": {"datetime": "2024-04-09 04:56:57", "elapsed": 7012.832023, "delta": 22.648285}}
{"target": -118.66000726728176, "params": {"gamma": 0.47297768974356197, "prior": 0.7979322696735798, "rate": 6.506468958440121}, "datetime": {"datetime": "2024-04-09 04:57:09", "elapsed": 7024.974153, "delta": 12.14213}}
{"target": -118.63115490004247, "params": {"gamma": 0.5071272895336086, "prior": 0.8645889031824827, "rate": 4.616688911422675}, "datetime": {"datetime": "2024-04-09 04:57:28", "elapsed": 7043.824937, "delta": 18.850784}}
{"target": -118.62818096530619, "params": {"gamma": 0.47767438826713193, "prior": 1.2269402563568377, "rate": 8.316973951730697}, "datetime": {"datetime": "2024-04-09 04:57:43", "elapsed": 7058.609578, "delta": 14.784641}}
{"target": -118.62766517031234, "params": {"gamma": 0.4863569163905647, "prior": 1.0838513943919534, "rate": 7.218465820877738}, "datetime": {"datetime": "2024-04-09 04:58:00", "elapsed": 7075.557268, "delta": 16.94769}}
{"target": -118.62981267502256, "params": {"gamma": 0.4745678484115409, "prior": 0.7865706437906734, "rate": 5.316917685725936}, "datetime": {"datetime": "2024-04-09 04:58:10", "elapsed": 7085.580203, "delta": 10.022935}}
{"target": -118.62293419417304, "params": {"gamma": 0.5062776572736839, "prior": 0.5196120671005988, "rate": 2.4861815665508775}, "datetime": {"datetime": "2024-04-09 04:58:20", "elapsed": 7095.263101, "delta": 9.682898}}
{"target": -119.59152425882611, "params": {"gamma": 0.6209883328343235, "prior": 2.6522673189477, "rate": 4.869794508370331}, "datetime": {"datetime": "2024-04-09 04:58:30", "elapsed": 7106.126586, "delta": 10.863485}}
{"target": -118.68733092652138, "params": {"gamma": 0.528667812778676, "prior": 2.461896799042619, "rate": 9.682450582675088}, "datetime": {"datetime": "2024-04-09 04:58:51", "elapsed": 7126.828773, "delta": 20.702187}}
{"target": -118.6658640592238, "params": {"gamma": 0.5019512144309863, "prior": 0.8082658915021479, "rate": 5.526941728578639}, "datetime": {"datetime": "2024-04-09 04:59:00", "elapsed": 7135.662621, "delta": 8.833848}}
{"target": -118.61918213691622, "params": {"gamma": 0.4915418297870349, "prior": 0.7935060849921375, "rate": 3.649765416305148}, "datetime": {"datetime": "2024-04-09 04:59:22", "elapsed": 7157.575434, "delta": 21.912813}}
{"target": -118.61093050225703, "params": {"gamma": 0.4948609008830639, "prior": 0.6629506690862914, "rate": 3.324354281270815}, "datetime": {"datetime": "2024-04-09 04:59:34", "elapsed": 7169.808853, "delta": 12.233419}}
