{"target": -881.5713494271557, "params": {"gamma": 6.052523738337006, "lr": 0.9904061968899467}, "datetime": {"datetime": "2024-04-03 23:31:57", "elapsed": 2.053523, "delta": 0.002933}}
{"target": -685.2552624567795, "params": {"gamma": 7.739388583314729, "lr": 0.33427640499382627}, "datetime": {"datetime": "2024-04-03 23:31:57", "elapsed": 2.056484, "delta": 0.002961}}
{"target": -145.98187812682752, "params": {"gamma": 0.8908932100029573, "lr": 0.18490559027840836}, "datetime": {"datetime": "2024-04-03 23:31:57", "elapsed": 2.059419, "delta": 0.002935}}
{"target": -461.43778329419064, "params": {"gamma": 5.2689919070424525, "lr": 0.417102418106858}, "datetime": {"datetime": "2024-04-03 23:31:57", "elapsed": 2.062353, "delta": 0.002934}}
{"target": -1158.6776796404295, "params": {"gamma": 8.006795921634268, "lr": 0.9332023381866817}, "datetime": {"datetime": "2024-04-03 23:31:57", "elapsed": 2.065432, "delta": 0.003079}}
{"target": -261.34542049256214, "params": {"gamma": 1.779469614765534, "lr": 0.8600667708762162}, "datetime": {"datetime": "2024-04-03 23:31:57", "elapsed": 2.068563, "delta": 0.003131}}
{"target": -1381.0957140334367, "params": {"gamma": 9.57399186834036, "lr": 0.9594706068497821}, "datetime": {"datetime": "2024-04-03 23:31:57", "elapsed": 2.071881, "delta": 0.003318}}
{"target": -202.71538086548367, "params": {"gamma": 0.37958801461658453, "lr": 0.05758350560817371}, "datetime": {"datetime": "2024-04-03 23:31:57", "elapsed": 2.07496, "delta": 0.003079}}
{"target": -135.43799130293033, "params": {"gamma": 0.05896813178397224, "lr": 0.3126811561554764}, "datetime": {"datetime": "2024-04-03 23:31:57", "elapsed": 2.077892, "delta": 0.002932}}
{"target": -107.70495051338165, "params": {"gamma": 0.5579284287083343, "lr": 0.29386248547054417}, "datetime": {"datetime": "2024-04-03 23:31:57", "elapsed": 2.080829, "delta": 0.002937}}
{"target": -529.7149980138165, "params": {"gamma": 3.5608088438258343, "lr": 0.9536770184739218}, "datetime": {"datetime": "2024-04-03 23:31:57", "elapsed": 2.083791, "delta": 0.002962}}
{"target": -373.1082058523377, "params": {"gamma": 4.770032273945294, "lr": 0.27823844242133033}, "datetime": {"datetime": "2024-04-03 23:31:57", "elapsed": 2.086809, "delta": 0.003018}}
{"target": -536.5272751480693, "params": {"gamma": 5.030548945314497, "lr": 0.6433579246491355}, "datetime": {"datetime": "2024-04-03 23:31:57", "elapsed": 2.089759, "delta": 0.00295}}
{"target": -170.2926032941334, "params": {"gamma": 1.1133454800017826, "lr": 0.7580616581331086}, "datetime": {"datetime": "2024-04-03 23:31:57", "elapsed": 2.092711, "delta": 0.002952}}
{"target": -1108.588744955409, "params": {"gamma": 8.519605767101668, "lr": 0.8442498595694283}, "datetime": {"datetime": "2024-04-03 23:31:57", "elapsed": 2.095652, "delta": 0.002941}}
{"target": -843.8229799633543, "params": {"gamma": 8.905177817288482, "lr": 0.38184239675576115}, "datetime": {"datetime": "2024-04-03 23:31:57", "elapsed": 2.098593, "delta": 0.002941}}
{"target": -1098.4043607180342, "params": {"gamma": 4.438608178466819, "lr": 0.10158147594616618}, "datetime": {"datetime": "2024-04-03 23:31:57", "elapsed": 2.101705, "delta": 0.003112}}
{"target": -348.54480094348196, "params": {"gamma": 2.25884341738992, "lr": 0.971320469273211}, "datetime": {"datetime": "2024-04-03 23:31:57", "elapsed": 2.104991, "delta": 0.003286}}
{"target": -416.59106706710713, "params": {"gamma": 2.8469550657183857, "lr": 0.9073961422409973}, "datetime": {"datetime": "2024-04-03 23:31:57", "elapsed": 2.108081, "delta": 0.00309}}
{"target": -1286.2295552657529, "params": {"gamma": 8.905632311496733, "lr": 0.9225044972603934}, "datetime": {"datetime": "2024-04-03 23:31:57", "elapsed": 2.111046, "delta": 0.002965}}
{"target": -237.28392888202433, "params": {"gamma": 1.5623394948435068, "lr": 0.8797221435013809}, "datetime": {"datetime": "2024-04-03 23:31:57", "elapsed": 2.113986, "delta": 0.00294}}
{"target": -584.2312199292503, "params": {"gamma": 6.320317509680909, "lr": 0.21062817841880244}, "datetime": {"datetime": "2024-04-03 23:31:57", "elapsed": 2.116994, "delta": 0.003008}}
{"target": -443.6923433023693, "params": {"gamma": 3.4518140318860318, "lr": 0.1599187885892832}, "datetime": {"datetime": "2024-04-03 23:31:57", "elapsed": 2.119926, "delta": 0.002932}}
{"target": -1419.9823269655728, "params": {"gamma": 4.444037226303826, "lr": 0.08377495384546052}, "datetime": {"datetime": "2024-04-03 23:31:57", "elapsed": 2.122889, "delta": 0.002963}}
{"target": -212.50469009602503, "params": {"gamma": 1.654019586311918, "lr": 0.19719634646666928}, "datetime": {"datetime": "2024-04-03 23:31:57", "elapsed": 2.125823, "delta": 0.002934}}
{"target": -687.2182393125233, "params": {"gamma": 6.910582388225486, "lr": 0.573802869165353}, "datetime": {"datetime": "2024-04-03 23:31:57", "elapsed": 2.128769, "delta": 0.002946}}
{"target": -783.8320982719754, "params": {"gamma": 8.733358017233284, "lr": 0.2446340657192081}, "datetime": {"datetime": "2024-04-03 23:31:57", "elapsed": 2.13181, "delta": 0.003041}}
{"target": -2149.960744409503, "params": {"gamma": 6.296449959232413, "lr": 0.034431265307095615}, "datetime": {"datetime": "2024-04-03 23:31:57", "elapsed": 2.134873, "delta": 0.003063}}
{"target": -689.7135679477308, "params": {"gamma": 5.162468412309614, "lr": 0.8632264817138495}, "datetime": {"datetime": "2024-04-03 23:31:57", "elapsed": 2.138184, "delta": 0.003311}}
{"target": -3339.18190315349, "params": {"gamma": 9.841281312305282, "lr": 0.009872975358918512}, "datetime": {"datetime": "2024-04-03 23:31:57", "elapsed": 2.14138, "delta": 0.003196}}
{"target": -243.44271849495934, "params": {"gamma": 2.5291619792860742, "lr": 0.22384967032752534}, "datetime": {"datetime": "2024-04-03 23:31:57", "elapsed": 2.144358, "delta": 0.002978}}
{"target": -228.1866677766165, "params": {"gamma": 0.4763284046833772, "lr": 0.010172456261775653}, "datetime": {"datetime": "2024-04-03 23:31:57", "elapsed": 2.147354, "delta": 0.002996}}
{"target": -1682.4954006138246, "params": {"gamma": 4.902462927130074, "lr": 0.04548214567029407}, "datetime": {"datetime": "2024-04-03 23:31:57", "elapsed": 2.15032, "delta": 0.002966}}
{"target": -306.7706105898987, "params": {"gamma": 2.784002980338173, "lr": 0.6399745691089123}, "datetime": {"datetime": "2024-04-03 23:31:57", "elapsed": 2.153286, "delta": 0.002966}}
{"target": -239.57597593468677, "params": {"gamma": 2.9476257235674814, "lr": 0.26965470115905144}, "datetime": {"datetime": "2024-04-03 23:31:57", "elapsed": 2.156333, "delta": 0.003047}}
{"target": -563.8153300869104, "params": {"gamma": 5.905874675913428, "lr": 0.38053407720964005}, "datetime": {"datetime": "2024-04-03 23:31:57", "elapsed": 2.159305, "delta": 0.002972}}
{"target": -638.9126463449895, "params": {"gamma": 7.025527816580048, "lr": 0.4961239512498611}, "datetime": {"datetime": "2024-04-03 23:31:57", "elapsed": 2.162277, "delta": 0.002972}}
{"target": -563.0419062936036, "params": {"gamma": 6.33245944879897, "lr": 0.3533943470016294}, "datetime": {"datetime": "2024-04-03 23:31:57", "elapsed": 2.16539, "delta": 0.003113}}
{"target": -527.5878190387864, "params": {"gamma": 2.871152417608931, "lr": 0.13320711375110195}, "datetime": {"datetime": "2024-04-03 23:31:57", "elapsed": 2.168473, "delta": 0.003083}}
{"target": -1219.6753147185766, "params": {"gamma": 9.370866767604843, "lr": 0.8048358460157946}, "datetime": {"datetime": "2024-04-03 23:31:57", "elapsed": 2.171875, "delta": 0.003402}}
{"target": -1047.2538677466166, "params": {"gamma": 9.380347403020368, "lr": 0.1853805246478023}, "datetime": {"datetime": "2024-04-03 23:31:57", "elapsed": 2.175095, "delta": 0.00322}}
{"target": -1346.692778940978, "params": {"gamma": 9.331624472469432, "lr": 0.9357532076921331}, "datetime": {"datetime": "2024-04-03 23:31:57", "elapsed": 2.178069, "delta": 0.002974}}
{"target": -231.59948945127266, "params": {"gamma": 2.8361615915229414, "lr": 0.27463424842386297}, "datetime": {"datetime": "2024-04-03 23:31:57", "elapsed": 2.181041, "delta": 0.002972}}
{"target": -624.1864953916482, "params": {"gamma": 5.514764305160052, "lr": 0.18528923936855235}, "datetime": {"datetime": "2024-04-03 23:31:57", "elapsed": 2.184032, "delta": 0.002991}}
{"target": -504.9178522650191, "params": {"gamma": 4.421569005157032, "lr": 0.1853176459376844}, "datetime": {"datetime": "2024-04-03 23:31:57", "elapsed": 2.18701, "delta": 0.002978}}
{"target": -857.7272897016505, "params": {"gamma": 9.473811803621638, "lr": 0.4938246574910856}, "datetime": {"datetime": "2024-04-03 23:31:57", "elapsed": 2.19012, "delta": 0.00311}}
{"target": -1015.014401281082, "params": {"gamma": 9.639213756472554, "lr": 0.6449416725122118}, "datetime": {"datetime": "2024-04-03 23:31:57", "elapsed": 2.193111, "delta": 0.002991}}
{"target": -710.5034864661282, "params": {"gamma": 4.843673414550824, "lr": 0.9676952459611975}, "datetime": {"datetime": "2024-04-03 23:31:57", "elapsed": 2.196236, "delta": 0.003125}}
{"target": -177.88795084089847, "params": {"gamma": 1.4327546273059197, "lr": 0.6323298746664966}, "datetime": {"datetime": "2024-04-03 23:31:57", "elapsed": 2.199332, "delta": 0.003096}}
{"target": -569.6002613987046, "params": {"gamma": 6.6192217900001395, "lr": 0.43383982715272595}, "datetime": {"datetime": "2024-04-03 23:31:57", "elapsed": 2.202478, "delta": 0.003146}}
{"target": -112.77223316404215, "params": {"gamma": 0.594512896164236, "lr": 0.4927226011660333}, "datetime": {"datetime": "2024-04-03 23:31:57", "elapsed": 2.205848, "delta": 0.00337}}
{"target": -616.8040207229541, "params": {"gamma": 4.651874301237257, "lr": 0.8067468107748635}, "datetime": {"datetime": "2024-04-03 23:31:57", "elapsed": 2.208881, "delta": 0.003033}}
{"target": -256.7895857199426, "params": {"gamma": 2.5673532385398095, "lr": 0.3914303629842686}, "datetime": {"datetime": "2024-04-03 23:31:57", "elapsed": 2.211874, "delta": 0.002993}}
{"target": -294.3549042891314, "params": {"gamma": 2.402481900006551, "lr": 0.6864434151723641}, "datetime": {"datetime": "2024-04-03 23:31:57", "elapsed": 2.214888, "delta": 0.003014}}
{"target": -1130.2583698836245, "params": {"gamma": 9.898844649917818, "lr": 0.1774295368682619}, "datetime": {"datetime": "2024-04-03 23:31:57", "elapsed": 2.217861, "delta": 0.002973}}
{"target": -738.2030229991885, "params": {"gamma": 8.214645955522746, "lr": 0.2309885592816333}, "datetime": {"datetime": "2024-04-03 23:31:57", "elapsed": 2.22083, "delta": 0.002969}}
{"target": -159.25819352921553, "params": {"gamma": 0.5807001579142975, "lr": 0.13881651804567363}, "datetime": {"datetime": "2024-04-03 23:31:57", "elapsed": 2.223812, "delta": 0.002982}}
{"target": -1245.9671395152093, "params": {"gamma": 9.351596002308344, "lr": 0.8885421033562281}, "datetime": {"datetime": "2024-04-03 23:31:57", "elapsed": 2.226781, "delta": 0.002969}}
{"target": -436.33816254490296, "params": {"gamma": 2.893315694333617, "lr": 0.9477640661016069}, "datetime": {"datetime": "2024-04-03 23:31:57", "elapsed": 2.229777, "delta": 0.002996}}
{"target": -728.116986740561, "params": {"gamma": 8.499455421778958, "lr": 0.4346547940716735}, "datetime": {"datetime": "2024-04-03 23:31:57", "elapsed": 2.232964, "delta": 0.003187}}
{"target": -500.4149908060346, "params": {"gamma": 4.681027499109862, "lr": 0.6298530215834227}, "datetime": {"datetime": "2024-04-03 23:31:57", "elapsed": 2.236349, "delta": 0.003385}}
{"target": -575.7249974938585, "params": {"gamma": 1.581160317803163, "lr": 0.014782086742092915}, "datetime": {"datetime": "2024-04-03 23:31:57", "elapsed": 2.239745, "delta": 0.003396}}
{"target": -931.1666201086147, "params": {"gamma": 2.655854662706386, "lr": 0.015443631942760883}, "datetime": {"datetime": "2024-04-03 23:31:57", "elapsed": 2.242834, "delta": 0.003089}}
{"target": -683.188514662887, "params": {"gamma": 6.745313942778413, "lr": 0.5514688358127765}, "datetime": {"datetime": "2024-04-03 23:31:57", "elapsed": 2.245851, "delta": 0.003017}}
{"target": -409.35765568759285, "params": {"gamma": 3.2171598078821737, "lr": 0.7802023371197586}, "datetime": {"datetime": "2024-04-03 23:31:57", "elapsed": 2.248984, "delta": 0.003133}}
{"target": -160.2286475738608, "params": {"gamma": 1.4587085267165556, "lr": 0.2448806387618836}, "datetime": {"datetime": "2024-04-03 23:31:57", "elapsed": 2.252106, "delta": 0.003122}}
{"target": -343.23664232302366, "params": {"gamma": 2.923845306630798, "lr": 0.19593194649899215}, "datetime": {"datetime": "2024-04-03 23:31:57", "elapsed": 2.255196, "delta": 0.00309}}
{"target": -159.69279947137855, "params": {"gamma": 0.8802988990222627, "lr": 0.8699761802716075}, "datetime": {"datetime": "2024-04-03 23:31:57", "elapsed": 2.258225, "delta": 0.003029}}
{"target": -142.5515026181137, "params": {"gamma": 0.8827982670695292, "lr": 0.6837103358216379}, "datetime": {"datetime": "2024-04-03 23:31:57", "elapsed": 2.261228, "delta": 0.003003}}
{"target": -453.18287292685704, "params": {"gamma": 1.204888367700376, "lr": 0.010699003144174157}, "datetime": {"datetime": "2024-04-03 23:31:58", "elapsed": 2.264334, "delta": 0.003106}}
{"target": -789.321103657765, "params": {"gamma": 5.573125032519063, "lr": 0.9071090552203707}, "datetime": {"datetime": "2024-04-03 23:31:58", "elapsed": 2.267483, "delta": 0.003149}}
{"target": -760.4824563445865, "params": {"gamma": 8.604706216701516, "lr": 0.33845138411825004}, "datetime": {"datetime": "2024-04-03 23:31:58", "elapsed": 2.27086, "delta": 0.003377}}
{"target": -121.82919943402047, "params": {"gamma": 0.27256113442929636, "lr": 0.8008593551300331}, "datetime": {"datetime": "2024-04-03 23:31:58", "elapsed": 2.274224, "delta": 0.003364}}
{"target": -1062.8038697257666, "params": {"gamma": 8.06004333796437, "lr": 0.8684881163027721}, "datetime": {"datetime": "2024-04-03 23:31:58", "elapsed": 2.277289, "delta": 0.003065}}
{"target": -877.7010838141916, "params": {"gamma": 6.696796352155456, "lr": 0.8077788623150765}, "datetime": {"datetime": "2024-04-03 23:31:58", "elapsed": 2.280401, "delta": 0.003112}}
{"target": -813.1255620495266, "params": {"gamma": 8.9750853247459, "lr": 0.4538299504900123}, "datetime": {"datetime": "2024-04-03 23:31:58", "elapsed": 2.283528, "delta": 0.003127}}
{"target": -571.564827591859, "params": {"gamma": 5.578695211845391, "lr": 0.5061311288282347}, "datetime": {"datetime": "2024-04-03 23:31:58", "elapsed": 2.286623, "delta": 0.003095}}
{"target": -800.1888878215314, "params": {"gamma": 6.920147061337664, "lr": 0.6829068676298748}, "datetime": {"datetime": "2024-04-03 23:31:58", "elapsed": 2.28966, "delta": 0.003037}}
{"target": -692.2898725829707, "params": {"gamma": 5.203616044997302, "lr": 0.8284681480854713}, "datetime": {"datetime": "2024-04-03 23:31:58", "elapsed": 2.292779, "delta": 0.003119}}
{"target": -673.6211899664132, "params": {"gamma": 5.058288088511875, "lr": 0.8248585623852319}, "datetime": {"datetime": "2024-04-03 23:31:58", "elapsed": 2.295919, "delta": 0.00314}}
{"target": -337.180263648758, "params": {"gamma": 2.8191690363442863, "lr": 0.17849483297748825}, "datetime": {"datetime": "2024-04-03 23:31:58", "elapsed": 2.299129, "delta": 0.00321}}
{"target": -1188.1626823104011, "params": {"gamma": 9.698735832876796, "lr": 0.7419395254560768}, "datetime": {"datetime": "2024-04-03 23:31:58", "elapsed": 2.302355, "delta": 0.003226}}
{"target": -272.06228888692107, "params": {"gamma": 2.598657141350841, "lr": 0.5812353422911717}, "datetime": {"datetime": "2024-04-03 23:31:58", "elapsed": 2.305762, "delta": 0.003407}}
{"target": -3242.352587284452, "params": {"gamma": 9.55266727312833, "lr": 0.0807539078120788}, "datetime": {"datetime": "2024-04-03 23:31:58", "elapsed": 2.308895, "delta": 0.003133}}
{"target": -133.39639629497154, "params": {"gamma": 0.8362585364103492, "lr": 0.6191348314199072}, "datetime": {"datetime": "2024-04-03 23:31:58", "elapsed": 2.312046, "delta": 0.003151}}
{"target": -291.51713908243386, "params": {"gamma": 2.245710294880741, "lr": 0.7651839567335081}, "datetime": {"datetime": "2024-04-03 23:31:58", "elapsed": 2.315229, "delta": 0.003183}}
{"target": -603.9685762458064, "params": {"gamma": 5.681957276948102, "lr": 0.6661880902234952}, "datetime": {"datetime": "2024-04-03 23:31:58", "elapsed": 2.318311, "delta": 0.003082}}
{"target": -386.2944587912901, "params": {"gamma": 1.0790311940451294, "lr": 0.08428305143655679}, "datetime": {"datetime": "2024-04-03 23:31:58", "elapsed": 2.321389, "delta": 0.003078}}
{"target": -544.9149096040444, "params": {"gamma": 6.251585561986592, "lr": 0.4097312611340205}, "datetime": {"datetime": "2024-04-03 23:31:58", "elapsed": 2.324556, "delta": 0.003167}}
{"target": -120.84682311147026, "params": {"gamma": 0.8734379861959459, "lr": 0.3710639450161891}, "datetime": {"datetime": "2024-04-03 23:31:58", "elapsed": 2.327745, "delta": 0.003189}}
{"target": -756.2005068523617, "params": {"gamma": 6.72177195215883, "lr": 0.1895874001915857}, "datetime": {"datetime": "2024-04-03 23:31:58", "elapsed": 2.330871, "delta": 0.003126}}
{"target": -1293.5762128633228, "params": {"gamma": 8.957395356178512, "lr": 0.9498463888800873}, "datetime": {"datetime": "2024-04-03 23:31:58", "elapsed": 2.334085, "delta": 0.003214}}
{"target": -1178.167059680933, "params": {"gamma": 9.615763851802903, "lr": 0.7300825577402602}, "datetime": {"datetime": "2024-04-03 23:31:58", "elapsed": 2.337474, "delta": 0.003389}}
{"target": -510.5738292254195, "params": {"gamma": 4.063477988455463, "lr": 0.7437491963512196}, "datetime": {"datetime": "2024-04-03 23:31:58", "elapsed": 2.340822, "delta": 0.003348}}
{"target": -246.77741744157933, "params": {"gamma": 2.8805808058682407, "lr": 0.3144172223907462}, "datetime": {"datetime": "2024-04-03 23:31:58", "elapsed": 2.343968, "delta": 0.003146}}
{"target": -604.4026630723969, "params": {"gamma": 6.059357715817362, "lr": 0.5948471334079176}, "datetime": {"datetime": "2024-04-03 23:31:58", "elapsed": 2.346967, "delta": 0.002999}}
{"target": -671.9474866174304, "params": {"gamma": 8.786731102181795, "lr": 0.25460075566057694}, "datetime": {"datetime": "2024-04-03 23:31:58", "elapsed": 2.35001, "delta": 0.003043}}
{"target": -1109.7770433282567, "params": {"gamma": 7.662117463663015, "lr": 0.9410132668189013}, "datetime": {"datetime": "2024-04-03 23:31:58", "elapsed": 2.353003, "delta": 0.002993}}
{"target": -142.4839846773085, "params": {"gamma": 0.011328293644688577, "lr": 0.47608911800210485}, "datetime": {"datetime": "2024-04-03 23:31:58", "elapsed": 2.35602, "delta": 0.003017}}
{"target": -860.3834616278209, "params": {"gamma": 6.570746249918269, "lr": 0.8433232139195225}, "datetime": {"datetime": "2024-04-03 23:31:58", "elapsed": 2.35903, "delta": 0.00301}}
{"target": -264.62797098416235, "params": {"gamma": 1.8382103793481412, "lr": 0.8561592379873718}, "datetime": {"datetime": "2024-04-03 23:31:58", "elapsed": 2.362061, "delta": 0.003031}}
{"target": -504.3292697746279, "params": {"gamma": 3.6442904330904224, "lr": 0.8922739292761724}, "datetime": {"datetime": "2024-04-03 23:31:58", "elapsed": 2.365078, "delta": 0.003017}}
{"target": -173.85495149861018, "params": {"gamma": 0.2780896894835276, "lr": 0.08539013912317062}, "datetime": {"datetime": "2024-04-03 23:31:58", "elapsed": 2.368147, "delta": 0.003069}}
{"target": -1062.6272980077126, "params": {"gamma": 9.81412324707537, "lr": 0.6095019257734966}, "datetime": {"datetime": "2024-04-03 23:31:58", "elapsed": 2.371531, "delta": 0.003384}}
{"target": -487.4029588846636, "params": {"gamma": 4.176905835795019, "lr": 0.16921418469369054}, "datetime": {"datetime": "2024-04-03 23:31:58", "elapsed": 2.374773, "delta": 0.003242}}
{"target": -2218.0244225804486, "params": {"gamma": 6.499361629743811, "lr": 0.03697506835935782}, "datetime": {"datetime": "2024-04-03 23:31:58", "elapsed": 2.377775, "delta": 0.003002}}
{"target": -264.92215830304684, "params": {"gamma": 3.116827520693586, "lr": 0.32347919698907535}, "datetime": {"datetime": "2024-04-03 23:31:58", "elapsed": 2.380772, "delta": 0.002997}}
{"target": -644.7004611408372, "params": {"gamma": 6.074811493252022, "lr": 0.6508312566756971}, "datetime": {"datetime": "2024-04-03 23:31:58", "elapsed": 2.383809, "delta": 0.003037}}
{"target": -1223.0853590449756, "params": {"gamma": 8.460699937765456, "lr": 0.9275809425975434}, "datetime": {"datetime": "2024-04-03 23:31:58", "elapsed": 2.38707, "delta": 0.003261}}
{"target": -657.4687128305235, "params": {"gamma": 6.604916818383386, "lr": 0.5781739184085382}, "datetime": {"datetime": "2024-04-03 23:31:58", "elapsed": 2.390209, "delta": 0.003139}}
{"target": -589.7457641515672, "params": {"gamma": 3.987756720746455, "lr": 0.966612492642142}, "datetime": {"datetime": "2024-04-03 23:31:58", "elapsed": 2.393291, "delta": 0.003082}}
{"target": -236.04438410758104, "params": {"gamma": 1.541637639151742, "lr": 0.8950868086486484}, "datetime": {"datetime": "2024-04-03 23:31:58", "elapsed": 2.396449, "delta": 0.003158}}
{"target": -325.8506707781959, "params": {"gamma": 3.1108196657805305, "lr": 0.548489089666104}, "datetime": {"datetime": "2024-04-03 23:31:58", "elapsed": 2.399604, "delta": 0.003155}}
{"target": -615.6574984684122, "params": {"gamma": 6.8209805180697165, "lr": 0.23646965132615538}, "datetime": {"datetime": "2024-04-03 23:31:58", "elapsed": 2.402794, "delta": 0.00319}}
{"target": -192.72133535936436, "params": {"gamma": 1.678199113817666, "lr": 0.508482013429616}, "datetime": {"datetime": "2024-04-03 23:31:58", "elapsed": 2.406219, "delta": 0.003425}}
{"target": -912.9591318794919, "params": {"gamma": 7.918846891971133, "lr": 0.6924144621670756}, "datetime": {"datetime": "2024-04-03 23:31:58", "elapsed": 2.409323, "delta": 0.003104}}
{"target": -200.95719263269825, "params": {"gamma": 1.1906143983929753, "lr": 0.900742215071733}, "datetime": {"datetime": "2024-04-03 23:31:58", "elapsed": 2.412465, "delta": 0.003142}}
