{"target": -717.5198444034305, "params": {"gamma": 4.676032980600331, "lr": 0.6669425431939752}, "datetime": {"datetime": "2024-03-29 22:13:29", "elapsed": 4.589279, "delta": 0.007978}}
{"target": -594.2105602530279, "params": {"gamma": 4.534320887795462, "lr": 0.5257115913414097}, "datetime": {"datetime": "2024-03-29 22:13:29", "elapsed": 4.595259, "delta": 0.00598}}
{"target": -1208.443936546732, "params": {"gamma": 6.586021847542061, "lr": 0.18119538195386165}, "datetime": {"datetime": "2024-03-29 22:13:29", "elapsed": 4.601242, "delta": 0.005983}}
{"target": -1079.8118096630842, "params": {"gamma": 7.8807074621719, "lr": 0.6028653375383973}, "datetime": {"datetime": "2024-03-29 22:13:29", "elapsed": 4.609223, "delta": 0.007981}}
{"target": -1283.321997335578, "params": {"gamma": 9.80334851848814, "lr": 0.22238319353117575}, "datetime": {"datetime": "2024-03-29 22:13:29", "elapsed": 4.618197, "delta": 0.008974}}
{"target": -897.4514519532171, "params": {"gamma": 4.663198475191569, "lr": 0.8956418025994466}, "datetime": {"datetime": "2024-03-29 22:13:29", "elapsed": 4.62418, "delta": 0.005983}}
{"target": -904.8696038037726, "params": {"gamma": 6.014732663578183, "lr": 0.725958845848815}, "datetime": {"datetime": "2024-03-29 22:13:29", "elapsed": 4.629166, "delta": 0.004986}}
{"target": -637.8483311782451, "params": {"gamma": 4.137287971849402, "lr": 0.6843096218313198}, "datetime": {"datetime": "2024-03-29 22:13:29", "elapsed": 4.633156, "delta": 0.00399}}
{"target": -1358.1052431768069, "params": {"gamma": 9.460604243445784, "lr": 0.20018606573932207}, "datetime": {"datetime": "2024-03-29 22:13:29", "elapsed": 4.637145, "delta": 0.003989}}
{"target": -1597.8613253520034, "params": {"gamma": 8.073845273509328, "lr": 0.9695380120998964}, "datetime": {"datetime": "2024-03-29 22:13:29", "elapsed": 4.642131, "delta": 0.004986}}
{"target": -135.61022311445225, "params": {"gamma": 0.146672748901554, "lr": 0.21520958659442757}, "datetime": {"datetime": "2024-03-29 22:13:29", "elapsed": 4.64612, "delta": 0.003989}}
{"target": -236.16561617764677, "params": {"gamma": 1.1746518262109842, "lr": 0.7674235177414532}, "datetime": {"datetime": "2024-03-29 22:13:29", "elapsed": 4.650109, "delta": 0.003989}}
{"target": -208.04524094774632, "params": {"gamma": 0.8130846428413901, "lr": 0.9984135585909075}, "datetime": {"datetime": "2024-03-29 22:13:29", "elapsed": 4.655096, "delta": 0.004987}}
{"target": -753.1231298696208, "params": {"gamma": 3.8967305467771722, "lr": 0.9052027659330404}, "datetime": {"datetime": "2024-03-29 22:13:29", "elapsed": 4.659085, "delta": 0.003989}}
{"target": -239.29727624290211, "params": {"gamma": 1.886587457391179, "lr": 0.44087219982229087}, "datetime": {"datetime": "2024-03-29 22:13:29", "elapsed": 4.664071, "delta": 0.004986}}
{"target": -1131.9700015558412, "params": {"gamma": 8.448273378243028, "lr": 0.5952697806732562}, "datetime": {"datetime": "2024-03-29 22:13:29", "elapsed": 4.668061, "delta": 0.00399}}
{"target": -605.1647466588033, "params": {"gamma": 4.6221188088168805, "lr": 0.5126497467571176}, "datetime": {"datetime": "2024-03-29 22:13:29", "elapsed": 4.673047, "delta": 0.004986}}
{"target": -644.6030035418545, "params": {"gamma": 5.739281383396582, "lr": 0.4403192075855932}, "datetime": {"datetime": "2024-03-29 22:13:29", "elapsed": 4.677037, "delta": 0.00399}}
{"target": -523.6371650475896, "params": {"gamma": 1.936396018280381, "lr": 0.11396576145918635}, "datetime": {"datetime": "2024-03-29 22:13:29", "elapsed": 4.681026, "delta": 0.003989}}
{"target": -561.297728237196, "params": {"gamma": 1.5131280457741099, "lr": 0.0524909638531339}, "datetime": {"datetime": "2024-03-29 22:13:29", "elapsed": 4.686012, "delta": 0.004986}}
{"target": -1039.6818142825205, "params": {"gamma": 5.587205434225252, "lr": 0.8477210140360106}, "datetime": {"datetime": "2024-03-29 22:13:29", "elapsed": 4.690002, "delta": 0.00399}}
{"target": -1305.7259461116323, "params": {"gamma": 3.5918342699021832, "lr": 0.07531087263581782}, "datetime": {"datetime": "2024-03-29 22:13:29", "elapsed": 4.693991, "delta": 0.003989}}
{"target": -596.0469569954478, "params": {"gamma": 4.257818395439178, "lr": 0.6020078384720013}, "datetime": {"datetime": "2024-03-29 22:13:29", "elapsed": 4.698978, "delta": 0.004987}}
{"target": -757.508512436962, "params": {"gamma": 4.254609252290801, "lr": 0.81072123360737}, "datetime": {"datetime": "2024-03-29 22:13:29", "elapsed": 4.702967, "delta": 0.003989}}
{"target": -1771.420538173217, "params": {"gamma": 9.418920575620866, "lr": 0.8699107732683544}, "datetime": {"datetime": "2024-03-29 22:13:29", "elapsed": 4.706956, "delta": 0.003989}}
{"target": -771.8296295620936, "params": {"gamma": 7.040290983300606, "lr": 0.4702989247821753}, "datetime": {"datetime": "2024-03-29 22:13:29", "elapsed": 4.710945, "delta": 0.003989}}
{"target": -2474.3735319132115, "params": {"gamma": 6.827297730989611, "lr": 0.013418310556529534}, "datetime": {"datetime": "2024-03-29 22:13:29", "elapsed": 4.715931, "delta": 0.004986}}
{"target": -1791.3468994916332, "params": {"gamma": 9.824798706901937, "lr": 0.17207733182889595}, "datetime": {"datetime": "2024-03-29 22:13:29", "elapsed": 4.719922, "delta": 0.003991}}
{"target": -1588.0176809107315, "params": {"gamma": 9.062697699220857, "lr": 0.8071099016661061}, "datetime": {"datetime": "2024-03-29 22:13:29", "elapsed": 4.724909, "delta": 0.004987}}
{"target": -1088.9226852605743, "params": {"gamma": 8.00159670418549, "lr": 0.2689360577850649}, "datetime": {"datetime": "2024-03-29 22:13:29", "elapsed": 4.728897, "delta": 0.003988}}
{"target": -269.46202535997026, "params": {"gamma": 2.1923189037668234, "lr": 0.42880069291408873}, "datetime": {"datetime": "2024-03-29 22:13:29", "elapsed": 4.732886, "delta": 0.003989}}
{"target": -894.4414231682523, "params": {"gamma": 8.493861636205818, "lr": 0.45037964247172024}, "datetime": {"datetime": "2024-03-29 22:13:29", "elapsed": 4.737872, "delta": 0.004986}}
{"target": -1025.7721939534683, "params": {"gamma": 9.354265719956611, "lr": 0.352679327251738}, "datetime": {"datetime": "2024-03-29 22:13:29", "elapsed": 4.741862, "delta": 0.00399}}
{"target": -1229.7465490248592, "params": {"gamma": 6.194302264801901, "lr": 0.9806990363557802}, "datetime": {"datetime": "2024-03-29 22:13:29", "elapsed": 4.745851, "delta": 0.003989}}
{"target": -2332.574859852355, "params": {"gamma": 6.434981759885809, "lr": 0.04549821604060378}, "datetime": {"datetime": "2024-03-29 22:13:29", "elapsed": 4.750837, "delta": 0.004986}}
{"target": -519.7917608558895, "params": {"gamma": 4.636107352426167, "lr": 0.3347513437136638}, "datetime": {"datetime": "2024-03-29 22:13:29", "elapsed": 4.757818, "delta": 0.006981}}
{"target": -725.0014582899109, "params": {"gamma": 5.322283303668225, "lr": 0.2847462086131314}, "datetime": {"datetime": "2024-03-29 22:13:29", "elapsed": 4.763802, "delta": 0.005984}}
{"target": -223.62661358021683, "params": {"gamma": 1.223490041069798, "lr": 0.6682889887508018}, "datetime": {"datetime": "2024-03-29 22:13:29", "elapsed": 4.769329, "delta": 0.005527}}
{"target": -1287.1701472908594, "params": {"gamma": 6.8139161891581725, "lr": 0.8671392999990885}, "datetime": {"datetime": "2024-03-29 22:13:29", "elapsed": 4.773318, "delta": 0.003989}}
{"target": -257.7986769294771, "params": {"gamma": 1.3246825541338114, "lr": 0.798620308278031}, "datetime": {"datetime": "2024-03-29 22:13:29", "elapsed": 4.778305, "delta": 0.004987}}
{"target": -1160.5850119725444, "params": {"gamma": 8.267860615312884, "lr": 0.6465499357511519}, "datetime": {"datetime": "2024-03-29 22:13:29", "elapsed": 4.78429, "delta": 0.005985}}
{"target": -300.05729692197536, "params": {"gamma": 2.0500165356605575, "lr": 0.2614207144058379}, "datetime": {"datetime": "2024-03-29 22:13:29", "elapsed": 4.788279, "delta": 0.003989}}
{"target": -550.7670853136125, "params": {"gamma": 4.185549678574218, "lr": 0.5417990727827313}, "datetime": {"datetime": "2024-03-29 22:13:29", "elapsed": 4.793265, "delta": 0.004986}}
{"target": -532.0430519322141, "params": {"gamma": 4.774902117966579, "lr": 0.4674598920453694}, "datetime": {"datetime": "2024-03-29 22:13:29", "elapsed": 4.799249, "delta": 0.005984}}
{"target": -1581.7002941327312, "params": {"gamma": 8.398567261266477, "lr": 0.8701023653075677}, "datetime": {"datetime": "2024-03-29 22:13:29", "elapsed": 4.806232, "delta": 0.006983}}
{"target": -1542.1751170386956, "params": {"gamma": 8.16772288980329, "lr": 0.8778014186346996}, "datetime": {"datetime": "2024-03-29 22:13:29", "elapsed": 4.814209, "delta": 0.007977}}
{"target": -1135.0723670570212, "params": {"gamma": 5.710516610608794, "lr": 0.9640361333390818}, "datetime": {"datetime": "2024-03-29 22:13:29", "elapsed": 4.819195, "delta": 0.004986}}
{"target": -837.0190786996357, "params": {"gamma": 6.065836938156427, "lr": 0.6039477410796814}, "datetime": {"datetime": "2024-03-29 22:13:29", "elapsed": 4.824181, "delta": 0.004986}}
{"target": -499.17965614848555, "params": {"gamma": 3.193658073009114, "lr": 0.681204184117019}, "datetime": {"datetime": "2024-03-29 22:13:29", "elapsed": 4.828171, "delta": 0.00399}}
{"target": -185.74067868737686, "params": {"gamma": 0.5206049193651046, "lr": 0.13454642101194225}, "datetime": {"datetime": "2024-03-29 22:13:29", "elapsed": 4.83216, "delta": 0.003989}}
{"target": -223.3011473030985, "params": {"gamma": 1.303291433560078, "lr": 0.6552012872247357}, "datetime": {"datetime": "2024-03-29 22:13:29", "elapsed": 4.836149, "delta": 0.003989}}
{"target": -221.69768484282716, "params": {"gamma": 1.7541505851216117, "lr": 0.3411468232515472}, "datetime": {"datetime": "2024-03-29 22:13:29", "elapsed": 4.841136, "delta": 0.004987}}
{"target": -137.2936205016299, "params": {"gamma": 0.44407224667521283, "lr": 0.2337343601165106}, "datetime": {"datetime": "2024-03-29 22:13:29", "elapsed": 4.847127, "delta": 0.005991}}
{"target": -1235.8530326457883, "params": {"gamma": 9.642279024168092, "lr": 0.5091394025163677}, "datetime": {"datetime": "2024-03-29 22:13:29", "elapsed": 4.854104, "delta": 0.006977}}
{"target": -229.84165459830854, "params": {"gamma": 1.5115941101958479, "lr": 0.5230085317344643}, "datetime": {"datetime": "2024-03-29 22:13:29", "elapsed": 4.860086, "delta": 0.005982}}
{"target": -1774.438494397673, "params": {"gamma": 9.435150329726897, "lr": 0.865686014006334}, "datetime": {"datetime": "2024-03-29 22:13:29", "elapsed": 4.86607, "delta": 0.005984}}
{"target": -539.7850410696841, "params": {"gamma": 3.9212666234349385, "lr": 0.28386751597340265}, "datetime": {"datetime": "2024-03-29 22:13:29", "elapsed": 4.873055, "delta": 0.006985}}
{"target": -1002.5084721599536, "params": {"gamma": 7.617536897064726, "lr": 0.2404843248030878}, "datetime": {"datetime": "2024-03-29 22:13:29", "elapsed": 4.883025, "delta": 0.00997}}
{"target": -868.5965019492448, "params": {"gamma": 2.5430693142188665, "lr": 0.08408635417992949}, "datetime": {"datetime": "2024-03-29 22:13:29", "elapsed": 4.890004, "delta": 0.006979}}
{"target": -909.5634854967578, "params": {"gamma": 8.641576803545505, "lr": 0.44789891562027984}, "datetime": {"datetime": "2024-03-29 22:13:29", "elapsed": 4.896985, "delta": 0.006981}}
{"target": -880.6848746869001, "params": {"gamma": 5.618300819839127, "lr": 0.7367109576935199}, "datetime": {"datetime": "2024-03-29 22:13:29", "elapsed": 4.900974, "delta": 0.003989}}
{"target": -840.3234001535174, "params": {"gamma": 7.965092182444826, "lr": 0.44750813899031383}, "datetime": {"datetime": "2024-03-29 22:13:29", "elapsed": 4.90596, "delta": 0.004986}}
{"target": -349.2183496925629, "params": {"gamma": 1.8420914342018075, "lr": 0.8287328515283018}, "datetime": {"datetime": "2024-03-29 22:13:29", "elapsed": 4.90995, "delta": 0.00399}}
{"target": -145.64244687054563, "params": {"gamma": 0.3109486003227299, "lr": 0.9467282696079524}, "datetime": {"datetime": "2024-03-29 22:13:29", "elapsed": 4.913939, "delta": 0.003989}}
{"target": -142.09517201478903, "params": {"gamma": 0.001, "lr": 0.0}, "datetime": {"datetime": "2024-03-29 22:13:34", "elapsed": 9.513371, "delta": 4.599432}}
{"target": -140.9053457278438, "params": {"gamma": 0.03627088976598387, "lr": 0.1424044178209134}, "datetime": {"datetime": "2024-03-29 22:13:45", "elapsed": 20.607923, "delta": 11.094552}}
{"target": -261.06740723335906, "params": {"gamma": 0.9840219362348944, "lr": 1.0}, "datetime": {"datetime": "2024-03-29 22:13:51", "elapsed": 26.624238, "delta": 6.016315}}
{"target": -444.02125354377307, "params": {"gamma": 3.3187952452018448, "lr": 0.32115556716652877}, "datetime": {"datetime": "2024-03-29 22:13:58", "elapsed": 33.875938, "delta": 7.2517}}
{"target": -482.6318911060273, "params": {"gamma": 3.6312712779120773, "lr": 0.3133956599188854}, "datetime": {"datetime": "2024-03-29 22:14:04", "elapsed": 39.822495, "delta": 5.946557}}
{"target": -312.05159776678613, "params": {"gamma": 1.4285439913571079, "lr": 0.9981890057882756}, "datetime": {"datetime": "2024-03-29 22:14:11", "elapsed": 46.355047, "delta": 6.532552}}
{"target": -158.04243844595766, "params": {"gamma": 0.6864088122570653, "lr": 0.6294611736674084}, "datetime": {"datetime": "2024-03-29 22:14:16", "elapsed": 52.03532, "delta": 5.680273}}
{"target": -349.9410349335317, "params": {"gamma": 1.6380465426115112, "lr": 0.9989729317783835}, "datetime": {"datetime": "2024-03-29 22:14:23", "elapsed": 58.792586, "delta": 6.757266}}
{"target": -839.0212037160968, "params": {"gamma": 5.532459911594318, "lr": 0.7020481994531945}, "datetime": {"datetime": "2024-03-29 22:14:26", "elapsed": 61.886243, "delta": 3.093657}}
{"target": -193.1334412125659, "params": {"gamma": 1.4853000029868202, "lr": 0.4066836824442297}, "datetime": {"datetime": "2024-03-29 22:14:29", "elapsed": 64.779315, "delta": 2.893072}}
{"target": -141.64883305122297, "params": {"gamma": 0.006672527174674819, "lr": 0.8783293787888261}, "datetime": {"datetime": "2024-03-29 22:14:34", "elapsed": 69.74185, "delta": 4.962535}}
{"target": -142.09517201478903, "params": {"gamma": 0.09476251682829298, "lr": 0.0}, "datetime": {"datetime": "2024-03-29 22:14:42", "elapsed": 77.70615, "delta": 7.9643}}
{"target": -288.89511481231835, "params": {"gamma": 1.7187748652469688, "lr": 0.6743357116969687}, "datetime": {"datetime": "2024-03-29 22:14:49", "elapsed": 84.422455, "delta": 6.716305}}
{"target": -175.82900597742378, "params": {"gamma": 1.171753249343995, "lr": 0.48603989210269416}, "datetime": {"datetime": "2024-03-29 22:14:53", "elapsed": 88.499223, "delta": 4.076768}}
{"target": -158.26684960085743, "params": {"gamma": 0.5164985758106664, "lr": 0.8321543626736038}, "datetime": {"datetime": "2024-03-29 22:14:57", "elapsed": 92.588585, "delta": 4.089362}}
{"target": -178.07617788000488, "params": {"gamma": 1.0096556089391964, "lr": 0.28623649784874183}, "datetime": {"datetime": "2024-03-29 22:15:03", "elapsed": 98.85211, "delta": 6.263525}}
{"target": -169.99672265038126, "params": {"gamma": 0.9138064101409806, "lr": 0.5427364088444493}, "datetime": {"datetime": "2024-03-29 22:15:09", "elapsed": 104.727825, "delta": 5.875715}}
{"target": -142.09517201478903, "params": {"gamma": 1.8076564616933661, "lr": 0.0}, "datetime": {"datetime": "2024-03-29 22:15:18", "elapsed": 114.037799, "delta": 9.309974}}
{"target": -407.40975220580617, "params": {"gamma": 2.195616609602122, "lr": 0.832826239704753}, "datetime": {"datetime": "2024-03-29 22:15:21", "elapsed": 116.862403, "delta": 2.824604}}
{"target": -167.16993327389653, "params": {"gamma": 0.5223226441847193, "lr": 0.9992451595033883}, "datetime": {"datetime": "2024-03-29 22:15:26", "elapsed": 122.15109, "delta": 5.288687}}
{"target": -137.14309727444763, "params": {"gamma": 0.38757542792623895, "lr": 0.5813020448485688}, "datetime": {"datetime": "2024-03-29 22:15:30", "elapsed": 126.09752, "delta": 3.94643}}
{"target": -307.0182975640712, "params": {"gamma": 2.723076732664848, "lr": 0.4116885644096643}, "datetime": {"datetime": "2024-03-29 22:15:39", "elapsed": 135.041548, "delta": 8.944028}}
{"target": -425.18093106949925, "params": {"gamma": 1.7675322034288716, "lr": 1.0}, "datetime": {"datetime": "2024-03-29 22:15:44", "elapsed": 139.467798, "delta": 4.42625}}
{"target": -515.2212467335684, "params": {"gamma": 4.614963540072418, "lr": 0.487979895010642}, "datetime": {"datetime": "2024-03-29 22:15:47", "elapsed": 142.33135, "delta": 2.863552}}
{"target": -175.80498527166696, "params": {"gamma": 1.2715511569428593, "lr": 0.42312837042648044}, "datetime": {"datetime": "2024-03-29 22:15:55", "elapsed": 151.310161, "delta": 8.978811}}
{"target": -137.1582651582055, "params": {"gamma": 0.08778561758026455, "lr": 0.5265649578304672}, "datetime": {"datetime": "2024-03-29 22:16:00", "elapsed": 155.578108, "delta": 4.267947}}
{"target": -238.83869497969454, "params": {"gamma": 1.0457236014229585, "lr": 0.88670851975936}, "datetime": {"datetime": "2024-03-29 22:16:06", "elapsed": 162.013036, "delta": 6.434928}}
{"target": -142.09517201478903, "params": {"gamma": 0.5877006393562761, "lr": 0.0}, "datetime": {"datetime": "2024-03-29 22:16:17", "elapsed": 173.297626, "delta": 11.28459}}
{"target": -404.6997841602942, "params": {"gamma": 3.5562453831450513, "lr": 0.49575026436915537}, "datetime": {"datetime": "2024-03-29 22:16:24", "elapsed": 180.132828, "delta": 6.835202}}
{"target": -137.24227997063363, "params": {"gamma": 0.08521285504545587, "lr": 0.6960350569679731}, "datetime": {"datetime": "2024-03-29 22:16:32", "elapsed": 187.541848, "delta": 7.40902}}
{"target": -169.4769428760252, "params": {"gamma": 0.7586723222934944, "lr": 0.7022942534795548}, "datetime": {"datetime": "2024-03-29 22:16:37", "elapsed": 192.620522, "delta": 5.078674}}
{"target": -368.3176699639857, "params": {"gamma": 1.316840224306755, "lr": 0.11637801453835706}, "datetime": {"datetime": "2024-03-29 22:16:41", "elapsed": 196.751132, "delta": 4.13061}}
{"target": -156.20314564083395, "params": {"gamma": 0.3644321769022757, "lr": 1.0}, "datetime": {"datetime": "2024-03-29 22:16:47", "elapsed": 202.686063, "delta": 5.934931}}
{"target": -136.58297609161085, "params": {"gamma": 0.18480402718902264, "lr": 0.7502587288683276}, "datetime": {"datetime": "2024-03-29 22:16:50", "elapsed": 205.591096, "delta": 2.905033}}
{"target": -141.66940975510946, "params": {"gamma": 0.028619967255479748, "lr": 0.07387217677260705}, "datetime": {"datetime": "2024-03-29 22:16:54", "elapsed": 209.445955, "delta": 3.854859}}
{"target": -142.02329276472346, "params": {"gamma": 0.001, "lr": 0.39061118694332025}, "datetime": {"datetime": "2024-03-29 22:16:59", "elapsed": 215.106452, "delta": 5.660497}}
{"target": -188.59744261229775, "params": {"gamma": 1.0988881363399157, "lr": 0.27937304820435704}, "datetime": {"datetime": "2024-03-29 22:17:05", "elapsed": 220.60613, "delta": 5.499678}}
{"target": -130.2623949707185, "params": {"gamma": 0.37179078288937584, "lr": 0.4288530358614506}, "datetime": {"datetime": "2024-03-29 22:17:10", "elapsed": 226.232332, "delta": 5.626202}}
{"target": -138.53260619445936, "params": {"gamma": 0.07614834092172659, "lr": 0.9269531140850665}, "datetime": {"datetime": "2024-03-29 22:17:17", "elapsed": 232.395744, "delta": 6.163412}}
{"target": -341.8307093517311, "params": {"gamma": 2.899942550995862, "lr": 0.4398613379250894}, "datetime": {"datetime": "2024-03-29 22:17:23", "elapsed": 238.548452, "delta": 6.152708}}
{"target": -196.57740814001983, "params": {"gamma": 0.9677127292027953, "lr": 0.7435087874611713}, "datetime": {"datetime": "2024-03-29 22:17:27", "elapsed": 242.584036, "delta": 4.035584}}
{"target": -141.81860339751225, "params": {"gamma": 0.0037515773093851467, "lr": 0.6870653193450826}, "datetime": {"datetime": "2024-03-29 22:17:33", "elapsed": 248.555029, "delta": 5.970993}}
{"target": -172.9474349952601, "params": {"gamma": 0.3025367590309953, "lr": 0.00021480864700784696}, "datetime": {"datetime": "2024-03-29 22:17:39", "elapsed": 254.51596, "delta": 5.960931}}
{"target": -142.09517201478903, "params": {"gamma": 1.736644971190631, "lr": 0.0}, "datetime": {"datetime": "2024-03-29 22:17:43", "elapsed": 258.956624, "delta": 4.440664}}
{"target": -183.19602663926446, "params": {"gamma": 0.8829820076520609, "lr": 0.6837588415898936}, "datetime": {"datetime": "2024-03-29 22:17:46", "elapsed": 262.009438, "delta": 3.052814}}
{"target": -152.28436000924697, "params": {"gamma": 0.5985228783299872, "lr": 0.6502241986993972}, "datetime": {"datetime": "2024-03-29 22:17:55", "elapsed": 271.327416, "delta": 9.317978}}
{"target": -169.12353943814577, "params": {"gamma": 0.5380699798208082, "lr": 0.9221689273023811}, "datetime": {"datetime": "2024-03-29 22:18:03", "elapsed": 279.190629, "delta": 7.863213}}
{"target": -251.86415606572896, "params": {"gamma": 2.0905912039819854, "lr": 0.3722844217907645}, "datetime": {"datetime": "2024-03-29 22:18:16", "elapsed": 291.520902, "delta": 12.330273}}
{"target": -132.27226944866908, "params": {"gamma": 0.2743202820257651, "lr": 0.44887452612937717}, "datetime": {"datetime": "2024-03-29 22:18:21", "elapsed": 296.656917, "delta": 5.136015}}
{"target": -149.07262519166383, "params": {"gamma": 0.6579554044814724, "lr": 0.2528308700351358}, "datetime": {"datetime": "2024-03-29 22:18:29", "elapsed": 304.458328, "delta": 7.801411}}
{"target": -731.0190190869379, "params": {"gamma": 5.622730859915053, "lr": 0.32794114250738815}, "datetime": {"datetime": "2024-03-29 22:18:32", "elapsed": 307.907887, "delta": 3.449559}}
{"target": -1345.9479259793488, "params": {"gamma": 7.76543352528068, "lr": 0.19624653987318286}, "datetime": {"datetime": "2024-03-29 22:18:35", "elapsed": 311.014499, "delta": 3.106612}}
{"target": -182.2182291618861, "params": {"gamma": 1.0154099552067581, "lr": 0.5493189149424023}, "datetime": {"datetime": "2024-03-29 22:18:43", "elapsed": 318.776463, "delta": 7.761964}}
