{"target": -140.6336097909394, "params": {"gamma": 0.5873010135415065, "lr": 0.9966927026464002}, "datetime": {"datetime": "2024-04-03 23:58:29", "elapsed": 1594.04616, "delta": 4.13351}}
{"target": -115.61343329297401, "params": {"gamma": 0.7680879910446694, "lr": 0.43535081570972745}, "datetime": {"datetime": "2024-04-03 23:58:38", "elapsed": 1602.399235, "delta": 8.353075}}
{"target": -197.77771639786712, "params": {"gamma": 1.918349007214187, "lr": 0.2045848002449986}, "datetime": {"datetime": "2024-04-03 23:58:44", "elapsed": 1609.01624, "delta": 6.617005}}
{"target": -144.4205308352809, "params": {"gamma": 1.4522784311615111, "lr": 0.3224341589374077}, "datetime": {"datetime": "2024-04-03 23:58:50", "elapsed": 1614.99971, "delta": 5.98347}}
{"target": -134.81903915162817, "params": {"gamma": 0.9596164153842581, "lr": 0.581016777862975}, "datetime": {"datetime": "2024-04-03 23:59:03", "elapsed": 1627.554425, "delta": 12.554715}}
{"target": -210.32776323992618, "params": {"gamma": 1.7917627479272678, "lr": 0.6346294202096974}, "datetime": {"datetime": "2024-04-03 23:59:10", "elapsed": 1634.83697, "delta": 7.282545}}
{"target": -1059.2915373452731, "params": {"gamma": 9.268006357410464, "lr": 0.17855850321543354}, "datetime": {"datetime": "2024-04-03 23:59:12", "elapsed": 1637.05962, "delta": 2.22265}}
{"target": -130.67367836834447, "params": {"gamma": 0.5663719490442323, "lr": 0.8508043120608381}, "datetime": {"datetime": "2024-04-03 23:59:20", "elapsed": 1645.19345, "delta": 8.13383}}
{"target": -144.17461355646887, "params": {"gamma": 0.24520374660896144, "lr": 0.0}, "datetime": {"datetime": "2024-04-03 23:59:25", "elapsed": 1649.567947, "delta": 4.374497}}
{"target": -144.01031464925794, "params": {"gamma": 0.001, "lr": 1.0}, "datetime": {"datetime": "2024-04-03 23:59:35", "elapsed": 1659.645739, "delta": 10.077792}}
{"target": -335.31086991807007, "params": {"gamma": 2.5860134197315694, "lr": 0.7964353122652855}, "datetime": {"datetime": "2024-04-03 23:59:37", "elapsed": 1661.836308, "delta": 2.190569}}
{"target": -106.91067039732498, "params": {"gamma": 0.44877575923677515, "lr": 0.28010528747589414}, "datetime": {"datetime": "2024-04-03 23:59:42", "elapsed": 1666.28918, "delta": 4.452872}}
{"target": -137.33745106591826, "params": {"gamma": 0.048096960063467455, "lr": 0.5559558802064744}, "datetime": {"datetime": "2024-04-03 23:59:49", "elapsed": 1673.821141, "delta": 7.531961}}
{"target": -425.7248032119162, "params": {"gamma": 4.419967450756329, "lr": 0.39759681941633995}, "datetime": {"datetime": "2024-04-03 23:59:54", "elapsed": 1678.449681, "delta": 4.62854}}
{"target": -960.3334383856068, "params": {"gamma": 9.113251689010701, "lr": 0.6630496211295096}, "datetime": {"datetime": "2024-04-03 23:59:56", "elapsed": 1680.69886, "delta": 2.249179}}
{"target": -110.25467421494666, "params": {"gamma": 0.3405386049847588, "lr": 0.2562021239561013}, "datetime": {"datetime": "2024-04-04 00:00:01", "elapsed": 1685.858224, "delta": 5.159364}}
{"target": -130.31333236262904, "params": {"gamma": 0.3116059054829689, "lr": 1.0}, "datetime": {"datetime": "2024-04-04 00:00:06", "elapsed": 1690.687427, "delta": 4.829203}}
{"target": -126.41389941838881, "params": {"gamma": 0.15338012112633445, "lr": 0.7921526643791049}, "datetime": {"datetime": "2024-04-04 00:00:13", "elapsed": 1698.226409, "delta": 7.538982}}
{"target": -130.3998321639555, "params": {"gamma": 0.09454767437120315, "lr": 0.26388637514158964}, "datetime": {"datetime": "2024-04-04 00:00:20", "elapsed": 1705.168583, "delta": 6.942174}}
{"target": -111.42037011752791, "params": {"gamma": 0.5807689007521412, "lr": 0.44099602428773077}, "datetime": {"datetime": "2024-04-04 00:00:25", "elapsed": 1709.983705, "delta": 4.815122}}
{"target": -402.9498083330247, "params": {"gamma": 4.559740643724835, "lr": 0.37056414953567096}, "datetime": {"datetime": "2024-04-04 00:00:27", "elapsed": 1712.225991, "delta": 2.242286}}
{"target": -123.25351260914057, "params": {"gamma": 0.5869423868816205, "lr": 0.6977697426064086}, "datetime": {"datetime": "2024-04-04 00:00:32", "elapsed": 1716.918261, "delta": 4.69227}}
{"target": -106.04999184337547, "params": {"gamma": 0.6047626498137074, "lr": 0.27276680754752936}, "datetime": {"datetime": "2024-04-04 00:00:40", "elapsed": 1724.492544, "delta": 7.574283}}
{"target": -190.29028389954104, "params": {"gamma": 0.8703509901062804, "lr": 1.0}, "datetime": {"datetime": "2024-04-04 00:00:45", "elapsed": 1730.21008, "delta": 5.717536}}
{"target": -190.28065388816972, "params": {"gamma": 1.0548928496902563, "lr": 0.9543300166144321}, "datetime": {"datetime": "2024-04-04 00:00:58", "elapsed": 1743.011121, "delta": 12.801041}}
{"target": -144.17461355646887, "params": {"gamma": 2.33706663384577, "lr": 0.0}, "datetime": {"datetime": "2024-04-04 00:01:10", "elapsed": 1754.72476, "delta": 11.713639}}
{"target": -145.7895144673763, "params": {"gamma": 0.04052581569150041, "lr": 0.018913210061360573}, "datetime": {"datetime": "2024-04-04 00:01:21", "elapsed": 1766.11805, "delta": 11.39329}}
{"target": -129.11838608060214, "params": {"gamma": 0.11734978483025457, "lr": 0.47691346492984876}, "datetime": {"datetime": "2024-04-04 00:01:32", "elapsed": 1776.682085, "delta": 10.564035}}
{"target": -166.31757434420376, "params": {"gamma": 1.159385945757423, "lr": 0.6967998544009653}, "datetime": {"datetime": "2024-04-04 00:01:40", "elapsed": 1784.851187, "delta": 8.169102}}
{"target": -119.74930402071384, "params": {"gamma": 0.25286225427487563, "lr": 0.3846254552833991}, "datetime": {"datetime": "2024-04-04 00:01:49", "elapsed": 1793.775642, "delta": 8.924455}}
{"target": -148.48909798902582, "params": {"gamma": 1.5168195450471325, "lr": 0.3157068825754753}, "datetime": {"datetime": "2024-04-04 00:01:55", "elapsed": 1800.118644, "delta": 6.343002}}
{"target": -120.94858650417756, "params": {"gamma": 0.24673300161836356, "lr": 0.7091305550419443}, "datetime": {"datetime": "2024-04-04 00:02:01", "elapsed": 1805.907231, "delta": 5.788587}}
{"target": -115.00020566264897, "params": {"gamma": 0.3210409180697396, "lr": 0.4070275295845467}, "datetime": {"datetime": "2024-04-04 00:02:08", "elapsed": 1812.789141, "delta": 6.88191}}
{"target": -123.50863285995942, "params": {"gamma": 0.4087184372636743, "lr": 0.8217097262522529}, "datetime": {"datetime": "2024-04-04 00:02:16", "elapsed": 1820.688955, "delta": 7.899814}}
{"target": -416.4560452441752, "params": {"gamma": 3.9929958480673364, "lr": 0.5636973258646522}, "datetime": {"datetime": "2024-04-04 00:02:18", "elapsed": 1823.116434, "delta": 2.427479}}
{"target": -140.1555346107308, "params": {"gamma": 1.1524059311179042, "lr": 0.23980497619560026}, "datetime": {"datetime": "2024-04-04 00:02:25", "elapsed": 1830.073849, "delta": 6.957415}}
{"target": -115.91161761475082, "params": {"gamma": 0.33033532693467127, "lr": 0.5492774280753714}, "datetime": {"datetime": "2024-04-04 00:02:31", "elapsed": 1835.878341, "delta": 5.804492}}
{"target": -1402.1359975116895, "params": {"gamma": 9.722214429030034, "lr": 0.9268323867912802}, "datetime": {"datetime": "2024-04-04 00:02:34", "elapsed": 1838.325605, "delta": 2.447264}}
{"target": -149.5909277960004, "params": {"gamma": 0.3362523235502838, "lr": 0.12214280737149896}, "datetime": {"datetime": "2024-04-04 00:02:40", "elapsed": 1844.626999, "delta": 6.301394}}
{"target": -148.3368194597302, "params": {"gamma": 0.9544759761268032, "lr": 0.6890112246939968}, "datetime": {"datetime": "2024-04-04 00:02:42", "elapsed": 1846.866144, "delta": 2.239145}}
{"target": -832.7581791169381, "params": {"gamma": 6.675728562512562, "lr": 0.14857064556648536}, "datetime": {"datetime": "2024-04-04 00:02:44", "elapsed": 1849.076998, "delta": 2.210854}}
{"target": -149.2134171217676, "params": {"gamma": 1.6180174684046686, "lr": 0.28211814234809907}, "datetime": {"datetime": "2024-04-04 00:02:54", "elapsed": 1858.632664, "delta": 9.555666}}
{"target": -125.38251996506425, "params": {"gamma": 0.9369391822639968, "lr": 0.4503072388360503}, "datetime": {"datetime": "2024-04-04 00:03:03", "elapsed": 1867.547718, "delta": 8.915054}}
{"target": -145.25384995178592, "params": {"gamma": 1.1156814281654301, "lr": 0.5797302315640471}, "datetime": {"datetime": "2024-04-04 00:03:16", "elapsed": 1881.132001, "delta": 13.584283}}
{"target": -423.17225010182824, "params": {"gamma": 2.8956815400998006, "lr": 0.9077277430561254}, "datetime": {"datetime": "2024-04-04 00:03:19", "elapsed": 1883.48195, "delta": 2.349949}}
{"target": -127.56709705233409, "params": {"gamma": 0.13773076144318222, "lr": 0.7174706978185149}, "datetime": {"datetime": "2024-04-04 00:03:25", "elapsed": 1889.922824, "delta": 6.440874}}
{"target": -191.81919041270618, "params": {"gamma": 1.7040766507041398, "lr": 0.5904787505421284}, "datetime": {"datetime": "2024-04-04 00:03:31", "elapsed": 1895.288658, "delta": 5.365834}}
{"target": -163.84082489750915, "params": {"gamma": 1.533065272961695, "lr": 0.45605507545938273}, "datetime": {"datetime": "2024-04-04 00:03:37", "elapsed": 1902.042397, "delta": 6.753739}}
{"target": -172.2285687086615, "params": {"gamma": 1.367258767560917, "lr": 0.6560553986004131}, "datetime": {"datetime": "2024-04-04 00:03:45", "elapsed": 1909.899972, "delta": 7.857575}}
{"target": -120.14882683578301, "params": {"gamma": 0.5863880604401912, "lr": 0.6201932867162256}, "datetime": {"datetime": "2024-04-04 00:03:50", "elapsed": 1914.681724, "delta": 4.781752}}
{"target": -148.64517040447421, "params": {"gamma": 1.3188630151798602, "lr": 0.4675310862033887}, "datetime": {"datetime": "2024-04-04 00:03:57", "elapsed": 1921.453395, "delta": 6.771671}}
{"target": -114.00581270177459, "params": {"gamma": 0.651647007399269, "lr": 0.46432252728429146}, "datetime": {"datetime": "2024-04-04 00:04:06", "elapsed": 1930.366276, "delta": 8.912881}}
{"target": -110.6241230522607, "params": {"gamma": 0.8383709523002534, "lr": 0.27645681978480274}, "datetime": {"datetime": "2024-04-04 00:04:13", "elapsed": 1937.742005, "delta": 7.375729}}
{"target": -147.36511881886813, "params": {"gamma": 1.0315189941664076, "lr": 0.60451516187825}, "datetime": {"datetime": "2024-04-04 00:04:18", "elapsed": 1942.980439, "delta": 5.238434}}
{"target": -113.47737838713489, "params": {"gamma": 0.29840791400125233, "lr": 0.30852224224316815}, "datetime": {"datetime": "2024-04-04 00:04:26", "elapsed": 1951.119528, "delta": 8.139089}}
{"target": -119.53837763411603, "params": {"gamma": 0.8735944969553476, "lr": 0.4293110143599048}, "datetime": {"datetime": "2024-04-04 00:04:34", "elapsed": 1959.08058, "delta": 7.961052}}
{"target": -236.93984411682294, "params": {"gamma": 2.073174221847101, "lr": 0.651327354396854}, "datetime": {"datetime": "2024-04-04 00:04:37", "elapsed": 1961.269659, "delta": 2.189079}}
{"target": -124.971775845507, "params": {"gamma": 0.14711615381779614, "lr": 0.29723752583090424}, "datetime": {"datetime": "2024-04-04 00:04:44", "elapsed": 1968.521404, "delta": 7.251745}}
{"target": -114.67148153101937, "params": {"gamma": 0.40678277862167206, "lr": 0.5370341739033695}, "datetime": {"datetime": "2024-04-04 00:04:55", "elapsed": 1979.373855, "delta": 10.852451}}
{"target": -127.5792687399085, "params": {"gamma": 0.5641414458266436, "lr": 0.796058256344062}, "datetime": {"datetime": "2024-04-04 00:05:01", "elapsed": 1985.772355, "delta": 6.3985}}
{"target": -2288.622357146493, "params": {"gamma": 6.709820829920812, "lr": 0.07316171979025876}, "datetime": {"datetime": "2024-04-04 00:05:04", "elapsed": 1988.264452, "delta": 2.492097}}
{"target": -157.04200919837814, "params": {"gamma": 0.8829348860909727, "lr": 0.8163646670501336}, "datetime": {"datetime": "2024-04-04 00:05:12", "elapsed": 1996.814228, "delta": 8.549776}}
{"target": -531.6296607618245, "params": {"gamma": 3.981497342106241, "lr": 0.8359392714868344}, "datetime": {"datetime": "2024-04-04 00:05:14", "elapsed": 1999.162036, "delta": 2.347808}}
{"target": -122.63431711358652, "params": {"gamma": 0.19563333873127237, "lr": 0.5584967378869921}, "datetime": {"datetime": "2024-04-04 00:05:21", "elapsed": 2005.296659, "delta": 6.134623}}
{"target": -119.96600340778866, "params": {"gamma": 0.8431215841652814, "lr": 0.33533817876687677}, "datetime": {"datetime": "2024-04-04 00:05:27", "elapsed": 2011.99332, "delta": 6.696661}}
{"target": -144.17461355646887, "params": {"gamma": 0.7199466807608492, "lr": 0.0}, "datetime": {"datetime": "2024-04-04 00:05:37", "elapsed": 2021.432684, "delta": 9.439364}}
{"target": -144.0146149624803, "params": {"gamma": 0.001, "lr": 0.6443615831219958}, "datetime": {"datetime": "2024-04-04 00:05:40", "elapsed": 2025.141909, "delta": 3.709225}}
{"target": -275.01968164264247, "params": {"gamma": 1.7163939734223834, "lr": 0.9496544537631573}, "datetime": {"datetime": "2024-04-04 00:05:47", "elapsed": 2031.825991, "delta": 6.684082}}
{"target": -136.42087781696173, "params": {"gamma": 0.4083897632048552, "lr": 1.0}, "datetime": {"datetime": "2024-04-04 00:05:54", "elapsed": 2038.290501, "delta": 6.46451}}
{"target": -158.56774693323894, "params": {"gamma": 0.7748405201033023, "lr": 0.9491872188701956}, "datetime": {"datetime": "2024-04-04 00:05:59", "elapsed": 2044.079179, "delta": 5.788678}}
{"target": -119.10450897782518, "params": {"gamma": 0.255814147071812, "lr": 0.5695572779721856}, "datetime": {"datetime": "2024-04-04 00:06:04", "elapsed": 2048.975342, "delta": 4.896163}}
{"target": -110.54790799404405, "params": {"gamma": 0.7484327983466491, "lr": 0.32042539801321845}, "datetime": {"datetime": "2024-04-04 00:06:13", "elapsed": 2057.669533, "delta": 8.694191}}
{"target": -503.0317786357687, "params": {"gamma": 2.7952189054160543, "lr": 1.0}, "datetime": {"datetime": "2024-04-04 00:06:25", "elapsed": 2069.548633, "delta": 11.8791}}
{"target": -130.7290973573381, "params": {"gamma": 1.2976143433842382, "lr": 0.2841326862027084}, "datetime": {"datetime": "2024-04-04 00:06:42", "elapsed": 2087.212584, "delta": 17.663951}}
{"target": -149.3530874528084, "params": {"gamma": 1.368686402934802, "lr": 0.36156169547495964}, "datetime": {"datetime": "2024-04-04 00:06:48", "elapsed": 2092.915429, "delta": 5.702845}}
{"target": -124.36457947338538, "params": {"gamma": 0.26729479659005745, "lr": 0.9350198994210334}, "datetime": {"datetime": "2024-04-04 00:06:56", "elapsed": 2100.385086, "delta": 7.469657}}
{"target": -141.384878780789, "params": {"gamma": 0.785924579994241, "lr": 0.7560183524583205}, "datetime": {"datetime": "2024-04-04 00:07:02", "elapsed": 2107.139151, "delta": 6.754065}}
{"target": -316.7708641509682, "params": {"gamma": 1.6505484664774308, "lr": 0.13583386674749376}, "datetime": {"datetime": "2024-04-04 00:07:09", "elapsed": 2113.396164, "delta": 6.257013}}
{"target": -186.89934874565523, "params": {"gamma": 1.61846222533072, "lr": 0.5489877935124847}, "datetime": {"datetime": "2024-04-04 00:07:17", "elapsed": 2121.558197, "delta": 8.162033}}
{"target": -131.65003639671238, "params": {"gamma": 1.1038964843319068, "lr": 0.40703349720772525}, "datetime": {"datetime": "2024-04-04 00:07:22", "elapsed": 2126.391411, "delta": 4.833214}}
{"target": -170.03927785043183, "params": {"gamma": 1.0103897744828498, "lr": 0.835795893235049}, "datetime": {"datetime": "2024-04-04 00:07:30", "elapsed": 2135.176195, "delta": 8.784784}}
{"target": -107.31472811389766, "params": {"gamma": 0.7047136926763636, "lr": 0.25535034774056276}, "datetime": {"datetime": "2024-04-04 00:07:36", "elapsed": 2140.540518, "delta": 5.364323}}
{"target": -115.37550126319343, "params": {"gamma": 0.5888310303304548, "lr": 0.3935188211946332}, "datetime": {"datetime": "2024-04-04 00:07:40", "elapsed": 2144.72916, "delta": 4.188642}}
{"target": -121.97641199485565, "params": {"gamma": 0.4556256979934423, "lr": 0.7536245358839829}, "datetime": {"datetime": "2024-04-04 00:07:46", "elapsed": 2150.70125, "delta": 5.97209}}
{"target": -128.9390585250171, "params": {"gamma": 0.8508153766550146, "lr": 0.5100674859137206}, "datetime": {"datetime": "2024-04-04 00:07:57", "elapsed": 2161.807916, "delta": 11.106666}}
{"target": -129.37465512135617, "params": {"gamma": 0.8687712814332287, "lr": 0.5790189524107783}, "datetime": {"datetime": "2024-04-04 00:08:08", "elapsed": 2172.637571, "delta": 10.829655}}
{"target": -112.4144973567789, "params": {"gamma": 0.4433926315739954, "lr": 0.3524646661825295}, "datetime": {"datetime": "2024-04-04 00:08:14", "elapsed": 2179.044747, "delta": 6.407176}}
{"target": -148.03960484875947, "params": {"gamma": 0.66957107611029, "lr": 0.9395891211013319}, "datetime": {"datetime": "2024-04-04 00:08:22", "elapsed": 2186.839057, "delta": 7.79431}}
{"target": -116.80234243806461, "params": {"gamma": 0.506361766205105, "lr": 0.6651777754455229}, "datetime": {"datetime": "2024-04-04 00:08:28", "elapsed": 2192.815888, "delta": 5.976831}}
{"target": -129.74976979777432, "params": {"gamma": 0.6366864271011006, "lr": 0.7101726185990177}, "datetime": {"datetime": "2024-04-04 00:08:36", "elapsed": 2200.438656, "delta": 7.622768}}
{"target": -132.76053440613066, "params": {"gamma": 0.10925180211516636, "lr": 0.1855464751045618}, "datetime": {"datetime": "2024-04-04 00:08:41", "elapsed": 2205.502353, "delta": 5.063697}}
{"target": -129.91243906770956, "params": {"gamma": 0.11134005383740535, "lr": 0.5620352393065746}, "datetime": {"datetime": "2024-04-04 00:08:47", "elapsed": 2211.551118, "delta": 6.048765}}
{"target": -163.9063457651237, "params": {"gamma": 1.3205944874239406, "lr": 0.5653044004854498}, "datetime": {"datetime": "2024-04-04 00:08:54", "elapsed": 2219.009691, "delta": 7.458573}}
{"target": -221.61265898034387, "params": {"gamma": 2.3689614438472835, "lr": 0.36666316233875385}, "datetime": {"datetime": "2024-04-04 00:08:59", "elapsed": 2224.185123, "delta": 5.175432}}
{"target": -106.15765468077645, "params": {"gamma": 0.5022995342037871, "lr": 0.27638053417290964}, "datetime": {"datetime": "2024-04-04 00:09:10", "elapsed": 2235.13787, "delta": 10.952747}}
{"target": -140.20652026180537, "params": {"gamma": 1.0265063299646422, "lr": 0.5044079038662479}, "datetime": {"datetime": "2024-04-04 00:09:20", "elapsed": 2245.166969, "delta": 10.029099}}
{"target": -963.9760552977912, "params": {"gamma": 6.634008664567575, "lr": 0.999944153220248}, "datetime": {"datetime": "2024-04-04 00:09:28", "elapsed": 2253.212346, "delta": 8.045377}}
{"target": -118.34577368856296, "params": {"gamma": 0.6846920760620075, "lr": 0.20326035845759483}, "datetime": {"datetime": "2024-04-04 00:09:42", "elapsed": 2266.936571, "delta": 13.724225}}
{"target": -138.73059734078944, "params": {"gamma": 1.2023300370811307, "lr": 0.345313308374838}, "datetime": {"datetime": "2024-04-04 00:09:46", "elapsed": 2271.044128, "delta": 4.107557}}
{"target": -115.03109553770943, "params": {"gamma": 0.4797017474390165, "lr": 0.5928598181381556}, "datetime": {"datetime": "2024-04-04 00:09:56", "elapsed": 2280.864213, "delta": 9.820085}}
{"target": -296.06520361846754, "params": {"gamma": 3.297777862400245, "lr": 0.40373702092674246}, "datetime": {"datetime": "2024-04-04 00:10:01", "elapsed": 2286.254832, "delta": 5.390619}}
{"target": -339.9752081488939, "params": {"gamma": 3.748677687079187, "lr": 0.3362690632097257}, "datetime": {"datetime": "2024-04-04 00:10:14", "elapsed": 2298.398711, "delta": 12.143879}}
{"target": -133.65938541017908, "params": {"gamma": 1.0854701902184092, "lr": 0.46584776520789617}, "datetime": {"datetime": "2024-04-04 00:10:22", "elapsed": 2307.115821, "delta": 8.71711}}
{"target": -122.08937424931669, "params": {"gamma": 0.26176924599356605, "lr": 0.8584565373334606}, "datetime": {"datetime": "2024-04-04 00:10:27", "elapsed": 2311.5629, "delta": 4.447079}}
{"target": -124.65109470979425, "params": {"gamma": 0.9588953412442839, "lr": 0.3666447257474619}, "datetime": {"datetime": "2024-04-04 00:10:35", "elapsed": 2320.011879, "delta": 8.448979}}
{"target": -215.97721087222857, "params": {"gamma": 1.5067970101731418, "lr": 0.1508282266318547}, "datetime": {"datetime": "2024-04-04 00:10:43", "elapsed": 2328.160378, "delta": 8.148499}}
{"target": -122.57063787117505, "params": {"gamma": 0.6440231440532732, "lr": 0.6153439207712004}, "datetime": {"datetime": "2024-04-04 00:10:52", "elapsed": 2336.68067, "delta": 8.520292}}
{"target": -119.54393439078888, "params": {"gamma": 0.8737286694852833, "lr": 0.4293327801043696}, "datetime": {"datetime": "2024-04-04 00:10:54", "elapsed": 2338.817511, "delta": 2.136841}}
{"target": -126.82229944300421, "params": {"gamma": 0.376308805543077, "lr": 0.9633640691376703}, "datetime": {"datetime": "2024-04-04 00:10:59", "elapsed": 2343.836482, "delta": 5.018971}}
{"target": -126.9352581067271, "params": {"gamma": 0.1675397968860043, "lr": 0.16584117091605063}, "datetime": {"datetime": "2024-04-04 00:11:09", "elapsed": 2354.027993, "delta": 10.191511}}
{"target": -401.02521841587065, "params": {"gamma": 4.853838964568678, "lr": 0.31665118216151966}, "datetime": {"datetime": "2024-04-04 00:11:22", "elapsed": 2367.186475, "delta": 13.158482}}
{"target": -118.20617879816126, "params": {"gamma": 0.27737492016177706, "lr": 0.6240400609117828}, "datetime": {"datetime": "2024-04-04 00:11:32", "elapsed": 2376.849205, "delta": 9.66273}}
{"target": -109.788903484115, "params": {"gamma": 0.38967273387921153, "lr": 0.2859884899561147}, "datetime": {"datetime": "2024-04-04 00:11:37", "elapsed": 2382.064276, "delta": 5.215071}}
{"target": -112.69051187395836, "params": {"gamma": 0.3945800620259398, "lr": 0.4761615205705403}, "datetime": {"datetime": "2024-04-04 00:11:52", "elapsed": 2396.794563, "delta": 14.730287}}
{"target": -132.12554052105034, "params": {"gamma": 0.09156457165192143, "lr": 0.9623424661747041}, "datetime": {"datetime": "2024-04-04 00:11:59", "elapsed": 2404.211646, "delta": 7.417083}}
{"target": -201.68402430183517, "params": {"gamma": 0.9502912241161579, "lr": 1.0}, "datetime": {"datetime": "2024-04-04 00:12:05", "elapsed": 2409.63407, "delta": 5.422424}}
