{"target": -145.33522024618304, "params": {"gamma": 0.6026409856392847, "lr": 0.2625010399782908}, "datetime": {"datetime": "2024-03-29 22:56:53", "elapsed": 2609.021902, "delta": 7.071143}}
{"target": -142.09517201478903, "params": {"gamma": 0.5356351287434553, "lr": 0.0}, "datetime": {"datetime": "2024-03-29 22:57:06", "elapsed": 2621.496411, "delta": 12.474509}}
{"target": -138.8872726687544, "params": {"gamma": 0.14265841633479254, "lr": 1.0}, "datetime": {"datetime": "2024-03-29 22:57:21", "elapsed": 2636.855936, "delta": 15.359525}}
{"target": -481.1377637777878, "params": {"gamma": 3.531135154252742, "lr": 0.2858478575793358}, "datetime": {"datetime": "2024-03-29 22:57:31", "elapsed": 2646.978885, "delta": 10.122949}}
{"target": -135.43188041925993, "params": {"gamma": 0.14753397775946606, "lr": 0.710472229234223}, "datetime": {"datetime": "2024-03-29 22:57:50", "elapsed": 2665.976412, "delta": 18.997527}}
{"target": -151.57877639939935, "params": {"gamma": 0.8686506701873622, "lr": 0.4346346287557562}, "datetime": {"datetime": "2024-03-29 22:58:00", "elapsed": 2676.014241, "delta": 10.037829}}
{"target": -1691.1280685311744, "params": {"gamma": 9.268006357410464, "lr": 0.17855850321543354}, "datetime": {"datetime": "2024-03-29 22:58:05", "elapsed": 2680.799348, "delta": 4.785107}}
{"target": -178.96019349075118, "params": {"gamma": 1.2654288176159592, "lr": 0.37449933577724653}, "datetime": {"datetime": "2024-03-29 22:58:19", "elapsed": 2694.962475, "delta": 14.163127}}
{"target": -245.9535264148049, "params": {"gamma": 1.0480689996379153, "lr": 0.9500968140491353}, "datetime": {"datetime": "2024-03-29 22:58:27", "elapsed": 2703.266615, "delta": 8.30414}}
{"target": -151.04868494182548, "params": {"gamma": 0.4709620405447462, "lr": 0.7514875978517073}, "datetime": {"datetime": "2024-03-29 22:58:47", "elapsed": 2722.8079, "delta": 19.541285}}
{"target": -456.5688134254075, "params": {"gamma": 2.5860134197315694, "lr": 0.7964353122652855}, "datetime": {"datetime": "2024-03-29 22:58:52", "elapsed": 2727.62231, "delta": 4.81441}}
{"target": -139.13643042837612, "params": {"gamma": 0.04961497111840608, "lr": 0.6559059176846638}, "datetime": {"datetime": "2024-03-29 22:59:03", "elapsed": 2738.819347, "delta": 11.197037}}
{"target": -138.18455994900745, "params": {"gamma": 0.1481629722283623, "lr": 0.16100550175900719}, "datetime": {"datetime": "2024-03-29 22:59:15", "elapsed": 2750.981812, "delta": 12.162465}}
{"target": -142.37518210833204, "params": {"gamma": 0.2629342438324239, "lr": 0.9336161988375968}, "datetime": {"datetime": "2024-03-29 22:59:22", "elapsed": 2757.724349, "delta": 6.742537}}
{"target": -1276.7592799195809, "params": {"gamma": 9.113251689010701, "lr": 0.6630496211295096}, "datetime": {"datetime": "2024-03-29 22:59:27", "elapsed": 2762.853075, "delta": 5.128726}}
{"target": -141.0562021291831, "params": {"gamma": 0.6712780234294986, "lr": 0.4487173740723639}, "datetime": {"datetime": "2024-03-29 22:59:36", "elapsed": 2772.246809, "delta": 9.393734}}
{"target": -216.0746827822752, "params": {"gamma": 1.6945114467938371, "lr": 0.36239082782951504}, "datetime": {"datetime": "2024-03-29 22:59:46", "elapsed": 2781.629226, "delta": 9.382417}}
{"target": -134.8044259331412, "params": {"gamma": 0.16311162909962176, "lr": 0.46406557121458114}, "datetime": {"datetime": "2024-03-29 22:59:53", "elapsed": 2788.622712, "delta": 6.993486}}
{"target": -142.09517201478903, "params": {"gamma": 0.35538923989488136, "lr": 0.0}, "datetime": {"datetime": "2024-03-29 23:00:03", "elapsed": 2799.053809, "delta": 10.431097}}
{"target": -129.79961888078438, "params": {"gamma": 0.26730276418177873, "lr": 0.4040981275413328}, "datetime": {"datetime": "2024-03-29 23:00:13", "elapsed": 2808.369469, "delta": 9.31566}}
{"target": -501.1697236282148, "params": {"gamma": 4.559740643724835, "lr": 0.37056414953567096}, "datetime": {"datetime": "2024-03-29 23:00:18", "elapsed": 2814.06781, "delta": 5.698341}}
{"target": -159.95121243720982, "params": {"gamma": 1.0418585430466065, "lr": 0.3336643839667389}, "datetime": {"datetime": "2024-03-29 23:00:28", "elapsed": 2824.174196, "delta": 10.106386}}
{"target": -190.09086313476718, "params": {"gamma": 0.9445702323255024, "lr": 0.6953437163320477}, "datetime": {"datetime": "2024-03-29 23:00:40", "elapsed": 2836.013206, "delta": 11.83901}}
{"target": -142.15217709830958, "params": {"gamma": 0.0620330471380651, "lr": 0.03510473401469677}, "datetime": {"datetime": "2024-03-29 23:00:47", "elapsed": 2842.762955, "delta": 6.749749}}
{"target": -133.10525843489893, "params": {"gamma": 0.2304733987506787, "lr": 0.2554536759919255}, "datetime": {"datetime": "2024-03-29 23:01:13", "elapsed": 2868.673456, "delta": 25.910501}}
{"target": -170.60949147035896, "params": {"gamma": 0.8747863610306377, "lr": 0.5853551224040762}, "datetime": {"datetime": "2024-03-29 23:01:31", "elapsed": 2887.025815, "delta": 18.352359}}
{"target": -138.61559983187283, "params": {"gamma": 0.4552146184952657, "lr": 0.528752615820659}, "datetime": {"datetime": "2024-03-29 23:02:00", "elapsed": 2916.27651, "delta": 29.250695}}
{"target": -140.68060079249537, "params": {"gamma": 0.3213700267015156, "lr": 0.7829882708456362}, "datetime": {"datetime": "2024-03-29 23:02:14", "elapsed": 2929.374143, "delta": 13.097633}}
{"target": -137.192223591706, "params": {"gamma": 0.22452608545347436, "lr": 0.7717488674094767}, "datetime": {"datetime": "2024-03-29 23:02:23", "elapsed": 2938.932586, "delta": 9.558443}}
{"target": -134.9482768980032, "params": {"gamma": 0.3815196584174128, "lr": 0.28599350058877393}, "datetime": {"datetime": "2024-03-29 23:02:40", "elapsed": 2955.908038, "delta": 16.975452}}
{"target": -183.749360874678, "params": {"gamma": 1.3211745465637117, "lr": 0.4473734721537326}, "datetime": {"datetime": "2024-03-29 23:02:54", "elapsed": 2970.133927, "delta": 14.225889}}
{"target": -133.6812051429879, "params": {"gamma": 0.38660787007347547, "lr": 0.4717561288435323}, "datetime": {"datetime": "2024-03-29 23:03:04", "elapsed": 2979.485186, "delta": 9.351259}}
{"target": -162.7662812498175, "params": {"gamma": 0.7265532465035208, "lr": 0.6524269821965147}, "datetime": {"datetime": "2024-03-29 23:03:16", "elapsed": 2991.919464, "delta": 12.434278}}
{"target": -141.2961413597543, "params": {"gamma": 0.00940761353781467, "lr": 0.35157515839389764}, "datetime": {"datetime": "2024-03-29 23:03:31", "elapsed": 3006.896649, "delta": 14.977185}}
{"target": -535.8580818895223, "params": {"gamma": 3.9929958480673364, "lr": 0.5636973258646522}, "datetime": {"datetime": "2024-03-29 23:03:36", "elapsed": 3011.937127, "delta": 5.040478}}
{"target": -147.61340174899627, "params": {"gamma": 0.39567501132055627, "lr": 0.8047744686030085}, "datetime": {"datetime": "2024-03-29 23:03:48", "elapsed": 3023.514512, "delta": 11.577385}}
{"target": -154.65986208207232, "params": {"gamma": 0.22166535033792498, "lr": 0.09532579327149415}, "datetime": {"datetime": "2024-03-29 23:03:58", "elapsed": 3033.785345, "delta": 10.270833}}
{"target": -1920.8603107671818, "params": {"gamma": 9.722214429030034, "lr": 0.9268323867912802}, "datetime": {"datetime": "2024-03-29 23:04:03", "elapsed": 3038.926998, "delta": 5.141653}}
{"target": -133.4648579191588, "params": {"gamma": 0.23143169846521242, "lr": 0.4768983344322361}, "datetime": {"datetime": "2024-03-29 23:04:15", "elapsed": 3050.93734, "delta": 12.010342}}
{"target": -191.22027741117054, "params": {"gamma": 0.9544759761268032, "lr": 0.6890112246939968}, "datetime": {"datetime": "2024-03-29 23:04:20", "elapsed": 3055.97451, "delta": 5.03717}}
{"target": -1376.861120118935, "params": {"gamma": 6.675728562512562, "lr": 0.14857064556648536}, "datetime": {"datetime": "2024-03-29 23:04:26", "elapsed": 3061.667932, "delta": 5.693422}}
{"target": -137.97774014795203, "params": {"gamma": 0.11186417831901681, "lr": 0.9522456639338}, "datetime": {"datetime": "2024-03-29 23:04:35", "elapsed": 3070.538436, "delta": 8.870504}}
{"target": -143.99400394455046, "params": {"gamma": 0.48890057143264554, "lr": 0.6333016349706664}, "datetime": {"datetime": "2024-03-29 23:04:57", "elapsed": 3092.749115, "delta": 22.210679}}
{"target": -142.01630826470864, "params": {"gamma": 0.001, "lr": 0.4358632063702534}, "datetime": {"datetime": "2024-03-29 23:05:10", "elapsed": 3106.324976, "delta": 13.575861}}
{"target": -566.7897412982741, "params": {"gamma": 2.8956815400998006, "lr": 0.9077277430561254}, "datetime": {"datetime": "2024-03-29 23:05:16", "elapsed": 3111.338861, "delta": 5.013885}}
{"target": -139.4377314256779, "params": {"gamma": 0.048628756962528025, "lr": 0.9603496475433617}, "datetime": {"datetime": "2024-03-29 23:05:29", "elapsed": 3124.433491, "delta": 13.09463}}
{"target": -303.5441149199124, "params": {"gamma": 2.6505498601575153, "lr": 0.38672537274077967}, "datetime": {"datetime": "2024-03-29 23:05:38", "elapsed": 3134.269435, "delta": 9.835944}}
{"target": -140.75315055132347, "params": {"gamma": 0.5148050297097908, "lr": 0.2819159895052774}, "datetime": {"datetime": "2024-03-29 23:05:48", "elapsed": 3143.99843, "delta": 9.728995}}
{"target": -135.122409338167, "params": {"gamma": 0.27390565354103646, "lr": 0.5622511091631727}, "datetime": {"datetime": "2024-03-29 23:06:00", "elapsed": 3155.644633, "delta": 11.646203}}
{"target": -141.01702575598569, "params": {"gamma": 0.25617940110117676, "lr": 0.8451355757912083}, "datetime": {"datetime": "2024-03-29 23:06:15", "elapsed": 3170.354612, "delta": 14.709979}}
{"target": -284.53749939183365, "params": {"gamma": 1.925390720844899, "lr": 0.27094523995530684}, "datetime": {"datetime": "2024-03-29 23:06:31", "elapsed": 3186.484282, "delta": 16.12967}}
{"target": -152.71636787787494, "params": {"gamma": 0.6282211299932073, "lr": 0.6148196859292738}, "datetime": {"datetime": "2024-03-29 23:06:42", "elapsed": 3197.811754, "delta": 11.327472}}
{"target": -325.3033521955313, "params": {"gamma": 2.3433803571593974, "lr": 0.544909524669976}, "datetime": {"datetime": "2024-03-29 23:06:57", "elapsed": 3212.637448, "delta": 14.825694}}
{"target": -205.7947080434651, "params": {"gamma": 1.53174969515964, "lr": 0.45501667643395205}, "datetime": {"datetime": "2024-03-29 23:07:13", "elapsed": 3228.968037, "delta": 16.330589}}
{"target": -137.31000310727046, "params": {"gamma": 0.6256256662878854, "lr": 0.3798649775026395}, "datetime": {"datetime": "2024-03-29 23:07:30", "elapsed": 3245.596351, "delta": 16.628314}}
{"target": -177.7603792307487, "params": {"gamma": 0.9680405308527199, "lr": 0.560994702322884}, "datetime": {"datetime": "2024-03-29 23:07:51", "elapsed": 3266.38669, "delta": 20.790339}}
{"target": -318.6432536498218, "params": {"gamma": 2.073174221847101, "lr": 0.651327354396854}, "datetime": {"datetime": "2024-03-29 23:07:56", "elapsed": 3271.387114, "delta": 5.000424}}
{"target": -141.66327350504685, "params": {"gamma": 0.006279632914567683, "lr": 0.521971864261809}, "datetime": {"datetime": "2024-03-29 23:08:16", "elapsed": 3292.297693, "delta": 20.910579}}
{"target": -137.56713913040073, "params": {"gamma": 0.33715230945938773, "lr": 0.6597515565149653}, "datetime": {"datetime": "2024-03-29 23:08:37", "elapsed": 3312.741186, "delta": 20.443493}}
{"target": -133.39398200682072, "params": {"gamma": 0.29667273442535824, "lr": 0.29512212405805904}, "datetime": {"datetime": "2024-03-29 23:08:54", "elapsed": 3330.320148, "delta": 17.578962}}
{"target": -2431.911883244929, "params": {"gamma": 6.709820829920812, "lr": 0.07316171979025876}, "datetime": {"datetime": "2024-03-29 23:09:01", "elapsed": 3336.389933, "delta": 6.069785}}
{"target": -131.27332054380165, "params": {"gamma": 0.5026829788277604, "lr": 0.4156262968586609}, "datetime": {"datetime": "2024-03-29 23:09:18", "elapsed": 3354.015808, "delta": 17.625875}}
{"target": -747.9010203789816, "params": {"gamma": 3.981497342106241, "lr": 0.8359392714868344}, "datetime": {"datetime": "2024-03-29 23:09:23", "elapsed": 3358.928287, "delta": 4.912479}}
{"target": -136.5815412848907, "params": {"gamma": 0.11159789012319989, "lr": 0.21403297037225077}, "datetime": {"datetime": "2024-03-29 23:09:35", "elapsed": 3370.678323, "delta": 11.750036}}
{"target": -418.0449093276687, "params": {"gamma": 3.047888415066059, "lr": 0.24815875885478733}, "datetime": {"datetime": "2024-03-29 23:09:47", "elapsed": 3382.872028, "delta": 12.193705}}
{"target": -163.0808124958312, "params": {"gamma": 0.25201673429453, "lr": 0.035880770534853536}, "datetime": {"datetime": "2024-03-29 23:10:08", "elapsed": 3403.890033, "delta": 21.018005}}
{"target": -140.00625687666357, "params": {"gamma": 0.03434568160263114, "lr": 0.8197578570012937}, "datetime": {"datetime": "2024-03-29 23:10:15", "elapsed": 3411.122249, "delta": 7.232216}}
{"target": -135.46943257338327, "params": {"gamma": 0.24080048626663295, "lr": 0.6543630095285871}, "datetime": {"datetime": "2024-03-29 23:10:26", "elapsed": 3422.322069, "delta": 11.19982}}
{"target": -155.71750650757946, "params": {"gamma": 0.7486497400309992, "lr": 0.3237931223121575}, "datetime": {"datetime": "2024-03-29 23:10:36", "elapsed": 3431.987726, "delta": 9.665657}}
{"target": -137.94326320474053, "params": {"gamma": 0.07843514436573092, "lr": 0.7741870721456467}, "datetime": {"datetime": "2024-03-29 23:10:48", "elapsed": 3444.278412, "delta": 12.290686}}
{"target": -152.93369513553313, "params": {"gamma": 0.4157743179930246, "lr": 0.8911033817851166}, "datetime": {"datetime": "2024-03-29 23:10:57", "elapsed": 3452.392316, "delta": 8.113904}}
{"target": -146.84441945118928, "params": {"gamma": 0.4175402774122681, "lr": 0.7519443931594993}, "datetime": {"datetime": "2024-03-29 23:11:23", "elapsed": 3478.91116, "delta": 26.518844}}
{"target": -186.66041479050656, "params": {"gamma": 0.7630697911683365, "lr": 0.17838441889143863}, "datetime": {"datetime": "2024-03-29 23:11:41", "elapsed": 3497.204427, "delta": 18.293267}}
{"target": -136.19446357378462, "params": {"gamma": 0.0866603223755599, "lr": 0.41177272978036517}, "datetime": {"datetime": "2024-03-29 23:12:02", "elapsed": 3517.595293, "delta": 20.390866}}
{"target": -135.84977372390927, "params": {"gamma": 0.29006042810475985, "lr": 0.6297384155441479}, "datetime": {"datetime": "2024-03-29 23:12:14", "elapsed": 3530.128073, "delta": 12.53278}}
{"target": -290.35476353908314, "params": {"gamma": 1.5403556994801477, "lr": 0.7615277679618998}, "datetime": {"datetime": "2024-03-29 23:12:29", "elapsed": 3545.268133, "delta": 15.14006}}
{"target": -189.78600138768846, "params": {"gamma": 1.0351637308274062, "lr": 0.6019332274342478}, "datetime": {"datetime": "2024-03-29 23:12:42", "elapsed": 3557.491506, "delta": 12.223373}}
{"target": -183.81162699148072, "params": {"gamma": 0.782867661405878, "lr": 0.754337990100622}, "datetime": {"datetime": "2024-03-29 23:12:52", "elapsed": 3567.865578, "delta": 10.374072}}
{"target": -135.21545971895702, "params": {"gamma": 0.5698130166668286, "lr": 0.3886754027443755}, "datetime": {"datetime": "2024-03-29 23:13:08", "elapsed": 3584.166336, "delta": 16.300758}}
{"target": -141.39895013041408, "params": {"gamma": 0.06692415079908987, "lr": 0.10856449546346059}, "datetime": {"datetime": "2024-03-29 23:13:16", "elapsed": 3592.073948, "delta": 7.907612}}
{"target": -138.20090554950337, "params": {"gamma": 0.1874756865636529, "lr": 0.8929025338326871}, "datetime": {"datetime": "2024-03-29 23:13:35", "elapsed": 3610.854665, "delta": 18.780717}}
{"target": -202.591218190268, "params": {"gamma": 0.7774148116500526, "lr": 0.9566885597205886}, "datetime": {"datetime": "2024-03-29 23:13:44", "elapsed": 3619.637133, "delta": 8.782468}}
{"target": -135.58404251817626, "params": {"gamma": 0.3144860657775697, "lr": 0.21328160893817538}, "datetime": {"datetime": "2024-03-29 23:13:59", "elapsed": 3634.612588, "delta": 14.975455}}
{"target": -145.02773341140178, "params": {"gamma": 0.7867041402098057, "lr": 0.38825936094844926}, "datetime": {"datetime": "2024-03-29 23:14:15", "elapsed": 3650.77704, "delta": 16.164452}}
{"target": -142.65554027691076, "params": {"gamma": 0.548561036008458, "lr": 0.3306765397723287}, "datetime": {"datetime": "2024-03-29 23:14:37", "elapsed": 3673.009607, "delta": 22.232567}}
{"target": -141.5526189711038, "params": {"gamma": 0.4734299892895755, "lr": 0.2017191858699302}, "datetime": {"datetime": "2024-03-29 23:14:51", "elapsed": 3687.227023, "delta": 14.217416}}
{"target": -151.5221236799048, "params": {"gamma": 0.9241597170055271, "lr": 0.3608913392336549}, "datetime": {"datetime": "2024-03-29 23:15:05", "elapsed": 3701.035823, "delta": 13.8088}}
{"target": -139.64883228991945, "params": {"gamma": 0.04072558020806156, "lr": 0.21930586255570605}, "datetime": {"datetime": "2024-03-29 23:15:17", "elapsed": 3712.437141, "delta": 11.401318}}
{"target": -130.81444847790502, "params": {"gamma": 0.3446200467906265, "lr": 0.3873453419899653}, "datetime": {"datetime": "2024-03-29 23:15:28", "elapsed": 3724.275345, "delta": 11.838204}}
{"target": -186.28539636538554, "params": {"gamma": 0.6662916790398297, "lr": 0.9425194297179581}, "datetime": {"datetime": "2024-03-29 23:15:40", "elapsed": 3735.650202, "delta": 11.374857}}
{"target": -139.92984035728702, "params": {"gamma": 0.03514112023380613, "lr": 0.9090155714101086}, "datetime": {"datetime": "2024-03-29 23:15:52", "elapsed": 3747.447769, "delta": 11.797567}}
{"target": -138.55971379768883, "params": {"gamma": 0.19130251809220747, "lr": 0.8477457438521429}, "datetime": {"datetime": "2024-03-29 23:16:01", "elapsed": 3756.563553, "delta": 9.115784}}
{"target": -191.81264670470432, "params": {"gamma": 1.1491214264588965, "lr": 0.24371315039209474}, "datetime": {"datetime": "2024-03-29 23:16:14", "elapsed": 3769.534936, "delta": 12.971383}}
{"target": -155.6318475401005, "params": {"gamma": 0.6794680548347735, "lr": 0.20498391931845406}, "datetime": {"datetime": "2024-03-29 23:16:25", "elapsed": 3781.214391, "delta": 11.679455}}
{"target": -135.31166628560518, "params": {"gamma": 0.17255036926307082, "lr": 0.5475991085194222}, "datetime": {"datetime": "2024-03-29 23:16:38", "elapsed": 3793.339934, "delta": 12.125543}}
{"target": -137.16237166684527, "params": {"gamma": 0.09413301275655392, "lr": 0.5885726407346262}, "datetime": {"datetime": "2024-03-29 23:16:53", "elapsed": 3808.90189, "delta": 15.561956}}
{"target": -131.38284707950373, "params": {"gamma": 0.17072103674587571, "lr": 0.33981742105378}, "datetime": {"datetime": "2024-03-29 23:17:06", "elapsed": 3822.271581, "delta": 13.369691}}
{"target": -134.36751914712826, "params": {"gamma": 0.17962618679170825, "lr": 0.24261793420410316}, "datetime": {"datetime": "2024-03-29 23:17:21", "elapsed": 3836.847132, "delta": 14.575551}}
{"target": -317.19394409911274, "params": {"gamma": 1.4572489913521027, "lr": 0.9248207000258823}, "datetime": {"datetime": "2024-03-29 23:17:29", "elapsed": 3845.015682, "delta": 8.16855}}
{"target": -134.0714105198475, "params": {"gamma": 0.19445723464381215, "lr": 0.49645618659226853}, "datetime": {"datetime": "2024-03-29 23:17:45", "elapsed": 3861.234711, "delta": 16.219029}}
{"target": -179.1729669220556, "params": {"gamma": 1.2143013588777056, "lr": 0.4634460300784191}, "datetime": {"datetime": "2024-03-29 23:17:57", "elapsed": 3873.176065, "delta": 11.941354}}
{"target": -143.2136167677589, "params": {"gamma": 0.1229143535727972, "lr": 0.10111216034459658}, "datetime": {"datetime": "2024-03-29 23:18:17", "elapsed": 3892.495567, "delta": 19.319502}}
{"target": -139.96301709366685, "params": {"gamma": 0.42097047161310885, "lr": 0.6094234529421143}, "datetime": {"datetime": "2024-03-29 23:18:32", "elapsed": 3907.978434, "delta": 15.482867}}
{"target": -283.138839011305, "params": {"gamma": 1.7945798941687643, "lr": 0.6366724120946168}, "datetime": {"datetime": "2024-03-29 23:18:41", "elapsed": 3916.967758, "delta": 8.989324}}
{"target": -156.3469971642834, "params": {"gamma": 0.7060118740571016, "lr": 0.5916717942523354}, "datetime": {"datetime": "2024-03-29 23:18:57", "elapsed": 3933.001049, "delta": 16.033291}}
{"target": -138.16775740730105, "params": {"gamma": 0.7025056201222643, "lr": 0.3607566449024976}, "datetime": {"datetime": "2024-03-29 23:19:19", "elapsed": 3954.377182, "delta": 21.376133}}
{"target": -128.0367606957664, "params": {"gamma": 0.33382899441932773, "lr": 0.3473496879540885}, "datetime": {"datetime": "2024-03-29 23:19:34", "elapsed": 3969.370678, "delta": 14.993496}}
{"target": -184.29729703903803, "params": {"gamma": 1.3490736842734676, "lr": 0.3911906992323282}, "datetime": {"datetime": "2024-03-29 23:19:38", "elapsed": 3974.068964, "delta": 4.698286}}
{"target": -135.5147316235773, "params": {"gamma": 0.16776940779510702, "lr": 0.6411455021721449}, "datetime": {"datetime": "2024-03-29 23:21:11", "elapsed": 4066.563595, "delta": 92.494631}}
{"target": -152.29874188019957, "params": {"gamma": 0.7019737354350825, "lr": 0.25392040973062}, "datetime": {"datetime": "2024-03-29 23:22:21", "elapsed": 4137.125222, "delta": 70.561627}}
{"target": -137.4407995437168, "params": {"gamma": 0.18810831734244407, "lr": 0.8039940764121359}, "datetime": {"datetime": "2024-03-29 23:23:10", "elapsed": 4186.128823, "delta": 49.003601}}
{"target": -137.76915495692901, "params": {"gamma": 0.6842434121444068, "lr": 0.40034738512001145}, "datetime": {"datetime": "2024-03-29 23:24:05", "elapsed": 4240.974848, "delta": 54.846025}}
{"target": -129.54179938278244, "params": {"gamma": 0.40578755068784333, "lr": 0.40828900899729104}, "datetime": {"datetime": "2024-03-29 23:25:27", "elapsed": 4323.239524, "delta": 82.264676}}
{"target": -141.7600142099042, "params": {"gamma": 0.2549406199740776, "lr": 0.15988801504883243}, "datetime": {"datetime": "2024-03-29 23:26:23", "elapsed": 4378.479561, "delta": 55.240037}}
{"target": -134.4840154460258, "params": {"gamma": 0.3153115731938702, "lr": 0.5246286527019145}, "datetime": {"datetime": "2024-03-29 23:27:24", "elapsed": 4440.289755, "delta": 61.810194}}
