{"target": -524.5060710498038, "params": {"gamma": 4.170803025021038, "lr": 0.7203244934421581}, "datetime": {"datetime": "2024-04-03 23:31:55", "elapsed": 0.0, "delta": 0.0}}
{"target": -143.83204126113415, "params": {"gamma": 0.002143633798631522, "lr": 0.30233257263183977}, "datetime": {"datetime": "2024-04-03 23:31:55", "elapsed": 0.002979, "delta": 0.002979}}
{"target": -446.23503265811195, "params": {"gamma": 1.4684121522803133, "lr": 0.0923385947687978}, "datetime": {"datetime": "2024-04-03 23:31:55", "elapsed": 0.005773, "delta": 0.002794}}
{"target": -184.88239115974318, "params": {"gamma": 1.8634158535653313, "lr": 0.34556072704304774}, "datetime": {"datetime": "2024-04-03 23:31:55", "elapsed": 0.008471, "delta": 0.002698}}
{"target": -411.622247740447, "params": {"gamma": 3.968277974832469, "lr": 0.538816734003357}, "datetime": {"datetime": "2024-04-03 23:31:55", "elapsed": 0.01114, "delta": 0.002669}}
{"target": -492.91323009650984, "params": {"gamma": 4.192525949518545, "lr": 0.6852195003967595}, "datetime": {"datetime": "2024-04-03 23:31:55", "elapsed": 0.013759, "delta": 0.002619}}
{"target": -296.53515597820893, "params": {"gamma": 2.045318045065443, "lr": 0.8781174363909454}, "datetime": {"datetime": "2024-04-03 23:31:55", "elapsed": 0.01635, "delta": 0.002591}}
{"target": -118.6603510500717, "params": {"gamma": 0.2748485443860637, "lr": 0.6704675101784022}, "datetime": {"datetime": "2024-04-03 23:31:55", "elapsed": 0.018966, "delta": 0.002616}}
{"target": -434.3490168796104, "params": {"gamma": 4.173630718868903, "lr": 0.5586898284457517}, "datetime": {"datetime": "2024-04-03 23:31:55", "elapsed": 0.021435, "delta": 0.002469}}
{"target": -188.88762836132366, "params": {"gamma": 1.4047289990137424, "lr": 0.1981014890848788}, "datetime": {"datetime": "2024-04-03 23:31:55", "elapsed": 0.024005, "delta": 0.00257}}
{"target": -1158.79814243031, "params": {"gamma": 8.00764494218669, "lr": 0.9682615757193975}, "datetime": {"datetime": "2024-04-03 23:31:55", "elapsed": 0.026671, "delta": 0.002666}}
{"target": -374.85624713125446, "params": {"gamma": 3.1349283574142692, "lr": 0.6923226156693141}, "datetime": {"datetime": "2024-04-03 23:31:55", "elapsed": 0.029125, "delta": 0.002454}}
{"target": -1177.7974028351612, "params": {"gamma": 8.764015133808087, "lr": 0.8946066635038473}, "datetime": {"datetime": "2024-04-03 23:31:55", "elapsed": 0.031725, "delta": 0.0026}}
{"target": -340.33310316915185, "params": {"gamma": 0.8513570694864094, "lr": 0.03905478323288236}, "datetime": {"datetime": "2024-04-03 23:31:55", "elapsed": 0.03435, "delta": 0.002625}}
{"target": -253.82951983059718, "params": {"gamma": 1.6991343652261244, "lr": 0.8781425034294131}, "datetime": {"datetime": "2024-04-03 23:31:55", "elapsed": 0.037075, "delta": 0.002725}}
{"target": -125.33855976155563, "params": {"gamma": 0.9843699914966679, "lr": 0.42110762500505217}, "datetime": {"datetime": "2024-04-03 23:31:55", "elapsed": 0.039837, "delta": 0.002762}}
{"target": -971.1162789703696, "params": {"gamma": 9.578937411974868, "lr": 0.5331652849730171}, "datetime": {"datetime": "2024-04-03 23:31:55", "elapsed": 0.042488, "delta": 0.002651}}
{"target": -564.7575795192604, "params": {"gamma": 6.919079262390784, "lr": 0.31551563100606295}, "datetime": {"datetime": "2024-04-03 23:31:55", "elapsed": 0.045003, "delta": 0.002515}}
{"target": -897.8801844792804, "params": {"gamma": 6.865322775888155, "lr": 0.8346256718973729}, "datetime": {"datetime": "2024-04-03 23:31:55", "elapsed": 0.047625, "delta": 0.002622}}
{"target": -124.16747350622269, "params": {"gamma": 0.18386448516457388, "lr": 0.7501443149449675}, "datetime": {"datetime": "2024-04-03 23:31:55", "elapsed": 0.05015, "delta": 0.002525}}
{"target": -1211.0386456499434, "params": {"gamma": 9.88862202797604, "lr": 0.7481656543798394}, "datetime": {"datetime": "2024-04-03 23:31:55", "elapsed": 0.052696, "delta": 0.002546}}
{"target": -360.9035632395024, "params": {"gamma": 2.8051594766519874, "lr": 0.7892793284514885}, "datetime": {"datetime": "2024-04-03 23:31:55", "elapsed": 0.055251, "delta": 0.002555}}
{"target": -130.60914165221823, "params": {"gamma": 1.0331568397698425, "lr": 0.44789352617590517}, "datetime": {"datetime": "2024-04-03 23:31:55", "elapsed": 0.057766, "delta": 0.002515}}
{"target": -736.933303228742, "params": {"gamma": 9.086046435427862, "lr": 0.2936141483736795}, "datetime": {"datetime": "2024-04-03 23:31:55", "elapsed": 0.060338, "delta": 0.002572}}
{"target": -528.8768472091164, "params": {"gamma": 2.878465610524901, "lr": 0.13002857211827767}, "datetime": {"datetime": "2024-04-03 23:31:55", "elapsed": 0.062939, "delta": 0.002601}}
{"target": -122.34816504099938, "params": {"gamma": 0.19465021174510047, "lr": 0.678835532939891}, "datetime": {"datetime": "2024-04-03 23:31:55", "elapsed": 0.065399, "delta": 0.00246}}
{"target": -181.4842965130295, "params": {"gamma": 2.1170695318845905, "lr": 0.2655466593722262}, "datetime": {"datetime": "2024-04-03 23:31:55", "elapsed": 0.068022, "delta": 0.002623}}
{"target": -1687.113666350387, "params": {"gamma": 4.916240019644103, "lr": 0.053362545117080384}, "datetime": {"datetime": "2024-04-03 23:31:55", "elapsed": 0.07084, "delta": 0.002818}}
{"target": -719.7935251604848, "params": {"gamma": 5.741601937314639, "lr": 0.14672857490581015}, "datetime": {"datetime": "2024-04-03 23:31:55", "elapsed": 0.073603, "delta": 0.002763}}
{"target": -684.3394761394323, "params": {"gamma": 5.89346606349594, "lr": 0.6997583600209312}, "datetime": {"datetime": "2024-04-03 23:31:55", "elapsed": 0.076186, "delta": 0.002583}}
{"target": -127.3622712149501, "params": {"gamma": 1.0242419538494305, "lr": 0.4140559878195683}, "datetime": {"datetime": "2024-04-03 23:31:55", "elapsed": 0.078861, "delta": 0.002675}}
{"target": -603.9197431195433, "params": {"gamma": 6.9443071771197245, "lr": 0.41417926952690265}, "datetime": {"datetime": "2024-04-03 23:31:55", "elapsed": 0.081341, "delta": 0.00248}}
{"target": -115.10843069424517, "params": {"gamma": 0.5004846360019255, "lr": 0.5358964059155116}, "datetime": {"datetime": "2024-04-03 23:31:55", "elapsed": 0.083864, "delta": 0.002523}}
{"target": -677.2692058887407, "params": {"gamma": 6.638282657552669, "lr": 0.5148891120583086}, "datetime": {"datetime": "2024-04-03 23:31:55", "elapsed": 0.086359, "delta": 0.002495}}
{"target": -934.2209046840497, "params": {"gamma": 9.446002965152143, "lr": 0.5865550405019929}, "datetime": {"datetime": "2024-04-03 23:31:55", "elapsed": 0.088818, "delta": 0.002459}}
{"target": -1630.641369884543, "params": {"gamma": 9.034115750963547, "lr": 0.13747470414623753}, "datetime": {"datetime": "2024-04-03 23:31:55", "elapsed": 0.091378, "delta": 0.00256}}
{"target": -211.67009387724192, "params": {"gamma": 1.3936241961603346, "lr": 0.8073912887095238}, "datetime": {"datetime": "2024-04-03 23:31:55", "elapsed": 0.093963, "delta": 0.002585}}
{"target": -506.84265222205624, "params": {"gamma": 3.9773706930183503, "lr": 0.16535419711693278}, "datetime": {"datetime": "2024-04-03 23:31:55", "elapsed": 0.096505, "delta": 0.002542}}
{"target": -818.7845953235415, "params": {"gamma": 9.275158295379942, "lr": 0.34776585974550656}, "datetime": {"datetime": "2024-04-03 23:31:55", "elapsed": 0.099092, "delta": 0.002587}}
{"target": -927.3622347713507, "params": {"gamma": 7.50837021925842, "lr": 0.7259979853504515}, "datetime": {"datetime": "2024-04-03 23:31:55", "elapsed": 0.101677, "delta": 0.002585}}
{"target": -957.6936764533991, "params": {"gamma": 8.833177605966892, "lr": 0.6236722070556089}, "datetime": {"datetime": "2024-04-03 23:31:55", "elapsed": 0.10444, "delta": 0.002763}}
{"target": -665.2904098643049, "params": {"gamma": 7.509673397839345, "lr": 0.34889834197784253}, "datetime": {"datetime": "2024-04-03 23:31:55", "elapsed": 0.107183, "delta": 0.002743}}
{"target": -381.83820204175083, "params": {"gamma": 2.7000089897584956, "lr": 0.8958862181960668}, "datetime": {"datetime": "2024-04-03 23:31:55", "elapsed": 0.109779, "delta": 0.002596}}
{"target": -631.1359458241443, "params": {"gamma": 4.281483807523078, "lr": 0.9648400471483856}, "datetime": {"datetime": "2024-04-03 23:31:55", "elapsed": 0.112281, "delta": 0.002502}}
{"target": -722.6364287472882, "params": {"gamma": 6.634751536686663, "lr": 0.6216957202091218}, "datetime": {"datetime": "2024-04-03 23:31:55", "elapsed": 0.114785, "delta": 0.002504}}
{"target": -201.6457956396372, "params": {"gamma": 1.1483449835607984, "lr": 0.9494892587070712}, "datetime": {"datetime": "2024-04-03 23:31:55", "elapsed": 0.117273, "delta": 0.002488}}
{"target": -453.14131231053307, "params": {"gamma": 4.499671422665926, "lr": 0.5783896143871318}, "datetime": {"datetime": "2024-04-03 23:31:55", "elapsed": 0.119829, "delta": 0.002556}}
{"target": -375.8349650498781, "params": {"gamma": 4.081959890810051, "lr": 0.2370269802430277}, "datetime": {"datetime": "2024-04-03 23:31:55", "elapsed": 0.122329, "delta": 0.0025}}
{"target": -894.0561435254325, "params": {"gamma": 9.033891826101975, "lr": 0.5736794866722859}, "datetime": {"datetime": "2024-04-03 23:31:55", "elapsed": 0.124817, "delta": 0.002488}}
{"target": -139.6609384500743, "params": {"gamma": 0.029700399984558545, "lr": 0.6171449136207239}, "datetime": {"datetime": "2024-04-03 23:31:55", "elapsed": 0.127294, "delta": 0.002477}}
{"target": -342.69544360025685, "params": {"gamma": 3.2671223728191894, "lr": 0.5270581022576093}, "datetime": {"datetime": "2024-04-03 23:31:55", "elapsed": 0.129792, "delta": 0.002498}}
{"target": -782.640978425083, "params": {"gamma": 8.859535051008434, "lr": 0.35726976000249977}, "datetime": {"datetime": "2024-04-03 23:31:55", "elapsed": 0.132268, "delta": 0.002476}}
{"target": -984.6774329922515, "params": {"gamma": 9.085442974047073, "lr": 0.6233601157918027}, "datetime": {"datetime": "2024-04-03 23:31:55", "elapsed": 0.134851, "delta": 0.002583}}
{"target": -127.02036927808481, "params": {"gamma": 0.15919660722271628, "lr": 0.9294372337437613}, "datetime": {"datetime": "2024-04-03 23:31:55", "elapsed": 0.137621, "delta": 0.00277}}
{"target": -1003.0025362798349, "params": {"gamma": 6.9092782782517235, "lr": 0.9973228504514805}, "datetime": {"datetime": "2024-04-03 23:31:55", "elapsed": 0.140353, "delta": 0.002732}}
{"target": -329.1020458318366, "params": {"gamma": 1.7242327429449402, "lr": 0.13713574962887776}, "datetime": {"datetime": "2024-04-03 23:31:55", "elapsed": 0.142822, "delta": 0.002469}}
{"target": -1071.9124963870124, "params": {"gamma": 9.326022034908599, "lr": 0.6968181614899002}, "datetime": {"datetime": "2024-04-03 23:31:55", "elapsed": 0.145277, "delta": 0.002455}}
{"target": -132.3636277269196, "params": {"gamma": 0.6609357270479028, "lr": 0.7554630526024664}, "datetime": {"datetime": "2024-04-03 23:31:55", "elapsed": 0.147772, "delta": 0.002495}}
{"target": -1092.3131517044321, "params": {"gamma": 7.539008008424004, "lr": 0.9230245355464833}, "datetime": {"datetime": "2024-04-03 23:31:55", "elapsed": 0.150346, "delta": 0.002574}}
{"target": -1472.6829429702261, "params": {"gamma": 7.11553606152609, "lr": 0.1242709619721647}, "datetime": {"datetime": "2024-04-03 23:31:55", "elapsed": 0.152829, "delta": 0.002483}}
{"target": -164.20529462562953, "params": {"gamma": 0.1997814582641161, "lr": 0.026210986877719278}, "datetime": {"datetime": "2024-04-03 23:31:55", "elapsed": 0.155314, "delta": 0.002485}}
{"target": -118.65715683867899, "params": {"gamma": 0.2840365737199253, "lr": 0.2462110676030459}, "datetime": {"datetime": "2024-04-03 23:31:55", "elapsed": 0.157789, "delta": 0.002475}}
{"target": -873.3006998076017, "params": {"gamma": 8.600419458880197, "lr": 0.5388310643416528}, "datetime": {"datetime": "2024-04-03 23:31:55", "elapsed": 0.160495, "delta": 0.002706}}
{"target": -727.8395410019654, "params": {"gamma": 5.5286669648789735, "lr": 0.8420308923596057}, "datetime": {"datetime": "2024-04-03 23:31:55", "elapsed": 0.163124, "delta": 0.002629}}
{"target": -127.83276340863726, "params": {"gamma": 1.2426089778839915, "lr": 0.2791836790111395}, "datetime": {"datetime": "2024-04-03 23:31:55", "elapsed": 0.165629, "delta": 0.002505}}
{"target": -854.0188944764511, "params": {"gamma": 5.858006955311422, "lr": 0.9695957483196745}, "datetime": {"datetime": "2024-04-03 23:31:55", "elapsed": 0.168315, "delta": 0.002686}}
{"target": -1919.9761457166653, "params": {"gamma": 5.6107411623378445, "lr": 0.01864728937294302}, "datetime": {"datetime": "2024-04-03 23:31:55", "elapsed": 0.171127, "delta": 0.002812}}
{"target": -719.8974968849823, "params": {"gamma": 8.006526094133482, "lr": 0.23297427384102043}, "datetime": {"datetime": "2024-04-03 23:31:55", "elapsed": 0.173726, "delta": 0.002599}}
{"target": -765.9054016641941, "params": {"gamma": 8.071244850992173, "lr": 0.38786064406417176}, "datetime": {"datetime": "2024-04-03 23:31:55", "elapsed": 0.176358, "delta": 0.002632}}
{"target": -1060.0917797305979, "params": {"gamma": 8.635555003739727, "lr": 0.7471216427371846}, "datetime": {"datetime": "2024-04-03 23:31:55", "elapsed": 0.178959, "delta": 0.002601}}
{"target": -1007.7568025637191, "params": {"gamma": 5.562846099670199, "lr": 0.13645522566068502}, "datetime": {"datetime": "2024-04-03 23:31:55", "elapsed": 0.181453, "delta": 0.002494}}
{"target": -178.76744638868536, "params": {"gamma": 0.6001169774326044, "lr": 0.12134345574073735}, "datetime": {"datetime": "2024-04-03 23:31:55", "elapsed": 0.184068, "delta": 0.002615}}
{"target": -179.76419254092474, "params": {"gamma": 0.4464742335690725, "lr": 0.1074941291060929}, "datetime": {"datetime": "2024-04-03 23:31:55", "elapsed": 0.186632, "delta": 0.002564}}
{"target": -293.76357603104344, "params": {"gamma": 2.2578676767399393, "lr": 0.7129889803826767}, "datetime": {"datetime": "2024-04-03 23:31:55", "elapsed": 0.189152, "delta": 0.00252}}
{"target": -1915.5725576913055, "params": {"gamma": 5.597610103559371, "lr": 0.012555980159115854}, "datetime": {"datetime": "2024-04-03 23:31:55", "elapsed": 0.191801, "delta": 0.002649}}
{"target": -153.02240347523954, "params": {"gamma": 0.7206708226151783, "lr": 0.967276330000272}, "datetime": {"datetime": "2024-04-03 23:31:55", "elapsed": 0.194426, "delta": 0.002625}}
{"target": -526.8473886141072, "params": {"gamma": 5.6814365187375016, "lr": 0.20329323466099047}, "datetime": {"datetime": "2024-04-03 23:31:55", "elapsed": 0.196987, "delta": 0.002561}}
{"target": -328.4904294024302, "params": {"gamma": 2.5240051199586637, "lr": 0.7438258540750929}, "datetime": {"datetime": "2024-04-03 23:31:55", "elapsed": 0.199697, "delta": 0.00271}}
{"target": -213.62021573548654, "params": {"gamma": 1.9550993816120785, "lr": 0.5813589272732578}, "datetime": {"datetime": "2024-04-03 23:31:55", "elapsed": 0.202441, "delta": 0.002744}}
{"target": -1259.0470141750889, "params": {"gamma": 9.700229870894034, "lr": 0.8468288014900353}, "datetime": {"datetime": "2024-04-03 23:31:55", "elapsed": 0.205183, "delta": 0.002742}}
{"target": -232.44412754926344, "params": {"gamma": 2.399237743716714, "lr": 0.49376971426872995}, "datetime": {"datetime": "2024-04-03 23:31:55", "elapsed": 0.207911, "delta": 0.002728}}
{"target": -820.427325766071, "params": {"gamma": 6.199937228095417, "lr": 0.8289808995501787}, "datetime": {"datetime": "2024-04-03 23:31:55", "elapsed": 0.21048, "delta": 0.002569}}
{"target": -571.6618295228354, "params": {"gamma": 1.5687571550661965, "lr": 0.018576202177409518}, "datetime": {"datetime": "2024-04-03 23:31:55", "elapsed": 0.213025, "delta": 0.002545}}
{"target": -115.41090089975354, "params": {"gamma": 0.7011514150485041, "lr": 0.4863451109370318}, "datetime": {"datetime": "2024-04-03 23:31:55", "elapsed": 0.215612, "delta": 0.002587}}
{"target": -622.5556037749978, "params": {"gamma": 6.063688287071651, "lr": 0.5688514370864813}, "datetime": {"datetime": "2024-04-03 23:31:55", "elapsed": 0.218266, "delta": 0.002654}}
{"target": -475.5568386800563, "params": {"gamma": 3.1743067308122854, "lr": 0.9886161544124489}, "datetime": {"datetime": "2024-04-03 23:31:55", "elapsed": 0.220828, "delta": 0.002562}}
{"target": -553.7527627489611, "params": {"gamma": 5.797872447238724, "lr": 0.3801411726235504}, "datetime": {"datetime": "2024-04-03 23:31:55", "elapsed": 0.223424, "delta": 0.002596}}
{"target": -683.9381697662278, "params": {"gamma": 5.509931242959851, "lr": 0.7453344309065021}, "datetime": {"datetime": "2024-04-03 23:31:55", "elapsed": 0.225953, "delta": 0.002529}}
{"target": -515.9915615391282, "params": {"gamma": 6.6926597016383935, "lr": 0.2649195576628094}, "datetime": {"datetime": "2024-04-03 23:31:55", "elapsed": 0.22856, "delta": 0.002607}}
{"target": -114.06930208071682, "params": {"gamma": 0.6642820094499873, "lr": 0.3700841979141063}, "datetime": {"datetime": "2024-04-03 23:31:55", "elapsed": 0.23121, "delta": 0.00265}}
{"target": -582.1847717458573, "params": {"gamma": 6.297545352708624, "lr": 0.2101740099148396}, "datetime": {"datetime": "2024-04-03 23:31:55", "elapsed": 0.233832, "delta": 0.002622}}
{"target": -2563.028756870471, "params": {"gamma": 7.5278027818344, "lr": 0.06653648135411494}, "datetime": {"datetime": "2024-04-03 23:31:55", "elapsed": 0.236606, "delta": 0.002774}}
{"target": -358.0943387016828, "params": {"gamma": 2.603890670686831, "lr": 0.8047545637433454}, "datetime": {"datetime": "2024-04-03 23:31:55", "elapsed": 0.239398, "delta": 0.002792}}
{"target": -223.78618226869304, "params": {"gamma": 1.935149391950654, "lr": 0.6394608808799401}, "datetime": {"datetime": "2024-04-03 23:31:55", "elapsed": 0.241953, "delta": 0.002555}}
{"target": -767.5560465216822, "params": {"gamma": 5.247178420928214, "lr": 0.9248079703993507}, "datetime": {"datetime": "2024-04-03 23:31:55", "elapsed": 0.244542, "delta": 0.002589}}
{"target": -923.7948732137035, "params": {"gamma": 2.633704408100623, "lr": 0.06596109068402378}, "datetime": {"datetime": "2024-04-03 23:31:55", "elapsed": 0.247139, "delta": 0.002597}}
{"target": -888.3756086098108, "params": {"gamma": 7.350924566923407, "lr": 0.7721780295432468}, "datetime": {"datetime": "2024-04-03 23:31:55", "elapsed": 0.249652, "delta": 0.002513}}
{"target": -1310.7294216277899, "params": {"gamma": 9.078250709182736, "lr": 0.9319720691968373}, "datetime": {"datetime": "2024-04-03 23:31:55", "elapsed": 0.252212, "delta": 0.00256}}
{"target": -127.98365315906305, "params": {"gamma": 0.14050177818299456, "lr": 0.2343620861214205}, "datetime": {"datetime": "2024-04-03 23:31:55", "elapsed": 0.254722, "delta": 0.00251}}
{"target": -897.9551610006197, "params": {"gamma": 6.1681667916595755, "lr": 0.9490163206876164}, "datetime": {"datetime": "2024-04-03 23:31:55", "elapsed": 0.2572, "delta": 0.002478}}
{"target": -966.1525984290307, "params": {"gamma": 9.50181101635155, "lr": 0.5566531881951564}, "datetime": {"datetime": "2024-04-03 23:31:55", "elapsed": 0.259853, "delta": 0.002653}}
{"target": -964.7928685357214, "params": {"gamma": 9.15614789131298, "lr": 0.6415662089463375}, "datetime": {"datetime": "2024-04-03 23:31:55", "elapsed": 0.262386, "delta": 0.002533}}
{"target": -361.51693767560124, "params": {"gamma": 3.9006871336983213, "lr": 0.48599066709690975}, "datetime": {"datetime": "2024-04-03 23:31:56", "elapsed": 0.26494, "delta": 0.002554}}
{"target": -613.8037014180699, "params": {"gamma": 6.043500518716813, "lr": 0.5495479215085626}, "datetime": {"datetime": "2024-04-03 23:31:56", "elapsed": 0.267524, "delta": 0.002584}}
{"target": -1336.794335461554, "params": {"gamma": 9.26188808563783, "lr": 0.9187334356336061}, "datetime": {"datetime": "2024-04-03 23:31:56", "elapsed": 0.27037, "delta": 0.002846}}
{"target": -584.3402054226293, "params": {"gamma": 3.9493612536226252, "lr": 0.9632625284407118}, "datetime": {"datetime": "2024-04-03 23:31:56", "elapsed": 0.273102, "delta": 0.002732}}
{"target": -331.81554634831616, "params": {"gamma": 1.740382711137963, "lr": 0.12632951943963733}, "datetime": {"datetime": "2024-04-03 23:31:56", "elapsed": 0.275635, "delta": 0.002533}}
{"target": -164.9459524874951, "params": {"gamma": 1.3516565013092665, "lr": 0.5056621656768967}, "datetime": {"datetime": "2024-04-03 23:31:56", "elapsed": 0.278165, "delta": 0.00253}}
{"target": -124.87204302689355, "params": {"gamma": 0.2162265279367056, "lr": 0.947970211217681}, "datetime": {"datetime": "2024-04-03 23:31:56", "elapsed": 0.2807, "delta": 0.002535}}
{"target": -2812.4703296791563, "params": {"gamma": 8.271327596236153, "lr": 0.015018980742122379}, "datetime": {"datetime": "2024-04-03 23:31:56", "elapsed": 0.28321, "delta": 0.00251}}
{"target": -164.76419819512356, "params": {"gamma": 1.7627863594949775, "lr": 0.332063574366837}, "datetime": {"datetime": "2024-04-03 23:31:56", "elapsed": 0.285764, "delta": 0.002554}}
{"target": -202.2681466865032, "params": {"gamma": 1.310837451264358, "lr": 0.8094906921265821}, "datetime": {"datetime": "2024-04-03 23:31:56", "elapsed": 0.288388, "delta": 0.002624}}
{"target": -513.8895917633353, "params": {"gamma": 3.4480217901802512, "lr": 0.9401074823333672}, "datetime": {"datetime": "2024-04-03 23:31:56", "elapsed": 0.290955, "delta": 0.002567}}
{"target": -784.0051509620525, "params": {"gamma": 5.820559785290854, "lr": 0.8788319844118441}, "datetime": {"datetime": "2024-04-03 23:31:56", "elapsed": 0.293481, "delta": 0.002526}}
{"target": -1185.3433381246791, "params": {"gamma": 8.447499719476827, "lr": 0.9053923187086492}, "datetime": {"datetime": "2024-04-03 23:31:56", "elapsed": 0.296169, "delta": 0.002688}}
{"target": -471.3213020485164, "params": {"gamma": 4.599342777902254, "lr": 0.5463468160203733}, "datetime": {"datetime": "2024-04-03 23:31:56", "elapsed": 0.298773, "delta": 0.002604}}
{"target": -649.5311177020911, "params": {"gamma": 7.986237307929242, "lr": 0.28571885173414757}, "datetime": {"datetime": "2024-04-03 23:31:56", "elapsed": 0.301474, "delta": 0.002701}}
