{"target": -109.387884546515, "params": {"p_ai": 3.207110987736109, "p_al": 10.0, "p_ex": 3.7332693050322368, "prior": 10.0, "rate": 1.8997893316569296}, "datetime": {"datetime": "2024-04-01 16:08:11", "elapsed": 6915.497775, "delta": 14.215962}}
{"target": -102.08062641003418, "params": {"p_ai": 5.276854334046221, "p_al": 10.0, "p_ex": 5.829588071056491, "prior": 7.112542615034326, "rate": 10.0}, "datetime": {"datetime": "2024-04-01 16:08:25", "elapsed": 6929.639612, "delta": 14.141837}}
{"target": -115.9941947805984, "params": {"p_ai": 0.2119730757563879, "p_al": 0.10623896281534884, "p_ex": 7.268174261928577, "prior": 6.41377066520401, "rate": 7.474647523646873}, "datetime": {"datetime": "2024-04-01 16:08:39", "elapsed": 6943.393652, "delta": 13.75404}}
{"target": -123.97238693817889, "params": {"p_ai": 2.2531956965144317, "p_al": 3.3177485571391285, "p_ex": 3.1432421241210213, "prior": 6.5039992730209715, "rate": 0.001}, "datetime": {"datetime": "2024-04-01 16:09:06", "elapsed": 6970.291566, "delta": 26.897914}}
{"target": -106.82626751836762, "params": {"p_ai": 0.001, "p_al": 10.0, "p_ex": 10.0, "prior": 3.534571711981377, "rate": 10.0}, "datetime": {"datetime": "2024-04-01 16:09:26", "elapsed": 6990.612814, "delta": 20.321248}}
{"target": -128.9771337713692, "params": {"p_ai": 0.001, "p_al": 0.001, "p_ex": 3.3884718297558125, "prior": 10.0, "rate": 7.422619999642384}, "datetime": {"datetime": "2024-04-01 16:09:40", "elapsed": 7004.261215, "delta": 13.648401}}
{"target": -110.08761464736907, "params": {"p_ai": 0.001, "p_al": 10.0, "p_ex": 5.711472250855715, "prior": 6.428580169693996, "rate": 10.0}, "datetime": {"datetime": "2024-04-01 16:09:54", "elapsed": 7018.697572, "delta": 14.436357}}
{"target": -147.36213085102443, "params": {"p_ai": 0.001, "p_al": 6.040554778578116, "p_ex": 3.9310051785950377, "prior": 6.61451153750577, "rate": 0.001}, "datetime": {"datetime": "2024-04-01 16:10:08", "elapsed": 7032.987931, "delta": 14.290359}}
{"target": -118.71552204574358, "params": {"p_ai": 5.518264450278398, "p_al": 0.001, "p_ex": 4.34012863745714, "prior": 0.001, "rate": 3.6978754488964127}, "datetime": {"datetime": "2024-04-01 16:10:28", "elapsed": 7052.345006, "delta": 19.357075}}
{"target": -111.16254513535856, "params": {"p_ai": 5.584215575798244, "p_al": 2.2336206770060145, "p_ex": 3.9237075482555817, "prior": 4.226021017281817, "rate": 10.0}, "datetime": {"datetime": "2024-04-01 16:10:42", "elapsed": 7066.692267, "delta": 14.347261}}
{"target": -134.59085358620248, "params": {"p_ai": 4.261713334669636, "p_al": 0.001, "p_ex": 0.001, "prior": 10.0, "rate": 6.0712285869609826}, "datetime": {"datetime": "2024-04-01 16:10:57", "elapsed": 7081.915484, "delta": 15.223217}}
{"target": -126.53455148124985, "params": {"p_ai": 2.725056834474013, "p_al": 3.6537590243688562, "p_ex": 0.001, "prior": 10.0, "rate": 10.0}, "datetime": {"datetime": "2024-04-01 16:11:17", "elapsed": 7101.975644, "delta": 20.06016}}
{"target": -129.6307574538235, "params": {"p_ai": 3.2311530402605944, "p_al": 6.103014884431528, "p_ex": 0.001, "prior": 10.0, "rate": 4.1414903409902974}, "datetime": {"datetime": "2024-04-01 16:11:41", "elapsed": 7125.650181, "delta": 23.674537}}
{"target": -110.79202883332738, "params": {"p_ai": 6.826010683657195, "p_al": 3.3327325320202137, "p_ex": 10.0, "prior": 10.0, "rate": 7.2270551023348535}, "datetime": {"datetime": "2024-04-01 16:12:02", "elapsed": 7146.921975, "delta": 21.271794}}
{"target": -360.49127420599194, "params": {"p_ai": 10.0, "p_al": 5.614260338234479, "p_ex": 5.580756509900316, "prior": 0.001, "rate": 10.0}, "datetime": {"datetime": "2024-04-01 16:12:17", "elapsed": 7162.123609, "delta": 15.201634}}
{"target": -134.70440561567327, "params": {"p_ai": 5.548364307146666, "p_al": 0.001, "p_ex": 5.660368763417114, "prior": 4.907769225429851, "rate": 0.001}, "datetime": {"datetime": "2024-04-01 16:12:39", "elapsed": 7183.927321, "delta": 21.803712}}
{"target": -135.1670822727655, "params": {"p_ai": 0.001, "p_al": 6.186031829490546, "p_ex": 0.001, "prior": 10.0, "rate": 0.001}, "datetime": {"datetime": "2024-04-01 16:12:59", "elapsed": 7203.761014, "delta": 19.833693}}
{"target": -98.73031129089075, "params": {"p_ai": 0.7511044321310086, "p_al": 9.989383342055019, "p_ex": 3.021911207280469, "prior": 1.8743945037227718, "rate": 8.523114748508153}, "datetime": {"datetime": "2024-04-01 16:13:14", "elapsed": 7218.534926, "delta": 14.773912}}
{"target": -176.3416316911141, "params": {"p_ai": 10.0, "p_al": 10.0, "p_ex": 10.0, "prior": 10.0, "rate": 0.001}, "datetime": {"datetime": "2024-04-01 16:13:29", "elapsed": 7233.295965, "delta": 14.761039}}
{"target": -144.7050535121385, "params": {"p_ai": 0.001, "p_al": 3.3829756230625363, "p_ex": 0.001, "prior": 2.472608679157618, "rate": 10.0}, "datetime": {"datetime": "2024-04-01 16:13:42", "elapsed": 7246.778974, "delta": 13.483009}}
{"target": -104.1475543366983, "params": {"p_ai": 2.2631176120410075, "p_al": 0.001, "p_ex": 2.500928641658524, "prior": 5.99047101000879, "rate": 4.033406331666665}, "datetime": {"datetime": "2024-04-01 16:13:58", "elapsed": 7262.185119, "delta": 15.406145}}
{"target": -107.55672859917367, "params": {"p_ai": 6.217478087931872, "p_al": 10.0, "p_ex": 7.102018638288058, "prior": 7.802639969416993, "rate": 6.00464391073217}, "datetime": {"datetime": "2024-04-01 16:14:13", "elapsed": 7277.511143, "delta": 15.326024}}
{"target": -103.41029307462333, "params": {"p_ai": 4.70284479572306, "p_al": 10.0, "p_ex": 7.37588382516359, "prior": 10.0, "rate": 1.8020919223678722}, "datetime": {"datetime": "2024-04-01 16:14:28", "elapsed": 7292.789228, "delta": 15.278085}}
{"target": -561.937736670235, "params": {"p_ai": 3.5939978223395728, "p_al": 8.122685451956336, "p_ex": 3.789741694724265, "prior": 0.001, "rate": 3.332090964072895}, "datetime": {"datetime": "2024-04-01 16:14:50", "elapsed": 7314.693476, "delta": 21.904248}}
{"target": -90.85350300935879, "params": {"p_ai": 3.622516524758635, "p_al": 5.865760805541988, "p_ex": 6.468935422812676, "prior": 0.44854817045042683, "rate": 2.266180493185814}, "datetime": {"datetime": "2024-04-01 16:15:13", "elapsed": 7337.633437, "delta": 22.939961}}
{"target": -102.01165764258836, "params": {"p_ai": 5.05550926730052, "p_al": 5.980235932924923, "p_ex": 6.230965732224811, "prior": 1.363611174886211, "rate": 4.785735810961937}, "datetime": {"datetime": "2024-04-01 16:15:29", "elapsed": 7353.316521, "delta": 15.683084}}
{"target": -92.24223542675398, "params": {"p_ai": 0.8817139850113876, "p_al": 6.861687831680606, "p_ex": 4.360435554620317, "prior": 1.4377651742103446, "rate": 4.461827726247444}, "datetime": {"datetime": "2024-04-01 16:15:43", "elapsed": 7367.608449, "delta": 14.291928}}
{"target": -111.95386548481939, "params": {"p_ai": 5.353572947878815, "p_al": 10.0, "p_ex": 3.158188113752574, "prior": 2.1081512198588634, "rate": 6.878034022683373}, "datetime": {"datetime": "2024-04-01 16:15:58", "elapsed": 7382.663059, "delta": 15.05461}}
{"target": -182.25383851371052, "params": {"p_ai": 10.0, "p_al": 4.0554754004158236, "p_ex": 10.0, "prior": 2.9766811364966053, "rate": 0.001}, "datetime": {"datetime": "2024-04-01 16:16:12", "elapsed": 7396.725878, "delta": 14.062819}}
{"target": -116.73284253828213, "params": {"p_ai": 0.6000441150420411, "p_al": 3.019970008055287, "p_ex": 5.685536502240434, "prior": 10.0, "rate": 4.7748861362552795}, "datetime": {"datetime": "2024-04-01 16:16:27", "elapsed": 7411.517945, "delta": 14.792067}}
{"target": -90.23817265166203, "params": {"p_ai": 3.603563938495553, "p_al": 6.208412844287731, "p_ex": 5.700611856281023, "prior": 1.2106300742137739, "rate": 4.468537844890202}, "datetime": {"datetime": "2024-04-01 16:16:41", "elapsed": 7425.541829, "delta": 14.023884}}
{"target": -141.65667076564452, "params": {"p_ai": 2.9969456508543457, "p_al": 7.999811100664358, "p_ex": 10.0, "prior": 3.1674651864864214, "rate": 0.001}, "datetime": {"datetime": "2024-04-01 16:17:02", "elapsed": 7446.304194, "delta": 20.762365}}
{"target": -95.61183552110707, "params": {"p_ai": 4.522266536084736, "p_al": 6.393989694458076, "p_ex": 6.0781117329955405, "prior": 2.0600394868924257, "rate": 2.8147435099997478}, "datetime": {"datetime": "2024-04-01 16:17:22", "elapsed": 7466.665285, "delta": 20.361091}}
{"target": -89.38436088342468, "params": {"p_ai": 2.4664023653687397, "p_al": 7.348161906000085, "p_ex": 3.5584826860062333, "prior": 1.2945735868450692, "rate": 6.404135632768692}, "datetime": {"datetime": "2024-04-01 16:17:36", "elapsed": 7481.006307, "delta": 14.341022}}
{"target": -108.56348581871545, "params": {"p_ai": 6.892368131759815, "p_al": 10.0, "p_ex": 10.0, "prior": 8.871838215418293, "rate": 4.2813035977585825}, "datetime": {"datetime": "2024-04-01 16:18:00", "elapsed": 7504.208925, "delta": 23.202618}}
{"target": -120.01858493108705, "params": {"p_ai": 0.001, "p_al": 0.001, "p_ex": 3.5746767146431373, "prior": 5.003448682486546, "rate": 8.436766622319636}, "datetime": {"datetime": "2024-04-01 16:18:15", "elapsed": 7519.48807, "delta": 15.279145}}
{"target": -103.1918187768357, "params": {"p_ai": 2.237255749523151, "p_al": 6.952288578081212, "p_ex": 1.798129153251094, "prior": 1.2684032169440256, "rate": 5.403415877989975}, "datetime": {"datetime": "2024-04-01 16:18:30", "elapsed": 7534.866089, "delta": 15.378019}}
{"target": -112.61262547720922, "params": {"p_ai": 6.067742873599708, "p_al": 10.0, "p_ex": 4.53847070332862, "prior": 3.2019190468001195, "rate": 10.0}, "datetime": {"datetime": "2024-04-01 16:18:50", "elapsed": 7554.47646, "delta": 19.610371}}
{"target": -136.0834866331979, "params": {"p_ai": 0.001, "p_al": 0.001, "p_ex": 6.692927756380863, "prior": 6.0791134693694575, "rate": 2.9284990328724887}, "datetime": {"datetime": "2024-04-01 16:19:06", "elapsed": 7571.059625, "delta": 16.583165}}
{"target": -94.01987065506255, "params": {"p_ai": 1.5120965957093435, "p_al": 10.0, "p_ex": 10.0, "prior": 10.0, "rate": 10.0}, "datetime": {"datetime": "2024-04-01 16:19:27", "elapsed": 7592.053209, "delta": 20.993584}}
{"target": -119.25260108156587, "params": {"p_ai": 7.51752516827172, "p_al": 0.001, "p_ex": 10.0, "prior": 4.326581611543117, "rate": 3.4043922634541897}, "datetime": {"datetime": "2024-04-01 16:19:48", "elapsed": 7613.041715, "delta": 20.988506}}
{"target": -105.01462815062695, "params": {"p_ai": 5.319340348367698, "p_al": 7.256214980565341, "p_ex": 4.960882265449016, "prior": 4.475285373319952, "rate": 10.0}, "datetime": {"datetime": "2024-04-01 16:20:07", "elapsed": 7631.816518, "delta": 18.774803}}
{"target": -119.58774203692315, "params": {"p_ai": 0.001, "p_al": 10.0, "p_ex": 2.0793135194628047, "prior": 2.3069177681499533, "rate": 5.08854425554214}, "datetime": {"datetime": "2024-04-01 16:20:22", "elapsed": 7647.057814, "delta": 15.241296}}
{"target": -108.59331708794836, "params": {"p_ai": 6.178000525892685, "p_al": 7.256954697659581, "p_ex": 6.744521207839124, "prior": 10.0, "rate": 10.0}, "datetime": {"datetime": "2024-04-01 16:20:38", "elapsed": 7662.691788, "delta": 15.633974}}
{"target": -887.1942767631226, "params": {"p_ai": 0.001, "p_al": 3.4996037954131163, "p_ex": 0.001, "prior": 0.001, "rate": 0.001}, "datetime": {"datetime": "2024-04-01 16:20:53", "elapsed": 7678.048488, "delta": 15.3567}}
{"target": -135.1976505540245, "params": {"p_ai": 0.001, "p_al": 4.5865290065765, "p_ex": 10.0, "prior": 10.0, "rate": 6.561231470698774}, "datetime": {"datetime": "2024-04-01 16:21:27", "elapsed": 7711.203342, "delta": 33.154854}}
{"target": -134.59236589371588, "params": {"p_ai": 3.207112129287982, "p_al": 10.0, "p_ex": 0.001, "prior": 3.6661518037076273, "rate": 5.360072936058698}, "datetime": {"datetime": "2024-04-01 16:21:49", "elapsed": 7733.581205, "delta": 22.377863}}
{"target": -202.90970561094468, "params": {"p_ai": 10.0, "p_al": 10.0, "p_ex": 0.001, "prior": 10.0, "rate": 0.001}, "datetime": {"datetime": "2024-04-01 16:22:03", "elapsed": 7747.939846, "delta": 14.358641}}
{"target": -127.7025834622904, "params": {"p_ai": 3.1478667555025184, "p_al": 3.6906474991541716, "p_ex": 0.001, "prior": 5.487265988665199, "rate": 10.0}, "datetime": {"datetime": "2024-04-01 16:22:22", "elapsed": 7766.802253, "delta": 18.862407}}
{"target": -103.70862048780671, "params": {"p_ai": 1.6033937203366704, "p_al": 0.001, "p_ex": 6.335606544756201, "prior": 0.001, "rate": 5.617778764944294}, "datetime": {"datetime": "2024-04-01 16:22:37", "elapsed": 7781.417701, "delta": 14.615448}}
{"target": -128.1609210530827, "params": {"p_ai": 3.014015459597397, "p_al": 7.058950875874211, "p_ex": 0.001, "prior": 10.0, "rate": 7.912343070688432}, "datetime": {"datetime": "2024-04-01 16:22:52", "elapsed": 7796.667794, "delta": 15.250093}}
{"target": -113.29811776990016, "params": {"p_ai": 6.919707542191199, "p_al": 10.0, "p_ex": 7.6999953857779575, "prior": 10.0, "rate": 7.344557764138205}, "datetime": {"datetime": "2024-04-01 16:23:13", "elapsed": 7818.042203, "delta": 21.374409}}
{"target": -131.68052385032422, "params": {"p_ai": 0.001, "p_al": 10.0, "p_ex": 5.766447149831725, "prior": 10.0, "rate": 3.8918922220488095}, "datetime": {"datetime": "2024-04-01 16:23:41", "elapsed": 7845.295157, "delta": 27.252954}}
{"target": -194.6658786345156, "params": {"p_ai": 10.0, "p_al": 1.8687347277202147, "p_ex": 10.0, "prior": 0.001, "rate": 10.0}, "datetime": {"datetime": "2024-04-01 16:23:57", "elapsed": 7861.374119, "delta": 16.078962}}
{"target": -110.88804552993471, "params": {"p_ai": 7.2023095788100955, "p_al": 6.6529841722725624, "p_ex": 10.0, "prior": 10.0, "rate": 2.9182902038975356}, "datetime": {"datetime": "2024-04-01 16:24:36", "elapsed": 7900.506423, "delta": 39.132304}}
{"target": -171.46306401785566, "params": {"p_ai": 10.0, "p_al": 0.001, "p_ex": 6.495598935985566, "prior": 0.001, "rate": 4.3438171036373445}, "datetime": {"datetime": "2024-04-01 16:24:53", "elapsed": 7917.187135, "delta": 16.680712}}
{"target": -101.47131220670425, "params": {"p_ai": 1.9880295929932328, "p_al": 10.0, "p_ex": 3.8717085851091424, "prior": 2.7995134387272387, "rate": 2.5562104172668545}, "datetime": {"datetime": "2024-04-01 16:25:16", "elapsed": 7941.037998, "delta": 23.850863}}
{"target": -146.98863026659987, "params": {"p_ai": 10.0, "p_al": 10.0, "p_ex": 10.0, "prior": 6.786996028976814, "rate": 7.416101915893852}, "datetime": {"datetime": "2024-04-01 16:25:32", "elapsed": 7956.357572, "delta": 15.319574}}
{"target": -128.78965731544852, "params": {"p_ai": 8.06717758595523, "p_al": 0.001, "p_ex": 6.77166562913283, "prior": 10.0, "rate": 10.0}, "datetime": {"datetime": "2024-04-01 16:25:46", "elapsed": 7970.807321, "delta": 14.449749}}
{"target": -150.6666677068231, "params": {"p_ai": 10.0, "p_al": 6.1024298753493635, "p_ex": 5.588202811488475, "prior": 10.0, "rate": 10.0}, "datetime": {"datetime": "2024-04-01 16:26:01", "elapsed": 7985.679885, "delta": 14.872564}}
{"target": -129.34558810797287, "params": {"p_ai": 5.6805695983348, "p_al": 5.717638747393813, "p_ex": 10.0, "prior": 10.0, "rate": 0.001}, "datetime": {"datetime": "2024-04-01 16:26:20", "elapsed": 8004.818573, "delta": 19.138688}}
{"target": -630.3042078347171, "params": {"p_ai": 0.001, "p_al": 8.189750467576625, "p_ex": 6.266614608619344, "prior": 0.001, "rate": 0.001}, "datetime": {"datetime": "2024-04-01 16:26:35", "elapsed": 8020.052036, "delta": 15.233463}}
{"target": -629.7485461054696, "params": {"p_ai": 10.0, "p_al": 3.478832409007486, "p_ex": 0.001, "prior": 0.001, "rate": 10.0}, "datetime": {"datetime": "2024-04-01 16:26:50", "elapsed": 8034.985575, "delta": 14.933539}}
{"target": -106.24187165174699, "params": {"p_ai": 0.4315074127386751, "p_al": 8.051239858611948, "p_ex": 3.950303611504289, "prior": 2.2701480163126124, "rate": 2.788986778525915}, "datetime": {"datetime": "2024-04-01 16:27:11", "elapsed": 8055.227848, "delta": 20.242273}}
{"target": -513.5930762976326, "params": {"p_ai": 0.09541996635791082, "p_al": 8.319653442724732, "p_ex": 3.5526229207348625, "prior": 0.011082202016478832, "rate": 5.387531288874508}, "datetime": {"datetime": "2024-04-01 16:27:35", "elapsed": 8079.879907, "delta": 24.652059}}
{"target": -96.18566972930385, "params": {"p_ai": 0.5833905143186543, "p_al": 6.617916442868023, "p_ex": 5.724061195303833, "prior": 1.9537913417923523, "rate": 3.061415231402663}, "datetime": {"datetime": "2024-04-01 16:27:56", "elapsed": 8100.660354, "delta": 20.780447}}
{"target": -93.19328710514313, "params": {"p_ai": 2.954095113205735, "p_al": 9.882598836051327, "p_ex": 3.345686054979865, "prior": 1.4316597814154353, "rate": 6.6042227593539105}, "datetime": {"datetime": "2024-04-01 16:28:18", "elapsed": 8123.10347, "delta": 22.443116}}
{"target": -130.9796829273834, "params": {"p_ai": 3.7846640493739496, "p_al": 1.9174181824274126, "p_ex": 0.001, "prior": 1.6642490953677713, "rate": 4.527678771657177}, "datetime": {"datetime": "2024-04-01 16:28:38", "elapsed": 8142.885162, "delta": 19.781692}}
{"target": -111.75309941209598, "params": {"p_ai": 0.001, "p_al": 1.0577833600531323, "p_ex": 7.275521149397486, "prior": 1.4346547067941795, "rate": 10.0}, "datetime": {"datetime": "2024-04-01 16:28:59", "elapsed": 8163.876629, "delta": 20.991467}}
{"target": -157.35631183976224, "params": {"p_ai": 10.0, "p_al": 0.001, "p_ex": 10.0, "prior": 5.418900906189357, "rate": 10.0}, "datetime": {"datetime": "2024-04-01 16:29:22", "elapsed": 8186.54908, "delta": 22.672451}}
{"target": -143.6976354414808, "params": {"p_ai": 5.16747567734227, "p_al": 10.0, "p_ex": 2.8659704275845104, "prior": 10.0, "rate": 0.001}, "datetime": {"datetime": "2024-04-01 16:29:39", "elapsed": 8203.241227, "delta": 16.692147}}
{"target": -103.08849876403474, "params": {"p_ai": 0.001, "p_al": 10.0, "p_ex": 5.979343265550805, "prior": 2.9255460589208813, "rate": 6.409968448592829}, "datetime": {"datetime": "2024-04-01 16:29:59", "elapsed": 8224.048249, "delta": 20.807022}}
{"target": -93.76700975672628, "params": {"p_ai": 2.8280581632878876, "p_al": 10.0, "p_ex": 6.1409941666304135, "prior": 2.4552439515006763, "rate": 2.315674547767547}, "datetime": {"datetime": "2024-04-01 16:30:19", "elapsed": 8244.124804, "delta": 20.076555}}
{"target": -100.70993875731588, "params": {"p_ai": 1.669969860666005, "p_al": 9.916913092220147, "p_ex": 2.1902923439160342, "prior": 1.6021354595415287, "rate": 6.718774347117055}, "datetime": {"datetime": "2024-04-01 16:30:41", "elapsed": 8265.820089, "delta": 21.695285}}
{"target": -418.6027417484403, "params": {"p_ai": 10.0, "p_al": 10.0, "p_ex": 3.7321528933638146, "prior": 0.001, "rate": 4.633816422742451}, "datetime": {"datetime": "2024-04-01 16:31:03", "elapsed": 8287.761056, "delta": 21.940967}}
{"target": -126.48587631042953, "params": {"p_ai": 0.001, "p_al": 0.001, "p_ex": 10.0, "prior": 2.3557888749684315, "rate": 2.836771822532082}, "datetime": {"datetime": "2024-04-01 16:31:32", "elapsed": 8316.893557, "delta": 29.132501}}
{"target": -160.49251847060734, "params": {"p_ai": 0.001, "p_al": 10.0, "p_ex": 10.0, "prior": 4.366998903207388, "rate": 0.001}, "datetime": {"datetime": "2024-04-01 16:32:01", "elapsed": 8345.886998, "delta": 28.993441}}
{"target": -125.69343912018508, "params": {"p_ai": 5.123811711069031, "p_al": 2.051460726962315, "p_ex": 10.0, "prior": 6.011289208975898, "rate": 0.001}, "datetime": {"datetime": "2024-04-01 16:32:23", "elapsed": 8367.148708, "delta": 21.26171}}
{"target": -111.93778220142819, "params": {"p_ai": 6.2129669154972635, "p_al": 5.242423289636703, "p_ex": 7.882108473950776, "prior": 6.043535592164564, "rate": 10.0}, "datetime": {"datetime": "2024-04-01 16:32:37", "elapsed": 8382.073986, "delta": 14.925278}}
{"target": -147.23587682352525, "params": {"p_ai": 10.0, "p_al": 0.001, "p_ex": 7.090653343941625, "prior": 10.0, "rate": 6.719565532844885}, "datetime": {"datetime": "2024-04-01 16:32:57", "elapsed": 8401.421423, "delta": 19.347437}}
{"target": -112.68827837130506, "params": {"p_ai": 6.302261753046789, "p_al": 10.0, "p_ex": 8.934815253565393, "prior": 3.8426317358955466, "rate": 7.317627751654414}, "datetime": {"datetime": "2024-04-01 16:33:12", "elapsed": 8416.894349, "delta": 15.472926}}
{"target": -142.39975368008152, "params": {"p_ai": 0.001, "p_al": 10.0, "p_ex": 0.001, "prior": 10.0, "rate": 10.0}, "datetime": {"datetime": "2024-04-01 16:33:33", "elapsed": 8437.893174, "delta": 20.998825}}
{"target": -126.6020471910507, "params": {"p_ai": 3.1281984526625086, "p_al": 0.001, "p_ex": 0.001, "prior": 0.04074539796270669, "rate": 6.706011996140498}, "datetime": {"datetime": "2024-04-01 16:33:48", "elapsed": 8452.939137, "delta": 15.045963}}
{"target": -127.59143952490739, "params": {"p_ai": 2.6757934676510744, "p_al": 10.0, "p_ex": 0.001, "prior": 4.540737995254835, "rate": 10.0}, "datetime": {"datetime": "2024-04-01 16:34:16", "elapsed": 8480.218802, "delta": 27.279665}}
{"target": -101.64732231918647, "params": {"p_ai": 5.5116805275961935, "p_al": 0.001, "p_ex": 7.381000457476905, "prior": 10.0, "rate": 7.66314193519331}, "datetime": {"datetime": "2024-04-01 16:34:39", "elapsed": 8503.330364, "delta": 23.111562}}
{"target": -125.62282809080584, "params": {"p_ai": 6.665943772477118, "p_al": 0.001, "p_ex": 6.088873488142343, "prior": 2.099592630894806, "rate": 10.0}, "datetime": {"datetime": "2024-04-01 16:34:54", "elapsed": 8518.892178, "delta": 15.561814}}
{"target": -127.51726371526705, "params": {"p_ai": 1.4435919951620544, "p_al": 9.375158373379106, "p_ex": 0.004963777143241691, "prior": 6.72047017387188, "rate": 2.6052471044378955}, "datetime": {"datetime": "2024-04-01 16:35:10", "elapsed": 8534.579315, "delta": 15.687137}}
{"target": -104.0792275222785, "params": {"p_ai": 3.942362458332437, "p_al": 0.001, "p_ex": 2.826091674686887, "prior": 8.582176078412155, "rate": 10.0}, "datetime": {"datetime": "2024-04-01 16:35:35", "elapsed": 8559.613889, "delta": 25.034574}}
