{"target": -1264.712441181421, "params": {"gamma": 4.797895932924502, "lr": 0.9466766792396476}, "datetime": {"datetime": "2024-04-04 21:00:54", "elapsed": 2.449213, "delta": 0.003329}}
{"target": -2705.33924389399, "params": {"gamma": 5.53478362877641, "lr": 0.08480182166035288}, "datetime": {"datetime": "2024-04-04 21:00:54", "elapsed": 2.452515, "delta": 0.003302}}
{"target": -499.71726826116117, "params": {"gamma": 2.0254278937096815, "lr": 0.8542379729163827}, "datetime": {"datetime": "2024-04-04 21:00:54", "elapsed": 2.455711, "delta": 0.003196}}
{"target": -1812.8358771793805, "params": {"gamma": 7.0595677402804276, "lr": 0.8949395201529242}, "datetime": {"datetime": "2024-04-04 21:00:54", "elapsed": 2.458898, "delta": 0.003187}}
{"target": -533.8943924285725, "params": {"gamma": 3.2921308719412035, "lr": 0.5280013966376261}, "datetime": {"datetime": "2024-04-04 21:00:54", "elapsed": 2.46211, "delta": 0.003212}}
{"target": -1089.7901425786333, "params": {"gamma": 6.504330926708715, "lr": 0.5942908535866644}, "datetime": {"datetime": "2024-04-04 21:00:54", "elapsed": 2.465292, "delta": 0.003182}}
{"target": -329.474417454379, "params": {"gamma": 2.315397892406944, "lr": 0.4268213494482356}, "datetime": {"datetime": "2024-04-04 21:00:54", "elapsed": 2.468505, "delta": 0.003213}}
{"target": -605.4159917775135, "params": {"gamma": 2.481866529137688, "lr": 0.8456149622311454}, "datetime": {"datetime": "2024-04-04 21:00:54", "elapsed": 2.471798, "delta": 0.003293}}
{"target": -5115.775672489423, "params": {"gamma": 9.866787772235858, "lr": 0.06657080313237929}, "datetime": {"datetime": "2024-04-04 21:00:54", "elapsed": 2.474929, "delta": 0.003131}}
{"target": -703.5105401803929, "params": {"gamma": 7.139566394637347, "lr": 0.3301155521990743}, "datetime": {"datetime": "2024-04-04 21:00:54", "elapsed": 2.478422, "delta": 0.003493}}
{"target": -646.4425147648163, "params": {"gamma": 6.254728347736019, "lr": 0.258129649281871}, "datetime": {"datetime": "2024-04-04 21:00:54", "elapsed": 2.481786, "delta": 0.003364}}
{"target": -723.801190847447, "params": {"gamma": 6.510425085475643, "lr": 0.37114718446272954}, "datetime": {"datetime": "2024-04-04 21:00:54", "elapsed": 2.484994, "delta": 0.003208}}
{"target": -775.261715033322, "params": {"gamma": 2.9489139744901, "lr": 0.9117631736977988}, "datetime": {"datetime": "2024-04-04 21:00:54", "elapsed": 2.488311, "delta": 0.003317}}
{"target": -1572.639330846606, "params": {"gamma": 9.425046243387849, "lr": 0.6135500265601355}, "datetime": {"datetime": "2024-04-04 21:00:54", "elapsed": 2.491497, "delta": 0.003186}}
{"target": -577.1158683904896, "params": {"gamma": 2.1454633405260957, "lr": 0.9394188709061594}, "datetime": {"datetime": "2024-04-04 21:00:54", "elapsed": 2.494691, "delta": 0.003194}}
{"target": -1708.6939011546474, "params": {"gamma": 7.504785013686519, "lr": 0.7510898073228061}, "datetime": {"datetime": "2024-04-04 21:00:54", "elapsed": 2.497826, "delta": 0.003135}}
{"target": -524.9670370794105, "params": {"gamma": 2.1180016271500137, "lr": 0.8301565261622993}, "datetime": {"datetime": "2024-04-04 21:00:54", "elapsed": 2.500892, "delta": 0.003066}}
{"target": -439.8430224502219, "params": {"gamma": 2.4017114464579397, "lr": 0.6316207452501602}, "datetime": {"datetime": "2024-04-04 21:00:54", "elapsed": 2.504103, "delta": 0.003211}}
{"target": -1440.5679340179622, "params": {"gamma": 7.107684959425964, "lr": 0.7423834297071017}, "datetime": {"datetime": "2024-04-04 21:00:54", "elapsed": 2.50721, "delta": 0.003107}}
{"target": -896.0252022488129, "params": {"gamma": 3.9032567812912102, "lr": 0.7598253967160974}, "datetime": {"datetime": "2024-04-04 21:00:54", "elapsed": 2.510529, "delta": 0.003319}}
{"target": -1503.7525227148378, "params": {"gamma": 9.029456085314978, "lr": 0.5874200192375769}, "datetime": {"datetime": "2024-04-04 21:00:54", "elapsed": 2.514017, "delta": 0.003488}}
{"target": -277.6907868393339, "params": {"gamma": 0.9050067472322914, "lr": 0.12897598414227607}, "datetime": {"datetime": "2024-04-04 21:00:54", "elapsed": 2.517295, "delta": 0.003278}}
{"target": -209.62789981742125, "params": {"gamma": 1.0535200041012063, "lr": 0.17272746332288003}, "datetime": {"datetime": "2024-04-04 21:00:54", "elapsed": 2.520421, "delta": 0.003126}}
{"target": -315.8698169744309, "params": {"gamma": 1.2651824720065605, "lr": 0.7783008900676276}, "datetime": {"datetime": "2024-04-04 21:00:54", "elapsed": 2.523605, "delta": 0.003184}}
{"target": -130.98044169209405, "params": {"gamma": 0.39507571033225836, "lr": 0.24155841734086403}, "datetime": {"datetime": "2024-04-04 21:00:54", "elapsed": 2.526797, "delta": 0.003192}}
{"target": -2306.2440859170947, "params": {"gamma": 8.790784947183296, "lr": 0.9735188608362936}, "datetime": {"datetime": "2024-04-04 21:00:54", "elapsed": 2.529918, "delta": 0.003121}}
{"target": -1592.343094230043, "params": {"gamma": 6.054614655262755, "lr": 0.9762382645603884}, "datetime": {"datetime": "2024-04-04 21:00:54", "elapsed": 2.533401, "delta": 0.003483}}
{"target": -172.73531361133607, "params": {"gamma": 0.43547196560805285, "lr": 0.9485727683760076}, "datetime": {"datetime": "2024-04-04 21:00:54", "elapsed": 2.536785, "delta": 0.003384}}
{"target": -724.3796707538393, "params": {"gamma": 3.113649528479215, "lr": 0.798972840361593}, "datetime": {"datetime": "2024-04-04 21:00:54", "elapsed": 2.540152, "delta": 0.003367}}
{"target": -2055.404860494376, "params": {"gamma": 8.106480405365568, "lr": 0.8599985915803449}, "datetime": {"datetime": "2024-04-04 21:00:54", "elapsed": 2.543481, "delta": 0.003329}}
{"target": -1209.5250992827275, "params": {"gamma": 4.586049558214109, "lr": 0.9306443921654484}, "datetime": {"datetime": "2024-04-04 21:00:54", "elapsed": 2.546974, "delta": 0.003493}}
{"target": -688.7079812426621, "params": {"gamma": 2.579671951285972, "lr": 0.9344454925295846}, "datetime": {"datetime": "2024-04-04 21:00:54", "elapsed": 2.550245, "delta": 0.003271}}
{"target": -1628.0661847625197, "params": {"gamma": 6.191577212883354, "lr": 0.9854449149448306}, "datetime": {"datetime": "2024-04-04 21:00:54", "elapsed": 2.553496, "delta": 0.003251}}
{"target": -143.2117952029448, "params": {"gamma": 0.3274060157599613, "lr": 0.7251666588327084}, "datetime": {"datetime": "2024-04-04 21:00:54", "elapsed": 2.556728, "delta": 0.003232}}
{"target": -824.6866698016368, "params": {"gamma": 5.655976799568431, "lr": 0.4924240473983196}, "datetime": {"datetime": "2024-04-04 21:00:54", "elapsed": 2.55994, "delta": 0.003212}}
{"target": -278.22839971458654, "params": {"gamma": 2.5929220383817193, "lr": 0.3268306848663751}, "datetime": {"datetime": "2024-04-04 21:00:54", "elapsed": 2.563313, "delta": 0.003373}}
{"target": -255.00661631314264, "params": {"gamma": 2.495372604807176, "lr": 0.21926791032506077}, "datetime": {"datetime": "2024-04-04 21:00:54", "elapsed": 2.566597, "delta": 0.003284}}
{"target": -1255.9080984582254, "params": {"gamma": 7.996808714410864, "lr": 0.5023950058982584}, "datetime": {"datetime": "2024-04-04 21:00:54", "elapsed": 2.570015, "delta": 0.003418}}
{"target": -227.77653716578337, "params": {"gamma": 0.8328156970812803, "lr": 0.7769841920273803}, "datetime": {"datetime": "2024-04-04 21:00:54", "elapsed": 2.573375, "delta": 0.00336}}
{"target": -1085.9577873703954, "params": {"gamma": 5.336957111761226, "lr": 0.739387787346382}, "datetime": {"datetime": "2024-04-04 21:00:54", "elapsed": 2.57681, "delta": 0.003435}}
{"target": -599.6519527804243, "params": {"gamma": 5.154421537738071, "lr": 0.39994592398513173}, "datetime": {"datetime": "2024-04-04 21:00:54", "elapsed": 2.580325, "delta": 0.003515}}
{"target": -5113.5472397787025, "params": {"gamma": 9.862481577580514, "lr": 0.02824262016291268}, "datetime": {"datetime": "2024-04-04 21:00:54", "elapsed": 2.583692, "delta": 0.003367}}
{"target": -2446.3643621890833, "params": {"gamma": 9.327706315740619, "lr": 0.930854967759968}, "datetime": {"datetime": "2024-04-04 21:00:54", "elapsed": 2.586908, "delta": 0.003216}}
{"target": -376.7448305276917, "params": {"gamma": 3.909796196303079, "lr": 0.2144648711333198}, "datetime": {"datetime": "2024-04-04 21:00:54", "elapsed": 2.590139, "delta": 0.003231}}
{"target": -933.0584895084434, "params": {"gamma": 6.192513766034457, "lr": 0.17797233547016944}, "datetime": {"datetime": "2024-04-04 21:00:54", "elapsed": 2.593363, "delta": 0.003224}}
{"target": -821.1832305878045, "params": {"gamma": 8.032278735085756, "lr": 0.2539338558777352}, "datetime": {"datetime": "2024-04-04 21:00:54", "elapsed": 2.596624, "delta": 0.003261}}
{"target": -764.9941909932238, "params": {"gamma": 2.9087707441717465, "lr": 0.915915790009957}, "datetime": {"datetime": "2024-04-04 21:00:54", "elapsed": 2.599931, "delta": 0.003307}}
{"target": -1414.8475653933313, "params": {"gamma": 9.029265417910615, "lr": 0.5353808917305217}, "datetime": {"datetime": "2024-04-04 21:00:54", "elapsed": 2.603172, "delta": 0.003241}}
{"target": -960.7800092760546, "params": {"gamma": 8.628526966805577, "lr": 0.3525325688050618}, "datetime": {"datetime": "2024-04-04 21:00:54", "elapsed": 2.606376, "delta": 0.003204}}
{"target": -1407.237495389535, "params": {"gamma": 9.978844897970799, "lr": 0.433689739404977}, "datetime": {"datetime": "2024-04-04 21:00:54", "elapsed": 2.609739, "delta": 0.003363}}
{"target": -1537.7897713915797, "params": {"gamma": 2.948825305973155, "lr": 0.04157423394916726}, "datetime": {"datetime": "2024-04-04 21:00:54", "elapsed": 2.613242, "delta": 0.003503}}
{"target": -1426.2528558224046, "params": {"gamma": 9.897079830913631, "lr": 0.4648876309118224}, "datetime": {"datetime": "2024-04-04 21:00:54", "elapsed": 2.616544, "delta": 0.003302}}
{"target": -1302.8164899742812, "params": {"gamma": 7.346115555489657, "lr": 0.6408076240458747}, "datetime": {"datetime": "2024-04-04 21:00:54", "elapsed": 2.619843, "delta": 0.003299}}
{"target": -3751.906866216896, "params": {"gamma": 7.231210903260432, "lr": 0.05111090382611627}, "datetime": {"datetime": "2024-04-04 21:00:54", "elapsed": 2.623036, "delta": 0.003193}}
{"target": -2413.1758061412656, "params": {"gamma": 9.200534008691728, "lr": 0.9268412179022415}, "datetime": {"datetime": "2024-04-04 21:00:54", "elapsed": 2.626248, "delta": 0.003212}}
{"target": -1453.0316835063386, "params": {"gamma": 5.520398276514817, "lr": 0.963915888684551}, "datetime": {"datetime": "2024-04-04 21:00:54", "elapsed": 2.629517, "delta": 0.003269}}
{"target": -487.54277384459004, "params": {"gamma": 2.8102744143666842, "lr": 0.6021466271365452}, "datetime": {"datetime": "2024-04-04 21:00:54", "elapsed": 2.632766, "delta": 0.003249}}
{"target": -706.0489523583981, "params": {"gamma": 3.9652304378361865, "lr": 0.6280232317552282}, "datetime": {"datetime": "2024-04-04 21:00:54", "elapsed": 2.636, "delta": 0.003234}}
{"target": -734.1133937870558, "params": {"gamma": 3.0070222529489574, "lr": 0.8193583846560202}, "datetime": {"datetime": "2024-04-04 21:00:54", "elapsed": 2.639197, "delta": 0.003197}}
{"target": -401.2270739002449, "params": {"gamma": 0.6987899990635812, "lr": 0.04187757029999628}, "datetime": {"datetime": "2024-04-04 21:00:54", "elapsed": 2.642444, "delta": 0.003247}}
{"target": -180.73822816402918, "params": {"gamma": 0.49491444994850975, "lr": 0.15045502836766345}, "datetime": {"datetime": "2024-04-04 21:00:54", "elapsed": 2.645963, "delta": 0.003519}}
{"target": -1045.0286292311785, "params": {"gamma": 3.954109387473109, "lr": 0.9553899892571747}, "datetime": {"datetime": "2024-04-04 21:00:54", "elapsed": 2.649269, "delta": 0.003306}}
{"target": -232.7761859184682, "params": {"gamma": 1.1088436015198657, "lr": 0.6475529858164272}, "datetime": {"datetime": "2024-04-04 21:00:54", "elapsed": 2.652544, "delta": 0.003275}}
{"target": -596.3714171943404, "params": {"gamma": 5.276687463055037, "lr": 0.353242405983059}, "datetime": {"datetime": "2024-04-04 21:00:54", "elapsed": 2.655722, "delta": 0.003178}}
{"target": -213.5076916128034, "params": {"gamma": 1.9827940939725983, "lr": 0.22059408184733575}, "datetime": {"datetime": "2024-04-04 21:00:54", "elapsed": 2.658898, "delta": 0.003176}}
{"target": -151.98705416853065, "params": {"gamma": 0.4391712757617422, "lr": 0.7131639731598145}, "datetime": {"datetime": "2024-04-04 21:00:54", "elapsed": 2.662153, "delta": 0.003255}}
{"target": -929.4646757023954, "params": {"gamma": 6.538748151763354, "lr": 0.4437697927247224}, "datetime": {"datetime": "2024-04-04 21:00:54", "elapsed": 2.66537, "delta": 0.003217}}
{"target": -2702.1741623321386, "params": {"gamma": 7.189675941410347, "lr": 0.10997597244532042}, "datetime": {"datetime": "2024-04-04 21:00:54", "elapsed": 2.66871, "delta": 0.00334}}
{"target": -2234.0058871154138, "params": {"gamma": 9.387253014515942, "lr": 0.8476267092393875}, "datetime": {"datetime": "2024-04-04 21:00:54", "elapsed": 2.672071, "delta": 0.003361}}
{"target": -761.2371445647708, "params": {"gamma": 6.590697560999168, "lr": 0.37883116866173183}, "datetime": {"datetime": "2024-04-04 21:00:54", "elapsed": 2.675332, "delta": 0.003261}}
{"target": -614.3337455994699, "params": {"gamma": 4.16625072341846, "lr": 0.48215392215746744}, "datetime": {"datetime": "2024-04-04 21:00:54", "elapsed": 2.678863, "delta": 0.003531}}
{"target": -2369.457006648107, "params": {"gamma": 9.352902416297999, "lr": 0.8635929549181026}, "datetime": {"datetime": "2024-04-04 21:00:54", "elapsed": 2.68228, "delta": 0.003417}}
{"target": -761.2737413257038, "params": {"gamma": 4.779760568316378, "lr": 0.554518498278167}, "datetime": {"datetime": "2024-04-04 21:00:54", "elapsed": 2.685532, "delta": 0.003252}}
{"target": -2296.687105484476, "params": {"gamma": 8.754163218930938, "lr": 0.9492644337722901}, "datetime": {"datetime": "2024-04-04 21:00:54", "elapsed": 2.688806, "delta": 0.003274}}
{"target": -1297.2299544142245, "params": {"gamma": 6.392208373926592, "lr": 0.7485203200897537}, "datetime": {"datetime": "2024-04-04 21:00:54", "elapsed": 2.691948, "delta": 0.003142}}
{"target": -931.3884209227742, "params": {"gamma": 3.516897438698066, "lr": 0.91802831908618}, "datetime": {"datetime": "2024-04-04 21:00:54", "elapsed": 2.695133, "delta": 0.003185}}
{"target": -1312.997938071071, "params": {"gamma": 8.367683746488458, "lr": 0.5520558812247628}, "datetime": {"datetime": "2024-04-04 21:00:54", "elapsed": 2.698402, "delta": 0.003269}}
{"target": -2065.9164296832028, "params": {"gamma": 8.676404468942122, "lr": 0.8498718814403323}, "datetime": {"datetime": "2024-04-04 21:00:54", "elapsed": 2.701699, "delta": 0.003297}}
{"target": -1990.1718970110442, "params": {"gamma": 8.084305154704811, "lr": 0.13069282439738805}, "datetime": {"datetime": "2024-04-04 21:00:54", "elapsed": 2.705024, "delta": 0.003325}}
{"target": -1379.8706788585514, "params": {"gamma": 5.3604897456433, "lr": 0.900783114706916}, "datetime": {"datetime": "2024-04-04 21:00:54", "elapsed": 2.708468, "delta": 0.003444}}
{"target": -1022.4660313762623, "params": {"gamma": 7.70854747370775, "lr": 0.4207131990251918}, "datetime": {"datetime": "2024-04-04 21:00:54", "elapsed": 2.712005, "delta": 0.003537}}
{"target": -993.0981274643639, "params": {"gamma": 9.778826053206298, "lr": 0.25077315667300226}, "datetime": {"datetime": "2024-04-04 21:00:54", "elapsed": 2.715542, "delta": 0.003537}}
{"target": -884.6282271455544, "params": {"gamma": 3.336768678250129, "lr": 0.954200507429589}, "datetime": {"datetime": "2024-04-04 21:00:54", "elapsed": 2.718732, "delta": 0.00319}}
{"target": -2074.8454025665455, "params": {"gamma": 8.087344766504712, "lr": 0.9003400045106619}, "datetime": {"datetime": "2024-04-04 21:00:54", "elapsed": 2.722003, "delta": 0.003271}}
{"target": -137.95597311791644, "params": {"gamma": 0.11688430450954196, "lr": 0.37976443303399476}, "datetime": {"datetime": "2024-04-04 21:00:54", "elapsed": 2.725214, "delta": 0.003211}}
{"target": -257.3001959307482, "params": {"gamma": 2.355984044142083, "lr": 0.2959350518874113}, "datetime": {"datetime": "2024-04-04 21:00:54", "elapsed": 2.72858, "delta": 0.003366}}
{"target": -1468.655214496162, "params": {"gamma": 7.380216968542006, "lr": 0.7240848448640741}, "datetime": {"datetime": "2024-04-04 21:00:54", "elapsed": 2.731852, "delta": 0.003272}}
{"target": -520.6809240996425, "params": {"gamma": 4.618532302580416, "lr": 0.3652744612070937}, "datetime": {"datetime": "2024-04-04 21:00:54", "elapsed": 2.735114, "delta": 0.003262}}
{"target": -925.2206419646144, "params": {"gamma": 5.847331438432254, "lr": 0.5337077546342763}, "datetime": {"datetime": "2024-04-04 21:00:54", "elapsed": 2.738373, "delta": 0.003259}}
{"target": -928.3446080978748, "params": {"gamma": 5.5062450105196135, "lr": 0.6154770711146578}, "datetime": {"datetime": "2024-04-04 21:00:54", "elapsed": 2.741667, "delta": 0.003294}}
{"target": -908.1343198370348, "params": {"gamma": 3.957087074403221, "lr": 0.7717184824154584}, "datetime": {"datetime": "2024-04-04 21:00:54", "elapsed": 2.745206, "delta": 0.003539}}
{"target": -463.55877127387964, "params": {"gamma": 2.512780630310517, "lr": 0.655760767903366}, "datetime": {"datetime": "2024-04-04 21:00:54", "elapsed": 2.7487, "delta": 0.003494}}
{"target": -4979.790270437312, "params": {"gamma": 9.604011085051962, "lr": 0.0035547604644260433}, "datetime": {"datetime": "2024-04-04 21:00:54", "elapsed": 2.751983, "delta": 0.003283}}
{"target": -2718.7068810222786, "params": {"gamma": 7.233887082898668, "lr": 0.10899503392964371}, "datetime": {"datetime": "2024-04-04 21:00:54", "elapsed": 2.755172, "delta": 0.003189}}
{"target": -959.3285003356874, "params": {"gamma": 5.438331129146589, "lr": 0.6269160166803346}, "datetime": {"datetime": "2024-04-04 21:00:54", "elapsed": 2.758423, "delta": 0.003251}}
{"target": -642.9220823766392, "params": {"gamma": 2.4302283105822404, "lr": 0.9138438752466082}, "datetime": {"datetime": "2024-04-04 21:00:54", "elapsed": 2.761728, "delta": 0.003305}}
{"target": -537.8773952343068, "params": {"gamma": 6.223502974387487, "lr": 0.23169469139485988}, "datetime": {"datetime": "2024-04-04 21:00:54", "elapsed": 2.76506, "delta": 0.003332}}
{"target": -2893.5942466178617, "params": {"gamma": 7.701551743810476, "lr": 0.10550707999733477}, "datetime": {"datetime": "2024-04-04 21:00:54", "elapsed": 2.768373, "delta": 0.003313}}
{"target": -2519.71616964002, "params": {"gamma": 5.552697959994914, "lr": 0.0949560698024915}, "datetime": {"datetime": "2024-04-04 21:00:54", "elapsed": 2.771612, "delta": 0.003239}}
{"target": -602.8321820542862, "params": {"gamma": 5.810259742677521, "lr": 0.2529801127201884}, "datetime": {"datetime": "2024-04-04 21:00:54", "elapsed": 2.774849, "delta": 0.003237}}
{"target": -1294.3993141062422, "params": {"gamma": 6.495018612739509, "lr": 0.71582695285818}, "datetime": {"datetime": "2024-04-04 21:00:54", "elapsed": 2.778343, "delta": 0.003494}}
{"target": -936.0649524342637, "params": {"gamma": 5.242331960072044, "lr": 0.6575214077031101}, "datetime": {"datetime": "2024-04-04 21:00:54", "elapsed": 2.781847, "delta": 0.003504}}
{"target": -1912.3661739817105, "params": {"gamma": 8.133125159405232, "lr": 0.8075122716430321}, "datetime": {"datetime": "2024-04-04 21:00:54", "elapsed": 2.785148, "delta": 0.003301}}
{"target": -901.3363004010657, "params": {"gamma": 6.197200238546574, "lr": 0.45110246212077487}, "datetime": {"datetime": "2024-04-04 21:00:54", "elapsed": 2.788445, "delta": 0.003297}}
{"target": -1041.789260407978, "params": {"gamma": 4.080091940484627, "lr": 0.8747476199043634}, "datetime": {"datetime": "2024-04-04 21:00:54", "elapsed": 2.791702, "delta": 0.003257}}
{"target": -998.537534545427, "params": {"gamma": 7.029614389411599, "lr": 0.18493502237340165}, "datetime": {"datetime": "2024-04-04 21:00:54", "elapsed": 2.794865, "delta": 0.003163}}
{"target": -1455.5934307688435, "params": {"gamma": 5.657755734146004, "lr": 0.9088080323000569}, "datetime": {"datetime": "2024-04-04 21:00:54", "elapsed": 2.798146, "delta": 0.003281}}
{"target": -381.68398694418755, "params": {"gamma": 1.5077492324904636, "lr": 0.8455176755307064}, "datetime": {"datetime": "2024-04-04 21:00:54", "elapsed": 2.801502, "delta": 0.003356}}
{"target": -1185.6848158667713, "params": {"gamma": 8.202204460687183, "lr": 0.4993411012978345}, "datetime": {"datetime": "2024-04-04 21:00:54", "elapsed": 2.804816, "delta": 0.003314}}
{"target": -167.91569840365048, "params": {"gamma": 0.37680093100554635, "lr": 0.14750250539693543}, "datetime": {"datetime": "2024-04-04 21:00:54", "elapsed": 2.80816, "delta": 0.003344}}
{"target": -4784.412556724221, "params": {"gamma": 9.226464308192023, "lr": 0.04415479603186245}, "datetime": {"datetime": "2024-04-04 21:00:54", "elapsed": 2.811687, "delta": 0.003527}}
{"target": -636.4690422028834, "params": {"gamma": 3.7256151652871896, "lr": 0.6190396347254709}, "datetime": {"datetime": "2024-04-04 21:00:54", "elapsed": 2.815125, "delta": 0.003438}}
{"target": -532.3701439591424, "params": {"gamma": 1.9702834411012529, "lr": 0.9810797572402973}, "datetime": {"datetime": "2024-04-04 21:00:54", "elapsed": 2.818375, "delta": 0.00325}}
{"target": -276.73930962216303, "params": {"gamma": 1.5605963552011808, "lr": 0.5396791951612744}, "datetime": {"datetime": "2024-04-04 21:00:54", "elapsed": 2.821679, "delta": 0.003304}}
{"target": -534.3646188434666, "params": {"gamma": 6.180495232142101, "lr": 0.2309899486697039}, "datetime": {"datetime": "2024-04-04 21:00:54", "elapsed": 2.824843, "delta": 0.003164}}
{"target": -684.4145597636234, "params": {"gamma": 4.663623583104205, "lr": 0.49100852913292925}, "datetime": {"datetime": "2024-04-04 21:00:54", "elapsed": 2.828008, "delta": 0.003165}}
{"target": -1343.7755595193332, "params": {"gamma": 7.668856900889094, "lr": 0.6342807527738734}, "datetime": {"datetime": "2024-04-04 21:00:54", "elapsed": 2.831174, "delta": 0.003166}}
