{"target": -1289.0925698867143, "params": {"gamma": 6.139097026322785, "lr": 0.3241385298974466}, "datetime": {"datetime": "2024-04-04 05:09:37", "elapsed": 0.967577, "delta": 0.002919}}
{"target": -984.9583892089674, "params": {"gamma": 4.574144456728294, "lr": 0.44411710701661444}, "datetime": {"datetime": "2024-04-04 05:09:37", "elapsed": 0.970387, "delta": 0.00281}}
{"target": -1773.838077954085, "params": {"gamma": 8.281525471954389, "lr": 0.4263481542362306}, "datetime": {"datetime": "2024-04-04 05:09:37", "elapsed": 0.973256, "delta": 0.002869}}
{"target": -803.0983417361167, "params": {"gamma": 3.4576425129338477, "lr": 0.6749716048091052}, "datetime": {"datetime": "2024-04-04 05:09:37", "elapsed": 0.976164, "delta": 0.002908}}
{"target": -448.00334805641415, "params": {"gamma": 2.215599075279554, "lr": 0.4672458239265538}, "datetime": {"datetime": "2024-04-04 05:09:37", "elapsed": 0.979197, "delta": 0.003033}}
{"target": -671.5060810301039, "params": {"gamma": 3.1483421075528404, "lr": 0.6268556021628346}, "datetime": {"datetime": "2024-04-04 05:09:37", "elapsed": 0.98197, "delta": 0.002773}}
{"target": -1724.5926472160695, "params": {"gamma": 8.773727386473432, "lr": 0.4476890001456285}, "datetime": {"datetime": "2024-04-04 05:09:37", "elapsed": 0.984861, "delta": 0.002891}}
{"target": -1519.0476563431441, "params": {"gamma": 7.84478973050044, "lr": 0.4569657005615504}, "datetime": {"datetime": "2024-04-04 05:09:37", "elapsed": 0.987698, "delta": 0.002837}}
{"target": -2533.496128500795, "params": {"gamma": 6.562637087839597, "lr": 0.13184097502750214}, "datetime": {"datetime": "2024-04-04 05:09:37", "elapsed": 0.99056, "delta": 0.002862}}
{"target": -1077.1127723989944, "params": {"gamma": 4.3303820881695145, "lr": 0.9093119886549367}, "datetime": {"datetime": "2024-04-04 05:09:37", "elapsed": 0.993623, "delta": 0.003063}}
{"target": -1457.317881746733, "params": {"gamma": 6.055184531308316, "lr": 0.7667745872371021}, "datetime": {"datetime": "2024-04-04 05:09:37", "elapsed": 0.996704, "delta": 0.003081}}
{"target": -983.9815065930708, "params": {"gamma": 5.047501380350848, "lr": 0.49805562482800747}, "datetime": {"datetime": "2024-04-04 05:09:37", "elapsed": 0.999648, "delta": 0.002944}}
{"target": -3858.6849372020074, "params": {"gamma": 8.429155502088307, "lr": 0.06780693434095375}, "datetime": {"datetime": "2024-04-04 05:09:37", "elapsed": 1.002452, "delta": 0.002804}}
{"target": -1433.8177426689572, "params": {"gamma": 5.733149443225297, "lr": 0.9427625754329493}, "datetime": {"datetime": "2024-04-04 05:09:37", "elapsed": 1.005285, "delta": 0.002833}}
{"target": -1790.4805684970158, "params": {"gamma": 5.179082621675048, "lr": 0.1944658095278845}, "datetime": {"datetime": "2024-04-04 05:09:37", "elapsed": 1.008155, "delta": 0.00287}}
{"target": -1977.5930032438334, "params": {"gamma": 8.479545985042318, "lr": 0.25163914235585283}, "datetime": {"datetime": "2024-04-04 05:09:37", "elapsed": 1.011006, "delta": 0.002851}}
{"target": -1452.4032323590613, "params": {"gamma": 7.007559638788898, "lr": 0.5402609403968999}, "datetime": {"datetime": "2024-04-04 05:09:37", "elapsed": 1.013795, "delta": 0.002789}}
{"target": -2001.668449199474, "params": {"gamma": 9.488414046513915, "lr": 0.6243367024026759}, "datetime": {"datetime": "2024-04-04 05:09:37", "elapsed": 1.016693, "delta": 0.002898}}
{"target": -3836.367046508179, "params": {"gamma": 8.379941642515245, "lr": 0.007932876194523097}, "datetime": {"datetime": "2024-04-04 05:09:37", "elapsed": 1.019477, "delta": 0.002784}}
{"target": -4522.71378540111, "params": {"gamma": 9.893411221610213, "lr": 0.07771457033238649}, "datetime": {"datetime": "2024-04-04 05:09:37", "elapsed": 1.022253, "delta": 0.002776}}
{"target": -816.9605043578962, "params": {"gamma": 3.2219730066340815, "lr": 0.9461523954567653}, "datetime": {"datetime": "2024-04-04 05:09:37", "elapsed": 1.0252, "delta": 0.002947}}
{"target": -140.2721592690797, "params": {"gamma": 0.09038208461007943, "lr": 0.8227300054219355}, "datetime": {"datetime": "2024-04-04 05:09:37", "elapsed": 1.028296, "delta": 0.003096}}
{"target": -1839.8136906218424, "params": {"gamma": 8.612255172029577, "lr": 0.4398308142085725}, "datetime": {"datetime": "2024-04-04 05:09:37", "elapsed": 1.031387, "delta": 0.003091}}
{"target": -646.0405351480326, "params": {"gamma": 2.558196192865506, "lr": 0.8026895196332986}, "datetime": {"datetime": "2024-04-04 05:09:37", "elapsed": 1.034268, "delta": 0.002881}}
{"target": -1849.8377193068147, "params": {"gamma": 4.77914218231778, "lr": 0.13433860865569613}, "datetime": {"datetime": "2024-04-04 05:09:37", "elapsed": 1.037061, "delta": 0.002793}}
{"target": -2298.751727106875, "params": {"gamma": 9.278562079257282, "lr": 0.8959699670066484}, "datetime": {"datetime": "2024-04-04 05:09:37", "elapsed": 1.039986, "delta": 0.002925}}
{"target": -1214.698361681403, "params": {"gamma": 4.915959955019337, "lr": 0.8567024965177922}, "datetime": {"datetime": "2024-04-04 05:09:37", "elapsed": 1.042757, "delta": 0.002771}}
{"target": -966.8376744312936, "params": {"gamma": 4.1863616796152225, "lr": 0.6834649001663011}, "datetime": {"datetime": "2024-04-04 05:09:37", "elapsed": 1.045538, "delta": 0.002781}}
{"target": -832.7744907784297, "params": {"gamma": 3.9805084034398166, "lr": 0.5057420174508104}, "datetime": {"datetime": "2024-04-04 05:09:37", "elapsed": 1.048322, "delta": 0.002784}}
{"target": -495.3781793529618, "params": {"gamma": 1.896327476636439, "lr": 0.9649889241109139}, "datetime": {"datetime": "2024-04-04 05:09:37", "elapsed": 1.05117, "delta": 0.002848}}
{"target": -1319.060031982738, "params": {"gamma": 2.9428626667543027, "lr": 0.10345955611640134}, "datetime": {"datetime": "2024-04-04 05:09:37", "elapsed": 1.053992, "delta": 0.002822}}
{"target": -697.0365285144302, "params": {"gamma": 1.4440096868902519, "lr": 0.014092294192442956}, "datetime": {"datetime": "2024-04-04 05:09:37", "elapsed": 1.056764, "delta": 0.002772}}
{"target": -1464.3240252240876, "params": {"gamma": 7.1597410489244835, "lr": 0.5644983202408741}, "datetime": {"datetime": "2024-04-04 05:09:37", "elapsed": 1.059781, "delta": 0.003017}}
{"target": -1645.0325629311883, "params": {"gamma": 7.945988933496338, "lr": 0.5070799232841364}, "datetime": {"datetime": "2024-04-04 05:09:37", "elapsed": 1.062922, "delta": 0.003141}}
{"target": -1809.0986839011493, "params": {"gamma": 7.918418574002035, "lr": 0.6957642142718394}, "datetime": {"datetime": "2024-04-04 05:09:37", "elapsed": 1.065916, "delta": 0.002994}}
{"target": -1667.0351730809302, "params": {"gamma": 7.778706920114895, "lr": 0.4064828689770863}, "datetime": {"datetime": "2024-04-04 05:09:37", "elapsed": 1.068865, "delta": 0.002949}}
{"target": -2446.426208306457, "params": {"gamma": 6.478058561241625, "lr": 0.1797942976929744}, "datetime": {"datetime": "2024-04-04 05:09:37", "elapsed": 1.071696, "delta": 0.002831}}
{"target": -1223.9311927003873, "params": {"gamma": 3.2188778139156518, "lr": 0.1726046201197925}, "datetime": {"datetime": "2024-04-04 05:09:37", "elapsed": 1.074527, "delta": 0.002831}}
{"target": -1100.4045453010147, "params": {"gamma": 4.086963612907611, "lr": 0.2414187479655988}, "datetime": {"datetime": "2024-04-04 05:09:37", "elapsed": 1.077342, "delta": 0.002815}}
{"target": -1024.7467937206823, "params": {"gamma": 4.069813019299451, "lr": 0.9752223424373121}, "datetime": {"datetime": "2024-04-04 05:09:37", "elapsed": 1.080145, "delta": 0.002803}}
{"target": -812.5350816911105, "params": {"gamma": 3.2038729388944907, "lr": 0.9824909449748953}, "datetime": {"datetime": "2024-04-04 05:09:37", "elapsed": 1.082941, "delta": 0.002796}}
{"target": -1298.4326769064705, "params": {"gamma": 6.363424952433981, "lr": 0.375091018393911}, "datetime": {"datetime": "2024-04-04 05:09:37", "elapsed": 1.085758, "delta": 0.002817}}
{"target": -1809.90458428444, "params": {"gamma": 8.574987506336882, "lr": 0.6195867393685738}, "datetime": {"datetime": "2024-04-04 05:09:37", "elapsed": 1.088636, "delta": 0.002878}}
{"target": -624.1132982170097, "params": {"gamma": 2.521078768228263, "lr": 0.7928556779768876}, "datetime": {"datetime": "2024-04-04 05:09:37", "elapsed": 1.091734, "delta": 0.003098}}
{"target": -935.820691310978, "params": {"gamma": 4.329952148832897, "lr": 0.3575111673304414}, "datetime": {"datetime": "2024-04-04 05:09:37", "elapsed": 1.094926, "delta": 0.003192}}
{"target": -768.5379405365851, "params": {"gamma": 3.3034390883142843, "lr": 0.6973688756131394}, "datetime": {"datetime": "2024-04-04 05:09:37", "elapsed": 1.09798, "delta": 0.003054}}
{"target": -676.8831705117526, "params": {"gamma": 2.6872325889383593, "lr": 0.8082780137053801}, "datetime": {"datetime": "2024-04-04 05:09:37", "elapsed": 1.100936, "delta": 0.002956}}
{"target": -624.4438880611045, "params": {"gamma": 2.953592655204078, "lr": 0.5441213835853572}, "datetime": {"datetime": "2024-04-04 05:09:37", "elapsed": 1.103853, "delta": 0.002917}}
{"target": -1205.9475523263156, "params": {"gamma": 4.879726996560219, "lr": 0.8553564125953698}, "datetime": {"datetime": "2024-04-04 05:09:37", "elapsed": 1.106743, "delta": 0.00289}}
{"target": -3061.0714109941655, "params": {"gamma": 8.883975957519464, "lr": 0.18438444236776674}, "datetime": {"datetime": "2024-04-04 05:09:37", "elapsed": 1.109597, "delta": 0.002854}}
{"target": -1458.3845388776965, "params": {"gamma": 5.853899240923573, "lr": 0.8982050460171371}, "datetime": {"datetime": "2024-04-04 05:09:37", "elapsed": 1.112556, "delta": 0.002959}}
{"target": -1121.0190375535292, "params": {"gamma": 4.461726073125263, "lr": 0.9218683054838154}, "datetime": {"datetime": "2024-04-04 05:09:37", "elapsed": 1.115579, "delta": 0.003023}}
{"target": -600.5868471390573, "params": {"gamma": 2.790629913679252, "lr": 0.6088311741937957}, "datetime": {"datetime": "2024-04-04 05:09:37", "elapsed": 1.118506, "delta": 0.002927}}
{"target": -1825.2926045592133, "params": {"gamma": 6.824854643958388, "lr": 0.2282057333504841}, "datetime": {"datetime": "2024-04-04 05:09:37", "elapsed": 1.121457, "delta": 0.002951}}
{"target": -144.3577533128555, "params": {"gamma": 0.13866135806461027, "lr": 0.4167239623706961}, "datetime": {"datetime": "2024-04-04 05:09:37", "elapsed": 1.124475, "delta": 0.003018}}
{"target": -2010.875285116478, "params": {"gamma": 9.384880436675484, "lr": 0.34302810983040655}, "datetime": {"datetime": "2024-04-04 05:09:37", "elapsed": 1.127637, "delta": 0.003162}}
{"target": -2941.899444446296, "params": {"gamma": 7.7976632105305175, "lr": 0.17473631282740743}, "datetime": {"datetime": "2024-04-04 05:09:37", "elapsed": 1.130777, "delta": 0.00314}}
{"target": -1344.030680883226, "params": {"gamma": 3.420186410188222, "lr": 0.14459772083809674}, "datetime": {"datetime": "2024-04-04 05:09:37", "elapsed": 1.133603, "delta": 0.002826}}
{"target": -1639.5693704444348, "params": {"gamma": 7.167991370649615, "lr": 0.6993076236968142}, "datetime": {"datetime": "2024-04-04 05:09:37", "elapsed": 1.136555, "delta": 0.002952}}
{"target": -1608.5691023785835, "params": {"gamma": 6.88528468217124, "lr": 0.25339603448629966}, "datetime": {"datetime": "2024-04-04 05:09:37", "elapsed": 1.139502, "delta": 0.002947}}
{"target": -1851.53682154653, "params": {"gamma": 6.923908856112466, "lr": 0.22729754091594956}, "datetime": {"datetime": "2024-04-04 05:09:37", "elapsed": 1.142352, "delta": 0.00285}}
{"target": -901.2840616688211, "params": {"gamma": 4.247066510197466, "lr": 0.37192212166768723}, "datetime": {"datetime": "2024-04-04 05:09:37", "elapsed": 1.14529, "delta": 0.002938}}
{"target": -1648.4285946122789, "params": {"gamma": 3.553723808289602, "lr": 0.05765480724125638}, "datetime": {"datetime": "2024-04-04 05:09:37", "elapsed": 1.148191, "delta": 0.002901}}
{"target": -1439.6353273601953, "params": {"gamma": 6.316834622032531, "lr": 0.7073166026816995}, "datetime": {"datetime": "2024-04-04 05:09:37", "elapsed": 1.151249, "delta": 0.003058}}
{"target": -1292.8311231066855, "params": {"gamma": 6.136273356333854, "lr": 0.6483127561631246}, "datetime": {"datetime": "2024-04-04 05:09:37", "elapsed": 1.154094, "delta": 0.002845}}
{"target": -682.2728935933076, "params": {"gamma": 1.7002372014583604, "lr": 0.14944679893886248}, "datetime": {"datetime": "2024-04-04 05:09:37", "elapsed": 1.157012, "delta": 0.002918}}
{"target": -1264.8288306867682, "params": {"gamma": 5.142236260215303, "lr": 0.8753327263545391}, "datetime": {"datetime": "2024-04-04 05:09:37", "elapsed": 1.160084, "delta": 0.003072}}
{"target": -379.2461223957481, "params": {"gamma": 1.8403504620306732, "lr": 0.4628391187082599}, "datetime": {"datetime": "2024-04-04 05:09:37", "elapsed": 1.16331, "delta": 0.003226}}
{"target": -839.4319556859803, "params": {"gamma": 4.289894407965, "lr": 0.4972891859195163}, "datetime": {"datetime": "2024-04-04 05:09:37", "elapsed": 1.166311, "delta": 0.003001}}
{"target": -369.32137073187266, "params": {"gamma": 1.6159461940896331, "lr": 0.34244064113481054}, "datetime": {"datetime": "2024-04-04 05:09:37", "elapsed": 1.169212, "delta": 0.002901}}
{"target": -661.9754158053456, "params": {"gamma": 2.6195421606310987, "lr": 0.844526943229479}, "datetime": {"datetime": "2024-04-04 05:09:37", "elapsed": 1.172105, "delta": 0.002893}}
{"target": -1714.7862240397728, "params": {"gamma": 8.003522125518241, "lr": 0.4266391582681436}, "datetime": {"datetime": "2024-04-04 05:09:37", "elapsed": 1.17502, "delta": 0.002915}}
{"target": -2372.405636108275, "params": {"gamma": 6.070547592429601, "lr": 0.14546561026621996}, "datetime": {"datetime": "2024-04-04 05:09:37", "elapsed": 1.177886, "delta": 0.002866}}
{"target": -1086.9975680818493, "params": {"gamma": 5.096623328881369, "lr": 0.29694708578690454}, "datetime": {"datetime": "2024-04-04 05:09:37", "elapsed": 1.180824, "delta": 0.002938}}
{"target": -1962.3393879194512, "params": {"gamma": 8.596649884738442, "lr": 0.6715983809063899}, "datetime": {"datetime": "2024-04-04 05:09:37", "elapsed": 1.183734, "delta": 0.00291}}
{"target": -2688.351519960522, "params": {"gamma": 6.335106652211588, "lr": 0.12475130006917923}, "datetime": {"datetime": "2024-04-04 05:09:37", "elapsed": 1.186655, "delta": 0.002921}}
{"target": -1181.1696196353041, "params": {"gamma": 4.706408207109359, "lr": 0.9865727795868815}, "datetime": {"datetime": "2024-04-04 05:09:37", "elapsed": 1.189547, "delta": 0.002892}}
{"target": -1991.7678980375022, "params": {"gamma": 9.483043441552578, "lr": 0.6450856402604436}, "datetime": {"datetime": "2024-04-04 05:09:37", "elapsed": 1.192607, "delta": 0.00306}}
{"target": -343.4445859271893, "params": {"gamma": 1.5180969854487043, "lr": 0.639126848719905}, "datetime": {"datetime": "2024-04-04 05:09:37", "elapsed": 1.195828, "delta": 0.003221}}
{"target": -1100.4613861392174, "params": {"gamma": 5.657055463326731, "lr": 0.468665837661252}, "datetime": {"datetime": "2024-04-04 05:09:37", "elapsed": 1.1989, "delta": 0.003072}}
{"target": -887.7096275632789, "params": {"gamma": 4.280946657213234, "lr": 0.5992697556580301}, "datetime": {"datetime": "2024-04-04 05:09:37", "elapsed": 1.201757, "delta": 0.002857}}
{"target": -2037.5626892177154, "params": {"gamma": 8.499848915271139, "lr": 0.7511210403719374}, "datetime": {"datetime": "2024-04-04 05:09:37", "elapsed": 1.204669, "delta": 0.002912}}
{"target": -1448.8061221583623, "params": {"gamma": 5.794026042432034, "lr": 0.9247041815360281}, "datetime": {"datetime": "2024-04-04 05:09:37", "elapsed": 1.207503, "delta": 0.002834}}
{"target": -211.67833623147575, "params": {"gamma": 0.6483350944320471, "lr": 0.9913465087318091}, "datetime": {"datetime": "2024-04-04 05:09:37", "elapsed": 1.210342, "delta": 0.002839}}
{"target": -236.1474418269767, "params": {"gamma": 0.5308924321372274, "lr": 0.19949554613856135}, "datetime": {"datetime": "2024-04-04 05:09:37", "elapsed": 1.213183, "delta": 0.002841}}
{"target": -1885.259587975007, "params": {"gamma": 4.228103863783965, "lr": 0.10750887618516769}, "datetime": {"datetime": "2024-04-04 05:09:37", "elapsed": 1.216085, "delta": 0.002902}}
{"target": -2864.6441616826974, "params": {"gamma": 6.2370804395660215, "lr": 0.047992564048867314}, "datetime": {"datetime": "2024-04-04 05:09:37", "elapsed": 1.218925, "delta": 0.00284}}
{"target": -1328.6191136729024, "params": {"gamma": 2.8469541861884147, "lr": 0.06103668111967109}, "datetime": {"datetime": "2024-04-04 05:09:37", "elapsed": 1.221777, "delta": 0.002852}}
{"target": -1609.6394852230687, "params": {"gamma": 7.035489791719707, "lr": 0.668456167589482}, "datetime": {"datetime": "2024-04-04 05:09:37", "elapsed": 1.224706, "delta": 0.002929}}
{"target": -1313.3879382046598, "params": {"gamma": 3.7864273519127716, "lr": 0.1881942600298212}, "datetime": {"datetime": "2024-04-04 05:09:37", "elapsed": 1.227842, "delta": 0.003136}}
{"target": -1603.2596907496597, "params": {"gamma": 7.4703012854704225, "lr": 0.34037929076546725}, "datetime": {"datetime": "2024-04-04 05:09:37", "elapsed": 1.230969, "delta": 0.003127}}
{"target": -1539.8034307246182, "params": {"gamma": 7.953216372889023, "lr": 0.4879009391796203}, "datetime": {"datetime": "2024-04-04 05:09:37", "elapsed": 1.233814, "delta": 0.002845}}
{"target": -2420.34967634379, "params": {"gamma": 5.257168774065444, "lr": 0.028490849491567216}, "datetime": {"datetime": "2024-04-04 05:09:37", "elapsed": 1.236681, "delta": 0.002867}}
{"target": -1384.5962286378824, "params": {"gamma": 6.442675966770439, "lr": 0.3506565024321674}, "datetime": {"datetime": "2024-04-04 05:09:37", "elapsed": 1.239518, "delta": 0.002837}}
{"target": -506.5907539692376, "params": {"gamma": 2.292821067893365, "lr": 0.4338833762117006}, "datetime": {"datetime": "2024-04-04 05:09:37", "elapsed": 1.242369, "delta": 0.002851}}
{"target": -750.9965328384735, "params": {"gamma": 3.825292105251905, "lr": 0.46978904008636024}, "datetime": {"datetime": "2024-04-04 05:09:37", "elapsed": 1.245213, "delta": 0.002844}}
{"target": -2058.999156026329, "params": {"gamma": 9.794854058443883, "lr": 0.36437807036823044}, "datetime": {"datetime": "2024-04-04 05:09:37", "elapsed": 1.248114, "delta": 0.002901}}
{"target": -1591.9937378896864, "params": {"gamma": 7.744326923227059, "lr": 0.5527675965498925}, "datetime": {"datetime": "2024-04-04 05:09:37", "elapsed": 1.251004, "delta": 0.00289}}
{"target": -1905.8008192990524, "params": {"gamma": 8.891421759985722, "lr": 0.354952851149572}, "datetime": {"datetime": "2024-04-04 05:09:37", "elapsed": 1.253866, "delta": 0.002862}}
{"target": -624.1742351672375, "params": {"gamma": 2.455941283184888, "lr": 0.9110192396569683}, "datetime": {"datetime": "2024-04-04 05:09:37", "elapsed": 1.256762, "delta": 0.002896}}
{"target": -172.8912119086009, "params": {"gamma": 0.43629910331389593, "lr": 0.9507534280610023}, "datetime": {"datetime": "2024-04-04 05:09:37", "elapsed": 1.25981, "delta": 0.003048}}
{"target": -1137.354717291466, "params": {"gamma": 5.5645127497935825, "lr": 0.3763632166870875}, "datetime": {"datetime": "2024-04-04 05:09:37", "elapsed": 1.262998, "delta": 0.003188}}
{"target": -4548.616064341857, "params": {"gamma": 9.950528171068772, "lr": 0.05836264614763165}, "datetime": {"datetime": "2024-04-04 05:09:37", "elapsed": 1.265999, "delta": 0.003001}}
{"target": -2379.719624985127, "params": {"gamma": 5.167546891316355, "lr": 0.03109707545554785}, "datetime": {"datetime": "2024-04-04 05:09:37", "elapsed": 1.268939, "delta": 0.00294}}
{"target": -2158.9013652802028, "params": {"gamma": 5.712186216123149, "lr": 0.18046850899511557}, "datetime": {"datetime": "2024-04-04 05:09:37", "elapsed": 1.271886, "delta": 0.002947}}
{"target": -1575.8593563359616, "params": {"gamma": 6.309961044194965, "lr": 0.9809236757505815}, "datetime": {"datetime": "2024-04-04 05:09:37", "elapsed": 1.274831, "delta": 0.002945}}
{"target": -1719.8135415650145, "params": {"gamma": 8.749150609572597, "lr": 0.45183624942087064}, "datetime": {"datetime": "2024-04-04 05:09:37", "elapsed": 1.277749, "delta": 0.002918}}
{"target": -1701.6608022053995, "params": {"gamma": 7.084900239647121, "lr": 0.7774687500031893}, "datetime": {"datetime": "2024-04-04 05:09:37", "elapsed": 1.280703, "delta": 0.002954}}
{"target": -1030.5039539814647, "params": {"gamma": 4.9489359987414545, "lr": 0.5285334901775651}, "datetime": {"datetime": "2024-04-04 05:09:37", "elapsed": 1.283757, "delta": 0.003054}}
{"target": -342.0808953027789, "params": {"gamma": 1.5086931993235537, "lr": 0.36939992561190627}, "datetime": {"datetime": "2024-04-04 05:09:37", "elapsed": 1.286684, "delta": 0.002927}}
{"target": -350.54570313566506, "params": {"gamma": 1.4230703094747938, "lr": 0.7268937533445626}, "datetime": {"datetime": "2024-04-04 05:09:37", "elapsed": 1.289672, "delta": 0.002988}}
{"target": -946.8130346130107, "params": {"gamma": 4.770652931028231, "lr": 0.44887883670676554}, "datetime": {"datetime": "2024-04-04 05:09:37", "elapsed": 1.292774, "delta": 0.003102}}
{"target": -1832.751060690265, "params": {"gamma": 8.860093713682348, "lr": 0.5276187723115614}, "datetime": {"datetime": "2024-04-04 05:09:37", "elapsed": 1.295983, "delta": 0.003209}}
{"target": -962.5027500790936, "params": {"gamma": 4.091499228336683, "lr": 0.26889202221264585}, "datetime": {"datetime": "2024-04-04 05:09:37", "elapsed": 1.299135, "delta": 0.003152}}
{"target": -205.34163876478166, "params": {"gamma": 0.7210483396625298, "lr": 0.4181361337253158}, "datetime": {"datetime": "2024-04-04 05:09:37", "elapsed": 1.301984, "delta": 0.002849}}
{"target": -150.46123739000012, "params": {"gamma": 0.25850907058342715, "lr": 0.29115394055242805}, "datetime": {"datetime": "2024-04-04 05:09:37", "elapsed": 1.30496, "delta": 0.002976}}
{"target": -1262.134909801497, "params": {"gamma": 5.035591588974117, "lr": 0.9659330650197223}, "datetime": {"datetime": "2024-04-04 05:09:37", "elapsed": 1.307909, "delta": 0.002949}}
