{"target": -184.98203643718725, "params": {"gamma": 7.113433866846732, "prior": 5.583457649409001, "rate": 3.0458753612182816}, "datetime": {"datetime": "2024-04-12 13:57:19", "elapsed": 1.543447, "delta": 0.007605}}
{"target": -276.5847488962153, "params": {"gamma": 8.348705622270353, "prior": 4.409528980532247, "rate": 9.234638694972633}, "datetime": {"datetime": "2024-04-12 13:57:19", "elapsed": 1.55108, "delta": 0.007633}}
{"target": -173.35347931304457, "params": {"gamma": 7.0608119915549965, "prior": 4.8325099488563055, "rate": 1.2629748273898376}, "datetime": {"datetime": "2024-04-12 13:57:19", "elapsed": 1.558676, "delta": 0.007596}}
{"target": -278.2832409470208, "params": {"gamma": 9.760459461127008, "prior": 1.6823531384065245, "rate": 2.026818650071406}, "datetime": {"datetime": "2024-04-12 13:57:19", "elapsed": 1.566408, "delta": 0.007732}}
{"target": -130.79651410814245, "params": {"gamma": 4.312386369848549, "prior": 4.101598867173958, "rate": 1.4683680561621768}, "datetime": {"datetime": "2024-04-12 13:57:19", "elapsed": 1.574061, "delta": 0.007653}}
{"target": -274.2990439363843, "params": {"gamma": 7.293459874691873, "prior": 1.968576162084141, "rate": 6.439312547472317}, "datetime": {"datetime": "2024-04-12 13:57:19", "elapsed": 1.581745, "delta": 0.007684}}
{"target": -271.5049193789545, "params": {"gamma": 7.543305199812411, "prior": 2.1862506816248755, "rate": 6.0099415268282925}, "datetime": {"datetime": "2024-04-12 13:57:19", "elapsed": 1.589481, "delta": 0.007736}}
{"target": -210.79652764009182, "params": {"gamma": 7.489534824083119, "prior": 6.418365235141301, "rate": 5.971675902163545}, "datetime": {"datetime": "2024-04-12 13:57:19", "elapsed": 1.597268, "delta": 0.007787}}
{"target": -134.18535365315222, "params": {"gamma": 2.955527374269315, "prior": 7.342904065290937, "rate": 9.453139091559498}, "datetime": {"datetime": "2024-04-12 13:57:19", "elapsed": 1.605009, "delta": 0.007741}}
{"target": -142.84165118806084, "params": {"gamma": 4.256188341225208, "prior": 7.843599986630912, "rate": 0.5623542555794911}, "datetime": {"datetime": "2024-04-12 13:57:19", "elapsed": 1.612793, "delta": 0.007784}}
{"target": -272.745577583431, "params": {"gamma": 8.35288075329717, "prior": 2.0032751665392623, "rate": 3.951573592030842}, "datetime": {"datetime": "2024-04-12 13:57:19", "elapsed": 1.620625, "delta": 0.007832}}
{"target": -172.7227449346383, "params": {"gamma": 3.001510378207639, "prior": 0.893026073679888, "rate": 9.046405398359493}, "datetime": {"datetime": "2024-04-12 13:57:19", "elapsed": 1.628547, "delta": 0.007922}}
{"target": -136.4451581674435, "params": {"gamma": 3.702171621359829, "prior": 5.353904640913781, "rate": 4.941668542697355}, "datetime": {"datetime": "2024-04-12 13:57:19", "elapsed": 1.636387, "delta": 0.00784}}
{"target": -119.55044384408775, "params": {"gamma": 1.3224792582874385, "prior": 2.143895183005387, "rate": 0.7628119015141794}, "datetime": {"datetime": "2024-04-12 13:57:19", "elapsed": 1.644125, "delta": 0.007738}}
{"target": -172.3627163078584, "params": {"gamma": 5.07970907775293, "prior": 2.6893405631465725, "rate": 3.5712590272190368}, "datetime": {"datetime": "2024-04-12 13:57:19", "elapsed": 1.651987, "delta": 0.007862}}
{"target": -123.4956290702862, "params": {"gamma": 1.0815452216436712, "prior": 7.896763212559821, "rate": 1.0667321840112223}, "datetime": {"datetime": "2024-04-12 13:57:20", "elapsed": 1.659809, "delta": 0.007822}}
{"target": -347.9549240371314, "params": {"gamma": 9.857102528308165, "prior": 1.8538955279403317, "rate": 5.724478719234059}, "datetime": {"datetime": "2024-04-12 13:57:20", "elapsed": 1.667613, "delta": 0.007804}}
{"target": -132.3001982623462, "params": {"gamma": 0.4494085005562922, "prior": 7.892451267592758, "rate": 1.8968698722351471}, "datetime": {"datetime": "2024-04-12 13:57:20", "elapsed": 1.675478, "delta": 0.007865}}
{"target": -144.91906525468877, "params": {"gamma": 5.279511880102859, "prior": 7.426767677274809, "rate": 1.5001649176876422}, "datetime": {"datetime": "2024-04-12 13:57:20", "elapsed": 1.683255, "delta": 0.007777}}
{"target": -223.03247611463533, "params": {"gamma": 5.511320654695531, "prior": 2.2445103624549163, "rate": 7.592201297122131}, "datetime": {"datetime": "2024-04-12 13:57:20", "elapsed": 1.691198, "delta": 0.007943}}
{"target": -290.82097827503316, "params": {"gamma": 7.229429020368581, "prior": 1.847835439343122, "rate": 8.619803610113067}, "datetime": {"datetime": "2024-04-12 13:57:20", "elapsed": 1.699003, "delta": 0.007805}}
{"target": -137.533273971335, "params": {"gamma": 0.1987312200639263, "prior": 8.61634627448884, "rate": 5.589479207798223}, "datetime": {"datetime": "2024-04-12 13:57:20", "elapsed": 1.706843, "delta": 0.00784}}
{"target": -141.80836572216657, "params": {"gamma": 4.032801500586387, "prior": 7.611594617121132, "rate": 7.169573087923007}, "datetime": {"datetime": "2024-04-12 13:57:20", "elapsed": 1.7146, "delta": 0.007757}}
{"target": -250.4076575510377, "params": {"gamma": 9.873274421909457, "prior": 2.8530419812685297, "rate": 0.03893293042101652}, "datetime": {"datetime": "2024-04-12 13:57:20", "elapsed": 1.722389, "delta": 0.007789}}
{"target": -250.7582478041333, "params": {"gamma": 9.339092180540563, "prior": 8.593181334925148, "rate": 7.28877992431504}, "datetime": {"datetime": "2024-04-12 13:57:20", "elapsed": 1.730187, "delta": 0.007798}}
{"target": -166.98728999683536, "params": {"gamma": 5.167371140432463, "prior": 7.098866827962734, "rate": 7.805515039210552}, "datetime": {"datetime": "2024-04-12 13:57:20", "elapsed": 1.73802, "delta": 0.007833}}
{"target": -138.35722940965385, "params": {"gamma": 3.749384559425057, "prior": 7.72619300076658, "rate": 7.506492567432579}, "datetime": {"datetime": "2024-04-12 13:57:20", "elapsed": 1.745744, "delta": 0.007724}}
{"target": -207.5770815358884, "params": {"gamma": 6.132498904231054, "prior": 4.07847264728159, "rate": 6.9733828846241455}, "datetime": {"datetime": "2024-04-12 13:57:20", "elapsed": 1.753556, "delta": 0.007812}}
{"target": -141.84451943325485, "params": {"gamma": 0.032125465394095866, "prior": 7.771476802573518, "rate": 8.964269607966013}, "datetime": {"datetime": "2024-04-12 13:57:20", "elapsed": 1.761419, "delta": 0.007863}}
{"target": -132.74857328171987, "params": {"gamma": 2.393917758667609, "prior": 1.2955951246613744, "rate": 2.2036195939494823}, "datetime": {"datetime": "2024-04-12 13:57:20", "elapsed": 1.769347, "delta": 0.007928}}
{"target": -121.95819457602288, "params": {"gamma": 3.021665216169693, "prior": 8.841982234781959, "rate": 5.432121135950708}, "datetime": {"datetime": "2024-04-12 13:57:20", "elapsed": 1.777148, "delta": 0.007801}}
{"target": -142.31384187539123, "params": {"gamma": 2.8678297844146994, "prior": 1.4697114289501707, "rate": 2.902154486582312}, "datetime": {"datetime": "2024-04-12 13:57:20", "elapsed": 1.785036, "delta": 0.007888}}
{"target": -197.48638548888374, "params": {"gamma": 6.139097026322785, "prior": 3.3089714459847217, "rate": 4.574144456728294}, "datetime": {"datetime": "2024-04-12 13:57:20", "elapsed": 1.79298, "delta": 0.007944}}
{"target": -135.5061114761506, "params": {"gamma": 4.441726953059129, "prior": 8.29854007124197, "rate": 4.264055194208071}, "datetime": {"datetime": "2024-04-12 13:57:20", "elapsed": 1.800801, "delta": 0.007821}}
{"target": -121.57809172434004, "params": {"gamma": 3.4576425129338477, "prior": 6.782218887610141, "rate": 2.215599075279554}, "datetime": {"datetime": "2024-04-12 13:57:20", "elapsed": 1.808884, "delta": 0.008083}}
{"target": -178.614374169649, "params": {"gamma": 4.672990993441612, "prior": 3.216180304507763, "rate": 6.268929166026184}, "datetime": {"datetime": "2024-04-12 13:57:20", "elapsed": 1.816806, "delta": 0.007922}}
{"target": -275.2621178238858, "params": {"gamma": 8.773727386473432, "prior": 4.532121101441722, "rate": 7.84478973050044}, "datetime": {"datetime": "2024-04-12 13:57:20", "elapsed": 1.824845, "delta": 0.008039}}
{"target": -135.40817585392, "params": {"gamma": 4.570200039914943, "prior": 6.596670383999601, "rate": 1.3192779092999938}, "datetime": {"datetime": "2024-04-12 13:57:20", "elapsed": 1.832745, "delta": 0.0079}}
{"target": -138.18458367676814, "params": {"gamma": 4.3303820881695145, "prior": 9.102188687683872, "rate": 6.055184531308316}, "datetime": {"datetime": "2024-04-12 13:57:20", "elapsed": 1.840671, "delta": 0.007926}}
{"target": -217.01338654498448, "params": {"gamma": 7.6679790977837845, "prior": 5.096536020149354, "rate": 4.981058192655247}, "datetime": {"datetime": "2024-04-12 13:57:20", "elapsed": 1.848407, "delta": 0.007736}}
{"target": -353.6306359467974, "params": {"gamma": 8.429155502088307, "prior": 0.7712886499754421, "rate": 5.733149443225297}, "datetime": {"datetime": "2024-04-12 13:57:20", "elapsed": 1.856228, "delta": 0.007821}}
{"target": -225.4847528567103, "params": {"gamma": 9.42768299175406, "prior": 5.226814476905987, "rate": 1.945463629469317}, "datetime": {"datetime": "2024-04-12 13:57:20", "elapsed": 1.863889, "delta": 0.007661}}
{"target": -297.495877165698, "params": {"gamma": 8.479545985042318, "prior": 2.5912275093229433, "rate": 7.007559638788898}, "datetime": {"datetime": "2024-04-12 13:57:20", "elapsed": 1.871812, "delta": 0.007923}}
{"target": -155.72366314279125, "params": {"gamma": 5.403069143028603, "prior": 9.493479253974174, "rate": 6.2437426873243576}, "datetime": {"datetime": "2024-04-12 13:57:20", "elapsed": 1.879528, "delta": 0.007716}}
{"target": -396.8193914328254, "params": {"gamma": 8.379941642515245, "prior": 0.17853547432577865, "rate": 9.893411221610213}, "datetime": {"datetime": "2024-04-12 13:57:20", "elapsed": 1.887384, "delta": 0.007856}}
{"target": -129.06430481620043, "params": {"gamma": 0.7780679887535326, "prior": 3.2890821847862193, "rate": 9.461577802172197}, "datetime": {"datetime": "2024-04-12 13:57:20", "elapsed": 1.895072, "delta": 0.007688}}
{"target": -140.22202908877253, "params": {"gamma": 0.09038208461007943, "prior": 8.24502705367716, "rate": 8.612255172029577}, "datetime": {"datetime": "2024-04-12 13:57:20", "elapsed": 1.903051, "delta": 0.007979}}
{"target": -188.1504674149171, "params": {"gamma": 4.398868311271517, "prior": 2.631877418678719, "rate": 8.027092506813352}, "datetime": {"datetime": "2024-04-12 13:57:20", "elapsed": 1.910926, "delta": 0.007875}}
{"target": -221.6875204004614, "params": {"gamma": 4.77914218231778, "prior": 1.429952225691392, "rate": 9.278562079257282}, "datetime": {"datetime": "2024-04-12 13:57:20", "elapsed": 1.918677, "delta": 0.007751}}
{"target": -279.89359329761203, "params": {"gamma": 8.959803700099478, "prior": 4.966296985167659, "rate": 8.567168262681404}, "datetime": {"datetime": "2024-04-12 13:57:20", "elapsed": 1.926572, "delta": 0.007895}}
{"target": -133.7183898676288, "params": {"gamma": 4.1863616796152225, "prior": 6.866302511646381, "rate": 3.9805084034398166}, "datetime": {"datetime": "2024-04-12 13:57:20", "elapsed": 1.93436, "delta": 0.007788}}
{"target": -222.65200911579151, "params": {"gamma": 5.057914432490653, "prior": 1.9765618580558806, "rate": 9.649924252185027}, "datetime": {"datetime": "2024-04-12 13:57:20", "elapsed": 1.942324, "delta": 0.007964}}
{"target": -133.9756771088928, "params": {"gamma": 2.9428626667543027, "prior": 1.1242496055523734, "rate": 1.4440096868902519}, "datetime": {"datetime": "2024-04-12 13:57:20", "elapsed": 1.950111, "delta": 0.007787}}
{"target": -138.91651390749388, "params": {"gamma": 0.14190884963023712, "prior": 7.187862424677705, "rate": 5.645418704088501}, "datetime": {"datetime": "2024-04-12 13:57:20", "elapsed": 1.958078, "delta": 0.007967}}
{"target": -247.10447287109713, "params": {"gamma": 7.945988933496338, "prior": 5.12009124051295, "rate": 7.918418574002035}, "datetime": {"datetime": "2024-04-12 13:57:20", "elapsed": 1.96593, "delta": 0.007852}}
{"target": -180.668246788914, "params": {"gamma": 6.957946378504123, "prior": 7.800699920905836, "rate": 4.065422206901887}, "datetime": {"datetime": "2024-04-12 13:57:20", "elapsed": 1.973924, "delta": 0.007994}}
{"target": -216.1217449901134, "params": {"gamma": 6.478058561241625, "prior": 1.8799635471604466, "rate": 3.2188778139156518}, "datetime": {"datetime": "2024-04-12 13:57:20", "elapsed": 1.981783, "delta": 0.007859}}
{"target": -118.08382681117966, "params": {"gamma": 1.7268735965778053, "prior": 4.145508527631297, "rate": 2.4149460609080227}, "datetime": {"datetime": "2024-04-12 13:57:20", "elapsed": 1.989712, "delta": 0.007929}}
{"target": -127.69833462449739, "params": {"gamma": 4.069813019299451, "prior": 9.75470119012939, "rate": 3.2038729388944907}, "datetime": {"datetime": "2024-04-12 13:57:20", "elapsed": 1.997641, "delta": 0.007929}}
{"target": -248.10216721218117, "params": {"gamma": 9.824926958803978, "prior": 6.399430645974237, "rate": 3.7515350929207165}, "datetime": {"datetime": "2024-04-12 13:57:20", "elapsed": 2.005473, "delta": 0.007832}}
{"target": -209.0746142562713, "params": {"gamma": 8.574987506336882, "prior": 6.2339087197488805, "rate": 2.521078768228263}, "datetime": {"datetime": "2024-04-12 13:57:20", "elapsed": 2.013205, "delta": 0.007732}}
{"target": -215.672779166046, "params": {"gamma": 7.9287639240909, "prior": 4.386091236468214, "rate": 3.5757541621370836}, "datetime": {"datetime": "2024-04-12 13:57:20", "elapsed": 2.021098, "delta": 0.007893}}
{"target": -120.58270378267619, "params": {"gamma": 3.3034390883142843, "prior": 7.003951868570081, "rate": 2.6872325889383593}, "datetime": {"datetime": "2024-04-12 13:57:20", "elapsed": 2.028892, "delta": 0.007794}}
{"target": -259.7707029974014, "params": {"gamma": 8.082971859040095, "prior": 3.0233590645584933, "rate": 5.441669714469987}, "datetime": {"datetime": "2024-04-12 13:57:20", "elapsed": 2.036635, "delta": 0.007743}}
{"target": -159.33133979024316, "params": {"gamma": 4.879726996560219, "prior": 8.56802848469416, "rate": 8.883975957519464}, "datetime": {"datetime": "2024-04-12 13:57:20", "elapsed": 2.044428, "delta": 0.007793}}
{"target": -126.41707598698143, "params": {"gamma": 1.8446600392352996, "prior": 5.894949743488685, "rate": 8.982152255125355}, "datetime": {"datetime": "2024-04-12 13:57:20", "elapsed": 2.052178, "delta": 0.00775}}
{"target": -132.3952366728967, "params": {"gamma": 4.461726073125263, "prior": 9.226496224289772, "rate": 2.790629913679252}, "datetime": {"datetime": "2024-04-12 13:57:20", "elapsed": 2.060001, "delta": 0.007823}}
{"target": -157.49965695270316, "params": {"gamma": 6.0887029107637645, "prior": 6.856291726691472, "rate": 2.2828291277714907}, "datetime": {"datetime": "2024-04-12 13:57:20", "elapsed": 2.067988, "delta": 0.007987}}
{"target": -138.7456913567617, "params": {"gamma": 0.13866135806461027, "prior": 4.225567227469891, "rate": 9.384880436675484}, "datetime": {"datetime": "2024-04-12 13:57:20", "elapsed": 2.075856, "delta": 0.007868}}
{"target": -122.48973912744034, "params": {"gamma": 3.430938070194235, "prior": 7.819468525277739, "rate": 1.7481883919612469}, "datetime": {"datetime": "2024-04-12 13:57:20", "elapsed": 2.083675, "delta": 0.007819}}
{"target": -173.2487478606367, "params": {"gamma": 3.420186410188222, "prior": 1.531517436297158, "rate": 7.167991370649615}, "datetime": {"datetime": "2024-04-12 13:57:20", "elapsed": 2.091678, "delta": 0.008003}}
{"target": -175.04748011966845, "params": {"gamma": 6.993376929344446, "prior": 6.916123447694296, "rate": 2.5347069488285103}, "datetime": {"datetime": "2024-04-12 13:57:20", "elapsed": 2.099558, "delta": 0.00788}}
{"target": -230.18329585619878, "params": {"gamma": 6.923908856112466, "prior": 2.350245655067901, "rate": 4.247066510197466}, "datetime": {"datetime": "2024-04-12 13:57:20", "elapsed": 2.107526, "delta": 0.007968}}
{"target": -127.72829902073862, "params": {"gamma": 3.7198492945552046, "prior": 3.61754832503921, "rate": 0.5774904176053226}, "datetime": {"datetime": "2024-04-12 13:57:20", "elapsed": 2.115434, "delta": 0.007908}}
{"target": -181.93146420966193, "params": {"gamma": 6.316834622032531, "prior": 7.102434366548825, "rate": 6.136273356333854}, "datetime": {"datetime": "2024-04-12 13:57:20", "elapsed": 2.123416, "delta": 0.007982}}
{"target": -184.44413428175417, "params": {"gamma": 6.483479248875083, "prior": 1.7824130707508519, "rate": 1.495318542589686}, "datetime": {"datetime": "2024-04-12 13:57:20", "elapsed": 2.131393, "delta": 0.007977}}
{"target": -142.72699149585628, "params": {"gamma": 5.142236260215303, "prior": 8.765793990909938, "rate": 1.8403504620306732}, "datetime": {"datetime": "2024-04-12 13:57:20", "elapsed": 2.139301, "delta": 0.007908}}
{"target": -157.92249639147616, "params": {"gamma": 4.628928347963892, "prior": 4.3464301068960385, "rate": 4.973394570009244}, "datetime": {"datetime": "2024-04-12 13:57:20", "elapsed": 2.14723, "delta": 0.007929}}
{"target": -119.78954679251902, "params": {"gamma": 1.6159461940896331, "prior": 3.4901623472346244, "rate": 2.6195421606310987}, "datetime": {"datetime": "2024-04-12 13:57:20", "elapsed": 2.155081, "delta": 0.007851}}
{"target": -213.2469327997886, "params": {"gamma": 8.44542490535156, "prior": 8.023289233186377, "rate": 4.266964943523168}, "datetime": {"datetime": "2024-04-12 13:57:20", "elapsed": 2.162711, "delta": 0.00763}}
{"target": -238.45290610249273, "params": {"gamma": 6.070547592429601, "prior": 1.5401095416355777, "rate": 5.096623328881369}, "datetime": {"datetime": "2024-04-12 13:57:20", "elapsed": 2.170551, "delta": 0.00784}}
{"target": -124.81497331202597, "params": {"gamma": 2.9701739107832585, "prior": 8.61054444033509, "rate": 6.716312210682993}, "datetime": {"datetime": "2024-04-12 13:57:20", "elapsed": 2.178276, "delta": 0.007725}}
{"target": -249.28487203475706, "params": {"gamma": 6.335106652211588, "prior": 1.3350378706848745, "rate": 4.706408207109359}, "datetime": {"datetime": "2024-04-12 13:57:20", "elapsed": 2.186062, "delta": 0.007786}}
{"target": -254.54292381073975, "params": {"gamma": 9.865741223089229, "prior": 9.488161823319384, "rate": 6.451211316964176}, "datetime": {"datetime": "2024-04-12 13:57:20", "elapsed": 2.193932, "delta": 0.00787}}
{"target": -121.06297077107321, "params": {"gamma": 1.5180969854487043, "prior": 6.427355802327059, "rate": 5.657055463326731}, "datetime": {"datetime": "2024-04-12 13:57:20", "elapsed": 2.201774, "delta": 0.007842}}
{"target": -165.76193829774832, "params": {"gamma": 4.6871897107748595, "prior": 4.337570947735874, "rate": 5.993098286824644}, "datetime": {"datetime": "2024-04-12 13:57:20", "elapsed": 2.209718, "delta": 0.007944}}
{"target": -226.74559874497945, "params": {"gamma": 8.499848915271139, "prior": 7.53609829968218, "rate": 5.794026042432034}, "datetime": {"datetime": "2024-04-12 13:57:20", "elapsed": 2.217618, "delta": 0.0079}}
{"target": -406.3999123767172, "params": {"gamma": 9.247117111178744, "prior": 0.7409258360713337, "rate": 9.913473740809359}, "datetime": {"datetime": "2024-04-12 13:57:20", "elapsed": 2.225619, "delta": 0.008001}}
{"target": -130.97506864062288, "params": {"gamma": 0.5308924321372274, "prior": 2.0750059067717572, "rate": 4.228103863783965}, "datetime": {"datetime": "2024-04-12 13:57:20", "elapsed": 2.23345, "delta": 0.007831}}
{"target": -124.81428417081901, "params": {"gamma": 1.0759812529754917, "prior": 6.274337068877248, "rate": 0.4808776479246243}, "datetime": {"datetime": "2024-04-12 13:57:20", "elapsed": 2.241457, "delta": 0.008007}}
{"target": -168.0861319624923, "params": {"gamma": 2.8469541861884147, "prior": 0.7042631430847438, "rate": 7.035489791719707}, "datetime": {"datetime": "2024-04-12 13:57:20", "elapsed": 2.249322, "delta": 0.007865}}
{"target": -173.7875613385906, "params": {"gamma": 6.684893219727232, "prior": 3.847947873180962, "rate": 1.8827544060381822}, "datetime": {"datetime": "2024-04-12 13:57:20", "elapsed": 2.257333, "delta": 0.008011}}
{"target": -258.4288826025046, "params": {"gamma": 7.4703012854704225, "prior": 3.469754978578126, "rate": 7.953216372889023}, "datetime": {"datetime": "2024-04-12 13:57:20", "elapsed": 2.265085, "delta": 0.007752}}
{"target": -154.73540870160755, "params": {"gamma": 4.879521490857024, "prior": 5.304127499074696, "rate": 0.28588000406618064}, "datetime": {"datetime": "2024-04-12 13:57:20", "elapsed": 2.273065, "delta": 0.00798}}
{"target": -175.27665868216127, "params": {"gamma": 6.442675966770439, "prior": 3.5714993740784573, "rate": 2.292821067893365}, "datetime": {"datetime": "2024-04-12 13:57:20", "elapsed": 2.280916, "delta": 0.007851}}
{"target": -154.36919206546455, "params": {"gamma": 4.339399878740795, "prior": 3.8864278269820844, "rate": 4.698420611823517}, "datetime": {"datetime": "2024-04-12 13:57:20", "elapsed": 2.288898, "delta": 0.007982}}
{"target": -315.8110093030374, "params": {"gamma": 9.794854058443883, "prior": 3.7073428966454816, "rate": 7.744326923227059}, "datetime": {"datetime": "2024-04-12 13:57:20", "elapsed": 2.296688, "delta": 0.00779}}
{"target": -149.44943343363005, "params": {"gamma": 5.528123197902375, "prior": 8.90239778216408, "rate": 3.55017355864457}, "datetime": {"datetime": "2024-04-12 13:57:20", "elapsed": 2.304594, "delta": 0.007906}}
{"target": -127.17642365422124, "params": {"gamma": 2.455941283184888, "prior": 9.119090472603986, "rate": 0.43629910331389593}, "datetime": {"datetime": "2024-04-12 13:57:20", "elapsed": 2.312451, "delta": 0.007857}}
{"target": -245.49012732760474, "params": {"gamma": 9.507583527181962, "prior": 5.60842846514216, "rate": 3.764255803654188}, "datetime": {"datetime": "2024-04-12 13:57:20", "elapsed": 2.320444, "delta": 0.007993}}
{"target": -410.34232067424415, "params": {"gamma": 9.950528171068772, "prior": 0.6777901968615533, "rate": 5.167546891316355}, "datetime": {"datetime": "2024-04-12 13:57:20", "elapsed": 2.328184, "delta": 0.00774}}
