{"target": -473.1976339259219, "params": {"gamma": 2.351541289225017, "lr": 0.461602080891622}, "datetime": {"datetime": "2024-04-04 05:09:37", "elapsed": 1.662841, "delta": 0.003305}}
{"target": -940.4574565276497, "params": {"gamma": 1.9867164390362086, "lr": 0.0254762357788203}, "datetime": {"datetime": "2024-04-04 05:09:37", "elapsed": 1.665873, "delta": 0.003032}}
{"target": -1652.0905569882773, "params": {"gamma": 7.294247584863271, "lr": 0.7249167472191191}, "datetime": {"datetime": "2024-04-04 05:09:37", "elapsed": 1.668944, "delta": 0.003071}}
{"target": -826.2321110851033, "params": {"gamma": 3.304587071870666, "lr": 0.8434941260636555}, "datetime": {"datetime": "2024-04-04 05:09:37", "elapsed": 1.671976, "delta": 0.003032}}
{"target": -1063.6226257412563, "params": {"gamma": 4.284996317034784, "lr": 0.8646861447635343}, "datetime": {"datetime": "2024-04-04 05:09:37", "elapsed": 1.674954, "delta": 0.002978}}
{"target": -1354.6336611728584, "params": {"gamma": 6.570997180804273, "lr": 0.5810356574180902}, "datetime": {"datetime": "2024-04-04 05:09:37", "elapsed": 1.677979, "delta": 0.003025}}
{"target": -435.62791049036923, "params": {"gamma": 2.008074152862875, "lr": 0.5295466104783949}, "datetime": {"datetime": "2024-04-04 05:09:37", "elapsed": 1.681029, "delta": 0.00305}}
{"target": -1869.56997130186, "params": {"gamma": 8.944429751857296, "lr": 0.30499397583521604}, "datetime": {"datetime": "2024-04-04 05:09:37", "elapsed": 1.684071, "delta": 0.003042}}
{"target": -2159.092202606003, "params": {"gamma": 8.709585146001372, "lr": 0.9087452728583881}, "datetime": {"datetime": "2024-04-04 05:09:37", "elapsed": 1.687095, "delta": 0.003024}}
{"target": -767.5695734395646, "params": {"gamma": 3.2991157822561417, "lr": 0.6830743663365642}, "datetime": {"datetime": "2024-04-04 05:09:37", "elapsed": 1.690077, "delta": 0.002982}}
{"target": -4114.070067493681, "params": {"gamma": 8.992310274710121, "lr": 0.07569688175830336}, "datetime": {"datetime": "2024-04-04 05:09:37", "elapsed": 1.693238, "delta": 0.003161}}
{"target": -3027.466158069193, "params": {"gamma": 8.7860000441845, "lr": 0.1908393632684806}, "datetime": {"datetime": "2024-04-04 05:09:37", "elapsed": 1.696518, "delta": 0.00328}}
{"target": -1940.0130444142542, "params": {"gamma": 8.497839331269288, "lr": 0.6671187886992039}, "datetime": {"datetime": "2024-04-04 05:09:37", "elapsed": 1.699466, "delta": 0.002948}}
{"target": -1353.2689699339148, "params": {"gamma": 3.4440476153050885, "lr": 0.151375569992799}, "datetime": {"datetime": "2024-04-04 05:09:37", "elapsed": 1.702422, "delta": 0.002956}}
{"target": -1562.27944709071, "params": {"gamma": 6.354074243923046, "lr": 0.8477880437147416}, "datetime": {"datetime": "2024-04-04 05:09:37", "elapsed": 1.705355, "delta": 0.002933}}
{"target": -1726.922282707289, "params": {"gamma": 8.218671898265342, "lr": 0.6282395971306578}, "datetime": {"datetime": "2024-04-04 05:09:38", "elapsed": 1.708287, "delta": 0.002932}}
{"target": -1966.1377286260679, "params": {"gamma": 9.563058796042565, "lr": 0.5899231270757698}, "datetime": {"datetime": "2024-04-04 05:09:38", "elapsed": 1.711267, "delta": 0.00298}}
{"target": -442.1612913305309, "params": {"gamma": 1.979130013694545, "lr": 0.4293307226164923}, "datetime": {"datetime": "2024-04-04 05:09:38", "elapsed": 1.714218, "delta": 0.002951}}
{"target": -852.7136312709341, "params": {"gamma": 3.3681232410129716, "lr": 0.991945011907281}, "datetime": {"datetime": "2024-04-04 05:09:38", "elapsed": 1.717159, "delta": 0.002941}}
{"target": -959.2675663158764, "params": {"gamma": 3.8029847246765303, "lr": 0.992700873664818}, "datetime": {"datetime": "2024-04-04 05:09:38", "elapsed": 1.720113, "delta": 0.002954}}
{"target": -1962.34364770601, "params": {"gamma": 5.188523703083409, "lr": 0.17227970147712546}, "datetime": {"datetime": "2024-04-04 05:09:38", "elapsed": 1.723265, "delta": 0.003152}}
{"target": -205.3608158068276, "params": {"gamma": 0.7466661384435471, "lr": 0.37030569377388767}, "datetime": {"datetime": "2024-04-04 05:09:38", "elapsed": 1.726528, "delta": 0.003263}}
{"target": -289.67083097220325, "params": {"gamma": 1.235065179287484, "lr": 0.6345187162918416}, "datetime": {"datetime": "2024-04-04 05:09:38", "elapsed": 1.72982, "delta": 0.003292}}
{"target": -1041.9274202901272, "params": {"gamma": 4.13978453744836, "lr": 0.9909156325254501}, "datetime": {"datetime": "2024-04-04 05:09:38", "elapsed": 1.732884, "delta": 0.003064}}
{"target": -3626.7807488792946, "params": {"gamma": 9.299626280909525, "lr": 0.14923603230975002}, "datetime": {"datetime": "2024-04-04 05:09:38", "elapsed": 1.735965, "delta": 0.003081}}
{"target": -774.6038500314294, "params": {"gamma": 3.9494277431054683, "lr": 0.46157971096238615}, "datetime": {"datetime": "2024-04-04 05:09:38", "elapsed": 1.739025, "delta": 0.00306}}
{"target": -1355.155035823703, "params": {"gamma": 5.609926602464331, "lr": 0.7803635232892685}, "datetime": {"datetime": "2024-04-04 05:09:38", "elapsed": 1.742086, "delta": 0.003061}}
{"target": -1050.2901642587908, "params": {"gamma": 4.872451896825164, "lr": 0.4199935520102408}, "datetime": {"datetime": "2024-04-04 05:09:38", "elapsed": 1.745167, "delta": 0.003081}}
{"target": -663.7172328322584, "params": {"gamma": 2.6207350474886373, "lr": 0.9108061390867584}, "datetime": {"datetime": "2024-04-04 05:09:38", "elapsed": 1.748261, "delta": 0.003094}}
{"target": -145.26385692887635, "params": {"gamma": 0.22369284381650878, "lr": 0.8211218982189646}, "datetime": {"datetime": "2024-04-04 05:09:38", "elapsed": 1.751351, "delta": 0.00309}}
{"target": -454.0965712814721, "params": {"gamma": 1.8854955282645185, "lr": 0.6857568991725472}, "datetime": {"datetime": "2024-04-04 05:09:38", "elapsed": 1.754367, "delta": 0.003016}}
{"target": -897.921553014982, "params": {"gamma": 3.552738684007098, "lr": 0.9742126278950913}, "datetime": {"datetime": "2024-04-04 05:09:38", "elapsed": 1.757391, "delta": 0.003024}}
{"target": -447.9342216605096, "params": {"gamma": 1.22859852236475, "lr": 0.18756989261723955}, "datetime": {"datetime": "2024-04-04 05:09:38", "elapsed": 1.760646, "delta": 0.003255}}
{"target": -1829.4639289146758, "params": {"gamma": 8.894535312169324, "lr": 0.5834063146082279}, "datetime": {"datetime": "2024-04-04 05:09:38", "elapsed": 1.763883, "delta": 0.003237}}
{"target": -1439.9655824945498, "params": {"gamma": 3.0931546002031376, "lr": 0.0007643854781880233}, "datetime": {"datetime": "2024-04-04 05:09:38", "elapsed": 1.766937, "delta": 0.003054}}
{"target": -902.7076331620179, "params": {"gamma": 2.2767497854842085, "lr": 0.1454036341712357}, "datetime": {"datetime": "2024-04-04 05:09:38", "elapsed": 1.769916, "delta": 0.002979}}
{"target": -527.2321494621694, "params": {"gamma": 2.035134809876536, "lr": 0.8963225568040046}, "datetime": {"datetime": "2024-04-04 05:09:38", "elapsed": 1.772974, "delta": 0.003058}}
{"target": -1982.5952851639113, "params": {"gamma": 8.731070688318136, "lr": 0.7002894376334498}, "datetime": {"datetime": "2024-04-04 05:09:38", "elapsed": 1.776055, "delta": 0.003081}}
{"target": -1153.1612325530537, "params": {"gamma": 4.705506263845939, "lr": 0.8271360023322883}, "datetime": {"datetime": "2024-04-04 05:09:38", "elapsed": 1.779103, "delta": 0.003048}}
{"target": -1069.205473328612, "params": {"gamma": 4.958768144455039, "lr": 0.36348868328490525}, "datetime": {"datetime": "2024-04-04 05:09:38", "elapsed": 1.782099, "delta": 0.002996}}
{"target": -703.4268796138219, "params": {"gamma": 2.7567554245058266, "lr": 0.9247408135383717}, "datetime": {"datetime": "2024-04-04 05:09:38", "elapsed": 1.78517, "delta": 0.003071}}
{"target": -759.5928330124784, "params": {"gamma": 3.8705053533286655, "lr": 0.49288087343132025}, "datetime": {"datetime": "2024-04-04 05:09:38", "elapsed": 1.788271, "delta": 0.003101}}
{"target": -642.0487734473028, "params": {"gamma": 2.5451265850419067, "lr": 0.8849665188380633}, "datetime": {"datetime": "2024-04-04 05:09:38", "elapsed": 1.791357, "delta": 0.003086}}
{"target": -823.198360216695, "params": {"gamma": 3.833251304596062, "lr": 0.29757471531387525}, "datetime": {"datetime": "2024-04-04 05:09:38", "elapsed": 1.79469, "delta": 0.003333}}
{"target": -2475.3365504059393, "params": {"gamma": 7.17623202698535, "lr": 0.19086994317230743}, "datetime": {"datetime": "2024-04-04 05:09:38", "elapsed": 1.797811, "delta": 0.003121}}
{"target": -324.69182820284544, "params": {"gamma": 1.1828081008410374, "lr": 0.8369977822135122}, "datetime": {"datetime": "2024-04-04 05:09:38", "elapsed": 1.80091, "delta": 0.003099}}
{"target": -1532.4971637570823, "params": {"gamma": 7.441615077773983, "lr": 0.5905205476471171}, "datetime": {"datetime": "2024-04-04 05:09:38", "elapsed": 1.803955, "delta": 0.003045}}
{"target": -526.6753842810934, "params": {"gamma": 2.429672858073742, "lr": 0.6232471451875841}, "datetime": {"datetime": "2024-04-04 05:09:38", "elapsed": 1.806934, "delta": 0.002979}}
{"target": -1339.7283797336934, "params": {"gamma": 6.383914852090989, "lr": 0.32756944411232514}, "datetime": {"datetime": "2024-04-04 05:09:38", "elapsed": 1.809894, "delta": 0.00296}}
{"target": -215.08450349696108, "params": {"gamma": 0.6758259413323553, "lr": 0.8805385975643267}, "datetime": {"datetime": "2024-04-04 05:09:38", "elapsed": 1.812973, "delta": 0.003079}}
{"target": -1112.4076740567443, "params": {"gamma": 4.60010735401151, "lr": 0.7638727180664299}, "datetime": {"datetime": "2024-04-04 05:09:38", "elapsed": 1.816015, "delta": 0.003042}}
{"target": -536.2757395523857, "params": {"gamma": 2.539632320806454, "lr": 0.5913871822675169}, "datetime": {"datetime": "2024-04-04 05:09:38", "elapsed": 1.819029, "delta": 0.003014}}
{"target": -880.5507434477967, "params": {"gamma": 4.288522808327629, "lr": 0.38210064254913956}, "datetime": {"datetime": "2024-04-04 05:09:38", "elapsed": 1.822022, "delta": 0.002993}}
{"target": -367.2823395284293, "params": {"gamma": 1.2680071250853806, "lr": 0.24426666320897583}, "datetime": {"datetime": "2024-04-04 05:09:38", "elapsed": 1.8251, "delta": 0.003078}}
{"target": -216.3880109765154, "params": {"gamma": 0.7943364880002312, "lr": 0.3028583047175786}, "datetime": {"datetime": "2024-04-04 05:09:38", "elapsed": 1.82839, "delta": 0.00329}}
{"target": -1566.9187429933736, "params": {"gamma": 7.417306297515323, "lr": 0.6150157249710488}, "datetime": {"datetime": "2024-04-04 05:09:38", "elapsed": 1.831553, "delta": 0.003163}}
{"target": -3085.6359347321477, "params": {"gamma": 6.724438578240325, "lr": 0.00838307952503159}, "datetime": {"datetime": "2024-04-04 05:09:38", "elapsed": 1.834509, "delta": 0.002956}}
{"target": -1406.5507475629026, "params": {"gamma": 6.784091345540948, "lr": 0.503180690542887}, "datetime": {"datetime": "2024-04-04 05:09:38", "elapsed": 1.837471, "delta": 0.002962}}
{"target": -884.7382513430183, "params": {"gamma": 2.309853596391308, "lr": 0.17489650898192222}, "datetime": {"datetime": "2024-04-04 05:09:38", "elapsed": 1.840422, "delta": 0.002951}}
{"target": -479.3496021877871, "params": {"gamma": 1.8506446725427474, "lr": 0.8442600050750985}, "datetime": {"datetime": "2024-04-04 05:09:38", "elapsed": 1.843402, "delta": 0.00298}}
{"target": -2414.1508827831935, "params": {"gamma": 9.825915303261548, "lr": 0.9137396248416316}, "datetime": {"datetime": "2024-04-04 05:09:38", "elapsed": 1.846372, "delta": 0.00297}}
{"target": -848.5940100587867, "params": {"gamma": 3.4743468343077555, "lr": 0.7802245796913637}, "datetime": {"datetime": "2024-04-04 05:09:38", "elapsed": 1.849327, "delta": 0.002955}}
{"target": -1346.0148686336317, "params": {"gamma": 5.464999452423606, "lr": 0.8164423975559377}, "datetime": {"datetime": "2024-04-04 05:09:38", "elapsed": 1.852294, "delta": 0.002967}}
{"target": -1001.024666431897, "params": {"gamma": 4.8377857849378705, "lr": 0.5899512982994037}, "datetime": {"datetime": "2024-04-04 05:09:38", "elapsed": 1.855275, "delta": 0.002981}}
{"target": -3493.9138847456284, "params": {"gamma": 7.872847211795091, "lr": 0.10023464310313235}, "datetime": {"datetime": "2024-04-04 05:09:38", "elapsed": 1.858336, "delta": 0.003061}}
{"target": -1135.178641536364, "params": {"gamma": 5.370534161288567, "lr": 0.36598334666965426}, "datetime": {"datetime": "2024-04-04 05:09:38", "elapsed": 1.861629, "delta": 0.003293}}
{"target": -1510.2270778787574, "params": {"gamma": 6.043464129845054, "lr": 0.9588025156370005}, "datetime": {"datetime": "2024-04-04 05:09:38", "elapsed": 1.864852, "delta": 0.003223}}
{"target": -808.3485145690938, "params": {"gamma": 3.9288366270246278, "lr": 0.39297299794161644}, "datetime": {"datetime": "2024-04-04 05:09:38", "elapsed": 1.86784, "delta": 0.002988}}
{"target": -1662.4242562542088, "params": {"gamma": 7.9065792989023995, "lr": 0.6450783990854264}, "datetime": {"datetime": "2024-04-04 05:09:38", "elapsed": 1.87084, "delta": 0.003}}
{"target": -911.294317639567, "params": {"gamma": 3.9394461945459094, "lr": 0.6889550482302514}, "datetime": {"datetime": "2024-04-04 05:09:38", "elapsed": 1.873824, "delta": 0.002984}}
{"target": -1566.9946561595107, "params": {"gamma": 4.040612088934736, "lr": 0.1361131542481221}, "datetime": {"datetime": "2024-04-04 05:09:38", "elapsed": 1.876797, "delta": 0.002973}}
{"target": -973.3476699750272, "params": {"gamma": 4.506982043452673, "lr": 0.3344193926972726}, "datetime": {"datetime": "2024-04-04 05:09:38", "elapsed": 1.879772, "delta": 0.002975}}
{"target": -563.6803046937088, "params": {"gamma": 2.180471331681618, "lr": 0.9257748016364399}, "datetime": {"datetime": "2024-04-04 05:09:38", "elapsed": 1.882742, "delta": 0.00297}}
{"target": -1421.1633145953895, "params": {"gamma": 6.896704351396498, "lr": 0.5988208906234219}, "datetime": {"datetime": "2024-04-04 05:09:38", "elapsed": 1.885716, "delta": 0.002974}}
{"target": -1546.6626477795498, "params": {"gamma": 7.466828063757928, "lr": 0.5419710617714415}, "datetime": {"datetime": "2024-04-04 05:09:38", "elapsed": 1.888749, "delta": 0.003033}}
{"target": -1747.2268512948954, "params": {"gamma": 7.005630193122407, "lr": 0.9305598192498451}, "datetime": {"datetime": "2024-04-04 05:09:38", "elapsed": 1.89204, "delta": 0.003291}}
{"target": -3253.0463163218105, "params": {"gamma": 8.626304328357714, "lr": 0.1674418575065213}, "datetime": {"datetime": "2024-04-04 05:09:38", "elapsed": 1.895432, "delta": 0.003392}}
{"target": -1231.5314255141373, "params": {"gamma": 2.6321271002148183, "lr": 0.07161027944180454}, "datetime": {"datetime": "2024-04-04 05:09:38", "elapsed": 1.898572, "delta": 0.00314}}
{"target": -2610.133553871749, "params": {"gamma": 9.786749378778312, "lr": 0.23638409866037557}, "datetime": {"datetime": "2024-04-04 05:09:38", "elapsed": 1.901628, "delta": 0.003056}}
{"target": -3022.463133733372, "params": {"gamma": 6.6063229609300596, "lr": 0.089630698927462}, "datetime": {"datetime": "2024-04-04 05:09:38", "elapsed": 1.904699, "delta": 0.003071}}
{"target": -455.43105340415536, "params": {"gamma": 2.1084986499281, "lr": 0.5028243835184045}, "datetime": {"datetime": "2024-04-04 05:09:38", "elapsed": 1.907789, "delta": 0.00309}}
{"target": -249.58816145268432, "params": {"gamma": 1.0504317296309502, "lr": 0.38887340269472437}, "datetime": {"datetime": "2024-04-04 05:09:38", "elapsed": 1.910786, "delta": 0.002997}}
{"target": -1158.7393552595686, "params": {"gamma": 5.3803392136766695, "lr": 0.33920418488509996}, "datetime": {"datetime": "2024-04-04 05:09:38", "elapsed": 1.913763, "delta": 0.002977}}
{"target": -1155.4733363421574, "params": {"gamma": 5.559446211054629, "lr": 0.536768321942464}, "datetime": {"datetime": "2024-04-04 05:09:38", "elapsed": 1.91693, "delta": 0.003167}}
{"target": -903.9354970393033, "params": {"gamma": 3.906714376870321, "lr": 0.6962700831011029}, "datetime": {"datetime": "2024-04-04 05:09:38", "elapsed": 1.920104, "delta": 0.003174}}
{"target": -1553.0948507822736, "params": {"gamma": 6.785146057525243, "lr": 0.6873031493743899}, "datetime": {"datetime": "2024-04-04 05:09:38", "elapsed": 1.923202, "delta": 0.003098}}
{"target": -1208.6790860111657, "params": {"gamma": 5.615351096734943, "lr": 0.3580799140129358}, "datetime": {"datetime": "2024-04-04 05:09:38", "elapsed": 1.926371, "delta": 0.003169}}
{"target": -1531.9097478263352, "params": {"gamma": 6.131510241334756, "lr": 0.9357362666081998}, "datetime": {"datetime": "2024-04-04 05:09:38", "elapsed": 1.92973, "delta": 0.003359}}
{"target": -1491.961130291856, "params": {"gamma": 5.969288360934786, "lr": 0.9795901743594252}, "datetime": {"datetime": "2024-04-04 05:09:38", "elapsed": 1.932861, "delta": 0.003131}}
{"target": -986.8585475244091, "params": {"gamma": 4.4106251974683035, "lr": 0.7396119625075467}, "datetime": {"datetime": "2024-04-04 05:09:38", "elapsed": 1.935991, "delta": 0.00313}}
{"target": -161.50953822393797, "params": {"gamma": 0.3770011826173517, "lr": 0.7647266390004861}, "datetime": {"datetime": "2024-04-04 05:09:38", "elapsed": 1.939078, "delta": 0.003087}}
{"target": -2386.8600901468712, "params": {"gamma": 5.1832975216877974, "lr": 0.0053165329611032375}, "datetime": {"datetime": "2024-04-04 05:09:38", "elapsed": 1.942095, "delta": 0.003017}}
{"target": -588.0088954850019, "params": {"gamma": 2.772723847721202, "lr": 0.5348322325198115}, "datetime": {"datetime": "2024-04-04 05:09:38", "elapsed": 1.945225, "delta": 0.00313}}
{"target": -3518.8915262184755, "params": {"gamma": 7.679860819934835, "lr": 0.05309259545252509}, "datetime": {"datetime": "2024-04-04 05:09:38", "elapsed": 1.948346, "delta": 0.003121}}
{"target": -1352.294393376353, "params": {"gamma": 5.490985385061347, "lr": 0.800994555798356}, "datetime": {"datetime": "2024-04-04 05:09:38", "elapsed": 1.951474, "delta": 0.003128}}
{"target": -1621.7267748612928, "params": {"gamma": 6.496180965729911, "lr": 0.9314470149929107}, "datetime": {"datetime": "2024-04-04 05:09:38", "elapsed": 1.954546, "delta": 0.003072}}
{"target": -221.43882971031638, "params": {"gamma": 0.7482397187025968, "lr": 0.2768064626005866}, "datetime": {"datetime": "2024-04-04 05:09:38", "elapsed": 1.957617, "delta": 0.003071}}
{"target": -2202.0166393505738, "params": {"gamma": 9.192455805057469, "lr": 0.7650051482981429}, "datetime": {"datetime": "2024-04-04 05:09:38", "elapsed": 1.961095, "delta": 0.003478}}
{"target": -1462.8009172721763, "params": {"gamma": 5.9978037043765156, "lr": 0.8329681438370704}, "datetime": {"datetime": "2024-04-04 05:09:38", "elapsed": 1.964373, "delta": 0.003278}}
{"target": -2228.9572106204832, "params": {"gamma": 8.960538872258445, "lr": 0.9727203528528249}, "datetime": {"datetime": "2024-04-04 05:09:38", "elapsed": 1.967486, "delta": 0.003113}}
{"target": -3845.9707149307, "params": {"gamma": 9.98520655039097, "lr": 0.13964933368410348}, "datetime": {"datetime": "2024-04-04 05:09:38", "elapsed": 1.970548, "delta": 0.003062}}
{"target": -373.1034084264339, "params": {"gamma": 0.7063499053922482, "lr": 0.07346665436012334}, "datetime": {"datetime": "2024-04-04 05:09:38", "elapsed": 1.973586, "delta": 0.003038}}
{"target": -140.61968022391432, "params": {"gamma": 0.14842316520856935, "lr": 0.971820072977926}, "datetime": {"datetime": "2024-04-04 05:09:38", "elapsed": 1.976714, "delta": 0.003128}}
{"target": -272.6769653690026, "params": {"gamma": 0.9485743976558341, "lr": 0.8417368261858497}, "datetime": {"datetime": "2024-04-04 05:09:38", "elapsed": 1.979827, "delta": 0.003113}}
{"target": -1329.0408561745392, "params": {"gamma": 6.852044796080089, "lr": 0.4875571674829181}, "datetime": {"datetime": "2024-04-04 05:09:38", "elapsed": 1.982906, "delta": 0.003079}}
{"target": -753.4437103916612, "params": {"gamma": 3.4676021187044235, "lr": 0.35364778706700506}, "datetime": {"datetime": "2024-04-04 05:09:38", "elapsed": 1.985946, "delta": 0.00304}}
{"target": -644.1254533956933, "params": {"gamma": 2.539134984589525, "lr": 0.9110179736986265}, "datetime": {"datetime": "2024-04-04 05:09:38", "elapsed": 1.989105, "delta": 0.003159}}
{"target": -3326.9980855046856, "params": {"gamma": 7.256699812403196, "lr": 0.025925792784269874}, "datetime": {"datetime": "2024-04-04 05:09:38", "elapsed": 1.992404, "delta": 0.003299}}
{"target": -1083.5737610341953, "params": {"gamma": 4.615751011217899, "lr": 0.28130127253681136}, "datetime": {"datetime": "2024-04-04 05:09:38", "elapsed": 1.995753, "delta": 0.003349}}
{"target": -151.43823775844302, "params": {"gamma": 0.2906328955928069, "lr": 0.8846818943092944}, "datetime": {"datetime": "2024-04-04 05:09:38", "elapsed": 1.998796, "delta": 0.003043}}
{"target": -1614.1539460363306, "params": {"gamma": 7.710282574188869, "lr": 0.32973507924426093}, "datetime": {"datetime": "2024-04-04 05:09:38", "elapsed": 2.001861, "delta": 0.003065}}
{"target": -1667.0294030275675, "params": {"gamma": 7.965789316779574, "lr": 0.3246383222029966}, "datetime": {"datetime": "2024-04-04 05:09:38", "elapsed": 2.004855, "delta": 0.002994}}
{"target": -782.1462705549061, "params": {"gamma": 3.0795165557326496, "lr": 0.9281090785007262}, "datetime": {"datetime": "2024-04-04 05:09:38", "elapsed": 2.007851, "delta": 0.002996}}
{"target": -2019.488626732288, "params": {"gamma": 9.769184703296556, "lr": 0.5235553047168928}, "datetime": {"datetime": "2024-04-04 05:09:38", "elapsed": 2.010843, "delta": 0.002992}}
{"target": -2319.1817380169778, "params": {"gamma": 9.519399740511682, "lr": 0.8879964939264646}, "datetime": {"datetime": "2024-04-04 05:09:38", "elapsed": 2.013846, "delta": 0.003003}}
{"target": -1095.6360800189088, "params": {"gamma": 5.180807583382493, "lr": 0.3727488020974856}, "datetime": {"datetime": "2024-04-04 05:09:38", "elapsed": 2.016853, "delta": 0.003007}}
{"target": -1377.2259381445326, "params": {"gamma": 7.103835428617774, "lr": 0.455643424642054}, "datetime": {"datetime": "2024-04-04 05:09:38", "elapsed": 2.019943, "delta": 0.00309}}
