{"target": -58.28844687582154, "params": {"p_ai": 9.475541865009603, "p_al": 2.2151059105005597, "p_ex": 2.6714531248239735, "prior": 0.8156581748077427, "rate": 4.286759667809202}, "datetime": {"datetime": "2024-03-29 10:29:59", "elapsed": 8.523241, "delta": 0.10469}}
{"target": -91.58803480622397, "params": {"p_ai": 1.091078621426664, "p_al": 6.3382338193585674, "p_ex": 8.029829410500005, "prior": 6.968308160705665, "rate": 7.66234759937663}, "datetime": {"datetime": "2024-03-29 10:29:59", "elapsed": 8.627518, "delta": 0.104277}}
{"target": -68.9613867508689, "params": {"p_ai": 3.4251987443153546, "p_al": 8.45866897879375, "p_ex": 4.2882589812194265, "prior": 8.240274694252776, "rate": 6.265335090084314}, "datetime": {"datetime": "2024-03-29 10:29:59", "elapsed": 8.732237, "delta": 0.104719}}
{"target": -110.35524387366226, "params": {"p_ai": 1.435087063653779, "p_al": 0.7847906116496246, "p_ex": 0.1843080964871599, "prior": 0.6681832513959254, "rate": 4.586379553270611}, "datetime": {"datetime": "2024-03-29 10:29:59", "elapsed": 8.836955, "delta": 0.104718}}
{"target": -84.384348122552, "params": {"p_ai": 1.1343058857531372, "p_al": 0.27880570513785086, "p_ex": 7.5488599524232844, "prior": 3.949109954125934, "rate": 7.469638017579644}, "datetime": {"datetime": "2024-03-29 10:29:59", "elapsed": 8.941675, "delta": 0.10472}}
{"target": -55.07906642367973, "params": {"p_ai": 4.52459586263777, "p_al": 4.501417383260611, "p_ex": 4.7812469946715925, "prior": 4.740565261695378, "rate": 8.031830257799582}, "datetime": {"datetime": "2024-03-29 10:29:59", "elapsed": 9.046394, "delta": 0.104719}}
{"target": -96.56052825199743, "params": {"p_ai": 4.024522806057501, "p_al": 9.046956917275887, "p_ex": 0.3715734184924046, "prior": 7.738969552861467, "rate": 1.2572881699962504}, "datetime": {"datetime": "2024-03-29 10:30:00", "elapsed": 9.151704, "delta": 0.10531}}
{"target": -49.52227365683885, "params": {"p_ai": 6.185517155553943, "p_al": 0.10463224909098416, "p_ex": 5.386734198480894, "prior": 0.031176548239344033, "rate": 9.511986661116556}, "datetime": {"datetime": "2024-03-29 10:30:00", "elapsed": 9.25742, "delta": 0.105716}}
{"target": -74.34547140850974, "params": {"p_ai": 9.054114934994077, "p_al": 7.959873452480752, "p_ex": 9.15282792482796, "prior": 1.4564367533528122, "rate": 1.5781429686354622}, "datetime": {"datetime": "2024-03-29 10:30:00", "elapsed": 9.365131, "delta": 0.107711}}
{"target": -86.80978452560569, "params": {"p_ai": 1.8771290973514374, "p_al": 6.225336527096912, "p_ex": 9.05818915058701, "prior": 9.899561828412377, "rate": 7.111513465199394}, "datetime": {"datetime": "2024-03-29 10:30:00", "elapsed": 9.469851, "delta": 0.10472}}
{"target": -91.73119828926662, "params": {"p_ai": 7.318272291013812, "p_al": 9.093022752238, "p_ex": 4.009336449978838, "prior": 2.4992569515701426, "rate": 1.7351282777004415}, "datetime": {"datetime": "2024-03-29 10:30:00", "elapsed": 9.574569, "delta": 0.104718}}
{"target": -100.10989396329397, "params": {"p_ai": 1.1954510462869563, "p_al": 8.126293269740254, "p_ex": 1.4687769417990144, "prior": 2.6437105297862797, "rate": 8.191072697156674}, "datetime": {"datetime": "2024-03-29 10:30:00", "elapsed": 9.679045, "delta": 0.104476}}
{"target": -86.6248816136744, "params": {"p_ai": 3.106561930690306, "p_al": 9.824192075480136, "p_ex": 2.6671203828142005, "prior": 5.336999796367143, "rate": 3.1453556448473106}, "datetime": {"datetime": "2024-03-29 10:30:00", "elapsed": 9.782767, "delta": 0.103722}}
{"target": -53.13890970080283, "params": {"p_ai": 9.1078175389072, "p_al": 3.666199881868493, "p_ex": 4.336489680404373, "prior": 5.123414630091336, "rate": 9.388925887219763}, "datetime": {"datetime": "2024-03-29 10:30:00", "elapsed": 9.887486, "delta": 0.104719}}
{"target": -95.03164782201442, "params": {"p_ai": 0.310459113705236, "p_al": 7.1690697576532605, "p_ex": 8.910298523969097, "prior": 0.2738449479511707, "rate": 5.220990421277856}, "datetime": {"datetime": "2024-03-29 10:30:00", "elapsed": 9.992205, "delta": 0.104719}}
{"target": -70.13376692021728, "params": {"p_ai": 3.2605721278884827, "p_al": 8.595033719334992, "p_ex": 5.585606992674257, "prior": 6.902588453759316, "rate": 4.529082146015424}, "datetime": {"datetime": "2024-03-29 10:30:00", "elapsed": 10.096924, "delta": 0.104719}}
{"target": -87.30354701943965, "params": {"p_ai": 6.2834620661760505, "p_al": 2.901678420022571, "p_ex": 0.0944764310871913, "prior": 5.767982593935921, "rate": 3.1151306971104957}, "datetime": {"datetime": "2024-03-29 10:30:01", "elapsed": 10.201258, "delta": 0.104334}}
{"target": -68.59155582906057, "params": {"p_ai": 5.1731587174127975, "p_al": 9.164142124685924, "p_ex": 4.265321410225459, "prior": 2.4747129699872517, "rate": 3.7135663190292654}, "datetime": {"datetime": "2024-03-29 10:30:01", "elapsed": 10.305977, "delta": 0.104719}}
{"target": -67.04542016339782, "params": {"p_ai": 9.31867930524877, "p_al": 9.368746944709628, "p_ex": 8.443455155708566, "prior": 9.202144936542298, "rate": 2.279774999223218}, "datetime": {"datetime": "2024-03-29 10:30:01", "elapsed": 10.410696, "delta": 0.104719}}
{"target": -87.06438343584955, "params": {"p_ai": 0.8757346133263552, "p_al": 2.273870053110603, "p_ex": 3.1444517845243904, "prior": 1.7484839976867594, "rate": 6.071334525562633}, "datetime": {"datetime": "2024-03-29 10:30:01", "elapsed": 10.515415, "delta": 0.104719}}
{"target": -86.29593521947565, "params": {"p_ai": 4.136450563596613, "p_al": 8.163698766760314, "p_ex": 1.8521188522920375, "prior": 7.019063421033349, "rate": 2.4043158928665394}, "datetime": {"datetime": "2024-03-29 10:30:01", "elapsed": 10.620667, "delta": 0.105252}}
{"target": -82.54633506935643, "params": {"p_ai": 5.742616669319757, "p_al": 3.490526984610668, "p_ex": 0.5705870304288444, "prior": 2.288907895932798, "rate": 6.641361450992581}, "datetime": {"datetime": "2024-03-29 10:30:01", "elapsed": 10.724389, "delta": 0.103722}}
{"target": -69.63951452561028, "params": {"p_ai": 4.973003683511953, "p_al": 5.190640824752714, "p_ex": 1.7480267809391161, "prior": 5.7075877996110185, "rate": 9.967537498656892}, "datetime": {"datetime": "2024-03-29 10:30:01", "elapsed": 10.829108, "delta": 0.104719}}
{"target": -56.96805942322557, "params": {"p_ai": 8.168534252807428, "p_al": 5.944131865685947, "p_ex": 9.759914694240718, "prior": 9.015724284108543, "rate": 5.956483728092853}, "datetime": {"datetime": "2024-03-29 10:30:01", "elapsed": 10.934824, "delta": 0.105716}}
{"target": -130.88576517648798, "params": {"p_ai": 0.32523082681925664, "p_al": 0.93667738107899, "p_ex": 0.6546517787072217, "prior": 4.517879753766062, "rate": 3.75497289684541}, "datetime": {"datetime": "2024-03-29 10:30:01", "elapsed": 11.039092, "delta": 0.104268}}
{"target": -56.05224287063974, "params": {"p_ai": 9.753524992668595, "p_al": 1.6806649487029495, "p_ex": 9.72790313173462, "prior": 7.674981213761269, "rate": 8.242554158405353}, "datetime": {"datetime": "2024-03-29 10:30:02", "elapsed": 11.143395, "delta": 0.104303}}
{"target": -89.43188245566165, "params": {"p_ai": 6.326525551963195, "p_al": 6.6876589692971145, "p_ex": 4.769346452878413, "prior": 0.13235043287379938, "rate": 3.530707849332706}, "datetime": {"datetime": "2024-03-29 10:30:02", "elapsed": 11.248115, "delta": 0.10472}}
{"target": -80.79138431202722, "params": {"p_ai": 4.9212259431340915, "p_al": 7.3011820196899535, "p_ex": 4.686814799118347, "prior": 4.574591755978228, "rate": 1.377489746715086}, "datetime": {"datetime": "2024-03-29 10:30:02", "elapsed": 11.353431, "delta": 0.105316}}
{"target": -140.854234850491, "params": {"p_ai": 0.10987644930098642, "p_al": 7.583024326509486, "p_ex": 3.200208427938706, "prior": 9.843850118484914, "rate": 2.2031220273654006}, "datetime": {"datetime": "2024-03-29 10:30:02", "elapsed": 11.457153, "delta": 0.103722}}
{"target": -81.37453028383028, "params": {"p_ai": 3.387741546791315, "p_al": 5.239437460525651, "p_ex": 7.549159679148268, "prior": 4.639113981219056, "rate": 1.2491006085736511}, "datetime": {"datetime": "2024-03-29 10:30:02", "elapsed": 11.561872, "delta": 0.104719}}
{"target": -87.80537629075032, "params": {"p_ai": 3.125701283542003, "p_al": 5.045687177840246, "p_ex": 6.73881623116066, "prior": 7.70172941316461, "rate": 1.3042274737625883}, "datetime": {"datetime": "2024-03-29 10:30:02", "elapsed": 11.667128, "delta": 0.105256}}
{"target": -118.2251345958451, "params": {"p_ai": 0.23012839809249527, "p_al": 5.191304139797683, "p_ex": 8.1000771179135, "prior": 0.12702506653173326, "rate": 6.725025976692686}, "datetime": {"datetime": "2024-03-29 10:30:02", "elapsed": 11.77085, "delta": 0.103722}}
{"target": -88.27882734689467, "params": {"p_ai": 6.868395458343262, "p_al": 4.49301828911279, "p_ex": 9.1479720787326, "prior": 6.443966486485173, "rate": 0.05339313667700704}, "datetime": {"datetime": "2024-03-29 10:30:02", "elapsed": 11.875598, "delta": 0.104748}}
{"target": -56.99126741622643, "params": {"p_ai": 4.844800026698242, "p_al": 8.593318743169903, "p_ex": 8.304165300803357, "prior": 6.491892816927667, "rate": 6.737310540562419}, "datetime": {"datetime": "2024-03-29 10:30:02", "elapsed": 11.981286, "delta": 0.105688}}
{"target": -60.53288435598427, "params": {"p_ai": 5.7854172983122165, "p_al": 2.741923631893355, "p_ex": 5.605739375370052, "prior": 6.717626118389386, "rate": 3.5249438725338718}, "datetime": {"datetime": "2024-03-29 10:30:02", "elapsed": 12.085007, "delta": 0.103721}}
{"target": -51.376863069861095, "params": {"p_ai": 8.558427844172023, "p_al": 1.9511798226010642, "p_ex": 7.473460782508901, "prior": 2.8967378591225876, "rate": 7.738219073154577}, "datetime": {"datetime": "2024-03-29 10:30:03", "elapsed": 12.189289, "delta": 0.104282}}
{"target": -59.45599306038048, "params": {"p_ai": 4.277945556031427, "p_al": 8.077176392712982, "p_ex": 3.535995091817236, "prior": 2.137718683058182, "rate": 7.673077799709245}, "datetime": {"datetime": "2024-03-29 10:30:03", "elapsed": 12.294008, "delta": 0.104719}}
{"target": -71.72779147235251, "params": {"p_ai": 3.0871108343588807, "p_al": 7.332717432196549, "p_ex": 7.444987057624244, "prior": 2.2147456123811025, "rate": 2.141907256069664}, "datetime": {"datetime": "2024-03-29 10:30:03", "elapsed": 12.398727, "delta": 0.104719}}
{"target": -71.83064316169776, "params": {"p_ai": 1.9902802863472397, "p_al": 1.4260408593206808, "p_ex": 3.7714489094741337, "prior": 0.26725221903152313, "rate": 1.110092769973372}, "datetime": {"datetime": "2024-03-29 10:30:03", "elapsed": 12.503446, "delta": 0.104719}}
{"target": -110.00373674343355, "params": {"p_ai": 6.745965673610343, "p_al": 7.997965592436966, "p_ex": 0.8062147417567307, "prior": 2.3177914025474347, "rate": 2.0770489923763398}, "datetime": {"datetime": "2024-03-29 10:30:03", "elapsed": 12.607715, "delta": 0.104269}}
{"target": -50.92688314151615, "params": {"p_ai": 9.173418297253225, "p_al": 7.113433866846732, "p_ex": 5.539292225903092, "prior": 3.0458753612182816, "rate": 8.348705622270353}, "datetime": {"datetime": "2024-03-29 10:30:03", "elapsed": 12.712027, "delta": 0.104312}}
{"target": -84.22989666515502, "params": {"p_ai": 4.353624270337571, "p_al": 9.234638694972633, "p_ex": 7.0608119915549965, "prior": 4.780835048344869, "rate": 1.2629748273898376}, "datetime": {"datetime": "2024-03-29 10:30:03", "elapsed": 12.81572, "delta": 0.103693}}
{"target": -67.83106097870596, "params": {"p_ai": 9.760459461127008, "p_al": 1.5991766697905894, "p_ex": 2.026818650071406, "prior": 4.312386369848549, "rate": 4.042614855845698}, "datetime": {"datetime": "2024-03-29 10:30:03", "elapsed": 12.92044, "delta": 0.10472}}
{"target": -95.26701241726414, "params": {"p_ai": 1.4683680561621768, "p_al": 7.293459874691873, "p_ex": 1.8882619237049822, "prior": 6.439312547472317, "rate": 7.543305199812411}, "datetime": {"datetime": "2024-03-29 10:30:03", "elapsed": 13.031373, "delta": 0.110933}}
{"target": -75.65221827402335, "params": {"p_ai": 2.108113188441124, "p_al": 6.0099415268282925, "p_ex": 7.489534824083119, "prior": 6.382548887492715, "rate": 5.971675902163545}, "datetime": {"datetime": "2024-03-29 10:30:04", "elapsed": 13.135674, "delta": 0.104301}}
{"target": -62.70667454371958, "params": {"p_ai": 2.955527374269315, "p_al": 7.316333105943847, "p_ex": 9.453139091559498, "prior": 4.256188341225208, "rate": 7.822035986497222}, "datetime": {"datetime": "2024-03-29 10:30:04", "elapsed": 13.240393, "delta": 0.104719}}
{"target": -117.80820974050769, "params": {"p_ai": 0.5623542555794911, "p_al": 8.35288075329717, "p_ex": 1.9233079182046549, "prior": 3.951573592030842, "rate": 3.001510378207639}, "datetime": {"datetime": "2024-03-29 10:30:04", "elapsed": 13.345112, "delta": 0.104719}}
{"target": -102.05258159671702, "params": {"p_ai": 0.8019563344166869, "p_al": 9.046405398359493, "p_ex": 3.702171621359829, "prior": 5.30744368732292, "rate": 4.941668542697355}, "datetime": {"datetime": "2024-03-29 10:30:04", "elapsed": 13.453821, "delta": 0.108709}}
{"target": -109.13286172544062, "params": {"p_ai": 1.3224792582874385, "p_al": 2.0653341348354406, "p_ex": 0.7628119015141794, "prior": 5.07970907775293, "rate": 2.616233968778038}, "datetime": {"datetime": "2024-03-29 10:30:04", "elapsed": 13.55854, "delta": 0.104719}}
{"target": -55.564305945025076, "params": {"p_ai": 3.5712590272190368, "p_al": 1.0815452216436712, "p_ex": 7.87573084468542, "prior": 1.0667321840112223, "rate": 9.857102528308165}, "datetime": {"datetime": "2024-03-29 10:30:04", "elapsed": 13.669839, "delta": 0.111299}}
{"target": -104.6533767690305, "params": {"p_ai": 1.772434483219735, "p_al": 5.724478719234059, "p_ex": 0.4494085005562922, "prior": 7.871375780268687, "rate": 1.8968698722351471}, "datetime": {"datetime": "2024-03-29 10:30:04", "elapsed": 13.774586, "delta": 0.104747}}
{"target": -87.00247328242865, "params": {"p_ai": 5.279511880102859, "p_al": 7.401035354047558, "p_ex": 1.5001649176876422, "prior": 5.511320654695531, "rate": 2.1669554660794654}, "datetime": {"datetime": "2024-03-29 10:30:04", "elapsed": 13.878279, "delta": 0.103693}}
{"target": -89.44002285220282, "params": {"p_ai": 7.592201297122131, "p_al": 7.229429020368581, "p_ex": 1.7663137937365532, "prior": 8.619803610113067, "rate": 0.1987312200639263}, "datetime": {"datetime": "2024-03-29 10:30:04", "elapsed": 13.982998, "delta": 0.104719}}
{"target": -58.68568834323863, "params": {"p_ai": 8.60250973723373, "p_al": 5.589479207798223, "p_ex": 4.032801500586387, "prior": 7.587710563292345, "rate": 7.169573087923007}, "datetime": {"datetime": "2024-03-29 10:30:04", "elapsed": 14.087717, "delta": 0.104719}}
{"target": -86.35114982420328, "params": {"p_ai": 9.873274421909457, "p_al": 2.7815724010812146, "p_ex": 0.03893293042101652, "prior": 9.339092180540563, "rate": 8.5791131482744}, "datetime": {"datetime": "2024-03-29 10:30:05", "elapsed": 14.197997, "delta": 0.11028}}
{"target": -59.25636342976368, "params": {"p_ai": 7.28877992431504, "p_al": 5.167371140432463, "p_ex": 7.069855496242362, "prior": 7.805515039210552, "rate": 3.749384559425057}, "datetime": {"datetime": "2024-03-29 10:30:05", "elapsed": 14.305708, "delta": 0.107711}}
{"target": -52.11089512369579, "params": {"p_ai": 7.703454930774247, "p_al": 7.506492567432579, "p_ex": 6.132498904231054, "prior": 4.019257373754407, "rate": 6.9733828846241455}, "datetime": {"datetime": "2024-03-29 10:30:05", "elapsed": 14.410427, "delta": 0.104719}}
{"target": -138.68707640068217, "params": {"p_ai": 0.032125465394095866, "p_al": 7.749191570599254, "p_ex": 8.964269607966013, "prior": 2.393917758667609, "rate": 1.208551075907988}, "datetime": {"datetime": "2024-03-29 10:30:05", "elapsed": 14.516144, "delta": 0.105717}}
{"target": -86.26273865487603, "params": {"p_ai": 2.2036195939494823, "p_al": 3.021665216169693, "p_ex": 8.830402057129778, "prior": 5.432121135950708, "rate": 2.8678297844146994}, "datetime": {"datetime": "2024-03-29 10:30:05", "elapsed": 14.620429, "delta": 0.104285}}
{"target": -80.15065977228026, "params": {"p_ai": 1.3844085432396722, "p_al": 2.902154486582312, "p_ex": 6.139097026322785, "prior": 3.242061160444569, "rate": 4.574144456728294}, "datetime": {"datetime": "2024-03-29 10:30:05", "elapsed": 14.726146, "delta": 0.105717}}
{"target": -58.557419595387564, "params": {"p_ai": 4.441726953059129, "p_al": 8.281525471954389, "p_ex": 4.264055194208071, "prior": 3.4576425129338477, "rate": 6.7500410764862435}, "datetime": {"datetime": "2024-03-29 10:30:05", "elapsed": 14.831862, "delta": 0.105716}}
{"target": -75.0331932150682, "params": {"p_ai": 2.215599075279554, "p_al": 4.672990993441612, "p_ex": 3.1483421075528404, "prior": 6.268929166026184, "rate": 8.773727386473432}, "datetime": {"datetime": "2024-03-29 10:30:05", "elapsed": 14.938576, "delta": 0.106714}}
{"target": -82.82709011166604, "params": {"p_ai": 4.47744231245614, "p_al": 7.84478973050044, "p_ex": 4.570200039914943, "prior": 6.562637087839597, "rate": 1.3192779092999938}, "datetime": {"datetime": "2024-03-29 10:30:05", "elapsed": 15.048282, "delta": 0.109706}}
{"target": -63.766326968511436, "params": {"p_ai": 4.3303820881695145, "p_al": 9.093210574560711, "p_ex": 6.055184531308316, "prior": 7.6679790977837845, "rate": 5.047501380350848}, "datetime": {"datetime": "2024-03-29 10:30:06", "elapsed": 15.172531, "delta": 0.124249}}
{"target": -84.63160811340947, "params": {"p_ai": 4.981058192655247, "p_al": 8.429155502088307, "p_ex": 0.6790015364751966, "prior": 5.733149443225297, "rate": 9.42768299175406}, "datetime": {"datetime": "2024-03-29 10:30:06", "elapsed": 15.279243, "delta": 0.106712}}
{"target": -53.712550393403255, "params": {"p_ai": 5.179082621675048, "p_al": 1.945463629469317, "p_ex": 8.479545985042318, "prior": 2.5171397844161723, "rate": 7.007559638788898}, "datetime": {"datetime": "2024-03-29 10:30:06", "elapsed": 15.383962, "delta": 0.104719}}
{"target": -95.89785135505907, "params": {"p_ai": 5.403069143028603, "p_al": 9.488414046513915, "p_ex": 6.2437426873243576, "prior": 8.379941642515245, "rate": 0.08032082906903645}, "datetime": {"datetime": "2024-03-29 10:30:06", "elapsed": 15.489678, "delta": 0.105716}}
{"target": -82.54056909161204, "params": {"p_ai": 9.893411221610213, "p_al": 0.7780679887535326, "p_ex": 3.2219730066340815, "prior": 9.461577802172197, "rate": 0.09038208461007943}, "datetime": {"datetime": "2024-03-29 10:30:06", "elapsed": 15.593944, "delta": 0.104266}}
{"target": -54.04990866830222, "params": {"p_ai": 8.227477324213933, "p_al": 8.612255172029577, "p_ex": 4.398868311271517, "prior": 2.558196192865506, "rate": 8.027092506813352}, "datetime": {"datetime": "2024-03-29 10:30:06", "elapsed": 15.698264, "delta": 0.10432}}
{"target": -62.25741573996206, "params": {"p_ai": 4.77914218231778, "p_al": 1.3442517479483056, "p_ex": 9.278562079257282, "prior": 8.959803700099478, "rate": 4.915959955019337}, "datetime": {"datetime": "2024-03-29 10:30:06", "elapsed": 15.802983, "delta": 0.104719}}
{"target": -52.64188012308523, "params": {"p_ai": 8.567168262681404, "p_al": 4.1863616796152225, "p_ex": 6.834965536762845, "prior": 3.9805084034398166, "rate": 5.057914432490653}, "datetime": {"datetime": "2024-03-29 10:30:06", "elapsed": 15.907703, "delta": 0.10472}}
{"target": -156.10613800787777, "params": {"p_ai": 1.896327476636439, "p_al": 9.649924252185027, "p_ex": 2.9428626667543027, "prior": 1.035492101607897, "rate": 1.4440096868902519}, "datetime": {"datetime": "2024-03-29 10:30:06", "elapsed": 16.012422, "delta": 0.104719}}
{"target": -125.88256106988204, "params": {"p_ai": 0.14190884963023712, "p_al": 7.1597410489244835, "p_ex": 5.645418704088501, "prior": 7.945988933496338, "rate": 5.0712921529180806}, "datetime": {"datetime": "2024-03-29 10:30:06", "elapsed": 16.122673, "delta": 0.110251}}
{"target": -52.38916520074552, "params": {"p_ai": 7.918418574002035, "p_al": 6.957946378504123, "p_ex": 7.778706920114895, "prior": 4.065422206901887, "rate": 6.478058561241625}, "datetime": {"datetime": "2024-03-29 10:30:07", "elapsed": 16.227392, "delta": 0.104719}}
{"target": -96.513750480656, "params": {"p_ai": 1.798763182632051, "p_al": 3.2188778139156518, "p_ex": 1.7268735965778053, "prior": 4.086963612907611, "rate": 2.4149460609080227}, "datetime": {"datetime": "2024-03-29 10:30:07", "elapsed": 16.332111, "delta": 0.104719}}
{"target": -71.89703680873511, "params": {"p_ai": 4.069813019299451, "p_al": 9.752248202030684, "p_ex": 3.2038729388944907, "prior": 9.824926958803978, "rate": 6.363424952433981}, "datetime": {"datetime": "2024-03-29 10:30:07", "elapsed": 16.446803, "delta": 0.114692}}
{"target": -53.752637378865685, "params": {"p_ai": 3.7515350929207165, "p_al": 8.574987506336882, "p_ex": 6.19624780694637, "prior": 2.521078768228263, "rate": 7.9287639240909}, "datetime": {"datetime": "2024-03-29 10:30:07", "elapsed": 16.559502, "delta": 0.112699}}
{"target": -73.49357527922402, "params": {"p_ai": 4.329952148832897, "p_al": 3.5757541621370836, "p_ex": 3.3034390883142843, "prior": 6.973991387255782, "rate": 2.6872325889383593}, "datetime": {"datetime": "2024-03-29 10:30:07", "elapsed": 16.669819, "delta": 0.110317}}
{"target": -51.33105712365332, "params": {"p_ai": 8.082971859040095, "p_al": 2.953592655204078, "p_ex": 5.441669714469987, "prior": 4.879726996560219, "rate": 8.553708769541101}, "datetime": {"datetime": "2024-03-29 10:30:07", "elapsed": 16.774538, "delta": 0.104719}}
{"target": -58.33626830506928, "params": {"p_ai": 8.883975957519464, "p_al": 1.8446600392352996, "p_ex": 5.853899240923573, "prior": 8.982152255125355, "rate": 4.461726073125263}, "datetime": {"datetime": "2024-03-29 10:30:07", "elapsed": 16.879257, "delta": 0.104719}}
{"target": -62.24365575451982, "params": {"p_ai": 9.218761186532669, "p_al": 2.790629913679252, "p_ex": 6.0887029107637645, "prior": 6.824854643958388, "rate": 2.2828291277714907}, "datetime": {"datetime": "2024-03-29 10:30:07", "elapsed": 16.983977, "delta": 0.10472}}
