{"target": -50.82434539929596, "params": {"p_ai": 4.801512969455411, "p_al": 2.7209502437149196, "p_ex": 6.913675952435405, "prior": 2.1957949227655997, "rate": 10.0}, "datetime": {"datetime": "2024-03-29 10:44:28", "elapsed": 877.330335, "delta": 4.099928}}
{"target": -53.52089452801252, "params": {"p_ai": 10.0, "p_al": 2.293644587465602, "p_ex": 5.311392885586075, "prior": 6.878279644576331, "rate": 8.145584764061425}, "datetime": {"datetime": "2024-03-29 10:44:33", "elapsed": 882.460036, "delta": 5.129701}}
{"target": -50.49938952817904, "params": {"p_ai": 9.749885112751242, "p_al": 1.9651975312152965, "p_ex": 6.145885715472619, "prior": 2.234134937535292, "rate": 5.4961265733567135}, "datetime": {"datetime": "2024-03-29 10:44:37", "elapsed": 886.608893, "delta": 4.148857}}
{"target": -54.325629651606775, "params": {"p_ai": 10.0, "p_al": 0.42856990752713126, "p_ex": 5.52001199858556, "prior": 10.0, "rate": 9.393353877041797}, "datetime": {"datetime": "2024-03-29 10:44:41", "elapsed": 890.536351, "delta": 3.927458}}
{"target": -49.5124652474075, "params": {"p_ai": 6.083358161398911, "p_al": 0.001, "p_ex": 5.711778120443377, "prior": 0.18746198982864037, "rate": 1.236403417487782}, "datetime": {"datetime": "2024-03-29 10:44:49", "elapsed": 899.016645, "delta": 8.480294}}
{"target": -52.40449981882439, "params": {"p_ai": 3.8522771563021214, "p_al": 4.750170870532665, "p_ex": 5.043332403141991, "prior": 2.1026292951170444, "rate": 8.389238593418144}, "datetime": {"datetime": "2024-03-29 10:44:57", "elapsed": 906.924291, "delta": 7.907646}}
{"target": -56.069430173063544, "params": {"p_ai": 10.0, "p_al": 4.1479591661507556, "p_ex": 4.064406184382525, "prior": 7.985739864625652, "rate": 10.0}, "datetime": {"datetime": "2024-03-29 10:45:02", "elapsed": 911.756825, "delta": 4.832534}}
{"target": -56.629389841480666, "params": {"p_ai": 4.311695632593403, "p_al": 1.8587978188283976, "p_ex": 3.751100524939125, "prior": 4.825843702994225, "rate": 9.94025909333328}, "datetime": {"datetime": "2024-03-29 10:45:07", "elapsed": 916.483393, "delta": 4.726568}}
{"target": -54.46034223322862, "params": {"p_ai": 6.064574047064856, "p_al": 7.7831549419320325, "p_ex": 7.442166036873169, "prior": 10.0, "rate": 10.0}, "datetime": {"datetime": "2024-03-29 10:45:12", "elapsed": 921.30797, "delta": 4.824577}}
{"target": -51.420969587442215, "params": {"p_ai": 5.724486581188999, "p_al": 6.626680250763276, "p_ex": 6.050437570781857, "prior": 0.579370893765306, "rate": 9.134476430386044}, "datetime": {"datetime": "2024-03-29 10:45:22", "elapsed": 931.187158, "delta": 9.879188}}
{"target": -52.431969937950704, "params": {"p_ai": 5.348422180179402, "p_al": 1.2018459868582314, "p_ex": 6.656423428018003, "prior": 5.6014000829988415, "rate": 10.0}, "datetime": {"datetime": "2024-03-29 10:45:28", "elapsed": 937.267368, "delta": 6.08021}}
{"target": -55.69449599823748, "params": {"p_ai": 9.030771812193624, "p_al": 10.0, "p_ex": 10.0, "prior": 4.606984375549569, "rate": 6.579256329436421}, "datetime": {"datetime": "2024-03-29 10:45:34", "elapsed": 943.721896, "delta": 6.454528}}
{"target": -58.086022900070745, "params": {"p_ai": 6.886253772032135, "p_al": 2.9320596262667116, "p_ex": 9.905496495342492, "prior": 9.924029202502464, "rate": 5.707416038834774}, "datetime": {"datetime": "2024-03-29 10:45:44", "elapsed": 953.164519, "delta": 9.442623}}
{"target": -59.8750295751878, "params": {"p_ai": 9.860248399591907, "p_al": 0.8764380227553409, "p_ex": 8.782664730653268, "prior": 6.454206614002426, "rate": 1.9014089511814292}, "datetime": {"datetime": "2024-03-29 10:45:54", "elapsed": 963.786665, "delta": 10.622146}}
{"target": -59.55901933886126, "params": {"p_ai": 7.728675574906318, "p_al": 1.7256786760024512, "p_ex": 8.235073442520152, "prior": 10.0, "rate": 3.4594985618083247}, "datetime": {"datetime": "2024-03-29 10:46:00", "elapsed": 969.341422, "delta": 5.554757}}
{"target": -53.475700935992734, "params": {"p_ai": 6.406125110217095, "p_al": 4.48959737261069, "p_ex": 7.095013579259987, "prior": 6.739224221652561, "rate": 7.4371925838260955}, "datetime": {"datetime": "2024-03-29 10:46:08", "elapsed": 977.824407, "delta": 8.482985}}
{"target": -60.41979696981571, "params": {"p_ai": 8.879931893199224, "p_al": 4.74854869034123, "p_ex": 9.798789863465936, "prior": 9.98151245849101, "rate": 3.251100234665567}, "datetime": {"datetime": "2024-03-29 10:46:15", "elapsed": 984.486485, "delta": 6.662078}}
{"target": -53.236245679212566, "params": {"p_ai": 10.0, "p_al": 2.505530420071071, "p_ex": 3.520864868364873, "prior": 2.7019368657429004, "rate": 10.0}, "datetime": {"datetime": "2024-03-29 10:46:26", "elapsed": 995.929084, "delta": 11.442599}}
{"target": -54.53333301154503, "params": {"p_ai": 5.493273280140086, "p_al": 9.377607872216506, "p_ex": 9.071786767502653, "prior": 6.041094372357027, "rate": 9.775626538790252}, "datetime": {"datetime": "2024-03-29 10:46:32", "elapsed": 1001.90999, "delta": 5.980906}}
{"target": -50.921191829876456, "params": {"p_ai": 10.0, "p_al": 0.001, "p_ex": 4.76013576927067, "prior": 3.1159355975948104, "rate": 10.0}, "datetime": {"datetime": "2024-03-29 10:46:41", "elapsed": 1010.431634, "delta": 8.521644}}
{"target": -52.201811797773786, "params": {"p_ai": 9.12136736841952, "p_al": 0.001, "p_ex": 7.386693821322383, "prior": 3.777119970919426, "rate": 10.0}, "datetime": {"datetime": "2024-03-29 10:46:47", "elapsed": 1016.9316, "delta": 6.499966}}
{"target": -56.68912178029063, "params": {"p_ai": 10.0, "p_al": 1.2020266404810154, "p_ex": 10.0, "prior": 10.0, "rate": 10.0}, "datetime": {"datetime": "2024-03-29 10:46:53", "elapsed": 1022.726906, "delta": 5.795306}}
{"target": -58.21091670489706, "params": {"p_ai": 8.817290030647685, "p_al": 0.001, "p_ex": 4.277610719147701, "prior": 10.0, "rate": 7.1237114264295105}, "datetime": {"datetime": "2024-03-29 10:47:02", "elapsed": 1032.077632, "delta": 9.350726}}
{"target": -56.75904414726359, "params": {"p_ai": 10.0, "p_al": 0.001, "p_ex": 9.24361410377661, "prior": 3.1033421961131302, "rate": 1.730342111319611}, "datetime": {"datetime": "2024-03-29 10:47:11", "elapsed": 1040.318379, "delta": 8.240747}}
{"target": -57.16375616570202, "params": {"p_ai": 5.20380514776206, "p_al": 2.3666008148473323, "p_ex": 6.708781916118156, "prior": 8.626365480788905, "rate": 6.58099790094463}, "datetime": {"datetime": "2024-03-29 10:47:18", "elapsed": 1047.470349, "delta": 7.15197}}
{"target": -52.24930473483046, "params": {"p_ai": 10.0, "p_al": 5.169137428787043, "p_ex": 7.928151528397265, "prior": 2.2267178446668545, "rate": 5.042355129918258}, "datetime": {"datetime": "2024-03-29 10:47:27", "elapsed": 1056.260184, "delta": 8.789835}}
{"target": -56.6101042963146, "params": {"p_ai": 9.04825313352981, "p_al": 2.6750093691033965, "p_ex": 9.993384144464512, "prior": 1.438540416732595, "rate": 6.269255183497163}, "datetime": {"datetime": "2024-03-29 10:47:33", "elapsed": 1062.374093, "delta": 6.113909}}
{"target": -58.31357897622061, "params": {"p_ai": 4.357994624050119, "p_al": 1.7290607110204812, "p_ex": 10.0, "prior": 1.8807386502352814, "rate": 4.603247535067364}, "datetime": {"datetime": "2024-03-29 10:47:37", "elapsed": 1067.102289, "delta": 4.728196}}
{"target": -53.03821626909355, "params": {"p_ai": 6.8202368924308505, "p_al": 3.8765565773980706, "p_ex": 3.6983799640764863, "prior": 3.530386228063855, "rate": 9.997168250594676}, "datetime": {"datetime": "2024-03-29 10:47:43", "elapsed": 1072.505895, "delta": 5.403606}}
{"target": -57.45780309978902, "params": {"p_ai": 8.192427620638458, "p_al": 5.696814072090701, "p_ex": 10.0, "prior": 0.5911833018244943, "rate": 5.075098628092891}, "datetime": {"datetime": "2024-03-29 10:47:50", "elapsed": 1079.425848, "delta": 6.919953}}
{"target": -53.77640360564548, "params": {"p_ai": 10.0, "p_al": 7.335525961821088, "p_ex": 7.062335997760064, "prior": 7.186187165159996, "rate": 7.6928714789353725}, "datetime": {"datetime": "2024-03-29 10:47:54", "elapsed": 1083.492531, "delta": 4.066683}}
{"target": -58.5059291142416, "params": {"p_ai": 6.368870474126009, "p_al": 10.0, "p_ex": 10.0, "prior": 5.720080493390917, "rate": 4.70099898629123}, "datetime": {"datetime": "2024-03-29 10:47:58", "elapsed": 1087.775369, "delta": 4.282838}}
{"target": -53.32205341787877, "params": {"p_ai": 4.498913234580672, "p_al": 0.001, "p_ex": 3.0918947498829756, "prior": 0.577355087297919, "rate": 9.64103637276068}, "datetime": {"datetime": "2024-03-29 10:48:04", "elapsed": 1093.26639, "delta": 5.491021}}
{"target": -49.95833130387102, "params": {"p_ai": 9.065445138992033, "p_al": 0.001, "p_ex": 4.3397819057324085, "prior": 0.2525873548866908, "rate": 10.0}, "datetime": {"datetime": "2024-03-29 10:48:09", "elapsed": 1098.436479, "delta": 5.170089}}
{"target": -56.776950369639515, "params": {"p_ai": 8.869122554811296, "p_al": 0.001, "p_ex": 10.0, "prior": 7.449829825270724, "rate": 10.0}, "datetime": {"datetime": "2024-03-29 10:48:14", "elapsed": 1103.545718, "delta": 5.109239}}
{"target": -61.066489120623096, "params": {"p_ai": 9.113805021884897, "p_al": 7.744337565288482, "p_ex": 3.3679241228363477, "prior": 10.0, "rate": 10.0}, "datetime": {"datetime": "2024-03-29 10:48:18", "elapsed": 1107.556769, "delta": 4.011051}}
{"target": -60.2539054511117, "params": {"p_ai": 5.848998015464653, "p_al": 3.107670053041821, "p_ex": 10.0, "prior": 3.521334856177111, "rate": 1.982643522246595}, "datetime": {"datetime": "2024-03-29 10:48:22", "elapsed": 1111.772991, "delta": 4.216222}}
{"target": -1359.9767036939545, "params": {"p_ai": 7.466248436488123, "p_al": 2.4422848800471257, "p_ex": 4.26060386417868, "prior": 0.001, "rate": 10.0}, "datetime": {"datetime": "2024-03-29 10:48:29", "elapsed": 1118.164425, "delta": 6.391434}}
{"target": -49.644391927369, "params": {"p_ai": 4.830774533310505, "p_al": 0.461053730473045, "p_ex": 4.949877462203061, "prior": 1.208010036786251, "rate": 9.546154980579304}, "datetime": {"datetime": "2024-03-29 10:48:33", "elapsed": 1122.718288, "delta": 4.553863}}
{"target": -53.61113565239458, "params": {"p_ai": 9.14589580956277, "p_al": 4.222264412251837, "p_ex": 3.7411847735839623, "prior": 3.1454200122248874, "rate": 8.72795106978847}, "datetime": {"datetime": "2024-03-29 10:48:38", "elapsed": 1127.304516, "delta": 4.586228}}
{"target": -50.53465317614749, "params": {"p_ai": 4.557970388279137, "p_al": 2.2002565724558916, "p_ex": 5.066484903444844, "prior": 2.2570567206027445, "rate": 9.412537581068856}, "datetime": {"datetime": "2024-03-29 10:48:42", "elapsed": 1131.952201, "delta": 4.647685}}
{"target": -53.24259319221003, "params": {"p_ai": 7.068797872256503, "p_al": 3.630582794016776, "p_ex": 3.7756055787339484, "prior": 2.5711983539884233, "rate": 7.083138331838945}, "datetime": {"datetime": "2024-03-29 10:48:49", "elapsed": 1138.229105, "delta": 6.276904}}
{"target": -75.90345113815039, "params": {"p_ai": 8.6291150672996, "p_al": 3.0568051861890915, "p_ex": 0.8852299815186997, "prior": 2.237039962284102, "rate": 8.548157237640156}, "datetime": {"datetime": "2024-03-29 10:48:55", "elapsed": 1144.268616, "delta": 6.039511}}
{"target": -50.57527171486077, "params": {"p_ai": 6.126261149235452, "p_al": 0.08687149213000393, "p_ex": 6.431335924740438, "prior": 0.5040500357069065, "rate": 8.163962647326507}, "datetime": {"datetime": "2024-03-29 10:48:59", "elapsed": 1148.991327, "delta": 4.722711}}
{"target": -64.16565422371615, "params": {"p_ai": 10.0, "p_al": 0.001, "p_ex": 10.0, "prior": 0.001, "rate": 7.524774868233642}, "datetime": {"datetime": "2024-03-29 10:49:06", "elapsed": 1155.25497, "delta": 6.263643}}
{"target": -49.861735872920335, "params": {"p_ai": 9.51607640159642, "p_al": 5.2694514810403925, "p_ex": 5.393808522171363, "prior": 2.394711586592287, "rate": 8.985540196799445}, "datetime": {"datetime": "2024-03-29 10:49:11", "elapsed": 1160.264154, "delta": 5.009184}}
{"target": -55.325516024856086, "params": {"p_ai": 10.0, "p_al": 10.0, "p_ex": 9.796965021040402, "prior": 6.964019154480357, "rate": 10.0}, "datetime": {"datetime": "2024-03-29 10:49:15", "elapsed": 1164.690205, "delta": 4.426051}}
{"target": -52.62209061399338, "params": {"p_ai": 9.862929476744752, "p_al": 0.14924864807944913, "p_ex": 3.7290284030359726, "prior": 2.4182526351973497, "rate": 8.197475244389068}, "datetime": {"datetime": "2024-03-29 10:49:20", "elapsed": 1169.32126, "delta": 4.631055}}
{"target": -50.06847438787419, "params": {"p_ai": 9.89723584978427, "p_al": 0.10561108269468117, "p_ex": 5.012761615762903, "prior": 0.6637886356841792, "rate": 8.890310576687705}, "datetime": {"datetime": "2024-03-29 10:49:28", "elapsed": 1177.327368, "delta": 8.006108}}
{"target": -59.25723719023977, "params": {"p_ai": 6.000893159205911, "p_al": 10.0, "p_ex": 7.190898990084039, "prior": 10.0, "rate": 6.029651468359109}, "datetime": {"datetime": "2024-03-29 10:49:33", "elapsed": 1182.599524, "delta": 5.272156}}
{"target": -650.8862675718933, "params": {"p_ai": 7.34815897170124, "p_al": 3.608717592256376, "p_ex": 10.0, "prior": 0.001, "rate": 8.032438905622863}, "datetime": {"datetime": "2024-03-29 10:49:38", "elapsed": 1187.912694, "delta": 5.31317}}
{"target": -70.62490959531328, "params": {"p_ai": 9.944702314643244, "p_al": 2.10725437029303, "p_ex": 9.930557813255293, "prior": 9.793645370288397, "rate": 0.6842995777241608}, "datetime": {"datetime": "2024-03-29 10:49:43", "elapsed": 1192.985921, "delta": 5.073227}}
{"target": -58.522887255533334, "params": {"p_ai": 7.2883233322809975, "p_al": 0.001, "p_ex": 10.0, "prior": 10.0, "rate": 4.790245284922002}, "datetime": {"datetime": "2024-03-29 10:49:50", "elapsed": 1199.325263, "delta": 6.339342}}
{"target": -63.18941794607466, "params": {"p_ai": 10.0, "p_al": 0.001, "p_ex": 7.11992850823937, "prior": 10.0, "rate": 2.057332247383681}, "datetime": {"datetime": "2024-03-29 10:49:54", "elapsed": 1203.769174, "delta": 4.443911}}
{"target": -57.17399277202563, "params": {"p_ai": 6.802364904766362, "p_al": 0.001, "p_ex": 10.0, "prior": 10.0, "rate": 10.0}, "datetime": {"datetime": "2024-03-29 10:50:00", "elapsed": 1210.001617, "delta": 6.232443}}
{"target": -50.94740714086621, "params": {"p_ai": 5.506742357232564, "p_al": 0.9354924877085977, "p_ex": 4.501370410015873, "prior": 3.137441850617305, "rate": 9.98406350614936}, "datetime": {"datetime": "2024-03-29 10:50:05", "elapsed": 1214.85136, "delta": 4.849743}}
{"target": -53.53417913274609, "params": {"p_ai": 10.0, "p_al": 0.001, "p_ex": 3.1209196337663365, "prior": 1.3112432846981477, "rate": 10.0}, "datetime": {"datetime": "2024-03-29 10:50:12", "elapsed": 1221.3333, "delta": 6.48194}}
{"target": -56.96998143636024, "params": {"p_ai": 5.100670630713925, "p_al": 9.828980124211245, "p_ex": 5.659014725790303, "prior": 9.972462137597025, "rate": 9.893205921324743}, "datetime": {"datetime": "2024-03-29 10:50:21", "elapsed": 1230.6303, "delta": 9.297}}
{"target": -51.678397410667394, "params": {"p_ai": 9.847533894500875, "p_al": 6.719418161845187, "p_ex": 4.396482826705006, "prior": 1.4589859814711683, "rate": 9.865386042102337}, "datetime": {"datetime": "2024-03-29 10:50:26", "elapsed": 1235.461649, "delta": 4.831349}}
{"target": -50.11892103479582, "params": {"p_ai": 5.896519574716301, "p_al": 5.555016212730698, "p_ex": 7.322236939200441, "prior": 2.3975901802110253, "rate": 9.66236620433941}, "datetime": {"datetime": "2024-03-29 10:50:30", "elapsed": 1239.919224, "delta": 4.457575}}
{"target": -75.00185646662054, "params": {"p_ai": 10.0, "p_al": 10.0, "p_ex": 1.6382301305942681, "prior": 10.0, "rate": 8.464133830576404}, "datetime": {"datetime": "2024-03-29 10:50:36", "elapsed": 1245.194738, "delta": 5.275514}}
{"target": -59.35800058798922, "params": {"p_ai": 10.0, "p_al": 10.0, "p_ex": 10.0, "prior": 10.0, "rate": 4.952555788489242}, "datetime": {"datetime": "2024-03-29 10:50:40", "elapsed": 1249.820279, "delta": 4.625541}}
{"target": -53.21648989568507, "params": {"p_ai": 8.298778480138502, "p_al": 2.903599088712718, "p_ex": 8.834487524199648, "prior": 2.5844968092983476, "rate": 5.274423497407631}, "datetime": {"datetime": "2024-03-29 10:50:45", "elapsed": 1254.675954, "delta": 4.855675}}
{"target": -137.10323039693617, "params": {"p_ai": 10.0, "p_al": 3.6191309805315908, "p_ex": 7.50577198196042, "prior": 1.3006422571297345, "rate": 0.001}, "datetime": {"datetime": "2024-03-29 10:50:50", "elapsed": 1259.365244, "delta": 4.68929}}
{"target": -53.404776686263794, "params": {"p_ai": 6.8502019109082175, "p_al": 1.9502223920779307, "p_ex": 8.61660789761865, "prior": 2.7482936765611554, "rate": 9.94494395458512}, "datetime": {"datetime": "2024-03-29 10:50:58", "elapsed": 1267.84363, "delta": 8.478386}}
{"target": -50.71398220695093, "params": {"p_ai": 8.396411134913453, "p_al": 2.884845401635572, "p_ex": 4.590067526911689, "prior": 2.8843035346480823, "rate": 8.195510363563827}, "datetime": {"datetime": "2024-03-29 10:51:03", "elapsed": 1272.88689, "delta": 5.04326}}
{"target": -60.70610504040497, "params": {"p_ai": 5.773090896672167, "p_al": 0.001, "p_ex": 5.038400866701823, "prior": 8.201510250896382, "rate": 4.175613924915844}, "datetime": {"datetime": "2024-03-29 10:51:08", "elapsed": 1277.714101, "delta": 4.827211}}
{"target": -70.71559447276643, "params": {"p_ai": 1.8941209052211847, "p_al": 0.001, "p_ex": 10.0, "prior": 0.001, "rate": 9.641522064916058}, "datetime": {"datetime": "2024-03-29 10:51:19", "elapsed": 1288.709551, "delta": 10.99545}}
{"target": -89.26962780032258, "params": {"p_ai": 10.0, "p_al": 6.982043685828142, "p_ex": 0.001, "prior": 10.0, "rate": 10.0}, "datetime": {"datetime": "2024-03-29 10:51:24", "elapsed": 1293.268236, "delta": 4.558685}}
{"target": -83.96019365649424, "params": {"p_ai": 8.651117436951422, "p_al": 0.001, "p_ex": 7.714450293712611, "prior": 8.08418216393814, "rate": 0.001}, "datetime": {"datetime": "2024-03-29 10:51:32", "elapsed": 1301.767915, "delta": 8.499679}}
{"target": -56.516809882615306, "params": {"p_ai": 8.250369716593427, "p_al": 0.11479074927329151, "p_ex": 9.88454484227142, "prior": 4.064517678764573, "rate": 6.289385258958819}, "datetime": {"datetime": "2024-03-29 10:51:40", "elapsed": 1309.68803, "delta": 7.920115}}
{"target": -52.113681327164905, "params": {"p_ai": 4.927710870158642, "p_al": 0.001, "p_ex": 6.6480398689934095, "prior": 0.001, "rate": 9.828141265061696}, "datetime": {"datetime": "2024-03-29 10:51:46", "elapsed": 1315.463014, "delta": 5.774984}}
{"target": -61.47027058102481, "params": {"p_ai": 6.708034593185905, "p_al": 9.952806477619678, "p_ex": 9.876852435886274, "prior": 8.812789122956342, "rate": 4.031509558422722}, "datetime": {"datetime": "2024-03-29 10:51:53", "elapsed": 1322.315732, "delta": 6.852718}}
{"target": -56.702680621165506, "params": {"p_ai": 8.76675259569224, "p_al": 10.0, "p_ex": 10.0, "prior": 8.087695620463705, "rate": 6.8722166259113315}, "datetime": {"datetime": "2024-03-29 10:51:59", "elapsed": 1328.429493, "delta": 6.113761}}
{"target": -55.134587938720856, "params": {"p_ai": 4.549840356798831, "p_al": 4.073890725282432, "p_ex": 8.101413591458533, "prior": 6.009825363525967, "rate": 10.0}, "datetime": {"datetime": "2024-03-29 10:52:04", "elapsed": 1333.18435, "delta": 4.754857}}
{"target": -52.52267183780756, "params": {"p_ai": 10.0, "p_al": 0.001, "p_ex": 6.989552571610117, "prior": 1.3150924165705256, "rate": 10.0}, "datetime": {"datetime": "2024-03-29 10:52:08", "elapsed": 1337.766176, "delta": 4.581826}}
{"target": -55.93258731812539, "params": {"p_ai": 10.0, "p_al": 9.230806520652463, "p_ex": 10.0, "prior": 2.593062848011621, "rate": 10.0}, "datetime": {"datetime": "2024-03-29 10:52:14", "elapsed": 1343.859687, "delta": 6.093511}}
{"target": -49.72284659025754, "params": {"p_ai": 6.058963713156586, "p_al": 1.6049949324707742, "p_ex": 5.2634048541202345, "prior": 2.552588895877918, "rate": 8.104320510898964}, "datetime": {"datetime": "2024-03-29 10:52:19", "elapsed": 1348.793157, "delta": 4.93347}}
{"target": -61.10704658374201, "params": {"p_ai": 7.312706400144589, "p_al": 7.411659598073925, "p_ex": 10.0, "prior": 10.0, "rate": 3.767845786251899}, "datetime": {"datetime": "2024-03-29 10:52:25", "elapsed": 1354.458084, "delta": 5.664927}}
{"target": -61.36357714571757, "params": {"p_ai": 3.744192537765245, "p_al": 2.3560850861301135, "p_ex": 4.548846583386666, "prior": 9.167530384663417, "rate": 9.667919513803644}, "datetime": {"datetime": "2024-03-29 10:52:31", "elapsed": 1360.85408, "delta": 6.395996}}
{"target": -53.6937870818248, "params": {"p_ai": 7.675849585885454, "p_al": 7.621164569018535, "p_ex": 3.7596451377484574, "prior": 2.358417038259653, "rate": 9.986850734511373}, "datetime": {"datetime": "2024-03-29 10:52:37", "elapsed": 1366.706782, "delta": 5.852702}}
{"target": -54.41646303013939, "params": {"p_ai": 6.574077824434651, "p_al": 4.126095338009115, "p_ex": 5.579470201025088, "prior": 10.0, "rate": 10.0}, "datetime": {"datetime": "2024-03-29 10:52:45", "elapsed": 1374.839932, "delta": 8.13315}}
{"target": -75.23979326421102, "params": {"p_ai": 9.883386274351782, "p_al": 5.241849258155944, "p_ex": 1.1262897017127043, "prior": 6.063943769660066, "rate": 9.52763165103654}, "datetime": {"datetime": "2024-03-29 10:52:50", "elapsed": 1379.349866, "delta": 4.509934}}
{"target": -63.380975488300486, "params": {"p_ai": 10.0, "p_al": 0.001, "p_ex": 3.6785699831850587, "prior": 10.0, "rate": 4.592778320704782}, "datetime": {"datetime": "2024-03-29 10:52:54", "elapsed": 1384.085037, "delta": 4.735171}}
{"target": -66.05942475958624, "params": {"p_ai": 10.0, "p_al": 10.0, "p_ex": 5.708257032859812, "prior": 10.0, "rate": 3.6474919902461336}, "datetime": {"datetime": "2024-03-29 10:52:59", "elapsed": 1388.91721, "delta": 4.832173}}
{"target": -56.70795599191368, "params": {"p_ai": 6.746857421374786, "p_al": 10.0, "p_ex": 7.068268977309398, "prior": 7.311112121557788, "rate": 6.075051888055999}, "datetime": {"datetime": "2024-03-29 10:53:07", "elapsed": 1396.241042, "delta": 7.323832}}
