{"target": -478.4443056160746, "params": {"gamma": 5.035017670379291, "lr": 0.8477886759104649}, "datetime": {"datetime": "2024-03-30 20:53:38", "elapsed": 9256.508248, "delta": 7.409723}}
{"target": -110.62761852317307, "params": {"gamma": 1.0757338093674724, "lr": 0.5853307769939862}, "datetime": {"datetime": "2024-03-30 20:54:04", "elapsed": 9282.405704, "delta": 25.897456}}
{"target": -95.99477341667281, "params": {"gamma": 0.1924920305075328, "lr": 0.514975839747102}, "datetime": {"datetime": "2024-03-30 20:54:19", "elapsed": 9297.0201, "delta": 14.614396}}
{"target": -99.30593771389849, "params": {"gamma": 0.9331211733531324, "lr": 0.968197580524961}, "datetime": {"datetime": "2024-03-30 20:54:38", "elapsed": 9316.452953, "delta": 19.432853}}
{"target": -115.54778329374612, "params": {"gamma": 0.09540797113704903, "lr": 0.5754253842239846}, "datetime": {"datetime": "2024-03-30 20:55:05", "elapsed": 9343.62596, "delta": 27.173007}}
{"target": -144.01631364965297, "params": {"gamma": 0.001, "lr": 0.18368548907698615}, "datetime": {"datetime": "2024-03-30 20:55:28", "elapsed": 9366.276696, "delta": 22.650736}}
{"target": -131.71002305753905, "params": {"gamma": 0.03490126328505668, "lr": 0.9971491532797433}, "datetime": {"datetime": "2024-03-30 20:55:50", "elapsed": 9388.628992, "delta": 22.352296}}
{"target": -139.4678270597267, "params": {"gamma": 1.2791264364535486, "lr": 0.4917719845052996}, "datetime": {"datetime": "2024-03-30 20:56:12", "elapsed": 9410.863552, "delta": 22.23456}}
{"target": -106.59354788780051, "params": {"gamma": 0.8469815863118, "lr": 0.40593652175071127}, "datetime": {"datetime": "2024-03-30 20:56:30", "elapsed": 9428.130272, "delta": 17.26672}}
{"target": -122.91336400076115, "params": {"gamma": 0.09075305845426397, "lr": 0.4184309934906303}, "datetime": {"datetime": "2024-03-30 20:56:44", "elapsed": 9442.754513, "delta": 14.624241}}
{"target": -123.18085155034528, "params": {"gamma": 1.0723759019249388, "lr": 0.4334604937601152}, "datetime": {"datetime": "2024-03-30 20:57:00", "elapsed": 9458.884035, "delta": 16.129522}}
{"target": -94.23036817220004, "params": {"gamma": 0.6229245403042586, "lr": 0.4600981694677563}, "datetime": {"datetime": "2024-03-30 20:57:11", "elapsed": 9469.789653, "delta": 10.905618}}
{"target": -87.34110824088076, "params": {"gamma": 0.7708918898046637, "lr": 0.9190914286401812}, "datetime": {"datetime": "2024-03-30 20:57:22", "elapsed": 9480.277539, "delta": 10.487886}}
{"target": -97.47254603485003, "params": {"gamma": 0.900367072172926, "lr": 0.5672099093701154}, "datetime": {"datetime": "2024-03-30 20:57:48", "elapsed": 9506.291842, "delta": 26.014303}}
{"target": -130.19383069772806, "params": {"gamma": 1.2669956950380574, "lr": 0.6673668828296727}, "datetime": {"datetime": "2024-03-30 20:58:16", "elapsed": 9534.457155, "delta": 28.165313}}
{"target": -77.2923768929359, "params": {"gamma": 0.500043650650289, "lr": 0.573167014546583}, "datetime": {"datetime": "2024-03-30 20:58:37", "elapsed": 9555.880735, "delta": 21.42358}}
{"target": -183.0809128569268, "params": {"gamma": 0.9290005170521273, "lr": 0.21154546961773857}, "datetime": {"datetime": "2024-03-30 20:58:55", "elapsed": 9573.963331, "delta": 18.082596}}
{"target": -91.90883084937188, "params": {"gamma": 0.4156562687289303, "lr": 0.4395173240305019}, "datetime": {"datetime": "2024-03-30 20:59:18", "elapsed": 9596.441417, "delta": 22.478086}}
{"target": -84.8104407400457, "params": {"gamma": 0.2529728433147173, "lr": 0.8878982455405031}, "datetime": {"datetime": "2024-03-30 20:59:35", "elapsed": 9613.248419, "delta": 16.807002}}
{"target": -276.01916051656275, "params": {"gamma": 2.921927167736648, "lr": 0.5889821991073143}, "datetime": {"datetime": "2024-03-30 21:00:00", "elapsed": 9638.386265, "delta": 25.137846}}
{"target": -74.07533748497218, "params": {"gamma": 0.47838779874819326, "lr": 0.7164321227289829}, "datetime": {"datetime": "2024-03-30 21:00:26", "elapsed": 9664.617956, "delta": 26.231691}}
{"target": -112.16882533560663, "params": {"gamma": 0.2302715820199749, "lr": 0.26539367353863186}, "datetime": {"datetime": "2024-03-30 21:00:46", "elapsed": 9684.902526, "delta": 20.28457}}
{"target": -105.81913269769817, "params": {"gamma": 0.8455630096210804, "lr": 0.4666711913209838}, "datetime": {"datetime": "2024-03-30 21:01:09", "elapsed": 9707.051747, "delta": 22.149221}}
{"target": -725.2604522730005, "params": {"gamma": 7.916531987856744, "lr": 1.0}, "datetime": {"datetime": "2024-03-30 21:01:37", "elapsed": 9735.730087, "delta": 28.67834}}
{"target": -410.00345578455807, "params": {"gamma": 4.45080485700781, "lr": 1.0}, "datetime": {"datetime": "2024-03-30 21:01:55", "elapsed": 9753.47772, "delta": 17.747633}}
{"target": -118.09036114001012, "params": {"gamma": 0.07775876456981322, "lr": 0.777269303600266}, "datetime": {"datetime": "2024-03-30 21:02:16", "elapsed": 9774.724135, "delta": 21.246415}}
{"target": -103.05204003152278, "params": {"gamma": 0.7029115335875231, "lr": 0.38080736328556386}, "datetime": {"datetime": "2024-03-30 21:02:34", "elapsed": 9792.765431, "delta": 18.041296}}
{"target": -140.6559085817766, "params": {"gamma": 0.08142916927396511, "lr": 0.0464026677174777}, "datetime": {"datetime": "2024-03-30 21:03:06", "elapsed": 9824.091117, "delta": 31.325686}}
{"target": -100.68129469018446, "params": {"gamma": 0.9363292509772584, "lr": 0.6579236044443687}, "datetime": {"datetime": "2024-03-30 21:03:32", "elapsed": 9850.812062, "delta": 26.720945}}
{"target": -93.0894924693763, "params": {"gamma": 0.8471261901011049, "lr": 0.7401565806129609}, "datetime": {"datetime": "2024-03-30 21:03:53", "elapsed": 9871.206284, "delta": 20.394222}}
{"target": -113.42202603674406, "params": {"gamma": 1.0791891269010374, "lr": 0.7178166916610589}, "datetime": {"datetime": "2024-03-30 21:04:12", "elapsed": 9890.585931, "delta": 19.379647}}
{"target": -363.71162404053774, "params": {"gamma": 1.5401642318341497, "lr": 0.1676059193684376}, "datetime": {"datetime": "2024-03-30 21:04:36", "elapsed": 9914.540892, "delta": 23.954961}}
{"target": -82.76629068105454, "params": {"gamma": 0.6986001339460829, "lr": 0.9246593397423689}, "datetime": {"datetime": "2024-03-30 21:04:51", "elapsed": 9929.894155, "delta": 15.353263}}
{"target": -766.8160922963604, "params": {"gamma": 8.193126271217615, "lr": 0.6055758256573267}, "datetime": {"datetime": "2024-03-30 21:04:59", "elapsed": 9937.726034, "delta": 7.831879}}
{"target": -274.12480248303166, "params": {"gamma": 2.845886398538983, "lr": 0.8338910170391608}, "datetime": {"datetime": "2024-03-30 21:05:15", "elapsed": 9953.16124, "delta": 15.435206}}
{"target": -150.8648830297345, "params": {"gamma": 0.47618875057025484, "lr": 0.19618942364243008}, "datetime": {"datetime": "2024-03-30 21:05:50", "elapsed": 9988.289187, "delta": 35.127947}}
{"target": -107.44107308173943, "params": {"gamma": 1.0234261192845748, "lr": 0.6318206278059473}, "datetime": {"datetime": "2024-03-30 21:06:12", "elapsed": 10010.937806, "delta": 22.648619}}
{"target": -346.8540179469788, "params": {"gamma": 3.6669337622191267, "lr": 0.6342730983587447}, "datetime": {"datetime": "2024-03-30 21:06:43", "elapsed": 10041.374051, "delta": 30.436245}}
{"target": -388.5529329566022, "params": {"gamma": 4.116913433376506, "lr": 0.9316887356578571}, "datetime": {"datetime": "2024-03-30 21:07:04", "elapsed": 10062.363259, "delta": 20.989208}}
{"target": -149.4916540701434, "params": {"gamma": 1.5142813841335259, "lr": 0.9448182952609966}, "datetime": {"datetime": "2024-03-30 21:07:24", "elapsed": 10082.750294, "delta": 20.387035}}
{"target": -118.57765764500839, "params": {"gamma": 0.9181538565772795, "lr": 0.36644567032613173}, "datetime": {"datetime": "2024-03-30 21:07:50", "elapsed": 10108.538756, "delta": 25.788462}}
{"target": -78.65764916392985, "params": {"gamma": 0.6277375365406348, "lr": 0.7441053928087037}, "datetime": {"datetime": "2024-03-30 21:08:01", "elapsed": 10119.635728, "delta": 11.096972}}
{"target": -314.2299550123575, "params": {"gamma": 3.3219289051461303, "lr": 0.6032149571111235}, "datetime": {"datetime": "2024-03-30 21:08:14", "elapsed": 10132.252353, "delta": 12.616625}}
{"target": -177.36273909842373, "params": {"gamma": 1.7762580762161686, "lr": 0.6951525368054035}, "datetime": {"datetime": "2024-03-30 21:08:47", "elapsed": 10165.180197, "delta": 32.927844}}
{"target": -195.76983440650866, "params": {"gamma": 1.7241021471238898, "lr": 0.3901312798094888}, "datetime": {"datetime": "2024-03-30 21:09:04", "elapsed": 10182.556599, "delta": 17.376402}}
{"target": -93.66980766609878, "params": {"gamma": 0.38261561488004525, "lr": 0.3419109332557082}, "datetime": {"datetime": "2024-03-30 21:09:26", "elapsed": 10204.843051, "delta": 22.286452}}
{"target": -98.94343468899584, "params": {"gamma": 0.7284121611955102, "lr": 0.4656162507734015}, "datetime": {"datetime": "2024-03-30 21:09:54", "elapsed": 10232.348683, "delta": 27.505632}}
{"target": -92.72830667539951, "params": {"gamma": 0.18486716028038708, "lr": 0.7136981998728595}, "datetime": {"datetime": "2024-03-30 21:10:14", "elapsed": 10252.725441, "delta": 20.376758}}
{"target": -479.12904487279286, "params": {"gamma": 4.951141504553482, "lr": 0.6794002521288237}, "datetime": {"datetime": "2024-03-30 21:10:22", "elapsed": 10260.543822, "delta": 7.818381}}
{"target": -263.28504243839797, "params": {"gamma": 2.5851426922488767, "lr": 0.44552091698167107}, "datetime": {"datetime": "2024-03-30 21:10:33", "elapsed": 10271.900705, "delta": 11.356883}}
{"target": -128.57410699295832, "params": {"gamma": 0.04463060608116292, "lr": 0.8176572297652015}, "datetime": {"datetime": "2024-03-30 21:11:24", "elapsed": 10322.117517, "delta": 50.216812}}
{"target": -354.46235118778577, "params": {"gamma": 3.4707977467990827, "lr": 0.42188270216625967}, "datetime": {"datetime": "2024-03-30 21:11:32", "elapsed": 10329.99979, "delta": 7.882273}}
{"target": -73.793982663084, "params": {"gamma": 0.4408630945021025, "lr": 0.6782603952327068}, "datetime": {"datetime": "2024-03-30 21:12:04", "elapsed": 10362.753714, "delta": 32.753924}}
{"target": -111.85158663014717, "params": {"gamma": 0.15252843936204388, "lr": 0.46454545555055604}, "datetime": {"datetime": "2024-03-30 21:12:27", "elapsed": 10385.81944, "delta": 23.065726}}
{"target": -111.46860384188217, "params": {"gamma": 0.8267925423104303, "lr": 0.3340998002508455}, "datetime": {"datetime": "2024-03-30 21:12:46", "elapsed": 10404.021583, "delta": 18.202143}}
{"target": -807.0438687546459, "params": {"gamma": 8.385379252269226, "lr": 0.6870725131576453}, "datetime": {"datetime": "2024-03-30 21:12:54", "elapsed": 10412.020972, "delta": 7.999389}}
{"target": -92.9197902473095, "params": {"gamma": 0.8301839948757982, "lr": 0.8736161249635417}, "datetime": {"datetime": "2024-03-30 21:13:20", "elapsed": 10438.410582, "delta": 26.38961}}
{"target": -119.86095728019383, "params": {"gamma": 1.1521291856495466, "lr": 0.6674349842443111}, "datetime": {"datetime": "2024-03-30 21:13:51", "elapsed": 10469.488859, "delta": 31.078277}}
{"target": -120.54833452004712, "params": {"gamma": 1.1877177915963397, "lr": 0.965742743294899}, "datetime": {"datetime": "2024-03-30 21:14:11", "elapsed": 10489.905066, "delta": 20.416207}}
{"target": -79.57861988170049, "params": {"gamma": 0.35625488555782864, "lr": 0.5996325969858477}, "datetime": {"datetime": "2024-03-30 21:14:29", "elapsed": 10507.74379, "delta": 17.838724}}
{"target": -222.4849550611866, "params": {"gamma": 2.3391232327553673, "lr": 0.5931693273176947}, "datetime": {"datetime": "2024-03-30 21:14:46", "elapsed": 10524.545454, "delta": 16.801664}}
{"target": -1090.2113213755376, "params": {"gamma": 9.289637560520784, "lr": 0.2548303564023837}, "datetime": {"datetime": "2024-03-30 21:14:54", "elapsed": 10532.568872, "delta": 8.023418}}
{"target": -152.06054226085362, "params": {"gamma": 1.2896514374786252, "lr": 0.3545644205988556}, "datetime": {"datetime": "2024-03-30 21:15:24", "elapsed": 10562.667494, "delta": 30.098622}}
{"target": -92.38532270786867, "params": {"gamma": 0.5626832650916932, "lr": 0.4661908916203147}, "datetime": {"datetime": "2024-03-30 21:15:54", "elapsed": 10592.363861, "delta": 29.696367}}
{"target": -112.22438572150257, "params": {"gamma": 0.2316823625125078, "lr": 0.32104083316873555}, "datetime": {"datetime": "2024-03-30 21:16:14", "elapsed": 10612.414966, "delta": 20.051105}}
{"target": -77.49283840757056, "params": {"gamma": 0.43865142983608296, "lr": 0.5220545545770451}, "datetime": {"datetime": "2024-03-30 21:16:31", "elapsed": 10629.082616, "delta": 16.66765}}
{"target": -189.06161879886008, "params": {"gamma": 1.9096695621345845, "lr": 0.8591985164488818}, "datetime": {"datetime": "2024-03-30 21:16:51", "elapsed": 10649.775871, "delta": 20.693255}}
{"target": -192.68017037532715, "params": {"gamma": 1.9681188158824603, "lr": 0.857088895448016}, "datetime": {"datetime": "2024-03-30 21:17:26", "elapsed": 10684.058708, "delta": 34.282837}}
{"target": -113.20830421900982, "params": {"gamma": 0.5068054283973904, "lr": 0.32551334374844576}, "datetime": {"datetime": "2024-03-30 21:18:03", "elapsed": 10721.017717, "delta": 36.959009}}
{"target": -135.47919722762578, "params": {"gamma": 0.03384853555140824, "lr": 0.4269100180680697}, "datetime": {"datetime": "2024-03-30 21:18:39", "elapsed": 10757.043792, "delta": 36.026075}}
{"target": -75.52394801374722, "params": {"gamma": 0.557574458551231, "lr": 0.7630017814810628}, "datetime": {"datetime": "2024-03-30 21:19:05", "elapsed": 10783.62884, "delta": 26.585048}}
{"target": -299.00361139342726, "params": {"gamma": 3.1608755580232617, "lr": 0.7574036622633846}, "datetime": {"datetime": "2024-03-30 21:19:20", "elapsed": 10798.177851, "delta": 14.549011}}
{"target": -505.71091909942686, "params": {"gamma": 5.392347221292617, "lr": 0.5542467593522048}, "datetime": {"datetime": "2024-03-30 21:19:44", "elapsed": 10822.811737, "delta": 24.633886}}
{"target": -112.17457791280086, "params": {"gamma": 1.0819303711027493, "lr": 0.889549642049311}, "datetime": {"datetime": "2024-03-30 21:20:05", "elapsed": 10843.387068, "delta": 20.575331}}
{"target": -93.36816531079842, "params": {"gamma": 0.18900233273332726, "lr": 0.9692437794898245}, "datetime": {"datetime": "2024-03-30 21:20:24", "elapsed": 10862.031473, "delta": 18.644405}}
{"target": -425.47933781621003, "params": {"gamma": 4.388914875457812, "lr": 0.6922916739846114}, "datetime": {"datetime": "2024-03-30 21:20:32", "elapsed": 10870.15647, "delta": 8.124997}}
{"target": -73.99677656154653, "params": {"gamma": 0.40931613086359, "lr": 0.6906284533002197}, "datetime": {"datetime": "2024-03-30 21:20:55", "elapsed": 10893.934234, "delta": 23.777764}}
{"target": -106.28184430238564, "params": {"gamma": 0.13654831411343904, "lr": 0.6280992729707735}, "datetime": {"datetime": "2024-03-30 21:21:20", "elapsed": 10918.388123, "delta": 24.453889}}
{"target": -913.2402724732168, "params": {"gamma": 9.767608116915197, "lr": 0.6197405009152243}, "datetime": {"datetime": "2024-03-30 21:21:28", "elapsed": 10926.442598, "delta": 8.054475}}
{"target": -332.31267007746357, "params": {"gamma": 3.52407820316231, "lr": 0.5482266602989395}, "datetime": {"datetime": "2024-03-30 21:21:57", "elapsed": 10955.008772, "delta": 28.566174}}
{"target": -694.8295067599331, "params": {"gamma": 2.016507686344237, "lr": 0.11626828636757312}, "datetime": {"datetime": "2024-03-30 21:22:18", "elapsed": 10976.210027, "delta": 21.201255}}
{"target": -443.6591172689584, "params": {"gamma": 3.6153800028128176, "lr": 0.2768491333995119}, "datetime": {"datetime": "2024-03-30 21:22:49", "elapsed": 11007.632647, "delta": 31.42262}}
{"target": -195.92887302489294, "params": {"gamma": 2.0373911145251733, "lr": 0.7643430254916521}, "datetime": {"datetime": "2024-03-30 21:23:09", "elapsed": 11027.907783, "delta": 20.275136}}
{"target": -327.62304064807205, "params": {"gamma": 3.404711748213172, "lr": 0.7340747096378397}, "datetime": {"datetime": "2024-03-30 21:23:18", "elapsed": 11036.182906, "delta": 8.275123}}
{"target": -74.35137608062412, "params": {"gamma": 0.4439466151345599, "lr": 0.996240311965565}, "datetime": {"datetime": "2024-03-30 21:23:54", "elapsed": 11072.844988, "delta": 36.662082}}
{"target": -114.91253209767584, "params": {"gamma": 1.1233194051344113, "lr": 0.5143297126754687}, "datetime": {"datetime": "2024-03-30 21:24:37", "elapsed": 11115.044507, "delta": 42.199519}}
{"target": -74.03913304543957, "params": {"gamma": 0.5062534654635549, "lr": 0.7477681837528912}, "datetime": {"datetime": "2024-03-30 21:24:58", "elapsed": 11136.662653, "delta": 21.618146}}
{"target": -649.2392220518562, "params": {"gamma": 1.8455029506862919, "lr": 0.09652871621020476}, "datetime": {"datetime": "2024-03-30 21:25:14", "elapsed": 11152.674926, "delta": 16.012273}}
{"target": -89.87668414326727, "params": {"gamma": 0.20683088681956788, "lr": 0.788608836910837}, "datetime": {"datetime": "2024-03-30 21:25:30", "elapsed": 11168.020463, "delta": 15.345537}}
{"target": -140.30758467747822, "params": {"gamma": 1.3958304646618316, "lr": 0.8534967265586683}, "datetime": {"datetime": "2024-03-30 21:25:53", "elapsed": 11191.900327, "delta": 23.879864}}
{"target": -138.29789938058195, "params": {"gamma": 1.3978868315282587, "lr": 0.5112068583050325}, "datetime": {"datetime": "2024-03-30 21:26:17", "elapsed": 11215.221456, "delta": 23.321129}}
{"target": -381.65733956652963, "params": {"gamma": 2.314300064185004, "lr": 0.2379484811303466}, "datetime": {"datetime": "2024-03-30 21:26:29", "elapsed": 11227.8562, "delta": 12.634744}}
{"target": -125.05922719231678, "params": {"gamma": 1.213922732228587, "lr": 0.8643349808910916}, "datetime": {"datetime": "2024-03-30 21:27:01", "elapsed": 11259.673145, "delta": 31.816945}}
{"target": -1074.0556596730135, "params": {"gamma": 9.523864468731242, "lr": 0.33120485375653874}, "datetime": {"datetime": "2024-03-30 21:27:09", "elapsed": 11267.574851, "delta": 7.901706}}
{"target": -79.23179894305629, "params": {"gamma": 0.610515513497394, "lr": 0.8806898829304167}, "datetime": {"datetime": "2024-03-30 21:27:21", "elapsed": 11279.843172, "delta": 12.268321}}
{"target": -99.8170625383068, "params": {"gamma": 0.9321067520218955, "lr": 0.5039268215402912}, "datetime": {"datetime": "2024-03-30 21:27:43", "elapsed": 11301.111557, "delta": 21.268385}}
{"target": -83.95348608494946, "params": {"gamma": 0.6884886217505694, "lr": 0.5171046888123754}, "datetime": {"datetime": "2024-03-30 21:28:05", "elapsed": 11323.825158, "delta": 22.713601}}
{"target": -266.9438824743728, "params": {"gamma": 2.8102318436193863, "lr": 0.6020348803850519}, "datetime": {"datetime": "2024-03-30 21:28:14", "elapsed": 11332.177264, "delta": 8.352106}}
{"target": -268.43874650189105, "params": {"gamma": 2.815074797852842, "lr": 0.9518121430988347}, "datetime": {"datetime": "2024-03-30 21:28:31", "elapsed": 11349.696482, "delta": 17.519218}}
{"target": -123.05834017457653, "params": {"gamma": 1.2252625273386122, "lr": 0.7832632827901541}, "datetime": {"datetime": "2024-03-30 21:28:54", "elapsed": 11372.72202, "delta": 23.025538}}
{"target": -161.5684224213114, "params": {"gamma": 0.32351533390138315, "lr": 0.15041015673585034}, "datetime": {"datetime": "2024-03-30 21:29:21", "elapsed": 11399.161903, "delta": 26.439883}}
{"target": -79.27610031286207, "params": {"gamma": 0.5870835374082422, "lr": 0.572585231226063}, "datetime": {"datetime": "2024-03-30 21:29:47", "elapsed": 11425.160159, "delta": 25.998256}}
{"target": -125.73263939126696, "params": {"gamma": 0.09737292835130905, "lr": 0.292203255869667}, "datetime": {"datetime": "2024-03-30 21:30:25", "elapsed": 11463.232105, "delta": 38.071946}}
{"target": -87.74517100721371, "params": {"gamma": 0.7768710470784433, "lr": 0.9991274310510373}, "datetime": {"datetime": "2024-03-30 21:30:47", "elapsed": 11485.940615, "delta": 22.70851}}
{"target": -93.01532596096791, "params": {"gamma": 0.3601621174459856, "lr": 0.4890770928611091}, "datetime": {"datetime": "2024-03-30 21:31:06", "elapsed": 11504.545574, "delta": 18.604959}}
{"target": -1046.7535248475515, "params": {"gamma": 9.56508073340064, "lr": 0.3360813796703339}, "datetime": {"datetime": "2024-03-30 21:31:14", "elapsed": 11512.940408, "delta": 8.394834}}
{"target": -258.41572921378594, "params": {"gamma": 2.706144899010523, "lr": 0.8209240314026761}, "datetime": {"datetime": "2024-03-30 21:31:23", "elapsed": 11521.261182, "delta": 8.320774}}
{"target": -82.22158900773472, "params": {"gamma": 0.6533400789725494, "lr": 0.5517210980116078}, "datetime": {"datetime": "2024-03-30 21:32:02", "elapsed": 11560.367439, "delta": 39.106257}}
{"target": -96.37279352416517, "params": {"gamma": 0.5713413068154534, "lr": 0.3341196859173031}, "datetime": {"datetime": "2024-03-30 21:32:32", "elapsed": 11590.122162, "delta": 29.754723}}
{"target": -76.95208322524329, "params": {"gamma": 0.5959341665580467, "lr": 0.7912188492255114}, "datetime": {"datetime": "2024-03-30 21:32:57", "elapsed": 11615.635833, "delta": 25.513671}}
{"target": -343.9058369894041, "params": {"gamma": 3.39925782976833, "lr": 0.4624345660352891}, "datetime": {"datetime": "2024-03-30 21:33:10", "elapsed": 11628.603108, "delta": 12.967275}}
{"target": -105.73939642384316, "params": {"gamma": 0.12712369653239974, "lr": 0.9079586534843301}, "datetime": {"datetime": "2024-03-30 21:33:52", "elapsed": 11670.959879, "delta": 42.356771}}
{"target": -144.17461355646887, "params": {"gamma": 0.896141830772738, "lr": 0.0}, "datetime": {"datetime": "2024-03-30 21:34:19", "elapsed": 11697.704173, "delta": 26.744294}}
{"target": -93.43168370325091, "params": {"gamma": 0.45366546799709906, "lr": 0.33437038782618556}, "datetime": {"datetime": "2024-03-30 21:34:40", "elapsed": 11718.942112, "delta": 21.237939}}
{"target": -86.75123812428698, "params": {"gamma": 0.23353989434032493, "lr": 0.9747362042861751}, "datetime": {"datetime": "2024-03-30 21:34:57", "elapsed": 11735.017648, "delta": 16.075536}}
