{"target": -148.64789759443696, "params": {"gamma": 0.23825253641936028, "lr": 0.40254908140725565}, "datetime": {"datetime": "2024-04-04 07:04:39", "elapsed": 6902.81187, "delta": 18.49979}}
{"target": -139.43610522477255, "params": {"gamma": 0.13144643045148635, "lr": 0.6041873323964819}, "datetime": {"datetime": "2024-04-04 07:04:49", "elapsed": 6912.74631, "delta": 9.93444}}
{"target": -268.49626082739917, "params": {"gamma": 1.1298290310234822, "lr": 0.5027593731199029}, "datetime": {"datetime": "2024-04-04 07:05:11", "elapsed": 6934.868015, "delta": 22.121705}}
{"target": -184.78852522034035, "params": {"gamma": 0.5637569951419406, "lr": 0.7235568475158642}, "datetime": {"datetime": "2024-04-04 07:05:47", "elapsed": 6971.474403, "delta": 36.606388}}
{"target": -314.69326303249096, "params": {"gamma": 1.142619202288014, "lr": 0.8822482941860766}, "datetime": {"datetime": "2024-04-04 07:05:56", "elapsed": 6980.306643, "delta": 8.83224}}
{"target": -164.3058985023156, "params": {"gamma": 0.36137415939846984, "lr": 0.28162415399549234}, "datetime": {"datetime": "2024-04-04 07:06:05", "elapsed": 6989.434816, "delta": 9.128173}}
{"target": -1243.4556186260363, "params": {"gamma": 5.035017670379291, "lr": 0.8477886759104649}, "datetime": {"datetime": "2024-04-04 07:06:09", "elapsed": 6993.561649, "delta": 4.126833}}
{"target": -223.57413885768042, "params": {"gamma": 0.7090187569186902, "lr": 0.8978587106155443}, "datetime": {"datetime": "2024-04-04 07:06:22", "elapsed": 7006.218558, "delta": 12.656909}}
{"target": -145.2592813866165, "params": {"gamma": 0.013408370014775534, "lr": 0.23005439299607855}, "datetime": {"datetime": "2024-04-04 07:06:31", "elapsed": 7015.659803, "delta": 9.441245}}
{"target": -140.56842539991436, "params": {"gamma": 0.06894140125388444, "lr": 0.6137620496515582}, "datetime": {"datetime": "2024-04-04 07:06:43", "elapsed": 7026.954923, "delta": 11.29512}}
{"target": -195.67547088684128, "params": {"gamma": 0.6582668462408097, "lr": 0.29474045127162873}, "datetime": {"datetime": "2024-04-04 07:07:08", "elapsed": 7052.48237, "delta": 25.527447}}
{"target": -902.2645453798972, "params": {"gamma": 3.2852653648058823, "lr": 1.0}, "datetime": {"datetime": "2024-04-04 07:07:24", "elapsed": 7067.775817, "delta": 15.293447}}
{"target": -142.14080352236414, "params": {"gamma": 0.07960678531071812, "lr": 0.47165738541652136}, "datetime": {"datetime": "2024-04-04 07:07:42", "elapsed": 7086.258424, "delta": 18.482607}}
{"target": -280.3568741041313, "params": {"gamma": 0.6908785732660762, "lr": 0.18460924665563483}, "datetime": {"datetime": "2024-04-04 07:07:58", "elapsed": 7102.267415, "delta": 16.008991}}
{"target": -149.72179272622725, "params": {"gamma": 0.32954427277736714, "lr": 0.4759265653699042}, "datetime": {"datetime": "2024-04-04 07:08:09", "elapsed": 7113.274539, "delta": 11.007124}}
{"target": -180.80165570467133, "params": {"gamma": 0.4881933057514579, "lr": 0.8670116256042196}, "datetime": {"datetime": "2024-04-04 07:08:26", "elapsed": 7130.303784, "delta": 17.029245}}
{"target": -477.4665347754481, "params": {"gamma": 1.9712453098299239, "lr": 0.2786325699973401}, "datetime": {"datetime": "2024-04-04 07:08:47", "elapsed": 7150.936871, "delta": 20.633087}}
{"target": -321.2926944076633, "params": {"gamma": 1.2647299478577632, "lr": 0.6893335156344941}, "datetime": {"datetime": "2024-04-04 07:08:54", "elapsed": 7158.620394, "delta": 7.683523}}
{"target": -140.3598192554372, "params": {"gamma": 0.19449884958015784, "lr": 0.6520705907845039}, "datetime": {"datetime": "2024-04-04 07:09:01", "elapsed": 7165.488121, "delta": 6.867727}}
{"target": -787.0037460775815, "params": {"gamma": 3.7838510520206974, "lr": 0.550368400314561}, "datetime": {"datetime": "2024-04-04 07:09:11", "elapsed": 7174.943829, "delta": 9.455708}}
{"target": -144.39972571040624, "params": {"gamma": 0.016014528324996096, "lr": 0.3602324702428351}, "datetime": {"datetime": "2024-04-04 07:09:25", "elapsed": 7189.333366, "delta": 14.389537}}
{"target": -140.40927529216654, "params": {"gamma": 0.14247437335174581, "lr": 0.8627253250724118}, "datetime": {"datetime": "2024-04-04 07:09:40", "elapsed": 7204.199181, "delta": 14.865815}}
{"target": -141.19627600881483, "params": {"gamma": 0.13132961704639132, "lr": 0.5193017256473637}, "datetime": {"datetime": "2024-04-04 07:09:54", "elapsed": 7217.864984, "delta": 13.665803}}
{"target": -268.52723742251646, "params": {"gamma": 0.9329380051125926, "lr": 0.8826322360896135}, "datetime": {"datetime": "2024-04-04 07:10:18", "elapsed": 7241.726674, "delta": 23.86169}}
{"target": -140.3911876359279, "params": {"gamma": 0.11634142451925102, "lr": 0.6919375772028771}, "datetime": {"datetime": "2024-04-04 07:10:37", "elapsed": 7261.578583, "delta": 19.851909}}
{"target": -197.65302262734576, "params": {"gamma": 0.6288194142833432, "lr": 0.6824161307643601}, "datetime": {"datetime": "2024-04-04 07:10:54", "elapsed": 7277.742169, "delta": 16.163586}}
{"target": -153.75262607286925, "params": {"gamma": 0.30432738819590593, "lr": 0.9749634242686707}, "datetime": {"datetime": "2024-04-04 07:11:12", "elapsed": 7296.542799, "delta": 18.80063}}
{"target": -147.81759407594407, "params": {"gamma": 0.2483892058833312, "lr": 0.8157655687027645}, "datetime": {"datetime": "2024-04-04 07:11:27", "elapsed": 7311.627837, "delta": 15.085038}}
{"target": -140.7215370656264, "params": {"gamma": 0.06047664702939642, "lr": 0.8363455581004112}, "datetime": {"datetime": "2024-04-04 07:11:44", "elapsed": 7328.554122, "delta": 16.926285}}
{"target": -139.87649668420644, "params": {"gamma": 0.1179627494475705, "lr": 0.9787051134572385}, "datetime": {"datetime": "2024-04-04 07:12:12", "elapsed": 7356.583849, "delta": 28.029727}}
{"target": -142.07616222306822, "params": {"gamma": 0.03949251965659872, "lr": 0.7123469316710255}, "datetime": {"datetime": "2024-04-04 07:12:24", "elapsed": 7368.617865, "delta": 12.034016}}
{"target": -203.76243001443444, "params": {"gamma": 0.6139134373991505, "lr": 0.8706846593854872}, "datetime": {"datetime": "2024-04-04 07:12:45", "elapsed": 7389.1031, "delta": 20.485235}}
{"target": -281.2090095887919, "params": {"gamma": 1.0853966590488786, "lr": 0.7234400701420661}, "datetime": {"datetime": "2024-04-04 07:12:59", "elapsed": 7403.032115, "delta": 13.929015}}
{"target": -253.5414879882235, "params": {"gamma": 0.4098514088158621, "lr": 0.015416511565206736}, "datetime": {"datetime": "2024-04-04 07:13:18", "elapsed": 7422.612744, "delta": 19.580629}}
{"target": -147.26720901035648, "params": {"gamma": 0.28419901026578986, "lr": 0.500037425989444}, "datetime": {"datetime": "2024-04-04 07:13:44", "elapsed": 7447.820701, "delta": 25.207957}}
{"target": -142.08729523566655, "params": {"gamma": 0.20359452801219766, "lr": 0.7169442569183647}, "datetime": {"datetime": "2024-04-04 07:13:58", "elapsed": 7462.496124, "delta": 14.675423}}
{"target": -212.9543159648958, "params": {"gamma": 0.6176158202663163, "lr": 1.0}, "datetime": {"datetime": "2024-04-04 07:14:12", "elapsed": 7475.929057, "delta": 13.432933}}
{"target": -143.6996952176283, "params": {"gamma": 0.054782950227132275, "lr": 0.3432394060411521}, "datetime": {"datetime": "2024-04-04 07:14:28", "elapsed": 7492.598937, "delta": 16.66988}}
{"target": -203.6282356705385, "params": {"gamma": 0.7455460599275096, "lr": 0.6582181560730441}, "datetime": {"datetime": "2024-04-04 07:14:38", "elapsed": 7502.006625, "delta": 9.407688}}
{"target": -1729.7467773139615, "params": {"gamma": 8.193126271217615, "lr": 0.6055758256573267}, "datetime": {"datetime": "2024-04-04 07:14:42", "elapsed": 7506.60539, "delta": 4.598765}}
{"target": -191.78030007895848, "params": {"gamma": 0.6846215697562922, "lr": 0.39855893897343575}, "datetime": {"datetime": "2024-04-04 07:14:51", "elapsed": 7515.039349, "delta": 8.433959}}
{"target": -150.75394228825698, "params": {"gamma": 0.07121374411794362, "lr": 0.1509565497317572}, "datetime": {"datetime": "2024-04-04 07:15:14", "elapsed": 7538.434157, "delta": 23.394808}}
{"target": -144.95860975869374, "params": {"gamma": 0.05901550065645734, "lr": 0.2797120633509962}, "datetime": {"datetime": "2024-04-04 07:15:34", "elapsed": 7558.409164, "delta": 19.975007}}
{"target": -162.64269532936817, "params": {"gamma": 0.10999018065479646, "lr": 0.07234375037099716}, "datetime": {"datetime": "2024-04-04 07:15:42", "elapsed": 7566.001271, "delta": 7.592107}}
{"target": -139.8255347586743, "params": {"gamma": 0.09460866729549472, "lr": 0.935054652266461}, "datetime": {"datetime": "2024-04-04 07:15:49", "elapsed": 7573.311458, "delta": 7.310187}}
{"target": -142.91676959817855, "params": {"gamma": 0.12031083087314706, "lr": 0.44282667945130805}, "datetime": {"datetime": "2024-04-04 07:16:06", "elapsed": 7590.466409, "delta": 17.154951}}
{"target": -144.86776073702882, "params": {"gamma": 0.6871024462274704, "lr": 0.0}, "datetime": {"datetime": "2024-04-04 07:16:23", "elapsed": 7606.744396, "delta": 16.277987}}
{"target": -225.0015468163818, "params": {"gamma": 0.7463234903470457, "lr": 0.7681109197238079}, "datetime": {"datetime": "2024-04-04 07:16:35", "elapsed": 7618.841193, "delta": 12.096797}}
{"target": -146.80962136578162, "params": {"gamma": 0.13103027540473675, "lr": 0.267298908808588}, "datetime": {"datetime": "2024-04-04 07:16:44", "elapsed": 7627.92234, "delta": 9.081147}}
{"target": -147.15154787285314, "params": {"gamma": 0.24437623059347208, "lr": 0.9507745256971621}, "datetime": {"datetime": "2024-04-04 07:17:01", "elapsed": 7644.986142, "delta": 17.063802}}
{"target": -241.99913584436504, "params": {"gamma": 0.9688049842028551, "lr": 0.6197893472094859}, "datetime": {"datetime": "2024-04-04 07:17:12", "elapsed": 7655.966097, "delta": 10.979955}}
{"target": -156.93131706076286, "params": {"gamma": 0.41773553533933017, "lr": 0.46868899844816425}, "datetime": {"datetime": "2024-04-04 07:17:27", "elapsed": 7671.274234, "delta": 15.308137}}
{"target": -153.29333254287224, "params": {"gamma": 0.37543158419329864, "lr": 0.6592155546342552}, "datetime": {"datetime": "2024-04-04 07:17:49", "elapsed": 7693.153585, "delta": 21.879351}}
{"target": -146.48512577851756, "params": {"gamma": 0.28223644629774564, "lr": 0.5604730870272824}, "datetime": {"datetime": "2024-04-04 07:18:05", "elapsed": 7708.849275, "delta": 15.69569}}
{"target": -1139.1353815134478, "params": {"gamma": 4.951141504553482, "lr": 0.6794002521288237}, "datetime": {"datetime": "2024-04-04 07:18:09", "elapsed": 7713.247008, "delta": 4.397733}}
{"target": -214.23923667320858, "params": {"gamma": 0.8351959595159207, "lr": 0.39781875054506355}, "datetime": {"datetime": "2024-04-04 07:18:16", "elapsed": 7720.405269, "delta": 7.158261}}
{"target": -145.69997261058342, "params": {"gamma": 0.014838683272233914, "lr": 0.1796995674972437}, "datetime": {"datetime": "2024-04-04 07:18:47", "elapsed": 7750.810931, "delta": 30.405662}}
{"target": -754.0423915428344, "params": {"gamma": 3.4707977467990827, "lr": 0.42188270216625967}, "datetime": {"datetime": "2024-04-04 07:18:51", "elapsed": 7755.414085, "delta": 4.603154}}
{"target": -142.79144293309318, "params": {"gamma": 0.023583477674931123, "lr": 0.8819431393708135}, "datetime": {"datetime": "2024-04-04 07:19:12", "elapsed": 7776.443117, "delta": 21.029032}}
{"target": -144.7904633287318, "params": {"gamma": 0.001503327905897003, "lr": 0.46168918971519124}, "datetime": {"datetime": "2024-04-04 07:19:32", "elapsed": 7796.3679, "delta": 19.924783}}
{"target": -148.22812082069024, "params": {"gamma": 0.20010913807918285, "lr": 0.3245113642967586}, "datetime": {"datetime": "2024-04-04 07:19:49", "elapsed": 7812.967103, "delta": 16.599203}}
{"target": -1914.6029224941985, "params": {"gamma": 8.385379252269226, "lr": 0.6870725131576453}, "datetime": {"datetime": "2024-04-04 07:19:53", "elapsed": 7817.703633, "delta": 4.73653}}
{"target": -183.30624318382306, "params": {"gamma": 0.516385015427829, "lr": 0.7813217421357835}, "datetime": {"datetime": "2024-04-04 07:20:15", "elapsed": 7839.236334, "delta": 21.532701}}
{"target": -144.86776073702882, "params": {"gamma": 0.3691147357906349, "lr": 0.0}, "datetime": {"datetime": "2024-04-04 07:20:38", "elapsed": 7862.037986, "delta": 22.801652}}
{"target": -146.16665329602077, "params": {"gamma": 0.275203145991893, "lr": 0.728815275848585}, "datetime": {"datetime": "2024-04-04 07:20:52", "elapsed": 7876.184371, "delta": 14.146385}}
{"target": -152.05268399426632, "params": {"gamma": 0.28719389324738004, "lr": 1.0}, "datetime": {"datetime": "2024-04-04 07:21:03", "elapsed": 7887.520415, "delta": 11.336044}}
{"target": -144.01914532042017, "params": {"gamma": 0.21000095313808548, "lr": 0.7976420361927513}, "datetime": {"datetime": "2024-04-04 07:21:12", "elapsed": 7896.313077, "delta": 8.792662}}
{"target": -2165.1201766732365, "params": {"gamma": 9.289637560520784, "lr": 0.2548303564023837}, "datetime": {"datetime": "2024-04-04 07:21:17", "elapsed": 7901.076058, "delta": 4.762981}}
{"target": -261.4010557842436, "params": {"gamma": 0.9075046232833286, "lr": 0.8296449539840608}, "datetime": {"datetime": "2024-04-04 07:21:37", "elapsed": 7921.191612, "delta": 20.115554}}
{"target": -208.22297758059966, "params": {"gamma": 0.776500789387329, "lr": 0.5296606031206262}, "datetime": {"datetime": "2024-04-04 07:21:46", "elapsed": 7930.704133, "delta": 9.512521}}
{"target": -150.53611413074356, "params": {"gamma": 0.26724411942048354, "lr": 0.4181638505064005}, "datetime": {"datetime": "2024-04-04 07:22:02", "elapsed": 7945.76123, "delta": 15.057097}}
{"target": -144.86776073702882, "params": {"gamma": 0.061877653227393525, "lr": 0.0}, "datetime": {"datetime": "2024-04-04 07:22:12", "elapsed": 7956.170474, "delta": 10.409244}}
{"target": -140.48935432145092, "params": {"gamma": 0.06767260393637035, "lr": 0.6660855985068569}, "datetime": {"datetime": "2024-04-04 07:22:27", "elapsed": 7970.908442, "delta": 14.737968}}
{"target": -564.3582751124793, "params": {"gamma": 2.0198529478477023, "lr": 1.0}, "datetime": {"datetime": "2024-04-04 07:22:48", "elapsed": 7992.441477, "delta": 21.533035}}
{"target": -143.19808200867175, "params": {"gamma": 0.1438072368212035, "lr": 0.38228190554328945}, "datetime": {"datetime": "2024-04-04 07:23:19", "elapsed": 8023.0523, "delta": 30.610823}}
{"target": -156.37665015547884, "params": {"gamma": 0.3221525389289003, "lr": 0.32089240879898706}, "datetime": {"datetime": "2024-04-04 07:23:51", "elapsed": 8054.737069, "delta": 31.684769}}
{"target": -339.3610495605546, "params": {"gamma": 1.0161960532618273, "lr": 0.21527907380608036}, "datetime": {"datetime": "2024-04-04 07:24:02", "elapsed": 8066.015783, "delta": 11.278714}}
{"target": -145.7969718046348, "params": {"gamma": 0.13902357511017788, "lr": 0.32326081564421394}, "datetime": {"datetime": "2024-04-04 07:24:11", "elapsed": 8075.404008, "delta": 9.388225}}
{"target": -139.68455234202466, "params": {"gamma": 0.1586129726292425, "lr": 0.6206646345358879}, "datetime": {"datetime": "2024-04-04 07:24:33", "elapsed": 8097.333239, "delta": 21.929231}}
{"target": -146.87228728444512, "params": {"gamma": 0.30507359125034084, "lr": 0.6414648285570276}, "datetime": {"datetime": "2024-04-04 07:24:50", "elapsed": 8114.221262, "delta": 16.888023}}
{"target": -241.572082962498, "params": {"gamma": 0.9481185173503631, "lr": 0.44016612737036964}, "datetime": {"datetime": "2024-04-04 07:25:04", "elapsed": 8128.212262, "delta": 13.991}}
{"target": -1012.4376214543719, "params": {"gamma": 4.388914875457812, "lr": 0.6922916739846114}, "datetime": {"datetime": "2024-04-04 07:25:09", "elapsed": 8133.079834, "delta": 4.867572}}
{"target": -160.8172442778382, "params": {"gamma": 0.39343650282210463, "lr": 0.34233094724631774}, "datetime": {"datetime": "2024-04-04 07:25:24", "elapsed": 8148.102354, "delta": 15.02252}}
{"target": -147.29934455142381, "params": {"gamma": 0.25357594716589005, "lr": 0.7568056259394377}, "datetime": {"datetime": "2024-04-04 07:25:48", "elapsed": 8172.047741, "delta": 23.945387}}
{"target": -204.37605991028815, "params": {"gamma": 0.6483266625248042, "lr": 0.26190076861277933}, "datetime": {"datetime": "2024-04-04 07:25:53", "elapsed": 8176.812104, "delta": 4.764363}}
{"target": -193.4183642954912, "params": {"gamma": 0.6805145685471591, "lr": 0.6530025168611856}, "datetime": {"datetime": "2024-04-04 07:26:09", "elapsed": 8192.73994, "delta": 15.927836}}
{"target": -143.55034872950492, "params": {"gamma": 0.219491433095571, "lr": 0.5499079210225947}, "datetime": {"datetime": "2024-04-04 07:26:21", "elapsed": 8205.343814, "delta": 12.603874}}
{"target": -160.67814847561542, "params": {"gamma": 0.3565353226143427, "lr": 0.918610812534956}, "datetime": {"datetime": "2024-04-04 07:26:37", "elapsed": 8221.61886, "delta": 16.275046}}
{"target": -349.34673744260823, "params": {"gamma": 1.398408155585793, "lr": 0.6680512937981452}, "datetime": {"datetime": "2024-04-04 07:26:52", "elapsed": 8235.832039, "delta": 14.213179}}
{"target": -162.04868435732388, "params": {"gamma": 0.24496498099648933, "lr": 0.2289033148528371}, "datetime": {"datetime": "2024-04-04 07:27:01", "elapsed": 8244.735502, "delta": 8.903463}}
{"target": -219.0334077215404, "params": {"gamma": 0.8394676282448513, "lr": 0.6563648456240386}, "datetime": {"datetime": "2024-04-04 07:27:18", "elapsed": 8261.774384, "delta": 17.038882}}
{"target": -168.63140708577797, "params": {"gamma": 0.5044645320355122, "lr": 0.3791158761910707}, "datetime": {"datetime": "2024-04-04 07:27:47", "elapsed": 8291.202176, "delta": 29.427792}}
{"target": -154.09963358605305, "params": {"gamma": 0.06488844251331416, "lr": 0.06695689147973383}, "datetime": {"datetime": "2024-04-04 07:28:02", "elapsed": 8305.866696, "delta": 14.66452}}
{"target": -156.30982726641378, "params": {"gamma": 0.1234415691539968, "lr": 0.1773171387241541}, "datetime": {"datetime": "2024-04-04 07:28:13", "elapsed": 8316.75491, "delta": 10.888214}}
{"target": -145.40848692324968, "params": {"gamma": 0.25852921243637683, "lr": 0.459939464713073}, "datetime": {"datetime": "2024-04-04 07:28:22", "elapsed": 8326.24467, "delta": 9.48976}}
{"target": -142.10408039749873, "params": {"gamma": 0.21485623473955004, "lr": 0.584389303367397}, "datetime": {"datetime": "2024-04-04 07:28:32", "elapsed": 8336.253752, "delta": 10.009082}}
{"target": -141.29529875486313, "params": {"gamma": 0.16438658426376956, "lr": 0.7757499900004616}, "datetime": {"datetime": "2024-04-04 07:28:45", "elapsed": 8349.687769, "delta": 13.434017}}
{"target": -142.57792865623298, "params": {"gamma": 0.19222915907064048, "lr": 0.882698103729801}, "datetime": {"datetime": "2024-04-04 07:28:53", "elapsed": 8357.03497, "delta": 7.347201}}
{"target": -235.56073175466688, "params": {"gamma": 0.774148642962432, "lr": 0.8500836936997709}, "datetime": {"datetime": "2024-04-04 07:29:12", "elapsed": 8375.922387, "delta": 18.887417}}
{"target": -1989.4990454418853, "params": {"gamma": 9.523864468731242, "lr": 0.33120485375653874}, "datetime": {"datetime": "2024-04-04 07:29:16", "elapsed": 8380.598314, "delta": 4.675927}}
{"target": -162.78698920360137, "params": {"gamma": 0.4229515138639878, "lr": 0.4307934893575349}, "datetime": {"datetime": "2024-04-04 07:29:24", "elapsed": 8388.636786, "delta": 8.038472}}
{"target": -157.10871716930416, "params": {"gamma": 0.34340362937451546, "lr": 0.7529918536671748}, "datetime": {"datetime": "2024-04-04 07:29:43", "elapsed": 8406.815157, "delta": 18.178371}}
{"target": -144.77962304877892, "params": {"gamma": 0.001, "lr": 0.6353822270727733}, "datetime": {"datetime": "2024-04-04 07:29:58", "elapsed": 8422.305915, "delta": 15.490758}}
{"target": -604.6174943793112, "params": {"gamma": 2.8102318436193863, "lr": 0.6020348803850519}, "datetime": {"datetime": "2024-04-04 07:30:03", "elapsed": 8427.295841, "delta": 4.989926}}
{"target": -139.23298541428142, "params": {"gamma": 0.12589375984321394, "lr": 0.637397208908829}, "datetime": {"datetime": "2024-04-04 07:30:14", "elapsed": 8438.371026, "delta": 11.075185}}
{"target": -141.6347312300794, "params": {"gamma": 0.1684149060517841, "lr": 0.9056085328226061}, "datetime": {"datetime": "2024-04-04 07:30:31", "elapsed": 8455.114982, "delta": 16.743956}}
{"target": -157.0518857572578, "params": {"gamma": 0.41420150881486545, "lr": 0.5717590823767073}, "datetime": {"datetime": "2024-04-04 07:30:51", "elapsed": 8474.840474, "delta": 19.725492}}
{"target": -142.3308866542553, "params": {"gamma": 0.1721854421551533, "lr": 0.49168977429330707}, "datetime": {"datetime": "2024-04-04 07:31:05", "elapsed": 8488.997192, "delta": 14.156718}}
{"target": -140.50796757580187, "params": {"gamma": 0.10205749388415353, "lr": 0.5937558597162984}, "datetime": {"datetime": "2024-04-04 07:31:25", "elapsed": 8509.018588, "delta": 20.021396}}
{"target": -189.17334396290246, "params": {"gamma": 0.6211874741818555, "lr": 0.3513131701496156}, "datetime": {"datetime": "2024-04-04 07:31:47", "elapsed": 8530.822064, "delta": 21.803476}}
{"target": -141.1172534513458, "params": {"gamma": 0.09480659586744374, "lr": 0.5616705286663883}, "datetime": {"datetime": "2024-04-04 07:31:56", "elapsed": 8539.79535, "delta": 8.973286}}
{"target": -2049.248096624025, "params": {"gamma": 9.56508073340064, "lr": 0.3360813796703339}, "datetime": {"datetime": "2024-04-04 07:32:01", "elapsed": 8544.854018, "delta": 5.058668}}
{"target": -676.0592000195591, "params": {"gamma": 2.706144899010523, "lr": 0.8209240314026761}, "datetime": {"datetime": "2024-04-04 07:32:06", "elapsed": 8549.779552, "delta": 4.925534}}
{"target": -141.29426108118656, "params": {"gamma": 0.046365809918469905, "lr": 0.9862865806401601}, "datetime": {"datetime": "2024-04-04 07:32:30", "elapsed": 8574.381783, "delta": 24.602231}}
{"target": -144.24700040632877, "params": {"gamma": 0.007050685680501264, "lr": 0.7779119387431784}, "datetime": {"datetime": "2024-04-04 07:32:48", "elapsed": 8592.079973, "delta": 17.69819}}
