{"target": -115.87241968624619, "params": {"gamma": 2.2112362470785727, "prior": 1.7473612375534384, "rate": 0.6264975130754329}, "datetime": {"datetime": "2024-04-12 15:35:08", "elapsed": 5870.128423, "delta": 20.184225}}
{"target": -115.858316089409, "params": {"gamma": 2.239826594263351, "prior": 3.5566204984475434, "rate": 1.2221206603872035}, "datetime": {"datetime": "2024-04-12 15:35:25", "elapsed": 5886.717307, "delta": 16.588884}}
{"target": -115.86248334392214, "params": {"gamma": 2.187103110559339, "prior": 6.998095809212853, "rate": 2.462501254810526}, "datetime": {"datetime": "2024-04-12 15:35:35", "elapsed": 5896.671689, "delta": 9.954382}}
{"target": -115.86606170510208, "params": {"gamma": 2.220185580061661, "prior": 2.6961801328970303, "rate": 0.9555020668723837}, "datetime": {"datetime": "2024-04-12 15:35:42", "elapsed": 5903.963488, "delta": 7.291799}}
{"target": -115.88075345535769, "params": {"gamma": 2.282688294236501, "prior": 4.293932411996207, "rate": 1.4878537173044513}, "datetime": {"datetime": "2024-04-12 15:35:56", "elapsed": 5917.947819, "delta": 13.984331}}
{"target": -115.85510590670124, "params": {"gamma": 2.18908692947242, "prior": 7.206331446428426, "rate": 2.3893329708738005}, "datetime": {"datetime": "2024-04-12 15:36:07", "elapsed": 5928.847486, "delta": 10.899667}}
{"target": -115.85419606053392, "params": {"gamma": 2.230556868386967, "prior": 7.76908315627804, "rate": 2.6164572102053483}, "datetime": {"datetime": "2024-04-12 15:36:16", "elapsed": 5938.421492, "delta": 9.574006}}
{"target": -115.8564677236346, "params": {"gamma": 2.204863213990712, "prior": 4.954691268054805, "rate": 1.7227225283394467}, "datetime": {"datetime": "2024-04-12 15:36:34", "elapsed": 5955.886597, "delta": 17.465105}}
{"target": -115.85610574780672, "params": {"gamma": 2.2248462253515378, "prior": 7.040883112168295, "rate": 2.323684902839132}, "datetime": {"datetime": "2024-04-12 15:36:49", "elapsed": 5970.757138, "delta": 14.870541}}
{"target": -115.85747394849767, "params": {"gamma": 2.2410616116891635, "prior": 5.086783404591821, "rate": 1.6976286929358577}, "datetime": {"datetime": "2024-04-12 15:37:02", "elapsed": 5984.109351, "delta": 13.352213}}
{"target": -115.85703419802626, "params": {"gamma": 2.23930619077564, "prior": 1.498751624409508, "rate": 0.49998211828610045}, "datetime": {"datetime": "2024-04-12 15:37:09", "elapsed": 5990.934729, "delta": 6.825378}}
{"target": -115.85864363102904, "params": {"gamma": 2.2463866099028142, "prior": 2.9727724988352606, "rate": 0.9970024809663482}, "datetime": {"datetime": "2024-04-12 15:37:17", "elapsed": 5999.259008, "delta": 8.324279}}
{"target": -115.86591955395457, "params": {"gamma": 2.1490414609252135, "prior": 7.8553241871153485, "rate": 2.6512551665327515}, "datetime": {"datetime": "2024-04-12 15:37:30", "elapsed": 6012.286411, "delta": 13.027403}}
{"target": -115.85769596385005, "params": {"gamma": 2.225277326986098, "prior": 3.8252956518034718, "rate": 1.255818532183316}, "datetime": {"datetime": "2024-04-12 15:37:44", "elapsed": 6026.39527, "delta": 14.108859}}
{"target": -115.85341577955758, "params": {"gamma": 2.226331649796692, "prior": 9.22641289019735, "rate": 3.107323329963643}, "datetime": {"datetime": "2024-04-12 15:37:57", "elapsed": 6038.731559, "delta": 12.336289}}
{"target": -115.85807512030775, "params": {"gamma": 2.179513957235737, "prior": 2.503574986637589, "rate": 0.8263537226452268}, "datetime": {"datetime": "2024-04-12 15:38:05", "elapsed": 6047.586788, "delta": 8.855229}}
{"target": -115.85618381482595, "params": {"gamma": 2.175881561271065, "prior": 10.0, "rate": 3.4120811427468514}, "datetime": {"datetime": "2024-04-12 15:38:23", "elapsed": 6065.285468, "delta": 17.69868}}
{"target": -115.86513646190463, "params": {"gamma": 2.155085592030419, "prior": 2.622617051920629, "rate": 0.8703601879443548}, "datetime": {"datetime": "2024-04-12 15:38:37", "elapsed": 6079.028178, "delta": 13.74271}}
{"target": -115.86619613330683, "params": {"gamma": 2.250844396425621, "prior": 6.800020072101981, "rate": 2.220268448890791}, "datetime": {"datetime": "2024-04-12 15:38:52", "elapsed": 6094.394925, "delta": 15.366747}}
{"target": -115.88722297444528, "params": {"gamma": 2.258005128638201, "prior": 9.602279237858003, "rate": 3.4523107232657804}, "datetime": {"datetime": "2024-04-12 15:39:05", "elapsed": 6106.8791, "delta": 12.484175}}
{"target": -115.85829108729415, "params": {"gamma": 2.2345522583616484, "prior": 8.064347824404063, "rate": 2.786920021586214}, "datetime": {"datetime": "2024-04-12 15:39:20", "elapsed": 6122.189144, "delta": 15.310044}}
{"target": -115.85427969996462, "params": {"gamma": 2.1956600817393377, "prior": 8.681585508799207, "rate": 2.9901765772721762}, "datetime": {"datetime": "2024-04-12 15:39:27", "elapsed": 6129.132246, "delta": 6.943102}}
{"target": -115.85491363690058, "params": {"gamma": 2.2246826236738895, "prior": 9.693193107037736, "rate": 3.215220873814711}, "datetime": {"datetime": "2024-04-12 15:39:40", "elapsed": 6141.787162, "delta": 12.654916}}
{"target": -115.8805096582126, "params": {"gamma": 2.2257862517744433, "prior": 8.402064129740255, "rate": 2.6466502717097464}, "datetime": {"datetime": "2024-04-12 15:39:55", "elapsed": 6157.04958, "delta": 15.262418}}
{"target": -115.85297761153431, "params": {"gamma": 2.2211963684333167, "prior": 6.30931325061308, "rate": 2.1469788356628388}, "datetime": {"datetime": "2024-04-12 15:40:06", "elapsed": 6167.654989, "delta": 10.605409}}
{"target": -115.86209185255056, "params": {"gamma": 2.2411256113399305, "prior": 9.891143460896007, "rate": 3.238004331402153}, "datetime": {"datetime": "2024-04-12 15:40:17", "elapsed": 6178.782623, "delta": 11.127634}}
{"target": -115.8660477221126, "params": {"gamma": 2.1611089009250137, "prior": 3.5285823511766283, "rate": 1.156658042433624}, "datetime": {"datetime": "2024-04-12 15:40:35", "elapsed": 6197.215452, "delta": 18.432829}}
{"target": -115.85384035321074, "params": {"gamma": 2.196876882838587, "prior": 1.5880972783186613, "rate": 0.5460815376764357}, "datetime": {"datetime": "2024-04-12 15:40:45", "elapsed": 6207.111838, "delta": 9.896386}}
{"target": -115.85308269883048, "params": {"gamma": 2.207030816235324, "prior": 8.742712837722895, "rate": 2.9080708730077665}, "datetime": {"datetime": "2024-04-12 15:41:02", "elapsed": 6223.80567, "delta": 16.693832}}
{"target": -115.90922012848182, "params": {"gamma": 2.2972664240985763, "prior": 6.026067715139162, "rate": 2.158411077856349}, "datetime": {"datetime": "2024-04-12 15:41:22", "elapsed": 6243.676239, "delta": 19.870569}}
{"target": -115.85609959212572, "params": {"gamma": 2.187937692540178, "prior": 9.887589566976853, "rate": 3.418826340897199}, "datetime": {"datetime": "2024-04-12 15:41:29", "elapsed": 6250.993183, "delta": 7.316944}}
{"target": -115.85227735566922, "params": {"gamma": 2.207726895855444, "prior": 6.045083248546113, "rate": 2.0622103876799396}, "datetime": {"datetime": "2024-04-12 15:41:38", "elapsed": 6260.51559, "delta": 9.522407}}
{"target": -115.8668167208637, "params": {"gamma": 2.2368545416267214, "prior": 6.409448691438318, "rate": 2.069615268841354}, "datetime": {"datetime": "2024-04-12 15:41:46", "elapsed": 6267.663421, "delta": 7.147831}}
{"target": -115.85799052533173, "params": {"gamma": 2.1986288902384175, "prior": 9.472808993078862, "rate": 3.3064328209208877}, "datetime": {"datetime": "2024-04-12 15:41:58", "elapsed": 6280.341359, "delta": 12.677938}}
{"target": -115.86780677958889, "params": {"gamma": 2.2659627207659474, "prior": 5.5588636859172516, "rate": 1.9011332815611908}, "datetime": {"datetime": "2024-04-12 15:42:11", "elapsed": 6292.673183, "delta": 12.331824}}
{"target": -115.86020072011432, "params": {"gamma": 2.1792219790729157, "prior": 4.126902257707739, "rate": 1.4388242097973658}, "datetime": {"datetime": "2024-04-12 15:42:28", "elapsed": 6310.154857, "delta": 17.481674}}
{"target": -115.85476382860848, "params": {"gamma": 2.184330089096626, "prior": 6.976382867840349, "rate": 2.3281668534491704}, "datetime": {"datetime": "2024-04-12 15:42:40", "elapsed": 6322.415033, "delta": 12.260176}}
{"target": -115.85336907936086, "params": {"gamma": 2.2247690513251737, "prior": 9.143549556472102, "rate": 3.107016259049603}, "datetime": {"datetime": "2024-04-12 15:42:52", "elapsed": 6333.931654, "delta": 11.516621}}
{"target": -115.87002443721022, "params": {"gamma": 2.1888042726850383, "prior": 6.2623505408713696, "rate": 2.2354309046380076}, "datetime": {"datetime": "2024-04-12 15:43:02", "elapsed": 6344.428961, "delta": 10.497307}}
{"target": -115.87491883059688, "params": {"gamma": 2.202316323935929, "prior": 7.662480286825868, "rate": 2.7582316756319765}, "datetime": {"datetime": "2024-04-12 15:43:22", "elapsed": 6364.070226, "delta": 19.641265}}
{"target": -115.86079990493302, "params": {"gamma": 2.2515848762739394, "prior": 7.0968774527572345, "rate": 2.416345863725413}, "datetime": {"datetime": "2024-04-12 15:43:37", "elapsed": 6378.942233, "delta": 14.872007}}
{"target": -115.86213333922737, "params": {"gamma": 2.182457924744062, "prior": 7.460685792305172, "rate": 2.6186252527885463}, "datetime": {"datetime": "2024-04-12 15:43:43", "elapsed": 6385.490049, "delta": 6.547816}}
{"target": -115.85871505059502, "params": {"gamma": 2.167030224382608, "prior": 5.559724626435216, "rate": 1.8663340382094518}, "datetime": {"datetime": "2024-04-12 15:43:56", "elapsed": 6398.404478, "delta": 12.914429}}
{"target": -115.85956269080546, "params": {"gamma": 2.2183740688309808, "prior": 3.4124868553558185, "rate": 1.1939065120040968}, "datetime": {"datetime": "2024-04-12 15:44:08", "elapsed": 6410.454842, "delta": 12.050364}}
{"target": -115.87237565669159, "params": {"gamma": 2.1935676473717356, "prior": 8.011785965096394, "rate": 2.5504606731314707}, "datetime": {"datetime": "2024-04-12 15:44:23", "elapsed": 6424.894717, "delta": 14.439875}}
{"target": -115.87232402843685, "params": {"gamma": 2.167183063662789, "prior": 8.167969375468944, "rate": 2.904187112082997}, "datetime": {"datetime": "2024-04-12 15:44:33", "elapsed": 6434.754728, "delta": 9.860011}}
{"target": -115.85229784663055, "params": {"gamma": 2.195830763653322, "prior": 9.719904488188101, "rate": 3.297649837206639}, "datetime": {"datetime": "2024-04-12 15:44:47", "elapsed": 6448.792568, "delta": 14.03784}}
{"target": -115.859840588643, "params": {"gamma": 2.2359820479380352, "prior": 6.60752312388819, "rate": 2.2925230546205264}, "datetime": {"datetime": "2024-04-12 15:44:53", "elapsed": 6455.184998, "delta": 6.39243}}
{"target": -115.86183287695839, "params": {"gamma": 2.2436993011362882, "prior": 4.675120836408007, "rate": 1.6206651175425641}, "datetime": {"datetime": "2024-04-12 15:45:06", "elapsed": 6467.690002, "delta": 12.505004}}
{"target": -115.8668283443209, "params": {"gamma": 2.2167709760808094, "prior": 7.548606883711318, "rate": 2.422730025673255}, "datetime": {"datetime": "2024-04-12 15:45:19", "elapsed": 6480.825188, "delta": 13.135186}}
{"target": -115.86175133554451, "params": {"gamma": 2.2495247343118154, "prior": 8.731884951692154, "rate": 3.003646435522908}, "datetime": {"datetime": "2024-04-12 15:45:34", "elapsed": 6496.3541, "delta": 15.528912}}
{"target": -115.86169766859823, "params": {"gamma": 2.17478635860269, "prior": 3.0934619670480243, "rate": 1.0132043318286534}, "datetime": {"datetime": "2024-04-12 15:45:44", "elapsed": 6505.916513, "delta": 9.562413}}
{"target": -115.8561467761854, "params": {"gamma": 2.2333219037100953, "prior": 9.01572739127292, "rate": 2.9962313369656948}, "datetime": {"datetime": "2024-04-12 15:45:57", "elapsed": 6519.215297, "delta": 13.298784}}
{"target": -115.85548714490113, "params": {"gamma": 2.1773114398934434, "prior": 4.597950821986629, "rate": 1.5619814464718638}, "datetime": {"datetime": "2024-04-12 15:46:18", "elapsed": 6540.014958, "delta": 20.799661}}
{"target": -115.85672786633606, "params": {"gamma": 2.237371661383786, "prior": 5.799998195899034, "rate": 1.9320711012078566}, "datetime": {"datetime": "2024-04-12 15:46:28", "elapsed": 6549.852415, "delta": 9.837457}}
{"target": -115.8629384577233, "params": {"gamma": 2.159682515663576, "prior": 2.706423415422471, "rate": 0.8991833895544072}, "datetime": {"datetime": "2024-04-12 15:46:44", "elapsed": 6566.589615, "delta": 16.7372}}
{"target": -115.85782498443886, "params": {"gamma": 2.168875832496699, "prior": 1.427794001369362, "rate": 0.48158665343889706}, "datetime": {"datetime": "2024-04-12 15:46:53", "elapsed": 6575.071877, "delta": 8.482262}}
{"target": -115.89680664287552, "params": {"gamma": 2.24462184910093, "prior": 7.197056247725182, "rate": 2.2357916437188656}, "datetime": {"datetime": "2024-04-12 15:47:00", "elapsed": 6582.585953, "delta": 7.514076}}
{"target": -115.8601282693837, "params": {"gamma": 2.165472183855788, "prior": 3.9859360438104816, "rate": 1.3682956187588717}, "datetime": {"datetime": "2024-04-12 15:47:16", "elapsed": 6597.738194, "delta": 15.152241}}
{"target": -115.85448679725229, "params": {"gamma": 2.192157370326071, "prior": 1.5795686524534627, "rate": 0.5436832483532399}, "datetime": {"datetime": "2024-04-12 15:47:26", "elapsed": 6608.497132, "delta": 10.758938}}
{"target": -115.86189481174607, "params": {"gamma": 2.2553527482499116, "prior": 10.0, "rate": 3.358436785083615}, "datetime": {"datetime": "2024-04-12 15:47:37", "elapsed": 6618.840464, "delta": 10.343332}}
{"target": -115.85297111837444, "params": {"gamma": 2.2104634722705625, "prior": 3.867405110966493, "rate": 1.2876169513867997}, "datetime": {"datetime": "2024-04-12 15:47:53", "elapsed": 6635.082943, "delta": 16.242479}}
{"target": -115.8570998378017, "params": {"gamma": 2.1754287852716447, "prior": 9.437233341661099, "rate": 3.1439818958331593}, "datetime": {"datetime": "2024-04-12 15:48:08", "elapsed": 6649.911417, "delta": 14.828474}}
{"target": -115.87331884733652, "params": {"gamma": 2.195929398329891, "prior": 9.617964870873962, "rate": 3.0562840798234756}, "datetime": {"datetime": "2024-04-12 15:48:24", "elapsed": 6666.343426, "delta": 16.432009}}
{"target": -115.85572607714282, "params": {"gamma": 2.1840541240747413, "prior": 5.175187839880494, "rate": 1.781535342013167}, "datetime": {"datetime": "2024-04-12 15:48:37", "elapsed": 6679.530213, "delta": 13.186787}}
{"target": -115.87693251719547, "params": {"gamma": 2.1527021366660586, "prior": 9.849272250583104, "rate": 3.1755207971614086}, "datetime": {"datetime": "2024-04-12 15:48:47", "elapsed": 6689.570312, "delta": 10.040099}}
{"target": -115.85602241319903, "params": {"gamma": 2.2355743713048466, "prior": 3.3255744589760474, "rate": 1.135077027302369}, "datetime": {"datetime": "2024-04-12 15:49:07", "elapsed": 6708.800635, "delta": 19.230323}}
{"target": -115.85280348813133, "params": {"gamma": 2.2184466630722044, "prior": 7.312222469852923, "rate": 2.4919614100651613}, "datetime": {"datetime": "2024-04-12 15:49:20", "elapsed": 6722.389205, "delta": 13.58857}}
{"target": -115.85220983121354, "params": {"gamma": 2.1999607751013652, "prior": 3.6687923793234143, "rate": 1.2306252740884376}, "datetime": {"datetime": "2024-04-12 15:49:36", "elapsed": 6738.173814, "delta": 15.784609}}
{"target": -115.85310651467222, "params": {"gamma": 2.224375598506461, "prior": 6.495975220221861, "rate": 2.187704377196597}, "datetime": {"datetime": "2024-04-12 15:49:46", "elapsed": 6748.165961, "delta": 9.992147}}
{"target": -115.85377801109969, "params": {"gamma": 2.196388687591327, "prior": 9.870655995928324, "rate": 3.3923755813825607}, "datetime": {"datetime": "2024-04-12 15:50:10", "elapsed": 6772.337497, "delta": 24.171536}}
{"target": -115.86570203312016, "params": {"gamma": 2.152704855474109, "prior": 3.306779851392707, "rate": 1.1002921338520653}, "datetime": {"datetime": "2024-04-12 15:50:29", "elapsed": 6791.06853, "delta": 18.731033}}
{"target": -115.85630453414092, "params": {"gamma": 2.1774716362351563, "prior": 8.911146358645432, "rate": 3.0532761492693674}, "datetime": {"datetime": "2024-04-12 15:50:46", "elapsed": 6807.900442, "delta": 16.831912}}
{"target": -115.85581022273628, "params": {"gamma": 2.177893625240362, "prior": 8.276917008420613, "rate": 2.770221616054878}, "datetime": {"datetime": "2024-04-12 15:50:57", "elapsed": 6819.627348, "delta": 11.726906}}
{"target": -115.85598344545066, "params": {"gamma": 2.187017469442012, "prior": 3.1122637142352403, "rate": 1.029480999401493}, "datetime": {"datetime": "2024-04-12 15:51:05", "elapsed": 6827.266565, "delta": 7.639217}}
{"target": -115.86044821177845, "params": {"gamma": 2.1723354978219254, "prior": 5.407647926359925, "rate": 1.876656689512662}, "datetime": {"datetime": "2024-04-12 15:51:20", "elapsed": 6842.149052, "delta": 14.882487}}
{"target": -115.85986957184718, "params": {"gamma": 2.207789443682789, "prior": 7.376266111794834, "rate": 2.3989293158424063}, "datetime": {"datetime": "2024-04-12 15:51:36", "elapsed": 6858.436181, "delta": 16.287129}}
{"target": -115.86090654716924, "params": {"gamma": 2.1670755153405965, "prior": 7.133095976372531, "rate": 2.3618037709154893}, "datetime": {"datetime": "2024-04-12 15:51:50", "elapsed": 6871.668707, "delta": 13.232526}}
{"target": -115.8598502282662, "params": {"gamma": 2.2177475732932357, "prior": 6.453427849930906, "rate": 2.259777150005397}, "datetime": {"datetime": "2024-04-12 15:52:06", "elapsed": 6888.481379, "delta": 16.812672}}
{"target": -115.86873677700859, "params": {"gamma": 2.2136100746841962, "prior": 5.001876886098586, "rate": 1.5996479470408544}, "datetime": {"datetime": "2024-04-12 15:52:29", "elapsed": 6911.15824, "delta": 22.676861}}
{"target": -115.87630394422325, "params": {"gamma": 2.168732729949049, "prior": 4.295215035618105, "rate": 1.5384291988612553}, "datetime": {"datetime": "2024-04-12 15:52:49", "elapsed": 6931.394784, "delta": 20.236544}}
{"target": -115.89097930719727, "params": {"gamma": 2.226200172007196, "prior": 10.0, "rate": 3.111471439249302}, "datetime": {"datetime": "2024-04-12 15:53:06", "elapsed": 6948.588671, "delta": 17.193887}}
{"target": -115.86766558034205, "params": {"gamma": 2.2295739660249674, "prior": 10.0, "rate": 3.5432888622288834}, "datetime": {"datetime": "2024-04-12 15:53:14", "elapsed": 6955.998876, "delta": 7.410205}}
{"target": -115.853857721159, "params": {"gamma": 2.186871377981999, "prior": 8.122299868341983, "rate": 2.7712766929206816}, "datetime": {"datetime": "2024-04-12 15:53:34", "elapsed": 6976.09284, "delta": 20.093964}}
{"target": -115.85492101020503, "params": {"gamma": 2.233987245777222, "prior": 8.050060791105524, "rate": 2.713614170549339}, "datetime": {"datetime": "2024-04-12 15:53:46", "elapsed": 6987.763199, "delta": 11.670359}}
{"target": -115.85801291741711, "params": {"gamma": 2.1971436608317596, "prior": 5.7759539337354875, "rate": 2.0157177712345447}, "datetime": {"datetime": "2024-04-12 15:54:00", "elapsed": 7001.912395, "delta": 14.149196}}
{"target": -115.85221289373365, "params": {"gamma": 2.2010502980837847, "prior": 5.939288522814573, "rate": 2.0228643471985333}, "datetime": {"datetime": "2024-04-12 15:54:11", "elapsed": 7013.036721, "delta": 11.124326}}
{"target": -115.85369966803214, "params": {"gamma": 2.2274364446194976, "prior": 9.320598516043782, "rate": 3.1614216985570156}, "datetime": {"datetime": "2024-04-12 15:54:27", "elapsed": 7029.615568, "delta": 16.578847}}
{"target": -115.89041757505134, "params": {"gamma": 2.236721016938906, "prior": 9.12292634982911, "rate": 3.324966147019934}, "datetime": {"datetime": "2024-04-12 15:54:47", "elapsed": 7049.244766, "delta": 19.629198}}
{"target": -115.86150903669478, "params": {"gamma": 2.2308467425028646, "prior": 9.74197677170454, "rate": 3.406880057655447}, "datetime": {"datetime": "2024-04-12 15:54:59", "elapsed": 7061.479026, "delta": 12.23426}}
{"target": -115.85940100768713, "params": {"gamma": 2.1714422241548936, "prior": 8.375494725494358, "rate": 2.892183595427697}, "datetime": {"datetime": "2024-04-12 15:55:21", "elapsed": 7083.066321, "delta": 21.587295}}
{"target": -115.85333771116152, "params": {"gamma": 2.1940499452672024, "prior": 7.409225702217052, "rate": 2.5366620720813224}, "datetime": {"datetime": "2024-04-12 15:55:36", "elapsed": 7098.194272, "delta": 15.127951}}
{"target": -115.853221850001, "params": {"gamma": 2.2249338650188357, "prior": 2.2439587996982717, "rate": 0.7601807558719321}, "datetime": {"datetime": "2024-04-12 15:55:52", "elapsed": 7113.979064, "delta": 15.784792}}
{"target": -115.85396726150283, "params": {"gamma": 2.2156703677063696, "prior": 6.82446764650694, "rate": 2.346965692924044}, "datetime": {"datetime": "2024-04-12 15:56:01", "elapsed": 7123.471451, "delta": 9.492387}}
{"target": -115.85457596521665, "params": {"gamma": 2.2320611032151536, "prior": 3.2499499272141006, "rate": 1.1014772467978138}, "datetime": {"datetime": "2024-04-12 15:56:12", "elapsed": 7134.224544, "delta": 10.753093}}
{"target": -115.86046604070395, "params": {"gamma": 2.249377970928156, "prior": 8.653695683475094, "rate": 2.9575736913194652}, "datetime": {"datetime": "2024-04-12 15:56:27", "elapsed": 7148.910786, "delta": 14.686242}}
{"target": -115.85534833450582, "params": {"gamma": 2.23518494177409, "prior": 7.209923721831413, "rate": 2.445954897594102}, "datetime": {"datetime": "2024-04-12 15:56:51", "elapsed": 7172.853091, "delta": 23.942305}}
{"target": -115.86364296302017, "params": {"gamma": 2.2291867933698515, "prior": 5.615976271634914, "rate": 1.819105320766103}, "datetime": {"datetime": "2024-04-12 15:56:59", "elapsed": 7181.024917, "delta": 8.171826}}
{"target": -115.85273880436885, "params": {"gamma": 2.2146595072554156, "prior": 4.542201621849281, "rate": 1.5167128642650336}, "datetime": {"datetime": "2024-04-12 15:57:17", "elapsed": 7198.865963, "delta": 17.841046}}
