{"target": -695.2543309493082, "params": {"gamma": 5.336999796367143, "lr": 0.31446701118584963}, "datetime": {"datetime": "2024-03-29 22:13:25", "elapsed": 1.102215, "delta": 0.004987}}
{"target": -977.2171442209847, "params": {"gamma": 9.1078175389072, "lr": 0.36655664385123443}, "datetime": {"datetime": "2024-03-29 22:13:25", "elapsed": 1.108199, "delta": 0.005984}}
{"target": -569.5533367869798, "params": {"gamma": 4.336489680404373, "lr": 0.5122926922783614}, "datetime": {"datetime": "2024-03-29 22:13:25", "elapsed": 1.113185, "delta": 0.004986}}
{"target": -3400.346813746549, "params": {"gamma": 9.388925887219763, "lr": 0.030949006271150714}, "datetime": {"datetime": "2024-03-29 22:13:25", "elapsed": 1.118173, "delta": 0.004988}}
{"target": -1368.927066065573, "params": {"gamma": 7.1690697576532605, "lr": 0.8910189542923389}, "datetime": {"datetime": "2024-03-29 22:13:25", "elapsed": 1.124156, "delta": 0.005983}}
{"target": -134.00780178008424, "params": {"gamma": 0.2738449479511707, "lr": 0.5220512472525107}, "datetime": {"datetime": "2024-03-29 22:13:25", "elapsed": 1.129143, "delta": 0.004987}}
{"target": -629.3987934904524, "params": {"gamma": 3.2605721278884827, "lr": 0.8594893208655858}, "datetime": {"datetime": "2024-03-29 22:13:25", "elapsed": 1.134129, "delta": 0.004986}}
{"target": -852.4429817166931, "params": {"gamma": 5.585606992674257, "lr": 0.6902278681627478}, "datetime": {"datetime": "2024-03-29 22:13:25", "elapsed": 1.140113, "delta": 0.005984}}
{"target": -638.2015840465972, "params": {"gamma": 4.529082146015424, "lr": 0.6283090375213571}, "datetime": {"datetime": "2024-03-29 22:13:25", "elapsed": 1.145099, "delta": 0.004986}}
{"target": -1057.183784651842, "params": {"gamma": 2.901678420022571, "lr": 0.009348577966515781}, "datetime": {"datetime": "2024-03-29 22:13:25", "elapsed": 1.149088, "delta": 0.003989}}
{"target": -749.2077754567529, "params": {"gamma": 5.767982593935921, "lr": 0.3114442141324628}, "datetime": {"datetime": "2024-03-29 22:13:25", "elapsed": 1.153077, "delta": 0.003989}}
{"target": -1004.8102553349635, "params": {"gamma": 5.1731587174127975, "lr": 0.9164058530538978}, "datetime": {"datetime": "2024-03-29 22:13:25", "elapsed": 1.156069, "delta": 0.002992}}
{"target": -572.639918655461, "params": {"gamma": 4.265321410225459, "lr": 0.2473960366023854}, "datetime": {"datetime": "2024-03-29 22:13:25", "elapsed": 1.160058, "delta": 0.003989}}
{"target": -745.3986272614018, "params": {"gamma": 3.7135663190292654, "lr": 0.9318611166365406}, "datetime": {"datetime": "2024-03-29 22:13:25", "elapsed": 1.164049, "delta": 0.003991}}
{"target": -1729.2731704039834, "params": {"gamma": 9.368746944709628, "lr": 0.8443299485657132}, "datetime": {"datetime": "2024-03-29 22:13:25", "elapsed": 1.168038, "delta": 0.003989}}
{"target": -1206.0771427189823, "params": {"gamma": 9.202144936542298, "lr": 0.22790028995131695}, "datetime": {"datetime": "2024-03-29 22:13:25", "elapsed": 1.17103, "delta": 0.002992}}
{"target": -165.72695632985037, "params": {"gamma": 0.8757346133263552, "lr": 0.22730973628468876}, "datetime": {"datetime": "2024-03-29 22:13:25", "elapsed": 1.175019, "delta": 0.003989}}
{"target": -590.6361012664072, "params": {"gamma": 3.1444517845243904, "lr": 0.17476587635631158}, "datetime": {"datetime": "2024-03-29 22:13:25", "elapsed": 1.180005, "delta": 0.004986}}
{"target": -643.8956130210526, "params": {"gamma": 6.071334525562633, "lr": 0.41358641500116133}, "datetime": {"datetime": "2024-03-29 22:13:25", "elapsed": 1.184992, "delta": 0.004987}}
{"target": -1414.0421798273899, "params": {"gamma": 8.163698766760314, "lr": 0.18513039826903066}, "datetime": {"datetime": "2024-03-29 22:13:25", "elapsed": 1.190976, "delta": 0.005984}}
{"target": -925.6454535098812, "params": {"gamma": 7.019063421033349, "lr": 0.24035562484913886}, "datetime": {"datetime": "2024-03-29 22:13:25", "elapsed": 1.196959, "delta": 0.005983}}
{"target": -638.0790165292395, "params": {"gamma": 5.742616669319757, "lr": 0.34898759722078887}, "datetime": {"datetime": "2024-03-29 22:13:25", "elapsed": 1.200948, "delta": 0.003989}}
{"target": -143.29789143410187, "params": {"gamma": 0.5705870304288444, "lr": 0.22881367096037586}, "datetime": {"datetime": "2024-03-29 22:13:25", "elapsed": 1.204937, "delta": 0.003989}}
{"target": -729.4782827818136, "params": {"gamma": 6.641361450992581, "lr": 0.4972500933605313}, "datetime": {"datetime": "2024-03-29 22:13:25", "elapsed": 1.20893, "delta": 0.003993}}
{"target": -957.4619065506726, "params": {"gamma": 5.190640824752714, "lr": 0.1747201501089225}, "datetime": {"datetime": "2024-03-29 22:13:25", "elapsed": 1.213914, "delta": 0.004984}}
{"target": -1134.4993797325935, "params": {"gamma": 5.7075877996110185, "lr": 0.99675342520821}, "datetime": {"datetime": "2024-03-29 22:13:25", "elapsed": 1.217903, "delta": 0.003989}}
{"target": -1095.2198798158518, "params": {"gamma": 8.168534252807428, "lr": 0.5943726238309778}, "datetime": {"datetime": "2024-03-29 22:13:25", "elapsed": 1.221892, "delta": 0.003989}}
{"target": -1856.43526434771, "params": {"gamma": 9.759914694240718, "lr": 0.9015625846693213}, "datetime": {"datetime": "2024-03-29 22:13:25", "elapsed": 1.227482, "delta": 0.00559}}
{"target": -2159.639704380215, "params": {"gamma": 5.956483728092853, "lr": 0.032426325314457105}, "datetime": {"datetime": "2024-03-29 22:13:25", "elapsed": 1.233466, "delta": 0.005984}}
{"target": -361.3322567009775, "params": {"gamma": 0.93667738107899, "lr": 0.06537171504222639}, "datetime": {"datetime": "2024-03-29 22:13:25", "elapsed": 1.23945, "delta": 0.005984}}
{"target": -492.3051211429863, "params": {"gamma": 4.517879753766062, "lr": 0.37543483316785775}, "datetime": {"datetime": "2024-03-29 22:13:25", "elapsed": 1.243439, "delta": 0.003989}}
{"target": -1778.5180396405142, "params": {"gamma": 9.753524992668595, "lr": 0.1679832931996149}, "datetime": {"datetime": "2024-03-29 22:13:25", "elapsed": 1.246431, "delta": 0.002992}}
{"target": -1653.7800836942956, "params": {"gamma": 9.72790313173462, "lr": 0.7674748688630131}, "datetime": {"datetime": "2024-03-29 22:13:25", "elapsed": 1.25042, "delta": 0.003989}}
{"target": -1139.930170387596, "params": {"gamma": 8.242554158405353, "lr": 0.6326158167779973}, "datetime": {"datetime": "2024-03-29 22:13:25", "elapsed": 1.25441, "delta": 0.00399}}
{"target": -734.3916684071053, "params": {"gamma": 6.6876589692971145, "lr": 0.47688233352119336}, "datetime": {"datetime": "2024-03-29 22:13:25", "elapsed": 1.259397, "delta": 0.004987}}
{"target": -133.10630038598623, "params": {"gamma": 0.13235043287379938, "lr": 0.3530060855418248}, "datetime": {"datetime": "2024-03-29 22:13:25", "elapsed": 1.264384, "delta": 0.004987}}
{"target": -774.1773835181036, "params": {"gamma": 4.9212259431340915, "lr": 0.7300912110901043}, "datetime": {"datetime": "2024-03-29 22:13:25", "elapsed": 1.270368, "delta": 0.005984}}
{"target": -522.7753957880756, "params": {"gamma": 4.686814799118347, "lr": 0.4574049160894317}, "datetime": {"datetime": "2024-03-29 22:13:25", "elapsed": 1.274356, "delta": 0.003988}}
{"target": -513.6010077697729, "params": {"gamma": 1.377489746715086, "lr": 0.01088873380347899}, "datetime": {"datetime": "2024-03-29 22:13:25", "elapsed": 1.277348, "delta": 0.002992}}
{"target": -976.7371541893901, "params": {"gamma": 7.583024326509486, "lr": 0.3199528380776784}, "datetime": {"datetime": "2024-03-29 22:13:25", "elapsed": 1.281337, "delta": 0.003989}}
{"target": -1412.3301915235745, "params": {"gamma": 9.843850118484914, "lr": 0.220234226159156}, "datetime": {"datetime": "2024-03-29 22:13:25", "elapsed": 1.285326, "delta": 0.003989}}
{"target": -452.00301730149965, "params": {"gamma": 3.387741546791315, "lr": 0.5238961356661317}, "datetime": {"datetime": "2024-03-29 22:13:25", "elapsed": 1.289316, "delta": 0.00399}}
{"target": -825.8919647815108, "params": {"gamma": 7.549159679148268, "lr": 0.46385778390029564}, "datetime": {"datetime": "2024-03-29 22:13:25", "elapsed": 1.292307, "delta": 0.002991}}
{"target": -201.36317907313864, "params": {"gamma": 1.2491006085736511, "lr": 0.3125013784920495}, "datetime": {"datetime": "2024-03-29 22:13:25", "elapsed": 1.296296, "delta": 0.003989}}
{"target": -772.30536761642, "params": {"gamma": 5.045687177840246, "lr": 0.6738490080168676}, "datetime": {"datetime": "2024-03-29 22:13:25", "elapsed": 1.300286, "delta": 0.00399}}
{"target": -1946.6474026497654, "params": {"gamma": 7.70172941316461, "lr": 0.13033578095435427}, "datetime": {"datetime": "2024-03-29 22:13:25", "elapsed": 1.304275, "delta": 0.003989}}
{"target": -133.9344328629383, "params": {"gamma": 0.23012839809249527, "lr": 0.5190823222119895}, "datetime": {"datetime": "2024-03-29 22:13:25", "elapsed": 1.308264, "delta": 0.003989}}
{"target": -2934.4431874004863, "params": {"gamma": 8.1000771179135, "lr": 0.012603767029876312}, "datetime": {"datetime": "2024-03-29 22:13:25", "elapsed": 1.312253, "delta": 0.003989}}
{"target": -1021.8366166052901, "params": {"gamma": 6.725025976692686, "lr": 0.6868082266569918}, "datetime": {"datetime": "2024-03-29 22:13:25", "elapsed": 1.316243, "delta": 0.00399}}
{"target": -875.381073299964, "params": {"gamma": 4.49301828911279, "lr": 0.9147886867419343}, "datetime": {"datetime": "2024-03-29 22:13:25", "elapsed": 1.320233, "delta": 0.00399}}
{"target": -2335.8222064172637, "params": {"gamma": 6.443966486485173, "lr": 0.005239837651465851}, "datetime": {"datetime": "2024-03-29 22:13:25", "elapsed": 1.323224, "delta": 0.002991}}
{"target": -921.7361555939004, "params": {"gamma": 4.844800026698242, "lr": 0.8593178060976}, "datetime": {"datetime": "2024-03-29 22:13:25", "elapsed": 1.327214, "delta": 0.00399}}
{"target": -1165.573344864268, "params": {"gamma": 8.304165300803357, "lr": 0.6491541971124779}, "datetime": {"datetime": "2024-03-29 22:13:26", "elapsed": 1.331203, "delta": 0.003989}}
{"target": -893.8399418428799, "params": {"gamma": 6.737310540562419, "lr": 0.5784995797892005}, "datetime": {"datetime": "2024-03-29 22:13:26", "elapsed": 1.335192, "delta": 0.003989}}
{"target": -379.84701443619775, "params": {"gamma": 2.741923631893355, "lr": 0.5605299905360588}, "datetime": {"datetime": "2024-03-29 22:13:26", "elapsed": 1.340178, "delta": 0.004986}}
{"target": -742.6101152904224, "params": {"gamma": 6.717626118389386, "lr": 0.35242963021640883}, "datetime": {"datetime": "2024-03-29 22:13:26", "elapsed": 1.346162, "delta": 0.005984}}
{"target": -1481.5342429262635, "params": {"gamma": 8.558427844172023, "lr": 0.1950374860087073}, "datetime": {"datetime": "2024-03-29 22:13:26", "elapsed": 1.351149, "delta": 0.004987}}
{"target": -993.4340445007256, "params": {"gamma": 7.473460782508901, "lr": 0.2896027461868774}, "datetime": {"datetime": "2024-03-29 22:13:26", "elapsed": 1.356135, "delta": 0.004986}}
{"target": -814.2760553906962, "params": {"gamma": 7.738219073154577, "lr": 0.4277373293360762}, "datetime": {"datetime": "2024-03-29 22:13:26", "elapsed": 1.360124, "delta": 0.003989}}
{"target": -888.5693298448008, "params": {"gamma": 8.077176392712982, "lr": 0.3535348626679904}, "datetime": {"datetime": "2024-03-29 22:13:26", "elapsed": 1.366108, "delta": 0.005984}}
{"target": -384.07985475569876, "params": {"gamma": 2.137718683058182, "lr": 0.7672845084217665}, "datetime": {"datetime": "2024-03-29 22:13:26", "elapsed": 1.371095, "delta": 0.004987}}
{"target": -496.11672332988934, "params": {"gamma": 3.0871108343588807, "lr": 0.7332450677264275}, "datetime": {"datetime": "2024-03-29 22:13:26", "elapsed": 1.376081, "delta": 0.004986}}
{"target": -1072.9520067106753, "params": {"gamma": 7.444987057624244, "lr": 0.22139670090820107}, "datetime": {"datetime": "2024-03-29 22:13:26", "elapsed": 1.381068, "delta": 0.004987}}
{"target": -389.75048887385304, "params": {"gamma": 2.141907256069664, "lr": 0.1989479234270667}, "datetime": {"datetime": "2024-03-29 22:13:26", "elapsed": 1.387052, "delta": 0.005984}}
{"target": -190.5962374206493, "params": {"gamma": 1.4260408593206808, "lr": 0.3770825992073341}, "datetime": {"datetime": "2024-03-29 22:13:26", "elapsed": 1.392038, "delta": 0.004986}}
{"target": -156.89868054978132, "params": {"gamma": 0.26725221903152313, "lr": 0.11092036903424063}, "datetime": {"datetime": "2024-03-29 22:13:26", "elapsed": 1.397025, "delta": 0.004987}}
{"target": -1151.6150115428236, "params": {"gamma": 6.745965673610343, "lr": 0.7997765368973863}, "datetime": {"datetime": "2024-03-29 22:13:26", "elapsed": 1.401014, "delta": 0.003989}}
{"target": -159.84904617944284, "params": {"gamma": 0.8062147417567307, "lr": 0.23170231048579204}, "datetime": {"datetime": "2024-03-29 22:13:26", "elapsed": 1.405003, "delta": 0.003989}}
{"target": -431.3594149686449, "params": {"gamma": 2.0770489923763398, "lr": 0.9173335630816306}, "datetime": {"datetime": "2024-03-29 22:13:26", "elapsed": 1.408992, "delta": 0.003989}}
{"target": -931.6246729375816, "params": {"gamma": 7.113433866846732, "lr": 0.5538846110514143}, "datetime": {"datetime": "2024-03-29 22:13:26", "elapsed": 1.411984, "delta": 0.002992}}
{"target": -579.1825009049979, "params": {"gamma": 3.0458753612182816, "lr": 0.8348540476317985}, "datetime": {"datetime": "2024-03-29 22:13:26", "elapsed": 1.415973, "delta": 0.003989}}
{"target": -869.978598579831, "params": {"gamma": 4.353624270337571, "lr": 0.9234562151187752}, "datetime": {"datetime": "2024-03-29 22:13:26", "elapsed": 1.419963, "delta": 0.00399}}
{"target": -774.0090046826065, "params": {"gamma": 7.0608119915549965, "lr": 0.47803130796528337}, "datetime": {"datetime": "2024-03-29 22:13:26", "elapsed": 1.423952, "delta": 0.003989}}
{"target": -282.7625442123774, "params": {"gamma": 1.2629748273898376, "lr": 0.9760435504677476}, "datetime": {"datetime": "2024-03-29 22:13:26", "elapsed": 1.427941, "delta": 0.003989}}
{"target": -258.20635801918223, "params": {"gamma": 1.5991766697905894, "lr": 0.2026021252196626}, "datetime": {"datetime": "2024-03-29 22:13:26", "elapsed": 1.432928, "delta": 0.004987}}
{"target": -465.12478359136037, "params": {"gamma": 4.312386369848549, "lr": 0.40420190577514725}, "datetime": {"datetime": "2024-03-29 22:13:26", "elapsed": 1.437914, "delta": 0.004986}}
{"target": -261.185590706077, "params": {"gamma": 1.4683680561621768, "lr": 0.7293189193611234}, "datetime": {"datetime": "2024-03-29 22:13:26", "elapsed": 1.443898, "delta": 0.005984}}
{"target": -294.9834431632823, "params": {"gamma": 1.8882619237049822, "lr": 0.6438956443116628}, "datetime": {"datetime": "2024-03-29 22:13:26", "elapsed": 1.448885, "delta": 0.004987}}
{"target": -1086.858904626432, "params": {"gamma": 7.543305199812411, "lr": 0.21073239208332073}, "datetime": {"datetime": "2024-03-29 22:13:26", "elapsed": 1.453871, "delta": 0.004986}}
{"target": -940.6091088063799, "params": {"gamma": 6.0099415268282925, "lr": 0.7489283752458364}, "datetime": {"datetime": "2024-03-29 22:13:26", "elapsed": 1.457861, "delta": 0.00399}}
{"target": -860.7805437429819, "params": {"gamma": 6.382548887492715, "lr": 0.5971273029466491}, "datetime": {"datetime": "2024-03-29 22:13:26", "elapsed": 1.46185, "delta": 0.003989}}
{"target": -476.41927754410784, "params": {"gamma": 2.955527374269315, "lr": 0.7316064712415088}, "datetime": {"datetime": "2024-03-29 22:13:26", "elapsed": 1.465839, "delta": 0.003989}}
{"target": -989.8690984751547, "params": {"gamma": 9.453139091559498, "lr": 0.42556139026154693}, "datetime": {"datetime": "2024-03-29 22:13:26", "elapsed": 1.468831, "delta": 0.002992}}
{"target": -2833.9369826462953, "params": {"gamma": 7.822035986497222, "lr": 0.056141039661915304}, "datetime": {"datetime": "2024-03-29 22:13:26", "elapsed": 1.47282, "delta": 0.003989}}
{"target": -1446.3888806333152, "params": {"gamma": 8.35288075329717, "lr": 0.1922500168221477}, "datetime": {"datetime": "2024-03-29 22:13:26", "elapsed": 1.47681, "delta": 0.00399}}
{"target": -522.3689868082948, "params": {"gamma": 3.951573592030842, "lr": 0.30008104592535645}, "datetime": {"datetime": "2024-03-29 22:13:26", "elapsed": 1.480799, "delta": 0.003989}}
{"target": -201.19961556730198, "params": {"gamma": 0.8019563344166869, "lr": 0.9046310029362429}, "datetime": {"datetime": "2024-03-29 22:13:26", "elapsed": 1.484788, "delta": 0.003989}}
{"target": -490.80034145220895, "params": {"gamma": 3.702171621359829, "lr": 0.5306974384761395}, "datetime": {"datetime": "2024-03-29 22:13:26", "elapsed": 1.488778, "delta": 0.00399}}
{"target": -1255.526675921994, "params": {"gamma": 4.941668542697355, "lr": 0.13216114194293815}, "datetime": {"datetime": "2024-03-29 22:13:26", "elapsed": 1.491769, "delta": 0.002991}}
{"target": -757.3667116233855, "params": {"gamma": 2.0653341348354406, "lr": 0.07618880903232117}, "datetime": {"datetime": "2024-03-29 22:13:26", "elapsed": 1.495759, "delta": 0.00399}}
{"target": -697.8956580321811, "params": {"gamma": 5.07970907775293, "lr": 0.2615495518329871}, "datetime": {"datetime": "2024-03-29 22:13:26", "elapsed": 1.499748, "delta": 0.003989}}
{"target": -1082.6766819445, "params": {"gamma": 3.5712590272190368, "lr": 0.10806532869723684}, "datetime": {"datetime": "2024-03-29 22:13:26", "elapsed": 1.503738, "delta": 0.00399}}
{"target": -2375.0082415568395, "params": {"gamma": 7.87573084468542, "lr": 0.1065838767888011}, "datetime": {"datetime": "2024-03-29 22:13:26", "elapsed": 1.50673, "delta": 0.002992}}
{"target": -1797.16140845463, "params": {"gamma": 9.857102528308165, "lr": 0.17716116443841734}, "datetime": {"datetime": "2024-03-29 22:13:26", "elapsed": 1.510718, "delta": 0.003988}}
{"target": -2075.7974855269495, "params": {"gamma": 5.724478719234059, "lr": 0.044845334589088126}, "datetime": {"datetime": "2024-03-29 22:13:26", "elapsed": 1.514707, "delta": 0.003989}}
{"target": -1364.0613411700294, "params": {"gamma": 7.871375780268687, "lr": 0.18960594781829654}, "datetime": {"datetime": "2024-03-29 22:13:26", "elapsed": 1.518696, "delta": 0.003989}}
{"target": -828.8919480915685, "params": {"gamma": 5.279511880102859, "lr": 0.7400775431590716}, "datetime": {"datetime": "2024-03-29 22:13:26", "elapsed": 1.521688, "delta": 0.002992}}
{"target": -232.7091887132493, "params": {"gamma": 1.5001649176876422, "lr": 0.5510871741869717}, "datetime": {"datetime": "2024-03-29 22:13:26", "elapsed": 1.525679, "delta": 0.003991}}
{"target": -388.7683972154038, "params": {"gamma": 2.1669554660794654, "lr": 0.7591960493171447}, "datetime": {"datetime": "2024-03-29 22:13:26", "elapsed": 1.529668, "delta": 0.003989}}
{"target": -1324.2237510881291, "params": {"gamma": 7.229429020368581, "lr": 0.17654903427708302}, "datetime": {"datetime": "2024-03-29 22:13:26", "elapsed": 1.533657, "delta": 0.003989}}
{"target": -3122.316451127515, "params": {"gamma": 8.619803610113067, "lr": 0.019775099516344263}, "datetime": {"datetime": "2024-03-29 22:13:26", "elapsed": 1.536649, "delta": 0.002992}}
{"target": -1121.2632259893523, "params": {"gamma": 8.60250973723373, "lr": 0.5589038111609383}, "datetime": {"datetime": "2024-03-29 22:13:26", "elapsed": 1.540638, "delta": 0.003989}}
{"target": -696.1515732269818, "params": {"gamma": 4.032801500586387, "lr": 0.7587469310223366}, "datetime": {"datetime": "2024-03-29 22:13:26", "elapsed": 1.544627, "delta": 0.003989}}
{"target": -1420.7165208617448, "params": {"gamma": 7.169573087923007, "lr": 0.9873261748084265}, "datetime": {"datetime": "2024-03-29 22:13:26", "elapsed": 1.548616, "delta": 0.003989}}
{"target": -1014.0078842426184, "params": {"gamma": 2.7815724010812146, "lr": 0.0037936724093425855}, "datetime": {"datetime": "2024-03-29 22:13:26", "elapsed": 1.551608, "delta": 0.002992}}
{"target": -1756.5763830351825, "params": {"gamma": 9.339092180540563, "lr": 0.8578971045378938}, "datetime": {"datetime": "2024-03-29 22:13:26", "elapsed": 1.555597, "delta": 0.003989}}
{"target": -939.6257533589492, "params": {"gamma": 7.28877992431504, "lr": 0.5166887829215384}, "datetime": {"datetime": "2024-03-29 22:13:26", "elapsed": 1.559586, "delta": 0.003989}}
{"target": -1206.1290094351873, "params": {"gamma": 7.069855496242362, "lr": 0.7805295568767427}, "datetime": {"datetime": "2024-03-29 22:13:26", "elapsed": 1.563575, "delta": 0.003989}}
{"target": -648.8698523546474, "params": {"gamma": 3.749384559425057, "lr": 0.7703225253299576}, "datetime": {"datetime": "2024-03-29 22:13:26", "elapsed": 1.566567, "delta": 0.002992}}
{"target": -1029.7183726359297, "params": {"gamma": 7.506492567432579, "lr": 0.6132112115442597}, "datetime": {"datetime": "2024-03-29 22:13:26", "elapsed": 1.571554, "delta": 0.004987}}
{"target": -620.4304170735089, "params": {"gamma": 4.019257373754407, "lr": 0.6973080192643409}, "datetime": {"datetime": "2024-03-29 22:13:26", "elapsed": 1.575543, "delta": 0.003989}}
{"target": -140.05356349950793, "params": {"gamma": 0.032125465394095866, "lr": 0.7748966467245978}, "datetime": {"datetime": "2024-03-29 22:13:26", "elapsed": 1.579532, "delta": 0.003989}}
{"target": -1175.5151476440901, "params": {"gamma": 8.964269607966013, "lr": 0.23931570743750463}, "datetime": {"datetime": "2024-03-29 22:13:26", "elapsed": 1.583522, "delta": 0.00399}}
{"target": -210.08331218876808, "params": {"gamma": 1.208551075907988, "lr": 0.2202839877937276}, "datetime": {"datetime": "2024-03-29 22:13:26", "elapsed": 1.588508, "delta": 0.004986}}
{"target": -586.5564626484534, "params": {"gamma": 3.021665216169693, "lr": 0.8830285085638342}, "datetime": {"datetime": "2024-03-29 22:13:26", "elapsed": 1.593494, "delta": 0.004986}}
{"target": -727.4134474991158, "params": {"gamma": 5.432121135950708, "lr": 0.2867116496064306}, "datetime": {"datetime": "2024-03-29 22:13:26", "elapsed": 1.599478, "delta": 0.005984}}
{"target": -216.95245822769152, "params": {"gamma": 1.3844085432396722, "lr": 0.29014446310454167}, "datetime": {"datetime": "2024-03-29 22:13:26", "elapsed": 1.603467, "delta": 0.003989}}
