{"target": -184.8358964780254, "params": {"gamma": 2.3106546042570515, "prior": 0.6739605523903935, "rate": 1.3890263639386906}, "datetime": {"datetime": "2024-04-09 03:00:09", "elapsed": 4.508889, "delta": 0.008824}}
{"target": -473.1781320080232, "params": {"gamma": 9.351596002308344, "prior": 8.896566823226658, "rate": 2.893315694333617}, "datetime": {"datetime": "2024-04-09 03:00:09", "elapsed": 4.517523, "delta": 0.008634}}
{"target": -474.3096052020708, "params": {"gamma": 9.477692896949968, "prior": 8.514312298791047, "rate": 4.347113285922664}, "datetime": {"datetime": "2024-04-09 03:00:09", "elapsed": 4.527082, "delta": 0.009559}}
{"target": -280.96992748228257, "params": {"gamma": 4.681027499109862, "prior": 6.335544913675885, "rate": 1.581160317803163}, "datetime": {"datetime": "2024-04-09 03:00:09", "elapsed": 4.536554, "delta": 0.009472}}
{"target": -146.88842663581485, "params": {"gamma": 0.14880608533418707, "prior": 2.72856897297662, "rate": 0.15542087579566607}, "datetime": {"datetime": "2024-04-09 03:00:09", "elapsed": 4.545194, "delta": 0.00864}}
{"target": -355.70638771483067, "params": {"gamma": 6.745313942778413, "prior": 5.559541474546487, "rate": 3.2171598078821737}, "datetime": {"datetime": "2024-04-09 03:00:09", "elapsed": 4.553903, "delta": 0.008709}}
{"target": -476.13785392544213, "params": {"gamma": 7.802243168860467, "prior": 1.543275769026293, "rate": 2.449561506980074}, "datetime": {"datetime": "2024-04-09 03:00:09", "elapsed": 4.564222, "delta": 0.010319}}
{"target": -193.52156053125637, "params": {"gamma": 2.923845306630798, "prior": 2.0397262703400223, "rate": 0.8802988990222627}, "datetime": {"datetime": "2024-04-09 03:00:09", "elapsed": 4.573041, "delta": 0.008819}}
{"target": -659.1319973504508, "params": {"gamma": 8.699891826535803, "prior": 0.9730675911579497, "rate": 6.837419647880558}, "datetime": {"datetime": "2024-04-09 03:00:09", "elapsed": 4.58156, "delta": 0.008519}}
{"target": -146.4632657170936, "params": {"gamma": 1.204888367700376, "prior": 0.20592013112732416, "rate": 5.573125032519063}, "datetime": {"datetime": "2024-04-09 03:00:09", "elapsed": 4.590117, "delta": 0.008557}}
{"target": -453.3671204529626, "params": {"gamma": 9.071183443148486, "prior": 8.618521006635163, "rate": 3.3851753897983823}, "datetime": {"datetime": "2024-04-09 03:00:09", "elapsed": 4.600569, "delta": 0.010452}}
{"target": -127.17353453680059, "params": {"gamma": 0.27256113442929636, "prior": 8.028507615787328, "rate": 8.06004333796437}, "datetime": {"datetime": "2024-04-09 03:00:09", "elapsed": 4.609178, "delta": 0.008609}}
{"target": -498.9027363704452, "params": {"gamma": 8.685012674911418, "prior": 6.729501338767777, "rate": 8.077980844288449}, "datetime": {"datetime": "2024-04-09 03:00:09", "elapsed": 4.617539, "delta": 0.008361}}
{"target": -515.7646663626945, "params": {"gamma": 8.9750853247459, "prior": 4.592916509851121, "rate": 5.578695211845391}, "datetime": {"datetime": "2024-04-09 03:00:09", "elapsed": 4.627549, "delta": 0.01001}}
{"target": -298.70837588423296, "params": {"gamma": 5.06180515715352, "prior": 6.9506406547897654, "rate": 6.829385769431119}, "datetime": {"datetime": "2024-04-09 03:00:09", "elapsed": 4.636505, "delta": 0.008956}}
{"target": -289.0212198499587, "params": {"gamma": 5.203616044997302, "prior": 8.301834666046165, "rate": 5.058288088511875}, "datetime": {"datetime": "2024-04-09 03:00:09", "elapsed": 4.645125, "delta": 0.00862}}
{"target": -426.5000389468161, "params": {"gamma": 8.248760765289934, "prior": 2.8902663726181053, "rate": 1.7857698349419049}, "datetime": {"datetime": "2024-04-09 03:00:09", "elapsed": 4.653759, "delta": 0.008634}}
{"target": -484.5971102453435, "params": {"gamma": 9.698735832876796, "prior": 7.44520130201516, "rate": 2.598657141350841}, "datetime": {"datetime": "2024-04-09 03:00:09", "elapsed": 4.664138, "delta": 0.010379}}
{"target": -431.7602816359037, "params": {"gamma": 5.8127721875694265, "prior": 9.557096310028049, "rate": 0.808458324212976}, "datetime": {"datetime": "2024-04-09 03:00:09", "elapsed": 4.672839, "delta": 0.008701}}
{"target": -131.14630542652134, "params": {"gamma": 0.8362585364103492, "prior": 6.229434831057081, "rate": 2.245710294880741}, "datetime": {"datetime": "2024-04-09 03:00:09", "elapsed": 4.681534, "delta": 0.008695}}
{"target": -440.87122784407353, "params": {"gamma": 7.652074383378348, "prior": 5.72471017519614, "rate": 6.66221471414473}, "datetime": {"datetime": "2024-04-09 03:00:09", "elapsed": 4.690243, "delta": 0.008709}}
{"target": -135.63565927746995, "params": {"gamma": 1.0790311940451294, "prior": 0.9344022092219122, "rate": 6.251585561986592}, "datetime": {"datetime": "2024-04-09 03:00:09", "elapsed": 4.700731, "delta": 0.010488}}
{"target": -303.8866720812209, "params": {"gamma": 4.097902880079071, "prior": 0.9637999863326198, "rate": 3.711268386216875}, "datetime": {"datetime": "2024-04-09 03:00:09", "elapsed": 4.709534, "delta": 0.008803}}
{"target": -488.7021634940326, "params": {"gamma": 6.72177195215883, "prior": 1.9769152618966988, "rate": 8.957395356178512}, "datetime": {"datetime": "2024-04-09 03:00:09", "elapsed": 4.718145, "delta": 0.008611}}
{"target": -499.00783649547213, "params": {"gamma": 9.498514042411992, "prior": 9.619568170101886, "rate": 7.301095494844863}, "datetime": {"datetime": "2024-04-09 03:00:09", "elapsed": 4.728569, "delta": 0.010424}}
{"target": -240.07996686703632, "params": {"gamma": 4.063477988455463, "prior": 7.463117043877074, "rate": 2.8805808058682407}, "datetime": {"datetime": "2024-04-09 03:00:09", "elapsed": 4.737324, "delta": 0.008755}}
{"target": -209.21507349872758, "params": {"gamma": 3.144857806685071, "prior": 6.098373976056793, "rate": 5.948876486945769}, "datetime": {"datetime": "2024-04-09 03:00:09", "elapsed": 4.746158, "delta": 0.008834}}
{"target": -595.5166720676885, "params": {"gamma": 8.786731102181795, "prior": 2.620547481039712, "rate": 7.662117463663015}, "datetime": {"datetime": "2024-04-09 03:00:09", "elapsed": 4.754917, "delta": 0.008759}}
{"target": -779.4900988790357, "params": {"gamma": 9.410191654922194, "prior": 0.11022603331157285, "rate": 4.761415090903047}, "datetime": {"datetime": "2024-04-09 03:00:09", "elapsed": 4.765486, "delta": 0.010569}}
{"target": -380.6558920461204, "params": {"gamma": 6.570746249918269, "prior": 8.448899817803273, "rate": 1.8382103793481412}, "datetime": {"datetime": "2024-04-09 03:00:09", "elapsed": 4.774244, "delta": 0.008758}}
{"target": -561.9347155307191, "params": {"gamma": 8.56173622063573, "prior": 3.7072182505845768, "rate": 8.922847018832448}, "datetime": {"datetime": "2024-04-09 03:00:09", "elapsed": 4.783117, "delta": 0.008873}}
{"target": -122.10760118417514, "params": {"gamma": 0.2780896894835276, "prior": 0.9453623773193891, "rate": 9.81412324707537}, "datetime": {"datetime": "2024-04-09 03:00:09", "elapsed": 4.792162, "delta": 0.009045}}
{"target": -324.32799264948903, "params": {"gamma": 6.095409755809193, "prior": 4.234560233460414, "rate": 1.6929726327522117}, "datetime": {"datetime": "2024-04-09 03:00:09", "elapsed": 4.802011, "delta": 0.009849}}
{"target": -493.42563648612975, "params": {"gamma": 6.499361629743811, "prior": 0.46605317675764246, "rate": 3.116827520693586}, "datetime": {"datetime": "2024-04-09 03:00:09", "elapsed": 4.810835, "delta": 0.008824}}
{"target": -215.20372672887157, "params": {"gamma": 3.2354684906937643, "prior": 6.11367474579408, "rate": 6.508661735500295}, "datetime": {"datetime": "2024-04-09 03:00:09", "elapsed": 4.819584, "delta": 0.008749}}
{"target": -444.4176528000445, "params": {"gamma": 8.460699937765456, "prior": 9.28305133171568, "rate": 6.604916818383386}, "datetime": {"datetime": "2024-04-09 03:00:09", "elapsed": 4.830087, "delta": 0.010503}}
{"target": -387.116867759588, "params": {"gamma": 5.782161010166973, "prior": 4.047283881927183, "rate": 9.666158313928777}, "datetime": {"datetime": "2024-04-09 03:00:09", "elapsed": 4.838708, "delta": 0.008621}}
{"target": -146.9090348257578, "params": {"gamma": 1.541637639151742, "prior": 8.96135940562162, "rate": 3.1108196657805305}, "datetime": {"datetime": "2024-04-09 03:00:09", "elapsed": 4.847522, "delta": 0.008814}}
{"target": -301.79732541743095, "params": {"gamma": 5.485342407571374, "prior": 6.852455958484867, "rate": 2.3654600436102275}, "datetime": {"datetime": "2024-04-09 03:00:09", "elapsed": 4.856151, "delta": 0.008629}}
{"target": -151.92918870647546, "params": {"gamma": 1.678199113817666, "prior": 5.133971932953198, "rate": 7.918846891971133}, "datetime": {"datetime": "2024-04-09 03:00:09", "elapsed": 4.866332, "delta": 0.010181}}
{"target": -527.2218041591892, "params": {"gamma": 6.9244522072085894, "prior": 1.277836038012847, "rate": 9.007521408502258}, "datetime": {"datetime": "2024-04-09 03:00:09", "elapsed": 4.875044, "delta": 0.008712}}
{"target": -270.68206002268266, "params": {"gamma": 4.797895932924502, "prior": 9.47209912447251, "rate": 5.53478362877641}, "datetime": {"datetime": "2024-04-09 03:00:09", "elapsed": 4.883465, "delta": 0.008421}}
{"target": -124.9469846414827, "params": {"gamma": 0.8489334147818686, "prior": 2.1043840531779026, "rate": 8.542525491190911}, "datetime": {"datetime": "2024-04-09 03:00:09", "elapsed": 4.892828, "delta": 0.009363}}
{"target": -367.3670642446366, "params": {"gamma": 7.0595677402804276, "prior": 8.95990124951395, "rate": 3.2921308719412035}, "datetime": {"datetime": "2024-04-09 03:00:09", "elapsed": 4.902323, "delta": 0.009495}}
{"target": -305.8549274995951, "params": {"gamma": 5.280485964979625, "prior": 6.538941511592786, "rate": 5.943314245013059}, "datetime": {"datetime": "2024-04-09 03:00:09", "elapsed": 4.911039, "delta": 0.008716}}
{"target": -169.70956522029132, "params": {"gamma": 2.315397892406944, "prior": 4.325531359537532, "rate": 2.481866529137688}, "datetime": {"datetime": "2024-04-09 03:00:09", "elapsed": 4.919471, "delta": 0.008432}}
{"target": -637.4922631127971, "params": {"gamma": 8.456304007349223, "prior": 9.868106705184019, "rate": 0.6666414605206605}, "datetime": {"datetime": "2024-04-09 03:00:09", "elapsed": 4.92989, "delta": 0.010419}}
{"target": -451.04004516083364, "params": {"gamma": 7.139566394637347, "prior": 3.3681439667708357, "rate": 6.254728347736019}, "datetime": {"datetime": "2024-04-09 03:00:09", "elapsed": 4.938499, "delta": 0.008609}}
{"target": -179.79348788798242, "params": {"gamma": 2.582038363169428, "prior": 6.5449753321541015, "rate": 3.7121006974428328}, "datetime": {"datetime": "2024-04-09 03:00:09", "elapsed": 4.947003, "delta": 0.008504}}
{"target": -201.66127812738245, "params": {"gamma": 2.9489139744901, "prior": 9.126455419608208, "rate": 9.425046243387849}, "datetime": {"datetime": "2024-04-09 03:00:09", "elapsed": 4.955466, "delta": 0.008463}}
{"target": -444.03397532871327, "params": {"gamma": 6.135886715574795, "prior": 2.223231030223857, "rate": 9.394249290190688}, "datetime": {"datetime": "2024-04-09 03:00:09", "elapsed": 4.966916, "delta": 0.01145}}
{"target": -401.2796420316476, "params": {"gamma": 7.504785013686519, "prior": 7.53578909249578, "rate": 2.1180016271500137}, "datetime": {"datetime": "2024-04-09 03:00:09", "elapsed": 4.975663, "delta": 0.008747}}
{"target": -550.8794500100702, "params": {"gamma": 8.30173510509683, "prior": 2.47694202619598, "rate": 6.316575831756353}, "datetime": {"datetime": "2024-04-09 03:00:09", "elapsed": 4.984196, "delta": 0.008533}}
{"target": -369.1586470757064, "params": {"gamma": 7.107684959425964, "prior": 7.449595954100307, "rate": 3.9032567812912102}, "datetime": {"datetime": "2024-04-09 03:00:09", "elapsed": 4.99394, "delta": 0.009744}}
{"target": -398.9586894703972, "params": {"gamma": 7.598494141764259, "prior": 9.039065431004929, "rate": 5.8746127723565325}, "datetime": {"datetime": "2024-04-09 03:00:09", "elapsed": 5.002605, "delta": 0.008665}}
{"target": -125.25070832526545, "params": {"gamma": 0.9050067472322914, "prior": 1.376862243008533, "rate": 1.0535200041012063}, "datetime": {"datetime": "2024-04-09 03:00:09", "elapsed": 5.011316, "delta": 0.008711}}
{"target": -167.78255351638109, "params": {"gamma": 1.7281019057654774, "prior": 1.3516658138678819, "rate": 7.783230599786209}, "datetime": {"datetime": "2024-04-09 03:00:09", "elapsed": 5.020131, "delta": 0.008815}}
{"target": -119.66946687837965, "params": {"gamma": 0.39507571033225836, "prior": 2.491428331674554, "rate": 8.790784947183296}, "datetime": {"datetime": "2024-04-09 03:00:09", "elapsed": 5.030152, "delta": 0.010021}}
{"target": -589.0750703162008, "params": {"gamma": 9.7352150895021, "prior": 6.093677876497776, "rate": 9.762406407339324}, "datetime": {"datetime": "2024-04-09 03:00:09", "elapsed": 5.038783, "delta": 0.008631}}
{"target": -132.41173185883045, "params": {"gamma": 0.43547196560805285, "prior": 9.490870406922475, "rate": 3.113649528479215}, "datetime": {"datetime": "2024-04-09 03:00:09", "elapsed": 5.047618, "delta": 0.008835}}
{"target": -450.7758245950472, "params": {"gamma": 7.989929430775569, "prior": 8.125228124124325, "rate": 8.600125917211868}, "datetime": {"datetime": "2024-04-09 03:00:09", "elapsed": 5.056509, "delta": 0.008891}}
{"target": -271.66415145443995, "params": {"gamma": 4.586049558214109, "prior": 9.313379482437938, "rate": 2.579671951285972}, "datetime": {"datetime": "2024-04-09 03:00:09", "elapsed": 5.066269, "delta": 0.00976}}
{"target": -564.8818830933134, "params": {"gamma": 9.344520479803316, "prior": 6.229284369191439, "rate": 9.85446370453336}, "datetime": {"datetime": "2024-04-09 03:00:09", "elapsed": 5.074883, "delta": 0.008614}}
{"target": -126.71159424002856, "params": {"gamma": 0.3274060157599613, "prior": 7.279149922443812, "rate": 5.655976799568431}, "datetime": {"datetime": "2024-04-09 03:00:09", "elapsed": 5.083433, "delta": 0.00855}}
{"target": -301.87173809628234, "params": {"gamma": 4.924748049935798, "prior": 2.6662594439422964, "rate": 3.268980017978885}, "datetime": {"datetime": "2024-04-09 03:00:09", "elapsed": 5.092865, "delta": 0.009432}}
{"target": -204.26236792073368, "params": {"gamma": 2.495372604807176, "prior": 2.270752312218102, "rate": 7.996808714410864}, "datetime": {"datetime": "2024-04-09 03:00:09", "elapsed": 5.101917, "delta": 0.009052}}
{"target": -393.9895981579296, "params": {"gamma": 5.024447663976686, "prior": 0.9235798981002775, "rate": 7.770064936081777}, "datetime": {"datetime": "2024-04-09 03:00:09", "elapsed": 5.110174, "delta": 0.008257}}
{"target": -298.41951137754546, "params": {"gamma": 5.336957111761226, "prior": 7.419939094729182, "rate": 5.154421537738071}, "datetime": {"datetime": "2024-04-09 03:00:09", "elapsed": 5.118626, "delta": 0.008452}}
{"target": -371.02640577886007, "params": {"gamma": 4.0000592939273325, "prior": 9.86384314611932, "rate": 0.2833979590089639}, "datetime": {"datetime": "2024-04-09 03:00:09", "elapsed": 5.128959, "delta": 0.010333}}
{"target": -464.06607790232476, "params": {"gamma": 9.327706315740619, "prior": 9.315464180823684, "rate": 3.909796196303079}, "datetime": {"datetime": "2024-04-09 03:00:09", "elapsed": 5.137545, "delta": 0.008586}}
{"target": -170.25968657190117, "params": {"gamma": 2.145434246462065, "prior": 6.230211649539066, "rate": 1.7805453823662243}, "datetime": {"datetime": "2024-04-09 03:00:09", "elapsed": 5.146104, "delta": 0.008559}}
{"target": -457.2040191462252, "params": {"gamma": 8.032278735085756, "prior": 2.613945173189579, "rate": 2.9087707441717465}, "datetime": {"datetime": "2024-04-09 03:00:09", "elapsed": 5.154828, "delta": 0.008724}}
{"target": -466.34263428947975, "params": {"gamma": 9.15924198430956, "prior": 9.038876651396649, "rate": 5.354273536413487}, "datetime": {"datetime": "2024-04-09 03:00:09", "elapsed": 5.164976, "delta": 0.010148}}
{"target": -580.2407530816837, "params": {"gamma": 8.628526966805577, "prior": 3.5900724311701118, "rate": 9.978844897970799}, "datetime": {"datetime": "2024-04-09 03:00:09", "elapsed": 5.173562, "delta": 0.008586}}
{"target": -302.12393247717023, "params": {"gamma": 4.337463704310366, "prior": 3.0186389168051044, "rate": 0.4167007652577235}, "datetime": {"datetime": "2024-04-09 03:00:09", "elapsed": 5.182067, "delta": 0.008505}}
{"target": -595.490256056989, "params": {"gamma": 9.897079830913631, "prior": 4.702387546027041, "rate": 7.346115555489657}, "datetime": {"datetime": "2024-04-09 03:00:09", "elapsed": 5.190806, "delta": 0.008739}}
{"target": -488.2241254670457, "params": {"gamma": 6.408435432834701, "prior": 7.258624656693496, "rate": 0.5120579273573367}, "datetime": {"datetime": "2024-04-09 03:00:09", "elapsed": 5.200299, "delta": 0.009493}}
{"target": -468.4978327538449, "params": {"gamma": 9.200534008691728, "prior": 9.275728057232191, "rate": 5.520398276514817}, "datetime": {"datetime": "2024-04-09 03:00:09", "elapsed": 5.208605, "delta": 0.008306}}
{"target": -614.5140246942536, "params": {"gamma": 9.639194970956826, "prior": 2.881459816204638, "rate": 6.0218641247383164}, "datetime": {"datetime": "2024-04-09 03:00:10", "elapsed": 5.217075, "delta": 0.00847}}
{"target": -234.4737859626695, "params": {"gamma": 3.9652304378361865, "prior": 6.317429994376759, "rate": 3.0070222529489574}, "datetime": {"datetime": "2024-04-09 03:00:10", "elapsed": 5.226655, "delta": 0.00958}}
{"target": -417.8279735434197, "params": {"gamma": 8.193764488175546, "prior": 0.7908811871916644, "rate": 0.4197338254296628}, "datetime": {"datetime": "2024-04-09 03:00:10", "elapsed": 5.235443, "delta": 0.008788}}
{"target": -119.01252161625641, "params": {"gamma": 0.49491444994850975, "prior": 1.5895047808398683, "rate": 3.954109387473109}, "datetime": {"datetime": "2024-04-09 03:00:10", "elapsed": 5.243899, "delta": 0.008456}}
{"target": -703.7659340965815, "params": {"gamma": 9.553944502582489, "prior": 1.1968748529899662, "rate": 6.475882305178456}, "datetime": {"datetime": "2024-04-09 03:00:10", "elapsed": 5.252344, "delta": 0.008445}}
{"target": -290.2900001618339, "params": {"gamma": 5.276687463055037, "prior": 3.5970998192322843, "rate": 1.9827940939725983}, "datetime": {"datetime": "2024-04-09 03:00:10", "elapsed": 5.262575, "delta": 0.010231}}
{"target": -204.13530301499705, "params": {"gamma": 2.20672022439151, "prior": 0.5338329462987547, "rate": 7.131926567624986}, "datetime": {"datetime": "2024-04-09 03:00:10", "elapsed": 5.2712, "delta": 0.008625}}
{"target": -404.7105186964479, "params": {"gamma": 6.538748151763354, "prior": 4.493320947974752, "rate": 7.189675941410347}, "datetime": {"datetime": "2024-04-09 03:00:10", "elapsed": 5.279691, "delta": 0.008491}}
{"target": -129.16544252907025, "params": {"gamma": 1.100649748480759, "prior": 9.393319816352417, "rate": 8.476419465684636}, "datetime": {"datetime": "2024-04-09 03:00:10", "elapsed": 5.288222, "delta": 0.008531}}
{"target": -380.1476612178219, "params": {"gamma": 6.590697560999168, "prior": 3.8504285697511453, "rate": 4.16625072341846}, "datetime": {"datetime": "2024-04-09 03:00:10", "elapsed": 5.298409, "delta": 0.010187}}
{"target": -284.70802360224707, "params": {"gamma": 4.822057067652517, "prior": 9.359309323067325, "rate": 8.636065956226108}, "datetime": {"datetime": "2024-04-09 03:00:10", "elapsed": 5.306842, "delta": 0.008433}}
{"target": -305.881709519147, "params": {"gamma": 4.779760568316378, "prior": 5.589733132953853, "rate": 8.754163218930938}, "datetime": {"datetime": "2024-04-09 03:00:10", "elapsed": 5.315426, "delta": 0.008584}}
{"target": -539.3660709116749, "params": {"gamma": 9.492695073289129, "prior": 6.427929083095635, "rate": 7.485454680577448}, "datetime": {"datetime": "2024-04-09 03:00:10", "elapsed": 5.324603, "delta": 0.009177}}
{"target": -224.26714895164378, "params": {"gamma": 3.516897438698066, "prior": 9.188480358953182, "rate": 8.367683746488458}, "datetime": {"datetime": "2024-04-09 03:00:10", "elapsed": 5.334363, "delta": 0.00976}}
{"target": -320.817997608306, "params": {"gamma": 5.521006756366404, "prior": 8.68950937519022, "rate": 8.498868942521883}, "datetime": {"datetime": "2024-04-09 03:00:10", "elapsed": 5.342806, "delta": 0.008443}}
{"target": -572.1053355515097, "params": {"gamma": 8.084305154704811, "prior": 1.393858961534142, "rate": 5.3604897456433}, "datetime": {"datetime": "2024-04-09 03:00:10", "elapsed": 5.35137, "delta": 0.008564}}
{"target": -455.4708791978587, "params": {"gamma": 9.007930363954452, "prior": 7.73123512248292, "rate": 4.207711277052893}, "datetime": {"datetime": "2024-04-09 03:00:10", "elapsed": 5.361513, "delta": 0.010143}}
{"target": -566.4628877405427, "params": {"gamma": 9.778826053206298, "prior": 2.5826542510627224, "rate": 3.336768678250129}, "datetime": {"datetime": "2024-04-09 03:00:10", "elapsed": 5.37025, "delta": 0.008737}}
{"target": -536.9986804915739, "params": {"gamma": 9.54205087378846, "prior": 8.106281947034368, "rate": 9.003499705102108}, "datetime": {"datetime": "2024-04-09 03:00:10", "elapsed": 5.378539, "delta": 0.008289}}
{"target": -137.0088957772344, "params": {"gamma": 0.11688430450954196, "prior": 3.859667887036548, "rate": 2.355984044142083}, "datetime": {"datetime": "2024-04-09 03:00:10", "elapsed": 5.386722, "delta": 0.008183}}
{"target": -201.10722609235557, "params": {"gamma": 2.9600545838222256, "prior": 7.406155414398024, "rate": 7.241124363795878}, "datetime": {"datetime": "2024-04-09 03:00:10", "elapsed": 5.396514, "delta": 0.009792}}
{"target": -297.40779788529, "params": {"gamma": 4.618532302580416, "prior": 3.716217165950228, "rate": 5.847331438432254}, "datetime": {"datetime": "2024-04-09 03:00:10", "elapsed": 5.404869, "delta": 0.008355}}
{"target": -317.9086066149172, "params": {"gamma": 5.33754383858813, "prior": 5.550737634177834, "rate": 6.155155234075464}, "datetime": {"datetime": "2024-04-09 03:00:10", "elapsed": 5.413011, "delta": 0.008142}}
