{"target": -532.4514583661589, "params": {"gamma": 6.309961044194965, "prior": 9.811144389930757, "rate": 8.749150609572597}, "datetime": {"datetime": "2024-04-08 10:47:55", "elapsed": 2.548615, "delta": 0.008638}}
{"target": -408.9521713543627, "params": {"gamma": 4.518910657959286, "prior": 7.113762613512001, "rate": 7.77491003128189}, "datetime": {"datetime": "2024-04-08 10:47:55", "elapsed": 2.557443, "delta": 0.008828}}
{"target": -352.78840120572926, "params": {"gamma": 4.9489359987414545, "prior": 5.332481552757894, "rate": 1.5086931993235537}, "datetime": {"datetime": "2024-04-08 10:47:55", "elapsed": 2.565903, "delta": 0.00846}}
{"target": -432.497956240566, "params": {"gamma": 3.6946298561934507, "prior": 1.5079904054205882, "rate": 7.269210639692282}, "datetime": {"datetime": "2024-04-08 10:47:55", "elapsed": 2.574591, "delta": 0.008688}}
{"target": -474.18267190203125, "params": {"gamma": 4.770652931028231, "prior": 4.543900483396978, "rate": 8.860093713682348}, "datetime": {"datetime": "2024-04-08 10:47:55", "elapsed": 2.583249, "delta": 0.008658}}
{"target": -427.0891395747087, "params": {"gamma": 5.2766601043433035, "prior": 4.149999235976913, "rate": 2.6896513301042457}, "datetime": {"datetime": "2024-04-08 10:47:55", "elapsed": 2.591801, "delta": 0.008552}}
{"target": -149.8385349746165, "params": {"gamma": 0.7210483396625298, "prior": 4.239547723880626, "rate": 0.25850907058342715}, "datetime": {"datetime": "2024-04-08 10:47:55", "elapsed": 2.599923, "delta": 0.008122}}
{"target": -314.7442796441312, "params": {"gamma": 2.912248251583728, "prior": 5.084744147499125, "rate": 9.659364717132203}, "datetime": {"datetime": "2024-04-08 10:47:55", "elapsed": 2.607973, "delta": 0.00805}}
{"target": -171.0436998991513, "params": {"gamma": 1.0947197590216522, "prior": 6.7631064367445575, "rate": 4.999823778620901}, "datetime": {"datetime": "2024-04-08 10:47:55", "elapsed": 2.616359, "delta": 0.008386}}
{"target": -594.1100878682485, "params": {"gamma": 7.771205194528555, "prior": 1.521709278954672, "rate": 0.8329431617223197}, "datetime": {"datetime": "2024-04-08 10:47:55", "elapsed": 2.624781, "delta": 0.008422}}
{"target": -290.23543498577385, "params": {"gamma": 3.9927868349191855, "prior": 7.989926294601011, "rate": 1.917565713359991}, "datetime": {"datetime": "2024-04-08 10:47:55", "elapsed": 2.632794, "delta": 0.008013}}
{"target": -618.2947471072328, "params": {"gamma": 7.678004144280593, "prior": 2.9739501709124956, "rate": 2.1696979846303415}, "datetime": {"datetime": "2024-04-08 10:47:55", "elapsed": 2.641212, "delta": 0.008418}}
{"target": -144.72159792989592, "params": {"gamma": 0.1681391751809873, "prior": 4.046724693231549, "rate": 3.8114338314432303}, "datetime": {"datetime": "2024-04-08 10:47:55", "elapsed": 2.649732, "delta": 0.00852}}
{"target": -634.4471719142999, "params": {"gamma": 6.593790017017453, "prior": 0.8020921646568335, "rate": 1.5268872664356763}, "datetime": {"datetime": "2024-04-08 10:47:55", "elapsed": 2.658319, "delta": 0.008587}}
{"target": -146.0294431431408, "params": {"gamma": 0.16674225312644053, "prior": 1.2265839288293277, "rate": 6.518240970824895}, "datetime": {"datetime": "2024-04-08 10:47:55", "elapsed": 2.666721, "delta": 0.008402}}
{"target": -400.357683979081, "params": {"gamma": 4.027165864897017, "prior": 3.278160510256427, "rate": 5.579562030443482}, "datetime": {"datetime": "2024-04-08 10:47:55", "elapsed": 2.67497, "delta": 0.008249}}
{"target": -813.3870926089053, "params": {"gamma": 9.9346111705354, "prior": 8.361416488778493, "rate": 6.99653220081344}, "datetime": {"datetime": "2024-04-08 10:47:55", "elapsed": 2.683604, "delta": 0.008634}}
{"target": -827.6767903485131, "params": {"gamma": 9.182667632731448, "prior": 0.4933141961625397, "rate": 0.7042640827136369}, "datetime": {"datetime": "2024-04-08 10:47:55", "elapsed": 2.692189, "delta": 0.008585}}
{"target": -494.9387766429743, "params": {"gamma": 4.740588893590559, "prior": 3.5567573882750656, "rate": 9.37258336922236}, "datetime": {"datetime": "2024-04-08 10:47:55", "elapsed": 2.700402, "delta": 0.008213}}
{"target": -471.398566664276, "params": {"gamma": 4.896160046490541, "prior": 5.442526189924171, "rate": 8.952708396946477}, "datetime": {"datetime": "2024-04-08 10:47:55", "elapsed": 2.708684, "delta": 0.008282}}
{"target": -324.8941282513218, "params": {"gamma": 4.466903823191082, "prior": 8.782640453776484, "rate": 2.536563911966912}, "datetime": {"datetime": "2024-04-08 10:47:55", "elapsed": 2.717339, "delta": 0.008655}}
{"target": -294.0842142533638, "params": {"gamma": 2.7388232318769274, "prior": 3.3507777618671426, "rate": 5.476095140539054}, "datetime": {"datetime": "2024-04-08 10:47:55", "elapsed": 2.725901, "delta": 0.008562}}
{"target": -198.5582661466783, "params": {"gamma": 2.2020666115957854, "prior": 6.747148793704605, "rate": 1.4287900347472011}, "datetime": {"datetime": "2024-04-08 10:47:55", "elapsed": 2.734227, "delta": 0.008326}}
{"target": -157.44076978856504, "params": {"gamma": 0.9419086447218946, "prior": 8.714898287433238, "rate": 2.3694501668664283}, "datetime": {"datetime": "2024-04-08 10:47:55", "elapsed": 2.742862, "delta": 0.008635}}
{"target": -347.22691376536386, "params": {"gamma": 3.8606541062149327, "prior": 5.758266717980789, "rate": 5.258493897544749}, "datetime": {"datetime": "2024-04-08 10:47:55", "elapsed": 2.751741, "delta": 0.008879}}
{"target": -161.52280896981506, "params": {"gamma": 0.7611627705416266, "prior": 8.75384676242048, "rate": 9.511405048568502}, "datetime": {"datetime": "2024-04-08 10:47:55", "elapsed": 2.760116, "delta": 0.008375}}
{"target": -766.8744901651396, "params": {"gamma": 8.125260534442543, "prior": 2.9096381659740556, "rate": 5.278940114383477}, "datetime": {"datetime": "2024-04-08 10:47:55", "elapsed": 2.768017, "delta": 0.007901}}
{"target": -349.45924339307714, "params": {"gamma": 3.394827823452077, "prior": 5.5912063767979, "rate": 9.744060285661112}, "datetime": {"datetime": "2024-04-08 10:47:55", "elapsed": 2.775971, "delta": 0.007954}}
{"target": -266.4122755008619, "params": {"gamma": 3.1177174742720952, "prior": 6.72108639863641, "rate": 3.26034610588255}, "datetime": {"datetime": "2024-04-08 10:47:55", "elapsed": 2.784233, "delta": 0.008262}}
{"target": -781.125824942324, "params": {"gamma": 7.744998182884782, "prior": 3.325518669470728, "rate": 8.898383587132303}, "datetime": {"datetime": "2024-04-08 10:47:55", "elapsed": 2.79263, "delta": 0.008397}}
{"target": -587.4296194628785, "params": {"gamma": 7.51732550147175, "prior": 7.650057744906595, "rate": 4.695320806570698}, "datetime": {"datetime": "2024-04-08 10:47:55", "elapsed": 2.800531, "delta": 0.007901}}
{"target": -287.79353917811505, "params": {"gamma": 2.108434260184585, "prior": 0.5106032878073389, "rate": 3.218966170902475}, "datetime": {"datetime": "2024-04-08 10:47:55", "elapsed": 2.808701, "delta": 0.00817}}
{"target": -148.6948686990598, "params": {"gamma": 0.3720895322754502, "prior": 6.969168572601607, "rate": 6.703829969329749}, "datetime": {"datetime": "2024-04-08 10:47:55", "elapsed": 2.817074, "delta": 0.008373}}
{"target": -362.455379774674, "params": {"gamma": 4.305287355667006, "prior": 7.701110878815912, "rate": 5.360548938900898}, "datetime": {"datetime": "2024-04-08 10:47:55", "elapsed": 2.825482, "delta": 0.008408}}
{"target": -150.34288053349104, "params": {"gamma": 0.3995594064278903, "prior": 1.4344518678107228, "rate": 1.9349705737501688}, "datetime": {"datetime": "2024-04-08 10:47:55", "elapsed": 2.833706, "delta": 0.008224}}
{"target": -426.33937975790326, "params": {"gamma": 3.357302347845333, "prior": 0.6178981697310199, "rate": 6.051562688223163}, "datetime": {"datetime": "2024-04-08 10:47:55", "elapsed": 2.841633, "delta": 0.007927}}
{"target": -421.1111733553687, "params": {"gamma": 5.121098214211664, "prior": 6.212864018969845, "rate": 4.324123592048677}, "datetime": {"datetime": "2024-04-08 10:47:55", "elapsed": 2.850066, "delta": 0.008433}}
{"target": -465.7847326442676, "params": {"gamma": 8.47715698190614, "prior": 4.595184654985598, "rate": 0.15501979439941704}, "datetime": {"datetime": "2024-04-08 10:47:55", "elapsed": 2.858557, "delta": 0.008491}}
{"target": -769.8995170687232, "params": {"gamma": 8.730808416322548, "prior": 6.596395322666579, "rate": 8.23020740344406}, "datetime": {"datetime": "2024-04-08 10:47:55", "elapsed": 2.866751, "delta": 0.008194}}
{"target": -1007.0911727341899, "params": {"gamma": 9.517805154645483, "prior": 0.6040325968171834, "rate": 2.3514835690460547}, "datetime": {"datetime": "2024-04-08 10:47:55", "elapsed": 2.87492, "delta": 0.008169}}
{"target": -160.73382155854455, "params": {"gamma": 0.6343710911199417, "prior": 4.274413071721264, "rate": 8.638427625869019}, "datetime": {"datetime": "2024-04-08 10:47:55", "elapsed": 2.883359, "delta": 0.008439}}
{"target": -154.26942963582422, "params": {"gamma": 0.817158203167966, "prior": 4.783808333570197, "rate": 1.2563055549774276}, "datetime": {"datetime": "2024-04-08 10:47:55", "elapsed": 2.891784, "delta": 0.008425}}
{"target": -436.9867183846127, "params": {"gamma": 7.729083136069011, "prior": 8.43007935227885, "rate": 0.4338660909233998}, "datetime": {"datetime": "2024-04-08 10:47:55", "elapsed": 2.89996, "delta": 0.008176}}
{"target": -535.0611762017763, "params": {"gamma": 4.864920990960778, "prior": 2.470169336963784, "rate": 9.5247853431509}, "datetime": {"datetime": "2024-04-08 10:47:55", "elapsed": 2.908007, "delta": 0.008047}}
{"target": -864.7122581972986, "params": {"gamma": 9.438982385210178, "prior": 6.1779466236085385, "rate": 9.734900485854638}, "datetime": {"datetime": "2024-04-08 10:47:55", "elapsed": 2.91623, "delta": 0.008223}}
{"target": -286.3762856672626, "params": {"gamma": 3.4492685758187935, "prior": 8.98872210491005, "rate": 4.346515139111687}, "datetime": {"datetime": "2024-04-08 10:47:55", "elapsed": 2.92475, "delta": 0.00852}}
{"target": -235.93363548002634, "params": {"gamma": 2.35891055683799, "prior": 9.414196835693854, "rate": 6.842496291781293}, "datetime": {"datetime": "2024-04-08 10:47:55", "elapsed": 2.93268, "delta": 0.00793}}
{"target": -155.60367902280979, "params": {"gamma": 0.6500509418059542, "prior": 8.717206082548355, "rate": 7.01410156603883}, "datetime": {"datetime": "2024-04-08 10:47:55", "elapsed": 2.940627, "delta": 0.007947}}
{"target": -434.0183707210143, "params": {"gamma": 6.049663802869843, "prior": 7.350511501875372, "rate": 2.535136985955308}, "datetime": {"datetime": "2024-04-08 10:47:55", "elapsed": 2.948657, "delta": 0.00803}}
{"target": -358.7696159863382, "params": {"gamma": 6.00528906379017, "prior": 8.164729894490387, "rate": 0.542082489579675}, "datetime": {"datetime": "2024-04-08 10:47:55", "elapsed": 2.957213, "delta": 0.008556}}
{"target": -180.07294807705068, "params": {"gamma": 1.3059762027213204, "prior": 8.440213518568495, "rate": 6.183840347409528}, "datetime": {"datetime": "2024-04-08 10:47:55", "elapsed": 2.965167, "delta": 0.007954}}
{"target": -476.38763301384347, "params": {"gamma": 5.3133468170001, "prior": 2.558078217071276, "rate": 2.9514906739197095}, "datetime": {"datetime": "2024-04-08 10:47:56", "elapsed": 2.973448, "delta": 0.008281}}
{"target": -536.8668540656315, "params": {"gamma": 8.726988963029699, "prior": 4.274492755012122, "rate": 0.6452381255404884}, "datetime": {"datetime": "2024-04-08 10:47:56", "elapsed": 2.982209, "delta": 0.008761}}
{"target": -951.4384592437723, "params": {"gamma": 8.969953710006317, "prior": 2.1134702449581058, "rate": 8.262449127388422}, "datetime": {"datetime": "2024-04-08 10:47:56", "elapsed": 2.990883, "delta": 0.008674}}
{"target": -773.8861098058551, "params": {"gamma": 8.81782446020499, "prior": 4.918832373701547, "rate": 5.98504846635326}, "datetime": {"datetime": "2024-04-08 10:47:56", "elapsed": 2.999112, "delta": 0.008229}}
{"target": -487.23108653181976, "params": {"gamma": 5.273147297397685, "prior": 6.28573081243644, "rate": 8.550562171752167}, "datetime": {"datetime": "2024-04-08 10:47:56", "elapsed": 3.007441, "delta": 0.008329}}
{"target": -259.48643092469524, "params": {"gamma": 2.8221123446002014, "prior": 8.849179530987948, "rate": 5.677335610861374}, "datetime": {"datetime": "2024-04-08 10:47:56", "elapsed": 3.016223, "delta": 0.008782}}
{"target": -191.70415421898608, "params": {"gamma": 1.151915306628067, "prior": 2.347311535625114, "rate": 5.960227873744525}, "datetime": {"datetime": "2024-04-08 10:47:56", "elapsed": 3.024761, "delta": 0.008538}}
{"target": -254.81881296281307, "params": {"gamma": 2.395222922809899, "prior": 1.4010150393208598, "rate": 1.6193152935242277}, "datetime": {"datetime": "2024-04-08 10:47:56", "elapsed": 3.033007, "delta": 0.008246}}
{"target": -778.2061392645891, "params": {"gamma": 8.448880309839154, "prior": 6.061618173537837, "rate": 9.635707304796231}, "datetime": {"datetime": "2024-04-08 10:47:56", "elapsed": 3.041238, "delta": 0.008231}}
{"target": -323.01670932501304, "params": {"gamma": 3.4574464537469587, "prior": 5.996688471536002, "rate": 5.9902539044452245}, "datetime": {"datetime": "2024-04-08 10:47:56", "elapsed": 3.049769, "delta": 0.008531}}
{"target": -740.0170718826216, "params": {"gamma": 6.157427167752284, "prior": 0.6858543511386517, "rate": 7.503421528562285}, "datetime": {"datetime": "2024-04-08 10:47:56", "elapsed": 3.058342, "delta": 0.008573}}
{"target": -667.1625836122313, "params": {"gamma": 9.482146772378064, "prior": 5.393322666077928, "rate": 1.926367653529729}, "datetime": {"datetime": "2024-04-08 10:47:56", "elapsed": 3.066524, "delta": 0.008182}}
{"target": -926.4476651776272, "params": {"gamma": 7.529506223884443, "prior": 0.17245779634585162, "rate": 3.2832327804041577}, "datetime": {"datetime": "2024-04-08 10:47:56", "elapsed": 3.074698, "delta": 0.008174}}
{"target": -828.6944192836476, "params": {"gamma": 9.176145870096288, "prior": 5.92483659564938, "rate": 8.55204764875745}, "datetime": {"datetime": "2024-04-08 10:47:56", "elapsed": 3.083354, "delta": 0.008656}}
{"target": -528.6202020425644, "params": {"gamma": 6.047115851439529, "prior": 8.243523709986324, "rate": 8.79495575076974}, "datetime": {"datetime": "2024-04-08 10:47:56", "elapsed": 3.091965, "delta": 0.008611}}
{"target": -390.2073864521188, "params": {"gamma": 3.210542758870008, "prior": 1.3172522383665672, "rate": 7.213312138521522}, "datetime": {"datetime": "2024-04-08 10:47:56", "elapsed": 3.100212, "delta": 0.008247}}
{"target": -497.4153430389877, "params": {"gamma": 4.404030521225552, "prior": 1.3546835205058854, "rate": 5.898646657450783}, "datetime": {"datetime": "2024-04-08 10:47:56", "elapsed": 3.108653, "delta": 0.008441}}
{"target": -151.95532441570646, "params": {"gamma": 0.36164707738402946, "prior": 2.0818029524687707, "rate": 7.883223595490022}, "datetime": {"datetime": "2024-04-08 10:47:56", "elapsed": 3.117328, "delta": 0.008675}}
{"target": -143.30199737640666, "params": {"gamma": 0.12195550339356331, "prior": 3.1031221499148343, "rate": 0.2147382349196191}, "datetime": {"datetime": "2024-04-08 10:47:56", "elapsed": 3.125856, "delta": 0.008528}}
{"target": -744.5859438576134, "params": {"gamma": 9.974852442290567, "prior": 5.862096765800271, "rate": 2.93446940858208}, "datetime": {"datetime": "2024-04-08 10:47:56", "elapsed": 3.133874, "delta": 0.008018}}
{"target": -769.9120989130531, "params": {"gamma": 9.289565669469264, "prior": 5.120482293127225, "rate": 4.547467583296517}, "datetime": {"datetime": "2024-04-08 10:47:56", "elapsed": 3.142355, "delta": 0.008481}}
{"target": -519.9735689100582, "params": {"gamma": 5.879127191455569, "prior": 2.7149626776846394, "rate": 3.0535777051749857}, "datetime": {"datetime": "2024-04-08 10:47:56", "elapsed": 3.151101, "delta": 0.008746}}
{"target": -393.637615828317, "params": {"gamma": 3.7171741126651003, "prior": 2.520035193778948, "rate": 5.845888113900182}, "datetime": {"datetime": "2024-04-08 10:47:56", "elapsed": 3.159572, "delta": 0.008471}}
{"target": -836.1059369727915, "params": {"gamma": 6.958765493189333, "prior": 0.8122774796236112, "rate": 9.710862112935013}, "datetime": {"datetime": "2024-04-08 10:47:56", "elapsed": 3.167911, "delta": 0.008339}}
{"target": -633.9876347748963, "params": {"gamma": 7.53095348803868, "prior": 8.081015313238742, "rate": 7.516652400408825}, "datetime": {"datetime": "2024-04-08 10:47:56", "elapsed": 3.176144, "delta": 0.008233}}
{"target": -161.67266399728848, "params": {"gamma": 0.8015297117349018, "prior": 4.868793201909653, "rate": 4.457283891060159}, "datetime": {"datetime": "2024-04-08 10:47:56", "elapsed": 3.18493, "delta": 0.008786}}
{"target": -623.7688746619621, "params": {"gamma": 6.725054032598774, "prior": 4.5424988623607865, "rate": 7.043429670440712}, "datetime": {"datetime": "2024-04-08 10:47:56", "elapsed": 3.193449, "delta": 0.008519}}
{"target": -571.4853700481473, "params": {"gamma": 6.816771730688627, "prior": 7.001770434652286, "rate": 6.186388824872803}, "datetime": {"datetime": "2024-04-08 10:47:56", "elapsed": 3.201746, "delta": 0.008297}}
{"target": -196.46235709193013, "params": {"gamma": 1.5106563520631782, "prior": 7.631944317426985, "rate": 7.810677176117377}, "datetime": {"datetime": "2024-04-08 10:47:56", "elapsed": 3.209982, "delta": 0.008236}}
{"target": -724.454834662729, "params": {"gamma": 9.041125756152136, "prior": 2.414310056780649, "rate": 1.7676122518303419}, "datetime": {"datetime": "2024-04-08 10:47:56", "elapsed": 3.218841, "delta": 0.008859}}
{"target": -415.33582603665565, "params": {"gamma": 3.9116001319445175, "prior": 3.2735900745520863, "rate": 8.154953813127257}, "datetime": {"datetime": "2024-04-08 10:47:56", "elapsed": 3.227504, "delta": 0.008663}}
{"target": -477.6002007345978, "params": {"gamma": 6.135645470784649, "prior": 7.624017348262513, "rate": 4.277223331869946}, "datetime": {"datetime": "2024-04-08 10:47:56", "elapsed": 3.235918, "delta": 0.008414}}
{"target": -183.96222186150894, "params": {"gamma": 0.9953061885929767, "prior": 1.238846619297438, "rate": 3.734697910240216}, "datetime": {"datetime": "2024-04-08 10:47:56", "elapsed": 3.244591, "delta": 0.008673}}
{"target": -211.95297855733966, "params": {"gamma": 1.939283827327562, "prior": 8.225390336367088, "rate": 5.996760448228745}, "datetime": {"datetime": "2024-04-08 10:47:56", "elapsed": 3.253484, "delta": 0.008893}}
{"target": -442.0001090635999, "params": {"gamma": 6.888763744927632, "prior": 4.9619886169125325, "rate": 0.8826486387405684}, "datetime": {"datetime": "2024-04-08 10:47:56", "elapsed": 3.261839, "delta": 0.008355}}
{"target": -219.4592282868685, "params": {"gamma": 2.351541289225017, "prior": 4.669860600827058, "rate": 1.9867164390362086}, "datetime": {"datetime": "2024-04-08 10:47:56", "elapsed": 3.270295, "delta": 0.008456}}
{"target": -146.27030883979515, "params": {"gamma": 0.2557368815524242, "prior": 7.321037212735911, "rate": 7.249442555443973}, "datetime": {"datetime": "2024-04-08 10:47:56", "elapsed": 3.278795, "delta": 0.0085}}
{"target": -279.5266432310068, "params": {"gamma": 3.304587071870666, "prior": 8.45059184803019, "rate": 4.284996317034784}, "datetime": {"datetime": "2024-04-08 10:47:56", "elapsed": 3.287699, "delta": 0.008904}}
{"target": -716.9427599704425, "params": {"gamma": 8.64699676149058, "prior": 6.604947703766606, "rate": 5.810775538523484}, "datetime": {"datetime": "2024-04-08 10:47:56", "elapsed": 3.295856, "delta": 0.008157}}
{"target": -240.8261754772355, "params": {"gamma": 2.008074152862875, "prior": 5.342511443736109, "rate": 8.944429751857296}, "datetime": {"datetime": "2024-04-08 10:47:56", "elapsed": 3.304451, "delta": 0.008595}}
{"target": -295.9593605644816, "params": {"gamma": 3.0506347643763254, "prior": 8.722361530694428, "rate": 9.087543983311022}, "datetime": {"datetime": "2024-04-08 10:47:56", "elapsed": 3.313159, "delta": 0.008708}}
{"target": -326.0613919321763, "params": {"gamma": 3.2991157822561417, "prior": 6.862436226731985, "rate": 8.992310274710121}, "datetime": {"datetime": "2024-04-08 10:47:56", "elapsed": 3.322103, "delta": 0.008944}}
{"target": -152.32786140786294, "params": {"gamma": 0.7578931207012753, "prior": 8.798019845727227, "rate": 1.9092027933215376}, "datetime": {"datetime": "2024-04-08 10:47:56", "elapsed": 3.330815, "delta": 0.008712}}
{"target": -640.1505377883567, "params": {"gamma": 8.497839331269288, "prior": 6.704476008122119, "rate": 3.4440476153050885}, "datetime": {"datetime": "2024-04-08 10:47:56", "elapsed": 3.339562, "delta": 0.008747}}
{"target": -202.2675299783155, "params": {"gamma": 1.5146043243579972, "prior": 6.390172518735689, "rate": 8.478032649103701}, "datetime": {"datetime": "2024-04-08 10:47:56", "elapsed": 3.348323, "delta": 0.008761}}
{"target": -751.3804173169109, "params": {"gamma": 8.218671898265342, "prior": 6.319572011593512, "rate": 9.563058796042565}, "datetime": {"datetime": "2024-04-08 10:47:56", "elapsed": 3.357075, "delta": 0.008752}}
{"target": -581.0558932038676, "params": {"gamma": 5.899641347630623, "prior": 2.058544568014401, "rate": 4.293877895442307}, "datetime": {"datetime": "2024-04-08 10:47:56", "elapsed": 3.365346, "delta": 0.008271}}
{"target": -272.032238024248, "params": {"gamma": 3.3681232410129716, "prior": 9.920255617882082, "rate": 3.8029847246765303}, "datetime": {"datetime": "2024-04-08 10:47:56", "elapsed": 3.373591, "delta": 0.008245}}
{"target": -687.5369182191067, "params": {"gamma": 9.927016035774514, "prior": 5.2361620822608, "rate": 1.7236247350697775}, "datetime": {"datetime": "2024-04-08 10:47:56", "elapsed": 3.381872, "delta": 0.008281}}
{"target": -153.5749717323817, "params": {"gamma": 0.7466661384435471, "prior": 3.766026368361488, "rate": 1.235065179287484}, "datetime": {"datetime": "2024-04-08 10:47:56", "elapsed": 3.390687, "delta": 0.008815}}
