{"target": -87.60731769274604, "params": {"p_ai": 7.960006958399193, "p_al": 3.5572107503860306, "p_ex": 0.001, "prior": 7.86341006169232, "rate": 10.0}, "datetime": {"datetime": "2024-03-29 11:43:34", "elapsed": 4423.465471, "delta": 15.921853}}
{"target": -108.69955981262711, "params": {"p_ai": 6.589291660563366, "p_al": 5.857739315964834, "p_ex": 10.0, "prior": 3.3936147973968103, "rate": 0.001}, "datetime": {"datetime": "2024-03-29 11:43:49", "elapsed": 4438.285456, "delta": 14.819985}}
{"target": -91.04694781815283, "params": {"p_ai": 0.001, "p_al": 0.001, "p_ex": 8.493195666294726, "prior": 0.001, "rate": 3.147810681187922}, "datetime": {"datetime": "2024-03-29 11:44:00", "elapsed": 4449.556387, "delta": 11.270931}}
{"target": -64.16805187993742, "params": {"p_ai": 10.0, "p_al": 0.001, "p_ex": 10.0, "prior": 0.001, "rate": 10.0}, "datetime": {"datetime": "2024-03-29 11:44:24", "elapsed": 4473.266908, "delta": 23.710521}}
{"target": -69.49307316915974, "params": {"p_ai": 10.0, "p_al": 4.253439495928679, "p_ex": 1.7870292072391953, "prior": 10.0, "rate": 10.0}, "datetime": {"datetime": "2024-03-29 11:44:36", "elapsed": 4485.249063, "delta": 11.982155}}
{"target": -108.53149030593427, "params": {"p_ai": 10.0, "p_al": 6.489815725489126, "p_ex": 0.001, "prior": 3.6578461042743062, "rate": 0.001}, "datetime": {"datetime": "2024-03-29 11:44:50", "elapsed": 4500.041112, "delta": 14.792049}}
{"target": -60.07250256246248, "params": {"p_ai": 4.016359402360609, "p_al": 8.34524739371906, "p_ex": 10.0, "prior": 2.7792808740555994, "rate": 4.028936225708876}, "datetime": {"datetime": "2024-03-29 11:45:02", "elapsed": 4511.4832, "delta": 11.442088}}
{"target": -131.30249993313336, "params": {"p_ai": 0.001, "p_al": 4.062602881214596, "p_ex": 0.001, "prior": 5.805125975656834, "rate": 0.001}, "datetime": {"datetime": "2024-03-29 11:45:13", "elapsed": 4522.590551, "delta": 11.107351}}
{"target": -87.51663984054075, "params": {"p_ai": 7.463862249948257, "p_al": 9.929533488247806, "p_ex": 0.6934333772270038, "prior": 7.046914585074356, "rate": 5.636927794396469}, "datetime": {"datetime": "2024-03-29 11:45:25", "elapsed": 4534.256557, "delta": 11.666006}}
{"target": -64.46343567532304, "params": {"p_ai": 10.0, "p_al": 6.67959841917369, "p_ex": 2.4268633710097567, "prior": 3.6185600222163887, "rate": 7.92615189972689}, "datetime": {"datetime": "2024-03-29 11:45:36", "elapsed": 4545.329702, "delta": 11.073145}}
{"target": -83.93678211508283, "params": {"p_ai": 8.137910354527655, "p_al": 0.001, "p_ex": 5.2907158211856835, "prior": 10.0, "rate": 0.001}, "datetime": {"datetime": "2024-03-29 11:45:53", "elapsed": 4563.007919, "delta": 17.678217}}
{"target": -55.352747539936175, "params": {"p_ai": 8.508099859224108, "p_al": 3.1219758195961527, "p_ex": 6.9859818989894915, "prior": 1.0765746857497802, "rate": 1.6302896199254346}, "datetime": {"datetime": "2024-03-29 11:46:17", "elapsed": 4586.913905, "delta": 23.905986}}
{"target": -132.52711687642443, "params": {"p_ai": 0.001, "p_al": 6.091546353972778, "p_ex": 0.001, "prior": 10.0, "rate": 0.001}, "datetime": {"datetime": "2024-03-29 11:46:29", "elapsed": 4598.344873, "delta": 11.430968}}
{"target": -86.00620133531226, "params": {"p_ai": 6.2925361687955865, "p_al": 0.001, "p_ex": 5.503323155950838, "prior": 5.623356323972961, "rate": 0.001}, "datetime": {"datetime": "2024-03-29 11:46:40", "elapsed": 4609.781564, "delta": 11.436691}}
{"target": -56.17669256553161, "params": {"p_ai": 10.0, "p_al": 10.0, "p_ex": 10.0, "prior": 10.0, "rate": 10.0}, "datetime": {"datetime": "2024-03-29 11:46:52", "elapsed": 4621.15981, "delta": 11.378246}}
{"target": -75.1627718066788, "params": {"p_ai": 3.824089391067133, "p_al": 0.001, "p_ex": 2.019499016626273, "prior": 0.001, "rate": 0.001}, "datetime": {"datetime": "2024-03-29 11:47:07", "elapsed": 4636.190121, "delta": 15.030311}}
{"target": -95.39441789392755, "params": {"p_ai": 7.196111107616249, "p_al": 10.0, "p_ex": 10.0, "prior": 0.13804769709679096, "rate": 4.772084291022222}, "datetime": {"datetime": "2024-03-29 11:47:24", "elapsed": 4653.209939, "delta": 17.019818}}
{"target": -98.25799156206098, "params": {"p_ai": 0.001, "p_al": 10.0, "p_ex": 10.0, "prior": 2.916462580571102, "rate": 10.0}, "datetime": {"datetime": "2024-03-29 11:47:39", "elapsed": 4668.451531, "delta": 15.241592}}
{"target": -101.3936000999053, "params": {"p_ai": 3.9221657229621076, "p_al": 9.807677627091284, "p_ex": 0.4004547418439202, "prior": 3.0408249877204607, "rate": 5.716870754469457}, "datetime": {"datetime": "2024-03-29 11:47:50", "elapsed": 4679.456918, "delta": 11.005387}}
{"target": -110.97238523469915, "params": {"p_ai": 0.001, "p_al": 10.0, "p_ex": 4.945315049717922, "prior": 5.368286340030666, "rate": 7.837233461678141}, "datetime": {"datetime": "2024-03-29 11:48:03", "elapsed": 4692.874074, "delta": 13.417156}}
{"target": -85.96780140234166, "params": {"p_ai": 7.361632954259368, "p_al": 0.001, "p_ex": 10.0, "prior": 3.6087819946911184, "rate": 0.001}, "datetime": {"datetime": "2024-03-29 11:48:16", "elapsed": 4705.440333, "delta": 12.566259}}
{"target": -69.01363217718564, "params": {"p_ai": 4.72249928929762, "p_al": 0.001, "p_ex": 3.1054150203182043, "prior": 6.506619524244903, "rate": 3.0194525525719693}, "datetime": {"datetime": "2024-03-29 11:48:27", "elapsed": 4716.376403, "delta": 10.93607}}
{"target": -65.25307216547264, "params": {"p_ai": 4.319196682975462, "p_al": 4.965050811418012, "p_ex": 3.0278228417228603, "prior": 10.0, "rate": 10.0}, "datetime": {"datetime": "2024-03-29 11:48:44", "elapsed": 4733.920558, "delta": 17.544155}}
{"target": -92.69116587609672, "params": {"p_ai": 10.0, "p_al": 10.0, "p_ex": 0.001, "prior": 10.0, "rate": 2.60176994640465}, "datetime": {"datetime": "2024-03-29 11:48:59", "elapsed": 4748.433385, "delta": 14.512827}}
{"target": -87.10389771702843, "params": {"p_ai": 10.0, "p_al": 0.001, "p_ex": 0.001, "prior": 3.6353802938185753, "rate": 10.0}, "datetime": {"datetime": "2024-03-29 11:49:10", "elapsed": 4759.76072, "delta": 11.327335}}
{"target": -141.7446331989115, "params": {"p_ai": 0.001, "p_al": 6.2065749504453525, "p_ex": 0.001, "prior": 10.0, "rate": 10.0}, "datetime": {"datetime": "2024-03-29 11:49:26", "elapsed": 4776.109165, "delta": 16.348445}}
{"target": -67.27309838248875, "params": {"p_ai": 5.792289525267855, "p_al": 0.22453161928131948, "p_ex": 3.3514347625161607, "prior": 9.97318375458979, "rate": 3.991137483575444}, "datetime": {"datetime": "2024-03-29 11:49:43", "elapsed": 4792.794431, "delta": 16.685266}}
{"target": -62.61540559454523, "params": {"p_ai": 9.021523830445629, "p_al": 0.001, "p_ex": 3.2492317925342276, "prior": 0.001, "rate": 0.001}, "datetime": {"datetime": "2024-03-29 11:49:59", "elapsed": 4809.049038, "delta": 16.254607}}
{"target": -90.83918505815879, "params": {"p_ai": 8.11321329434631, "p_al": 7.211291003072679, "p_ex": 0.001, "prior": 6.958211232243002, "rate": 10.0}, "datetime": {"datetime": "2024-03-29 11:50:17", "elapsed": 4826.423456, "delta": 17.374418}}
{"target": -70.91307024221767, "params": {"p_ai": 9.922659553687051, "p_al": 2.5773249670258473, "p_ex": 2.3017819713727983, "prior": 9.934384185130897, "rate": 4.1690252286477}, "datetime": {"datetime": "2024-03-29 11:50:28", "elapsed": 4837.752883, "delta": 11.329427}}
{"target": -87.68273565815366, "params": {"p_ai": 10.0, "p_al": 2.829103527929122, "p_ex": 0.001, "prior": 6.387465838599071, "rate": 6.237364539912272}, "datetime": {"datetime": "2024-03-29 11:50:41", "elapsed": 4850.630764, "delta": 12.877881}}
{"target": -68.03016249680944, "params": {"p_ai": 9.121929865123649, "p_al": 10.0, "p_ex": 3.313267265986457, "prior": 10.0, "rate": 5.833573897177103}, "datetime": {"datetime": "2024-03-29 11:50:52", "elapsed": 4861.989849, "delta": 11.359085}}
{"target": -146.22213990267375, "params": {"p_ai": 0.001, "p_al": 0.001, "p_ex": 0.001, "prior": 3.819796679006313, "rate": 0.001}, "datetime": {"datetime": "2024-03-29 11:51:04", "elapsed": 4874.043695, "delta": 12.053846}}
{"target": -100.03234305371228, "params": {"p_ai": 10.0, "p_al": 10.0, "p_ex": 4.845736203418519, "prior": 7.14687792828893, "rate": 0.001}, "datetime": {"datetime": "2024-03-29 11:51:23", "elapsed": 4892.504824, "delta": 18.461129}}
{"target": -64.63179479554199, "params": {"p_ai": 3.0105272290862306, "p_al": 0.001, "p_ex": 10.0, "prior": 1.8642285609950444, "rate": 8.847745319016157}, "datetime": {"datetime": "2024-03-29 11:51:40", "elapsed": 4909.562758, "delta": 17.057934}}
{"target": -73.33709221758697, "params": {"p_ai": 2.844391831339597, "p_al": 1.9776538225357283, "p_ex": 10.0, "prior": 7.107385438814798, "rate": 6.130026788334557}, "datetime": {"datetime": "2024-03-29 11:51:57", "elapsed": 4926.156565, "delta": 16.593807}}
{"target": -92.57029052741373, "params": {"p_ai": 3.2013448606098867, "p_al": 0.001, "p_ex": 0.001, "prior": 10.0, "rate": 0.001}, "datetime": {"datetime": "2024-03-29 11:52:09", "elapsed": 4938.970707, "delta": 12.814142}}
{"target": -105.00581863196989, "params": {"p_ai": 0.001, "p_al": 2.4839250999004685, "p_ex": 7.825150533065567, "prior": 2.4789497273813588, "rate": 5.930430256378868}, "datetime": {"datetime": "2024-03-29 11:52:25", "elapsed": 4955.029313, "delta": 16.058606}}
{"target": -60.37059213745185, "params": {"p_ai": 4.323297445799058, "p_al": 0.001, "p_ex": 10.0, "prior": 5.097192367985506, "rate": 10.0}, "datetime": {"datetime": "2024-03-29 11:52:38", "elapsed": 4967.142305, "delta": 12.112992}}
{"target": -65.1917910788556, "params": {"p_ai": 3.2199281223935308, "p_al": 0.001, "p_ex": 10.0, "prior": 2.252054393598248, "rate": 4.51119869400949}, "datetime": {"datetime": "2024-03-29 11:52:48", "elapsed": 4977.941479, "delta": 10.799174}}
{"target": -93.8497802937132, "params": {"p_ai": 4.209449179606354, "p_al": 10.0, "p_ex": 0.001, "prior": 10.0, "rate": 10.0}, "datetime": {"datetime": "2024-03-29 11:53:00", "elapsed": 4989.565914, "delta": 11.624435}}
{"target": -90.8498337649847, "params": {"p_ai": 4.445348524932234, "p_al": 0.001, "p_ex": 0.001, "prior": 0.001, "rate": 2.625780795986766}, "datetime": {"datetime": "2024-03-29 11:53:18", "elapsed": 5008.05195, "delta": 18.486036}}
{"target": -104.75122232571796, "params": {"p_ai": 0.001, "p_al": 4.378554289353449, "p_ex": 3.2803789529292047, "prior": 0.5157545839304015, "rate": 5.2788196467339885}, "datetime": {"datetime": "2024-03-29 11:53:39", "elapsed": 5028.283629, "delta": 20.231679}}
{"target": -62.88497949991212, "params": {"p_ai": 10.0, "p_al": 7.412028379495988, "p_ex": 10.0, "prior": 8.129393439999301, "rate": 2.5023387963765003}, "datetime": {"datetime": "2024-03-29 11:53:54", "elapsed": 5043.630798, "delta": 15.347169}}
{"target": -97.13235694002404, "params": {"p_ai": 8.230874199014215, "p_al": 9.990916463679811, "p_ex": 0.6398480600231821, "prior": 6.99131771652157, "rate": 1.0636876534438158}, "datetime": {"datetime": "2024-03-29 11:54:07", "elapsed": 5056.159467, "delta": 12.528669}}
{"target": -90.06647147612473, "params": {"p_ai": 7.288308681509764, "p_al": 7.9990105254948665, "p_ex": 0.001, "prior": 10.0, "rate": 6.802428129487381}, "datetime": {"datetime": "2024-03-29 11:54:19", "elapsed": 5068.812782, "delta": 12.653315}}
{"target": -63.790791280134755, "params": {"p_ai": 4.316565754981956, "p_al": 0.001, "p_ex": 3.1238302302686223, "prior": 10.0, "rate": 10.0}, "datetime": {"datetime": "2024-03-29 11:54:33", "elapsed": 5082.2073, "delta": 13.394518}}
{"target": -58.04680085323454, "params": {"p_ai": 2.316547134446421, "p_al": 0.001, "p_ex": 5.679535586232504, "prior": 0.001, "rate": 10.0}, "datetime": {"datetime": "2024-03-29 11:54:45", "elapsed": 5094.946197, "delta": 12.738897}}
{"target": -73.89731067572482, "params": {"p_ai": 7.354067686556241, "p_al": 6.807870895306989, "p_ex": 3.1695546879053644, "prior": 10.0, "rate": 2.7775086921867915}, "datetime": {"datetime": "2024-03-29 11:55:06", "elapsed": 5115.448538, "delta": 20.502341}}
{"target": -68.16033550076779, "params": {"p_ai": 8.045290793588283, "p_al": 2.213440277569723, "p_ex": 1.8340287683205094, "prior": 1.8431040946304074, "rate": 3.3491052970435935}, "datetime": {"datetime": "2024-03-29 11:55:18", "elapsed": 5128.100438, "delta": 12.6519}}
{"target": -91.84131001417059, "params": {"p_ai": 4.185206681922183, "p_al": 3.0898118851595706, "p_ex": 3.604660480649198, "prior": 7.7241499884245, "rate": 0.001}, "datetime": {"datetime": "2024-03-29 11:55:36", "elapsed": 5145.788591, "delta": 17.688153}}
{"target": -85.12753685550807, "params": {"p_ai": 7.506714440834025, "p_al": 0.001, "p_ex": 0.001, "prior": 4.98304384692528, "rate": 3.923673855446925}, "datetime": {"datetime": "2024-03-29 11:55:53", "elapsed": 5162.823416, "delta": 17.034825}}
{"target": -98.57316202171447, "params": {"p_ai": 10.0, "p_al": 2.7993890985298004, "p_ex": 3.8482723329795205, "prior": 2.1050429930258083, "rate": 0.001}, "datetime": {"datetime": "2024-03-29 11:56:09", "elapsed": 5179.113733, "delta": 16.290317}}
{"target": -99.88786814113755, "params": {"p_ai": 4.5039532948349645, "p_al": 2.645543282514869, "p_ex": 10.0, "prior": 4.726002200382958, "rate": 0.001}, "datetime": {"datetime": "2024-03-29 11:56:26", "elapsed": 5195.323411, "delta": 16.209678}}
{"target": -87.03486351793268, "params": {"p_ai": 10.0, "p_al": 1.6895163483439541, "p_ex": 0.001, "prior": 6.909649297700931, "rate": 10.0}, "datetime": {"datetime": "2024-03-29 11:56:43", "elapsed": 5212.832012, "delta": 17.508601}}
{"target": -68.68591230839728, "params": {"p_ai": 10.0, "p_al": 5.15918760528721, "p_ex": 2.663026026628171, "prior": 10.0, "rate": 5.414753682575808}, "datetime": {"datetime": "2024-03-29 11:57:06", "elapsed": 5235.812618, "delta": 22.980606}}
{"target": -139.4069995607395, "params": {"p_ai": 10.0, "p_al": 10.0, "p_ex": 0.001, "prior": 1.349343693612746, "rate": 3.4337138653974386}, "datetime": {"datetime": "2024-03-29 11:57:31", "elapsed": 5260.357802, "delta": 24.545184}}
{"target": -97.90602253428476, "params": {"p_ai": 3.259558944956787, "p_al": 10.0, "p_ex": 0.001, "prior": 10.0, "rate": 2.554255378285797}, "datetime": {"datetime": "2024-03-29 11:57:48", "elapsed": 5277.982177, "delta": 17.624375}}
{"target": -93.11096670242289, "params": {"p_ai": 7.871472616956507, "p_al": 10.0, "p_ex": 6.4615780429098955, "prior": 10.0, "rate": 0.001}, "datetime": {"datetime": "2024-03-29 11:58:07", "elapsed": 5296.297677, "delta": 18.3155}}
{"target": -90.28193781937144, "params": {"p_ai": 7.836282407427669, "p_al": 7.6251200164502855, "p_ex": 10.0, "prior": 10.0, "rate": 0.001}, "datetime": {"datetime": "2024-03-29 11:58:24", "elapsed": 5313.892046, "delta": 17.594369}}
{"target": -110.94093491910294, "params": {"p_ai": 0.001, "p_al": 0.001, "p_ex": 1.8211375497682198, "prior": 0.001, "rate": 3.2699043522302382}, "datetime": {"datetime": "2024-03-29 11:58:37", "elapsed": 5326.635586, "delta": 12.74354}}
{"target": -91.49719302836357, "params": {"p_ai": 3.3533338475780607, "p_al": 3.3357783085979533, "p_ex": 0.001, "prior": 10.0, "rate": 0.001}, "datetime": {"datetime": "2024-03-29 11:58:49", "elapsed": 5338.910994, "delta": 12.275408}}
{"target": -163.05014042731054, "params": {"p_ai": 0.001, "p_al": 3.347535911957928, "p_ex": 10.0, "prior": 3.7297400495062134, "rate": 1.4122076137806874}, "datetime": {"datetime": "2024-03-29 11:59:07", "elapsed": 5356.76419, "delta": 17.853196}}
{"target": -89.06245504596312, "params": {"p_ai": 5.941867978860473, "p_al": 3.037494461110666, "p_ex": 0.001, "prior": 4.304496178339945, "rate": 10.0}, "datetime": {"datetime": "2024-03-29 11:59:19", "elapsed": 5368.600642, "delta": 11.836452}}
{"target": -74.45641013937934, "params": {"p_ai": 7.764390462735414, "p_al": 7.82715135315883, "p_ex": 3.0983750390828804, "prior": 2.2424253093464337, "rate": 3.3116513172747575}, "datetime": {"datetime": "2024-03-29 11:59:37", "elapsed": 5386.849892, "delta": 18.24925}}
{"target": -133.84259026053863, "params": {"p_ai": 0.001, "p_al": 0.001, "p_ex": 4.562481347994759, "prior": 10.0, "rate": 6.033589230397616}, "datetime": {"datetime": "2024-03-29 11:59:55", "elapsed": 5404.517947, "delta": 17.668055}}
{"target": -75.5442713753648, "params": {"p_ai": 2.0434385536568342, "p_al": 10.0, "p_ex": 10.0, "prior": 7.495065062868313, "rate": 10.0}, "datetime": {"datetime": "2024-03-29 12:00:21", "elapsed": 5430.521614, "delta": 26.003667}}
{"target": -129.73594104335163, "params": {"p_ai": 0.001, "p_al": 6.088693285514488, "p_ex": 6.3045727723430485, "prior": 10.0, "rate": 7.190625109689137}, "datetime": {"datetime": "2024-03-29 12:00:38", "elapsed": 5447.456442, "delta": 16.934828}}
{"target": -78.42921368473706, "params": {"p_ai": 2.750928138230838, "p_al": 4.571288313414265, "p_ex": 7.029072238402181, "prior": 10.0, "rate": 4.370970879781597}, "datetime": {"datetime": "2024-03-29 12:01:06", "elapsed": 5476.018864, "delta": 28.562422}}
{"target": -86.41088767495901, "params": {"p_ai": 7.245524015422431, "p_al": 2.9690129353893653, "p_ex": 0.001, "prior": 10.0, "rate": 5.33825098195859}, "datetime": {"datetime": "2024-03-29 12:01:20", "elapsed": 5489.594143, "delta": 13.575279}}
{"target": -71.8733411164013, "params": {"p_ai": 4.4185825242429715, "p_al": 9.970663963624709, "p_ex": 6.649232602380559, "prior": 9.956696243212788, "rate": 3.17193917890884}, "datetime": {"datetime": "2024-03-29 12:01:41", "elapsed": 5511.084999, "delta": 21.490856}}
{"target": -116.22442695079857, "params": {"p_ai": 0.001, "p_al": 2.206866999399211, "p_ex": 4.040070011396006, "prior": 7.118111420046273, "rate": 10.0}, "datetime": {"datetime": "2024-03-29 12:01:54", "elapsed": 5523.884927, "delta": 12.799928}}
{"target": -91.42061689651638, "params": {"p_ai": 10.0, "p_al": 10.0, "p_ex": 0.001, "prior": 10.0, "rate": 10.0}, "datetime": {"datetime": "2024-03-29 12:02:07", "elapsed": 5536.298385, "delta": 12.413458}}
{"target": -87.16316402009507, "params": {"p_ai": 6.68836962320501, "p_al": 0.001, "p_ex": 0.001, "prior": 2.2785513396402233, "rate": 10.0}, "datetime": {"datetime": "2024-03-29 12:02:19", "elapsed": 5548.27684, "delta": 11.978455}}
{"target": -61.64925520094352, "params": {"p_ai": 10.0, "p_al": 10.0, "p_ex": 3.479638783523934, "prior": 10.0, "rate": 10.0}, "datetime": {"datetime": "2024-03-29 12:02:33", "elapsed": 5562.88359, "delta": 14.60675}}
{"target": -61.222307986414194, "params": {"p_ai": 7.971469601193965, "p_al": 0.001, "p_ex": 1.7549721829245384, "prior": 0.34182221859289413, "rate": 6.751395657934979}, "datetime": {"datetime": "2024-03-29 12:02:52", "elapsed": 5581.24457, "delta": 18.36098}}
{"target": -61.40423409675488, "params": {"p_ai": 4.21314373218826, "p_al": 2.066216435121373, "p_ex": 10.0, "prior": 4.327133803186515, "rate": 4.6562276962656375}, "datetime": {"datetime": "2024-03-29 12:03:25", "elapsed": 5614.773177, "delta": 33.528607}}
{"target": -72.32596129013616, "params": {"p_ai": 10.0, "p_al": 8.142621630934746, "p_ex": 1.576624183255456, "prior": 5.108766433122035, "rate": 10.0}, "datetime": {"datetime": "2024-03-29 12:03:38", "elapsed": 5627.888557, "delta": 13.11538}}
{"target": -69.90136203360976, "params": {"p_ai": 1.3151835200931923, "p_al": 4.4929218852198245, "p_ex": 8.550370670531981, "prior": 1.3160011517381462, "rate": 8.898364706225774}, "datetime": {"datetime": "2024-03-29 12:03:51", "elapsed": 5641.102464, "delta": 13.213907}}
{"target": -65.86561749108228, "params": {"p_ai": 10.0, "p_al": 8.391118756223024, "p_ex": 2.42830444654055, "prior": 7.833402682927059, "rate": 10.0}, "datetime": {"datetime": "2024-03-29 12:04:12", "elapsed": 5661.212418, "delta": 20.109954}}
{"target": -63.55795776098109, "params": {"p_ai": 10.0, "p_al": 2.316823062090543, "p_ex": 2.7241809160531174, "prior": 6.913272657035814, "rate": 6.302591475595489}, "datetime": {"datetime": "2024-03-29 12:04:25", "elapsed": 5674.433569, "delta": 13.221151}}
{"target": -57.289934665729675, "params": {"p_ai": 10.0, "p_al": 0.001, "p_ex": 10.0, "prior": 6.387823642094298, "rate": 3.8395738884399218}, "datetime": {"datetime": "2024-03-29 12:04:45", "elapsed": 5694.897306, "delta": 20.463737}}
{"target": -73.96495825991582, "params": {"p_ai": 2.1735612175725985, "p_al": 0.048006392826733184, "p_ex": 8.531504428090194, "prior": 0.8566606851432165, "rate": 1.1338998400158606}, "datetime": {"datetime": "2024-03-29 12:05:09", "elapsed": 5718.181837, "delta": 23.284531}}
{"target": -146.2094021202736, "params": {"p_ai": 0.001, "p_al": 0.001, "p_ex": 0.001, "prior": 6.5992323958191665, "rate": 10.0}, "datetime": {"datetime": "2024-03-29 12:05:21", "elapsed": 5730.842364, "delta": 12.660527}}
{"target": -115.53228389128866, "params": {"p_ai": 0.001, "p_al": 0.001, "p_ex": 2.554670110137849, "prior": 2.8637897771796896, "rate": 7.576003787660244}, "datetime": {"datetime": "2024-03-29 12:05:50", "elapsed": 5760.11017, "delta": 29.267806}}
{"target": -65.91743154549494, "params": {"p_ai": 6.48246066338085, "p_al": 4.940206294973196, "p_ex": 2.82032874950017, "prior": 1.896058307347289, "rate": 3.629231021137776}, "datetime": {"datetime": "2024-03-29 12:06:05", "elapsed": 5774.737812, "delta": 14.627642}}
{"target": -128.65423205847122, "params": {"p_ai": 0.001, "p_al": 10.0, "p_ex": 0.001, "prior": 10.0, "rate": 0.001}, "datetime": {"datetime": "2024-03-29 12:06:19", "elapsed": 5789.032389, "delta": 14.294577}}
{"target": -104.30769906699216, "params": {"p_ai": 2.345207268290798, "p_al": 7.5027722412402005, "p_ex": 0.001, "prior": 5.953902437230628, "rate": 3.937408218428036}, "datetime": {"datetime": "2024-03-29 12:06:45", "elapsed": 5814.266627, "delta": 25.234238}}
{"target": -88.45022592855047, "params": {"p_ai": 1.3548448628675624, "p_al": 0.001, "p_ex": 10.0, "prior": 6.3184925694282, "rate": 10.0}, "datetime": {"datetime": "2024-03-29 12:07:05", "elapsed": 5834.221373, "delta": 19.954746}}
