{"target": -164.76360712258372, "params": {"gamma": 0.3132169849973312, "lr": 0.04032376627335307}, "datetime": {"datetime": "2024-03-30 19:54:09", "elapsed": 5687.901498, "delta": 25.688758}}
{"target": -152.32930810288488, "params": {"gamma": 0.2387645943285837, "lr": 0.05062059029703825}, "datetime": {"datetime": "2024-03-30 19:54:28", "elapsed": 5706.267151, "delta": 18.365653}}
{"target": -358.1680716351098, "params": {"gamma": 3.8801032378036173, "lr": 1.0}, "datetime": {"datetime": "2024-03-30 19:54:41", "elapsed": 5719.024493, "delta": 12.757342}}
{"target": -212.5596347429142, "params": {"gamma": 2.2185472099979204, "lr": 0.6151126896512675}, "datetime": {"datetime": "2024-03-30 19:54:55", "elapsed": 5733.929633, "delta": 14.90514}}
{"target": -131.28051322424832, "params": {"gamma": 0.1584356791325783, "lr": 0.16888752603453183}, "datetime": {"datetime": "2024-03-30 19:55:19", "elapsed": 5757.000281, "delta": 23.070648}}
{"target": -109.60815963343624, "params": {"gamma": 0.3015799242075922, "lr": 0.3026513004914838}, "datetime": {"datetime": "2024-03-30 19:55:41", "elapsed": 5779.312592, "delta": 22.312311}}
{"target": -428.61769731838297, "params": {"gamma": 3.48302115984427, "lr": 0.2856564180738942}, "datetime": {"datetime": "2024-03-30 19:55:50", "elapsed": 5788.501395, "delta": 9.188803}}
{"target": -164.8968014686916, "params": {"gamma": 1.6844998297278593, "lr": 0.8305326040705744}, "datetime": {"datetime": "2024-03-30 19:56:08", "elapsed": 5806.875195, "delta": 18.3738}}
{"target": -488.992614952564, "params": {"gamma": 4.1790794603759, "lr": 0.3074998606256135}, "datetime": {"datetime": "2024-03-30 19:56:19", "elapsed": 5817.27249, "delta": 10.397295}}
{"target": -267.0617532959567, "params": {"gamma": 2.725521750917875, "lr": 0.6699094877225418}, "datetime": {"datetime": "2024-03-30 19:56:33", "elapsed": 5831.051925, "delta": 13.779435}}
{"target": -197.19451161165688, "params": {"gamma": 2.039196330298286, "lr": 0.9589866803426471}, "datetime": {"datetime": "2024-03-30 19:56:48", "elapsed": 5846.85032, "delta": 15.798395}}
{"target": -515.2939350893732, "params": {"gamma": 4.688267679963025, "lr": 0.3868661444216558}, "datetime": {"datetime": "2024-03-30 19:56:54", "elapsed": 5852.629285, "delta": 5.778965}}
{"target": -317.1501341419727, "params": {"gamma": 2.863914143450902, "lr": 0.3906214270516748}, "datetime": {"datetime": "2024-03-30 19:57:06", "elapsed": 5864.453218, "delta": 11.823933}}
{"target": -106.23408447417438, "params": {"gamma": 0.12270458681403808, "lr": 0.7930032592205822}, "datetime": {"datetime": "2024-03-30 19:57:16", "elapsed": 5874.184517, "delta": 9.731299}}
{"target": -136.17940993082004, "params": {"gamma": 1.373579202900248, "lr": 0.5483791588987743}, "datetime": {"datetime": "2024-03-30 19:57:27", "elapsed": 5885.033542, "delta": 10.849025}}
{"target": -91.38735360549538, "params": {"gamma": 0.16435577172301133, "lr": 1.0}, "datetime": {"datetime": "2024-03-30 19:57:50", "elapsed": 5908.740496, "delta": 23.706954}}
{"target": -180.87513610581053, "params": {"gamma": 1.3118580244387186, "lr": 0.2890110193195207}, "datetime": {"datetime": "2024-03-30 19:58:09", "elapsed": 5927.935528, "delta": 19.195032}}
{"target": -296.99873996313033, "params": {"gamma": 2.4150742864332275, "lr": 0.3171705421366591}, "datetime": {"datetime": "2024-03-30 19:58:33", "elapsed": 5951.731452, "delta": 23.795924}}
{"target": -455.4211288850346, "params": {"gamma": 4.855272094831411, "lr": 0.7787806674173495}, "datetime": {"datetime": "2024-03-30 19:58:48", "elapsed": 5966.089573, "delta": 14.358121}}
{"target": -96.29164650447169, "params": {"gamma": 0.3014825473517297, "lr": 0.4200988327963475}, "datetime": {"datetime": "2024-03-30 19:59:01", "elapsed": 5979.456365, "delta": 13.366792}}
{"target": -270.45803795155786, "params": {"gamma": 2.631909985145898, "lr": 0.4106496177783542}, "datetime": {"datetime": "2024-03-30 19:59:10", "elapsed": 5988.271342, "delta": 8.814977}}
{"target": -434.1571180976477, "params": {"gamma": 2.6651410677496603, "lr": 0.21794743823844598}, "datetime": {"datetime": "2024-03-30 19:59:23", "elapsed": 6001.679613, "delta": 13.408271}}
{"target": -255.49426750484284, "params": {"gamma": 2.6744374731625076, "lr": 0.9544154955898655}, "datetime": {"datetime": "2024-03-30 19:59:37", "elapsed": 6015.368731, "delta": 13.689118}}
{"target": -217.74176090043613, "params": {"gamma": 2.263428569020353, "lr": 0.8204193380590707}, "datetime": {"datetime": "2024-03-30 19:59:53", "elapsed": 6031.414106, "delta": 16.045375}}
{"target": -107.6157575104943, "params": {"gamma": 0.17877706987744976, "lr": 0.3430398318661111}, "datetime": {"datetime": "2024-03-30 20:00:05", "elapsed": 6043.905731, "delta": 12.491625}}
{"target": -125.72164954036052, "params": {"gamma": 1.2900497077035737, "lr": 1.0}, "datetime": {"datetime": "2024-03-30 20:00:26", "elapsed": 6064.757754, "delta": 20.852023}}
{"target": -130.39145396673263, "params": {"gamma": 1.3120016605091078, "lr": 0.5968386104665171}, "datetime": {"datetime": "2024-03-30 20:00:40", "elapsed": 6078.930206, "delta": 14.172452}}
{"target": -129.76848033904255, "params": {"gamma": 0.7594160613226844, "lr": 0.3294803501829482}, "datetime": {"datetime": "2024-03-30 20:00:57", "elapsed": 6095.151733, "delta": 16.221527}}
{"target": -117.10301720399208, "params": {"gamma": 1.1210452799862507, "lr": 0.7111437460278985}, "datetime": {"datetime": "2024-03-30 20:01:14", "elapsed": 6112.558083, "delta": 17.40635}}
{"target": -229.3963682354786, "params": {"gamma": 1.7129675959868547, "lr": 0.25817709148477386}, "datetime": {"datetime": "2024-03-30 20:01:25", "elapsed": 6123.589711, "delta": 11.031628}}
{"target": -143.9725839798787, "params": {"gamma": 0.002256092988909, "lr": 0.09394022039709049}, "datetime": {"datetime": "2024-03-30 20:01:36", "elapsed": 6134.62393, "delta": 11.034219}}
{"target": -796.3758871258304, "params": {"gamma": 2.2173706298344418, "lr": 0.0015976067766537705}, "datetime": {"datetime": "2024-03-30 20:01:52", "elapsed": 6150.824065, "delta": 16.200135}}
{"target": -1077.5288515288971, "params": {"gamma": 9.555583365984495, "lr": 0.32433385802841397}, "datetime": {"datetime": "2024-03-30 20:02:12", "elapsed": 6170.370345, "delta": 19.54628}}
{"target": -1182.2273458180302, "params": {"gamma": 3.2973997124311754, "lr": 0.004514841194397934}, "datetime": {"datetime": "2024-03-30 20:02:25", "elapsed": 6183.377858, "delta": 13.007513}}
{"target": -924.5054843509214, "params": {"gamma": 9.210383481081672, "lr": 0.4566131503022578}, "datetime": {"datetime": "2024-03-30 20:02:35", "elapsed": 6192.980097, "delta": 9.602239}}
{"target": -675.7914061801778, "params": {"gamma": 7.223369535438178, "lr": 0.8037356370508275}, "datetime": {"datetime": "2024-03-30 20:02:44", "elapsed": 6202.659654, "delta": 9.679557}}
{"target": -555.5156254924949, "params": {"gamma": 5.465288470985136, "lr": 0.40196015303593113}, "datetime": {"datetime": "2024-03-30 20:02:57", "elapsed": 6215.547998, "delta": 12.888344}}
{"target": -600.5826376027885, "params": {"gamma": 4.993994013801595, "lr": 0.284509648266571}, "datetime": {"datetime": "2024-03-30 20:03:08", "elapsed": 6226.337041, "delta": 10.789043}}
{"target": -594.3767281567725, "params": {"gamma": 6.23081346159726, "lr": 0.7390676587045998}, "datetime": {"datetime": "2024-03-30 20:03:20", "elapsed": 6238.650434, "delta": 12.313393}}
{"target": -3429.3967802626107, "params": {"gamma": 9.57544634576314, "lr": 0.04203317101924797}, "datetime": {"datetime": "2024-03-30 20:03:26", "elapsed": 6244.622922, "delta": 5.972488}}
{"target": -1475.1793512664508, "params": {"gamma": 4.116284845627479, "lr": 0.002993362677194855}, "datetime": {"datetime": "2024-03-30 20:03:41", "elapsed": 6259.578985, "delta": 14.956063}}
{"target": -495.5159461125128, "params": {"gamma": 5.122825915330934, "lr": 0.7233129144173683}, "datetime": {"datetime": "2024-03-30 20:03:57", "elapsed": 6275.951239, "delta": 16.372254}}
{"target": -740.0383540692693, "params": {"gamma": 2.1490678955117977, "lr": 0.1292672282854299}, "datetime": {"datetime": "2024-03-30 20:04:12", "elapsed": 6290.220462, "delta": 14.269223}}
{"target": -665.9767404857907, "params": {"gamma": 7.265022148425948, "lr": 1.0}, "datetime": {"datetime": "2024-03-30 20:04:33", "elapsed": 6311.644026, "delta": 21.423564}}
{"target": -751.1820014742825, "params": {"gamma": 8.039907854124705, "lr": 0.5879514197428782}, "datetime": {"datetime": "2024-03-30 20:04:41", "elapsed": 6319.65397, "delta": 8.009944}}
{"target": -527.1806088433536, "params": {"gamma": 5.630764256803195, "lr": 0.5888594367407927}, "datetime": {"datetime": "2024-03-30 20:04:54", "elapsed": 6332.012042, "delta": 12.358072}}
{"target": -444.70587336873774, "params": {"gamma": 4.590430822498149, "lr": 0.6739029670324582}, "datetime": {"datetime": "2024-03-30 20:05:09", "elapsed": 6347.436617, "delta": 15.424575}}
{"target": -539.352596083833, "params": {"gamma": 5.75429390002617, "lr": 0.5440879309335787}, "datetime": {"datetime": "2024-03-30 20:05:26", "elapsed": 6364.003855, "delta": 16.567238}}
{"target": -500.89367623761854, "params": {"gamma": 4.973291147249602, "lr": 0.44658905622884915}, "datetime": {"datetime": "2024-03-30 20:05:40", "elapsed": 6378.826002, "delta": 14.822147}}
{"target": -471.0215927152605, "params": {"gamma": 4.8661939632163875, "lr": 0.668129288142761}, "datetime": {"datetime": "2024-03-30 20:05:52", "elapsed": 6390.229636, "delta": 11.403634}}
{"target": -451.1336314240507, "params": {"gamma": 4.714272823936752, "lr": 0.7483637667545439}, "datetime": {"datetime": "2024-03-30 20:06:02", "elapsed": 6399.99065, "delta": 9.761014}}
{"target": -441.7622807126626, "params": {"gamma": 3.7467429281936813, "lr": 0.2928513826538635}, "datetime": {"datetime": "2024-03-30 20:06:21", "elapsed": 6419.892526, "delta": 19.901876}}
{"target": -649.8288333759792, "params": {"gamma": 6.957642661389615, "lr": 0.786274029466645}, "datetime": {"datetime": "2024-03-30 20:06:43", "elapsed": 6441.781699, "delta": 21.889173}}
{"target": -741.1125250622034, "params": {"gamma": 7.944551449369426, "lr": 0.7747548578846204}, "datetime": {"datetime": "2024-03-30 20:06:49", "elapsed": 6447.893367, "delta": 6.111668}}
{"target": -607.2783855386723, "params": {"gamma": 5.978014272144098, "lr": 0.42801347857127525}, "datetime": {"datetime": "2024-03-30 20:07:03", "elapsed": 6461.370457, "delta": 13.47709}}
{"target": -289.5006804674695, "params": {"gamma": 0.7670492024473055, "lr": 0.055192921515810116}, "datetime": {"datetime": "2024-03-30 20:07:22", "elapsed": 6480.149966, "delta": 18.779509}}
{"target": -539.1838629311069, "params": {"gamma": 5.356511854497928, "lr": 0.4687434164021948}, "datetime": {"datetime": "2024-03-30 20:07:36", "elapsed": 6494.807873, "delta": 14.657907}}
{"target": -923.9664038259555, "params": {"gamma": 9.906393901180712, "lr": 0.9992077847776537}, "datetime": {"datetime": "2024-03-30 20:07:50", "elapsed": 6508.117958, "delta": 13.310085}}
{"target": -417.8288027249658, "params": {"gamma": 4.433741628758141, "lr": 0.8099425043071}, "datetime": {"datetime": "2024-03-30 20:08:15", "elapsed": 6533.24724, "delta": 25.129282}}
{"target": -457.398700919549, "params": {"gamma": 4.872393178557303, "lr": 0.5124674469094572}, "datetime": {"datetime": "2024-03-30 20:08:41", "elapsed": 6559.745769, "delta": 26.498529}}
{"target": -374.8571541898991, "params": {"gamma": 3.3967845661937357, "lr": 0.38624066055032136}, "datetime": {"datetime": "2024-03-30 20:09:00", "elapsed": 6578.331621, "delta": 18.585852}}
{"target": -409.69940878346864, "params": {"gamma": 4.019667918767691, "lr": 0.4062073019171447}, "datetime": {"datetime": "2024-03-30 20:09:11", "elapsed": 6589.393589, "delta": 11.061968}}
{"target": -409.70635252381703, "params": {"gamma": 4.27536586610679, "lr": 0.7361648427971408}, "datetime": {"datetime": "2024-03-30 20:09:32", "elapsed": 6610.435746, "delta": 21.042157}}
{"target": -254.75711119916733, "params": {"gamma": 2.629480243247007, "lr": 0.7474499752363352}, "datetime": {"datetime": "2024-03-30 20:09:44", "elapsed": 6622.933465, "delta": 12.497719}}
{"target": -374.4071724153313, "params": {"gamma": 1.021296191545614, "lr": 0.05312178425768321}, "datetime": {"datetime": "2024-03-30 20:09:59", "elapsed": 6637.439106, "delta": 14.505641}}
{"target": -731.9498117544917, "params": {"gamma": 7.818203794294855, "lr": 0.6081558390144978}, "datetime": {"datetime": "2024-03-30 20:10:05", "elapsed": 6643.628412, "delta": 6.189306}}
{"target": -418.26151501256845, "params": {"gamma": 4.450957846589608, "lr": 0.5135988295438809}, "datetime": {"datetime": "2024-03-30 20:10:19", "elapsed": 6657.639175, "delta": 14.010763}}
{"target": -858.5616521611224, "params": {"gamma": 9.199311626239213, "lr": 0.9996467506596316}, "datetime": {"datetime": "2024-03-30 20:10:35", "elapsed": 6673.140063, "delta": 15.500888}}
{"target": -714.2099394593401, "params": {"gamma": 4.5110683765603525, "lr": 0.24298439853580323}, "datetime": {"datetime": "2024-03-30 20:10:46", "elapsed": 6684.238122, "delta": 11.098059}}
{"target": -553.2244759409728, "params": {"gamma": 5.036568179716899, "lr": 0.36801230284384434}, "datetime": {"datetime": "2024-03-30 20:11:01", "elapsed": 6699.05195, "delta": 14.813828}}
{"target": -531.8611488509099, "params": {"gamma": 5.790939845112088, "lr": 1.0}, "datetime": {"datetime": "2024-03-30 20:11:13", "elapsed": 6711.059652, "delta": 12.007702}}
{"target": -598.3893810613448, "params": {"gamma": 6.38651867201916, "lr": 0.930233963956093}, "datetime": {"datetime": "2024-03-30 20:11:29", "elapsed": 6727.627334, "delta": 16.567682}}
{"target": -678.9544708216117, "params": {"gamma": 7.248321533166637, "lr": 0.6182615817045134}, "datetime": {"datetime": "2024-03-30 20:11:38", "elapsed": 6736.313248, "delta": 8.685914}}
{"target": -516.8709947349876, "params": {"gamma": 5.626146773931679, "lr": 1.0}, "datetime": {"datetime": "2024-03-30 20:11:52", "elapsed": 6750.061276, "delta": 13.748028}}
{"target": -234.89594781067245, "params": {"gamma": 1.8342508335532535, "lr": 0.2995501269942218}, "datetime": {"datetime": "2024-03-30 20:12:13", "elapsed": 6771.747946, "delta": 21.68667}}
{"target": -231.7776522941312, "params": {"gamma": 2.4163783591293093, "lr": 0.8257385735103301}, "datetime": {"datetime": "2024-03-30 20:12:23", "elapsed": 6781.176207, "delta": 9.428261}}
{"target": -342.0126029688172, "params": {"gamma": 3.6288242108877737, "lr": 0.504894577557154}, "datetime": {"datetime": "2024-03-30 20:12:47", "elapsed": 6805.662184, "delta": 24.485977}}
{"target": -266.0397766373154, "params": {"gamma": 2.86331235012347, "lr": 1.0}, "datetime": {"datetime": "2024-03-30 20:13:09", "elapsed": 6827.75489, "delta": 22.092706}}
{"target": -505.34831624159256, "params": {"gamma": 5.380448240726623, "lr": 0.8034708668168967}, "datetime": {"datetime": "2024-03-30 20:13:19", "elapsed": 6837.715535, "delta": 9.960645}}
{"target": -211.48874464051994, "params": {"gamma": 2.1494575058724124, "lr": 0.8836160350476299}, "datetime": {"datetime": "2024-03-30 20:13:30", "elapsed": 6848.338677, "delta": 10.623142}}
{"target": -767.9786734410692, "params": {"gamma": 8.235004993799146, "lr": 0.7529394163358151}, "datetime": {"datetime": "2024-03-30 20:13:58", "elapsed": 6876.8176, "delta": 28.478923}}
{"target": -286.61693375026516, "params": {"gamma": 3.0263593524282806, "lr": 0.7632715652930151}, "datetime": {"datetime": "2024-03-30 20:14:19", "elapsed": 6897.174975, "delta": 20.357375}}
{"target": -308.01101430462614, "params": {"gamma": 3.2547251894851215, "lr": 0.6165971166995333}, "datetime": {"datetime": "2024-03-30 20:14:29", "elapsed": 6907.103396, "delta": 9.928421}}
{"target": -182.40189444025822, "params": {"gamma": 1.8299725312909139, "lr": 0.6867578713300697}, "datetime": {"datetime": "2024-03-30 20:14:45", "elapsed": 6923.37693, "delta": 16.273534}}
{"target": -328.3468678212358, "params": {"gamma": 3.369953786192242, "lr": 0.6910213396047507}, "datetime": {"datetime": "2024-03-30 20:14:57", "elapsed": 6935.59175, "delta": 12.21482}}
{"target": -195.56713568168612, "params": {"gamma": 0.7632797770400923, "lr": 0.19974013974248273}, "datetime": {"datetime": "2024-03-30 20:15:12", "elapsed": 6950.184905, "delta": 14.593155}}
{"target": -661.7883748230936, "params": {"gamma": 5.5311648306926555, "lr": 0.28342119793244613}, "datetime": {"datetime": "2024-03-30 20:15:31", "elapsed": 6969.535982, "delta": 19.351077}}
{"target": -156.84502017772638, "params": {"gamma": 1.6079603150686472, "lr": 0.5124685718439812}, "datetime": {"datetime": "2024-03-30 20:15:50", "elapsed": 6988.906914, "delta": 19.370932}}
{"target": -480.1737924911238, "params": {"gamma": 4.962087746621998, "lr": 0.6677595899905088}, "datetime": {"datetime": "2024-03-30 20:16:09", "elapsed": 7007.238705, "delta": 18.331791}}
{"target": -364.7737925471319, "params": {"gamma": 3.7523195543010597, "lr": 0.6910182569702119}, "datetime": {"datetime": "2024-03-30 20:16:22", "elapsed": 7020.034426, "delta": 12.795721}}
{"target": -206.7246562184417, "params": {"gamma": 2.0052694599737726, "lr": 0.4772341027685745}, "datetime": {"datetime": "2024-03-30 20:16:39", "elapsed": 7037.328069, "delta": 17.293643}}
{"target": -763.154311968999, "params": {"gamma": 8.167867110735447, "lr": 0.9996888100278871}, "datetime": {"datetime": "2024-03-30 20:16:50", "elapsed": 7048.937813, "delta": 11.609744}}
{"target": -462.9315036040897, "params": {"gamma": 4.9216858173249065, "lr": 0.9307082275741938}, "datetime": {"datetime": "2024-03-30 20:17:03", "elapsed": 7061.640052, "delta": 12.702239}}
{"target": -748.1171794368827, "params": {"gamma": 6.8251854688913935, "lr": 0.38946376246543646}, "datetime": {"datetime": "2024-03-30 20:17:20", "elapsed": 7078.43116, "delta": 16.791108}}
{"target": -821.9823289773475, "params": {"gamma": 8.818839708773252, "lr": 0.7855824048801402}, "datetime": {"datetime": "2024-03-30 20:17:40", "elapsed": 7098.736368, "delta": 20.305208}}
{"target": -363.5089662523561, "params": {"gamma": 3.8457850649132013, "lr": 0.9352537686196568}, "datetime": {"datetime": "2024-03-30 20:17:55", "elapsed": 7113.510572, "delta": 14.774204}}
{"target": -166.92637693094488, "params": {"gamma": 1.7206709591281881, "lr": 0.5377072890537508}, "datetime": {"datetime": "2024-03-30 20:18:06", "elapsed": 7124.076226, "delta": 10.565654}}
{"target": -271.1028076335323, "params": {"gamma": 2.8577492867485144, "lr": 0.7564196736707249}, "datetime": {"datetime": "2024-03-30 20:18:17", "elapsed": 7135.121488, "delta": 11.045262}}
{"target": -172.83323119975822, "params": {"gamma": 1.7586864791484733, "lr": 0.9075452921570037}, "datetime": {"datetime": "2024-03-30 20:18:29", "elapsed": 7147.821316, "delta": 12.699828}}
{"target": -229.5627031710505, "params": {"gamma": 2.0466113229794907, "lr": 0.3964810395342018}, "datetime": {"datetime": "2024-03-30 20:18:41", "elapsed": 7159.15081, "delta": 11.329494}}
{"target": -345.11977473939817, "params": {"gamma": 3.1224770610999544, "lr": 0.38896991830401295}, "datetime": {"datetime": "2024-03-30 20:18:52", "elapsed": 7170.858318, "delta": 11.707508}}
{"target": -144.0000338387624, "params": {"gamma": 1.4629466829131943, "lr": 0.5170408890089273}, "datetime": {"datetime": "2024-03-30 20:19:15", "elapsed": 7193.230353, "delta": 22.372035}}
{"target": -592.9009852510216, "params": {"gamma": 5.893963590480302, "lr": 0.4737335798893102}, "datetime": {"datetime": "2024-03-30 20:19:26", "elapsed": 7204.554548, "delta": 11.324195}}
{"target": -207.08429593071986, "params": {"gamma": 2.1522816051014617, "lr": 0.6393595247279386}, "datetime": {"datetime": "2024-03-30 20:19:38", "elapsed": 7216.182351, "delta": 11.627803}}
{"target": -247.56119729269824, "params": {"gamma": 2.425081783262471, "lr": 0.4492739968054317}, "datetime": {"datetime": "2024-03-30 20:19:49", "elapsed": 7227.959107, "delta": 11.776756}}
{"target": -286.3886868391849, "params": {"gamma": 3.0099387145999446, "lr": 0.9421600745102494}, "datetime": {"datetime": "2024-03-30 20:20:01", "elapsed": 7239.3627, "delta": 11.403593}}
{"target": -202.92810027352502, "params": {"gamma": 2.1184215854345396, "lr": 0.5630867554720975}, "datetime": {"datetime": "2024-03-30 20:20:11", "elapsed": 7249.260828, "delta": 9.898128}}
{"target": -162.4407945890784, "params": {"gamma": 1.6166709327358078, "lr": 0.6878836821220581}, "datetime": {"datetime": "2024-03-30 20:20:24", "elapsed": 7262.909275, "delta": 13.648447}}
{"target": -907.1819832421386, "params": {"gamma": 2.5278417668501114, "lr": 0.0010514967864061475}, "datetime": {"datetime": "2024-03-30 20:20:40", "elapsed": 7278.741558, "delta": 15.832283}}
{"target": -115.58419636367819, "params": {"gamma": 0.18220698914666703, "lr": 0.25186752211694635}, "datetime": {"datetime": "2024-03-30 20:20:57", "elapsed": 7295.634326, "delta": 16.892768}}
{"target": -164.45195766714306, "params": {"gamma": 1.55799119861298, "lr": 0.4889723696526329}, "datetime": {"datetime": "2024-03-30 20:21:07", "elapsed": 7305.818541, "delta": 10.184215}}
{"target": -217.5266010582792, "params": {"gamma": 2.2663130780686433, "lr": 0.6591911517914385}, "datetime": {"datetime": "2024-03-30 20:21:24", "elapsed": 7322.792657, "delta": 16.974116}}
{"target": -274.79690789718194, "params": {"gamma": 2.9017251718384447, "lr": 0.522642348060252}, "datetime": {"datetime": "2024-03-30 20:21:40", "elapsed": 7338.443648, "delta": 15.650991}}
{"target": -226.69460590220822, "params": {"gamma": 2.3740104811588405, "lr": 0.752684695763439}, "datetime": {"datetime": "2024-03-30 20:22:01", "elapsed": 7359.966574, "delta": 21.522926}}
{"target": -560.9311709768308, "params": {"gamma": 5.808050280447842, "lr": 0.6793131798567984}, "datetime": {"datetime": "2024-03-30 20:22:22", "elapsed": 7380.945501, "delta": 20.978927}}
