{"target": -142.79648774074195, "params": {"gamma": 0.001, "prior": 4.122730321699938, "rate": 4.224681429739935}, "datetime": {"datetime": "2024-04-08 11:11:33", "elapsed": 1420.072306, "delta": 4.479322}}
{"target": -142.7944122441311, "params": {"gamma": 0.001, "prior": 9.076151793452969, "rate": 4.1544581436978305}, "datetime": {"datetime": "2024-04-08 11:11:36", "elapsed": 1423.476226, "delta": 3.40392}}
{"target": -142.81260088840511, "params": {"gamma": 0.0048008977877867145, "prior": 2.682126608224598, "rate": 0.7456731520433211}, "datetime": {"datetime": "2024-04-08 11:11:42", "elapsed": 1429.550862, "delta": 6.074636}}
{"target": -142.81208961523666, "params": {"gamma": 0.002757728273096607, "prior": 7.357992586252945, "rate": 8.766055864098675}, "datetime": {"datetime": "2024-04-08 11:11:50", "elapsed": 1437.801367, "delta": 8.250505}}
{"target": -142.7963349217673, "params": {"gamma": 0.001, "prior": 7.2365207639605105, "rate": 7.00791488986813}, "datetime": {"datetime": "2024-04-08 11:11:56", "elapsed": 1443.60861, "delta": 5.807243}}
{"target": -142.90598043895778, "params": {"gamma": 0.010840265554051102, "prior": 1.6479179712111702, "rate": 4.1151382712453515}, "datetime": {"datetime": "2024-04-08 11:12:00", "elapsed": 1446.995961, "delta": 3.387351}}
{"target": -142.80852703256684, "params": {"gamma": 0.006598861392100211, "prior": 2.6918480876074162, "rate": 0.17788673866059457}, "datetime": {"datetime": "2024-04-08 11:12:03", "elapsed": 1450.421031, "delta": 3.42507}}
{"target": -142.7967186118768, "params": {"gamma": 0.001, "prior": 4.521376604188676, "rate": 5.045131128304894}, "datetime": {"datetime": "2024-04-08 11:12:09", "elapsed": 1456.322513, "delta": 5.901482}}
{"target": -142.79596001516538, "params": {"gamma": 0.001, "prior": 5.335957935026512, "rate": 4.494114449677302}, "datetime": {"datetime": "2024-04-08 11:12:14", "elapsed": 1461.409542, "delta": 5.087029}}
{"target": -142.8484039717371, "params": {"gamma": 0.0061690921113846855, "prior": 5.616106578599366, "rate": 9.753227417243298}, "datetime": {"datetime": "2024-04-08 11:12:22", "elapsed": 1469.767924, "delta": 8.358382}}
{"target": -142.7971470017482, "params": {"gamma": 0.001, "prior": 6.226726236726191, "rate": 8.137183764403046}, "datetime": {"datetime": "2024-04-08 11:12:32", "elapsed": 1479.528822, "delta": 9.760898}}
{"target": -142.85885608985302, "params": {"gamma": 0.005196652932317287, "prior": 0.8509536484283232, "rate": 9.8921034020386}, "datetime": {"datetime": "2024-04-08 11:12:35", "elapsed": 1482.954571, "delta": 3.425749}}
{"target": -142.85765069479876, "params": {"gamma": 0.0161907089182336, "prior": 8.229966648293864, "rate": 1.38618505705004}, "datetime": {"datetime": "2024-04-08 11:12:43", "elapsed": 1490.568514, "delta": 7.613943}}
{"target": -142.7918081097712, "params": {"gamma": 0.001, "prior": 10.0, "rate": 1.0582552657447908}, "datetime": {"datetime": "2024-04-08 11:12:48", "elapsed": 1495.687292, "delta": 5.118778}}
{"target": -142.82407346668535, "params": {"gamma": 0.005391743458930933, "prior": 3.5305898210291167, "rate": 1.959099498382652}, "datetime": {"datetime": "2024-04-08 11:12:56", "elapsed": 1503.588499, "delta": 7.901207}}
{"target": -142.86599098308605, "params": {"gamma": 0.00599099815577486, "prior": 0.6801128781236703, "rate": 5.002543116147791}, "datetime": {"datetime": "2024-04-08 11:13:00", "elapsed": 1507.660782, "delta": 4.072283}}
{"target": -142.86116862341137, "params": {"gamma": 0.007476285715698861, "prior": 3.398303777337439, "rate": 5.829547392206813}, "datetime": {"datetime": "2024-04-08 11:13:08", "elapsed": 1515.590339, "delta": 7.929557}}
{"target": -142.83437638083328, "params": {"gamma": 0.0132540892524904, "prior": 6.452158577435428, "rate": 0.6086689376518374}, "datetime": {"datetime": "2024-04-08 11:13:13", "elapsed": 1520.010184, "delta": 4.419845}}
{"target": -142.79590564346785, "params": {"gamma": 0.001, "prior": 4.30833777616674, "rate": 3.555368842621216}, "datetime": {"datetime": "2024-04-08 11:13:23", "elapsed": 1530.451393, "delta": 10.441209}}
{"target": -142.795027227937, "params": {"gamma": 0.001, "prior": 8.932867437033071, "rate": 5.257403708551703}, "datetime": {"datetime": "2024-04-08 11:13:26", "elapsed": 1533.857431, "delta": 3.406038}}
{"target": -142.792010901228, "params": {"gamma": 0.001, "prior": 9.485023226683541, "rate": 1.1800915508740568}, "datetime": {"datetime": "2024-04-08 11:13:34", "elapsed": 1541.083665, "delta": 7.226234}}
{"target": -142.79037532912207, "params": {"gamma": 0.001, "prior": 0.38605653423463915, "rate": 0.001}, "datetime": {"datetime": "2024-04-08 11:13:39", "elapsed": 1546.006668, "delta": 4.923003}}
{"target": -142.82890692349903, "params": {"gamma": 0.009542889620429342, "prior": 9.770461507011975, "rate": 1.6863104239399918}, "datetime": {"datetime": "2024-04-08 11:13:43", "elapsed": 1550.681005, "delta": 4.674337}}
{"target": -142.84652963130722, "params": {"gamma": 0.024675986621976873, "prior": 9.703881219285984, "rate": 0.054804669142515514}, "datetime": {"datetime": "2024-04-08 11:13:47", "elapsed": 1554.24798, "delta": 3.566975}}
{"target": -142.87976242431085, "params": {"gamma": 0.006815218609683433, "prior": 0.7430226122945679, "rate": 7.182163013253319}, "datetime": {"datetime": "2024-04-08 11:13:54", "elapsed": 1561.336268, "delta": 7.088288}}
{"target": -142.79205120567661, "params": {"gamma": 0.001, "prior": 7.607928810415381, "rate": 0.9757111558559776}, "datetime": {"datetime": "2024-04-08 11:14:01", "elapsed": 1568.312684, "delta": 6.976416}}
{"target": -142.7969024613688, "params": {"gamma": 0.001, "prior": 5.50001625269988, "rate": 6.567404722053825}, "datetime": {"datetime": "2024-04-08 11:14:10", "elapsed": 1577.708564, "delta": 9.39588}}
{"target": -142.8806545526987, "params": {"gamma": 0.01585138237433983, "prior": 7.096555148568843, "rate": 2.6509448744838138}, "datetime": {"datetime": "2024-04-08 11:14:14", "elapsed": 1581.041401, "delta": 3.332837}}
{"target": -142.8220152895176, "params": {"gamma": 0.004195527170326452, "prior": 2.830214465835489, "rate": 2.6876336846867948}, "datetime": {"datetime": "2024-04-08 11:14:20", "elapsed": 1587.161801, "delta": 6.1204}}
{"target": -142.793333575551, "params": {"gamma": 0.001, "prior": 8.298653649342471, "rate": 2.308559654992225}, "datetime": {"datetime": "2024-04-08 11:14:23", "elapsed": 1590.509473, "delta": 3.347672}}
{"target": -142.8181624110673, "params": {"gamma": 0.004194948297714856, "prior": 6.888538197123359, "rate": 4.647480052580778}, "datetime": {"datetime": "2024-04-08 11:14:26", "elapsed": 1593.94981, "delta": 3.440337}}
{"target": -142.79763031069956, "params": {"gamma": 0.001, "prior": 3.276794294837182, "rate": 5.124427696290105}, "datetime": {"datetime": "2024-04-08 11:14:34", "elapsed": 1601.145709, "delta": 7.195899}}
{"target": -142.8304305320852, "params": {"gamma": 0.0043121586064637524, "prior": 4.507992502842598, "rate": 8.066247187309273}, "datetime": {"datetime": "2024-04-08 11:14:40", "elapsed": 1607.012273, "delta": 5.866564}}
{"target": -142.8108669926446, "params": {"gamma": 0.004033847916219406, "prior": 9.572245375995381, "rate": 3.4495492320728003}, "datetime": {"datetime": "2024-04-08 11:14:43", "elapsed": 1610.775741, "delta": 3.763468}}
{"target": -142.79545710917284, "params": {"gamma": 0.001, "prior": 8.506043989736956, "rate": 5.920491041991031}, "datetime": {"datetime": "2024-04-08 11:14:48", "elapsed": 1615.242443, "delta": 4.466702}}
{"target": -142.84100564521498, "params": {"gamma": 0.005055050302417354, "prior": 4.380731355246059, "rate": 9.978446702568954}, "datetime": {"datetime": "2024-04-08 11:14:52", "elapsed": 1619.739311, "delta": 4.496868}}
{"target": -142.79033263667662, "params": {"gamma": 0.001, "prior": 6.552553486498351, "rate": 0.001}, "datetime": {"datetime": "2024-04-08 11:15:00", "elapsed": 1627.233485, "delta": 7.494174}}
{"target": -142.8277832081087, "params": {"gamma": 0.003495353900065736, "prior": 2.7948033017554375, "rate": 9.285915094671916}, "datetime": {"datetime": "2024-04-08 11:15:05", "elapsed": 1632.583321, "delta": 5.349836}}
{"target": -142.79754940011912, "params": {"gamma": 0.001, "prior": 4.809698020985747, "rate": 7.2976424222943965}, "datetime": {"datetime": "2024-04-08 11:15:08", "elapsed": 1635.575239, "delta": 2.991918}}
{"target": -142.9612606980094, "params": {"gamma": 0.02575450613997052, "prior": 4.782401886878463, "rate": 2.4211481985194596}, "datetime": {"datetime": "2024-04-08 11:15:15", "elapsed": 1642.131403, "delta": 6.556164}}
{"target": -142.79634047711173, "params": {"gamma": 0.001, "prior": 9.213652409577644, "rate": 8.940968188352358}, "datetime": {"datetime": "2024-04-08 11:15:24", "elapsed": 1651.01748, "delta": 8.886077}}
{"target": -142.79306689976718, "params": {"gamma": 0.001, "prior": 9.39458760375173, "rate": 2.2737837979147835}, "datetime": {"datetime": "2024-04-08 11:15:29", "elapsed": 1656.871073, "delta": 5.853593}}
{"target": -142.7966709310071, "params": {"gamma": 0.001, "prior": 8.896567489607172, "rate": 9.754167746771929}, "datetime": {"datetime": "2024-04-08 11:15:37", "elapsed": 1664.191228, "delta": 7.320155}}
{"target": -142.81476595996227, "params": {"gamma": 0.004301594141027536, "prior": 7.050416006838369, "rate": 3.236537264032838}, "datetime": {"datetime": "2024-04-08 11:15:46", "elapsed": 1673.273019, "delta": 9.081791}}
{"target": -142.9092420204114, "params": {"gamma": 0.011043864959340503, "prior": 2.7645624852876485, "rate": 7.142459416117731}, "datetime": {"datetime": "2024-04-08 11:15:55", "elapsed": 1682.663972, "delta": 9.390953}}
{"target": -142.79119155198762, "params": {"gamma": 0.001, "prior": 8.521898605411561, "rate": 0.47592897710769894}, "datetime": {"datetime": "2024-04-08 11:16:06", "elapsed": 1693.671185, "delta": 11.007213}}
{"target": -142.9040214086645, "params": {"gamma": 0.0104687083535446, "prior": 1.7901624457349108, "rate": 4.852057271613843}, "datetime": {"datetime": "2024-04-08 11:16:11", "elapsed": 1698.925888, "delta": 5.254703}}
{"target": -142.8468260246028, "params": {"gamma": 0.008710324595679001, "prior": 7.636577622502366, "rate": 4.291211691740573}, "datetime": {"datetime": "2024-04-08 11:16:20", "elapsed": 1707.953565, "delta": 9.027677}}
{"target": -143.90575321413567, "params": {"gamma": 0.24197657422042354, "prior": 9.994881763941454, "rate": 0.024710369981181785}, "datetime": {"datetime": "2024-04-08 11:16:27", "elapsed": 1714.300126, "delta": 6.346561}}
{"target": -142.79564311679667, "params": {"gamma": 0.001, "prior": 10.0, "rate": 7.473207997501964}, "datetime": {"datetime": "2024-04-08 11:16:35", "elapsed": 1722.461435, "delta": 8.161309}}
{"target": -142.81114464434577, "params": {"gamma": 0.007665336394026083, "prior": 7.174598364330527, "rate": 0.4224741123031471}, "datetime": {"datetime": "2024-04-08 11:16:41", "elapsed": 1728.667761, "delta": 6.206326}}
{"target": -142.79850714535752, "params": {"gamma": 0.001, "prior": 4.3755145272970095, "rate": 9.574015398106907}, "datetime": {"datetime": "2024-04-08 11:16:49", "elapsed": 1736.067259, "delta": 7.399498}}
{"target": -142.94335052957476, "params": {"gamma": 0.01390589027560377, "prior": 0.8982617686882344, "rate": 2.411762784524894}, "datetime": {"datetime": "2024-04-08 11:16:54", "elapsed": 1741.791436, "delta": 5.724177}}
{"target": -142.87879115963094, "params": {"gamma": 0.006828238336286934, "prior": 0.4119656345048802, "rate": 3.5429051636375}, "datetime": {"datetime": "2024-04-08 11:17:00", "elapsed": 1747.182127, "delta": 5.390691}}
{"target": -142.80919011705174, "params": {"gamma": 0.0019934261257954704, "prior": 3.074784692597428, "rate": 7.426602794578427}, "datetime": {"datetime": "2024-04-08 11:17:05", "elapsed": 1752.450935, "delta": 5.268808}}
{"target": -142.8337467557476, "params": {"gamma": 0.009159393982880952, "prior": 7.515619661186429, "rate": 1.9373827231980145}, "datetime": {"datetime": "2024-04-08 11:17:16", "elapsed": 1763.161929, "delta": 10.710994}}
{"target": -142.79033321436424, "params": {"gamma": 0.001, "prior": 5.3941375152841795, "rate": 0.001}, "datetime": {"datetime": "2024-04-08 11:17:26", "elapsed": 1773.54494, "delta": 10.383011}}
{"target": -142.82366970235415, "params": {"gamma": 0.005777926251018681, "prior": 1.7791554093461563, "rate": 0.7993620531911302}, "datetime": {"datetime": "2024-04-08 11:17:34", "elapsed": 1781.042604, "delta": 7.497664}}
{"target": -142.7984479888372, "params": {"gamma": 0.001, "prior": 4.219229313745831, "rate": 9.019551309635194}, "datetime": {"datetime": "2024-04-08 11:17:39", "elapsed": 1786.280051, "delta": 5.237447}}
{"target": -142.79033597401144, "params": {"gamma": 0.001, "prior": 2.9237187476487416, "rate": 0.001}, "datetime": {"datetime": "2024-04-08 11:17:48", "elapsed": 1795.580135, "delta": 9.300084}}
{"target": -142.82231421754753, "params": {"gamma": 0.007175367265065954, "prior": 5.677761177995266, "rate": 1.317177078951903}, "datetime": {"datetime": "2024-04-08 11:17:56", "elapsed": 1802.997615, "delta": 7.41748}}
{"target": -142.90826218038058, "params": {"gamma": 0.00922351925082181, "prior": 1.3711203019874119, "rate": 9.4153467236974}, "datetime": {"datetime": "2024-04-08 11:18:04", "elapsed": 1811.413277, "delta": 8.415662}}
{"target": -142.86143423037873, "params": {"gamma": 0.011106494983654718, "prior": 1.1161076736908389, "rate": 0.5862451553590912}, "datetime": {"datetime": "2024-04-08 11:18:07", "elapsed": 1814.95418, "delta": 3.540903}}
{"target": -142.89135813374344, "params": {"gamma": 0.018541780285723314, "prior": 6.250533092802732, "rate": 2.0390733912794863}, "datetime": {"datetime": "2024-04-08 11:18:11", "elapsed": 1818.502668, "delta": 3.548488}}
{"target": -142.90569429745727, "params": {"gamma": 0.015491828379477452, "prior": 5.82201598357472, "rate": 4.318389513078536}, "datetime": {"datetime": "2024-04-08 11:18:17", "elapsed": 1824.566709, "delta": 6.064041}}
{"target": -142.79081290063016, "params": {"gamma": 0.001, "prior": 10.0, "rate": 0.2949112840476919}, "datetime": {"datetime": "2024-04-08 11:18:28", "elapsed": 1835.90108, "delta": 11.334371}}
{"target": -142.82720774053413, "params": {"gamma": 0.004646779004470454, "prior": 0.4095342377380816, "rate": 0.4381944587189581}, "datetime": {"datetime": "2024-04-08 11:18:36", "elapsed": 1842.992764, "delta": 7.091684}}
{"target": -142.7971364884311, "params": {"gamma": 0.001, "prior": 6.750813397014423, "rate": 8.78786925168891}, "datetime": {"datetime": "2024-04-08 11:18:41", "elapsed": 1848.933943, "delta": 5.941179}}
{"target": -142.8155223157475, "params": {"gamma": 0.0043855781208070954, "prior": 6.198173645850739, "rate": 2.909418968871779}, "datetime": {"datetime": "2024-04-08 11:18:46", "elapsed": 1853.385296, "delta": 4.451353}}
{"target": -142.8011622558024, "params": {"gamma": 0.0010784611259277584, "prior": 1.1024332616890977, "rate": 5.114426164422603}, "datetime": {"datetime": "2024-04-08 11:18:55", "elapsed": 1862.729423, "delta": 9.344127}}
{"target": -142.79421909179234, "params": {"gamma": 0.001, "prior": 8.78163618755192, "rate": 3.7009632686187994}, "datetime": {"datetime": "2024-04-08 11:19:05", "elapsed": 1872.422648, "delta": 9.693225}}
{"target": -142.81154441413508, "params": {"gamma": 0.001971385177342089, "prior": 1.9548571184615835, "rate": 8.359724072521646}, "datetime": {"datetime": "2024-04-08 11:19:16", "elapsed": 1883.118133, "delta": 10.695485}}
{"target": -142.79719417061116, "params": {"gamma": 0.001, "prior": 5.565879126053008, "rate": 7.401501884010532}, "datetime": {"datetime": "2024-04-08 11:19:24", "elapsed": 1891.787927, "delta": 8.669794}}
{"target": -143.01785589134363, "params": {"gamma": 0.017500032904993804, "prior": 1.035104165127549, "rate": 6.132438979384317}, "datetime": {"datetime": "2024-04-08 11:19:33", "elapsed": 1900.753576, "delta": 8.965649}}
{"target": -142.79097309858767, "params": {"gamma": 0.001, "prior": 9.068738763174569, "rate": 0.3652168629373214}, "datetime": {"datetime": "2024-04-08 11:19:43", "elapsed": 1910.604951, "delta": 9.851375}}
{"target": -142.79982203862068, "params": {"gamma": 0.001, "prior": 2.6187080836859127, "rate": 10.0}, "datetime": {"datetime": "2024-04-08 11:19:52", "elapsed": 1918.979597, "delta": 8.374646}}
{"target": -142.79864665691687, "params": {"gamma": 0.003479304991567732, "prior": 1.9858100214183456, "rate": 0.12155055462432666}, "datetime": {"datetime": "2024-04-08 11:19:56", "elapsed": 1923.956576, "delta": 4.976979}}
{"target": -142.8390591099963, "params": {"gamma": 0.0035223514731068852, "prior": 0.17438417223501723, "rate": 6.299482989582691}, "datetime": {"datetime": "2024-04-08 11:20:01", "elapsed": 1928.259434, "delta": 4.302858}}
{"target": -142.79561013626923, "params": {"gamma": 0.001, "prior": 3.5259950905870165, "rate": 2.6021843174576027}, "datetime": {"datetime": "2024-04-08 11:20:07", "elapsed": 1934.666512, "delta": 6.407078}}
{"target": -142.801603761551, "params": {"gamma": 0.001, "prior": 0.5817280538660913, "rate": 6.398135966047702}, "datetime": {"datetime": "2024-04-08 11:20:11", "elapsed": 1938.309437, "delta": 3.642925}}
{"target": -142.8164287462906, "params": {"gamma": 0.004540976490816126, "prior": 2.596090692002608, "rate": 1.2110579202562433}, "datetime": {"datetime": "2024-04-08 11:20:17", "elapsed": 1944.195701, "delta": 5.886264}}
{"target": -142.8208313208096, "params": {"gamma": 0.00472095887170295, "prior": 5.36344426614841, "rate": 3.303813707476247}, "datetime": {"datetime": "2024-04-08 11:20:23", "elapsed": 1950.027495, "delta": 5.831794}}
{"target": -142.82748335184377, "params": {"gamma": 0.003898426941546408, "prior": 1.586467591192045, "rate": 3.170866047097695}, "datetime": {"datetime": "2024-04-08 11:20:29", "elapsed": 1956.413989, "delta": 6.386494}}
{"target": -142.79389902986676, "params": {"gamma": 0.001, "prior": 4.605969442707194, "rate": 1.6827404714405434}, "datetime": {"datetime": "2024-04-08 11:20:33", "elapsed": 1960.396381, "delta": 3.982392}}
{"target": -142.82211137594467, "params": {"gamma": 0.004524872897706887, "prior": 2.3454986833203084, "rate": 1.8045370924952788}, "datetime": {"datetime": "2024-04-08 11:20:37", "elapsed": 1964.958095, "delta": 4.561714}}
{"target": -142.79033222614305, "params": {"gamma": 0.001, "prior": 7.732469419415501, "rate": 0.001}, "datetime": {"datetime": "2024-04-08 11:20:44", "elapsed": 1971.698307, "delta": 6.740212}}
{"target": -142.82203688808303, "params": {"gamma": 0.0032557189771980676, "prior": 2.2491341147459347, "rate": 5.108815938395454}, "datetime": {"datetime": "2024-04-08 11:20:50", "elapsed": 1977.743906, "delta": 6.045599}}
{"target": -142.79554028485936, "params": {"gamma": 0.001, "prior": 8.865643306011114, "rate": 6.370725804802048}, "datetime": {"datetime": "2024-04-08 11:21:09", "elapsed": 1996.627467, "delta": 18.883561}}
{"target": -142.86076943184852, "params": {"gamma": 0.010246225179267588, "prior": 9.441517124928332, "rate": 6.018043406094329}, "datetime": {"datetime": "2024-04-08 11:21:14", "elapsed": 2001.138029, "delta": 4.510562}}
{"target": -142.80047928087203, "params": {"gamma": 0.001, "prior": 1.3907141410246961, "rate": 7.3648565562509285}, "datetime": {"datetime": "2024-04-08 11:21:20", "elapsed": 2007.125175, "delta": 5.987146}}
{"target": -142.79748450819872, "params": {"gamma": 0.001, "prior": 6.537834892453096, "rate": 9.68263235529394}, "datetime": {"datetime": "2024-04-08 11:21:23", "elapsed": 2010.65893, "delta": 3.533755}}
{"target": -142.79510015987495, "params": {"gamma": 0.001, "prior": 4.184571023262275, "rate": 2.5348917640397204}, "datetime": {"datetime": "2024-04-08 11:21:33", "elapsed": 2020.127657, "delta": 9.468727}}
{"target": -142.7960599193622, "params": {"gamma": 0.001, "prior": 4.671695225249253, "rate": 4.084436964295319}, "datetime": {"datetime": "2024-04-08 11:21:38", "elapsed": 2025.14278, "delta": 5.015123}}
{"target": -142.8680720627996, "params": {"gamma": 0.00966729140604954, "prior": 1.4282736762236399, "rate": 1.4061332528803179}, "datetime": {"datetime": "2024-04-08 11:21:43", "elapsed": 2030.771259, "delta": 5.628479}}
{"target": -142.94147303885865, "params": {"gamma": 0.01640486356454903, "prior": 4.934704139920481, "rate": 6.71687277435461}, "datetime": {"datetime": "2024-04-08 11:21:49", "elapsed": 2036.421447, "delta": 5.650188}}
{"target": -142.8342843613391, "params": {"gamma": 0.004081142394273358, "prior": 2.1606515551742995, "rate": 7.025888890331551}, "datetime": {"datetime": "2024-04-08 11:21:57", "elapsed": 2044.298304, "delta": 7.876857}}
{"target": -142.819016997666, "params": {"gamma": 0.004807942136131414, "prior": 8.075753478033482, "rate": 4.07425103979626}, "datetime": {"datetime": "2024-04-08 11:22:10", "elapsed": 2057.420965, "delta": 13.122661}}
{"target": -142.86061343024664, "params": {"gamma": 0.005783006876837782, "prior": 1.497370293248466, "rate": 8.490952640915442}, "datetime": {"datetime": "2024-04-08 11:22:15", "elapsed": 2062.619451, "delta": 5.198486}}
{"target": -142.7964403075566, "params": {"gamma": 0.001, "prior": 8.565963940210894, "rate": 8.625263360363201}, "datetime": {"datetime": "2024-04-08 11:22:22", "elapsed": 2069.31271, "delta": 6.693259}}
{"target": -142.93365171432137, "params": {"gamma": 0.021962765737837505, "prior": 9.511446893190762, "rate": 4.742343748760505}, "datetime": {"datetime": "2024-04-08 11:22:31", "elapsed": 2078.668902, "delta": 9.356192}}
{"target": -142.81524891902217, "params": {"gamma": 0.004442135925020862, "prior": 5.62223804248839, "rate": 2.487428991865801}, "datetime": {"datetime": "2024-04-08 11:22:38", "elapsed": 2085.239463, "delta": 6.570561}}
{"target": -142.79285921724997, "params": {"gamma": 0.001, "prior": 7.947410327741523, "rate": 1.7153409185211292}, "datetime": {"datetime": "2024-04-08 11:22:47", "elapsed": 2094.01219, "delta": 8.772727}}
