{"target": -132.33046359866725, "params": {"gamma": 0.569356529790811, "lr": 0.34879129801621545}, "datetime": {"datetime": "2024-03-30 10:18:40", "elapsed": 43515.994638, "delta": 81.617512}}
{"target": -136.04398233702014, "params": {"gamma": 0.10108853823604431, "lr": 0.3963597005911276}, "datetime": {"datetime": "2024-03-30 10:20:20", "elapsed": 43616.059371, "delta": 100.064733}}
{"target": -133.87521683410742, "params": {"gamma": 0.17526097454757644, "lr": 0.2647548256878929}, "datetime": {"datetime": "2024-03-30 10:22:30", "elapsed": 43745.560597, "delta": 129.501226}}
{"target": -128.5333400782391, "params": {"gamma": 0.41983288392740664, "lr": 0.34226794015323636}, "datetime": {"datetime": "2024-03-30 10:24:22", "elapsed": 43858.097767, "delta": 112.53717}}
{"target": -134.54955459823404, "params": {"gamma": 0.17305996545686028, "lr": 0.487875299820244}, "datetime": {"datetime": "2024-03-30 10:26:02", "elapsed": 43957.922312, "delta": 99.824545}}
{"target": -142.0290739209595, "params": {"gamma": 0.001, "lr": 0.20151477072355758}, "datetime": {"datetime": "2024-03-30 10:27:47", "elapsed": 44063.179919, "delta": 105.257607}}
{"target": -140.50042211746677, "params": {"gamma": 0.08178156058110352, "lr": 0.1351003937131785}, "datetime": {"datetime": "2024-03-30 10:29:43", "elapsed": 44178.491121, "delta": 115.311202}}
{"target": -140.8435286861706, "params": {"gamma": 0.019790611944969026, "lr": 0.20625511402764773}, "datetime": {"datetime": "2024-03-30 10:31:08", "elapsed": 44263.421146, "delta": 84.930025}}
{"target": -131.0154903473604, "params": {"gamma": 0.3811826475489567, "lr": 0.38765482466608303}, "datetime": {"datetime": "2024-03-30 10:33:27", "elapsed": 44403.074753, "delta": 139.653607}}
{"target": -133.4631650649028, "params": {"gamma": 0.37001691343121523, "lr": 0.4887737625149984}, "datetime": {"datetime": "2024-03-30 10:34:57", "elapsed": 44492.97251, "delta": 89.897757}}
{"target": -142.026851139613, "params": {"gamma": 0.001, "lr": 0.6562126102347511}, "datetime": {"datetime": "2024-03-30 10:36:06", "elapsed": 44561.941987, "delta": 68.969477}}
{"target": -153.54438471775438, "params": {"gamma": 0.6534835254748738, "lr": 0.22205509769773196}, "datetime": {"datetime": "2024-03-30 10:38:19", "elapsed": 44695.204716, "delta": 133.262729}}
{"target": -135.08300040518955, "params": {"gamma": 0.2318017342035182, "lr": 0.6293980172259982}, "datetime": {"datetime": "2024-03-30 10:40:25", "elapsed": 44820.532375, "delta": 125.327659}}
{"target": -138.33069985714434, "params": {"gamma": 0.17667156578218285, "lr": 0.8683021182015445}, "datetime": {"datetime": "2024-03-30 10:42:52", "elapsed": 44968.092483, "delta": 147.560108}}
{"target": -134.09595919729358, "params": {"gamma": 0.28474887522977976, "lr": 0.5013138620044792}, "datetime": {"datetime": "2024-03-30 10:44:17", "elapsed": 45053.08728, "delta": 84.994797}}
{"target": -128.02157034137232, "params": {"gamma": 0.3442875805155603, "lr": 0.3470042287319737}, "datetime": {"datetime": "2024-03-30 10:46:19", "elapsed": 45175.049358, "delta": 121.962078}}
{"target": -131.1557734989776, "params": {"gamma": 0.39563812662438264, "lr": 0.3937905982451749}, "datetime": {"datetime": "2024-03-30 10:47:58", "elapsed": 45274.327737, "delta": 99.278379}}
{"target": -129.2218439864147, "params": {"gamma": 0.3418458942687017, "lr": 0.4055236006111511}, "datetime": {"datetime": "2024-03-30 10:49:24", "elapsed": 45359.551805, "delta": 85.224068}}
{"target": -130.8638476247246, "params": {"gamma": 0.23307025351700458, "lr": 0.43235530859918625}, "datetime": {"datetime": "2024-03-30 10:51:27", "elapsed": 45482.959094, "delta": 123.407289}}
{"target": -162.02188334357484, "params": {"gamma": 1.0693193606854194, "lr": 0.354840822414222}, "datetime": {"datetime": "2024-03-30 10:52:53", "elapsed": 45568.742448, "delta": 85.783354}}
{"target": -135.20675600965143, "params": {"gamma": 0.21461943175011525, "lr": 0.6984491964358226}, "datetime": {"datetime": "2024-03-30 10:54:14", "elapsed": 45650.159429, "delta": 81.416981}}
{"target": -129.62322067009694, "params": {"gamma": 0.41317008065569116, "lr": 0.4281355861001086}, "datetime": {"datetime": "2024-03-30 10:55:28", "elapsed": 45724.299045, "delta": 74.139616}}
{"target": -134.7641271348725, "params": {"gamma": 0.16112288683134277, "lr": 0.23614819376111185}, "datetime": {"datetime": "2024-03-30 10:57:45", "elapsed": 45860.816128, "delta": 136.517083}}
{"target": -144.58193860058165, "params": {"gamma": 0.5926717058717739, "lr": 0.2370841770433748}, "datetime": {"datetime": "2024-03-30 10:58:50", "elapsed": 45925.528438, "delta": 64.71231}}
{"target": -131.16628749165181, "params": {"gamma": 0.1762367349137249, "lr": 0.3583805766992937}, "datetime": {"datetime": "2024-03-30 11:00:35", "elapsed": 46031.21398, "delta": 105.685542}}
{"target": -130.90189264567522, "params": {"gamma": 0.36551712082202575, "lr": 0.3925336971800867}, "datetime": {"datetime": "2024-03-30 11:02:34", "elapsed": 46149.484981, "delta": 118.271001}}
{"target": -128.06263113905808, "params": {"gamma": 0.32599187553448555, "lr": 0.33561711163319463}, "datetime": {"datetime": "2024-03-30 11:04:30", "elapsed": 46265.759383, "delta": 116.274402}}
{"target": -138.6078226016976, "params": {"gamma": 0.4134868575931485, "lr": 0.5844915853685356}, "datetime": {"datetime": "2024-03-30 11:05:54", "elapsed": 46349.610362, "delta": 83.850979}}
{"target": -140.55351331056184, "params": {"gamma": 0.022241317450626494, "lr": 0.38474879944269735}, "datetime": {"datetime": "2024-03-30 11:07:59", "elapsed": 46474.843503, "delta": 125.233141}}
{"target": -130.97859030625685, "params": {"gamma": 0.2863608873766749, "lr": 0.39634197473224897}, "datetime": {"datetime": "2024-03-30 11:10:09", "elapsed": 46604.957252, "delta": 130.113749}}
{"target": -135.16807123806143, "params": {"gamma": 0.18165776999916267, "lr": 0.6979045730017291}, "datetime": {"datetime": "2024-03-30 11:12:01", "elapsed": 46717.276296, "delta": 112.319044}}
{"target": -130.2912144566869, "params": {"gamma": 0.5050858484736114, "lr": 0.36002223632064456}, "datetime": {"datetime": "2024-03-30 11:14:00", "elapsed": 46835.948275, "delta": 118.671979}}
{"target": -136.1498099630766, "params": {"gamma": 0.11360609469838154, "lr": 0.5366010816145061}, "datetime": {"datetime": "2024-03-30 11:15:24", "elapsed": 46920.055174, "delta": 84.106899}}
{"target": -128.08569315137134, "params": {"gamma": 0.37205959546189, "lr": 0.3454526497643613}, "datetime": {"datetime": "2024-03-30 11:17:05", "elapsed": 47020.365583, "delta": 100.310409}}
{"target": -135.7394613226249, "params": {"gamma": 0.31542721344882213, "lr": 0.548561000132901}, "datetime": {"datetime": "2024-03-30 11:18:59", "elapsed": 47134.417473, "delta": 114.05189}}
{"target": -137.36660364115366, "params": {"gamma": 0.08977929748689906, "lr": 0.20484939064535312}, "datetime": {"datetime": "2024-03-30 11:20:20", "elapsed": 47216.237324, "delta": 81.819851}}
{"target": -128.8669593848618, "params": {"gamma": 0.44139475152130814, "lr": 0.35669877390496973}, "datetime": {"datetime": "2024-03-30 11:22:04", "elapsed": 47320.220802, "delta": 103.983478}}
{"target": -130.10167877379158, "params": {"gamma": 0.446704934305792, "lr": 0.4219023116949252}, "datetime": {"datetime": "2024-03-30 11:24:01", "elapsed": 47436.72569, "delta": 116.504888}}
{"target": -130.17484545007395, "params": {"gamma": 0.24575295149710555, "lr": 0.41596274354106255}, "datetime": {"datetime": "2024-03-30 11:26:12", "elapsed": 47567.333801, "delta": 130.608111}}
{"target": -133.71816777980106, "params": {"gamma": 0.2994163597624246, "lr": 0.2802682771408024}, "datetime": {"datetime": "2024-03-30 11:27:34", "elapsed": 47650.050489, "delta": 82.716688}}
{"target": -135.00813289676722, "params": {"gamma": 0.3699255337562923, "lr": 0.2447244129555305}, "datetime": {"datetime": "2024-03-30 11:28:47", "elapsed": 47722.641646, "delta": 72.591157}}
{"target": -138.44143242863888, "params": {"gamma": 0.11647447930985755, "lr": 1.0}, "datetime": {"datetime": "2024-03-30 11:30:02", "elapsed": 47797.795463, "delta": 75.153817}}
{"target": -129.3225463210185, "params": {"gamma": 0.3121862724904805, "lr": 0.4068575099855434}, "datetime": {"datetime": "2024-03-30 11:31:38", "elapsed": 47893.49791, "delta": 95.702447}}
{"target": -130.88486840690427, "params": {"gamma": 0.18371785258139697, "lr": 0.33973415387923067}, "datetime": {"datetime": "2024-03-30 11:33:22", "elapsed": 47998.079162, "delta": 104.581252}}
{"target": -138.21220110725196, "params": {"gamma": 0.0625346759780082, "lr": 0.7085939114272899}, "datetime": {"datetime": "2024-03-30 11:34:53", "elapsed": 48089.311903, "delta": 91.232741}}
{"target": -133.75292272443377, "params": {"gamma": 0.5849661451349554, "lr": 0.4194454707020253}, "datetime": {"datetime": "2024-03-30 11:37:12", "elapsed": 48227.500296, "delta": 138.188393}}
{"target": -133.44196961182294, "params": {"gamma": 0.23325543674476404, "lr": 0.4954140842016138}, "datetime": {"datetime": "2024-03-30 11:39:40", "elapsed": 48375.548795, "delta": 148.048499}}
{"target": -128.41170382201904, "params": {"gamma": 0.4103336444858387, "lr": 0.348248268668245}, "datetime": {"datetime": "2024-03-30 11:41:32", "elapsed": 48488.072778, "delta": 112.523983}}
{"target": -128.92237924974515, "params": {"gamma": 0.444552638147726, "lr": 0.34152014363276817}, "datetime": {"datetime": "2024-03-30 11:43:03", "elapsed": 48578.950724, "delta": 90.877946}}
{"target": -140.80958018474269, "params": {"gamma": 0.021140836714143033, "lr": 0.4958742194840656}, "datetime": {"datetime": "2024-03-30 11:44:34", "elapsed": 48669.915264, "delta": 90.96454}}
{"target": -128.9304637569653, "params": {"gamma": 0.2530091637014737, "lr": 0.33681072233980713}, "datetime": {"datetime": "2024-03-30 11:46:15", "elapsed": 48771.107203, "delta": 101.191939}}
{"target": -139.37624532859826, "params": {"gamma": 0.29756183148075765, "lr": 0.1928939705652164}, "datetime": {"datetime": "2024-03-30 11:47:50", "elapsed": 48865.873314, "delta": 94.766111}}
{"target": -138.97323093071216, "params": {"gamma": 0.05264533210676343, "lr": 0.7928514638168791}, "datetime": {"datetime": "2024-03-30 11:49:56", "elapsed": 48991.970508, "delta": 126.097194}}
{"target": -135.73925754183927, "params": {"gamma": 0.13525385361414985, "lr": 0.6867826765905329}, "datetime": {"datetime": "2024-03-30 11:51:40", "elapsed": 49095.887192, "delta": 103.916684}}
{"target": -135.26770067968246, "params": {"gamma": 0.16316671308340452, "lr": 0.617087830645397}, "datetime": {"datetime": "2024-03-30 11:54:05", "elapsed": 49240.354814, "delta": 144.467622}}
{"target": -138.47384961696062, "params": {"gamma": 0.565222442327345, "lr": 0.4824197733217097}, "datetime": {"datetime": "2024-03-30 11:56:37", "elapsed": 49392.711117, "delta": 152.356303}}
{"target": -129.32832606149358, "params": {"gamma": 0.4653650117611363, "lr": 0.3586287839335822}, "datetime": {"datetime": "2024-03-30 11:58:37", "elapsed": 49512.532715, "delta": 119.821598}}
{"target": -136.7416137729451, "params": {"gamma": 0.11089260305296704, "lr": 0.5702381573384764}, "datetime": {"datetime": "2024-03-30 12:00:20", "elapsed": 49615.329574, "delta": 102.796859}}
{"target": -137.98058743342202, "params": {"gamma": 0.07539022408765572, "lr": 0.45738347929621737}, "datetime": {"datetime": "2024-03-30 12:02:15", "elapsed": 49731.265763, "delta": 115.936189}}
{"target": -135.02360090955074, "params": {"gamma": 0.2629901890846093, "lr": 0.5461608942867789}, "datetime": {"datetime": "2024-03-30 12:03:39", "elapsed": 49814.466254, "delta": 83.200491}}
{"target": -133.96051416843, "params": {"gamma": 0.11595608429305124, "lr": 0.3387297331984749}, "datetime": {"datetime": "2024-03-30 12:05:43", "elapsed": 49938.590248, "delta": 124.123994}}
{"target": -131.62148990957132, "params": {"gamma": 0.516195243126118, "lr": 0.41111747779877605}, "datetime": {"datetime": "2024-03-30 12:08:37", "elapsed": 50112.667714, "delta": 174.077466}}
{"target": -128.12536555896912, "params": {"gamma": 0.31419683894897904, "lr": 0.34742821612007113}, "datetime": {"datetime": "2024-03-30 12:10:53", "elapsed": 50248.68464, "delta": 136.016926}}
{"target": -137.54685785177958, "params": {"gamma": 0.08926177080831296, "lr": 0.7952470018304801}, "datetime": {"datetime": "2024-03-30 12:11:59", "elapsed": 50315.116278, "delta": 66.431638}}
{"target": -146.67440943202536, "params": {"gamma": 0.8162792461521431, "lr": 0.39429226590516364}, "datetime": {"datetime": "2024-03-30 12:14:31", "elapsed": 50466.694416, "delta": 151.578138}}
{"target": -135.57118620006074, "params": {"gamma": 0.25533513124226803, "lr": 0.7102343563949594}, "datetime": {"datetime": "2024-03-30 12:16:11", "elapsed": 50567.225432, "delta": 100.531016}}
{"target": -144.96916090630543, "params": {"gamma": 0.7088639525069151, "lr": 0.4568294700143961}, "datetime": {"datetime": "2024-03-30 12:17:57", "elapsed": 50672.488427, "delta": 105.262995}}
{"target": -133.11606849571282, "params": {"gamma": 0.3294049271516705, "lr": 0.4575694853132426}, "datetime": {"datetime": "2024-03-30 12:20:04", "elapsed": 50800.298409, "delta": 127.809982}}
{"target": -130.45362340588386, "params": {"gamma": 0.2582474509922924, "lr": 0.4410925839112029}, "datetime": {"datetime": "2024-03-30 12:22:53", "elapsed": 50968.57241, "delta": 168.274001}}
{"target": -135.68793133625215, "params": {"gamma": 0.2534325999189417, "lr": 0.6755296955213069}, "datetime": {"datetime": "2024-03-30 12:24:43", "elapsed": 51078.752149, "delta": 110.179739}}
{"target": -128.04833823125978, "params": {"gamma": 0.3298479760306132, "lr": 0.34165340443246583}, "datetime": {"datetime": "2024-03-30 12:26:28", "elapsed": 51183.691802, "delta": 104.939653}}
{"target": -132.29191859892103, "params": {"gamma": 0.36273369615316214, "lr": 0.45412812022494464}, "datetime": {"datetime": "2024-03-30 12:28:17", "elapsed": 51292.390747, "delta": 108.698945}}
{"target": -135.5133769744575, "params": {"gamma": 0.13887986977032868, "lr": 0.49672472502874065}, "datetime": {"datetime": "2024-03-30 12:30:14", "elapsed": 51409.969935, "delta": 117.579188}}
{"target": -135.2515771476753, "params": {"gamma": 0.16448573180890233, "lr": 0.20268281262709342}, "datetime": {"datetime": "2024-03-30 12:32:20", "elapsed": 51535.959445, "delta": 125.98951}}
{"target": -143.89455992194166, "params": {"gamma": 0.5272905317091486, "lr": 0.5709970126219776}, "datetime": {"datetime": "2024-03-30 12:35:04", "elapsed": 51700.104535, "delta": 164.14509}}
{"target": -129.66605185719519, "params": {"gamma": 0.2767131402755035, "lr": 0.4142070349004403}, "datetime": {"datetime": "2024-03-30 12:36:07", "elapsed": 51762.423281, "delta": 62.318746}}
{"target": -129.22694971098377, "params": {"gamma": 0.33708060805388285, "lr": 0.4268150343119058}, "datetime": {"datetime": "2024-03-30 12:38:04", "elapsed": 51880.30488, "delta": 117.881599}}
{"target": -128.07222596116918, "params": {"gamma": 0.36919987489265005, "lr": 0.3507615614348011}, "datetime": {"datetime": "2024-03-30 12:39:39", "elapsed": 51974.791191, "delta": 94.486311}}
{"target": -141.7268513056639, "params": {"gamma": 0.4162780036223112, "lr": 0.7094945154484954}, "datetime": {"datetime": "2024-03-30 12:42:08", "elapsed": 52123.705771, "delta": 148.91458}}
{"target": -147.39377215018695, "params": {"gamma": 0.6337814087013152, "lr": 0.27000879083418894}, "datetime": {"datetime": "2024-03-30 12:44:22", "elapsed": 52258.19915, "delta": 134.493379}}
{"target": -138.77622588978758, "params": {"gamma": 0.05529135638252931, "lr": 0.2465625055278119}, "datetime": {"datetime": "2024-03-30 12:45:59", "elapsed": 52355.297614, "delta": 97.098464}}
{"target": -129.85907244040115, "params": {"gamma": 0.43122647804856357, "lr": 0.4205196413872402}, "datetime": {"datetime": "2024-03-30 12:47:06", "elapsed": 52422.321761, "delta": 67.024147}}
{"target": -133.83664161194739, "params": {"gamma": 0.3004049424134366, "lr": 0.23612945666448637}, "datetime": {"datetime": "2024-03-30 12:48:32", "elapsed": 52507.473649, "delta": 85.151888}}
{"target": -142.0671485141983, "params": {"gamma": 0.001, "lr": 0.01870557553993551}, "datetime": {"datetime": "2024-03-30 12:50:28", "elapsed": 52623.769889, "delta": 116.29624}}
{"target": -129.51990797275823, "params": {"gamma": 0.22734713753005256, "lr": 0.3546890638638639}, "datetime": {"datetime": "2024-03-30 12:52:35", "elapsed": 52750.864706, "delta": 127.094817}}
{"target": -136.90483374449283, "params": {"gamma": 0.3636316246030163, "lr": 0.5661486770693753}, "datetime": {"datetime": "2024-03-30 12:53:47", "elapsed": 52822.935288, "delta": 72.070582}}
{"target": -129.64206200426133, "params": {"gamma": 0.4794456062394611, "lr": 0.35796603415633366}, "datetime": {"datetime": "2024-03-30 12:55:24", "elapsed": 52919.597, "delta": 96.661712}}
{"target": -129.17179210537245, "params": {"gamma": 0.24167567990692926, "lr": 0.3419767395573201}, "datetime": {"datetime": "2024-03-30 12:57:21", "elapsed": 53037.118969, "delta": 117.521969}}
{"target": -129.3519929028102, "params": {"gamma": 0.3837313824386977, "lr": 0.41359149685799257}, "datetime": {"datetime": "2024-03-30 12:59:46", "elapsed": 53181.499496, "delta": 144.380527}}
{"target": -132.99900584079847, "params": {"gamma": 0.5048312204319685, "lr": 0.441606794159058}, "datetime": {"datetime": "2024-03-30 13:01:09", "elapsed": 53265.212432, "delta": 83.712936}}
{"target": -128.20524383878652, "params": {"gamma": 0.39001011340221586, "lr": 0.34642574446844776}, "datetime": {"datetime": "2024-03-30 13:03:11", "elapsed": 53386.94707, "delta": 121.734638}}
{"target": -135.3514523675913, "params": {"gamma": 0.2754043042994346, "lr": 0.6099952670037847}, "datetime": {"datetime": "2024-03-30 13:05:36", "elapsed": 53531.597595, "delta": 144.650525}}
{"target": -128.52905241546816, "params": {"gamma": 0.2761404666057317, "lr": 0.3429209314763376}, "datetime": {"datetime": "2024-03-30 13:07:54", "elapsed": 53669.559864, "delta": 137.962269}}
{"target": -139.084698682658, "params": {"gamma": 0.28682831496005495, "lr": 0.7805417835848254}, "datetime": {"datetime": "2024-03-30 13:09:53", "elapsed": 53788.34094, "delta": 118.781076}}
{"target": -137.8192594422483, "params": {"gamma": 0.14446447972951215, "lr": 0.8358445833226841}, "datetime": {"datetime": "2024-03-30 13:12:04", "elapsed": 53919.863957, "delta": 131.523017}}
{"target": -138.50097469948818, "params": {"gamma": 0.17131069487452893, "lr": 0.9816844177019797}, "datetime": {"datetime": "2024-03-30 13:13:50", "elapsed": 54026.206985, "delta": 106.343028}}
{"target": -129.38519636648908, "params": {"gamma": 0.3033137124380783, "lr": 0.41236637596097114}, "datetime": {"datetime": "2024-03-30 13:15:57", "elapsed": 54153.072611, "delta": 126.865626}}
{"target": -140.1069584841684, "params": {"gamma": 0.03372709486281608, "lr": 0.9812527674520171}, "datetime": {"datetime": "2024-03-30 13:17:51", "elapsed": 54266.780867, "delta": 113.708256}}
{"target": -137.97892278118218, "params": {"gamma": 0.06811914848804893, "lr": 0.6784286592169226}, "datetime": {"datetime": "2024-03-30 13:19:26", "elapsed": 54362.092443, "delta": 95.311576}}
{"target": -140.78932743501264, "params": {"gamma": 0.01966504858131761, "lr": 1.0}, "datetime": {"datetime": "2024-03-30 13:21:11", "elapsed": 54466.960417, "delta": 104.867974}}
{"target": -132.41421906997294, "params": {"gamma": 0.14675905463845546, "lr": 0.3371247655702613}, "datetime": {"datetime": "2024-03-30 13:23:39", "elapsed": 54615.226141, "delta": 148.265724}}
{"target": -128.07264630002172, "params": {"gamma": 0.323683272978087, "lr": 0.3392251180573461}, "datetime": {"datetime": "2024-03-30 13:26:19", "elapsed": 54774.712136, "delta": 159.485995}}
{"target": -128.0371059019637, "params": {"gamma": 0.35907697803107236, "lr": 0.34748893344663867}, "datetime": {"datetime": "2024-03-30 13:28:21", "elapsed": 54896.814386, "delta": 122.10225}}
{"target": -128.5080987553133, "params": {"gamma": 0.41795893457105, "lr": 0.34834150361072813}, "datetime": {"datetime": "2024-03-30 13:30:26", "elapsed": 55022.138109, "delta": 125.323723}}
{"target": -137.30503799688472, "params": {"gamma": 0.37658101135826993, "lr": 0.21780842928461175}, "datetime": {"datetime": "2024-03-30 13:32:49", "elapsed": 55164.411768, "delta": 142.273659}}
{"target": -132.7599338040771, "params": {"gamma": 0.1579201844554274, "lr": 0.4145860935143546}, "datetime": {"datetime": "2024-03-30 13:34:33", "elapsed": 55269.040887, "delta": 104.629119}}
{"target": -139.6677478433463, "params": {"gamma": 0.6397700028840355, "lr": 0.4477140484358093}, "datetime": {"datetime": "2024-03-30 13:36:59", "elapsed": 55414.609607, "delta": 145.56872}}
{"target": -131.37996949699703, "params": {"gamma": 0.28349100218378387, "lr": 0.36833686559359446}, "datetime": {"datetime": "2024-03-30 13:39:30", "elapsed": 55565.473213, "delta": 150.863606}}
{"target": -128.0545840462669, "params": {"gamma": 0.32806095545482533, "lr": 0.35092748070016055}, "datetime": {"datetime": "2024-03-30 13:41:15", "elapsed": 55670.953989, "delta": 105.480776}}
{"target": -138.01490769871168, "params": {"gamma": 0.10681688286253094, "lr": 0.9314676386627254}, "datetime": {"datetime": "2024-03-30 13:43:12", "elapsed": 55788.092111, "delta": 117.138122}}
{"target": -128.30709703884455, "params": {"gamma": 0.400943726329532, "lr": 0.34858663013525815}, "datetime": {"datetime": "2024-03-30 13:45:39", "elapsed": 55934.994468, "delta": 146.902357}}
{"target": -128.19295466012687, "params": {"gamma": 0.3051758877843099, "lr": 0.35371336227351047}, "datetime": {"datetime": "2024-03-30 13:48:18", "elapsed": 56093.604958, "delta": 158.61049}}
{"target": -138.531778514411, "params": {"gamma": 0.4532012894777303, "lr": 0.5017704649793914}, "datetime": {"datetime": "2024-03-30 13:50:30", "elapsed": 56225.333728, "delta": 131.72877}}
