{"target": -118.62551924667002, "params": {"gamma": 0.4746440710190025, "prior": 1.141228869132222, "rate": 6.164840836480315}, "datetime": {"datetime": "2024-04-09 04:59:49", "elapsed": 7185.183123, "delta": 15.37427}}
{"target": -118.71213238265833, "params": {"gamma": 0.5222632681325705, "prior": 0.8536280383871468, "rate": 2.8692340220221726}, "datetime": {"datetime": "2024-04-09 05:00:18", "elapsed": 7213.960644, "delta": 28.777521}}
{"target": -118.61527410451525, "params": {"gamma": 0.4846945311393678, "prior": 1.372721518436796, "rate": 8.33430329821136}, "datetime": {"datetime": "2024-04-09 05:00:35", "elapsed": 7230.465781, "delta": 16.505137}}
{"target": -118.6718177287192, "params": {"gamma": 0.524084045692305, "prior": 1.8618468513611248, "rate": 8.735686883694669}, "datetime": {"datetime": "2024-04-09 05:00:53", "elapsed": 7248.267998, "delta": 17.802217}}
{"target": -119.97934838860215, "params": {"gamma": 0.6162494368995601, "prior": 3.8662538220487415, "rate": 5.570076313992821}, "datetime": {"datetime": "2024-04-09 05:01:04", "elapsed": 7259.723795, "delta": 11.455797}}
{"target": -118.65318231821666, "params": {"gamma": 0.4773054767979993, "prior": 1.214131680607744, "rate": 9.547174585423214}, "datetime": {"datetime": "2024-04-09 05:01:23", "elapsed": 7279.044283, "delta": 19.320488}}
{"target": -118.7311368687322, "params": {"gamma": 0.49204913269122263, "prior": 2.3668449034249828, "rate": 8.022819875428512}, "datetime": {"datetime": "2024-04-09 05:01:35", "elapsed": 7290.638727, "delta": 11.594444}}
{"target": -118.67238947089722, "params": {"gamma": 0.5079891868752872, "prior": 0.24682466894952512, "rate": 0.8990352368099714}, "datetime": {"datetime": "2024-04-09 05:01:57", "elapsed": 7312.76696, "delta": 22.128233}}
{"target": -118.6268669772361, "params": {"gamma": 0.4770384917594527, "prior": 1.3612730444318148, "rate": 9.103023130751504}, "datetime": {"datetime": "2024-04-09 05:02:09", "elapsed": 7324.418719, "delta": 11.651759}}
{"target": -118.66740210187129, "params": {"gamma": 0.5048981825311504, "prior": 1.6662430529726984, "rate": 6.162479873221947}, "datetime": {"datetime": "2024-04-09 05:02:25", "elapsed": 7340.732687, "delta": 16.313968}}
{"target": -118.62865213054428, "params": {"gamma": 0.5039920122199956, "prior": 1.3090005118182, "rate": 7.276906337981749}, "datetime": {"datetime": "2024-04-09 05:02:46", "elapsed": 7361.673186, "delta": 20.940499}}
{"target": -118.66950759545954, "params": {"gamma": 0.5103132047499295, "prior": 2.1005203160407966, "rate": 7.718199413807513}, "datetime": {"datetime": "2024-04-09 05:03:02", "elapsed": 7377.9671, "delta": 16.293914}}
{"target": -118.61677636125529, "params": {"gamma": 0.478602606154633, "prior": 1.275657130471984, "rate": 7.5321207927454505}, "datetime": {"datetime": "2024-04-09 05:03:24", "elapsed": 7399.868553, "delta": 21.901453}}
{"target": -118.65587554471418, "params": {"gamma": 0.4834804514545035, "prior": 1.170952064952852, "rate": 4.888088549621755}, "datetime": {"datetime": "2024-04-09 05:03:45", "elapsed": 7420.260754, "delta": 20.392201}}
{"target": -118.61331890085197, "params": {"gamma": 0.4924112915412034, "prior": 1.178371686875972, "rate": 6.723113340278075}, "datetime": {"datetime": "2024-04-09 05:04:00", "elapsed": 7435.279872, "delta": 15.019118}}
{"target": -118.61150622372621, "params": {"gamma": 0.49107934121873814, "prior": 0.5808211057595721, "rate": 2.8748455895907945}, "datetime": {"datetime": "2024-04-09 05:04:07", "elapsed": 7442.603426, "delta": 7.323554}}
{"target": -118.83402680531329, "params": {"gamma": 0.5315033202444461, "prior": 3.5317539886497067, "rate": 9.759263026768567}, "datetime": {"datetime": "2024-04-09 05:04:22", "elapsed": 7458.053626, "delta": 15.4502}}
{"target": -118.6157909675261, "params": {"gamma": 0.5010949071787483, "prior": 0.8519304239217679, "rate": 4.276453224896895}, "datetime": {"datetime": "2024-04-09 05:04:38", "elapsed": 7473.785553, "delta": 15.731927}}
{"target": -118.62344133656703, "params": {"gamma": 0.4888896447909361, "prior": 0.4850849699381504, "rate": 3.0989390983898937}, "datetime": {"datetime": "2024-04-09 05:04:48", "elapsed": 7484.200973, "delta": 10.41542}}
{"target": -118.62482268254433, "params": {"gamma": 0.5066639485917597, "prior": 1.9536917649707772, "rate": 9.803065120699122}, "datetime": {"datetime": "2024-04-09 05:05:06", "elapsed": 7501.563371, "delta": 17.362398}}
{"target": -118.62822873381049, "params": {"gamma": 0.4723002617255961, "prior": 1.0299610286121725, "rate": 6.595393887810513}, "datetime": {"datetime": "2024-04-09 05:05:21", "elapsed": 7516.873345, "delta": 15.309974}}
{"target": -118.66109413222209, "params": {"gamma": 0.48072225096584786, "prior": 1.1464503569942308, "rate": 9.239552128186563}, "datetime": {"datetime": "2024-04-09 05:05:38", "elapsed": 7533.578588, "delta": 16.705243}}
{"target": -118.770883536212, "params": {"gamma": 0.466183020414264, "prior": 0.2917550934393032, "rate": 3.705021165131066}, "datetime": {"datetime": "2024-04-09 05:05:55", "elapsed": 7550.40571, "delta": 16.827122}}
{"target": -118.61636984998495, "params": {"gamma": 0.47863934815500075, "prior": 0.20521942395901577, "rate": 1.1863495007297247}, "datetime": {"datetime": "2024-04-09 05:06:04", "elapsed": 7560.110122, "delta": 9.704412}}
{"target": -118.62472077889122, "params": {"gamma": 0.5049790569623032, "prior": 2.197471062899798, "rate": 9.796360029357407}, "datetime": {"datetime": "2024-04-09 05:06:18", "elapsed": 7573.652676, "delta": 13.542554}}
{"target": -118.69427946972813, "params": {"gamma": 0.5106705371393739, "prior": 2.278470613013324, "rate": 7.86482070739211}, "datetime": {"datetime": "2024-04-09 05:06:35", "elapsed": 7590.860554, "delta": 17.207878}}
{"target": -118.65892977482166, "params": {"gamma": 0.5170804279120069, "prior": 1.5564987652251654, "rate": 8.121067892908584}, "datetime": {"datetime": "2024-04-09 05:06:48", "elapsed": 7603.782197, "delta": 12.921643}}
{"target": -118.71457755677015, "params": {"gamma": 0.4953749009991217, "prior": 1.2858422502577973, "rate": 4.418450701029504}, "datetime": {"datetime": "2024-04-09 05:07:00", "elapsed": 7615.778972, "delta": 11.996775}}
{"target": -118.62168785035006, "params": {"gamma": 0.4970808949143803, "prior": 1.42846779831339, "rate": 8.353665345346512}, "datetime": {"datetime": "2024-04-09 05:07:17", "elapsed": 7632.792585, "delta": 17.013613}}
{"target": -118.84773131299745, "params": {"gamma": 0.5470424344951905, "prior": 0.2232030464571483, "rate": 0.6315987811375525}, "datetime": {"datetime": "2024-04-09 05:07:27", "elapsed": 7642.933905, "delta": 10.14132}}
{"target": -118.71832926306087, "params": {"gamma": 0.5306230697230824, "prior": 2.4824228654041183, "rate": 8.567453263620735}, "datetime": {"datetime": "2024-04-09 05:07:37", "elapsed": 7653.098886, "delta": 10.164981}}
{"target": -118.7870241981357, "params": {"gamma": 0.4699844749543949, "prior": 0.5739746001716575, "rate": 7.575835020395649}, "datetime": {"datetime": "2024-04-09 05:07:53", "elapsed": 7668.357649, "delta": 15.258763}}
{"target": -118.70602404415278, "params": {"gamma": 0.46918655671611714, "prior": 0.2950696844680046, "rate": 2.940327341146455}, "datetime": {"datetime": "2024-04-09 05:08:14", "elapsed": 7689.226913, "delta": 20.869264}}
{"target": -118.63899881292429, "params": {"gamma": 0.47994993420029475, "prior": 1.2155990554686664, "rate": 8.841979297168262}, "datetime": {"datetime": "2024-04-09 05:08:25", "elapsed": 7700.596408, "delta": 11.369495}}
{"target": -118.65826242269699, "params": {"gamma": 0.4673282554116414, "prior": 1.0862868817773408, "rate": 8.600467981666746}, "datetime": {"datetime": "2024-04-09 05:08:44", "elapsed": 7719.716188, "delta": 19.11978}}
{"target": -122.42723140336555, "params": {"gamma": 0.6633567401140981, "prior": 6.928960477922716, "rate": 5.518924216748679}, "datetime": {"datetime": "2024-04-09 05:08:56", "elapsed": 7731.657108, "delta": 11.94092}}
{"target": -118.61448688979944, "params": {"gamma": 0.494835622789218, "prior": 1.5324338998719096, "rate": 7.246031416151392}, "datetime": {"datetime": "2024-04-09 05:09:06", "elapsed": 7741.439016, "delta": 9.781908}}
{"target": -118.65777224449955, "params": {"gamma": 0.4908176317523159, "prior": 1.6450919949527834, "rate": 6.51956840775974}, "datetime": {"datetime": "2024-04-09 05:09:22", "elapsed": 7757.575754, "delta": 16.136738}}
{"target": -119.93467506838107, "params": {"gamma": 0.6180383101317722, "prior": 4.3988597529966, "rate": 6.490752688304956}, "datetime": {"datetime": "2024-04-09 05:09:49", "elapsed": 7784.528932, "delta": 26.953178}}
{"target": -118.62835348032269, "params": {"gamma": 0.5028956384537859, "prior": 0.9047234158776056, "rate": 5.111460633659786}, "datetime": {"datetime": "2024-04-09 05:10:05", "elapsed": 7800.925712, "delta": 16.39678}}
{"target": -118.61834292524458, "params": {"gamma": 0.484809131062431, "prior": 1.8212138376161162, "rate": 8.861056729933336}, "datetime": {"datetime": "2024-04-09 05:10:19", "elapsed": 7814.779373, "delta": 13.853661}}
{"target": -118.63670085445605, "params": {"gamma": 0.4681362395736051, "prior": 1.5393426847259766, "rate": 8.986206436708748}, "datetime": {"datetime": "2024-04-09 05:10:30", "elapsed": 7825.499628, "delta": 10.720255}}
{"target": -118.72182748688257, "params": {"gamma": 0.5314036182061955, "prior": 2.3917899828051894, "rate": 8.212640609104515}, "datetime": {"datetime": "2024-04-09 05:10:49", "elapsed": 7844.945511, "delta": 19.445883}}
{"target": -118.66150363392875, "params": {"gamma": 0.5074754973156299, "prior": 2.2898305246885924, "rate": 8.603075393097432}, "datetime": {"datetime": "2024-04-09 05:11:06", "elapsed": 7861.467917, "delta": 16.522406}}
{"target": -118.66600283968397, "params": {"gamma": 0.5100294722846129, "prior": 0.8385636499665827, "rate": 3.1127230867249245}, "datetime": {"datetime": "2024-04-09 05:11:17", "elapsed": 7873.143673, "delta": 11.675756}}
{"target": -118.62555943467221, "params": {"gamma": 0.4728323026666682, "prior": 0.42902912828073214, "rate": 2.614859755626928}, "datetime": {"datetime": "2024-04-09 05:11:32", "elapsed": 7888.063921, "delta": 14.920248}}
{"target": -118.69774148087957, "params": {"gamma": 0.5263633829848927, "prior": 2.021846664558077, "rate": 7.243641507520942}, "datetime": {"datetime": "2024-04-09 05:11:48", "elapsed": 7904.127639, "delta": 16.063718}}
{"target": -118.64766909413633, "params": {"gamma": 0.49342523485864653, "prior": 2.3430092673031426, "rate": 9.447395536836106}, "datetime": {"datetime": "2024-04-09 05:12:09", "elapsed": 7924.313454, "delta": 20.185815}}
{"target": -119.00516190733948, "params": {"gamma": 0.5243765904796186, "prior": 3.684335656339189, "rate": 8.594408686433633}, "datetime": {"datetime": "2024-04-09 05:12:26", "elapsed": 7941.310054, "delta": 16.9966}}
{"target": -119.0448729735651, "params": {"gamma": 0.4530196846804645, "prior": 0.1, "rate": 4.0363222811359964}, "datetime": {"datetime": "2024-04-09 05:12:44", "elapsed": 7959.573643, "delta": 18.263589}}
{"target": -118.63165621939764, "params": {"gamma": 0.4963247332411461, "prior": 1.392406587494888, "rate": 8.747868111143946}, "datetime": {"datetime": "2024-04-09 05:13:01", "elapsed": 7976.429918, "delta": 16.856275}}
{"target": -118.62499371898959, "params": {"gamma": 0.4732236810430361, "prior": 1.5377020217249713, "rate": 8.885009326075666}, "datetime": {"datetime": "2024-04-09 05:13:14", "elapsed": 7989.946942, "delta": 13.517024}}
{"target": -118.64083708509989, "params": {"gamma": 0.47820736007262565, "prior": 1.009541231920514, "rate": 7.437976328848871}, "datetime": {"datetime": "2024-04-09 05:13:34", "elapsed": 8009.535462, "delta": 19.58852}}
{"target": -118.69021408619768, "params": {"gamma": 0.5139033123492242, "prior": 1.152807783585316, "rate": 4.021455113626033}, "datetime": {"datetime": "2024-04-09 05:13:44", "elapsed": 8019.973393, "delta": 10.437931}}
{"target": -118.66946124312302, "params": {"gamma": 0.47746980499543595, "prior": 1.0607882061849159, "rate": 8.965203311428967}, "datetime": {"datetime": "2024-04-09 05:13:54", "elapsed": 8029.34921, "delta": 9.375817}}
{"target": -119.86288461221893, "params": {"gamma": 0.5503995608043164, "prior": 6.629514628421122, "rate": 9.714839787421255}, "datetime": {"datetime": "2024-04-09 05:14:01", "elapsed": 8036.666537, "delta": 7.317327}}
{"target": -118.62403511480801, "params": {"gamma": 0.4751560860230265, "prior": 0.752510532643322, "rate": 4.789069784043943}, "datetime": {"datetime": "2024-04-09 05:14:09", "elapsed": 8044.340411, "delta": 7.673874}}
{"target": -118.65690706589226, "params": {"gamma": 0.5053022491432307, "prior": 1.456568562299818, "rate": 5.5512494514191575}, "datetime": {"datetime": "2024-04-09 05:14:28", "elapsed": 8064.045135, "delta": 19.704724}}
{"target": -118.62428111825277, "params": {"gamma": 0.48194222841793405, "prior": 1.0294617695711397, "rate": 6.79856368098647}, "datetime": {"datetime": "2024-04-09 05:14:46", "elapsed": 8081.461044, "delta": 17.415909}}
{"target": -118.64064902770976, "params": {"gamma": 0.4766784594067297, "prior": 0.957727667903487, "rate": 7.05167042600913}, "datetime": {"datetime": "2024-04-09 05:14:59", "elapsed": 8094.999002, "delta": 13.537958}}
{"target": -118.62480615957926, "params": {"gamma": 0.48636341556066814, "prior": 2.040708228646251, "rate": 9.392115593443709}, "datetime": {"datetime": "2024-04-09 05:15:17", "elapsed": 8113.032504, "delta": 18.033502}}
{"target": -118.61020055057293, "params": {"gamma": 0.4919165652289539, "prior": 1.8455617548804628, "rate": 9.340814522615972}, "datetime": {"datetime": "2024-04-09 05:15:29", "elapsed": 8125.158985, "delta": 12.126481}}
{"target": -118.65325585159954, "params": {"gamma": 0.5057586798389622, "prior": 2.0878938774942433, "rate": 8.051438620086573}, "datetime": {"datetime": "2024-04-09 05:15:49", "elapsed": 8144.423366, "delta": 19.264381}}
{"target": -118.6173441816771, "params": {"gamma": 0.4778576697112148, "prior": 0.5905316020386508, "rate": 3.420892555195985}, "datetime": {"datetime": "2024-04-09 05:16:17", "elapsed": 8172.433877, "delta": 28.010511}}
{"target": -118.62092974350742, "params": {"gamma": 0.47753096322606514, "prior": 1.4931194543611142, "rate": 9.396777424272267}, "datetime": {"datetime": "2024-04-09 05:16:35", "elapsed": 8190.380521, "delta": 17.946644}}
{"target": -118.69900265094093, "params": {"gamma": 0.4713566538884924, "prior": 0.6211615760834258, "rate": 6.002925553318731}, "datetime": {"datetime": "2024-04-09 05:16:44", "elapsed": 8199.511536, "delta": 9.131015}}
{"target": -119.38882766946233, "params": {"gamma": 0.4941193508573867, "prior": 0.1, "rate": 7.666614044726385}, "datetime": {"datetime": "2024-04-09 05:16:59", "elapsed": 8214.910602, "delta": 15.399066}}
{"target": -119.64083511566086, "params": {"gamma": 0.5591889769551092, "prior": 5.6098452890743475, "rate": 8.928052899051728}, "datetime": {"datetime": "2024-04-09 05:17:16", "elapsed": 8231.396204, "delta": 16.485602}}
{"target": -118.63597318489103, "params": {"gamma": 0.4926275268859919, "prior": 1.973966581150457, "rate": 8.318184283428762}, "datetime": {"datetime": "2024-04-09 05:17:28", "elapsed": 8243.602107, "delta": 12.205903}}
{"target": -118.62909542088389, "params": {"gamma": 0.4824910643152489, "prior": 0.28864288355337286, "rate": 1.9688367589937183}, "datetime": {"datetime": "2024-04-09 05:17:47", "elapsed": 8262.583617, "delta": 18.98151}}
{"target": -118.61933979410679, "params": {"gamma": 0.4982957235400251, "prior": 1.7158525684848827, "rate": 9.683446135771822}, "datetime": {"datetime": "2024-04-09 05:18:02", "elapsed": 8277.299888, "delta": 14.716271}}
{"target": -118.61765577798074, "params": {"gamma": 0.49038809558927976, "prior": 0.8181912454140191, "rate": 4.955942752014287}, "datetime": {"datetime": "2024-04-09 05:18:16", "elapsed": 8291.375411, "delta": 14.075523}}
{"target": -118.69202511074262, "params": {"gamma": 0.46095359107406453, "prior": 1.0428915622759154, "rate": 9.550194793983447}, "datetime": {"datetime": "2024-04-09 05:18:28", "elapsed": 8303.99705, "delta": 12.621639}}
{"target": -118.64045620387003, "params": {"gamma": 0.5089936301976588, "prior": 1.0317187154297556, "rate": 5.6806336537912605}, "datetime": {"datetime": "2024-04-09 05:18:41", "elapsed": 8316.291241, "delta": 12.294191}}
{"target": -119.03145561696054, "params": {"gamma": 0.536382694872827, "prior": 2.968200353698952, "rate": 6.727356514139076}, "datetime": {"datetime": "2024-04-09 05:18:56", "elapsed": 8332.085625, "delta": 15.794384}}
{"target": -118.63493721886728, "params": {"gamma": 0.4726900286039482, "prior": 1.1613148049055928, "rate": 8.0933274270625}, "datetime": {"datetime": "2024-04-09 05:19:14", "elapsed": 8349.659663, "delta": 17.574038}}
{"target": -118.61410486811887, "params": {"gamma": 0.4937770826545089, "prior": 1.0940157552383745, "rate": 5.201194634769827}, "datetime": {"datetime": "2024-04-09 05:19:22", "elapsed": 8357.630516, "delta": 7.970853}}
{"target": -118.61505279385348, "params": {"gamma": 0.4993903061418218, "prior": 2.0103782484932404, "rate": 9.608024478943594}, "datetime": {"datetime": "2024-04-09 05:19:30", "elapsed": 8365.744832, "delta": 8.114316}}
{"target": -118.63347800932932, "params": {"gamma": 0.5029613936597409, "prior": 1.1150961309762233, "rate": 6.506477216280049}, "datetime": {"datetime": "2024-04-09 05:19:44", "elapsed": 8380.092941, "delta": 14.348109}}
{"target": -118.6353336230557, "params": {"gamma": 0.4971111250446622, "prior": 1.7439682247397228, "rate": 7.250681888377239}, "datetime": {"datetime": "2024-04-09 05:19:57", "elapsed": 8392.883474, "delta": 12.790533}}
{"target": -118.6354648080664, "params": {"gamma": 0.48674541477165223, "prior": 1.5341563456977612, "rate": 6.702614414494991}, "datetime": {"datetime": "2024-04-09 05:20:08", "elapsed": 8403.813436, "delta": 10.929962}}
{"target": -118.67386074384619, "params": {"gamma": 0.5224667002272724, "prior": 0.7687099408782506, "rate": 3.8543244689874516}, "datetime": {"datetime": "2024-04-09 05:20:28", "elapsed": 8423.228106, "delta": 19.41467}}
{"target": -118.6135946459682, "params": {"gamma": 0.49768435522849447, "prior": 0.33186367662729394, "rate": 1.7611954019315754}, "datetime": {"datetime": "2024-04-09 05:20:41", "elapsed": 8437.110252, "delta": 13.882146}}
{"target": -118.68686856400518, "params": {"gamma": 0.4986051146354214, "prior": 1.2888320714860022, "rate": 9.844556964754695}, "datetime": {"datetime": "2024-04-09 05:20:52", "elapsed": 8447.940832, "delta": 10.83058}}
{"target": -118.66902478747393, "params": {"gamma": 0.4681949095501519, "prior": 0.27469184420116144, "rate": 1.2967881141528337}, "datetime": {"datetime": "2024-04-09 05:21:08", "elapsed": 8463.255124, "delta": 15.314292}}
{"target": -118.65520959489051, "params": {"gamma": 0.5199013028556438, "prior": 1.7409491393594048, "rate": 7.45112383464462}, "datetime": {"datetime": "2024-04-09 05:21:27", "elapsed": 8482.642159, "delta": 19.387035}}
{"target": -118.6303756853092, "params": {"gamma": 0.5032187640053726, "prior": 0.7087293985932046, "rate": 3.0050727862114104}, "datetime": {"datetime": "2024-04-09 05:21:44", "elapsed": 8499.976893, "delta": 17.334734}}
{"target": -118.6896892557783, "params": {"gamma": 0.5225640152787016, "prior": 1.06047630317777, "rate": 3.8055777437193985}, "datetime": {"datetime": "2024-04-09 05:22:05", "elapsed": 8520.687499, "delta": 20.710606}}
{"target": -118.64572446783181, "params": {"gamma": 0.4817087557959243, "prior": 0.9022034178004091, "rate": 6.757908868616515}, "datetime": {"datetime": "2024-04-09 05:22:19", "elapsed": 8534.655315, "delta": 13.967816}}
{"target": -118.65950440407372, "params": {"gamma": 0.5013981369816708, "prior": 1.1447296270948994, "rate": 4.3490301205639765}, "datetime": {"datetime": "2024-04-09 05:22:33", "elapsed": 8548.326621, "delta": 13.671306}}
{"target": -118.62637150491756, "params": {"gamma": 0.5016164382645932, "prior": 1.9838709788801683, "rate": 8.588121674543276}, "datetime": {"datetime": "2024-04-09 05:22:45", "elapsed": 8560.914234, "delta": 12.587613}}
{"target": -118.68697070879008, "params": {"gamma": 0.5264329637198296, "prior": 2.543130612332497, "rate": 9.568624216122931}, "datetime": {"datetime": "2024-04-09 05:22:53", "elapsed": 8569.023019, "delta": 8.108785}}
{"target": -118.63458806452854, "params": {"gamma": 0.5043766587073397, "prior": 1.4693815502251026, "rate": 6.105199281096203}, "datetime": {"datetime": "2024-04-09 05:23:18", "elapsed": 8593.709927, "delta": 24.686908}}
{"target": -118.61823163732358, "params": {"gamma": 0.49223664145576784, "prior": 1.0066803963553022, "rate": 6.035245044190965}, "datetime": {"datetime": "2024-04-09 05:23:43", "elapsed": 8618.377033, "delta": 24.667106}}
{"target": -118.66022241391515, "params": {"gamma": 0.48217973615776705, "prior": 0.6186997085173699, "rate": 4.933935687525854}, "datetime": {"datetime": "2024-04-09 05:24:12", "elapsed": 8647.673925, "delta": 29.296892}}
{"target": -118.61137728022715, "params": {"gamma": 0.49626911439750443, "prior": 1.2239413799764216, "rate": 6.242143112031067}, "datetime": {"datetime": "2024-04-09 05:24:22", "elapsed": 8657.512425, "delta": 9.8385}}
{"target": -118.61863785979841, "params": {"gamma": 0.4799319894728852, "prior": 0.5762182245977011, "rate": 3.594270859673874}, "datetime": {"datetime": "2024-04-09 05:24:47", "elapsed": 8683.063224, "delta": 25.550799}}
{"target": -118.61116997674519, "params": {"gamma": 0.48480099602941257, "prior": 1.425818061492875, "rate": 8.05179541328503}, "datetime": {"datetime": "2024-04-09 05:24:55", "elapsed": 8691.086102, "delta": 8.022878}}
{"target": -118.61101826762597, "params": {"gamma": 0.48724326164927795, "prior": 1.6487220600552037, "rate": 9.385123400887672}, "datetime": {"datetime": "2024-04-09 05:25:14", "elapsed": 8709.649789, "delta": 18.563687}}
