{"target": -667.1232001031822, "params": {"gamma": 4.903044972676658, "lr": 0.5991103076458784}, "datetime": {"datetime": "2024-03-29 22:13:25", "elapsed": 0.552132, "delta": 0.002992}}
{"target": -135.39140026624938, "params": {"gamma": 0.15631722223280642, "lr": 0.5934814081966372}, "datetime": {"datetime": "2024-03-29 22:13:25", "elapsed": 0.556121, "delta": 0.003989}}
{"target": -771.7381814064536, "params": {"gamma": 4.337329813545594, "lr": 0.8073605288848414}, "datetime": {"datetime": "2024-03-29 22:13:25", "elapsed": 0.559113, "delta": 0.002992}}
{"target": -615.1472160696917, "params": {"gamma": 3.153132786150634, "lr": 0.8928887085251513}, "datetime": {"datetime": "2024-03-29 22:13:25", "elapsed": 0.563103, "delta": 0.00399}}
{"target": -1006.4054614905989, "params": {"gamma": 5.778994295630071, "lr": 0.18401020162746506}, "datetime": {"datetime": "2024-03-29 22:13:25", "elapsed": 0.567092, "delta": 0.003989}}
{"target": -1079.650748714568, "params": {"gamma": 7.8795044090212185, "lr": 0.6120311770449339}, "datetime": {"datetime": "2024-03-29 22:13:25", "elapsed": 0.571082, "delta": 0.00399}}
{"target": -132.2941334327002, "params": {"gamma": 0.5400388114654558, "lr": 0.4201936800011322}, "datetime": {"datetime": "2024-03-29 22:13:25", "elapsed": 0.576067, "delta": 0.004985}}
{"target": -1346.5754632785065, "params": {"gamma": 6.791009296817731, "lr": 0.9186017779775258}, "datetime": {"datetime": "2024-03-29 22:13:25", "elapsed": 0.580057, "delta": 0.00399}}
{"target": -141.7573924769383, "params": {"gamma": 0.005019846888682974, "lr": 0.9767591490310596}, "datetime": {"datetime": "2024-03-29 22:13:25", "elapsed": 0.584046, "delta": 0.003989}}
{"target": -755.6680067197505, "params": {"gamma": 3.766426567142999, "lr": 0.9737835383583225}, "datetime": {"datetime": "2024-03-29 22:13:25", "elapsed": 0.587038, "delta": 0.002992}}
{"target": -1066.7255106752416, "params": {"gamma": 6.047556293639557, "lr": 0.828845807980693}, "datetime": {"datetime": "2024-03-29 22:13:25", "elapsed": 0.592024, "delta": 0.004986}}
{"target": -802.431097087792, "params": {"gamma": 5.747540335576315, "lr": 0.6280761983073504}, "datetime": {"datetime": "2024-03-29 22:13:25", "elapsed": 0.598009, "delta": 0.005985}}
{"target": -402.3885804297551, "params": {"gamma": 2.8564772406752437, "lr": 0.586833340656083}, "datetime": {"datetime": "2024-03-29 22:13:25", "elapsed": 0.603993, "delta": 0.005984}}
{"target": -1414.751389887152, "params": {"gamma": 7.500467615262897, "lr": 0.8583138364290424}, "datetime": {"datetime": "2024-03-29 22:13:25", "elapsed": 0.609976, "delta": 0.005983}}
{"target": -1144.7695390940619, "params": {"gamma": 7.551066802488335, "lr": 0.698057248447303}, "datetime": {"datetime": "2024-03-29 22:13:25", "elapsed": 0.613966, "delta": 0.00399}}
{"target": -1109.953359211309, "params": {"gamma": 8.644929821115943, "lr": 0.32268099683674645}, "datetime": {"datetime": "2024-03-29 22:13:25", "elapsed": 0.616957, "delta": 0.002991}}
{"target": -711.81527477014, "params": {"gamma": 6.708217119085085, "lr": 0.45087393641334916}, "datetime": {"datetime": "2024-03-29 22:13:25", "elapsed": 0.620945, "delta": 0.003988}}
{"target": -415.72132189588007, "params": {"gamma": 3.8216454175631407, "lr": 0.4108113499221856}, "datetime": {"datetime": "2024-03-29 22:13:25", "elapsed": 0.624935, "delta": 0.00399}}
{"target": -530.3018401124205, "params": {"gamma": 4.015394355111937, "lr": 0.3173839459582769}, "datetime": {"datetime": "2024-03-29 22:13:25", "elapsed": 0.629921, "delta": 0.004986}}
{"target": -696.4579103984405, "params": {"gamma": 6.219571759835095, "lr": 0.43024727082126435}, "datetime": {"datetime": "2024-03-29 22:13:25", "elapsed": 0.635908, "delta": 0.005987}}
{"target": -1470.456528451637, "params": {"gamma": 9.738046977194596, "lr": 0.6778008914343111}, "datetime": {"datetime": "2024-03-29 22:13:25", "elapsed": 0.643886, "delta": 0.007978}}
{"target": -237.28221947195743, "params": {"gamma": 1.9865003143826816, "lr": 0.4267010093480328}, "datetime": {"datetime": "2024-03-29 22:13:25", "elapsed": 0.648871, "delta": 0.004985}}
{"target": -596.3953071396403, "params": {"gamma": 3.4341190515044557, "lr": 0.7976388039585666}, "datetime": {"datetime": "2024-03-29 22:13:25", "elapsed": 0.651862, "delta": 0.002991}}
{"target": -1675.5477404138394, "params": {"gamma": 8.800102887345755, "lr": 0.903841955826372}, "datetime": {"datetime": "2024-03-29 22:13:25", "elapsed": 0.655852, "delta": 0.00399}}
{"target": -904.906847184689, "params": {"gamma": 6.627535403940247, "lr": 0.2702082620297578}, "datetime": {"datetime": "2024-03-29 22:13:25", "elapsed": 0.660838, "delta": 0.004986}}
{"target": -486.1718496468937, "params": {"gamma": 2.5244146483443926, "lr": 0.8548979426974024}, "datetime": {"datetime": "2024-03-29 22:13:25", "elapsed": 0.666822, "delta": 0.005984}}
{"target": -933.786781801627, "params": {"gamma": 5.277618748441158, "lr": 0.8021610840045981}, "datetime": {"datetime": "2024-03-29 22:13:25", "elapsed": 0.672805, "delta": 0.005983}}
{"target": -897.0536695565011, "params": {"gamma": 5.725312683398872, "lr": 0.7331425252875111}, "datetime": {"datetime": "2024-03-29 22:13:25", "elapsed": 0.676796, "delta": 0.003991}}
{"target": -890.1126283800311, "params": {"gamma": 5.190597263013095, "lr": 0.770883910501888}, "datetime": {"datetime": "2024-03-29 22:13:25", "elapsed": 0.680785, "delta": 0.003989}}
{"target": -628.542095585894, "params": {"gamma": 5.689011049056451, "lr": 0.4657098785919809}, "datetime": {"datetime": "2024-03-29 22:13:25", "elapsed": 0.683777, "delta": 0.002992}}
{"target": -1246.507285999805, "params": {"gamma": 3.4275463906248644, "lr": 0.06820934841670412}, "datetime": {"datetime": "2024-03-29 22:13:25", "elapsed": 0.687766, "delta": 0.003989}}
{"target": -1373.5332165005304, "params": {"gamma": 3.7798638691016704, "lr": 0.07962607769825236}, "datetime": {"datetime": "2024-03-29 22:13:25", "elapsed": 0.691756, "delta": 0.00399}}
{"target": -1791.9570109302404, "params": {"gamma": 9.82818832019072, "lr": 0.18161285133076377}, "datetime": {"datetime": "2024-03-29 22:13:25", "elapsed": 0.695745, "delta": 0.003989}}
{"target": -1529.6842729585605, "params": {"gamma": 8.118775118507678, "lr": 0.8749616449558981}, "datetime": {"datetime": "2024-03-29 22:13:25", "elapsed": 0.699734, "delta": 0.003989}}
{"target": -902.4814369641748, "params": {"gamma": 6.884444110607048, "lr": 0.5694944127453757}, "datetime": {"datetime": "2024-03-29 22:13:25", "elapsed": 0.703724, "delta": 0.00399}}
{"target": -212.76886784568174, "params": {"gamma": 1.610553396719272, "lr": 0.4668800227633063}, "datetime": {"datetime": "2024-03-29 22:13:25", "elapsed": 0.707713, "delta": 0.003989}}
{"target": -469.15986861894413, "params": {"gamma": 3.452375339500995, "lr": 0.2250399578140846}, "datetime": {"datetime": "2024-03-29 22:13:25", "elapsed": 0.712699, "delta": 0.004986}}
{"target": -768.9406907787006, "params": {"gamma": 5.925526175789202, "lr": 0.31226983770191696}, "datetime": {"datetime": "2024-03-29 22:13:25", "elapsed": 0.717686, "delta": 0.004987}}
{"target": -1766.1785344083225, "params": {"gamma": 9.163139229130039, "lr": 0.9096355249515571}, "datetime": {"datetime": "2024-03-29 22:13:25", "elapsed": 0.728656, "delta": 0.01097}}
{"target": -784.2690405985367, "params": {"gamma": 2.57192581952818, "lr": 0.1108913007440292}, "datetime": {"datetime": "2024-03-29 22:13:25", "elapsed": 0.735637, "delta": 0.006981}}
{"target": -242.14291336237056, "params": {"gamma": 1.9304343574591094, "lr": 0.49958417067888605}, "datetime": {"datetime": "2024-03-29 22:13:25", "elapsed": 0.741621, "delta": 0.005984}}
{"target": -1050.4826096173103, "params": {"gamma": 7.286128094077989, "lr": 0.20819443840879148}, "datetime": {"datetime": "2024-03-29 22:13:25", "elapsed": 0.748603, "delta": 0.006982}}
{"target": -478.49681888149667, "params": {"gamma": 2.48108755021393, "lr": 0.851671874936367}, "datetime": {"datetime": "2024-03-29 22:13:25", "elapsed": 0.754586, "delta": 0.005983}}
{"target": -582.947216349624, "params": {"gamma": 4.159071333957006, "lr": 0.6166850671552362}, "datetime": {"datetime": "2024-03-29 22:13:25", "elapsed": 0.760569, "delta": 0.005983}}
{"target": -714.5973967865473, "params": {"gamma": 2.3374277262532615, "lr": 0.10196725942579743}, "datetime": {"datetime": "2024-03-29 22:13:25", "elapsed": 0.766553, "delta": 0.005984}}
{"target": -572.5326445500115, "params": {"gamma": 5.159054312668331, "lr": 0.47714098704978236}, "datetime": {"datetime": "2024-03-29 22:13:25", "elapsed": 0.773103, "delta": 0.00655}}
{"target": -244.79891342528285, "params": {"gamma": 1.5275637692875392, "lr": 0.6218062317404155}, "datetime": {"datetime": "2024-03-29 22:13:25", "elapsed": 0.779087, "delta": 0.005984}}
{"target": -772.5558775508366, "params": {"gamma": 5.440557178020568, "lr": 0.6541373469707443}, "datetime": {"datetime": "2024-03-29 22:13:25", "elapsed": 0.785071, "delta": 0.005984}}
{"target": -276.10155572362675, "params": {"gamma": 1.4463108557064734, "lr": 0.7515278171352439}, "datetime": {"datetime": "2024-03-29 22:13:25", "elapsed": 0.788063, "delta": 0.002992}}
{"target": -310.844692387586, "params": {"gamma": 2.221269348859427, "lr": 0.519351824366033}, "datetime": {"datetime": "2024-03-29 22:13:25", "elapsed": 0.793049, "delta": 0.004986}}
{"target": -2845.1930344941707, "params": {"gamma": 7.853174986187969, "lr": 0.02233042799180618}, "datetime": {"datetime": "2024-03-29 22:13:25", "elapsed": 0.799033, "delta": 0.005984}}
{"target": -626.4149742443822, "params": {"gamma": 3.2443002348021386, "lr": 0.872922376400111}, "datetime": {"datetime": "2024-03-29 22:13:25", "elapsed": 0.805017, "delta": 0.005984}}
{"target": -1085.3908192034964, "params": {"gamma": 8.447251366413093, "lr": 0.5384405925945437}, "datetime": {"datetime": "2024-03-29 22:13:25", "elapsed": 0.809006, "delta": 0.003989}}
{"target": -1713.9276928301592, "params": {"gamma": 8.666216133390963, "lr": 0.9498059913536265}, "datetime": {"datetime": "2024-03-29 22:13:25", "elapsed": 0.812996, "delta": 0.00399}}
{"target": -1527.7571910350985, "params": {"gamma": 8.264243569295784, "lr": 0.8541154438365387}, "datetime": {"datetime": "2024-03-29 22:13:25", "elapsed": 0.817982, "delta": 0.004986}}
{"target": -188.22954176295966, "params": {"gamma": 0.9883352748016633, "lr": 0.651304332340991}, "datetime": {"datetime": "2024-03-29 22:13:25", "elapsed": 0.823966, "delta": 0.005984}}
{"target": -966.6835477410884, "params": {"gamma": 7.035466364538378, "lr": 0.6102408126466297}, "datetime": {"datetime": "2024-03-29 22:13:25", "elapsed": 0.82995, "delta": 0.005984}}
{"target": -2896.9488922321457, "params": {"gamma": 7.996353002098545, "lr": 0.03457121987163425}, "datetime": {"datetime": "2024-03-29 22:13:25", "elapsed": 0.834937, "delta": 0.004987}}
{"target": -1199.9768690559742, "params": {"gamma": 7.702617106815245, "lr": 0.731728600739527}, "datetime": {"datetime": "2024-03-29 22:13:25", "elapsed": 0.84092, "delta": 0.005983}}
{"target": -369.82455954419936, "params": {"gamma": 2.5977242345902325, "lr": 0.2570692988221467}, "datetime": {"datetime": "2024-03-29 22:13:25", "elapsed": 0.845907, "delta": 0.004987}}
{"target": -700.3240508985234, "params": {"gamma": 6.323400870983849, "lr": 0.34529746159108154}, "datetime": {"datetime": "2024-03-29 22:13:25", "elapsed": 0.849896, "delta": 0.003989}}
{"target": -840.4255204179295, "params": {"gamma": 7.966090191394868, "lr": 0.44614623200345727}, "datetime": {"datetime": "2024-03-29 22:13:25", "elapsed": 0.853885, "delta": 0.003989}}
{"target": -1549.6394209360358, "params": {"gamma": 7.827711398426936, "lr": 0.9904717836238407}, "datetime": {"datetime": "2024-03-29 22:13:25", "elapsed": 0.856877, "delta": 0.002992}}
{"target": -634.8264982340332, "params": {"gamma": 3.0031831469994668, "lr": 0.14300582825809938}, "datetime": {"datetime": "2024-03-29 22:13:25", "elapsed": 0.860866, "delta": 0.003989}}
{"target": -1156.636823274818, "params": {"gamma": 9.01318305505639, "lr": 0.5415593788873733}, "datetime": {"datetime": "2024-03-29 22:13:25", "elapsed": 0.865852, "delta": 0.004986}}
{"target": -1363.9250704806618, "params": {"gamma": 9.747428968179968, "lr": 0.6366044000018972}, "datetime": {"datetime": "2024-03-29 22:13:25", "elapsed": 0.871836, "delta": 0.005984}}
{"target": -1291.5921465476724, "params": {"gamma": 9.939136333080178, "lr": 0.5460708041429516}, "datetime": {"datetime": "2024-03-29 22:13:25", "elapsed": 0.876823, "delta": 0.004987}}
{"target": -1336.3793483424688, "params": {"gamma": 5.264732913121308, "lr": 0.1354279030721699}, "datetime": {"datetime": "2024-03-29 22:13:25", "elapsed": 0.882807, "delta": 0.005984}}
{"target": -1293.4183632214467, "params": {"gamma": 3.5576960046678274, "lr": 0.026218567296373285}, "datetime": {"datetime": "2024-03-29 22:13:25", "elapsed": 0.886796, "delta": 0.003989}}
{"target": -279.9354076184072, "params": {"gamma": 1.6047914000169714, "lr": 0.7456371927074961}, "datetime": {"datetime": "2024-03-29 22:13:25", "elapsed": 0.890785, "delta": 0.003989}}
{"target": -131.2608251085079, "params": {"gamma": 0.3049664995979595, "lr": 0.36654309724374434}, "datetime": {"datetime": "2024-03-29 22:13:25", "elapsed": 0.895773, "delta": 0.004988}}
{"target": -1304.4665718789984, "params": {"gamma": 8.623600182127603, "lr": 0.6926777175073543}, "datetime": {"datetime": "2024-03-29 22:13:25", "elapsed": 0.899762, "delta": 0.003989}}
{"target": -1199.6559140768982, "params": {"gamma": 6.90973047851962, "lr": 0.18863680095531088}, "datetime": {"datetime": "2024-03-29 22:13:25", "elapsed": 0.90375, "delta": 0.003988}}
{"target": -595.2699427908849, "params": {"gamma": 4.419600903203486, "lr": 0.5815774073442912}, "datetime": {"datetime": "2024-03-29 22:13:25", "elapsed": 0.90774, "delta": 0.00399}}
{"target": -1419.92498879461, "params": {"gamma": 9.897527324929388, "lr": 0.20390622523312185}, "datetime": {"datetime": "2024-03-29 22:13:25", "elapsed": 0.913724, "delta": 0.005984}}
{"target": -354.4132911910016, "params": {"gamma": 2.478081284721786, "lr": 0.26217308377291193}, "datetime": {"datetime": "2024-03-29 22:13:25", "elapsed": 0.9227, "delta": 0.008976}}
{"target": -820.8773928647493, "params": {"gamma": 7.50197396056663, "lr": 0.4569753274356928}, "datetime": {"datetime": "2024-03-29 22:13:25", "elapsed": 0.927686, "delta": 0.004986}}
{"target": -144.38611677075681, "params": {"gamma": 0.5702374546725388, "lr": 0.5085162406102396}, "datetime": {"datetime": "2024-03-29 22:13:25", "elapsed": 0.931675, "delta": 0.003989}}
{"target": -381.2052902409813, "params": {"gamma": 2.120389686272116, "lr": 0.7986042447602102}, "datetime": {"datetime": "2024-03-29 22:13:25", "elapsed": 0.935664, "delta": 0.003989}}
{"target": -1083.2014905846218, "params": {"gamma": 2.9740164836912153, "lr": 0.02760601195450363}, "datetime": {"datetime": "2024-03-29 22:13:25", "elapsed": 0.938656, "delta": 0.002992}}
{"target": -1102.9837079099295, "params": {"gamma": 5.934731062196747, "lr": 0.8438404289311888}, "datetime": {"datetime": "2024-03-29 22:13:25", "elapsed": 0.942646, "delta": 0.00399}}
{"target": -605.2364376183103, "params": {"gamma": 3.81078022449808, "lr": 0.7498583107261434}, "datetime": {"datetime": "2024-03-29 22:13:25", "elapsed": 0.946635, "delta": 0.003989}}
{"target": -666.3774077023537, "params": {"gamma": 5.111903641492986, "lr": 0.5409518049621886}, "datetime": {"datetime": "2024-03-29 22:13:25", "elapsed": 0.950624, "delta": 0.003989}}
{"target": -1679.9821819325896, "params": {"gamma": 9.594383776296462, "lr": 0.8039608914986468}, "datetime": {"datetime": "2024-03-29 22:13:25", "elapsed": 0.953616, "delta": 0.002992}}
{"target": -137.45227103699634, "params": {"gamma": 0.3241983431691163, "lr": 0.7093872512312951}, "datetime": {"datetime": "2024-03-29 22:13:25", "elapsed": 0.958603, "delta": 0.004987}}
{"target": -927.9043155549283, "params": {"gamma": 4.650549814153498, "lr": 0.9475489413950998}, "datetime": {"datetime": "2024-03-29 22:13:25", "elapsed": 0.963589, "delta": 0.004986}}
{"target": -320.8515219984544, "params": {"gamma": 2.2151059105005597, "lr": 0.2670720196843658}, "datetime": {"datetime": "2024-03-29 22:13:25", "elapsed": 0.969573, "delta": 0.005984}}
{"target": -148.13516900992042, "params": {"gamma": 0.8156581748077427, "lr": 0.42861882866378653}, "datetime": {"datetime": "2024-03-29 22:13:25", "elapsed": 0.97456, "delta": 0.004987}}
{"target": -196.9959804894998, "params": {"gamma": 1.091078621426664, "lr": 0.6337867606119179}, "datetime": {"datetime": "2024-03-29 22:13:25", "elapsed": 0.978549, "delta": 0.003989}}
{"target": -1216.047519092114, "params": {"gamma": 8.029829410500005, "lr": 0.6968004961201785}, "datetime": {"datetime": "2024-03-29 22:13:25", "elapsed": 0.982538, "delta": 0.003989}}
{"target": -844.0185126815326, "params": {"gamma": 7.66234759937663, "lr": 0.3424541198435198}, "datetime": {"datetime": "2024-03-29 22:13:25", "elapsed": 0.986527, "delta": 0.003989}}
{"target": -938.8161764584868, "params": {"gamma": 8.45866897879375, "lr": 0.42876877499944255}, "datetime": {"datetime": "2024-03-29 22:13:25", "elapsed": 0.990516, "delta": 0.003989}}
{"target": -1139.621533412468, "params": {"gamma": 8.240274694252776, "lr": 0.6264961586242938}, "datetime": {"datetime": "2024-03-29 22:13:25", "elapsed": 0.994507, "delta": 0.003991}}
{"target": -533.8231866408003, "params": {"gamma": 1.435087063653779, "lr": 0.07838689985494796}, "datetime": {"datetime": "2024-03-29 22:13:25", "elapsed": 0.999492, "delta": 0.004985}}
{"target": -152.3942727018507, "params": {"gamma": 0.1843080964871599, "lr": 0.06672499763935646}, "datetime": {"datetime": "2024-03-29 22:13:25", "elapsed": 1.002484, "delta": 0.002992}}
{"target": -1203.7089440822763, "params": {"gamma": 4.586379553270611, "lr": 0.11334192276759048}, "datetime": {"datetime": "2024-03-29 22:13:25", "elapsed": 1.006474, "delta": 0.00399}}
{"target": -138.87294196762318, "params": {"gamma": 0.27880570513785086, "lr": 0.7548614813904674}, "datetime": {"datetime": "2024-03-29 22:13:25", "elapsed": 1.010463, "delta": 0.003989}}
{"target": -626.2069111514792, "params": {"gamma": 3.949109954125934, "lr": 0.7469384956075251}, "datetime": {"datetime": "2024-03-29 22:13:25", "elapsed": 1.014453, "delta": 0.00399}}
{"target": -489.66565109400926, "params": {"gamma": 4.52459586263777, "lr": 0.4500867470007611}, "datetime": {"datetime": "2024-03-29 22:13:25", "elapsed": 1.018442, "delta": 0.003989}}
{"target": -532.7108607594049, "params": {"gamma": 4.7812469946715925, "lr": 0.47400392656219403}, "datetime": {"datetime": "2024-03-29 22:13:25", "elapsed": 1.021433, "delta": 0.002991}}
{"target": -844.3257090138925, "params": {"gamma": 8.031830257799582, "lr": 0.40239251985773583}, "datetime": {"datetime": "2024-03-29 22:13:25", "elapsed": 1.025423, "delta": 0.00399}}
{"target": -3276.7278110121315, "params": {"gamma": 9.046956917275887, "lr": 0.037061047954035864}, "datetime": {"datetime": "2024-03-29 22:13:25", "elapsed": 1.029412, "delta": 0.003989}}
{"target": -1955.9751446348027, "params": {"gamma": 7.738969552861467, "lr": 0.12564138113773882}, "datetime": {"datetime": "2024-03-29 22:13:25", "elapsed": 1.032403, "delta": 0.002991}}
{"target": -2242.413064199601, "params": {"gamma": 6.185517155553943, "lr": 0.010364261335231939}, "datetime": {"datetime": "2024-03-29 22:13:25", "elapsed": 1.036393, "delta": 0.00399}}
{"target": -1953.7547683009907, "params": {"gamma": 5.386734198480894, "lr": 0.0030179566195963625}, "datetime": {"datetime": "2024-03-29 22:13:25", "elapsed": 1.040383, "delta": 0.00399}}
{"target": -1809.7085897104412, "params": {"gamma": 9.511986661116556, "lr": 0.905402033702778}, "datetime": {"datetime": "2024-03-29 22:13:25", "elapsed": 1.044372, "delta": 0.003989}}
{"target": -1536.425321328154, "params": {"gamma": 7.959873452480752, "lr": 0.9152743199147875}, "datetime": {"datetime": "2024-03-29 22:13:25", "elapsed": 1.047364, "delta": 0.002992}}
{"target": -328.6590376124547, "params": {"gamma": 1.4564367533528122, "lr": 0.15773006987053328}, "datetime": {"datetime": "2024-03-29 22:13:25", "elapsed": 1.051353, "delta": 0.003989}}
{"target": -287.0482612879297, "params": {"gamma": 1.8771290973514374, "lr": 0.6224959022999211}, "datetime": {"datetime": "2024-03-29 22:13:25", "elapsed": 1.056338, "delta": 0.004985}}
{"target": -1790.7353869408357, "params": {"gamma": 9.05818915058701, "lr": 0.9899551783590737}, "datetime": {"datetime": "2024-03-29 22:13:25", "elapsed": 1.061325, "delta": 0.004987}}
{"target": -1109.3537911449937, "params": {"gamma": 7.111513465199394, "lr": 0.7318004091422953}, "datetime": {"datetime": "2024-03-29 22:13:25", "elapsed": 1.067309, "delta": 0.005984}}
{"target": -952.9833428819059, "params": {"gamma": 9.093022752238, "lr": 0.4008737323711209}, "datetime": {"datetime": "2024-03-29 22:13:25", "elapsed": 1.071299, "delta": 0.00399}}
{"target": -476.04333558097125, "params": {"gamma": 2.4992569515701426, "lr": 0.17343017078712286}, "datetime": {"datetime": "2024-03-29 22:13:25", "elapsed": 1.075288, "delta": 0.003989}}
{"target": -247.33512660472076, "params": {"gamma": 1.1954510462869563, "lr": 0.8126105880328287}, "datetime": {"datetime": "2024-03-29 22:13:25", "elapsed": 1.081272, "delta": 0.005984}}
{"target": -229.55495778544102, "params": {"gamma": 1.4687769417990144, "lr": 0.2642974827269007}, "datetime": {"datetime": "2024-03-29 22:13:25", "elapsed": 1.086257, "delta": 0.004985}}
{"target": -1053.0125868352238, "params": {"gamma": 8.191072697156674, "lr": 0.31058725179421}, "datetime": {"datetime": "2024-03-29 22:13:25", "elapsed": 1.092242, "delta": 0.005985}}
{"target": -1333.1022939001173, "params": {"gamma": 9.824192075480136, "lr": 0.2666387021516352}, "datetime": {"datetime": "2024-03-29 22:13:25", "elapsed": 1.097228, "delta": 0.004986}}
