{"target": -1512.4580868214887, "params": {"gamma": 6.052523738337006, "lr": 0.9904061968899467}, "datetime": {"datetime": "2024-04-04 05:09:38", "elapsed": 2.023061, "delta": 0.003118}}
{"target": -1660.5355321396853, "params": {"gamma": 7.739388583314729, "lr": 0.33427640499382627}, "datetime": {"datetime": "2024-04-04 05:09:38", "elapsed": 2.026351, "delta": 0.00329}}
{"target": -340.3387949184781, "params": {"gamma": 0.8908932100029573, "lr": 0.18490559027840836}, "datetime": {"datetime": "2024-04-04 05:09:38", "elapsed": 2.029743, "delta": 0.003392}}
{"target": -1134.3320818213701, "params": {"gamma": 5.2689919070424525, "lr": 0.417102418106858}, "datetime": {"datetime": "2024-04-04 05:09:38", "elapsed": 2.032796, "delta": 0.003053}}
{"target": -1993.9141116331589, "params": {"gamma": 8.006795921634268, "lr": 0.9332023381866817}, "datetime": {"datetime": "2024-04-04 05:09:38", "elapsed": 2.035809, "delta": 0.003013}}
{"target": -463.30347625291864, "params": {"gamma": 1.779469614765534, "lr": 0.8600667708762162}, "datetime": {"datetime": "2024-04-04 05:09:38", "elapsed": 2.038834, "delta": 0.003025}}
{"target": -2380.1506809569028, "params": {"gamma": 9.57399186834036, "lr": 0.9594706068497821}, "datetime": {"datetime": "2024-04-04 05:09:38", "elapsed": 2.041836, "delta": 0.003002}}
{"target": -242.41961945601494, "params": {"gamma": 0.37958801461658453, "lr": 0.05758350560817371}, "datetime": {"datetime": "2024-04-04 05:09:38", "elapsed": 2.044846, "delta": 0.00301}}
{"target": -144.45486638320142, "params": {"gamma": 0.05896813178397224, "lr": 0.3126811561554764}, "datetime": {"datetime": "2024-04-04 05:09:38", "elapsed": 2.048008, "delta": 0.003162}}
{"target": -181.50679172482123, "params": {"gamma": 0.5579284287083343, "lr": 0.29386248547054417}, "datetime": {"datetime": "2024-04-04 05:09:38", "elapsed": 2.051167, "delta": 0.003159}}
{"target": -899.8987687579709, "params": {"gamma": 3.5608088438258343, "lr": 0.9536770184739218}, "datetime": {"datetime": "2024-04-04 05:09:38", "elapsed": 2.05423, "delta": 0.003063}}
{"target": -1119.2284926479022, "params": {"gamma": 4.770032273945294, "lr": 0.27823844242133033}, "datetime": {"datetime": "2024-04-04 05:09:38", "elapsed": 2.057329, "delta": 0.003099}}
{"target": -1062.3272847515084, "params": {"gamma": 5.030548945314497, "lr": 0.6433579246491355}, "datetime": {"datetime": "2024-04-04 05:09:38", "elapsed": 2.060637, "delta": 0.003308}}
{"target": -301.23656718809633, "params": {"gamma": 1.1133454800017826, "lr": 0.7580616581331086}, "datetime": {"datetime": "2024-04-04 05:09:38", "elapsed": 2.064023, "delta": 0.003386}}
{"target": -2086.1083293976335, "params": {"gamma": 8.519605767101668, "lr": 0.8442498595694283}, "datetime": {"datetime": "2024-04-04 05:09:38", "elapsed": 2.067183, "delta": 0.00316}}
{"target": -1811.4659022382289, "params": {"gamma": 8.905177817288482, "lr": 0.38184239675576115}, "datetime": {"datetime": "2024-04-04 05:09:38", "elapsed": 2.070368, "delta": 0.003185}}
{"target": -1978.1065363753642, "params": {"gamma": 4.438608178466819, "lr": 0.10158147594616618}, "datetime": {"datetime": "2024-04-04 05:09:38", "elapsed": 2.073448, "delta": 0.00308}}
{"target": -582.6035165589922, "params": {"gamma": 2.25884341738992, "lr": 0.971320469273211}, "datetime": {"datetime": "2024-04-04 05:09:38", "elapsed": 2.076594, "delta": 0.003146}}
{"target": -723.1954135225049, "params": {"gamma": 2.8469550657183857, "lr": 0.9073961422409973}, "datetime": {"datetime": "2024-04-04 05:09:38", "elapsed": 2.079798, "delta": 0.003204}}
{"target": -2215.4251656206707, "params": {"gamma": 8.905632311496733, "lr": 0.9225044972603934}, "datetime": {"datetime": "2024-04-04 05:09:38", "elapsed": 2.082889, "delta": 0.003091}}
{"target": -410.5323921690998, "params": {"gamma": 1.5623394948435068, "lr": 0.8797221435013809}, "datetime": {"datetime": "2024-04-04 05:09:38", "elapsed": 2.085956, "delta": 0.003067}}
{"target": -1935.2881866677458, "params": {"gamma": 6.320317509680909, "lr": 0.21062817841880244}, "datetime": {"datetime": "2024-04-04 05:09:38", "elapsed": 2.089146, "delta": 0.00319}}
{"target": -1356.2760361553221, "params": {"gamma": 3.4518140318860318, "lr": 0.1599187885892832}, "datetime": {"datetime": "2024-04-04 05:09:38", "elapsed": 2.092505, "delta": 0.003359}}
{"target": -2038.201653299501, "params": {"gamma": 4.444037226303826, "lr": 0.08377495384546052}, "datetime": {"datetime": "2024-04-04 05:09:38", "elapsed": 2.095867, "delta": 0.003362}}
{"target": -588.5947682975582, "params": {"gamma": 1.654019586311918, "lr": 0.19719634646666928}, "datetime": {"datetime": "2024-04-04 05:09:38", "elapsed": 2.099154, "delta": 0.003287}}
{"target": -1423.9983967010664, "params": {"gamma": 6.910582388225486, "lr": 0.573802869165353}, "datetime": {"datetime": "2024-04-04 05:09:38", "elapsed": 2.102235, "delta": 0.003081}}
{"target": -2330.993666333308, "params": {"gamma": 8.733358017233284, "lr": 0.2446340657192081}, "datetime": {"datetime": "2024-04-04 05:09:38", "elapsed": 2.105344, "delta": 0.003109}}
{"target": -2891.564615587256, "params": {"gamma": 6.296449959232413, "lr": 0.034431265307095615}, "datetime": {"datetime": "2024-04-04 05:09:38", "elapsed": 2.108466, "delta": 0.003122}}
{"target": -1275.5415888990344, "params": {"gamma": 5.162468412309614, "lr": 0.8632264817138495}, "datetime": {"datetime": "2024-04-04 05:09:38", "elapsed": 2.1116, "delta": 0.003134}}
{"target": -4499.07311467973, "params": {"gamma": 9.841281312305282, "lr": 0.009872975358918512}, "datetime": {"datetime": "2024-04-04 05:09:38", "elapsed": 2.114706, "delta": 0.003106}}
{"target": -690.1799545473078, "params": {"gamma": 2.5291619792860742, "lr": 0.22384967032752534}, "datetime": {"datetime": "2024-04-04 05:09:38", "elapsed": 2.117802, "delta": 0.003096}}
{"target": -278.907134895107, "params": {"gamma": 0.4763284046833772, "lr": 0.010172456261775653}, "datetime": {"datetime": "2024-04-04 05:09:38", "elapsed": 2.120931, "delta": 0.003129}}
{"target": -2259.550798839346, "params": {"gamma": 4.902462927130074, "lr": 0.04548214567029407}, "datetime": {"datetime": "2024-04-04 05:09:38", "elapsed": 2.124097, "delta": 0.003166}}
{"target": -597.2410275659481, "params": {"gamma": 2.784002980338173, "lr": 0.6399745691089123}, "datetime": {"datetime": "2024-04-04 05:09:38", "elapsed": 2.127522, "delta": 0.003425}}
{"target": -699.2543877989374, "params": {"gamma": 2.9476257235674814, "lr": 0.26965470115905144}, "datetime": {"datetime": "2024-04-04 05:09:38", "elapsed": 2.130893, "delta": 0.003371}}
{"target": -1206.1627985509392, "params": {"gamma": 5.905874675913428, "lr": 0.38053407720964005}, "datetime": {"datetime": "2024-04-04 05:09:38", "elapsed": 2.133953, "delta": 0.00306}}
{"target": -1362.2396702926114, "params": {"gamma": 7.025527816580048, "lr": 0.4961239512498611}, "datetime": {"datetime": "2024-04-04 05:09:38", "elapsed": 2.137118, "delta": 0.003165}}
{"target": -1361.1524188504416, "params": {"gamma": 6.33245944879897, "lr": 0.3533943470016294}, "datetime": {"datetime": "2024-04-04 05:09:38", "elapsed": 2.140316, "delta": 0.003198}}
{"target": -1120.110223800511, "params": {"gamma": 2.871152417608931, "lr": 0.13320711375110195}, "datetime": {"datetime": "2024-04-04 05:09:38", "elapsed": 2.143459, "delta": 0.003143}}
{"target": -2290.6992377048537, "params": {"gamma": 9.370866767604843, "lr": 0.8048358460157946}, "datetime": {"datetime": "2024-04-04 05:09:38", "elapsed": 2.146559, "delta": 0.0031}}
{"target": -3231.3249721337643, "params": {"gamma": 9.380347403020368, "lr": 0.1853805246478023}, "datetime": {"datetime": "2024-04-04 05:09:38", "elapsed": 2.149673, "delta": 0.003114}}
{"target": -2320.4152011058336, "params": {"gamma": 9.331624472469432, "lr": 0.9357532076921331}, "datetime": {"datetime": "2024-04-04 05:09:38", "elapsed": 2.152851, "delta": 0.003178}}
{"target": -673.7288480664157, "params": {"gamma": 2.8361615915229414, "lr": 0.27463424842386297}, "datetime": {"datetime": "2024-04-04 05:09:38", "elapsed": 2.155988, "delta": 0.003137}}
{"target": -1905.564438858327, "params": {"gamma": 5.514764305160052, "lr": 0.18528923936855235}, "datetime": {"datetime": "2024-04-04 05:09:38", "elapsed": 2.159201, "delta": 0.003213}}
{"target": -1530.8725389121332, "params": {"gamma": 4.421569005157032, "lr": 0.1853176459376844}, "datetime": {"datetime": "2024-04-04 05:09:38", "elapsed": 2.162648, "delta": 0.003447}}
{"target": -1830.9262429622577, "params": {"gamma": 9.473811803621638, "lr": 0.4938246574910856}, "datetime": {"datetime": "2024-04-04 05:09:38", "elapsed": 2.165888, "delta": 0.00324}}
{"target": -2024.3991869489969, "params": {"gamma": 9.639213756472554, "lr": 0.6449416725122118}, "datetime": {"datetime": "2024-04-04 05:09:38", "elapsed": 2.168935, "delta": 0.003047}}
{"target": -1214.9258904604787, "params": {"gamma": 4.843673414550824, "lr": 0.9676952459611975}, "datetime": {"datetime": "2024-04-04 05:09:38", "elapsed": 2.171981, "delta": 0.003046}}
{"target": -326.99933365292964, "params": {"gamma": 1.4327546273059197, "lr": 0.6323298746664966}, "datetime": {"datetime": "2024-04-04 05:09:38", "elapsed": 2.175051, "delta": 0.00307}}
{"target": -1417.5718702104637, "params": {"gamma": 6.6192217900001395, "lr": 0.43383982715272595}, "datetime": {"datetime": "2024-04-04 05:09:38", "elapsed": 2.178116, "delta": 0.003065}}
{"target": -176.09006263172864, "params": {"gamma": 0.594512896164236, "lr": 0.4927226011660333}, "datetime": {"datetime": "2024-04-04 05:09:38", "elapsed": 2.181174, "delta": 0.003058}}
{"target": -1149.615997612555, "params": {"gamma": 4.651874301237257, "lr": 0.8067468107748635}, "datetime": {"datetime": "2024-04-04 05:09:38", "elapsed": 2.184244, "delta": 0.00307}}
{"target": -536.8995050128733, "params": {"gamma": 2.5673532385398095, "lr": 0.3914303629842686}, "datetime": {"datetime": "2024-04-04 05:09:38", "elapsed": 2.187292, "delta": 0.003048}}
{"target": -567.7402575123856, "params": {"gamma": 2.402481900006551, "lr": 0.6864434151723641}, "datetime": {"datetime": "2024-04-04 05:09:38", "elapsed": 2.190426, "delta": 0.003134}}
{"target": -3730.880817591919, "params": {"gamma": 9.898844649917818, "lr": 0.1774295368682619}, "datetime": {"datetime": "2024-04-04 05:09:38", "elapsed": 2.193821, "delta": 0.003395}}
{"target": -2193.542516719472, "params": {"gamma": 8.214645955522746, "lr": 0.2309885592816333}, "datetime": {"datetime": "2024-04-04 05:09:38", "elapsed": 2.197231, "delta": 0.00341}}
{"target": -274.3504065571669, "params": {"gamma": 0.5807001579142975, "lr": 0.13881651804567363}, "datetime": {"datetime": "2024-04-04 05:09:38", "elapsed": 2.200297, "delta": 0.003066}}
{"target": -2278.7458463245594, "params": {"gamma": 9.351596002308344, "lr": 0.8885421033562281}, "datetime": {"datetime": "2024-04-04 05:09:38", "elapsed": 2.203373, "delta": 0.003076}}
{"target": -736.7030878061075, "params": {"gamma": 2.893315694333617, "lr": 0.9477640661016069}, "datetime": {"datetime": "2024-04-04 05:09:38", "elapsed": 2.206424, "delta": 0.003051}}
{"target": -1815.909267213464, "params": {"gamma": 8.499455421778958, "lr": 0.4346547940716735}, "datetime": {"datetime": "2024-04-04 05:09:38", "elapsed": 2.209666, "delta": 0.003242}}
{"target": -988.9203100109473, "params": {"gamma": 4.681027499109862, "lr": 0.6298530215834227}, "datetime": {"datetime": "2024-04-04 05:09:38", "elapsed": 2.212868, "delta": 0.003202}}
{"target": -758.3679660321692, "params": {"gamma": 1.581160317803163, "lr": 0.014782086742092915}, "datetime": {"datetime": "2024-04-04 05:09:38", "elapsed": 2.216069, "delta": 0.003201}}
{"target": -1242.250974890317, "params": {"gamma": 2.655854662706386, "lr": 0.015443631942760883}, "datetime": {"datetime": "2024-04-04 05:09:38", "elapsed": 2.219245, "delta": 0.003176}}
{"target": -1388.4480052180659, "params": {"gamma": 6.745313942778413, "lr": 0.5514688358127765}, "datetime": {"datetime": "2024-04-04 05:09:38", "elapsed": 2.222371, "delta": 0.003126}}
{"target": -787.8479536019407, "params": {"gamma": 3.2171598078821737, "lr": 0.7802023371197586}, "datetime": {"datetime": "2024-04-04 05:09:38", "elapsed": 2.225648, "delta": 0.003277}}
{"target": -414.52223014530284, "params": {"gamma": 1.4587085267165556, "lr": 0.2448806387618836}, "datetime": {"datetime": "2024-04-04 05:09:38", "elapsed": 2.229032, "delta": 0.003384}}
{"target": -1018.62010824082, "params": {"gamma": 2.923845306630798, "lr": 0.19593194649899215}, "datetime": {"datetime": "2024-04-04 05:09:38", "elapsed": 2.23232, "delta": 0.003288}}
{"target": -258.27173017515145, "params": {"gamma": 0.8802988990222627, "lr": 0.8699761802716075}, "datetime": {"datetime": "2024-04-04 05:09:38", "elapsed": 2.235491, "delta": 0.003171}}
{"target": -244.23776918685277, "params": {"gamma": 0.8827982670695292, "lr": 0.6837103358216379}, "datetime": {"datetime": "2024-04-04 05:09:38", "elapsed": 2.238607, "delta": 0.003116}}
{"target": -590.5857681107135, "params": {"gamma": 1.204888367700376, "lr": 0.010699003144174157}, "datetime": {"datetime": "2024-04-04 05:09:38", "elapsed": 2.241743, "delta": 0.003136}}
{"target": -1389.538112556462, "params": {"gamma": 5.573125032519063, "lr": 0.9071090552203707}, "datetime": {"datetime": "2024-04-04 05:09:38", "elapsed": 2.244967, "delta": 0.003224}}
{"target": -1844.7533491195543, "params": {"gamma": 8.604706216701516, "lr": 0.33845138411825004}, "datetime": {"datetime": "2024-04-04 05:09:38", "elapsed": 2.248161, "delta": 0.003194}}
{"target": -150.2100037304054, "params": {"gamma": 0.27256113442929636, "lr": 0.8008593551300331}, "datetime": {"datetime": "2024-04-04 05:09:38", "elapsed": 2.251351, "delta": 0.00319}}
{"target": -1976.2902517719265, "params": {"gamma": 8.06004333796437, "lr": 0.8684881163027721}, "datetime": {"datetime": "2024-04-04 05:09:38", "elapsed": 2.254485, "delta": 0.003134}}
{"target": -1643.8058980080498, "params": {"gamma": 6.696796352155456, "lr": 0.8077788623150765}, "datetime": {"datetime": "2024-04-04 05:09:38", "elapsed": 2.257615, "delta": 0.00313}}
{"target": -1763.7484845250572, "params": {"gamma": 8.9750853247459, "lr": 0.4538299504900123}, "datetime": {"datetime": "2024-04-04 05:09:38", "elapsed": 2.261029, "delta": 0.003414}}
{"target": -1159.4162463324922, "params": {"gamma": 5.578695211845391, "lr": 0.5061311288282347}, "datetime": {"datetime": "2024-04-04 05:09:38", "elapsed": 2.264458, "delta": 0.003429}}
{"target": -1583.5865977219905, "params": {"gamma": 6.920147061337664, "lr": 0.6829068676298748}, "datetime": {"datetime": "2024-04-04 05:09:38", "elapsed": 2.267664, "delta": 0.003206}}
{"target": -1272.4584732969909, "params": {"gamma": 5.203616044997302, "lr": 0.8284681480854713}, "datetime": {"datetime": "2024-04-04 05:09:38", "elapsed": 2.270905, "delta": 0.003241}}
{"target": -1237.6440865464967, "params": {"gamma": 5.058288088511875, "lr": 0.8248585623852319}, "datetime": {"datetime": "2024-04-04 05:09:38", "elapsed": 2.27402, "delta": 0.003115}}
{"target": -1074.5363486850415, "params": {"gamma": 2.8191690363442863, "lr": 0.17849483297748825}, "datetime": {"datetime": "2024-04-04 05:09:38", "elapsed": 2.27719, "delta": 0.00317}}
{"target": -2141.3956533668193, "params": {"gamma": 9.698735832876796, "lr": 0.7419395254560768}, "datetime": {"datetime": "2024-04-04 05:09:38", "elapsed": 2.280374, "delta": 0.003184}}
{"target": -548.0471702030104, "params": {"gamma": 2.598657141350841, "lr": 0.5812353422911717}, "datetime": {"datetime": "2024-04-04 05:09:38", "elapsed": 2.283545, "delta": 0.003171}}
{"target": -4368.18814574669, "params": {"gamma": 9.55266727312833, "lr": 0.0807539078120788}, "datetime": {"datetime": "2024-04-04 05:09:38", "elapsed": 2.286704, "delta": 0.003159}}
{"target": -219.15859845915227, "params": {"gamma": 0.8362585364103492, "lr": 0.6191348314199072}, "datetime": {"datetime": "2024-04-04 05:09:38", "elapsed": 2.289847, "delta": 0.003143}}
{"target": -558.1651732171656, "params": {"gamma": 2.245710294880741, "lr": 0.7651839567335081}, "datetime": {"datetime": "2024-04-04 05:09:38", "elapsed": 2.293166, "delta": 0.003319}}
{"target": -1198.0724452305064, "params": {"gamma": 5.681957276948102, "lr": 0.6661880902234952}, "datetime": {"datetime": "2024-04-04 05:09:38", "elapsed": 2.296616, "delta": 0.00345}}
{"target": -524.4225339478264, "params": {"gamma": 1.0790311940451294, "lr": 0.08428305143655679}, "datetime": {"datetime": "2024-04-04 05:09:38", "elapsed": 2.299778, "delta": 0.003162}}
{"target": -1342.779979585624, "params": {"gamma": 6.251585561986592, "lr": 0.4097312611340205}, "datetime": {"datetime": "2024-04-04 05:09:38", "elapsed": 2.334214, "delta": 0.034436}}
{"target": -225.78922556000063, "params": {"gamma": 0.8734379861959459, "lr": 0.3710639450161891}, "datetime": {"datetime": "2024-04-04 05:09:38", "elapsed": 2.337557, "delta": 0.003343}}
{"target": -2319.4717294600805, "params": {"gamma": 6.72177195215883, "lr": 0.1895874001915857}, "datetime": {"datetime": "2024-04-04 05:09:38", "elapsed": 2.340699, "delta": 0.003142}}
{"target": -2228.182470639321, "params": {"gamma": 8.957395356178512, "lr": 0.9498463888800873}, "datetime": {"datetime": "2024-04-04 05:09:38", "elapsed": 2.343804, "delta": 0.003105}}
{"target": -2123.268107498645, "params": {"gamma": 9.615763851802903, "lr": 0.7300825577402602}, "datetime": {"datetime": "2024-04-04 05:09:38", "elapsed": 2.346895, "delta": 0.003091}}
{"target": -911.2828237334546, "params": {"gamma": 4.063477988455463, "lr": 0.7437491963512196}, "datetime": {"datetime": "2024-04-04 05:09:38", "elapsed": 2.349967, "delta": 0.003072}}
{"target": -617.8256332647233, "params": {"gamma": 2.8805808058682407, "lr": 0.3144172223907462}, "datetime": {"datetime": "2024-04-04 05:09:38", "elapsed": 2.353064, "delta": 0.003097}}
{"target": -1250.1610154824489, "params": {"gamma": 6.059357715817362, "lr": 0.5948471334079176}, "datetime": {"datetime": "2024-04-04 05:09:38", "elapsed": 2.356167, "delta": 0.003103}}
{"target": -2048.702291555829, "params": {"gamma": 8.786731102181795, "lr": 0.25460075566057694}, "datetime": {"datetime": "2024-04-04 05:09:38", "elapsed": 2.359409, "delta": 0.003242}}
{"target": -1908.9789793505208, "params": {"gamma": 7.662117463663015, "lr": 0.9410132668189013}, "datetime": {"datetime": "2024-04-04 05:09:38", "elapsed": 2.362918, "delta": 0.003509}}
{"target": -144.3098988999475, "params": {"gamma": 0.011328293644688577, "lr": 0.47608911800210485}, "datetime": {"datetime": "2024-04-04 05:09:38", "elapsed": 2.366144, "delta": 0.003226}}
{"target": -1614.6759954389554, "params": {"gamma": 6.570746249918269, "lr": 0.8433232139195225}, "datetime": {"datetime": "2024-04-04 05:09:38", "elapsed": 2.369244, "delta": 0.0031}}
{"target": -476.4229176936035, "params": {"gamma": 1.8382103793481412, "lr": 0.8561592379873718}, "datetime": {"datetime": "2024-04-04 05:09:38", "elapsed": 2.372334, "delta": 0.00309}}
{"target": -917.3808163245766, "params": {"gamma": 3.6442904330904224, "lr": 0.8922739292761724}, "datetime": {"datetime": "2024-04-04 05:09:38", "elapsed": 2.375402, "delta": 0.003068}}
{"target": -204.58529004123957, "params": {"gamma": 0.2780896894835276, "lr": 0.08539013912317062}, "datetime": {"datetime": "2024-04-04 05:09:38", "elapsed": 2.37849, "delta": 0.003088}}
{"target": -2070.0533113164347, "params": {"gamma": 9.81412324707537, "lr": 0.6095019257734966}, "datetime": {"datetime": "2024-04-04 05:09:38", "elapsed": 2.381565, "delta": 0.003075}}
{"target": -1582.8154374697256, "params": {"gamma": 4.176905835795019, "lr": 0.16921418469369054}, "datetime": {"datetime": "2024-04-04 05:09:38", "elapsed": 2.384678, "delta": 0.003113}}
{"target": -2983.5739251818322, "params": {"gamma": 6.499361629743811, "lr": 0.03697506835935782}, "datetime": {"datetime": "2024-04-04 05:09:38", "elapsed": 2.387841, "delta": 0.003163}}
{"target": -666.055940402093, "params": {"gamma": 3.116827520693586, "lr": 0.32347919698907535}, "datetime": {"datetime": "2024-04-04 05:09:38", "elapsed": 2.391062, "delta": 0.003221}}
{"target": -1280.0086230442523, "params": {"gamma": 6.074811493252022, "lr": 0.6508312566756971}, "datetime": {"datetime": "2024-04-04 05:09:38", "elapsed": 2.394543, "delta": 0.003481}}
{"target": -2105.7718996387575, "params": {"gamma": 8.460699937765456, "lr": 0.9275809425975434}, "datetime": {"datetime": "2024-04-04 05:09:38", "elapsed": 2.398001, "delta": 0.003458}}
{"target": -1361.5614310737158, "params": {"gamma": 6.604916818383386, "lr": 0.5781739184085382}, "datetime": {"datetime": "2024-04-04 05:09:38", "elapsed": 2.401181, "delta": 0.00318}}
{"target": -1004.6037669631704, "params": {"gamma": 3.987756720746455, "lr": 0.966612492642142}, "datetime": {"datetime": "2024-04-04 05:09:38", "elapsed": 2.404365, "delta": 0.003184}}
{"target": -410.0603359153596, "params": {"gamma": 1.541637639151742, "lr": 0.8950868086486484}, "datetime": {"datetime": "2024-04-04 05:09:38", "elapsed": 2.407452, "delta": 0.003087}}
{"target": -651.492658356826, "params": {"gamma": 3.1108196657805305, "lr": 0.548489089666104}, "datetime": {"datetime": "2024-04-04 05:09:38", "elapsed": 2.410575, "delta": 0.003123}}
{"target": -1824.2661715233974, "params": {"gamma": 6.8209805180697165, "lr": 0.23646965132615538}, "datetime": {"datetime": "2024-04-04 05:09:38", "elapsed": 2.413765, "delta": 0.00319}}
{"target": -371.2883942085612, "params": {"gamma": 1.678199113817666, "lr": 0.508482013429616}, "datetime": {"datetime": "2024-04-04 05:09:38", "elapsed": 2.417019, "delta": 0.003254}}
{"target": -1809.1954534644838, "params": {"gamma": 7.918846891971133, "lr": 0.6924144621670756}, "datetime": {"datetime": "2024-04-04 05:09:38", "elapsed": 2.42022, "delta": 0.003201}}
{"target": -328.68849577801876, "params": {"gamma": 1.1906143983929753, "lr": 0.900742215071733}, "datetime": {"datetime": "2024-04-04 05:09:38", "elapsed": 2.423462, "delta": 0.003242}}
