{"target": -108.44790128894923, "params": {"gamma": 0.8747747222095537, "lr": 0.4365209316629254}, "datetime": {"datetime": "2024-03-30 19:06:18", "elapsed": 2816.508582, "delta": 19.766545}}
{"target": -111.30225263147143, "params": {"gamma": 0.10397303374620807, "lr": 0.9466193552867581}, "datetime": {"datetime": "2024-03-30 19:06:25", "elapsed": 2823.371055, "delta": 6.862473}}
{"target": -86.15913590793303, "params": {"gamma": 0.7212539738021336, "lr": 0.6632506513933237}, "datetime": {"datetime": "2024-03-30 19:06:31", "elapsed": 2829.923727, "delta": 6.552672}}
{"target": -147.98155995360767, "params": {"gamma": 0.93798978727839, "lr": 0.26148748371652786}, "datetime": {"datetime": "2024-03-30 19:06:39", "elapsed": 2837.665316, "delta": 7.741589}}
{"target": -74.95515419669921, "params": {"gamma": 0.47729079532835755, "lr": 0.8477824491178718}, "datetime": {"datetime": "2024-03-30 19:06:54", "elapsed": 2852.464404, "delta": 14.799088}}
{"target": -115.35773029480885, "params": {"gamma": 1.126707939697921, "lr": 0.8017682743586731}, "datetime": {"datetime": "2024-03-30 19:07:05", "elapsed": 2863.643872, "delta": 11.179468}}
{"target": -100.93206953280126, "params": {"gamma": 0.9324743417512967, "lr": 0.8883039795980242}, "datetime": {"datetime": "2024-03-30 19:07:16", "elapsed": 2874.129986, "delta": 10.486114}}
{"target": -90.67907866691716, "params": {"gamma": 0.23011783213261297, "lr": 0.6524623217055394}, "datetime": {"datetime": "2024-03-30 19:07:26", "elapsed": 2884.638546, "delta": 10.50856}}
{"target": -120.55362200881093, "params": {"gamma": 0.13585350040061805, "lr": 0.29348329521301664}, "datetime": {"datetime": "2024-03-30 19:07:35", "elapsed": 2893.795198, "delta": 9.156652}}
{"target": -150.35984047496126, "params": {"gamma": 1.3890776512163374, "lr": 0.43657737723842543}, "datetime": {"datetime": "2024-03-30 19:07:46", "elapsed": 2904.642708, "delta": 10.84751}}
{"target": -140.8954791529522, "params": {"gamma": 1.4646002896027124, "lr": 1.0}, "datetime": {"datetime": "2024-03-30 19:07:53", "elapsed": 2911.781898, "delta": 7.13919}}
{"target": -95.90517972705551, "params": {"gamma": 0.6649221548396701, "lr": 0.4586698243386538}, "datetime": {"datetime": "2024-03-30 19:08:01", "elapsed": 2919.419931, "delta": 7.638033}}
{"target": -874.3644671956083, "params": {"gamma": 9.342132532780054, "lr": 0.6371360829163196}, "datetime": {"datetime": "2024-03-30 19:08:05", "elapsed": 2923.50768, "delta": 4.087749}}
{"target": -155.07729553462113, "params": {"gamma": 1.5759331235653744, "lr": 0.8117856793659435}, "datetime": {"datetime": "2024-03-30 19:08:13", "elapsed": 2931.550834, "delta": 8.043154}}
{"target": -77.62699450865688, "params": {"gamma": 0.597518665327969, "lr": 0.9138377864294365}, "datetime": {"datetime": "2024-03-30 19:08:21", "elapsed": 2939.52328, "delta": 7.972446}}
{"target": -84.60225864888704, "params": {"gamma": 0.71643115836368, "lr": 0.8529938656223455}, "datetime": {"datetime": "2024-03-30 19:08:28", "elapsed": 2945.970017, "delta": 6.446737}}
{"target": -82.44947631651048, "params": {"gamma": 0.7032090943384577, "lr": 0.7841342928703017}, "datetime": {"datetime": "2024-03-30 19:08:39", "elapsed": 2957.519507, "delta": 11.54949}}
{"target": -77.36060390447709, "params": {"gamma": 0.4732787325911356, "lr": 0.506384109682069}, "datetime": {"datetime": "2024-03-30 19:08:45", "elapsed": 2963.824285, "delta": 6.304778}}
{"target": -86.19493192450169, "params": {"gamma": 0.267878028064438, "lr": 0.6198129403581086}, "datetime": {"datetime": "2024-03-30 19:08:58", "elapsed": 2976.610656, "delta": 12.786371}}
{"target": -143.13679205369252, "params": {"gamma": 0.002723367926010623, "lr": 0.7525681088352764}, "datetime": {"datetime": "2024-03-30 19:09:06", "elapsed": 2984.03343, "delta": 7.422774}}
{"target": -76.43084532746126, "params": {"gamma": 0.5661641317941801, "lr": 0.9587988749524591}, "datetime": {"datetime": "2024-03-30 19:09:21", "elapsed": 2999.517326, "delta": 15.483896}}
{"target": -145.5061839270312, "params": {"gamma": 1.4695299966433857, "lr": 0.8065254159907034}, "datetime": {"datetime": "2024-03-30 19:09:30", "elapsed": 3008.581753, "delta": 9.064427}}
{"target": -85.76213959918306, "params": {"gamma": 0.23625435436545295, "lr": 0.7605132152891481}, "datetime": {"datetime": "2024-03-30 19:09:46", "elapsed": 3024.639563, "delta": 16.05781}}
{"target": -134.067348259599, "params": {"gamma": 1.2160307602284894, "lr": 0.4783469857073931}, "datetime": {"datetime": "2024-03-30 19:09:57", "elapsed": 3035.122651, "delta": 10.483088}}
{"target": -896.7334388875637, "params": {"gamma": 8.844216112337032, "lr": 0.4170509116035981}, "datetime": {"datetime": "2024-03-30 19:10:00", "elapsed": 3038.8323, "delta": 3.709649}}
{"target": -79.99797891527243, "params": {"gamma": 0.5999468617537059, "lr": 0.5381177282678168}, "datetime": {"datetime": "2024-03-30 19:10:11", "elapsed": 3049.051883, "delta": 10.219583}}
{"target": -127.17497946804033, "params": {"gamma": 0.0469480783811046, "lr": 0.7200319705574795}, "datetime": {"datetime": "2024-03-30 19:10:34", "elapsed": 3072.942209, "delta": 23.890326}}
{"target": -90.73899641323575, "params": {"gamma": 0.8082083389267115, "lr": 0.5868086032520543}, "datetime": {"datetime": "2024-03-30 19:10:40", "elapsed": 3078.586009, "delta": 5.6438}}
{"target": -240.1160381037261, "params": {"gamma": 1.345098277457423, "lr": 0.2353374510102364}, "datetime": {"datetime": "2024-03-30 19:10:58", "elapsed": 3096.943952, "delta": 18.357943}}
{"target": -221.93257871105507, "params": {"gamma": 2.3143545463050867, "lr": 0.6363321137416497}, "datetime": {"datetime": "2024-03-30 19:11:07", "elapsed": 3105.584753, "delta": 8.640801}}
{"target": -80.22285238298585, "params": {"gamma": 0.639270951768451, "lr": 0.8539461941842998}, "datetime": {"datetime": "2024-03-30 19:11:14", "elapsed": 3112.70395, "delta": 7.119197}}
{"target": -142.60401616585736, "params": {"gamma": 1.3021531477477393, "lr": 0.4150698109881399}, "datetime": {"datetime": "2024-03-30 19:11:18", "elapsed": 3116.898322, "delta": 4.194372}}
{"target": -245.76715004166584, "params": {"gamma": 0.6277558554486758, "lr": 0.03999680868381672}, "datetime": {"datetime": "2024-03-30 19:11:26", "elapsed": 3124.113088, "delta": 7.214766}}
{"target": -121.3700957153691, "params": {"gamma": 1.239389775070524, "lr": 1.0}, "datetime": {"datetime": "2024-03-30 19:11:34", "elapsed": 3132.901023, "delta": 8.787935}}
{"target": -160.79816484411762, "params": {"gamma": 1.6501402964870187, "lr": 0.7869555569700443}, "datetime": {"datetime": "2024-03-30 19:11:44", "elapsed": 3142.588079, "delta": 9.687056}}
{"target": -93.47719078337245, "params": {"gamma": 0.8502978274487258, "lr": 0.9079342484709468}, "datetime": {"datetime": "2024-03-30 19:12:00", "elapsed": 3158.384217, "delta": 15.796138}}
{"target": -491.7364428081044, "params": {"gamma": 5.233237891137395, "lr": 0.9999045938541214}, "datetime": {"datetime": "2024-03-30 19:12:09", "elapsed": 3167.178677, "delta": 8.79446}}
{"target": -82.73684040477373, "params": {"gamma": 0.3080517951278099, "lr": 0.5494291779619649}, "datetime": {"datetime": "2024-03-30 19:12:32", "elapsed": 3190.85943, "delta": 23.680753}}
{"target": -198.3073651679443, "params": {"gamma": 2.0676695415837316, "lr": 0.5517200383232288}, "datetime": {"datetime": "2024-03-30 19:12:51", "elapsed": 3209.550806, "delta": 18.691376}}
{"target": -83.37644947391468, "params": {"gamma": 0.7094701967634596, "lr": 0.7304190484478031}, "datetime": {"datetime": "2024-03-30 19:13:04", "elapsed": 3222.786655, "delta": 13.235849}}
{"target": -190.05409887752353, "params": {"gamma": 2.0189049568825577, "lr": 1.0}, "datetime": {"datetime": "2024-03-30 19:13:12", "elapsed": 3230.721318, "delta": 7.934663}}
{"target": -118.013272052281, "params": {"gamma": 0.11571720558430097, "lr": 0.4739300301520819}, "datetime": {"datetime": "2024-03-30 19:13:19", "elapsed": 3237.124286, "delta": 6.402968}}
{"target": -155.43225959431635, "params": {"gamma": 1.5880276862345075, "lr": 0.6080620789355556}, "datetime": {"datetime": "2024-03-30 19:13:31", "elapsed": 3249.608521, "delta": 12.484235}}
{"target": -97.73897297602655, "params": {"gamma": 0.9039758813065396, "lr": 0.525177857566793}, "datetime": {"datetime": "2024-03-30 19:13:41", "elapsed": 3259.12958, "delta": 9.521059}}
{"target": -82.84039484228252, "params": {"gamma": 0.26729851930488624, "lr": 0.9709918932036362}, "datetime": {"datetime": "2024-03-30 19:13:53", "elapsed": 3270.989556, "delta": 11.859976}}
{"target": -143.69896712692872, "params": {"gamma": 0.0013598996656861502, "lr": 0.6037072202312863}, "datetime": {"datetime": "2024-03-30 19:14:08", "elapsed": 3286.478676, "delta": 15.48912}}
{"target": -82.40530250847885, "params": {"gamma": 0.6633620235388914, "lr": 0.5935058154740405}, "datetime": {"datetime": "2024-03-30 19:14:20", "elapsed": 3298.477609, "delta": 11.998933}}
{"target": -98.06052782833407, "params": {"gamma": 0.2755665620826016, "lr": 0.33422503032648593}, "datetime": {"datetime": "2024-03-30 19:14:31", "elapsed": 3309.528686, "delta": 11.051077}}
{"target": -283.2276934984502, "params": {"gamma": 2.287200257054538, "lr": 0.2857903800121598}, "datetime": {"datetime": "2024-03-30 19:14:42", "elapsed": 3320.270048, "delta": 10.741362}}
{"target": -77.216572534526, "params": {"gamma": 0.3276454006419809, "lr": 0.7811916852825976}, "datetime": {"datetime": "2024-03-30 19:14:51", "elapsed": 3329.006316, "delta": 8.736268}}
{"target": -339.6133379611727, "params": {"gamma": 3.610115711373371, "lr": 0.5932363555931583}, "datetime": {"datetime": "2024-03-30 19:14:55", "elapsed": 3333.238406, "delta": 4.23209}}
{"target": -77.55467816909548, "params": {"gamma": 0.43337358720224334, "lr": 0.6066224117976287}, "datetime": {"datetime": "2024-03-30 19:15:10", "elapsed": 3348.025587, "delta": 14.787181}}
{"target": -74.46632353334809, "params": {"gamma": 0.48024035392858333, "lr": 0.9305100714209045}, "datetime": {"datetime": "2024-03-30 19:15:21", "elapsed": 3359.497629, "delta": 11.472042}}
{"target": -144.17461355646887, "params": {"gamma": 0.7220053513249338, "lr": 0.0}, "datetime": {"datetime": "2024-03-30 19:15:29", "elapsed": 3367.193224, "delta": 7.695595}}
{"target": -93.32076355622816, "params": {"gamma": 0.4341384004565442, "lr": 0.368661739074867}, "datetime": {"datetime": "2024-03-30 19:15:36", "elapsed": 3374.845038, "delta": 7.651814}}
{"target": -79.57070239196166, "params": {"gamma": 0.3082588577681195, "lr": 0.8425322143202315}, "datetime": {"datetime": "2024-03-30 19:15:50", "elapsed": 3388.386398, "delta": 13.54136}}
{"target": -191.7000061088728, "params": {"gamma": 1.9909775477440133, "lr": 0.77190079224194}, "datetime": {"datetime": "2024-03-30 19:15:59", "elapsed": 3397.117594, "delta": 8.731196}}
{"target": -98.52462566132357, "params": {"gamma": 0.9311238112157125, "lr": 0.7933831283786935}, "datetime": {"datetime": "2024-03-30 19:16:12", "elapsed": 3410.181626, "delta": 13.064032}}
{"target": -94.07549117280925, "params": {"gamma": 0.8526095397877621, "lr": 0.506584880022}, "datetime": {"datetime": "2024-03-30 19:16:18", "elapsed": 3416.039101, "delta": 5.857475}}
{"target": -301.55301418140425, "params": {"gamma": 1.771821333575871, "lr": 0.23791088592797205}, "datetime": {"datetime": "2024-03-30 19:16:30", "elapsed": 3428.285143, "delta": 12.246042}}
{"target": -626.9241824415312, "params": {"gamma": 6.681346283016929, "lr": 0.6414978529733563}, "datetime": {"datetime": "2024-03-30 19:16:34", "elapsed": 3432.567747, "delta": 4.282604}}
{"target": -144.17461355646887, "params": {"gamma": 1.0698649078142237, "lr": 0.0}, "datetime": {"datetime": "2024-03-30 19:16:45", "elapsed": 3443.709542, "delta": 11.141795}}
{"target": -125.83224551809207, "params": {"gamma": 1.1051689276886545, "lr": 0.401166587993922}, "datetime": {"datetime": "2024-03-30 19:16:55", "elapsed": 3453.658621, "delta": 9.949079}}
{"target": -76.87011184511138, "params": {"gamma": 0.3462515733507227, "lr": 0.9598291873870989}, "datetime": {"datetime": "2024-03-30 19:17:05", "elapsed": 3463.205412, "delta": 9.546791}}
{"target": -818.9136842819297, "params": {"gamma": 8.768232412800886, "lr": 0.590076003911826}, "datetime": {"datetime": "2024-03-30 19:17:09", "elapsed": 3467.509702, "delta": 4.30429}}
{"target": -860.6025351542145, "params": {"gamma": 7.85723855761296, "lr": 0.3873092151685561}, "datetime": {"datetime": "2024-03-30 19:17:13", "elapsed": 3471.673763, "delta": 4.164061}}
{"target": -218.35211109473275, "params": {"gamma": 0.5342128779951751, "lr": 0.00142106432204403}, "datetime": {"datetime": "2024-03-30 19:17:26", "elapsed": 3484.108984, "delta": 12.435221}}
{"target": -103.18041853250546, "params": {"gamma": 0.2207282560682599, "lr": 0.40882678905936687}, "datetime": {"datetime": "2024-03-30 19:17:40", "elapsed": 3498.254114, "delta": 14.14513}}
{"target": -125.50068144694535, "params": {"gamma": 1.2439848765379065, "lr": 0.8324572709091236}, "datetime": {"datetime": "2024-03-30 19:17:58", "elapsed": 3516.24123, "delta": 17.987116}}
{"target": -853.7752975792794, "params": {"gamma": 7.794600589496161, "lr": 0.3723717047567746}, "datetime": {"datetime": "2024-03-30 19:18:02", "elapsed": 3520.412155, "delta": 4.170925}}
{"target": -157.94618587582195, "params": {"gamma": 1.4869315209610126, "lr": 0.4669283841085028}, "datetime": {"datetime": "2024-03-30 19:18:09", "elapsed": 3527.802093, "delta": 7.389938}}
{"target": -74.26617660895784, "params": {"gamma": 0.3935853748553293, "lr": 0.7223375152074967}, "datetime": {"datetime": "2024-03-30 19:18:30", "elapsed": 3548.909589, "delta": 21.107496}}
{"target": -96.78712337899722, "params": {"gamma": 0.18700474436927256, "lr": 0.6235078316515421}, "datetime": {"datetime": "2024-03-30 19:18:41", "elapsed": 3559.262758, "delta": 10.353169}}
{"target": -171.74992293122986, "params": {"gamma": 1.7391826762549378, "lr": 0.730802114658937}, "datetime": {"datetime": "2024-03-30 19:18:51", "elapsed": 3569.601164, "delta": 10.338406}}
{"target": -143.49011570364647, "params": {"gamma": 1.3253030728362263, "lr": 0.4706216137443554}, "datetime": {"datetime": "2024-03-30 19:19:03", "elapsed": 3580.998613, "delta": 11.397449}}
{"target": -109.45541834798529, "params": {"gamma": 1.0657565959308501, "lr": 0.7624692074271058}, "datetime": {"datetime": "2024-03-30 19:19:15", "elapsed": 3593.713578, "delta": 12.714965}}
{"target": -121.60757173696375, "params": {"gamma": 0.9549585350199556, "lr": 0.379269925540655}, "datetime": {"datetime": "2024-03-30 19:19:30", "elapsed": 3608.373952, "delta": 14.660374}}
{"target": -144.86698054061503, "params": {"gamma": 0.42715794475316027, "lr": 0.18482006501241266}, "datetime": {"datetime": "2024-03-30 19:19:43", "elapsed": 3621.447514, "delta": 13.073562}}
{"target": -236.29504787840628, "params": {"gamma": 2.483240912137917, "lr": 0.5167362899047675}, "datetime": {"datetime": "2024-03-30 19:19:55", "elapsed": 3633.392299, "delta": 11.944785}}
{"target": -78.88729251348673, "params": {"gamma": 0.5540988569768968, "lr": 0.6357179882136127}, "datetime": {"datetime": "2024-03-30 19:20:16", "elapsed": 3654.56021, "delta": 21.167911}}
{"target": -93.74557261377608, "params": {"gamma": 0.35022788493952434, "lr": 0.41045931138653435}, "datetime": {"datetime": "2024-03-30 19:20:24", "elapsed": 3662.560062, "delta": 7.999852}}
{"target": -70.42347218532097, "params": {"gamma": 0.5166665063134768, "lr": 1.0}, "datetime": {"datetime": "2024-03-30 19:20:38", "elapsed": 3676.534277, "delta": 13.974215}}
{"target": -154.41891291058914, "params": {"gamma": 1.530453699232598, "lr": 0.7106702825312954}, "datetime": {"datetime": "2024-03-30 19:20:44", "elapsed": 3682.45302, "delta": 5.918743}}
{"target": -76.67382238268931, "params": {"gamma": 0.5554668265699729, "lr": 0.8425486342079016}, "datetime": {"datetime": "2024-03-30 19:21:00", "elapsed": 3698.841609, "delta": 16.388589}}
{"target": -252.9613352273191, "params": {"gamma": 2.66464189101807, "lr": 0.5379649371397726}, "datetime": {"datetime": "2024-03-30 19:21:17", "elapsed": 3715.086124, "delta": 16.244515}}
{"target": -73.87516366385132, "params": {"gamma": 0.48585078291250766, "lr": 0.793019870933272}, "datetime": {"datetime": "2024-03-30 19:21:31", "elapsed": 3729.823213, "delta": 14.737089}}
{"target": -82.62262205578915, "params": {"gamma": 0.3117213679792452, "lr": 0.6579447886438253}, "datetime": {"datetime": "2024-03-30 19:21:39", "elapsed": 3737.871626, "delta": 8.048413}}
{"target": -277.128441639574, "params": {"gamma": 2.9136632477844677, "lr": 0.6429940278107161}, "datetime": {"datetime": "2024-03-30 19:21:46", "elapsed": 3744.898913, "delta": 7.027287}}
{"target": -86.30655713356391, "params": {"gamma": 0.7313436903510758, "lr": 0.539006801103108}, "datetime": {"datetime": "2024-03-30 19:21:56", "elapsed": 3754.853422, "delta": 9.954509}}
{"target": -286.62229950260115, "params": {"gamma": 3.090897115785509, "lr": 1.0}, "datetime": {"datetime": "2024-03-30 19:22:07", "elapsed": 3765.887406, "delta": 11.033984}}
{"target": -163.1392219418091, "params": {"gamma": 1.665381966745273, "lr": 0.931525700362422}, "datetime": {"datetime": "2024-03-30 19:22:25", "elapsed": 3783.732748, "delta": 17.845342}}
{"target": -78.08699395348525, "params": {"gamma": 0.40421322651209635, "lr": 0.5099914496093487}, "datetime": {"datetime": "2024-03-30 19:22:38", "elapsed": 3795.981875, "delta": 12.249127}}
{"target": -135.6398662148481, "params": {"gamma": 1.115139322916846, "lr": 0.3376786697135886}, "datetime": {"datetime": "2024-03-30 19:22:55", "elapsed": 3813.422404, "delta": 17.440529}}
{"target": -94.14795337719616, "params": {"gamma": 0.18569286867059698, "lr": 0.8492421824747906}, "datetime": {"datetime": "2024-03-30 19:23:13", "elapsed": 3831.593567, "delta": 18.171163}}
{"target": -106.76640620018851, "params": {"gamma": 1.0224256257579964, "lr": 0.5052776938160725}, "datetime": {"datetime": "2024-03-30 19:23:24", "elapsed": 3842.059772, "delta": 10.466205}}
{"target": -119.89168303588353, "params": {"gamma": 0.6067146823239417, "lr": 0.26837364174188316}, "datetime": {"datetime": "2024-03-30 19:23:45", "elapsed": 3863.2146, "delta": 21.154828}}
{"target": -107.91013443724124, "params": {"gamma": 1.0391425239975804, "lr": 0.964624649813216}, "datetime": {"datetime": "2024-03-30 19:24:04", "elapsed": 3882.849549, "delta": 19.634949}}
{"target": -96.85545721495379, "params": {"gamma": 0.6743039488415743, "lr": 0.4096624084696049}, "datetime": {"datetime": "2024-03-30 19:24:22", "elapsed": 3900.52605, "delta": 17.676501}}
{"target": -88.62438275134048, "params": {"gamma": 0.7868539652993602, "lr": 0.731051020705853}, "datetime": {"datetime": "2024-03-30 19:24:32", "elapsed": 3910.588239, "delta": 10.062189}}
{"target": -130.71839031095755, "params": {"gamma": 0.041138663823589126, "lr": 0.5053121486967129}, "datetime": {"datetime": "2024-03-30 19:24:43", "elapsed": 3921.548005, "delta": 10.959766}}
{"target": -80.14057550527892, "params": {"gamma": 0.2821411252729282, "lr": 0.7118360229798525}, "datetime": {"datetime": "2024-03-30 19:24:51", "elapsed": 3929.599458, "delta": 8.051453}}
{"target": -1126.1921679944353, "params": {"gamma": 10.0, "lr": 0.3082889569331312}, "datetime": {"datetime": "2024-03-30 19:25:13", "elapsed": 3950.973689, "delta": 21.374231}}
{"target": -114.4110255053343, "params": {"gamma": 1.1222347279726659, "lr": 0.5964800733139058}, "datetime": {"datetime": "2024-03-30 19:25:31", "elapsed": 3969.675624, "delta": 18.701935}}
{"target": -776.9012005075116, "params": {"gamma": 2.16275750679711, "lr": 8.99114076324814e-05}, "datetime": {"datetime": "2024-03-30 19:25:45", "elapsed": 3982.978943, "delta": 13.303319}}
{"target": -810.2918932952165, "params": {"gamma": 2.256385511133174, "lr": 0.00344812103797254}, "datetime": {"datetime": "2024-03-30 19:26:02", "elapsed": 4000.273895, "delta": 17.294952}}
{"target": -873.6944172831563, "params": {"gamma": 2.4340518821318273, "lr": 0.000487588403744188}, "datetime": {"datetime": "2024-03-30 19:26:13", "elapsed": 4011.89641, "delta": 11.622515}}
{"target": -673.3983750735351, "params": {"gamma": 1.8721431323950313, "lr": 0.01730746629437896}, "datetime": {"datetime": "2024-03-30 19:26:25", "elapsed": 4023.622439, "delta": 11.726029}}
{"target": -681.0414777487803, "params": {"gamma": 7.280130116350822, "lr": 0.9147340804144266}, "datetime": {"datetime": "2024-03-30 19:26:37", "elapsed": 4035.024552, "delta": 11.402113}}
{"target": -631.3962633886513, "params": {"gamma": 6.743388062646118, "lr": 0.9991431059305778}, "datetime": {"datetime": "2024-03-30 19:26:52", "elapsed": 4050.875534, "delta": 15.850982}}
{"target": -587.2963356221978, "params": {"gamma": 3.6777631394067574, "lr": 0.24618791273296148}, "datetime": {"datetime": "2024-03-30 19:27:06", "elapsed": 4064.293368, "delta": 13.417834}}
{"target": -308.30370349429666, "params": {"gamma": 2.7819811708516387, "lr": 0.34122249998177623}, "datetime": {"datetime": "2024-03-30 19:27:12", "elapsed": 4070.516399, "delta": 6.223031}}
{"target": -3275.5268031329983, "params": {"gamma": 9.545596648939085, "lr": 0.1324329866978663}, "datetime": {"datetime": "2024-03-30 19:27:16", "elapsed": 4074.945073, "delta": 4.428674}}
{"target": -379.85463091316757, "params": {"gamma": 3.053392318084835, "lr": 0.2692257296826863}, "datetime": {"datetime": "2024-03-30 19:27:43", "elapsed": 4101.458324, "delta": 26.513251}}
{"target": -333.6826525046025, "params": {"gamma": 3.532002133790589, "lr": 0.6046339274622812}, "datetime": {"datetime": "2024-03-30 19:27:55", "elapsed": 4113.479621, "delta": 12.021297}}
{"target": -329.23573868507583, "params": {"gamma": 3.401164210200403, "lr": 0.8752508648776729}, "datetime": {"datetime": "2024-03-30 19:28:15", "elapsed": 4133.745731, "delta": 20.26611}}
{"target": -489.7099214961908, "params": {"gamma": 5.220164621828533, "lr": 0.5566112247280676}, "datetime": {"datetime": "2024-03-30 19:28:25", "elapsed": 4143.415684, "delta": 9.669953}}
