{"target": -111.84768621530499, "params": {"gamma": 0.4653786678085099, "lr": 0.46177397991505453}, "datetime": {"datetime": "2024-04-04 01:29:55", "elapsed": 7079.934029, "delta": 10.901187}}
{"target": -130.09031175685968, "params": {"gamma": 0.9736809610315619, "lr": 0.23349963973481558}, "datetime": {"datetime": "2024-04-04 01:30:18", "elapsed": 7102.597027, "delta": 22.662998}}
{"target": -203.7371107364149, "params": {"gamma": 1.56291306378717, "lr": 0.19015449135886942}, "datetime": {"datetime": "2024-04-04 01:30:47", "elapsed": 7131.832575, "delta": 29.235548}}
{"target": -115.09486364799348, "params": {"gamma": 0.9659037727350536, "lr": 0.27998495259659273}, "datetime": {"datetime": "2024-04-04 01:30:56", "elapsed": 7141.179846, "delta": 9.347271}}
{"target": -190.05387242446437, "params": {"gamma": 1.4078046803866866, "lr": 0.6778277483768396}, "datetime": {"datetime": "2024-04-04 01:31:07", "elapsed": 7151.593032, "delta": 10.413186}}
{"target": -665.1335841039506, "params": {"gamma": 5.035017670379291, "lr": 0.8477886759104649}, "datetime": {"datetime": "2024-04-04 01:31:11", "elapsed": 7155.904195, "delta": 4.311163}}
{"target": -442.95654130752234, "params": {"gamma": 3.7464105462841593, "lr": 0.6914787220556784}, "datetime": {"datetime": "2024-04-04 01:31:26", "elapsed": 7170.505189, "delta": 14.600994}}
{"target": -151.5266154874611, "params": {"gamma": 0.7056064052640091, "lr": 0.9172976121088696}, "datetime": {"datetime": "2024-04-04 01:31:35", "elapsed": 7179.481171, "delta": 8.975982}}
{"target": -109.92666263293584, "params": {"gamma": 0.3850444877295659, "lr": 0.3296360087157828}, "datetime": {"datetime": "2024-04-04 01:31:49", "elapsed": 7193.944227, "delta": 14.463056}}
{"target": -123.15332535444244, "params": {"gamma": 0.20367374791836107, "lr": 0.7157904105787196}, "datetime": {"datetime": "2024-04-04 01:32:10", "elapsed": 7214.397119, "delta": 20.452892}}
{"target": -138.14165283583674, "params": {"gamma": 0.038607096960809245, "lr": 0.8938830389591482}, "datetime": {"datetime": "2024-04-04 01:32:24", "elapsed": 7228.337245, "delta": 13.940126}}
{"target": -109.40890235018475, "params": {"gamma": 0.79622236960951, "lr": 0.2664154834480025}, "datetime": {"datetime": "2024-04-04 01:32:40", "elapsed": 7244.760811, "delta": 16.423566}}
{"target": -159.74654425089852, "params": {"gamma": 1.7864517870566345, "lr": 0.28532179021908843}, "datetime": {"datetime": "2024-04-04 01:32:58", "elapsed": 7263.115149, "delta": 18.354338}}
{"target": -129.33557143663617, "params": {"gamma": 0.10720908042179829, "lr": 0.31057156417371357}, "datetime": {"datetime": "2024-04-04 01:33:11", "elapsed": 7275.824329, "delta": 12.70918}}
{"target": -148.39960570341535, "params": {"gamma": 0.07743977344738828, "lr": 0.0376880244920661}, "datetime": {"datetime": "2024-04-04 01:33:23", "elapsed": 7287.761292, "delta": 11.936963}}
{"target": -138.21475998935216, "params": {"gamma": 1.350426407714057, "lr": 0.3035858513631392}, "datetime": {"datetime": "2024-04-04 01:33:35", "elapsed": 7299.455045, "delta": 11.693753}}
{"target": -135.59237303661726, "params": {"gamma": 0.7234683324557716, "lr": 0.7138409868172637}, "datetime": {"datetime": "2024-04-04 01:33:43", "elapsed": 7307.794742, "delta": 8.339697}}
{"target": -226.59238534702814, "params": {"gamma": 1.6595525567114677, "lr": 0.7501159817267682}, "datetime": {"datetime": "2024-04-04 01:33:50", "elapsed": 7315.14029, "delta": 7.345548}}
{"target": -135.72368324938026, "params": {"gamma": 0.2087068714089127, "lr": 0.12842748358922262}, "datetime": {"datetime": "2024-04-04 01:34:07", "elapsed": 7331.94114, "delta": 16.80085}}
{"target": -288.0833377169314, "params": {"gamma": 2.5964331308097535, "lr": 0.6406626168312586}, "datetime": {"datetime": "2024-04-04 01:34:27", "elapsed": 7351.826541, "delta": 19.885401}}
{"target": -127.6977021906252, "params": {"gamma": 0.12959823876481388, "lr": 0.6203005567845398}, "datetime": {"datetime": "2024-04-04 01:34:44", "elapsed": 7368.356378, "delta": 16.529837}}
{"target": -122.93427720274684, "params": {"gamma": 0.20037558481839485, "lr": 0.8497349474360892}, "datetime": {"datetime": "2024-04-04 01:34:58", "elapsed": 7382.742632, "delta": 14.386254}}
{"target": -116.15106243013224, "params": {"gamma": 0.9174560866570765, "lr": 0.29925282125849595}, "datetime": {"datetime": "2024-04-04 01:35:13", "elapsed": 7397.657251, "delta": 14.914619}}
{"target": -129.68206504418373, "params": {"gamma": 0.1191295237047499, "lr": 0.9337535508980556}, "datetime": {"datetime": "2024-04-04 01:35:25", "elapsed": 7409.47609, "delta": 11.818839}}
{"target": -116.61564260537267, "params": {"gamma": 0.2855753283157146, "lr": 0.40034670551333107}, "datetime": {"datetime": "2024-04-04 01:35:43", "elapsed": 7427.285865, "delta": 17.809775}}
{"target": -144.17461355646887, "params": {"gamma": 0.43379489211219513, "lr": 0.0}, "datetime": {"datetime": "2024-04-04 01:35:57", "elapsed": 7441.470609, "delta": 14.184744}}
{"target": -144.17461355646887, "params": {"gamma": 1.7106987864905154, "lr": 0.0}, "datetime": {"datetime": "2024-04-04 01:36:19", "elapsed": 7464.038635, "delta": 22.568026}}
{"target": -129.69631479633387, "params": {"gamma": 0.11415567051774349, "lr": 0.7885366683963947}, "datetime": {"datetime": "2024-04-04 01:36:35", "elapsed": 7479.627701, "delta": 15.589066}}
{"target": -199.8671768083834, "params": {"gamma": 2.256216944719532, "lr": 0.29405316685182326}, "datetime": {"datetime": "2024-04-04 01:36:54", "elapsed": 7498.317765, "delta": 18.690064}}
{"target": -121.41968336550744, "params": {"gamma": 0.5458139074259919, "lr": 0.6915924394857041}, "datetime": {"datetime": "2024-04-04 01:37:06", "elapsed": 7510.444727, "delta": 12.126962}}
{"target": -118.16848339836558, "params": {"gamma": 0.22436367203037136, "lr": 0.30722333834962856}, "datetime": {"datetime": "2024-04-04 01:37:22", "elapsed": 7526.558968, "delta": 16.114241}}
{"target": -122.97432655950254, "params": {"gamma": 0.25831267170452776, "lr": 0.15011497871426593}, "datetime": {"datetime": "2024-04-04 01:37:35", "elapsed": 7540.004955, "delta": 13.445987}}
{"target": -236.1623261149196, "params": {"gamma": 1.4210585144763654, "lr": 0.9580259858012251}, "datetime": {"datetime": "2024-04-04 01:38:05", "elapsed": 7569.476754, "delta": 29.471799}}
{"target": -129.2899414291331, "params": {"gamma": 0.14719866017219047, "lr": 1.0}, "datetime": {"datetime": "2024-04-04 01:38:22", "elapsed": 7586.768456, "delta": 17.291702}}
{"target": -427.58071024008353, "params": {"gamma": 5.189561268778896, "lr": 0.2923545123013116}, "datetime": {"datetime": "2024-04-04 01:38:37", "elapsed": 7601.792256, "delta": 15.0238}}
{"target": -255.0921880321425, "params": {"gamma": 2.2609681593148343, "lr": 0.650578185097048}, "datetime": {"datetime": "2024-04-04 01:38:50", "elapsed": 7614.308388, "delta": 12.516132}}
{"target": -130.46717962511354, "params": {"gamma": 0.8766537040225887, "lr": 0.529406550999739}, "datetime": {"datetime": "2024-04-04 01:39:17", "elapsed": 7641.669697, "delta": 27.361309}}
{"target": -129.90144142209087, "params": {"gamma": 1.0720953675403757, "lr": 0.42373794906954143}, "datetime": {"datetime": "2024-04-04 01:39:27", "elapsed": 7651.765051, "delta": 10.095354}}
{"target": -889.2369236521015, "params": {"gamma": 8.193126271217615, "lr": 0.6055758256573267}, "datetime": {"datetime": "2024-04-04 01:39:32", "elapsed": 7656.451497, "delta": 4.686446}}
{"target": -837.0778546406615, "params": {"gamma": 2.372819966981288, "lr": 0.0319459657444055}, "datetime": {"datetime": "2024-04-04 01:39:42", "elapsed": 7667.168566, "delta": 10.717069}}
{"target": -136.34115435348426, "params": {"gamma": 0.7012606234639313, "lr": 0.7893895636247366}, "datetime": {"datetime": "2024-04-04 01:40:05", "elapsed": 7689.363186, "delta": 22.19462}}
{"target": -288.503341019869, "params": {"gamma": 2.3690757720986038, "lr": 0.1697341508723912}, "datetime": {"datetime": "2024-04-04 01:40:20", "elapsed": 7704.972024, "delta": 15.608838}}
{"target": -150.25618716303492, "params": {"gamma": 0.781326387819187, "lr": 0.8659043390887565}, "datetime": {"datetime": "2024-04-04 01:40:34", "elapsed": 7718.762682, "delta": 13.790658}}
{"target": -139.47675980707967, "params": {"gamma": 0.8428942206251254, "lr": 0.6694676175722445}, "datetime": {"datetime": "2024-04-04 01:40:48", "elapsed": 7732.613548, "delta": 13.850866}}
{"target": -111.69185194787484, "params": {"gamma": 0.31042156718111835, "lr": 0.27453393799638504}, "datetime": {"datetime": "2024-04-04 01:41:02", "elapsed": 7747.20125, "delta": 14.587702}}
{"target": -143.89157393343478, "params": {"gamma": 0.001857994722520511, "lr": 0.5971701016138173}, "datetime": {"datetime": "2024-04-04 01:41:18", "elapsed": 7763.112014, "delta": 15.910764}}
{"target": -334.3845831214154, "params": {"gamma": 2.3467229515285433, "lr": 0.8770277006909073}, "datetime": {"datetime": "2024-04-04 01:41:26", "elapsed": 7771.130877, "delta": 8.018863}}
{"target": -184.1910816413147, "params": {"gamma": 1.7181474835440926, "lr": 0.38747579427914336}, "datetime": {"datetime": "2024-04-04 01:41:34", "elapsed": 7778.830712, "delta": 7.699835}}
{"target": -116.5131860996244, "params": {"gamma": 0.49251959896259717, "lr": 0.6264763704389132}, "datetime": {"datetime": "2024-04-04 01:41:49", "elapsed": 7793.485972, "delta": 14.65526}}
{"target": -152.86837436816802, "params": {"gamma": 1.3800290805119548, "lr": 0.4676109563059252}, "datetime": {"datetime": "2024-04-04 01:42:00", "elapsed": 7804.83261, "delta": 11.346638}}
{"target": -119.91937335317316, "params": {"gamma": 0.28443852346907716, "lr": 0.710472775432093}, "datetime": {"datetime": "2024-04-04 01:42:15", "elapsed": 7819.792475, "delta": 14.959865}}
{"target": -194.0141567988833, "params": {"gamma": 0.8627543645091904, "lr": 0.1320056218015222}, "datetime": {"datetime": "2024-04-04 01:42:33", "elapsed": 7837.981389, "delta": 18.188914}}
{"target": -424.94643170096987, "params": {"gamma": 4.819510809251214, "lr": 0.37117225948134325}, "datetime": {"datetime": "2024-04-04 01:42:49", "elapsed": 7853.317317, "delta": 15.335928}}
{"target": -671.828731992246, "params": {"gamma": 1.8734978280976908, "lr": 0.0001303961420655586}, "datetime": {"datetime": "2024-04-04 01:42:53", "elapsed": 7857.716118, "delta": 4.398801}}
{"target": -336.23631599446963, "params": {"gamma": 2.7853593134687267, "lr": 0.6833265311274582}, "datetime": {"datetime": "2024-04-04 01:42:58", "elapsed": 7862.522374, "delta": 4.806256}}
{"target": -142.11716381189248, "params": {"gamma": 0.7607801806442478, "lr": 0.15102628906989457}, "datetime": {"datetime": "2024-04-04 01:43:09", "elapsed": 7873.941898, "delta": 11.419524}}
{"target": -310.35670330072514, "params": {"gamma": 3.4707977467990827, "lr": 0.42188270216625967}, "datetime": {"datetime": "2024-04-04 01:43:14", "elapsed": 7878.442644, "delta": 4.500746}}
{"target": -116.20871218671883, "params": {"gamma": 0.31803057516992966, "lr": 0.5041096369282984}, "datetime": {"datetime": "2024-04-04 01:43:27", "elapsed": 7892.046187, "delta": 13.603543}}
{"target": -182.1289368294001, "params": {"gamma": 2.0112803451356025, "lr": 0.3016009132841594}, "datetime": {"datetime": "2024-04-04 01:43:32", "elapsed": 7896.677361, "delta": 4.631174}}
{"target": -145.2473772594111, "params": {"gamma": 1.268470889957494, "lr": 0.4886543208050599}, "datetime": {"datetime": "2024-04-04 01:43:37", "elapsed": 7901.843595, "delta": 5.166234}}
{"target": -965.6528778056125, "params": {"gamma": 8.385379252269226, "lr": 0.6870725131576453}, "datetime": {"datetime": "2024-04-04 01:43:42", "elapsed": 7906.714408, "delta": 4.870813}}
{"target": -114.02362417729344, "params": {"gamma": 0.6523476572908726, "lr": 0.46449549272191404}, "datetime": {"datetime": "2024-04-04 01:43:49", "elapsed": 7913.304774, "delta": 6.590366}}
{"target": -214.67529640889447, "params": {"gamma": 2.5975549777615092, "lr": 0.2559669499508619}, "datetime": {"datetime": "2024-04-04 01:43:59", "elapsed": 7923.948007, "delta": 10.643233}}
{"target": -115.10460410579245, "params": {"gamma": 0.3816627297172026, "lr": 0.3764480559508073}, "datetime": {"datetime": "2024-04-04 01:44:08", "elapsed": 7933.1105, "delta": 9.162493}}
{"target": -126.85450712971544, "params": {"gamma": 0.14741106548360858, "lr": 0.2157488148639598}, "datetime": {"datetime": "2024-04-04 01:44:18", "elapsed": 7943.011109, "delta": 9.900609}}
{"target": -368.1954152685688, "params": {"gamma": 3.392500605716896, "lr": 0.6494139799645241}, "datetime": {"datetime": "2024-04-04 01:44:23", "elapsed": 7947.379075, "delta": 4.367966}}
{"target": -709.411115620544, "params": {"gamma": 9.289637560520784, "lr": 0.2548303564023837}, "datetime": {"datetime": "2024-04-04 01:44:27", "elapsed": 7952.200335, "delta": 4.82126}}
{"target": -115.54902478221636, "params": {"gamma": 0.3622261943219768, "lr": 0.20068505306298123}, "datetime": {"datetime": "2024-04-04 01:44:43", "elapsed": 7967.353608, "delta": 15.153273}}
{"target": -122.19871615976867, "params": {"gamma": 0.36620568137380216, "lr": 0.810673559484086}, "datetime": {"datetime": "2024-04-04 01:44:55", "elapsed": 7979.836808, "delta": 12.4832}}
{"target": -127.41626357181718, "params": {"gamma": 1.0026921258691246, "lr": 0.3466161427764103}, "datetime": {"datetime": "2024-04-04 01:45:02", "elapsed": 7986.975956, "delta": 7.139148}}
{"target": -159.18282037940273, "params": {"gamma": 0.5799843719839288, "lr": 0.1383089919055156}, "datetime": {"datetime": "2024-04-04 01:45:11", "elapsed": 7995.354647, "delta": 8.378691}}
{"target": -1135.971373559677, "params": {"gamma": 9.349088835540243, "lr": 0.7021312706887023}, "datetime": {"datetime": "2024-04-04 01:45:15", "elapsed": 8000.254477, "delta": 4.89983}}
{"target": -182.47570740812418, "params": {"gamma": 1.2113298126978131, "lr": 0.7280231126776591}, "datetime": {"datetime": "2024-04-04 01:45:27", "elapsed": 8011.519365, "delta": 11.264888}}
{"target": -128.16399940629003, "params": {"gamma": 0.13165266587708185, "lr": 0.35263074040310993}, "datetime": {"datetime": "2024-04-04 01:45:36", "elapsed": 8020.334892, "delta": 8.815527}}
{"target": -117.37618920550709, "params": {"gamma": 0.3729667332472549, "lr": 0.6934493482616816}, "datetime": {"datetime": "2024-04-04 01:45:46", "elapsed": 8030.366523, "delta": 10.031631}}
{"target": -115.54770600949782, "params": {"gamma": 0.5701219947305872, "lr": 0.22997993247962767}, "datetime": {"datetime": "2024-04-04 01:45:54", "elapsed": 8039.106471, "delta": 8.739948}}
{"target": -576.0167476751352, "params": {"gamma": 6.036797355565934, "lr": 0.3870842052601621}, "datetime": {"datetime": "2024-04-04 01:46:00", "elapsed": 8044.628598, "delta": 5.522127}}
{"target": -1198.3370150929532, "params": {"gamma": 8.28629864079732, "lr": 0.9579766293880959}, "datetime": {"datetime": "2024-04-04 01:46:05", "elapsed": 8049.506372, "delta": 4.877774}}
{"target": -828.6337907350521, "params": {"gamma": 9.14850647479346, "lr": 0.45058691652178107}, "datetime": {"datetime": "2024-04-04 01:46:11", "elapsed": 8055.413155, "delta": 5.906783}}
{"target": -111.48667873181478, "params": {"gamma": 0.5390105695795228, "lr": 0.419631623041684}, "datetime": {"datetime": "2024-04-04 01:46:18", "elapsed": 8062.66715, "delta": 7.253995}}
{"target": -514.9533319919408, "params": {"gamma": 4.388914875457812, "lr": 0.6922916739846114}, "datetime": {"datetime": "2024-04-04 01:46:23", "elapsed": 8067.744737, "delta": 5.077587}}
{"target": -122.42098337825418, "params": {"gamma": 1.0596721749073654, "lr": 0.31457011695000103}, "datetime": {"datetime": "2024-04-04 01:46:30", "elapsed": 8074.863004, "delta": 7.118267}}
{"target": -108.21441507253837, "params": {"gamma": 0.7483722968927684, "lr": 0.27774103170988895}, "datetime": {"datetime": "2024-04-04 01:46:37", "elapsed": 8081.701356, "delta": 6.838352}}
{"target": -1057.6511676576524, "params": {"gamma": 9.767608116915197, "lr": 0.6197405009152243}, "datetime": {"datetime": "2024-04-04 01:46:42", "elapsed": 8086.323528, "delta": 4.622172}}
{"target": -205.71107489925234, "params": {"gamma": 0.9460909139305167, "lr": 0.14254718968849034}, "datetime": {"datetime": "2024-04-04 01:46:50", "elapsed": 8095.258009, "delta": 8.934481}}
{"target": -680.2049986133629, "params": {"gamma": 5.478856194800862, "lr": 0.7325655350646115}, "datetime": {"datetime": "2024-04-04 01:46:55", "elapsed": 8099.785788, "delta": 4.527779}}
{"target": -132.069176403905, "params": {"gamma": 0.09214008975903577, "lr": 0.9632086877980204}, "datetime": {"datetime": "2024-04-04 01:47:06", "elapsed": 8111.007086, "delta": 11.221298}}
{"target": -121.53310494081836, "params": {"gamma": 0.41543795856977855, "lr": 0.78291681024681}, "datetime": {"datetime": "2024-04-04 01:47:16", "elapsed": 8120.555688, "delta": 9.548602}}
{"target": -432.1291736224002, "params": {"gamma": 3.404711748213172, "lr": 0.7340747096378397}, "datetime": {"datetime": "2024-04-04 01:47:21", "elapsed": 8125.357822, "delta": 4.802134}}
{"target": -140.69293381441133, "params": {"gamma": 0.588001005992406, "lr": 0.9973682689945393}, "datetime": {"datetime": "2024-04-04 01:47:28", "elapsed": 8132.628922, "delta": 7.2711}}
{"target": -156.16434824829088, "params": {"gamma": 1.399923323568798, "lr": 0.24983996552257093}, "datetime": {"datetime": "2024-04-04 01:47:43", "elapsed": 8147.333884, "delta": 14.704962}}
{"target": -159.83719231279304, "params": {"gamma": 1.7878723104074028, "lr": 0.2851469677971741}, "datetime": {"datetime": "2024-04-04 01:47:51", "elapsed": 8156.145084, "delta": 8.8112}}
{"target": -115.03042808245047, "params": {"gamma": 0.4796277328135175, "lr": 0.5928993139786214}, "datetime": {"datetime": "2024-04-04 01:47:57", "elapsed": 8161.339118, "delta": 5.194034}}
{"target": -117.37402439065878, "params": {"gamma": 0.37197780255304863, "lr": 0.6927817190334139}, "datetime": {"datetime": "2024-04-04 01:49:02", "elapsed": 8226.422183, "delta": 65.083065}}
{"target": -116.46305987911808, "params": {"gamma": 0.306255798968434, "lr": 0.36704716261612835}, "datetime": {"datetime": "2024-04-04 01:50:22", "elapsed": 8306.885064, "delta": 80.462881}}
{"target": -120.53103640984837, "params": {"gamma": 0.22466441149612415, "lr": 0.34723315787494535}, "datetime": {"datetime": "2024-04-04 01:51:33", "elapsed": 8377.538636, "delta": 70.653572}}
{"target": -160.44361567397402, "params": {"gamma": 1.0946561109562356, "lr": 0.6742332589309552}, "datetime": {"datetime": "2024-04-04 01:53:07", "elapsed": 8471.29536, "delta": 93.756724}}
{"target": -111.20300583363242, "params": {"gamma": 0.3482240105436357, "lr": 0.3079066057477208}, "datetime": {"datetime": "2024-04-04 01:53:54", "elapsed": 8518.546086, "delta": 47.250726}}
{"target": -123.76982281926928, "params": {"gamma": 0.8343593302775507, "lr": 0.39280440273030137}, "datetime": {"datetime": "2024-04-04 01:55:13", "elapsed": 8597.333172, "delta": 78.787086}}
{"target": -144.91791940075757, "params": {"gamma": 0.7500556445489875, "lr": 0.8076612909083651}, "datetime": {"datetime": "2024-04-04 01:56:34", "elapsed": 8679.12222, "delta": 81.789048}}
{"target": -120.02460326184865, "params": {"gamma": 0.7334007843437024, "lr": 0.20551044025263498}, "datetime": {"datetime": "2024-04-04 01:57:48", "elapsed": 8752.709771, "delta": 73.587551}}
{"target": -107.94058751313024, "params": {"gamma": 0.4874139430557398, "lr": 0.32188070100143806}, "datetime": {"datetime": "2024-04-04 01:58:55", "elapsed": 8819.343985, "delta": 66.634214}}
{"target": -115.92069294152267, "params": {"gamma": 0.3299900387315337, "lr": 0.5483454935356082}, "datetime": {"datetime": "2024-04-04 02:00:04", "elapsed": 8889.012269, "delta": 69.668284}}
{"target": -126.46930253684044, "params": {"gamma": 0.3673834902595114, "lr": 0.9188033595205801}, "datetime": {"datetime": "2024-04-04 02:00:57", "elapsed": 8941.550667, "delta": 52.538398}}
{"target": -126.96923085940395, "params": {"gamma": 0.16014950302173853, "lr": 0.9284213107419275}, "datetime": {"datetime": "2024-04-04 02:02:00", "elapsed": 9005.162228, "delta": 63.611561}}
{"target": -121.54188467405818, "params": {"gamma": 0.41579420027127434, "lr": 0.7818722253738423}, "datetime": {"datetime": "2024-04-04 02:02:55", "elapsed": 9060.190008, "delta": 55.02778}}
{"target": -143.9851120555264, "params": {"gamma": 0.0021061283838135665, "lr": 0.14271492639466066}, "datetime": {"datetime": "2024-04-04 02:04:08", "elapsed": 9132.392751, "delta": 72.202743}}
{"target": -783.561597441023, "params": {"gamma": 2.2114737652455916, "lr": 0.001173989973098144}, "datetime": {"datetime": "2024-04-04 02:05:09", "elapsed": 9193.579347, "delta": 61.186596}}
{"target": -110.52404269208779, "params": {"gamma": 0.7475056461895151, "lr": 0.31970956606022527}, "datetime": {"datetime": "2024-04-04 02:06:07", "elapsed": 9251.330309, "delta": 57.750962}}
{"target": -117.50988383675656, "params": {"gamma": 0.9507728609307272, "lr": 0.3210668697994564}, "datetime": {"datetime": "2024-04-04 02:07:03", "elapsed": 9307.390149, "delta": 56.05984}}
{"target": -162.85714886724625, "params": {"gamma": 1.5646720090853783, "lr": 0.3441027764733416}, "datetime": {"datetime": "2024-04-04 02:08:28", "elapsed": 9392.664307, "delta": 85.274158}}
{"target": -110.58263904115127, "params": {"gamma": 0.837009536381318, "lr": 0.2769613293837536}, "datetime": {"datetime": "2024-04-04 02:09:44", "elapsed": 9468.597165, "delta": 75.932858}}
{"target": -130.1345203850807, "params": {"gamma": 0.9745345736119452, "lr": 0.23230928533110995}, "datetime": {"datetime": "2024-04-04 02:10:41", "elapsed": 9525.650434, "delta": 57.053269}}
{"target": -129.2555456052307, "params": {"gamma": 0.11605315641730106, "lr": 0.4774454637733765}, "datetime": {"datetime": "2024-04-04 02:11:27", "elapsed": 9571.797288, "delta": 46.146854}}
{"target": -114.9248976335608, "params": {"gamma": 0.44347087198200863, "lr": 0.23259082790070396}, "datetime": {"datetime": "2024-04-04 02:12:52", "elapsed": 9656.600325, "delta": 84.803037}}
