{"target": -465.5929145884735, "params": {"gamma": 4.574144456728294, "lr": 0.44411710701661444}, "datetime": {"datetime": "2024-03-30 18:19:23", "elapsed": 1.258236, "delta": 0.003989}}
{"target": -839.9031021929349, "params": {"gamma": 8.281525471954389, "lr": 0.4263481542362306}, "datetime": {"datetime": "2024-03-30 18:19:23", "elapsed": 1.261228, "delta": 0.002992}}
{"target": -336.69755368299764, "params": {"gamma": 3.4576425129338477, "lr": 0.6749716048091052}, "datetime": {"datetime": "2024-03-30 18:19:23", "elapsed": 1.265218, "delta": 0.00399}}
{"target": -227.09466665836584, "params": {"gamma": 2.215599075279554, "lr": 0.4672458239265538}, "datetime": {"datetime": "2024-03-30 18:19:23", "elapsed": 1.269207, "delta": 0.003989}}
{"target": -298.8222535559808, "params": {"gamma": 3.1483421075528404, "lr": 0.6268556021628346}, "datetime": {"datetime": "2024-03-30 18:19:23", "elapsed": 1.272199, "delta": 0.002992}}
{"target": -880.8406419489368, "params": {"gamma": 8.773727386473432, "lr": 0.4476890001456285}, "datetime": {"datetime": "2024-03-30 18:19:23", "elapsed": 1.276188, "delta": 0.003989}}
{"target": -787.9502001359932, "params": {"gamma": 7.84478973050044, "lr": 0.4569657005615504}, "datetime": {"datetime": "2024-03-30 18:19:23", "elapsed": 1.27918, "delta": 0.002992}}
{"target": -2252.3877615784363, "params": {"gamma": 6.562637087839597, "lr": 0.13184097502750214}, "datetime": {"datetime": "2024-03-30 18:19:23", "elapsed": 1.28317, "delta": 0.00399}}
{"target": -408.27692805993206, "params": {"gamma": 4.3303820881695145, "lr": 0.9093119886549367}, "datetime": {"datetime": "2024-03-30 18:19:23", "elapsed": 1.286161, "delta": 0.002991}}
{"target": -566.3640084538021, "params": {"gamma": 6.055184531308316, "lr": 0.7667745872371021}, "datetime": {"datetime": "2024-03-30 18:19:23", "elapsed": 1.290151, "delta": 0.00399}}
{"target": -508.3075010973989, "params": {"gamma": 5.047501380350848, "lr": 0.49805562482800747}, "datetime": {"datetime": "2024-03-30 18:19:23", "elapsed": 1.293143, "delta": 0.002992}}
{"target": -3019.026148120295, "params": {"gamma": 8.429155502088307, "lr": 0.06780693434095375}, "datetime": {"datetime": "2024-03-30 18:19:23", "elapsed": 1.297132, "delta": 0.003989}}
{"target": -537.9635870273743, "params": {"gamma": 5.733149443225297, "lr": 0.9427625754329493}, "datetime": {"datetime": "2024-03-30 18:19:23", "elapsed": 1.301121, "delta": 0.003989}}
{"target": -1116.1350407074829, "params": {"gamma": 5.179082621675048, "lr": 0.1944658095278845}, "datetime": {"datetime": "2024-03-30 18:19:23", "elapsed": 1.304144, "delta": 0.003023}}
{"target": -997.8621508795096, "params": {"gamma": 8.479545985042318, "lr": 0.25163914235585283}, "datetime": {"datetime": "2024-03-30 18:19:23", "elapsed": 1.308132, "delta": 0.003988}}
{"target": -655.8746005986674, "params": {"gamma": 7.007559638788898, "lr": 0.5402609403968999}, "datetime": {"datetime": "2024-03-30 18:19:23", "elapsed": 1.311124, "delta": 0.002992}}
{"target": -887.275445296309, "params": {"gamma": 9.488414046513915, "lr": 0.6243367024026759}, "datetime": {"datetime": "2024-03-30 18:19:23", "elapsed": 1.315112, "delta": 0.003988}}
{"target": -3001.4076965630993, "params": {"gamma": 8.379941642515245, "lr": 0.007932876194523097}, "datetime": {"datetime": "2024-03-30 18:19:23", "elapsed": 1.318075, "delta": 0.002963}}
{"target": -3543.228016758667, "params": {"gamma": 9.893411221610213, "lr": 0.07771457033238649}, "datetime": {"datetime": "2024-03-30 18:19:23", "elapsed": 1.322064, "delta": 0.003989}}
{"target": -305.9356968697975, "params": {"gamma": 3.2219730066340815, "lr": 0.9461523954567653}, "datetime": {"datetime": "2024-03-30 18:19:23", "elapsed": 1.325056, "delta": 0.002992}}
{"target": -115.01635210188114, "params": {"gamma": 0.09038208461007943, "lr": 0.8227300054219355}, "datetime": {"datetime": "2024-03-30 18:19:23", "elapsed": 1.329046, "delta": 0.00399}}
{"target": -873.3058738750344, "params": {"gamma": 8.612255172029577, "lr": 0.4398308142085725}, "datetime": {"datetime": "2024-03-30 18:19:23", "elapsed": 1.332037, "delta": 0.002991}}
{"target": -244.80824658744064, "params": {"gamma": 2.558196192865506, "lr": 0.8026895196332986}, "datetime": {"datetime": "2024-03-30 18:19:23", "elapsed": 1.336027, "delta": 0.00399}}
{"target": -1640.7329451996964, "params": {"gamma": 4.77914218231778, "lr": 0.13433860865569613}, "datetime": {"datetime": "2024-03-30 18:19:23", "elapsed": 1.339019, "delta": 0.002992}}
{"target": -874.4777734416597, "params": {"gamma": 9.278562079257282, "lr": 0.8959699670066484}, "datetime": {"datetime": "2024-03-30 18:19:23", "elapsed": 1.343008, "delta": 0.003989}}
{"target": -467.3181664826877, "params": {"gamma": 4.915959955019337, "lr": 0.8567024965177922}, "datetime": {"datetime": "2024-03-30 18:19:23", "elapsed": 1.346, "delta": 0.002992}}
{"target": -406.1579775459729, "params": {"gamma": 4.1863616796152225, "lr": 0.6834649001663011}, "datetime": {"datetime": "2024-03-30 18:19:23", "elapsed": 1.34999, "delta": 0.00399}}
{"target": -374.608242789091, "params": {"gamma": 3.9805084034398166, "lr": 0.5057420174508104}, "datetime": {"datetime": "2024-03-30 18:19:23", "elapsed": 1.352981, "delta": 0.002991}}
{"target": -184.14422489366945, "params": {"gamma": 1.896327476636439, "lr": 0.9649889241109139}, "datetime": {"datetime": "2024-03-30 18:19:23", "elapsed": 1.356971, "delta": 0.00399}}
{"target": -1011.4318363439222, "params": {"gamma": 2.9428626667543027, "lr": 0.10345955611640134}, "datetime": {"datetime": "2024-03-30 18:19:23", "elapsed": 1.359963, "delta": 0.002992}}
{"target": -521.6680468645413, "params": {"gamma": 1.4440096868902519, "lr": 0.014092294192442956}, "datetime": {"datetime": "2024-03-30 18:19:23", "elapsed": 1.363952, "delta": 0.003989}}
{"target": -670.025682877113, "params": {"gamma": 7.1597410489244835, "lr": 0.5644983202408741}, "datetime": {"datetime": "2024-03-30 18:19:23", "elapsed": 1.367941, "delta": 0.003989}}
{"target": -743.1408111455103, "params": {"gamma": 7.945988933496338, "lr": 0.5070799232841364}, "datetime": {"datetime": "2024-03-30 18:19:23", "elapsed": 1.370933, "delta": 0.002992}}
{"target": -762.450210527508, "params": {"gamma": 7.918418574002035, "lr": 0.6957642142718394}, "datetime": {"datetime": "2024-03-30 18:19:23", "elapsed": 1.374922, "delta": 0.003989}}
{"target": -789.1205833079136, "params": {"gamma": 7.778706920114895, "lr": 0.4064828689770863}, "datetime": {"datetime": "2024-03-30 18:19:23", "elapsed": 1.377914, "delta": 0.002992}}
{"target": -1471.7120238062876, "params": {"gamma": 6.478058561241625, "lr": 0.1797942976929744}, "datetime": {"datetime": "2024-03-30 18:19:23", "elapsed": 1.381904, "delta": 0.00399}}
{"target": -736.3377657567842, "params": {"gamma": 3.2188778139156518, "lr": 0.1726046201197925}, "datetime": {"datetime": "2024-03-30 18:19:23", "elapsed": 1.384896, "delta": 0.002992}}
{"target": -649.5585953750784, "params": {"gamma": 4.086963612907611, "lr": 0.2414187479655988}, "datetime": {"datetime": "2024-03-30 18:19:23", "elapsed": 1.388885, "delta": 0.003989}}
{"target": -384.2016274931508, "params": {"gamma": 4.069813019299451, "lr": 0.9752223424373121}, "datetime": {"datetime": "2024-03-30 18:19:23", "elapsed": 1.391877, "delta": 0.002992}}
{"target": -304.2665460321978, "params": {"gamma": 3.2038729388944907, "lr": 0.9824909449748953}, "datetime": {"datetime": "2024-03-30 18:19:23", "elapsed": 1.395867, "delta": 0.00399}}
{"target": -697.7930037327372, "params": {"gamma": 6.363424952433981, "lr": 0.375091018393911}, "datetime": {"datetime": "2024-03-30 18:19:23", "elapsed": 1.398858, "delta": 0.002991}}
{"target": -802.3281336874768, "params": {"gamma": 8.574987506336882, "lr": 0.6195867393685738}, "datetime": {"datetime": "2024-03-30 18:19:23", "elapsed": 1.402848, "delta": 0.00399}}
{"target": -240.17638816293774, "params": {"gamma": 2.521078768228263, "lr": 0.7928556779768876}, "datetime": {"datetime": "2024-03-30 18:19:23", "elapsed": 1.406837, "delta": 0.003989}}
{"target": -476.2887739736007, "params": {"gamma": 4.329952148832897, "lr": 0.3575111673304414}, "datetime": {"datetime": "2024-03-30 18:19:23", "elapsed": 1.410826, "delta": 0.003989}}
{"target": -322.0140778944727, "params": {"gamma": 3.3034390883142843, "lr": 0.6973688756131394}, "datetime": {"datetime": "2024-03-30 18:19:23", "elapsed": 1.413818, "delta": 0.002992}}
{"target": -256.67559758736763, "params": {"gamma": 2.6872325889383593, "lr": 0.8082780137053801}, "datetime": {"datetime": "2024-03-30 18:19:23", "elapsed": 1.417807, "delta": 0.003989}}
{"target": -279.5806379607584, "params": {"gamma": 2.953592655204078, "lr": 0.5441213835853572}, "datetime": {"datetime": "2024-03-30 18:19:23", "elapsed": 1.420799, "delta": 0.002992}}
{"target": -463.9322774872345, "params": {"gamma": 4.879726996560219, "lr": 0.8553564125953698}, "datetime": {"datetime": "2024-03-30 18:19:23", "elapsed": 1.424789, "delta": 0.00399}}
{"target": -1908.8000479414777, "params": {"gamma": 8.883975957519464, "lr": 0.18438444236776674}, "datetime": {"datetime": "2024-03-30 18:19:23", "elapsed": 1.427781, "delta": 0.002992}}
{"target": -554.2939855156827, "params": {"gamma": 5.853899240923573, "lr": 0.8982050460171371}, "datetime": {"datetime": "2024-03-30 18:19:23", "elapsed": 1.43177, "delta": 0.003989}}
{"target": -420.41493992315867, "params": {"gamma": 4.461726073125263, "lr": 0.9218683054838154}, "datetime": {"datetime": "2024-03-30 18:19:23", "elapsed": 1.435759, "delta": 0.003989}}
{"target": -265.1360569568175, "params": {"gamma": 2.790629913679252, "lr": 0.6088311741937957}, "datetime": {"datetime": "2024-03-30 18:19:23", "elapsed": 1.438751, "delta": 0.002992}}
{"target": -1067.8142984618817, "params": {"gamma": 6.824854643958388, "lr": 0.2282057333504841}, "datetime": {"datetime": "2024-03-30 18:19:23", "elapsed": 1.442741, "delta": 0.00399}}
{"target": -114.25830385020404, "params": {"gamma": 0.13866135806461027, "lr": 0.4167239623706961}, "datetime": {"datetime": "2024-03-30 18:19:23", "elapsed": 1.445733, "delta": 0.002992}}
{"target": -1027.1118587751882, "params": {"gamma": 9.384880436675484, "lr": 0.34302810983040655}, "datetime": {"datetime": "2024-03-30 18:19:23", "elapsed": 1.449722, "delta": 0.003989}}
{"target": -1769.9088300977705, "params": {"gamma": 7.7976632105305175, "lr": 0.17473631282740743}, "datetime": {"datetime": "2024-03-30 18:19:23", "elapsed": 1.452714, "delta": 0.002992}}
{"target": -1144.7356167195262, "params": {"gamma": 3.420186410188222, "lr": 0.14459772083809674}, "datetime": {"datetime": "2024-03-30 18:19:23", "elapsed": 1.456703, "delta": 0.003989}}
{"target": -690.7876686719966, "params": {"gamma": 7.167991370649615, "lr": 0.6993076236968142}, "datetime": {"datetime": "2024-03-30 18:19:23", "elapsed": 1.460692, "delta": 0.003989}}
{"target": -816.1253525180176, "params": {"gamma": 6.88528468217124, "lr": 0.25339603448629966}, "datetime": {"datetime": "2024-03-30 18:19:23", "elapsed": 1.463684, "delta": 0.002992}}
{"target": -1082.9653939497248, "params": {"gamma": 6.923908856112466, "lr": 0.22729754091594956}, "datetime": {"datetime": "2024-03-30 18:19:23", "elapsed": 1.467674, "delta": 0.00399}}
{"target": -467.2691854811192, "params": {"gamma": 4.247066510197466, "lr": 0.37192212166768723}, "datetime": {"datetime": "2024-03-30 18:19:23", "elapsed": 1.470666, "delta": 0.002992}}
{"target": -1273.90640464712, "params": {"gamma": 3.553723808289602, "lr": 0.05765480724125638}, "datetime": {"datetime": "2024-03-30 18:19:23", "elapsed": 1.474231, "delta": 0.003565}}
{"target": -609.5104828131342, "params": {"gamma": 6.316834622032531, "lr": 0.7073166026816995}, "datetime": {"datetime": "2024-03-30 18:19:23", "elapsed": 1.47822, "delta": 0.003989}}
{"target": -576.2424094355162, "params": {"gamma": 6.136273356333854, "lr": 0.6483127561631246}, "datetime": {"datetime": "2024-03-30 18:19:23", "elapsed": 1.481212, "delta": 0.002992}}
{"target": -573.7691607809547, "params": {"gamma": 1.7002372014583604, "lr": 0.14944679893886248}, "datetime": {"datetime": "2024-03-30 18:19:23", "elapsed": 1.485201, "delta": 0.003989}}
{"target": -493.6010233858359, "params": {"gamma": 5.142236260215303, "lr": 0.8753327263545391}, "datetime": {"datetime": "2024-03-30 18:19:23", "elapsed": 1.488193, "delta": 0.002992}}
{"target": -190.9312033371959, "params": {"gamma": 1.8403504620306732, "lr": 0.4628391187082599}, "datetime": {"datetime": "2024-03-30 18:19:23", "elapsed": 1.492182, "delta": 0.003989}}
{"target": -432.65475051955843, "params": {"gamma": 4.289894407965, "lr": 0.4972891859195163}, "datetime": {"datetime": "2024-03-30 18:19:23", "elapsed": 1.496172, "delta": 0.00399}}
{"target": -184.63456662352084, "params": {"gamma": 1.6159461940896331, "lr": 0.34244064113481054}, "datetime": {"datetime": "2024-03-30 18:19:23", "elapsed": 1.499164, "delta": 0.002992}}
{"target": -253.06845490595623, "params": {"gamma": 2.6195421606310987, "lr": 0.844526943229479}, "datetime": {"datetime": "2024-03-30 18:19:23", "elapsed": 1.503153, "delta": 0.003989}}
{"target": -811.8258209063163, "params": {"gamma": 8.003522125518241, "lr": 0.4266391582681436}, "datetime": {"datetime": "2024-03-30 18:19:23", "elapsed": 1.506145, "delta": 0.002992}}
{"target": -2027.0560271696208, "params": {"gamma": 6.070547592429601, "lr": 0.14546561026621996}, "datetime": {"datetime": "2024-03-30 18:19:23", "elapsed": 1.510134, "delta": 0.003989}}
{"target": -589.3465627487712, "params": {"gamma": 5.096623328881369, "lr": 0.29694708578690454}, "datetime": {"datetime": "2024-03-30 18:19:23", "elapsed": 1.513126, "delta": 0.002992}}
{"target": -827.2198664747018, "params": {"gamma": 8.596649884738442, "lr": 0.6715983809063899}, "datetime": {"datetime": "2024-03-30 18:19:23", "elapsed": 1.517115, "delta": 0.003989}}
{"target": -2174.3491519595937, "params": {"gamma": 6.335106652211588, "lr": 0.12475130006917923}, "datetime": {"datetime": "2024-03-30 18:19:23", "elapsed": 1.520108, "delta": 0.002993}}
{"target": -443.0305482499789, "params": {"gamma": 4.706408207109359, "lr": 0.9865727795868815}, "datetime": {"datetime": "2024-03-30 18:19:23", "elapsed": 1.524097, "delta": 0.003989}}
{"target": -887.4690549800085, "params": {"gamma": 9.483043441552578, "lr": 0.6450856402604436}, "datetime": {"datetime": "2024-03-30 18:19:23", "elapsed": 1.528086, "delta": 0.003989}}
{"target": -149.705944809694, "params": {"gamma": 1.5180969854487043, "lr": 0.639126848719905}, "datetime": {"datetime": "2024-03-30 18:19:23", "elapsed": 1.531078, "delta": 0.002992}}
{"target": -569.2206730983792, "params": {"gamma": 5.657055463326731, "lr": 0.468665837661252}, "datetime": {"datetime": "2024-03-30 18:19:23", "elapsed": 1.535067, "delta": 0.003989}}
{"target": -401.80143043555125, "params": {"gamma": 4.280946657213234, "lr": 0.5992697556580301}, "datetime": {"datetime": "2024-03-30 18:19:23", "elapsed": 1.538059, "delta": 0.002992}}
{"target": -792.4761808021772, "params": {"gamma": 8.499848915271139, "lr": 0.7511210403719374}, "datetime": {"datetime": "2024-03-30 18:19:23", "elapsed": 1.542048, "delta": 0.003989}}
{"target": -543.5933357350733, "params": {"gamma": 5.794026042432034, "lr": 0.9247041815360281}, "datetime": {"datetime": "2024-03-30 18:19:23", "elapsed": 1.545041, "delta": 0.002993}}
{"target": -79.99370739810945, "params": {"gamma": 0.6483350944320471, "lr": 0.9913465087318091}, "datetime": {"datetime": "2024-03-30 18:19:23", "elapsed": 1.54903, "delta": 0.003989}}
{"target": -158.28836947590992, "params": {"gamma": 0.5308924321372274, "lr": 0.19949554613856135}, "datetime": {"datetime": "2024-03-30 18:19:23", "elapsed": 1.553019, "delta": 0.003989}}
{"target": -1451.8011097983265, "params": {"gamma": 4.228103863783965, "lr": 0.10750887618516769}, "datetime": {"datetime": "2024-03-30 18:19:23", "elapsed": 1.556011, "delta": 0.002992}}
{"target": -2234.280643973988, "params": {"gamma": 6.2370804395660215, "lr": 0.047992564048867314}, "datetime": {"datetime": "2024-03-30 18:19:23", "elapsed": 1.56, "delta": 0.003989}}
{"target": -1021.1865407710214, "params": {"gamma": 2.8469541861884147, "lr": 0.06103668111967109}, "datetime": {"datetime": "2024-03-30 18:19:23", "elapsed": 1.562992, "delta": 0.002992}}
{"target": -678.1346419866587, "params": {"gamma": 7.035489791719707, "lr": 0.668456167589482}, "datetime": {"datetime": "2024-03-30 18:19:23", "elapsed": 1.566982, "delta": 0.00399}}
{"target": -818.6823581370404, "params": {"gamma": 3.7864273519127716, "lr": 0.1881942600298212}, "datetime": {"datetime": "2024-03-30 18:19:23", "elapsed": 1.569974, "delta": 0.002992}}
{"target": -818.4285732945561, "params": {"gamma": 7.4703012854704225, "lr": 0.34037929076546725}, "datetime": {"datetime": "2024-03-30 18:19:23", "elapsed": 1.573963, "delta": 0.003989}}
{"target": -798.7922995590195, "params": {"gamma": 7.953216372889023, "lr": 0.4879009391796203}, "datetime": {"datetime": "2024-03-30 18:19:23", "elapsed": 1.577952, "delta": 0.003989}}
{"target": -1883.5047983073423, "params": {"gamma": 5.257168774065444, "lr": 0.028490849491567216}, "datetime": {"datetime": "2024-03-30 18:19:23", "elapsed": 1.580944, "delta": 0.002992}}
{"target": -706.429771009339, "params": {"gamma": 6.442675966770439, "lr": 0.3506565024321674}, "datetime": {"datetime": "2024-03-30 18:19:23", "elapsed": 1.584934, "delta": 0.00399}}
{"target": -236.8287661444498, "params": {"gamma": 2.292821067893365, "lr": 0.4338833762117006}, "datetime": {"datetime": "2024-03-30 18:19:23", "elapsed": 1.587925, "delta": 0.002991}}
{"target": -386.31997757572606, "params": {"gamma": 3.825292105251905, "lr": 0.46978904008636024}, "datetime": {"datetime": "2024-03-30 18:19:23", "elapsed": 1.591915, "delta": 0.00399}}
{"target": -1071.7986444303144, "params": {"gamma": 9.794854058443883, "lr": 0.36437807036823044}, "datetime": {"datetime": "2024-03-30 18:19:23", "elapsed": 1.595904, "delta": 0.003989}}
{"target": -724.3873518479083, "params": {"gamma": 7.744326923227059, "lr": 0.5527675965498925}, "datetime": {"datetime": "2024-03-30 18:19:23", "elapsed": 1.598896, "delta": 0.002992}}
{"target": -973.3255064467595, "params": {"gamma": 8.891421759985722, "lr": 0.354952851149572}, "datetime": {"datetime": "2024-03-30 18:19:23", "elapsed": 1.602885, "delta": 0.003989}}
{"target": -235.40514060673533, "params": {"gamma": 2.455941283184888, "lr": 0.9110192396569683}, "datetime": {"datetime": "2024-03-30 18:19:23", "elapsed": 1.605877, "delta": 0.002992}}
{"target": -74.39140514600335, "params": {"gamma": 0.43629910331389593, "lr": 0.9507534280610023}, "datetime": {"datetime": "2024-03-30 18:19:23", "elapsed": 1.609867, "delta": 0.00399}}
{"target": -610.7373423730323, "params": {"gamma": 5.5645127497935825, "lr": 0.3763632166870875}, "datetime": {"datetime": "2024-03-30 18:19:23", "elapsed": 1.612859, "delta": 0.002992}}
{"target": -3563.6758566257927, "params": {"gamma": 9.950528171068772, "lr": 0.05836264614763165}, "datetime": {"datetime": "2024-03-30 18:19:23", "elapsed": 1.616848, "delta": 0.003989}}
{"target": -1851.4250468935575, "params": {"gamma": 5.167546891316355, "lr": 0.03109707545554785}, "datetime": {"datetime": "2024-03-30 18:19:23", "elapsed": 1.620837, "delta": 0.003989}}
{"target": -1298.6781740016183, "params": {"gamma": 5.712186216123149, "lr": 0.18046850899511557}, "datetime": {"datetime": "2024-03-30 18:19:23", "elapsed": 1.623829, "delta": 0.002992}}
{"target": -591.3087378377269, "params": {"gamma": 6.309961044194965, "lr": 0.9809236757505815}, "datetime": {"datetime": "2024-03-30 18:19:23", "elapsed": 1.627819, "delta": 0.00399}}
{"target": -878.3830182109654, "params": {"gamma": 8.749150609572597, "lr": 0.45183624942087064}, "datetime": {"datetime": "2024-03-30 18:19:23", "elapsed": 1.630811, "delta": 0.002992}}
{"target": -661.5991361341513, "params": {"gamma": 7.084900239647121, "lr": 0.7774687500031893}, "datetime": {"datetime": "2024-03-30 18:19:23", "elapsed": 1.6348, "delta": 0.003989}}
{"target": -464.5092735244374, "params": {"gamma": 4.9489359987414545, "lr": 0.5285334901775651}, "datetime": {"datetime": "2024-03-30 18:19:23", "elapsed": 1.638789, "delta": 0.003989}}
{"target": -173.7318198642395, "params": {"gamma": 1.5086931993235537, "lr": 0.36939992561190627}, "datetime": {"datetime": "2024-03-30 18:19:23", "elapsed": 1.641781, "delta": 0.002992}}
{"target": -144.48164943353103, "params": {"gamma": 1.4230703094747938, "lr": 0.7268937533445626}, "datetime": {"datetime": "2024-03-30 18:19:23", "elapsed": 1.64577, "delta": 0.003989}}
{"target": -480.6525941032132, "params": {"gamma": 4.770652931028231, "lr": 0.44887883670676554}, "datetime": {"datetime": "2024-03-30 18:19:23", "elapsed": 1.64976, "delta": 0.00399}}
{"target": -828.1495856613961, "params": {"gamma": 8.860093713682348, "lr": 0.5276187723115614}, "datetime": {"datetime": "2024-03-30 18:19:23", "elapsed": 1.652752, "delta": 0.002992}}
{"target": -497.81334541753336, "params": {"gamma": 4.091499228336683, "lr": 0.26889202221264585}, "datetime": {"datetime": "2024-03-30 18:19:23", "elapsed": 1.656741, "delta": 0.003989}}
{"target": -99.13756777784172, "params": {"gamma": 0.7210483396625298, "lr": 0.4181361337253158}, "datetime": {"datetime": "2024-03-30 18:19:23", "elapsed": 1.659733, "delta": 0.002992}}
{"target": -110.91595869209873, "params": {"gamma": 0.25850907058342715, "lr": 0.29115394055242805}, "datetime": {"datetime": "2024-03-30 18:19:23", "elapsed": 1.663723, "delta": 0.00399}}
{"target": -473.4623075586005, "params": {"gamma": 5.035591588974117, "lr": 0.9659330650197223}, "datetime": {"datetime": "2024-03-30 18:19:23", "elapsed": 1.667711, "delta": 0.003988}}
{"target": -114.7831222101582, "params": {"gamma": 1.0947197590216522, "lr": 0.673041054216622}, "datetime": {"datetime": "2024-03-30 18:19:23", "elapsed": 1.670703, "delta": 0.002992}}
