{"target": -135.11755031443448, "params": {"gamma": 0.31662318342524604, "prior": 1.1700595030871503, "rate": 9.552007726342298}, "datetime": {"datetime": "2024-04-12 20:45:29", "elapsed": 2526.420519, "delta": 12.949022}}
{"target": -135.12846618070768, "params": {"gamma": 0.3041890954329197, "prior": 0.6312984382597301, "rate": 6.334169061457461}, "datetime": {"datetime": "2024-04-12 20:45:38", "elapsed": 2535.749449, "delta": 9.32893}}
{"target": -135.12547187231942, "params": {"gamma": 0.32500423476215573, "prior": 1.0170108264285533, "rate": 9.30649625347259}, "datetime": {"datetime": "2024-04-12 20:45:47", "elapsed": 2544.246052, "delta": 8.496603}}
{"target": -135.12235110575705, "params": {"gamma": 0.3083233362822996, "prior": 0.807682726324185, "rate": 7.901986933085222}, "datetime": {"datetime": "2024-04-12 20:45:58", "elapsed": 2554.966607, "delta": 10.720555}}
{"target": -135.13087895619532, "params": {"gamma": 0.32932333582011075, "prior": 1.3504228798864761, "rate": 9.805232789432926}, "datetime": {"datetime": "2024-04-12 20:46:05", "elapsed": 2562.062022, "delta": 7.095415}}
{"target": -135.1691274887569, "params": {"gamma": 0.34394478314216254, "prior": 1.1517704927923529, "rate": 7.7328386854945315}, "datetime": {"datetime": "2024-04-12 20:46:12", "elapsed": 2569.041502, "delta": 6.97948}}
{"target": -135.12675044173474, "params": {"gamma": 0.32813559293109307, "prior": 0.9772162291795763, "rate": 7.4833718242884855}, "datetime": {"datetime": "2024-04-12 20:46:20", "elapsed": 2577.067468, "delta": 8.025966}}
{"target": -135.2172971360711, "params": {"gamma": 0.2892567785921508, "prior": 0.5567772915326752, "rate": 8.36724329484409}, "datetime": {"datetime": "2024-04-12 20:46:34", "elapsed": 2591.553183, "delta": 14.485715}}
{"target": -135.13053477037636, "params": {"gamma": 0.304761710792575, "prior": 0.4802040356283272, "rate": 3.9945838923020327}, "datetime": {"datetime": "2024-04-12 20:46:48", "elapsed": 2604.782219, "delta": 13.229036}}
{"target": -135.11573519034943, "params": {"gamma": 0.316180414240739, "prior": 1.1072457385995034, "rate": 9.86194113134631}, "datetime": {"datetime": "2024-04-12 20:46:54", "elapsed": 2611.59287, "delta": 6.810651}}
{"target": -135.1413528026969, "params": {"gamma": 0.30348261532793563, "prior": 0.3530897576492005, "rate": 3.9965610560163447}, "datetime": {"datetime": "2024-04-12 20:47:05", "elapsed": 2621.864738, "delta": 10.271868}}
{"target": -135.22622383474564, "params": {"gamma": 0.3565710250939429, "prior": 0.9063225202455201, "rate": 6.672286402985369}, "datetime": {"datetime": "2024-04-12 20:47:12", "elapsed": 2629.423848, "delta": 7.55911}}
{"target": -135.1164326247887, "params": {"gamma": 0.31749679796638963, "prior": 1.000926862944371, "rate": 8.399212789874362}, "datetime": {"datetime": "2024-04-12 20:47:26", "elapsed": 2642.844117, "delta": 13.420269}}
{"target": -135.18112320953662, "params": {"gamma": 0.32432167573908033, "prior": 0.7276342195686345, "rate": 8.84567318438809}, "datetime": {"datetime": "2024-04-12 20:47:42", "elapsed": 2659.2582, "delta": 16.414083}}
{"target": -135.1191985056782, "params": {"gamma": 0.3213611302575674, "prior": 1.2320325632225666, "rate": 9.808161529791358}, "datetime": {"datetime": "2024-04-12 20:47:46", "elapsed": 2663.715293, "delta": 4.457093}}
{"target": -135.1563899467175, "params": {"gamma": 0.30329195786598845, "prior": 0.7647812970774941, "rate": 9.451565996514997}, "datetime": {"datetime": "2024-04-12 20:47:56", "elapsed": 2673.431606, "delta": 9.716313}}
{"target": -135.12254534750576, "params": {"gamma": 0.3148984104300156, "prior": 0.4619259267214254, "rate": 3.5686405733264297}, "datetime": {"datetime": "2024-04-12 20:48:05", "elapsed": 2681.997768, "delta": 8.566162}}
{"target": -135.1404575795621, "params": {"gamma": 0.3028972249632855, "prior": 0.747084721468923, "rate": 8.359981229797185}, "datetime": {"datetime": "2024-04-12 20:48:15", "elapsed": 2692.098201, "delta": 10.100433}}
{"target": -135.29944376261238, "params": {"gamma": 0.34054523798551894, "prior": 0.5174393699133136, "rate": 2.4609325565560733}, "datetime": {"datetime": "2024-04-12 20:48:22", "elapsed": 2698.853393, "delta": 6.755192}}
{"target": -135.13395419857838, "params": {"gamma": 0.30057936746242325, "prior": 0.357020555474473, "rate": 3.530812807195924}, "datetime": {"datetime": "2024-04-12 20:48:32", "elapsed": 2708.840941, "delta": 9.987548}}
{"target": -135.18097117534396, "params": {"gamma": 0.34358019907169773, "prior": 0.46952404657574265, "rate": 2.951590087159644}, "datetime": {"datetime": "2024-04-12 20:48:41", "elapsed": 2718.487818, "delta": 9.646877}}
{"target": -135.1991961624281, "params": {"gamma": 0.32475645323877733, "prior": 1.0565460258458597, "rate": 6.0231123318441355}, "datetime": {"datetime": "2024-04-12 20:48:52", "elapsed": 2728.845302, "delta": 10.357484}}
{"target": -135.16359717460392, "params": {"gamma": 0.34316282424672284, "prior": 0.2860838510763665, "rate": 2.01926190866604}, "datetime": {"datetime": "2024-04-12 20:48:56", "elapsed": 2733.470083, "delta": 4.624781}}
{"target": -135.193919795619, "params": {"gamma": 0.28613223232617313, "prior": 0.9508917576767117, "rate": 8.3257004819308}, "datetime": {"datetime": "2024-04-12 20:49:02", "elapsed": 2739.504493, "delta": 6.03441}}
{"target": -135.12926111859952, "params": {"gamma": 0.32157505413802734, "prior": 0.9524648748630421, "rate": 9.404066643190445}, "datetime": {"datetime": "2024-04-12 20:49:11", "elapsed": 2748.450811, "delta": 8.946318}}
{"target": -135.15082108326231, "params": {"gamma": 0.3345287250751112, "prior": 1.4562120971467325, "rate": 9.588976090127975}, "datetime": {"datetime": "2024-04-12 20:49:18", "elapsed": 2755.060063, "delta": 6.609252}}
{"target": -135.19435980647143, "params": {"gamma": 0.34841625111395724, "prior": 0.9746321723979717, "rate": 6.17179264919367}, "datetime": {"datetime": "2024-04-12 20:49:32", "elapsed": 2769.225187, "delta": 14.165124}}
{"target": -135.16542311512896, "params": {"gamma": 0.311797313984659, "prior": 1.287542880961342, "rate": 8.311391115667218}, "datetime": {"datetime": "2024-04-12 20:49:46", "elapsed": 2783.532013, "delta": 14.306826}}
{"target": -135.14377940399837, "params": {"gamma": 0.32552612335913966, "prior": 0.5187812944207795, "rate": 5.318217301029762}, "datetime": {"datetime": "2024-04-12 20:49:56", "elapsed": 2793.551496, "delta": 10.019483}}
{"target": -135.29470062489742, "params": {"gamma": 0.32904033063052474, "prior": 1.8333515541829974, "rate": 8.812470962934217}, "datetime": {"datetime": "2024-04-12 20:50:02", "elapsed": 2799.634547, "delta": 6.083051}}
{"target": -135.14851594080204, "params": {"gamma": 0.33824398254101307, "prior": 0.695531008447748, "rate": 5.0603062333121045}, "datetime": {"datetime": "2024-04-12 20:50:14", "elapsed": 2811.064907, "delta": 11.43036}}
{"target": -135.12564465265547, "params": {"gamma": 0.3081385130927963, "prior": 0.9442594406838337, "rate": 9.598964157971313}, "datetime": {"datetime": "2024-04-12 20:50:24", "elapsed": 2821.459341, "delta": 10.394434}}
{"target": -135.17014048936488, "params": {"gamma": 0.29897798388682856, "prior": 0.6328363105814987, "rate": 8.238976832678427}, "datetime": {"datetime": "2024-04-12 20:50:31", "elapsed": 2828.113495, "delta": 6.654154}}
{"target": -135.1581875861091, "params": {"gamma": 0.3368609109280611, "prior": 0.8191841804899191, "rate": 7.456861748487146}, "datetime": {"datetime": "2024-04-12 20:50:37", "elapsed": 2834.731715, "delta": 6.61822}}
{"target": -135.21404323484862, "params": {"gamma": 0.34980306846194037, "prior": 1.3182720732875495, "rate": 7.85457188783636}, "datetime": {"datetime": "2024-04-12 20:50:47", "elapsed": 2843.870906, "delta": 9.139191}}
{"target": -135.48439913175892, "params": {"gamma": 0.37551385041676016, "prior": 1.5468296577531773, "rate": 6.363042940716111}, "datetime": {"datetime": "2024-04-12 20:50:55", "elapsed": 2852.343663, "delta": 8.472757}}
{"target": -135.134555734025, "params": {"gamma": 0.32975031488642226, "prior": 1.0752159907485934, "rate": 7.49898539399507}, "datetime": {"datetime": "2024-04-12 20:51:02", "elapsed": 2858.813166, "delta": 6.469503}}
{"target": -135.12766566713304, "params": {"gamma": 0.3266533079140633, "prior": 0.5730633592340105, "rate": 4.185470876586316}, "datetime": {"datetime": "2024-04-12 20:51:11", "elapsed": 2868.532264, "delta": 9.719098}}
{"target": -135.14465437958646, "params": {"gamma": 0.3362717713357259, "prior": 0.8995337596951409, "rate": 7.208635060313901}, "datetime": {"datetime": "2024-04-12 20:51:23", "elapsed": 2879.823102, "delta": 11.290838}}
{"target": -135.18208090182264, "params": {"gamma": 0.2883931768631199, "prior": 0.5432458922668367, "rate": 6.558489483488851}, "datetime": {"datetime": "2024-04-12 20:51:28", "elapsed": 2885.670733, "delta": 5.847631}}
{"target": -135.1160070795016, "params": {"gamma": 0.3137230084923833, "prior": 1.0718172178841248, "rate": 9.826602770806383}, "datetime": {"datetime": "2024-04-12 20:51:38", "elapsed": 2895.63144, "delta": 9.960707}}
{"target": -135.27069433251484, "params": {"gamma": 0.33484534556964063, "prior": 0.41653472243670475, "rate": 5.718624532570324}, "datetime": {"datetime": "2024-04-12 20:51:52", "elapsed": 2909.310796, "delta": 13.679356}}
{"target": -135.17050499805, "params": {"gamma": 0.302328457576484, "prior": 0.5508827655807021, "rate": 3.791660627665292}, "datetime": {"datetime": "2024-04-12 20:51:56", "elapsed": 2913.254515, "delta": 3.943719}}
{"target": -135.18421818746052, "params": {"gamma": 0.3471919263705375, "prior": 1.5298740581392114, "rate": 10.0}, "datetime": {"datetime": "2024-04-12 20:52:02", "elapsed": 2918.918724, "delta": 5.664209}}
{"target": -135.36176076504844, "params": {"gamma": 0.3481544686777979, "prior": 2.1519313419823902, "rate": 9.428336553581772}, "datetime": {"datetime": "2024-04-12 20:52:10", "elapsed": 2926.845042, "delta": 7.926318}}
{"target": -135.1342097638447, "params": {"gamma": 0.3157325999595865, "prior": 0.46093552044495006, "rate": 3.2388958144130275}, "datetime": {"datetime": "2024-04-12 20:52:22", "elapsed": 2939.766054, "delta": 12.921012}}
{"target": -135.27532147893064, "params": {"gamma": 0.3626417525233815, "prior": 1.7255088078607026, "rate": 10.0}, "datetime": {"datetime": "2024-04-12 20:52:35", "elapsed": 2952.42769, "delta": 12.661636}}
{"target": -135.13724583676247, "params": {"gamma": 0.32650036587041176, "prior": 0.8370694936126456, "rate": 5.653578733130053}, "datetime": {"datetime": "2024-04-12 20:52:41", "elapsed": 2957.924413, "delta": 5.496723}}
{"target": -135.11766249102504, "params": {"gamma": 0.32055902622539073, "prior": 0.7283897960296996, "rate": 6.388724476887475}, "datetime": {"datetime": "2024-04-12 20:52:47", "elapsed": 2964.675756, "delta": 6.751343}}
{"target": -135.1506038616251, "params": {"gamma": 0.33788967864564523, "prior": 0.7151635794061135, "rate": 5.820459926470914}, "datetime": {"datetime": "2024-04-12 20:52:57", "elapsed": 2973.785012, "delta": 9.109256}}
{"target": -135.13038034159516, "params": {"gamma": 0.33021044770783714, "prior": 0.7293369035389975, "rate": 5.490901228306908}, "datetime": {"datetime": "2024-04-12 20:53:08", "elapsed": 2985.434155, "delta": 11.649143}}
{"target": -135.2154273339295, "params": {"gamma": 0.3237247633519709, "prior": 0.539170676245655, "rate": 7.3443509073233875}, "datetime": {"datetime": "2024-04-12 20:53:15", "elapsed": 2992.616205, "delta": 7.18205}}
{"target": -135.12799120866532, "params": {"gamma": 0.30328079794606566, "prior": 0.6254907937020092, "rate": 6.0584247276252015}, "datetime": {"datetime": "2024-04-12 20:53:22", "elapsed": 2999.659226, "delta": 7.043021}}
{"target": -135.95181131502548, "params": {"gamma": 0.37189322657200274, "prior": 2.489349101111377, "rate": 6.52845290396936}, "datetime": {"datetime": "2024-04-12 20:53:27", "elapsed": 3004.427664, "delta": 4.768438}}
{"target": -135.20329371693526, "params": {"gamma": 0.32123060771904743, "prior": 0.5425345355710985, "rate": 3.091681217245476}, "datetime": {"datetime": "2024-04-12 20:53:35", "elapsed": 3012.277673, "delta": 7.850009}}
{"target": -135.16060755479722, "params": {"gamma": 0.3391051037838236, "prior": 1.048747820020268, "rate": 6.871187418425144}, "datetime": {"datetime": "2024-04-12 20:53:43", "elapsed": 3019.885752, "delta": 7.608079}}
{"target": -135.12419367460794, "params": {"gamma": 0.32514881416455393, "prior": 1.3243075567745308, "rate": 10.0}, "datetime": {"datetime": "2024-04-12 20:53:50", "elapsed": 3027.701931, "delta": 7.816179}}
{"target": -135.23088336741253, "params": {"gamma": 0.32653696268954013, "prior": 0.9864667636515538, "rate": 5.263471640742231}, "datetime": {"datetime": "2024-04-12 20:54:02", "elapsed": 3039.037355, "delta": 11.335424}}
{"target": -135.1353973551014, "params": {"gamma": 0.33204006481149684, "prior": 1.3004342786979697, "rate": 9.351022540732746}, "datetime": {"datetime": "2024-04-12 20:54:11", "elapsed": 3048.710319, "delta": 9.672964}}
{"target": -135.20605596760333, "params": {"gamma": 0.28472378915719226, "prior": 0.43179216299429535, "rate": 5.6744635376928025}, "datetime": {"datetime": "2024-04-12 20:54:23", "elapsed": 3060.197711, "delta": 11.487392}}
{"target": -135.68914877593224, "params": {"gamma": 0.3977721731563656, "prior": 2.257410649558151, "rate": 8.252642651505584}, "datetime": {"datetime": "2024-04-12 20:54:34", "elapsed": 3071.189446, "delta": 10.991735}}
{"target": -135.13436733333592, "params": {"gamma": 0.31303365200902306, "prior": 0.46941280340792224, "rate": 3.3695228044396024}, "datetime": {"datetime": "2024-04-12 20:54:39", "elapsed": 3076.077505, "delta": 4.888059}}
{"target": -135.24595968629498, "params": {"gamma": 0.2787081314993486, "prior": 0.3494128725100259, "rate": 5.064647023878609}, "datetime": {"datetime": "2024-04-12 20:54:45", "elapsed": 3081.809809, "delta": 5.732304}}
{"target": -135.14771042850035, "params": {"gamma": 0.3328406565196488, "prior": 0.7643612014779293, "rate": 7.1274869953779}, "datetime": {"datetime": "2024-04-12 20:55:00", "elapsed": 3097.617221, "delta": 15.807412}}
{"target": -135.13840541790614, "params": {"gamma": 0.322691900121631, "prior": 1.1414217899037526, "rate": 7.665365543341443}, "datetime": {"datetime": "2024-04-12 20:55:14", "elapsed": 3111.116858, "delta": 13.499637}}
{"target": -135.12495025101347, "params": {"gamma": 0.3078722208694288, "prior": 0.7575848440279422, "rate": 7.627944679448396}, "datetime": {"datetime": "2024-04-12 20:55:21", "elapsed": 3118.553923, "delta": 7.437065}}
{"target": -135.11921848188467, "params": {"gamma": 0.3099781994062349, "prior": 0.9207562161911876, "rate": 7.958073701664501}, "datetime": {"datetime": "2024-04-12 20:55:31", "elapsed": 3128.542382, "delta": 9.988459}}
{"target": -135.12239064769915, "params": {"gamma": 0.3228174368011763, "prior": 1.0400777742224154, "rate": 7.902225660732637}, "datetime": {"datetime": "2024-04-12 20:55:38", "elapsed": 3135.146917, "delta": 6.604535}}
{"target": -135.15614227348712, "params": {"gamma": 0.30875712461313287, "prior": 0.3707636217656749, "rate": 4.577901419446746}, "datetime": {"datetime": "2024-04-12 20:55:45", "elapsed": 3142.458541, "delta": 7.311624}}
{"target": -135.17789548947616, "params": {"gamma": 0.34351563351614556, "prior": 0.8449013891970678, "rate": 5.380148960018015}, "datetime": {"datetime": "2024-04-12 20:55:54", "elapsed": 3151.694951, "delta": 9.23641}}
{"target": -135.1231361183692, "params": {"gamma": 0.31612920361379565, "prior": 1.3046929012077546, "rate": 9.928306668438386}, "datetime": {"datetime": "2024-04-12 20:56:05", "elapsed": 3161.977486, "delta": 10.282535}}
{"target": -135.279370756046, "params": {"gamma": 0.2958183821268651, "prior": 0.5312465475288203, "rate": 10.0}, "datetime": {"datetime": "2024-04-12 20:56:09", "elapsed": 3166.723704, "delta": 4.746218}}
{"target": -135.18860677626512, "params": {"gamma": 0.3492748987139466, "prior": 1.0489685109470246, "rate": 7.005320493791953}, "datetime": {"datetime": "2024-04-12 20:56:19", "elapsed": 3176.131051, "delta": 9.407347}}
{"target": -135.1284412570227, "params": {"gamma": 0.3098682860153952, "prior": 0.6497737161277986, "rate": 6.8179253429464}, "datetime": {"datetime": "2024-04-12 20:56:28", "elapsed": 3184.923978, "delta": 8.792927}}
{"target": -135.21138400852624, "params": {"gamma": 0.30669181041546495, "prior": 0.5568717655538384, "rate": 8.49016705594423}, "datetime": {"datetime": "2024-04-12 20:56:40", "elapsed": 3197.193717, "delta": 12.269739}}
{"target": -135.17740166618125, "params": {"gamma": 0.31739304461210266, "prior": 0.5586665378014736, "rate": 7.1601047371627695}, "datetime": {"datetime": "2024-04-12 20:56:45", "elapsed": 3202.588078, "delta": 5.394361}}
{"target": -135.15447853353734, "params": {"gamma": 0.3401894387580004, "prior": 0.3100225274580462, "rate": 2.183741907594518}, "datetime": {"datetime": "2024-04-12 20:56:53", "elapsed": 3210.005612, "delta": 7.417534}}
{"target": -135.15634213747884, "params": {"gamma": 0.300850132871536, "prior": 0.5691671011107116, "rate": 6.9622046130593835}, "datetime": {"datetime": "2024-04-12 20:57:01", "elapsed": 3218.416003, "delta": 8.410391}}
{"target": -135.1783932881323, "params": {"gamma": 0.3299099619257827, "prior": 1.3767872521783566, "rate": 8.202484662634612}, "datetime": {"datetime": "2024-04-12 20:57:15", "elapsed": 3231.971706, "delta": 13.555703}}
{"target": -135.191803922851, "params": {"gamma": 0.3156442818481271, "prior": 0.9896785348986877, "rate": 5.89107179042044}, "datetime": {"datetime": "2024-04-12 20:57:28", "elapsed": 3245.670285, "delta": 13.698579}}
{"target": -135.18846745558724, "params": {"gamma": 0.2918901186457417, "prior": 0.7426933264608666, "rate": 10.0}, "datetime": {"datetime": "2024-04-12 20:57:34", "elapsed": 3251.603946, "delta": 5.933661}}
{"target": -135.1443793015917, "params": {"gamma": 0.31656739833387737, "prior": 0.38750654644559346, "rate": 4.370238478770515}, "datetime": {"datetime": "2024-04-12 20:57:42", "elapsed": 3259.347955, "delta": 7.744009}}
{"target": -135.2046872287509, "params": {"gamma": 0.32355732737679094, "prior": 0.5627448631240242, "rate": 7.439407575407689}, "datetime": {"datetime": "2024-04-12 20:57:52", "elapsed": 3269.3357, "delta": 9.987745}}
{"target": -135.12248736114668, "params": {"gamma": 0.3218339612077468, "prior": 1.3031179270054107, "rate": 9.843579800340885}, "datetime": {"datetime": "2024-04-12 20:57:58", "elapsed": 3275.655713, "delta": 6.320013}}
{"target": -135.21794270501954, "params": {"gamma": 0.29541424321065085, "prior": 0.338820439494121, "rate": 5.3055567191711885}, "datetime": {"datetime": "2024-04-12 20:58:06", "elapsed": 3283.72585, "delta": 8.070137}}
{"target": -135.167777234303, "params": {"gamma": 0.2970534841876516, "prior": 0.7880618441409628, "rate": 10.0}, "datetime": {"datetime": "2024-04-12 20:58:17", "elapsed": 3294.21969, "delta": 10.49384}}
{"target": -135.12055392164362, "params": {"gamma": 0.3079096570212028, "prior": 0.6864110750802058, "rate": 6.474214192693656}, "datetime": {"datetime": "2024-04-12 20:58:24", "elapsed": 3301.514868, "delta": 7.295178}}
{"target": -135.24843295467844, "params": {"gamma": 0.3293704156855339, "prior": 0.3517112712955839, "rate": 1.8095130344116663}, "datetime": {"datetime": "2024-04-12 20:58:33", "elapsed": 3310.235351, "delta": 8.720483}}
{"target": -135.14084476722354, "params": {"gamma": 0.29781744251766773, "prior": 0.6293617406100944, "rate": 6.308653824687539}, "datetime": {"datetime": "2024-04-12 20:58:38", "elapsed": 3315.455101, "delta": 5.21975}}
{"target": -135.13300775273208, "params": {"gamma": 0.32919756288554847, "prior": 1.0124477069988886, "rate": 9.102021410704143}, "datetime": {"datetime": "2024-04-12 20:58:52", "elapsed": 3328.972192, "delta": 13.517091}}
{"target": -135.11631913929827, "params": {"gamma": 0.3173185065559585, "prior": 1.1868144692477232, "rate": 10.0}, "datetime": {"datetime": "2024-04-12 20:58:58", "elapsed": 3335.304778, "delta": 6.332586}}
{"target": -135.21041239013994, "params": {"gamma": 0.3295886299909047, "prior": 0.6664403464130123, "rate": 8.350590612101524}, "datetime": {"datetime": "2024-04-12 20:59:08", "elapsed": 3345.387705, "delta": 10.082927}}
{"target": -135.1535881663981, "params": {"gamma": 0.33032215863418085, "prior": 1.340096588376296, "rate": 8.58072073517572}, "datetime": {"datetime": "2024-04-12 20:59:16", "elapsed": 3353.547647, "delta": 8.159942}}
{"target": -135.3368103338449, "params": {"gamma": 0.2912945759103032, "prior": 0.3710680671110398, "rate": 8.005361991502792}, "datetime": {"datetime": "2024-04-12 20:59:23", "elapsed": 3360.647546, "delta": 7.099899}}
{"target": -135.1296658896633, "params": {"gamma": 0.3277959320960823, "prior": 1.2636608738343658, "rate": 9.11431914621603}, "datetime": {"datetime": "2024-04-12 20:59:29", "elapsed": 3366.357083, "delta": 5.709537}}
{"target": -135.22455085341915, "params": {"gamma": 0.31627240020282976, "prior": 1.5683523359728793, "rate": 8.731317197728194}, "datetime": {"datetime": "2024-04-12 20:59:38", "elapsed": 3375.698958, "delta": 9.341875}}
{"target": -135.1675649885744, "params": {"gamma": 0.293106981620231, "prior": 0.7216153897373627, "rate": 8.681800144387994}, "datetime": {"datetime": "2024-04-12 20:59:47", "elapsed": 3384.417771, "delta": 8.718813}}
{"target": -135.2570328344435, "params": {"gamma": 0.32473662288781474, "prior": 0.446362996346781, "rate": 6.723072706479934}, "datetime": {"datetime": "2024-04-12 20:59:59", "elapsed": 3396.146946, "delta": 11.729175}}
{"target": -135.3568829673591, "params": {"gamma": 0.3321873082405235, "prior": 1.3570675551026028, "rate": 5.97574491860473}, "datetime": {"datetime": "2024-04-12 21:00:12", "elapsed": 3409.047684, "delta": 12.900738}}
