{"target": -647.5581853723191, "params": {"gamma": 9.351596002308344, "prior": 8.896566823226658, "rate": 2.893315694333617}, "datetime": {"datetime": "2024-04-08 10:47:57", "elapsed": 4.27398, "delta": 0.008461}}
{"target": -710.8777414318777, "params": {"gamma": 9.477692896949968, "prior": 8.514312298791047, "rate": 4.347113285922664}, "datetime": {"datetime": "2024-04-08 10:47:57", "elapsed": 4.282826, "delta": 0.008846}}
{"target": -330.92075579448095, "params": {"gamma": 4.681027499109862, "prior": 6.335544913675885, "rate": 1.581160317803163}, "datetime": {"datetime": "2024-04-08 10:47:57", "elapsed": 4.291783, "delta": 0.008957}}
{"target": -143.4307348164493, "params": {"gamma": 0.14880608533418707, "prior": 2.72856897297662, "rate": 0.15542087579566607}, "datetime": {"datetime": "2024-04-08 10:47:57", "elapsed": 4.300472, "delta": 0.008689}}
{"target": -524.5555923191238, "params": {"gamma": 6.745313942778413, "prior": 5.559541474546487, "rate": 3.2171598078821737}, "datetime": {"datetime": "2024-04-08 10:47:57", "elapsed": 4.308983, "delta": 0.008511}}
{"target": -720.893930353232, "params": {"gamma": 7.802243168860467, "prior": 1.543275769026293, "rate": 2.449561506980074}, "datetime": {"datetime": "2024-04-08 10:47:57", "elapsed": 4.317783, "delta": 0.0088}}
{"target": -250.85472618571129, "params": {"gamma": 2.923845306630798, "prior": 2.0397262703400223, "rate": 0.8802988990222627}, "datetime": {"datetime": "2024-04-08 10:47:57", "elapsed": 4.326562, "delta": 0.008779}}
{"target": -990.6395935186745, "params": {"gamma": 8.699891826535803, "prior": 0.9730675911579497, "rate": 6.837419647880558}, "datetime": {"datetime": "2024-04-08 10:47:57", "elapsed": 4.334931, "delta": 0.008369}}
{"target": -220.2119316128634, "params": {"gamma": 1.204888367700376, "prior": 0.20592013112732416, "rate": 5.573125032519063}, "datetime": {"datetime": "2024-04-08 10:47:57", "elapsed": 4.343436, "delta": 0.008505}}
{"target": -649.9550651250701, "params": {"gamma": 9.071183443148486, "prior": 8.618521006635163, "rate": 3.3851753897983823}, "datetime": {"datetime": "2024-04-08 10:47:57", "elapsed": 4.352349, "delta": 0.008913}}
{"target": -146.61892110897728, "params": {"gamma": 0.27256113442929636, "prior": 8.028507615787328, "rate": 8.06004333796437}, "datetime": {"datetime": "2024-04-08 10:47:57", "elapsed": 4.360951, "delta": 0.008602}}
{"target": -760.8030396903735, "params": {"gamma": 8.685012674911418, "prior": 6.729501338767777, "rate": 8.077980844288449}, "datetime": {"datetime": "2024-04-08 10:47:57", "elapsed": 4.369514, "delta": 0.008563}}
{"target": -786.989890913069, "params": {"gamma": 8.9750853247459, "prior": 4.592916509851121, "rate": 5.578695211845391}, "datetime": {"datetime": "2024-04-08 10:47:57", "elapsed": 4.378156, "delta": 0.008642}}
{"target": -443.1995206754605, "params": {"gamma": 5.06180515715352, "prior": 6.9506406547897654, "rate": 6.829385769431119}, "datetime": {"datetime": "2024-04-08 10:47:57", "elapsed": 4.387175, "delta": 0.009019}}
{"target": -417.272523533126, "params": {"gamma": 5.203616044997302, "prior": 8.301834666046165, "rate": 5.058288088511875}, "datetime": {"datetime": "2024-04-08 10:47:57", "elapsed": 4.395683, "delta": 0.008508}}
{"target": -642.9669591890175, "params": {"gamma": 8.248760765289934, "prior": 2.8902663726181053, "rate": 1.7857698349419049}, "datetime": {"datetime": "2024-04-08 10:47:57", "elapsed": 4.404616, "delta": 0.008933}}
{"target": -679.1636438503883, "params": {"gamma": 9.698735832876796, "prior": 7.44520130201516, "rate": 2.598657141350841}, "datetime": {"datetime": "2024-04-08 10:47:57", "elapsed": 4.413496, "delta": 0.00888}}
{"target": -354.27665359130765, "params": {"gamma": 5.8127721875694265, "prior": 9.557096310028049, "rate": 0.808458324212976}, "datetime": {"datetime": "2024-04-08 10:47:57", "elapsed": 4.422417, "delta": 0.008921}}
{"target": -156.2289581523278, "params": {"gamma": 0.8362585364103492, "prior": 6.229434831057081, "rate": 2.245710294880741}, "datetime": {"datetime": "2024-04-08 10:47:57", "elapsed": 4.431036, "delta": 0.008619}}
{"target": -669.9998955332027, "params": {"gamma": 7.652074383378348, "prior": 5.72471017519614, "rate": 6.66221471414473}, "datetime": {"datetime": "2024-04-08 10:47:57", "elapsed": 4.439634, "delta": 0.008598}}
{"target": -198.8931610394376, "params": {"gamma": 1.0790311940451294, "prior": 0.9344022092219122, "rate": 6.251585561986592}, "datetime": {"datetime": "2024-04-08 10:47:57", "elapsed": 4.448405, "delta": 0.008771}}
{"target": -459.7894938199266, "params": {"gamma": 4.097902880079071, "prior": 0.9637999863326198, "rate": 3.711268386216875}, "datetime": {"datetime": "2024-04-08 10:47:57", "elapsed": 4.45739, "delta": 0.008985}}
{"target": -736.345509158219, "params": {"gamma": 6.72177195215883, "prior": 1.9769152618966988, "rate": 8.957395356178512}, "datetime": {"datetime": "2024-04-08 10:47:57", "elapsed": 4.465766, "delta": 0.008376}}
{"target": -765.0546862862528, "params": {"gamma": 9.498514042411992, "prior": 9.619568170101886, "rate": 7.301095494844863}, "datetime": {"datetime": "2024-04-08 10:47:57", "elapsed": 4.474298, "delta": 0.008532}}
{"target": -313.9468894240215, "params": {"gamma": 4.063477988455463, "prior": 7.463117043877074, "rate": 2.8805808058682407}, "datetime": {"datetime": "2024-04-08 10:47:57", "elapsed": 4.483034, "delta": 0.008736}}
{"target": -299.40446977732955, "params": {"gamma": 3.144857806685071, "prior": 6.098373976056793, "rate": 5.948876486945769}, "datetime": {"datetime": "2024-04-08 10:47:57", "elapsed": 4.491784, "delta": 0.00875}}
{"target": -893.8491849805181, "params": {"gamma": 8.786731102181795, "prior": 2.620547481039712, "rate": 7.662117463663015}, "datetime": {"datetime": "2024-04-08 10:47:57", "elapsed": 4.500401, "delta": 0.008617}}
{"target": -1183.1871277650214, "params": {"gamma": 9.410191654922194, "prior": 0.11022603331157285, "rate": 4.761415090903047}, "datetime": {"datetime": "2024-04-08 10:47:57", "elapsed": 4.509139, "delta": 0.008738}}
{"target": -435.6717502250133, "params": {"gamma": 6.570746249918269, "prior": 8.448899817803273, "rate": 1.8382103793481412}, "datetime": {"datetime": "2024-04-08 10:47:57", "elapsed": 4.51799, "delta": 0.008851}}
{"target": -845.3346660026178, "params": {"gamma": 8.56173622063573, "prior": 3.7072182505845768, "rate": 8.922847018832448}, "datetime": {"datetime": "2024-04-08 10:47:57", "elapsed": 4.526953, "delta": 0.008963}}
{"target": -150.34987171199595, "params": {"gamma": 0.2780896894835276, "prior": 0.9453623773193891, "rate": 9.81412324707537}, "datetime": {"datetime": "2024-04-08 10:47:57", "elapsed": 4.535894, "delta": 0.008941}}
{"target": -447.7781071057905, "params": {"gamma": 6.095409755809193, "prior": 4.234560233460414, "rate": 1.6929726327522117}, "datetime": {"datetime": "2024-04-08 10:47:57", "elapsed": 4.544879, "delta": 0.008985}}
{"target": -745.854976245325, "params": {"gamma": 6.499361629743811, "prior": 0.46605317675764246, "rate": 3.116827520693586}, "datetime": {"datetime": "2024-04-08 10:47:57", "elapsed": 4.553973, "delta": 0.009094}}
{"target": -310.304797533498, "params": {"gamma": 3.2354684906937643, "prior": 6.11367474579408, "rate": 6.508661735500295}, "datetime": {"datetime": "2024-04-08 10:47:57", "elapsed": 4.562776, "delta": 0.008803}}
{"target": -675.821487624053, "params": {"gamma": 8.460699937765456, "prior": 9.28305133171568, "rate": 6.604916818383386}, "datetime": {"datetime": "2024-04-08 10:47:57", "elapsed": 4.571443, "delta": 0.008667}}
{"target": -583.1985909370053, "params": {"gamma": 5.782161010166973, "prior": 4.047283881927183, "rate": 9.666158313928777}, "datetime": {"datetime": "2024-04-08 10:47:57", "elapsed": 4.580251, "delta": 0.008808}}
{"target": -178.85603249270764, "params": {"gamma": 1.541637639151742, "prior": 8.96135940562162, "rate": 3.1108196657805305}, "datetime": {"datetime": "2024-04-08 10:47:57", "elapsed": 4.589267, "delta": 0.009016}}
{"target": -397.5616382065375, "params": {"gamma": 5.485342407571374, "prior": 6.852455958484867, "rate": 2.3654600436102275}, "datetime": {"datetime": "2024-04-08 10:47:57", "elapsed": 4.598108, "delta": 0.008841}}
{"target": -216.03837440273207, "params": {"gamma": 1.678199113817666, "prior": 5.133971932953198, "rate": 7.918846891971133}, "datetime": {"datetime": "2024-04-08 10:47:57", "elapsed": 4.606549, "delta": 0.008441}}
{"target": -796.1330758660529, "params": {"gamma": 6.9244522072085894, "prior": 1.277836038012847, "rate": 9.007521408502258}, "datetime": {"datetime": "2024-04-08 10:47:57", "elapsed": 4.615367, "delta": 0.008818}}
{"target": -385.74310279333207, "params": {"gamma": 4.797895932924502, "prior": 9.47209912447251, "rate": 5.53478362877641}, "datetime": {"datetime": "2024-04-08 10:47:57", "elapsed": 4.624398, "delta": 0.009031}}
{"target": -177.72940915645808, "params": {"gamma": 0.8489334147818686, "prior": 2.1043840531779026, "rate": 8.542525491190911}, "datetime": {"datetime": "2024-04-08 10:47:57", "elapsed": 4.633245, "delta": 0.008847}}
{"target": -505.8257837496233, "params": {"gamma": 7.0595677402804276, "prior": 8.95990124951395, "rate": 3.2921308719412035}, "datetime": {"datetime": "2024-04-08 10:47:57", "elapsed": 4.642063, "delta": 0.008818}}
{"target": -453.8860213079676, "params": {"gamma": 5.280485964979625, "prior": 6.538941511592786, "rate": 5.943314245013059}, "datetime": {"datetime": "2024-04-08 10:47:57", "elapsed": 4.650992, "delta": 0.008929}}
{"target": -225.95348920664262, "params": {"gamma": 2.315397892406944, "prior": 4.325531359537532, "rate": 2.481866529137688}, "datetime": {"datetime": "2024-04-08 10:47:57", "elapsed": 4.659942, "delta": 0.00895}}
{"target": -479.7060394211491, "params": {"gamma": 8.456304007349223, "prior": 9.868106705184019, "rate": 0.6666414605206605}, "datetime": {"datetime": "2024-04-08 10:47:57", "elapsed": 4.668595, "delta": 0.008653}}
{"target": -680.8256439014926, "params": {"gamma": 7.139566394637347, "prior": 3.3681439667708357, "rate": 6.254728347736019}, "datetime": {"datetime": "2024-04-08 10:47:57", "elapsed": 4.677188, "delta": 0.008593}}
{"target": -240.66771418187756, "params": {"gamma": 2.582038363169428, "prior": 6.5449753321541015, "rate": 3.7121006974428328}, "datetime": {"datetime": "2024-04-08 10:47:57", "elapsed": 4.686223, "delta": 0.009035}}
{"target": -288.35609301972806, "params": {"gamma": 2.9489139744901, "prior": 9.126455419608208, "rate": 9.425046243387849}, "datetime": {"datetime": "2024-04-08 10:47:57", "elapsed": 4.695153, "delta": 0.00893}}
{"target": -669.9230492179811, "params": {"gamma": 6.135886715574795, "prior": 2.223231030223857, "rate": 9.394249290190688}, "datetime": {"datetime": "2024-04-08 10:47:57", "elapsed": 4.703913, "delta": 0.00876}}
{"target": -512.3298704316352, "params": {"gamma": 7.504785013686519, "prior": 7.53578909249578, "rate": 2.1180016271500137}, "datetime": {"datetime": "2024-04-08 10:47:57", "elapsed": 4.712925, "delta": 0.009012}}
{"target": -828.3719335022258, "params": {"gamma": 8.30173510509683, "prior": 2.47694202619598, "rate": 6.316575831756353}, "datetime": {"datetime": "2024-04-08 10:47:57", "elapsed": 4.72198, "delta": 0.009055}}
{"target": -541.4764540306338, "params": {"gamma": 7.107684959425964, "prior": 7.449595954100307, "rate": 3.9032567812912102}, "datetime": {"datetime": "2024-04-08 10:47:57", "elapsed": 4.730742, "delta": 0.008762}}
{"target": -599.6037033494148, "params": {"gamma": 7.598494141764259, "prior": 9.039065431004929, "rate": 5.8746127723565325}, "datetime": {"datetime": "2024-04-08 10:47:57", "elapsed": 4.739591, "delta": 0.008849}}
{"target": -163.9570864785896, "params": {"gamma": 0.9050067472322914, "prior": 1.376862243008533, "rate": 1.0535200041012063}, "datetime": {"datetime": "2024-04-08 10:47:57", "elapsed": 4.748287, "delta": 0.008696}}
{"target": -251.0763169151866, "params": {"gamma": 1.7281019057654774, "prior": 1.3516658138678819, "rate": 7.783230599786209}, "datetime": {"datetime": "2024-04-08 10:47:57", "elapsed": 4.757329, "delta": 0.009042}}
{"target": -153.0746335469683, "params": {"gamma": 0.39507571033225836, "prior": 2.491428331674554, "rate": 8.790784947183296}, "datetime": {"datetime": "2024-04-08 10:47:57", "elapsed": 4.765903, "delta": 0.008574}}
{"target": -893.5585882022267, "params": {"gamma": 9.7352150895021, "prior": 6.093677876497776, "rate": 9.762406407339324}, "datetime": {"datetime": "2024-04-08 10:47:57", "elapsed": 4.774394, "delta": 0.008491}}
{"target": -147.46461074968093, "params": {"gamma": 0.43547196560805285, "prior": 9.490870406922475, "rate": 3.113649528479215}, "datetime": {"datetime": "2024-04-08 10:47:57", "elapsed": 4.783192, "delta": 0.008798}}
{"target": -686.601051342465, "params": {"gamma": 7.989929430775569, "prior": 8.125228124124325, "rate": 8.600125917211868}, "datetime": {"datetime": "2024-04-08 10:47:57", "elapsed": 4.792264, "delta": 0.009072}}
{"target": -330.04595539222834, "params": {"gamma": 4.586049558214109, "prior": 9.313379482437938, "rate": 2.579671951285972}, "datetime": {"datetime": "2024-04-08 10:47:57", "elapsed": 4.800868, "delta": 0.008604}}
{"target": -856.9127932669384, "params": {"gamma": 9.344520479803316, "prior": 6.229284369191439, "rate": 9.85446370453336}, "datetime": {"datetime": "2024-04-08 10:47:57", "elapsed": 4.80955, "delta": 0.008682}}
{"target": -147.25553292689366, "params": {"gamma": 0.3274060157599613, "prior": 7.279149922443812, "rate": 5.655976799568431}, "datetime": {"datetime": "2024-04-08 10:47:57", "elapsed": 4.818516, "delta": 0.008966}}
{"target": -449.9982322580294, "params": {"gamma": 4.924748049935798, "prior": 2.6662594439422964, "rate": 3.268980017978885}, "datetime": {"datetime": "2024-04-08 10:47:57", "elapsed": 4.827186, "delta": 0.00867}}
{"target": -305.63518835530743, "params": {"gamma": 2.495372604807176, "prior": 2.270752312218102, "rate": 7.996808714410864}, "datetime": {"datetime": "2024-04-08 10:47:57", "elapsed": 4.835378, "delta": 0.008192}}
{"target": -600.1736483166569, "params": {"gamma": 5.024447663976686, "prior": 0.9235798981002775, "rate": 7.770064936081777}, "datetime": {"datetime": "2024-04-08 10:47:57", "elapsed": 4.844196, "delta": 0.008818}}
{"target": -436.77587770169794, "params": {"gamma": 5.336957111761226, "prior": 7.419939094729182, "rate": 5.154421537738071}, "datetime": {"datetime": "2024-04-08 10:47:57", "elapsed": 4.853198, "delta": 0.009002}}
{"target": -262.172524193278, "params": {"gamma": 4.0000592939273325, "prior": 9.86384314611932, "rate": 0.2833979590089639}, "datetime": {"datetime": "2024-04-08 10:47:57", "elapsed": 4.86192, "delta": 0.008722}}
{"target": -675.6956226334188, "params": {"gamma": 9.327706315740619, "prior": 9.315464180823684, "rate": 3.909796196303079}, "datetime": {"datetime": "2024-04-08 10:47:57", "elapsed": 4.870876, "delta": 0.008956}}
{"target": -200.89996823142874, "params": {"gamma": 2.145434246462065, "prior": 6.230211649539066, "rate": 1.7805453823662243}, "datetime": {"datetime": "2024-04-08 10:47:57", "elapsed": 4.879848, "delta": 0.008972}}
{"target": -696.2676428675601, "params": {"gamma": 8.032278735085756, "prior": 2.613945173189579, "rate": 2.9087707441717465}, "datetime": {"datetime": "2024-04-08 10:47:57", "elapsed": 4.889011, "delta": 0.009163}}
{"target": -706.2666498977902, "params": {"gamma": 9.15924198430956, "prior": 9.038876651396649, "rate": 5.354273536413487}, "datetime": {"datetime": "2024-04-08 10:47:57", "elapsed": 4.897775, "delta": 0.008764}}
{"target": -871.4712150211584, "params": {"gamma": 8.628526966805577, "prior": 3.5900724311701118, "rate": 9.978844897970799}, "datetime": {"datetime": "2024-04-08 10:47:57", "elapsed": 4.906476, "delta": 0.008701}}
{"target": -291.8613118343572, "params": {"gamma": 4.337463704310366, "prior": 3.0186389168051044, "rate": 0.4167007652577235}, "datetime": {"datetime": "2024-04-08 10:47:57", "elapsed": 4.915397, "delta": 0.008921}}
{"target": -904.0498933047861, "params": {"gamma": 9.897079830913631, "prior": 4.702387546027041, "rate": 7.346115555489657}, "datetime": {"datetime": "2024-04-08 10:47:57", "elapsed": 4.924509, "delta": 0.009112}}
{"target": -379.55963107939107, "params": {"gamma": 6.408435432834701, "prior": 7.258624656693496, "rate": 0.5120579273573367}, "datetime": {"datetime": "2024-04-08 10:47:57", "elapsed": 4.933027, "delta": 0.008518}}
{"target": -709.9645416619719, "params": {"gamma": 9.200534008691728, "prior": 9.275728057232191, "rate": 5.520398276514817}, "datetime": {"datetime": "2024-04-08 10:47:57", "elapsed": 4.941582, "delta": 0.008555}}
{"target": -925.9217113352079, "params": {"gamma": 9.639194970956826, "prior": 2.881459816204638, "rate": 6.0218641247383164}, "datetime": {"datetime": "2024-04-08 10:47:57", "elapsed": 4.950367, "delta": 0.008785}}
{"target": -318.04402225826357, "params": {"gamma": 3.9652304378361865, "prior": 6.317429994376759, "rate": 3.0070222529489574}, "datetime": {"datetime": "2024-04-08 10:47:57", "elapsed": 4.958982, "delta": 0.008615}}
{"target": -621.6612835725389, "params": {"gamma": 8.193764488175546, "prior": 0.7908811871916644, "rate": 0.4197338254296628}, "datetime": {"datetime": "2024-04-08 10:47:58", "elapsed": 4.967288, "delta": 0.008306}}
{"target": -155.87740060685397, "params": {"gamma": 0.49491444994850975, "prior": 1.5895047808398683, "rate": 3.954109387473109}, "datetime": {"datetime": "2024-04-08 10:47:58", "elapsed": 4.975764, "delta": 0.008476}}
{"target": -1054.3934585590841, "params": {"gamma": 9.553944502582489, "prior": 1.1968748529899662, "rate": 6.475882305178456}, "datetime": {"datetime": "2024-04-08 10:47:58", "elapsed": 4.984645, "delta": 0.008881}}
{"target": -415.1973449774494, "params": {"gamma": 5.276687463055037, "prior": 3.5970998192322843, "rate": 1.9827940939725983}, "datetime": {"datetime": "2024-04-08 10:47:58", "elapsed": 4.993208, "delta": 0.008563}}
{"target": -312.6824248428181, "params": {"gamma": 2.20672022439151, "prior": 0.5338329462987547, "rate": 7.131926567624986}, "datetime": {"datetime": "2024-04-08 10:47:58", "elapsed": 5.001969, "delta": 0.008761}}
{"target": -610.9191047304244, "params": {"gamma": 6.538748151763354, "prior": 4.493320947974752, "rate": 7.189675941410347}, "datetime": {"datetime": "2024-04-08 10:47:58", "elapsed": 5.010672, "delta": 0.008703}}
{"target": -173.83253270874144, "params": {"gamma": 1.100649748480759, "prior": 9.393319816352417, "rate": 8.476419465684636}, "datetime": {"datetime": "2024-04-08 10:47:58", "elapsed": 5.019719, "delta": 0.009047}}
{"target": -574.1760470331302, "params": {"gamma": 6.590697560999168, "prior": 3.8504285697511453, "rate": 4.16625072341846}, "datetime": {"datetime": "2024-04-08 10:47:58", "elapsed": 5.028544, "delta": 0.008825}}
{"target": -419.8626024048388, "params": {"gamma": 4.822057067652517, "prior": 9.359309323067325, "rate": 8.636065956226108}, "datetime": {"datetime": "2024-04-08 10:47:58", "elapsed": 5.037405, "delta": 0.008861}}
{"target": -457.5675750004563, "params": {"gamma": 4.779760568316378, "prior": 5.589733132953853, "rate": 8.754163218930938}, "datetime": {"datetime": "2024-04-08 10:47:58", "elapsed": 5.046175, "delta": 0.00877}}
{"target": -824.8553659262194, "params": {"gamma": 9.492695073289129, "prior": 6.427929083095635, "rate": 7.485454680577448}, "datetime": {"datetime": "2024-04-08 10:47:58", "elapsed": 5.055209, "delta": 0.009034}}
{"target": -322.2313977632345, "params": {"gamma": 3.516897438698066, "prior": 9.188480358953182, "rate": 8.367683746488458}, "datetime": {"datetime": "2024-04-08 10:47:58", "elapsed": 5.063739, "delta": 0.00853}}
{"target": -478.7774194098473, "params": {"gamma": 5.521006756366404, "prior": 8.68950937519022, "rate": 8.498868942521883}, "datetime": {"datetime": "2024-04-08 10:47:58", "elapsed": 5.072354, "delta": 0.008615}}
{"target": -858.8451659105425, "params": {"gamma": 8.084305154704811, "prior": 1.393858961534142, "rate": 5.3604897456433}, "datetime": {"datetime": "2024-04-08 10:47:58", "elapsed": 5.080924, "delta": 0.00857}}
{"target": -684.4051927693805, "params": {"gamma": 9.007930363954452, "prior": 7.73123512248292, "rate": 4.207711277052893}, "datetime": {"datetime": "2024-04-08 10:47:58", "elapsed": 5.089801, "delta": 0.008877}}
{"target": -864.5982134134994, "params": {"gamma": 9.778826053206298, "prior": 2.5826542510627224, "rate": 3.336768678250129}, "datetime": {"datetime": "2024-04-08 10:47:58", "elapsed": 5.098055, "delta": 0.008254}}
{"target": -822.15978072885, "params": {"gamma": 9.54205087378846, "prior": 8.106281947034368, "rate": 9.003499705102108}, "datetime": {"datetime": "2024-04-08 10:47:58", "elapsed": 5.106598, "delta": 0.008543}}
{"target": -143.81225953775797, "params": {"gamma": 0.11688430450954196, "prior": 3.859667887036548, "rate": 2.355984044142083}, "datetime": {"datetime": "2024-04-08 10:47:58", "elapsed": 5.11536, "delta": 0.008762}}
{"target": -286.5885711384519, "params": {"gamma": 2.9600545838222256, "prior": 7.406155414398024, "rate": 7.241124363795878}, "datetime": {"datetime": "2024-04-08 10:47:58", "elapsed": 5.124128, "delta": 0.008768}}
{"target": -444.3489674175786, "params": {"gamma": 4.618532302580416, "prior": 3.716217165950228, "rate": 5.847331438432254}, "datetime": {"datetime": "2024-04-08 10:47:58", "elapsed": 5.132392, "delta": 0.008264}}
{"target": -474.95197289330076, "params": {"gamma": 5.33754383858813, "prior": 5.550737634177834, "rate": 6.155155234075464}, "datetime": {"datetime": "2024-04-08 10:47:58", "elapsed": 5.140788, "delta": 0.008396}}
{"target": -299.84912970142346, "params": {"gamma": 3.957087074403221, "prior": 7.740012975913038, "rate": 2.512780630310517}, "datetime": {"datetime": "2024-04-08 10:47:58", "elapsed": 5.14957, "delta": 0.008782}}
{"target": -377.26745926302436, "params": {"gamma": 6.557951918265758, "prior": 9.60793176737818, "rate": 0.03654404988379601}, "datetime": {"datetime": "2024-04-08 10:47:58", "elapsed": 5.158383, "delta": 0.008813}}
